<?xml version="1.0" encoding="UTF-8"?>
<testsuite xmlns:xsi="http://www.w3.org/2001/XMLSchema-instance" xsi:noNamespaceSchemaLocation="https://maven.apache.org/surefire/maven-surefire-plugin/xsd/surefire-test-report.xsd" name="org.apache.hadoop.ozone.scm.node.TestDecommissionAndMaintenance" time="461.14" tests="11" errors="0" skipped="0" failures="1">
  <properties>
    <property name="awt.toolkit" value="sun.awt.X11.XToolkit"/>
    <property name="file.encoding.pkg" value="sun.io"/>
    <property name="java.specification.version" value="1.8"/>
    <property name="sun.cpu.isalist" value=""/>
    <property name="sun.jnu.encoding" value="ANSI_X3.4-1968"/>
    <property name="java.class.path" value="/github/workspace/mnt/ozone/hadoop-ozone/integration-test/target/test-classes:/github/workspace/mnt/ozone/hadoop-ozone/integration-test/target/classes:/home/user/.m2/repository/org/apache/hadoop/hadoop-ozone-common/1.1.0-SNAPSHOT/hadoop-ozone-common-1.1.0-SNAPSHOT.jar:/home/user/.m2/repository/org/apache/commons/commons-compress/1.4.1/commons-compress-1.4.1.jar:/home/user/.m2/repository/org/tukaani/xz/1.0/xz-1.0.jar:/home/user/.m2/repository/org/apache/hadoop/hadoop-hdds-common/1.1.0-SNAPSHOT/hadoop-hdds-common-1.1.0-SNAPSHOT.jar:/home/user/.m2/repository/org/apache/hadoop/hadoop-hdds-client/1.1.0-SNAPSHOT/hadoop-hdds-client-1.1.0-SNAPSHOT.jar:/home/user/.m2/repository/org/apache/hadoop/hadoop-ozone-interface-client/1.1.0-SNAPSHOT/hadoop-ozone-interface-client-1.1.0-SNAPSHOT.jar:/home/user/.m2/repository/org/apache/hadoop/hadoop-hdds-test-utils/1.1.0-SNAPSHOT/hadoop-hdds-test-utils-1.1.0-SNAPSHOT.jar:/home/user/.m2/repository/com/google/guava/guava/28.2-jre/guava-28.2-jre.jar:/home/user/.m2/repository/com/google/guava/failureaccess/1.0.1/failureaccess-1.0.1.jar:/home/user/.m2/repository/com/google/guava/listenablefuture/9999.0-empty-to-avoid-conflict-with-guava/listenablefuture-9999.0-empty-to-avoid-conflict-with-guava.jar:/home/user/.m2/repository/com/google/code/findbugs/jsr305/3.0.0/jsr305-3.0.0.jar:/home/user/.m2/repository/org/checkerframework/checker-qual/2.10.0/checker-qual-2.10.0.jar:/home/user/.m2/repository/com/google/errorprone/error_prone_annotations/2.2.0/error_prone_annotations-2.2.0.jar:/home/user/.m2/repository/com/google/j2objc/j2objc-annotations/1.3/j2objc-annotations-1.3.jar:/home/user/.m2/repository/commons-io/commons-io/2.5/commons-io-2.5.jar:/home/user/.m2/repository/commons-logging/commons-logging/1.2/commons-logging-1.2.jar:/home/user/.m2/repository/log4j/log4j/1.2.17/log4j-1.2.17.jar:/home/user/.m2/repository/org/slf4j/slf4j-api/1.7.30/slf4j-api-1.7.30.jar:/home/user/.m2/repository/org/apache/hadoop/hadoop-hdds-server-scm/1.1.0-SNAPSHOT/hadoop-hdds-server-scm-1.1.0-SNAPSHOT.jar:/home/user/.m2/repository/org/apache/hadoop/hadoop-hdds-container-service/1.1.0-SNAPSHOT/hadoop-hdds-container-service-1.1.0-SNAPSHOT.jar:/home/user/.m2/repository/org/apache/hadoop/hadoop-hdds-hadoop-dependency-server/1.1.0-SNAPSHOT/hadoop-hdds-hadoop-dependency-server-1.1.0-SNAPSHOT.jar:/home/user/.m2/repository/org/apache/hadoop/hadoop-hdfs/3.2.1/hadoop-hdfs-3.2.1.jar:/home/user/.m2/repository/org/apache/hadoop/hadoop-hdds-server-framework/1.1.0-SNAPSHOT/hadoop-hdds-server-framework-1.1.0-SNAPSHOT.jar:/home/user/.m2/repository/org/apache/hadoop/hadoop-hdds-interface-server/1.1.0-SNAPSHOT/hadoop-hdds-interface-server-1.1.0-SNAPSHOT.jar:/home/user/.m2/repository/org/apache/hadoop/hadoop-hdds-interface-admin/1.1.0-SNAPSHOT/hadoop-hdds-interface-admin-1.1.0-SNAPSHOT.jar:/home/user/.m2/repository/org/eclipse/jetty/jetty-servlet/9.4.34.v20201102/jetty-servlet-9.4.34.v20201102.jar:/home/user/.m2/repository/org/eclipse/jetty/jetty-security/9.4.34.v20201102/jetty-security-9.4.34.v20201102.jar:/home/user/.m2/repository/org/rocksdb/rocksdbjni/6.8.1/rocksdbjni-6.8.1.jar:/home/user/.m2/repository/io/prometheus/simpleclient_dropwizard/0.7.0/simpleclient_dropwizard-0.7.0.jar:/home/user/.m2/repository/io/prometheus/simpleclient/0.7.0/simpleclient-0.7.0.jar:/home/user/.m2/repository/io/prometheus/simpleclient_common/0.7.0/simpleclient_common-0.7.0.jar:/home/user/.m2/repository/com/fasterxml/jackson/datatype/jackson-datatype-jsr310/2.10.3/jackson-datatype-jsr310-2.10.3.jar:/home/user/.m2/repository/io/dropwizard/metrics/metrics-core/3.2.4/metrics-core-3.2.4.jar:/home/user/.m2/repository/org/apache/hadoop/hadoop-hdfs-client/3.2.1/hadoop-hdfs-client-3.2.1.jar:/home/user/.m2/repository/org/bouncycastle/bcprov-jdk15on/1.67/bcprov-jdk15on-1.67.jar:/home/user/.m2/repository/org/apache/hadoop/hadoop-ozone-ozone-manager/1.1.0-SNAPSHOT/hadoop-ozone-ozone-manager-1.1.0-SNAPSHOT.jar:/home/user/.m2/repository/org/apache/hadoop/hadoop-hdds-interface-client/1.1.0-SNAPSHOT/hadoop-hdds-interface-client-1.1.0-SNAPSHOT.jar:/home/user/.m2/repository/org/apache/ratis/ratis-thirdparty-misc/0.6.0-SNAPSHOT/ratis-thirdparty-misc-0.6.0-SNAPSHOT.jar:/home/user/.m2/repository/org/apache/hadoop/hadoop-ozone-interface-storage/1.1.0-SNAPSHOT/hadoop-ozone-interface-storage-1.1.0-SNAPSHOT.jar:/home/user/.m2/repository/org/apache/hadoop/hadoop-minikdc/3.2.1/hadoop-minikdc-3.2.1.jar:/home/user/.m2/repository/org/apache/kerby/kerb-simplekdc/1.0.1/kerb-simplekdc-1.0.1.jar:/home/user/.m2/repository/org/apache/kerby/kerb-client/1.0.1/kerb-client-1.0.1.jar:/home/user/.m2/repository/org/apache/kerby/kerby-config/1.0.1/kerby-config-1.0.1.jar:/home/user/.m2/repository/org/apache/kerby/kerb-core/1.0.1/kerb-core-1.0.1.jar:/home/user/.m2/repository/org/apache/kerby/kerby-pkix/1.0.1/kerby-pkix-1.0.1.jar:/home/user/.m2/repository/org/apache/kerby/kerby-asn1/1.0.1/kerby-asn1-1.0.1.jar:/home/user/.m2/repository/org/apache/kerby/kerby-util/1.0.1/kerby-util-1.0.1.jar:/home/user/.m2/repository/org/apache/kerby/kerb-common/1.0.1/kerb-common-1.0.1.jar:/home/user/.m2/repository/org/apache/kerby/kerb-crypto/1.0.1/kerb-crypto-1.0.1.jar:/home/user/.m2/repository/org/apache/kerby/kerb-util/1.0.1/kerb-util-1.0.1.jar:/home/user/.m2/repository/org/apache/kerby/token-provider/1.0.1/token-provider-1.0.1.jar:/home/user/.m2/repository/org/apache/kerby/kerb-admin/1.0.1/kerb-admin-1.0.1.jar:/home/user/.m2/repository/org/apache/kerby/kerb-server/1.0.1/kerb-server-1.0.1.jar:/home/user/.m2/repository/org/apache/kerby/kerb-identity/1.0.1/kerb-identity-1.0.1.jar:/home/user/.m2/repository/org/apache/kerby/kerby-xdr/1.0.1/kerby-xdr-1.0.1.jar:/home/user/.m2/repository/org/slf4j/slf4j-log4j12/1.7.30/slf4j-log4j12-1.7.30.jar:/home/user/.m2/repository/org/apache/hadoop/hadoop-ozone-s3gateway/1.1.0-SNAPSHOT/hadoop-ozone-s3gateway-1.1.0-SNAPSHOT.jar:/home/user/.m2/repository/org/jboss/weld/servlet/weld-servlet/2.4.7.Final/weld-servlet-2.4.7.Final.jar:/home/user/.m2/repository/org/glassfish/jersey/containers/jersey-container-servlet-core/2.27/jersey-container-servlet-core-2.27.jar:/home/user/.m2/repository/org/glassfish/hk2/external/javax.inject/2.5.0-b42/javax.inject-2.5.0-b42.jar:/home/user/.m2/repository/org/glassfish/jersey/core/jersey-common/2.27/jersey-common-2.27.jar:/home/user/.m2/repository/org/glassfish/hk2/osgi-resource-locator/1.0.1/osgi-resource-locator-1.0.1.jar:/home/user/.m2/repository/javax/ws/rs/javax.ws.rs-api/2.1/javax.ws.rs-api-2.1.jar:/home/user/.m2/repository/org/glassfish/jersey/ext/cdi/jersey-cdi1x/2.27/jersey-cdi1x-2.27.jar:/home/user/.m2/repository/org/glassfish/jersey/inject/jersey-hk2/2.27/jersey-hk2-2.27.jar:/home/user/.m2/repository/org/glassfish/hk2/hk2-locator/2.5.0-b42/hk2-locator-2.5.0-b42.jar:/home/user/.m2/repository/org/javassist/javassist/3.22.0-CR2/javassist-3.22.0-CR2.jar:/home/user/.m2/repository/org/glassfish/hk2/hk2-api/2.5.0/hk2-api-2.5.0.jar:/home/user/.m2/repository/org/glassfish/hk2/external/jakarta.inject/2.5.0/jakarta.inject-2.5.0.jar:/home/user/.m2/repository/org/glassfish/hk2/hk2-utils/2.5.0/hk2-utils-2.5.0.jar:/home/user/.m2/repository/jakarta/annotation/jakarta.annotation-api/1.3.4/jakarta.annotation-api-1.3.4.jar:/home/user/.m2/repository/org/glassfish/hk2/external/aopalliance-repackaged/2.5.0/aopalliance-repackaged-2.5.0.jar:/home/user/.m2/repository/com/fasterxml/jackson/dataformat/jackson-dataformat-xml/2.10.3/jackson-dataformat-xml-2.10.3.jar:/home/user/.m2/repository/com/fasterxml/jackson/core/jackson-core/2.10.3/jackson-core-2.10.3.jar:/home/user/.m2/repository/com/fasterxml/jackson/module/jackson-module-jaxb-annotations/2.10.3/jackson-module-jaxb-annotations-2.10.3.jar:/home/user/.m2/repository/jakarta/xml/bind/jakarta.xml.bind-api/2.3.2/jakarta.xml.bind-api-2.3.2.jar:/home/user/.m2/repository/jakarta/activation/jakarta.activation-api/1.2.1/jakarta.activation-api-1.2.1.jar:/home/user/.m2/repository/org/codehaus/woodstox/stax2-api/3.1.4/stax2-api-3.1.4.jar:/home/user/.m2/repository/com/fasterxml/woodstox/woodstox-core/5.0.3/woodstox-core-5.0.3.jar:/home/user/.m2/repository/javax/enterprise/cdi-api/1.2/cdi-api-1.2.jar:/home/user/.m2/repository/javax/el/javax.el-api/3.0.0/javax.el-api-3.0.0.jar:/home/user/.m2/repository/javax/interceptor/javax.interceptor-api/1.2/javax.interceptor-api-1.2.jar:/home/user/.m2/repository/javax/inject/javax.inject/1/javax.inject-1.jar:/home/user/.m2/repository/com/sun/xml/bind/jaxb-impl/2.3.0.1/jaxb-impl-2.3.0.1.jar:/home/user/.m2/repository/com/sun/xml/bind/jaxb-core/2.3.0.1/jaxb-core-2.3.0.1.jar:/home/user/.m2/repository/javax/xml/bind/jaxb-api/2.3.0/jaxb-api-2.3.0.jar:/home/user/.m2/repository/javax/activation/activation/1.1.1/activation-1.1.1.jar:/home/user/.m2/repository/org/apache/hadoop/hadoop-ozone-csi/1.1.0-SNAPSHOT/hadoop-ozone-csi-1.1.0-SNAPSHOT.jar:/home/user/.m2/repository/com/google/protobuf/protobuf-java-util/3.11.0/protobuf-java-util-3.11.0.jar:/home/user/.m2/repository/com/google/code/gson/gson/2.2.4/gson-2.2.4.jar:/home/user/.m2/repository/org/apache/hadoop/hadoop-hdds-config/1.1.0-SNAPSHOT/hadoop-hdds-config-1.1.0-SNAPSHOT.jar:/home/user/.m2/repository/com/google/protobuf/protobuf-java/2.5.0/protobuf-java-2.5.0.jar:/home/user/.m2/repository/io/grpc/grpc-netty/1.29.0/grpc-netty-1.29.0.jar:/home/user/.m2/repository/io/grpc/grpc-core/1.29.0/grpc-core-1.29.0.jar:/home/user/.m2/repository/com/google/android/annotations/4.1.1.4/annotations-4.1.1.4.jar:/home/user/.m2/repository/io/perfmark/perfmark-api/0.19.0/perfmark-api-0.19.0.jar:/home/user/.m2/repository/io/netty/netty-codec-http2/4.1.48.Final/netty-codec-http2-4.1.48.Final.jar:/home/user/.m2/repository/io/netty/netty-codec/4.1.48.Final/netty-codec-4.1.48.Final.jar:/home/user/.m2/repository/io/netty/netty-handler/4.1.48.Final/netty-handler-4.1.48.Final.jar:/home/user/.m2/repository/io/netty/netty-codec-http/4.1.48.Final/netty-codec-http-4.1.48.Final.jar:/home/user/.m2/repository/io/netty/netty-handler-proxy/4.1.48.Final/netty-handler-proxy-4.1.48.Final.jar:/home/user/.m2/repository/io/netty/netty-codec-socks/4.1.48.Final/netty-codec-socks-4.1.48.Final.jar:/home/user/.m2/repository/io/netty/netty-transport-native-epoll/4.1.48.Final/netty-transport-native-epoll-4.1.48.Final.jar:/home/user/.m2/repository/io/netty/netty-common/4.1.48.Final/netty-common-4.1.48.Final.jar:/home/user/.m2/repository/io/netty/netty-buffer/4.1.48.Final/netty-buffer-4.1.48.Final.jar:/home/user/.m2/repository/io/netty/netty-transport/4.1.48.Final/netty-transport-4.1.48.Final.jar:/home/user/.m2/repository/io/netty/netty-resolver/4.1.48.Final/netty-resolver-4.1.48.Final.jar:/home/user/.m2/repository/io/netty/netty-transport-native-unix-common/4.1.48.Final/netty-transport-native-unix-common-4.1.48.Final.jar:/home/user/.m2/repository/io/grpc/grpc-protobuf/1.29.0/grpc-protobuf-1.29.0.jar:/home/user/.m2/repository/io/grpc/grpc-api/1.29.0/grpc-api-1.29.0.jar:/home/user/.m2/repository/io/grpc/grpc-context/1.29.0/grpc-context-1.29.0.jar:/home/user/.m2/repository/org/codehaus/mojo/animal-sniffer-annotations/1.18/animal-sniffer-annotations-1.18.jar:/home/user/.m2/repository/com/google/api/grpc/proto-google-common-protos/1.17.0/proto-google-common-protos-1.17.0.jar:/home/user/.m2/repository/io/grpc/grpc-protobuf-lite/1.29.0/grpc-protobuf-lite-1.29.0.jar:/home/user/.m2/repository/io/grpc/grpc-stub/1.29.0/grpc-stub-1.29.0.jar:/home/user/.m2/repository/org/apache/hadoop/hadoop-ozone-recon/1.1.0-SNAPSHOT/hadoop-ozone-recon-1.1.0-SNAPSHOT.jar:/home/user/.m2/repository/org/apache/hadoop/hadoop-ozone-reconcodegen/1.1.0-SNAPSHOT/hadoop-ozone-reconcodegen-1.1.0-SNAPSHOT.jar:/home/user/.m2/repository/com/google/inject/extensions/guice-multibindings/4.0/guice-multibindings-4.0.jar:/home/user/.m2/repository/com/google/inject/guice/4.0/guice-4.0.jar:/home/user/.m2/repository/aopalliance/aopalliance/1.0/aopalliance-1.0.jar:/home/user/.m2/repository/com/google/inject/extensions/guice-assistedinject/4.0/guice-assistedinject-4.0.jar:/home/user/.m2/repository/com/google/inject/extensions/guice-servlet/4.0/guice-servlet-4.0.jar:/home/user/.m2/repository/org/glassfish/jersey/containers/jersey-container-servlet/2.27/jersey-container-servlet-2.27.jar:/home/user/.m2/repository/org/glassfish/hk2/guice-bridge/2.5.0/guice-bridge-2.5.0.jar:/home/user/.m2/repository/org/glassfish/jersey/core/jersey-server/2.27/jersey-server-2.27.jar:/home/user/.m2/repository/org/glassfish/jersey/core/jersey-client/2.27/jersey-client-2.27.jar:/home/user/.m2/repository/org/glassfish/jersey/media/jersey-media-jaxb/2.27/jersey-media-jaxb-2.27.jar:/home/user/.m2/repository/javax/validation/validation-api/1.1.0.Final/validation-api-1.1.0.Final.jar:/home/user/.m2/repository/org/glassfish/jersey/media/jersey-media-json-jackson/2.27/jersey-media-json-jackson-2.27.jar:/home/user/.m2/repository/org/glassfish/jersey/ext/jersey-entity-filtering/2.27/jersey-entity-filtering-2.27.jar:/home/user/.m2/repository/org/jooq/jooq/3.11.10/jooq-3.11.10.jar:/home/user/.m2/repository/org/jooq/jooq-meta/3.11.10/jooq-meta-3.11.10.jar:/home/user/.m2/repository/org/jooq/jooq-codegen/3.11.10/jooq-codegen-3.11.10.jar:/home/user/.m2/repository/com/jolbox/bonecp/0.8.0.RELEASE/bonecp-0.8.0.RELEASE.jar:/home/user/.m2/repository/org/apache/derby/derby/10.14.2.0/derby-10.14.2.0.jar:/home/user/.m2/repository/org/xerial/sqlite-jdbc/3.25.2/sqlite-jdbc-3.25.2.jar:/home/user/.m2/repository/org/springframework/spring-jdbc/5.2.11.RELEASE/spring-jdbc-5.2.11.RELEASE.jar:/home/user/.m2/repository/org/springframework/spring-beans/5.2.11.RELEASE/spring-beans-5.2.11.RELEASE.jar:/home/user/.m2/repository/org/springframework/spring-core/5.2.11.RELEASE/spring-core-5.2.11.RELEASE.jar:/home/user/.m2/repository/org/springframework/spring-jcl/5.2.11.RELEASE/spring-jcl-5.2.11.RELEASE.jar:/home/user/.m2/repository/org/springframework/spring-tx/5.2.11.RELEASE/spring-tx-5.2.11.RELEASE.jar:/home/user/.m2/repository/org/apache/hadoop/hadoop-ozone-client/1.1.0-SNAPSHOT/hadoop-ozone-client-1.1.0-SNAPSHOT.jar:/home/user/.m2/repository/org/apache/hadoop/hadoop-ozone-filesystem/1.1.0-SNAPSHOT/hadoop-ozone-filesystem-1.1.0-SNAPSHOT.jar:/home/user/.m2/repository/org/apache/hadoop/hadoop-ozone-filesystem-common/1.1.0-SNAPSHOT/hadoop-ozone-filesystem-common-1.1.0-SNAPSHOT.jar:/home/user/.m2/repository/org/apache/hadoop/hadoop-ozone-tools/1.1.0-SNAPSHOT/hadoop-ozone-tools-1.1.0-SNAPSHOT.jar:/home/user/.m2/repository/org/apache/ratis/ratis-tools/1.1.0-c5eafb9-SNAPSHOT/ratis-tools-1.1.0-c5eafb9-SNAPSHOT.jar:/home/user/.m2/repository/org/apache/ratis/ratis-proto/1.1.0-c5eafb9-SNAPSHOT/ratis-proto-1.1.0-c5eafb9-SNAPSHOT.jar:/home/user/.m2/repository/org/apache/ratis/ratis-common/1.1.0-c5eafb9-SNAPSHOT/ratis-common-1.1.0-c5eafb9-SNAPSHOT.jar:/home/user/.m2/repository/com/amazonaws/aws-java-sdk-core/1.11.901/aws-java-sdk-core-1.11.901.jar:/home/user/.m2/repository/org/apache/httpcomponents/httpclient/4.5.13/httpclient-4.5.13.jar:/home/user/.m2/repository/org/apache/httpcomponents/httpcore/4.4.13/httpcore-4.4.13.jar:/home/user/.m2/repository/software/amazon/ion/ion-java/1.0.2/ion-java-1.0.2.jar:/home/user/.m2/repository/com/fasterxml/jackson/dataformat/jackson-dataformat-cbor/2.10.3/jackson-dataformat-cbor-2.10.3.jar:/home/user/.m2/repository/joda-time/joda-time/2.8.1/joda-time-2.8.1.jar:/home/user/.m2/repository/com/amazonaws/aws-java-sdk-s3/1.11.901/aws-java-sdk-s3-1.11.901.jar:/home/user/.m2/repository/com/amazonaws/aws-java-sdk-kms/1.11.901/aws-java-sdk-kms-1.11.901.jar:/home/user/.m2/repository/com/amazonaws/jmespath-java/1.11.901/jmespath-java-1.11.901.jar:/home/user/.m2/repository/org/kohsuke/metainf-services/metainf-services/1.8/metainf-services-1.8.jar:/home/user/.m2/repository/org/apache/hadoop/hadoop-hdds-tools/1.1.0-SNAPSHOT/hadoop-hdds-tools-1.1.0-SNAPSHOT.jar:/home/user/.m2/repository/commons-cli/commons-cli/1.2/commons-cli-1.2.jar:/home/user/.m2/repository/org/apache/commons/commons-lang3/3.7/commons-lang3-3.7.jar:/home/user/.m2/repository/org/apache/hadoop/hadoop-ozone-ozone-manager/1.1.0-SNAPSHOT/hadoop-ozone-ozone-manager-1.1.0-SNAPSHOT-tests.jar:/home/user/.m2/repository/org/apache/hadoop/hadoop-hdds-common/1.1.0-SNAPSHOT/hadoop-hdds-common-1.1.0-SNAPSHOT-tests.jar:/home/user/.m2/repository/org/apache/hadoop/hadoop-hdds-hadoop-dependency-client/1.1.0-SNAPSHOT/hadoop-hdds-hadoop-dependency-client-1.1.0-SNAPSHOT.jar:/home/user/.m2/repository/info/picocli/picocli/4.4.0/picocli-4.4.0.jar:/home/user/.m2/repository/com/fasterxml/jackson/core/jackson-annotations/2.10.3/jackson-annotations-2.10.3.jar:/home/user/.m2/repository/javax/annotation/javax.annotation-api/1.2/javax.annotation-api-1.2.jar:/home/user/.m2/repository/org/fusesource/leveldbjni/leveldbjni-all/1.8/leveldbjni-all-1.8.jar:/home/user/.m2/repository/org/apache/ratis/ratis-server/1.1.0-c5eafb9-SNAPSHOT/ratis-server-1.1.0-c5eafb9-SNAPSHOT.jar:/home/user/.m2/repository/org/apache/ratis/ratis-client/1.1.0-c5eafb9-SNAPSHOT/ratis-client-1.1.0-c5eafb9-SNAPSHOT.jar:/home/user/.m2/repository/org/apache/ratis/ratis-metrics/1.1.0-c5eafb9-SNAPSHOT/ratis-metrics-1.1.0-c5eafb9-SNAPSHOT.jar:/home/user/.m2/repository/org/apache/ratis/ratis-netty/1.1.0-c5eafb9-SNAPSHOT/ratis-netty-1.1.0-c5eafb9-SNAPSHOT.jar:/home/user/.m2/repository/org/apache/ratis/ratis-grpc/1.1.0-c5eafb9-SNAPSHOT/ratis-grpc-1.1.0-c5eafb9-SNAPSHOT.jar:/home/user/.m2/repository/org/apache/logging/log4j/log4j-api/2.13.3/log4j-api-2.13.3.jar:/home/user/.m2/repository/org/apache/logging/log4j/log4j-core/2.13.3/log4j-core-2.13.3.jar:/home/user/.m2/repository/com/lmax/disruptor/3.4.2/disruptor-3.4.2.jar:/home/user/.m2/repository/org/apache/commons/commons-pool2/2.6.0/commons-pool2-2.6.0.jar:/home/user/.m2/repository/org/bouncycastle/bcpkix-jdk15on/1.67/bcpkix-jdk15on-1.67.jar:/home/user/.m2/repository/commons-validator/commons-validator/1.6/commons-validator-1.6.jar:/home/user/.m2/repository/commons-beanutils/commons-beanutils/1.9.4/commons-beanutils-1.9.4.jar:/home/user/.m2/repository/commons-digester/commons-digester/1.8.1/commons-digester-1.8.1.jar:/home/user/.m2/repository/commons-collections/commons-collections/3.2.2/commons-collections-3.2.2.jar:/home/user/.m2/repository/io/jaegertracing/jaeger-client/1.2.0/jaeger-client-1.2.0.jar:/home/user/.m2/repository/io/jaegertracing/jaeger-thrift/1.2.0/jaeger-thrift-1.2.0.jar:/home/user/.m2/repository/org/apache/thrift/libthrift/0.13.0/libthrift-0.13.0.jar:/home/user/.m2/repository/com/squareup/okhttp3/okhttp/4.2.2/okhttp-4.2.2.jar:/home/user/.m2/repository/com/squareup/okio/okio/2.2.2/okio-2.2.2.jar:/home/user/.m2/repository/org/jetbrains/kotlin/kotlin-stdlib/1.3.50/kotlin-stdlib-1.3.50.jar:/home/user/.m2/repository/org/jetbrains/kotlin/kotlin-stdlib-common/1.3.50/kotlin-stdlib-common-1.3.50.jar:/home/user/.m2/repository/org/jetbrains/annotations/13.0/annotations-13.0.jar:/home/user/.m2/repository/io/jaegertracing/jaeger-core/1.2.0/jaeger-core-1.2.0.jar:/home/user/.m2/repository/io/jaegertracing/jaeger-tracerresolver/1.2.0/jaeger-tracerresolver-1.2.0.jar:/home/user/.m2/repository/io/opentracing/contrib/opentracing-tracerresolver/0.1.8/opentracing-tracerresolver-0.1.8.jar:/home/user/.m2/repository/io/opentracing/opentracing-util/0.33.0/opentracing-util-0.33.0.jar:/home/user/.m2/repository/io/opentracing/opentracing-api/0.33.0/opentracing-api-0.33.0.jar:/home/user/.m2/repository/io/opentracing/opentracing-noop/0.33.0/opentracing-noop-0.33.0.jar:/home/user/.m2/repository/org/yaml/snakeyaml/1.26/snakeyaml-1.26.jar:/home/user/.m2/repository/junit/junit/4.11/junit-4.11.jar:/home/user/.m2/repository/org/hamcrest/hamcrest-core/1.3/hamcrest-core-1.3.jar:/home/user/.m2/repository/org/openjdk/jmh/jmh-core/1.19/jmh-core-1.19.jar:/home/user/.m2/repository/net/sf/jopt-simple/jopt-simple/4.6/jopt-simple-4.6.jar:/home/user/.m2/repository/org/apache/commons/commons-math3/3.1.1/commons-math3-3.1.1.jar:/home/user/.m2/repository/org/openjdk/jmh/jmh-generator-annprocess/1.19/jmh-generator-annprocess-1.19.jar:/home/user/.m2/repository/org/mockito/mockito-all/1.8.5/mockito-all-1.8.5.jar:/home/user/.m2/repository/org/apache/hadoop/hadoop-kms/3.2.1/hadoop-kms-3.2.1.jar:/home/user/.m2/repository/org/apache/hadoop/hadoop-auth/3.2.1/hadoop-auth-3.2.1.jar:/home/user/.m2/repository/com/nimbusds/nimbus-jose-jwt/7.9/nimbus-jose-jwt-7.9.jar:/home/user/.m2/repository/com/github/stephenc/jcip/jcip-annotations/1.0-1/jcip-annotations-1.0-1.jar:/home/user/.m2/repository/net/minidev/json-smart/2.3/json-smart-2.3.jar:/home/user/.m2/repository/net/minidev/accessors-smart/1.2/accessors-smart-1.2.jar:/home/user/.m2/repository/org/ow2/asm/asm/5.0.4/asm-5.0.4.jar:/home/user/.m2/repository/org/apache/zookeeper/zookeeper/3.4.13/zookeeper-3.4.13.jar:/home/user/.m2/repository/org/apache/yetus/audience-annotations/0.5.0/audience-annotations-0.5.0.jar:/home/user/.m2/repository/org/apache/curator/curator-framework/2.13.0/curator-framework-2.13.0.jar:/home/user/.m2/repository/com/sun/jersey/jersey-core/1.19/jersey-core-1.19.jar:/home/user/.m2/repository/javax/ws/rs/jsr311-api/1.1.1/jsr311-api-1.1.1.jar:/home/user/.m2/repository/com/sun/jersey/jersey-server/1.19/jersey-server-1.19.jar:/home/user/.m2/repository/javax/servlet/javax.servlet-api/3.1.0/javax.servlet-api-3.1.0.jar:/home/user/.m2/repository/org/eclipse/jetty/jetty-server/9.4.34.v20201102/jetty-server-9.4.34.v20201102.jar:/home/user/.m2/repository/org/eclipse/jetty/jetty-http/9.4.34.v20201102/jetty-http-9.4.34.v20201102.jar:/home/user/.m2/repository/org/eclipse/jetty/jetty-io/9.4.34.v20201102/jetty-io-9.4.34.v20201102.jar:/home/user/.m2/repository/org/eclipse/jetty/jetty-webapp/9.4.34.v20201102/jetty-webapp-9.4.34.v20201102.jar:/home/user/.m2/repository/org/eclipse/jetty/jetty-xml/9.4.34.v20201102/jetty-xml-9.4.34.v20201102.jar:/home/user/.m2/repository/org/apache/hadoop/hadoop-common/3.2.1/hadoop-common-3.2.1.jar:/home/user/.m2/repository/commons-net/commons-net/3.6/commons-net-3.6.jar:/home/user/.m2/repository/com/sun/jersey/jersey-servlet/1.19/jersey-servlet-1.19.jar:/home/user/.m2/repository/com/sun/jersey/jersey-json/1.19/jersey-json-1.19.jar:/home/user/.m2/repository/org/codehaus/jettison/jettison/1.1/jettison-1.1.jar:/home/user/.m2/repository/org/codehaus/jackson/jackson-jaxrs/1.9.2/jackson-jaxrs-1.9.2.jar:/home/user/.m2/repository/org/codehaus/jackson/jackson-xc/1.9.2/jackson-xc-1.9.2.jar:/home/user/.m2/repository/org/apache/commons/commons-configuration2/2.1.1/commons-configuration2-2.1.1.jar:/home/user/.m2/repository/org/apache/commons/commons-text/1.4/commons-text-1.4.jar:/home/user/.m2/repository/com/google/re2j/re2j/1.1/re2j-1.1.jar:/home/user/.m2/repository/com/jcraft/jsch/0.1.54/jsch-0.1.54.jar:/home/user/.m2/repository/org/apache/curator/curator-client/2.13.0/curator-client-2.13.0.jar:/home/user/.m2/repository/org/apache/curator/curator-recipes/2.13.0/curator-recipes-2.13.0.jar:/home/user/.m2/repository/dnsjava/dnsjava/2.1.7/dnsjava-2.1.7.jar:/home/user/.m2/repository/org/slf4j/jul-to-slf4j/1.7.30/jul-to-slf4j-1.7.30.jar:/home/user/.m2/repository/org/eclipse/jetty/jetty-util/9.4.34.v20201102/jetty-util-9.4.34.v20201102.jar:/home/user/.m2/repository/com/fasterxml/jackson/core/jackson-databind/2.10.3/jackson-databind-2.10.3.jar:/home/user/.m2/repository/org/apache/hadoop/hadoop-kms/3.2.1/hadoop-kms-3.2.1-tests.jar:/home/user/.m2/repository/org/apache/hadoop/hadoop-hdds-server-scm/1.1.0-SNAPSHOT/hadoop-hdds-server-scm-1.1.0-SNAPSHOT-tests.jar:/home/user/.m2/repository/org/apache/hadoop/hadoop-hdds-container-service/1.1.0-SNAPSHOT/hadoop-hdds-container-service-1.1.0-SNAPSHOT-tests.jar:/home/user/.m2/repository/commons-codec/commons-codec/1.11/commons-codec-1.11.jar:/home/user/.m2/repository/org/apache/hadoop/hadoop-hdds-hadoop-dependency-test/1.1.0-SNAPSHOT/hadoop-hdds-hadoop-dependency-test-1.1.0-SNAPSHOT.jar:/home/user/.m2/repository/org/apache/hadoop/hadoop-common/3.2.1/hadoop-common-3.2.1-tests.jar:/home/user/.m2/repository/org/apache/hadoop/hadoop-hdfs/3.2.1/hadoop-hdfs-3.2.1-tests.jar:/home/user/.m2/repository/org/eclipse/jetty/jetty-util-ajax/9.4.34.v20201102/jetty-util-ajax-9.4.34.v20201102.jar:/home/user/.m2/repository/commons-daemon/commons-daemon/1.0.13/commons-daemon-1.0.13.jar:/home/user/.m2/repository/io/netty/netty/3.10.5.Final/netty-3.10.5.Final.jar:/home/user/.m2/repository/io/netty/netty-all/4.1.48.Final/netty-all-4.1.48.Final.jar:/home/user/.m2/repository/org/apache/htrace/htrace-core4/4.1.0-incubating/htrace-core4-4.1.0-incubating.jar:/home/user/.m2/repository/org/apache/hadoop/hadoop-distcp/3.2.1/hadoop-distcp-3.2.1.jar:/home/user/.m2/repository/org/apache/hadoop/hadoop-mapreduce-client-jobclient/3.2.1/hadoop-mapreduce-client-jobclient-3.2.1.jar:/home/user/.m2/repository/org/apache/hadoop/hadoop-mapreduce-client-common/3.2.1/hadoop-mapreduce-client-common-3.2.1.jar:/home/user/.m2/repository/org/apache/hadoop/hadoop-yarn-common/3.2.1/hadoop-yarn-common-3.2.1.jar:/home/user/.m2/repository/org/apache/hadoop/hadoop-yarn-api/3.2.1/hadoop-yarn-api-3.2.1.jar:/home/user/.m2/repository/com/sun/jersey/jersey-client/1.19/jersey-client-1.19.jar:/home/user/.m2/repository/com/sun/jersey/contribs/jersey-guice/1.19/jersey-guice-1.19.jar:/home/user/.m2/repository/com/fasterxml/jackson/jaxrs/jackson-jaxrs-json-provider/2.10.3/jackson-jaxrs-json-provider-2.10.3.jar:/home/user/.m2/repository/com/fasterxml/jackson/jaxrs/jackson-jaxrs-base/2.10.3/jackson-jaxrs-base-2.10.3.jar:/home/user/.m2/repository/org/apache/hadoop/hadoop-yarn-client/3.2.1/hadoop-yarn-client-3.2.1.jar:/home/user/.m2/repository/org/apache/hadoop/hadoop-mapreduce-client-core/3.2.1/hadoop-mapreduce-client-core-3.2.1.jar:/home/user/.m2/repository/org/apache/avro/avro/1.7.7/avro-1.7.7.jar:/home/user/.m2/repository/org/codehaus/jackson/jackson-core-asl/1.9.13/jackson-core-asl-1.9.13.jar:/home/user/.m2/repository/org/codehaus/jackson/jackson-mapper-asl/1.9.13/jackson-mapper-asl-1.9.13.jar:/home/user/.m2/repository/com/thoughtworks/paranamer/paranamer/2.3/paranamer-2.3.jar:/home/user/.m2/repository/org/xerial/snappy/snappy-java/1.0.5/snappy-java-1.0.5.jar:/home/user/.m2/repository/org/apache/hadoop/hadoop-annotations/3.2.1/hadoop-annotations-3.2.1.jar:/usr/lib/jvm/java-1.8.0-openjdk-1.8.0.232.b09-0.el7_7.x86_64/jre/../lib/tools.jar:/home/user/.m2/repository/org/apache/hadoop/hadoop-distcp/3.2.1/hadoop-distcp-3.2.1-tests.jar:"/>
    <property name="java.vm.vendor" value="Oracle Corporation"/>
    <property name="sun.arch.data.model" value="64"/>
    <property name="test.build.dir" value="/github/workspace/mnt/ozone/hadoop-ozone/integration-test/target/test-dir"/>
    <property name="test.cache.data" value=""/>
    <property name="java.vendor.url" value="http://java.oracle.com/"/>
    <property name="user.timezone" value=""/>
    <property name="java.vm.specification.version" value="1.8"/>
    <property name="os.name" value="Linux"/>
    <property name="test.build.data" value="/github/workspace/mnt/ozone/hadoop-ozone/integration-test/target/test-dir"/>
    <property name="user.country" value="US"/>
    <property name="sun.java.launcher" value="SUN_STANDARD"/>
    <property name="sun.boot.library.path" value="/usr/lib/jvm/java-1.8.0-openjdk-1.8.0.232.b09-0.el7_7.x86_64/jre/lib/amd64"/>
    <property name="sun.java.command" value="/github/workspace/mnt/ozone/hadoop-ozone/integration-test/target/surefire/surefirebooter6017831271624234598.jar /github/workspace/mnt/ozone/hadoop-ozone/integration-test/target/surefire 2021-01-06T15-48-41_725-jvmRun1 surefire5192636037515777412tmp surefire_704147615375816586751tmp"/>
    <property name="surefire.test.class.path" value="/github/workspace/mnt/ozone/hadoop-ozone/integration-test/target/test-classes:/github/workspace/mnt/ozone/hadoop-ozone/integration-test/target/classes:/home/user/.m2/repository/org/apache/hadoop/hadoop-ozone-common/1.1.0-SNAPSHOT/hadoop-ozone-common-1.1.0-SNAPSHOT.jar:/home/user/.m2/repository/org/apache/commons/commons-compress/1.4.1/commons-compress-1.4.1.jar:/home/user/.m2/repository/org/tukaani/xz/1.0/xz-1.0.jar:/home/user/.m2/repository/org/apache/hadoop/hadoop-hdds-common/1.1.0-SNAPSHOT/hadoop-hdds-common-1.1.0-SNAPSHOT.jar:/home/user/.m2/repository/org/apache/hadoop/hadoop-hdds-client/1.1.0-SNAPSHOT/hadoop-hdds-client-1.1.0-SNAPSHOT.jar:/home/user/.m2/repository/org/apache/hadoop/hadoop-ozone-interface-client/1.1.0-SNAPSHOT/hadoop-ozone-interface-client-1.1.0-SNAPSHOT.jar:/home/user/.m2/repository/org/apache/hadoop/hadoop-hdds-test-utils/1.1.0-SNAPSHOT/hadoop-hdds-test-utils-1.1.0-SNAPSHOT.jar:/home/user/.m2/repository/com/google/guava/guava/28.2-jre/guava-28.2-jre.jar:/home/user/.m2/repository/com/google/guava/failureaccess/1.0.1/failureaccess-1.0.1.jar:/home/user/.m2/repository/com/google/guava/listenablefuture/9999.0-empty-to-avoid-conflict-with-guava/listenablefuture-9999.0-empty-to-avoid-conflict-with-guava.jar:/home/user/.m2/repository/com/google/code/findbugs/jsr305/3.0.0/jsr305-3.0.0.jar:/home/user/.m2/repository/org/checkerframework/checker-qual/2.10.0/checker-qual-2.10.0.jar:/home/user/.m2/repository/com/google/errorprone/error_prone_annotations/2.2.0/error_prone_annotations-2.2.0.jar:/home/user/.m2/repository/com/google/j2objc/j2objc-annotations/1.3/j2objc-annotations-1.3.jar:/home/user/.m2/repository/commons-io/commons-io/2.5/commons-io-2.5.jar:/home/user/.m2/repository/commons-logging/commons-logging/1.2/commons-logging-1.2.jar:/home/user/.m2/repository/log4j/log4j/1.2.17/log4j-1.2.17.jar:/home/user/.m2/repository/org/slf4j/slf4j-api/1.7.30/slf4j-api-1.7.30.jar:/home/user/.m2/repository/org/apache/hadoop/hadoop-hdds-server-scm/1.1.0-SNAPSHOT/hadoop-hdds-server-scm-1.1.0-SNAPSHOT.jar:/home/user/.m2/repository/org/apache/hadoop/hadoop-hdds-container-service/1.1.0-SNAPSHOT/hadoop-hdds-container-service-1.1.0-SNAPSHOT.jar:/home/user/.m2/repository/org/apache/hadoop/hadoop-hdds-hadoop-dependency-server/1.1.0-SNAPSHOT/hadoop-hdds-hadoop-dependency-server-1.1.0-SNAPSHOT.jar:/home/user/.m2/repository/org/apache/hadoop/hadoop-hdfs/3.2.1/hadoop-hdfs-3.2.1.jar:/home/user/.m2/repository/org/apache/hadoop/hadoop-hdds-server-framework/1.1.0-SNAPSHOT/hadoop-hdds-server-framework-1.1.0-SNAPSHOT.jar:/home/user/.m2/repository/org/apache/hadoop/hadoop-hdds-interface-server/1.1.0-SNAPSHOT/hadoop-hdds-interface-server-1.1.0-SNAPSHOT.jar:/home/user/.m2/repository/org/apache/hadoop/hadoop-hdds-interface-admin/1.1.0-SNAPSHOT/hadoop-hdds-interface-admin-1.1.0-SNAPSHOT.jar:/home/user/.m2/repository/org/eclipse/jetty/jetty-servlet/9.4.34.v20201102/jetty-servlet-9.4.34.v20201102.jar:/home/user/.m2/repository/org/eclipse/jetty/jetty-security/9.4.34.v20201102/jetty-security-9.4.34.v20201102.jar:/home/user/.m2/repository/org/rocksdb/rocksdbjni/6.8.1/rocksdbjni-6.8.1.jar:/home/user/.m2/repository/io/prometheus/simpleclient_dropwizard/0.7.0/simpleclient_dropwizard-0.7.0.jar:/home/user/.m2/repository/io/prometheus/simpleclient/0.7.0/simpleclient-0.7.0.jar:/home/user/.m2/repository/io/prometheus/simpleclient_common/0.7.0/simpleclient_common-0.7.0.jar:/home/user/.m2/repository/com/fasterxml/jackson/datatype/jackson-datatype-jsr310/2.10.3/jackson-datatype-jsr310-2.10.3.jar:/home/user/.m2/repository/io/dropwizard/metrics/metrics-core/3.2.4/metrics-core-3.2.4.jar:/home/user/.m2/repository/org/apache/hadoop/hadoop-hdfs-client/3.2.1/hadoop-hdfs-client-3.2.1.jar:/home/user/.m2/repository/org/bouncycastle/bcprov-jdk15on/1.67/bcprov-jdk15on-1.67.jar:/home/user/.m2/repository/org/apache/hadoop/hadoop-ozone-ozone-manager/1.1.0-SNAPSHOT/hadoop-ozone-ozone-manager-1.1.0-SNAPSHOT.jar:/home/user/.m2/repository/org/apache/hadoop/hadoop-hdds-interface-client/1.1.0-SNAPSHOT/hadoop-hdds-interface-client-1.1.0-SNAPSHOT.jar:/home/user/.m2/repository/org/apache/ratis/ratis-thirdparty-misc/0.6.0-SNAPSHOT/ratis-thirdparty-misc-0.6.0-SNAPSHOT.jar:/home/user/.m2/repository/org/apache/hadoop/hadoop-ozone-interface-storage/1.1.0-SNAPSHOT/hadoop-ozone-interface-storage-1.1.0-SNAPSHOT.jar:/home/user/.m2/repository/org/apache/hadoop/hadoop-minikdc/3.2.1/hadoop-minikdc-3.2.1.jar:/home/user/.m2/repository/org/apache/kerby/kerb-simplekdc/1.0.1/kerb-simplekdc-1.0.1.jar:/home/user/.m2/repository/org/apache/kerby/kerb-client/1.0.1/kerb-client-1.0.1.jar:/home/user/.m2/repository/org/apache/kerby/kerby-config/1.0.1/kerby-config-1.0.1.jar:/home/user/.m2/repository/org/apache/kerby/kerb-core/1.0.1/kerb-core-1.0.1.jar:/home/user/.m2/repository/org/apache/kerby/kerby-pkix/1.0.1/kerby-pkix-1.0.1.jar:/home/user/.m2/repository/org/apache/kerby/kerby-asn1/1.0.1/kerby-asn1-1.0.1.jar:/home/user/.m2/repository/org/apache/kerby/kerby-util/1.0.1/kerby-util-1.0.1.jar:/home/user/.m2/repository/org/apache/kerby/kerb-common/1.0.1/kerb-common-1.0.1.jar:/home/user/.m2/repository/org/apache/kerby/kerb-crypto/1.0.1/kerb-crypto-1.0.1.jar:/home/user/.m2/repository/org/apache/kerby/kerb-util/1.0.1/kerb-util-1.0.1.jar:/home/user/.m2/repository/org/apache/kerby/token-provider/1.0.1/token-provider-1.0.1.jar:/home/user/.m2/repository/org/apache/kerby/kerb-admin/1.0.1/kerb-admin-1.0.1.jar:/home/user/.m2/repository/org/apache/kerby/kerb-server/1.0.1/kerb-server-1.0.1.jar:/home/user/.m2/repository/org/apache/kerby/kerb-identity/1.0.1/kerb-identity-1.0.1.jar:/home/user/.m2/repository/org/apache/kerby/kerby-xdr/1.0.1/kerby-xdr-1.0.1.jar:/home/user/.m2/repository/org/slf4j/slf4j-log4j12/1.7.30/slf4j-log4j12-1.7.30.jar:/home/user/.m2/repository/org/apache/hadoop/hadoop-ozone-s3gateway/1.1.0-SNAPSHOT/hadoop-ozone-s3gateway-1.1.0-SNAPSHOT.jar:/home/user/.m2/repository/org/jboss/weld/servlet/weld-servlet/2.4.7.Final/weld-servlet-2.4.7.Final.jar:/home/user/.m2/repository/org/glassfish/jersey/containers/jersey-container-servlet-core/2.27/jersey-container-servlet-core-2.27.jar:/home/user/.m2/repository/org/glassfish/hk2/external/javax.inject/2.5.0-b42/javax.inject-2.5.0-b42.jar:/home/user/.m2/repository/org/glassfish/jersey/core/jersey-common/2.27/jersey-common-2.27.jar:/home/user/.m2/repository/org/glassfish/hk2/osgi-resource-locator/1.0.1/osgi-resource-locator-1.0.1.jar:/home/user/.m2/repository/javax/ws/rs/javax.ws.rs-api/2.1/javax.ws.rs-api-2.1.jar:/home/user/.m2/repository/org/glassfish/jersey/ext/cdi/jersey-cdi1x/2.27/jersey-cdi1x-2.27.jar:/home/user/.m2/repository/org/glassfish/jersey/inject/jersey-hk2/2.27/jersey-hk2-2.27.jar:/home/user/.m2/repository/org/glassfish/hk2/hk2-locator/2.5.0-b42/hk2-locator-2.5.0-b42.jar:/home/user/.m2/repository/org/javassist/javassist/3.22.0-CR2/javassist-3.22.0-CR2.jar:/home/user/.m2/repository/org/glassfish/hk2/hk2-api/2.5.0/hk2-api-2.5.0.jar:/home/user/.m2/repository/org/glassfish/hk2/external/jakarta.inject/2.5.0/jakarta.inject-2.5.0.jar:/home/user/.m2/repository/org/glassfish/hk2/hk2-utils/2.5.0/hk2-utils-2.5.0.jar:/home/user/.m2/repository/jakarta/annotation/jakarta.annotation-api/1.3.4/jakarta.annotation-api-1.3.4.jar:/home/user/.m2/repository/org/glassfish/hk2/external/aopalliance-repackaged/2.5.0/aopalliance-repackaged-2.5.0.jar:/home/user/.m2/repository/com/fasterxml/jackson/dataformat/jackson-dataformat-xml/2.10.3/jackson-dataformat-xml-2.10.3.jar:/home/user/.m2/repository/com/fasterxml/jackson/core/jackson-core/2.10.3/jackson-core-2.10.3.jar:/home/user/.m2/repository/com/fasterxml/jackson/module/jackson-module-jaxb-annotations/2.10.3/jackson-module-jaxb-annotations-2.10.3.jar:/home/user/.m2/repository/jakarta/xml/bind/jakarta.xml.bind-api/2.3.2/jakarta.xml.bind-api-2.3.2.jar:/home/user/.m2/repository/jakarta/activation/jakarta.activation-api/1.2.1/jakarta.activation-api-1.2.1.jar:/home/user/.m2/repository/org/codehaus/woodstox/stax2-api/3.1.4/stax2-api-3.1.4.jar:/home/user/.m2/repository/com/fasterxml/woodstox/woodstox-core/5.0.3/woodstox-core-5.0.3.jar:/home/user/.m2/repository/javax/enterprise/cdi-api/1.2/cdi-api-1.2.jar:/home/user/.m2/repository/javax/el/javax.el-api/3.0.0/javax.el-api-3.0.0.jar:/home/user/.m2/repository/javax/interceptor/javax.interceptor-api/1.2/javax.interceptor-api-1.2.jar:/home/user/.m2/repository/javax/inject/javax.inject/1/javax.inject-1.jar:/home/user/.m2/repository/com/sun/xml/bind/jaxb-impl/2.3.0.1/jaxb-impl-2.3.0.1.jar:/home/user/.m2/repository/com/sun/xml/bind/jaxb-core/2.3.0.1/jaxb-core-2.3.0.1.jar:/home/user/.m2/repository/javax/xml/bind/jaxb-api/2.3.0/jaxb-api-2.3.0.jar:/home/user/.m2/repository/javax/activation/activation/1.1.1/activation-1.1.1.jar:/home/user/.m2/repository/org/apache/hadoop/hadoop-ozone-csi/1.1.0-SNAPSHOT/hadoop-ozone-csi-1.1.0-SNAPSHOT.jar:/home/user/.m2/repository/com/google/protobuf/protobuf-java-util/3.11.0/protobuf-java-util-3.11.0.jar:/home/user/.m2/repository/com/google/code/gson/gson/2.2.4/gson-2.2.4.jar:/home/user/.m2/repository/org/apache/hadoop/hadoop-hdds-config/1.1.0-SNAPSHOT/hadoop-hdds-config-1.1.0-SNAPSHOT.jar:/home/user/.m2/repository/com/google/protobuf/protobuf-java/2.5.0/protobuf-java-2.5.0.jar:/home/user/.m2/repository/io/grpc/grpc-netty/1.29.0/grpc-netty-1.29.0.jar:/home/user/.m2/repository/io/grpc/grpc-core/1.29.0/grpc-core-1.29.0.jar:/home/user/.m2/repository/com/google/android/annotations/4.1.1.4/annotations-4.1.1.4.jar:/home/user/.m2/repository/io/perfmark/perfmark-api/0.19.0/perfmark-api-0.19.0.jar:/home/user/.m2/repository/io/netty/netty-codec-http2/4.1.48.Final/netty-codec-http2-4.1.48.Final.jar:/home/user/.m2/repository/io/netty/netty-codec/4.1.48.Final/netty-codec-4.1.48.Final.jar:/home/user/.m2/repository/io/netty/netty-handler/4.1.48.Final/netty-handler-4.1.48.Final.jar:/home/user/.m2/repository/io/netty/netty-codec-http/4.1.48.Final/netty-codec-http-4.1.48.Final.jar:/home/user/.m2/repository/io/netty/netty-handler-proxy/4.1.48.Final/netty-handler-proxy-4.1.48.Final.jar:/home/user/.m2/repository/io/netty/netty-codec-socks/4.1.48.Final/netty-codec-socks-4.1.48.Final.jar:/home/user/.m2/repository/io/netty/netty-transport-native-epoll/4.1.48.Final/netty-transport-native-epoll-4.1.48.Final.jar:/home/user/.m2/repository/io/netty/netty-common/4.1.48.Final/netty-common-4.1.48.Final.jar:/home/user/.m2/repository/io/netty/netty-buffer/4.1.48.Final/netty-buffer-4.1.48.Final.jar:/home/user/.m2/repository/io/netty/netty-transport/4.1.48.Final/netty-transport-4.1.48.Final.jar:/home/user/.m2/repository/io/netty/netty-resolver/4.1.48.Final/netty-resolver-4.1.48.Final.jar:/home/user/.m2/repository/io/netty/netty-transport-native-unix-common/4.1.48.Final/netty-transport-native-unix-common-4.1.48.Final.jar:/home/user/.m2/repository/io/grpc/grpc-protobuf/1.29.0/grpc-protobuf-1.29.0.jar:/home/user/.m2/repository/io/grpc/grpc-api/1.29.0/grpc-api-1.29.0.jar:/home/user/.m2/repository/io/grpc/grpc-context/1.29.0/grpc-context-1.29.0.jar:/home/user/.m2/repository/org/codehaus/mojo/animal-sniffer-annotations/1.18/animal-sniffer-annotations-1.18.jar:/home/user/.m2/repository/com/google/api/grpc/proto-google-common-protos/1.17.0/proto-google-common-protos-1.17.0.jar:/home/user/.m2/repository/io/grpc/grpc-protobuf-lite/1.29.0/grpc-protobuf-lite-1.29.0.jar:/home/user/.m2/repository/io/grpc/grpc-stub/1.29.0/grpc-stub-1.29.0.jar:/home/user/.m2/repository/org/apache/hadoop/hadoop-ozone-recon/1.1.0-SNAPSHOT/hadoop-ozone-recon-1.1.0-SNAPSHOT.jar:/home/user/.m2/repository/org/apache/hadoop/hadoop-ozone-reconcodegen/1.1.0-SNAPSHOT/hadoop-ozone-reconcodegen-1.1.0-SNAPSHOT.jar:/home/user/.m2/repository/com/google/inject/extensions/guice-multibindings/4.0/guice-multibindings-4.0.jar:/home/user/.m2/repository/com/google/inject/guice/4.0/guice-4.0.jar:/home/user/.m2/repository/aopalliance/aopalliance/1.0/aopalliance-1.0.jar:/home/user/.m2/repository/com/google/inject/extensions/guice-assistedinject/4.0/guice-assistedinject-4.0.jar:/home/user/.m2/repository/com/google/inject/extensions/guice-servlet/4.0/guice-servlet-4.0.jar:/home/user/.m2/repository/org/glassfish/jersey/containers/jersey-container-servlet/2.27/jersey-container-servlet-2.27.jar:/home/user/.m2/repository/org/glassfish/hk2/guice-bridge/2.5.0/guice-bridge-2.5.0.jar:/home/user/.m2/repository/org/glassfish/jersey/core/jersey-server/2.27/jersey-server-2.27.jar:/home/user/.m2/repository/org/glassfish/jersey/core/jersey-client/2.27/jersey-client-2.27.jar:/home/user/.m2/repository/org/glassfish/jersey/media/jersey-media-jaxb/2.27/jersey-media-jaxb-2.27.jar:/home/user/.m2/repository/javax/validation/validation-api/1.1.0.Final/validation-api-1.1.0.Final.jar:/home/user/.m2/repository/org/glassfish/jersey/media/jersey-media-json-jackson/2.27/jersey-media-json-jackson-2.27.jar:/home/user/.m2/repository/org/glassfish/jersey/ext/jersey-entity-filtering/2.27/jersey-entity-filtering-2.27.jar:/home/user/.m2/repository/org/jooq/jooq/3.11.10/jooq-3.11.10.jar:/home/user/.m2/repository/org/jooq/jooq-meta/3.11.10/jooq-meta-3.11.10.jar:/home/user/.m2/repository/org/jooq/jooq-codegen/3.11.10/jooq-codegen-3.11.10.jar:/home/user/.m2/repository/com/jolbox/bonecp/0.8.0.RELEASE/bonecp-0.8.0.RELEASE.jar:/home/user/.m2/repository/org/apache/derby/derby/10.14.2.0/derby-10.14.2.0.jar:/home/user/.m2/repository/org/xerial/sqlite-jdbc/3.25.2/sqlite-jdbc-3.25.2.jar:/home/user/.m2/repository/org/springframework/spring-jdbc/5.2.11.RELEASE/spring-jdbc-5.2.11.RELEASE.jar:/home/user/.m2/repository/org/springframework/spring-beans/5.2.11.RELEASE/spring-beans-5.2.11.RELEASE.jar:/home/user/.m2/repository/org/springframework/spring-core/5.2.11.RELEASE/spring-core-5.2.11.RELEASE.jar:/home/user/.m2/repository/org/springframework/spring-jcl/5.2.11.RELEASE/spring-jcl-5.2.11.RELEASE.jar:/home/user/.m2/repository/org/springframework/spring-tx/5.2.11.RELEASE/spring-tx-5.2.11.RELEASE.jar:/home/user/.m2/repository/org/apache/hadoop/hadoop-ozone-client/1.1.0-SNAPSHOT/hadoop-ozone-client-1.1.0-SNAPSHOT.jar:/home/user/.m2/repository/org/apache/hadoop/hadoop-ozone-filesystem/1.1.0-SNAPSHOT/hadoop-ozone-filesystem-1.1.0-SNAPSHOT.jar:/home/user/.m2/repository/org/apache/hadoop/hadoop-ozone-filesystem-common/1.1.0-SNAPSHOT/hadoop-ozone-filesystem-common-1.1.0-SNAPSHOT.jar:/home/user/.m2/repository/org/apache/hadoop/hadoop-ozone-tools/1.1.0-SNAPSHOT/hadoop-ozone-tools-1.1.0-SNAPSHOT.jar:/home/user/.m2/repository/org/apache/ratis/ratis-tools/1.1.0-c5eafb9-SNAPSHOT/ratis-tools-1.1.0-c5eafb9-SNAPSHOT.jar:/home/user/.m2/repository/org/apache/ratis/ratis-proto/1.1.0-c5eafb9-SNAPSHOT/ratis-proto-1.1.0-c5eafb9-SNAPSHOT.jar:/home/user/.m2/repository/org/apache/ratis/ratis-common/1.1.0-c5eafb9-SNAPSHOT/ratis-common-1.1.0-c5eafb9-SNAPSHOT.jar:/home/user/.m2/repository/com/amazonaws/aws-java-sdk-core/1.11.901/aws-java-sdk-core-1.11.901.jar:/home/user/.m2/repository/org/apache/httpcomponents/httpclient/4.5.13/httpclient-4.5.13.jar:/home/user/.m2/repository/org/apache/httpcomponents/httpcore/4.4.13/httpcore-4.4.13.jar:/home/user/.m2/repository/software/amazon/ion/ion-java/1.0.2/ion-java-1.0.2.jar:/home/user/.m2/repository/com/fasterxml/jackson/dataformat/jackson-dataformat-cbor/2.10.3/jackson-dataformat-cbor-2.10.3.jar:/home/user/.m2/repository/joda-time/joda-time/2.8.1/joda-time-2.8.1.jar:/home/user/.m2/repository/com/amazonaws/aws-java-sdk-s3/1.11.901/aws-java-sdk-s3-1.11.901.jar:/home/user/.m2/repository/com/amazonaws/aws-java-sdk-kms/1.11.901/aws-java-sdk-kms-1.11.901.jar:/home/user/.m2/repository/com/amazonaws/jmespath-java/1.11.901/jmespath-java-1.11.901.jar:/home/user/.m2/repository/org/kohsuke/metainf-services/metainf-services/1.8/metainf-services-1.8.jar:/home/user/.m2/repository/org/apache/hadoop/hadoop-hdds-tools/1.1.0-SNAPSHOT/hadoop-hdds-tools-1.1.0-SNAPSHOT.jar:/home/user/.m2/repository/commons-cli/commons-cli/1.2/commons-cli-1.2.jar:/home/user/.m2/repository/org/apache/commons/commons-lang3/3.7/commons-lang3-3.7.jar:/home/user/.m2/repository/org/apache/hadoop/hadoop-ozone-ozone-manager/1.1.0-SNAPSHOT/hadoop-ozone-ozone-manager-1.1.0-SNAPSHOT-tests.jar:/home/user/.m2/repository/org/apache/hadoop/hadoop-hdds-common/1.1.0-SNAPSHOT/hadoop-hdds-common-1.1.0-SNAPSHOT-tests.jar:/home/user/.m2/repository/org/apache/hadoop/hadoop-hdds-hadoop-dependency-client/1.1.0-SNAPSHOT/hadoop-hdds-hadoop-dependency-client-1.1.0-SNAPSHOT.jar:/home/user/.m2/repository/info/picocli/picocli/4.4.0/picocli-4.4.0.jar:/home/user/.m2/repository/com/fasterxml/jackson/core/jackson-annotations/2.10.3/jackson-annotations-2.10.3.jar:/home/user/.m2/repository/javax/annotation/javax.annotation-api/1.2/javax.annotation-api-1.2.jar:/home/user/.m2/repository/org/fusesource/leveldbjni/leveldbjni-all/1.8/leveldbjni-all-1.8.jar:/home/user/.m2/repository/org/apache/ratis/ratis-server/1.1.0-c5eafb9-SNAPSHOT/ratis-server-1.1.0-c5eafb9-SNAPSHOT.jar:/home/user/.m2/repository/org/apache/ratis/ratis-client/1.1.0-c5eafb9-SNAPSHOT/ratis-client-1.1.0-c5eafb9-SNAPSHOT.jar:/home/user/.m2/repository/org/apache/ratis/ratis-metrics/1.1.0-c5eafb9-SNAPSHOT/ratis-metrics-1.1.0-c5eafb9-SNAPSHOT.jar:/home/user/.m2/repository/org/apache/ratis/ratis-netty/1.1.0-c5eafb9-SNAPSHOT/ratis-netty-1.1.0-c5eafb9-SNAPSHOT.jar:/home/user/.m2/repository/org/apache/ratis/ratis-grpc/1.1.0-c5eafb9-SNAPSHOT/ratis-grpc-1.1.0-c5eafb9-SNAPSHOT.jar:/home/user/.m2/repository/org/apache/logging/log4j/log4j-api/2.13.3/log4j-api-2.13.3.jar:/home/user/.m2/repository/org/apache/logging/log4j/log4j-core/2.13.3/log4j-core-2.13.3.jar:/home/user/.m2/repository/com/lmax/disruptor/3.4.2/disruptor-3.4.2.jar:/home/user/.m2/repository/org/apache/commons/commons-pool2/2.6.0/commons-pool2-2.6.0.jar:/home/user/.m2/repository/org/bouncycastle/bcpkix-jdk15on/1.67/bcpkix-jdk15on-1.67.jar:/home/user/.m2/repository/commons-validator/commons-validator/1.6/commons-validator-1.6.jar:/home/user/.m2/repository/commons-beanutils/commons-beanutils/1.9.4/commons-beanutils-1.9.4.jar:/home/user/.m2/repository/commons-digester/commons-digester/1.8.1/commons-digester-1.8.1.jar:/home/user/.m2/repository/commons-collections/commons-collections/3.2.2/commons-collections-3.2.2.jar:/home/user/.m2/repository/io/jaegertracing/jaeger-client/1.2.0/jaeger-client-1.2.0.jar:/home/user/.m2/repository/io/jaegertracing/jaeger-thrift/1.2.0/jaeger-thrift-1.2.0.jar:/home/user/.m2/repository/org/apache/thrift/libthrift/0.13.0/libthrift-0.13.0.jar:/home/user/.m2/repository/com/squareup/okhttp3/okhttp/4.2.2/okhttp-4.2.2.jar:/home/user/.m2/repository/com/squareup/okio/okio/2.2.2/okio-2.2.2.jar:/home/user/.m2/repository/org/jetbrains/kotlin/kotlin-stdlib/1.3.50/kotlin-stdlib-1.3.50.jar:/home/user/.m2/repository/org/jetbrains/kotlin/kotlin-stdlib-common/1.3.50/kotlin-stdlib-common-1.3.50.jar:/home/user/.m2/repository/org/jetbrains/annotations/13.0/annotations-13.0.jar:/home/user/.m2/repository/io/jaegertracing/jaeger-core/1.2.0/jaeger-core-1.2.0.jar:/home/user/.m2/repository/io/jaegertracing/jaeger-tracerresolver/1.2.0/jaeger-tracerresolver-1.2.0.jar:/home/user/.m2/repository/io/opentracing/contrib/opentracing-tracerresolver/0.1.8/opentracing-tracerresolver-0.1.8.jar:/home/user/.m2/repository/io/opentracing/opentracing-util/0.33.0/opentracing-util-0.33.0.jar:/home/user/.m2/repository/io/opentracing/opentracing-api/0.33.0/opentracing-api-0.33.0.jar:/home/user/.m2/repository/io/opentracing/opentracing-noop/0.33.0/opentracing-noop-0.33.0.jar:/home/user/.m2/repository/org/yaml/snakeyaml/1.26/snakeyaml-1.26.jar:/home/user/.m2/repository/junit/junit/4.11/junit-4.11.jar:/home/user/.m2/repository/org/hamcrest/hamcrest-core/1.3/hamcrest-core-1.3.jar:/home/user/.m2/repository/org/openjdk/jmh/jmh-core/1.19/jmh-core-1.19.jar:/home/user/.m2/repository/net/sf/jopt-simple/jopt-simple/4.6/jopt-simple-4.6.jar:/home/user/.m2/repository/org/apache/commons/commons-math3/3.1.1/commons-math3-3.1.1.jar:/home/user/.m2/repository/org/openjdk/jmh/jmh-generator-annprocess/1.19/jmh-generator-annprocess-1.19.jar:/home/user/.m2/repository/org/mockito/mockito-all/1.8.5/mockito-all-1.8.5.jar:/home/user/.m2/repository/org/apache/hadoop/hadoop-kms/3.2.1/hadoop-kms-3.2.1.jar:/home/user/.m2/repository/org/apache/hadoop/hadoop-auth/3.2.1/hadoop-auth-3.2.1.jar:/home/user/.m2/repository/com/nimbusds/nimbus-jose-jwt/7.9/nimbus-jose-jwt-7.9.jar:/home/user/.m2/repository/com/github/stephenc/jcip/jcip-annotations/1.0-1/jcip-annotations-1.0-1.jar:/home/user/.m2/repository/net/minidev/json-smart/2.3/json-smart-2.3.jar:/home/user/.m2/repository/net/minidev/accessors-smart/1.2/accessors-smart-1.2.jar:/home/user/.m2/repository/org/ow2/asm/asm/5.0.4/asm-5.0.4.jar:/home/user/.m2/repository/org/apache/zookeeper/zookeeper/3.4.13/zookeeper-3.4.13.jar:/home/user/.m2/repository/org/apache/yetus/audience-annotations/0.5.0/audience-annotations-0.5.0.jar:/home/user/.m2/repository/org/apache/curator/curator-framework/2.13.0/curator-framework-2.13.0.jar:/home/user/.m2/repository/com/sun/jersey/jersey-core/1.19/jersey-core-1.19.jar:/home/user/.m2/repository/javax/ws/rs/jsr311-api/1.1.1/jsr311-api-1.1.1.jar:/home/user/.m2/repository/com/sun/jersey/jersey-server/1.19/jersey-server-1.19.jar:/home/user/.m2/repository/javax/servlet/javax.servlet-api/3.1.0/javax.servlet-api-3.1.0.jar:/home/user/.m2/repository/org/eclipse/jetty/jetty-server/9.4.34.v20201102/jetty-server-9.4.34.v20201102.jar:/home/user/.m2/repository/org/eclipse/jetty/jetty-http/9.4.34.v20201102/jetty-http-9.4.34.v20201102.jar:/home/user/.m2/repository/org/eclipse/jetty/jetty-io/9.4.34.v20201102/jetty-io-9.4.34.v20201102.jar:/home/user/.m2/repository/org/eclipse/jetty/jetty-webapp/9.4.34.v20201102/jetty-webapp-9.4.34.v20201102.jar:/home/user/.m2/repository/org/eclipse/jetty/jetty-xml/9.4.34.v20201102/jetty-xml-9.4.34.v20201102.jar:/home/user/.m2/repository/org/apache/hadoop/hadoop-common/3.2.1/hadoop-common-3.2.1.jar:/home/user/.m2/repository/commons-net/commons-net/3.6/commons-net-3.6.jar:/home/user/.m2/repository/com/sun/jersey/jersey-servlet/1.19/jersey-servlet-1.19.jar:/home/user/.m2/repository/com/sun/jersey/jersey-json/1.19/jersey-json-1.19.jar:/home/user/.m2/repository/org/codehaus/jettison/jettison/1.1/jettison-1.1.jar:/home/user/.m2/repository/org/codehaus/jackson/jackson-jaxrs/1.9.2/jackson-jaxrs-1.9.2.jar:/home/user/.m2/repository/org/codehaus/jackson/jackson-xc/1.9.2/jackson-xc-1.9.2.jar:/home/user/.m2/repository/org/apache/commons/commons-configuration2/2.1.1/commons-configuration2-2.1.1.jar:/home/user/.m2/repository/org/apache/commons/commons-text/1.4/commons-text-1.4.jar:/home/user/.m2/repository/com/google/re2j/re2j/1.1/re2j-1.1.jar:/home/user/.m2/repository/com/jcraft/jsch/0.1.54/jsch-0.1.54.jar:/home/user/.m2/repository/org/apache/curator/curator-client/2.13.0/curator-client-2.13.0.jar:/home/user/.m2/repository/org/apache/curator/curator-recipes/2.13.0/curator-recipes-2.13.0.jar:/home/user/.m2/repository/dnsjava/dnsjava/2.1.7/dnsjava-2.1.7.jar:/home/user/.m2/repository/org/slf4j/jul-to-slf4j/1.7.30/jul-to-slf4j-1.7.30.jar:/home/user/.m2/repository/org/eclipse/jetty/jetty-util/9.4.34.v20201102/jetty-util-9.4.34.v20201102.jar:/home/user/.m2/repository/com/fasterxml/jackson/core/jackson-databind/2.10.3/jackson-databind-2.10.3.jar:/home/user/.m2/repository/org/apache/hadoop/hadoop-kms/3.2.1/hadoop-kms-3.2.1-tests.jar:/home/user/.m2/repository/org/apache/hadoop/hadoop-hdds-server-scm/1.1.0-SNAPSHOT/hadoop-hdds-server-scm-1.1.0-SNAPSHOT-tests.jar:/home/user/.m2/repository/org/apache/hadoop/hadoop-hdds-container-service/1.1.0-SNAPSHOT/hadoop-hdds-container-service-1.1.0-SNAPSHOT-tests.jar:/home/user/.m2/repository/commons-codec/commons-codec/1.11/commons-codec-1.11.jar:/home/user/.m2/repository/org/apache/hadoop/hadoop-hdds-hadoop-dependency-test/1.1.0-SNAPSHOT/hadoop-hdds-hadoop-dependency-test-1.1.0-SNAPSHOT.jar:/home/user/.m2/repository/org/apache/hadoop/hadoop-common/3.2.1/hadoop-common-3.2.1-tests.jar:/home/user/.m2/repository/org/apache/hadoop/hadoop-hdfs/3.2.1/hadoop-hdfs-3.2.1-tests.jar:/home/user/.m2/repository/org/eclipse/jetty/jetty-util-ajax/9.4.34.v20201102/jetty-util-ajax-9.4.34.v20201102.jar:/home/user/.m2/repository/commons-daemon/commons-daemon/1.0.13/commons-daemon-1.0.13.jar:/home/user/.m2/repository/io/netty/netty/3.10.5.Final/netty-3.10.5.Final.jar:/home/user/.m2/repository/io/netty/netty-all/4.1.48.Final/netty-all-4.1.48.Final.jar:/home/user/.m2/repository/org/apache/htrace/htrace-core4/4.1.0-incubating/htrace-core4-4.1.0-incubating.jar:/home/user/.m2/repository/org/apache/hadoop/hadoop-distcp/3.2.1/hadoop-distcp-3.2.1.jar:/home/user/.m2/repository/org/apache/hadoop/hadoop-mapreduce-client-jobclient/3.2.1/hadoop-mapreduce-client-jobclient-3.2.1.jar:/home/user/.m2/repository/org/apache/hadoop/hadoop-mapreduce-client-common/3.2.1/hadoop-mapreduce-client-common-3.2.1.jar:/home/user/.m2/repository/org/apache/hadoop/hadoop-yarn-common/3.2.1/hadoop-yarn-common-3.2.1.jar:/home/user/.m2/repository/org/apache/hadoop/hadoop-yarn-api/3.2.1/hadoop-yarn-api-3.2.1.jar:/home/user/.m2/repository/com/sun/jersey/jersey-client/1.19/jersey-client-1.19.jar:/home/user/.m2/repository/com/sun/jersey/contribs/jersey-guice/1.19/jersey-guice-1.19.jar:/home/user/.m2/repository/com/fasterxml/jackson/jaxrs/jackson-jaxrs-json-provider/2.10.3/jackson-jaxrs-json-provider-2.10.3.jar:/home/user/.m2/repository/com/fasterxml/jackson/jaxrs/jackson-jaxrs-base/2.10.3/jackson-jaxrs-base-2.10.3.jar:/home/user/.m2/repository/org/apache/hadoop/hadoop-yarn-client/3.2.1/hadoop-yarn-client-3.2.1.jar:/home/user/.m2/repository/org/apache/hadoop/hadoop-mapreduce-client-core/3.2.1/hadoop-mapreduce-client-core-3.2.1.jar:/home/user/.m2/repository/org/apache/avro/avro/1.7.7/avro-1.7.7.jar:/home/user/.m2/repository/org/codehaus/jackson/jackson-core-asl/1.9.13/jackson-core-asl-1.9.13.jar:/home/user/.m2/repository/org/codehaus/jackson/jackson-mapper-asl/1.9.13/jackson-mapper-asl-1.9.13.jar:/home/user/.m2/repository/com/thoughtworks/paranamer/paranamer/2.3/paranamer-2.3.jar:/home/user/.m2/repository/org/xerial/snappy/snappy-java/1.0.5/snappy-java-1.0.5.jar:/home/user/.m2/repository/org/apache/hadoop/hadoop-annotations/3.2.1/hadoop-annotations-3.2.1.jar:/usr/lib/jvm/java-1.8.0-openjdk-1.8.0.232.b09-0.el7_7.x86_64/jre/../lib/tools.jar:/home/user/.m2/repository/org/apache/hadoop/hadoop-distcp/3.2.1/hadoop-distcp-3.2.1-tests.jar:"/>
    <property name="sun.cpu.endian" value="little"/>
    <property name="user.home" value="/home/user"/>
    <property name="user.language" value="en"/>
    <property name="java.specification.vendor" value="Oracle Corporation"/>
    <property name="java.home" value="/usr/lib/jvm/java-1.8.0-openjdk-1.8.0.232.b09-0.el7_7.x86_64/jre"/>
    <property name="java.security.krb5.conf" value="/github/workspace/mnt/ozone/hadoop-ozone/integration-test/target/test-classes/krb5.conf"/>
    <property name="basedir" value="/github/workspace/mnt/ozone/hadoop-ozone/integration-test"/>
    <property name="file.separator" value="/"/>
    <property name="line.separator" value="&#10;"/>
    <property name="java.vm.specification.vendor" value="Oracle Corporation"/>
    <property name="java.specification.name" value="Java Platform API Specification"/>
    <property name="java.awt.graphicsenv" value="sun.awt.X11GraphicsEnvironment"/>
    <property name="skip.installnpx" value="true"/>
    <property name="surefire.real.class.path" value="/github/workspace/mnt/ozone/hadoop-ozone/integration-test/target/surefire/surefirebooter6017831271624234598.jar:/home/user/.m2/repository/org/jacoco/org.jacoco.agent/0.8.5/org.jacoco.agent-0.8.5-runtime.jar"/>
    <property name="hadoop.log.dir" value="/github/workspace/mnt/ozone/hadoop-ozone/integration-test/target/log"/>
    <property name="sun.boot.class.path" value="/usr/lib/jvm/java-1.8.0-openjdk-1.8.0.232.b09-0.el7_7.x86_64/jre/lib/resources.jar:/usr/lib/jvm/java-1.8.0-openjdk-1.8.0.232.b09-0.el7_7.x86_64/jre/lib/rt.jar:/usr/lib/jvm/java-1.8.0-openjdk-1.8.0.232.b09-0.el7_7.x86_64/jre/lib/sunrsasign.jar:/usr/lib/jvm/java-1.8.0-openjdk-1.8.0.232.b09-0.el7_7.x86_64/jre/lib/jsse.jar:/usr/lib/jvm/java-1.8.0-openjdk-1.8.0.232.b09-0.el7_7.x86_64/jre/lib/jce.jar:/usr/lib/jvm/java-1.8.0-openjdk-1.8.0.232.b09-0.el7_7.x86_64/jre/lib/charsets.jar:/usr/lib/jvm/java-1.8.0-openjdk-1.8.0.232.b09-0.el7_7.x86_64/jre/lib/jfr.jar:/usr/lib/jvm/java-1.8.0-openjdk-1.8.0.232.b09-0.el7_7.x86_64/jre/classes"/>
    <property name="sun.management.compiler" value="HotSpot 64-Bit Tiered Compilers"/>
    <property name="skip.npx" value="true"/>
    <property name="java.runtime.version" value="1.8.0_232-b09"/>
    <property name="java.net.preferIPv4Stack" value="true"/>
    <property name="user.name" value="jenkins1001"/>
    <property name="path.separator" value=":"/>
    <property name="java.security.egd" value="file:///dev/urandom"/>
    <property name="os.version" value="5.4.0-1032-azure"/>
    <property name="java.endorsed.dirs" value="/usr/lib/jvm/java-1.8.0-openjdk-1.8.0.232.b09-0.el7_7.x86_64/jre/lib/endorsed"/>
    <property name="java.runtime.name" value="OpenJDK Runtime Environment"/>
    <property name="file.encoding" value="ANSI_X3.4-1968"/>
    <property name="java.vm.name" value="OpenJDK 64-Bit Server VM"/>
    <property name="test.build.webapps" value=""/>
    <property name="localRepository" value="/home/user/.m2/repository"/>
    <property name="java.vendor.url.bug" value="http://bugreport.sun.com/bugreport/"/>
    <property name="java.io.tmpdir" value="/tmp"/>
    <property name="require.test.libhadoop" value=""/>
    <property name="java.version" value="1.8.0_232"/>
    <property name="user.dir" value="/github/workspace/mnt/ozone/hadoop-ozone/integration-test"/>
    <property name="os.arch" value="amd64"/>
    <property name="java.vm.specification.name" value="Java Virtual Machine Specification"/>
    <property name="test.build.classes" value="/github/workspace/mnt/ozone/hadoop-ozone/integration-test/target/test-classes"/>
    <property name="java.awt.printerjob" value="sun.print.PSPrinterJob"/>
    <property name="sun.os.patch.level" value="unknown"/>
    <property name="hadoop.tmp.dir" value="/github/workspace/mnt/ozone/hadoop-ozone/integration-test/target/tmp"/>
    <property name="java.library.path" value="/usr/lib:/usr/java/packages/lib/amd64:/usr/lib64:/lib64:/lib:/usr/lib"/>
    <property name="java.vm.info" value="mixed mode"/>
    <property name="java.vendor" value="Oracle Corporation"/>
    <property name="java.vm.version" value="25.232-b09"/>
    <property name="java.ext.dirs" value="/usr/lib/jvm/java-1.8.0-openjdk-1.8.0.232.b09-0.el7_7.x86_64/jre/lib/ext:/usr/java/packages/lib/ext"/>
    <property name="sun.io.unicode.encoding" value="UnicodeLittle"/>
    <property name="java.class.version" value="52.0"/>
  </properties>
  <testcase name="testStoppedMaintenanceNodeTakesScmStateOnRestart" classname="org.apache.hadoop.ozone.scm.node.TestDecommissionAndMaintenance" time="44.037"/>
  <testcase name="testContainerIsReplicatedWhenAllNodesGotoMaintenance" classname="org.apache.hadoop.ozone.scm.node.TestDecommissionAndMaintenance" time="47.344"/>
  <testcase name="testDecommissionedStateReinstatedAfterSCMRestart" classname="org.apache.hadoop.ozone.scm.node.TestDecommissionAndMaintenance" time="39.016"/>
  <testcase name="testMaintenanceEndsAutomaticallyAtTimeout" classname="org.apache.hadoop.ozone.scm.node.TestDecommissionAndMaintenance" time="54.708"/>
  <testcase name="testDecommissionedNodeCanBeRecommissioned" classname="org.apache.hadoop.ozone.scm.node.TestDecommissionAndMaintenance" time="24.438"/>
  <testcase name="testNodeWithOpenPipelineCanBeDecommissioned" classname="org.apache.hadoop.ozone.scm.node.TestDecommissionAndMaintenance" time="34.173"/>
  <testcase name="testSingleNodeWithOpenPipelineCanGotoMaintenance" classname="org.apache.hadoop.ozone.scm.node.TestDecommissionAndMaintenance" time="44.764"/>
  <testcase name="testSCMHandlesRestartForMaintenanceNode" classname="org.apache.hadoop.ozone.scm.node.TestDecommissionAndMaintenance" time="48.154">
    <failure type="junit.framework.AssertionFailedError">junit.framework.AssertionFailedError
	at junit.framework.Assert.fail(Assert.java:55)
	at junit.framework.Assert.assertTrue(Assert.java:22)
	at junit.framework.Assert.assertTrue(Assert.java:31)
	at junit.framework.TestCase.assertTrue(TestCase.java:201)
	at org.apache.hadoop.ozone.scm.node.TestDecommissionAndMaintenance.testSCMHandlesRestartForMaintenanceNode(TestDecommissionAndMaintenance.java:550)
	at sun.reflect.NativeMethodAccessorImpl.invoke0(Native Method)
	at sun.reflect.NativeMethodAccessorImpl.invoke(NativeMethodAccessorImpl.java:62)
	at sun.reflect.DelegatingMethodAccessorImpl.invoke(DelegatingMethodAccessorImpl.java:43)
	at java.lang.reflect.Method.invoke(Method.java:498)
	at org.junit.runners.model.FrameworkMethod$1.runReflectiveCall(FrameworkMethod.java:47)
	at org.junit.internal.runners.model.ReflectiveCallable.run(ReflectiveCallable.java:12)
	at org.junit.runners.model.FrameworkMethod.invokeExplosively(FrameworkMethod.java:44)
	at org.junit.internal.runners.statements.InvokeMethod.evaluate(InvokeMethod.java:17)
	at org.junit.internal.runners.statements.RunBefores.evaluate(RunBefores.java:26)
	at org.junit.internal.runners.statements.RunAfters.evaluate(RunAfters.java:27)
	at org.junit.runners.ParentRunner.runLeaf(ParentRunner.java:271)
	at org.junit.runners.BlockJUnit4ClassRunner.runChild(BlockJUnit4ClassRunner.java:70)
	at org.junit.runners.BlockJUnit4ClassRunner.runChild(BlockJUnit4ClassRunner.java:50)
	at org.junit.runners.ParentRunner$3.run(ParentRunner.java:238)
	at org.junit.runners.ParentRunner$1.schedule(ParentRunner.java:63)
	at org.junit.runners.ParentRunner.runChildren(ParentRunner.java:236)
	at org.junit.runners.ParentRunner.access$000(ParentRunner.java:53)
	at org.junit.runners.ParentRunner$2.evaluate(ParentRunner.java:229)
	at org.junit.runners.ParentRunner.run(ParentRunner.java:309)
	at org.apache.maven.surefire.junit4.JUnit4Provider.execute(JUnit4Provider.java:365)
	at org.apache.maven.surefire.junit4.JUnit4Provider.executeWithRerun(JUnit4Provider.java:273)
	at org.apache.maven.surefire.junit4.JUnit4Provider.executeTestSet(JUnit4Provider.java:238)
	at org.apache.maven.surefire.junit4.JUnit4Provider.invoke(JUnit4Provider.java:159)
	at org.apache.maven.surefire.booter.ForkedBooter.invokeProviderInSameClassLoader(ForkedBooter.java:384)
	at org.apache.maven.surefire.booter.ForkedBooter.runSuitesInProcess(ForkedBooter.java:345)
	at org.apache.maven.surefire.booter.ForkedBooter.execute(ForkedBooter.java:126)
	at org.apache.maven.surefire.booter.ForkedBooter.main(ForkedBooter.java:418)
</failure>
    <system-out><![CDATA[2021-01-06 16:47:02,965 [Listener at 127.0.0.1/37565] WARN  server.ServerUtils (ServerUtils.java:getScmDbDir(148)) - ozone.scm.db.dirs is not configured. We recommend adding this setting. Falling back to ozone.metadata.dirs instead.
2021-01-06 16:47:02,966 [Listener at 127.0.0.1/37565] WARN  server.ServerUtils (ServerUtils.java:getScmDbDir(148)) - ozone.scm.db.dirs is not configured. We recommend adding this setting. Falling back to ozone.metadata.dirs instead.
2021-01-06 16:47:02,967 [Listener at 127.0.0.1/37565] WARN  db.DBStoreBuilder (DBStoreBuilder.java:applyDBDefinition(145)) - ozone.scm.db.dirs is not configured. We recommend adding this setting. Falling back to ozone.metadata.dirs instead.
2021-01-06 16:47:02,985 [Listener at 127.0.0.1/37565] INFO  net.NodeSchemaLoader (NodeSchemaLoader.java:loadSchemaFromFile(126)) - Loading file from sun.misc.CompoundEnumeration@2fe6a72d
2021-01-06 16:47:02,985 [Listener at 127.0.0.1/37565] INFO  net.NodeSchemaLoader (NodeSchemaLoader.java:loadSchema(172)) - Loading network topology layer schema file
2021-01-06 16:47:02,990 [Listener at 127.0.0.1/37565] INFO  node.SCMNodeManager (SCMNodeManager.java:<init>(123)) - Entering startup safe mode.
2021-01-06 16:47:02,991 [Listener at 127.0.0.1/37565] INFO  algorithms.ContainerPlacementPolicyFactory (ContainerPlacementPolicyFactory.java:getPolicy(60)) - Create container placement policy of type org.apache.hadoop.hdds.scm.container.placement.algorithms.SCMContainerPlacementRandom
2021-01-06 16:47:02,991 [Listener at 127.0.0.1/37565] INFO  algorithms.LeaderChoosePolicyFactory (LeaderChoosePolicyFactory.java:getPolicy(57)) - Create leader choose policy of type org.apache.hadoop.hdds.scm.pipeline.leader.choose.algorithms.DefaultLeaderChoosePolicy
2021-01-06 16:47:02,991 [Listener at 127.0.0.1/37565] INFO  pipeline.SCMPipelineManager (SCMPipelineManager.java:initializePipelineState(161)) - No pipeline exists in current db
2021-01-06 16:47:02,991 [Listener at 127.0.0.1/37565] INFO  algorithms.PipelineChoosePolicyFactory (PipelineChoosePolicyFactory.java:createPipelineChoosePolicyFromClass(75)) - Create pipeline choose policy of type org.apache.hadoop.hdds.scm.pipeline.choose.algorithms.RandomPipelineChoosePolicy
2021-01-06 16:47:02,992 [Listener at 127.0.0.1/37565] INFO  safemode.HealthyPipelineSafeModeRule (HealthyPipelineSafeModeRule.java:<init>(89)) - Total pipeline count is 0, healthy pipeline threshold count is 0
2021-01-06 16:47:02,993 [Listener at 127.0.0.1/37565] INFO  safemode.OneReplicaPipelineSafeModeRule (OneReplicaPipelineSafeModeRule.java:<init>(85)) - Total pipeline count is 0, pipeline's with at least one datanode reported threshold count is 0
2021-01-06 16:47:02,993 [Listener at 127.0.0.1/37565] INFO  ipc.CallQueueManager (CallQueueManager.java:<init>(84)) - Using callQueue: class java.util.concurrent.LinkedBlockingQueue, queueCapacity: 2000, scheduler: class org.apache.hadoop.ipc.DefaultRpcScheduler, ipcBackoff: false.
2021-01-06 16:47:02,996 [Socket Reader #1 for port 0] INFO  ipc.Server (Server.java:run(1219)) - Starting Socket Reader #1 for port 0
2021-01-06 16:47:03,001 [Listener at 0.0.0.0/44005] INFO  ipc.CallQueueManager (CallQueueManager.java:<init>(84)) - Using callQueue: class java.util.concurrent.LinkedBlockingQueue, queueCapacity: 2000, scheduler: class org.apache.hadoop.ipc.DefaultRpcScheduler, ipcBackoff: false.
2021-01-06 16:47:03,001 [Socket Reader #1 for port 0] INFO  ipc.Server (Server.java:run(1219)) - Starting Socket Reader #1 for port 0
2021-01-06 16:47:03,002 [Listener at 0.0.0.0/38591] INFO  ipc.CallQueueManager (CallQueueManager.java:<init>(84)) - Using callQueue: class java.util.concurrent.LinkedBlockingQueue, queueCapacity: 2000, scheduler: class org.apache.hadoop.ipc.DefaultRpcScheduler, ipcBackoff: false.
2021-01-06 16:47:03,003 [Socket Reader #1 for port 0] INFO  ipc.Server (Server.java:run(1219)) - Starting Socket Reader #1 for port 0
2021-01-06 16:47:03,008 [Listener at 0.0.0.0/43433] INFO  http.BaseHttpServer (BaseHttpServer.java:newHttpServer2BuilderForOzone(207)) - Starting Web-server for scm at: http://0.0.0.0:0
2021-01-06 16:47:03,008 [Listener at 0.0.0.0/43433] INFO  http.BaseHttpServer (BaseHttpServer.java:<init>(106)) - Hadoop Security Enabled: false Ozone Security Enabled: false Ozone HTTP Security Enabled: false 
2021-01-06 16:47:03,009 [Listener at 0.0.0.0/43433] INFO  server.AuthenticationFilter (AuthenticationFilter.java:constructSecretProvider(240)) - Unable to initialize FileSignerSecretProvider, falling back to use random secrets.
2021-01-06 16:47:03,010 [Listener at 0.0.0.0/43433] WARN  http.HttpRequestLog (HttpRequestLog.java:getRequestLog(103)) - Jetty request log can only be enabled using Log4j
2021-01-06 16:47:03,010 [Listener at 0.0.0.0/43433] INFO  http.HttpServer2 (HttpServer2.java:addGlobalFilter(1020)) - Added global filter 'safety' (class=org.apache.hadoop.hdds.server.http.HttpServer2$QuotingInputFilter)
2021-01-06 16:47:03,011 [Listener at 0.0.0.0/43433] INFO  http.HttpServer2 (HttpServer2.java:addFilter(996)) - Added filter static_user_filter (class=org.apache.hadoop.http.lib.StaticUserWebFilter$StaticUserFilter) to context scm
2021-01-06 16:47:03,011 [Listener at 0.0.0.0/43433] INFO  http.HttpServer2 (HttpServer2.java:addFilter(1004)) - Added filter static_user_filter (class=org.apache.hadoop.http.lib.StaticUserWebFilter$StaticUserFilter) to context static
2021-01-06 16:47:03,011 [Listener at 0.0.0.0/43433] INFO  http.HttpServer2 (HttpServer2.java:addFilter(1004)) - Added filter static_user_filter (class=org.apache.hadoop.http.lib.StaticUserWebFilter$StaticUserFilter) to context logs
2021-01-06 16:47:03,012 [Listener at 0.0.0.0/43433] INFO  server.StorageContainerManager (StorageContainerManager.java:start(789)) - StorageContainerLocationProtocol RPC server is listening at /0.0.0.0:43433
2021-01-06 16:47:03,013 [Listener at 0.0.0.0/43433] WARN  impl.MetricsConfig (MetricsConfig.java:loadFirst(134)) - Cannot locate configuration: tried hadoop-metrics2-storagecontainermanager.properties,hadoop-metrics2.properties
2021-01-06 16:47:03,014 [Listener at 0.0.0.0/43433] INFO  impl.MetricsSystemImpl (MetricsSystemImpl.java:startTimer(374)) - Scheduled Metric snapshot period at 10 second(s).
2021-01-06 16:47:03,014 [Listener at 0.0.0.0/43433] INFO  impl.MetricsSystemImpl (MetricsSystemImpl.java:start(191)) - StorageContainerManager metrics system started
2021-01-06 16:47:03,026 [Listener at 0.0.0.0/43433] WARN  impl.MetricsSystemImpl (MetricsSystemImpl.java:register(276)) - Sink prometheus already exists!
2021-01-06 16:47:03,043 [Listener at 0.0.0.0/43433] INFO  server.SCMClientProtocolServer (SCMClientProtocolServer.java:start(159)) - RPC server for Client  is listening at /0.0.0.0:43433
2021-01-06 16:47:03,043 [IPC Server Responder] INFO  ipc.Server (Server.java:run(1460)) - IPC Server Responder: starting
2021-01-06 16:47:03,044 [IPC Server listener on 0] INFO  ipc.Server (Server.java:run(1298)) - IPC Server listener on 0: starting
2021-01-06 16:47:03,048 [Listener at 0.0.0.0/43433] INFO  server.StorageContainerManager (StorageContainerManager.java:start(801)) - ScmBlockLocationProtocol RPC server is listening at /0.0.0.0:38591
2021-01-06 16:47:03,048 [Listener at 0.0.0.0/43433] INFO  server.SCMBlockProtocolServer (SCMBlockProtocolServer.java:start(150)) - RPC server for Block Protocol is listening at /0.0.0.0:38591
2021-01-06 16:47:03,048 [IPC Server Responder] INFO  ipc.Server (Server.java:run(1460)) - IPC Server Responder: starting
2021-01-06 16:47:03,049 [IPC Server listener on 0] INFO  ipc.Server (Server.java:run(1298)) - IPC Server listener on 0: starting
2021-01-06 16:47:03,053 [Listener at 0.0.0.0/43433] INFO  server.StorageContainerManager (StorageContainerManager.java:start(807)) - ScmDatanodeProtocl RPC server is listening at /0.0.0.0:44005
2021-01-06 16:47:03,053 [Listener at 0.0.0.0/43433] INFO  server.SCMDatanodeProtocolServer (SCMDatanodeProtocolServer.java:start(174)) - RPC server for DataNodes is listening at /0.0.0.0:44005
2021-01-06 16:47:03,053 [IPC Server Responder] INFO  ipc.Server (Server.java:run(1460)) - IPC Server Responder: starting
2021-01-06 16:47:03,053 [IPC Server listener on 0] INFO  ipc.Server (Server.java:run(1298)) - IPC Server listener on 0: starting
2021-01-06 16:47:03,057 [Listener at 0.0.0.0/43433] INFO  http.HttpServer2 (HttpServer2.java:bindListener(1238)) - Jetty bound to port 34597
2021-01-06 16:47:03,057 [Listener at 0.0.0.0/43433] INFO  server.Server (Server.java:doStart(375)) - jetty-9.4.34.v20201102; built: 2020-11-02T14:15:39.302Z; git: e46af88704a893fc12cb0e3bf46e2c7b48a009e7; jvm 1.8.0_232-b09
2021-01-06 16:47:03,058 [Listener at 0.0.0.0/43433] INFO  server.session (DefaultSessionIdManager.java:doStart(334)) - DefaultSessionIdManager workerName=node0
2021-01-06 16:47:03,058 [Listener at 0.0.0.0/43433] INFO  server.session (DefaultSessionIdManager.java:doStart(339)) - No SessionScavenger set, using defaults
2021-01-06 16:47:03,058 [Listener at 0.0.0.0/43433] INFO  server.session (HouseKeeper.java:startScavenging(132)) - node0 Scavenging every 660000ms
2021-01-06 16:47:03,058 [Listener at 0.0.0.0/43433] INFO  handler.ContextHandler (ContextHandler.java:doStart(916)) - Started o.e.j.s.ServletContextHandler@7f8ab926{logs,/logs,file:///github/workspace/mnt/ozone/hadoop-ozone/integration-test/target/log,AVAILABLE}
2021-01-06 16:47:03,059 [Listener at 0.0.0.0/43433] INFO  handler.ContextHandler (ContextHandler.java:doStart(916)) - Started o.e.j.s.ServletContextHandler@7613e5b4{static,/static,file:///github/workspace/mnt/ozone/hadoop-ozone/integration-test/target/test-classes/webapps/static,AVAILABLE}
2021-01-06 16:47:03,065 [Listener at 0.0.0.0/43433] INFO  handler.ContextHandler (ContextHandler.java:doStart(916)) - Started o.e.j.w.WebAppContext@137fbb47{scm,/,file:///github/workspace/mnt/ozone/hadoop-ozone/integration-test/target/test-classes/webapps/scm/,AVAILABLE}{file:/github/workspace/mnt/ozone/hadoop-ozone/integration-test/target/test-classes/webapps/scm}
2021-01-06 16:47:03,066 [Listener at 0.0.0.0/43433] INFO  server.AbstractConnector (AbstractConnector.java:doStart(331)) - Started ServerConnector@463ca434{HTTP/1.1, (http/1.1)}{0.0.0.0:34597}
2021-01-06 16:47:03,066 [Listener at 0.0.0.0/43433] INFO  server.Server (Server.java:doStart(415)) - Started @289343ms
2021-01-06 16:47:03,066 [Listener at 0.0.0.0/43433] WARN  impl.MetricsSystemImpl (MetricsSystemImpl.java:register(276)) - Sink prometheus already exists!
2021-01-06 16:47:03,087 [Listener at 0.0.0.0/43433] INFO  http.BaseHttpServer (BaseHttpServer.java:updateConnectorAddress(327)) - HTTP server of scm listening at http://0.0.0.0:34597
2021-01-06 16:47:03,088 [Listener at 0.0.0.0/43433] WARN  server.ServerUtils (ServerUtils.java:getDBPath(225)) - ozone.om.db.dirs is not configured. We recommend adding this setting. Falling back to ozone.metadata.dirs instead.
2021-01-06 16:47:03,088 [org.apache.hadoop.util.JvmPauseMonitor$Monitor@42e08ff1] INFO  util.JvmPauseMonitor (JvmPauseMonitor.java:run(188)) - Starting JVM pause monitor
2021-01-06 16:47:03,089 [Listener at 0.0.0.0/43433] INFO  ha.OMHANodeDetails (OMHANodeDetails.java:loadOMHAConfig(104)) - ozone.om.internal.service.id is not defined, falling back to ozone.om.service.ids to find serviceID for OzoneManager if it is HA enabled cluster
2021-01-06 16:47:03,089 [Listener at 0.0.0.0/43433] INFO  ha.OMHANodeDetails (OMHANodeDetails.java:loadOMHAConfig(213)) - Configuration either no ozone.om.address set. Falling back to the default OM address /127.0.0.1:0
2021-01-06 16:47:03,089 [Listener at 0.0.0.0/43433] INFO  ha.OMHANodeDetails (OMHANodeDetails.java:getOMNodeDetails(241)) - OM Service ID is not set. Setting it to the default ID: omServiceIdDefault
2021-01-06 16:47:03,089 [Listener at 0.0.0.0/43433] WARN  server.ServerUtils (ServerUtils.java:getDBPath(225)) - ozone.om.db.dirs is not configured. We recommend adding this setting. Falling back to ozone.metadata.dirs instead.
2021-01-06 16:47:03,090 [Listener at 0.0.0.0/43433] WARN  server.ServerUtils (ServerUtils.java:getDBPath(225)) - ozone.om.db.dirs is not configured. We recommend adding this setting. Falling back to ozone.metadata.dirs instead.
2021-01-06 16:47:03,096 [Listener at 0.0.0.0/43433] WARN  server.ServerUtils (ServerUtils.java:getDBPath(225)) - ozone.om.db.dirs is not configured. We recommend adding this setting. Falling back to ozone.metadata.dirs instead.
2021-01-06 16:47:03,097 [Listener at 0.0.0.0/43433] INFO  codec.OmKeyInfoCodec (OmKeyInfoCodec.java:<init>(41)) - OmKeyInfoCodec ignorePipeline = true
2021-01-06 16:47:03,097 [Listener at 0.0.0.0/43433] INFO  codec.RepeatedOmKeyInfoCodec (RepeatedOmKeyInfoCodec.java:<init>(40)) - RepeatedOmKeyInfoCodec ignorePipeline = true
2021-01-06 16:47:03,134 [Listener at 0.0.0.0/43433] INFO  om.OzoneManager (OzoneManager.java:addS3GVolumeToDB(3753)) - Created Volume s3v With Owner jenkins1001 required for S3Gateway operations.
2021-01-06 16:47:03,135 [Listener at 0.0.0.0/43433] INFO  ipc.CallQueueManager (CallQueueManager.java:<init>(84)) - Using callQueue: class java.util.concurrent.LinkedBlockingQueue, queueCapacity: 2000, scheduler: class org.apache.hadoop.ipc.DefaultRpcScheduler, ipcBackoff: false.
2021-01-06 16:47:03,137 [Socket Reader #1 for port 0] INFO  ipc.Server (Server.java:run(1219)) - Starting Socket Reader #1 for port 0
2021-01-06 16:47:03,157 [Listener at 127.0.0.1/40037] INFO  impl.MetricsSystemImpl (MetricsSystemImpl.java:init(158)) - OzoneManager metrics system started (again)
2021-01-06 16:47:03,157 [Listener at 127.0.0.1/40037] INFO  om.OzoneManager (OzoneManager.java:start(1161)) - OzoneManager RPC server is listening at localhost/127.0.0.1:40037
2021-01-06 16:47:03,161 [Listener at 127.0.0.1/40037] INFO  http.BaseHttpServer (BaseHttpServer.java:newHttpServer2BuilderForOzone(207)) - Starting Web-server for ozoneManager at: http://0.0.0.0:0
2021-01-06 16:47:03,161 [Listener at 127.0.0.1/40037] INFO  http.BaseHttpServer (BaseHttpServer.java:<init>(106)) - Hadoop Security Enabled: false Ozone Security Enabled: false Ozone HTTP Security Enabled: false 
2021-01-06 16:47:03,161 [Listener at 127.0.0.1/40037] INFO  server.AuthenticationFilter (AuthenticationFilter.java:constructSecretProvider(240)) - Unable to initialize FileSignerSecretProvider, falling back to use random secrets.
2021-01-06 16:47:03,162 [Listener at 127.0.0.1/40037] WARN  http.HttpRequestLog (HttpRequestLog.java:getRequestLog(103)) - Jetty request log can only be enabled using Log4j
2021-01-06 16:47:03,162 [Listener at 127.0.0.1/40037] INFO  http.HttpServer2 (HttpServer2.java:addGlobalFilter(1020)) - Added global filter 'safety' (class=org.apache.hadoop.hdds.server.http.HttpServer2$QuotingInputFilter)
2021-01-06 16:47:03,163 [Listener at 127.0.0.1/40037] INFO  http.HttpServer2 (HttpServer2.java:addFilter(996)) - Added filter static_user_filter (class=org.apache.hadoop.http.lib.StaticUserWebFilter$StaticUserFilter) to context ozoneManager
2021-01-06 16:47:03,163 [Listener at 127.0.0.1/40037] INFO  http.HttpServer2 (HttpServer2.java:addFilter(1004)) - Added filter static_user_filter (class=org.apache.hadoop.http.lib.StaticUserWebFilter$StaticUserFilter) to context logs
2021-01-06 16:47:03,163 [Listener at 127.0.0.1/40037] INFO  http.HttpServer2 (HttpServer2.java:addFilter(1004)) - Added filter static_user_filter (class=org.apache.hadoop.http.lib.StaticUserWebFilter$StaticUserFilter) to context static
2021-01-06 16:47:03,163 [Listener at 127.0.0.1/40037] INFO  http.HttpServer2 (HttpServer2.java:bindListener(1238)) - Jetty bound to port 45333
2021-01-06 16:47:03,163 [Listener at 127.0.0.1/40037] INFO  server.Server (Server.java:doStart(375)) - jetty-9.4.34.v20201102; built: 2020-11-02T14:15:39.302Z; git: e46af88704a893fc12cb0e3bf46e2c7b48a009e7; jvm 1.8.0_232-b09
2021-01-06 16:47:03,165 [Listener at 127.0.0.1/40037] INFO  server.session (DefaultSessionIdManager.java:doStart(334)) - DefaultSessionIdManager workerName=node0
2021-01-06 16:47:03,165 [Listener at 127.0.0.1/40037] INFO  server.session (DefaultSessionIdManager.java:doStart(339)) - No SessionScavenger set, using defaults
2021-01-06 16:47:03,165 [Listener at 127.0.0.1/40037] INFO  server.session (HouseKeeper.java:startScavenging(132)) - node0 Scavenging every 600000ms
2021-01-06 16:47:03,166 [Listener at 127.0.0.1/40037] INFO  handler.ContextHandler (ContextHandler.java:doStart(916)) - Started o.e.j.s.ServletContextHandler@7465cdb6{logs,/logs,file:///github/workspace/mnt/ozone/hadoop-ozone/integration-test/target/log,AVAILABLE}
2021-01-06 16:47:03,166 [Listener at 127.0.0.1/40037] INFO  handler.ContextHandler (ContextHandler.java:doStart(916)) - Started o.e.j.s.ServletContextHandler@4f427387{static,/static,file:///github/workspace/mnt/ozone/hadoop-ozone/integration-test/target/test-classes/webapps/static,AVAILABLE}
2021-01-06 16:47:03,170 [Listener at 127.0.0.1/40037] INFO  handler.ContextHandler (ContextHandler.java:doStart(916)) - Started o.e.j.w.WebAppContext@267f174a{ozoneManager,/,file:///github/workspace/mnt/ozone/hadoop-ozone/integration-test/target/test-classes/webapps/ozoneManager/,AVAILABLE}{file:/github/workspace/mnt/ozone/hadoop-ozone/integration-test/target/test-classes/webapps/ozoneManager}
2021-01-06 16:47:03,175 [Listener at 127.0.0.1/40037] INFO  server.AbstractConnector (AbstractConnector.java:doStart(331)) - Started ServerConnector@3977c325{HTTP/1.1, (http/1.1)}{0.0.0.0:45333}
2021-01-06 16:47:03,175 [Listener at 127.0.0.1/40037] INFO  server.Server (Server.java:doStart(415)) - Started @289451ms
2021-01-06 16:47:03,175 [Listener at 127.0.0.1/40037] WARN  impl.MetricsSystemImpl (MetricsSystemImpl.java:register(276)) - Sink prometheus already exists!
2021-01-06 16:47:03,177 [Listener at 127.0.0.1/40037] INFO  http.BaseHttpServer (BaseHttpServer.java:updateConnectorAddress(327)) - HTTP server of ozoneManager listening at http://0.0.0.0:45333
2021-01-06 16:47:03,178 [IPC Server Responder] INFO  ipc.Server (Server.java:run(1460)) - IPC Server Responder: starting
2021-01-06 16:47:03,178 [IPC Server listener on 0] INFO  ipc.Server (Server.java:run(1298)) - IPC Server listener on 0: starting
2021-01-06 16:47:03,180 [Listener at 127.0.0.1/40037] INFO  om.OzoneManager (OzoneManager.java:startTrashEmptier(1282)) - Trash Interval set to 0. Files deleted will not move to trash
2021-01-06 16:47:03,193 [org.apache.hadoop.util.JvmPauseMonitor$Monitor@39c80312] INFO  util.JvmPauseMonitor (JvmPauseMonitor.java:run(188)) - Starting JVM pause monitor
2021-01-06 16:47:03,205 [Listener at 127.0.0.1/40037] INFO  impl.MetricsSystemImpl (MetricsSystemImpl.java:init(158)) - HddsDatanode metrics system started (again)
2021-01-06 16:47:03,205 [Listener at 127.0.0.1/40037] INFO  ozone.HddsDatanodeService (HddsDatanodeService.java:start(215)) - HddsDatanodeService host:d1d2f32d3d04 ip:172.17.0.2
2021-01-06 16:47:03,206 [Listener at 127.0.0.1/40037] INFO  volume.HddsVolume (HddsVolume.java:<init>(176)) - Creating Volume: /github/workspace/mnt/ozone/hadoop-ozone/integration-test/target/test-dir/MiniOzoneClusterImpl-1d43af91-9f82-444b-8964-eb6d4844fd62/datanode-0/data-0/containers/hdds of storage type : DISK and capacity : 9223372036854775807
2021-01-06 16:47:03,207 [Listener at 127.0.0.1/40037] INFO  volume.MutableVolumeSet (MutableVolumeSet.java:initializeVolumeSet(179)) - Added Volume : /github/workspace/mnt/ozone/hadoop-ozone/integration-test/target/test-dir/MiniOzoneClusterImpl-1d43af91-9f82-444b-8964-eb6d4844fd62/datanode-0/data-0/containers/hdds to VolumeSet
2021-01-06 16:47:03,207 [Listener at 127.0.0.1/40037] INFO  volume.ThrottledAsyncChecker (ThrottledAsyncChecker.java:schedule(141)) - Scheduling a check for /github/workspace/mnt/ozone/hadoop-ozone/integration-test/target/test-dir/MiniOzoneClusterImpl-1d43af91-9f82-444b-8964-eb6d4844fd62/datanode-0/data-0/containers/hdds
2021-01-06 16:47:03,207 [Listener at 127.0.0.1/40037] INFO  volume.HddsVolumeChecker (HddsVolumeChecker.java:checkAllVolumes(200)) - Scheduled health check for volume /github/workspace/mnt/ozone/hadoop-ozone/integration-test/target/test-dir/MiniOzoneClusterImpl-1d43af91-9f82-444b-8964-eb6d4844fd62/datanode-0/data-0/containers/hdds
2021-01-06 16:47:03,218 [Thread-4291] INFO  ozoneimpl.ContainerReader (ContainerReader.java:readVolume(123)) - Start to verify containers on volume /github/workspace/mnt/ozone/hadoop-ozone/integration-test/target/test-dir/MiniOzoneClusterImpl-1d43af91-9f82-444b-8964-eb6d4844fd62/datanode-0/data-0/containers/hdds
2021-01-06 16:47:03,218 [Thread-4291] INFO  ozoneimpl.ContainerReader (ContainerReader.java:readVolume(148)) - Finish verifying containers on volume /github/workspace/mnt/ozone/hadoop-ozone/integration-test/target/test-dir/MiniOzoneClusterImpl-1d43af91-9f82-444b-8964-eb6d4844fd62/datanode-0/data-0/containers/hdds
2021-01-06 16:47:03,218 [Listener at 127.0.0.1/40037] INFO  ozoneimpl.OzoneContainer (OzoneContainer.java:buildContainerSet(206)) - Build ContainerSet costs 0s
2021-01-06 16:47:03,219 [Listener at 127.0.0.1/40037] INFO  server.RaftServer (ConfUtils.java:logGet(44)) - raft.rpc.type = GRPC (default)
2021-01-06 16:47:03,219 [Listener at 127.0.0.1/40037] INFO  grpc.GrpcFactory (GrpcFactory.java:checkPooledByteBufAllocatorUseCacheForAllThreads(48)) - PERFORMANCE WARNING: useCacheForAllThreads is true that may cause Netty to create a lot garbage objects and, as a result, trigger GC.
	It is recommended to disable useCacheForAllThreads by setting -Dorg.apache.ratis.thirdparty.io.netty.allocator.useCacheForAllThreads=false in command line.
2021-01-06 16:47:03,219 [Listener at 127.0.0.1/40037] INFO  grpc.GrpcConfigKeys (ConfUtils.java:logGet(44)) - raft.grpc.server.port = 0 (default)
2021-01-06 16:47:03,219 [Listener at 127.0.0.1/40037] INFO  server.GrpcService (ConfUtils.java:logGet(44)) - raft.grpc.message.size.max = 32MB (=33554432) (custom)
2021-01-06 16:47:03,219 [Listener at 127.0.0.1/40037] INFO  server.RaftServerConfigKeys (ConfUtils.java:logGet(44)) - raft.server.log.appender.buffer.byte-limit = 33554432 (custom)
2021-01-06 16:47:03,219 [Listener at 127.0.0.1/40037] INFO  server.GrpcService (ConfUtils.java:logGet(44)) - raft.grpc.flow.control.window = 5MB (=5242880) (custom)
2021-01-06 16:47:03,219 [Listener at 127.0.0.1/40037] INFO  server.RaftServerConfigKeys (ConfUtils.java:logGet(44)) - raft.server.rpc.request.timeout = 60s (custom)
2021-01-06 16:47:03,220 [Listener at 127.0.0.1/40037] INFO  impl.DataStreamServerImpl (ConfUtils.java:logGet(44)) - raft.datastream.type = DISABLED (default)
2021-01-06 16:47:03,220 [Listener at 127.0.0.1/40037] INFO  server.RaftServerConfigKeys (ConfUtils.java:logGet(44)) - raft.server.rpc.slowness.timeout = 300s (custom)
2021-01-06 16:47:03,220 [Listener at 127.0.0.1/40037] INFO  server.RaftServerConfigKeys (ConfUtils.java:logGet(44)) - raft.server.leaderelection.leader.step-down.wait-time = 10s (default)
2021-01-06 16:47:03,221 [Listener at 127.0.0.1/40037] INFO  server.RaftServerConfigKeys (ConfUtils.java:logGet(44)) - raft.server.storage.dir = [/github/workspace/mnt/ozone/hadoop-ozone/integration-test/target/test-dir/MiniOzoneClusterImpl-1d43af91-9f82-444b-8964-eb6d4844fd62/datanode-0/data/ratis] (custom)
2021-01-06 16:47:03,225 [Listener at 127.0.0.1/40037] INFO  http.BaseHttpServer (BaseHttpServer.java:newHttpServer2BuilderForOzone(207)) - Starting Web-server for hddsDatanode at: http://0.0.0.0:0
2021-01-06 16:47:03,225 [Listener at 127.0.0.1/40037] INFO  http.BaseHttpServer (BaseHttpServer.java:<init>(106)) - Hadoop Security Enabled: false Ozone Security Enabled: false Ozone HTTP Security Enabled: false 
2021-01-06 16:47:03,226 [Listener at 127.0.0.1/40037] INFO  server.AuthenticationFilter (AuthenticationFilter.java:constructSecretProvider(240)) - Unable to initialize FileSignerSecretProvider, falling back to use random secrets.
2021-01-06 16:47:03,226 [Listener at 127.0.0.1/40037] WARN  http.HttpRequestLog (HttpRequestLog.java:getRequestLog(103)) - Jetty request log can only be enabled using Log4j
2021-01-06 16:47:03,226 [Listener at 127.0.0.1/40037] INFO  http.HttpServer2 (HttpServer2.java:addGlobalFilter(1020)) - Added global filter 'safety' (class=org.apache.hadoop.hdds.server.http.HttpServer2$QuotingInputFilter)
2021-01-06 16:47:03,227 [Listener at 127.0.0.1/40037] INFO  http.HttpServer2 (HttpServer2.java:addFilter(996)) - Added filter static_user_filter (class=org.apache.hadoop.http.lib.StaticUserWebFilter$StaticUserFilter) to context hddsDatanode
2021-01-06 16:47:03,227 [Listener at 127.0.0.1/40037] INFO  http.HttpServer2 (HttpServer2.java:addFilter(1004)) - Added filter static_user_filter (class=org.apache.hadoop.http.lib.StaticUserWebFilter$StaticUserFilter) to context logs
2021-01-06 16:47:03,227 [Listener at 127.0.0.1/40037] INFO  http.HttpServer2 (HttpServer2.java:addFilter(1004)) - Added filter static_user_filter (class=org.apache.hadoop.http.lib.StaticUserWebFilter$StaticUserFilter) to context static
2021-01-06 16:47:03,227 [Listener at 127.0.0.1/40037] INFO  http.HttpServer2 (HttpServer2.java:bindListener(1238)) - Jetty bound to port 34901
2021-01-06 16:47:03,227 [Listener at 127.0.0.1/40037] INFO  server.Server (Server.java:doStart(375)) - jetty-9.4.34.v20201102; built: 2020-11-02T14:15:39.302Z; git: e46af88704a893fc12cb0e3bf46e2c7b48a009e7; jvm 1.8.0_232-b09
2021-01-06 16:47:03,228 [Listener at 127.0.0.1/40037] INFO  server.session (DefaultSessionIdManager.java:doStart(334)) - DefaultSessionIdManager workerName=node0
2021-01-06 16:47:03,228 [Listener at 127.0.0.1/40037] INFO  server.session (DefaultSessionIdManager.java:doStart(339)) - No SessionScavenger set, using defaults
2021-01-06 16:47:03,228 [Listener at 127.0.0.1/40037] INFO  server.session (HouseKeeper.java:startScavenging(132)) - node0 Scavenging every 660000ms
2021-01-06 16:47:03,229 [Listener at 127.0.0.1/40037] INFO  handler.ContextHandler (ContextHandler.java:doStart(916)) - Started o.e.j.s.ServletContextHandler@6dfd4db2{logs,/logs,file:///github/workspace/mnt/ozone/hadoop-ozone/integration-test/target/log,AVAILABLE}
2021-01-06 16:47:03,229 [Listener at 127.0.0.1/40037] INFO  handler.ContextHandler (ContextHandler.java:doStart(916)) - Started o.e.j.s.ServletContextHandler@33c440bb{static,/static,jar:file:/home/user/.m2/repository/org/apache/hadoop/hadoop-hdds-container-service/1.1.0-SNAPSHOT/hadoop-hdds-container-service-1.1.0-SNAPSHOT.jar!/webapps/static,AVAILABLE}
2021-01-06 16:47:03,362 [Listener at 127.0.0.1/40037] INFO  handler.ContextHandler (ContextHandler.java:doStart(916)) - Started o.e.j.w.WebAppContext@2190e7fd{hddsDatanode,/,file:///tmp/jetty-0_0_0_0-34901-hadoop-hdds-container-service-1_1_0-SNAPSHOT_jar-_-any-6113380441570325647/webapp/,AVAILABLE}{jar:file:/home/user/.m2/repository/org/apache/hadoop/hadoop-hdds-container-service/1.1.0-SNAPSHOT/hadoop-hdds-container-service-1.1.0-SNAPSHOT.jar!/webapps/hddsDatanode}
2021-01-06 16:47:03,368 [Listener at 127.0.0.1/40037] INFO  server.AbstractConnector (AbstractConnector.java:doStart(331)) - Started ServerConnector@5f8b60f3{HTTP/1.1, (http/1.1)}{0.0.0.0:34901}
2021-01-06 16:47:03,368 [Listener at 127.0.0.1/40037] INFO  server.Server (Server.java:doStart(415)) - Started @289644ms
2021-01-06 16:47:03,368 [Listener at 127.0.0.1/40037] WARN  impl.MetricsSystemImpl (MetricsSystemImpl.java:register(276)) - Sink prometheus already exists!
2021-01-06 16:47:03,372 [Listener at 127.0.0.1/40037] INFO  http.BaseHttpServer (BaseHttpServer.java:updateConnectorAddress(327)) - HTTP server of hddsDatanode listening at http://0.0.0.0:34901
2021-01-06 16:47:03,372 [Listener at 127.0.0.1/40037] INFO  impl.MetricsSystemImpl (MetricsSystemImpl.java:init(158)) - HddsDatanode metrics system started (again)
2021-01-06 16:47:03,373 [Listener at 127.0.0.1/40037] INFO  ozone.HddsDatanodeService (HddsDatanodeService.java:start(215)) - HddsDatanodeService host:d1d2f32d3d04 ip:172.17.0.2
2021-01-06 16:47:03,374 [Listener at 127.0.0.1/40037] INFO  volume.HddsVolume (HddsVolume.java:<init>(176)) - Creating Volume: /github/workspace/mnt/ozone/hadoop-ozone/integration-test/target/test-dir/MiniOzoneClusterImpl-1d43af91-9f82-444b-8964-eb6d4844fd62/datanode-1/data-0/containers/hdds of storage type : DISK and capacity : 9223372036854775807
2021-01-06 16:47:03,374 [Listener at 127.0.0.1/40037] INFO  volume.MutableVolumeSet (MutableVolumeSet.java:initializeVolumeSet(179)) - Added Volume : /github/workspace/mnt/ozone/hadoop-ozone/integration-test/target/test-dir/MiniOzoneClusterImpl-1d43af91-9f82-444b-8964-eb6d4844fd62/datanode-1/data-0/containers/hdds to VolumeSet
2021-01-06 16:47:03,374 [Listener at 127.0.0.1/40037] INFO  volume.ThrottledAsyncChecker (ThrottledAsyncChecker.java:schedule(141)) - Scheduling a check for /github/workspace/mnt/ozone/hadoop-ozone/integration-test/target/test-dir/MiniOzoneClusterImpl-1d43af91-9f82-444b-8964-eb6d4844fd62/datanode-1/data-0/containers/hdds
2021-01-06 16:47:03,376 [Listener at 127.0.0.1/40037] INFO  volume.HddsVolumeChecker (HddsVolumeChecker.java:checkAllVolumes(200)) - Scheduled health check for volume /github/workspace/mnt/ozone/hadoop-ozone/integration-test/target/test-dir/MiniOzoneClusterImpl-1d43af91-9f82-444b-8964-eb6d4844fd62/datanode-1/data-0/containers/hdds
2021-01-06 16:47:03,396 [org.apache.hadoop.util.JvmPauseMonitor$Monitor@2fd959c4] INFO  util.JvmPauseMonitor (JvmPauseMonitor.java:run(188)) - Starting JVM pause monitor
2021-01-06 16:47:03,396 [Datanode State Machine Task Thread - 0] INFO  datanode.InitDatanodeState (InitDatanodeState.java:persistContainerDatanodeDetails(145)) - DatanodeDetails is persisted to /github/workspace/mnt/ozone/hadoop-ozone/integration-test/target/test-dir/MiniOzoneClusterImpl-1d43af91-9f82-444b-8964-eb6d4844fd62/datanode-0/meta/datanode.id
2021-01-06 16:47:03,397 [Thread-4300] INFO  ozoneimpl.ContainerReader (ContainerReader.java:readVolume(123)) - Start to verify containers on volume /github/workspace/mnt/ozone/hadoop-ozone/integration-test/target/test-dir/MiniOzoneClusterImpl-1d43af91-9f82-444b-8964-eb6d4844fd62/datanode-1/data-0/containers/hdds
2021-01-06 16:47:03,397 [Thread-4300] INFO  ozoneimpl.ContainerReader (ContainerReader.java:readVolume(148)) - Finish verifying containers on volume /github/workspace/mnt/ozone/hadoop-ozone/integration-test/target/test-dir/MiniOzoneClusterImpl-1d43af91-9f82-444b-8964-eb6d4844fd62/datanode-1/data-0/containers/hdds
2021-01-06 16:47:03,397 [Listener at 127.0.0.1/40037] INFO  ozoneimpl.OzoneContainer (OzoneContainer.java:buildContainerSet(206)) - Build ContainerSet costs 0s
2021-01-06 16:47:03,398 [Listener at 127.0.0.1/40037] INFO  server.RaftServer (ConfUtils.java:logGet(44)) - raft.rpc.type = GRPC (default)
2021-01-06 16:47:03,398 [Listener at 127.0.0.1/40037] INFO  grpc.GrpcFactory (GrpcFactory.java:checkPooledByteBufAllocatorUseCacheForAllThreads(48)) - PERFORMANCE WARNING: useCacheForAllThreads is true that may cause Netty to create a lot garbage objects and, as a result, trigger GC.
	It is recommended to disable useCacheForAllThreads by setting -Dorg.apache.ratis.thirdparty.io.netty.allocator.useCacheForAllThreads=false in command line.
2021-01-06 16:47:03,398 [Listener at 127.0.0.1/40037] INFO  grpc.GrpcConfigKeys (ConfUtils.java:logGet(44)) - raft.grpc.server.port = 0 (default)
2021-01-06 16:47:03,399 [Listener at 127.0.0.1/40037] INFO  server.GrpcService (ConfUtils.java:logGet(44)) - raft.grpc.message.size.max = 32MB (=33554432) (custom)
2021-01-06 16:47:03,399 [Listener at 127.0.0.1/40037] INFO  server.RaftServerConfigKeys (ConfUtils.java:logGet(44)) - raft.server.log.appender.buffer.byte-limit = 33554432 (custom)
2021-01-06 16:47:03,399 [Listener at 127.0.0.1/40037] INFO  server.GrpcService (ConfUtils.java:logGet(44)) - raft.grpc.flow.control.window = 5MB (=5242880) (custom)
2021-01-06 16:47:03,399 [Listener at 127.0.0.1/40037] INFO  server.RaftServerConfigKeys (ConfUtils.java:logGet(44)) - raft.server.rpc.request.timeout = 60s (custom)
2021-01-06 16:47:03,400 [Listener at 127.0.0.1/40037] INFO  impl.DataStreamServerImpl (ConfUtils.java:logGet(44)) - raft.datastream.type = DISABLED (default)
2021-01-06 16:47:03,400 [Listener at 127.0.0.1/40037] INFO  server.RaftServerConfigKeys (ConfUtils.java:logGet(44)) - raft.server.rpc.slowness.timeout = 300s (custom)
2021-01-06 16:47:03,400 [Listener at 127.0.0.1/40037] INFO  server.RaftServerConfigKeys (ConfUtils.java:logGet(44)) - raft.server.leaderelection.leader.step-down.wait-time = 10s (default)
2021-01-06 16:47:03,400 [Listener at 127.0.0.1/40037] INFO  server.RaftServerConfigKeys (ConfUtils.java:logGet(44)) - raft.server.storage.dir = [/github/workspace/mnt/ozone/hadoop-ozone/integration-test/target/test-dir/MiniOzoneClusterImpl-1d43af91-9f82-444b-8964-eb6d4844fd62/datanode-1/data/ratis] (custom)
2021-01-06 16:47:03,405 [Listener at 127.0.0.1/40037] INFO  http.BaseHttpServer (BaseHttpServer.java:newHttpServer2BuilderForOzone(207)) - Starting Web-server for hddsDatanode at: http://0.0.0.0:0
2021-01-06 16:47:03,405 [Listener at 127.0.0.1/40037] INFO  http.BaseHttpServer (BaseHttpServer.java:<init>(106)) - Hadoop Security Enabled: false Ozone Security Enabled: false Ozone HTTP Security Enabled: false 
2021-01-06 16:47:03,406 [Listener at 127.0.0.1/40037] INFO  server.AuthenticationFilter (AuthenticationFilter.java:constructSecretProvider(240)) - Unable to initialize FileSignerSecretProvider, falling back to use random secrets.
2021-01-06 16:47:03,406 [Listener at 127.0.0.1/40037] WARN  http.HttpRequestLog (HttpRequestLog.java:getRequestLog(103)) - Jetty request log can only be enabled using Log4j
2021-01-06 16:47:03,407 [Listener at 127.0.0.1/40037] INFO  http.HttpServer2 (HttpServer2.java:addGlobalFilter(1020)) - Added global filter 'safety' (class=org.apache.hadoop.hdds.server.http.HttpServer2$QuotingInputFilter)
2021-01-06 16:47:03,407 [Listener at 127.0.0.1/40037] INFO  http.HttpServer2 (HttpServer2.java:addFilter(996)) - Added filter static_user_filter (class=org.apache.hadoop.http.lib.StaticUserWebFilter$StaticUserFilter) to context hddsDatanode
2021-01-06 16:47:03,407 [Listener at 127.0.0.1/40037] INFO  http.HttpServer2 (HttpServer2.java:addFilter(1004)) - Added filter static_user_filter (class=org.apache.hadoop.http.lib.StaticUserWebFilter$StaticUserFilter) to context logs
2021-01-06 16:47:03,407 [Listener at 127.0.0.1/40037] INFO  http.HttpServer2 (HttpServer2.java:addFilter(1004)) - Added filter static_user_filter (class=org.apache.hadoop.http.lib.StaticUserWebFilter$StaticUserFilter) to context static
2021-01-06 16:47:03,408 [Listener at 127.0.0.1/40037] INFO  http.HttpServer2 (HttpServer2.java:bindListener(1238)) - Jetty bound to port 43517
2021-01-06 16:47:03,408 [Listener at 127.0.0.1/40037] INFO  server.Server (Server.java:doStart(375)) - jetty-9.4.34.v20201102; built: 2020-11-02T14:15:39.302Z; git: e46af88704a893fc12cb0e3bf46e2c7b48a009e7; jvm 1.8.0_232-b09
2021-01-06 16:47:03,409 [Listener at 127.0.0.1/40037] INFO  server.session (DefaultSessionIdManager.java:doStart(334)) - DefaultSessionIdManager workerName=node0
2021-01-06 16:47:03,409 [Listener at 127.0.0.1/40037] INFO  server.session (DefaultSessionIdManager.java:doStart(339)) - No SessionScavenger set, using defaults
2021-01-06 16:47:03,409 [Listener at 127.0.0.1/40037] INFO  server.session (HouseKeeper.java:startScavenging(132)) - node0 Scavenging every 600000ms
2021-01-06 16:47:03,410 [Listener at 127.0.0.1/40037] INFO  handler.ContextHandler (ContextHandler.java:doStart(916)) - Started o.e.j.s.ServletContextHandler@23c424c6{logs,/logs,file:///github/workspace/mnt/ozone/hadoop-ozone/integration-test/target/log,AVAILABLE}
2021-01-06 16:47:03,410 [Listener at 127.0.0.1/40037] INFO  handler.ContextHandler (ContextHandler.java:doStart(916)) - Started o.e.j.s.ServletContextHandler@66c0a115{static,/static,jar:file:/home/user/.m2/repository/org/apache/hadoop/hadoop-hdds-container-service/1.1.0-SNAPSHOT/hadoop-hdds-container-service-1.1.0-SNAPSHOT.jar!/webapps/static,AVAILABLE}
2021-01-06 16:47:03,543 [Listener at 127.0.0.1/40037] INFO  handler.ContextHandler (ContextHandler.java:doStart(916)) - Started o.e.j.w.WebAppContext@7defd5f5{hddsDatanode,/,file:///tmp/jetty-0_0_0_0-43517-hadoop-hdds-container-service-1_1_0-SNAPSHOT_jar-_-any-1607295285402667694/webapp/,AVAILABLE}{jar:file:/home/user/.m2/repository/org/apache/hadoop/hadoop-hdds-container-service/1.1.0-SNAPSHOT/hadoop-hdds-container-service-1.1.0-SNAPSHOT.jar!/webapps/hddsDatanode}
2021-01-06 16:47:03,545 [Listener at 127.0.0.1/40037] INFO  server.AbstractConnector (AbstractConnector.java:doStart(331)) - Started ServerConnector@792b2318{HTTP/1.1, (http/1.1)}{0.0.0.0:43517}
2021-01-06 16:47:03,545 [Listener at 127.0.0.1/40037] INFO  server.Server (Server.java:doStart(415)) - Started @289821ms
2021-01-06 16:47:03,545 [Listener at 127.0.0.1/40037] WARN  impl.MetricsSystemImpl (MetricsSystemImpl.java:register(276)) - Sink prometheus already exists!
2021-01-06 16:47:03,548 [Listener at 127.0.0.1/40037] INFO  http.BaseHttpServer (BaseHttpServer.java:updateConnectorAddress(327)) - HTTP server of hddsDatanode listening at http://0.0.0.0:43517
2021-01-06 16:47:03,548 [Listener at 127.0.0.1/40037] INFO  impl.MetricsSystemImpl (MetricsSystemImpl.java:init(158)) - HddsDatanode metrics system started (again)
2021-01-06 16:47:03,549 [Listener at 127.0.0.1/40037] INFO  ozone.HddsDatanodeService (HddsDatanodeService.java:start(215)) - HddsDatanodeService host:d1d2f32d3d04 ip:172.17.0.2
2021-01-06 16:47:03,556 [org.apache.hadoop.util.JvmPauseMonitor$Monitor@5c977f25] INFO  util.JvmPauseMonitor (JvmPauseMonitor.java:run(188)) - Starting JVM pause monitor
2021-01-06 16:47:03,556 [Listener at 127.0.0.1/40037] INFO  volume.HddsVolume (HddsVolume.java:<init>(176)) - Creating Volume: /github/workspace/mnt/ozone/hadoop-ozone/integration-test/target/test-dir/MiniOzoneClusterImpl-1d43af91-9f82-444b-8964-eb6d4844fd62/datanode-2/data-0/containers/hdds of storage type : DISK and capacity : 9223372036854775807
2021-01-06 16:47:03,557 [Listener at 127.0.0.1/40037] INFO  volume.MutableVolumeSet (MutableVolumeSet.java:initializeVolumeSet(179)) - Added Volume : /github/workspace/mnt/ozone/hadoop-ozone/integration-test/target/test-dir/MiniOzoneClusterImpl-1d43af91-9f82-444b-8964-eb6d4844fd62/datanode-2/data-0/containers/hdds to VolumeSet
2021-01-06 16:47:03,557 [Listener at 127.0.0.1/40037] INFO  volume.ThrottledAsyncChecker (ThrottledAsyncChecker.java:schedule(141)) - Scheduling a check for /github/workspace/mnt/ozone/hadoop-ozone/integration-test/target/test-dir/MiniOzoneClusterImpl-1d43af91-9f82-444b-8964-eb6d4844fd62/datanode-2/data-0/containers/hdds
2021-01-06 16:47:03,557 [Datanode State Machine Task Thread - 0] INFO  datanode.InitDatanodeState (InitDatanodeState.java:persistContainerDatanodeDetails(145)) - DatanodeDetails is persisted to /github/workspace/mnt/ozone/hadoop-ozone/integration-test/target/test-dir/MiniOzoneClusterImpl-1d43af91-9f82-444b-8964-eb6d4844fd62/datanode-1/meta/datanode.id
2021-01-06 16:47:03,558 [Listener at 127.0.0.1/40037] INFO  volume.HddsVolumeChecker (HddsVolumeChecker.java:checkAllVolumes(200)) - Scheduled health check for volume /github/workspace/mnt/ozone/hadoop-ozone/integration-test/target/test-dir/MiniOzoneClusterImpl-1d43af91-9f82-444b-8964-eb6d4844fd62/datanode-2/data-0/containers/hdds
2021-01-06 16:47:03,569 [Thread-4313] INFO  ozoneimpl.ContainerReader (ContainerReader.java:readVolume(123)) - Start to verify containers on volume /github/workspace/mnt/ozone/hadoop-ozone/integration-test/target/test-dir/MiniOzoneClusterImpl-1d43af91-9f82-444b-8964-eb6d4844fd62/datanode-2/data-0/containers/hdds
2021-01-06 16:47:03,569 [Thread-4313] INFO  ozoneimpl.ContainerReader (ContainerReader.java:readVolume(148)) - Finish verifying containers on volume /github/workspace/mnt/ozone/hadoop-ozone/integration-test/target/test-dir/MiniOzoneClusterImpl-1d43af91-9f82-444b-8964-eb6d4844fd62/datanode-2/data-0/containers/hdds
2021-01-06 16:47:03,569 [Listener at 127.0.0.1/40037] INFO  ozoneimpl.OzoneContainer (OzoneContainer.java:buildContainerSet(206)) - Build ContainerSet costs 0s
2021-01-06 16:47:03,570 [Listener at 127.0.0.1/40037] INFO  server.RaftServer (ConfUtils.java:logGet(44)) - raft.rpc.type = GRPC (default)
2021-01-06 16:47:03,570 [Listener at 127.0.0.1/40037] INFO  grpc.GrpcFactory (GrpcFactory.java:checkPooledByteBufAllocatorUseCacheForAllThreads(48)) - PERFORMANCE WARNING: useCacheForAllThreads is true that may cause Netty to create a lot garbage objects and, as a result, trigger GC.
	It is recommended to disable useCacheForAllThreads by setting -Dorg.apache.ratis.thirdparty.io.netty.allocator.useCacheForAllThreads=false in command line.
2021-01-06 16:47:03,570 [Listener at 127.0.0.1/40037] INFO  grpc.GrpcConfigKeys (ConfUtils.java:logGet(44)) - raft.grpc.server.port = 0 (default)
2021-01-06 16:47:03,570 [Listener at 127.0.0.1/40037] INFO  server.GrpcService (ConfUtils.java:logGet(44)) - raft.grpc.message.size.max = 32MB (=33554432) (custom)
2021-01-06 16:47:03,571 [Listener at 127.0.0.1/40037] INFO  server.RaftServerConfigKeys (ConfUtils.java:logGet(44)) - raft.server.log.appender.buffer.byte-limit = 33554432 (custom)
2021-01-06 16:47:03,571 [Listener at 127.0.0.1/40037] INFO  server.GrpcService (ConfUtils.java:logGet(44)) - raft.grpc.flow.control.window = 5MB (=5242880) (custom)
2021-01-06 16:47:03,571 [Listener at 127.0.0.1/40037] INFO  server.RaftServerConfigKeys (ConfUtils.java:logGet(44)) - raft.server.rpc.request.timeout = 60s (custom)
2021-01-06 16:47:03,571 [Listener at 127.0.0.1/40037] INFO  impl.DataStreamServerImpl (ConfUtils.java:logGet(44)) - raft.datastream.type = DISABLED (default)
2021-01-06 16:47:03,572 [Listener at 127.0.0.1/40037] INFO  server.RaftServerConfigKeys (ConfUtils.java:logGet(44)) - raft.server.rpc.slowness.timeout = 300s (custom)
2021-01-06 16:47:03,572 [Listener at 127.0.0.1/40037] INFO  server.RaftServerConfigKeys (ConfUtils.java:logGet(44)) - raft.server.leaderelection.leader.step-down.wait-time = 10s (default)
2021-01-06 16:47:03,572 [Listener at 127.0.0.1/40037] INFO  server.RaftServerConfigKeys (ConfUtils.java:logGet(44)) - raft.server.storage.dir = [/github/workspace/mnt/ozone/hadoop-ozone/integration-test/target/test-dir/MiniOzoneClusterImpl-1d43af91-9f82-444b-8964-eb6d4844fd62/datanode-2/data/ratis] (custom)
2021-01-06 16:47:03,576 [Listener at 127.0.0.1/40037] INFO  http.BaseHttpServer (BaseHttpServer.java:newHttpServer2BuilderForOzone(207)) - Starting Web-server for hddsDatanode at: http://0.0.0.0:0
2021-01-06 16:47:03,576 [Listener at 127.0.0.1/40037] INFO  http.BaseHttpServer (BaseHttpServer.java:<init>(106)) - Hadoop Security Enabled: false Ozone Security Enabled: false Ozone HTTP Security Enabled: false 
2021-01-06 16:47:03,577 [Listener at 127.0.0.1/40037] INFO  server.AuthenticationFilter (AuthenticationFilter.java:constructSecretProvider(240)) - Unable to initialize FileSignerSecretProvider, falling back to use random secrets.
2021-01-06 16:47:03,577 [Listener at 127.0.0.1/40037] WARN  http.HttpRequestLog (HttpRequestLog.java:getRequestLog(103)) - Jetty request log can only be enabled using Log4j
2021-01-06 16:47:03,577 [Listener at 127.0.0.1/40037] INFO  http.HttpServer2 (HttpServer2.java:addGlobalFilter(1020)) - Added global filter 'safety' (class=org.apache.hadoop.hdds.server.http.HttpServer2$QuotingInputFilter)
2021-01-06 16:47:03,578 [Listener at 127.0.0.1/40037] INFO  http.HttpServer2 (HttpServer2.java:addFilter(996)) - Added filter static_user_filter (class=org.apache.hadoop.http.lib.StaticUserWebFilter$StaticUserFilter) to context hddsDatanode
2021-01-06 16:47:03,578 [Listener at 127.0.0.1/40037] INFO  http.HttpServer2 (HttpServer2.java:addFilter(1004)) - Added filter static_user_filter (class=org.apache.hadoop.http.lib.StaticUserWebFilter$StaticUserFilter) to context logs
2021-01-06 16:47:03,578 [Listener at 127.0.0.1/40037] INFO  http.HttpServer2 (HttpServer2.java:addFilter(1004)) - Added filter static_user_filter (class=org.apache.hadoop.http.lib.StaticUserWebFilter$StaticUserFilter) to context static
2021-01-06 16:47:03,578 [Listener at 127.0.0.1/40037] INFO  http.HttpServer2 (HttpServer2.java:bindListener(1238)) - Jetty bound to port 43243
2021-01-06 16:47:03,578 [Listener at 127.0.0.1/40037] INFO  server.Server (Server.java:doStart(375)) - jetty-9.4.34.v20201102; built: 2020-11-02T14:15:39.302Z; git: e46af88704a893fc12cb0e3bf46e2c7b48a009e7; jvm 1.8.0_232-b09
2021-01-06 16:47:03,579 [Listener at 127.0.0.1/40037] INFO  server.session (DefaultSessionIdManager.java:doStart(334)) - DefaultSessionIdManager workerName=node0
2021-01-06 16:47:03,579 [Listener at 127.0.0.1/40037] INFO  server.session (DefaultSessionIdManager.java:doStart(339)) - No SessionScavenger set, using defaults
2021-01-06 16:47:03,579 [Listener at 127.0.0.1/40037] INFO  server.session (HouseKeeper.java:startScavenging(132)) - node0 Scavenging every 600000ms
2021-01-06 16:47:03,580 [Listener at 127.0.0.1/40037] INFO  handler.ContextHandler (ContextHandler.java:doStart(916)) - Started o.e.j.s.ServletContextHandler@22125b57{logs,/logs,file:///github/workspace/mnt/ozone/hadoop-ozone/integration-test/target/log,AVAILABLE}
2021-01-06 16:47:03,580 [Listener at 127.0.0.1/40037] INFO  handler.ContextHandler (ContextHandler.java:doStart(916)) - Started o.e.j.s.ServletContextHandler@11619ade{static,/static,jar:file:/home/user/.m2/repository/org/apache/hadoop/hadoop-hdds-container-service/1.1.0-SNAPSHOT/hadoop-hdds-container-service-1.1.0-SNAPSHOT.jar!/webapps/static,AVAILABLE}
2021-01-06 16:47:03,714 [Listener at 127.0.0.1/40037] INFO  handler.ContextHandler (ContextHandler.java:doStart(916)) - Started o.e.j.w.WebAppContext@16641839{hddsDatanode,/,file:///tmp/jetty-0_0_0_0-43243-hadoop-hdds-container-service-1_1_0-SNAPSHOT_jar-_-any-1755539161326684032/webapp/,AVAILABLE}{jar:file:/home/user/.m2/repository/org/apache/hadoop/hadoop-hdds-container-service/1.1.0-SNAPSHOT/hadoop-hdds-container-service-1.1.0-SNAPSHOT.jar!/webapps/hddsDatanode}
2021-01-06 16:47:03,715 [Listener at 127.0.0.1/40037] INFO  server.AbstractConnector (AbstractConnector.java:doStart(331)) - Started ServerConnector@234cfd94{HTTP/1.1, (http/1.1)}{0.0.0.0:43243}
2021-01-06 16:47:03,715 [Listener at 127.0.0.1/40037] INFO  server.Server (Server.java:doStart(415)) - Started @289992ms
2021-01-06 16:47:03,715 [Listener at 127.0.0.1/40037] WARN  impl.MetricsSystemImpl (MetricsSystemImpl.java:register(276)) - Sink prometheus already exists!
2021-01-06 16:47:03,718 [Listener at 127.0.0.1/40037] INFO  http.BaseHttpServer (BaseHttpServer.java:updateConnectorAddress(327)) - HTTP server of hddsDatanode listening at http://0.0.0.0:43243
2021-01-06 16:47:03,718 [Listener at 127.0.0.1/40037] INFO  impl.MetricsSystemImpl (MetricsSystemImpl.java:init(158)) - HddsDatanode metrics system started (again)
2021-01-06 16:47:03,719 [Listener at 127.0.0.1/40037] INFO  ozone.HddsDatanodeService (HddsDatanodeService.java:start(215)) - HddsDatanodeService host:d1d2f32d3d04 ip:172.17.0.2
2021-01-06 16:47:03,720 [org.apache.hadoop.util.JvmPauseMonitor$Monitor@e7e4f3c] INFO  util.JvmPauseMonitor (JvmPauseMonitor.java:run(188)) - Starting JVM pause monitor
2021-01-06 16:47:03,720 [Datanode State Machine Task Thread - 0] INFO  datanode.InitDatanodeState (InitDatanodeState.java:persistContainerDatanodeDetails(145)) - DatanodeDetails is persisted to /github/workspace/mnt/ozone/hadoop-ozone/integration-test/target/test-dir/MiniOzoneClusterImpl-1d43af91-9f82-444b-8964-eb6d4844fd62/datanode-2/meta/datanode.id
2021-01-06 16:47:03,721 [Listener at 127.0.0.1/40037] INFO  volume.HddsVolume (HddsVolume.java:<init>(176)) - Creating Volume: /github/workspace/mnt/ozone/hadoop-ozone/integration-test/target/test-dir/MiniOzoneClusterImpl-1d43af91-9f82-444b-8964-eb6d4844fd62/datanode-3/data-0/containers/hdds of storage type : DISK and capacity : 9223372036854775807
2021-01-06 16:47:03,721 [Listener at 127.0.0.1/40037] INFO  volume.MutableVolumeSet (MutableVolumeSet.java:initializeVolumeSet(179)) - Added Volume : /github/workspace/mnt/ozone/hadoop-ozone/integration-test/target/test-dir/MiniOzoneClusterImpl-1d43af91-9f82-444b-8964-eb6d4844fd62/datanode-3/data-0/containers/hdds to VolumeSet
2021-01-06 16:47:03,721 [Listener at 127.0.0.1/40037] INFO  volume.ThrottledAsyncChecker (ThrottledAsyncChecker.java:schedule(141)) - Scheduling a check for /github/workspace/mnt/ozone/hadoop-ozone/integration-test/target/test-dir/MiniOzoneClusterImpl-1d43af91-9f82-444b-8964-eb6d4844fd62/datanode-3/data-0/containers/hdds
2021-01-06 16:47:03,722 [Listener at 127.0.0.1/40037] INFO  volume.HddsVolumeChecker (HddsVolumeChecker.java:checkAllVolumes(200)) - Scheduled health check for volume /github/workspace/mnt/ozone/hadoop-ozone/integration-test/target/test-dir/MiniOzoneClusterImpl-1d43af91-9f82-444b-8964-eb6d4844fd62/datanode-3/data-0/containers/hdds
2021-01-06 16:47:03,736 [Thread-4324] INFO  ozoneimpl.ContainerReader (ContainerReader.java:readVolume(123)) - Start to verify containers on volume /github/workspace/mnt/ozone/hadoop-ozone/integration-test/target/test-dir/MiniOzoneClusterImpl-1d43af91-9f82-444b-8964-eb6d4844fd62/datanode-3/data-0/containers/hdds
2021-01-06 16:47:03,736 [Thread-4324] INFO  ozoneimpl.ContainerReader (ContainerReader.java:readVolume(148)) - Finish verifying containers on volume /github/workspace/mnt/ozone/hadoop-ozone/integration-test/target/test-dir/MiniOzoneClusterImpl-1d43af91-9f82-444b-8964-eb6d4844fd62/datanode-3/data-0/containers/hdds
2021-01-06 16:47:03,736 [Listener at 127.0.0.1/40037] INFO  ozoneimpl.OzoneContainer (OzoneContainer.java:buildContainerSet(206)) - Build ContainerSet costs 0s
2021-01-06 16:47:03,737 [Listener at 127.0.0.1/40037] INFO  server.RaftServer (ConfUtils.java:logGet(44)) - raft.rpc.type = GRPC (default)
2021-01-06 16:47:03,738 [Listener at 127.0.0.1/40037] INFO  grpc.GrpcFactory (GrpcFactory.java:checkPooledByteBufAllocatorUseCacheForAllThreads(48)) - PERFORMANCE WARNING: useCacheForAllThreads is true that may cause Netty to create a lot garbage objects and, as a result, trigger GC.
	It is recommended to disable useCacheForAllThreads by setting -Dorg.apache.ratis.thirdparty.io.netty.allocator.useCacheForAllThreads=false in command line.
2021-01-06 16:47:03,738 [Listener at 127.0.0.1/40037] INFO  grpc.GrpcConfigKeys (ConfUtils.java:logGet(44)) - raft.grpc.server.port = 0 (default)
2021-01-06 16:47:03,738 [Listener at 127.0.0.1/40037] INFO  server.GrpcService (ConfUtils.java:logGet(44)) - raft.grpc.message.size.max = 32MB (=33554432) (custom)
2021-01-06 16:47:03,738 [Listener at 127.0.0.1/40037] INFO  server.RaftServerConfigKeys (ConfUtils.java:logGet(44)) - raft.server.log.appender.buffer.byte-limit = 33554432 (custom)
2021-01-06 16:47:03,738 [Listener at 127.0.0.1/40037] INFO  server.GrpcService (ConfUtils.java:logGet(44)) - raft.grpc.flow.control.window = 5MB (=5242880) (custom)
2021-01-06 16:47:03,738 [Listener at 127.0.0.1/40037] INFO  server.RaftServerConfigKeys (ConfUtils.java:logGet(44)) - raft.server.rpc.request.timeout = 60s (custom)
2021-01-06 16:47:03,739 [Listener at 127.0.0.1/40037] INFO  impl.DataStreamServerImpl (ConfUtils.java:logGet(44)) - raft.datastream.type = DISABLED (default)
2021-01-06 16:47:03,739 [Listener at 127.0.0.1/40037] INFO  server.RaftServerConfigKeys (ConfUtils.java:logGet(44)) - raft.server.rpc.slowness.timeout = 300s (custom)
2021-01-06 16:47:03,739 [Listener at 127.0.0.1/40037] INFO  server.RaftServerConfigKeys (ConfUtils.java:logGet(44)) - raft.server.leaderelection.leader.step-down.wait-time = 10s (default)
2021-01-06 16:47:03,739 [Listener at 127.0.0.1/40037] INFO  server.RaftServerConfigKeys (ConfUtils.java:logGet(44)) - raft.server.storage.dir = [/github/workspace/mnt/ozone/hadoop-ozone/integration-test/target/test-dir/MiniOzoneClusterImpl-1d43af91-9f82-444b-8964-eb6d4844fd62/datanode-3/data/ratis] (custom)
2021-01-06 16:47:03,743 [Listener at 127.0.0.1/40037] INFO  http.BaseHttpServer (BaseHttpServer.java:newHttpServer2BuilderForOzone(207)) - Starting Web-server for hddsDatanode at: http://0.0.0.0:0
2021-01-06 16:47:03,743 [Listener at 127.0.0.1/40037] INFO  http.BaseHttpServer (BaseHttpServer.java:<init>(106)) - Hadoop Security Enabled: false Ozone Security Enabled: false Ozone HTTP Security Enabled: false 
2021-01-06 16:47:03,744 [Listener at 127.0.0.1/40037] INFO  server.AuthenticationFilter (AuthenticationFilter.java:constructSecretProvider(240)) - Unable to initialize FileSignerSecretProvider, falling back to use random secrets.
2021-01-06 16:47:03,744 [Listener at 127.0.0.1/40037] WARN  http.HttpRequestLog (HttpRequestLog.java:getRequestLog(103)) - Jetty request log can only be enabled using Log4j
2021-01-06 16:47:03,745 [Listener at 127.0.0.1/40037] INFO  http.HttpServer2 (HttpServer2.java:addGlobalFilter(1020)) - Added global filter 'safety' (class=org.apache.hadoop.hdds.server.http.HttpServer2$QuotingInputFilter)
2021-01-06 16:47:03,745 [Listener at 127.0.0.1/40037] INFO  http.HttpServer2 (HttpServer2.java:addFilter(996)) - Added filter static_user_filter (class=org.apache.hadoop.http.lib.StaticUserWebFilter$StaticUserFilter) to context hddsDatanode
2021-01-06 16:47:03,745 [Listener at 127.0.0.1/40037] INFO  http.HttpServer2 (HttpServer2.java:addFilter(1004)) - Added filter static_user_filter (class=org.apache.hadoop.http.lib.StaticUserWebFilter$StaticUserFilter) to context logs
2021-01-06 16:47:03,745 [Listener at 127.0.0.1/40037] INFO  http.HttpServer2 (HttpServer2.java:addFilter(1004)) - Added filter static_user_filter (class=org.apache.hadoop.http.lib.StaticUserWebFilter$StaticUserFilter) to context static
2021-01-06 16:47:03,746 [Listener at 127.0.0.1/40037] INFO  http.HttpServer2 (HttpServer2.java:bindListener(1238)) - Jetty bound to port 45345
2021-01-06 16:47:03,746 [Listener at 127.0.0.1/40037] INFO  server.Server (Server.java:doStart(375)) - jetty-9.4.34.v20201102; built: 2020-11-02T14:15:39.302Z; git: e46af88704a893fc12cb0e3bf46e2c7b48a009e7; jvm 1.8.0_232-b09
2021-01-06 16:47:03,747 [Listener at 127.0.0.1/40037] INFO  server.session (DefaultSessionIdManager.java:doStart(334)) - DefaultSessionIdManager workerName=node0
2021-01-06 16:47:03,747 [Listener at 127.0.0.1/40037] INFO  server.session (DefaultSessionIdManager.java:doStart(339)) - No SessionScavenger set, using defaults
2021-01-06 16:47:03,747 [Listener at 127.0.0.1/40037] INFO  server.session (HouseKeeper.java:startScavenging(132)) - node0 Scavenging every 600000ms
2021-01-06 16:47:03,747 [Listener at 127.0.0.1/40037] INFO  handler.ContextHandler (ContextHandler.java:doStart(916)) - Started o.e.j.s.ServletContextHandler@20d4fdff{logs,/logs,file:///github/workspace/mnt/ozone/hadoop-ozone/integration-test/target/log,AVAILABLE}
2021-01-06 16:47:03,748 [Listener at 127.0.0.1/40037] INFO  handler.ContextHandler (ContextHandler.java:doStart(916)) - Started o.e.j.s.ServletContextHandler@3edb7be5{static,/static,jar:file:/home/user/.m2/repository/org/apache/hadoop/hadoop-hdds-container-service/1.1.0-SNAPSHOT/hadoop-hdds-container-service-1.1.0-SNAPSHOT.jar!/webapps/static,AVAILABLE}
2021-01-06 16:47:03,881 [Listener at 127.0.0.1/40037] INFO  handler.ContextHandler (ContextHandler.java:doStart(916)) - Started o.e.j.w.WebAppContext@5bc369e8{hddsDatanode,/,file:///tmp/jetty-0_0_0_0-45345-hadoop-hdds-container-service-1_1_0-SNAPSHOT_jar-_-any-8282191336170084911/webapp/,AVAILABLE}{jar:file:/home/user/.m2/repository/org/apache/hadoop/hadoop-hdds-container-service/1.1.0-SNAPSHOT/hadoop-hdds-container-service-1.1.0-SNAPSHOT.jar!/webapps/hddsDatanode}
2021-01-06 16:47:03,882 [Listener at 127.0.0.1/40037] INFO  server.AbstractConnector (AbstractConnector.java:doStart(331)) - Started ServerConnector@53f04a20{HTTP/1.1, (http/1.1)}{0.0.0.0:45345}
2021-01-06 16:47:03,882 [Listener at 127.0.0.1/40037] INFO  server.Server (Server.java:doStart(415)) - Started @290159ms
2021-01-06 16:47:03,882 [Listener at 127.0.0.1/40037] WARN  impl.MetricsSystemImpl (MetricsSystemImpl.java:register(276)) - Sink prometheus already exists!
2021-01-06 16:47:03,885 [Listener at 127.0.0.1/40037] INFO  http.BaseHttpServer (BaseHttpServer.java:updateConnectorAddress(327)) - HTTP server of hddsDatanode listening at http://0.0.0.0:45345
2021-01-06 16:47:03,886 [Listener at 127.0.0.1/40037] INFO  impl.MetricsSystemImpl (MetricsSystemImpl.java:init(158)) - HddsDatanode metrics system started (again)
2021-01-06 16:47:03,887 [Listener at 127.0.0.1/40037] INFO  ozone.HddsDatanodeService (HddsDatanodeService.java:start(215)) - HddsDatanodeService host:d1d2f32d3d04 ip:172.17.0.2
2021-01-06 16:47:03,888 [org.apache.hadoop.util.JvmPauseMonitor$Monitor@27667e8a] INFO  util.JvmPauseMonitor (JvmPauseMonitor.java:run(188)) - Starting JVM pause monitor
2021-01-06 16:47:03,888 [Listener at 127.0.0.1/40037] INFO  volume.HddsVolume (HddsVolume.java:<init>(176)) - Creating Volume: /github/workspace/mnt/ozone/hadoop-ozone/integration-test/target/test-dir/MiniOzoneClusterImpl-1d43af91-9f82-444b-8964-eb6d4844fd62/datanode-4/data-0/containers/hdds of storage type : DISK and capacity : 9223372036854775807
2021-01-06 16:47:03,889 [Listener at 127.0.0.1/40037] INFO  volume.MutableVolumeSet (MutableVolumeSet.java:initializeVolumeSet(179)) - Added Volume : /github/workspace/mnt/ozone/hadoop-ozone/integration-test/target/test-dir/MiniOzoneClusterImpl-1d43af91-9f82-444b-8964-eb6d4844fd62/datanode-4/data-0/containers/hdds to VolumeSet
2021-01-06 16:47:03,889 [Listener at 127.0.0.1/40037] INFO  volume.ThrottledAsyncChecker (ThrottledAsyncChecker.java:schedule(141)) - Scheduling a check for /github/workspace/mnt/ozone/hadoop-ozone/integration-test/target/test-dir/MiniOzoneClusterImpl-1d43af91-9f82-444b-8964-eb6d4844fd62/datanode-4/data-0/containers/hdds
2021-01-06 16:47:03,889 [Datanode State Machine Task Thread - 0] INFO  datanode.InitDatanodeState (InitDatanodeState.java:persistContainerDatanodeDetails(145)) - DatanodeDetails is persisted to /github/workspace/mnt/ozone/hadoop-ozone/integration-test/target/test-dir/MiniOzoneClusterImpl-1d43af91-9f82-444b-8964-eb6d4844fd62/datanode-3/meta/datanode.id
2021-01-06 16:47:03,890 [Listener at 127.0.0.1/40037] INFO  volume.HddsVolumeChecker (HddsVolumeChecker.java:checkAllVolumes(200)) - Scheduled health check for volume /github/workspace/mnt/ozone/hadoop-ozone/integration-test/target/test-dir/MiniOzoneClusterImpl-1d43af91-9f82-444b-8964-eb6d4844fd62/datanode-4/data-0/containers/hdds
2021-01-06 16:47:03,900 [Thread-4335] INFO  ozoneimpl.ContainerReader (ContainerReader.java:readVolume(123)) - Start to verify containers on volume /github/workspace/mnt/ozone/hadoop-ozone/integration-test/target/test-dir/MiniOzoneClusterImpl-1d43af91-9f82-444b-8964-eb6d4844fd62/datanode-4/data-0/containers/hdds
2021-01-06 16:47:03,900 [Thread-4335] INFO  ozoneimpl.ContainerReader (ContainerReader.java:readVolume(148)) - Finish verifying containers on volume /github/workspace/mnt/ozone/hadoop-ozone/integration-test/target/test-dir/MiniOzoneClusterImpl-1d43af91-9f82-444b-8964-eb6d4844fd62/datanode-4/data-0/containers/hdds
2021-01-06 16:47:03,900 [Listener at 127.0.0.1/40037] INFO  ozoneimpl.OzoneContainer (OzoneContainer.java:buildContainerSet(206)) - Build ContainerSet costs 0s
2021-01-06 16:47:03,901 [Listener at 127.0.0.1/40037] INFO  server.RaftServer (ConfUtils.java:logGet(44)) - raft.rpc.type = GRPC (default)
2021-01-06 16:47:03,902 [Listener at 127.0.0.1/40037] INFO  grpc.GrpcFactory (GrpcFactory.java:checkPooledByteBufAllocatorUseCacheForAllThreads(48)) - PERFORMANCE WARNING: useCacheForAllThreads is true that may cause Netty to create a lot garbage objects and, as a result, trigger GC.
	It is recommended to disable useCacheForAllThreads by setting -Dorg.apache.ratis.thirdparty.io.netty.allocator.useCacheForAllThreads=false in command line.
2021-01-06 16:47:03,902 [Listener at 127.0.0.1/40037] INFO  grpc.GrpcConfigKeys (ConfUtils.java:logGet(44)) - raft.grpc.server.port = 0 (default)
2021-01-06 16:47:03,902 [Listener at 127.0.0.1/40037] INFO  server.GrpcService (ConfUtils.java:logGet(44)) - raft.grpc.message.size.max = 32MB (=33554432) (custom)
2021-01-06 16:47:03,902 [Listener at 127.0.0.1/40037] INFO  server.RaftServerConfigKeys (ConfUtils.java:logGet(44)) - raft.server.log.appender.buffer.byte-limit = 33554432 (custom)
2021-01-06 16:47:03,902 [Listener at 127.0.0.1/40037] INFO  server.GrpcService (ConfUtils.java:logGet(44)) - raft.grpc.flow.control.window = 5MB (=5242880) (custom)
2021-01-06 16:47:03,902 [Listener at 127.0.0.1/40037] INFO  server.RaftServerConfigKeys (ConfUtils.java:logGet(44)) - raft.server.rpc.request.timeout = 60s (custom)
2021-01-06 16:47:03,903 [Listener at 127.0.0.1/40037] INFO  impl.DataStreamServerImpl (ConfUtils.java:logGet(44)) - raft.datastream.type = DISABLED (default)
2021-01-06 16:47:03,903 [Listener at 127.0.0.1/40037] INFO  server.RaftServerConfigKeys (ConfUtils.java:logGet(44)) - raft.server.rpc.slowness.timeout = 300s (custom)
2021-01-06 16:47:03,903 [Listener at 127.0.0.1/40037] INFO  server.RaftServerConfigKeys (ConfUtils.java:logGet(44)) - raft.server.leaderelection.leader.step-down.wait-time = 10s (default)
2021-01-06 16:47:03,903 [Listener at 127.0.0.1/40037] INFO  server.RaftServerConfigKeys (ConfUtils.java:logGet(44)) - raft.server.storage.dir = [/github/workspace/mnt/ozone/hadoop-ozone/integration-test/target/test-dir/MiniOzoneClusterImpl-1d43af91-9f82-444b-8964-eb6d4844fd62/datanode-4/data/ratis] (custom)
2021-01-06 16:47:03,907 [Listener at 127.0.0.1/40037] INFO  http.BaseHttpServer (BaseHttpServer.java:newHttpServer2BuilderForOzone(207)) - Starting Web-server for hddsDatanode at: http://0.0.0.0:0
2021-01-06 16:47:03,907 [Listener at 127.0.0.1/40037] INFO  http.BaseHttpServer (BaseHttpServer.java:<init>(106)) - Hadoop Security Enabled: false Ozone Security Enabled: false Ozone HTTP Security Enabled: false 
2021-01-06 16:47:03,908 [Listener at 127.0.0.1/40037] INFO  server.AuthenticationFilter (AuthenticationFilter.java:constructSecretProvider(240)) - Unable to initialize FileSignerSecretProvider, falling back to use random secrets.
2021-01-06 16:47:03,908 [Listener at 127.0.0.1/40037] WARN  http.HttpRequestLog (HttpRequestLog.java:getRequestLog(103)) - Jetty request log can only be enabled using Log4j
2021-01-06 16:47:03,909 [Listener at 127.0.0.1/40037] INFO  http.HttpServer2 (HttpServer2.java:addGlobalFilter(1020)) - Added global filter 'safety' (class=org.apache.hadoop.hdds.server.http.HttpServer2$QuotingInputFilter)
2021-01-06 16:47:03,909 [Listener at 127.0.0.1/40037] INFO  http.HttpServer2 (HttpServer2.java:addFilter(996)) - Added filter static_user_filter (class=org.apache.hadoop.http.lib.StaticUserWebFilter$StaticUserFilter) to context hddsDatanode
2021-01-06 16:47:03,909 [Listener at 127.0.0.1/40037] INFO  http.HttpServer2 (HttpServer2.java:addFilter(1004)) - Added filter static_user_filter (class=org.apache.hadoop.http.lib.StaticUserWebFilter$StaticUserFilter) to context static
2021-01-06 16:47:03,909 [Listener at 127.0.0.1/40037] INFO  http.HttpServer2 (HttpServer2.java:addFilter(1004)) - Added filter static_user_filter (class=org.apache.hadoop.http.lib.StaticUserWebFilter$StaticUserFilter) to context logs
2021-01-06 16:47:03,909 [Listener at 127.0.0.1/40037] INFO  http.HttpServer2 (HttpServer2.java:bindListener(1238)) - Jetty bound to port 35999
2021-01-06 16:47:03,910 [Listener at 127.0.0.1/40037] INFO  server.Server (Server.java:doStart(375)) - jetty-9.4.34.v20201102; built: 2020-11-02T14:15:39.302Z; git: e46af88704a893fc12cb0e3bf46e2c7b48a009e7; jvm 1.8.0_232-b09
2021-01-06 16:47:03,910 [Listener at 127.0.0.1/40037] INFO  server.session (DefaultSessionIdManager.java:doStart(334)) - DefaultSessionIdManager workerName=node0
2021-01-06 16:47:03,910 [Listener at 127.0.0.1/40037] INFO  server.session (DefaultSessionIdManager.java:doStart(339)) - No SessionScavenger set, using defaults
2021-01-06 16:47:03,911 [Listener at 127.0.0.1/40037] INFO  server.session (HouseKeeper.java:startScavenging(132)) - node0 Scavenging every 600000ms
2021-01-06 16:47:03,911 [Listener at 127.0.0.1/40037] INFO  handler.ContextHandler (ContextHandler.java:doStart(916)) - Started o.e.j.s.ServletContextHandler@341c9192{logs,/logs,file:///github/workspace/mnt/ozone/hadoop-ozone/integration-test/target/log,AVAILABLE}
2021-01-06 16:47:03,911 [Listener at 127.0.0.1/40037] INFO  handler.ContextHandler (ContextHandler.java:doStart(916)) - Started o.e.j.s.ServletContextHandler@2d7660e6{static,/static,jar:file:/home/user/.m2/repository/org/apache/hadoop/hadoop-hdds-container-service/1.1.0-SNAPSHOT/hadoop-hdds-container-service-1.1.0-SNAPSHOT.jar!/webapps/static,AVAILABLE}
2021-01-06 16:47:04,044 [Listener at 127.0.0.1/40037] INFO  handler.ContextHandler (ContextHandler.java:doStart(916)) - Started o.e.j.w.WebAppContext@8aa70fd{hddsDatanode,/,file:///tmp/jetty-0_0_0_0-35999-hadoop-hdds-container-service-1_1_0-SNAPSHOT_jar-_-any-4641583723167630372/webapp/,AVAILABLE}{jar:file:/home/user/.m2/repository/org/apache/hadoop/hadoop-hdds-container-service/1.1.0-SNAPSHOT/hadoop-hdds-container-service-1.1.0-SNAPSHOT.jar!/webapps/hddsDatanode}
2021-01-06 16:47:04,046 [Listener at 127.0.0.1/40037] INFO  server.AbstractConnector (AbstractConnector.java:doStart(331)) - Started ServerConnector@278427d{HTTP/1.1, (http/1.1)}{0.0.0.0:35999}
2021-01-06 16:47:04,046 [Listener at 127.0.0.1/40037] INFO  server.Server (Server.java:doStart(415)) - Started @290322ms
2021-01-06 16:47:04,046 [Listener at 127.0.0.1/40037] WARN  impl.MetricsSystemImpl (MetricsSystemImpl.java:register(276)) - Sink prometheus already exists!
2021-01-06 16:47:04,049 [Listener at 127.0.0.1/40037] INFO  http.BaseHttpServer (BaseHttpServer.java:updateConnectorAddress(327)) - HTTP server of hddsDatanode listening at http://0.0.0.0:35999
2021-01-06 16:47:04,050 [Listener at 127.0.0.1/40037] INFO  impl.MetricsSystemImpl (MetricsSystemImpl.java:init(158)) - HddsDatanode metrics system started (again)
2021-01-06 16:47:04,051 [Listener at 127.0.0.1/40037] INFO  ozone.HddsDatanodeService (HddsDatanodeService.java:start(215)) - HddsDatanodeService host:d1d2f32d3d04 ip:172.17.0.2
2021-01-06 16:47:04,052 [org.apache.hadoop.util.JvmPauseMonitor$Monitor@514eab1] INFO  util.JvmPauseMonitor (JvmPauseMonitor.java:run(188)) - Starting JVM pause monitor
2021-01-06 16:47:04,053 [Datanode State Machine Task Thread - 0] INFO  datanode.InitDatanodeState (InitDatanodeState.java:persistContainerDatanodeDetails(145)) - DatanodeDetails is persisted to /github/workspace/mnt/ozone/hadoop-ozone/integration-test/target/test-dir/MiniOzoneClusterImpl-1d43af91-9f82-444b-8964-eb6d4844fd62/datanode-4/meta/datanode.id
2021-01-06 16:47:04,053 [Listener at 127.0.0.1/40037] INFO  volume.HddsVolume (HddsVolume.java:<init>(176)) - Creating Volume: /github/workspace/mnt/ozone/hadoop-ozone/integration-test/target/test-dir/MiniOzoneClusterImpl-1d43af91-9f82-444b-8964-eb6d4844fd62/datanode-5/data-0/containers/hdds of storage type : DISK and capacity : 9223372036854775807
2021-01-06 16:47:04,053 [Listener at 127.0.0.1/40037] INFO  volume.MutableVolumeSet (MutableVolumeSet.java:initializeVolumeSet(179)) - Added Volume : /github/workspace/mnt/ozone/hadoop-ozone/integration-test/target/test-dir/MiniOzoneClusterImpl-1d43af91-9f82-444b-8964-eb6d4844fd62/datanode-5/data-0/containers/hdds to VolumeSet
2021-01-06 16:47:04,053 [Listener at 127.0.0.1/40037] INFO  volume.ThrottledAsyncChecker (ThrottledAsyncChecker.java:schedule(141)) - Scheduling a check for /github/workspace/mnt/ozone/hadoop-ozone/integration-test/target/test-dir/MiniOzoneClusterImpl-1d43af91-9f82-444b-8964-eb6d4844fd62/datanode-5/data-0/containers/hdds
2021-01-06 16:47:04,054 [Listener at 127.0.0.1/40037] INFO  volume.HddsVolumeChecker (HddsVolumeChecker.java:checkAllVolumes(200)) - Scheduled health check for volume /github/workspace/mnt/ozone/hadoop-ozone/integration-test/target/test-dir/MiniOzoneClusterImpl-1d43af91-9f82-444b-8964-eb6d4844fd62/datanode-5/data-0/containers/hdds
2021-01-06 16:47:04,065 [Thread-4346] INFO  ozoneimpl.ContainerReader (ContainerReader.java:readVolume(123)) - Start to verify containers on volume /github/workspace/mnt/ozone/hadoop-ozone/integration-test/target/test-dir/MiniOzoneClusterImpl-1d43af91-9f82-444b-8964-eb6d4844fd62/datanode-5/data-0/containers/hdds
2021-01-06 16:47:04,065 [Thread-4346] INFO  ozoneimpl.ContainerReader (ContainerReader.java:readVolume(148)) - Finish verifying containers on volume /github/workspace/mnt/ozone/hadoop-ozone/integration-test/target/test-dir/MiniOzoneClusterImpl-1d43af91-9f82-444b-8964-eb6d4844fd62/datanode-5/data-0/containers/hdds
2021-01-06 16:47:04,065 [Listener at 127.0.0.1/40037] INFO  ozoneimpl.OzoneContainer (OzoneContainer.java:buildContainerSet(206)) - Build ContainerSet costs 0s
2021-01-06 16:47:04,066 [Listener at 127.0.0.1/40037] INFO  server.RaftServer (ConfUtils.java:logGet(44)) - raft.rpc.type = GRPC (default)
2021-01-06 16:47:04,066 [Listener at 127.0.0.1/40037] INFO  grpc.GrpcFactory (GrpcFactory.java:checkPooledByteBufAllocatorUseCacheForAllThreads(48)) - PERFORMANCE WARNING: useCacheForAllThreads is true that may cause Netty to create a lot garbage objects and, as a result, trigger GC.
	It is recommended to disable useCacheForAllThreads by setting -Dorg.apache.ratis.thirdparty.io.netty.allocator.useCacheForAllThreads=false in command line.
2021-01-06 16:47:04,066 [Listener at 127.0.0.1/40037] INFO  grpc.GrpcConfigKeys (ConfUtils.java:logGet(44)) - raft.grpc.server.port = 0 (default)
2021-01-06 16:47:04,066 [Listener at 127.0.0.1/40037] INFO  server.GrpcService (ConfUtils.java:logGet(44)) - raft.grpc.message.size.max = 32MB (=33554432) (custom)
2021-01-06 16:47:04,067 [Listener at 127.0.0.1/40037] INFO  server.RaftServerConfigKeys (ConfUtils.java:logGet(44)) - raft.server.log.appender.buffer.byte-limit = 33554432 (custom)
2021-01-06 16:47:04,067 [Listener at 127.0.0.1/40037] INFO  server.GrpcService (ConfUtils.java:logGet(44)) - raft.grpc.flow.control.window = 5MB (=5242880) (custom)
2021-01-06 16:47:04,067 [Listener at 127.0.0.1/40037] INFO  server.RaftServerConfigKeys (ConfUtils.java:logGet(44)) - raft.server.rpc.request.timeout = 60s (custom)
2021-01-06 16:47:04,067 [Listener at 127.0.0.1/40037] INFO  impl.DataStreamServerImpl (ConfUtils.java:logGet(44)) - raft.datastream.type = DISABLED (default)
2021-01-06 16:47:04,068 [Listener at 127.0.0.1/40037] INFO  server.RaftServerConfigKeys (ConfUtils.java:logGet(44)) - raft.server.rpc.slowness.timeout = 300s (custom)
2021-01-06 16:47:04,068 [Listener at 127.0.0.1/40037] INFO  server.RaftServerConfigKeys (ConfUtils.java:logGet(44)) - raft.server.leaderelection.leader.step-down.wait-time = 10s (default)
2021-01-06 16:47:04,068 [Listener at 127.0.0.1/40037] INFO  server.RaftServerConfigKeys (ConfUtils.java:logGet(44)) - raft.server.storage.dir = [/github/workspace/mnt/ozone/hadoop-ozone/integration-test/target/test-dir/MiniOzoneClusterImpl-1d43af91-9f82-444b-8964-eb6d4844fd62/datanode-5/data/ratis] (custom)
2021-01-06 16:47:04,072 [Listener at 127.0.0.1/40037] INFO  http.BaseHttpServer (BaseHttpServer.java:newHttpServer2BuilderForOzone(207)) - Starting Web-server for hddsDatanode at: http://0.0.0.0:0
2021-01-06 16:47:04,072 [Listener at 127.0.0.1/40037] INFO  http.BaseHttpServer (BaseHttpServer.java:<init>(106)) - Hadoop Security Enabled: false Ozone Security Enabled: false Ozone HTTP Security Enabled: false 
2021-01-06 16:47:04,072 [Listener at 127.0.0.1/40037] INFO  server.AuthenticationFilter (AuthenticationFilter.java:constructSecretProvider(240)) - Unable to initialize FileSignerSecretProvider, falling back to use random secrets.
2021-01-06 16:47:04,073 [Listener at 127.0.0.1/40037] WARN  http.HttpRequestLog (HttpRequestLog.java:getRequestLog(103)) - Jetty request log can only be enabled using Log4j
2021-01-06 16:47:04,073 [Listener at 127.0.0.1/40037] INFO  http.HttpServer2 (HttpServer2.java:addGlobalFilter(1020)) - Added global filter 'safety' (class=org.apache.hadoop.hdds.server.http.HttpServer2$QuotingInputFilter)
2021-01-06 16:47:04,074 [Listener at 127.0.0.1/40037] INFO  http.HttpServer2 (HttpServer2.java:addFilter(996)) - Added filter static_user_filter (class=org.apache.hadoop.http.lib.StaticUserWebFilter$StaticUserFilter) to context hddsDatanode
2021-01-06 16:47:04,074 [Listener at 127.0.0.1/40037] INFO  http.HttpServer2 (HttpServer2.java:addFilter(1004)) - Added filter static_user_filter (class=org.apache.hadoop.http.lib.StaticUserWebFilter$StaticUserFilter) to context static
2021-01-06 16:47:04,074 [Listener at 127.0.0.1/40037] INFO  http.HttpServer2 (HttpServer2.java:addFilter(1004)) - Added filter static_user_filter (class=org.apache.hadoop.http.lib.StaticUserWebFilter$StaticUserFilter) to context logs
2021-01-06 16:47:04,074 [Listener at 127.0.0.1/40037] INFO  http.HttpServer2 (HttpServer2.java:bindListener(1238)) - Jetty bound to port 43251
2021-01-06 16:47:04,074 [Listener at 127.0.0.1/40037] INFO  server.Server (Server.java:doStart(375)) - jetty-9.4.34.v20201102; built: 2020-11-02T14:15:39.302Z; git: e46af88704a893fc12cb0e3bf46e2c7b48a009e7; jvm 1.8.0_232-b09
2021-01-06 16:47:04,075 [Listener at 127.0.0.1/40037] INFO  server.session (DefaultSessionIdManager.java:doStart(334)) - DefaultSessionIdManager workerName=node0
2021-01-06 16:47:04,075 [Listener at 127.0.0.1/40037] INFO  server.session (DefaultSessionIdManager.java:doStart(339)) - No SessionScavenger set, using defaults
2021-01-06 16:47:04,075 [Listener at 127.0.0.1/40037] INFO  server.session (HouseKeeper.java:startScavenging(132)) - node0 Scavenging every 600000ms
2021-01-06 16:47:04,076 [Listener at 127.0.0.1/40037] INFO  handler.ContextHandler (ContextHandler.java:doStart(916)) - Started o.e.j.s.ServletContextHandler@1ddcb450{logs,/logs,file:///github/workspace/mnt/ozone/hadoop-ozone/integration-test/target/log,AVAILABLE}
2021-01-06 16:47:04,076 [Listener at 127.0.0.1/40037] INFO  handler.ContextHandler (ContextHandler.java:doStart(916)) - Started o.e.j.s.ServletContextHandler@5a9d5e2{static,/static,jar:file:/home/user/.m2/repository/org/apache/hadoop/hadoop-hdds-container-service/1.1.0-SNAPSHOT/hadoop-hdds-container-service-1.1.0-SNAPSHOT.jar!/webapps/static,AVAILABLE}
2021-01-06 16:47:04,210 [Listener at 127.0.0.1/40037] INFO  handler.ContextHandler (ContextHandler.java:doStart(916)) - Started o.e.j.w.WebAppContext@26276868{hddsDatanode,/,file:///tmp/jetty-0_0_0_0-43251-hadoop-hdds-container-service-1_1_0-SNAPSHOT_jar-_-any-483473687112363387/webapp/,AVAILABLE}{jar:file:/home/user/.m2/repository/org/apache/hadoop/hadoop-hdds-container-service/1.1.0-SNAPSHOT/hadoop-hdds-container-service-1.1.0-SNAPSHOT.jar!/webapps/hddsDatanode}
2021-01-06 16:47:04,211 [Listener at 127.0.0.1/40037] INFO  server.AbstractConnector (AbstractConnector.java:doStart(331)) - Started ServerConnector@1bc4b731{HTTP/1.1, (http/1.1)}{0.0.0.0:43251}
2021-01-06 16:47:04,211 [Listener at 127.0.0.1/40037] INFO  server.Server (Server.java:doStart(415)) - Started @290487ms
2021-01-06 16:47:04,211 [Listener at 127.0.0.1/40037] WARN  impl.MetricsSystemImpl (MetricsSystemImpl.java:register(276)) - Sink prometheus already exists!
2021-01-06 16:47:04,214 [Listener at 127.0.0.1/40037] INFO  http.BaseHttpServer (BaseHttpServer.java:updateConnectorAddress(327)) - HTTP server of hddsDatanode listening at http://0.0.0.0:43251
2021-01-06 16:47:04,215 [Listener at 127.0.0.1/40037] INFO  ozone.MiniOzoneClusterImpl (MiniOzoneClusterImpl.java:lambda$waitForClusterToBeReady$0(179)) - Waiting for nodes to be ready. Got 0 of 6 DN Heartbeats.
2021-01-06 16:47:04,215 [Listener at 127.0.0.1/40037] INFO  ozone.MiniOzoneClusterImpl (MiniOzoneClusterImpl.java:lambda$waitForClusterToBeReady$0(182)) - Waiting for cluster to exit safe mode
2021-01-06 16:47:04,221 [org.apache.hadoop.util.JvmPauseMonitor$Monitor@595528dd] INFO  util.JvmPauseMonitor (JvmPauseMonitor.java:run(188)) - Starting JVM pause monitor
2021-01-06 16:47:04,221 [Datanode State Machine Task Thread - 0] INFO  datanode.InitDatanodeState (InitDatanodeState.java:persistContainerDatanodeDetails(145)) - DatanodeDetails is persisted to /github/workspace/mnt/ozone/hadoop-ozone/integration-test/target/test-dir/MiniOzoneClusterImpl-1d43af91-9f82-444b-8964-eb6d4844fd62/datanode-5/meta/datanode.id
2021-01-06 16:47:05,215 [Listener at 127.0.0.1/40037] INFO  ozone.MiniOzoneClusterImpl (MiniOzoneClusterImpl.java:lambda$waitForClusterToBeReady$0(179)) - Waiting for nodes to be ready. Got 0 of 6 DN Heartbeats.
2021-01-06 16:47:05,215 [Listener at 127.0.0.1/40037] INFO  ozone.MiniOzoneClusterImpl (MiniOzoneClusterImpl.java:lambda$waitForClusterToBeReady$0(182)) - Waiting for cluster to exit safe mode
2021-01-06 16:47:05,401 [EndpointStateMachine task thread for /0.0.0.0:44005 - 0 ] INFO  ozoneimpl.OzoneContainer (OzoneContainer.java:start(255)) - Attempting to start container services.
2021-01-06 16:47:05,401 [EndpointStateMachine task thread for /0.0.0.0:44005 - 0 ] INFO  ozoneimpl.OzoneContainer (OzoneContainer.java:startContainerScrub(219)) - Background container scanner has been disabled.
2021-01-06 16:47:05,402 [EndpointStateMachine task thread for /0.0.0.0:44005 - 0 ] INFO  replication.ReplicationServer (ReplicationServer.java:start(111)) - ReplicationServer is started using port 38033
2021-01-06 16:47:05,402 [EndpointStateMachine task thread for /0.0.0.0:44005 - 0 ] INFO  ratis.XceiverServerRatis (XceiverServerRatis.java:start(455)) - Starting XceiverServerRatis 758eb975-c749-4165-9bd9-81389eee020b at port 0
2021-01-06 16:47:05,404 [EndpointStateMachine task thread for /0.0.0.0:44005 - 0 ] INFO  server.RaftServer (RaftServerProxy.java:lambda$start$5(370)) - 758eb975-c749-4165-9bd9-81389eee020b: start RPC server
2021-01-06 16:47:05,404 [EndpointStateMachine task thread for /0.0.0.0:44005 - 0 ] INFO  server.GrpcService (GrpcService.java:startImpl(177)) - 758eb975-c749-4165-9bd9-81389eee020b: GrpcService started, listening on 0.0.0.0/0.0.0.0:42295
2021-01-06 16:47:05,405 [EndpointStateMachine task thread for /0.0.0.0:44005 - 0 ] INFO  ratis.XceiverServerRatis (XceiverServerRatis.java:start(467)) - XceiverServerRatis 758eb975-c749-4165-9bd9-81389eee020b is started using port 42295
2021-01-06 16:47:05,405 [org.apache.ratis.util.JvmPauseMonitor$$Lambda$222/475300883@7981f820] INFO  util.JvmPauseMonitor (JvmPauseMonitor.java:run(103)) - JvmPauseMonitor-758eb975-c749-4165-9bd9-81389eee020b: Started
2021-01-06 16:47:05,405 [EndpointStateMachine task thread for /0.0.0.0:44005 - 0 ] INFO  server.XceiverServerGrpc (XceiverServerGrpc.java:start(139)) - XceiverServerGrpc 758eb975-c749-4165-9bd9-81389eee020b is started using port 34649
2021-01-06 16:47:05,559 [EndpointStateMachine task thread for /0.0.0.0:44005 - 0 ] INFO  ozoneimpl.OzoneContainer (OzoneContainer.java:start(255)) - Attempting to start container services.
2021-01-06 16:47:05,559 [EndpointStateMachine task thread for /0.0.0.0:44005 - 0 ] INFO  ozoneimpl.OzoneContainer (OzoneContainer.java:startContainerScrub(219)) - Background container scanner has been disabled.
2021-01-06 16:47:05,559 [EndpointStateMachine task thread for /0.0.0.0:44005 - 0 ] INFO  replication.ReplicationServer (ReplicationServer.java:start(111)) - ReplicationServer is started using port 41467
2021-01-06 16:47:05,560 [EndpointStateMachine task thread for /0.0.0.0:44005 - 0 ] INFO  ratis.XceiverServerRatis (XceiverServerRatis.java:start(455)) - Starting XceiverServerRatis 19774229-10ce-45d0-998c-3d7b10d140bf at port 0
2021-01-06 16:47:05,560 [EndpointStateMachine task thread for /0.0.0.0:44005 - 0 ] INFO  server.RaftServer (RaftServerProxy.java:lambda$start$5(370)) - 19774229-10ce-45d0-998c-3d7b10d140bf: start RPC server
2021-01-06 16:47:05,560 [EndpointStateMachine task thread for /0.0.0.0:44005 - 0 ] INFO  server.GrpcService (GrpcService.java:startImpl(177)) - 19774229-10ce-45d0-998c-3d7b10d140bf: GrpcService started, listening on 0.0.0.0/0.0.0.0:41183
2021-01-06 16:47:05,560 [EndpointStateMachine task thread for /0.0.0.0:44005 - 0 ] INFO  ratis.XceiverServerRatis (XceiverServerRatis.java:start(467)) - XceiverServerRatis 19774229-10ce-45d0-998c-3d7b10d140bf is started using port 41183
2021-01-06 16:47:05,561 [org.apache.ratis.util.JvmPauseMonitor$$Lambda$222/475300883@202f1ada] INFO  util.JvmPauseMonitor (JvmPauseMonitor.java:run(103)) - JvmPauseMonitor-19774229-10ce-45d0-998c-3d7b10d140bf: Started
2021-01-06 16:47:05,561 [EndpointStateMachine task thread for /0.0.0.0:44005 - 0 ] INFO  server.XceiverServerGrpc (XceiverServerGrpc.java:start(139)) - XceiverServerGrpc 19774229-10ce-45d0-998c-3d7b10d140bf is started using port 37753
2021-01-06 16:47:05,722 [EndpointStateMachine task thread for /0.0.0.0:44005 - 0 ] INFO  ozoneimpl.OzoneContainer (OzoneContainer.java:start(255)) - Attempting to start container services.
2021-01-06 16:47:05,722 [EndpointStateMachine task thread for /0.0.0.0:44005 - 0 ] INFO  ozoneimpl.OzoneContainer (OzoneContainer.java:startContainerScrub(219)) - Background container scanner has been disabled.
2021-01-06 16:47:05,723 [EndpointStateMachine task thread for /0.0.0.0:44005 - 0 ] INFO  replication.ReplicationServer (ReplicationServer.java:start(111)) - ReplicationServer is started using port 37537
2021-01-06 16:47:05,723 [EndpointStateMachine task thread for /0.0.0.0:44005 - 0 ] INFO  ratis.XceiverServerRatis (XceiverServerRatis.java:start(455)) - Starting XceiverServerRatis 8f97a4d4-5267-458d-aa6e-fd0ac821c306 at port 0
2021-01-06 16:47:05,723 [EndpointStateMachine task thread for /0.0.0.0:44005 - 0 ] INFO  server.RaftServer (RaftServerProxy.java:lambda$start$5(370)) - 8f97a4d4-5267-458d-aa6e-fd0ac821c306: start RPC server
2021-01-06 16:47:05,724 [EndpointStateMachine task thread for /0.0.0.0:44005 - 0 ] INFO  server.GrpcService (GrpcService.java:startImpl(177)) - 8f97a4d4-5267-458d-aa6e-fd0ac821c306: GrpcService started, listening on 0.0.0.0/0.0.0.0:39743
2021-01-06 16:47:05,724 [EndpointStateMachine task thread for /0.0.0.0:44005 - 0 ] INFO  ratis.XceiverServerRatis (XceiverServerRatis.java:start(467)) - XceiverServerRatis 8f97a4d4-5267-458d-aa6e-fd0ac821c306 is started using port 39743
2021-01-06 16:47:05,724 [org.apache.ratis.util.JvmPauseMonitor$$Lambda$222/475300883@736b2c1d] INFO  util.JvmPauseMonitor (JvmPauseMonitor.java:run(103)) - JvmPauseMonitor-8f97a4d4-5267-458d-aa6e-fd0ac821c306: Started
2021-01-06 16:47:05,724 [EndpointStateMachine task thread for /0.0.0.0:44005 - 0 ] INFO  server.XceiverServerGrpc (XceiverServerGrpc.java:start(139)) - XceiverServerGrpc 8f97a4d4-5267-458d-aa6e-fd0ac821c306 is started using port 44157
2021-01-06 16:47:05,890 [EndpointStateMachine task thread for /0.0.0.0:44005 - 0 ] INFO  ozoneimpl.OzoneContainer (OzoneContainer.java:start(255)) - Attempting to start container services.
2021-01-06 16:47:05,890 [EndpointStateMachine task thread for /0.0.0.0:44005 - 0 ] INFO  ozoneimpl.OzoneContainer (OzoneContainer.java:startContainerScrub(219)) - Background container scanner has been disabled.
2021-01-06 16:47:05,891 [EndpointStateMachine task thread for /0.0.0.0:44005 - 0 ] INFO  replication.ReplicationServer (ReplicationServer.java:start(111)) - ReplicationServer is started using port 43937
2021-01-06 16:47:05,891 [EndpointStateMachine task thread for /0.0.0.0:44005 - 0 ] INFO  ratis.XceiverServerRatis (XceiverServerRatis.java:start(455)) - Starting XceiverServerRatis b260e4ee-445a-4422-8fbe-3a6caa0392e6 at port 0
2021-01-06 16:47:05,892 [EndpointStateMachine task thread for /0.0.0.0:44005 - 0 ] INFO  server.RaftServer (RaftServerProxy.java:lambda$start$5(370)) - b260e4ee-445a-4422-8fbe-3a6caa0392e6: start RPC server
2021-01-06 16:47:05,892 [EndpointStateMachine task thread for /0.0.0.0:44005 - 0 ] INFO  server.GrpcService (GrpcService.java:startImpl(177)) - b260e4ee-445a-4422-8fbe-3a6caa0392e6: GrpcService started, listening on 0.0.0.0/0.0.0.0:45581
2021-01-06 16:47:05,892 [EndpointStateMachine task thread for /0.0.0.0:44005 - 0 ] INFO  ratis.XceiverServerRatis (XceiverServerRatis.java:start(467)) - XceiverServerRatis b260e4ee-445a-4422-8fbe-3a6caa0392e6 is started using port 45581
2021-01-06 16:47:05,892 [org.apache.ratis.util.JvmPauseMonitor$$Lambda$222/475300883@54ab1c] INFO  util.JvmPauseMonitor (JvmPauseMonitor.java:run(103)) - JvmPauseMonitor-b260e4ee-445a-4422-8fbe-3a6caa0392e6: Started
2021-01-06 16:47:05,893 [EndpointStateMachine task thread for /0.0.0.0:44005 - 0 ] INFO  server.XceiverServerGrpc (XceiverServerGrpc.java:start(139)) - XceiverServerGrpc b260e4ee-445a-4422-8fbe-3a6caa0392e6 is started using port 34183
2021-01-06 16:47:06,054 [EndpointStateMachine task thread for /0.0.0.0:44005 - 0 ] INFO  ozoneimpl.OzoneContainer (OzoneContainer.java:start(255)) - Attempting to start container services.
2021-01-06 16:47:06,054 [EndpointStateMachine task thread for /0.0.0.0:44005 - 0 ] INFO  ozoneimpl.OzoneContainer (OzoneContainer.java:startContainerScrub(219)) - Background container scanner has been disabled.
2021-01-06 16:47:06,055 [EndpointStateMachine task thread for /0.0.0.0:44005 - 0 ] INFO  replication.ReplicationServer (ReplicationServer.java:start(111)) - ReplicationServer is started using port 46169
2021-01-06 16:47:06,055 [EndpointStateMachine task thread for /0.0.0.0:44005 - 0 ] INFO  ratis.XceiverServerRatis (XceiverServerRatis.java:start(455)) - Starting XceiverServerRatis 0c45c32f-b13d-44d6-bbf6-638a87f65fa5 at port 0
2021-01-06 16:47:06,056 [EndpointStateMachine task thread for /0.0.0.0:44005 - 0 ] INFO  server.RaftServer (RaftServerProxy.java:lambda$start$5(370)) - 0c45c32f-b13d-44d6-bbf6-638a87f65fa5: start RPC server
2021-01-06 16:47:06,058 [EndpointStateMachine task thread for /0.0.0.0:44005 - 0 ] INFO  server.GrpcService (GrpcService.java:startImpl(177)) - 0c45c32f-b13d-44d6-bbf6-638a87f65fa5: GrpcService started, listening on 0.0.0.0/0.0.0.0:36969
2021-01-06 16:47:06,059 [EndpointStateMachine task thread for /0.0.0.0:44005 - 0 ] INFO  ratis.XceiverServerRatis (XceiverServerRatis.java:start(467)) - XceiverServerRatis 0c45c32f-b13d-44d6-bbf6-638a87f65fa5 is started using port 36969
2021-01-06 16:47:06,059 [org.apache.ratis.util.JvmPauseMonitor$$Lambda$222/475300883@3e368178] INFO  util.JvmPauseMonitor (JvmPauseMonitor.java:run(103)) - JvmPauseMonitor-0c45c32f-b13d-44d6-bbf6-638a87f65fa5: Started
2021-01-06 16:47:06,059 [EndpointStateMachine task thread for /0.0.0.0:44005 - 0 ] INFO  server.XceiverServerGrpc (XceiverServerGrpc.java:start(139)) - XceiverServerGrpc 0c45c32f-b13d-44d6-bbf6-638a87f65fa5 is started using port 33215
2021-01-06 16:47:06,215 [Listener at 127.0.0.1/40037] INFO  ozone.MiniOzoneClusterImpl (MiniOzoneClusterImpl.java:lambda$waitForClusterToBeReady$0(179)) - Waiting for nodes to be ready. Got 0 of 6 DN Heartbeats.
2021-01-06 16:47:06,215 [Listener at 127.0.0.1/40037] INFO  ozone.MiniOzoneClusterImpl (MiniOzoneClusterImpl.java:lambda$waitForClusterToBeReady$0(182)) - Waiting for cluster to exit safe mode
2021-01-06 16:47:06,225 [EndpointStateMachine task thread for /0.0.0.0:44005 - 0 ] INFO  ozoneimpl.OzoneContainer (OzoneContainer.java:start(255)) - Attempting to start container services.
2021-01-06 16:47:06,225 [EndpointStateMachine task thread for /0.0.0.0:44005 - 0 ] INFO  ozoneimpl.OzoneContainer (OzoneContainer.java:startContainerScrub(219)) - Background container scanner has been disabled.
2021-01-06 16:47:06,225 [EndpointStateMachine task thread for /0.0.0.0:44005 - 0 ] INFO  replication.ReplicationServer (ReplicationServer.java:start(111)) - ReplicationServer is started using port 42819
2021-01-06 16:47:06,225 [EndpointStateMachine task thread for /0.0.0.0:44005 - 0 ] INFO  ratis.XceiverServerRatis (XceiverServerRatis.java:start(455)) - Starting XceiverServerRatis b3b9a181-77ef-445c-8f67-7418b9e03f94 at port 0
2021-01-06 16:47:06,236 [EndpointStateMachine task thread for /0.0.0.0:44005 - 0 ] INFO  server.RaftServer (RaftServerProxy.java:lambda$start$5(370)) - b3b9a181-77ef-445c-8f67-7418b9e03f94: start RPC server
2021-01-06 16:47:06,237 [EndpointStateMachine task thread for /0.0.0.0:44005 - 0 ] INFO  server.GrpcService (GrpcService.java:startImpl(177)) - b3b9a181-77ef-445c-8f67-7418b9e03f94: GrpcService started, listening on 0.0.0.0/0.0.0.0:34251
2021-01-06 16:47:06,237 [EndpointStateMachine task thread for /0.0.0.0:44005 - 0 ] INFO  ratis.XceiverServerRatis (XceiverServerRatis.java:start(467)) - XceiverServerRatis b3b9a181-77ef-445c-8f67-7418b9e03f94 is started using port 34251
2021-01-06 16:47:06,237 [org.apache.ratis.util.JvmPauseMonitor$$Lambda$222/475300883@40667bfd] INFO  util.JvmPauseMonitor (JvmPauseMonitor.java:run(103)) - JvmPauseMonitor-b3b9a181-77ef-445c-8f67-7418b9e03f94: Started
2021-01-06 16:47:06,237 [EndpointStateMachine task thread for /0.0.0.0:44005 - 0 ] INFO  server.XceiverServerGrpc (XceiverServerGrpc.java:start(139)) - XceiverServerGrpc b3b9a181-77ef-445c-8f67-7418b9e03f94 is started using port 43357
2021-01-06 16:47:07,216 [Listener at 127.0.0.1/40037] INFO  ozone.MiniOzoneClusterImpl (MiniOzoneClusterImpl.java:lambda$waitForClusterToBeReady$0(179)) - Waiting for nodes to be ready. Got 0 of 6 DN Heartbeats.
2021-01-06 16:47:07,216 [Listener at 127.0.0.1/40037] INFO  ozone.MiniOzoneClusterImpl (MiniOzoneClusterImpl.java:lambda$waitForClusterToBeReady$0(182)) - Waiting for cluster to exit safe mode
2021-01-06 16:47:07,396 [IPC Server handler 1 on default port 44005] INFO  net.NetworkTopologyImpl (NetworkTopologyImpl.java:add(111)) - Added a new node: /default-rack/758eb975-c749-4165-9bd9-81389eee020b
2021-01-06 16:47:07,397 [IPC Server handler 1 on default port 44005] INFO  node.SCMNodeManager (SCMNodeManager.java:register(341)) - Registered Data node : 758eb975-c749-4165-9bd9-81389eee020b{ip: 172.17.0.2, host: d1d2f32d3d04, networkLocation: /default-rack, certSerialId: null, persistedOpState: IN_SERVICE, persistedOpStateExpiryEpochSec: 0}
2021-01-06 16:47:07,398 [RatisPipelineUtilsThread] INFO  pipeline.RatisPipelineProvider (RatisPipelineProvider.java:lambda$create$0(161)) - Sending CreatePipelineCommand for pipeline:PipelineID=905c0a45-b035-427b-8833-f3fd7e2c97e3 to datanode:758eb975-c749-4165-9bd9-81389eee020b
2021-01-06 16:47:07,398 [RatisPipelineUtilsThread] INFO  pipeline.PipelineStateManager (PipelineStateManager.java:addPipeline(54)) - Created pipeline Pipeline[ Id: 905c0a45-b035-427b-8833-f3fd7e2c97e3, Nodes: 758eb975-c749-4165-9bd9-81389eee020b{ip: 172.17.0.2, host: d1d2f32d3d04, networkLocation: /default-rack, certSerialId: null, persistedOpState: IN_SERVICE, persistedOpStateExpiryEpochSec: 0}, Type:RATIS, Factor:ONE, State:ALLOCATED, leaderId:, CreationTimestamp2021-01-06T16:47:07.398Z]
2021-01-06 16:47:07,399 [EventQueue-NodeRegistrationContainerReportForContainerSafeModeRule] INFO  safemode.SCMSafeModeManager (SCMSafeModeManager.java:validateSafeModeExitRules(214)) - ContainerSafeModeRule rule is successfully validated
2021-01-06 16:47:07,399 [EventQueue-NodeRegistrationContainerReportForDataNodeSafeModeRule] INFO  safemode.SCMSafeModeManager (DataNodeSafeModeRule.java:process(71)) - SCM in safe mode. 1 DataNodes registered, 1 required.
2021-01-06 16:47:07,400 [EventQueue-NodeRegistrationContainerReportForDataNodeSafeModeRule] INFO  safemode.SCMSafeModeManager (SCMSafeModeManager.java:validateSafeModeExitRules(214)) - DataNodeSafeModeRule rule is successfully validated
2021-01-06 16:47:07,400 [EventQueue-NodeRegistrationContainerReportForDataNodeSafeModeRule] INFO  safemode.SCMSafeModeManager (SCMSafeModeManager.java:completePreCheck(242)) - All SCM safe mode pre check rules have passed
2021-01-06 16:47:07,400 [EventQueue-PipelineReportForOneReplicaPipelineSafeModeRule] INFO  safemode.SCMSafeModeManager (SCMSafeModeManager.java:validateSafeModeExitRules(214)) - AtleastOneDatanodeReportedRule rule is successfully validated
2021-01-06 16:47:07,400 [RatisPipelineUtilsThread] WARN  pipeline.PipelinePlacementPolicy (PipelinePlacementPolicy.java:filterViableNodes(139)) - Pipeline creation failed due to no sufficient healthy datanodes. Required 3. Found 1.
2021-01-06 16:47:07,556 [IPC Server handler 3 on default port 44005] INFO  net.NetworkTopologyImpl (NetworkTopologyImpl.java:add(111)) - Added a new node: /default-rack/19774229-10ce-45d0-998c-3d7b10d140bf
2021-01-06 16:47:07,556 [IPC Server handler 3 on default port 44005] INFO  node.SCMNodeManager (SCMNodeManager.java:register(341)) - Registered Data node : 19774229-10ce-45d0-998c-3d7b10d140bf{ip: 172.17.0.2, host: d1d2f32d3d04, networkLocation: /default-rack, certSerialId: null, persistedOpState: IN_SERVICE, persistedOpStateExpiryEpochSec: 0}
2021-01-06 16:47:07,557 [EventQueue-NodeRegistrationContainerReportForContainerSafeModeRule] INFO  safemode.SCMSafeModeManager (SCMSafeModeManager.java:validateSafeModeExitRules(214)) - ContainerSafeModeRule rule is successfully validated
2021-01-06 16:47:07,557 [EventQueue-PipelineReportForOneReplicaPipelineSafeModeRule] INFO  safemode.SCMSafeModeManager (SCMSafeModeManager.java:validateSafeModeExitRules(214)) - AtleastOneDatanodeReportedRule rule is successfully validated
2021-01-06 16:47:07,558 [EventQueue-NodeRegistrationContainerReportForDataNodeSafeModeRule] INFO  safemode.SCMSafeModeManager (SCMSafeModeManager.java:validateSafeModeExitRules(214)) - DataNodeSafeModeRule rule is successfully validated
2021-01-06 16:47:07,559 [RatisPipelineUtilsThread] INFO  pipeline.RatisPipelineProvider (RatisPipelineProvider.java:lambda$create$0(161)) - Sending CreatePipelineCommand for pipeline:PipelineID=a212c06b-7d86-4791-843d-dc2535fdf54b to datanode:19774229-10ce-45d0-998c-3d7b10d140bf
2021-01-06 16:47:07,559 [RatisPipelineUtilsThread] INFO  pipeline.PipelineStateManager (PipelineStateManager.java:addPipeline(54)) - Created pipeline Pipeline[ Id: a212c06b-7d86-4791-843d-dc2535fdf54b, Nodes: 19774229-10ce-45d0-998c-3d7b10d140bf{ip: 172.17.0.2, host: d1d2f32d3d04, networkLocation: /default-rack, certSerialId: null, persistedOpState: IN_SERVICE, persistedOpStateExpiryEpochSec: 0}, Type:RATIS, Factor:ONE, State:ALLOCATED, leaderId:, CreationTimestamp2021-01-06T16:47:07.559Z]
2021-01-06 16:47:07,559 [RatisPipelineUtilsThread] WARN  pipeline.PipelinePlacementPolicy (PipelinePlacementPolicy.java:filterViableNodes(139)) - Pipeline creation failed due to no sufficient healthy datanodes. Required 3. Found 2.
2021-01-06 16:47:07,720 [IPC Server handler 2 on default port 44005] INFO  net.NetworkTopologyImpl (NetworkTopologyImpl.java:add(111)) - Added a new node: /default-rack/8f97a4d4-5267-458d-aa6e-fd0ac821c306
2021-01-06 16:47:07,720 [IPC Server handler 2 on default port 44005] INFO  node.SCMNodeManager (SCMNodeManager.java:register(341)) - Registered Data node : 8f97a4d4-5267-458d-aa6e-fd0ac821c306{ip: 172.17.0.2, host: d1d2f32d3d04, networkLocation: /default-rack, certSerialId: null, persistedOpState: IN_SERVICE, persistedOpStateExpiryEpochSec: 0}
2021-01-06 16:47:07,721 [RatisPipelineUtilsThread] INFO  pipeline.RatisPipelineProvider (RatisPipelineProvider.java:lambda$create$0(161)) - Sending CreatePipelineCommand for pipeline:PipelineID=fa843cdf-fd05-4d65-9232-0537f8be947e to datanode:8f97a4d4-5267-458d-aa6e-fd0ac821c306
2021-01-06 16:47:07,721 [EventQueue-NodeRegistrationContainerReportForContainerSafeModeRule] INFO  safemode.SCMSafeModeManager (SCMSafeModeManager.java:validateSafeModeExitRules(214)) - ContainerSafeModeRule rule is successfully validated
2021-01-06 16:47:07,721 [EventQueue-PipelineReportForOneReplicaPipelineSafeModeRule] INFO  safemode.SCMSafeModeManager (SCMSafeModeManager.java:validateSafeModeExitRules(214)) - AtleastOneDatanodeReportedRule rule is successfully validated
2021-01-06 16:47:07,721 [EventQueue-NodeRegistrationContainerReportForDataNodeSafeModeRule] INFO  safemode.SCMSafeModeManager (SCMSafeModeManager.java:validateSafeModeExitRules(214)) - DataNodeSafeModeRule rule is successfully validated
2021-01-06 16:47:07,721 [RatisPipelineUtilsThread] INFO  pipeline.PipelineStateManager (PipelineStateManager.java:addPipeline(54)) - Created pipeline Pipeline[ Id: fa843cdf-fd05-4d65-9232-0537f8be947e, Nodes: 8f97a4d4-5267-458d-aa6e-fd0ac821c306{ip: 172.17.0.2, host: d1d2f32d3d04, networkLocation: /default-rack, certSerialId: null, persistedOpState: IN_SERVICE, persistedOpStateExpiryEpochSec: 0}, Type:RATIS, Factor:ONE, State:ALLOCATED, leaderId:, CreationTimestamp2021-01-06T16:47:07.721Z]
2021-01-06 16:47:07,721 [RatisPipelineUtilsThread] INFO  pipeline.RatisPipelineProvider (RatisPipelineProvider.java:lambda$create$0(161)) - Sending CreatePipelineCommand for pipeline:PipelineID=16646e2e-6ae2-4294-975f-a17707e7b4e1 to datanode:758eb975-c749-4165-9bd9-81389eee020b
2021-01-06 16:47:07,721 [RatisPipelineUtilsThread] INFO  pipeline.RatisPipelineProvider (RatisPipelineProvider.java:lambda$create$0(161)) - Sending CreatePipelineCommand for pipeline:PipelineID=16646e2e-6ae2-4294-975f-a17707e7b4e1 to datanode:19774229-10ce-45d0-998c-3d7b10d140bf
2021-01-06 16:47:07,721 [RatisPipelineUtilsThread] INFO  pipeline.RatisPipelineProvider (RatisPipelineProvider.java:lambda$create$0(161)) - Sending CreatePipelineCommand for pipeline:PipelineID=16646e2e-6ae2-4294-975f-a17707e7b4e1 to datanode:8f97a4d4-5267-458d-aa6e-fd0ac821c306
2021-01-06 16:47:07,722 [RatisPipelineUtilsThread] INFO  pipeline.PipelineStateManager (PipelineStateManager.java:addPipeline(54)) - Created pipeline Pipeline[ Id: 16646e2e-6ae2-4294-975f-a17707e7b4e1, Nodes: 758eb975-c749-4165-9bd9-81389eee020b{ip: 172.17.0.2, host: d1d2f32d3d04, networkLocation: /default-rack, certSerialId: null, persistedOpState: IN_SERVICE, persistedOpStateExpiryEpochSec: 0}19774229-10ce-45d0-998c-3d7b10d140bf{ip: 172.17.0.2, host: d1d2f32d3d04, networkLocation: /default-rack, certSerialId: null, persistedOpState: IN_SERVICE, persistedOpStateExpiryEpochSec: 0}8f97a4d4-5267-458d-aa6e-fd0ac821c306{ip: 172.17.0.2, host: d1d2f32d3d04, networkLocation: /default-rack, certSerialId: null, persistedOpState: IN_SERVICE, persistedOpStateExpiryEpochSec: 0}, Type:RATIS, Factor:THREE, State:ALLOCATED, leaderId:, CreationTimestamp2021-01-06T16:47:07.721Z]
2021-01-06 16:47:07,888 [IPC Server handler 4 on default port 44005] INFO  net.NetworkTopologyImpl (NetworkTopologyImpl.java:add(111)) - Added a new node: /default-rack/b260e4ee-445a-4422-8fbe-3a6caa0392e6
2021-01-06 16:47:07,888 [IPC Server handler 4 on default port 44005] INFO  node.SCMNodeManager (SCMNodeManager.java:register(341)) - Registered Data node : b260e4ee-445a-4422-8fbe-3a6caa0392e6{ip: 172.17.0.2, host: d1d2f32d3d04, networkLocation: /default-rack, certSerialId: null, persistedOpState: IN_SERVICE, persistedOpStateExpiryEpochSec: 0}
2021-01-06 16:47:07,889 [RatisPipelineUtilsThread] INFO  pipeline.RatisPipelineProvider (RatisPipelineProvider.java:lambda$create$0(161)) - Sending CreatePipelineCommand for pipeline:PipelineID=d9736a8a-7773-40e9-b5bd-763c3359d237 to datanode:b260e4ee-445a-4422-8fbe-3a6caa0392e6
2021-01-06 16:47:07,889 [EventQueue-NodeRegistrationContainerReportForContainerSafeModeRule] INFO  safemode.SCMSafeModeManager (SCMSafeModeManager.java:validateSafeModeExitRules(214)) - ContainerSafeModeRule rule is successfully validated
2021-01-06 16:47:07,889 [EventQueue-PipelineReportForOneReplicaPipelineSafeModeRule] INFO  safemode.SCMSafeModeManager (SCMSafeModeManager.java:validateSafeModeExitRules(214)) - AtleastOneDatanodeReportedRule rule is successfully validated
2021-01-06 16:47:07,889 [EventQueue-NodeRegistrationContainerReportForDataNodeSafeModeRule] INFO  safemode.SCMSafeModeManager (SCMSafeModeManager.java:validateSafeModeExitRules(214)) - DataNodeSafeModeRule rule is successfully validated
2021-01-06 16:47:07,889 [RatisPipelineUtilsThread] INFO  pipeline.PipelineStateManager (PipelineStateManager.java:addPipeline(54)) - Created pipeline Pipeline[ Id: d9736a8a-7773-40e9-b5bd-763c3359d237, Nodes: b260e4ee-445a-4422-8fbe-3a6caa0392e6{ip: 172.17.0.2, host: d1d2f32d3d04, networkLocation: /default-rack, certSerialId: null, persistedOpState: IN_SERVICE, persistedOpStateExpiryEpochSec: 0}, Type:RATIS, Factor:ONE, State:ALLOCATED, leaderId:, CreationTimestamp2021-01-06T16:47:07.889Z]
2021-01-06 16:47:08,052 [IPC Server handler 6 on default port 44005] INFO  net.NetworkTopologyImpl (NetworkTopologyImpl.java:add(111)) - Added a new node: /default-rack/0c45c32f-b13d-44d6-bbf6-638a87f65fa5
2021-01-06 16:47:08,052 [IPC Server handler 6 on default port 44005] INFO  node.SCMNodeManager (SCMNodeManager.java:register(341)) - Registered Data node : 0c45c32f-b13d-44d6-bbf6-638a87f65fa5{ip: 172.17.0.2, host: d1d2f32d3d04, networkLocation: /default-rack, certSerialId: null, persistedOpState: IN_SERVICE, persistedOpStateExpiryEpochSec: 0}
2021-01-06 16:47:08,053 [EventQueue-NodeRegistrationContainerReportForContainerSafeModeRule] INFO  safemode.SCMSafeModeManager (SCMSafeModeManager.java:validateSafeModeExitRules(214)) - ContainerSafeModeRule rule is successfully validated
2021-01-06 16:47:08,053 [EventQueue-PipelineReportForOneReplicaPipelineSafeModeRule] INFO  safemode.SCMSafeModeManager (SCMSafeModeManager.java:validateSafeModeExitRules(214)) - AtleastOneDatanodeReportedRule rule is successfully validated
2021-01-06 16:47:08,053 [EventQueue-NodeRegistrationContainerReportForDataNodeSafeModeRule] INFO  safemode.SCMSafeModeManager (SCMSafeModeManager.java:validateSafeModeExitRules(214)) - DataNodeSafeModeRule rule is successfully validated
2021-01-06 16:47:08,053 [RatisPipelineUtilsThread] INFO  pipeline.RatisPipelineProvider (RatisPipelineProvider.java:lambda$create$0(161)) - Sending CreatePipelineCommand for pipeline:PipelineID=1daff035-b3fc-408b-bb07-8b2175edbb9c to datanode:0c45c32f-b13d-44d6-bbf6-638a87f65fa5
2021-01-06 16:47:08,053 [RatisPipelineUtilsThread] INFO  pipeline.PipelineStateManager (PipelineStateManager.java:addPipeline(54)) - Created pipeline Pipeline[ Id: 1daff035-b3fc-408b-bb07-8b2175edbb9c, Nodes: 0c45c32f-b13d-44d6-bbf6-638a87f65fa5{ip: 172.17.0.2, host: d1d2f32d3d04, networkLocation: /default-rack, certSerialId: null, persistedOpState: IN_SERVICE, persistedOpStateExpiryEpochSec: 0}, Type:RATIS, Factor:ONE, State:ALLOCATED, leaderId:, CreationTimestamp2021-01-06T16:47:08.053Z]
2021-01-06 16:47:08,216 [Listener at 127.0.0.1/40037] INFO  ozone.MiniOzoneClusterImpl (MiniOzoneClusterImpl.java:lambda$waitForClusterToBeReady$0(179)) - Waiting for nodes to be ready. Got 5 of 6 DN Heartbeats.
2021-01-06 16:47:08,216 [Listener at 127.0.0.1/40037] INFO  ozone.MiniOzoneClusterImpl (MiniOzoneClusterImpl.java:lambda$waitForClusterToBeReady$0(182)) - Waiting for cluster to exit safe mode
2021-01-06 16:47:08,221 [IPC Server handler 0 on default port 44005] INFO  net.NetworkTopologyImpl (NetworkTopologyImpl.java:add(111)) - Added a new node: /default-rack/b3b9a181-77ef-445c-8f67-7418b9e03f94
2021-01-06 16:47:08,222 [IPC Server handler 0 on default port 44005] INFO  node.SCMNodeManager (SCMNodeManager.java:register(341)) - Registered Data node : b3b9a181-77ef-445c-8f67-7418b9e03f94{ip: 172.17.0.2, host: d1d2f32d3d04, networkLocation: /default-rack, certSerialId: null, persistedOpState: IN_SERVICE, persistedOpStateExpiryEpochSec: 0}
2021-01-06 16:47:08,222 [RatisPipelineUtilsThread] INFO  pipeline.RatisPipelineProvider (RatisPipelineProvider.java:lambda$create$0(161)) - Sending CreatePipelineCommand for pipeline:PipelineID=a8b4bb36-4b5d-436f-be76-0cf1a164f156 to datanode:b3b9a181-77ef-445c-8f67-7418b9e03f94
2021-01-06 16:47:08,222 [EventQueue-NodeRegistrationContainerReportForContainerSafeModeRule] INFO  safemode.SCMSafeModeManager (SCMSafeModeManager.java:validateSafeModeExitRules(214)) - ContainerSafeModeRule rule is successfully validated
2021-01-06 16:47:08,222 [RatisPipelineUtilsThread] INFO  pipeline.PipelineStateManager (PipelineStateManager.java:addPipeline(54)) - Created pipeline Pipeline[ Id: a8b4bb36-4b5d-436f-be76-0cf1a164f156, Nodes: b3b9a181-77ef-445c-8f67-7418b9e03f94{ip: 172.17.0.2, host: d1d2f32d3d04, networkLocation: /default-rack, certSerialId: null, persistedOpState: IN_SERVICE, persistedOpStateExpiryEpochSec: 0}, Type:RATIS, Factor:ONE, State:ALLOCATED, leaderId:, CreationTimestamp2021-01-06T16:47:08.222Z]
2021-01-06 16:47:08,222 [EventQueue-PipelineReportForOneReplicaPipelineSafeModeRule] INFO  safemode.SCMSafeModeManager (SCMSafeModeManager.java:validateSafeModeExitRules(214)) - AtleastOneDatanodeReportedRule rule is successfully validated
2021-01-06 16:47:08,222 [EventQueue-NodeRegistrationContainerReportForDataNodeSafeModeRule] INFO  safemode.SCMSafeModeManager (SCMSafeModeManager.java:validateSafeModeExitRules(214)) - DataNodeSafeModeRule rule is successfully validated
2021-01-06 16:47:08,222 [RatisPipelineUtilsThread] INFO  pipeline.RatisPipelineProvider (RatisPipelineProvider.java:lambda$create$0(161)) - Sending CreatePipelineCommand for pipeline:PipelineID=91087ea0-1d77-4e3b-aed9-e1e8f399534a to datanode:b3b9a181-77ef-445c-8f67-7418b9e03f94
2021-01-06 16:47:08,223 [RatisPipelineUtilsThread] INFO  pipeline.RatisPipelineProvider (RatisPipelineProvider.java:lambda$create$0(161)) - Sending CreatePipelineCommand for pipeline:PipelineID=91087ea0-1d77-4e3b-aed9-e1e8f399534a to datanode:b260e4ee-445a-4422-8fbe-3a6caa0392e6
2021-01-06 16:47:08,223 [RatisPipelineUtilsThread] INFO  pipeline.RatisPipelineProvider (RatisPipelineProvider.java:lambda$create$0(161)) - Sending CreatePipelineCommand for pipeline:PipelineID=91087ea0-1d77-4e3b-aed9-e1e8f399534a to datanode:0c45c32f-b13d-44d6-bbf6-638a87f65fa5
2021-01-06 16:47:08,223 [RatisPipelineUtilsThread] INFO  pipeline.PipelineStateManager (PipelineStateManager.java:addPipeline(54)) - Created pipeline Pipeline[ Id: 91087ea0-1d77-4e3b-aed9-e1e8f399534a, Nodes: b3b9a181-77ef-445c-8f67-7418b9e03f94{ip: 172.17.0.2, host: d1d2f32d3d04, networkLocation: /default-rack, certSerialId: null, persistedOpState: IN_SERVICE, persistedOpStateExpiryEpochSec: 0}b260e4ee-445a-4422-8fbe-3a6caa0392e6{ip: 172.17.0.2, host: d1d2f32d3d04, networkLocation: /default-rack, certSerialId: null, persistedOpState: IN_SERVICE, persistedOpStateExpiryEpochSec: 0}0c45c32f-b13d-44d6-bbf6-638a87f65fa5{ip: 172.17.0.2, host: d1d2f32d3d04, networkLocation: /default-rack, certSerialId: null, persistedOpState: IN_SERVICE, persistedOpStateExpiryEpochSec: 0}, Type:RATIS, Factor:THREE, State:ALLOCATED, leaderId:, CreationTimestamp2021-01-06T16:47:08.222Z]
2021-01-06 16:47:09,216 [Listener at 127.0.0.1/40037] INFO  ozone.MiniOzoneClusterImpl (MiniOzoneClusterImpl.java:lambda$waitForClusterToBeReady$0(179)) - Nodes are ready. Got 6 of 6 DN Heartbeats.
2021-01-06 16:47:09,217 [Listener at 127.0.0.1/40037] INFO  ozone.MiniOzoneClusterImpl (MiniOzoneClusterImpl.java:lambda$waitForClusterToBeReady$0(182)) - Waiting for cluster to exit safe mode
2021-01-06 16:47:09,396 [EventQueue-PipelineReportForOneReplicaPipelineSafeModeRule] INFO  safemode.SCMSafeModeManager (SCMSafeModeManager.java:validateSafeModeExitRules(214)) - AtleastOneDatanodeReportedRule rule is successfully validated
2021-01-06 16:47:09,557 [EventQueue-PipelineReportForOneReplicaPipelineSafeModeRule] INFO  safemode.SCMSafeModeManager (SCMSafeModeManager.java:validateSafeModeExitRules(214)) - AtleastOneDatanodeReportedRule rule is successfully validated
2021-01-06 16:47:09,721 [EventQueue-PipelineReportForOneReplicaPipelineSafeModeRule] INFO  safemode.SCMSafeModeManager (SCMSafeModeManager.java:validateSafeModeExitRules(214)) - AtleastOneDatanodeReportedRule rule is successfully validated
2021-01-06 16:47:09,888 [EventQueue-PipelineReportForOneReplicaPipelineSafeModeRule] INFO  safemode.SCMSafeModeManager (SCMSafeModeManager.java:validateSafeModeExitRules(214)) - AtleastOneDatanodeReportedRule rule is successfully validated
2021-01-06 16:47:10,053 [EventQueue-PipelineReportForOneReplicaPipelineSafeModeRule] INFO  safemode.SCMSafeModeManager (SCMSafeModeManager.java:validateSafeModeExitRules(214)) - AtleastOneDatanodeReportedRule rule is successfully validated
2021-01-06 16:47:10,217 [Listener at 127.0.0.1/40037] INFO  ozone.MiniOzoneClusterImpl (MiniOzoneClusterImpl.java:lambda$waitForClusterToBeReady$0(179)) - Nodes are ready. Got 6 of 6 DN Heartbeats.
2021-01-06 16:47:10,217 [Listener at 127.0.0.1/40037] INFO  ozone.MiniOzoneClusterImpl (MiniOzoneClusterImpl.java:lambda$waitForClusterToBeReady$0(182)) - Waiting for cluster to exit safe mode
2021-01-06 16:47:10,221 [EventQueue-PipelineReportForOneReplicaPipelineSafeModeRule] INFO  safemode.SCMSafeModeManager (SCMSafeModeManager.java:validateSafeModeExitRules(214)) - AtleastOneDatanodeReportedRule rule is successfully validated
2021-01-06 16:47:10,395 [Command processor thread] INFO  server.RaftServer (RaftServerProxy.java:addNew(93)) - 758eb975-c749-4165-9bd9-81389eee020b: addNew group-F3FD7E2C97E3:[758eb975-c749-4165-9bd9-81389eee020b|rpc:172.17.0.2:42295] returns group-F3FD7E2C97E3:java.util.concurrent.CompletableFuture@74291ac8[Not completed]
2021-01-06 16:47:10,396 [pool-1464-thread-1] INFO  server.RaftServer$Division (RaftServerImpl.java:<init>(173)) - 758eb975-c749-4165-9bd9-81389eee020b: new RaftServerImpl for group-F3FD7E2C97E3:[758eb975-c749-4165-9bd9-81389eee020b|rpc:172.17.0.2:42295] with ContainerStateMachine:uninitialized
2021-01-06 16:47:10,396 [pool-1464-thread-1] INFO  server.RaftServerConfigKeys (ConfUtils.java:logGet(44)) - raft.server.rpc.timeout.min = 5s (custom)
2021-01-06 16:47:10,396 [pool-1464-thread-1] INFO  server.RaftServerConfigKeys (ConfUtils.java:logGet(44)) - raft.server.rpc.timeout.max = 5200ms (custom)
2021-01-06 16:47:10,396 [pool-1464-thread-1] INFO  server.RaftServerConfigKeys (ConfUtils.java:logGet(44)) - raft.server.rpc.sleep.time = 25ms (default)
2021-01-06 16:47:10,396 [pool-1464-thread-1] INFO  server.RaftServerConfigKeys (ConfUtils.java:logGet(44)) - raft.server.rpc.slowness.timeout = 300s (custom)
2021-01-06 16:47:10,397 [EventQueue-PipelineReportForOneReplicaPipelineSafeModeRule] INFO  safemode.SCMSafeModeManager (SCMSafeModeManager.java:validateSafeModeExitRules(214)) - AtleastOneDatanodeReportedRule rule is successfully validated
2021-01-06 16:47:10,397 [pool-1464-thread-1] INFO  server.RaftServerConfigKeys (ConfUtils.java:logGet(44)) - raft.server.leaderelection.leader.step-down.wait-time = 10s (default)
2021-01-06 16:47:10,397 [pool-1464-thread-1] INFO  server.RaftServerConfigKeys (ConfUtils.java:logGet(44)) - raft.server.sleep.deviation.threshold = 300ms (default)
2021-01-06 16:47:10,397 [pool-1464-thread-1] INFO  server.RaftServerConfigKeys (ConfUtils.java:logGet(44)) - raft.server.log.appender.install.snapshot.enabled = false (custom)
2021-01-06 16:47:10,397 [pool-1464-thread-1] INFO  server.RaftServer$Division (ServerState.java:<init>(104)) - 758eb975-c749-4165-9bd9-81389eee020b@group-F3FD7E2C97E3: ConfigurationManager, init=-1: [758eb975-c749-4165-9bd9-81389eee020b|rpc:172.17.0.2:42295], old=null, confs=<EMPTY_MAP>
2021-01-06 16:47:10,397 [pool-1464-thread-1] INFO  server.RaftServerConfigKeys (ConfUtils.java:logGet(44)) - raft.server.storage.dir = [/github/workspace/mnt/ozone/hadoop-ozone/integration-test/target/test-dir/MiniOzoneClusterImpl-1d43af91-9f82-444b-8964-eb6d4844fd62/datanode-0/data/ratis] (custom)
2021-01-06 16:47:10,397 [pool-1464-thread-1] INFO  server.RaftServerConfigKeys (ConfUtils.java:logGet(44)) - raft.server.log.corruption.policy = EXCEPTION (default)
2021-01-06 16:47:10,397 [pool-1464-thread-1] INFO  storage.RaftStorageDirectory (RaftStorageDirectory.java:analyzeStorage(260)) - The storage directory /github/workspace/mnt/ozone/hadoop-ozone/integration-test/target/test-dir/MiniOzoneClusterImpl-1d43af91-9f82-444b-8964-eb6d4844fd62/datanode-0/data/ratis/905c0a45-b035-427b-8833-f3fd7e2c97e3 does not exist. Creating ...
2021-01-06 16:47:10,398 [pool-1464-thread-1] INFO  storage.RaftStorageDirectory (RaftStorageDirectory.java:tryLock(342)) - Lock on /github/workspace/mnt/ozone/hadoop-ozone/integration-test/target/test-dir/MiniOzoneClusterImpl-1d43af91-9f82-444b-8964-eb6d4844fd62/datanode-0/data/ratis/905c0a45-b035-427b-8833-f3fd7e2c97e3/in_use.lock acquired by nodename 15613@d1d2f32d3d04
2021-01-06 16:47:10,399 [pool-1464-thread-1] INFO  storage.RaftStorage (RaftStorage.java:format(89)) - Storage directory /github/workspace/mnt/ozone/hadoop-ozone/integration-test/target/test-dir/MiniOzoneClusterImpl-1d43af91-9f82-444b-8964-eb6d4844fd62/datanode-0/data/ratis/905c0a45-b035-427b-8833-f3fd7e2c97e3 has been successfully formatted.
2021-01-06 16:47:10,399 [pool-1464-thread-1] INFO  ratis.ContainerStateMachine (ContainerStateMachine.java:loadSnapshot(223)) - group-F3FD7E2C97E3: The snapshot info is null. Setting the last applied indexto:(t:0, i:~)
2021-01-06 16:47:10,400 [pool-1464-thread-1] ERROR storage.RaftStorage (RaftStorage.java:readRaftConfiguration(152)) - Failed reading configuration from file:/github/workspace/mnt/ozone/hadoop-ozone/integration-test/target/test-dir/MiniOzoneClusterImpl-1d43af91-9f82-444b-8964-eb6d4844fd62/datanode-0/data/ratis/905c0a45-b035-427b-8833-f3fd7e2c97e3/current/raft-meta.conf
java.io.FileNotFoundException: /github/workspace/mnt/ozone/hadoop-ozone/integration-test/target/test-dir/MiniOzoneClusterImpl-1d43af91-9f82-444b-8964-eb6d4844fd62/datanode-0/data/ratis/905c0a45-b035-427b-8833-f3fd7e2c97e3/current/raft-meta.conf (No such file or directory)
	at java.io.FileInputStream.open0(Native Method)
	at java.io.FileInputStream.open(FileInputStream.java:195)
	at java.io.FileInputStream.<init>(FileInputStream.java:138)
	at org.apache.ratis.server.storage.RaftStorage.readRaftConfiguration(RaftStorage.java:148)
	at org.apache.ratis.server.impl.ServerState.initStatemachine(ServerState.java:167)
	at org.apache.ratis.server.impl.ServerState.<init>(ServerState.java:112)
	at org.apache.ratis.server.impl.RaftServerImpl.<init>(RaftServerImpl.java:186)
	at org.apache.ratis.server.impl.RaftServerProxy.lambda$newRaftServerImpl$4(RaftServerProxy.java:264)
	at java.util.concurrent.CompletableFuture$AsyncSupply.run(CompletableFuture.java:1604)
	at java.util.concurrent.ThreadPoolExecutor.runWorker(ThreadPoolExecutor.java:1149)
	at java.util.concurrent.ThreadPoolExecutor$Worker.run(ThreadPoolExecutor.java:624)
	at java.lang.Thread.run(Thread.java:748)
2021-01-06 16:47:10,400 [pool-1464-thread-1] INFO  server.RaftServerConfigKeys (ConfUtils.java:logGet(44)) - raft.server.notification.no-leader.timeout = 300s (custom)
2021-01-06 16:47:10,400 [pool-1464-thread-1] INFO  server.RaftServerConfigKeys (ConfUtils.java:logGet(44)) - raft.server.log.use.memory = false (default)
2021-01-06 16:47:10,400 [pool-1464-thread-1] INFO  server.RaftServerConfigKeys (ConfUtils.java:logGet(44)) - raft.server.log.purge.gap = 1000000 (custom)
2021-01-06 16:47:10,400 [pool-1464-thread-1] INFO  metrics.RatisMetrics (RatisMetrics.java:lambda$create$0(36)) - Creating Metrics Registry : ratis.log_worker.758eb975-c749-4165-9bd9-81389eee020b@group-F3FD7E2C97E3
2021-01-06 16:47:10,400 [EventQueue-PipelineReportForOneReplicaPipelineSafeModeRule] INFO  safemode.SCMSafeModeManager (SCMSafeModeManager.java:validateSafeModeExitRules(214)) - AtleastOneDatanodeReportedRule rule is successfully validated
2021-01-06 16:47:10,400 [EventQueue-PipelineReportForPipelineReportHandler] INFO  pipeline.PipelineStateManager (PipelineStateManager.java:openPipeline(132)) - Pipeline Pipeline[ Id: 905c0a45-b035-427b-8833-f3fd7e2c97e3, Nodes: 758eb975-c749-4165-9bd9-81389eee020b{ip: 172.17.0.2, host: d1d2f32d3d04, networkLocation: /default-rack, certSerialId: null, persistedOpState: IN_SERVICE, persistedOpStateExpiryEpochSec: 0}, Type:RATIS, Factor:ONE, State:ALLOCATED, leaderId:758eb975-c749-4165-9bd9-81389eee020b, CreationTimestamp2021-01-06T16:47:07.398Z] moved to OPEN state
2021-01-06 16:47:10,400 [pool-1464-thread-1] INFO  server.RaftServerConfigKeys (ConfUtils.java:logGet(44)) - raft.server.log.appender.buffer.byte-limit = 33554432 (custom)
2021-01-06 16:47:10,400 [pool-1464-thread-1] INFO  server.RaftServerConfigKeys (ConfUtils.java:logGet(44)) - raft.server.log.segment.size.max = 1048576 (custom)
2021-01-06 16:47:10,402 [EventQueue-OpenPipelineForHealthyPipelineSafeModeRule] INFO  safemode.SCMSafeModeManager (HealthyPipelineSafeModeRule.java:process(128)) - SCM in safe mode. Healthy pipelines reported count is 0, required healthy pipeline reported count is 1
2021-01-06 16:47:10,402 [pool-1464-thread-1] INFO  server.RaftServerConfigKeys (ConfUtils.java:logGet(44)) - raft.server.log.segment.cache.num.max = 2 (custom)
2021-01-06 16:47:10,402 [pool-1464-thread-1] INFO  server.RaftServerConfigKeys (ConfUtils.java:logGet(44)) - raft.server.log.segment.cache.size.max = 200MB (=209715200) (default)
2021-01-06 16:47:10,402 [pool-1464-thread-1] INFO  segmented.SegmentedRaftLogWorker (SegmentedRaftLogWorker.java:<init>(181)) - new 758eb975-c749-4165-9bd9-81389eee020b@group-F3FD7E2C97E3-SegmentedRaftLogWorker for RaftStorage:Storage Directory /github/workspace/mnt/ozone/hadoop-ozone/integration-test/target/test-dir/MiniOzoneClusterImpl-1d43af91-9f82-444b-8964-eb6d4844fd62/datanode-0/data/ratis/905c0a45-b035-427b-8833-f3fd7e2c97e3
2021-01-06 16:47:10,402 [pool-1464-thread-1] INFO  server.RaftServerConfigKeys (ConfUtils.java:logGet(44)) - raft.server.log.queue.byte-limit = 2147483647 (custom)
2021-01-06 16:47:10,402 [pool-1464-thread-1] INFO  server.RaftServerConfigKeys (ConfUtils.java:logGet(44)) - raft.server.log.queue.element-limit = 1024 (custom)
2021-01-06 16:47:10,402 [pool-1464-thread-1] INFO  server.RaftServerConfigKeys (ConfUtils.java:logGet(44)) - raft.server.log.segment.size.max = 1048576 (custom)
2021-01-06 16:47:10,403 [pool-1464-thread-1] INFO  server.RaftServerConfigKeys (ConfUtils.java:logGet(44)) - raft.server.log.preallocated.size = 16384 (custom)
2021-01-06 16:47:10,403 [pool-1464-thread-1] INFO  server.RaftServerConfigKeys (ConfUtils.java:logGet(44)) - raft.server.log.force.sync.num = 128 (default)
2021-01-06 16:47:10,403 [pool-1464-thread-1] INFO  server.RaftServerConfigKeys (ConfUtils.java:logGet(44)) - raft.server.log.statemachine.data.sync = true (default)
2021-01-06 16:47:10,403 [pool-1464-thread-1] INFO  server.RaftServerConfigKeys (ConfUtils.java:logGet(44)) - raft.server.log.statemachine.data.sync.timeout = 10s (default)
2021-01-06 16:47:10,403 [pool-1464-thread-1] INFO  server.RaftServerConfigKeys (ConfUtils.java:logGet(44)) - raft.server.log.statemachine.data.sync.timeout.retry = -1 (default)
2021-01-06 16:47:10,405 [pool-1464-thread-1] INFO  server.RaftServerConfigKeys (ConfUtils.java:logGet(44)) - raft.server.log.write.buffer.size = 1048576 (custom)
2021-01-06 16:47:10,405 [pool-1464-thread-1] INFO  server.RaftServerConfigKeys (ConfUtils.java:logGet(44)) - raft.server.log.statemachine.data.caching.enabled = true (custom)
2021-01-06 16:47:10,405 [pool-1464-thread-1] INFO  segmented.SegmentedRaftLogWorker (SegmentedRaftLogWorker.java:lambda$new$0(132)) - 758eb975-c749-4165-9bd9-81389eee020b@group-F3FD7E2C97E3-SegmentedRaftLogWorker: flushIndex: setUnconditionally 0 -> -1
2021-01-06 16:47:10,405 [pool-1464-thread-1] INFO  segmented.SegmentedRaftLogWorker (SegmentedRaftLogWorker.java:lambda$new$0(132)) - 758eb975-c749-4165-9bd9-81389eee020b@group-F3FD7E2C97E3-SegmentedRaftLogWorker: safeCacheEvictIndex: setUnconditionally 0 -> -1
2021-01-06 16:47:10,406 [pool-1464-thread-1] INFO  server.RaftServerConfigKeys (ConfUtils.java:logGet(44)) - raft.server.snapshot.auto.trigger.enabled = true (custom)
2021-01-06 16:47:10,406 [pool-1464-thread-1] INFO  server.RaftServerConfigKeys (ConfUtils.java:logGet(44)) - raft.server.snapshot.auto.trigger.threshold = 10000 (custom)
2021-01-06 16:47:10,406 [pool-1464-thread-1] INFO  server.RaftServerConfigKeys (ConfUtils.java:logGet(44)) - raft.server.snapshot.retention.file.num = 5 (custom)
2021-01-06 16:47:10,406 [pool-1464-thread-1] INFO  server.RaftServerConfigKeys (ConfUtils.java:logGet(44)) - raft.server.log.purge.upto.snapshot.index = false (default)
2021-01-06 16:47:10,406 [pool-1464-thread-1] INFO  server.RaftServerConfigKeys (ConfUtils.java:logGet(44)) - raft.server.retrycache.expirytime = 600000ms (custom)
2021-01-06 16:47:10,406 [pool-1464-thread-1] INFO  server.RaftServerConfigKeys (ConfUtils.java:logGet(44)) - raft.server.retrycache.statistics.expirytime = 100?s (default)
2021-01-06 16:47:10,406 [pool-1464-thread-1] INFO  metrics.RatisMetrics (RatisMetrics.java:lambda$create$0(36)) - Creating Metrics Registry : ratis.leader_election.758eb975-c749-4165-9bd9-81389eee020b@group-F3FD7E2C97E3
2021-01-06 16:47:10,407 [pool-1464-thread-1] INFO  metrics.RatisMetrics (RatisMetrics.java:lambda$create$0(36)) - Creating Metrics Registry : ratis.server.758eb975-c749-4165-9bd9-81389eee020b@group-F3FD7E2C97E3
2021-01-06 16:47:10,409 [pool-1464-thread-1] INFO  server.RaftServer$Division (RaftServerImpl.java:start(286)) - 758eb975-c749-4165-9bd9-81389eee020b@group-F3FD7E2C97E3: start as a follower, conf=-1: [758eb975-c749-4165-9bd9-81389eee020b|rpc:172.17.0.2:42295], old=null
2021-01-06 16:47:10,409 [pool-1464-thread-1] INFO  server.RaftServer$Division (RaftServerImpl.java:setRole(275)) - 758eb975-c749-4165-9bd9-81389eee020b@group-F3FD7E2C97E3: changes role from      null to FOLLOWER at term 0 for startAsFollower
2021-01-06 16:47:10,409 [pool-1464-thread-1] INFO  impl.RoleInfo (RoleInfo.java:updateAndGet(130)) - 758eb975-c749-4165-9bd9-81389eee020b: start 758eb975-c749-4165-9bd9-81389eee020b@group-F3FD7E2C97E3-FollowerState
2021-01-06 16:47:10,409 [pool-1464-thread-1] INFO  util.JmxRegister (JmxRegister.java:tryRegister(44)) - Successfully registered JMX Bean with object name Ratis:service=RaftServer,group=group-F3FD7E2C97E3,id=758eb975-c749-4165-9bd9-81389eee020b
2021-01-06 16:47:10,409 [pool-1464-thread-1] INFO  metrics.RatisMetrics (RatisMetrics.java:lambda$create$0(36)) - Creating Metrics Registry : ratis.state_machine.758eb975-c749-4165-9bd9-81389eee020b@group-F3FD7E2C97E3
2021-01-06 16:47:10,410 [Command processor thread] INFO  commandhandler.CreatePipelineCommandHandler (CreatePipelineCommandHandler.java:handle(106)) - Created Pipeline RATIS ONE PipelineID=905c0a45-b035-427b-8833-f3fd7e2c97e3.
2021-01-06 16:47:10,410 [Command processor thread] INFO  server.RaftServer (RaftServerProxy.java:addNew(93)) - 758eb975-c749-4165-9bd9-81389eee020b: addNew group-A17707E7B4E1:[8f97a4d4-5267-458d-aa6e-fd0ac821c306|rpc:172.17.0.2:39743, 758eb975-c749-4165-9bd9-81389eee020b|rpc:172.17.0.2:42295, 19774229-10ce-45d0-998c-3d7b10d140bf|rpc:172.17.0.2:41183] returns group-A17707E7B4E1:java.util.concurrent.CompletableFuture@70169095[Not completed]
2021-01-06 16:47:10,411 [pool-1464-thread-1] INFO  server.RaftServer$Division (RaftServerImpl.java:<init>(173)) - 758eb975-c749-4165-9bd9-81389eee020b: new RaftServerImpl for group-A17707E7B4E1:[8f97a4d4-5267-458d-aa6e-fd0ac821c306|rpc:172.17.0.2:39743, 758eb975-c749-4165-9bd9-81389eee020b|rpc:172.17.0.2:42295, 19774229-10ce-45d0-998c-3d7b10d140bf|rpc:172.17.0.2:41183] with ContainerStateMachine:uninitialized
2021-01-06 16:47:10,411 [pool-1464-thread-1] INFO  server.RaftServerConfigKeys (ConfUtils.java:logGet(44)) - raft.server.rpc.timeout.min = 5s (custom)
2021-01-06 16:47:10,411 [pool-1464-thread-1] INFO  server.RaftServerConfigKeys (ConfUtils.java:logGet(44)) - raft.server.rpc.timeout.max = 5200ms (custom)
2021-01-06 16:47:10,411 [pool-1464-thread-1] INFO  server.RaftServerConfigKeys (ConfUtils.java:logGet(44)) - raft.server.rpc.sleep.time = 25ms (default)
2021-01-06 16:47:10,411 [pool-1464-thread-1] INFO  server.RaftServerConfigKeys (ConfUtils.java:logGet(44)) - raft.server.rpc.slowness.timeout = 300s (custom)
2021-01-06 16:47:10,411 [pool-1464-thread-1] INFO  server.RaftServerConfigKeys (ConfUtils.java:logGet(44)) - raft.server.leaderelection.leader.step-down.wait-time = 10s (default)
2021-01-06 16:47:10,411 [pool-1464-thread-1] INFO  server.RaftServerConfigKeys (ConfUtils.java:logGet(44)) - raft.server.sleep.deviation.threshold = 300ms (default)
2021-01-06 16:47:10,411 [pool-1464-thread-1] INFO  server.RaftServerConfigKeys (ConfUtils.java:logGet(44)) - raft.server.log.appender.install.snapshot.enabled = false (custom)
2021-01-06 16:47:10,411 [pool-1464-thread-1] INFO  server.RaftServer$Division (ServerState.java:<init>(104)) - 758eb975-c749-4165-9bd9-81389eee020b@group-A17707E7B4E1: ConfigurationManager, init=-1: [8f97a4d4-5267-458d-aa6e-fd0ac821c306|rpc:172.17.0.2:39743, 758eb975-c749-4165-9bd9-81389eee020b|rpc:172.17.0.2:42295, 19774229-10ce-45d0-998c-3d7b10d140bf|rpc:172.17.0.2:41183], old=null, confs=<EMPTY_MAP>
2021-01-06 16:47:10,411 [pool-1464-thread-1] INFO  server.RaftServerConfigKeys (ConfUtils.java:logGet(44)) - raft.server.storage.dir = [/github/workspace/mnt/ozone/hadoop-ozone/integration-test/target/test-dir/MiniOzoneClusterImpl-1d43af91-9f82-444b-8964-eb6d4844fd62/datanode-0/data/ratis] (custom)
2021-01-06 16:47:10,411 [pool-1464-thread-1] INFO  server.RaftServerConfigKeys (ConfUtils.java:logGet(44)) - raft.server.log.corruption.policy = EXCEPTION (default)
2021-01-06 16:47:10,411 [pool-1464-thread-1] INFO  storage.RaftStorageDirectory (RaftStorageDirectory.java:analyzeStorage(260)) - The storage directory /github/workspace/mnt/ozone/hadoop-ozone/integration-test/target/test-dir/MiniOzoneClusterImpl-1d43af91-9f82-444b-8964-eb6d4844fd62/datanode-0/data/ratis/16646e2e-6ae2-4294-975f-a17707e7b4e1 does not exist. Creating ...
2021-01-06 16:47:10,412 [pool-1464-thread-1] INFO  storage.RaftStorageDirectory (RaftStorageDirectory.java:tryLock(342)) - Lock on /github/workspace/mnt/ozone/hadoop-ozone/integration-test/target/test-dir/MiniOzoneClusterImpl-1d43af91-9f82-444b-8964-eb6d4844fd62/datanode-0/data/ratis/16646e2e-6ae2-4294-975f-a17707e7b4e1/in_use.lock acquired by nodename 15613@d1d2f32d3d04
2021-01-06 16:47:10,413 [pool-1464-thread-1] INFO  storage.RaftStorage (RaftStorage.java:format(89)) - Storage directory /github/workspace/mnt/ozone/hadoop-ozone/integration-test/target/test-dir/MiniOzoneClusterImpl-1d43af91-9f82-444b-8964-eb6d4844fd62/datanode-0/data/ratis/16646e2e-6ae2-4294-975f-a17707e7b4e1 has been successfully formatted.
2021-01-06 16:47:10,413 [pool-1464-thread-1] INFO  ratis.ContainerStateMachine (ContainerStateMachine.java:loadSnapshot(223)) - group-A17707E7B4E1: The snapshot info is null. Setting the last applied indexto:(t:0, i:~)
2021-01-06 16:47:10,413 [pool-1464-thread-1] ERROR storage.RaftStorage (RaftStorage.java:readRaftConfiguration(152)) - Failed reading configuration from file:/github/workspace/mnt/ozone/hadoop-ozone/integration-test/target/test-dir/MiniOzoneClusterImpl-1d43af91-9f82-444b-8964-eb6d4844fd62/datanode-0/data/ratis/16646e2e-6ae2-4294-975f-a17707e7b4e1/current/raft-meta.conf
java.io.FileNotFoundException: /github/workspace/mnt/ozone/hadoop-ozone/integration-test/target/test-dir/MiniOzoneClusterImpl-1d43af91-9f82-444b-8964-eb6d4844fd62/datanode-0/data/ratis/16646e2e-6ae2-4294-975f-a17707e7b4e1/current/raft-meta.conf (No such file or directory)
	at java.io.FileInputStream.open0(Native Method)
	at java.io.FileInputStream.open(FileInputStream.java:195)
	at java.io.FileInputStream.<init>(FileInputStream.java:138)
	at org.apache.ratis.server.storage.RaftStorage.readRaftConfiguration(RaftStorage.java:148)
	at org.apache.ratis.server.impl.ServerState.initStatemachine(ServerState.java:167)
	at org.apache.ratis.server.impl.ServerState.<init>(ServerState.java:112)
	at org.apache.ratis.server.impl.RaftServerImpl.<init>(RaftServerImpl.java:186)
	at org.apache.ratis.server.impl.RaftServerProxy.lambda$newRaftServerImpl$4(RaftServerProxy.java:264)
	at java.util.concurrent.CompletableFuture$AsyncSupply.run(CompletableFuture.java:1604)
	at java.util.concurrent.ThreadPoolExecutor.runWorker(ThreadPoolExecutor.java:1149)
	at java.util.concurrent.ThreadPoolExecutor$Worker.run(ThreadPoolExecutor.java:624)
	at java.lang.Thread.run(Thread.java:748)
2021-01-06 16:47:10,414 [pool-1464-thread-1] INFO  server.RaftServerConfigKeys (ConfUtils.java:logGet(44)) - raft.server.notification.no-leader.timeout = 300s (custom)
2021-01-06 16:47:10,414 [pool-1464-thread-1] INFO  server.RaftServerConfigKeys (ConfUtils.java:logGet(44)) - raft.server.log.use.memory = false (default)
2021-01-06 16:47:10,414 [pool-1464-thread-1] INFO  server.RaftServerConfigKeys (ConfUtils.java:logGet(44)) - raft.server.log.purge.gap = 1000000 (custom)
2021-01-06 16:47:10,414 [pool-1464-thread-1] INFO  metrics.RatisMetrics (RatisMetrics.java:lambda$create$0(36)) - Creating Metrics Registry : ratis.log_worker.758eb975-c749-4165-9bd9-81389eee020b@group-A17707E7B4E1
2021-01-06 16:47:10,414 [pool-1464-thread-1] INFO  server.RaftServerConfigKeys (ConfUtils.java:logGet(44)) - raft.server.log.appender.buffer.byte-limit = 33554432 (custom)
2021-01-06 16:47:10,414 [pool-1464-thread-1] INFO  server.RaftServerConfigKeys (ConfUtils.java:logGet(44)) - raft.server.log.segment.size.max = 1048576 (custom)
2021-01-06 16:47:10,415 [pool-1464-thread-1] INFO  server.RaftServerConfigKeys (ConfUtils.java:logGet(44)) - raft.server.log.segment.cache.num.max = 2 (custom)
2021-01-06 16:47:10,415 [EventQueue-PipelineReportForOneReplicaPipelineSafeModeRule] INFO  safemode.SCMSafeModeManager (SCMSafeModeManager.java:validateSafeModeExitRules(214)) - AtleastOneDatanodeReportedRule rule is successfully validated
2021-01-06 16:47:10,415 [pool-1464-thread-1] INFO  server.RaftServerConfigKeys (ConfUtils.java:logGet(44)) - raft.server.log.segment.cache.size.max = 200MB (=209715200) (default)
2021-01-06 16:47:10,415 [pool-1464-thread-1] INFO  segmented.SegmentedRaftLogWorker (SegmentedRaftLogWorker.java:<init>(181)) - new 758eb975-c749-4165-9bd9-81389eee020b@group-A17707E7B4E1-SegmentedRaftLogWorker for RaftStorage:Storage Directory /github/workspace/mnt/ozone/hadoop-ozone/integration-test/target/test-dir/MiniOzoneClusterImpl-1d43af91-9f82-444b-8964-eb6d4844fd62/datanode-0/data/ratis/16646e2e-6ae2-4294-975f-a17707e7b4e1
2021-01-06 16:47:10,415 [pool-1464-thread-1] INFO  server.RaftServerConfigKeys (ConfUtils.java:logGet(44)) - raft.server.log.queue.byte-limit = 2147483647 (custom)
2021-01-06 16:47:10,415 [pool-1464-thread-1] INFO  server.RaftServerConfigKeys (ConfUtils.java:logGet(44)) - raft.server.log.queue.element-limit = 1024 (custom)
2021-01-06 16:47:10,415 [pool-1464-thread-1] INFO  server.RaftServerConfigKeys (ConfUtils.java:logGet(44)) - raft.server.log.segment.size.max = 1048576 (custom)
2021-01-06 16:47:10,415 [EventQueue-OpenPipelineForHealthyPipelineSafeModeRule] INFO  safemode.SCMSafeModeManager (HealthyPipelineSafeModeRule.java:process(128)) - SCM in safe mode. Healthy pipelines reported count is 0, required healthy pipeline reported count is 1
2021-01-06 16:47:10,415 [pool-1464-thread-1] INFO  server.RaftServerConfigKeys (ConfUtils.java:logGet(44)) - raft.server.log.preallocated.size = 16384 (custom)
2021-01-06 16:47:10,415 [pool-1464-thread-1] INFO  server.RaftServerConfigKeys (ConfUtils.java:logGet(44)) - raft.server.log.force.sync.num = 128 (default)
2021-01-06 16:47:10,415 [pool-1464-thread-1] INFO  server.RaftServerConfigKeys (ConfUtils.java:logGet(44)) - raft.server.log.statemachine.data.sync = true (default)
2021-01-06 16:47:10,416 [pool-1464-thread-1] INFO  server.RaftServerConfigKeys (ConfUtils.java:logGet(44)) - raft.server.log.statemachine.data.sync.timeout = 10s (default)
2021-01-06 16:47:10,416 [pool-1464-thread-1] INFO  server.RaftServerConfigKeys (ConfUtils.java:logGet(44)) - raft.server.log.statemachine.data.sync.timeout.retry = -1 (default)
2021-01-06 16:47:10,418 [pool-1464-thread-1] INFO  server.RaftServerConfigKeys (ConfUtils.java:logGet(44)) - raft.server.log.write.buffer.size = 1048576 (custom)
2021-01-06 16:47:10,418 [pool-1464-thread-1] INFO  server.RaftServerConfigKeys (ConfUtils.java:logGet(44)) - raft.server.log.statemachine.data.caching.enabled = true (custom)
2021-01-06 16:47:10,418 [pool-1464-thread-1] INFO  segmented.SegmentedRaftLogWorker (SegmentedRaftLogWorker.java:lambda$new$0(132)) - 758eb975-c749-4165-9bd9-81389eee020b@group-A17707E7B4E1-SegmentedRaftLogWorker: flushIndex: setUnconditionally 0 -> -1
2021-01-06 16:47:10,418 [pool-1464-thread-1] INFO  segmented.SegmentedRaftLogWorker (SegmentedRaftLogWorker.java:lambda$new$0(132)) - 758eb975-c749-4165-9bd9-81389eee020b@group-A17707E7B4E1-SegmentedRaftLogWorker: safeCacheEvictIndex: setUnconditionally 0 -> -1
2021-01-06 16:47:10,418 [pool-1464-thread-1] INFO  server.RaftServerConfigKeys (ConfUtils.java:logGet(44)) - raft.server.snapshot.auto.trigger.enabled = true (custom)
2021-01-06 16:47:10,418 [pool-1464-thread-1] INFO  server.RaftServerConfigKeys (ConfUtils.java:logGet(44)) - raft.server.snapshot.auto.trigger.threshold = 10000 (custom)
2021-01-06 16:47:10,418 [pool-1464-thread-1] INFO  server.RaftServerConfigKeys (ConfUtils.java:logGet(44)) - raft.server.snapshot.retention.file.num = 5 (custom)
2021-01-06 16:47:10,418 [pool-1464-thread-1] INFO  server.RaftServerConfigKeys (ConfUtils.java:logGet(44)) - raft.server.log.purge.upto.snapshot.index = false (default)
2021-01-06 16:47:10,418 [pool-1464-thread-1] INFO  server.RaftServerConfigKeys (ConfUtils.java:logGet(44)) - raft.server.retrycache.expirytime = 600000ms (custom)
2021-01-06 16:47:10,418 [pool-1464-thread-1] INFO  server.RaftServerConfigKeys (ConfUtils.java:logGet(44)) - raft.server.retrycache.statistics.expirytime = 100?s (default)
2021-01-06 16:47:10,418 [pool-1464-thread-1] INFO  metrics.RatisMetrics (RatisMetrics.java:lambda$create$0(36)) - Creating Metrics Registry : ratis.leader_election.758eb975-c749-4165-9bd9-81389eee020b@group-A17707E7B4E1
2021-01-06 16:47:10,419 [pool-1464-thread-1] INFO  metrics.RatisMetrics (RatisMetrics.java:lambda$create$0(36)) - Creating Metrics Registry : ratis.server.758eb975-c749-4165-9bd9-81389eee020b@group-A17707E7B4E1
2021-01-06 16:47:10,421 [pool-1464-thread-1] INFO  server.RaftServer$Division (RaftServerImpl.java:start(286)) - 758eb975-c749-4165-9bd9-81389eee020b@group-A17707E7B4E1: start as a follower, conf=-1: [8f97a4d4-5267-458d-aa6e-fd0ac821c306|rpc:172.17.0.2:39743, 758eb975-c749-4165-9bd9-81389eee020b|rpc:172.17.0.2:42295, 19774229-10ce-45d0-998c-3d7b10d140bf|rpc:172.17.0.2:41183], old=null
2021-01-06 16:47:10,421 [pool-1464-thread-1] INFO  server.RaftServer$Division (RaftServerImpl.java:setRole(275)) - 758eb975-c749-4165-9bd9-81389eee020b@group-A17707E7B4E1: changes role from      null to FOLLOWER at term 0 for startAsFollower
2021-01-06 16:47:10,421 [pool-1464-thread-1] INFO  impl.RoleInfo (RoleInfo.java:updateAndGet(130)) - 758eb975-c749-4165-9bd9-81389eee020b: start 758eb975-c749-4165-9bd9-81389eee020b@group-A17707E7B4E1-FollowerState
2021-01-06 16:47:10,421 [pool-1464-thread-1] INFO  util.JmxRegister (JmxRegister.java:tryRegister(44)) - Successfully registered JMX Bean with object name Ratis:service=RaftServer,group=group-A17707E7B4E1,id=758eb975-c749-4165-9bd9-81389eee020b
2021-01-06 16:47:10,422 [pool-1464-thread-1] INFO  metrics.RatisMetrics (RatisMetrics.java:lambda$create$0(36)) - Creating Metrics Registry : ratis.state_machine.758eb975-c749-4165-9bd9-81389eee020b@group-A17707E7B4E1
2021-01-06 16:47:10,423 [Command processor thread] INFO  metrics.RatisMetrics (RatisMetrics.java:lambda$create$0(36)) - Creating Metrics Registry : ratis.client_message_metrics.client-28D9231637D6->19774229-10ce-45d0-998c-3d7b10d140bf
2021-01-06 16:47:10,428 [grpc-default-executor-0] INFO  metrics.RatisMetrics (RatisMetrics.java:lambda$create$0(36)) - Creating Metrics Registry : ratis.server_message_metrics.19774229-10ce-45d0-998c-3d7b10d140bf
2021-01-06 16:47:10,429 [grpc-default-executor-0] INFO  server.RaftServer (RaftServerProxy.java:addNew(93)) - 19774229-10ce-45d0-998c-3d7b10d140bf: addNew group-A17707E7B4E1:[8f97a4d4-5267-458d-aa6e-fd0ac821c306|rpc:172.17.0.2:39743|dataStream:, 758eb975-c749-4165-9bd9-81389eee020b|rpc:172.17.0.2:42295|dataStream:, 19774229-10ce-45d0-998c-3d7b10d140bf|rpc:172.17.0.2:41183|dataStream:] returns group-A17707E7B4E1:java.util.concurrent.CompletableFuture@66c499f5[Not completed]
2021-01-06 16:47:10,430 [pool-1480-thread-1] INFO  server.RaftServer$Division (RaftServerImpl.java:<init>(173)) - 19774229-10ce-45d0-998c-3d7b10d140bf: new RaftServerImpl for group-A17707E7B4E1:[8f97a4d4-5267-458d-aa6e-fd0ac821c306|rpc:172.17.0.2:39743|dataStream:, 758eb975-c749-4165-9bd9-81389eee020b|rpc:172.17.0.2:42295|dataStream:, 19774229-10ce-45d0-998c-3d7b10d140bf|rpc:172.17.0.2:41183|dataStream:] with ContainerStateMachine:uninitialized
2021-01-06 16:47:10,430 [pool-1480-thread-1] INFO  server.RaftServerConfigKeys (ConfUtils.java:logGet(44)) - raft.server.rpc.timeout.min = 5s (custom)
2021-01-06 16:47:10,430 [pool-1480-thread-1] INFO  server.RaftServerConfigKeys (ConfUtils.java:logGet(44)) - raft.server.rpc.timeout.max = 5200ms (custom)
2021-01-06 16:47:10,430 [pool-1480-thread-1] INFO  server.RaftServerConfigKeys (ConfUtils.java:logGet(44)) - raft.server.rpc.sleep.time = 25ms (default)
2021-01-06 16:47:10,430 [pool-1480-thread-1] INFO  server.RaftServerConfigKeys (ConfUtils.java:logGet(44)) - raft.server.rpc.slowness.timeout = 300s (custom)
2021-01-06 16:47:10,430 [pool-1480-thread-1] INFO  server.RaftServerConfigKeys (ConfUtils.java:logGet(44)) - raft.server.leaderelection.leader.step-down.wait-time = 10s (default)
2021-01-06 16:47:10,430 [pool-1480-thread-1] INFO  server.RaftServerConfigKeys (ConfUtils.java:logGet(44)) - raft.server.sleep.deviation.threshold = 300ms (default)
2021-01-06 16:47:10,430 [pool-1480-thread-1] INFO  server.RaftServerConfigKeys (ConfUtils.java:logGet(44)) - raft.server.log.appender.install.snapshot.enabled = false (custom)
2021-01-06 16:47:10,430 [pool-1480-thread-1] INFO  server.RaftServer$Division (ServerState.java:<init>(104)) - 19774229-10ce-45d0-998c-3d7b10d140bf@group-A17707E7B4E1: ConfigurationManager, init=-1: [8f97a4d4-5267-458d-aa6e-fd0ac821c306|rpc:172.17.0.2:39743|dataStream:, 758eb975-c749-4165-9bd9-81389eee020b|rpc:172.17.0.2:42295|dataStream:, 19774229-10ce-45d0-998c-3d7b10d140bf|rpc:172.17.0.2:41183|dataStream:], old=null, confs=<EMPTY_MAP>
2021-01-06 16:47:10,430 [pool-1480-thread-1] INFO  server.RaftServerConfigKeys (ConfUtils.java:logGet(44)) - raft.server.storage.dir = [/github/workspace/mnt/ozone/hadoop-ozone/integration-test/target/test-dir/MiniOzoneClusterImpl-1d43af91-9f82-444b-8964-eb6d4844fd62/datanode-1/data/ratis] (custom)
2021-01-06 16:47:10,431 [pool-1480-thread-1] INFO  server.RaftServerConfigKeys (ConfUtils.java:logGet(44)) - raft.server.log.corruption.policy = EXCEPTION (default)
2021-01-06 16:47:10,431 [pool-1480-thread-1] INFO  storage.RaftStorageDirectory (RaftStorageDirectory.java:analyzeStorage(260)) - The storage directory /github/workspace/mnt/ozone/hadoop-ozone/integration-test/target/test-dir/MiniOzoneClusterImpl-1d43af91-9f82-444b-8964-eb6d4844fd62/datanode-1/data/ratis/16646e2e-6ae2-4294-975f-a17707e7b4e1 does not exist. Creating ...
2021-01-06 16:47:10,431 [pool-1480-thread-1] INFO  storage.RaftStorageDirectory (RaftStorageDirectory.java:tryLock(342)) - Lock on /github/workspace/mnt/ozone/hadoop-ozone/integration-test/target/test-dir/MiniOzoneClusterImpl-1d43af91-9f82-444b-8964-eb6d4844fd62/datanode-1/data/ratis/16646e2e-6ae2-4294-975f-a17707e7b4e1/in_use.lock acquired by nodename 15613@d1d2f32d3d04
2021-01-06 16:47:10,432 [pool-1480-thread-1] INFO  storage.RaftStorage (RaftStorage.java:format(89)) - Storage directory /github/workspace/mnt/ozone/hadoop-ozone/integration-test/target/test-dir/MiniOzoneClusterImpl-1d43af91-9f82-444b-8964-eb6d4844fd62/datanode-1/data/ratis/16646e2e-6ae2-4294-975f-a17707e7b4e1 has been successfully formatted.
2021-01-06 16:47:10,432 [pool-1480-thread-1] INFO  ratis.ContainerStateMachine (ContainerStateMachine.java:loadSnapshot(223)) - group-A17707E7B4E1: The snapshot info is null. Setting the last applied indexto:(t:0, i:~)
2021-01-06 16:47:10,432 [pool-1480-thread-1] ERROR storage.RaftStorage (RaftStorage.java:readRaftConfiguration(152)) - Failed reading configuration from file:/github/workspace/mnt/ozone/hadoop-ozone/integration-test/target/test-dir/MiniOzoneClusterImpl-1d43af91-9f82-444b-8964-eb6d4844fd62/datanode-1/data/ratis/16646e2e-6ae2-4294-975f-a17707e7b4e1/current/raft-meta.conf
java.io.FileNotFoundException: /github/workspace/mnt/ozone/hadoop-ozone/integration-test/target/test-dir/MiniOzoneClusterImpl-1d43af91-9f82-444b-8964-eb6d4844fd62/datanode-1/data/ratis/16646e2e-6ae2-4294-975f-a17707e7b4e1/current/raft-meta.conf (No such file or directory)
	at java.io.FileInputStream.open0(Native Method)
	at java.io.FileInputStream.open(FileInputStream.java:195)
	at java.io.FileInputStream.<init>(FileInputStream.java:138)
	at org.apache.ratis.server.storage.RaftStorage.readRaftConfiguration(RaftStorage.java:148)
	at org.apache.ratis.server.impl.ServerState.initStatemachine(ServerState.java:167)
	at org.apache.ratis.server.impl.ServerState.<init>(ServerState.java:112)
	at org.apache.ratis.server.impl.RaftServerImpl.<init>(RaftServerImpl.java:186)
	at org.apache.ratis.server.impl.RaftServerProxy.lambda$newRaftServerImpl$4(RaftServerProxy.java:264)
	at java.util.concurrent.CompletableFuture$AsyncSupply.run(CompletableFuture.java:1604)
	at java.util.concurrent.ThreadPoolExecutor.runWorker(ThreadPoolExecutor.java:1149)
	at java.util.concurrent.ThreadPoolExecutor$Worker.run(ThreadPoolExecutor.java:624)
	at java.lang.Thread.run(Thread.java:748)
2021-01-06 16:47:10,433 [pool-1480-thread-1] INFO  server.RaftServerConfigKeys (ConfUtils.java:logGet(44)) - raft.server.notification.no-leader.timeout = 300s (custom)
2021-01-06 16:47:10,433 [EventQueue-PipelineReportForOneReplicaPipelineSafeModeRule] INFO  safemode.SCMSafeModeManager (SCMSafeModeManager.java:validateSafeModeExitRules(214)) - AtleastOneDatanodeReportedRule rule is successfully validated
2021-01-06 16:47:10,433 [pool-1480-thread-1] INFO  server.RaftServerConfigKeys (ConfUtils.java:logGet(44)) - raft.server.log.use.memory = false (default)
2021-01-06 16:47:10,433 [pool-1480-thread-1] INFO  server.RaftServerConfigKeys (ConfUtils.java:logGet(44)) - raft.server.log.purge.gap = 1000000 (custom)
2021-01-06 16:47:10,433 [pool-1480-thread-1] INFO  metrics.RatisMetrics (RatisMetrics.java:lambda$create$0(36)) - Creating Metrics Registry : ratis.log_worker.19774229-10ce-45d0-998c-3d7b10d140bf@group-A17707E7B4E1
2021-01-06 16:47:10,433 [pool-1480-thread-1] INFO  server.RaftServerConfigKeys (ConfUtils.java:logGet(44)) - raft.server.log.appender.buffer.byte-limit = 33554432 (custom)
2021-01-06 16:47:10,433 [pool-1480-thread-1] INFO  server.RaftServerConfigKeys (ConfUtils.java:logGet(44)) - raft.server.log.segment.size.max = 1048576 (custom)
2021-01-06 16:47:10,434 [pool-1480-thread-1] INFO  server.RaftServerConfigKeys (ConfUtils.java:logGet(44)) - raft.server.log.segment.cache.num.max = 2 (custom)
2021-01-06 16:47:10,434 [pool-1480-thread-1] INFO  server.RaftServerConfigKeys (ConfUtils.java:logGet(44)) - raft.server.log.segment.cache.size.max = 200MB (=209715200) (default)
2021-01-06 16:47:10,434 [pool-1480-thread-1] INFO  segmented.SegmentedRaftLogWorker (SegmentedRaftLogWorker.java:<init>(181)) - new 19774229-10ce-45d0-998c-3d7b10d140bf@group-A17707E7B4E1-SegmentedRaftLogWorker for RaftStorage:Storage Directory /github/workspace/mnt/ozone/hadoop-ozone/integration-test/target/test-dir/MiniOzoneClusterImpl-1d43af91-9f82-444b-8964-eb6d4844fd62/datanode-1/data/ratis/16646e2e-6ae2-4294-975f-a17707e7b4e1
2021-01-06 16:47:10,434 [pool-1480-thread-1] INFO  server.RaftServerConfigKeys (ConfUtils.java:logGet(44)) - raft.server.log.queue.byte-limit = 2147483647 (custom)
2021-01-06 16:47:10,434 [pool-1480-thread-1] INFO  server.RaftServerConfigKeys (ConfUtils.java:logGet(44)) - raft.server.log.queue.element-limit = 1024 (custom)
2021-01-06 16:47:10,434 [pool-1480-thread-1] INFO  server.RaftServerConfigKeys (ConfUtils.java:logGet(44)) - raft.server.log.segment.size.max = 1048576 (custom)
2021-01-06 16:47:10,434 [pool-1480-thread-1] INFO  server.RaftServerConfigKeys (ConfUtils.java:logGet(44)) - raft.server.log.preallocated.size = 16384 (custom)
2021-01-06 16:47:10,435 [pool-1480-thread-1] INFO  server.RaftServerConfigKeys (ConfUtils.java:logGet(44)) - raft.server.log.force.sync.num = 128 (default)
2021-01-06 16:47:10,435 [pool-1480-thread-1] INFO  server.RaftServerConfigKeys (ConfUtils.java:logGet(44)) - raft.server.log.statemachine.data.sync = true (default)
2021-01-06 16:47:10,435 [pool-1480-thread-1] INFO  server.RaftServerConfigKeys (ConfUtils.java:logGet(44)) - raft.server.log.statemachine.data.sync.timeout = 10s (default)
2021-01-06 16:47:10,435 [pool-1480-thread-1] INFO  server.RaftServerConfigKeys (ConfUtils.java:logGet(44)) - raft.server.log.statemachine.data.sync.timeout.retry = -1 (default)
2021-01-06 16:47:10,437 [pool-1480-thread-1] INFO  server.RaftServerConfigKeys (ConfUtils.java:logGet(44)) - raft.server.log.write.buffer.size = 1048576 (custom)
2021-01-06 16:47:10,437 [pool-1480-thread-1] INFO  server.RaftServerConfigKeys (ConfUtils.java:logGet(44)) - raft.server.log.statemachine.data.caching.enabled = true (custom)
2021-01-06 16:47:10,437 [pool-1480-thread-1] INFO  segmented.SegmentedRaftLogWorker (SegmentedRaftLogWorker.java:lambda$new$0(132)) - 19774229-10ce-45d0-998c-3d7b10d140bf@group-A17707E7B4E1-SegmentedRaftLogWorker: flushIndex: setUnconditionally 0 -> -1
2021-01-06 16:47:10,437 [pool-1480-thread-1] INFO  segmented.SegmentedRaftLogWorker (SegmentedRaftLogWorker.java:lambda$new$0(132)) - 19774229-10ce-45d0-998c-3d7b10d140bf@group-A17707E7B4E1-SegmentedRaftLogWorker: safeCacheEvictIndex: setUnconditionally 0 -> -1
2021-01-06 16:47:10,437 [pool-1480-thread-1] INFO  server.RaftServerConfigKeys (ConfUtils.java:logGet(44)) - raft.server.snapshot.auto.trigger.enabled = true (custom)
2021-01-06 16:47:10,437 [pool-1480-thread-1] INFO  server.RaftServerConfigKeys (ConfUtils.java:logGet(44)) - raft.server.snapshot.auto.trigger.threshold = 10000 (custom)
2021-01-06 16:47:10,437 [pool-1480-thread-1] INFO  server.RaftServerConfigKeys (ConfUtils.java:logGet(44)) - raft.server.snapshot.retention.file.num = 5 (custom)
2021-01-06 16:47:10,437 [pool-1480-thread-1] INFO  server.RaftServerConfigKeys (ConfUtils.java:logGet(44)) - raft.server.log.purge.upto.snapshot.index = false (default)
2021-01-06 16:47:10,437 [pool-1480-thread-1] INFO  server.RaftServerConfigKeys (ConfUtils.java:logGet(44)) - raft.server.retrycache.expirytime = 600000ms (custom)
2021-01-06 16:47:10,437 [pool-1480-thread-1] INFO  server.RaftServerConfigKeys (ConfUtils.java:logGet(44)) - raft.server.retrycache.statistics.expirytime = 100?s (default)
2021-01-06 16:47:10,437 [pool-1480-thread-1] INFO  metrics.RatisMetrics (RatisMetrics.java:lambda$create$0(36)) - Creating Metrics Registry : ratis.leader_election.19774229-10ce-45d0-998c-3d7b10d140bf@group-A17707E7B4E1
2021-01-06 16:47:10,438 [pool-1480-thread-1] INFO  metrics.RatisMetrics (RatisMetrics.java:lambda$create$0(36)) - Creating Metrics Registry : ratis.server.19774229-10ce-45d0-998c-3d7b10d140bf@group-A17707E7B4E1
2021-01-06 16:47:10,440 [pool-1480-thread-1] INFO  server.RaftServer$Division (RaftServerImpl.java:start(286)) - 19774229-10ce-45d0-998c-3d7b10d140bf@group-A17707E7B4E1: start as a follower, conf=-1: [8f97a4d4-5267-458d-aa6e-fd0ac821c306|rpc:172.17.0.2:39743|dataStream:, 758eb975-c749-4165-9bd9-81389eee020b|rpc:172.17.0.2:42295|dataStream:, 19774229-10ce-45d0-998c-3d7b10d140bf|rpc:172.17.0.2:41183|dataStream:], old=null
2021-01-06 16:47:10,440 [pool-1480-thread-1] INFO  server.RaftServer$Division (RaftServerImpl.java:setRole(275)) - 19774229-10ce-45d0-998c-3d7b10d140bf@group-A17707E7B4E1: changes role from      null to FOLLOWER at term 0 for startAsFollower
2021-01-06 16:47:10,440 [pool-1480-thread-1] INFO  impl.RoleInfo (RoleInfo.java:updateAndGet(130)) - 19774229-10ce-45d0-998c-3d7b10d140bf: start 19774229-10ce-45d0-998c-3d7b10d140bf@group-A17707E7B4E1-FollowerState
2021-01-06 16:47:10,444 [pool-1480-thread-1] INFO  util.JmxRegister (JmxRegister.java:tryRegister(44)) - Successfully registered JMX Bean with object name Ratis:service=RaftServer,group=group-A17707E7B4E1,id=19774229-10ce-45d0-998c-3d7b10d140bf
2021-01-06 16:47:10,444 [pool-1480-thread-1] INFO  metrics.RatisMetrics (RatisMetrics.java:lambda$create$0(36)) - Creating Metrics Registry : ratis.state_machine.19774229-10ce-45d0-998c-3d7b10d140bf@group-A17707E7B4E1
2021-01-06 16:47:10,449 [Command processor thread] INFO  metrics.RatisMetrics (RatisMetrics.java:lambda$create$0(36)) - Creating Metrics Registry : ratis.client_message_metrics.client-3CBEA5E55449->8f97a4d4-5267-458d-aa6e-fd0ac821c306
2021-01-06 16:47:10,453 [grpc-default-executor-0] INFO  metrics.RatisMetrics (RatisMetrics.java:lambda$create$0(36)) - Creating Metrics Registry : ratis.server_message_metrics.8f97a4d4-5267-458d-aa6e-fd0ac821c306
2021-01-06 16:47:10,455 [grpc-default-executor-0] INFO  server.RaftServer (RaftServerProxy.java:addNew(93)) - 8f97a4d4-5267-458d-aa6e-fd0ac821c306: addNew group-A17707E7B4E1:[8f97a4d4-5267-458d-aa6e-fd0ac821c306|rpc:172.17.0.2:39743|dataStream:, 758eb975-c749-4165-9bd9-81389eee020b|rpc:172.17.0.2:42295|dataStream:, 19774229-10ce-45d0-998c-3d7b10d140bf|rpc:172.17.0.2:41183|dataStream:] returns group-A17707E7B4E1:java.util.concurrent.CompletableFuture@3eab757f[Not completed]
2021-01-06 16:47:10,455 [pool-1496-thread-1] INFO  server.RaftServer$Division (RaftServerImpl.java:<init>(173)) - 8f97a4d4-5267-458d-aa6e-fd0ac821c306: new RaftServerImpl for group-A17707E7B4E1:[8f97a4d4-5267-458d-aa6e-fd0ac821c306|rpc:172.17.0.2:39743|dataStream:, 758eb975-c749-4165-9bd9-81389eee020b|rpc:172.17.0.2:42295|dataStream:, 19774229-10ce-45d0-998c-3d7b10d140bf|rpc:172.17.0.2:41183|dataStream:] with ContainerStateMachine:uninitialized
2021-01-06 16:47:10,455 [pool-1496-thread-1] INFO  server.RaftServerConfigKeys (ConfUtils.java:logGet(44)) - raft.server.rpc.timeout.min = 5s (custom)
2021-01-06 16:47:10,456 [pool-1496-thread-1] INFO  server.RaftServerConfigKeys (ConfUtils.java:logGet(44)) - raft.server.rpc.timeout.max = 5200ms (custom)
2021-01-06 16:47:10,456 [pool-1496-thread-1] INFO  server.RaftServerConfigKeys (ConfUtils.java:logGet(44)) - raft.server.rpc.sleep.time = 25ms (default)
2021-01-06 16:47:10,456 [pool-1496-thread-1] INFO  server.RaftServerConfigKeys (ConfUtils.java:logGet(44)) - raft.server.rpc.slowness.timeout = 300s (custom)
2021-01-06 16:47:10,456 [pool-1496-thread-1] INFO  server.RaftServerConfigKeys (ConfUtils.java:logGet(44)) - raft.server.leaderelection.leader.step-down.wait-time = 10s (default)
2021-01-06 16:47:10,456 [pool-1496-thread-1] INFO  server.RaftServerConfigKeys (ConfUtils.java:logGet(44)) - raft.server.sleep.deviation.threshold = 300ms (default)
2021-01-06 16:47:10,456 [pool-1496-thread-1] INFO  server.RaftServerConfigKeys (ConfUtils.java:logGet(44)) - raft.server.log.appender.install.snapshot.enabled = false (custom)
2021-01-06 16:47:10,456 [pool-1496-thread-1] INFO  server.RaftServer$Division (ServerState.java:<init>(104)) - 8f97a4d4-5267-458d-aa6e-fd0ac821c306@group-A17707E7B4E1: ConfigurationManager, init=-1: [8f97a4d4-5267-458d-aa6e-fd0ac821c306|rpc:172.17.0.2:39743|dataStream:, 758eb975-c749-4165-9bd9-81389eee020b|rpc:172.17.0.2:42295|dataStream:, 19774229-10ce-45d0-998c-3d7b10d140bf|rpc:172.17.0.2:41183|dataStream:], old=null, confs=<EMPTY_MAP>
2021-01-06 16:47:10,456 [pool-1496-thread-1] INFO  server.RaftServerConfigKeys (ConfUtils.java:logGet(44)) - raft.server.storage.dir = [/github/workspace/mnt/ozone/hadoop-ozone/integration-test/target/test-dir/MiniOzoneClusterImpl-1d43af91-9f82-444b-8964-eb6d4844fd62/datanode-2/data/ratis] (custom)
2021-01-06 16:47:10,456 [pool-1496-thread-1] INFO  server.RaftServerConfigKeys (ConfUtils.java:logGet(44)) - raft.server.log.corruption.policy = EXCEPTION (default)
2021-01-06 16:47:10,456 [pool-1496-thread-1] INFO  storage.RaftStorageDirectory (RaftStorageDirectory.java:analyzeStorage(260)) - The storage directory /github/workspace/mnt/ozone/hadoop-ozone/integration-test/target/test-dir/MiniOzoneClusterImpl-1d43af91-9f82-444b-8964-eb6d4844fd62/datanode-2/data/ratis/16646e2e-6ae2-4294-975f-a17707e7b4e1 does not exist. Creating ...
2021-01-06 16:47:10,457 [pool-1496-thread-1] INFO  storage.RaftStorageDirectory (RaftStorageDirectory.java:tryLock(342)) - Lock on /github/workspace/mnt/ozone/hadoop-ozone/integration-test/target/test-dir/MiniOzoneClusterImpl-1d43af91-9f82-444b-8964-eb6d4844fd62/datanode-2/data/ratis/16646e2e-6ae2-4294-975f-a17707e7b4e1/in_use.lock acquired by nodename 15613@d1d2f32d3d04
2021-01-06 16:47:10,458 [pool-1496-thread-1] INFO  storage.RaftStorage (RaftStorage.java:format(89)) - Storage directory /github/workspace/mnt/ozone/hadoop-ozone/integration-test/target/test-dir/MiniOzoneClusterImpl-1d43af91-9f82-444b-8964-eb6d4844fd62/datanode-2/data/ratis/16646e2e-6ae2-4294-975f-a17707e7b4e1 has been successfully formatted.
2021-01-06 16:47:10,458 [pool-1496-thread-1] INFO  ratis.ContainerStateMachine (ContainerStateMachine.java:loadSnapshot(223)) - group-A17707E7B4E1: The snapshot info is null. Setting the last applied indexto:(t:0, i:~)
2021-01-06 16:47:10,459 [EventQueue-PipelineReportForOneReplicaPipelineSafeModeRule] INFO  safemode.SCMSafeModeManager (SCMSafeModeManager.java:validateSafeModeExitRules(214)) - AtleastOneDatanodeReportedRule rule is successfully validated
2021-01-06 16:47:10,459 [pool-1496-thread-1] ERROR storage.RaftStorage (RaftStorage.java:readRaftConfiguration(152)) - Failed reading configuration from file:/github/workspace/mnt/ozone/hadoop-ozone/integration-test/target/test-dir/MiniOzoneClusterImpl-1d43af91-9f82-444b-8964-eb6d4844fd62/datanode-2/data/ratis/16646e2e-6ae2-4294-975f-a17707e7b4e1/current/raft-meta.conf
java.io.FileNotFoundException: /github/workspace/mnt/ozone/hadoop-ozone/integration-test/target/test-dir/MiniOzoneClusterImpl-1d43af91-9f82-444b-8964-eb6d4844fd62/datanode-2/data/ratis/16646e2e-6ae2-4294-975f-a17707e7b4e1/current/raft-meta.conf (No such file or directory)
	at java.io.FileInputStream.open0(Native Method)
	at java.io.FileInputStream.open(FileInputStream.java:195)
	at java.io.FileInputStream.<init>(FileInputStream.java:138)
	at org.apache.ratis.server.storage.RaftStorage.readRaftConfiguration(RaftStorage.java:148)
	at org.apache.ratis.server.impl.ServerState.initStatemachine(ServerState.java:167)
	at org.apache.ratis.server.impl.ServerState.<init>(ServerState.java:112)
	at org.apache.ratis.server.impl.RaftServerImpl.<init>(RaftServerImpl.java:186)
	at org.apache.ratis.server.impl.RaftServerProxy.lambda$newRaftServerImpl$4(RaftServerProxy.java:264)
	at java.util.concurrent.CompletableFuture$AsyncSupply.run(CompletableFuture.java:1604)
	at java.util.concurrent.ThreadPoolExecutor.runWorker(ThreadPoolExecutor.java:1149)
	at java.util.concurrent.ThreadPoolExecutor$Worker.run(ThreadPoolExecutor.java:624)
	at java.lang.Thread.run(Thread.java:748)
2021-01-06 16:47:10,459 [pool-1496-thread-1] INFO  server.RaftServerConfigKeys (ConfUtils.java:logGet(44)) - raft.server.notification.no-leader.timeout = 300s (custom)
2021-01-06 16:47:10,459 [pool-1496-thread-1] INFO  server.RaftServerConfigKeys (ConfUtils.java:logGet(44)) - raft.server.log.use.memory = false (default)
2021-01-06 16:47:10,459 [pool-1496-thread-1] INFO  server.RaftServerConfigKeys (ConfUtils.java:logGet(44)) - raft.server.log.purge.gap = 1000000 (custom)
2021-01-06 16:47:10,459 [pool-1496-thread-1] INFO  metrics.RatisMetrics (RatisMetrics.java:lambda$create$0(36)) - Creating Metrics Registry : ratis.log_worker.8f97a4d4-5267-458d-aa6e-fd0ac821c306@group-A17707E7B4E1
2021-01-06 16:47:10,459 [pool-1496-thread-1] INFO  server.RaftServerConfigKeys (ConfUtils.java:logGet(44)) - raft.server.log.appender.buffer.byte-limit = 33554432 (custom)
2021-01-06 16:47:10,459 [pool-1496-thread-1] INFO  server.RaftServerConfigKeys (ConfUtils.java:logGet(44)) - raft.server.log.segment.size.max = 1048576 (custom)
2021-01-06 16:47:10,460 [pool-1496-thread-1] INFO  server.RaftServerConfigKeys (ConfUtils.java:logGet(44)) - raft.server.log.segment.cache.num.max = 2 (custom)
2021-01-06 16:47:10,460 [pool-1496-thread-1] INFO  server.RaftServerConfigKeys (ConfUtils.java:logGet(44)) - raft.server.log.segment.cache.size.max = 200MB (=209715200) (default)
2021-01-06 16:47:10,461 [pool-1496-thread-1] INFO  segmented.SegmentedRaftLogWorker (SegmentedRaftLogWorker.java:<init>(181)) - new 8f97a4d4-5267-458d-aa6e-fd0ac821c306@group-A17707E7B4E1-SegmentedRaftLogWorker for RaftStorage:Storage Directory /github/workspace/mnt/ozone/hadoop-ozone/integration-test/target/test-dir/MiniOzoneClusterImpl-1d43af91-9f82-444b-8964-eb6d4844fd62/datanode-2/data/ratis/16646e2e-6ae2-4294-975f-a17707e7b4e1
2021-01-06 16:47:10,461 [pool-1496-thread-1] INFO  server.RaftServerConfigKeys (ConfUtils.java:logGet(44)) - raft.server.log.queue.byte-limit = 2147483647 (custom)
2021-01-06 16:47:10,461 [pool-1496-thread-1] INFO  server.RaftServerConfigKeys (ConfUtils.java:logGet(44)) - raft.server.log.queue.element-limit = 1024 (custom)
2021-01-06 16:47:10,461 [pool-1496-thread-1] INFO  server.RaftServerConfigKeys (ConfUtils.java:logGet(44)) - raft.server.log.segment.size.max = 1048576 (custom)
2021-01-06 16:47:10,461 [pool-1496-thread-1] INFO  server.RaftServerConfigKeys (ConfUtils.java:logGet(44)) - raft.server.log.preallocated.size = 16384 (custom)
2021-01-06 16:47:10,461 [pool-1496-thread-1] INFO  server.RaftServerConfigKeys (ConfUtils.java:logGet(44)) - raft.server.log.force.sync.num = 128 (default)
2021-01-06 16:47:10,461 [pool-1496-thread-1] INFO  server.RaftServerConfigKeys (ConfUtils.java:logGet(44)) - raft.server.log.statemachine.data.sync = true (default)
2021-01-06 16:47:10,461 [pool-1496-thread-1] INFO  server.RaftServerConfigKeys (ConfUtils.java:logGet(44)) - raft.server.log.statemachine.data.sync.timeout = 10s (default)
2021-01-06 16:47:10,461 [pool-1496-thread-1] INFO  server.RaftServerConfigKeys (ConfUtils.java:logGet(44)) - raft.server.log.statemachine.data.sync.timeout.retry = -1 (default)
2021-01-06 16:47:10,463 [pool-1496-thread-1] INFO  server.RaftServerConfigKeys (ConfUtils.java:logGet(44)) - raft.server.log.write.buffer.size = 1048576 (custom)
2021-01-06 16:47:10,464 [pool-1496-thread-1] INFO  server.RaftServerConfigKeys (ConfUtils.java:logGet(44)) - raft.server.log.statemachine.data.caching.enabled = true (custom)
2021-01-06 16:47:10,464 [pool-1496-thread-1] INFO  segmented.SegmentedRaftLogWorker (SegmentedRaftLogWorker.java:lambda$new$0(132)) - 8f97a4d4-5267-458d-aa6e-fd0ac821c306@group-A17707E7B4E1-SegmentedRaftLogWorker: flushIndex: setUnconditionally 0 -> -1
2021-01-06 16:47:10,464 [pool-1496-thread-1] INFO  segmented.SegmentedRaftLogWorker (SegmentedRaftLogWorker.java:lambda$new$0(132)) - 8f97a4d4-5267-458d-aa6e-fd0ac821c306@group-A17707E7B4E1-SegmentedRaftLogWorker: safeCacheEvictIndex: setUnconditionally 0 -> -1
2021-01-06 16:47:10,464 [pool-1496-thread-1] INFO  server.RaftServerConfigKeys (ConfUtils.java:logGet(44)) - raft.server.snapshot.auto.trigger.enabled = true (custom)
2021-01-06 16:47:10,464 [pool-1496-thread-1] INFO  server.RaftServerConfigKeys (ConfUtils.java:logGet(44)) - raft.server.snapshot.auto.trigger.threshold = 10000 (custom)
2021-01-06 16:47:10,464 [pool-1496-thread-1] INFO  server.RaftServerConfigKeys (ConfUtils.java:logGet(44)) - raft.server.snapshot.retention.file.num = 5 (custom)
2021-01-06 16:47:10,464 [pool-1496-thread-1] INFO  server.RaftServerConfigKeys (ConfUtils.java:logGet(44)) - raft.server.log.purge.upto.snapshot.index = false (default)
2021-01-06 16:47:10,464 [pool-1496-thread-1] INFO  server.RaftServerConfigKeys (ConfUtils.java:logGet(44)) - raft.server.retrycache.expirytime = 600000ms (custom)
2021-01-06 16:47:10,464 [pool-1496-thread-1] INFO  server.RaftServerConfigKeys (ConfUtils.java:logGet(44)) - raft.server.retrycache.statistics.expirytime = 100?s (default)
2021-01-06 16:47:10,464 [pool-1496-thread-1] INFO  metrics.RatisMetrics (RatisMetrics.java:lambda$create$0(36)) - Creating Metrics Registry : ratis.leader_election.8f97a4d4-5267-458d-aa6e-fd0ac821c306@group-A17707E7B4E1
2021-01-06 16:47:10,465 [pool-1496-thread-1] INFO  metrics.RatisMetrics (RatisMetrics.java:lambda$create$0(36)) - Creating Metrics Registry : ratis.server.8f97a4d4-5267-458d-aa6e-fd0ac821c306@group-A17707E7B4E1
2021-01-06 16:47:10,467 [pool-1496-thread-1] INFO  server.RaftServer$Division (RaftServerImpl.java:start(286)) - 8f97a4d4-5267-458d-aa6e-fd0ac821c306@group-A17707E7B4E1: start as a follower, conf=-1: [8f97a4d4-5267-458d-aa6e-fd0ac821c306|rpc:172.17.0.2:39743|dataStream:, 758eb975-c749-4165-9bd9-81389eee020b|rpc:172.17.0.2:42295|dataStream:, 19774229-10ce-45d0-998c-3d7b10d140bf|rpc:172.17.0.2:41183|dataStream:], old=null
2021-01-06 16:47:10,467 [pool-1496-thread-1] INFO  server.RaftServer$Division (RaftServerImpl.java:setRole(275)) - 8f97a4d4-5267-458d-aa6e-fd0ac821c306@group-A17707E7B4E1: changes role from      null to FOLLOWER at term 0 for startAsFollower
2021-01-06 16:47:10,467 [pool-1496-thread-1] INFO  impl.RoleInfo (RoleInfo.java:updateAndGet(130)) - 8f97a4d4-5267-458d-aa6e-fd0ac821c306: start 8f97a4d4-5267-458d-aa6e-fd0ac821c306@group-A17707E7B4E1-FollowerState
2021-01-06 16:47:10,467 [pool-1496-thread-1] INFO  util.JmxRegister (JmxRegister.java:tryRegister(44)) - Successfully registered JMX Bean with object name Ratis:service=RaftServer,group=group-A17707E7B4E1,id=8f97a4d4-5267-458d-aa6e-fd0ac821c306
2021-01-06 16:47:10,467 [pool-1496-thread-1] INFO  metrics.RatisMetrics (RatisMetrics.java:lambda$create$0(36)) - Creating Metrics Registry : ratis.state_machine.8f97a4d4-5267-458d-aa6e-fd0ac821c306@group-A17707E7B4E1
2021-01-06 16:47:10,471 [Command processor thread] INFO  commandhandler.CreatePipelineCommandHandler (CreatePipelineCommandHandler.java:handle(106)) - Created Pipeline RATIS THREE PipelineID=16646e2e-6ae2-4294-975f-a17707e7b4e1.
2021-01-06 16:47:10,555 [Command processor thread] INFO  server.RaftServer (RaftServerProxy.java:addNew(93)) - 19774229-10ce-45d0-998c-3d7b10d140bf: addNew group-DC2535FDF54B:[19774229-10ce-45d0-998c-3d7b10d140bf|rpc:172.17.0.2:41183] returns group-DC2535FDF54B:java.util.concurrent.CompletableFuture@1f50e08f[Not completed]
2021-01-06 16:47:10,556 [pool-1480-thread-1] INFO  server.RaftServer$Division (RaftServerImpl.java:<init>(173)) - 19774229-10ce-45d0-998c-3d7b10d140bf: new RaftServerImpl for group-DC2535FDF54B:[19774229-10ce-45d0-998c-3d7b10d140bf|rpc:172.17.0.2:41183] with ContainerStateMachine:uninitialized
2021-01-06 16:47:10,556 [pool-1480-thread-1] INFO  server.RaftServerConfigKeys (ConfUtils.java:logGet(44)) - raft.server.rpc.timeout.min = 5s (custom)
2021-01-06 16:47:10,556 [pool-1480-thread-1] INFO  server.RaftServerConfigKeys (ConfUtils.java:logGet(44)) - raft.server.rpc.timeout.max = 5200ms (custom)
2021-01-06 16:47:10,556 [pool-1480-thread-1] INFO  server.RaftServerConfigKeys (ConfUtils.java:logGet(44)) - raft.server.rpc.sleep.time = 25ms (default)
2021-01-06 16:47:10,556 [pool-1480-thread-1] INFO  server.RaftServerConfigKeys (ConfUtils.java:logGet(44)) - raft.server.rpc.slowness.timeout = 300s (custom)
2021-01-06 16:47:10,556 [pool-1480-thread-1] INFO  server.RaftServerConfigKeys (ConfUtils.java:logGet(44)) - raft.server.leaderelection.leader.step-down.wait-time = 10s (default)
2021-01-06 16:47:10,556 [pool-1480-thread-1] INFO  server.RaftServerConfigKeys (ConfUtils.java:logGet(44)) - raft.server.sleep.deviation.threshold = 300ms (default)
2021-01-06 16:47:10,557 [pool-1480-thread-1] INFO  server.RaftServerConfigKeys (ConfUtils.java:logGet(44)) - raft.server.log.appender.install.snapshot.enabled = false (custom)
2021-01-06 16:47:10,557 [pool-1480-thread-1] INFO  server.RaftServer$Division (ServerState.java:<init>(104)) - 19774229-10ce-45d0-998c-3d7b10d140bf@group-DC2535FDF54B: ConfigurationManager, init=-1: [19774229-10ce-45d0-998c-3d7b10d140bf|rpc:172.17.0.2:41183], old=null, confs=<EMPTY_MAP>
2021-01-06 16:47:10,557 [pool-1480-thread-1] INFO  server.RaftServerConfigKeys (ConfUtils.java:logGet(44)) - raft.server.storage.dir = [/github/workspace/mnt/ozone/hadoop-ozone/integration-test/target/test-dir/MiniOzoneClusterImpl-1d43af91-9f82-444b-8964-eb6d4844fd62/datanode-1/data/ratis] (custom)
2021-01-06 16:47:10,557 [pool-1480-thread-1] INFO  server.RaftServerConfigKeys (ConfUtils.java:logGet(44)) - raft.server.log.corruption.policy = EXCEPTION (default)
2021-01-06 16:47:10,557 [pool-1480-thread-1] INFO  storage.RaftStorageDirectory (RaftStorageDirectory.java:analyzeStorage(260)) - The storage directory /github/workspace/mnt/ozone/hadoop-ozone/integration-test/target/test-dir/MiniOzoneClusterImpl-1d43af91-9f82-444b-8964-eb6d4844fd62/datanode-1/data/ratis/a212c06b-7d86-4791-843d-dc2535fdf54b does not exist. Creating ...
2021-01-06 16:47:10,558 [pool-1480-thread-1] INFO  storage.RaftStorageDirectory (RaftStorageDirectory.java:tryLock(342)) - Lock on /github/workspace/mnt/ozone/hadoop-ozone/integration-test/target/test-dir/MiniOzoneClusterImpl-1d43af91-9f82-444b-8964-eb6d4844fd62/datanode-1/data/ratis/a212c06b-7d86-4791-843d-dc2535fdf54b/in_use.lock acquired by nodename 15613@d1d2f32d3d04
2021-01-06 16:47:10,559 [pool-1480-thread-1] INFO  storage.RaftStorage (RaftStorage.java:format(89)) - Storage directory /github/workspace/mnt/ozone/hadoop-ozone/integration-test/target/test-dir/MiniOzoneClusterImpl-1d43af91-9f82-444b-8964-eb6d4844fd62/datanode-1/data/ratis/a212c06b-7d86-4791-843d-dc2535fdf54b has been successfully formatted.
2021-01-06 16:47:10,559 [pool-1480-thread-1] INFO  ratis.ContainerStateMachine (ContainerStateMachine.java:loadSnapshot(223)) - group-DC2535FDF54B: The snapshot info is null. Setting the last applied indexto:(t:0, i:~)
2021-01-06 16:47:10,559 [pool-1480-thread-1] ERROR storage.RaftStorage (RaftStorage.java:readRaftConfiguration(152)) - Failed reading configuration from file:/github/workspace/mnt/ozone/hadoop-ozone/integration-test/target/test-dir/MiniOzoneClusterImpl-1d43af91-9f82-444b-8964-eb6d4844fd62/datanode-1/data/ratis/a212c06b-7d86-4791-843d-dc2535fdf54b/current/raft-meta.conf
java.io.FileNotFoundException: /github/workspace/mnt/ozone/hadoop-ozone/integration-test/target/test-dir/MiniOzoneClusterImpl-1d43af91-9f82-444b-8964-eb6d4844fd62/datanode-1/data/ratis/a212c06b-7d86-4791-843d-dc2535fdf54b/current/raft-meta.conf (No such file or directory)
	at java.io.FileInputStream.open0(Native Method)
	at java.io.FileInputStream.open(FileInputStream.java:195)
	at java.io.FileInputStream.<init>(FileInputStream.java:138)
	at org.apache.ratis.server.storage.RaftStorage.readRaftConfiguration(RaftStorage.java:148)
	at org.apache.ratis.server.impl.ServerState.initStatemachine(ServerState.java:167)
	at org.apache.ratis.server.impl.ServerState.<init>(ServerState.java:112)
	at org.apache.ratis.server.impl.RaftServerImpl.<init>(RaftServerImpl.java:186)
	at org.apache.ratis.server.impl.RaftServerProxy.lambda$newRaftServerImpl$4(RaftServerProxy.java:264)
	at java.util.concurrent.CompletableFuture$AsyncSupply.run(CompletableFuture.java:1604)
	at java.util.concurrent.ThreadPoolExecutor.runWorker(ThreadPoolExecutor.java:1149)
	at java.util.concurrent.ThreadPoolExecutor$Worker.run(ThreadPoolExecutor.java:624)
	at java.lang.Thread.run(Thread.java:748)
2021-01-06 16:47:10,560 [EventQueue-PipelineReportForPipelineReportHandler] INFO  pipeline.PipelineStateManager (PipelineStateManager.java:openPipeline(132)) - Pipeline Pipeline[ Id: a212c06b-7d86-4791-843d-dc2535fdf54b, Nodes: 19774229-10ce-45d0-998c-3d7b10d140bf{ip: 172.17.0.2, host: d1d2f32d3d04, networkLocation: /default-rack, certSerialId: null, persistedOpState: IN_SERVICE, persistedOpStateExpiryEpochSec: 0}, Type:RATIS, Factor:ONE, State:ALLOCATED, leaderId:19774229-10ce-45d0-998c-3d7b10d140bf, CreationTimestamp2021-01-06T16:47:07.559Z] moved to OPEN state
2021-01-06 16:47:10,559 [EventQueue-PipelineReportForOneReplicaPipelineSafeModeRule] INFO  safemode.SCMSafeModeManager (SCMSafeModeManager.java:validateSafeModeExitRules(214)) - AtleastOneDatanodeReportedRule rule is successfully validated
2021-01-06 16:47:10,560 [EventQueue-OpenPipelineForHealthyPipelineSafeModeRule] INFO  safemode.SCMSafeModeManager (HealthyPipelineSafeModeRule.java:process(128)) - SCM in safe mode. Healthy pipelines reported count is 0, required healthy pipeline reported count is 1
2021-01-06 16:47:10,560 [pool-1480-thread-1] INFO  server.RaftServerConfigKeys (ConfUtils.java:logGet(44)) - raft.server.notification.no-leader.timeout = 300s (custom)
2021-01-06 16:47:10,560 [pool-1480-thread-1] INFO  server.RaftServerConfigKeys (ConfUtils.java:logGet(44)) - raft.server.log.use.memory = false (default)
2021-01-06 16:47:10,560 [pool-1480-thread-1] INFO  server.RaftServerConfigKeys (ConfUtils.java:logGet(44)) - raft.server.log.purge.gap = 1000000 (custom)
2021-01-06 16:47:10,560 [pool-1480-thread-1] INFO  metrics.RatisMetrics (RatisMetrics.java:lambda$create$0(36)) - Creating Metrics Registry : ratis.log_worker.19774229-10ce-45d0-998c-3d7b10d140bf@group-DC2535FDF54B
2021-01-06 16:47:10,561 [pool-1480-thread-1] INFO  server.RaftServerConfigKeys (ConfUtils.java:logGet(44)) - raft.server.log.appender.buffer.byte-limit = 33554432 (custom)
2021-01-06 16:47:10,561 [pool-1480-thread-1] INFO  server.RaftServerConfigKeys (ConfUtils.java:logGet(44)) - raft.server.log.segment.size.max = 1048576 (custom)
2021-01-06 16:47:10,562 [pool-1480-thread-1] INFO  server.RaftServerConfigKeys (ConfUtils.java:logGet(44)) - raft.server.log.segment.cache.num.max = 2 (custom)
2021-01-06 16:47:10,562 [pool-1480-thread-1] INFO  server.RaftServerConfigKeys (ConfUtils.java:logGet(44)) - raft.server.log.segment.cache.size.max = 200MB (=209715200) (default)
2021-01-06 16:47:10,562 [pool-1480-thread-1] INFO  segmented.SegmentedRaftLogWorker (SegmentedRaftLogWorker.java:<init>(181)) - new 19774229-10ce-45d0-998c-3d7b10d140bf@group-DC2535FDF54B-SegmentedRaftLogWorker for RaftStorage:Storage Directory /github/workspace/mnt/ozone/hadoop-ozone/integration-test/target/test-dir/MiniOzoneClusterImpl-1d43af91-9f82-444b-8964-eb6d4844fd62/datanode-1/data/ratis/a212c06b-7d86-4791-843d-dc2535fdf54b
2021-01-06 16:47:10,562 [pool-1480-thread-1] INFO  server.RaftServerConfigKeys (ConfUtils.java:logGet(44)) - raft.server.log.queue.byte-limit = 2147483647 (custom)
2021-01-06 16:47:10,562 [pool-1480-thread-1] INFO  server.RaftServerConfigKeys (ConfUtils.java:logGet(44)) - raft.server.log.queue.element-limit = 1024 (custom)
2021-01-06 16:47:10,562 [pool-1480-thread-1] INFO  server.RaftServerConfigKeys (ConfUtils.java:logGet(44)) - raft.server.log.segment.size.max = 1048576 (custom)
2021-01-06 16:47:10,562 [pool-1480-thread-1] INFO  server.RaftServerConfigKeys (ConfUtils.java:logGet(44)) - raft.server.log.preallocated.size = 16384 (custom)
2021-01-06 16:47:10,562 [pool-1480-thread-1] INFO  server.RaftServerConfigKeys (ConfUtils.java:logGet(44)) - raft.server.log.force.sync.num = 128 (default)
2021-01-06 16:47:10,562 [pool-1480-thread-1] INFO  server.RaftServerConfigKeys (ConfUtils.java:logGet(44)) - raft.server.log.statemachine.data.sync = true (default)
2021-01-06 16:47:10,562 [pool-1480-thread-1] INFO  server.RaftServerConfigKeys (ConfUtils.java:logGet(44)) - raft.server.log.statemachine.data.sync.timeout = 10s (default)
2021-01-06 16:47:10,562 [pool-1480-thread-1] INFO  server.RaftServerConfigKeys (ConfUtils.java:logGet(44)) - raft.server.log.statemachine.data.sync.timeout.retry = -1 (default)
2021-01-06 16:47:10,564 [pool-1480-thread-1] INFO  server.RaftServerConfigKeys (ConfUtils.java:logGet(44)) - raft.server.log.write.buffer.size = 1048576 (custom)
2021-01-06 16:47:10,564 [pool-1480-thread-1] INFO  server.RaftServerConfigKeys (ConfUtils.java:logGet(44)) - raft.server.log.statemachine.data.caching.enabled = true (custom)
2021-01-06 16:47:10,565 [pool-1480-thread-1] INFO  segmented.SegmentedRaftLogWorker (SegmentedRaftLogWorker.java:lambda$new$0(132)) - 19774229-10ce-45d0-998c-3d7b10d140bf@group-DC2535FDF54B-SegmentedRaftLogWorker: flushIndex: setUnconditionally 0 -> -1
2021-01-06 16:47:10,565 [pool-1480-thread-1] INFO  segmented.SegmentedRaftLogWorker (SegmentedRaftLogWorker.java:lambda$new$0(132)) - 19774229-10ce-45d0-998c-3d7b10d140bf@group-DC2535FDF54B-SegmentedRaftLogWorker: safeCacheEvictIndex: setUnconditionally 0 -> -1
2021-01-06 16:47:10,565 [pool-1480-thread-1] INFO  server.RaftServerConfigKeys (ConfUtils.java:logGet(44)) - raft.server.snapshot.auto.trigger.enabled = true (custom)
2021-01-06 16:47:10,565 [pool-1480-thread-1] INFO  server.RaftServerConfigKeys (ConfUtils.java:logGet(44)) - raft.server.snapshot.auto.trigger.threshold = 10000 (custom)
2021-01-06 16:47:10,565 [pool-1480-thread-1] INFO  server.RaftServerConfigKeys (ConfUtils.java:logGet(44)) - raft.server.snapshot.retention.file.num = 5 (custom)
2021-01-06 16:47:10,565 [pool-1480-thread-1] INFO  server.RaftServerConfigKeys (ConfUtils.java:logGet(44)) - raft.server.log.purge.upto.snapshot.index = false (default)
2021-01-06 16:47:10,565 [pool-1480-thread-1] INFO  server.RaftServerConfigKeys (ConfUtils.java:logGet(44)) - raft.server.retrycache.expirytime = 600000ms (custom)
2021-01-06 16:47:10,565 [pool-1480-thread-1] INFO  server.RaftServerConfigKeys (ConfUtils.java:logGet(44)) - raft.server.retrycache.statistics.expirytime = 100?s (default)
2021-01-06 16:47:10,565 [pool-1480-thread-1] INFO  metrics.RatisMetrics (RatisMetrics.java:lambda$create$0(36)) - Creating Metrics Registry : ratis.leader_election.19774229-10ce-45d0-998c-3d7b10d140bf@group-DC2535FDF54B
2021-01-06 16:47:10,566 [pool-1480-thread-1] INFO  metrics.RatisMetrics (RatisMetrics.java:lambda$create$0(36)) - Creating Metrics Registry : ratis.server.19774229-10ce-45d0-998c-3d7b10d140bf@group-DC2535FDF54B
2021-01-06 16:47:10,568 [pool-1480-thread-1] INFO  server.RaftServer$Division (RaftServerImpl.java:start(286)) - 19774229-10ce-45d0-998c-3d7b10d140bf@group-DC2535FDF54B: start as a follower, conf=-1: [19774229-10ce-45d0-998c-3d7b10d140bf|rpc:172.17.0.2:41183], old=null
2021-01-06 16:47:10,568 [pool-1480-thread-1] INFO  server.RaftServer$Division (RaftServerImpl.java:setRole(275)) - 19774229-10ce-45d0-998c-3d7b10d140bf@group-DC2535FDF54B: changes role from      null to FOLLOWER at term 0 for startAsFollower
2021-01-06 16:47:10,568 [pool-1480-thread-1] INFO  impl.RoleInfo (RoleInfo.java:updateAndGet(130)) - 19774229-10ce-45d0-998c-3d7b10d140bf: start 19774229-10ce-45d0-998c-3d7b10d140bf@group-DC2535FDF54B-FollowerState
2021-01-06 16:47:10,568 [pool-1480-thread-1] INFO  util.JmxRegister (JmxRegister.java:tryRegister(44)) - Successfully registered JMX Bean with object name Ratis:service=RaftServer,group=group-DC2535FDF54B,id=19774229-10ce-45d0-998c-3d7b10d140bf
2021-01-06 16:47:10,568 [pool-1480-thread-1] INFO  metrics.RatisMetrics (RatisMetrics.java:lambda$create$0(36)) - Creating Metrics Registry : ratis.state_machine.19774229-10ce-45d0-998c-3d7b10d140bf@group-DC2535FDF54B
2021-01-06 16:47:10,569 [Command processor thread] INFO  commandhandler.CreatePipelineCommandHandler (CreatePipelineCommandHandler.java:handle(106)) - Created Pipeline RATIS ONE PipelineID=a212c06b-7d86-4791-843d-dc2535fdf54b.
2021-01-06 16:47:10,719 [Command processor thread] INFO  server.RaftServer (RaftServerProxy.java:addNew(93)) - 8f97a4d4-5267-458d-aa6e-fd0ac821c306: addNew group-0537F8BE947E:[8f97a4d4-5267-458d-aa6e-fd0ac821c306|rpc:172.17.0.2:39743] returns group-0537F8BE947E:java.util.concurrent.CompletableFuture@26b7bf35[Not completed]
2021-01-06 16:47:10,720 [pool-1496-thread-1] INFO  server.RaftServer$Division (RaftServerImpl.java:<init>(173)) - 8f97a4d4-5267-458d-aa6e-fd0ac821c306: new RaftServerImpl for group-0537F8BE947E:[8f97a4d4-5267-458d-aa6e-fd0ac821c306|rpc:172.17.0.2:39743] with ContainerStateMachine:uninitialized
2021-01-06 16:47:10,720 [pool-1496-thread-1] INFO  server.RaftServerConfigKeys (ConfUtils.java:logGet(44)) - raft.server.rpc.timeout.min = 5s (custom)
2021-01-06 16:47:10,720 [pool-1496-thread-1] INFO  server.RaftServerConfigKeys (ConfUtils.java:logGet(44)) - raft.server.rpc.timeout.max = 5200ms (custom)
2021-01-06 16:47:10,720 [pool-1496-thread-1] INFO  server.RaftServerConfigKeys (ConfUtils.java:logGet(44)) - raft.server.rpc.sleep.time = 25ms (default)
2021-01-06 16:47:10,720 [pool-1496-thread-1] INFO  server.RaftServerConfigKeys (ConfUtils.java:logGet(44)) - raft.server.rpc.slowness.timeout = 300s (custom)
2021-01-06 16:47:10,720 [pool-1496-thread-1] INFO  server.RaftServerConfigKeys (ConfUtils.java:logGet(44)) - raft.server.leaderelection.leader.step-down.wait-time = 10s (default)
2021-01-06 16:47:10,720 [pool-1496-thread-1] INFO  server.RaftServerConfigKeys (ConfUtils.java:logGet(44)) - raft.server.sleep.deviation.threshold = 300ms (default)
2021-01-06 16:47:10,720 [pool-1496-thread-1] INFO  server.RaftServerConfigKeys (ConfUtils.java:logGet(44)) - raft.server.log.appender.install.snapshot.enabled = false (custom)
2021-01-06 16:47:10,720 [pool-1496-thread-1] INFO  server.RaftServer$Division (ServerState.java:<init>(104)) - 8f97a4d4-5267-458d-aa6e-fd0ac821c306@group-0537F8BE947E: ConfigurationManager, init=-1: [8f97a4d4-5267-458d-aa6e-fd0ac821c306|rpc:172.17.0.2:39743], old=null, confs=<EMPTY_MAP>
2021-01-06 16:47:10,720 [pool-1496-thread-1] INFO  server.RaftServerConfigKeys (ConfUtils.java:logGet(44)) - raft.server.storage.dir = [/github/workspace/mnt/ozone/hadoop-ozone/integration-test/target/test-dir/MiniOzoneClusterImpl-1d43af91-9f82-444b-8964-eb6d4844fd62/datanode-2/data/ratis] (custom)
2021-01-06 16:47:10,721 [pool-1496-thread-1] INFO  server.RaftServerConfigKeys (ConfUtils.java:logGet(44)) - raft.server.log.corruption.policy = EXCEPTION (default)
2021-01-06 16:47:10,721 [pool-1496-thread-1] INFO  storage.RaftStorageDirectory (RaftStorageDirectory.java:analyzeStorage(260)) - The storage directory /github/workspace/mnt/ozone/hadoop-ozone/integration-test/target/test-dir/MiniOzoneClusterImpl-1d43af91-9f82-444b-8964-eb6d4844fd62/datanode-2/data/ratis/fa843cdf-fd05-4d65-9232-0537f8be947e does not exist. Creating ...
2021-01-06 16:47:10,722 [pool-1496-thread-1] INFO  storage.RaftStorageDirectory (RaftStorageDirectory.java:tryLock(342)) - Lock on /github/workspace/mnt/ozone/hadoop-ozone/integration-test/target/test-dir/MiniOzoneClusterImpl-1d43af91-9f82-444b-8964-eb6d4844fd62/datanode-2/data/ratis/fa843cdf-fd05-4d65-9232-0537f8be947e/in_use.lock acquired by nodename 15613@d1d2f32d3d04
2021-01-06 16:47:10,723 [pool-1496-thread-1] INFO  storage.RaftStorage (RaftStorage.java:format(89)) - Storage directory /github/workspace/mnt/ozone/hadoop-ozone/integration-test/target/test-dir/MiniOzoneClusterImpl-1d43af91-9f82-444b-8964-eb6d4844fd62/datanode-2/data/ratis/fa843cdf-fd05-4d65-9232-0537f8be947e has been successfully formatted.
2021-01-06 16:47:10,723 [pool-1496-thread-1] INFO  ratis.ContainerStateMachine (ContainerStateMachine.java:loadSnapshot(223)) - group-0537F8BE947E: The snapshot info is null. Setting the last applied indexto:(t:0, i:~)
2021-01-06 16:47:10,723 [pool-1496-thread-1] ERROR storage.RaftStorage (RaftStorage.java:readRaftConfiguration(152)) - Failed reading configuration from file:/github/workspace/mnt/ozone/hadoop-ozone/integration-test/target/test-dir/MiniOzoneClusterImpl-1d43af91-9f82-444b-8964-eb6d4844fd62/datanode-2/data/ratis/fa843cdf-fd05-4d65-9232-0537f8be947e/current/raft-meta.conf
java.io.FileNotFoundException: /github/workspace/mnt/ozone/hadoop-ozone/integration-test/target/test-dir/MiniOzoneClusterImpl-1d43af91-9f82-444b-8964-eb6d4844fd62/datanode-2/data/ratis/fa843cdf-fd05-4d65-9232-0537f8be947e/current/raft-meta.conf (No such file or directory)
	at java.io.FileInputStream.open0(Native Method)
	at java.io.FileInputStream.open(FileInputStream.java:195)
	at java.io.FileInputStream.<init>(FileInputStream.java:138)
	at org.apache.ratis.server.storage.RaftStorage.readRaftConfiguration(RaftStorage.java:148)
	at org.apache.ratis.server.impl.ServerState.initStatemachine(ServerState.java:167)
	at org.apache.ratis.server.impl.ServerState.<init>(ServerState.java:112)
	at org.apache.ratis.server.impl.RaftServerImpl.<init>(RaftServerImpl.java:186)
	at org.apache.ratis.server.impl.RaftServerProxy.lambda$newRaftServerImpl$4(RaftServerProxy.java:264)
	at java.util.concurrent.CompletableFuture$AsyncSupply.run(CompletableFuture.java:1604)
	at java.util.concurrent.ThreadPoolExecutor.runWorker(ThreadPoolExecutor.java:1149)
	at java.util.concurrent.ThreadPoolExecutor$Worker.run(ThreadPoolExecutor.java:624)
	at java.lang.Thread.run(Thread.java:748)
2021-01-06 16:47:10,723 [pool-1496-thread-1] INFO  server.RaftServerConfigKeys (ConfUtils.java:logGet(44)) - raft.server.notification.no-leader.timeout = 300s (custom)
2021-01-06 16:47:10,723 [EventQueue-PipelineReportForPipelineReportHandler] INFO  pipeline.PipelineStateManager (PipelineStateManager.java:openPipeline(132)) - Pipeline Pipeline[ Id: fa843cdf-fd05-4d65-9232-0537f8be947e, Nodes: 8f97a4d4-5267-458d-aa6e-fd0ac821c306{ip: 172.17.0.2, host: d1d2f32d3d04, networkLocation: /default-rack, certSerialId: null, persistedOpState: IN_SERVICE, persistedOpStateExpiryEpochSec: 0}, Type:RATIS, Factor:ONE, State:ALLOCATED, leaderId:8f97a4d4-5267-458d-aa6e-fd0ac821c306, CreationTimestamp2021-01-06T16:47:07.721Z] moved to OPEN state
2021-01-06 16:47:10,723 [pool-1496-thread-1] INFO  server.RaftServerConfigKeys (ConfUtils.java:logGet(44)) - raft.server.log.use.memory = false (default)
2021-01-06 16:47:10,724 [pool-1496-thread-1] INFO  server.RaftServerConfigKeys (ConfUtils.java:logGet(44)) - raft.server.log.purge.gap = 1000000 (custom)
2021-01-06 16:47:10,723 [EventQueue-PipelineReportForOneReplicaPipelineSafeModeRule] INFO  safemode.SCMSafeModeManager (SCMSafeModeManager.java:validateSafeModeExitRules(214)) - AtleastOneDatanodeReportedRule rule is successfully validated
2021-01-06 16:47:10,724 [pool-1496-thread-1] INFO  metrics.RatisMetrics (RatisMetrics.java:lambda$create$0(36)) - Creating Metrics Registry : ratis.log_worker.8f97a4d4-5267-458d-aa6e-fd0ac821c306@group-0537F8BE947E
2021-01-06 16:47:10,724 [EventQueue-OpenPipelineForHealthyPipelineSafeModeRule] INFO  safemode.SCMSafeModeManager (HealthyPipelineSafeModeRule.java:process(128)) - SCM in safe mode. Healthy pipelines reported count is 0, required healthy pipeline reported count is 1
2021-01-06 16:47:10,724 [pool-1496-thread-1] INFO  server.RaftServerConfigKeys (ConfUtils.java:logGet(44)) - raft.server.log.appender.buffer.byte-limit = 33554432 (custom)
2021-01-06 16:47:10,724 [pool-1496-thread-1] INFO  server.RaftServerConfigKeys (ConfUtils.java:logGet(44)) - raft.server.log.segment.size.max = 1048576 (custom)
2021-01-06 16:47:10,725 [pool-1496-thread-1] INFO  server.RaftServerConfigKeys (ConfUtils.java:logGet(44)) - raft.server.log.segment.cache.num.max = 2 (custom)
2021-01-06 16:47:10,725 [pool-1496-thread-1] INFO  server.RaftServerConfigKeys (ConfUtils.java:logGet(44)) - raft.server.log.segment.cache.size.max = 200MB (=209715200) (default)
2021-01-06 16:47:10,725 [pool-1496-thread-1] INFO  segmented.SegmentedRaftLogWorker (SegmentedRaftLogWorker.java:<init>(181)) - new 8f97a4d4-5267-458d-aa6e-fd0ac821c306@group-0537F8BE947E-SegmentedRaftLogWorker for RaftStorage:Storage Directory /github/workspace/mnt/ozone/hadoop-ozone/integration-test/target/test-dir/MiniOzoneClusterImpl-1d43af91-9f82-444b-8964-eb6d4844fd62/datanode-2/data/ratis/fa843cdf-fd05-4d65-9232-0537f8be947e
2021-01-06 16:47:10,725 [pool-1496-thread-1] INFO  server.RaftServerConfigKeys (ConfUtils.java:logGet(44)) - raft.server.log.queue.byte-limit = 2147483647 (custom)
2021-01-06 16:47:10,725 [pool-1496-thread-1] INFO  server.RaftServerConfigKeys (ConfUtils.java:logGet(44)) - raft.server.log.queue.element-limit = 1024 (custom)
2021-01-06 16:47:10,725 [pool-1496-thread-1] INFO  server.RaftServerConfigKeys (ConfUtils.java:logGet(44)) - raft.server.log.segment.size.max = 1048576 (custom)
2021-01-06 16:47:10,725 [pool-1496-thread-1] INFO  server.RaftServerConfigKeys (ConfUtils.java:logGet(44)) - raft.server.log.preallocated.size = 16384 (custom)
2021-01-06 16:47:10,725 [pool-1496-thread-1] INFO  server.RaftServerConfigKeys (ConfUtils.java:logGet(44)) - raft.server.log.force.sync.num = 128 (default)
2021-01-06 16:47:10,725 [pool-1496-thread-1] INFO  server.RaftServerConfigKeys (ConfUtils.java:logGet(44)) - raft.server.log.statemachine.data.sync = true (default)
2021-01-06 16:47:10,725 [pool-1496-thread-1] INFO  server.RaftServerConfigKeys (ConfUtils.java:logGet(44)) - raft.server.log.statemachine.data.sync.timeout = 10s (default)
2021-01-06 16:47:10,725 [pool-1496-thread-1] INFO  server.RaftServerConfigKeys (ConfUtils.java:logGet(44)) - raft.server.log.statemachine.data.sync.timeout.retry = -1 (default)
2021-01-06 16:47:10,727 [pool-1496-thread-1] INFO  server.RaftServerConfigKeys (ConfUtils.java:logGet(44)) - raft.server.log.write.buffer.size = 1048576 (custom)
2021-01-06 16:47:10,728 [pool-1496-thread-1] INFO  server.RaftServerConfigKeys (ConfUtils.java:logGet(44)) - raft.server.log.statemachine.data.caching.enabled = true (custom)
2021-01-06 16:47:10,728 [pool-1496-thread-1] INFO  segmented.SegmentedRaftLogWorker (SegmentedRaftLogWorker.java:lambda$new$0(132)) - 8f97a4d4-5267-458d-aa6e-fd0ac821c306@group-0537F8BE947E-SegmentedRaftLogWorker: flushIndex: setUnconditionally 0 -> -1
2021-01-06 16:47:10,728 [pool-1496-thread-1] INFO  segmented.SegmentedRaftLogWorker (SegmentedRaftLogWorker.java:lambda$new$0(132)) - 8f97a4d4-5267-458d-aa6e-fd0ac821c306@group-0537F8BE947E-SegmentedRaftLogWorker: safeCacheEvictIndex: setUnconditionally 0 -> -1
2021-01-06 16:47:10,728 [pool-1496-thread-1] INFO  server.RaftServerConfigKeys (ConfUtils.java:logGet(44)) - raft.server.snapshot.auto.trigger.enabled = true (custom)
2021-01-06 16:47:10,728 [pool-1496-thread-1] INFO  server.RaftServerConfigKeys (ConfUtils.java:logGet(44)) - raft.server.snapshot.auto.trigger.threshold = 10000 (custom)
2021-01-06 16:47:10,728 [pool-1496-thread-1] INFO  server.RaftServerConfigKeys (ConfUtils.java:logGet(44)) - raft.server.snapshot.retention.file.num = 5 (custom)
2021-01-06 16:47:10,729 [pool-1496-thread-1] INFO  server.RaftServerConfigKeys (ConfUtils.java:logGet(44)) - raft.server.log.purge.upto.snapshot.index = false (default)
2021-01-06 16:47:10,729 [pool-1496-thread-1] INFO  server.RaftServerConfigKeys (ConfUtils.java:logGet(44)) - raft.server.retrycache.expirytime = 600000ms (custom)
2021-01-06 16:47:10,729 [pool-1496-thread-1] INFO  server.RaftServerConfigKeys (ConfUtils.java:logGet(44)) - raft.server.retrycache.statistics.expirytime = 100?s (default)
2021-01-06 16:47:10,729 [pool-1496-thread-1] INFO  metrics.RatisMetrics (RatisMetrics.java:lambda$create$0(36)) - Creating Metrics Registry : ratis.leader_election.8f97a4d4-5267-458d-aa6e-fd0ac821c306@group-0537F8BE947E
2021-01-06 16:47:10,729 [pool-1496-thread-1] INFO  metrics.RatisMetrics (RatisMetrics.java:lambda$create$0(36)) - Creating Metrics Registry : ratis.server.8f97a4d4-5267-458d-aa6e-fd0ac821c306@group-0537F8BE947E
2021-01-06 16:47:10,731 [pool-1496-thread-1] INFO  server.RaftServer$Division (RaftServerImpl.java:start(286)) - 8f97a4d4-5267-458d-aa6e-fd0ac821c306@group-0537F8BE947E: start as a follower, conf=-1: [8f97a4d4-5267-458d-aa6e-fd0ac821c306|rpc:172.17.0.2:39743], old=null
2021-01-06 16:47:10,731 [pool-1496-thread-1] INFO  server.RaftServer$Division (RaftServerImpl.java:setRole(275)) - 8f97a4d4-5267-458d-aa6e-fd0ac821c306@group-0537F8BE947E: changes role from      null to FOLLOWER at term 0 for startAsFollower
2021-01-06 16:47:10,731 [pool-1496-thread-1] INFO  impl.RoleInfo (RoleInfo.java:updateAndGet(130)) - 8f97a4d4-5267-458d-aa6e-fd0ac821c306: start 8f97a4d4-5267-458d-aa6e-fd0ac821c306@group-0537F8BE947E-FollowerState
2021-01-06 16:47:10,732 [pool-1496-thread-1] INFO  util.JmxRegister (JmxRegister.java:tryRegister(44)) - Successfully registered JMX Bean with object name Ratis:service=RaftServer,group=group-0537F8BE947E,id=8f97a4d4-5267-458d-aa6e-fd0ac821c306
2021-01-06 16:47:10,732 [pool-1496-thread-1] INFO  metrics.RatisMetrics (RatisMetrics.java:lambda$create$0(36)) - Creating Metrics Registry : ratis.state_machine.8f97a4d4-5267-458d-aa6e-fd0ac821c306@group-0537F8BE947E
2021-01-06 16:47:10,732 [Command processor thread] INFO  commandhandler.CreatePipelineCommandHandler (CreatePipelineCommandHandler.java:handle(106)) - Created Pipeline RATIS ONE PipelineID=fa843cdf-fd05-4d65-9232-0537f8be947e.
2021-01-06 16:47:10,888 [Command processor thread] INFO  server.RaftServer (RaftServerProxy.java:addNew(93)) - b260e4ee-445a-4422-8fbe-3a6caa0392e6: addNew group-763C3359D237:[b260e4ee-445a-4422-8fbe-3a6caa0392e6|rpc:172.17.0.2:45581] returns group-763C3359D237:java.util.concurrent.CompletableFuture@54a48245[Not completed]
2021-01-06 16:47:10,888 [EventQueue-PipelineReportForOneReplicaPipelineSafeModeRule] INFO  safemode.SCMSafeModeManager (SCMSafeModeManager.java:validateSafeModeExitRules(214)) - AtleastOneDatanodeReportedRule rule is successfully validated
2021-01-06 16:47:10,889 [pool-1512-thread-1] INFO  server.RaftServer$Division (RaftServerImpl.java:<init>(173)) - b260e4ee-445a-4422-8fbe-3a6caa0392e6: new RaftServerImpl for group-763C3359D237:[b260e4ee-445a-4422-8fbe-3a6caa0392e6|rpc:172.17.0.2:45581] with ContainerStateMachine:uninitialized
2021-01-06 16:47:10,889 [pool-1512-thread-1] INFO  server.RaftServerConfigKeys (ConfUtils.java:logGet(44)) - raft.server.rpc.timeout.min = 5s (custom)
2021-01-06 16:47:10,889 [pool-1512-thread-1] INFO  server.RaftServerConfigKeys (ConfUtils.java:logGet(44)) - raft.server.rpc.timeout.max = 5200ms (custom)
2021-01-06 16:47:10,889 [pool-1512-thread-1] INFO  server.RaftServerConfigKeys (ConfUtils.java:logGet(44)) - raft.server.rpc.sleep.time = 25ms (default)
2021-01-06 16:47:10,889 [pool-1512-thread-1] INFO  server.RaftServerConfigKeys (ConfUtils.java:logGet(44)) - raft.server.rpc.slowness.timeout = 300s (custom)
2021-01-06 16:47:10,889 [pool-1512-thread-1] INFO  server.RaftServerConfigKeys (ConfUtils.java:logGet(44)) - raft.server.leaderelection.leader.step-down.wait-time = 10s (default)
2021-01-06 16:47:10,889 [pool-1512-thread-1] INFO  server.RaftServerConfigKeys (ConfUtils.java:logGet(44)) - raft.server.sleep.deviation.threshold = 300ms (default)
2021-01-06 16:47:10,889 [pool-1512-thread-1] INFO  server.RaftServerConfigKeys (ConfUtils.java:logGet(44)) - raft.server.log.appender.install.snapshot.enabled = false (custom)
2021-01-06 16:47:10,889 [pool-1512-thread-1] INFO  server.RaftServer$Division (ServerState.java:<init>(104)) - b260e4ee-445a-4422-8fbe-3a6caa0392e6@group-763C3359D237: ConfigurationManager, init=-1: [b260e4ee-445a-4422-8fbe-3a6caa0392e6|rpc:172.17.0.2:45581], old=null, confs=<EMPTY_MAP>
2021-01-06 16:47:10,889 [pool-1512-thread-1] INFO  server.RaftServerConfigKeys (ConfUtils.java:logGet(44)) - raft.server.storage.dir = [/github/workspace/mnt/ozone/hadoop-ozone/integration-test/target/test-dir/MiniOzoneClusterImpl-1d43af91-9f82-444b-8964-eb6d4844fd62/datanode-3/data/ratis] (custom)
2021-01-06 16:47:10,889 [pool-1512-thread-1] INFO  server.RaftServerConfigKeys (ConfUtils.java:logGet(44)) - raft.server.log.corruption.policy = EXCEPTION (default)
2021-01-06 16:47:10,890 [pool-1512-thread-1] INFO  storage.RaftStorageDirectory (RaftStorageDirectory.java:analyzeStorage(260)) - The storage directory /github/workspace/mnt/ozone/hadoop-ozone/integration-test/target/test-dir/MiniOzoneClusterImpl-1d43af91-9f82-444b-8964-eb6d4844fd62/datanode-3/data/ratis/d9736a8a-7773-40e9-b5bd-763c3359d237 does not exist. Creating ...
2021-01-06 16:47:10,891 [pool-1512-thread-1] INFO  storage.RaftStorageDirectory (RaftStorageDirectory.java:tryLock(342)) - Lock on /github/workspace/mnt/ozone/hadoop-ozone/integration-test/target/test-dir/MiniOzoneClusterImpl-1d43af91-9f82-444b-8964-eb6d4844fd62/datanode-3/data/ratis/d9736a8a-7773-40e9-b5bd-763c3359d237/in_use.lock acquired by nodename 15613@d1d2f32d3d04
2021-01-06 16:47:10,891 [pool-1512-thread-1] INFO  storage.RaftStorage (RaftStorage.java:format(89)) - Storage directory /github/workspace/mnt/ozone/hadoop-ozone/integration-test/target/test-dir/MiniOzoneClusterImpl-1d43af91-9f82-444b-8964-eb6d4844fd62/datanode-3/data/ratis/d9736a8a-7773-40e9-b5bd-763c3359d237 has been successfully formatted.
2021-01-06 16:47:10,891 [pool-1512-thread-1] INFO  ratis.ContainerStateMachine (ContainerStateMachine.java:loadSnapshot(223)) - group-763C3359D237: The snapshot info is null. Setting the last applied indexto:(t:0, i:~)
2021-01-06 16:47:10,892 [pool-1512-thread-1] ERROR storage.RaftStorage (RaftStorage.java:readRaftConfiguration(152)) - Failed reading configuration from file:/github/workspace/mnt/ozone/hadoop-ozone/integration-test/target/test-dir/MiniOzoneClusterImpl-1d43af91-9f82-444b-8964-eb6d4844fd62/datanode-3/data/ratis/d9736a8a-7773-40e9-b5bd-763c3359d237/current/raft-meta.conf
java.io.FileNotFoundException: /github/workspace/mnt/ozone/hadoop-ozone/integration-test/target/test-dir/MiniOzoneClusterImpl-1d43af91-9f82-444b-8964-eb6d4844fd62/datanode-3/data/ratis/d9736a8a-7773-40e9-b5bd-763c3359d237/current/raft-meta.conf (No such file or directory)
	at java.io.FileInputStream.open0(Native Method)
	at java.io.FileInputStream.open(FileInputStream.java:195)
	at java.io.FileInputStream.<init>(FileInputStream.java:138)
	at org.apache.ratis.server.storage.RaftStorage.readRaftConfiguration(RaftStorage.java:148)
	at org.apache.ratis.server.impl.ServerState.initStatemachine(ServerState.java:167)
	at org.apache.ratis.server.impl.ServerState.<init>(ServerState.java:112)
	at org.apache.ratis.server.impl.RaftServerImpl.<init>(RaftServerImpl.java:186)
	at org.apache.ratis.server.impl.RaftServerProxy.lambda$newRaftServerImpl$4(RaftServerProxy.java:264)
	at java.util.concurrent.CompletableFuture$AsyncSupply.run(CompletableFuture.java:1604)
	at java.util.concurrent.ThreadPoolExecutor.runWorker(ThreadPoolExecutor.java:1149)
	at java.util.concurrent.ThreadPoolExecutor$Worker.run(ThreadPoolExecutor.java:624)
	at java.lang.Thread.run(Thread.java:748)
2021-01-06 16:47:10,892 [pool-1512-thread-1] INFO  server.RaftServerConfigKeys (ConfUtils.java:logGet(44)) - raft.server.notification.no-leader.timeout = 300s (custom)
2021-01-06 16:47:10,892 [pool-1512-thread-1] INFO  server.RaftServerConfigKeys (ConfUtils.java:logGet(44)) - raft.server.log.use.memory = false (default)
2021-01-06 16:47:10,892 [pool-1512-thread-1] INFO  server.RaftServerConfigKeys (ConfUtils.java:logGet(44)) - raft.server.log.purge.gap = 1000000 (custom)
2021-01-06 16:47:10,892 [pool-1512-thread-1] INFO  metrics.RatisMetrics (RatisMetrics.java:lambda$create$0(36)) - Creating Metrics Registry : ratis.log_worker.b260e4ee-445a-4422-8fbe-3a6caa0392e6@group-763C3359D237
2021-01-06 16:47:10,892 [EventQueue-PipelineReportForPipelineReportHandler] INFO  pipeline.PipelineStateManager (PipelineStateManager.java:openPipeline(132)) - Pipeline Pipeline[ Id: d9736a8a-7773-40e9-b5bd-763c3359d237, Nodes: b260e4ee-445a-4422-8fbe-3a6caa0392e6{ip: 172.17.0.2, host: d1d2f32d3d04, networkLocation: /default-rack, certSerialId: null, persistedOpState: IN_SERVICE, persistedOpStateExpiryEpochSec: 0}, Type:RATIS, Factor:ONE, State:ALLOCATED, leaderId:b260e4ee-445a-4422-8fbe-3a6caa0392e6, CreationTimestamp2021-01-06T16:47:07.889Z] moved to OPEN state
2021-01-06 16:47:10,892 [EventQueue-PipelineReportForOneReplicaPipelineSafeModeRule] INFO  safemode.SCMSafeModeManager (SCMSafeModeManager.java:validateSafeModeExitRules(214)) - AtleastOneDatanodeReportedRule rule is successfully validated
2021-01-06 16:47:10,892 [EventQueue-OpenPipelineForHealthyPipelineSafeModeRule] INFO  safemode.SCMSafeModeManager (HealthyPipelineSafeModeRule.java:process(128)) - SCM in safe mode. Healthy pipelines reported count is 0, required healthy pipeline reported count is 1
2021-01-06 16:47:10,892 [pool-1512-thread-1] INFO  server.RaftServerConfigKeys (ConfUtils.java:logGet(44)) - raft.server.log.appender.buffer.byte-limit = 33554432 (custom)
2021-01-06 16:47:10,893 [pool-1512-thread-1] INFO  server.RaftServerConfigKeys (ConfUtils.java:logGet(44)) - raft.server.log.segment.size.max = 1048576 (custom)
2021-01-06 16:47:10,894 [pool-1512-thread-1] INFO  server.RaftServerConfigKeys (ConfUtils.java:logGet(44)) - raft.server.log.segment.cache.num.max = 2 (custom)
2021-01-06 16:47:10,894 [pool-1512-thread-1] INFO  server.RaftServerConfigKeys (ConfUtils.java:logGet(44)) - raft.server.log.segment.cache.size.max = 200MB (=209715200) (default)
2021-01-06 16:47:10,894 [pool-1512-thread-1] INFO  segmented.SegmentedRaftLogWorker (SegmentedRaftLogWorker.java:<init>(181)) - new b260e4ee-445a-4422-8fbe-3a6caa0392e6@group-763C3359D237-SegmentedRaftLogWorker for RaftStorage:Storage Directory /github/workspace/mnt/ozone/hadoop-ozone/integration-test/target/test-dir/MiniOzoneClusterImpl-1d43af91-9f82-444b-8964-eb6d4844fd62/datanode-3/data/ratis/d9736a8a-7773-40e9-b5bd-763c3359d237
2021-01-06 16:47:10,894 [pool-1512-thread-1] INFO  server.RaftServerConfigKeys (ConfUtils.java:logGet(44)) - raft.server.log.queue.byte-limit = 2147483647 (custom)
2021-01-06 16:47:10,894 [pool-1512-thread-1] INFO  server.RaftServerConfigKeys (ConfUtils.java:logGet(44)) - raft.server.log.queue.element-limit = 1024 (custom)
2021-01-06 16:47:10,894 [pool-1512-thread-1] INFO  server.RaftServerConfigKeys (ConfUtils.java:logGet(44)) - raft.server.log.segment.size.max = 1048576 (custom)
2021-01-06 16:47:10,894 [pool-1512-thread-1] INFO  server.RaftServerConfigKeys (ConfUtils.java:logGet(44)) - raft.server.log.preallocated.size = 16384 (custom)
2021-01-06 16:47:10,894 [pool-1512-thread-1] INFO  server.RaftServerConfigKeys (ConfUtils.java:logGet(44)) - raft.server.log.force.sync.num = 128 (default)
2021-01-06 16:47:10,894 [pool-1512-thread-1] INFO  server.RaftServerConfigKeys (ConfUtils.java:logGet(44)) - raft.server.log.statemachine.data.sync = true (default)
2021-01-06 16:47:10,894 [pool-1512-thread-1] INFO  server.RaftServerConfigKeys (ConfUtils.java:logGet(44)) - raft.server.log.statemachine.data.sync.timeout = 10s (default)
2021-01-06 16:47:10,894 [pool-1512-thread-1] INFO  server.RaftServerConfigKeys (ConfUtils.java:logGet(44)) - raft.server.log.statemachine.data.sync.timeout.retry = -1 (default)
2021-01-06 16:47:10,896 [pool-1512-thread-1] INFO  server.RaftServerConfigKeys (ConfUtils.java:logGet(44)) - raft.server.log.write.buffer.size = 1048576 (custom)
2021-01-06 16:47:10,897 [pool-1512-thread-1] INFO  server.RaftServerConfigKeys (ConfUtils.java:logGet(44)) - raft.server.log.statemachine.data.caching.enabled = true (custom)
2021-01-06 16:47:10,897 [pool-1512-thread-1] INFO  segmented.SegmentedRaftLogWorker (SegmentedRaftLogWorker.java:lambda$new$0(132)) - b260e4ee-445a-4422-8fbe-3a6caa0392e6@group-763C3359D237-SegmentedRaftLogWorker: flushIndex: setUnconditionally 0 -> -1
2021-01-06 16:47:10,897 [pool-1512-thread-1] INFO  segmented.SegmentedRaftLogWorker (SegmentedRaftLogWorker.java:lambda$new$0(132)) - b260e4ee-445a-4422-8fbe-3a6caa0392e6@group-763C3359D237-SegmentedRaftLogWorker: safeCacheEvictIndex: setUnconditionally 0 -> -1
2021-01-06 16:47:10,897 [pool-1512-thread-1] INFO  server.RaftServerConfigKeys (ConfUtils.java:logGet(44)) - raft.server.snapshot.auto.trigger.enabled = true (custom)
2021-01-06 16:47:10,897 [pool-1512-thread-1] INFO  server.RaftServerConfigKeys (ConfUtils.java:logGet(44)) - raft.server.snapshot.auto.trigger.threshold = 10000 (custom)
2021-01-06 16:47:10,897 [pool-1512-thread-1] INFO  server.RaftServerConfigKeys (ConfUtils.java:logGet(44)) - raft.server.snapshot.retention.file.num = 5 (custom)
2021-01-06 16:47:10,897 [pool-1512-thread-1] INFO  server.RaftServerConfigKeys (ConfUtils.java:logGet(44)) - raft.server.log.purge.upto.snapshot.index = false (default)
2021-01-06 16:47:10,897 [pool-1512-thread-1] INFO  server.RaftServerConfigKeys (ConfUtils.java:logGet(44)) - raft.server.retrycache.expirytime = 600000ms (custom)
2021-01-06 16:47:10,897 [pool-1512-thread-1] INFO  server.RaftServerConfigKeys (ConfUtils.java:logGet(44)) - raft.server.retrycache.statistics.expirytime = 100?s (default)
2021-01-06 16:47:10,898 [pool-1512-thread-1] INFO  metrics.RatisMetrics (RatisMetrics.java:lambda$create$0(36)) - Creating Metrics Registry : ratis.leader_election.b260e4ee-445a-4422-8fbe-3a6caa0392e6@group-763C3359D237
2021-01-06 16:47:10,898 [pool-1512-thread-1] INFO  metrics.RatisMetrics (RatisMetrics.java:lambda$create$0(36)) - Creating Metrics Registry : ratis.server.b260e4ee-445a-4422-8fbe-3a6caa0392e6@group-763C3359D237
2021-01-06 16:47:10,900 [pool-1512-thread-1] INFO  server.RaftServer$Division (RaftServerImpl.java:start(286)) - b260e4ee-445a-4422-8fbe-3a6caa0392e6@group-763C3359D237: start as a follower, conf=-1: [b260e4ee-445a-4422-8fbe-3a6caa0392e6|rpc:172.17.0.2:45581], old=null
2021-01-06 16:47:10,900 [pool-1512-thread-1] INFO  server.RaftServer$Division (RaftServerImpl.java:setRole(275)) - b260e4ee-445a-4422-8fbe-3a6caa0392e6@group-763C3359D237: changes role from      null to FOLLOWER at term 0 for startAsFollower
2021-01-06 16:47:10,900 [pool-1512-thread-1] INFO  impl.RoleInfo (RoleInfo.java:updateAndGet(130)) - b260e4ee-445a-4422-8fbe-3a6caa0392e6: start b260e4ee-445a-4422-8fbe-3a6caa0392e6@group-763C3359D237-FollowerState
2021-01-06 16:47:10,900 [pool-1512-thread-1] INFO  util.JmxRegister (JmxRegister.java:tryRegister(44)) - Successfully registered JMX Bean with object name Ratis:service=RaftServer,group=group-763C3359D237,id=b260e4ee-445a-4422-8fbe-3a6caa0392e6
2021-01-06 16:47:10,900 [pool-1512-thread-1] INFO  metrics.RatisMetrics (RatisMetrics.java:lambda$create$0(36)) - Creating Metrics Registry : ratis.state_machine.b260e4ee-445a-4422-8fbe-3a6caa0392e6@group-763C3359D237
2021-01-06 16:47:10,901 [Command processor thread] INFO  commandhandler.CreatePipelineCommandHandler (CreatePipelineCommandHandler.java:handle(106)) - Created Pipeline RATIS ONE PipelineID=d9736a8a-7773-40e9-b5bd-763c3359d237.
2021-01-06 16:47:10,901 [Command processor thread] INFO  server.RaftServer (RaftServerProxy.java:addNew(93)) - b260e4ee-445a-4422-8fbe-3a6caa0392e6: addNew group-E1E8F399534A:[b260e4ee-445a-4422-8fbe-3a6caa0392e6|rpc:172.17.0.2:45581, b3b9a181-77ef-445c-8f67-7418b9e03f94|rpc:172.17.0.2:34251, 0c45c32f-b13d-44d6-bbf6-638a87f65fa5|rpc:172.17.0.2:36969] returns group-E1E8F399534A:java.util.concurrent.CompletableFuture@509b0c09[Not completed]
2021-01-06 16:47:10,902 [pool-1512-thread-1] INFO  server.RaftServer$Division (RaftServerImpl.java:<init>(173)) - b260e4ee-445a-4422-8fbe-3a6caa0392e6: new RaftServerImpl for group-E1E8F399534A:[b260e4ee-445a-4422-8fbe-3a6caa0392e6|rpc:172.17.0.2:45581, b3b9a181-77ef-445c-8f67-7418b9e03f94|rpc:172.17.0.2:34251, 0c45c32f-b13d-44d6-bbf6-638a87f65fa5|rpc:172.17.0.2:36969] with ContainerStateMachine:uninitialized
2021-01-06 16:47:10,902 [pool-1512-thread-1] INFO  server.RaftServerConfigKeys (ConfUtils.java:logGet(44)) - raft.server.rpc.timeout.min = 5s (custom)
2021-01-06 16:47:10,902 [pool-1512-thread-1] INFO  server.RaftServerConfigKeys (ConfUtils.java:logGet(44)) - raft.server.rpc.timeout.max = 5200ms (custom)
2021-01-06 16:47:10,902 [pool-1512-thread-1] INFO  server.RaftServerConfigKeys (ConfUtils.java:logGet(44)) - raft.server.rpc.sleep.time = 25ms (default)
2021-01-06 16:47:10,902 [pool-1512-thread-1] INFO  server.RaftServerConfigKeys (ConfUtils.java:logGet(44)) - raft.server.rpc.slowness.timeout = 300s (custom)
2021-01-06 16:47:10,902 [pool-1512-thread-1] INFO  server.RaftServerConfigKeys (ConfUtils.java:logGet(44)) - raft.server.leaderelection.leader.step-down.wait-time = 10s (default)
2021-01-06 16:47:10,902 [pool-1512-thread-1] INFO  server.RaftServerConfigKeys (ConfUtils.java:logGet(44)) - raft.server.sleep.deviation.threshold = 300ms (default)
2021-01-06 16:47:10,902 [pool-1512-thread-1] INFO  server.RaftServerConfigKeys (ConfUtils.java:logGet(44)) - raft.server.log.appender.install.snapshot.enabled = false (custom)
2021-01-06 16:47:10,902 [pool-1512-thread-1] INFO  server.RaftServer$Division (ServerState.java:<init>(104)) - b260e4ee-445a-4422-8fbe-3a6caa0392e6@group-E1E8F399534A: ConfigurationManager, init=-1: [b260e4ee-445a-4422-8fbe-3a6caa0392e6|rpc:172.17.0.2:45581, b3b9a181-77ef-445c-8f67-7418b9e03f94|rpc:172.17.0.2:34251, 0c45c32f-b13d-44d6-bbf6-638a87f65fa5|rpc:172.17.0.2:36969], old=null, confs=<EMPTY_MAP>
2021-01-06 16:47:10,902 [pool-1512-thread-1] INFO  server.RaftServerConfigKeys (ConfUtils.java:logGet(44)) - raft.server.storage.dir = [/github/workspace/mnt/ozone/hadoop-ozone/integration-test/target/test-dir/MiniOzoneClusterImpl-1d43af91-9f82-444b-8964-eb6d4844fd62/datanode-3/data/ratis] (custom)
2021-01-06 16:47:10,902 [pool-1512-thread-1] INFO  server.RaftServerConfigKeys (ConfUtils.java:logGet(44)) - raft.server.log.corruption.policy = EXCEPTION (default)
2021-01-06 16:47:10,903 [pool-1512-thread-1] INFO  storage.RaftStorageDirectory (RaftStorageDirectory.java:analyzeStorage(260)) - The storage directory /github/workspace/mnt/ozone/hadoop-ozone/integration-test/target/test-dir/MiniOzoneClusterImpl-1d43af91-9f82-444b-8964-eb6d4844fd62/datanode-3/data/ratis/91087ea0-1d77-4e3b-aed9-e1e8f399534a does not exist. Creating ...
2021-01-06 16:47:10,903 [pool-1512-thread-1] INFO  storage.RaftStorageDirectory (RaftStorageDirectory.java:tryLock(342)) - Lock on /github/workspace/mnt/ozone/hadoop-ozone/integration-test/target/test-dir/MiniOzoneClusterImpl-1d43af91-9f82-444b-8964-eb6d4844fd62/datanode-3/data/ratis/91087ea0-1d77-4e3b-aed9-e1e8f399534a/in_use.lock acquired by nodename 15613@d1d2f32d3d04
2021-01-06 16:47:10,904 [pool-1512-thread-1] INFO  storage.RaftStorage (RaftStorage.java:format(89)) - Storage directory /github/workspace/mnt/ozone/hadoop-ozone/integration-test/target/test-dir/MiniOzoneClusterImpl-1d43af91-9f82-444b-8964-eb6d4844fd62/datanode-3/data/ratis/91087ea0-1d77-4e3b-aed9-e1e8f399534a has been successfully formatted.
2021-01-06 16:47:10,904 [pool-1512-thread-1] INFO  ratis.ContainerStateMachine (ContainerStateMachine.java:loadSnapshot(223)) - group-E1E8F399534A: The snapshot info is null. Setting the last applied indexto:(t:0, i:~)
2021-01-06 16:47:10,904 [pool-1512-thread-1] ERROR storage.RaftStorage (RaftStorage.java:readRaftConfiguration(152)) - Failed reading configuration from file:/github/workspace/mnt/ozone/hadoop-ozone/integration-test/target/test-dir/MiniOzoneClusterImpl-1d43af91-9f82-444b-8964-eb6d4844fd62/datanode-3/data/ratis/91087ea0-1d77-4e3b-aed9-e1e8f399534a/current/raft-meta.conf
java.io.FileNotFoundException: /github/workspace/mnt/ozone/hadoop-ozone/integration-test/target/test-dir/MiniOzoneClusterImpl-1d43af91-9f82-444b-8964-eb6d4844fd62/datanode-3/data/ratis/91087ea0-1d77-4e3b-aed9-e1e8f399534a/current/raft-meta.conf (No such file or directory)
	at java.io.FileInputStream.open0(Native Method)
	at java.io.FileInputStream.open(FileInputStream.java:195)
	at java.io.FileInputStream.<init>(FileInputStream.java:138)
	at org.apache.ratis.server.storage.RaftStorage.readRaftConfiguration(RaftStorage.java:148)
	at org.apache.ratis.server.impl.ServerState.initStatemachine(ServerState.java:167)
	at org.apache.ratis.server.impl.ServerState.<init>(ServerState.java:112)
	at org.apache.ratis.server.impl.RaftServerImpl.<init>(RaftServerImpl.java:186)
	at org.apache.ratis.server.impl.RaftServerProxy.lambda$newRaftServerImpl$4(RaftServerProxy.java:264)
	at java.util.concurrent.CompletableFuture$AsyncSupply.run(CompletableFuture.java:1604)
	at java.util.concurrent.ThreadPoolExecutor.runWorker(ThreadPoolExecutor.java:1149)
	at java.util.concurrent.ThreadPoolExecutor$Worker.run(ThreadPoolExecutor.java:624)
	at java.lang.Thread.run(Thread.java:748)
2021-01-06 16:47:10,907 [EventQueue-PipelineReportForOneReplicaPipelineSafeModeRule] INFO  safemode.SCMSafeModeManager (SCMSafeModeManager.java:validateSafeModeExitRules(214)) - AtleastOneDatanodeReportedRule rule is successfully validated
2021-01-06 16:47:10,907 [pool-1512-thread-1] INFO  server.RaftServerConfigKeys (ConfUtils.java:logGet(44)) - raft.server.notification.no-leader.timeout = 300s (custom)
2021-01-06 16:47:10,907 [pool-1512-thread-1] INFO  server.RaftServerConfigKeys (ConfUtils.java:logGet(44)) - raft.server.log.use.memory = false (default)
2021-01-06 16:47:10,907 [pool-1512-thread-1] INFO  server.RaftServerConfigKeys (ConfUtils.java:logGet(44)) - raft.server.log.purge.gap = 1000000 (custom)
2021-01-06 16:47:10,907 [pool-1512-thread-1] INFO  metrics.RatisMetrics (RatisMetrics.java:lambda$create$0(36)) - Creating Metrics Registry : ratis.log_worker.b260e4ee-445a-4422-8fbe-3a6caa0392e6@group-E1E8F399534A
2021-01-06 16:47:10,907 [EventQueue-OpenPipelineForHealthyPipelineSafeModeRule] INFO  safemode.SCMSafeModeManager (HealthyPipelineSafeModeRule.java:process(128)) - SCM in safe mode. Healthy pipelines reported count is 0, required healthy pipeline reported count is 1
2021-01-06 16:47:10,907 [pool-1512-thread-1] INFO  server.RaftServerConfigKeys (ConfUtils.java:logGet(44)) - raft.server.log.appender.buffer.byte-limit = 33554432 (custom)
2021-01-06 16:47:10,907 [pool-1512-thread-1] INFO  server.RaftServerConfigKeys (ConfUtils.java:logGet(44)) - raft.server.log.segment.size.max = 1048576 (custom)
2021-01-06 16:47:10,908 [pool-1512-thread-1] INFO  server.RaftServerConfigKeys (ConfUtils.java:logGet(44)) - raft.server.log.segment.cache.num.max = 2 (custom)
2021-01-06 16:47:10,908 [pool-1512-thread-1] INFO  server.RaftServerConfigKeys (ConfUtils.java:logGet(44)) - raft.server.log.segment.cache.size.max = 200MB (=209715200) (default)
2021-01-06 16:47:10,908 [pool-1512-thread-1] INFO  segmented.SegmentedRaftLogWorker (SegmentedRaftLogWorker.java:<init>(181)) - new b260e4ee-445a-4422-8fbe-3a6caa0392e6@group-E1E8F399534A-SegmentedRaftLogWorker for RaftStorage:Storage Directory /github/workspace/mnt/ozone/hadoop-ozone/integration-test/target/test-dir/MiniOzoneClusterImpl-1d43af91-9f82-444b-8964-eb6d4844fd62/datanode-3/data/ratis/91087ea0-1d77-4e3b-aed9-e1e8f399534a
2021-01-06 16:47:10,908 [pool-1512-thread-1] INFO  server.RaftServerConfigKeys (ConfUtils.java:logGet(44)) - raft.server.log.queue.byte-limit = 2147483647 (custom)
2021-01-06 16:47:10,908 [pool-1512-thread-1] INFO  server.RaftServerConfigKeys (ConfUtils.java:logGet(44)) - raft.server.log.queue.element-limit = 1024 (custom)
2021-01-06 16:47:10,908 [pool-1512-thread-1] INFO  server.RaftServerConfigKeys (ConfUtils.java:logGet(44)) - raft.server.log.segment.size.max = 1048576 (custom)
2021-01-06 16:47:10,908 [pool-1512-thread-1] INFO  server.RaftServerConfigKeys (ConfUtils.java:logGet(44)) - raft.server.log.preallocated.size = 16384 (custom)
2021-01-06 16:47:10,908 [pool-1512-thread-1] INFO  server.RaftServerConfigKeys (ConfUtils.java:logGet(44)) - raft.server.log.force.sync.num = 128 (default)
2021-01-06 16:47:10,908 [pool-1512-thread-1] INFO  server.RaftServerConfigKeys (ConfUtils.java:logGet(44)) - raft.server.log.statemachine.data.sync = true (default)
2021-01-06 16:47:10,909 [pool-1512-thread-1] INFO  server.RaftServerConfigKeys (ConfUtils.java:logGet(44)) - raft.server.log.statemachine.data.sync.timeout = 10s (default)
2021-01-06 16:47:10,909 [pool-1512-thread-1] INFO  server.RaftServerConfigKeys (ConfUtils.java:logGet(44)) - raft.server.log.statemachine.data.sync.timeout.retry = -1 (default)
2021-01-06 16:47:10,910 [pool-1512-thread-1] INFO  server.RaftServerConfigKeys (ConfUtils.java:logGet(44)) - raft.server.log.write.buffer.size = 1048576 (custom)
2021-01-06 16:47:10,911 [pool-1512-thread-1] INFO  server.RaftServerConfigKeys (ConfUtils.java:logGet(44)) - raft.server.log.statemachine.data.caching.enabled = true (custom)
2021-01-06 16:47:10,911 [pool-1512-thread-1] INFO  segmented.SegmentedRaftLogWorker (SegmentedRaftLogWorker.java:lambda$new$0(132)) - b260e4ee-445a-4422-8fbe-3a6caa0392e6@group-E1E8F399534A-SegmentedRaftLogWorker: flushIndex: setUnconditionally 0 -> -1
2021-01-06 16:47:10,911 [pool-1512-thread-1] INFO  segmented.SegmentedRaftLogWorker (SegmentedRaftLogWorker.java:lambda$new$0(132)) - b260e4ee-445a-4422-8fbe-3a6caa0392e6@group-E1E8F399534A-SegmentedRaftLogWorker: safeCacheEvictIndex: setUnconditionally 0 -> -1
2021-01-06 16:47:10,911 [pool-1512-thread-1] INFO  server.RaftServerConfigKeys (ConfUtils.java:logGet(44)) - raft.server.snapshot.auto.trigger.enabled = true (custom)
2021-01-06 16:47:10,912 [pool-1512-thread-1] INFO  server.RaftServerConfigKeys (ConfUtils.java:logGet(44)) - raft.server.snapshot.auto.trigger.threshold = 10000 (custom)
2021-01-06 16:47:10,912 [pool-1512-thread-1] INFO  server.RaftServerConfigKeys (ConfUtils.java:logGet(44)) - raft.server.snapshot.retention.file.num = 5 (custom)
2021-01-06 16:47:10,912 [pool-1512-thread-1] INFO  server.RaftServerConfigKeys (ConfUtils.java:logGet(44)) - raft.server.log.purge.upto.snapshot.index = false (default)
2021-01-06 16:47:10,912 [pool-1512-thread-1] INFO  server.RaftServerConfigKeys (ConfUtils.java:logGet(44)) - raft.server.retrycache.expirytime = 600000ms (custom)
2021-01-06 16:47:10,912 [pool-1512-thread-1] INFO  server.RaftServerConfigKeys (ConfUtils.java:logGet(44)) - raft.server.retrycache.statistics.expirytime = 100?s (default)
2021-01-06 16:47:10,912 [pool-1512-thread-1] INFO  metrics.RatisMetrics (RatisMetrics.java:lambda$create$0(36)) - Creating Metrics Registry : ratis.leader_election.b260e4ee-445a-4422-8fbe-3a6caa0392e6@group-E1E8F399534A
2021-01-06 16:47:10,912 [pool-1512-thread-1] INFO  metrics.RatisMetrics (RatisMetrics.java:lambda$create$0(36)) - Creating Metrics Registry : ratis.server.b260e4ee-445a-4422-8fbe-3a6caa0392e6@group-E1E8F399534A
2021-01-06 16:47:10,914 [pool-1512-thread-1] INFO  server.RaftServer$Division (RaftServerImpl.java:start(286)) - b260e4ee-445a-4422-8fbe-3a6caa0392e6@group-E1E8F399534A: start as a follower, conf=-1: [b260e4ee-445a-4422-8fbe-3a6caa0392e6|rpc:172.17.0.2:45581, b3b9a181-77ef-445c-8f67-7418b9e03f94|rpc:172.17.0.2:34251, 0c45c32f-b13d-44d6-bbf6-638a87f65fa5|rpc:172.17.0.2:36969], old=null
2021-01-06 16:47:10,914 [pool-1512-thread-1] INFO  server.RaftServer$Division (RaftServerImpl.java:setRole(275)) - b260e4ee-445a-4422-8fbe-3a6caa0392e6@group-E1E8F399534A: changes role from      null to FOLLOWER at term 0 for startAsFollower
2021-01-06 16:47:10,914 [pool-1512-thread-1] INFO  impl.RoleInfo (RoleInfo.java:updateAndGet(130)) - b260e4ee-445a-4422-8fbe-3a6caa0392e6: start b260e4ee-445a-4422-8fbe-3a6caa0392e6@group-E1E8F399534A-FollowerState
2021-01-06 16:47:10,917 [pool-1512-thread-1] INFO  util.JmxRegister (JmxRegister.java:tryRegister(44)) - Successfully registered JMX Bean with object name Ratis:service=RaftServer,group=group-E1E8F399534A,id=b260e4ee-445a-4422-8fbe-3a6caa0392e6
2021-01-06 16:47:10,917 [pool-1512-thread-1] INFO  metrics.RatisMetrics (RatisMetrics.java:lambda$create$0(36)) - Creating Metrics Registry : ratis.state_machine.b260e4ee-445a-4422-8fbe-3a6caa0392e6@group-E1E8F399534A
2021-01-06 16:47:10,918 [Command processor thread] INFO  metrics.RatisMetrics (RatisMetrics.java:lambda$create$0(36)) - Creating Metrics Registry : ratis.client_message_metrics.client-070AC75DAF15->b3b9a181-77ef-445c-8f67-7418b9e03f94
2021-01-06 16:47:10,926 [grpc-default-executor-0] INFO  metrics.RatisMetrics (RatisMetrics.java:lambda$create$0(36)) - Creating Metrics Registry : ratis.server_message_metrics.b3b9a181-77ef-445c-8f67-7418b9e03f94
2021-01-06 16:47:10,928 [grpc-default-executor-0] INFO  server.RaftServer (RaftServerProxy.java:addNew(93)) - b3b9a181-77ef-445c-8f67-7418b9e03f94: addNew group-E1E8F399534A:[b260e4ee-445a-4422-8fbe-3a6caa0392e6|rpc:172.17.0.2:45581|dataStream:, b3b9a181-77ef-445c-8f67-7418b9e03f94|rpc:172.17.0.2:34251|dataStream:, 0c45c32f-b13d-44d6-bbf6-638a87f65fa5|rpc:172.17.0.2:36969|dataStream:] returns group-E1E8F399534A:java.util.concurrent.CompletableFuture@26f75477[Not completed]
2021-01-06 16:47:10,928 [pool-1544-thread-1] INFO  server.RaftServer$Division (RaftServerImpl.java:<init>(173)) - b3b9a181-77ef-445c-8f67-7418b9e03f94: new RaftServerImpl for group-E1E8F399534A:[b260e4ee-445a-4422-8fbe-3a6caa0392e6|rpc:172.17.0.2:45581|dataStream:, b3b9a181-77ef-445c-8f67-7418b9e03f94|rpc:172.17.0.2:34251|dataStream:, 0c45c32f-b13d-44d6-bbf6-638a87f65fa5|rpc:172.17.0.2:36969|dataStream:] with ContainerStateMachine:uninitialized
2021-01-06 16:47:10,928 [pool-1544-thread-1] INFO  server.RaftServerConfigKeys (ConfUtils.java:logGet(44)) - raft.server.rpc.timeout.min = 5s (custom)
2021-01-06 16:47:10,928 [pool-1544-thread-1] INFO  server.RaftServerConfigKeys (ConfUtils.java:logGet(44)) - raft.server.rpc.timeout.max = 5200ms (custom)
2021-01-06 16:47:10,928 [pool-1544-thread-1] INFO  server.RaftServerConfigKeys (ConfUtils.java:logGet(44)) - raft.server.rpc.sleep.time = 25ms (default)
2021-01-06 16:47:10,929 [pool-1544-thread-1] INFO  server.RaftServerConfigKeys (ConfUtils.java:logGet(44)) - raft.server.rpc.slowness.timeout = 300s (custom)
2021-01-06 16:47:10,929 [pool-1544-thread-1] INFO  server.RaftServerConfigKeys (ConfUtils.java:logGet(44)) - raft.server.leaderelection.leader.step-down.wait-time = 10s (default)
2021-01-06 16:47:10,929 [pool-1544-thread-1] INFO  server.RaftServerConfigKeys (ConfUtils.java:logGet(44)) - raft.server.sleep.deviation.threshold = 300ms (default)
2021-01-06 16:47:10,929 [pool-1544-thread-1] INFO  server.RaftServerConfigKeys (ConfUtils.java:logGet(44)) - raft.server.log.appender.install.snapshot.enabled = false (custom)
2021-01-06 16:47:10,929 [pool-1544-thread-1] INFO  server.RaftServer$Division (ServerState.java:<init>(104)) - b3b9a181-77ef-445c-8f67-7418b9e03f94@group-E1E8F399534A: ConfigurationManager, init=-1: [b260e4ee-445a-4422-8fbe-3a6caa0392e6|rpc:172.17.0.2:45581|dataStream:, b3b9a181-77ef-445c-8f67-7418b9e03f94|rpc:172.17.0.2:34251|dataStream:, 0c45c32f-b13d-44d6-bbf6-638a87f65fa5|rpc:172.17.0.2:36969|dataStream:], old=null, confs=<EMPTY_MAP>
2021-01-06 16:47:10,929 [pool-1544-thread-1] INFO  server.RaftServerConfigKeys (ConfUtils.java:logGet(44)) - raft.server.storage.dir = [/github/workspace/mnt/ozone/hadoop-ozone/integration-test/target/test-dir/MiniOzoneClusterImpl-1d43af91-9f82-444b-8964-eb6d4844fd62/datanode-5/data/ratis] (custom)
2021-01-06 16:47:10,929 [pool-1544-thread-1] INFO  server.RaftServerConfigKeys (ConfUtils.java:logGet(44)) - raft.server.log.corruption.policy = EXCEPTION (default)
2021-01-06 16:47:10,929 [pool-1544-thread-1] INFO  storage.RaftStorageDirectory (RaftStorageDirectory.java:analyzeStorage(260)) - The storage directory /github/workspace/mnt/ozone/hadoop-ozone/integration-test/target/test-dir/MiniOzoneClusterImpl-1d43af91-9f82-444b-8964-eb6d4844fd62/datanode-5/data/ratis/91087ea0-1d77-4e3b-aed9-e1e8f399534a does not exist. Creating ...
2021-01-06 16:47:10,930 [pool-1544-thread-1] INFO  storage.RaftStorageDirectory (RaftStorageDirectory.java:tryLock(342)) - Lock on /github/workspace/mnt/ozone/hadoop-ozone/integration-test/target/test-dir/MiniOzoneClusterImpl-1d43af91-9f82-444b-8964-eb6d4844fd62/datanode-5/data/ratis/91087ea0-1d77-4e3b-aed9-e1e8f399534a/in_use.lock acquired by nodename 15613@d1d2f32d3d04
2021-01-06 16:47:10,931 [pool-1544-thread-1] INFO  storage.RaftStorage (RaftStorage.java:format(89)) - Storage directory /github/workspace/mnt/ozone/hadoop-ozone/integration-test/target/test-dir/MiniOzoneClusterImpl-1d43af91-9f82-444b-8964-eb6d4844fd62/datanode-5/data/ratis/91087ea0-1d77-4e3b-aed9-e1e8f399534a has been successfully formatted.
2021-01-06 16:47:10,931 [pool-1544-thread-1] INFO  ratis.ContainerStateMachine (ContainerStateMachine.java:loadSnapshot(223)) - group-E1E8F399534A: The snapshot info is null. Setting the last applied indexto:(t:0, i:~)
2021-01-06 16:47:10,931 [pool-1544-thread-1] ERROR storage.RaftStorage (RaftStorage.java:readRaftConfiguration(152)) - Failed reading configuration from file:/github/workspace/mnt/ozone/hadoop-ozone/integration-test/target/test-dir/MiniOzoneClusterImpl-1d43af91-9f82-444b-8964-eb6d4844fd62/datanode-5/data/ratis/91087ea0-1d77-4e3b-aed9-e1e8f399534a/current/raft-meta.conf
java.io.FileNotFoundException: /github/workspace/mnt/ozone/hadoop-ozone/integration-test/target/test-dir/MiniOzoneClusterImpl-1d43af91-9f82-444b-8964-eb6d4844fd62/datanode-5/data/ratis/91087ea0-1d77-4e3b-aed9-e1e8f399534a/current/raft-meta.conf (No such file or directory)
	at java.io.FileInputStream.open0(Native Method)
	at java.io.FileInputStream.open(FileInputStream.java:195)
	at java.io.FileInputStream.<init>(FileInputStream.java:138)
	at org.apache.ratis.server.storage.RaftStorage.readRaftConfiguration(RaftStorage.java:148)
	at org.apache.ratis.server.impl.ServerState.initStatemachine(ServerState.java:167)
	at org.apache.ratis.server.impl.ServerState.<init>(ServerState.java:112)
	at org.apache.ratis.server.impl.RaftServerImpl.<init>(RaftServerImpl.java:186)
	at org.apache.ratis.server.impl.RaftServerProxy.lambda$newRaftServerImpl$4(RaftServerProxy.java:264)
	at java.util.concurrent.CompletableFuture$AsyncSupply.run(CompletableFuture.java:1604)
	at java.util.concurrent.ThreadPoolExecutor.runWorker(ThreadPoolExecutor.java:1149)
	at java.util.concurrent.ThreadPoolExecutor$Worker.run(ThreadPoolExecutor.java:624)
	at java.lang.Thread.run(Thread.java:748)
2021-01-06 16:47:10,931 [EventQueue-PipelineReportForOneReplicaPipelineSafeModeRule] INFO  safemode.SCMSafeModeManager (SCMSafeModeManager.java:validateSafeModeExitRules(214)) - AtleastOneDatanodeReportedRule rule is successfully validated
2021-01-06 16:47:10,932 [pool-1544-thread-1] INFO  server.RaftServerConfigKeys (ConfUtils.java:logGet(44)) - raft.server.notification.no-leader.timeout = 300s (custom)
2021-01-06 16:47:10,932 [pool-1544-thread-1] INFO  server.RaftServerConfigKeys (ConfUtils.java:logGet(44)) - raft.server.log.use.memory = false (default)
2021-01-06 16:47:10,932 [pool-1544-thread-1] INFO  server.RaftServerConfigKeys (ConfUtils.java:logGet(44)) - raft.server.log.purge.gap = 1000000 (custom)
2021-01-06 16:47:10,932 [pool-1544-thread-1] INFO  metrics.RatisMetrics (RatisMetrics.java:lambda$create$0(36)) - Creating Metrics Registry : ratis.log_worker.b3b9a181-77ef-445c-8f67-7418b9e03f94@group-E1E8F399534A
2021-01-06 16:47:10,932 [pool-1544-thread-1] INFO  server.RaftServerConfigKeys (ConfUtils.java:logGet(44)) - raft.server.log.appender.buffer.byte-limit = 33554432 (custom)
2021-01-06 16:47:10,932 [pool-1544-thread-1] INFO  server.RaftServerConfigKeys (ConfUtils.java:logGet(44)) - raft.server.log.segment.size.max = 1048576 (custom)
2021-01-06 16:47:10,933 [pool-1544-thread-1] INFO  server.RaftServerConfigKeys (ConfUtils.java:logGet(44)) - raft.server.log.segment.cache.num.max = 2 (custom)
2021-01-06 16:47:10,933 [pool-1544-thread-1] INFO  server.RaftServerConfigKeys (ConfUtils.java:logGet(44)) - raft.server.log.segment.cache.size.max = 200MB (=209715200) (default)
2021-01-06 16:47:10,933 [pool-1544-thread-1] INFO  segmented.SegmentedRaftLogWorker (SegmentedRaftLogWorker.java:<init>(181)) - new b3b9a181-77ef-445c-8f67-7418b9e03f94@group-E1E8F399534A-SegmentedRaftLogWorker for RaftStorage:Storage Directory /github/workspace/mnt/ozone/hadoop-ozone/integration-test/target/test-dir/MiniOzoneClusterImpl-1d43af91-9f82-444b-8964-eb6d4844fd62/datanode-5/data/ratis/91087ea0-1d77-4e3b-aed9-e1e8f399534a
2021-01-06 16:47:10,933 [pool-1544-thread-1] INFO  server.RaftServerConfigKeys (ConfUtils.java:logGet(44)) - raft.server.log.queue.byte-limit = 2147483647 (custom)
2021-01-06 16:47:10,933 [pool-1544-thread-1] INFO  server.RaftServerConfigKeys (ConfUtils.java:logGet(44)) - raft.server.log.queue.element-limit = 1024 (custom)
2021-01-06 16:47:10,933 [pool-1544-thread-1] INFO  server.RaftServerConfigKeys (ConfUtils.java:logGet(44)) - raft.server.log.segment.size.max = 1048576 (custom)
2021-01-06 16:47:10,933 [pool-1544-thread-1] INFO  server.RaftServerConfigKeys (ConfUtils.java:logGet(44)) - raft.server.log.preallocated.size = 16384 (custom)
2021-01-06 16:47:10,933 [pool-1544-thread-1] INFO  server.RaftServerConfigKeys (ConfUtils.java:logGet(44)) - raft.server.log.force.sync.num = 128 (default)
2021-01-06 16:47:10,933 [pool-1544-thread-1] INFO  server.RaftServerConfigKeys (ConfUtils.java:logGet(44)) - raft.server.log.statemachine.data.sync = true (default)
2021-01-06 16:47:10,933 [pool-1544-thread-1] INFO  server.RaftServerConfigKeys (ConfUtils.java:logGet(44)) - raft.server.log.statemachine.data.sync.timeout = 10s (default)
2021-01-06 16:47:10,933 [pool-1544-thread-1] INFO  server.RaftServerConfigKeys (ConfUtils.java:logGet(44)) - raft.server.log.statemachine.data.sync.timeout.retry = -1 (default)
2021-01-06 16:47:10,935 [pool-1544-thread-1] INFO  server.RaftServerConfigKeys (ConfUtils.java:logGet(44)) - raft.server.log.write.buffer.size = 1048576 (custom)
2021-01-06 16:47:10,935 [pool-1544-thread-1] INFO  server.RaftServerConfigKeys (ConfUtils.java:logGet(44)) - raft.server.log.statemachine.data.caching.enabled = true (custom)
2021-01-06 16:47:10,936 [pool-1544-thread-1] INFO  segmented.SegmentedRaftLogWorker (SegmentedRaftLogWorker.java:lambda$new$0(132)) - b3b9a181-77ef-445c-8f67-7418b9e03f94@group-E1E8F399534A-SegmentedRaftLogWorker: flushIndex: setUnconditionally 0 -> -1
2021-01-06 16:47:10,936 [pool-1544-thread-1] INFO  segmented.SegmentedRaftLogWorker (SegmentedRaftLogWorker.java:lambda$new$0(132)) - b3b9a181-77ef-445c-8f67-7418b9e03f94@group-E1E8F399534A-SegmentedRaftLogWorker: safeCacheEvictIndex: setUnconditionally 0 -> -1
2021-01-06 16:47:10,936 [pool-1544-thread-1] INFO  server.RaftServerConfigKeys (ConfUtils.java:logGet(44)) - raft.server.snapshot.auto.trigger.enabled = true (custom)
2021-01-06 16:47:10,936 [pool-1544-thread-1] INFO  server.RaftServerConfigKeys (ConfUtils.java:logGet(44)) - raft.server.snapshot.auto.trigger.threshold = 10000 (custom)
2021-01-06 16:47:10,936 [pool-1544-thread-1] INFO  server.RaftServerConfigKeys (ConfUtils.java:logGet(44)) - raft.server.snapshot.retention.file.num = 5 (custom)
2021-01-06 16:47:10,936 [pool-1544-thread-1] INFO  server.RaftServerConfigKeys (ConfUtils.java:logGet(44)) - raft.server.log.purge.upto.snapshot.index = false (default)
2021-01-06 16:47:10,936 [pool-1544-thread-1] INFO  server.RaftServerConfigKeys (ConfUtils.java:logGet(44)) - raft.server.retrycache.expirytime = 600000ms (custom)
2021-01-06 16:47:10,936 [pool-1544-thread-1] INFO  server.RaftServerConfigKeys (ConfUtils.java:logGet(44)) - raft.server.retrycache.statistics.expirytime = 100?s (default)
2021-01-06 16:47:10,936 [pool-1544-thread-1] INFO  metrics.RatisMetrics (RatisMetrics.java:lambda$create$0(36)) - Creating Metrics Registry : ratis.leader_election.b3b9a181-77ef-445c-8f67-7418b9e03f94@group-E1E8F399534A
2021-01-06 16:47:10,937 [pool-1544-thread-1] INFO  metrics.RatisMetrics (RatisMetrics.java:lambda$create$0(36)) - Creating Metrics Registry : ratis.server.b3b9a181-77ef-445c-8f67-7418b9e03f94@group-E1E8F399534A
2021-01-06 16:47:10,939 [pool-1544-thread-1] INFO  server.RaftServer$Division (RaftServerImpl.java:start(286)) - b3b9a181-77ef-445c-8f67-7418b9e03f94@group-E1E8F399534A: start as a follower, conf=-1: [b260e4ee-445a-4422-8fbe-3a6caa0392e6|rpc:172.17.0.2:45581|dataStream:, b3b9a181-77ef-445c-8f67-7418b9e03f94|rpc:172.17.0.2:34251|dataStream:, 0c45c32f-b13d-44d6-bbf6-638a87f65fa5|rpc:172.17.0.2:36969|dataStream:], old=null
2021-01-06 16:47:10,939 [pool-1544-thread-1] INFO  server.RaftServer$Division (RaftServerImpl.java:setRole(275)) - b3b9a181-77ef-445c-8f67-7418b9e03f94@group-E1E8F399534A: changes role from      null to FOLLOWER at term 0 for startAsFollower
2021-01-06 16:47:10,939 [pool-1544-thread-1] INFO  impl.RoleInfo (RoleInfo.java:updateAndGet(130)) - b3b9a181-77ef-445c-8f67-7418b9e03f94: start b3b9a181-77ef-445c-8f67-7418b9e03f94@group-E1E8F399534A-FollowerState
2021-01-06 16:47:10,939 [pool-1544-thread-1] INFO  util.JmxRegister (JmxRegister.java:tryRegister(44)) - Successfully registered JMX Bean with object name Ratis:service=RaftServer,group=group-E1E8F399534A,id=b3b9a181-77ef-445c-8f67-7418b9e03f94
2021-01-06 16:47:10,939 [pool-1544-thread-1] INFO  metrics.RatisMetrics (RatisMetrics.java:lambda$create$0(36)) - Creating Metrics Registry : ratis.state_machine.b3b9a181-77ef-445c-8f67-7418b9e03f94@group-E1E8F399534A
2021-01-06 16:47:10,943 [Command processor thread] INFO  metrics.RatisMetrics (RatisMetrics.java:lambda$create$0(36)) - Creating Metrics Registry : ratis.client_message_metrics.client-A9D40C822A4A->0c45c32f-b13d-44d6-bbf6-638a87f65fa5
2021-01-06 16:47:10,947 [grpc-default-executor-0] INFO  metrics.RatisMetrics (RatisMetrics.java:lambda$create$0(36)) - Creating Metrics Registry : ratis.server_message_metrics.0c45c32f-b13d-44d6-bbf6-638a87f65fa5
2021-01-06 16:47:10,948 [grpc-default-executor-0] INFO  server.RaftServer (RaftServerProxy.java:addNew(93)) - 0c45c32f-b13d-44d6-bbf6-638a87f65fa5: addNew group-E1E8F399534A:[b260e4ee-445a-4422-8fbe-3a6caa0392e6|rpc:172.17.0.2:45581|dataStream:, b3b9a181-77ef-445c-8f67-7418b9e03f94|rpc:172.17.0.2:34251|dataStream:, 0c45c32f-b13d-44d6-bbf6-638a87f65fa5|rpc:172.17.0.2:36969|dataStream:] returns group-E1E8F399534A:java.util.concurrent.CompletableFuture@24a99117[Not completed]
2021-01-06 16:47:10,949 [pool-1528-thread-1] INFO  server.RaftServer$Division (RaftServerImpl.java:<init>(173)) - 0c45c32f-b13d-44d6-bbf6-638a87f65fa5: new RaftServerImpl for group-E1E8F399534A:[b260e4ee-445a-4422-8fbe-3a6caa0392e6|rpc:172.17.0.2:45581|dataStream:, b3b9a181-77ef-445c-8f67-7418b9e03f94|rpc:172.17.0.2:34251|dataStream:, 0c45c32f-b13d-44d6-bbf6-638a87f65fa5|rpc:172.17.0.2:36969|dataStream:] with ContainerStateMachine:uninitialized
2021-01-06 16:47:10,949 [pool-1528-thread-1] INFO  server.RaftServerConfigKeys (ConfUtils.java:logGet(44)) - raft.server.rpc.timeout.min = 5s (custom)
2021-01-06 16:47:10,949 [pool-1528-thread-1] INFO  server.RaftServerConfigKeys (ConfUtils.java:logGet(44)) - raft.server.rpc.timeout.max = 5200ms (custom)
2021-01-06 16:47:10,949 [pool-1528-thread-1] INFO  server.RaftServerConfigKeys (ConfUtils.java:logGet(44)) - raft.server.rpc.sleep.time = 25ms (default)
2021-01-06 16:47:10,949 [pool-1528-thread-1] INFO  server.RaftServerConfigKeys (ConfUtils.java:logGet(44)) - raft.server.rpc.slowness.timeout = 300s (custom)
2021-01-06 16:47:10,949 [pool-1528-thread-1] INFO  server.RaftServerConfigKeys (ConfUtils.java:logGet(44)) - raft.server.leaderelection.leader.step-down.wait-time = 10s (default)
2021-01-06 16:47:10,949 [pool-1528-thread-1] INFO  server.RaftServerConfigKeys (ConfUtils.java:logGet(44)) - raft.server.sleep.deviation.threshold = 300ms (default)
2021-01-06 16:47:10,949 [pool-1528-thread-1] INFO  server.RaftServerConfigKeys (ConfUtils.java:logGet(44)) - raft.server.log.appender.install.snapshot.enabled = false (custom)
2021-01-06 16:47:10,949 [pool-1528-thread-1] INFO  server.RaftServer$Division (ServerState.java:<init>(104)) - 0c45c32f-b13d-44d6-bbf6-638a87f65fa5@group-E1E8F399534A: ConfigurationManager, init=-1: [b260e4ee-445a-4422-8fbe-3a6caa0392e6|rpc:172.17.0.2:45581|dataStream:, b3b9a181-77ef-445c-8f67-7418b9e03f94|rpc:172.17.0.2:34251|dataStream:, 0c45c32f-b13d-44d6-bbf6-638a87f65fa5|rpc:172.17.0.2:36969|dataStream:], old=null, confs=<EMPTY_MAP>
2021-01-06 16:47:10,949 [pool-1528-thread-1] INFO  server.RaftServerConfigKeys (ConfUtils.java:logGet(44)) - raft.server.storage.dir = [/github/workspace/mnt/ozone/hadoop-ozone/integration-test/target/test-dir/MiniOzoneClusterImpl-1d43af91-9f82-444b-8964-eb6d4844fd62/datanode-4/data/ratis] (custom)
2021-01-06 16:47:10,950 [pool-1528-thread-1] INFO  server.RaftServerConfigKeys (ConfUtils.java:logGet(44)) - raft.server.log.corruption.policy = EXCEPTION (default)
2021-01-06 16:47:10,950 [pool-1528-thread-1] INFO  storage.RaftStorageDirectory (RaftStorageDirectory.java:analyzeStorage(260)) - The storage directory /github/workspace/mnt/ozone/hadoop-ozone/integration-test/target/test-dir/MiniOzoneClusterImpl-1d43af91-9f82-444b-8964-eb6d4844fd62/datanode-4/data/ratis/91087ea0-1d77-4e3b-aed9-e1e8f399534a does not exist. Creating ...
2021-01-06 16:47:10,951 [pool-1528-thread-1] INFO  storage.RaftStorageDirectory (RaftStorageDirectory.java:tryLock(342)) - Lock on /github/workspace/mnt/ozone/hadoop-ozone/integration-test/target/test-dir/MiniOzoneClusterImpl-1d43af91-9f82-444b-8964-eb6d4844fd62/datanode-4/data/ratis/91087ea0-1d77-4e3b-aed9-e1e8f399534a/in_use.lock acquired by nodename 15613@d1d2f32d3d04
2021-01-06 16:47:10,951 [pool-1528-thread-1] INFO  storage.RaftStorage (RaftStorage.java:format(89)) - Storage directory /github/workspace/mnt/ozone/hadoop-ozone/integration-test/target/test-dir/MiniOzoneClusterImpl-1d43af91-9f82-444b-8964-eb6d4844fd62/datanode-4/data/ratis/91087ea0-1d77-4e3b-aed9-e1e8f399534a has been successfully formatted.
2021-01-06 16:47:10,951 [pool-1528-thread-1] INFO  ratis.ContainerStateMachine (ContainerStateMachine.java:loadSnapshot(223)) - group-E1E8F399534A: The snapshot info is null. Setting the last applied indexto:(t:0, i:~)
2021-01-06 16:47:10,952 [pool-1528-thread-1] ERROR storage.RaftStorage (RaftStorage.java:readRaftConfiguration(152)) - Failed reading configuration from file:/github/workspace/mnt/ozone/hadoop-ozone/integration-test/target/test-dir/MiniOzoneClusterImpl-1d43af91-9f82-444b-8964-eb6d4844fd62/datanode-4/data/ratis/91087ea0-1d77-4e3b-aed9-e1e8f399534a/current/raft-meta.conf
java.io.FileNotFoundException: /github/workspace/mnt/ozone/hadoop-ozone/integration-test/target/test-dir/MiniOzoneClusterImpl-1d43af91-9f82-444b-8964-eb6d4844fd62/datanode-4/data/ratis/91087ea0-1d77-4e3b-aed9-e1e8f399534a/current/raft-meta.conf (No such file or directory)
	at java.io.FileInputStream.open0(Native Method)
	at java.io.FileInputStream.open(FileInputStream.java:195)
	at java.io.FileInputStream.<init>(FileInputStream.java:138)
	at org.apache.ratis.server.storage.RaftStorage.readRaftConfiguration(RaftStorage.java:148)
	at org.apache.ratis.server.impl.ServerState.initStatemachine(ServerState.java:167)
	at org.apache.ratis.server.impl.ServerState.<init>(ServerState.java:112)
	at org.apache.ratis.server.impl.RaftServerImpl.<init>(RaftServerImpl.java:186)
	at org.apache.ratis.server.impl.RaftServerProxy.lambda$newRaftServerImpl$4(RaftServerProxy.java:264)
	at java.util.concurrent.CompletableFuture$AsyncSupply.run(CompletableFuture.java:1604)
	at java.util.concurrent.ThreadPoolExecutor.runWorker(ThreadPoolExecutor.java:1149)
	at java.util.concurrent.ThreadPoolExecutor$Worker.run(ThreadPoolExecutor.java:624)
	at java.lang.Thread.run(Thread.java:748)
2021-01-06 16:47:10,952 [pool-1528-thread-1] INFO  server.RaftServerConfigKeys (ConfUtils.java:logGet(44)) - raft.server.notification.no-leader.timeout = 300s (custom)
2021-01-06 16:47:10,952 [pool-1528-thread-1] INFO  server.RaftServerConfigKeys (ConfUtils.java:logGet(44)) - raft.server.log.use.memory = false (default)
2021-01-06 16:47:10,952 [pool-1528-thread-1] INFO  server.RaftServerConfigKeys (ConfUtils.java:logGet(44)) - raft.server.log.purge.gap = 1000000 (custom)
2021-01-06 16:47:10,952 [pool-1528-thread-1] INFO  metrics.RatisMetrics (RatisMetrics.java:lambda$create$0(36)) - Creating Metrics Registry : ratis.log_worker.0c45c32f-b13d-44d6-bbf6-638a87f65fa5@group-E1E8F399534A
2021-01-06 16:47:10,952 [EventQueue-PipelineReportForOneReplicaPipelineSafeModeRule] INFO  safemode.SCMSafeModeManager (SCMSafeModeManager.java:validateSafeModeExitRules(214)) - AtleastOneDatanodeReportedRule rule is successfully validated
2021-01-06 16:47:10,952 [pool-1528-thread-1] INFO  server.RaftServerConfigKeys (ConfUtils.java:logGet(44)) - raft.server.log.appender.buffer.byte-limit = 33554432 (custom)
2021-01-06 16:47:10,952 [pool-1528-thread-1] INFO  server.RaftServerConfigKeys (ConfUtils.java:logGet(44)) - raft.server.log.segment.size.max = 1048576 (custom)
2021-01-06 16:47:10,953 [pool-1528-thread-1] INFO  server.RaftServerConfigKeys (ConfUtils.java:logGet(44)) - raft.server.log.segment.cache.num.max = 2 (custom)
2021-01-06 16:47:10,953 [pool-1528-thread-1] INFO  server.RaftServerConfigKeys (ConfUtils.java:logGet(44)) - raft.server.log.segment.cache.size.max = 200MB (=209715200) (default)
2021-01-06 16:47:10,953 [pool-1528-thread-1] INFO  segmented.SegmentedRaftLogWorker (SegmentedRaftLogWorker.java:<init>(181)) - new 0c45c32f-b13d-44d6-bbf6-638a87f65fa5@group-E1E8F399534A-SegmentedRaftLogWorker for RaftStorage:Storage Directory /github/workspace/mnt/ozone/hadoop-ozone/integration-test/target/test-dir/MiniOzoneClusterImpl-1d43af91-9f82-444b-8964-eb6d4844fd62/datanode-4/data/ratis/91087ea0-1d77-4e3b-aed9-e1e8f399534a
2021-01-06 16:47:10,953 [pool-1528-thread-1] INFO  server.RaftServerConfigKeys (ConfUtils.java:logGet(44)) - raft.server.log.queue.byte-limit = 2147483647 (custom)
2021-01-06 16:47:10,953 [pool-1528-thread-1] INFO  server.RaftServerConfigKeys (ConfUtils.java:logGet(44)) - raft.server.log.queue.element-limit = 1024 (custom)
2021-01-06 16:47:10,953 [pool-1528-thread-1] INFO  server.RaftServerConfigKeys (ConfUtils.java:logGet(44)) - raft.server.log.segment.size.max = 1048576 (custom)
2021-01-06 16:47:10,953 [pool-1528-thread-1] INFO  server.RaftServerConfigKeys (ConfUtils.java:logGet(44)) - raft.server.log.preallocated.size = 16384 (custom)
2021-01-06 16:47:10,953 [pool-1528-thread-1] INFO  server.RaftServerConfigKeys (ConfUtils.java:logGet(44)) - raft.server.log.force.sync.num = 128 (default)
2021-01-06 16:47:10,953 [pool-1528-thread-1] INFO  server.RaftServerConfigKeys (ConfUtils.java:logGet(44)) - raft.server.log.statemachine.data.sync = true (default)
2021-01-06 16:47:10,953 [pool-1528-thread-1] INFO  server.RaftServerConfigKeys (ConfUtils.java:logGet(44)) - raft.server.log.statemachine.data.sync.timeout = 10s (default)
2021-01-06 16:47:10,954 [pool-1528-thread-1] INFO  server.RaftServerConfigKeys (ConfUtils.java:logGet(44)) - raft.server.log.statemachine.data.sync.timeout.retry = -1 (default)
2021-01-06 16:47:10,955 [pool-1528-thread-1] INFO  server.RaftServerConfigKeys (ConfUtils.java:logGet(44)) - raft.server.log.write.buffer.size = 1048576 (custom)
2021-01-06 16:47:10,956 [pool-1528-thread-1] INFO  server.RaftServerConfigKeys (ConfUtils.java:logGet(44)) - raft.server.log.statemachine.data.caching.enabled = true (custom)
2021-01-06 16:47:10,956 [pool-1528-thread-1] INFO  segmented.SegmentedRaftLogWorker (SegmentedRaftLogWorker.java:lambda$new$0(132)) - 0c45c32f-b13d-44d6-bbf6-638a87f65fa5@group-E1E8F399534A-SegmentedRaftLogWorker: flushIndex: setUnconditionally 0 -> -1
2021-01-06 16:47:10,956 [pool-1528-thread-1] INFO  segmented.SegmentedRaftLogWorker (SegmentedRaftLogWorker.java:lambda$new$0(132)) - 0c45c32f-b13d-44d6-bbf6-638a87f65fa5@group-E1E8F399534A-SegmentedRaftLogWorker: safeCacheEvictIndex: setUnconditionally 0 -> -1
2021-01-06 16:47:10,956 [pool-1528-thread-1] INFO  server.RaftServerConfigKeys (ConfUtils.java:logGet(44)) - raft.server.snapshot.auto.trigger.enabled = true (custom)
2021-01-06 16:47:10,957 [pool-1528-thread-1] INFO  server.RaftServerConfigKeys (ConfUtils.java:logGet(44)) - raft.server.snapshot.auto.trigger.threshold = 10000 (custom)
2021-01-06 16:47:10,957 [pool-1528-thread-1] INFO  server.RaftServerConfigKeys (ConfUtils.java:logGet(44)) - raft.server.snapshot.retention.file.num = 5 (custom)
2021-01-06 16:47:10,957 [pool-1528-thread-1] INFO  server.RaftServerConfigKeys (ConfUtils.java:logGet(44)) - raft.server.log.purge.upto.snapshot.index = false (default)
2021-01-06 16:47:10,957 [pool-1528-thread-1] INFO  server.RaftServerConfigKeys (ConfUtils.java:logGet(44)) - raft.server.retrycache.expirytime = 600000ms (custom)
2021-01-06 16:47:10,957 [pool-1528-thread-1] INFO  server.RaftServerConfigKeys (ConfUtils.java:logGet(44)) - raft.server.retrycache.statistics.expirytime = 100?s (default)
2021-01-06 16:47:10,957 [pool-1528-thread-1] INFO  metrics.RatisMetrics (RatisMetrics.java:lambda$create$0(36)) - Creating Metrics Registry : ratis.leader_election.0c45c32f-b13d-44d6-bbf6-638a87f65fa5@group-E1E8F399534A
2021-01-06 16:47:10,957 [pool-1528-thread-1] INFO  metrics.RatisMetrics (RatisMetrics.java:lambda$create$0(36)) - Creating Metrics Registry : ratis.server.0c45c32f-b13d-44d6-bbf6-638a87f65fa5@group-E1E8F399534A
2021-01-06 16:47:10,959 [pool-1528-thread-1] INFO  server.RaftServer$Division (RaftServerImpl.java:start(286)) - 0c45c32f-b13d-44d6-bbf6-638a87f65fa5@group-E1E8F399534A: start as a follower, conf=-1: [b260e4ee-445a-4422-8fbe-3a6caa0392e6|rpc:172.17.0.2:45581|dataStream:, b3b9a181-77ef-445c-8f67-7418b9e03f94|rpc:172.17.0.2:34251|dataStream:, 0c45c32f-b13d-44d6-bbf6-638a87f65fa5|rpc:172.17.0.2:36969|dataStream:], old=null
2021-01-06 16:47:10,959 [pool-1528-thread-1] INFO  server.RaftServer$Division (RaftServerImpl.java:setRole(275)) - 0c45c32f-b13d-44d6-bbf6-638a87f65fa5@group-E1E8F399534A: changes role from      null to FOLLOWER at term 0 for startAsFollower
2021-01-06 16:47:10,959 [pool-1528-thread-1] INFO  impl.RoleInfo (RoleInfo.java:updateAndGet(130)) - 0c45c32f-b13d-44d6-bbf6-638a87f65fa5: start 0c45c32f-b13d-44d6-bbf6-638a87f65fa5@group-E1E8F399534A-FollowerState
2021-01-06 16:47:10,960 [pool-1528-thread-1] INFO  util.JmxRegister (JmxRegister.java:tryRegister(44)) - Successfully registered JMX Bean with object name Ratis:service=RaftServer,group=group-E1E8F399534A,id=0c45c32f-b13d-44d6-bbf6-638a87f65fa5
2021-01-06 16:47:10,960 [pool-1528-thread-1] INFO  metrics.RatisMetrics (RatisMetrics.java:lambda$create$0(36)) - Creating Metrics Registry : ratis.state_machine.0c45c32f-b13d-44d6-bbf6-638a87f65fa5@group-E1E8F399534A
2021-01-06 16:47:10,964 [Command processor thread] INFO  commandhandler.CreatePipelineCommandHandler (CreatePipelineCommandHandler.java:handle(106)) - Created Pipeline RATIS THREE PipelineID=91087ea0-1d77-4e3b-aed9-e1e8f399534a.
2021-01-06 16:47:11,051 [Command processor thread] INFO  server.RaftServer (RaftServerProxy.java:addNew(93)) - 0c45c32f-b13d-44d6-bbf6-638a87f65fa5: addNew group-8B2175EDBB9C:[0c45c32f-b13d-44d6-bbf6-638a87f65fa5|rpc:172.17.0.2:36969] returns group-8B2175EDBB9C:java.util.concurrent.CompletableFuture@6f863fd4[Not completed]
2021-01-06 16:47:11,052 [pool-1528-thread-1] INFO  server.RaftServer$Division (RaftServerImpl.java:<init>(173)) - 0c45c32f-b13d-44d6-bbf6-638a87f65fa5: new RaftServerImpl for group-8B2175EDBB9C:[0c45c32f-b13d-44d6-bbf6-638a87f65fa5|rpc:172.17.0.2:36969] with ContainerStateMachine:uninitialized
2021-01-06 16:47:11,052 [pool-1528-thread-1] INFO  server.RaftServerConfigKeys (ConfUtils.java:logGet(44)) - raft.server.rpc.timeout.min = 5s (custom)
2021-01-06 16:47:11,052 [pool-1528-thread-1] INFO  server.RaftServerConfigKeys (ConfUtils.java:logGet(44)) - raft.server.rpc.timeout.max = 5200ms (custom)
2021-01-06 16:47:11,052 [pool-1528-thread-1] INFO  server.RaftServerConfigKeys (ConfUtils.java:logGet(44)) - raft.server.rpc.sleep.time = 25ms (default)
2021-01-06 16:47:11,052 [pool-1528-thread-1] INFO  server.RaftServerConfigKeys (ConfUtils.java:logGet(44)) - raft.server.rpc.slowness.timeout = 300s (custom)
2021-01-06 16:47:11,052 [pool-1528-thread-1] INFO  server.RaftServerConfigKeys (ConfUtils.java:logGet(44)) - raft.server.leaderelection.leader.step-down.wait-time = 10s (default)
2021-01-06 16:47:11,052 [pool-1528-thread-1] INFO  server.RaftServerConfigKeys (ConfUtils.java:logGet(44)) - raft.server.sleep.deviation.threshold = 300ms (default)
2021-01-06 16:47:11,052 [pool-1528-thread-1] INFO  server.RaftServerConfigKeys (ConfUtils.java:logGet(44)) - raft.server.log.appender.install.snapshot.enabled = false (custom)
2021-01-06 16:47:11,052 [pool-1528-thread-1] INFO  server.RaftServer$Division (ServerState.java:<init>(104)) - 0c45c32f-b13d-44d6-bbf6-638a87f65fa5@group-8B2175EDBB9C: ConfigurationManager, init=-1: [0c45c32f-b13d-44d6-bbf6-638a87f65fa5|rpc:172.17.0.2:36969], old=null, confs=<EMPTY_MAP>
2021-01-06 16:47:11,052 [pool-1528-thread-1] INFO  server.RaftServerConfigKeys (ConfUtils.java:logGet(44)) - raft.server.storage.dir = [/github/workspace/mnt/ozone/hadoop-ozone/integration-test/target/test-dir/MiniOzoneClusterImpl-1d43af91-9f82-444b-8964-eb6d4844fd62/datanode-4/data/ratis] (custom)
2021-01-06 16:47:11,053 [pool-1528-thread-1] INFO  server.RaftServerConfigKeys (ConfUtils.java:logGet(44)) - raft.server.log.corruption.policy = EXCEPTION (default)
2021-01-06 16:47:11,053 [pool-1528-thread-1] INFO  storage.RaftStorageDirectory (RaftStorageDirectory.java:analyzeStorage(260)) - The storage directory /github/workspace/mnt/ozone/hadoop-ozone/integration-test/target/test-dir/MiniOzoneClusterImpl-1d43af91-9f82-444b-8964-eb6d4844fd62/datanode-4/data/ratis/1daff035-b3fc-408b-bb07-8b2175edbb9c does not exist. Creating ...
2021-01-06 16:47:11,054 [pool-1528-thread-1] INFO  storage.RaftStorageDirectory (RaftStorageDirectory.java:tryLock(342)) - Lock on /github/workspace/mnt/ozone/hadoop-ozone/integration-test/target/test-dir/MiniOzoneClusterImpl-1d43af91-9f82-444b-8964-eb6d4844fd62/datanode-4/data/ratis/1daff035-b3fc-408b-bb07-8b2175edbb9c/in_use.lock acquired by nodename 15613@d1d2f32d3d04
2021-01-06 16:47:11,054 [pool-1528-thread-1] INFO  storage.RaftStorage (RaftStorage.java:format(89)) - Storage directory /github/workspace/mnt/ozone/hadoop-ozone/integration-test/target/test-dir/MiniOzoneClusterImpl-1d43af91-9f82-444b-8964-eb6d4844fd62/datanode-4/data/ratis/1daff035-b3fc-408b-bb07-8b2175edbb9c has been successfully formatted.
2021-01-06 16:47:11,055 [pool-1528-thread-1] INFO  ratis.ContainerStateMachine (ContainerStateMachine.java:loadSnapshot(223)) - group-8B2175EDBB9C: The snapshot info is null. Setting the last applied indexto:(t:0, i:~)
2021-01-06 16:47:11,055 [pool-1528-thread-1] ERROR storage.RaftStorage (RaftStorage.java:readRaftConfiguration(152)) - Failed reading configuration from file:/github/workspace/mnt/ozone/hadoop-ozone/integration-test/target/test-dir/MiniOzoneClusterImpl-1d43af91-9f82-444b-8964-eb6d4844fd62/datanode-4/data/ratis/1daff035-b3fc-408b-bb07-8b2175edbb9c/current/raft-meta.conf
java.io.FileNotFoundException: /github/workspace/mnt/ozone/hadoop-ozone/integration-test/target/test-dir/MiniOzoneClusterImpl-1d43af91-9f82-444b-8964-eb6d4844fd62/datanode-4/data/ratis/1daff035-b3fc-408b-bb07-8b2175edbb9c/current/raft-meta.conf (No such file or directory)
	at java.io.FileInputStream.open0(Native Method)
	at java.io.FileInputStream.open(FileInputStream.java:195)
	at java.io.FileInputStream.<init>(FileInputStream.java:138)
	at org.apache.ratis.server.storage.RaftStorage.readRaftConfiguration(RaftStorage.java:148)
	at org.apache.ratis.server.impl.ServerState.initStatemachine(ServerState.java:167)
	at org.apache.ratis.server.impl.ServerState.<init>(ServerState.java:112)
	at org.apache.ratis.server.impl.RaftServerImpl.<init>(RaftServerImpl.java:186)
	at org.apache.ratis.server.impl.RaftServerProxy.lambda$newRaftServerImpl$4(RaftServerProxy.java:264)
	at java.util.concurrent.CompletableFuture$AsyncSupply.run(CompletableFuture.java:1604)
	at java.util.concurrent.ThreadPoolExecutor.runWorker(ThreadPoolExecutor.java:1149)
	at java.util.concurrent.ThreadPoolExecutor$Worker.run(ThreadPoolExecutor.java:624)
	at java.lang.Thread.run(Thread.java:748)
2021-01-06 16:47:11,055 [pool-1528-thread-1] INFO  server.RaftServerConfigKeys (ConfUtils.java:logGet(44)) - raft.server.notification.no-leader.timeout = 300s (custom)
2021-01-06 16:47:11,055 [pool-1528-thread-1] INFO  server.RaftServerConfigKeys (ConfUtils.java:logGet(44)) - raft.server.log.use.memory = false (default)
2021-01-06 16:47:11,055 [EventQueue-PipelineReportForOneReplicaPipelineSafeModeRule] INFO  safemode.SCMSafeModeManager (SCMSafeModeManager.java:validateSafeModeExitRules(214)) - AtleastOneDatanodeReportedRule rule is successfully validated
2021-01-06 16:47:11,055 [EventQueue-PipelineReportForPipelineReportHandler] INFO  pipeline.PipelineStateManager (PipelineStateManager.java:openPipeline(132)) - Pipeline Pipeline[ Id: 1daff035-b3fc-408b-bb07-8b2175edbb9c, Nodes: 0c45c32f-b13d-44d6-bbf6-638a87f65fa5{ip: 172.17.0.2, host: d1d2f32d3d04, networkLocation: /default-rack, certSerialId: null, persistedOpState: IN_SERVICE, persistedOpStateExpiryEpochSec: 0}, Type:RATIS, Factor:ONE, State:ALLOCATED, leaderId:0c45c32f-b13d-44d6-bbf6-638a87f65fa5, CreationTimestamp2021-01-06T16:47:08.053Z] moved to OPEN state
2021-01-06 16:47:11,056 [EventQueue-OpenPipelineForHealthyPipelineSafeModeRule] INFO  safemode.SCMSafeModeManager (HealthyPipelineSafeModeRule.java:process(128)) - SCM in safe mode. Healthy pipelines reported count is 0, required healthy pipeline reported count is 1
2021-01-06 16:47:11,056 [pool-1528-thread-1] INFO  server.RaftServerConfigKeys (ConfUtils.java:logGet(44)) - raft.server.log.purge.gap = 1000000 (custom)
2021-01-06 16:47:11,056 [pool-1528-thread-1] INFO  metrics.RatisMetrics (RatisMetrics.java:lambda$create$0(36)) - Creating Metrics Registry : ratis.log_worker.0c45c32f-b13d-44d6-bbf6-638a87f65fa5@group-8B2175EDBB9C
2021-01-06 16:47:11,056 [pool-1528-thread-1] INFO  server.RaftServerConfigKeys (ConfUtils.java:logGet(44)) - raft.server.log.appender.buffer.byte-limit = 33554432 (custom)
2021-01-06 16:47:11,056 [pool-1528-thread-1] INFO  server.RaftServerConfigKeys (ConfUtils.java:logGet(44)) - raft.server.log.segment.size.max = 1048576 (custom)
2021-01-06 16:47:11,057 [pool-1528-thread-1] INFO  server.RaftServerConfigKeys (ConfUtils.java:logGet(44)) - raft.server.log.segment.cache.num.max = 2 (custom)
2021-01-06 16:47:11,057 [pool-1528-thread-1] INFO  server.RaftServerConfigKeys (ConfUtils.java:logGet(44)) - raft.server.log.segment.cache.size.max = 200MB (=209715200) (default)
2021-01-06 16:47:11,057 [pool-1528-thread-1] INFO  segmented.SegmentedRaftLogWorker (SegmentedRaftLogWorker.java:<init>(181)) - new 0c45c32f-b13d-44d6-bbf6-638a87f65fa5@group-8B2175EDBB9C-SegmentedRaftLogWorker for RaftStorage:Storage Directory /github/workspace/mnt/ozone/hadoop-ozone/integration-test/target/test-dir/MiniOzoneClusterImpl-1d43af91-9f82-444b-8964-eb6d4844fd62/datanode-4/data/ratis/1daff035-b3fc-408b-bb07-8b2175edbb9c
2021-01-06 16:47:11,057 [pool-1528-thread-1] INFO  server.RaftServerConfigKeys (ConfUtils.java:logGet(44)) - raft.server.log.queue.byte-limit = 2147483647 (custom)
2021-01-06 16:47:11,057 [pool-1528-thread-1] INFO  server.RaftServerConfigKeys (ConfUtils.java:logGet(44)) - raft.server.log.queue.element-limit = 1024 (custom)
2021-01-06 16:47:11,057 [pool-1528-thread-1] INFO  server.RaftServerConfigKeys (ConfUtils.java:logGet(44)) - raft.server.log.segment.size.max = 1048576 (custom)
2021-01-06 16:47:11,057 [pool-1528-thread-1] INFO  server.RaftServerConfigKeys (ConfUtils.java:logGet(44)) - raft.server.log.preallocated.size = 16384 (custom)
2021-01-06 16:47:11,057 [pool-1528-thread-1] INFO  server.RaftServerConfigKeys (ConfUtils.java:logGet(44)) - raft.server.log.force.sync.num = 128 (default)
2021-01-06 16:47:11,058 [pool-1528-thread-1] INFO  server.RaftServerConfigKeys (ConfUtils.java:logGet(44)) - raft.server.log.statemachine.data.sync = true (default)
2021-01-06 16:47:11,058 [pool-1528-thread-1] INFO  server.RaftServerConfigKeys (ConfUtils.java:logGet(44)) - raft.server.log.statemachine.data.sync.timeout = 10s (default)
2021-01-06 16:47:11,058 [pool-1528-thread-1] INFO  server.RaftServerConfigKeys (ConfUtils.java:logGet(44)) - raft.server.log.statemachine.data.sync.timeout.retry = -1 (default)
2021-01-06 16:47:11,060 [pool-1528-thread-1] INFO  server.RaftServerConfigKeys (ConfUtils.java:logGet(44)) - raft.server.log.write.buffer.size = 1048576 (custom)
2021-01-06 16:47:11,060 [pool-1528-thread-1] INFO  server.RaftServerConfigKeys (ConfUtils.java:logGet(44)) - raft.server.log.statemachine.data.caching.enabled = true (custom)
2021-01-06 16:47:11,060 [pool-1528-thread-1] INFO  segmented.SegmentedRaftLogWorker (SegmentedRaftLogWorker.java:lambda$new$0(132)) - 0c45c32f-b13d-44d6-bbf6-638a87f65fa5@group-8B2175EDBB9C-SegmentedRaftLogWorker: flushIndex: setUnconditionally 0 -> -1
2021-01-06 16:47:11,061 [pool-1528-thread-1] INFO  segmented.SegmentedRaftLogWorker (SegmentedRaftLogWorker.java:lambda$new$0(132)) - 0c45c32f-b13d-44d6-bbf6-638a87f65fa5@group-8B2175EDBB9C-SegmentedRaftLogWorker: safeCacheEvictIndex: setUnconditionally 0 -> -1
2021-01-06 16:47:11,061 [pool-1528-thread-1] INFO  server.RaftServerConfigKeys (ConfUtils.java:logGet(44)) - raft.server.snapshot.auto.trigger.enabled = true (custom)
2021-01-06 16:47:11,061 [pool-1528-thread-1] INFO  server.RaftServerConfigKeys (ConfUtils.java:logGet(44)) - raft.server.snapshot.auto.trigger.threshold = 10000 (custom)
2021-01-06 16:47:11,061 [pool-1528-thread-1] INFO  server.RaftServerConfigKeys (ConfUtils.java:logGet(44)) - raft.server.snapshot.retention.file.num = 5 (custom)
2021-01-06 16:47:11,061 [pool-1528-thread-1] INFO  server.RaftServerConfigKeys (ConfUtils.java:logGet(44)) - raft.server.log.purge.upto.snapshot.index = false (default)
2021-01-06 16:47:11,061 [pool-1528-thread-1] INFO  server.RaftServerConfigKeys (ConfUtils.java:logGet(44)) - raft.server.retrycache.expirytime = 600000ms (custom)
2021-01-06 16:47:11,061 [pool-1528-thread-1] INFO  server.RaftServerConfigKeys (ConfUtils.java:logGet(44)) - raft.server.retrycache.statistics.expirytime = 100?s (default)
2021-01-06 16:47:11,061 [pool-1528-thread-1] INFO  metrics.RatisMetrics (RatisMetrics.java:lambda$create$0(36)) - Creating Metrics Registry : ratis.leader_election.0c45c32f-b13d-44d6-bbf6-638a87f65fa5@group-8B2175EDBB9C
2021-01-06 16:47:11,062 [pool-1528-thread-1] INFO  metrics.RatisMetrics (RatisMetrics.java:lambda$create$0(36)) - Creating Metrics Registry : ratis.server.0c45c32f-b13d-44d6-bbf6-638a87f65fa5@group-8B2175EDBB9C
2021-01-06 16:47:11,063 [pool-1528-thread-1] INFO  server.RaftServer$Division (RaftServerImpl.java:start(286)) - 0c45c32f-b13d-44d6-bbf6-638a87f65fa5@group-8B2175EDBB9C: start as a follower, conf=-1: [0c45c32f-b13d-44d6-bbf6-638a87f65fa5|rpc:172.17.0.2:36969], old=null
2021-01-06 16:47:11,064 [pool-1528-thread-1] INFO  server.RaftServer$Division (RaftServerImpl.java:setRole(275)) - 0c45c32f-b13d-44d6-bbf6-638a87f65fa5@group-8B2175EDBB9C: changes role from      null to FOLLOWER at term 0 for startAsFollower
2021-01-06 16:47:11,064 [pool-1528-thread-1] INFO  impl.RoleInfo (RoleInfo.java:updateAndGet(130)) - 0c45c32f-b13d-44d6-bbf6-638a87f65fa5: start 0c45c32f-b13d-44d6-bbf6-638a87f65fa5@group-8B2175EDBB9C-FollowerState
2021-01-06 16:47:11,064 [pool-1528-thread-1] INFO  util.JmxRegister (JmxRegister.java:tryRegister(44)) - Successfully registered JMX Bean with object name Ratis:service=RaftServer,group=group-8B2175EDBB9C,id=0c45c32f-b13d-44d6-bbf6-638a87f65fa5
2021-01-06 16:47:11,064 [pool-1528-thread-1] INFO  metrics.RatisMetrics (RatisMetrics.java:lambda$create$0(36)) - Creating Metrics Registry : ratis.state_machine.0c45c32f-b13d-44d6-bbf6-638a87f65fa5@group-8B2175EDBB9C
2021-01-06 16:47:11,065 [Command processor thread] INFO  commandhandler.CreatePipelineCommandHandler (CreatePipelineCommandHandler.java:handle(106)) - Created Pipeline RATIS ONE PipelineID=1daff035-b3fc-408b-bb07-8b2175edbb9c.
2021-01-06 16:47:11,217 [Listener at 127.0.0.1/40037] INFO  ozone.MiniOzoneClusterImpl (MiniOzoneClusterImpl.java:lambda$waitForClusterToBeReady$0(179)) - Nodes are ready. Got 6 of 6 DN Heartbeats.
2021-01-06 16:47:11,217 [Listener at 127.0.0.1/40037] INFO  ozone.MiniOzoneClusterImpl (MiniOzoneClusterImpl.java:lambda$waitForClusterToBeReady$0(182)) - Waiting for cluster to exit safe mode
2021-01-06 16:47:11,221 [Command processor thread] INFO  server.RaftServer (RaftServerProxy.java:addNew(93)) - b3b9a181-77ef-445c-8f67-7418b9e03f94: addNew group-0CF1A164F156:[b3b9a181-77ef-445c-8f67-7418b9e03f94|rpc:172.17.0.2:34251] returns group-0CF1A164F156:java.util.concurrent.CompletableFuture@165f6743[Not completed]
2021-01-06 16:47:11,222 [pool-1544-thread-1] INFO  server.RaftServer$Division (RaftServerImpl.java:<init>(173)) - b3b9a181-77ef-445c-8f67-7418b9e03f94: new RaftServerImpl for group-0CF1A164F156:[b3b9a181-77ef-445c-8f67-7418b9e03f94|rpc:172.17.0.2:34251] with ContainerStateMachine:uninitialized
2021-01-06 16:47:11,222 [pool-1544-thread-1] INFO  server.RaftServerConfigKeys (ConfUtils.java:logGet(44)) - raft.server.rpc.timeout.min = 5s (custom)
2021-01-06 16:47:11,222 [pool-1544-thread-1] INFO  server.RaftServerConfigKeys (ConfUtils.java:logGet(44)) - raft.server.rpc.timeout.max = 5200ms (custom)
2021-01-06 16:47:11,222 [pool-1544-thread-1] INFO  server.RaftServerConfigKeys (ConfUtils.java:logGet(44)) - raft.server.rpc.sleep.time = 25ms (default)
2021-01-06 16:47:11,222 [pool-1544-thread-1] INFO  server.RaftServerConfigKeys (ConfUtils.java:logGet(44)) - raft.server.rpc.slowness.timeout = 300s (custom)
2021-01-06 16:47:11,222 [pool-1544-thread-1] INFO  server.RaftServerConfigKeys (ConfUtils.java:logGet(44)) - raft.server.leaderelection.leader.step-down.wait-time = 10s (default)
2021-01-06 16:47:11,222 [pool-1544-thread-1] INFO  server.RaftServerConfigKeys (ConfUtils.java:logGet(44)) - raft.server.sleep.deviation.threshold = 300ms (default)
2021-01-06 16:47:11,222 [pool-1544-thread-1] INFO  server.RaftServerConfigKeys (ConfUtils.java:logGet(44)) - raft.server.log.appender.install.snapshot.enabled = false (custom)
2021-01-06 16:47:11,222 [pool-1544-thread-1] INFO  server.RaftServer$Division (ServerState.java:<init>(104)) - b3b9a181-77ef-445c-8f67-7418b9e03f94@group-0CF1A164F156: ConfigurationManager, init=-1: [b3b9a181-77ef-445c-8f67-7418b9e03f94|rpc:172.17.0.2:34251], old=null, confs=<EMPTY_MAP>
2021-01-06 16:47:11,222 [pool-1544-thread-1] INFO  server.RaftServerConfigKeys (ConfUtils.java:logGet(44)) - raft.server.storage.dir = [/github/workspace/mnt/ozone/hadoop-ozone/integration-test/target/test-dir/MiniOzoneClusterImpl-1d43af91-9f82-444b-8964-eb6d4844fd62/datanode-5/data/ratis] (custom)
2021-01-06 16:47:11,222 [pool-1544-thread-1] INFO  server.RaftServerConfigKeys (ConfUtils.java:logGet(44)) - raft.server.log.corruption.policy = EXCEPTION (default)
2021-01-06 16:47:11,222 [pool-1544-thread-1] INFO  storage.RaftStorageDirectory (RaftStorageDirectory.java:analyzeStorage(260)) - The storage directory /github/workspace/mnt/ozone/hadoop-ozone/integration-test/target/test-dir/MiniOzoneClusterImpl-1d43af91-9f82-444b-8964-eb6d4844fd62/datanode-5/data/ratis/a8b4bb36-4b5d-436f-be76-0cf1a164f156 does not exist. Creating ...
2021-01-06 16:47:11,223 [pool-1544-thread-1] INFO  storage.RaftStorageDirectory (RaftStorageDirectory.java:tryLock(342)) - Lock on /github/workspace/mnt/ozone/hadoop-ozone/integration-test/target/test-dir/MiniOzoneClusterImpl-1d43af91-9f82-444b-8964-eb6d4844fd62/datanode-5/data/ratis/a8b4bb36-4b5d-436f-be76-0cf1a164f156/in_use.lock acquired by nodename 15613@d1d2f32d3d04
2021-01-06 16:47:11,224 [pool-1544-thread-1] INFO  storage.RaftStorage (RaftStorage.java:format(89)) - Storage directory /github/workspace/mnt/ozone/hadoop-ozone/integration-test/target/test-dir/MiniOzoneClusterImpl-1d43af91-9f82-444b-8964-eb6d4844fd62/datanode-5/data/ratis/a8b4bb36-4b5d-436f-be76-0cf1a164f156 has been successfully formatted.
2021-01-06 16:47:11,224 [pool-1544-thread-1] INFO  ratis.ContainerStateMachine (ContainerStateMachine.java:loadSnapshot(223)) - group-0CF1A164F156: The snapshot info is null. Setting the last applied indexto:(t:0, i:~)
2021-01-06 16:47:11,224 [pool-1544-thread-1] ERROR storage.RaftStorage (RaftStorage.java:readRaftConfiguration(152)) - Failed reading configuration from file:/github/workspace/mnt/ozone/hadoop-ozone/integration-test/target/test-dir/MiniOzoneClusterImpl-1d43af91-9f82-444b-8964-eb6d4844fd62/datanode-5/data/ratis/a8b4bb36-4b5d-436f-be76-0cf1a164f156/current/raft-meta.conf
java.io.FileNotFoundException: /github/workspace/mnt/ozone/hadoop-ozone/integration-test/target/test-dir/MiniOzoneClusterImpl-1d43af91-9f82-444b-8964-eb6d4844fd62/datanode-5/data/ratis/a8b4bb36-4b5d-436f-be76-0cf1a164f156/current/raft-meta.conf (No such file or directory)
	at java.io.FileInputStream.open0(Native Method)
	at java.io.FileInputStream.open(FileInputStream.java:195)
	at java.io.FileInputStream.<init>(FileInputStream.java:138)
	at org.apache.ratis.server.storage.RaftStorage.readRaftConfiguration(RaftStorage.java:148)
	at org.apache.ratis.server.impl.ServerState.initStatemachine(ServerState.java:167)
	at org.apache.ratis.server.impl.ServerState.<init>(ServerState.java:112)
	at org.apache.ratis.server.impl.RaftServerImpl.<init>(RaftServerImpl.java:186)
	at org.apache.ratis.server.impl.RaftServerProxy.lambda$newRaftServerImpl$4(RaftServerProxy.java:264)
	at java.util.concurrent.CompletableFuture$AsyncSupply.run(CompletableFuture.java:1604)
	at java.util.concurrent.ThreadPoolExecutor.runWorker(ThreadPoolExecutor.java:1149)
	at java.util.concurrent.ThreadPoolExecutor$Worker.run(ThreadPoolExecutor.java:624)
	at java.lang.Thread.run(Thread.java:748)
2021-01-06 16:47:11,225 [EventQueue-PipelineReportForOneReplicaPipelineSafeModeRule] INFO  safemode.SCMSafeModeManager (SCMSafeModeManager.java:validateSafeModeExitRules(214)) - AtleastOneDatanodeReportedRule rule is successfully validated
2021-01-06 16:47:11,225 [EventQueue-PipelineReportForPipelineReportHandler] INFO  pipeline.PipelineStateManager (PipelineStateManager.java:openPipeline(132)) - Pipeline Pipeline[ Id: a8b4bb36-4b5d-436f-be76-0cf1a164f156, Nodes: b3b9a181-77ef-445c-8f67-7418b9e03f94{ip: 172.17.0.2, host: d1d2f32d3d04, networkLocation: /default-rack, certSerialId: null, persistedOpState: IN_SERVICE, persistedOpStateExpiryEpochSec: 0}, Type:RATIS, Factor:ONE, State:ALLOCATED, leaderId:b3b9a181-77ef-445c-8f67-7418b9e03f94, CreationTimestamp2021-01-06T16:47:08.222Z] moved to OPEN state
2021-01-06 16:47:11,230 [EventQueue-OpenPipelineForHealthyPipelineSafeModeRule] INFO  safemode.SCMSafeModeManager (HealthyPipelineSafeModeRule.java:process(128)) - SCM in safe mode. Healthy pipelines reported count is 0, required healthy pipeline reported count is 1
2021-01-06 16:47:11,230 [pool-1544-thread-1] INFO  server.RaftServerConfigKeys (ConfUtils.java:logGet(44)) - raft.server.notification.no-leader.timeout = 300s (custom)
2021-01-06 16:47:11,230 [pool-1544-thread-1] INFO  server.RaftServerConfigKeys (ConfUtils.java:logGet(44)) - raft.server.log.use.memory = false (default)
2021-01-06 16:47:11,231 [pool-1544-thread-1] INFO  server.RaftServerConfigKeys (ConfUtils.java:logGet(44)) - raft.server.log.purge.gap = 1000000 (custom)
2021-01-06 16:47:11,231 [pool-1544-thread-1] INFO  metrics.RatisMetrics (RatisMetrics.java:lambda$create$0(36)) - Creating Metrics Registry : ratis.log_worker.b3b9a181-77ef-445c-8f67-7418b9e03f94@group-0CF1A164F156
2021-01-06 16:47:11,231 [pool-1544-thread-1] INFO  server.RaftServerConfigKeys (ConfUtils.java:logGet(44)) - raft.server.log.appender.buffer.byte-limit = 33554432 (custom)
2021-01-06 16:47:11,231 [pool-1544-thread-1] INFO  server.RaftServerConfigKeys (ConfUtils.java:logGet(44)) - raft.server.log.segment.size.max = 1048576 (custom)
2021-01-06 16:47:11,232 [pool-1544-thread-1] INFO  server.RaftServerConfigKeys (ConfUtils.java:logGet(44)) - raft.server.log.segment.cache.num.max = 2 (custom)
2021-01-06 16:47:11,232 [pool-1544-thread-1] INFO  server.RaftServerConfigKeys (ConfUtils.java:logGet(44)) - raft.server.log.segment.cache.size.max = 200MB (=209715200) (default)
2021-01-06 16:47:11,232 [pool-1544-thread-1] INFO  segmented.SegmentedRaftLogWorker (SegmentedRaftLogWorker.java:<init>(181)) - new b3b9a181-77ef-445c-8f67-7418b9e03f94@group-0CF1A164F156-SegmentedRaftLogWorker for RaftStorage:Storage Directory /github/workspace/mnt/ozone/hadoop-ozone/integration-test/target/test-dir/MiniOzoneClusterImpl-1d43af91-9f82-444b-8964-eb6d4844fd62/datanode-5/data/ratis/a8b4bb36-4b5d-436f-be76-0cf1a164f156
2021-01-06 16:47:11,232 [pool-1544-thread-1] INFO  server.RaftServerConfigKeys (ConfUtils.java:logGet(44)) - raft.server.log.queue.byte-limit = 2147483647 (custom)
2021-01-06 16:47:11,232 [pool-1544-thread-1] INFO  server.RaftServerConfigKeys (ConfUtils.java:logGet(44)) - raft.server.log.queue.element-limit = 1024 (custom)
2021-01-06 16:47:11,232 [pool-1544-thread-1] INFO  server.RaftServerConfigKeys (ConfUtils.java:logGet(44)) - raft.server.log.segment.size.max = 1048576 (custom)
2021-01-06 16:47:11,232 [pool-1544-thread-1] INFO  server.RaftServerConfigKeys (ConfUtils.java:logGet(44)) - raft.server.log.preallocated.size = 16384 (custom)
2021-01-06 16:47:11,232 [pool-1544-thread-1] INFO  server.RaftServerConfigKeys (ConfUtils.java:logGet(44)) - raft.server.log.force.sync.num = 128 (default)
2021-01-06 16:47:11,232 [pool-1544-thread-1] INFO  server.RaftServerConfigKeys (ConfUtils.java:logGet(44)) - raft.server.log.statemachine.data.sync = true (default)
2021-01-06 16:47:11,232 [pool-1544-thread-1] INFO  server.RaftServerConfigKeys (ConfUtils.java:logGet(44)) - raft.server.log.statemachine.data.sync.timeout = 10s (default)
2021-01-06 16:47:11,232 [pool-1544-thread-1] INFO  server.RaftServerConfigKeys (ConfUtils.java:logGet(44)) - raft.server.log.statemachine.data.sync.timeout.retry = -1 (default)
2021-01-06 16:47:11,234 [pool-1544-thread-1] INFO  server.RaftServerConfigKeys (ConfUtils.java:logGet(44)) - raft.server.log.write.buffer.size = 1048576 (custom)
2021-01-06 16:47:11,234 [pool-1544-thread-1] INFO  server.RaftServerConfigKeys (ConfUtils.java:logGet(44)) - raft.server.log.statemachine.data.caching.enabled = true (custom)
2021-01-06 16:47:11,235 [pool-1544-thread-1] INFO  segmented.SegmentedRaftLogWorker (SegmentedRaftLogWorker.java:lambda$new$0(132)) - b3b9a181-77ef-445c-8f67-7418b9e03f94@group-0CF1A164F156-SegmentedRaftLogWorker: flushIndex: setUnconditionally 0 -> -1
2021-01-06 16:47:11,235 [pool-1544-thread-1] INFO  segmented.SegmentedRaftLogWorker (SegmentedRaftLogWorker.java:lambda$new$0(132)) - b3b9a181-77ef-445c-8f67-7418b9e03f94@group-0CF1A164F156-SegmentedRaftLogWorker: safeCacheEvictIndex: setUnconditionally 0 -> -1
2021-01-06 16:47:11,235 [pool-1544-thread-1] INFO  server.RaftServerConfigKeys (ConfUtils.java:logGet(44)) - raft.server.snapshot.auto.trigger.enabled = true (custom)
2021-01-06 16:47:11,235 [pool-1544-thread-1] INFO  server.RaftServerConfigKeys (ConfUtils.java:logGet(44)) - raft.server.snapshot.auto.trigger.threshold = 10000 (custom)
2021-01-06 16:47:11,235 [pool-1544-thread-1] INFO  server.RaftServerConfigKeys (ConfUtils.java:logGet(44)) - raft.server.snapshot.retention.file.num = 5 (custom)
2021-01-06 16:47:11,235 [pool-1544-thread-1] INFO  server.RaftServerConfigKeys (ConfUtils.java:logGet(44)) - raft.server.log.purge.upto.snapshot.index = false (default)
2021-01-06 16:47:11,235 [pool-1544-thread-1] INFO  server.RaftServerConfigKeys (ConfUtils.java:logGet(44)) - raft.server.retrycache.expirytime = 600000ms (custom)
2021-01-06 16:47:11,235 [pool-1544-thread-1] INFO  server.RaftServerConfigKeys (ConfUtils.java:logGet(44)) - raft.server.retrycache.statistics.expirytime = 100?s (default)
2021-01-06 16:47:11,235 [pool-1544-thread-1] INFO  metrics.RatisMetrics (RatisMetrics.java:lambda$create$0(36)) - Creating Metrics Registry : ratis.leader_election.b3b9a181-77ef-445c-8f67-7418b9e03f94@group-0CF1A164F156
2021-01-06 16:47:11,236 [pool-1544-thread-1] INFO  metrics.RatisMetrics (RatisMetrics.java:lambda$create$0(36)) - Creating Metrics Registry : ratis.server.b3b9a181-77ef-445c-8f67-7418b9e03f94@group-0CF1A164F156
2021-01-06 16:47:11,238 [pool-1544-thread-1] INFO  server.RaftServer$Division (RaftServerImpl.java:start(286)) - b3b9a181-77ef-445c-8f67-7418b9e03f94@group-0CF1A164F156: start as a follower, conf=-1: [b3b9a181-77ef-445c-8f67-7418b9e03f94|rpc:172.17.0.2:34251], old=null
2021-01-06 16:47:11,238 [pool-1544-thread-1] INFO  server.RaftServer$Division (RaftServerImpl.java:setRole(275)) - b3b9a181-77ef-445c-8f67-7418b9e03f94@group-0CF1A164F156: changes role from      null to FOLLOWER at term 0 for startAsFollower
2021-01-06 16:47:11,238 [pool-1544-thread-1] INFO  impl.RoleInfo (RoleInfo.java:updateAndGet(130)) - b3b9a181-77ef-445c-8f67-7418b9e03f94: start b3b9a181-77ef-445c-8f67-7418b9e03f94@group-0CF1A164F156-FollowerState
2021-01-06 16:47:11,238 [pool-1544-thread-1] INFO  util.JmxRegister (JmxRegister.java:tryRegister(44)) - Successfully registered JMX Bean with object name Ratis:service=RaftServer,group=group-0CF1A164F156,id=b3b9a181-77ef-445c-8f67-7418b9e03f94
2021-01-06 16:47:11,238 [pool-1544-thread-1] INFO  metrics.RatisMetrics (RatisMetrics.java:lambda$create$0(36)) - Creating Metrics Registry : ratis.state_machine.b3b9a181-77ef-445c-8f67-7418b9e03f94@group-0CF1A164F156
2021-01-06 16:47:11,239 [Command processor thread] INFO  commandhandler.CreatePipelineCommandHandler (CreatePipelineCommandHandler.java:handle(106)) - Created Pipeline RATIS ONE PipelineID=a8b4bb36-4b5d-436f-be76-0cf1a164f156.
2021-01-06 16:47:11,414 [EventQueue-PipelineReportForOneReplicaPipelineSafeModeRule] INFO  safemode.SCMSafeModeManager (SCMSafeModeManager.java:validateSafeModeExitRules(214)) - AtleastOneDatanodeReportedRule rule is successfully validated
2021-01-06 16:47:11,414 [EventQueue-OpenPipelineForHealthyPipelineSafeModeRule] INFO  safemode.SCMSafeModeManager (HealthyPipelineSafeModeRule.java:process(128)) - SCM in safe mode. Healthy pipelines reported count is 0, required healthy pipeline reported count is 1
2021-01-06 16:47:11,559 [EventQueue-OpenPipelineForHealthyPipelineSafeModeRule] INFO  safemode.SCMSafeModeManager (HealthyPipelineSafeModeRule.java:process(128)) - SCM in safe mode. Healthy pipelines reported count is 0, required healthy pipeline reported count is 1
2021-01-06 16:47:11,559 [EventQueue-PipelineReportForOneReplicaPipelineSafeModeRule] INFO  safemode.SCMSafeModeManager (SCMSafeModeManager.java:validateSafeModeExitRules(214)) - AtleastOneDatanodeReportedRule rule is successfully validated
2021-01-06 16:47:11,723 [EventQueue-PipelineReportForOneReplicaPipelineSafeModeRule] INFO  safemode.SCMSafeModeManager (SCMSafeModeManager.java:validateSafeModeExitRules(214)) - AtleastOneDatanodeReportedRule rule is successfully validated
2021-01-06 16:47:11,724 [EventQueue-OpenPipelineForHealthyPipelineSafeModeRule] INFO  safemode.SCMSafeModeManager (HealthyPipelineSafeModeRule.java:process(128)) - SCM in safe mode. Healthy pipelines reported count is 0, required healthy pipeline reported count is 1
2021-01-06 16:47:11,906 [EventQueue-OpenPipelineForHealthyPipelineSafeModeRule] INFO  safemode.SCMSafeModeManager (HealthyPipelineSafeModeRule.java:process(128)) - SCM in safe mode. Healthy pipelines reported count is 0, required healthy pipeline reported count is 1
2021-01-06 16:47:11,906 [EventQueue-PipelineReportForOneReplicaPipelineSafeModeRule] INFO  safemode.SCMSafeModeManager (SCMSafeModeManager.java:validateSafeModeExitRules(214)) - AtleastOneDatanodeReportedRule rule is successfully validated
2021-01-06 16:47:12,055 [EventQueue-PipelineReportForOneReplicaPipelineSafeModeRule] INFO  safemode.SCMSafeModeManager (SCMSafeModeManager.java:validateSafeModeExitRules(214)) - AtleastOneDatanodeReportedRule rule is successfully validated
2021-01-06 16:47:12,055 [EventQueue-OpenPipelineForHealthyPipelineSafeModeRule] INFO  safemode.SCMSafeModeManager (HealthyPipelineSafeModeRule.java:process(128)) - SCM in safe mode. Healthy pipelines reported count is 0, required healthy pipeline reported count is 1
2021-01-06 16:47:12,218 [Listener at 127.0.0.1/40037] INFO  ozone.MiniOzoneClusterImpl (MiniOzoneClusterImpl.java:lambda$waitForClusterToBeReady$0(179)) - Nodes are ready. Got 6 of 6 DN Heartbeats.
2021-01-06 16:47:12,218 [Listener at 127.0.0.1/40037] INFO  ozone.MiniOzoneClusterImpl (MiniOzoneClusterImpl.java:lambda$waitForClusterToBeReady$0(182)) - Waiting for cluster to exit safe mode
2021-01-06 16:47:12,225 [EventQueue-PipelineReportForOneReplicaPipelineSafeModeRule] INFO  safemode.SCMSafeModeManager (SCMSafeModeManager.java:validateSafeModeExitRules(214)) - AtleastOneDatanodeReportedRule rule is successfully validated
2021-01-06 16:47:12,225 [EventQueue-OpenPipelineForHealthyPipelineSafeModeRule] INFO  safemode.SCMSafeModeManager (HealthyPipelineSafeModeRule.java:process(128)) - SCM in safe mode. Healthy pipelines reported count is 0, required healthy pipeline reported count is 1
2021-01-06 16:47:12,414 [EventQueue-OpenPipelineForHealthyPipelineSafeModeRule] INFO  safemode.SCMSafeModeManager (HealthyPipelineSafeModeRule.java:process(128)) - SCM in safe mode. Healthy pipelines reported count is 0, required healthy pipeline reported count is 1
2021-01-06 16:47:12,414 [EventQueue-PipelineReportForOneReplicaPipelineSafeModeRule] INFO  safemode.SCMSafeModeManager (SCMSafeModeManager.java:validateSafeModeExitRules(214)) - AtleastOneDatanodeReportedRule rule is successfully validated
2021-01-06 16:47:12,559 [EventQueue-OpenPipelineForHealthyPipelineSafeModeRule] INFO  safemode.SCMSafeModeManager (HealthyPipelineSafeModeRule.java:process(128)) - SCM in safe mode. Healthy pipelines reported count is 0, required healthy pipeline reported count is 1
2021-01-06 16:47:12,559 [EventQueue-PipelineReportForOneReplicaPipelineSafeModeRule] INFO  safemode.SCMSafeModeManager (SCMSafeModeManager.java:validateSafeModeExitRules(214)) - AtleastOneDatanodeReportedRule rule is successfully validated
2021-01-06 16:47:12,723 [EventQueue-PipelineReportForOneReplicaPipelineSafeModeRule] INFO  safemode.SCMSafeModeManager (SCMSafeModeManager.java:validateSafeModeExitRules(214)) - AtleastOneDatanodeReportedRule rule is successfully validated
2021-01-06 16:47:12,723 [EventQueue-OpenPipelineForHealthyPipelineSafeModeRule] INFO  safemode.SCMSafeModeManager (HealthyPipelineSafeModeRule.java:process(128)) - SCM in safe mode. Healthy pipelines reported count is 0, required healthy pipeline reported count is 1
2021-01-06 16:47:12,907 [EventQueue-OpenPipelineForHealthyPipelineSafeModeRule] INFO  safemode.SCMSafeModeManager (HealthyPipelineSafeModeRule.java:process(128)) - SCM in safe mode. Healthy pipelines reported count is 0, required healthy pipeline reported count is 1
2021-01-06 16:47:12,907 [EventQueue-PipelineReportForOneReplicaPipelineSafeModeRule] INFO  safemode.SCMSafeModeManager (SCMSafeModeManager.java:validateSafeModeExitRules(214)) - AtleastOneDatanodeReportedRule rule is successfully validated
2021-01-06 16:47:13,055 [EventQueue-PipelineReportForOneReplicaPipelineSafeModeRule] INFO  safemode.SCMSafeModeManager (SCMSafeModeManager.java:validateSafeModeExitRules(214)) - AtleastOneDatanodeReportedRule rule is successfully validated
2021-01-06 16:47:13,055 [EventQueue-OpenPipelineForHealthyPipelineSafeModeRule] INFO  safemode.SCMSafeModeManager (HealthyPipelineSafeModeRule.java:process(128)) - SCM in safe mode. Healthy pipelines reported count is 0, required healthy pipeline reported count is 1
2021-01-06 16:47:13,218 [Listener at 127.0.0.1/40037] INFO  ozone.MiniOzoneClusterImpl (MiniOzoneClusterImpl.java:lambda$waitForClusterToBeReady$0(179)) - Nodes are ready. Got 6 of 6 DN Heartbeats.
2021-01-06 16:47:13,218 [Listener at 127.0.0.1/40037] INFO  ozone.MiniOzoneClusterImpl (MiniOzoneClusterImpl.java:lambda$waitForClusterToBeReady$0(182)) - Waiting for cluster to exit safe mode
2021-01-06 16:47:13,226 [EventQueue-PipelineReportForOneReplicaPipelineSafeModeRule] INFO  safemode.SCMSafeModeManager (SCMSafeModeManager.java:validateSafeModeExitRules(214)) - AtleastOneDatanodeReportedRule rule is successfully validated
2021-01-06 16:47:13,226 [EventQueue-OpenPipelineForHealthyPipelineSafeModeRule] INFO  safemode.SCMSafeModeManager (HealthyPipelineSafeModeRule.java:process(128)) - SCM in safe mode. Healthy pipelines reported count is 0, required healthy pipeline reported count is 1
2021-01-06 16:47:13,414 [EventQueue-PipelineReportForOneReplicaPipelineSafeModeRule] INFO  safemode.SCMSafeModeManager (SCMSafeModeManager.java:validateSafeModeExitRules(214)) - AtleastOneDatanodeReportedRule rule is successfully validated
2021-01-06 16:47:13,414 [EventQueue-OpenPipelineForHealthyPipelineSafeModeRule] INFO  safemode.SCMSafeModeManager (HealthyPipelineSafeModeRule.java:process(128)) - SCM in safe mode. Healthy pipelines reported count is 0, required healthy pipeline reported count is 1
2021-01-06 16:47:13,559 [EventQueue-OpenPipelineForHealthyPipelineSafeModeRule] INFO  safemode.SCMSafeModeManager (HealthyPipelineSafeModeRule.java:process(128)) - SCM in safe mode. Healthy pipelines reported count is 0, required healthy pipeline reported count is 1
2021-01-06 16:47:13,559 [EventQueue-PipelineReportForOneReplicaPipelineSafeModeRule] INFO  safemode.SCMSafeModeManager (SCMSafeModeManager.java:validateSafeModeExitRules(214)) - AtleastOneDatanodeReportedRule rule is successfully validated
2021-01-06 16:47:13,723 [EventQueue-OpenPipelineForHealthyPipelineSafeModeRule] INFO  safemode.SCMSafeModeManager (HealthyPipelineSafeModeRule.java:process(128)) - SCM in safe mode. Healthy pipelines reported count is 0, required healthy pipeline reported count is 1
2021-01-06 16:47:13,723 [EventQueue-PipelineReportForOneReplicaPipelineSafeModeRule] INFO  safemode.SCMSafeModeManager (SCMSafeModeManager.java:validateSafeModeExitRules(214)) - AtleastOneDatanodeReportedRule rule is successfully validated
2021-01-06 16:47:13,908 [EventQueue-PipelineReportForOneReplicaPipelineSafeModeRule] INFO  safemode.SCMSafeModeManager (SCMSafeModeManager.java:validateSafeModeExitRules(214)) - AtleastOneDatanodeReportedRule rule is successfully validated
2021-01-06 16:47:13,908 [EventQueue-OpenPipelineForHealthyPipelineSafeModeRule] INFO  safemode.SCMSafeModeManager (HealthyPipelineSafeModeRule.java:process(128)) - SCM in safe mode. Healthy pipelines reported count is 0, required healthy pipeline reported count is 1
2021-01-06 16:47:14,055 [EventQueue-PipelineReportForOneReplicaPipelineSafeModeRule] INFO  safemode.SCMSafeModeManager (SCMSafeModeManager.java:validateSafeModeExitRules(214)) - AtleastOneDatanodeReportedRule rule is successfully validated
2021-01-06 16:47:14,055 [EventQueue-OpenPipelineForHealthyPipelineSafeModeRule] INFO  safemode.SCMSafeModeManager (HealthyPipelineSafeModeRule.java:process(128)) - SCM in safe mode. Healthy pipelines reported count is 0, required healthy pipeline reported count is 1
2021-01-06 16:47:14,218 [Listener at 127.0.0.1/40037] INFO  ozone.MiniOzoneClusterImpl (MiniOzoneClusterImpl.java:lambda$waitForClusterToBeReady$0(179)) - Nodes are ready. Got 6 of 6 DN Heartbeats.
2021-01-06 16:47:14,219 [Listener at 127.0.0.1/40037] INFO  ozone.MiniOzoneClusterImpl (MiniOzoneClusterImpl.java:lambda$waitForClusterToBeReady$0(182)) - Waiting for cluster to exit safe mode
2021-01-06 16:47:14,226 [EventQueue-OpenPipelineForHealthyPipelineSafeModeRule] INFO  safemode.SCMSafeModeManager (HealthyPipelineSafeModeRule.java:process(128)) - SCM in safe mode. Healthy pipelines reported count is 0, required healthy pipeline reported count is 1
2021-01-06 16:47:14,226 [EventQueue-PipelineReportForOneReplicaPipelineSafeModeRule] INFO  safemode.SCMSafeModeManager (SCMSafeModeManager.java:validateSafeModeExitRules(214)) - AtleastOneDatanodeReportedRule rule is successfully validated
2021-01-06 16:47:14,414 [EventQueue-PipelineReportForOneReplicaPipelineSafeModeRule] INFO  safemode.SCMSafeModeManager (SCMSafeModeManager.java:validateSafeModeExitRules(214)) - AtleastOneDatanodeReportedRule rule is successfully validated
2021-01-06 16:47:14,414 [EventQueue-OpenPipelineForHealthyPipelineSafeModeRule] INFO  safemode.SCMSafeModeManager (HealthyPipelineSafeModeRule.java:process(128)) - SCM in safe mode. Healthy pipelines reported count is 0, required healthy pipeline reported count is 1
2021-01-06 16:47:14,559 [EventQueue-OpenPipelineForHealthyPipelineSafeModeRule] INFO  safemode.SCMSafeModeManager (HealthyPipelineSafeModeRule.java:process(128)) - SCM in safe mode. Healthy pipelines reported count is 0, required healthy pipeline reported count is 1
2021-01-06 16:47:14,560 [EventQueue-PipelineReportForOneReplicaPipelineSafeModeRule] INFO  safemode.SCMSafeModeManager (SCMSafeModeManager.java:validateSafeModeExitRules(214)) - AtleastOneDatanodeReportedRule rule is successfully validated
2021-01-06 16:47:14,723 [EventQueue-OpenPipelineForHealthyPipelineSafeModeRule] INFO  safemode.SCMSafeModeManager (HealthyPipelineSafeModeRule.java:process(128)) - SCM in safe mode. Healthy pipelines reported count is 0, required healthy pipeline reported count is 1
2021-01-06 16:47:14,723 [EventQueue-PipelineReportForOneReplicaPipelineSafeModeRule] INFO  safemode.SCMSafeModeManager (SCMSafeModeManager.java:validateSafeModeExitRules(214)) - AtleastOneDatanodeReportedRule rule is successfully validated
2021-01-06 16:47:14,909 [EventQueue-PipelineReportForOneReplicaPipelineSafeModeRule] INFO  safemode.SCMSafeModeManager (SCMSafeModeManager.java:validateSafeModeExitRules(214)) - AtleastOneDatanodeReportedRule rule is successfully validated
2021-01-06 16:47:14,909 [EventQueue-OpenPipelineForHealthyPipelineSafeModeRule] INFO  safemode.SCMSafeModeManager (HealthyPipelineSafeModeRule.java:process(128)) - SCM in safe mode. Healthy pipelines reported count is 0, required healthy pipeline reported count is 1
2021-01-06 16:47:15,055 [EventQueue-PipelineReportForOneReplicaPipelineSafeModeRule] INFO  safemode.SCMSafeModeManager (SCMSafeModeManager.java:validateSafeModeExitRules(214)) - AtleastOneDatanodeReportedRule rule is successfully validated
2021-01-06 16:47:15,055 [EventQueue-OpenPipelineForHealthyPipelineSafeModeRule] INFO  safemode.SCMSafeModeManager (HealthyPipelineSafeModeRule.java:process(128)) - SCM in safe mode. Healthy pipelines reported count is 0, required healthy pipeline reported count is 1
2021-01-06 16:47:15,219 [Listener at 127.0.0.1/40037] INFO  ozone.MiniOzoneClusterImpl (MiniOzoneClusterImpl.java:lambda$waitForClusterToBeReady$0(179)) - Nodes are ready. Got 6 of 6 DN Heartbeats.
2021-01-06 16:47:15,219 [Listener at 127.0.0.1/40037] INFO  ozone.MiniOzoneClusterImpl (MiniOzoneClusterImpl.java:lambda$waitForClusterToBeReady$0(182)) - Waiting for cluster to exit safe mode
2021-01-06 16:47:15,226 [EventQueue-PipelineReportForOneReplicaPipelineSafeModeRule] INFO  safemode.SCMSafeModeManager (SCMSafeModeManager.java:validateSafeModeExitRules(214)) - AtleastOneDatanodeReportedRule rule is successfully validated
2021-01-06 16:47:15,226 [EventQueue-OpenPipelineForHealthyPipelineSafeModeRule] INFO  safemode.SCMSafeModeManager (HealthyPipelineSafeModeRule.java:process(128)) - SCM in safe mode. Healthy pipelines reported count is 0, required healthy pipeline reported count is 1
2021-01-06 16:47:15,414 [EventQueue-PipelineReportForOneReplicaPipelineSafeModeRule] INFO  safemode.SCMSafeModeManager (SCMSafeModeManager.java:validateSafeModeExitRules(214)) - AtleastOneDatanodeReportedRule rule is successfully validated
2021-01-06 16:47:15,414 [EventQueue-OpenPipelineForHealthyPipelineSafeModeRule] INFO  safemode.SCMSafeModeManager (HealthyPipelineSafeModeRule.java:process(128)) - SCM in safe mode. Healthy pipelines reported count is 0, required healthy pipeline reported count is 1
2021-01-06 16:47:15,499 [Thread-4386] INFO  impl.FollowerState (FollowerState.java:run(133)) - 758eb975-c749-4165-9bd9-81389eee020b@group-F3FD7E2C97E3-FollowerState: change to CANDIDATE, lastRpcElapsedTime:5090363646ns, electionTimeout:5090ms
2021-01-06 16:47:15,500 [Thread-4386] INFO  impl.RoleInfo (RoleInfo.java:shutdownFollowerState(108)) - 758eb975-c749-4165-9bd9-81389eee020b: shutdown 758eb975-c749-4165-9bd9-81389eee020b@group-F3FD7E2C97E3-FollowerState
2021-01-06 16:47:15,500 [Thread-4386] INFO  server.RaftServer$Division (RaftServerImpl.java:setRole(275)) - 758eb975-c749-4165-9bd9-81389eee020b@group-F3FD7E2C97E3: changes role from  FOLLOWER to CANDIDATE at term 0 for changeToCandidate
2021-01-06 16:47:15,500 [Thread-4386] INFO  impl.RoleInfo (RoleInfo.java:updateAndGet(130)) - 758eb975-c749-4165-9bd9-81389eee020b: start 758eb975-c749-4165-9bd9-81389eee020b@group-F3FD7E2C97E3-LeaderElection63
2021-01-06 16:47:15,502 [758eb975-c749-4165-9bd9-81389eee020b@group-F3FD7E2C97E3-LeaderElection63] INFO  impl.LeaderElection (LeaderElection.java:askForVotes(219)) - 758eb975-c749-4165-9bd9-81389eee020b@group-F3FD7E2C97E3-LeaderElection63: begin an election at term 1 for -1: [758eb975-c749-4165-9bd9-81389eee020b|rpc:172.17.0.2:42295], old=null
2021-01-06 16:47:15,502 [758eb975-c749-4165-9bd9-81389eee020b@group-F3FD7E2C97E3-LeaderElection63] INFO  impl.RoleInfo (RoleInfo.java:shutdownLeaderElection(121)) - 758eb975-c749-4165-9bd9-81389eee020b: shutdown 758eb975-c749-4165-9bd9-81389eee020b@group-F3FD7E2C97E3-LeaderElection63
2021-01-06 16:47:15,502 [758eb975-c749-4165-9bd9-81389eee020b@group-F3FD7E2C97E3-LeaderElection63] INFO  server.RaftServer$Division (RaftServerImpl.java:setRole(275)) - 758eb975-c749-4165-9bd9-81389eee020b@group-F3FD7E2C97E3: changes role from CANDIDATE to LEADER at term 1 for changeToLeader
2021-01-06 16:47:15,502 [758eb975-c749-4165-9bd9-81389eee020b@group-F3FD7E2C97E3-LeaderElection63] INFO  ratis.XceiverServerRatis (XceiverServerRatis.java:handleLeaderChangedNotification(862)) - Leader change notification received for group: group-F3FD7E2C97E3 with new leaderId: 758eb975-c749-4165-9bd9-81389eee020b
2021-01-06 16:47:15,503 [758eb975-c749-4165-9bd9-81389eee020b@group-F3FD7E2C97E3-LeaderElection63] INFO  server.RaftServer$Division (ServerState.java:setLeader(258)) - 758eb975-c749-4165-9bd9-81389eee020b@group-F3FD7E2C97E3: change Leader from null to 758eb975-c749-4165-9bd9-81389eee020b at term 1 for becomeLeader, leader elected after 5102ms
2021-01-06 16:47:15,503 [758eb975-c749-4165-9bd9-81389eee020b@group-F3FD7E2C97E3-LeaderElection63] INFO  server.RaftServerConfigKeys (ConfUtils.java:logGet(44)) - raft.server.staging.catchup.gap = 1000 (default)
2021-01-06 16:47:15,503 [758eb975-c749-4165-9bd9-81389eee020b@group-F3FD7E2C97E3-LeaderElection63] INFO  metrics.RatisMetrics (RatisMetrics.java:lambda$create$0(36)) - Creating Metrics Registry : ratis.log_appender.758eb975-c749-4165-9bd9-81389eee020b@group-F3FD7E2C97E3
2021-01-06 16:47:15,503 [758eb975-c749-4165-9bd9-81389eee020b@group-F3FD7E2C97E3-LeaderElection63] INFO  server.RaftServerConfigKeys (ConfUtils.java:logGet(44)) - raft.server.write.element-limit = 1024 (custom)
2021-01-06 16:47:15,503 [758eb975-c749-4165-9bd9-81389eee020b@group-F3FD7E2C97E3-LeaderElection63] INFO  server.RaftServerConfigKeys (ConfUtils.java:logGet(44)) - raft.server.write.byte-limit = 1073741824 (custom)
2021-01-06 16:47:15,503 [EventQueue-OpenPipelineForHealthyPipelineSafeModeRule] INFO  safemode.SCMSafeModeManager (HealthyPipelineSafeModeRule.java:process(128)) - SCM in safe mode. Healthy pipelines reported count is 0, required healthy pipeline reported count is 1
2021-01-06 16:47:15,503 [EventQueue-PipelineReportForOneReplicaPipelineSafeModeRule] INFO  safemode.SCMSafeModeManager (SCMSafeModeManager.java:validateSafeModeExitRules(214)) - AtleastOneDatanodeReportedRule rule is successfully validated
2021-01-06 16:47:15,504 [758eb975-c749-4165-9bd9-81389eee020b@group-F3FD7E2C97E3-LeaderElection63] INFO  server.RaftServerConfigKeys (ConfUtils.java:logGet(44)) - raft.server.watch.timeout = 180s (custom)
2021-01-06 16:47:15,504 [758eb975-c749-4165-9bd9-81389eee020b@group-F3FD7E2C97E3-LeaderElection63] INFO  server.RaftServerConfigKeys (ConfUtils.java:logGet(44)) - raft.server.watch.timeout.denomination = 1s (default)
2021-01-06 16:47:15,504 [758eb975-c749-4165-9bd9-81389eee020b@group-F3FD7E2C97E3-LeaderElection63] INFO  server.RaftServerConfigKeys (ConfUtils.java:logGet(44)) - raft.server.watch.element-limit = 65536 (default)
2021-01-06 16:47:15,504 [758eb975-c749-4165-9bd9-81389eee020b@group-F3FD7E2C97E3-LeaderElection63] INFO  impl.RoleInfo (RoleInfo.java:updateAndGet(130)) - 758eb975-c749-4165-9bd9-81389eee020b: start 758eb975-c749-4165-9bd9-81389eee020b@group-F3FD7E2C97E3-LeaderStateImpl
2021-01-06 16:47:15,504 [758eb975-c749-4165-9bd9-81389eee020b@group-F3FD7E2C97E3-LeaderElection63] INFO  segmented.SegmentedRaftLogWorker (SegmentedRaftLogWorker.java:startLogSegment(392)) - 758eb975-c749-4165-9bd9-81389eee020b@group-F3FD7E2C97E3-SegmentedRaftLogWorker: Starting segment from index:0
2021-01-06 16:47:15,506 [758eb975-c749-4165-9bd9-81389eee020b@group-F3FD7E2C97E3-LeaderElection63] INFO  server.RaftServer$Division (ServerState.java:setRaftConf(374)) - 758eb975-c749-4165-9bd9-81389eee020b@group-F3FD7E2C97E3: set configuration 0: [758eb975-c749-4165-9bd9-81389eee020b|rpc:172.17.0.2:42295|dataStream:], old=null at 0
2021-01-06 16:47:15,506 [758eb975-c749-4165-9bd9-81389eee020b@group-F3FD7E2C97E3-SegmentedRaftLogWorker] INFO  segmented.SegmentedRaftLogWorker (SegmentedRaftLogWorker.java:execute(599)) - 758eb975-c749-4165-9bd9-81389eee020b@group-F3FD7E2C97E3-SegmentedRaftLogWorker: created new log segment /github/workspace/mnt/ozone/hadoop-ozone/integration-test/target/test-dir/MiniOzoneClusterImpl-1d43af91-9f82-444b-8964-eb6d4844fd62/datanode-0/data/ratis/905c0a45-b035-427b-8833-f3fd7e2c97e3/current/log_inprogress_0
2021-01-06 16:47:15,517 [Thread-4390] INFO  impl.FollowerState (FollowerState.java:run(133)) - 19774229-10ce-45d0-998c-3d7b10d140bf@group-A17707E7B4E1-FollowerState: change to CANDIDATE, lastRpcElapsedTime:5077377805ns, electionTimeout:5077ms
2021-01-06 16:47:15,518 [Thread-4390] INFO  impl.RoleInfo (RoleInfo.java:shutdownFollowerState(108)) - 19774229-10ce-45d0-998c-3d7b10d140bf: shutdown 19774229-10ce-45d0-998c-3d7b10d140bf@group-A17707E7B4E1-FollowerState
2021-01-06 16:47:15,518 [Thread-4390] INFO  server.RaftServer$Division (RaftServerImpl.java:setRole(275)) - 19774229-10ce-45d0-998c-3d7b10d140bf@group-A17707E7B4E1: changes role from  FOLLOWER to CANDIDATE at term 0 for changeToCandidate
2021-01-06 16:47:15,518 [Thread-4390] INFO  impl.RoleInfo (RoleInfo.java:updateAndGet(130)) - 19774229-10ce-45d0-998c-3d7b10d140bf: start 19774229-10ce-45d0-998c-3d7b10d140bf@group-A17707E7B4E1-LeaderElection64
2021-01-06 16:47:15,520 [19774229-10ce-45d0-998c-3d7b10d140bf@group-A17707E7B4E1-LeaderElection64] INFO  impl.LeaderElection (LeaderElection.java:askForVotes(219)) - 19774229-10ce-45d0-998c-3d7b10d140bf@group-A17707E7B4E1-LeaderElection64: begin an election at term 1 for -1: [8f97a4d4-5267-458d-aa6e-fd0ac821c306|rpc:172.17.0.2:39743|dataStream:, 758eb975-c749-4165-9bd9-81389eee020b|rpc:172.17.0.2:42295|dataStream:, 19774229-10ce-45d0-998c-3d7b10d140bf|rpc:172.17.0.2:41183|dataStream:], old=null
2021-01-06 16:47:15,525 [grpc-default-executor-0] INFO  metrics.RatisMetrics (RatisMetrics.java:lambda$create$0(36)) - Creating Metrics Registry : ratis.server_message_metrics.758eb975-c749-4165-9bd9-81389eee020b
2021-01-06 16:47:15,532 [Thread-4393] INFO  impl.FollowerState (FollowerState.java:run(133)) - 8f97a4d4-5267-458d-aa6e-fd0ac821c306@group-A17707E7B4E1-FollowerState: change to CANDIDATE, lastRpcElapsedTime:5065600068ns, electionTimeout:5064ms
2021-01-06 16:47:15,533 [Thread-4393] INFO  impl.RoleInfo (RoleInfo.java:shutdownFollowerState(108)) - 8f97a4d4-5267-458d-aa6e-fd0ac821c306: shutdown 8f97a4d4-5267-458d-aa6e-fd0ac821c306@group-A17707E7B4E1-FollowerState
2021-01-06 16:47:15,533 [Thread-4393] INFO  server.RaftServer$Division (RaftServerImpl.java:setRole(275)) - 8f97a4d4-5267-458d-aa6e-fd0ac821c306@group-A17707E7B4E1: changes role from  FOLLOWER to CANDIDATE at term 0 for changeToCandidate
2021-01-06 16:47:15,533 [Thread-4393] INFO  impl.RoleInfo (RoleInfo.java:updateAndGet(130)) - 8f97a4d4-5267-458d-aa6e-fd0ac821c306: start 8f97a4d4-5267-458d-aa6e-fd0ac821c306@group-A17707E7B4E1-LeaderElection65
2021-01-06 16:47:15,534 [grpc-default-executor-0] INFO  server.RaftServer$Division (RaftServerImpl.java:setRole(275)) - 758eb975-c749-4165-9bd9-81389eee020b@group-A17707E7B4E1: changes role from  FOLLOWER to FOLLOWER at term 1 for recognizeCandidate:19774229-10ce-45d0-998c-3d7b10d140bf
2021-01-06 16:47:15,534 [grpc-default-executor-0] INFO  impl.RoleInfo (RoleInfo.java:shutdownFollowerState(108)) - 758eb975-c749-4165-9bd9-81389eee020b: shutdown 758eb975-c749-4165-9bd9-81389eee020b@group-A17707E7B4E1-FollowerState
2021-01-06 16:47:15,534 [grpc-default-executor-0] INFO  impl.RoleInfo (RoleInfo.java:updateAndGet(130)) - 758eb975-c749-4165-9bd9-81389eee020b: start 758eb975-c749-4165-9bd9-81389eee020b@group-A17707E7B4E1-FollowerState
2021-01-06 16:47:15,535 [8f97a4d4-5267-458d-aa6e-fd0ac821c306@group-A17707E7B4E1-LeaderElection65] INFO  impl.LeaderElection (LeaderElection.java:askForVotes(219)) - 8f97a4d4-5267-458d-aa6e-fd0ac821c306@group-A17707E7B4E1-LeaderElection65: begin an election at term 1 for -1: [8f97a4d4-5267-458d-aa6e-fd0ac821c306|rpc:172.17.0.2:39743|dataStream:, 758eb975-c749-4165-9bd9-81389eee020b|rpc:172.17.0.2:42295|dataStream:, 19774229-10ce-45d0-998c-3d7b10d140bf|rpc:172.17.0.2:41183|dataStream:], old=null
2021-01-06 16:47:15,535 [grpc-default-executor-0] INFO  server.RaftServer$Division (RaftServerImpl.java:requestVote(983)) -  FOLLOWER 758eb975-c749-4165-9bd9-81389eee020b@group-A17707E7B4E1:t1, leader=null, voted=null, raftlog=758eb975-c749-4165-9bd9-81389eee020b@group-A17707E7B4E1-SegmentedRaftLog:OPENED:c-1,f-1,i0, conf=-1: [8f97a4d4-5267-458d-aa6e-fd0ac821c306|rpc:172.17.0.2:39743, 758eb975-c749-4165-9bd9-81389eee020b|rpc:172.17.0.2:42295, 19774229-10ce-45d0-998c-3d7b10d140bf|rpc:172.17.0.2:41183], old=null RUNNING priority:0 candidate:19774229-10ce-45d0-998c-3d7b10d140bf|rpc:172.17.0.2:41183 candidatePriority:0 compare:0
2021-01-06 16:47:15,536 [Thread-4388] INFO  impl.FollowerState (FollowerState.java:run(142)) - 758eb975-c749-4165-9bd9-81389eee020b@group-A17707E7B4E1-FollowerState was interrupted: {}
java.lang.InterruptedException: sleep interrupted
	at java.lang.Thread.sleep(Native Method)
	at java.lang.Thread.sleep(Thread.java:340)
	at java.util.concurrent.TimeUnit.sleep(TimeUnit.java:386)
	at org.apache.ratis.util.TimeDuration.sleep(TimeDuration.java:319)
	at org.apache.ratis.util.TimeDuration.sleep(TimeDuration.java:304)
	at org.apache.ratis.server.impl.FollowerState.run(FollowerState.java:117)
2021-01-06 16:47:15,546 [19774229-10ce-45d0-998c-3d7b10d140bf@group-A17707E7B4E1-LeaderElection64] INFO  impl.LeaderElection (LeaderElection.java:logAndReturn(68)) - 19774229-10ce-45d0-998c-3d7b10d140bf@group-A17707E7B4E1-LeaderElection64: Election PASSED; received 1 response(s) [19774229-10ce-45d0-998c-3d7b10d140bf<-758eb975-c749-4165-9bd9-81389eee020b#0:OK-t1] and 0 exception(s); 19774229-10ce-45d0-998c-3d7b10d140bf@group-A17707E7B4E1:t1, leader=null, voted=19774229-10ce-45d0-998c-3d7b10d140bf, raftlog=19774229-10ce-45d0-998c-3d7b10d140bf@group-A17707E7B4E1-SegmentedRaftLog:OPENED:c-1,f-1,i0, conf=-1: [8f97a4d4-5267-458d-aa6e-fd0ac821c306|rpc:172.17.0.2:39743|dataStream:, 758eb975-c749-4165-9bd9-81389eee020b|rpc:172.17.0.2:42295|dataStream:, 19774229-10ce-45d0-998c-3d7b10d140bf|rpc:172.17.0.2:41183|dataStream:], old=null
2021-01-06 16:47:15,547 [19774229-10ce-45d0-998c-3d7b10d140bf@group-A17707E7B4E1-LeaderElection64] INFO  impl.RoleInfo (RoleInfo.java:shutdownLeaderElection(121)) - 19774229-10ce-45d0-998c-3d7b10d140bf: shutdown 19774229-10ce-45d0-998c-3d7b10d140bf@group-A17707E7B4E1-LeaderElection64
2021-01-06 16:47:15,547 [19774229-10ce-45d0-998c-3d7b10d140bf@group-A17707E7B4E1-LeaderElection64] INFO  server.RaftServer$Division (RaftServerImpl.java:setRole(275)) - 19774229-10ce-45d0-998c-3d7b10d140bf@group-A17707E7B4E1: changes role from CANDIDATE to LEADER at term 1 for changeToLeader
2021-01-06 16:47:15,547 [19774229-10ce-45d0-998c-3d7b10d140bf@group-A17707E7B4E1-LeaderElection64] INFO  ratis.XceiverServerRatis (XceiverServerRatis.java:handleLeaderChangedNotification(862)) - Leader change notification received for group: group-A17707E7B4E1 with new leaderId: 19774229-10ce-45d0-998c-3d7b10d140bf
2021-01-06 16:47:15,547 [19774229-10ce-45d0-998c-3d7b10d140bf@group-A17707E7B4E1-LeaderElection64] INFO  server.RaftServer$Division (ServerState.java:setLeader(258)) - 19774229-10ce-45d0-998c-3d7b10d140bf@group-A17707E7B4E1: change Leader from null to 19774229-10ce-45d0-998c-3d7b10d140bf at term 1 for becomeLeader, leader elected after 5114ms
2021-01-06 16:47:15,547 [19774229-10ce-45d0-998c-3d7b10d140bf@group-A17707E7B4E1-LeaderElection64] INFO  server.RaftServerConfigKeys (ConfUtils.java:logGet(44)) - raft.server.staging.catchup.gap = 1000 (default)
2021-01-06 16:47:15,547 [19774229-10ce-45d0-998c-3d7b10d140bf@group-A17707E7B4E1-LeaderElection64] INFO  metrics.RatisMetrics (RatisMetrics.java:lambda$create$0(36)) - Creating Metrics Registry : ratis.log_appender.19774229-10ce-45d0-998c-3d7b10d140bf@group-A17707E7B4E1
2021-01-06 16:47:15,547 [19774229-10ce-45d0-998c-3d7b10d140bf@group-A17707E7B4E1-LeaderElection64] INFO  server.RaftServerConfigKeys (ConfUtils.java:logGet(44)) - raft.server.write.element-limit = 1024 (custom)
2021-01-06 16:47:15,547 [19774229-10ce-45d0-998c-3d7b10d140bf@group-A17707E7B4E1-LeaderElection64] INFO  server.RaftServerConfigKeys (ConfUtils.java:logGet(44)) - raft.server.write.byte-limit = 1073741824 (custom)
2021-01-06 16:47:15,547 [EventQueue-PipelineReportForPipelineReportHandler] INFO  pipeline.PipelineStateManager (PipelineStateManager.java:openPipeline(132)) - Pipeline Pipeline[ Id: 16646e2e-6ae2-4294-975f-a17707e7b4e1, Nodes: 758eb975-c749-4165-9bd9-81389eee020b{ip: 172.17.0.2, host: d1d2f32d3d04, networkLocation: /default-rack, certSerialId: null, persistedOpState: IN_SERVICE, persistedOpStateExpiryEpochSec: 0}19774229-10ce-45d0-998c-3d7b10d140bf{ip: 172.17.0.2, host: d1d2f32d3d04, networkLocation: /default-rack, certSerialId: null, persistedOpState: IN_SERVICE, persistedOpStateExpiryEpochSec: 0}8f97a4d4-5267-458d-aa6e-fd0ac821c306{ip: 172.17.0.2, host: d1d2f32d3d04, networkLocation: /default-rack, certSerialId: null, persistedOpState: IN_SERVICE, persistedOpStateExpiryEpochSec: 0}, Type:RATIS, Factor:THREE, State:ALLOCATED, leaderId:19774229-10ce-45d0-998c-3d7b10d140bf, CreationTimestamp2021-01-06T16:47:07.721Z] moved to OPEN state
2021-01-06 16:47:15,547 [EventQueue-PipelineReportForOneReplicaPipelineSafeModeRule] INFO  safemode.SCMSafeModeManager (SCMSafeModeManager.java:validateSafeModeExitRules(214)) - AtleastOneDatanodeReportedRule rule is successfully validated
2021-01-06 16:47:15,547 [EventQueue-OpenPipelineForHealthyPipelineSafeModeRule] INFO  safemode.SCMSafeModeManager (HealthyPipelineSafeModeRule.java:process(128)) - SCM in safe mode. Healthy pipelines reported count is 0, required healthy pipeline reported count is 1
2021-01-06 16:47:15,548 [EventQueue-OpenPipelineForHealthyPipelineSafeModeRule] INFO  safemode.SCMSafeModeManager (HealthyPipelineSafeModeRule.java:process(128)) - SCM in safe mode. Healthy pipelines reported count is 1, required healthy pipeline reported count is 1
2021-01-06 16:47:15,548 [EventQueue-OpenPipelineForHealthyPipelineSafeModeRule] INFO  safemode.SCMSafeModeManager (SCMSafeModeManager.java:validateSafeModeExitRules(214)) - HealthyPipelineSafeModeRule rule is successfully validated
2021-01-06 16:47:15,548 [EventQueue-OpenPipelineForHealthyPipelineSafeModeRule] INFO  safemode.SCMSafeModeManager (SCMSafeModeManager.java:validateSafeModeExitRules(228)) - ScmSafeModeManager, all rules are successfully validated
2021-01-06 16:47:15,548 [EventQueue-OpenPipelineForHealthyPipelineSafeModeRule] INFO  safemode.SCMSafeModeManager (SCMSafeModeManager.java:exitSafeMode(257)) - SCM exiting safe mode.
2021-01-06 16:47:15,549 [19774229-10ce-45d0-998c-3d7b10d140bf@group-A17707E7B4E1-LeaderElection64] INFO  server.RaftServerConfigKeys (ConfUtils.java:logGet(44)) - raft.server.watch.timeout = 180s (custom)
2021-01-06 16:47:15,549 [19774229-10ce-45d0-998c-3d7b10d140bf@group-A17707E7B4E1-LeaderElection64] INFO  server.RaftServerConfigKeys (ConfUtils.java:logGet(44)) - raft.server.watch.timeout.denomination = 1s (default)
2021-01-06 16:47:15,549 [19774229-10ce-45d0-998c-3d7b10d140bf@group-A17707E7B4E1-LeaderElection64] INFO  server.RaftServerConfigKeys (ConfUtils.java:logGet(44)) - raft.server.watch.element-limit = 65536 (default)
2021-01-06 16:47:15,549 [19774229-10ce-45d0-998c-3d7b10d140bf@group-A17707E7B4E1-LeaderElection64] INFO  server.RaftServerConfigKeys (ConfUtils.java:logGet(44)) - raft.server.log.appender.snapshot.chunk.size.max = 16MB (=16777216) (default)
2021-01-06 16:47:15,549 [19774229-10ce-45d0-998c-3d7b10d140bf@group-A17707E7B4E1-LeaderElection64] INFO  server.RaftServerConfigKeys (ConfUtils.java:logGet(44)) - raft.server.log.appender.buffer.byte-limit = 33554432 (custom)
2021-01-06 16:47:15,549 [19774229-10ce-45d0-998c-3d7b10d140bf@group-A17707E7B4E1-LeaderElection64] INFO  server.RaftServerConfigKeys (ConfUtils.java:logGet(44)) - raft.server.log.appender.buffer.element-limit = 1 (custom)
2021-01-06 16:47:15,555 [19774229-10ce-45d0-998c-3d7b10d140bf@group-A17707E7B4E1-LeaderElection64] INFO  grpc.GrpcConfigKeys (ConfUtils.java:logGet(44)) - raft.grpc.server.leader.outstanding.appends.max = 128 (default)
2021-01-06 16:47:15,555 [19774229-10ce-45d0-998c-3d7b10d140bf@group-A17707E7B4E1-LeaderElection64] INFO  server.RaftServerConfigKeys (ConfUtils.java:logGet(44)) - raft.server.rpc.request.timeout = 60s (custom)
2021-01-06 16:47:15,556 [19774229-10ce-45d0-998c-3d7b10d140bf@group-A17707E7B4E1-LeaderElection64] INFO  server.RaftServerConfigKeys (ConfUtils.java:logGet(44)) - raft.server.log.appender.install.snapshot.enabled = false (custom)
2021-01-06 16:47:15,556 [19774229-10ce-45d0-998c-3d7b10d140bf@group-A17707E7B4E1-LeaderElection64] INFO  metrics.RatisMetrics (RatisMetrics.java:lambda$create$0(36)) - Creating Metrics Registry : ratis_grpc.log_appender.19774229-10ce-45d0-998c-3d7b10d140bf@group-A17707E7B4E1
2021-01-06 16:47:15,558 [19774229-10ce-45d0-998c-3d7b10d140bf@group-A17707E7B4E1-LeaderElection64] INFO  server.RaftServerConfigKeys (ConfUtils.java:logGet(44)) - raft.server.log.appender.snapshot.chunk.size.max = 16MB (=16777216) (default)
2021-01-06 16:47:15,559 [19774229-10ce-45d0-998c-3d7b10d140bf@group-A17707E7B4E1-LeaderElection64] INFO  server.RaftServerConfigKeys (ConfUtils.java:logGet(44)) - raft.server.log.appender.buffer.byte-limit = 33554432 (custom)
2021-01-06 16:47:15,559 [19774229-10ce-45d0-998c-3d7b10d140bf@group-A17707E7B4E1-LeaderElection64] INFO  server.RaftServerConfigKeys (ConfUtils.java:logGet(44)) - raft.server.log.appender.buffer.element-limit = 1 (custom)
2021-01-06 16:47:15,560 [19774229-10ce-45d0-998c-3d7b10d140bf@group-A17707E7B4E1-LeaderElection64] INFO  grpc.GrpcConfigKeys (ConfUtils.java:logGet(44)) - raft.grpc.server.leader.outstanding.appends.max = 128 (default)
2021-01-06 16:47:15,560 [19774229-10ce-45d0-998c-3d7b10d140bf@group-A17707E7B4E1-LeaderElection64] INFO  server.RaftServerConfigKeys (ConfUtils.java:logGet(44)) - raft.server.rpc.request.timeout = 60s (custom)
2021-01-06 16:47:15,560 [19774229-10ce-45d0-998c-3d7b10d140bf@group-A17707E7B4E1-LeaderElection64] INFO  server.RaftServerConfigKeys (ConfUtils.java:logGet(44)) - raft.server.log.appender.install.snapshot.enabled = false (custom)
2021-01-06 16:47:15,562 [19774229-10ce-45d0-998c-3d7b10d140bf@group-A17707E7B4E1-LeaderElection64] INFO  impl.RoleInfo (RoleInfo.java:updateAndGet(130)) - 19774229-10ce-45d0-998c-3d7b10d140bf: start 19774229-10ce-45d0-998c-3d7b10d140bf@group-A17707E7B4E1-LeaderStateImpl
2021-01-06 16:47:15,563 [19774229-10ce-45d0-998c-3d7b10d140bf@group-A17707E7B4E1-LeaderElection64] INFO  segmented.SegmentedRaftLogWorker (SegmentedRaftLogWorker.java:startLogSegment(392)) - 19774229-10ce-45d0-998c-3d7b10d140bf@group-A17707E7B4E1-SegmentedRaftLogWorker: Starting segment from index:0
2021-01-06 16:47:15,564 [19774229-10ce-45d0-998c-3d7b10d140bf@group-A17707E7B4E1-SegmentedRaftLogWorker] INFO  segmented.SegmentedRaftLogWorker (SegmentedRaftLogWorker.java:execute(599)) - 19774229-10ce-45d0-998c-3d7b10d140bf@group-A17707E7B4E1-SegmentedRaftLogWorker: created new log segment /github/workspace/mnt/ozone/hadoop-ozone/integration-test/target/test-dir/MiniOzoneClusterImpl-1d43af91-9f82-444b-8964-eb6d4844fd62/datanode-1/data/ratis/16646e2e-6ae2-4294-975f-a17707e7b4e1/current/log_inprogress_0
2021-01-06 16:47:15,566 [19774229-10ce-45d0-998c-3d7b10d140bf@group-A17707E7B4E1-LeaderElection64] INFO  server.RaftServer$Division (ServerState.java:setRaftConf(374)) - 19774229-10ce-45d0-998c-3d7b10d140bf@group-A17707E7B4E1: set configuration 0: [8f97a4d4-5267-458d-aa6e-fd0ac821c306|rpc:172.17.0.2:39743|dataStream:, 758eb975-c749-4165-9bd9-81389eee020b|rpc:172.17.0.2:42295|dataStream:, 19774229-10ce-45d0-998c-3d7b10d140bf|rpc:172.17.0.2:41183|dataStream:], old=null at 0
2021-01-06 16:47:15,566 [grpc-default-executor-5] INFO  server.RaftServer$Division (RaftServerImpl.java:requestVote(973)) - 19774229-10ce-45d0-998c-3d7b10d140bf@group-A17707E7B4E1-   LEADER: Withhold vote from candidate 8f97a4d4-5267-458d-aa6e-fd0ac821c306 with term 1. State: leader=19774229-10ce-45d0-998c-3d7b10d140bf, term=1, lastRpcElapsed=null
2021-01-06 16:47:15,570 [8f97a4d4-5267-458d-aa6e-fd0ac821c306@group-A17707E7B4E1-LeaderElection65] INFO  impl.LeaderElection (LeaderElection.java:logAndReturn(68)) - 8f97a4d4-5267-458d-aa6e-fd0ac821c306@group-A17707E7B4E1-LeaderElection65: Election REJECTED; received 2 response(s) [8f97a4d4-5267-458d-aa6e-fd0ac821c306<-758eb975-c749-4165-9bd9-81389eee020b#0:FAIL-t1, 8f97a4d4-5267-458d-aa6e-fd0ac821c306<-19774229-10ce-45d0-998c-3d7b10d140bf#0:FAIL-t1] and 0 exception(s); 8f97a4d4-5267-458d-aa6e-fd0ac821c306@group-A17707E7B4E1:t1, leader=null, voted=8f97a4d4-5267-458d-aa6e-fd0ac821c306, raftlog=8f97a4d4-5267-458d-aa6e-fd0ac821c306@group-A17707E7B4E1-SegmentedRaftLog:OPENED:c-1,f-1,i0, conf=-1: [8f97a4d4-5267-458d-aa6e-fd0ac821c306|rpc:172.17.0.2:39743|dataStream:, 758eb975-c749-4165-9bd9-81389eee020b|rpc:172.17.0.2:42295|dataStream:, 19774229-10ce-45d0-998c-3d7b10d140bf|rpc:172.17.0.2:41183|dataStream:], old=null
2021-01-06 16:47:15,570 [8f97a4d4-5267-458d-aa6e-fd0ac821c306@group-A17707E7B4E1-LeaderElection65] INFO  server.RaftServer$Division (RaftServerImpl.java:setRole(275)) - 8f97a4d4-5267-458d-aa6e-fd0ac821c306@group-A17707E7B4E1: changes role from CANDIDATE to FOLLOWER at term 1 for DISCOVERED_A_NEW_TERM
2021-01-06 16:47:15,570 [8f97a4d4-5267-458d-aa6e-fd0ac821c306@group-A17707E7B4E1-LeaderElection65] INFO  impl.RoleInfo (RoleInfo.java:shutdownLeaderElection(121)) - 8f97a4d4-5267-458d-aa6e-fd0ac821c306: shutdown 8f97a4d4-5267-458d-aa6e-fd0ac821c306@group-A17707E7B4E1-LeaderElection65
2021-01-06 16:47:15,570 [8f97a4d4-5267-458d-aa6e-fd0ac821c306@group-A17707E7B4E1-LeaderElection65] INFO  impl.RoleInfo (RoleInfo.java:updateAndGet(130)) - 8f97a4d4-5267-458d-aa6e-fd0ac821c306: start 8f97a4d4-5267-458d-aa6e-fd0ac821c306@group-A17707E7B4E1-FollowerState
2021-01-06 16:47:15,578 [grpc-default-executor-3] INFO  ratis.XceiverServerRatis (XceiverServerRatis.java:handleLeaderChangedNotification(862)) - Leader change notification received for group: group-A17707E7B4E1 with new leaderId: 19774229-10ce-45d0-998c-3d7b10d140bf
2021-01-06 16:47:15,579 [grpc-default-executor-3] INFO  server.RaftServer$Division (ServerState.java:setLeader(258)) - 758eb975-c749-4165-9bd9-81389eee020b@group-A17707E7B4E1: change Leader from null to 19774229-10ce-45d0-998c-3d7b10d140bf at term 1 for appendEntries, leader elected after 5164ms
2021-01-06 16:47:15,581 [grpc-default-executor-0] INFO  ratis.XceiverServerRatis (XceiverServerRatis.java:handleLeaderChangedNotification(862)) - Leader change notification received for group: group-A17707E7B4E1 with new leaderId: 19774229-10ce-45d0-998c-3d7b10d140bf
2021-01-06 16:47:15,581 [grpc-default-executor-0] INFO  server.RaftServer$Division (ServerState.java:setLeader(258)) - 8f97a4d4-5267-458d-aa6e-fd0ac821c306@group-A17707E7B4E1: change Leader from null to 19774229-10ce-45d0-998c-3d7b10d140bf at term 1 for appendEntries, leader elected after 5121ms
2021-01-06 16:47:15,585 [grpc-default-executor-0] INFO  server.RaftServer$Division (ServerState.java:setRaftConf(374)) - 8f97a4d4-5267-458d-aa6e-fd0ac821c306@group-A17707E7B4E1: set configuration 0: [8f97a4d4-5267-458d-aa6e-fd0ac821c306|rpc:172.17.0.2:39743|dataStream:, 758eb975-c749-4165-9bd9-81389eee020b|rpc:172.17.0.2:42295|dataStream:, 19774229-10ce-45d0-998c-3d7b10d140bf|rpc:172.17.0.2:41183|dataStream:], old=null at 0
2021-01-06 16:47:15,586 [grpc-default-executor-5] INFO  server.RaftServer$Division (ServerState.java:setRaftConf(374)) - 758eb975-c749-4165-9bd9-81389eee020b@group-A17707E7B4E1: set configuration 0: [8f97a4d4-5267-458d-aa6e-fd0ac821c306|rpc:172.17.0.2:39743|dataStream:, 758eb975-c749-4165-9bd9-81389eee020b|rpc:172.17.0.2:42295|dataStream:, 19774229-10ce-45d0-998c-3d7b10d140bf|rpc:172.17.0.2:41183|dataStream:], old=null at 0
2021-01-06 16:47:15,587 [grpc-default-executor-0] INFO  segmented.SegmentedRaftLogWorker (SegmentedRaftLogWorker.java:startLogSegment(392)) - 8f97a4d4-5267-458d-aa6e-fd0ac821c306@group-A17707E7B4E1-SegmentedRaftLogWorker: Starting segment from index:0
2021-01-06 16:47:15,587 [grpc-default-executor-5] INFO  segmented.SegmentedRaftLogWorker (SegmentedRaftLogWorker.java:startLogSegment(392)) - 758eb975-c749-4165-9bd9-81389eee020b@group-A17707E7B4E1-SegmentedRaftLogWorker: Starting segment from index:0
2021-01-06 16:47:15,588 [8f97a4d4-5267-458d-aa6e-fd0ac821c306@group-A17707E7B4E1-SegmentedRaftLogWorker] INFO  segmented.SegmentedRaftLogWorker (SegmentedRaftLogWorker.java:execute(599)) - 8f97a4d4-5267-458d-aa6e-fd0ac821c306@group-A17707E7B4E1-SegmentedRaftLogWorker: created new log segment /github/workspace/mnt/ozone/hadoop-ozone/integration-test/target/test-dir/MiniOzoneClusterImpl-1d43af91-9f82-444b-8964-eb6d4844fd62/datanode-2/data/ratis/16646e2e-6ae2-4294-975f-a17707e7b4e1/current/log_inprogress_0
2021-01-06 16:47:15,588 [758eb975-c749-4165-9bd9-81389eee020b@group-A17707E7B4E1-SegmentedRaftLogWorker] INFO  segmented.SegmentedRaftLogWorker (SegmentedRaftLogWorker.java:execute(599)) - 758eb975-c749-4165-9bd9-81389eee020b@group-A17707E7B4E1-SegmentedRaftLogWorker: created new log segment /github/workspace/mnt/ozone/hadoop-ozone/integration-test/target/test-dir/MiniOzoneClusterImpl-1d43af91-9f82-444b-8964-eb6d4844fd62/datanode-0/data/ratis/16646e2e-6ae2-4294-975f-a17707e7b4e1/current/log_inprogress_0
2021-01-06 16:47:15,668 [Thread-4396] INFO  impl.FollowerState (FollowerState.java:run(133)) - 19774229-10ce-45d0-998c-3d7b10d140bf@group-DC2535FDF54B-FollowerState: change to CANDIDATE, lastRpcElapsedTime:5100323678ns, electionTimeout:5100ms
2021-01-06 16:47:15,669 [Thread-4396] INFO  impl.RoleInfo (RoleInfo.java:shutdownFollowerState(108)) - 19774229-10ce-45d0-998c-3d7b10d140bf: shutdown 19774229-10ce-45d0-998c-3d7b10d140bf@group-DC2535FDF54B-FollowerState
2021-01-06 16:47:15,669 [Thread-4396] INFO  server.RaftServer$Division (RaftServerImpl.java:setRole(275)) - 19774229-10ce-45d0-998c-3d7b10d140bf@group-DC2535FDF54B: changes role from  FOLLOWER to CANDIDATE at term 0 for changeToCandidate
2021-01-06 16:47:15,669 [Thread-4396] INFO  impl.RoleInfo (RoleInfo.java:updateAndGet(130)) - 19774229-10ce-45d0-998c-3d7b10d140bf: start 19774229-10ce-45d0-998c-3d7b10d140bf@group-DC2535FDF54B-LeaderElection66
2021-01-06 16:47:15,671 [19774229-10ce-45d0-998c-3d7b10d140bf@group-DC2535FDF54B-LeaderElection66] INFO  impl.LeaderElection (LeaderElection.java:askForVotes(219)) - 19774229-10ce-45d0-998c-3d7b10d140bf@group-DC2535FDF54B-LeaderElection66: begin an election at term 1 for -1: [19774229-10ce-45d0-998c-3d7b10d140bf|rpc:172.17.0.2:41183], old=null
2021-01-06 16:47:15,671 [19774229-10ce-45d0-998c-3d7b10d140bf@group-DC2535FDF54B-LeaderElection66] INFO  impl.RoleInfo (RoleInfo.java:shutdownLeaderElection(121)) - 19774229-10ce-45d0-998c-3d7b10d140bf: shutdown 19774229-10ce-45d0-998c-3d7b10d140bf@group-DC2535FDF54B-LeaderElection66
2021-01-06 16:47:15,671 [19774229-10ce-45d0-998c-3d7b10d140bf@group-DC2535FDF54B-LeaderElection66] INFO  server.RaftServer$Division (RaftServerImpl.java:setRole(275)) - 19774229-10ce-45d0-998c-3d7b10d140bf@group-DC2535FDF54B: changes role from CANDIDATE to LEADER at term 1 for changeToLeader
2021-01-06 16:47:15,671 [19774229-10ce-45d0-998c-3d7b10d140bf@group-DC2535FDF54B-LeaderElection66] INFO  ratis.XceiverServerRatis (XceiverServerRatis.java:handleLeaderChangedNotification(862)) - Leader change notification received for group: group-DC2535FDF54B with new leaderId: 19774229-10ce-45d0-998c-3d7b10d140bf
2021-01-06 16:47:15,672 [19774229-10ce-45d0-998c-3d7b10d140bf@group-DC2535FDF54B-LeaderElection66] INFO  server.RaftServer$Division (ServerState.java:setLeader(258)) - 19774229-10ce-45d0-998c-3d7b10d140bf@group-DC2535FDF54B: change Leader from null to 19774229-10ce-45d0-998c-3d7b10d140bf at term 1 for becomeLeader, leader elected after 5111ms
2021-01-06 16:47:15,672 [19774229-10ce-45d0-998c-3d7b10d140bf@group-DC2535FDF54B-LeaderElection66] INFO  server.RaftServerConfigKeys (ConfUtils.java:logGet(44)) - raft.server.staging.catchup.gap = 1000 (default)
2021-01-06 16:47:15,672 [19774229-10ce-45d0-998c-3d7b10d140bf@group-DC2535FDF54B-LeaderElection66] INFO  metrics.RatisMetrics (RatisMetrics.java:lambda$create$0(36)) - Creating Metrics Registry : ratis.log_appender.19774229-10ce-45d0-998c-3d7b10d140bf@group-DC2535FDF54B
2021-01-06 16:47:15,672 [19774229-10ce-45d0-998c-3d7b10d140bf@group-DC2535FDF54B-LeaderElection66] INFO  server.RaftServerConfigKeys (ConfUtils.java:logGet(44)) - raft.server.write.element-limit = 1024 (custom)
2021-01-06 16:47:15,672 [19774229-10ce-45d0-998c-3d7b10d140bf@group-DC2535FDF54B-LeaderElection66] INFO  server.RaftServerConfigKeys (ConfUtils.java:logGet(44)) - raft.server.write.byte-limit = 1073741824 (custom)
2021-01-06 16:47:15,673 [19774229-10ce-45d0-998c-3d7b10d140bf@group-DC2535FDF54B-LeaderElection66] INFO  server.RaftServerConfigKeys (ConfUtils.java:logGet(44)) - raft.server.watch.timeout = 180s (custom)
2021-01-06 16:47:15,673 [19774229-10ce-45d0-998c-3d7b10d140bf@group-DC2535FDF54B-LeaderElection66] INFO  server.RaftServerConfigKeys (ConfUtils.java:logGet(44)) - raft.server.watch.timeout.denomination = 1s (default)
2021-01-06 16:47:15,673 [19774229-10ce-45d0-998c-3d7b10d140bf@group-DC2535FDF54B-LeaderElection66] INFO  server.RaftServerConfigKeys (ConfUtils.java:logGet(44)) - raft.server.watch.element-limit = 65536 (default)
2021-01-06 16:47:15,673 [19774229-10ce-45d0-998c-3d7b10d140bf@group-DC2535FDF54B-LeaderElection66] INFO  impl.RoleInfo (RoleInfo.java:updateAndGet(130)) - 19774229-10ce-45d0-998c-3d7b10d140bf: start 19774229-10ce-45d0-998c-3d7b10d140bf@group-DC2535FDF54B-LeaderStateImpl
2021-01-06 16:47:15,673 [19774229-10ce-45d0-998c-3d7b10d140bf@group-DC2535FDF54B-LeaderElection66] INFO  segmented.SegmentedRaftLogWorker (SegmentedRaftLogWorker.java:startLogSegment(392)) - 19774229-10ce-45d0-998c-3d7b10d140bf@group-DC2535FDF54B-SegmentedRaftLogWorker: Starting segment from index:0
2021-01-06 16:47:15,676 [19774229-10ce-45d0-998c-3d7b10d140bf@group-DC2535FDF54B-LeaderElection66] INFO  server.RaftServer$Division (ServerState.java:setRaftConf(374)) - 19774229-10ce-45d0-998c-3d7b10d140bf@group-DC2535FDF54B: set configuration 0: [19774229-10ce-45d0-998c-3d7b10d140bf|rpc:172.17.0.2:41183|dataStream:], old=null at 0
2021-01-06 16:47:15,678 [19774229-10ce-45d0-998c-3d7b10d140bf@group-DC2535FDF54B-SegmentedRaftLogWorker] INFO  segmented.SegmentedRaftLogWorker (SegmentedRaftLogWorker.java:execute(599)) - 19774229-10ce-45d0-998c-3d7b10d140bf@group-DC2535FDF54B-SegmentedRaftLogWorker: created new log segment /github/workspace/mnt/ozone/hadoop-ozone/integration-test/target/test-dir/MiniOzoneClusterImpl-1d43af91-9f82-444b-8964-eb6d4844fd62/datanode-1/data/ratis/a212c06b-7d86-4791-843d-dc2535fdf54b/current/log_inprogress_0
2021-01-06 16:47:15,788 [Thread-4398] INFO  impl.FollowerState (FollowerState.java:run(133)) - 8f97a4d4-5267-458d-aa6e-fd0ac821c306@group-0537F8BE947E-FollowerState: change to CANDIDATE, lastRpcElapsedTime:5056342339ns, electionTimeout:5055ms
2021-01-06 16:47:15,788 [Thread-4398] INFO  impl.RoleInfo (RoleInfo.java:shutdownFollowerState(108)) - 8f97a4d4-5267-458d-aa6e-fd0ac821c306: shutdown 8f97a4d4-5267-458d-aa6e-fd0ac821c306@group-0537F8BE947E-FollowerState
2021-01-06 16:47:15,788 [Thread-4398] INFO  server.RaftServer$Division (RaftServerImpl.java:setRole(275)) - 8f97a4d4-5267-458d-aa6e-fd0ac821c306@group-0537F8BE947E: changes role from  FOLLOWER to CANDIDATE at term 0 for changeToCandidate
2021-01-06 16:47:15,788 [Thread-4398] INFO  impl.RoleInfo (RoleInfo.java:updateAndGet(130)) - 8f97a4d4-5267-458d-aa6e-fd0ac821c306: start 8f97a4d4-5267-458d-aa6e-fd0ac821c306@group-0537F8BE947E-LeaderElection67
2021-01-06 16:47:15,791 [8f97a4d4-5267-458d-aa6e-fd0ac821c306@group-0537F8BE947E-LeaderElection67] INFO  impl.LeaderElection (LeaderElection.java:askForVotes(219)) - 8f97a4d4-5267-458d-aa6e-fd0ac821c306@group-0537F8BE947E-LeaderElection67: begin an election at term 1 for -1: [8f97a4d4-5267-458d-aa6e-fd0ac821c306|rpc:172.17.0.2:39743], old=null
2021-01-06 16:47:15,791 [8f97a4d4-5267-458d-aa6e-fd0ac821c306@group-0537F8BE947E-LeaderElection67] INFO  impl.RoleInfo (RoleInfo.java:shutdownLeaderElection(121)) - 8f97a4d4-5267-458d-aa6e-fd0ac821c306: shutdown 8f97a4d4-5267-458d-aa6e-fd0ac821c306@group-0537F8BE947E-LeaderElection67
2021-01-06 16:47:15,791 [8f97a4d4-5267-458d-aa6e-fd0ac821c306@group-0537F8BE947E-LeaderElection67] INFO  server.RaftServer$Division (RaftServerImpl.java:setRole(275)) - 8f97a4d4-5267-458d-aa6e-fd0ac821c306@group-0537F8BE947E: changes role from CANDIDATE to LEADER at term 1 for changeToLeader
2021-01-06 16:47:15,791 [8f97a4d4-5267-458d-aa6e-fd0ac821c306@group-0537F8BE947E-LeaderElection67] INFO  ratis.XceiverServerRatis (XceiverServerRatis.java:handleLeaderChangedNotification(862)) - Leader change notification received for group: group-0537F8BE947E with new leaderId: 8f97a4d4-5267-458d-aa6e-fd0ac821c306
2021-01-06 16:47:15,791 [8f97a4d4-5267-458d-aa6e-fd0ac821c306@group-0537F8BE947E-LeaderElection67] INFO  server.RaftServer$Division (ServerState.java:setLeader(258)) - 8f97a4d4-5267-458d-aa6e-fd0ac821c306@group-0537F8BE947E: change Leader from null to 8f97a4d4-5267-458d-aa6e-fd0ac821c306 at term 1 for becomeLeader, leader elected after 5067ms
2021-01-06 16:47:15,791 [8f97a4d4-5267-458d-aa6e-fd0ac821c306@group-0537F8BE947E-LeaderElection67] INFO  server.RaftServerConfigKeys (ConfUtils.java:logGet(44)) - raft.server.staging.catchup.gap = 1000 (default)
2021-01-06 16:47:15,791 [8f97a4d4-5267-458d-aa6e-fd0ac821c306@group-0537F8BE947E-LeaderElection67] INFO  metrics.RatisMetrics (RatisMetrics.java:lambda$create$0(36)) - Creating Metrics Registry : ratis.log_appender.8f97a4d4-5267-458d-aa6e-fd0ac821c306@group-0537F8BE947E
2021-01-06 16:47:15,791 [8f97a4d4-5267-458d-aa6e-fd0ac821c306@group-0537F8BE947E-LeaderElection67] INFO  server.RaftServerConfigKeys (ConfUtils.java:logGet(44)) - raft.server.write.element-limit = 1024 (custom)
2021-01-06 16:47:15,791 [8f97a4d4-5267-458d-aa6e-fd0ac821c306@group-0537F8BE947E-LeaderElection67] INFO  server.RaftServerConfigKeys (ConfUtils.java:logGet(44)) - raft.server.write.byte-limit = 1073741824 (custom)
2021-01-06 16:47:15,792 [8f97a4d4-5267-458d-aa6e-fd0ac821c306@group-0537F8BE947E-LeaderElection67] INFO  server.RaftServerConfigKeys (ConfUtils.java:logGet(44)) - raft.server.watch.timeout = 180s (custom)
2021-01-06 16:47:15,792 [8f97a4d4-5267-458d-aa6e-fd0ac821c306@group-0537F8BE947E-LeaderElection67] INFO  server.RaftServerConfigKeys (ConfUtils.java:logGet(44)) - raft.server.watch.timeout.denomination = 1s (default)
2021-01-06 16:47:15,792 [8f97a4d4-5267-458d-aa6e-fd0ac821c306@group-0537F8BE947E-LeaderElection67] INFO  server.RaftServerConfigKeys (ConfUtils.java:logGet(44)) - raft.server.watch.element-limit = 65536 (default)
2021-01-06 16:47:15,792 [8f97a4d4-5267-458d-aa6e-fd0ac821c306@group-0537F8BE947E-LeaderElection67] INFO  impl.RoleInfo (RoleInfo.java:updateAndGet(130)) - 8f97a4d4-5267-458d-aa6e-fd0ac821c306: start 8f97a4d4-5267-458d-aa6e-fd0ac821c306@group-0537F8BE947E-LeaderStateImpl
2021-01-06 16:47:15,793 [8f97a4d4-5267-458d-aa6e-fd0ac821c306@group-0537F8BE947E-LeaderElection67] INFO  segmented.SegmentedRaftLogWorker (SegmentedRaftLogWorker.java:startLogSegment(392)) - 8f97a4d4-5267-458d-aa6e-fd0ac821c306@group-0537F8BE947E-SegmentedRaftLogWorker: Starting segment from index:0
2021-01-06 16:47:15,794 [8f97a4d4-5267-458d-aa6e-fd0ac821c306@group-0537F8BE947E-SegmentedRaftLogWorker] INFO  segmented.SegmentedRaftLogWorker (SegmentedRaftLogWorker.java:execute(599)) - 8f97a4d4-5267-458d-aa6e-fd0ac821c306@group-0537F8BE947E-SegmentedRaftLogWorker: created new log segment /github/workspace/mnt/ozone/hadoop-ozone/integration-test/target/test-dir/MiniOzoneClusterImpl-1d43af91-9f82-444b-8964-eb6d4844fd62/datanode-2/data/ratis/fa843cdf-fd05-4d65-9232-0537f8be947e/current/log_inprogress_0
2021-01-06 16:47:15,794 [8f97a4d4-5267-458d-aa6e-fd0ac821c306@group-0537F8BE947E-LeaderElection67] INFO  server.RaftServer$Division (ServerState.java:setRaftConf(374)) - 8f97a4d4-5267-458d-aa6e-fd0ac821c306@group-0537F8BE947E: set configuration 0: [8f97a4d4-5267-458d-aa6e-fd0ac821c306|rpc:172.17.0.2:39743|dataStream:], old=null at 0
2021-01-06 16:47:15,936 [Thread-4402] INFO  impl.FollowerState (FollowerState.java:run(133)) - b260e4ee-445a-4422-8fbe-3a6caa0392e6@group-E1E8F399534A-FollowerState: change to CANDIDATE, lastRpcElapsedTime:5021326928ns, electionTimeout:5019ms
2021-01-06 16:47:15,936 [Thread-4402] INFO  impl.RoleInfo (RoleInfo.java:shutdownFollowerState(108)) - b260e4ee-445a-4422-8fbe-3a6caa0392e6: shutdown b260e4ee-445a-4422-8fbe-3a6caa0392e6@group-E1E8F399534A-FollowerState
2021-01-06 16:47:15,936 [Thread-4402] INFO  server.RaftServer$Division (RaftServerImpl.java:setRole(275)) - b260e4ee-445a-4422-8fbe-3a6caa0392e6@group-E1E8F399534A: changes role from  FOLLOWER to CANDIDATE at term 0 for changeToCandidate
2021-01-06 16:47:15,936 [Thread-4402] INFO  impl.RoleInfo (RoleInfo.java:updateAndGet(130)) - b260e4ee-445a-4422-8fbe-3a6caa0392e6: start b260e4ee-445a-4422-8fbe-3a6caa0392e6@group-E1E8F399534A-LeaderElection68
2021-01-06 16:47:15,939 [b260e4ee-445a-4422-8fbe-3a6caa0392e6@group-E1E8F399534A-LeaderElection68] INFO  impl.LeaderElection (LeaderElection.java:askForVotes(219)) - b260e4ee-445a-4422-8fbe-3a6caa0392e6@group-E1E8F399534A-LeaderElection68: begin an election at term 1 for -1: [b260e4ee-445a-4422-8fbe-3a6caa0392e6|rpc:172.17.0.2:45581, b3b9a181-77ef-445c-8f67-7418b9e03f94|rpc:172.17.0.2:34251, 0c45c32f-b13d-44d6-bbf6-638a87f65fa5|rpc:172.17.0.2:36969], old=null
2021-01-06 16:47:15,950 [grpc-default-executor-0] INFO  server.RaftServer$Division (RaftServerImpl.java:setRole(275)) - b3b9a181-77ef-445c-8f67-7418b9e03f94@group-E1E8F399534A: changes role from  FOLLOWER to FOLLOWER at term 1 for recognizeCandidate:b260e4ee-445a-4422-8fbe-3a6caa0392e6
2021-01-06 16:47:15,950 [grpc-default-executor-0] INFO  impl.RoleInfo (RoleInfo.java:shutdownFollowerState(108)) - b3b9a181-77ef-445c-8f67-7418b9e03f94: shutdown b3b9a181-77ef-445c-8f67-7418b9e03f94@group-E1E8F399534A-FollowerState
2021-01-06 16:47:15,950 [grpc-default-executor-0] INFO  impl.RoleInfo (RoleInfo.java:updateAndGet(130)) - b3b9a181-77ef-445c-8f67-7418b9e03f94: start b3b9a181-77ef-445c-8f67-7418b9e03f94@group-E1E8F399534A-FollowerState
2021-01-06 16:47:15,950 [Thread-4404] INFO  impl.FollowerState (FollowerState.java:run(142)) - b3b9a181-77ef-445c-8f67-7418b9e03f94@group-E1E8F399534A-FollowerState was interrupted: {}
java.lang.InterruptedException: sleep interrupted
	at java.lang.Thread.sleep(Native Method)
	at java.lang.Thread.sleep(Thread.java:340)
	at java.util.concurrent.TimeUnit.sleep(TimeUnit.java:386)
	at org.apache.ratis.util.TimeDuration.sleep(TimeDuration.java:319)
	at org.apache.ratis.util.TimeDuration.sleep(TimeDuration.java:304)
	at org.apache.ratis.server.impl.FollowerState.run(FollowerState.java:117)
2021-01-06 16:47:15,951 [grpc-default-executor-0] INFO  server.RaftServer$Division (RaftServerImpl.java:requestVote(983)) -  FOLLOWER b3b9a181-77ef-445c-8f67-7418b9e03f94@group-E1E8F399534A:t1, leader=null, voted=null, raftlog=b3b9a181-77ef-445c-8f67-7418b9e03f94@group-E1E8F399534A-SegmentedRaftLog:OPENED:c-1,f-1,i0, conf=-1: [b260e4ee-445a-4422-8fbe-3a6caa0392e6|rpc:172.17.0.2:45581|dataStream:, b3b9a181-77ef-445c-8f67-7418b9e03f94|rpc:172.17.0.2:34251|dataStream:, 0c45c32f-b13d-44d6-bbf6-638a87f65fa5|rpc:172.17.0.2:36969|dataStream:], old=null RUNNING priority:0 candidate:b260e4ee-445a-4422-8fbe-3a6caa0392e6|rpc:172.17.0.2:45581|dataStream: candidatePriority:0 compare:0
2021-01-06 16:47:15,952 [grpc-default-executor-5] INFO  server.RaftServer$Division (RaftServerImpl.java:setRole(275)) - 0c45c32f-b13d-44d6-bbf6-638a87f65fa5@group-E1E8F399534A: changes role from  FOLLOWER to FOLLOWER at term 1 for recognizeCandidate:b260e4ee-445a-4422-8fbe-3a6caa0392e6
2021-01-06 16:47:15,952 [grpc-default-executor-5] INFO  impl.RoleInfo (RoleInfo.java:shutdownFollowerState(108)) - 0c45c32f-b13d-44d6-bbf6-638a87f65fa5: shutdown 0c45c32f-b13d-44d6-bbf6-638a87f65fa5@group-E1E8F399534A-FollowerState
2021-01-06 16:47:15,952 [grpc-default-executor-5] INFO  impl.RoleInfo (RoleInfo.java:updateAndGet(130)) - 0c45c32f-b13d-44d6-bbf6-638a87f65fa5: start 0c45c32f-b13d-44d6-bbf6-638a87f65fa5@group-E1E8F399534A-FollowerState
2021-01-06 16:47:15,953 [Thread-4407] INFO  impl.FollowerState (FollowerState.java:run(142)) - 0c45c32f-b13d-44d6-bbf6-638a87f65fa5@group-E1E8F399534A-FollowerState was interrupted: {}
java.lang.InterruptedException: sleep interrupted
	at java.lang.Thread.sleep(Native Method)
	at java.lang.Thread.sleep(Thread.java:340)
	at java.util.concurrent.TimeUnit.sleep(TimeUnit.java:386)
	at org.apache.ratis.util.TimeDuration.sleep(TimeDuration.java:319)
	at org.apache.ratis.util.TimeDuration.sleep(TimeDuration.java:304)
	at org.apache.ratis.server.impl.FollowerState.run(FollowerState.java:117)
2021-01-06 16:47:15,953 [grpc-default-executor-5] INFO  server.RaftServer$Division (RaftServerImpl.java:requestVote(983)) -  FOLLOWER 0c45c32f-b13d-44d6-bbf6-638a87f65fa5@group-E1E8F399534A:t1, leader=null, voted=null, raftlog=0c45c32f-b13d-44d6-bbf6-638a87f65fa5@group-E1E8F399534A-SegmentedRaftLog:OPENED:c-1,f-1,i0, conf=-1: [b260e4ee-445a-4422-8fbe-3a6caa0392e6|rpc:172.17.0.2:45581|dataStream:, b3b9a181-77ef-445c-8f67-7418b9e03f94|rpc:172.17.0.2:34251|dataStream:, 0c45c32f-b13d-44d6-bbf6-638a87f65fa5|rpc:172.17.0.2:36969|dataStream:], old=null RUNNING priority:0 candidate:b260e4ee-445a-4422-8fbe-3a6caa0392e6|rpc:172.17.0.2:45581|dataStream: candidatePriority:0 compare:0
2021-01-06 16:47:15,956 [b260e4ee-445a-4422-8fbe-3a6caa0392e6@group-E1E8F399534A-LeaderElection68] INFO  impl.LeaderElection (LeaderElection.java:logAndReturn(68)) - b260e4ee-445a-4422-8fbe-3a6caa0392e6@group-E1E8F399534A-LeaderElection68: Election PASSED; received 1 response(s) [b260e4ee-445a-4422-8fbe-3a6caa0392e6<-b3b9a181-77ef-445c-8f67-7418b9e03f94#0:OK-t1] and 0 exception(s); b260e4ee-445a-4422-8fbe-3a6caa0392e6@group-E1E8F399534A:t1, leader=null, voted=b260e4ee-445a-4422-8fbe-3a6caa0392e6, raftlog=b260e4ee-445a-4422-8fbe-3a6caa0392e6@group-E1E8F399534A-SegmentedRaftLog:OPENED:c-1,f-1,i0, conf=-1: [b260e4ee-445a-4422-8fbe-3a6caa0392e6|rpc:172.17.0.2:45581, b3b9a181-77ef-445c-8f67-7418b9e03f94|rpc:172.17.0.2:34251, 0c45c32f-b13d-44d6-bbf6-638a87f65fa5|rpc:172.17.0.2:36969], old=null
2021-01-06 16:47:15,956 [b260e4ee-445a-4422-8fbe-3a6caa0392e6@group-E1E8F399534A-LeaderElection68] INFO  impl.RoleInfo (RoleInfo.java:shutdownLeaderElection(121)) - b260e4ee-445a-4422-8fbe-3a6caa0392e6: shutdown b260e4ee-445a-4422-8fbe-3a6caa0392e6@group-E1E8F399534A-LeaderElection68
2021-01-06 16:47:15,957 [b260e4ee-445a-4422-8fbe-3a6caa0392e6@group-E1E8F399534A-LeaderElection68] INFO  server.RaftServer$Division (RaftServerImpl.java:setRole(275)) - b260e4ee-445a-4422-8fbe-3a6caa0392e6@group-E1E8F399534A: changes role from CANDIDATE to LEADER at term 1 for changeToLeader
2021-01-06 16:47:15,957 [b260e4ee-445a-4422-8fbe-3a6caa0392e6@group-E1E8F399534A-LeaderElection68] INFO  ratis.XceiverServerRatis (XceiverServerRatis.java:handleLeaderChangedNotification(862)) - Leader change notification received for group: group-E1E8F399534A with new leaderId: b260e4ee-445a-4422-8fbe-3a6caa0392e6
2021-01-06 16:47:15,957 [b260e4ee-445a-4422-8fbe-3a6caa0392e6@group-E1E8F399534A-LeaderElection68] INFO  server.RaftServer$Division (ServerState.java:setLeader(258)) - b260e4ee-445a-4422-8fbe-3a6caa0392e6@group-E1E8F399534A: change Leader from null to b260e4ee-445a-4422-8fbe-3a6caa0392e6 at term 1 for becomeLeader, leader elected after 5049ms
2021-01-06 16:47:15,957 [b260e4ee-445a-4422-8fbe-3a6caa0392e6@group-E1E8F399534A-LeaderElection68] INFO  server.RaftServerConfigKeys (ConfUtils.java:logGet(44)) - raft.server.staging.catchup.gap = 1000 (default)
2021-01-06 16:47:15,957 [b260e4ee-445a-4422-8fbe-3a6caa0392e6@group-E1E8F399534A-LeaderElection68] INFO  metrics.RatisMetrics (RatisMetrics.java:lambda$create$0(36)) - Creating Metrics Registry : ratis.log_appender.b260e4ee-445a-4422-8fbe-3a6caa0392e6@group-E1E8F399534A
2021-01-06 16:47:15,957 [b260e4ee-445a-4422-8fbe-3a6caa0392e6@group-E1E8F399534A-LeaderElection68] INFO  server.RaftServerConfigKeys (ConfUtils.java:logGet(44)) - raft.server.write.element-limit = 1024 (custom)
2021-01-06 16:47:15,957 [b260e4ee-445a-4422-8fbe-3a6caa0392e6@group-E1E8F399534A-LeaderElection68] INFO  server.RaftServerConfigKeys (ConfUtils.java:logGet(44)) - raft.server.write.byte-limit = 1073741824 (custom)
2021-01-06 16:47:15,958 [b260e4ee-445a-4422-8fbe-3a6caa0392e6@group-E1E8F399534A-LeaderElection68] INFO  server.RaftServerConfigKeys (ConfUtils.java:logGet(44)) - raft.server.watch.timeout = 180s (custom)
2021-01-06 16:47:15,958 [b260e4ee-445a-4422-8fbe-3a6caa0392e6@group-E1E8F399534A-LeaderElection68] INFO  server.RaftServerConfigKeys (ConfUtils.java:logGet(44)) - raft.server.watch.timeout.denomination = 1s (default)
2021-01-06 16:47:15,958 [b260e4ee-445a-4422-8fbe-3a6caa0392e6@group-E1E8F399534A-LeaderElection68] INFO  server.RaftServerConfigKeys (ConfUtils.java:logGet(44)) - raft.server.watch.element-limit = 65536 (default)
2021-01-06 16:47:15,958 [b260e4ee-445a-4422-8fbe-3a6caa0392e6@group-E1E8F399534A-LeaderElection68] INFO  server.RaftServerConfigKeys (ConfUtils.java:logGet(44)) - raft.server.log.appender.snapshot.chunk.size.max = 16MB (=16777216) (default)
2021-01-06 16:47:15,958 [b260e4ee-445a-4422-8fbe-3a6caa0392e6@group-E1E8F399534A-LeaderElection68] INFO  server.RaftServerConfigKeys (ConfUtils.java:logGet(44)) - raft.server.log.appender.buffer.byte-limit = 33554432 (custom)
2021-01-06 16:47:15,958 [b260e4ee-445a-4422-8fbe-3a6caa0392e6@group-E1E8F399534A-LeaderElection68] INFO  server.RaftServerConfigKeys (ConfUtils.java:logGet(44)) - raft.server.log.appender.buffer.element-limit = 1 (custom)
2021-01-06 16:47:15,958 [b260e4ee-445a-4422-8fbe-3a6caa0392e6@group-E1E8F399534A-LeaderElection68] INFO  grpc.GrpcConfigKeys (ConfUtils.java:logGet(44)) - raft.grpc.server.leader.outstanding.appends.max = 128 (default)
2021-01-06 16:47:15,958 [b260e4ee-445a-4422-8fbe-3a6caa0392e6@group-E1E8F399534A-LeaderElection68] INFO  server.RaftServerConfigKeys (ConfUtils.java:logGet(44)) - raft.server.rpc.request.timeout = 60s (custom)
2021-01-06 16:47:15,958 [b260e4ee-445a-4422-8fbe-3a6caa0392e6@group-E1E8F399534A-LeaderElection68] INFO  server.RaftServerConfigKeys (ConfUtils.java:logGet(44)) - raft.server.log.appender.install.snapshot.enabled = false (custom)
2021-01-06 16:47:15,958 [b260e4ee-445a-4422-8fbe-3a6caa0392e6@group-E1E8F399534A-LeaderElection68] INFO  metrics.RatisMetrics (RatisMetrics.java:lambda$create$0(36)) - Creating Metrics Registry : ratis_grpc.log_appender.b260e4ee-445a-4422-8fbe-3a6caa0392e6@group-E1E8F399534A
2021-01-06 16:47:15,960 [EventQueue-PipelineReportForPipelineReportHandler] INFO  pipeline.PipelineStateManager (PipelineStateManager.java:openPipeline(132)) - Pipeline Pipeline[ Id: 91087ea0-1d77-4e3b-aed9-e1e8f399534a, Nodes: b3b9a181-77ef-445c-8f67-7418b9e03f94{ip: 172.17.0.2, host: d1d2f32d3d04, networkLocation: /default-rack, certSerialId: null, persistedOpState: IN_SERVICE, persistedOpStateExpiryEpochSec: 0}b260e4ee-445a-4422-8fbe-3a6caa0392e6{ip: 172.17.0.2, host: d1d2f32d3d04, networkLocation: /default-rack, certSerialId: null, persistedOpState: IN_SERVICE, persistedOpStateExpiryEpochSec: 0}0c45c32f-b13d-44d6-bbf6-638a87f65fa5{ip: 172.17.0.2, host: d1d2f32d3d04, networkLocation: /default-rack, certSerialId: null, persistedOpState: IN_SERVICE, persistedOpStateExpiryEpochSec: 0}, Type:RATIS, Factor:THREE, State:ALLOCATED, leaderId:b260e4ee-445a-4422-8fbe-3a6caa0392e6, CreationTimestamp2021-01-06T16:47:08.222Z] moved to OPEN state
2021-01-06 16:47:15,961 [b260e4ee-445a-4422-8fbe-3a6caa0392e6@group-E1E8F399534A-LeaderElection68] INFO  server.RaftServerConfigKeys (ConfUtils.java:logGet(44)) - raft.server.log.appender.snapshot.chunk.size.max = 16MB (=16777216) (default)
2021-01-06 16:47:15,961 [b260e4ee-445a-4422-8fbe-3a6caa0392e6@group-E1E8F399534A-LeaderElection68] INFO  server.RaftServerConfigKeys (ConfUtils.java:logGet(44)) - raft.server.log.appender.buffer.byte-limit = 33554432 (custom)
2021-01-06 16:47:15,961 [b260e4ee-445a-4422-8fbe-3a6caa0392e6@group-E1E8F399534A-LeaderElection68] INFO  server.RaftServerConfigKeys (ConfUtils.java:logGet(44)) - raft.server.log.appender.buffer.element-limit = 1 (custom)
2021-01-06 16:47:15,961 [b260e4ee-445a-4422-8fbe-3a6caa0392e6@group-E1E8F399534A-LeaderElection68] INFO  grpc.GrpcConfigKeys (ConfUtils.java:logGet(44)) - raft.grpc.server.leader.outstanding.appends.max = 128 (default)
2021-01-06 16:47:15,961 [b260e4ee-445a-4422-8fbe-3a6caa0392e6@group-E1E8F399534A-LeaderElection68] INFO  server.RaftServerConfigKeys (ConfUtils.java:logGet(44)) - raft.server.rpc.request.timeout = 60s (custom)
2021-01-06 16:47:15,961 [b260e4ee-445a-4422-8fbe-3a6caa0392e6@group-E1E8F399534A-LeaderElection68] INFO  server.RaftServerConfigKeys (ConfUtils.java:logGet(44)) - raft.server.log.appender.install.snapshot.enabled = false (custom)
2021-01-06 16:47:15,963 [b260e4ee-445a-4422-8fbe-3a6caa0392e6@group-E1E8F399534A-LeaderElection68] INFO  impl.RoleInfo (RoleInfo.java:updateAndGet(130)) - b260e4ee-445a-4422-8fbe-3a6caa0392e6: start b260e4ee-445a-4422-8fbe-3a6caa0392e6@group-E1E8F399534A-LeaderStateImpl
2021-01-06 16:47:15,964 [b260e4ee-445a-4422-8fbe-3a6caa0392e6@group-E1E8F399534A-LeaderElection68] INFO  segmented.SegmentedRaftLogWorker (SegmentedRaftLogWorker.java:startLogSegment(392)) - b260e4ee-445a-4422-8fbe-3a6caa0392e6@group-E1E8F399534A-SegmentedRaftLogWorker: Starting segment from index:0
2021-01-06 16:47:15,973 [b260e4ee-445a-4422-8fbe-3a6caa0392e6@group-E1E8F399534A-LeaderElection68] INFO  server.RaftServer$Division (ServerState.java:setRaftConf(374)) - b260e4ee-445a-4422-8fbe-3a6caa0392e6@group-E1E8F399534A: set configuration 0: [b260e4ee-445a-4422-8fbe-3a6caa0392e6|rpc:172.17.0.2:45581|dataStream:, b3b9a181-77ef-445c-8f67-7418b9e03f94|rpc:172.17.0.2:34251|dataStream:, 0c45c32f-b13d-44d6-bbf6-638a87f65fa5|rpc:172.17.0.2:36969|dataStream:], old=null at 0
2021-01-06 16:47:15,974 [b260e4ee-445a-4422-8fbe-3a6caa0392e6@group-E1E8F399534A-SegmentedRaftLogWorker] INFO  segmented.SegmentedRaftLogWorker (SegmentedRaftLogWorker.java:execute(599)) - b260e4ee-445a-4422-8fbe-3a6caa0392e6@group-E1E8F399534A-SegmentedRaftLogWorker: created new log segment /github/workspace/mnt/ozone/hadoop-ozone/integration-test/target/test-dir/MiniOzoneClusterImpl-1d43af91-9f82-444b-8964-eb6d4844fd62/datanode-3/data/ratis/91087ea0-1d77-4e3b-aed9-e1e8f399534a/current/log_inprogress_0
2021-01-06 16:47:15,985 [grpc-default-executor-5] INFO  ratis.XceiverServerRatis (XceiverServerRatis.java:handleLeaderChangedNotification(862)) - Leader change notification received for group: group-E1E8F399534A with new leaderId: b260e4ee-445a-4422-8fbe-3a6caa0392e6
2021-01-06 16:47:15,985 [grpc-default-executor-5] INFO  server.RaftServer$Division (ServerState.java:setLeader(258)) - 0c45c32f-b13d-44d6-bbf6-638a87f65fa5@group-E1E8F399534A: change Leader from null to b260e4ee-445a-4422-8fbe-3a6caa0392e6 at term 1 for appendEntries, leader elected after 5033ms
2021-01-06 16:47:15,997 [grpc-default-executor-2] INFO  ratis.XceiverServerRatis (XceiverServerRatis.java:handleLeaderChangedNotification(862)) - Leader change notification received for group: group-E1E8F399534A with new leaderId: b260e4ee-445a-4422-8fbe-3a6caa0392e6
2021-01-06 16:47:15,998 [grpc-default-executor-2] INFO  server.RaftServer$Division (ServerState.java:setLeader(258)) - b3b9a181-77ef-445c-8f67-7418b9e03f94@group-E1E8F399534A: change Leader from null to b260e4ee-445a-4422-8fbe-3a6caa0392e6 at term 1 for appendEntries, leader elected after 5065ms
2021-01-06 16:47:16,007 [grpc-default-executor-0] INFO  server.RaftServer$Division (ServerState.java:setRaftConf(374)) - 0c45c32f-b13d-44d6-bbf6-638a87f65fa5@group-E1E8F399534A: set configuration 0: [b260e4ee-445a-4422-8fbe-3a6caa0392e6|rpc:172.17.0.2:45581|dataStream:, b3b9a181-77ef-445c-8f67-7418b9e03f94|rpc:172.17.0.2:34251|dataStream:, 0c45c32f-b13d-44d6-bbf6-638a87f65fa5|rpc:172.17.0.2:36969|dataStream:], old=null at 0
2021-01-06 16:47:16,010 [grpc-default-executor-0] INFO  segmented.SegmentedRaftLogWorker (SegmentedRaftLogWorker.java:startLogSegment(392)) - 0c45c32f-b13d-44d6-bbf6-638a87f65fa5@group-E1E8F399534A-SegmentedRaftLogWorker: Starting segment from index:0
2021-01-06 16:47:16,010 [grpc-default-executor-2] INFO  server.RaftServer$Division (ServerState.java:setRaftConf(374)) - b3b9a181-77ef-445c-8f67-7418b9e03f94@group-E1E8F399534A: set configuration 0: [b260e4ee-445a-4422-8fbe-3a6caa0392e6|rpc:172.17.0.2:45581|dataStream:, b3b9a181-77ef-445c-8f67-7418b9e03f94|rpc:172.17.0.2:34251|dataStream:, 0c45c32f-b13d-44d6-bbf6-638a87f65fa5|rpc:172.17.0.2:36969|dataStream:], old=null at 0
2021-01-06 16:47:16,011 [0c45c32f-b13d-44d6-bbf6-638a87f65fa5@group-E1E8F399534A-SegmentedRaftLogWorker] INFO  segmented.SegmentedRaftLogWorker (SegmentedRaftLogWorker.java:execute(599)) - 0c45c32f-b13d-44d6-bbf6-638a87f65fa5@group-E1E8F399534A-SegmentedRaftLogWorker: created new log segment /github/workspace/mnt/ozone/hadoop-ozone/integration-test/target/test-dir/MiniOzoneClusterImpl-1d43af91-9f82-444b-8964-eb6d4844fd62/datanode-4/data/ratis/91087ea0-1d77-4e3b-aed9-e1e8f399534a/current/log_inprogress_0
2021-01-06 16:47:16,011 [grpc-default-executor-2] INFO  segmented.SegmentedRaftLogWorker (SegmentedRaftLogWorker.java:startLogSegment(392)) - b3b9a181-77ef-445c-8f67-7418b9e03f94@group-E1E8F399534A-SegmentedRaftLogWorker: Starting segment from index:0
2021-01-06 16:47:16,013 [b3b9a181-77ef-445c-8f67-7418b9e03f94@group-E1E8F399534A-SegmentedRaftLogWorker] INFO  segmented.SegmentedRaftLogWorker (SegmentedRaftLogWorker.java:execute(599)) - b3b9a181-77ef-445c-8f67-7418b9e03f94@group-E1E8F399534A-SegmentedRaftLogWorker: created new log segment /github/workspace/mnt/ozone/hadoop-ozone/integration-test/target/test-dir/MiniOzoneClusterImpl-1d43af91-9f82-444b-8964-eb6d4844fd62/datanode-5/data/ratis/91087ea0-1d77-4e3b-aed9-e1e8f399534a/current/log_inprogress_0
2021-01-06 16:47:16,061 [Thread-4400] INFO  impl.FollowerState (FollowerState.java:run(133)) - b260e4ee-445a-4422-8fbe-3a6caa0392e6@group-763C3359D237-FollowerState: change to CANDIDATE, lastRpcElapsedTime:5160362467ns, electionTimeout:5160ms
2021-01-06 16:47:16,061 [Thread-4400] INFO  impl.RoleInfo (RoleInfo.java:shutdownFollowerState(108)) - b260e4ee-445a-4422-8fbe-3a6caa0392e6: shutdown b260e4ee-445a-4422-8fbe-3a6caa0392e6@group-763C3359D237-FollowerState
2021-01-06 16:47:16,061 [Thread-4400] INFO  server.RaftServer$Division (RaftServerImpl.java:setRole(275)) - b260e4ee-445a-4422-8fbe-3a6caa0392e6@group-763C3359D237: changes role from  FOLLOWER to CANDIDATE at term 0 for changeToCandidate
2021-01-06 16:47:16,061 [Thread-4400] INFO  impl.RoleInfo (RoleInfo.java:updateAndGet(130)) - b260e4ee-445a-4422-8fbe-3a6caa0392e6: start b260e4ee-445a-4422-8fbe-3a6caa0392e6@group-763C3359D237-LeaderElection69
2021-01-06 16:47:16,063 [b260e4ee-445a-4422-8fbe-3a6caa0392e6@group-763C3359D237-LeaderElection69] INFO  impl.LeaderElection (LeaderElection.java:askForVotes(219)) - b260e4ee-445a-4422-8fbe-3a6caa0392e6@group-763C3359D237-LeaderElection69: begin an election at term 1 for -1: [b260e4ee-445a-4422-8fbe-3a6caa0392e6|rpc:172.17.0.2:45581], old=null
2021-01-06 16:47:16,063 [b260e4ee-445a-4422-8fbe-3a6caa0392e6@group-763C3359D237-LeaderElection69] INFO  impl.RoleInfo (RoleInfo.java:shutdownLeaderElection(121)) - b260e4ee-445a-4422-8fbe-3a6caa0392e6: shutdown b260e4ee-445a-4422-8fbe-3a6caa0392e6@group-763C3359D237-LeaderElection69
2021-01-06 16:47:16,063 [b260e4ee-445a-4422-8fbe-3a6caa0392e6@group-763C3359D237-LeaderElection69] INFO  server.RaftServer$Division (RaftServerImpl.java:setRole(275)) - b260e4ee-445a-4422-8fbe-3a6caa0392e6@group-763C3359D237: changes role from CANDIDATE to LEADER at term 1 for changeToLeader
2021-01-06 16:47:16,063 [b260e4ee-445a-4422-8fbe-3a6caa0392e6@group-763C3359D237-LeaderElection69] INFO  ratis.XceiverServerRatis (XceiverServerRatis.java:handleLeaderChangedNotification(862)) - Leader change notification received for group: group-763C3359D237 with new leaderId: b260e4ee-445a-4422-8fbe-3a6caa0392e6
2021-01-06 16:47:16,063 [b260e4ee-445a-4422-8fbe-3a6caa0392e6@group-763C3359D237-LeaderElection69] INFO  server.RaftServer$Division (ServerState.java:setLeader(258)) - b260e4ee-445a-4422-8fbe-3a6caa0392e6@group-763C3359D237: change Leader from null to b260e4ee-445a-4422-8fbe-3a6caa0392e6 at term 1 for becomeLeader, leader elected after 5171ms
2021-01-06 16:47:16,063 [b260e4ee-445a-4422-8fbe-3a6caa0392e6@group-763C3359D237-LeaderElection69] INFO  server.RaftServerConfigKeys (ConfUtils.java:logGet(44)) - raft.server.staging.catchup.gap = 1000 (default)
2021-01-06 16:47:16,063 [b260e4ee-445a-4422-8fbe-3a6caa0392e6@group-763C3359D237-LeaderElection69] INFO  metrics.RatisMetrics (RatisMetrics.java:lambda$create$0(36)) - Creating Metrics Registry : ratis.log_appender.b260e4ee-445a-4422-8fbe-3a6caa0392e6@group-763C3359D237
2021-01-06 16:47:16,064 [b260e4ee-445a-4422-8fbe-3a6caa0392e6@group-763C3359D237-LeaderElection69] INFO  server.RaftServerConfigKeys (ConfUtils.java:logGet(44)) - raft.server.write.element-limit = 1024 (custom)
2021-01-06 16:47:16,064 [b260e4ee-445a-4422-8fbe-3a6caa0392e6@group-763C3359D237-LeaderElection69] INFO  server.RaftServerConfigKeys (ConfUtils.java:logGet(44)) - raft.server.write.byte-limit = 1073741824 (custom)
2021-01-06 16:47:16,064 [b260e4ee-445a-4422-8fbe-3a6caa0392e6@group-763C3359D237-LeaderElection69] INFO  server.RaftServerConfigKeys (ConfUtils.java:logGet(44)) - raft.server.watch.timeout = 180s (custom)
2021-01-06 16:47:16,065 [b260e4ee-445a-4422-8fbe-3a6caa0392e6@group-763C3359D237-LeaderElection69] INFO  server.RaftServerConfigKeys (ConfUtils.java:logGet(44)) - raft.server.watch.timeout.denomination = 1s (default)
2021-01-06 16:47:16,065 [b260e4ee-445a-4422-8fbe-3a6caa0392e6@group-763C3359D237-LeaderElection69] INFO  server.RaftServerConfigKeys (ConfUtils.java:logGet(44)) - raft.server.watch.element-limit = 65536 (default)
2021-01-06 16:47:16,065 [b260e4ee-445a-4422-8fbe-3a6caa0392e6@group-763C3359D237-LeaderElection69] INFO  impl.RoleInfo (RoleInfo.java:updateAndGet(130)) - b260e4ee-445a-4422-8fbe-3a6caa0392e6: start b260e4ee-445a-4422-8fbe-3a6caa0392e6@group-763C3359D237-LeaderStateImpl
2021-01-06 16:47:16,065 [b260e4ee-445a-4422-8fbe-3a6caa0392e6@group-763C3359D237-LeaderElection69] INFO  segmented.SegmentedRaftLogWorker (SegmentedRaftLogWorker.java:startLogSegment(392)) - b260e4ee-445a-4422-8fbe-3a6caa0392e6@group-763C3359D237-SegmentedRaftLogWorker: Starting segment from index:0
2021-01-06 16:47:16,066 [b260e4ee-445a-4422-8fbe-3a6caa0392e6@group-763C3359D237-LeaderElection69] INFO  server.RaftServer$Division (ServerState.java:setRaftConf(374)) - b260e4ee-445a-4422-8fbe-3a6caa0392e6@group-763C3359D237: set configuration 0: [b260e4ee-445a-4422-8fbe-3a6caa0392e6|rpc:172.17.0.2:45581|dataStream:], old=null at 0
2021-01-06 16:47:16,066 [b260e4ee-445a-4422-8fbe-3a6caa0392e6@group-763C3359D237-SegmentedRaftLogWorker] INFO  segmented.SegmentedRaftLogWorker (SegmentedRaftLogWorker.java:execute(599)) - b260e4ee-445a-4422-8fbe-3a6caa0392e6@group-763C3359D237-SegmentedRaftLogWorker: created new log segment /github/workspace/mnt/ozone/hadoop-ozone/integration-test/target/test-dir/MiniOzoneClusterImpl-1d43af91-9f82-444b-8964-eb6d4844fd62/datanode-3/data/ratis/d9736a8a-7773-40e9-b5bd-763c3359d237/current/log_inprogress_0
2021-01-06 16:47:16,138 [Thread-4410] INFO  impl.FollowerState (FollowerState.java:run(133)) - 0c45c32f-b13d-44d6-bbf6-638a87f65fa5@group-8B2175EDBB9C-FollowerState: change to CANDIDATE, lastRpcElapsedTime:5074376796ns, electionTimeout:5074ms
2021-01-06 16:47:16,138 [Thread-4410] INFO  impl.RoleInfo (RoleInfo.java:shutdownFollowerState(108)) - 0c45c32f-b13d-44d6-bbf6-638a87f65fa5: shutdown 0c45c32f-b13d-44d6-bbf6-638a87f65fa5@group-8B2175EDBB9C-FollowerState
2021-01-06 16:47:16,138 [Thread-4410] INFO  server.RaftServer$Division (RaftServerImpl.java:setRole(275)) - 0c45c32f-b13d-44d6-bbf6-638a87f65fa5@group-8B2175EDBB9C: changes role from  FOLLOWER to CANDIDATE at term 0 for changeToCandidate
2021-01-06 16:47:16,139 [Thread-4410] INFO  impl.RoleInfo (RoleInfo.java:updateAndGet(130)) - 0c45c32f-b13d-44d6-bbf6-638a87f65fa5: start 0c45c32f-b13d-44d6-bbf6-638a87f65fa5@group-8B2175EDBB9C-LeaderElection70
2021-01-06 16:47:16,141 [0c45c32f-b13d-44d6-bbf6-638a87f65fa5@group-8B2175EDBB9C-LeaderElection70] INFO  impl.LeaderElection (LeaderElection.java:askForVotes(219)) - 0c45c32f-b13d-44d6-bbf6-638a87f65fa5@group-8B2175EDBB9C-LeaderElection70: begin an election at term 1 for -1: [0c45c32f-b13d-44d6-bbf6-638a87f65fa5|rpc:172.17.0.2:36969], old=null
2021-01-06 16:47:16,141 [0c45c32f-b13d-44d6-bbf6-638a87f65fa5@group-8B2175EDBB9C-LeaderElection70] INFO  impl.RoleInfo (RoleInfo.java:shutdownLeaderElection(121)) - 0c45c32f-b13d-44d6-bbf6-638a87f65fa5: shutdown 0c45c32f-b13d-44d6-bbf6-638a87f65fa5@group-8B2175EDBB9C-LeaderElection70
2021-01-06 16:47:16,141 [0c45c32f-b13d-44d6-bbf6-638a87f65fa5@group-8B2175EDBB9C-LeaderElection70] INFO  server.RaftServer$Division (RaftServerImpl.java:setRole(275)) - 0c45c32f-b13d-44d6-bbf6-638a87f65fa5@group-8B2175EDBB9C: changes role from CANDIDATE to LEADER at term 1 for changeToLeader
2021-01-06 16:47:16,141 [0c45c32f-b13d-44d6-bbf6-638a87f65fa5@group-8B2175EDBB9C-LeaderElection70] INFO  ratis.XceiverServerRatis (XceiverServerRatis.java:handleLeaderChangedNotification(862)) - Leader change notification received for group: group-8B2175EDBB9C with new leaderId: 0c45c32f-b13d-44d6-bbf6-638a87f65fa5
2021-01-06 16:47:16,141 [0c45c32f-b13d-44d6-bbf6-638a87f65fa5@group-8B2175EDBB9C-LeaderElection70] INFO  server.RaftServer$Division (ServerState.java:setLeader(258)) - 0c45c32f-b13d-44d6-bbf6-638a87f65fa5@group-8B2175EDBB9C: change Leader from null to 0c45c32f-b13d-44d6-bbf6-638a87f65fa5 at term 1 for becomeLeader, leader elected after 5086ms
2021-01-06 16:47:16,141 [0c45c32f-b13d-44d6-bbf6-638a87f65fa5@group-8B2175EDBB9C-LeaderElection70] INFO  server.RaftServerConfigKeys (ConfUtils.java:logGet(44)) - raft.server.staging.catchup.gap = 1000 (default)
2021-01-06 16:47:16,141 [0c45c32f-b13d-44d6-bbf6-638a87f65fa5@group-8B2175EDBB9C-LeaderElection70] INFO  metrics.RatisMetrics (RatisMetrics.java:lambda$create$0(36)) - Creating Metrics Registry : ratis.log_appender.0c45c32f-b13d-44d6-bbf6-638a87f65fa5@group-8B2175EDBB9C
2021-01-06 16:47:16,142 [0c45c32f-b13d-44d6-bbf6-638a87f65fa5@group-8B2175EDBB9C-LeaderElection70] INFO  server.RaftServerConfigKeys (ConfUtils.java:logGet(44)) - raft.server.write.element-limit = 1024 (custom)
2021-01-06 16:47:16,142 [0c45c32f-b13d-44d6-bbf6-638a87f65fa5@group-8B2175EDBB9C-LeaderElection70] INFO  server.RaftServerConfigKeys (ConfUtils.java:logGet(44)) - raft.server.write.byte-limit = 1073741824 (custom)
2021-01-06 16:47:16,143 [0c45c32f-b13d-44d6-bbf6-638a87f65fa5@group-8B2175EDBB9C-LeaderElection70] INFO  server.RaftServerConfigKeys (ConfUtils.java:logGet(44)) - raft.server.watch.timeout = 180s (custom)
2021-01-06 16:47:16,143 [0c45c32f-b13d-44d6-bbf6-638a87f65fa5@group-8B2175EDBB9C-LeaderElection70] INFO  server.RaftServerConfigKeys (ConfUtils.java:logGet(44)) - raft.server.watch.timeout.denomination = 1s (default)
2021-01-06 16:47:16,143 [0c45c32f-b13d-44d6-bbf6-638a87f65fa5@group-8B2175EDBB9C-LeaderElection70] INFO  server.RaftServerConfigKeys (ConfUtils.java:logGet(44)) - raft.server.watch.element-limit = 65536 (default)
2021-01-06 16:47:16,143 [0c45c32f-b13d-44d6-bbf6-638a87f65fa5@group-8B2175EDBB9C-LeaderElection70] INFO  impl.RoleInfo (RoleInfo.java:updateAndGet(130)) - 0c45c32f-b13d-44d6-bbf6-638a87f65fa5: start 0c45c32f-b13d-44d6-bbf6-638a87f65fa5@group-8B2175EDBB9C-LeaderStateImpl
2021-01-06 16:47:16,143 [0c45c32f-b13d-44d6-bbf6-638a87f65fa5@group-8B2175EDBB9C-LeaderElection70] INFO  segmented.SegmentedRaftLogWorker (SegmentedRaftLogWorker.java:startLogSegment(392)) - 0c45c32f-b13d-44d6-bbf6-638a87f65fa5@group-8B2175EDBB9C-SegmentedRaftLogWorker: Starting segment from index:0
2021-01-06 16:47:16,143 [0c45c32f-b13d-44d6-bbf6-638a87f65fa5@group-8B2175EDBB9C-LeaderElection70] INFO  server.RaftServer$Division (ServerState.java:setRaftConf(374)) - 0c45c32f-b13d-44d6-bbf6-638a87f65fa5@group-8B2175EDBB9C: set configuration 0: [0c45c32f-b13d-44d6-bbf6-638a87f65fa5|rpc:172.17.0.2:36969|dataStream:], old=null at 0
2021-01-06 16:47:16,145 [0c45c32f-b13d-44d6-bbf6-638a87f65fa5@group-8B2175EDBB9C-SegmentedRaftLogWorker] INFO  segmented.SegmentedRaftLogWorker (SegmentedRaftLogWorker.java:execute(599)) - 0c45c32f-b13d-44d6-bbf6-638a87f65fa5@group-8B2175EDBB9C-SegmentedRaftLogWorker: created new log segment /github/workspace/mnt/ozone/hadoop-ozone/integration-test/target/test-dir/MiniOzoneClusterImpl-1d43af91-9f82-444b-8964-eb6d4844fd62/datanode-4/data/ratis/1daff035-b3fc-408b-bb07-8b2175edbb9c/current/log_inprogress_0
2021-01-06 16:47:16,219 [Listener at 127.0.0.1/40037] INFO  ozone.MiniOzoneClusterImpl (MiniOzoneClusterImpl.java:lambda$waitForClusterToBeReady$0(179)) - Nodes are ready. Got 6 of 6 DN Heartbeats.
2021-01-06 16:47:16,220 [Listener at 127.0.0.1/40037] INFO  ozone.MiniOzoneClusterImpl (MiniOzoneClusterImpl.java:lambda$waitForClusterToBeReady$0(182)) - Cluster exits safe mode
2021-01-06 16:47:16,236 [Listener at 127.0.0.1/40037] INFO  rpc.RpcClient (RpcClient.java:createVolume(273)) - Creating Volume: vol1, with user88533 as owner.
2021-01-06 16:47:16,237 [IPC Server handler 7 on default port 40037] INFO  volume.OMVolumeCreateRequest (OMVolumeCreateRequest.java:validateAndUpdateCache(196)) - created volume:vol1 for user:user88533
2021-01-06 16:47:16,243 [Listener at 127.0.0.1/40037] INFO  rpc.RpcClient (RpcClient.java:createBucket(429)) - Creating Bucket: vol1/bucket1, with Versioning false and Storage Type set to DISK and Encryption set to false 
2021-01-06 16:47:16,265 [Listener at 127.0.0.1/40037] INFO  metrics.RatisMetrics (RatisMetrics.java:lambda$create$0(36)) - Creating Metrics Registry : ratis.client_message_metrics.client-B56E0D1302A5->b260e4ee-445a-4422-8fbe-3a6caa0392e6
2021-01-06 16:47:16,270 [grpc-default-executor-0] INFO  metrics.RatisMetrics (RatisMetrics.java:lambda$create$0(36)) - Creating Metrics Registry : ratis.server_message_metrics.b260e4ee-445a-4422-8fbe-3a6caa0392e6
2021-01-06 16:47:16,272 [Thread-4412] INFO  impl.FollowerState (FollowerState.java:run(133)) - b3b9a181-77ef-445c-8f67-7418b9e03f94@group-0CF1A164F156-FollowerState: change to CANDIDATE, lastRpcElapsedTime:5034319370ns, electionTimeout:5034ms
2021-01-06 16:47:16,272 [Thread-4412] INFO  impl.RoleInfo (RoleInfo.java:shutdownFollowerState(108)) - b3b9a181-77ef-445c-8f67-7418b9e03f94: shutdown b3b9a181-77ef-445c-8f67-7418b9e03f94@group-0CF1A164F156-FollowerState
2021-01-06 16:47:16,273 [Thread-4412] INFO  server.RaftServer$Division (RaftServerImpl.java:setRole(275)) - b3b9a181-77ef-445c-8f67-7418b9e03f94@group-0CF1A164F156: changes role from  FOLLOWER to CANDIDATE at term 0 for changeToCandidate
2021-01-06 16:47:16,273 [Thread-4412] INFO  impl.RoleInfo (RoleInfo.java:updateAndGet(130)) - b3b9a181-77ef-445c-8f67-7418b9e03f94: start b3b9a181-77ef-445c-8f67-7418b9e03f94@group-0CF1A164F156-LeaderElection71
2021-01-06 16:47:16,284 [b3b9a181-77ef-445c-8f67-7418b9e03f94@group-0CF1A164F156-LeaderElection71] INFO  impl.LeaderElection (LeaderElection.java:askForVotes(219)) - b3b9a181-77ef-445c-8f67-7418b9e03f94@group-0CF1A164F156-LeaderElection71: begin an election at term 1 for -1: [b3b9a181-77ef-445c-8f67-7418b9e03f94|rpc:172.17.0.2:34251], old=null
2021-01-06 16:47:16,284 [b3b9a181-77ef-445c-8f67-7418b9e03f94@group-0CF1A164F156-LeaderElection71] INFO  impl.RoleInfo (RoleInfo.java:shutdownLeaderElection(121)) - b3b9a181-77ef-445c-8f67-7418b9e03f94: shutdown b3b9a181-77ef-445c-8f67-7418b9e03f94@group-0CF1A164F156-LeaderElection71
2021-01-06 16:47:16,284 [b3b9a181-77ef-445c-8f67-7418b9e03f94@group-0CF1A164F156-LeaderElection71] INFO  server.RaftServer$Division (RaftServerImpl.java:setRole(275)) - b3b9a181-77ef-445c-8f67-7418b9e03f94@group-0CF1A164F156: changes role from CANDIDATE to LEADER at term 1 for changeToLeader
2021-01-06 16:47:16,284 [b3b9a181-77ef-445c-8f67-7418b9e03f94@group-0CF1A164F156-LeaderElection71] INFO  ratis.XceiverServerRatis (XceiverServerRatis.java:handleLeaderChangedNotification(862)) - Leader change notification received for group: group-0CF1A164F156 with new leaderId: b3b9a181-77ef-445c-8f67-7418b9e03f94
2021-01-06 16:47:16,285 [b3b9a181-77ef-445c-8f67-7418b9e03f94@group-0CF1A164F156-LeaderElection71] INFO  server.RaftServer$Division (ServerState.java:setLeader(258)) - b3b9a181-77ef-445c-8f67-7418b9e03f94@group-0CF1A164F156: change Leader from null to b3b9a181-77ef-445c-8f67-7418b9e03f94 at term 1 for becomeLeader, leader elected after 5054ms
2021-01-06 16:47:16,285 [b3b9a181-77ef-445c-8f67-7418b9e03f94@group-0CF1A164F156-LeaderElection71] INFO  server.RaftServerConfigKeys (ConfUtils.java:logGet(44)) - raft.server.staging.catchup.gap = 1000 (default)
2021-01-06 16:47:16,285 [b3b9a181-77ef-445c-8f67-7418b9e03f94@group-0CF1A164F156-LeaderElection71] INFO  metrics.RatisMetrics (RatisMetrics.java:lambda$create$0(36)) - Creating Metrics Registry : ratis.log_appender.b3b9a181-77ef-445c-8f67-7418b9e03f94@group-0CF1A164F156
2021-01-06 16:47:16,285 [b3b9a181-77ef-445c-8f67-7418b9e03f94@group-0CF1A164F156-LeaderElection71] INFO  server.RaftServerConfigKeys (ConfUtils.java:logGet(44)) - raft.server.write.element-limit = 1024 (custom)
2021-01-06 16:47:16,285 [b3b9a181-77ef-445c-8f67-7418b9e03f94@group-0CF1A164F156-LeaderElection71] INFO  server.RaftServerConfigKeys (ConfUtils.java:logGet(44)) - raft.server.write.byte-limit = 1073741824 (custom)
2021-01-06 16:47:16,285 [b3b9a181-77ef-445c-8f67-7418b9e03f94@group-0CF1A164F156-LeaderElection71] INFO  server.RaftServerConfigKeys (ConfUtils.java:logGet(44)) - raft.server.watch.timeout = 180s (custom)
2021-01-06 16:47:16,286 [b3b9a181-77ef-445c-8f67-7418b9e03f94@group-0CF1A164F156-LeaderElection71] INFO  server.RaftServerConfigKeys (ConfUtils.java:logGet(44)) - raft.server.watch.timeout.denomination = 1s (default)
2021-01-06 16:47:16,286 [b3b9a181-77ef-445c-8f67-7418b9e03f94@group-0CF1A164F156-LeaderElection71] INFO  server.RaftServerConfigKeys (ConfUtils.java:logGet(44)) - raft.server.watch.element-limit = 65536 (default)
2021-01-06 16:47:16,286 [b3b9a181-77ef-445c-8f67-7418b9e03f94@group-0CF1A164F156-LeaderElection71] INFO  impl.RoleInfo (RoleInfo.java:updateAndGet(130)) - b3b9a181-77ef-445c-8f67-7418b9e03f94: start b3b9a181-77ef-445c-8f67-7418b9e03f94@group-0CF1A164F156-LeaderStateImpl
2021-01-06 16:47:16,287 [b3b9a181-77ef-445c-8f67-7418b9e03f94@group-0CF1A164F156-LeaderElection71] INFO  segmented.SegmentedRaftLogWorker (SegmentedRaftLogWorker.java:startLogSegment(392)) - b3b9a181-77ef-445c-8f67-7418b9e03f94@group-0CF1A164F156-SegmentedRaftLogWorker: Starting segment from index:0
2021-01-06 16:47:16,288 [b3b9a181-77ef-445c-8f67-7418b9e03f94@group-0CF1A164F156-LeaderElection71] INFO  server.RaftServer$Division (ServerState.java:setRaftConf(374)) - b3b9a181-77ef-445c-8f67-7418b9e03f94@group-0CF1A164F156: set configuration 0: [b3b9a181-77ef-445c-8f67-7418b9e03f94|rpc:172.17.0.2:34251|dataStream:], old=null at 0
2021-01-06 16:47:16,289 [b3b9a181-77ef-445c-8f67-7418b9e03f94@group-0CF1A164F156-SegmentedRaftLogWorker] INFO  segmented.SegmentedRaftLogWorker (SegmentedRaftLogWorker.java:execute(599)) - b3b9a181-77ef-445c-8f67-7418b9e03f94@group-0CF1A164F156-SegmentedRaftLogWorker: created new log segment /github/workspace/mnt/ozone/hadoop-ozone/integration-test/target/test-dir/MiniOzoneClusterImpl-1d43af91-9f82-444b-8964-eb6d4844fd62/datanode-5/data/ratis/a8b4bb36-4b5d-436f-be76-0cf1a164f156/current/log_inprogress_0
2021-01-06 16:47:16,333 [Listener at 127.0.0.1/40037] INFO  metrics.RatisMetrics (RatisMetrics.java:lambda$create$0(36)) - Creating Metrics Registry : ratis.client_message_metrics.client-2DA26DE0BEBE->19774229-10ce-45d0-998c-3d7b10d140bf
2021-01-06 16:47:18,558 [EventQueue-Delayed safe mode statusForReplicationManager] INFO  container.ReplicationManager (ReplicationManager.java:start(186)) - Starting Replication Monitor Thread.
2021-01-06 16:47:18,559 [ReplicationMonitor] INFO  container.ReplicationManager (ReplicationManager.java:run(250)) - Replication Monitor Thread took 0 milliseconds for processing 4 containers.
2021-01-06 16:47:19,559 [ReplicationMonitor] INFO  container.ReplicationManager (ReplicationManager.java:run(250)) - Replication Monitor Thread took 0 milliseconds for processing 4 containers.
2021-01-06 16:47:20,559 [ReplicationMonitor] INFO  container.ReplicationManager (ReplicationManager.java:run(250)) - Replication Monitor Thread took 0 milliseconds for processing 4 containers.
2021-01-06 16:47:21,559 [ReplicationMonitor] INFO  container.ReplicationManager (ReplicationManager.java:run(250)) - Replication Monitor Thread took 0 milliseconds for processing 4 containers.
2021-01-06 16:47:21,810 [IPC Server handler 5 on default port 43433] INFO  node.NodeDecommissionManager (NodeDecommissionManager.java:startMaintenance(344)) - Starting Maintenance for node 0c45c32f-b13d-44d6-bbf6-638a87f65fa5{ip: 172.17.0.2, host: d1d2f32d3d04, networkLocation: /default-rack, certSerialId: null, persistedOpState: IN_SERVICE, persistedOpStateExpiryEpochSec: 0}
2021-01-06 16:47:21,993 [DatanodeAdminManager-0] INFO  node.DatanodeAdminMonitorImpl (DatanodeAdminMonitorImpl.java:checkPipelinesClosedOnNode(267)) - Waiting for pipelines to close for 0c45c32f-b13d-44d6-bbf6-638a87f65fa5{ip: 172.17.0.2, host: d1d2f32d3d04, networkLocation: /default-rack, certSerialId: null, persistedOpState: IN_SERVICE, persistedOpStateExpiryEpochSec: 0}. There are 2 pipelines
2021-01-06 16:47:21,993 [DatanodeAdminManager-0] INFO  node.DatanodeAdminMonitorImpl (DatanodeAdminMonitorImpl.java:run(136)) - There are 1 nodes tracked for decommission and maintenance. 0 pending nodes.
2021-01-06 16:47:21,993 [EventQueue-StartAdminOnNodeForStartDatanodeAdminHandler] INFO  node.StartDatanodeAdminHandler (StartDatanodeAdminHandler.java:onMessage(56)) - Admin start on datanode 0c45c32f-b13d-44d6-bbf6-638a87f65fa5{ip: 172.17.0.2, host: d1d2f32d3d04, networkLocation: /default-rack, certSerialId: null, persistedOpState: IN_SERVICE, persistedOpStateExpiryEpochSec: 0}. Finalizing its pipelines [PipelineID=91087ea0-1d77-4e3b-aed9-e1e8f399534a, PipelineID=1daff035-b3fc-408b-bb07-8b2175edbb9c]
2021-01-06 16:47:21,994 [EventQueue-StartAdminOnNodeForStartDatanodeAdminHandler] INFO  pipeline.SCMPipelineManager (SCMPipelineManager.java:finalizeAndDestroyPipeline(482)) - Destroying pipeline:Pipeline[ Id: 91087ea0-1d77-4e3b-aed9-e1e8f399534a, Nodes: b3b9a181-77ef-445c-8f67-7418b9e03f94{ip: 172.17.0.2, host: d1d2f32d3d04, networkLocation: /default-rack, certSerialId: null, persistedOpState: IN_SERVICE, persistedOpStateExpiryEpochSec: 0}b260e4ee-445a-4422-8fbe-3a6caa0392e6{ip: 172.17.0.2, host: d1d2f32d3d04, networkLocation: /default-rack, certSerialId: null, persistedOpState: IN_SERVICE, persistedOpStateExpiryEpochSec: 0}0c45c32f-b13d-44d6-bbf6-638a87f65fa5{ip: 172.17.0.2, host: d1d2f32d3d04, networkLocation: /default-rack, certSerialId: null, persistedOpState: IN_SERVICE, persistedOpStateExpiryEpochSec: 0}, Type:RATIS, Factor:THREE, State:OPEN, leaderId:b260e4ee-445a-4422-8fbe-3a6caa0392e6, CreationTimestamp2021-01-06T16:47:08.222Z]
2021-01-06 16:47:21,994 [EventQueue-StartAdminOnNodeForStartDatanodeAdminHandler] INFO  pipeline.PipelineStateManager (PipelineStateManager.java:finalizePipeline(121)) - Pipeline Pipeline[ Id: 91087ea0-1d77-4e3b-aed9-e1e8f399534a, Nodes: b3b9a181-77ef-445c-8f67-7418b9e03f94{ip: 172.17.0.2, host: d1d2f32d3d04, networkLocation: /default-rack, certSerialId: null, persistedOpState: IN_SERVICE, persistedOpStateExpiryEpochSec: 0}b260e4ee-445a-4422-8fbe-3a6caa0392e6{ip: 172.17.0.2, host: d1d2f32d3d04, networkLocation: /default-rack, certSerialId: null, persistedOpState: IN_SERVICE, persistedOpStateExpiryEpochSec: 0}0c45c32f-b13d-44d6-bbf6-638a87f65fa5{ip: 172.17.0.2, host: d1d2f32d3d04, networkLocation: /default-rack, certSerialId: null, persistedOpState: IN_SERVICE, persistedOpStateExpiryEpochSec: 0}, Type:RATIS, Factor:THREE, State:CLOSED, leaderId:b260e4ee-445a-4422-8fbe-3a6caa0392e6, CreationTimestamp2021-01-06T16:47:08.222Z] moved to CLOSED state
2021-01-06 16:47:21,994 [EventQueue-StartAdminOnNodeForStartDatanodeAdminHandler] INFO  pipeline.RatisPipelineProvider (RatisPipelineProvider.java:lambda$close$1(199)) - Send pipeline:PipelineID=91087ea0-1d77-4e3b-aed9-e1e8f399534a close command to datanode b3b9a181-77ef-445c-8f67-7418b9e03f94
2021-01-06 16:47:21,994 [EventQueue-StartAdminOnNodeForStartDatanodeAdminHandler] INFO  pipeline.RatisPipelineProvider (RatisPipelineProvider.java:lambda$close$1(199)) - Send pipeline:PipelineID=91087ea0-1d77-4e3b-aed9-e1e8f399534a close command to datanode b260e4ee-445a-4422-8fbe-3a6caa0392e6
2021-01-06 16:47:21,994 [EventQueue-StartAdminOnNodeForStartDatanodeAdminHandler] INFO  pipeline.RatisPipelineProvider (RatisPipelineProvider.java:lambda$close$1(199)) - Send pipeline:PipelineID=91087ea0-1d77-4e3b-aed9-e1e8f399534a close command to datanode 0c45c32f-b13d-44d6-bbf6-638a87f65fa5
2021-01-06 16:47:21,994 [EventQueue-StartAdminOnNodeForStartDatanodeAdminHandler] INFO  pipeline.PipelineStateManager (PipelineStateManager.java:removePipeline(106)) - Pipeline Pipeline[ Id: 91087ea0-1d77-4e3b-aed9-e1e8f399534a, Nodes: b3b9a181-77ef-445c-8f67-7418b9e03f94{ip: 172.17.0.2, host: d1d2f32d3d04, networkLocation: /default-rack, certSerialId: null, persistedOpState: IN_SERVICE, persistedOpStateExpiryEpochSec: 0}b260e4ee-445a-4422-8fbe-3a6caa0392e6{ip: 172.17.0.2, host: d1d2f32d3d04, networkLocation: /default-rack, certSerialId: null, persistedOpState: IN_SERVICE, persistedOpStateExpiryEpochSec: 0}0c45c32f-b13d-44d6-bbf6-638a87f65fa5{ip: 172.17.0.2, host: d1d2f32d3d04, networkLocation: /default-rack, certSerialId: null, persistedOpState: IN_SERVICE, persistedOpStateExpiryEpochSec: 0}, Type:RATIS, Factor:THREE, State:CLOSED, leaderId:b260e4ee-445a-4422-8fbe-3a6caa0392e6, CreationTimestamp2021-01-06T16:47:08.222Z] removed from db
2021-01-06 16:47:21,996 [EventQueue-CloseContainerForCloseContainerEventHandler] INFO  container.CloseContainerEventHandler (CloseContainerEventHandler.java:onMessage(61)) - Close container Event triggered for container : #1
2021-01-06 16:47:21,996 [EventQueue-StartAdminOnNodeForStartDatanodeAdminHandler] INFO  pipeline.SCMPipelineManager (SCMPipelineManager.java:finalizeAndDestroyPipeline(482)) - Destroying pipeline:Pipeline[ Id: 1daff035-b3fc-408b-bb07-8b2175edbb9c, Nodes: 0c45c32f-b13d-44d6-bbf6-638a87f65fa5{ip: 172.17.0.2, host: d1d2f32d3d04, networkLocation: /default-rack, certSerialId: null, persistedOpState: IN_SERVICE, persistedOpStateExpiryEpochSec: 0}, Type:RATIS, Factor:ONE, State:OPEN, leaderId:0c45c32f-b13d-44d6-bbf6-638a87f65fa5, CreationTimestamp2021-01-06T16:47:08.053Z]
2021-01-06 16:47:21,997 [EventQueue-StartAdminOnNodeForStartDatanodeAdminHandler] INFO  pipeline.PipelineStateManager (PipelineStateManager.java:finalizePipeline(121)) - Pipeline Pipeline[ Id: 1daff035-b3fc-408b-bb07-8b2175edbb9c, Nodes: 0c45c32f-b13d-44d6-bbf6-638a87f65fa5{ip: 172.17.0.2, host: d1d2f32d3d04, networkLocation: /default-rack, certSerialId: null, persistedOpState: IN_SERVICE, persistedOpStateExpiryEpochSec: 0}, Type:RATIS, Factor:ONE, State:CLOSED, leaderId:0c45c32f-b13d-44d6-bbf6-638a87f65fa5, CreationTimestamp2021-01-06T16:47:08.053Z] moved to CLOSED state
2021-01-06 16:47:21,997 [EventQueue-StartAdminOnNodeForStartDatanodeAdminHandler] INFO  pipeline.RatisPipelineProvider (RatisPipelineProvider.java:lambda$close$1(199)) - Send pipeline:PipelineID=1daff035-b3fc-408b-bb07-8b2175edbb9c close command to datanode 0c45c32f-b13d-44d6-bbf6-638a87f65fa5
2021-01-06 16:47:21,997 [EventQueue-StartAdminOnNodeForStartDatanodeAdminHandler] INFO  pipeline.PipelineStateManager (PipelineStateManager.java:removePipeline(106)) - Pipeline Pipeline[ Id: 1daff035-b3fc-408b-bb07-8b2175edbb9c, Nodes: 0c45c32f-b13d-44d6-bbf6-638a87f65fa5{ip: 172.17.0.2, host: d1d2f32d3d04, networkLocation: /default-rack, certSerialId: null, persistedOpState: IN_SERVICE, persistedOpStateExpiryEpochSec: 0}, Type:RATIS, Factor:ONE, State:CLOSED, leaderId:0c45c32f-b13d-44d6-bbf6-638a87f65fa5, CreationTimestamp2021-01-06T16:47:08.053Z] removed from db
2021-01-06 16:47:21,999 [EventQueue-CloseContainerForCloseContainerEventHandler] WARN  container.SCMContainerManager (SCMContainerManager.java:updateContainerState(367)) - Unable to remove container #1 from pipeline PipelineID=91087ea0-1d77-4e3b-aed9-e1e8f399534a  as the pipeline no longer exists
2021-01-06 16:47:21,999 [EventQueue-CloseContainerForCloseContainerEventHandler] INFO  container.CloseContainerEventHandler (CloseContainerEventHandler.java:onMessage(61)) - Close container Event triggered for container : #3
2021-01-06 16:47:21,999 [EventQueue-CloseContainerForCloseContainerEventHandler] WARN  container.SCMContainerManager (SCMContainerManager.java:updateContainerState(367)) - Unable to remove container #3 from pipeline PipelineID=91087ea0-1d77-4e3b-aed9-e1e8f399534a  as the pipeline no longer exists
2021-01-06 16:47:22,434 [IPC Server handler 13 on default port 44005] INFO  node.SCMNodeManager (SCMNodeManager.java:updateDatanodeOpState(419)) - Scheduling a command to update the operationalState persisted on the datanode as the reported value (IN_SERVICE, 0) does not match the value stored in SCM (ENTERING_MAINTENANCE, 0)
2021-01-06 16:47:22,560 [ReplicationMonitor] INFO  container.ReplicationManager (ReplicationManager.java:sendCloseCommand(948)) - Sending close container command for container #1 to datanode 0c45c32f-b13d-44d6-bbf6-638a87f65fa5{ip: 172.17.0.2, host: d1d2f32d3d04, networkLocation: /default-rack, certSerialId: null, persistedOpState: IN_SERVICE, persistedOpStateExpiryEpochSec: 0}.
2021-01-06 16:47:22,560 [ReplicationMonitor] INFO  container.ReplicationManager (ReplicationManager.java:sendCloseCommand(948)) - Sending close container command for container #1 to datanode b260e4ee-445a-4422-8fbe-3a6caa0392e6{ip: 172.17.0.2, host: d1d2f32d3d04, networkLocation: /default-rack, certSerialId: null, persistedOpState: IN_SERVICE, persistedOpStateExpiryEpochSec: 0}.
2021-01-06 16:47:22,560 [ReplicationMonitor] INFO  container.ReplicationManager (ReplicationManager.java:sendCloseCommand(948)) - Sending close container command for container #1 to datanode b3b9a181-77ef-445c-8f67-7418b9e03f94{ip: 172.17.0.2, host: d1d2f32d3d04, networkLocation: /default-rack, certSerialId: null, persistedOpState: IN_SERVICE, persistedOpStateExpiryEpochSec: 0}.
2021-01-06 16:47:22,560 [ReplicationMonitor] INFO  container.ReplicationManager (ReplicationManager.java:sendCloseCommand(948)) - Sending close container command for container #3 to datanode b260e4ee-445a-4422-8fbe-3a6caa0392e6{ip: 172.17.0.2, host: d1d2f32d3d04, networkLocation: /default-rack, certSerialId: null, persistedOpState: IN_SERVICE, persistedOpStateExpiryEpochSec: 0}.
2021-01-06 16:47:22,560 [ReplicationMonitor] INFO  container.ReplicationManager (ReplicationManager.java:sendCloseCommand(948)) - Sending close container command for container #3 to datanode 0c45c32f-b13d-44d6-bbf6-638a87f65fa5{ip: 172.17.0.2, host: d1d2f32d3d04, networkLocation: /default-rack, certSerialId: null, persistedOpState: IN_SERVICE, persistedOpStateExpiryEpochSec: 0}.
2021-01-06 16:47:22,560 [ReplicationMonitor] INFO  container.ReplicationManager (ReplicationManager.java:sendCloseCommand(948)) - Sending close container command for container #3 to datanode b3b9a181-77ef-445c-8f67-7418b9e03f94{ip: 172.17.0.2, host: d1d2f32d3d04, networkLocation: /default-rack, certSerialId: null, persistedOpState: IN_SERVICE, persistedOpStateExpiryEpochSec: 0}.
2021-01-06 16:47:22,560 [ReplicationMonitor] INFO  container.ReplicationManager (ReplicationManager.java:run(250)) - Replication Monitor Thread took 1 milliseconds for processing 4 containers.
2021-01-06 16:47:22,993 [DatanodeAdminManager-0] INFO  node.DatanodeAdminMonitorImpl (DatanodeAdminMonitorImpl.java:run(136)) - There are 1 nodes tracked for decommission and maintenance. 0 pending nodes.
2021-01-06 16:47:23,434 [Command processor thread] INFO  server.RaftServer (RaftServerProxy.java:remove(104)) - b260e4ee-445a-4422-8fbe-3a6caa0392e6: remove    LEADER b260e4ee-445a-4422-8fbe-3a6caa0392e6@group-E1E8F399534A:t1, leader=b260e4ee-445a-4422-8fbe-3a6caa0392e6, voted=b260e4ee-445a-4422-8fbe-3a6caa0392e6, raftlog=b260e4ee-445a-4422-8fbe-3a6caa0392e6@group-E1E8F399534A-SegmentedRaftLog:OPENED:c26,f26,i26, conf=0: [b260e4ee-445a-4422-8fbe-3a6caa0392e6|rpc:172.17.0.2:45581|dataStream:, b3b9a181-77ef-445c-8f67-7418b9e03f94|rpc:172.17.0.2:34251|dataStream:, 0c45c32f-b13d-44d6-bbf6-638a87f65fa5|rpc:172.17.0.2:36969|dataStream:], old=null RUNNING
2021-01-06 16:47:23,434 [Command processor thread] INFO  server.RaftServer$Division (RaftServerImpl.java:lambda$close$4(397)) - b260e4ee-445a-4422-8fbe-3a6caa0392e6@group-E1E8F399534A: shutdown
2021-01-06 16:47:23,434 [Command processor thread] INFO  util.JmxRegister (JmxRegister.java:unregister(73)) - Successfully un-registered JMX Bean with object name Ratis:service=RaftServer,group=group-E1E8F399534A,id=b260e4ee-445a-4422-8fbe-3a6caa0392e6
2021-01-06 16:47:23,435 [Command processor thread] INFO  impl.RoleInfo (RoleInfo.java:shutdownLeaderState(91)) - b260e4ee-445a-4422-8fbe-3a6caa0392e6: shutdown b260e4ee-445a-4422-8fbe-3a6caa0392e6@group-E1E8F399534A-LeaderStateImpl
2021-01-06 16:47:23,435 [Command processor thread] INFO  metrics.RatisMetrics (RatisMetrics.java:unregister(43)) - Unregistering Metrics Registry : ratis_grpc.log_appender.b260e4ee-445a-4422-8fbe-3a6caa0392e6@group-E1E8F399534A
2021-01-06 16:47:23,435 [Command processor thread] INFO  metrics.RatisMetrics (RatisMetrics.java:unregister(43)) - Unregistering Metrics Registry : ratis_grpc.log_appender.b260e4ee-445a-4422-8fbe-3a6caa0392e6@group-E1E8F399534A
2021-01-06 16:47:23,435 [b260e4ee-445a-4422-8fbe-3a6caa0392e6@group-E1E8F399534A->0c45c32f-b13d-44d6-bbf6-638a87f65fa5-GrpcLogAppender-LogAppenderDaemon] WARN  server.GrpcLogAppender (GrpcLogAppender.java:mayWait(174)) - b260e4ee-445a-4422-8fbe-3a6caa0392e6@group-E1E8F399534A->0c45c32f-b13d-44d6-bbf6-638a87f65fa5-GrpcLogAppender: Wait interrupted by java.lang.InterruptedException
2021-01-06 16:47:23,434 [IPC Server handler 13 on default port 44005] INFO  node.SCMNodeManager (SCMNodeManager.java:updateDatanodeOpState(419)) - Scheduling a command to update the operationalState persisted on the datanode as the reported value (IN_SERVICE, 0) does not match the value stored in SCM (ENTERING_MAINTENANCE, 0)
2021-01-06 16:47:23,435 [grpc-default-executor-5] INFO  server.GrpcServerProtocolService (GrpcServerProtocolService.java:onCompleted(138)) - 0c45c32f-b13d-44d6-bbf6-638a87f65fa5: Completed APPEND_ENTRIES, lastRequest: b260e4ee-445a-4422-8fbe-3a6caa0392e6->0c45c32f-b13d-44d6-bbf6-638a87f65fa5#347-t1,previous=(t:1, i:25),leaderCommit=24,initializing? true,entries: size=1, first=(t:1, i:26), METADATAENTRY(c:24)
2021-01-06 16:47:23,435 [Command processor thread] INFO  impl.PendingRequests (PendingRequests.java:sendNotLeaderResponses(249)) - b260e4ee-445a-4422-8fbe-3a6caa0392e6@group-E1E8F399534A-PendingRequests: sendNotLeaderResponses
2021-01-06 16:47:23,436 [grpc-default-executor-2] INFO  server.GrpcLogAppender (GrpcLogAppender.java:onCompleted(343)) - b260e4ee-445a-4422-8fbe-3a6caa0392e6@group-E1E8F399534A->0c45c32f-b13d-44d6-bbf6-638a87f65fa5-AppendLogResponseHandler: follower responses appendEntries COMPLETED
2021-01-06 16:47:23,436 [grpc-default-executor-2] INFO  leader.FollowerInfo (FollowerInfoImpl.java:lambda$new$0(46)) - b260e4ee-445a-4422-8fbe-3a6caa0392e6@group-E1E8F399534A->0c45c32f-b13d-44d6-bbf6-638a87f65fa5: nextIndex: updateUnconditionally 27 -> 26
2021-01-06 16:47:23,435 [b260e4ee-445a-4422-8fbe-3a6caa0392e6@group-E1E8F399534A->b3b9a181-77ef-445c-8f67-7418b9e03f94-GrpcLogAppender-LogAppenderDaemon] WARN  server.GrpcLogAppender (GrpcLogAppender.java:mayWait(174)) - b260e4ee-445a-4422-8fbe-3a6caa0392e6@group-E1E8F399534A->b3b9a181-77ef-445c-8f67-7418b9e03f94-GrpcLogAppender: Wait interrupted by java.lang.InterruptedException
2021-01-06 16:47:23,441 [grpc-default-executor-2] INFO  server.GrpcServerProtocolService (GrpcServerProtocolService.java:onCompleted(138)) - b3b9a181-77ef-445c-8f67-7418b9e03f94: Completed APPEND_ENTRIES, lastRequest: b260e4ee-445a-4422-8fbe-3a6caa0392e6->b3b9a181-77ef-445c-8f67-7418b9e03f94#344-t1,previous=(t:1, i:25),leaderCommit=24,initializing? true,entries: size=1, first=(t:1, i:26), METADATAENTRY(c:24)
2021-01-06 16:47:23,442 [Command processor thread] INFO  metrics.RatisMetrics (RatisMetrics.java:unregister(43)) - Unregistering Metrics Registry : ratis.log_appender.b260e4ee-445a-4422-8fbe-3a6caa0392e6@group-E1E8F399534A
2021-01-06 16:47:23,442 [Command processor thread] INFO  metrics.RatisMetrics (RatisMetrics.java:unregister(43)) - Unregistering Metrics Registry : ratis.server.b260e4ee-445a-4422-8fbe-3a6caa0392e6@group-E1E8F399534A
2021-01-06 16:47:23,446 [grpc-default-executor-5] INFO  server.GrpcLogAppender (GrpcLogAppender.java:onCompleted(343)) - b260e4ee-445a-4422-8fbe-3a6caa0392e6@group-E1E8F399534A->b3b9a181-77ef-445c-8f67-7418b9e03f94-AppendLogResponseHandler: follower responses appendEntries COMPLETED
2021-01-06 16:47:23,446 [grpc-default-executor-5] INFO  leader.FollowerInfo (FollowerInfoImpl.java:lambda$new$0(46)) - b260e4ee-445a-4422-8fbe-3a6caa0392e6@group-E1E8F399534A->b3b9a181-77ef-445c-8f67-7418b9e03f94: nextIndex: updateUnconditionally 27 -> 26
2021-01-06 16:47:23,446 [Command processor thread] INFO  impl.StateMachineUpdater (StateMachineUpdater.java:stopAndJoin(148)) - b260e4ee-445a-4422-8fbe-3a6caa0392e6@group-E1E8F399534A-StateMachineUpdater: set stopIndex = 26
2021-01-06 16:47:23,447 [b260e4ee-445a-4422-8fbe-3a6caa0392e6@group-E1E8F399534A-StateMachineUpdater] INFO  ratis.ContainerStateMachine (ContainerStateMachine.java:takeSnapshot(291)) - group-E1E8F399534A: Taking a snapshot at:(t:1, i:26) file /github/workspace/mnt/ozone/hadoop-ozone/integration-test/target/test-dir/MiniOzoneClusterImpl-1d43af91-9f82-444b-8964-eb6d4844fd62/datanode-3/data/ratis/91087ea0-1d77-4e3b-aed9-e1e8f399534a/sm/snapshot.1_26
2021-01-06 16:47:23,448 [b260e4ee-445a-4422-8fbe-3a6caa0392e6@group-E1E8F399534A-StateMachineUpdater] INFO  ratis.ContainerStateMachine (ContainerStateMachine.java:takeSnapshot(302)) - group-E1E8F399534A: Finished taking a snapshot at:(t:1, i:26) file:/github/workspace/mnt/ozone/hadoop-ozone/integration-test/target/test-dir/MiniOzoneClusterImpl-1d43af91-9f82-444b-8964-eb6d4844fd62/datanode-3/data/ratis/91087ea0-1d77-4e3b-aed9-e1e8f399534a/sm/snapshot.1_26 took: 1 ms
2021-01-06 16:47:23,448 [b260e4ee-445a-4422-8fbe-3a6caa0392e6@group-E1E8F399534A-StateMachineUpdater] INFO  impl.StateMachineUpdater (StateMachineUpdater.java:takeSnapshot(279)) - b260e4ee-445a-4422-8fbe-3a6caa0392e6@group-E1E8F399534A-StateMachineUpdater: Took a snapshot at index 26
2021-01-06 16:47:23,448 [b260e4ee-445a-4422-8fbe-3a6caa0392e6@group-E1E8F399534A-StateMachineUpdater] INFO  impl.StateMachineUpdater (StateMachineUpdater.java:lambda$new$0(88)) - b260e4ee-445a-4422-8fbe-3a6caa0392e6@group-E1E8F399534A-StateMachineUpdater: snapshotIndex: updateIncreasingly -1 -> 26
2021-01-06 16:47:23,448 [b260e4ee-445a-4422-8fbe-3a6caa0392e6@group-E1E8F399534A-StateMachineUpdater] INFO  metrics.RatisMetrics (RatisMetrics.java:unregister(43)) - Unregistering Metrics Registry : ratis.state_machine.b260e4ee-445a-4422-8fbe-3a6caa0392e6@group-E1E8F399534A
2021-01-06 16:47:23,448 [Command processor thread] INFO  server.RaftServer$Division (ServerState.java:close(406)) - b260e4ee-445a-4422-8fbe-3a6caa0392e6@group-E1E8F399534A: closes. applyIndex: 26
2021-01-06 16:47:23,448 [b260e4ee-445a-4422-8fbe-3a6caa0392e6@group-E1E8F399534A-SegmentedRaftLogWorker] INFO  segmented.SegmentedRaftLogWorker (SegmentedRaftLogWorker.java:run(326)) - b260e4ee-445a-4422-8fbe-3a6caa0392e6@group-E1E8F399534A-SegmentedRaftLogWorker was interrupted, exiting. There are 0 tasks remaining in the queue.
2021-01-06 16:47:23,449 [Command processor thread] INFO  segmented.SegmentedRaftLogWorker (SegmentedRaftLogWorker.java:close(236)) - b260e4ee-445a-4422-8fbe-3a6caa0392e6@group-E1E8F399534A-SegmentedRaftLogWorker close()
2021-01-06 16:47:23,449 [Command processor thread] INFO  metrics.RatisMetrics (RatisMetrics.java:unregister(43)) - Unregistering Metrics Registry : ratis.log_worker.b260e4ee-445a-4422-8fbe-3a6caa0392e6@group-E1E8F399534A
2021-01-06 16:47:23,450 [Command processor thread] INFO  metrics.RatisMetrics (RatisMetrics.java:unregister(43)) - Unregistering Metrics Registry : ratis.leader_election.b260e4ee-445a-4422-8fbe-3a6caa0392e6@group-E1E8F399534A
2021-01-06 16:47:23,450 [Command processor thread] INFO  metrics.RatisMetrics (RatisMetrics.java:unregister(43)) - Unregistering Metrics Registry : ratis.server.b260e4ee-445a-4422-8fbe-3a6caa0392e6@group-E1E8F399534A
2021-01-06 16:47:23,452 [Command processor thread] INFO  keyvalue.KeyValueContainer (KeyValueContainer.java:flushAndSyncDB(388)) - Container 1 is synced with bcsId 24.
2021-01-06 16:47:23,452 [Command processor thread] INFO  keyvalue.KeyValueContainer (KeyValueContainer.java:flushAndSyncDB(388)) - Container 1 is synced with bcsId 24.
2021-01-06 16:47:23,454 [EventQueue-IncrementalContainerReportForIncrementalContainerReportHandler] INFO  container.IncrementalContainerReportHandler (AbstractContainerReportHandler.java:updateContainerState(208)) - Moving container #1 to QUASI_CLOSED state, datanode b260e4ee-445a-4422-8fbe-3a6caa0392e6{ip: 172.17.0.2, host: d1d2f32d3d04, networkLocation: /default-rack, certSerialId: null, persistedOpState: IN_SERVICE, persistedOpStateExpiryEpochSec: 0} reported QUASI_CLOSED replica.
2021-01-06 16:47:23,548 [Command processor thread] INFO  keyvalue.KeyValueContainer (KeyValueContainer.java:flushAndSyncDB(388)) - Container 3 is synced with bcsId 21.
2021-01-06 16:47:23,548 [Command processor thread] INFO  keyvalue.KeyValueContainer (KeyValueContainer.java:flushAndSyncDB(388)) - Container 3 is synced with bcsId 21.
2021-01-06 16:47:23,559 [Command processor thread] INFO  server.RaftServer$Division (RaftServerImpl.java:groupRemove(367)) - b260e4ee-445a-4422-8fbe-3a6caa0392e6@group-E1E8F399534A: Succeed to remove RaftStorageDirectory Storage Directory /github/workspace/mnt/ozone/hadoop-ozone/integration-test/target/test-dir/MiniOzoneClusterImpl-1d43af91-9f82-444b-8964-eb6d4844fd62/datanode-3/data/ratis/91087ea0-1d77-4e3b-aed9-e1e8f399534a
2021-01-06 16:47:23,559 [Command processor thread] INFO  commandhandler.ClosePipelineCommandHandler (ClosePipelineCommandHandler.java:handle(75)) - Close Pipeline PipelineID=91087ea0-1d77-4e3b-aed9-e1e8f399534a command on datanode b260e4ee-445a-4422-8fbe-3a6caa0392e6.
2021-01-06 16:47:23,561 [Command processor thread] WARN  server.RaftServer (RaftServerProxy.java:remove(99)) - b260e4ee-445a-4422-8fbe-3a6caa0392e6: does not contain group: group-E1E8F399534A
2021-01-06 16:47:23,561 [ReplicationMonitor] INFO  container.ReplicationManager (ReplicationManager.java:sendCloseCommand(948)) - Sending close container command for container #1 to datanode 0c45c32f-b13d-44d6-bbf6-638a87f65fa5{ip: 172.17.0.2, host: d1d2f32d3d04, networkLocation: /default-rack, certSerialId: null, persistedOpState: IN_SERVICE, persistedOpStateExpiryEpochSec: 0}.
2021-01-06 16:47:23,561 [ReplicationMonitor] INFO  container.ReplicationManager (ReplicationManager.java:sendCloseCommand(948)) - Sending close container command for container #1 to datanode b260e4ee-445a-4422-8fbe-3a6caa0392e6{ip: 172.17.0.2, host: d1d2f32d3d04, networkLocation: /default-rack, certSerialId: null, persistedOpState: IN_SERVICE, persistedOpStateExpiryEpochSec: 0}.
2021-01-06 16:47:23,561 [ReplicationMonitor] INFO  container.ReplicationManager (ReplicationManager.java:sendCloseCommand(948)) - Sending close container command for container #1 to datanode b3b9a181-77ef-445c-8f67-7418b9e03f94{ip: 172.17.0.2, host: d1d2f32d3d04, networkLocation: /default-rack, certSerialId: null, persistedOpState: IN_SERVICE, persistedOpStateExpiryEpochSec: 0}.
2021-01-06 16:47:23,561 [ReplicationMonitor] INFO  container.ReplicationManager (ReplicationManager.java:sendCloseCommand(948)) - Sending close container command for container #3 to datanode b260e4ee-445a-4422-8fbe-3a6caa0392e6{ip: 172.17.0.2, host: d1d2f32d3d04, networkLocation: /default-rack, certSerialId: null, persistedOpState: IN_SERVICE, persistedOpStateExpiryEpochSec: 0}.
2021-01-06 16:47:23,561 [ReplicationMonitor] INFO  container.ReplicationManager (ReplicationManager.java:sendCloseCommand(948)) - Sending close container command for container #3 to datanode 0c45c32f-b13d-44d6-bbf6-638a87f65fa5{ip: 172.17.0.2, host: d1d2f32d3d04, networkLocation: /default-rack, certSerialId: null, persistedOpState: IN_SERVICE, persistedOpStateExpiryEpochSec: 0}.
2021-01-06 16:47:23,561 [ReplicationMonitor] INFO  container.ReplicationManager (ReplicationManager.java:sendCloseCommand(948)) - Sending close container command for container #3 to datanode b3b9a181-77ef-445c-8f67-7418b9e03f94{ip: 172.17.0.2, host: d1d2f32d3d04, networkLocation: /default-rack, certSerialId: null, persistedOpState: IN_SERVICE, persistedOpStateExpiryEpochSec: 0}.
2021-01-06 16:47:23,561 [ReplicationMonitor] INFO  container.ReplicationManager (ReplicationManager.java:run(250)) - Replication Monitor Thread took 0 milliseconds for processing 4 containers.
2021-01-06 16:47:23,561 [EventQueue-IncrementalContainerReportForIncrementalContainerReportHandler] INFO  container.IncrementalContainerReportHandler (AbstractContainerReportHandler.java:updateContainerState(208)) - Moving container #3 to QUASI_CLOSED state, datanode b260e4ee-445a-4422-8fbe-3a6caa0392e6{ip: 172.17.0.2, host: d1d2f32d3d04, networkLocation: /default-rack, certSerialId: null, persistedOpState: IN_SERVICE, persistedOpStateExpiryEpochSec: 0} reported QUASI_CLOSED replica.
2021-01-06 16:47:23,561 [Command processor thread] ERROR commandhandler.ClosePipelineCommandHandler (ClosePipelineCommandHandler.java:handle(78)) - Can't close pipeline PipelineID=91087ea0-1d77-4e3b-aed9-e1e8f399534a
java.io.IOException: b260e4ee-445a-4422-8fbe-3a6caa0392e6: Group group-E1E8F399534A not found.
	at org.apache.hadoop.ozone.container.common.transport.server.ratis.XceiverServerRatis.removeGroup(XceiverServerRatis.java:782)
	at org.apache.hadoop.ozone.container.common.statemachine.commandhandler.ClosePipelineCommandHandler.handle(ClosePipelineCommandHandler.java:74)
	at org.apache.hadoop.ozone.container.common.statemachine.commandhandler.CommandDispatcher.handle(CommandDispatcher.java:99)
	at org.apache.hadoop.ozone.container.common.statemachine.DatanodeStateMachine.lambda$initCommandHandlerThread$2(DatanodeStateMachine.java:498)
	at java.lang.Thread.run(Thread.java:748)
Caused by: org.apache.ratis.protocol.exceptions.GroupMismatchException: b260e4ee-445a-4422-8fbe-3a6caa0392e6: Group group-E1E8F399534A not found.
	at org.apache.ratis.server.impl.RaftServerProxy.groupRemoveAsync(RaftServerProxy.java:494)
	at org.apache.ratis.server.impl.RaftServerProxy.groupManagementAsync(RaftServerProxy.java:450)
	at org.apache.ratis.server.impl.RaftServerProxy.groupManagement(RaftServerProxy.java:430)
	at org.apache.hadoop.ozone.container.common.transport.server.ratis.XceiverServerRatis.removeGroup(XceiverServerRatis.java:780)
	... 4 more
2021-01-06 16:47:23,563 [Command processor thread] WARN  server.RaftServer (RaftServerProxy.java:remove(99)) - b260e4ee-445a-4422-8fbe-3a6caa0392e6: does not contain group: group-E1E8F399534A
2021-01-06 16:47:23,563 [Command processor thread] ERROR commandhandler.ClosePipelineCommandHandler (ClosePipelineCommandHandler.java:handle(78)) - Can't close pipeline PipelineID=91087ea0-1d77-4e3b-aed9-e1e8f399534a
java.io.IOException: b260e4ee-445a-4422-8fbe-3a6caa0392e6: Group group-E1E8F399534A not found.
	at org.apache.hadoop.ozone.container.common.transport.server.ratis.XceiverServerRatis.removeGroup(XceiverServerRatis.java:782)
	at org.apache.hadoop.ozone.container.common.statemachine.commandhandler.ClosePipelineCommandHandler.handle(ClosePipelineCommandHandler.java:74)
	at org.apache.hadoop.ozone.container.common.statemachine.commandhandler.CommandDispatcher.handle(CommandDispatcher.java:99)
	at org.apache.hadoop.ozone.container.common.statemachine.DatanodeStateMachine.lambda$initCommandHandlerThread$2(DatanodeStateMachine.java:498)
	at java.lang.Thread.run(Thread.java:748)
Caused by: org.apache.ratis.protocol.exceptions.GroupMismatchException: b260e4ee-445a-4422-8fbe-3a6caa0392e6: Group group-E1E8F399534A not found.
	at org.apache.ratis.server.impl.RaftServerProxy.groupRemoveAsync(RaftServerProxy.java:494)
	at org.apache.ratis.server.impl.RaftServerProxy.groupManagementAsync(RaftServerProxy.java:450)
	at org.apache.ratis.server.impl.RaftServerProxy.groupManagement(RaftServerProxy.java:430)
	at org.apache.hadoop.ozone.container.common.transport.server.ratis.XceiverServerRatis.removeGroup(XceiverServerRatis.java:780)
	... 4 more
2021-01-06 16:47:23,563 [Command processor thread] WARN  server.RaftServer (RaftServerProxy.java:remove(99)) - b260e4ee-445a-4422-8fbe-3a6caa0392e6: does not contain group: group-E1E8F399534A
2021-01-06 16:47:23,563 [Command processor thread] ERROR commandhandler.ClosePipelineCommandHandler (ClosePipelineCommandHandler.java:handle(78)) - Can't close pipeline PipelineID=91087ea0-1d77-4e3b-aed9-e1e8f399534a
java.io.IOException: b260e4ee-445a-4422-8fbe-3a6caa0392e6: Group group-E1E8F399534A not found.
	at org.apache.hadoop.ozone.container.common.transport.server.ratis.XceiverServerRatis.removeGroup(XceiverServerRatis.java:782)
	at org.apache.hadoop.ozone.container.common.statemachine.commandhandler.ClosePipelineCommandHandler.handle(ClosePipelineCommandHandler.java:74)
	at org.apache.hadoop.ozone.container.common.statemachine.commandhandler.CommandDispatcher.handle(CommandDispatcher.java:99)
	at org.apache.hadoop.ozone.container.common.statemachine.DatanodeStateMachine.lambda$initCommandHandlerThread$2(DatanodeStateMachine.java:498)
	at java.lang.Thread.run(Thread.java:748)
Caused by: org.apache.ratis.protocol.exceptions.GroupMismatchException: b260e4ee-445a-4422-8fbe-3a6caa0392e6: Group group-E1E8F399534A not found.
	at org.apache.ratis.server.impl.RaftServerProxy.groupRemoveAsync(RaftServerProxy.java:494)
	at org.apache.ratis.server.impl.RaftServerProxy.groupManagementAsync(RaftServerProxy.java:450)
	at org.apache.ratis.server.impl.RaftServerProxy.groupManagement(RaftServerProxy.java:430)
	at org.apache.hadoop.ozone.container.common.transport.server.ratis.XceiverServerRatis.removeGroup(XceiverServerRatis.java:780)
	... 4 more
2021-01-06 16:47:23,563 [Command processor thread] WARN  server.RaftServer (RaftServerProxy.java:remove(99)) - b260e4ee-445a-4422-8fbe-3a6caa0392e6: does not contain group: group-E1E8F399534A
2021-01-06 16:47:23,563 [Command processor thread] ERROR commandhandler.ClosePipelineCommandHandler (ClosePipelineCommandHandler.java:handle(78)) - Can't close pipeline PipelineID=91087ea0-1d77-4e3b-aed9-e1e8f399534a
java.io.IOException: b260e4ee-445a-4422-8fbe-3a6caa0392e6: Group group-E1E8F399534A not found.
	at org.apache.hadoop.ozone.container.common.transport.server.ratis.XceiverServerRatis.removeGroup(XceiverServerRatis.java:782)
	at org.apache.hadoop.ozone.container.common.statemachine.commandhandler.ClosePipelineCommandHandler.handle(ClosePipelineCommandHandler.java:74)
	at org.apache.hadoop.ozone.container.common.statemachine.commandhandler.CommandDispatcher.handle(CommandDispatcher.java:99)
	at org.apache.hadoop.ozone.container.common.statemachine.DatanodeStateMachine.lambda$initCommandHandlerThread$2(DatanodeStateMachine.java:498)
	at java.lang.Thread.run(Thread.java:748)
Caused by: org.apache.ratis.protocol.exceptions.GroupMismatchException: b260e4ee-445a-4422-8fbe-3a6caa0392e6: Group group-E1E8F399534A not found.
	at org.apache.ratis.server.impl.RaftServerProxy.groupRemoveAsync(RaftServerProxy.java:494)
	at org.apache.ratis.server.impl.RaftServerProxy.groupManagementAsync(RaftServerProxy.java:450)
	at org.apache.ratis.server.impl.RaftServerProxy.groupManagement(RaftServerProxy.java:430)
	at org.apache.hadoop.ozone.container.common.transport.server.ratis.XceiverServerRatis.removeGroup(XceiverServerRatis.java:780)
	... 4 more
2021-01-06 16:47:23,563 [Command processor thread] WARN  server.RaftServer (RaftServerProxy.java:remove(99)) - b260e4ee-445a-4422-8fbe-3a6caa0392e6: does not contain group: group-E1E8F399534A
2021-01-06 16:47:23,563 [Command processor thread] ERROR commandhandler.ClosePipelineCommandHandler (ClosePipelineCommandHandler.java:handle(78)) - Can't close pipeline PipelineID=91087ea0-1d77-4e3b-aed9-e1e8f399534a
java.io.IOException: b260e4ee-445a-4422-8fbe-3a6caa0392e6: Group group-E1E8F399534A not found.
	at org.apache.hadoop.ozone.container.common.transport.server.ratis.XceiverServerRatis.removeGroup(XceiverServerRatis.java:782)
	at org.apache.hadoop.ozone.container.common.statemachine.commandhandler.ClosePipelineCommandHandler.handle(ClosePipelineCommandHandler.java:74)
	at org.apache.hadoop.ozone.container.common.statemachine.commandhandler.CommandDispatcher.handle(CommandDispatcher.java:99)
	at org.apache.hadoop.ozone.container.common.statemachine.DatanodeStateMachine.lambda$initCommandHandlerThread$2(DatanodeStateMachine.java:498)
	at java.lang.Thread.run(Thread.java:748)
Caused by: org.apache.ratis.protocol.exceptions.GroupMismatchException: b260e4ee-445a-4422-8fbe-3a6caa0392e6: Group group-E1E8F399534A not found.
	at org.apache.ratis.server.impl.RaftServerProxy.groupRemoveAsync(RaftServerProxy.java:494)
	at org.apache.ratis.server.impl.RaftServerProxy.groupManagementAsync(RaftServerProxy.java:450)
	at org.apache.ratis.server.impl.RaftServerProxy.groupManagement(RaftServerProxy.java:430)
	at org.apache.hadoop.ozone.container.common.transport.server.ratis.XceiverServerRatis.removeGroup(XceiverServerRatis.java:780)
	... 4 more
2021-01-06 16:47:23,993 [DatanodeAdminManager-0] INFO  node.DatanodeAdminMonitorImpl (DatanodeAdminMonitorImpl.java:run(136)) - There are 1 nodes tracked for decommission and maintenance. 0 pending nodes.
2021-01-06 16:47:24,431 [Command processor thread] INFO  server.RaftServer (RaftServerProxy.java:remove(104)) - b3b9a181-77ef-445c-8f67-7418b9e03f94: remove  FOLLOWER b3b9a181-77ef-445c-8f67-7418b9e03f94@group-E1E8F399534A:t1, leader=b260e4ee-445a-4422-8fbe-3a6caa0392e6, voted=b260e4ee-445a-4422-8fbe-3a6caa0392e6, raftlog=b3b9a181-77ef-445c-8f67-7418b9e03f94@group-E1E8F399534A-SegmentedRaftLog:OPENED:c26,f26,i26, conf=0: [b260e4ee-445a-4422-8fbe-3a6caa0392e6|rpc:172.17.0.2:45581|dataStream:, b3b9a181-77ef-445c-8f67-7418b9e03f94|rpc:172.17.0.2:34251|dataStream:, 0c45c32f-b13d-44d6-bbf6-638a87f65fa5|rpc:172.17.0.2:36969|dataStream:], old=null RUNNING
2021-01-06 16:47:24,431 [Command processor thread] INFO  server.RaftServer$Division (RaftServerImpl.java:lambda$close$4(397)) - b3b9a181-77ef-445c-8f67-7418b9e03f94@group-E1E8F399534A: shutdown
2021-01-06 16:47:24,431 [Command processor thread] INFO  util.JmxRegister (JmxRegister.java:unregister(73)) - Successfully un-registered JMX Bean with object name Ratis:service=RaftServer,group=group-E1E8F399534A,id=b3b9a181-77ef-445c-8f67-7418b9e03f94
2021-01-06 16:47:24,431 [Command processor thread] INFO  impl.RoleInfo (RoleInfo.java:shutdownFollowerState(108)) - b3b9a181-77ef-445c-8f67-7418b9e03f94: shutdown b3b9a181-77ef-445c-8f67-7418b9e03f94@group-E1E8F399534A-FollowerState
2021-01-06 16:47:24,432 [Command processor thread] INFO  impl.StateMachineUpdater (StateMachineUpdater.java:stopAndJoin(148)) - b3b9a181-77ef-445c-8f67-7418b9e03f94@group-E1E8F399534A-StateMachineUpdater: set stopIndex = 26
2021-01-06 16:47:24,432 [b3b9a181-77ef-445c-8f67-7418b9e03f94@group-E1E8F399534A-StateMachineUpdater] INFO  ratis.ContainerStateMachine (ContainerStateMachine.java:takeSnapshot(291)) - group-E1E8F399534A: Taking a snapshot at:(t:1, i:26) file /github/workspace/mnt/ozone/hadoop-ozone/integration-test/target/test-dir/MiniOzoneClusterImpl-1d43af91-9f82-444b-8964-eb6d4844fd62/datanode-5/data/ratis/91087ea0-1d77-4e3b-aed9-e1e8f399534a/sm/snapshot.1_26
2021-01-06 16:47:24,433 [Thread-4440] INFO  impl.FollowerState (FollowerState.java:run(142)) - b3b9a181-77ef-445c-8f67-7418b9e03f94@group-E1E8F399534A-FollowerState was interrupted: {}
java.lang.InterruptedException: sleep interrupted
	at java.lang.Thread.sleep(Native Method)
	at java.lang.Thread.sleep(Thread.java:340)
	at java.util.concurrent.TimeUnit.sleep(TimeUnit.java:386)
	at org.apache.ratis.util.TimeDuration.sleep(TimeDuration.java:319)
	at org.apache.ratis.util.TimeDuration.sleep(TimeDuration.java:304)
	at org.apache.ratis.server.impl.FollowerState.run(FollowerState.java:117)
2021-01-06 16:47:24,433 [b3b9a181-77ef-445c-8f67-7418b9e03f94@group-E1E8F399534A-StateMachineUpdater] INFO  ratis.ContainerStateMachine (ContainerStateMachine.java:takeSnapshot(302)) - group-E1E8F399534A: Finished taking a snapshot at:(t:1, i:26) file:/github/workspace/mnt/ozone/hadoop-ozone/integration-test/target/test-dir/MiniOzoneClusterImpl-1d43af91-9f82-444b-8964-eb6d4844fd62/datanode-5/data/ratis/91087ea0-1d77-4e3b-aed9-e1e8f399534a/sm/snapshot.1_26 took: 1 ms
2021-01-06 16:47:24,434 [b3b9a181-77ef-445c-8f67-7418b9e03f94@group-E1E8F399534A-StateMachineUpdater] INFO  impl.StateMachineUpdater (StateMachineUpdater.java:takeSnapshot(279)) - b3b9a181-77ef-445c-8f67-7418b9e03f94@group-E1E8F399534A-StateMachineUpdater: Took a snapshot at index 26
2021-01-06 16:47:24,434 [b3b9a181-77ef-445c-8f67-7418b9e03f94@group-E1E8F399534A-StateMachineUpdater] INFO  impl.StateMachineUpdater (StateMachineUpdater.java:lambda$new$0(88)) - b3b9a181-77ef-445c-8f67-7418b9e03f94@group-E1E8F399534A-StateMachineUpdater: snapshotIndex: updateIncreasingly -1 -> 26
2021-01-06 16:47:24,434 [b3b9a181-77ef-445c-8f67-7418b9e03f94@group-E1E8F399534A-StateMachineUpdater] INFO  metrics.RatisMetrics (RatisMetrics.java:unregister(43)) - Unregistering Metrics Registry : ratis.state_machine.b3b9a181-77ef-445c-8f67-7418b9e03f94@group-E1E8F399534A
2021-01-06 16:47:24,434 [Command processor thread] INFO  server.RaftServer (RaftServerProxy.java:remove(104)) - 0c45c32f-b13d-44d6-bbf6-638a87f65fa5: remove  FOLLOWER 0c45c32f-b13d-44d6-bbf6-638a87f65fa5@group-E1E8F399534A:t1, leader=b260e4ee-445a-4422-8fbe-3a6caa0392e6, voted=b260e4ee-445a-4422-8fbe-3a6caa0392e6, raftlog=0c45c32f-b13d-44d6-bbf6-638a87f65fa5@group-E1E8F399534A-SegmentedRaftLog:OPENED:c26,f26,i26, conf=0: [b260e4ee-445a-4422-8fbe-3a6caa0392e6|rpc:172.17.0.2:45581|dataStream:, b3b9a181-77ef-445c-8f67-7418b9e03f94|rpc:172.17.0.2:34251|dataStream:, 0c45c32f-b13d-44d6-bbf6-638a87f65fa5|rpc:172.17.0.2:36969|dataStream:], old=null RUNNING
2021-01-06 16:47:24,434 [Command processor thread] INFO  server.RaftServer$Division (RaftServerImpl.java:lambda$close$4(397)) - 0c45c32f-b13d-44d6-bbf6-638a87f65fa5@group-E1E8F399534A: shutdown
2021-01-06 16:47:24,434 [Command processor thread] INFO  util.JmxRegister (JmxRegister.java:unregister(73)) - Successfully un-registered JMX Bean with object name Ratis:service=RaftServer,group=group-E1E8F399534A,id=0c45c32f-b13d-44d6-bbf6-638a87f65fa5
2021-01-06 16:47:24,434 [Command processor thread] INFO  impl.RoleInfo (RoleInfo.java:shutdownFollowerState(108)) - 0c45c32f-b13d-44d6-bbf6-638a87f65fa5: shutdown 0c45c32f-b13d-44d6-bbf6-638a87f65fa5@group-E1E8F399534A-FollowerState
2021-01-06 16:47:24,434 [Command processor thread] INFO  impl.StateMachineUpdater (StateMachineUpdater.java:stopAndJoin(148)) - 0c45c32f-b13d-44d6-bbf6-638a87f65fa5@group-E1E8F399534A-StateMachineUpdater: set stopIndex = 26
2021-01-06 16:47:24,434 [Thread-4441] INFO  impl.FollowerState (FollowerState.java:run(142)) - 0c45c32f-b13d-44d6-bbf6-638a87f65fa5@group-E1E8F399534A-FollowerState was interrupted: {}
java.lang.InterruptedException: sleep interrupted
	at java.lang.Thread.sleep(Native Method)
	at java.lang.Thread.sleep(Thread.java:340)
	at java.util.concurrent.TimeUnit.sleep(TimeUnit.java:386)
	at org.apache.ratis.util.TimeDuration.sleep(TimeDuration.java:319)
	at org.apache.ratis.util.TimeDuration.sleep(TimeDuration.java:304)
	at org.apache.ratis.server.impl.FollowerState.run(FollowerState.java:117)
2021-01-06 16:47:24,435 [Command processor thread] INFO  server.RaftServer$Division (ServerState.java:close(406)) - b3b9a181-77ef-445c-8f67-7418b9e03f94@group-E1E8F399534A: closes. applyIndex: 26
2021-01-06 16:47:24,435 [b3b9a181-77ef-445c-8f67-7418b9e03f94@group-E1E8F399534A-SegmentedRaftLogWorker] INFO  segmented.SegmentedRaftLogWorker (SegmentedRaftLogWorker.java:run(326)) - b3b9a181-77ef-445c-8f67-7418b9e03f94@group-E1E8F399534A-SegmentedRaftLogWorker was interrupted, exiting. There are 0 tasks remaining in the queue.
2021-01-06 16:47:24,435 [0c45c32f-b13d-44d6-bbf6-638a87f65fa5@group-E1E8F399534A-StateMachineUpdater] INFO  ratis.ContainerStateMachine (ContainerStateMachine.java:takeSnapshot(291)) - group-E1E8F399534A: Taking a snapshot at:(t:1, i:26) file /github/workspace/mnt/ozone/hadoop-ozone/integration-test/target/test-dir/MiniOzoneClusterImpl-1d43af91-9f82-444b-8964-eb6d4844fd62/datanode-4/data/ratis/91087ea0-1d77-4e3b-aed9-e1e8f399534a/sm/snapshot.1_26
2021-01-06 16:47:24,435 [IPC Server handler 16 on default port 44005] INFO  node.SCMNodeManager (SCMNodeManager.java:updateDatanodeOpState(419)) - Scheduling a command to update the operationalState persisted on the datanode as the reported value (IN_SERVICE, 0) does not match the value stored in SCM (ENTERING_MAINTENANCE, 0)
2021-01-06 16:47:24,436 [Command processor thread] INFO  segmented.SegmentedRaftLogWorker (SegmentedRaftLogWorker.java:close(236)) - b3b9a181-77ef-445c-8f67-7418b9e03f94@group-E1E8F399534A-SegmentedRaftLogWorker close()
2021-01-06 16:47:24,436 [0c45c32f-b13d-44d6-bbf6-638a87f65fa5@group-E1E8F399534A-StateMachineUpdater] INFO  ratis.ContainerStateMachine (ContainerStateMachine.java:takeSnapshot(302)) - group-E1E8F399534A: Finished taking a snapshot at:(t:1, i:26) file:/github/workspace/mnt/ozone/hadoop-ozone/integration-test/target/test-dir/MiniOzoneClusterImpl-1d43af91-9f82-444b-8964-eb6d4844fd62/datanode-4/data/ratis/91087ea0-1d77-4e3b-aed9-e1e8f399534a/sm/snapshot.1_26 took: 1 ms
2021-01-06 16:47:24,437 [Command processor thread] INFO  metrics.RatisMetrics (RatisMetrics.java:unregister(43)) - Unregistering Metrics Registry : ratis.log_worker.b3b9a181-77ef-445c-8f67-7418b9e03f94@group-E1E8F399534A
2021-01-06 16:47:24,437 [0c45c32f-b13d-44d6-bbf6-638a87f65fa5@group-E1E8F399534A-StateMachineUpdater] INFO  impl.StateMachineUpdater (StateMachineUpdater.java:takeSnapshot(279)) - 0c45c32f-b13d-44d6-bbf6-638a87f65fa5@group-E1E8F399534A-StateMachineUpdater: Took a snapshot at index 26
2021-01-06 16:47:24,437 [0c45c32f-b13d-44d6-bbf6-638a87f65fa5@group-E1E8F399534A-StateMachineUpdater] INFO  impl.StateMachineUpdater (StateMachineUpdater.java:lambda$new$0(88)) - 0c45c32f-b13d-44d6-bbf6-638a87f65fa5@group-E1E8F399534A-StateMachineUpdater: snapshotIndex: updateIncreasingly -1 -> 26
2021-01-06 16:47:24,437 [Command processor thread] INFO  metrics.RatisMetrics (RatisMetrics.java:unregister(43)) - Unregistering Metrics Registry : ratis.leader_election.b3b9a181-77ef-445c-8f67-7418b9e03f94@group-E1E8F399534A
2021-01-06 16:47:24,437 [Command processor thread] INFO  metrics.RatisMetrics (RatisMetrics.java:unregister(43)) - Unregistering Metrics Registry : ratis.server.b3b9a181-77ef-445c-8f67-7418b9e03f94@group-E1E8F399534A
2021-01-06 16:47:24,437 [0c45c32f-b13d-44d6-bbf6-638a87f65fa5@group-E1E8F399534A-StateMachineUpdater] INFO  metrics.RatisMetrics (RatisMetrics.java:unregister(43)) - Unregistering Metrics Registry : ratis.state_machine.0c45c32f-b13d-44d6-bbf6-638a87f65fa5@group-E1E8F399534A
2021-01-06 16:47:24,437 [Command processor thread] INFO  server.RaftServer$Division (ServerState.java:close(406)) - 0c45c32f-b13d-44d6-bbf6-638a87f65fa5@group-E1E8F399534A: closes. applyIndex: 26
2021-01-06 16:47:24,437 [0c45c32f-b13d-44d6-bbf6-638a87f65fa5@group-E1E8F399534A-SegmentedRaftLogWorker] INFO  segmented.SegmentedRaftLogWorker (SegmentedRaftLogWorker.java:run(326)) - 0c45c32f-b13d-44d6-bbf6-638a87f65fa5@group-E1E8F399534A-SegmentedRaftLogWorker was interrupted, exiting. There are 0 tasks remaining in the queue.
2021-01-06 16:47:24,438 [Command processor thread] INFO  segmented.SegmentedRaftLogWorker (SegmentedRaftLogWorker.java:close(236)) - 0c45c32f-b13d-44d6-bbf6-638a87f65fa5@group-E1E8F399534A-SegmentedRaftLogWorker close()
2021-01-06 16:47:24,438 [Command processor thread] INFO  metrics.RatisMetrics (RatisMetrics.java:unregister(43)) - Unregistering Metrics Registry : ratis.log_worker.0c45c32f-b13d-44d6-bbf6-638a87f65fa5@group-E1E8F399534A
2021-01-06 16:47:24,439 [Command processor thread] INFO  metrics.RatisMetrics (RatisMetrics.java:unregister(43)) - Unregistering Metrics Registry : ratis.leader_election.0c45c32f-b13d-44d6-bbf6-638a87f65fa5@group-E1E8F399534A
2021-01-06 16:47:24,439 [Command processor thread] INFO  metrics.RatisMetrics (RatisMetrics.java:unregister(43)) - Unregistering Metrics Registry : ratis.server.0c45c32f-b13d-44d6-bbf6-638a87f65fa5@group-E1E8F399534A
2021-01-06 16:47:24,441 [IPC Server handler 10 on default port 44005] INFO  node.SCMNodeManager (SCMNodeManager.java:updateDatanodeOpState(419)) - Scheduling a command to update the operationalState persisted on the datanode as the reported value (IN_SERVICE, 0) does not match the value stored in SCM (ENTERING_MAINTENANCE, 0)
2021-01-06 16:47:24,441 [Command processor thread] INFO  keyvalue.KeyValueContainer (KeyValueContainer.java:flushAndSyncDB(388)) - Container 1 is synced with bcsId 24.
2021-01-06 16:47:24,441 [Command processor thread] INFO  keyvalue.KeyValueContainer (KeyValueContainer.java:flushAndSyncDB(388)) - Container 1 is synced with bcsId 24.
2021-01-06 16:47:24,442 [Command processor thread] INFO  keyvalue.KeyValueContainer (KeyValueContainer.java:flushAndSyncDB(388)) - Container 1 is synced with bcsId 24.
2021-01-06 16:47:24,442 [Command processor thread] INFO  keyvalue.KeyValueContainer (KeyValueContainer.java:flushAndSyncDB(388)) - Container 1 is synced with bcsId 24.
2021-01-06 16:47:24,443 [IPC Server handler 0 on default port 44005] INFO  node.SCMNodeManager (SCMNodeManager.java:updateDatanodeOpState(419)) - Scheduling a command to update the operationalState persisted on the datanode as the reported value (IN_SERVICE, 0) does not match the value stored in SCM (ENTERING_MAINTENANCE, 0)
2021-01-06 16:47:24,446 [IPC Server handler 2 on default port 44005] INFO  node.SCMNodeManager (SCMNodeManager.java:updateDatanodeOpState(419)) - Scheduling a command to update the operationalState persisted on the datanode as the reported value (IN_SERVICE, 0) does not match the value stored in SCM (ENTERING_MAINTENANCE, 0)
2021-01-06 16:47:24,446 [Command processor thread] INFO  keyvalue.KeyValueContainer (KeyValueContainer.java:flushAndSyncDB(388)) - Container 3 is synced with bcsId 21.
2021-01-06 16:47:24,446 [Command processor thread] INFO  keyvalue.KeyValueContainer (KeyValueContainer.java:flushAndSyncDB(388)) - Container 3 is synced with bcsId 21.
2021-01-06 16:47:24,446 [Command processor thread] INFO  keyvalue.KeyValueContainer (KeyValueContainer.java:flushAndSyncDB(388)) - Container 3 is synced with bcsId 21.
2021-01-06 16:47:24,446 [Command processor thread] INFO  keyvalue.KeyValueContainer (KeyValueContainer.java:flushAndSyncDB(388)) - Container 3 is synced with bcsId 21.
2021-01-06 16:47:24,448 [IPC Server handler 4 on default port 44005] INFO  node.SCMNodeManager (SCMNodeManager.java:updateDatanodeOpState(419)) - Scheduling a command to update the operationalState persisted on the datanode as the reported value (IN_SERVICE, 0) does not match the value stored in SCM (ENTERING_MAINTENANCE, 0)
2021-01-06 16:47:24,448 [Command processor thread] INFO  server.RaftServer$Division (RaftServerImpl.java:groupRemove(367)) - 0c45c32f-b13d-44d6-bbf6-638a87f65fa5@group-E1E8F399534A: Succeed to remove RaftStorageDirectory Storage Directory /github/workspace/mnt/ozone/hadoop-ozone/integration-test/target/test-dir/MiniOzoneClusterImpl-1d43af91-9f82-444b-8964-eb6d4844fd62/datanode-4/data/ratis/91087ea0-1d77-4e3b-aed9-e1e8f399534a
2021-01-06 16:47:24,448 [Command processor thread] INFO  commandhandler.ClosePipelineCommandHandler (ClosePipelineCommandHandler.java:handle(75)) - Close Pipeline PipelineID=91087ea0-1d77-4e3b-aed9-e1e8f399534a command on datanode 0c45c32f-b13d-44d6-bbf6-638a87f65fa5.
2021-01-06 16:47:24,449 [Command processor thread] INFO  server.RaftServer (RaftServerProxy.java:remove(104)) - 0c45c32f-b13d-44d6-bbf6-638a87f65fa5: remove    LEADER 0c45c32f-b13d-44d6-bbf6-638a87f65fa5@group-8B2175EDBB9C:t1, leader=0c45c32f-b13d-44d6-bbf6-638a87f65fa5, voted=0c45c32f-b13d-44d6-bbf6-638a87f65fa5, raftlog=0c45c32f-b13d-44d6-bbf6-638a87f65fa5@group-8B2175EDBB9C-SegmentedRaftLog:OPENED:c0,f0,i0, conf=0: [0c45c32f-b13d-44d6-bbf6-638a87f65fa5|rpc:172.17.0.2:36969|dataStream:], old=null RUNNING
2021-01-06 16:47:24,449 [Command processor thread] INFO  server.RaftServer$Division (RaftServerImpl.java:lambda$close$4(397)) - 0c45c32f-b13d-44d6-bbf6-638a87f65fa5@group-8B2175EDBB9C: shutdown
2021-01-06 16:47:24,449 [Command processor thread] INFO  util.JmxRegister (JmxRegister.java:unregister(73)) - Successfully un-registered JMX Bean with object name Ratis:service=RaftServer,group=group-8B2175EDBB9C,id=0c45c32f-b13d-44d6-bbf6-638a87f65fa5
2021-01-06 16:47:24,449 [Command processor thread] INFO  impl.RoleInfo (RoleInfo.java:shutdownLeaderState(91)) - 0c45c32f-b13d-44d6-bbf6-638a87f65fa5: shutdown 0c45c32f-b13d-44d6-bbf6-638a87f65fa5@group-8B2175EDBB9C-LeaderStateImpl
2021-01-06 16:47:24,449 [Command processor thread] INFO  impl.PendingRequests (PendingRequests.java:sendNotLeaderResponses(249)) - 0c45c32f-b13d-44d6-bbf6-638a87f65fa5@group-8B2175EDBB9C-PendingRequests: sendNotLeaderResponses
2021-01-06 16:47:24,449 [Command processor thread] INFO  metrics.RatisMetrics (RatisMetrics.java:unregister(43)) - Unregistering Metrics Registry : ratis.log_appender.0c45c32f-b13d-44d6-bbf6-638a87f65fa5@group-8B2175EDBB9C
2021-01-06 16:47:24,449 [Command processor thread] INFO  metrics.RatisMetrics (RatisMetrics.java:unregister(43)) - Unregistering Metrics Registry : ratis.server.0c45c32f-b13d-44d6-bbf6-638a87f65fa5@group-8B2175EDBB9C
2021-01-06 16:47:24,449 [Command processor thread] INFO  server.RaftServer$Division (RaftServerImpl.java:groupRemove(367)) - b3b9a181-77ef-445c-8f67-7418b9e03f94@group-E1E8F399534A: Succeed to remove RaftStorageDirectory Storage Directory /github/workspace/mnt/ozone/hadoop-ozone/integration-test/target/test-dir/MiniOzoneClusterImpl-1d43af91-9f82-444b-8964-eb6d4844fd62/datanode-5/data/ratis/91087ea0-1d77-4e3b-aed9-e1e8f399534a
2021-01-06 16:47:24,450 [Command processor thread] INFO  commandhandler.ClosePipelineCommandHandler (ClosePipelineCommandHandler.java:handle(75)) - Close Pipeline PipelineID=91087ea0-1d77-4e3b-aed9-e1e8f399534a command on datanode b3b9a181-77ef-445c-8f67-7418b9e03f94.
2021-01-06 16:47:24,450 [Command processor thread] WARN  server.RaftServer (RaftServerProxy.java:remove(99)) - b3b9a181-77ef-445c-8f67-7418b9e03f94: does not contain group: group-E1E8F399534A
2021-01-06 16:47:24,450 [Command processor thread] ERROR commandhandler.ClosePipelineCommandHandler (ClosePipelineCommandHandler.java:handle(78)) - Can't close pipeline PipelineID=91087ea0-1d77-4e3b-aed9-e1e8f399534a
java.io.IOException: b3b9a181-77ef-445c-8f67-7418b9e03f94: Group group-E1E8F399534A not found.
	at org.apache.hadoop.ozone.container.common.transport.server.ratis.XceiverServerRatis.removeGroup(XceiverServerRatis.java:782)
	at org.apache.hadoop.ozone.container.common.statemachine.commandhandler.ClosePipelineCommandHandler.handle(ClosePipelineCommandHandler.java:74)
	at org.apache.hadoop.ozone.container.common.statemachine.commandhandler.CommandDispatcher.handle(CommandDispatcher.java:99)
	at org.apache.hadoop.ozone.container.common.statemachine.DatanodeStateMachine.lambda$initCommandHandlerThread$2(DatanodeStateMachine.java:498)
	at java.lang.Thread.run(Thread.java:748)
Caused by: org.apache.ratis.protocol.exceptions.GroupMismatchException: b3b9a181-77ef-445c-8f67-7418b9e03f94: Group group-E1E8F399534A not found.
	at org.apache.ratis.server.impl.RaftServerProxy.groupRemoveAsync(RaftServerProxy.java:494)
	at org.apache.ratis.server.impl.RaftServerProxy.groupManagementAsync(RaftServerProxy.java:450)
	at org.apache.ratis.server.impl.RaftServerProxy.groupManagement(RaftServerProxy.java:430)
	at org.apache.hadoop.ozone.container.common.transport.server.ratis.XceiverServerRatis.removeGroup(XceiverServerRatis.java:780)
	... 4 more
2021-01-06 16:47:24,450 [Command processor thread] WARN  server.RaftServer (RaftServerProxy.java:remove(99)) - b3b9a181-77ef-445c-8f67-7418b9e03f94: does not contain group: group-E1E8F399534A
2021-01-06 16:47:24,450 [Command processor thread] ERROR commandhandler.ClosePipelineCommandHandler (ClosePipelineCommandHandler.java:handle(78)) - Can't close pipeline PipelineID=91087ea0-1d77-4e3b-aed9-e1e8f399534a
java.io.IOException: b3b9a181-77ef-445c-8f67-7418b9e03f94: Group group-E1E8F399534A not found.
	at org.apache.hadoop.ozone.container.common.transport.server.ratis.XceiverServerRatis.removeGroup(XceiverServerRatis.java:782)
	at org.apache.hadoop.ozone.container.common.statemachine.commandhandler.ClosePipelineCommandHandler.handle(ClosePipelineCommandHandler.java:74)
	at org.apache.hadoop.ozone.container.common.statemachine.commandhandler.CommandDispatcher.handle(CommandDispatcher.java:99)
	at org.apache.hadoop.ozone.container.common.statemachine.DatanodeStateMachine.lambda$initCommandHandlerThread$2(DatanodeStateMachine.java:498)
	at java.lang.Thread.run(Thread.java:748)
Caused by: org.apache.ratis.protocol.exceptions.GroupMismatchException: b3b9a181-77ef-445c-8f67-7418b9e03f94: Group group-E1E8F399534A not found.
	at org.apache.ratis.server.impl.RaftServerProxy.groupRemoveAsync(RaftServerProxy.java:494)
	at org.apache.ratis.server.impl.RaftServerProxy.groupManagementAsync(RaftServerProxy.java:450)
	at org.apache.ratis.server.impl.RaftServerProxy.groupManagement(RaftServerProxy.java:430)
	at org.apache.hadoop.ozone.container.common.transport.server.ratis.XceiverServerRatis.removeGroup(XceiverServerRatis.java:780)
	... 4 more
2021-01-06 16:47:24,451 [Command processor thread] WARN  server.RaftServer (RaftServerProxy.java:remove(99)) - b3b9a181-77ef-445c-8f67-7418b9e03f94: does not contain group: group-E1E8F399534A
2021-01-06 16:47:24,451 [Command processor thread] ERROR commandhandler.ClosePipelineCommandHandler (ClosePipelineCommandHandler.java:handle(78)) - Can't close pipeline PipelineID=91087ea0-1d77-4e3b-aed9-e1e8f399534a
java.io.IOException: b3b9a181-77ef-445c-8f67-7418b9e03f94: Group group-E1E8F399534A not found.
	at org.apache.hadoop.ozone.container.common.transport.server.ratis.XceiverServerRatis.removeGroup(XceiverServerRatis.java:782)
	at org.apache.hadoop.ozone.container.common.statemachine.commandhandler.ClosePipelineCommandHandler.handle(ClosePipelineCommandHandler.java:74)
	at org.apache.hadoop.ozone.container.common.statemachine.commandhandler.CommandDispatcher.handle(CommandDispatcher.java:99)
	at org.apache.hadoop.ozone.container.common.statemachine.DatanodeStateMachine.lambda$initCommandHandlerThread$2(DatanodeStateMachine.java:498)
	at java.lang.Thread.run(Thread.java:748)
Caused by: org.apache.ratis.protocol.exceptions.GroupMismatchException: b3b9a181-77ef-445c-8f67-7418b9e03f94: Group group-E1E8F399534A not found.
	at org.apache.ratis.server.impl.RaftServerProxy.groupRemoveAsync(RaftServerProxy.java:494)
	at org.apache.ratis.server.impl.RaftServerProxy.groupManagementAsync(RaftServerProxy.java:450)
	at org.apache.ratis.server.impl.RaftServerProxy.groupManagement(RaftServerProxy.java:430)
	at org.apache.hadoop.ozone.container.common.transport.server.ratis.XceiverServerRatis.removeGroup(XceiverServerRatis.java:780)
	... 4 more
2021-01-06 16:47:24,451 [Command processor thread] WARN  server.RaftServer (RaftServerProxy.java:remove(99)) - b3b9a181-77ef-445c-8f67-7418b9e03f94: does not contain group: group-E1E8F399534A
2021-01-06 16:47:24,451 [Command processor thread] ERROR commandhandler.ClosePipelineCommandHandler (ClosePipelineCommandHandler.java:handle(78)) - Can't close pipeline PipelineID=91087ea0-1d77-4e3b-aed9-e1e8f399534a
java.io.IOException: b3b9a181-77ef-445c-8f67-7418b9e03f94: Group group-E1E8F399534A not found.
	at org.apache.hadoop.ozone.container.common.transport.server.ratis.XceiverServerRatis.removeGroup(XceiverServerRatis.java:782)
	at org.apache.hadoop.ozone.container.common.statemachine.commandhandler.ClosePipelineCommandHandler.handle(ClosePipelineCommandHandler.java:74)
	at org.apache.hadoop.ozone.container.common.statemachine.commandhandler.CommandDispatcher.handle(CommandDispatcher.java:99)
	at org.apache.hadoop.ozone.container.common.statemachine.DatanodeStateMachine.lambda$initCommandHandlerThread$2(DatanodeStateMachine.java:498)
	at java.lang.Thread.run(Thread.java:748)
Caused by: org.apache.ratis.protocol.exceptions.GroupMismatchException: b3b9a181-77ef-445c-8f67-7418b9e03f94: Group group-E1E8F399534A not found.
	at org.apache.ratis.server.impl.RaftServerProxy.groupRemoveAsync(RaftServerProxy.java:494)
	at org.apache.ratis.server.impl.RaftServerProxy.groupManagementAsync(RaftServerProxy.java:450)
	at org.apache.ratis.server.impl.RaftServerProxy.groupManagement(RaftServerProxy.java:430)
	at org.apache.hadoop.ozone.container.common.transport.server.ratis.XceiverServerRatis.removeGroup(XceiverServerRatis.java:780)
	... 4 more
2021-01-06 16:47:24,451 [Command processor thread] WARN  server.RaftServer (RaftServerProxy.java:remove(99)) - b3b9a181-77ef-445c-8f67-7418b9e03f94: does not contain group: group-E1E8F399534A
2021-01-06 16:47:24,451 [Command processor thread] ERROR commandhandler.ClosePipelineCommandHandler (ClosePipelineCommandHandler.java:handle(78)) - Can't close pipeline PipelineID=91087ea0-1d77-4e3b-aed9-e1e8f399534a
java.io.IOException: b3b9a181-77ef-445c-8f67-7418b9e03f94: Group group-E1E8F399534A not found.
	at org.apache.hadoop.ozone.container.common.transport.server.ratis.XceiverServerRatis.removeGroup(XceiverServerRatis.java:782)
	at org.apache.hadoop.ozone.container.common.statemachine.commandhandler.ClosePipelineCommandHandler.handle(ClosePipelineCommandHandler.java:74)
	at org.apache.hadoop.ozone.container.common.statemachine.commandhandler.CommandDispatcher.handle(CommandDispatcher.java:99)
	at org.apache.hadoop.ozone.container.common.statemachine.DatanodeStateMachine.lambda$initCommandHandlerThread$2(DatanodeStateMachine.java:498)
	at java.lang.Thread.run(Thread.java:748)
Caused by: org.apache.ratis.protocol.exceptions.GroupMismatchException: b3b9a181-77ef-445c-8f67-7418b9e03f94: Group group-E1E8F399534A not found.
	at org.apache.ratis.server.impl.RaftServerProxy.groupRemoveAsync(RaftServerProxy.java:494)
	at org.apache.ratis.server.impl.RaftServerProxy.groupManagementAsync(RaftServerProxy.java:450)
	at org.apache.ratis.server.impl.RaftServerProxy.groupManagement(RaftServerProxy.java:430)
	at org.apache.hadoop.ozone.container.common.transport.server.ratis.XceiverServerRatis.removeGroup(XceiverServerRatis.java:780)
	... 4 more
2021-01-06 16:47:24,451 [Command processor thread] WARN  server.RaftServer (RaftServerProxy.java:remove(99)) - b3b9a181-77ef-445c-8f67-7418b9e03f94: does not contain group: group-E1E8F399534A
2021-01-06 16:47:24,451 [Command processor thread] ERROR commandhandler.ClosePipelineCommandHandler (ClosePipelineCommandHandler.java:handle(78)) - Can't close pipeline PipelineID=91087ea0-1d77-4e3b-aed9-e1e8f399534a
java.io.IOException: b3b9a181-77ef-445c-8f67-7418b9e03f94: Group group-E1E8F399534A not found.
	at org.apache.hadoop.ozone.container.common.transport.server.ratis.XceiverServerRatis.removeGroup(XceiverServerRatis.java:782)
	at org.apache.hadoop.ozone.container.common.statemachine.commandhandler.ClosePipelineCommandHandler.handle(ClosePipelineCommandHandler.java:74)
	at org.apache.hadoop.ozone.container.common.statemachine.commandhandler.CommandDispatcher.handle(CommandDispatcher.java:99)
	at org.apache.hadoop.ozone.container.common.statemachine.DatanodeStateMachine.lambda$initCommandHandlerThread$2(DatanodeStateMachine.java:498)
	at java.lang.Thread.run(Thread.java:748)
Caused by: org.apache.ratis.protocol.exceptions.GroupMismatchException: b3b9a181-77ef-445c-8f67-7418b9e03f94: Group group-E1E8F399534A not found.
	at org.apache.ratis.server.impl.RaftServerProxy.groupRemoveAsync(RaftServerProxy.java:494)
	at org.apache.ratis.server.impl.RaftServerProxy.groupManagementAsync(RaftServerProxy.java:450)
	at org.apache.ratis.server.impl.RaftServerProxy.groupManagement(RaftServerProxy.java:430)
	at org.apache.hadoop.ozone.container.common.transport.server.ratis.XceiverServerRatis.removeGroup(XceiverServerRatis.java:780)
	... 4 more
2021-01-06 16:47:24,452 [0c45c32f-b13d-44d6-bbf6-638a87f65fa5@group-8B2175EDBB9C-StateMachineUpdater] INFO  ratis.ContainerStateMachine (ContainerStateMachine.java:takeSnapshot(291)) - group-8B2175EDBB9C: Taking a snapshot at:(t:1, i:0) file /github/workspace/mnt/ozone/hadoop-ozone/integration-test/target/test-dir/MiniOzoneClusterImpl-1d43af91-9f82-444b-8964-eb6d4844fd62/datanode-4/data/ratis/1daff035-b3fc-408b-bb07-8b2175edbb9c/sm/snapshot.1_0
2021-01-06 16:47:24,452 [Command processor thread] INFO  impl.StateMachineUpdater (StateMachineUpdater.java:stopAndJoin(148)) - 0c45c32f-b13d-44d6-bbf6-638a87f65fa5@group-8B2175EDBB9C-StateMachineUpdater: set stopIndex = 0
2021-01-06 16:47:24,452 [0c45c32f-b13d-44d6-bbf6-638a87f65fa5@group-8B2175EDBB9C-StateMachineUpdater] INFO  ratis.ContainerStateMachine (ContainerStateMachine.java:takeSnapshot(302)) - group-8B2175EDBB9C: Finished taking a snapshot at:(t:1, i:0) file:/github/workspace/mnt/ozone/hadoop-ozone/integration-test/target/test-dir/MiniOzoneClusterImpl-1d43af91-9f82-444b-8964-eb6d4844fd62/datanode-4/data/ratis/1daff035-b3fc-408b-bb07-8b2175edbb9c/sm/snapshot.1_0 took: 1 ms
2021-01-06 16:47:24,452 [0c45c32f-b13d-44d6-bbf6-638a87f65fa5@group-8B2175EDBB9C-StateMachineUpdater] INFO  impl.StateMachineUpdater (StateMachineUpdater.java:takeSnapshot(279)) - 0c45c32f-b13d-44d6-bbf6-638a87f65fa5@group-8B2175EDBB9C-StateMachineUpdater: Took a snapshot at index 0
2021-01-06 16:47:24,452 [0c45c32f-b13d-44d6-bbf6-638a87f65fa5@group-8B2175EDBB9C-StateMachineUpdater] INFO  impl.StateMachineUpdater (StateMachineUpdater.java:lambda$new$0(88)) - 0c45c32f-b13d-44d6-bbf6-638a87f65fa5@group-8B2175EDBB9C-StateMachineUpdater: snapshotIndex: updateIncreasingly -1 -> 0
2021-01-06 16:47:24,453 [0c45c32f-b13d-44d6-bbf6-638a87f65fa5@group-8B2175EDBB9C-StateMachineUpdater] INFO  metrics.RatisMetrics (RatisMetrics.java:unregister(43)) - Unregistering Metrics Registry : ratis.state_machine.0c45c32f-b13d-44d6-bbf6-638a87f65fa5@group-8B2175EDBB9C
2021-01-06 16:47:24,453 [Command processor thread] INFO  server.RaftServer$Division (ServerState.java:close(406)) - 0c45c32f-b13d-44d6-bbf6-638a87f65fa5@group-8B2175EDBB9C: closes. applyIndex: 0
2021-01-06 16:47:24,453 [0c45c32f-b13d-44d6-bbf6-638a87f65fa5@group-8B2175EDBB9C-SegmentedRaftLogWorker] INFO  segmented.SegmentedRaftLogWorker (SegmentedRaftLogWorker.java:run(326)) - 0c45c32f-b13d-44d6-bbf6-638a87f65fa5@group-8B2175EDBB9C-SegmentedRaftLogWorker was interrupted, exiting. There are 0 tasks remaining in the queue.
2021-01-06 16:47:24,453 [Command processor thread] INFO  segmented.SegmentedRaftLogWorker (SegmentedRaftLogWorker.java:close(236)) - 0c45c32f-b13d-44d6-bbf6-638a87f65fa5@group-8B2175EDBB9C-SegmentedRaftLogWorker close()
2021-01-06 16:47:24,454 [Command processor thread] INFO  metrics.RatisMetrics (RatisMetrics.java:unregister(43)) - Unregistering Metrics Registry : ratis.log_worker.0c45c32f-b13d-44d6-bbf6-638a87f65fa5@group-8B2175EDBB9C
2021-01-06 16:47:24,454 [Command processor thread] INFO  metrics.RatisMetrics (RatisMetrics.java:unregister(43)) - Unregistering Metrics Registry : ratis.leader_election.0c45c32f-b13d-44d6-bbf6-638a87f65fa5@group-8B2175EDBB9C
2021-01-06 16:47:24,454 [Command processor thread] INFO  metrics.RatisMetrics (RatisMetrics.java:unregister(43)) - Unregistering Metrics Registry : ratis.server.0c45c32f-b13d-44d6-bbf6-638a87f65fa5@group-8B2175EDBB9C
2021-01-06 16:47:24,454 [Command processor thread] INFO  server.RaftServer$Division (RaftServerImpl.java:groupRemove(367)) - 0c45c32f-b13d-44d6-bbf6-638a87f65fa5@group-8B2175EDBB9C: Succeed to remove RaftStorageDirectory Storage Directory /github/workspace/mnt/ozone/hadoop-ozone/integration-test/target/test-dir/MiniOzoneClusterImpl-1d43af91-9f82-444b-8964-eb6d4844fd62/datanode-4/data/ratis/1daff035-b3fc-408b-bb07-8b2175edbb9c
2021-01-06 16:47:24,454 [Command processor thread] INFO  commandhandler.ClosePipelineCommandHandler (ClosePipelineCommandHandler.java:handle(75)) - Close Pipeline PipelineID=1daff035-b3fc-408b-bb07-8b2175edbb9c command on datanode 0c45c32f-b13d-44d6-bbf6-638a87f65fa5.
2021-01-06 16:47:24,455 [Command processor thread] WARN  server.RaftServer (RaftServerProxy.java:remove(99)) - 0c45c32f-b13d-44d6-bbf6-638a87f65fa5: does not contain group: group-E1E8F399534A
2021-01-06 16:47:24,455 [Command processor thread] ERROR commandhandler.ClosePipelineCommandHandler (ClosePipelineCommandHandler.java:handle(78)) - Can't close pipeline PipelineID=91087ea0-1d77-4e3b-aed9-e1e8f399534a
java.io.IOException: 0c45c32f-b13d-44d6-bbf6-638a87f65fa5: Group group-E1E8F399534A not found.
	at org.apache.hadoop.ozone.container.common.transport.server.ratis.XceiverServerRatis.removeGroup(XceiverServerRatis.java:782)
	at org.apache.hadoop.ozone.container.common.statemachine.commandhandler.ClosePipelineCommandHandler.handle(ClosePipelineCommandHandler.java:74)
	at org.apache.hadoop.ozone.container.common.statemachine.commandhandler.CommandDispatcher.handle(CommandDispatcher.java:99)
	at org.apache.hadoop.ozone.container.common.statemachine.DatanodeStateMachine.lambda$initCommandHandlerThread$2(DatanodeStateMachine.java:498)
	at java.lang.Thread.run(Thread.java:748)
Caused by: org.apache.ratis.protocol.exceptions.GroupMismatchException: 0c45c32f-b13d-44d6-bbf6-638a87f65fa5: Group group-E1E8F399534A not found.
	at org.apache.ratis.server.impl.RaftServerProxy.groupRemoveAsync(RaftServerProxy.java:494)
	at org.apache.ratis.server.impl.RaftServerProxy.groupManagementAsync(RaftServerProxy.java:450)
	at org.apache.ratis.server.impl.RaftServerProxy.groupManagement(RaftServerProxy.java:430)
	at org.apache.hadoop.ozone.container.common.transport.server.ratis.XceiverServerRatis.removeGroup(XceiverServerRatis.java:780)
	... 4 more
2021-01-06 16:47:24,455 [Command processor thread] WARN  server.RaftServer (RaftServerProxy.java:remove(99)) - 0c45c32f-b13d-44d6-bbf6-638a87f65fa5: does not contain group: group-8B2175EDBB9C
2021-01-06 16:47:24,455 [Command processor thread] ERROR commandhandler.ClosePipelineCommandHandler (ClosePipelineCommandHandler.java:handle(78)) - Can't close pipeline PipelineID=1daff035-b3fc-408b-bb07-8b2175edbb9c
java.io.IOException: 0c45c32f-b13d-44d6-bbf6-638a87f65fa5: Group group-8B2175EDBB9C not found.
	at org.apache.hadoop.ozone.container.common.transport.server.ratis.XceiverServerRatis.removeGroup(XceiverServerRatis.java:782)
	at org.apache.hadoop.ozone.container.common.statemachine.commandhandler.ClosePipelineCommandHandler.handle(ClosePipelineCommandHandler.java:74)
	at org.apache.hadoop.ozone.container.common.statemachine.commandhandler.CommandDispatcher.handle(CommandDispatcher.java:99)
	at org.apache.hadoop.ozone.container.common.statemachine.DatanodeStateMachine.lambda$initCommandHandlerThread$2(DatanodeStateMachine.java:498)
	at java.lang.Thread.run(Thread.java:748)
Caused by: org.apache.ratis.protocol.exceptions.GroupMismatchException: 0c45c32f-b13d-44d6-bbf6-638a87f65fa5: Group group-8B2175EDBB9C not found.
	at org.apache.ratis.server.impl.RaftServerProxy.groupRemoveAsync(RaftServerProxy.java:494)
	at org.apache.ratis.server.impl.RaftServerProxy.groupManagementAsync(RaftServerProxy.java:450)
	at org.apache.ratis.server.impl.RaftServerProxy.groupManagement(RaftServerProxy.java:430)
	at org.apache.hadoop.ozone.container.common.transport.server.ratis.XceiverServerRatis.removeGroup(XceiverServerRatis.java:780)
	... 4 more
2021-01-06 16:47:24,455 [Command processor thread] WARN  server.RaftServer (RaftServerProxy.java:remove(99)) - 0c45c32f-b13d-44d6-bbf6-638a87f65fa5: does not contain group: group-E1E8F399534A
2021-01-06 16:47:24,455 [Command processor thread] ERROR commandhandler.ClosePipelineCommandHandler (ClosePipelineCommandHandler.java:handle(78)) - Can't close pipeline PipelineID=91087ea0-1d77-4e3b-aed9-e1e8f399534a
java.io.IOException: 0c45c32f-b13d-44d6-bbf6-638a87f65fa5: Group group-E1E8F399534A not found.
	at org.apache.hadoop.ozone.container.common.transport.server.ratis.XceiverServerRatis.removeGroup(XceiverServerRatis.java:782)
	at org.apache.hadoop.ozone.container.common.statemachine.commandhandler.ClosePipelineCommandHandler.handle(ClosePipelineCommandHandler.java:74)
	at org.apache.hadoop.ozone.container.common.statemachine.commandhandler.CommandDispatcher.handle(CommandDispatcher.java:99)
	at org.apache.hadoop.ozone.container.common.statemachine.DatanodeStateMachine.lambda$initCommandHandlerThread$2(DatanodeStateMachine.java:498)
	at java.lang.Thread.run(Thread.java:748)
Caused by: org.apache.ratis.protocol.exceptions.GroupMismatchException: 0c45c32f-b13d-44d6-bbf6-638a87f65fa5: Group group-E1E8F399534A not found.
	at org.apache.ratis.server.impl.RaftServerProxy.groupRemoveAsync(RaftServerProxy.java:494)
	at org.apache.ratis.server.impl.RaftServerProxy.groupManagementAsync(RaftServerProxy.java:450)
	at org.apache.ratis.server.impl.RaftServerProxy.groupManagement(RaftServerProxy.java:430)
	at org.apache.hadoop.ozone.container.common.transport.server.ratis.XceiverServerRatis.removeGroup(XceiverServerRatis.java:780)
	... 4 more
2021-01-06 16:47:24,456 [Command processor thread] WARN  server.RaftServer (RaftServerProxy.java:remove(99)) - 0c45c32f-b13d-44d6-bbf6-638a87f65fa5: does not contain group: group-8B2175EDBB9C
2021-01-06 16:47:24,456 [Command processor thread] ERROR commandhandler.ClosePipelineCommandHandler (ClosePipelineCommandHandler.java:handle(78)) - Can't close pipeline PipelineID=1daff035-b3fc-408b-bb07-8b2175edbb9c
java.io.IOException: 0c45c32f-b13d-44d6-bbf6-638a87f65fa5: Group group-8B2175EDBB9C not found.
	at org.apache.hadoop.ozone.container.common.transport.server.ratis.XceiverServerRatis.removeGroup(XceiverServerRatis.java:782)
	at org.apache.hadoop.ozone.container.common.statemachine.commandhandler.ClosePipelineCommandHandler.handle(ClosePipelineCommandHandler.java:74)
	at org.apache.hadoop.ozone.container.common.statemachine.commandhandler.CommandDispatcher.handle(CommandDispatcher.java:99)
	at org.apache.hadoop.ozone.container.common.statemachine.DatanodeStateMachine.lambda$initCommandHandlerThread$2(DatanodeStateMachine.java:498)
	at java.lang.Thread.run(Thread.java:748)
Caused by: org.apache.ratis.protocol.exceptions.GroupMismatchException: 0c45c32f-b13d-44d6-bbf6-638a87f65fa5: Group group-8B2175EDBB9C not found.
	at org.apache.ratis.server.impl.RaftServerProxy.groupRemoveAsync(RaftServerProxy.java:494)
	at org.apache.ratis.server.impl.RaftServerProxy.groupManagementAsync(RaftServerProxy.java:450)
	at org.apache.ratis.server.impl.RaftServerProxy.groupManagement(RaftServerProxy.java:430)
	at org.apache.hadoop.ozone.container.common.transport.server.ratis.XceiverServerRatis.removeGroup(XceiverServerRatis.java:780)
	... 4 more
2021-01-06 16:47:24,456 [Command processor thread] WARN  server.RaftServer (RaftServerProxy.java:remove(99)) - 0c45c32f-b13d-44d6-bbf6-638a87f65fa5: does not contain group: group-E1E8F399534A
2021-01-06 16:47:24,456 [Command processor thread] ERROR commandhandler.ClosePipelineCommandHandler (ClosePipelineCommandHandler.java:handle(78)) - Can't close pipeline PipelineID=91087ea0-1d77-4e3b-aed9-e1e8f399534a
java.io.IOException: 0c45c32f-b13d-44d6-bbf6-638a87f65fa5: Group group-E1E8F399534A not found.
	at org.apache.hadoop.ozone.container.common.transport.server.ratis.XceiverServerRatis.removeGroup(XceiverServerRatis.java:782)
	at org.apache.hadoop.ozone.container.common.statemachine.commandhandler.ClosePipelineCommandHandler.handle(ClosePipelineCommandHandler.java:74)
	at org.apache.hadoop.ozone.container.common.statemachine.commandhandler.CommandDispatcher.handle(CommandDispatcher.java:99)
	at org.apache.hadoop.ozone.container.common.statemachine.DatanodeStateMachine.lambda$initCommandHandlerThread$2(DatanodeStateMachine.java:498)
	at java.lang.Thread.run(Thread.java:748)
Caused by: org.apache.ratis.protocol.exceptions.GroupMismatchException: 0c45c32f-b13d-44d6-bbf6-638a87f65fa5: Group group-E1E8F399534A not found.
	at org.apache.ratis.server.impl.RaftServerProxy.groupRemoveAsync(RaftServerProxy.java:494)
	at org.apache.ratis.server.impl.RaftServerProxy.groupManagementAsync(RaftServerProxy.java:450)
	at org.apache.ratis.server.impl.RaftServerProxy.groupManagement(RaftServerProxy.java:430)
	at org.apache.hadoop.ozone.container.common.transport.server.ratis.XceiverServerRatis.removeGroup(XceiverServerRatis.java:780)
	... 4 more
2021-01-06 16:47:24,456 [Command processor thread] WARN  server.RaftServer (RaftServerProxy.java:remove(99)) - 0c45c32f-b13d-44d6-bbf6-638a87f65fa5: does not contain group: group-8B2175EDBB9C
2021-01-06 16:47:24,456 [Command processor thread] ERROR commandhandler.ClosePipelineCommandHandler (ClosePipelineCommandHandler.java:handle(78)) - Can't close pipeline PipelineID=1daff035-b3fc-408b-bb07-8b2175edbb9c
java.io.IOException: 0c45c32f-b13d-44d6-bbf6-638a87f65fa5: Group group-8B2175EDBB9C not found.
	at org.apache.hadoop.ozone.container.common.transport.server.ratis.XceiverServerRatis.removeGroup(XceiverServerRatis.java:782)
	at org.apache.hadoop.ozone.container.common.statemachine.commandhandler.ClosePipelineCommandHandler.handle(ClosePipelineCommandHandler.java:74)
	at org.apache.hadoop.ozone.container.common.statemachine.commandhandler.CommandDispatcher.handle(CommandDispatcher.java:99)
	at org.apache.hadoop.ozone.container.common.statemachine.DatanodeStateMachine.lambda$initCommandHandlerThread$2(DatanodeStateMachine.java:498)
	at java.lang.Thread.run(Thread.java:748)
Caused by: org.apache.ratis.protocol.exceptions.GroupMismatchException: 0c45c32f-b13d-44d6-bbf6-638a87f65fa5: Group group-8B2175EDBB9C not found.
	at org.apache.ratis.server.impl.RaftServerProxy.groupRemoveAsync(RaftServerProxy.java:494)
	at org.apache.ratis.server.impl.RaftServerProxy.groupManagementAsync(RaftServerProxy.java:450)
	at org.apache.ratis.server.impl.RaftServerProxy.groupManagement(RaftServerProxy.java:430)
	at org.apache.hadoop.ozone.container.common.transport.server.ratis.XceiverServerRatis.removeGroup(XceiverServerRatis.java:780)
	... 4 more
2021-01-06 16:47:24,457 [Command processor thread] WARN  server.RaftServer (RaftServerProxy.java:remove(99)) - 0c45c32f-b13d-44d6-bbf6-638a87f65fa5: does not contain group: group-E1E8F399534A
2021-01-06 16:47:24,457 [Command processor thread] ERROR commandhandler.ClosePipelineCommandHandler (ClosePipelineCommandHandler.java:handle(78)) - Can't close pipeline PipelineID=91087ea0-1d77-4e3b-aed9-e1e8f399534a
java.io.IOException: 0c45c32f-b13d-44d6-bbf6-638a87f65fa5: Group group-E1E8F399534A not found.
	at org.apache.hadoop.ozone.container.common.transport.server.ratis.XceiverServerRatis.removeGroup(XceiverServerRatis.java:782)
	at org.apache.hadoop.ozone.container.common.statemachine.commandhandler.ClosePipelineCommandHandler.handle(ClosePipelineCommandHandler.java:74)
	at org.apache.hadoop.ozone.container.common.statemachine.commandhandler.CommandDispatcher.handle(CommandDispatcher.java:99)
	at org.apache.hadoop.ozone.container.common.statemachine.DatanodeStateMachine.lambda$initCommandHandlerThread$2(DatanodeStateMachine.java:498)
	at java.lang.Thread.run(Thread.java:748)
Caused by: org.apache.ratis.protocol.exceptions.GroupMismatchException: 0c45c32f-b13d-44d6-bbf6-638a87f65fa5: Group group-E1E8F399534A not found.
	at org.apache.ratis.server.impl.RaftServerProxy.groupRemoveAsync(RaftServerProxy.java:494)
	at org.apache.ratis.server.impl.RaftServerProxy.groupManagementAsync(RaftServerProxy.java:450)
	at org.apache.ratis.server.impl.RaftServerProxy.groupManagement(RaftServerProxy.java:430)
	at org.apache.hadoop.ozone.container.common.transport.server.ratis.XceiverServerRatis.removeGroup(XceiverServerRatis.java:780)
	... 4 more
2021-01-06 16:47:24,457 [Command processor thread] WARN  server.RaftServer (RaftServerProxy.java:remove(99)) - 0c45c32f-b13d-44d6-bbf6-638a87f65fa5: does not contain group: group-8B2175EDBB9C
2021-01-06 16:47:24,457 [Command processor thread] ERROR commandhandler.ClosePipelineCommandHandler (ClosePipelineCommandHandler.java:handle(78)) - Can't close pipeline PipelineID=1daff035-b3fc-408b-bb07-8b2175edbb9c
java.io.IOException: 0c45c32f-b13d-44d6-bbf6-638a87f65fa5: Group group-8B2175EDBB9C not found.
	at org.apache.hadoop.ozone.container.common.transport.server.ratis.XceiverServerRatis.removeGroup(XceiverServerRatis.java:782)
	at org.apache.hadoop.ozone.container.common.statemachine.commandhandler.ClosePipelineCommandHandler.handle(ClosePipelineCommandHandler.java:74)
	at org.apache.hadoop.ozone.container.common.statemachine.commandhandler.CommandDispatcher.handle(CommandDispatcher.java:99)
	at org.apache.hadoop.ozone.container.common.statemachine.DatanodeStateMachine.lambda$initCommandHandlerThread$2(DatanodeStateMachine.java:498)
	at java.lang.Thread.run(Thread.java:748)
Caused by: org.apache.ratis.protocol.exceptions.GroupMismatchException: 0c45c32f-b13d-44d6-bbf6-638a87f65fa5: Group group-8B2175EDBB9C not found.
	at org.apache.ratis.server.impl.RaftServerProxy.groupRemoveAsync(RaftServerProxy.java:494)
	at org.apache.ratis.server.impl.RaftServerProxy.groupManagementAsync(RaftServerProxy.java:450)
	at org.apache.ratis.server.impl.RaftServerProxy.groupManagement(RaftServerProxy.java:430)
	at org.apache.hadoop.ozone.container.common.transport.server.ratis.XceiverServerRatis.removeGroup(XceiverServerRatis.java:780)
	... 4 more
2021-01-06 16:47:24,457 [Command processor thread] WARN  server.RaftServer (RaftServerProxy.java:remove(99)) - 0c45c32f-b13d-44d6-bbf6-638a87f65fa5: does not contain group: group-E1E8F399534A
2021-01-06 16:47:24,457 [Command processor thread] ERROR commandhandler.ClosePipelineCommandHandler (ClosePipelineCommandHandler.java:handle(78)) - Can't close pipeline PipelineID=91087ea0-1d77-4e3b-aed9-e1e8f399534a
java.io.IOException: 0c45c32f-b13d-44d6-bbf6-638a87f65fa5: Group group-E1E8F399534A not found.
	at org.apache.hadoop.ozone.container.common.transport.server.ratis.XceiverServerRatis.removeGroup(XceiverServerRatis.java:782)
	at org.apache.hadoop.ozone.container.common.statemachine.commandhandler.ClosePipelineCommandHandler.handle(ClosePipelineCommandHandler.java:74)
	at org.apache.hadoop.ozone.container.common.statemachine.commandhandler.CommandDispatcher.handle(CommandDispatcher.java:99)
	at org.apache.hadoop.ozone.container.common.statemachine.DatanodeStateMachine.lambda$initCommandHandlerThread$2(DatanodeStateMachine.java:498)
	at java.lang.Thread.run(Thread.java:748)
Caused by: org.apache.ratis.protocol.exceptions.GroupMismatchException: 0c45c32f-b13d-44d6-bbf6-638a87f65fa5: Group group-E1E8F399534A not found.
	at org.apache.ratis.server.impl.RaftServerProxy.groupRemoveAsync(RaftServerProxy.java:494)
	at org.apache.ratis.server.impl.RaftServerProxy.groupManagementAsync(RaftServerProxy.java:450)
	at org.apache.ratis.server.impl.RaftServerProxy.groupManagement(RaftServerProxy.java:430)
	at org.apache.hadoop.ozone.container.common.transport.server.ratis.XceiverServerRatis.removeGroup(XceiverServerRatis.java:780)
	... 4 more
2021-01-06 16:47:24,458 [Command processor thread] WARN  server.RaftServer (RaftServerProxy.java:remove(99)) - 0c45c32f-b13d-44d6-bbf6-638a87f65fa5: does not contain group: group-8B2175EDBB9C
2021-01-06 16:47:24,458 [Command processor thread] ERROR commandhandler.ClosePipelineCommandHandler (ClosePipelineCommandHandler.java:handle(78)) - Can't close pipeline PipelineID=1daff035-b3fc-408b-bb07-8b2175edbb9c
java.io.IOException: 0c45c32f-b13d-44d6-bbf6-638a87f65fa5: Group group-8B2175EDBB9C not found.
	at org.apache.hadoop.ozone.container.common.transport.server.ratis.XceiverServerRatis.removeGroup(XceiverServerRatis.java:782)
	at org.apache.hadoop.ozone.container.common.statemachine.commandhandler.ClosePipelineCommandHandler.handle(ClosePipelineCommandHandler.java:74)
	at org.apache.hadoop.ozone.container.common.statemachine.commandhandler.CommandDispatcher.handle(CommandDispatcher.java:99)
	at org.apache.hadoop.ozone.container.common.statemachine.DatanodeStateMachine.lambda$initCommandHandlerThread$2(DatanodeStateMachine.java:498)
	at java.lang.Thread.run(Thread.java:748)
Caused by: org.apache.ratis.protocol.exceptions.GroupMismatchException: 0c45c32f-b13d-44d6-bbf6-638a87f65fa5: Group group-8B2175EDBB9C not found.
	at org.apache.ratis.server.impl.RaftServerProxy.groupRemoveAsync(RaftServerProxy.java:494)
	at org.apache.ratis.server.impl.RaftServerProxy.groupManagementAsync(RaftServerProxy.java:450)
	at org.apache.ratis.server.impl.RaftServerProxy.groupManagement(RaftServerProxy.java:430)
	at org.apache.hadoop.ozone.container.common.transport.server.ratis.XceiverServerRatis.removeGroup(XceiverServerRatis.java:780)
	... 4 more
2021-01-06 16:47:24,458 [Command processor thread] WARN  server.RaftServer (RaftServerProxy.java:remove(99)) - 0c45c32f-b13d-44d6-bbf6-638a87f65fa5: does not contain group: group-E1E8F399534A
2021-01-06 16:47:24,458 [Command processor thread] ERROR commandhandler.ClosePipelineCommandHandler (ClosePipelineCommandHandler.java:handle(78)) - Can't close pipeline PipelineID=91087ea0-1d77-4e3b-aed9-e1e8f399534a
java.io.IOException: 0c45c32f-b13d-44d6-bbf6-638a87f65fa5: Group group-E1E8F399534A not found.
	at org.apache.hadoop.ozone.container.common.transport.server.ratis.XceiverServerRatis.removeGroup(XceiverServerRatis.java:782)
	at org.apache.hadoop.ozone.container.common.statemachine.commandhandler.ClosePipelineCommandHandler.handle(ClosePipelineCommandHandler.java:74)
	at org.apache.hadoop.ozone.container.common.statemachine.commandhandler.CommandDispatcher.handle(CommandDispatcher.java:99)
	at org.apache.hadoop.ozone.container.common.statemachine.DatanodeStateMachine.lambda$initCommandHandlerThread$2(DatanodeStateMachine.java:498)
	at java.lang.Thread.run(Thread.java:748)
Caused by: org.apache.ratis.protocol.exceptions.GroupMismatchException: 0c45c32f-b13d-44d6-bbf6-638a87f65fa5: Group group-E1E8F399534A not found.
	at org.apache.ratis.server.impl.RaftServerProxy.groupRemoveAsync(RaftServerProxy.java:494)
	at org.apache.ratis.server.impl.RaftServerProxy.groupManagementAsync(RaftServerProxy.java:450)
	at org.apache.ratis.server.impl.RaftServerProxy.groupManagement(RaftServerProxy.java:430)
	at org.apache.hadoop.ozone.container.common.transport.server.ratis.XceiverServerRatis.removeGroup(XceiverServerRatis.java:780)
	... 4 more
2021-01-06 16:47:24,458 [Command processor thread] WARN  server.RaftServer (RaftServerProxy.java:remove(99)) - 0c45c32f-b13d-44d6-bbf6-638a87f65fa5: does not contain group: group-8B2175EDBB9C
2021-01-06 16:47:24,458 [Command processor thread] ERROR commandhandler.ClosePipelineCommandHandler (ClosePipelineCommandHandler.java:handle(78)) - Can't close pipeline PipelineID=1daff035-b3fc-408b-bb07-8b2175edbb9c
java.io.IOException: 0c45c32f-b13d-44d6-bbf6-638a87f65fa5: Group group-8B2175EDBB9C not found.
	at org.apache.hadoop.ozone.container.common.transport.server.ratis.XceiverServerRatis.removeGroup(XceiverServerRatis.java:782)
	at org.apache.hadoop.ozone.container.common.statemachine.commandhandler.ClosePipelineCommandHandler.handle(ClosePipelineCommandHandler.java:74)
	at org.apache.hadoop.ozone.container.common.statemachine.commandhandler.CommandDispatcher.handle(CommandDispatcher.java:99)
	at org.apache.hadoop.ozone.container.common.statemachine.DatanodeStateMachine.lambda$initCommandHandlerThread$2(DatanodeStateMachine.java:498)
	at java.lang.Thread.run(Thread.java:748)
Caused by: org.apache.ratis.protocol.exceptions.GroupMismatchException: 0c45c32f-b13d-44d6-bbf6-638a87f65fa5: Group group-8B2175EDBB9C not found.
	at org.apache.ratis.server.impl.RaftServerProxy.groupRemoveAsync(RaftServerProxy.java:494)
	at org.apache.ratis.server.impl.RaftServerProxy.groupManagementAsync(RaftServerProxy.java:450)
	at org.apache.ratis.server.impl.RaftServerProxy.groupManagement(RaftServerProxy.java:430)
	at org.apache.hadoop.ozone.container.common.transport.server.ratis.XceiverServerRatis.removeGroup(XceiverServerRatis.java:780)
	... 4 more
2021-01-06 16:47:24,561 [ReplicationMonitor] INFO  container.ReplicationManager (ReplicationManager.java:sendCloseCommand(948)) - Sending close container command for container #1 to datanode 0c45c32f-b13d-44d6-bbf6-638a87f65fa5{ip: 172.17.0.2, host: d1d2f32d3d04, networkLocation: /default-rack, certSerialId: null, persistedOpState: IN_SERVICE, persistedOpStateExpiryEpochSec: 0}.
2021-01-06 16:47:24,561 [ReplicationMonitor] INFO  container.ReplicationManager (ReplicationManager.java:sendCloseCommand(948)) - Sending close container command for container #1 to datanode b3b9a181-77ef-445c-8f67-7418b9e03f94{ip: 172.17.0.2, host: d1d2f32d3d04, networkLocation: /default-rack, certSerialId: null, persistedOpState: IN_SERVICE, persistedOpStateExpiryEpochSec: 0}.
2021-01-06 16:47:24,561 [ReplicationMonitor] INFO  container.ReplicationManager (ReplicationManager.java:sendCloseCommand(948)) - Sending close container command for container #3 to datanode 0c45c32f-b13d-44d6-bbf6-638a87f65fa5{ip: 172.17.0.2, host: d1d2f32d3d04, networkLocation: /default-rack, certSerialId: null, persistedOpState: IN_SERVICE, persistedOpStateExpiryEpochSec: 0}.
2021-01-06 16:47:24,561 [ReplicationMonitor] INFO  container.ReplicationManager (ReplicationManager.java:sendCloseCommand(948)) - Sending close container command for container #3 to datanode b3b9a181-77ef-445c-8f67-7418b9e03f94{ip: 172.17.0.2, host: d1d2f32d3d04, networkLocation: /default-rack, certSerialId: null, persistedOpState: IN_SERVICE, persistedOpStateExpiryEpochSec: 0}.
2021-01-06 16:47:24,562 [ReplicationMonitor] INFO  container.ReplicationManager (ReplicationManager.java:run(250)) - Replication Monitor Thread took 0 milliseconds for processing 4 containers.
2021-01-06 16:47:24,993 [DatanodeAdminManager-0] INFO  node.DatanodeAdminMonitorImpl (DatanodeAdminMonitorImpl.java:run(136)) - There are 1 nodes tracked for decommission and maintenance. 0 pending nodes.
2021-01-06 16:47:25,558 [Command processor thread] WARN  server.RaftServer (RaftServerProxy.java:remove(99)) - b260e4ee-445a-4422-8fbe-3a6caa0392e6: does not contain group: group-E1E8F399534A
2021-01-06 16:47:25,559 [Command processor thread] ERROR commandhandler.ClosePipelineCommandHandler (ClosePipelineCommandHandler.java:handle(78)) - Can't close pipeline PipelineID=91087ea0-1d77-4e3b-aed9-e1e8f399534a
java.io.IOException: b260e4ee-445a-4422-8fbe-3a6caa0392e6: Group group-E1E8F399534A not found.
	at org.apache.hadoop.ozone.container.common.transport.server.ratis.XceiverServerRatis.removeGroup(XceiverServerRatis.java:782)
	at org.apache.hadoop.ozone.container.common.statemachine.commandhandler.ClosePipelineCommandHandler.handle(ClosePipelineCommandHandler.java:74)
	at org.apache.hadoop.ozone.container.common.statemachine.commandhandler.CommandDispatcher.handle(CommandDispatcher.java:99)
	at org.apache.hadoop.ozone.container.common.statemachine.DatanodeStateMachine.lambda$initCommandHandlerThread$2(DatanodeStateMachine.java:498)
	at java.lang.Thread.run(Thread.java:748)
Caused by: org.apache.ratis.protocol.exceptions.GroupMismatchException: b260e4ee-445a-4422-8fbe-3a6caa0392e6: Group group-E1E8F399534A not found.
	at org.apache.ratis.server.impl.RaftServerProxy.groupRemoveAsync(RaftServerProxy.java:494)
	at org.apache.ratis.server.impl.RaftServerProxy.groupManagementAsync(RaftServerProxy.java:450)
	at org.apache.ratis.server.impl.RaftServerProxy.groupManagement(RaftServerProxy.java:430)
	at org.apache.hadoop.ozone.container.common.transport.server.ratis.XceiverServerRatis.removeGroup(XceiverServerRatis.java:780)
	... 4 more
2021-01-06 16:47:25,562 [ReplicationMonitor] INFO  container.ReplicationManager (ReplicationManager.java:forceCloseContainer(633)) - Force closing container #1 with BCSID 24, which is in QUASI_CLOSED state.
2021-01-06 16:47:25,562 [ReplicationMonitor] INFO  container.ReplicationManager (ReplicationManager.java:sendCloseCommand(948)) - Sending close container command for container #1 to datanode 0c45c32f-b13d-44d6-bbf6-638a87f65fa5{ip: 172.17.0.2, host: d1d2f32d3d04, networkLocation: /default-rack, certSerialId: null, persistedOpState: ENTERING_MAINTENANCE, persistedOpStateExpiryEpochSec: 0}.
2021-01-06 16:47:25,562 [ReplicationMonitor] INFO  container.ReplicationManager (ReplicationManager.java:sendCloseCommand(948)) - Sending close container command for container #1 to datanode b260e4ee-445a-4422-8fbe-3a6caa0392e6{ip: 172.17.0.2, host: d1d2f32d3d04, networkLocation: /default-rack, certSerialId: null, persistedOpState: IN_SERVICE, persistedOpStateExpiryEpochSec: 0}.
2021-01-06 16:47:25,562 [ReplicationMonitor] INFO  container.ReplicationManager (ReplicationManager.java:sendCloseCommand(948)) - Sending close container command for container #1 to datanode b3b9a181-77ef-445c-8f67-7418b9e03f94{ip: 172.17.0.2, host: d1d2f32d3d04, networkLocation: /default-rack, certSerialId: null, persistedOpState: IN_SERVICE, persistedOpStateExpiryEpochSec: 0}.
2021-01-06 16:47:25,562 [ReplicationMonitor] INFO  container.ReplicationManager (ReplicationManager.java:forceCloseContainer(633)) - Force closing container #3 with BCSID 21, which is in QUASI_CLOSED state.
2021-01-06 16:47:25,562 [ReplicationMonitor] INFO  container.ReplicationManager (ReplicationManager.java:sendCloseCommand(948)) - Sending close container command for container #3 to datanode b260e4ee-445a-4422-8fbe-3a6caa0392e6{ip: 172.17.0.2, host: d1d2f32d3d04, networkLocation: /default-rack, certSerialId: null, persistedOpState: IN_SERVICE, persistedOpStateExpiryEpochSec: 0}.
2021-01-06 16:47:25,562 [ReplicationMonitor] INFO  container.ReplicationManager (ReplicationManager.java:sendCloseCommand(948)) - Sending close container command for container #3 to datanode 0c45c32f-b13d-44d6-bbf6-638a87f65fa5{ip: 172.17.0.2, host: d1d2f32d3d04, networkLocation: /default-rack, certSerialId: null, persistedOpState: ENTERING_MAINTENANCE, persistedOpStateExpiryEpochSec: 0}.
2021-01-06 16:47:25,562 [ReplicationMonitor] INFO  container.ReplicationManager (ReplicationManager.java:sendCloseCommand(948)) - Sending close container command for container #3 to datanode b3b9a181-77ef-445c-8f67-7418b9e03f94{ip: 172.17.0.2, host: d1d2f32d3d04, networkLocation: /default-rack, certSerialId: null, persistedOpState: IN_SERVICE, persistedOpStateExpiryEpochSec: 0}.
2021-01-06 16:47:25,562 [ReplicationMonitor] INFO  container.ReplicationManager (ReplicationManager.java:run(250)) - Replication Monitor Thread took 1 milliseconds for processing 4 containers.
2021-01-06 16:47:25,997 [DatanodeAdminManager-0] INFO  node.DatanodeAdminMonitorImpl (DatanodeAdminMonitorImpl.java:checkContainersReplicatedOnNode(297)) - 0c45c32f-b13d-44d6-bbf6-638a87f65fa5{ip: 172.17.0.2, host: d1d2f32d3d04, networkLocation: /default-rack, certSerialId: null, persistedOpState: ENTERING_MAINTENANCE, persistedOpStateExpiryEpochSec: 0} has 2 sufficientlyReplicated, 0 underReplicated and 0 unhealthy containers
2021-01-06 16:47:25,997 [DatanodeAdminManager-0] INFO  node.DatanodeAdminMonitorImpl (DatanodeAdminMonitorImpl.java:putIntoMaintenance(313)) - Datanode 0c45c32f-b13d-44d6-bbf6-638a87f65fa5{ip: 172.17.0.2, host: d1d2f32d3d04, networkLocation: /default-rack, certSerialId: null, persistedOpState: ENTERING_MAINTENANCE, persistedOpStateExpiryEpochSec: 0} has entered maintenance
2021-01-06 16:47:25,997 [DatanodeAdminManager-0] INFO  node.DatanodeAdminMonitorImpl (DatanodeAdminMonitorImpl.java:run(136)) - There are 1 nodes tracked for decommission and maintenance. 0 pending nodes.
2021-01-06 16:47:26,448 [Command processor thread] WARN  server.RaftServer (RaftServerProxy.java:remove(99)) - 0c45c32f-b13d-44d6-bbf6-638a87f65fa5: does not contain group: group-E1E8F399534A
2021-01-06 16:47:26,448 [Command processor thread] ERROR commandhandler.ClosePipelineCommandHandler (ClosePipelineCommandHandler.java:handle(78)) - Can't close pipeline PipelineID=91087ea0-1d77-4e3b-aed9-e1e8f399534a
java.io.IOException: 0c45c32f-b13d-44d6-bbf6-638a87f65fa5: Group group-E1E8F399534A not found.
	at org.apache.hadoop.ozone.container.common.transport.server.ratis.XceiverServerRatis.removeGroup(XceiverServerRatis.java:782)
	at org.apache.hadoop.ozone.container.common.statemachine.commandhandler.ClosePipelineCommandHandler.handle(ClosePipelineCommandHandler.java:74)
	at org.apache.hadoop.ozone.container.common.statemachine.commandhandler.CommandDispatcher.handle(CommandDispatcher.java:99)
	at org.apache.hadoop.ozone.container.common.statemachine.DatanodeStateMachine.lambda$initCommandHandlerThread$2(DatanodeStateMachine.java:498)
	at java.lang.Thread.run(Thread.java:748)
Caused by: org.apache.ratis.protocol.exceptions.GroupMismatchException: 0c45c32f-b13d-44d6-bbf6-638a87f65fa5: Group group-E1E8F399534A not found.
	at org.apache.ratis.server.impl.RaftServerProxy.groupRemoveAsync(RaftServerProxy.java:494)
	at org.apache.ratis.server.impl.RaftServerProxy.groupManagementAsync(RaftServerProxy.java:450)
	at org.apache.ratis.server.impl.RaftServerProxy.groupManagement(RaftServerProxy.java:430)
	at org.apache.hadoop.ozone.container.common.transport.server.ratis.XceiverServerRatis.removeGroup(XceiverServerRatis.java:780)
	... 4 more
2021-01-06 16:47:26,448 [Command processor thread] WARN  server.RaftServer (RaftServerProxy.java:remove(99)) - 0c45c32f-b13d-44d6-bbf6-638a87f65fa5: does not contain group: group-8B2175EDBB9C
2021-01-06 16:47:26,449 [Command processor thread] ERROR commandhandler.ClosePipelineCommandHandler (ClosePipelineCommandHandler.java:handle(78)) - Can't close pipeline PipelineID=1daff035-b3fc-408b-bb07-8b2175edbb9c
java.io.IOException: 0c45c32f-b13d-44d6-bbf6-638a87f65fa5: Group group-8B2175EDBB9C not found.
	at org.apache.hadoop.ozone.container.common.transport.server.ratis.XceiverServerRatis.removeGroup(XceiverServerRatis.java:782)
	at org.apache.hadoop.ozone.container.common.statemachine.commandhandler.ClosePipelineCommandHandler.handle(ClosePipelineCommandHandler.java:74)
	at org.apache.hadoop.ozone.container.common.statemachine.commandhandler.CommandDispatcher.handle(CommandDispatcher.java:99)
	at org.apache.hadoop.ozone.container.common.statemachine.DatanodeStateMachine.lambda$initCommandHandlerThread$2(DatanodeStateMachine.java:498)
	at java.lang.Thread.run(Thread.java:748)
Caused by: org.apache.ratis.protocol.exceptions.GroupMismatchException: 0c45c32f-b13d-44d6-bbf6-638a87f65fa5: Group group-8B2175EDBB9C not found.
	at org.apache.ratis.server.impl.RaftServerProxy.groupRemoveAsync(RaftServerProxy.java:494)
	at org.apache.ratis.server.impl.RaftServerProxy.groupManagementAsync(RaftServerProxy.java:450)
	at org.apache.ratis.server.impl.RaftServerProxy.groupManagement(RaftServerProxy.java:430)
	at org.apache.hadoop.ozone.container.common.transport.server.ratis.XceiverServerRatis.removeGroup(XceiverServerRatis.java:780)
	... 4 more
2021-01-06 16:47:26,449 [Command processor thread] WARN  server.RaftServer (RaftServerProxy.java:remove(99)) - b3b9a181-77ef-445c-8f67-7418b9e03f94: does not contain group: group-E1E8F399534A
2021-01-06 16:47:26,449 [Command processor thread] ERROR commandhandler.ClosePipelineCommandHandler (ClosePipelineCommandHandler.java:handle(78)) - Can't close pipeline PipelineID=91087ea0-1d77-4e3b-aed9-e1e8f399534a
java.io.IOException: b3b9a181-77ef-445c-8f67-7418b9e03f94: Group group-E1E8F399534A not found.
	at org.apache.hadoop.ozone.container.common.transport.server.ratis.XceiverServerRatis.removeGroup(XceiverServerRatis.java:782)
	at org.apache.hadoop.ozone.container.common.statemachine.commandhandler.ClosePipelineCommandHandler.handle(ClosePipelineCommandHandler.java:74)
	at org.apache.hadoop.ozone.container.common.statemachine.commandhandler.CommandDispatcher.handle(CommandDispatcher.java:99)
	at org.apache.hadoop.ozone.container.common.statemachine.DatanodeStateMachine.lambda$initCommandHandlerThread$2(DatanodeStateMachine.java:498)
	at java.lang.Thread.run(Thread.java:748)
Caused by: org.apache.ratis.protocol.exceptions.GroupMismatchException: b3b9a181-77ef-445c-8f67-7418b9e03f94: Group group-E1E8F399534A not found.
	at org.apache.ratis.server.impl.RaftServerProxy.groupRemoveAsync(RaftServerProxy.java:494)
	at org.apache.ratis.server.impl.RaftServerProxy.groupManagementAsync(RaftServerProxy.java:450)
	at org.apache.ratis.server.impl.RaftServerProxy.groupManagement(RaftServerProxy.java:430)
	at org.apache.hadoop.ozone.container.common.transport.server.ratis.XceiverServerRatis.removeGroup(XceiverServerRatis.java:780)
	... 4 more
2021-01-06 16:47:26,450 [IPC Server handler 6 on default port 44005] INFO  node.SCMNodeManager (SCMNodeManager.java:updateDatanodeOpState(419)) - Scheduling a command to update the operationalState persisted on the datanode as the reported value (ENTERING_MAINTENANCE, 0) does not match the value stored in SCM (IN_MAINTENANCE, 0)
2021-01-06 16:47:26,563 [ReplicationMonitor] INFO  container.ReplicationManager (ReplicationManager.java:forceCloseContainer(633)) - Force closing container #1 with BCSID 24, which is in QUASI_CLOSED state.
2021-01-06 16:47:26,563 [ReplicationMonitor] INFO  container.ReplicationManager (ReplicationManager.java:sendCloseCommand(948)) - Sending close container command for container #1 to datanode 0c45c32f-b13d-44d6-bbf6-638a87f65fa5{ip: 172.17.0.2, host: d1d2f32d3d04, networkLocation: /default-rack, certSerialId: null, persistedOpState: ENTERING_MAINTENANCE, persistedOpStateExpiryEpochSec: 0}.
2021-01-06 16:47:26,563 [ReplicationMonitor] INFO  container.ReplicationManager (ReplicationManager.java:sendCloseCommand(948)) - Sending close container command for container #1 to datanode b260e4ee-445a-4422-8fbe-3a6caa0392e6{ip: 172.17.0.2, host: d1d2f32d3d04, networkLocation: /default-rack, certSerialId: null, persistedOpState: IN_SERVICE, persistedOpStateExpiryEpochSec: 0}.
2021-01-06 16:47:26,563 [ReplicationMonitor] INFO  container.ReplicationManager (ReplicationManager.java:sendCloseCommand(948)) - Sending close container command for container #1 to datanode b3b9a181-77ef-445c-8f67-7418b9e03f94{ip: 172.17.0.2, host: d1d2f32d3d04, networkLocation: /default-rack, certSerialId: null, persistedOpState: IN_SERVICE, persistedOpStateExpiryEpochSec: 0}.
2021-01-06 16:47:26,564 [ReplicationMonitor] INFO  container.ReplicationManager (ReplicationManager.java:forceCloseContainer(633)) - Force closing container #3 with BCSID 21, which is in QUASI_CLOSED state.
2021-01-06 16:47:26,564 [ReplicationMonitor] INFO  container.ReplicationManager (ReplicationManager.java:sendCloseCommand(948)) - Sending close container command for container #3 to datanode b260e4ee-445a-4422-8fbe-3a6caa0392e6{ip: 172.17.0.2, host: d1d2f32d3d04, networkLocation: /default-rack, certSerialId: null, persistedOpState: IN_SERVICE, persistedOpStateExpiryEpochSec: 0}.
2021-01-06 16:47:26,564 [ReplicationMonitor] INFO  container.ReplicationManager (ReplicationManager.java:sendCloseCommand(948)) - Sending close container command for container #3 to datanode 0c45c32f-b13d-44d6-bbf6-638a87f65fa5{ip: 172.17.0.2, host: d1d2f32d3d04, networkLocation: /default-rack, certSerialId: null, persistedOpState: ENTERING_MAINTENANCE, persistedOpStateExpiryEpochSec: 0}.
2021-01-06 16:47:26,564 [ReplicationMonitor] INFO  container.ReplicationManager (ReplicationManager.java:sendCloseCommand(948)) - Sending close container command for container #3 to datanode b3b9a181-77ef-445c-8f67-7418b9e03f94{ip: 172.17.0.2, host: d1d2f32d3d04, networkLocation: /default-rack, certSerialId: null, persistedOpState: IN_SERVICE, persistedOpStateExpiryEpochSec: 0}.
2021-01-06 16:47:26,564 [ReplicationMonitor] INFO  container.ReplicationManager (ReplicationManager.java:run(250)) - Replication Monitor Thread took 2 milliseconds for processing 4 containers.
2021-01-06 16:47:26,993 [DatanodeAdminManager-0] INFO  node.DatanodeAdminMonitorImpl (DatanodeAdminMonitorImpl.java:run(136)) - There are 1 nodes tracked for decommission and maintenance. 0 pending nodes.
2021-01-06 16:47:27,450 [IPC Server handler 6 on default port 44005] INFO  node.SCMNodeManager (SCMNodeManager.java:updateDatanodeOpState(419)) - Scheduling a command to update the operationalState persisted on the datanode as the reported value (ENTERING_MAINTENANCE, 0) does not match the value stored in SCM (IN_MAINTENANCE, 0)
2021-01-06 16:47:27,450 [Command processor thread] INFO  keyvalue.KeyValueContainer (KeyValueContainer.java:flushAndSyncDB(388)) - Container 1 is synced with bcsId 24.
2021-01-06 16:47:27,450 [Command processor thread] INFO  keyvalue.KeyValueContainer (KeyValueContainer.java:flushAndSyncDB(388)) - Container 1 is synced with bcsId 24.
2021-01-06 16:47:27,452 [Command processor thread] INFO  keyvalue.KeyValueContainer (KeyValueContainer.java:close(326)) - Container 1 is closed with bcsId 24.
2021-01-06 16:47:27,452 [Command processor thread] INFO  keyvalue.KeyValueContainer (KeyValueContainer.java:flushAndSyncDB(388)) - Container 3 is synced with bcsId 21.
2021-01-06 16:47:27,452 [Command processor thread] INFO  keyvalue.KeyValueContainer (KeyValueContainer.java:flushAndSyncDB(388)) - Container 3 is synced with bcsId 21.
2021-01-06 16:47:27,453 [EventQueue-IncrementalContainerReportForIncrementalContainerReportHandler] INFO  container.IncrementalContainerReportHandler (AbstractContainerReportHandler.java:updateContainerState(241)) - Moving container #1 to CLOSED state, datanode b3b9a181-77ef-445c-8f67-7418b9e03f94{ip: 172.17.0.2, host: d1d2f32d3d04, networkLocation: /default-rack, certSerialId: null, persistedOpState: IN_SERVICE, persistedOpStateExpiryEpochSec: 0} reported CLOSED replica.
2021-01-06 16:47:27,454 [Command processor thread] INFO  keyvalue.KeyValueContainer (KeyValueContainer.java:close(326)) - Container 3 is closed with bcsId 21.
2021-01-06 16:47:27,454 [EventQueue-IncrementalContainerReportForIncrementalContainerReportHandler] INFO  container.IncrementalContainerReportHandler (AbstractContainerReportHandler.java:updateContainerState(241)) - Moving container #3 to CLOSED state, datanode b3b9a181-77ef-445c-8f67-7418b9e03f94{ip: 172.17.0.2, host: d1d2f32d3d04, networkLocation: /default-rack, certSerialId: null, persistedOpState: IN_SERVICE, persistedOpStateExpiryEpochSec: 0} reported CLOSED replica.
2021-01-06 16:47:27,559 [Command processor thread] WARN  server.RaftServer (RaftServerProxy.java:remove(99)) - b260e4ee-445a-4422-8fbe-3a6caa0392e6: does not contain group: group-E1E8F399534A
2021-01-06 16:47:27,559 [Command processor thread] ERROR commandhandler.ClosePipelineCommandHandler (ClosePipelineCommandHandler.java:handle(78)) - Can't close pipeline PipelineID=91087ea0-1d77-4e3b-aed9-e1e8f399534a
java.io.IOException: b260e4ee-445a-4422-8fbe-3a6caa0392e6: Group group-E1E8F399534A not found.
	at org.apache.hadoop.ozone.container.common.transport.server.ratis.XceiverServerRatis.removeGroup(XceiverServerRatis.java:782)
	at org.apache.hadoop.ozone.container.common.statemachine.commandhandler.ClosePipelineCommandHandler.handle(ClosePipelineCommandHandler.java:74)
	at org.apache.hadoop.ozone.container.common.statemachine.commandhandler.CommandDispatcher.handle(CommandDispatcher.java:99)
	at org.apache.hadoop.ozone.container.common.statemachine.DatanodeStateMachine.lambda$initCommandHandlerThread$2(DatanodeStateMachine.java:498)
	at java.lang.Thread.run(Thread.java:748)
Caused by: org.apache.ratis.protocol.exceptions.GroupMismatchException: b260e4ee-445a-4422-8fbe-3a6caa0392e6: Group group-E1E8F399534A not found.
	at org.apache.ratis.server.impl.RaftServerProxy.groupRemoveAsync(RaftServerProxy.java:494)
	at org.apache.ratis.server.impl.RaftServerProxy.groupManagementAsync(RaftServerProxy.java:450)
	at org.apache.ratis.server.impl.RaftServerProxy.groupManagement(RaftServerProxy.java:430)
	at org.apache.hadoop.ozone.container.common.transport.server.ratis.XceiverServerRatis.removeGroup(XceiverServerRatis.java:780)
	... 4 more
2021-01-06 16:47:27,559 [Command processor thread] INFO  keyvalue.KeyValueContainer (KeyValueContainer.java:flushAndSyncDB(388)) - Container 1 is synced with bcsId 24.
2021-01-06 16:47:27,559 [Command processor thread] INFO  keyvalue.KeyValueContainer (KeyValueContainer.java:flushAndSyncDB(388)) - Container 1 is synced with bcsId 24.
2021-01-06 16:47:27,561 [Command processor thread] INFO  keyvalue.KeyValueContainer (KeyValueContainer.java:close(326)) - Container 1 is closed with bcsId 24.
2021-01-06 16:47:27,561 [Command processor thread] INFO  keyvalue.KeyValueContainer (KeyValueContainer.java:flushAndSyncDB(388)) - Container 3 is synced with bcsId 21.
2021-01-06 16:47:27,561 [Command processor thread] INFO  keyvalue.KeyValueContainer (KeyValueContainer.java:flushAndSyncDB(388)) - Container 3 is synced with bcsId 21.
2021-01-06 16:47:27,562 [Command processor thread] INFO  keyvalue.KeyValueContainer (KeyValueContainer.java:close(326)) - Container 3 is closed with bcsId 21.
2021-01-06 16:47:27,565 [ReplicationMonitor] INFO  container.ReplicationManager (ReplicationManager.java:sendCloseCommand(948)) - Sending close container command for container #1 to datanode 0c45c32f-b13d-44d6-bbf6-638a87f65fa5{ip: 172.17.0.2, host: d1d2f32d3d04, networkLocation: /default-rack, certSerialId: null, persistedOpState: ENTERING_MAINTENANCE, persistedOpStateExpiryEpochSec: 0}.
2021-01-06 16:47:27,565 [ReplicationMonitor] INFO  container.ReplicationManager (ReplicationManager.java:sendCloseCommand(948)) - Sending close container command for container #1 to datanode b260e4ee-445a-4422-8fbe-3a6caa0392e6{ip: 172.17.0.2, host: d1d2f32d3d04, networkLocation: /default-rack, certSerialId: null, persistedOpState: IN_SERVICE, persistedOpStateExpiryEpochSec: 0}.
2021-01-06 16:47:27,565 [ReplicationMonitor] INFO  container.ReplicationManager (ReplicationManager.java:sendCloseCommand(948)) - Sending close container command for container #1 to datanode b3b9a181-77ef-445c-8f67-7418b9e03f94{ip: 172.17.0.2, host: d1d2f32d3d04, networkLocation: /default-rack, certSerialId: null, persistedOpState: IN_SERVICE, persistedOpStateExpiryEpochSec: 0}.
2021-01-06 16:47:27,566 [ReplicationMonitor] INFO  container.ReplicationManager (ReplicationManager.java:sendCloseCommand(948)) - Sending close container command for container #3 to datanode b260e4ee-445a-4422-8fbe-3a6caa0392e6{ip: 172.17.0.2, host: d1d2f32d3d04, networkLocation: /default-rack, certSerialId: null, persistedOpState: IN_SERVICE, persistedOpStateExpiryEpochSec: 0}.
2021-01-06 16:47:27,566 [ReplicationMonitor] INFO  container.ReplicationManager (ReplicationManager.java:sendCloseCommand(948)) - Sending close container command for container #3 to datanode 0c45c32f-b13d-44d6-bbf6-638a87f65fa5{ip: 172.17.0.2, host: d1d2f32d3d04, networkLocation: /default-rack, certSerialId: null, persistedOpState: ENTERING_MAINTENANCE, persistedOpStateExpiryEpochSec: 0}.
2021-01-06 16:47:27,566 [ReplicationMonitor] INFO  container.ReplicationManager (ReplicationManager.java:run(250)) - Replication Monitor Thread took 1 milliseconds for processing 4 containers.
2021-01-06 16:47:27,993 [DatanodeAdminManager-0] INFO  node.DatanodeAdminMonitorImpl (DatanodeAdminMonitorImpl.java:run(136)) - There are 1 nodes tracked for decommission and maintenance. 0 pending nodes.
2021-01-06 16:47:28,449 [Command processor thread] INFO  keyvalue.KeyValueContainer (KeyValueContainer.java:flushAndSyncDB(388)) - Container 1 is synced with bcsId 24.
2021-01-06 16:47:28,449 [Command processor thread] INFO  keyvalue.KeyValueContainer (KeyValueContainer.java:flushAndSyncDB(388)) - Container 1 is synced with bcsId 24.
2021-01-06 16:47:28,450 [IPC Server handler 6 on default port 44005] INFO  node.SCMNodeManager (SCMNodeManager.java:updateDatanodeOpState(419)) - Scheduling a command to update the operationalState persisted on the datanode as the reported value (ENTERING_MAINTENANCE, 0) does not match the value stored in SCM (IN_MAINTENANCE, 0)
2021-01-06 16:47:28,451 [Command processor thread] INFO  keyvalue.KeyValueContainer (KeyValueContainer.java:close(326)) - Container 1 is closed with bcsId 24.
2021-01-06 16:47:28,451 [Command processor thread] INFO  keyvalue.KeyValueContainer (KeyValueContainer.java:flushAndSyncDB(388)) - Container 3 is synced with bcsId 21.
2021-01-06 16:47:28,451 [Command processor thread] INFO  keyvalue.KeyValueContainer (KeyValueContainer.java:flushAndSyncDB(388)) - Container 3 is synced with bcsId 21.
2021-01-06 16:47:28,452 [IPC Server handler 9 on default port 44005] INFO  node.SCMNodeManager (SCMNodeManager.java:updateDatanodeOpState(419)) - Scheduling a command to update the operationalState persisted on the datanode as the reported value (ENTERING_MAINTENANCE, 0) does not match the value stored in SCM (IN_MAINTENANCE, 0)
2021-01-06 16:47:28,453 [Command processor thread] INFO  keyvalue.KeyValueContainer (KeyValueContainer.java:close(326)) - Container 3 is closed with bcsId 21.
2021-01-06 16:47:28,566 [ReplicationMonitor] INFO  container.ReplicationManager (ReplicationManager.java:sendCloseCommand(948)) - Sending close container command for container #1 to datanode 0c45c32f-b13d-44d6-bbf6-638a87f65fa5{ip: 172.17.0.2, host: d1d2f32d3d04, networkLocation: /default-rack, certSerialId: null, persistedOpState: IN_MAINTENANCE, persistedOpStateExpiryEpochSec: 0}.
2021-01-06 16:47:28,566 [ReplicationMonitor] INFO  container.ReplicationManager (ReplicationManager.java:sendCloseCommand(948)) - Sending close container command for container #1 to datanode b260e4ee-445a-4422-8fbe-3a6caa0392e6{ip: 172.17.0.2, host: d1d2f32d3d04, networkLocation: /default-rack, certSerialId: null, persistedOpState: IN_SERVICE, persistedOpStateExpiryEpochSec: 0}.
2021-01-06 16:47:28,566 [ReplicationMonitor] INFO  container.ReplicationManager (ReplicationManager.java:sendCloseCommand(948)) - Sending close container command for container #3 to datanode b260e4ee-445a-4422-8fbe-3a6caa0392e6{ip: 172.17.0.2, host: d1d2f32d3d04, networkLocation: /default-rack, certSerialId: null, persistedOpState: IN_SERVICE, persistedOpStateExpiryEpochSec: 0}.
2021-01-06 16:47:28,566 [ReplicationMonitor] INFO  container.ReplicationManager (ReplicationManager.java:sendCloseCommand(948)) - Sending close container command for container #3 to datanode 0c45c32f-b13d-44d6-bbf6-638a87f65fa5{ip: 172.17.0.2, host: d1d2f32d3d04, networkLocation: /default-rack, certSerialId: null, persistedOpState: IN_MAINTENANCE, persistedOpStateExpiryEpochSec: 0}.
2021-01-06 16:47:28,566 [ReplicationMonitor] INFO  container.ReplicationManager (ReplicationManager.java:run(250)) - Replication Monitor Thread took 1 milliseconds for processing 4 containers.
2021-01-06 16:47:28,615 [Listener at 127.0.0.1/40037] INFO  server.StorageContainerManager (StorageContainerManager.java:stop(832)) - Stopping Replication Manager Service.
2021-01-06 16:47:28,616 [Listener at 127.0.0.1/40037] INFO  container.ReplicationManager (ReplicationManager.java:stop(227)) - Stopping Replication Monitor Thread.
2021-01-06 16:47:28,616 [Listener at 127.0.0.1/40037] INFO  server.StorageContainerManager (StorageContainerManager.java:stop(839)) - Stopping the Datanode Admin Monitor.
2021-01-06 16:47:28,616 [Listener at 127.0.0.1/40037] INFO  server.StorageContainerManager (StorageContainerManager.java:stop(846)) - Stopping Lease Manager of the command watchers
2021-01-06 16:47:28,616 [Listener at 127.0.0.1/40037] INFO  server.StorageContainerManager (StorageContainerManager.java:stop(853)) - Stopping datanode service RPC server
2021-01-06 16:47:28,616 [Listener at 127.0.0.1/40037] INFO  server.SCMDatanodeProtocolServer (SCMDatanodeProtocolServer.java:stop(369)) - Stopping the RPC server for DataNodes
2021-01-06 16:47:28,616 [Listener at 127.0.0.1/40037] INFO  ipc.Server (Server.java:stop(3359)) - Stopping server on 44005
2021-01-06 16:47:28,618 [IPC Server listener on 0] INFO  ipc.Server (Server.java:run(1330)) - Stopping IPC Server listener on 0
2021-01-06 16:47:28,618 [IPC Server Responder] INFO  ipc.Server (Server.java:run(1465)) - Stopping IPC Server Responder
2021-01-06 16:47:28,648 [SCM Heartbeat Processing Thread - 0] WARN  node.NodeStateManager (NodeStateManager.java:scheduleNextHealthCheck(688)) - Current Thread is interrupted, shutting down HB processing thread for Node Manager.
2021-01-06 16:47:28,648 [Listener at 127.0.0.1/40037] INFO  server.StorageContainerManager (StorageContainerManager.java:stop(861)) - Stopping block service RPC server
2021-01-06 16:47:28,648 [Listener at 127.0.0.1/40037] INFO  server.SCMBlockProtocolServer (SCMBlockProtocolServer.java:stop(159)) - Stopping the RPC server for Block Protocol
2021-01-06 16:47:28,649 [Listener at 127.0.0.1/40037] INFO  ipc.Server (Server.java:stop(3359)) - Stopping server on 38591
2021-01-06 16:47:28,651 [IPC Server listener on 0] INFO  ipc.Server (Server.java:run(1330)) - Stopping IPC Server listener on 0
2021-01-06 16:47:28,651 [Listener at 127.0.0.1/40037] INFO  server.StorageContainerManager (StorageContainerManager.java:stop(868)) - Stopping the StorageContainerLocationProtocol RPC server
2021-01-06 16:47:28,651 [Listener at 127.0.0.1/40037] INFO  server.SCMClientProtocolServer (SCMClientProtocolServer.java:stop(168)) - Stopping the RPC server for Client Protocol
2021-01-06 16:47:28,651 [Listener at 127.0.0.1/40037] INFO  ipc.Server (Server.java:stop(3359)) - Stopping server on 43433
2021-01-06 16:47:28,651 [IPC Server Responder] INFO  ipc.Server (Server.java:run(1465)) - Stopping IPC Server Responder
2021-01-06 16:47:28,653 [IPC Server listener on 0] INFO  ipc.Server (Server.java:run(1330)) - Stopping IPC Server listener on 0
2021-01-06 16:47:28,656 [IPC Server Responder] INFO  ipc.Server (Server.java:run(1465)) - Stopping IPC Server Responder
2021-01-06 16:47:28,656 [Listener at 127.0.0.1/40037] INFO  server.StorageContainerManager (StorageContainerManager.java:stop(875)) - Stopping Storage Container Manager HTTP server.
2021-01-06 16:47:28,656 [Listener at 127.0.0.1/40037] INFO  handler.ContextHandler (ContextHandler.java:doStop(1154)) - Stopped o.e.j.w.WebAppContext@137fbb47{scm,/,null,STOPPED}{file:/github/workspace/mnt/ozone/hadoop-ozone/integration-test/target/test-classes/webapps/scm}
2021-01-06 16:47:28,657 [Listener at 127.0.0.1/40037] INFO  server.AbstractConnector (AbstractConnector.java:doStop(381)) - Stopped ServerConnector@463ca434{HTTP/1.1, (http/1.1)}{0.0.0.0:0}
2021-01-06 16:47:28,657 [Listener at 127.0.0.1/40037] INFO  server.session (HouseKeeper.java:stopScavenging(149)) - node0 Stopped scavenging
2021-01-06 16:47:28,657 [Listener at 127.0.0.1/40037] INFO  handler.ContextHandler (ContextHandler.java:doStop(1154)) - Stopped o.e.j.s.ServletContextHandler@7613e5b4{static,/static,file:///github/workspace/mnt/ozone/hadoop-ozone/integration-test/target/test-classes/webapps/static,STOPPED}
2021-01-06 16:47:28,657 [Listener at 127.0.0.1/40037] INFO  handler.ContextHandler (ContextHandler.java:doStop(1154)) - Stopped o.e.j.s.ServletContextHandler@7f8ab926{logs,/logs,file:///github/workspace/mnt/ozone/hadoop-ozone/integration-test/target/log,STOPPED}
2021-01-06 16:47:28,658 [Listener at 127.0.0.1/40037] INFO  server.StorageContainerManager (StorageContainerManager.java:stop(886)) - Stopping Block Manager Service.
2021-01-06 16:47:28,658 [Listener at 127.0.0.1/40037] INFO  utils.BackgroundService (BackgroundService.java:shutdown(132)) - Shutting down service SCMBlockDeletingService
2021-01-06 16:47:28,658 [Listener at 127.0.0.1/40037] INFO  utils.BackgroundService (BackgroundService.java:shutdown(132)) - Shutting down service SCMBlockDeletingService
2021-01-06 16:47:28,658 [Listener at 127.0.0.1/40037] INFO  server.StorageContainerManager (StorageContainerManager.java:stop(911)) - Stopping SCM Event Queue.
2021-01-06 16:47:28,660 [Listener at 127.0.0.1/40037] INFO  impl.MetricsSystemImpl (MetricsSystemImpl.java:stop(210)) - Stopping HddsDatanode metrics system...
2021-01-06 16:47:28,662 [Listener at 127.0.0.1/40037] INFO  impl.MetricsSystemImpl (MetricsSystemImpl.java:stop(216)) - HddsDatanode metrics system stopped.
2021-01-06 16:47:28,662 [Listener at 127.0.0.1/40037] WARN  server.ServerUtils (ServerUtils.java:getScmDbDir(148)) - ozone.scm.db.dirs is not configured. We recommend adding this setting. Falling back to ozone.metadata.dirs instead.
2021-01-06 16:47:28,663 [Listener at 127.0.0.1/40037] WARN  db.DBStoreBuilder (DBStoreBuilder.java:applyDBDefinition(145)) - ozone.scm.db.dirs is not configured. We recommend adding this setting. Falling back to ozone.metadata.dirs instead.
2021-01-06 16:47:28,678 [Listener at 127.0.0.1/40037] INFO  net.NodeSchemaLoader (NodeSchemaLoader.java:loadSchemaFromFile(126)) - Loading file from sun.misc.CompoundEnumeration@31725f55
2021-01-06 16:47:28,678 [Listener at 127.0.0.1/40037] INFO  net.NodeSchemaLoader (NodeSchemaLoader.java:loadSchema(172)) - Loading network topology layer schema file
2021-01-06 16:47:28,680 [Listener at 127.0.0.1/40037] INFO  node.SCMNodeManager (SCMNodeManager.java:<init>(123)) - Entering startup safe mode.
2021-01-06 16:47:28,680 [Listener at 127.0.0.1/40037] INFO  algorithms.ContainerPlacementPolicyFactory (ContainerPlacementPolicyFactory.java:getPolicy(60)) - Create container placement policy of type org.apache.hadoop.hdds.scm.container.placement.algorithms.SCMContainerPlacementRandom
2021-01-06 16:47:28,680 [Listener at 127.0.0.1/40037] INFO  algorithms.LeaderChoosePolicyFactory (LeaderChoosePolicyFactory.java:getPolicy(57)) - Create leader choose policy of type org.apache.hadoop.hdds.scm.pipeline.leader.choose.algorithms.DefaultLeaderChoosePolicy
2021-01-06 16:47:28,681 [Listener at 127.0.0.1/40037] INFO  pipeline.PipelineStateManager (PipelineStateManager.java:addPipeline(54)) - Created pipeline Pipeline[ Id: 16646e2e-6ae2-4294-975f-a17707e7b4e1, Nodes: 758eb975-c749-4165-9bd9-81389eee020b{ip: 172.17.0.2, host: d1d2f32d3d04, networkLocation: /default-rack, certSerialId: null, persistedOpState: IN_SERVICE, persistedOpStateExpiryEpochSec: 0}19774229-10ce-45d0-998c-3d7b10d140bf{ip: 172.17.0.2, host: d1d2f32d3d04, networkLocation: /default-rack, certSerialId: null, persistedOpState: IN_SERVICE, persistedOpStateExpiryEpochSec: 0}8f97a4d4-5267-458d-aa6e-fd0ac821c306{ip: 172.17.0.2, host: d1d2f32d3d04, networkLocation: /default-rack, certSerialId: null, persistedOpState: IN_SERVICE, persistedOpStateExpiryEpochSec: 0}, Type:RATIS, Factor:THREE, State:OPEN, leaderId:19774229-10ce-45d0-998c-3d7b10d140bf, CreationTimestamp2021-01-06T16:47:28.681Z]
2021-01-06 16:47:28,681 [Listener at 127.0.0.1/40037] INFO  pipeline.PipelineStateManager (PipelineStateManager.java:addPipeline(54)) - Created pipeline Pipeline[ Id: 905c0a45-b035-427b-8833-f3fd7e2c97e3, Nodes: 758eb975-c749-4165-9bd9-81389eee020b{ip: 172.17.0.2, host: d1d2f32d3d04, networkLocation: /default-rack, certSerialId: null, persistedOpState: IN_SERVICE, persistedOpStateExpiryEpochSec: 0}, Type:RATIS, Factor:ONE, State:OPEN, leaderId:758eb975-c749-4165-9bd9-81389eee020b, CreationTimestamp2021-01-06T16:47:28.681Z]
2021-01-06 16:47:28,681 [Listener at 127.0.0.1/40037] INFO  pipeline.PipelineStateManager (PipelineStateManager.java:addPipeline(54)) - Created pipeline Pipeline[ Id: a212c06b-7d86-4791-843d-dc2535fdf54b, Nodes: 19774229-10ce-45d0-998c-3d7b10d140bf{ip: 172.17.0.2, host: d1d2f32d3d04, networkLocation: /default-rack, certSerialId: null, persistedOpState: IN_SERVICE, persistedOpStateExpiryEpochSec: 0}, Type:RATIS, Factor:ONE, State:OPEN, leaderId:19774229-10ce-45d0-998c-3d7b10d140bf, CreationTimestamp2021-01-06T16:47:28.681Z]
2021-01-06 16:47:28,681 [Listener at 127.0.0.1/40037] INFO  pipeline.PipelineStateManager (PipelineStateManager.java:addPipeline(54)) - Created pipeline Pipeline[ Id: a8b4bb36-4b5d-436f-be76-0cf1a164f156, Nodes: b3b9a181-77ef-445c-8f67-7418b9e03f94{ip: 172.17.0.2, host: d1d2f32d3d04, networkLocation: /default-rack, certSerialId: null, persistedOpState: IN_SERVICE, persistedOpStateExpiryEpochSec: 0}, Type:RATIS, Factor:ONE, State:OPEN, leaderId:b3b9a181-77ef-445c-8f67-7418b9e03f94, CreationTimestamp2021-01-06T16:47:28.681Z]
2021-01-06 16:47:28,681 [Listener at 127.0.0.1/40037] INFO  pipeline.PipelineStateManager (PipelineStateManager.java:addPipeline(54)) - Created pipeline Pipeline[ Id: d9736a8a-7773-40e9-b5bd-763c3359d237, Nodes: b260e4ee-445a-4422-8fbe-3a6caa0392e6{ip: 172.17.0.2, host: d1d2f32d3d04, networkLocation: /default-rack, certSerialId: null, persistedOpState: IN_SERVICE, persistedOpStateExpiryEpochSec: 0}, Type:RATIS, Factor:ONE, State:OPEN, leaderId:b260e4ee-445a-4422-8fbe-3a6caa0392e6, CreationTimestamp2021-01-06T16:47:28.681Z]
2021-01-06 16:47:28,682 [Listener at 127.0.0.1/40037] INFO  pipeline.PipelineStateManager (PipelineStateManager.java:addPipeline(54)) - Created pipeline Pipeline[ Id: fa843cdf-fd05-4d65-9232-0537f8be947e, Nodes: 8f97a4d4-5267-458d-aa6e-fd0ac821c306{ip: 172.17.0.2, host: d1d2f32d3d04, networkLocation: /default-rack, certSerialId: null, persistedOpState: IN_SERVICE, persistedOpStateExpiryEpochSec: 0}, Type:RATIS, Factor:ONE, State:OPEN, leaderId:8f97a4d4-5267-458d-aa6e-fd0ac821c306, CreationTimestamp2021-01-06T16:47:28.682Z]
2021-01-06 16:47:28,682 [Listener at 127.0.0.1/40037] INFO  algorithms.PipelineChoosePolicyFactory (PipelineChoosePolicyFactory.java:createPipelineChoosePolicyFromClass(75)) - Create pipeline choose policy of type org.apache.hadoop.hdds.scm.pipeline.choose.algorithms.RandomPipelineChoosePolicy
2021-01-06 16:47:28,683 [Listener at 127.0.0.1/40037] INFO  safemode.HealthyPipelineSafeModeRule (HealthyPipelineSafeModeRule.java:<init>(89)) - Total pipeline count is 1, healthy pipeline threshold count is 1
2021-01-06 16:47:28,683 [Listener at 127.0.0.1/40037] INFO  safemode.OneReplicaPipelineSafeModeRule (OneReplicaPipelineSafeModeRule.java:<init>(85)) - Total pipeline count is 1, pipeline's with at least one datanode reported threshold count is 1
2021-01-06 16:47:28,688 [Listener at 127.0.0.1/40037] INFO  ipc.CallQueueManager (CallQueueManager.java:<init>(84)) - Using callQueue: class java.util.concurrent.LinkedBlockingQueue, queueCapacity: 2000, scheduler: class org.apache.hadoop.ipc.DefaultRpcScheduler, ipcBackoff: false.
2021-01-06 16:47:28,689 [Socket Reader #1 for port 44005] INFO  ipc.Server (Server.java:run(1219)) - Starting Socket Reader #1 for port 44005
2021-01-06 16:47:28,690 [Listener at 0.0.0.0/44005] INFO  ipc.CallQueueManager (CallQueueManager.java:<init>(84)) - Using callQueue: class java.util.concurrent.LinkedBlockingQueue, queueCapacity: 2000, scheduler: class org.apache.hadoop.ipc.DefaultRpcScheduler, ipcBackoff: false.
2021-01-06 16:47:28,690 [Socket Reader #1 for port 38591] INFO  ipc.Server (Server.java:run(1219)) - Starting Socket Reader #1 for port 38591
2021-01-06 16:47:28,691 [Listener at 0.0.0.0/38591] INFO  ipc.CallQueueManager (CallQueueManager.java:<init>(84)) - Using callQueue: class java.util.concurrent.LinkedBlockingQueue, queueCapacity: 2000, scheduler: class org.apache.hadoop.ipc.DefaultRpcScheduler, ipcBackoff: false.
2021-01-06 16:47:28,691 [Socket Reader #1 for port 43433] INFO  ipc.Server (Server.java:run(1219)) - Starting Socket Reader #1 for port 43433
2021-01-06 16:47:28,694 [Listener at 0.0.0.0/43433] INFO  http.BaseHttpServer (BaseHttpServer.java:newHttpServer2BuilderForOzone(207)) - Starting Web-server for scm at: http://0.0.0.0:34597
2021-01-06 16:47:28,694 [Listener at 0.0.0.0/43433] INFO  http.BaseHttpServer (BaseHttpServer.java:<init>(106)) - Hadoop Security Enabled: false Ozone Security Enabled: false Ozone HTTP Security Enabled: false 
2021-01-06 16:47:28,695 [Listener at 0.0.0.0/43433] INFO  server.AuthenticationFilter (AuthenticationFilter.java:constructSecretProvider(240)) - Unable to initialize FileSignerSecretProvider, falling back to use random secrets.
2021-01-06 16:47:28,696 [Listener at 0.0.0.0/43433] WARN  http.HttpRequestLog (HttpRequestLog.java:getRequestLog(103)) - Jetty request log can only be enabled using Log4j
2021-01-06 16:47:28,696 [Listener at 0.0.0.0/43433] INFO  http.HttpServer2 (HttpServer2.java:addGlobalFilter(1020)) - Added global filter 'safety' (class=org.apache.hadoop.hdds.server.http.HttpServer2$QuotingInputFilter)
2021-01-06 16:47:28,697 [Listener at 0.0.0.0/43433] INFO  http.HttpServer2 (HttpServer2.java:addFilter(996)) - Added filter static_user_filter (class=org.apache.hadoop.http.lib.StaticUserWebFilter$StaticUserFilter) to context scm
2021-01-06 16:47:28,697 [Listener at 0.0.0.0/43433] INFO  http.HttpServer2 (HttpServer2.java:addFilter(1004)) - Added filter static_user_filter (class=org.apache.hadoop.http.lib.StaticUserWebFilter$StaticUserFilter) to context logs
2021-01-06 16:47:28,697 [Listener at 0.0.0.0/43433] INFO  http.HttpServer2 (HttpServer2.java:addFilter(1004)) - Added filter static_user_filter (class=org.apache.hadoop.http.lib.StaticUserWebFilter$StaticUserFilter) to context static
2021-01-06 16:47:28,698 [Listener at 0.0.0.0/43433] INFO  server.StorageContainerManager (StorageContainerManager.java:start(789)) - StorageContainerLocationProtocol RPC server is listening at /0.0.0.0:43433
2021-01-06 16:47:28,699 [Listener at 0.0.0.0/43433] WARN  impl.MetricsConfig (MetricsConfig.java:loadFirst(134)) - Cannot locate configuration: tried hadoop-metrics2-storagecontainermanager.properties,hadoop-metrics2.properties
2021-01-06 16:47:28,703 [Listener at 0.0.0.0/43433] INFO  impl.MetricsSystemImpl (MetricsSystemImpl.java:startTimer(374)) - Scheduled Metric snapshot period at 10 second(s).
2021-01-06 16:47:28,704 [Listener at 0.0.0.0/43433] INFO  impl.MetricsSystemImpl (MetricsSystemImpl.java:start(191)) - StorageContainerManager metrics system started
2021-01-06 16:47:28,746 [Listener at 0.0.0.0/43433] WARN  impl.MetricsSystemImpl (MetricsSystemImpl.java:register(276)) - Sink prometheus already exists!
2021-01-06 16:47:28,803 [Listener at 0.0.0.0/43433] INFO  server.SCMClientProtocolServer (SCMClientProtocolServer.java:start(159)) - RPC server for Client  is listening at /0.0.0.0:43433
2021-01-06 16:47:28,804 [IPC Server Responder] INFO  ipc.Server (Server.java:run(1460)) - IPC Server Responder: starting
2021-01-06 16:47:28,804 [IPC Server listener on 43433] INFO  ipc.Server (Server.java:run(1298)) - IPC Server listener on 43433: starting
2021-01-06 16:47:28,820 [Listener at 0.0.0.0/43433] INFO  server.StorageContainerManager (StorageContainerManager.java:start(801)) - ScmBlockLocationProtocol RPC server is listening at /0.0.0.0:38591
2021-01-06 16:47:28,820 [Listener at 0.0.0.0/43433] INFO  server.SCMBlockProtocolServer (SCMBlockProtocolServer.java:start(150)) - RPC server for Block Protocol is listening at /0.0.0.0:38591
2021-01-06 16:47:28,820 [IPC Server Responder] INFO  ipc.Server (Server.java:run(1460)) - IPC Server Responder: starting
2021-01-06 16:47:28,821 [IPC Server listener on 38591] INFO  ipc.Server (Server.java:run(1298)) - IPC Server listener on 38591: starting
2021-01-06 16:47:28,822 [Listener at 0.0.0.0/43433] INFO  server.StorageContainerManager (StorageContainerManager.java:start(807)) - ScmDatanodeProtocl RPC server is listening at /0.0.0.0:44005
2021-01-06 16:47:28,822 [Listener at 0.0.0.0/43433] INFO  server.SCMDatanodeProtocolServer (SCMDatanodeProtocolServer.java:start(174)) - RPC server for DataNodes is listening at /0.0.0.0:44005
2021-01-06 16:47:28,822 [IPC Server Responder] INFO  ipc.Server (Server.java:run(1460)) - IPC Server Responder: starting
2021-01-06 16:47:28,823 [IPC Server listener on 44005] INFO  ipc.Server (Server.java:run(1298)) - IPC Server listener on 44005: starting
2021-01-06 16:47:28,825 [Listener at 0.0.0.0/43433] INFO  http.HttpServer2 (HttpServer2.java:bindListener(1238)) - Jetty bound to port 34597
2021-01-06 16:47:28,825 [Listener at 0.0.0.0/43433] INFO  server.Server (Server.java:doStart(375)) - jetty-9.4.34.v20201102; built: 2020-11-02T14:15:39.302Z; git: e46af88704a893fc12cb0e3bf46e2c7b48a009e7; jvm 1.8.0_232-b09
2021-01-06 16:47:28,837 [Listener at 0.0.0.0/43433] INFO  server.session (DefaultSessionIdManager.java:doStart(334)) - DefaultSessionIdManager workerName=node0
2021-01-06 16:47:28,837 [Listener at 0.0.0.0/43433] INFO  server.session (DefaultSessionIdManager.java:doStart(339)) - No SessionScavenger set, using defaults
2021-01-06 16:47:28,837 [Listener at 0.0.0.0/43433] INFO  server.session (HouseKeeper.java:startScavenging(132)) - node0 Scavenging every 600000ms
2021-01-06 16:47:28,838 [Listener at 0.0.0.0/43433] INFO  handler.ContextHandler (ContextHandler.java:doStart(916)) - Started o.e.j.s.ServletContextHandler@652d8ca{logs,/logs,file:///github/workspace/mnt/ozone/hadoop-ozone/integration-test/target/log,AVAILABLE}
2021-01-06 16:47:28,838 [Listener at 0.0.0.0/43433] INFO  handler.ContextHandler (ContextHandler.java:doStart(916)) - Started o.e.j.s.ServletContextHandler@6bb8ebb0{static,/static,file:///github/workspace/mnt/ozone/hadoop-ozone/integration-test/target/test-classes/webapps/static,AVAILABLE}
2021-01-06 16:47:28,840 [Listener at 0.0.0.0/43433] INFO  handler.ContextHandler (ContextHandler.java:doStart(916)) - Started o.e.j.w.WebAppContext@50818b2f{scm,/,file:///github/workspace/mnt/ozone/hadoop-ozone/integration-test/target/test-classes/webapps/scm/,AVAILABLE}{file:/github/workspace/mnt/ozone/hadoop-ozone/integration-test/target/test-classes/webapps/scm}
2021-01-06 16:47:28,852 [Listener at 0.0.0.0/43433] INFO  server.AbstractConnector (AbstractConnector.java:doStart(331)) - Started ServerConnector@27b49bbc{HTTP/1.1, (http/1.1)}{0.0.0.0:34597}
2021-01-06 16:47:28,852 [Listener at 0.0.0.0/43433] INFO  server.Server (Server.java:doStart(415)) - Started @315128ms
2021-01-06 16:47:28,852 [Listener at 0.0.0.0/43433] WARN  impl.MetricsSystemImpl (MetricsSystemImpl.java:register(276)) - Sink prometheus already exists!
2021-01-06 16:47:28,855 [Listener at 0.0.0.0/43433] INFO  http.BaseHttpServer (BaseHttpServer.java:updateConnectorAddress(327)) - HTTP server of scm listening at http://0.0.0.0:34597
2021-01-06 16:47:28,858 [Listener at 0.0.0.0/43433] INFO  ozone.MiniOzoneClusterImpl (MiniOzoneClusterImpl.java:lambda$waitForClusterToBeReady$0(179)) - Waiting for nodes to be ready. Got 0 of 6 DN Heartbeats.
2021-01-06 16:47:28,859 [Listener at 0.0.0.0/43433] INFO  ozone.MiniOzoneClusterImpl (MiniOzoneClusterImpl.java:lambda$waitForClusterToBeReady$0(182)) - Waiting for cluster to exit safe mode
2021-01-06 16:47:28,859 [org.apache.hadoop.util.JvmPauseMonitor$Monitor@3239f4c1] INFO  util.JvmPauseMonitor (JvmPauseMonitor.java:run(188)) - Starting JVM pause monitor
2021-01-06 16:47:29,457 [EndpointStateMachine task thread for /0.0.0.0:44005 - 0 ] WARN  statemachine.EndpointStateMachine (EndpointStateMachine.java:logIfNeeded(233)) - Unable to communicate to SCM server at 0.0.0.0:44005 for past 0 seconds.
java.io.EOFException: End of File Exception between local host is: "d1d2f32d3d04/172.17.0.2"; destination host is: "0.0.0.0":44005; : java.io.EOFException; For more details see:  http://wiki.apache.org/hadoop/EOFException
	at sun.reflect.NativeConstructorAccessorImpl.newInstance0(Native Method)
	at sun.reflect.NativeConstructorAccessorImpl.newInstance(NativeConstructorAccessorImpl.java:62)
	at sun.reflect.DelegatingConstructorAccessorImpl.newInstance(DelegatingConstructorAccessorImpl.java:45)
	at java.lang.reflect.Constructor.newInstance(Constructor.java:423)
	at org.apache.hadoop.net.NetUtils.wrapWithMessage(NetUtils.java:833)
	at org.apache.hadoop.net.NetUtils.wrapException(NetUtils.java:791)
	at org.apache.hadoop.ipc.Client.getRpcResponse(Client.java:1549)
	at org.apache.hadoop.ipc.Client.call(Client.java:1491)
	at org.apache.hadoop.ipc.Client.call(Client.java:1388)
	at org.apache.hadoop.ipc.ProtobufRpcEngine$Invoker.invoke(ProtobufRpcEngine.java:233)
	at org.apache.hadoop.ipc.ProtobufRpcEngine$Invoker.invoke(ProtobufRpcEngine.java:118)
	at com.sun.proxy.$Proxy33.submitRequest(Unknown Source)
	at org.apache.hadoop.ozone.protocolPB.StorageContainerDatanodeProtocolClientSideTranslatorPB.submitRequest(StorageContainerDatanodeProtocolClientSideTranslatorPB.java:117)
	at org.apache.hadoop.ozone.protocolPB.StorageContainerDatanodeProtocolClientSideTranslatorPB.sendHeartbeat(StorageContainerDatanodeProtocolClientSideTranslatorPB.java:149)
	at org.apache.hadoop.ozone.container.common.states.endpoint.HeartbeatEndpointTask.call(HeartbeatEndpointTask.java:146)
	at org.apache.hadoop.ozone.container.common.states.endpoint.HeartbeatEndpointTask.call(HeartbeatEndpointTask.java:77)
	at java.util.concurrent.FutureTask.run(FutureTask.java:266)
	at java.util.concurrent.ThreadPoolExecutor.runWorker(ThreadPoolExecutor.java:1149)
	at java.util.concurrent.ThreadPoolExecutor$Worker.run(ThreadPoolExecutor.java:624)
	at java.lang.Thread.run(Thread.java:748)
Caused by: java.io.EOFException
	at java.io.DataInputStream.readInt(DataInputStream.java:392)
	at org.apache.hadoop.ipc.Client$IpcStreams.readResponse(Client.java:1850)
	at org.apache.hadoop.ipc.Client$Connection.receiveRpcResponse(Client.java:1183)
	at org.apache.hadoop.ipc.Client$Connection.run(Client.java:1079)
2021-01-06 16:47:29,458 [EndpointStateMachine task thread for /0.0.0.0:44005 - 0 ] WARN  statemachine.EndpointStateMachine (EndpointStateMachine.java:logIfNeeded(233)) - Unable to communicate to SCM server at 0.0.0.0:44005 for past 0 seconds.
java.io.EOFException: End of File Exception between local host is: "d1d2f32d3d04/172.17.0.2"; destination host is: "0.0.0.0":44005; : java.io.EOFException; For more details see:  http://wiki.apache.org/hadoop/EOFException
	at sun.reflect.NativeConstructorAccessorImpl.newInstance0(Native Method)
	at sun.reflect.NativeConstructorAccessorImpl.newInstance(NativeConstructorAccessorImpl.java:62)
	at sun.reflect.DelegatingConstructorAccessorImpl.newInstance(DelegatingConstructorAccessorImpl.java:45)
	at java.lang.reflect.Constructor.newInstance(Constructor.java:423)
	at org.apache.hadoop.net.NetUtils.wrapWithMessage(NetUtils.java:833)
	at org.apache.hadoop.net.NetUtils.wrapException(NetUtils.java:791)
	at org.apache.hadoop.ipc.Client.getRpcResponse(Client.java:1549)
	at org.apache.hadoop.ipc.Client.call(Client.java:1491)
	at org.apache.hadoop.ipc.Client.call(Client.java:1388)
	at org.apache.hadoop.ipc.ProtobufRpcEngine$Invoker.invoke(ProtobufRpcEngine.java:233)
	at org.apache.hadoop.ipc.ProtobufRpcEngine$Invoker.invoke(ProtobufRpcEngine.java:118)
	at com.sun.proxy.$Proxy33.submitRequest(Unknown Source)
	at org.apache.hadoop.ozone.protocolPB.StorageContainerDatanodeProtocolClientSideTranslatorPB.submitRequest(StorageContainerDatanodeProtocolClientSideTranslatorPB.java:117)
	at org.apache.hadoop.ozone.protocolPB.StorageContainerDatanodeProtocolClientSideTranslatorPB.sendHeartbeat(StorageContainerDatanodeProtocolClientSideTranslatorPB.java:149)
	at org.apache.hadoop.ozone.container.common.states.endpoint.HeartbeatEndpointTask.call(HeartbeatEndpointTask.java:146)
	at org.apache.hadoop.ozone.container.common.states.endpoint.HeartbeatEndpointTask.call(HeartbeatEndpointTask.java:77)
	at java.util.concurrent.FutureTask.run(FutureTask.java:266)
	at java.util.concurrent.ThreadPoolExecutor.runWorker(ThreadPoolExecutor.java:1149)
	at java.util.concurrent.ThreadPoolExecutor$Worker.run(ThreadPoolExecutor.java:624)
	at java.lang.Thread.run(Thread.java:748)
Caused by: java.io.EOFException
	at java.io.DataInputStream.readInt(DataInputStream.java:392)
	at org.apache.hadoop.ipc.Client$IpcStreams.readResponse(Client.java:1850)
	at org.apache.hadoop.ipc.Client$Connection.receiveRpcResponse(Client.java:1183)
	at org.apache.hadoop.ipc.Client$Connection.run(Client.java:1079)
2021-01-06 16:47:29,545 [IPC Server handler 0 on default port 44005] INFO  server.SCMDatanodeHeartbeatDispatcher (SCMDatanodeHeartbeatDispatcher.java:dispatch(96)) - SCM received heartbeat from an unregistered datanode 8f97a4d4-5267-458d-aa6e-fd0ac821c306{ip: 172.17.0.2, host: d1d2f32d3d04, networkLocation: /default-rack, certSerialId: null, persistedOpState: null, persistedOpStateExpiryEpochSec: 0}. Asking datanode to re-register.
2021-01-06 16:47:29,546 [IPC Server handler 0 on default port 44005] INFO  server.SCMDatanodeHeartbeatDispatcher (SCMDatanodeHeartbeatDispatcher.java:dispatch(96)) - SCM received heartbeat from an unregistered datanode 758eb975-c749-4165-9bd9-81389eee020b{ip: 172.17.0.2, host: d1d2f32d3d04, networkLocation: /default-rack, certSerialId: null, persistedOpState: null, persistedOpStateExpiryEpochSec: 0}. Asking datanode to re-register.
2021-01-06 16:47:29,550 [IPC Server handler 2 on default port 44005] INFO  server.SCMDatanodeHeartbeatDispatcher (SCMDatanodeHeartbeatDispatcher.java:dispatch(96)) - SCM received heartbeat from an unregistered datanode 19774229-10ce-45d0-998c-3d7b10d140bf{ip: 172.17.0.2, host: d1d2f32d3d04, networkLocation: /default-rack, certSerialId: null, persistedOpState: null, persistedOpStateExpiryEpochSec: 0}. Asking datanode to re-register.
2021-01-06 16:47:29,562 [IPC Server handler 3 on default port 44005] INFO  server.SCMDatanodeHeartbeatDispatcher (SCMDatanodeHeartbeatDispatcher.java:dispatch(96)) - SCM received heartbeat from an unregistered datanode b260e4ee-445a-4422-8fbe-3a6caa0392e6{ip: 172.17.0.2, host: d1d2f32d3d04, networkLocation: /default-rack, certSerialId: null, persistedOpState: null, persistedOpStateExpiryEpochSec: 0}. Asking datanode to re-register.
2021-01-06 16:47:29,859 [Listener at 0.0.0.0/43433] INFO  ozone.MiniOzoneClusterImpl (MiniOzoneClusterImpl.java:lambda$waitForClusterToBeReady$0(179)) - Waiting for nodes to be ready. Got 0 of 6 DN Heartbeats.
2021-01-06 16:47:29,859 [Listener at 0.0.0.0/43433] INFO  ozone.MiniOzoneClusterImpl (MiniOzoneClusterImpl.java:lambda$waitForClusterToBeReady$0(182)) - Waiting for cluster to exit safe mode
2021-01-06 16:47:30,454 [IPC Server handler 0 on default port 44005] INFO  server.SCMDatanodeHeartbeatDispatcher (SCMDatanodeHeartbeatDispatcher.java:dispatch(96)) - SCM received heartbeat from an unregistered datanode b3b9a181-77ef-445c-8f67-7418b9e03f94{ip: 172.17.0.2, host: d1d2f32d3d04, networkLocation: /default-rack, certSerialId: null, persistedOpState: null, persistedOpStateExpiryEpochSec: 0}. Asking datanode to re-register.
2021-01-06 16:47:30,454 [IPC Server handler 2 on default port 44005] INFO  server.SCMDatanodeHeartbeatDispatcher (SCMDatanodeHeartbeatDispatcher.java:dispatch(96)) - SCM received heartbeat from an unregistered datanode 0c45c32f-b13d-44d6-bbf6-638a87f65fa5{ip: 172.17.0.2, host: d1d2f32d3d04, networkLocation: /default-rack, certSerialId: null, persistedOpState: IN_MAINTENANCE, persistedOpStateExpiryEpochSec: 0}. Asking datanode to re-register.
2021-01-06 16:47:30,543 [IPC Server handler 3 on default port 44005] INFO  net.NetworkTopologyImpl (NetworkTopologyImpl.java:add(111)) - Added a new node: /default-rack/8f97a4d4-5267-458d-aa6e-fd0ac821c306
2021-01-06 16:47:30,545 [IPC Server handler 3 on default port 44005] INFO  node.SCMNodeManager (SCMNodeManager.java:register(341)) - Registered Data node : 8f97a4d4-5267-458d-aa6e-fd0ac821c306{ip: 172.17.0.2, host: d1d2f32d3d04, networkLocation: /default-rack, certSerialId: null, persistedOpState: IN_SERVICE, persistedOpStateExpiryEpochSec: 0}
2021-01-06 16:47:30,545 [EventQueue-NodeRegistrationContainerReportForContainerSafeModeRule] INFO  safemode.SCMSafeModeManager (ContainerSafeModeRule.java:process(116)) - SCM in safe mode. 0.0 % containers have at least one reported replica.
2021-01-06 16:47:30,545 [IPC Server handler 1 on default port 44005] INFO  net.NetworkTopologyImpl (NetworkTopologyImpl.java:add(111)) - Added a new node: /default-rack/758eb975-c749-4165-9bd9-81389eee020b
2021-01-06 16:47:30,545 [IPC Server handler 1 on default port 44005] INFO  node.SCMNodeManager (SCMNodeManager.java:register(341)) - Registered Data node : 758eb975-c749-4165-9bd9-81389eee020b{ip: 172.17.0.2, host: d1d2f32d3d04, networkLocation: /default-rack, certSerialId: null, persistedOpState: IN_SERVICE, persistedOpStateExpiryEpochSec: 0}
2021-01-06 16:47:30,546 [EventQueue-PipelineReportForOneReplicaPipelineSafeModeRule] INFO  safemode.SCMSafeModeManager (OneReplicaPipelineSafeModeRule.java:process(128)) - SCM in safe mode. Pipelines with at least one datanode reported count is 1, required at least one datanode reported per pipeline count is 1
2021-01-06 16:47:30,546 [EventQueue-PipelineReportForOneReplicaPipelineSafeModeRule] INFO  safemode.SCMSafeModeManager (SCMSafeModeManager.java:validateSafeModeExitRules(214)) - AtleastOneDatanodeReportedRule rule is successfully validated
2021-01-06 16:47:30,546 [EventQueue-NodeRegistrationContainerReportForDataNodeSafeModeRule] INFO  safemode.SCMSafeModeManager (DataNodeSafeModeRule.java:process(71)) - SCM in safe mode. 1 DataNodes registered, 1 required.
2021-01-06 16:47:30,548 [EventQueue-NodeRegistrationContainerReportForContainerSafeModeRule] INFO  safemode.SCMSafeModeManager (ContainerSafeModeRule.java:process(116)) - SCM in safe mode. 0.0 % containers have at least one reported replica.
2021-01-06 16:47:30,549 [EventQueue-PipelineReportForOneReplicaPipelineSafeModeRule] INFO  safemode.SCMSafeModeManager (SCMSafeModeManager.java:validateSafeModeExitRules(214)) - AtleastOneDatanodeReportedRule rule is successfully validated
2021-01-06 16:47:30,556 [EventQueue-NodeRegistrationContainerReportForDataNodeSafeModeRule] INFO  safemode.SCMSafeModeManager (SCMSafeModeManager.java:validateSafeModeExitRules(214)) - DataNodeSafeModeRule rule is successfully validated
2021-01-06 16:47:30,556 [EventQueue-NodeRegistrationContainerReportForDataNodeSafeModeRule] INFO  safemode.SCMSafeModeManager (SCMSafeModeManager.java:completePreCheck(242)) - All SCM safe mode pre check rules have passed
2021-01-06 16:47:30,556 [IPC Server handler 4 on default port 44005] INFO  net.NetworkTopologyImpl (NetworkTopologyImpl.java:add(111)) - Added a new node: /default-rack/19774229-10ce-45d0-998c-3d7b10d140bf
2021-01-06 16:47:30,556 [EventQueue-NodeRegistrationContainerReportForDataNodeSafeModeRule] INFO  safemode.SCMSafeModeManager (SCMSafeModeManager.java:validateSafeModeExitRules(214)) - DataNodeSafeModeRule rule is successfully validated
2021-01-06 16:47:30,556 [IPC Server handler 4 on default port 44005] INFO  node.SCMNodeManager (SCMNodeManager.java:register(341)) - Registered Data node : 19774229-10ce-45d0-998c-3d7b10d140bf{ip: 172.17.0.2, host: d1d2f32d3d04, networkLocation: /default-rack, certSerialId: null, persistedOpState: IN_SERVICE, persistedOpStateExpiryEpochSec: 0}
2021-01-06 16:47:30,556 [EventQueue-NodeRegistrationContainerReportForContainerSafeModeRule] INFO  safemode.SCMSafeModeManager (ContainerSafeModeRule.java:process(116)) - SCM in safe mode. 0.0 % containers have at least one reported replica.
2021-01-06 16:47:30,556 [EventQueue-NodeRegistrationContainerReportForDataNodeSafeModeRule] INFO  safemode.SCMSafeModeManager (SCMSafeModeManager.java:validateSafeModeExitRules(214)) - DataNodeSafeModeRule rule is successfully validated
2021-01-06 16:47:30,556 [EventQueue-PipelineReportForOneReplicaPipelineSafeModeRule] INFO  safemode.SCMSafeModeManager (SCMSafeModeManager.java:validateSafeModeExitRules(214)) - AtleastOneDatanodeReportedRule rule is successfully validated
2021-01-06 16:47:30,557 [EventQueue-OpenPipelineForHealthyPipelineSafeModeRule] INFO  safemode.SCMSafeModeManager (HealthyPipelineSafeModeRule.java:process(128)) - SCM in safe mode. Healthy pipelines reported count is 0, required healthy pipeline reported count is 1
2021-01-06 16:47:30,557 [EventQueue-OpenPipelineForHealthyPipelineSafeModeRule] INFO  safemode.SCMSafeModeManager (HealthyPipelineSafeModeRule.java:process(128)) - SCM in safe mode. Healthy pipelines reported count is 0, required healthy pipeline reported count is 1
2021-01-06 16:47:30,557 [EventQueue-OpenPipelineForHealthyPipelineSafeModeRule] INFO  safemode.SCMSafeModeManager (HealthyPipelineSafeModeRule.java:process(128)) - SCM in safe mode. Healthy pipelines reported count is 0, required healthy pipeline reported count is 1
2021-01-06 16:47:30,557 [EventQueue-OpenPipelineForHealthyPipelineSafeModeRule] INFO  safemode.SCMSafeModeManager (HealthyPipelineSafeModeRule.java:process(128)) - SCM in safe mode. Healthy pipelines reported count is 1, required healthy pipeline reported count is 1
2021-01-06 16:47:30,557 [EventQueue-OpenPipelineForHealthyPipelineSafeModeRule] INFO  safemode.SCMSafeModeManager (SCMSafeModeManager.java:validateSafeModeExitRules(214)) - HealthyPipelineSafeModeRule rule is successfully validated
2021-01-06 16:47:30,562 [IPC Server handler 5 on default port 44005] INFO  net.NetworkTopologyImpl (NetworkTopologyImpl.java:add(111)) - Added a new node: /default-rack/b260e4ee-445a-4422-8fbe-3a6caa0392e6
2021-01-06 16:47:30,562 [IPC Server handler 5 on default port 44005] INFO  node.SCMNodeManager (SCMNodeManager.java:register(341)) - Registered Data node : b260e4ee-445a-4422-8fbe-3a6caa0392e6{ip: 172.17.0.2, host: d1d2f32d3d04, networkLocation: /default-rack, certSerialId: null, persistedOpState: IN_SERVICE, persistedOpStateExpiryEpochSec: 0}
2021-01-06 16:47:30,562 [EventQueue-NodeRegistrationContainerReportForContainerSafeModeRule] INFO  safemode.SCMSafeModeManager (ContainerSafeModeRule.java:process(116)) - SCM in safe mode. 100.0 % containers have at least one reported replica.
2021-01-06 16:47:30,562 [EventQueue-NodeRegistrationContainerReportForContainerSafeModeRule] INFO  safemode.SCMSafeModeManager (SCMSafeModeManager.java:validateSafeModeExitRules(214)) - ContainerSafeModeRule rule is successfully validated
2021-01-06 16:47:30,562 [EventQueue-NodeRegistrationContainerReportForContainerSafeModeRule] INFO  safemode.SCMSafeModeManager (SCMSafeModeManager.java:validateSafeModeExitRules(228)) - ScmSafeModeManager, all rules are successfully validated
2021-01-06 16:47:30,562 [EventQueue-NodeRegistrationContainerReportForContainerSafeModeRule] INFO  safemode.SCMSafeModeManager (SCMSafeModeManager.java:exitSafeMode(257)) - SCM exiting safe mode.
2021-01-06 16:47:30,859 [Listener at 0.0.0.0/43433] INFO  ozone.MiniOzoneClusterImpl (MiniOzoneClusterImpl.java:lambda$waitForClusterToBeReady$0(179)) - Waiting for nodes to be ready. Got 4 of 6 DN Heartbeats.
2021-01-06 16:47:30,859 [Listener at 0.0.0.0/43433] INFO  ozone.MiniOzoneClusterImpl (MiniOzoneClusterImpl.java:lambda$waitForClusterToBeReady$0(182)) - Cluster exits safe mode
2021-01-06 16:47:31,455 [IPC Server handler 0 on default port 44005] INFO  net.NetworkTopologyImpl (NetworkTopologyImpl.java:add(111)) - Added a new node: /default-rack/b3b9a181-77ef-445c-8f67-7418b9e03f94
2021-01-06 16:47:31,455 [IPC Server handler 0 on default port 44005] INFO  node.SCMNodeManager (SCMNodeManager.java:register(341)) - Registered Data node : b3b9a181-77ef-445c-8f67-7418b9e03f94{ip: 172.17.0.2, host: d1d2f32d3d04, networkLocation: /default-rack, certSerialId: null, persistedOpState: IN_SERVICE, persistedOpStateExpiryEpochSec: 0}
2021-01-06 16:47:31,456 [IPC Server handler 1 on default port 44005] INFO  net.NetworkTopologyImpl (NetworkTopologyImpl.java:add(111)) - Added a new node: /default-rack/0c45c32f-b13d-44d6-bbf6-638a87f65fa5
2021-01-06 16:47:31,456 [IPC Server handler 1 on default port 44005] INFO  node.NodeStateManager (NodeStateManager.java:newNodeStatus(257)) - Updating nodeOperationalState on registration as the datanode has a persisted state of IN_MAINTENANCE and expiry of 0
2021-01-06 16:47:31,456 [IPC Server handler 1 on default port 44005] INFO  node.SCMNodeManager (SCMNodeManager.java:register(341)) - Registered Data node : 0c45c32f-b13d-44d6-bbf6-638a87f65fa5{ip: 172.17.0.2, host: d1d2f32d3d04, networkLocation: /default-rack, certSerialId: null, persistedOpState: IN_MAINTENANCE, persistedOpStateExpiryEpochSec: 0}
2021-01-06 16:47:31,684 [DatanodeAdminManager-0] INFO  node.DatanodeAdminMonitorImpl (DatanodeAdminMonitorImpl.java:run(136)) - There are 1 nodes tracked for decommission and maintenance. 0 pending nodes.
2021-01-06 16:47:31,684 [EventQueue-StartAdminOnNodeForStartDatanodeAdminHandler] INFO  node.StartDatanodeAdminHandler (StartDatanodeAdminHandler.java:onMessage(56)) - Admin start on datanode 0c45c32f-b13d-44d6-bbf6-638a87f65fa5{ip: 172.17.0.2, host: d1d2f32d3d04, networkLocation: /default-rack, certSerialId: null, persistedOpState: IN_MAINTENANCE, persistedOpStateExpiryEpochSec: 0}. Finalizing its pipelines []
2021-01-06 16:47:31,860 [Listener at 0.0.0.0/43433] INFO  ozone.MiniOzoneClusterImpl (MiniOzoneClusterImpl.java:lambda$waitForClusterToBeReady$0(179)) - Nodes are ready. Got 6 of 6 DN Heartbeats.
2021-01-06 16:47:31,860 [Listener at 0.0.0.0/43433] INFO  ozone.MiniOzoneClusterImpl (MiniOzoneClusterImpl.java:lambda$waitForClusterToBeReady$0(182)) - Cluster exits safe mode
2021-01-06 16:47:32,456 [Datanode State Machine Thread - 0] INFO  statemachine.DatanodeStateMachine (DatanodeStateMachine.java:lambda$startDaemon$0(408)) - Ozone container server started.
2021-01-06 16:47:32,661 [Listener at 0.0.0.0/43433] INFO  ozoneimpl.OzoneContainer (OzoneContainer.java:stop(273)) - Attempting to stop container services.
2021-01-06 16:47:32,662 [Listener at 0.0.0.0/43433] INFO  server.RaftServer (RaftServerProxy.java:lambda$close$6(387)) - 0c45c32f-b13d-44d6-bbf6-638a87f65fa5: close
2021-01-06 16:47:32,662 [Listener at 0.0.0.0/43433] INFO  server.GrpcService (GrpcService.java:closeImpl(184)) - 0c45c32f-b13d-44d6-bbf6-638a87f65fa5: shutdown server with port 36969 now
2021-01-06 16:47:32,663 [Listener at 0.0.0.0/43433] INFO  server.GrpcService (GrpcService.java:closeImpl(193)) - 0c45c32f-b13d-44d6-bbf6-638a87f65fa5: shutdown server with port 36969 successfully
2021-01-06 16:47:32,663 [org.apache.ratis.util.JvmPauseMonitor$$Lambda$222/475300883@3e368178] INFO  util.JvmPauseMonitor (JvmPauseMonitor.java:run(109)) - JvmPauseMonitor-0c45c32f-b13d-44d6-bbf6-638a87f65fa5: Stopped
2021-01-06 16:47:32,663 [Listener at 0.0.0.0/43433] INFO  utils.BackgroundService (BackgroundService.java:shutdown(132)) - Shutting down service BlockDeletingService
2021-01-06 16:47:32,668 [Listener at 0.0.0.0/43433] INFO  statemachine.DatanodeStateMachine (DatanodeStateMachine.java:stopDaemon(461)) - Ozone container server stopped.
2021-01-06 16:47:32,676 [Listener at 0.0.0.0/43433] INFO  handler.ContextHandler (ContextHandler.java:doStop(1154)) - Stopped o.e.j.w.WebAppContext@8aa70fd{hddsDatanode,/,null,STOPPED}{jar:file:/home/user/.m2/repository/org/apache/hadoop/hadoop-hdds-container-service/1.1.0-SNAPSHOT/hadoop-hdds-container-service-1.1.0-SNAPSHOT.jar!/webapps/hddsDatanode}
2021-01-06 16:47:32,676 [Listener at 0.0.0.0/43433] INFO  server.AbstractConnector (AbstractConnector.java:doStop(381)) - Stopped ServerConnector@278427d{HTTP/1.1, (http/1.1)}{0.0.0.0:0}
2021-01-06 16:47:32,676 [Listener at 0.0.0.0/43433] INFO  server.session (HouseKeeper.java:stopScavenging(149)) - node0 Stopped scavenging
2021-01-06 16:47:32,677 [Listener at 0.0.0.0/43433] INFO  handler.ContextHandler (ContextHandler.java:doStop(1154)) - Stopped o.e.j.s.ServletContextHandler@2d7660e6{static,/static,jar:file:/home/user/.m2/repository/org/apache/hadoop/hadoop-hdds-container-service/1.1.0-SNAPSHOT/hadoop-hdds-container-service-1.1.0-SNAPSHOT.jar!/webapps/static,STOPPED}
2021-01-06 16:47:32,677 [Listener at 0.0.0.0/43433] INFO  handler.ContextHandler (ContextHandler.java:doStop(1154)) - Stopped o.e.j.s.ServletContextHandler@341c9192{logs,/logs,file:///github/workspace/mnt/ozone/hadoop-ozone/integration-test/target/log,STOPPED}
2021-01-06 16:47:32,684 [DatanodeAdminManager-0] INFO  node.DatanodeAdminMonitorImpl (DatanodeAdminMonitorImpl.java:run(136)) - There are 1 nodes tracked for decommission and maintenance. 0 pending nodes.
2021-01-06 16:47:33,564 [EventQueue-Delayed safe mode statusForReplicationManager] INFO  container.ReplicationManager (ReplicationManager.java:start(186)) - Starting Replication Monitor Thread.
2021-01-06 16:47:33,566 [ReplicationMonitor] INFO  container.ReplicationManager (ReplicationManager.java:run(250)) - Replication Monitor Thread took 2 milliseconds for processing 4 containers.
2021-01-06 16:47:33,684 [DatanodeAdminManager-0] INFO  node.DatanodeAdminMonitorImpl (DatanodeAdminMonitorImpl.java:run(136)) - There are 1 nodes tracked for decommission and maintenance. 0 pending nodes.
2021-01-06 16:47:34,489 [EventQueue-StaleNodeForStaleNodeHandler] INFO  node.StaleNodeHandler (StaleNodeHandler.java:onMessage(58)) - Datanode 0c45c32f-b13d-44d6-bbf6-638a87f65fa5{ip: 172.17.0.2, host: d1d2f32d3d04, networkLocation: /default-rack, certSerialId: null, persistedOpState: IN_MAINTENANCE, persistedOpStateExpiryEpochSec: 0} moved to stale state. Finalizing its pipelines []
2021-01-06 16:47:34,567 [ReplicationMonitor] INFO  container.ReplicationManager (ReplicationManager.java:run(250)) - Replication Monitor Thread took 0 milliseconds for processing 4 containers.
2021-01-06 16:47:34,684 [DatanodeAdminManager-0] INFO  node.DatanodeAdminMonitorImpl (DatanodeAdminMonitorImpl.java:run(136)) - There are 1 nodes tracked for decommission and maintenance. 0 pending nodes.
2021-01-06 16:47:35,568 [ReplicationMonitor] INFO  container.ReplicationManager (ReplicationManager.java:run(250)) - Replication Monitor Thread took 0 milliseconds for processing 4 containers.
2021-01-06 16:47:35,684 [DatanodeAdminManager-0] INFO  node.DatanodeAdminMonitorImpl (DatanodeAdminMonitorImpl.java:run(136)) - There are 1 nodes tracked for decommission and maintenance. 0 pending nodes.
2021-01-06 16:47:36,568 [ReplicationMonitor] INFO  container.ReplicationManager (ReplicationManager.java:run(250)) - Replication Monitor Thread took 0 milliseconds for processing 4 containers.
2021-01-06 16:47:36,684 [DatanodeAdminManager-0] INFO  node.DatanodeAdminMonitorImpl (DatanodeAdminMonitorImpl.java:run(136)) - There are 1 nodes tracked for decommission and maintenance. 0 pending nodes.
2021-01-06 16:47:37,494 [EventQueue-DeadNodeForDeadNodeHandler] INFO  node.DeadNodeHandler (DeadNodeHandler.java:onMessage(77)) - A dead datanode is detected. 0c45c32f-b13d-44d6-bbf6-638a87f65fa5{ip: 172.17.0.2, host: d1d2f32d3d04, networkLocation: /default-rack, certSerialId: null, persistedOpState: IN_MAINTENANCE, persistedOpStateExpiryEpochSec: 0}
2021-01-06 16:47:37,568 [ReplicationMonitor] INFO  container.ReplicationManager (ReplicationManager.java:run(250)) - Replication Monitor Thread took 1 milliseconds for processing 4 containers.
2021-01-06 16:47:37,680 [Listener at 0.0.0.0/43433] INFO  server.StorageContainerManager (StorageContainerManager.java:stop(832)) - Stopping Replication Manager Service.
2021-01-06 16:47:37,681 [Listener at 0.0.0.0/43433] INFO  container.ReplicationManager (ReplicationManager.java:stop(227)) - Stopping Replication Monitor Thread.
2021-01-06 16:47:37,681 [Listener at 0.0.0.0/43433] INFO  server.StorageContainerManager (StorageContainerManager.java:stop(839)) - Stopping the Datanode Admin Monitor.
2021-01-06 16:47:37,681 [Listener at 0.0.0.0/43433] INFO  server.StorageContainerManager (StorageContainerManager.java:stop(846)) - Stopping Lease Manager of the command watchers
2021-01-06 16:47:37,681 [Listener at 0.0.0.0/43433] INFO  server.StorageContainerManager (StorageContainerManager.java:stop(853)) - Stopping datanode service RPC server
2021-01-06 16:47:37,681 [Listener at 0.0.0.0/43433] INFO  server.SCMDatanodeProtocolServer (SCMDatanodeProtocolServer.java:stop(369)) - Stopping the RPC server for DataNodes
2021-01-06 16:47:37,681 [Listener at 0.0.0.0/43433] INFO  ipc.Server (Server.java:stop(3359)) - Stopping server on 44005
2021-01-06 16:47:37,683 [IPC Server listener on 44005] INFO  ipc.Server (Server.java:run(1330)) - Stopping IPC Server listener on 44005
2021-01-06 16:47:37,683 [IPC Server Responder] INFO  ipc.Server (Server.java:run(1465)) - Stopping IPC Server Responder
2021-01-06 16:47:37,694 [SCM Heartbeat Processing Thread - 0] WARN  node.NodeStateManager (NodeStateManager.java:scheduleNextHealthCheck(688)) - Current Thread is interrupted, shutting down HB processing thread for Node Manager.
2021-01-06 16:47:37,694 [Listener at 0.0.0.0/43433] INFO  server.StorageContainerManager (StorageContainerManager.java:stop(861)) - Stopping block service RPC server
2021-01-06 16:47:37,694 [Listener at 0.0.0.0/43433] INFO  server.SCMBlockProtocolServer (SCMBlockProtocolServer.java:stop(159)) - Stopping the RPC server for Block Protocol
2021-01-06 16:47:37,694 [Listener at 0.0.0.0/43433] INFO  ipc.Server (Server.java:stop(3359)) - Stopping server on 38591
2021-01-06 16:47:37,696 [IPC Server listener on 38591] INFO  ipc.Server (Server.java:run(1330)) - Stopping IPC Server listener on 38591
2021-01-06 16:47:37,696 [Listener at 0.0.0.0/43433] INFO  server.StorageContainerManager (StorageContainerManager.java:stop(868)) - Stopping the StorageContainerLocationProtocol RPC server
2021-01-06 16:47:37,696 [Listener at 0.0.0.0/43433] INFO  server.SCMClientProtocolServer (SCMClientProtocolServer.java:stop(168)) - Stopping the RPC server for Client Protocol
2021-01-06 16:47:37,696 [Listener at 0.0.0.0/43433] INFO  ipc.Server (Server.java:stop(3359)) - Stopping server on 43433
2021-01-06 16:47:37,696 [IPC Server Responder] INFO  ipc.Server (Server.java:run(1465)) - Stopping IPC Server Responder
2021-01-06 16:47:37,699 [IPC Server listener on 43433] INFO  ipc.Server (Server.java:run(1330)) - Stopping IPC Server listener on 43433
2021-01-06 16:47:37,699 [IPC Server Responder] INFO  ipc.Server (Server.java:run(1465)) - Stopping IPC Server Responder
2021-01-06 16:47:37,699 [Listener at 0.0.0.0/43433] INFO  server.StorageContainerManager (StorageContainerManager.java:stop(875)) - Stopping Storage Container Manager HTTP server.
2021-01-06 16:47:37,699 [Listener at 0.0.0.0/43433] INFO  handler.ContextHandler (ContextHandler.java:doStop(1154)) - Stopped o.e.j.w.WebAppContext@50818b2f{scm,/,null,STOPPED}{file:/github/workspace/mnt/ozone/hadoop-ozone/integration-test/target/test-classes/webapps/scm}
2021-01-06 16:47:37,700 [Listener at 0.0.0.0/43433] INFO  server.AbstractConnector (AbstractConnector.java:doStop(381)) - Stopped ServerConnector@27b49bbc{HTTP/1.1, (http/1.1)}{0.0.0.0:34597}
2021-01-06 16:47:37,700 [Listener at 0.0.0.0/43433] INFO  server.session (HouseKeeper.java:stopScavenging(149)) - node0 Stopped scavenging
2021-01-06 16:47:37,700 [Listener at 0.0.0.0/43433] INFO  handler.ContextHandler (ContextHandler.java:doStop(1154)) - Stopped o.e.j.s.ServletContextHandler@6bb8ebb0{static,/static,file:///github/workspace/mnt/ozone/hadoop-ozone/integration-test/target/test-classes/webapps/static,STOPPED}
2021-01-06 16:47:37,700 [Listener at 0.0.0.0/43433] INFO  handler.ContextHandler (ContextHandler.java:doStop(1154)) - Stopped o.e.j.s.ServletContextHandler@652d8ca{logs,/logs,file:///github/workspace/mnt/ozone/hadoop-ozone/integration-test/target/log,STOPPED}
2021-01-06 16:47:37,701 [Listener at 0.0.0.0/43433] INFO  server.StorageContainerManager (StorageContainerManager.java:stop(886)) - Stopping Block Manager Service.
2021-01-06 16:47:37,701 [Listener at 0.0.0.0/43433] INFO  utils.BackgroundService (BackgroundService.java:shutdown(132)) - Shutting down service SCMBlockDeletingService
2021-01-06 16:47:37,701 [Listener at 0.0.0.0/43433] INFO  utils.BackgroundService (BackgroundService.java:shutdown(132)) - Shutting down service SCMBlockDeletingService
2021-01-06 16:47:37,702 [Listener at 0.0.0.0/43433] INFO  server.StorageContainerManager (StorageContainerManager.java:stop(911)) - Stopping SCM Event Queue.
2021-01-06 16:47:37,705 [Listener at 0.0.0.0/43433] INFO  impl.MetricsSystemImpl (MetricsSystemImpl.java:stop(210)) - Stopping StorageContainerManager metrics system...
2021-01-06 16:47:37,708 [Listener at 0.0.0.0/43433] INFO  impl.MetricsSystemImpl (MetricsSystemImpl.java:stop(216)) - StorageContainerManager metrics system stopped.
2021-01-06 16:47:37,708 [Listener at 0.0.0.0/43433] WARN  server.ServerUtils (ServerUtils.java:getScmDbDir(148)) - ozone.scm.db.dirs is not configured. We recommend adding this setting. Falling back to ozone.metadata.dirs instead.
2021-01-06 16:47:37,709 [Listener at 0.0.0.0/43433] WARN  db.DBStoreBuilder (DBStoreBuilder.java:applyDBDefinition(145)) - ozone.scm.db.dirs is not configured. We recommend adding this setting. Falling back to ozone.metadata.dirs instead.
2021-01-06 16:47:37,730 [Listener at 0.0.0.0/43433] INFO  net.NodeSchemaLoader (NodeSchemaLoader.java:loadSchemaFromFile(126)) - Loading file from sun.misc.CompoundEnumeration@cae84d4
2021-01-06 16:47:37,731 [Listener at 0.0.0.0/43433] INFO  net.NodeSchemaLoader (NodeSchemaLoader.java:loadSchema(172)) - Loading network topology layer schema file
2021-01-06 16:47:37,733 [Listener at 0.0.0.0/43433] INFO  node.SCMNodeManager (SCMNodeManager.java:<init>(123)) - Entering startup safe mode.
2021-01-06 16:47:37,733 [Listener at 0.0.0.0/43433] INFO  algorithms.ContainerPlacementPolicyFactory (ContainerPlacementPolicyFactory.java:getPolicy(60)) - Create container placement policy of type org.apache.hadoop.hdds.scm.container.placement.algorithms.SCMContainerPlacementRandom
2021-01-06 16:47:37,733 [Listener at 0.0.0.0/43433] INFO  algorithms.LeaderChoosePolicyFactory (LeaderChoosePolicyFactory.java:getPolicy(57)) - Create leader choose policy of type org.apache.hadoop.hdds.scm.pipeline.leader.choose.algorithms.DefaultLeaderChoosePolicy
2021-01-06 16:47:37,733 [Listener at 0.0.0.0/43433] INFO  pipeline.PipelineStateManager (PipelineStateManager.java:addPipeline(54)) - Created pipeline Pipeline[ Id: 16646e2e-6ae2-4294-975f-a17707e7b4e1, Nodes: 758eb975-c749-4165-9bd9-81389eee020b{ip: 172.17.0.2, host: d1d2f32d3d04, networkLocation: /default-rack, certSerialId: null, persistedOpState: IN_SERVICE, persistedOpStateExpiryEpochSec: 0}19774229-10ce-45d0-998c-3d7b10d140bf{ip: 172.17.0.2, host: d1d2f32d3d04, networkLocation: /default-rack, certSerialId: null, persistedOpState: IN_SERVICE, persistedOpStateExpiryEpochSec: 0}8f97a4d4-5267-458d-aa6e-fd0ac821c306{ip: 172.17.0.2, host: d1d2f32d3d04, networkLocation: /default-rack, certSerialId: null, persistedOpState: IN_SERVICE, persistedOpStateExpiryEpochSec: 0}, Type:RATIS, Factor:THREE, State:OPEN, leaderId:19774229-10ce-45d0-998c-3d7b10d140bf, CreationTimestamp2021-01-06T16:47:37.733Z]
2021-01-06 16:47:37,734 [Listener at 0.0.0.0/43433] INFO  pipeline.PipelineStateManager (PipelineStateManager.java:addPipeline(54)) - Created pipeline Pipeline[ Id: 905c0a45-b035-427b-8833-f3fd7e2c97e3, Nodes: 758eb975-c749-4165-9bd9-81389eee020b{ip: 172.17.0.2, host: d1d2f32d3d04, networkLocation: /default-rack, certSerialId: null, persistedOpState: IN_SERVICE, persistedOpStateExpiryEpochSec: 0}, Type:RATIS, Factor:ONE, State:OPEN, leaderId:758eb975-c749-4165-9bd9-81389eee020b, CreationTimestamp2021-01-06T16:47:37.734Z]
2021-01-06 16:47:37,734 [Listener at 0.0.0.0/43433] INFO  pipeline.PipelineStateManager (PipelineStateManager.java:addPipeline(54)) - Created pipeline Pipeline[ Id: a212c06b-7d86-4791-843d-dc2535fdf54b, Nodes: 19774229-10ce-45d0-998c-3d7b10d140bf{ip: 172.17.0.2, host: d1d2f32d3d04, networkLocation: /default-rack, certSerialId: null, persistedOpState: IN_SERVICE, persistedOpStateExpiryEpochSec: 0}, Type:RATIS, Factor:ONE, State:OPEN, leaderId:19774229-10ce-45d0-998c-3d7b10d140bf, CreationTimestamp2021-01-06T16:47:37.734Z]
2021-01-06 16:47:37,734 [Listener at 0.0.0.0/43433] INFO  pipeline.PipelineStateManager (PipelineStateManager.java:addPipeline(54)) - Created pipeline Pipeline[ Id: a8b4bb36-4b5d-436f-be76-0cf1a164f156, Nodes: b3b9a181-77ef-445c-8f67-7418b9e03f94{ip: 172.17.0.2, host: d1d2f32d3d04, networkLocation: /default-rack, certSerialId: null, persistedOpState: IN_SERVICE, persistedOpStateExpiryEpochSec: 0}, Type:RATIS, Factor:ONE, State:OPEN, leaderId:b3b9a181-77ef-445c-8f67-7418b9e03f94, CreationTimestamp2021-01-06T16:47:37.734Z]
2021-01-06 16:47:37,734 [Listener at 0.0.0.0/43433] INFO  pipeline.PipelineStateManager (PipelineStateManager.java:addPipeline(54)) - Created pipeline Pipeline[ Id: d9736a8a-7773-40e9-b5bd-763c3359d237, Nodes: b260e4ee-445a-4422-8fbe-3a6caa0392e6{ip: 172.17.0.2, host: d1d2f32d3d04, networkLocation: /default-rack, certSerialId: null, persistedOpState: IN_SERVICE, persistedOpStateExpiryEpochSec: 0}, Type:RATIS, Factor:ONE, State:OPEN, leaderId:b260e4ee-445a-4422-8fbe-3a6caa0392e6, CreationTimestamp2021-01-06T16:47:37.734Z]
2021-01-06 16:47:37,734 [Listener at 0.0.0.0/43433] INFO  pipeline.PipelineStateManager (PipelineStateManager.java:addPipeline(54)) - Created pipeline Pipeline[ Id: fa843cdf-fd05-4d65-9232-0537f8be947e, Nodes: 8f97a4d4-5267-458d-aa6e-fd0ac821c306{ip: 172.17.0.2, host: d1d2f32d3d04, networkLocation: /default-rack, certSerialId: null, persistedOpState: IN_SERVICE, persistedOpStateExpiryEpochSec: 0}, Type:RATIS, Factor:ONE, State:OPEN, leaderId:8f97a4d4-5267-458d-aa6e-fd0ac821c306, CreationTimestamp2021-01-06T16:47:37.734Z]
2021-01-06 16:47:37,735 [Listener at 0.0.0.0/43433] INFO  algorithms.PipelineChoosePolicyFactory (PipelineChoosePolicyFactory.java:createPipelineChoosePolicyFromClass(75)) - Create pipeline choose policy of type org.apache.hadoop.hdds.scm.pipeline.choose.algorithms.RandomPipelineChoosePolicy
2021-01-06 16:47:37,736 [Listener at 0.0.0.0/43433] INFO  safemode.HealthyPipelineSafeModeRule (HealthyPipelineSafeModeRule.java:<init>(89)) - Total pipeline count is 1, healthy pipeline threshold count is 1
2021-01-06 16:47:37,736 [Listener at 0.0.0.0/43433] INFO  safemode.OneReplicaPipelineSafeModeRule (OneReplicaPipelineSafeModeRule.java:<init>(85)) - Total pipeline count is 1, pipeline's with at least one datanode reported threshold count is 1
2021-01-06 16:47:37,738 [Listener at 0.0.0.0/43433] INFO  ipc.CallQueueManager (CallQueueManager.java:<init>(84)) - Using callQueue: class java.util.concurrent.LinkedBlockingQueue, queueCapacity: 2000, scheduler: class org.apache.hadoop.ipc.DefaultRpcScheduler, ipcBackoff: false.
2021-01-06 16:47:37,739 [Listener at 0.0.0.0/44005] INFO  ipc.CallQueueManager (CallQueueManager.java:<init>(84)) - Using callQueue: class java.util.concurrent.LinkedBlockingQueue, queueCapacity: 2000, scheduler: class org.apache.hadoop.ipc.DefaultRpcScheduler, ipcBackoff: false.
2021-01-06 16:47:37,739 [Socket Reader #1 for port 44005] INFO  ipc.Server (Server.java:run(1219)) - Starting Socket Reader #1 for port 44005
2021-01-06 16:47:37,739 [Socket Reader #1 for port 38591] INFO  ipc.Server (Server.java:run(1219)) - Starting Socket Reader #1 for port 38591
2021-01-06 16:47:37,741 [Listener at 0.0.0.0/38591] INFO  ipc.CallQueueManager (CallQueueManager.java:<init>(84)) - Using callQueue: class java.util.concurrent.LinkedBlockingQueue, queueCapacity: 2000, scheduler: class org.apache.hadoop.ipc.DefaultRpcScheduler, ipcBackoff: false.
2021-01-06 16:47:37,742 [Socket Reader #1 for port 43433] INFO  ipc.Server (Server.java:run(1219)) - Starting Socket Reader #1 for port 43433
2021-01-06 16:47:37,747 [Listener at 0.0.0.0/43433] INFO  http.BaseHttpServer (BaseHttpServer.java:newHttpServer2BuilderForOzone(207)) - Starting Web-server for scm at: http://0.0.0.0:34597
2021-01-06 16:47:37,747 [Listener at 0.0.0.0/43433] INFO  http.BaseHttpServer (BaseHttpServer.java:<init>(106)) - Hadoop Security Enabled: false Ozone Security Enabled: false Ozone HTTP Security Enabled: false 
2021-01-06 16:47:37,748 [Listener at 0.0.0.0/43433] INFO  server.AuthenticationFilter (AuthenticationFilter.java:constructSecretProvider(240)) - Unable to initialize FileSignerSecretProvider, falling back to use random secrets.
2021-01-06 16:47:37,748 [Listener at 0.0.0.0/43433] WARN  http.HttpRequestLog (HttpRequestLog.java:getRequestLog(103)) - Jetty request log can only be enabled using Log4j
2021-01-06 16:47:37,749 [Listener at 0.0.0.0/43433] INFO  http.HttpServer2 (HttpServer2.java:addGlobalFilter(1020)) - Added global filter 'safety' (class=org.apache.hadoop.hdds.server.http.HttpServer2$QuotingInputFilter)
2021-01-06 16:47:37,749 [Listener at 0.0.0.0/43433] INFO  http.HttpServer2 (HttpServer2.java:addFilter(996)) - Added filter static_user_filter (class=org.apache.hadoop.http.lib.StaticUserWebFilter$StaticUserFilter) to context scm
2021-01-06 16:47:37,749 [Listener at 0.0.0.0/43433] INFO  http.HttpServer2 (HttpServer2.java:addFilter(1004)) - Added filter static_user_filter (class=org.apache.hadoop.http.lib.StaticUserWebFilter$StaticUserFilter) to context static
2021-01-06 16:47:37,749 [Listener at 0.0.0.0/43433] INFO  http.HttpServer2 (HttpServer2.java:addFilter(1004)) - Added filter static_user_filter (class=org.apache.hadoop.http.lib.StaticUserWebFilter$StaticUserFilter) to context logs
2021-01-06 16:47:37,752 [Listener at 0.0.0.0/43433] INFO  server.StorageContainerManager (StorageContainerManager.java:start(789)) - StorageContainerLocationProtocol RPC server is listening at /0.0.0.0:43433
2021-01-06 16:47:37,753 [Listener at 0.0.0.0/43433] WARN  impl.MetricsConfig (MetricsConfig.java:loadFirst(134)) - Cannot locate configuration: tried hadoop-metrics2-storagecontainermanager.properties,hadoop-metrics2.properties
2021-01-06 16:47:37,753 [Listener at 0.0.0.0/43433] INFO  impl.MetricsSystemImpl (MetricsSystemImpl.java:startTimer(374)) - Scheduled Metric snapshot period at 10 second(s).
2021-01-06 16:47:37,753 [Listener at 0.0.0.0/43433] INFO  impl.MetricsSystemImpl (MetricsSystemImpl.java:start(191)) - StorageContainerManager metrics system started
2021-01-06 16:47:37,784 [Listener at 0.0.0.0/43433] WARN  impl.MetricsSystemImpl (MetricsSystemImpl.java:register(276)) - Sink prometheus already exists!
2021-01-06 16:47:37,821 [Listener at 0.0.0.0/43433] INFO  server.SCMClientProtocolServer (SCMClientProtocolServer.java:start(159)) - RPC server for Client  is listening at /0.0.0.0:43433
2021-01-06 16:47:37,821 [IPC Server Responder] INFO  ipc.Server (Server.java:run(1460)) - IPC Server Responder: starting
2021-01-06 16:47:37,824 [IPC Server listener on 43433] INFO  ipc.Server (Server.java:run(1298)) - IPC Server listener on 43433: starting
2021-01-06 16:47:37,829 [Listener at 0.0.0.0/43433] INFO  server.StorageContainerManager (StorageContainerManager.java:start(801)) - ScmBlockLocationProtocol RPC server is listening at /0.0.0.0:38591
2021-01-06 16:47:37,829 [Listener at 0.0.0.0/43433] INFO  server.SCMBlockProtocolServer (SCMBlockProtocolServer.java:start(150)) - RPC server for Block Protocol is listening at /0.0.0.0:38591
2021-01-06 16:47:37,829 [IPC Server Responder] INFO  ipc.Server (Server.java:run(1460)) - IPC Server Responder: starting
2021-01-06 16:47:37,830 [IPC Server listener on 38591] INFO  ipc.Server (Server.java:run(1298)) - IPC Server listener on 38591: starting
2021-01-06 16:47:37,837 [Listener at 0.0.0.0/43433] INFO  server.StorageContainerManager (StorageContainerManager.java:start(807)) - ScmDatanodeProtocl RPC server is listening at /0.0.0.0:44005
2021-01-06 16:47:37,837 [Listener at 0.0.0.0/43433] INFO  server.SCMDatanodeProtocolServer (SCMDatanodeProtocolServer.java:start(174)) - RPC server for DataNodes is listening at /0.0.0.0:44005
2021-01-06 16:47:37,837 [IPC Server Responder] INFO  ipc.Server (Server.java:run(1460)) - IPC Server Responder: starting
2021-01-06 16:47:37,838 [IPC Server listener on 44005] INFO  ipc.Server (Server.java:run(1298)) - IPC Server listener on 44005: starting
2021-01-06 16:47:37,845 [Listener at 0.0.0.0/43433] INFO  http.HttpServer2 (HttpServer2.java:bindListener(1238)) - Jetty bound to port 34597
2021-01-06 16:47:37,845 [Listener at 0.0.0.0/43433] INFO  server.Server (Server.java:doStart(375)) - jetty-9.4.34.v20201102; built: 2020-11-02T14:15:39.302Z; git: e46af88704a893fc12cb0e3bf46e2c7b48a009e7; jvm 1.8.0_232-b09
2021-01-06 16:47:37,846 [Listener at 0.0.0.0/43433] INFO  server.session (DefaultSessionIdManager.java:doStart(334)) - DefaultSessionIdManager workerName=node0
2021-01-06 16:47:37,846 [Listener at 0.0.0.0/43433] INFO  server.session (DefaultSessionIdManager.java:doStart(339)) - No SessionScavenger set, using defaults
2021-01-06 16:47:37,846 [Listener at 0.0.0.0/43433] INFO  server.session (HouseKeeper.java:startScavenging(132)) - node0 Scavenging every 660000ms
2021-01-06 16:47:37,847 [Listener at 0.0.0.0/43433] INFO  handler.ContextHandler (ContextHandler.java:doStart(916)) - Started o.e.j.s.ServletContextHandler@408aced7{logs,/logs,file:///github/workspace/mnt/ozone/hadoop-ozone/integration-test/target/log,AVAILABLE}
2021-01-06 16:47:37,848 [Listener at 0.0.0.0/43433] INFO  handler.ContextHandler (ContextHandler.java:doStart(916)) - Started o.e.j.s.ServletContextHandler@47190563{static,/static,file:///github/workspace/mnt/ozone/hadoop-ozone/integration-test/target/test-classes/webapps/static,AVAILABLE}
2021-01-06 16:47:37,850 [Listener at 0.0.0.0/43433] INFO  handler.ContextHandler (ContextHandler.java:doStart(916)) - Started o.e.j.w.WebAppContext@60e978dc{scm,/,file:///github/workspace/mnt/ozone/hadoop-ozone/integration-test/target/test-classes/webapps/scm/,AVAILABLE}{file:/github/workspace/mnt/ozone/hadoop-ozone/integration-test/target/test-classes/webapps/scm}
2021-01-06 16:47:37,852 [Listener at 0.0.0.0/43433] INFO  server.AbstractConnector (AbstractConnector.java:doStart(331)) - Started ServerConnector@2b12488{HTTP/1.1, (http/1.1)}{0.0.0.0:34597}
2021-01-06 16:47:37,852 [Listener at 0.0.0.0/43433] INFO  server.Server (Server.java:doStart(415)) - Started @324128ms
2021-01-06 16:47:37,852 [Listener at 0.0.0.0/43433] WARN  impl.MetricsSystemImpl (MetricsSystemImpl.java:register(276)) - Sink prometheus already exists!
2021-01-06 16:47:38,547 [IPC Server handler 0 on default port 44005] INFO  server.SCMDatanodeHeartbeatDispatcher (SCMDatanodeHeartbeatDispatcher.java:dispatch(96)) - SCM received heartbeat from an unregistered datanode 758eb975-c749-4165-9bd9-81389eee020b{ip: 172.17.0.2, host: d1d2f32d3d04, networkLocation: /default-rack, certSerialId: null, persistedOpState: null, persistedOpStateExpiryEpochSec: 0}. Asking datanode to re-register.
2021-01-06 16:47:38,548 [IPC Server handler 1 on default port 44005] INFO  server.SCMDatanodeHeartbeatDispatcher (SCMDatanodeHeartbeatDispatcher.java:dispatch(96)) - SCM received heartbeat from an unregistered datanode 8f97a4d4-5267-458d-aa6e-fd0ac821c306{ip: 172.17.0.2, host: d1d2f32d3d04, networkLocation: /default-rack, certSerialId: null, persistedOpState: null, persistedOpStateExpiryEpochSec: 0}. Asking datanode to re-register.
2021-01-06 16:47:38,555 [IPC Server handler 2 on default port 44005] INFO  server.SCMDatanodeHeartbeatDispatcher (SCMDatanodeHeartbeatDispatcher.java:dispatch(96)) - SCM received heartbeat from an unregistered datanode 19774229-10ce-45d0-998c-3d7b10d140bf{ip: 172.17.0.2, host: d1d2f32d3d04, networkLocation: /default-rack, certSerialId: null, persistedOpState: null, persistedOpStateExpiryEpochSec: 0}. Asking datanode to re-register.
2021-01-06 16:47:38,563 [IPC Server handler 3 on default port 44005] INFO  server.SCMDatanodeHeartbeatDispatcher (SCMDatanodeHeartbeatDispatcher.java:dispatch(96)) - SCM received heartbeat from an unregistered datanode b260e4ee-445a-4422-8fbe-3a6caa0392e6{ip: 172.17.0.2, host: d1d2f32d3d04, networkLocation: /default-rack, certSerialId: null, persistedOpState: null, persistedOpStateExpiryEpochSec: 0}. Asking datanode to re-register.
2021-01-06 16:47:39,545 [IPC Server handler 0 on default port 44005] INFO  net.NetworkTopologyImpl (NetworkTopologyImpl.java:add(111)) - Added a new node: /default-rack/758eb975-c749-4165-9bd9-81389eee020b
2021-01-06 16:47:39,546 [IPC Server handler 0 on default port 44005] INFO  node.SCMNodeManager (SCMNodeManager.java:register(341)) - Registered Data node : 758eb975-c749-4165-9bd9-81389eee020b{ip: 172.17.0.2, host: d1d2f32d3d04, networkLocation: /default-rack, certSerialId: null, persistedOpState: IN_SERVICE, persistedOpStateExpiryEpochSec: 0}
2021-01-06 16:47:39,547 [IPC Server handler 1 on default port 44005] INFO  net.NetworkTopologyImpl (NetworkTopologyImpl.java:add(111)) - Added a new node: /default-rack/8f97a4d4-5267-458d-aa6e-fd0ac821c306
2021-01-06 16:47:39,547 [IPC Server handler 1 on default port 44005] INFO  node.SCMNodeManager (SCMNodeManager.java:register(341)) - Registered Data node : 8f97a4d4-5267-458d-aa6e-fd0ac821c306{ip: 172.17.0.2, host: d1d2f32d3d04, networkLocation: /default-rack, certSerialId: null, persistedOpState: IN_SERVICE, persistedOpStateExpiryEpochSec: 0}
2021-01-06 16:47:39,547 [EventQueue-NodeRegistrationContainerReportForDataNodeSafeModeRule] INFO  safemode.SCMSafeModeManager (DataNodeSafeModeRule.java:process(71)) - SCM in safe mode. 1 DataNodes registered, 1 required.
2021-01-06 16:47:39,547 [EventQueue-NodeRegistrationContainerReportForDataNodeSafeModeRule] INFO  safemode.SCMSafeModeManager (SCMSafeModeManager.java:validateSafeModeExitRules(214)) - DataNodeSafeModeRule rule is successfully validated
2021-01-06 16:47:39,547 [EventQueue-NodeRegistrationContainerReportForContainerSafeModeRule] INFO  safemode.SCMSafeModeManager (ContainerSafeModeRule.java:process(116)) - SCM in safe mode. 0.0 % containers have at least one reported replica.
2021-01-06 16:47:39,548 [EventQueue-NodeRegistrationContainerReportForContainerSafeModeRule] INFO  safemode.SCMSafeModeManager (ContainerSafeModeRule.java:process(116)) - SCM in safe mode. 0.0 % containers have at least one reported replica.
2021-01-06 16:47:39,548 [EventQueue-NodeRegistrationContainerReportForDataNodeSafeModeRule] INFO  safemode.SCMSafeModeManager (SCMSafeModeManager.java:completePreCheck(242)) - All SCM safe mode pre check rules have passed
2021-01-06 16:47:39,548 [EventQueue-PipelineReportForOneReplicaPipelineSafeModeRule] INFO  safemode.SCMSafeModeManager (OneReplicaPipelineSafeModeRule.java:process(128)) - SCM in safe mode. Pipelines with at least one datanode reported count is 1, required at least one datanode reported per pipeline count is 1
2021-01-06 16:47:39,549 [RatisPipelineUtilsThread] WARN  pipeline.PipelinePlacementPolicy (PipelinePlacementPolicy.java:filterViableNodes(139)) - Pipeline creation failed due to no sufficient healthy datanodes. Required 3. Found 2.
2021-01-06 16:47:39,549 [EventQueue-NodeRegistrationContainerReportForDataNodeSafeModeRule] INFO  safemode.SCMSafeModeManager (SCMSafeModeManager.java:validateSafeModeExitRules(214)) - DataNodeSafeModeRule rule is successfully validated
2021-01-06 16:47:39,550 [EventQueue-PipelineReportForOneReplicaPipelineSafeModeRule] INFO  safemode.SCMSafeModeManager (SCMSafeModeManager.java:validateSafeModeExitRules(214)) - AtleastOneDatanodeReportedRule rule is successfully validated
2021-01-06 16:47:39,550 [EventQueue-PipelineReportForOneReplicaPipelineSafeModeRule] INFO  safemode.SCMSafeModeManager (SCMSafeModeManager.java:validateSafeModeExitRules(214)) - AtleastOneDatanodeReportedRule rule is successfully validated
2021-01-06 16:47:39,551 [EventQueue-OpenPipelineForHealthyPipelineSafeModeRule] INFO  safemode.SCMSafeModeManager (HealthyPipelineSafeModeRule.java:process(128)) - SCM in safe mode. Healthy pipelines reported count is 0, required healthy pipeline reported count is 1
2021-01-06 16:47:39,551 [EventQueue-OpenPipelineForHealthyPipelineSafeModeRule] INFO  safemode.SCMSafeModeManager (HealthyPipelineSafeModeRule.java:process(128)) - SCM in safe mode. Healthy pipelines reported count is 0, required healthy pipeline reported count is 1
2021-01-06 16:47:39,555 [IPC Server handler 3 on default port 44005] INFO  net.NetworkTopologyImpl (NetworkTopologyImpl.java:add(111)) - Added a new node: /default-rack/19774229-10ce-45d0-998c-3d7b10d140bf
2021-01-06 16:47:39,555 [IPC Server handler 3 on default port 44005] INFO  node.SCMNodeManager (SCMNodeManager.java:register(341)) - Registered Data node : 19774229-10ce-45d0-998c-3d7b10d140bf{ip: 172.17.0.2, host: d1d2f32d3d04, networkLocation: /default-rack, certSerialId: null, persistedOpState: IN_SERVICE, persistedOpStateExpiryEpochSec: 0}
2021-01-06 16:47:39,556 [EventQueue-PipelineReportForOneReplicaPipelineSafeModeRule] INFO  safemode.SCMSafeModeManager (SCMSafeModeManager.java:validateSafeModeExitRules(214)) - AtleastOneDatanodeReportedRule rule is successfully validated
2021-01-06 16:47:39,556 [EventQueue-NodeRegistrationContainerReportForDataNodeSafeModeRule] INFO  safemode.SCMSafeModeManager (SCMSafeModeManager.java:validateSafeModeExitRules(214)) - DataNodeSafeModeRule rule is successfully validated
2021-01-06 16:47:39,558 [EventQueue-OpenPipelineForHealthyPipelineSafeModeRule] INFO  safemode.SCMSafeModeManager (HealthyPipelineSafeModeRule.java:process(128)) - SCM in safe mode. Healthy pipelines reported count is 0, required healthy pipeline reported count is 1
2021-01-06 16:47:39,558 [EventQueue-NodeRegistrationContainerReportForContainerSafeModeRule] INFO  safemode.SCMSafeModeManager (ContainerSafeModeRule.java:process(116)) - SCM in safe mode. 0.0 % containers have at least one reported replica.
2021-01-06 16:47:39,558 [EventQueue-OpenPipelineForHealthyPipelineSafeModeRule] INFO  safemode.SCMSafeModeManager (HealthyPipelineSafeModeRule.java:process(128)) - SCM in safe mode. Healthy pipelines reported count is 1, required healthy pipeline reported count is 1
2021-01-06 16:47:39,558 [EventQueue-OpenPipelineForHealthyPipelineSafeModeRule] INFO  safemode.SCMSafeModeManager (SCMSafeModeManager.java:validateSafeModeExitRules(214)) - HealthyPipelineSafeModeRule rule is successfully validated
2021-01-06 16:47:39,564 [IPC Server handler 4 on default port 44005] INFO  net.NetworkTopologyImpl (NetworkTopologyImpl.java:add(111)) - Added a new node: /default-rack/b260e4ee-445a-4422-8fbe-3a6caa0392e6
2021-01-06 16:47:39,564 [IPC Server handler 4 on default port 44005] INFO  node.SCMNodeManager (SCMNodeManager.java:register(341)) - Registered Data node : b260e4ee-445a-4422-8fbe-3a6caa0392e6{ip: 172.17.0.2, host: d1d2f32d3d04, networkLocation: /default-rack, certSerialId: null, persistedOpState: IN_SERVICE, persistedOpStateExpiryEpochSec: 0}
2021-01-06 16:47:39,564 [EventQueue-PipelineReportForOneReplicaPipelineSafeModeRule] INFO  safemode.SCMSafeModeManager (SCMSafeModeManager.java:validateSafeModeExitRules(214)) - AtleastOneDatanodeReportedRule rule is successfully validated
2021-01-06 16:47:39,564 [EventQueue-NodeRegistrationContainerReportForContainerSafeModeRule] INFO  safemode.SCMSafeModeManager (ContainerSafeModeRule.java:process(116)) - SCM in safe mode. 100.0 % containers have at least one reported replica.
2021-01-06 16:47:39,564 [EventQueue-NodeRegistrationContainerReportForContainerSafeModeRule] INFO  safemode.SCMSafeModeManager (SCMSafeModeManager.java:validateSafeModeExitRules(214)) - ContainerSafeModeRule rule is successfully validated
2021-01-06 16:47:39,564 [EventQueue-NodeRegistrationContainerReportForContainerSafeModeRule] INFO  safemode.SCMSafeModeManager (SCMSafeModeManager.java:validateSafeModeExitRules(228)) - ScmSafeModeManager, all rules are successfully validated
2021-01-06 16:47:39,564 [EventQueue-NodeRegistrationContainerReportForContainerSafeModeRule] INFO  safemode.SCMSafeModeManager (SCMSafeModeManager.java:exitSafeMode(257)) - SCM exiting safe mode.
2021-01-06 16:47:42,566 [EventQueue-Delayed safe mode statusForReplicationManager] INFO  container.ReplicationManager (ReplicationManager.java:start(186)) - Starting Replication Monitor Thread.
2021-01-06 16:47:42,567 [ReplicationMonitor] INFO  container.ReplicationManager (ReplicationManager.java:handleUnderReplicatedContainer(722)) - Container #1 is under replicated. Expected replica count is 3, but found 1.
2021-01-06 16:47:42,567 [ReplicationMonitor] INFO  container.ReplicationManager (ReplicationManager.java:sendReplicateCommand(970)) - Sending replicate container command for container #1 to datanode 758eb975-c749-4165-9bd9-81389eee020b{ip: 172.17.0.2, host: d1d2f32d3d04, networkLocation: /default-rack, certSerialId: null, persistedOpState: IN_SERVICE, persistedOpStateExpiryEpochSec: 0}
2021-01-06 16:47:42,568 [ReplicationMonitor] INFO  container.ReplicationManager (ReplicationManager.java:sendReplicateCommand(970)) - Sending replicate container command for container #1 to datanode 19774229-10ce-45d0-998c-3d7b10d140bf{ip: 172.17.0.2, host: d1d2f32d3d04, networkLocation: /default-rack, certSerialId: null, persistedOpState: IN_SERVICE, persistedOpStateExpiryEpochSec: 0}
2021-01-06 16:47:42,568 [ReplicationMonitor] INFO  container.ReplicationManager (ReplicationManager.java:handleUnderReplicatedContainer(722)) - Container #3 is under replicated. Expected replica count is 3, but found 1.
2021-01-06 16:47:42,568 [ReplicationMonitor] INFO  container.ReplicationManager (ReplicationManager.java:sendReplicateCommand(970)) - Sending replicate container command for container #3 to datanode 8f97a4d4-5267-458d-aa6e-fd0ac821c306{ip: 172.17.0.2, host: d1d2f32d3d04, networkLocation: /default-rack, certSerialId: null, persistedOpState: IN_SERVICE, persistedOpStateExpiryEpochSec: 0}
2021-01-06 16:47:42,568 [ReplicationMonitor] INFO  container.ReplicationManager (ReplicationManager.java:sendReplicateCommand(970)) - Sending replicate container command for container #3 to datanode 758eb975-c749-4165-9bd9-81389eee020b{ip: 172.17.0.2, host: d1d2f32d3d04, networkLocation: /default-rack, certSerialId: null, persistedOpState: IN_SERVICE, persistedOpStateExpiryEpochSec: 0}
2021-01-06 16:47:42,568 [ReplicationMonitor] INFO  container.ReplicationManager (ReplicationManager.java:run(250)) - Replication Monitor Thread took 0 milliseconds for processing 4 containers.
2021-01-06 16:47:42,859 [Listener at 0.0.0.0/43433] INFO  http.BaseHttpServer (BaseHttpServer.java:updateConnectorAddress(327)) - HTTP server of scm listening at http://0.0.0.0:34597
2021-01-06 16:47:42,860 [org.apache.hadoop.util.JvmPauseMonitor$Monitor@37443848] INFO  util.JvmPauseMonitor (JvmPauseMonitor.java:run(188)) - Starting JVM pause monitor
2021-01-06 16:47:43,461 [EndpointStateMachine task thread for /0.0.0.0:44005 - 0 ] WARN  statemachine.EndpointStateMachine (EndpointStateMachine.java:logIfNeeded(233)) - Unable to communicate to SCM server at 0.0.0.0:44005 for past 0 seconds.
java.io.EOFException: End of File Exception between local host is: "d1d2f32d3d04/172.17.0.2"; destination host is: "0.0.0.0":44005; : java.io.EOFException; For more details see:  http://wiki.apache.org/hadoop/EOFException
	at sun.reflect.NativeConstructorAccessorImpl.newInstance0(Native Method)
	at sun.reflect.NativeConstructorAccessorImpl.newInstance(NativeConstructorAccessorImpl.java:62)
	at sun.reflect.DelegatingConstructorAccessorImpl.newInstance(DelegatingConstructorAccessorImpl.java:45)
	at java.lang.reflect.Constructor.newInstance(Constructor.java:423)
	at org.apache.hadoop.net.NetUtils.wrapWithMessage(NetUtils.java:833)
	at org.apache.hadoop.net.NetUtils.wrapException(NetUtils.java:791)
	at org.apache.hadoop.ipc.Client.getRpcResponse(Client.java:1549)
	at org.apache.hadoop.ipc.Client.call(Client.java:1491)
	at org.apache.hadoop.ipc.Client.call(Client.java:1388)
	at org.apache.hadoop.ipc.ProtobufRpcEngine$Invoker.invoke(ProtobufRpcEngine.java:233)
	at org.apache.hadoop.ipc.ProtobufRpcEngine$Invoker.invoke(ProtobufRpcEngine.java:118)
	at com.sun.proxy.$Proxy33.submitRequest(Unknown Source)
	at org.apache.hadoop.ozone.protocolPB.StorageContainerDatanodeProtocolClientSideTranslatorPB.submitRequest(StorageContainerDatanodeProtocolClientSideTranslatorPB.java:117)
	at org.apache.hadoop.ozone.protocolPB.StorageContainerDatanodeProtocolClientSideTranslatorPB.sendHeartbeat(StorageContainerDatanodeProtocolClientSideTranslatorPB.java:149)
	at org.apache.hadoop.ozone.container.common.states.endpoint.HeartbeatEndpointTask.call(HeartbeatEndpointTask.java:146)
	at org.apache.hadoop.ozone.container.common.states.endpoint.HeartbeatEndpointTask.call(HeartbeatEndpointTask.java:77)
	at java.util.concurrent.FutureTask.run(FutureTask.java:266)
	at java.util.concurrent.ThreadPoolExecutor.runWorker(ThreadPoolExecutor.java:1149)
	at java.util.concurrent.ThreadPoolExecutor$Worker.run(ThreadPoolExecutor.java:624)
	at java.lang.Thread.run(Thread.java:748)
Caused by: java.io.EOFException
	at java.io.DataInputStream.readInt(DataInputStream.java:392)
	at org.apache.hadoop.ipc.Client$IpcStreams.readResponse(Client.java:1850)
	at org.apache.hadoop.ipc.Client$Connection.receiveRpcResponse(Client.java:1183)
	at org.apache.hadoop.ipc.Client$Connection.run(Client.java:1079)
2021-01-06 16:47:43,463 [IPC Server handler 0 on default port 44005] INFO  server.SCMDatanodeHeartbeatDispatcher (SCMDatanodeHeartbeatDispatcher.java:dispatch(96)) - SCM received heartbeat from an unregistered datanode b3b9a181-77ef-445c-8f67-7418b9e03f94{ip: 172.17.0.2, host: d1d2f32d3d04, networkLocation: /default-rack, certSerialId: null, persistedOpState: null, persistedOpStateExpiryEpochSec: 0}. Asking datanode to re-register.
2021-01-06 16:47:43,463 [IPC Server handler 1 on default port 44005] INFO  server.SCMDatanodeHeartbeatDispatcher (SCMDatanodeHeartbeatDispatcher.java:dispatch(96)) - SCM received heartbeat from an unregistered datanode b3b9a181-77ef-445c-8f67-7418b9e03f94{ip: 172.17.0.2, host: d1d2f32d3d04, networkLocation: /default-rack, certSerialId: null, persistedOpState: null, persistedOpStateExpiryEpochSec: 0}. Asking datanode to re-register.
2021-01-06 16:47:43,464 [IPC Server handler 2 on default port 44005] INFO  server.SCMDatanodeHeartbeatDispatcher (SCMDatanodeHeartbeatDispatcher.java:dispatch(96)) - SCM received heartbeat from an unregistered datanode b3b9a181-77ef-445c-8f67-7418b9e03f94{ip: 172.17.0.2, host: d1d2f32d3d04, networkLocation: /default-rack, certSerialId: null, persistedOpState: null, persistedOpStateExpiryEpochSec: 0}. Asking datanode to re-register.
2021-01-06 16:47:43,464 [IPC Server handler 3 on default port 44005] INFO  server.SCMDatanodeHeartbeatDispatcher (SCMDatanodeHeartbeatDispatcher.java:dispatch(96)) - SCM received heartbeat from an unregistered datanode b3b9a181-77ef-445c-8f67-7418b9e03f94{ip: 172.17.0.2, host: d1d2f32d3d04, networkLocation: /default-rack, certSerialId: null, persistedOpState: null, persistedOpStateExpiryEpochSec: 0}. Asking datanode to re-register.
2021-01-06 16:47:43,465 [IPC Server handler 4 on default port 44005] INFO  server.SCMDatanodeHeartbeatDispatcher (SCMDatanodeHeartbeatDispatcher.java:dispatch(96)) - SCM received heartbeat from an unregistered datanode b3b9a181-77ef-445c-8f67-7418b9e03f94{ip: 172.17.0.2, host: d1d2f32d3d04, networkLocation: /default-rack, certSerialId: null, persistedOpState: null, persistedOpStateExpiryEpochSec: 0}. Asking datanode to re-register.
2021-01-06 16:47:43,568 [ReplicationMonitor] INFO  container.ReplicationManager (ReplicationManager.java:run(250)) - Replication Monitor Thread took 0 milliseconds for processing 4 containers.
2021-01-06 16:47:44,456 [IPC Server handler 0 on default port 44005] INFO  net.NetworkTopologyImpl (NetworkTopologyImpl.java:add(111)) - Added a new node: /default-rack/b3b9a181-77ef-445c-8f67-7418b9e03f94
2021-01-06 16:47:44,456 [IPC Server handler 0 on default port 44005] INFO  node.SCMNodeManager (SCMNodeManager.java:register(341)) - Registered Data node : b3b9a181-77ef-445c-8f67-7418b9e03f94{ip: 172.17.0.2, host: d1d2f32d3d04, networkLocation: /default-rack, certSerialId: null, persistedOpState: IN_SERVICE, persistedOpStateExpiryEpochSec: 0}
2021-01-06 16:47:44,547 [ContainerReplicationThread-0] INFO  replication.DownloadAndImportReplicator (DownloadAndImportReplicator.java:replicate(106)) - Starting replication of container 3 from [b260e4ee-445a-4422-8fbe-3a6caa0392e6{ip: 172.17.0.2, host: d1d2f32d3d04, networkLocation: /default-rack, certSerialId: null, persistedOpState: IN_SERVICE, persistedOpStateExpiryEpochSec: 0}]
2021-01-06 16:47:44,554 [grpc-default-executor-2] INFO  replication.GrpcReplicationService (GrpcReplicationService.java:download(52)) - Streaming container data (3) to other datanode
2021-01-06 16:47:44,558 [grpc-default-executor-2] INFO  replication.GrpcOutputStream (GrpcOutputStream.java:close(104)) - Sent 10366 bytes for container 3
2021-01-06 16:47:44,559 [ContainerReplicationThread-0] INFO  replication.DownloadAndImportReplicator (DownloadAndImportReplicator.java:replicate(106)) - Starting replication of container 1 from [b260e4ee-445a-4422-8fbe-3a6caa0392e6{ip: 172.17.0.2, host: d1d2f32d3d04, networkLocation: /default-rack, certSerialId: null, persistedOpState: IN_SERVICE, persistedOpStateExpiryEpochSec: 0}]
2021-01-06 16:47:44,560 [grpc-default-executor-2] INFO  replication.GrpcReplicationClient (GrpcReplicationClient.java:onCompleted(186)) - Container 3 is downloaded to /github/workspace/mnt/ozone/hadoop-ozone/integration-test/target/test-dir/MiniOzoneClusterImpl-1d43af91-9f82-444b-8964-eb6d4844fd62/datanode-2/data/replication/work/container-3.tar.gz
2021-01-06 16:47:44,561 [ContainerReplicationThread-0] INFO  replication.DownloadAndImportReplicator (DownloadAndImportReplicator.java:replicate(117)) - Container 3 is downloaded, starting to import.
2021-01-06 16:47:44,570 [ReplicationMonitor] INFO  container.ReplicationManager (ReplicationManager.java:run(250)) - Replication Monitor Thread took 1 milliseconds for processing 4 containers.
2021-01-06 16:47:44,571 [grpc-default-executor-2] INFO  replication.GrpcReplicationService (GrpcReplicationService.java:download(52)) - Streaming container data (1) to other datanode
2021-01-06 16:47:44,580 [grpc-default-executor-2] INFO  replication.GrpcOutputStream (GrpcOutputStream.java:close(104)) - Sent 10489 bytes for container 1
2021-01-06 16:47:44,581 [grpc-default-executor-2] INFO  replication.GrpcReplicationClient (GrpcReplicationClient.java:onCompleted(186)) - Container 1 is downloaded to /github/workspace/mnt/ozone/hadoop-ozone/integration-test/target/test-dir/MiniOzoneClusterImpl-1d43af91-9f82-444b-8964-eb6d4844fd62/datanode-1/data/replication/work/container-1.tar.gz
2021-01-06 16:47:44,583 [ContainerReplicationThread-0] INFO  replication.DownloadAndImportReplicator (DownloadAndImportReplicator.java:replicate(117)) - Container 1 is downloaded, starting to import.
2021-01-06 16:47:44,593 [ContainerReplicationThread-0] INFO  replication.DownloadAndImportReplicator (DownloadAndImportReplicator.java:replicate(120)) - Container 3 is replicated successfully
2021-01-06 16:47:44,594 [ContainerReplicationThread-0] INFO  replication.ReplicationSupervisor (ReplicationSupervisor.java:run(146)) - Container 3 is replicated.
2021-01-06 16:47:44,599 [ContainerReplicationThread-0] INFO  replication.DownloadAndImportReplicator (DownloadAndImportReplicator.java:replicate(120)) - Container 1 is replicated successfully
2021-01-06 16:47:44,599 [ContainerReplicationThread-0] INFO  replication.ReplicationSupervisor (ReplicationSupervisor.java:run(146)) - Container 1 is replicated.
2021-01-06 16:47:45,545 [ContainerReplicationThread-0] INFO  replication.DownloadAndImportReplicator (DownloadAndImportReplicator.java:replicate(106)) - Starting replication of container 1 from [b260e4ee-445a-4422-8fbe-3a6caa0392e6{ip: 172.17.0.2, host: d1d2f32d3d04, networkLocation: /default-rack, certSerialId: null, persistedOpState: IN_SERVICE, persistedOpStateExpiryEpochSec: 0}]
2021-01-06 16:47:45,547 [ContainerReplicationThread-1] INFO  replication.DownloadAndImportReplicator (DownloadAndImportReplicator.java:replicate(106)) - Starting replication of container 3 from [b260e4ee-445a-4422-8fbe-3a6caa0392e6{ip: 172.17.0.2, host: d1d2f32d3d04, networkLocation: /default-rack, certSerialId: null, persistedOpState: IN_SERVICE, persistedOpStateExpiryEpochSec: 0}]
2021-01-06 16:47:45,551 [grpc-default-executor-5] INFO  replication.GrpcReplicationService (GrpcReplicationService.java:download(52)) - Streaming container data (1) to other datanode
2021-01-06 16:47:45,552 [grpc-default-executor-2] INFO  replication.GrpcReplicationService (GrpcReplicationService.java:download(52)) - Streaming container data (3) to other datanode
2021-01-06 16:47:45,572 [ReplicationMonitor] INFO  container.ReplicationManager (ReplicationManager.java:run(250)) - Replication Monitor Thread took 1 milliseconds for processing 4 containers.
2021-01-06 16:47:45,572 [grpc-default-executor-2] INFO  replication.GrpcOutputStream (GrpcOutputStream.java:close(104)) - Sent 17246 bytes for container 3
2021-01-06 16:47:45,574 [grpc-default-executor-3] INFO  replication.GrpcReplicationClient (GrpcReplicationClient.java:onCompleted(186)) - Container 3 is downloaded to /github/workspace/mnt/ozone/hadoop-ozone/integration-test/target/test-dir/MiniOzoneClusterImpl-1d43af91-9f82-444b-8964-eb6d4844fd62/datanode-0/data/replication/work/container-3.tar.gz
2021-01-06 16:47:45,576 [ContainerReplicationThread-1] INFO  replication.DownloadAndImportReplicator (DownloadAndImportReplicator.java:replicate(117)) - Container 3 is downloaded, starting to import.
2021-01-06 16:47:45,580 [grpc-default-executor-5] INFO  replication.GrpcOutputStream (GrpcOutputStream.java:close(104)) - Sent 17099 bytes for container 1
2021-01-06 16:47:45,589 [grpc-default-executor-2] INFO  replication.GrpcReplicationClient (GrpcReplicationClient.java:onCompleted(186)) - Container 1 is downloaded to /github/workspace/mnt/ozone/hadoop-ozone/integration-test/target/test-dir/MiniOzoneClusterImpl-1d43af91-9f82-444b-8964-eb6d4844fd62/datanode-0/data/replication/work/container-1.tar.gz
2021-01-06 16:47:45,593 [ContainerReplicationThread-0] INFO  replication.DownloadAndImportReplicator (DownloadAndImportReplicator.java:replicate(117)) - Container 1 is downloaded, starting to import.
2021-01-06 16:47:45,607 [ContainerReplicationThread-1] INFO  replication.DownloadAndImportReplicator (DownloadAndImportReplicator.java:replicate(120)) - Container 3 is replicated successfully
2021-01-06 16:47:45,607 [ContainerReplicationThread-1] INFO  replication.ReplicationSupervisor (ReplicationSupervisor.java:run(146)) - Container 3 is replicated.
2021-01-06 16:47:45,609 [ContainerReplicationThread-0] INFO  replication.DownloadAndImportReplicator (DownloadAndImportReplicator.java:replicate(120)) - Container 1 is replicated successfully
2021-01-06 16:47:45,610 [ContainerReplicationThread-0] INFO  replication.ReplicationSupervisor (ReplicationSupervisor.java:run(146)) - Container 1 is replicated.
2021-01-06 16:47:46,572 [ReplicationMonitor] INFO  container.ReplicationManager (ReplicationManager.java:handleOverReplicatedContainer(778)) - Container #1 is over replicated. Expected replica count is 3, but found 4.
2021-01-06 16:47:46,572 [ReplicationMonitor] INFO  container.ReplicationManager (ReplicationManager.java:sendDeleteCommand(993)) - Sending delete container command for container #1 to datanode 19774229-10ce-45d0-998c-3d7b10d140bf{ip: 172.17.0.2, host: d1d2f32d3d04, networkLocation: /default-rack, certSerialId: null, persistedOpState: IN_SERVICE, persistedOpStateExpiryEpochSec: 0}
2021-01-06 16:47:46,573 [ReplicationMonitor] INFO  container.ReplicationManager (ReplicationManager.java:run(250)) - Replication Monitor Thread took 0 milliseconds for processing 4 containers.
2021-01-06 16:47:47,573 [ReplicationMonitor] INFO  container.ReplicationManager (ReplicationManager.java:handleOverReplicatedContainer(778)) - Container #3 is over replicated. Expected replica count is 3, but found 4.
2021-01-06 16:47:47,573 [ReplicationMonitor] INFO  container.ReplicationManager (ReplicationManager.java:sendDeleteCommand(993)) - Sending delete container command for container #3 to datanode b260e4ee-445a-4422-8fbe-3a6caa0392e6{ip: 172.17.0.2, host: d1d2f32d3d04, networkLocation: /default-rack, certSerialId: null, persistedOpState: IN_SERVICE, persistedOpStateExpiryEpochSec: 0}
2021-01-06 16:47:47,573 [ReplicationMonitor] INFO  container.ReplicationManager (ReplicationManager.java:run(250)) - Replication Monitor Thread took 1 milliseconds for processing 4 containers.
2021-01-06 16:47:47,667 [Listener at 0.0.0.0/43433] INFO  ozone.MiniOzoneClusterImpl (MiniOzoneClusterImpl.java:shutdown(389)) - Shutting down the Mini Ozone Cluster
2021-01-06 16:47:47,667 [Listener at 0.0.0.0/43433] INFO  ozone.MiniOzoneClusterImpl (MiniOzoneClusterImpl.java:stop(404)) - Stopping the Mini Ozone Cluster
2021-01-06 16:47:47,667 [Listener at 0.0.0.0/43433] INFO  ozone.MiniOzoneClusterImpl (MiniOzoneClusterImpl.java:stopOM(486)) - Stopping the OzoneManager
2021-01-06 16:47:47,667 [Listener at 0.0.0.0/43433] INFO  ipc.Server (Server.java:stop(3359)) - Stopping server on 40037
2021-01-06 16:47:47,669 [IPC Server listener on 0] INFO  ipc.Server (Server.java:run(1330)) - Stopping IPC Server listener on 0
2021-01-06 16:47:47,669 [IPC Server Responder] INFO  ipc.Server (Server.java:run(1465)) - Stopping IPC Server Responder
2021-01-06 16:47:47,669 [Listener at 0.0.0.0/43433] INFO  ratis.OzoneManagerDoubleBuffer (OzoneManagerDoubleBuffer.java:stop(425)) - Stopping OMDoubleBuffer flush thread
2021-01-06 16:47:47,669 [OMDoubleBufferFlushThread] INFO  ratis.OzoneManagerDoubleBuffer (OzoneManagerDoubleBuffer.java:flushTransactions(352)) - OMDoubleBuffer flush thread OMDoubleBufferFlushThread is interrupted and will exit. OMDoubleBufferFlushThread
2021-01-06 16:47:47,669 [Listener at 0.0.0.0/43433] INFO  utils.BackgroundService (BackgroundService.java:shutdown(132)) - Shutting down service KeyDeletingService
2021-01-06 16:47:47,673 [Listener at 0.0.0.0/43433] INFO  handler.ContextHandler (ContextHandler.java:doStop(1154)) - Stopped o.e.j.w.WebAppContext@267f174a{ozoneManager,/,null,STOPPED}{file:/github/workspace/mnt/ozone/hadoop-ozone/integration-test/target/test-classes/webapps/ozoneManager}
2021-01-06 16:47:47,674 [Listener at 0.0.0.0/43433] INFO  server.AbstractConnector (AbstractConnector.java:doStop(381)) - Stopped ServerConnector@3977c325{HTTP/1.1, (http/1.1)}{0.0.0.0:0}
2021-01-06 16:47:47,674 [Listener at 0.0.0.0/43433] INFO  server.session (HouseKeeper.java:stopScavenging(149)) - node0 Stopped scavenging
2021-01-06 16:47:47,674 [Listener at 0.0.0.0/43433] INFO  handler.ContextHandler (ContextHandler.java:doStop(1154)) - Stopped o.e.j.s.ServletContextHandler@4f427387{static,/static,file:///github/workspace/mnt/ozone/hadoop-ozone/integration-test/target/test-classes/webapps/static,STOPPED}
2021-01-06 16:47:47,674 [Listener at 0.0.0.0/43433] INFO  handler.ContextHandler (ContextHandler.java:doStop(1154)) - Stopped o.e.j.s.ServletContextHandler@7465cdb6{logs,/logs,file:///github/workspace/mnt/ozone/hadoop-ozone/integration-test/target/log,STOPPED}
2021-01-06 16:47:47,676 [Listener at 0.0.0.0/43433] INFO  ozone.MiniOzoneClusterImpl (MiniOzoneClusterImpl.java:stopDatanodes(463)) - Stopping the HddsDatanodes
2021-01-06 16:47:48,562 [Datanode State Machine Thread - 0] INFO  statemachine.DatanodeStateMachine (DatanodeStateMachine.java:lambda$startDaemon$0(408)) - Ozone container server started.
2021-01-06 16:47:48,562 [ForkJoinPool.commonPool-worker-0] INFO  ozoneimpl.OzoneContainer (OzoneContainer.java:stop(273)) - Attempting to stop container services.
2021-01-06 16:47:48,563 [ForkJoinPool.commonPool-worker-0] INFO  server.RaftServer (RaftServerProxy.java:lambda$close$6(387)) - 19774229-10ce-45d0-998c-3d7b10d140bf: close
2021-01-06 16:47:48,563 [ForkJoinPool.commonPool-worker-0] INFO  server.RaftServer$Division (RaftServerImpl.java:lambda$close$4(397)) - 19774229-10ce-45d0-998c-3d7b10d140bf@group-DC2535FDF54B: shutdown
2021-01-06 16:47:48,563 [ForkJoinPool.commonPool-worker-0] INFO  util.JmxRegister (JmxRegister.java:unregister(73)) - Successfully un-registered JMX Bean with object name Ratis:service=RaftServer,group=group-DC2535FDF54B,id=19774229-10ce-45d0-998c-3d7b10d140bf
2021-01-06 16:47:48,563 [ForkJoinPool.commonPool-worker-0] INFO  impl.RoleInfo (RoleInfo.java:shutdownLeaderState(91)) - 19774229-10ce-45d0-998c-3d7b10d140bf: shutdown 19774229-10ce-45d0-998c-3d7b10d140bf@group-DC2535FDF54B-LeaderStateImpl
2021-01-06 16:47:48,563 [ForkJoinPool.commonPool-worker-0] INFO  impl.PendingRequests (PendingRequests.java:sendNotLeaderResponses(249)) - 19774229-10ce-45d0-998c-3d7b10d140bf@group-DC2535FDF54B-PendingRequests: sendNotLeaderResponses
2021-01-06 16:47:48,563 [ForkJoinPool.commonPool-worker-0] INFO  metrics.RatisMetrics (RatisMetrics.java:unregister(43)) - Unregistering Metrics Registry : ratis.log_appender.19774229-10ce-45d0-998c-3d7b10d140bf@group-DC2535FDF54B
2021-01-06 16:47:48,563 [ForkJoinPool.commonPool-worker-0] INFO  metrics.RatisMetrics (RatisMetrics.java:unregister(43)) - Unregistering Metrics Registry : ratis.server.19774229-10ce-45d0-998c-3d7b10d140bf@group-DC2535FDF54B
2021-01-06 16:47:48,565 [ForkJoinPool.commonPool-worker-0] INFO  impl.StateMachineUpdater (StateMachineUpdater.java:stopAndJoin(148)) - 19774229-10ce-45d0-998c-3d7b10d140bf@group-DC2535FDF54B-StateMachineUpdater: set stopIndex = 0
2021-01-06 16:47:48,565 [19774229-10ce-45d0-998c-3d7b10d140bf@group-DC2535FDF54B-StateMachineUpdater] INFO  ratis.ContainerStateMachine (ContainerStateMachine.java:takeSnapshot(291)) - group-DC2535FDF54B: Taking a snapshot at:(t:1, i:0) file /github/workspace/mnt/ozone/hadoop-ozone/integration-test/target/test-dir/MiniOzoneClusterImpl-1d43af91-9f82-444b-8964-eb6d4844fd62/datanode-1/data/ratis/a212c06b-7d86-4791-843d-dc2535fdf54b/sm/snapshot.1_0
2021-01-06 16:47:48,566 [19774229-10ce-45d0-998c-3d7b10d140bf@group-DC2535FDF54B-StateMachineUpdater] INFO  ratis.ContainerStateMachine (ContainerStateMachine.java:takeSnapshot(302)) - group-DC2535FDF54B: Finished taking a snapshot at:(t:1, i:0) file:/github/workspace/mnt/ozone/hadoop-ozone/integration-test/target/test-dir/MiniOzoneClusterImpl-1d43af91-9f82-444b-8964-eb6d4844fd62/datanode-1/data/ratis/a212c06b-7d86-4791-843d-dc2535fdf54b/sm/snapshot.1_0 took: 1 ms
2021-01-06 16:47:48,566 [19774229-10ce-45d0-998c-3d7b10d140bf@group-DC2535FDF54B-StateMachineUpdater] INFO  impl.StateMachineUpdater (StateMachineUpdater.java:takeSnapshot(279)) - 19774229-10ce-45d0-998c-3d7b10d140bf@group-DC2535FDF54B-StateMachineUpdater: Took a snapshot at index 0
2021-01-06 16:47:48,566 [19774229-10ce-45d0-998c-3d7b10d140bf@group-DC2535FDF54B-StateMachineUpdater] INFO  impl.StateMachineUpdater (StateMachineUpdater.java:lambda$new$0(88)) - 19774229-10ce-45d0-998c-3d7b10d140bf@group-DC2535FDF54B-StateMachineUpdater: snapshotIndex: updateIncreasingly -1 -> 0
2021-01-06 16:47:48,566 [19774229-10ce-45d0-998c-3d7b10d140bf@group-DC2535FDF54B-StateMachineUpdater] INFO  metrics.RatisMetrics (RatisMetrics.java:unregister(43)) - Unregistering Metrics Registry : ratis.state_machine.19774229-10ce-45d0-998c-3d7b10d140bf@group-DC2535FDF54B
2021-01-06 16:47:48,566 [ForkJoinPool.commonPool-worker-0] INFO  server.RaftServer$Division (ServerState.java:close(406)) - 19774229-10ce-45d0-998c-3d7b10d140bf@group-DC2535FDF54B: closes. applyIndex: 0
2021-01-06 16:47:48,566 [19774229-10ce-45d0-998c-3d7b10d140bf@group-DC2535FDF54B-SegmentedRaftLogWorker] INFO  segmented.SegmentedRaftLogWorker (SegmentedRaftLogWorker.java:run(326)) - 19774229-10ce-45d0-998c-3d7b10d140bf@group-DC2535FDF54B-SegmentedRaftLogWorker was interrupted, exiting. There are 0 tasks remaining in the queue.
2021-01-06 16:47:48,566 [ForkJoinPool.commonPool-worker-0] INFO  segmented.SegmentedRaftLogWorker (SegmentedRaftLogWorker.java:close(236)) - 19774229-10ce-45d0-998c-3d7b10d140bf@group-DC2535FDF54B-SegmentedRaftLogWorker close()
2021-01-06 16:47:48,567 [ForkJoinPool.commonPool-worker-0] INFO  metrics.RatisMetrics (RatisMetrics.java:unregister(43)) - Unregistering Metrics Registry : ratis.log_worker.19774229-10ce-45d0-998c-3d7b10d140bf@group-DC2535FDF54B
2021-01-06 16:47:48,567 [ForkJoinPool.commonPool-worker-0] INFO  metrics.RatisMetrics (RatisMetrics.java:unregister(43)) - Unregistering Metrics Registry : ratis.leader_election.19774229-10ce-45d0-998c-3d7b10d140bf@group-DC2535FDF54B
2021-01-06 16:47:48,567 [ForkJoinPool.commonPool-worker-0] INFO  metrics.RatisMetrics (RatisMetrics.java:unregister(43)) - Unregistering Metrics Registry : ratis.server.19774229-10ce-45d0-998c-3d7b10d140bf@group-DC2535FDF54B
2021-01-06 16:47:48,568 [ForkJoinPool.commonPool-worker-0] INFO  server.RaftServer$Division (RaftServerImpl.java:lambda$close$4(397)) - 19774229-10ce-45d0-998c-3d7b10d140bf@group-A17707E7B4E1: shutdown
2021-01-06 16:47:48,568 [ForkJoinPool.commonPool-worker-0] INFO  util.JmxRegister (JmxRegister.java:unregister(73)) - Successfully un-registered JMX Bean with object name Ratis:service=RaftServer,group=group-A17707E7B4E1,id=19774229-10ce-45d0-998c-3d7b10d140bf
2021-01-06 16:47:48,568 [ForkJoinPool.commonPool-worker-0] INFO  impl.RoleInfo (RoleInfo.java:shutdownLeaderState(91)) - 19774229-10ce-45d0-998c-3d7b10d140bf: shutdown 19774229-10ce-45d0-998c-3d7b10d140bf@group-A17707E7B4E1-LeaderStateImpl
2021-01-06 16:47:48,568 [ForkJoinPool.commonPool-worker-0] INFO  metrics.RatisMetrics (RatisMetrics.java:unregister(43)) - Unregistering Metrics Registry : ratis_grpc.log_appender.19774229-10ce-45d0-998c-3d7b10d140bf@group-A17707E7B4E1
2021-01-06 16:47:48,568 [ForkJoinPool.commonPool-worker-0] INFO  metrics.RatisMetrics (RatisMetrics.java:unregister(43)) - Unregistering Metrics Registry : ratis_grpc.log_appender.19774229-10ce-45d0-998c-3d7b10d140bf@group-A17707E7B4E1
2021-01-06 16:47:48,568 [19774229-10ce-45d0-998c-3d7b10d140bf@group-A17707E7B4E1->8f97a4d4-5267-458d-aa6e-fd0ac821c306-GrpcLogAppender-LogAppenderDaemon] WARN  server.GrpcLogAppender (GrpcLogAppender.java:mayWait(174)) - 19774229-10ce-45d0-998c-3d7b10d140bf@group-A17707E7B4E1->8f97a4d4-5267-458d-aa6e-fd0ac821c306-GrpcLogAppender: Wait interrupted by java.lang.InterruptedException
2021-01-06 16:47:48,568 [19774229-10ce-45d0-998c-3d7b10d140bf@group-A17707E7B4E1->758eb975-c749-4165-9bd9-81389eee020b-GrpcLogAppender-LogAppenderDaemon] WARN  server.GrpcLogAppender (GrpcLogAppender.java:mayWait(174)) - 19774229-10ce-45d0-998c-3d7b10d140bf@group-A17707E7B4E1->758eb975-c749-4165-9bd9-81389eee020b-GrpcLogAppender: Wait interrupted by java.lang.InterruptedException
2021-01-06 16:47:48,568 [grpc-default-executor-2] INFO  server.GrpcServerProtocolService (GrpcServerProtocolService.java:onCompleted(138)) - 8f97a4d4-5267-458d-aa6e-fd0ac821c306: Completed APPEND_ENTRIES, lastRequest: 19774229-10ce-45d0-998c-3d7b10d140bf->8f97a4d4-5267-458d-aa6e-fd0ac821c306#731-t1,previous=(t:1, i:50),leaderCommit=49,initializing? true,entries: size=1, first=(t:1, i:51), METADATAENTRY(c:49)
2021-01-06 16:47:48,569 [grpc-default-executor-3] INFO  server.GrpcServerProtocolService (GrpcServerProtocolService.java:onCompleted(138)) - 758eb975-c749-4165-9bd9-81389eee020b: Completed APPEND_ENTRIES, lastRequest: 19774229-10ce-45d0-998c-3d7b10d140bf->758eb975-c749-4165-9bd9-81389eee020b#723-t1,previous=(t:1, i:50),leaderCommit=49,initializing? true,entries: size=1, first=(t:1, i:51), METADATAENTRY(c:49)
2021-01-06 16:47:48,568 [ForkJoinPool.commonPool-worker-0] INFO  impl.PendingRequests (PendingRequests.java:sendNotLeaderResponses(249)) - 19774229-10ce-45d0-998c-3d7b10d140bf@group-A17707E7B4E1-PendingRequests: sendNotLeaderResponses
2021-01-06 16:47:48,570 [Datanode State Machine Thread - 0] INFO  statemachine.DatanodeStateMachine (DatanodeStateMachine.java:lambda$startDaemon$0(408)) - Ozone container server started.
2021-01-06 16:47:48,572 [grpc-default-executor-5] INFO  server.GrpcLogAppender (GrpcLogAppender.java:onCompleted(343)) - 19774229-10ce-45d0-998c-3d7b10d140bf@group-A17707E7B4E1->8f97a4d4-5267-458d-aa6e-fd0ac821c306-AppendLogResponseHandler: follower responses appendEntries COMPLETED
2021-01-06 16:47:48,572 [grpc-default-executor-5] INFO  leader.FollowerInfo (FollowerInfoImpl.java:lambda$new$0(46)) - 19774229-10ce-45d0-998c-3d7b10d140bf@group-A17707E7B4E1->8f97a4d4-5267-458d-aa6e-fd0ac821c306: nextIndex: updateUnconditionally 52 -> 51
2021-01-06 16:47:48,572 [grpc-default-executor-2] INFO  server.GrpcLogAppender (GrpcLogAppender.java:onCompleted(343)) - 19774229-10ce-45d0-998c-3d7b10d140bf@group-A17707E7B4E1->758eb975-c749-4165-9bd9-81389eee020b-AppendLogResponseHandler: follower responses appendEntries COMPLETED
2021-01-06 16:47:48,572 [grpc-default-executor-2] INFO  leader.FollowerInfo (FollowerInfoImpl.java:lambda$new$0(46)) - 19774229-10ce-45d0-998c-3d7b10d140bf@group-A17707E7B4E1->758eb975-c749-4165-9bd9-81389eee020b: nextIndex: updateUnconditionally 52 -> 51
2021-01-06 16:47:48,572 [ForkJoinPool.commonPool-worker-0] INFO  metrics.RatisMetrics (RatisMetrics.java:unregister(43)) - Unregistering Metrics Registry : ratis.log_appender.19774229-10ce-45d0-998c-3d7b10d140bf@group-A17707E7B4E1
2021-01-06 16:47:48,573 [ForkJoinPool.commonPool-worker-0] INFO  metrics.RatisMetrics (RatisMetrics.java:unregister(43)) - Unregistering Metrics Registry : ratis.server.19774229-10ce-45d0-998c-3d7b10d140bf@group-A17707E7B4E1
2021-01-06 16:47:48,573 [ReplicationMonitor] INFO  container.ReplicationManager (ReplicationManager.java:run(250)) - Replication Monitor Thread took 0 milliseconds for processing 4 containers.
2021-01-06 16:47:48,574 [ForkJoinPool.commonPool-worker-0] INFO  impl.StateMachineUpdater (StateMachineUpdater.java:stopAndJoin(148)) - 19774229-10ce-45d0-998c-3d7b10d140bf@group-A17707E7B4E1-StateMachineUpdater: set stopIndex = 51
2021-01-06 16:47:48,576 [19774229-10ce-45d0-998c-3d7b10d140bf@group-A17707E7B4E1-StateMachineUpdater] INFO  ratis.ContainerStateMachine (ContainerStateMachine.java:takeSnapshot(291)) - group-A17707E7B4E1: Taking a snapshot at:(t:1, i:51) file /github/workspace/mnt/ozone/hadoop-ozone/integration-test/target/test-dir/MiniOzoneClusterImpl-1d43af91-9f82-444b-8964-eb6d4844fd62/datanode-1/data/ratis/16646e2e-6ae2-4294-975f-a17707e7b4e1/sm/snapshot.1_51
2021-01-06 16:47:48,577 [19774229-10ce-45d0-998c-3d7b10d140bf@group-A17707E7B4E1-StateMachineUpdater] INFO  ratis.ContainerStateMachine (ContainerStateMachine.java:takeSnapshot(302)) - group-A17707E7B4E1: Finished taking a snapshot at:(t:1, i:51) file:/github/workspace/mnt/ozone/hadoop-ozone/integration-test/target/test-dir/MiniOzoneClusterImpl-1d43af91-9f82-444b-8964-eb6d4844fd62/datanode-1/data/ratis/16646e2e-6ae2-4294-975f-a17707e7b4e1/sm/snapshot.1_51 took: 0 ms
2021-01-06 16:47:48,577 [19774229-10ce-45d0-998c-3d7b10d140bf@group-A17707E7B4E1-StateMachineUpdater] INFO  impl.StateMachineUpdater (StateMachineUpdater.java:takeSnapshot(279)) - 19774229-10ce-45d0-998c-3d7b10d140bf@group-A17707E7B4E1-StateMachineUpdater: Took a snapshot at index 51
2021-01-06 16:47:48,577 [19774229-10ce-45d0-998c-3d7b10d140bf@group-A17707E7B4E1-StateMachineUpdater] INFO  impl.StateMachineUpdater (StateMachineUpdater.java:lambda$new$0(88)) - 19774229-10ce-45d0-998c-3d7b10d140bf@group-A17707E7B4E1-StateMachineUpdater: snapshotIndex: updateIncreasingly -1 -> 51
2021-01-06 16:47:48,577 [19774229-10ce-45d0-998c-3d7b10d140bf@group-A17707E7B4E1-StateMachineUpdater] INFO  metrics.RatisMetrics (RatisMetrics.java:unregister(43)) - Unregistering Metrics Registry : ratis.state_machine.19774229-10ce-45d0-998c-3d7b10d140bf@group-A17707E7B4E1
2021-01-06 16:47:48,577 [ForkJoinPool.commonPool-worker-0] INFO  server.RaftServer$Division (ServerState.java:close(406)) - 19774229-10ce-45d0-998c-3d7b10d140bf@group-A17707E7B4E1: closes. applyIndex: 51
2021-01-06 16:47:48,577 [19774229-10ce-45d0-998c-3d7b10d140bf@group-A17707E7B4E1-SegmentedRaftLogWorker] INFO  segmented.SegmentedRaftLogWorker (SegmentedRaftLogWorker.java:run(326)) - 19774229-10ce-45d0-998c-3d7b10d140bf@group-A17707E7B4E1-SegmentedRaftLogWorker was interrupted, exiting. There are 0 tasks remaining in the queue.
2021-01-06 16:47:48,578 [ForkJoinPool.commonPool-worker-0] INFO  segmented.SegmentedRaftLogWorker (SegmentedRaftLogWorker.java:close(236)) - 19774229-10ce-45d0-998c-3d7b10d140bf@group-A17707E7B4E1-SegmentedRaftLogWorker close()
2021-01-06 16:47:48,578 [ForkJoinPool.commonPool-worker-0] INFO  metrics.RatisMetrics (RatisMetrics.java:unregister(43)) - Unregistering Metrics Registry : ratis.log_worker.19774229-10ce-45d0-998c-3d7b10d140bf@group-A17707E7B4E1
2021-01-06 16:47:48,578 [ForkJoinPool.commonPool-worker-0] INFO  metrics.RatisMetrics (RatisMetrics.java:unregister(43)) - Unregistering Metrics Registry : ratis.leader_election.19774229-10ce-45d0-998c-3d7b10d140bf@group-A17707E7B4E1
2021-01-06 16:47:48,579 [ForkJoinPool.commonPool-worker-0] INFO  metrics.RatisMetrics (RatisMetrics.java:unregister(43)) - Unregistering Metrics Registry : ratis.server.19774229-10ce-45d0-998c-3d7b10d140bf@group-A17707E7B4E1
2021-01-06 16:47:48,579 [ForkJoinPool.commonPool-worker-0] INFO  server.GrpcService (GrpcService.java:closeImpl(184)) - 19774229-10ce-45d0-998c-3d7b10d140bf: shutdown server with port 41183 now
2021-01-06 16:47:48,592 [grpc-default-executor-3] WARN  client.GrpcClientProtocolService (LogUtils.java:warn(122)) - 1-UnorderedRequestStreamObserver1: onError: org.apache.ratis.thirdparty.io.grpc.StatusRuntimeException: CANCELLED: cancelled before receiving half close
2021-01-06 16:47:48,595 [ForkJoinPool.commonPool-worker-0] INFO  server.GrpcService (GrpcService.java:closeImpl(193)) - 19774229-10ce-45d0-998c-3d7b10d140bf: shutdown server with port 41183 successfully
2021-01-06 16:47:48,595 [org.apache.ratis.util.JvmPauseMonitor$$Lambda$222/475300883@202f1ada] INFO  util.JvmPauseMonitor (JvmPauseMonitor.java:run(109)) - JvmPauseMonitor-19774229-10ce-45d0-998c-3d7b10d140bf: Stopped
2021-01-06 16:47:48,602 [ForkJoinPool.commonPool-worker-0] INFO  utils.BackgroundService (BackgroundService.java:shutdown(132)) - Shutting down service BlockDeletingService
2021-01-06 16:47:48,602 [ForkJoinPool.commonPool-worker-0] INFO  statemachine.DatanodeStateMachine (DatanodeStateMachine.java:stopDaemon(461)) - Ozone container server stopped.
2021-01-06 16:47:48,617 [ForkJoinPool.commonPool-worker-0] INFO  handler.ContextHandler (ContextHandler.java:doStop(1154)) - Stopped o.e.j.w.WebAppContext@7defd5f5{hddsDatanode,/,null,STOPPED}{jar:file:/home/user/.m2/repository/org/apache/hadoop/hadoop-hdds-container-service/1.1.0-SNAPSHOT/hadoop-hdds-container-service-1.1.0-SNAPSHOT.jar!/webapps/hddsDatanode}
2021-01-06 16:47:48,618 [ForkJoinPool.commonPool-worker-0] INFO  server.AbstractConnector (AbstractConnector.java:doStop(381)) - Stopped ServerConnector@792b2318{HTTP/1.1, (http/1.1)}{0.0.0.0:0}
2021-01-06 16:47:48,618 [ForkJoinPool.commonPool-worker-0] INFO  server.session (HouseKeeper.java:stopScavenging(149)) - node0 Stopped scavenging
2021-01-06 16:47:48,619 [ForkJoinPool.commonPool-worker-0] INFO  handler.ContextHandler (ContextHandler.java:doStop(1154)) - Stopped o.e.j.s.ServletContextHandler@66c0a115{static,/static,jar:file:/home/user/.m2/repository/org/apache/hadoop/hadoop-hdds-container-service/1.1.0-SNAPSHOT/hadoop-hdds-container-service-1.1.0-SNAPSHOT.jar!/webapps/static,STOPPED}
2021-01-06 16:47:48,620 [ForkJoinPool.commonPool-worker-0] INFO  handler.ContextHandler (ContextHandler.java:doStop(1154)) - Stopped o.e.j.s.ServletContextHandler@23c424c6{logs,/logs,file:///github/workspace/mnt/ozone/hadoop-ozone/integration-test/target/log,STOPPED}
2021-01-06 16:47:49,167 [Listener at 0.0.0.0/43433] INFO  ozoneimpl.OzoneContainer (OzoneContainer.java:stop(273)) - Attempting to stop container services.
2021-01-06 16:47:49,168 [Listener at 0.0.0.0/43433] INFO  server.RaftServer (RaftServerProxy.java:lambda$close$6(387)) - b260e4ee-445a-4422-8fbe-3a6caa0392e6: close
2021-01-06 16:47:49,168 [Listener at 0.0.0.0/43433] INFO  server.RaftServer$Division (RaftServerImpl.java:lambda$close$4(397)) - b260e4ee-445a-4422-8fbe-3a6caa0392e6@group-763C3359D237: shutdown
2021-01-06 16:47:49,168 [Listener at 0.0.0.0/43433] INFO  util.JmxRegister (JmxRegister.java:unregister(73)) - Successfully un-registered JMX Bean with object name Ratis:service=RaftServer,group=group-763C3359D237,id=b260e4ee-445a-4422-8fbe-3a6caa0392e6
2021-01-06 16:47:49,169 [Listener at 0.0.0.0/43433] INFO  impl.RoleInfo (RoleInfo.java:shutdownLeaderState(91)) - b260e4ee-445a-4422-8fbe-3a6caa0392e6: shutdown b260e4ee-445a-4422-8fbe-3a6caa0392e6@group-763C3359D237-LeaderStateImpl
2021-01-06 16:47:49,169 [Listener at 0.0.0.0/43433] INFO  impl.PendingRequests (PendingRequests.java:sendNotLeaderResponses(249)) - b260e4ee-445a-4422-8fbe-3a6caa0392e6@group-763C3359D237-PendingRequests: sendNotLeaderResponses
2021-01-06 16:47:49,169 [Listener at 0.0.0.0/43433] INFO  metrics.RatisMetrics (RatisMetrics.java:unregister(43)) - Unregistering Metrics Registry : ratis.log_appender.b260e4ee-445a-4422-8fbe-3a6caa0392e6@group-763C3359D237
2021-01-06 16:47:49,169 [Listener at 0.0.0.0/43433] INFO  metrics.RatisMetrics (RatisMetrics.java:unregister(43)) - Unregistering Metrics Registry : ratis.server.b260e4ee-445a-4422-8fbe-3a6caa0392e6@group-763C3359D237
2021-01-06 16:47:49,170 [Listener at 0.0.0.0/43433] INFO  impl.StateMachineUpdater (StateMachineUpdater.java:stopAndJoin(148)) - b260e4ee-445a-4422-8fbe-3a6caa0392e6@group-763C3359D237-StateMachineUpdater: set stopIndex = 0
2021-01-06 16:47:49,171 [b260e4ee-445a-4422-8fbe-3a6caa0392e6@group-763C3359D237-StateMachineUpdater] INFO  ratis.ContainerStateMachine (ContainerStateMachine.java:takeSnapshot(291)) - group-763C3359D237: Taking a snapshot at:(t:1, i:0) file /github/workspace/mnt/ozone/hadoop-ozone/integration-test/target/test-dir/MiniOzoneClusterImpl-1d43af91-9f82-444b-8964-eb6d4844fd62/datanode-3/data/ratis/d9736a8a-7773-40e9-b5bd-763c3359d237/sm/snapshot.1_0
2021-01-06 16:47:49,172 [b260e4ee-445a-4422-8fbe-3a6caa0392e6@group-763C3359D237-StateMachineUpdater] INFO  ratis.ContainerStateMachine (ContainerStateMachine.java:takeSnapshot(302)) - group-763C3359D237: Finished taking a snapshot at:(t:1, i:0) file:/github/workspace/mnt/ozone/hadoop-ozone/integration-test/target/test-dir/MiniOzoneClusterImpl-1d43af91-9f82-444b-8964-eb6d4844fd62/datanode-3/data/ratis/d9736a8a-7773-40e9-b5bd-763c3359d237/sm/snapshot.1_0 took: 1 ms
2021-01-06 16:47:49,172 [b260e4ee-445a-4422-8fbe-3a6caa0392e6@group-763C3359D237-StateMachineUpdater] INFO  impl.StateMachineUpdater (StateMachineUpdater.java:takeSnapshot(279)) - b260e4ee-445a-4422-8fbe-3a6caa0392e6@group-763C3359D237-StateMachineUpdater: Took a snapshot at index 0
2021-01-06 16:47:49,172 [b260e4ee-445a-4422-8fbe-3a6caa0392e6@group-763C3359D237-StateMachineUpdater] INFO  impl.StateMachineUpdater (StateMachineUpdater.java:lambda$new$0(88)) - b260e4ee-445a-4422-8fbe-3a6caa0392e6@group-763C3359D237-StateMachineUpdater: snapshotIndex: updateIncreasingly -1 -> 0
2021-01-06 16:47:49,172 [b260e4ee-445a-4422-8fbe-3a6caa0392e6@group-763C3359D237-StateMachineUpdater] INFO  metrics.RatisMetrics (RatisMetrics.java:unregister(43)) - Unregistering Metrics Registry : ratis.state_machine.b260e4ee-445a-4422-8fbe-3a6caa0392e6@group-763C3359D237
2021-01-06 16:47:49,172 [Listener at 0.0.0.0/43433] INFO  server.RaftServer$Division (ServerState.java:close(406)) - b260e4ee-445a-4422-8fbe-3a6caa0392e6@group-763C3359D237: closes. applyIndex: 0
2021-01-06 16:47:49,172 [b260e4ee-445a-4422-8fbe-3a6caa0392e6@group-763C3359D237-SegmentedRaftLogWorker] INFO  segmented.SegmentedRaftLogWorker (SegmentedRaftLogWorker.java:run(326)) - b260e4ee-445a-4422-8fbe-3a6caa0392e6@group-763C3359D237-SegmentedRaftLogWorker was interrupted, exiting. There are 0 tasks remaining in the queue.
2021-01-06 16:47:49,172 [Listener at 0.0.0.0/43433] INFO  segmented.SegmentedRaftLogWorker (SegmentedRaftLogWorker.java:close(236)) - b260e4ee-445a-4422-8fbe-3a6caa0392e6@group-763C3359D237-SegmentedRaftLogWorker close()
2021-01-06 16:47:49,173 [Listener at 0.0.0.0/43433] INFO  metrics.RatisMetrics (RatisMetrics.java:unregister(43)) - Unregistering Metrics Registry : ratis.log_worker.b260e4ee-445a-4422-8fbe-3a6caa0392e6@group-763C3359D237
2021-01-06 16:47:49,174 [Listener at 0.0.0.0/43433] INFO  metrics.RatisMetrics (RatisMetrics.java:unregister(43)) - Unregistering Metrics Registry : ratis.leader_election.b260e4ee-445a-4422-8fbe-3a6caa0392e6@group-763C3359D237
2021-01-06 16:47:49,174 [Listener at 0.0.0.0/43433] INFO  metrics.RatisMetrics (RatisMetrics.java:unregister(43)) - Unregistering Metrics Registry : ratis.server.b260e4ee-445a-4422-8fbe-3a6caa0392e6@group-763C3359D237
2021-01-06 16:47:49,174 [Listener at 0.0.0.0/43433] INFO  server.GrpcService (GrpcService.java:closeImpl(184)) - b260e4ee-445a-4422-8fbe-3a6caa0392e6: shutdown server with port 45581 now
2021-01-06 16:47:49,176 [grpc-default-executor-3] WARN  client.GrpcClientProtocolService (LogUtils.java:warn(122)) - 1-UnorderedRequestStreamObserver1: onError: org.apache.ratis.thirdparty.io.grpc.StatusRuntimeException: CANCELLED: cancelled before receiving half close
2021-01-06 16:47:49,179 [Listener at 0.0.0.0/43433] INFO  server.GrpcService (GrpcService.java:closeImpl(193)) - b260e4ee-445a-4422-8fbe-3a6caa0392e6: shutdown server with port 45581 successfully
2021-01-06 16:47:49,179 [org.apache.ratis.util.JvmPauseMonitor$$Lambda$222/475300883@54ab1c] INFO  util.JvmPauseMonitor (JvmPauseMonitor.java:run(109)) - JvmPauseMonitor-b260e4ee-445a-4422-8fbe-3a6caa0392e6: Stopped
2021-01-06 16:47:49,180 [Listener at 0.0.0.0/43433] INFO  utils.BackgroundService (BackgroundService.java:shutdown(132)) - Shutting down service BlockDeletingService
2021-01-06 16:47:49,180 [Listener at 0.0.0.0/43433] INFO  statemachine.DatanodeStateMachine (DatanodeStateMachine.java:stopDaemon(461)) - Ozone container server stopped.
2021-01-06 16:47:49,188 [Listener at 0.0.0.0/43433] INFO  handler.ContextHandler (ContextHandler.java:doStop(1154)) - Stopped o.e.j.w.WebAppContext@5bc369e8{hddsDatanode,/,null,STOPPED}{jar:file:/home/user/.m2/repository/org/apache/hadoop/hadoop-hdds-container-service/1.1.0-SNAPSHOT/hadoop-hdds-container-service-1.1.0-SNAPSHOT.jar!/webapps/hddsDatanode}
2021-01-06 16:47:49,188 [Listener at 0.0.0.0/43433] INFO  server.AbstractConnector (AbstractConnector.java:doStop(381)) - Stopped ServerConnector@53f04a20{HTTP/1.1, (http/1.1)}{0.0.0.0:0}
2021-01-06 16:47:49,188 [Listener at 0.0.0.0/43433] INFO  server.session (HouseKeeper.java:stopScavenging(149)) - node0 Stopped scavenging
2021-01-06 16:47:49,189 [Listener at 0.0.0.0/43433] INFO  handler.ContextHandler (ContextHandler.java:doStop(1154)) - Stopped o.e.j.s.ServletContextHandler@3edb7be5{static,/static,jar:file:/home/user/.m2/repository/org/apache/hadoop/hadoop-hdds-container-service/1.1.0-SNAPSHOT/hadoop-hdds-container-service-1.1.0-SNAPSHOT.jar!/webapps/static,STOPPED}
2021-01-06 16:47:49,189 [Listener at 0.0.0.0/43433] INFO  handler.ContextHandler (ContextHandler.java:doStop(1154)) - Stopped o.e.j.s.ServletContextHandler@20d4fdff{logs,/logs,file:///github/workspace/mnt/ozone/hadoop-ozone/integration-test/target/log,STOPPED}
2021-01-06 16:47:49,456 [Datanode State Machine Thread - 0] INFO  statemachine.DatanodeStateMachine (DatanodeStateMachine.java:lambda$startDaemon$0(408)) - Ozone container server started.
2021-01-06 16:47:49,499 [Datanode State Machine Thread - 0] INFO  statemachine.DatanodeStateMachine (DatanodeStateMachine.java:lambda$startDaemon$0(408)) - Ozone container server started.
2021-01-06 16:47:49,499 [ForkJoinPool.commonPool-worker-0] INFO  ozoneimpl.OzoneContainer (OzoneContainer.java:stop(273)) - Attempting to stop container services.
2021-01-06 16:47:49,499 [ForkJoinPool.commonPool-worker-0] INFO  server.RaftServer (RaftServerProxy.java:lambda$close$6(387)) - 8f97a4d4-5267-458d-aa6e-fd0ac821c306: close
2021-01-06 16:47:49,499 [ForkJoinPool.commonPool-worker-0] INFO  server.RaftServer$Division (RaftServerImpl.java:lambda$close$4(397)) - 8f97a4d4-5267-458d-aa6e-fd0ac821c306@group-A17707E7B4E1: shutdown
2021-01-06 16:47:49,500 [ForkJoinPool.commonPool-worker-0] INFO  util.JmxRegister (JmxRegister.java:unregister(73)) - Successfully un-registered JMX Bean with object name Ratis:service=RaftServer,group=group-A17707E7B4E1,id=8f97a4d4-5267-458d-aa6e-fd0ac821c306
2021-01-06 16:47:49,500 [ForkJoinPool.commonPool-worker-0] INFO  impl.RoleInfo (RoleInfo.java:shutdownFollowerState(108)) - 8f97a4d4-5267-458d-aa6e-fd0ac821c306: shutdown 8f97a4d4-5267-458d-aa6e-fd0ac821c306@group-A17707E7B4E1-FollowerState
2021-01-06 16:47:49,500 [ForkJoinPool.commonPool-worker-0] INFO  impl.StateMachineUpdater (StateMachineUpdater.java:stopAndJoin(148)) - 8f97a4d4-5267-458d-aa6e-fd0ac821c306@group-A17707E7B4E1-StateMachineUpdater: set stopIndex = 51
2021-01-06 16:47:49,500 [8f97a4d4-5267-458d-aa6e-fd0ac821c306@group-A17707E7B4E1-StateMachineUpdater] INFO  ratis.ContainerStateMachine (ContainerStateMachine.java:takeSnapshot(291)) - group-A17707E7B4E1: Taking a snapshot at:(t:1, i:51) file /github/workspace/mnt/ozone/hadoop-ozone/integration-test/target/test-dir/MiniOzoneClusterImpl-1d43af91-9f82-444b-8964-eb6d4844fd62/datanode-2/data/ratis/16646e2e-6ae2-4294-975f-a17707e7b4e1/sm/snapshot.1_51
2021-01-06 16:47:49,500 [Thread-4426] INFO  impl.FollowerState (FollowerState.java:run(142)) - 8f97a4d4-5267-458d-aa6e-fd0ac821c306@group-A17707E7B4E1-FollowerState was interrupted: {}
java.lang.InterruptedException: sleep interrupted
	at java.lang.Thread.sleep(Native Method)
	at java.lang.Thread.sleep(Thread.java:340)
	at java.util.concurrent.TimeUnit.sleep(TimeUnit.java:386)
	at org.apache.ratis.util.TimeDuration.sleep(TimeDuration.java:319)
	at org.apache.ratis.util.TimeDuration.sleep(TimeDuration.java:304)
	at org.apache.ratis.server.impl.FollowerState.run(FollowerState.java:117)
2021-01-06 16:47:49,503 [8f97a4d4-5267-458d-aa6e-fd0ac821c306@group-A17707E7B4E1-StateMachineUpdater] INFO  ratis.ContainerStateMachine (ContainerStateMachine.java:takeSnapshot(302)) - group-A17707E7B4E1: Finished taking a snapshot at:(t:1, i:51) file:/github/workspace/mnt/ozone/hadoop-ozone/integration-test/target/test-dir/MiniOzoneClusterImpl-1d43af91-9f82-444b-8964-eb6d4844fd62/datanode-2/data/ratis/16646e2e-6ae2-4294-975f-a17707e7b4e1/sm/snapshot.1_51 took: 2 ms
2021-01-06 16:47:49,503 [8f97a4d4-5267-458d-aa6e-fd0ac821c306@group-A17707E7B4E1-StateMachineUpdater] INFO  impl.StateMachineUpdater (StateMachineUpdater.java:takeSnapshot(279)) - 8f97a4d4-5267-458d-aa6e-fd0ac821c306@group-A17707E7B4E1-StateMachineUpdater: Took a snapshot at index 51
2021-01-06 16:47:49,503 [8f97a4d4-5267-458d-aa6e-fd0ac821c306@group-A17707E7B4E1-StateMachineUpdater] INFO  impl.StateMachineUpdater (StateMachineUpdater.java:lambda$new$0(88)) - 8f97a4d4-5267-458d-aa6e-fd0ac821c306@group-A17707E7B4E1-StateMachineUpdater: snapshotIndex: updateIncreasingly -1 -> 51
2021-01-06 16:47:49,503 [8f97a4d4-5267-458d-aa6e-fd0ac821c306@group-A17707E7B4E1-StateMachineUpdater] INFO  metrics.RatisMetrics (RatisMetrics.java:unregister(43)) - Unregistering Metrics Registry : ratis.state_machine.8f97a4d4-5267-458d-aa6e-fd0ac821c306@group-A17707E7B4E1
2021-01-06 16:47:49,503 [ForkJoinPool.commonPool-worker-0] INFO  server.RaftServer$Division (ServerState.java:close(406)) - 8f97a4d4-5267-458d-aa6e-fd0ac821c306@group-A17707E7B4E1: closes. applyIndex: 51
2021-01-06 16:47:49,504 [8f97a4d4-5267-458d-aa6e-fd0ac821c306@group-A17707E7B4E1-SegmentedRaftLogWorker] INFO  segmented.SegmentedRaftLogWorker (SegmentedRaftLogWorker.java:run(326)) - 8f97a4d4-5267-458d-aa6e-fd0ac821c306@group-A17707E7B4E1-SegmentedRaftLogWorker was interrupted, exiting. There are 0 tasks remaining in the queue.
2021-01-06 16:47:49,504 [ForkJoinPool.commonPool-worker-0] INFO  segmented.SegmentedRaftLogWorker (SegmentedRaftLogWorker.java:close(236)) - 8f97a4d4-5267-458d-aa6e-fd0ac821c306@group-A17707E7B4E1-SegmentedRaftLogWorker close()
2021-01-06 16:47:49,506 [ForkJoinPool.commonPool-worker-0] INFO  metrics.RatisMetrics (RatisMetrics.java:unregister(43)) - Unregistering Metrics Registry : ratis.log_worker.8f97a4d4-5267-458d-aa6e-fd0ac821c306@group-A17707E7B4E1
2021-01-06 16:47:49,506 [ForkJoinPool.commonPool-worker-0] INFO  metrics.RatisMetrics (RatisMetrics.java:unregister(43)) - Unregistering Metrics Registry : ratis.leader_election.8f97a4d4-5267-458d-aa6e-fd0ac821c306@group-A17707E7B4E1
2021-01-06 16:47:49,506 [ForkJoinPool.commonPool-worker-0] INFO  metrics.RatisMetrics (RatisMetrics.java:unregister(43)) - Unregistering Metrics Registry : ratis.server.8f97a4d4-5267-458d-aa6e-fd0ac821c306@group-A17707E7B4E1
2021-01-06 16:47:49,506 [ForkJoinPool.commonPool-worker-0] INFO  server.RaftServer$Division (RaftServerImpl.java:lambda$close$4(397)) - 8f97a4d4-5267-458d-aa6e-fd0ac821c306@group-0537F8BE947E: shutdown
2021-01-06 16:47:49,506 [ForkJoinPool.commonPool-worker-0] INFO  util.JmxRegister (JmxRegister.java:unregister(73)) - Successfully un-registered JMX Bean with object name Ratis:service=RaftServer,group=group-0537F8BE947E,id=8f97a4d4-5267-458d-aa6e-fd0ac821c306
2021-01-06 16:47:49,506 [ForkJoinPool.commonPool-worker-0] INFO  impl.RoleInfo (RoleInfo.java:shutdownLeaderState(91)) - 8f97a4d4-5267-458d-aa6e-fd0ac821c306: shutdown 8f97a4d4-5267-458d-aa6e-fd0ac821c306@group-0537F8BE947E-LeaderStateImpl
2021-01-06 16:47:49,506 [ForkJoinPool.commonPool-worker-0] INFO  impl.PendingRequests (PendingRequests.java:sendNotLeaderResponses(249)) - 8f97a4d4-5267-458d-aa6e-fd0ac821c306@group-0537F8BE947E-PendingRequests: sendNotLeaderResponses
2021-01-06 16:47:49,506 [ForkJoinPool.commonPool-worker-0] INFO  metrics.RatisMetrics (RatisMetrics.java:unregister(43)) - Unregistering Metrics Registry : ratis.log_appender.8f97a4d4-5267-458d-aa6e-fd0ac821c306@group-0537F8BE947E
2021-01-06 16:47:49,506 [ForkJoinPool.commonPool-worker-0] INFO  metrics.RatisMetrics (RatisMetrics.java:unregister(43)) - Unregistering Metrics Registry : ratis.server.8f97a4d4-5267-458d-aa6e-fd0ac821c306@group-0537F8BE947E
2021-01-06 16:47:49,508 [8f97a4d4-5267-458d-aa6e-fd0ac821c306@group-0537F8BE947E-StateMachineUpdater] INFO  ratis.ContainerStateMachine (ContainerStateMachine.java:takeSnapshot(291)) - group-0537F8BE947E: Taking a snapshot at:(t:1, i:0) file /github/workspace/mnt/ozone/hadoop-ozone/integration-test/target/test-dir/MiniOzoneClusterImpl-1d43af91-9f82-444b-8964-eb6d4844fd62/datanode-2/data/ratis/fa843cdf-fd05-4d65-9232-0537f8be947e/sm/snapshot.1_0
2021-01-06 16:47:49,508 [ForkJoinPool.commonPool-worker-0] INFO  impl.StateMachineUpdater (StateMachineUpdater.java:stopAndJoin(148)) - 8f97a4d4-5267-458d-aa6e-fd0ac821c306@group-0537F8BE947E-StateMachineUpdater: set stopIndex = 0
2021-01-06 16:47:49,508 [8f97a4d4-5267-458d-aa6e-fd0ac821c306@group-0537F8BE947E-StateMachineUpdater] INFO  ratis.ContainerStateMachine (ContainerStateMachine.java:takeSnapshot(302)) - group-0537F8BE947E: Finished taking a snapshot at:(t:1, i:0) file:/github/workspace/mnt/ozone/hadoop-ozone/integration-test/target/test-dir/MiniOzoneClusterImpl-1d43af91-9f82-444b-8964-eb6d4844fd62/datanode-2/data/ratis/fa843cdf-fd05-4d65-9232-0537f8be947e/sm/snapshot.1_0 took: 1 ms
2021-01-06 16:47:49,508 [8f97a4d4-5267-458d-aa6e-fd0ac821c306@group-0537F8BE947E-StateMachineUpdater] INFO  impl.StateMachineUpdater (StateMachineUpdater.java:takeSnapshot(279)) - 8f97a4d4-5267-458d-aa6e-fd0ac821c306@group-0537F8BE947E-StateMachineUpdater: Took a snapshot at index 0
2021-01-06 16:47:49,508 [8f97a4d4-5267-458d-aa6e-fd0ac821c306@group-0537F8BE947E-StateMachineUpdater] INFO  impl.StateMachineUpdater (StateMachineUpdater.java:lambda$new$0(88)) - 8f97a4d4-5267-458d-aa6e-fd0ac821c306@group-0537F8BE947E-StateMachineUpdater: snapshotIndex: updateIncreasingly -1 -> 0
2021-01-06 16:47:49,509 [8f97a4d4-5267-458d-aa6e-fd0ac821c306@group-0537F8BE947E-StateMachineUpdater] INFO  metrics.RatisMetrics (RatisMetrics.java:unregister(43)) - Unregistering Metrics Registry : ratis.state_machine.8f97a4d4-5267-458d-aa6e-fd0ac821c306@group-0537F8BE947E
2021-01-06 16:47:49,509 [ForkJoinPool.commonPool-worker-0] INFO  server.RaftServer$Division (ServerState.java:close(406)) - 8f97a4d4-5267-458d-aa6e-fd0ac821c306@group-0537F8BE947E: closes. applyIndex: 0
2021-01-06 16:47:49,509 [8f97a4d4-5267-458d-aa6e-fd0ac821c306@group-0537F8BE947E-SegmentedRaftLogWorker] INFO  segmented.SegmentedRaftLogWorker (SegmentedRaftLogWorker.java:run(326)) - 8f97a4d4-5267-458d-aa6e-fd0ac821c306@group-0537F8BE947E-SegmentedRaftLogWorker was interrupted, exiting. There are 0 tasks remaining in the queue.
2021-01-06 16:47:49,509 [ForkJoinPool.commonPool-worker-0] INFO  segmented.SegmentedRaftLogWorker (SegmentedRaftLogWorker.java:close(236)) - 8f97a4d4-5267-458d-aa6e-fd0ac821c306@group-0537F8BE947E-SegmentedRaftLogWorker close()
2021-01-06 16:47:49,509 [ForkJoinPool.commonPool-worker-0] INFO  metrics.RatisMetrics (RatisMetrics.java:unregister(43)) - Unregistering Metrics Registry : ratis.log_worker.8f97a4d4-5267-458d-aa6e-fd0ac821c306@group-0537F8BE947E
2021-01-06 16:47:49,509 [ForkJoinPool.commonPool-worker-0] INFO  metrics.RatisMetrics (RatisMetrics.java:unregister(43)) - Unregistering Metrics Registry : ratis.leader_election.8f97a4d4-5267-458d-aa6e-fd0ac821c306@group-0537F8BE947E
2021-01-06 16:47:49,509 [ForkJoinPool.commonPool-worker-0] INFO  metrics.RatisMetrics (RatisMetrics.java:unregister(43)) - Unregistering Metrics Registry : ratis.server.8f97a4d4-5267-458d-aa6e-fd0ac821c306@group-0537F8BE947E
2021-01-06 16:47:49,509 [ForkJoinPool.commonPool-worker-0] INFO  server.GrpcService (GrpcService.java:closeImpl(184)) - 8f97a4d4-5267-458d-aa6e-fd0ac821c306: shutdown server with port 39743 now
2021-01-06 16:47:49,511 [ForkJoinPool.commonPool-worker-0] INFO  server.GrpcService (GrpcService.java:closeImpl(193)) - 8f97a4d4-5267-458d-aa6e-fd0ac821c306: shutdown server with port 39743 successfully
2021-01-06 16:47:49,511 [org.apache.ratis.util.JvmPauseMonitor$$Lambda$222/475300883@736b2c1d] INFO  util.JvmPauseMonitor (JvmPauseMonitor.java:run(109)) - JvmPauseMonitor-8f97a4d4-5267-458d-aa6e-fd0ac821c306: Stopped
2021-01-06 16:47:49,512 [ForkJoinPool.commonPool-worker-0] INFO  utils.BackgroundService (BackgroundService.java:shutdown(132)) - Shutting down service BlockDeletingService
2021-01-06 16:47:49,513 [ForkJoinPool.commonPool-worker-0] INFO  statemachine.DatanodeStateMachine (DatanodeStateMachine.java:stopDaemon(461)) - Ozone container server stopped.
2021-01-06 16:47:49,521 [ForkJoinPool.commonPool-worker-0] INFO  handler.ContextHandler (ContextHandler.java:doStop(1154)) - Stopped o.e.j.w.WebAppContext@16641839{hddsDatanode,/,null,STOPPED}{jar:file:/home/user/.m2/repository/org/apache/hadoop/hadoop-hdds-container-service/1.1.0-SNAPSHOT/hadoop-hdds-container-service-1.1.0-SNAPSHOT.jar!/webapps/hddsDatanode}
2021-01-06 16:47:49,521 [ForkJoinPool.commonPool-worker-0] INFO  server.AbstractConnector (AbstractConnector.java:doStop(381)) - Stopped ServerConnector@234cfd94{HTTP/1.1, (http/1.1)}{0.0.0.0:0}
2021-01-06 16:47:49,521 [ForkJoinPool.commonPool-worker-0] INFO  server.session (HouseKeeper.java:stopScavenging(149)) - node0 Stopped scavenging
2021-01-06 16:47:49,522 [ForkJoinPool.commonPool-worker-0] INFO  handler.ContextHandler (ContextHandler.java:doStop(1154)) - Stopped o.e.j.s.ServletContextHandler@11619ade{static,/static,jar:file:/home/user/.m2/repository/org/apache/hadoop/hadoop-hdds-container-service/1.1.0-SNAPSHOT/hadoop-hdds-container-service-1.1.0-SNAPSHOT.jar!/webapps/static,STOPPED}
2021-01-06 16:47:49,522 [ForkJoinPool.commonPool-worker-0] INFO  handler.ContextHandler (ContextHandler.java:doStop(1154)) - Stopped o.e.j.s.ServletContextHandler@22125b57{logs,/logs,file:///github/workspace/mnt/ozone/hadoop-ozone/integration-test/target/log,STOPPED}
2021-01-06 16:47:49,574 [ReplicationMonitor] INFO  container.ReplicationManager (ReplicationManager.java:run(250)) - Replication Monitor Thread took 0 milliseconds for processing 4 containers.
2021-01-06 16:47:49,609 [Datanode State Machine Thread - 0] INFO  statemachine.DatanodeStateMachine (DatanodeStateMachine.java:lambda$startDaemon$0(408)) - Ozone container server started.
2021-01-06 16:47:50,574 [ReplicationMonitor] INFO  container.ReplicationManager (ReplicationManager.java:run(250)) - Replication Monitor Thread took 0 milliseconds for processing 4 containers.
2021-01-06 16:47:50,656 [EventQueue-StaleNodeForStaleNodeHandler] INFO  node.StaleNodeHandler (StaleNodeHandler.java:onMessage(58)) - Datanode b260e4ee-445a-4422-8fbe-3a6caa0392e6{ip: 172.17.0.2, host: d1d2f32d3d04, networkLocation: /default-rack, certSerialId: null, persistedOpState: IN_SERVICE, persistedOpStateExpiryEpochSec: 0} moved to stale state. Finalizing its pipelines [PipelineID=d9736a8a-7773-40e9-b5bd-763c3359d237]
2021-01-06 16:47:50,656 [EventQueue-StaleNodeForStaleNodeHandler] INFO  pipeline.SCMPipelineManager (SCMPipelineManager.java:finalizeAndDestroyPipeline(482)) - Destroying pipeline:Pipeline[ Id: d9736a8a-7773-40e9-b5bd-763c3359d237, Nodes: b260e4ee-445a-4422-8fbe-3a6caa0392e6{ip: 172.17.0.2, host: d1d2f32d3d04, networkLocation: /default-rack, certSerialId: null, persistedOpState: IN_SERVICE, persistedOpStateExpiryEpochSec: 0}, Type:RATIS, Factor:ONE, State:OPEN, leaderId:b260e4ee-445a-4422-8fbe-3a6caa0392e6, CreationTimestamp2021-01-06T16:47:37.734Z]
2021-01-06 16:47:50,656 [EventQueue-StaleNodeForStaleNodeHandler] INFO  pipeline.PipelineStateManager (PipelineStateManager.java:finalizePipeline(121)) - Pipeline Pipeline[ Id: d9736a8a-7773-40e9-b5bd-763c3359d237, Nodes: b260e4ee-445a-4422-8fbe-3a6caa0392e6{ip: 172.17.0.2, host: d1d2f32d3d04, networkLocation: /default-rack, certSerialId: null, persistedOpState: IN_SERVICE, persistedOpStateExpiryEpochSec: 0}, Type:RATIS, Factor:ONE, State:CLOSED, leaderId:b260e4ee-445a-4422-8fbe-3a6caa0392e6, CreationTimestamp2021-01-06T16:47:37.734Z] moved to CLOSED state
2021-01-06 16:47:50,656 [EventQueue-StaleNodeForStaleNodeHandler] INFO  node.StaleNodeHandler (StaleNodeHandler.java:onMessage(58)) - Datanode 19774229-10ce-45d0-998c-3d7b10d140bf{ip: 172.17.0.2, host: d1d2f32d3d04, networkLocation: /default-rack, certSerialId: null, persistedOpState: IN_SERVICE, persistedOpStateExpiryEpochSec: 0} moved to stale state. Finalizing its pipelines [PipelineID=a212c06b-7d86-4791-843d-dc2535fdf54b, PipelineID=16646e2e-6ae2-4294-975f-a17707e7b4e1]
2021-01-06 16:47:50,656 [EventQueue-StaleNodeForStaleNodeHandler] INFO  pipeline.SCMPipelineManager (SCMPipelineManager.java:finalizeAndDestroyPipeline(482)) - Destroying pipeline:Pipeline[ Id: a212c06b-7d86-4791-843d-dc2535fdf54b, Nodes: 19774229-10ce-45d0-998c-3d7b10d140bf{ip: 172.17.0.2, host: d1d2f32d3d04, networkLocation: /default-rack, certSerialId: null, persistedOpState: IN_SERVICE, persistedOpStateExpiryEpochSec: 0}, Type:RATIS, Factor:ONE, State:OPEN, leaderId:19774229-10ce-45d0-998c-3d7b10d140bf, CreationTimestamp2021-01-06T16:47:37.734Z]
2021-01-06 16:47:50,656 [EventQueue-StaleNodeForStaleNodeHandler] INFO  pipeline.PipelineStateManager (PipelineStateManager.java:finalizePipeline(121)) - Pipeline Pipeline[ Id: a212c06b-7d86-4791-843d-dc2535fdf54b, Nodes: 19774229-10ce-45d0-998c-3d7b10d140bf{ip: 172.17.0.2, host: d1d2f32d3d04, networkLocation: /default-rack, certSerialId: null, persistedOpState: IN_SERVICE, persistedOpStateExpiryEpochSec: 0}, Type:RATIS, Factor:ONE, State:CLOSED, leaderId:19774229-10ce-45d0-998c-3d7b10d140bf, CreationTimestamp2021-01-06T16:47:37.734Z] moved to CLOSED state
2021-01-06 16:47:50,657 [EventQueue-StaleNodeForStaleNodeHandler] INFO  pipeline.SCMPipelineManager (SCMPipelineManager.java:finalizeAndDestroyPipeline(482)) - Destroying pipeline:Pipeline[ Id: 16646e2e-6ae2-4294-975f-a17707e7b4e1, Nodes: 758eb975-c749-4165-9bd9-81389eee020b{ip: 172.17.0.2, host: d1d2f32d3d04, networkLocation: /default-rack, certSerialId: null, persistedOpState: IN_SERVICE, persistedOpStateExpiryEpochSec: 0}19774229-10ce-45d0-998c-3d7b10d140bf{ip: 172.17.0.2, host: d1d2f32d3d04, networkLocation: /default-rack, certSerialId: null, persistedOpState: IN_SERVICE, persistedOpStateExpiryEpochSec: 0}8f97a4d4-5267-458d-aa6e-fd0ac821c306{ip: 172.17.0.2, host: d1d2f32d3d04, networkLocation: /default-rack, certSerialId: null, persistedOpState: IN_SERVICE, persistedOpStateExpiryEpochSec: 0}, Type:RATIS, Factor:THREE, State:OPEN, leaderId:19774229-10ce-45d0-998c-3d7b10d140bf, CreationTimestamp2021-01-06T16:47:37.733Z]
2021-01-06 16:47:50,657 [EventQueue-StaleNodeForStaleNodeHandler] INFO  pipeline.PipelineStateManager (PipelineStateManager.java:finalizePipeline(121)) - Pipeline Pipeline[ Id: 16646e2e-6ae2-4294-975f-a17707e7b4e1, Nodes: 758eb975-c749-4165-9bd9-81389eee020b{ip: 172.17.0.2, host: d1d2f32d3d04, networkLocation: /default-rack, certSerialId: null, persistedOpState: IN_SERVICE, persistedOpStateExpiryEpochSec: 0}19774229-10ce-45d0-998c-3d7b10d140bf{ip: 172.17.0.2, host: d1d2f32d3d04, networkLocation: /default-rack, certSerialId: null, persistedOpState: IN_SERVICE, persistedOpStateExpiryEpochSec: 0}8f97a4d4-5267-458d-aa6e-fd0ac821c306{ip: 172.17.0.2, host: d1d2f32d3d04, networkLocation: /default-rack, certSerialId: null, persistedOpState: IN_SERVICE, persistedOpStateExpiryEpochSec: 0}, Type:RATIS, Factor:THREE, State:CLOSED, leaderId:19774229-10ce-45d0-998c-3d7b10d140bf, CreationTimestamp2021-01-06T16:47:37.733Z] moved to CLOSED state
2021-01-06 16:47:50,657 [EventQueue-CloseContainerForCloseContainerEventHandler] INFO  container.CloseContainerEventHandler (CloseContainerEventHandler.java:onMessage(61)) - Close container Event triggered for container : #2
2021-01-06 16:47:50,657 [EventQueue-CloseContainerForCloseContainerEventHandler] INFO  container.CloseContainerEventHandler (CloseContainerEventHandler.java:onMessage(61)) - Close container Event triggered for container : #4
2021-01-06 16:47:50,781 [ForkJoinPool.commonPool-worker-0] INFO  ozoneimpl.OzoneContainer (OzoneContainer.java:stop(273)) - Attempting to stop container services.
2021-01-06 16:47:50,782 [ForkJoinPool.commonPool-worker-0] INFO  server.RaftServer (RaftServerProxy.java:lambda$close$6(387)) - 758eb975-c749-4165-9bd9-81389eee020b: close
2021-01-06 16:47:50,782 [ForkJoinPool.commonPool-worker-0] INFO  server.RaftServer$Division (RaftServerImpl.java:lambda$close$4(397)) - 758eb975-c749-4165-9bd9-81389eee020b@group-A17707E7B4E1: shutdown
2021-01-06 16:47:50,782 [ForkJoinPool.commonPool-worker-0] INFO  util.JmxRegister (JmxRegister.java:unregister(73)) - Successfully un-registered JMX Bean with object name Ratis:service=RaftServer,group=group-A17707E7B4E1,id=758eb975-c749-4165-9bd9-81389eee020b
2021-01-06 16:47:50,782 [ForkJoinPool.commonPool-worker-0] INFO  impl.RoleInfo (RoleInfo.java:shutdownFollowerState(108)) - 758eb975-c749-4165-9bd9-81389eee020b: shutdown 758eb975-c749-4165-9bd9-81389eee020b@group-A17707E7B4E1-FollowerState
2021-01-06 16:47:50,782 [ForkJoinPool.commonPool-worker-0] INFO  impl.StateMachineUpdater (StateMachineUpdater.java:stopAndJoin(148)) - 758eb975-c749-4165-9bd9-81389eee020b@group-A17707E7B4E1-StateMachineUpdater: set stopIndex = 51
2021-01-06 16:47:50,782 [Thread-4419] INFO  impl.FollowerState (FollowerState.java:run(142)) - 758eb975-c749-4165-9bd9-81389eee020b@group-A17707E7B4E1-FollowerState was interrupted: {}
java.lang.InterruptedException: sleep interrupted
	at java.lang.Thread.sleep(Native Method)
	at java.lang.Thread.sleep(Thread.java:340)
	at java.util.concurrent.TimeUnit.sleep(TimeUnit.java:386)
	at org.apache.ratis.util.TimeDuration.sleep(TimeDuration.java:319)
	at org.apache.ratis.util.TimeDuration.sleep(TimeDuration.java:304)
	at org.apache.ratis.server.impl.FollowerState.run(FollowerState.java:117)
2021-01-06 16:47:50,783 [758eb975-c749-4165-9bd9-81389eee020b@group-A17707E7B4E1-StateMachineUpdater] INFO  ratis.ContainerStateMachine (ContainerStateMachine.java:takeSnapshot(291)) - group-A17707E7B4E1: Taking a snapshot at:(t:1, i:51) file /github/workspace/mnt/ozone/hadoop-ozone/integration-test/target/test-dir/MiniOzoneClusterImpl-1d43af91-9f82-444b-8964-eb6d4844fd62/datanode-0/data/ratis/16646e2e-6ae2-4294-975f-a17707e7b4e1/sm/snapshot.1_51
2021-01-06 16:47:50,784 [758eb975-c749-4165-9bd9-81389eee020b@group-A17707E7B4E1-StateMachineUpdater] INFO  ratis.ContainerStateMachine (ContainerStateMachine.java:takeSnapshot(302)) - group-A17707E7B4E1: Finished taking a snapshot at:(t:1, i:51) file:/github/workspace/mnt/ozone/hadoop-ozone/integration-test/target/test-dir/MiniOzoneClusterImpl-1d43af91-9f82-444b-8964-eb6d4844fd62/datanode-0/data/ratis/16646e2e-6ae2-4294-975f-a17707e7b4e1/sm/snapshot.1_51 took: 1 ms
2021-01-06 16:47:50,784 [758eb975-c749-4165-9bd9-81389eee020b@group-A17707E7B4E1-StateMachineUpdater] INFO  impl.StateMachineUpdater (StateMachineUpdater.java:takeSnapshot(279)) - 758eb975-c749-4165-9bd9-81389eee020b@group-A17707E7B4E1-StateMachineUpdater: Took a snapshot at index 51
2021-01-06 16:47:50,784 [758eb975-c749-4165-9bd9-81389eee020b@group-A17707E7B4E1-StateMachineUpdater] INFO  impl.StateMachineUpdater (StateMachineUpdater.java:lambda$new$0(88)) - 758eb975-c749-4165-9bd9-81389eee020b@group-A17707E7B4E1-StateMachineUpdater: snapshotIndex: updateIncreasingly -1 -> 51
2021-01-06 16:47:50,784 [758eb975-c749-4165-9bd9-81389eee020b@group-A17707E7B4E1-StateMachineUpdater] INFO  metrics.RatisMetrics (RatisMetrics.java:unregister(43)) - Unregistering Metrics Registry : ratis.state_machine.758eb975-c749-4165-9bd9-81389eee020b@group-A17707E7B4E1
2021-01-06 16:47:50,784 [ForkJoinPool.commonPool-worker-0] INFO  server.RaftServer$Division (ServerState.java:close(406)) - 758eb975-c749-4165-9bd9-81389eee020b@group-A17707E7B4E1: closes. applyIndex: 51
2021-01-06 16:47:50,786 [758eb975-c749-4165-9bd9-81389eee020b@group-A17707E7B4E1-SegmentedRaftLogWorker] INFO  segmented.SegmentedRaftLogWorker (SegmentedRaftLogWorker.java:run(326)) - 758eb975-c749-4165-9bd9-81389eee020b@group-A17707E7B4E1-SegmentedRaftLogWorker was interrupted, exiting. There are 0 tasks remaining in the queue.
2021-01-06 16:47:50,786 [ForkJoinPool.commonPool-worker-0] INFO  segmented.SegmentedRaftLogWorker (SegmentedRaftLogWorker.java:close(236)) - 758eb975-c749-4165-9bd9-81389eee020b@group-A17707E7B4E1-SegmentedRaftLogWorker close()
2021-01-06 16:47:50,786 [ForkJoinPool.commonPool-worker-0] INFO  metrics.RatisMetrics (RatisMetrics.java:unregister(43)) - Unregistering Metrics Registry : ratis.log_worker.758eb975-c749-4165-9bd9-81389eee020b@group-A17707E7B4E1
2021-01-06 16:47:50,786 [ForkJoinPool.commonPool-worker-0] INFO  metrics.RatisMetrics (RatisMetrics.java:unregister(43)) - Unregistering Metrics Registry : ratis.leader_election.758eb975-c749-4165-9bd9-81389eee020b@group-A17707E7B4E1
2021-01-06 16:47:50,786 [ForkJoinPool.commonPool-worker-0] INFO  metrics.RatisMetrics (RatisMetrics.java:unregister(43)) - Unregistering Metrics Registry : ratis.server.758eb975-c749-4165-9bd9-81389eee020b@group-A17707E7B4E1
2021-01-06 16:47:50,787 [ForkJoinPool.commonPool-worker-0] INFO  server.RaftServer$Division (RaftServerImpl.java:lambda$close$4(397)) - 758eb975-c749-4165-9bd9-81389eee020b@group-F3FD7E2C97E3: shutdown
2021-01-06 16:47:50,787 [ForkJoinPool.commonPool-worker-0] INFO  util.JmxRegister (JmxRegister.java:unregister(73)) - Successfully un-registered JMX Bean with object name Ratis:service=RaftServer,group=group-F3FD7E2C97E3,id=758eb975-c749-4165-9bd9-81389eee020b
2021-01-06 16:47:50,787 [ForkJoinPool.commonPool-worker-0] INFO  impl.RoleInfo (RoleInfo.java:shutdownLeaderState(91)) - 758eb975-c749-4165-9bd9-81389eee020b: shutdown 758eb975-c749-4165-9bd9-81389eee020b@group-F3FD7E2C97E3-LeaderStateImpl
2021-01-06 16:47:50,787 [ForkJoinPool.commonPool-worker-0] INFO  impl.PendingRequests (PendingRequests.java:sendNotLeaderResponses(249)) - 758eb975-c749-4165-9bd9-81389eee020b@group-F3FD7E2C97E3-PendingRequests: sendNotLeaderResponses
2021-01-06 16:47:50,787 [ForkJoinPool.commonPool-worker-0] INFO  metrics.RatisMetrics (RatisMetrics.java:unregister(43)) - Unregistering Metrics Registry : ratis.log_appender.758eb975-c749-4165-9bd9-81389eee020b@group-F3FD7E2C97E3
2021-01-06 16:47:50,787 [ForkJoinPool.commonPool-worker-0] INFO  metrics.RatisMetrics (RatisMetrics.java:unregister(43)) - Unregistering Metrics Registry : ratis.server.758eb975-c749-4165-9bd9-81389eee020b@group-F3FD7E2C97E3
2021-01-06 16:47:50,788 [ForkJoinPool.commonPool-worker-0] INFO  impl.StateMachineUpdater (StateMachineUpdater.java:stopAndJoin(148)) - 758eb975-c749-4165-9bd9-81389eee020b@group-F3FD7E2C97E3-StateMachineUpdater: set stopIndex = 0
2021-01-06 16:47:50,788 [758eb975-c749-4165-9bd9-81389eee020b@group-F3FD7E2C97E3-StateMachineUpdater] INFO  ratis.ContainerStateMachine (ContainerStateMachine.java:takeSnapshot(291)) - group-F3FD7E2C97E3: Taking a snapshot at:(t:1, i:0) file /github/workspace/mnt/ozone/hadoop-ozone/integration-test/target/test-dir/MiniOzoneClusterImpl-1d43af91-9f82-444b-8964-eb6d4844fd62/datanode-0/data/ratis/905c0a45-b035-427b-8833-f3fd7e2c97e3/sm/snapshot.1_0
2021-01-06 16:47:50,789 [758eb975-c749-4165-9bd9-81389eee020b@group-F3FD7E2C97E3-StateMachineUpdater] INFO  ratis.ContainerStateMachine (ContainerStateMachine.java:takeSnapshot(302)) - group-F3FD7E2C97E3: Finished taking a snapshot at:(t:1, i:0) file:/github/workspace/mnt/ozone/hadoop-ozone/integration-test/target/test-dir/MiniOzoneClusterImpl-1d43af91-9f82-444b-8964-eb6d4844fd62/datanode-0/data/ratis/905c0a45-b035-427b-8833-f3fd7e2c97e3/sm/snapshot.1_0 took: 0 ms
2021-01-06 16:47:50,789 [758eb975-c749-4165-9bd9-81389eee020b@group-F3FD7E2C97E3-StateMachineUpdater] INFO  impl.StateMachineUpdater (StateMachineUpdater.java:takeSnapshot(279)) - 758eb975-c749-4165-9bd9-81389eee020b@group-F3FD7E2C97E3-StateMachineUpdater: Took a snapshot at index 0
2021-01-06 16:47:50,789 [758eb975-c749-4165-9bd9-81389eee020b@group-F3FD7E2C97E3-StateMachineUpdater] INFO  impl.StateMachineUpdater (StateMachineUpdater.java:lambda$new$0(88)) - 758eb975-c749-4165-9bd9-81389eee020b@group-F3FD7E2C97E3-StateMachineUpdater: snapshotIndex: updateIncreasingly -1 -> 0
2021-01-06 16:47:50,789 [758eb975-c749-4165-9bd9-81389eee020b@group-F3FD7E2C97E3-StateMachineUpdater] INFO  metrics.RatisMetrics (RatisMetrics.java:unregister(43)) - Unregistering Metrics Registry : ratis.state_machine.758eb975-c749-4165-9bd9-81389eee020b@group-F3FD7E2C97E3
2021-01-06 16:47:50,789 [ForkJoinPool.commonPool-worker-0] INFO  server.RaftServer$Division (ServerState.java:close(406)) - 758eb975-c749-4165-9bd9-81389eee020b@group-F3FD7E2C97E3: closes. applyIndex: 0
2021-01-06 16:47:50,789 [758eb975-c749-4165-9bd9-81389eee020b@group-F3FD7E2C97E3-SegmentedRaftLogWorker] INFO  segmented.SegmentedRaftLogWorker (SegmentedRaftLogWorker.java:run(326)) - 758eb975-c749-4165-9bd9-81389eee020b@group-F3FD7E2C97E3-SegmentedRaftLogWorker was interrupted, exiting. There are 0 tasks remaining in the queue.
2021-01-06 16:47:50,789 [ForkJoinPool.commonPool-worker-0] INFO  segmented.SegmentedRaftLogWorker (SegmentedRaftLogWorker.java:close(236)) - 758eb975-c749-4165-9bd9-81389eee020b@group-F3FD7E2C97E3-SegmentedRaftLogWorker close()
2021-01-06 16:47:50,789 [ForkJoinPool.commonPool-worker-0] INFO  metrics.RatisMetrics (RatisMetrics.java:unregister(43)) - Unregistering Metrics Registry : ratis.log_worker.758eb975-c749-4165-9bd9-81389eee020b@group-F3FD7E2C97E3
2021-01-06 16:47:50,790 [ForkJoinPool.commonPool-worker-0] INFO  metrics.RatisMetrics (RatisMetrics.java:unregister(43)) - Unregistering Metrics Registry : ratis.leader_election.758eb975-c749-4165-9bd9-81389eee020b@group-F3FD7E2C97E3
2021-01-06 16:47:50,790 [ForkJoinPool.commonPool-worker-0] INFO  metrics.RatisMetrics (RatisMetrics.java:unregister(43)) - Unregistering Metrics Registry : ratis.server.758eb975-c749-4165-9bd9-81389eee020b@group-F3FD7E2C97E3
2021-01-06 16:47:50,790 [ForkJoinPool.commonPool-worker-0] INFO  server.GrpcService (GrpcService.java:closeImpl(184)) - 758eb975-c749-4165-9bd9-81389eee020b: shutdown server with port 42295 now
2021-01-06 16:47:50,790 [ForkJoinPool.commonPool-worker-0] INFO  server.GrpcService (GrpcService.java:closeImpl(193)) - 758eb975-c749-4165-9bd9-81389eee020b: shutdown server with port 42295 successfully
2021-01-06 16:47:50,790 [org.apache.ratis.util.JvmPauseMonitor$$Lambda$222/475300883@7981f820] INFO  util.JvmPauseMonitor (JvmPauseMonitor.java:run(109)) - JvmPauseMonitor-758eb975-c749-4165-9bd9-81389eee020b: Stopped
2021-01-06 16:47:50,791 [ForkJoinPool.commonPool-worker-0] INFO  utils.BackgroundService (BackgroundService.java:shutdown(132)) - Shutting down service BlockDeletingService
2021-01-06 16:47:50,791 [ForkJoinPool.commonPool-worker-0] INFO  statemachine.DatanodeStateMachine (DatanodeStateMachine.java:stopDaemon(461)) - Ozone container server stopped.
2021-01-06 16:47:50,799 [ForkJoinPool.commonPool-worker-0] INFO  handler.ContextHandler (ContextHandler.java:doStop(1154)) - Stopped o.e.j.w.WebAppContext@2190e7fd{hddsDatanode,/,null,STOPPED}{jar:file:/home/user/.m2/repository/org/apache/hadoop/hadoop-hdds-container-service/1.1.0-SNAPSHOT/hadoop-hdds-container-service-1.1.0-SNAPSHOT.jar!/webapps/hddsDatanode}
2021-01-06 16:47:50,800 [ForkJoinPool.commonPool-worker-0] INFO  server.AbstractConnector (AbstractConnector.java:doStop(381)) - Stopped ServerConnector@5f8b60f3{HTTP/1.1, (http/1.1)}{0.0.0.0:0}
2021-01-06 16:47:50,800 [ForkJoinPool.commonPool-worker-0] INFO  server.session (HouseKeeper.java:stopScavenging(149)) - node0 Stopped scavenging
2021-01-06 16:47:50,801 [ForkJoinPool.commonPool-worker-0] INFO  handler.ContextHandler (ContextHandler.java:doStop(1154)) - Stopped o.e.j.s.ServletContextHandler@33c440bb{static,/static,jar:file:/home/user/.m2/repository/org/apache/hadoop/hadoop-hdds-container-service/1.1.0-SNAPSHOT/hadoop-hdds-container-service-1.1.0-SNAPSHOT.jar!/webapps/static,STOPPED}
2021-01-06 16:47:50,801 [ForkJoinPool.commonPool-worker-0] INFO  handler.ContextHandler (ContextHandler.java:doStop(1154)) - Stopped o.e.j.s.ServletContextHandler@6dfd4db2{logs,/logs,file:///github/workspace/mnt/ozone/hadoop-ozone/integration-test/target/log,STOPPED}
2021-01-06 16:47:50,934 [Listener at 0.0.0.0/43433] INFO  ozoneimpl.OzoneContainer (OzoneContainer.java:stop(273)) - Attempting to stop container services.
2021-01-06 16:47:50,934 [Listener at 0.0.0.0/43433] INFO  server.RaftServer (RaftServerProxy.java:lambda$close$6(387)) - b3b9a181-77ef-445c-8f67-7418b9e03f94: close
2021-01-06 16:47:50,934 [Listener at 0.0.0.0/43433] INFO  server.RaftServer$Division (RaftServerImpl.java:lambda$close$4(397)) - b3b9a181-77ef-445c-8f67-7418b9e03f94@group-0CF1A164F156: shutdown
2021-01-06 16:47:50,935 [Listener at 0.0.0.0/43433] INFO  util.JmxRegister (JmxRegister.java:unregister(73)) - Successfully un-registered JMX Bean with object name Ratis:service=RaftServer,group=group-0CF1A164F156,id=b3b9a181-77ef-445c-8f67-7418b9e03f94
2021-01-06 16:47:50,935 [Listener at 0.0.0.0/43433] INFO  impl.RoleInfo (RoleInfo.java:shutdownLeaderState(91)) - b3b9a181-77ef-445c-8f67-7418b9e03f94: shutdown b3b9a181-77ef-445c-8f67-7418b9e03f94@group-0CF1A164F156-LeaderStateImpl
2021-01-06 16:47:50,935 [Listener at 0.0.0.0/43433] INFO  impl.PendingRequests (PendingRequests.java:sendNotLeaderResponses(249)) - b3b9a181-77ef-445c-8f67-7418b9e03f94@group-0CF1A164F156-PendingRequests: sendNotLeaderResponses
2021-01-06 16:47:50,935 [Listener at 0.0.0.0/43433] INFO  metrics.RatisMetrics (RatisMetrics.java:unregister(43)) - Unregistering Metrics Registry : ratis.log_appender.b3b9a181-77ef-445c-8f67-7418b9e03f94@group-0CF1A164F156
2021-01-06 16:47:50,935 [Listener at 0.0.0.0/43433] INFO  metrics.RatisMetrics (RatisMetrics.java:unregister(43)) - Unregistering Metrics Registry : ratis.server.b3b9a181-77ef-445c-8f67-7418b9e03f94@group-0CF1A164F156
2021-01-06 16:47:50,937 [Listener at 0.0.0.0/43433] INFO  impl.StateMachineUpdater (StateMachineUpdater.java:stopAndJoin(148)) - b3b9a181-77ef-445c-8f67-7418b9e03f94@group-0CF1A164F156-StateMachineUpdater: set stopIndex = 0
2021-01-06 16:47:50,937 [b3b9a181-77ef-445c-8f67-7418b9e03f94@group-0CF1A164F156-StateMachineUpdater] INFO  ratis.ContainerStateMachine (ContainerStateMachine.java:takeSnapshot(291)) - group-0CF1A164F156: Taking a snapshot at:(t:1, i:0) file /github/workspace/mnt/ozone/hadoop-ozone/integration-test/target/test-dir/MiniOzoneClusterImpl-1d43af91-9f82-444b-8964-eb6d4844fd62/datanode-5/data/ratis/a8b4bb36-4b5d-436f-be76-0cf1a164f156/sm/snapshot.1_0
2021-01-06 16:47:50,938 [b3b9a181-77ef-445c-8f67-7418b9e03f94@group-0CF1A164F156-StateMachineUpdater] INFO  ratis.ContainerStateMachine (ContainerStateMachine.java:takeSnapshot(302)) - group-0CF1A164F156: Finished taking a snapshot at:(t:1, i:0) file:/github/workspace/mnt/ozone/hadoop-ozone/integration-test/target/test-dir/MiniOzoneClusterImpl-1d43af91-9f82-444b-8964-eb6d4844fd62/datanode-5/data/ratis/a8b4bb36-4b5d-436f-be76-0cf1a164f156/sm/snapshot.1_0 took: 1 ms
2021-01-06 16:47:50,938 [b3b9a181-77ef-445c-8f67-7418b9e03f94@group-0CF1A164F156-StateMachineUpdater] INFO  impl.StateMachineUpdater (StateMachineUpdater.java:takeSnapshot(279)) - b3b9a181-77ef-445c-8f67-7418b9e03f94@group-0CF1A164F156-StateMachineUpdater: Took a snapshot at index 0
2021-01-06 16:47:50,938 [b3b9a181-77ef-445c-8f67-7418b9e03f94@group-0CF1A164F156-StateMachineUpdater] INFO  impl.StateMachineUpdater (StateMachineUpdater.java:lambda$new$0(88)) - b3b9a181-77ef-445c-8f67-7418b9e03f94@group-0CF1A164F156-StateMachineUpdater: snapshotIndex: updateIncreasingly -1 -> 0
2021-01-06 16:47:50,938 [b3b9a181-77ef-445c-8f67-7418b9e03f94@group-0CF1A164F156-StateMachineUpdater] INFO  metrics.RatisMetrics (RatisMetrics.java:unregister(43)) - Unregistering Metrics Registry : ratis.state_machine.b3b9a181-77ef-445c-8f67-7418b9e03f94@group-0CF1A164F156
2021-01-06 16:47:50,938 [Listener at 0.0.0.0/43433] INFO  server.RaftServer$Division (ServerState.java:close(406)) - b3b9a181-77ef-445c-8f67-7418b9e03f94@group-0CF1A164F156: closes. applyIndex: 0
2021-01-06 16:47:50,938 [b3b9a181-77ef-445c-8f67-7418b9e03f94@group-0CF1A164F156-SegmentedRaftLogWorker] INFO  segmented.SegmentedRaftLogWorker (SegmentedRaftLogWorker.java:run(326)) - b3b9a181-77ef-445c-8f67-7418b9e03f94@group-0CF1A164F156-SegmentedRaftLogWorker was interrupted, exiting. There are 0 tasks remaining in the queue.
2021-01-06 16:47:50,938 [Listener at 0.0.0.0/43433] INFO  segmented.SegmentedRaftLogWorker (SegmentedRaftLogWorker.java:close(236)) - b3b9a181-77ef-445c-8f67-7418b9e03f94@group-0CF1A164F156-SegmentedRaftLogWorker close()
2021-01-06 16:47:50,939 [Listener at 0.0.0.0/43433] INFO  metrics.RatisMetrics (RatisMetrics.java:unregister(43)) - Unregistering Metrics Registry : ratis.log_worker.b3b9a181-77ef-445c-8f67-7418b9e03f94@group-0CF1A164F156
2021-01-06 16:47:50,939 [Listener at 0.0.0.0/43433] INFO  metrics.RatisMetrics (RatisMetrics.java:unregister(43)) - Unregistering Metrics Registry : ratis.leader_election.b3b9a181-77ef-445c-8f67-7418b9e03f94@group-0CF1A164F156
2021-01-06 16:47:50,939 [Listener at 0.0.0.0/43433] INFO  metrics.RatisMetrics (RatisMetrics.java:unregister(43)) - Unregistering Metrics Registry : ratis.server.b3b9a181-77ef-445c-8f67-7418b9e03f94@group-0CF1A164F156
2021-01-06 16:47:50,939 [Listener at 0.0.0.0/43433] INFO  server.GrpcService (GrpcService.java:closeImpl(184)) - b3b9a181-77ef-445c-8f67-7418b9e03f94: shutdown server with port 34251 now
2021-01-06 16:47:50,939 [Listener at 0.0.0.0/43433] INFO  server.GrpcService (GrpcService.java:closeImpl(193)) - b3b9a181-77ef-445c-8f67-7418b9e03f94: shutdown server with port 34251 successfully
2021-01-06 16:47:50,939 [org.apache.ratis.util.JvmPauseMonitor$$Lambda$222/475300883@40667bfd] INFO  util.JvmPauseMonitor (JvmPauseMonitor.java:run(109)) - JvmPauseMonitor-b3b9a181-77ef-445c-8f67-7418b9e03f94: Stopped
2021-01-06 16:47:50,940 [Listener at 0.0.0.0/43433] INFO  utils.BackgroundService (BackgroundService.java:shutdown(132)) - Shutting down service BlockDeletingService
2021-01-06 16:47:50,940 [Listener at 0.0.0.0/43433] INFO  statemachine.DatanodeStateMachine (DatanodeStateMachine.java:stopDaemon(461)) - Ozone container server stopped.
2021-01-06 16:47:50,949 [Listener at 0.0.0.0/43433] INFO  handler.ContextHandler (ContextHandler.java:doStop(1154)) - Stopped o.e.j.w.WebAppContext@26276868{hddsDatanode,/,null,STOPPED}{jar:file:/home/user/.m2/repository/org/apache/hadoop/hadoop-hdds-container-service/1.1.0-SNAPSHOT/hadoop-hdds-container-service-1.1.0-SNAPSHOT.jar!/webapps/hddsDatanode}
2021-01-06 16:47:50,949 [Listener at 0.0.0.0/43433] INFO  server.AbstractConnector (AbstractConnector.java:doStop(381)) - Stopped ServerConnector@1bc4b731{HTTP/1.1, (http/1.1)}{0.0.0.0:0}
2021-01-06 16:47:50,950 [Listener at 0.0.0.0/43433] INFO  server.session (HouseKeeper.java:stopScavenging(149)) - node0 Stopped scavenging
2021-01-06 16:47:50,950 [Listener at 0.0.0.0/43433] INFO  handler.ContextHandler (ContextHandler.java:doStop(1154)) - Stopped o.e.j.s.ServletContextHandler@5a9d5e2{static,/static,jar:file:/home/user/.m2/repository/org/apache/hadoop/hadoop-hdds-container-service/1.1.0-SNAPSHOT/hadoop-hdds-container-service-1.1.0-SNAPSHOT.jar!/webapps/static,STOPPED}
2021-01-06 16:47:50,954 [Listener at 0.0.0.0/43433] INFO  handler.ContextHandler (ContextHandler.java:doStop(1154)) - Stopped o.e.j.s.ServletContextHandler@1ddcb450{logs,/logs,file:///github/workspace/mnt/ozone/hadoop-ozone/integration-test/target/log,STOPPED}
2021-01-06 16:47:50,954 [Listener at 0.0.0.0/43433] INFO  ozone.MiniOzoneClusterImpl (MiniOzoneClusterImpl.java:stopSCM(478)) - Stopping the StorageContainerManager
2021-01-06 16:47:50,955 [Listener at 0.0.0.0/43433] INFO  server.StorageContainerManager (StorageContainerManager.java:stop(832)) - Stopping Replication Manager Service.
2021-01-06 16:47:50,955 [Listener at 0.0.0.0/43433] INFO  container.ReplicationManager (ReplicationManager.java:stop(227)) - Stopping Replication Monitor Thread.
2021-01-06 16:47:50,955 [Listener at 0.0.0.0/43433] INFO  server.StorageContainerManager (StorageContainerManager.java:stop(839)) - Stopping the Datanode Admin Monitor.
2021-01-06 16:47:50,955 [Listener at 0.0.0.0/43433] INFO  server.StorageContainerManager (StorageContainerManager.java:stop(846)) - Stopping Lease Manager of the command watchers
2021-01-06 16:47:50,955 [Listener at 0.0.0.0/43433] INFO  server.StorageContainerManager (StorageContainerManager.java:stop(853)) - Stopping datanode service RPC server
2021-01-06 16:47:50,955 [Listener at 0.0.0.0/43433] INFO  server.SCMDatanodeProtocolServer (SCMDatanodeProtocolServer.java:stop(369)) - Stopping the RPC server for DataNodes
2021-01-06 16:47:50,955 [Listener at 0.0.0.0/43433] INFO  ipc.Server (Server.java:stop(3359)) - Stopping server on 44005
2021-01-06 16:47:50,956 [IPC Server listener on 44005] INFO  ipc.Server (Server.java:run(1330)) - Stopping IPC Server listener on 44005
2021-01-06 16:47:50,958 [IPC Server Responder] INFO  ipc.Server (Server.java:run(1465)) - Stopping IPC Server Responder
2021-01-06 16:47:51,056 [SCM Heartbeat Processing Thread - 0] WARN  node.NodeStateManager (NodeStateManager.java:scheduleNextHealthCheck(688)) - Current Thread is interrupted, shutting down HB processing thread for Node Manager.
2021-01-06 16:47:51,056 [Listener at 0.0.0.0/43433] INFO  server.StorageContainerManager (StorageContainerManager.java:stop(861)) - Stopping block service RPC server
2021-01-06 16:47:51,057 [Listener at 0.0.0.0/43433] INFO  server.SCMBlockProtocolServer (SCMBlockProtocolServer.java:stop(159)) - Stopping the RPC server for Block Protocol
2021-01-06 16:47:51,057 [Listener at 0.0.0.0/43433] INFO  ipc.Server (Server.java:stop(3359)) - Stopping server on 38591
2021-01-06 16:47:51,057 [IPC Server listener on 38591] INFO  ipc.Server (Server.java:run(1330)) - Stopping IPC Server listener on 38591
2021-01-06 16:47:51,058 [IPC Server Responder] INFO  ipc.Server (Server.java:run(1465)) - Stopping IPC Server Responder
2021-01-06 16:47:51,060 [Listener at 0.0.0.0/43433] INFO  server.StorageContainerManager (StorageContainerManager.java:stop(868)) - Stopping the StorageContainerLocationProtocol RPC server
2021-01-06 16:47:51,060 [Listener at 0.0.0.0/43433] INFO  server.SCMClientProtocolServer (SCMClientProtocolServer.java:stop(168)) - Stopping the RPC server for Client Protocol
2021-01-06 16:47:51,060 [Listener at 0.0.0.0/43433] INFO  ipc.Server (Server.java:stop(3359)) - Stopping server on 43433
2021-01-06 16:47:51,061 [IPC Server listener on 43433] INFO  ipc.Server (Server.java:run(1330)) - Stopping IPC Server listener on 43433
2021-01-06 16:47:51,062 [IPC Server Responder] INFO  ipc.Server (Server.java:run(1465)) - Stopping IPC Server Responder
2021-01-06 16:47:51,062 [Listener at 0.0.0.0/43433] INFO  server.StorageContainerManager (StorageContainerManager.java:stop(875)) - Stopping Storage Container Manager HTTP server.
2021-01-06 16:47:51,062 [Listener at 0.0.0.0/43433] INFO  handler.ContextHandler (ContextHandler.java:doStop(1154)) - Stopped o.e.j.w.WebAppContext@60e978dc{scm,/,null,STOPPED}{file:/github/workspace/mnt/ozone/hadoop-ozone/integration-test/target/test-classes/webapps/scm}
2021-01-06 16:47:51,063 [Listener at 0.0.0.0/43433] INFO  server.AbstractConnector (AbstractConnector.java:doStop(381)) - Stopped ServerConnector@2b12488{HTTP/1.1, (http/1.1)}{0.0.0.0:34597}
2021-01-06 16:47:51,063 [Listener at 0.0.0.0/43433] INFO  server.session (HouseKeeper.java:stopScavenging(149)) - node0 Stopped scavenging
2021-01-06 16:47:51,063 [Listener at 0.0.0.0/43433] INFO  handler.ContextHandler (ContextHandler.java:doStop(1154)) - Stopped o.e.j.s.ServletContextHandler@47190563{static,/static,file:///github/workspace/mnt/ozone/hadoop-ozone/integration-test/target/test-classes/webapps/static,STOPPED}
2021-01-06 16:47:51,063 [Listener at 0.0.0.0/43433] INFO  handler.ContextHandler (ContextHandler.java:doStop(1154)) - Stopped o.e.j.s.ServletContextHandler@408aced7{logs,/logs,file:///github/workspace/mnt/ozone/hadoop-ozone/integration-test/target/log,STOPPED}
2021-01-06 16:47:51,064 [Listener at 0.0.0.0/43433] INFO  server.StorageContainerManager (StorageContainerManager.java:stop(886)) - Stopping Block Manager Service.
2021-01-06 16:47:51,064 [Listener at 0.0.0.0/43433] INFO  utils.BackgroundService (BackgroundService.java:shutdown(132)) - Shutting down service SCMBlockDeletingService
2021-01-06 16:47:51,064 [Listener at 0.0.0.0/43433] INFO  utils.BackgroundService (BackgroundService.java:shutdown(132)) - Shutting down service SCMBlockDeletingService
2021-01-06 16:47:51,064 [Listener at 0.0.0.0/43433] INFO  server.StorageContainerManager (StorageContainerManager.java:stop(911)) - Stopping SCM Event Queue.
2021-01-06 16:47:51,067 [Listener at 0.0.0.0/43433] INFO  impl.MetricsSystemImpl (MetricsSystemImpl.java:stop(210)) - Stopping StorageContainerManager metrics system...
2021-01-06 16:47:51,072 [Listener at 0.0.0.0/43433] INFO  impl.MetricsSystemImpl (MetricsSystemImpl.java:stop(216)) - StorageContainerManager metrics system stopped.
]]></system-out>
  </testcase>
  <testcase name="testStoppedDecommissionedNodeTakesSCMStateOnRestart" classname="org.apache.hadoop.ozone.scm.node.TestDecommissionAndMaintenance" time="46.547"/>
  <testcase name="testEnteringMaintenanceNodeCompletesAfterSCMRestart" classname="org.apache.hadoop.ozone.scm.node.TestDecommissionAndMaintenance" time="37.679"/>
  <testcase name="testDecommissioningNodesCompleteDecommissionOnSCMRestart" classname="org.apache.hadoop.ozone.scm.node.TestDecommissionAndMaintenance" time="40.098"/>
</testsuite>