<?xml version="1.0" encoding="UTF-8"?>
<testsuite xmlns:xsi="http://www.w3.org/2001/XMLSchema-instance" xsi:noNamespaceSchemaLocation="https://maven.apache.org/surefire/maven-surefire-plugin/xsd/surefire-test-report.xsd" name="org.apache.hadoop.ozone.client.rpc.TestOzoneClientRetriesOnException" time="109.22" tests="2" errors="0" skipped="0" failures="1">
  <properties>
    <property name="awt.toolkit" value="sun.awt.X11.XToolkit"/>
    <property name="file.encoding.pkg" value="sun.io"/>
    <property name="java.specification.version" value="1.8"/>
    <property name="sun.cpu.isalist" value=""/>
    <property name="sun.jnu.encoding" value="ANSI_X3.4-1968"/>
    <property name="java.class.path" value="/github/workspace/mnt/ozone/hadoop-ozone/integration-test/target/test-classes:/github/workspace/mnt/ozone/hadoop-ozone/integration-test/target/classes:/home/user/.m2/repository/org/apache/hadoop/hadoop-ozone-common/1.1.0-SNAPSHOT/hadoop-ozone-common-1.1.0-SNAPSHOT.jar:/home/user/.m2/repository/org/apache/commons/commons-compress/1.4.1/commons-compress-1.4.1.jar:/home/user/.m2/repository/org/tukaani/xz/1.0/xz-1.0.jar:/home/user/.m2/repository/org/apache/hadoop/hadoop-hdds-common/1.1.0-SNAPSHOT/hadoop-hdds-common-1.1.0-SNAPSHOT.jar:/home/user/.m2/repository/org/apache/hadoop/hadoop-hdds-client/1.1.0-SNAPSHOT/hadoop-hdds-client-1.1.0-SNAPSHOT.jar:/home/user/.m2/repository/org/apache/hadoop/hadoop-ozone-interface-client/1.1.0-SNAPSHOT/hadoop-ozone-interface-client-1.1.0-SNAPSHOT.jar:/home/user/.m2/repository/org/apache/hadoop/hadoop-hdds-test-utils/1.1.0-SNAPSHOT/hadoop-hdds-test-utils-1.1.0-SNAPSHOT.jar:/home/user/.m2/repository/com/google/guava/guava/28.2-jre/guava-28.2-jre.jar:/home/user/.m2/repository/com/google/guava/failureaccess/1.0.1/failureaccess-1.0.1.jar:/home/user/.m2/repository/com/google/guava/listenablefuture/9999.0-empty-to-avoid-conflict-with-guava/listenablefuture-9999.0-empty-to-avoid-conflict-with-guava.jar:/home/user/.m2/repository/com/google/code/findbugs/jsr305/3.0.0/jsr305-3.0.0.jar:/home/user/.m2/repository/org/checkerframework/checker-qual/2.10.0/checker-qual-2.10.0.jar:/home/user/.m2/repository/com/google/errorprone/error_prone_annotations/2.2.0/error_prone_annotations-2.2.0.jar:/home/user/.m2/repository/com/google/j2objc/j2objc-annotations/1.3/j2objc-annotations-1.3.jar:/home/user/.m2/repository/commons-io/commons-io/2.5/commons-io-2.5.jar:/home/user/.m2/repository/commons-logging/commons-logging/1.2/commons-logging-1.2.jar:/home/user/.m2/repository/log4j/log4j/1.2.17/log4j-1.2.17.jar:/home/user/.m2/repository/org/slf4j/slf4j-api/1.7.25/slf4j-api-1.7.25.jar:/home/user/.m2/repository/org/apache/hadoop/hadoop-hdds-server-scm/1.1.0-SNAPSHOT/hadoop-hdds-server-scm-1.1.0-SNAPSHOT.jar:/home/user/.m2/repository/org/apache/hadoop/hadoop-hdds-container-service/1.1.0-SNAPSHOT/hadoop-hdds-container-service-1.1.0-SNAPSHOT.jar:/home/user/.m2/repository/org/apache/hadoop/hadoop-hdds-hadoop-dependency-server/1.1.0-SNAPSHOT/hadoop-hdds-hadoop-dependency-server-1.1.0-SNAPSHOT.jar:/home/user/.m2/repository/org/apache/hadoop/hadoop-hdfs/3.2.1/hadoop-hdfs-3.2.1.jar:/home/user/.m2/repository/org/apache/hadoop/hadoop-hdds-server-framework/1.1.0-SNAPSHOT/hadoop-hdds-server-framework-1.1.0-SNAPSHOT.jar:/home/user/.m2/repository/org/apache/hadoop/hadoop-hdds-interface-server/1.1.0-SNAPSHOT/hadoop-hdds-interface-server-1.1.0-SNAPSHOT.jar:/home/user/.m2/repository/org/apache/hadoop/hadoop-hdds-interface-admin/1.1.0-SNAPSHOT/hadoop-hdds-interface-admin-1.1.0-SNAPSHOT.jar:/home/user/.m2/repository/org/eclipse/jetty/jetty-servlet/9.4.34.v20201102/jetty-servlet-9.4.34.v20201102.jar:/home/user/.m2/repository/org/eclipse/jetty/jetty-security/9.4.34.v20201102/jetty-security-9.4.34.v20201102.jar:/home/user/.m2/repository/org/rocksdb/rocksdbjni/6.8.1/rocksdbjni-6.8.1.jar:/home/user/.m2/repository/io/prometheus/simpleclient_dropwizard/0.7.0/simpleclient_dropwizard-0.7.0.jar:/home/user/.m2/repository/io/prometheus/simpleclient/0.7.0/simpleclient-0.7.0.jar:/home/user/.m2/repository/io/prometheus/simpleclient_common/0.7.0/simpleclient_common-0.7.0.jar:/home/user/.m2/repository/com/fasterxml/jackson/datatype/jackson-datatype-jsr310/2.10.3/jackson-datatype-jsr310-2.10.3.jar:/home/user/.m2/repository/io/dropwizard/metrics/metrics-core/3.2.4/metrics-core-3.2.4.jar:/home/user/.m2/repository/org/apache/hadoop/hadoop-hdfs-client/3.2.1/hadoop-hdfs-client-3.2.1.jar:/home/user/.m2/repository/org/bouncycastle/bcprov-jdk15on/1.60/bcprov-jdk15on-1.60.jar:/home/user/.m2/repository/org/apache/hadoop/hadoop-ozone-ozone-manager/1.1.0-SNAPSHOT/hadoop-ozone-ozone-manager-1.1.0-SNAPSHOT.jar:/home/user/.m2/repository/org/apache/hadoop/hadoop-hdds-interface-client/1.1.0-SNAPSHOT/hadoop-hdds-interface-client-1.1.0-SNAPSHOT.jar:/home/user/.m2/repository/org/apache/ratis/ratis-thirdparty-misc/0.6.0-SNAPSHOT/ratis-thirdparty-misc-0.6.0-SNAPSHOT.jar:/home/user/.m2/repository/org/apache/hadoop/hadoop-ozone-interface-storage/1.1.0-SNAPSHOT/hadoop-ozone-interface-storage-1.1.0-SNAPSHOT.jar:/home/user/.m2/repository/org/apache/hadoop/hadoop-minikdc/3.2.1/hadoop-minikdc-3.2.1.jar:/home/user/.m2/repository/org/apache/kerby/kerb-simplekdc/1.0.1/kerb-simplekdc-1.0.1.jar:/home/user/.m2/repository/org/apache/kerby/kerb-client/1.0.1/kerb-client-1.0.1.jar:/home/user/.m2/repository/org/apache/kerby/kerby-config/1.0.1/kerby-config-1.0.1.jar:/home/user/.m2/repository/org/apache/kerby/kerb-core/1.0.1/kerb-core-1.0.1.jar:/home/user/.m2/repository/org/apache/kerby/kerby-pkix/1.0.1/kerby-pkix-1.0.1.jar:/home/user/.m2/repository/org/apache/kerby/kerby-asn1/1.0.1/kerby-asn1-1.0.1.jar:/home/user/.m2/repository/org/apache/kerby/kerby-util/1.0.1/kerby-util-1.0.1.jar:/home/user/.m2/repository/org/apache/kerby/kerb-common/1.0.1/kerb-common-1.0.1.jar:/home/user/.m2/repository/org/apache/kerby/kerb-crypto/1.0.1/kerb-crypto-1.0.1.jar:/home/user/.m2/repository/org/apache/kerby/kerb-util/1.0.1/kerb-util-1.0.1.jar:/home/user/.m2/repository/org/apache/kerby/token-provider/1.0.1/token-provider-1.0.1.jar:/home/user/.m2/repository/org/apache/kerby/kerb-admin/1.0.1/kerb-admin-1.0.1.jar:/home/user/.m2/repository/org/apache/kerby/kerb-server/1.0.1/kerb-server-1.0.1.jar:/home/user/.m2/repository/org/apache/kerby/kerb-identity/1.0.1/kerb-identity-1.0.1.jar:/home/user/.m2/repository/org/apache/kerby/kerby-xdr/1.0.1/kerby-xdr-1.0.1.jar:/home/user/.m2/repository/org/slf4j/slf4j-log4j12/1.7.25/slf4j-log4j12-1.7.25.jar:/home/user/.m2/repository/org/apache/hadoop/hadoop-ozone-s3gateway/1.1.0-SNAPSHOT/hadoop-ozone-s3gateway-1.1.0-SNAPSHOT.jar:/home/user/.m2/repository/org/jboss/weld/servlet/weld-servlet/2.4.7.Final/weld-servlet-2.4.7.Final.jar:/home/user/.m2/repository/org/glassfish/jersey/containers/jersey-container-servlet-core/2.27/jersey-container-servlet-core-2.27.jar:/home/user/.m2/repository/org/glassfish/hk2/external/javax.inject/2.5.0-b42/javax.inject-2.5.0-b42.jar:/home/user/.m2/repository/org/glassfish/jersey/core/jersey-common/2.27/jersey-common-2.27.jar:/home/user/.m2/repository/org/glassfish/hk2/osgi-resource-locator/1.0.1/osgi-resource-locator-1.0.1.jar:/home/user/.m2/repository/javax/ws/rs/javax.ws.rs-api/2.1/javax.ws.rs-api-2.1.jar:/home/user/.m2/repository/org/glassfish/jersey/ext/cdi/jersey-cdi1x/2.27/jersey-cdi1x-2.27.jar:/home/user/.m2/repository/org/glassfish/jersey/inject/jersey-hk2/2.27/jersey-hk2-2.27.jar:/home/user/.m2/repository/org/glassfish/hk2/hk2-locator/2.5.0-b42/hk2-locator-2.5.0-b42.jar:/home/user/.m2/repository/org/javassist/javassist/3.22.0-CR2/javassist-3.22.0-CR2.jar:/home/user/.m2/repository/org/glassfish/hk2/hk2-api/2.5.0/hk2-api-2.5.0.jar:/home/user/.m2/repository/org/glassfish/hk2/external/jakarta.inject/2.5.0/jakarta.inject-2.5.0.jar:/home/user/.m2/repository/org/glassfish/hk2/hk2-utils/2.5.0/hk2-utils-2.5.0.jar:/home/user/.m2/repository/jakarta/annotation/jakarta.annotation-api/1.3.4/jakarta.annotation-api-1.3.4.jar:/home/user/.m2/repository/org/glassfish/hk2/external/aopalliance-repackaged/2.5.0/aopalliance-repackaged-2.5.0.jar:/home/user/.m2/repository/com/fasterxml/jackson/dataformat/jackson-dataformat-xml/2.10.3/jackson-dataformat-xml-2.10.3.jar:/home/user/.m2/repository/com/fasterxml/jackson/core/jackson-core/2.10.3/jackson-core-2.10.3.jar:/home/user/.m2/repository/com/fasterxml/jackson/module/jackson-module-jaxb-annotations/2.10.3/jackson-module-jaxb-annotations-2.10.3.jar:/home/user/.m2/repository/jakarta/xml/bind/jakarta.xml.bind-api/2.3.2/jakarta.xml.bind-api-2.3.2.jar:/home/user/.m2/repository/jakarta/activation/jakarta.activation-api/1.2.1/jakarta.activation-api-1.2.1.jar:/home/user/.m2/repository/org/codehaus/woodstox/stax2-api/3.1.4/stax2-api-3.1.4.jar:/home/user/.m2/repository/com/fasterxml/woodstox/woodstox-core/5.0.3/woodstox-core-5.0.3.jar:/home/user/.m2/repository/javax/enterprise/cdi-api/1.2/cdi-api-1.2.jar:/home/user/.m2/repository/javax/el/javax.el-api/3.0.0/javax.el-api-3.0.0.jar:/home/user/.m2/repository/javax/interceptor/javax.interceptor-api/1.2/javax.interceptor-api-1.2.jar:/home/user/.m2/repository/javax/inject/javax.inject/1/javax.inject-1.jar:/home/user/.m2/repository/com/sun/xml/bind/jaxb-impl/2.3.0.1/jaxb-impl-2.3.0.1.jar:/home/user/.m2/repository/com/sun/xml/bind/jaxb-core/2.3.0.1/jaxb-core-2.3.0.1.jar:/home/user/.m2/repository/javax/xml/bind/jaxb-api/2.3.0/jaxb-api-2.3.0.jar:/home/user/.m2/repository/javax/activation/activation/1.1.1/activation-1.1.1.jar:/home/user/.m2/repository/org/apache/hadoop/hadoop-ozone-csi/1.1.0-SNAPSHOT/hadoop-ozone-csi-1.1.0-SNAPSHOT.jar:/home/user/.m2/repository/com/google/protobuf/protobuf-java-util/3.11.0/protobuf-java-util-3.11.0.jar:/home/user/.m2/repository/com/google/code/gson/gson/2.2.4/gson-2.2.4.jar:/home/user/.m2/repository/org/apache/hadoop/hadoop-hdds-config/1.1.0-SNAPSHOT/hadoop-hdds-config-1.1.0-SNAPSHOT.jar:/home/user/.m2/repository/com/google/protobuf/protobuf-java/2.5.0/protobuf-java-2.5.0.jar:/home/user/.m2/repository/io/grpc/grpc-netty/1.29.0/grpc-netty-1.29.0.jar:/home/user/.m2/repository/io/grpc/grpc-core/1.29.0/grpc-core-1.29.0.jar:/home/user/.m2/repository/com/google/android/annotations/4.1.1.4/annotations-4.1.1.4.jar:/home/user/.m2/repository/io/perfmark/perfmark-api/0.19.0/perfmark-api-0.19.0.jar:/home/user/.m2/repository/io/netty/netty-codec-http2/4.1.48.Final/netty-codec-http2-4.1.48.Final.jar:/home/user/.m2/repository/io/netty/netty-codec/4.1.48.Final/netty-codec-4.1.48.Final.jar:/home/user/.m2/repository/io/netty/netty-handler/4.1.48.Final/netty-handler-4.1.48.Final.jar:/home/user/.m2/repository/io/netty/netty-codec-http/4.1.48.Final/netty-codec-http-4.1.48.Final.jar:/home/user/.m2/repository/io/netty/netty-handler-proxy/4.1.48.Final/netty-handler-proxy-4.1.48.Final.jar:/home/user/.m2/repository/io/netty/netty-codec-socks/4.1.48.Final/netty-codec-socks-4.1.48.Final.jar:/home/user/.m2/repository/io/netty/netty-transport-native-epoll/4.1.48.Final/netty-transport-native-epoll-4.1.48.Final.jar:/home/user/.m2/repository/io/netty/netty-common/4.1.48.Final/netty-common-4.1.48.Final.jar:/home/user/.m2/repository/io/netty/netty-buffer/4.1.48.Final/netty-buffer-4.1.48.Final.jar:/home/user/.m2/repository/io/netty/netty-transport/4.1.48.Final/netty-transport-4.1.48.Final.jar:/home/user/.m2/repository/io/netty/netty-resolver/4.1.48.Final/netty-resolver-4.1.48.Final.jar:/home/user/.m2/repository/io/netty/netty-transport-native-unix-common/4.1.48.Final/netty-transport-native-unix-common-4.1.48.Final.jar:/home/user/.m2/repository/io/grpc/grpc-protobuf/1.29.0/grpc-protobuf-1.29.0.jar:/home/user/.m2/repository/io/grpc/grpc-api/1.29.0/grpc-api-1.29.0.jar:/home/user/.m2/repository/io/grpc/grpc-context/1.29.0/grpc-context-1.29.0.jar:/home/user/.m2/repository/org/codehaus/mojo/animal-sniffer-annotations/1.18/animal-sniffer-annotations-1.18.jar:/home/user/.m2/repository/com/google/api/grpc/proto-google-common-protos/1.17.0/proto-google-common-protos-1.17.0.jar:/home/user/.m2/repository/io/grpc/grpc-protobuf-lite/1.29.0/grpc-protobuf-lite-1.29.0.jar:/home/user/.m2/repository/io/grpc/grpc-stub/1.29.0/grpc-stub-1.29.0.jar:/home/user/.m2/repository/org/apache/hadoop/hadoop-ozone-recon/1.1.0-SNAPSHOT/hadoop-ozone-recon-1.1.0-SNAPSHOT.jar:/home/user/.m2/repository/org/apache/hadoop/hadoop-ozone-reconcodegen/1.1.0-SNAPSHOT/hadoop-ozone-reconcodegen-1.1.0-SNAPSHOT.jar:/home/user/.m2/repository/com/google/inject/extensions/guice-multibindings/4.0/guice-multibindings-4.0.jar:/home/user/.m2/repository/com/google/inject/guice/4.0/guice-4.0.jar:/home/user/.m2/repository/aopalliance/aopalliance/1.0/aopalliance-1.0.jar:/home/user/.m2/repository/com/google/inject/extensions/guice-assistedinject/4.0/guice-assistedinject-4.0.jar:/home/user/.m2/repository/com/google/inject/extensions/guice-servlet/4.0/guice-servlet-4.0.jar:/home/user/.m2/repository/org/glassfish/jersey/containers/jersey-container-servlet/2.27/jersey-container-servlet-2.27.jar:/home/user/.m2/repository/org/glassfish/hk2/guice-bridge/2.5.0/guice-bridge-2.5.0.jar:/home/user/.m2/repository/org/glassfish/jersey/core/jersey-server/2.27/jersey-server-2.27.jar:/home/user/.m2/repository/org/glassfish/jersey/core/jersey-client/2.27/jersey-client-2.27.jar:/home/user/.m2/repository/org/glassfish/jersey/media/jersey-media-jaxb/2.27/jersey-media-jaxb-2.27.jar:/home/user/.m2/repository/javax/validation/validation-api/1.1.0.Final/validation-api-1.1.0.Final.jar:/home/user/.m2/repository/org/glassfish/jersey/media/jersey-media-json-jackson/2.27/jersey-media-json-jackson-2.27.jar:/home/user/.m2/repository/org/glassfish/jersey/ext/jersey-entity-filtering/2.27/jersey-entity-filtering-2.27.jar:/home/user/.m2/repository/org/jooq/jooq/3.11.10/jooq-3.11.10.jar:/home/user/.m2/repository/org/jooq/jooq-meta/3.11.10/jooq-meta-3.11.10.jar:/home/user/.m2/repository/org/jooq/jooq-codegen/3.11.10/jooq-codegen-3.11.10.jar:/home/user/.m2/repository/com/jolbox/bonecp/0.8.0.RELEASE/bonecp-0.8.0.RELEASE.jar:/home/user/.m2/repository/org/apache/derby/derby/10.14.2.0/derby-10.14.2.0.jar:/home/user/.m2/repository/org/xerial/sqlite-jdbc/3.25.2/sqlite-jdbc-3.25.2.jar:/home/user/.m2/repository/org/springframework/spring-jdbc/5.2.5.RELEASE/spring-jdbc-5.2.5.RELEASE.jar:/home/user/.m2/repository/org/springframework/spring-beans/5.2.5.RELEASE/spring-beans-5.2.5.RELEASE.jar:/home/user/.m2/repository/org/springframework/spring-core/5.2.5.RELEASE/spring-core-5.2.5.RELEASE.jar:/home/user/.m2/repository/org/springframework/spring-jcl/5.2.5.RELEASE/spring-jcl-5.2.5.RELEASE.jar:/home/user/.m2/repository/org/springframework/spring-tx/5.2.5.RELEASE/spring-tx-5.2.5.RELEASE.jar:/home/user/.m2/repository/org/apache/hadoop/hadoop-ozone-client/1.1.0-SNAPSHOT/hadoop-ozone-client-1.1.0-SNAPSHOT.jar:/home/user/.m2/repository/org/apache/hadoop/hadoop-ozone-filesystem/1.1.0-SNAPSHOT/hadoop-ozone-filesystem-1.1.0-SNAPSHOT.jar:/home/user/.m2/repository/org/apache/hadoop/hadoop-ozone-filesystem-common/1.1.0-SNAPSHOT/hadoop-ozone-filesystem-common-1.1.0-SNAPSHOT.jar:/home/user/.m2/repository/org/apache/hadoop/hadoop-ozone-tools/1.1.0-SNAPSHOT/hadoop-ozone-tools-1.1.0-SNAPSHOT.jar:/home/user/.m2/repository/org/apache/ratis/ratis-tools/1.1.0-913f5a4-SNAPSHOT/ratis-tools-1.1.0-913f5a4-SNAPSHOT.jar:/home/user/.m2/repository/org/apache/ratis/ratis-proto/1.1.0-913f5a4-SNAPSHOT/ratis-proto-1.1.0-913f5a4-SNAPSHOT.jar:/home/user/.m2/repository/org/apache/ratis/ratis-common/1.1.0-913f5a4-SNAPSHOT/ratis-common-1.1.0-913f5a4-SNAPSHOT.jar:/home/user/.m2/repository/com/amazonaws/aws-java-sdk-core/1.11.615/aws-java-sdk-core-1.11.615.jar:/home/user/.m2/repository/org/apache/httpcomponents/httpclient/4.5.13/httpclient-4.5.13.jar:/home/user/.m2/repository/org/apache/httpcomponents/httpcore/4.4.13/httpcore-4.4.13.jar:/home/user/.m2/repository/software/amazon/ion/ion-java/1.0.2/ion-java-1.0.2.jar:/home/user/.m2/repository/com/fasterxml/jackson/dataformat/jackson-dataformat-cbor/2.10.3/jackson-dataformat-cbor-2.10.3.jar:/home/user/.m2/repository/joda-time/joda-time/2.8.1/joda-time-2.8.1.jar:/home/user/.m2/repository/com/amazonaws/aws-java-sdk-s3/1.11.615/aws-java-sdk-s3-1.11.615.jar:/home/user/.m2/repository/com/amazonaws/aws-java-sdk-kms/1.11.615/aws-java-sdk-kms-1.11.615.jar:/home/user/.m2/repository/com/amazonaws/jmespath-java/1.11.615/jmespath-java-1.11.615.jar:/home/user/.m2/repository/org/kohsuke/metainf-services/metainf-services/1.8/metainf-services-1.8.jar:/home/user/.m2/repository/org/apache/hadoop/hadoop-hdds-tools/1.1.0-SNAPSHOT/hadoop-hdds-tools-1.1.0-SNAPSHOT.jar:/home/user/.m2/repository/commons-cli/commons-cli/1.2/commons-cli-1.2.jar:/home/user/.m2/repository/org/apache/commons/commons-lang3/3.7/commons-lang3-3.7.jar:/home/user/.m2/repository/org/apache/hadoop/hadoop-ozone-ozone-manager/1.1.0-SNAPSHOT/hadoop-ozone-ozone-manager-1.1.0-SNAPSHOT-tests.jar:/home/user/.m2/repository/org/apache/hadoop/hadoop-hdds-common/1.1.0-SNAPSHOT/hadoop-hdds-common-1.1.0-SNAPSHOT-tests.jar:/home/user/.m2/repository/org/apache/hadoop/hadoop-hdds-hadoop-dependency-client/1.1.0-SNAPSHOT/hadoop-hdds-hadoop-dependency-client-1.1.0-SNAPSHOT.jar:/home/user/.m2/repository/info/picocli/picocli/4.4.0/picocli-4.4.0.jar:/home/user/.m2/repository/com/fasterxml/jackson/core/jackson-annotations/2.10.3/jackson-annotations-2.10.3.jar:/home/user/.m2/repository/javax/annotation/javax.annotation-api/1.2/javax.annotation-api-1.2.jar:/home/user/.m2/repository/org/fusesource/leveldbjni/leveldbjni-all/1.8/leveldbjni-all-1.8.jar:/home/user/.m2/repository/org/apache/ratis/ratis-server/1.1.0-913f5a4-SNAPSHOT/ratis-server-1.1.0-913f5a4-SNAPSHOT.jar:/home/user/.m2/repository/org/apache/ratis/ratis-client/1.1.0-913f5a4-SNAPSHOT/ratis-client-1.1.0-913f5a4-SNAPSHOT.jar:/home/user/.m2/repository/org/apache/ratis/ratis-metrics/1.1.0-913f5a4-SNAPSHOT/ratis-metrics-1.1.0-913f5a4-SNAPSHOT.jar:/home/user/.m2/repository/org/apache/ratis/ratis-netty/1.1.0-913f5a4-SNAPSHOT/ratis-netty-1.1.0-913f5a4-SNAPSHOT.jar:/home/user/.m2/repository/org/apache/ratis/ratis-grpc/1.1.0-913f5a4-SNAPSHOT/ratis-grpc-1.1.0-913f5a4-SNAPSHOT.jar:/home/user/.m2/repository/org/apache/logging/log4j/log4j-api/2.13.3/log4j-api-2.13.3.jar:/home/user/.m2/repository/org/apache/logging/log4j/log4j-core/2.13.3/log4j-core-2.13.3.jar:/home/user/.m2/repository/com/lmax/disruptor/3.4.2/disruptor-3.4.2.jar:/home/user/.m2/repository/org/apache/commons/commons-pool2/2.6.0/commons-pool2-2.6.0.jar:/home/user/.m2/repository/org/bouncycastle/bcpkix-jdk15on/1.60/bcpkix-jdk15on-1.60.jar:/home/user/.m2/repository/commons-validator/commons-validator/1.6/commons-validator-1.6.jar:/home/user/.m2/repository/commons-beanutils/commons-beanutils/1.9.4/commons-beanutils-1.9.4.jar:/home/user/.m2/repository/commons-digester/commons-digester/1.8.1/commons-digester-1.8.1.jar:/home/user/.m2/repository/commons-collections/commons-collections/3.2.2/commons-collections-3.2.2.jar:/home/user/.m2/repository/io/jaegertracing/jaeger-client/1.2.0/jaeger-client-1.2.0.jar:/home/user/.m2/repository/io/jaegertracing/jaeger-thrift/1.2.0/jaeger-thrift-1.2.0.jar:/home/user/.m2/repository/org/apache/thrift/libthrift/0.13.0/libthrift-0.13.0.jar:/home/user/.m2/repository/com/squareup/okhttp3/okhttp/4.2.2/okhttp-4.2.2.jar:/home/user/.m2/repository/com/squareup/okio/okio/2.2.2/okio-2.2.2.jar:/home/user/.m2/repository/org/jetbrains/kotlin/kotlin-stdlib/1.3.50/kotlin-stdlib-1.3.50.jar:/home/user/.m2/repository/org/jetbrains/kotlin/kotlin-stdlib-common/1.3.50/kotlin-stdlib-common-1.3.50.jar:/home/user/.m2/repository/org/jetbrains/annotations/13.0/annotations-13.0.jar:/home/user/.m2/repository/io/jaegertracing/jaeger-core/1.2.0/jaeger-core-1.2.0.jar:/home/user/.m2/repository/io/jaegertracing/jaeger-tracerresolver/1.2.0/jaeger-tracerresolver-1.2.0.jar:/home/user/.m2/repository/io/opentracing/contrib/opentracing-tracerresolver/0.1.8/opentracing-tracerresolver-0.1.8.jar:/home/user/.m2/repository/io/opentracing/opentracing-util/0.33.0/opentracing-util-0.33.0.jar:/home/user/.m2/repository/io/opentracing/opentracing-api/0.33.0/opentracing-api-0.33.0.jar:/home/user/.m2/repository/io/opentracing/opentracing-noop/0.33.0/opentracing-noop-0.33.0.jar:/home/user/.m2/repository/org/yaml/snakeyaml/1.16/snakeyaml-1.16.jar:/home/user/.m2/repository/junit/junit/4.11/junit-4.11.jar:/home/user/.m2/repository/org/hamcrest/hamcrest-core/1.3/hamcrest-core-1.3.jar:/home/user/.m2/repository/org/openjdk/jmh/jmh-core/1.19/jmh-core-1.19.jar:/home/user/.m2/repository/net/sf/jopt-simple/jopt-simple/4.6/jopt-simple-4.6.jar:/home/user/.m2/repository/org/apache/commons/commons-math3/3.1.1/commons-math3-3.1.1.jar:/home/user/.m2/repository/org/openjdk/jmh/jmh-generator-annprocess/1.19/jmh-generator-annprocess-1.19.jar:/home/user/.m2/repository/org/mockito/mockito-all/1.8.5/mockito-all-1.8.5.jar:/home/user/.m2/repository/org/apache/hadoop/hadoop-kms/3.2.1/hadoop-kms-3.2.1.jar:/home/user/.m2/repository/org/apache/hadoop/hadoop-auth/3.2.1/hadoop-auth-3.2.1.jar:/home/user/.m2/repository/com/nimbusds/nimbus-jose-jwt/7.9/nimbus-jose-jwt-7.9.jar:/home/user/.m2/repository/com/github/stephenc/jcip/jcip-annotations/1.0-1/jcip-annotations-1.0-1.jar:/home/user/.m2/repository/net/minidev/json-smart/2.3/json-smart-2.3.jar:/home/user/.m2/repository/net/minidev/accessors-smart/1.2/accessors-smart-1.2.jar:/home/user/.m2/repository/org/ow2/asm/asm/5.0.4/asm-5.0.4.jar:/home/user/.m2/repository/org/apache/zookeeper/zookeeper/3.4.13/zookeeper-3.4.13.jar:/home/user/.m2/repository/org/apache/yetus/audience-annotations/0.5.0/audience-annotations-0.5.0.jar:/home/user/.m2/repository/org/apache/curator/curator-framework/2.13.0/curator-framework-2.13.0.jar:/home/user/.m2/repository/com/sun/jersey/jersey-core/1.19/jersey-core-1.19.jar:/home/user/.m2/repository/javax/ws/rs/jsr311-api/1.1.1/jsr311-api-1.1.1.jar:/home/user/.m2/repository/com/sun/jersey/jersey-server/1.19/jersey-server-1.19.jar:/home/user/.m2/repository/javax/servlet/javax.servlet-api/3.1.0/javax.servlet-api-3.1.0.jar:/home/user/.m2/repository/org/eclipse/jetty/jetty-server/9.4.34.v20201102/jetty-server-9.4.34.v20201102.jar:/home/user/.m2/repository/org/eclipse/jetty/jetty-http/9.4.34.v20201102/jetty-http-9.4.34.v20201102.jar:/home/user/.m2/repository/org/eclipse/jetty/jetty-io/9.4.34.v20201102/jetty-io-9.4.34.v20201102.jar:/home/user/.m2/repository/org/eclipse/jetty/jetty-webapp/9.4.34.v20201102/jetty-webapp-9.4.34.v20201102.jar:/home/user/.m2/repository/org/eclipse/jetty/jetty-xml/9.4.34.v20201102/jetty-xml-9.4.34.v20201102.jar:/home/user/.m2/repository/org/apache/hadoop/hadoop-common/3.2.1/hadoop-common-3.2.1.jar:/home/user/.m2/repository/commons-net/commons-net/3.6/commons-net-3.6.jar:/home/user/.m2/repository/com/sun/jersey/jersey-servlet/1.19/jersey-servlet-1.19.jar:/home/user/.m2/repository/com/sun/jersey/jersey-json/1.19/jersey-json-1.19.jar:/home/user/.m2/repository/org/codehaus/jettison/jettison/1.1/jettison-1.1.jar:/home/user/.m2/repository/org/codehaus/jackson/jackson-jaxrs/1.9.2/jackson-jaxrs-1.9.2.jar:/home/user/.m2/repository/org/codehaus/jackson/jackson-xc/1.9.2/jackson-xc-1.9.2.jar:/home/user/.m2/repository/org/apache/commons/commons-configuration2/2.1.1/commons-configuration2-2.1.1.jar:/home/user/.m2/repository/org/apache/commons/commons-text/1.4/commons-text-1.4.jar:/home/user/.m2/repository/com/google/re2j/re2j/1.1/re2j-1.1.jar:/home/user/.m2/repository/com/jcraft/jsch/0.1.54/jsch-0.1.54.jar:/home/user/.m2/repository/org/apache/curator/curator-client/2.13.0/curator-client-2.13.0.jar:/home/user/.m2/repository/org/apache/curator/curator-recipes/2.13.0/curator-recipes-2.13.0.jar:/home/user/.m2/repository/dnsjava/dnsjava/2.1.7/dnsjava-2.1.7.jar:/home/user/.m2/repository/org/slf4j/jul-to-slf4j/1.7.25/jul-to-slf4j-1.7.25.jar:/home/user/.m2/repository/org/eclipse/jetty/jetty-util/9.4.34.v20201102/jetty-util-9.4.34.v20201102.jar:/home/user/.m2/repository/com/fasterxml/jackson/core/jackson-databind/2.10.3/jackson-databind-2.10.3.jar:/home/user/.m2/repository/org/apache/hadoop/hadoop-kms/3.2.1/hadoop-kms-3.2.1-tests.jar:/home/user/.m2/repository/org/apache/hadoop/hadoop-hdds-server-scm/1.1.0-SNAPSHOT/hadoop-hdds-server-scm-1.1.0-SNAPSHOT-tests.jar:/home/user/.m2/repository/org/apache/hadoop/hadoop-hdds-container-service/1.1.0-SNAPSHOT/hadoop-hdds-container-service-1.1.0-SNAPSHOT-tests.jar:/home/user/.m2/repository/commons-codec/commons-codec/1.11/commons-codec-1.11.jar:/home/user/.m2/repository/org/apache/hadoop/hadoop-hdds-hadoop-dependency-test/1.1.0-SNAPSHOT/hadoop-hdds-hadoop-dependency-test-1.1.0-SNAPSHOT.jar:/home/user/.m2/repository/org/apache/hadoop/hadoop-common/3.2.1/hadoop-common-3.2.1-tests.jar:/home/user/.m2/repository/org/apache/hadoop/hadoop-hdfs/3.2.1/hadoop-hdfs-3.2.1-tests.jar:/home/user/.m2/repository/org/eclipse/jetty/jetty-util-ajax/9.4.34.v20201102/jetty-util-ajax-9.4.34.v20201102.jar:/home/user/.m2/repository/commons-daemon/commons-daemon/1.0.13/commons-daemon-1.0.13.jar:/home/user/.m2/repository/io/netty/netty/3.10.5.Final/netty-3.10.5.Final.jar:/home/user/.m2/repository/io/netty/netty-all/4.1.48.Final/netty-all-4.1.48.Final.jar:/home/user/.m2/repository/org/apache/htrace/htrace-core4/4.1.0-incubating/htrace-core4-4.1.0-incubating.jar:/home/user/.m2/repository/org/apache/hadoop/hadoop-distcp/3.2.1/hadoop-distcp-3.2.1.jar:/home/user/.m2/repository/org/apache/hadoop/hadoop-mapreduce-client-jobclient/3.2.1/hadoop-mapreduce-client-jobclient-3.2.1.jar:/home/user/.m2/repository/org/apache/hadoop/hadoop-mapreduce-client-common/3.2.1/hadoop-mapreduce-client-common-3.2.1.jar:/home/user/.m2/repository/org/apache/hadoop/hadoop-yarn-common/3.2.1/hadoop-yarn-common-3.2.1.jar:/home/user/.m2/repository/org/apache/hadoop/hadoop-yarn-api/3.2.1/hadoop-yarn-api-3.2.1.jar:/home/user/.m2/repository/com/sun/jersey/jersey-client/1.19/jersey-client-1.19.jar:/home/user/.m2/repository/com/sun/jersey/contribs/jersey-guice/1.19/jersey-guice-1.19.jar:/home/user/.m2/repository/com/fasterxml/jackson/jaxrs/jackson-jaxrs-json-provider/2.10.3/jackson-jaxrs-json-provider-2.10.3.jar:/home/user/.m2/repository/com/fasterxml/jackson/jaxrs/jackson-jaxrs-base/2.10.3/jackson-jaxrs-base-2.10.3.jar:/home/user/.m2/repository/org/apache/hadoop/hadoop-yarn-client/3.2.1/hadoop-yarn-client-3.2.1.jar:/home/user/.m2/repository/org/apache/hadoop/hadoop-mapreduce-client-core/3.2.1/hadoop-mapreduce-client-core-3.2.1.jar:/home/user/.m2/repository/org/apache/avro/avro/1.7.7/avro-1.7.7.jar:/home/user/.m2/repository/org/codehaus/jackson/jackson-core-asl/1.9.13/jackson-core-asl-1.9.13.jar:/home/user/.m2/repository/org/codehaus/jackson/jackson-mapper-asl/1.9.13/jackson-mapper-asl-1.9.13.jar:/home/user/.m2/repository/com/thoughtworks/paranamer/paranamer/2.3/paranamer-2.3.jar:/home/user/.m2/repository/org/xerial/snappy/snappy-java/1.0.5/snappy-java-1.0.5.jar:/home/user/.m2/repository/org/apache/hadoop/hadoop-annotations/3.2.1/hadoop-annotations-3.2.1.jar:/usr/lib/jvm/java-1.8.0-openjdk-1.8.0.232.b09-0.el7_7.x86_64/jre/../lib/tools.jar:/home/user/.m2/repository/org/apache/hadoop/hadoop-distcp/3.2.1/hadoop-distcp-3.2.1-tests.jar:"/>
    <property name="java.vm.vendor" value="Oracle Corporation"/>
    <property name="sun.arch.data.model" value="64"/>
    <property name="test.build.dir" value="/github/workspace/mnt/ozone/hadoop-ozone/integration-test/target/test-dir"/>
    <property name="test.cache.data" value=""/>
    <property name="java.vendor.url" value="http://java.oracle.com/"/>
    <property name="user.timezone" value=""/>
    <property name="java.vm.specification.version" value="1.8"/>
    <property name="os.name" value="Linux"/>
    <property name="test.build.data" value="/github/workspace/mnt/ozone/hadoop-ozone/integration-test/target/test-dir"/>
    <property name="user.country" value="US"/>
    <property name="sun.java.launcher" value="SUN_STANDARD"/>
    <property name="sun.boot.library.path" value="/usr/lib/jvm/java-1.8.0-openjdk-1.8.0.232.b09-0.el7_7.x86_64/jre/lib/amd64"/>
    <property name="sun.java.command" value="/github/workspace/mnt/ozone/hadoop-ozone/integration-test/target/surefire/surefirebooter9216910061467540135.jar /github/workspace/mnt/ozone/hadoop-ozone/integration-test/target/surefire 2020-11-30T19-26-06_343-jvmRun1 surefire5024233072370148760tmp surefire_126651287972732575930tmp"/>
    <property name="surefire.test.class.path" value="/github/workspace/mnt/ozone/hadoop-ozone/integration-test/target/test-classes:/github/workspace/mnt/ozone/hadoop-ozone/integration-test/target/classes:/home/user/.m2/repository/org/apache/hadoop/hadoop-ozone-common/1.1.0-SNAPSHOT/hadoop-ozone-common-1.1.0-SNAPSHOT.jar:/home/user/.m2/repository/org/apache/commons/commons-compress/1.4.1/commons-compress-1.4.1.jar:/home/user/.m2/repository/org/tukaani/xz/1.0/xz-1.0.jar:/home/user/.m2/repository/org/apache/hadoop/hadoop-hdds-common/1.1.0-SNAPSHOT/hadoop-hdds-common-1.1.0-SNAPSHOT.jar:/home/user/.m2/repository/org/apache/hadoop/hadoop-hdds-client/1.1.0-SNAPSHOT/hadoop-hdds-client-1.1.0-SNAPSHOT.jar:/home/user/.m2/repository/org/apache/hadoop/hadoop-ozone-interface-client/1.1.0-SNAPSHOT/hadoop-ozone-interface-client-1.1.0-SNAPSHOT.jar:/home/user/.m2/repository/org/apache/hadoop/hadoop-hdds-test-utils/1.1.0-SNAPSHOT/hadoop-hdds-test-utils-1.1.0-SNAPSHOT.jar:/home/user/.m2/repository/com/google/guava/guava/28.2-jre/guava-28.2-jre.jar:/home/user/.m2/repository/com/google/guava/failureaccess/1.0.1/failureaccess-1.0.1.jar:/home/user/.m2/repository/com/google/guava/listenablefuture/9999.0-empty-to-avoid-conflict-with-guava/listenablefuture-9999.0-empty-to-avoid-conflict-with-guava.jar:/home/user/.m2/repository/com/google/code/findbugs/jsr305/3.0.0/jsr305-3.0.0.jar:/home/user/.m2/repository/org/checkerframework/checker-qual/2.10.0/checker-qual-2.10.0.jar:/home/user/.m2/repository/com/google/errorprone/error_prone_annotations/2.2.0/error_prone_annotations-2.2.0.jar:/home/user/.m2/repository/com/google/j2objc/j2objc-annotations/1.3/j2objc-annotations-1.3.jar:/home/user/.m2/repository/commons-io/commons-io/2.5/commons-io-2.5.jar:/home/user/.m2/repository/commons-logging/commons-logging/1.2/commons-logging-1.2.jar:/home/user/.m2/repository/log4j/log4j/1.2.17/log4j-1.2.17.jar:/home/user/.m2/repository/org/slf4j/slf4j-api/1.7.25/slf4j-api-1.7.25.jar:/home/user/.m2/repository/org/apache/hadoop/hadoop-hdds-server-scm/1.1.0-SNAPSHOT/hadoop-hdds-server-scm-1.1.0-SNAPSHOT.jar:/home/user/.m2/repository/org/apache/hadoop/hadoop-hdds-container-service/1.1.0-SNAPSHOT/hadoop-hdds-container-service-1.1.0-SNAPSHOT.jar:/home/user/.m2/repository/org/apache/hadoop/hadoop-hdds-hadoop-dependency-server/1.1.0-SNAPSHOT/hadoop-hdds-hadoop-dependency-server-1.1.0-SNAPSHOT.jar:/home/user/.m2/repository/org/apache/hadoop/hadoop-hdfs/3.2.1/hadoop-hdfs-3.2.1.jar:/home/user/.m2/repository/org/apache/hadoop/hadoop-hdds-server-framework/1.1.0-SNAPSHOT/hadoop-hdds-server-framework-1.1.0-SNAPSHOT.jar:/home/user/.m2/repository/org/apache/hadoop/hadoop-hdds-interface-server/1.1.0-SNAPSHOT/hadoop-hdds-interface-server-1.1.0-SNAPSHOT.jar:/home/user/.m2/repository/org/apache/hadoop/hadoop-hdds-interface-admin/1.1.0-SNAPSHOT/hadoop-hdds-interface-admin-1.1.0-SNAPSHOT.jar:/home/user/.m2/repository/org/eclipse/jetty/jetty-servlet/9.4.34.v20201102/jetty-servlet-9.4.34.v20201102.jar:/home/user/.m2/repository/org/eclipse/jetty/jetty-security/9.4.34.v20201102/jetty-security-9.4.34.v20201102.jar:/home/user/.m2/repository/org/rocksdb/rocksdbjni/6.8.1/rocksdbjni-6.8.1.jar:/home/user/.m2/repository/io/prometheus/simpleclient_dropwizard/0.7.0/simpleclient_dropwizard-0.7.0.jar:/home/user/.m2/repository/io/prometheus/simpleclient/0.7.0/simpleclient-0.7.0.jar:/home/user/.m2/repository/io/prometheus/simpleclient_common/0.7.0/simpleclient_common-0.7.0.jar:/home/user/.m2/repository/com/fasterxml/jackson/datatype/jackson-datatype-jsr310/2.10.3/jackson-datatype-jsr310-2.10.3.jar:/home/user/.m2/repository/io/dropwizard/metrics/metrics-core/3.2.4/metrics-core-3.2.4.jar:/home/user/.m2/repository/org/apache/hadoop/hadoop-hdfs-client/3.2.1/hadoop-hdfs-client-3.2.1.jar:/home/user/.m2/repository/org/bouncycastle/bcprov-jdk15on/1.60/bcprov-jdk15on-1.60.jar:/home/user/.m2/repository/org/apache/hadoop/hadoop-ozone-ozone-manager/1.1.0-SNAPSHOT/hadoop-ozone-ozone-manager-1.1.0-SNAPSHOT.jar:/home/user/.m2/repository/org/apache/hadoop/hadoop-hdds-interface-client/1.1.0-SNAPSHOT/hadoop-hdds-interface-client-1.1.0-SNAPSHOT.jar:/home/user/.m2/repository/org/apache/ratis/ratis-thirdparty-misc/0.6.0-SNAPSHOT/ratis-thirdparty-misc-0.6.0-SNAPSHOT.jar:/home/user/.m2/repository/org/apache/hadoop/hadoop-ozone-interface-storage/1.1.0-SNAPSHOT/hadoop-ozone-interface-storage-1.1.0-SNAPSHOT.jar:/home/user/.m2/repository/org/apache/hadoop/hadoop-minikdc/3.2.1/hadoop-minikdc-3.2.1.jar:/home/user/.m2/repository/org/apache/kerby/kerb-simplekdc/1.0.1/kerb-simplekdc-1.0.1.jar:/home/user/.m2/repository/org/apache/kerby/kerb-client/1.0.1/kerb-client-1.0.1.jar:/home/user/.m2/repository/org/apache/kerby/kerby-config/1.0.1/kerby-config-1.0.1.jar:/home/user/.m2/repository/org/apache/kerby/kerb-core/1.0.1/kerb-core-1.0.1.jar:/home/user/.m2/repository/org/apache/kerby/kerby-pkix/1.0.1/kerby-pkix-1.0.1.jar:/home/user/.m2/repository/org/apache/kerby/kerby-asn1/1.0.1/kerby-asn1-1.0.1.jar:/home/user/.m2/repository/org/apache/kerby/kerby-util/1.0.1/kerby-util-1.0.1.jar:/home/user/.m2/repository/org/apache/kerby/kerb-common/1.0.1/kerb-common-1.0.1.jar:/home/user/.m2/repository/org/apache/kerby/kerb-crypto/1.0.1/kerb-crypto-1.0.1.jar:/home/user/.m2/repository/org/apache/kerby/kerb-util/1.0.1/kerb-util-1.0.1.jar:/home/user/.m2/repository/org/apache/kerby/token-provider/1.0.1/token-provider-1.0.1.jar:/home/user/.m2/repository/org/apache/kerby/kerb-admin/1.0.1/kerb-admin-1.0.1.jar:/home/user/.m2/repository/org/apache/kerby/kerb-server/1.0.1/kerb-server-1.0.1.jar:/home/user/.m2/repository/org/apache/kerby/kerb-identity/1.0.1/kerb-identity-1.0.1.jar:/home/user/.m2/repository/org/apache/kerby/kerby-xdr/1.0.1/kerby-xdr-1.0.1.jar:/home/user/.m2/repository/org/slf4j/slf4j-log4j12/1.7.25/slf4j-log4j12-1.7.25.jar:/home/user/.m2/repository/org/apache/hadoop/hadoop-ozone-s3gateway/1.1.0-SNAPSHOT/hadoop-ozone-s3gateway-1.1.0-SNAPSHOT.jar:/home/user/.m2/repository/org/jboss/weld/servlet/weld-servlet/2.4.7.Final/weld-servlet-2.4.7.Final.jar:/home/user/.m2/repository/org/glassfish/jersey/containers/jersey-container-servlet-core/2.27/jersey-container-servlet-core-2.27.jar:/home/user/.m2/repository/org/glassfish/hk2/external/javax.inject/2.5.0-b42/javax.inject-2.5.0-b42.jar:/home/user/.m2/repository/org/glassfish/jersey/core/jersey-common/2.27/jersey-common-2.27.jar:/home/user/.m2/repository/org/glassfish/hk2/osgi-resource-locator/1.0.1/osgi-resource-locator-1.0.1.jar:/home/user/.m2/repository/javax/ws/rs/javax.ws.rs-api/2.1/javax.ws.rs-api-2.1.jar:/home/user/.m2/repository/org/glassfish/jersey/ext/cdi/jersey-cdi1x/2.27/jersey-cdi1x-2.27.jar:/home/user/.m2/repository/org/glassfish/jersey/inject/jersey-hk2/2.27/jersey-hk2-2.27.jar:/home/user/.m2/repository/org/glassfish/hk2/hk2-locator/2.5.0-b42/hk2-locator-2.5.0-b42.jar:/home/user/.m2/repository/org/javassist/javassist/3.22.0-CR2/javassist-3.22.0-CR2.jar:/home/user/.m2/repository/org/glassfish/hk2/hk2-api/2.5.0/hk2-api-2.5.0.jar:/home/user/.m2/repository/org/glassfish/hk2/external/jakarta.inject/2.5.0/jakarta.inject-2.5.0.jar:/home/user/.m2/repository/org/glassfish/hk2/hk2-utils/2.5.0/hk2-utils-2.5.0.jar:/home/user/.m2/repository/jakarta/annotation/jakarta.annotation-api/1.3.4/jakarta.annotation-api-1.3.4.jar:/home/user/.m2/repository/org/glassfish/hk2/external/aopalliance-repackaged/2.5.0/aopalliance-repackaged-2.5.0.jar:/home/user/.m2/repository/com/fasterxml/jackson/dataformat/jackson-dataformat-xml/2.10.3/jackson-dataformat-xml-2.10.3.jar:/home/user/.m2/repository/com/fasterxml/jackson/core/jackson-core/2.10.3/jackson-core-2.10.3.jar:/home/user/.m2/repository/com/fasterxml/jackson/module/jackson-module-jaxb-annotations/2.10.3/jackson-module-jaxb-annotations-2.10.3.jar:/home/user/.m2/repository/jakarta/xml/bind/jakarta.xml.bind-api/2.3.2/jakarta.xml.bind-api-2.3.2.jar:/home/user/.m2/repository/jakarta/activation/jakarta.activation-api/1.2.1/jakarta.activation-api-1.2.1.jar:/home/user/.m2/repository/org/codehaus/woodstox/stax2-api/3.1.4/stax2-api-3.1.4.jar:/home/user/.m2/repository/com/fasterxml/woodstox/woodstox-core/5.0.3/woodstox-core-5.0.3.jar:/home/user/.m2/repository/javax/enterprise/cdi-api/1.2/cdi-api-1.2.jar:/home/user/.m2/repository/javax/el/javax.el-api/3.0.0/javax.el-api-3.0.0.jar:/home/user/.m2/repository/javax/interceptor/javax.interceptor-api/1.2/javax.interceptor-api-1.2.jar:/home/user/.m2/repository/javax/inject/javax.inject/1/javax.inject-1.jar:/home/user/.m2/repository/com/sun/xml/bind/jaxb-impl/2.3.0.1/jaxb-impl-2.3.0.1.jar:/home/user/.m2/repository/com/sun/xml/bind/jaxb-core/2.3.0.1/jaxb-core-2.3.0.1.jar:/home/user/.m2/repository/javax/xml/bind/jaxb-api/2.3.0/jaxb-api-2.3.0.jar:/home/user/.m2/repository/javax/activation/activation/1.1.1/activation-1.1.1.jar:/home/user/.m2/repository/org/apache/hadoop/hadoop-ozone-csi/1.1.0-SNAPSHOT/hadoop-ozone-csi-1.1.0-SNAPSHOT.jar:/home/user/.m2/repository/com/google/protobuf/protobuf-java-util/3.11.0/protobuf-java-util-3.11.0.jar:/home/user/.m2/repository/com/google/code/gson/gson/2.2.4/gson-2.2.4.jar:/home/user/.m2/repository/org/apache/hadoop/hadoop-hdds-config/1.1.0-SNAPSHOT/hadoop-hdds-config-1.1.0-SNAPSHOT.jar:/home/user/.m2/repository/com/google/protobuf/protobuf-java/2.5.0/protobuf-java-2.5.0.jar:/home/user/.m2/repository/io/grpc/grpc-netty/1.29.0/grpc-netty-1.29.0.jar:/home/user/.m2/repository/io/grpc/grpc-core/1.29.0/grpc-core-1.29.0.jar:/home/user/.m2/repository/com/google/android/annotations/4.1.1.4/annotations-4.1.1.4.jar:/home/user/.m2/repository/io/perfmark/perfmark-api/0.19.0/perfmark-api-0.19.0.jar:/home/user/.m2/repository/io/netty/netty-codec-http2/4.1.48.Final/netty-codec-http2-4.1.48.Final.jar:/home/user/.m2/repository/io/netty/netty-codec/4.1.48.Final/netty-codec-4.1.48.Final.jar:/home/user/.m2/repository/io/netty/netty-handler/4.1.48.Final/netty-handler-4.1.48.Final.jar:/home/user/.m2/repository/io/netty/netty-codec-http/4.1.48.Final/netty-codec-http-4.1.48.Final.jar:/home/user/.m2/repository/io/netty/netty-handler-proxy/4.1.48.Final/netty-handler-proxy-4.1.48.Final.jar:/home/user/.m2/repository/io/netty/netty-codec-socks/4.1.48.Final/netty-codec-socks-4.1.48.Final.jar:/home/user/.m2/repository/io/netty/netty-transport-native-epoll/4.1.48.Final/netty-transport-native-epoll-4.1.48.Final.jar:/home/user/.m2/repository/io/netty/netty-common/4.1.48.Final/netty-common-4.1.48.Final.jar:/home/user/.m2/repository/io/netty/netty-buffer/4.1.48.Final/netty-buffer-4.1.48.Final.jar:/home/user/.m2/repository/io/netty/netty-transport/4.1.48.Final/netty-transport-4.1.48.Final.jar:/home/user/.m2/repository/io/netty/netty-resolver/4.1.48.Final/netty-resolver-4.1.48.Final.jar:/home/user/.m2/repository/io/netty/netty-transport-native-unix-common/4.1.48.Final/netty-transport-native-unix-common-4.1.48.Final.jar:/home/user/.m2/repository/io/grpc/grpc-protobuf/1.29.0/grpc-protobuf-1.29.0.jar:/home/user/.m2/repository/io/grpc/grpc-api/1.29.0/grpc-api-1.29.0.jar:/home/user/.m2/repository/io/grpc/grpc-context/1.29.0/grpc-context-1.29.0.jar:/home/user/.m2/repository/org/codehaus/mojo/animal-sniffer-annotations/1.18/animal-sniffer-annotations-1.18.jar:/home/user/.m2/repository/com/google/api/grpc/proto-google-common-protos/1.17.0/proto-google-common-protos-1.17.0.jar:/home/user/.m2/repository/io/grpc/grpc-protobuf-lite/1.29.0/grpc-protobuf-lite-1.29.0.jar:/home/user/.m2/repository/io/grpc/grpc-stub/1.29.0/grpc-stub-1.29.0.jar:/home/user/.m2/repository/org/apache/hadoop/hadoop-ozone-recon/1.1.0-SNAPSHOT/hadoop-ozone-recon-1.1.0-SNAPSHOT.jar:/home/user/.m2/repository/org/apache/hadoop/hadoop-ozone-reconcodegen/1.1.0-SNAPSHOT/hadoop-ozone-reconcodegen-1.1.0-SNAPSHOT.jar:/home/user/.m2/repository/com/google/inject/extensions/guice-multibindings/4.0/guice-multibindings-4.0.jar:/home/user/.m2/repository/com/google/inject/guice/4.0/guice-4.0.jar:/home/user/.m2/repository/aopalliance/aopalliance/1.0/aopalliance-1.0.jar:/home/user/.m2/repository/com/google/inject/extensions/guice-assistedinject/4.0/guice-assistedinject-4.0.jar:/home/user/.m2/repository/com/google/inject/extensions/guice-servlet/4.0/guice-servlet-4.0.jar:/home/user/.m2/repository/org/glassfish/jersey/containers/jersey-container-servlet/2.27/jersey-container-servlet-2.27.jar:/home/user/.m2/repository/org/glassfish/hk2/guice-bridge/2.5.0/guice-bridge-2.5.0.jar:/home/user/.m2/repository/org/glassfish/jersey/core/jersey-server/2.27/jersey-server-2.27.jar:/home/user/.m2/repository/org/glassfish/jersey/core/jersey-client/2.27/jersey-client-2.27.jar:/home/user/.m2/repository/org/glassfish/jersey/media/jersey-media-jaxb/2.27/jersey-media-jaxb-2.27.jar:/home/user/.m2/repository/javax/validation/validation-api/1.1.0.Final/validation-api-1.1.0.Final.jar:/home/user/.m2/repository/org/glassfish/jersey/media/jersey-media-json-jackson/2.27/jersey-media-json-jackson-2.27.jar:/home/user/.m2/repository/org/glassfish/jersey/ext/jersey-entity-filtering/2.27/jersey-entity-filtering-2.27.jar:/home/user/.m2/repository/org/jooq/jooq/3.11.10/jooq-3.11.10.jar:/home/user/.m2/repository/org/jooq/jooq-meta/3.11.10/jooq-meta-3.11.10.jar:/home/user/.m2/repository/org/jooq/jooq-codegen/3.11.10/jooq-codegen-3.11.10.jar:/home/user/.m2/repository/com/jolbox/bonecp/0.8.0.RELEASE/bonecp-0.8.0.RELEASE.jar:/home/user/.m2/repository/org/apache/derby/derby/10.14.2.0/derby-10.14.2.0.jar:/home/user/.m2/repository/org/xerial/sqlite-jdbc/3.25.2/sqlite-jdbc-3.25.2.jar:/home/user/.m2/repository/org/springframework/spring-jdbc/5.2.5.RELEASE/spring-jdbc-5.2.5.RELEASE.jar:/home/user/.m2/repository/org/springframework/spring-beans/5.2.5.RELEASE/spring-beans-5.2.5.RELEASE.jar:/home/user/.m2/repository/org/springframework/spring-core/5.2.5.RELEASE/spring-core-5.2.5.RELEASE.jar:/home/user/.m2/repository/org/springframework/spring-jcl/5.2.5.RELEASE/spring-jcl-5.2.5.RELEASE.jar:/home/user/.m2/repository/org/springframework/spring-tx/5.2.5.RELEASE/spring-tx-5.2.5.RELEASE.jar:/home/user/.m2/repository/org/apache/hadoop/hadoop-ozone-client/1.1.0-SNAPSHOT/hadoop-ozone-client-1.1.0-SNAPSHOT.jar:/home/user/.m2/repository/org/apache/hadoop/hadoop-ozone-filesystem/1.1.0-SNAPSHOT/hadoop-ozone-filesystem-1.1.0-SNAPSHOT.jar:/home/user/.m2/repository/org/apache/hadoop/hadoop-ozone-filesystem-common/1.1.0-SNAPSHOT/hadoop-ozone-filesystem-common-1.1.0-SNAPSHOT.jar:/home/user/.m2/repository/org/apache/hadoop/hadoop-ozone-tools/1.1.0-SNAPSHOT/hadoop-ozone-tools-1.1.0-SNAPSHOT.jar:/home/user/.m2/repository/org/apache/ratis/ratis-tools/1.1.0-913f5a4-SNAPSHOT/ratis-tools-1.1.0-913f5a4-SNAPSHOT.jar:/home/user/.m2/repository/org/apache/ratis/ratis-proto/1.1.0-913f5a4-SNAPSHOT/ratis-proto-1.1.0-913f5a4-SNAPSHOT.jar:/home/user/.m2/repository/org/apache/ratis/ratis-common/1.1.0-913f5a4-SNAPSHOT/ratis-common-1.1.0-913f5a4-SNAPSHOT.jar:/home/user/.m2/repository/com/amazonaws/aws-java-sdk-core/1.11.615/aws-java-sdk-core-1.11.615.jar:/home/user/.m2/repository/org/apache/httpcomponents/httpclient/4.5.13/httpclient-4.5.13.jar:/home/user/.m2/repository/org/apache/httpcomponents/httpcore/4.4.13/httpcore-4.4.13.jar:/home/user/.m2/repository/software/amazon/ion/ion-java/1.0.2/ion-java-1.0.2.jar:/home/user/.m2/repository/com/fasterxml/jackson/dataformat/jackson-dataformat-cbor/2.10.3/jackson-dataformat-cbor-2.10.3.jar:/home/user/.m2/repository/joda-time/joda-time/2.8.1/joda-time-2.8.1.jar:/home/user/.m2/repository/com/amazonaws/aws-java-sdk-s3/1.11.615/aws-java-sdk-s3-1.11.615.jar:/home/user/.m2/repository/com/amazonaws/aws-java-sdk-kms/1.11.615/aws-java-sdk-kms-1.11.615.jar:/home/user/.m2/repository/com/amazonaws/jmespath-java/1.11.615/jmespath-java-1.11.615.jar:/home/user/.m2/repository/org/kohsuke/metainf-services/metainf-services/1.8/metainf-services-1.8.jar:/home/user/.m2/repository/org/apache/hadoop/hadoop-hdds-tools/1.1.0-SNAPSHOT/hadoop-hdds-tools-1.1.0-SNAPSHOT.jar:/home/user/.m2/repository/commons-cli/commons-cli/1.2/commons-cli-1.2.jar:/home/user/.m2/repository/org/apache/commons/commons-lang3/3.7/commons-lang3-3.7.jar:/home/user/.m2/repository/org/apache/hadoop/hadoop-ozone-ozone-manager/1.1.0-SNAPSHOT/hadoop-ozone-ozone-manager-1.1.0-SNAPSHOT-tests.jar:/home/user/.m2/repository/org/apache/hadoop/hadoop-hdds-common/1.1.0-SNAPSHOT/hadoop-hdds-common-1.1.0-SNAPSHOT-tests.jar:/home/user/.m2/repository/org/apache/hadoop/hadoop-hdds-hadoop-dependency-client/1.1.0-SNAPSHOT/hadoop-hdds-hadoop-dependency-client-1.1.0-SNAPSHOT.jar:/home/user/.m2/repository/info/picocli/picocli/4.4.0/picocli-4.4.0.jar:/home/user/.m2/repository/com/fasterxml/jackson/core/jackson-annotations/2.10.3/jackson-annotations-2.10.3.jar:/home/user/.m2/repository/javax/annotation/javax.annotation-api/1.2/javax.annotation-api-1.2.jar:/home/user/.m2/repository/org/fusesource/leveldbjni/leveldbjni-all/1.8/leveldbjni-all-1.8.jar:/home/user/.m2/repository/org/apache/ratis/ratis-server/1.1.0-913f5a4-SNAPSHOT/ratis-server-1.1.0-913f5a4-SNAPSHOT.jar:/home/user/.m2/repository/org/apache/ratis/ratis-client/1.1.0-913f5a4-SNAPSHOT/ratis-client-1.1.0-913f5a4-SNAPSHOT.jar:/home/user/.m2/repository/org/apache/ratis/ratis-metrics/1.1.0-913f5a4-SNAPSHOT/ratis-metrics-1.1.0-913f5a4-SNAPSHOT.jar:/home/user/.m2/repository/org/apache/ratis/ratis-netty/1.1.0-913f5a4-SNAPSHOT/ratis-netty-1.1.0-913f5a4-SNAPSHOT.jar:/home/user/.m2/repository/org/apache/ratis/ratis-grpc/1.1.0-913f5a4-SNAPSHOT/ratis-grpc-1.1.0-913f5a4-SNAPSHOT.jar:/home/user/.m2/repository/org/apache/logging/log4j/log4j-api/2.13.3/log4j-api-2.13.3.jar:/home/user/.m2/repository/org/apache/logging/log4j/log4j-core/2.13.3/log4j-core-2.13.3.jar:/home/user/.m2/repository/com/lmax/disruptor/3.4.2/disruptor-3.4.2.jar:/home/user/.m2/repository/org/apache/commons/commons-pool2/2.6.0/commons-pool2-2.6.0.jar:/home/user/.m2/repository/org/bouncycastle/bcpkix-jdk15on/1.60/bcpkix-jdk15on-1.60.jar:/home/user/.m2/repository/commons-validator/commons-validator/1.6/commons-validator-1.6.jar:/home/user/.m2/repository/commons-beanutils/commons-beanutils/1.9.4/commons-beanutils-1.9.4.jar:/home/user/.m2/repository/commons-digester/commons-digester/1.8.1/commons-digester-1.8.1.jar:/home/user/.m2/repository/commons-collections/commons-collections/3.2.2/commons-collections-3.2.2.jar:/home/user/.m2/repository/io/jaegertracing/jaeger-client/1.2.0/jaeger-client-1.2.0.jar:/home/user/.m2/repository/io/jaegertracing/jaeger-thrift/1.2.0/jaeger-thrift-1.2.0.jar:/home/user/.m2/repository/org/apache/thrift/libthrift/0.13.0/libthrift-0.13.0.jar:/home/user/.m2/repository/com/squareup/okhttp3/okhttp/4.2.2/okhttp-4.2.2.jar:/home/user/.m2/repository/com/squareup/okio/okio/2.2.2/okio-2.2.2.jar:/home/user/.m2/repository/org/jetbrains/kotlin/kotlin-stdlib/1.3.50/kotlin-stdlib-1.3.50.jar:/home/user/.m2/repository/org/jetbrains/kotlin/kotlin-stdlib-common/1.3.50/kotlin-stdlib-common-1.3.50.jar:/home/user/.m2/repository/org/jetbrains/annotations/13.0/annotations-13.0.jar:/home/user/.m2/repository/io/jaegertracing/jaeger-core/1.2.0/jaeger-core-1.2.0.jar:/home/user/.m2/repository/io/jaegertracing/jaeger-tracerresolver/1.2.0/jaeger-tracerresolver-1.2.0.jar:/home/user/.m2/repository/io/opentracing/contrib/opentracing-tracerresolver/0.1.8/opentracing-tracerresolver-0.1.8.jar:/home/user/.m2/repository/io/opentracing/opentracing-util/0.33.0/opentracing-util-0.33.0.jar:/home/user/.m2/repository/io/opentracing/opentracing-api/0.33.0/opentracing-api-0.33.0.jar:/home/user/.m2/repository/io/opentracing/opentracing-noop/0.33.0/opentracing-noop-0.33.0.jar:/home/user/.m2/repository/org/yaml/snakeyaml/1.16/snakeyaml-1.16.jar:/home/user/.m2/repository/junit/junit/4.11/junit-4.11.jar:/home/user/.m2/repository/org/hamcrest/hamcrest-core/1.3/hamcrest-core-1.3.jar:/home/user/.m2/repository/org/openjdk/jmh/jmh-core/1.19/jmh-core-1.19.jar:/home/user/.m2/repository/net/sf/jopt-simple/jopt-simple/4.6/jopt-simple-4.6.jar:/home/user/.m2/repository/org/apache/commons/commons-math3/3.1.1/commons-math3-3.1.1.jar:/home/user/.m2/repository/org/openjdk/jmh/jmh-generator-annprocess/1.19/jmh-generator-annprocess-1.19.jar:/home/user/.m2/repository/org/mockito/mockito-all/1.8.5/mockito-all-1.8.5.jar:/home/user/.m2/repository/org/apache/hadoop/hadoop-kms/3.2.1/hadoop-kms-3.2.1.jar:/home/user/.m2/repository/org/apache/hadoop/hadoop-auth/3.2.1/hadoop-auth-3.2.1.jar:/home/user/.m2/repository/com/nimbusds/nimbus-jose-jwt/7.9/nimbus-jose-jwt-7.9.jar:/home/user/.m2/repository/com/github/stephenc/jcip/jcip-annotations/1.0-1/jcip-annotations-1.0-1.jar:/home/user/.m2/repository/net/minidev/json-smart/2.3/json-smart-2.3.jar:/home/user/.m2/repository/net/minidev/accessors-smart/1.2/accessors-smart-1.2.jar:/home/user/.m2/repository/org/ow2/asm/asm/5.0.4/asm-5.0.4.jar:/home/user/.m2/repository/org/apache/zookeeper/zookeeper/3.4.13/zookeeper-3.4.13.jar:/home/user/.m2/repository/org/apache/yetus/audience-annotations/0.5.0/audience-annotations-0.5.0.jar:/home/user/.m2/repository/org/apache/curator/curator-framework/2.13.0/curator-framework-2.13.0.jar:/home/user/.m2/repository/com/sun/jersey/jersey-core/1.19/jersey-core-1.19.jar:/home/user/.m2/repository/javax/ws/rs/jsr311-api/1.1.1/jsr311-api-1.1.1.jar:/home/user/.m2/repository/com/sun/jersey/jersey-server/1.19/jersey-server-1.19.jar:/home/user/.m2/repository/javax/servlet/javax.servlet-api/3.1.0/javax.servlet-api-3.1.0.jar:/home/user/.m2/repository/org/eclipse/jetty/jetty-server/9.4.34.v20201102/jetty-server-9.4.34.v20201102.jar:/home/user/.m2/repository/org/eclipse/jetty/jetty-http/9.4.34.v20201102/jetty-http-9.4.34.v20201102.jar:/home/user/.m2/repository/org/eclipse/jetty/jetty-io/9.4.34.v20201102/jetty-io-9.4.34.v20201102.jar:/home/user/.m2/repository/org/eclipse/jetty/jetty-webapp/9.4.34.v20201102/jetty-webapp-9.4.34.v20201102.jar:/home/user/.m2/repository/org/eclipse/jetty/jetty-xml/9.4.34.v20201102/jetty-xml-9.4.34.v20201102.jar:/home/user/.m2/repository/org/apache/hadoop/hadoop-common/3.2.1/hadoop-common-3.2.1.jar:/home/user/.m2/repository/commons-net/commons-net/3.6/commons-net-3.6.jar:/home/user/.m2/repository/com/sun/jersey/jersey-servlet/1.19/jersey-servlet-1.19.jar:/home/user/.m2/repository/com/sun/jersey/jersey-json/1.19/jersey-json-1.19.jar:/home/user/.m2/repository/org/codehaus/jettison/jettison/1.1/jettison-1.1.jar:/home/user/.m2/repository/org/codehaus/jackson/jackson-jaxrs/1.9.2/jackson-jaxrs-1.9.2.jar:/home/user/.m2/repository/org/codehaus/jackson/jackson-xc/1.9.2/jackson-xc-1.9.2.jar:/home/user/.m2/repository/org/apache/commons/commons-configuration2/2.1.1/commons-configuration2-2.1.1.jar:/home/user/.m2/repository/org/apache/commons/commons-text/1.4/commons-text-1.4.jar:/home/user/.m2/repository/com/google/re2j/re2j/1.1/re2j-1.1.jar:/home/user/.m2/repository/com/jcraft/jsch/0.1.54/jsch-0.1.54.jar:/home/user/.m2/repository/org/apache/curator/curator-client/2.13.0/curator-client-2.13.0.jar:/home/user/.m2/repository/org/apache/curator/curator-recipes/2.13.0/curator-recipes-2.13.0.jar:/home/user/.m2/repository/dnsjava/dnsjava/2.1.7/dnsjava-2.1.7.jar:/home/user/.m2/repository/org/slf4j/jul-to-slf4j/1.7.25/jul-to-slf4j-1.7.25.jar:/home/user/.m2/repository/org/eclipse/jetty/jetty-util/9.4.34.v20201102/jetty-util-9.4.34.v20201102.jar:/home/user/.m2/repository/com/fasterxml/jackson/core/jackson-databind/2.10.3/jackson-databind-2.10.3.jar:/home/user/.m2/repository/org/apache/hadoop/hadoop-kms/3.2.1/hadoop-kms-3.2.1-tests.jar:/home/user/.m2/repository/org/apache/hadoop/hadoop-hdds-server-scm/1.1.0-SNAPSHOT/hadoop-hdds-server-scm-1.1.0-SNAPSHOT-tests.jar:/home/user/.m2/repository/org/apache/hadoop/hadoop-hdds-container-service/1.1.0-SNAPSHOT/hadoop-hdds-container-service-1.1.0-SNAPSHOT-tests.jar:/home/user/.m2/repository/commons-codec/commons-codec/1.11/commons-codec-1.11.jar:/home/user/.m2/repository/org/apache/hadoop/hadoop-hdds-hadoop-dependency-test/1.1.0-SNAPSHOT/hadoop-hdds-hadoop-dependency-test-1.1.0-SNAPSHOT.jar:/home/user/.m2/repository/org/apache/hadoop/hadoop-common/3.2.1/hadoop-common-3.2.1-tests.jar:/home/user/.m2/repository/org/apache/hadoop/hadoop-hdfs/3.2.1/hadoop-hdfs-3.2.1-tests.jar:/home/user/.m2/repository/org/eclipse/jetty/jetty-util-ajax/9.4.34.v20201102/jetty-util-ajax-9.4.34.v20201102.jar:/home/user/.m2/repository/commons-daemon/commons-daemon/1.0.13/commons-daemon-1.0.13.jar:/home/user/.m2/repository/io/netty/netty/3.10.5.Final/netty-3.10.5.Final.jar:/home/user/.m2/repository/io/netty/netty-all/4.1.48.Final/netty-all-4.1.48.Final.jar:/home/user/.m2/repository/org/apache/htrace/htrace-core4/4.1.0-incubating/htrace-core4-4.1.0-incubating.jar:/home/user/.m2/repository/org/apache/hadoop/hadoop-distcp/3.2.1/hadoop-distcp-3.2.1.jar:/home/user/.m2/repository/org/apache/hadoop/hadoop-mapreduce-client-jobclient/3.2.1/hadoop-mapreduce-client-jobclient-3.2.1.jar:/home/user/.m2/repository/org/apache/hadoop/hadoop-mapreduce-client-common/3.2.1/hadoop-mapreduce-client-common-3.2.1.jar:/home/user/.m2/repository/org/apache/hadoop/hadoop-yarn-common/3.2.1/hadoop-yarn-common-3.2.1.jar:/home/user/.m2/repository/org/apache/hadoop/hadoop-yarn-api/3.2.1/hadoop-yarn-api-3.2.1.jar:/home/user/.m2/repository/com/sun/jersey/jersey-client/1.19/jersey-client-1.19.jar:/home/user/.m2/repository/com/sun/jersey/contribs/jersey-guice/1.19/jersey-guice-1.19.jar:/home/user/.m2/repository/com/fasterxml/jackson/jaxrs/jackson-jaxrs-json-provider/2.10.3/jackson-jaxrs-json-provider-2.10.3.jar:/home/user/.m2/repository/com/fasterxml/jackson/jaxrs/jackson-jaxrs-base/2.10.3/jackson-jaxrs-base-2.10.3.jar:/home/user/.m2/repository/org/apache/hadoop/hadoop-yarn-client/3.2.1/hadoop-yarn-client-3.2.1.jar:/home/user/.m2/repository/org/apache/hadoop/hadoop-mapreduce-client-core/3.2.1/hadoop-mapreduce-client-core-3.2.1.jar:/home/user/.m2/repository/org/apache/avro/avro/1.7.7/avro-1.7.7.jar:/home/user/.m2/repository/org/codehaus/jackson/jackson-core-asl/1.9.13/jackson-core-asl-1.9.13.jar:/home/user/.m2/repository/org/codehaus/jackson/jackson-mapper-asl/1.9.13/jackson-mapper-asl-1.9.13.jar:/home/user/.m2/repository/com/thoughtworks/paranamer/paranamer/2.3/paranamer-2.3.jar:/home/user/.m2/repository/org/xerial/snappy/snappy-java/1.0.5/snappy-java-1.0.5.jar:/home/user/.m2/repository/org/apache/hadoop/hadoop-annotations/3.2.1/hadoop-annotations-3.2.1.jar:/usr/lib/jvm/java-1.8.0-openjdk-1.8.0.232.b09-0.el7_7.x86_64/jre/../lib/tools.jar:/home/user/.m2/repository/org/apache/hadoop/hadoop-distcp/3.2.1/hadoop-distcp-3.2.1-tests.jar:"/>
    <property name="sun.cpu.endian" value="little"/>
    <property name="user.home" value="/home/user"/>
    <property name="user.language" value="en"/>
    <property name="java.specification.vendor" value="Oracle Corporation"/>
    <property name="java.home" value="/usr/lib/jvm/java-1.8.0-openjdk-1.8.0.232.b09-0.el7_7.x86_64/jre"/>
    <property name="java.security.krb5.conf" value="/github/workspace/mnt/ozone/hadoop-ozone/integration-test/target/test-classes/krb5.conf"/>
    <property name="basedir" value="/github/workspace/mnt/ozone/hadoop-ozone/integration-test"/>
    <property name="file.separator" value="/"/>
    <property name="line.separator" value="&#10;"/>
    <property name="java.vm.specification.vendor" value="Oracle Corporation"/>
    <property name="java.specification.name" value="Java Platform API Specification"/>
    <property name="java.awt.graphicsenv" value="sun.awt.X11GraphicsEnvironment"/>
    <property name="skip.installnpx" value="true"/>
    <property name="surefire.real.class.path" value="/github/workspace/mnt/ozone/hadoop-ozone/integration-test/target/surefire/surefirebooter9216910061467540135.jar:/home/user/.m2/repository/org/jacoco/org.jacoco.agent/0.8.5/org.jacoco.agent-0.8.5-runtime.jar"/>
    <property name="hadoop.log.dir" value="/github/workspace/mnt/ozone/hadoop-ozone/integration-test/target/log"/>
    <property name="sun.boot.class.path" value="/usr/lib/jvm/java-1.8.0-openjdk-1.8.0.232.b09-0.el7_7.x86_64/jre/lib/resources.jar:/usr/lib/jvm/java-1.8.0-openjdk-1.8.0.232.b09-0.el7_7.x86_64/jre/lib/rt.jar:/usr/lib/jvm/java-1.8.0-openjdk-1.8.0.232.b09-0.el7_7.x86_64/jre/lib/sunrsasign.jar:/usr/lib/jvm/java-1.8.0-openjdk-1.8.0.232.b09-0.el7_7.x86_64/jre/lib/jsse.jar:/usr/lib/jvm/java-1.8.0-openjdk-1.8.0.232.b09-0.el7_7.x86_64/jre/lib/jce.jar:/usr/lib/jvm/java-1.8.0-openjdk-1.8.0.232.b09-0.el7_7.x86_64/jre/lib/charsets.jar:/usr/lib/jvm/java-1.8.0-openjdk-1.8.0.232.b09-0.el7_7.x86_64/jre/lib/jfr.jar:/usr/lib/jvm/java-1.8.0-openjdk-1.8.0.232.b09-0.el7_7.x86_64/jre/classes"/>
    <property name="sun.management.compiler" value="HotSpot 64-Bit Tiered Compilers"/>
    <property name="skip.npx" value="true"/>
    <property name="java.runtime.version" value="1.8.0_232-b09"/>
    <property name="java.net.preferIPv4Stack" value="true"/>
    <property name="user.name" value="jenkins1001"/>
    <property name="path.separator" value=":"/>
    <property name="java.security.egd" value="file:///dev/urandom"/>
    <property name="os.version" value="5.4.0-1031-azure"/>
    <property name="java.endorsed.dirs" value="/usr/lib/jvm/java-1.8.0-openjdk-1.8.0.232.b09-0.el7_7.x86_64/jre/lib/endorsed"/>
    <property name="java.runtime.name" value="OpenJDK Runtime Environment"/>
    <property name="file.encoding" value="ANSI_X3.4-1968"/>
    <property name="java.vm.name" value="OpenJDK 64-Bit Server VM"/>
    <property name="test.build.webapps" value=""/>
    <property name="localRepository" value="/home/user/.m2/repository"/>
    <property name="java.vendor.url.bug" value="http://bugreport.sun.com/bugreport/"/>
    <property name="java.io.tmpdir" value="/tmp"/>
    <property name="require.test.libhadoop" value=""/>
    <property name="java.version" value="1.8.0_232"/>
    <property name="user.dir" value="/github/workspace/mnt/ozone/hadoop-ozone/integration-test"/>
    <property name="os.arch" value="amd64"/>
    <property name="java.vm.specification.name" value="Java Virtual Machine Specification"/>
    <property name="test.build.classes" value="/github/workspace/mnt/ozone/hadoop-ozone/integration-test/target/test-classes"/>
    <property name="java.awt.printerjob" value="sun.print.PSPrinterJob"/>
    <property name="sun.os.patch.level" value="unknown"/>
    <property name="hadoop.tmp.dir" value="/github/workspace/mnt/ozone/hadoop-ozone/integration-test/target/tmp"/>
    <property name="java.library.path" value="/usr/lib:/usr/java/packages/lib/amd64:/usr/lib64:/lib64:/lib:/usr/lib"/>
    <property name="java.vm.info" value="mixed mode"/>
    <property name="java.vendor" value="Oracle Corporation"/>
    <property name="java.vm.version" value="25.232-b09"/>
    <property name="java.ext.dirs" value="/usr/lib/jvm/java-1.8.0-openjdk-1.8.0.232.b09-0.el7_7.x86_64/jre/lib/ext:/usr/java/packages/lib/ext"/>
    <property name="sun.io.unicode.encoding" value="UnicodeLittle"/>
    <property name="java.class.version" value="52.0"/>
  </properties>
  <testcase name="testGroupMismatchExceptionHandling" classname="org.apache.hadoop.ozone.client.rpc.TestOzoneClientRetriesOnException" time="62.898"/>
  <testcase name="testMaxRetriesByOzoneClient" classname="org.apache.hadoop.ozone.client.rpc.TestOzoneClientRetriesOnException" time="46.077">
    <failure message="Expected exception not thrown" type="java.lang.AssertionError">java.lang.AssertionError: Expected exception not thrown
	at org.junit.Assert.fail(Assert.java:88)
	at org.apache.hadoop.ozone.client.rpc.TestOzoneClientRetriesOnException.testMaxRetriesByOzoneClient(TestOzoneClientRetriesOnException.java:235)
	at sun.reflect.NativeMethodAccessorImpl.invoke0(Native Method)
	at sun.reflect.NativeMethodAccessorImpl.invoke(NativeMethodAccessorImpl.java:62)
	at sun.reflect.DelegatingMethodAccessorImpl.invoke(DelegatingMethodAccessorImpl.java:43)
	at java.lang.reflect.Method.invoke(Method.java:498)
	at org.junit.runners.model.FrameworkMethod$1.runReflectiveCall(FrameworkMethod.java:47)
	at org.junit.internal.runners.model.ReflectiveCallable.run(ReflectiveCallable.java:12)
	at org.junit.runners.model.FrameworkMethod.invokeExplosively(FrameworkMethod.java:44)
	at org.junit.internal.runners.statements.InvokeMethod.evaluate(InvokeMethod.java:17)
	at org.junit.internal.runners.statements.RunBefores.evaluate(RunBefores.java:26)
	at org.junit.internal.runners.statements.RunAfters.evaluate(RunAfters.java:27)
	at org.junit.internal.runners.statements.FailOnTimeout$StatementThread.run(FailOnTimeout.java:74)
</failure>
    <system-out><![CDATA[2020-11-30 19:45:15,039 [Thread-399] WARN  server.ServerUtils (ServerUtils.java:getScmDbDir(148)) - ozone.scm.db.dirs is not configured. We recommend adding this setting. Falling back to ozone.metadata.dirs instead.
2020-11-30 19:45:15,041 [Thread-399] WARN  server.ServerUtils (ServerUtils.java:getScmDbDir(148)) - ozone.scm.db.dirs is not configured. We recommend adding this setting. Falling back to ozone.metadata.dirs instead.
2020-11-30 19:45:15,042 [Thread-399] WARN  db.DBStoreBuilder (DBStoreBuilder.java:applyDBDefinition(145)) - ozone.scm.db.dirs is not configured. We recommend adding this setting. Falling back to ozone.metadata.dirs instead.
2020-11-30 19:45:15,066 [Thread-399] INFO  net.NodeSchemaLoader (NodeSchemaLoader.java:loadSchemaFromFile(126)) - Loading file from sun.misc.CompoundEnumeration@761e5530
2020-11-30 19:45:15,066 [Thread-399] INFO  net.NodeSchemaLoader (NodeSchemaLoader.java:loadSchema(172)) - Loading network topology layer schema file
2020-11-30 19:45:15,068 [Thread-399] WARN  server.ServerUtils (ServerUtils.java:sanitizeUserArgs(73)) - ozone.scm.stale.node.interval value = 300000 is larger than max = 100000 based on the key value of ozone.scm.heartbeat.thread.interval, reset to the max value 100000.
2020-11-30 19:45:15,069 [Thread-399] WARN  server.ServerUtils (ServerUtils.java:sanitizeUserArgs(73)) - ozone.scm.stale.node.interval value = 300000 is larger than max = 100000 based on the key value of ozone.scm.heartbeat.thread.interval, reset to the max value 100000.
2020-11-30 19:45:15,069 [Thread-399] INFO  node.SCMNodeManager (SCMNodeManager.java:<init>(120)) - Entering startup safe mode.
2020-11-30 19:45:15,069 [Thread-399] INFO  algorithms.ContainerPlacementPolicyFactory (ContainerPlacementPolicyFactory.java:getPolicy(60)) - Create container placement policy of type org.apache.hadoop.hdds.scm.container.placement.algorithms.SCMContainerPlacementRandom
2020-11-30 19:45:15,070 [Thread-399] INFO  algorithms.LeaderChoosePolicyFactory (LeaderChoosePolicyFactory.java:getPolicy(57)) - Create leader choose policy of type org.apache.hadoop.hdds.scm.pipeline.leader.choose.algorithms.DefaultLeaderChoosePolicy
2020-11-30 19:45:15,070 [Thread-399] INFO  pipeline.SCMPipelineManager (SCMPipelineManager.java:initializePipelineState(161)) - No pipeline exists in current db
2020-11-30 19:45:15,070 [Thread-399] INFO  algorithms.PipelineChoosePolicyFactory (PipelineChoosePolicyFactory.java:createPipelineChoosePolicyFromClass(75)) - Create pipeline choose policy of type org.apache.hadoop.hdds.scm.pipeline.choose.algorithms.RandomPipelineChoosePolicy
2020-11-30 19:45:15,071 [Thread-399] INFO  safemode.HealthyPipelineSafeModeRule (HealthyPipelineSafeModeRule.java:<init>(89)) - Total pipeline count is 0, healthy pipeline threshold count is 0
2020-11-30 19:45:15,072 [Thread-399] INFO  safemode.OneReplicaPipelineSafeModeRule (OneReplicaPipelineSafeModeRule.java:<init>(84)) - Total pipeline count is 0, pipeline's with at least one datanode reported threshold count is 0
2020-11-30 19:45:15,072 [Thread-399] INFO  ipc.CallQueueManager (CallQueueManager.java:<init>(84)) - Using callQueue: class java.util.concurrent.LinkedBlockingQueue, queueCapacity: 2000, scheduler: class org.apache.hadoop.ipc.DefaultRpcScheduler, ipcBackoff: false.
2020-11-30 19:45:15,073 [Socket Reader #1 for port 0] INFO  ipc.Server (Server.java:run(1219)) - Starting Socket Reader #1 for port 0
2020-11-30 19:45:15,075 [Listener at 0.0.0.0/40633] INFO  ipc.CallQueueManager (CallQueueManager.java:<init>(84)) - Using callQueue: class java.util.concurrent.LinkedBlockingQueue, queueCapacity: 2000, scheduler: class org.apache.hadoop.ipc.DefaultRpcScheduler, ipcBackoff: false.
2020-11-30 19:45:15,079 [Socket Reader #1 for port 0] INFO  ipc.Server (Server.java:run(1219)) - Starting Socket Reader #1 for port 0
2020-11-30 19:45:15,080 [Listener at 0.0.0.0/45069] INFO  ipc.CallQueueManager (CallQueueManager.java:<init>(84)) - Using callQueue: class java.util.concurrent.LinkedBlockingQueue, queueCapacity: 2000, scheduler: class org.apache.hadoop.ipc.DefaultRpcScheduler, ipcBackoff: false.
2020-11-30 19:45:15,080 [Socket Reader #1 for port 0] INFO  ipc.Server (Server.java:run(1219)) - Starting Socket Reader #1 for port 0
2020-11-30 19:45:15,089 [Listener at 0.0.0.0/41141] INFO  http.BaseHttpServer (BaseHttpServer.java:newHttpServer2BuilderForOzone(207)) - Starting Web-server for scm at: http://0.0.0.0:0
2020-11-30 19:45:15,089 [Listener at 0.0.0.0/41141] INFO  http.BaseHttpServer (BaseHttpServer.java:<init>(106)) - Hadoop Security Enabled: false Ozone Security Enabled: false Ozone HTTP Security Enabled: false 
2020-11-30 19:45:15,091 [Listener at 0.0.0.0/41141] INFO  server.AuthenticationFilter (AuthenticationFilter.java:constructSecretProvider(240)) - Unable to initialize FileSignerSecretProvider, falling back to use random secrets.
2020-11-30 19:45:15,091 [Listener at 0.0.0.0/41141] WARN  http.HttpRequestLog (HttpRequestLog.java:getRequestLog(103)) - Jetty request log can only be enabled using Log4j
2020-11-30 19:45:15,092 [Listener at 0.0.0.0/41141] INFO  http.HttpServer2 (HttpServer2.java:addGlobalFilter(1019)) - Added global filter 'safety' (class=org.apache.hadoop.hdds.server.http.HttpServer2$QuotingInputFilter)
2020-11-30 19:45:15,093 [Listener at 0.0.0.0/41141] INFO  http.HttpServer2 (HttpServer2.java:addFilter(995)) - Added filter static_user_filter (class=org.apache.hadoop.http.lib.StaticUserWebFilter$StaticUserFilter) to context scm
2020-11-30 19:45:15,093 [Listener at 0.0.0.0/41141] INFO  http.HttpServer2 (HttpServer2.java:addFilter(1003)) - Added filter static_user_filter (class=org.apache.hadoop.http.lib.StaticUserWebFilter$StaticUserFilter) to context logs
2020-11-30 19:45:15,093 [Listener at 0.0.0.0/41141] INFO  http.HttpServer2 (HttpServer2.java:addFilter(1003)) - Added filter static_user_filter (class=org.apache.hadoop.http.lib.StaticUserWebFilter$StaticUserFilter) to context static
2020-11-30 19:45:15,096 [Listener at 0.0.0.0/41141] INFO  server.StorageContainerManager (StorageContainerManager.java:start(780)) - StorageContainerLocationProtocol RPC server is listening at /0.0.0.0:41141
2020-11-30 19:45:15,097 [Listener at 0.0.0.0/41141] WARN  impl.MetricsConfig (MetricsConfig.java:loadFirst(134)) - Cannot locate configuration: tried hadoop-metrics2-storagecontainermanager.properties,hadoop-metrics2.properties
2020-11-30 19:45:15,098 [Listener at 0.0.0.0/41141] INFO  impl.MetricsSystemImpl (MetricsSystemImpl.java:startTimer(374)) - Scheduled Metric snapshot period at 10 second(s).
2020-11-30 19:45:15,098 [Listener at 0.0.0.0/41141] INFO  impl.MetricsSystemImpl (MetricsSystemImpl.java:start(191)) - StorageContainerManager metrics system started
2020-11-30 19:45:15,106 [Listener at 0.0.0.0/41141] WARN  impl.MetricsSystemImpl (MetricsSystemImpl.java:register(276)) - Sink prometheus already exists!
2020-11-30 19:45:15,117 [Listener at 0.0.0.0/41141] INFO  server.SCMClientProtocolServer (SCMClientProtocolServer.java:start(156)) - RPC server for Client  is listening at /0.0.0.0:41141
2020-11-30 19:45:15,117 [IPC Server Responder] INFO  ipc.Server (Server.java:run(1460)) - IPC Server Responder: starting
2020-11-30 19:45:15,121 [IPC Server listener on 0] INFO  ipc.Server (Server.java:run(1298)) - IPC Server listener on 0: starting
2020-11-30 19:45:15,124 [Listener at 0.0.0.0/41141] INFO  server.StorageContainerManager (StorageContainerManager.java:start(792)) - ScmBlockLocationProtocol RPC server is listening at /0.0.0.0:45069
2020-11-30 19:45:15,125 [Listener at 0.0.0.0/41141] INFO  server.SCMBlockProtocolServer (SCMBlockProtocolServer.java:start(150)) - RPC server for Block Protocol is listening at /0.0.0.0:45069
2020-11-30 19:45:15,125 [IPC Server Responder] INFO  ipc.Server (Server.java:run(1460)) - IPC Server Responder: starting
2020-11-30 19:45:15,126 [IPC Server listener on 0] INFO  ipc.Server (Server.java:run(1298)) - IPC Server listener on 0: starting
2020-11-30 19:45:15,136 [Listener at 0.0.0.0/41141] INFO  server.StorageContainerManager (StorageContainerManager.java:start(798)) - ScmDatanodeProtocl RPC server is listening at /0.0.0.0:40633
2020-11-30 19:45:15,137 [Listener at 0.0.0.0/41141] INFO  server.SCMDatanodeProtocolServer (SCMDatanodeProtocolServer.java:start(172)) - RPC server for DataNodes is listening at /0.0.0.0:40633
2020-11-30 19:45:15,137 [IPC Server Responder] INFO  ipc.Server (Server.java:run(1460)) - IPC Server Responder: starting
2020-11-30 19:45:15,139 [IPC Server listener on 0] INFO  ipc.Server (Server.java:run(1298)) - IPC Server listener on 0: starting
2020-11-30 19:45:15,142 [Listener at 0.0.0.0/41141] INFO  http.HttpServer2 (HttpServer2.java:bindListener(1237)) - Jetty bound to port 38459
2020-11-30 19:45:15,142 [Listener at 0.0.0.0/41141] INFO  server.Server (Server.java:doStart(375)) - jetty-9.4.34.v20201102; built: 2020-11-02T14:15:39.302Z; git: e46af88704a893fc12cb0e3bf46e2c7b48a009e7; jvm 1.8.0_232-b09
2020-11-30 19:45:15,144 [Listener at 0.0.0.0/41141] INFO  server.session (DefaultSessionIdManager.java:doStart(334)) - DefaultSessionIdManager workerName=node0
2020-11-30 19:45:15,144 [Listener at 0.0.0.0/41141] INFO  server.session (DefaultSessionIdManager.java:doStart(339)) - No SessionScavenger set, using defaults
2020-11-30 19:45:15,144 [Listener at 0.0.0.0/41141] INFO  server.session (HouseKeeper.java:startScavenging(132)) - node0 Scavenging every 660000ms
2020-11-30 19:45:15,146 [Listener at 0.0.0.0/41141] INFO  handler.ContextHandler (ContextHandler.java:doStart(916)) - Started o.e.j.s.ServletContextHandler@2efa1c2b{logs,/logs,file:///github/workspace/mnt/ozone/hadoop-ozone/integration-test/target/log,AVAILABLE}
2020-11-30 19:45:15,147 [Listener at 0.0.0.0/41141] INFO  handler.ContextHandler (ContextHandler.java:doStart(916)) - Started o.e.j.s.ServletContextHandler@5352ccb4{static,/static,file:///github/workspace/mnt/ozone/hadoop-ozone/integration-test/target/test-classes/webapps/static,AVAILABLE}
2020-11-30 19:45:15,154 [Listener at 0.0.0.0/41141] INFO  handler.ContextHandler (ContextHandler.java:doStart(916)) - Started o.e.j.w.WebAppContext@6508bd7c{scm,/,file:///github/workspace/mnt/ozone/hadoop-ozone/integration-test/target/test-classes/webapps/scm/,AVAILABLE}{file:/github/workspace/mnt/ozone/hadoop-ozone/integration-test/target/test-classes/webapps/scm}
2020-11-30 19:45:15,156 [Listener at 0.0.0.0/41141] INFO  server.AbstractConnector (AbstractConnector.java:doStart(331)) - Started ServerConnector@51e6f6e4{HTTP/1.1, (http/1.1)}{0.0.0.0:38459}
2020-11-30 19:45:15,156 [Listener at 0.0.0.0/41141] INFO  server.Server (Server.java:doStart(415)) - Started @63928ms
2020-11-30 19:45:15,156 [Listener at 0.0.0.0/41141] WARN  impl.MetricsSystemImpl (MetricsSystemImpl.java:register(276)) - Sink prometheus already exists!
2020-11-30 19:45:15,160 [Listener at 0.0.0.0/41141] INFO  http.BaseHttpServer (BaseHttpServer.java:updateConnectorAddress(327)) - HTTP server of scm listening at http://0.0.0.0:38459
2020-11-30 19:45:15,161 [Listener at 0.0.0.0/41141] WARN  server.ServerUtils (ServerUtils.java:getDBPath(225)) - ozone.om.db.dirs is not configured. We recommend adding this setting. Falling back to ozone.metadata.dirs instead.
2020-11-30 19:45:15,162 [org.apache.hadoop.util.JvmPauseMonitor$Monitor@503445b7] INFO  util.JvmPauseMonitor (JvmPauseMonitor.java:run(188)) - Starting JVM pause monitor
2020-11-30 19:45:15,162 [Listener at 0.0.0.0/41141] INFO  ha.OMHANodeDetails (OMHANodeDetails.java:loadOMHAConfig(104)) - ozone.om.internal.service.id is not defined, falling back to ozone.om.service.ids to find serviceID for OzoneManager if it is HA enabled cluster
2020-11-30 19:45:15,162 [Listener at 0.0.0.0/41141] INFO  ha.OMHANodeDetails (OMHANodeDetails.java:loadOMHAConfig(213)) - Configuration either no ozone.om.address set. Falling back to the default OM address /127.0.0.1:0
2020-11-30 19:45:15,163 [Listener at 0.0.0.0/41141] INFO  ha.OMHANodeDetails (OMHANodeDetails.java:getOMNodeDetails(241)) - OM Service ID is not set. Setting it to the default ID: omServiceIdDefault
2020-11-30 19:45:15,163 [Listener at 0.0.0.0/41141] WARN  server.ServerUtils (ServerUtils.java:getDBPath(225)) - ozone.om.db.dirs is not configured. We recommend adding this setting. Falling back to ozone.metadata.dirs instead.
2020-11-30 19:45:15,163 [Listener at 0.0.0.0/41141] WARN  server.ServerUtils (ServerUtils.java:getDBPath(225)) - ozone.om.db.dirs is not configured. We recommend adding this setting. Falling back to ozone.metadata.dirs instead.
2020-11-30 19:45:15,168 [Listener at 0.0.0.0/41141] WARN  server.ServerUtils (ServerUtils.java:getDBPath(225)) - ozone.om.db.dirs is not configured. We recommend adding this setting. Falling back to ozone.metadata.dirs instead.
2020-11-30 19:45:15,169 [Listener at 0.0.0.0/41141] INFO  codec.OmKeyInfoCodec (OmKeyInfoCodec.java:<init>(41)) - OmKeyInfoCodec ignorePipeline = true
2020-11-30 19:45:15,169 [Listener at 0.0.0.0/41141] INFO  codec.RepeatedOmKeyInfoCodec (RepeatedOmKeyInfoCodec.java:<init>(40)) - RepeatedOmKeyInfoCodec ignorePipeline = true
2020-11-30 19:45:15,221 [Listener at 0.0.0.0/41141] INFO  om.OzoneManager (OzoneManager.java:addS3GVolumeToDB(3741)) - Created Volume s3v With Owner jenkins1001 required for S3Gateway operations.
2020-11-30 19:45:15,222 [Listener at 0.0.0.0/41141] INFO  ipc.CallQueueManager (CallQueueManager.java:<init>(84)) - Using callQueue: class java.util.concurrent.LinkedBlockingQueue, queueCapacity: 2000, scheduler: class org.apache.hadoop.ipc.DefaultRpcScheduler, ipcBackoff: false.
2020-11-30 19:45:15,223 [Socket Reader #1 for port 0] INFO  ipc.Server (Server.java:run(1219)) - Starting Socket Reader #1 for port 0
2020-11-30 19:45:15,240 [Listener at 127.0.0.1/45407] INFO  impl.MetricsSystemImpl (MetricsSystemImpl.java:init(158)) - OzoneManager metrics system started (again)
2020-11-30 19:45:15,241 [Listener at 127.0.0.1/45407] INFO  om.OzoneManager (OzoneManager.java:start(1144)) - OzoneManager RPC server is listening at localhost/127.0.0.1:45407
2020-11-30 19:45:15,245 [Listener at 127.0.0.1/45407] INFO  http.BaseHttpServer (BaseHttpServer.java:newHttpServer2BuilderForOzone(207)) - Starting Web-server for ozoneManager at: http://0.0.0.0:0
2020-11-30 19:45:15,245 [Listener at 127.0.0.1/45407] INFO  http.BaseHttpServer (BaseHttpServer.java:<init>(106)) - Hadoop Security Enabled: false Ozone Security Enabled: false Ozone HTTP Security Enabled: false 
2020-11-30 19:45:15,247 [Listener at 127.0.0.1/45407] INFO  server.AuthenticationFilter (AuthenticationFilter.java:constructSecretProvider(240)) - Unable to initialize FileSignerSecretProvider, falling back to use random secrets.
2020-11-30 19:45:15,255 [Listener at 127.0.0.1/45407] WARN  http.HttpRequestLog (HttpRequestLog.java:getRequestLog(103)) - Jetty request log can only be enabled using Log4j
2020-11-30 19:45:15,256 [Listener at 127.0.0.1/45407] INFO  http.HttpServer2 (HttpServer2.java:addGlobalFilter(1019)) - Added global filter 'safety' (class=org.apache.hadoop.hdds.server.http.HttpServer2$QuotingInputFilter)
2020-11-30 19:45:15,257 [Listener at 127.0.0.1/45407] INFO  http.HttpServer2 (HttpServer2.java:addFilter(995)) - Added filter static_user_filter (class=org.apache.hadoop.http.lib.StaticUserWebFilter$StaticUserFilter) to context ozoneManager
2020-11-30 19:45:15,257 [Listener at 127.0.0.1/45407] INFO  http.HttpServer2 (HttpServer2.java:addFilter(1003)) - Added filter static_user_filter (class=org.apache.hadoop.http.lib.StaticUserWebFilter$StaticUserFilter) to context static
2020-11-30 19:45:15,257 [Listener at 127.0.0.1/45407] INFO  http.HttpServer2 (HttpServer2.java:addFilter(1003)) - Added filter static_user_filter (class=org.apache.hadoop.http.lib.StaticUserWebFilter$StaticUserFilter) to context logs
2020-11-30 19:45:15,257 [Listener at 127.0.0.1/45407] INFO  http.HttpServer2 (HttpServer2.java:bindListener(1237)) - Jetty bound to port 40271
2020-11-30 19:45:15,258 [Listener at 127.0.0.1/45407] INFO  server.Server (Server.java:doStart(375)) - jetty-9.4.34.v20201102; built: 2020-11-02T14:15:39.302Z; git: e46af88704a893fc12cb0e3bf46e2c7b48a009e7; jvm 1.8.0_232-b09
2020-11-30 19:45:15,262 [Listener at 127.0.0.1/45407] INFO  server.session (DefaultSessionIdManager.java:doStart(334)) - DefaultSessionIdManager workerName=node0
2020-11-30 19:45:15,263 [Listener at 127.0.0.1/45407] INFO  server.session (DefaultSessionIdManager.java:doStart(339)) - No SessionScavenger set, using defaults
2020-11-30 19:45:15,263 [Listener at 127.0.0.1/45407] INFO  server.session (HouseKeeper.java:startScavenging(132)) - node0 Scavenging every 600000ms
2020-11-30 19:45:15,263 [Listener at 127.0.0.1/45407] INFO  handler.ContextHandler (ContextHandler.java:doStart(916)) - Started o.e.j.s.ServletContextHandler@296c8d1b{logs,/logs,file:///github/workspace/mnt/ozone/hadoop-ozone/integration-test/target/log,AVAILABLE}
2020-11-30 19:45:15,264 [Listener at 127.0.0.1/45407] INFO  handler.ContextHandler (ContextHandler.java:doStart(916)) - Started o.e.j.s.ServletContextHandler@1d9d0d8b{static,/static,file:///github/workspace/mnt/ozone/hadoop-ozone/integration-test/target/test-classes/webapps/static,AVAILABLE}
2020-11-30 19:45:15,270 [Listener at 127.0.0.1/45407] INFO  handler.ContextHandler (ContextHandler.java:doStart(916)) - Started o.e.j.w.WebAppContext@63eb4c89{ozoneManager,/,file:///github/workspace/mnt/ozone/hadoop-ozone/integration-test/target/test-classes/webapps/ozoneManager/,AVAILABLE}{file:/github/workspace/mnt/ozone/hadoop-ozone/integration-test/target/test-classes/webapps/ozoneManager}
2020-11-30 19:45:15,271 [Listener at 127.0.0.1/45407] INFO  server.AbstractConnector (AbstractConnector.java:doStart(331)) - Started ServerConnector@65a18cdb{HTTP/1.1, (http/1.1)}{0.0.0.0:40271}
2020-11-30 19:45:15,274 [Listener at 127.0.0.1/45407] INFO  server.Server (Server.java:doStart(415)) - Started @64043ms
2020-11-30 19:45:15,274 [Listener at 127.0.0.1/45407] WARN  impl.MetricsSystemImpl (MetricsSystemImpl.java:register(276)) - Sink prometheus already exists!
2020-11-30 19:45:15,278 [Listener at 127.0.0.1/45407] INFO  http.BaseHttpServer (BaseHttpServer.java:updateConnectorAddress(327)) - HTTP server of ozoneManager listening at http://0.0.0.0:40271
2020-11-30 19:45:15,279 [IPC Server Responder] INFO  ipc.Server (Server.java:run(1460)) - IPC Server Responder: starting
2020-11-30 19:45:15,279 [IPC Server listener on 0] INFO  ipc.Server (Server.java:run(1298)) - IPC Server listener on 0: starting
2020-11-30 19:45:15,287 [Listener at 127.0.0.1/45407] INFO  om.OzoneManager (OzoneManager.java:startTrashEmptier(1269)) - Trash Interval set to 0. Files deleted will not move to trash
2020-11-30 19:45:15,303 [org.apache.hadoop.util.JvmPauseMonitor$Monitor@1ee27aa3] INFO  util.JvmPauseMonitor (JvmPauseMonitor.java:run(188)) - Starting JVM pause monitor
2020-11-30 19:45:15,325 [Listener at 127.0.0.1/45407] INFO  impl.MetricsSystemImpl (MetricsSystemImpl.java:init(158)) - HddsDatanode metrics system started (again)
2020-11-30 19:45:15,328 [Listener at 127.0.0.1/45407] INFO  ozone.HddsDatanodeService (HddsDatanodeService.java:start(217)) - HddsDatanodeService host:2c46048f23a6 ip:172.17.0.2
2020-11-30 19:45:15,331 [Listener at 127.0.0.1/45407] INFO  volume.HddsVolume (HddsVolume.java:<init>(176)) - Creating Volume: /github/workspace/mnt/ozone/hadoop-ozone/integration-test/target/test-dir/MiniOzoneClusterImpl-e29a2f86-0e02-4c39-a42b-ca59556809f6/datanode-0/data-0/containers/hdds of storage type : DISK and capacity : 9223372036854775807
2020-11-30 19:45:15,332 [Listener at 127.0.0.1/45407] INFO  volume.MutableVolumeSet (MutableVolumeSet.java:initializeVolumeSet(179)) - Added Volume : /github/workspace/mnt/ozone/hadoop-ozone/integration-test/target/test-dir/MiniOzoneClusterImpl-e29a2f86-0e02-4c39-a42b-ca59556809f6/datanode-0/data-0/containers/hdds to VolumeSet
2020-11-30 19:45:15,332 [Listener at 127.0.0.1/45407] INFO  volume.ThrottledAsyncChecker (ThrottledAsyncChecker.java:schedule(141)) - Scheduling a check for /github/workspace/mnt/ozone/hadoop-ozone/integration-test/target/test-dir/MiniOzoneClusterImpl-e29a2f86-0e02-4c39-a42b-ca59556809f6/datanode-0/data-0/containers/hdds
2020-11-30 19:45:15,333 [Listener at 127.0.0.1/45407] INFO  volume.HddsVolumeChecker (HddsVolumeChecker.java:checkAllVolumes(200)) - Scheduled health check for volume /github/workspace/mnt/ozone/hadoop-ozone/integration-test/target/test-dir/MiniOzoneClusterImpl-e29a2f86-0e02-4c39-a42b-ca59556809f6/datanode-0/data-0/containers/hdds
2020-11-30 19:45:15,345 [Thread-522] INFO  ozoneimpl.ContainerReader (ContainerReader.java:readVolume(123)) - Start to verify containers on volume /github/workspace/mnt/ozone/hadoop-ozone/integration-test/target/test-dir/MiniOzoneClusterImpl-e29a2f86-0e02-4c39-a42b-ca59556809f6/datanode-0/data-0/containers/hdds
2020-11-30 19:45:15,346 [Thread-522] INFO  ozoneimpl.ContainerReader (ContainerReader.java:readVolume(148)) - Finish verifying containers on volume /github/workspace/mnt/ozone/hadoop-ozone/integration-test/target/test-dir/MiniOzoneClusterImpl-e29a2f86-0e02-4c39-a42b-ca59556809f6/datanode-0/data-0/containers/hdds
2020-11-30 19:45:15,346 [Listener at 127.0.0.1/45407] INFO  ozoneimpl.OzoneContainer (OzoneContainer.java:buildContainerSet(194)) - Build ContainerSet costs 0s
2020-11-30 19:45:15,348 [Listener at 127.0.0.1/45407] INFO  impl.RaftServerProxy (ConfUtils.java:logGet(44)) - raft.rpc.type = GRPC (default)
2020-11-30 19:45:15,348 [Listener at 127.0.0.1/45407] INFO  grpc.GrpcFactory (GrpcFactory.java:checkPooledByteBufAllocatorUseCacheForAllThreads(45)) - PERFORMANCE WARNING: useCacheForAllThreads is true that may cause Netty to create a lot garbage objects and, as a result, trigger GC.
	It is recommended to disable useCacheForAllThreads by setting -Dorg.apache.ratis.thirdparty.io.netty.allocator.useCacheForAllThreads=false in command line.
2020-11-30 19:45:15,348 [Listener at 127.0.0.1/45407] INFO  grpc.GrpcConfigKeys (ConfUtils.java:logGet(44)) - raft.grpc.server.port = 0 (default)
2020-11-30 19:45:15,349 [Listener at 127.0.0.1/45407] INFO  server.GrpcService (ConfUtils.java:logGet(44)) - raft.grpc.message.size.max = 32MB (=33554432) (custom)
2020-11-30 19:45:15,349 [Listener at 127.0.0.1/45407] INFO  server.RaftServerConfigKeys (ConfUtils.java:logGet(44)) - raft.server.log.appender.buffer.byte-limit = 33554432 (custom)
2020-11-30 19:45:15,349 [Listener at 127.0.0.1/45407] INFO  server.GrpcService (ConfUtils.java:logGet(44)) - raft.grpc.flow.control.window = 5MB (=5242880) (custom)
2020-11-30 19:45:15,349 [Listener at 127.0.0.1/45407] INFO  server.RaftServerConfigKeys (ConfUtils.java:logGet(44)) - raft.server.rpc.request.timeout = 60s (custom)
2020-11-30 19:45:15,350 [Listener at 127.0.0.1/45407] INFO  impl.DataStreamServerImpl (ConfUtils.java:logGet(44)) - raft.datastream.type = DISABLED (default)
2020-11-30 19:45:15,350 [Listener at 127.0.0.1/45407] INFO  server.RaftServerConfigKeys (ConfUtils.java:logGet(44)) - raft.server.storage.dir = [/github/workspace/mnt/ozone/hadoop-ozone/integration-test/target/test-dir/MiniOzoneClusterImpl-e29a2f86-0e02-4c39-a42b-ca59556809f6/datanode-0/data/ratis] (custom)
2020-11-30 19:45:15,356 [Listener at 127.0.0.1/45407] INFO  http.BaseHttpServer (BaseHttpServer.java:newHttpServer2BuilderForOzone(207)) - Starting Web-server for hddsDatanode at: http://0.0.0.0:0
2020-11-30 19:45:15,356 [Listener at 127.0.0.1/45407] INFO  http.BaseHttpServer (BaseHttpServer.java:<init>(106)) - Hadoop Security Enabled: false Ozone Security Enabled: false Ozone HTTP Security Enabled: false 
2020-11-30 19:45:15,357 [Listener at 127.0.0.1/45407] INFO  server.AuthenticationFilter (AuthenticationFilter.java:constructSecretProvider(240)) - Unable to initialize FileSignerSecretProvider, falling back to use random secrets.
2020-11-30 19:45:15,358 [Listener at 127.0.0.1/45407] WARN  http.HttpRequestLog (HttpRequestLog.java:getRequestLog(103)) - Jetty request log can only be enabled using Log4j
2020-11-30 19:45:15,359 [Listener at 127.0.0.1/45407] INFO  http.HttpServer2 (HttpServer2.java:addGlobalFilter(1019)) - Added global filter 'safety' (class=org.apache.hadoop.hdds.server.http.HttpServer2$QuotingInputFilter)
2020-11-30 19:45:15,360 [Listener at 127.0.0.1/45407] INFO  http.HttpServer2 (HttpServer2.java:addFilter(995)) - Added filter static_user_filter (class=org.apache.hadoop.http.lib.StaticUserWebFilter$StaticUserFilter) to context hddsDatanode
2020-11-30 19:45:15,360 [Listener at 127.0.0.1/45407] INFO  http.HttpServer2 (HttpServer2.java:addFilter(1003)) - Added filter static_user_filter (class=org.apache.hadoop.http.lib.StaticUserWebFilter$StaticUserFilter) to context static
2020-11-30 19:45:15,360 [Listener at 127.0.0.1/45407] INFO  http.HttpServer2 (HttpServer2.java:addFilter(1003)) - Added filter static_user_filter (class=org.apache.hadoop.http.lib.StaticUserWebFilter$StaticUserFilter) to context logs
2020-11-30 19:45:15,361 [Listener at 127.0.0.1/45407] INFO  http.HttpServer2 (HttpServer2.java:bindListener(1237)) - Jetty bound to port 34453
2020-11-30 19:45:15,361 [Listener at 127.0.0.1/45407] INFO  server.Server (Server.java:doStart(375)) - jetty-9.4.34.v20201102; built: 2020-11-02T14:15:39.302Z; git: e46af88704a893fc12cb0e3bf46e2c7b48a009e7; jvm 1.8.0_232-b09
2020-11-30 19:45:15,362 [Listener at 127.0.0.1/45407] INFO  server.session (DefaultSessionIdManager.java:doStart(334)) - DefaultSessionIdManager workerName=node0
2020-11-30 19:45:15,362 [Listener at 127.0.0.1/45407] INFO  server.session (DefaultSessionIdManager.java:doStart(339)) - No SessionScavenger set, using defaults
2020-11-30 19:45:15,362 [Listener at 127.0.0.1/45407] INFO  server.session (HouseKeeper.java:startScavenging(132)) - node0 Scavenging every 660000ms
2020-11-30 19:45:15,363 [Listener at 127.0.0.1/45407] INFO  handler.ContextHandler (ContextHandler.java:doStart(916)) - Started o.e.j.s.ServletContextHandler@62c13812{logs,/logs,file:///github/workspace/mnt/ozone/hadoop-ozone/integration-test/target/log,AVAILABLE}
2020-11-30 19:45:15,363 [Listener at 127.0.0.1/45407] INFO  handler.ContextHandler (ContextHandler.java:doStart(916)) - Started o.e.j.s.ServletContextHandler@5351e763{static,/static,jar:file:/home/user/.m2/repository/org/apache/hadoop/hadoop-hdds-container-service/1.1.0-SNAPSHOT/hadoop-hdds-container-service-1.1.0-SNAPSHOT.jar!/webapps/static,AVAILABLE}
2020-11-30 19:45:15,512 [Listener at 127.0.0.1/45407] INFO  handler.ContextHandler (ContextHandler.java:doStart(916)) - Started o.e.j.w.WebAppContext@3b162cc5{hddsDatanode,/,file:///tmp/jetty-0_0_0_0-34453-hadoop-hdds-container-service-1_1_0-SNAPSHOT_jar-_-any-7034080488410113967/webapp/,AVAILABLE}{jar:file:/home/user/.m2/repository/org/apache/hadoop/hadoop-hdds-container-service/1.1.0-SNAPSHOT/hadoop-hdds-container-service-1.1.0-SNAPSHOT.jar!/webapps/hddsDatanode}
2020-11-30 19:45:15,513 [Listener at 127.0.0.1/45407] INFO  server.AbstractConnector (AbstractConnector.java:doStart(331)) - Started ServerConnector@5d9e3be7{HTTP/1.1, (http/1.1)}{0.0.0.0:34453}
2020-11-30 19:45:15,513 [Listener at 127.0.0.1/45407] INFO  server.Server (Server.java:doStart(415)) - Started @64285ms
2020-11-30 19:45:15,514 [Listener at 127.0.0.1/45407] WARN  impl.MetricsSystemImpl (MetricsSystemImpl.java:register(276)) - Sink prometheus already exists!
2020-11-30 19:45:15,650 [Listener at 127.0.0.1/45407] INFO  http.BaseHttpServer (BaseHttpServer.java:updateConnectorAddress(327)) - HTTP server of hddsDatanode listening at http://0.0.0.0:34453
2020-11-30 19:45:15,659 [Listener at 127.0.0.1/45407] INFO  impl.MetricsSystemImpl (MetricsSystemImpl.java:init(158)) - HddsDatanode metrics system started (again)
2020-11-30 19:45:15,660 [Listener at 127.0.0.1/45407] INFO  ozone.HddsDatanodeService (HddsDatanodeService.java:start(217)) - HddsDatanodeService host:2c46048f23a6 ip:172.17.0.2
2020-11-30 19:45:15,661 [Listener at 127.0.0.1/45407] INFO  volume.HddsVolume (HddsVolume.java:<init>(176)) - Creating Volume: /github/workspace/mnt/ozone/hadoop-ozone/integration-test/target/test-dir/MiniOzoneClusterImpl-e29a2f86-0e02-4c39-a42b-ca59556809f6/datanode-1/data-0/containers/hdds of storage type : DISK and capacity : 9223372036854775807
2020-11-30 19:45:15,662 [Listener at 127.0.0.1/45407] INFO  volume.MutableVolumeSet (MutableVolumeSet.java:initializeVolumeSet(179)) - Added Volume : /github/workspace/mnt/ozone/hadoop-ozone/integration-test/target/test-dir/MiniOzoneClusterImpl-e29a2f86-0e02-4c39-a42b-ca59556809f6/datanode-1/data-0/containers/hdds to VolumeSet
2020-11-30 19:45:15,662 [Listener at 127.0.0.1/45407] INFO  volume.ThrottledAsyncChecker (ThrottledAsyncChecker.java:schedule(141)) - Scheduling a check for /github/workspace/mnt/ozone/hadoop-ozone/integration-test/target/test-dir/MiniOzoneClusterImpl-e29a2f86-0e02-4c39-a42b-ca59556809f6/datanode-1/data-0/containers/hdds
2020-11-30 19:45:15,663 [Listener at 127.0.0.1/45407] INFO  volume.HddsVolumeChecker (HddsVolumeChecker.java:checkAllVolumes(200)) - Scheduled health check for volume /github/workspace/mnt/ozone/hadoop-ozone/integration-test/target/test-dir/MiniOzoneClusterImpl-e29a2f86-0e02-4c39-a42b-ca59556809f6/datanode-1/data-0/containers/hdds
2020-11-30 19:45:15,663 [org.apache.hadoop.util.JvmPauseMonitor$Monitor@603ff8c9] INFO  util.JvmPauseMonitor (JvmPauseMonitor.java:run(188)) - Starting JVM pause monitor
2020-11-30 19:45:15,676 [Datanode State Machine Task Thread - 0] INFO  datanode.InitDatanodeState (InitDatanodeState.java:persistContainerDatanodeDetails(145)) - DatanodeDetails is persisted to /github/workspace/mnt/ozone/hadoop-ozone/integration-test/target/test-dir/MiniOzoneClusterImpl-e29a2f86-0e02-4c39-a42b-ca59556809f6/datanode-0/meta/datanode.id
2020-11-30 19:45:15,682 [Thread-533] INFO  ozoneimpl.ContainerReader (ContainerReader.java:readVolume(123)) - Start to verify containers on volume /github/workspace/mnt/ozone/hadoop-ozone/integration-test/target/test-dir/MiniOzoneClusterImpl-e29a2f86-0e02-4c39-a42b-ca59556809f6/datanode-1/data-0/containers/hdds
2020-11-30 19:45:15,682 [Thread-533] INFO  ozoneimpl.ContainerReader (ContainerReader.java:readVolume(148)) - Finish verifying containers on volume /github/workspace/mnt/ozone/hadoop-ozone/integration-test/target/test-dir/MiniOzoneClusterImpl-e29a2f86-0e02-4c39-a42b-ca59556809f6/datanode-1/data-0/containers/hdds
2020-11-30 19:45:15,682 [Listener at 127.0.0.1/45407] INFO  ozoneimpl.OzoneContainer (OzoneContainer.java:buildContainerSet(194)) - Build ContainerSet costs 0s
2020-11-30 19:45:15,686 [Listener at 127.0.0.1/45407] INFO  impl.RaftServerProxy (ConfUtils.java:logGet(44)) - raft.rpc.type = GRPC (default)
2020-11-30 19:45:15,686 [Listener at 127.0.0.1/45407] INFO  grpc.GrpcFactory (GrpcFactory.java:checkPooledByteBufAllocatorUseCacheForAllThreads(45)) - PERFORMANCE WARNING: useCacheForAllThreads is true that may cause Netty to create a lot garbage objects and, as a result, trigger GC.
	It is recommended to disable useCacheForAllThreads by setting -Dorg.apache.ratis.thirdparty.io.netty.allocator.useCacheForAllThreads=false in command line.
2020-11-30 19:45:15,686 [Listener at 127.0.0.1/45407] INFO  grpc.GrpcConfigKeys (ConfUtils.java:logGet(44)) - raft.grpc.server.port = 0 (default)
2020-11-30 19:45:15,686 [Listener at 127.0.0.1/45407] INFO  server.GrpcService (ConfUtils.java:logGet(44)) - raft.grpc.message.size.max = 32MB (=33554432) (custom)
2020-11-30 19:45:15,687 [Listener at 127.0.0.1/45407] INFO  server.RaftServerConfigKeys (ConfUtils.java:logGet(44)) - raft.server.log.appender.buffer.byte-limit = 33554432 (custom)
2020-11-30 19:45:15,687 [Listener at 127.0.0.1/45407] INFO  server.GrpcService (ConfUtils.java:logGet(44)) - raft.grpc.flow.control.window = 5MB (=5242880) (custom)
2020-11-30 19:45:15,687 [Listener at 127.0.0.1/45407] INFO  server.RaftServerConfigKeys (ConfUtils.java:logGet(44)) - raft.server.rpc.request.timeout = 60s (custom)
2020-11-30 19:45:15,688 [Listener at 127.0.0.1/45407] INFO  impl.DataStreamServerImpl (ConfUtils.java:logGet(44)) - raft.datastream.type = DISABLED (default)
2020-11-30 19:45:15,688 [Listener at 127.0.0.1/45407] INFO  server.RaftServerConfigKeys (ConfUtils.java:logGet(44)) - raft.server.storage.dir = [/github/workspace/mnt/ozone/hadoop-ozone/integration-test/target/test-dir/MiniOzoneClusterImpl-e29a2f86-0e02-4c39-a42b-ca59556809f6/datanode-1/data/ratis] (custom)
2020-11-30 19:45:15,693 [Listener at 127.0.0.1/45407] INFO  http.BaseHttpServer (BaseHttpServer.java:newHttpServer2BuilderForOzone(207)) - Starting Web-server for hddsDatanode at: http://0.0.0.0:0
2020-11-30 19:45:15,693 [Listener at 127.0.0.1/45407] INFO  http.BaseHttpServer (BaseHttpServer.java:<init>(106)) - Hadoop Security Enabled: false Ozone Security Enabled: false Ozone HTTP Security Enabled: false 
2020-11-30 19:45:15,694 [Listener at 127.0.0.1/45407] INFO  server.AuthenticationFilter (AuthenticationFilter.java:constructSecretProvider(240)) - Unable to initialize FileSignerSecretProvider, falling back to use random secrets.
2020-11-30 19:45:15,695 [Listener at 127.0.0.1/45407] WARN  http.HttpRequestLog (HttpRequestLog.java:getRequestLog(103)) - Jetty request log can only be enabled using Log4j
2020-11-30 19:45:15,696 [Listener at 127.0.0.1/45407] INFO  http.HttpServer2 (HttpServer2.java:addGlobalFilter(1019)) - Added global filter 'safety' (class=org.apache.hadoop.hdds.server.http.HttpServer2$QuotingInputFilter)
2020-11-30 19:45:15,696 [Listener at 127.0.0.1/45407] INFO  http.HttpServer2 (HttpServer2.java:addFilter(995)) - Added filter static_user_filter (class=org.apache.hadoop.http.lib.StaticUserWebFilter$StaticUserFilter) to context hddsDatanode
2020-11-30 19:45:15,696 [Listener at 127.0.0.1/45407] INFO  http.HttpServer2 (HttpServer2.java:addFilter(1003)) - Added filter static_user_filter (class=org.apache.hadoop.http.lib.StaticUserWebFilter$StaticUserFilter) to context logs
2020-11-30 19:45:15,696 [Listener at 127.0.0.1/45407] INFO  http.HttpServer2 (HttpServer2.java:addFilter(1003)) - Added filter static_user_filter (class=org.apache.hadoop.http.lib.StaticUserWebFilter$StaticUserFilter) to context static
2020-11-30 19:45:15,697 [Listener at 127.0.0.1/45407] INFO  http.HttpServer2 (HttpServer2.java:bindListener(1237)) - Jetty bound to port 43781
2020-11-30 19:45:15,697 [Listener at 127.0.0.1/45407] INFO  server.Server (Server.java:doStart(375)) - jetty-9.4.34.v20201102; built: 2020-11-02T14:15:39.302Z; git: e46af88704a893fc12cb0e3bf46e2c7b48a009e7; jvm 1.8.0_232-b09
2020-11-30 19:45:15,698 [Listener at 127.0.0.1/45407] INFO  server.session (DefaultSessionIdManager.java:doStart(334)) - DefaultSessionIdManager workerName=node0
2020-11-30 19:45:15,698 [Listener at 127.0.0.1/45407] INFO  server.session (DefaultSessionIdManager.java:doStart(339)) - No SessionScavenger set, using defaults
2020-11-30 19:45:15,699 [Listener at 127.0.0.1/45407] INFO  server.session (HouseKeeper.java:startScavenging(132)) - node0 Scavenging every 600000ms
2020-11-30 19:45:15,699 [Listener at 127.0.0.1/45407] INFO  handler.ContextHandler (ContextHandler.java:doStart(916)) - Started o.e.j.s.ServletContextHandler@4241fa96{logs,/logs,file:///github/workspace/mnt/ozone/hadoop-ozone/integration-test/target/log,AVAILABLE}
2020-11-30 19:45:15,700 [Listener at 127.0.0.1/45407] INFO  handler.ContextHandler (ContextHandler.java:doStart(916)) - Started o.e.j.s.ServletContextHandler@343a88a7{static,/static,jar:file:/home/user/.m2/repository/org/apache/hadoop/hadoop-hdds-container-service/1.1.0-SNAPSHOT/hadoop-hdds-container-service-1.1.0-SNAPSHOT.jar!/webapps/static,AVAILABLE}
2020-11-30 19:45:15,873 [Listener at 127.0.0.1/45407] INFO  handler.ContextHandler (ContextHandler.java:doStart(916)) - Started o.e.j.w.WebAppContext@7667f0ac{hddsDatanode,/,file:///tmp/jetty-0_0_0_0-43781-hadoop-hdds-container-service-1_1_0-SNAPSHOT_jar-_-any-1340463028668661857/webapp/,AVAILABLE}{jar:file:/home/user/.m2/repository/org/apache/hadoop/hadoop-hdds-container-service/1.1.0-SNAPSHOT/hadoop-hdds-container-service-1.1.0-SNAPSHOT.jar!/webapps/hddsDatanode}
2020-11-30 19:45:15,875 [Listener at 127.0.0.1/45407] INFO  server.AbstractConnector (AbstractConnector.java:doStart(331)) - Started ServerConnector@28aafbc5{HTTP/1.1, (http/1.1)}{0.0.0.0:43781}
2020-11-30 19:45:15,875 [Listener at 127.0.0.1/45407] INFO  server.Server (Server.java:doStart(415)) - Started @64647ms
2020-11-30 19:45:15,875 [Listener at 127.0.0.1/45407] WARN  impl.MetricsSystemImpl (MetricsSystemImpl.java:register(276)) - Sink prometheus already exists!
2020-11-30 19:45:15,880 [Listener at 127.0.0.1/45407] INFO  http.BaseHttpServer (BaseHttpServer.java:updateConnectorAddress(327)) - HTTP server of hddsDatanode listening at http://0.0.0.0:43781
2020-11-30 19:45:15,880 [Listener at 127.0.0.1/45407] INFO  impl.MetricsSystemImpl (MetricsSystemImpl.java:init(158)) - HddsDatanode metrics system started (again)
2020-11-30 19:45:15,882 [Listener at 127.0.0.1/45407] INFO  ozone.HddsDatanodeService (HddsDatanodeService.java:start(217)) - HddsDatanodeService host:2c46048f23a6 ip:172.17.0.2
2020-11-30 19:45:15,883 [Listener at 127.0.0.1/45407] INFO  volume.HddsVolume (HddsVolume.java:<init>(176)) - Creating Volume: /github/workspace/mnt/ozone/hadoop-ozone/integration-test/target/test-dir/MiniOzoneClusterImpl-e29a2f86-0e02-4c39-a42b-ca59556809f6/datanode-2/data-0/containers/hdds of storage type : DISK and capacity : 9223372036854775807
2020-11-30 19:45:15,883 [Listener at 127.0.0.1/45407] INFO  volume.MutableVolumeSet (MutableVolumeSet.java:initializeVolumeSet(179)) - Added Volume : /github/workspace/mnt/ozone/hadoop-ozone/integration-test/target/test-dir/MiniOzoneClusterImpl-e29a2f86-0e02-4c39-a42b-ca59556809f6/datanode-2/data-0/containers/hdds to VolumeSet
2020-11-30 19:45:15,884 [Listener at 127.0.0.1/45407] INFO  volume.ThrottledAsyncChecker (ThrottledAsyncChecker.java:schedule(141)) - Scheduling a check for /github/workspace/mnt/ozone/hadoop-ozone/integration-test/target/test-dir/MiniOzoneClusterImpl-e29a2f86-0e02-4c39-a42b-ca59556809f6/datanode-2/data-0/containers/hdds
2020-11-30 19:45:15,887 [Listener at 127.0.0.1/45407] INFO  volume.HddsVolumeChecker (HddsVolumeChecker.java:checkAllVolumes(200)) - Scheduled health check for volume /github/workspace/mnt/ozone/hadoop-ozone/integration-test/target/test-dir/MiniOzoneClusterImpl-e29a2f86-0e02-4c39-a42b-ca59556809f6/datanode-2/data-0/containers/hdds
2020-11-30 19:45:15,913 [org.apache.hadoop.util.JvmPauseMonitor$Monitor@64db9a19] INFO  util.JvmPauseMonitor (JvmPauseMonitor.java:run(188)) - Starting JVM pause monitor
2020-11-30 19:45:15,914 [Thread-542] INFO  ozoneimpl.ContainerReader (ContainerReader.java:readVolume(123)) - Start to verify containers on volume /github/workspace/mnt/ozone/hadoop-ozone/integration-test/target/test-dir/MiniOzoneClusterImpl-e29a2f86-0e02-4c39-a42b-ca59556809f6/datanode-2/data-0/containers/hdds
2020-11-30 19:45:15,914 [Thread-542] INFO  ozoneimpl.ContainerReader (ContainerReader.java:readVolume(148)) - Finish verifying containers on volume /github/workspace/mnt/ozone/hadoop-ozone/integration-test/target/test-dir/MiniOzoneClusterImpl-e29a2f86-0e02-4c39-a42b-ca59556809f6/datanode-2/data-0/containers/hdds
2020-11-30 19:45:15,914 [Listener at 127.0.0.1/45407] INFO  ozoneimpl.OzoneContainer (OzoneContainer.java:buildContainerSet(194)) - Build ContainerSet costs 0s
2020-11-30 19:45:15,916 [Listener at 127.0.0.1/45407] INFO  impl.RaftServerProxy (ConfUtils.java:logGet(44)) - raft.rpc.type = GRPC (default)
2020-11-30 19:45:15,916 [Listener at 127.0.0.1/45407] INFO  grpc.GrpcFactory (GrpcFactory.java:checkPooledByteBufAllocatorUseCacheForAllThreads(45)) - PERFORMANCE WARNING: useCacheForAllThreads is true that may cause Netty to create a lot garbage objects and, as a result, trigger GC.
	It is recommended to disable useCacheForAllThreads by setting -Dorg.apache.ratis.thirdparty.io.netty.allocator.useCacheForAllThreads=false in command line.
2020-11-30 19:45:15,916 [Listener at 127.0.0.1/45407] INFO  grpc.GrpcConfigKeys (ConfUtils.java:logGet(44)) - raft.grpc.server.port = 0 (default)
2020-11-30 19:45:15,916 [Listener at 127.0.0.1/45407] INFO  server.GrpcService (ConfUtils.java:logGet(44)) - raft.grpc.message.size.max = 32MB (=33554432) (custom)
2020-11-30 19:45:15,916 [Listener at 127.0.0.1/45407] INFO  server.RaftServerConfigKeys (ConfUtils.java:logGet(44)) - raft.server.log.appender.buffer.byte-limit = 33554432 (custom)
2020-11-30 19:45:15,916 [Listener at 127.0.0.1/45407] INFO  server.GrpcService (ConfUtils.java:logGet(44)) - raft.grpc.flow.control.window = 5MB (=5242880) (custom)
2020-11-30 19:45:15,917 [Listener at 127.0.0.1/45407] INFO  server.RaftServerConfigKeys (ConfUtils.java:logGet(44)) - raft.server.rpc.request.timeout = 60s (custom)
2020-11-30 19:45:15,917 [Listener at 127.0.0.1/45407] INFO  impl.DataStreamServerImpl (ConfUtils.java:logGet(44)) - raft.datastream.type = DISABLED (default)
2020-11-30 19:45:15,918 [Listener at 127.0.0.1/45407] INFO  server.RaftServerConfigKeys (ConfUtils.java:logGet(44)) - raft.server.storage.dir = [/github/workspace/mnt/ozone/hadoop-ozone/integration-test/target/test-dir/MiniOzoneClusterImpl-e29a2f86-0e02-4c39-a42b-ca59556809f6/datanode-2/data/ratis] (custom)
2020-11-30 19:45:15,918 [Datanode State Machine Task Thread - 0] INFO  datanode.InitDatanodeState (InitDatanodeState.java:persistContainerDatanodeDetails(145)) - DatanodeDetails is persisted to /github/workspace/mnt/ozone/hadoop-ozone/integration-test/target/test-dir/MiniOzoneClusterImpl-e29a2f86-0e02-4c39-a42b-ca59556809f6/datanode-1/meta/datanode.id
2020-11-30 19:45:15,922 [Listener at 127.0.0.1/45407] INFO  http.BaseHttpServer (BaseHttpServer.java:newHttpServer2BuilderForOzone(207)) - Starting Web-server for hddsDatanode at: http://0.0.0.0:0
2020-11-30 19:45:15,922 [Listener at 127.0.0.1/45407] INFO  http.BaseHttpServer (BaseHttpServer.java:<init>(106)) - Hadoop Security Enabled: false Ozone Security Enabled: false Ozone HTTP Security Enabled: false 
2020-11-30 19:45:15,923 [Listener at 127.0.0.1/45407] INFO  server.AuthenticationFilter (AuthenticationFilter.java:constructSecretProvider(240)) - Unable to initialize FileSignerSecretProvider, falling back to use random secrets.
2020-11-30 19:45:15,923 [Listener at 127.0.0.1/45407] WARN  http.HttpRequestLog (HttpRequestLog.java:getRequestLog(103)) - Jetty request log can only be enabled using Log4j
2020-11-30 19:45:15,924 [Listener at 127.0.0.1/45407] INFO  http.HttpServer2 (HttpServer2.java:addGlobalFilter(1019)) - Added global filter 'safety' (class=org.apache.hadoop.hdds.server.http.HttpServer2$QuotingInputFilter)
2020-11-30 19:45:15,925 [Listener at 127.0.0.1/45407] INFO  http.HttpServer2 (HttpServer2.java:addFilter(995)) - Added filter static_user_filter (class=org.apache.hadoop.http.lib.StaticUserWebFilter$StaticUserFilter) to context hddsDatanode
2020-11-30 19:45:15,925 [Listener at 127.0.0.1/45407] INFO  http.HttpServer2 (HttpServer2.java:addFilter(1003)) - Added filter static_user_filter (class=org.apache.hadoop.http.lib.StaticUserWebFilter$StaticUserFilter) to context logs
2020-11-30 19:45:15,925 [Listener at 127.0.0.1/45407] INFO  http.HttpServer2 (HttpServer2.java:addFilter(1003)) - Added filter static_user_filter (class=org.apache.hadoop.http.lib.StaticUserWebFilter$StaticUserFilter) to context static
2020-11-30 19:45:15,925 [Listener at 127.0.0.1/45407] INFO  http.HttpServer2 (HttpServer2.java:bindListener(1237)) - Jetty bound to port 44563
2020-11-30 19:45:15,926 [Listener at 127.0.0.1/45407] INFO  server.Server (Server.java:doStart(375)) - jetty-9.4.34.v20201102; built: 2020-11-02T14:15:39.302Z; git: e46af88704a893fc12cb0e3bf46e2c7b48a009e7; jvm 1.8.0_232-b09
2020-11-30 19:45:15,931 [Listener at 127.0.0.1/45407] INFO  server.session (DefaultSessionIdManager.java:doStart(334)) - DefaultSessionIdManager workerName=node0
2020-11-30 19:45:15,931 [Listener at 127.0.0.1/45407] INFO  server.session (DefaultSessionIdManager.java:doStart(339)) - No SessionScavenger set, using defaults
2020-11-30 19:45:15,931 [Listener at 127.0.0.1/45407] INFO  server.session (HouseKeeper.java:startScavenging(132)) - node0 Scavenging every 600000ms
2020-11-30 19:45:15,932 [Listener at 127.0.0.1/45407] INFO  handler.ContextHandler (ContextHandler.java:doStart(916)) - Started o.e.j.s.ServletContextHandler@200ff0ed{logs,/logs,file:///github/workspace/mnt/ozone/hadoop-ozone/integration-test/target/log,AVAILABLE}
2020-11-30 19:45:15,932 [Listener at 127.0.0.1/45407] INFO  handler.ContextHandler (ContextHandler.java:doStart(916)) - Started o.e.j.s.ServletContextHandler@15e815a2{static,/static,jar:file:/home/user/.m2/repository/org/apache/hadoop/hadoop-hdds-container-service/1.1.0-SNAPSHOT/hadoop-hdds-container-service-1.1.0-SNAPSHOT.jar!/webapps/static,AVAILABLE}
2020-11-30 19:45:16,070 [Listener at 127.0.0.1/45407] INFO  handler.ContextHandler (ContextHandler.java:doStart(916)) - Started o.e.j.w.WebAppContext@52685a07{hddsDatanode,/,file:///tmp/jetty-0_0_0_0-44563-hadoop-hdds-container-service-1_1_0-SNAPSHOT_jar-_-any-3363567640527665764/webapp/,AVAILABLE}{jar:file:/home/user/.m2/repository/org/apache/hadoop/hadoop-hdds-container-service/1.1.0-SNAPSHOT/hadoop-hdds-container-service-1.1.0-SNAPSHOT.jar!/webapps/hddsDatanode}
2020-11-30 19:45:16,071 [Listener at 127.0.0.1/45407] INFO  server.AbstractConnector (AbstractConnector.java:doStart(331)) - Started ServerConnector@2a16d735{HTTP/1.1, (http/1.1)}{0.0.0.0:44563}
2020-11-30 19:45:16,072 [Listener at 127.0.0.1/45407] INFO  server.Server (Server.java:doStart(415)) - Started @64844ms
2020-11-30 19:45:16,072 [Listener at 127.0.0.1/45407] WARN  impl.MetricsSystemImpl (MetricsSystemImpl.java:register(276)) - Sink prometheus already exists!
2020-11-30 19:45:16,076 [Listener at 127.0.0.1/45407] INFO  http.BaseHttpServer (BaseHttpServer.java:updateConnectorAddress(327)) - HTTP server of hddsDatanode listening at http://0.0.0.0:44563
2020-11-30 19:45:16,080 [Listener at 127.0.0.1/45407] INFO  impl.MetricsSystemImpl (MetricsSystemImpl.java:init(158)) - HddsDatanode metrics system started (again)
2020-11-30 19:45:16,081 [Listener at 127.0.0.1/45407] INFO  ozone.HddsDatanodeService (HddsDatanodeService.java:start(217)) - HddsDatanodeService host:2c46048f23a6 ip:172.17.0.2
2020-11-30 19:45:16,086 [org.apache.hadoop.util.JvmPauseMonitor$Monitor@45fcc240] INFO  util.JvmPauseMonitor (JvmPauseMonitor.java:run(188)) - Starting JVM pause monitor
2020-11-30 19:45:16,087 [Listener at 127.0.0.1/45407] INFO  volume.HddsVolume (HddsVolume.java:<init>(176)) - Creating Volume: /github/workspace/mnt/ozone/hadoop-ozone/integration-test/target/test-dir/MiniOzoneClusterImpl-e29a2f86-0e02-4c39-a42b-ca59556809f6/datanode-3/data-0/containers/hdds of storage type : DISK and capacity : 9223372036854775807
2020-11-30 19:45:16,087 [Listener at 127.0.0.1/45407] INFO  volume.MutableVolumeSet (MutableVolumeSet.java:initializeVolumeSet(179)) - Added Volume : /github/workspace/mnt/ozone/hadoop-ozone/integration-test/target/test-dir/MiniOzoneClusterImpl-e29a2f86-0e02-4c39-a42b-ca59556809f6/datanode-3/data-0/containers/hdds to VolumeSet
2020-11-30 19:45:16,087 [Listener at 127.0.0.1/45407] INFO  volume.ThrottledAsyncChecker (ThrottledAsyncChecker.java:schedule(141)) - Scheduling a check for /github/workspace/mnt/ozone/hadoop-ozone/integration-test/target/test-dir/MiniOzoneClusterImpl-e29a2f86-0e02-4c39-a42b-ca59556809f6/datanode-3/data-0/containers/hdds
2020-11-30 19:45:16,088 [Listener at 127.0.0.1/45407] INFO  volume.HddsVolumeChecker (HddsVolumeChecker.java:checkAllVolumes(200)) - Scheduled health check for volume /github/workspace/mnt/ozone/hadoop-ozone/integration-test/target/test-dir/MiniOzoneClusterImpl-e29a2f86-0e02-4c39-a42b-ca59556809f6/datanode-3/data-0/containers/hdds
2020-11-30 19:45:16,095 [Datanode State Machine Task Thread - 0] INFO  datanode.InitDatanodeState (InitDatanodeState.java:persistContainerDatanodeDetails(145)) - DatanodeDetails is persisted to /github/workspace/mnt/ozone/hadoop-ozone/integration-test/target/test-dir/MiniOzoneClusterImpl-e29a2f86-0e02-4c39-a42b-ca59556809f6/datanode-2/meta/datanode.id
2020-11-30 19:45:16,106 [Thread-555] INFO  ozoneimpl.ContainerReader (ContainerReader.java:readVolume(123)) - Start to verify containers on volume /github/workspace/mnt/ozone/hadoop-ozone/integration-test/target/test-dir/MiniOzoneClusterImpl-e29a2f86-0e02-4c39-a42b-ca59556809f6/datanode-3/data-0/containers/hdds
2020-11-30 19:45:16,106 [Thread-555] INFO  ozoneimpl.ContainerReader (ContainerReader.java:readVolume(148)) - Finish verifying containers on volume /github/workspace/mnt/ozone/hadoop-ozone/integration-test/target/test-dir/MiniOzoneClusterImpl-e29a2f86-0e02-4c39-a42b-ca59556809f6/datanode-3/data-0/containers/hdds
2020-11-30 19:45:16,106 [Listener at 127.0.0.1/45407] INFO  ozoneimpl.OzoneContainer (OzoneContainer.java:buildContainerSet(194)) - Build ContainerSet costs 0s
2020-11-30 19:45:16,108 [Listener at 127.0.0.1/45407] INFO  impl.RaftServerProxy (ConfUtils.java:logGet(44)) - raft.rpc.type = GRPC (default)
2020-11-30 19:45:16,108 [Listener at 127.0.0.1/45407] INFO  grpc.GrpcFactory (GrpcFactory.java:checkPooledByteBufAllocatorUseCacheForAllThreads(45)) - PERFORMANCE WARNING: useCacheForAllThreads is true that may cause Netty to create a lot garbage objects and, as a result, trigger GC.
	It is recommended to disable useCacheForAllThreads by setting -Dorg.apache.ratis.thirdparty.io.netty.allocator.useCacheForAllThreads=false in command line.
2020-11-30 19:45:16,108 [Listener at 127.0.0.1/45407] INFO  grpc.GrpcConfigKeys (ConfUtils.java:logGet(44)) - raft.grpc.server.port = 0 (default)
2020-11-30 19:45:16,108 [Listener at 127.0.0.1/45407] INFO  server.GrpcService (ConfUtils.java:logGet(44)) - raft.grpc.message.size.max = 32MB (=33554432) (custom)
2020-11-30 19:45:16,108 [Listener at 127.0.0.1/45407] INFO  server.RaftServerConfigKeys (ConfUtils.java:logGet(44)) - raft.server.log.appender.buffer.byte-limit = 33554432 (custom)
2020-11-30 19:45:16,109 [Listener at 127.0.0.1/45407] INFO  server.GrpcService (ConfUtils.java:logGet(44)) - raft.grpc.flow.control.window = 5MB (=5242880) (custom)
2020-11-30 19:45:16,109 [Listener at 127.0.0.1/45407] INFO  server.RaftServerConfigKeys (ConfUtils.java:logGet(44)) - raft.server.rpc.request.timeout = 60s (custom)
2020-11-30 19:45:16,109 [Listener at 127.0.0.1/45407] INFO  impl.DataStreamServerImpl (ConfUtils.java:logGet(44)) - raft.datastream.type = DISABLED (default)
2020-11-30 19:45:16,110 [Listener at 127.0.0.1/45407] INFO  server.RaftServerConfigKeys (ConfUtils.java:logGet(44)) - raft.server.storage.dir = [/github/workspace/mnt/ozone/hadoop-ozone/integration-test/target/test-dir/MiniOzoneClusterImpl-e29a2f86-0e02-4c39-a42b-ca59556809f6/datanode-3/data/ratis] (custom)
2020-11-30 19:45:16,116 [Listener at 127.0.0.1/45407] INFO  http.BaseHttpServer (BaseHttpServer.java:newHttpServer2BuilderForOzone(207)) - Starting Web-server for hddsDatanode at: http://0.0.0.0:0
2020-11-30 19:45:16,116 [Listener at 127.0.0.1/45407] INFO  http.BaseHttpServer (BaseHttpServer.java:<init>(106)) - Hadoop Security Enabled: false Ozone Security Enabled: false Ozone HTTP Security Enabled: false 
2020-11-30 19:45:16,117 [Listener at 127.0.0.1/45407] INFO  server.AuthenticationFilter (AuthenticationFilter.java:constructSecretProvider(240)) - Unable to initialize FileSignerSecretProvider, falling back to use random secrets.
2020-11-30 19:45:16,117 [Listener at 127.0.0.1/45407] WARN  http.HttpRequestLog (HttpRequestLog.java:getRequestLog(103)) - Jetty request log can only be enabled using Log4j
2020-11-30 19:45:16,118 [Listener at 127.0.0.1/45407] INFO  http.HttpServer2 (HttpServer2.java:addGlobalFilter(1019)) - Added global filter 'safety' (class=org.apache.hadoop.hdds.server.http.HttpServer2$QuotingInputFilter)
2020-11-30 19:45:16,119 [Listener at 127.0.0.1/45407] INFO  http.HttpServer2 (HttpServer2.java:addFilter(995)) - Added filter static_user_filter (class=org.apache.hadoop.http.lib.StaticUserWebFilter$StaticUserFilter) to context hddsDatanode
2020-11-30 19:45:16,119 [Listener at 127.0.0.1/45407] INFO  http.HttpServer2 (HttpServer2.java:addFilter(1003)) - Added filter static_user_filter (class=org.apache.hadoop.http.lib.StaticUserWebFilter$StaticUserFilter) to context logs
2020-11-30 19:45:16,119 [Listener at 127.0.0.1/45407] INFO  http.HttpServer2 (HttpServer2.java:addFilter(1003)) - Added filter static_user_filter (class=org.apache.hadoop.http.lib.StaticUserWebFilter$StaticUserFilter) to context static
2020-11-30 19:45:16,120 [Listener at 127.0.0.1/45407] INFO  http.HttpServer2 (HttpServer2.java:bindListener(1237)) - Jetty bound to port 43089
2020-11-30 19:45:16,120 [Listener at 127.0.0.1/45407] INFO  server.Server (Server.java:doStart(375)) - jetty-9.4.34.v20201102; built: 2020-11-02T14:15:39.302Z; git: e46af88704a893fc12cb0e3bf46e2c7b48a009e7; jvm 1.8.0_232-b09
2020-11-30 19:45:16,122 [Listener at 127.0.0.1/45407] INFO  server.session (DefaultSessionIdManager.java:doStart(334)) - DefaultSessionIdManager workerName=node0
2020-11-30 19:45:16,122 [Listener at 127.0.0.1/45407] INFO  server.session (DefaultSessionIdManager.java:doStart(339)) - No SessionScavenger set, using defaults
2020-11-30 19:45:16,122 [Listener at 127.0.0.1/45407] INFO  server.session (HouseKeeper.java:startScavenging(132)) - node0 Scavenging every 660000ms
2020-11-30 19:45:16,123 [Listener at 127.0.0.1/45407] INFO  handler.ContextHandler (ContextHandler.java:doStart(916)) - Started o.e.j.s.ServletContextHandler@bdf8f8f{logs,/logs,file:///github/workspace/mnt/ozone/hadoop-ozone/integration-test/target/log,AVAILABLE}
2020-11-30 19:45:16,123 [Listener at 127.0.0.1/45407] INFO  handler.ContextHandler (ContextHandler.java:doStart(916)) - Started o.e.j.s.ServletContextHandler@279cd70e{static,/static,jar:file:/home/user/.m2/repository/org/apache/hadoop/hadoop-hdds-container-service/1.1.0-SNAPSHOT/hadoop-hdds-container-service-1.1.0-SNAPSHOT.jar!/webapps/static,AVAILABLE}
2020-11-30 19:45:16,274 [Listener at 127.0.0.1/45407] INFO  handler.ContextHandler (ContextHandler.java:doStart(916)) - Started o.e.j.w.WebAppContext@5e018f9b{hddsDatanode,/,file:///tmp/jetty-0_0_0_0-43089-hadoop-hdds-container-service-1_1_0-SNAPSHOT_jar-_-any-976133929595542129/webapp/,AVAILABLE}{jar:file:/home/user/.m2/repository/org/apache/hadoop/hadoop-hdds-container-service/1.1.0-SNAPSHOT/hadoop-hdds-container-service-1.1.0-SNAPSHOT.jar!/webapps/hddsDatanode}
2020-11-30 19:45:16,277 [Listener at 127.0.0.1/45407] INFO  server.AbstractConnector (AbstractConnector.java:doStart(331)) - Started ServerConnector@143c2e2a{HTTP/1.1, (http/1.1)}{0.0.0.0:43089}
2020-11-30 19:45:16,277 [Listener at 127.0.0.1/45407] INFO  server.Server (Server.java:doStart(415)) - Started @65049ms
2020-11-30 19:45:16,277 [Listener at 127.0.0.1/45407] WARN  impl.MetricsSystemImpl (MetricsSystemImpl.java:register(276)) - Sink prometheus already exists!
2020-11-30 19:45:16,281 [Listener at 127.0.0.1/45407] INFO  http.BaseHttpServer (BaseHttpServer.java:updateConnectorAddress(327)) - HTTP server of hddsDatanode listening at http://0.0.0.0:43089
2020-11-30 19:45:16,284 [Listener at 127.0.0.1/45407] INFO  impl.MetricsSystemImpl (MetricsSystemImpl.java:init(158)) - HddsDatanode metrics system started (again)
2020-11-30 19:45:16,290 [org.apache.hadoop.util.JvmPauseMonitor$Monitor@7a556bb3] INFO  util.JvmPauseMonitor (JvmPauseMonitor.java:run(188)) - Starting JVM pause monitor
2020-11-30 19:45:16,291 [Datanode State Machine Task Thread - 0] INFO  datanode.InitDatanodeState (InitDatanodeState.java:persistContainerDatanodeDetails(145)) - DatanodeDetails is persisted to /github/workspace/mnt/ozone/hadoop-ozone/integration-test/target/test-dir/MiniOzoneClusterImpl-e29a2f86-0e02-4c39-a42b-ca59556809f6/datanode-3/meta/datanode.id
2020-11-30 19:45:16,292 [Listener at 127.0.0.1/45407] INFO  ozone.HddsDatanodeService (HddsDatanodeService.java:start(217)) - HddsDatanodeService host:2c46048f23a6 ip:172.17.0.2
2020-11-30 19:45:16,293 [Listener at 127.0.0.1/45407] INFO  volume.HddsVolume (HddsVolume.java:<init>(176)) - Creating Volume: /github/workspace/mnt/ozone/hadoop-ozone/integration-test/target/test-dir/MiniOzoneClusterImpl-e29a2f86-0e02-4c39-a42b-ca59556809f6/datanode-4/data-0/containers/hdds of storage type : DISK and capacity : 9223372036854775807
2020-11-30 19:45:16,293 [Listener at 127.0.0.1/45407] INFO  volume.MutableVolumeSet (MutableVolumeSet.java:initializeVolumeSet(179)) - Added Volume : /github/workspace/mnt/ozone/hadoop-ozone/integration-test/target/test-dir/MiniOzoneClusterImpl-e29a2f86-0e02-4c39-a42b-ca59556809f6/datanode-4/data-0/containers/hdds to VolumeSet
2020-11-30 19:45:16,293 [Listener at 127.0.0.1/45407] INFO  volume.ThrottledAsyncChecker (ThrottledAsyncChecker.java:schedule(141)) - Scheduling a check for /github/workspace/mnt/ozone/hadoop-ozone/integration-test/target/test-dir/MiniOzoneClusterImpl-e29a2f86-0e02-4c39-a42b-ca59556809f6/datanode-4/data-0/containers/hdds
2020-11-30 19:45:16,294 [Listener at 127.0.0.1/45407] INFO  volume.HddsVolumeChecker (HddsVolumeChecker.java:checkAllVolumes(200)) - Scheduled health check for volume /github/workspace/mnt/ozone/hadoop-ozone/integration-test/target/test-dir/MiniOzoneClusterImpl-e29a2f86-0e02-4c39-a42b-ca59556809f6/datanode-4/data-0/containers/hdds
2020-11-30 19:45:16,305 [Thread-566] INFO  ozoneimpl.ContainerReader (ContainerReader.java:readVolume(123)) - Start to verify containers on volume /github/workspace/mnt/ozone/hadoop-ozone/integration-test/target/test-dir/MiniOzoneClusterImpl-e29a2f86-0e02-4c39-a42b-ca59556809f6/datanode-4/data-0/containers/hdds
2020-11-30 19:45:16,305 [Thread-566] INFO  ozoneimpl.ContainerReader (ContainerReader.java:readVolume(148)) - Finish verifying containers on volume /github/workspace/mnt/ozone/hadoop-ozone/integration-test/target/test-dir/MiniOzoneClusterImpl-e29a2f86-0e02-4c39-a42b-ca59556809f6/datanode-4/data-0/containers/hdds
2020-11-30 19:45:16,305 [Listener at 127.0.0.1/45407] INFO  ozoneimpl.OzoneContainer (OzoneContainer.java:buildContainerSet(194)) - Build ContainerSet costs 0s
2020-11-30 19:45:16,306 [Listener at 127.0.0.1/45407] INFO  impl.RaftServerProxy (ConfUtils.java:logGet(44)) - raft.rpc.type = GRPC (default)
2020-11-30 19:45:16,307 [Listener at 127.0.0.1/45407] INFO  grpc.GrpcFactory (GrpcFactory.java:checkPooledByteBufAllocatorUseCacheForAllThreads(45)) - PERFORMANCE WARNING: useCacheForAllThreads is true that may cause Netty to create a lot garbage objects and, as a result, trigger GC.
	It is recommended to disable useCacheForAllThreads by setting -Dorg.apache.ratis.thirdparty.io.netty.allocator.useCacheForAllThreads=false in command line.
2020-11-30 19:45:16,307 [Listener at 127.0.0.1/45407] INFO  grpc.GrpcConfigKeys (ConfUtils.java:logGet(44)) - raft.grpc.server.port = 0 (default)
2020-11-30 19:45:16,307 [Listener at 127.0.0.1/45407] INFO  server.GrpcService (ConfUtils.java:logGet(44)) - raft.grpc.message.size.max = 32MB (=33554432) (custom)
2020-11-30 19:45:16,307 [Listener at 127.0.0.1/45407] INFO  server.RaftServerConfigKeys (ConfUtils.java:logGet(44)) - raft.server.log.appender.buffer.byte-limit = 33554432 (custom)
2020-11-30 19:45:16,307 [Listener at 127.0.0.1/45407] INFO  server.GrpcService (ConfUtils.java:logGet(44)) - raft.grpc.flow.control.window = 5MB (=5242880) (custom)
2020-11-30 19:45:16,307 [Listener at 127.0.0.1/45407] INFO  server.RaftServerConfigKeys (ConfUtils.java:logGet(44)) - raft.server.rpc.request.timeout = 60s (custom)
2020-11-30 19:45:16,308 [Listener at 127.0.0.1/45407] INFO  impl.DataStreamServerImpl (ConfUtils.java:logGet(44)) - raft.datastream.type = DISABLED (default)
2020-11-30 19:45:16,308 [Listener at 127.0.0.1/45407] INFO  server.RaftServerConfigKeys (ConfUtils.java:logGet(44)) - raft.server.storage.dir = [/github/workspace/mnt/ozone/hadoop-ozone/integration-test/target/test-dir/MiniOzoneClusterImpl-e29a2f86-0e02-4c39-a42b-ca59556809f6/datanode-4/data/ratis] (custom)
2020-11-30 19:45:16,313 [Listener at 127.0.0.1/45407] INFO  http.BaseHttpServer (BaseHttpServer.java:newHttpServer2BuilderForOzone(207)) - Starting Web-server for hddsDatanode at: http://0.0.0.0:0
2020-11-30 19:45:16,313 [Listener at 127.0.0.1/45407] INFO  http.BaseHttpServer (BaseHttpServer.java:<init>(106)) - Hadoop Security Enabled: false Ozone Security Enabled: false Ozone HTTP Security Enabled: false 
2020-11-30 19:45:16,314 [Listener at 127.0.0.1/45407] INFO  server.AuthenticationFilter (AuthenticationFilter.java:constructSecretProvider(240)) - Unable to initialize FileSignerSecretProvider, falling back to use random secrets.
2020-11-30 19:45:16,314 [Listener at 127.0.0.1/45407] WARN  http.HttpRequestLog (HttpRequestLog.java:getRequestLog(103)) - Jetty request log can only be enabled using Log4j
2020-11-30 19:45:16,315 [Listener at 127.0.0.1/45407] INFO  http.HttpServer2 (HttpServer2.java:addGlobalFilter(1019)) - Added global filter 'safety' (class=org.apache.hadoop.hdds.server.http.HttpServer2$QuotingInputFilter)
2020-11-30 19:45:16,315 [Listener at 127.0.0.1/45407] INFO  http.HttpServer2 (HttpServer2.java:addFilter(995)) - Added filter static_user_filter (class=org.apache.hadoop.http.lib.StaticUserWebFilter$StaticUserFilter) to context hddsDatanode
2020-11-30 19:45:16,315 [Listener at 127.0.0.1/45407] INFO  http.HttpServer2 (HttpServer2.java:addFilter(1003)) - Added filter static_user_filter (class=org.apache.hadoop.http.lib.StaticUserWebFilter$StaticUserFilter) to context static
2020-11-30 19:45:16,316 [Listener at 127.0.0.1/45407] INFO  http.HttpServer2 (HttpServer2.java:addFilter(1003)) - Added filter static_user_filter (class=org.apache.hadoop.http.lib.StaticUserWebFilter$StaticUserFilter) to context logs
2020-11-30 19:45:16,316 [Listener at 127.0.0.1/45407] INFO  http.HttpServer2 (HttpServer2.java:bindListener(1237)) - Jetty bound to port 43121
2020-11-30 19:45:16,316 [Listener at 127.0.0.1/45407] INFO  server.Server (Server.java:doStart(375)) - jetty-9.4.34.v20201102; built: 2020-11-02T14:15:39.302Z; git: e46af88704a893fc12cb0e3bf46e2c7b48a009e7; jvm 1.8.0_232-b09
2020-11-30 19:45:16,318 [Listener at 127.0.0.1/45407] INFO  server.session (DefaultSessionIdManager.java:doStart(334)) - DefaultSessionIdManager workerName=node0
2020-11-30 19:45:16,318 [Listener at 127.0.0.1/45407] INFO  server.session (DefaultSessionIdManager.java:doStart(339)) - No SessionScavenger set, using defaults
2020-11-30 19:45:16,318 [Listener at 127.0.0.1/45407] INFO  server.session (HouseKeeper.java:startScavenging(132)) - node0 Scavenging every 660000ms
2020-11-30 19:45:16,319 [Listener at 127.0.0.1/45407] INFO  handler.ContextHandler (ContextHandler.java:doStart(916)) - Started o.e.j.s.ServletContextHandler@2b1340a5{logs,/logs,file:///github/workspace/mnt/ozone/hadoop-ozone/integration-test/target/log,AVAILABLE}
2020-11-30 19:45:16,319 [Listener at 127.0.0.1/45407] INFO  handler.ContextHandler (ContextHandler.java:doStart(916)) - Started o.e.j.s.ServletContextHandler@173ce529{static,/static,jar:file:/home/user/.m2/repository/org/apache/hadoop/hadoop-hdds-container-service/1.1.0-SNAPSHOT/hadoop-hdds-container-service-1.1.0-SNAPSHOT.jar!/webapps/static,AVAILABLE}
2020-11-30 19:45:16,467 [Listener at 127.0.0.1/45407] INFO  handler.ContextHandler (ContextHandler.java:doStart(916)) - Started o.e.j.w.WebAppContext@1beaf8af{hddsDatanode,/,file:///tmp/jetty-0_0_0_0-43121-hadoop-hdds-container-service-1_1_0-SNAPSHOT_jar-_-any-6340359641047470422/webapp/,AVAILABLE}{jar:file:/home/user/.m2/repository/org/apache/hadoop/hadoop-hdds-container-service/1.1.0-SNAPSHOT/hadoop-hdds-container-service-1.1.0-SNAPSHOT.jar!/webapps/hddsDatanode}
2020-11-30 19:45:16,469 [Listener at 127.0.0.1/45407] INFO  server.AbstractConnector (AbstractConnector.java:doStart(331)) - Started ServerConnector@7c57343b{HTTP/1.1, (http/1.1)}{0.0.0.0:43121}
2020-11-30 19:45:16,469 [Listener at 127.0.0.1/45407] INFO  server.Server (Server.java:doStart(415)) - Started @65241ms
2020-11-30 19:45:16,469 [Listener at 127.0.0.1/45407] WARN  impl.MetricsSystemImpl (MetricsSystemImpl.java:register(276)) - Sink prometheus already exists!
2020-11-30 19:45:16,473 [Listener at 127.0.0.1/45407] INFO  http.BaseHttpServer (BaseHttpServer.java:updateConnectorAddress(327)) - HTTP server of hddsDatanode listening at http://0.0.0.0:43121
2020-11-30 19:45:16,479 [Listener at 127.0.0.1/45407] INFO  impl.MetricsSystemImpl (MetricsSystemImpl.java:init(158)) - HddsDatanode metrics system started (again)
2020-11-30 19:45:16,481 [Listener at 127.0.0.1/45407] INFO  ozone.HddsDatanodeService (HddsDatanodeService.java:start(217)) - HddsDatanodeService host:2c46048f23a6 ip:172.17.0.2
2020-11-30 19:45:16,489 [org.apache.hadoop.util.JvmPauseMonitor$Monitor@4bfffabb] INFO  util.JvmPauseMonitor (JvmPauseMonitor.java:run(188)) - Starting JVM pause monitor
2020-11-30 19:45:16,490 [Datanode State Machine Task Thread - 0] INFO  datanode.InitDatanodeState (InitDatanodeState.java:persistContainerDatanodeDetails(145)) - DatanodeDetails is persisted to /github/workspace/mnt/ozone/hadoop-ozone/integration-test/target/test-dir/MiniOzoneClusterImpl-e29a2f86-0e02-4c39-a42b-ca59556809f6/datanode-4/meta/datanode.id
2020-11-30 19:45:16,491 [Listener at 127.0.0.1/45407] INFO  volume.HddsVolume (HddsVolume.java:<init>(176)) - Creating Volume: /github/workspace/mnt/ozone/hadoop-ozone/integration-test/target/test-dir/MiniOzoneClusterImpl-e29a2f86-0e02-4c39-a42b-ca59556809f6/datanode-5/data-0/containers/hdds of storage type : DISK and capacity : 9223372036854775807
2020-11-30 19:45:16,491 [Listener at 127.0.0.1/45407] INFO  volume.MutableVolumeSet (MutableVolumeSet.java:initializeVolumeSet(179)) - Added Volume : /github/workspace/mnt/ozone/hadoop-ozone/integration-test/target/test-dir/MiniOzoneClusterImpl-e29a2f86-0e02-4c39-a42b-ca59556809f6/datanode-5/data-0/containers/hdds to VolumeSet
2020-11-30 19:45:16,491 [Listener at 127.0.0.1/45407] INFO  volume.ThrottledAsyncChecker (ThrottledAsyncChecker.java:schedule(141)) - Scheduling a check for /github/workspace/mnt/ozone/hadoop-ozone/integration-test/target/test-dir/MiniOzoneClusterImpl-e29a2f86-0e02-4c39-a42b-ca59556809f6/datanode-5/data-0/containers/hdds
2020-11-30 19:45:16,492 [Listener at 127.0.0.1/45407] INFO  volume.HddsVolumeChecker (HddsVolumeChecker.java:checkAllVolumes(200)) - Scheduled health check for volume /github/workspace/mnt/ozone/hadoop-ozone/integration-test/target/test-dir/MiniOzoneClusterImpl-e29a2f86-0e02-4c39-a42b-ca59556809f6/datanode-5/data-0/containers/hdds
2020-11-30 19:45:16,504 [Thread-577] INFO  ozoneimpl.ContainerReader (ContainerReader.java:readVolume(123)) - Start to verify containers on volume /github/workspace/mnt/ozone/hadoop-ozone/integration-test/target/test-dir/MiniOzoneClusterImpl-e29a2f86-0e02-4c39-a42b-ca59556809f6/datanode-5/data-0/containers/hdds
2020-11-30 19:45:16,504 [Thread-577] INFO  ozoneimpl.ContainerReader (ContainerReader.java:readVolume(148)) - Finish verifying containers on volume /github/workspace/mnt/ozone/hadoop-ozone/integration-test/target/test-dir/MiniOzoneClusterImpl-e29a2f86-0e02-4c39-a42b-ca59556809f6/datanode-5/data-0/containers/hdds
2020-11-30 19:45:16,504 [Listener at 127.0.0.1/45407] INFO  ozoneimpl.OzoneContainer (OzoneContainer.java:buildContainerSet(194)) - Build ContainerSet costs 0s
2020-11-30 19:45:16,506 [Listener at 127.0.0.1/45407] INFO  impl.RaftServerProxy (ConfUtils.java:logGet(44)) - raft.rpc.type = GRPC (default)
2020-11-30 19:45:16,506 [Listener at 127.0.0.1/45407] INFO  grpc.GrpcFactory (GrpcFactory.java:checkPooledByteBufAllocatorUseCacheForAllThreads(45)) - PERFORMANCE WARNING: useCacheForAllThreads is true that may cause Netty to create a lot garbage objects and, as a result, trigger GC.
	It is recommended to disable useCacheForAllThreads by setting -Dorg.apache.ratis.thirdparty.io.netty.allocator.useCacheForAllThreads=false in command line.
2020-11-30 19:45:16,506 [Listener at 127.0.0.1/45407] INFO  grpc.GrpcConfigKeys (ConfUtils.java:logGet(44)) - raft.grpc.server.port = 0 (default)
2020-11-30 19:45:16,506 [Listener at 127.0.0.1/45407] INFO  server.GrpcService (ConfUtils.java:logGet(44)) - raft.grpc.message.size.max = 32MB (=33554432) (custom)
2020-11-30 19:45:16,507 [Listener at 127.0.0.1/45407] INFO  server.RaftServerConfigKeys (ConfUtils.java:logGet(44)) - raft.server.log.appender.buffer.byte-limit = 33554432 (custom)
2020-11-30 19:45:16,507 [Listener at 127.0.0.1/45407] INFO  server.GrpcService (ConfUtils.java:logGet(44)) - raft.grpc.flow.control.window = 5MB (=5242880) (custom)
2020-11-30 19:45:16,507 [Listener at 127.0.0.1/45407] INFO  server.RaftServerConfigKeys (ConfUtils.java:logGet(44)) - raft.server.rpc.request.timeout = 60s (custom)
2020-11-30 19:45:16,508 [Listener at 127.0.0.1/45407] INFO  impl.DataStreamServerImpl (ConfUtils.java:logGet(44)) - raft.datastream.type = DISABLED (default)
2020-11-30 19:45:16,508 [Listener at 127.0.0.1/45407] INFO  server.RaftServerConfigKeys (ConfUtils.java:logGet(44)) - raft.server.storage.dir = [/github/workspace/mnt/ozone/hadoop-ozone/integration-test/target/test-dir/MiniOzoneClusterImpl-e29a2f86-0e02-4c39-a42b-ca59556809f6/datanode-5/data/ratis] (custom)
2020-11-30 19:45:16,513 [Listener at 127.0.0.1/45407] INFO  http.BaseHttpServer (BaseHttpServer.java:newHttpServer2BuilderForOzone(207)) - Starting Web-server for hddsDatanode at: http://0.0.0.0:0
2020-11-30 19:45:16,513 [Listener at 127.0.0.1/45407] INFO  http.BaseHttpServer (BaseHttpServer.java:<init>(106)) - Hadoop Security Enabled: false Ozone Security Enabled: false Ozone HTTP Security Enabled: false 
2020-11-30 19:45:16,514 [Listener at 127.0.0.1/45407] INFO  server.AuthenticationFilter (AuthenticationFilter.java:constructSecretProvider(240)) - Unable to initialize FileSignerSecretProvider, falling back to use random secrets.
2020-11-30 19:45:16,515 [Listener at 127.0.0.1/45407] WARN  http.HttpRequestLog (HttpRequestLog.java:getRequestLog(103)) - Jetty request log can only be enabled using Log4j
2020-11-30 19:45:16,515 [Listener at 127.0.0.1/45407] INFO  http.HttpServer2 (HttpServer2.java:addGlobalFilter(1019)) - Added global filter 'safety' (class=org.apache.hadoop.hdds.server.http.HttpServer2$QuotingInputFilter)
2020-11-30 19:45:16,516 [Listener at 127.0.0.1/45407] INFO  http.HttpServer2 (HttpServer2.java:addFilter(995)) - Added filter static_user_filter (class=org.apache.hadoop.http.lib.StaticUserWebFilter$StaticUserFilter) to context hddsDatanode
2020-11-30 19:45:16,516 [Listener at 127.0.0.1/45407] INFO  http.HttpServer2 (HttpServer2.java:addFilter(1003)) - Added filter static_user_filter (class=org.apache.hadoop.http.lib.StaticUserWebFilter$StaticUserFilter) to context static
2020-11-30 19:45:16,516 [Listener at 127.0.0.1/45407] INFO  http.HttpServer2 (HttpServer2.java:addFilter(1003)) - Added filter static_user_filter (class=org.apache.hadoop.http.lib.StaticUserWebFilter$StaticUserFilter) to context logs
2020-11-30 19:45:16,517 [Listener at 127.0.0.1/45407] INFO  http.HttpServer2 (HttpServer2.java:bindListener(1237)) - Jetty bound to port 40461
2020-11-30 19:45:16,517 [Listener at 127.0.0.1/45407] INFO  server.Server (Server.java:doStart(375)) - jetty-9.4.34.v20201102; built: 2020-11-02T14:15:39.302Z; git: e46af88704a893fc12cb0e3bf46e2c7b48a009e7; jvm 1.8.0_232-b09
2020-11-30 19:45:16,518 [Listener at 127.0.0.1/45407] INFO  server.session (DefaultSessionIdManager.java:doStart(334)) - DefaultSessionIdManager workerName=node0
2020-11-30 19:45:16,519 [Listener at 127.0.0.1/45407] INFO  server.session (DefaultSessionIdManager.java:doStart(339)) - No SessionScavenger set, using defaults
2020-11-30 19:45:16,519 [Listener at 127.0.0.1/45407] INFO  server.session (HouseKeeper.java:startScavenging(132)) - node0 Scavenging every 600000ms
2020-11-30 19:45:16,519 [Listener at 127.0.0.1/45407] INFO  handler.ContextHandler (ContextHandler.java:doStart(916)) - Started o.e.j.s.ServletContextHandler@7e10ac17{logs,/logs,file:///github/workspace/mnt/ozone/hadoop-ozone/integration-test/target/log,AVAILABLE}
2020-11-30 19:45:16,520 [Listener at 127.0.0.1/45407] INFO  handler.ContextHandler (ContextHandler.java:doStart(916)) - Started o.e.j.s.ServletContextHandler@4f14f675{static,/static,jar:file:/home/user/.m2/repository/org/apache/hadoop/hadoop-hdds-container-service/1.1.0-SNAPSHOT/hadoop-hdds-container-service-1.1.0-SNAPSHOT.jar!/webapps/static,AVAILABLE}
2020-11-30 19:45:16,688 [Listener at 127.0.0.1/45407] INFO  handler.ContextHandler (ContextHandler.java:doStart(916)) - Started o.e.j.w.WebAppContext@44b0ed68{hddsDatanode,/,file:///tmp/jetty-0_0_0_0-40461-hadoop-hdds-container-service-1_1_0-SNAPSHOT_jar-_-any-8776458825637648807/webapp/,AVAILABLE}{jar:file:/home/user/.m2/repository/org/apache/hadoop/hadoop-hdds-container-service/1.1.0-SNAPSHOT/hadoop-hdds-container-service-1.1.0-SNAPSHOT.jar!/webapps/hddsDatanode}
2020-11-30 19:45:16,689 [Listener at 127.0.0.1/45407] INFO  server.AbstractConnector (AbstractConnector.java:doStart(331)) - Started ServerConnector@6325f890{HTTP/1.1, (http/1.1)}{0.0.0.0:40461}
2020-11-30 19:45:16,690 [Listener at 127.0.0.1/45407] INFO  server.Server (Server.java:doStart(415)) - Started @65462ms
2020-11-30 19:45:16,690 [Listener at 127.0.0.1/45407] WARN  impl.MetricsSystemImpl (MetricsSystemImpl.java:register(276)) - Sink prometheus already exists!
2020-11-30 19:45:16,693 [Listener at 127.0.0.1/45407] INFO  http.BaseHttpServer (BaseHttpServer.java:updateConnectorAddress(327)) - HTTP server of hddsDatanode listening at http://0.0.0.0:40461
2020-11-30 19:45:16,693 [Listener at 127.0.0.1/45407] INFO  impl.MetricsSystemImpl (MetricsSystemImpl.java:init(158)) - HddsDatanode metrics system started (again)
2020-11-30 19:45:16,701 [Listener at 127.0.0.1/45407] INFO  ozone.HddsDatanodeService (HddsDatanodeService.java:start(217)) - HddsDatanodeService host:2c46048f23a6 ip:172.17.0.2
2020-11-30 19:45:16,715 [Listener at 127.0.0.1/45407] INFO  volume.HddsVolume (HddsVolume.java:<init>(176)) - Creating Volume: /github/workspace/mnt/ozone/hadoop-ozone/integration-test/target/test-dir/MiniOzoneClusterImpl-e29a2f86-0e02-4c39-a42b-ca59556809f6/datanode-6/data-0/containers/hdds of storage type : DISK and capacity : 9223372036854775807
2020-11-30 19:45:16,715 [Listener at 127.0.0.1/45407] INFO  volume.MutableVolumeSet (MutableVolumeSet.java:initializeVolumeSet(179)) - Added Volume : /github/workspace/mnt/ozone/hadoop-ozone/integration-test/target/test-dir/MiniOzoneClusterImpl-e29a2f86-0e02-4c39-a42b-ca59556809f6/datanode-6/data-0/containers/hdds to VolumeSet
2020-11-30 19:45:16,715 [Listener at 127.0.0.1/45407] INFO  volume.ThrottledAsyncChecker (ThrottledAsyncChecker.java:schedule(141)) - Scheduling a check for /github/workspace/mnt/ozone/hadoop-ozone/integration-test/target/test-dir/MiniOzoneClusterImpl-e29a2f86-0e02-4c39-a42b-ca59556809f6/datanode-6/data-0/containers/hdds
2020-11-30 19:45:16,723 [org.apache.hadoop.util.JvmPauseMonitor$Monitor@4861d428] INFO  util.JvmPauseMonitor (JvmPauseMonitor.java:run(188)) - Starting JVM pause monitor
2020-11-30 19:45:16,723 [Listener at 127.0.0.1/45407] INFO  volume.HddsVolumeChecker (HddsVolumeChecker.java:checkAllVolumes(200)) - Scheduled health check for volume /github/workspace/mnt/ozone/hadoop-ozone/integration-test/target/test-dir/MiniOzoneClusterImpl-e29a2f86-0e02-4c39-a42b-ca59556809f6/datanode-6/data-0/containers/hdds
2020-11-30 19:45:16,735 [Thread-588] INFO  ozoneimpl.ContainerReader (ContainerReader.java:readVolume(123)) - Start to verify containers on volume /github/workspace/mnt/ozone/hadoop-ozone/integration-test/target/test-dir/MiniOzoneClusterImpl-e29a2f86-0e02-4c39-a42b-ca59556809f6/datanode-6/data-0/containers/hdds
2020-11-30 19:45:16,735 [Thread-588] INFO  ozoneimpl.ContainerReader (ContainerReader.java:readVolume(148)) - Finish verifying containers on volume /github/workspace/mnt/ozone/hadoop-ozone/integration-test/target/test-dir/MiniOzoneClusterImpl-e29a2f86-0e02-4c39-a42b-ca59556809f6/datanode-6/data-0/containers/hdds
2020-11-30 19:45:16,735 [Listener at 127.0.0.1/45407] INFO  ozoneimpl.OzoneContainer (OzoneContainer.java:buildContainerSet(194)) - Build ContainerSet costs 0s
2020-11-30 19:45:16,737 [Listener at 127.0.0.1/45407] INFO  impl.RaftServerProxy (ConfUtils.java:logGet(44)) - raft.rpc.type = GRPC (default)
2020-11-30 19:45:16,737 [Listener at 127.0.0.1/45407] INFO  grpc.GrpcFactory (GrpcFactory.java:checkPooledByteBufAllocatorUseCacheForAllThreads(45)) - PERFORMANCE WARNING: useCacheForAllThreads is true that may cause Netty to create a lot garbage objects and, as a result, trigger GC.
	It is recommended to disable useCacheForAllThreads by setting -Dorg.apache.ratis.thirdparty.io.netty.allocator.useCacheForAllThreads=false in command line.
2020-11-30 19:45:16,737 [Listener at 127.0.0.1/45407] INFO  grpc.GrpcConfigKeys (ConfUtils.java:logGet(44)) - raft.grpc.server.port = 0 (default)
2020-11-30 19:45:16,737 [Listener at 127.0.0.1/45407] INFO  server.GrpcService (ConfUtils.java:logGet(44)) - raft.grpc.message.size.max = 32MB (=33554432) (custom)
2020-11-30 19:45:16,737 [Listener at 127.0.0.1/45407] INFO  server.RaftServerConfigKeys (ConfUtils.java:logGet(44)) - raft.server.log.appender.buffer.byte-limit = 33554432 (custom)
2020-11-30 19:45:16,737 [Listener at 127.0.0.1/45407] INFO  server.GrpcService (ConfUtils.java:logGet(44)) - raft.grpc.flow.control.window = 5MB (=5242880) (custom)
2020-11-30 19:45:16,738 [Listener at 127.0.0.1/45407] INFO  server.RaftServerConfigKeys (ConfUtils.java:logGet(44)) - raft.server.rpc.request.timeout = 60s (custom)
2020-11-30 19:45:16,739 [Listener at 127.0.0.1/45407] INFO  impl.DataStreamServerImpl (ConfUtils.java:logGet(44)) - raft.datastream.type = DISABLED (default)
2020-11-30 19:45:16,739 [Listener at 127.0.0.1/45407] INFO  server.RaftServerConfigKeys (ConfUtils.java:logGet(44)) - raft.server.storage.dir = [/github/workspace/mnt/ozone/hadoop-ozone/integration-test/target/test-dir/MiniOzoneClusterImpl-e29a2f86-0e02-4c39-a42b-ca59556809f6/datanode-6/data/ratis] (custom)
2020-11-30 19:45:16,741 [Datanode State Machine Task Thread - 0] INFO  datanode.InitDatanodeState (InitDatanodeState.java:persistContainerDatanodeDetails(145)) - DatanodeDetails is persisted to /github/workspace/mnt/ozone/hadoop-ozone/integration-test/target/test-dir/MiniOzoneClusterImpl-e29a2f86-0e02-4c39-a42b-ca59556809f6/datanode-5/meta/datanode.id
2020-11-30 19:45:16,744 [Listener at 127.0.0.1/45407] INFO  http.BaseHttpServer (BaseHttpServer.java:newHttpServer2BuilderForOzone(207)) - Starting Web-server for hddsDatanode at: http://0.0.0.0:0
2020-11-30 19:45:16,744 [Listener at 127.0.0.1/45407] INFO  http.BaseHttpServer (BaseHttpServer.java:<init>(106)) - Hadoop Security Enabled: false Ozone Security Enabled: false Ozone HTTP Security Enabled: false 
2020-11-30 19:45:16,745 [Listener at 127.0.0.1/45407] INFO  server.AuthenticationFilter (AuthenticationFilter.java:constructSecretProvider(240)) - Unable to initialize FileSignerSecretProvider, falling back to use random secrets.
2020-11-30 19:45:16,746 [Listener at 127.0.0.1/45407] WARN  http.HttpRequestLog (HttpRequestLog.java:getRequestLog(103)) - Jetty request log can only be enabled using Log4j
2020-11-30 19:45:16,747 [Listener at 127.0.0.1/45407] INFO  http.HttpServer2 (HttpServer2.java:addGlobalFilter(1019)) - Added global filter 'safety' (class=org.apache.hadoop.hdds.server.http.HttpServer2$QuotingInputFilter)
2020-11-30 19:45:16,747 [Listener at 127.0.0.1/45407] INFO  http.HttpServer2 (HttpServer2.java:addFilter(995)) - Added filter static_user_filter (class=org.apache.hadoop.http.lib.StaticUserWebFilter$StaticUserFilter) to context hddsDatanode
2020-11-30 19:45:16,748 [Listener at 127.0.0.1/45407] INFO  http.HttpServer2 (HttpServer2.java:addFilter(1003)) - Added filter static_user_filter (class=org.apache.hadoop.http.lib.StaticUserWebFilter$StaticUserFilter) to context logs
2020-11-30 19:45:16,748 [Listener at 127.0.0.1/45407] INFO  http.HttpServer2 (HttpServer2.java:addFilter(1003)) - Added filter static_user_filter (class=org.apache.hadoop.http.lib.StaticUserWebFilter$StaticUserFilter) to context static
2020-11-30 19:45:16,748 [Listener at 127.0.0.1/45407] INFO  http.HttpServer2 (HttpServer2.java:bindListener(1237)) - Jetty bound to port 36881
2020-11-30 19:45:16,748 [Listener at 127.0.0.1/45407] INFO  server.Server (Server.java:doStart(375)) - jetty-9.4.34.v20201102; built: 2020-11-02T14:15:39.302Z; git: e46af88704a893fc12cb0e3bf46e2c7b48a009e7; jvm 1.8.0_232-b09
2020-11-30 19:45:16,750 [Listener at 127.0.0.1/45407] INFO  server.session (DefaultSessionIdManager.java:doStart(334)) - DefaultSessionIdManager workerName=node0
2020-11-30 19:45:16,750 [Listener at 127.0.0.1/45407] INFO  server.session (DefaultSessionIdManager.java:doStart(339)) - No SessionScavenger set, using defaults
2020-11-30 19:45:16,750 [Listener at 127.0.0.1/45407] INFO  server.session (HouseKeeper.java:startScavenging(132)) - node0 Scavenging every 660000ms
2020-11-30 19:45:16,751 [Listener at 127.0.0.1/45407] INFO  handler.ContextHandler (ContextHandler.java:doStart(916)) - Started o.e.j.s.ServletContextHandler@3fccfd86{logs,/logs,file:///github/workspace/mnt/ozone/hadoop-ozone/integration-test/target/log,AVAILABLE}
2020-11-30 19:45:16,751 [Listener at 127.0.0.1/45407] INFO  handler.ContextHandler (ContextHandler.java:doStart(916)) - Started o.e.j.s.ServletContextHandler@5807d909{static,/static,jar:file:/home/user/.m2/repository/org/apache/hadoop/hadoop-hdds-container-service/1.1.0-SNAPSHOT/hadoop-hdds-container-service-1.1.0-SNAPSHOT.jar!/webapps/static,AVAILABLE}
2020-11-30 19:45:16,902 [Listener at 127.0.0.1/45407] INFO  handler.ContextHandler (ContextHandler.java:doStart(916)) - Started o.e.j.w.WebAppContext@7645a783{hddsDatanode,/,file:///tmp/jetty-0_0_0_0-36881-hadoop-hdds-container-service-1_1_0-SNAPSHOT_jar-_-any-3869789614097974659/webapp/,AVAILABLE}{jar:file:/home/user/.m2/repository/org/apache/hadoop/hadoop-hdds-container-service/1.1.0-SNAPSHOT/hadoop-hdds-container-service-1.1.0-SNAPSHOT.jar!/webapps/hddsDatanode}
2020-11-30 19:45:16,904 [Listener at 127.0.0.1/45407] INFO  server.AbstractConnector (AbstractConnector.java:doStart(331)) - Started ServerConnector@87ca3c{HTTP/1.1, (http/1.1)}{0.0.0.0:36881}
2020-11-30 19:45:16,904 [Listener at 127.0.0.1/45407] INFO  server.Server (Server.java:doStart(415)) - Started @65676ms
2020-11-30 19:45:16,904 [Listener at 127.0.0.1/45407] WARN  impl.MetricsSystemImpl (MetricsSystemImpl.java:register(276)) - Sink prometheus already exists!
2020-11-30 19:45:17,040 [Listener at 127.0.0.1/45407] INFO  http.BaseHttpServer (BaseHttpServer.java:updateConnectorAddress(327)) - HTTP server of hddsDatanode listening at http://0.0.0.0:36881
2020-11-30 19:45:17,043 [Listener at 127.0.0.1/45407] INFO  ozone.MiniOzoneClusterImpl (MiniOzoneClusterImpl.java:lambda$waitForClusterToBeReady$0(178)) - Waiting for nodes to be ready. Got 0 of 7 DN Heartbeats.
2020-11-30 19:45:17,043 [Listener at 127.0.0.1/45407] INFO  ozone.MiniOzoneClusterImpl (MiniOzoneClusterImpl.java:lambda$waitForClusterToBeReady$0(181)) - Waiting for cluster to exit safe mode
2020-11-30 19:45:17,044 [org.apache.hadoop.util.JvmPauseMonitor$Monitor@8785acc] INFO  util.JvmPauseMonitor (JvmPauseMonitor.java:run(188)) - Starting JVM pause monitor
2020-11-30 19:45:17,046 [Datanode State Machine Task Thread - 0] INFO  datanode.InitDatanodeState (InitDatanodeState.java:persistContainerDatanodeDetails(145)) - DatanodeDetails is persisted to /github/workspace/mnt/ozone/hadoop-ozone/integration-test/target/test-dir/MiniOzoneClusterImpl-e29a2f86-0e02-4c39-a42b-ca59556809f6/datanode-6/meta/datanode.id
2020-11-30 19:45:17,674 [EndpointStateMachine task thread for /0.0.0.0:40633 - 0 ] INFO  ozoneimpl.OzoneContainer (OzoneContainer.java:start(243)) - Attempting to start container services.
2020-11-30 19:45:17,674 [EndpointStateMachine task thread for /0.0.0.0:40633 - 0 ] INFO  ozoneimpl.OzoneContainer (OzoneContainer.java:startContainerScrub(207)) - Background container scanner has been disabled.
2020-11-30 19:45:17,674 [EndpointStateMachine task thread for /0.0.0.0:40633 - 0 ] INFO  ratis.XceiverServerRatis (XceiverServerRatis.java:start(456)) - Starting XceiverServerRatis 70b5b581-c134-4e70-98be-52f4a1178c95 at port 0
2020-11-30 19:45:17,675 [EndpointStateMachine task thread for /0.0.0.0:40633 - 0 ] INFO  impl.RaftServerProxy (RaftServerProxy.java:lambda$start$3(321)) - 70b5b581-c134-4e70-98be-52f4a1178c95: start RPC server
2020-11-30 19:45:17,677 [EndpointStateMachine task thread for /0.0.0.0:40633 - 0 ] INFO  server.GrpcService (GrpcService.java:startImpl(177)) - 70b5b581-c134-4e70-98be-52f4a1178c95: GrpcService started, listening on 0.0.0.0/0.0.0.0:37313
2020-11-30 19:45:17,677 [EndpointStateMachine task thread for /0.0.0.0:40633 - 0 ] INFO  ratis.XceiverServerRatis (XceiverServerRatis.java:start(468)) - XceiverServerRatis 70b5b581-c134-4e70-98be-52f4a1178c95 is started using port 37313
2020-11-30 19:45:17,677 [EndpointStateMachine task thread for /0.0.0.0:40633 - 0 ] INFO  server.XceiverServerGrpc (XceiverServerGrpc.java:start(145)) - XceiverServerGrpc 70b5b581-c134-4e70-98be-52f4a1178c95 is started using port 45717
2020-11-30 19:45:17,678 [org.apache.ratis.server.JvmPauseMonitor@7d4e1791-Monitor] INFO  server.RaftServerConfigKeys (ConfUtils.java:logGet(44)) - raft.server.leaderelection.leader.step-down.wait-time = 10s (default)
2020-11-30 19:45:17,678 [org.apache.ratis.server.JvmPauseMonitor@7d4e1791-Monitor] INFO  server.RaftServerConfigKeys (ConfUtils.java:logGet(44)) - raft.server.rpc.slowness.timeout = 300s (custom)
2020-11-30 19:45:17,678 [org.apache.ratis.server.JvmPauseMonitor@7d4e1791-Monitor] INFO  server.JvmPauseMonitor (JvmPauseMonitor.java:run(129)) - Starting Ratis JVM pause monitor
2020-11-30 19:45:17,918 [EndpointStateMachine task thread for /0.0.0.0:40633 - 0 ] INFO  ozoneimpl.OzoneContainer (OzoneContainer.java:start(243)) - Attempting to start container services.
2020-11-30 19:45:17,919 [EndpointStateMachine task thread for /0.0.0.0:40633 - 0 ] INFO  ozoneimpl.OzoneContainer (OzoneContainer.java:startContainerScrub(207)) - Background container scanner has been disabled.
2020-11-30 19:45:17,919 [EndpointStateMachine task thread for /0.0.0.0:40633 - 0 ] INFO  ratis.XceiverServerRatis (XceiverServerRatis.java:start(456)) - Starting XceiverServerRatis 380c32ea-dc91-48bb-a59a-011c9a6c6a90 at port 0
2020-11-30 19:45:17,924 [EndpointStateMachine task thread for /0.0.0.0:40633 - 0 ] INFO  impl.RaftServerProxy (RaftServerProxy.java:lambda$start$3(321)) - 380c32ea-dc91-48bb-a59a-011c9a6c6a90: start RPC server
2020-11-30 19:45:17,925 [EndpointStateMachine task thread for /0.0.0.0:40633 - 0 ] INFO  server.GrpcService (GrpcService.java:startImpl(177)) - 380c32ea-dc91-48bb-a59a-011c9a6c6a90: GrpcService started, listening on 0.0.0.0/0.0.0.0:38913
2020-11-30 19:45:17,925 [EndpointStateMachine task thread for /0.0.0.0:40633 - 0 ] INFO  ratis.XceiverServerRatis (XceiverServerRatis.java:start(468)) - XceiverServerRatis 380c32ea-dc91-48bb-a59a-011c9a6c6a90 is started using port 38913
2020-11-30 19:45:17,925 [org.apache.ratis.server.JvmPauseMonitor@7d68b6c8-Monitor] INFO  server.RaftServerConfigKeys (ConfUtils.java:logGet(44)) - raft.server.leaderelection.leader.step-down.wait-time = 10s (default)
2020-11-30 19:45:17,925 [EndpointStateMachine task thread for /0.0.0.0:40633 - 0 ] INFO  server.XceiverServerGrpc (XceiverServerGrpc.java:start(145)) - XceiverServerGrpc 380c32ea-dc91-48bb-a59a-011c9a6c6a90 is started using port 40253
2020-11-30 19:45:17,926 [org.apache.ratis.server.JvmPauseMonitor@7d68b6c8-Monitor] INFO  server.RaftServerConfigKeys (ConfUtils.java:logGet(44)) - raft.server.rpc.slowness.timeout = 300s (custom)
2020-11-30 19:45:17,926 [org.apache.ratis.server.JvmPauseMonitor@7d68b6c8-Monitor] INFO  server.JvmPauseMonitor (JvmPauseMonitor.java:run(129)) - Starting Ratis JVM pause monitor
2020-11-30 19:45:18,044 [Listener at 127.0.0.1/45407] INFO  ozone.MiniOzoneClusterImpl (MiniOzoneClusterImpl.java:lambda$waitForClusterToBeReady$0(178)) - Waiting for nodes to be ready. Got 0 of 7 DN Heartbeats.
2020-11-30 19:45:18,044 [Listener at 127.0.0.1/45407] INFO  ozone.MiniOzoneClusterImpl (MiniOzoneClusterImpl.java:lambda$waitForClusterToBeReady$0(181)) - Waiting for cluster to exit safe mode
2020-11-30 19:45:18,090 [EndpointStateMachine task thread for /0.0.0.0:40633 - 0 ] INFO  ozoneimpl.OzoneContainer (OzoneContainer.java:start(243)) - Attempting to start container services.
2020-11-30 19:45:18,091 [EndpointStateMachine task thread for /0.0.0.0:40633 - 0 ] INFO  ozoneimpl.OzoneContainer (OzoneContainer.java:startContainerScrub(207)) - Background container scanner has been disabled.
2020-11-30 19:45:18,091 [EndpointStateMachine task thread for /0.0.0.0:40633 - 0 ] INFO  ratis.XceiverServerRatis (XceiverServerRatis.java:start(456)) - Starting XceiverServerRatis afad6a44-2cb7-4cc9-9b68-87659c1db71e at port 0
2020-11-30 19:45:18,092 [EndpointStateMachine task thread for /0.0.0.0:40633 - 0 ] INFO  impl.RaftServerProxy (RaftServerProxy.java:lambda$start$3(321)) - afad6a44-2cb7-4cc9-9b68-87659c1db71e: start RPC server
2020-11-30 19:45:18,092 [EndpointStateMachine task thread for /0.0.0.0:40633 - 0 ] INFO  server.GrpcService (GrpcService.java:startImpl(177)) - afad6a44-2cb7-4cc9-9b68-87659c1db71e: GrpcService started, listening on 0.0.0.0/0.0.0.0:36927
2020-11-30 19:45:18,093 [EndpointStateMachine task thread for /0.0.0.0:40633 - 0 ] INFO  ratis.XceiverServerRatis (XceiverServerRatis.java:start(468)) - XceiverServerRatis afad6a44-2cb7-4cc9-9b68-87659c1db71e is started using port 36927
2020-11-30 19:45:18,101 [EndpointStateMachine task thread for /0.0.0.0:40633 - 0 ] INFO  server.XceiverServerGrpc (XceiverServerGrpc.java:start(145)) - XceiverServerGrpc afad6a44-2cb7-4cc9-9b68-87659c1db71e is started using port 37369
2020-11-30 19:45:18,104 [org.apache.ratis.server.JvmPauseMonitor@410e9fe0-Monitor] INFO  server.RaftServerConfigKeys (ConfUtils.java:logGet(44)) - raft.server.leaderelection.leader.step-down.wait-time = 10s (default)
2020-11-30 19:45:18,104 [org.apache.ratis.server.JvmPauseMonitor@410e9fe0-Monitor] INFO  server.RaftServerConfigKeys (ConfUtils.java:logGet(44)) - raft.server.rpc.slowness.timeout = 300s (custom)
2020-11-30 19:45:18,104 [org.apache.ratis.server.JvmPauseMonitor@410e9fe0-Monitor] INFO  server.JvmPauseMonitor (JvmPauseMonitor.java:run(129)) - Starting Ratis JVM pause monitor
2020-11-30 19:45:18,294 [EndpointStateMachine task thread for /0.0.0.0:40633 - 0 ] INFO  ozoneimpl.OzoneContainer (OzoneContainer.java:start(243)) - Attempting to start container services.
2020-11-30 19:45:18,294 [EndpointStateMachine task thread for /0.0.0.0:40633 - 0 ] INFO  ozoneimpl.OzoneContainer (OzoneContainer.java:startContainerScrub(207)) - Background container scanner has been disabled.
2020-11-30 19:45:18,294 [EndpointStateMachine task thread for /0.0.0.0:40633 - 0 ] INFO  ratis.XceiverServerRatis (XceiverServerRatis.java:start(456)) - Starting XceiverServerRatis ade932d9-a820-4647-aac5-71d70ca86541 at port 0
2020-11-30 19:45:18,295 [EndpointStateMachine task thread for /0.0.0.0:40633 - 0 ] INFO  impl.RaftServerProxy (RaftServerProxy.java:lambda$start$3(321)) - ade932d9-a820-4647-aac5-71d70ca86541: start RPC server
2020-11-30 19:45:18,296 [EndpointStateMachine task thread for /0.0.0.0:40633 - 0 ] INFO  server.GrpcService (GrpcService.java:startImpl(177)) - ade932d9-a820-4647-aac5-71d70ca86541: GrpcService started, listening on 0.0.0.0/0.0.0.0:39053
2020-11-30 19:45:18,296 [EndpointStateMachine task thread for /0.0.0.0:40633 - 0 ] INFO  ratis.XceiverServerRatis (XceiverServerRatis.java:start(468)) - XceiverServerRatis ade932d9-a820-4647-aac5-71d70ca86541 is started using port 39053
2020-11-30 19:45:18,297 [org.apache.ratis.server.JvmPauseMonitor@200b4c46-Monitor] INFO  server.RaftServerConfigKeys (ConfUtils.java:logGet(44)) - raft.server.leaderelection.leader.step-down.wait-time = 10s (default)
2020-11-30 19:45:18,297 [org.apache.ratis.server.JvmPauseMonitor@200b4c46-Monitor] INFO  server.RaftServerConfigKeys (ConfUtils.java:logGet(44)) - raft.server.rpc.slowness.timeout = 300s (custom)
2020-11-30 19:45:18,298 [org.apache.ratis.server.JvmPauseMonitor@200b4c46-Monitor] INFO  server.JvmPauseMonitor (JvmPauseMonitor.java:run(129)) - Starting Ratis JVM pause monitor
2020-11-30 19:45:18,298 [EndpointStateMachine task thread for /0.0.0.0:40633 - 0 ] INFO  server.XceiverServerGrpc (XceiverServerGrpc.java:start(145)) - XceiverServerGrpc ade932d9-a820-4647-aac5-71d70ca86541 is started using port 33211
2020-11-30 19:45:18,491 [EndpointStateMachine task thread for /0.0.0.0:40633 - 0 ] INFO  ozoneimpl.OzoneContainer (OzoneContainer.java:start(243)) - Attempting to start container services.
2020-11-30 19:45:18,491 [EndpointStateMachine task thread for /0.0.0.0:40633 - 0 ] INFO  ozoneimpl.OzoneContainer (OzoneContainer.java:startContainerScrub(207)) - Background container scanner has been disabled.
2020-11-30 19:45:18,492 [EndpointStateMachine task thread for /0.0.0.0:40633 - 0 ] INFO  ratis.XceiverServerRatis (XceiverServerRatis.java:start(456)) - Starting XceiverServerRatis 8c573d92-c9cf-477f-8aa0-4f15145726d2 at port 0
2020-11-30 19:45:18,494 [EndpointStateMachine task thread for /0.0.0.0:40633 - 0 ] INFO  impl.RaftServerProxy (RaftServerProxy.java:lambda$start$3(321)) - 8c573d92-c9cf-477f-8aa0-4f15145726d2: start RPC server
2020-11-30 19:45:18,496 [EndpointStateMachine task thread for /0.0.0.0:40633 - 0 ] INFO  server.GrpcService (GrpcService.java:startImpl(177)) - 8c573d92-c9cf-477f-8aa0-4f15145726d2: GrpcService started, listening on 0.0.0.0/0.0.0.0:43725
2020-11-30 19:45:18,496 [EndpointStateMachine task thread for /0.0.0.0:40633 - 0 ] INFO  ratis.XceiverServerRatis (XceiverServerRatis.java:start(468)) - XceiverServerRatis 8c573d92-c9cf-477f-8aa0-4f15145726d2 is started using port 43725
2020-11-30 19:45:18,498 [org.apache.ratis.server.JvmPauseMonitor@342d87e5-Monitor] INFO  server.RaftServerConfigKeys (ConfUtils.java:logGet(44)) - raft.server.leaderelection.leader.step-down.wait-time = 10s (default)
2020-11-30 19:45:18,498 [org.apache.ratis.server.JvmPauseMonitor@342d87e5-Monitor] INFO  server.RaftServerConfigKeys (ConfUtils.java:logGet(44)) - raft.server.rpc.slowness.timeout = 300s (custom)
2020-11-30 19:45:18,498 [org.apache.ratis.server.JvmPauseMonitor@342d87e5-Monitor] INFO  server.JvmPauseMonitor (JvmPauseMonitor.java:run(129)) - Starting Ratis JVM pause monitor
2020-11-30 19:45:18,498 [EndpointStateMachine task thread for /0.0.0.0:40633 - 0 ] INFO  server.XceiverServerGrpc (XceiverServerGrpc.java:start(145)) - XceiverServerGrpc 8c573d92-c9cf-477f-8aa0-4f15145726d2 is started using port 34203
2020-11-30 19:45:18,727 [EndpointStateMachine task thread for /0.0.0.0:40633 - 0 ] INFO  ozoneimpl.OzoneContainer (OzoneContainer.java:start(243)) - Attempting to start container services.
2020-11-30 19:45:18,727 [EndpointStateMachine task thread for /0.0.0.0:40633 - 0 ] INFO  ozoneimpl.OzoneContainer (OzoneContainer.java:startContainerScrub(207)) - Background container scanner has been disabled.
2020-11-30 19:45:18,727 [EndpointStateMachine task thread for /0.0.0.0:40633 - 0 ] INFO  ratis.XceiverServerRatis (XceiverServerRatis.java:start(456)) - Starting XceiverServerRatis 62b863f3-593a-4903-871b-b217a8ac38c6 at port 0
2020-11-30 19:45:18,728 [EndpointStateMachine task thread for /0.0.0.0:40633 - 0 ] INFO  impl.RaftServerProxy (RaftServerProxy.java:lambda$start$3(321)) - 62b863f3-593a-4903-871b-b217a8ac38c6: start RPC server
2020-11-30 19:45:18,729 [EndpointStateMachine task thread for /0.0.0.0:40633 - 0 ] INFO  server.GrpcService (GrpcService.java:startImpl(177)) - 62b863f3-593a-4903-871b-b217a8ac38c6: GrpcService started, listening on 0.0.0.0/0.0.0.0:43681
2020-11-30 19:45:18,729 [EndpointStateMachine task thread for /0.0.0.0:40633 - 0 ] INFO  ratis.XceiverServerRatis (XceiverServerRatis.java:start(468)) - XceiverServerRatis 62b863f3-593a-4903-871b-b217a8ac38c6 is started using port 43681
2020-11-30 19:45:18,731 [EndpointStateMachine task thread for /0.0.0.0:40633 - 0 ] INFO  server.XceiverServerGrpc (XceiverServerGrpc.java:start(145)) - XceiverServerGrpc 62b863f3-593a-4903-871b-b217a8ac38c6 is started using port 44003
2020-11-30 19:45:18,731 [org.apache.ratis.server.JvmPauseMonitor@58ed6bb7-Monitor] INFO  server.RaftServerConfigKeys (ConfUtils.java:logGet(44)) - raft.server.leaderelection.leader.step-down.wait-time = 10s (default)
2020-11-30 19:45:18,735 [org.apache.ratis.server.JvmPauseMonitor@58ed6bb7-Monitor] INFO  server.RaftServerConfigKeys (ConfUtils.java:logGet(44)) - raft.server.rpc.slowness.timeout = 300s (custom)
2020-11-30 19:45:18,735 [org.apache.ratis.server.JvmPauseMonitor@58ed6bb7-Monitor] INFO  server.JvmPauseMonitor (JvmPauseMonitor.java:run(129)) - Starting Ratis JVM pause monitor
2020-11-30 19:45:19,044 [Listener at 127.0.0.1/45407] INFO  ozone.MiniOzoneClusterImpl (MiniOzoneClusterImpl.java:lambda$waitForClusterToBeReady$0(178)) - Waiting for nodes to be ready. Got 0 of 7 DN Heartbeats.
2020-11-30 19:45:19,044 [Listener at 127.0.0.1/45407] INFO  ozone.MiniOzoneClusterImpl (MiniOzoneClusterImpl.java:lambda$waitForClusterToBeReady$0(181)) - Waiting for cluster to exit safe mode
2020-11-30 19:45:19,049 [EndpointStateMachine task thread for /0.0.0.0:40633 - 0 ] INFO  ozoneimpl.OzoneContainer (OzoneContainer.java:start(243)) - Attempting to start container services.
2020-11-30 19:45:19,049 [EndpointStateMachine task thread for /0.0.0.0:40633 - 0 ] INFO  ozoneimpl.OzoneContainer (OzoneContainer.java:startContainerScrub(207)) - Background container scanner has been disabled.
2020-11-30 19:45:19,050 [EndpointStateMachine task thread for /0.0.0.0:40633 - 0 ] INFO  ratis.XceiverServerRatis (XceiverServerRatis.java:start(456)) - Starting XceiverServerRatis d6eb1359-ee67-46ea-89b2-cd50275971cc at port 0
2020-11-30 19:45:19,051 [EndpointStateMachine task thread for /0.0.0.0:40633 - 0 ] INFO  impl.RaftServerProxy (RaftServerProxy.java:lambda$start$3(321)) - d6eb1359-ee67-46ea-89b2-cd50275971cc: start RPC server
2020-11-30 19:45:19,052 [EndpointStateMachine task thread for /0.0.0.0:40633 - 0 ] INFO  server.GrpcService (GrpcService.java:startImpl(177)) - d6eb1359-ee67-46ea-89b2-cd50275971cc: GrpcService started, listening on 0.0.0.0/0.0.0.0:44575
2020-11-30 19:45:19,053 [EndpointStateMachine task thread for /0.0.0.0:40633 - 0 ] INFO  ratis.XceiverServerRatis (XceiverServerRatis.java:start(468)) - XceiverServerRatis d6eb1359-ee67-46ea-89b2-cd50275971cc is started using port 44575
2020-11-30 19:45:19,053 [EndpointStateMachine task thread for /0.0.0.0:40633 - 0 ] INFO  server.XceiverServerGrpc (XceiverServerGrpc.java:start(145)) - XceiverServerGrpc d6eb1359-ee67-46ea-89b2-cd50275971cc is started using port 33557
2020-11-30 19:45:19,056 [org.apache.ratis.server.JvmPauseMonitor@5f9777d1-Monitor] INFO  server.RaftServerConfigKeys (ConfUtils.java:logGet(44)) - raft.server.leaderelection.leader.step-down.wait-time = 10s (default)
2020-11-30 19:45:19,056 [org.apache.ratis.server.JvmPauseMonitor@5f9777d1-Monitor] INFO  server.RaftServerConfigKeys (ConfUtils.java:logGet(44)) - raft.server.rpc.slowness.timeout = 300s (custom)
2020-11-30 19:45:19,056 [org.apache.ratis.server.JvmPauseMonitor@5f9777d1-Monitor] INFO  server.JvmPauseMonitor (JvmPauseMonitor.java:run(129)) - Starting Ratis JVM pause monitor
2020-11-30 19:45:19,665 [IPC Server handler 2 on default port 40633] INFO  net.NetworkTopologyImpl (NetworkTopologyImpl.java:add(111)) - Added a new node: /default-rack/70b5b581-c134-4e70-98be-52f4a1178c95
2020-11-30 19:45:19,667 [IPC Server handler 2 on default port 40633] INFO  node.SCMNodeManager (SCMNodeManager.java:register(282)) - Registered Data node : 70b5b581-c134-4e70-98be-52f4a1178c95{ip: 172.17.0.2, host: 2c46048f23a6, networkLocation: /default-rack, certSerialId: null}
2020-11-30 19:45:19,667 [RatisPipelineUtilsThread] INFO  pipeline.RatisPipelineProvider (RatisPipelineProvider.java:lambda$create$0(161)) - Sending CreatePipelineCommand for pipeline:PipelineID=24e4bd6c-c817-45c7-a707-8aacd6717f75 to datanode:70b5b581-c134-4e70-98be-52f4a1178c95
2020-11-30 19:45:19,669 [EventQueue-NodeRegistrationContainerReportForDataNodeSafeModeRule] INFO  safemode.SCMSafeModeManager (DataNodeSafeModeRule.java:process(71)) - SCM in safe mode. 1 DataNodes registered, 1 required.
2020-11-30 19:45:19,669 [EventQueue-NodeRegistrationContainerReportForDataNodeSafeModeRule] INFO  safemode.SCMSafeModeManager (SCMSafeModeManager.java:validateSafeModeExitRules(214)) - DataNodeSafeModeRule rule is successfully validated
2020-11-30 19:45:19,669 [EventQueue-NodeRegistrationContainerReportForDataNodeSafeModeRule] INFO  safemode.SCMSafeModeManager (SCMSafeModeManager.java:completePreCheck(242)) - All SCM safe mode pre check rules have passed
2020-11-30 19:45:19,669 [RatisPipelineUtilsThread] INFO  pipeline.PipelineStateManager (PipelineStateManager.java:addPipeline(54)) - Created pipeline Pipeline[ Id: 24e4bd6c-c817-45c7-a707-8aacd6717f75, Nodes: 70b5b581-c134-4e70-98be-52f4a1178c95{ip: 172.17.0.2, host: 2c46048f23a6, networkLocation: /default-rack, certSerialId: null}, Type:RATIS, Factor:ONE, State:ALLOCATED, leaderId:, CreationTimestamp2020-11-30T19:45:19.667Z]
2020-11-30 19:45:19,670 [RatisPipelineUtilsThread] WARN  pipeline.PipelinePlacementPolicy (PipelinePlacementPolicy.java:filterViableNodes(138)) - Pipeline creation failed due to no sufficient healthy datanodes. Required 3. Found 1.
2020-11-30 19:45:19,672 [EventQueue-NodeRegistrationContainerReportForContainerSafeModeRule] INFO  safemode.SCMSafeModeManager (SCMSafeModeManager.java:validateSafeModeExitRules(214)) - ContainerSafeModeRule rule is successfully validated
2020-11-30 19:45:19,673 [EventQueue-PipelineReportForOneReplicaPipelineSafeModeRule] INFO  safemode.SCMSafeModeManager (SCMSafeModeManager.java:validateSafeModeExitRules(214)) - AtleastOneDatanodeReportedRule rule is successfully validated
2020-11-30 19:45:19,915 [IPC Server handler 3 on default port 40633] INFO  net.NetworkTopologyImpl (NetworkTopologyImpl.java:add(111)) - Added a new node: /default-rack/380c32ea-dc91-48bb-a59a-011c9a6c6a90
2020-11-30 19:45:19,915 [IPC Server handler 3 on default port 40633] INFO  node.SCMNodeManager (SCMNodeManager.java:register(282)) - Registered Data node : 380c32ea-dc91-48bb-a59a-011c9a6c6a90{ip: 172.17.0.2, host: 2c46048f23a6, networkLocation: /default-rack, certSerialId: null}
2020-11-30 19:45:19,915 [EventQueue-NodeRegistrationContainerReportForDataNodeSafeModeRule] INFO  safemode.SCMSafeModeManager (SCMSafeModeManager.java:validateSafeModeExitRules(214)) - DataNodeSafeModeRule rule is successfully validated
2020-11-30 19:45:19,915 [EventQueue-NodeRegistrationContainerReportForContainerSafeModeRule] INFO  safemode.SCMSafeModeManager (SCMSafeModeManager.java:validateSafeModeExitRules(214)) - ContainerSafeModeRule rule is successfully validated
2020-11-30 19:45:19,916 [EventQueue-PipelineReportForOneReplicaPipelineSafeModeRule] INFO  safemode.SCMSafeModeManager (SCMSafeModeManager.java:validateSafeModeExitRules(214)) - AtleastOneDatanodeReportedRule rule is successfully validated
2020-11-30 19:45:19,916 [RatisPipelineUtilsThread] INFO  pipeline.RatisPipelineProvider (RatisPipelineProvider.java:lambda$create$0(161)) - Sending CreatePipelineCommand for pipeline:PipelineID=b7fa9be7-d2e3-43c5-aa0b-4159e0c6ef80 to datanode:380c32ea-dc91-48bb-a59a-011c9a6c6a90
2020-11-30 19:45:19,916 [RatisPipelineUtilsThread] INFO  pipeline.PipelineStateManager (PipelineStateManager.java:addPipeline(54)) - Created pipeline Pipeline[ Id: b7fa9be7-d2e3-43c5-aa0b-4159e0c6ef80, Nodes: 380c32ea-dc91-48bb-a59a-011c9a6c6a90{ip: 172.17.0.2, host: 2c46048f23a6, networkLocation: /default-rack, certSerialId: null}, Type:RATIS, Factor:ONE, State:ALLOCATED, leaderId:, CreationTimestamp2020-11-30T19:45:19.916Z]
2020-11-30 19:45:19,917 [RatisPipelineUtilsThread] WARN  pipeline.PipelinePlacementPolicy (PipelinePlacementPolicy.java:filterViableNodes(138)) - Pipeline creation failed due to no sufficient healthy datanodes. Required 3. Found 2.
2020-11-30 19:45:20,044 [Listener at 127.0.0.1/45407] INFO  ozone.MiniOzoneClusterImpl (MiniOzoneClusterImpl.java:lambda$waitForClusterToBeReady$0(178)) - Waiting for nodes to be ready. Got 2 of 7 DN Heartbeats.
2020-11-30 19:45:20,045 [Listener at 127.0.0.1/45407] INFO  ozone.MiniOzoneClusterImpl (MiniOzoneClusterImpl.java:lambda$waitForClusterToBeReady$0(181)) - Waiting for cluster to exit safe mode
2020-11-30 19:45:20,088 [IPC Server handler 4 on default port 40633] INFO  net.NetworkTopologyImpl (NetworkTopologyImpl.java:add(111)) - Added a new node: /default-rack/afad6a44-2cb7-4cc9-9b68-87659c1db71e
2020-11-30 19:45:20,088 [IPC Server handler 4 on default port 40633] INFO  node.SCMNodeManager (SCMNodeManager.java:register(282)) - Registered Data node : afad6a44-2cb7-4cc9-9b68-87659c1db71e{ip: 172.17.0.2, host: 2c46048f23a6, networkLocation: /default-rack, certSerialId: null}
2020-11-30 19:45:20,089 [EventQueue-NodeRegistrationContainerReportForDataNodeSafeModeRule] INFO  safemode.SCMSafeModeManager (SCMSafeModeManager.java:validateSafeModeExitRules(214)) - DataNodeSafeModeRule rule is successfully validated
2020-11-30 19:45:20,089 [RatisPipelineUtilsThread] INFO  pipeline.RatisPipelineProvider (RatisPipelineProvider.java:lambda$create$0(161)) - Sending CreatePipelineCommand for pipeline:PipelineID=0af8f810-e01b-4539-9b9b-94a0457bfee0 to datanode:afad6a44-2cb7-4cc9-9b68-87659c1db71e
2020-11-30 19:45:20,089 [RatisPipelineUtilsThread] INFO  pipeline.PipelineStateManager (PipelineStateManager.java:addPipeline(54)) - Created pipeline Pipeline[ Id: 0af8f810-e01b-4539-9b9b-94a0457bfee0, Nodes: afad6a44-2cb7-4cc9-9b68-87659c1db71e{ip: 172.17.0.2, host: 2c46048f23a6, networkLocation: /default-rack, certSerialId: null}, Type:RATIS, Factor:ONE, State:ALLOCATED, leaderId:, CreationTimestamp2020-11-30T19:45:20.089Z]
2020-11-30 19:45:20,090 [RatisPipelineUtilsThread] INFO  pipeline.RatisPipelineProvider (RatisPipelineProvider.java:lambda$create$0(161)) - Sending CreatePipelineCommand for pipeline:PipelineID=7b206454-490d-4d50-a3c2-7e097f4fa569 to datanode:380c32ea-dc91-48bb-a59a-011c9a6c6a90
2020-11-30 19:45:20,090 [RatisPipelineUtilsThread] INFO  pipeline.RatisPipelineProvider (RatisPipelineProvider.java:lambda$create$0(161)) - Sending CreatePipelineCommand for pipeline:PipelineID=7b206454-490d-4d50-a3c2-7e097f4fa569 to datanode:70b5b581-c134-4e70-98be-52f4a1178c95
2020-11-30 19:45:20,090 [RatisPipelineUtilsThread] INFO  pipeline.RatisPipelineProvider (RatisPipelineProvider.java:lambda$create$0(161)) - Sending CreatePipelineCommand for pipeline:PipelineID=7b206454-490d-4d50-a3c2-7e097f4fa569 to datanode:afad6a44-2cb7-4cc9-9b68-87659c1db71e
2020-11-30 19:45:20,090 [RatisPipelineUtilsThread] INFO  pipeline.PipelineStateManager (PipelineStateManager.java:addPipeline(54)) - Created pipeline Pipeline[ Id: 7b206454-490d-4d50-a3c2-7e097f4fa569, Nodes: 380c32ea-dc91-48bb-a59a-011c9a6c6a90{ip: 172.17.0.2, host: 2c46048f23a6, networkLocation: /default-rack, certSerialId: null}70b5b581-c134-4e70-98be-52f4a1178c95{ip: 172.17.0.2, host: 2c46048f23a6, networkLocation: /default-rack, certSerialId: null}afad6a44-2cb7-4cc9-9b68-87659c1db71e{ip: 172.17.0.2, host: 2c46048f23a6, networkLocation: /default-rack, certSerialId: null}, Type:RATIS, Factor:THREE, State:ALLOCATED, leaderId:, CreationTimestamp2020-11-30T19:45:20.090Z]
2020-11-30 19:45:20,091 [EventQueue-NodeRegistrationContainerReportForContainerSafeModeRule] INFO  safemode.SCMSafeModeManager (SCMSafeModeManager.java:validateSafeModeExitRules(214)) - ContainerSafeModeRule rule is successfully validated
2020-11-30 19:45:20,091 [EventQueue-PipelineReportForOneReplicaPipelineSafeModeRule] INFO  safemode.SCMSafeModeManager (SCMSafeModeManager.java:validateSafeModeExitRules(214)) - AtleastOneDatanodeReportedRule rule is successfully validated
2020-11-30 19:45:20,292 [IPC Server handler 0 on default port 40633] INFO  net.NetworkTopologyImpl (NetworkTopologyImpl.java:add(111)) - Added a new node: /default-rack/ade932d9-a820-4647-aac5-71d70ca86541
2020-11-30 19:45:20,292 [IPC Server handler 0 on default port 40633] INFO  node.SCMNodeManager (SCMNodeManager.java:register(282)) - Registered Data node : ade932d9-a820-4647-aac5-71d70ca86541{ip: 172.17.0.2, host: 2c46048f23a6, networkLocation: /default-rack, certSerialId: null}
2020-11-30 19:45:20,292 [EventQueue-NodeRegistrationContainerReportForDataNodeSafeModeRule] INFO  safemode.SCMSafeModeManager (SCMSafeModeManager.java:validateSafeModeExitRules(214)) - DataNodeSafeModeRule rule is successfully validated
2020-11-30 19:45:20,293 [EventQueue-NodeRegistrationContainerReportForContainerSafeModeRule] INFO  safemode.SCMSafeModeManager (SCMSafeModeManager.java:validateSafeModeExitRules(214)) - ContainerSafeModeRule rule is successfully validated
2020-11-30 19:45:20,294 [EventQueue-PipelineReportForOneReplicaPipelineSafeModeRule] INFO  safemode.SCMSafeModeManager (SCMSafeModeManager.java:validateSafeModeExitRules(214)) - AtleastOneDatanodeReportedRule rule is successfully validated
2020-11-30 19:45:20,294 [RatisPipelineUtilsThread] INFO  pipeline.RatisPipelineProvider (RatisPipelineProvider.java:lambda$create$0(161)) - Sending CreatePipelineCommand for pipeline:PipelineID=3234c648-5abd-48ee-b8f2-d1d05e516ef9 to datanode:ade932d9-a820-4647-aac5-71d70ca86541
2020-11-30 19:45:20,295 [RatisPipelineUtilsThread] INFO  pipeline.PipelineStateManager (PipelineStateManager.java:addPipeline(54)) - Created pipeline Pipeline[ Id: 3234c648-5abd-48ee-b8f2-d1d05e516ef9, Nodes: ade932d9-a820-4647-aac5-71d70ca86541{ip: 172.17.0.2, host: 2c46048f23a6, networkLocation: /default-rack, certSerialId: null}, Type:RATIS, Factor:ONE, State:ALLOCATED, leaderId:, CreationTimestamp2020-11-30T19:45:20.294Z]
2020-11-30 19:45:20,491 [IPC Server handler 1 on default port 40633] INFO  net.NetworkTopologyImpl (NetworkTopologyImpl.java:add(111)) - Added a new node: /default-rack/8c573d92-c9cf-477f-8aa0-4f15145726d2
2020-11-30 19:45:20,491 [IPC Server handler 1 on default port 40633] INFO  node.SCMNodeManager (SCMNodeManager.java:register(282)) - Registered Data node : 8c573d92-c9cf-477f-8aa0-4f15145726d2{ip: 172.17.0.2, host: 2c46048f23a6, networkLocation: /default-rack, certSerialId: null}
2020-11-30 19:45:20,491 [EventQueue-NodeRegistrationContainerReportForDataNodeSafeModeRule] INFO  safemode.SCMSafeModeManager (SCMSafeModeManager.java:validateSafeModeExitRules(214)) - DataNodeSafeModeRule rule is successfully validated
2020-11-30 19:45:20,491 [EventQueue-NodeRegistrationContainerReportForContainerSafeModeRule] INFO  safemode.SCMSafeModeManager (SCMSafeModeManager.java:validateSafeModeExitRules(214)) - ContainerSafeModeRule rule is successfully validated
2020-11-30 19:45:20,491 [RatisPipelineUtilsThread] INFO  pipeline.RatisPipelineProvider (RatisPipelineProvider.java:lambda$create$0(161)) - Sending CreatePipelineCommand for pipeline:PipelineID=6c7b17d5-11bc-4528-8729-bb5e3e21d8e2 to datanode:8c573d92-c9cf-477f-8aa0-4f15145726d2
2020-11-30 19:45:20,491 [EventQueue-PipelineReportForOneReplicaPipelineSafeModeRule] INFO  safemode.SCMSafeModeManager (SCMSafeModeManager.java:validateSafeModeExitRules(214)) - AtleastOneDatanodeReportedRule rule is successfully validated
2020-11-30 19:45:20,492 [RatisPipelineUtilsThread] INFO  pipeline.PipelineStateManager (PipelineStateManager.java:addPipeline(54)) - Created pipeline Pipeline[ Id: 6c7b17d5-11bc-4528-8729-bb5e3e21d8e2, Nodes: 8c573d92-c9cf-477f-8aa0-4f15145726d2{ip: 172.17.0.2, host: 2c46048f23a6, networkLocation: /default-rack, certSerialId: null}, Type:RATIS, Factor:ONE, State:ALLOCATED, leaderId:, CreationTimestamp2020-11-30T19:45:20.491Z]
2020-11-30 19:45:20,725 [IPC Server handler 3 on default port 40633] INFO  net.NetworkTopologyImpl (NetworkTopologyImpl.java:add(111)) - Added a new node: /default-rack/62b863f3-593a-4903-871b-b217a8ac38c6
2020-11-30 19:45:20,725 [IPC Server handler 3 on default port 40633] INFO  node.SCMNodeManager (SCMNodeManager.java:register(282)) - Registered Data node : 62b863f3-593a-4903-871b-b217a8ac38c6{ip: 172.17.0.2, host: 2c46048f23a6, networkLocation: /default-rack, certSerialId: null}
2020-11-30 19:45:20,725 [EventQueue-NodeRegistrationContainerReportForDataNodeSafeModeRule] INFO  safemode.SCMSafeModeManager (SCMSafeModeManager.java:validateSafeModeExitRules(214)) - DataNodeSafeModeRule rule is successfully validated
2020-11-30 19:45:20,725 [EventQueue-PipelineReportForOneReplicaPipelineSafeModeRule] INFO  safemode.SCMSafeModeManager (SCMSafeModeManager.java:validateSafeModeExitRules(214)) - AtleastOneDatanodeReportedRule rule is successfully validated
2020-11-30 19:45:20,725 [EventQueue-NodeRegistrationContainerReportForContainerSafeModeRule] INFO  safemode.SCMSafeModeManager (SCMSafeModeManager.java:validateSafeModeExitRules(214)) - ContainerSafeModeRule rule is successfully validated
2020-11-30 19:45:20,725 [RatisPipelineUtilsThread] INFO  pipeline.RatisPipelineProvider (RatisPipelineProvider.java:lambda$create$0(161)) - Sending CreatePipelineCommand for pipeline:PipelineID=a9e67d9a-ebd8-4b26-8785-89ce9ce5b2d1 to datanode:62b863f3-593a-4903-871b-b217a8ac38c6
2020-11-30 19:45:20,726 [RatisPipelineUtilsThread] INFO  pipeline.PipelineStateManager (PipelineStateManager.java:addPipeline(54)) - Created pipeline Pipeline[ Id: a9e67d9a-ebd8-4b26-8785-89ce9ce5b2d1, Nodes: 62b863f3-593a-4903-871b-b217a8ac38c6{ip: 172.17.0.2, host: 2c46048f23a6, networkLocation: /default-rack, certSerialId: null}, Type:RATIS, Factor:ONE, State:ALLOCATED, leaderId:, CreationTimestamp2020-11-30T19:45:20.725Z]
2020-11-30 19:45:20,726 [RatisPipelineUtilsThread] INFO  pipeline.RatisPipelineProvider (RatisPipelineProvider.java:lambda$create$0(161)) - Sending CreatePipelineCommand for pipeline:PipelineID=13782f0c-139c-45d5-a327-f5bd7dfe9f34 to datanode:62b863f3-593a-4903-871b-b217a8ac38c6
2020-11-30 19:45:20,727 [RatisPipelineUtilsThread] INFO  pipeline.RatisPipelineProvider (RatisPipelineProvider.java:lambda$create$0(161)) - Sending CreatePipelineCommand for pipeline:PipelineID=13782f0c-139c-45d5-a327-f5bd7dfe9f34 to datanode:8c573d92-c9cf-477f-8aa0-4f15145726d2
2020-11-30 19:45:20,727 [RatisPipelineUtilsThread] INFO  pipeline.RatisPipelineProvider (RatisPipelineProvider.java:lambda$create$0(161)) - Sending CreatePipelineCommand for pipeline:PipelineID=13782f0c-139c-45d5-a327-f5bd7dfe9f34 to datanode:ade932d9-a820-4647-aac5-71d70ca86541
2020-11-30 19:45:20,727 [RatisPipelineUtilsThread] INFO  pipeline.PipelineStateManager (PipelineStateManager.java:addPipeline(54)) - Created pipeline Pipeline[ Id: 13782f0c-139c-45d5-a327-f5bd7dfe9f34, Nodes: 62b863f3-593a-4903-871b-b217a8ac38c6{ip: 172.17.0.2, host: 2c46048f23a6, networkLocation: /default-rack, certSerialId: null}8c573d92-c9cf-477f-8aa0-4f15145726d2{ip: 172.17.0.2, host: 2c46048f23a6, networkLocation: /default-rack, certSerialId: null}ade932d9-a820-4647-aac5-71d70ca86541{ip: 172.17.0.2, host: 2c46048f23a6, networkLocation: /default-rack, certSerialId: null}, Type:RATIS, Factor:THREE, State:ALLOCATED, leaderId:, CreationTimestamp2020-11-30T19:45:20.726Z]
2020-11-30 19:45:21,045 [Listener at 127.0.0.1/45407] INFO  ozone.MiniOzoneClusterImpl (MiniOzoneClusterImpl.java:lambda$waitForClusterToBeReady$0(178)) - Waiting for nodes to be ready. Got 6 of 7 DN Heartbeats.
2020-11-30 19:45:21,045 [Listener at 127.0.0.1/45407] INFO  ozone.MiniOzoneClusterImpl (MiniOzoneClusterImpl.java:lambda$waitForClusterToBeReady$0(181)) - Waiting for cluster to exit safe mode
2020-11-30 19:45:21,046 [IPC Server handler 4 on default port 40633] INFO  net.NetworkTopologyImpl (NetworkTopologyImpl.java:add(111)) - Added a new node: /default-rack/d6eb1359-ee67-46ea-89b2-cd50275971cc
2020-11-30 19:45:21,047 [IPC Server handler 4 on default port 40633] INFO  node.SCMNodeManager (SCMNodeManager.java:register(282)) - Registered Data node : d6eb1359-ee67-46ea-89b2-cd50275971cc{ip: 172.17.0.2, host: 2c46048f23a6, networkLocation: /default-rack, certSerialId: null}
2020-11-30 19:45:21,048 [RatisPipelineUtilsThread] INFO  pipeline.RatisPipelineProvider (RatisPipelineProvider.java:lambda$create$0(161)) - Sending CreatePipelineCommand for pipeline:PipelineID=bdf35853-5c56-482b-9e48-1487c1e82ed0 to datanode:d6eb1359-ee67-46ea-89b2-cd50275971cc
2020-11-30 19:45:21,048 [EventQueue-NodeRegistrationContainerReportForDataNodeSafeModeRule] INFO  safemode.SCMSafeModeManager (SCMSafeModeManager.java:validateSafeModeExitRules(214)) - DataNodeSafeModeRule rule is successfully validated
2020-11-30 19:45:21,048 [EventQueue-PipelineReportForOneReplicaPipelineSafeModeRule] INFO  safemode.SCMSafeModeManager (SCMSafeModeManager.java:validateSafeModeExitRules(214)) - AtleastOneDatanodeReportedRule rule is successfully validated
2020-11-30 19:45:21,048 [EventQueue-NodeRegistrationContainerReportForContainerSafeModeRule] INFO  safemode.SCMSafeModeManager (SCMSafeModeManager.java:validateSafeModeExitRules(214)) - ContainerSafeModeRule rule is successfully validated
2020-11-30 19:45:21,050 [RatisPipelineUtilsThread] INFO  pipeline.PipelineStateManager (PipelineStateManager.java:addPipeline(54)) - Created pipeline Pipeline[ Id: bdf35853-5c56-482b-9e48-1487c1e82ed0, Nodes: d6eb1359-ee67-46ea-89b2-cd50275971cc{ip: 172.17.0.2, host: 2c46048f23a6, networkLocation: /default-rack, certSerialId: null}, Type:RATIS, Factor:ONE, State:ALLOCATED, leaderId:, CreationTimestamp2020-11-30T19:45:21.048Z]
2020-11-30 19:45:22,045 [Listener at 127.0.0.1/45407] INFO  ozone.MiniOzoneClusterImpl (MiniOzoneClusterImpl.java:lambda$waitForClusterToBeReady$0(178)) - Nodes are ready. Got 7 of 7 DN Heartbeats.
2020-11-30 19:45:22,046 [Listener at 127.0.0.1/45407] INFO  ozone.MiniOzoneClusterImpl (MiniOzoneClusterImpl.java:lambda$waitForClusterToBeReady$0(181)) - Waiting for cluster to exit safe mode
2020-11-30 19:45:22,665 [Command processor thread] INFO  impl.RaftServerProxy (RaftServerProxy.java:addNew(93)) - 70b5b581-c134-4e70-98be-52f4a1178c95: addNew group-8AACD6717F75:[70b5b581-c134-4e70-98be-52f4a1178c95|rpc:172.17.0.2:37313] returns group-8AACD6717F75:java.util.concurrent.CompletableFuture@16aa80f1[Not completed]
2020-11-30 19:45:22,666 [pool-175-thread-1] INFO  impl.RaftServerImpl (RaftServerImpl.java:<init>(121)) - 70b5b581-c134-4e70-98be-52f4a1178c95: new RaftServerImpl for group-8AACD6717F75:[70b5b581-c134-4e70-98be-52f4a1178c95|rpc:172.17.0.2:37313] with ContainerStateMachine:uninitialized
2020-11-30 19:45:22,667 [pool-175-thread-1] INFO  server.RaftServerConfigKeys (ConfUtils.java:logGet(44)) - raft.server.rpc.timeout.min = 5s (custom)
2020-11-30 19:45:22,667 [pool-175-thread-1] INFO  server.RaftServerConfigKeys (ConfUtils.java:logGet(44)) - raft.server.rpc.timeout.max = 5200ms (custom)
2020-11-30 19:45:22,667 [pool-175-thread-1] INFO  server.RaftServerConfigKeys (ConfUtils.java:logGet(44)) - raft.server.rpc.slowness.timeout = 300s (custom)
2020-11-30 19:45:22,668 [pool-175-thread-1] INFO  server.RaftServerConfigKeys (ConfUtils.java:logGet(44)) - raft.server.leaderelection.leader.step-down.wait-time = 10s (default)
2020-11-30 19:45:22,668 [pool-175-thread-1] INFO  server.RaftServerConfigKeys (ConfUtils.java:logGet(44)) - raft.server.sleep.deviation.threshold = 300 (default)
2020-11-30 19:45:22,668 [pool-175-thread-1] INFO  server.RaftServerConfigKeys (ConfUtils.java:logGet(44)) - raft.server.log.appender.install.snapshot.enabled = false (custom)
2020-11-30 19:45:22,668 [pool-175-thread-1] INFO  impl.RaftServerImpl (ServerState.java:<init>(104)) - 70b5b581-c134-4e70-98be-52f4a1178c95@group-8AACD6717F75: ConfigurationManager, init=-1: [70b5b581-c134-4e70-98be-52f4a1178c95|rpc:172.17.0.2:37313], old=null, confs=<EMPTY_MAP>
2020-11-30 19:45:22,668 [pool-175-thread-1] INFO  server.RaftServerConfigKeys (ConfUtils.java:logGet(44)) - raft.server.storage.dir = [/github/workspace/mnt/ozone/hadoop-ozone/integration-test/target/test-dir/MiniOzoneClusterImpl-e29a2f86-0e02-4c39-a42b-ca59556809f6/datanode-0/data/ratis] (custom)
2020-11-30 19:45:22,668 [pool-175-thread-1] INFO  server.RaftServerConfigKeys (ConfUtils.java:logGet(44)) - raft.server.log.corruption.policy = EXCEPTION (default)
2020-11-30 19:45:22,668 [pool-175-thread-1] INFO  storage.RaftStorageDirectory (RaftStorageDirectory.java:analyzeStorage(261)) - The storage directory /github/workspace/mnt/ozone/hadoop-ozone/integration-test/target/test-dir/MiniOzoneClusterImpl-e29a2f86-0e02-4c39-a42b-ca59556809f6/datanode-0/data/ratis/24e4bd6c-c817-45c7-a707-8aacd6717f75 does not exist. Creating ...
2020-11-30 19:45:22,671 [pool-175-thread-1] INFO  storage.RaftStorageDirectory (RaftStorageDirectory.java:tryLock(343)) - Lock on /github/workspace/mnt/ozone/hadoop-ozone/integration-test/target/test-dir/MiniOzoneClusterImpl-e29a2f86-0e02-4c39-a42b-ca59556809f6/datanode-0/data/ratis/24e4bd6c-c817-45c7-a707-8aacd6717f75/in_use.lock acquired by nodename 20367@2c46048f23a6
2020-11-30 19:45:22,673 [pool-175-thread-1] INFO  storage.RaftStorage (RaftStorage.java:format(85)) - Storage directory /github/workspace/mnt/ozone/hadoop-ozone/integration-test/target/test-dir/MiniOzoneClusterImpl-e29a2f86-0e02-4c39-a42b-ca59556809f6/datanode-0/data/ratis/24e4bd6c-c817-45c7-a707-8aacd6717f75 has been successfully formatted.
2020-11-30 19:45:22,673 [pool-175-thread-1] INFO  ratis.ContainerStateMachine (ContainerStateMachine.java:loadSnapshot(225)) - group-8AACD6717F75: The snapshot info is null. Setting the last applied indexto:(t:0, i:~)
2020-11-30 19:45:22,674 [pool-175-thread-1] INFO  server.RaftServerConfigKeys (ConfUtils.java:logGet(44)) - raft.server.notification.no-leader.timeout = 300s (custom)
2020-11-30 19:45:22,674 [pool-175-thread-1] INFO  server.RaftServerConfigKeys (ConfUtils.java:logGet(44)) - raft.server.log.use.memory = false (default)
2020-11-30 19:45:22,674 [EventQueue-PipelineReportForOneReplicaPipelineSafeModeRule] INFO  safemode.SCMSafeModeManager (SCMSafeModeManager.java:validateSafeModeExitRules(214)) - AtleastOneDatanodeReportedRule rule is successfully validated
2020-11-30 19:45:22,674 [EventQueue-PipelineReportForPipelineReportHandler] INFO  pipeline.PipelineStateManager (PipelineStateManager.java:openPipeline(132)) - Pipeline Pipeline[ Id: 24e4bd6c-c817-45c7-a707-8aacd6717f75, Nodes: 70b5b581-c134-4e70-98be-52f4a1178c95{ip: 172.17.0.2, host: 2c46048f23a6, networkLocation: /default-rack, certSerialId: null}, Type:RATIS, Factor:ONE, State:ALLOCATED, leaderId:70b5b581-c134-4e70-98be-52f4a1178c95, CreationTimestamp2020-11-30T19:45:19.667Z] moved to OPEN state
2020-11-30 19:45:22,680 [pool-175-thread-1] INFO  server.RaftServerConfigKeys (ConfUtils.java:logGet(44)) - raft.server.log.purge.gap = 1000000 (custom)
2020-11-30 19:45:22,681 [pool-175-thread-1] INFO  metrics.RatisMetrics (RatisMetrics.java:lambda$create$0(36)) - Creating Metrics Registry : ratis.log_worker.70b5b581-c134-4e70-98be-52f4a1178c95@group-8AACD6717F75
2020-11-30 19:45:22,682 [pool-175-thread-1] INFO  server.RaftServerConfigKeys (ConfUtils.java:logGet(44)) - raft.server.log.appender.buffer.byte-limit = 33554432 (custom)
2020-11-30 19:45:22,682 [pool-175-thread-1] INFO  server.RaftServerConfigKeys (ConfUtils.java:logGet(44)) - raft.server.log.segment.size.max = 1048576 (custom)
2020-11-30 19:45:22,683 [pool-175-thread-1] INFO  server.RaftServerConfigKeys (ConfUtils.java:logGet(44)) - raft.server.log.segment.cache.num.max = 2 (custom)
2020-11-30 19:45:22,683 [pool-175-thread-1] INFO  segmented.SegmentedRaftLogWorker (SegmentedRaftLogWorker.java:<init>(180)) - new 70b5b581-c134-4e70-98be-52f4a1178c95@group-8AACD6717F75-SegmentedRaftLogWorker for RaftStorage:Storage Directory /github/workspace/mnt/ozone/hadoop-ozone/integration-test/target/test-dir/MiniOzoneClusterImpl-e29a2f86-0e02-4c39-a42b-ca59556809f6/datanode-0/data/ratis/24e4bd6c-c817-45c7-a707-8aacd6717f75
2020-11-30 19:45:22,683 [pool-175-thread-1] INFO  server.RaftServerConfigKeys (ConfUtils.java:logGet(44)) - raft.server.log.queue.byte-limit = 2147483647 (custom)
2020-11-30 19:45:22,683 [pool-175-thread-1] INFO  server.RaftServerConfigKeys (ConfUtils.java:logGet(44)) - raft.server.log.queue.element-limit = 1024 (custom)
2020-11-30 19:45:22,683 [pool-175-thread-1] INFO  server.RaftServerConfigKeys (ConfUtils.java:logGet(44)) - raft.server.log.segment.size.max = 1048576 (custom)
2020-11-30 19:45:22,683 [pool-175-thread-1] INFO  server.RaftServerConfigKeys (ConfUtils.java:logGet(44)) - raft.server.log.preallocated.size = 16384 (custom)
2020-11-30 19:45:22,683 [pool-175-thread-1] INFO  server.RaftServerConfigKeys (ConfUtils.java:logGet(44)) - raft.server.log.write.buffer.size = 1048576 (custom)
2020-11-30 19:45:22,683 [pool-175-thread-1] INFO  server.RaftServerConfigKeys (ConfUtils.java:logGet(44)) - raft.server.log.force.sync.num = 128 (default)
2020-11-30 19:45:22,683 [pool-175-thread-1] INFO  server.RaftServerConfigKeys (ConfUtils.java:logGet(44)) - raft.server.log.statemachine.data.sync = true (default)
2020-11-30 19:45:22,684 [pool-175-thread-1] INFO  server.RaftServerConfigKeys (ConfUtils.java:logGet(44)) - raft.server.log.statemachine.data.sync.timeout = 10s (default)
2020-11-30 19:45:22,684 [pool-175-thread-1] INFO  server.RaftServerConfigKeys (ConfUtils.java:logGet(44)) - raft.server.log.statemachine.data.sync.timeout.retry = -1 (default)
2020-11-30 19:45:22,686 [pool-175-thread-1] INFO  server.RaftServerConfigKeys (ConfUtils.java:logGet(44)) - raft.server.log.statemachine.data.caching.enabled = true (custom)
2020-11-30 19:45:22,687 [pool-175-thread-1] INFO  segmented.SegmentedRaftLogWorker (SegmentedRaftLogWorker.java:lambda$new$0(129)) - 70b5b581-c134-4e70-98be-52f4a1178c95@group-8AACD6717F75-SegmentedRaftLogWorker: flushIndex: setUnconditionally 0 -> -1
2020-11-30 19:45:22,687 [pool-175-thread-1] INFO  segmented.SegmentedRaftLogWorker (SegmentedRaftLogWorker.java:lambda$new$0(129)) - 70b5b581-c134-4e70-98be-52f4a1178c95@group-8AACD6717F75-SegmentedRaftLogWorker: safeCacheEvictIndex: setUnconditionally 0 -> -1
2020-11-30 19:45:22,687 [pool-175-thread-1] INFO  server.RaftServerConfigKeys (ConfUtils.java:logGet(44)) - raft.server.snapshot.auto.trigger.enabled = true (custom)
2020-11-30 19:45:22,687 [EventQueue-OpenPipelineForHealthyPipelineSafeModeRule] INFO  safemode.SCMSafeModeManager (HealthyPipelineSafeModeRule.java:process(128)) - SCM in safe mode. Healthy pipelines reported count is 0, required healthy pipeline reported count is 1
2020-11-30 19:45:22,687 [pool-175-thread-1] INFO  server.RaftServerConfigKeys (ConfUtils.java:logGet(44)) - raft.server.snapshot.auto.trigger.threshold = 10000 (custom)
2020-11-30 19:45:22,687 [pool-175-thread-1] INFO  server.RaftServerConfigKeys (ConfUtils.java:logGet(44)) - raft.server.snapshot.retention.file.num = 5 (custom)
2020-11-30 19:45:22,687 [pool-175-thread-1] INFO  server.RaftServerConfigKeys (ConfUtils.java:logGet(44)) - raft.server.log.purge.upto.snapshot.index = false (default)
2020-11-30 19:45:22,687 [pool-175-thread-1] INFO  server.RaftServerConfigKeys (ConfUtils.java:logGet(44)) - raft.server.retrycache.expirytime = 600000ms (custom)
2020-11-30 19:45:22,687 [pool-175-thread-1] INFO  metrics.RatisMetrics (RatisMetrics.java:lambda$create$0(36)) - Creating Metrics Registry : ratis.leader_election.70b5b581-c134-4e70-98be-52f4a1178c95@group-8AACD6717F75
2020-11-30 19:45:22,688 [pool-175-thread-1] INFO  metrics.RatisMetrics (RatisMetrics.java:lambda$create$0(36)) - Creating Metrics Registry : ratis.server.70b5b581-c134-4e70-98be-52f4a1178c95@group-8AACD6717F75
2020-11-30 19:45:22,689 [pool-175-thread-1] INFO  impl.RaftServerImpl (RaftServerImpl.java:start(215)) - 70b5b581-c134-4e70-98be-52f4a1178c95@group-8AACD6717F75: start as a follower, conf=-1: [70b5b581-c134-4e70-98be-52f4a1178c95|rpc:172.17.0.2:37313], old=null
2020-11-30 19:45:22,690 [pool-175-thread-1] INFO  impl.RaftServerImpl (RaftServerImpl.java:setRole(204)) - 70b5b581-c134-4e70-98be-52f4a1178c95@group-8AACD6717F75: changes role from      null to FOLLOWER at term 0 for startAsFollower
2020-11-30 19:45:22,690 [pool-175-thread-1] INFO  impl.RoleInfo (RoleInfo.java:updateAndGet(143)) - 70b5b581-c134-4e70-98be-52f4a1178c95: start 70b5b581-c134-4e70-98be-52f4a1178c95@group-8AACD6717F75-FollowerState
2020-11-30 19:45:22,691 [pool-175-thread-1] INFO  util.JmxRegister (JmxRegister.java:tryRegister(44)) - Successfully registered JMX Bean with object name Ratis:service=RaftServer,group=group-8AACD6717F75,id=70b5b581-c134-4e70-98be-52f4a1178c95
2020-11-30 19:45:22,691 [pool-175-thread-1] INFO  metrics.RatisMetrics (RatisMetrics.java:lambda$create$0(36)) - Creating Metrics Registry : ratis.state_machine.70b5b581-c134-4e70-98be-52f4a1178c95@group-8AACD6717F75
2020-11-30 19:45:22,692 [Command processor thread] INFO  commandhandler.CreatePipelineCommandHandler (CreatePipelineCommandHandler.java:handle(106)) - Created Pipeline RATIS ONE PipelineID=24e4bd6c-c817-45c7-a707-8aacd6717f75.
2020-11-30 19:45:22,692 [Command processor thread] INFO  impl.RaftServerProxy (RaftServerProxy.java:addNew(93)) - 70b5b581-c134-4e70-98be-52f4a1178c95: addNew group-7E097F4FA569:[70b5b581-c134-4e70-98be-52f4a1178c95|rpc:172.17.0.2:37313, afad6a44-2cb7-4cc9-9b68-87659c1db71e|rpc:172.17.0.2:36927, 380c32ea-dc91-48bb-a59a-011c9a6c6a90|rpc:172.17.0.2:38913] returns group-7E097F4FA569:java.util.concurrent.CompletableFuture@129516fc[Not completed]
2020-11-30 19:45:22,693 [pool-175-thread-1] INFO  impl.RaftServerImpl (RaftServerImpl.java:<init>(121)) - 70b5b581-c134-4e70-98be-52f4a1178c95: new RaftServerImpl for group-7E097F4FA569:[70b5b581-c134-4e70-98be-52f4a1178c95|rpc:172.17.0.2:37313, afad6a44-2cb7-4cc9-9b68-87659c1db71e|rpc:172.17.0.2:36927, 380c32ea-dc91-48bb-a59a-011c9a6c6a90|rpc:172.17.0.2:38913] with ContainerStateMachine:uninitialized
2020-11-30 19:45:22,693 [pool-175-thread-1] INFO  server.RaftServerConfigKeys (ConfUtils.java:logGet(44)) - raft.server.rpc.timeout.min = 5s (custom)
2020-11-30 19:45:22,693 [pool-175-thread-1] INFO  server.RaftServerConfigKeys (ConfUtils.java:logGet(44)) - raft.server.rpc.timeout.max = 5200ms (custom)
2020-11-30 19:45:22,693 [pool-175-thread-1] INFO  server.RaftServerConfigKeys (ConfUtils.java:logGet(44)) - raft.server.rpc.slowness.timeout = 300s (custom)
2020-11-30 19:45:22,693 [pool-175-thread-1] INFO  server.RaftServerConfigKeys (ConfUtils.java:logGet(44)) - raft.server.leaderelection.leader.step-down.wait-time = 10s (default)
2020-11-30 19:45:22,693 [pool-175-thread-1] INFO  server.RaftServerConfigKeys (ConfUtils.java:logGet(44)) - raft.server.sleep.deviation.threshold = 300 (default)
2020-11-30 19:45:22,694 [pool-175-thread-1] INFO  server.RaftServerConfigKeys (ConfUtils.java:logGet(44)) - raft.server.log.appender.install.snapshot.enabled = false (custom)
2020-11-30 19:45:22,694 [pool-175-thread-1] INFO  impl.RaftServerImpl (ServerState.java:<init>(104)) - 70b5b581-c134-4e70-98be-52f4a1178c95@group-7E097F4FA569: ConfigurationManager, init=-1: [70b5b581-c134-4e70-98be-52f4a1178c95|rpc:172.17.0.2:37313, afad6a44-2cb7-4cc9-9b68-87659c1db71e|rpc:172.17.0.2:36927, 380c32ea-dc91-48bb-a59a-011c9a6c6a90|rpc:172.17.0.2:38913], old=null, confs=<EMPTY_MAP>
2020-11-30 19:45:22,694 [pool-175-thread-1] INFO  server.RaftServerConfigKeys (ConfUtils.java:logGet(44)) - raft.server.storage.dir = [/github/workspace/mnt/ozone/hadoop-ozone/integration-test/target/test-dir/MiniOzoneClusterImpl-e29a2f86-0e02-4c39-a42b-ca59556809f6/datanode-0/data/ratis] (custom)
2020-11-30 19:45:22,694 [pool-175-thread-1] INFO  server.RaftServerConfigKeys (ConfUtils.java:logGet(44)) - raft.server.log.corruption.policy = EXCEPTION (default)
2020-11-30 19:45:22,694 [pool-175-thread-1] INFO  storage.RaftStorageDirectory (RaftStorageDirectory.java:analyzeStorage(261)) - The storage directory /github/workspace/mnt/ozone/hadoop-ozone/integration-test/target/test-dir/MiniOzoneClusterImpl-e29a2f86-0e02-4c39-a42b-ca59556809f6/datanode-0/data/ratis/7b206454-490d-4d50-a3c2-7e097f4fa569 does not exist. Creating ...
2020-11-30 19:45:22,695 [pool-175-thread-1] INFO  storage.RaftStorageDirectory (RaftStorageDirectory.java:tryLock(343)) - Lock on /github/workspace/mnt/ozone/hadoop-ozone/integration-test/target/test-dir/MiniOzoneClusterImpl-e29a2f86-0e02-4c39-a42b-ca59556809f6/datanode-0/data/ratis/7b206454-490d-4d50-a3c2-7e097f4fa569/in_use.lock acquired by nodename 20367@2c46048f23a6
2020-11-30 19:45:22,696 [pool-175-thread-1] INFO  storage.RaftStorage (RaftStorage.java:format(85)) - Storage directory /github/workspace/mnt/ozone/hadoop-ozone/integration-test/target/test-dir/MiniOzoneClusterImpl-e29a2f86-0e02-4c39-a42b-ca59556809f6/datanode-0/data/ratis/7b206454-490d-4d50-a3c2-7e097f4fa569 has been successfully formatted.
2020-11-30 19:45:22,697 [pool-175-thread-1] INFO  ratis.ContainerStateMachine (ContainerStateMachine.java:loadSnapshot(225)) - group-7E097F4FA569: The snapshot info is null. Setting the last applied indexto:(t:0, i:~)
2020-11-30 19:45:22,697 [pool-175-thread-1] INFO  server.RaftServerConfigKeys (ConfUtils.java:logGet(44)) - raft.server.notification.no-leader.timeout = 300s (custom)
2020-11-30 19:45:22,697 [pool-175-thread-1] INFO  server.RaftServerConfigKeys (ConfUtils.java:logGet(44)) - raft.server.log.use.memory = false (default)
2020-11-30 19:45:22,697 [EventQueue-OpenPipelineForHealthyPipelineSafeModeRule] INFO  safemode.SCMSafeModeManager (HealthyPipelineSafeModeRule.java:process(128)) - SCM in safe mode. Healthy pipelines reported count is 0, required healthy pipeline reported count is 1
2020-11-30 19:45:22,697 [EventQueue-PipelineReportForOneReplicaPipelineSafeModeRule] INFO  safemode.SCMSafeModeManager (SCMSafeModeManager.java:validateSafeModeExitRules(214)) - AtleastOneDatanodeReportedRule rule is successfully validated
2020-11-30 19:45:22,697 [pool-175-thread-1] INFO  server.RaftServerConfigKeys (ConfUtils.java:logGet(44)) - raft.server.log.purge.gap = 1000000 (custom)
2020-11-30 19:45:22,698 [pool-175-thread-1] INFO  metrics.RatisMetrics (RatisMetrics.java:lambda$create$0(36)) - Creating Metrics Registry : ratis.log_worker.70b5b581-c134-4e70-98be-52f4a1178c95@group-7E097F4FA569
2020-11-30 19:45:22,698 [pool-175-thread-1] INFO  server.RaftServerConfigKeys (ConfUtils.java:logGet(44)) - raft.server.log.appender.buffer.byte-limit = 33554432 (custom)
2020-11-30 19:45:22,698 [pool-175-thread-1] INFO  server.RaftServerConfigKeys (ConfUtils.java:logGet(44)) - raft.server.log.segment.size.max = 1048576 (custom)
2020-11-30 19:45:22,699 [pool-175-thread-1] INFO  server.RaftServerConfigKeys (ConfUtils.java:logGet(44)) - raft.server.log.segment.cache.num.max = 2 (custom)
2020-11-30 19:45:22,699 [pool-175-thread-1] INFO  segmented.SegmentedRaftLogWorker (SegmentedRaftLogWorker.java:<init>(180)) - new 70b5b581-c134-4e70-98be-52f4a1178c95@group-7E097F4FA569-SegmentedRaftLogWorker for RaftStorage:Storage Directory /github/workspace/mnt/ozone/hadoop-ozone/integration-test/target/test-dir/MiniOzoneClusterImpl-e29a2f86-0e02-4c39-a42b-ca59556809f6/datanode-0/data/ratis/7b206454-490d-4d50-a3c2-7e097f4fa569
2020-11-30 19:45:22,699 [pool-175-thread-1] INFO  server.RaftServerConfigKeys (ConfUtils.java:logGet(44)) - raft.server.log.queue.byte-limit = 2147483647 (custom)
2020-11-30 19:45:22,699 [pool-175-thread-1] INFO  server.RaftServerConfigKeys (ConfUtils.java:logGet(44)) - raft.server.log.queue.element-limit = 1024 (custom)
2020-11-30 19:45:22,699 [pool-175-thread-1] INFO  server.RaftServerConfigKeys (ConfUtils.java:logGet(44)) - raft.server.log.segment.size.max = 1048576 (custom)
2020-11-30 19:45:22,699 [pool-175-thread-1] INFO  server.RaftServerConfigKeys (ConfUtils.java:logGet(44)) - raft.server.log.preallocated.size = 16384 (custom)
2020-11-30 19:45:22,699 [pool-175-thread-1] INFO  server.RaftServerConfigKeys (ConfUtils.java:logGet(44)) - raft.server.log.write.buffer.size = 1048576 (custom)
2020-11-30 19:45:22,699 [pool-175-thread-1] INFO  server.RaftServerConfigKeys (ConfUtils.java:logGet(44)) - raft.server.log.force.sync.num = 128 (default)
2020-11-30 19:45:22,700 [pool-175-thread-1] INFO  server.RaftServerConfigKeys (ConfUtils.java:logGet(44)) - raft.server.log.statemachine.data.sync = true (default)
2020-11-30 19:45:22,700 [pool-175-thread-1] INFO  server.RaftServerConfigKeys (ConfUtils.java:logGet(44)) - raft.server.log.statemachine.data.sync.timeout = 10s (default)
2020-11-30 19:45:22,700 [pool-175-thread-1] INFO  server.RaftServerConfigKeys (ConfUtils.java:logGet(44)) - raft.server.log.statemachine.data.sync.timeout.retry = -1 (default)
2020-11-30 19:45:22,702 [pool-175-thread-1] INFO  server.RaftServerConfigKeys (ConfUtils.java:logGet(44)) - raft.server.log.statemachine.data.caching.enabled = true (custom)
2020-11-30 19:45:22,702 [pool-175-thread-1] INFO  segmented.SegmentedRaftLogWorker (SegmentedRaftLogWorker.java:lambda$new$0(129)) - 70b5b581-c134-4e70-98be-52f4a1178c95@group-7E097F4FA569-SegmentedRaftLogWorker: flushIndex: setUnconditionally 0 -> -1
2020-11-30 19:45:22,702 [pool-175-thread-1] INFO  segmented.SegmentedRaftLogWorker (SegmentedRaftLogWorker.java:lambda$new$0(129)) - 70b5b581-c134-4e70-98be-52f4a1178c95@group-7E097F4FA569-SegmentedRaftLogWorker: safeCacheEvictIndex: setUnconditionally 0 -> -1
2020-11-30 19:45:22,706 [pool-175-thread-1] INFO  server.RaftServerConfigKeys (ConfUtils.java:logGet(44)) - raft.server.snapshot.auto.trigger.enabled = true (custom)
2020-11-30 19:45:22,706 [pool-175-thread-1] INFO  server.RaftServerConfigKeys (ConfUtils.java:logGet(44)) - raft.server.snapshot.auto.trigger.threshold = 10000 (custom)
2020-11-30 19:45:22,706 [pool-175-thread-1] INFO  server.RaftServerConfigKeys (ConfUtils.java:logGet(44)) - raft.server.snapshot.retention.file.num = 5 (custom)
2020-11-30 19:45:22,706 [pool-175-thread-1] INFO  server.RaftServerConfigKeys (ConfUtils.java:logGet(44)) - raft.server.log.purge.upto.snapshot.index = false (default)
2020-11-30 19:45:22,706 [pool-175-thread-1] INFO  server.RaftServerConfigKeys (ConfUtils.java:logGet(44)) - raft.server.retrycache.expirytime = 600000ms (custom)
2020-11-30 19:45:22,707 [pool-175-thread-1] INFO  metrics.RatisMetrics (RatisMetrics.java:lambda$create$0(36)) - Creating Metrics Registry : ratis.leader_election.70b5b581-c134-4e70-98be-52f4a1178c95@group-7E097F4FA569
2020-11-30 19:45:22,707 [pool-175-thread-1] INFO  metrics.RatisMetrics (RatisMetrics.java:lambda$create$0(36)) - Creating Metrics Registry : ratis.server.70b5b581-c134-4e70-98be-52f4a1178c95@group-7E097F4FA569
2020-11-30 19:45:22,709 [pool-175-thread-1] INFO  impl.RaftServerImpl (RaftServerImpl.java:start(215)) - 70b5b581-c134-4e70-98be-52f4a1178c95@group-7E097F4FA569: start as a follower, conf=-1: [70b5b581-c134-4e70-98be-52f4a1178c95|rpc:172.17.0.2:37313, afad6a44-2cb7-4cc9-9b68-87659c1db71e|rpc:172.17.0.2:36927, 380c32ea-dc91-48bb-a59a-011c9a6c6a90|rpc:172.17.0.2:38913], old=null
2020-11-30 19:45:22,709 [pool-175-thread-1] INFO  impl.RaftServerImpl (RaftServerImpl.java:setRole(204)) - 70b5b581-c134-4e70-98be-52f4a1178c95@group-7E097F4FA569: changes role from      null to FOLLOWER at term 0 for startAsFollower
2020-11-30 19:45:22,709 [pool-175-thread-1] INFO  impl.RoleInfo (RoleInfo.java:updateAndGet(143)) - 70b5b581-c134-4e70-98be-52f4a1178c95: start 70b5b581-c134-4e70-98be-52f4a1178c95@group-7E097F4FA569-FollowerState
2020-11-30 19:45:22,710 [pool-175-thread-1] INFO  util.JmxRegister (JmxRegister.java:tryRegister(44)) - Successfully registered JMX Bean with object name Ratis:service=RaftServer,group=group-7E097F4FA569,id=70b5b581-c134-4e70-98be-52f4a1178c95
2020-11-30 19:45:22,710 [pool-175-thread-1] INFO  metrics.RatisMetrics (RatisMetrics.java:lambda$create$0(36)) - Creating Metrics Registry : ratis.state_machine.70b5b581-c134-4e70-98be-52f4a1178c95@group-7E097F4FA569
2020-11-30 19:45:22,712 [Command processor thread] INFO  metrics.RatisMetrics (RatisMetrics.java:lambda$create$0(36)) - Creating Metrics Registry : ratis.client_message_metrics.client-3E6C4F424A9A->380c32ea-dc91-48bb-a59a-011c9a6c6a90
2020-11-30 19:45:22,720 [grpc-default-executor-0] INFO  metrics.RatisMetrics (RatisMetrics.java:lambda$create$0(36)) - Creating Metrics Registry : ratis.server_message_metrics.380c32ea-dc91-48bb-a59a-011c9a6c6a90
2020-11-30 19:45:22,723 [grpc-default-executor-0] INFO  impl.RaftServerProxy (RaftServerProxy.java:addNew(93)) - 380c32ea-dc91-48bb-a59a-011c9a6c6a90: addNew group-7E097F4FA569:[70b5b581-c134-4e70-98be-52f4a1178c95|rpc:172.17.0.2:37313|dataStream:, afad6a44-2cb7-4cc9-9b68-87659c1db71e|rpc:172.17.0.2:36927|dataStream:, 380c32ea-dc91-48bb-a59a-011c9a6c6a90|rpc:172.17.0.2:38913|dataStream:] returns group-7E097F4FA569:java.util.concurrent.CompletableFuture@11d8b7d2[Not completed]
2020-11-30 19:45:22,726 [pool-191-thread-1] INFO  impl.RaftServerImpl (RaftServerImpl.java:<init>(121)) - 380c32ea-dc91-48bb-a59a-011c9a6c6a90: new RaftServerImpl for group-7E097F4FA569:[70b5b581-c134-4e70-98be-52f4a1178c95|rpc:172.17.0.2:37313|dataStream:, afad6a44-2cb7-4cc9-9b68-87659c1db71e|rpc:172.17.0.2:36927|dataStream:, 380c32ea-dc91-48bb-a59a-011c9a6c6a90|rpc:172.17.0.2:38913|dataStream:] with ContainerStateMachine:uninitialized
2020-11-30 19:45:22,726 [pool-191-thread-1] INFO  server.RaftServerConfigKeys (ConfUtils.java:logGet(44)) - raft.server.rpc.timeout.min = 5s (custom)
2020-11-30 19:45:22,726 [pool-191-thread-1] INFO  server.RaftServerConfigKeys (ConfUtils.java:logGet(44)) - raft.server.rpc.timeout.max = 5200ms (custom)
2020-11-30 19:45:22,726 [pool-191-thread-1] INFO  server.RaftServerConfigKeys (ConfUtils.java:logGet(44)) - raft.server.rpc.slowness.timeout = 300s (custom)
2020-11-30 19:45:22,727 [pool-191-thread-1] INFO  server.RaftServerConfigKeys (ConfUtils.java:logGet(44)) - raft.server.leaderelection.leader.step-down.wait-time = 10s (default)
2020-11-30 19:45:22,727 [pool-191-thread-1] INFO  server.RaftServerConfigKeys (ConfUtils.java:logGet(44)) - raft.server.sleep.deviation.threshold = 300 (default)
2020-11-30 19:45:22,727 [pool-191-thread-1] INFO  server.RaftServerConfigKeys (ConfUtils.java:logGet(44)) - raft.server.log.appender.install.snapshot.enabled = false (custom)
2020-11-30 19:45:22,727 [pool-191-thread-1] INFO  impl.RaftServerImpl (ServerState.java:<init>(104)) - 380c32ea-dc91-48bb-a59a-011c9a6c6a90@group-7E097F4FA569: ConfigurationManager, init=-1: [70b5b581-c134-4e70-98be-52f4a1178c95|rpc:172.17.0.2:37313|dataStream:, afad6a44-2cb7-4cc9-9b68-87659c1db71e|rpc:172.17.0.2:36927|dataStream:, 380c32ea-dc91-48bb-a59a-011c9a6c6a90|rpc:172.17.0.2:38913|dataStream:], old=null, confs=<EMPTY_MAP>
2020-11-30 19:45:22,727 [pool-191-thread-1] INFO  server.RaftServerConfigKeys (ConfUtils.java:logGet(44)) - raft.server.storage.dir = [/github/workspace/mnt/ozone/hadoop-ozone/integration-test/target/test-dir/MiniOzoneClusterImpl-e29a2f86-0e02-4c39-a42b-ca59556809f6/datanode-1/data/ratis] (custom)
2020-11-30 19:45:22,727 [pool-191-thread-1] INFO  server.RaftServerConfigKeys (ConfUtils.java:logGet(44)) - raft.server.log.corruption.policy = EXCEPTION (default)
2020-11-30 19:45:22,727 [pool-191-thread-1] INFO  storage.RaftStorageDirectory (RaftStorageDirectory.java:analyzeStorage(261)) - The storage directory /github/workspace/mnt/ozone/hadoop-ozone/integration-test/target/test-dir/MiniOzoneClusterImpl-e29a2f86-0e02-4c39-a42b-ca59556809f6/datanode-1/data/ratis/7b206454-490d-4d50-a3c2-7e097f4fa569 does not exist. Creating ...
2020-11-30 19:45:22,729 [pool-191-thread-1] INFO  storage.RaftStorageDirectory (RaftStorageDirectory.java:tryLock(343)) - Lock on /github/workspace/mnt/ozone/hadoop-ozone/integration-test/target/test-dir/MiniOzoneClusterImpl-e29a2f86-0e02-4c39-a42b-ca59556809f6/datanode-1/data/ratis/7b206454-490d-4d50-a3c2-7e097f4fa569/in_use.lock acquired by nodename 20367@2c46048f23a6
2020-11-30 19:45:22,730 [pool-191-thread-1] INFO  storage.RaftStorage (RaftStorage.java:format(85)) - Storage directory /github/workspace/mnt/ozone/hadoop-ozone/integration-test/target/test-dir/MiniOzoneClusterImpl-e29a2f86-0e02-4c39-a42b-ca59556809f6/datanode-1/data/ratis/7b206454-490d-4d50-a3c2-7e097f4fa569 has been successfully formatted.
2020-11-30 19:45:22,731 [pool-191-thread-1] INFO  ratis.ContainerStateMachine (ContainerStateMachine.java:loadSnapshot(225)) - group-7E097F4FA569: The snapshot info is null. Setting the last applied indexto:(t:0, i:~)
2020-11-30 19:45:22,731 [pool-191-thread-1] INFO  server.RaftServerConfigKeys (ConfUtils.java:logGet(44)) - raft.server.notification.no-leader.timeout = 300s (custom)
2020-11-30 19:45:22,731 [EventQueue-PipelineReportForOneReplicaPipelineSafeModeRule] INFO  safemode.SCMSafeModeManager (SCMSafeModeManager.java:validateSafeModeExitRules(214)) - AtleastOneDatanodeReportedRule rule is successfully validated
2020-11-30 19:45:22,732 [pool-191-thread-1] INFO  server.RaftServerConfigKeys (ConfUtils.java:logGet(44)) - raft.server.log.use.memory = false (default)
2020-11-30 19:45:22,732 [pool-191-thread-1] INFO  server.RaftServerConfigKeys (ConfUtils.java:logGet(44)) - raft.server.log.purge.gap = 1000000 (custom)
2020-11-30 19:45:22,732 [pool-191-thread-1] INFO  metrics.RatisMetrics (RatisMetrics.java:lambda$create$0(36)) - Creating Metrics Registry : ratis.log_worker.380c32ea-dc91-48bb-a59a-011c9a6c6a90@group-7E097F4FA569
2020-11-30 19:45:22,732 [pool-191-thread-1] INFO  server.RaftServerConfigKeys (ConfUtils.java:logGet(44)) - raft.server.log.appender.buffer.byte-limit = 33554432 (custom)
2020-11-30 19:45:22,732 [pool-191-thread-1] INFO  server.RaftServerConfigKeys (ConfUtils.java:logGet(44)) - raft.server.log.segment.size.max = 1048576 (custom)
2020-11-30 19:45:22,733 [pool-191-thread-1] INFO  server.RaftServerConfigKeys (ConfUtils.java:logGet(44)) - raft.server.log.segment.cache.num.max = 2 (custom)
2020-11-30 19:45:22,733 [pool-191-thread-1] INFO  segmented.SegmentedRaftLogWorker (SegmentedRaftLogWorker.java:<init>(180)) - new 380c32ea-dc91-48bb-a59a-011c9a6c6a90@group-7E097F4FA569-SegmentedRaftLogWorker for RaftStorage:Storage Directory /github/workspace/mnt/ozone/hadoop-ozone/integration-test/target/test-dir/MiniOzoneClusterImpl-e29a2f86-0e02-4c39-a42b-ca59556809f6/datanode-1/data/ratis/7b206454-490d-4d50-a3c2-7e097f4fa569
2020-11-30 19:45:22,733 [pool-191-thread-1] INFO  server.RaftServerConfigKeys (ConfUtils.java:logGet(44)) - raft.server.log.queue.byte-limit = 2147483647 (custom)
2020-11-30 19:45:22,733 [pool-191-thread-1] INFO  server.RaftServerConfigKeys (ConfUtils.java:logGet(44)) - raft.server.log.queue.element-limit = 1024 (custom)
2020-11-30 19:45:22,733 [pool-191-thread-1] INFO  server.RaftServerConfigKeys (ConfUtils.java:logGet(44)) - raft.server.log.segment.size.max = 1048576 (custom)
2020-11-30 19:45:22,733 [pool-191-thread-1] INFO  server.RaftServerConfigKeys (ConfUtils.java:logGet(44)) - raft.server.log.preallocated.size = 16384 (custom)
2020-11-30 19:45:22,733 [pool-191-thread-1] INFO  server.RaftServerConfigKeys (ConfUtils.java:logGet(44)) - raft.server.log.write.buffer.size = 1048576 (custom)
2020-11-30 19:45:22,734 [pool-191-thread-1] INFO  server.RaftServerConfigKeys (ConfUtils.java:logGet(44)) - raft.server.log.force.sync.num = 128 (default)
2020-11-30 19:45:22,734 [pool-191-thread-1] INFO  server.RaftServerConfigKeys (ConfUtils.java:logGet(44)) - raft.server.log.statemachine.data.sync = true (default)
2020-11-30 19:45:22,734 [pool-191-thread-1] INFO  server.RaftServerConfigKeys (ConfUtils.java:logGet(44)) - raft.server.log.statemachine.data.sync.timeout = 10s (default)
2020-11-30 19:45:22,734 [pool-191-thread-1] INFO  server.RaftServerConfigKeys (ConfUtils.java:logGet(44)) - raft.server.log.statemachine.data.sync.timeout.retry = -1 (default)
2020-11-30 19:45:22,736 [pool-191-thread-1] INFO  server.RaftServerConfigKeys (ConfUtils.java:logGet(44)) - raft.server.log.statemachine.data.caching.enabled = true (custom)
2020-11-30 19:45:22,736 [pool-191-thread-1] INFO  segmented.SegmentedRaftLogWorker (SegmentedRaftLogWorker.java:lambda$new$0(129)) - 380c32ea-dc91-48bb-a59a-011c9a6c6a90@group-7E097F4FA569-SegmentedRaftLogWorker: flushIndex: setUnconditionally 0 -> -1
2020-11-30 19:45:22,736 [pool-191-thread-1] INFO  segmented.SegmentedRaftLogWorker (SegmentedRaftLogWorker.java:lambda$new$0(129)) - 380c32ea-dc91-48bb-a59a-011c9a6c6a90@group-7E097F4FA569-SegmentedRaftLogWorker: safeCacheEvictIndex: setUnconditionally 0 -> -1
2020-11-30 19:45:22,736 [pool-191-thread-1] INFO  server.RaftServerConfigKeys (ConfUtils.java:logGet(44)) - raft.server.snapshot.auto.trigger.enabled = true (custom)
2020-11-30 19:45:22,736 [pool-191-thread-1] INFO  server.RaftServerConfigKeys (ConfUtils.java:logGet(44)) - raft.server.snapshot.auto.trigger.threshold = 10000 (custom)
2020-11-30 19:45:22,737 [pool-191-thread-1] INFO  server.RaftServerConfigKeys (ConfUtils.java:logGet(44)) - raft.server.snapshot.retention.file.num = 5 (custom)
2020-11-30 19:45:22,737 [pool-191-thread-1] INFO  server.RaftServerConfigKeys (ConfUtils.java:logGet(44)) - raft.server.log.purge.upto.snapshot.index = false (default)
2020-11-30 19:45:22,737 [pool-191-thread-1] INFO  server.RaftServerConfigKeys (ConfUtils.java:logGet(44)) - raft.server.retrycache.expirytime = 600000ms (custom)
2020-11-30 19:45:22,737 [pool-191-thread-1] INFO  metrics.RatisMetrics (RatisMetrics.java:lambda$create$0(36)) - Creating Metrics Registry : ratis.leader_election.380c32ea-dc91-48bb-a59a-011c9a6c6a90@group-7E097F4FA569
2020-11-30 19:45:22,737 [pool-191-thread-1] INFO  metrics.RatisMetrics (RatisMetrics.java:lambda$create$0(36)) - Creating Metrics Registry : ratis.server.380c32ea-dc91-48bb-a59a-011c9a6c6a90@group-7E097F4FA569
2020-11-30 19:45:22,739 [pool-191-thread-1] INFO  impl.RaftServerImpl (RaftServerImpl.java:start(215)) - 380c32ea-dc91-48bb-a59a-011c9a6c6a90@group-7E097F4FA569: start as a follower, conf=-1: [70b5b581-c134-4e70-98be-52f4a1178c95|rpc:172.17.0.2:37313|dataStream:, afad6a44-2cb7-4cc9-9b68-87659c1db71e|rpc:172.17.0.2:36927|dataStream:, 380c32ea-dc91-48bb-a59a-011c9a6c6a90|rpc:172.17.0.2:38913|dataStream:], old=null
2020-11-30 19:45:22,739 [pool-191-thread-1] INFO  impl.RaftServerImpl (RaftServerImpl.java:setRole(204)) - 380c32ea-dc91-48bb-a59a-011c9a6c6a90@group-7E097F4FA569: changes role from      null to FOLLOWER at term 0 for startAsFollower
2020-11-30 19:45:22,739 [pool-191-thread-1] INFO  impl.RoleInfo (RoleInfo.java:updateAndGet(143)) - 380c32ea-dc91-48bb-a59a-011c9a6c6a90: start 380c32ea-dc91-48bb-a59a-011c9a6c6a90@group-7E097F4FA569-FollowerState
2020-11-30 19:45:22,740 [pool-191-thread-1] INFO  util.JmxRegister (JmxRegister.java:tryRegister(44)) - Successfully registered JMX Bean with object name Ratis:service=RaftServer,group=group-7E097F4FA569,id=380c32ea-dc91-48bb-a59a-011c9a6c6a90
2020-11-30 19:45:22,740 [pool-191-thread-1] INFO  metrics.RatisMetrics (RatisMetrics.java:lambda$create$0(36)) - Creating Metrics Registry : ratis.state_machine.380c32ea-dc91-48bb-a59a-011c9a6c6a90@group-7E097F4FA569
2020-11-30 19:45:22,761 [Command processor thread] INFO  metrics.RatisMetrics (RatisMetrics.java:lambda$create$0(36)) - Creating Metrics Registry : ratis.client_message_metrics.client-70524A1DE86A->afad6a44-2cb7-4cc9-9b68-87659c1db71e
2020-11-30 19:45:22,768 [grpc-default-executor-0] INFO  metrics.RatisMetrics (RatisMetrics.java:lambda$create$0(36)) - Creating Metrics Registry : ratis.server_message_metrics.afad6a44-2cb7-4cc9-9b68-87659c1db71e
2020-11-30 19:45:22,771 [grpc-default-executor-0] INFO  impl.RaftServerProxy (RaftServerProxy.java:addNew(93)) - afad6a44-2cb7-4cc9-9b68-87659c1db71e: addNew group-7E097F4FA569:[70b5b581-c134-4e70-98be-52f4a1178c95|rpc:172.17.0.2:37313|dataStream:, afad6a44-2cb7-4cc9-9b68-87659c1db71e|rpc:172.17.0.2:36927|dataStream:, 380c32ea-dc91-48bb-a59a-011c9a6c6a90|rpc:172.17.0.2:38913|dataStream:] returns group-7E097F4FA569:java.util.concurrent.CompletableFuture@1dcfe726[Not completed]
2020-11-30 19:45:22,772 [pool-207-thread-1] INFO  impl.RaftServerImpl (RaftServerImpl.java:<init>(121)) - afad6a44-2cb7-4cc9-9b68-87659c1db71e: new RaftServerImpl for group-7E097F4FA569:[70b5b581-c134-4e70-98be-52f4a1178c95|rpc:172.17.0.2:37313|dataStream:, afad6a44-2cb7-4cc9-9b68-87659c1db71e|rpc:172.17.0.2:36927|dataStream:, 380c32ea-dc91-48bb-a59a-011c9a6c6a90|rpc:172.17.0.2:38913|dataStream:] with ContainerStateMachine:uninitialized
2020-11-30 19:45:22,773 [pool-207-thread-1] INFO  server.RaftServerConfigKeys (ConfUtils.java:logGet(44)) - raft.server.rpc.timeout.min = 5s (custom)
2020-11-30 19:45:22,773 [pool-207-thread-1] INFO  server.RaftServerConfigKeys (ConfUtils.java:logGet(44)) - raft.server.rpc.timeout.max = 5200ms (custom)
2020-11-30 19:45:22,773 [pool-207-thread-1] INFO  server.RaftServerConfigKeys (ConfUtils.java:logGet(44)) - raft.server.rpc.slowness.timeout = 300s (custom)
2020-11-30 19:45:22,774 [pool-207-thread-1] INFO  server.RaftServerConfigKeys (ConfUtils.java:logGet(44)) - raft.server.leaderelection.leader.step-down.wait-time = 10s (default)
2020-11-30 19:45:22,774 [pool-207-thread-1] INFO  server.RaftServerConfigKeys (ConfUtils.java:logGet(44)) - raft.server.sleep.deviation.threshold = 300 (default)
2020-11-30 19:45:22,774 [pool-207-thread-1] INFO  server.RaftServerConfigKeys (ConfUtils.java:logGet(44)) - raft.server.log.appender.install.snapshot.enabled = false (custom)
2020-11-30 19:45:22,774 [pool-207-thread-1] INFO  impl.RaftServerImpl (ServerState.java:<init>(104)) - afad6a44-2cb7-4cc9-9b68-87659c1db71e@group-7E097F4FA569: ConfigurationManager, init=-1: [70b5b581-c134-4e70-98be-52f4a1178c95|rpc:172.17.0.2:37313|dataStream:, afad6a44-2cb7-4cc9-9b68-87659c1db71e|rpc:172.17.0.2:36927|dataStream:, 380c32ea-dc91-48bb-a59a-011c9a6c6a90|rpc:172.17.0.2:38913|dataStream:], old=null, confs=<EMPTY_MAP>
2020-11-30 19:45:22,774 [pool-207-thread-1] INFO  server.RaftServerConfigKeys (ConfUtils.java:logGet(44)) - raft.server.storage.dir = [/github/workspace/mnt/ozone/hadoop-ozone/integration-test/target/test-dir/MiniOzoneClusterImpl-e29a2f86-0e02-4c39-a42b-ca59556809f6/datanode-2/data/ratis] (custom)
2020-11-30 19:45:22,774 [pool-207-thread-1] INFO  server.RaftServerConfigKeys (ConfUtils.java:logGet(44)) - raft.server.log.corruption.policy = EXCEPTION (default)
2020-11-30 19:45:22,774 [pool-207-thread-1] INFO  storage.RaftStorageDirectory (RaftStorageDirectory.java:analyzeStorage(261)) - The storage directory /github/workspace/mnt/ozone/hadoop-ozone/integration-test/target/test-dir/MiniOzoneClusterImpl-e29a2f86-0e02-4c39-a42b-ca59556809f6/datanode-2/data/ratis/7b206454-490d-4d50-a3c2-7e097f4fa569 does not exist. Creating ...
2020-11-30 19:45:22,776 [pool-207-thread-1] INFO  storage.RaftStorageDirectory (RaftStorageDirectory.java:tryLock(343)) - Lock on /github/workspace/mnt/ozone/hadoop-ozone/integration-test/target/test-dir/MiniOzoneClusterImpl-e29a2f86-0e02-4c39-a42b-ca59556809f6/datanode-2/data/ratis/7b206454-490d-4d50-a3c2-7e097f4fa569/in_use.lock acquired by nodename 20367@2c46048f23a6
2020-11-30 19:45:22,777 [pool-207-thread-1] INFO  storage.RaftStorage (RaftStorage.java:format(85)) - Storage directory /github/workspace/mnt/ozone/hadoop-ozone/integration-test/target/test-dir/MiniOzoneClusterImpl-e29a2f86-0e02-4c39-a42b-ca59556809f6/datanode-2/data/ratis/7b206454-490d-4d50-a3c2-7e097f4fa569 has been successfully formatted.
2020-11-30 19:45:22,777 [pool-207-thread-1] INFO  ratis.ContainerStateMachine (ContainerStateMachine.java:loadSnapshot(225)) - group-7E097F4FA569: The snapshot info is null. Setting the last applied indexto:(t:0, i:~)
2020-11-30 19:45:22,777 [pool-207-thread-1] INFO  server.RaftServerConfigKeys (ConfUtils.java:logGet(44)) - raft.server.notification.no-leader.timeout = 300s (custom)
2020-11-30 19:45:22,778 [pool-207-thread-1] INFO  server.RaftServerConfigKeys (ConfUtils.java:logGet(44)) - raft.server.log.use.memory = false (default)
2020-11-30 19:45:22,778 [pool-207-thread-1] INFO  server.RaftServerConfigKeys (ConfUtils.java:logGet(44)) - raft.server.log.purge.gap = 1000000 (custom)
2020-11-30 19:45:22,778 [pool-207-thread-1] INFO  metrics.RatisMetrics (RatisMetrics.java:lambda$create$0(36)) - Creating Metrics Registry : ratis.log_worker.afad6a44-2cb7-4cc9-9b68-87659c1db71e@group-7E097F4FA569
2020-11-30 19:45:22,778 [EventQueue-PipelineReportForOneReplicaPipelineSafeModeRule] INFO  safemode.SCMSafeModeManager (SCMSafeModeManager.java:validateSafeModeExitRules(214)) - AtleastOneDatanodeReportedRule rule is successfully validated
2020-11-30 19:45:22,778 [pool-207-thread-1] INFO  server.RaftServerConfigKeys (ConfUtils.java:logGet(44)) - raft.server.log.appender.buffer.byte-limit = 33554432 (custom)
2020-11-30 19:45:22,778 [pool-207-thread-1] INFO  server.RaftServerConfigKeys (ConfUtils.java:logGet(44)) - raft.server.log.segment.size.max = 1048576 (custom)
2020-11-30 19:45:22,779 [pool-207-thread-1] INFO  server.RaftServerConfigKeys (ConfUtils.java:logGet(44)) - raft.server.log.segment.cache.num.max = 2 (custom)
2020-11-30 19:45:22,779 [pool-207-thread-1] INFO  segmented.SegmentedRaftLogWorker (SegmentedRaftLogWorker.java:<init>(180)) - new afad6a44-2cb7-4cc9-9b68-87659c1db71e@group-7E097F4FA569-SegmentedRaftLogWorker for RaftStorage:Storage Directory /github/workspace/mnt/ozone/hadoop-ozone/integration-test/target/test-dir/MiniOzoneClusterImpl-e29a2f86-0e02-4c39-a42b-ca59556809f6/datanode-2/data/ratis/7b206454-490d-4d50-a3c2-7e097f4fa569
2020-11-30 19:45:22,779 [pool-207-thread-1] INFO  server.RaftServerConfigKeys (ConfUtils.java:logGet(44)) - raft.server.log.queue.byte-limit = 2147483647 (custom)
2020-11-30 19:45:22,779 [pool-207-thread-1] INFO  server.RaftServerConfigKeys (ConfUtils.java:logGet(44)) - raft.server.log.queue.element-limit = 1024 (custom)
2020-11-30 19:45:22,779 [pool-207-thread-1] INFO  server.RaftServerConfigKeys (ConfUtils.java:logGet(44)) - raft.server.log.segment.size.max = 1048576 (custom)
2020-11-30 19:45:22,780 [pool-207-thread-1] INFO  server.RaftServerConfigKeys (ConfUtils.java:logGet(44)) - raft.server.log.preallocated.size = 16384 (custom)
2020-11-30 19:45:22,780 [pool-207-thread-1] INFO  server.RaftServerConfigKeys (ConfUtils.java:logGet(44)) - raft.server.log.write.buffer.size = 1048576 (custom)
2020-11-30 19:45:22,780 [pool-207-thread-1] INFO  server.RaftServerConfigKeys (ConfUtils.java:logGet(44)) - raft.server.log.force.sync.num = 128 (default)
2020-11-30 19:45:22,780 [pool-207-thread-1] INFO  server.RaftServerConfigKeys (ConfUtils.java:logGet(44)) - raft.server.log.statemachine.data.sync = true (default)
2020-11-30 19:45:22,780 [pool-207-thread-1] INFO  server.RaftServerConfigKeys (ConfUtils.java:logGet(44)) - raft.server.log.statemachine.data.sync.timeout = 10s (default)
2020-11-30 19:45:22,780 [pool-207-thread-1] INFO  server.RaftServerConfigKeys (ConfUtils.java:logGet(44)) - raft.server.log.statemachine.data.sync.timeout.retry = -1 (default)
2020-11-30 19:45:22,782 [pool-207-thread-1] INFO  server.RaftServerConfigKeys (ConfUtils.java:logGet(44)) - raft.server.log.statemachine.data.caching.enabled = true (custom)
2020-11-30 19:45:22,782 [pool-207-thread-1] INFO  segmented.SegmentedRaftLogWorker (SegmentedRaftLogWorker.java:lambda$new$0(129)) - afad6a44-2cb7-4cc9-9b68-87659c1db71e@group-7E097F4FA569-SegmentedRaftLogWorker: flushIndex: setUnconditionally 0 -> -1
2020-11-30 19:45:22,782 [pool-207-thread-1] INFO  segmented.SegmentedRaftLogWorker (SegmentedRaftLogWorker.java:lambda$new$0(129)) - afad6a44-2cb7-4cc9-9b68-87659c1db71e@group-7E097F4FA569-SegmentedRaftLogWorker: safeCacheEvictIndex: setUnconditionally 0 -> -1
2020-11-30 19:45:22,782 [pool-207-thread-1] INFO  server.RaftServerConfigKeys (ConfUtils.java:logGet(44)) - raft.server.snapshot.auto.trigger.enabled = true (custom)
2020-11-30 19:45:22,783 [pool-207-thread-1] INFO  server.RaftServerConfigKeys (ConfUtils.java:logGet(44)) - raft.server.snapshot.auto.trigger.threshold = 10000 (custom)
2020-11-30 19:45:22,783 [pool-207-thread-1] INFO  server.RaftServerConfigKeys (ConfUtils.java:logGet(44)) - raft.server.snapshot.retention.file.num = 5 (custom)
2020-11-30 19:45:22,783 [pool-207-thread-1] INFO  server.RaftServerConfigKeys (ConfUtils.java:logGet(44)) - raft.server.log.purge.upto.snapshot.index = false (default)
2020-11-30 19:45:22,783 [pool-207-thread-1] INFO  server.RaftServerConfigKeys (ConfUtils.java:logGet(44)) - raft.server.retrycache.expirytime = 600000ms (custom)
2020-11-30 19:45:22,783 [pool-207-thread-1] INFO  metrics.RatisMetrics (RatisMetrics.java:lambda$create$0(36)) - Creating Metrics Registry : ratis.leader_election.afad6a44-2cb7-4cc9-9b68-87659c1db71e@group-7E097F4FA569
2020-11-30 19:45:22,783 [pool-207-thread-1] INFO  metrics.RatisMetrics (RatisMetrics.java:lambda$create$0(36)) - Creating Metrics Registry : ratis.server.afad6a44-2cb7-4cc9-9b68-87659c1db71e@group-7E097F4FA569
2020-11-30 19:45:22,785 [pool-207-thread-1] INFO  impl.RaftServerImpl (RaftServerImpl.java:start(215)) - afad6a44-2cb7-4cc9-9b68-87659c1db71e@group-7E097F4FA569: start as a follower, conf=-1: [70b5b581-c134-4e70-98be-52f4a1178c95|rpc:172.17.0.2:37313|dataStream:, afad6a44-2cb7-4cc9-9b68-87659c1db71e|rpc:172.17.0.2:36927|dataStream:, 380c32ea-dc91-48bb-a59a-011c9a6c6a90|rpc:172.17.0.2:38913|dataStream:], old=null
2020-11-30 19:45:22,785 [pool-207-thread-1] INFO  impl.RaftServerImpl (RaftServerImpl.java:setRole(204)) - afad6a44-2cb7-4cc9-9b68-87659c1db71e@group-7E097F4FA569: changes role from      null to FOLLOWER at term 0 for startAsFollower
2020-11-30 19:45:22,785 [pool-207-thread-1] INFO  impl.RoleInfo (RoleInfo.java:updateAndGet(143)) - afad6a44-2cb7-4cc9-9b68-87659c1db71e: start afad6a44-2cb7-4cc9-9b68-87659c1db71e@group-7E097F4FA569-FollowerState
2020-11-30 19:45:22,785 [pool-207-thread-1] INFO  util.JmxRegister (JmxRegister.java:tryRegister(44)) - Successfully registered JMX Bean with object name Ratis:service=RaftServer,group=group-7E097F4FA569,id=afad6a44-2cb7-4cc9-9b68-87659c1db71e
2020-11-30 19:45:22,785 [pool-207-thread-1] INFO  metrics.RatisMetrics (RatisMetrics.java:lambda$create$0(36)) - Creating Metrics Registry : ratis.state_machine.afad6a44-2cb7-4cc9-9b68-87659c1db71e@group-7E097F4FA569
2020-11-30 19:45:22,790 [Command processor thread] INFO  commandhandler.CreatePipelineCommandHandler (CreatePipelineCommandHandler.java:handle(106)) - Created Pipeline RATIS THREE PipelineID=7b206454-490d-4d50-a3c2-7e097f4fa569.
2020-11-30 19:45:22,914 [Command processor thread] INFO  impl.RaftServerProxy (RaftServerProxy.java:addNew(93)) - 380c32ea-dc91-48bb-a59a-011c9a6c6a90: addNew group-4159E0C6EF80:[380c32ea-dc91-48bb-a59a-011c9a6c6a90|rpc:172.17.0.2:38913] returns group-4159E0C6EF80:java.util.concurrent.CompletableFuture@4679227c[Not completed]
2020-11-30 19:45:22,915 [pool-191-thread-1] INFO  impl.RaftServerImpl (RaftServerImpl.java:<init>(121)) - 380c32ea-dc91-48bb-a59a-011c9a6c6a90: new RaftServerImpl for group-4159E0C6EF80:[380c32ea-dc91-48bb-a59a-011c9a6c6a90|rpc:172.17.0.2:38913] with ContainerStateMachine:uninitialized
2020-11-30 19:45:22,915 [pool-191-thread-1] INFO  server.RaftServerConfigKeys (ConfUtils.java:logGet(44)) - raft.server.rpc.timeout.min = 5s (custom)
2020-11-30 19:45:22,915 [pool-191-thread-1] INFO  server.RaftServerConfigKeys (ConfUtils.java:logGet(44)) - raft.server.rpc.timeout.max = 5200ms (custom)
2020-11-30 19:45:22,915 [pool-191-thread-1] INFO  server.RaftServerConfigKeys (ConfUtils.java:logGet(44)) - raft.server.rpc.slowness.timeout = 300s (custom)
2020-11-30 19:45:22,915 [pool-191-thread-1] INFO  server.RaftServerConfigKeys (ConfUtils.java:logGet(44)) - raft.server.leaderelection.leader.step-down.wait-time = 10s (default)
2020-11-30 19:45:22,915 [pool-191-thread-1] INFO  server.RaftServerConfigKeys (ConfUtils.java:logGet(44)) - raft.server.sleep.deviation.threshold = 300 (default)
2020-11-30 19:45:22,915 [pool-191-thread-1] INFO  server.RaftServerConfigKeys (ConfUtils.java:logGet(44)) - raft.server.log.appender.install.snapshot.enabled = false (custom)
2020-11-30 19:45:22,915 [pool-191-thread-1] INFO  impl.RaftServerImpl (ServerState.java:<init>(104)) - 380c32ea-dc91-48bb-a59a-011c9a6c6a90@group-4159E0C6EF80: ConfigurationManager, init=-1: [380c32ea-dc91-48bb-a59a-011c9a6c6a90|rpc:172.17.0.2:38913], old=null, confs=<EMPTY_MAP>
2020-11-30 19:45:22,915 [pool-191-thread-1] INFO  server.RaftServerConfigKeys (ConfUtils.java:logGet(44)) - raft.server.storage.dir = [/github/workspace/mnt/ozone/hadoop-ozone/integration-test/target/test-dir/MiniOzoneClusterImpl-e29a2f86-0e02-4c39-a42b-ca59556809f6/datanode-1/data/ratis] (custom)
2020-11-30 19:45:22,916 [pool-191-thread-1] INFO  server.RaftServerConfigKeys (ConfUtils.java:logGet(44)) - raft.server.log.corruption.policy = EXCEPTION (default)
2020-11-30 19:45:22,916 [pool-191-thread-1] INFO  storage.RaftStorageDirectory (RaftStorageDirectory.java:analyzeStorage(261)) - The storage directory /github/workspace/mnt/ozone/hadoop-ozone/integration-test/target/test-dir/MiniOzoneClusterImpl-e29a2f86-0e02-4c39-a42b-ca59556809f6/datanode-1/data/ratis/b7fa9be7-d2e3-43c5-aa0b-4159e0c6ef80 does not exist. Creating ...
2020-11-30 19:45:22,917 [pool-191-thread-1] INFO  storage.RaftStorageDirectory (RaftStorageDirectory.java:tryLock(343)) - Lock on /github/workspace/mnt/ozone/hadoop-ozone/integration-test/target/test-dir/MiniOzoneClusterImpl-e29a2f86-0e02-4c39-a42b-ca59556809f6/datanode-1/data/ratis/b7fa9be7-d2e3-43c5-aa0b-4159e0c6ef80/in_use.lock acquired by nodename 20367@2c46048f23a6
2020-11-30 19:45:22,918 [pool-191-thread-1] INFO  storage.RaftStorage (RaftStorage.java:format(85)) - Storage directory /github/workspace/mnt/ozone/hadoop-ozone/integration-test/target/test-dir/MiniOzoneClusterImpl-e29a2f86-0e02-4c39-a42b-ca59556809f6/datanode-1/data/ratis/b7fa9be7-d2e3-43c5-aa0b-4159e0c6ef80 has been successfully formatted.
2020-11-30 19:45:22,918 [pool-191-thread-1] INFO  ratis.ContainerStateMachine (ContainerStateMachine.java:loadSnapshot(225)) - group-4159E0C6EF80: The snapshot info is null. Setting the last applied indexto:(t:0, i:~)
2020-11-30 19:45:22,918 [pool-191-thread-1] INFO  server.RaftServerConfigKeys (ConfUtils.java:logGet(44)) - raft.server.notification.no-leader.timeout = 300s (custom)
2020-11-30 19:45:22,919 [pool-191-thread-1] INFO  server.RaftServerConfigKeys (ConfUtils.java:logGet(44)) - raft.server.log.use.memory = false (default)
2020-11-30 19:45:22,919 [pool-191-thread-1] INFO  server.RaftServerConfigKeys (ConfUtils.java:logGet(44)) - raft.server.log.purge.gap = 1000000 (custom)
2020-11-30 19:45:22,919 [EventQueue-PipelineReportForOneReplicaPipelineSafeModeRule] INFO  safemode.SCMSafeModeManager (SCMSafeModeManager.java:validateSafeModeExitRules(214)) - AtleastOneDatanodeReportedRule rule is successfully validated
2020-11-30 19:45:22,919 [EventQueue-PipelineReportForPipelineReportHandler] INFO  pipeline.PipelineStateManager (PipelineStateManager.java:openPipeline(132)) - Pipeline Pipeline[ Id: b7fa9be7-d2e3-43c5-aa0b-4159e0c6ef80, Nodes: 380c32ea-dc91-48bb-a59a-011c9a6c6a90{ip: 172.17.0.2, host: 2c46048f23a6, networkLocation: /default-rack, certSerialId: null}, Type:RATIS, Factor:ONE, State:ALLOCATED, leaderId:380c32ea-dc91-48bb-a59a-011c9a6c6a90, CreationTimestamp2020-11-30T19:45:19.916Z] moved to OPEN state
2020-11-30 19:45:22,920 [pool-191-thread-1] INFO  metrics.RatisMetrics (RatisMetrics.java:lambda$create$0(36)) - Creating Metrics Registry : ratis.log_worker.380c32ea-dc91-48bb-a59a-011c9a6c6a90@group-4159E0C6EF80
2020-11-30 19:45:22,920 [pool-191-thread-1] INFO  server.RaftServerConfigKeys (ConfUtils.java:logGet(44)) - raft.server.log.appender.buffer.byte-limit = 33554432 (custom)
2020-11-30 19:45:22,920 [EventQueue-OpenPipelineForHealthyPipelineSafeModeRule] INFO  safemode.SCMSafeModeManager (HealthyPipelineSafeModeRule.java:process(128)) - SCM in safe mode. Healthy pipelines reported count is 0, required healthy pipeline reported count is 1
2020-11-30 19:45:22,920 [pool-191-thread-1] INFO  server.RaftServerConfigKeys (ConfUtils.java:logGet(44)) - raft.server.log.segment.size.max = 1048576 (custom)
2020-11-30 19:45:22,921 [pool-191-thread-1] INFO  server.RaftServerConfigKeys (ConfUtils.java:logGet(44)) - raft.server.log.segment.cache.num.max = 2 (custom)
2020-11-30 19:45:22,921 [pool-191-thread-1] INFO  segmented.SegmentedRaftLogWorker (SegmentedRaftLogWorker.java:<init>(180)) - new 380c32ea-dc91-48bb-a59a-011c9a6c6a90@group-4159E0C6EF80-SegmentedRaftLogWorker for RaftStorage:Storage Directory /github/workspace/mnt/ozone/hadoop-ozone/integration-test/target/test-dir/MiniOzoneClusterImpl-e29a2f86-0e02-4c39-a42b-ca59556809f6/datanode-1/data/ratis/b7fa9be7-d2e3-43c5-aa0b-4159e0c6ef80
2020-11-30 19:45:22,921 [pool-191-thread-1] INFO  server.RaftServerConfigKeys (ConfUtils.java:logGet(44)) - raft.server.log.queue.byte-limit = 2147483647 (custom)
2020-11-30 19:45:22,921 [pool-191-thread-1] INFO  server.RaftServerConfigKeys (ConfUtils.java:logGet(44)) - raft.server.log.queue.element-limit = 1024 (custom)
2020-11-30 19:45:22,921 [pool-191-thread-1] INFO  server.RaftServerConfigKeys (ConfUtils.java:logGet(44)) - raft.server.log.segment.size.max = 1048576 (custom)
2020-11-30 19:45:22,921 [pool-191-thread-1] INFO  server.RaftServerConfigKeys (ConfUtils.java:logGet(44)) - raft.server.log.preallocated.size = 16384 (custom)
2020-11-30 19:45:22,921 [pool-191-thread-1] INFO  server.RaftServerConfigKeys (ConfUtils.java:logGet(44)) - raft.server.log.write.buffer.size = 1048576 (custom)
2020-11-30 19:45:22,922 [pool-191-thread-1] INFO  server.RaftServerConfigKeys (ConfUtils.java:logGet(44)) - raft.server.log.force.sync.num = 128 (default)
2020-11-30 19:45:22,922 [pool-191-thread-1] INFO  server.RaftServerConfigKeys (ConfUtils.java:logGet(44)) - raft.server.log.statemachine.data.sync = true (default)
2020-11-30 19:45:22,922 [pool-191-thread-1] INFO  server.RaftServerConfigKeys (ConfUtils.java:logGet(44)) - raft.server.log.statemachine.data.sync.timeout = 10s (default)
2020-11-30 19:45:22,922 [pool-191-thread-1] INFO  server.RaftServerConfigKeys (ConfUtils.java:logGet(44)) - raft.server.log.statemachine.data.sync.timeout.retry = -1 (default)
2020-11-30 19:45:22,924 [pool-191-thread-1] INFO  server.RaftServerConfigKeys (ConfUtils.java:logGet(44)) - raft.server.log.statemachine.data.caching.enabled = true (custom)
2020-11-30 19:45:22,924 [pool-191-thread-1] INFO  segmented.SegmentedRaftLogWorker (SegmentedRaftLogWorker.java:lambda$new$0(129)) - 380c32ea-dc91-48bb-a59a-011c9a6c6a90@group-4159E0C6EF80-SegmentedRaftLogWorker: flushIndex: setUnconditionally 0 -> -1
2020-11-30 19:45:22,924 [pool-191-thread-1] INFO  segmented.SegmentedRaftLogWorker (SegmentedRaftLogWorker.java:lambda$new$0(129)) - 380c32ea-dc91-48bb-a59a-011c9a6c6a90@group-4159E0C6EF80-SegmentedRaftLogWorker: safeCacheEvictIndex: setUnconditionally 0 -> -1
2020-11-30 19:45:22,925 [pool-191-thread-1] INFO  server.RaftServerConfigKeys (ConfUtils.java:logGet(44)) - raft.server.snapshot.auto.trigger.enabled = true (custom)
2020-11-30 19:45:22,925 [pool-191-thread-1] INFO  server.RaftServerConfigKeys (ConfUtils.java:logGet(44)) - raft.server.snapshot.auto.trigger.threshold = 10000 (custom)
2020-11-30 19:45:22,925 [pool-191-thread-1] INFO  server.RaftServerConfigKeys (ConfUtils.java:logGet(44)) - raft.server.snapshot.retention.file.num = 5 (custom)
2020-11-30 19:45:22,925 [pool-191-thread-1] INFO  server.RaftServerConfigKeys (ConfUtils.java:logGet(44)) - raft.server.log.purge.upto.snapshot.index = false (default)
2020-11-30 19:45:22,925 [pool-191-thread-1] INFO  server.RaftServerConfigKeys (ConfUtils.java:logGet(44)) - raft.server.retrycache.expirytime = 600000ms (custom)
2020-11-30 19:45:22,926 [pool-191-thread-1] INFO  metrics.RatisMetrics (RatisMetrics.java:lambda$create$0(36)) - Creating Metrics Registry : ratis.leader_election.380c32ea-dc91-48bb-a59a-011c9a6c6a90@group-4159E0C6EF80
2020-11-30 19:45:22,926 [pool-191-thread-1] INFO  metrics.RatisMetrics (RatisMetrics.java:lambda$create$0(36)) - Creating Metrics Registry : ratis.server.380c32ea-dc91-48bb-a59a-011c9a6c6a90@group-4159E0C6EF80
2020-11-30 19:45:22,927 [pool-191-thread-1] INFO  impl.RaftServerImpl (RaftServerImpl.java:start(215)) - 380c32ea-dc91-48bb-a59a-011c9a6c6a90@group-4159E0C6EF80: start as a follower, conf=-1: [380c32ea-dc91-48bb-a59a-011c9a6c6a90|rpc:172.17.0.2:38913], old=null
2020-11-30 19:45:22,927 [pool-191-thread-1] INFO  impl.RaftServerImpl (RaftServerImpl.java:setRole(204)) - 380c32ea-dc91-48bb-a59a-011c9a6c6a90@group-4159E0C6EF80: changes role from      null to FOLLOWER at term 0 for startAsFollower
2020-11-30 19:45:22,927 [pool-191-thread-1] INFO  impl.RoleInfo (RoleInfo.java:updateAndGet(143)) - 380c32ea-dc91-48bb-a59a-011c9a6c6a90: start 380c32ea-dc91-48bb-a59a-011c9a6c6a90@group-4159E0C6EF80-FollowerState
2020-11-30 19:45:22,928 [pool-191-thread-1] INFO  util.JmxRegister (JmxRegister.java:tryRegister(44)) - Successfully registered JMX Bean with object name Ratis:service=RaftServer,group=group-4159E0C6EF80,id=380c32ea-dc91-48bb-a59a-011c9a6c6a90
2020-11-30 19:45:22,928 [pool-191-thread-1] INFO  metrics.RatisMetrics (RatisMetrics.java:lambda$create$0(36)) - Creating Metrics Registry : ratis.state_machine.380c32ea-dc91-48bb-a59a-011c9a6c6a90@group-4159E0C6EF80
2020-11-30 19:45:22,934 [Command processor thread] INFO  commandhandler.CreatePipelineCommandHandler (CreatePipelineCommandHandler.java:handle(106)) - Created Pipeline RATIS ONE PipelineID=b7fa9be7-d2e3-43c5-aa0b-4159e0c6ef80.
2020-11-30 19:45:23,046 [Listener at 127.0.0.1/45407] INFO  ozone.MiniOzoneClusterImpl (MiniOzoneClusterImpl.java:lambda$waitForClusterToBeReady$0(178)) - Nodes are ready. Got 7 of 7 DN Heartbeats.
2020-11-30 19:45:23,046 [Listener at 127.0.0.1/45407] INFO  ozone.MiniOzoneClusterImpl (MiniOzoneClusterImpl.java:lambda$waitForClusterToBeReady$0(181)) - Waiting for cluster to exit safe mode
2020-11-30 19:45:23,088 [Command processor thread] INFO  impl.RaftServerProxy (RaftServerProxy.java:addNew(93)) - afad6a44-2cb7-4cc9-9b68-87659c1db71e: addNew group-94A0457BFEE0:[afad6a44-2cb7-4cc9-9b68-87659c1db71e|rpc:172.17.0.2:36927] returns group-94A0457BFEE0:java.util.concurrent.CompletableFuture@31b39101[Not completed]
2020-11-30 19:45:23,089 [pool-207-thread-1] INFO  impl.RaftServerImpl (RaftServerImpl.java:<init>(121)) - afad6a44-2cb7-4cc9-9b68-87659c1db71e: new RaftServerImpl for group-94A0457BFEE0:[afad6a44-2cb7-4cc9-9b68-87659c1db71e|rpc:172.17.0.2:36927] with ContainerStateMachine:uninitialized
2020-11-30 19:45:23,089 [pool-207-thread-1] INFO  server.RaftServerConfigKeys (ConfUtils.java:logGet(44)) - raft.server.rpc.timeout.min = 5s (custom)
2020-11-30 19:45:23,089 [pool-207-thread-1] INFO  server.RaftServerConfigKeys (ConfUtils.java:logGet(44)) - raft.server.rpc.timeout.max = 5200ms (custom)
2020-11-30 19:45:23,089 [pool-207-thread-1] INFO  server.RaftServerConfigKeys (ConfUtils.java:logGet(44)) - raft.server.rpc.slowness.timeout = 300s (custom)
2020-11-30 19:45:23,089 [pool-207-thread-1] INFO  server.RaftServerConfigKeys (ConfUtils.java:logGet(44)) - raft.server.leaderelection.leader.step-down.wait-time = 10s (default)
2020-11-30 19:45:23,089 [pool-207-thread-1] INFO  server.RaftServerConfigKeys (ConfUtils.java:logGet(44)) - raft.server.sleep.deviation.threshold = 300 (default)
2020-11-30 19:45:23,089 [pool-207-thread-1] INFO  server.RaftServerConfigKeys (ConfUtils.java:logGet(44)) - raft.server.log.appender.install.snapshot.enabled = false (custom)
2020-11-30 19:45:23,089 [pool-207-thread-1] INFO  impl.RaftServerImpl (ServerState.java:<init>(104)) - afad6a44-2cb7-4cc9-9b68-87659c1db71e@group-94A0457BFEE0: ConfigurationManager, init=-1: [afad6a44-2cb7-4cc9-9b68-87659c1db71e|rpc:172.17.0.2:36927], old=null, confs=<EMPTY_MAP>
2020-11-30 19:45:23,089 [pool-207-thread-1] INFO  server.RaftServerConfigKeys (ConfUtils.java:logGet(44)) - raft.server.storage.dir = [/github/workspace/mnt/ozone/hadoop-ozone/integration-test/target/test-dir/MiniOzoneClusterImpl-e29a2f86-0e02-4c39-a42b-ca59556809f6/datanode-2/data/ratis] (custom)
2020-11-30 19:45:23,090 [pool-207-thread-1] INFO  server.RaftServerConfigKeys (ConfUtils.java:logGet(44)) - raft.server.log.corruption.policy = EXCEPTION (default)
2020-11-30 19:45:23,090 [pool-207-thread-1] INFO  storage.RaftStorageDirectory (RaftStorageDirectory.java:analyzeStorage(261)) - The storage directory /github/workspace/mnt/ozone/hadoop-ozone/integration-test/target/test-dir/MiniOzoneClusterImpl-e29a2f86-0e02-4c39-a42b-ca59556809f6/datanode-2/data/ratis/0af8f810-e01b-4539-9b9b-94a0457bfee0 does not exist. Creating ...
2020-11-30 19:45:23,091 [pool-207-thread-1] INFO  storage.RaftStorageDirectory (RaftStorageDirectory.java:tryLock(343)) - Lock on /github/workspace/mnt/ozone/hadoop-ozone/integration-test/target/test-dir/MiniOzoneClusterImpl-e29a2f86-0e02-4c39-a42b-ca59556809f6/datanode-2/data/ratis/0af8f810-e01b-4539-9b9b-94a0457bfee0/in_use.lock acquired by nodename 20367@2c46048f23a6
2020-11-30 19:45:23,092 [pool-207-thread-1] INFO  storage.RaftStorage (RaftStorage.java:format(85)) - Storage directory /github/workspace/mnt/ozone/hadoop-ozone/integration-test/target/test-dir/MiniOzoneClusterImpl-e29a2f86-0e02-4c39-a42b-ca59556809f6/datanode-2/data/ratis/0af8f810-e01b-4539-9b9b-94a0457bfee0 has been successfully formatted.
2020-11-30 19:45:23,092 [pool-207-thread-1] INFO  ratis.ContainerStateMachine (ContainerStateMachine.java:loadSnapshot(225)) - group-94A0457BFEE0: The snapshot info is null. Setting the last applied indexto:(t:0, i:~)
2020-11-30 19:45:23,092 [pool-207-thread-1] INFO  server.RaftServerConfigKeys (ConfUtils.java:logGet(44)) - raft.server.notification.no-leader.timeout = 300s (custom)
2020-11-30 19:45:23,093 [pool-207-thread-1] INFO  server.RaftServerConfigKeys (ConfUtils.java:logGet(44)) - raft.server.log.use.memory = false (default)
2020-11-30 19:45:23,093 [pool-207-thread-1] INFO  server.RaftServerConfigKeys (ConfUtils.java:logGet(44)) - raft.server.log.purge.gap = 1000000 (custom)
2020-11-30 19:45:23,093 [pool-207-thread-1] INFO  metrics.RatisMetrics (RatisMetrics.java:lambda$create$0(36)) - Creating Metrics Registry : ratis.log_worker.afad6a44-2cb7-4cc9-9b68-87659c1db71e@group-94A0457BFEE0
2020-11-30 19:45:23,093 [EventQueue-PipelineReportForOneReplicaPipelineSafeModeRule] INFO  safemode.SCMSafeModeManager (SCMSafeModeManager.java:validateSafeModeExitRules(214)) - AtleastOneDatanodeReportedRule rule is successfully validated
2020-11-30 19:45:23,093 [EventQueue-PipelineReportForPipelineReportHandler] INFO  pipeline.PipelineStateManager (PipelineStateManager.java:openPipeline(132)) - Pipeline Pipeline[ Id: 0af8f810-e01b-4539-9b9b-94a0457bfee0, Nodes: afad6a44-2cb7-4cc9-9b68-87659c1db71e{ip: 172.17.0.2, host: 2c46048f23a6, networkLocation: /default-rack, certSerialId: null}, Type:RATIS, Factor:ONE, State:ALLOCATED, leaderId:afad6a44-2cb7-4cc9-9b68-87659c1db71e, CreationTimestamp2020-11-30T19:45:20.089Z] moved to OPEN state
2020-11-30 19:45:23,094 [EventQueue-OpenPipelineForHealthyPipelineSafeModeRule] INFO  safemode.SCMSafeModeManager (HealthyPipelineSafeModeRule.java:process(128)) - SCM in safe mode. Healthy pipelines reported count is 0, required healthy pipeline reported count is 1
2020-11-30 19:45:23,094 [pool-207-thread-1] INFO  server.RaftServerConfigKeys (ConfUtils.java:logGet(44)) - raft.server.log.appender.buffer.byte-limit = 33554432 (custom)
2020-11-30 19:45:23,094 [pool-207-thread-1] INFO  server.RaftServerConfigKeys (ConfUtils.java:logGet(44)) - raft.server.log.segment.size.max = 1048576 (custom)
2020-11-30 19:45:23,095 [pool-207-thread-1] INFO  server.RaftServerConfigKeys (ConfUtils.java:logGet(44)) - raft.server.log.segment.cache.num.max = 2 (custom)
2020-11-30 19:45:23,095 [pool-207-thread-1] INFO  segmented.SegmentedRaftLogWorker (SegmentedRaftLogWorker.java:<init>(180)) - new afad6a44-2cb7-4cc9-9b68-87659c1db71e@group-94A0457BFEE0-SegmentedRaftLogWorker for RaftStorage:Storage Directory /github/workspace/mnt/ozone/hadoop-ozone/integration-test/target/test-dir/MiniOzoneClusterImpl-e29a2f86-0e02-4c39-a42b-ca59556809f6/datanode-2/data/ratis/0af8f810-e01b-4539-9b9b-94a0457bfee0
2020-11-30 19:45:23,095 [pool-207-thread-1] INFO  server.RaftServerConfigKeys (ConfUtils.java:logGet(44)) - raft.server.log.queue.byte-limit = 2147483647 (custom)
2020-11-30 19:45:23,095 [pool-207-thread-1] INFO  server.RaftServerConfigKeys (ConfUtils.java:logGet(44)) - raft.server.log.queue.element-limit = 1024 (custom)
2020-11-30 19:45:23,095 [pool-207-thread-1] INFO  server.RaftServerConfigKeys (ConfUtils.java:logGet(44)) - raft.server.log.segment.size.max = 1048576 (custom)
2020-11-30 19:45:23,096 [pool-207-thread-1] INFO  server.RaftServerConfigKeys (ConfUtils.java:logGet(44)) - raft.server.log.preallocated.size = 16384 (custom)
2020-11-30 19:45:23,096 [pool-207-thread-1] INFO  server.RaftServerConfigKeys (ConfUtils.java:logGet(44)) - raft.server.log.write.buffer.size = 1048576 (custom)
2020-11-30 19:45:23,096 [pool-207-thread-1] INFO  server.RaftServerConfigKeys (ConfUtils.java:logGet(44)) - raft.server.log.force.sync.num = 128 (default)
2020-11-30 19:45:23,096 [pool-207-thread-1] INFO  server.RaftServerConfigKeys (ConfUtils.java:logGet(44)) - raft.server.log.statemachine.data.sync = true (default)
2020-11-30 19:45:23,096 [pool-207-thread-1] INFO  server.RaftServerConfigKeys (ConfUtils.java:logGet(44)) - raft.server.log.statemachine.data.sync.timeout = 10s (default)
2020-11-30 19:45:23,096 [pool-207-thread-1] INFO  server.RaftServerConfigKeys (ConfUtils.java:logGet(44)) - raft.server.log.statemachine.data.sync.timeout.retry = -1 (default)
2020-11-30 19:45:23,098 [pool-207-thread-1] INFO  server.RaftServerConfigKeys (ConfUtils.java:logGet(44)) - raft.server.log.statemachine.data.caching.enabled = true (custom)
2020-11-30 19:45:23,099 [pool-207-thread-1] INFO  segmented.SegmentedRaftLogWorker (SegmentedRaftLogWorker.java:lambda$new$0(129)) - afad6a44-2cb7-4cc9-9b68-87659c1db71e@group-94A0457BFEE0-SegmentedRaftLogWorker: flushIndex: setUnconditionally 0 -> -1
2020-11-30 19:45:23,099 [pool-207-thread-1] INFO  segmented.SegmentedRaftLogWorker (SegmentedRaftLogWorker.java:lambda$new$0(129)) - afad6a44-2cb7-4cc9-9b68-87659c1db71e@group-94A0457BFEE0-SegmentedRaftLogWorker: safeCacheEvictIndex: setUnconditionally 0 -> -1
2020-11-30 19:45:23,099 [pool-207-thread-1] INFO  server.RaftServerConfigKeys (ConfUtils.java:logGet(44)) - raft.server.snapshot.auto.trigger.enabled = true (custom)
2020-11-30 19:45:23,099 [pool-207-thread-1] INFO  server.RaftServerConfigKeys (ConfUtils.java:logGet(44)) - raft.server.snapshot.auto.trigger.threshold = 10000 (custom)
2020-11-30 19:45:23,099 [pool-207-thread-1] INFO  server.RaftServerConfigKeys (ConfUtils.java:logGet(44)) - raft.server.snapshot.retention.file.num = 5 (custom)
2020-11-30 19:45:23,099 [pool-207-thread-1] INFO  server.RaftServerConfigKeys (ConfUtils.java:logGet(44)) - raft.server.log.purge.upto.snapshot.index = false (default)
2020-11-30 19:45:23,100 [pool-207-thread-1] INFO  server.RaftServerConfigKeys (ConfUtils.java:logGet(44)) - raft.server.retrycache.expirytime = 600000ms (custom)
2020-11-30 19:45:23,100 [pool-207-thread-1] INFO  metrics.RatisMetrics (RatisMetrics.java:lambda$create$0(36)) - Creating Metrics Registry : ratis.leader_election.afad6a44-2cb7-4cc9-9b68-87659c1db71e@group-94A0457BFEE0
2020-11-30 19:45:23,100 [pool-207-thread-1] INFO  metrics.RatisMetrics (RatisMetrics.java:lambda$create$0(36)) - Creating Metrics Registry : ratis.server.afad6a44-2cb7-4cc9-9b68-87659c1db71e@group-94A0457BFEE0
2020-11-30 19:45:23,101 [pool-207-thread-1] INFO  impl.RaftServerImpl (RaftServerImpl.java:start(215)) - afad6a44-2cb7-4cc9-9b68-87659c1db71e@group-94A0457BFEE0: start as a follower, conf=-1: [afad6a44-2cb7-4cc9-9b68-87659c1db71e|rpc:172.17.0.2:36927], old=null
2020-11-30 19:45:23,101 [pool-207-thread-1] INFO  impl.RaftServerImpl (RaftServerImpl.java:setRole(204)) - afad6a44-2cb7-4cc9-9b68-87659c1db71e@group-94A0457BFEE0: changes role from      null to FOLLOWER at term 0 for startAsFollower
2020-11-30 19:45:23,101 [pool-207-thread-1] INFO  impl.RoleInfo (RoleInfo.java:updateAndGet(143)) - afad6a44-2cb7-4cc9-9b68-87659c1db71e: start afad6a44-2cb7-4cc9-9b68-87659c1db71e@group-94A0457BFEE0-FollowerState
2020-11-30 19:45:23,108 [pool-207-thread-1] INFO  util.JmxRegister (JmxRegister.java:tryRegister(44)) - Successfully registered JMX Bean with object name Ratis:service=RaftServer,group=group-94A0457BFEE0,id=afad6a44-2cb7-4cc9-9b68-87659c1db71e
2020-11-30 19:45:23,108 [pool-207-thread-1] INFO  metrics.RatisMetrics (RatisMetrics.java:lambda$create$0(36)) - Creating Metrics Registry : ratis.state_machine.afad6a44-2cb7-4cc9-9b68-87659c1db71e@group-94A0457BFEE0
2020-11-30 19:45:23,108 [org.apache.ratis.server.JvmPauseMonitor@410e9fe0-Monitor] WARN  server.JvmPauseMonitor (JvmPauseMonitor.java:run(141)) - Detected pause in JVM or host machine (eg GC): pause of approximately 2ms
No GCs detected
2020-11-30 19:45:23,109 [Command processor thread] INFO  commandhandler.CreatePipelineCommandHandler (CreatePipelineCommandHandler.java:handle(106)) - Created Pipeline RATIS ONE PipelineID=0af8f810-e01b-4539-9b9b-94a0457bfee0.
2020-11-30 19:45:23,293 [Command processor thread] INFO  impl.RaftServerProxy (RaftServerProxy.java:addNew(93)) - ade932d9-a820-4647-aac5-71d70ca86541: addNew group-D1D05E516EF9:[ade932d9-a820-4647-aac5-71d70ca86541|rpc:172.17.0.2:39053] returns group-D1D05E516EF9:java.util.concurrent.CompletableFuture@22d3effa[Not completed]
2020-11-30 19:45:23,294 [pool-223-thread-1] INFO  impl.RaftServerImpl (RaftServerImpl.java:<init>(121)) - ade932d9-a820-4647-aac5-71d70ca86541: new RaftServerImpl for group-D1D05E516EF9:[ade932d9-a820-4647-aac5-71d70ca86541|rpc:172.17.0.2:39053] with ContainerStateMachine:uninitialized
2020-11-30 19:45:23,295 [pool-223-thread-1] INFO  server.RaftServerConfigKeys (ConfUtils.java:logGet(44)) - raft.server.rpc.timeout.min = 5s (custom)
2020-11-30 19:45:23,295 [pool-223-thread-1] INFO  server.RaftServerConfigKeys (ConfUtils.java:logGet(44)) - raft.server.rpc.timeout.max = 5200ms (custom)
2020-11-30 19:45:23,295 [pool-223-thread-1] INFO  server.RaftServerConfigKeys (ConfUtils.java:logGet(44)) - raft.server.rpc.slowness.timeout = 300s (custom)
2020-11-30 19:45:23,295 [pool-223-thread-1] INFO  server.RaftServerConfigKeys (ConfUtils.java:logGet(44)) - raft.server.leaderelection.leader.step-down.wait-time = 10s (default)
2020-11-30 19:45:23,295 [pool-223-thread-1] INFO  server.RaftServerConfigKeys (ConfUtils.java:logGet(44)) - raft.server.sleep.deviation.threshold = 300 (default)
2020-11-30 19:45:23,296 [pool-223-thread-1] INFO  server.RaftServerConfigKeys (ConfUtils.java:logGet(44)) - raft.server.log.appender.install.snapshot.enabled = false (custom)
2020-11-30 19:45:23,296 [pool-223-thread-1] INFO  impl.RaftServerImpl (ServerState.java:<init>(104)) - ade932d9-a820-4647-aac5-71d70ca86541@group-D1D05E516EF9: ConfigurationManager, init=-1: [ade932d9-a820-4647-aac5-71d70ca86541|rpc:172.17.0.2:39053], old=null, confs=<EMPTY_MAP>
2020-11-30 19:45:23,296 [pool-223-thread-1] INFO  server.RaftServerConfigKeys (ConfUtils.java:logGet(44)) - raft.server.storage.dir = [/github/workspace/mnt/ozone/hadoop-ozone/integration-test/target/test-dir/MiniOzoneClusterImpl-e29a2f86-0e02-4c39-a42b-ca59556809f6/datanode-3/data/ratis] (custom)
2020-11-30 19:45:23,296 [pool-223-thread-1] INFO  server.RaftServerConfigKeys (ConfUtils.java:logGet(44)) - raft.server.log.corruption.policy = EXCEPTION (default)
2020-11-30 19:45:23,296 [pool-223-thread-1] INFO  storage.RaftStorageDirectory (RaftStorageDirectory.java:analyzeStorage(261)) - The storage directory /github/workspace/mnt/ozone/hadoop-ozone/integration-test/target/test-dir/MiniOzoneClusterImpl-e29a2f86-0e02-4c39-a42b-ca59556809f6/datanode-3/data/ratis/3234c648-5abd-48ee-b8f2-d1d05e516ef9 does not exist. Creating ...
2020-11-30 19:45:23,298 [pool-223-thread-1] INFO  storage.RaftStorageDirectory (RaftStorageDirectory.java:tryLock(343)) - Lock on /github/workspace/mnt/ozone/hadoop-ozone/integration-test/target/test-dir/MiniOzoneClusterImpl-e29a2f86-0e02-4c39-a42b-ca59556809f6/datanode-3/data/ratis/3234c648-5abd-48ee-b8f2-d1d05e516ef9/in_use.lock acquired by nodename 20367@2c46048f23a6
2020-11-30 19:45:23,299 [pool-223-thread-1] INFO  storage.RaftStorage (RaftStorage.java:format(85)) - Storage directory /github/workspace/mnt/ozone/hadoop-ozone/integration-test/target/test-dir/MiniOzoneClusterImpl-e29a2f86-0e02-4c39-a42b-ca59556809f6/datanode-3/data/ratis/3234c648-5abd-48ee-b8f2-d1d05e516ef9 has been successfully formatted.
2020-11-30 19:45:23,300 [pool-223-thread-1] INFO  ratis.ContainerStateMachine (ContainerStateMachine.java:loadSnapshot(225)) - group-D1D05E516EF9: The snapshot info is null. Setting the last applied indexto:(t:0, i:~)
2020-11-30 19:45:23,300 [pool-223-thread-1] INFO  server.RaftServerConfigKeys (ConfUtils.java:logGet(44)) - raft.server.notification.no-leader.timeout = 300s (custom)
2020-11-30 19:45:23,300 [pool-223-thread-1] INFO  server.RaftServerConfigKeys (ConfUtils.java:logGet(44)) - raft.server.log.use.memory = false (default)
2020-11-30 19:45:23,300 [pool-223-thread-1] INFO  server.RaftServerConfigKeys (ConfUtils.java:logGet(44)) - raft.server.log.purge.gap = 1000000 (custom)
2020-11-30 19:45:23,301 [pool-223-thread-1] INFO  metrics.RatisMetrics (RatisMetrics.java:lambda$create$0(36)) - Creating Metrics Registry : ratis.log_worker.ade932d9-a820-4647-aac5-71d70ca86541@group-D1D05E516EF9
2020-11-30 19:45:23,301 [EventQueue-PipelineReportForPipelineReportHandler] INFO  pipeline.PipelineStateManager (PipelineStateManager.java:openPipeline(132)) - Pipeline Pipeline[ Id: 3234c648-5abd-48ee-b8f2-d1d05e516ef9, Nodes: ade932d9-a820-4647-aac5-71d70ca86541{ip: 172.17.0.2, host: 2c46048f23a6, networkLocation: /default-rack, certSerialId: null}, Type:RATIS, Factor:ONE, State:ALLOCATED, leaderId:ade932d9-a820-4647-aac5-71d70ca86541, CreationTimestamp2020-11-30T19:45:20.294Z] moved to OPEN state
2020-11-30 19:45:23,301 [pool-223-thread-1] INFO  server.RaftServerConfigKeys (ConfUtils.java:logGet(44)) - raft.server.log.appender.buffer.byte-limit = 33554432 (custom)
2020-11-30 19:45:23,301 [pool-223-thread-1] INFO  server.RaftServerConfigKeys (ConfUtils.java:logGet(44)) - raft.server.log.segment.size.max = 1048576 (custom)
2020-11-30 19:45:23,301 [EventQueue-PipelineReportForOneReplicaPipelineSafeModeRule] INFO  safemode.SCMSafeModeManager (SCMSafeModeManager.java:validateSafeModeExitRules(214)) - AtleastOneDatanodeReportedRule rule is successfully validated
2020-11-30 19:45:23,301 [EventQueue-OpenPipelineForHealthyPipelineSafeModeRule] INFO  safemode.SCMSafeModeManager (HealthyPipelineSafeModeRule.java:process(128)) - SCM in safe mode. Healthy pipelines reported count is 0, required healthy pipeline reported count is 1
2020-11-30 19:45:23,301 [pool-223-thread-1] INFO  server.RaftServerConfigKeys (ConfUtils.java:logGet(44)) - raft.server.log.segment.cache.num.max = 2 (custom)
2020-11-30 19:45:23,302 [pool-223-thread-1] INFO  segmented.SegmentedRaftLogWorker (SegmentedRaftLogWorker.java:<init>(180)) - new ade932d9-a820-4647-aac5-71d70ca86541@group-D1D05E516EF9-SegmentedRaftLogWorker for RaftStorage:Storage Directory /github/workspace/mnt/ozone/hadoop-ozone/integration-test/target/test-dir/MiniOzoneClusterImpl-e29a2f86-0e02-4c39-a42b-ca59556809f6/datanode-3/data/ratis/3234c648-5abd-48ee-b8f2-d1d05e516ef9
2020-11-30 19:45:23,302 [pool-223-thread-1] INFO  server.RaftServerConfigKeys (ConfUtils.java:logGet(44)) - raft.server.log.queue.byte-limit = 2147483647 (custom)
2020-11-30 19:45:23,302 [pool-223-thread-1] INFO  server.RaftServerConfigKeys (ConfUtils.java:logGet(44)) - raft.server.log.queue.element-limit = 1024 (custom)
2020-11-30 19:45:23,302 [pool-223-thread-1] INFO  server.RaftServerConfigKeys (ConfUtils.java:logGet(44)) - raft.server.log.segment.size.max = 1048576 (custom)
2020-11-30 19:45:23,302 [pool-223-thread-1] INFO  server.RaftServerConfigKeys (ConfUtils.java:logGet(44)) - raft.server.log.preallocated.size = 16384 (custom)
2020-11-30 19:45:23,302 [pool-223-thread-1] INFO  server.RaftServerConfigKeys (ConfUtils.java:logGet(44)) - raft.server.log.write.buffer.size = 1048576 (custom)
2020-11-30 19:45:23,302 [pool-223-thread-1] INFO  server.RaftServerConfigKeys (ConfUtils.java:logGet(44)) - raft.server.log.force.sync.num = 128 (default)
2020-11-30 19:45:23,302 [pool-223-thread-1] INFO  server.RaftServerConfigKeys (ConfUtils.java:logGet(44)) - raft.server.log.statemachine.data.sync = true (default)
2020-11-30 19:45:23,302 [pool-223-thread-1] INFO  server.RaftServerConfigKeys (ConfUtils.java:logGet(44)) - raft.server.log.statemachine.data.sync.timeout = 10s (default)
2020-11-30 19:45:23,303 [pool-223-thread-1] INFO  server.RaftServerConfigKeys (ConfUtils.java:logGet(44)) - raft.server.log.statemachine.data.sync.timeout.retry = -1 (default)
2020-11-30 19:45:23,304 [pool-223-thread-1] INFO  server.RaftServerConfigKeys (ConfUtils.java:logGet(44)) - raft.server.log.statemachine.data.caching.enabled = true (custom)
2020-11-30 19:45:23,305 [pool-223-thread-1] INFO  segmented.SegmentedRaftLogWorker (SegmentedRaftLogWorker.java:lambda$new$0(129)) - ade932d9-a820-4647-aac5-71d70ca86541@group-D1D05E516EF9-SegmentedRaftLogWorker: flushIndex: setUnconditionally 0 -> -1
2020-11-30 19:45:23,305 [pool-223-thread-1] INFO  segmented.SegmentedRaftLogWorker (SegmentedRaftLogWorker.java:lambda$new$0(129)) - ade932d9-a820-4647-aac5-71d70ca86541@group-D1D05E516EF9-SegmentedRaftLogWorker: safeCacheEvictIndex: setUnconditionally 0 -> -1
2020-11-30 19:45:23,305 [pool-223-thread-1] INFO  server.RaftServerConfigKeys (ConfUtils.java:logGet(44)) - raft.server.snapshot.auto.trigger.enabled = true (custom)
2020-11-30 19:45:23,305 [pool-223-thread-1] INFO  server.RaftServerConfigKeys (ConfUtils.java:logGet(44)) - raft.server.snapshot.auto.trigger.threshold = 10000 (custom)
2020-11-30 19:45:23,305 [pool-223-thread-1] INFO  server.RaftServerConfigKeys (ConfUtils.java:logGet(44)) - raft.server.snapshot.retention.file.num = 5 (custom)
2020-11-30 19:45:23,305 [pool-223-thread-1] INFO  server.RaftServerConfigKeys (ConfUtils.java:logGet(44)) - raft.server.log.purge.upto.snapshot.index = false (default)
2020-11-30 19:45:23,305 [pool-223-thread-1] INFO  server.RaftServerConfigKeys (ConfUtils.java:logGet(44)) - raft.server.retrycache.expirytime = 600000ms (custom)
2020-11-30 19:45:23,305 [pool-223-thread-1] INFO  metrics.RatisMetrics (RatisMetrics.java:lambda$create$0(36)) - Creating Metrics Registry : ratis.leader_election.ade932d9-a820-4647-aac5-71d70ca86541@group-D1D05E516EF9
2020-11-30 19:45:23,306 [pool-223-thread-1] INFO  metrics.RatisMetrics (RatisMetrics.java:lambda$create$0(36)) - Creating Metrics Registry : ratis.server.ade932d9-a820-4647-aac5-71d70ca86541@group-D1D05E516EF9
2020-11-30 19:45:23,307 [pool-223-thread-1] INFO  impl.RaftServerImpl (RaftServerImpl.java:start(215)) - ade932d9-a820-4647-aac5-71d70ca86541@group-D1D05E516EF9: start as a follower, conf=-1: [ade932d9-a820-4647-aac5-71d70ca86541|rpc:172.17.0.2:39053], old=null
2020-11-30 19:45:23,307 [pool-223-thread-1] INFO  impl.RaftServerImpl (RaftServerImpl.java:setRole(204)) - ade932d9-a820-4647-aac5-71d70ca86541@group-D1D05E516EF9: changes role from      null to FOLLOWER at term 0 for startAsFollower
2020-11-30 19:45:23,307 [pool-223-thread-1] INFO  impl.RoleInfo (RoleInfo.java:updateAndGet(143)) - ade932d9-a820-4647-aac5-71d70ca86541: start ade932d9-a820-4647-aac5-71d70ca86541@group-D1D05E516EF9-FollowerState
2020-11-30 19:45:23,307 [pool-223-thread-1] INFO  util.JmxRegister (JmxRegister.java:tryRegister(44)) - Successfully registered JMX Bean with object name Ratis:service=RaftServer,group=group-D1D05E516EF9,id=ade932d9-a820-4647-aac5-71d70ca86541
2020-11-30 19:45:23,308 [pool-223-thread-1] INFO  metrics.RatisMetrics (RatisMetrics.java:lambda$create$0(36)) - Creating Metrics Registry : ratis.state_machine.ade932d9-a820-4647-aac5-71d70ca86541@group-D1D05E516EF9
2020-11-30 19:45:23,308 [Command processor thread] INFO  commandhandler.CreatePipelineCommandHandler (CreatePipelineCommandHandler.java:handle(106)) - Created Pipeline RATIS ONE PipelineID=3234c648-5abd-48ee-b8f2-d1d05e516ef9.
2020-11-30 19:45:23,309 [Command processor thread] INFO  impl.RaftServerProxy (RaftServerProxy.java:addNew(93)) - ade932d9-a820-4647-aac5-71d70ca86541: addNew group-F5BD7DFE9F34:[ade932d9-a820-4647-aac5-71d70ca86541|rpc:172.17.0.2:39053, 8c573d92-c9cf-477f-8aa0-4f15145726d2|rpc:172.17.0.2:43725, 62b863f3-593a-4903-871b-b217a8ac38c6|rpc:172.17.0.2:43681] returns group-F5BD7DFE9F34:java.util.concurrent.CompletableFuture@26ec7f78[Not completed]
2020-11-30 19:45:23,309 [pool-223-thread-1] INFO  impl.RaftServerImpl (RaftServerImpl.java:<init>(121)) - ade932d9-a820-4647-aac5-71d70ca86541: new RaftServerImpl for group-F5BD7DFE9F34:[ade932d9-a820-4647-aac5-71d70ca86541|rpc:172.17.0.2:39053, 8c573d92-c9cf-477f-8aa0-4f15145726d2|rpc:172.17.0.2:43725, 62b863f3-593a-4903-871b-b217a8ac38c6|rpc:172.17.0.2:43681] with ContainerStateMachine:uninitialized
2020-11-30 19:45:23,309 [pool-223-thread-1] INFO  server.RaftServerConfigKeys (ConfUtils.java:logGet(44)) - raft.server.rpc.timeout.min = 5s (custom)
2020-11-30 19:45:23,309 [pool-223-thread-1] INFO  server.RaftServerConfigKeys (ConfUtils.java:logGet(44)) - raft.server.rpc.timeout.max = 5200ms (custom)
2020-11-30 19:45:23,310 [pool-223-thread-1] INFO  server.RaftServerConfigKeys (ConfUtils.java:logGet(44)) - raft.server.rpc.slowness.timeout = 300s (custom)
2020-11-30 19:45:23,310 [pool-223-thread-1] INFO  server.RaftServerConfigKeys (ConfUtils.java:logGet(44)) - raft.server.leaderelection.leader.step-down.wait-time = 10s (default)
2020-11-30 19:45:23,310 [pool-223-thread-1] INFO  server.RaftServerConfigKeys (ConfUtils.java:logGet(44)) - raft.server.sleep.deviation.threshold = 300 (default)
2020-11-30 19:45:23,310 [pool-223-thread-1] INFO  server.RaftServerConfigKeys (ConfUtils.java:logGet(44)) - raft.server.log.appender.install.snapshot.enabled = false (custom)
2020-11-30 19:45:23,310 [pool-223-thread-1] INFO  impl.RaftServerImpl (ServerState.java:<init>(104)) - ade932d9-a820-4647-aac5-71d70ca86541@group-F5BD7DFE9F34: ConfigurationManager, init=-1: [ade932d9-a820-4647-aac5-71d70ca86541|rpc:172.17.0.2:39053, 8c573d92-c9cf-477f-8aa0-4f15145726d2|rpc:172.17.0.2:43725, 62b863f3-593a-4903-871b-b217a8ac38c6|rpc:172.17.0.2:43681], old=null, confs=<EMPTY_MAP>
2020-11-30 19:45:23,310 [pool-223-thread-1] INFO  server.RaftServerConfigKeys (ConfUtils.java:logGet(44)) - raft.server.storage.dir = [/github/workspace/mnt/ozone/hadoop-ozone/integration-test/target/test-dir/MiniOzoneClusterImpl-e29a2f86-0e02-4c39-a42b-ca59556809f6/datanode-3/data/ratis] (custom)
2020-11-30 19:45:23,310 [pool-223-thread-1] INFO  server.RaftServerConfigKeys (ConfUtils.java:logGet(44)) - raft.server.log.corruption.policy = EXCEPTION (default)
2020-11-30 19:45:23,310 [pool-223-thread-1] INFO  storage.RaftStorageDirectory (RaftStorageDirectory.java:analyzeStorage(261)) - The storage directory /github/workspace/mnt/ozone/hadoop-ozone/integration-test/target/test-dir/MiniOzoneClusterImpl-e29a2f86-0e02-4c39-a42b-ca59556809f6/datanode-3/data/ratis/13782f0c-139c-45d5-a327-f5bd7dfe9f34 does not exist. Creating ...
2020-11-30 19:45:23,311 [pool-223-thread-1] INFO  storage.RaftStorageDirectory (RaftStorageDirectory.java:tryLock(343)) - Lock on /github/workspace/mnt/ozone/hadoop-ozone/integration-test/target/test-dir/MiniOzoneClusterImpl-e29a2f86-0e02-4c39-a42b-ca59556809f6/datanode-3/data/ratis/13782f0c-139c-45d5-a327-f5bd7dfe9f34/in_use.lock acquired by nodename 20367@2c46048f23a6
2020-11-30 19:45:23,312 [pool-223-thread-1] INFO  storage.RaftStorage (RaftStorage.java:format(85)) - Storage directory /github/workspace/mnt/ozone/hadoop-ozone/integration-test/target/test-dir/MiniOzoneClusterImpl-e29a2f86-0e02-4c39-a42b-ca59556809f6/datanode-3/data/ratis/13782f0c-139c-45d5-a327-f5bd7dfe9f34 has been successfully formatted.
2020-11-30 19:45:23,312 [pool-223-thread-1] INFO  ratis.ContainerStateMachine (ContainerStateMachine.java:loadSnapshot(225)) - group-F5BD7DFE9F34: The snapshot info is null. Setting the last applied indexto:(t:0, i:~)
2020-11-30 19:45:23,312 [pool-223-thread-1] INFO  server.RaftServerConfigKeys (ConfUtils.java:logGet(44)) - raft.server.notification.no-leader.timeout = 300s (custom)
2020-11-30 19:45:23,312 [pool-223-thread-1] INFO  server.RaftServerConfigKeys (ConfUtils.java:logGet(44)) - raft.server.log.use.memory = false (default)
2020-11-30 19:45:23,312 [pool-223-thread-1] INFO  server.RaftServerConfigKeys (ConfUtils.java:logGet(44)) - raft.server.log.purge.gap = 1000000 (custom)
2020-11-30 19:45:23,313 [pool-223-thread-1] INFO  metrics.RatisMetrics (RatisMetrics.java:lambda$create$0(36)) - Creating Metrics Registry : ratis.log_worker.ade932d9-a820-4647-aac5-71d70ca86541@group-F5BD7DFE9F34
2020-11-30 19:45:23,313 [pool-223-thread-1] INFO  server.RaftServerConfigKeys (ConfUtils.java:logGet(44)) - raft.server.log.appender.buffer.byte-limit = 33554432 (custom)
2020-11-30 19:45:23,313 [pool-223-thread-1] INFO  server.RaftServerConfigKeys (ConfUtils.java:logGet(44)) - raft.server.log.segment.size.max = 1048576 (custom)
2020-11-30 19:45:23,313 [EventQueue-PipelineReportForOneReplicaPipelineSafeModeRule] INFO  safemode.SCMSafeModeManager (SCMSafeModeManager.java:validateSafeModeExitRules(214)) - AtleastOneDatanodeReportedRule rule is successfully validated
2020-11-30 19:45:23,313 [EventQueue-OpenPipelineForHealthyPipelineSafeModeRule] INFO  safemode.SCMSafeModeManager (HealthyPipelineSafeModeRule.java:process(128)) - SCM in safe mode. Healthy pipelines reported count is 0, required healthy pipeline reported count is 1
2020-11-30 19:45:23,313 [pool-223-thread-1] INFO  server.RaftServerConfigKeys (ConfUtils.java:logGet(44)) - raft.server.log.segment.cache.num.max = 2 (custom)
2020-11-30 19:45:23,313 [pool-223-thread-1] INFO  segmented.SegmentedRaftLogWorker (SegmentedRaftLogWorker.java:<init>(180)) - new ade932d9-a820-4647-aac5-71d70ca86541@group-F5BD7DFE9F34-SegmentedRaftLogWorker for RaftStorage:Storage Directory /github/workspace/mnt/ozone/hadoop-ozone/integration-test/target/test-dir/MiniOzoneClusterImpl-e29a2f86-0e02-4c39-a42b-ca59556809f6/datanode-3/data/ratis/13782f0c-139c-45d5-a327-f5bd7dfe9f34
2020-11-30 19:45:23,313 [pool-223-thread-1] INFO  server.RaftServerConfigKeys (ConfUtils.java:logGet(44)) - raft.server.log.queue.byte-limit = 2147483647 (custom)
2020-11-30 19:45:23,314 [pool-223-thread-1] INFO  server.RaftServerConfigKeys (ConfUtils.java:logGet(44)) - raft.server.log.queue.element-limit = 1024 (custom)
2020-11-30 19:45:23,314 [pool-223-thread-1] INFO  server.RaftServerConfigKeys (ConfUtils.java:logGet(44)) - raft.server.log.segment.size.max = 1048576 (custom)
2020-11-30 19:45:23,314 [pool-223-thread-1] INFO  server.RaftServerConfigKeys (ConfUtils.java:logGet(44)) - raft.server.log.preallocated.size = 16384 (custom)
2020-11-30 19:45:23,314 [pool-223-thread-1] INFO  server.RaftServerConfigKeys (ConfUtils.java:logGet(44)) - raft.server.log.write.buffer.size = 1048576 (custom)
2020-11-30 19:45:23,314 [pool-223-thread-1] INFO  server.RaftServerConfigKeys (ConfUtils.java:logGet(44)) - raft.server.log.force.sync.num = 128 (default)
2020-11-30 19:45:23,314 [pool-223-thread-1] INFO  server.RaftServerConfigKeys (ConfUtils.java:logGet(44)) - raft.server.log.statemachine.data.sync = true (default)
2020-11-30 19:45:23,314 [pool-223-thread-1] INFO  server.RaftServerConfigKeys (ConfUtils.java:logGet(44)) - raft.server.log.statemachine.data.sync.timeout = 10s (default)
2020-11-30 19:45:23,314 [pool-223-thread-1] INFO  server.RaftServerConfigKeys (ConfUtils.java:logGet(44)) - raft.server.log.statemachine.data.sync.timeout.retry = -1 (default)
2020-11-30 19:45:23,316 [pool-223-thread-1] INFO  server.RaftServerConfigKeys (ConfUtils.java:logGet(44)) - raft.server.log.statemachine.data.caching.enabled = true (custom)
2020-11-30 19:45:23,316 [pool-223-thread-1] INFO  segmented.SegmentedRaftLogWorker (SegmentedRaftLogWorker.java:lambda$new$0(129)) - ade932d9-a820-4647-aac5-71d70ca86541@group-F5BD7DFE9F34-SegmentedRaftLogWorker: flushIndex: setUnconditionally 0 -> -1
2020-11-30 19:45:23,316 [pool-223-thread-1] INFO  segmented.SegmentedRaftLogWorker (SegmentedRaftLogWorker.java:lambda$new$0(129)) - ade932d9-a820-4647-aac5-71d70ca86541@group-F5BD7DFE9F34-SegmentedRaftLogWorker: safeCacheEvictIndex: setUnconditionally 0 -> -1
2020-11-30 19:45:23,316 [pool-223-thread-1] INFO  server.RaftServerConfigKeys (ConfUtils.java:logGet(44)) - raft.server.snapshot.auto.trigger.enabled = true (custom)
2020-11-30 19:45:23,316 [pool-223-thread-1] INFO  server.RaftServerConfigKeys (ConfUtils.java:logGet(44)) - raft.server.snapshot.auto.trigger.threshold = 10000 (custom)
2020-11-30 19:45:23,317 [pool-223-thread-1] INFO  server.RaftServerConfigKeys (ConfUtils.java:logGet(44)) - raft.server.snapshot.retention.file.num = 5 (custom)
2020-11-30 19:45:23,317 [pool-223-thread-1] INFO  server.RaftServerConfigKeys (ConfUtils.java:logGet(44)) - raft.server.log.purge.upto.snapshot.index = false (default)
2020-11-30 19:45:23,317 [pool-223-thread-1] INFO  server.RaftServerConfigKeys (ConfUtils.java:logGet(44)) - raft.server.retrycache.expirytime = 600000ms (custom)
2020-11-30 19:45:23,317 [pool-223-thread-1] INFO  metrics.RatisMetrics (RatisMetrics.java:lambda$create$0(36)) - Creating Metrics Registry : ratis.leader_election.ade932d9-a820-4647-aac5-71d70ca86541@group-F5BD7DFE9F34
2020-11-30 19:45:23,317 [pool-223-thread-1] INFO  metrics.RatisMetrics (RatisMetrics.java:lambda$create$0(36)) - Creating Metrics Registry : ratis.server.ade932d9-a820-4647-aac5-71d70ca86541@group-F5BD7DFE9F34
2020-11-30 19:45:23,318 [pool-223-thread-1] INFO  impl.RaftServerImpl (RaftServerImpl.java:start(215)) - ade932d9-a820-4647-aac5-71d70ca86541@group-F5BD7DFE9F34: start as a follower, conf=-1: [ade932d9-a820-4647-aac5-71d70ca86541|rpc:172.17.0.2:39053, 8c573d92-c9cf-477f-8aa0-4f15145726d2|rpc:172.17.0.2:43725, 62b863f3-593a-4903-871b-b217a8ac38c6|rpc:172.17.0.2:43681], old=null
2020-11-30 19:45:23,318 [pool-223-thread-1] INFO  impl.RaftServerImpl (RaftServerImpl.java:setRole(204)) - ade932d9-a820-4647-aac5-71d70ca86541@group-F5BD7DFE9F34: changes role from      null to FOLLOWER at term 0 for startAsFollower
2020-11-30 19:45:23,319 [pool-223-thread-1] INFO  impl.RoleInfo (RoleInfo.java:updateAndGet(143)) - ade932d9-a820-4647-aac5-71d70ca86541: start ade932d9-a820-4647-aac5-71d70ca86541@group-F5BD7DFE9F34-FollowerState
2020-11-30 19:45:23,319 [pool-223-thread-1] INFO  util.JmxRegister (JmxRegister.java:tryRegister(44)) - Successfully registered JMX Bean with object name Ratis:service=RaftServer,group=group-F5BD7DFE9F34,id=ade932d9-a820-4647-aac5-71d70ca86541
2020-11-30 19:45:23,319 [pool-223-thread-1] INFO  metrics.RatisMetrics (RatisMetrics.java:lambda$create$0(36)) - Creating Metrics Registry : ratis.state_machine.ade932d9-a820-4647-aac5-71d70ca86541@group-F5BD7DFE9F34
2020-11-30 19:45:23,320 [Command processor thread] INFO  metrics.RatisMetrics (RatisMetrics.java:lambda$create$0(36)) - Creating Metrics Registry : ratis.client_message_metrics.client-3D928286AC3F->62b863f3-593a-4903-871b-b217a8ac38c6
2020-11-30 19:45:23,326 [grpc-default-executor-0] INFO  metrics.RatisMetrics (RatisMetrics.java:lambda$create$0(36)) - Creating Metrics Registry : ratis.server_message_metrics.62b863f3-593a-4903-871b-b217a8ac38c6
2020-11-30 19:45:23,328 [grpc-default-executor-0] INFO  impl.RaftServerProxy (RaftServerProxy.java:addNew(93)) - 62b863f3-593a-4903-871b-b217a8ac38c6: addNew group-F5BD7DFE9F34:[ade932d9-a820-4647-aac5-71d70ca86541|rpc:172.17.0.2:39053|dataStream:, 8c573d92-c9cf-477f-8aa0-4f15145726d2|rpc:172.17.0.2:43725|dataStream:, 62b863f3-593a-4903-871b-b217a8ac38c6|rpc:172.17.0.2:43681|dataStream:] returns group-F5BD7DFE9F34:java.util.concurrent.CompletableFuture@52e1d0f9[Not completed]
2020-11-30 19:45:23,329 [pool-255-thread-1] INFO  impl.RaftServerImpl (RaftServerImpl.java:<init>(121)) - 62b863f3-593a-4903-871b-b217a8ac38c6: new RaftServerImpl for group-F5BD7DFE9F34:[ade932d9-a820-4647-aac5-71d70ca86541|rpc:172.17.0.2:39053|dataStream:, 8c573d92-c9cf-477f-8aa0-4f15145726d2|rpc:172.17.0.2:43725|dataStream:, 62b863f3-593a-4903-871b-b217a8ac38c6|rpc:172.17.0.2:43681|dataStream:] with ContainerStateMachine:uninitialized
2020-11-30 19:45:23,329 [pool-255-thread-1] INFO  server.RaftServerConfigKeys (ConfUtils.java:logGet(44)) - raft.server.rpc.timeout.min = 5s (custom)
2020-11-30 19:45:23,329 [pool-255-thread-1] INFO  server.RaftServerConfigKeys (ConfUtils.java:logGet(44)) - raft.server.rpc.timeout.max = 5200ms (custom)
2020-11-30 19:45:23,329 [pool-255-thread-1] INFO  server.RaftServerConfigKeys (ConfUtils.java:logGet(44)) - raft.server.rpc.slowness.timeout = 300s (custom)
2020-11-30 19:45:23,329 [pool-255-thread-1] INFO  server.RaftServerConfigKeys (ConfUtils.java:logGet(44)) - raft.server.leaderelection.leader.step-down.wait-time = 10s (default)
2020-11-30 19:45:23,329 [pool-255-thread-1] INFO  server.RaftServerConfigKeys (ConfUtils.java:logGet(44)) - raft.server.sleep.deviation.threshold = 300 (default)
2020-11-30 19:45:23,329 [pool-255-thread-1] INFO  server.RaftServerConfigKeys (ConfUtils.java:logGet(44)) - raft.server.log.appender.install.snapshot.enabled = false (custom)
2020-11-30 19:45:23,330 [pool-255-thread-1] INFO  impl.RaftServerImpl (ServerState.java:<init>(104)) - 62b863f3-593a-4903-871b-b217a8ac38c6@group-F5BD7DFE9F34: ConfigurationManager, init=-1: [ade932d9-a820-4647-aac5-71d70ca86541|rpc:172.17.0.2:39053|dataStream:, 8c573d92-c9cf-477f-8aa0-4f15145726d2|rpc:172.17.0.2:43725|dataStream:, 62b863f3-593a-4903-871b-b217a8ac38c6|rpc:172.17.0.2:43681|dataStream:], old=null, confs=<EMPTY_MAP>
2020-11-30 19:45:23,330 [pool-255-thread-1] INFO  server.RaftServerConfigKeys (ConfUtils.java:logGet(44)) - raft.server.storage.dir = [/github/workspace/mnt/ozone/hadoop-ozone/integration-test/target/test-dir/MiniOzoneClusterImpl-e29a2f86-0e02-4c39-a42b-ca59556809f6/datanode-5/data/ratis] (custom)
2020-11-30 19:45:23,330 [pool-255-thread-1] INFO  server.RaftServerConfigKeys (ConfUtils.java:logGet(44)) - raft.server.log.corruption.policy = EXCEPTION (default)
2020-11-30 19:45:23,330 [pool-255-thread-1] INFO  storage.RaftStorageDirectory (RaftStorageDirectory.java:analyzeStorage(261)) - The storage directory /github/workspace/mnt/ozone/hadoop-ozone/integration-test/target/test-dir/MiniOzoneClusterImpl-e29a2f86-0e02-4c39-a42b-ca59556809f6/datanode-5/data/ratis/13782f0c-139c-45d5-a327-f5bd7dfe9f34 does not exist. Creating ...
2020-11-30 19:45:23,331 [pool-255-thread-1] INFO  storage.RaftStorageDirectory (RaftStorageDirectory.java:tryLock(343)) - Lock on /github/workspace/mnt/ozone/hadoop-ozone/integration-test/target/test-dir/MiniOzoneClusterImpl-e29a2f86-0e02-4c39-a42b-ca59556809f6/datanode-5/data/ratis/13782f0c-139c-45d5-a327-f5bd7dfe9f34/in_use.lock acquired by nodename 20367@2c46048f23a6
2020-11-30 19:45:23,332 [pool-255-thread-1] INFO  storage.RaftStorage (RaftStorage.java:format(85)) - Storage directory /github/workspace/mnt/ozone/hadoop-ozone/integration-test/target/test-dir/MiniOzoneClusterImpl-e29a2f86-0e02-4c39-a42b-ca59556809f6/datanode-5/data/ratis/13782f0c-139c-45d5-a327-f5bd7dfe9f34 has been successfully formatted.
2020-11-30 19:45:23,338 [pool-255-thread-1] INFO  ratis.ContainerStateMachine (ContainerStateMachine.java:loadSnapshot(225)) - group-F5BD7DFE9F34: The snapshot info is null. Setting the last applied indexto:(t:0, i:~)
2020-11-30 19:45:23,339 [pool-255-thread-1] INFO  server.RaftServerConfigKeys (ConfUtils.java:logGet(44)) - raft.server.notification.no-leader.timeout = 300s (custom)
2020-11-30 19:45:23,339 [pool-255-thread-1] INFO  server.RaftServerConfigKeys (ConfUtils.java:logGet(44)) - raft.server.log.use.memory = false (default)
2020-11-30 19:45:23,339 [EventQueue-PipelineReportForOneReplicaPipelineSafeModeRule] INFO  safemode.SCMSafeModeManager (SCMSafeModeManager.java:validateSafeModeExitRules(214)) - AtleastOneDatanodeReportedRule rule is successfully validated
2020-11-30 19:45:23,339 [pool-255-thread-1] INFO  server.RaftServerConfigKeys (ConfUtils.java:logGet(44)) - raft.server.log.purge.gap = 1000000 (custom)
2020-11-30 19:45:23,340 [pool-255-thread-1] INFO  metrics.RatisMetrics (RatisMetrics.java:lambda$create$0(36)) - Creating Metrics Registry : ratis.log_worker.62b863f3-593a-4903-871b-b217a8ac38c6@group-F5BD7DFE9F34
2020-11-30 19:45:23,340 [pool-255-thread-1] INFO  server.RaftServerConfigKeys (ConfUtils.java:logGet(44)) - raft.server.log.appender.buffer.byte-limit = 33554432 (custom)
2020-11-30 19:45:23,340 [pool-255-thread-1] INFO  server.RaftServerConfigKeys (ConfUtils.java:logGet(44)) - raft.server.log.segment.size.max = 1048576 (custom)
2020-11-30 19:45:23,341 [pool-255-thread-1] INFO  server.RaftServerConfigKeys (ConfUtils.java:logGet(44)) - raft.server.log.segment.cache.num.max = 2 (custom)
2020-11-30 19:45:23,341 [pool-255-thread-1] INFO  segmented.SegmentedRaftLogWorker (SegmentedRaftLogWorker.java:<init>(180)) - new 62b863f3-593a-4903-871b-b217a8ac38c6@group-F5BD7DFE9F34-SegmentedRaftLogWorker for RaftStorage:Storage Directory /github/workspace/mnt/ozone/hadoop-ozone/integration-test/target/test-dir/MiniOzoneClusterImpl-e29a2f86-0e02-4c39-a42b-ca59556809f6/datanode-5/data/ratis/13782f0c-139c-45d5-a327-f5bd7dfe9f34
2020-11-30 19:45:23,341 [pool-255-thread-1] INFO  server.RaftServerConfigKeys (ConfUtils.java:logGet(44)) - raft.server.log.queue.byte-limit = 2147483647 (custom)
2020-11-30 19:45:23,341 [pool-255-thread-1] INFO  server.RaftServerConfigKeys (ConfUtils.java:logGet(44)) - raft.server.log.queue.element-limit = 1024 (custom)
2020-11-30 19:45:23,341 [pool-255-thread-1] INFO  server.RaftServerConfigKeys (ConfUtils.java:logGet(44)) - raft.server.log.segment.size.max = 1048576 (custom)
2020-11-30 19:45:23,341 [pool-255-thread-1] INFO  server.RaftServerConfigKeys (ConfUtils.java:logGet(44)) - raft.server.log.preallocated.size = 16384 (custom)
2020-11-30 19:45:23,342 [pool-255-thread-1] INFO  server.RaftServerConfigKeys (ConfUtils.java:logGet(44)) - raft.server.log.write.buffer.size = 1048576 (custom)
2020-11-30 19:45:23,342 [pool-255-thread-1] INFO  server.RaftServerConfigKeys (ConfUtils.java:logGet(44)) - raft.server.log.force.sync.num = 128 (default)
2020-11-30 19:45:23,342 [pool-255-thread-1] INFO  server.RaftServerConfigKeys (ConfUtils.java:logGet(44)) - raft.server.log.statemachine.data.sync = true (default)
2020-11-30 19:45:23,342 [pool-255-thread-1] INFO  server.RaftServerConfigKeys (ConfUtils.java:logGet(44)) - raft.server.log.statemachine.data.sync.timeout = 10s (default)
2020-11-30 19:45:23,342 [pool-255-thread-1] INFO  server.RaftServerConfigKeys (ConfUtils.java:logGet(44)) - raft.server.log.statemachine.data.sync.timeout.retry = -1 (default)
2020-11-30 19:45:23,343 [pool-255-thread-1] INFO  server.RaftServerConfigKeys (ConfUtils.java:logGet(44)) - raft.server.log.statemachine.data.caching.enabled = true (custom)
2020-11-30 19:45:23,344 [pool-255-thread-1] INFO  segmented.SegmentedRaftLogWorker (SegmentedRaftLogWorker.java:lambda$new$0(129)) - 62b863f3-593a-4903-871b-b217a8ac38c6@group-F5BD7DFE9F34-SegmentedRaftLogWorker: flushIndex: setUnconditionally 0 -> -1
2020-11-30 19:45:23,344 [pool-255-thread-1] INFO  segmented.SegmentedRaftLogWorker (SegmentedRaftLogWorker.java:lambda$new$0(129)) - 62b863f3-593a-4903-871b-b217a8ac38c6@group-F5BD7DFE9F34-SegmentedRaftLogWorker: safeCacheEvictIndex: setUnconditionally 0 -> -1
2020-11-30 19:45:23,344 [pool-255-thread-1] INFO  server.RaftServerConfigKeys (ConfUtils.java:logGet(44)) - raft.server.snapshot.auto.trigger.enabled = true (custom)
2020-11-30 19:45:23,344 [pool-255-thread-1] INFO  server.RaftServerConfigKeys (ConfUtils.java:logGet(44)) - raft.server.snapshot.auto.trigger.threshold = 10000 (custom)
2020-11-30 19:45:23,344 [pool-255-thread-1] INFO  server.RaftServerConfigKeys (ConfUtils.java:logGet(44)) - raft.server.snapshot.retention.file.num = 5 (custom)
2020-11-30 19:45:23,344 [pool-255-thread-1] INFO  server.RaftServerConfigKeys (ConfUtils.java:logGet(44)) - raft.server.log.purge.upto.snapshot.index = false (default)
2020-11-30 19:45:23,344 [pool-255-thread-1] INFO  server.RaftServerConfigKeys (ConfUtils.java:logGet(44)) - raft.server.retrycache.expirytime = 600000ms (custom)
2020-11-30 19:45:23,344 [pool-255-thread-1] INFO  metrics.RatisMetrics (RatisMetrics.java:lambda$create$0(36)) - Creating Metrics Registry : ratis.leader_election.62b863f3-593a-4903-871b-b217a8ac38c6@group-F5BD7DFE9F34
2020-11-30 19:45:23,345 [pool-255-thread-1] INFO  metrics.RatisMetrics (RatisMetrics.java:lambda$create$0(36)) - Creating Metrics Registry : ratis.server.62b863f3-593a-4903-871b-b217a8ac38c6@group-F5BD7DFE9F34
2020-11-30 19:45:23,346 [pool-255-thread-1] INFO  impl.RaftServerImpl (RaftServerImpl.java:start(215)) - 62b863f3-593a-4903-871b-b217a8ac38c6@group-F5BD7DFE9F34: start as a follower, conf=-1: [ade932d9-a820-4647-aac5-71d70ca86541|rpc:172.17.0.2:39053|dataStream:, 8c573d92-c9cf-477f-8aa0-4f15145726d2|rpc:172.17.0.2:43725|dataStream:, 62b863f3-593a-4903-871b-b217a8ac38c6|rpc:172.17.0.2:43681|dataStream:], old=null
2020-11-30 19:45:23,346 [pool-255-thread-1] INFO  impl.RaftServerImpl (RaftServerImpl.java:setRole(204)) - 62b863f3-593a-4903-871b-b217a8ac38c6@group-F5BD7DFE9F34: changes role from      null to FOLLOWER at term 0 for startAsFollower
2020-11-30 19:45:23,346 [pool-255-thread-1] INFO  impl.RoleInfo (RoleInfo.java:updateAndGet(143)) - 62b863f3-593a-4903-871b-b217a8ac38c6: start 62b863f3-593a-4903-871b-b217a8ac38c6@group-F5BD7DFE9F34-FollowerState
2020-11-30 19:45:23,347 [pool-255-thread-1] INFO  util.JmxRegister (JmxRegister.java:tryRegister(44)) - Successfully registered JMX Bean with object name Ratis:service=RaftServer,group=group-F5BD7DFE9F34,id=62b863f3-593a-4903-871b-b217a8ac38c6
2020-11-30 19:45:23,347 [pool-255-thread-1] INFO  metrics.RatisMetrics (RatisMetrics.java:lambda$create$0(36)) - Creating Metrics Registry : ratis.state_machine.62b863f3-593a-4903-871b-b217a8ac38c6@group-F5BD7DFE9F34
2020-11-30 19:45:23,360 [Command processor thread] INFO  metrics.RatisMetrics (RatisMetrics.java:lambda$create$0(36)) - Creating Metrics Registry : ratis.client_message_metrics.client-1E45739C46ED->8c573d92-c9cf-477f-8aa0-4f15145726d2
2020-11-30 19:45:23,365 [grpc-default-executor-0] INFO  metrics.RatisMetrics (RatisMetrics.java:lambda$create$0(36)) - Creating Metrics Registry : ratis.server_message_metrics.8c573d92-c9cf-477f-8aa0-4f15145726d2
2020-11-30 19:45:23,367 [grpc-default-executor-0] INFO  impl.RaftServerProxy (RaftServerProxy.java:addNew(93)) - 8c573d92-c9cf-477f-8aa0-4f15145726d2: addNew group-F5BD7DFE9F34:[ade932d9-a820-4647-aac5-71d70ca86541|rpc:172.17.0.2:39053|dataStream:, 8c573d92-c9cf-477f-8aa0-4f15145726d2|rpc:172.17.0.2:43725|dataStream:, 62b863f3-593a-4903-871b-b217a8ac38c6|rpc:172.17.0.2:43681|dataStream:] returns group-F5BD7DFE9F34:java.util.concurrent.CompletableFuture@218d46d0[Not completed]
2020-11-30 19:45:23,372 [pool-239-thread-1] INFO  impl.RaftServerImpl (RaftServerImpl.java:<init>(121)) - 8c573d92-c9cf-477f-8aa0-4f15145726d2: new RaftServerImpl for group-F5BD7DFE9F34:[ade932d9-a820-4647-aac5-71d70ca86541|rpc:172.17.0.2:39053|dataStream:, 8c573d92-c9cf-477f-8aa0-4f15145726d2|rpc:172.17.0.2:43725|dataStream:, 62b863f3-593a-4903-871b-b217a8ac38c6|rpc:172.17.0.2:43681|dataStream:] with ContainerStateMachine:uninitialized
2020-11-30 19:45:23,372 [pool-239-thread-1] INFO  server.RaftServerConfigKeys (ConfUtils.java:logGet(44)) - raft.server.rpc.timeout.min = 5s (custom)
2020-11-30 19:45:23,372 [pool-239-thread-1] INFO  server.RaftServerConfigKeys (ConfUtils.java:logGet(44)) - raft.server.rpc.timeout.max = 5200ms (custom)
2020-11-30 19:45:23,372 [pool-239-thread-1] INFO  server.RaftServerConfigKeys (ConfUtils.java:logGet(44)) - raft.server.rpc.slowness.timeout = 300s (custom)
2020-11-30 19:45:23,372 [pool-239-thread-1] INFO  server.RaftServerConfigKeys (ConfUtils.java:logGet(44)) - raft.server.leaderelection.leader.step-down.wait-time = 10s (default)
2020-11-30 19:45:23,372 [pool-239-thread-1] INFO  server.RaftServerConfigKeys (ConfUtils.java:logGet(44)) - raft.server.sleep.deviation.threshold = 300 (default)
2020-11-30 19:45:23,372 [pool-239-thread-1] INFO  server.RaftServerConfigKeys (ConfUtils.java:logGet(44)) - raft.server.log.appender.install.snapshot.enabled = false (custom)
2020-11-30 19:45:23,372 [pool-239-thread-1] INFO  impl.RaftServerImpl (ServerState.java:<init>(104)) - 8c573d92-c9cf-477f-8aa0-4f15145726d2@group-F5BD7DFE9F34: ConfigurationManager, init=-1: [ade932d9-a820-4647-aac5-71d70ca86541|rpc:172.17.0.2:39053|dataStream:, 8c573d92-c9cf-477f-8aa0-4f15145726d2|rpc:172.17.0.2:43725|dataStream:, 62b863f3-593a-4903-871b-b217a8ac38c6|rpc:172.17.0.2:43681|dataStream:], old=null, confs=<EMPTY_MAP>
2020-11-30 19:45:23,373 [pool-239-thread-1] INFO  server.RaftServerConfigKeys (ConfUtils.java:logGet(44)) - raft.server.storage.dir = [/github/workspace/mnt/ozone/hadoop-ozone/integration-test/target/test-dir/MiniOzoneClusterImpl-e29a2f86-0e02-4c39-a42b-ca59556809f6/datanode-4/data/ratis] (custom)
2020-11-30 19:45:23,373 [pool-239-thread-1] INFO  server.RaftServerConfigKeys (ConfUtils.java:logGet(44)) - raft.server.log.corruption.policy = EXCEPTION (default)
2020-11-30 19:45:23,373 [pool-239-thread-1] INFO  storage.RaftStorageDirectory (RaftStorageDirectory.java:analyzeStorage(261)) - The storage directory /github/workspace/mnt/ozone/hadoop-ozone/integration-test/target/test-dir/MiniOzoneClusterImpl-e29a2f86-0e02-4c39-a42b-ca59556809f6/datanode-4/data/ratis/13782f0c-139c-45d5-a327-f5bd7dfe9f34 does not exist. Creating ...
2020-11-30 19:45:23,375 [pool-239-thread-1] INFO  storage.RaftStorageDirectory (RaftStorageDirectory.java:tryLock(343)) - Lock on /github/workspace/mnt/ozone/hadoop-ozone/integration-test/target/test-dir/MiniOzoneClusterImpl-e29a2f86-0e02-4c39-a42b-ca59556809f6/datanode-4/data/ratis/13782f0c-139c-45d5-a327-f5bd7dfe9f34/in_use.lock acquired by nodename 20367@2c46048f23a6
2020-11-30 19:45:23,376 [pool-239-thread-1] INFO  storage.RaftStorage (RaftStorage.java:format(85)) - Storage directory /github/workspace/mnt/ozone/hadoop-ozone/integration-test/target/test-dir/MiniOzoneClusterImpl-e29a2f86-0e02-4c39-a42b-ca59556809f6/datanode-4/data/ratis/13782f0c-139c-45d5-a327-f5bd7dfe9f34 has been successfully formatted.
2020-11-30 19:45:23,377 [pool-239-thread-1] INFO  ratis.ContainerStateMachine (ContainerStateMachine.java:loadSnapshot(225)) - group-F5BD7DFE9F34: The snapshot info is null. Setting the last applied indexto:(t:0, i:~)
2020-11-30 19:45:23,377 [pool-239-thread-1] INFO  server.RaftServerConfigKeys (ConfUtils.java:logGet(44)) - raft.server.notification.no-leader.timeout = 300s (custom)
2020-11-30 19:45:23,380 [EventQueue-PipelineReportForOneReplicaPipelineSafeModeRule] INFO  safemode.SCMSafeModeManager (SCMSafeModeManager.java:validateSafeModeExitRules(214)) - AtleastOneDatanodeReportedRule rule is successfully validated
2020-11-30 19:45:23,380 [pool-239-thread-1] INFO  server.RaftServerConfigKeys (ConfUtils.java:logGet(44)) - raft.server.log.use.memory = false (default)
2020-11-30 19:45:23,381 [pool-239-thread-1] INFO  server.RaftServerConfigKeys (ConfUtils.java:logGet(44)) - raft.server.log.purge.gap = 1000000 (custom)
2020-11-30 19:45:23,381 [pool-239-thread-1] INFO  metrics.RatisMetrics (RatisMetrics.java:lambda$create$0(36)) - Creating Metrics Registry : ratis.log_worker.8c573d92-c9cf-477f-8aa0-4f15145726d2@group-F5BD7DFE9F34
2020-11-30 19:45:23,382 [pool-239-thread-1] INFO  server.RaftServerConfigKeys (ConfUtils.java:logGet(44)) - raft.server.log.appender.buffer.byte-limit = 33554432 (custom)
2020-11-30 19:45:23,382 [pool-239-thread-1] INFO  server.RaftServerConfigKeys (ConfUtils.java:logGet(44)) - raft.server.log.segment.size.max = 1048576 (custom)
2020-11-30 19:45:23,383 [pool-239-thread-1] INFO  server.RaftServerConfigKeys (ConfUtils.java:logGet(44)) - raft.server.log.segment.cache.num.max = 2 (custom)
2020-11-30 19:45:23,383 [pool-239-thread-1] INFO  segmented.SegmentedRaftLogWorker (SegmentedRaftLogWorker.java:<init>(180)) - new 8c573d92-c9cf-477f-8aa0-4f15145726d2@group-F5BD7DFE9F34-SegmentedRaftLogWorker for RaftStorage:Storage Directory /github/workspace/mnt/ozone/hadoop-ozone/integration-test/target/test-dir/MiniOzoneClusterImpl-e29a2f86-0e02-4c39-a42b-ca59556809f6/datanode-4/data/ratis/13782f0c-139c-45d5-a327-f5bd7dfe9f34
2020-11-30 19:45:23,383 [pool-239-thread-1] INFO  server.RaftServerConfigKeys (ConfUtils.java:logGet(44)) - raft.server.log.queue.byte-limit = 2147483647 (custom)
2020-11-30 19:45:23,383 [pool-239-thread-1] INFO  server.RaftServerConfigKeys (ConfUtils.java:logGet(44)) - raft.server.log.queue.element-limit = 1024 (custom)
2020-11-30 19:45:23,383 [pool-239-thread-1] INFO  server.RaftServerConfigKeys (ConfUtils.java:logGet(44)) - raft.server.log.segment.size.max = 1048576 (custom)
2020-11-30 19:45:23,383 [pool-239-thread-1] INFO  server.RaftServerConfigKeys (ConfUtils.java:logGet(44)) - raft.server.log.preallocated.size = 16384 (custom)
2020-11-30 19:45:23,383 [pool-239-thread-1] INFO  server.RaftServerConfigKeys (ConfUtils.java:logGet(44)) - raft.server.log.write.buffer.size = 1048576 (custom)
2020-11-30 19:45:23,383 [pool-239-thread-1] INFO  server.RaftServerConfigKeys (ConfUtils.java:logGet(44)) - raft.server.log.force.sync.num = 128 (default)
2020-11-30 19:45:23,384 [pool-239-thread-1] INFO  server.RaftServerConfigKeys (ConfUtils.java:logGet(44)) - raft.server.log.statemachine.data.sync = true (default)
2020-11-30 19:45:23,384 [pool-239-thread-1] INFO  server.RaftServerConfigKeys (ConfUtils.java:logGet(44)) - raft.server.log.statemachine.data.sync.timeout = 10s (default)
2020-11-30 19:45:23,384 [pool-239-thread-1] INFO  server.RaftServerConfigKeys (ConfUtils.java:logGet(44)) - raft.server.log.statemachine.data.sync.timeout.retry = -1 (default)
2020-11-30 19:45:23,386 [pool-239-thread-1] INFO  server.RaftServerConfigKeys (ConfUtils.java:logGet(44)) - raft.server.log.statemachine.data.caching.enabled = true (custom)
2020-11-30 19:45:23,386 [pool-239-thread-1] INFO  segmented.SegmentedRaftLogWorker (SegmentedRaftLogWorker.java:lambda$new$0(129)) - 8c573d92-c9cf-477f-8aa0-4f15145726d2@group-F5BD7DFE9F34-SegmentedRaftLogWorker: flushIndex: setUnconditionally 0 -> -1
2020-11-30 19:45:23,386 [pool-239-thread-1] INFO  segmented.SegmentedRaftLogWorker (SegmentedRaftLogWorker.java:lambda$new$0(129)) - 8c573d92-c9cf-477f-8aa0-4f15145726d2@group-F5BD7DFE9F34-SegmentedRaftLogWorker: safeCacheEvictIndex: setUnconditionally 0 -> -1
2020-11-30 19:45:23,386 [pool-239-thread-1] INFO  server.RaftServerConfigKeys (ConfUtils.java:logGet(44)) - raft.server.snapshot.auto.trigger.enabled = true (custom)
2020-11-30 19:45:23,386 [pool-239-thread-1] INFO  server.RaftServerConfigKeys (ConfUtils.java:logGet(44)) - raft.server.snapshot.auto.trigger.threshold = 10000 (custom)
2020-11-30 19:45:23,386 [pool-239-thread-1] INFO  server.RaftServerConfigKeys (ConfUtils.java:logGet(44)) - raft.server.snapshot.retention.file.num = 5 (custom)
2020-11-30 19:45:23,386 [pool-239-thread-1] INFO  server.RaftServerConfigKeys (ConfUtils.java:logGet(44)) - raft.server.log.purge.upto.snapshot.index = false (default)
2020-11-30 19:45:23,387 [pool-239-thread-1] INFO  server.RaftServerConfigKeys (ConfUtils.java:logGet(44)) - raft.server.retrycache.expirytime = 600000ms (custom)
2020-11-30 19:45:23,387 [pool-239-thread-1] INFO  metrics.RatisMetrics (RatisMetrics.java:lambda$create$0(36)) - Creating Metrics Registry : ratis.leader_election.8c573d92-c9cf-477f-8aa0-4f15145726d2@group-F5BD7DFE9F34
2020-11-30 19:45:23,387 [pool-239-thread-1] INFO  metrics.RatisMetrics (RatisMetrics.java:lambda$create$0(36)) - Creating Metrics Registry : ratis.server.8c573d92-c9cf-477f-8aa0-4f15145726d2@group-F5BD7DFE9F34
2020-11-30 19:45:23,388 [pool-239-thread-1] INFO  impl.RaftServerImpl (RaftServerImpl.java:start(215)) - 8c573d92-c9cf-477f-8aa0-4f15145726d2@group-F5BD7DFE9F34: start as a follower, conf=-1: [ade932d9-a820-4647-aac5-71d70ca86541|rpc:172.17.0.2:39053|dataStream:, 8c573d92-c9cf-477f-8aa0-4f15145726d2|rpc:172.17.0.2:43725|dataStream:, 62b863f3-593a-4903-871b-b217a8ac38c6|rpc:172.17.0.2:43681|dataStream:], old=null
2020-11-30 19:45:23,388 [pool-239-thread-1] INFO  impl.RaftServerImpl (RaftServerImpl.java:setRole(204)) - 8c573d92-c9cf-477f-8aa0-4f15145726d2@group-F5BD7DFE9F34: changes role from      null to FOLLOWER at term 0 for startAsFollower
2020-11-30 19:45:23,388 [pool-239-thread-1] INFO  impl.RoleInfo (RoleInfo.java:updateAndGet(143)) - 8c573d92-c9cf-477f-8aa0-4f15145726d2: start 8c573d92-c9cf-477f-8aa0-4f15145726d2@group-F5BD7DFE9F34-FollowerState
2020-11-30 19:45:23,389 [pool-239-thread-1] INFO  util.JmxRegister (JmxRegister.java:tryRegister(44)) - Successfully registered JMX Bean with object name Ratis:service=RaftServer,group=group-F5BD7DFE9F34,id=8c573d92-c9cf-477f-8aa0-4f15145726d2
2020-11-30 19:45:23,389 [pool-239-thread-1] INFO  metrics.RatisMetrics (RatisMetrics.java:lambda$create$0(36)) - Creating Metrics Registry : ratis.state_machine.8c573d92-c9cf-477f-8aa0-4f15145726d2@group-F5BD7DFE9F34
2020-11-30 19:45:23,405 [Command processor thread] INFO  commandhandler.CreatePipelineCommandHandler (CreatePipelineCommandHandler.java:handle(106)) - Created Pipeline RATIS THREE PipelineID=13782f0c-139c-45d5-a327-f5bd7dfe9f34.
2020-11-30 19:45:23,489 [Command processor thread] INFO  impl.RaftServerProxy (RaftServerProxy.java:addNew(93)) - 8c573d92-c9cf-477f-8aa0-4f15145726d2: addNew group-BB5E3E21D8E2:[8c573d92-c9cf-477f-8aa0-4f15145726d2|rpc:172.17.0.2:43725] returns group-BB5E3E21D8E2:java.util.concurrent.CompletableFuture@9aa5d36[Not completed]
2020-11-30 19:45:23,490 [pool-239-thread-1] INFO  impl.RaftServerImpl (RaftServerImpl.java:<init>(121)) - 8c573d92-c9cf-477f-8aa0-4f15145726d2: new RaftServerImpl for group-BB5E3E21D8E2:[8c573d92-c9cf-477f-8aa0-4f15145726d2|rpc:172.17.0.2:43725] with ContainerStateMachine:uninitialized
2020-11-30 19:45:23,490 [pool-239-thread-1] INFO  server.RaftServerConfigKeys (ConfUtils.java:logGet(44)) - raft.server.rpc.timeout.min = 5s (custom)
2020-11-30 19:45:23,490 [pool-239-thread-1] INFO  server.RaftServerConfigKeys (ConfUtils.java:logGet(44)) - raft.server.rpc.timeout.max = 5200ms (custom)
2020-11-30 19:45:23,490 [pool-239-thread-1] INFO  server.RaftServerConfigKeys (ConfUtils.java:logGet(44)) - raft.server.rpc.slowness.timeout = 300s (custom)
2020-11-30 19:45:23,490 [pool-239-thread-1] INFO  server.RaftServerConfigKeys (ConfUtils.java:logGet(44)) - raft.server.leaderelection.leader.step-down.wait-time = 10s (default)
2020-11-30 19:45:23,491 [pool-239-thread-1] INFO  server.RaftServerConfigKeys (ConfUtils.java:logGet(44)) - raft.server.sleep.deviation.threshold = 300 (default)
2020-11-30 19:45:23,491 [pool-239-thread-1] INFO  server.RaftServerConfigKeys (ConfUtils.java:logGet(44)) - raft.server.log.appender.install.snapshot.enabled = false (custom)
2020-11-30 19:45:23,491 [pool-239-thread-1] INFO  impl.RaftServerImpl (ServerState.java:<init>(104)) - 8c573d92-c9cf-477f-8aa0-4f15145726d2@group-BB5E3E21D8E2: ConfigurationManager, init=-1: [8c573d92-c9cf-477f-8aa0-4f15145726d2|rpc:172.17.0.2:43725], old=null, confs=<EMPTY_MAP>
2020-11-30 19:45:23,491 [pool-239-thread-1] INFO  server.RaftServerConfigKeys (ConfUtils.java:logGet(44)) - raft.server.storage.dir = [/github/workspace/mnt/ozone/hadoop-ozone/integration-test/target/test-dir/MiniOzoneClusterImpl-e29a2f86-0e02-4c39-a42b-ca59556809f6/datanode-4/data/ratis] (custom)
2020-11-30 19:45:23,491 [pool-239-thread-1] INFO  server.RaftServerConfigKeys (ConfUtils.java:logGet(44)) - raft.server.log.corruption.policy = EXCEPTION (default)
2020-11-30 19:45:23,491 [pool-239-thread-1] INFO  storage.RaftStorageDirectory (RaftStorageDirectory.java:analyzeStorage(261)) - The storage directory /github/workspace/mnt/ozone/hadoop-ozone/integration-test/target/test-dir/MiniOzoneClusterImpl-e29a2f86-0e02-4c39-a42b-ca59556809f6/datanode-4/data/ratis/6c7b17d5-11bc-4528-8729-bb5e3e21d8e2 does not exist. Creating ...
2020-11-30 19:45:23,492 [pool-239-thread-1] INFO  storage.RaftStorageDirectory (RaftStorageDirectory.java:tryLock(343)) - Lock on /github/workspace/mnt/ozone/hadoop-ozone/integration-test/target/test-dir/MiniOzoneClusterImpl-e29a2f86-0e02-4c39-a42b-ca59556809f6/datanode-4/data/ratis/6c7b17d5-11bc-4528-8729-bb5e3e21d8e2/in_use.lock acquired by nodename 20367@2c46048f23a6
2020-11-30 19:45:23,493 [pool-239-thread-1] INFO  storage.RaftStorage (RaftStorage.java:format(85)) - Storage directory /github/workspace/mnt/ozone/hadoop-ozone/integration-test/target/test-dir/MiniOzoneClusterImpl-e29a2f86-0e02-4c39-a42b-ca59556809f6/datanode-4/data/ratis/6c7b17d5-11bc-4528-8729-bb5e3e21d8e2 has been successfully formatted.
2020-11-30 19:45:23,494 [pool-239-thread-1] INFO  ratis.ContainerStateMachine (ContainerStateMachine.java:loadSnapshot(225)) - group-BB5E3E21D8E2: The snapshot info is null. Setting the last applied indexto:(t:0, i:~)
2020-11-30 19:45:23,494 [pool-239-thread-1] INFO  server.RaftServerConfigKeys (ConfUtils.java:logGet(44)) - raft.server.notification.no-leader.timeout = 300s (custom)
2020-11-30 19:45:23,494 [pool-239-thread-1] INFO  server.RaftServerConfigKeys (ConfUtils.java:logGet(44)) - raft.server.log.use.memory = false (default)
2020-11-30 19:45:23,494 [pool-239-thread-1] INFO  server.RaftServerConfigKeys (ConfUtils.java:logGet(44)) - raft.server.log.purge.gap = 1000000 (custom)
2020-11-30 19:45:23,494 [pool-239-thread-1] INFO  metrics.RatisMetrics (RatisMetrics.java:lambda$create$0(36)) - Creating Metrics Registry : ratis.log_worker.8c573d92-c9cf-477f-8aa0-4f15145726d2@group-BB5E3E21D8E2
2020-11-30 19:45:23,494 [pool-239-thread-1] INFO  server.RaftServerConfigKeys (ConfUtils.java:logGet(44)) - raft.server.log.appender.buffer.byte-limit = 33554432 (custom)
2020-11-30 19:45:23,494 [pool-239-thread-1] INFO  server.RaftServerConfigKeys (ConfUtils.java:logGet(44)) - raft.server.log.segment.size.max = 1048576 (custom)
2020-11-30 19:45:23,495 [EventQueue-PipelineReportForPipelineReportHandler] INFO  pipeline.PipelineStateManager (PipelineStateManager.java:openPipeline(132)) - Pipeline Pipeline[ Id: 6c7b17d5-11bc-4528-8729-bb5e3e21d8e2, Nodes: 8c573d92-c9cf-477f-8aa0-4f15145726d2{ip: 172.17.0.2, host: 2c46048f23a6, networkLocation: /default-rack, certSerialId: null}, Type:RATIS, Factor:ONE, State:ALLOCATED, leaderId:8c573d92-c9cf-477f-8aa0-4f15145726d2, CreationTimestamp2020-11-30T19:45:20.491Z] moved to OPEN state
2020-11-30 19:45:23,495 [EventQueue-PipelineReportForOneReplicaPipelineSafeModeRule] INFO  safemode.SCMSafeModeManager (SCMSafeModeManager.java:validateSafeModeExitRules(214)) - AtleastOneDatanodeReportedRule rule is successfully validated
2020-11-30 19:45:23,495 [EventQueue-OpenPipelineForHealthyPipelineSafeModeRule] INFO  safemode.SCMSafeModeManager (HealthyPipelineSafeModeRule.java:process(128)) - SCM in safe mode. Healthy pipelines reported count is 0, required healthy pipeline reported count is 1
2020-11-30 19:45:23,495 [pool-239-thread-1] INFO  server.RaftServerConfigKeys (ConfUtils.java:logGet(44)) - raft.server.log.segment.cache.num.max = 2 (custom)
2020-11-30 19:45:23,495 [pool-239-thread-1] INFO  segmented.SegmentedRaftLogWorker (SegmentedRaftLogWorker.java:<init>(180)) - new 8c573d92-c9cf-477f-8aa0-4f15145726d2@group-BB5E3E21D8E2-SegmentedRaftLogWorker for RaftStorage:Storage Directory /github/workspace/mnt/ozone/hadoop-ozone/integration-test/target/test-dir/MiniOzoneClusterImpl-e29a2f86-0e02-4c39-a42b-ca59556809f6/datanode-4/data/ratis/6c7b17d5-11bc-4528-8729-bb5e3e21d8e2
2020-11-30 19:45:23,495 [pool-239-thread-1] INFO  server.RaftServerConfigKeys (ConfUtils.java:logGet(44)) - raft.server.log.queue.byte-limit = 2147483647 (custom)
2020-11-30 19:45:23,495 [pool-239-thread-1] INFO  server.RaftServerConfigKeys (ConfUtils.java:logGet(44)) - raft.server.log.queue.element-limit = 1024 (custom)
2020-11-30 19:45:23,495 [pool-239-thread-1] INFO  server.RaftServerConfigKeys (ConfUtils.java:logGet(44)) - raft.server.log.segment.size.max = 1048576 (custom)
2020-11-30 19:45:23,496 [pool-239-thread-1] INFO  server.RaftServerConfigKeys (ConfUtils.java:logGet(44)) - raft.server.log.preallocated.size = 16384 (custom)
2020-11-30 19:45:23,496 [pool-239-thread-1] INFO  server.RaftServerConfigKeys (ConfUtils.java:logGet(44)) - raft.server.log.write.buffer.size = 1048576 (custom)
2020-11-30 19:45:23,496 [pool-239-thread-1] INFO  server.RaftServerConfigKeys (ConfUtils.java:logGet(44)) - raft.server.log.force.sync.num = 128 (default)
2020-11-30 19:45:23,496 [pool-239-thread-1] INFO  server.RaftServerConfigKeys (ConfUtils.java:logGet(44)) - raft.server.log.statemachine.data.sync = true (default)
2020-11-30 19:45:23,496 [pool-239-thread-1] INFO  server.RaftServerConfigKeys (ConfUtils.java:logGet(44)) - raft.server.log.statemachine.data.sync.timeout = 10s (default)
2020-11-30 19:45:23,496 [pool-239-thread-1] INFO  server.RaftServerConfigKeys (ConfUtils.java:logGet(44)) - raft.server.log.statemachine.data.sync.timeout.retry = -1 (default)
2020-11-30 19:45:23,498 [pool-239-thread-1] INFO  server.RaftServerConfigKeys (ConfUtils.java:logGet(44)) - raft.server.log.statemachine.data.caching.enabled = true (custom)
2020-11-30 19:45:23,498 [pool-239-thread-1] INFO  segmented.SegmentedRaftLogWorker (SegmentedRaftLogWorker.java:lambda$new$0(129)) - 8c573d92-c9cf-477f-8aa0-4f15145726d2@group-BB5E3E21D8E2-SegmentedRaftLogWorker: flushIndex: setUnconditionally 0 -> -1
2020-11-30 19:45:23,498 [pool-239-thread-1] INFO  segmented.SegmentedRaftLogWorker (SegmentedRaftLogWorker.java:lambda$new$0(129)) - 8c573d92-c9cf-477f-8aa0-4f15145726d2@group-BB5E3E21D8E2-SegmentedRaftLogWorker: safeCacheEvictIndex: setUnconditionally 0 -> -1
2020-11-30 19:45:23,500 [pool-239-thread-1] INFO  server.RaftServerConfigKeys (ConfUtils.java:logGet(44)) - raft.server.snapshot.auto.trigger.enabled = true (custom)
2020-11-30 19:45:23,500 [pool-239-thread-1] INFO  server.RaftServerConfigKeys (ConfUtils.java:logGet(44)) - raft.server.snapshot.auto.trigger.threshold = 10000 (custom)
2020-11-30 19:45:23,500 [pool-239-thread-1] INFO  server.RaftServerConfigKeys (ConfUtils.java:logGet(44)) - raft.server.snapshot.retention.file.num = 5 (custom)
2020-11-30 19:45:23,500 [pool-239-thread-1] INFO  server.RaftServerConfigKeys (ConfUtils.java:logGet(44)) - raft.server.log.purge.upto.snapshot.index = false (default)
2020-11-30 19:45:23,500 [pool-239-thread-1] INFO  server.RaftServerConfigKeys (ConfUtils.java:logGet(44)) - raft.server.retrycache.expirytime = 600000ms (custom)
2020-11-30 19:45:23,500 [pool-239-thread-1] INFO  metrics.RatisMetrics (RatisMetrics.java:lambda$create$0(36)) - Creating Metrics Registry : ratis.leader_election.8c573d92-c9cf-477f-8aa0-4f15145726d2@group-BB5E3E21D8E2
2020-11-30 19:45:23,501 [pool-239-thread-1] INFO  metrics.RatisMetrics (RatisMetrics.java:lambda$create$0(36)) - Creating Metrics Registry : ratis.server.8c573d92-c9cf-477f-8aa0-4f15145726d2@group-BB5E3E21D8E2
2020-11-30 19:45:23,502 [pool-239-thread-1] INFO  impl.RaftServerImpl (RaftServerImpl.java:start(215)) - 8c573d92-c9cf-477f-8aa0-4f15145726d2@group-BB5E3E21D8E2: start as a follower, conf=-1: [8c573d92-c9cf-477f-8aa0-4f15145726d2|rpc:172.17.0.2:43725], old=null
2020-11-30 19:45:23,502 [pool-239-thread-1] INFO  impl.RaftServerImpl (RaftServerImpl.java:setRole(204)) - 8c573d92-c9cf-477f-8aa0-4f15145726d2@group-BB5E3E21D8E2: changes role from      null to FOLLOWER at term 0 for startAsFollower
2020-11-30 19:45:23,502 [pool-239-thread-1] INFO  impl.RoleInfo (RoleInfo.java:updateAndGet(143)) - 8c573d92-c9cf-477f-8aa0-4f15145726d2: start 8c573d92-c9cf-477f-8aa0-4f15145726d2@group-BB5E3E21D8E2-FollowerState
2020-11-30 19:45:23,506 [pool-239-thread-1] INFO  util.JmxRegister (JmxRegister.java:tryRegister(44)) - Successfully registered JMX Bean with object name Ratis:service=RaftServer,group=group-BB5E3E21D8E2,id=8c573d92-c9cf-477f-8aa0-4f15145726d2
2020-11-30 19:45:23,506 [pool-239-thread-1] INFO  metrics.RatisMetrics (RatisMetrics.java:lambda$create$0(36)) - Creating Metrics Registry : ratis.state_machine.8c573d92-c9cf-477f-8aa0-4f15145726d2@group-BB5E3E21D8E2
2020-11-30 19:45:23,507 [Command processor thread] INFO  commandhandler.CreatePipelineCommandHandler (CreatePipelineCommandHandler.java:handle(106)) - Created Pipeline RATIS ONE PipelineID=6c7b17d5-11bc-4528-8729-bb5e3e21d8e2.
2020-11-30 19:45:23,723 [Command processor thread] INFO  impl.RaftServerProxy (RaftServerProxy.java:addNew(93)) - 62b863f3-593a-4903-871b-b217a8ac38c6: addNew group-89CE9CE5B2D1:[62b863f3-593a-4903-871b-b217a8ac38c6|rpc:172.17.0.2:43681] returns group-89CE9CE5B2D1:java.util.concurrent.CompletableFuture@28090aa6[Not completed]
2020-11-30 19:45:23,724 [pool-255-thread-1] INFO  impl.RaftServerImpl (RaftServerImpl.java:<init>(121)) - 62b863f3-593a-4903-871b-b217a8ac38c6: new RaftServerImpl for group-89CE9CE5B2D1:[62b863f3-593a-4903-871b-b217a8ac38c6|rpc:172.17.0.2:43681] with ContainerStateMachine:uninitialized
2020-11-30 19:45:23,724 [pool-255-thread-1] INFO  server.RaftServerConfigKeys (ConfUtils.java:logGet(44)) - raft.server.rpc.timeout.min = 5s (custom)
2020-11-30 19:45:23,724 [pool-255-thread-1] INFO  server.RaftServerConfigKeys (ConfUtils.java:logGet(44)) - raft.server.rpc.timeout.max = 5200ms (custom)
2020-11-30 19:45:23,725 [pool-255-thread-1] INFO  server.RaftServerConfigKeys (ConfUtils.java:logGet(44)) - raft.server.rpc.slowness.timeout = 300s (custom)
2020-11-30 19:45:23,725 [pool-255-thread-1] INFO  server.RaftServerConfigKeys (ConfUtils.java:logGet(44)) - raft.server.leaderelection.leader.step-down.wait-time = 10s (default)
2020-11-30 19:45:23,725 [pool-255-thread-1] INFO  server.RaftServerConfigKeys (ConfUtils.java:logGet(44)) - raft.server.sleep.deviation.threshold = 300 (default)
2020-11-30 19:45:23,725 [pool-255-thread-1] INFO  server.RaftServerConfigKeys (ConfUtils.java:logGet(44)) - raft.server.log.appender.install.snapshot.enabled = false (custom)
2020-11-30 19:45:23,725 [pool-255-thread-1] INFO  impl.RaftServerImpl (ServerState.java:<init>(104)) - 62b863f3-593a-4903-871b-b217a8ac38c6@group-89CE9CE5B2D1: ConfigurationManager, init=-1: [62b863f3-593a-4903-871b-b217a8ac38c6|rpc:172.17.0.2:43681], old=null, confs=<EMPTY_MAP>
2020-11-30 19:45:23,725 [pool-255-thread-1] INFO  server.RaftServerConfigKeys (ConfUtils.java:logGet(44)) - raft.server.storage.dir = [/github/workspace/mnt/ozone/hadoop-ozone/integration-test/target/test-dir/MiniOzoneClusterImpl-e29a2f86-0e02-4c39-a42b-ca59556809f6/datanode-5/data/ratis] (custom)
2020-11-30 19:45:23,725 [pool-255-thread-1] INFO  server.RaftServerConfigKeys (ConfUtils.java:logGet(44)) - raft.server.log.corruption.policy = EXCEPTION (default)
2020-11-30 19:45:23,725 [pool-255-thread-1] INFO  storage.RaftStorageDirectory (RaftStorageDirectory.java:analyzeStorage(261)) - The storage directory /github/workspace/mnt/ozone/hadoop-ozone/integration-test/target/test-dir/MiniOzoneClusterImpl-e29a2f86-0e02-4c39-a42b-ca59556809f6/datanode-5/data/ratis/a9e67d9a-ebd8-4b26-8785-89ce9ce5b2d1 does not exist. Creating ...
2020-11-30 19:45:23,727 [pool-255-thread-1] INFO  storage.RaftStorageDirectory (RaftStorageDirectory.java:tryLock(343)) - Lock on /github/workspace/mnt/ozone/hadoop-ozone/integration-test/target/test-dir/MiniOzoneClusterImpl-e29a2f86-0e02-4c39-a42b-ca59556809f6/datanode-5/data/ratis/a9e67d9a-ebd8-4b26-8785-89ce9ce5b2d1/in_use.lock acquired by nodename 20367@2c46048f23a6
2020-11-30 19:45:23,728 [pool-255-thread-1] INFO  storage.RaftStorage (RaftStorage.java:format(85)) - Storage directory /github/workspace/mnt/ozone/hadoop-ozone/integration-test/target/test-dir/MiniOzoneClusterImpl-e29a2f86-0e02-4c39-a42b-ca59556809f6/datanode-5/data/ratis/a9e67d9a-ebd8-4b26-8785-89ce9ce5b2d1 has been successfully formatted.
2020-11-30 19:45:23,728 [pool-255-thread-1] INFO  ratis.ContainerStateMachine (ContainerStateMachine.java:loadSnapshot(225)) - group-89CE9CE5B2D1: The snapshot info is null. Setting the last applied indexto:(t:0, i:~)
2020-11-30 19:45:23,728 [pool-255-thread-1] INFO  server.RaftServerConfigKeys (ConfUtils.java:logGet(44)) - raft.server.notification.no-leader.timeout = 300s (custom)
2020-11-30 19:45:23,729 [pool-255-thread-1] INFO  server.RaftServerConfigKeys (ConfUtils.java:logGet(44)) - raft.server.log.use.memory = false (default)
2020-11-30 19:45:23,729 [pool-255-thread-1] INFO  server.RaftServerConfigKeys (ConfUtils.java:logGet(44)) - raft.server.log.purge.gap = 1000000 (custom)
2020-11-30 19:45:23,729 [pool-255-thread-1] INFO  metrics.RatisMetrics (RatisMetrics.java:lambda$create$0(36)) - Creating Metrics Registry : ratis.log_worker.62b863f3-593a-4903-871b-b217a8ac38c6@group-89CE9CE5B2D1
2020-11-30 19:45:23,729 [EventQueue-PipelineReportForPipelineReportHandler] INFO  pipeline.PipelineStateManager (PipelineStateManager.java:openPipeline(132)) - Pipeline Pipeline[ Id: a9e67d9a-ebd8-4b26-8785-89ce9ce5b2d1, Nodes: 62b863f3-593a-4903-871b-b217a8ac38c6{ip: 172.17.0.2, host: 2c46048f23a6, networkLocation: /default-rack, certSerialId: null}, Type:RATIS, Factor:ONE, State:ALLOCATED, leaderId:62b863f3-593a-4903-871b-b217a8ac38c6, CreationTimestamp2020-11-30T19:45:20.725Z] moved to OPEN state
2020-11-30 19:45:23,729 [pool-255-thread-1] INFO  server.RaftServerConfigKeys (ConfUtils.java:logGet(44)) - raft.server.log.appender.buffer.byte-limit = 33554432 (custom)
2020-11-30 19:45:23,730 [pool-255-thread-1] INFO  server.RaftServerConfigKeys (ConfUtils.java:logGet(44)) - raft.server.log.segment.size.max = 1048576 (custom)
2020-11-30 19:45:23,730 [EventQueue-PipelineReportForOneReplicaPipelineSafeModeRule] INFO  safemode.SCMSafeModeManager (SCMSafeModeManager.java:validateSafeModeExitRules(214)) - AtleastOneDatanodeReportedRule rule is successfully validated
2020-11-30 19:45:23,730 [EventQueue-OpenPipelineForHealthyPipelineSafeModeRule] INFO  safemode.SCMSafeModeManager (HealthyPipelineSafeModeRule.java:process(128)) - SCM in safe mode. Healthy pipelines reported count is 0, required healthy pipeline reported count is 1
2020-11-30 19:45:23,730 [pool-255-thread-1] INFO  server.RaftServerConfigKeys (ConfUtils.java:logGet(44)) - raft.server.log.segment.cache.num.max = 2 (custom)
2020-11-30 19:45:23,730 [pool-255-thread-1] INFO  segmented.SegmentedRaftLogWorker (SegmentedRaftLogWorker.java:<init>(180)) - new 62b863f3-593a-4903-871b-b217a8ac38c6@group-89CE9CE5B2D1-SegmentedRaftLogWorker for RaftStorage:Storage Directory /github/workspace/mnt/ozone/hadoop-ozone/integration-test/target/test-dir/MiniOzoneClusterImpl-e29a2f86-0e02-4c39-a42b-ca59556809f6/datanode-5/data/ratis/a9e67d9a-ebd8-4b26-8785-89ce9ce5b2d1
2020-11-30 19:45:23,730 [pool-255-thread-1] INFO  server.RaftServerConfigKeys (ConfUtils.java:logGet(44)) - raft.server.log.queue.byte-limit = 2147483647 (custom)
2020-11-30 19:45:23,730 [pool-255-thread-1] INFO  server.RaftServerConfigKeys (ConfUtils.java:logGet(44)) - raft.server.log.queue.element-limit = 1024 (custom)
2020-11-30 19:45:23,731 [pool-255-thread-1] INFO  server.RaftServerConfigKeys (ConfUtils.java:logGet(44)) - raft.server.log.segment.size.max = 1048576 (custom)
2020-11-30 19:45:23,731 [pool-255-thread-1] INFO  server.RaftServerConfigKeys (ConfUtils.java:logGet(44)) - raft.server.log.preallocated.size = 16384 (custom)
2020-11-30 19:45:23,731 [pool-255-thread-1] INFO  server.RaftServerConfigKeys (ConfUtils.java:logGet(44)) - raft.server.log.write.buffer.size = 1048576 (custom)
2020-11-30 19:45:23,731 [pool-255-thread-1] INFO  server.RaftServerConfigKeys (ConfUtils.java:logGet(44)) - raft.server.log.force.sync.num = 128 (default)
2020-11-30 19:45:23,731 [pool-255-thread-1] INFO  server.RaftServerConfigKeys (ConfUtils.java:logGet(44)) - raft.server.log.statemachine.data.sync = true (default)
2020-11-30 19:45:23,731 [pool-255-thread-1] INFO  server.RaftServerConfigKeys (ConfUtils.java:logGet(44)) - raft.server.log.statemachine.data.sync.timeout = 10s (default)
2020-11-30 19:45:23,731 [pool-255-thread-1] INFO  server.RaftServerConfigKeys (ConfUtils.java:logGet(44)) - raft.server.log.statemachine.data.sync.timeout.retry = -1 (default)
2020-11-30 19:45:23,733 [pool-255-thread-1] INFO  server.RaftServerConfigKeys (ConfUtils.java:logGet(44)) - raft.server.log.statemachine.data.caching.enabled = true (custom)
2020-11-30 19:45:23,733 [pool-255-thread-1] INFO  segmented.SegmentedRaftLogWorker (SegmentedRaftLogWorker.java:lambda$new$0(129)) - 62b863f3-593a-4903-871b-b217a8ac38c6@group-89CE9CE5B2D1-SegmentedRaftLogWorker: flushIndex: setUnconditionally 0 -> -1
2020-11-30 19:45:23,733 [pool-255-thread-1] INFO  segmented.SegmentedRaftLogWorker (SegmentedRaftLogWorker.java:lambda$new$0(129)) - 62b863f3-593a-4903-871b-b217a8ac38c6@group-89CE9CE5B2D1-SegmentedRaftLogWorker: safeCacheEvictIndex: setUnconditionally 0 -> -1
2020-11-30 19:45:23,736 [pool-255-thread-1] INFO  server.RaftServerConfigKeys (ConfUtils.java:logGet(44)) - raft.server.snapshot.auto.trigger.enabled = true (custom)
2020-11-30 19:45:23,737 [pool-255-thread-1] INFO  server.RaftServerConfigKeys (ConfUtils.java:logGet(44)) - raft.server.snapshot.auto.trigger.threshold = 10000 (custom)
2020-11-30 19:45:23,737 [pool-255-thread-1] INFO  server.RaftServerConfigKeys (ConfUtils.java:logGet(44)) - raft.server.snapshot.retention.file.num = 5 (custom)
2020-11-30 19:45:23,737 [pool-255-thread-1] INFO  server.RaftServerConfigKeys (ConfUtils.java:logGet(44)) - raft.server.log.purge.upto.snapshot.index = false (default)
2020-11-30 19:45:23,737 [pool-255-thread-1] INFO  server.RaftServerConfigKeys (ConfUtils.java:logGet(44)) - raft.server.retrycache.expirytime = 600000ms (custom)
2020-11-30 19:45:23,737 [pool-255-thread-1] INFO  metrics.RatisMetrics (RatisMetrics.java:lambda$create$0(36)) - Creating Metrics Registry : ratis.leader_election.62b863f3-593a-4903-871b-b217a8ac38c6@group-89CE9CE5B2D1
2020-11-30 19:45:23,738 [pool-255-thread-1] INFO  metrics.RatisMetrics (RatisMetrics.java:lambda$create$0(36)) - Creating Metrics Registry : ratis.server.62b863f3-593a-4903-871b-b217a8ac38c6@group-89CE9CE5B2D1
2020-11-30 19:45:23,739 [pool-255-thread-1] INFO  impl.RaftServerImpl (RaftServerImpl.java:start(215)) - 62b863f3-593a-4903-871b-b217a8ac38c6@group-89CE9CE5B2D1: start as a follower, conf=-1: [62b863f3-593a-4903-871b-b217a8ac38c6|rpc:172.17.0.2:43681], old=null
2020-11-30 19:45:23,739 [pool-255-thread-1] INFO  impl.RaftServerImpl (RaftServerImpl.java:setRole(204)) - 62b863f3-593a-4903-871b-b217a8ac38c6@group-89CE9CE5B2D1: changes role from      null to FOLLOWER at term 0 for startAsFollower
2020-11-30 19:45:23,739 [pool-255-thread-1] INFO  impl.RoleInfo (RoleInfo.java:updateAndGet(143)) - 62b863f3-593a-4903-871b-b217a8ac38c6: start 62b863f3-593a-4903-871b-b217a8ac38c6@group-89CE9CE5B2D1-FollowerState
2020-11-30 19:45:23,739 [pool-255-thread-1] INFO  util.JmxRegister (JmxRegister.java:tryRegister(44)) - Successfully registered JMX Bean with object name Ratis:service=RaftServer,group=group-89CE9CE5B2D1,id=62b863f3-593a-4903-871b-b217a8ac38c6
2020-11-30 19:45:23,739 [pool-255-thread-1] INFO  metrics.RatisMetrics (RatisMetrics.java:lambda$create$0(36)) - Creating Metrics Registry : ratis.state_machine.62b863f3-593a-4903-871b-b217a8ac38c6@group-89CE9CE5B2D1
2020-11-30 19:45:23,740 [Command processor thread] INFO  commandhandler.CreatePipelineCommandHandler (CreatePipelineCommandHandler.java:handle(106)) - Created Pipeline RATIS ONE PipelineID=a9e67d9a-ebd8-4b26-8785-89ce9ce5b2d1.
2020-11-30 19:45:24,047 [Listener at 127.0.0.1/45407] INFO  ozone.MiniOzoneClusterImpl (MiniOzoneClusterImpl.java:lambda$waitForClusterToBeReady$0(178)) - Nodes are ready. Got 7 of 7 DN Heartbeats.
2020-11-30 19:45:24,047 [Listener at 127.0.0.1/45407] INFO  ozone.MiniOzoneClusterImpl (MiniOzoneClusterImpl.java:lambda$waitForClusterToBeReady$0(181)) - Waiting for cluster to exit safe mode
2020-11-30 19:45:24,047 [Command processor thread] INFO  impl.RaftServerProxy (RaftServerProxy.java:addNew(93)) - d6eb1359-ee67-46ea-89b2-cd50275971cc: addNew group-1487C1E82ED0:[d6eb1359-ee67-46ea-89b2-cd50275971cc|rpc:172.17.0.2:44575] returns group-1487C1E82ED0:java.util.concurrent.CompletableFuture@7ddc5965[Not completed]
2020-11-30 19:45:24,049 [pool-270-thread-1] INFO  impl.RaftServerImpl (RaftServerImpl.java:<init>(121)) - d6eb1359-ee67-46ea-89b2-cd50275971cc: new RaftServerImpl for group-1487C1E82ED0:[d6eb1359-ee67-46ea-89b2-cd50275971cc|rpc:172.17.0.2:44575] with ContainerStateMachine:uninitialized
2020-11-30 19:45:24,049 [pool-270-thread-1] INFO  server.RaftServerConfigKeys (ConfUtils.java:logGet(44)) - raft.server.rpc.timeout.min = 5s (custom)
2020-11-30 19:45:24,049 [pool-270-thread-1] INFO  server.RaftServerConfigKeys (ConfUtils.java:logGet(44)) - raft.server.rpc.timeout.max = 5200ms (custom)
2020-11-30 19:45:24,049 [pool-270-thread-1] INFO  server.RaftServerConfigKeys (ConfUtils.java:logGet(44)) - raft.server.rpc.slowness.timeout = 300s (custom)
2020-11-30 19:45:24,049 [pool-270-thread-1] INFO  server.RaftServerConfigKeys (ConfUtils.java:logGet(44)) - raft.server.leaderelection.leader.step-down.wait-time = 10s (default)
2020-11-30 19:45:24,049 [pool-270-thread-1] INFO  server.RaftServerConfigKeys (ConfUtils.java:logGet(44)) - raft.server.sleep.deviation.threshold = 300 (default)
2020-11-30 19:45:24,050 [pool-270-thread-1] INFO  server.RaftServerConfigKeys (ConfUtils.java:logGet(44)) - raft.server.log.appender.install.snapshot.enabled = false (custom)
2020-11-30 19:45:24,050 [pool-270-thread-1] INFO  impl.RaftServerImpl (ServerState.java:<init>(104)) - d6eb1359-ee67-46ea-89b2-cd50275971cc@group-1487C1E82ED0: ConfigurationManager, init=-1: [d6eb1359-ee67-46ea-89b2-cd50275971cc|rpc:172.17.0.2:44575], old=null, confs=<EMPTY_MAP>
2020-11-30 19:45:24,050 [pool-270-thread-1] INFO  server.RaftServerConfigKeys (ConfUtils.java:logGet(44)) - raft.server.storage.dir = [/github/workspace/mnt/ozone/hadoop-ozone/integration-test/target/test-dir/MiniOzoneClusterImpl-e29a2f86-0e02-4c39-a42b-ca59556809f6/datanode-6/data/ratis] (custom)
2020-11-30 19:45:24,050 [pool-270-thread-1] INFO  server.RaftServerConfigKeys (ConfUtils.java:logGet(44)) - raft.server.log.corruption.policy = EXCEPTION (default)
2020-11-30 19:45:24,050 [pool-270-thread-1] INFO  storage.RaftStorageDirectory (RaftStorageDirectory.java:analyzeStorage(261)) - The storage directory /github/workspace/mnt/ozone/hadoop-ozone/integration-test/target/test-dir/MiniOzoneClusterImpl-e29a2f86-0e02-4c39-a42b-ca59556809f6/datanode-6/data/ratis/bdf35853-5c56-482b-9e48-1487c1e82ed0 does not exist. Creating ...
2020-11-30 19:45:24,051 [pool-270-thread-1] INFO  storage.RaftStorageDirectory (RaftStorageDirectory.java:tryLock(343)) - Lock on /github/workspace/mnt/ozone/hadoop-ozone/integration-test/target/test-dir/MiniOzoneClusterImpl-e29a2f86-0e02-4c39-a42b-ca59556809f6/datanode-6/data/ratis/bdf35853-5c56-482b-9e48-1487c1e82ed0/in_use.lock acquired by nodename 20367@2c46048f23a6
2020-11-30 19:45:24,053 [pool-270-thread-1] INFO  storage.RaftStorage (RaftStorage.java:format(85)) - Storage directory /github/workspace/mnt/ozone/hadoop-ozone/integration-test/target/test-dir/MiniOzoneClusterImpl-e29a2f86-0e02-4c39-a42b-ca59556809f6/datanode-6/data/ratis/bdf35853-5c56-482b-9e48-1487c1e82ed0 has been successfully formatted.
2020-11-30 19:45:24,053 [pool-270-thread-1] INFO  ratis.ContainerStateMachine (ContainerStateMachine.java:loadSnapshot(225)) - group-1487C1E82ED0: The snapshot info is null. Setting the last applied indexto:(t:0, i:~)
2020-11-30 19:45:24,054 [pool-270-thread-1] INFO  server.RaftServerConfigKeys (ConfUtils.java:logGet(44)) - raft.server.notification.no-leader.timeout = 300s (custom)
2020-11-30 19:45:24,054 [pool-270-thread-1] INFO  server.RaftServerConfigKeys (ConfUtils.java:logGet(44)) - raft.server.log.use.memory = false (default)
2020-11-30 19:45:24,054 [pool-270-thread-1] INFO  server.RaftServerConfigKeys (ConfUtils.java:logGet(44)) - raft.server.log.purge.gap = 1000000 (custom)
2020-11-30 19:45:24,054 [pool-270-thread-1] INFO  metrics.RatisMetrics (RatisMetrics.java:lambda$create$0(36)) - Creating Metrics Registry : ratis.log_worker.d6eb1359-ee67-46ea-89b2-cd50275971cc@group-1487C1E82ED0
2020-11-30 19:45:24,054 [EventQueue-PipelineReportForOneReplicaPipelineSafeModeRule] INFO  safemode.SCMSafeModeManager (SCMSafeModeManager.java:validateSafeModeExitRules(214)) - AtleastOneDatanodeReportedRule rule is successfully validated
2020-11-30 19:45:24,054 [EventQueue-PipelineReportForPipelineReportHandler] INFO  pipeline.PipelineStateManager (PipelineStateManager.java:openPipeline(132)) - Pipeline Pipeline[ Id: bdf35853-5c56-482b-9e48-1487c1e82ed0, Nodes: d6eb1359-ee67-46ea-89b2-cd50275971cc{ip: 172.17.0.2, host: 2c46048f23a6, networkLocation: /default-rack, certSerialId: null}, Type:RATIS, Factor:ONE, State:ALLOCATED, leaderId:d6eb1359-ee67-46ea-89b2-cd50275971cc, CreationTimestamp2020-11-30T19:45:21.048Z] moved to OPEN state
2020-11-30 19:45:24,055 [EventQueue-OpenPipelineForHealthyPipelineSafeModeRule] INFO  safemode.SCMSafeModeManager (HealthyPipelineSafeModeRule.java:process(128)) - SCM in safe mode. Healthy pipelines reported count is 0, required healthy pipeline reported count is 1
2020-11-30 19:45:24,055 [pool-270-thread-1] INFO  server.RaftServerConfigKeys (ConfUtils.java:logGet(44)) - raft.server.log.appender.buffer.byte-limit = 33554432 (custom)
2020-11-30 19:45:24,055 [pool-270-thread-1] INFO  server.RaftServerConfigKeys (ConfUtils.java:logGet(44)) - raft.server.log.segment.size.max = 1048576 (custom)
2020-11-30 19:45:24,056 [pool-270-thread-1] INFO  server.RaftServerConfigKeys (ConfUtils.java:logGet(44)) - raft.server.log.segment.cache.num.max = 2 (custom)
2020-11-30 19:45:24,056 [pool-270-thread-1] INFO  segmented.SegmentedRaftLogWorker (SegmentedRaftLogWorker.java:<init>(180)) - new d6eb1359-ee67-46ea-89b2-cd50275971cc@group-1487C1E82ED0-SegmentedRaftLogWorker for RaftStorage:Storage Directory /github/workspace/mnt/ozone/hadoop-ozone/integration-test/target/test-dir/MiniOzoneClusterImpl-e29a2f86-0e02-4c39-a42b-ca59556809f6/datanode-6/data/ratis/bdf35853-5c56-482b-9e48-1487c1e82ed0
2020-11-30 19:45:24,056 [pool-270-thread-1] INFO  server.RaftServerConfigKeys (ConfUtils.java:logGet(44)) - raft.server.log.queue.byte-limit = 2147483647 (custom)
2020-11-30 19:45:24,056 [pool-270-thread-1] INFO  server.RaftServerConfigKeys (ConfUtils.java:logGet(44)) - raft.server.log.queue.element-limit = 1024 (custom)
2020-11-30 19:45:24,056 [pool-270-thread-1] INFO  server.RaftServerConfigKeys (ConfUtils.java:logGet(44)) - raft.server.log.segment.size.max = 1048576 (custom)
2020-11-30 19:45:24,056 [pool-270-thread-1] INFO  server.RaftServerConfigKeys (ConfUtils.java:logGet(44)) - raft.server.log.preallocated.size = 16384 (custom)
2020-11-30 19:45:24,056 [pool-270-thread-1] INFO  server.RaftServerConfigKeys (ConfUtils.java:logGet(44)) - raft.server.log.write.buffer.size = 1048576 (custom)
2020-11-30 19:45:24,056 [pool-270-thread-1] INFO  server.RaftServerConfigKeys (ConfUtils.java:logGet(44)) - raft.server.log.force.sync.num = 128 (default)
2020-11-30 19:45:24,056 [pool-270-thread-1] INFO  server.RaftServerConfigKeys (ConfUtils.java:logGet(44)) - raft.server.log.statemachine.data.sync = true (default)
2020-11-30 19:45:24,056 [pool-270-thread-1] INFO  server.RaftServerConfigKeys (ConfUtils.java:logGet(44)) - raft.server.log.statemachine.data.sync.timeout = 10s (default)
2020-11-30 19:45:24,056 [pool-270-thread-1] INFO  server.RaftServerConfigKeys (ConfUtils.java:logGet(44)) - raft.server.log.statemachine.data.sync.timeout.retry = -1 (default)
2020-11-30 19:45:24,058 [pool-270-thread-1] INFO  server.RaftServerConfigKeys (ConfUtils.java:logGet(44)) - raft.server.log.statemachine.data.caching.enabled = true (custom)
2020-11-30 19:45:24,058 [pool-270-thread-1] INFO  segmented.SegmentedRaftLogWorker (SegmentedRaftLogWorker.java:lambda$new$0(129)) - d6eb1359-ee67-46ea-89b2-cd50275971cc@group-1487C1E82ED0-SegmentedRaftLogWorker: flushIndex: setUnconditionally 0 -> -1
2020-11-30 19:45:24,058 [pool-270-thread-1] INFO  segmented.SegmentedRaftLogWorker (SegmentedRaftLogWorker.java:lambda$new$0(129)) - d6eb1359-ee67-46ea-89b2-cd50275971cc@group-1487C1E82ED0-SegmentedRaftLogWorker: safeCacheEvictIndex: setUnconditionally 0 -> -1
2020-11-30 19:45:24,058 [pool-270-thread-1] INFO  server.RaftServerConfigKeys (ConfUtils.java:logGet(44)) - raft.server.snapshot.auto.trigger.enabled = true (custom)
2020-11-30 19:45:24,058 [pool-270-thread-1] INFO  server.RaftServerConfigKeys (ConfUtils.java:logGet(44)) - raft.server.snapshot.auto.trigger.threshold = 10000 (custom)
2020-11-30 19:45:24,058 [pool-270-thread-1] INFO  server.RaftServerConfigKeys (ConfUtils.java:logGet(44)) - raft.server.snapshot.retention.file.num = 5 (custom)
2020-11-30 19:45:24,058 [pool-270-thread-1] INFO  server.RaftServerConfigKeys (ConfUtils.java:logGet(44)) - raft.server.log.purge.upto.snapshot.index = false (default)
2020-11-30 19:45:24,059 [pool-270-thread-1] INFO  server.RaftServerConfigKeys (ConfUtils.java:logGet(44)) - raft.server.retrycache.expirytime = 600000ms (custom)
2020-11-30 19:45:24,059 [pool-270-thread-1] INFO  metrics.RatisMetrics (RatisMetrics.java:lambda$create$0(36)) - Creating Metrics Registry : ratis.leader_election.d6eb1359-ee67-46ea-89b2-cd50275971cc@group-1487C1E82ED0
2020-11-30 19:45:24,059 [pool-270-thread-1] INFO  metrics.RatisMetrics (RatisMetrics.java:lambda$create$0(36)) - Creating Metrics Registry : ratis.server.d6eb1359-ee67-46ea-89b2-cd50275971cc@group-1487C1E82ED0
2020-11-30 19:45:24,060 [pool-270-thread-1] INFO  impl.RaftServerImpl (RaftServerImpl.java:start(215)) - d6eb1359-ee67-46ea-89b2-cd50275971cc@group-1487C1E82ED0: start as a follower, conf=-1: [d6eb1359-ee67-46ea-89b2-cd50275971cc|rpc:172.17.0.2:44575], old=null
2020-11-30 19:45:24,060 [pool-270-thread-1] INFO  impl.RaftServerImpl (RaftServerImpl.java:setRole(204)) - d6eb1359-ee67-46ea-89b2-cd50275971cc@group-1487C1E82ED0: changes role from      null to FOLLOWER at term 0 for startAsFollower
2020-11-30 19:45:24,060 [pool-270-thread-1] INFO  impl.RoleInfo (RoleInfo.java:updateAndGet(143)) - d6eb1359-ee67-46ea-89b2-cd50275971cc: start d6eb1359-ee67-46ea-89b2-cd50275971cc@group-1487C1E82ED0-FollowerState
2020-11-30 19:45:24,060 [pool-270-thread-1] INFO  util.JmxRegister (JmxRegister.java:tryRegister(44)) - Successfully registered JMX Bean with object name Ratis:service=RaftServer,group=group-1487C1E82ED0,id=d6eb1359-ee67-46ea-89b2-cd50275971cc
2020-11-30 19:45:24,060 [pool-270-thread-1] INFO  metrics.RatisMetrics (RatisMetrics.java:lambda$create$0(36)) - Creating Metrics Registry : ratis.state_machine.d6eb1359-ee67-46ea-89b2-cd50275971cc@group-1487C1E82ED0
2020-11-30 19:45:24,064 [Command processor thread] INFO  commandhandler.CreatePipelineCommandHandler (CreatePipelineCommandHandler.java:handle(106)) - Created Pipeline RATIS ONE PipelineID=bdf35853-5c56-482b-9e48-1487c1e82ed0.
2020-11-30 19:45:25,047 [Listener at 127.0.0.1/45407] INFO  ozone.MiniOzoneClusterImpl (MiniOzoneClusterImpl.java:lambda$waitForClusterToBeReady$0(178)) - Nodes are ready. Got 7 of 7 DN Heartbeats.
2020-11-30 19:45:25,048 [Listener at 127.0.0.1/45407] INFO  ozone.MiniOzoneClusterImpl (MiniOzoneClusterImpl.java:lambda$waitForClusterToBeReady$0(181)) - Waiting for cluster to exit safe mode
2020-11-30 19:45:26,048 [Listener at 127.0.0.1/45407] INFO  ozone.MiniOzoneClusterImpl (MiniOzoneClusterImpl.java:lambda$waitForClusterToBeReady$0(178)) - Nodes are ready. Got 7 of 7 DN Heartbeats.
2020-11-30 19:45:26,048 [Listener at 127.0.0.1/45407] INFO  ozone.MiniOzoneClusterImpl (MiniOzoneClusterImpl.java:lambda$waitForClusterToBeReady$0(181)) - Waiting for cluster to exit safe mode
2020-11-30 19:45:27,048 [Listener at 127.0.0.1/45407] INFO  ozone.MiniOzoneClusterImpl (MiniOzoneClusterImpl.java:lambda$waitForClusterToBeReady$0(178)) - Nodes are ready. Got 7 of 7 DN Heartbeats.
2020-11-30 19:45:27,048 [Listener at 127.0.0.1/45407] INFO  ozone.MiniOzoneClusterImpl (MiniOzoneClusterImpl.java:lambda$waitForClusterToBeReady$0(181)) - Waiting for cluster to exit safe mode
2020-11-30 19:45:27,791 [Thread-632] INFO  impl.FollowerState (FollowerState.java:run(128)) - 70b5b581-c134-4e70-98be-52f4a1178c95@group-7E097F4FA569-FollowerState: change to CANDIDATE, lastRpcTime:5082ms, electionTimeout:5080ms
2020-11-30 19:45:27,792 [Thread-632] INFO  impl.RoleInfo (RoleInfo.java:shutdownFollowerState(121)) - 70b5b581-c134-4e70-98be-52f4a1178c95: shutdown 70b5b581-c134-4e70-98be-52f4a1178c95@group-7E097F4FA569-FollowerState
2020-11-30 19:45:27,792 [Thread-632] INFO  impl.RaftServerImpl (RaftServerImpl.java:setRole(204)) - 70b5b581-c134-4e70-98be-52f4a1178c95@group-7E097F4FA569: changes role from  FOLLOWER to CANDIDATE at term 0 for changeToCandidate
2020-11-30 19:45:27,792 [Thread-632] INFO  impl.RoleInfo (RoleInfo.java:updateAndGet(143)) - 70b5b581-c134-4e70-98be-52f4a1178c95: start 70b5b581-c134-4e70-98be-52f4a1178c95@group-7E097F4FA569-LeaderElection12
2020-11-30 19:45:27,799 [70b5b581-c134-4e70-98be-52f4a1178c95@group-7E097F4FA569-LeaderElection12] INFO  impl.LeaderElection (LeaderElection.java:askForVotes(215)) - 70b5b581-c134-4e70-98be-52f4a1178c95@group-7E097F4FA569-LeaderElection12: begin an election at term 1 for -1: [70b5b581-c134-4e70-98be-52f4a1178c95|rpc:172.17.0.2:37313, afad6a44-2cb7-4cc9-9b68-87659c1db71e|rpc:172.17.0.2:36927, 380c32ea-dc91-48bb-a59a-011c9a6c6a90|rpc:172.17.0.2:38913], old=null
2020-11-30 19:45:27,811 [grpc-default-executor-0] INFO  impl.RaftServerImpl (RaftServerImpl.java:setRole(204)) - afad6a44-2cb7-4cc9-9b68-87659c1db71e@group-7E097F4FA569: changes role from  FOLLOWER to FOLLOWER at term 1 for recognizeCandidate:70b5b581-c134-4e70-98be-52f4a1178c95
2020-11-30 19:45:27,811 [grpc-default-executor-0] INFO  impl.RoleInfo (RoleInfo.java:shutdownFollowerState(121)) - afad6a44-2cb7-4cc9-9b68-87659c1db71e: shutdown afad6a44-2cb7-4cc9-9b68-87659c1db71e@group-7E097F4FA569-FollowerState
2020-11-30 19:45:27,811 [Thread-637] INFO  impl.FollowerState (FollowerState.java:run(137)) - afad6a44-2cb7-4cc9-9b68-87659c1db71e@group-7E097F4FA569-FollowerState was interrupted: {}
java.lang.InterruptedException: sleep interrupted
	at java.lang.Thread.sleep(Native Method)
	at org.apache.ratis.util.JavaUtils.sleep(JavaUtils.java:250)
	at org.apache.ratis.server.impl.FollowerState.run(FollowerState.java:116)
2020-11-30 19:45:27,811 [grpc-default-executor-0] INFO  impl.RoleInfo (RoleInfo.java:updateAndGet(143)) - afad6a44-2cb7-4cc9-9b68-87659c1db71e: start afad6a44-2cb7-4cc9-9b68-87659c1db71e@group-7E097F4FA569-FollowerState
2020-11-30 19:45:27,812 [grpc-default-executor-0] INFO  impl.RaftServerImpl (RaftServerImpl.java:requestVote(963)) -  FOLLOWER afad6a44-2cb7-4cc9-9b68-87659c1db71e@group-7E097F4FA569:t1, leader=null, voted=null, raftlog=afad6a44-2cb7-4cc9-9b68-87659c1db71e@group-7E097F4FA569-SegmentedRaftLog:OPENED:c-1,f-1,i0, conf=-1: [70b5b581-c134-4e70-98be-52f4a1178c95|rpc:172.17.0.2:37313|dataStream:, afad6a44-2cb7-4cc9-9b68-87659c1db71e|rpc:172.17.0.2:36927|dataStream:, 380c32ea-dc91-48bb-a59a-011c9a6c6a90|rpc:172.17.0.2:38913|dataStream:], old=null RUNNING priority:0 candidate:70b5b581-c134-4e70-98be-52f4a1178c95|rpc:172.17.0.2:37313|dataStream: candidatePriority:0 compare:0
2020-11-30 19:45:27,818 [grpc-default-executor-0] INFO  impl.RaftServerImpl (RaftServerImpl.java:setRole(204)) - 380c32ea-dc91-48bb-a59a-011c9a6c6a90@group-7E097F4FA569: changes role from  FOLLOWER to FOLLOWER at term 1 for recognizeCandidate:70b5b581-c134-4e70-98be-52f4a1178c95
2020-11-30 19:45:27,818 [grpc-default-executor-0] INFO  impl.RoleInfo (RoleInfo.java:shutdownFollowerState(121)) - 380c32ea-dc91-48bb-a59a-011c9a6c6a90: shutdown 380c32ea-dc91-48bb-a59a-011c9a6c6a90@group-7E097F4FA569-FollowerState
2020-11-30 19:45:27,819 [grpc-default-executor-0] INFO  impl.RoleInfo (RoleInfo.java:updateAndGet(143)) - 380c32ea-dc91-48bb-a59a-011c9a6c6a90: start 380c32ea-dc91-48bb-a59a-011c9a6c6a90@group-7E097F4FA569-FollowerState
2020-11-30 19:45:27,819 [Thread-634] INFO  impl.FollowerState (FollowerState.java:run(137)) - 380c32ea-dc91-48bb-a59a-011c9a6c6a90@group-7E097F4FA569-FollowerState was interrupted: {}
java.lang.InterruptedException: sleep interrupted
	at java.lang.Thread.sleep(Native Method)
	at org.apache.ratis.util.JavaUtils.sleep(JavaUtils.java:250)
	at org.apache.ratis.server.impl.FollowerState.run(FollowerState.java:116)
2020-11-30 19:45:27,823 [grpc-default-executor-0] INFO  impl.RaftServerImpl (RaftServerImpl.java:requestVote(963)) -  FOLLOWER 380c32ea-dc91-48bb-a59a-011c9a6c6a90@group-7E097F4FA569:t1, leader=null, voted=null, raftlog=380c32ea-dc91-48bb-a59a-011c9a6c6a90@group-7E097F4FA569-SegmentedRaftLog:OPENED:c-1,f-1,i0, conf=-1: [70b5b581-c134-4e70-98be-52f4a1178c95|rpc:172.17.0.2:37313|dataStream:, afad6a44-2cb7-4cc9-9b68-87659c1db71e|rpc:172.17.0.2:36927|dataStream:, 380c32ea-dc91-48bb-a59a-011c9a6c6a90|rpc:172.17.0.2:38913|dataStream:], old=null RUNNING priority:0 candidate:70b5b581-c134-4e70-98be-52f4a1178c95|rpc:172.17.0.2:37313|dataStream: candidatePriority:0 compare:0
2020-11-30 19:45:27,823 [70b5b581-c134-4e70-98be-52f4a1178c95@group-7E097F4FA569-LeaderElection12] INFO  impl.LeaderElection (LeaderElection.java:logAndReturn(65)) - 70b5b581-c134-4e70-98be-52f4a1178c95@group-7E097F4FA569-LeaderElection12: Election PASSED; received 1 response(s) [70b5b581-c134-4e70-98be-52f4a1178c95<-afad6a44-2cb7-4cc9-9b68-87659c1db71e#0:OK-t1] and 0 exception(s); 70b5b581-c134-4e70-98be-52f4a1178c95@group-7E097F4FA569:t1, leader=null, voted=70b5b581-c134-4e70-98be-52f4a1178c95, raftlog=70b5b581-c134-4e70-98be-52f4a1178c95@group-7E097F4FA569-SegmentedRaftLog:OPENED:c-1,f-1,i0, conf=-1: [70b5b581-c134-4e70-98be-52f4a1178c95|rpc:172.17.0.2:37313, afad6a44-2cb7-4cc9-9b68-87659c1db71e|rpc:172.17.0.2:36927, 380c32ea-dc91-48bb-a59a-011c9a6c6a90|rpc:172.17.0.2:38913], old=null
2020-11-30 19:45:27,823 [70b5b581-c134-4e70-98be-52f4a1178c95@group-7E097F4FA569-LeaderElection12] INFO  impl.RoleInfo (RoleInfo.java:shutdownLeaderElection(134)) - 70b5b581-c134-4e70-98be-52f4a1178c95: shutdown 70b5b581-c134-4e70-98be-52f4a1178c95@group-7E097F4FA569-LeaderElection12
2020-11-30 19:45:27,823 [70b5b581-c134-4e70-98be-52f4a1178c95@group-7E097F4FA569-LeaderElection12] INFO  impl.RaftServerImpl (RaftServerImpl.java:setRole(204)) - 70b5b581-c134-4e70-98be-52f4a1178c95@group-7E097F4FA569: changes role from CANDIDATE to LEADER at term 1 for changeToLeader
2020-11-30 19:45:27,823 [70b5b581-c134-4e70-98be-52f4a1178c95@group-7E097F4FA569-LeaderElection12] INFO  ratis.XceiverServerRatis (XceiverServerRatis.java:handleLeaderChangedNotification(854)) - Leader change notification received for group: group-7E097F4FA569 with new leaderId: 70b5b581-c134-4e70-98be-52f4a1178c95
2020-11-30 19:45:27,824 [Thread-630] INFO  impl.FollowerState (FollowerState.java:run(128)) - 70b5b581-c134-4e70-98be-52f4a1178c95@group-8AACD6717F75-FollowerState: change to CANDIDATE, lastRpcTime:5133ms, electionTimeout:5131ms
2020-11-30 19:45:27,827 [Thread-630] INFO  impl.RoleInfo (RoleInfo.java:shutdownFollowerState(121)) - 70b5b581-c134-4e70-98be-52f4a1178c95: shutdown 70b5b581-c134-4e70-98be-52f4a1178c95@group-8AACD6717F75-FollowerState
2020-11-30 19:45:27,827 [Thread-630] INFO  impl.RaftServerImpl (RaftServerImpl.java:setRole(204)) - 70b5b581-c134-4e70-98be-52f4a1178c95@group-8AACD6717F75: changes role from  FOLLOWER to CANDIDATE at term 0 for changeToCandidate
2020-11-30 19:45:27,827 [Thread-630] INFO  impl.RoleInfo (RoleInfo.java:updateAndGet(143)) - 70b5b581-c134-4e70-98be-52f4a1178c95: start 70b5b581-c134-4e70-98be-52f4a1178c95@group-8AACD6717F75-LeaderElection13
2020-11-30 19:45:27,827 [70b5b581-c134-4e70-98be-52f4a1178c95@group-7E097F4FA569-LeaderElection12] INFO  impl.RaftServerImpl (ServerState.java:setLeader(256)) - 70b5b581-c134-4e70-98be-52f4a1178c95@group-7E097F4FA569: change Leader from null to 70b5b581-c134-4e70-98be-52f4a1178c95 at term 1 for becomeLeader, leader elected after 5126ms
2020-11-30 19:45:27,828 [70b5b581-c134-4e70-98be-52f4a1178c95@group-7E097F4FA569-LeaderElection12] INFO  server.RaftServerConfigKeys (ConfUtils.java:logGet(44)) - raft.server.staging.catchup.gap = 1000 (default)
2020-11-30 19:45:27,828 [70b5b581-c134-4e70-98be-52f4a1178c95@group-7E097F4FA569-LeaderElection12] INFO  server.RaftServerConfigKeys (ConfUtils.java:logGet(44)) - raft.server.rpc.sleep.time = 25ms (default)
2020-11-30 19:45:27,828 [70b5b581-c134-4e70-98be-52f4a1178c95@group-7E097F4FA569-LeaderElection12] INFO  metrics.RatisMetrics (RatisMetrics.java:lambda$create$0(36)) - Creating Metrics Registry : ratis.log_appender.70b5b581-c134-4e70-98be-52f4a1178c95@group-7E097F4FA569
2020-11-30 19:45:27,828 [70b5b581-c134-4e70-98be-52f4a1178c95@group-7E097F4FA569-LeaderElection12] INFO  server.RaftServerConfigKeys (ConfUtils.java:logGet(44)) - raft.server.write.element-limit = 1024 (custom)
2020-11-30 19:45:27,828 [70b5b581-c134-4e70-98be-52f4a1178c95@group-7E097F4FA569-LeaderElection12] INFO  server.RaftServerConfigKeys (ConfUtils.java:logGet(44)) - raft.server.write.byte-limit = 1073741824 (custom)
2020-11-30 19:45:27,828 [70b5b581-c134-4e70-98be-52f4a1178c95@group-7E097F4FA569-LeaderElection12] INFO  server.RaftServerConfigKeys (ConfUtils.java:logGet(44)) - raft.server.watch.timeout = 180s (custom)
2020-11-30 19:45:27,828 [70b5b581-c134-4e70-98be-52f4a1178c95@group-7E097F4FA569-LeaderElection12] INFO  server.RaftServerConfigKeys (ConfUtils.java:logGet(44)) - raft.server.watch.timeout.denomination = 1s (default)
2020-11-30 19:45:27,829 [70b5b581-c134-4e70-98be-52f4a1178c95@group-7E097F4FA569-LeaderElection12] INFO  server.RaftServerConfigKeys (ConfUtils.java:logGet(44)) - raft.server.watch.element-limit = 65536 (default)
2020-11-30 19:45:27,829 [70b5b581-c134-4e70-98be-52f4a1178c95@group-7E097F4FA569-LeaderElection12] INFO  server.RaftServerConfigKeys (ConfUtils.java:logGet(44)) - raft.server.log.appender.snapshot.chunk.size.max = 16MB (=16777216) (default)
2020-11-30 19:45:27,829 [70b5b581-c134-4e70-98be-52f4a1178c95@group-7E097F4FA569-LeaderElection12] INFO  server.RaftServerConfigKeys (ConfUtils.java:logGet(44)) - raft.server.log.appender.buffer.byte-limit = 33554432 (custom)
2020-11-30 19:45:27,829 [70b5b581-c134-4e70-98be-52f4a1178c95@group-7E097F4FA569-LeaderElection12] INFO  server.RaftServerConfigKeys (ConfUtils.java:logGet(44)) - raft.server.log.appender.buffer.element-limit = 1 (custom)
2020-11-30 19:45:27,829 [70b5b581-c134-4e70-98be-52f4a1178c95@group-7E097F4FA569-LeaderElection12] INFO  grpc.GrpcConfigKeys (ConfUtils.java:logGet(44)) - raft.grpc.server.leader.outstanding.appends.max = 128 (default)
2020-11-30 19:45:27,829 [70b5b581-c134-4e70-98be-52f4a1178c95@group-7E097F4FA569-LeaderElection12] INFO  server.RaftServerConfigKeys (ConfUtils.java:logGet(44)) - raft.server.rpc.request.timeout = 60s (custom)
2020-11-30 19:45:27,830 [70b5b581-c134-4e70-98be-52f4a1178c95@group-7E097F4FA569-LeaderElection12] INFO  server.RaftServerConfigKeys (ConfUtils.java:logGet(44)) - raft.server.log.appender.install.snapshot.enabled = false (custom)
2020-11-30 19:45:27,830 [70b5b581-c134-4e70-98be-52f4a1178c95@group-7E097F4FA569-LeaderElection12] INFO  metrics.RatisMetrics (RatisMetrics.java:lambda$create$0(36)) - Creating Metrics Registry : ratis_grpc.log_appender.70b5b581-c134-4e70-98be-52f4a1178c95@group-7E097F4FA569
2020-11-30 19:45:27,832 [70b5b581-c134-4e70-98be-52f4a1178c95@group-7E097F4FA569-LeaderElection12] INFO  server.RaftServerConfigKeys (ConfUtils.java:logGet(44)) - raft.server.log.appender.snapshot.chunk.size.max = 16MB (=16777216) (default)
2020-11-30 19:45:27,832 [70b5b581-c134-4e70-98be-52f4a1178c95@group-7E097F4FA569-LeaderElection12] INFO  server.RaftServerConfigKeys (ConfUtils.java:logGet(44)) - raft.server.log.appender.buffer.byte-limit = 33554432 (custom)
2020-11-30 19:45:27,832 [70b5b581-c134-4e70-98be-52f4a1178c95@group-7E097F4FA569-LeaderElection12] INFO  server.RaftServerConfigKeys (ConfUtils.java:logGet(44)) - raft.server.log.appender.buffer.element-limit = 1 (custom)
2020-11-30 19:45:27,832 [70b5b581-c134-4e70-98be-52f4a1178c95@group-7E097F4FA569-LeaderElection12] INFO  grpc.GrpcConfigKeys (ConfUtils.java:logGet(44)) - raft.grpc.server.leader.outstanding.appends.max = 128 (default)
2020-11-30 19:45:27,832 [70b5b581-c134-4e70-98be-52f4a1178c95@group-7E097F4FA569-LeaderElection12] INFO  server.RaftServerConfigKeys (ConfUtils.java:logGet(44)) - raft.server.rpc.request.timeout = 60s (custom)
2020-11-30 19:45:27,832 [70b5b581-c134-4e70-98be-52f4a1178c95@group-7E097F4FA569-LeaderElection12] INFO  server.RaftServerConfigKeys (ConfUtils.java:logGet(44)) - raft.server.log.appender.install.snapshot.enabled = false (custom)
2020-11-30 19:45:27,834 [70b5b581-c134-4e70-98be-52f4a1178c95@group-7E097F4FA569-LeaderElection12] INFO  impl.RoleInfo (RoleInfo.java:updateAndGet(143)) - 70b5b581-c134-4e70-98be-52f4a1178c95: start 70b5b581-c134-4e70-98be-52f4a1178c95@group-7E097F4FA569-LeaderState
2020-11-30 19:45:27,834 [70b5b581-c134-4e70-98be-52f4a1178c95@group-7E097F4FA569-LeaderElection12] INFO  segmented.SegmentedRaftLogWorker (SegmentedRaftLogWorker.java:startLogSegment(398)) - 70b5b581-c134-4e70-98be-52f4a1178c95@group-7E097F4FA569-SegmentedRaftLogWorker: Starting segment from index:0
2020-11-30 19:45:27,837 [EventQueue-PipelineReportForPipelineReportHandler] INFO  pipeline.PipelineStateManager (PipelineStateManager.java:openPipeline(132)) - Pipeline Pipeline[ Id: 7b206454-490d-4d50-a3c2-7e097f4fa569, Nodes: 380c32ea-dc91-48bb-a59a-011c9a6c6a90{ip: 172.17.0.2, host: 2c46048f23a6, networkLocation: /default-rack, certSerialId: null}70b5b581-c134-4e70-98be-52f4a1178c95{ip: 172.17.0.2, host: 2c46048f23a6, networkLocation: /default-rack, certSerialId: null}afad6a44-2cb7-4cc9-9b68-87659c1db71e{ip: 172.17.0.2, host: 2c46048f23a6, networkLocation: /default-rack, certSerialId: null}, Type:RATIS, Factor:THREE, State:ALLOCATED, leaderId:70b5b581-c134-4e70-98be-52f4a1178c95, CreationTimestamp2020-11-30T19:45:20.090Z] moved to OPEN state
2020-11-30 19:45:27,837 [EventQueue-PipelineReportForOneReplicaPipelineSafeModeRule] INFO  safemode.SCMSafeModeManager (SCMSafeModeManager.java:validateSafeModeExitRules(214)) - AtleastOneDatanodeReportedRule rule is successfully validated
2020-11-30 19:45:27,837 [EventQueue-OpenPipelineForHealthyPipelineSafeModeRule] INFO  safemode.SCMSafeModeManager (HealthyPipelineSafeModeRule.java:process(128)) - SCM in safe mode. Healthy pipelines reported count is 1, required healthy pipeline reported count is 1
2020-11-30 19:45:27,846 [EventQueue-OpenPipelineForHealthyPipelineSafeModeRule] INFO  safemode.SCMSafeModeManager (SCMSafeModeManager.java:validateSafeModeExitRules(214)) - HealthyPipelineSafeModeRule rule is successfully validated
2020-11-30 19:45:27,846 [EventQueue-OpenPipelineForHealthyPipelineSafeModeRule] INFO  safemode.SCMSafeModeManager (SCMSafeModeManager.java:validateSafeModeExitRules(228)) - ScmSafeModeManager, all rules are successfully validated
2020-11-30 19:45:27,846 [EventQueue-OpenPipelineForHealthyPipelineSafeModeRule] INFO  safemode.SCMSafeModeManager (SCMSafeModeManager.java:exitSafeMode(257)) - SCM exiting safe mode.
2020-11-30 19:45:27,839 [70b5b581-c134-4e70-98be-52f4a1178c95@group-7E097F4FA569-SegmentedRaftLogWorker] INFO  segmented.SegmentedRaftLogWorker (SegmentedRaftLogWorker.java:execute(597)) - 70b5b581-c134-4e70-98be-52f4a1178c95@group-7E097F4FA569-SegmentedRaftLogWorker: created new log segment /github/workspace/mnt/ozone/hadoop-ozone/integration-test/target/test-dir/MiniOzoneClusterImpl-e29a2f86-0e02-4c39-a42b-ca59556809f6/datanode-0/data/ratis/7b206454-490d-4d50-a3c2-7e097f4fa569/current/log_inprogress_0
2020-11-30 19:45:27,846 [70b5b581-c134-4e70-98be-52f4a1178c95@group-7E097F4FA569-LeaderElection12] INFO  impl.RaftServerImpl (ServerState.java:setRaftConf(374)) - 70b5b581-c134-4e70-98be-52f4a1178c95@group-7E097F4FA569: set configuration 0: [70b5b581-c134-4e70-98be-52f4a1178c95|rpc:172.17.0.2:37313|dataStream:, afad6a44-2cb7-4cc9-9b68-87659c1db71e|rpc:172.17.0.2:36927|dataStream:, 380c32ea-dc91-48bb-a59a-011c9a6c6a90|rpc:172.17.0.2:38913|dataStream:], old=null at 0
2020-11-30 19:45:27,852 [70b5b581-c134-4e70-98be-52f4a1178c95@group-8AACD6717F75-LeaderElection13] INFO  impl.LeaderElection (LeaderElection.java:askForVotes(215)) - 70b5b581-c134-4e70-98be-52f4a1178c95@group-8AACD6717F75-LeaderElection13: begin an election at term 1 for -1: [70b5b581-c134-4e70-98be-52f4a1178c95|rpc:172.17.0.2:37313], old=null
2020-11-30 19:45:27,852 [70b5b581-c134-4e70-98be-52f4a1178c95@group-8AACD6717F75-LeaderElection13] INFO  impl.RoleInfo (RoleInfo.java:shutdownLeaderElection(134)) - 70b5b581-c134-4e70-98be-52f4a1178c95: shutdown 70b5b581-c134-4e70-98be-52f4a1178c95@group-8AACD6717F75-LeaderElection13
2020-11-30 19:45:27,852 [70b5b581-c134-4e70-98be-52f4a1178c95@group-8AACD6717F75-LeaderElection13] INFO  impl.RaftServerImpl (RaftServerImpl.java:setRole(204)) - 70b5b581-c134-4e70-98be-52f4a1178c95@group-8AACD6717F75: changes role from CANDIDATE to LEADER at term 1 for changeToLeader
2020-11-30 19:45:27,852 [70b5b581-c134-4e70-98be-52f4a1178c95@group-8AACD6717F75-LeaderElection13] INFO  ratis.XceiverServerRatis (XceiverServerRatis.java:handleLeaderChangedNotification(854)) - Leader change notification received for group: group-8AACD6717F75 with new leaderId: 70b5b581-c134-4e70-98be-52f4a1178c95
2020-11-30 19:45:27,852 [70b5b581-c134-4e70-98be-52f4a1178c95@group-8AACD6717F75-LeaderElection13] INFO  impl.RaftServerImpl (ServerState.java:setLeader(256)) - 70b5b581-c134-4e70-98be-52f4a1178c95@group-8AACD6717F75: change Leader from null to 70b5b581-c134-4e70-98be-52f4a1178c95 at term 1 for becomeLeader, leader elected after 5178ms
2020-11-30 19:45:27,853 [70b5b581-c134-4e70-98be-52f4a1178c95@group-8AACD6717F75-LeaderElection13] INFO  server.RaftServerConfigKeys (ConfUtils.java:logGet(44)) - raft.server.staging.catchup.gap = 1000 (default)
2020-11-30 19:45:27,853 [70b5b581-c134-4e70-98be-52f4a1178c95@group-8AACD6717F75-LeaderElection13] INFO  server.RaftServerConfigKeys (ConfUtils.java:logGet(44)) - raft.server.rpc.sleep.time = 25ms (default)
2020-11-30 19:45:27,853 [70b5b581-c134-4e70-98be-52f4a1178c95@group-8AACD6717F75-LeaderElection13] INFO  metrics.RatisMetrics (RatisMetrics.java:lambda$create$0(36)) - Creating Metrics Registry : ratis.log_appender.70b5b581-c134-4e70-98be-52f4a1178c95@group-8AACD6717F75
2020-11-30 19:45:27,853 [70b5b581-c134-4e70-98be-52f4a1178c95@group-8AACD6717F75-LeaderElection13] INFO  server.RaftServerConfigKeys (ConfUtils.java:logGet(44)) - raft.server.write.element-limit = 1024 (custom)
2020-11-30 19:45:27,853 [70b5b581-c134-4e70-98be-52f4a1178c95@group-8AACD6717F75-LeaderElection13] INFO  server.RaftServerConfigKeys (ConfUtils.java:logGet(44)) - raft.server.write.byte-limit = 1073741824 (custom)
2020-11-30 19:45:27,854 [70b5b581-c134-4e70-98be-52f4a1178c95@group-8AACD6717F75-LeaderElection13] INFO  server.RaftServerConfigKeys (ConfUtils.java:logGet(44)) - raft.server.watch.timeout = 180s (custom)
2020-11-30 19:45:27,855 [70b5b581-c134-4e70-98be-52f4a1178c95@group-8AACD6717F75-LeaderElection13] INFO  server.RaftServerConfigKeys (ConfUtils.java:logGet(44)) - raft.server.watch.timeout.denomination = 1s (default)
2020-11-30 19:45:27,855 [70b5b581-c134-4e70-98be-52f4a1178c95@group-8AACD6717F75-LeaderElection13] INFO  server.RaftServerConfigKeys (ConfUtils.java:logGet(44)) - raft.server.watch.element-limit = 65536 (default)
2020-11-30 19:45:27,855 [70b5b581-c134-4e70-98be-52f4a1178c95@group-8AACD6717F75-LeaderElection13] INFO  impl.RoleInfo (RoleInfo.java:updateAndGet(143)) - 70b5b581-c134-4e70-98be-52f4a1178c95: start 70b5b581-c134-4e70-98be-52f4a1178c95@group-8AACD6717F75-LeaderState
2020-11-30 19:45:27,855 [70b5b581-c134-4e70-98be-52f4a1178c95@group-8AACD6717F75-LeaderElection13] INFO  segmented.SegmentedRaftLogWorker (SegmentedRaftLogWorker.java:startLogSegment(398)) - 70b5b581-c134-4e70-98be-52f4a1178c95@group-8AACD6717F75-SegmentedRaftLogWorker: Starting segment from index:0
2020-11-30 19:45:27,857 [70b5b581-c134-4e70-98be-52f4a1178c95@group-8AACD6717F75-SegmentedRaftLogWorker] INFO  segmented.SegmentedRaftLogWorker (SegmentedRaftLogWorker.java:execute(597)) - 70b5b581-c134-4e70-98be-52f4a1178c95@group-8AACD6717F75-SegmentedRaftLogWorker: created new log segment /github/workspace/mnt/ozone/hadoop-ozone/integration-test/target/test-dir/MiniOzoneClusterImpl-e29a2f86-0e02-4c39-a42b-ca59556809f6/datanode-0/data/ratis/24e4bd6c-c817-45c7-a707-8aacd6717f75/current/log_inprogress_0
2020-11-30 19:45:27,859 [grpc-default-executor-0] INFO  ratis.XceiverServerRatis (XceiverServerRatis.java:handleLeaderChangedNotification(854)) - Leader change notification received for group: group-7E097F4FA569 with new leaderId: 70b5b581-c134-4e70-98be-52f4a1178c95
2020-11-30 19:45:27,859 [grpc-default-executor-0] INFO  impl.RaftServerImpl (ServerState.java:setLeader(256)) - 380c32ea-dc91-48bb-a59a-011c9a6c6a90@group-7E097F4FA569: change Leader from null to 70b5b581-c134-4e70-98be-52f4a1178c95 at term 1 for appendEntries, leader elected after 5127ms
2020-11-30 19:45:27,859 [70b5b581-c134-4e70-98be-52f4a1178c95@group-8AACD6717F75-LeaderElection13] INFO  impl.RaftServerImpl (ServerState.java:setRaftConf(374)) - 70b5b581-c134-4e70-98be-52f4a1178c95@group-8AACD6717F75: set configuration 0: [70b5b581-c134-4e70-98be-52f4a1178c95|rpc:172.17.0.2:37313|dataStream:], old=null at 0
2020-11-30 19:45:27,871 [grpc-default-executor-2] INFO  ratis.XceiverServerRatis (XceiverServerRatis.java:handleLeaderChangedNotification(854)) - Leader change notification received for group: group-7E097F4FA569 with new leaderId: 70b5b581-c134-4e70-98be-52f4a1178c95
2020-11-30 19:45:27,871 [grpc-default-executor-2] INFO  impl.RaftServerImpl (ServerState.java:setLeader(256)) - afad6a44-2cb7-4cc9-9b68-87659c1db71e@group-7E097F4FA569: change Leader from null to 70b5b581-c134-4e70-98be-52f4a1178c95 at term 1 for appendEntries, leader elected after 5093ms
2020-11-30 19:45:27,872 [grpc-default-executor-2] INFO  impl.RaftServerImpl (ServerState.java:setRaftConf(374)) - 380c32ea-dc91-48bb-a59a-011c9a6c6a90@group-7E097F4FA569: set configuration 0: [70b5b581-c134-4e70-98be-52f4a1178c95|rpc:172.17.0.2:37313|dataStream:, afad6a44-2cb7-4cc9-9b68-87659c1db71e|rpc:172.17.0.2:36927|dataStream:, 380c32ea-dc91-48bb-a59a-011c9a6c6a90|rpc:172.17.0.2:38913|dataStream:], old=null at 0
2020-11-30 19:45:27,873 [grpc-default-executor-2] INFO  segmented.SegmentedRaftLogWorker (SegmentedRaftLogWorker.java:startLogSegment(398)) - 380c32ea-dc91-48bb-a59a-011c9a6c6a90@group-7E097F4FA569-SegmentedRaftLogWorker: Starting segment from index:0
2020-11-30 19:45:27,874 [380c32ea-dc91-48bb-a59a-011c9a6c6a90@group-7E097F4FA569-SegmentedRaftLogWorker] INFO  segmented.SegmentedRaftLogWorker (SegmentedRaftLogWorker.java:execute(597)) - 380c32ea-dc91-48bb-a59a-011c9a6c6a90@group-7E097F4FA569-SegmentedRaftLogWorker: created new log segment /github/workspace/mnt/ozone/hadoop-ozone/integration-test/target/test-dir/MiniOzoneClusterImpl-e29a2f86-0e02-4c39-a42b-ca59556809f6/datanode-1/data/ratis/7b206454-490d-4d50-a3c2-7e097f4fa569/current/log_inprogress_0
2020-11-30 19:45:27,879 [grpc-default-executor-0] INFO  impl.RaftServerImpl (ServerState.java:setRaftConf(374)) - afad6a44-2cb7-4cc9-9b68-87659c1db71e@group-7E097F4FA569: set configuration 0: [70b5b581-c134-4e70-98be-52f4a1178c95|rpc:172.17.0.2:37313|dataStream:, afad6a44-2cb7-4cc9-9b68-87659c1db71e|rpc:172.17.0.2:36927|dataStream:, 380c32ea-dc91-48bb-a59a-011c9a6c6a90|rpc:172.17.0.2:38913|dataStream:], old=null at 0
2020-11-30 19:45:27,880 [grpc-default-executor-0] INFO  segmented.SegmentedRaftLogWorker (SegmentedRaftLogWorker.java:startLogSegment(398)) - afad6a44-2cb7-4cc9-9b68-87659c1db71e@group-7E097F4FA569-SegmentedRaftLogWorker: Starting segment from index:0
2020-11-30 19:45:27,882 [afad6a44-2cb7-4cc9-9b68-87659c1db71e@group-7E097F4FA569-SegmentedRaftLogWorker] INFO  segmented.SegmentedRaftLogWorker (SegmentedRaftLogWorker.java:execute(597)) - afad6a44-2cb7-4cc9-9b68-87659c1db71e@group-7E097F4FA569-SegmentedRaftLogWorker: created new log segment /github/workspace/mnt/ozone/hadoop-ozone/integration-test/target/test-dir/MiniOzoneClusterImpl-e29a2f86-0e02-4c39-a42b-ca59556809f6/datanode-2/data/ratis/7b206454-490d-4d50-a3c2-7e097f4fa569/current/log_inprogress_0
2020-11-30 19:45:27,956 [Thread-640] INFO  impl.FollowerState (FollowerState.java:run(128)) - 380c32ea-dc91-48bb-a59a-011c9a6c6a90@group-4159E0C6EF80-FollowerState: change to CANDIDATE, lastRpcTime:5028ms, electionTimeout:5028ms
2020-11-30 19:45:27,956 [Thread-640] INFO  impl.RoleInfo (RoleInfo.java:shutdownFollowerState(121)) - 380c32ea-dc91-48bb-a59a-011c9a6c6a90: shutdown 380c32ea-dc91-48bb-a59a-011c9a6c6a90@group-4159E0C6EF80-FollowerState
2020-11-30 19:45:27,956 [Thread-640] INFO  impl.RaftServerImpl (RaftServerImpl.java:setRole(204)) - 380c32ea-dc91-48bb-a59a-011c9a6c6a90@group-4159E0C6EF80: changes role from  FOLLOWER to CANDIDATE at term 0 for changeToCandidate
2020-11-30 19:45:27,956 [Thread-640] INFO  impl.RoleInfo (RoleInfo.java:updateAndGet(143)) - 380c32ea-dc91-48bb-a59a-011c9a6c6a90: start 380c32ea-dc91-48bb-a59a-011c9a6c6a90@group-4159E0C6EF80-LeaderElection14
2020-11-30 19:45:27,959 [380c32ea-dc91-48bb-a59a-011c9a6c6a90@group-4159E0C6EF80-LeaderElection14] INFO  impl.LeaderElection (LeaderElection.java:askForVotes(215)) - 380c32ea-dc91-48bb-a59a-011c9a6c6a90@group-4159E0C6EF80-LeaderElection14: begin an election at term 1 for -1: [380c32ea-dc91-48bb-a59a-011c9a6c6a90|rpc:172.17.0.2:38913], old=null
2020-11-30 19:45:27,959 [380c32ea-dc91-48bb-a59a-011c9a6c6a90@group-4159E0C6EF80-LeaderElection14] INFO  impl.RoleInfo (RoleInfo.java:shutdownLeaderElection(134)) - 380c32ea-dc91-48bb-a59a-011c9a6c6a90: shutdown 380c32ea-dc91-48bb-a59a-011c9a6c6a90@group-4159E0C6EF80-LeaderElection14
2020-11-30 19:45:27,959 [380c32ea-dc91-48bb-a59a-011c9a6c6a90@group-4159E0C6EF80-LeaderElection14] INFO  impl.RaftServerImpl (RaftServerImpl.java:setRole(204)) - 380c32ea-dc91-48bb-a59a-011c9a6c6a90@group-4159E0C6EF80: changes role from CANDIDATE to LEADER at term 1 for changeToLeader
2020-11-30 19:45:27,960 [380c32ea-dc91-48bb-a59a-011c9a6c6a90@group-4159E0C6EF80-LeaderElection14] INFO  ratis.XceiverServerRatis (XceiverServerRatis.java:handleLeaderChangedNotification(854)) - Leader change notification received for group: group-4159E0C6EF80 with new leaderId: 380c32ea-dc91-48bb-a59a-011c9a6c6a90
2020-11-30 19:45:27,960 [380c32ea-dc91-48bb-a59a-011c9a6c6a90@group-4159E0C6EF80-LeaderElection14] INFO  impl.RaftServerImpl (ServerState.java:setLeader(256)) - 380c32ea-dc91-48bb-a59a-011c9a6c6a90@group-4159E0C6EF80: change Leader from null to 380c32ea-dc91-48bb-a59a-011c9a6c6a90 at term 1 for becomeLeader, leader elected after 5041ms
2020-11-30 19:45:27,962 [380c32ea-dc91-48bb-a59a-011c9a6c6a90@group-4159E0C6EF80-LeaderElection14] INFO  server.RaftServerConfigKeys (ConfUtils.java:logGet(44)) - raft.server.staging.catchup.gap = 1000 (default)
2020-11-30 19:45:27,962 [380c32ea-dc91-48bb-a59a-011c9a6c6a90@group-4159E0C6EF80-LeaderElection14] INFO  server.RaftServerConfigKeys (ConfUtils.java:logGet(44)) - raft.server.rpc.sleep.time = 25ms (default)
2020-11-30 19:45:27,962 [380c32ea-dc91-48bb-a59a-011c9a6c6a90@group-4159E0C6EF80-LeaderElection14] INFO  metrics.RatisMetrics (RatisMetrics.java:lambda$create$0(36)) - Creating Metrics Registry : ratis.log_appender.380c32ea-dc91-48bb-a59a-011c9a6c6a90@group-4159E0C6EF80
2020-11-30 19:45:27,963 [380c32ea-dc91-48bb-a59a-011c9a6c6a90@group-4159E0C6EF80-LeaderElection14] INFO  server.RaftServerConfigKeys (ConfUtils.java:logGet(44)) - raft.server.write.element-limit = 1024 (custom)
2020-11-30 19:45:27,963 [380c32ea-dc91-48bb-a59a-011c9a6c6a90@group-4159E0C6EF80-LeaderElection14] INFO  server.RaftServerConfigKeys (ConfUtils.java:logGet(44)) - raft.server.write.byte-limit = 1073741824 (custom)
2020-11-30 19:45:27,964 [380c32ea-dc91-48bb-a59a-011c9a6c6a90@group-4159E0C6EF80-LeaderElection14] INFO  server.RaftServerConfigKeys (ConfUtils.java:logGet(44)) - raft.server.watch.timeout = 180s (custom)
2020-11-30 19:45:27,964 [380c32ea-dc91-48bb-a59a-011c9a6c6a90@group-4159E0C6EF80-LeaderElection14] INFO  server.RaftServerConfigKeys (ConfUtils.java:logGet(44)) - raft.server.watch.timeout.denomination = 1s (default)
2020-11-30 19:45:27,964 [380c32ea-dc91-48bb-a59a-011c9a6c6a90@group-4159E0C6EF80-LeaderElection14] INFO  server.RaftServerConfigKeys (ConfUtils.java:logGet(44)) - raft.server.watch.element-limit = 65536 (default)
2020-11-30 19:45:27,964 [380c32ea-dc91-48bb-a59a-011c9a6c6a90@group-4159E0C6EF80-LeaderElection14] INFO  impl.RoleInfo (RoleInfo.java:updateAndGet(143)) - 380c32ea-dc91-48bb-a59a-011c9a6c6a90: start 380c32ea-dc91-48bb-a59a-011c9a6c6a90@group-4159E0C6EF80-LeaderState
2020-11-30 19:45:27,965 [380c32ea-dc91-48bb-a59a-011c9a6c6a90@group-4159E0C6EF80-LeaderElection14] INFO  segmented.SegmentedRaftLogWorker (SegmentedRaftLogWorker.java:startLogSegment(398)) - 380c32ea-dc91-48bb-a59a-011c9a6c6a90@group-4159E0C6EF80-SegmentedRaftLogWorker: Starting segment from index:0
2020-11-30 19:45:27,965 [380c32ea-dc91-48bb-a59a-011c9a6c6a90@group-4159E0C6EF80-LeaderElection14] INFO  impl.RaftServerImpl (ServerState.java:setRaftConf(374)) - 380c32ea-dc91-48bb-a59a-011c9a6c6a90@group-4159E0C6EF80: set configuration 0: [380c32ea-dc91-48bb-a59a-011c9a6c6a90|rpc:172.17.0.2:38913|dataStream:], old=null at 0
2020-11-30 19:45:27,975 [380c32ea-dc91-48bb-a59a-011c9a6c6a90@group-4159E0C6EF80-SegmentedRaftLogWorker] INFO  segmented.SegmentedRaftLogWorker (SegmentedRaftLogWorker.java:execute(597)) - 380c32ea-dc91-48bb-a59a-011c9a6c6a90@group-4159E0C6EF80-SegmentedRaftLogWorker: created new log segment /github/workspace/mnt/ozone/hadoop-ozone/integration-test/target/test-dir/MiniOzoneClusterImpl-e29a2f86-0e02-4c39-a42b-ca59556809f6/datanode-1/data/ratis/b7fa9be7-d2e3-43c5-aa0b-4159e0c6ef80/current/log_inprogress_0
2020-11-30 19:45:28,049 [Listener at 127.0.0.1/45407] INFO  ozone.MiniOzoneClusterImpl (MiniOzoneClusterImpl.java:lambda$waitForClusterToBeReady$0(178)) - Nodes are ready. Got 7 of 7 DN Heartbeats.
2020-11-30 19:45:28,049 [Listener at 127.0.0.1/45407] INFO  ozone.MiniOzoneClusterImpl (MiniOzoneClusterImpl.java:lambda$waitForClusterToBeReady$0(181)) - Cluster exits safe mode
2020-11-30 19:45:28,063 [Listener at 127.0.0.1/45407] INFO  rpc.RpcClient (RpcClient.java:createVolume(272)) - Creating Volume: testblockoutputstreamwithretries, with jenkins1001 as owner.
2020-11-30 19:45:28,065 [IPC Server handler 3 on default port 45407] INFO  volume.OMVolumeCreateRequest (OMVolumeCreateRequest.java:validateAndUpdateCache(196)) - created volume:testblockoutputstreamwithretries for user:jenkins1001
2020-11-30 19:45:28,069 [Listener at 127.0.0.1/45407] INFO  rpc.RpcClient (RpcClient.java:createBucket(425)) - Creating Bucket: testblockoutputstreamwithretries/testblockoutputstreamwithretries, with Versioning false and Storage Type set to DISK and Encryption set to false 
2020-11-30 19:45:28,092 [Listener at 127.0.0.1/45407] INFO  metrics.RatisMetrics (RatisMetrics.java:lambda$create$0(36)) - Creating Metrics Registry : ratis.client_message_metrics.client-B3952F626712->70b5b581-c134-4e70-98be-52f4a1178c95
2020-11-30 19:45:28,099 [grpc-default-executor-2] INFO  metrics.RatisMetrics (RatisMetrics.java:lambda$create$0(36)) - Creating Metrics Registry : ratis.server_message_metrics.70b5b581-c134-4e70-98be-52f4a1178c95
2020-11-30 19:45:28,186 [Listener at 127.0.0.1/45407] INFO  metrics.RatisMetrics (RatisMetrics.java:lambda$create$0(36)) - Creating Metrics Registry : ratis.client_message_metrics.client-59485D216B6C->afad6a44-2cb7-4cc9-9b68-87659c1db71e
2020-11-30 19:45:28,208 [Thread-642] INFO  impl.FollowerState (FollowerState.java:run(128)) - afad6a44-2cb7-4cc9-9b68-87659c1db71e@group-94A0457BFEE0-FollowerState: change to CANDIDATE, lastRpcTime:5106ms, electionTimeout:5097ms
2020-11-30 19:45:28,208 [Thread-642] INFO  impl.RoleInfo (RoleInfo.java:shutdownFollowerState(121)) - afad6a44-2cb7-4cc9-9b68-87659c1db71e: shutdown afad6a44-2cb7-4cc9-9b68-87659c1db71e@group-94A0457BFEE0-FollowerState
2020-11-30 19:45:28,208 [Thread-642] INFO  impl.RaftServerImpl (RaftServerImpl.java:setRole(204)) - afad6a44-2cb7-4cc9-9b68-87659c1db71e@group-94A0457BFEE0: changes role from  FOLLOWER to CANDIDATE at term 0 for changeToCandidate
2020-11-30 19:45:28,208 [Thread-642] INFO  impl.RoleInfo (RoleInfo.java:updateAndGet(143)) - afad6a44-2cb7-4cc9-9b68-87659c1db71e: start afad6a44-2cb7-4cc9-9b68-87659c1db71e@group-94A0457BFEE0-LeaderElection15
2020-11-30 19:45:28,212 [afad6a44-2cb7-4cc9-9b68-87659c1db71e@group-94A0457BFEE0-LeaderElection15] INFO  impl.LeaderElection (LeaderElection.java:askForVotes(215)) - afad6a44-2cb7-4cc9-9b68-87659c1db71e@group-94A0457BFEE0-LeaderElection15: begin an election at term 1 for -1: [afad6a44-2cb7-4cc9-9b68-87659c1db71e|rpc:172.17.0.2:36927], old=null
2020-11-30 19:45:28,212 [afad6a44-2cb7-4cc9-9b68-87659c1db71e@group-94A0457BFEE0-LeaderElection15] INFO  impl.RoleInfo (RoleInfo.java:shutdownLeaderElection(134)) - afad6a44-2cb7-4cc9-9b68-87659c1db71e: shutdown afad6a44-2cb7-4cc9-9b68-87659c1db71e@group-94A0457BFEE0-LeaderElection15
2020-11-30 19:45:28,212 [afad6a44-2cb7-4cc9-9b68-87659c1db71e@group-94A0457BFEE0-LeaderElection15] INFO  impl.RaftServerImpl (RaftServerImpl.java:setRole(204)) - afad6a44-2cb7-4cc9-9b68-87659c1db71e@group-94A0457BFEE0: changes role from CANDIDATE to LEADER at term 1 for changeToLeader
2020-11-30 19:45:28,212 [afad6a44-2cb7-4cc9-9b68-87659c1db71e@group-94A0457BFEE0-LeaderElection15] INFO  ratis.XceiverServerRatis (XceiverServerRatis.java:handleLeaderChangedNotification(854)) - Leader change notification received for group: group-94A0457BFEE0 with new leaderId: afad6a44-2cb7-4cc9-9b68-87659c1db71e
2020-11-30 19:45:28,213 [afad6a44-2cb7-4cc9-9b68-87659c1db71e@group-94A0457BFEE0-LeaderElection15] INFO  impl.RaftServerImpl (ServerState.java:setLeader(256)) - afad6a44-2cb7-4cc9-9b68-87659c1db71e@group-94A0457BFEE0: change Leader from null to afad6a44-2cb7-4cc9-9b68-87659c1db71e at term 1 for becomeLeader, leader elected after 5120ms
2020-11-30 19:45:28,214 [afad6a44-2cb7-4cc9-9b68-87659c1db71e@group-94A0457BFEE0-LeaderElection15] INFO  server.RaftServerConfigKeys (ConfUtils.java:logGet(44)) - raft.server.staging.catchup.gap = 1000 (default)
2020-11-30 19:45:28,214 [afad6a44-2cb7-4cc9-9b68-87659c1db71e@group-94A0457BFEE0-LeaderElection15] INFO  server.RaftServerConfigKeys (ConfUtils.java:logGet(44)) - raft.server.rpc.sleep.time = 25ms (default)
2020-11-30 19:45:28,214 [afad6a44-2cb7-4cc9-9b68-87659c1db71e@group-94A0457BFEE0-LeaderElection15] INFO  metrics.RatisMetrics (RatisMetrics.java:lambda$create$0(36)) - Creating Metrics Registry : ratis.log_appender.afad6a44-2cb7-4cc9-9b68-87659c1db71e@group-94A0457BFEE0
2020-11-30 19:45:28,214 [afad6a44-2cb7-4cc9-9b68-87659c1db71e@group-94A0457BFEE0-LeaderElection15] INFO  server.RaftServerConfigKeys (ConfUtils.java:logGet(44)) - raft.server.write.element-limit = 1024 (custom)
2020-11-30 19:45:28,214 [afad6a44-2cb7-4cc9-9b68-87659c1db71e@group-94A0457BFEE0-LeaderElection15] INFO  server.RaftServerConfigKeys (ConfUtils.java:logGet(44)) - raft.server.write.byte-limit = 1073741824 (custom)
2020-11-30 19:45:28,215 [afad6a44-2cb7-4cc9-9b68-87659c1db71e@group-94A0457BFEE0-LeaderElection15] INFO  server.RaftServerConfigKeys (ConfUtils.java:logGet(44)) - raft.server.watch.timeout = 180s (custom)
2020-11-30 19:45:28,215 [afad6a44-2cb7-4cc9-9b68-87659c1db71e@group-94A0457BFEE0-LeaderElection15] INFO  server.RaftServerConfigKeys (ConfUtils.java:logGet(44)) - raft.server.watch.timeout.denomination = 1s (default)
2020-11-30 19:45:28,215 [afad6a44-2cb7-4cc9-9b68-87659c1db71e@group-94A0457BFEE0-LeaderElection15] INFO  server.RaftServerConfigKeys (ConfUtils.java:logGet(44)) - raft.server.watch.element-limit = 65536 (default)
2020-11-30 19:45:28,215 [afad6a44-2cb7-4cc9-9b68-87659c1db71e@group-94A0457BFEE0-LeaderElection15] INFO  impl.RoleInfo (RoleInfo.java:updateAndGet(143)) - afad6a44-2cb7-4cc9-9b68-87659c1db71e: start afad6a44-2cb7-4cc9-9b68-87659c1db71e@group-94A0457BFEE0-LeaderState
2020-11-30 19:45:28,215 [afad6a44-2cb7-4cc9-9b68-87659c1db71e@group-94A0457BFEE0-LeaderElection15] INFO  segmented.SegmentedRaftLogWorker (SegmentedRaftLogWorker.java:startLogSegment(398)) - afad6a44-2cb7-4cc9-9b68-87659c1db71e@group-94A0457BFEE0-SegmentedRaftLogWorker: Starting segment from index:0
2020-11-30 19:45:28,216 [afad6a44-2cb7-4cc9-9b68-87659c1db71e@group-94A0457BFEE0-SegmentedRaftLogWorker] INFO  segmented.SegmentedRaftLogWorker (SegmentedRaftLogWorker.java:execute(597)) - afad6a44-2cb7-4cc9-9b68-87659c1db71e@group-94A0457BFEE0-SegmentedRaftLogWorker: created new log segment /github/workspace/mnt/ozone/hadoop-ozone/integration-test/target/test-dir/MiniOzoneClusterImpl-e29a2f86-0e02-4c39-a42b-ca59556809f6/datanode-2/data/ratis/0af8f810-e01b-4539-9b9b-94a0457bfee0/current/log_inprogress_0
2020-11-30 19:45:28,218 [afad6a44-2cb7-4cc9-9b68-87659c1db71e@group-94A0457BFEE0-LeaderElection15] INFO  impl.RaftServerImpl (ServerState.java:setRaftConf(374)) - afad6a44-2cb7-4cc9-9b68-87659c1db71e@group-94A0457BFEE0: set configuration 0: [afad6a44-2cb7-4cc9-9b68-87659c1db71e|rpc:172.17.0.2:36927|dataStream:], old=null at 0
2020-11-30 19:45:28,391 [Thread-648] INFO  impl.FollowerState (FollowerState.java:run(128)) - 62b863f3-593a-4903-871b-b217a8ac38c6@group-F5BD7DFE9F34-FollowerState: change to CANDIDATE, lastRpcTime:5045ms, electionTimeout:5044ms
2020-11-30 19:45:28,392 [Thread-648] INFO  impl.RoleInfo (RoleInfo.java:shutdownFollowerState(121)) - 62b863f3-593a-4903-871b-b217a8ac38c6: shutdown 62b863f3-593a-4903-871b-b217a8ac38c6@group-F5BD7DFE9F34-FollowerState
2020-11-30 19:45:28,392 [Thread-648] INFO  impl.RaftServerImpl (RaftServerImpl.java:setRole(204)) - 62b863f3-593a-4903-871b-b217a8ac38c6@group-F5BD7DFE9F34: changes role from  FOLLOWER to CANDIDATE at term 0 for changeToCandidate
2020-11-30 19:45:28,392 [Thread-648] INFO  impl.RoleInfo (RoleInfo.java:updateAndGet(143)) - 62b863f3-593a-4903-871b-b217a8ac38c6: start 62b863f3-593a-4903-871b-b217a8ac38c6@group-F5BD7DFE9F34-LeaderElection16
2020-11-30 19:45:28,395 [62b863f3-593a-4903-871b-b217a8ac38c6@group-F5BD7DFE9F34-LeaderElection16] INFO  impl.LeaderElection (LeaderElection.java:askForVotes(215)) - 62b863f3-593a-4903-871b-b217a8ac38c6@group-F5BD7DFE9F34-LeaderElection16: begin an election at term 1 for -1: [ade932d9-a820-4647-aac5-71d70ca86541|rpc:172.17.0.2:39053|dataStream:, 8c573d92-c9cf-477f-8aa0-4f15145726d2|rpc:172.17.0.2:43725|dataStream:, 62b863f3-593a-4903-871b-b217a8ac38c6|rpc:172.17.0.2:43681|dataStream:], old=null
2020-11-30 19:45:28,404 [Thread-646] INFO  impl.FollowerState (FollowerState.java:run(128)) - ade932d9-a820-4647-aac5-71d70ca86541@group-F5BD7DFE9F34-FollowerState: change to CANDIDATE, lastRpcTime:5085ms, electionTimeout:5084ms
2020-11-30 19:45:28,404 [Thread-646] INFO  impl.RoleInfo (RoleInfo.java:shutdownFollowerState(121)) - ade932d9-a820-4647-aac5-71d70ca86541: shutdown ade932d9-a820-4647-aac5-71d70ca86541@group-F5BD7DFE9F34-FollowerState
2020-11-30 19:45:28,404 [Thread-646] INFO  impl.RaftServerImpl (RaftServerImpl.java:setRole(204)) - ade932d9-a820-4647-aac5-71d70ca86541@group-F5BD7DFE9F34: changes role from  FOLLOWER to CANDIDATE at term 0 for changeToCandidate
2020-11-30 19:45:28,405 [Thread-646] INFO  impl.RoleInfo (RoleInfo.java:updateAndGet(143)) - ade932d9-a820-4647-aac5-71d70ca86541: start ade932d9-a820-4647-aac5-71d70ca86541@group-F5BD7DFE9F34-LeaderElection17
2020-11-30 19:45:28,406 [Thread-644] INFO  impl.FollowerState (FollowerState.java:run(128)) - ade932d9-a820-4647-aac5-71d70ca86541@group-D1D05E516EF9-FollowerState: change to CANDIDATE, lastRpcTime:5098ms, electionTimeout:5098ms
2020-11-30 19:45:28,406 [Thread-644] INFO  impl.RoleInfo (RoleInfo.java:shutdownFollowerState(121)) - ade932d9-a820-4647-aac5-71d70ca86541: shutdown ade932d9-a820-4647-aac5-71d70ca86541@group-D1D05E516EF9-FollowerState
2020-11-30 19:45:28,406 [Thread-644] INFO  impl.RaftServerImpl (RaftServerImpl.java:setRole(204)) - ade932d9-a820-4647-aac5-71d70ca86541@group-D1D05E516EF9: changes role from  FOLLOWER to CANDIDATE at term 0 for changeToCandidate
2020-11-30 19:45:28,411 [Thread-644] INFO  impl.RoleInfo (RoleInfo.java:updateAndGet(143)) - ade932d9-a820-4647-aac5-71d70ca86541: start ade932d9-a820-4647-aac5-71d70ca86541@group-D1D05E516EF9-LeaderElection18
2020-11-30 19:45:28,411 [grpc-default-executor-0] INFO  impl.RaftServerImpl (RaftServerImpl.java:setRole(204)) - 8c573d92-c9cf-477f-8aa0-4f15145726d2@group-F5BD7DFE9F34: changes role from  FOLLOWER to FOLLOWER at term 1 for recognizeCandidate:62b863f3-593a-4903-871b-b217a8ac38c6
2020-11-30 19:45:28,411 [grpc-default-executor-0] INFO  impl.RoleInfo (RoleInfo.java:shutdownFollowerState(121)) - 8c573d92-c9cf-477f-8aa0-4f15145726d2: shutdown 8c573d92-c9cf-477f-8aa0-4f15145726d2@group-F5BD7DFE9F34-FollowerState
2020-11-30 19:45:28,411 [grpc-default-executor-0] INFO  impl.RoleInfo (RoleInfo.java:updateAndGet(143)) - 8c573d92-c9cf-477f-8aa0-4f15145726d2: start 8c573d92-c9cf-477f-8aa0-4f15145726d2@group-F5BD7DFE9F34-FollowerState
2020-11-30 19:45:28,411 [Thread-651] INFO  impl.FollowerState (FollowerState.java:run(137)) - 8c573d92-c9cf-477f-8aa0-4f15145726d2@group-F5BD7DFE9F34-FollowerState was interrupted: {}
java.lang.InterruptedException: sleep interrupted
	at java.lang.Thread.sleep(Native Method)
	at org.apache.ratis.util.JavaUtils.sleep(JavaUtils.java:250)
	at org.apache.ratis.server.impl.FollowerState.run(FollowerState.java:116)
2020-11-30 19:45:28,412 [grpc-default-executor-0] INFO  impl.RaftServerImpl (RaftServerImpl.java:requestVote(963)) -  FOLLOWER 8c573d92-c9cf-477f-8aa0-4f15145726d2@group-F5BD7DFE9F34:t1, leader=null, voted=null, raftlog=8c573d92-c9cf-477f-8aa0-4f15145726d2@group-F5BD7DFE9F34-SegmentedRaftLog:OPENED:c-1,f-1,i0, conf=-1: [ade932d9-a820-4647-aac5-71d70ca86541|rpc:172.17.0.2:39053|dataStream:, 8c573d92-c9cf-477f-8aa0-4f15145726d2|rpc:172.17.0.2:43725|dataStream:, 62b863f3-593a-4903-871b-b217a8ac38c6|rpc:172.17.0.2:43681|dataStream:], old=null RUNNING priority:0 candidate:62b863f3-593a-4903-871b-b217a8ac38c6|rpc:172.17.0.2:43681|dataStream: candidatePriority:0 compare:0
2020-11-30 19:45:28,414 [grpc-default-executor-2] INFO  metrics.RatisMetrics (RatisMetrics.java:lambda$create$0(36)) - Creating Metrics Registry : ratis.server_message_metrics.ade932d9-a820-4647-aac5-71d70ca86541
2020-11-30 19:45:28,418 [grpc-default-executor-2] INFO  impl.RaftServerImpl (RaftServerImpl.java:setRole(204)) - ade932d9-a820-4647-aac5-71d70ca86541@group-F5BD7DFE9F34: changes role from CANDIDATE to FOLLOWER at term 1 for recognizeCandidate:62b863f3-593a-4903-871b-b217a8ac38c6
2020-11-30 19:45:28,418 [grpc-default-executor-2] INFO  impl.RoleInfo (RoleInfo.java:shutdownLeaderElection(134)) - ade932d9-a820-4647-aac5-71d70ca86541: shutdown ade932d9-a820-4647-aac5-71d70ca86541@group-F5BD7DFE9F34-LeaderElection17
2020-11-30 19:45:28,418 [62b863f3-593a-4903-871b-b217a8ac38c6@group-F5BD7DFE9F34-LeaderElection16] INFO  impl.LeaderElection (LeaderElection.java:logAndReturn(65)) - 62b863f3-593a-4903-871b-b217a8ac38c6@group-F5BD7DFE9F34-LeaderElection16: Election PASSED; received 1 response(s) [62b863f3-593a-4903-871b-b217a8ac38c6<-8c573d92-c9cf-477f-8aa0-4f15145726d2#0:OK-t1] and 0 exception(s); 62b863f3-593a-4903-871b-b217a8ac38c6@group-F5BD7DFE9F34:t1, leader=null, voted=62b863f3-593a-4903-871b-b217a8ac38c6, raftlog=62b863f3-593a-4903-871b-b217a8ac38c6@group-F5BD7DFE9F34-SegmentedRaftLog:OPENED:c-1,f-1,i0, conf=-1: [ade932d9-a820-4647-aac5-71d70ca86541|rpc:172.17.0.2:39053|dataStream:, 8c573d92-c9cf-477f-8aa0-4f15145726d2|rpc:172.17.0.2:43725|dataStream:, 62b863f3-593a-4903-871b-b217a8ac38c6|rpc:172.17.0.2:43681|dataStream:], old=null
2020-11-30 19:45:28,418 [grpc-default-executor-2] INFO  impl.RoleInfo (RoleInfo.java:updateAndGet(143)) - ade932d9-a820-4647-aac5-71d70ca86541: start ade932d9-a820-4647-aac5-71d70ca86541@group-F5BD7DFE9F34-FollowerState
2020-11-30 19:45:28,418 [62b863f3-593a-4903-871b-b217a8ac38c6@group-F5BD7DFE9F34-LeaderElection16] INFO  impl.RoleInfo (RoleInfo.java:shutdownLeaderElection(134)) - 62b863f3-593a-4903-871b-b217a8ac38c6: shutdown 62b863f3-593a-4903-871b-b217a8ac38c6@group-F5BD7DFE9F34-LeaderElection16
2020-11-30 19:45:28,427 [62b863f3-593a-4903-871b-b217a8ac38c6@group-F5BD7DFE9F34-LeaderElection16] INFO  impl.RaftServerImpl (RaftServerImpl.java:setRole(204)) - 62b863f3-593a-4903-871b-b217a8ac38c6@group-F5BD7DFE9F34: changes role from CANDIDATE to LEADER at term 1 for changeToLeader
2020-11-30 19:45:28,427 [62b863f3-593a-4903-871b-b217a8ac38c6@group-F5BD7DFE9F34-LeaderElection16] INFO  ratis.XceiverServerRatis (XceiverServerRatis.java:handleLeaderChangedNotification(854)) - Leader change notification received for group: group-F5BD7DFE9F34 with new leaderId: 62b863f3-593a-4903-871b-b217a8ac38c6
2020-11-30 19:45:28,420 [ade932d9-a820-4647-aac5-71d70ca86541@group-D1D05E516EF9-LeaderElection18] INFO  impl.LeaderElection (LeaderElection.java:askForVotes(215)) - ade932d9-a820-4647-aac5-71d70ca86541@group-D1D05E516EF9-LeaderElection18: begin an election at term 1 for -1: [ade932d9-a820-4647-aac5-71d70ca86541|rpc:172.17.0.2:39053], old=null
2020-11-30 19:45:28,429 [62b863f3-593a-4903-871b-b217a8ac38c6@group-F5BD7DFE9F34-LeaderElection16] INFO  impl.RaftServerImpl (ServerState.java:setLeader(256)) - 62b863f3-593a-4903-871b-b217a8ac38c6@group-F5BD7DFE9F34: change Leader from null to 62b863f3-593a-4903-871b-b217a8ac38c6 at term 1 for becomeLeader, leader elected after 5088ms
2020-11-30 19:45:28,429 [62b863f3-593a-4903-871b-b217a8ac38c6@group-F5BD7DFE9F34-LeaderElection16] INFO  server.RaftServerConfigKeys (ConfUtils.java:logGet(44)) - raft.server.staging.catchup.gap = 1000 (default)
2020-11-30 19:45:28,429 [62b863f3-593a-4903-871b-b217a8ac38c6@group-F5BD7DFE9F34-LeaderElection16] INFO  server.RaftServerConfigKeys (ConfUtils.java:logGet(44)) - raft.server.rpc.sleep.time = 25ms (default)
2020-11-30 19:45:28,429 [62b863f3-593a-4903-871b-b217a8ac38c6@group-F5BD7DFE9F34-LeaderElection16] INFO  metrics.RatisMetrics (RatisMetrics.java:lambda$create$0(36)) - Creating Metrics Registry : ratis.log_appender.62b863f3-593a-4903-871b-b217a8ac38c6@group-F5BD7DFE9F34
2020-11-30 19:45:28,429 [62b863f3-593a-4903-871b-b217a8ac38c6@group-F5BD7DFE9F34-LeaderElection16] INFO  server.RaftServerConfigKeys (ConfUtils.java:logGet(44)) - raft.server.write.element-limit = 1024 (custom)
2020-11-30 19:45:28,429 [62b863f3-593a-4903-871b-b217a8ac38c6@group-F5BD7DFE9F34-LeaderElection16] INFO  server.RaftServerConfigKeys (ConfUtils.java:logGet(44)) - raft.server.write.byte-limit = 1073741824 (custom)
2020-11-30 19:45:28,430 [62b863f3-593a-4903-871b-b217a8ac38c6@group-F5BD7DFE9F34-LeaderElection16] INFO  server.RaftServerConfigKeys (ConfUtils.java:logGet(44)) - raft.server.watch.timeout = 180s (custom)
2020-11-30 19:45:28,430 [62b863f3-593a-4903-871b-b217a8ac38c6@group-F5BD7DFE9F34-LeaderElection16] INFO  server.RaftServerConfigKeys (ConfUtils.java:logGet(44)) - raft.server.watch.timeout.denomination = 1s (default)
2020-11-30 19:45:28,430 [62b863f3-593a-4903-871b-b217a8ac38c6@group-F5BD7DFE9F34-LeaderElection16] INFO  server.RaftServerConfigKeys (ConfUtils.java:logGet(44)) - raft.server.watch.element-limit = 65536 (default)
2020-11-30 19:45:28,431 [62b863f3-593a-4903-871b-b217a8ac38c6@group-F5BD7DFE9F34-LeaderElection16] INFO  server.RaftServerConfigKeys (ConfUtils.java:logGet(44)) - raft.server.log.appender.snapshot.chunk.size.max = 16MB (=16777216) (default)
2020-11-30 19:45:28,431 [62b863f3-593a-4903-871b-b217a8ac38c6@group-F5BD7DFE9F34-LeaderElection16] INFO  server.RaftServerConfigKeys (ConfUtils.java:logGet(44)) - raft.server.log.appender.buffer.byte-limit = 33554432 (custom)
2020-11-30 19:45:28,432 [62b863f3-593a-4903-871b-b217a8ac38c6@group-F5BD7DFE9F34-LeaderElection16] INFO  server.RaftServerConfigKeys (ConfUtils.java:logGet(44)) - raft.server.log.appender.buffer.element-limit = 1 (custom)
2020-11-30 19:45:28,432 [62b863f3-593a-4903-871b-b217a8ac38c6@group-F5BD7DFE9F34-LeaderElection16] INFO  grpc.GrpcConfigKeys (ConfUtils.java:logGet(44)) - raft.grpc.server.leader.outstanding.appends.max = 128 (default)
2020-11-30 19:45:28,432 [62b863f3-593a-4903-871b-b217a8ac38c6@group-F5BD7DFE9F34-LeaderElection16] INFO  server.RaftServerConfigKeys (ConfUtils.java:logGet(44)) - raft.server.rpc.request.timeout = 60s (custom)
2020-11-30 19:45:28,432 [EventQueue-PipelineReportForPipelineReportHandler] INFO  pipeline.PipelineStateManager (PipelineStateManager.java:openPipeline(132)) - Pipeline Pipeline[ Id: 13782f0c-139c-45d5-a327-f5bd7dfe9f34, Nodes: 62b863f3-593a-4903-871b-b217a8ac38c6{ip: 172.17.0.2, host: 2c46048f23a6, networkLocation: /default-rack, certSerialId: null}8c573d92-c9cf-477f-8aa0-4f15145726d2{ip: 172.17.0.2, host: 2c46048f23a6, networkLocation: /default-rack, certSerialId: null}ade932d9-a820-4647-aac5-71d70ca86541{ip: 172.17.0.2, host: 2c46048f23a6, networkLocation: /default-rack, certSerialId: null}, Type:RATIS, Factor:THREE, State:ALLOCATED, leaderId:62b863f3-593a-4903-871b-b217a8ac38c6, CreationTimestamp2020-11-30T19:45:20.726Z] moved to OPEN state
2020-11-30 19:45:28,432 [ade932d9-a820-4647-aac5-71d70ca86541@group-D1D05E516EF9-LeaderElection18] INFO  impl.RoleInfo (RoleInfo.java:shutdownLeaderElection(134)) - ade932d9-a820-4647-aac5-71d70ca86541: shutdown ade932d9-a820-4647-aac5-71d70ca86541@group-D1D05E516EF9-LeaderElection18
2020-11-30 19:45:28,432 [62b863f3-593a-4903-871b-b217a8ac38c6@group-F5BD7DFE9F34-LeaderElection16] INFO  server.RaftServerConfigKeys (ConfUtils.java:logGet(44)) - raft.server.log.appender.install.snapshot.enabled = false (custom)
2020-11-30 19:45:28,435 [62b863f3-593a-4903-871b-b217a8ac38c6@group-F5BD7DFE9F34-LeaderElection16] INFO  metrics.RatisMetrics (RatisMetrics.java:lambda$create$0(36)) - Creating Metrics Registry : ratis_grpc.log_appender.62b863f3-593a-4903-871b-b217a8ac38c6@group-F5BD7DFE9F34
2020-11-30 19:45:28,432 [ade932d9-a820-4647-aac5-71d70ca86541@group-D1D05E516EF9-LeaderElection18] INFO  impl.RaftServerImpl (RaftServerImpl.java:setRole(204)) - ade932d9-a820-4647-aac5-71d70ca86541@group-D1D05E516EF9: changes role from CANDIDATE to LEADER at term 1 for changeToLeader
2020-11-30 19:45:28,435 [ade932d9-a820-4647-aac5-71d70ca86541@group-D1D05E516EF9-LeaderElection18] INFO  ratis.XceiverServerRatis (XceiverServerRatis.java:handleLeaderChangedNotification(854)) - Leader change notification received for group: group-D1D05E516EF9 with new leaderId: ade932d9-a820-4647-aac5-71d70ca86541
2020-11-30 19:45:28,436 [ade932d9-a820-4647-aac5-71d70ca86541@group-D1D05E516EF9-LeaderElection18] INFO  impl.RaftServerImpl (ServerState.java:setLeader(256)) - ade932d9-a820-4647-aac5-71d70ca86541@group-D1D05E516EF9: change Leader from null to ade932d9-a820-4647-aac5-71d70ca86541 at term 1 for becomeLeader, leader elected after 5134ms
2020-11-30 19:45:28,436 [ade932d9-a820-4647-aac5-71d70ca86541@group-D1D05E516EF9-LeaderElection18] INFO  server.RaftServerConfigKeys (ConfUtils.java:logGet(44)) - raft.server.staging.catchup.gap = 1000 (default)
2020-11-30 19:45:28,436 [ade932d9-a820-4647-aac5-71d70ca86541@group-D1D05E516EF9-LeaderElection18] INFO  server.RaftServerConfigKeys (ConfUtils.java:logGet(44)) - raft.server.rpc.sleep.time = 25ms (default)
2020-11-30 19:45:28,436 [ade932d9-a820-4647-aac5-71d70ca86541@group-D1D05E516EF9-LeaderElection18] INFO  metrics.RatisMetrics (RatisMetrics.java:lambda$create$0(36)) - Creating Metrics Registry : ratis.log_appender.ade932d9-a820-4647-aac5-71d70ca86541@group-D1D05E516EF9
2020-11-30 19:45:28,436 [ade932d9-a820-4647-aac5-71d70ca86541@group-D1D05E516EF9-LeaderElection18] INFO  server.RaftServerConfigKeys (ConfUtils.java:logGet(44)) - raft.server.write.element-limit = 1024 (custom)
2020-11-30 19:45:28,436 [62b863f3-593a-4903-871b-b217a8ac38c6@group-F5BD7DFE9F34-LeaderElection16] INFO  server.RaftServerConfigKeys (ConfUtils.java:logGet(44)) - raft.server.log.appender.snapshot.chunk.size.max = 16MB (=16777216) (default)
2020-11-30 19:45:28,437 [62b863f3-593a-4903-871b-b217a8ac38c6@group-F5BD7DFE9F34-LeaderElection16] INFO  server.RaftServerConfigKeys (ConfUtils.java:logGet(44)) - raft.server.log.appender.buffer.byte-limit = 33554432 (custom)
2020-11-30 19:45:28,437 [62b863f3-593a-4903-871b-b217a8ac38c6@group-F5BD7DFE9F34-LeaderElection16] INFO  server.RaftServerConfigKeys (ConfUtils.java:logGet(44)) - raft.server.log.appender.buffer.element-limit = 1 (custom)
2020-11-30 19:45:28,436 [ade932d9-a820-4647-aac5-71d70ca86541@group-D1D05E516EF9-LeaderElection18] INFO  server.RaftServerConfigKeys (ConfUtils.java:logGet(44)) - raft.server.write.byte-limit = 1073741824 (custom)
2020-11-30 19:45:28,437 [62b863f3-593a-4903-871b-b217a8ac38c6@group-F5BD7DFE9F34-LeaderElection16] INFO  grpc.GrpcConfigKeys (ConfUtils.java:logGet(44)) - raft.grpc.server.leader.outstanding.appends.max = 128 (default)
2020-11-30 19:45:28,437 [62b863f3-593a-4903-871b-b217a8ac38c6@group-F5BD7DFE9F34-LeaderElection16] INFO  server.RaftServerConfigKeys (ConfUtils.java:logGet(44)) - raft.server.rpc.request.timeout = 60s (custom)
2020-11-30 19:45:28,437 [62b863f3-593a-4903-871b-b217a8ac38c6@group-F5BD7DFE9F34-LeaderElection16] INFO  server.RaftServerConfigKeys (ConfUtils.java:logGet(44)) - raft.server.log.appender.install.snapshot.enabled = false (custom)
2020-11-30 19:45:28,437 [ade932d9-a820-4647-aac5-71d70ca86541@group-D1D05E516EF9-LeaderElection18] INFO  server.RaftServerConfigKeys (ConfUtils.java:logGet(44)) - raft.server.watch.timeout = 180s (custom)
2020-11-30 19:45:28,437 [ade932d9-a820-4647-aac5-71d70ca86541@group-D1D05E516EF9-LeaderElection18] INFO  server.RaftServerConfigKeys (ConfUtils.java:logGet(44)) - raft.server.watch.timeout.denomination = 1s (default)
2020-11-30 19:45:28,438 [ade932d9-a820-4647-aac5-71d70ca86541@group-D1D05E516EF9-LeaderElection18] INFO  server.RaftServerConfigKeys (ConfUtils.java:logGet(44)) - raft.server.watch.element-limit = 65536 (default)
2020-11-30 19:45:28,438 [ade932d9-a820-4647-aac5-71d70ca86541@group-D1D05E516EF9-LeaderElection18] INFO  impl.RoleInfo (RoleInfo.java:updateAndGet(143)) - ade932d9-a820-4647-aac5-71d70ca86541: start ade932d9-a820-4647-aac5-71d70ca86541@group-D1D05E516EF9-LeaderState
2020-11-30 19:45:28,438 [ade932d9-a820-4647-aac5-71d70ca86541@group-D1D05E516EF9-LeaderElection18] INFO  segmented.SegmentedRaftLogWorker (SegmentedRaftLogWorker.java:startLogSegment(398)) - ade932d9-a820-4647-aac5-71d70ca86541@group-D1D05E516EF9-SegmentedRaftLogWorker: Starting segment from index:0
2020-11-30 19:45:28,439 [ade932d9-a820-4647-aac5-71d70ca86541@group-D1D05E516EF9-LeaderElection18] INFO  impl.RaftServerImpl (ServerState.java:setRaftConf(374)) - ade932d9-a820-4647-aac5-71d70ca86541@group-D1D05E516EF9: set configuration 0: [ade932d9-a820-4647-aac5-71d70ca86541|rpc:172.17.0.2:39053|dataStream:], old=null at 0
2020-11-30 19:45:28,439 [ade932d9-a820-4647-aac5-71d70ca86541@group-D1D05E516EF9-SegmentedRaftLogWorker] INFO  segmented.SegmentedRaftLogWorker (SegmentedRaftLogWorker.java:execute(597)) - ade932d9-a820-4647-aac5-71d70ca86541@group-D1D05E516EF9-SegmentedRaftLogWorker: created new log segment /github/workspace/mnt/ozone/hadoop-ozone/integration-test/target/test-dir/MiniOzoneClusterImpl-e29a2f86-0e02-4c39-a42b-ca59556809f6/datanode-3/data/ratis/3234c648-5abd-48ee-b8f2-d1d05e516ef9/current/log_inprogress_0
2020-11-30 19:45:28,442 [62b863f3-593a-4903-871b-b217a8ac38c6@group-F5BD7DFE9F34-LeaderElection16] INFO  impl.RoleInfo (RoleInfo.java:updateAndGet(143)) - 62b863f3-593a-4903-871b-b217a8ac38c6: start 62b863f3-593a-4903-871b-b217a8ac38c6@group-F5BD7DFE9F34-LeaderState
2020-11-30 19:45:28,443 [62b863f3-593a-4903-871b-b217a8ac38c6@group-F5BD7DFE9F34-LeaderElection16] INFO  segmented.SegmentedRaftLogWorker (SegmentedRaftLogWorker.java:startLogSegment(398)) - 62b863f3-593a-4903-871b-b217a8ac38c6@group-F5BD7DFE9F34-SegmentedRaftLogWorker: Starting segment from index:0
2020-11-30 19:45:28,444 [62b863f3-593a-4903-871b-b217a8ac38c6@group-F5BD7DFE9F34-SegmentedRaftLogWorker] INFO  segmented.SegmentedRaftLogWorker (SegmentedRaftLogWorker.java:execute(597)) - 62b863f3-593a-4903-871b-b217a8ac38c6@group-F5BD7DFE9F34-SegmentedRaftLogWorker: created new log segment /github/workspace/mnt/ozone/hadoop-ozone/integration-test/target/test-dir/MiniOzoneClusterImpl-e29a2f86-0e02-4c39-a42b-ca59556809f6/datanode-5/data/ratis/13782f0c-139c-45d5-a327-f5bd7dfe9f34/current/log_inprogress_0
2020-11-30 19:45:28,459 [62b863f3-593a-4903-871b-b217a8ac38c6@group-F5BD7DFE9F34-LeaderElection16] INFO  impl.RaftServerImpl (ServerState.java:setRaftConf(374)) - 62b863f3-593a-4903-871b-b217a8ac38c6@group-F5BD7DFE9F34: set configuration 0: [ade932d9-a820-4647-aac5-71d70ca86541|rpc:172.17.0.2:39053|dataStream:, 8c573d92-c9cf-477f-8aa0-4f15145726d2|rpc:172.17.0.2:43725|dataStream:, 62b863f3-593a-4903-871b-b217a8ac38c6|rpc:172.17.0.2:43681|dataStream:], old=null at 0
2020-11-30 19:45:28,463 [grpc-default-executor-2] INFO  ratis.XceiverServerRatis (XceiverServerRatis.java:handleLeaderChangedNotification(854)) - Leader change notification received for group: group-F5BD7DFE9F34 with new leaderId: 62b863f3-593a-4903-871b-b217a8ac38c6
2020-11-30 19:45:28,463 [grpc-default-executor-2] INFO  impl.RaftServerImpl (ServerState.java:setLeader(256)) - ade932d9-a820-4647-aac5-71d70ca86541@group-F5BD7DFE9F34: change Leader from null to 62b863f3-593a-4903-871b-b217a8ac38c6 at term 1 for appendEntries, leader elected after 5150ms
2020-11-30 19:45:28,467 [grpc-default-executor-2] INFO  impl.RaftServerImpl (ServerState.java:setRaftConf(374)) - ade932d9-a820-4647-aac5-71d70ca86541@group-F5BD7DFE9F34: set configuration 0: [ade932d9-a820-4647-aac5-71d70ca86541|rpc:172.17.0.2:39053|dataStream:, 8c573d92-c9cf-477f-8aa0-4f15145726d2|rpc:172.17.0.2:43725|dataStream:, 62b863f3-593a-4903-871b-b217a8ac38c6|rpc:172.17.0.2:43681|dataStream:], old=null at 0
2020-11-30 19:45:28,467 [grpc-default-executor-2] INFO  segmented.SegmentedRaftLogWorker (SegmentedRaftLogWorker.java:startLogSegment(398)) - ade932d9-a820-4647-aac5-71d70ca86541@group-F5BD7DFE9F34-SegmentedRaftLogWorker: Starting segment from index:0
2020-11-30 19:45:28,469 [ade932d9-a820-4647-aac5-71d70ca86541@group-F5BD7DFE9F34-SegmentedRaftLogWorker] INFO  segmented.SegmentedRaftLogWorker (SegmentedRaftLogWorker.java:execute(597)) - ade932d9-a820-4647-aac5-71d70ca86541@group-F5BD7DFE9F34-SegmentedRaftLogWorker: created new log segment /github/workspace/mnt/ozone/hadoop-ozone/integration-test/target/test-dir/MiniOzoneClusterImpl-e29a2f86-0e02-4c39-a42b-ca59556809f6/datanode-3/data/ratis/13782f0c-139c-45d5-a327-f5bd7dfe9f34/current/log_inprogress_0
2020-11-30 19:45:28,469 [grpc-default-executor-1] INFO  ratis.XceiverServerRatis (XceiverServerRatis.java:handleLeaderChangedNotification(854)) - Leader change notification received for group: group-F5BD7DFE9F34 with new leaderId: 62b863f3-593a-4903-871b-b217a8ac38c6
2020-11-30 19:45:28,470 [grpc-default-executor-1] INFO  impl.RaftServerImpl (ServerState.java:setLeader(256)) - 8c573d92-c9cf-477f-8aa0-4f15145726d2@group-F5BD7DFE9F34: change Leader from null to 62b863f3-593a-4903-871b-b217a8ac38c6 at term 1 for appendEntries, leader elected after 5092ms
2020-11-30 19:45:28,473 [grpc-default-executor-1] INFO  impl.RaftServerImpl (ServerState.java:setRaftConf(374)) - 8c573d92-c9cf-477f-8aa0-4f15145726d2@group-F5BD7DFE9F34: set configuration 0: [ade932d9-a820-4647-aac5-71d70ca86541|rpc:172.17.0.2:39053|dataStream:, 8c573d92-c9cf-477f-8aa0-4f15145726d2|rpc:172.17.0.2:43725|dataStream:, 62b863f3-593a-4903-871b-b217a8ac38c6|rpc:172.17.0.2:43681|dataStream:], old=null at 0
2020-11-30 19:45:28,474 [grpc-default-executor-1] INFO  segmented.SegmentedRaftLogWorker (SegmentedRaftLogWorker.java:startLogSegment(398)) - 8c573d92-c9cf-477f-8aa0-4f15145726d2@group-F5BD7DFE9F34-SegmentedRaftLogWorker: Starting segment from index:0
2020-11-30 19:45:28,476 [8c573d92-c9cf-477f-8aa0-4f15145726d2@group-F5BD7DFE9F34-SegmentedRaftLogWorker] INFO  segmented.SegmentedRaftLogWorker (SegmentedRaftLogWorker.java:execute(597)) - 8c573d92-c9cf-477f-8aa0-4f15145726d2@group-F5BD7DFE9F34-SegmentedRaftLogWorker: created new log segment /github/workspace/mnt/ozone/hadoop-ozone/integration-test/target/test-dir/MiniOzoneClusterImpl-e29a2f86-0e02-4c39-a42b-ca59556809f6/datanode-4/data/ratis/13782f0c-139c-45d5-a327-f5bd7dfe9f34/current/log_inprogress_0
2020-11-30 19:45:28,546 [Thread-654] INFO  impl.FollowerState (FollowerState.java:run(128)) - 8c573d92-c9cf-477f-8aa0-4f15145726d2@group-BB5E3E21D8E2-FollowerState: change to CANDIDATE, lastRpcTime:5043ms, electionTimeout:5039ms
2020-11-30 19:45:28,546 [Thread-654] INFO  impl.RoleInfo (RoleInfo.java:shutdownFollowerState(121)) - 8c573d92-c9cf-477f-8aa0-4f15145726d2: shutdown 8c573d92-c9cf-477f-8aa0-4f15145726d2@group-BB5E3E21D8E2-FollowerState
2020-11-30 19:45:28,546 [Thread-654] INFO  impl.RaftServerImpl (RaftServerImpl.java:setRole(204)) - 8c573d92-c9cf-477f-8aa0-4f15145726d2@group-BB5E3E21D8E2: changes role from  FOLLOWER to CANDIDATE at term 0 for changeToCandidate
2020-11-30 19:45:28,546 [Thread-654] INFO  impl.RoleInfo (RoleInfo.java:updateAndGet(143)) - 8c573d92-c9cf-477f-8aa0-4f15145726d2: start 8c573d92-c9cf-477f-8aa0-4f15145726d2@group-BB5E3E21D8E2-LeaderElection19
2020-11-30 19:45:28,549 [8c573d92-c9cf-477f-8aa0-4f15145726d2@group-BB5E3E21D8E2-LeaderElection19] INFO  impl.LeaderElection (LeaderElection.java:askForVotes(215)) - 8c573d92-c9cf-477f-8aa0-4f15145726d2@group-BB5E3E21D8E2-LeaderElection19: begin an election at term 1 for -1: [8c573d92-c9cf-477f-8aa0-4f15145726d2|rpc:172.17.0.2:43725], old=null
2020-11-30 19:45:28,549 [8c573d92-c9cf-477f-8aa0-4f15145726d2@group-BB5E3E21D8E2-LeaderElection19] INFO  impl.RoleInfo (RoleInfo.java:shutdownLeaderElection(134)) - 8c573d92-c9cf-477f-8aa0-4f15145726d2: shutdown 8c573d92-c9cf-477f-8aa0-4f15145726d2@group-BB5E3E21D8E2-LeaderElection19
2020-11-30 19:45:28,549 [8c573d92-c9cf-477f-8aa0-4f15145726d2@group-BB5E3E21D8E2-LeaderElection19] INFO  impl.RaftServerImpl (RaftServerImpl.java:setRole(204)) - 8c573d92-c9cf-477f-8aa0-4f15145726d2@group-BB5E3E21D8E2: changes role from CANDIDATE to LEADER at term 1 for changeToLeader
2020-11-30 19:45:28,549 [8c573d92-c9cf-477f-8aa0-4f15145726d2@group-BB5E3E21D8E2-LeaderElection19] INFO  ratis.XceiverServerRatis (XceiverServerRatis.java:handleLeaderChangedNotification(854)) - Leader change notification received for group: group-BB5E3E21D8E2 with new leaderId: 8c573d92-c9cf-477f-8aa0-4f15145726d2
2020-11-30 19:45:28,549 [8c573d92-c9cf-477f-8aa0-4f15145726d2@group-BB5E3E21D8E2-LeaderElection19] INFO  impl.RaftServerImpl (ServerState.java:setLeader(256)) - 8c573d92-c9cf-477f-8aa0-4f15145726d2@group-BB5E3E21D8E2: change Leader from null to 8c573d92-c9cf-477f-8aa0-4f15145726d2 at term 1 for becomeLeader, leader elected after 5055ms
2020-11-30 19:45:28,549 [8c573d92-c9cf-477f-8aa0-4f15145726d2@group-BB5E3E21D8E2-LeaderElection19] INFO  server.RaftServerConfigKeys (ConfUtils.java:logGet(44)) - raft.server.staging.catchup.gap = 1000 (default)
2020-11-30 19:45:28,549 [8c573d92-c9cf-477f-8aa0-4f15145726d2@group-BB5E3E21D8E2-LeaderElection19] INFO  server.RaftServerConfigKeys (ConfUtils.java:logGet(44)) - raft.server.rpc.sleep.time = 25ms (default)
2020-11-30 19:45:28,550 [8c573d92-c9cf-477f-8aa0-4f15145726d2@group-BB5E3E21D8E2-LeaderElection19] INFO  metrics.RatisMetrics (RatisMetrics.java:lambda$create$0(36)) - Creating Metrics Registry : ratis.log_appender.8c573d92-c9cf-477f-8aa0-4f15145726d2@group-BB5E3E21D8E2
2020-11-30 19:45:28,550 [8c573d92-c9cf-477f-8aa0-4f15145726d2@group-BB5E3E21D8E2-LeaderElection19] INFO  server.RaftServerConfigKeys (ConfUtils.java:logGet(44)) - raft.server.write.element-limit = 1024 (custom)
2020-11-30 19:45:28,550 [8c573d92-c9cf-477f-8aa0-4f15145726d2@group-BB5E3E21D8E2-LeaderElection19] INFO  server.RaftServerConfigKeys (ConfUtils.java:logGet(44)) - raft.server.write.byte-limit = 1073741824 (custom)
2020-11-30 19:45:28,550 [8c573d92-c9cf-477f-8aa0-4f15145726d2@group-BB5E3E21D8E2-LeaderElection19] INFO  server.RaftServerConfigKeys (ConfUtils.java:logGet(44)) - raft.server.watch.timeout = 180s (custom)
2020-11-30 19:45:28,550 [8c573d92-c9cf-477f-8aa0-4f15145726d2@group-BB5E3E21D8E2-LeaderElection19] INFO  server.RaftServerConfigKeys (ConfUtils.java:logGet(44)) - raft.server.watch.timeout.denomination = 1s (default)
2020-11-30 19:45:28,550 [8c573d92-c9cf-477f-8aa0-4f15145726d2@group-BB5E3E21D8E2-LeaderElection19] INFO  server.RaftServerConfigKeys (ConfUtils.java:logGet(44)) - raft.server.watch.element-limit = 65536 (default)
2020-11-30 19:45:28,551 [8c573d92-c9cf-477f-8aa0-4f15145726d2@group-BB5E3E21D8E2-LeaderElection19] INFO  impl.RoleInfo (RoleInfo.java:updateAndGet(143)) - 8c573d92-c9cf-477f-8aa0-4f15145726d2: start 8c573d92-c9cf-477f-8aa0-4f15145726d2@group-BB5E3E21D8E2-LeaderState
2020-11-30 19:45:28,551 [8c573d92-c9cf-477f-8aa0-4f15145726d2@group-BB5E3E21D8E2-LeaderElection19] INFO  segmented.SegmentedRaftLogWorker (SegmentedRaftLogWorker.java:startLogSegment(398)) - 8c573d92-c9cf-477f-8aa0-4f15145726d2@group-BB5E3E21D8E2-SegmentedRaftLogWorker: Starting segment from index:0
2020-11-30 19:45:28,552 [8c573d92-c9cf-477f-8aa0-4f15145726d2@group-BB5E3E21D8E2-LeaderElection19] INFO  impl.RaftServerImpl (ServerState.java:setRaftConf(374)) - 8c573d92-c9cf-477f-8aa0-4f15145726d2@group-BB5E3E21D8E2: set configuration 0: [8c573d92-c9cf-477f-8aa0-4f15145726d2|rpc:172.17.0.2:43725|dataStream:], old=null at 0
2020-11-30 19:45:28,553 [8c573d92-c9cf-477f-8aa0-4f15145726d2@group-BB5E3E21D8E2-SegmentedRaftLogWorker] INFO  segmented.SegmentedRaftLogWorker (SegmentedRaftLogWorker.java:execute(597)) - 8c573d92-c9cf-477f-8aa0-4f15145726d2@group-BB5E3E21D8E2-SegmentedRaftLogWorker: created new log segment /github/workspace/mnt/ozone/hadoop-ozone/integration-test/target/test-dir/MiniOzoneClusterImpl-e29a2f86-0e02-4c39-a42b-ca59556809f6/datanode-4/data/ratis/6c7b17d5-11bc-4528-8729-bb5e3e21d8e2/current/log_inprogress_0
2020-11-30 19:45:28,758 [Thread-656] INFO  impl.FollowerState (FollowerState.java:run(128)) - 62b863f3-593a-4903-871b-b217a8ac38c6@group-89CE9CE5B2D1-FollowerState: change to CANDIDATE, lastRpcTime:5019ms, electionTimeout:5018ms
2020-11-30 19:45:28,758 [Thread-656] INFO  impl.RoleInfo (RoleInfo.java:shutdownFollowerState(121)) - 62b863f3-593a-4903-871b-b217a8ac38c6: shutdown 62b863f3-593a-4903-871b-b217a8ac38c6@group-89CE9CE5B2D1-FollowerState
2020-11-30 19:45:28,758 [Thread-656] INFO  impl.RaftServerImpl (RaftServerImpl.java:setRole(204)) - 62b863f3-593a-4903-871b-b217a8ac38c6@group-89CE9CE5B2D1: changes role from  FOLLOWER to CANDIDATE at term 0 for changeToCandidate
2020-11-30 19:45:28,759 [Thread-656] INFO  impl.RoleInfo (RoleInfo.java:updateAndGet(143)) - 62b863f3-593a-4903-871b-b217a8ac38c6: start 62b863f3-593a-4903-871b-b217a8ac38c6@group-89CE9CE5B2D1-LeaderElection20
2020-11-30 19:45:28,762 [62b863f3-593a-4903-871b-b217a8ac38c6@group-89CE9CE5B2D1-LeaderElection20] INFO  impl.LeaderElection (LeaderElection.java:askForVotes(215)) - 62b863f3-593a-4903-871b-b217a8ac38c6@group-89CE9CE5B2D1-LeaderElection20: begin an election at term 1 for -1: [62b863f3-593a-4903-871b-b217a8ac38c6|rpc:172.17.0.2:43681], old=null
2020-11-30 19:45:28,762 [62b863f3-593a-4903-871b-b217a8ac38c6@group-89CE9CE5B2D1-LeaderElection20] INFO  impl.RoleInfo (RoleInfo.java:shutdownLeaderElection(134)) - 62b863f3-593a-4903-871b-b217a8ac38c6: shutdown 62b863f3-593a-4903-871b-b217a8ac38c6@group-89CE9CE5B2D1-LeaderElection20
2020-11-30 19:45:28,762 [62b863f3-593a-4903-871b-b217a8ac38c6@group-89CE9CE5B2D1-LeaderElection20] INFO  impl.RaftServerImpl (RaftServerImpl.java:setRole(204)) - 62b863f3-593a-4903-871b-b217a8ac38c6@group-89CE9CE5B2D1: changes role from CANDIDATE to LEADER at term 1 for changeToLeader
2020-11-30 19:45:28,762 [62b863f3-593a-4903-871b-b217a8ac38c6@group-89CE9CE5B2D1-LeaderElection20] INFO  ratis.XceiverServerRatis (XceiverServerRatis.java:handleLeaderChangedNotification(854)) - Leader change notification received for group: group-89CE9CE5B2D1 with new leaderId: 62b863f3-593a-4903-871b-b217a8ac38c6
2020-11-30 19:45:28,762 [62b863f3-593a-4903-871b-b217a8ac38c6@group-89CE9CE5B2D1-LeaderElection20] INFO  impl.RaftServerImpl (ServerState.java:setLeader(256)) - 62b863f3-593a-4903-871b-b217a8ac38c6@group-89CE9CE5B2D1: change Leader from null to 62b863f3-593a-4903-871b-b217a8ac38c6 at term 1 for becomeLeader, leader elected after 5033ms
2020-11-30 19:45:28,762 [62b863f3-593a-4903-871b-b217a8ac38c6@group-89CE9CE5B2D1-LeaderElection20] INFO  server.RaftServerConfigKeys (ConfUtils.java:logGet(44)) - raft.server.staging.catchup.gap = 1000 (default)
2020-11-30 19:45:28,762 [62b863f3-593a-4903-871b-b217a8ac38c6@group-89CE9CE5B2D1-LeaderElection20] INFO  server.RaftServerConfigKeys (ConfUtils.java:logGet(44)) - raft.server.rpc.sleep.time = 25ms (default)
2020-11-30 19:45:28,763 [62b863f3-593a-4903-871b-b217a8ac38c6@group-89CE9CE5B2D1-LeaderElection20] INFO  metrics.RatisMetrics (RatisMetrics.java:lambda$create$0(36)) - Creating Metrics Registry : ratis.log_appender.62b863f3-593a-4903-871b-b217a8ac38c6@group-89CE9CE5B2D1
2020-11-30 19:45:28,763 [62b863f3-593a-4903-871b-b217a8ac38c6@group-89CE9CE5B2D1-LeaderElection20] INFO  server.RaftServerConfigKeys (ConfUtils.java:logGet(44)) - raft.server.write.element-limit = 1024 (custom)
2020-11-30 19:45:28,763 [62b863f3-593a-4903-871b-b217a8ac38c6@group-89CE9CE5B2D1-LeaderElection20] INFO  server.RaftServerConfigKeys (ConfUtils.java:logGet(44)) - raft.server.write.byte-limit = 1073741824 (custom)
2020-11-30 19:45:28,764 [62b863f3-593a-4903-871b-b217a8ac38c6@group-89CE9CE5B2D1-LeaderElection20] INFO  server.RaftServerConfigKeys (ConfUtils.java:logGet(44)) - raft.server.watch.timeout = 180s (custom)
2020-11-30 19:45:28,764 [62b863f3-593a-4903-871b-b217a8ac38c6@group-89CE9CE5B2D1-LeaderElection20] INFO  server.RaftServerConfigKeys (ConfUtils.java:logGet(44)) - raft.server.watch.timeout.denomination = 1s (default)
2020-11-30 19:45:28,764 [62b863f3-593a-4903-871b-b217a8ac38c6@group-89CE9CE5B2D1-LeaderElection20] INFO  server.RaftServerConfigKeys (ConfUtils.java:logGet(44)) - raft.server.watch.element-limit = 65536 (default)
2020-11-30 19:45:28,764 [62b863f3-593a-4903-871b-b217a8ac38c6@group-89CE9CE5B2D1-LeaderElection20] INFO  impl.RoleInfo (RoleInfo.java:updateAndGet(143)) - 62b863f3-593a-4903-871b-b217a8ac38c6: start 62b863f3-593a-4903-871b-b217a8ac38c6@group-89CE9CE5B2D1-LeaderState
2020-11-30 19:45:28,764 [62b863f3-593a-4903-871b-b217a8ac38c6@group-89CE9CE5B2D1-LeaderElection20] INFO  segmented.SegmentedRaftLogWorker (SegmentedRaftLogWorker.java:startLogSegment(398)) - 62b863f3-593a-4903-871b-b217a8ac38c6@group-89CE9CE5B2D1-SegmentedRaftLogWorker: Starting segment from index:0
2020-11-30 19:45:28,766 [62b863f3-593a-4903-871b-b217a8ac38c6@group-89CE9CE5B2D1-SegmentedRaftLogWorker] INFO  segmented.SegmentedRaftLogWorker (SegmentedRaftLogWorker.java:execute(597)) - 62b863f3-593a-4903-871b-b217a8ac38c6@group-89CE9CE5B2D1-SegmentedRaftLogWorker: created new log segment /github/workspace/mnt/ozone/hadoop-ozone/integration-test/target/test-dir/MiniOzoneClusterImpl-e29a2f86-0e02-4c39-a42b-ca59556809f6/datanode-5/data/ratis/a9e67d9a-ebd8-4b26-8785-89ce9ce5b2d1/current/log_inprogress_0
2020-11-30 19:45:28,770 [62b863f3-593a-4903-871b-b217a8ac38c6@group-89CE9CE5B2D1-LeaderElection20] INFO  impl.RaftServerImpl (ServerState.java:setRaftConf(374)) - 62b863f3-593a-4903-871b-b217a8ac38c6@group-89CE9CE5B2D1: set configuration 0: [62b863f3-593a-4903-871b-b217a8ac38c6|rpc:172.17.0.2:43681|dataStream:], old=null at 0
2020-11-30 19:45:29,259 [Thread-658] INFO  impl.FollowerState (FollowerState.java:run(128)) - d6eb1359-ee67-46ea-89b2-cd50275971cc@group-1487C1E82ED0-FollowerState: change to CANDIDATE, lastRpcTime:5199ms, electionTimeout:5198ms
2020-11-30 19:45:29,259 [Thread-658] INFO  impl.RoleInfo (RoleInfo.java:shutdownFollowerState(121)) - d6eb1359-ee67-46ea-89b2-cd50275971cc: shutdown d6eb1359-ee67-46ea-89b2-cd50275971cc@group-1487C1E82ED0-FollowerState
2020-11-30 19:45:29,259 [Thread-658] INFO  impl.RaftServerImpl (RaftServerImpl.java:setRole(204)) - d6eb1359-ee67-46ea-89b2-cd50275971cc@group-1487C1E82ED0: changes role from  FOLLOWER to CANDIDATE at term 0 for changeToCandidate
2020-11-30 19:45:29,260 [Thread-658] INFO  impl.RoleInfo (RoleInfo.java:updateAndGet(143)) - d6eb1359-ee67-46ea-89b2-cd50275971cc: start d6eb1359-ee67-46ea-89b2-cd50275971cc@group-1487C1E82ED0-LeaderElection21
2020-11-30 19:45:29,262 [d6eb1359-ee67-46ea-89b2-cd50275971cc@group-1487C1E82ED0-LeaderElection21] INFO  impl.LeaderElection (LeaderElection.java:askForVotes(215)) - d6eb1359-ee67-46ea-89b2-cd50275971cc@group-1487C1E82ED0-LeaderElection21: begin an election at term 1 for -1: [d6eb1359-ee67-46ea-89b2-cd50275971cc|rpc:172.17.0.2:44575], old=null
2020-11-30 19:45:29,262 [d6eb1359-ee67-46ea-89b2-cd50275971cc@group-1487C1E82ED0-LeaderElection21] INFO  impl.RoleInfo (RoleInfo.java:shutdownLeaderElection(134)) - d6eb1359-ee67-46ea-89b2-cd50275971cc: shutdown d6eb1359-ee67-46ea-89b2-cd50275971cc@group-1487C1E82ED0-LeaderElection21
2020-11-30 19:45:29,263 [d6eb1359-ee67-46ea-89b2-cd50275971cc@group-1487C1E82ED0-LeaderElection21] INFO  impl.RaftServerImpl (RaftServerImpl.java:setRole(204)) - d6eb1359-ee67-46ea-89b2-cd50275971cc@group-1487C1E82ED0: changes role from CANDIDATE to LEADER at term 1 for changeToLeader
2020-11-30 19:45:29,263 [d6eb1359-ee67-46ea-89b2-cd50275971cc@group-1487C1E82ED0-LeaderElection21] INFO  ratis.XceiverServerRatis (XceiverServerRatis.java:handleLeaderChangedNotification(854)) - Leader change notification received for group: group-1487C1E82ED0 with new leaderId: d6eb1359-ee67-46ea-89b2-cd50275971cc
2020-11-30 19:45:29,263 [d6eb1359-ee67-46ea-89b2-cd50275971cc@group-1487C1E82ED0-LeaderElection21] INFO  impl.RaftServerImpl (ServerState.java:setLeader(256)) - d6eb1359-ee67-46ea-89b2-cd50275971cc@group-1487C1E82ED0: change Leader from null to d6eb1359-ee67-46ea-89b2-cd50275971cc at term 1 for becomeLeader, leader elected after 5209ms
2020-11-30 19:45:29,263 [d6eb1359-ee67-46ea-89b2-cd50275971cc@group-1487C1E82ED0-LeaderElection21] INFO  server.RaftServerConfigKeys (ConfUtils.java:logGet(44)) - raft.server.staging.catchup.gap = 1000 (default)
2020-11-30 19:45:29,263 [d6eb1359-ee67-46ea-89b2-cd50275971cc@group-1487C1E82ED0-LeaderElection21] INFO  server.RaftServerConfigKeys (ConfUtils.java:logGet(44)) - raft.server.rpc.sleep.time = 25ms (default)
2020-11-30 19:45:29,263 [d6eb1359-ee67-46ea-89b2-cd50275971cc@group-1487C1E82ED0-LeaderElection21] INFO  metrics.RatisMetrics (RatisMetrics.java:lambda$create$0(36)) - Creating Metrics Registry : ratis.log_appender.d6eb1359-ee67-46ea-89b2-cd50275971cc@group-1487C1E82ED0
2020-11-30 19:45:29,263 [d6eb1359-ee67-46ea-89b2-cd50275971cc@group-1487C1E82ED0-LeaderElection21] INFO  server.RaftServerConfigKeys (ConfUtils.java:logGet(44)) - raft.server.write.element-limit = 1024 (custom)
2020-11-30 19:45:29,263 [d6eb1359-ee67-46ea-89b2-cd50275971cc@group-1487C1E82ED0-LeaderElection21] INFO  server.RaftServerConfigKeys (ConfUtils.java:logGet(44)) - raft.server.write.byte-limit = 1073741824 (custom)
2020-11-30 19:45:29,265 [d6eb1359-ee67-46ea-89b2-cd50275971cc@group-1487C1E82ED0-LeaderElection21] INFO  server.RaftServerConfigKeys (ConfUtils.java:logGet(44)) - raft.server.watch.timeout = 180s (custom)
2020-11-30 19:45:29,265 [d6eb1359-ee67-46ea-89b2-cd50275971cc@group-1487C1E82ED0-LeaderElection21] INFO  server.RaftServerConfigKeys (ConfUtils.java:logGet(44)) - raft.server.watch.timeout.denomination = 1s (default)
2020-11-30 19:45:29,265 [d6eb1359-ee67-46ea-89b2-cd50275971cc@group-1487C1E82ED0-LeaderElection21] INFO  server.RaftServerConfigKeys (ConfUtils.java:logGet(44)) - raft.server.watch.element-limit = 65536 (default)
2020-11-30 19:45:29,265 [d6eb1359-ee67-46ea-89b2-cd50275971cc@group-1487C1E82ED0-LeaderElection21] INFO  impl.RoleInfo (RoleInfo.java:updateAndGet(143)) - d6eb1359-ee67-46ea-89b2-cd50275971cc: start d6eb1359-ee67-46ea-89b2-cd50275971cc@group-1487C1E82ED0-LeaderState
2020-11-30 19:45:29,266 [d6eb1359-ee67-46ea-89b2-cd50275971cc@group-1487C1E82ED0-LeaderElection21] INFO  segmented.SegmentedRaftLogWorker (SegmentedRaftLogWorker.java:startLogSegment(398)) - d6eb1359-ee67-46ea-89b2-cd50275971cc@group-1487C1E82ED0-SegmentedRaftLogWorker: Starting segment from index:0
2020-11-30 19:45:29,267 [d6eb1359-ee67-46ea-89b2-cd50275971cc@group-1487C1E82ED0-SegmentedRaftLogWorker] INFO  segmented.SegmentedRaftLogWorker (SegmentedRaftLogWorker.java:execute(597)) - d6eb1359-ee67-46ea-89b2-cd50275971cc@group-1487C1E82ED0-SegmentedRaftLogWorker: created new log segment /github/workspace/mnt/ozone/hadoop-ozone/integration-test/target/test-dir/MiniOzoneClusterImpl-e29a2f86-0e02-4c39-a42b-ca59556809f6/datanode-6/data/ratis/bdf35853-5c56-482b-9e48-1487c1e82ed0/current/log_inprogress_0
2020-11-30 19:45:29,269 [d6eb1359-ee67-46ea-89b2-cd50275971cc@group-1487C1E82ED0-LeaderElection21] INFO  impl.RaftServerImpl (ServerState.java:setRaftConf(374)) - d6eb1359-ee67-46ea-89b2-cd50275971cc@group-1487C1E82ED0: set configuration 0: [d6eb1359-ee67-46ea-89b2-cd50275971cc|rpc:172.17.0.2:44575|dataStream:], old=null at 0
2020-11-30 19:45:30,849 [EventQueue-Delayed safe mode statusForReplicationManager] INFO  container.ReplicationManager (ReplicationManager.java:start(178)) - Starting Replication Monitor Thread.
2020-11-30 19:45:30,851 [ReplicationMonitor] INFO  container.ReplicationManager (ReplicationManager.java:run(242)) - Replication Monitor Thread took 2 milliseconds for processing 3 containers.
2020-11-30 19:45:30,851 [EventQueue-CloseContainerForCloseContainerEventHandler] INFO  container.CloseContainerEventHandler (CloseContainerEventHandler.java:onMessage(61)) - Close container Event triggered for container : #3
2020-11-30 19:45:33,213 [Command processor thread] ERROR commandhandler.CloseContainerCommandHandler (CloseContainerCommandHandler.java:handle(85)) - Container #3 does not exist in datanode. Container close failed.
2020-11-30 19:45:37,423 [Listener at 127.0.0.1/45407] INFO  metrics.RatisMetrics (RatisMetrics.java:lambda$create$0(36)) - Creating Metrics Registry : ratis.client_message_metrics.client-E3ED1E2708A7->70b5b581-c134-4e70-98be-52f4a1178c95
2020-11-30 19:45:37,433 [org.apache.ratis.server.JvmPauseMonitor@7d68b6c8-Monitor] WARN  server.JvmPauseMonitor (JvmPauseMonitor.java:run(141)) - Detected pause in JVM or host machine (eg GC): pause of approximately 2ms
No GCs detected
2020-11-30 19:45:37,474 [EventQueue-CloseContainerForCloseContainerEventHandler] INFO  container.CloseContainerEventHandler (CloseContainerEventHandler.java:onMessage(61)) - Close container Event triggered for container : #1
2020-11-30 19:45:37,474 [EventQueue-CloseContainerForCloseContainerEventHandler] INFO  container.CloseContainerEventHandler (CloseContainerEventHandler.java:onMessage(61)) - Close container Event triggered for container : #2
2020-11-30 19:45:37,474 [EventQueue-CloseContainerForCloseContainerEventHandler] INFO  container.CloseContainerEventHandler (CloseContainerEventHandler.java:onMessage(61)) - Close container Event triggered for container : #3
2020-11-30 19:45:39,223 [RatisApplyTransactionExecutor 3] INFO  keyvalue.KeyValueContainer (KeyValueContainer.java:flushAndSyncDB(388)) - Container 3 is synced with bcsId 0.
2020-11-30 19:45:39,223 [RatisApplyTransactionExecutor 3] INFO  keyvalue.KeyValueContainer (KeyValueContainer.java:flushAndSyncDB(388)) - Container 3 is synced with bcsId 0.
2020-11-30 19:45:39,226 [RatisApplyTransactionExecutor 3] INFO  keyvalue.KeyValueContainer (KeyValueContainer.java:close(326)) - Container 3 is closed with bcsId 0.
2020-11-30 19:45:39,227 [EventQueue-IncrementalContainerReportForIncrementalContainerReportHandler] INFO  container.IncrementalContainerReportHandler (AbstractContainerReportHandler.java:updateContainerState(215)) - Moving container #3 to CLOSED state, datanode afad6a44-2cb7-4cc9-9b68-87659c1db71e{ip: 172.17.0.2, host: 2c46048f23a6, networkLocation: /default-rack, certSerialId: null} reported CLOSED replica.
2020-11-30 19:45:40,193 [RatisApplyTransactionExecutor 1] INFO  keyvalue.KeyValueContainer (KeyValueContainer.java:flushAndSyncDB(388)) - Container 1 is synced with bcsId 14.
2020-11-30 19:45:40,194 [RatisApplyTransactionExecutor 1] INFO  keyvalue.KeyValueContainer (KeyValueContainer.java:flushAndSyncDB(388)) - Container 1 is synced with bcsId 14.
2020-11-30 19:45:40,200 [RatisApplyTransactionExecutor 1] INFO  keyvalue.KeyValueContainer (KeyValueContainer.java:close(326)) - Container 1 is closed with bcsId 14.
2020-11-30 19:45:40,202 [EventQueue-IncrementalContainerReportForIncrementalContainerReportHandler] INFO  container.IncrementalContainerReportHandler (AbstractContainerReportHandler.java:updateContainerState(215)) - Moving container #1 to CLOSED state, datanode 70b5b581-c134-4e70-98be-52f4a1178c95{ip: 172.17.0.2, host: 2c46048f23a6, networkLocation: /default-rack, certSerialId: null} reported CLOSED replica.
2020-11-30 19:45:40,206 [RatisApplyTransactionExecutor 2] INFO  keyvalue.KeyValueContainer (KeyValueContainer.java:flushAndSyncDB(388)) - Container 2 is synced with bcsId 0.
2020-11-30 19:45:40,206 [RatisApplyTransactionExecutor 2] INFO  keyvalue.KeyValueContainer (KeyValueContainer.java:flushAndSyncDB(388)) - Container 2 is synced with bcsId 0.
2020-11-30 19:45:40,209 [RatisApplyTransactionExecutor 2] INFO  keyvalue.KeyValueContainer (KeyValueContainer.java:close(326)) - Container 2 is closed with bcsId 0.
2020-11-30 19:45:40,210 [EventQueue-IncrementalContainerReportForIncrementalContainerReportHandler] INFO  container.IncrementalContainerReportHandler (AbstractContainerReportHandler.java:updateContainerState(215)) - Moving container #2 to CLOSED state, datanode 70b5b581-c134-4e70-98be-52f4a1178c95{ip: 172.17.0.2, host: 2c46048f23a6, networkLocation: /default-rack, certSerialId: null} reported CLOSED replica.
19:45:40.479 [grpc-default-executor-1] ERROR DNAudit - user=null | ip=null | op=WRITE_CHUNK {blockData=conID: 1 locID: 105300985648644099 bcsId: 14} | ret=FAILURE
org.apache.hadoop.hdds.scm.container.common.helpers.ContainerNotOpenException: Container 1 in CLOSED state
	at org.apache.hadoop.ozone.container.common.impl.HddsDispatcher.validateContainerCommand(HddsDispatcher.java:484) ~[hadoop-hdds-container-service-1.1.0-SNAPSHOT.jar:?]
	at org.apache.hadoop.ozone.container.common.transport.server.ratis.ContainerStateMachine.startTransaction(ContainerStateMachine.java:319) ~[hadoop-hdds-container-service-1.1.0-SNAPSHOT.jar:?]
	at org.apache.ratis.server.impl.RaftServerImpl.submitClientRequestAsync(RaftServerImpl.java:723) ~[ratis-server-1.1.0-913f5a4-SNAPSHOT.jar:1.1.0-913f5a4-SNAPSHOT]
	at org.apache.ratis.server.impl.RaftServerProxy.lambda$submitClientRequestAsync$7(RaftServerProxy.java:364) ~[ratis-server-1.1.0-913f5a4-SNAPSHOT.jar:1.1.0-913f5a4-SNAPSHOT]
	at org.apache.ratis.server.impl.RaftServerProxy.lambda$null$5(RaftServerProxy.java:359) ~[ratis-server-1.1.0-913f5a4-SNAPSHOT.jar:1.1.0-913f5a4-SNAPSHOT]
	at org.apache.ratis.util.JavaUtils.callAsUnchecked(JavaUtils.java:116) ~[ratis-common-1.1.0-913f5a4-SNAPSHOT.jar:1.1.0-913f5a4-SNAPSHOT]
	at org.apache.ratis.server.impl.RaftServerProxy.lambda$submitRequest$6(RaftServerProxy.java:359) ~[ratis-server-1.1.0-913f5a4-SNAPSHOT.jar:1.1.0-913f5a4-SNAPSHOT]
	at java.util.concurrent.CompletableFuture.uniComposeStage(CompletableFuture.java:995) ~[?:1.8.0_232]
	at java.util.concurrent.CompletableFuture.thenCompose(CompletableFuture.java:2137) ~[?:1.8.0_232]
	at org.apache.ratis.server.impl.RaftServerProxy.submitRequest(RaftServerProxy.java:358) ~[ratis-server-1.1.0-913f5a4-SNAPSHOT.jar:1.1.0-913f5a4-SNAPSHOT]
	at org.apache.ratis.server.impl.RaftServerProxy.submitClientRequestAsync(RaftServerProxy.java:364) ~[ratis-server-1.1.0-913f5a4-SNAPSHOT.jar:1.1.0-913f5a4-SNAPSHOT]
	at org.apache.ratis.grpc.client.GrpcClientProtocolService$RequestStreamObserver.processClientRequest(GrpcClientProtocolService.java:231) ~[ratis-grpc-1.1.0-913f5a4-SNAPSHOT.jar:1.1.0-913f5a4-SNAPSHOT]
	at org.apache.ratis.grpc.client.GrpcClientProtocolService$OrderedRequestStreamObserver.processClientRequest(GrpcClientProtocolService.java:337) ~[ratis-grpc-1.1.0-913f5a4-SNAPSHOT.jar:1.1.0-913f5a4-SNAPSHOT]
	at org.apache.ratis.util.SlidingWindow$Server.processRequestsFromHead(SlidingWindow.java:429) [ratis-common-1.1.0-913f5a4-SNAPSHOT.jar:1.1.0-913f5a4-SNAPSHOT]
	at org.apache.ratis.util.SlidingWindow$Server.receivedRequest(SlidingWindow.java:421) [ratis-common-1.1.0-913f5a4-SNAPSHOT.jar:1.1.0-913f5a4-SNAPSHOT]
	at org.apache.ratis.grpc.client.GrpcClientProtocolService$OrderedRequestStreamObserver.processClientRequest(GrpcClientProtocolService.java:361) [ratis-grpc-1.1.0-913f5a4-SNAPSHOT.jar:1.1.0-913f5a4-SNAPSHOT]
	at org.apache.ratis.grpc.client.GrpcClientProtocolService$RequestStreamObserver.onNext(GrpcClientProtocolService.java:251) [ratis-grpc-1.1.0-913f5a4-SNAPSHOT.jar:1.1.0-913f5a4-SNAPSHOT]
	at org.apache.ratis.grpc.client.GrpcClientProtocolService$RequestStreamObserver.onNext(GrpcClientProtocolService.java:174) [ratis-grpc-1.1.0-913f5a4-SNAPSHOT.jar:1.1.0-913f5a4-SNAPSHOT]
	at org.apache.ratis.thirdparty.io.grpc.stub.ServerCalls$StreamingServerCallHandler$StreamingServerCallListener.onMessage(ServerCalls.java:251) [ratis-thirdparty-misc-0.6.0-SNAPSHOT.jar:0.6.0-SNAPSHOT]
	at org.apache.ratis.thirdparty.io.grpc.ForwardingServerCallListener.onMessage(ForwardingServerCallListener.java:33) [ratis-thirdparty-misc-0.6.0-SNAPSHOT.jar:0.6.0-SNAPSHOT]
	at org.apache.ratis.thirdparty.io.grpc.internal.ServerCallImpl$ServerStreamListenerImpl.messagesAvailableInternal(ServerCallImpl.java:309) [ratis-thirdparty-misc-0.6.0-SNAPSHOT.jar:0.6.0-SNAPSHOT]
	at org.apache.ratis.thirdparty.io.grpc.internal.ServerCallImpl$ServerStreamListenerImpl.messagesAvailable(ServerCallImpl.java:292) [ratis-thirdparty-misc-0.6.0-SNAPSHOT.jar:0.6.0-SNAPSHOT]
	at org.apache.ratis.thirdparty.io.grpc.internal.ServerImpl$JumpToApplicationThreadServerStreamListener$1MessagesAvailable.runInContext(ServerImpl.java:783) [ratis-thirdparty-misc-0.6.0-SNAPSHOT.jar:0.6.0-SNAPSHOT]
	at org.apache.ratis.thirdparty.io.grpc.internal.ContextRunnable.run(ContextRunnable.java:37) [ratis-thirdparty-misc-0.6.0-SNAPSHOT.jar:0.6.0-SNAPSHOT]
	at org.apache.ratis.thirdparty.io.grpc.internal.SerializingExecutor.run(SerializingExecutor.java:123) [ratis-thirdparty-misc-0.6.0-SNAPSHOT.jar:0.6.0-SNAPSHOT]
	at java.util.concurrent.ThreadPoolExecutor.runWorker(ThreadPoolExecutor.java:1149) [?:1.8.0_232]
	at java.util.concurrent.ThreadPoolExecutor$Worker.run(ThreadPoolExecutor.java:624) [?:1.8.0_232]
	at java.lang.Thread.run(Thread.java:748) [?:1.8.0_232]
19:45:40.508 [grpc-default-executor-1] ERROR DNAudit - user=null | ip=null | op=WRITE_CHUNK {blockData=conID: 1 locID: 105300985648644099 bcsId: 14} | ret=FAILURE
org.apache.hadoop.hdds.scm.container.common.helpers.ContainerNotOpenException: Container 1 in CLOSED state
	at org.apache.hadoop.ozone.container.common.impl.HddsDispatcher.validateContainerCommand(HddsDispatcher.java:484) ~[hadoop-hdds-container-service-1.1.0-SNAPSHOT.jar:?]
	at org.apache.hadoop.ozone.container.common.transport.server.ratis.ContainerStateMachine.startTransaction(ContainerStateMachine.java:319) ~[hadoop-hdds-container-service-1.1.0-SNAPSHOT.jar:?]
	at org.apache.ratis.server.impl.RaftServerImpl.submitClientRequestAsync(RaftServerImpl.java:723) ~[ratis-server-1.1.0-913f5a4-SNAPSHOT.jar:1.1.0-913f5a4-SNAPSHOT]
	at org.apache.ratis.server.impl.RaftServerProxy.lambda$submitClientRequestAsync$7(RaftServerProxy.java:364) ~[ratis-server-1.1.0-913f5a4-SNAPSHOT.jar:1.1.0-913f5a4-SNAPSHOT]
	at org.apache.ratis.server.impl.RaftServerProxy.lambda$null$5(RaftServerProxy.java:359) ~[ratis-server-1.1.0-913f5a4-SNAPSHOT.jar:1.1.0-913f5a4-SNAPSHOT]
	at org.apache.ratis.util.JavaUtils.callAsUnchecked(JavaUtils.java:116) ~[ratis-common-1.1.0-913f5a4-SNAPSHOT.jar:1.1.0-913f5a4-SNAPSHOT]
	at org.apache.ratis.server.impl.RaftServerProxy.lambda$submitRequest$6(RaftServerProxy.java:359) ~[ratis-server-1.1.0-913f5a4-SNAPSHOT.jar:1.1.0-913f5a4-SNAPSHOT]
	at java.util.concurrent.CompletableFuture.uniComposeStage(CompletableFuture.java:995) ~[?:1.8.0_232]
	at java.util.concurrent.CompletableFuture.thenCompose(CompletableFuture.java:2137) ~[?:1.8.0_232]
	at org.apache.ratis.server.impl.RaftServerProxy.submitRequest(RaftServerProxy.java:358) ~[ratis-server-1.1.0-913f5a4-SNAPSHOT.jar:1.1.0-913f5a4-SNAPSHOT]
	at org.apache.ratis.server.impl.RaftServerProxy.submitClientRequestAsync(RaftServerProxy.java:364) ~[ratis-server-1.1.0-913f5a4-SNAPSHOT.jar:1.1.0-913f5a4-SNAPSHOT]
	at org.apache.ratis.grpc.client.GrpcClientProtocolService$RequestStreamObserver.processClientRequest(GrpcClientProtocolService.java:231) ~[ratis-grpc-1.1.0-913f5a4-SNAPSHOT.jar:1.1.0-913f5a4-SNAPSHOT]
	at org.apache.ratis.grpc.client.GrpcClientProtocolService$OrderedRequestStreamObserver.processClientRequest(GrpcClientProtocolService.java:337) ~[ratis-grpc-1.1.0-913f5a4-SNAPSHOT.jar:1.1.0-913f5a4-SNAPSHOT]
	at org.apache.ratis.util.SlidingWindow$Server.processRequestsFromHead(SlidingWindow.java:429) [ratis-common-1.1.0-913f5a4-SNAPSHOT.jar:1.1.0-913f5a4-SNAPSHOT]
	at org.apache.ratis.util.SlidingWindow$Server.receivedRequest(SlidingWindow.java:421) [ratis-common-1.1.0-913f5a4-SNAPSHOT.jar:1.1.0-913f5a4-SNAPSHOT]
	at org.apache.ratis.grpc.client.GrpcClientProtocolService$OrderedRequestStreamObserver.processClientRequest(GrpcClientProtocolService.java:361) [ratis-grpc-1.1.0-913f5a4-SNAPSHOT.jar:1.1.0-913f5a4-SNAPSHOT]
	at org.apache.ratis.grpc.client.GrpcClientProtocolService$RequestStreamObserver.onNext(GrpcClientProtocolService.java:251) [ratis-grpc-1.1.0-913f5a4-SNAPSHOT.jar:1.1.0-913f5a4-SNAPSHOT]
	at org.apache.ratis.grpc.client.GrpcClientProtocolService$RequestStreamObserver.onNext(GrpcClientProtocolService.java:174) [ratis-grpc-1.1.0-913f5a4-SNAPSHOT.jar:1.1.0-913f5a4-SNAPSHOT]
	at org.apache.ratis.thirdparty.io.grpc.stub.ServerCalls$StreamingServerCallHandler$StreamingServerCallListener.onMessage(ServerCalls.java:251) [ratis-thirdparty-misc-0.6.0-SNAPSHOT.jar:0.6.0-SNAPSHOT]
	at org.apache.ratis.thirdparty.io.grpc.ForwardingServerCallListener.onMessage(ForwardingServerCallListener.java:33) [ratis-thirdparty-misc-0.6.0-SNAPSHOT.jar:0.6.0-SNAPSHOT]
	at org.apache.ratis.thirdparty.io.grpc.internal.ServerCallImpl$ServerStreamListenerImpl.messagesAvailableInternal(ServerCallImpl.java:309) [ratis-thirdparty-misc-0.6.0-SNAPSHOT.jar:0.6.0-SNAPSHOT]
	at org.apache.ratis.thirdparty.io.grpc.internal.ServerCallImpl$ServerStreamListenerImpl.messagesAvailable(ServerCallImpl.java:292) [ratis-thirdparty-misc-0.6.0-SNAPSHOT.jar:0.6.0-SNAPSHOT]
	at org.apache.ratis.thirdparty.io.grpc.internal.ServerImpl$JumpToApplicationThreadServerStreamListener$1MessagesAvailable.runInContext(ServerImpl.java:783) [ratis-thirdparty-misc-0.6.0-SNAPSHOT.jar:0.6.0-SNAPSHOT]
	at org.apache.ratis.thirdparty.io.grpc.internal.ContextRunnable.run(ContextRunnable.java:37) [ratis-thirdparty-misc-0.6.0-SNAPSHOT.jar:0.6.0-SNAPSHOT]
	at org.apache.ratis.thirdparty.io.grpc.internal.SerializingExecutor.run(SerializingExecutor.java:123) [ratis-thirdparty-misc-0.6.0-SNAPSHOT.jar:0.6.0-SNAPSHOT]
	at java.util.concurrent.ThreadPoolExecutor.runWorker(ThreadPoolExecutor.java:1149) [?:1.8.0_232]
	at java.util.concurrent.ThreadPoolExecutor$Worker.run(ThreadPoolExecutor.java:624) [?:1.8.0_232]
	at java.lang.Thread.run(Thread.java:748) [?:1.8.0_232]
2020-11-30 19:45:40,510 [grpc-default-executor-0] ERROR storage.BlockOutputStream (BlockOutputStream.java:lambda$writeChunkToContainer$3(677)) - writing chunk failed 105300985648644099_chunk_5 blockID conID: 1 locID: 105300985648644099 bcsId: 14 with exception org.apache.ratis.protocol.exceptions.StateMachineException: org.apache.hadoop.hdds.scm.container.common.helpers.ContainerNotOpenException from Server 70b5b581-c134-4e70-98be-52f4a1178c95@group-8AACD6717F75: Container 1 in CLOSED state
19:45:40.517 [grpc-default-executor-0] ERROR DNAudit - user=null | ip=null | op=PUT_BLOCK {blockData=[blockId=conID: 1 locID: 105300985648644099 bcsId: 0,size=600]} | ret=FAILURE
org.apache.hadoop.hdds.scm.container.common.helpers.ContainerNotOpenException: Container 1 in CLOSED state
	at org.apache.hadoop.ozone.container.common.impl.HddsDispatcher.validateContainerCommand(HddsDispatcher.java:484) ~[hadoop-hdds-container-service-1.1.0-SNAPSHOT.jar:?]
	at org.apache.hadoop.ozone.container.common.transport.server.ratis.ContainerStateMachine.startTransaction(ContainerStateMachine.java:319) ~[hadoop-hdds-container-service-1.1.0-SNAPSHOT.jar:?]
	at org.apache.ratis.server.impl.RaftServerImpl.submitClientRequestAsync(RaftServerImpl.java:723) ~[ratis-server-1.1.0-913f5a4-SNAPSHOT.jar:1.1.0-913f5a4-SNAPSHOT]
	at org.apache.ratis.server.impl.RaftServerProxy.lambda$submitClientRequestAsync$7(RaftServerProxy.java:364) ~[ratis-server-1.1.0-913f5a4-SNAPSHOT.jar:1.1.0-913f5a4-SNAPSHOT]
	at org.apache.ratis.server.impl.RaftServerProxy.lambda$null$5(RaftServerProxy.java:359) ~[ratis-server-1.1.0-913f5a4-SNAPSHOT.jar:1.1.0-913f5a4-SNAPSHOT]
	at org.apache.ratis.util.JavaUtils.callAsUnchecked(JavaUtils.java:116) ~[ratis-common-1.1.0-913f5a4-SNAPSHOT.jar:1.1.0-913f5a4-SNAPSHOT]
	at org.apache.ratis.server.impl.RaftServerProxy.lambda$submitRequest$6(RaftServerProxy.java:359) ~[ratis-server-1.1.0-913f5a4-SNAPSHOT.jar:1.1.0-913f5a4-SNAPSHOT]
	at java.util.concurrent.CompletableFuture.uniComposeStage(CompletableFuture.java:995) ~[?:1.8.0_232]
	at java.util.concurrent.CompletableFuture.thenCompose(CompletableFuture.java:2137) ~[?:1.8.0_232]
	at org.apache.ratis.server.impl.RaftServerProxy.submitRequest(RaftServerProxy.java:358) ~[ratis-server-1.1.0-913f5a4-SNAPSHOT.jar:1.1.0-913f5a4-SNAPSHOT]
	at org.apache.ratis.server.impl.RaftServerProxy.submitClientRequestAsync(RaftServerProxy.java:364) ~[ratis-server-1.1.0-913f5a4-SNAPSHOT.jar:1.1.0-913f5a4-SNAPSHOT]
	at org.apache.ratis.grpc.client.GrpcClientProtocolService$RequestStreamObserver.processClientRequest(GrpcClientProtocolService.java:231) ~[ratis-grpc-1.1.0-913f5a4-SNAPSHOT.jar:1.1.0-913f5a4-SNAPSHOT]
	at org.apache.ratis.grpc.client.GrpcClientProtocolService$OrderedRequestStreamObserver.processClientRequest(GrpcClientProtocolService.java:337) ~[ratis-grpc-1.1.0-913f5a4-SNAPSHOT.jar:1.1.0-913f5a4-SNAPSHOT]
	at org.apache.ratis.util.SlidingWindow$Server.processRequestsFromHead(SlidingWindow.java:429) [ratis-common-1.1.0-913f5a4-SNAPSHOT.jar:1.1.0-913f5a4-SNAPSHOT]
	at org.apache.ratis.util.SlidingWindow$Server.receivedRequest(SlidingWindow.java:421) [ratis-common-1.1.0-913f5a4-SNAPSHOT.jar:1.1.0-913f5a4-SNAPSHOT]
	at org.apache.ratis.grpc.client.GrpcClientProtocolService$OrderedRequestStreamObserver.processClientRequest(GrpcClientProtocolService.java:361) [ratis-grpc-1.1.0-913f5a4-SNAPSHOT.jar:1.1.0-913f5a4-SNAPSHOT]
	at org.apache.ratis.grpc.client.GrpcClientProtocolService$RequestStreamObserver.onNext(GrpcClientProtocolService.java:251) [ratis-grpc-1.1.0-913f5a4-SNAPSHOT.jar:1.1.0-913f5a4-SNAPSHOT]
	at org.apache.ratis.grpc.client.GrpcClientProtocolService$RequestStreamObserver.onNext(GrpcClientProtocolService.java:174) [ratis-grpc-1.1.0-913f5a4-SNAPSHOT.jar:1.1.0-913f5a4-SNAPSHOT]
	at org.apache.ratis.thirdparty.io.grpc.stub.ServerCalls$StreamingServerCallHandler$StreamingServerCallListener.onMessage(ServerCalls.java:251) [ratis-thirdparty-misc-0.6.0-SNAPSHOT.jar:0.6.0-SNAPSHOT]
	at org.apache.ratis.thirdparty.io.grpc.ForwardingServerCallListener.onMessage(ForwardingServerCallListener.java:33) [ratis-thirdparty-misc-0.6.0-SNAPSHOT.jar:0.6.0-SNAPSHOT]
	at org.apache.ratis.thirdparty.io.grpc.internal.ServerCallImpl$ServerStreamListenerImpl.messagesAvailableInternal(ServerCallImpl.java:309) [ratis-thirdparty-misc-0.6.0-SNAPSHOT.jar:0.6.0-SNAPSHOT]
	at org.apache.ratis.thirdparty.io.grpc.internal.ServerCallImpl$ServerStreamListenerImpl.messagesAvailable(ServerCallImpl.java:292) [ratis-thirdparty-misc-0.6.0-SNAPSHOT.jar:0.6.0-SNAPSHOT]
	at org.apache.ratis.thirdparty.io.grpc.internal.ServerImpl$JumpToApplicationThreadServerStreamListener$1MessagesAvailable.runInContext(ServerImpl.java:783) [ratis-thirdparty-misc-0.6.0-SNAPSHOT.jar:0.6.0-SNAPSHOT]
	at org.apache.ratis.thirdparty.io.grpc.internal.ContextRunnable.run(ContextRunnable.java:37) [ratis-thirdparty-misc-0.6.0-SNAPSHOT.jar:0.6.0-SNAPSHOT]
	at org.apache.ratis.thirdparty.io.grpc.internal.SerializingExecutor.run(SerializingExecutor.java:123) [ratis-thirdparty-misc-0.6.0-SNAPSHOT.jar:0.6.0-SNAPSHOT]
	at java.util.concurrent.ThreadPoolExecutor.runWorker(ThreadPoolExecutor.java:1149) [?:1.8.0_232]
	at java.util.concurrent.ThreadPoolExecutor$Worker.run(ThreadPoolExecutor.java:624) [?:1.8.0_232]
	at java.lang.Thread.run(Thread.java:748) [?:1.8.0_232]
2020-11-30 19:45:40,526 [grpc-default-executor-1] ERROR storage.BlockOutputStream (BlockOutputStream.java:lambda$writeChunkToContainer$3(677)) - writing chunk failed 105300985648644099_chunk_6 blockID conID: 1 locID: 105300985648644099 bcsId: 14 with exception org.apache.ratis.protocol.exceptions.StateMachineException: org.apache.hadoop.hdds.scm.container.common.helpers.ContainerNotOpenException from Server 70b5b581-c134-4e70-98be-52f4a1178c95@group-8AACD6717F75: Container 1 in CLOSED state
19:45:40.535 [grpc-default-executor-0] ERROR DNAudit - user=null | ip=null | op=WRITE_CHUNK {blockData=conID: 1 locID: 105300985648644099 bcsId: 14} | ret=FAILURE
org.apache.hadoop.hdds.scm.container.common.helpers.ContainerNotOpenException: Container 1 in CLOSED state
	at org.apache.hadoop.ozone.container.common.impl.HddsDispatcher.validateContainerCommand(HddsDispatcher.java:484) ~[hadoop-hdds-container-service-1.1.0-SNAPSHOT.jar:?]
	at org.apache.hadoop.ozone.container.common.transport.server.ratis.ContainerStateMachine.startTransaction(ContainerStateMachine.java:319) ~[hadoop-hdds-container-service-1.1.0-SNAPSHOT.jar:?]
	at org.apache.ratis.server.impl.RaftServerImpl.submitClientRequestAsync(RaftServerImpl.java:723) ~[ratis-server-1.1.0-913f5a4-SNAPSHOT.jar:1.1.0-913f5a4-SNAPSHOT]
	at org.apache.ratis.server.impl.RaftServerProxy.lambda$submitClientRequestAsync$7(RaftServerProxy.java:364) ~[ratis-server-1.1.0-913f5a4-SNAPSHOT.jar:1.1.0-913f5a4-SNAPSHOT]
	at org.apache.ratis.server.impl.RaftServerProxy.lambda$null$5(RaftServerProxy.java:359) ~[ratis-server-1.1.0-913f5a4-SNAPSHOT.jar:1.1.0-913f5a4-SNAPSHOT]
	at org.apache.ratis.util.JavaUtils.callAsUnchecked(JavaUtils.java:116) ~[ratis-common-1.1.0-913f5a4-SNAPSHOT.jar:1.1.0-913f5a4-SNAPSHOT]
	at org.apache.ratis.server.impl.RaftServerProxy.lambda$submitRequest$6(RaftServerProxy.java:359) ~[ratis-server-1.1.0-913f5a4-SNAPSHOT.jar:1.1.0-913f5a4-SNAPSHOT]
	at java.util.concurrent.CompletableFuture.uniComposeStage(CompletableFuture.java:995) ~[?:1.8.0_232]
	at java.util.concurrent.CompletableFuture.thenCompose(CompletableFuture.java:2137) ~[?:1.8.0_232]
	at org.apache.ratis.server.impl.RaftServerProxy.submitRequest(RaftServerProxy.java:358) ~[ratis-server-1.1.0-913f5a4-SNAPSHOT.jar:1.1.0-913f5a4-SNAPSHOT]
	at org.apache.ratis.server.impl.RaftServerProxy.submitClientRequestAsync(RaftServerProxy.java:364) ~[ratis-server-1.1.0-913f5a4-SNAPSHOT.jar:1.1.0-913f5a4-SNAPSHOT]
	at org.apache.ratis.grpc.client.GrpcClientProtocolService$RequestStreamObserver.processClientRequest(GrpcClientProtocolService.java:231) ~[ratis-grpc-1.1.0-913f5a4-SNAPSHOT.jar:1.1.0-913f5a4-SNAPSHOT]
	at org.apache.ratis.grpc.client.GrpcClientProtocolService$OrderedRequestStreamObserver.processClientRequest(GrpcClientProtocolService.java:337) ~[ratis-grpc-1.1.0-913f5a4-SNAPSHOT.jar:1.1.0-913f5a4-SNAPSHOT]
	at org.apache.ratis.util.SlidingWindow$Server.processRequestsFromHead(SlidingWindow.java:429) [ratis-common-1.1.0-913f5a4-SNAPSHOT.jar:1.1.0-913f5a4-SNAPSHOT]
	at org.apache.ratis.util.SlidingWindow$Server.receivedRequest(SlidingWindow.java:421) [ratis-common-1.1.0-913f5a4-SNAPSHOT.jar:1.1.0-913f5a4-SNAPSHOT]
	at org.apache.ratis.grpc.client.GrpcClientProtocolService$OrderedRequestStreamObserver.processClientRequest(GrpcClientProtocolService.java:361) [ratis-grpc-1.1.0-913f5a4-SNAPSHOT.jar:1.1.0-913f5a4-SNAPSHOT]
	at org.apache.ratis.grpc.client.GrpcClientProtocolService$RequestStreamObserver.onNext(GrpcClientProtocolService.java:251) [ratis-grpc-1.1.0-913f5a4-SNAPSHOT.jar:1.1.0-913f5a4-SNAPSHOT]
	at org.apache.ratis.grpc.client.GrpcClientProtocolService$RequestStreamObserver.onNext(GrpcClientProtocolService.java:174) [ratis-grpc-1.1.0-913f5a4-SNAPSHOT.jar:1.1.0-913f5a4-SNAPSHOT]
	at org.apache.ratis.thirdparty.io.grpc.stub.ServerCalls$StreamingServerCallHandler$StreamingServerCallListener.onMessage(ServerCalls.java:251) [ratis-thirdparty-misc-0.6.0-SNAPSHOT.jar:0.6.0-SNAPSHOT]
	at org.apache.ratis.thirdparty.io.grpc.ForwardingServerCallListener.onMessage(ForwardingServerCallListener.java:33) [ratis-thirdparty-misc-0.6.0-SNAPSHOT.jar:0.6.0-SNAPSHOT]
	at org.apache.ratis.thirdparty.io.grpc.internal.ServerCallImpl$ServerStreamListenerImpl.messagesAvailableInternal(ServerCallImpl.java:309) [ratis-thirdparty-misc-0.6.0-SNAPSHOT.jar:0.6.0-SNAPSHOT]
	at org.apache.ratis.thirdparty.io.grpc.internal.ServerCallImpl$ServerStreamListenerImpl.messagesAvailable(ServerCallImpl.java:292) [ratis-thirdparty-misc-0.6.0-SNAPSHOT.jar:0.6.0-SNAPSHOT]
	at org.apache.ratis.thirdparty.io.grpc.internal.ServerImpl$JumpToApplicationThreadServerStreamListener$1MessagesAvailable.runInContext(ServerImpl.java:783) [ratis-thirdparty-misc-0.6.0-SNAPSHOT.jar:0.6.0-SNAPSHOT]
	at org.apache.ratis.thirdparty.io.grpc.internal.ContextRunnable.run(ContextRunnable.java:37) [ratis-thirdparty-misc-0.6.0-SNAPSHOT.jar:0.6.0-SNAPSHOT]
	at org.apache.ratis.thirdparty.io.grpc.internal.SerializingExecutor.run(SerializingExecutor.java:123) [ratis-thirdparty-misc-0.6.0-SNAPSHOT.jar:0.6.0-SNAPSHOT]
	at java.util.concurrent.ThreadPoolExecutor.runWorker(ThreadPoolExecutor.java:1149) [?:1.8.0_232]
	at java.util.concurrent.ThreadPoolExecutor$Worker.run(ThreadPoolExecutor.java:624) [?:1.8.0_232]
	at java.lang.Thread.run(Thread.java:748) [?:1.8.0_232]
19:45:40.542 [grpc-default-executor-0] ERROR DNAudit - user=null | ip=null | op=WRITE_CHUNK {blockData=conID: 1 locID: 105300985648644099 bcsId: 14} | ret=FAILURE
org.apache.hadoop.hdds.scm.container.common.helpers.ContainerNotOpenException: Container 1 in CLOSED state
	at org.apache.hadoop.ozone.container.common.impl.HddsDispatcher.validateContainerCommand(HddsDispatcher.java:484) ~[hadoop-hdds-container-service-1.1.0-SNAPSHOT.jar:?]
	at org.apache.hadoop.ozone.container.common.transport.server.ratis.ContainerStateMachine.startTransaction(ContainerStateMachine.java:319) ~[hadoop-hdds-container-service-1.1.0-SNAPSHOT.jar:?]
	at org.apache.ratis.server.impl.RaftServerImpl.submitClientRequestAsync(RaftServerImpl.java:723) ~[ratis-server-1.1.0-913f5a4-SNAPSHOT.jar:1.1.0-913f5a4-SNAPSHOT]
	at org.apache.ratis.server.impl.RaftServerProxy.lambda$submitClientRequestAsync$7(RaftServerProxy.java:364) ~[ratis-server-1.1.0-913f5a4-SNAPSHOT.jar:1.1.0-913f5a4-SNAPSHOT]
	at org.apache.ratis.server.impl.RaftServerProxy.lambda$null$5(RaftServerProxy.java:359) ~[ratis-server-1.1.0-913f5a4-SNAPSHOT.jar:1.1.0-913f5a4-SNAPSHOT]
	at org.apache.ratis.util.JavaUtils.callAsUnchecked(JavaUtils.java:116) ~[ratis-common-1.1.0-913f5a4-SNAPSHOT.jar:1.1.0-913f5a4-SNAPSHOT]
	at org.apache.ratis.server.impl.RaftServerProxy.lambda$submitRequest$6(RaftServerProxy.java:359) ~[ratis-server-1.1.0-913f5a4-SNAPSHOT.jar:1.1.0-913f5a4-SNAPSHOT]
	at java.util.concurrent.CompletableFuture.uniComposeStage(CompletableFuture.java:995) ~[?:1.8.0_232]
	at java.util.concurrent.CompletableFuture.thenCompose(CompletableFuture.java:2137) ~[?:1.8.0_232]
	at org.apache.ratis.server.impl.RaftServerProxy.submitRequest(RaftServerProxy.java:358) ~[ratis-server-1.1.0-913f5a4-SNAPSHOT.jar:1.1.0-913f5a4-SNAPSHOT]
	at org.apache.ratis.server.impl.RaftServerProxy.submitClientRequestAsync(RaftServerProxy.java:364) ~[ratis-server-1.1.0-913f5a4-SNAPSHOT.jar:1.1.0-913f5a4-SNAPSHOT]
	at org.apache.ratis.grpc.client.GrpcClientProtocolService$RequestStreamObserver.processClientRequest(GrpcClientProtocolService.java:231) ~[ratis-grpc-1.1.0-913f5a4-SNAPSHOT.jar:1.1.0-913f5a4-SNAPSHOT]
	at org.apache.ratis.grpc.client.GrpcClientProtocolService$OrderedRequestStreamObserver.processClientRequest(GrpcClientProtocolService.java:337) ~[ratis-grpc-1.1.0-913f5a4-SNAPSHOT.jar:1.1.0-913f5a4-SNAPSHOT]
	at org.apache.ratis.util.SlidingWindow$Server.processRequestsFromHead(SlidingWindow.java:429) [ratis-common-1.1.0-913f5a4-SNAPSHOT.jar:1.1.0-913f5a4-SNAPSHOT]
	at org.apache.ratis.util.SlidingWindow$Server.receivedRequest(SlidingWindow.java:421) [ratis-common-1.1.0-913f5a4-SNAPSHOT.jar:1.1.0-913f5a4-SNAPSHOT]
	at org.apache.ratis.grpc.client.GrpcClientProtocolService$OrderedRequestStreamObserver.processClientRequest(GrpcClientProtocolService.java:361) [ratis-grpc-1.1.0-913f5a4-SNAPSHOT.jar:1.1.0-913f5a4-SNAPSHOT]
	at org.apache.ratis.grpc.client.GrpcClientProtocolService$RequestStreamObserver.onNext(GrpcClientProtocolService.java:251) [ratis-grpc-1.1.0-913f5a4-SNAPSHOT.jar:1.1.0-913f5a4-SNAPSHOT]
	at org.apache.ratis.grpc.client.GrpcClientProtocolService$RequestStreamObserver.onNext(GrpcClientProtocolService.java:174) [ratis-grpc-1.1.0-913f5a4-SNAPSHOT.jar:1.1.0-913f5a4-SNAPSHOT]
	at org.apache.ratis.thirdparty.io.grpc.stub.ServerCalls$StreamingServerCallHandler$StreamingServerCallListener.onMessage(ServerCalls.java:251) [ratis-thirdparty-misc-0.6.0-SNAPSHOT.jar:0.6.0-SNAPSHOT]
	at org.apache.ratis.thirdparty.io.grpc.ForwardingServerCallListener.onMessage(ForwardingServerCallListener.java:33) [ratis-thirdparty-misc-0.6.0-SNAPSHOT.jar:0.6.0-SNAPSHOT]
	at org.apache.ratis.thirdparty.io.grpc.internal.ServerCallImpl$ServerStreamListenerImpl.messagesAvailableInternal(ServerCallImpl.java:309) [ratis-thirdparty-misc-0.6.0-SNAPSHOT.jar:0.6.0-SNAPSHOT]
	at org.apache.ratis.thirdparty.io.grpc.internal.ServerCallImpl$ServerStreamListenerImpl.messagesAvailable(ServerCallImpl.java:292) [ratis-thirdparty-misc-0.6.0-SNAPSHOT.jar:0.6.0-SNAPSHOT]
	at org.apache.ratis.thirdparty.io.grpc.internal.ServerImpl$JumpToApplicationThreadServerStreamListener$1MessagesAvailable.runInContext(ServerImpl.java:783) [ratis-thirdparty-misc-0.6.0-SNAPSHOT.jar:0.6.0-SNAPSHOT]
	at org.apache.ratis.thirdparty.io.grpc.internal.ContextRunnable.run(ContextRunnable.java:37) [ratis-thirdparty-misc-0.6.0-SNAPSHOT.jar:0.6.0-SNAPSHOT]
	at org.apache.ratis.thirdparty.io.grpc.internal.SerializingExecutor.run(SerializingExecutor.java:123) [ratis-thirdparty-misc-0.6.0-SNAPSHOT.jar:0.6.0-SNAPSHOT]
	at java.util.concurrent.ThreadPoolExecutor.runWorker(ThreadPoolExecutor.java:1149) [?:1.8.0_232]
	at java.util.concurrent.ThreadPoolExecutor$Worker.run(ThreadPoolExecutor.java:624) [?:1.8.0_232]
	at java.lang.Thread.run(Thread.java:748) [?:1.8.0_232]
19:45:40.544 [grpc-default-executor-0] ERROR DNAudit - user=null | ip=null | op=PUT_BLOCK {blockData=[blockId=conID: 1 locID: 105300985648644099 bcsId: 0,size=800]} | ret=FAILURE
org.apache.hadoop.hdds.scm.container.common.helpers.ContainerNotOpenException: Container 1 in CLOSED state
	at org.apache.hadoop.ozone.container.common.impl.HddsDispatcher.validateContainerCommand(HddsDispatcher.java:484) ~[hadoop-hdds-container-service-1.1.0-SNAPSHOT.jar:?]
	at org.apache.hadoop.ozone.container.common.transport.server.ratis.ContainerStateMachine.startTransaction(ContainerStateMachine.java:319) ~[hadoop-hdds-container-service-1.1.0-SNAPSHOT.jar:?]
	at org.apache.ratis.server.impl.RaftServerImpl.submitClientRequestAsync(RaftServerImpl.java:723) ~[ratis-server-1.1.0-913f5a4-SNAPSHOT.jar:1.1.0-913f5a4-SNAPSHOT]
	at org.apache.ratis.server.impl.RaftServerProxy.lambda$submitClientRequestAsync$7(RaftServerProxy.java:364) ~[ratis-server-1.1.0-913f5a4-SNAPSHOT.jar:1.1.0-913f5a4-SNAPSHOT]
	at org.apache.ratis.server.impl.RaftServerProxy.lambda$null$5(RaftServerProxy.java:359) ~[ratis-server-1.1.0-913f5a4-SNAPSHOT.jar:1.1.0-913f5a4-SNAPSHOT]
	at org.apache.ratis.util.JavaUtils.callAsUnchecked(JavaUtils.java:116) ~[ratis-common-1.1.0-913f5a4-SNAPSHOT.jar:1.1.0-913f5a4-SNAPSHOT]
	at org.apache.ratis.server.impl.RaftServerProxy.lambda$submitRequest$6(RaftServerProxy.java:359) ~[ratis-server-1.1.0-913f5a4-SNAPSHOT.jar:1.1.0-913f5a4-SNAPSHOT]
	at java.util.concurrent.CompletableFuture.uniComposeStage(CompletableFuture.java:995) ~[?:1.8.0_232]
	at java.util.concurrent.CompletableFuture.thenCompose(CompletableFuture.java:2137) ~[?:1.8.0_232]
	at org.apache.ratis.server.impl.RaftServerProxy.submitRequest(RaftServerProxy.java:358) ~[ratis-server-1.1.0-913f5a4-SNAPSHOT.jar:1.1.0-913f5a4-SNAPSHOT]
	at org.apache.ratis.server.impl.RaftServerProxy.submitClientRequestAsync(RaftServerProxy.java:364) ~[ratis-server-1.1.0-913f5a4-SNAPSHOT.jar:1.1.0-913f5a4-SNAPSHOT]
	at org.apache.ratis.grpc.client.GrpcClientProtocolService$RequestStreamObserver.processClientRequest(GrpcClientProtocolService.java:231) ~[ratis-grpc-1.1.0-913f5a4-SNAPSHOT.jar:1.1.0-913f5a4-SNAPSHOT]
	at org.apache.ratis.grpc.client.GrpcClientProtocolService$OrderedRequestStreamObserver.processClientRequest(GrpcClientProtocolService.java:337) ~[ratis-grpc-1.1.0-913f5a4-SNAPSHOT.jar:1.1.0-913f5a4-SNAPSHOT]
	at org.apache.ratis.util.SlidingWindow$Server.processRequestsFromHead(SlidingWindow.java:429) [ratis-common-1.1.0-913f5a4-SNAPSHOT.jar:1.1.0-913f5a4-SNAPSHOT]
	at org.apache.ratis.util.SlidingWindow$Server.receivedRequest(SlidingWindow.java:421) [ratis-common-1.1.0-913f5a4-SNAPSHOT.jar:1.1.0-913f5a4-SNAPSHOT]
	at org.apache.ratis.grpc.client.GrpcClientProtocolService$OrderedRequestStreamObserver.processClientRequest(GrpcClientProtocolService.java:361) [ratis-grpc-1.1.0-913f5a4-SNAPSHOT.jar:1.1.0-913f5a4-SNAPSHOT]
	at org.apache.ratis.grpc.client.GrpcClientProtocolService$RequestStreamObserver.onNext(GrpcClientProtocolService.java:251) [ratis-grpc-1.1.0-913f5a4-SNAPSHOT.jar:1.1.0-913f5a4-SNAPSHOT]
	at org.apache.ratis.grpc.client.GrpcClientProtocolService$RequestStreamObserver.onNext(GrpcClientProtocolService.java:174) [ratis-grpc-1.1.0-913f5a4-SNAPSHOT.jar:1.1.0-913f5a4-SNAPSHOT]
	at org.apache.ratis.thirdparty.io.grpc.stub.ServerCalls$StreamingServerCallHandler$StreamingServerCallListener.onMessage(ServerCalls.java:251) [ratis-thirdparty-misc-0.6.0-SNAPSHOT.jar:0.6.0-SNAPSHOT]
	at org.apache.ratis.thirdparty.io.grpc.ForwardingServerCallListener.onMessage(ForwardingServerCallListener.java:33) [ratis-thirdparty-misc-0.6.0-SNAPSHOT.jar:0.6.0-SNAPSHOT]
	at org.apache.ratis.thirdparty.io.grpc.internal.ServerCallImpl$ServerStreamListenerImpl.messagesAvailableInternal(ServerCallImpl.java:309) [ratis-thirdparty-misc-0.6.0-SNAPSHOT.jar:0.6.0-SNAPSHOT]
	at org.apache.ratis.thirdparty.io.grpc.internal.ServerCallImpl$ServerStreamListenerImpl.messagesAvailable(ServerCallImpl.java:292) [ratis-thirdparty-misc-0.6.0-SNAPSHOT.jar:0.6.0-SNAPSHOT]
	at org.apache.ratis.thirdparty.io.grpc.internal.ServerImpl$JumpToApplicationThreadServerStreamListener$1MessagesAvailable.runInContext(ServerImpl.java:783) [ratis-thirdparty-misc-0.6.0-SNAPSHOT.jar:0.6.0-SNAPSHOT]
	at org.apache.ratis.thirdparty.io.grpc.internal.ContextRunnable.run(ContextRunnable.java:37) [ratis-thirdparty-misc-0.6.0-SNAPSHOT.jar:0.6.0-SNAPSHOT]
	at org.apache.ratis.thirdparty.io.grpc.internal.SerializingExecutor.run(SerializingExecutor.java:123) [ratis-thirdparty-misc-0.6.0-SNAPSHOT.jar:0.6.0-SNAPSHOT]
	at java.util.concurrent.ThreadPoolExecutor.runWorker(ThreadPoolExecutor.java:1149) [?:1.8.0_232]
	at java.util.concurrent.ThreadPoolExecutor$Worker.run(ThreadPoolExecutor.java:624) [?:1.8.0_232]
	at java.lang.Thread.run(Thread.java:748) [?:1.8.0_232]
2020-11-30 19:45:40,555 [grpc-default-executor-0] ERROR storage.BlockOutputStream (BlockOutputStream.java:lambda$writeChunkToContainer$3(677)) - writing chunk failed 105300985648644099_chunk_7 blockID conID: 1 locID: 105300985648644099 bcsId: 14 with exception org.apache.ratis.protocol.exceptions.StateMachineException: org.apache.hadoop.hdds.scm.container.common.helpers.ContainerNotOpenException from Server 70b5b581-c134-4e70-98be-52f4a1178c95@group-8AACD6717F75: Container 1 in CLOSED state
2020-11-30 19:45:40,562 [grpc-default-executor-0] ERROR storage.BlockOutputStream (BlockOutputStream.java:lambda$writeChunkToContainer$3(677)) - writing chunk failed 105300985648644099_chunk_8 blockID conID: 1 locID: 105300985648644099 bcsId: 14 with exception org.apache.ratis.protocol.exceptions.StateMachineException: org.apache.hadoop.hdds.scm.container.common.helpers.ContainerNotOpenException from Server 70b5b581-c134-4e70-98be-52f4a1178c95@group-8AACD6717F75: Container 1 in CLOSED state
19:45:40.575 [grpc-default-executor-0] ERROR DNAudit - user=null | ip=null | op=WRITE_CHUNK {blockData=conID: 2 locID: 105300985648644100 bcsId: 0} | ret=FAILURE
org.apache.hadoop.hdds.scm.container.common.helpers.ContainerNotOpenException: Container 2 in CLOSED state
	at org.apache.hadoop.ozone.container.common.impl.HddsDispatcher.validateContainerCommand(HddsDispatcher.java:484) ~[hadoop-hdds-container-service-1.1.0-SNAPSHOT.jar:?]
	at org.apache.hadoop.ozone.container.common.transport.server.ratis.ContainerStateMachine.startTransaction(ContainerStateMachine.java:319) ~[hadoop-hdds-container-service-1.1.0-SNAPSHOT.jar:?]
	at org.apache.ratis.server.impl.RaftServerImpl.submitClientRequestAsync(RaftServerImpl.java:723) ~[ratis-server-1.1.0-913f5a4-SNAPSHOT.jar:1.1.0-913f5a4-SNAPSHOT]
	at org.apache.ratis.server.impl.RaftServerProxy.lambda$submitClientRequestAsync$7(RaftServerProxy.java:364) ~[ratis-server-1.1.0-913f5a4-SNAPSHOT.jar:1.1.0-913f5a4-SNAPSHOT]
	at org.apache.ratis.server.impl.RaftServerProxy.lambda$null$5(RaftServerProxy.java:359) ~[ratis-server-1.1.0-913f5a4-SNAPSHOT.jar:1.1.0-913f5a4-SNAPSHOT]
	at org.apache.ratis.util.JavaUtils.callAsUnchecked(JavaUtils.java:116) ~[ratis-common-1.1.0-913f5a4-SNAPSHOT.jar:1.1.0-913f5a4-SNAPSHOT]
	at org.apache.ratis.server.impl.RaftServerProxy.lambda$submitRequest$6(RaftServerProxy.java:359) ~[ratis-server-1.1.0-913f5a4-SNAPSHOT.jar:1.1.0-913f5a4-SNAPSHOT]
	at java.util.concurrent.CompletableFuture.uniComposeStage(CompletableFuture.java:995) ~[?:1.8.0_232]
	at java.util.concurrent.CompletableFuture.thenCompose(CompletableFuture.java:2137) ~[?:1.8.0_232]
	at org.apache.ratis.server.impl.RaftServerProxy.submitRequest(RaftServerProxy.java:358) ~[ratis-server-1.1.0-913f5a4-SNAPSHOT.jar:1.1.0-913f5a4-SNAPSHOT]
	at org.apache.ratis.server.impl.RaftServerProxy.submitClientRequestAsync(RaftServerProxy.java:364) ~[ratis-server-1.1.0-913f5a4-SNAPSHOT.jar:1.1.0-913f5a4-SNAPSHOT]
	at org.apache.ratis.grpc.client.GrpcClientProtocolService$RequestStreamObserver.processClientRequest(GrpcClientProtocolService.java:231) ~[ratis-grpc-1.1.0-913f5a4-SNAPSHOT.jar:1.1.0-913f5a4-SNAPSHOT]
	at org.apache.ratis.grpc.client.GrpcClientProtocolService$OrderedRequestStreamObserver.processClientRequest(GrpcClientProtocolService.java:337) ~[ratis-grpc-1.1.0-913f5a4-SNAPSHOT.jar:1.1.0-913f5a4-SNAPSHOT]
	at org.apache.ratis.util.SlidingWindow$Server.processRequestsFromHead(SlidingWindow.java:429) [ratis-common-1.1.0-913f5a4-SNAPSHOT.jar:1.1.0-913f5a4-SNAPSHOT]
	at org.apache.ratis.util.SlidingWindow$Server.receivedRequest(SlidingWindow.java:421) [ratis-common-1.1.0-913f5a4-SNAPSHOT.jar:1.1.0-913f5a4-SNAPSHOT]
	at org.apache.ratis.grpc.client.GrpcClientProtocolService$OrderedRequestStreamObserver.processClientRequest(GrpcClientProtocolService.java:361) [ratis-grpc-1.1.0-913f5a4-SNAPSHOT.jar:1.1.0-913f5a4-SNAPSHOT]
	at org.apache.ratis.grpc.client.GrpcClientProtocolService$RequestStreamObserver.onNext(GrpcClientProtocolService.java:251) [ratis-grpc-1.1.0-913f5a4-SNAPSHOT.jar:1.1.0-913f5a4-SNAPSHOT]
	at org.apache.ratis.grpc.client.GrpcClientProtocolService$RequestStreamObserver.onNext(GrpcClientProtocolService.java:174) [ratis-grpc-1.1.0-913f5a4-SNAPSHOT.jar:1.1.0-913f5a4-SNAPSHOT]
	at org.apache.ratis.thirdparty.io.grpc.stub.ServerCalls$StreamingServerCallHandler$StreamingServerCallListener.onMessage(ServerCalls.java:251) [ratis-thirdparty-misc-0.6.0-SNAPSHOT.jar:0.6.0-SNAPSHOT]
	at org.apache.ratis.thirdparty.io.grpc.ForwardingServerCallListener.onMessage(ForwardingServerCallListener.java:33) [ratis-thirdparty-misc-0.6.0-SNAPSHOT.jar:0.6.0-SNAPSHOT]
	at org.apache.ratis.thirdparty.io.grpc.internal.ServerCallImpl$ServerStreamListenerImpl.messagesAvailableInternal(ServerCallImpl.java:309) [ratis-thirdparty-misc-0.6.0-SNAPSHOT.jar:0.6.0-SNAPSHOT]
	at org.apache.ratis.thirdparty.io.grpc.internal.ServerCallImpl$ServerStreamListenerImpl.messagesAvailable(ServerCallImpl.java:292) [ratis-thirdparty-misc-0.6.0-SNAPSHOT.jar:0.6.0-SNAPSHOT]
	at org.apache.ratis.thirdparty.io.grpc.internal.ServerImpl$JumpToApplicationThreadServerStreamListener$1MessagesAvailable.runInContext(ServerImpl.java:783) [ratis-thirdparty-misc-0.6.0-SNAPSHOT.jar:0.6.0-SNAPSHOT]
	at org.apache.ratis.thirdparty.io.grpc.internal.ContextRunnable.run(ContextRunnable.java:37) [ratis-thirdparty-misc-0.6.0-SNAPSHOT.jar:0.6.0-SNAPSHOT]
	at org.apache.ratis.thirdparty.io.grpc.internal.SerializingExecutor.run(SerializingExecutor.java:123) [ratis-thirdparty-misc-0.6.0-SNAPSHOT.jar:0.6.0-SNAPSHOT]
	at java.util.concurrent.ThreadPoolExecutor.runWorker(ThreadPoolExecutor.java:1149) [?:1.8.0_232]
	at java.util.concurrent.ThreadPoolExecutor$Worker.run(ThreadPoolExecutor.java:624) [?:1.8.0_232]
	at java.lang.Thread.run(Thread.java:748) [?:1.8.0_232]
19:45:40.578 [grpc-default-executor-0] ERROR DNAudit - user=null | ip=null | op=WRITE_CHUNK {blockData=conID: 2 locID: 105300985648644100 bcsId: 0} | ret=FAILURE
org.apache.hadoop.hdds.scm.container.common.helpers.ContainerNotOpenException: Container 2 in CLOSED state
	at org.apache.hadoop.ozone.container.common.impl.HddsDispatcher.validateContainerCommand(HddsDispatcher.java:484) ~[hadoop-hdds-container-service-1.1.0-SNAPSHOT.jar:?]
	at org.apache.hadoop.ozone.container.common.transport.server.ratis.ContainerStateMachine.startTransaction(ContainerStateMachine.java:319) ~[hadoop-hdds-container-service-1.1.0-SNAPSHOT.jar:?]
	at org.apache.ratis.server.impl.RaftServerImpl.submitClientRequestAsync(RaftServerImpl.java:723) ~[ratis-server-1.1.0-913f5a4-SNAPSHOT.jar:1.1.0-913f5a4-SNAPSHOT]
	at org.apache.ratis.server.impl.RaftServerProxy.lambda$submitClientRequestAsync$7(RaftServerProxy.java:364) ~[ratis-server-1.1.0-913f5a4-SNAPSHOT.jar:1.1.0-913f5a4-SNAPSHOT]
	at org.apache.ratis.server.impl.RaftServerProxy.lambda$null$5(RaftServerProxy.java:359) ~[ratis-server-1.1.0-913f5a4-SNAPSHOT.jar:1.1.0-913f5a4-SNAPSHOT]
	at org.apache.ratis.util.JavaUtils.callAsUnchecked(JavaUtils.java:116) ~[ratis-common-1.1.0-913f5a4-SNAPSHOT.jar:1.1.0-913f5a4-SNAPSHOT]
	at org.apache.ratis.server.impl.RaftServerProxy.lambda$submitRequest$6(RaftServerProxy.java:359) ~[ratis-server-1.1.0-913f5a4-SNAPSHOT.jar:1.1.0-913f5a4-SNAPSHOT]
	at java.util.concurrent.CompletableFuture.uniComposeStage(CompletableFuture.java:995) ~[?:1.8.0_232]
	at java.util.concurrent.CompletableFuture.thenCompose(CompletableFuture.java:2137) ~[?:1.8.0_232]
	at org.apache.ratis.server.impl.RaftServerProxy.submitRequest(RaftServerProxy.java:358) ~[ratis-server-1.1.0-913f5a4-SNAPSHOT.jar:1.1.0-913f5a4-SNAPSHOT]
	at org.apache.ratis.server.impl.RaftServerProxy.submitClientRequestAsync(RaftServerProxy.java:364) ~[ratis-server-1.1.0-913f5a4-SNAPSHOT.jar:1.1.0-913f5a4-SNAPSHOT]
	at org.apache.ratis.grpc.client.GrpcClientProtocolService$RequestStreamObserver.processClientRequest(GrpcClientProtocolService.java:231) ~[ratis-grpc-1.1.0-913f5a4-SNAPSHOT.jar:1.1.0-913f5a4-SNAPSHOT]
	at org.apache.ratis.grpc.client.GrpcClientProtocolService$OrderedRequestStreamObserver.processClientRequest(GrpcClientProtocolService.java:337) ~[ratis-grpc-1.1.0-913f5a4-SNAPSHOT.jar:1.1.0-913f5a4-SNAPSHOT]
	at org.apache.ratis.util.SlidingWindow$Server.processRequestsFromHead(SlidingWindow.java:429) [ratis-common-1.1.0-913f5a4-SNAPSHOT.jar:1.1.0-913f5a4-SNAPSHOT]
	at org.apache.ratis.util.SlidingWindow$Server.receivedRequest(SlidingWindow.java:421) [ratis-common-1.1.0-913f5a4-SNAPSHOT.jar:1.1.0-913f5a4-SNAPSHOT]
	at org.apache.ratis.grpc.client.GrpcClientProtocolService$OrderedRequestStreamObserver.processClientRequest(GrpcClientProtocolService.java:361) [ratis-grpc-1.1.0-913f5a4-SNAPSHOT.jar:1.1.0-913f5a4-SNAPSHOT]
	at org.apache.ratis.grpc.client.GrpcClientProtocolService$RequestStreamObserver.onNext(GrpcClientProtocolService.java:251) [ratis-grpc-1.1.0-913f5a4-SNAPSHOT.jar:1.1.0-913f5a4-SNAPSHOT]
	at org.apache.ratis.grpc.client.GrpcClientProtocolService$RequestStreamObserver.onNext(GrpcClientProtocolService.java:174) [ratis-grpc-1.1.0-913f5a4-SNAPSHOT.jar:1.1.0-913f5a4-SNAPSHOT]
	at org.apache.ratis.thirdparty.io.grpc.stub.ServerCalls$StreamingServerCallHandler$StreamingServerCallListener.onMessage(ServerCalls.java:251) [ratis-thirdparty-misc-0.6.0-SNAPSHOT.jar:0.6.0-SNAPSHOT]
	at org.apache.ratis.thirdparty.io.grpc.ForwardingServerCallListener.onMessage(ForwardingServerCallListener.java:33) [ratis-thirdparty-misc-0.6.0-SNAPSHOT.jar:0.6.0-SNAPSHOT]
	at org.apache.ratis.thirdparty.io.grpc.internal.ServerCallImpl$ServerStreamListenerImpl.messagesAvailableInternal(ServerCallImpl.java:309) [ratis-thirdparty-misc-0.6.0-SNAPSHOT.jar:0.6.0-SNAPSHOT]
	at org.apache.ratis.thirdparty.io.grpc.internal.ServerCallImpl$ServerStreamListenerImpl.messagesAvailable(ServerCallImpl.java:292) [ratis-thirdparty-misc-0.6.0-SNAPSHOT.jar:0.6.0-SNAPSHOT]
	at org.apache.ratis.thirdparty.io.grpc.internal.ServerImpl$JumpToApplicationThreadServerStreamListener$1MessagesAvailable.runInContext(ServerImpl.java:783) [ratis-thirdparty-misc-0.6.0-SNAPSHOT.jar:0.6.0-SNAPSHOT]
	at org.apache.ratis.thirdparty.io.grpc.internal.ContextRunnable.run(ContextRunnable.java:37) [ratis-thirdparty-misc-0.6.0-SNAPSHOT.jar:0.6.0-SNAPSHOT]
	at org.apache.ratis.thirdparty.io.grpc.internal.SerializingExecutor.run(SerializingExecutor.java:123) [ratis-thirdparty-misc-0.6.0-SNAPSHOT.jar:0.6.0-SNAPSHOT]
	at java.util.concurrent.ThreadPoolExecutor.runWorker(ThreadPoolExecutor.java:1149) [?:1.8.0_232]
	at java.util.concurrent.ThreadPoolExecutor$Worker.run(ThreadPoolExecutor.java:624) [?:1.8.0_232]
	at java.lang.Thread.run(Thread.java:748) [?:1.8.0_232]
19:45:40.578 [grpc-default-executor-0] ERROR DNAudit - user=null | ip=null | op=PUT_BLOCK {blockData=[blockId=conID: 2 locID: 105300985648644100 bcsId: 0,size=200]} | ret=FAILURE
org.apache.hadoop.hdds.scm.container.common.helpers.ContainerNotOpenException: Container 2 in CLOSED state
	at org.apache.hadoop.ozone.container.common.impl.HddsDispatcher.validateContainerCommand(HddsDispatcher.java:484) ~[hadoop-hdds-container-service-1.1.0-SNAPSHOT.jar:?]
	at org.apache.hadoop.ozone.container.common.transport.server.ratis.ContainerStateMachine.startTransaction(ContainerStateMachine.java:319) ~[hadoop-hdds-container-service-1.1.0-SNAPSHOT.jar:?]
	at org.apache.ratis.server.impl.RaftServerImpl.submitClientRequestAsync(RaftServerImpl.java:723) ~[ratis-server-1.1.0-913f5a4-SNAPSHOT.jar:1.1.0-913f5a4-SNAPSHOT]
	at org.apache.ratis.server.impl.RaftServerProxy.lambda$submitClientRequestAsync$7(RaftServerProxy.java:364) ~[ratis-server-1.1.0-913f5a4-SNAPSHOT.jar:1.1.0-913f5a4-SNAPSHOT]
	at org.apache.ratis.server.impl.RaftServerProxy.lambda$null$5(RaftServerProxy.java:359) ~[ratis-server-1.1.0-913f5a4-SNAPSHOT.jar:1.1.0-913f5a4-SNAPSHOT]
	at org.apache.ratis.util.JavaUtils.callAsUnchecked(JavaUtils.java:116) ~[ratis-common-1.1.0-913f5a4-SNAPSHOT.jar:1.1.0-913f5a4-SNAPSHOT]
	at org.apache.ratis.server.impl.RaftServerProxy.lambda$submitRequest$6(RaftServerProxy.java:359) ~[ratis-server-1.1.0-913f5a4-SNAPSHOT.jar:1.1.0-913f5a4-SNAPSHOT]
	at java.util.concurrent.CompletableFuture.uniComposeStage(CompletableFuture.java:995) ~[?:1.8.0_232]
	at java.util.concurrent.CompletableFuture.thenCompose(CompletableFuture.java:2137) ~[?:1.8.0_232]
	at org.apache.ratis.server.impl.RaftServerProxy.submitRequest(RaftServerProxy.java:358) ~[ratis-server-1.1.0-913f5a4-SNAPSHOT.jar:1.1.0-913f5a4-SNAPSHOT]
	at org.apache.ratis.server.impl.RaftServerProxy.submitClientRequestAsync(RaftServerProxy.java:364) ~[ratis-server-1.1.0-913f5a4-SNAPSHOT.jar:1.1.0-913f5a4-SNAPSHOT]
	at org.apache.ratis.grpc.client.GrpcClientProtocolService$RequestStreamObserver.processClientRequest(GrpcClientProtocolService.java:231) ~[ratis-grpc-1.1.0-913f5a4-SNAPSHOT.jar:1.1.0-913f5a4-SNAPSHOT]
	at org.apache.ratis.grpc.client.GrpcClientProtocolService$OrderedRequestStreamObserver.processClientRequest(GrpcClientProtocolService.java:337) ~[ratis-grpc-1.1.0-913f5a4-SNAPSHOT.jar:1.1.0-913f5a4-SNAPSHOT]
	at org.apache.ratis.util.SlidingWindow$Server.processRequestsFromHead(SlidingWindow.java:429) [ratis-common-1.1.0-913f5a4-SNAPSHOT.jar:1.1.0-913f5a4-SNAPSHOT]
	at org.apache.ratis.util.SlidingWindow$Server.receivedRequest(SlidingWindow.java:421) [ratis-common-1.1.0-913f5a4-SNAPSHOT.jar:1.1.0-913f5a4-SNAPSHOT]
	at org.apache.ratis.grpc.client.GrpcClientProtocolService$OrderedRequestStreamObserver.processClientRequest(GrpcClientProtocolService.java:361) [ratis-grpc-1.1.0-913f5a4-SNAPSHOT.jar:1.1.0-913f5a4-SNAPSHOT]
	at org.apache.ratis.grpc.client.GrpcClientProtocolService$RequestStreamObserver.onNext(GrpcClientProtocolService.java:251) [ratis-grpc-1.1.0-913f5a4-SNAPSHOT.jar:1.1.0-913f5a4-SNAPSHOT]
	at org.apache.ratis.grpc.client.GrpcClientProtocolService$RequestStreamObserver.onNext(GrpcClientProtocolService.java:174) [ratis-grpc-1.1.0-913f5a4-SNAPSHOT.jar:1.1.0-913f5a4-SNAPSHOT]
	at org.apache.ratis.thirdparty.io.grpc.stub.ServerCalls$StreamingServerCallHandler$StreamingServerCallListener.onMessage(ServerCalls.java:251) [ratis-thirdparty-misc-0.6.0-SNAPSHOT.jar:0.6.0-SNAPSHOT]
	at org.apache.ratis.thirdparty.io.grpc.ForwardingServerCallListener.onMessage(ForwardingServerCallListener.java:33) [ratis-thirdparty-misc-0.6.0-SNAPSHOT.jar:0.6.0-SNAPSHOT]
	at org.apache.ratis.thirdparty.io.grpc.internal.ServerCallImpl$ServerStreamListenerImpl.messagesAvailableInternal(ServerCallImpl.java:309) [ratis-thirdparty-misc-0.6.0-SNAPSHOT.jar:0.6.0-SNAPSHOT]
	at org.apache.ratis.thirdparty.io.grpc.internal.ServerCallImpl$ServerStreamListenerImpl.messagesAvailable(ServerCallImpl.java:292) [ratis-thirdparty-misc-0.6.0-SNAPSHOT.jar:0.6.0-SNAPSHOT]
	at org.apache.ratis.thirdparty.io.grpc.internal.ServerImpl$JumpToApplicationThreadServerStreamListener$1MessagesAvailable.runInContext(ServerImpl.java:783) [ratis-thirdparty-misc-0.6.0-SNAPSHOT.jar:0.6.0-SNAPSHOT]
	at org.apache.ratis.thirdparty.io.grpc.internal.ContextRunnable.run(ContextRunnable.java:37) [ratis-thirdparty-misc-0.6.0-SNAPSHOT.jar:0.6.0-SNAPSHOT]
	at org.apache.ratis.thirdparty.io.grpc.internal.SerializingExecutor.run(SerializingExecutor.java:123) [ratis-thirdparty-misc-0.6.0-SNAPSHOT.jar:0.6.0-SNAPSHOT]
	at java.util.concurrent.ThreadPoolExecutor.runWorker(ThreadPoolExecutor.java:1149) [?:1.8.0_232]
	at java.util.concurrent.ThreadPoolExecutor$Worker.run(ThreadPoolExecutor.java:624) [?:1.8.0_232]
	at java.lang.Thread.run(Thread.java:748) [?:1.8.0_232]
19:45:40.582 [grpc-default-executor-0] ERROR DNAudit - user=null | ip=null | op=WRITE_CHUNK {blockData=conID: 2 locID: 105300985648644100 bcsId: 0} | ret=FAILURE
org.apache.hadoop.hdds.scm.container.common.helpers.ContainerNotOpenException: Container 2 in CLOSED state
	at org.apache.hadoop.ozone.container.common.impl.HddsDispatcher.validateContainerCommand(HddsDispatcher.java:484) ~[hadoop-hdds-container-service-1.1.0-SNAPSHOT.jar:?]
	at org.apache.hadoop.ozone.container.common.transport.server.ratis.ContainerStateMachine.startTransaction(ContainerStateMachine.java:319) ~[hadoop-hdds-container-service-1.1.0-SNAPSHOT.jar:?]
	at org.apache.ratis.server.impl.RaftServerImpl.submitClientRequestAsync(RaftServerImpl.java:723) ~[ratis-server-1.1.0-913f5a4-SNAPSHOT.jar:1.1.0-913f5a4-SNAPSHOT]
	at org.apache.ratis.server.impl.RaftServerProxy.lambda$submitClientRequestAsync$7(RaftServerProxy.java:364) ~[ratis-server-1.1.0-913f5a4-SNAPSHOT.jar:1.1.0-913f5a4-SNAPSHOT]
	at org.apache.ratis.server.impl.RaftServerProxy.lambda$null$5(RaftServerProxy.java:359) ~[ratis-server-1.1.0-913f5a4-SNAPSHOT.jar:1.1.0-913f5a4-SNAPSHOT]
	at org.apache.ratis.util.JavaUtils.callAsUnchecked(JavaUtils.java:116) ~[ratis-common-1.1.0-913f5a4-SNAPSHOT.jar:1.1.0-913f5a4-SNAPSHOT]
	at org.apache.ratis.server.impl.RaftServerProxy.lambda$submitRequest$6(RaftServerProxy.java:359) ~[ratis-server-1.1.0-913f5a4-SNAPSHOT.jar:1.1.0-913f5a4-SNAPSHOT]
	at java.util.concurrent.CompletableFuture.uniComposeStage(CompletableFuture.java:995) ~[?:1.8.0_232]
	at java.util.concurrent.CompletableFuture.thenCompose(CompletableFuture.java:2137) ~[?:1.8.0_232]
	at org.apache.ratis.server.impl.RaftServerProxy.submitRequest(RaftServerProxy.java:358) ~[ratis-server-1.1.0-913f5a4-SNAPSHOT.jar:1.1.0-913f5a4-SNAPSHOT]
	at org.apache.ratis.server.impl.RaftServerProxy.submitClientRequestAsync(RaftServerProxy.java:364) ~[ratis-server-1.1.0-913f5a4-SNAPSHOT.jar:1.1.0-913f5a4-SNAPSHOT]
	at org.apache.ratis.grpc.client.GrpcClientProtocolService$RequestStreamObserver.processClientRequest(GrpcClientProtocolService.java:231) ~[ratis-grpc-1.1.0-913f5a4-SNAPSHOT.jar:1.1.0-913f5a4-SNAPSHOT]
	at org.apache.ratis.grpc.client.GrpcClientProtocolService$OrderedRequestStreamObserver.processClientRequest(GrpcClientProtocolService.java:337) ~[ratis-grpc-1.1.0-913f5a4-SNAPSHOT.jar:1.1.0-913f5a4-SNAPSHOT]
	at org.apache.ratis.util.SlidingWindow$Server.processRequestsFromHead(SlidingWindow.java:429) [ratis-common-1.1.0-913f5a4-SNAPSHOT.jar:1.1.0-913f5a4-SNAPSHOT]
	at org.apache.ratis.util.SlidingWindow$Server.receivedRequest(SlidingWindow.java:421) [ratis-common-1.1.0-913f5a4-SNAPSHOT.jar:1.1.0-913f5a4-SNAPSHOT]
	at org.apache.ratis.grpc.client.GrpcClientProtocolService$OrderedRequestStreamObserver.processClientRequest(GrpcClientProtocolService.java:361) [ratis-grpc-1.1.0-913f5a4-SNAPSHOT.jar:1.1.0-913f5a4-SNAPSHOT]
	at org.apache.ratis.grpc.client.GrpcClientProtocolService$RequestStreamObserver.onNext(GrpcClientProtocolService.java:251) [ratis-grpc-1.1.0-913f5a4-SNAPSHOT.jar:1.1.0-913f5a4-SNAPSHOT]
	at org.apache.ratis.grpc.client.GrpcClientProtocolService$RequestStreamObserver.onNext(GrpcClientProtocolService.java:174) [ratis-grpc-1.1.0-913f5a4-SNAPSHOT.jar:1.1.0-913f5a4-SNAPSHOT]
	at org.apache.ratis.thirdparty.io.grpc.stub.ServerCalls$StreamingServerCallHandler$StreamingServerCallListener.onMessage(ServerCalls.java:251) [ratis-thirdparty-misc-0.6.0-SNAPSHOT.jar:0.6.0-SNAPSHOT]
	at org.apache.ratis.thirdparty.io.grpc.ForwardingServerCallListener.onMessage(ForwardingServerCallListener.java:33) [ratis-thirdparty-misc-0.6.0-SNAPSHOT.jar:0.6.0-SNAPSHOT]
	at org.apache.ratis.thirdparty.io.grpc.internal.ServerCallImpl$ServerStreamListenerImpl.messagesAvailableInternal(ServerCallImpl.java:309) [ratis-thirdparty-misc-0.6.0-SNAPSHOT.jar:0.6.0-SNAPSHOT]
	at org.apache.ratis.thirdparty.io.grpc.internal.ServerCallImpl$ServerStreamListenerImpl.messagesAvailable(ServerCallImpl.java:292) [ratis-thirdparty-misc-0.6.0-SNAPSHOT.jar:0.6.0-SNAPSHOT]
	at org.apache.ratis.thirdparty.io.grpc.internal.ServerImpl$JumpToApplicationThreadServerStreamListener$1MessagesAvailable.runInContext(ServerImpl.java:783) [ratis-thirdparty-misc-0.6.0-SNAPSHOT.jar:0.6.0-SNAPSHOT]
	at org.apache.ratis.thirdparty.io.grpc.internal.ContextRunnable.run(ContextRunnable.java:37) [ratis-thirdparty-misc-0.6.0-SNAPSHOT.jar:0.6.0-SNAPSHOT]
	at org.apache.ratis.thirdparty.io.grpc.internal.SerializingExecutor.run(SerializingExecutor.java:123) [ratis-thirdparty-misc-0.6.0-SNAPSHOT.jar:0.6.0-SNAPSHOT]
	at java.util.concurrent.ThreadPoolExecutor.runWorker(ThreadPoolExecutor.java:1149) [?:1.8.0_232]
	at java.util.concurrent.ThreadPoolExecutor$Worker.run(ThreadPoolExecutor.java:624) [?:1.8.0_232]
	at java.lang.Thread.run(Thread.java:748) [?:1.8.0_232]
19:45:40.587 [grpc-default-executor-0] ERROR DNAudit - user=null | ip=null | op=WRITE_CHUNK {blockData=conID: 2 locID: 105300985648644100 bcsId: 0} | ret=FAILURE
org.apache.hadoop.hdds.scm.container.common.helpers.ContainerNotOpenException: Container 2 in CLOSED state
	at org.apache.hadoop.ozone.container.common.impl.HddsDispatcher.validateContainerCommand(HddsDispatcher.java:484) ~[hadoop-hdds-container-service-1.1.0-SNAPSHOT.jar:?]
	at org.apache.hadoop.ozone.container.common.transport.server.ratis.ContainerStateMachine.startTransaction(ContainerStateMachine.java:319) ~[hadoop-hdds-container-service-1.1.0-SNAPSHOT.jar:?]
	at org.apache.ratis.server.impl.RaftServerImpl.submitClientRequestAsync(RaftServerImpl.java:723) ~[ratis-server-1.1.0-913f5a4-SNAPSHOT.jar:1.1.0-913f5a4-SNAPSHOT]
	at org.apache.ratis.server.impl.RaftServerProxy.lambda$submitClientRequestAsync$7(RaftServerProxy.java:364) ~[ratis-server-1.1.0-913f5a4-SNAPSHOT.jar:1.1.0-913f5a4-SNAPSHOT]
	at org.apache.ratis.server.impl.RaftServerProxy.lambda$null$5(RaftServerProxy.java:359) ~[ratis-server-1.1.0-913f5a4-SNAPSHOT.jar:1.1.0-913f5a4-SNAPSHOT]
	at org.apache.ratis.util.JavaUtils.callAsUnchecked(JavaUtils.java:116) ~[ratis-common-1.1.0-913f5a4-SNAPSHOT.jar:1.1.0-913f5a4-SNAPSHOT]
	at org.apache.ratis.server.impl.RaftServerProxy.lambda$submitRequest$6(RaftServerProxy.java:359) ~[ratis-server-1.1.0-913f5a4-SNAPSHOT.jar:1.1.0-913f5a4-SNAPSHOT]
	at java.util.concurrent.CompletableFuture.uniComposeStage(CompletableFuture.java:995) ~[?:1.8.0_232]
	at java.util.concurrent.CompletableFuture.thenCompose(CompletableFuture.java:2137) ~[?:1.8.0_232]
	at org.apache.ratis.server.impl.RaftServerProxy.submitRequest(RaftServerProxy.java:358) ~[ratis-server-1.1.0-913f5a4-SNAPSHOT.jar:1.1.0-913f5a4-SNAPSHOT]
	at org.apache.ratis.server.impl.RaftServerProxy.submitClientRequestAsync(RaftServerProxy.java:364) ~[ratis-server-1.1.0-913f5a4-SNAPSHOT.jar:1.1.0-913f5a4-SNAPSHOT]
	at org.apache.ratis.grpc.client.GrpcClientProtocolService$RequestStreamObserver.processClientRequest(GrpcClientProtocolService.java:231) ~[ratis-grpc-1.1.0-913f5a4-SNAPSHOT.jar:1.1.0-913f5a4-SNAPSHOT]
	at org.apache.ratis.grpc.client.GrpcClientProtocolService$OrderedRequestStreamObserver.processClientRequest(GrpcClientProtocolService.java:337) ~[ratis-grpc-1.1.0-913f5a4-SNAPSHOT.jar:1.1.0-913f5a4-SNAPSHOT]
	at org.apache.ratis.util.SlidingWindow$Server.processRequestsFromHead(SlidingWindow.java:429) [ratis-common-1.1.0-913f5a4-SNAPSHOT.jar:1.1.0-913f5a4-SNAPSHOT]
	at org.apache.ratis.util.SlidingWindow$Server.receivedRequest(SlidingWindow.java:421) [ratis-common-1.1.0-913f5a4-SNAPSHOT.jar:1.1.0-913f5a4-SNAPSHOT]
	at org.apache.ratis.grpc.client.GrpcClientProtocolService$OrderedRequestStreamObserver.processClientRequest(GrpcClientProtocolService.java:361) [ratis-grpc-1.1.0-913f5a4-SNAPSHOT.jar:1.1.0-913f5a4-SNAPSHOT]
	at org.apache.ratis.grpc.client.GrpcClientProtocolService$RequestStreamObserver.onNext(GrpcClientProtocolService.java:251) [ratis-grpc-1.1.0-913f5a4-SNAPSHOT.jar:1.1.0-913f5a4-SNAPSHOT]
	at org.apache.ratis.grpc.client.GrpcClientProtocolService$RequestStreamObserver.onNext(GrpcClientProtocolService.java:174) [ratis-grpc-1.1.0-913f5a4-SNAPSHOT.jar:1.1.0-913f5a4-SNAPSHOT]
	at org.apache.ratis.thirdparty.io.grpc.stub.ServerCalls$StreamingServerCallHandler$StreamingServerCallListener.onMessage(ServerCalls.java:251) [ratis-thirdparty-misc-0.6.0-SNAPSHOT.jar:0.6.0-SNAPSHOT]
	at org.apache.ratis.thirdparty.io.grpc.ForwardingServerCallListener.onMessage(ForwardingServerCallListener.java:33) [ratis-thirdparty-misc-0.6.0-SNAPSHOT.jar:0.6.0-SNAPSHOT]
	at org.apache.ratis.thirdparty.io.grpc.internal.ServerCallImpl$ServerStreamListenerImpl.messagesAvailableInternal(ServerCallImpl.java:309) [ratis-thirdparty-misc-0.6.0-SNAPSHOT.jar:0.6.0-SNAPSHOT]
	at org.apache.ratis.thirdparty.io.grpc.internal.ServerCallImpl$ServerStreamListenerImpl.messagesAvailable(ServerCallImpl.java:292) [ratis-thirdparty-misc-0.6.0-SNAPSHOT.jar:0.6.0-SNAPSHOT]
	at org.apache.ratis.thirdparty.io.grpc.internal.ServerImpl$JumpToApplicationThreadServerStreamListener$1MessagesAvailable.runInContext(ServerImpl.java:783) [ratis-thirdparty-misc-0.6.0-SNAPSHOT.jar:0.6.0-SNAPSHOT]
	at org.apache.ratis.thirdparty.io.grpc.internal.ContextRunnable.run(ContextRunnable.java:37) [ratis-thirdparty-misc-0.6.0-SNAPSHOT.jar:0.6.0-SNAPSHOT]
	at org.apache.ratis.thirdparty.io.grpc.internal.SerializingExecutor.run(SerializingExecutor.java:123) [ratis-thirdparty-misc-0.6.0-SNAPSHOT.jar:0.6.0-SNAPSHOT]
	at java.util.concurrent.ThreadPoolExecutor.runWorker(ThreadPoolExecutor.java:1149) [?:1.8.0_232]
	at java.util.concurrent.ThreadPoolExecutor$Worker.run(ThreadPoolExecutor.java:624) [?:1.8.0_232]
	at java.lang.Thread.run(Thread.java:748) [?:1.8.0_232]
19:45:40.588 [grpc-default-executor-0] ERROR DNAudit - user=null | ip=null | op=PUT_BLOCK {blockData=[blockId=conID: 2 locID: 105300985648644100 bcsId: 0,size=400]} | ret=FAILURE
org.apache.hadoop.hdds.scm.container.common.helpers.ContainerNotOpenException: Container 2 in CLOSED state
	at org.apache.hadoop.ozone.container.common.impl.HddsDispatcher.validateContainerCommand(HddsDispatcher.java:484) ~[hadoop-hdds-container-service-1.1.0-SNAPSHOT.jar:?]
	at org.apache.hadoop.ozone.container.common.transport.server.ratis.ContainerStateMachine.startTransaction(ContainerStateMachine.java:319) ~[hadoop-hdds-container-service-1.1.0-SNAPSHOT.jar:?]
	at org.apache.ratis.server.impl.RaftServerImpl.submitClientRequestAsync(RaftServerImpl.java:723) ~[ratis-server-1.1.0-913f5a4-SNAPSHOT.jar:1.1.0-913f5a4-SNAPSHOT]
	at org.apache.ratis.server.impl.RaftServerProxy.lambda$submitClientRequestAsync$7(RaftServerProxy.java:364) ~[ratis-server-1.1.0-913f5a4-SNAPSHOT.jar:1.1.0-913f5a4-SNAPSHOT]
	at org.apache.ratis.server.impl.RaftServerProxy.lambda$null$5(RaftServerProxy.java:359) ~[ratis-server-1.1.0-913f5a4-SNAPSHOT.jar:1.1.0-913f5a4-SNAPSHOT]
	at org.apache.ratis.util.JavaUtils.callAsUnchecked(JavaUtils.java:116) ~[ratis-common-1.1.0-913f5a4-SNAPSHOT.jar:1.1.0-913f5a4-SNAPSHOT]
	at org.apache.ratis.server.impl.RaftServerProxy.lambda$submitRequest$6(RaftServerProxy.java:359) ~[ratis-server-1.1.0-913f5a4-SNAPSHOT.jar:1.1.0-913f5a4-SNAPSHOT]
	at java.util.concurrent.CompletableFuture.uniComposeStage(CompletableFuture.java:995) ~[?:1.8.0_232]
	at java.util.concurrent.CompletableFuture.thenCompose(CompletableFuture.java:2137) ~[?:1.8.0_232]
	at org.apache.ratis.server.impl.RaftServerProxy.submitRequest(RaftServerProxy.java:358) ~[ratis-server-1.1.0-913f5a4-SNAPSHOT.jar:1.1.0-913f5a4-SNAPSHOT]
	at org.apache.ratis.server.impl.RaftServerProxy.submitClientRequestAsync(RaftServerProxy.java:364) ~[ratis-server-1.1.0-913f5a4-SNAPSHOT.jar:1.1.0-913f5a4-SNAPSHOT]
	at org.apache.ratis.grpc.client.GrpcClientProtocolService$RequestStreamObserver.processClientRequest(GrpcClientProtocolService.java:231) ~[ratis-grpc-1.1.0-913f5a4-SNAPSHOT.jar:1.1.0-913f5a4-SNAPSHOT]
	at org.apache.ratis.grpc.client.GrpcClientProtocolService$OrderedRequestStreamObserver.processClientRequest(GrpcClientProtocolService.java:337) ~[ratis-grpc-1.1.0-913f5a4-SNAPSHOT.jar:1.1.0-913f5a4-SNAPSHOT]
	at org.apache.ratis.util.SlidingWindow$Server.processRequestsFromHead(SlidingWindow.java:429) [ratis-common-1.1.0-913f5a4-SNAPSHOT.jar:1.1.0-913f5a4-SNAPSHOT]
	at org.apache.ratis.util.SlidingWindow$Server.receivedRequest(SlidingWindow.java:421) [ratis-common-1.1.0-913f5a4-SNAPSHOT.jar:1.1.0-913f5a4-SNAPSHOT]
	at org.apache.ratis.grpc.client.GrpcClientProtocolService$OrderedRequestStreamObserver.processClientRequest(GrpcClientProtocolService.java:361) [ratis-grpc-1.1.0-913f5a4-SNAPSHOT.jar:1.1.0-913f5a4-SNAPSHOT]
	at org.apache.ratis.grpc.client.GrpcClientProtocolService$RequestStreamObserver.onNext(GrpcClientProtocolService.java:251) [ratis-grpc-1.1.0-913f5a4-SNAPSHOT.jar:1.1.0-913f5a4-SNAPSHOT]
	at org.apache.ratis.grpc.client.GrpcClientProtocolService$RequestStreamObserver.onNext(GrpcClientProtocolService.java:174) [ratis-grpc-1.1.0-913f5a4-SNAPSHOT.jar:1.1.0-913f5a4-SNAPSHOT]
	at org.apache.ratis.thirdparty.io.grpc.stub.ServerCalls$StreamingServerCallHandler$StreamingServerCallListener.onMessage(ServerCalls.java:251) [ratis-thirdparty-misc-0.6.0-SNAPSHOT.jar:0.6.0-SNAPSHOT]
	at org.apache.ratis.thirdparty.io.grpc.ForwardingServerCallListener.onMessage(ForwardingServerCallListener.java:33) [ratis-thirdparty-misc-0.6.0-SNAPSHOT.jar:0.6.0-SNAPSHOT]
	at org.apache.ratis.thirdparty.io.grpc.internal.ServerCallImpl$ServerStreamListenerImpl.messagesAvailableInternal(ServerCallImpl.java:309) [ratis-thirdparty-misc-0.6.0-SNAPSHOT.jar:0.6.0-SNAPSHOT]
	at org.apache.ratis.thirdparty.io.grpc.internal.ServerCallImpl$ServerStreamListenerImpl.messagesAvailable(ServerCallImpl.java:292) [ratis-thirdparty-misc-0.6.0-SNAPSHOT.jar:0.6.0-SNAPSHOT]
	at org.apache.ratis.thirdparty.io.grpc.internal.ServerImpl$JumpToApplicationThreadServerStreamListener$1MessagesAvailable.runInContext(ServerImpl.java:783) [ratis-thirdparty-misc-0.6.0-SNAPSHOT.jar:0.6.0-SNAPSHOT]
	at org.apache.ratis.thirdparty.io.grpc.internal.ContextRunnable.run(ContextRunnable.java:37) [ratis-thirdparty-misc-0.6.0-SNAPSHOT.jar:0.6.0-SNAPSHOT]
	at org.apache.ratis.thirdparty.io.grpc.internal.SerializingExecutor.run(SerializingExecutor.java:123) [ratis-thirdparty-misc-0.6.0-SNAPSHOT.jar:0.6.0-SNAPSHOT]
	at java.util.concurrent.ThreadPoolExecutor.runWorker(ThreadPoolExecutor.java:1149) [?:1.8.0_232]
	at java.util.concurrent.ThreadPoolExecutor$Worker.run(ThreadPoolExecutor.java:624) [?:1.8.0_232]
	at java.lang.Thread.run(Thread.java:748) [?:1.8.0_232]
2020-11-30 19:45:40,593 [grpc-default-executor-0] ERROR storage.BlockOutputStream (BlockOutputStream.java:lambda$writeChunkToContainer$3(677)) - writing chunk failed 105300985648644100_chunk_1 blockID conID: 2 locID: 105300985648644100 bcsId: 0 with exception org.apache.ratis.protocol.exceptions.StateMachineException: org.apache.hadoop.hdds.scm.container.common.helpers.ContainerNotOpenException from Server 70b5b581-c134-4e70-98be-52f4a1178c95@group-8AACD6717F75: Container 2 in CLOSED state
2020-11-30 19:45:40,597 [grpc-default-executor-0] ERROR storage.BlockOutputStream (BlockOutputStream.java:lambda$writeChunkToContainer$3(677)) - writing chunk failed 105300985648644100_chunk_2 blockID conID: 2 locID: 105300985648644100 bcsId: 0 with exception org.apache.ratis.protocol.exceptions.StateMachineException: org.apache.hadoop.hdds.scm.container.common.helpers.ContainerNotOpenException from Server 70b5b581-c134-4e70-98be-52f4a1178c95@group-8AACD6717F75: Container 2 in CLOSED state
2020-11-30 19:45:40,608 [grpc-default-executor-0] ERROR storage.BlockOutputStream (BlockOutputStream.java:lambda$writeChunkToContainer$3(677)) - writing chunk failed 105300985648644100_chunk_3 blockID conID: 2 locID: 105300985648644100 bcsId: 0 with exception org.apache.ratis.protocol.exceptions.StateMachineException: org.apache.hadoop.hdds.scm.container.common.helpers.ContainerNotOpenException from Server 70b5b581-c134-4e70-98be-52f4a1178c95@group-8AACD6717F75: Container 2 in CLOSED state
2020-11-30 19:45:40,611 [grpc-default-executor-0] ERROR storage.BlockOutputStream (BlockOutputStream.java:lambda$writeChunkToContainer$3(677)) - writing chunk failed 105300985648644100_chunk_4 blockID conID: 2 locID: 105300985648644100 bcsId: 0 with exception org.apache.ratis.protocol.exceptions.StateMachineException: org.apache.hadoop.hdds.scm.container.common.helpers.ContainerNotOpenException from Server 70b5b581-c134-4e70-98be-52f4a1178c95@group-8AACD6717F75: Container 2 in CLOSED state
2020-11-30 19:45:40,618 [org.apache.ratis.server.JvmPauseMonitor@410e9fe0-Monitor] WARN  server.JvmPauseMonitor (JvmPauseMonitor.java:run(141)) - Detected pause in JVM or host machine (eg GC): pause of approximately 4ms
No GCs detected
2020-11-30 19:45:40,624 [Listener at 127.0.0.1/45407] INFO  metrics.RatisMetrics (RatisMetrics.java:lambda$create$0(36)) - Creating Metrics Registry : ratis.client_message_metrics.client-1183110EFF9D->afad6a44-2cb7-4cc9-9b68-87659c1db71e
19:45:40.637 [grpc-default-executor-0] ERROR DNAudit - user=null | ip=null | op=WRITE_CHUNK {blockData=conID: 3 locID: 105300985648709638 bcsId: 0} | ret=FAILURE
org.apache.hadoop.hdds.scm.container.common.helpers.ContainerNotOpenException: Container 3 in CLOSED state
	at org.apache.hadoop.ozone.container.common.impl.HddsDispatcher.validateContainerCommand(HddsDispatcher.java:484) ~[hadoop-hdds-container-service-1.1.0-SNAPSHOT.jar:?]
	at org.apache.hadoop.ozone.container.common.transport.server.ratis.ContainerStateMachine.startTransaction(ContainerStateMachine.java:319) ~[hadoop-hdds-container-service-1.1.0-SNAPSHOT.jar:?]
	at org.apache.ratis.server.impl.RaftServerImpl.submitClientRequestAsync(RaftServerImpl.java:723) ~[ratis-server-1.1.0-913f5a4-SNAPSHOT.jar:1.1.0-913f5a4-SNAPSHOT]
	at org.apache.ratis.server.impl.RaftServerProxy.lambda$submitClientRequestAsync$7(RaftServerProxy.java:364) ~[ratis-server-1.1.0-913f5a4-SNAPSHOT.jar:1.1.0-913f5a4-SNAPSHOT]
	at org.apache.ratis.server.impl.RaftServerProxy.lambda$null$5(RaftServerProxy.java:359) ~[ratis-server-1.1.0-913f5a4-SNAPSHOT.jar:1.1.0-913f5a4-SNAPSHOT]
	at org.apache.ratis.util.JavaUtils.callAsUnchecked(JavaUtils.java:116) ~[ratis-common-1.1.0-913f5a4-SNAPSHOT.jar:1.1.0-913f5a4-SNAPSHOT]
	at org.apache.ratis.server.impl.RaftServerProxy.lambda$submitRequest$6(RaftServerProxy.java:359) ~[ratis-server-1.1.0-913f5a4-SNAPSHOT.jar:1.1.0-913f5a4-SNAPSHOT]
	at java.util.concurrent.CompletableFuture.uniComposeStage(CompletableFuture.java:995) ~[?:1.8.0_232]
	at java.util.concurrent.CompletableFuture.thenCompose(CompletableFuture.java:2137) ~[?:1.8.0_232]
	at org.apache.ratis.server.impl.RaftServerProxy.submitRequest(RaftServerProxy.java:358) ~[ratis-server-1.1.0-913f5a4-SNAPSHOT.jar:1.1.0-913f5a4-SNAPSHOT]
	at org.apache.ratis.server.impl.RaftServerProxy.submitClientRequestAsync(RaftServerProxy.java:364) ~[ratis-server-1.1.0-913f5a4-SNAPSHOT.jar:1.1.0-913f5a4-SNAPSHOT]
	at org.apache.ratis.grpc.client.GrpcClientProtocolService$RequestStreamObserver.processClientRequest(GrpcClientProtocolService.java:231) ~[ratis-grpc-1.1.0-913f5a4-SNAPSHOT.jar:1.1.0-913f5a4-SNAPSHOT]
	at org.apache.ratis.grpc.client.GrpcClientProtocolService$OrderedRequestStreamObserver.processClientRequest(GrpcClientProtocolService.java:337) ~[ratis-grpc-1.1.0-913f5a4-SNAPSHOT.jar:1.1.0-913f5a4-SNAPSHOT]
	at org.apache.ratis.util.SlidingWindow$Server.processRequestsFromHead(SlidingWindow.java:429) [ratis-common-1.1.0-913f5a4-SNAPSHOT.jar:1.1.0-913f5a4-SNAPSHOT]
	at org.apache.ratis.util.SlidingWindow$Server.receivedRequest(SlidingWindow.java:421) [ratis-common-1.1.0-913f5a4-SNAPSHOT.jar:1.1.0-913f5a4-SNAPSHOT]
	at org.apache.ratis.grpc.client.GrpcClientProtocolService$OrderedRequestStreamObserver.processClientRequest(GrpcClientProtocolService.java:361) [ratis-grpc-1.1.0-913f5a4-SNAPSHOT.jar:1.1.0-913f5a4-SNAPSHOT]
	at org.apache.ratis.grpc.client.GrpcClientProtocolService$RequestStreamObserver.onNext(GrpcClientProtocolService.java:251) [ratis-grpc-1.1.0-913f5a4-SNAPSHOT.jar:1.1.0-913f5a4-SNAPSHOT]
	at org.apache.ratis.grpc.client.GrpcClientProtocolService$RequestStreamObserver.onNext(GrpcClientProtocolService.java:174) [ratis-grpc-1.1.0-913f5a4-SNAPSHOT.jar:1.1.0-913f5a4-SNAPSHOT]
	at org.apache.ratis.thirdparty.io.grpc.stub.ServerCalls$StreamingServerCallHandler$StreamingServerCallListener.onMessage(ServerCalls.java:251) [ratis-thirdparty-misc-0.6.0-SNAPSHOT.jar:0.6.0-SNAPSHOT]
	at org.apache.ratis.thirdparty.io.grpc.ForwardingServerCallListener.onMessage(ForwardingServerCallListener.java:33) [ratis-thirdparty-misc-0.6.0-SNAPSHOT.jar:0.6.0-SNAPSHOT]
	at org.apache.ratis.thirdparty.io.grpc.internal.ServerCallImpl$ServerStreamListenerImpl.messagesAvailableInternal(ServerCallImpl.java:309) [ratis-thirdparty-misc-0.6.0-SNAPSHOT.jar:0.6.0-SNAPSHOT]
	at org.apache.ratis.thirdparty.io.grpc.internal.ServerCallImpl$ServerStreamListenerImpl.messagesAvailable(ServerCallImpl.java:292) [ratis-thirdparty-misc-0.6.0-SNAPSHOT.jar:0.6.0-SNAPSHOT]
	at org.apache.ratis.thirdparty.io.grpc.internal.ServerImpl$JumpToApplicationThreadServerStreamListener$1MessagesAvailable.runInContext(ServerImpl.java:783) [ratis-thirdparty-misc-0.6.0-SNAPSHOT.jar:0.6.0-SNAPSHOT]
	at org.apache.ratis.thirdparty.io.grpc.internal.ContextRunnable.run(ContextRunnable.java:37) [ratis-thirdparty-misc-0.6.0-SNAPSHOT.jar:0.6.0-SNAPSHOT]
	at org.apache.ratis.thirdparty.io.grpc.internal.SerializingExecutor.run(SerializingExecutor.java:123) [ratis-thirdparty-misc-0.6.0-SNAPSHOT.jar:0.6.0-SNAPSHOT]
	at java.util.concurrent.ThreadPoolExecutor.runWorker(ThreadPoolExecutor.java:1149) [?:1.8.0_232]
	at java.util.concurrent.ThreadPoolExecutor$Worker.run(ThreadPoolExecutor.java:624) [?:1.8.0_232]
	at java.lang.Thread.run(Thread.java:748) [?:1.8.0_232]
19:45:40.638 [grpc-default-executor-0] ERROR DNAudit - user=null | ip=null | op=WRITE_CHUNK {blockData=conID: 3 locID: 105300985648709638 bcsId: 0} | ret=FAILURE
org.apache.hadoop.hdds.scm.container.common.helpers.ContainerNotOpenException: Container 3 in CLOSED state
	at org.apache.hadoop.ozone.container.common.impl.HddsDispatcher.validateContainerCommand(HddsDispatcher.java:484) ~[hadoop-hdds-container-service-1.1.0-SNAPSHOT.jar:?]
	at org.apache.hadoop.ozone.container.common.transport.server.ratis.ContainerStateMachine.startTransaction(ContainerStateMachine.java:319) ~[hadoop-hdds-container-service-1.1.0-SNAPSHOT.jar:?]
	at org.apache.ratis.server.impl.RaftServerImpl.submitClientRequestAsync(RaftServerImpl.java:723) ~[ratis-server-1.1.0-913f5a4-SNAPSHOT.jar:1.1.0-913f5a4-SNAPSHOT]
	at org.apache.ratis.server.impl.RaftServerProxy.lambda$submitClientRequestAsync$7(RaftServerProxy.java:364) ~[ratis-server-1.1.0-913f5a4-SNAPSHOT.jar:1.1.0-913f5a4-SNAPSHOT]
	at org.apache.ratis.server.impl.RaftServerProxy.lambda$null$5(RaftServerProxy.java:359) ~[ratis-server-1.1.0-913f5a4-SNAPSHOT.jar:1.1.0-913f5a4-SNAPSHOT]
	at org.apache.ratis.util.JavaUtils.callAsUnchecked(JavaUtils.java:116) ~[ratis-common-1.1.0-913f5a4-SNAPSHOT.jar:1.1.0-913f5a4-SNAPSHOT]
	at org.apache.ratis.server.impl.RaftServerProxy.lambda$submitRequest$6(RaftServerProxy.java:359) ~[ratis-server-1.1.0-913f5a4-SNAPSHOT.jar:1.1.0-913f5a4-SNAPSHOT]
	at java.util.concurrent.CompletableFuture.uniComposeStage(CompletableFuture.java:995) ~[?:1.8.0_232]
	at java.util.concurrent.CompletableFuture.thenCompose(CompletableFuture.java:2137) ~[?:1.8.0_232]
	at org.apache.ratis.server.impl.RaftServerProxy.submitRequest(RaftServerProxy.java:358) ~[ratis-server-1.1.0-913f5a4-SNAPSHOT.jar:1.1.0-913f5a4-SNAPSHOT]
	at org.apache.ratis.server.impl.RaftServerProxy.submitClientRequestAsync(RaftServerProxy.java:364) ~[ratis-server-1.1.0-913f5a4-SNAPSHOT.jar:1.1.0-913f5a4-SNAPSHOT]
	at org.apache.ratis.grpc.client.GrpcClientProtocolService$RequestStreamObserver.processClientRequest(GrpcClientProtocolService.java:231) ~[ratis-grpc-1.1.0-913f5a4-SNAPSHOT.jar:1.1.0-913f5a4-SNAPSHOT]
	at org.apache.ratis.grpc.client.GrpcClientProtocolService$OrderedRequestStreamObserver.processClientRequest(GrpcClientProtocolService.java:337) ~[ratis-grpc-1.1.0-913f5a4-SNAPSHOT.jar:1.1.0-913f5a4-SNAPSHOT]
	at org.apache.ratis.util.SlidingWindow$Server.processRequestsFromHead(SlidingWindow.java:429) [ratis-common-1.1.0-913f5a4-SNAPSHOT.jar:1.1.0-913f5a4-SNAPSHOT]
	at org.apache.ratis.util.SlidingWindow$Server.receivedRequest(SlidingWindow.java:421) [ratis-common-1.1.0-913f5a4-SNAPSHOT.jar:1.1.0-913f5a4-SNAPSHOT]
	at org.apache.ratis.grpc.client.GrpcClientProtocolService$OrderedRequestStreamObserver.processClientRequest(GrpcClientProtocolService.java:361) [ratis-grpc-1.1.0-913f5a4-SNAPSHOT.jar:1.1.0-913f5a4-SNAPSHOT]
	at org.apache.ratis.grpc.client.GrpcClientProtocolService$RequestStreamObserver.onNext(GrpcClientProtocolService.java:251) [ratis-grpc-1.1.0-913f5a4-SNAPSHOT.jar:1.1.0-913f5a4-SNAPSHOT]
	at org.apache.ratis.grpc.client.GrpcClientProtocolService$RequestStreamObserver.onNext(GrpcClientProtocolService.java:174) [ratis-grpc-1.1.0-913f5a4-SNAPSHOT.jar:1.1.0-913f5a4-SNAPSHOT]
	at org.apache.ratis.thirdparty.io.grpc.stub.ServerCalls$StreamingServerCallHandler$StreamingServerCallListener.onMessage(ServerCalls.java:251) [ratis-thirdparty-misc-0.6.0-SNAPSHOT.jar:0.6.0-SNAPSHOT]
	at org.apache.ratis.thirdparty.io.grpc.ForwardingServerCallListener.onMessage(ForwardingServerCallListener.java:33) [ratis-thirdparty-misc-0.6.0-SNAPSHOT.jar:0.6.0-SNAPSHOT]
	at org.apache.ratis.thirdparty.io.grpc.internal.ServerCallImpl$ServerStreamListenerImpl.messagesAvailableInternal(ServerCallImpl.java:309) [ratis-thirdparty-misc-0.6.0-SNAPSHOT.jar:0.6.0-SNAPSHOT]
	at org.apache.ratis.thirdparty.io.grpc.internal.ServerCallImpl$ServerStreamListenerImpl.messagesAvailable(ServerCallImpl.java:292) [ratis-thirdparty-misc-0.6.0-SNAPSHOT.jar:0.6.0-SNAPSHOT]
	at org.apache.ratis.thirdparty.io.grpc.internal.ServerImpl$JumpToApplicationThreadServerStreamListener$1MessagesAvailable.runInContext(ServerImpl.java:783) [ratis-thirdparty-misc-0.6.0-SNAPSHOT.jar:0.6.0-SNAPSHOT]
	at org.apache.ratis.thirdparty.io.grpc.internal.ContextRunnable.run(ContextRunnable.java:37) [ratis-thirdparty-misc-0.6.0-SNAPSHOT.jar:0.6.0-SNAPSHOT]
	at org.apache.ratis.thirdparty.io.grpc.internal.SerializingExecutor.run(SerializingExecutor.java:123) [ratis-thirdparty-misc-0.6.0-SNAPSHOT.jar:0.6.0-SNAPSHOT]
	at java.util.concurrent.ThreadPoolExecutor.runWorker(ThreadPoolExecutor.java:1149) [?:1.8.0_232]
	at java.util.concurrent.ThreadPoolExecutor$Worker.run(ThreadPoolExecutor.java:624) [?:1.8.0_232]
	at java.lang.Thread.run(Thread.java:748) [?:1.8.0_232]
2020-11-30 19:45:40,661 [grpc-default-executor-1] ERROR storage.BlockOutputStream (BlockOutputStream.java:lambda$writeChunkToContainer$3(677)) - writing chunk failed 105300985648709638_chunk_1 blockID conID: 3 locID: 105300985648709638 bcsId: 0 with exception org.apache.ratis.protocol.exceptions.StateMachineException: org.apache.hadoop.hdds.scm.container.common.helpers.ContainerNotOpenException from Server afad6a44-2cb7-4cc9-9b68-87659c1db71e@group-94A0457BFEE0: Container 3 in CLOSED state
19:45:40.668 [grpc-default-executor-0] ERROR DNAudit - user=null | ip=null | op=PUT_BLOCK {blockData=[blockId=conID: 3 locID: 105300985648709638 bcsId: 0,size=200]} | ret=FAILURE
org.apache.hadoop.hdds.scm.container.common.helpers.ContainerNotOpenException: Container 3 in CLOSED state
	at org.apache.hadoop.ozone.container.common.impl.HddsDispatcher.validateContainerCommand(HddsDispatcher.java:484) ~[hadoop-hdds-container-service-1.1.0-SNAPSHOT.jar:?]
	at org.apache.hadoop.ozone.container.common.transport.server.ratis.ContainerStateMachine.startTransaction(ContainerStateMachine.java:319) ~[hadoop-hdds-container-service-1.1.0-SNAPSHOT.jar:?]
	at org.apache.ratis.server.impl.RaftServerImpl.submitClientRequestAsync(RaftServerImpl.java:723) ~[ratis-server-1.1.0-913f5a4-SNAPSHOT.jar:1.1.0-913f5a4-SNAPSHOT]
	at org.apache.ratis.server.impl.RaftServerProxy.lambda$submitClientRequestAsync$7(RaftServerProxy.java:364) ~[ratis-server-1.1.0-913f5a4-SNAPSHOT.jar:1.1.0-913f5a4-SNAPSHOT]
	at org.apache.ratis.server.impl.RaftServerProxy.lambda$null$5(RaftServerProxy.java:359) ~[ratis-server-1.1.0-913f5a4-SNAPSHOT.jar:1.1.0-913f5a4-SNAPSHOT]
	at org.apache.ratis.util.JavaUtils.callAsUnchecked(JavaUtils.java:116) ~[ratis-common-1.1.0-913f5a4-SNAPSHOT.jar:1.1.0-913f5a4-SNAPSHOT]
	at org.apache.ratis.server.impl.RaftServerProxy.lambda$submitRequest$6(RaftServerProxy.java:359) ~[ratis-server-1.1.0-913f5a4-SNAPSHOT.jar:1.1.0-913f5a4-SNAPSHOT]
	at java.util.concurrent.CompletableFuture.uniComposeStage(CompletableFuture.java:995) ~[?:1.8.0_232]
	at java.util.concurrent.CompletableFuture.thenCompose(CompletableFuture.java:2137) ~[?:1.8.0_232]
	at org.apache.ratis.server.impl.RaftServerProxy.submitRequest(RaftServerProxy.java:358) ~[ratis-server-1.1.0-913f5a4-SNAPSHOT.jar:1.1.0-913f5a4-SNAPSHOT]
	at org.apache.ratis.server.impl.RaftServerProxy.submitClientRequestAsync(RaftServerProxy.java:364) ~[ratis-server-1.1.0-913f5a4-SNAPSHOT.jar:1.1.0-913f5a4-SNAPSHOT]
	at org.apache.ratis.grpc.client.GrpcClientProtocolService$RequestStreamObserver.processClientRequest(GrpcClientProtocolService.java:231) ~[ratis-grpc-1.1.0-913f5a4-SNAPSHOT.jar:1.1.0-913f5a4-SNAPSHOT]
	at org.apache.ratis.grpc.client.GrpcClientProtocolService$OrderedRequestStreamObserver.processClientRequest(GrpcClientProtocolService.java:337) ~[ratis-grpc-1.1.0-913f5a4-SNAPSHOT.jar:1.1.0-913f5a4-SNAPSHOT]
	at org.apache.ratis.util.SlidingWindow$Server.processRequestsFromHead(SlidingWindow.java:429) [ratis-common-1.1.0-913f5a4-SNAPSHOT.jar:1.1.0-913f5a4-SNAPSHOT]
	at org.apache.ratis.util.SlidingWindow$Server.receivedRequest(SlidingWindow.java:421) [ratis-common-1.1.0-913f5a4-SNAPSHOT.jar:1.1.0-913f5a4-SNAPSHOT]
	at org.apache.ratis.grpc.client.GrpcClientProtocolService$OrderedRequestStreamObserver.processClientRequest(GrpcClientProtocolService.java:361) [ratis-grpc-1.1.0-913f5a4-SNAPSHOT.jar:1.1.0-913f5a4-SNAPSHOT]
	at org.apache.ratis.grpc.client.GrpcClientProtocolService$RequestStreamObserver.onNext(GrpcClientProtocolService.java:251) [ratis-grpc-1.1.0-913f5a4-SNAPSHOT.jar:1.1.0-913f5a4-SNAPSHOT]
	at org.apache.ratis.grpc.client.GrpcClientProtocolService$RequestStreamObserver.onNext(GrpcClientProtocolService.java:174) [ratis-grpc-1.1.0-913f5a4-SNAPSHOT.jar:1.1.0-913f5a4-SNAPSHOT]
	at org.apache.ratis.thirdparty.io.grpc.stub.ServerCalls$StreamingServerCallHandler$StreamingServerCallListener.onMessage(ServerCalls.java:251) [ratis-thirdparty-misc-0.6.0-SNAPSHOT.jar:0.6.0-SNAPSHOT]
	at org.apache.ratis.thirdparty.io.grpc.ForwardingServerCallListener.onMessage(ForwardingServerCallListener.java:33) [ratis-thirdparty-misc-0.6.0-SNAPSHOT.jar:0.6.0-SNAPSHOT]
	at org.apache.ratis.thirdparty.io.grpc.internal.ServerCallImpl$ServerStreamListenerImpl.messagesAvailableInternal(ServerCallImpl.java:309) [ratis-thirdparty-misc-0.6.0-SNAPSHOT.jar:0.6.0-SNAPSHOT]
	at org.apache.ratis.thirdparty.io.grpc.internal.ServerCallImpl$ServerStreamListenerImpl.messagesAvailable(ServerCallImpl.java:292) [ratis-thirdparty-misc-0.6.0-SNAPSHOT.jar:0.6.0-SNAPSHOT]
	at org.apache.ratis.thirdparty.io.grpc.internal.ServerImpl$JumpToApplicationThreadServerStreamListener$1MessagesAvailable.runInContext(ServerImpl.java:783) [ratis-thirdparty-misc-0.6.0-SNAPSHOT.jar:0.6.0-SNAPSHOT]
	at org.apache.ratis.thirdparty.io.grpc.internal.ContextRunnable.run(ContextRunnable.java:37) [ratis-thirdparty-misc-0.6.0-SNAPSHOT.jar:0.6.0-SNAPSHOT]
	at org.apache.ratis.thirdparty.io.grpc.internal.SerializingExecutor.run(SerializingExecutor.java:123) [ratis-thirdparty-misc-0.6.0-SNAPSHOT.jar:0.6.0-SNAPSHOT]
	at java.util.concurrent.ThreadPoolExecutor.runWorker(ThreadPoolExecutor.java:1149) [?:1.8.0_232]
	at java.util.concurrent.ThreadPoolExecutor$Worker.run(ThreadPoolExecutor.java:624) [?:1.8.0_232]
	at java.lang.Thread.run(Thread.java:748) [?:1.8.0_232]
2020-11-30 19:45:40,668 [grpc-default-executor-1] ERROR storage.BlockOutputStream (BlockOutputStream.java:lambda$writeChunkToContainer$3(677)) - writing chunk failed 105300985648709638_chunk_2 blockID conID: 3 locID: 105300985648709638 bcsId: 0 with exception org.apache.ratis.protocol.exceptions.StateMachineException: org.apache.hadoop.hdds.scm.container.common.helpers.ContainerNotOpenException from Server afad6a44-2cb7-4cc9-9b68-87659c1db71e@group-94A0457BFEE0: Container 3 in CLOSED state
19:45:40.669 [grpc-default-executor-0] ERROR DNAudit - user=null | ip=null | op=WRITE_CHUNK {blockData=conID: 3 locID: 105300985648709638 bcsId: 0} | ret=FAILURE
org.apache.hadoop.hdds.scm.container.common.helpers.ContainerNotOpenException: Container 3 in CLOSED state
	at org.apache.hadoop.ozone.container.common.impl.HddsDispatcher.validateContainerCommand(HddsDispatcher.java:484) ~[hadoop-hdds-container-service-1.1.0-SNAPSHOT.jar:?]
	at org.apache.hadoop.ozone.container.common.transport.server.ratis.ContainerStateMachine.startTransaction(ContainerStateMachine.java:319) ~[hadoop-hdds-container-service-1.1.0-SNAPSHOT.jar:?]
	at org.apache.ratis.server.impl.RaftServerImpl.submitClientRequestAsync(RaftServerImpl.java:723) ~[ratis-server-1.1.0-913f5a4-SNAPSHOT.jar:1.1.0-913f5a4-SNAPSHOT]
	at org.apache.ratis.server.impl.RaftServerProxy.lambda$submitClientRequestAsync$7(RaftServerProxy.java:364) ~[ratis-server-1.1.0-913f5a4-SNAPSHOT.jar:1.1.0-913f5a4-SNAPSHOT]
	at org.apache.ratis.server.impl.RaftServerProxy.lambda$null$5(RaftServerProxy.java:359) ~[ratis-server-1.1.0-913f5a4-SNAPSHOT.jar:1.1.0-913f5a4-SNAPSHOT]
	at org.apache.ratis.util.JavaUtils.callAsUnchecked(JavaUtils.java:116) ~[ratis-common-1.1.0-913f5a4-SNAPSHOT.jar:1.1.0-913f5a4-SNAPSHOT]
	at org.apache.ratis.server.impl.RaftServerProxy.lambda$submitRequest$6(RaftServerProxy.java:359) ~[ratis-server-1.1.0-913f5a4-SNAPSHOT.jar:1.1.0-913f5a4-SNAPSHOT]
	at java.util.concurrent.CompletableFuture.uniComposeStage(CompletableFuture.java:995) ~[?:1.8.0_232]
	at java.util.concurrent.CompletableFuture.thenCompose(CompletableFuture.java:2137) ~[?:1.8.0_232]
	at org.apache.ratis.server.impl.RaftServerProxy.submitRequest(RaftServerProxy.java:358) ~[ratis-server-1.1.0-913f5a4-SNAPSHOT.jar:1.1.0-913f5a4-SNAPSHOT]
	at org.apache.ratis.server.impl.RaftServerProxy.submitClientRequestAsync(RaftServerProxy.java:364) ~[ratis-server-1.1.0-913f5a4-SNAPSHOT.jar:1.1.0-913f5a4-SNAPSHOT]
	at org.apache.ratis.grpc.client.GrpcClientProtocolService$RequestStreamObserver.processClientRequest(GrpcClientProtocolService.java:231) ~[ratis-grpc-1.1.0-913f5a4-SNAPSHOT.jar:1.1.0-913f5a4-SNAPSHOT]
	at org.apache.ratis.grpc.client.GrpcClientProtocolService$OrderedRequestStreamObserver.processClientRequest(GrpcClientProtocolService.java:337) ~[ratis-grpc-1.1.0-913f5a4-SNAPSHOT.jar:1.1.0-913f5a4-SNAPSHOT]
	at org.apache.ratis.util.SlidingWindow$Server.processRequestsFromHead(SlidingWindow.java:429) [ratis-common-1.1.0-913f5a4-SNAPSHOT.jar:1.1.0-913f5a4-SNAPSHOT]
	at org.apache.ratis.util.SlidingWindow$Server.receivedRequest(SlidingWindow.java:421) [ratis-common-1.1.0-913f5a4-SNAPSHOT.jar:1.1.0-913f5a4-SNAPSHOT]
	at org.apache.ratis.grpc.client.GrpcClientProtocolService$OrderedRequestStreamObserver.processClientRequest(GrpcClientProtocolService.java:361) [ratis-grpc-1.1.0-913f5a4-SNAPSHOT.jar:1.1.0-913f5a4-SNAPSHOT]
	at org.apache.ratis.grpc.client.GrpcClientProtocolService$RequestStreamObserver.onNext(GrpcClientProtocolService.java:251) [ratis-grpc-1.1.0-913f5a4-SNAPSHOT.jar:1.1.0-913f5a4-SNAPSHOT]
	at org.apache.ratis.grpc.client.GrpcClientProtocolService$RequestStreamObserver.onNext(GrpcClientProtocolService.java:174) [ratis-grpc-1.1.0-913f5a4-SNAPSHOT.jar:1.1.0-913f5a4-SNAPSHOT]
	at org.apache.ratis.thirdparty.io.grpc.stub.ServerCalls$StreamingServerCallHandler$StreamingServerCallListener.onMessage(ServerCalls.java:251) [ratis-thirdparty-misc-0.6.0-SNAPSHOT.jar:0.6.0-SNAPSHOT]
	at org.apache.ratis.thirdparty.io.grpc.ForwardingServerCallListener.onMessage(ForwardingServerCallListener.java:33) [ratis-thirdparty-misc-0.6.0-SNAPSHOT.jar:0.6.0-SNAPSHOT]
	at org.apache.ratis.thirdparty.io.grpc.internal.ServerCallImpl$ServerStreamListenerImpl.messagesAvailableInternal(ServerCallImpl.java:309) [ratis-thirdparty-misc-0.6.0-SNAPSHOT.jar:0.6.0-SNAPSHOT]
	at org.apache.ratis.thirdparty.io.grpc.internal.ServerCallImpl$ServerStreamListenerImpl.messagesAvailable(ServerCallImpl.java:292) [ratis-thirdparty-misc-0.6.0-SNAPSHOT.jar:0.6.0-SNAPSHOT]
	at org.apache.ratis.thirdparty.io.grpc.internal.ServerImpl$JumpToApplicationThreadServerStreamListener$1MessagesAvailable.runInContext(ServerImpl.java:783) [ratis-thirdparty-misc-0.6.0-SNAPSHOT.jar:0.6.0-SNAPSHOT]
	at org.apache.ratis.thirdparty.io.grpc.internal.ContextRunnable.run(ContextRunnable.java:37) [ratis-thirdparty-misc-0.6.0-SNAPSHOT.jar:0.6.0-SNAPSHOT]
	at org.apache.ratis.thirdparty.io.grpc.internal.SerializingExecutor.run(SerializingExecutor.java:123) [ratis-thirdparty-misc-0.6.0-SNAPSHOT.jar:0.6.0-SNAPSHOT]
	at java.util.concurrent.ThreadPoolExecutor.runWorker(ThreadPoolExecutor.java:1149) [?:1.8.0_232]
	at java.util.concurrent.ThreadPoolExecutor$Worker.run(ThreadPoolExecutor.java:624) [?:1.8.0_232]
	at java.lang.Thread.run(Thread.java:748) [?:1.8.0_232]
19:45:40.670 [grpc-default-executor-0] ERROR DNAudit - user=null | ip=null | op=WRITE_CHUNK {blockData=conID: 3 locID: 105300985648709638 bcsId: 0} | ret=FAILURE
org.apache.hadoop.hdds.scm.container.common.helpers.ContainerNotOpenException: Container 3 in CLOSED state
	at org.apache.hadoop.ozone.container.common.impl.HddsDispatcher.validateContainerCommand(HddsDispatcher.java:484) ~[hadoop-hdds-container-service-1.1.0-SNAPSHOT.jar:?]
	at org.apache.hadoop.ozone.container.common.transport.server.ratis.ContainerStateMachine.startTransaction(ContainerStateMachine.java:319) ~[hadoop-hdds-container-service-1.1.0-SNAPSHOT.jar:?]
	at org.apache.ratis.server.impl.RaftServerImpl.submitClientRequestAsync(RaftServerImpl.java:723) ~[ratis-server-1.1.0-913f5a4-SNAPSHOT.jar:1.1.0-913f5a4-SNAPSHOT]
	at org.apache.ratis.server.impl.RaftServerProxy.lambda$submitClientRequestAsync$7(RaftServerProxy.java:364) ~[ratis-server-1.1.0-913f5a4-SNAPSHOT.jar:1.1.0-913f5a4-SNAPSHOT]
	at org.apache.ratis.server.impl.RaftServerProxy.lambda$null$5(RaftServerProxy.java:359) ~[ratis-server-1.1.0-913f5a4-SNAPSHOT.jar:1.1.0-913f5a4-SNAPSHOT]
	at org.apache.ratis.util.JavaUtils.callAsUnchecked(JavaUtils.java:116) ~[ratis-common-1.1.0-913f5a4-SNAPSHOT.jar:1.1.0-913f5a4-SNAPSHOT]
	at org.apache.ratis.server.impl.RaftServerProxy.lambda$submitRequest$6(RaftServerProxy.java:359) ~[ratis-server-1.1.0-913f5a4-SNAPSHOT.jar:1.1.0-913f5a4-SNAPSHOT]
	at java.util.concurrent.CompletableFuture.uniComposeStage(CompletableFuture.java:995) ~[?:1.8.0_232]
	at java.util.concurrent.CompletableFuture.thenCompose(CompletableFuture.java:2137) ~[?:1.8.0_232]
	at org.apache.ratis.server.impl.RaftServerProxy.submitRequest(RaftServerProxy.java:358) ~[ratis-server-1.1.0-913f5a4-SNAPSHOT.jar:1.1.0-913f5a4-SNAPSHOT]
	at org.apache.ratis.server.impl.RaftServerProxy.submitClientRequestAsync(RaftServerProxy.java:364) ~[ratis-server-1.1.0-913f5a4-SNAPSHOT.jar:1.1.0-913f5a4-SNAPSHOT]
	at org.apache.ratis.grpc.client.GrpcClientProtocolService$RequestStreamObserver.processClientRequest(GrpcClientProtocolService.java:231) ~[ratis-grpc-1.1.0-913f5a4-SNAPSHOT.jar:1.1.0-913f5a4-SNAPSHOT]
	at org.apache.ratis.grpc.client.GrpcClientProtocolService$OrderedRequestStreamObserver.processClientRequest(GrpcClientProtocolService.java:337) ~[ratis-grpc-1.1.0-913f5a4-SNAPSHOT.jar:1.1.0-913f5a4-SNAPSHOT]
	at org.apache.ratis.util.SlidingWindow$Server.processRequestsFromHead(SlidingWindow.java:429) [ratis-common-1.1.0-913f5a4-SNAPSHOT.jar:1.1.0-913f5a4-SNAPSHOT]
	at org.apache.ratis.util.SlidingWindow$Server.receivedRequest(SlidingWindow.java:421) [ratis-common-1.1.0-913f5a4-SNAPSHOT.jar:1.1.0-913f5a4-SNAPSHOT]
	at org.apache.ratis.grpc.client.GrpcClientProtocolService$OrderedRequestStreamObserver.processClientRequest(GrpcClientProtocolService.java:361) [ratis-grpc-1.1.0-913f5a4-SNAPSHOT.jar:1.1.0-913f5a4-SNAPSHOT]
	at org.apache.ratis.grpc.client.GrpcClientProtocolService$RequestStreamObserver.onNext(GrpcClientProtocolService.java:251) [ratis-grpc-1.1.0-913f5a4-SNAPSHOT.jar:1.1.0-913f5a4-SNAPSHOT]
	at org.apache.ratis.grpc.client.GrpcClientProtocolService$RequestStreamObserver.onNext(GrpcClientProtocolService.java:174) [ratis-grpc-1.1.0-913f5a4-SNAPSHOT.jar:1.1.0-913f5a4-SNAPSHOT]
	at org.apache.ratis.thirdparty.io.grpc.stub.ServerCalls$StreamingServerCallHandler$StreamingServerCallListener.onMessage(ServerCalls.java:251) [ratis-thirdparty-misc-0.6.0-SNAPSHOT.jar:0.6.0-SNAPSHOT]
	at org.apache.ratis.thirdparty.io.grpc.ForwardingServerCallListener.onMessage(ForwardingServerCallListener.java:33) [ratis-thirdparty-misc-0.6.0-SNAPSHOT.jar:0.6.0-SNAPSHOT]
	at org.apache.ratis.thirdparty.io.grpc.internal.ServerCallImpl$ServerStreamListenerImpl.messagesAvailableInternal(ServerCallImpl.java:309) [ratis-thirdparty-misc-0.6.0-SNAPSHOT.jar:0.6.0-SNAPSHOT]
	at org.apache.ratis.thirdparty.io.grpc.internal.ServerCallImpl$ServerStreamListenerImpl.messagesAvailable(ServerCallImpl.java:292) [ratis-thirdparty-misc-0.6.0-SNAPSHOT.jar:0.6.0-SNAPSHOT]
	at org.apache.ratis.thirdparty.io.grpc.internal.ServerImpl$JumpToApplicationThreadServerStreamListener$1MessagesAvailable.runInContext(ServerImpl.java:783) [ratis-thirdparty-misc-0.6.0-SNAPSHOT.jar:0.6.0-SNAPSHOT]
	at org.apache.ratis.thirdparty.io.grpc.internal.ContextRunnable.run(ContextRunnable.java:37) [ratis-thirdparty-misc-0.6.0-SNAPSHOT.jar:0.6.0-SNAPSHOT]
	at org.apache.ratis.thirdparty.io.grpc.internal.SerializingExecutor.run(SerializingExecutor.java:123) [ratis-thirdparty-misc-0.6.0-SNAPSHOT.jar:0.6.0-SNAPSHOT]
	at java.util.concurrent.ThreadPoolExecutor.runWorker(ThreadPoolExecutor.java:1149) [?:1.8.0_232]
	at java.util.concurrent.ThreadPoolExecutor$Worker.run(ThreadPoolExecutor.java:624) [?:1.8.0_232]
	at java.lang.Thread.run(Thread.java:748) [?:1.8.0_232]
19:45:40.671 [grpc-default-executor-0] ERROR DNAudit - user=null | ip=null | op=PUT_BLOCK {blockData=[blockId=conID: 3 locID: 105300985648709638 bcsId: 0,size=400]} | ret=FAILURE
org.apache.hadoop.hdds.scm.container.common.helpers.ContainerNotOpenException: Container 3 in CLOSED state
	at org.apache.hadoop.ozone.container.common.impl.HddsDispatcher.validateContainerCommand(HddsDispatcher.java:484) ~[hadoop-hdds-container-service-1.1.0-SNAPSHOT.jar:?]
	at org.apache.hadoop.ozone.container.common.transport.server.ratis.ContainerStateMachine.startTransaction(ContainerStateMachine.java:319) ~[hadoop-hdds-container-service-1.1.0-SNAPSHOT.jar:?]
	at org.apache.ratis.server.impl.RaftServerImpl.submitClientRequestAsync(RaftServerImpl.java:723) ~[ratis-server-1.1.0-913f5a4-SNAPSHOT.jar:1.1.0-913f5a4-SNAPSHOT]
	at org.apache.ratis.server.impl.RaftServerProxy.lambda$submitClientRequestAsync$7(RaftServerProxy.java:364) ~[ratis-server-1.1.0-913f5a4-SNAPSHOT.jar:1.1.0-913f5a4-SNAPSHOT]
	at org.apache.ratis.server.impl.RaftServerProxy.lambda$null$5(RaftServerProxy.java:359) ~[ratis-server-1.1.0-913f5a4-SNAPSHOT.jar:1.1.0-913f5a4-SNAPSHOT]
	at org.apache.ratis.util.JavaUtils.callAsUnchecked(JavaUtils.java:116) ~[ratis-common-1.1.0-913f5a4-SNAPSHOT.jar:1.1.0-913f5a4-SNAPSHOT]
	at org.apache.ratis.server.impl.RaftServerProxy.lambda$submitRequest$6(RaftServerProxy.java:359) ~[ratis-server-1.1.0-913f5a4-SNAPSHOT.jar:1.1.0-913f5a4-SNAPSHOT]
	at java.util.concurrent.CompletableFuture.uniComposeStage(CompletableFuture.java:995) ~[?:1.8.0_232]
	at java.util.concurrent.CompletableFuture.thenCompose(CompletableFuture.java:2137) ~[?:1.8.0_232]
	at org.apache.ratis.server.impl.RaftServerProxy.submitRequest(RaftServerProxy.java:358) ~[ratis-server-1.1.0-913f5a4-SNAPSHOT.jar:1.1.0-913f5a4-SNAPSHOT]
	at org.apache.ratis.server.impl.RaftServerProxy.submitClientRequestAsync(RaftServerProxy.java:364) ~[ratis-server-1.1.0-913f5a4-SNAPSHOT.jar:1.1.0-913f5a4-SNAPSHOT]
	at org.apache.ratis.grpc.client.GrpcClientProtocolService$RequestStreamObserver.processClientRequest(GrpcClientProtocolService.java:231) ~[ratis-grpc-1.1.0-913f5a4-SNAPSHOT.jar:1.1.0-913f5a4-SNAPSHOT]
	at org.apache.ratis.grpc.client.GrpcClientProtocolService$OrderedRequestStreamObserver.processClientRequest(GrpcClientProtocolService.java:337) ~[ratis-grpc-1.1.0-913f5a4-SNAPSHOT.jar:1.1.0-913f5a4-SNAPSHOT]
	at org.apache.ratis.util.SlidingWindow$Server.processRequestsFromHead(SlidingWindow.java:429) [ratis-common-1.1.0-913f5a4-SNAPSHOT.jar:1.1.0-913f5a4-SNAPSHOT]
	at org.apache.ratis.util.SlidingWindow$Server.receivedRequest(SlidingWindow.java:421) [ratis-common-1.1.0-913f5a4-SNAPSHOT.jar:1.1.0-913f5a4-SNAPSHOT]
	at org.apache.ratis.grpc.client.GrpcClientProtocolService$OrderedRequestStreamObserver.processClientRequest(GrpcClientProtocolService.java:361) [ratis-grpc-1.1.0-913f5a4-SNAPSHOT.jar:1.1.0-913f5a4-SNAPSHOT]
	at org.apache.ratis.grpc.client.GrpcClientProtocolService$RequestStreamObserver.onNext(GrpcClientProtocolService.java:251) [ratis-grpc-1.1.0-913f5a4-SNAPSHOT.jar:1.1.0-913f5a4-SNAPSHOT]
	at org.apache.ratis.grpc.client.GrpcClientProtocolService$RequestStreamObserver.onNext(GrpcClientProtocolService.java:174) [ratis-grpc-1.1.0-913f5a4-SNAPSHOT.jar:1.1.0-913f5a4-SNAPSHOT]
	at org.apache.ratis.thirdparty.io.grpc.stub.ServerCalls$StreamingServerCallHandler$StreamingServerCallListener.onMessage(ServerCalls.java:251) [ratis-thirdparty-misc-0.6.0-SNAPSHOT.jar:0.6.0-SNAPSHOT]
	at org.apache.ratis.thirdparty.io.grpc.ForwardingServerCallListener.onMessage(ForwardingServerCallListener.java:33) [ratis-thirdparty-misc-0.6.0-SNAPSHOT.jar:0.6.0-SNAPSHOT]
	at org.apache.ratis.thirdparty.io.grpc.internal.ServerCallImpl$ServerStreamListenerImpl.messagesAvailableInternal(ServerCallImpl.java:309) [ratis-thirdparty-misc-0.6.0-SNAPSHOT.jar:0.6.0-SNAPSHOT]
	at org.apache.ratis.thirdparty.io.grpc.internal.ServerCallImpl$ServerStreamListenerImpl.messagesAvailable(ServerCallImpl.java:292) [ratis-thirdparty-misc-0.6.0-SNAPSHOT.jar:0.6.0-SNAPSHOT]
	at org.apache.ratis.thirdparty.io.grpc.internal.ServerImpl$JumpToApplicationThreadServerStreamListener$1MessagesAvailable.runInContext(ServerImpl.java:783) [ratis-thirdparty-misc-0.6.0-SNAPSHOT.jar:0.6.0-SNAPSHOT]
	at org.apache.ratis.thirdparty.io.grpc.internal.ContextRunnable.run(ContextRunnable.java:37) [ratis-thirdparty-misc-0.6.0-SNAPSHOT.jar:0.6.0-SNAPSHOT]
	at org.apache.ratis.thirdparty.io.grpc.internal.SerializingExecutor.run(SerializingExecutor.java:123) [ratis-thirdparty-misc-0.6.0-SNAPSHOT.jar:0.6.0-SNAPSHOT]
	at java.util.concurrent.ThreadPoolExecutor.runWorker(ThreadPoolExecutor.java:1149) [?:1.8.0_232]
	at java.util.concurrent.ThreadPoolExecutor$Worker.run(ThreadPoolExecutor.java:624) [?:1.8.0_232]
	at java.lang.Thread.run(Thread.java:748) [?:1.8.0_232]
2020-11-30 19:45:40,679 [grpc-default-executor-0] ERROR storage.BlockOutputStream (BlockOutputStream.java:lambda$writeChunkToContainer$3(677)) - writing chunk failed 105300985648709638_chunk_3 blockID conID: 3 locID: 105300985648709638 bcsId: 0 with exception org.apache.ratis.protocol.exceptions.StateMachineException: org.apache.hadoop.hdds.scm.container.common.helpers.ContainerNotOpenException from Server afad6a44-2cb7-4cc9-9b68-87659c1db71e@group-94A0457BFEE0: Container 3 in CLOSED state
2020-11-30 19:45:40,682 [grpc-default-executor-0] ERROR storage.BlockOutputStream (BlockOutputStream.java:lambda$writeChunkToContainer$3(677)) - writing chunk failed 105300985648709638_chunk_4 blockID conID: 3 locID: 105300985648709638 bcsId: 0 with exception org.apache.ratis.protocol.exceptions.StateMachineException: org.apache.hadoop.hdds.scm.container.common.helpers.ContainerNotOpenException from Server afad6a44-2cb7-4cc9-9b68-87659c1db71e@group-94A0457BFEE0: Container 3 in CLOSED state
2020-11-30 19:45:40,692 [Listener at 127.0.0.1/45407] INFO  io.BlockOutputStreamEntryPool (BlockOutputStreamEntryPool.java:allocateNewBlock(241)) - Allocating block with ExcludeList {datanodes = [], containerIds = [#1, #2, #3], pipelineIds = []}
2020-11-30 19:45:40,713 [Listener at 127.0.0.1/45407] INFO  metrics.RatisMetrics (RatisMetrics.java:lambda$create$0(36)) - Creating Metrics Registry : ratis.client_message_metrics.client-EF07359B97F1->62b863f3-593a-4903-871b-b217a8ac38c6
2020-11-30 19:45:40,776 [Listener at 127.0.0.1/45407] INFO  ozone.MiniOzoneClusterImpl (MiniOzoneClusterImpl.java:shutdown(388)) - Shutting down the Mini Ozone Cluster
2020-11-30 19:45:40,776 [Listener at 127.0.0.1/45407] INFO  ozone.MiniOzoneClusterImpl (MiniOzoneClusterImpl.java:stop(403)) - Stopping the Mini Ozone Cluster
2020-11-30 19:45:40,776 [Listener at 127.0.0.1/45407] INFO  ozone.MiniOzoneClusterImpl (MiniOzoneClusterImpl.java:stopOM(485)) - Stopping the OzoneManager
2020-11-30 19:45:40,776 [Listener at 127.0.0.1/45407] INFO  ipc.Server (Server.java:stop(3359)) - Stopping server on 45407
2020-11-30 19:45:40,782 [Listener at 127.0.0.1/45407] INFO  ratis.OzoneManagerDoubleBuffer (OzoneManagerDoubleBuffer.java:stop(457)) - Stopping OMDoubleBuffer flush thread
2020-11-30 19:45:40,782 [IPC Server Responder] INFO  ipc.Server (Server.java:run(1465)) - Stopping IPC Server Responder
2020-11-30 19:45:40,782 [OMDoubleBufferFlushThread] INFO  ratis.OzoneManagerDoubleBuffer (OzoneManagerDoubleBuffer.java:flushTransactions(356)) - OMDoubleBuffer flush thread OMDoubleBufferFlushThread is interrupted and will exit. OMDoubleBufferFlushThread
2020-11-30 19:45:40,782 [IPC Server listener on 0] INFO  ipc.Server (Server.java:run(1330)) - Stopping IPC Server listener on 0
2020-11-30 19:45:40,783 [Listener at 127.0.0.1/45407] INFO  utils.BackgroundService (BackgroundService.java:shutdown(132)) - Shutting down service KeyDeletingService
2020-11-30 19:45:40,784 [Listener at 127.0.0.1/45407] INFO  handler.ContextHandler (ContextHandler.java:doStop(1154)) - Stopped o.e.j.w.WebAppContext@63eb4c89{ozoneManager,/,null,STOPPED}{file:/github/workspace/mnt/ozone/hadoop-ozone/integration-test/target/test-classes/webapps/ozoneManager}
2020-11-30 19:45:40,785 [Listener at 127.0.0.1/45407] INFO  server.AbstractConnector (AbstractConnector.java:doStop(381)) - Stopped ServerConnector@65a18cdb{HTTP/1.1, (http/1.1)}{0.0.0.0:0}
2020-11-30 19:45:40,785 [Listener at 127.0.0.1/45407] INFO  server.session (HouseKeeper.java:stopScavenging(149)) - node0 Stopped scavenging
2020-11-30 19:45:40,786 [Listener at 127.0.0.1/45407] INFO  handler.ContextHandler (ContextHandler.java:doStop(1154)) - Stopped o.e.j.s.ServletContextHandler@1d9d0d8b{static,/static,file:///github/workspace/mnt/ozone/hadoop-ozone/integration-test/target/test-classes/webapps/static,STOPPED}
2020-11-30 19:45:40,786 [Listener at 127.0.0.1/45407] INFO  handler.ContextHandler (ContextHandler.java:doStop(1154)) - Stopped o.e.j.s.ServletContextHandler@296c8d1b{logs,/logs,file:///github/workspace/mnt/ozone/hadoop-ozone/integration-test/target/log,STOPPED}
2020-11-30 19:45:40,789 [Listener at 127.0.0.1/45407] INFO  ozone.MiniOzoneClusterImpl (MiniOzoneClusterImpl.java:stopDatanodes(462)) - Stopping the HddsDatanodes
2020-11-30 19:45:40,963 [Datanode State Machine Thread - 0] INFO  statemachine.DatanodeStateMachine (DatanodeStateMachine.java:lambda$startDaemon$0(406)) - Ozone container server started.
2020-11-30 19:45:41,007 [org.apache.ratis.server.JvmPauseMonitor@342d87e5-Monitor] WARN  server.JvmPauseMonitor (JvmPauseMonitor.java:run(141)) - Detected pause in JVM or host machine (eg GC): pause of approximately 2ms
No GCs detected
2020-11-30 19:45:41,551 [Datanode State Machine Thread - 0] INFO  statemachine.DatanodeStateMachine (DatanodeStateMachine.java:lambda$startDaemon$0(406)) - Ozone container server started.
2020-11-30 19:45:45,789 [ForkJoinPool.commonPool-worker-0] INFO  ozoneimpl.OzoneContainer (OzoneContainer.java:stop(257)) - Attempting to stop container services.
2020-11-30 19:45:45,790 [Listener at 127.0.0.1/45407] INFO  ozoneimpl.OzoneContainer (OzoneContainer.java:stop(257)) - Attempting to stop container services.
2020-11-30 19:45:45,790 [ForkJoinPool.commonPool-worker-0] INFO  impl.RaftServerProxy (RaftServerProxy.java:lambda$close$4(338)) - 380c32ea-dc91-48bb-a59a-011c9a6c6a90: close
2020-11-30 19:45:45,790 [ForkJoinPool.commonPool-worker-0] INFO  impl.RaftServerImpl (RaftServerImpl.java:lambda$shutdown$3(328)) - 380c32ea-dc91-48bb-a59a-011c9a6c6a90@group-7E097F4FA569: shutdown
2020-11-30 19:45:45,790 [ForkJoinPool.commonPool-worker-0] INFO  util.JmxRegister (JmxRegister.java:unregister(73)) - Successfully un-registered JMX Bean with object name Ratis:service=RaftServer,group=group-7E097F4FA569,id=380c32ea-dc91-48bb-a59a-011c9a6c6a90
2020-11-30 19:45:45,790 [ForkJoinPool.commonPool-worker-0] INFO  impl.RoleInfo (RoleInfo.java:shutdownFollowerState(121)) - 380c32ea-dc91-48bb-a59a-011c9a6c6a90: shutdown 380c32ea-dc91-48bb-a59a-011c9a6c6a90@group-7E097F4FA569-FollowerState
2020-11-30 19:45:45,790 [ForkJoinPool.commonPool-worker-0] INFO  impl.StateMachineUpdater (StateMachineUpdater.java:stopAndJoin(147)) - 380c32ea-dc91-48bb-a59a-011c9a6c6a90@group-7E097F4FA569-StateMachineUpdater: set stopIndex = 0
2020-11-30 19:45:45,790 [Listener at 127.0.0.1/45407] INFO  impl.RaftServerProxy (RaftServerProxy.java:lambda$close$4(338)) - 8c573d92-c9cf-477f-8aa0-4f15145726d2: close
2020-11-30 19:45:45,792 [Listener at 127.0.0.1/45407] INFO  impl.RaftServerImpl (RaftServerImpl.java:lambda$shutdown$3(328)) - 8c573d92-c9cf-477f-8aa0-4f15145726d2@group-F5BD7DFE9F34: shutdown
2020-11-30 19:45:45,792 [Listener at 127.0.0.1/45407] INFO  util.JmxRegister (JmxRegister.java:unregister(73)) - Successfully un-registered JMX Bean with object name Ratis:service=RaftServer,group=group-F5BD7DFE9F34,id=8c573d92-c9cf-477f-8aa0-4f15145726d2
2020-11-30 19:45:45,792 [Listener at 127.0.0.1/45407] INFO  impl.RoleInfo (RoleInfo.java:shutdownFollowerState(121)) - 8c573d92-c9cf-477f-8aa0-4f15145726d2: shutdown 8c573d92-c9cf-477f-8aa0-4f15145726d2@group-F5BD7DFE9F34-FollowerState
2020-11-30 19:45:45,792 [Listener at 127.0.0.1/45407] INFO  impl.StateMachineUpdater (StateMachineUpdater.java:stopAndJoin(147)) - 8c573d92-c9cf-477f-8aa0-4f15145726d2@group-F5BD7DFE9F34-StateMachineUpdater: set stopIndex = 0
2020-11-30 19:45:45,792 [Thread-693] INFO  impl.FollowerState (FollowerState.java:run(137)) - 8c573d92-c9cf-477f-8aa0-4f15145726d2@group-F5BD7DFE9F34-FollowerState was interrupted: {}
java.lang.InterruptedException: sleep interrupted
	at java.lang.Thread.sleep(Native Method)
	at org.apache.ratis.util.JavaUtils.sleep(JavaUtils.java:250)
	at org.apache.ratis.server.impl.FollowerState.run(FollowerState.java:116)
2020-11-30 19:45:45,793 [8c573d92-c9cf-477f-8aa0-4f15145726d2@group-F5BD7DFE9F34-StateMachineUpdater] INFO  ratis.ContainerStateMachine (ContainerStateMachine.java:takeSnapshot(293)) - group-F5BD7DFE9F34: Taking a snapshot at:(t:1, i:0) file /github/workspace/mnt/ozone/hadoop-ozone/integration-test/target/test-dir/MiniOzoneClusterImpl-e29a2f86-0e02-4c39-a42b-ca59556809f6/datanode-4/data/ratis/13782f0c-139c-45d5-a327-f5bd7dfe9f34/sm/snapshot.1_0
2020-11-30 19:45:45,794 [Thread-663] INFO  impl.FollowerState (FollowerState.java:run(137)) - 380c32ea-dc91-48bb-a59a-011c9a6c6a90@group-7E097F4FA569-FollowerState was interrupted: {}
java.lang.InterruptedException: sleep interrupted
	at java.lang.Thread.sleep(Native Method)
	at org.apache.ratis.util.JavaUtils.sleep(JavaUtils.java:250)
	at org.apache.ratis.server.impl.FollowerState.run(FollowerState.java:116)
2020-11-30 19:45:45,794 [8c573d92-c9cf-477f-8aa0-4f15145726d2@group-F5BD7DFE9F34-StateMachineUpdater] INFO  ratis.ContainerStateMachine (ContainerStateMachine.java:takeSnapshot(304)) - group-F5BD7DFE9F34: Finished taking a snapshot at:(t:1, i:0) file:/github/workspace/mnt/ozone/hadoop-ozone/integration-test/target/test-dir/MiniOzoneClusterImpl-e29a2f86-0e02-4c39-a42b-ca59556809f6/datanode-4/data/ratis/13782f0c-139c-45d5-a327-f5bd7dfe9f34/sm/snapshot.1_0 time:2
2020-11-30 19:45:45,794 [8c573d92-c9cf-477f-8aa0-4f15145726d2@group-F5BD7DFE9F34-StateMachineUpdater] INFO  impl.StateMachineUpdater (StateMachineUpdater.java:takeSnapshot(278)) - 8c573d92-c9cf-477f-8aa0-4f15145726d2@group-F5BD7DFE9F34-StateMachineUpdater: Took a snapshot at index 0
2020-11-30 19:45:45,794 [8c573d92-c9cf-477f-8aa0-4f15145726d2@group-F5BD7DFE9F34-StateMachineUpdater] INFO  impl.StateMachineUpdater (StateMachineUpdater.java:lambda$new$0(87)) - 8c573d92-c9cf-477f-8aa0-4f15145726d2@group-F5BD7DFE9F34-StateMachineUpdater: snapshotIndex: updateIncreasingly -1 -> 0
2020-11-30 19:45:45,794 [8c573d92-c9cf-477f-8aa0-4f15145726d2@group-F5BD7DFE9F34-StateMachineUpdater] INFO  metrics.RatisMetrics (RatisMetrics.java:unregister(43)) - Unregistering Metrics Registry : ratis.state_machine.8c573d92-c9cf-477f-8aa0-4f15145726d2@group-F5BD7DFE9F34
2020-11-30 19:45:45,796 [380c32ea-dc91-48bb-a59a-011c9a6c6a90@group-7E097F4FA569-StateMachineUpdater] INFO  ratis.ContainerStateMachine (ContainerStateMachine.java:takeSnapshot(293)) - group-7E097F4FA569: Taking a snapshot at:(t:1, i:0) file /github/workspace/mnt/ozone/hadoop-ozone/integration-test/target/test-dir/MiniOzoneClusterImpl-e29a2f86-0e02-4c39-a42b-ca59556809f6/datanode-1/data/ratis/7b206454-490d-4d50-a3c2-7e097f4fa569/sm/snapshot.1_0
2020-11-30 19:45:45,796 [Listener at 127.0.0.1/45407] INFO  impl.RaftServerImpl (ServerState.java:close(406)) - 8c573d92-c9cf-477f-8aa0-4f15145726d2@group-F5BD7DFE9F34: closes. applyIndex: 0
2020-11-30 19:45:45,796 [380c32ea-dc91-48bb-a59a-011c9a6c6a90@group-7E097F4FA569-StateMachineUpdater] INFO  ratis.ContainerStateMachine (ContainerStateMachine.java:takeSnapshot(304)) - group-7E097F4FA569: Finished taking a snapshot at:(t:1, i:0) file:/github/workspace/mnt/ozone/hadoop-ozone/integration-test/target/test-dir/MiniOzoneClusterImpl-e29a2f86-0e02-4c39-a42b-ca59556809f6/datanode-1/data/ratis/7b206454-490d-4d50-a3c2-7e097f4fa569/sm/snapshot.1_0 time:1
2020-11-30 19:45:45,797 [380c32ea-dc91-48bb-a59a-011c9a6c6a90@group-7E097F4FA569-StateMachineUpdater] INFO  impl.StateMachineUpdater (StateMachineUpdater.java:takeSnapshot(278)) - 380c32ea-dc91-48bb-a59a-011c9a6c6a90@group-7E097F4FA569-StateMachineUpdater: Took a snapshot at index 0
2020-11-30 19:45:45,797 [380c32ea-dc91-48bb-a59a-011c9a6c6a90@group-7E097F4FA569-StateMachineUpdater] INFO  impl.StateMachineUpdater (StateMachineUpdater.java:lambda$new$0(87)) - 380c32ea-dc91-48bb-a59a-011c9a6c6a90@group-7E097F4FA569-StateMachineUpdater: snapshotIndex: updateIncreasingly -1 -> 0
2020-11-30 19:45:45,797 [380c32ea-dc91-48bb-a59a-011c9a6c6a90@group-7E097F4FA569-StateMachineUpdater] INFO  metrics.RatisMetrics (RatisMetrics.java:unregister(43)) - Unregistering Metrics Registry : ratis.state_machine.380c32ea-dc91-48bb-a59a-011c9a6c6a90@group-7E097F4FA569
2020-11-30 19:45:45,797 [ForkJoinPool.commonPool-worker-0] INFO  impl.RaftServerImpl (ServerState.java:close(406)) - 380c32ea-dc91-48bb-a59a-011c9a6c6a90@group-7E097F4FA569: closes. applyIndex: 0
2020-11-30 19:45:45,797 [8c573d92-c9cf-477f-8aa0-4f15145726d2@group-F5BD7DFE9F34-SegmentedRaftLogWorker] INFO  segmented.SegmentedRaftLogWorker (SegmentedRaftLogWorker.java:run(329)) - 8c573d92-c9cf-477f-8aa0-4f15145726d2@group-F5BD7DFE9F34-SegmentedRaftLogWorker was interrupted, exiting. There are 0 tasks remaining in the queue.
2020-11-30 19:45:45,797 [380c32ea-dc91-48bb-a59a-011c9a6c6a90@group-7E097F4FA569-SegmentedRaftLogWorker] INFO  segmented.SegmentedRaftLogWorker (SegmentedRaftLogWorker.java:run(329)) - 380c32ea-dc91-48bb-a59a-011c9a6c6a90@group-7E097F4FA569-SegmentedRaftLogWorker was interrupted, exiting. There are 0 tasks remaining in the queue.
2020-11-30 19:45:45,798 [Listener at 127.0.0.1/45407] INFO  segmented.SegmentedRaftLogWorker (SegmentedRaftLogWorker.java:close(235)) - 8c573d92-c9cf-477f-8aa0-4f15145726d2@group-F5BD7DFE9F34-SegmentedRaftLogWorker close()
2020-11-30 19:45:45,798 [ForkJoinPool.commonPool-worker-0] INFO  segmented.SegmentedRaftLogWorker (SegmentedRaftLogWorker.java:close(235)) - 380c32ea-dc91-48bb-a59a-011c9a6c6a90@group-7E097F4FA569-SegmentedRaftLogWorker close()
2020-11-30 19:45:45,799 [Listener at 127.0.0.1/45407] INFO  metrics.RatisMetrics (RatisMetrics.java:unregister(43)) - Unregistering Metrics Registry : ratis.log_worker.8c573d92-c9cf-477f-8aa0-4f15145726d2@group-F5BD7DFE9F34
2020-11-30 19:45:45,800 [Listener at 127.0.0.1/45407] INFO  metrics.RatisMetrics (RatisMetrics.java:unregister(43)) - Unregistering Metrics Registry : ratis.leader_election.8c573d92-c9cf-477f-8aa0-4f15145726d2@group-F5BD7DFE9F34
2020-11-30 19:45:45,800 [Listener at 127.0.0.1/45407] INFO  metrics.RatisMetrics (RatisMetrics.java:unregister(43)) - Unregistering Metrics Registry : ratis.server.8c573d92-c9cf-477f-8aa0-4f15145726d2@group-F5BD7DFE9F34
2020-11-30 19:45:45,800 [Listener at 127.0.0.1/45407] INFO  impl.RaftServerImpl (RaftServerImpl.java:lambda$shutdown$3(328)) - 8c573d92-c9cf-477f-8aa0-4f15145726d2@group-BB5E3E21D8E2: shutdown
2020-11-30 19:45:45,800 [Listener at 127.0.0.1/45407] INFO  util.JmxRegister (JmxRegister.java:unregister(73)) - Successfully un-registered JMX Bean with object name Ratis:service=RaftServer,group=group-BB5E3E21D8E2,id=8c573d92-c9cf-477f-8aa0-4f15145726d2
2020-11-30 19:45:45,800 [Listener at 127.0.0.1/45407] INFO  impl.RoleInfo (RoleInfo.java:shutdownLeaderState(104)) - 8c573d92-c9cf-477f-8aa0-4f15145726d2: shutdown 8c573d92-c9cf-477f-8aa0-4f15145726d2@group-BB5E3E21D8E2-LeaderState
2020-11-30 19:45:45,800 [Listener at 127.0.0.1/45407] INFO  impl.PendingRequests (PendingRequests.java:sendNotLeaderResponses(250)) - 8c573d92-c9cf-477f-8aa0-4f15145726d2@group-BB5E3E21D8E2-PendingRequests: sendNotLeaderResponses
2020-11-30 19:45:45,801 [Listener at 127.0.0.1/45407] INFO  metrics.RatisMetrics (RatisMetrics.java:unregister(43)) - Unregistering Metrics Registry : ratis.log_appender.8c573d92-c9cf-477f-8aa0-4f15145726d2@group-BB5E3E21D8E2
2020-11-30 19:45:45,801 [ForkJoinPool.commonPool-worker-0] INFO  metrics.RatisMetrics (RatisMetrics.java:unregister(43)) - Unregistering Metrics Registry : ratis.log_worker.380c32ea-dc91-48bb-a59a-011c9a6c6a90@group-7E097F4FA569
2020-11-30 19:45:45,802 [ForkJoinPool.commonPool-worker-0] INFO  metrics.RatisMetrics (RatisMetrics.java:unregister(43)) - Unregistering Metrics Registry : ratis.leader_election.380c32ea-dc91-48bb-a59a-011c9a6c6a90@group-7E097F4FA569
2020-11-30 19:45:45,802 [ForkJoinPool.commonPool-worker-0] INFO  metrics.RatisMetrics (RatisMetrics.java:unregister(43)) - Unregistering Metrics Registry : ratis.server.380c32ea-dc91-48bb-a59a-011c9a6c6a90@group-7E097F4FA569
2020-11-30 19:45:45,802 [ForkJoinPool.commonPool-worker-0] INFO  impl.RaftServerImpl (RaftServerImpl.java:lambda$shutdown$3(328)) - 380c32ea-dc91-48bb-a59a-011c9a6c6a90@group-4159E0C6EF80: shutdown
2020-11-30 19:45:45,802 [ForkJoinPool.commonPool-worker-0] INFO  util.JmxRegister (JmxRegister.java:unregister(73)) - Successfully un-registered JMX Bean with object name Ratis:service=RaftServer,group=group-4159E0C6EF80,id=380c32ea-dc91-48bb-a59a-011c9a6c6a90
2020-11-30 19:45:45,802 [ForkJoinPool.commonPool-worker-0] INFO  impl.RoleInfo (RoleInfo.java:shutdownLeaderState(104)) - 380c32ea-dc91-48bb-a59a-011c9a6c6a90: shutdown 380c32ea-dc91-48bb-a59a-011c9a6c6a90@group-4159E0C6EF80-LeaderState
2020-11-30 19:45:45,802 [Listener at 127.0.0.1/45407] INFO  metrics.RatisMetrics (RatisMetrics.java:unregister(43)) - Unregistering Metrics Registry : ratis.server.8c573d92-c9cf-477f-8aa0-4f15145726d2@group-BB5E3E21D8E2
2020-11-30 19:45:45,802 [ForkJoinPool.commonPool-worker-0] INFO  impl.PendingRequests (PendingRequests.java:sendNotLeaderResponses(250)) - 380c32ea-dc91-48bb-a59a-011c9a6c6a90@group-4159E0C6EF80-PendingRequests: sendNotLeaderResponses
2020-11-30 19:45:45,803 [ForkJoinPool.commonPool-worker-0] INFO  metrics.RatisMetrics (RatisMetrics.java:unregister(43)) - Unregistering Metrics Registry : ratis.log_appender.380c32ea-dc91-48bb-a59a-011c9a6c6a90@group-4159E0C6EF80
2020-11-30 19:45:45,803 [ForkJoinPool.commonPool-worker-0] INFO  metrics.RatisMetrics (RatisMetrics.java:unregister(43)) - Unregistering Metrics Registry : ratis.server.380c32ea-dc91-48bb-a59a-011c9a6c6a90@group-4159E0C6EF80
2020-11-30 19:45:45,803 [8c573d92-c9cf-477f-8aa0-4f15145726d2@group-BB5E3E21D8E2-StateMachineUpdater] INFO  ratis.ContainerStateMachine (ContainerStateMachine.java:takeSnapshot(293)) - group-BB5E3E21D8E2: Taking a snapshot at:(t:1, i:0) file /github/workspace/mnt/ozone/hadoop-ozone/integration-test/target/test-dir/MiniOzoneClusterImpl-e29a2f86-0e02-4c39-a42b-ca59556809f6/datanode-4/data/ratis/6c7b17d5-11bc-4528-8729-bb5e3e21d8e2/sm/snapshot.1_0
2020-11-30 19:45:45,803 [ForkJoinPool.commonPool-worker-0] INFO  impl.StateMachineUpdater (StateMachineUpdater.java:stopAndJoin(147)) - 380c32ea-dc91-48bb-a59a-011c9a6c6a90@group-4159E0C6EF80-StateMachineUpdater: set stopIndex = 0
2020-11-30 19:45:45,803 [Listener at 127.0.0.1/45407] INFO  impl.StateMachineUpdater (StateMachineUpdater.java:stopAndJoin(147)) - 8c573d92-c9cf-477f-8aa0-4f15145726d2@group-BB5E3E21D8E2-StateMachineUpdater: set stopIndex = 0
2020-11-30 19:45:45,804 [380c32ea-dc91-48bb-a59a-011c9a6c6a90@group-4159E0C6EF80-StateMachineUpdater] INFO  ratis.ContainerStateMachine (ContainerStateMachine.java:takeSnapshot(293)) - group-4159E0C6EF80: Taking a snapshot at:(t:1, i:0) file /github/workspace/mnt/ozone/hadoop-ozone/integration-test/target/test-dir/MiniOzoneClusterImpl-e29a2f86-0e02-4c39-a42b-ca59556809f6/datanode-1/data/ratis/b7fa9be7-d2e3-43c5-aa0b-4159e0c6ef80/sm/snapshot.1_0
2020-11-30 19:45:45,804 [8c573d92-c9cf-477f-8aa0-4f15145726d2@group-BB5E3E21D8E2-StateMachineUpdater] INFO  ratis.ContainerStateMachine (ContainerStateMachine.java:takeSnapshot(304)) - group-BB5E3E21D8E2: Finished taking a snapshot at:(t:1, i:0) file:/github/workspace/mnt/ozone/hadoop-ozone/integration-test/target/test-dir/MiniOzoneClusterImpl-e29a2f86-0e02-4c39-a42b-ca59556809f6/datanode-4/data/ratis/6c7b17d5-11bc-4528-8729-bb5e3e21d8e2/sm/snapshot.1_0 time:0
2020-11-30 19:45:45,804 [380c32ea-dc91-48bb-a59a-011c9a6c6a90@group-4159E0C6EF80-StateMachineUpdater] INFO  ratis.ContainerStateMachine (ContainerStateMachine.java:takeSnapshot(304)) - group-4159E0C6EF80: Finished taking a snapshot at:(t:1, i:0) file:/github/workspace/mnt/ozone/hadoop-ozone/integration-test/target/test-dir/MiniOzoneClusterImpl-e29a2f86-0e02-4c39-a42b-ca59556809f6/datanode-1/data/ratis/b7fa9be7-d2e3-43c5-aa0b-4159e0c6ef80/sm/snapshot.1_0 time:1
2020-11-30 19:45:45,805 [8c573d92-c9cf-477f-8aa0-4f15145726d2@group-BB5E3E21D8E2-StateMachineUpdater] INFO  impl.StateMachineUpdater (StateMachineUpdater.java:takeSnapshot(278)) - 8c573d92-c9cf-477f-8aa0-4f15145726d2@group-BB5E3E21D8E2-StateMachineUpdater: Took a snapshot at index 0
2020-11-30 19:45:45,805 [8c573d92-c9cf-477f-8aa0-4f15145726d2@group-BB5E3E21D8E2-StateMachineUpdater] INFO  impl.StateMachineUpdater (StateMachineUpdater.java:lambda$new$0(87)) - 8c573d92-c9cf-477f-8aa0-4f15145726d2@group-BB5E3E21D8E2-StateMachineUpdater: snapshotIndex: updateIncreasingly -1 -> 0
2020-11-30 19:45:45,805 [8c573d92-c9cf-477f-8aa0-4f15145726d2@group-BB5E3E21D8E2-StateMachineUpdater] INFO  metrics.RatisMetrics (RatisMetrics.java:unregister(43)) - Unregistering Metrics Registry : ratis.state_machine.8c573d92-c9cf-477f-8aa0-4f15145726d2@group-BB5E3E21D8E2
2020-11-30 19:45:45,805 [Listener at 127.0.0.1/45407] INFO  impl.RaftServerImpl (ServerState.java:close(406)) - 8c573d92-c9cf-477f-8aa0-4f15145726d2@group-BB5E3E21D8E2: closes. applyIndex: 0
2020-11-30 19:45:45,805 [380c32ea-dc91-48bb-a59a-011c9a6c6a90@group-4159E0C6EF80-StateMachineUpdater] INFO  impl.StateMachineUpdater (StateMachineUpdater.java:takeSnapshot(278)) - 380c32ea-dc91-48bb-a59a-011c9a6c6a90@group-4159E0C6EF80-StateMachineUpdater: Took a snapshot at index 0
2020-11-30 19:45:45,805 [380c32ea-dc91-48bb-a59a-011c9a6c6a90@group-4159E0C6EF80-StateMachineUpdater] INFO  impl.StateMachineUpdater (StateMachineUpdater.java:lambda$new$0(87)) - 380c32ea-dc91-48bb-a59a-011c9a6c6a90@group-4159E0C6EF80-StateMachineUpdater: snapshotIndex: updateIncreasingly -1 -> 0
2020-11-30 19:45:45,805 [380c32ea-dc91-48bb-a59a-011c9a6c6a90@group-4159E0C6EF80-StateMachineUpdater] INFO  metrics.RatisMetrics (RatisMetrics.java:unregister(43)) - Unregistering Metrics Registry : ratis.state_machine.380c32ea-dc91-48bb-a59a-011c9a6c6a90@group-4159E0C6EF80
2020-11-30 19:45:45,805 [8c573d92-c9cf-477f-8aa0-4f15145726d2@group-BB5E3E21D8E2-SegmentedRaftLogWorker] INFO  segmented.SegmentedRaftLogWorker (SegmentedRaftLogWorker.java:run(329)) - 8c573d92-c9cf-477f-8aa0-4f15145726d2@group-BB5E3E21D8E2-SegmentedRaftLogWorker was interrupted, exiting. There are 0 tasks remaining in the queue.
2020-11-30 19:45:45,806 [Listener at 127.0.0.1/45407] INFO  segmented.SegmentedRaftLogWorker (SegmentedRaftLogWorker.java:close(235)) - 8c573d92-c9cf-477f-8aa0-4f15145726d2@group-BB5E3E21D8E2-SegmentedRaftLogWorker close()
2020-11-30 19:45:45,806 [ForkJoinPool.commonPool-worker-0] INFO  impl.RaftServerImpl (ServerState.java:close(406)) - 380c32ea-dc91-48bb-a59a-011c9a6c6a90@group-4159E0C6EF80: closes. applyIndex: 0
2020-11-30 19:45:45,807 [380c32ea-dc91-48bb-a59a-011c9a6c6a90@group-4159E0C6EF80-SegmentedRaftLogWorker] INFO  segmented.SegmentedRaftLogWorker (SegmentedRaftLogWorker.java:run(329)) - 380c32ea-dc91-48bb-a59a-011c9a6c6a90@group-4159E0C6EF80-SegmentedRaftLogWorker was interrupted, exiting. There are 0 tasks remaining in the queue.
2020-11-30 19:45:45,807 [Listener at 127.0.0.1/45407] INFO  metrics.RatisMetrics (RatisMetrics.java:unregister(43)) - Unregistering Metrics Registry : ratis.log_worker.8c573d92-c9cf-477f-8aa0-4f15145726d2@group-BB5E3E21D8E2
2020-11-30 19:45:45,808 [Listener at 127.0.0.1/45407] INFO  metrics.RatisMetrics (RatisMetrics.java:unregister(43)) - Unregistering Metrics Registry : ratis.leader_election.8c573d92-c9cf-477f-8aa0-4f15145726d2@group-BB5E3E21D8E2
2020-11-30 19:45:45,808 [Listener at 127.0.0.1/45407] INFO  metrics.RatisMetrics (RatisMetrics.java:unregister(43)) - Unregistering Metrics Registry : ratis.server.8c573d92-c9cf-477f-8aa0-4f15145726d2@group-BB5E3E21D8E2
2020-11-30 19:45:45,808 [Listener at 127.0.0.1/45407] INFO  server.GrpcService (GrpcService.java:closeImpl(184)) - 8c573d92-c9cf-477f-8aa0-4f15145726d2: shutdown server with port 43725 now
2020-11-30 19:45:45,810 [grpc-default-executor-0] WARN  server.GrpcServerProtocolService (LogUtils.java:warn(122)) - 8c573d92-c9cf-477f-8aa0-4f15145726d2: installSnapshot onError, lastRequest: 62b863f3-593a-4903-871b-b217a8ac38c6->8c573d92-c9cf-477f-8aa0-4f15145726d2#1-t1, previous=(t:0, i:0), leaderCommit=0, initializing? false, entries: size=1, first=(t:1, i:0), CONFIGURATIONENTRY: org.apache.ratis.thirdparty.io.grpc.StatusRuntimeException: CANCELLED: cancelled before receiving half close
2020-11-30 19:45:45,811 [Listener at 127.0.0.1/45407] INFO  server.GrpcService (GrpcService.java:closeImpl(193)) - 8c573d92-c9cf-477f-8aa0-4f15145726d2: shutdown server with port 43725 successfully
2020-11-30 19:45:45,811 [ForkJoinPool.commonPool-worker-0] INFO  segmented.SegmentedRaftLogWorker (SegmentedRaftLogWorker.java:close(235)) - 380c32ea-dc91-48bb-a59a-011c9a6c6a90@group-4159E0C6EF80-SegmentedRaftLogWorker close()
2020-11-30 19:45:45,813 [ForkJoinPool.commonPool-worker-0] INFO  metrics.RatisMetrics (RatisMetrics.java:unregister(43)) - Unregistering Metrics Registry : ratis.log_worker.380c32ea-dc91-48bb-a59a-011c9a6c6a90@group-4159E0C6EF80
2020-11-30 19:45:45,813 [ForkJoinPool.commonPool-worker-0] INFO  metrics.RatisMetrics (RatisMetrics.java:unregister(43)) - Unregistering Metrics Registry : ratis.leader_election.380c32ea-dc91-48bb-a59a-011c9a6c6a90@group-4159E0C6EF80
2020-11-30 19:45:45,813 [ForkJoinPool.commonPool-worker-0] INFO  metrics.RatisMetrics (RatisMetrics.java:unregister(43)) - Unregistering Metrics Registry : ratis.server.380c32ea-dc91-48bb-a59a-011c9a6c6a90@group-4159E0C6EF80
2020-11-30 19:45:45,813 [ForkJoinPool.commonPool-worker-0] INFO  server.GrpcService (GrpcService.java:closeImpl(184)) - 380c32ea-dc91-48bb-a59a-011c9a6c6a90: shutdown server with port 38913 now
2020-11-30 19:45:45,813 [grpc-default-executor-1] WARN  server.GrpcLogAppender (LogUtils.java:warn(122)) - 62b863f3-593a-4903-871b-b217a8ac38c6@group-F5BD7DFE9F34->8c573d92-c9cf-477f-8aa0-4f15145726d2-AppendLogResponseHandler: Failed appendEntries: org.apache.ratis.thirdparty.io.grpc.StatusRuntimeException: CANCELLED: HTTP/2 error code: CANCEL
Received Rst Stream
2020-11-30 19:45:45,815 [Listener at 127.0.0.1/45407] INFO  utils.BackgroundService (BackgroundService.java:shutdown(132)) - Shutting down service BlockDeletingService
2020-11-30 19:45:45,817 [grpc-default-executor-1] WARN  server.GrpcLogAppender (GrpcLogAppender.java:resetClient(107)) - 62b863f3-593a-4903-871b-b217a8ac38c6@group-F5BD7DFE9F34->8c573d92-c9cf-477f-8aa0-4f15145726d2-GrpcLogAppender: Leader has not got in touch with Follower 62b863f3-593a-4903-871b-b217a8ac38c6@group-F5BD7DFE9F34->8c573d92-c9cf-477f-8aa0-4f15145726d2(c0,m0,n1, attendVote=true, lastRpcSendTime=2324, lastRpcResponseTime=2323) yet, just keep nextIndex unchanged and retry.
2020-11-30 19:45:45,818 [grpc-default-executor-0] WARN  server.GrpcServerProtocolService (LogUtils.java:warn(122)) - 380c32ea-dc91-48bb-a59a-011c9a6c6a90: installSnapshot onError, lastRequest: 70b5b581-c134-4e70-98be-52f4a1178c95->380c32ea-dc91-48bb-a59a-011c9a6c6a90#1-t1, previous=(t:0, i:0), leaderCommit=0, initializing? false, entries: size=1, first=(t:1, i:0), CONFIGURATIONENTRY: org.apache.ratis.thirdparty.io.grpc.StatusRuntimeException: CANCELLED: cancelled before receiving half close
2020-11-30 19:45:45,818 [grpc-default-executor-2] WARN  server.GrpcLogAppender (LogUtils.java:warn(122)) - 70b5b581-c134-4e70-98be-52f4a1178c95@group-7E097F4FA569->380c32ea-dc91-48bb-a59a-011c9a6c6a90-AppendLogResponseHandler: Failed appendEntries: org.apache.ratis.thirdparty.io.grpc.StatusRuntimeException: CANCELLED: HTTP/2 error code: CANCEL
Received Rst Stream
2020-11-30 19:45:45,818 [grpc-default-executor-2] WARN  server.GrpcLogAppender (GrpcLogAppender.java:resetClient(107)) - 70b5b581-c134-4e70-98be-52f4a1178c95@group-7E097F4FA569->380c32ea-dc91-48bb-a59a-011c9a6c6a90-GrpcLogAppender: Leader has not got in touch with Follower 70b5b581-c134-4e70-98be-52f4a1178c95@group-7E097F4FA569->380c32ea-dc91-48bb-a59a-011c9a6c6a90(c0,m0,n1, attendVote=true, lastRpcSendTime=398, lastRpcResponseTime=397) yet, just keep nextIndex unchanged and retry.
2020-11-30 19:45:45,819 [ForkJoinPool.commonPool-worker-0] INFO  server.GrpcService (GrpcService.java:closeImpl(193)) - 380c32ea-dc91-48bb-a59a-011c9a6c6a90: shutdown server with port 38913 successfully
2020-11-30 19:45:45,819 [Listener at 127.0.0.1/45407] INFO  statemachine.DatanodeStateMachine (DatanodeStateMachine.java:stopDaemon(459)) - Ozone container server stopped.
2020-11-30 19:45:45,831 [Listener at 127.0.0.1/45407] INFO  handler.ContextHandler (ContextHandler.java:doStop(1154)) - Stopped o.e.j.w.WebAppContext@1beaf8af{hddsDatanode,/,null,STOPPED}{jar:file:/home/user/.m2/repository/org/apache/hadoop/hadoop-hdds-container-service/1.1.0-SNAPSHOT/hadoop-hdds-container-service-1.1.0-SNAPSHOT.jar!/webapps/hddsDatanode}
2020-11-30 19:45:45,833 [ForkJoinPool.commonPool-worker-0] INFO  utils.BackgroundService (BackgroundService.java:shutdown(132)) - Shutting down service BlockDeletingService
2020-11-30 19:45:45,833 [Listener at 127.0.0.1/45407] INFO  server.AbstractConnector (AbstractConnector.java:doStop(381)) - Stopped ServerConnector@7c57343b{HTTP/1.1, (http/1.1)}{0.0.0.0:0}
2020-11-30 19:45:45,837 [ForkJoinPool.commonPool-worker-0] INFO  statemachine.DatanodeStateMachine (DatanodeStateMachine.java:stopDaemon(459)) - Ozone container server stopped.
2020-11-30 19:45:45,843 [Listener at 127.0.0.1/45407] INFO  server.session (HouseKeeper.java:stopScavenging(149)) - node0 Stopped scavenging
2020-11-30 19:45:45,850 [Listener at 127.0.0.1/45407] INFO  handler.ContextHandler (ContextHandler.java:doStop(1154)) - Stopped o.e.j.s.ServletContextHandler@173ce529{static,/static,jar:file:/home/user/.m2/repository/org/apache/hadoop/hadoop-hdds-container-service/1.1.0-SNAPSHOT/hadoop-hdds-container-service-1.1.0-SNAPSHOT.jar!/webapps/static,STOPPED}
2020-11-30 19:45:45,851 [Listener at 127.0.0.1/45407] INFO  handler.ContextHandler (ContextHandler.java:doStop(1154)) - Stopped o.e.j.s.ServletContextHandler@2b1340a5{logs,/logs,file:///github/workspace/mnt/ozone/hadoop-ozone/integration-test/target/log,STOPPED}
2020-11-30 19:45:45,853 [ForkJoinPool.commonPool-worker-0] INFO  handler.ContextHandler (ContextHandler.java:doStop(1154)) - Stopped o.e.j.w.WebAppContext@7667f0ac{hddsDatanode,/,null,STOPPED}{jar:file:/home/user/.m2/repository/org/apache/hadoop/hadoop-hdds-container-service/1.1.0-SNAPSHOT/hadoop-hdds-container-service-1.1.0-SNAPSHOT.jar!/webapps/hddsDatanode}
2020-11-30 19:45:45,854 [ForkJoinPool.commonPool-worker-0] INFO  server.AbstractConnector (AbstractConnector.java:doStop(381)) - Stopped ServerConnector@28aafbc5{HTTP/1.1, (http/1.1)}{0.0.0.0:0}
2020-11-30 19:45:45,854 [ForkJoinPool.commonPool-worker-0] INFO  server.session (HouseKeeper.java:stopScavenging(149)) - node0 Stopped scavenging
2020-11-30 19:45:45,855 [ForkJoinPool.commonPool-worker-0] INFO  handler.ContextHandler (ContextHandler.java:doStop(1154)) - Stopped o.e.j.s.ServletContextHandler@343a88a7{static,/static,jar:file:/home/user/.m2/repository/org/apache/hadoop/hadoop-hdds-container-service/1.1.0-SNAPSHOT/hadoop-hdds-container-service-1.1.0-SNAPSHOT.jar!/webapps/static,STOPPED}
2020-11-30 19:45:45,856 [ForkJoinPool.commonPool-worker-0] INFO  handler.ContextHandler (ContextHandler.java:doStop(1154)) - Stopped o.e.j.s.ServletContextHandler@4241fa96{logs,/logs,file:///github/workspace/mnt/ozone/hadoop-ozone/integration-test/target/log,STOPPED}
2020-11-30 19:45:45,996 [grpc-default-executor-2] WARN  server.GrpcLogAppender (LogUtils.java:warn(122)) - 62b863f3-593a-4903-871b-b217a8ac38c6@group-F5BD7DFE9F34->8c573d92-c9cf-477f-8aa0-4f15145726d2-AppendLogResponseHandler: Failed appendEntries: org.apache.ratis.thirdparty.io.grpc.StatusRuntimeException: UNAVAILABLE: io exception
2020-11-30 19:45:45,997 [grpc-default-executor-2] WARN  server.GrpcLogAppender (GrpcLogAppender.java:resetClient(107)) - 62b863f3-593a-4903-871b-b217a8ac38c6@group-F5BD7DFE9F34->8c573d92-c9cf-477f-8aa0-4f15145726d2-GrpcLogAppender: Leader has not got in touch with Follower 62b863f3-593a-4903-871b-b217a8ac38c6@group-F5BD7DFE9F34->8c573d92-c9cf-477f-8aa0-4f15145726d2(c0,m0,n1, attendVote=true, lastRpcSendTime=1, lastRpcResponseTime=2502) yet, just keep nextIndex unchanged and retry.
2020-11-30 19:45:46,227 [Datanode State Machine Thread - 0] INFO  statemachine.DatanodeStateMachine (DatanodeStateMachine.java:lambda$startDaemon$0(406)) - Ozone container server started.
2020-11-30 19:45:46,437 [Datanode State Machine Thread - 0] INFO  statemachine.DatanodeStateMachine (DatanodeStateMachine.java:lambda$startDaemon$0(406)) - Ozone container server started.
2020-11-30 19:45:47,923 [grpc-default-executor-1] WARN  server.GrpcLogAppender (LogUtils.java:warn(122)) - 70b5b581-c134-4e70-98be-52f4a1178c95@group-7E097F4FA569->380c32ea-dc91-48bb-a59a-011c9a6c6a90-AppendLogResponseHandler: Failed appendEntries: org.apache.ratis.thirdparty.io.grpc.StatusRuntimeException: UNAVAILABLE: io exception
2020-11-30 19:45:47,924 [grpc-default-executor-1] WARN  server.GrpcLogAppender (GrpcLogAppender.java:resetClient(107)) - 70b5b581-c134-4e70-98be-52f4a1178c95@group-7E097F4FA569->380c32ea-dc91-48bb-a59a-011c9a6c6a90-GrpcLogAppender: Leader has not got in touch with Follower 70b5b581-c134-4e70-98be-52f4a1178c95@group-7E097F4FA569->380c32ea-dc91-48bb-a59a-011c9a6c6a90(c0,m0,n1, attendVote=true, lastRpcSendTime=1, lastRpcResponseTime=2502) yet, just keep nextIndex unchanged and retry.
2020-11-30 19:45:48,496 [grpc-default-executor-1] WARN  server.GrpcLogAppender (LogUtils.java:warn(122)) - 62b863f3-593a-4903-871b-b217a8ac38c6@group-F5BD7DFE9F34->8c573d92-c9cf-477f-8aa0-4f15145726d2-AppendLogResponseHandler: Failed appendEntries: org.apache.ratis.thirdparty.io.grpc.StatusRuntimeException: UNAVAILABLE: io exception
2020-11-30 19:45:48,498 [grpc-default-executor-1] WARN  server.GrpcLogAppender (GrpcLogAppender.java:resetClient(107)) - 62b863f3-593a-4903-871b-b217a8ac38c6@group-F5BD7DFE9F34->8c573d92-c9cf-477f-8aa0-4f15145726d2-GrpcLogAppender: Leader has not got in touch with Follower 62b863f3-593a-4903-871b-b217a8ac38c6@group-F5BD7DFE9F34->8c573d92-c9cf-477f-8aa0-4f15145726d2(c0,m0,n1, attendVote=true, lastRpcSendTime=1, lastRpcResponseTime=5003) yet, just keep nextIndex unchanged and retry.
2020-11-30 19:45:50,424 [grpc-default-executor-1] WARN  server.GrpcLogAppender (LogUtils.java:warn(122)) - 70b5b581-c134-4e70-98be-52f4a1178c95@group-7E097F4FA569->380c32ea-dc91-48bb-a59a-011c9a6c6a90-AppendLogResponseHandler: Failed appendEntries: org.apache.ratis.thirdparty.io.grpc.StatusRuntimeException: UNAVAILABLE: io exception
2020-11-30 19:45:50,425 [grpc-default-executor-1] WARN  server.GrpcLogAppender (GrpcLogAppender.java:resetClient(107)) - 70b5b581-c134-4e70-98be-52f4a1178c95@group-7E097F4FA569->380c32ea-dc91-48bb-a59a-011c9a6c6a90-GrpcLogAppender: Leader has not got in touch with Follower 70b5b581-c134-4e70-98be-52f4a1178c95@group-7E097F4FA569->380c32ea-dc91-48bb-a59a-011c9a6c6a90(c0,m0,n1, attendVote=true, lastRpcSendTime=0, lastRpcResponseTime=5003) yet, just keep nextIndex unchanged and retry.
2020-11-30 19:45:50,852 [Listener at 127.0.0.1/45407] INFO  ozoneimpl.OzoneContainer (OzoneContainer.java:stop(257)) - Attempting to stop container services.
2020-11-30 19:45:50,852 [Listener at 127.0.0.1/45407] INFO  impl.RaftServerProxy (RaftServerProxy.java:lambda$close$4(338)) - ade932d9-a820-4647-aac5-71d70ca86541: close
2020-11-30 19:45:50,853 [Listener at 127.0.0.1/45407] INFO  impl.RaftServerImpl (RaftServerImpl.java:lambda$shutdown$3(328)) - ade932d9-a820-4647-aac5-71d70ca86541@group-D1D05E516EF9: shutdown
2020-11-30 19:45:50,853 [Listener at 127.0.0.1/45407] INFO  util.JmxRegister (JmxRegister.java:unregister(73)) - Successfully un-registered JMX Bean with object name Ratis:service=RaftServer,group=group-D1D05E516EF9,id=ade932d9-a820-4647-aac5-71d70ca86541
2020-11-30 19:45:50,853 [Listener at 127.0.0.1/45407] INFO  impl.RoleInfo (RoleInfo.java:shutdownLeaderState(104)) - ade932d9-a820-4647-aac5-71d70ca86541: shutdown ade932d9-a820-4647-aac5-71d70ca86541@group-D1D05E516EF9-LeaderState
2020-11-30 19:45:50,853 [Listener at 127.0.0.1/45407] INFO  impl.PendingRequests (PendingRequests.java:sendNotLeaderResponses(250)) - ade932d9-a820-4647-aac5-71d70ca86541@group-D1D05E516EF9-PendingRequests: sendNotLeaderResponses
2020-11-30 19:45:50,853 [Listener at 127.0.0.1/45407] INFO  metrics.RatisMetrics (RatisMetrics.java:unregister(43)) - Unregistering Metrics Registry : ratis.log_appender.ade932d9-a820-4647-aac5-71d70ca86541@group-D1D05E516EF9
2020-11-30 19:45:50,854 [Listener at 127.0.0.1/45407] INFO  metrics.RatisMetrics (RatisMetrics.java:unregister(43)) - Unregistering Metrics Registry : ratis.server.ade932d9-a820-4647-aac5-71d70ca86541@group-D1D05E516EF9
2020-11-30 19:45:50,855 [ade932d9-a820-4647-aac5-71d70ca86541@group-D1D05E516EF9-StateMachineUpdater] INFO  ratis.ContainerStateMachine (ContainerStateMachine.java:takeSnapshot(293)) - group-D1D05E516EF9: Taking a snapshot at:(t:1, i:0) file /github/workspace/mnt/ozone/hadoop-ozone/integration-test/target/test-dir/MiniOzoneClusterImpl-e29a2f86-0e02-4c39-a42b-ca59556809f6/datanode-3/data/ratis/3234c648-5abd-48ee-b8f2-d1d05e516ef9/sm/snapshot.1_0
2020-11-30 19:45:50,855 [Listener at 127.0.0.1/45407] INFO  impl.StateMachineUpdater (StateMachineUpdater.java:stopAndJoin(147)) - ade932d9-a820-4647-aac5-71d70ca86541@group-D1D05E516EF9-StateMachineUpdater: set stopIndex = 0
2020-11-30 19:45:50,855 [ade932d9-a820-4647-aac5-71d70ca86541@group-D1D05E516EF9-StateMachineUpdater] INFO  ratis.ContainerStateMachine (ContainerStateMachine.java:takeSnapshot(304)) - group-D1D05E516EF9: Finished taking a snapshot at:(t:1, i:0) file:/github/workspace/mnt/ozone/hadoop-ozone/integration-test/target/test-dir/MiniOzoneClusterImpl-e29a2f86-0e02-4c39-a42b-ca59556809f6/datanode-3/data/ratis/3234c648-5abd-48ee-b8f2-d1d05e516ef9/sm/snapshot.1_0 time:1
2020-11-30 19:45:50,856 [ade932d9-a820-4647-aac5-71d70ca86541@group-D1D05E516EF9-StateMachineUpdater] INFO  impl.StateMachineUpdater (StateMachineUpdater.java:takeSnapshot(278)) - ade932d9-a820-4647-aac5-71d70ca86541@group-D1D05E516EF9-StateMachineUpdater: Took a snapshot at index 0
2020-11-30 19:45:50,856 [ade932d9-a820-4647-aac5-71d70ca86541@group-D1D05E516EF9-StateMachineUpdater] INFO  impl.StateMachineUpdater (StateMachineUpdater.java:lambda$new$0(87)) - ade932d9-a820-4647-aac5-71d70ca86541@group-D1D05E516EF9-StateMachineUpdater: snapshotIndex: updateIncreasingly -1 -> 0
2020-11-30 19:45:50,856 [ade932d9-a820-4647-aac5-71d70ca86541@group-D1D05E516EF9-StateMachineUpdater] INFO  metrics.RatisMetrics (RatisMetrics.java:unregister(43)) - Unregistering Metrics Registry : ratis.state_machine.ade932d9-a820-4647-aac5-71d70ca86541@group-D1D05E516EF9
2020-11-30 19:45:50,857 [Listener at 127.0.0.1/45407] INFO  impl.RaftServerImpl (ServerState.java:close(406)) - ade932d9-a820-4647-aac5-71d70ca86541@group-D1D05E516EF9: closes. applyIndex: 0
2020-11-30 19:45:50,857 [ForkJoinPool.commonPool-worker-0] INFO  ozoneimpl.OzoneContainer (OzoneContainer.java:stop(257)) - Attempting to stop container services.
2020-11-30 19:45:50,857 [ade932d9-a820-4647-aac5-71d70ca86541@group-D1D05E516EF9-SegmentedRaftLogWorker] INFO  segmented.SegmentedRaftLogWorker (SegmentedRaftLogWorker.java:run(329)) - ade932d9-a820-4647-aac5-71d70ca86541@group-D1D05E516EF9-SegmentedRaftLogWorker was interrupted, exiting. There are 0 tasks remaining in the queue.
2020-11-30 19:45:50,858 [ForkJoinPool.commonPool-worker-0] INFO  impl.RaftServerProxy (RaftServerProxy.java:lambda$close$4(338)) - afad6a44-2cb7-4cc9-9b68-87659c1db71e: close
2020-11-30 19:45:50,858 [Listener at 127.0.0.1/45407] INFO  segmented.SegmentedRaftLogWorker (SegmentedRaftLogWorker.java:close(235)) - ade932d9-a820-4647-aac5-71d70ca86541@group-D1D05E516EF9-SegmentedRaftLogWorker close()
2020-11-30 19:45:50,858 [ForkJoinPool.commonPool-worker-0] INFO  impl.RaftServerImpl (RaftServerImpl.java:lambda$shutdown$3(328)) - afad6a44-2cb7-4cc9-9b68-87659c1db71e@group-7E097F4FA569: shutdown
2020-11-30 19:45:50,859 [ForkJoinPool.commonPool-worker-0] INFO  util.JmxRegister (JmxRegister.java:unregister(73)) - Successfully un-registered JMX Bean with object name Ratis:service=RaftServer,group=group-7E097F4FA569,id=afad6a44-2cb7-4cc9-9b68-87659c1db71e
2020-11-30 19:45:50,859 [ForkJoinPool.commonPool-worker-0] INFO  impl.RoleInfo (RoleInfo.java:shutdownFollowerState(121)) - afad6a44-2cb7-4cc9-9b68-87659c1db71e: shutdown afad6a44-2cb7-4cc9-9b68-87659c1db71e@group-7E097F4FA569-FollowerState
2020-11-30 19:45:50,859 [ForkJoinPool.commonPool-worker-0] INFO  impl.StateMachineUpdater (StateMachineUpdater.java:stopAndJoin(147)) - afad6a44-2cb7-4cc9-9b68-87659c1db71e@group-7E097F4FA569-StateMachineUpdater: set stopIndex = 0
2020-11-30 19:45:50,859 [Listener at 127.0.0.1/45407] INFO  metrics.RatisMetrics (RatisMetrics.java:unregister(43)) - Unregistering Metrics Registry : ratis.log_worker.ade932d9-a820-4647-aac5-71d70ca86541@group-D1D05E516EF9
2020-11-30 19:45:50,860 [Listener at 127.0.0.1/45407] INFO  metrics.RatisMetrics (RatisMetrics.java:unregister(43)) - Unregistering Metrics Registry : ratis.leader_election.ade932d9-a820-4647-aac5-71d70ca86541@group-D1D05E516EF9
2020-11-30 19:45:50,859 [Thread-662] INFO  impl.FollowerState (FollowerState.java:run(137)) - afad6a44-2cb7-4cc9-9b68-87659c1db71e@group-7E097F4FA569-FollowerState was interrupted: {}
java.lang.InterruptedException: sleep interrupted
	at java.lang.Thread.sleep(Native Method)
	at org.apache.ratis.util.JavaUtils.sleep(JavaUtils.java:250)
	at org.apache.ratis.server.impl.FollowerState.run(FollowerState.java:116)
2020-11-30 19:45:50,860 [Listener at 127.0.0.1/45407] INFO  metrics.RatisMetrics (RatisMetrics.java:unregister(43)) - Unregistering Metrics Registry : ratis.server.ade932d9-a820-4647-aac5-71d70ca86541@group-D1D05E516EF9
2020-11-30 19:45:50,860 [afad6a44-2cb7-4cc9-9b68-87659c1db71e@group-7E097F4FA569-StateMachineUpdater] INFO  ratis.ContainerStateMachine (ContainerStateMachine.java:takeSnapshot(293)) - group-7E097F4FA569: Taking a snapshot at:(t:1, i:0) file /github/workspace/mnt/ozone/hadoop-ozone/integration-test/target/test-dir/MiniOzoneClusterImpl-e29a2f86-0e02-4c39-a42b-ca59556809f6/datanode-2/data/ratis/7b206454-490d-4d50-a3c2-7e097f4fa569/sm/snapshot.1_0
2020-11-30 19:45:50,861 [Listener at 127.0.0.1/45407] INFO  impl.RaftServerImpl (RaftServerImpl.java:lambda$shutdown$3(328)) - ade932d9-a820-4647-aac5-71d70ca86541@group-F5BD7DFE9F34: shutdown
2020-11-30 19:45:50,861 [Listener at 127.0.0.1/45407] INFO  util.JmxRegister (JmxRegister.java:unregister(73)) - Successfully un-registered JMX Bean with object name Ratis:service=RaftServer,group=group-F5BD7DFE9F34,id=ade932d9-a820-4647-aac5-71d70ca86541
2020-11-30 19:45:50,861 [afad6a44-2cb7-4cc9-9b68-87659c1db71e@group-7E097F4FA569-StateMachineUpdater] INFO  ratis.ContainerStateMachine (ContainerStateMachine.java:takeSnapshot(304)) - group-7E097F4FA569: Finished taking a snapshot at:(t:1, i:0) file:/github/workspace/mnt/ozone/hadoop-ozone/integration-test/target/test-dir/MiniOzoneClusterImpl-e29a2f86-0e02-4c39-a42b-ca59556809f6/datanode-2/data/ratis/7b206454-490d-4d50-a3c2-7e097f4fa569/sm/snapshot.1_0 time:2
2020-11-30 19:45:50,862 [afad6a44-2cb7-4cc9-9b68-87659c1db71e@group-7E097F4FA569-StateMachineUpdater] INFO  impl.StateMachineUpdater (StateMachineUpdater.java:takeSnapshot(278)) - afad6a44-2cb7-4cc9-9b68-87659c1db71e@group-7E097F4FA569-StateMachineUpdater: Took a snapshot at index 0
2020-11-30 19:45:50,862 [afad6a44-2cb7-4cc9-9b68-87659c1db71e@group-7E097F4FA569-StateMachineUpdater] INFO  impl.StateMachineUpdater (StateMachineUpdater.java:lambda$new$0(87)) - afad6a44-2cb7-4cc9-9b68-87659c1db71e@group-7E097F4FA569-StateMachineUpdater: snapshotIndex: updateIncreasingly -1 -> 0
2020-11-30 19:45:50,862 [afad6a44-2cb7-4cc9-9b68-87659c1db71e@group-7E097F4FA569-StateMachineUpdater] INFO  metrics.RatisMetrics (RatisMetrics.java:unregister(43)) - Unregistering Metrics Registry : ratis.state_machine.afad6a44-2cb7-4cc9-9b68-87659c1db71e@group-7E097F4FA569
2020-11-30 19:45:50,862 [ForkJoinPool.commonPool-worker-0] INFO  impl.RaftServerImpl (ServerState.java:close(406)) - afad6a44-2cb7-4cc9-9b68-87659c1db71e@group-7E097F4FA569: closes. applyIndex: 0
2020-11-30 19:45:50,862 [afad6a44-2cb7-4cc9-9b68-87659c1db71e@group-7E097F4FA569-SegmentedRaftLogWorker] INFO  segmented.SegmentedRaftLogWorker (SegmentedRaftLogWorker.java:run(329)) - afad6a44-2cb7-4cc9-9b68-87659c1db71e@group-7E097F4FA569-SegmentedRaftLogWorker was interrupted, exiting. There are 0 tasks remaining in the queue.
2020-11-30 19:45:50,865 [Listener at 127.0.0.1/45407] INFO  impl.RoleInfo (RoleInfo.java:shutdownFollowerState(121)) - ade932d9-a820-4647-aac5-71d70ca86541: shutdown ade932d9-a820-4647-aac5-71d70ca86541@group-F5BD7DFE9F34-FollowerState
2020-11-30 19:45:50,865 [ForkJoinPool.commonPool-worker-0] INFO  segmented.SegmentedRaftLogWorker (SegmentedRaftLogWorker.java:close(235)) - afad6a44-2cb7-4cc9-9b68-87659c1db71e@group-7E097F4FA569-SegmentedRaftLogWorker close()
2020-11-30 19:45:50,865 [Thread-694] INFO  impl.FollowerState (FollowerState.java:run(137)) - ade932d9-a820-4647-aac5-71d70ca86541@group-F5BD7DFE9F34-FollowerState was interrupted: {}
java.lang.InterruptedException: sleep interrupted
	at java.lang.Thread.sleep(Native Method)
	at org.apache.ratis.util.JavaUtils.sleep(JavaUtils.java:250)
	at org.apache.ratis.server.impl.FollowerState.run(FollowerState.java:116)
2020-11-30 19:45:50,865 [ade932d9-a820-4647-aac5-71d70ca86541@group-F5BD7DFE9F34-StateMachineUpdater] INFO  ratis.ContainerStateMachine (ContainerStateMachine.java:takeSnapshot(293)) - group-F5BD7DFE9F34: Taking a snapshot at:(t:1, i:0) file /github/workspace/mnt/ozone/hadoop-ozone/integration-test/target/test-dir/MiniOzoneClusterImpl-e29a2f86-0e02-4c39-a42b-ca59556809f6/datanode-3/data/ratis/13782f0c-139c-45d5-a327-f5bd7dfe9f34/sm/snapshot.1_0
2020-11-30 19:45:50,866 [Listener at 127.0.0.1/45407] INFO  impl.StateMachineUpdater (StateMachineUpdater.java:stopAndJoin(147)) - ade932d9-a820-4647-aac5-71d70ca86541@group-F5BD7DFE9F34-StateMachineUpdater: set stopIndex = 0
2020-11-30 19:45:50,868 [ade932d9-a820-4647-aac5-71d70ca86541@group-F5BD7DFE9F34-StateMachineUpdater] INFO  ratis.ContainerStateMachine (ContainerStateMachine.java:takeSnapshot(304)) - group-F5BD7DFE9F34: Finished taking a snapshot at:(t:1, i:0) file:/github/workspace/mnt/ozone/hadoop-ozone/integration-test/target/test-dir/MiniOzoneClusterImpl-e29a2f86-0e02-4c39-a42b-ca59556809f6/datanode-3/data/ratis/13782f0c-139c-45d5-a327-f5bd7dfe9f34/sm/snapshot.1_0 time:2
2020-11-30 19:45:50,868 [ade932d9-a820-4647-aac5-71d70ca86541@group-F5BD7DFE9F34-StateMachineUpdater] INFO  impl.StateMachineUpdater (StateMachineUpdater.java:takeSnapshot(278)) - ade932d9-a820-4647-aac5-71d70ca86541@group-F5BD7DFE9F34-StateMachineUpdater: Took a snapshot at index 0
2020-11-30 19:45:50,868 [ade932d9-a820-4647-aac5-71d70ca86541@group-F5BD7DFE9F34-StateMachineUpdater] INFO  impl.StateMachineUpdater (StateMachineUpdater.java:lambda$new$0(87)) - ade932d9-a820-4647-aac5-71d70ca86541@group-F5BD7DFE9F34-StateMachineUpdater: snapshotIndex: updateIncreasingly -1 -> 0
2020-11-30 19:45:50,868 [ForkJoinPool.commonPool-worker-0] INFO  metrics.RatisMetrics (RatisMetrics.java:unregister(43)) - Unregistering Metrics Registry : ratis.log_worker.afad6a44-2cb7-4cc9-9b68-87659c1db71e@group-7E097F4FA569
2020-11-30 19:45:50,869 [ForkJoinPool.commonPool-worker-0] INFO  metrics.RatisMetrics (RatisMetrics.java:unregister(43)) - Unregistering Metrics Registry : ratis.leader_election.afad6a44-2cb7-4cc9-9b68-87659c1db71e@group-7E097F4FA569
2020-11-30 19:45:50,869 [ForkJoinPool.commonPool-worker-0] INFO  metrics.RatisMetrics (RatisMetrics.java:unregister(43)) - Unregistering Metrics Registry : ratis.server.afad6a44-2cb7-4cc9-9b68-87659c1db71e@group-7E097F4FA569
2020-11-30 19:45:50,869 [ForkJoinPool.commonPool-worker-0] INFO  impl.RaftServerImpl (RaftServerImpl.java:lambda$shutdown$3(328)) - afad6a44-2cb7-4cc9-9b68-87659c1db71e@group-94A0457BFEE0: shutdown
2020-11-30 19:45:50,869 [ForkJoinPool.commonPool-worker-0] INFO  util.JmxRegister (JmxRegister.java:unregister(73)) - Successfully un-registered JMX Bean with object name Ratis:service=RaftServer,group=group-94A0457BFEE0,id=afad6a44-2cb7-4cc9-9b68-87659c1db71e
2020-11-30 19:45:50,870 [ForkJoinPool.commonPool-worker-0] INFO  impl.RoleInfo (RoleInfo.java:shutdownLeaderState(104)) - afad6a44-2cb7-4cc9-9b68-87659c1db71e: shutdown afad6a44-2cb7-4cc9-9b68-87659c1db71e@group-94A0457BFEE0-LeaderState
2020-11-30 19:45:50,870 [ForkJoinPool.commonPool-worker-0] INFO  impl.PendingRequests (PendingRequests.java:sendNotLeaderResponses(250)) - afad6a44-2cb7-4cc9-9b68-87659c1db71e@group-94A0457BFEE0-PendingRequests: sendNotLeaderResponses
2020-11-30 19:45:50,869 [ade932d9-a820-4647-aac5-71d70ca86541@group-F5BD7DFE9F34-StateMachineUpdater] INFO  metrics.RatisMetrics (RatisMetrics.java:unregister(43)) - Unregistering Metrics Registry : ratis.state_machine.ade932d9-a820-4647-aac5-71d70ca86541@group-F5BD7DFE9F34
2020-11-30 19:45:50,871 [Listener at 127.0.0.1/45407] INFO  impl.RaftServerImpl (ServerState.java:close(406)) - ade932d9-a820-4647-aac5-71d70ca86541@group-F5BD7DFE9F34: closes. applyIndex: 0
2020-11-30 19:45:50,875 [ade932d9-a820-4647-aac5-71d70ca86541@group-F5BD7DFE9F34-SegmentedRaftLogWorker] INFO  segmented.SegmentedRaftLogWorker (SegmentedRaftLogWorker.java:run(329)) - ade932d9-a820-4647-aac5-71d70ca86541@group-F5BD7DFE9F34-SegmentedRaftLogWorker was interrupted, exiting. There are 0 tasks remaining in the queue.
2020-11-30 19:45:50,872 [ForkJoinPool.commonPool-worker-0] INFO  metrics.RatisMetrics (RatisMetrics.java:unregister(43)) - Unregistering Metrics Registry : ratis.log_appender.afad6a44-2cb7-4cc9-9b68-87659c1db71e@group-94A0457BFEE0
2020-11-30 19:45:50,875 [ForkJoinPool.commonPool-worker-0] INFO  metrics.RatisMetrics (RatisMetrics.java:unregister(43)) - Unregistering Metrics Registry : ratis.server.afad6a44-2cb7-4cc9-9b68-87659c1db71e@group-94A0457BFEE0
2020-11-30 19:45:50,876 [ForkJoinPool.commonPool-worker-0] INFO  impl.StateMachineUpdater (StateMachineUpdater.java:stopAndJoin(147)) - afad6a44-2cb7-4cc9-9b68-87659c1db71e@group-94A0457BFEE0-StateMachineUpdater: set stopIndex = 4
2020-11-30 19:45:50,876 [afad6a44-2cb7-4cc9-9b68-87659c1db71e@group-94A0457BFEE0-StateMachineUpdater] INFO  ratis.ContainerStateMachine (ContainerStateMachine.java:takeSnapshot(293)) - group-94A0457BFEE0: Taking a snapshot at:(t:1, i:4) file /github/workspace/mnt/ozone/hadoop-ozone/integration-test/target/test-dir/MiniOzoneClusterImpl-e29a2f86-0e02-4c39-a42b-ca59556809f6/datanode-2/data/ratis/0af8f810-e01b-4539-9b9b-94a0457bfee0/sm/snapshot.1_4
2020-11-30 19:45:50,877 [afad6a44-2cb7-4cc9-9b68-87659c1db71e@group-94A0457BFEE0-StateMachineUpdater] INFO  ratis.ContainerStateMachine (ContainerStateMachine.java:takeSnapshot(304)) - group-94A0457BFEE0: Finished taking a snapshot at:(t:1, i:4) file:/github/workspace/mnt/ozone/hadoop-ozone/integration-test/target/test-dir/MiniOzoneClusterImpl-e29a2f86-0e02-4c39-a42b-ca59556809f6/datanode-2/data/ratis/0af8f810-e01b-4539-9b9b-94a0457bfee0/sm/snapshot.1_4 time:1
2020-11-30 19:45:50,877 [Listener at 127.0.0.1/45407] INFO  segmented.SegmentedRaftLogWorker (SegmentedRaftLogWorker.java:close(235)) - ade932d9-a820-4647-aac5-71d70ca86541@group-F5BD7DFE9F34-SegmentedRaftLogWorker close()
2020-11-30 19:45:50,877 [afad6a44-2cb7-4cc9-9b68-87659c1db71e@group-94A0457BFEE0-StateMachineUpdater] INFO  impl.StateMachineUpdater (StateMachineUpdater.java:takeSnapshot(278)) - afad6a44-2cb7-4cc9-9b68-87659c1db71e@group-94A0457BFEE0-StateMachineUpdater: Took a snapshot at index 4
2020-11-30 19:45:50,877 [afad6a44-2cb7-4cc9-9b68-87659c1db71e@group-94A0457BFEE0-StateMachineUpdater] INFO  impl.StateMachineUpdater (StateMachineUpdater.java:lambda$new$0(87)) - afad6a44-2cb7-4cc9-9b68-87659c1db71e@group-94A0457BFEE0-StateMachineUpdater: snapshotIndex: updateIncreasingly -1 -> 4
2020-11-30 19:45:50,877 [Listener at 127.0.0.1/45407] INFO  metrics.RatisMetrics (RatisMetrics.java:unregister(43)) - Unregistering Metrics Registry : ratis.log_worker.ade932d9-a820-4647-aac5-71d70ca86541@group-F5BD7DFE9F34
2020-11-30 19:45:50,878 [afad6a44-2cb7-4cc9-9b68-87659c1db71e@group-94A0457BFEE0-StateMachineUpdater] INFO  metrics.RatisMetrics (RatisMetrics.java:unregister(43)) - Unregistering Metrics Registry : ratis.state_machine.afad6a44-2cb7-4cc9-9b68-87659c1db71e@group-94A0457BFEE0
2020-11-30 19:45:50,878 [Listener at 127.0.0.1/45407] INFO  metrics.RatisMetrics (RatisMetrics.java:unregister(43)) - Unregistering Metrics Registry : ratis.leader_election.ade932d9-a820-4647-aac5-71d70ca86541@group-F5BD7DFE9F34
2020-11-30 19:45:50,878 [Listener at 127.0.0.1/45407] INFO  metrics.RatisMetrics (RatisMetrics.java:unregister(43)) - Unregistering Metrics Registry : ratis.server.ade932d9-a820-4647-aac5-71d70ca86541@group-F5BD7DFE9F34
2020-11-30 19:45:50,878 [ForkJoinPool.commonPool-worker-0] INFO  impl.RaftServerImpl (ServerState.java:close(406)) - afad6a44-2cb7-4cc9-9b68-87659c1db71e@group-94A0457BFEE0: closes. applyIndex: 4
2020-11-30 19:45:50,878 [Listener at 127.0.0.1/45407] INFO  server.GrpcService (GrpcService.java:closeImpl(184)) - ade932d9-a820-4647-aac5-71d70ca86541: shutdown server with port 39053 now
2020-11-30 19:45:50,879 [afad6a44-2cb7-4cc9-9b68-87659c1db71e@group-94A0457BFEE0-SegmentedRaftLogWorker] INFO  segmented.SegmentedRaftLogWorker (SegmentedRaftLogWorker.java:run(329)) - afad6a44-2cb7-4cc9-9b68-87659c1db71e@group-94A0457BFEE0-SegmentedRaftLogWorker was interrupted, exiting. There are 0 tasks remaining in the queue.
2020-11-30 19:45:50,879 [ForkJoinPool.commonPool-worker-0] INFO  segmented.SegmentedRaftLogWorker (SegmentedRaftLogWorker.java:close(235)) - afad6a44-2cb7-4cc9-9b68-87659c1db71e@group-94A0457BFEE0-SegmentedRaftLogWorker close()
2020-11-30 19:45:50,880 [grpc-default-executor-1] WARN  server.GrpcServerProtocolService (LogUtils.java:warn(122)) - ade932d9-a820-4647-aac5-71d70ca86541: installSnapshot onError, lastRequest: 62b863f3-593a-4903-871b-b217a8ac38c6->ade932d9-a820-4647-aac5-71d70ca86541#1-t1, previous=(t:0, i:0), leaderCommit=-1, initializing? false, entries: size=1, first=(t:1, i:0), CONFIGURATIONENTRY: org.apache.ratis.thirdparty.io.grpc.StatusRuntimeException: CANCELLED: cancelled before receiving half close
2020-11-30 19:45:50,880 [Listener at 127.0.0.1/45407] INFO  server.GrpcService (GrpcService.java:closeImpl(193)) - ade932d9-a820-4647-aac5-71d70ca86541: shutdown server with port 39053 successfully
2020-11-30 19:45:50,881 [grpc-default-executor-2] WARN  server.GrpcLogAppender (LogUtils.java:warn(122)) - 62b863f3-593a-4903-871b-b217a8ac38c6@group-F5BD7DFE9F34->ade932d9-a820-4647-aac5-71d70ca86541-AppendLogResponseHandler: Failed appendEntries: org.apache.ratis.thirdparty.io.grpc.StatusRuntimeException: CANCELLED: HTTP/2 error code: CANCEL
Received Rst Stream
2020-11-30 19:45:50,881 [grpc-default-executor-2] WARN  server.GrpcLogAppender (GrpcLogAppender.java:resetClient(107)) - 62b863f3-593a-4903-871b-b217a8ac38c6@group-F5BD7DFE9F34->ade932d9-a820-4647-aac5-71d70ca86541-GrpcLogAppender: Leader has not got in touch with Follower 62b863f3-593a-4903-871b-b217a8ac38c6@group-F5BD7DFE9F34->ade932d9-a820-4647-aac5-71d70ca86541(c0,m0,n1, attendVote=true, lastRpcSendTime=2382, lastRpcResponseTime=2379) yet, just keep nextIndex unchanged and retry.
2020-11-30 19:45:50,881 [ForkJoinPool.commonPool-worker-0] INFO  metrics.RatisMetrics (RatisMetrics.java:unregister(43)) - Unregistering Metrics Registry : ratis.log_worker.afad6a44-2cb7-4cc9-9b68-87659c1db71e@group-94A0457BFEE0
2020-11-30 19:45:50,881 [ForkJoinPool.commonPool-worker-0] INFO  metrics.RatisMetrics (RatisMetrics.java:unregister(43)) - Unregistering Metrics Registry : ratis.leader_election.afad6a44-2cb7-4cc9-9b68-87659c1db71e@group-94A0457BFEE0
2020-11-30 19:45:50,881 [ForkJoinPool.commonPool-worker-0] INFO  metrics.RatisMetrics (RatisMetrics.java:unregister(43)) - Unregistering Metrics Registry : ratis.server.afad6a44-2cb7-4cc9-9b68-87659c1db71e@group-94A0457BFEE0
2020-11-30 19:45:50,881 [ForkJoinPool.commonPool-worker-0] INFO  server.GrpcService (GrpcService.java:closeImpl(184)) - afad6a44-2cb7-4cc9-9b68-87659c1db71e: shutdown server with port 36927 now
2020-11-30 19:45:50,883 [grpc-default-executor-0] WARN  server.GrpcServerProtocolService (LogUtils.java:warn(122)) - afad6a44-2cb7-4cc9-9b68-87659c1db71e: installSnapshot onError, lastRequest: 70b5b581-c134-4e70-98be-52f4a1178c95->afad6a44-2cb7-4cc9-9b68-87659c1db71e#1-t1, previous=(t:0, i:0), leaderCommit=0, initializing? false, entries: size=1, first=(t:1, i:0), CONFIGURATIONENTRY: org.apache.ratis.thirdparty.io.grpc.StatusRuntimeException: CANCELLED: cancelled before receiving half close
2020-11-30 19:45:50,883 [ForkJoinPool.commonPool-worker-0] INFO  server.GrpcService (GrpcService.java:closeImpl(193)) - afad6a44-2cb7-4cc9-9b68-87659c1db71e: shutdown server with port 36927 successfully
2020-11-30 19:45:50,884 [grpc-default-executor-2] WARN  server.GrpcLogAppender (LogUtils.java:warn(122)) - 70b5b581-c134-4e70-98be-52f4a1178c95@group-7E097F4FA569->afad6a44-2cb7-4cc9-9b68-87659c1db71e-AppendLogResponseHandler: Failed appendEntries: org.apache.ratis.thirdparty.io.grpc.StatusRuntimeException: CANCELLED: HTTP/2 error code: CANCEL
Received Rst Stream
2020-11-30 19:45:50,884 [grpc-default-executor-2] WARN  server.GrpcLogAppender (GrpcLogAppender.java:resetClient(107)) - 70b5b581-c134-4e70-98be-52f4a1178c95@group-7E097F4FA569->afad6a44-2cb7-4cc9-9b68-87659c1db71e-GrpcLogAppender: Leader has not got in touch with Follower 70b5b581-c134-4e70-98be-52f4a1178c95@group-7E097F4FA569->afad6a44-2cb7-4cc9-9b68-87659c1db71e(c0,m0,n1, attendVote=true, lastRpcSendTime=457, lastRpcResponseTime=456) yet, just keep nextIndex unchanged and retry.
2020-11-30 19:45:50,885 [Listener at 127.0.0.1/45407] INFO  utils.BackgroundService (BackgroundService.java:shutdown(132)) - Shutting down service BlockDeletingService
2020-11-30 19:45:50,887 [ForkJoinPool.commonPool-worker-0] INFO  utils.BackgroundService (BackgroundService.java:shutdown(132)) - Shutting down service BlockDeletingService
2020-11-30 19:45:50,888 [Listener at 127.0.0.1/45407] INFO  statemachine.DatanodeStateMachine (DatanodeStateMachine.java:stopDaemon(459)) - Ozone container server stopped.
2020-11-30 19:45:50,896 [ForkJoinPool.commonPool-worker-0] INFO  statemachine.DatanodeStateMachine (DatanodeStateMachine.java:stopDaemon(459)) - Ozone container server stopped.
2020-11-30 19:45:50,901 [Listener at 127.0.0.1/45407] INFO  handler.ContextHandler (ContextHandler.java:doStop(1154)) - Stopped o.e.j.w.WebAppContext@5e018f9b{hddsDatanode,/,null,STOPPED}{jar:file:/home/user/.m2/repository/org/apache/hadoop/hadoop-hdds-container-service/1.1.0-SNAPSHOT/hadoop-hdds-container-service-1.1.0-SNAPSHOT.jar!/webapps/hddsDatanode}
2020-11-30 19:45:50,902 [Listener at 127.0.0.1/45407] INFO  server.AbstractConnector (AbstractConnector.java:doStop(381)) - Stopped ServerConnector@143c2e2a{HTTP/1.1, (http/1.1)}{0.0.0.0:0}
2020-11-30 19:45:50,905 [Listener at 127.0.0.1/45407] INFO  server.session (HouseKeeper.java:stopScavenging(149)) - node0 Stopped scavenging
2020-11-30 19:45:50,905 [Listener at 127.0.0.1/45407] INFO  handler.ContextHandler (ContextHandler.java:doStop(1154)) - Stopped o.e.j.s.ServletContextHandler@279cd70e{static,/static,jar:file:/home/user/.m2/repository/org/apache/hadoop/hadoop-hdds-container-service/1.1.0-SNAPSHOT/hadoop-hdds-container-service-1.1.0-SNAPSHOT.jar!/webapps/static,STOPPED}
2020-11-30 19:45:50,905 [Listener at 127.0.0.1/45407] INFO  handler.ContextHandler (ContextHandler.java:doStop(1154)) - Stopped o.e.j.s.ServletContextHandler@bdf8f8f{logs,/logs,file:///github/workspace/mnt/ozone/hadoop-ozone/integration-test/target/log,STOPPED}
2020-11-30 19:45:50,911 [ForkJoinPool.commonPool-worker-0] INFO  handler.ContextHandler (ContextHandler.java:doStop(1154)) - Stopped o.e.j.w.WebAppContext@52685a07{hddsDatanode,/,null,STOPPED}{jar:file:/home/user/.m2/repository/org/apache/hadoop/hadoop-hdds-container-service/1.1.0-SNAPSHOT/hadoop-hdds-container-service-1.1.0-SNAPSHOT.jar!/webapps/hddsDatanode}
2020-11-30 19:45:50,912 [ForkJoinPool.commonPool-worker-0] INFO  server.AbstractConnector (AbstractConnector.java:doStop(381)) - Stopped ServerConnector@2a16d735{HTTP/1.1, (http/1.1)}{0.0.0.0:0}
2020-11-30 19:45:50,912 [ForkJoinPool.commonPool-worker-0] INFO  server.session (HouseKeeper.java:stopScavenging(149)) - node0 Stopped scavenging
2020-11-30 19:45:50,913 [ForkJoinPool.commonPool-worker-0] INFO  handler.ContextHandler (ContextHandler.java:doStop(1154)) - Stopped o.e.j.s.ServletContextHandler@15e815a2{static,/static,jar:file:/home/user/.m2/repository/org/apache/hadoop/hadoop-hdds-container-service/1.1.0-SNAPSHOT/hadoop-hdds-container-service-1.1.0-SNAPSHOT.jar!/webapps/static,STOPPED}
2020-11-30 19:45:50,913 [ForkJoinPool.commonPool-worker-0] INFO  handler.ContextHandler (ContextHandler.java:doStop(1154)) - Stopped o.e.j.s.ServletContextHandler@200ff0ed{logs,/logs,file:///github/workspace/mnt/ozone/hadoop-ozone/integration-test/target/log,STOPPED}
2020-11-30 19:45:50,997 [grpc-default-executor-0] WARN  server.GrpcLogAppender (LogUtils.java:warn(122)) - 62b863f3-593a-4903-871b-b217a8ac38c6@group-F5BD7DFE9F34->8c573d92-c9cf-477f-8aa0-4f15145726d2-AppendLogResponseHandler: Failed appendEntries: org.apache.ratis.thirdparty.io.grpc.StatusRuntimeException: UNAVAILABLE: io exception
2020-11-30 19:45:50,998 [grpc-default-executor-0] WARN  server.GrpcLogAppender (GrpcLogAppender.java:resetClient(107)) - 62b863f3-593a-4903-871b-b217a8ac38c6@group-F5BD7DFE9F34->8c573d92-c9cf-477f-8aa0-4f15145726d2-GrpcLogAppender: Leader has not got in touch with Follower 62b863f3-593a-4903-871b-b217a8ac38c6@group-F5BD7DFE9F34->8c573d92-c9cf-477f-8aa0-4f15145726d2(c0,m0,n1, attendVote=true, lastRpcSendTime=0, lastRpcResponseTime=7504) yet, just keep nextIndex unchanged and retry.
2020-11-30 19:45:51,002 [grpc-default-executor-1] WARN  server.GrpcLogAppender (LogUtils.java:warn(122)) - 62b863f3-593a-4903-871b-b217a8ac38c6@group-F5BD7DFE9F34->ade932d9-a820-4647-aac5-71d70ca86541-AppendLogResponseHandler: Failed appendEntries: org.apache.ratis.thirdparty.io.grpc.StatusRuntimeException: UNAVAILABLE: io exception
2020-11-30 19:45:51,003 [grpc-default-executor-1] WARN  server.GrpcLogAppender (GrpcLogAppender.java:resetClient(107)) - 62b863f3-593a-4903-871b-b217a8ac38c6@group-F5BD7DFE9F34->ade932d9-a820-4647-aac5-71d70ca86541-GrpcLogAppender: Leader has not got in touch with Follower 62b863f3-593a-4903-871b-b217a8ac38c6@group-F5BD7DFE9F34->ade932d9-a820-4647-aac5-71d70ca86541(c0,m0,n1, attendVote=true, lastRpcSendTime=1, lastRpcResponseTime=2501) yet, just keep nextIndex unchanged and retry.
2020-11-30 19:45:51,210 [Datanode State Machine Thread - 0] INFO  statemachine.DatanodeStateMachine (DatanodeStateMachine.java:lambda$startDaemon$0(406)) - Ozone container server started.
2020-11-30 19:45:51,264 [Datanode State Machine Thread - 0] INFO  statemachine.DatanodeStateMachine (DatanodeStateMachine.java:lambda$startDaemon$0(406)) - Ozone container server started.
2020-11-30 19:45:52,925 [grpc-default-executor-1] WARN  server.GrpcLogAppender (LogUtils.java:warn(122)) - 70b5b581-c134-4e70-98be-52f4a1178c95@group-7E097F4FA569->380c32ea-dc91-48bb-a59a-011c9a6c6a90-AppendLogResponseHandler: Failed appendEntries: org.apache.ratis.thirdparty.io.grpc.StatusRuntimeException: UNAVAILABLE: io exception
2020-11-30 19:45:52,925 [grpc-default-executor-1] WARN  server.GrpcLogAppender (GrpcLogAppender.java:resetClient(107)) - 70b5b581-c134-4e70-98be-52f4a1178c95@group-7E097F4FA569->380c32ea-dc91-48bb-a59a-011c9a6c6a90-GrpcLogAppender: Leader has not got in touch with Follower 70b5b581-c134-4e70-98be-52f4a1178c95@group-7E097F4FA569->380c32ea-dc91-48bb-a59a-011c9a6c6a90(c0,m0,n1, attendVote=true, lastRpcSendTime=0, lastRpcResponseTime=7504) yet, just keep nextIndex unchanged and retry.
2020-11-30 19:45:52,929 [grpc-default-executor-0] WARN  server.GrpcLogAppender (LogUtils.java:warn(122)) - 70b5b581-c134-4e70-98be-52f4a1178c95@group-7E097F4FA569->afad6a44-2cb7-4cc9-9b68-87659c1db71e-AppendLogResponseHandler: Failed appendEntries: org.apache.ratis.thirdparty.io.grpc.StatusRuntimeException: UNAVAILABLE: io exception
2020-11-30 19:45:52,930 [grpc-default-executor-0] WARN  server.GrpcLogAppender (GrpcLogAppender.java:resetClient(107)) - 70b5b581-c134-4e70-98be-52f4a1178c95@group-7E097F4FA569->afad6a44-2cb7-4cc9-9b68-87659c1db71e-GrpcLogAppender: Leader has not got in touch with Follower 70b5b581-c134-4e70-98be-52f4a1178c95@group-7E097F4FA569->afad6a44-2cb7-4cc9-9b68-87659c1db71e(c0,m0,n1, attendVote=true, lastRpcSendTime=0, lastRpcResponseTime=2502) yet, just keep nextIndex unchanged and retry.
2020-11-30 19:45:53,498 [grpc-default-executor-0] WARN  server.GrpcLogAppender (LogUtils.java:warn(122)) - 62b863f3-593a-4903-871b-b217a8ac38c6@group-F5BD7DFE9F34->8c573d92-c9cf-477f-8aa0-4f15145726d2-AppendLogResponseHandler: Failed appendEntries: org.apache.ratis.thirdparty.io.grpc.StatusRuntimeException: UNAVAILABLE: io exception
2020-11-30 19:45:53,499 [grpc-default-executor-0] WARN  server.GrpcLogAppender (GrpcLogAppender.java:resetClient(107)) - 62b863f3-593a-4903-871b-b217a8ac38c6@group-F5BD7DFE9F34->8c573d92-c9cf-477f-8aa0-4f15145726d2-GrpcLogAppender: Leader has not got in touch with Follower 62b863f3-593a-4903-871b-b217a8ac38c6@group-F5BD7DFE9F34->8c573d92-c9cf-477f-8aa0-4f15145726d2(c0,m0,n1, attendVote=true, lastRpcSendTime=0, lastRpcResponseTime=10005) yet, just keep nextIndex unchanged and retry.
2020-11-30 19:45:53,503 [grpc-default-executor-0] WARN  server.GrpcLogAppender (LogUtils.java:warn(122)) - 62b863f3-593a-4903-871b-b217a8ac38c6@group-F5BD7DFE9F34->ade932d9-a820-4647-aac5-71d70ca86541-AppendLogResponseHandler: Failed appendEntries: org.apache.ratis.thirdparty.io.grpc.StatusRuntimeException: UNAVAILABLE: io exception
2020-11-30 19:45:53,504 [grpc-default-executor-0] WARN  server.GrpcLogAppender (GrpcLogAppender.java:resetClient(107)) - 62b863f3-593a-4903-871b-b217a8ac38c6@group-F5BD7DFE9F34->ade932d9-a820-4647-aac5-71d70ca86541-GrpcLogAppender: Leader has not got in touch with Follower 62b863f3-593a-4903-871b-b217a8ac38c6@group-F5BD7DFE9F34->ade932d9-a820-4647-aac5-71d70ca86541(c0,m0,n1, attendVote=true, lastRpcSendTime=0, lastRpcResponseTime=5002) yet, just keep nextIndex unchanged and retry.
2020-11-30 19:45:54,463 [Thread-695] WARN  impl.RaftServerImpl (LeaderState.java:checkLeadership(905)) - 62b863f3-593a-4903-871b-b217a8ac38c6@group-F5BD7DFE9F34-LeaderState: Lost leadership on term: 1. Election timeout: 5200ms. In charge for: 26035ms. Conf: 0: [ade932d9-a820-4647-aac5-71d70ca86541|rpc:172.17.0.2:39053|dataStream:, 8c573d92-c9cf-477f-8aa0-4f15145726d2|rpc:172.17.0.2:43725|dataStream:, 62b863f3-593a-4903-871b-b217a8ac38c6|rpc:172.17.0.2:43681|dataStream:], old=null
2020-11-30 19:45:54,464 [Thread-695] WARN  impl.RaftServerImpl (LeaderState.java:lambda$checkLeadership$20(909)) - Follower 62b863f3-593a-4903-871b-b217a8ac38c6@group-F5BD7DFE9F34->ade932d9-a820-4647-aac5-71d70ca86541(c0,m0,n1, attendVote=true, lastRpcSendTime=960, lastRpcResponseTime=5962)
2020-11-30 19:45:54,464 [Thread-695] WARN  impl.RaftServerImpl (LeaderState.java:lambda$checkLeadership$20(909)) - Follower 62b863f3-593a-4903-871b-b217a8ac38c6@group-F5BD7DFE9F34->8c573d92-c9cf-477f-8aa0-4f15145726d2(c0,m0,n1, attendVote=true, lastRpcSendTime=965, lastRpcResponseTime=10969)
2020-11-30 19:45:54,464 [Thread-695] INFO  impl.RaftServerImpl (RaftServerImpl.java:setRole(204)) - 62b863f3-593a-4903-871b-b217a8ac38c6@group-F5BD7DFE9F34: changes role from    LEADER to FOLLOWER at term 1 for StepDownReason:LOST_MAJORITY_HEARTBEATS
2020-11-30 19:45:54,464 [Thread-695] INFO  impl.RoleInfo (RoleInfo.java:shutdownLeaderState(104)) - 62b863f3-593a-4903-871b-b217a8ac38c6: shutdown 62b863f3-593a-4903-871b-b217a8ac38c6@group-F5BD7DFE9F34-LeaderState
2020-11-30 19:45:54,464 [Thread-695] INFO  metrics.RatisMetrics (RatisMetrics.java:unregister(43)) - Unregistering Metrics Registry : ratis_grpc.log_appender.62b863f3-593a-4903-871b-b217a8ac38c6@group-F5BD7DFE9F34
2020-11-30 19:45:54,464 [Thread-695] INFO  metrics.RatisMetrics (RatisMetrics.java:unregister(43)) - Unregistering Metrics Registry : ratis_grpc.log_appender.62b863f3-593a-4903-871b-b217a8ac38c6@group-F5BD7DFE9F34
2020-11-30 19:45:54,464 [Thread-695] INFO  impl.PendingRequests (PendingRequests.java:sendNotLeaderResponses(250)) - 62b863f3-593a-4903-871b-b217a8ac38c6@group-F5BD7DFE9F34-PendingRequests: sendNotLeaderResponses
2020-11-30 19:45:54,464 [org.apache.ratis.server.impl.LogAppender$AppenderDaemon$$Lambda$450/722489705@7f0616cf] WARN  server.GrpcLogAppender (GrpcLogAppender.java:mayWait(168)) - 62b863f3-593a-4903-871b-b217a8ac38c6@group-F5BD7DFE9F34->ade932d9-a820-4647-aac5-71d70ca86541-GrpcLogAppender: Wait interrupted by java.lang.InterruptedException
2020-11-30 19:45:54,464 [Thread-695] INFO  metrics.RatisMetrics (RatisMetrics.java:unregister(43)) - Unregistering Metrics Registry : ratis.log_appender.62b863f3-593a-4903-871b-b217a8ac38c6@group-F5BD7DFE9F34
2020-11-30 19:45:54,464 [Thread-695] INFO  metrics.RatisMetrics (RatisMetrics.java:unregister(43)) - Unregistering Metrics Registry : ratis.server.62b863f3-593a-4903-871b-b217a8ac38c6@group-F5BD7DFE9F34
2020-11-30 19:45:54,464 [org.apache.ratis.server.impl.LogAppender$AppenderDaemon$$Lambda$450/722489705@641c44f3] WARN  server.GrpcLogAppender (GrpcLogAppender.java:mayWait(168)) - 62b863f3-593a-4903-871b-b217a8ac38c6@group-F5BD7DFE9F34->8c573d92-c9cf-477f-8aa0-4f15145726d2-GrpcLogAppender: Wait interrupted by java.lang.InterruptedException
2020-11-30 19:45:54,465 [Thread-695] INFO  impl.RoleInfo (RoleInfo.java:updateAndGet(143)) - 62b863f3-593a-4903-871b-b217a8ac38c6: start 62b863f3-593a-4903-871b-b217a8ac38c6@group-F5BD7DFE9F34-FollowerState
2020-11-30 19:45:55,425 [grpc-default-executor-0] WARN  server.GrpcLogAppender (LogUtils.java:warn(122)) - 70b5b581-c134-4e70-98be-52f4a1178c95@group-7E097F4FA569->380c32ea-dc91-48bb-a59a-011c9a6c6a90-AppendLogResponseHandler: Failed appendEntries: org.apache.ratis.thirdparty.io.grpc.StatusRuntimeException: UNAVAILABLE: io exception
2020-11-30 19:45:55,426 [grpc-default-executor-0] WARN  server.GrpcLogAppender (GrpcLogAppender.java:resetClient(107)) - 70b5b581-c134-4e70-98be-52f4a1178c95@group-7E097F4FA569->380c32ea-dc91-48bb-a59a-011c9a6c6a90-GrpcLogAppender: Leader has not got in touch with Follower 70b5b581-c134-4e70-98be-52f4a1178c95@group-7E097F4FA569->380c32ea-dc91-48bb-a59a-011c9a6c6a90(c0,m0,n1, attendVote=true, lastRpcSendTime=0, lastRpcResponseTime=10004) yet, just keep nextIndex unchanged and retry.
2020-11-30 19:45:55,430 [grpc-default-executor-0] WARN  server.GrpcLogAppender (LogUtils.java:warn(122)) - 70b5b581-c134-4e70-98be-52f4a1178c95@group-7E097F4FA569->afad6a44-2cb7-4cc9-9b68-87659c1db71e-AppendLogResponseHandler: Failed appendEntries: org.apache.ratis.thirdparty.io.grpc.StatusRuntimeException: UNAVAILABLE: io exception
2020-11-30 19:45:55,430 [grpc-default-executor-0] WARN  server.GrpcLogAppender (GrpcLogAppender.java:resetClient(107)) - 70b5b581-c134-4e70-98be-52f4a1178c95@group-7E097F4FA569->afad6a44-2cb7-4cc9-9b68-87659c1db71e-GrpcLogAppender: Leader has not got in touch with Follower 70b5b581-c134-4e70-98be-52f4a1178c95@group-7E097F4FA569->afad6a44-2cb7-4cc9-9b68-87659c1db71e(c0,m0,n1, attendVote=true, lastRpcSendTime=0, lastRpcResponseTime=5002) yet, just keep nextIndex unchanged and retry.
2020-11-30 19:45:55,907 [Listener at 127.0.0.1/45407] INFO  ozoneimpl.OzoneContainer (OzoneContainer.java:stop(257)) - Attempting to stop container services.
2020-11-30 19:45:55,907 [Listener at 127.0.0.1/45407] INFO  impl.RaftServerProxy (RaftServerProxy.java:lambda$close$4(338)) - d6eb1359-ee67-46ea-89b2-cd50275971cc: close
2020-11-30 19:45:55,907 [Listener at 127.0.0.1/45407] INFO  impl.RaftServerImpl (RaftServerImpl.java:lambda$shutdown$3(328)) - d6eb1359-ee67-46ea-89b2-cd50275971cc@group-1487C1E82ED0: shutdown
2020-11-30 19:45:55,907 [Listener at 127.0.0.1/45407] INFO  util.JmxRegister (JmxRegister.java:unregister(73)) - Successfully un-registered JMX Bean with object name Ratis:service=RaftServer,group=group-1487C1E82ED0,id=d6eb1359-ee67-46ea-89b2-cd50275971cc
2020-11-30 19:45:55,907 [Listener at 127.0.0.1/45407] INFO  impl.RoleInfo (RoleInfo.java:shutdownLeaderState(104)) - d6eb1359-ee67-46ea-89b2-cd50275971cc: shutdown d6eb1359-ee67-46ea-89b2-cd50275971cc@group-1487C1E82ED0-LeaderState
2020-11-30 19:45:55,908 [Listener at 127.0.0.1/45407] INFO  impl.PendingRequests (PendingRequests.java:sendNotLeaderResponses(250)) - d6eb1359-ee67-46ea-89b2-cd50275971cc@group-1487C1E82ED0-PendingRequests: sendNotLeaderResponses
2020-11-30 19:45:55,908 [Listener at 127.0.0.1/45407] INFO  metrics.RatisMetrics (RatisMetrics.java:unregister(43)) - Unregistering Metrics Registry : ratis.log_appender.d6eb1359-ee67-46ea-89b2-cd50275971cc@group-1487C1E82ED0
2020-11-30 19:45:55,908 [Listener at 127.0.0.1/45407] INFO  metrics.RatisMetrics (RatisMetrics.java:unregister(43)) - Unregistering Metrics Registry : ratis.server.d6eb1359-ee67-46ea-89b2-cd50275971cc@group-1487C1E82ED0
2020-11-30 19:45:55,909 [d6eb1359-ee67-46ea-89b2-cd50275971cc@group-1487C1E82ED0-StateMachineUpdater] INFO  ratis.ContainerStateMachine (ContainerStateMachine.java:takeSnapshot(293)) - group-1487C1E82ED0: Taking a snapshot at:(t:1, i:0) file /github/workspace/mnt/ozone/hadoop-ozone/integration-test/target/test-dir/MiniOzoneClusterImpl-e29a2f86-0e02-4c39-a42b-ca59556809f6/datanode-6/data/ratis/bdf35853-5c56-482b-9e48-1487c1e82ed0/sm/snapshot.1_0
2020-11-30 19:45:55,909 [Listener at 127.0.0.1/45407] INFO  impl.StateMachineUpdater (StateMachineUpdater.java:stopAndJoin(147)) - d6eb1359-ee67-46ea-89b2-cd50275971cc@group-1487C1E82ED0-StateMachineUpdater: set stopIndex = 0
2020-11-30 19:45:55,910 [d6eb1359-ee67-46ea-89b2-cd50275971cc@group-1487C1E82ED0-StateMachineUpdater] INFO  ratis.ContainerStateMachine (ContainerStateMachine.java:takeSnapshot(304)) - group-1487C1E82ED0: Finished taking a snapshot at:(t:1, i:0) file:/github/workspace/mnt/ozone/hadoop-ozone/integration-test/target/test-dir/MiniOzoneClusterImpl-e29a2f86-0e02-4c39-a42b-ca59556809f6/datanode-6/data/ratis/bdf35853-5c56-482b-9e48-1487c1e82ed0/sm/snapshot.1_0 time:1
2020-11-30 19:45:55,910 [d6eb1359-ee67-46ea-89b2-cd50275971cc@group-1487C1E82ED0-StateMachineUpdater] INFO  impl.StateMachineUpdater (StateMachineUpdater.java:takeSnapshot(278)) - d6eb1359-ee67-46ea-89b2-cd50275971cc@group-1487C1E82ED0-StateMachineUpdater: Took a snapshot at index 0
2020-11-30 19:45:55,910 [d6eb1359-ee67-46ea-89b2-cd50275971cc@group-1487C1E82ED0-StateMachineUpdater] INFO  impl.StateMachineUpdater (StateMachineUpdater.java:lambda$new$0(87)) - d6eb1359-ee67-46ea-89b2-cd50275971cc@group-1487C1E82ED0-StateMachineUpdater: snapshotIndex: updateIncreasingly -1 -> 0
2020-11-30 19:45:55,910 [d6eb1359-ee67-46ea-89b2-cd50275971cc@group-1487C1E82ED0-StateMachineUpdater] INFO  metrics.RatisMetrics (RatisMetrics.java:unregister(43)) - Unregistering Metrics Registry : ratis.state_machine.d6eb1359-ee67-46ea-89b2-cd50275971cc@group-1487C1E82ED0
2020-11-30 19:45:55,910 [Listener at 127.0.0.1/45407] INFO  impl.RaftServerImpl (ServerState.java:close(406)) - d6eb1359-ee67-46ea-89b2-cd50275971cc@group-1487C1E82ED0: closes. applyIndex: 0
2020-11-30 19:45:55,910 [d6eb1359-ee67-46ea-89b2-cd50275971cc@group-1487C1E82ED0-SegmentedRaftLogWorker] INFO  segmented.SegmentedRaftLogWorker (SegmentedRaftLogWorker.java:run(329)) - d6eb1359-ee67-46ea-89b2-cd50275971cc@group-1487C1E82ED0-SegmentedRaftLogWorker was interrupted, exiting. There are 0 tasks remaining in the queue.
2020-11-30 19:45:55,911 [Listener at 127.0.0.1/45407] INFO  segmented.SegmentedRaftLogWorker (SegmentedRaftLogWorker.java:close(235)) - d6eb1359-ee67-46ea-89b2-cd50275971cc@group-1487C1E82ED0-SegmentedRaftLogWorker close()
2020-11-30 19:45:55,912 [Listener at 127.0.0.1/45407] INFO  metrics.RatisMetrics (RatisMetrics.java:unregister(43)) - Unregistering Metrics Registry : ratis.log_worker.d6eb1359-ee67-46ea-89b2-cd50275971cc@group-1487C1E82ED0
2020-11-30 19:45:55,912 [Listener at 127.0.0.1/45407] INFO  metrics.RatisMetrics (RatisMetrics.java:unregister(43)) - Unregistering Metrics Registry : ratis.leader_election.d6eb1359-ee67-46ea-89b2-cd50275971cc@group-1487C1E82ED0
2020-11-30 19:45:55,912 [Listener at 127.0.0.1/45407] INFO  metrics.RatisMetrics (RatisMetrics.java:unregister(43)) - Unregistering Metrics Registry : ratis.server.d6eb1359-ee67-46ea-89b2-cd50275971cc@group-1487C1E82ED0
2020-11-30 19:45:55,912 [Listener at 127.0.0.1/45407] INFO  server.GrpcService (GrpcService.java:closeImpl(184)) - d6eb1359-ee67-46ea-89b2-cd50275971cc: shutdown server with port 44575 now
2020-11-30 19:45:55,913 [Listener at 127.0.0.1/45407] INFO  server.GrpcService (GrpcService.java:closeImpl(193)) - d6eb1359-ee67-46ea-89b2-cd50275971cc: shutdown server with port 44575 successfully
2020-11-30 19:45:55,913 [Listener at 127.0.0.1/45407] INFO  utils.BackgroundService (BackgroundService.java:shutdown(132)) - Shutting down service BlockDeletingService
2020-11-30 19:45:55,915 [Listener at 127.0.0.1/45407] INFO  statemachine.DatanodeStateMachine (DatanodeStateMachine.java:stopDaemon(459)) - Ozone container server stopped.
2020-11-30 19:45:55,915 [ForkJoinPool.commonPool-worker-0] INFO  ozoneimpl.OzoneContainer (OzoneContainer.java:stop(257)) - Attempting to stop container services.
2020-11-30 19:45:55,916 [ForkJoinPool.commonPool-worker-0] INFO  impl.RaftServerProxy (RaftServerProxy.java:lambda$close$4(338)) - 70b5b581-c134-4e70-98be-52f4a1178c95: close
2020-11-30 19:45:55,916 [ForkJoinPool.commonPool-worker-0] INFO  impl.RaftServerImpl (RaftServerImpl.java:lambda$shutdown$3(328)) - 70b5b581-c134-4e70-98be-52f4a1178c95@group-7E097F4FA569: shutdown
2020-11-30 19:45:55,916 [ForkJoinPool.commonPool-worker-0] INFO  util.JmxRegister (JmxRegister.java:unregister(73)) - Successfully un-registered JMX Bean with object name Ratis:service=RaftServer,group=group-7E097F4FA569,id=70b5b581-c134-4e70-98be-52f4a1178c95
2020-11-30 19:45:55,916 [ForkJoinPool.commonPool-worker-0] INFO  impl.RoleInfo (RoleInfo.java:shutdownLeaderState(104)) - 70b5b581-c134-4e70-98be-52f4a1178c95: shutdown 70b5b581-c134-4e70-98be-52f4a1178c95@group-7E097F4FA569-LeaderState
2020-11-30 19:45:55,916 [ForkJoinPool.commonPool-worker-0] INFO  metrics.RatisMetrics (RatisMetrics.java:unregister(43)) - Unregistering Metrics Registry : ratis_grpc.log_appender.70b5b581-c134-4e70-98be-52f4a1178c95@group-7E097F4FA569
2020-11-30 19:45:55,916 [ForkJoinPool.commonPool-worker-0] INFO  metrics.RatisMetrics (RatisMetrics.java:unregister(43)) - Unregistering Metrics Registry : ratis_grpc.log_appender.70b5b581-c134-4e70-98be-52f4a1178c95@group-7E097F4FA569
2020-11-30 19:45:55,916 [org.apache.ratis.server.impl.LogAppender$AppenderDaemon$$Lambda$450/722489705@53c4644a] WARN  server.GrpcLogAppender (GrpcLogAppender.java:mayWait(168)) - 70b5b581-c134-4e70-98be-52f4a1178c95@group-7E097F4FA569->afad6a44-2cb7-4cc9-9b68-87659c1db71e-GrpcLogAppender: Wait interrupted by java.lang.InterruptedException
2020-11-30 19:45:55,916 [ForkJoinPool.commonPool-worker-0] INFO  impl.PendingRequests (PendingRequests.java:sendNotLeaderResponses(250)) - 70b5b581-c134-4e70-98be-52f4a1178c95@group-7E097F4FA569-PendingRequests: sendNotLeaderResponses
2020-11-30 19:45:55,916 [org.apache.ratis.server.impl.LogAppender$AppenderDaemon$$Lambda$450/722489705@376d6e9b] WARN  server.GrpcLogAppender (GrpcLogAppender.java:mayWait(168)) - 70b5b581-c134-4e70-98be-52f4a1178c95@group-7E097F4FA569->380c32ea-dc91-48bb-a59a-011c9a6c6a90-GrpcLogAppender: Wait interrupted by java.lang.InterruptedException
2020-11-30 19:45:55,916 [ForkJoinPool.commonPool-worker-0] INFO  metrics.RatisMetrics (RatisMetrics.java:unregister(43)) - Unregistering Metrics Registry : ratis.log_appender.70b5b581-c134-4e70-98be-52f4a1178c95@group-7E097F4FA569
2020-11-30 19:45:55,917 [ForkJoinPool.commonPool-worker-0] INFO  metrics.RatisMetrics (RatisMetrics.java:unregister(43)) - Unregistering Metrics Registry : ratis.server.70b5b581-c134-4e70-98be-52f4a1178c95@group-7E097F4FA569
2020-11-30 19:45:55,917 [ForkJoinPool.commonPool-worker-0] INFO  impl.StateMachineUpdater (StateMachineUpdater.java:stopAndJoin(147)) - 70b5b581-c134-4e70-98be-52f4a1178c95@group-7E097F4FA569-StateMachineUpdater: set stopIndex = 0
2020-11-30 19:45:55,917 [70b5b581-c134-4e70-98be-52f4a1178c95@group-7E097F4FA569-StateMachineUpdater] INFO  ratis.ContainerStateMachine (ContainerStateMachine.java:takeSnapshot(293)) - group-7E097F4FA569: Taking a snapshot at:(t:1, i:0) file /github/workspace/mnt/ozone/hadoop-ozone/integration-test/target/test-dir/MiniOzoneClusterImpl-e29a2f86-0e02-4c39-a42b-ca59556809f6/datanode-0/data/ratis/7b206454-490d-4d50-a3c2-7e097f4fa569/sm/snapshot.1_0
2020-11-30 19:45:55,918 [70b5b581-c134-4e70-98be-52f4a1178c95@group-7E097F4FA569-StateMachineUpdater] INFO  ratis.ContainerStateMachine (ContainerStateMachine.java:takeSnapshot(304)) - group-7E097F4FA569: Finished taking a snapshot at:(t:1, i:0) file:/github/workspace/mnt/ozone/hadoop-ozone/integration-test/target/test-dir/MiniOzoneClusterImpl-e29a2f86-0e02-4c39-a42b-ca59556809f6/datanode-0/data/ratis/7b206454-490d-4d50-a3c2-7e097f4fa569/sm/snapshot.1_0 time:1
2020-11-30 19:45:55,918 [70b5b581-c134-4e70-98be-52f4a1178c95@group-7E097F4FA569-StateMachineUpdater] INFO  impl.StateMachineUpdater (StateMachineUpdater.java:takeSnapshot(278)) - 70b5b581-c134-4e70-98be-52f4a1178c95@group-7E097F4FA569-StateMachineUpdater: Took a snapshot at index 0
2020-11-30 19:45:55,918 [70b5b581-c134-4e70-98be-52f4a1178c95@group-7E097F4FA569-StateMachineUpdater] INFO  impl.StateMachineUpdater (StateMachineUpdater.java:lambda$new$0(87)) - 70b5b581-c134-4e70-98be-52f4a1178c95@group-7E097F4FA569-StateMachineUpdater: snapshotIndex: updateIncreasingly -1 -> 0
2020-11-30 19:45:55,918 [70b5b581-c134-4e70-98be-52f4a1178c95@group-7E097F4FA569-StateMachineUpdater] INFO  metrics.RatisMetrics (RatisMetrics.java:unregister(43)) - Unregistering Metrics Registry : ratis.state_machine.70b5b581-c134-4e70-98be-52f4a1178c95@group-7E097F4FA569
2020-11-30 19:45:55,919 [ForkJoinPool.commonPool-worker-0] INFO  impl.RaftServerImpl (ServerState.java:close(406)) - 70b5b581-c134-4e70-98be-52f4a1178c95@group-7E097F4FA569: closes. applyIndex: 0
2020-11-30 19:45:55,919 [70b5b581-c134-4e70-98be-52f4a1178c95@group-7E097F4FA569-SegmentedRaftLogWorker] INFO  segmented.SegmentedRaftLogWorker (SegmentedRaftLogWorker.java:run(329)) - 70b5b581-c134-4e70-98be-52f4a1178c95@group-7E097F4FA569-SegmentedRaftLogWorker was interrupted, exiting. There are 0 tasks remaining in the queue.
2020-11-30 19:45:55,922 [ForkJoinPool.commonPool-worker-0] INFO  segmented.SegmentedRaftLogWorker (SegmentedRaftLogWorker.java:close(235)) - 70b5b581-c134-4e70-98be-52f4a1178c95@group-7E097F4FA569-SegmentedRaftLogWorker close()
2020-11-30 19:45:55,922 [ForkJoinPool.commonPool-worker-0] INFO  metrics.RatisMetrics (RatisMetrics.java:unregister(43)) - Unregistering Metrics Registry : ratis.log_worker.70b5b581-c134-4e70-98be-52f4a1178c95@group-7E097F4FA569
2020-11-30 19:45:55,922 [ForkJoinPool.commonPool-worker-0] INFO  metrics.RatisMetrics (RatisMetrics.java:unregister(43)) - Unregistering Metrics Registry : ratis.leader_election.70b5b581-c134-4e70-98be-52f4a1178c95@group-7E097F4FA569
2020-11-30 19:45:55,922 [ForkJoinPool.commonPool-worker-0] INFO  metrics.RatisMetrics (RatisMetrics.java:unregister(43)) - Unregistering Metrics Registry : ratis.server.70b5b581-c134-4e70-98be-52f4a1178c95@group-7E097F4FA569
2020-11-30 19:45:55,922 [ForkJoinPool.commonPool-worker-0] INFO  impl.RaftServerImpl (RaftServerImpl.java:lambda$shutdown$3(328)) - 70b5b581-c134-4e70-98be-52f4a1178c95@group-8AACD6717F75: shutdown
2020-11-30 19:45:55,922 [ForkJoinPool.commonPool-worker-0] INFO  util.JmxRegister (JmxRegister.java:unregister(73)) - Successfully un-registered JMX Bean with object name Ratis:service=RaftServer,group=group-8AACD6717F75,id=70b5b581-c134-4e70-98be-52f4a1178c95
2020-11-30 19:45:55,923 [ForkJoinPool.commonPool-worker-0] INFO  impl.RoleInfo (RoleInfo.java:shutdownLeaderState(104)) - 70b5b581-c134-4e70-98be-52f4a1178c95: shutdown 70b5b581-c134-4e70-98be-52f4a1178c95@group-8AACD6717F75-LeaderState
2020-11-30 19:45:55,923 [ForkJoinPool.commonPool-worker-0] INFO  impl.PendingRequests (PendingRequests.java:sendNotLeaderResponses(250)) - 70b5b581-c134-4e70-98be-52f4a1178c95@group-8AACD6717F75-PendingRequests: sendNotLeaderResponses
2020-11-30 19:45:55,925 [ForkJoinPool.commonPool-worker-0] INFO  metrics.RatisMetrics (RatisMetrics.java:unregister(43)) - Unregistering Metrics Registry : ratis.log_appender.70b5b581-c134-4e70-98be-52f4a1178c95@group-8AACD6717F75
2020-11-30 19:45:55,925 [ForkJoinPool.commonPool-worker-0] INFO  metrics.RatisMetrics (RatisMetrics.java:unregister(43)) - Unregistering Metrics Registry : ratis.server.70b5b581-c134-4e70-98be-52f4a1178c95@group-8AACD6717F75
2020-11-30 19:45:55,929 [ForkJoinPool.commonPool-worker-0] INFO  impl.StateMachineUpdater (StateMachineUpdater.java:stopAndJoin(147)) - 70b5b581-c134-4e70-98be-52f4a1178c95@group-8AACD6717F75-StateMachineUpdater: set stopIndex = 19
2020-11-30 19:45:55,929 [70b5b581-c134-4e70-98be-52f4a1178c95@group-8AACD6717F75-StateMachineUpdater] INFO  ratis.ContainerStateMachine (ContainerStateMachine.java:takeSnapshot(293)) - group-8AACD6717F75: Taking a snapshot at:(t:1, i:19) file /github/workspace/mnt/ozone/hadoop-ozone/integration-test/target/test-dir/MiniOzoneClusterImpl-e29a2f86-0e02-4c39-a42b-ca59556809f6/datanode-0/data/ratis/24e4bd6c-c817-45c7-a707-8aacd6717f75/sm/snapshot.1_19
2020-11-30 19:45:55,930 [70b5b581-c134-4e70-98be-52f4a1178c95@group-8AACD6717F75-StateMachineUpdater] INFO  ratis.ContainerStateMachine (ContainerStateMachine.java:takeSnapshot(304)) - group-8AACD6717F75: Finished taking a snapshot at:(t:1, i:19) file:/github/workspace/mnt/ozone/hadoop-ozone/integration-test/target/test-dir/MiniOzoneClusterImpl-e29a2f86-0e02-4c39-a42b-ca59556809f6/datanode-0/data/ratis/24e4bd6c-c817-45c7-a707-8aacd6717f75/sm/snapshot.1_19 time:2
2020-11-30 19:45:55,930 [70b5b581-c134-4e70-98be-52f4a1178c95@group-8AACD6717F75-StateMachineUpdater] INFO  impl.StateMachineUpdater (StateMachineUpdater.java:takeSnapshot(278)) - 70b5b581-c134-4e70-98be-52f4a1178c95@group-8AACD6717F75-StateMachineUpdater: Took a snapshot at index 19
2020-11-30 19:45:55,930 [70b5b581-c134-4e70-98be-52f4a1178c95@group-8AACD6717F75-StateMachineUpdater] INFO  impl.StateMachineUpdater (StateMachineUpdater.java:lambda$new$0(87)) - 70b5b581-c134-4e70-98be-52f4a1178c95@group-8AACD6717F75-StateMachineUpdater: snapshotIndex: updateIncreasingly -1 -> 19
2020-11-30 19:45:55,930 [70b5b581-c134-4e70-98be-52f4a1178c95@group-8AACD6717F75-StateMachineUpdater] INFO  metrics.RatisMetrics (RatisMetrics.java:unregister(43)) - Unregistering Metrics Registry : ratis.state_machine.70b5b581-c134-4e70-98be-52f4a1178c95@group-8AACD6717F75
2020-11-30 19:45:55,931 [Listener at 127.0.0.1/45407] INFO  handler.ContextHandler (ContextHandler.java:doStop(1154)) - Stopped o.e.j.w.WebAppContext@7645a783{hddsDatanode,/,null,STOPPED}{jar:file:/home/user/.m2/repository/org/apache/hadoop/hadoop-hdds-container-service/1.1.0-SNAPSHOT/hadoop-hdds-container-service-1.1.0-SNAPSHOT.jar!/webapps/hddsDatanode}
2020-11-30 19:45:55,931 [ForkJoinPool.commonPool-worker-0] INFO  impl.RaftServerImpl (ServerState.java:close(406)) - 70b5b581-c134-4e70-98be-52f4a1178c95@group-8AACD6717F75: closes. applyIndex: 19
2020-11-30 19:45:55,931 [70b5b581-c134-4e70-98be-52f4a1178c95@group-8AACD6717F75-SegmentedRaftLogWorker] INFO  segmented.SegmentedRaftLogWorker (SegmentedRaftLogWorker.java:run(329)) - 70b5b581-c134-4e70-98be-52f4a1178c95@group-8AACD6717F75-SegmentedRaftLogWorker was interrupted, exiting. There are 0 tasks remaining in the queue.
2020-11-30 19:45:55,931 [ForkJoinPool.commonPool-worker-0] INFO  segmented.SegmentedRaftLogWorker (SegmentedRaftLogWorker.java:close(235)) - 70b5b581-c134-4e70-98be-52f4a1178c95@group-8AACD6717F75-SegmentedRaftLogWorker close()
2020-11-30 19:45:55,931 [ForkJoinPool.commonPool-worker-0] INFO  metrics.RatisMetrics (RatisMetrics.java:unregister(43)) - Unregistering Metrics Registry : ratis.log_worker.70b5b581-c134-4e70-98be-52f4a1178c95@group-8AACD6717F75
2020-11-30 19:45:55,931 [ForkJoinPool.commonPool-worker-0] INFO  metrics.RatisMetrics (RatisMetrics.java:unregister(43)) - Unregistering Metrics Registry : ratis.leader_election.70b5b581-c134-4e70-98be-52f4a1178c95@group-8AACD6717F75
2020-11-30 19:45:55,931 [ForkJoinPool.commonPool-worker-0] INFO  metrics.RatisMetrics (RatisMetrics.java:unregister(43)) - Unregistering Metrics Registry : ratis.server.70b5b581-c134-4e70-98be-52f4a1178c95@group-8AACD6717F75
2020-11-30 19:45:55,931 [Listener at 127.0.0.1/45407] INFO  server.AbstractConnector (AbstractConnector.java:doStop(381)) - Stopped ServerConnector@87ca3c{HTTP/1.1, (http/1.1)}{0.0.0.0:0}
2020-11-30 19:45:55,932 [ForkJoinPool.commonPool-worker-0] INFO  server.GrpcService (GrpcService.java:closeImpl(184)) - 70b5b581-c134-4e70-98be-52f4a1178c95: shutdown server with port 37313 now
2020-11-30 19:45:55,932 [Listener at 127.0.0.1/45407] INFO  server.session (HouseKeeper.java:stopScavenging(149)) - node0 Stopped scavenging
2020-11-30 19:45:55,932 [Listener at 127.0.0.1/45407] INFO  handler.ContextHandler (ContextHandler.java:doStop(1154)) - Stopped o.e.j.s.ServletContextHandler@5807d909{static,/static,jar:file:/home/user/.m2/repository/org/apache/hadoop/hadoop-hdds-container-service/1.1.0-SNAPSHOT/hadoop-hdds-container-service-1.1.0-SNAPSHOT.jar!/webapps/static,STOPPED}
2020-11-30 19:45:55,932 [Listener at 127.0.0.1/45407] INFO  handler.ContextHandler (ContextHandler.java:doStop(1154)) - Stopped o.e.j.s.ServletContextHandler@3fccfd86{logs,/logs,file:///github/workspace/mnt/ozone/hadoop-ozone/integration-test/target/log,STOPPED}
2020-11-30 19:45:55,936 [ForkJoinPool.commonPool-worker-0] INFO  server.GrpcService (GrpcService.java:closeImpl(193)) - 70b5b581-c134-4e70-98be-52f4a1178c95: shutdown server with port 37313 successfully
2020-11-30 19:45:55,938 [ForkJoinPool.commonPool-worker-0] INFO  utils.BackgroundService (BackgroundService.java:shutdown(132)) - Shutting down service BlockDeletingService
2020-11-30 19:45:55,939 [ForkJoinPool.commonPool-worker-0] INFO  statemachine.DatanodeStateMachine (DatanodeStateMachine.java:stopDaemon(459)) - Ozone container server stopped.
2020-11-30 19:45:55,950 [ForkJoinPool.commonPool-worker-0] INFO  handler.ContextHandler (ContextHandler.java:doStop(1154)) - Stopped o.e.j.w.WebAppContext@3b162cc5{hddsDatanode,/,null,STOPPED}{jar:file:/home/user/.m2/repository/org/apache/hadoop/hadoop-hdds-container-service/1.1.0-SNAPSHOT/hadoop-hdds-container-service-1.1.0-SNAPSHOT.jar!/webapps/hddsDatanode}
2020-11-30 19:45:55,951 [ForkJoinPool.commonPool-worker-0] INFO  server.AbstractConnector (AbstractConnector.java:doStop(381)) - Stopped ServerConnector@5d9e3be7{HTTP/1.1, (http/1.1)}{0.0.0.0:0}
2020-11-30 19:45:55,951 [ForkJoinPool.commonPool-worker-0] INFO  server.session (HouseKeeper.java:stopScavenging(149)) - node0 Stopped scavenging
2020-11-30 19:45:55,951 [ForkJoinPool.commonPool-worker-0] INFO  handler.ContextHandler (ContextHandler.java:doStop(1154)) - Stopped o.e.j.s.ServletContextHandler@5351e763{static,/static,jar:file:/home/user/.m2/repository/org/apache/hadoop/hadoop-hdds-container-service/1.1.0-SNAPSHOT/hadoop-hdds-container-service-1.1.0-SNAPSHOT.jar!/webapps/static,STOPPED}
2020-11-30 19:45:55,952 [ForkJoinPool.commonPool-worker-0] INFO  handler.ContextHandler (ContextHandler.java:doStop(1154)) - Stopped o.e.j.s.ServletContextHandler@62c13812{logs,/logs,file:///github/workspace/mnt/ozone/hadoop-ozone/integration-test/target/log,STOPPED}
2020-11-30 19:45:56,757 [Datanode State Machine Thread - 0] INFO  statemachine.DatanodeStateMachine (DatanodeStateMachine.java:lambda$startDaemon$0(406)) - Ozone container server started.
2020-11-30 19:45:59,597 [Thread-784] INFO  impl.FollowerState (FollowerState.java:lostMajorityHeartbeatsRecently(105)) - 62b863f3-593a-4903-871b-b217a8ac38c6@group-F5BD7DFE9F34-FollowerState: Skipping leader election since it stepped down recently (elapsed = 5132ms < waitTime = 10s)
2020-11-30 19:46:00,934 [Listener at 127.0.0.1/45407] INFO  ozoneimpl.OzoneContainer (OzoneContainer.java:stop(257)) - Attempting to stop container services.
2020-11-30 19:46:00,935 [Listener at 127.0.0.1/45407] INFO  impl.RaftServerProxy (RaftServerProxy.java:lambda$close$4(338)) - 62b863f3-593a-4903-871b-b217a8ac38c6: close
2020-11-30 19:46:00,935 [Listener at 127.0.0.1/45407] INFO  impl.RaftServerImpl (RaftServerImpl.java:lambda$shutdown$3(328)) - 62b863f3-593a-4903-871b-b217a8ac38c6@group-F5BD7DFE9F34: shutdown
2020-11-30 19:46:00,935 [Listener at 127.0.0.1/45407] INFO  util.JmxRegister (JmxRegister.java:unregister(73)) - Successfully un-registered JMX Bean with object name Ratis:service=RaftServer,group=group-F5BD7DFE9F34,id=62b863f3-593a-4903-871b-b217a8ac38c6
2020-11-30 19:46:00,935 [Listener at 127.0.0.1/45407] INFO  impl.RoleInfo (RoleInfo.java:shutdownFollowerState(121)) - 62b863f3-593a-4903-871b-b217a8ac38c6: shutdown 62b863f3-593a-4903-871b-b217a8ac38c6@group-F5BD7DFE9F34-FollowerState
2020-11-30 19:46:00,936 [Listener at 127.0.0.1/45407] INFO  impl.StateMachineUpdater (StateMachineUpdater.java:stopAndJoin(147)) - 62b863f3-593a-4903-871b-b217a8ac38c6@group-F5BD7DFE9F34-StateMachineUpdater: set stopIndex = 0
2020-11-30 19:46:00,936 [Thread-784] INFO  impl.FollowerState (FollowerState.java:run(137)) - 62b863f3-593a-4903-871b-b217a8ac38c6@group-F5BD7DFE9F34-FollowerState was interrupted: {}
java.lang.InterruptedException: sleep interrupted
	at java.lang.Thread.sleep(Native Method)
	at org.apache.ratis.util.JavaUtils.sleep(JavaUtils.java:250)
	at org.apache.ratis.server.impl.FollowerState.run(FollowerState.java:116)
2020-11-30 19:46:00,939 [62b863f3-593a-4903-871b-b217a8ac38c6@group-F5BD7DFE9F34-StateMachineUpdater] INFO  ratis.ContainerStateMachine (ContainerStateMachine.java:takeSnapshot(293)) - group-F5BD7DFE9F34: Taking a snapshot at:(t:1, i:0) file /github/workspace/mnt/ozone/hadoop-ozone/integration-test/target/test-dir/MiniOzoneClusterImpl-e29a2f86-0e02-4c39-a42b-ca59556809f6/datanode-5/data/ratis/13782f0c-139c-45d5-a327-f5bd7dfe9f34/sm/snapshot.1_0
2020-11-30 19:46:00,939 [62b863f3-593a-4903-871b-b217a8ac38c6@group-F5BD7DFE9F34-StateMachineUpdater] INFO  ratis.ContainerStateMachine (ContainerStateMachine.java:takeSnapshot(304)) - group-F5BD7DFE9F34: Finished taking a snapshot at:(t:1, i:0) file:/github/workspace/mnt/ozone/hadoop-ozone/integration-test/target/test-dir/MiniOzoneClusterImpl-e29a2f86-0e02-4c39-a42b-ca59556809f6/datanode-5/data/ratis/13782f0c-139c-45d5-a327-f5bd7dfe9f34/sm/snapshot.1_0 time:4
2020-11-30 19:46:00,940 [62b863f3-593a-4903-871b-b217a8ac38c6@group-F5BD7DFE9F34-StateMachineUpdater] INFO  impl.StateMachineUpdater (StateMachineUpdater.java:takeSnapshot(278)) - 62b863f3-593a-4903-871b-b217a8ac38c6@group-F5BD7DFE9F34-StateMachineUpdater: Took a snapshot at index 0
2020-11-30 19:46:00,940 [62b863f3-593a-4903-871b-b217a8ac38c6@group-F5BD7DFE9F34-StateMachineUpdater] INFO  impl.StateMachineUpdater (StateMachineUpdater.java:lambda$new$0(87)) - 62b863f3-593a-4903-871b-b217a8ac38c6@group-F5BD7DFE9F34-StateMachineUpdater: snapshotIndex: updateIncreasingly -1 -> 0
2020-11-30 19:46:00,940 [62b863f3-593a-4903-871b-b217a8ac38c6@group-F5BD7DFE9F34-StateMachineUpdater] INFO  metrics.RatisMetrics (RatisMetrics.java:unregister(43)) - Unregistering Metrics Registry : ratis.state_machine.62b863f3-593a-4903-871b-b217a8ac38c6@group-F5BD7DFE9F34
2020-11-30 19:46:00,940 [Listener at 127.0.0.1/45407] INFO  impl.RaftServerImpl (ServerState.java:close(406)) - 62b863f3-593a-4903-871b-b217a8ac38c6@group-F5BD7DFE9F34: closes. applyIndex: 0
2020-11-30 19:46:00,940 [62b863f3-593a-4903-871b-b217a8ac38c6@group-F5BD7DFE9F34-SegmentedRaftLogWorker] INFO  segmented.SegmentedRaftLogWorker (SegmentedRaftLogWorker.java:run(329)) - 62b863f3-593a-4903-871b-b217a8ac38c6@group-F5BD7DFE9F34-SegmentedRaftLogWorker was interrupted, exiting. There are 0 tasks remaining in the queue.
2020-11-30 19:46:00,941 [Listener at 127.0.0.1/45407] INFO  segmented.SegmentedRaftLogWorker (SegmentedRaftLogWorker.java:close(235)) - 62b863f3-593a-4903-871b-b217a8ac38c6@group-F5BD7DFE9F34-SegmentedRaftLogWorker close()
2020-11-30 19:46:00,941 [Listener at 127.0.0.1/45407] INFO  metrics.RatisMetrics (RatisMetrics.java:unregister(43)) - Unregistering Metrics Registry : ratis.log_worker.62b863f3-593a-4903-871b-b217a8ac38c6@group-F5BD7DFE9F34
2020-11-30 19:46:00,941 [Listener at 127.0.0.1/45407] INFO  metrics.RatisMetrics (RatisMetrics.java:unregister(43)) - Unregistering Metrics Registry : ratis.leader_election.62b863f3-593a-4903-871b-b217a8ac38c6@group-F5BD7DFE9F34
2020-11-30 19:46:00,941 [Listener at 127.0.0.1/45407] INFO  metrics.RatisMetrics (RatisMetrics.java:unregister(43)) - Unregistering Metrics Registry : ratis.server.62b863f3-593a-4903-871b-b217a8ac38c6@group-F5BD7DFE9F34
2020-11-30 19:46:00,941 [Listener at 127.0.0.1/45407] INFO  impl.RaftServerImpl (RaftServerImpl.java:lambda$shutdown$3(328)) - 62b863f3-593a-4903-871b-b217a8ac38c6@group-89CE9CE5B2D1: shutdown
2020-11-30 19:46:00,942 [Listener at 127.0.0.1/45407] INFO  util.JmxRegister (JmxRegister.java:unregister(73)) - Successfully un-registered JMX Bean with object name Ratis:service=RaftServer,group=group-89CE9CE5B2D1,id=62b863f3-593a-4903-871b-b217a8ac38c6
2020-11-30 19:46:00,942 [Listener at 127.0.0.1/45407] INFO  impl.RoleInfo (RoleInfo.java:shutdownLeaderState(104)) - 62b863f3-593a-4903-871b-b217a8ac38c6: shutdown 62b863f3-593a-4903-871b-b217a8ac38c6@group-89CE9CE5B2D1-LeaderState
2020-11-30 19:46:00,942 [Listener at 127.0.0.1/45407] INFO  impl.PendingRequests (PendingRequests.java:sendNotLeaderResponses(250)) - 62b863f3-593a-4903-871b-b217a8ac38c6@group-89CE9CE5B2D1-PendingRequests: sendNotLeaderResponses
2020-11-30 19:46:00,945 [Listener at 127.0.0.1/45407] INFO  metrics.RatisMetrics (RatisMetrics.java:unregister(43)) - Unregistering Metrics Registry : ratis.log_appender.62b863f3-593a-4903-871b-b217a8ac38c6@group-89CE9CE5B2D1
2020-11-30 19:46:00,945 [Listener at 127.0.0.1/45407] INFO  metrics.RatisMetrics (RatisMetrics.java:unregister(43)) - Unregistering Metrics Registry : ratis.server.62b863f3-593a-4903-871b-b217a8ac38c6@group-89CE9CE5B2D1
2020-11-30 19:46:00,947 [Listener at 127.0.0.1/45407] INFO  impl.StateMachineUpdater (StateMachineUpdater.java:stopAndJoin(147)) - 62b863f3-593a-4903-871b-b217a8ac38c6@group-89CE9CE5B2D1-StateMachineUpdater: set stopIndex = 11
2020-11-30 19:46:00,947 [62b863f3-593a-4903-871b-b217a8ac38c6@group-89CE9CE5B2D1-StateMachineUpdater] INFO  ratis.ContainerStateMachine (ContainerStateMachine.java:takeSnapshot(293)) - group-89CE9CE5B2D1: Taking a snapshot at:(t:1, i:11) file /github/workspace/mnt/ozone/hadoop-ozone/integration-test/target/test-dir/MiniOzoneClusterImpl-e29a2f86-0e02-4c39-a42b-ca59556809f6/datanode-5/data/ratis/a9e67d9a-ebd8-4b26-8785-89ce9ce5b2d1/sm/snapshot.1_11
2020-11-30 19:46:00,948 [62b863f3-593a-4903-871b-b217a8ac38c6@group-89CE9CE5B2D1-StateMachineUpdater] INFO  ratis.ContainerStateMachine (ContainerStateMachine.java:takeSnapshot(304)) - group-89CE9CE5B2D1: Finished taking a snapshot at:(t:1, i:11) file:/github/workspace/mnt/ozone/hadoop-ozone/integration-test/target/test-dir/MiniOzoneClusterImpl-e29a2f86-0e02-4c39-a42b-ca59556809f6/datanode-5/data/ratis/a9e67d9a-ebd8-4b26-8785-89ce9ce5b2d1/sm/snapshot.1_11 time:1
2020-11-30 19:46:00,948 [62b863f3-593a-4903-871b-b217a8ac38c6@group-89CE9CE5B2D1-StateMachineUpdater] INFO  impl.StateMachineUpdater (StateMachineUpdater.java:takeSnapshot(278)) - 62b863f3-593a-4903-871b-b217a8ac38c6@group-89CE9CE5B2D1-StateMachineUpdater: Took a snapshot at index 11
2020-11-30 19:46:00,948 [62b863f3-593a-4903-871b-b217a8ac38c6@group-89CE9CE5B2D1-StateMachineUpdater] INFO  impl.StateMachineUpdater (StateMachineUpdater.java:lambda$new$0(87)) - 62b863f3-593a-4903-871b-b217a8ac38c6@group-89CE9CE5B2D1-StateMachineUpdater: snapshotIndex: updateIncreasingly -1 -> 11
2020-11-30 19:46:00,948 [62b863f3-593a-4903-871b-b217a8ac38c6@group-89CE9CE5B2D1-StateMachineUpdater] INFO  metrics.RatisMetrics (RatisMetrics.java:unregister(43)) - Unregistering Metrics Registry : ratis.state_machine.62b863f3-593a-4903-871b-b217a8ac38c6@group-89CE9CE5B2D1
2020-11-30 19:46:00,949 [Listener at 127.0.0.1/45407] INFO  impl.RaftServerImpl (ServerState.java:close(406)) - 62b863f3-593a-4903-871b-b217a8ac38c6@group-89CE9CE5B2D1: closes. applyIndex: 11
2020-11-30 19:46:00,949 [62b863f3-593a-4903-871b-b217a8ac38c6@group-89CE9CE5B2D1-SegmentedRaftLogWorker] INFO  segmented.SegmentedRaftLogWorker (SegmentedRaftLogWorker.java:run(329)) - 62b863f3-593a-4903-871b-b217a8ac38c6@group-89CE9CE5B2D1-SegmentedRaftLogWorker was interrupted, exiting. There are 0 tasks remaining in the queue.
2020-11-30 19:46:00,949 [Listener at 127.0.0.1/45407] INFO  segmented.SegmentedRaftLogWorker (SegmentedRaftLogWorker.java:close(235)) - 62b863f3-593a-4903-871b-b217a8ac38c6@group-89CE9CE5B2D1-SegmentedRaftLogWorker close()
2020-11-30 19:46:00,949 [Listener at 127.0.0.1/45407] INFO  metrics.RatisMetrics (RatisMetrics.java:unregister(43)) - Unregistering Metrics Registry : ratis.log_worker.62b863f3-593a-4903-871b-b217a8ac38c6@group-89CE9CE5B2D1
2020-11-30 19:46:00,949 [Listener at 127.0.0.1/45407] INFO  metrics.RatisMetrics (RatisMetrics.java:unregister(43)) - Unregistering Metrics Registry : ratis.leader_election.62b863f3-593a-4903-871b-b217a8ac38c6@group-89CE9CE5B2D1
2020-11-30 19:46:00,949 [Listener at 127.0.0.1/45407] INFO  metrics.RatisMetrics (RatisMetrics.java:unregister(43)) - Unregistering Metrics Registry : ratis.server.62b863f3-593a-4903-871b-b217a8ac38c6@group-89CE9CE5B2D1
2020-11-30 19:46:00,949 [Listener at 127.0.0.1/45407] INFO  server.GrpcService (GrpcService.java:closeImpl(184)) - 62b863f3-593a-4903-871b-b217a8ac38c6: shutdown server with port 43681 now
2020-11-30 19:46:00,952 [Listener at 127.0.0.1/45407] INFO  server.GrpcService (GrpcService.java:closeImpl(193)) - 62b863f3-593a-4903-871b-b217a8ac38c6: shutdown server with port 43681 successfully
2020-11-30 19:46:00,959 [Listener at 127.0.0.1/45407] INFO  utils.BackgroundService (BackgroundService.java:shutdown(132)) - Shutting down service BlockDeletingService
2020-11-30 19:46:00,961 [Listener at 127.0.0.1/45407] INFO  statemachine.DatanodeStateMachine (DatanodeStateMachine.java:stopDaemon(459)) - Ozone container server stopped.
2020-11-30 19:46:00,972 [Listener at 127.0.0.1/45407] INFO  handler.ContextHandler (ContextHandler.java:doStop(1154)) - Stopped o.e.j.w.WebAppContext@44b0ed68{hddsDatanode,/,null,STOPPED}{jar:file:/home/user/.m2/repository/org/apache/hadoop/hadoop-hdds-container-service/1.1.0-SNAPSHOT/hadoop-hdds-container-service-1.1.0-SNAPSHOT.jar!/webapps/hddsDatanode}
2020-11-30 19:46:00,972 [Listener at 127.0.0.1/45407] INFO  server.AbstractConnector (AbstractConnector.java:doStop(381)) - Stopped ServerConnector@6325f890{HTTP/1.1, (http/1.1)}{0.0.0.0:0}
2020-11-30 19:46:00,973 [Listener at 127.0.0.1/45407] INFO  server.session (HouseKeeper.java:stopScavenging(149)) - node0 Stopped scavenging
2020-11-30 19:46:00,973 [Listener at 127.0.0.1/45407] INFO  handler.ContextHandler (ContextHandler.java:doStop(1154)) - Stopped o.e.j.s.ServletContextHandler@4f14f675{static,/static,jar:file:/home/user/.m2/repository/org/apache/hadoop/hadoop-hdds-container-service/1.1.0-SNAPSHOT/hadoop-hdds-container-service-1.1.0-SNAPSHOT.jar!/webapps/static,STOPPED}
2020-11-30 19:46:00,973 [Listener at 127.0.0.1/45407] INFO  handler.ContextHandler (ContextHandler.java:doStop(1154)) - Stopped o.e.j.s.ServletContextHandler@7e10ac17{logs,/logs,file:///github/workspace/mnt/ozone/hadoop-ozone/integration-test/target/log,STOPPED}
2020-11-30 19:46:00,974 [Listener at 127.0.0.1/45407] INFO  ozone.MiniOzoneClusterImpl (MiniOzoneClusterImpl.java:stopSCM(477)) - Stopping the StorageContainerManager
2020-11-30 19:46:00,974 [Listener at 127.0.0.1/45407] INFO  server.StorageContainerManager (StorageContainerManager.java:stop(823)) - Stopping Replication Manager Service.
2020-11-30 19:46:00,974 [Listener at 127.0.0.1/45407] INFO  container.ReplicationManager (ReplicationManager.java:stop(219)) - Stopping Replication Monitor Thread.
2020-11-30 19:46:00,975 [Listener at 127.0.0.1/45407] INFO  server.StorageContainerManager (StorageContainerManager.java:stop(830)) - Stopping Lease Manager of the command watchers
2020-11-30 19:46:00,975 [CommandWatcher-LeaseManager#LeaseMonitor] ERROR lease.LeaseManager (LeaseManager.java:run(238)) - Execution was interrupted 
java.lang.InterruptedException: sleep interrupted
	at java.lang.Thread.sleep(Native Method)
	at org.apache.hadoop.ozone.lease.LeaseManager$LeaseMonitor.run(LeaseManager.java:234)
	at java.lang.Thread.run(Thread.java:748)
2020-11-30 19:46:00,975 [Listener at 127.0.0.1/45407] INFO  server.StorageContainerManager (StorageContainerManager.java:stop(837)) - Stopping datanode service RPC server
2020-11-30 19:46:00,975 [Listener at 127.0.0.1/45407] INFO  server.SCMDatanodeProtocolServer (SCMDatanodeProtocolServer.java:stop(361)) - Stopping the RPC server for DataNodes
2020-11-30 19:46:00,975 [Listener at 127.0.0.1/45407] INFO  ipc.Server (Server.java:stop(3359)) - Stopping server on 40633
2020-11-30 19:46:00,976 [IPC Server listener on 0] INFO  ipc.Server (Server.java:run(1330)) - Stopping IPC Server listener on 0
2020-11-30 19:46:00,978 [IPC Server Responder] INFO  ipc.Server (Server.java:run(1465)) - Stopping IPC Server Responder
2020-11-30 19:46:01,052 [SCM Heartbeat Processing Thread - 0] WARN  node.NodeStateManager (NodeStateManager.java:scheduleNextHealthCheck(661)) - Current Thread is interrupted, shutting down HB processing thread for Node Manager.
2020-11-30 19:46:01,053 [Listener at 127.0.0.1/45407] INFO  server.StorageContainerManager (StorageContainerManager.java:stop(845)) - Stopping block service RPC server
2020-11-30 19:46:01,053 [Listener at 127.0.0.1/45407] INFO  server.SCMBlockProtocolServer (SCMBlockProtocolServer.java:stop(159)) - Stopping the RPC server for Block Protocol
2020-11-30 19:46:01,053 [Listener at 127.0.0.1/45407] INFO  ipc.Server (Server.java:stop(3359)) - Stopping server on 45069
2020-11-30 19:46:01,055 [IPC Server listener on 0] INFO  ipc.Server (Server.java:run(1330)) - Stopping IPC Server listener on 0
2020-11-30 19:46:01,056 [IPC Server Responder] INFO  ipc.Server (Server.java:run(1465)) - Stopping IPC Server Responder
2020-11-30 19:46:01,056 [Listener at 127.0.0.1/45407] INFO  server.StorageContainerManager (StorageContainerManager.java:stop(852)) - Stopping the StorageContainerLocationProtocol RPC server
2020-11-30 19:46:01,056 [Listener at 127.0.0.1/45407] INFO  server.SCMClientProtocolServer (SCMClientProtocolServer.java:stop(165)) - Stopping the RPC server for Client Protocol
2020-11-30 19:46:01,056 [Listener at 127.0.0.1/45407] INFO  ipc.Server (Server.java:stop(3359)) - Stopping server on 41141
2020-11-30 19:46:01,057 [IPC Server listener on 0] INFO  ipc.Server (Server.java:run(1330)) - Stopping IPC Server listener on 0
2020-11-30 19:46:01,059 [IPC Server Responder] INFO  ipc.Server (Server.java:run(1465)) - Stopping IPC Server Responder
2020-11-30 19:46:01,059 [Listener at 127.0.0.1/45407] INFO  server.StorageContainerManager (StorageContainerManager.java:stop(859)) - Stopping Storage Container Manager HTTP server.
2020-11-30 19:46:01,059 [Listener at 127.0.0.1/45407] INFO  handler.ContextHandler (ContextHandler.java:doStop(1154)) - Stopped o.e.j.w.WebAppContext@6508bd7c{scm,/,null,STOPPED}{file:/github/workspace/mnt/ozone/hadoop-ozone/integration-test/target/test-classes/webapps/scm}
2020-11-30 19:46:01,060 [Listener at 127.0.0.1/45407] INFO  server.AbstractConnector (AbstractConnector.java:doStop(381)) - Stopped ServerConnector@51e6f6e4{HTTP/1.1, (http/1.1)}{0.0.0.0:0}
2020-11-30 19:46:01,060 [Listener at 127.0.0.1/45407] INFO  server.session (HouseKeeper.java:stopScavenging(149)) - node0 Stopped scavenging
2020-11-30 19:46:01,061 [Listener at 127.0.0.1/45407] INFO  handler.ContextHandler (ContextHandler.java:doStop(1154)) - Stopped o.e.j.s.ServletContextHandler@5352ccb4{static,/static,file:///github/workspace/mnt/ozone/hadoop-ozone/integration-test/target/test-classes/webapps/static,STOPPED}
2020-11-30 19:46:01,061 [Listener at 127.0.0.1/45407] INFO  handler.ContextHandler (ContextHandler.java:doStop(1154)) - Stopped o.e.j.s.ServletContextHandler@2efa1c2b{logs,/logs,file:///github/workspace/mnt/ozone/hadoop-ozone/integration-test/target/log,STOPPED}
2020-11-30 19:46:01,062 [Listener at 127.0.0.1/45407] INFO  server.StorageContainerManager (StorageContainerManager.java:stop(870)) - Stopping Block Manager Service.
2020-11-30 19:46:01,062 [Listener at 127.0.0.1/45407] INFO  utils.BackgroundService (BackgroundService.java:shutdown(132)) - Shutting down service SCMBlockDeletingService
2020-11-30 19:46:01,062 [Listener at 127.0.0.1/45407] INFO  utils.BackgroundService (BackgroundService.java:shutdown(132)) - Shutting down service SCMBlockDeletingService
2020-11-30 19:46:01,062 [Listener at 127.0.0.1/45407] INFO  server.StorageContainerManager (StorageContainerManager.java:stop(895)) - Stopping SCM Event Queue.
2020-11-30 19:46:01,065 [Listener at 127.0.0.1/45407] INFO  impl.MetricsSystemImpl (MetricsSystemImpl.java:stop(210)) - Stopping HddsDatanode metrics system...
2020-11-30 19:46:01,073 [Listener at 127.0.0.1/45407] INFO  impl.MetricsSystemImpl (MetricsSystemImpl.java:stop(216)) - HddsDatanode metrics system stopped.
]]></system-out>
  </testcase>
</testsuite>