<?xml version="1.0" encoding="UTF-8"?>
<testsuite xmlns:xsi="http://www.w3.org/2001/XMLSchema-instance" xsi:noNamespaceSchemaLocation="https://maven.apache.org/surefire/maven-surefire-plugin/xsd/surefire-test-report-3.0.xsd" version="3.0" name="org.apache.hadoop.hdds.scm.TestRatisPipelineLeader" time="38.368" tests="2" errors="0" skipped="0" failures="2">
  <properties>
    <property name="awt.toolkit" value="sun.awt.X11.XToolkit"/>
    <property name="file.encoding.pkg" value="sun.io"/>
    <property name="java.specification.version" value="1.8"/>
    <property name="sun.cpu.isalist" value=""/>
    <property name="sun.jnu.encoding" value="UTF-8"/>
    <property name="java.class.path" value="/home/runner/work/ozone/ozone/hadoop-ozone/integration-test/target/test-classes:/home/runner/work/ozone/ozone/hadoop-ozone/integration-test/target/classes:/home/runner/.m2/repository/org/apache/ozone/ozone-common/1.3.0-SNAPSHOT/ozone-common-1.3.0-SNAPSHOT.jar:/home/runner/.m2/repository/io/grpc/grpc-netty/1.44.0/grpc-netty-1.44.0.jar:/home/runner/.m2/repository/io/grpc/grpc-core/1.44.0/grpc-core-1.44.0.jar:/home/runner/.m2/repository/com/google/android/annotations/4.1.1.4/annotations-4.1.1.4.jar:/home/runner/.m2/repository/org/codehaus/mojo/animal-sniffer-annotations/1.19/animal-sniffer-annotations-1.19.jar:/home/runner/.m2/repository/com/google/errorprone/error_prone_annotations/2.2.0/error_prone_annotations-2.2.0.jar:/home/runner/.m2/repository/io/perfmark/perfmark-api/0.23.0/perfmark-api-0.23.0.jar:/home/runner/.m2/repository/io/netty/netty-codec-http2/4.1.74.Final/netty-codec-http2-4.1.74.Final.jar:/home/runner/.m2/repository/io/netty/netty-common/4.1.74.Final/netty-common-4.1.74.Final.jar:/home/runner/.m2/repository/io/netty/netty-buffer/4.1.74.Final/netty-buffer-4.1.74.Final.jar:/home/runner/.m2/repository/io/netty/netty-codec-http/4.1.74.Final/netty-codec-http-4.1.74.Final.jar:/home/runner/.m2/repository/io/netty/netty-handler-proxy/4.1.74.Final/netty-handler-proxy-4.1.74.Final.jar:/home/runner/.m2/repository/io/netty/netty-codec-socks/4.1.74.Final/netty-codec-socks-4.1.74.Final.jar:/home/runner/.m2/repository/io/netty/netty-tcnative-boringssl-static/2.0.48.Final/netty-tcnative-boringssl-static-2.0.48.Final.jar:/home/runner/.m2/repository/io/netty/netty-tcnative-classes/2.0.48.Final/netty-tcnative-classes-2.0.48.Final.jar:/home/runner/.m2/repository/io/netty/netty-tcnative/2.0.48.Final/netty-tcnative-2.0.48.Final.jar:/home/runner/.m2/repository/org/apache/commons/commons-compress/1.21/commons-compress-1.21.jar:/home/runner/.m2/repository/org/apache/ozone/hdds-common/1.3.0-SNAPSHOT/hdds-common-1.3.0-SNAPSHOT.jar:/home/runner/.m2/repository/org/apache/ozone/hdds-client/1.3.0-SNAPSHOT/hdds-client-1.3.0-SNAPSHOT.jar:/home/runner/.m2/repository/org/apache/ozone/ozone-interface-client/1.3.0-SNAPSHOT/ozone-interface-client-1.3.0-SNAPSHOT.jar:/home/runner/.m2/repository/org/apache/ozone/hdds-test-utils/1.3.0-SNAPSHOT/hdds-test-utils-1.3.0-SNAPSHOT.jar:/home/runner/.m2/repository/com/google/guava/guava/31.1-jre/guava-31.1-jre.jar:/home/runner/.m2/repository/com/google/guava/failureaccess/1.0.1/failureaccess-1.0.1.jar:/home/runner/.m2/repository/com/google/guava/listenablefuture/9999.0-empty-to-avoid-conflict-with-guava/listenablefuture-9999.0-empty-to-avoid-conflict-with-guava.jar:/home/runner/.m2/repository/com/google/code/findbugs/jsr305/3.0.0/jsr305-3.0.0.jar:/home/runner/.m2/repository/org/checkerframework/checker-qual/3.12.0/checker-qual-3.12.0.jar:/home/runner/.m2/repository/com/google/j2objc/j2objc-annotations/1.3/j2objc-annotations-1.3.jar:/home/runner/.m2/repository/commons-io/commons-io/2.11.0/commons-io-2.11.0.jar:/home/runner/.m2/repository/commons-logging/commons-logging/1.2/commons-logging-1.2.jar:/home/runner/.m2/repository/log4j/log4j/1.2.17/log4j-1.2.17.jar:/home/runner/.m2/repository/org/slf4j/slf4j-api/1.7.30/slf4j-api-1.7.30.jar:/home/runner/.m2/repository/org/apache/ozone/hdds-server-scm/1.3.0-SNAPSHOT/hdds-server-scm-1.3.0-SNAPSHOT.jar:/home/runner/.m2/repository/org/apache/ozone/hdds-container-service/1.3.0-SNAPSHOT/hdds-container-service-1.3.0-SNAPSHOT.jar:/home/runner/.m2/repository/org/apache/ozone/hdds-hadoop-dependency-server/1.3.0-SNAPSHOT/hdds-hadoop-dependency-server-1.3.0-SNAPSHOT.jar:/home/runner/.m2/repository/org/apache/hadoop/hadoop-hdfs/3.3.1/hadoop-hdfs-3.3.1.jar:/home/runner/.m2/repository/org/apache/ozone/hdds-server-framework/1.3.0-SNAPSHOT/hdds-server-framework-1.3.0-SNAPSHOT.jar:/home/runner/.m2/repository/org/apache/ozone/hdds-interface-server/1.3.0-SNAPSHOT/hdds-interface-server-1.3.0-SNAPSHOT.jar:/home/runner/.m2/repository/org/apache/logging/log4j/log4j-core/2.17.1/log4j-core-2.17.1.jar:/home/runner/.m2/repository/com/lmax/disruptor/3.4.2/disruptor-3.4.2.jar:/home/runner/.m2/repository/org/eclipse/jetty/jetty-servlet/9.4.43.v20210629/jetty-servlet-9.4.43.v20210629.jar:/home/runner/.m2/repository/org/eclipse/jetty/jetty-security/9.4.43.v20210629/jetty-security-9.4.43.v20210629.jar:/home/runner/.m2/repository/org/rocksdb/rocksdbjni/7.2.2/rocksdbjni-7.2.2.jar:/home/runner/.m2/repository/io/prometheus/simpleclient_dropwizard/0.7.0/simpleclient_dropwizard-0.7.0.jar:/home/runner/.m2/repository/io/prometheus/simpleclient/0.7.0/simpleclient-0.7.0.jar:/home/runner/.m2/repository/io/prometheus/simpleclient_common/0.7.0/simpleclient_common-0.7.0.jar:/home/runner/.m2/repository/io/dropwizard/metrics/metrics-core/3.2.4/metrics-core-3.2.4.jar:/home/runner/.m2/repository/org/apache/hadoop/hadoop-hdfs-client/3.3.1/hadoop-hdfs-client-3.3.1.jar:/home/runner/.m2/repository/org/bouncycastle/bcprov-jdk15on/1.67/bcprov-jdk15on-1.67.jar:/home/runner/.m2/repository/com/google/protobuf/protobuf-java/2.5.0/protobuf-java-2.5.0.jar:/home/runner/.m2/repository/org/apache/ozone/ozone-manager/1.3.0-SNAPSHOT/ozone-manager-1.3.0-SNAPSHOT.jar:/home/runner/.m2/repository/org/aspectj/aspectjrt/1.9.7/aspectjrt-1.9.7.jar:/home/runner/.m2/repository/org/aspectj/aspectjweaver/1.9.7/aspectjweaver-1.9.7.jar:/home/runner/.m2/repository/org/apache/ozone/hdds-interface-client/1.3.0-SNAPSHOT/hdds-interface-client-1.3.0-SNAPSHOT.jar:/home/runner/.m2/repository/org/apache/hadoop/thirdparty/hadoop-shaded-protobuf_3_7/1.1.1/hadoop-shaded-protobuf_3_7-1.1.1.jar:/home/runner/.m2/repository/org/apache/ozone/ozone-interface-storage/1.3.0-SNAPSHOT/ozone-interface-storage-1.3.0-SNAPSHOT.jar:/home/runner/.m2/repository/org/reflections/reflections/0.9.11/reflections-0.9.11.jar:/home/runner/.m2/repository/com/sun/jersey/jersey-client/1.19/jersey-client-1.19.jar:/home/runner/.m2/repository/org/apache/ranger/ranger-intg/3.0.0-SNAPSHOT/ranger-intg-3.0.0-SNAPSHOT.jar:/home/runner/.m2/repository/org/apache/ranger/ranger-plugins-common/3.0.0-SNAPSHOT/ranger-plugins-common-3.0.0-SNAPSHOT.jar:/home/runner/.m2/repository/commons-lang/commons-lang/2.6/commons-lang-2.6.jar:/home/runner/.m2/repository/org/codehaus/jackson/jackson-jaxrs/1.9.13/jackson-jaxrs-1.9.13.jar:/home/runner/.m2/repository/org/apache/ranger/ranger-plugins-cred/3.0.0-SNAPSHOT/ranger-plugins-cred-3.0.0-SNAPSHOT.jar:/home/runner/.m2/repository/org/apache/ranger/ranger-plugins-audit/3.0.0-SNAPSHOT/ranger-plugins-audit-3.0.0-SNAPSHOT.jar:/home/runner/.m2/repository/org/apache/kafka/kafka-clients/2.8.1/kafka-clients-2.8.1.jar:/home/runner/.m2/repository/com/github/luben/zstd-jni/1.4.9-1/zstd-jni-1.4.9-1.jar:/home/runner/.m2/repository/org/apache/solr/solr-solrj/8.6.3/solr-solrj-8.6.3.jar:/home/runner/.m2/repository/org/eclipse/jetty/jetty-client/9.4.44.v20210927/jetty-client-9.4.44.v20210927.jar:/home/runner/.m2/repository/org/apache/httpcomponents/httpmime/4.5.13/httpmime-4.5.13.jar:/home/runner/.m2/repository/org/apache/httpcomponents/httpcore-nio/4.4.14/httpcore-nio-4.4.14.jar:/home/runner/.m2/repository/org/apache/httpcomponents/httpasyncclient/4.1.4/httpasyncclient-4.1.4.jar:/home/runner/.m2/repository/com/carrotsearch/hppc/0.8.0/hppc-0.8.0.jar:/home/runner/.m2/repository/org/apache/hive/hive-storage-api/2.7.2/hive-storage-api-2.7.2.jar:/home/runner/.m2/repository/org/apache/orc/orc-core/1.5.8/orc-core-1.5.8.jar:/home/runner/.m2/repository/com/amazonaws/aws-java-sdk-bundle/1.12.125/aws-java-sdk-bundle-1.12.125.jar:/home/runner/.m2/repository/net/java/dev/jna/jna/5.2.0/jna-5.2.0.jar:/home/runner/.m2/repository/net/java/dev/jna/jna-platform/5.2.0/jna-platform-5.2.0.jar:/home/runner/.m2/repository/com/kstruct/gethostname4j/0.0.2/gethostname4j-0.0.2.jar:/home/runner/.m2/repository/org/apache/ranger/ranger-plugin-classloader/3.0.0-SNAPSHOT/ranger-plugin-classloader-3.0.0-SNAPSHOT.jar:/home/runner/.m2/repository/org/apache/hadoop/hadoop-minikdc/3.3.1/hadoop-minikdc-3.3.1.jar:/home/runner/.m2/repository/org/apache/kerby/kerb-simplekdc/1.0.1/kerb-simplekdc-1.0.1.jar:/home/runner/.m2/repository/org/apache/kerby/kerb-client/1.0.1/kerb-client-1.0.1.jar:/home/runner/.m2/repository/org/apache/kerby/kerby-config/1.0.1/kerby-config-1.0.1.jar:/home/runner/.m2/repository/org/apache/kerby/kerb-common/1.0.1/kerb-common-1.0.1.jar:/home/runner/.m2/repository/org/apache/kerby/kerb-crypto/1.0.1/kerb-crypto-1.0.1.jar:/home/runner/.m2/repository/org/apache/kerby/kerb-util/1.0.1/kerb-util-1.0.1.jar:/home/runner/.m2/repository/org/apache/kerby/token-provider/1.0.1/token-provider-1.0.1.jar:/home/runner/.m2/repository/org/apache/kerby/kerb-admin/1.0.1/kerb-admin-1.0.1.jar:/home/runner/.m2/repository/org/apache/kerby/kerb-server/1.0.1/kerb-server-1.0.1.jar:/home/runner/.m2/repository/org/apache/kerby/kerb-identity/1.0.1/kerb-identity-1.0.1.jar:/home/runner/.m2/repository/org/apache/kerby/kerby-xdr/1.0.1/kerby-xdr-1.0.1.jar:/home/runner/.m2/repository/org/slf4j/slf4j-log4j12/1.7.30/slf4j-log4j12-1.7.30.jar:/home/runner/.m2/repository/org/apache/ozone/ozone-s3gateway/1.3.0-SNAPSHOT/ozone-s3gateway-1.3.0-SNAPSHOT.jar:/home/runner/.m2/repository/org/javassist/javassist/3.21.0-GA/javassist-3.21.0-GA.jar:/home/runner/.m2/repository/org/jboss/weld/servlet/weld-servlet/2.4.7.Final/weld-servlet-2.4.7.Final.jar:/home/runner/.m2/repository/org/glassfish/jersey/containers/jersey-container-servlet-core/2.33/jersey-container-servlet-core-2.33.jar:/home/runner/.m2/repository/org/glassfish/hk2/external/jakarta.inject/2.6.1/jakarta.inject-2.6.1.jar:/home/runner/.m2/repository/org/glassfish/jersey/core/jersey-common/2.33/jersey-common-2.33.jar:/home/runner/.m2/repository/jakarta/ws/rs/jakarta.ws.rs-api/2.1.6/jakarta.ws.rs-api-2.1.6.jar:/home/runner/.m2/repository/org/glassfish/jersey/ext/cdi/jersey-cdi1x/2.33/jersey-cdi1x-2.33.jar:/home/runner/.m2/repository/org/glassfish/jersey/inject/jersey-hk2/2.33/jersey-hk2-2.33.jar:/home/runner/.m2/repository/org/glassfish/hk2/hk2-locator/2.6.1/hk2-locator-2.6.1.jar:/home/runner/.m2/repository/org/glassfish/jersey/media/jersey-media-jaxb/2.33/jersey-media-jaxb-2.33.jar:/home/runner/.m2/repository/org/glassfish/hk2/osgi-resource-locator/1.0.3/osgi-resource-locator-1.0.3.jar:/home/runner/.m2/repository/org/glassfish/hk2/hk2-api/2.5.0/hk2-api-2.5.0.jar:/home/runner/.m2/repository/org/glassfish/hk2/hk2-utils/2.5.0/hk2-utils-2.5.0.jar:/home/runner/.m2/repository/org/glassfish/hk2/external/aopalliance-repackaged/2.5.0/aopalliance-repackaged-2.5.0.jar:/home/runner/.m2/repository/com/fasterxml/jackson/dataformat/jackson-dataformat-xml/2.13.2/jackson-dataformat-xml-2.13.2.jar:/home/runner/.m2/repository/com/fasterxml/jackson/core/jackson-core/2.13.2/jackson-core-2.13.2.jar:/home/runner/.m2/repository/org/codehaus/woodstox/stax2-api/3.1.4/stax2-api-3.1.4.jar:/home/runner/.m2/repository/com/fasterxml/woodstox/woodstox-core/5.0.3/woodstox-core-5.0.3.jar:/home/runner/.m2/repository/com/fasterxml/jackson/module/jackson-module-jaxb-annotations/2.13.2/jackson-module-jaxb-annotations-2.13.2.jar:/home/runner/.m2/repository/jakarta/xml/bind/jakarta.xml.bind-api/2.3.3/jakarta.xml.bind-api-2.3.3.jar:/home/runner/.m2/repository/jakarta/activation/jakarta.activation-api/1.2.1/jakarta.activation-api-1.2.1.jar:/home/runner/.m2/repository/javax/enterprise/cdi-api/1.2/cdi-api-1.2.jar:/home/runner/.m2/repository/javax/el/javax.el-api/3.0.0/javax.el-api-3.0.0.jar:/home/runner/.m2/repository/javax/interceptor/javax.interceptor-api/1.2/javax.interceptor-api-1.2.jar:/home/runner/.m2/repository/javax/inject/javax.inject/1/javax.inject-1.jar:/home/runner/.m2/repository/javax/xml/bind/jaxb-api/2.3.0/jaxb-api-2.3.0.jar:/home/runner/.m2/repository/org/glassfish/jaxb/jaxb-runtime/2.3.0.1/jaxb-runtime-2.3.0.1.jar:/home/runner/.m2/repository/org/glassfish/jaxb/jaxb-core/2.3.0.1/jaxb-core-2.3.0.1.jar:/home/runner/.m2/repository/org/glassfish/jaxb/txw2/2.3.0.1/txw2-2.3.0.1.jar:/home/runner/.m2/repository/com/sun/istack/istack-commons-runtime/3.0.5/istack-commons-runtime-3.0.5.jar:/home/runner/.m2/repository/org/jvnet/staxex/stax-ex/1.7.8/stax-ex-1.7.8.jar:/home/runner/.m2/repository/com/sun/xml/fastinfoset/FastInfoset/1.2.13/FastInfoset-1.2.13.jar:/home/runner/.m2/repository/javax/activation/activation/1.1.1/activation-1.1.1.jar:/home/runner/.m2/repository/io/grpc/grpc-protobuf/1.44.0/grpc-protobuf-1.44.0.jar:/home/runner/.m2/repository/io/grpc/grpc-api/1.44.0/grpc-api-1.44.0.jar:/home/runner/.m2/repository/io/grpc/grpc-context/1.44.0/grpc-context-1.44.0.jar:/home/runner/.m2/repository/com/google/api/grpc/proto-google-common-protos/2.0.1/proto-google-common-protos-2.0.1.jar:/home/runner/.m2/repository/io/grpc/grpc-protobuf-lite/1.44.0/grpc-protobuf-lite-1.44.0.jar:/home/runner/.m2/repository/io/grpc/grpc-stub/1.44.0/grpc-stub-1.44.0.jar:/home/runner/.m2/repository/io/netty/netty-transport/4.1.74.Final/netty-transport-4.1.74.Final.jar:/home/runner/.m2/repository/io/netty/netty-resolver/4.1.74.Final/netty-resolver-4.1.74.Final.jar:/home/runner/.m2/repository/org/apache/ozone/ozone-csi/1.3.0-SNAPSHOT/ozone-csi-1.3.0-SNAPSHOT.jar:/home/runner/.m2/repository/com/google/protobuf/protobuf-java-util/3.19.2/protobuf-java-util-3.19.2.jar:/home/runner/.m2/repository/com/google/code/gson/gson/2.8.9/gson-2.8.9.jar:/home/runner/.m2/repository/org/apache/ozone/hdds-config/1.3.0-SNAPSHOT/hdds-config-1.3.0-SNAPSHOT.jar:/home/runner/.m2/repository/io/netty/netty-transport-native-epoll/4.1.74.Final/netty-transport-native-epoll-4.1.74.Final-linux-x86_64.jar:/home/runner/.m2/repository/io/netty/netty-transport-classes-epoll/4.1.74.Final/netty-transport-classes-epoll-4.1.74.Final.jar:/home/runner/.m2/repository/io/netty/netty-transport-native-unix-common/4.1.74.Final/netty-transport-native-unix-common-4.1.74.Final.jar:/home/runner/.m2/repository/org/apache/ozone/ozone-recon/1.3.0-SNAPSHOT/ozone-recon-1.3.0-SNAPSHOT.jar:/home/runner/.m2/repository/org/apache/ozone/ozone-reconcodegen/1.3.0-SNAPSHOT/ozone-reconcodegen-1.3.0-SNAPSHOT.jar:/home/runner/.m2/repository/com/google/inject/extensions/guice-multibindings/4.0/guice-multibindings-4.0.jar:/home/runner/.m2/repository/com/google/inject/guice/4.0/guice-4.0.jar:/home/runner/.m2/repository/aopalliance/aopalliance/1.0/aopalliance-1.0.jar:/home/runner/.m2/repository/com/google/inject/extensions/guice-assistedinject/4.0/guice-assistedinject-4.0.jar:/home/runner/.m2/repository/com/google/inject/extensions/guice-servlet/4.0/guice-servlet-4.0.jar:/home/runner/.m2/repository/org/glassfish/jersey/containers/jersey-container-servlet/2.33/jersey-container-servlet-2.33.jar:/home/runner/.m2/repository/org/glassfish/hk2/guice-bridge/2.5.0/guice-bridge-2.5.0.jar:/home/runner/.m2/repository/org/glassfish/jersey/core/jersey-server/2.33/jersey-server-2.33.jar:/home/runner/.m2/repository/org/glassfish/jersey/core/jersey-client/2.33/jersey-client-2.33.jar:/home/runner/.m2/repository/jakarta/annotation/jakarta.annotation-api/1.3.5/jakarta.annotation-api-1.3.5.jar:/home/runner/.m2/repository/jakarta/validation/jakarta.validation-api/2.0.2/jakarta.validation-api-2.0.2.jar:/home/runner/.m2/repository/org/glassfish/jersey/media/jersey-media-json-jackson/2.33/jersey-media-json-jackson-2.33.jar:/home/runner/.m2/repository/org/glassfish/jersey/ext/jersey-entity-filtering/2.33/jersey-entity-filtering-2.33.jar:/home/runner/.m2/repository/org/jooq/jooq/3.11.10/jooq-3.11.10.jar:/home/runner/.m2/repository/org/jooq/jooq-meta/3.11.10/jooq-meta-3.11.10.jar:/home/runner/.m2/repository/org/jooq/jooq-codegen/3.11.10/jooq-codegen-3.11.10.jar:/home/runner/.m2/repository/com/jolbox/bonecp/0.8.0.RELEASE/bonecp-0.8.0.RELEASE.jar:/home/runner/.m2/repository/org/apache/derby/derby/10.14.2.0/derby-10.14.2.0.jar:/home/runner/.m2/repository/org/xerial/sqlite-jdbc/3.25.2/sqlite-jdbc-3.25.2.jar:/home/runner/.m2/repository/org/springframework/spring-jdbc/5.2.20.RELEASE/spring-jdbc-5.2.20.RELEASE.jar:/home/runner/.m2/repository/org/springframework/spring-beans/5.2.20.RELEASE/spring-beans-5.2.20.RELEASE.jar:/home/runner/.m2/repository/org/springframework/spring-core/5.2.20.RELEASE/spring-core-5.2.20.RELEASE.jar:/home/runner/.m2/repository/org/springframework/spring-jcl/5.2.20.RELEASE/spring-jcl-5.2.20.RELEASE.jar:/home/runner/.m2/repository/org/springframework/spring-tx/5.2.20.RELEASE/spring-tx-5.2.20.RELEASE.jar:/home/runner/.m2/repository/org/apache/ozone/ozone-client/1.3.0-SNAPSHOT/ozone-client-1.3.0-SNAPSHOT.jar:/home/runner/.m2/repository/org/apache/ozone/hdds-erasurecode/1.3.0-SNAPSHOT/hdds-erasurecode-1.3.0-SNAPSHOT.jar:/home/runner/.m2/repository/com/github/spotbugs/spotbugs-annotations/3.1.12/spotbugs-annotations-3.1.12.jar:/home/runner/.m2/repository/org/apache/ozone/ozone-filesystem/1.3.0-SNAPSHOT/ozone-filesystem-1.3.0-SNAPSHOT.jar:/home/runner/.m2/repository/org/apache/ozone/ozone-filesystem-common/1.3.0-SNAPSHOT/ozone-filesystem-common-1.3.0-SNAPSHOT.jar:/home/runner/.m2/repository/org/apache/ozone/ozone-tools/1.3.0-SNAPSHOT/ozone-tools-1.3.0-SNAPSHOT.jar:/home/runner/.m2/repository/org/apache/ratis/ratis-tools/2.3.0/ratis-tools-2.3.0.jar:/home/runner/.m2/repository/com/amazonaws/aws-java-sdk-core/1.12.124/aws-java-sdk-core-1.12.124.jar:/home/runner/.m2/repository/org/apache/httpcomponents/httpclient/4.5.13/httpclient-4.5.13.jar:/home/runner/.m2/repository/org/apache/httpcomponents/httpcore/4.4.13/httpcore-4.4.13.jar:/home/runner/.m2/repository/software/amazon/ion/ion-java/1.0.2/ion-java-1.0.2.jar:/home/runner/.m2/repository/com/fasterxml/jackson/dataformat/jackson-dataformat-cbor/2.13.2/jackson-dataformat-cbor-2.13.2.jar:/home/runner/.m2/repository/joda-time/joda-time/2.8.1/joda-time-2.8.1.jar:/home/runner/.m2/repository/com/amazonaws/aws-java-sdk-s3/1.12.124/aws-java-sdk-s3-1.12.124.jar:/home/runner/.m2/repository/com/amazonaws/aws-java-sdk-kms/1.12.124/aws-java-sdk-kms-1.12.124.jar:/home/runner/.m2/repository/com/amazonaws/jmespath-java/1.12.124/jmespath-java-1.12.124.jar:/home/runner/.m2/repository/org/kohsuke/metainf-services/metainf-services/1.8/metainf-services-1.8.jar:/home/runner/.m2/repository/org/apache/ozone/hdds-tools/1.3.0-SNAPSHOT/hdds-tools-1.3.0-SNAPSHOT.jar:/home/runner/.m2/repository/commons-cli/commons-cli/1.2/commons-cli-1.2.jar:/home/runner/.m2/repository/org/apache/commons/commons-lang3/3.7/commons-lang3-3.7.jar:/home/runner/.m2/repository/org/apache/ozone/ozone-manager/1.3.0-SNAPSHOT/ozone-manager-1.3.0-SNAPSHOT-tests.jar:/home/runner/.m2/repository/org/apache/ozone/hdds-common/1.3.0-SNAPSHOT/hdds-common-1.3.0-SNAPSHOT-tests.jar:/home/runner/.m2/repository/org/apache/ozone/hdds-hadoop-dependency-client/1.3.0-SNAPSHOT/hdds-hadoop-dependency-client-1.3.0-SNAPSHOT.jar:/home/runner/.m2/repository/info/picocli/picocli/4.6.1/picocli-4.6.1.jar:/home/runner/.m2/repository/com/fasterxml/jackson/core/jackson-annotations/2.13.2/jackson-annotations-2.13.2.jar:/home/runner/.m2/repository/com/fasterxml/jackson/datatype/jackson-datatype-jsr310/2.13.2/jackson-datatype-jsr310-2.13.2.jar:/home/runner/.m2/repository/javax/annotation/javax.annotation-api/1.2/javax.annotation-api-1.2.jar:/home/runner/.m2/repository/org/apache/ratis/ratis-server/2.3.0/ratis-server-2.3.0.jar:/home/runner/.m2/repository/org/apache/ratis/ratis-client/2.3.0/ratis-client-2.3.0.jar:/home/runner/.m2/repository/org/apache/ratis/ratis-server-api/2.3.0/ratis-server-api-2.3.0.jar:/home/runner/.m2/repository/org/apache/ratis/ratis-metrics/2.3.0/ratis-metrics-2.3.0.jar:/home/runner/.m2/repository/org/apache/ratis/ratis-netty/2.3.0/ratis-netty-2.3.0.jar:/home/runner/.m2/repository/org/apache/ratis/ratis-grpc/2.3.0/ratis-grpc-2.3.0.jar:/home/runner/.m2/repository/org/apache/logging/log4j/log4j-api/2.17.1/log4j-api-2.17.1.jar:/home/runner/.m2/repository/org/apache/commons/commons-pool2/2.6.0/commons-pool2-2.6.0.jar:/home/runner/.m2/repository/org/bouncycastle/bcpkix-jdk15on/1.67/bcpkix-jdk15on-1.67.jar:/home/runner/.m2/repository/commons-validator/commons-validator/1.6/commons-validator-1.6.jar:/home/runner/.m2/repository/commons-beanutils/commons-beanutils/1.9.4/commons-beanutils-1.9.4.jar:/home/runner/.m2/repository/commons-digester/commons-digester/1.8.1/commons-digester-1.8.1.jar:/home/runner/.m2/repository/commons-collections/commons-collections/3.2.2/commons-collections-3.2.2.jar:/home/runner/.m2/repository/io/jaegertracing/jaeger-client/1.6.0/jaeger-client-1.6.0.jar:/home/runner/.m2/repository/io/jaegertracing/jaeger-thrift/1.6.0/jaeger-thrift-1.6.0.jar:/home/runner/.m2/repository/org/apache/thrift/libthrift/0.14.1/libthrift-0.14.1.jar:/home/runner/.m2/repository/com/squareup/okhttp3/okhttp/4.9.0/okhttp-4.9.0.jar:/home/runner/.m2/repository/com/squareup/okio/okio/2.8.0/okio-2.8.0.jar:/home/runner/.m2/repository/io/jaegertracing/jaeger-core/1.6.0/jaeger-core-1.6.0.jar:/home/runner/.m2/repository/io/jaegertracing/jaeger-tracerresolver/1.6.0/jaeger-tracerresolver-1.6.0.jar:/home/runner/.m2/repository/io/opentracing/contrib/opentracing-tracerresolver/0.1.8/opentracing-tracerresolver-0.1.8.jar:/home/runner/.m2/repository/org/jetbrains/kotlin/kotlin-stdlib/1.4.31/kotlin-stdlib-1.4.31.jar:/home/runner/.m2/repository/org/jetbrains/kotlin/kotlin-stdlib-common/1.4.31/kotlin-stdlib-common-1.4.31.jar:/home/runner/.m2/repository/org/jetbrains/annotations/13.0/annotations-13.0.jar:/home/runner/.m2/repository/io/opentracing/opentracing-util/0.33.0/opentracing-util-0.33.0.jar:/home/runner/.m2/repository/io/opentracing/opentracing-api/0.33.0/opentracing-api-0.33.0.jar:/home/runner/.m2/repository/io/opentracing/opentracing-noop/0.33.0/opentracing-noop-0.33.0.jar:/home/runner/.m2/repository/org/yaml/snakeyaml/1.26/snakeyaml-1.26.jar:/home/runner/.m2/repository/org/apache/ozone/hdds-interface-admin/1.3.0-SNAPSHOT/hdds-interface-admin-1.3.0-SNAPSHOT.jar:/home/runner/.m2/repository/junit/junit/4.13.1/junit-4.13.1.jar:/home/runner/.m2/repository/org/hamcrest/hamcrest-core/1.3/hamcrest-core-1.3.jar:/home/runner/.m2/repository/org/junit/jupiter/junit-jupiter-api/5.8.2/junit-jupiter-api-5.8.2.jar:/home/runner/.m2/repository/org/opentest4j/opentest4j/1.2.0/opentest4j-1.2.0.jar:/home/runner/.m2/repository/org/junit/platform/junit-platform-commons/1.8.2/junit-platform-commons-1.8.2.jar:/home/runner/.m2/repository/org/apiguardian/apiguardian-api/1.1.2/apiguardian-api-1.1.2.jar:/home/runner/.m2/repository/org/junit/jupiter/junit-jupiter-params/5.8.2/junit-jupiter-params-5.8.2.jar:/home/runner/.m2/repository/org/junit/jupiter/junit-jupiter-migrationsupport/5.8.2/junit-jupiter-migrationsupport-5.8.2.jar:/home/runner/.m2/repository/org/junit/jupiter/junit-jupiter-engine/5.8.2/junit-jupiter-engine-5.8.2.jar:/home/runner/.m2/repository/org/junit/platform/junit-platform-engine/1.8.2/junit-platform-engine-1.8.2.jar:/home/runner/.m2/repository/org/junit/vintage/junit-vintage-engine/5.8.2/junit-vintage-engine-5.8.2.jar:/home/runner/.m2/repository/org/junit/platform/junit-platform-launcher/1.8.2/junit-platform-launcher-1.8.2.jar:/home/runner/.m2/repository/org/mockito/mockito-core/2.28.2/mockito-core-2.28.2.jar:/home/runner/.m2/repository/net/bytebuddy/byte-buddy/1.9.10/byte-buddy-1.9.10.jar:/home/runner/.m2/repository/net/bytebuddy/byte-buddy-agent/1.9.10/byte-buddy-agent-1.9.10.jar:/home/runner/.m2/repository/org/objenesis/objenesis/1.0/objenesis-1.0.jar:/home/runner/.m2/repository/org/apache/hadoop/hadoop-kms/3.3.1/hadoop-kms-3.3.1.jar:/home/runner/.m2/repository/org/apache/hadoop/hadoop-auth/3.3.1/hadoop-auth-3.3.1.jar:/home/runner/.m2/repository/com/nimbusds/nimbus-jose-jwt/7.9/nimbus-jose-jwt-7.9.jar:/home/runner/.m2/repository/com/github/stephenc/jcip/jcip-annotations/1.0-1/jcip-annotations-1.0-1.jar:/home/runner/.m2/repository/net/minidev/json-smart/2.4.7/json-smart-2.4.7.jar:/home/runner/.m2/repository/net/minidev/accessors-smart/2.4.7/accessors-smart-2.4.7.jar:/home/runner/.m2/repository/org/ow2/asm/asm/5.0.4/asm-5.0.4.jar:/home/runner/.m2/repository/org/apache/zookeeper/zookeeper/3.5.6/zookeeper-3.5.6.jar:/home/runner/.m2/repository/org/apache/zookeeper/zookeeper-jute/3.5.6/zookeeper-jute-3.5.6.jar:/home/runner/.m2/repository/org/apache/yetus/audience-annotations/0.5.0/audience-annotations-0.5.0.jar:/home/runner/.m2/repository/org/apache/curator/curator-framework/4.2.0/curator-framework-4.2.0.jar:/home/runner/.m2/repository/org/apache/hadoop/thirdparty/hadoop-shaded-guava/1.1.1/hadoop-shaded-guava-1.1.1.jar:/home/runner/.m2/repository/com/sun/jersey/jersey-core/1.19/jersey-core-1.19.jar:/home/runner/.m2/repository/javax/ws/rs/jsr311-api/1.1.1/jsr311-api-1.1.1.jar:/home/runner/.m2/repository/com/sun/jersey/jersey-server/1.19/jersey-server-1.19.jar:/home/runner/.m2/repository/javax/servlet/javax.servlet-api/3.1.0/javax.servlet-api-3.1.0.jar:/home/runner/.m2/repository/org/eclipse/jetty/jetty-server/9.4.43.v20210629/jetty-server-9.4.43.v20210629.jar:/home/runner/.m2/repository/org/eclipse/jetty/jetty-http/9.4.43.v20210629/jetty-http-9.4.43.v20210629.jar:/home/runner/.m2/repository/org/eclipse/jetty/jetty-io/9.4.43.v20210629/jetty-io-9.4.43.v20210629.jar:/home/runner/.m2/repository/org/eclipse/jetty/jetty-webapp/9.4.43.v20210629/jetty-webapp-9.4.43.v20210629.jar:/home/runner/.m2/repository/org/eclipse/jetty/jetty-xml/9.4.43.v20210629/jetty-xml-9.4.43.v20210629.jar:/home/runner/.m2/repository/org/apache/hadoop/hadoop-common/3.3.1/hadoop-common-3.3.1.jar:/home/runner/.m2/repository/org/apache/commons/commons-math3/3.1.1/commons-math3-3.1.1.jar:/home/runner/.m2/repository/commons-net/commons-net/3.6/commons-net-3.6.jar:/home/runner/.m2/repository/com/sun/jersey/jersey-servlet/1.19/jersey-servlet-1.19.jar:/home/runner/.m2/repository/com/sun/jersey/jersey-json/1.19/jersey-json-1.19.jar:/home/runner/.m2/repository/org/codehaus/jettison/jettison/1.1/jettison-1.1.jar:/home/runner/.m2/repository/com/sun/xml/bind/jaxb-impl/2.2.3-1/jaxb-impl-2.2.3-1.jar:/home/runner/.m2/repository/org/codehaus/jackson/jackson-xc/1.9.2/jackson-xc-1.9.2.jar:/home/runner/.m2/repository/org/apache/commons/commons-configuration2/2.1.1/commons-configuration2-2.1.1.jar:/home/runner/.m2/repository/org/apache/commons/commons-text/1.4/commons-text-1.4.jar:/home/runner/.m2/repository/com/google/re2j/re2j/1.1/re2j-1.1.jar:/home/runner/.m2/repository/com/jcraft/jsch/0.1.54/jsch-0.1.54.jar:/home/runner/.m2/repository/org/apache/curator/curator-client/4.2.0/curator-client-4.2.0.jar:/home/runner/.m2/repository/org/apache/curator/curator-recipes/4.2.0/curator-recipes-4.2.0.jar:/home/runner/.m2/repository/org/apache/kerby/kerb-core/1.0.1/kerb-core-1.0.1.jar:/home/runner/.m2/repository/org/apache/kerby/kerby-pkix/1.0.1/kerby-pkix-1.0.1.jar:/home/runner/.m2/repository/org/apache/kerby/kerby-asn1/1.0.1/kerby-asn1-1.0.1.jar:/home/runner/.m2/repository/org/apache/kerby/kerby-util/1.0.1/kerby-util-1.0.1.jar:/home/runner/.m2/repository/dnsjava/dnsjava/2.1.7/dnsjava-2.1.7.jar:/home/runner/.m2/repository/org/xerial/snappy/snappy-java/1.1.8.2/snappy-java-1.1.8.2.jar:/home/runner/.m2/repository/org/slf4j/jul-to-slf4j/1.7.30/jul-to-slf4j-1.7.30.jar:/home/runner/.m2/repository/org/eclipse/jetty/jetty-util/9.4.43.v20210629/jetty-util-9.4.43.v20210629.jar:/home/runner/.m2/repository/com/fasterxml/jackson/core/jackson-databind/2.13.2.2/jackson-databind-2.13.2.2.jar:/home/runner/.m2/repository/org/apache/hadoop/hadoop-kms/3.3.1/hadoop-kms-3.3.1-tests.jar:/home/runner/.m2/repository/org/apache/ozone/hdds-server-scm/1.3.0-SNAPSHOT/hdds-server-scm-1.3.0-SNAPSHOT-tests.jar:/home/runner/.m2/repository/org/apache/ozone/hdds-container-service/1.3.0-SNAPSHOT/hdds-container-service-1.3.0-SNAPSHOT-tests.jar:/home/runner/.m2/repository/commons-codec/commons-codec/1.11/commons-codec-1.11.jar:/home/runner/.m2/repository/io/netty/netty-codec/4.1.74.Final/netty-codec-4.1.74.Final.jar:/home/runner/.m2/repository/io/netty/netty-handler/4.1.74.Final/netty-handler-4.1.74.Final.jar:/home/runner/.m2/repository/org/apache/ozone/hdds-hadoop-dependency-test/1.3.0-SNAPSHOT/hdds-hadoop-dependency-test-1.3.0-SNAPSHOT.jar:/home/runner/.m2/repository/org/apache/hadoop/hadoop-common/3.3.1/hadoop-common-3.3.1-tests.jar:/home/runner/.m2/repository/org/assertj/assertj-core/3.12.2/assertj-core-3.12.2.jar:/home/runner/.m2/repository/org/apache/hadoop/hadoop-hdfs/3.3.1/hadoop-hdfs-3.3.1-tests.jar:/home/runner/.m2/repository/org/eclipse/jetty/jetty-util-ajax/9.4.43.v20210629/jetty-util-ajax-9.4.43.v20210629.jar:/home/runner/.m2/repository/commons-daemon/commons-daemon/1.0.13/commons-daemon-1.0.13.jar:/home/runner/.m2/repository/io/netty/netty/3.10.6.Final/netty-3.10.6.Final.jar:/home/runner/.m2/repository/io/netty/netty-all/4.1.74.Final/netty-all-4.1.74.Final.jar:/home/runner/.m2/repository/io/netty/netty-codec-dns/4.1.74.Final/netty-codec-dns-4.1.74.Final.jar:/home/runner/.m2/repository/io/netty/netty-codec-haproxy/4.1.74.Final/netty-codec-haproxy-4.1.74.Final.jar:/home/runner/.m2/repository/io/netty/netty-codec-memcache/4.1.74.Final/netty-codec-memcache-4.1.74.Final.jar:/home/runner/.m2/repository/io/netty/netty-codec-mqtt/4.1.74.Final/netty-codec-mqtt-4.1.74.Final.jar:/home/runner/.m2/repository/io/netty/netty-codec-redis/4.1.74.Final/netty-codec-redis-4.1.74.Final.jar:/home/runner/.m2/repository/io/netty/netty-codec-smtp/4.1.74.Final/netty-codec-smtp-4.1.74.Final.jar:/home/runner/.m2/repository/io/netty/netty-codec-stomp/4.1.74.Final/netty-codec-stomp-4.1.74.Final.jar:/home/runner/.m2/repository/io/netty/netty-codec-xml/4.1.74.Final/netty-codec-xml-4.1.74.Final.jar:/home/runner/.m2/repository/io/netty/netty-resolver-dns/4.1.74.Final/netty-resolver-dns-4.1.74.Final.jar:/home/runner/.m2/repository/io/netty/netty-transport-rxtx/4.1.74.Final/netty-transport-rxtx-4.1.74.Final.jar:/home/runner/.m2/repository/io/netty/netty-transport-sctp/4.1.74.Final/netty-transport-sctp-4.1.74.Final.jar:/home/runner/.m2/repository/io/netty/netty-transport-udt/4.1.74.Final/netty-transport-udt-4.1.74.Final.jar:/home/runner/.m2/repository/io/netty/netty-transport-classes-kqueue/4.1.74.Final/netty-transport-classes-kqueue-4.1.74.Final.jar:/home/runner/.m2/repository/io/netty/netty-resolver-dns-classes-macos/4.1.74.Final/netty-resolver-dns-classes-macos-4.1.74.Final.jar:/home/runner/.m2/repository/io/netty/netty-transport-native-epoll/4.1.74.Final/netty-transport-native-epoll-4.1.74.Final-linux-aarch_64.jar:/home/runner/.m2/repository/io/netty/netty-transport-native-kqueue/4.1.74.Final/netty-transport-native-kqueue-4.1.74.Final-osx-x86_64.jar:/home/runner/.m2/repository/io/netty/netty-transport-native-kqueue/4.1.74.Final/netty-transport-native-kqueue-4.1.74.Final-osx-aarch_64.jar:/home/runner/.m2/repository/io/netty/netty-resolver-dns-native-macos/4.1.74.Final/netty-resolver-dns-native-macos-4.1.74.Final-osx-x86_64.jar:/home/runner/.m2/repository/io/netty/netty-resolver-dns-native-macos/4.1.74.Final/netty-resolver-dns-native-macos-4.1.74.Final-osx-aarch_64.jar:/home/runner/.m2/repository/org/apache/htrace/htrace-core4/4.1.0-incubating/htrace-core4-4.1.0-incubating.jar:/home/runner/.m2/repository/org/fusesource/leveldbjni/leveldbjni-all/1.8/leveldbjni-all-1.8.jar:/home/runner/.m2/repository/org/apache/hadoop/hadoop-distcp/3.3.1/hadoop-distcp-3.3.1.jar:/home/runner/.m2/repository/org/apache/hadoop/hadoop-mapreduce-client-jobclient/3.3.1/hadoop-mapreduce-client-jobclient-3.3.1.jar:/home/runner/.m2/repository/org/apache/hadoop/hadoop-mapreduce-client-common/3.3.1/hadoop-mapreduce-client-common-3.3.1.jar:/home/runner/.m2/repository/org/apache/hadoop/hadoop-yarn-common/3.3.1/hadoop-yarn-common-3.3.1.jar:/home/runner/.m2/repository/org/apache/hadoop/hadoop-yarn-api/3.3.1/hadoop-yarn-api-3.3.1.jar:/home/runner/.m2/repository/com/sun/jersey/contribs/jersey-guice/1.19/jersey-guice-1.19.jar:/home/runner/.m2/repository/com/fasterxml/jackson/jaxrs/jackson-jaxrs-json-provider/2.13.2/jackson-jaxrs-json-provider-2.13.2.jar:/home/runner/.m2/repository/com/fasterxml/jackson/jaxrs/jackson-jaxrs-base/2.13.2/jackson-jaxrs-base-2.13.2.jar:/home/runner/.m2/repository/org/apache/hadoop/hadoop-yarn-client/3.3.1/hadoop-yarn-client-3.3.1.jar:/home/runner/.m2/repository/org/eclipse/jetty/websocket/websocket-client/9.4.40.v20210413/websocket-client-9.4.40.v20210413.jar:/home/runner/.m2/repository/org/eclipse/jetty/websocket/websocket-common/9.4.40.v20210413/websocket-common-9.4.40.v20210413.jar:/home/runner/.m2/repository/org/eclipse/jetty/websocket/websocket-api/9.4.40.v20210413/websocket-api-9.4.40.v20210413.jar:/home/runner/.m2/repository/org/jline/jline/3.9.0/jline-3.9.0.jar:/home/runner/.m2/repository/org/apache/hadoop/hadoop-mapreduce-client-core/3.3.1/hadoop-mapreduce-client-core-3.3.1.jar:/home/runner/.m2/repository/org/apache/avro/avro/1.7.7/avro-1.7.7.jar:/home/runner/.m2/repository/org/codehaus/jackson/jackson-core-asl/1.9.13/jackson-core-asl-1.9.13.jar:/home/runner/.m2/repository/org/codehaus/jackson/jackson-mapper-asl/1.9.13/jackson-mapper-asl-1.9.13.jar:/home/runner/.m2/repository/com/thoughtworks/paranamer/paranamer/2.3/paranamer-2.3.jar:/home/runner/.m2/repository/org/apache/hadoop/hadoop-annotations/3.3.1/hadoop-annotations-3.3.1.jar:/usr/lib/jvm/temurin-8-jdk-amd64/jre/../lib/tools.jar:/home/runner/.m2/repository/org/apache/hadoop/hadoop-distcp/3.3.1/hadoop-distcp-3.3.1-tests.jar:/home/runner/.m2/repository/org/apache/ratis/ratis-common/2.3.0/ratis-common-2.3.0.jar:/home/runner/.m2/repository/org/apache/ratis/ratis-thirdparty-misc/1.0.0/ratis-thirdparty-misc-1.0.0.jar:/home/runner/.m2/repository/org/apache/ratis/ratis-proto/2.3.0/ratis-proto-2.3.0.jar:/home/runner/.m2/repository/org/apache/ozone/ozone-annotation-processing/1.3.0-SNAPSHOT/ozone-annotation-processing-1.3.0-SNAPSHOT.jar:"/>
    <property name="java.vm.vendor" value="Temurin"/>
    <property name="sun.arch.data.model" value="64"/>
    <property name="test.build.dir" value="/home/runner/work/ozone/ozone/hadoop-ozone/integration-test/target/test-dir"/>
    <property name="test.cache.data" value=""/>
    <property name="java.vendor.url" value="https://adoptium.net/"/>
    <property name="user.timezone" value="Etc/UTC"/>
    <property name="java.vm.specification.version" value="1.8"/>
    <property name="os.name" value="Linux"/>
    <property name="test.build.data" value="/home/runner/work/ozone/ozone/hadoop-ozone/integration-test/target/test-dir"/>
    <property name="sun.java.launcher" value="SUN_STANDARD"/>
    <property name="sun.boot.library.path" value="/usr/lib/jvm/temurin-8-jdk-amd64/jre/lib/amd64"/>
    <property name="sun.java.command" value="/home/runner/work/ozone/ozone/hadoop-ozone/integration-test/target/surefire/surefirebooter3004024593097504801.jar /home/runner/work/ozone/ozone/hadoop-ozone/integration-test/target/surefire 2022-06-01T02-45-26_224-jvmRun1 surefire5965332719759052147tmp surefire_207302187707300438364tmp"/>
    <property name="surefire.test.class.path" value="/home/runner/work/ozone/ozone/hadoop-ozone/integration-test/target/test-classes:/home/runner/work/ozone/ozone/hadoop-ozone/integration-test/target/classes:/home/runner/.m2/repository/org/apache/ozone/ozone-common/1.3.0-SNAPSHOT/ozone-common-1.3.0-SNAPSHOT.jar:/home/runner/.m2/repository/io/grpc/grpc-netty/1.44.0/grpc-netty-1.44.0.jar:/home/runner/.m2/repository/io/grpc/grpc-core/1.44.0/grpc-core-1.44.0.jar:/home/runner/.m2/repository/com/google/android/annotations/4.1.1.4/annotations-4.1.1.4.jar:/home/runner/.m2/repository/org/codehaus/mojo/animal-sniffer-annotations/1.19/animal-sniffer-annotations-1.19.jar:/home/runner/.m2/repository/com/google/errorprone/error_prone_annotations/2.2.0/error_prone_annotations-2.2.0.jar:/home/runner/.m2/repository/io/perfmark/perfmark-api/0.23.0/perfmark-api-0.23.0.jar:/home/runner/.m2/repository/io/netty/netty-codec-http2/4.1.74.Final/netty-codec-http2-4.1.74.Final.jar:/home/runner/.m2/repository/io/netty/netty-common/4.1.74.Final/netty-common-4.1.74.Final.jar:/home/runner/.m2/repository/io/netty/netty-buffer/4.1.74.Final/netty-buffer-4.1.74.Final.jar:/home/runner/.m2/repository/io/netty/netty-codec-http/4.1.74.Final/netty-codec-http-4.1.74.Final.jar:/home/runner/.m2/repository/io/netty/netty-handler-proxy/4.1.74.Final/netty-handler-proxy-4.1.74.Final.jar:/home/runner/.m2/repository/io/netty/netty-codec-socks/4.1.74.Final/netty-codec-socks-4.1.74.Final.jar:/home/runner/.m2/repository/io/netty/netty-tcnative-boringssl-static/2.0.48.Final/netty-tcnative-boringssl-static-2.0.48.Final.jar:/home/runner/.m2/repository/io/netty/netty-tcnative-classes/2.0.48.Final/netty-tcnative-classes-2.0.48.Final.jar:/home/runner/.m2/repository/io/netty/netty-tcnative/2.0.48.Final/netty-tcnative-2.0.48.Final.jar:/home/runner/.m2/repository/org/apache/commons/commons-compress/1.21/commons-compress-1.21.jar:/home/runner/.m2/repository/org/apache/ozone/hdds-common/1.3.0-SNAPSHOT/hdds-common-1.3.0-SNAPSHOT.jar:/home/runner/.m2/repository/org/apache/ozone/hdds-client/1.3.0-SNAPSHOT/hdds-client-1.3.0-SNAPSHOT.jar:/home/runner/.m2/repository/org/apache/ozone/ozone-interface-client/1.3.0-SNAPSHOT/ozone-interface-client-1.3.0-SNAPSHOT.jar:/home/runner/.m2/repository/org/apache/ozone/hdds-test-utils/1.3.0-SNAPSHOT/hdds-test-utils-1.3.0-SNAPSHOT.jar:/home/runner/.m2/repository/com/google/guava/guava/31.1-jre/guava-31.1-jre.jar:/home/runner/.m2/repository/com/google/guava/failureaccess/1.0.1/failureaccess-1.0.1.jar:/home/runner/.m2/repository/com/google/guava/listenablefuture/9999.0-empty-to-avoid-conflict-with-guava/listenablefuture-9999.0-empty-to-avoid-conflict-with-guava.jar:/home/runner/.m2/repository/com/google/code/findbugs/jsr305/3.0.0/jsr305-3.0.0.jar:/home/runner/.m2/repository/org/checkerframework/checker-qual/3.12.0/checker-qual-3.12.0.jar:/home/runner/.m2/repository/com/google/j2objc/j2objc-annotations/1.3/j2objc-annotations-1.3.jar:/home/runner/.m2/repository/commons-io/commons-io/2.11.0/commons-io-2.11.0.jar:/home/runner/.m2/repository/commons-logging/commons-logging/1.2/commons-logging-1.2.jar:/home/runner/.m2/repository/log4j/log4j/1.2.17/log4j-1.2.17.jar:/home/runner/.m2/repository/org/slf4j/slf4j-api/1.7.30/slf4j-api-1.7.30.jar:/home/runner/.m2/repository/org/apache/ozone/hdds-server-scm/1.3.0-SNAPSHOT/hdds-server-scm-1.3.0-SNAPSHOT.jar:/home/runner/.m2/repository/org/apache/ozone/hdds-container-service/1.3.0-SNAPSHOT/hdds-container-service-1.3.0-SNAPSHOT.jar:/home/runner/.m2/repository/org/apache/ozone/hdds-hadoop-dependency-server/1.3.0-SNAPSHOT/hdds-hadoop-dependency-server-1.3.0-SNAPSHOT.jar:/home/runner/.m2/repository/org/apache/hadoop/hadoop-hdfs/3.3.1/hadoop-hdfs-3.3.1.jar:/home/runner/.m2/repository/org/apache/ozone/hdds-server-framework/1.3.0-SNAPSHOT/hdds-server-framework-1.3.0-SNAPSHOT.jar:/home/runner/.m2/repository/org/apache/ozone/hdds-interface-server/1.3.0-SNAPSHOT/hdds-interface-server-1.3.0-SNAPSHOT.jar:/home/runner/.m2/repository/org/apache/logging/log4j/log4j-core/2.17.1/log4j-core-2.17.1.jar:/home/runner/.m2/repository/com/lmax/disruptor/3.4.2/disruptor-3.4.2.jar:/home/runner/.m2/repository/org/eclipse/jetty/jetty-servlet/9.4.43.v20210629/jetty-servlet-9.4.43.v20210629.jar:/home/runner/.m2/repository/org/eclipse/jetty/jetty-security/9.4.43.v20210629/jetty-security-9.4.43.v20210629.jar:/home/runner/.m2/repository/org/rocksdb/rocksdbjni/7.2.2/rocksdbjni-7.2.2.jar:/home/runner/.m2/repository/io/prometheus/simpleclient_dropwizard/0.7.0/simpleclient_dropwizard-0.7.0.jar:/home/runner/.m2/repository/io/prometheus/simpleclient/0.7.0/simpleclient-0.7.0.jar:/home/runner/.m2/repository/io/prometheus/simpleclient_common/0.7.0/simpleclient_common-0.7.0.jar:/home/runner/.m2/repository/io/dropwizard/metrics/metrics-core/3.2.4/metrics-core-3.2.4.jar:/home/runner/.m2/repository/org/apache/hadoop/hadoop-hdfs-client/3.3.1/hadoop-hdfs-client-3.3.1.jar:/home/runner/.m2/repository/org/bouncycastle/bcprov-jdk15on/1.67/bcprov-jdk15on-1.67.jar:/home/runner/.m2/repository/com/google/protobuf/protobuf-java/2.5.0/protobuf-java-2.5.0.jar:/home/runner/.m2/repository/org/apache/ozone/ozone-manager/1.3.0-SNAPSHOT/ozone-manager-1.3.0-SNAPSHOT.jar:/home/runner/.m2/repository/org/aspectj/aspectjrt/1.9.7/aspectjrt-1.9.7.jar:/home/runner/.m2/repository/org/aspectj/aspectjweaver/1.9.7/aspectjweaver-1.9.7.jar:/home/runner/.m2/repository/org/apache/ozone/hdds-interface-client/1.3.0-SNAPSHOT/hdds-interface-client-1.3.0-SNAPSHOT.jar:/home/runner/.m2/repository/org/apache/hadoop/thirdparty/hadoop-shaded-protobuf_3_7/1.1.1/hadoop-shaded-protobuf_3_7-1.1.1.jar:/home/runner/.m2/repository/org/apache/ozone/ozone-interface-storage/1.3.0-SNAPSHOT/ozone-interface-storage-1.3.0-SNAPSHOT.jar:/home/runner/.m2/repository/org/reflections/reflections/0.9.11/reflections-0.9.11.jar:/home/runner/.m2/repository/com/sun/jersey/jersey-client/1.19/jersey-client-1.19.jar:/home/runner/.m2/repository/org/apache/ranger/ranger-intg/3.0.0-SNAPSHOT/ranger-intg-3.0.0-SNAPSHOT.jar:/home/runner/.m2/repository/org/apache/ranger/ranger-plugins-common/3.0.0-SNAPSHOT/ranger-plugins-common-3.0.0-SNAPSHOT.jar:/home/runner/.m2/repository/commons-lang/commons-lang/2.6/commons-lang-2.6.jar:/home/runner/.m2/repository/org/codehaus/jackson/jackson-jaxrs/1.9.13/jackson-jaxrs-1.9.13.jar:/home/runner/.m2/repository/org/apache/ranger/ranger-plugins-cred/3.0.0-SNAPSHOT/ranger-plugins-cred-3.0.0-SNAPSHOT.jar:/home/runner/.m2/repository/org/apache/ranger/ranger-plugins-audit/3.0.0-SNAPSHOT/ranger-plugins-audit-3.0.0-SNAPSHOT.jar:/home/runner/.m2/repository/org/apache/kafka/kafka-clients/2.8.1/kafka-clients-2.8.1.jar:/home/runner/.m2/repository/com/github/luben/zstd-jni/1.4.9-1/zstd-jni-1.4.9-1.jar:/home/runner/.m2/repository/org/apache/solr/solr-solrj/8.6.3/solr-solrj-8.6.3.jar:/home/runner/.m2/repository/org/eclipse/jetty/jetty-client/9.4.44.v20210927/jetty-client-9.4.44.v20210927.jar:/home/runner/.m2/repository/org/apache/httpcomponents/httpmime/4.5.13/httpmime-4.5.13.jar:/home/runner/.m2/repository/org/apache/httpcomponents/httpcore-nio/4.4.14/httpcore-nio-4.4.14.jar:/home/runner/.m2/repository/org/apache/httpcomponents/httpasyncclient/4.1.4/httpasyncclient-4.1.4.jar:/home/runner/.m2/repository/com/carrotsearch/hppc/0.8.0/hppc-0.8.0.jar:/home/runner/.m2/repository/org/apache/hive/hive-storage-api/2.7.2/hive-storage-api-2.7.2.jar:/home/runner/.m2/repository/org/apache/orc/orc-core/1.5.8/orc-core-1.5.8.jar:/home/runner/.m2/repository/com/amazonaws/aws-java-sdk-bundle/1.12.125/aws-java-sdk-bundle-1.12.125.jar:/home/runner/.m2/repository/net/java/dev/jna/jna/5.2.0/jna-5.2.0.jar:/home/runner/.m2/repository/net/java/dev/jna/jna-platform/5.2.0/jna-platform-5.2.0.jar:/home/runner/.m2/repository/com/kstruct/gethostname4j/0.0.2/gethostname4j-0.0.2.jar:/home/runner/.m2/repository/org/apache/ranger/ranger-plugin-classloader/3.0.0-SNAPSHOT/ranger-plugin-classloader-3.0.0-SNAPSHOT.jar:/home/runner/.m2/repository/org/apache/hadoop/hadoop-minikdc/3.3.1/hadoop-minikdc-3.3.1.jar:/home/runner/.m2/repository/org/apache/kerby/kerb-simplekdc/1.0.1/kerb-simplekdc-1.0.1.jar:/home/runner/.m2/repository/org/apache/kerby/kerb-client/1.0.1/kerb-client-1.0.1.jar:/home/runner/.m2/repository/org/apache/kerby/kerby-config/1.0.1/kerby-config-1.0.1.jar:/home/runner/.m2/repository/org/apache/kerby/kerb-common/1.0.1/kerb-common-1.0.1.jar:/home/runner/.m2/repository/org/apache/kerby/kerb-crypto/1.0.1/kerb-crypto-1.0.1.jar:/home/runner/.m2/repository/org/apache/kerby/kerb-util/1.0.1/kerb-util-1.0.1.jar:/home/runner/.m2/repository/org/apache/kerby/token-provider/1.0.1/token-provider-1.0.1.jar:/home/runner/.m2/repository/org/apache/kerby/kerb-admin/1.0.1/kerb-admin-1.0.1.jar:/home/runner/.m2/repository/org/apache/kerby/kerb-server/1.0.1/kerb-server-1.0.1.jar:/home/runner/.m2/repository/org/apache/kerby/kerb-identity/1.0.1/kerb-identity-1.0.1.jar:/home/runner/.m2/repository/org/apache/kerby/kerby-xdr/1.0.1/kerby-xdr-1.0.1.jar:/home/runner/.m2/repository/org/slf4j/slf4j-log4j12/1.7.30/slf4j-log4j12-1.7.30.jar:/home/runner/.m2/repository/org/apache/ozone/ozone-s3gateway/1.3.0-SNAPSHOT/ozone-s3gateway-1.3.0-SNAPSHOT.jar:/home/runner/.m2/repository/org/javassist/javassist/3.21.0-GA/javassist-3.21.0-GA.jar:/home/runner/.m2/repository/org/jboss/weld/servlet/weld-servlet/2.4.7.Final/weld-servlet-2.4.7.Final.jar:/home/runner/.m2/repository/org/glassfish/jersey/containers/jersey-container-servlet-core/2.33/jersey-container-servlet-core-2.33.jar:/home/runner/.m2/repository/org/glassfish/hk2/external/jakarta.inject/2.6.1/jakarta.inject-2.6.1.jar:/home/runner/.m2/repository/org/glassfish/jersey/core/jersey-common/2.33/jersey-common-2.33.jar:/home/runner/.m2/repository/jakarta/ws/rs/jakarta.ws.rs-api/2.1.6/jakarta.ws.rs-api-2.1.6.jar:/home/runner/.m2/repository/org/glassfish/jersey/ext/cdi/jersey-cdi1x/2.33/jersey-cdi1x-2.33.jar:/home/runner/.m2/repository/org/glassfish/jersey/inject/jersey-hk2/2.33/jersey-hk2-2.33.jar:/home/runner/.m2/repository/org/glassfish/hk2/hk2-locator/2.6.1/hk2-locator-2.6.1.jar:/home/runner/.m2/repository/org/glassfish/jersey/media/jersey-media-jaxb/2.33/jersey-media-jaxb-2.33.jar:/home/runner/.m2/repository/org/glassfish/hk2/osgi-resource-locator/1.0.3/osgi-resource-locator-1.0.3.jar:/home/runner/.m2/repository/org/glassfish/hk2/hk2-api/2.5.0/hk2-api-2.5.0.jar:/home/runner/.m2/repository/org/glassfish/hk2/hk2-utils/2.5.0/hk2-utils-2.5.0.jar:/home/runner/.m2/repository/org/glassfish/hk2/external/aopalliance-repackaged/2.5.0/aopalliance-repackaged-2.5.0.jar:/home/runner/.m2/repository/com/fasterxml/jackson/dataformat/jackson-dataformat-xml/2.13.2/jackson-dataformat-xml-2.13.2.jar:/home/runner/.m2/repository/com/fasterxml/jackson/core/jackson-core/2.13.2/jackson-core-2.13.2.jar:/home/runner/.m2/repository/org/codehaus/woodstox/stax2-api/3.1.4/stax2-api-3.1.4.jar:/home/runner/.m2/repository/com/fasterxml/woodstox/woodstox-core/5.0.3/woodstox-core-5.0.3.jar:/home/runner/.m2/repository/com/fasterxml/jackson/module/jackson-module-jaxb-annotations/2.13.2/jackson-module-jaxb-annotations-2.13.2.jar:/home/runner/.m2/repository/jakarta/xml/bind/jakarta.xml.bind-api/2.3.3/jakarta.xml.bind-api-2.3.3.jar:/home/runner/.m2/repository/jakarta/activation/jakarta.activation-api/1.2.1/jakarta.activation-api-1.2.1.jar:/home/runner/.m2/repository/javax/enterprise/cdi-api/1.2/cdi-api-1.2.jar:/home/runner/.m2/repository/javax/el/javax.el-api/3.0.0/javax.el-api-3.0.0.jar:/home/runner/.m2/repository/javax/interceptor/javax.interceptor-api/1.2/javax.interceptor-api-1.2.jar:/home/runner/.m2/repository/javax/inject/javax.inject/1/javax.inject-1.jar:/home/runner/.m2/repository/javax/xml/bind/jaxb-api/2.3.0/jaxb-api-2.3.0.jar:/home/runner/.m2/repository/org/glassfish/jaxb/jaxb-runtime/2.3.0.1/jaxb-runtime-2.3.0.1.jar:/home/runner/.m2/repository/org/glassfish/jaxb/jaxb-core/2.3.0.1/jaxb-core-2.3.0.1.jar:/home/runner/.m2/repository/org/glassfish/jaxb/txw2/2.3.0.1/txw2-2.3.0.1.jar:/home/runner/.m2/repository/com/sun/istack/istack-commons-runtime/3.0.5/istack-commons-runtime-3.0.5.jar:/home/runner/.m2/repository/org/jvnet/staxex/stax-ex/1.7.8/stax-ex-1.7.8.jar:/home/runner/.m2/repository/com/sun/xml/fastinfoset/FastInfoset/1.2.13/FastInfoset-1.2.13.jar:/home/runner/.m2/repository/javax/activation/activation/1.1.1/activation-1.1.1.jar:/home/runner/.m2/repository/io/grpc/grpc-protobuf/1.44.0/grpc-protobuf-1.44.0.jar:/home/runner/.m2/repository/io/grpc/grpc-api/1.44.0/grpc-api-1.44.0.jar:/home/runner/.m2/repository/io/grpc/grpc-context/1.44.0/grpc-context-1.44.0.jar:/home/runner/.m2/repository/com/google/api/grpc/proto-google-common-protos/2.0.1/proto-google-common-protos-2.0.1.jar:/home/runner/.m2/repository/io/grpc/grpc-protobuf-lite/1.44.0/grpc-protobuf-lite-1.44.0.jar:/home/runner/.m2/repository/io/grpc/grpc-stub/1.44.0/grpc-stub-1.44.0.jar:/home/runner/.m2/repository/io/netty/netty-transport/4.1.74.Final/netty-transport-4.1.74.Final.jar:/home/runner/.m2/repository/io/netty/netty-resolver/4.1.74.Final/netty-resolver-4.1.74.Final.jar:/home/runner/.m2/repository/org/apache/ozone/ozone-csi/1.3.0-SNAPSHOT/ozone-csi-1.3.0-SNAPSHOT.jar:/home/runner/.m2/repository/com/google/protobuf/protobuf-java-util/3.19.2/protobuf-java-util-3.19.2.jar:/home/runner/.m2/repository/com/google/code/gson/gson/2.8.9/gson-2.8.9.jar:/home/runner/.m2/repository/org/apache/ozone/hdds-config/1.3.0-SNAPSHOT/hdds-config-1.3.0-SNAPSHOT.jar:/home/runner/.m2/repository/io/netty/netty-transport-native-epoll/4.1.74.Final/netty-transport-native-epoll-4.1.74.Final-linux-x86_64.jar:/home/runner/.m2/repository/io/netty/netty-transport-classes-epoll/4.1.74.Final/netty-transport-classes-epoll-4.1.74.Final.jar:/home/runner/.m2/repository/io/netty/netty-transport-native-unix-common/4.1.74.Final/netty-transport-native-unix-common-4.1.74.Final.jar:/home/runner/.m2/repository/org/apache/ozone/ozone-recon/1.3.0-SNAPSHOT/ozone-recon-1.3.0-SNAPSHOT.jar:/home/runner/.m2/repository/org/apache/ozone/ozone-reconcodegen/1.3.0-SNAPSHOT/ozone-reconcodegen-1.3.0-SNAPSHOT.jar:/home/runner/.m2/repository/com/google/inject/extensions/guice-multibindings/4.0/guice-multibindings-4.0.jar:/home/runner/.m2/repository/com/google/inject/guice/4.0/guice-4.0.jar:/home/runner/.m2/repository/aopalliance/aopalliance/1.0/aopalliance-1.0.jar:/home/runner/.m2/repository/com/google/inject/extensions/guice-assistedinject/4.0/guice-assistedinject-4.0.jar:/home/runner/.m2/repository/com/google/inject/extensions/guice-servlet/4.0/guice-servlet-4.0.jar:/home/runner/.m2/repository/org/glassfish/jersey/containers/jersey-container-servlet/2.33/jersey-container-servlet-2.33.jar:/home/runner/.m2/repository/org/glassfish/hk2/guice-bridge/2.5.0/guice-bridge-2.5.0.jar:/home/runner/.m2/repository/org/glassfish/jersey/core/jersey-server/2.33/jersey-server-2.33.jar:/home/runner/.m2/repository/org/glassfish/jersey/core/jersey-client/2.33/jersey-client-2.33.jar:/home/runner/.m2/repository/jakarta/annotation/jakarta.annotation-api/1.3.5/jakarta.annotation-api-1.3.5.jar:/home/runner/.m2/repository/jakarta/validation/jakarta.validation-api/2.0.2/jakarta.validation-api-2.0.2.jar:/home/runner/.m2/repository/org/glassfish/jersey/media/jersey-media-json-jackson/2.33/jersey-media-json-jackson-2.33.jar:/home/runner/.m2/repository/org/glassfish/jersey/ext/jersey-entity-filtering/2.33/jersey-entity-filtering-2.33.jar:/home/runner/.m2/repository/org/jooq/jooq/3.11.10/jooq-3.11.10.jar:/home/runner/.m2/repository/org/jooq/jooq-meta/3.11.10/jooq-meta-3.11.10.jar:/home/runner/.m2/repository/org/jooq/jooq-codegen/3.11.10/jooq-codegen-3.11.10.jar:/home/runner/.m2/repository/com/jolbox/bonecp/0.8.0.RELEASE/bonecp-0.8.0.RELEASE.jar:/home/runner/.m2/repository/org/apache/derby/derby/10.14.2.0/derby-10.14.2.0.jar:/home/runner/.m2/repository/org/xerial/sqlite-jdbc/3.25.2/sqlite-jdbc-3.25.2.jar:/home/runner/.m2/repository/org/springframework/spring-jdbc/5.2.20.RELEASE/spring-jdbc-5.2.20.RELEASE.jar:/home/runner/.m2/repository/org/springframework/spring-beans/5.2.20.RELEASE/spring-beans-5.2.20.RELEASE.jar:/home/runner/.m2/repository/org/springframework/spring-core/5.2.20.RELEASE/spring-core-5.2.20.RELEASE.jar:/home/runner/.m2/repository/org/springframework/spring-jcl/5.2.20.RELEASE/spring-jcl-5.2.20.RELEASE.jar:/home/runner/.m2/repository/org/springframework/spring-tx/5.2.20.RELEASE/spring-tx-5.2.20.RELEASE.jar:/home/runner/.m2/repository/org/apache/ozone/ozone-client/1.3.0-SNAPSHOT/ozone-client-1.3.0-SNAPSHOT.jar:/home/runner/.m2/repository/org/apache/ozone/hdds-erasurecode/1.3.0-SNAPSHOT/hdds-erasurecode-1.3.0-SNAPSHOT.jar:/home/runner/.m2/repository/com/github/spotbugs/spotbugs-annotations/3.1.12/spotbugs-annotations-3.1.12.jar:/home/runner/.m2/repository/org/apache/ozone/ozone-filesystem/1.3.0-SNAPSHOT/ozone-filesystem-1.3.0-SNAPSHOT.jar:/home/runner/.m2/repository/org/apache/ozone/ozone-filesystem-common/1.3.0-SNAPSHOT/ozone-filesystem-common-1.3.0-SNAPSHOT.jar:/home/runner/.m2/repository/org/apache/ozone/ozone-tools/1.3.0-SNAPSHOT/ozone-tools-1.3.0-SNAPSHOT.jar:/home/runner/.m2/repository/org/apache/ratis/ratis-tools/2.3.0/ratis-tools-2.3.0.jar:/home/runner/.m2/repository/com/amazonaws/aws-java-sdk-core/1.12.124/aws-java-sdk-core-1.12.124.jar:/home/runner/.m2/repository/org/apache/httpcomponents/httpclient/4.5.13/httpclient-4.5.13.jar:/home/runner/.m2/repository/org/apache/httpcomponents/httpcore/4.4.13/httpcore-4.4.13.jar:/home/runner/.m2/repository/software/amazon/ion/ion-java/1.0.2/ion-java-1.0.2.jar:/home/runner/.m2/repository/com/fasterxml/jackson/dataformat/jackson-dataformat-cbor/2.13.2/jackson-dataformat-cbor-2.13.2.jar:/home/runner/.m2/repository/joda-time/joda-time/2.8.1/joda-time-2.8.1.jar:/home/runner/.m2/repository/com/amazonaws/aws-java-sdk-s3/1.12.124/aws-java-sdk-s3-1.12.124.jar:/home/runner/.m2/repository/com/amazonaws/aws-java-sdk-kms/1.12.124/aws-java-sdk-kms-1.12.124.jar:/home/runner/.m2/repository/com/amazonaws/jmespath-java/1.12.124/jmespath-java-1.12.124.jar:/home/runner/.m2/repository/org/kohsuke/metainf-services/metainf-services/1.8/metainf-services-1.8.jar:/home/runner/.m2/repository/org/apache/ozone/hdds-tools/1.3.0-SNAPSHOT/hdds-tools-1.3.0-SNAPSHOT.jar:/home/runner/.m2/repository/commons-cli/commons-cli/1.2/commons-cli-1.2.jar:/home/runner/.m2/repository/org/apache/commons/commons-lang3/3.7/commons-lang3-3.7.jar:/home/runner/.m2/repository/org/apache/ozone/ozone-manager/1.3.0-SNAPSHOT/ozone-manager-1.3.0-SNAPSHOT-tests.jar:/home/runner/.m2/repository/org/apache/ozone/hdds-common/1.3.0-SNAPSHOT/hdds-common-1.3.0-SNAPSHOT-tests.jar:/home/runner/.m2/repository/org/apache/ozone/hdds-hadoop-dependency-client/1.3.0-SNAPSHOT/hdds-hadoop-dependency-client-1.3.0-SNAPSHOT.jar:/home/runner/.m2/repository/info/picocli/picocli/4.6.1/picocli-4.6.1.jar:/home/runner/.m2/repository/com/fasterxml/jackson/core/jackson-annotations/2.13.2/jackson-annotations-2.13.2.jar:/home/runner/.m2/repository/com/fasterxml/jackson/datatype/jackson-datatype-jsr310/2.13.2/jackson-datatype-jsr310-2.13.2.jar:/home/runner/.m2/repository/javax/annotation/javax.annotation-api/1.2/javax.annotation-api-1.2.jar:/home/runner/.m2/repository/org/apache/ratis/ratis-server/2.3.0/ratis-server-2.3.0.jar:/home/runner/.m2/repository/org/apache/ratis/ratis-client/2.3.0/ratis-client-2.3.0.jar:/home/runner/.m2/repository/org/apache/ratis/ratis-server-api/2.3.0/ratis-server-api-2.3.0.jar:/home/runner/.m2/repository/org/apache/ratis/ratis-metrics/2.3.0/ratis-metrics-2.3.0.jar:/home/runner/.m2/repository/org/apache/ratis/ratis-netty/2.3.0/ratis-netty-2.3.0.jar:/home/runner/.m2/repository/org/apache/ratis/ratis-grpc/2.3.0/ratis-grpc-2.3.0.jar:/home/runner/.m2/repository/org/apache/logging/log4j/log4j-api/2.17.1/log4j-api-2.17.1.jar:/home/runner/.m2/repository/org/apache/commons/commons-pool2/2.6.0/commons-pool2-2.6.0.jar:/home/runner/.m2/repository/org/bouncycastle/bcpkix-jdk15on/1.67/bcpkix-jdk15on-1.67.jar:/home/runner/.m2/repository/commons-validator/commons-validator/1.6/commons-validator-1.6.jar:/home/runner/.m2/repository/commons-beanutils/commons-beanutils/1.9.4/commons-beanutils-1.9.4.jar:/home/runner/.m2/repository/commons-digester/commons-digester/1.8.1/commons-digester-1.8.1.jar:/home/runner/.m2/repository/commons-collections/commons-collections/3.2.2/commons-collections-3.2.2.jar:/home/runner/.m2/repository/io/jaegertracing/jaeger-client/1.6.0/jaeger-client-1.6.0.jar:/home/runner/.m2/repository/io/jaegertracing/jaeger-thrift/1.6.0/jaeger-thrift-1.6.0.jar:/home/runner/.m2/repository/org/apache/thrift/libthrift/0.14.1/libthrift-0.14.1.jar:/home/runner/.m2/repository/com/squareup/okhttp3/okhttp/4.9.0/okhttp-4.9.0.jar:/home/runner/.m2/repository/com/squareup/okio/okio/2.8.0/okio-2.8.0.jar:/home/runner/.m2/repository/io/jaegertracing/jaeger-core/1.6.0/jaeger-core-1.6.0.jar:/home/runner/.m2/repository/io/jaegertracing/jaeger-tracerresolver/1.6.0/jaeger-tracerresolver-1.6.0.jar:/home/runner/.m2/repository/io/opentracing/contrib/opentracing-tracerresolver/0.1.8/opentracing-tracerresolver-0.1.8.jar:/home/runner/.m2/repository/org/jetbrains/kotlin/kotlin-stdlib/1.4.31/kotlin-stdlib-1.4.31.jar:/home/runner/.m2/repository/org/jetbrains/kotlin/kotlin-stdlib-common/1.4.31/kotlin-stdlib-common-1.4.31.jar:/home/runner/.m2/repository/org/jetbrains/annotations/13.0/annotations-13.0.jar:/home/runner/.m2/repository/io/opentracing/opentracing-util/0.33.0/opentracing-util-0.33.0.jar:/home/runner/.m2/repository/io/opentracing/opentracing-api/0.33.0/opentracing-api-0.33.0.jar:/home/runner/.m2/repository/io/opentracing/opentracing-noop/0.33.0/opentracing-noop-0.33.0.jar:/home/runner/.m2/repository/org/yaml/snakeyaml/1.26/snakeyaml-1.26.jar:/home/runner/.m2/repository/org/apache/ozone/hdds-interface-admin/1.3.0-SNAPSHOT/hdds-interface-admin-1.3.0-SNAPSHOT.jar:/home/runner/.m2/repository/junit/junit/4.13.1/junit-4.13.1.jar:/home/runner/.m2/repository/org/hamcrest/hamcrest-core/1.3/hamcrest-core-1.3.jar:/home/runner/.m2/repository/org/junit/jupiter/junit-jupiter-api/5.8.2/junit-jupiter-api-5.8.2.jar:/home/runner/.m2/repository/org/opentest4j/opentest4j/1.2.0/opentest4j-1.2.0.jar:/home/runner/.m2/repository/org/junit/platform/junit-platform-commons/1.8.2/junit-platform-commons-1.8.2.jar:/home/runner/.m2/repository/org/apiguardian/apiguardian-api/1.1.2/apiguardian-api-1.1.2.jar:/home/runner/.m2/repository/org/junit/jupiter/junit-jupiter-params/5.8.2/junit-jupiter-params-5.8.2.jar:/home/runner/.m2/repository/org/junit/jupiter/junit-jupiter-migrationsupport/5.8.2/junit-jupiter-migrationsupport-5.8.2.jar:/home/runner/.m2/repository/org/junit/jupiter/junit-jupiter-engine/5.8.2/junit-jupiter-engine-5.8.2.jar:/home/runner/.m2/repository/org/junit/platform/junit-platform-engine/1.8.2/junit-platform-engine-1.8.2.jar:/home/runner/.m2/repository/org/junit/vintage/junit-vintage-engine/5.8.2/junit-vintage-engine-5.8.2.jar:/home/runner/.m2/repository/org/junit/platform/junit-platform-launcher/1.8.2/junit-platform-launcher-1.8.2.jar:/home/runner/.m2/repository/org/mockito/mockito-core/2.28.2/mockito-core-2.28.2.jar:/home/runner/.m2/repository/net/bytebuddy/byte-buddy/1.9.10/byte-buddy-1.9.10.jar:/home/runner/.m2/repository/net/bytebuddy/byte-buddy-agent/1.9.10/byte-buddy-agent-1.9.10.jar:/home/runner/.m2/repository/org/objenesis/objenesis/1.0/objenesis-1.0.jar:/home/runner/.m2/repository/org/apache/hadoop/hadoop-kms/3.3.1/hadoop-kms-3.3.1.jar:/home/runner/.m2/repository/org/apache/hadoop/hadoop-auth/3.3.1/hadoop-auth-3.3.1.jar:/home/runner/.m2/repository/com/nimbusds/nimbus-jose-jwt/7.9/nimbus-jose-jwt-7.9.jar:/home/runner/.m2/repository/com/github/stephenc/jcip/jcip-annotations/1.0-1/jcip-annotations-1.0-1.jar:/home/runner/.m2/repository/net/minidev/json-smart/2.4.7/json-smart-2.4.7.jar:/home/runner/.m2/repository/net/minidev/accessors-smart/2.4.7/accessors-smart-2.4.7.jar:/home/runner/.m2/repository/org/ow2/asm/asm/5.0.4/asm-5.0.4.jar:/home/runner/.m2/repository/org/apache/zookeeper/zookeeper/3.5.6/zookeeper-3.5.6.jar:/home/runner/.m2/repository/org/apache/zookeeper/zookeeper-jute/3.5.6/zookeeper-jute-3.5.6.jar:/home/runner/.m2/repository/org/apache/yetus/audience-annotations/0.5.0/audience-annotations-0.5.0.jar:/home/runner/.m2/repository/org/apache/curator/curator-framework/4.2.0/curator-framework-4.2.0.jar:/home/runner/.m2/repository/org/apache/hadoop/thirdparty/hadoop-shaded-guava/1.1.1/hadoop-shaded-guava-1.1.1.jar:/home/runner/.m2/repository/com/sun/jersey/jersey-core/1.19/jersey-core-1.19.jar:/home/runner/.m2/repository/javax/ws/rs/jsr311-api/1.1.1/jsr311-api-1.1.1.jar:/home/runner/.m2/repository/com/sun/jersey/jersey-server/1.19/jersey-server-1.19.jar:/home/runner/.m2/repository/javax/servlet/javax.servlet-api/3.1.0/javax.servlet-api-3.1.0.jar:/home/runner/.m2/repository/org/eclipse/jetty/jetty-server/9.4.43.v20210629/jetty-server-9.4.43.v20210629.jar:/home/runner/.m2/repository/org/eclipse/jetty/jetty-http/9.4.43.v20210629/jetty-http-9.4.43.v20210629.jar:/home/runner/.m2/repository/org/eclipse/jetty/jetty-io/9.4.43.v20210629/jetty-io-9.4.43.v20210629.jar:/home/runner/.m2/repository/org/eclipse/jetty/jetty-webapp/9.4.43.v20210629/jetty-webapp-9.4.43.v20210629.jar:/home/runner/.m2/repository/org/eclipse/jetty/jetty-xml/9.4.43.v20210629/jetty-xml-9.4.43.v20210629.jar:/home/runner/.m2/repository/org/apache/hadoop/hadoop-common/3.3.1/hadoop-common-3.3.1.jar:/home/runner/.m2/repository/org/apache/commons/commons-math3/3.1.1/commons-math3-3.1.1.jar:/home/runner/.m2/repository/commons-net/commons-net/3.6/commons-net-3.6.jar:/home/runner/.m2/repository/com/sun/jersey/jersey-servlet/1.19/jersey-servlet-1.19.jar:/home/runner/.m2/repository/com/sun/jersey/jersey-json/1.19/jersey-json-1.19.jar:/home/runner/.m2/repository/org/codehaus/jettison/jettison/1.1/jettison-1.1.jar:/home/runner/.m2/repository/com/sun/xml/bind/jaxb-impl/2.2.3-1/jaxb-impl-2.2.3-1.jar:/home/runner/.m2/repository/org/codehaus/jackson/jackson-xc/1.9.2/jackson-xc-1.9.2.jar:/home/runner/.m2/repository/org/apache/commons/commons-configuration2/2.1.1/commons-configuration2-2.1.1.jar:/home/runner/.m2/repository/org/apache/commons/commons-text/1.4/commons-text-1.4.jar:/home/runner/.m2/repository/com/google/re2j/re2j/1.1/re2j-1.1.jar:/home/runner/.m2/repository/com/jcraft/jsch/0.1.54/jsch-0.1.54.jar:/home/runner/.m2/repository/org/apache/curator/curator-client/4.2.0/curator-client-4.2.0.jar:/home/runner/.m2/repository/org/apache/curator/curator-recipes/4.2.0/curator-recipes-4.2.0.jar:/home/runner/.m2/repository/org/apache/kerby/kerb-core/1.0.1/kerb-core-1.0.1.jar:/home/runner/.m2/repository/org/apache/kerby/kerby-pkix/1.0.1/kerby-pkix-1.0.1.jar:/home/runner/.m2/repository/org/apache/kerby/kerby-asn1/1.0.1/kerby-asn1-1.0.1.jar:/home/runner/.m2/repository/org/apache/kerby/kerby-util/1.0.1/kerby-util-1.0.1.jar:/home/runner/.m2/repository/dnsjava/dnsjava/2.1.7/dnsjava-2.1.7.jar:/home/runner/.m2/repository/org/xerial/snappy/snappy-java/1.1.8.2/snappy-java-1.1.8.2.jar:/home/runner/.m2/repository/org/slf4j/jul-to-slf4j/1.7.30/jul-to-slf4j-1.7.30.jar:/home/runner/.m2/repository/org/eclipse/jetty/jetty-util/9.4.43.v20210629/jetty-util-9.4.43.v20210629.jar:/home/runner/.m2/repository/com/fasterxml/jackson/core/jackson-databind/2.13.2.2/jackson-databind-2.13.2.2.jar:/home/runner/.m2/repository/org/apache/hadoop/hadoop-kms/3.3.1/hadoop-kms-3.3.1-tests.jar:/home/runner/.m2/repository/org/apache/ozone/hdds-server-scm/1.3.0-SNAPSHOT/hdds-server-scm-1.3.0-SNAPSHOT-tests.jar:/home/runner/.m2/repository/org/apache/ozone/hdds-container-service/1.3.0-SNAPSHOT/hdds-container-service-1.3.0-SNAPSHOT-tests.jar:/home/runner/.m2/repository/commons-codec/commons-codec/1.11/commons-codec-1.11.jar:/home/runner/.m2/repository/io/netty/netty-codec/4.1.74.Final/netty-codec-4.1.74.Final.jar:/home/runner/.m2/repository/io/netty/netty-handler/4.1.74.Final/netty-handler-4.1.74.Final.jar:/home/runner/.m2/repository/org/apache/ozone/hdds-hadoop-dependency-test/1.3.0-SNAPSHOT/hdds-hadoop-dependency-test-1.3.0-SNAPSHOT.jar:/home/runner/.m2/repository/org/apache/hadoop/hadoop-common/3.3.1/hadoop-common-3.3.1-tests.jar:/home/runner/.m2/repository/org/assertj/assertj-core/3.12.2/assertj-core-3.12.2.jar:/home/runner/.m2/repository/org/apache/hadoop/hadoop-hdfs/3.3.1/hadoop-hdfs-3.3.1-tests.jar:/home/runner/.m2/repository/org/eclipse/jetty/jetty-util-ajax/9.4.43.v20210629/jetty-util-ajax-9.4.43.v20210629.jar:/home/runner/.m2/repository/commons-daemon/commons-daemon/1.0.13/commons-daemon-1.0.13.jar:/home/runner/.m2/repository/io/netty/netty/3.10.6.Final/netty-3.10.6.Final.jar:/home/runner/.m2/repository/io/netty/netty-all/4.1.74.Final/netty-all-4.1.74.Final.jar:/home/runner/.m2/repository/io/netty/netty-codec-dns/4.1.74.Final/netty-codec-dns-4.1.74.Final.jar:/home/runner/.m2/repository/io/netty/netty-codec-haproxy/4.1.74.Final/netty-codec-haproxy-4.1.74.Final.jar:/home/runner/.m2/repository/io/netty/netty-codec-memcache/4.1.74.Final/netty-codec-memcache-4.1.74.Final.jar:/home/runner/.m2/repository/io/netty/netty-codec-mqtt/4.1.74.Final/netty-codec-mqtt-4.1.74.Final.jar:/home/runner/.m2/repository/io/netty/netty-codec-redis/4.1.74.Final/netty-codec-redis-4.1.74.Final.jar:/home/runner/.m2/repository/io/netty/netty-codec-smtp/4.1.74.Final/netty-codec-smtp-4.1.74.Final.jar:/home/runner/.m2/repository/io/netty/netty-codec-stomp/4.1.74.Final/netty-codec-stomp-4.1.74.Final.jar:/home/runner/.m2/repository/io/netty/netty-codec-xml/4.1.74.Final/netty-codec-xml-4.1.74.Final.jar:/home/runner/.m2/repository/io/netty/netty-resolver-dns/4.1.74.Final/netty-resolver-dns-4.1.74.Final.jar:/home/runner/.m2/repository/io/netty/netty-transport-rxtx/4.1.74.Final/netty-transport-rxtx-4.1.74.Final.jar:/home/runner/.m2/repository/io/netty/netty-transport-sctp/4.1.74.Final/netty-transport-sctp-4.1.74.Final.jar:/home/runner/.m2/repository/io/netty/netty-transport-udt/4.1.74.Final/netty-transport-udt-4.1.74.Final.jar:/home/runner/.m2/repository/io/netty/netty-transport-classes-kqueue/4.1.74.Final/netty-transport-classes-kqueue-4.1.74.Final.jar:/home/runner/.m2/repository/io/netty/netty-resolver-dns-classes-macos/4.1.74.Final/netty-resolver-dns-classes-macos-4.1.74.Final.jar:/home/runner/.m2/repository/io/netty/netty-transport-native-epoll/4.1.74.Final/netty-transport-native-epoll-4.1.74.Final-linux-aarch_64.jar:/home/runner/.m2/repository/io/netty/netty-transport-native-kqueue/4.1.74.Final/netty-transport-native-kqueue-4.1.74.Final-osx-x86_64.jar:/home/runner/.m2/repository/io/netty/netty-transport-native-kqueue/4.1.74.Final/netty-transport-native-kqueue-4.1.74.Final-osx-aarch_64.jar:/home/runner/.m2/repository/io/netty/netty-resolver-dns-native-macos/4.1.74.Final/netty-resolver-dns-native-macos-4.1.74.Final-osx-x86_64.jar:/home/runner/.m2/repository/io/netty/netty-resolver-dns-native-macos/4.1.74.Final/netty-resolver-dns-native-macos-4.1.74.Final-osx-aarch_64.jar:/home/runner/.m2/repository/org/apache/htrace/htrace-core4/4.1.0-incubating/htrace-core4-4.1.0-incubating.jar:/home/runner/.m2/repository/org/fusesource/leveldbjni/leveldbjni-all/1.8/leveldbjni-all-1.8.jar:/home/runner/.m2/repository/org/apache/hadoop/hadoop-distcp/3.3.1/hadoop-distcp-3.3.1.jar:/home/runner/.m2/repository/org/apache/hadoop/hadoop-mapreduce-client-jobclient/3.3.1/hadoop-mapreduce-client-jobclient-3.3.1.jar:/home/runner/.m2/repository/org/apache/hadoop/hadoop-mapreduce-client-common/3.3.1/hadoop-mapreduce-client-common-3.3.1.jar:/home/runner/.m2/repository/org/apache/hadoop/hadoop-yarn-common/3.3.1/hadoop-yarn-common-3.3.1.jar:/home/runner/.m2/repository/org/apache/hadoop/hadoop-yarn-api/3.3.1/hadoop-yarn-api-3.3.1.jar:/home/runner/.m2/repository/com/sun/jersey/contribs/jersey-guice/1.19/jersey-guice-1.19.jar:/home/runner/.m2/repository/com/fasterxml/jackson/jaxrs/jackson-jaxrs-json-provider/2.13.2/jackson-jaxrs-json-provider-2.13.2.jar:/home/runner/.m2/repository/com/fasterxml/jackson/jaxrs/jackson-jaxrs-base/2.13.2/jackson-jaxrs-base-2.13.2.jar:/home/runner/.m2/repository/org/apache/hadoop/hadoop-yarn-client/3.3.1/hadoop-yarn-client-3.3.1.jar:/home/runner/.m2/repository/org/eclipse/jetty/websocket/websocket-client/9.4.40.v20210413/websocket-client-9.4.40.v20210413.jar:/home/runner/.m2/repository/org/eclipse/jetty/websocket/websocket-common/9.4.40.v20210413/websocket-common-9.4.40.v20210413.jar:/home/runner/.m2/repository/org/eclipse/jetty/websocket/websocket-api/9.4.40.v20210413/websocket-api-9.4.40.v20210413.jar:/home/runner/.m2/repository/org/jline/jline/3.9.0/jline-3.9.0.jar:/home/runner/.m2/repository/org/apache/hadoop/hadoop-mapreduce-client-core/3.3.1/hadoop-mapreduce-client-core-3.3.1.jar:/home/runner/.m2/repository/org/apache/avro/avro/1.7.7/avro-1.7.7.jar:/home/runner/.m2/repository/org/codehaus/jackson/jackson-core-asl/1.9.13/jackson-core-asl-1.9.13.jar:/home/runner/.m2/repository/org/codehaus/jackson/jackson-mapper-asl/1.9.13/jackson-mapper-asl-1.9.13.jar:/home/runner/.m2/repository/com/thoughtworks/paranamer/paranamer/2.3/paranamer-2.3.jar:/home/runner/.m2/repository/org/apache/hadoop/hadoop-annotations/3.3.1/hadoop-annotations-3.3.1.jar:/usr/lib/jvm/temurin-8-jdk-amd64/jre/../lib/tools.jar:/home/runner/.m2/repository/org/apache/hadoop/hadoop-distcp/3.3.1/hadoop-distcp-3.3.1-tests.jar:/home/runner/.m2/repository/org/apache/ratis/ratis-common/2.3.0/ratis-common-2.3.0.jar:/home/runner/.m2/repository/org/apache/ratis/ratis-thirdparty-misc/1.0.0/ratis-thirdparty-misc-1.0.0.jar:/home/runner/.m2/repository/org/apache/ratis/ratis-proto/2.3.0/ratis-proto-2.3.0.jar:/home/runner/.m2/repository/org/apache/ozone/ozone-annotation-processing/1.3.0-SNAPSHOT/ozone-annotation-processing-1.3.0-SNAPSHOT.jar:"/>
    <property name="sun.cpu.endian" value="little"/>
    <property name="user.home" value="/home/runner"/>
    <property name="user.language" value="en"/>
    <property name="java.specification.vendor" value="Oracle Corporation"/>
    <property name="java.home" value="/usr/lib/jvm/temurin-8-jdk-amd64/jre"/>
    <property name="java.security.krb5.conf" value="/home/runner/work/ozone/ozone/hadoop-ozone/integration-test/target/test-classes/krb5.conf"/>
    <property name="basedir" value="/home/runner/work/ozone/ozone/hadoop-ozone/integration-test"/>
    <property name="file.separator" value="/"/>
    <property name="line.separator" value="&#10;"/>
    <property name="java.vm.specification.vendor" value="Oracle Corporation"/>
    <property name="java.specification.name" value="Java Platform API Specification"/>
    <property name="java.awt.graphicsenv" value="sun.awt.X11GraphicsEnvironment"/>
    <property name="skip.installnpx" value="true"/>
    <property name="surefire.fork.timeout" value="3600"/>
    <property name="surefire.real.class.path" value="/home/runner/work/ozone/ozone/hadoop-ozone/integration-test/target/surefire/surefirebooter3004024593097504801.jar:/home/runner/.m2/repository/org/jacoco/org.jacoco.agent/0.8.5/org.jacoco.agent-0.8.5-runtime.jar"/>
    <property name="hadoop.log.dir" value="/home/runner/work/ozone/ozone/hadoop-ozone/integration-test/target/log"/>
    <property name="sun.boot.class.path" value="/usr/lib/jvm/temurin-8-jdk-amd64/jre/lib/resources.jar:/usr/lib/jvm/temurin-8-jdk-amd64/jre/lib/rt.jar:/usr/lib/jvm/temurin-8-jdk-amd64/jre/lib/sunrsasign.jar:/usr/lib/jvm/temurin-8-jdk-amd64/jre/lib/jsse.jar:/usr/lib/jvm/temurin-8-jdk-amd64/jre/lib/jce.jar:/usr/lib/jvm/temurin-8-jdk-amd64/jre/lib/charsets.jar:/usr/lib/jvm/temurin-8-jdk-amd64/jre/lib/jfr.jar:/usr/lib/jvm/temurin-8-jdk-amd64/jre/classes"/>
    <property name="sun.management.compiler" value="HotSpot 64-Bit Tiered Compilers"/>
    <property name="skip.npx" value="true"/>
    <property name="java.runtime.version" value="1.8.0_332-b09"/>
    <property name="java.net.preferIPv4Stack" value="true"/>
    <property name="user.name" value="runner"/>
    <property name="path.separator" value=":"/>
    <property name="java.security.egd" value="file:///dev/urandom"/>
    <property name="os.version" value="5.4.0-1078-azure"/>
    <property name="java.endorsed.dirs" value="/usr/lib/jvm/temurin-8-jdk-amd64/jre/lib/endorsed"/>
    <property name="java.runtime.name" value="OpenJDK Runtime Environment"/>
    <property name="file.encoding" value="UTF-8"/>
    <property name="java.vm.name" value="OpenJDK 64-Bit Server VM"/>
    <property name="test.build.webapps" value=""/>
    <property name="localRepository" value="/home/runner/.m2/repository"/>
    <property name="jetty.git.hash" value="526006ecfa3af7f1a27ef3a288e2bef7ea9dd7e8"/>
    <property name="java.vendor.url.bug" value="https://github.com/adoptium/adoptium-support/issues"/>
    <property name="java.io.tmpdir" value="/tmp"/>
    <property name="require.test.libhadoop" value=""/>
    <property name="surefire.rerunFailingTestsCount" value="5"/>
    <property name="java.version" value="1.8.0_332"/>
    <property name="user.dir" value="/home/runner/work/ozone/ozone/hadoop-ozone/integration-test"/>
    <property name="os.arch" value="amd64"/>
    <property name="java.vm.specification.name" value="Java Virtual Machine Specification"/>
    <property name="test.build.classes" value="/home/runner/work/ozone/ozone/hadoop-ozone/integration-test/target/test-classes"/>
    <property name="java.awt.printerjob" value="sun.print.PSPrinterJob"/>
    <property name="sun.os.patch.level" value="unknown"/>
    <property name="hadoop.tmp.dir" value="/home/runner/work/ozone/ozone/hadoop-ozone/integration-test/target/tmp"/>
    <property name="java.library.path" value="/usr/java/packages/lib/amd64:/usr/lib64:/lib64:/lib:/usr/lib"/>
    <property name="java.vm.info" value="mixed mode"/>
    <property name="java.vendor" value="Temurin"/>
    <property name="java.vm.version" value="25.332-b09"/>
    <property name="java.ext.dirs" value="/usr/lib/jvm/temurin-8-jdk-amd64/jre/lib/ext:/usr/java/packages/lib/ext"/>
    <property name="sun.io.unicode.encoding" value="UnicodeLittle"/>
    <property name="java.class.version" value="52.0"/>
  </properties>
  <testcase name="testLeaderIdAfterLeaderChange" classname="org.apache.hadoop.hdds.scm.TestRatisPipelineLeader" time="0.023">
    <failure type="java.lang.AssertionError"><![CDATA[java.lang.AssertionError
	at org.junit.Assert.fail(Assert.java:87)
	at org.junit.Assert.assertTrue(Assert.java:42)
	at org.junit.Assert.assertTrue(Assert.java:53)
	at org.apache.hadoop.hdds.scm.TestRatisPipelineLeader.testLeaderIdAfterLeaderChange(TestRatisPipelineLeader.java:119)
	at sun.reflect.NativeMethodAccessorImpl.invoke0(Native Method)
	at sun.reflect.NativeMethodAccessorImpl.invoke(NativeMethodAccessorImpl.java:62)
	at sun.reflect.DelegatingMethodAccessorImpl.invoke(DelegatingMethodAccessorImpl.java:43)
	at java.lang.reflect.Method.invoke(Method.java:498)
	at org.junit.platform.commons.util.ReflectionUtils.invokeMethod(ReflectionUtils.java:725)
	at org.junit.jupiter.engine.execution.MethodInvocation.proceed(MethodInvocation.java:60)
	at org.junit.jupiter.engine.execution.InvocationInterceptorChain$ValidatingInvocation.proceed(InvocationInterceptorChain.java:131)
	at org.junit.jupiter.engine.extension.TimeoutInvocation.proceed(TimeoutInvocation.java:46)
	at org.junit.jupiter.engine.extension.TimeoutExtension.intercept(TimeoutExtension.java:149)
	at org.junit.jupiter.engine.extension.TimeoutExtension.interceptTestableMethod(TimeoutExtension.java:140)
	at org.junit.jupiter.engine.extension.TimeoutExtension.interceptTestMethod(TimeoutExtension.java:84)
	at org.junit.jupiter.engine.execution.ExecutableInvoker$ReflectiveInterceptorCall.lambda$ofVoidMethod$0(ExecutableInvoker.java:115)
	at org.junit.jupiter.engine.execution.ExecutableInvoker.lambda$invoke$0(ExecutableInvoker.java:105)
	at org.junit.jupiter.engine.execution.InvocationInterceptorChain$InterceptedInvocation.proceed(InvocationInterceptorChain.java:106)
	at org.junit.jupiter.engine.execution.InvocationInterceptorChain.proceed(InvocationInterceptorChain.java:64)
	at org.junit.jupiter.engine.execution.InvocationInterceptorChain.chainAndInvoke(InvocationInterceptorChain.java:45)
	at org.junit.jupiter.engine.execution.InvocationInterceptorChain.invoke(InvocationInterceptorChain.java:37)
	at org.junit.jupiter.engine.execution.ExecutableInvoker.invoke(ExecutableInvoker.java:104)
	at org.junit.jupiter.engine.execution.ExecutableInvoker.invoke(ExecutableInvoker.java:98)
	at org.junit.jupiter.engine.descriptor.TestMethodTestDescriptor.lambda$invokeTestMethod$7(TestMethodTestDescriptor.java:214)
	at org.junit.platform.engine.support.hierarchical.ThrowableCollector.execute(ThrowableCollector.java:73)
	at org.junit.jupiter.engine.descriptor.TestMethodTestDescriptor.invokeTestMethod(TestMethodTestDescriptor.java:210)
	at org.junit.jupiter.engine.descriptor.TestMethodTestDescriptor.execute(TestMethodTestDescriptor.java:135)
	at org.junit.jupiter.engine.descriptor.TestMethodTestDescriptor.execute(TestMethodTestDescriptor.java:66)
	at org.junit.platform.engine.support.hierarchical.NodeTestTask.lambda$executeRecursively$6(NodeTestTask.java:151)
	at org.junit.platform.engine.support.hierarchical.ThrowableCollector.execute(ThrowableCollector.java:73)
	at org.junit.platform.engine.support.hierarchical.NodeTestTask.lambda$executeRecursively$8(NodeTestTask.java:141)
	at org.junit.platform.engine.support.hierarchical.Node.around(Node.java:137)
	at org.junit.platform.engine.support.hierarchical.NodeTestTask.lambda$executeRecursively$9(NodeTestTask.java:139)
	at org.junit.platform.engine.support.hierarchical.ThrowableCollector.execute(ThrowableCollector.java:73)
	at org.junit.platform.engine.support.hierarchical.NodeTestTask.executeRecursively(NodeTestTask.java:138)
	at org.junit.platform.engine.support.hierarchical.NodeTestTask.execute(NodeTestTask.java:95)
	at java.util.ArrayList.forEach(ArrayList.java:1259)
	at org.junit.platform.engine.support.hierarchical.SameThreadHierarchicalTestExecutorService.invokeAll(SameThreadHierarchicalTestExecutorService.java:41)
	at org.junit.platform.engine.support.hierarchical.NodeTestTask.lambda$executeRecursively$6(NodeTestTask.java:155)
	at org.junit.platform.engine.support.hierarchical.ThrowableCollector.execute(ThrowableCollector.java:73)
	at org.junit.platform.engine.support.hierarchical.NodeTestTask.lambda$executeRecursively$8(NodeTestTask.java:141)
	at org.junit.platform.engine.support.hierarchical.Node.around(Node.java:137)
	at org.junit.platform.engine.support.hierarchical.NodeTestTask.lambda$executeRecursively$9(NodeTestTask.java:139)
	at org.junit.platform.engine.support.hierarchical.ThrowableCollector.execute(ThrowableCollector.java:73)
	at org.junit.platform.engine.support.hierarchical.NodeTestTask.executeRecursively(NodeTestTask.java:138)
	at org.junit.platform.engine.support.hierarchical.NodeTestTask.execute(NodeTestTask.java:95)
	at java.util.ArrayList.forEach(ArrayList.java:1259)
	at org.junit.platform.engine.support.hierarchical.SameThreadHierarchicalTestExecutorService.invokeAll(SameThreadHierarchicalTestExecutorService.java:41)
	at org.junit.platform.engine.support.hierarchical.NodeTestTask.lambda$executeRecursively$6(NodeTestTask.java:155)
	at org.junit.platform.engine.support.hierarchical.ThrowableCollector.execute(ThrowableCollector.java:73)
	at org.junit.platform.engine.support.hierarchical.NodeTestTask.lambda$executeRecursively$8(NodeTestTask.java:141)
	at org.junit.platform.engine.support.hierarchical.Node.around(Node.java:137)
	at org.junit.platform.engine.support.hierarchical.NodeTestTask.lambda$executeRecursively$9(NodeTestTask.java:139)
	at org.junit.platform.engine.support.hierarchical.ThrowableCollector.execute(ThrowableCollector.java:73)
	at org.junit.platform.engine.support.hierarchical.NodeTestTask.executeRecursively(NodeTestTask.java:138)
	at org.junit.platform.engine.support.hierarchical.NodeTestTask.execute(NodeTestTask.java:95)
	at org.junit.platform.engine.support.hierarchical.SameThreadHierarchicalTestExecutorService.submit(SameThreadHierarchicalTestExecutorService.java:35)
	at org.junit.platform.engine.support.hierarchical.HierarchicalTestExecutor.execute(HierarchicalTestExecutor.java:57)
	at org.junit.platform.engine.support.hierarchical.HierarchicalTestEngine.execute(HierarchicalTestEngine.java:54)
	at org.junit.platform.launcher.core.EngineExecutionOrchestrator.execute(EngineExecutionOrchestrator.java:107)
	at org.junit.platform.launcher.core.EngineExecutionOrchestrator.execute(EngineExecutionOrchestrator.java:88)
	at org.junit.platform.launcher.core.EngineExecutionOrchestrator.lambda$execute$0(EngineExecutionOrchestrator.java:54)
	at org.junit.platform.launcher.core.EngineExecutionOrchestrator.withInterceptedStreams(EngineExecutionOrchestrator.java:67)
	at org.junit.platform.launcher.core.EngineExecutionOrchestrator.execute(EngineExecutionOrchestrator.java:52)
	at org.junit.platform.launcher.core.DefaultLauncher.execute(DefaultLauncher.java:114)
	at org.junit.platform.launcher.core.DefaultLauncher.execute(DefaultLauncher.java:86)
	at org.junit.platform.launcher.core.DefaultLauncherSession$DelegatingLauncher.execute(DefaultLauncherSession.java:86)
	at org.junit.platform.launcher.core.SessionPerRequestLauncher.execute(SessionPerRequestLauncher.java:53)
	at org.apache.maven.surefire.junitplatform.JUnitPlatformProvider.execute(JUnitPlatformProvider.java:188)
	at org.apache.maven.surefire.junitplatform.JUnitPlatformProvider.invokeAllTests(JUnitPlatformProvider.java:154)
	at org.apache.maven.surefire.junitplatform.JUnitPlatformProvider.invoke(JUnitPlatformProvider.java:124)
	at org.apache.maven.surefire.booter.ForkedBooter.runSuitesInProcess(ForkedBooter.java:428)
	at org.apache.maven.surefire.booter.ForkedBooter.execute(ForkedBooter.java:162)
	at org.apache.maven.surefire.booter.ForkedBooter.run(ForkedBooter.java:562)
	at org.apache.maven.surefire.booter.ForkedBooter.main(ForkedBooter.java:548)
]]></failure>
    <system-out><![CDATA[2022-06-01 03:33:58,259 [main] WARN  server.ServerUtils (ServerUtils.java:getScmDbDir(148)) - ozone.scm.db.dirs is not configured. We recommend adding this setting. Falling back to ozone.metadata.dirs instead.
2022-06-01 03:33:58,358 [main] INFO  ha.SCMHANodeDetails (SCMHANodeDetails.java:loadSCMHAConfig(160)) - ServiceID for StorageContainerManager is null
2022-06-01 03:33:58,358 [main] INFO  ha.SCMHANodeDetails (SCMHANodeDetails.java:loadSCMHAConfig(165)) - ozone.scm.default.service.id is not defined, falling back to ozone.scm.service.ids to find serviceID for StorageContainerManager if it is HA enabled cluster
2022-06-01 03:33:58,492 [main] WARN  server.ServerUtils (ServerUtils.java:getScmDbDir(148)) - ozone.scm.db.dirs is not configured. We recommend adding this setting. Falling back to ozone.metadata.dirs instead.
2022-06-01 03:33:58,496 [main] INFO  upgrade.AbstractLayoutVersionManager (AbstractLayoutVersionManager.java:init(79)) - Initializing Layout version manager with metadata layout = ERASURE_CODED_STORAGE_SUPPORT (version = 3), software layout = ERASURE_CODED_STORAGE_SUPPORT (version = 3)
2022-06-01 03:33:58,713 [main] INFO  reflections.Reflections (Reflections.java:scan(232)) - Reflections took 137 ms to scan 7 urls, producing 127 keys and 292 values 
2022-06-01 03:33:59,208 [main] WARN  utils.HAUtils (HAUtils.java:getMetaDir(342)) - ozone.scm.db.dirs is not configured. We recommend adding this setting. Falling back to ozone.metadata.dirs instead.
2022-06-01 03:33:59,346 [main] WARN  db.DBStoreBuilder (DBStoreBuilder.java:applyDBDefinition(145)) - ozone.scm.db.dirs is not configured. We recommend adding this setting. Falling back to ozone.metadata.dirs instead.
2022-06-01 03:33:59,514 [main] INFO  net.NodeSchemaLoader (NodeSchemaLoader.java:loadSchemaFromFile(129)) - Loading schema from [jar:file:/home/runner/.m2/repository/org/apache/ozone/hdds-common/1.3.0-SNAPSHOT/hdds-common-1.3.0-SNAPSHOT.jar!/network-topology-default.xml]
2022-06-01 03:33:59,516 [main] INFO  net.NodeSchemaLoader (NodeSchemaLoader.java:loadSchema(176)) - Loading network topology layer schema file
2022-06-01 03:33:59,556 [main] INFO  metrics.MetricRegistries (MetricRegistriesLoader.java:load(64)) - Loaded MetricRegistries class org.apache.ratis.metrics.impl.MetricRegistriesImpl
2022-06-01 03:33:59,571 [main] INFO  ha.SequenceIdGenerator (SequenceIdGenerator.java:upgradeToSequenceId(347)) - upgrade localId to 109611004723200000
2022-06-01 03:33:59,571 [main] INFO  ha.SequenceIdGenerator (SequenceIdGenerator.java:upgradeToSequenceId(357)) - upgrade delTxnId to 0
2022-06-01 03:33:59,574 [main] INFO  ha.SequenceIdGenerator (SequenceIdGenerator.java:upgradeToSequenceId(374)) - upgrade containerId to 0
2022-06-01 03:33:59,576 [main] INFO  ha.SequenceIdGenerator (SequenceIdGenerator.java:<init>(218)) - Init the HA SequenceIdGenerator.
2022-06-01 03:33:59,614 [main] WARN  server.ServerUtils (ServerUtils.java:sanitizeUserArgs(73)) - ozone.scm.stale.node.interval value = 300000 is larger than max = 100000 based on the key value of ozone.scm.heartbeat.thread.interval, reset to the max value 100000.
2022-06-01 03:33:59,616 [main] WARN  server.ServerUtils (ServerUtils.java:sanitizeUserArgs(73)) - ozone.scm.stale.node.interval value = 300000 is larger than max = 100000 based on the key value of ozone.scm.heartbeat.thread.interval, reset to the max value 100000.
2022-06-01 03:33:59,621 [main] INFO  node.SCMNodeManager (SCMNodeManager.java:<init>(148)) - Entering startup safe mode.
2022-06-01 03:33:59,681 [main] INFO  algorithms.ContainerPlacementPolicyFactory (ContainerPlacementPolicyFactory.java:getPolicyInternal(86)) - Create container placement policy of type org.apache.hadoop.hdds.scm.container.placement.algorithms.SCMContainerPlacementRandom
2022-06-01 03:33:59,690 [main] INFO  pipeline.PipelineStateManagerImpl (PipelineStateManagerImpl.java:initialize(78)) - No pipeline exists in current db
2022-06-01 03:33:59,727 [main] INFO  algorithms.LeaderChoosePolicyFactory (LeaderChoosePolicyFactory.java:getPolicy(57)) - Create leader choose policy of type org.apache.hadoop.hdds.scm.pipeline.leader.choose.algorithms.MinLeaderCountChoosePolicy
2022-06-01 03:33:59,728 [main] INFO  algorithms.ContainerPlacementPolicyFactory (ContainerPlacementPolicyFactory.java:getPolicyInternal(86)) - Create container placement policy of type org.apache.hadoop.hdds.scm.container.placement.algorithms.SCMContainerPlacementRackScatter
2022-06-01 03:33:59,733 [main] INFO  pipeline.BackgroundPipelineCreator (BackgroundPipelineCreator.java:start(125)) - Starting RatisPipelineUtilsThread.
2022-06-01 03:33:59,737 [main] INFO  BackgroundPipelineScrubber (BackgroundSCMService.java:start(68)) - Starting BackgroundPipelineScrubber Service.
2022-06-01 03:33:59,740 [main] INFO  ha.SCMServiceManager (SCMServiceManager.java:register(42)) - Registering service BackgroundPipelineCreator.
2022-06-01 03:33:59,740 [main] INFO  ha.SCMServiceManager (SCMServiceManager.java:register(42)) - Registering service BackgroundPipelineScrubber.
2022-06-01 03:33:59,746 [main] INFO  ExpiredContainerReplicaOpScrubber (BackgroundSCMService.java:start(68)) - Starting ExpiredContainerReplicaOpScrubber Service.
2022-06-01 03:33:59,747 [main] INFO  ha.SCMServiceManager (SCMServiceManager.java:register(42)) - Registering service ExpiredContainerReplicaOpScrubber.
2022-06-01 03:33:59,774 [main] INFO  algorithms.PipelineChoosePolicyFactory (PipelineChoosePolicyFactory.java:createPipelineChoosePolicyFromClass(73)) - Create pipeline choose policy of type org.apache.hadoop.hdds.scm.pipeline.choose.algorithms.RandomPipelineChoosePolicy
2022-06-01 03:33:59,793 [main] INFO  ha.SCMServiceManager (SCMServiceManager.java:register(42)) - Registering service SCMBlockDeletingService.
2022-06-01 03:33:59,832 [main] INFO  ha.SCMServiceManager (SCMServiceManager.java:register(42)) - Registering service ReplicationManager.
2022-06-01 03:33:59,833 [main] INFO  replication.ReplicationManager (ReplicationManager.java:start(179)) - Starting Replication Monitor Thread.
2022-06-01 03:33:59,850 [ReplicationMonitor] INFO  replication.ReplicationManager (ReplicationManager.java:processAll(228)) - Replication Manager is not ready to run until 3000ms after safemode exit
2022-06-01 03:33:59,852 [main] INFO  safemode.ContainerSafeModeRule (ContainerSafeModeRule.java:<init>(89)) - containers with one replica threshold count 0
2022-06-01 03:33:59,857 [main] INFO  safemode.HealthyPipelineSafeModeRule (HealthyPipelineSafeModeRule.java:initializeRule(156)) - Total pipeline count is 0, healthy pipeline threshold count is 1
2022-06-01 03:33:59,861 [main] INFO  safemode.OneReplicaPipelineSafeModeRule (OneReplicaPipelineSafeModeRule.java:initializeRule(180)) - Total pipeline count is 0, pipeline's with at least one datanode reported threshold count is 0
2022-06-01 03:34:00,185 [main] INFO  audit.AuditLogger (AuditLogger.java:refreshDebugCmdSet(120)) - Refresh DebugCmdSet for SCMAudit to [].
2022-06-01 03:34:00,216 [main] INFO  ipc.CallQueueManager (CallQueueManager.java:<init>(90)) - Using callQueue: class java.util.concurrent.LinkedBlockingQueue, queueCapacity: 2000, scheduler: class org.apache.hadoop.ipc.DefaultRpcScheduler, ipcBackoff: false.
2022-06-01 03:34:00,255 [Socket Reader #1 for port 0] INFO  ipc.Server (Server.java:run(1265)) - Starting Socket Reader #1 for port 0
2022-06-01 03:34:00,322 [Listener at 0.0.0.0/45969] INFO  audit.AuditLogger (AuditLogger.java:refreshDebugCmdSet(120)) - Refresh DebugCmdSet for SCMAudit to [].
2022-06-01 03:34:00,329 [Listener at 0.0.0.0/45969] INFO  ipc.CallQueueManager (CallQueueManager.java:<init>(90)) - Using callQueue: class java.util.concurrent.LinkedBlockingQueue, queueCapacity: 2000, scheduler: class org.apache.hadoop.ipc.DefaultRpcScheduler, ipcBackoff: false.
2022-06-01 03:34:00,330 [Socket Reader #1 for port 0] INFO  ipc.Server (Server.java:run(1265)) - Starting Socket Reader #1 for port 0
2022-06-01 03:34:00,366 [Listener at 0.0.0.0/39543] INFO  audit.AuditLogger (AuditLogger.java:refreshDebugCmdSet(120)) - Refresh DebugCmdSet for SCMAudit to [].
2022-06-01 03:34:00,384 [Listener at 0.0.0.0/39543] INFO  ipc.CallQueueManager (CallQueueManager.java:<init>(90)) - Using callQueue: class java.util.concurrent.LinkedBlockingQueue, queueCapacity: 2000, scheduler: class org.apache.hadoop.ipc.DefaultRpcScheduler, ipcBackoff: false.
2022-06-01 03:34:00,386 [Socket Reader #1 for port 0] INFO  ipc.Server (Server.java:run(1265)) - Starting Socket Reader #1 for port 0
2022-06-01 03:34:00,451 [Listener at 0.0.0.0/34089] INFO  server.StorageContainerManager (StorageContainerManager.java:<init>(400)) - 
Container Balancer status:
Key                            Value
Running                        false
Container Balancer Configuration values:
Key                                                Value
Threshold                                          10
Max Datanodes to Involve per Iteration(percent)    20
Max Size to Move per Iteration                     500GB
Max Size Entering Target per Iteration             26GB
Max Size Leaving Source per Iteration              26GB

2022-06-01 03:34:00,452 [Listener at 0.0.0.0/34089] WARN  events.EventQueue (EventQueue.java:fireEvent(194)) - No event handler registered for event TypedEvent{payloadType=SafeModeStatus, name='Safe mode status'}
2022-06-01 03:34:00,452 [Listener at 0.0.0.0/34089] INFO  ha.SCMContext (SCMContext.java:updateSafeModeStatus(211)) - Update SafeModeStatus from SafeModeStatus{safeModeStatus=true, preCheckPassed=false} to SafeModeStatus{safeModeStatus=true, preCheckPassed=false}.
2022-06-01 03:34:00,457 [Listener at 0.0.0.0/34089] INFO  server.StorageContainerManager (StorageContainerManager.java:start(1385)) - StorageContainerLocationProtocol RPC server is listening at /0.0.0.0:34089
2022-06-01 03:34:00,534 [Listener at 0.0.0.0/34089] WARN  impl.MetricsConfig (MetricsConfig.java:loadFirst(136)) - Cannot locate configuration: tried hadoop-metrics2-storagecontainermanager.properties,hadoop-metrics2.properties
2022-06-01 03:34:00,552 [Listener at 0.0.0.0/34089] INFO  impl.MetricsSystemImpl (MetricsSystemImpl.java:startTimer(378)) - Scheduled Metric snapshot period at 10 second(s).
2022-06-01 03:34:00,553 [Listener at 0.0.0.0/34089] INFO  impl.MetricsSystemImpl (MetricsSystemImpl.java:start(191)) - StorageContainerManager metrics system started
2022-06-01 03:34:00,918 [Listener at 0.0.0.0/34089] INFO  server.SCMClientProtocolServer (SCMClientProtocolServer.java:start(169)) - RPC server for Client  is listening at /0.0.0.0:34089
2022-06-01 03:34:00,920 [IPC Server Responder] INFO  ipc.Server (Server.java:run(1507)) - IPC Server Responder: starting
2022-06-01 03:34:00,921 [IPC Server listener on 0] INFO  ipc.Server (Server.java:run(1344)) - IPC Server listener on 0: starting
2022-06-01 03:34:00,924 [Listener at 0.0.0.0/34089] INFO  server.StorageContainerManager (StorageContainerManager.java:start(1400)) - ScmBlockLocationProtocol RPC server is listening at /0.0.0.0:39543
2022-06-01 03:34:00,924 [Listener at 0.0.0.0/34089] INFO  server.SCMBlockProtocolServer (SCMBlockProtocolServer.java:start(151)) - RPC server for Block Protocol is listening at /0.0.0.0:39543
2022-06-01 03:34:00,925 [IPC Server Responder] INFO  ipc.Server (Server.java:run(1507)) - IPC Server Responder: starting
2022-06-01 03:34:00,925 [IPC Server listener on 0] INFO  ipc.Server (Server.java:run(1344)) - IPC Server listener on 0: starting
2022-06-01 03:34:00,927 [Listener at 0.0.0.0/34089] INFO  server.SCMDatanodeProtocolServer (SCMDatanodeProtocolServer.java:start(183)) - ScmDatanodeProtocol RPC server for DataNodes is listening at /0.0.0.0:45969
2022-06-01 03:34:00,928 [IPC Server Responder] INFO  ipc.Server (Server.java:run(1507)) - IPC Server Responder: starting
2022-06-01 03:34:00,928 [IPC Server listener on 0] INFO  ipc.Server (Server.java:run(1344)) - IPC Server listener on 0: starting
2022-06-01 03:34:00,952 [org.apache.hadoop.util.JvmPauseMonitor$Monitor@6d0a4a22] INFO  util.JvmPauseMonitor (JvmPauseMonitor.java:run(188)) - Starting JVM pause monitor
2022-06-01 03:34:00,955 [Listener at 0.0.0.0/34089] INFO  http.BaseHttpServer (BaseHttpServer.java:newHttpServer2BuilderForOzone(209)) - Starting Web-server for scm at: http://0.0.0.0:0
2022-06-01 03:34:00,955 [Listener at 0.0.0.0/34089] INFO  http.BaseHttpServer (BaseHttpServer.java:<init>(107)) - Hadoop Security Enabled: false Ozone Security Enabled: false Ozone HTTP Security Enabled: false 
2022-06-01 03:34:00,982 [Listener at 0.0.0.0/34089] INFO  util.log (Log.java:initialized(170)) - Logging initialized @4115ms to org.eclipse.jetty.util.log.Slf4jLog
2022-06-01 03:34:01,093 [Listener at 0.0.0.0/34089] INFO  server.AuthenticationFilter (AuthenticationFilter.java:constructSecretProvider(240)) - Unable to initialize FileSignerSecretProvider, falling back to use random secrets.
2022-06-01 03:34:01,099 [Listener at 0.0.0.0/34089] WARN  http.HttpRequestLog (HttpRequestLog.java:getRequestLog(103)) - Jetty request log can only be enabled using Log4j
2022-06-01 03:34:01,106 [Listener at 0.0.0.0/34089] INFO  http.HttpServer2 (HttpServer2.java:addGlobalFilter(1030)) - Added global filter 'safety' (class=org.apache.hadoop.hdds.server.http.HttpServer2$QuotingInputFilter)
2022-06-01 03:34:01,109 [Listener at 0.0.0.0/34089] INFO  http.HttpServer2 (HttpServer2.java:addFilter(1006)) - Added filter static_user_filter (class=org.apache.hadoop.http.lib.StaticUserWebFilter$StaticUserFilter) to context scm
2022-06-01 03:34:01,109 [Listener at 0.0.0.0/34089] INFO  http.HttpServer2 (HttpServer2.java:addFilter(1014)) - Added filter static_user_filter (class=org.apache.hadoop.http.lib.StaticUserWebFilter$StaticUserFilter) to context logs
2022-06-01 03:34:01,110 [Listener at 0.0.0.0/34089] INFO  http.HttpServer2 (HttpServer2.java:addFilter(1014)) - Added filter static_user_filter (class=org.apache.hadoop.http.lib.StaticUserWebFilter$StaticUserFilter) to context static
2022-06-01 03:34:01,152 [Listener at 0.0.0.0/34089] INFO  http.HttpServer2 (HttpServer2.java:bindListener(1249)) - Jetty bound to port 34545
2022-06-01 03:34:01,154 [Listener at 0.0.0.0/34089] INFO  server.Server (Server.java:doStart(375)) - jetty-9.4.43.v20210629; built: 2021-06-30T11:07:22.254Z; git: 526006ecfa3af7f1a27ef3a288e2bef7ea9dd7e8; jvm 1.8.0_332-b09
2022-06-01 03:34:01,189 [Listener at 0.0.0.0/34089] INFO  server.session (DefaultSessionIdManager.java:doStart(334)) - DefaultSessionIdManager workerName=node0
2022-06-01 03:34:01,189 [Listener at 0.0.0.0/34089] INFO  server.session (DefaultSessionIdManager.java:doStart(339)) - No SessionScavenger set, using defaults
2022-06-01 03:34:01,192 [Listener at 0.0.0.0/34089] INFO  server.session (HouseKeeper.java:startScavenging(132)) - node0 Scavenging every 660000ms
2022-06-01 03:34:01,205 [Listener at 0.0.0.0/34089] INFO  handler.ContextHandler (ContextHandler.java:doStart(915)) - Started o.e.j.s.ServletContextHandler@16745abd{logs,/logs,file:///home/runner/work/ozone/ozone/hadoop-ozone/integration-test/target/log,AVAILABLE}
2022-06-01 03:34:01,206 [Listener at 0.0.0.0/34089] INFO  handler.ContextHandler (ContextHandler.java:doStart(915)) - Started o.e.j.s.ServletContextHandler@35277c6c{static,/static,file:///home/runner/work/ozone/ozone/hadoop-ozone/integration-test/target/test-classes/webapps/static,AVAILABLE}
2022-06-01 03:34:01,255 [Listener at 0.0.0.0/34089] INFO  handler.ContextHandler (ContextHandler.java:doStart(915)) - Started o.e.j.w.WebAppContext@2fc0ad21{scm,/,file:///home/runner/work/ozone/ozone/hadoop-ozone/integration-test/target/test-classes/webapps/scm/,AVAILABLE}{file:/home/runner/work/ozone/ozone/hadoop-ozone/integration-test/target/test-classes/webapps/scm}
2022-06-01 03:34:01,264 [Listener at 0.0.0.0/34089] INFO  server.AbstractConnector (AbstractConnector.java:doStart(331)) - Started ServerConnector@3f2afa8b{HTTP/1.1, (http/1.1)}{0.0.0.0:34545}
2022-06-01 03:34:01,265 [Listener at 0.0.0.0/34089] INFO  server.Server (Server.java:doStart(415)) - Started @4399ms
2022-06-01 03:34:01,267 [Listener at 0.0.0.0/34089] INFO  impl.MetricsSinkAdapter (MetricsSinkAdapter.java:start(204)) - Sink prometheus started
2022-06-01 03:34:01,267 [Listener at 0.0.0.0/34089] INFO  impl.MetricsSystemImpl (MetricsSystemImpl.java:registerSink(305)) - Registered sink prometheus
2022-06-01 03:34:01,269 [Listener at 0.0.0.0/34089] INFO  http.BaseHttpServer (BaseHttpServer.java:updateConnectorAddress(329)) - HTTP server of scm listening at http://0.0.0.0:34545
2022-06-01 03:34:01,270 [Listener at 0.0.0.0/34089] WARN  server.ServerUtils (ServerUtils.java:getDBPath(225)) - ozone.om.db.dirs is not configured. We recommend adding this setting. Falling back to ozone.metadata.dirs instead.
2022-06-01 03:34:01,338 [Listener at 0.0.0.0/34089] INFO  audit.AuditLogger (AuditLogger.java:refreshDebugCmdSet(120)) - Refresh DebugCmdSet for OMAudit to [].
2022-06-01 03:34:01,416 [Listener at 0.0.0.0/34089] INFO  ha.OMHANodeDetails (OMHANodeDetails.java:loadOMHAConfig(115)) - ozone.om.internal.service.id is not defined, falling back to ozone.om.service.ids to find serviceID for OzoneManager if it is HA enabled cluster
2022-06-01 03:34:01,419 [Listener at 0.0.0.0/34089] INFO  ha.OMHANodeDetails (OMHANodeDetails.java:loadOMHAConfig(226)) - Configuration does not have ozone.om.address set. Falling back to the default OM address /127.0.0.1:0
2022-06-01 03:34:01,419 [Listener at 0.0.0.0/34089] INFO  ha.OMHANodeDetails (OMHANodeDetails.java:getOMNodeDetailsForNonHA(254)) - OM Service ID is not set. Setting it to the default ID: omServiceIdDefault
2022-06-01 03:34:01,419 [Listener at 0.0.0.0/34089] INFO  ha.OMHANodeDetails (OMHANodeDetails.java:getOMNodeDetailsForNonHA(261)) - OM Node ID is not set. Setting it to the default ID: om1
2022-06-01 03:34:01,423 [Listener at 0.0.0.0/34089] WARN  server.ServerUtils (ServerUtils.java:getDBPath(225)) - ozone.om.db.dirs is not configured. We recommend adding this setting. Falling back to ozone.metadata.dirs instead.
2022-06-01 03:34:01,424 [Listener at 0.0.0.0/34089] INFO  upgrade.AbstractLayoutVersionManager (AbstractLayoutVersionManager.java:init(79)) - Initializing Layout version manager with metadata layout = MULTITENANCY_SCHEMA (version = 3), software layout = MULTITENANCY_SCHEMA (version = 3)
2022-06-01 03:34:01,498 [Listener at 0.0.0.0/34089] INFO  reflections.Reflections (Reflections.java:scan(232)) - Reflections took 68 ms to scan 2 urls, producing 153 keys and 431 values [using 2 cores]
2022-06-01 03:34:01,505 [Listener at 0.0.0.0/34089] INFO  upgrade.OMLayoutVersionManager (OMLayoutVersionManager.java:lambda$0(115)) - Skipping Upgrade Action MockOmUpgradeAction since it has been finalized.
2022-06-01 03:34:01,506 [Listener at 0.0.0.0/34089] WARN  server.ServerUtils (ServerUtils.java:getDBPath(225)) - ozone.om.db.dirs is not configured. We recommend adding this setting. Falling back to ozone.metadata.dirs instead.
2022-06-01 03:34:01,657 [Listener at 0.0.0.0/34089] INFO  proxy.SCMBlockLocationFailoverProxyProvider (SCMBlockLocationFailoverProxyProvider.java:<init>(114)) - Created block location fail-over proxy with 1 nodes: [nodeId=scmNodeId,nodeAddress=/0.0.0.0:39543]
2022-06-01 03:34:01,681 [Listener at 0.0.0.0/34089] INFO  proxy.SCMBlockLocationFailoverProxyProvider (SCMBlockLocationFailoverProxyProvider.java:<init>(114)) - Created block location fail-over proxy with 1 nodes: [nodeId=scmNodeId,nodeAddress=/0.0.0.0:39543]
2022-06-01 03:34:01,912 [Listener at 0.0.0.0/34089] WARN  server.ServerUtils (ServerUtils.java:getDBPath(225)) - ozone.om.db.dirs is not configured. We recommend adding this setting. Falling back to ozone.metadata.dirs instead.
2022-06-01 03:34:01,920 [Listener at 0.0.0.0/34089] INFO  codec.OmKeyInfoCodec (OmKeyInfoCodec.java:<init>(49)) - OmKeyInfoCodec ignorePipeline = true
2022-06-01 03:34:01,921 [Listener at 0.0.0.0/34089] INFO  codec.RepeatedOmKeyInfoCodec (RepeatedOmKeyInfoCodec.java:<init>(41)) - RepeatedOmKeyInfoCodec ignorePipeline = true
2022-06-01 03:34:02,082 [Listener at 0.0.0.0/34089] INFO  om.OzoneManager (OzoneManager.java:instantiateServices(688)) - S3 Multi-Tenancy is disabled
2022-06-01 03:34:02,159 [Listener at 0.0.0.0/34089] INFO  om.OzoneManager (OzoneManager.java:addS3GVolumeToDB(4204)) - Created Volume s3v With Owner runner required for S3Gateway operations.
2022-06-01 03:34:02,236 [Listener at 0.0.0.0/34089] WARN  server.ServerUtils (ServerUtils.java:getDefaultRatisDirectory(237)) - Storage directory for Ratis is not configured. It is a good idea to map this to an SSD disk. Falling back to ozone.metadata.dirs
2022-06-01 03:34:02,238 [Listener at 0.0.0.0/34089] WARN  utils.OzoneManagerRatisUtils (OzoneManagerRatisUtils.java:getOMRatisSnapshotDirectory(425)) - ozone.om.ratis.snapshot.dir is not configured. Falling back to ozone.metadata.dirs config
2022-06-01 03:34:02,262 [Listener at 0.0.0.0/34089] WARN  server.ServerUtils (ServerUtils.java:getDefaultRatisDirectory(237)) - Storage directory for Ratis is not configured. It is a good idea to map this to an SSD disk. Falling back to ozone.metadata.dirs
2022-06-01 03:34:02,294 [Listener at 0.0.0.0/34089] INFO  ratis.OzoneManagerRatisServer (OzoneManagerRatisServer.java:<init>(159)) - Instantiating OM Ratis server with groupID: omServiceIdDefault and peers: localhost:9872
2022-06-01 03:34:02,305 [Listener at 0.0.0.0/34089] INFO  ratis.OzoneManagerStateMachine (OzoneManagerStateMachine.java:loadSnapshotInfoFromDB(627)) - LastAppliedIndex is set from TransactionInfo from OM DB as (t:0, i:~)
2022-06-01 03:34:02,367 [Listener at 0.0.0.0/34089] INFO  server.RaftServer (ConfUtils.java:logGet(46)) - raft.rpc.type = GRPC (default)
2022-06-01 03:34:02,455 [Listener at 0.0.0.0/34089] INFO  grpc.GrpcFactory (GrpcFactory.java:checkPooledByteBufAllocatorUseCacheForAllThreads(48)) - PERFORMANCE WARNING: useCacheForAllThreads is true that may cause Netty to create a lot garbage objects and, as a result, trigger GC.
	It is recommended to disable useCacheForAllThreads by setting -Dorg.apache.ratis.thirdparty.io.netty.allocator.useCacheForAllThreads=false in command line.
2022-06-01 03:34:02,459 [Listener at 0.0.0.0/34089] INFO  grpc.GrpcConfigKeys (ConfUtils.java:logGet(46)) - raft.grpc.admin.port = -1 (default)
2022-06-01 03:34:02,460 [Listener at 0.0.0.0/34089] INFO  grpc.GrpcConfigKeys (ConfUtils.java:logGet(46)) - raft.grpc.server.port = 9872 (custom)
2022-06-01 03:34:02,461 [Listener at 0.0.0.0/34089] INFO  grpc.GrpcConfigKeys (ConfUtils.java:logGet(46)) - raft.grpc.client.port = -1 (default)
2022-06-01 03:34:02,461 [Listener at 0.0.0.0/34089] INFO  grpc.GrpcConfigKeys (ConfUtils.java:logGet(46)) - raft.grpc.server.port = 9872 (custom)
2022-06-01 03:34:02,461 [Listener at 0.0.0.0/34089] INFO  grpc.GrpcConfigKeys (ConfUtils.java:logGet(46)) - raft.grpc.server.port = 9872 (custom)
2022-06-01 03:34:02,462 [Listener at 0.0.0.0/34089] INFO  server.GrpcService (ConfUtils.java:logGet(46)) - raft.grpc.message.size.max = 33554432 (custom)
2022-06-01 03:34:02,463 [Listener at 0.0.0.0/34089] INFO  server.RaftServerConfigKeys (ConfUtils.java:logGet(46)) - raft.server.log.appender.buffer.byte-limit = 33554432 (custom)
2022-06-01 03:34:02,464 [Listener at 0.0.0.0/34089] INFO  server.GrpcService (ConfUtils.java:logGet(46)) - raft.grpc.flow.control.window = 1MB (=1048576) (default)
2022-06-01 03:34:02,465 [Listener at 0.0.0.0/34089] INFO  server.RaftServerConfigKeys (ConfUtils.java:logGet(46)) - raft.server.rpc.request.timeout = 3000ms (default)
2022-06-01 03:34:02,483 [Listener at 0.0.0.0/34089] INFO  grpc.GrpcConfigKeys (ConfUtils.java:logGet(46)) - raft.grpc.server.async.request.thread.pool.cached = true (default)
2022-06-01 03:34:02,484 [Listener at 0.0.0.0/34089] INFO  grpc.GrpcConfigKeys (ConfUtils.java:logGet(46)) - raft.grpc.server.async.request.thread.pool.size = 32 (default)
2022-06-01 03:34:02,805 [Listener at 0.0.0.0/34089] INFO  impl.DataStreamServerImpl (ConfUtils.java:logGet(46)) - raft.datastream.type = DISABLED (default)
2022-06-01 03:34:02,808 [Listener at 0.0.0.0/34089] INFO  server.RaftServerConfigKeys (ConfUtils.java:logGet(46)) - raft.server.threadpool.proxy.cached = true (default)
2022-06-01 03:34:02,809 [Listener at 0.0.0.0/34089] INFO  server.RaftServerConfigKeys (ConfUtils.java:logGet(46)) - raft.server.threadpool.proxy.size = 0 (default)
2022-06-01 03:34:02,809 [Listener at 0.0.0.0/34089] INFO  server.RaftServerConfigKeys (ConfUtils.java:logGet(46)) - raft.server.rpc.slowness.timeout = 120s (custom)
2022-06-01 03:34:02,810 [Listener at 0.0.0.0/34089] INFO  server.RaftServerConfigKeys (ConfUtils.java:logGet(46)) - raft.server.leaderelection.leader.step-down.wait-time = 10s (default)
2022-06-01 03:34:02,814 [Listener at 0.0.0.0/34089] INFO  server.RaftServerConfigKeys (ConfUtils.java:logGet(46)) - raft.server.storage.dir = [/home/runner/work/ozone/ozone/hadoop-ozone/integration-test/target/test-dir/MiniOzoneClusterImpl-2aa7f405-a4ee-42d9-877d-60ec10202336/ozone-meta/ratis] (custom)
2022-06-01 03:34:02,824 [Listener at 0.0.0.0/34089] INFO  server.RaftServer (RaftServerProxy.java:addNew(96)) - om1: addNew group-C5BA1605619E:[om1|rpc:localhost:9872|priority:0] returns group-C5BA1605619E:java.util.concurrent.CompletableFuture@67020d60[Not completed]
2022-06-01 03:34:02,824 [Listener at 0.0.0.0/34089] INFO  om.OzoneManager (OzoneManager.java:initializeRatisServer(1956)) - OzoneManager Ratis server initialized at port 9872
2022-06-01 03:34:02,841 [Listener at 0.0.0.0/34089] INFO  om.OzoneManager (OzoneManager.java:getRpcServer(1076)) - Creating RPC Server
2022-06-01 03:34:02,852 [pool-54-thread-1] INFO  server.RaftServer$Division (RaftServerImpl.java:<init>(190)) - om1: new RaftServerImpl for group-C5BA1605619E:[om1|rpc:localhost:9872|priority:0] with OzoneManagerStateMachine:uninitialized
2022-06-01 03:34:02,856 [pool-54-thread-1] INFO  server.RaftServerConfigKeys (ConfUtils.java:logGet(46)) - raft.server.rpc.timeout.min = 1s (custom)
2022-06-01 03:34:02,859 [pool-54-thread-1] INFO  server.RaftServerConfigKeys (ConfUtils.java:logGet(46)) - raft.server.rpc.timeout.max = 1200ms (custom)
2022-06-01 03:34:02,859 [pool-54-thread-1] INFO  server.RaftServerConfigKeys (ConfUtils.java:logGet(46)) - raft.server.rpc.sleep.time = 25ms (default)
2022-06-01 03:34:02,859 [pool-54-thread-1] INFO  server.RaftServerConfigKeys (ConfUtils.java:logGet(46)) - raft.server.rpc.slowness.timeout = 120s (custom)
2022-06-01 03:34:02,859 [pool-54-thread-1] INFO  server.RaftServerConfigKeys (ConfUtils.java:logGet(46)) - raft.server.leaderelection.leader.step-down.wait-time = 10s (default)
2022-06-01 03:34:02,859 [pool-54-thread-1] INFO  server.RaftServerConfigKeys (ConfUtils.java:logGet(46)) - raft.server.sleep.deviation.threshold = 300ms (default)
2022-06-01 03:34:02,877 [pool-54-thread-1] INFO  server.RaftServer$Division (ServerState.java:<init>(107)) - om1@group-C5BA1605619E: ConfigurationManager, init=-1: [om1|rpc:localhost:9872|priority:0], old=null, confs=<EMPTY_MAP>
2022-06-01 03:34:02,877 [pool-54-thread-1] INFO  server.RaftServerConfigKeys (ConfUtils.java:logGet(46)) - raft.server.storage.dir = [/home/runner/work/ozone/ozone/hadoop-ozone/integration-test/target/test-dir/MiniOzoneClusterImpl-2aa7f405-a4ee-42d9-877d-60ec10202336/ozone-meta/ratis] (custom)
2022-06-01 03:34:02,889 [pool-54-thread-1] INFO  server.RaftServerConfigKeys (ConfUtils.java:logGet(46)) - raft.server.log.corruption.policy = EXCEPTION (default)
2022-06-01 03:34:02,890 [pool-54-thread-1] INFO  server.RaftServerConfigKeys (ConfUtils.java:logGet(46)) - raft.server.storage.free-space.min = 0MB (=0) (default)
2022-06-01 03:34:02,891 [pool-54-thread-1] INFO  storage.RaftStorageDirectory (RaftStorageDirectoryImpl.java:analyzeStorage(135)) - The storage directory /home/runner/work/ozone/ozone/hadoop-ozone/integration-test/target/test-dir/MiniOzoneClusterImpl-2aa7f405-a4ee-42d9-877d-60ec10202336/ozone-meta/ratis/bf265839-605b-3f16-9796-c5ba1605619e does not exist. Creating ...
2022-06-01 03:34:02,897 [pool-54-thread-1] INFO  storage.RaftStorageDirectory (RaftStorageDirectoryImpl.java:tryLock(230)) - Lock on /home/runner/work/ozone/ozone/hadoop-ozone/integration-test/target/test-dir/MiniOzoneClusterImpl-2aa7f405-a4ee-42d9-877d-60ec10202336/ozone-meta/ratis/bf265839-605b-3f16-9796-c5ba1605619e/in_use.lock acquired by nodename 14781@fv-az151-582
2022-06-01 03:34:02,903 [pool-54-thread-1] INFO  storage.RaftStorage (RaftStorageImpl.java:format(89)) - Storage directory /home/runner/work/ozone/ozone/hadoop-ozone/integration-test/target/test-dir/MiniOzoneClusterImpl-2aa7f405-a4ee-42d9-877d-60ec10202336/ozone-meta/ratis/bf265839-605b-3f16-9796-c5ba1605619e has been successfully formatted.
2022-06-01 03:34:02,906 [pool-54-thread-1] INFO  server.RaftServerConfigKeys (ConfUtils.java:logGet(46)) - raft.server.notification.no-leader.timeout = 120s (custom)
2022-06-01 03:34:02,908 [pool-54-thread-1] INFO  server.RaftServerConfigKeys (ConfUtils.java:logGet(46)) - raft.server.log.use.memory = false (default)
2022-06-01 03:34:02,916 [pool-54-thread-1] INFO  server.RaftServerConfigKeys (ConfUtils.java:logGet(46)) - raft.server.log.purge.gap = 1000000 (custom)
2022-06-01 03:34:02,916 [pool-54-thread-1] INFO  server.RaftServerConfigKeys (ConfUtils.java:logGet(46)) - raft.server.log.appender.buffer.byte-limit = 33554432 (custom)
2022-06-01 03:34:02,918 [pool-54-thread-1] INFO  server.RaftServerConfigKeys (ConfUtils.java:logGet(46)) - raft.server.log.statemachine.data.read.timeout = 1000ms (default)
2022-06-01 03:34:02,966 [pool-54-thread-1] INFO  server.RaftServerConfigKeys (ConfUtils.java:logGet(46)) - raft.server.log.segment.size.max = 4194304 (custom)
2022-06-01 03:34:02,991 [pool-54-thread-1] INFO  server.RaftServerConfigKeys (ConfUtils.java:logGet(46)) - raft.server.log.segment.cache.num.max = 2 (custom)
2022-06-01 03:34:02,992 [pool-54-thread-1] INFO  server.RaftServerConfigKeys (ConfUtils.java:logGet(46)) - raft.server.log.segment.cache.size.max = 200MB (=209715200) (default)
2022-06-01 03:34:03,008 [pool-54-thread-1] INFO  segmented.SegmentedRaftLogWorker (SegmentedRaftLogWorker.java:<init>(187)) - new om1@group-C5BA1605619E-SegmentedRaftLogWorker for RaftStorageImpl:Storage Directory /home/runner/work/ozone/ozone/hadoop-ozone/integration-test/target/test-dir/MiniOzoneClusterImpl-2aa7f405-a4ee-42d9-877d-60ec10202336/ozone-meta/ratis/bf265839-605b-3f16-9796-c5ba1605619e
2022-06-01 03:34:03,009 [pool-54-thread-1] INFO  server.RaftServerConfigKeys (ConfUtils.java:logGet(46)) - raft.server.log.queue.byte-limit = 64MB (=67108864) (default)
2022-06-01 03:34:03,009 [pool-54-thread-1] INFO  server.RaftServerConfigKeys (ConfUtils.java:logGet(46)) - raft.server.log.queue.element-limit = 4096 (default)
2022-06-01 03:34:03,010 [pool-54-thread-1] INFO  server.RaftServerConfigKeys (ConfUtils.java:logGet(46)) - raft.server.log.segment.size.max = 4194304 (custom)
2022-06-01 03:34:03,011 [pool-54-thread-1] INFO  server.RaftServerConfigKeys (ConfUtils.java:logGet(46)) - raft.server.log.preallocated.size = 4194304 (custom)
2022-06-01 03:34:03,011 [pool-54-thread-1] INFO  server.RaftServerConfigKeys (ConfUtils.java:logGet(46)) - raft.server.log.force.sync.num = 128 (default)
2022-06-01 03:34:03,020 [pool-54-thread-1] INFO  server.RaftServerConfigKeys (ConfUtils.java:logGet(46)) - raft.server.log.statemachine.data.sync = true (default)
2022-06-01 03:34:03,020 [pool-54-thread-1] INFO  server.RaftServerConfigKeys (ConfUtils.java:logGet(46)) - raft.server.log.statemachine.data.sync.timeout = 10s (default)
2022-06-01 03:34:03,020 [pool-54-thread-1] INFO  server.RaftServerConfigKeys (ConfUtils.java:logGet(46)) - raft.server.log.statemachine.data.sync.timeout.retry = -1 (default)
2022-06-01 03:34:03,042 [pool-54-thread-1] INFO  server.RaftServerConfigKeys (ConfUtils.java:logGet(46)) - raft.server.log.write.buffer.size = 64KB (=65536) (default)
2022-06-01 03:34:03,042 [pool-54-thread-1] INFO  server.RaftServerConfigKeys (ConfUtils.java:logGet(46)) - raft.server.log.unsafe-flush.enabled = false (default)
2022-06-01 03:34:03,043 [pool-54-thread-1] INFO  server.RaftServerConfigKeys (ConfUtils.java:logGet(46)) - raft.server.log.statemachine.data.caching.enabled = false (default)
2022-06-01 03:34:03,056 [pool-54-thread-1] INFO  segmented.SegmentedRaftLogWorker (SegmentedRaftLogWorker.java:lambda$new$0(135)) - om1@group-C5BA1605619E-SegmentedRaftLogWorker: flushIndex: setUnconditionally 0 -> -1
2022-06-01 03:34:03,056 [pool-54-thread-1] INFO  segmented.SegmentedRaftLogWorker (SegmentedRaftLogWorker.java:lambda$new$0(135)) - om1@group-C5BA1605619E-SegmentedRaftLogWorker: safeCacheEvictIndex: setUnconditionally 0 -> -1
2022-06-01 03:34:03,081 [pool-54-thread-1] INFO  server.RaftServerConfigKeys (ConfUtils.java:logGet(46)) - raft.server.snapshot.auto.trigger.enabled = true (custom)
2022-06-01 03:34:03,082 [pool-54-thread-1] INFO  server.RaftServerConfigKeys (ConfUtils.java:logGet(46)) - raft.server.snapshot.auto.trigger.threshold = 400000 (default)
2022-06-01 03:34:03,082 [pool-54-thread-1] INFO  server.RaftServerConfigKeys (ConfUtils.java:logGet(46)) - raft.server.snapshot.retention.file.num = -1 (default)
2022-06-01 03:34:03,095 [pool-54-thread-1] INFO  server.RaftServerConfigKeys (ConfUtils.java:logGet(46)) - raft.server.log.purge.upto.snapshot.index = true (custom)
2022-06-01 03:34:03,097 [pool-54-thread-1] INFO  server.RaftServerConfigKeys (ConfUtils.java:logGet(46)) - raft.server.retrycache.expirytime = 300s (custom)
2022-06-01 03:34:03,098 [pool-54-thread-1] INFO  server.RaftServerConfigKeys (ConfUtils.java:logGet(46)) - raft.server.retrycache.statistics.expirytime = 100μs (default)
2022-06-01 03:34:03,294 [pool-54-thread-1] INFO  server.RaftServerConfigKeys (ConfUtils.java:logGet(46)) - raft.server.log.appender.install.snapshot.enabled = false (custom)
2022-06-01 03:34:03,295 [pool-54-thread-1] INFO  server.RaftServerConfigKeys (ConfUtils.java:logGet(46)) - raft.server.threadpool.server.cached = true (default)
2022-06-01 03:34:03,295 [pool-54-thread-1] INFO  server.RaftServerConfigKeys (ConfUtils.java:logGet(46)) - raft.server.threadpool.server.size = 0 (default)
2022-06-01 03:34:03,303 [pool-54-thread-1] INFO  server.RaftServerConfigKeys (ConfUtils.java:logGet(46)) - raft.server.threadpool.client.cached = true (default)
2022-06-01 03:34:03,304 [pool-54-thread-1] INFO  server.RaftServerConfigKeys (ConfUtils.java:logGet(46)) - raft.server.threadpool.client.size = 0 (default)
2022-06-01 03:34:03,557 [Listener at 0.0.0.0/34089] INFO  reflections.Reflections (Reflections.java:scan(232)) - Reflections took 644 ms to scan 19 urls, producing 61 keys and 3824 values [using 2 cores]
2022-06-01 03:34:03,718 [Listener at 0.0.0.0/34089] INFO  ipc.CallQueueManager (CallQueueManager.java:<init>(90)) - Using callQueue: class java.util.concurrent.LinkedBlockingQueue, queueCapacity: 2000, scheduler: class org.apache.hadoop.ipc.DefaultRpcScheduler, ipcBackoff: false.
2022-06-01 03:34:03,718 [Socket Reader #1 for port 0] INFO  ipc.Server (Server.java:run(1265)) - Starting Socket Reader #1 for port 0
2022-06-01 03:34:03,753 [Listener at 127.0.0.1/38045] INFO  impl.MetricsSystemImpl (MetricsSystemImpl.java:init(158)) - OzoneManager metrics system started (again)
2022-06-01 03:34:03,766 [Listener at 127.0.0.1/38045] INFO  om.OzoneManager (OzoneManager.java:start(1460)) - OzoneManager RPC server is listening at localhost/127.0.0.1:38045
2022-06-01 03:34:03,766 [Listener at 127.0.0.1/38045] INFO  ratis.OzoneManagerRatisServer (OzoneManagerRatisServer.java:start(554)) - Starting OzoneManagerRatisServer om1 at port 9872
2022-06-01 03:34:03,769 [om1-impl-thread1] INFO  server.RaftServer$Division (RaftServerImpl.java:start(310)) - om1@group-C5BA1605619E: start as a follower, conf=-1: [om1|rpc:localhost:9872|priority:0], old=null
2022-06-01 03:34:03,770 [om1-impl-thread1] INFO  server.RaftServer$Division (RaftServerImpl.java:setRole(299)) - om1@group-C5BA1605619E: changes role from      null to FOLLOWER at term 0 for startAsFollower
2022-06-01 03:34:03,771 [om1-impl-thread1] INFO  impl.RoleInfo (RoleInfo.java:updateAndGet(139)) - om1: start om1@group-C5BA1605619E-FollowerState
2022-06-01 03:34:03,772 [om1-impl-thread1] INFO  util.JmxRegister (JmxRegister.java:tryRegister(44)) - Successfully registered JMX Bean with object name Ratis:service=RaftServer,group=group-C5BA1605619E,id=om1
2022-06-01 03:34:03,783 [Listener at 127.0.0.1/38045] INFO  server.RaftServer (RaftServerProxy.java:lambda$start$6(382)) - om1: start RPC server
2022-06-01 03:34:03,855 [Listener at 127.0.0.1/38045] INFO  server.GrpcService (GrpcService.java:startImpl(260)) - om1: GrpcService started, listening on 9872
2022-06-01 03:34:03,858 [Listener at 127.0.0.1/38045] INFO  om.OzoneManager (OzoneManager.java:start(1476)) - Version File has different layout version (3) than OM DB (null). That is expected if this OM has never been finalized to a newer layout version.
2022-06-01 03:34:03,860 [org.apache.ratis.util.JvmPauseMonitor$$Lambda$677/1664655596@51077e04] INFO  util.JvmPauseMonitor (JvmPauseMonitor.java:run(103)) - JvmPauseMonitor-om1: Started
2022-06-01 03:34:04,036 [Listener at 127.0.0.1/38045] INFO  http.BaseHttpServer (BaseHttpServer.java:newHttpServer2BuilderForOzone(209)) - Starting Web-server for ozoneManager at: http://0.0.0.0:0
2022-06-01 03:34:04,037 [Listener at 127.0.0.1/38045] INFO  http.BaseHttpServer (BaseHttpServer.java:<init>(107)) - Hadoop Security Enabled: false Ozone Security Enabled: false Ozone HTTP Security Enabled: false 
2022-06-01 03:34:04,038 [Listener at 127.0.0.1/38045] INFO  server.AuthenticationFilter (AuthenticationFilter.java:constructSecretProvider(240)) - Unable to initialize FileSignerSecretProvider, falling back to use random secrets.
2022-06-01 03:34:04,039 [Listener at 127.0.0.1/38045] WARN  http.HttpRequestLog (HttpRequestLog.java:getRequestLog(103)) - Jetty request log can only be enabled using Log4j
2022-06-01 03:34:04,040 [Listener at 127.0.0.1/38045] INFO  http.HttpServer2 (HttpServer2.java:addGlobalFilter(1030)) - Added global filter 'safety' (class=org.apache.hadoop.hdds.server.http.HttpServer2$QuotingInputFilter)
2022-06-01 03:34:04,041 [Listener at 127.0.0.1/38045] INFO  http.HttpServer2 (HttpServer2.java:addFilter(1006)) - Added filter static_user_filter (class=org.apache.hadoop.http.lib.StaticUserWebFilter$StaticUserFilter) to context ozoneManager
2022-06-01 03:34:04,042 [Listener at 127.0.0.1/38045] INFO  http.HttpServer2 (HttpServer2.java:addFilter(1014)) - Added filter static_user_filter (class=org.apache.hadoop.http.lib.StaticUserWebFilter$StaticUserFilter) to context logs
2022-06-01 03:34:04,042 [Listener at 127.0.0.1/38045] INFO  http.HttpServer2 (HttpServer2.java:addFilter(1014)) - Added filter static_user_filter (class=org.apache.hadoop.http.lib.StaticUserWebFilter$StaticUserFilter) to context static
2022-06-01 03:34:04,044 [Listener at 127.0.0.1/38045] INFO  http.HttpServer2 (HttpServer2.java:bindListener(1249)) - Jetty bound to port 33997
2022-06-01 03:34:04,044 [Listener at 127.0.0.1/38045] INFO  server.Server (Server.java:doStart(375)) - jetty-9.4.43.v20210629; built: 2021-06-30T11:07:22.254Z; git: 526006ecfa3af7f1a27ef3a288e2bef7ea9dd7e8; jvm 1.8.0_332-b09
2022-06-01 03:34:04,046 [Listener at 127.0.0.1/38045] INFO  server.session (DefaultSessionIdManager.java:doStart(334)) - DefaultSessionIdManager workerName=node0
2022-06-01 03:34:04,047 [Listener at 127.0.0.1/38045] INFO  server.session (DefaultSessionIdManager.java:doStart(339)) - No SessionScavenger set, using defaults
2022-06-01 03:34:04,047 [Listener at 127.0.0.1/38045] INFO  server.session (HouseKeeper.java:startScavenging(132)) - node0 Scavenging every 600000ms
2022-06-01 03:34:04,060 [Listener at 127.0.0.1/38045] INFO  handler.ContextHandler (ContextHandler.java:doStart(915)) - Started o.e.j.s.ServletContextHandler@49f5758f{logs,/logs,file:///home/runner/work/ozone/ozone/hadoop-ozone/integration-test/target/log,AVAILABLE}
2022-06-01 03:34:04,064 [Listener at 127.0.0.1/38045] INFO  handler.ContextHandler (ContextHandler.java:doStart(915)) - Started o.e.j.s.ServletContextHandler@2e93e779{static,/static,file:///home/runner/work/ozone/ozone/hadoop-ozone/integration-test/target/test-classes/webapps/static,AVAILABLE}
2022-06-01 03:34:04,067 [Listener at 127.0.0.1/38045] INFO  handler.ContextHandler (ContextHandler.java:doStart(915)) - Started o.e.j.w.WebAppContext@11553864{ozoneManager,/,file:///home/runner/work/ozone/ozone/hadoop-ozone/integration-test/target/test-classes/webapps/ozoneManager/,AVAILABLE}{file:/home/runner/work/ozone/ozone/hadoop-ozone/integration-test/target/test-classes/webapps/ozoneManager}
2022-06-01 03:34:04,075 [Listener at 127.0.0.1/38045] INFO  server.AbstractConnector (AbstractConnector.java:doStart(331)) - Started ServerConnector@68dc7f43{HTTP/1.1, (http/1.1)}{0.0.0.0:33997}
2022-06-01 03:34:04,075 [Listener at 127.0.0.1/38045] INFO  server.Server (Server.java:doStart(415)) - Started @7209ms
2022-06-01 03:34:04,075 [Listener at 127.0.0.1/38045] WARN  impl.MetricsSystemImpl (MetricsSystemImpl.java:register(279)) - Sink prometheus already exists!
2022-06-01 03:34:04,076 [Listener at 127.0.0.1/38045] INFO  http.BaseHttpServer (BaseHttpServer.java:updateConnectorAddress(329)) - HTTP server of ozoneManager listening at http://0.0.0.0:33997
2022-06-01 03:34:04,076 [IPC Server Responder] INFO  ipc.Server (Server.java:run(1507)) - IPC Server Responder: starting
2022-06-01 03:34:04,077 [IPC Server listener on 0] INFO  ipc.Server (Server.java:run(1344)) - IPC Server listener on 0: starting
2022-06-01 03:34:04,088 [Listener at 127.0.0.1/38045] INFO  om.OzoneManager (OzoneManager.java:startTrashEmptier(1900)) - Trash Interval set to 0. Files deleted won't move to trash
2022-06-01 03:34:04,108 [org.apache.hadoop.util.JvmPauseMonitor$Monitor@3256cd5a] INFO  util.JvmPauseMonitor (JvmPauseMonitor.java:run(188)) - Starting JVM pause monitor
2022-06-01 03:34:04,252 [Listener at 127.0.0.1/38045] WARN  impl.MetricRegistriesImpl (MetricRegistriesImpl.java:addReporterRegistration(111)) - New reporters are added after registries were created. Some metrics will be missing from the reporter. Please add reporter before adding any new registry.
2022-06-01 03:34:04,253 [Listener at 127.0.0.1/38045] WARN  impl.MetricRegistriesImpl (MetricRegistriesImpl.java:addReporterRegistration(111)) - New reporters are added after registries were created. Some metrics will be missing from the reporter. Please add reporter before adding any new registry.
2022-06-01 03:34:04,253 [Listener at 127.0.0.1/38045] INFO  impl.MetricsSystemImpl (MetricsSystemImpl.java:init(158)) - HddsDatanode metrics system started (again)
2022-06-01 03:34:04,269 [Listener at 127.0.0.1/38045] INFO  ozone.HddsDatanodeService (HddsDatanodeService.java:start(236)) - HddsDatanodeService host:fv-az151-582.yf2hydr00wburbhx3j5hxtcipe.bx.internal.cloudapp.net ip:10.1.0.5
2022-06-01 03:34:04,298 [Listener at 127.0.0.1/38045] INFO  upgrade.AbstractLayoutVersionManager (AbstractLayoutVersionManager.java:init(79)) - Initializing Layout version manager with metadata layout = ERASURE_CODED_STORAGE_SUPPORT (version = 3), software layout = ERASURE_CODED_STORAGE_SUPPORT (version = 3)
2022-06-01 03:34:04,338 [Listener at 127.0.0.1/38045] INFO  reflections.Reflections (Reflections.java:scan(232)) - Reflections took 38 ms to scan 7 urls, producing 127 keys and 292 values 
2022-06-01 03:34:04,342 [Listener at 127.0.0.1/38045] INFO  statemachine.DatanodeStateMachine (DatanodeStateMachine.java:getEndPointTaskThreadPoolSize(233)) - Datanode State Machine Task Thread Pool size 2
2022-06-01 03:34:04,400 [Listener at 127.0.0.1/38045] INFO  volume.HddsVolume (HddsVolume.java:<init>(120)) - Creating HddsVolume: /home/runner/work/ozone/ozone/hadoop-ozone/integration-test/target/test-dir/MiniOzoneClusterImpl-2aa7f405-a4ee-42d9-877d-60ec10202336/datanode-0/data-0/containers/hdds of storage type : DISK capacity : 9223372036854775807
2022-06-01 03:34:04,402 [Listener at 127.0.0.1/38045] INFO  volume.MutableVolumeSet (MutableVolumeSet.java:initializeVolumeSet(168)) - Added Volume : /home/runner/work/ozone/ozone/hadoop-ozone/integration-test/target/test-dir/MiniOzoneClusterImpl-2aa7f405-a4ee-42d9-877d-60ec10202336/datanode-0/data-0/containers/hdds to VolumeSet
2022-06-01 03:34:04,404 [Listener at 127.0.0.1/38045] INFO  volume.ThrottledAsyncChecker (ThrottledAsyncChecker.java:schedule(141)) - Scheduling a check for /home/runner/work/ozone/ozone/hadoop-ozone/integration-test/target/test-dir/MiniOzoneClusterImpl-2aa7f405-a4ee-42d9-877d-60ec10202336/datanode-0/data-0/containers/hdds
2022-06-01 03:34:04,424 [Listener at 127.0.0.1/38045] INFO  volume.StorageVolumeChecker (StorageVolumeChecker.java:checkAllVolumes(202)) - Scheduled health check for volume /home/runner/work/ozone/ozone/hadoop-ozone/integration-test/target/test-dir/MiniOzoneClusterImpl-2aa7f405-a4ee-42d9-877d-60ec10202336/datanode-0/data-0/containers/hdds
2022-06-01 03:34:04,440 [Listener at 127.0.0.1/38045] INFO  volume.MutableVolumeSet (MutableVolumeSet.java:initializeVolumeSet(168)) - Added Volume : /home/runner/work/ozone/ozone/hadoop-ozone/integration-test/target/test-dir/MiniOzoneClusterImpl-2aa7f405-a4ee-42d9-877d-60ec10202336/datanode-0/data/ratis to VolumeSet
2022-06-01 03:34:04,440 [Listener at 127.0.0.1/38045] INFO  volume.ThrottledAsyncChecker (ThrottledAsyncChecker.java:schedule(141)) - Scheduling a check for /home/runner/work/ozone/ozone/hadoop-ozone/integration-test/target/test-dir/MiniOzoneClusterImpl-2aa7f405-a4ee-42d9-877d-60ec10202336/datanode-0/data/ratis
2022-06-01 03:34:04,441 [Listener at 127.0.0.1/38045] INFO  volume.StorageVolumeChecker (StorageVolumeChecker.java:checkAllVolumes(202)) - Scheduled health check for volume /home/runner/work/ozone/ozone/hadoop-ozone/integration-test/target/test-dir/MiniOzoneClusterImpl-2aa7f405-a4ee-42d9-877d-60ec10202336/datanode-0/data/ratis
2022-06-01 03:34:04,461 [Thread-133] INFO  ozoneimpl.ContainerReader (ContainerReader.java:readVolume(172)) - Finish verifying containers on volume /home/runner/work/ozone/ozone/hadoop-ozone/integration-test/target/test-dir/MiniOzoneClusterImpl-2aa7f405-a4ee-42d9-877d-60ec10202336/datanode-0/data-0/containers/hdds
2022-06-01 03:34:04,461 [Listener at 127.0.0.1/38045] INFO  ozoneimpl.OzoneContainer (OzoneContainer.java:buildContainerSet(257)) - Build ContainerSet costs 0s
2022-06-01 03:34:04,504 [Listener at 127.0.0.1/38045] INFO  audit.AuditLogger (AuditLogger.java:refreshDebugCmdSet(120)) - Refresh DebugCmdSet for DNAudit to [].
2022-06-01 03:34:04,530 [Listener at 127.0.0.1/38045] INFO  server.RaftServer (ConfUtils.java:logGet(46)) - raft.rpc.type = GRPC (default)
2022-06-01 03:34:04,530 [Listener at 127.0.0.1/38045] INFO  grpc.GrpcFactory (GrpcFactory.java:checkPooledByteBufAllocatorUseCacheForAllThreads(48)) - PERFORMANCE WARNING: useCacheForAllThreads is true that may cause Netty to create a lot garbage objects and, as a result, trigger GC.
	It is recommended to disable useCacheForAllThreads by setting -Dorg.apache.ratis.thirdparty.io.netty.allocator.useCacheForAllThreads=false in command line.
2022-06-01 03:34:04,530 [Listener at 127.0.0.1/38045] INFO  grpc.GrpcConfigKeys (ConfUtils.java:logGet(46)) - raft.grpc.admin.port = 0 (custom)
2022-06-01 03:34:04,531 [Listener at 127.0.0.1/38045] INFO  grpc.GrpcConfigKeys (ConfUtils.java:logGet(46)) - raft.grpc.client.port = 0 (custom)
2022-06-01 03:34:04,531 [Listener at 127.0.0.1/38045] INFO  grpc.GrpcConfigKeys (ConfUtils.java:logGet(46)) - raft.grpc.server.port = 0 (default)
2022-06-01 03:34:04,531 [Listener at 127.0.0.1/38045] INFO  server.GrpcService (ConfUtils.java:logGet(46)) - raft.grpc.message.size.max = 32MB (=33554432) (custom)
2022-06-01 03:34:04,531 [Listener at 127.0.0.1/38045] INFO  server.RaftServerConfigKeys (ConfUtils.java:logGet(46)) - raft.server.log.appender.buffer.byte-limit = 33554432 (custom)
2022-06-01 03:34:04,531 [Listener at 127.0.0.1/38045] INFO  server.GrpcService (ConfUtils.java:logGet(46)) - raft.grpc.flow.control.window = 5MB (=5242880) (custom)
2022-06-01 03:34:04,532 [Listener at 127.0.0.1/38045] INFO  server.RaftServerConfigKeys (ConfUtils.java:logGet(46)) - raft.server.rpc.request.timeout = 60s (custom)
2022-06-01 03:34:04,532 [Listener at 127.0.0.1/38045] INFO  grpc.GrpcConfigKeys (ConfUtils.java:logGet(46)) - raft.grpc.server.async.request.thread.pool.cached = true (default)
2022-06-01 03:34:04,532 [Listener at 127.0.0.1/38045] INFO  grpc.GrpcConfigKeys (ConfUtils.java:logGet(46)) - raft.grpc.server.async.request.thread.pool.size = 32 (default)
2022-06-01 03:34:04,535 [Listener at 127.0.0.1/38045] INFO  impl.DataStreamServerImpl (ConfUtils.java:logGet(46)) - raft.datastream.type = DISABLED (default)
2022-06-01 03:34:04,535 [Listener at 127.0.0.1/38045] INFO  server.RaftServerConfigKeys (ConfUtils.java:logGet(46)) - raft.server.threadpool.proxy.cached = true (default)
2022-06-01 03:34:04,536 [Listener at 127.0.0.1/38045] INFO  server.RaftServerConfigKeys (ConfUtils.java:logGet(46)) - raft.server.threadpool.proxy.size = 0 (default)
2022-06-01 03:34:04,538 [Listener at 127.0.0.1/38045] INFO  server.RaftServerConfigKeys (ConfUtils.java:logGet(46)) - raft.server.rpc.slowness.timeout = 300s (custom)
2022-06-01 03:34:04,539 [Listener at 127.0.0.1/38045] INFO  server.RaftServerConfigKeys (ConfUtils.java:logGet(46)) - raft.server.leaderelection.leader.step-down.wait-time = 10s (default)
2022-06-01 03:34:04,539 [Listener at 127.0.0.1/38045] INFO  server.RaftServerConfigKeys (ConfUtils.java:logGet(46)) - raft.server.storage.dir = [/home/runner/work/ozone/ozone/hadoop-ozone/integration-test/target/test-dir/MiniOzoneClusterImpl-2aa7f405-a4ee-42d9-877d-60ec10202336/datanode-0/data/ratis] (custom)
2022-06-01 03:34:04,557 [Listener at 127.0.0.1/38045] INFO  server.XceiverServerGrpc (XceiverServerGrpc.java:<init>(132)) - GrpcServer channel type EpollServerSocketChannel
2022-06-01 03:34:04,605 [Listener at 127.0.0.1/38045] INFO  http.BaseHttpServer (BaseHttpServer.java:newHttpServer2BuilderForOzone(209)) - Starting Web-server for hddsDatanode at: http://0.0.0.0:0
2022-06-01 03:34:04,606 [Listener at 127.0.0.1/38045] INFO  http.BaseHttpServer (BaseHttpServer.java:<init>(107)) - Hadoop Security Enabled: false Ozone Security Enabled: false Ozone HTTP Security Enabled: false 
2022-06-01 03:34:04,608 [Listener at 127.0.0.1/38045] INFO  server.AuthenticationFilter (AuthenticationFilter.java:constructSecretProvider(240)) - Unable to initialize FileSignerSecretProvider, falling back to use random secrets.
2022-06-01 03:34:04,609 [Listener at 127.0.0.1/38045] WARN  http.HttpRequestLog (HttpRequestLog.java:getRequestLog(103)) - Jetty request log can only be enabled using Log4j
2022-06-01 03:34:04,610 [Listener at 127.0.0.1/38045] INFO  http.HttpServer2 (HttpServer2.java:addGlobalFilter(1030)) - Added global filter 'safety' (class=org.apache.hadoop.hdds.server.http.HttpServer2$QuotingInputFilter)
2022-06-01 03:34:04,611 [Listener at 127.0.0.1/38045] INFO  http.HttpServer2 (HttpServer2.java:addFilter(1006)) - Added filter static_user_filter (class=org.apache.hadoop.http.lib.StaticUserWebFilter$StaticUserFilter) to context hddsDatanode
2022-06-01 03:34:04,611 [Listener at 127.0.0.1/38045] INFO  http.HttpServer2 (HttpServer2.java:addFilter(1014)) - Added filter static_user_filter (class=org.apache.hadoop.http.lib.StaticUserWebFilter$StaticUserFilter) to context logs
2022-06-01 03:34:04,611 [Listener at 127.0.0.1/38045] INFO  http.HttpServer2 (HttpServer2.java:addFilter(1014)) - Added filter static_user_filter (class=org.apache.hadoop.http.lib.StaticUserWebFilter$StaticUserFilter) to context static
2022-06-01 03:34:04,612 [Listener at 127.0.0.1/38045] INFO  http.HttpServer2 (HttpServer2.java:bindListener(1249)) - Jetty bound to port 38529
2022-06-01 03:34:04,612 [Listener at 127.0.0.1/38045] INFO  server.Server (Server.java:doStart(375)) - jetty-9.4.43.v20210629; built: 2021-06-30T11:07:22.254Z; git: 526006ecfa3af7f1a27ef3a288e2bef7ea9dd7e8; jvm 1.8.0_332-b09
2022-06-01 03:34:04,619 [Listener at 127.0.0.1/38045] INFO  server.session (DefaultSessionIdManager.java:doStart(334)) - DefaultSessionIdManager workerName=node0
2022-06-01 03:34:04,620 [Listener at 127.0.0.1/38045] INFO  server.session (DefaultSessionIdManager.java:doStart(339)) - No SessionScavenger set, using defaults
2022-06-01 03:34:04,620 [Listener at 127.0.0.1/38045] INFO  server.session (HouseKeeper.java:startScavenging(132)) - node0 Scavenging every 660000ms
2022-06-01 03:34:04,621 [Listener at 127.0.0.1/38045] INFO  handler.ContextHandler (ContextHandler.java:doStart(915)) - Started o.e.j.s.ServletContextHandler@7b0be268{logs,/logs,file:///home/runner/work/ozone/ozone/hadoop-ozone/integration-test/target/log,AVAILABLE}
2022-06-01 03:34:04,622 [Listener at 127.0.0.1/38045] INFO  handler.ContextHandler (ContextHandler.java:doStart(915)) - Started o.e.j.s.ServletContextHandler@2ff7685{static,/static,jar:file:/home/runner/.m2/repository/org/apache/ozone/hdds-container-service/1.3.0-SNAPSHOT/hdds-container-service-1.3.0-SNAPSHOT.jar!/webapps/static,AVAILABLE}
2022-06-01 03:34:04,803 [Listener at 127.0.0.1/38045] INFO  handler.ContextHandler (ContextHandler.java:doStart(915)) - Started o.e.j.w.WebAppContext@6fb38ea5{hddsDatanode,/,file:///tmp/jetty-0_0_0_0-38529-hdds-container-service-1_3_0-SNAPSHOT_jar-_-any-3396523386398015874/webapp/,AVAILABLE}{jar:file:/home/runner/.m2/repository/org/apache/ozone/hdds-container-service/1.3.0-SNAPSHOT/hdds-container-service-1.3.0-SNAPSHOT.jar!/webapps/hddsDatanode}
2022-06-01 03:34:04,805 [Listener at 127.0.0.1/38045] INFO  server.AbstractConnector (AbstractConnector.java:doStart(331)) - Started ServerConnector@35f69a32{HTTP/1.1, (http/1.1)}{0.0.0.0:38529}
2022-06-01 03:34:04,805 [Listener at 127.0.0.1/38045] INFO  server.Server (Server.java:doStart(415)) - Started @7939ms
2022-06-01 03:34:04,805 [Listener at 127.0.0.1/38045] WARN  impl.MetricsSystemImpl (MetricsSystemImpl.java:register(279)) - Sink prometheus already exists!
2022-06-01 03:34:04,806 [Listener at 127.0.0.1/38045] INFO  http.BaseHttpServer (BaseHttpServer.java:updateConnectorAddress(329)) - HTTP server of hddsDatanode listening at http://0.0.0.0:38529
2022-06-01 03:34:04,808 [Datanode State Machine Daemon Thread] INFO  statemachine.DatanodeStateMachine (DatanodeStateMachine.java:lambda$startDaemon$0(481)) - Ozone container server started.
2022-06-01 03:34:04,813 [Listener at 127.0.0.1/38045] WARN  impl.MetricRegistriesImpl (MetricRegistriesImpl.java:addReporterRegistration(111)) - New reporters are added after registries were created. Some metrics will be missing from the reporter. Please add reporter before adding any new registry.
2022-06-01 03:34:04,815 [Listener at 127.0.0.1/38045] WARN  impl.MetricRegistriesImpl (MetricRegistriesImpl.java:addReporterRegistration(111)) - New reporters are added after registries were created. Some metrics will be missing from the reporter. Please add reporter before adding any new registry.
2022-06-01 03:34:04,815 [Listener at 127.0.0.1/38045] INFO  impl.MetricsSystemImpl (MetricsSystemImpl.java:init(158)) - HddsDatanode metrics system started (again)
2022-06-01 03:34:04,827 [Listener at 127.0.0.1/38045] INFO  ozone.HddsDatanodeService (HddsDatanodeService.java:start(236)) - HddsDatanodeService host:fv-az151-582.yf2hydr00wburbhx3j5hxtcipe.bx.internal.cloudapp.net ip:10.1.0.5
2022-06-01 03:34:04,832 [org.apache.hadoop.util.JvmPauseMonitor$Monitor@37a8669] INFO  util.JvmPauseMonitor (JvmPauseMonitor.java:run(188)) - Starting JVM pause monitor
2022-06-01 03:34:04,842 [om1@group-C5BA1605619E-FollowerState] INFO  impl.FollowerState (FollowerState.java:run(143)) - om1@group-C5BA1605619E-FollowerState: change to CANDIDATE, lastRpcElapsedTime:1071246920ns, electionTimeout:1053ms
2022-06-01 03:34:04,843 [om1@group-C5BA1605619E-FollowerState] INFO  impl.RoleInfo (RoleInfo.java:shutdownFollowerState(110)) - om1: shutdown om1@group-C5BA1605619E-FollowerState
2022-06-01 03:34:04,849 [om1@group-C5BA1605619E-FollowerState] INFO  server.RaftServer$Division (RaftServerImpl.java:setRole(299)) - om1@group-C5BA1605619E: changes role from  FOLLOWER to CANDIDATE at term 0 for changeToCandidate
2022-06-01 03:34:04,854 [om1@group-C5BA1605619E-FollowerState] INFO  server.RaftServerConfigKeys (ConfUtils.java:logGet(46)) - raft.server.leaderelection.pre-vote = false (custom)
2022-06-01 03:34:04,854 [om1@group-C5BA1605619E-FollowerState] INFO  impl.RoleInfo (RoleInfo.java:updateAndGet(139)) - om1: start om1@group-C5BA1605619E-LeaderElection1
2022-06-01 03:34:04,867 [Listener at 127.0.0.1/38045] INFO  upgrade.AbstractLayoutVersionManager (AbstractLayoutVersionManager.java:init(79)) - Initializing Layout version manager with metadata layout = ERASURE_CODED_STORAGE_SUPPORT (version = 3), software layout = ERASURE_CODED_STORAGE_SUPPORT (version = 3)
2022-06-01 03:34:04,882 [om1@group-C5BA1605619E-LeaderElection1] INFO  impl.LeaderElection (LeaderElection.java:askForVotes(310)) - om1@group-C5BA1605619E-LeaderElection1 ELECTION round 0: submit vote requests at term 1 for -1: [om1|rpc:localhost:9872|priority:0], old=null
2022-06-01 03:34:04,883 [om1@group-C5BA1605619E-LeaderElection1] INFO  impl.LeaderElection (LeaderElection.java:askForVotes(312)) - om1@group-C5BA1605619E-LeaderElection1 ELECTION round 0: result PASSED (term=1)
2022-06-01 03:34:04,884 [om1@group-C5BA1605619E-LeaderElection1] INFO  impl.RoleInfo (RoleInfo.java:shutdownLeaderElection(130)) - om1: shutdown om1@group-C5BA1605619E-LeaderElection1
2022-06-01 03:34:04,884 [om1@group-C5BA1605619E-LeaderElection1] INFO  server.RaftServer$Division (RaftServerImpl.java:setRole(299)) - om1@group-C5BA1605619E: changes role from CANDIDATE to LEADER at term 1 for changeToLeader
2022-06-01 03:34:04,884 [om1@group-C5BA1605619E-LeaderElection1] INFO  server.RaftServer$Division (ServerState.java:setLeader(287)) - om1@group-C5BA1605619E: change Leader from null to om1 at term 1 for becomeLeader, leader elected after 1978ms
2022-06-01 03:34:04,893 [om1@group-C5BA1605619E-LeaderElection1] INFO  server.RaftServerConfigKeys (ConfUtils.java:logGet(46)) - raft.server.staging.catchup.gap = 1000 (default)
2022-06-01 03:34:04,905 [om1@group-C5BA1605619E-LeaderElection1] INFO  server.RaftServerConfigKeys (ConfUtils.java:logGet(46)) - raft.server.write.element-limit = 4096 (default)
2022-06-01 03:34:04,906 [om1@group-C5BA1605619E-LeaderElection1] INFO  server.RaftServerConfigKeys (ConfUtils.java:logGet(46)) - raft.server.write.byte-limit = 64MB (=67108864) (default)
2022-06-01 03:34:04,925 [Listener at 127.0.0.1/38045] INFO  reflections.Reflections (Reflections.java:scan(232)) - Reflections took 56 ms to scan 7 urls, producing 127 keys and 292 values 
2022-06-01 03:34:04,937 [Listener at 127.0.0.1/38045] INFO  statemachine.DatanodeStateMachine (DatanodeStateMachine.java:getEndPointTaskThreadPoolSize(233)) - Datanode State Machine Task Thread Pool size 2
2022-06-01 03:34:04,939 [Listener at 127.0.0.1/38045] INFO  volume.HddsVolume (HddsVolume.java:<init>(120)) - Creating HddsVolume: /home/runner/work/ozone/ozone/hadoop-ozone/integration-test/target/test-dir/MiniOzoneClusterImpl-2aa7f405-a4ee-42d9-877d-60ec10202336/datanode-1/data-0/containers/hdds of storage type : DISK capacity : 9223372036854775807
2022-06-01 03:34:04,939 [Listener at 127.0.0.1/38045] INFO  volume.MutableVolumeSet (MutableVolumeSet.java:initializeVolumeSet(168)) - Added Volume : /home/runner/work/ozone/ozone/hadoop-ozone/integration-test/target/test-dir/MiniOzoneClusterImpl-2aa7f405-a4ee-42d9-877d-60ec10202336/datanode-1/data-0/containers/hdds to VolumeSet
2022-06-01 03:34:04,939 [om1@group-C5BA1605619E-LeaderElection1] INFO  server.RaftServerConfigKeys (ConfUtils.java:logGet(46)) - raft.server.watch.timeout = 10s (default)
2022-06-01 03:34:04,939 [Listener at 127.0.0.1/38045] INFO  volume.ThrottledAsyncChecker (ThrottledAsyncChecker.java:schedule(141)) - Scheduling a check for /home/runner/work/ozone/ozone/hadoop-ozone/integration-test/target/test-dir/MiniOzoneClusterImpl-2aa7f405-a4ee-42d9-877d-60ec10202336/datanode-1/data-0/containers/hdds
2022-06-01 03:34:04,939 [om1@group-C5BA1605619E-LeaderElection1] INFO  server.RaftServerConfigKeys (ConfUtils.java:logGet(46)) - raft.server.watch.timeout.denomination = 1s (default)
2022-06-01 03:34:04,942 [om1@group-C5BA1605619E-LeaderElection1] INFO  server.RaftServerConfigKeys (ConfUtils.java:logGet(46)) - raft.server.watch.element-limit = 65536 (default)
2022-06-01 03:34:04,952 [om1@group-C5BA1605619E-LeaderElection1] INFO  server.RaftServerConfigKeys (ConfUtils.java:logGet(46)) - raft.server.write.element-limit = 4096 (default)
2022-06-01 03:34:04,964 [om1@group-C5BA1605619E-LeaderElection1] INFO  server.RaftServerConfigKeys (ConfUtils.java:logGet(46)) - raft.server.write.follower.gap.ratio.max = -1.0 (default)
2022-06-01 03:34:04,966 [Listener at 127.0.0.1/38045] INFO  volume.StorageVolumeChecker (StorageVolumeChecker.java:checkAllVolumes(202)) - Scheduled health check for volume /home/runner/work/ozone/ozone/hadoop-ozone/integration-test/target/test-dir/MiniOzoneClusterImpl-2aa7f405-a4ee-42d9-877d-60ec10202336/datanode-1/data-0/containers/hdds
2022-06-01 03:34:04,968 [om1@group-C5BA1605619E-LeaderElection1] INFO  impl.RoleInfo (RoleInfo.java:updateAndGet(139)) - om1: start om1@group-C5BA1605619E-LeaderStateImpl
2022-06-01 03:34:04,977 [Listener at 127.0.0.1/38045] INFO  volume.MutableVolumeSet (MutableVolumeSet.java:initializeVolumeSet(168)) - Added Volume : /home/runner/work/ozone/ozone/hadoop-ozone/integration-test/target/test-dir/MiniOzoneClusterImpl-2aa7f405-a4ee-42d9-877d-60ec10202336/datanode-1/data/ratis to VolumeSet
2022-06-01 03:34:04,977 [Listener at 127.0.0.1/38045] INFO  volume.ThrottledAsyncChecker (ThrottledAsyncChecker.java:schedule(141)) - Scheduling a check for /home/runner/work/ozone/ozone/hadoop-ozone/integration-test/target/test-dir/MiniOzoneClusterImpl-2aa7f405-a4ee-42d9-877d-60ec10202336/datanode-1/data/ratis
2022-06-01 03:34:04,977 [Listener at 127.0.0.1/38045] INFO  volume.StorageVolumeChecker (StorageVolumeChecker.java:checkAllVolumes(202)) - Scheduled health check for volume /home/runner/work/ozone/ozone/hadoop-ozone/integration-test/target/test-dir/MiniOzoneClusterImpl-2aa7f405-a4ee-42d9-877d-60ec10202336/datanode-1/data/ratis
2022-06-01 03:34:05,000 [Thread-148] INFO  ozoneimpl.ContainerReader (ContainerReader.java:readVolume(172)) - Finish verifying containers on volume /home/runner/work/ozone/ozone/hadoop-ozone/integration-test/target/test-dir/MiniOzoneClusterImpl-2aa7f405-a4ee-42d9-877d-60ec10202336/datanode-1/data-0/containers/hdds
2022-06-01 03:34:05,001 [Listener at 127.0.0.1/38045] INFO  ozoneimpl.OzoneContainer (OzoneContainer.java:buildContainerSet(257)) - Build ContainerSet costs 0s
2022-06-01 03:34:05,004 [Listener at 127.0.0.1/38045] INFO  server.RaftServer (ConfUtils.java:logGet(46)) - raft.rpc.type = GRPC (default)
2022-06-01 03:34:05,005 [Listener at 127.0.0.1/38045] INFO  grpc.GrpcFactory (GrpcFactory.java:checkPooledByteBufAllocatorUseCacheForAllThreads(48)) - PERFORMANCE WARNING: useCacheForAllThreads is true that may cause Netty to create a lot garbage objects and, as a result, trigger GC.
	It is recommended to disable useCacheForAllThreads by setting -Dorg.apache.ratis.thirdparty.io.netty.allocator.useCacheForAllThreads=false in command line.
2022-06-01 03:34:05,005 [Listener at 127.0.0.1/38045] INFO  grpc.GrpcConfigKeys (ConfUtils.java:logGet(46)) - raft.grpc.admin.port = 0 (custom)
2022-06-01 03:34:05,005 [Listener at 127.0.0.1/38045] INFO  grpc.GrpcConfigKeys (ConfUtils.java:logGet(46)) - raft.grpc.client.port = 0 (custom)
2022-06-01 03:34:05,005 [Listener at 127.0.0.1/38045] INFO  grpc.GrpcConfigKeys (ConfUtils.java:logGet(46)) - raft.grpc.server.port = 0 (default)
2022-06-01 03:34:05,005 [Listener at 127.0.0.1/38045] INFO  server.GrpcService (ConfUtils.java:logGet(46)) - raft.grpc.message.size.max = 32MB (=33554432) (custom)
2022-06-01 03:34:05,006 [Listener at 127.0.0.1/38045] INFO  server.RaftServerConfigKeys (ConfUtils.java:logGet(46)) - raft.server.log.appender.buffer.byte-limit = 33554432 (custom)
2022-06-01 03:34:05,006 [Listener at 127.0.0.1/38045] INFO  server.GrpcService (ConfUtils.java:logGet(46)) - raft.grpc.flow.control.window = 5MB (=5242880) (custom)
2022-06-01 03:34:05,006 [Listener at 127.0.0.1/38045] INFO  server.RaftServerConfigKeys (ConfUtils.java:logGet(46)) - raft.server.rpc.request.timeout = 60s (custom)
2022-06-01 03:34:05,006 [Listener at 127.0.0.1/38045] INFO  grpc.GrpcConfigKeys (ConfUtils.java:logGet(46)) - raft.grpc.server.async.request.thread.pool.cached = true (default)
2022-06-01 03:34:05,006 [Listener at 127.0.0.1/38045] INFO  grpc.GrpcConfigKeys (ConfUtils.java:logGet(46)) - raft.grpc.server.async.request.thread.pool.size = 32 (default)
2022-06-01 03:34:05,007 [Listener at 127.0.0.1/38045] INFO  impl.DataStreamServerImpl (ConfUtils.java:logGet(46)) - raft.datastream.type = DISABLED (default)
2022-06-01 03:34:05,007 [Listener at 127.0.0.1/38045] INFO  server.RaftServerConfigKeys (ConfUtils.java:logGet(46)) - raft.server.threadpool.proxy.cached = true (default)
2022-06-01 03:34:05,008 [Listener at 127.0.0.1/38045] INFO  server.RaftServerConfigKeys (ConfUtils.java:logGet(46)) - raft.server.threadpool.proxy.size = 0 (default)
2022-06-01 03:34:05,008 [Listener at 127.0.0.1/38045] INFO  server.RaftServerConfigKeys (ConfUtils.java:logGet(46)) - raft.server.rpc.slowness.timeout = 300s (custom)
2022-06-01 03:34:05,008 [Listener at 127.0.0.1/38045] INFO  server.RaftServerConfigKeys (ConfUtils.java:logGet(46)) - raft.server.leaderelection.leader.step-down.wait-time = 10s (default)
2022-06-01 03:34:05,008 [Listener at 127.0.0.1/38045] INFO  server.RaftServerConfigKeys (ConfUtils.java:logGet(46)) - raft.server.storage.dir = [/home/runner/work/ozone/ozone/hadoop-ozone/integration-test/target/test-dir/MiniOzoneClusterImpl-2aa7f405-a4ee-42d9-877d-60ec10202336/datanode-1/data/ratis] (custom)
2022-06-01 03:34:05,013 [Datanode State Machine Task Thread - 0] INFO  datanode.InitDatanodeState (InitDatanodeState.java:persistContainerDatanodeDetails(138)) - DatanodeDetails is persisted to /home/runner/work/ozone/ozone/hadoop-ozone/integration-test/target/test-dir/MiniOzoneClusterImpl-2aa7f405-a4ee-42d9-877d-60ec10202336/datanode-0/meta/datanode.id
2022-06-01 03:34:05,021 [Listener at 127.0.0.1/38045] INFO  server.XceiverServerGrpc (XceiverServerGrpc.java:<init>(132)) - GrpcServer channel type EpollServerSocketChannel
2022-06-01 03:34:05,027 [Listener at 127.0.0.1/38045] INFO  http.BaseHttpServer (BaseHttpServer.java:newHttpServer2BuilderForOzone(209)) - Starting Web-server for hddsDatanode at: http://0.0.0.0:0
2022-06-01 03:34:05,027 [Listener at 127.0.0.1/38045] INFO  http.BaseHttpServer (BaseHttpServer.java:<init>(107)) - Hadoop Security Enabled: false Ozone Security Enabled: false Ozone HTTP Security Enabled: false 
2022-06-01 03:34:05,033 [Listener at 127.0.0.1/38045] INFO  server.AuthenticationFilter (AuthenticationFilter.java:constructSecretProvider(240)) - Unable to initialize FileSignerSecretProvider, falling back to use random secrets.
2022-06-01 03:34:05,035 [Listener at 127.0.0.1/38045] WARN  http.HttpRequestLog (HttpRequestLog.java:getRequestLog(103)) - Jetty request log can only be enabled using Log4j
2022-06-01 03:34:05,035 [om1@group-C5BA1605619E-LeaderElection1] INFO  segmented.SegmentedRaftLogWorker (SegmentedRaftLogWorker.java:startLogSegment(425)) - om1@group-C5BA1605619E-SegmentedRaftLogWorker: Starting segment from index:0
2022-06-01 03:34:05,038 [Listener at 127.0.0.1/38045] INFO  http.HttpServer2 (HttpServer2.java:addGlobalFilter(1030)) - Added global filter 'safety' (class=org.apache.hadoop.hdds.server.http.HttpServer2$QuotingInputFilter)
2022-06-01 03:34:05,040 [Listener at 127.0.0.1/38045] INFO  http.HttpServer2 (HttpServer2.java:addFilter(1006)) - Added filter static_user_filter (class=org.apache.hadoop.http.lib.StaticUserWebFilter$StaticUserFilter) to context hddsDatanode
2022-06-01 03:34:05,040 [Listener at 127.0.0.1/38045] INFO  http.HttpServer2 (HttpServer2.java:addFilter(1014)) - Added filter static_user_filter (class=org.apache.hadoop.http.lib.StaticUserWebFilter$StaticUserFilter) to context logs
2022-06-01 03:34:05,040 [Listener at 127.0.0.1/38045] INFO  http.HttpServer2 (HttpServer2.java:addFilter(1014)) - Added filter static_user_filter (class=org.apache.hadoop.http.lib.StaticUserWebFilter$StaticUserFilter) to context static
2022-06-01 03:34:05,041 [Listener at 127.0.0.1/38045] INFO  http.HttpServer2 (HttpServer2.java:bindListener(1249)) - Jetty bound to port 33973
2022-06-01 03:34:05,041 [Listener at 127.0.0.1/38045] INFO  server.Server (Server.java:doStart(375)) - jetty-9.4.43.v20210629; built: 2021-06-30T11:07:22.254Z; git: 526006ecfa3af7f1a27ef3a288e2bef7ea9dd7e8; jvm 1.8.0_332-b09
2022-06-01 03:34:05,044 [Listener at 127.0.0.1/38045] INFO  server.session (DefaultSessionIdManager.java:doStart(334)) - DefaultSessionIdManager workerName=node0
2022-06-01 03:34:05,044 [Listener at 127.0.0.1/38045] INFO  server.session (DefaultSessionIdManager.java:doStart(339)) - No SessionScavenger set, using defaults
2022-06-01 03:34:05,044 [Listener at 127.0.0.1/38045] INFO  server.session (HouseKeeper.java:startScavenging(132)) - node0 Scavenging every 660000ms
2022-06-01 03:34:05,056 [Listener at 127.0.0.1/38045] INFO  handler.ContextHandler (ContextHandler.java:doStart(915)) - Started o.e.j.s.ServletContextHandler@4f880f30{logs,/logs,file:///home/runner/work/ozone/ozone/hadoop-ozone/integration-test/target/log,AVAILABLE}
2022-06-01 03:34:05,056 [Listener at 127.0.0.1/38045] INFO  handler.ContextHandler (ContextHandler.java:doStart(915)) - Started o.e.j.s.ServletContextHandler@45a16cac{static,/static,jar:file:/home/runner/.m2/repository/org/apache/ozone/hdds-container-service/1.3.0-SNAPSHOT/hdds-container-service-1.3.0-SNAPSHOT.jar!/webapps/static,AVAILABLE}
2022-06-01 03:34:05,129 [om1@group-C5BA1605619E-LeaderElection1] INFO  server.RaftServer$Division (ServerState.java:setRaftConf(393)) - om1@group-C5BA1605619E: set configuration 0: [om1|rpc:localhost:9872|admin:|client:|dataStream:|priority:0], old=null
2022-06-01 03:34:05,169 [om1@group-C5BA1605619E-SegmentedRaftLogWorker] INFO  segmented.SegmentedRaftLogWorker (SegmentedRaftLogWorker.java:execute(629)) - om1@group-C5BA1605619E-SegmentedRaftLogWorker: created new log segment /home/runner/work/ozone/ozone/hadoop-ozone/integration-test/target/test-dir/MiniOzoneClusterImpl-2aa7f405-a4ee-42d9-877d-60ec10202336/ozone-meta/ratis/bf265839-605b-3f16-9796-c5ba1605619e/current/log_inprogress_0
2022-06-01 03:34:05,279 [Listener at 127.0.0.1/38045] INFO  handler.ContextHandler (ContextHandler.java:doStart(915)) - Started o.e.j.w.WebAppContext@2575ffb7{hddsDatanode,/,file:///tmp/jetty-0_0_0_0-33973-hdds-container-service-1_3_0-SNAPSHOT_jar-_-any-4973825681483327773/webapp/,AVAILABLE}{jar:file:/home/runner/.m2/repository/org/apache/ozone/hdds-container-service/1.3.0-SNAPSHOT/hdds-container-service-1.3.0-SNAPSHOT.jar!/webapps/hddsDatanode}
2022-06-01 03:34:05,284 [Listener at 127.0.0.1/38045] INFO  server.AbstractConnector (AbstractConnector.java:doStart(331)) - Started ServerConnector@371c8e30{HTTP/1.1, (http/1.1)}{0.0.0.0:33973}
2022-06-01 03:34:05,290 [Listener at 127.0.0.1/38045] INFO  server.Server (Server.java:doStart(415)) - Started @8424ms
2022-06-01 03:34:05,290 [Listener at 127.0.0.1/38045] WARN  impl.MetricsSystemImpl (MetricsSystemImpl.java:register(279)) - Sink prometheus already exists!
2022-06-01 03:34:05,291 [Listener at 127.0.0.1/38045] INFO  http.BaseHttpServer (BaseHttpServer.java:updateConnectorAddress(329)) - HTTP server of hddsDatanode listening at http://0.0.0.0:33973
2022-06-01 03:34:05,295 [Datanode State Machine Daemon Thread] INFO  statemachine.DatanodeStateMachine (DatanodeStateMachine.java:lambda$startDaemon$0(481)) - Ozone container server started.
2022-06-01 03:34:05,299 [Listener at 127.0.0.1/38045] WARN  impl.MetricRegistriesImpl (MetricRegistriesImpl.java:addReporterRegistration(111)) - New reporters are added after registries were created. Some metrics will be missing from the reporter. Please add reporter before adding any new registry.
2022-06-01 03:34:05,299 [Listener at 127.0.0.1/38045] WARN  impl.MetricRegistriesImpl (MetricRegistriesImpl.java:addReporterRegistration(111)) - New reporters are added after registries were created. Some metrics will be missing from the reporter. Please add reporter before adding any new registry.
2022-06-01 03:34:05,299 [Listener at 127.0.0.1/38045] INFO  impl.MetricsSystemImpl (MetricsSystemImpl.java:init(158)) - HddsDatanode metrics system started (again)
2022-06-01 03:34:05,301 [om1@group-C5BA1605619E-StateMachineUpdater] INFO  ratis.OzoneManagerStateMachine (OzoneManagerStateMachine.java:notifyConfigurationChanged(191)) - Received Configuration change notification from Ratis. New Peer list:
[id: "om1"
address: "localhost:9872"
]
2022-06-01 03:34:05,314 [Listener at 127.0.0.1/38045] INFO  ozone.HddsDatanodeService (HddsDatanodeService.java:start(236)) - HddsDatanodeService host:fv-az151-582.yf2hydr00wburbhx3j5hxtcipe.bx.internal.cloudapp.net ip:10.1.0.5
2022-06-01 03:34:05,326 [org.apache.hadoop.util.JvmPauseMonitor$Monitor@5f2cfa3d] INFO  util.JvmPauseMonitor (JvmPauseMonitor.java:run(188)) - Starting JVM pause monitor
2022-06-01 03:34:05,333 [Datanode State Machine Task Thread - 0] INFO  datanode.InitDatanodeState (InitDatanodeState.java:persistContainerDatanodeDetails(138)) - DatanodeDetails is persisted to /home/runner/work/ozone/ozone/hadoop-ozone/integration-test/target/test-dir/MiniOzoneClusterImpl-2aa7f405-a4ee-42d9-877d-60ec10202336/datanode-1/meta/datanode.id
2022-06-01 03:34:05,344 [Listener at 127.0.0.1/38045] INFO  upgrade.AbstractLayoutVersionManager (AbstractLayoutVersionManager.java:init(79)) - Initializing Layout version manager with metadata layout = ERASURE_CODED_STORAGE_SUPPORT (version = 3), software layout = ERASURE_CODED_STORAGE_SUPPORT (version = 3)
2022-06-01 03:34:05,389 [Listener at 127.0.0.1/38045] INFO  reflections.Reflections (Reflections.java:scan(232)) - Reflections took 44 ms to scan 7 urls, producing 127 keys and 292 values 
2022-06-01 03:34:05,391 [Listener at 127.0.0.1/38045] INFO  statemachine.DatanodeStateMachine (DatanodeStateMachine.java:getEndPointTaskThreadPoolSize(233)) - Datanode State Machine Task Thread Pool size 2
2022-06-01 03:34:05,397 [Listener at 127.0.0.1/38045] INFO  volume.HddsVolume (HddsVolume.java:<init>(120)) - Creating HddsVolume: /home/runner/work/ozone/ozone/hadoop-ozone/integration-test/target/test-dir/MiniOzoneClusterImpl-2aa7f405-a4ee-42d9-877d-60ec10202336/datanode-2/data-0/containers/hdds of storage type : DISK capacity : 9223372036854775807
2022-06-01 03:34:05,397 [Listener at 127.0.0.1/38045] INFO  volume.MutableVolumeSet (MutableVolumeSet.java:initializeVolumeSet(168)) - Added Volume : /home/runner/work/ozone/ozone/hadoop-ozone/integration-test/target/test-dir/MiniOzoneClusterImpl-2aa7f405-a4ee-42d9-877d-60ec10202336/datanode-2/data-0/containers/hdds to VolumeSet
2022-06-01 03:34:05,397 [Listener at 127.0.0.1/38045] INFO  volume.ThrottledAsyncChecker (ThrottledAsyncChecker.java:schedule(141)) - Scheduling a check for /home/runner/work/ozone/ozone/hadoop-ozone/integration-test/target/test-dir/MiniOzoneClusterImpl-2aa7f405-a4ee-42d9-877d-60ec10202336/datanode-2/data-0/containers/hdds
2022-06-01 03:34:05,398 [Listener at 127.0.0.1/38045] INFO  volume.StorageVolumeChecker (StorageVolumeChecker.java:checkAllVolumes(202)) - Scheduled health check for volume /home/runner/work/ozone/ozone/hadoop-ozone/integration-test/target/test-dir/MiniOzoneClusterImpl-2aa7f405-a4ee-42d9-877d-60ec10202336/datanode-2/data-0/containers/hdds
2022-06-01 03:34:05,410 [Listener at 127.0.0.1/38045] INFO  volume.MutableVolumeSet (MutableVolumeSet.java:initializeVolumeSet(168)) - Added Volume : /home/runner/work/ozone/ozone/hadoop-ozone/integration-test/target/test-dir/MiniOzoneClusterImpl-2aa7f405-a4ee-42d9-877d-60ec10202336/datanode-2/data/ratis to VolumeSet
2022-06-01 03:34:05,410 [Listener at 127.0.0.1/38045] INFO  volume.ThrottledAsyncChecker (ThrottledAsyncChecker.java:schedule(141)) - Scheduling a check for /home/runner/work/ozone/ozone/hadoop-ozone/integration-test/target/test-dir/MiniOzoneClusterImpl-2aa7f405-a4ee-42d9-877d-60ec10202336/datanode-2/data/ratis
2022-06-01 03:34:05,410 [Listener at 127.0.0.1/38045] INFO  volume.StorageVolumeChecker (StorageVolumeChecker.java:checkAllVolumes(202)) - Scheduled health check for volume /home/runner/work/ozone/ozone/hadoop-ozone/integration-test/target/test-dir/MiniOzoneClusterImpl-2aa7f405-a4ee-42d9-877d-60ec10202336/datanode-2/data/ratis
2022-06-01 03:34:05,423 [Thread-161] INFO  ozoneimpl.ContainerReader (ContainerReader.java:readVolume(172)) - Finish verifying containers on volume /home/runner/work/ozone/ozone/hadoop-ozone/integration-test/target/test-dir/MiniOzoneClusterImpl-2aa7f405-a4ee-42d9-877d-60ec10202336/datanode-2/data-0/containers/hdds
2022-06-01 03:34:05,423 [Listener at 127.0.0.1/38045] INFO  ozoneimpl.OzoneContainer (OzoneContainer.java:buildContainerSet(257)) - Build ContainerSet costs 0s
2022-06-01 03:34:05,426 [Listener at 127.0.0.1/38045] INFO  server.RaftServer (ConfUtils.java:logGet(46)) - raft.rpc.type = GRPC (default)
2022-06-01 03:34:05,427 [Listener at 127.0.0.1/38045] INFO  grpc.GrpcFactory (GrpcFactory.java:checkPooledByteBufAllocatorUseCacheForAllThreads(48)) - PERFORMANCE WARNING: useCacheForAllThreads is true that may cause Netty to create a lot garbage objects and, as a result, trigger GC.
	It is recommended to disable useCacheForAllThreads by setting -Dorg.apache.ratis.thirdparty.io.netty.allocator.useCacheForAllThreads=false in command line.
2022-06-01 03:34:05,427 [Listener at 127.0.0.1/38045] INFO  grpc.GrpcConfigKeys (ConfUtils.java:logGet(46)) - raft.grpc.admin.port = 0 (custom)
2022-06-01 03:34:05,427 [Listener at 127.0.0.1/38045] INFO  grpc.GrpcConfigKeys (ConfUtils.java:logGet(46)) - raft.grpc.client.port = 0 (custom)
2022-06-01 03:34:05,427 [Listener at 127.0.0.1/38045] INFO  grpc.GrpcConfigKeys (ConfUtils.java:logGet(46)) - raft.grpc.server.port = 0 (default)
2022-06-01 03:34:05,427 [Listener at 127.0.0.1/38045] INFO  server.GrpcService (ConfUtils.java:logGet(46)) - raft.grpc.message.size.max = 32MB (=33554432) (custom)
2022-06-01 03:34:05,428 [Listener at 127.0.0.1/38045] INFO  server.RaftServerConfigKeys (ConfUtils.java:logGet(46)) - raft.server.log.appender.buffer.byte-limit = 33554432 (custom)
2022-06-01 03:34:05,428 [Listener at 127.0.0.1/38045] INFO  server.GrpcService (ConfUtils.java:logGet(46)) - raft.grpc.flow.control.window = 5MB (=5242880) (custom)
2022-06-01 03:34:05,428 [Listener at 127.0.0.1/38045] INFO  server.RaftServerConfigKeys (ConfUtils.java:logGet(46)) - raft.server.rpc.request.timeout = 60s (custom)
2022-06-01 03:34:05,428 [Listener at 127.0.0.1/38045] INFO  grpc.GrpcConfigKeys (ConfUtils.java:logGet(46)) - raft.grpc.server.async.request.thread.pool.cached = true (default)
2022-06-01 03:34:05,428 [Listener at 127.0.0.1/38045] INFO  grpc.GrpcConfigKeys (ConfUtils.java:logGet(46)) - raft.grpc.server.async.request.thread.pool.size = 32 (default)
2022-06-01 03:34:05,429 [Listener at 127.0.0.1/38045] INFO  impl.DataStreamServerImpl (ConfUtils.java:logGet(46)) - raft.datastream.type = DISABLED (default)
2022-06-01 03:34:05,430 [Listener at 127.0.0.1/38045] INFO  server.RaftServerConfigKeys (ConfUtils.java:logGet(46)) - raft.server.threadpool.proxy.cached = true (default)
2022-06-01 03:34:05,430 [Listener at 127.0.0.1/38045] INFO  server.RaftServerConfigKeys (ConfUtils.java:logGet(46)) - raft.server.threadpool.proxy.size = 0 (default)
2022-06-01 03:34:05,430 [Listener at 127.0.0.1/38045] INFO  server.RaftServerConfigKeys (ConfUtils.java:logGet(46)) - raft.server.rpc.slowness.timeout = 300s (custom)
2022-06-01 03:34:05,430 [Listener at 127.0.0.1/38045] INFO  server.RaftServerConfigKeys (ConfUtils.java:logGet(46)) - raft.server.leaderelection.leader.step-down.wait-time = 10s (default)
2022-06-01 03:34:05,431 [Listener at 127.0.0.1/38045] INFO  server.RaftServerConfigKeys (ConfUtils.java:logGet(46)) - raft.server.storage.dir = [/home/runner/work/ozone/ozone/hadoop-ozone/integration-test/target/test-dir/MiniOzoneClusterImpl-2aa7f405-a4ee-42d9-877d-60ec10202336/datanode-2/data/ratis] (custom)
2022-06-01 03:34:05,436 [Listener at 127.0.0.1/38045] INFO  server.XceiverServerGrpc (XceiverServerGrpc.java:<init>(132)) - GrpcServer channel type EpollServerSocketChannel
2022-06-01 03:34:05,439 [Listener at 127.0.0.1/38045] INFO  http.BaseHttpServer (BaseHttpServer.java:newHttpServer2BuilderForOzone(209)) - Starting Web-server for hddsDatanode at: http://0.0.0.0:0
2022-06-01 03:34:05,440 [Listener at 127.0.0.1/38045] INFO  http.BaseHttpServer (BaseHttpServer.java:<init>(107)) - Hadoop Security Enabled: false Ozone Security Enabled: false Ozone HTTP Security Enabled: false 
2022-06-01 03:34:05,441 [Listener at 127.0.0.1/38045] INFO  server.AuthenticationFilter (AuthenticationFilter.java:constructSecretProvider(240)) - Unable to initialize FileSignerSecretProvider, falling back to use random secrets.
2022-06-01 03:34:05,443 [Listener at 127.0.0.1/38045] WARN  http.HttpRequestLog (HttpRequestLog.java:getRequestLog(103)) - Jetty request log can only be enabled using Log4j
2022-06-01 03:34:05,444 [Listener at 127.0.0.1/38045] INFO  http.HttpServer2 (HttpServer2.java:addGlobalFilter(1030)) - Added global filter 'safety' (class=org.apache.hadoop.hdds.server.http.HttpServer2$QuotingInputFilter)
2022-06-01 03:34:05,445 [Listener at 127.0.0.1/38045] INFO  http.HttpServer2 (HttpServer2.java:addFilter(1006)) - Added filter static_user_filter (class=org.apache.hadoop.http.lib.StaticUserWebFilter$StaticUserFilter) to context hddsDatanode
2022-06-01 03:34:05,445 [Listener at 127.0.0.1/38045] INFO  http.HttpServer2 (HttpServer2.java:addFilter(1014)) - Added filter static_user_filter (class=org.apache.hadoop.http.lib.StaticUserWebFilter$StaticUserFilter) to context static
2022-06-01 03:34:05,445 [Listener at 127.0.0.1/38045] INFO  http.HttpServer2 (HttpServer2.java:addFilter(1014)) - Added filter static_user_filter (class=org.apache.hadoop.http.lib.StaticUserWebFilter$StaticUserFilter) to context logs
2022-06-01 03:34:05,446 [Listener at 127.0.0.1/38045] INFO  http.HttpServer2 (HttpServer2.java:bindListener(1249)) - Jetty bound to port 39909
2022-06-01 03:34:05,446 [Listener at 127.0.0.1/38045] INFO  server.Server (Server.java:doStart(375)) - jetty-9.4.43.v20210629; built: 2021-06-30T11:07:22.254Z; git: 526006ecfa3af7f1a27ef3a288e2bef7ea9dd7e8; jvm 1.8.0_332-b09
2022-06-01 03:34:05,455 [Listener at 127.0.0.1/38045] INFO  server.session (DefaultSessionIdManager.java:doStart(334)) - DefaultSessionIdManager workerName=node0
2022-06-01 03:34:05,455 [Listener at 127.0.0.1/38045] INFO  server.session (DefaultSessionIdManager.java:doStart(339)) - No SessionScavenger set, using defaults
2022-06-01 03:34:05,455 [Listener at 127.0.0.1/38045] INFO  server.session (HouseKeeper.java:startScavenging(132)) - node0 Scavenging every 600000ms
2022-06-01 03:34:05,460 [Listener at 127.0.0.1/38045] INFO  handler.ContextHandler (ContextHandler.java:doStart(915)) - Started o.e.j.s.ServletContextHandler@2655bb88{logs,/logs,file:///home/runner/work/ozone/ozone/hadoop-ozone/integration-test/target/log,AVAILABLE}
2022-06-01 03:34:05,460 [Listener at 127.0.0.1/38045] INFO  handler.ContextHandler (ContextHandler.java:doStart(915)) - Started o.e.j.s.ServletContextHandler@5fe45792{static,/static,jar:file:/home/runner/.m2/repository/org/apache/ozone/hdds-container-service/1.3.0-SNAPSHOT/hdds-container-service-1.3.0-SNAPSHOT.jar!/webapps/static,AVAILABLE}
2022-06-01 03:34:05,625 [Listener at 127.0.0.1/38045] INFO  handler.ContextHandler (ContextHandler.java:doStart(915)) - Started o.e.j.w.WebAppContext@47e4126a{hddsDatanode,/,file:///tmp/jetty-0_0_0_0-39909-hdds-container-service-1_3_0-SNAPSHOT_jar-_-any-3284757614525643470/webapp/,AVAILABLE}{jar:file:/home/runner/.m2/repository/org/apache/ozone/hdds-container-service/1.3.0-SNAPSHOT/hdds-container-service-1.3.0-SNAPSHOT.jar!/webapps/hddsDatanode}
2022-06-01 03:34:05,630 [Listener at 127.0.0.1/38045] INFO  server.AbstractConnector (AbstractConnector.java:doStart(331)) - Started ServerConnector@3ab918ae{HTTP/1.1, (http/1.1)}{0.0.0.0:39909}
2022-06-01 03:34:05,630 [Listener at 127.0.0.1/38045] INFO  server.Server (Server.java:doStart(415)) - Started @8764ms
2022-06-01 03:34:05,630 [Listener at 127.0.0.1/38045] WARN  impl.MetricsSystemImpl (MetricsSystemImpl.java:register(279)) - Sink prometheus already exists!
2022-06-01 03:34:05,631 [Listener at 127.0.0.1/38045] INFO  http.BaseHttpServer (BaseHttpServer.java:updateConnectorAddress(329)) - HTTP server of hddsDatanode listening at http://0.0.0.0:39909
2022-06-01 03:34:05,633 [Listener at 127.0.0.1/38045] INFO  ozone.MiniOzoneClusterImpl (MiniOzoneClusterImpl.java:lambda$waitForClusterToBeReady$0(221)) - Waiting for nodes to be ready. Got 0 of 3 DN Heartbeats.
2022-06-01 03:34:05,633 [Listener at 127.0.0.1/38045] INFO  ozone.MiniOzoneClusterImpl (MiniOzoneClusterImpl.java:lambda$waitForClusterToBeReady$0(224)) - Waiting for cluster to exit safe mode
2022-06-01 03:34:05,633 [Listener at 127.0.0.1/38045] INFO  ozone.MiniOzoneClusterImpl (MiniOzoneClusterImpl.java:lambda$waitForClusterToBeReady$0(226)) - SCM became leader
2022-06-01 03:34:05,635 [Datanode State Machine Daemon Thread] INFO  statemachine.DatanodeStateMachine (DatanodeStateMachine.java:lambda$startDaemon$0(481)) - Ozone container server started.
2022-06-01 03:34:05,641 [org.apache.hadoop.util.JvmPauseMonitor$Monitor@27c7e004] INFO  util.JvmPauseMonitor (JvmPauseMonitor.java:run(188)) - Starting JVM pause monitor
2022-06-01 03:34:05,645 [Datanode State Machine Task Thread - 0] INFO  datanode.InitDatanodeState (InitDatanodeState.java:persistContainerDatanodeDetails(138)) - DatanodeDetails is persisted to /home/runner/work/ozone/ozone/hadoop-ozone/integration-test/target/test-dir/MiniOzoneClusterImpl-2aa7f405-a4ee-42d9-877d-60ec10202336/datanode-2/meta/datanode.id
2022-06-01 03:34:06,634 [Listener at 127.0.0.1/38045] INFO  ozone.MiniOzoneClusterImpl (MiniOzoneClusterImpl.java:lambda$waitForClusterToBeReady$0(221)) - Waiting for nodes to be ready. Got 0 of 3 DN Heartbeats.
2022-06-01 03:34:06,634 [Listener at 127.0.0.1/38045] INFO  ozone.MiniOzoneClusterImpl (MiniOzoneClusterImpl.java:lambda$waitForClusterToBeReady$0(224)) - Waiting for cluster to exit safe mode
2022-06-01 03:34:06,635 [Listener at 127.0.0.1/38045] INFO  ozone.MiniOzoneClusterImpl (MiniOzoneClusterImpl.java:lambda$waitForClusterToBeReady$0(226)) - SCM became leader
2022-06-01 03:34:06,913 [EndpointStateMachine task thread for /0.0.0.0:45969 - 0 ] INFO  ozoneimpl.OzoneContainer (OzoneContainer.java:start(335)) - Attempting to start container services.
2022-06-01 03:34:06,915 [EndpointStateMachine task thread for /0.0.0.0:45969 - 0 ] INFO  ozoneimpl.OzoneContainer (OzoneContainer.java:startContainerScrub(270)) - Background container scanner has been disabled.
2022-06-01 03:34:06,917 [EndpointStateMachine task thread for /0.0.0.0:45969 - 0 ] INFO  replication.ReplicationServer (ReplicationServer.java:start(111)) - ReplicationServer is started using port 41613
2022-06-01 03:34:06,919 [EndpointStateMachine task thread for /0.0.0.0:45969 - 0 ] INFO  ratis.XceiverServerRatis (XceiverServerRatis.java:start(481)) - Starting XceiverServerRatis 941a19a0-9130-4c85-b299-bf36f83edf62
2022-06-01 03:34:06,924 [EndpointStateMachine task thread for /0.0.0.0:45969 - 0 ] INFO  server.RaftServer (RaftServerProxy.java:lambda$start$6(382)) - 941a19a0-9130-4c85-b299-bf36f83edf62: start RPC server
2022-06-01 03:34:06,928 [EndpointStateMachine task thread for /0.0.0.0:45969 - 0 ] INFO  server.GrpcService (GrpcService.java:startImpl(260)) - 941a19a0-9130-4c85-b299-bf36f83edf62: GrpcService started, listening on 44487
2022-06-01 03:34:06,932 [EndpointStateMachine task thread for /0.0.0.0:45969 - 0 ] INFO  ratis.XceiverServerRatis (XceiverServerRatis.java:getRealPort(502)) - XceiverServerRatis 941a19a0-9130-4c85-b299-bf36f83edf62 is started using port 44487 for RATIS
2022-06-01 03:34:06,932 [EndpointStateMachine task thread for /0.0.0.0:45969 - 0 ] INFO  ratis.XceiverServerRatis (XceiverServerRatis.java:getRealPort(502)) - XceiverServerRatis 941a19a0-9130-4c85-b299-bf36f83edf62 is started using port 44487 for RATIS_ADMIN
2022-06-01 03:34:06,932 [EndpointStateMachine task thread for /0.0.0.0:45969 - 0 ] INFO  ratis.XceiverServerRatis (XceiverServerRatis.java:getRealPort(502)) - XceiverServerRatis 941a19a0-9130-4c85-b299-bf36f83edf62 is started using port 44487 for RATIS_SERVER
2022-06-01 03:34:06,932 [org.apache.ratis.util.JvmPauseMonitor$$Lambda$677/1664655596@7547604c] INFO  util.JvmPauseMonitor (JvmPauseMonitor.java:run(103)) - JvmPauseMonitor-941a19a0-9130-4c85-b299-bf36f83edf62: Started
2022-06-01 03:34:06,936 [EndpointStateMachine task thread for /0.0.0.0:45969 - 0 ] INFO  server.XceiverServerGrpc (XceiverServerGrpc.java:start(180)) - XceiverServerGrpc 941a19a0-9130-4c85-b299-bf36f83edf62 is started using port 45343
2022-06-01 03:34:07,331 [EndpointStateMachine task thread for /0.0.0.0:45969 - 0 ] INFO  ozoneimpl.OzoneContainer (OzoneContainer.java:start(335)) - Attempting to start container services.
2022-06-01 03:34:07,332 [EndpointStateMachine task thread for /0.0.0.0:45969 - 0 ] INFO  ozoneimpl.OzoneContainer (OzoneContainer.java:startContainerScrub(270)) - Background container scanner has been disabled.
2022-06-01 03:34:07,333 [EndpointStateMachine task thread for /0.0.0.0:45969 - 0 ] INFO  replication.ReplicationServer (ReplicationServer.java:start(111)) - ReplicationServer is started using port 41265
2022-06-01 03:34:07,334 [EndpointStateMachine task thread for /0.0.0.0:45969 - 0 ] INFO  ratis.XceiverServerRatis (XceiverServerRatis.java:start(481)) - Starting XceiverServerRatis 1fd7fa3e-4528-405a-8afd-745b4b3c0dec
2022-06-01 03:34:07,336 [EndpointStateMachine task thread for /0.0.0.0:45969 - 0 ] INFO  server.RaftServer (RaftServerProxy.java:lambda$start$6(382)) - 1fd7fa3e-4528-405a-8afd-745b4b3c0dec: start RPC server
2022-06-01 03:34:07,338 [EndpointStateMachine task thread for /0.0.0.0:45969 - 0 ] INFO  server.GrpcService (GrpcService.java:startImpl(260)) - 1fd7fa3e-4528-405a-8afd-745b4b3c0dec: GrpcService started, listening on 36067
2022-06-01 03:34:07,338 [EndpointStateMachine task thread for /0.0.0.0:45969 - 0 ] INFO  ratis.XceiverServerRatis (XceiverServerRatis.java:getRealPort(502)) - XceiverServerRatis 1fd7fa3e-4528-405a-8afd-745b4b3c0dec is started using port 36067 for RATIS
2022-06-01 03:34:07,338 [org.apache.ratis.util.JvmPauseMonitor$$Lambda$677/1664655596@5b84f1f0] INFO  util.JvmPauseMonitor (JvmPauseMonitor.java:run(103)) - JvmPauseMonitor-1fd7fa3e-4528-405a-8afd-745b4b3c0dec: Started
2022-06-01 03:34:07,338 [EndpointStateMachine task thread for /0.0.0.0:45969 - 0 ] INFO  ratis.XceiverServerRatis (XceiverServerRatis.java:getRealPort(502)) - XceiverServerRatis 1fd7fa3e-4528-405a-8afd-745b4b3c0dec is started using port 36067 for RATIS_ADMIN
2022-06-01 03:34:07,338 [EndpointStateMachine task thread for /0.0.0.0:45969 - 0 ] INFO  ratis.XceiverServerRatis (XceiverServerRatis.java:getRealPort(502)) - XceiverServerRatis 1fd7fa3e-4528-405a-8afd-745b4b3c0dec is started using port 36067 for RATIS_SERVER
2022-06-01 03:34:07,339 [EndpointStateMachine task thread for /0.0.0.0:45969 - 0 ] INFO  server.XceiverServerGrpc (XceiverServerGrpc.java:start(180)) - XceiverServerGrpc 1fd7fa3e-4528-405a-8afd-745b4b3c0dec is started using port 38933
2022-06-01 03:34:07,635 [Listener at 127.0.0.1/38045] INFO  ozone.MiniOzoneClusterImpl (MiniOzoneClusterImpl.java:lambda$waitForClusterToBeReady$0(221)) - Waiting for nodes to be ready. Got 0 of 3 DN Heartbeats.
2022-06-01 03:34:07,636 [Listener at 127.0.0.1/38045] INFO  ozone.MiniOzoneClusterImpl (MiniOzoneClusterImpl.java:lambda$waitForClusterToBeReady$0(224)) - Waiting for cluster to exit safe mode
2022-06-01 03:34:07,636 [Listener at 127.0.0.1/38045] INFO  ozone.MiniOzoneClusterImpl (MiniOzoneClusterImpl.java:lambda$waitForClusterToBeReady$0(226)) - SCM became leader
2022-06-01 03:34:07,648 [EndpointStateMachine task thread for /0.0.0.0:45969 - 0 ] INFO  ozoneimpl.OzoneContainer (OzoneContainer.java:start(335)) - Attempting to start container services.
2022-06-01 03:34:07,648 [EndpointStateMachine task thread for /0.0.0.0:45969 - 0 ] INFO  ozoneimpl.OzoneContainer (OzoneContainer.java:startContainerScrub(270)) - Background container scanner has been disabled.
2022-06-01 03:34:07,653 [EndpointStateMachine task thread for /0.0.0.0:45969 - 0 ] INFO  replication.ReplicationServer (ReplicationServer.java:start(111)) - ReplicationServer is started using port 35943
2022-06-01 03:34:07,653 [EndpointStateMachine task thread for /0.0.0.0:45969 - 0 ] INFO  ratis.XceiverServerRatis (XceiverServerRatis.java:start(481)) - Starting XceiverServerRatis 0476bece-ff5a-45f4-b395-dd834dd6b6f1
2022-06-01 03:34:07,656 [EndpointStateMachine task thread for /0.0.0.0:45969 - 0 ] INFO  server.RaftServer (RaftServerProxy.java:lambda$start$6(382)) - 0476bece-ff5a-45f4-b395-dd834dd6b6f1: start RPC server
2022-06-01 03:34:07,660 [EndpointStateMachine task thread for /0.0.0.0:45969 - 0 ] INFO  server.GrpcService (GrpcService.java:startImpl(260)) - 0476bece-ff5a-45f4-b395-dd834dd6b6f1: GrpcService started, listening on 37339
2022-06-01 03:34:07,661 [EndpointStateMachine task thread for /0.0.0.0:45969 - 0 ] INFO  ratis.XceiverServerRatis (XceiverServerRatis.java:getRealPort(502)) - XceiverServerRatis 0476bece-ff5a-45f4-b395-dd834dd6b6f1 is started using port 37339 for RATIS
2022-06-01 03:34:07,661 [EndpointStateMachine task thread for /0.0.0.0:45969 - 0 ] INFO  ratis.XceiverServerRatis (XceiverServerRatis.java:getRealPort(502)) - XceiverServerRatis 0476bece-ff5a-45f4-b395-dd834dd6b6f1 is started using port 37339 for RATIS_ADMIN
2022-06-01 03:34:07,661 [EndpointStateMachine task thread for /0.0.0.0:45969 - 0 ] INFO  ratis.XceiverServerRatis (XceiverServerRatis.java:getRealPort(502)) - XceiverServerRatis 0476bece-ff5a-45f4-b395-dd834dd6b6f1 is started using port 37339 for RATIS_SERVER
2022-06-01 03:34:07,661 [org.apache.ratis.util.JvmPauseMonitor$$Lambda$677/1664655596@6d45a067] INFO  util.JvmPauseMonitor (JvmPauseMonitor.java:run(103)) - JvmPauseMonitor-0476bece-ff5a-45f4-b395-dd834dd6b6f1: Started
2022-06-01 03:34:07,666 [EndpointStateMachine task thread for /0.0.0.0:45969 - 0 ] INFO  server.XceiverServerGrpc (XceiverServerGrpc.java:start(180)) - XceiverServerGrpc 0476bece-ff5a-45f4-b395-dd834dd6b6f1 is started using port 35607
2022-06-01 03:34:08,636 [Listener at 127.0.0.1/38045] INFO  ozone.MiniOzoneClusterImpl (MiniOzoneClusterImpl.java:lambda$waitForClusterToBeReady$0(221)) - Waiting for nodes to be ready. Got 0 of 3 DN Heartbeats.
2022-06-01 03:34:08,636 [Listener at 127.0.0.1/38045] INFO  ozone.MiniOzoneClusterImpl (MiniOzoneClusterImpl.java:lambda$waitForClusterToBeReady$0(224)) - Waiting for cluster to exit safe mode
2022-06-01 03:34:08,637 [Listener at 127.0.0.1/38045] INFO  ozone.MiniOzoneClusterImpl (MiniOzoneClusterImpl.java:lambda$waitForClusterToBeReady$0(226)) - SCM became leader
2022-06-01 03:34:08,866 [IPC Server handler 11 on default port 45969] INFO  net.NetworkTopologyImpl (NetworkTopologyImpl.java:add(112)) - Added a new node: /default-rack/941a19a0-9130-4c85-b299-bf36f83edf62
2022-06-01 03:34:08,868 [IPC Server handler 11 on default port 45969] INFO  node.SCMNodeManager (SCMNodeManager.java:register(393)) - Registered Data node : 941a19a0-9130-4c85-b299-bf36f83edf62{ip: 10.1.0.5, host: fv-az151-582.yf2hydr00wburbhx3j5hxtcipe.bx.internal.cloudapp.net, ports: [REPLICATION=41613, RATIS=44487, RATIS_ADMIN=44487, RATIS_SERVER=44487, STANDALONE=45343], networkLocation: /default-rack, certSerialId: null, persistedOpState: null, persistedOpStateExpiryEpochSec: 0}
2022-06-01 03:34:08,872 [EventQueue-NewNodeForNewNodeHandler] INFO  pipeline.BackgroundPipelineCreator (BackgroundPipelineCreator.java:notifyEventTriggered(272)) - trigger a one-shot run on RatisPipelineUtilsThread.
2022-06-01 03:34:08,880 [EventQueue-NodeRegistrationContainerReportForContainerSafeModeRule] INFO  safemode.SCMSafeModeManager (SCMSafeModeManager.java:validateSafeModeExitRules(204)) - ContainerSafeModeRule rule is successfully validated
2022-06-01 03:34:08,880 [EventQueue-NodeRegistrationContainerReportForDataNodeSafeModeRule] INFO  safemode.SCMSafeModeManager (DataNodeSafeModeRule.java:process(71)) - SCM in safe mode. 1 DataNodes registered, 3 required.
2022-06-01 03:34:08,881 [EventQueue-PipelineReportForOneReplicaPipelineSafeModeRule] INFO  safemode.SCMSafeModeManager (SCMSafeModeManager.java:validateSafeModeExitRules(204)) - AtleastOneDatanodeReportedRule rule is successfully validated
2022-06-01 03:34:08,883 [RatisPipelineUtilsThread - 0] INFO  pipeline.RatisPipelineProvider (RatisPipelineProvider.java:lambda$create$0(195)) - Sending CreatePipelineCommand for pipeline:PipelineID=b79cd55e-c0a1-4e2b-8c4f-3b85abedfe9d to datanode:941a19a0-9130-4c85-b299-bf36f83edf62
2022-06-01 03:34:08,891 [RatisPipelineUtilsThread - 0] INFO  pipeline.PipelineStateManagerImpl (PipelineStateManagerImpl.java:addPipeline(101)) - Created pipeline Pipeline[ Id: b79cd55e-c0a1-4e2b-8c4f-3b85abedfe9d, Nodes: 941a19a0-9130-4c85-b299-bf36f83edf62{ip: 10.1.0.5, host: fv-az151-582.yf2hydr00wburbhx3j5hxtcipe.bx.internal.cloudapp.net, ports: [REPLICATION=41613, RATIS=44487, RATIS_ADMIN=44487, RATIS_SERVER=44487, STANDALONE=45343], networkLocation: /default-rack, certSerialId: null, persistedOpState: IN_SERVICE, persistedOpStateExpiryEpochSec: 0}, ReplicationConfig: RATIS/ONE, State:ALLOCATED, leaderId:, CreationTimestamp2022-06-01T03:34:08.880Z[Etc/UTC]].
2022-06-01 03:34:09,329 [IPC Server handler 9 on default port 45969] INFO  net.NetworkTopologyImpl (NetworkTopologyImpl.java:add(112)) - Added a new node: /default-rack/1fd7fa3e-4528-405a-8afd-745b4b3c0dec
2022-06-01 03:34:09,329 [IPC Server handler 9 on default port 45969] INFO  node.SCMNodeManager (SCMNodeManager.java:register(393)) - Registered Data node : 1fd7fa3e-4528-405a-8afd-745b4b3c0dec{ip: 10.1.0.5, host: fv-az151-582.yf2hydr00wburbhx3j5hxtcipe.bx.internal.cloudapp.net, ports: [REPLICATION=41265, RATIS=36067, RATIS_ADMIN=36067, RATIS_SERVER=36067, STANDALONE=38933], networkLocation: /default-rack, certSerialId: null, persistedOpState: null, persistedOpStateExpiryEpochSec: 0}
2022-06-01 03:34:09,329 [EventQueue-NewNodeForNewNodeHandler] INFO  pipeline.BackgroundPipelineCreator (BackgroundPipelineCreator.java:notifyEventTriggered(272)) - trigger a one-shot run on RatisPipelineUtilsThread.
2022-06-01 03:34:09,330 [EventQueue-NodeRegistrationContainerReportForDataNodeSafeModeRule] INFO  safemode.SCMSafeModeManager (DataNodeSafeModeRule.java:process(71)) - SCM in safe mode. 2 DataNodes registered, 3 required.
2022-06-01 03:34:09,332 [RatisPipelineUtilsThread - 0] INFO  pipeline.RatisPipelineProvider (RatisPipelineProvider.java:lambda$create$0(195)) - Sending CreatePipelineCommand for pipeline:PipelineID=98afecb6-1117-4782-a0d5-40cb6a8cc05f to datanode:1fd7fa3e-4528-405a-8afd-745b4b3c0dec
2022-06-01 03:34:09,333 [RatisPipelineUtilsThread - 0] INFO  pipeline.PipelineStateManagerImpl (PipelineStateManagerImpl.java:addPipeline(101)) - Created pipeline Pipeline[ Id: 98afecb6-1117-4782-a0d5-40cb6a8cc05f, Nodes: 1fd7fa3e-4528-405a-8afd-745b4b3c0dec{ip: 10.1.0.5, host: fv-az151-582.yf2hydr00wburbhx3j5hxtcipe.bx.internal.cloudapp.net, ports: [REPLICATION=41265, RATIS=36067, RATIS_ADMIN=36067, RATIS_SERVER=36067, STANDALONE=38933], networkLocation: /default-rack, certSerialId: null, persistedOpState: IN_SERVICE, persistedOpStateExpiryEpochSec: 0}, ReplicationConfig: RATIS/ONE, State:ALLOCATED, leaderId:, CreationTimestamp2022-06-01T03:34:09.332Z[Etc/UTC]].
2022-06-01 03:34:09,637 [Listener at 127.0.0.1/38045] INFO  ozone.MiniOzoneClusterImpl (MiniOzoneClusterImpl.java:lambda$waitForClusterToBeReady$0(221)) - Waiting for nodes to be ready. Got 2 of 3 DN Heartbeats.
2022-06-01 03:34:09,637 [Listener at 127.0.0.1/38045] INFO  ozone.MiniOzoneClusterImpl (MiniOzoneClusterImpl.java:lambda$waitForClusterToBeReady$0(224)) - Waiting for cluster to exit safe mode
2022-06-01 03:34:09,638 [Listener at 127.0.0.1/38045] INFO  ozone.MiniOzoneClusterImpl (MiniOzoneClusterImpl.java:lambda$waitForClusterToBeReady$0(226)) - SCM became leader
2022-06-01 03:34:09,644 [IPC Server handler 10 on default port 45969] INFO  net.NetworkTopologyImpl (NetworkTopologyImpl.java:add(112)) - Added a new node: /default-rack/0476bece-ff5a-45f4-b395-dd834dd6b6f1
2022-06-01 03:34:09,645 [IPC Server handler 10 on default port 45969] INFO  node.SCMNodeManager (SCMNodeManager.java:register(393)) - Registered Data node : 0476bece-ff5a-45f4-b395-dd834dd6b6f1{ip: 10.1.0.5, host: fv-az151-582.yf2hydr00wburbhx3j5hxtcipe.bx.internal.cloudapp.net, ports: [REPLICATION=35943, RATIS=37339, RATIS_ADMIN=37339, RATIS_SERVER=37339, STANDALONE=35607], networkLocation: /default-rack, certSerialId: null, persistedOpState: null, persistedOpStateExpiryEpochSec: 0}
2022-06-01 03:34:09,645 [EventQueue-NewNodeForNewNodeHandler] INFO  pipeline.BackgroundPipelineCreator (BackgroundPipelineCreator.java:notifyEventTriggered(272)) - trigger a one-shot run on RatisPipelineUtilsThread.
2022-06-01 03:34:09,647 [EventQueue-NodeRegistrationContainerReportForDataNodeSafeModeRule] INFO  safemode.SCMSafeModeManager (DataNodeSafeModeRule.java:process(71)) - SCM in safe mode. 3 DataNodes registered, 3 required.
2022-06-01 03:34:09,647 [EventQueue-NodeRegistrationContainerReportForDataNodeSafeModeRule] INFO  safemode.SCMSafeModeManager (SCMSafeModeManager.java:validateSafeModeExitRules(204)) - DataNodeSafeModeRule rule is successfully validated
2022-06-01 03:34:09,647 [EventQueue-NodeRegistrationContainerReportForDataNodeSafeModeRule] INFO  safemode.SCMSafeModeManager (SCMSafeModeManager.java:completePreCheck(233)) - All SCM safe mode pre check rules have passed
2022-06-01 03:34:09,647 [EventQueue-NodeRegistrationContainerReportForDataNodeSafeModeRule] WARN  events.EventQueue (EventQueue.java:fireEvent(194)) - No event handler registered for event TypedEvent{payloadType=SafeModeStatus, name='Safe mode status'}
2022-06-01 03:34:09,647 [EventQueue-NodeRegistrationContainerReportForDataNodeSafeModeRule] INFO  ha.SCMContext (SCMContext.java:updateSafeModeStatus(211)) - Update SafeModeStatus from SafeModeStatus{safeModeStatus=true, preCheckPassed=false} to SafeModeStatus{safeModeStatus=true, preCheckPassed=true}.
2022-06-01 03:34:09,647 [EventQueue-NodeRegistrationContainerReportForDataNodeSafeModeRule] INFO  pipeline.BackgroundPipelineCreator (BackgroundPipelineCreator.java:notifyEventTriggered(272)) - trigger a one-shot run on RatisPipelineUtilsThread.
2022-06-01 03:34:09,648 [RatisPipelineUtilsThread - 0] INFO  pipeline.RatisPipelineProvider (RatisPipelineProvider.java:lambda$create$0(195)) - Sending CreatePipelineCommand for pipeline:PipelineID=952ad8bd-e9b6-4448-92c6-afcf4e315c80 to datanode:0476bece-ff5a-45f4-b395-dd834dd6b6f1
2022-06-01 03:34:09,648 [RatisPipelineUtilsThread - 0] INFO  pipeline.PipelineStateManagerImpl (PipelineStateManagerImpl.java:addPipeline(101)) - Created pipeline Pipeline[ Id: 952ad8bd-e9b6-4448-92c6-afcf4e315c80, Nodes: 0476bece-ff5a-45f4-b395-dd834dd6b6f1{ip: 10.1.0.5, host: fv-az151-582.yf2hydr00wburbhx3j5hxtcipe.bx.internal.cloudapp.net, ports: [REPLICATION=35943, RATIS=37339, RATIS_ADMIN=37339, RATIS_SERVER=37339, STANDALONE=35607], networkLocation: /default-rack, certSerialId: null, persistedOpState: IN_SERVICE, persistedOpStateExpiryEpochSec: 0}, ReplicationConfig: RATIS/ONE, State:ALLOCATED, leaderId:, CreationTimestamp2022-06-01T03:34:09.648Z[Etc/UTC]].
2022-06-01 03:34:09,652 [RatisPipelineUtilsThread - 0] INFO  pipeline.RatisPipelineProvider (RatisPipelineProvider.java:lambda$create$0(195)) - Sending CreatePipelineCommand for pipeline:PipelineID=0ab293e4-8c26-4253-8b2c-2274c675277c to datanode:0476bece-ff5a-45f4-b395-dd834dd6b6f1
2022-06-01 03:34:09,652 [RatisPipelineUtilsThread - 0] INFO  pipeline.RatisPipelineProvider (RatisPipelineProvider.java:lambda$create$0(195)) - Sending CreatePipelineCommand for pipeline:PipelineID=0ab293e4-8c26-4253-8b2c-2274c675277c to datanode:941a19a0-9130-4c85-b299-bf36f83edf62
2022-06-01 03:34:09,652 [RatisPipelineUtilsThread - 0] INFO  pipeline.RatisPipelineProvider (RatisPipelineProvider.java:lambda$create$0(195)) - Sending CreatePipelineCommand for pipeline:PipelineID=0ab293e4-8c26-4253-8b2c-2274c675277c to datanode:1fd7fa3e-4528-405a-8afd-745b4b3c0dec
2022-06-01 03:34:09,653 [RatisPipelineUtilsThread - 0] INFO  pipeline.PipelineStateManagerImpl (PipelineStateManagerImpl.java:addPipeline(101)) - Created pipeline Pipeline[ Id: 0ab293e4-8c26-4253-8b2c-2274c675277c, Nodes: 0476bece-ff5a-45f4-b395-dd834dd6b6f1{ip: 10.1.0.5, host: fv-az151-582.yf2hydr00wburbhx3j5hxtcipe.bx.internal.cloudapp.net, ports: [REPLICATION=35943, RATIS=37339, RATIS_ADMIN=37339, RATIS_SERVER=37339, STANDALONE=35607], networkLocation: /default-rack, certSerialId: null, persistedOpState: IN_SERVICE, persistedOpStateExpiryEpochSec: 0}941a19a0-9130-4c85-b299-bf36f83edf62{ip: 10.1.0.5, host: fv-az151-582.yf2hydr00wburbhx3j5hxtcipe.bx.internal.cloudapp.net, ports: [REPLICATION=41613, RATIS=44487, RATIS_ADMIN=44487, RATIS_SERVER=44487, STANDALONE=45343], networkLocation: /default-rack, certSerialId: null, persistedOpState: IN_SERVICE, persistedOpStateExpiryEpochSec: 0}1fd7fa3e-4528-405a-8afd-745b4b3c0dec{ip: 10.1.0.5, host: fv-az151-582.yf2hydr00wburbhx3j5hxtcipe.bx.internal.cloudapp.net, ports: [REPLICATION=41265, RATIS=36067, RATIS_ADMIN=36067, RATIS_SERVER=36067, STANDALONE=38933], networkLocation: /default-rack, certSerialId: null, persistedOpState: IN_SERVICE, persistedOpStateExpiryEpochSec: 0}, ReplicationConfig: RATIS/THREE, State:ALLOCATED, leaderId:, CreationTimestamp2022-06-01T03:34:09.652Z[Etc/UTC]].
2022-06-01 03:34:09,654 [RatisPipelineUtilsThread - 0] INFO  pipeline.RatisPipelineProvider (RatisPipelineProvider.java:lambda$create$0(195)) - Sending CreatePipelineCommand for pipeline:PipelineID=5d8012ff-55bf-4daa-9060-930fe89306bd to datanode:0476bece-ff5a-45f4-b395-dd834dd6b6f1
2022-06-01 03:34:09,655 [RatisPipelineUtilsThread - 0] INFO  pipeline.RatisPipelineProvider (RatisPipelineProvider.java:lambda$create$0(195)) - Sending CreatePipelineCommand for pipeline:PipelineID=5d8012ff-55bf-4daa-9060-930fe89306bd to datanode:941a19a0-9130-4c85-b299-bf36f83edf62
2022-06-01 03:34:09,655 [RatisPipelineUtilsThread - 0] INFO  pipeline.RatisPipelineProvider (RatisPipelineProvider.java:lambda$create$0(195)) - Sending CreatePipelineCommand for pipeline:PipelineID=5d8012ff-55bf-4daa-9060-930fe89306bd to datanode:1fd7fa3e-4528-405a-8afd-745b4b3c0dec
2022-06-01 03:34:09,656 [RatisPipelineUtilsThread - 0] INFO  pipeline.PipelineStateManagerImpl (PipelineStateManagerImpl.java:addPipeline(101)) - Created pipeline Pipeline[ Id: 5d8012ff-55bf-4daa-9060-930fe89306bd, Nodes: 0476bece-ff5a-45f4-b395-dd834dd6b6f1{ip: 10.1.0.5, host: fv-az151-582.yf2hydr00wburbhx3j5hxtcipe.bx.internal.cloudapp.net, ports: [REPLICATION=35943, RATIS=37339, RATIS_ADMIN=37339, RATIS_SERVER=37339, STANDALONE=35607], networkLocation: /default-rack, certSerialId: null, persistedOpState: IN_SERVICE, persistedOpStateExpiryEpochSec: 0}941a19a0-9130-4c85-b299-bf36f83edf62{ip: 10.1.0.5, host: fv-az151-582.yf2hydr00wburbhx3j5hxtcipe.bx.internal.cloudapp.net, ports: [REPLICATION=41613, RATIS=44487, RATIS_ADMIN=44487, RATIS_SERVER=44487, STANDALONE=45343], networkLocation: /default-rack, certSerialId: null, persistedOpState: IN_SERVICE, persistedOpStateExpiryEpochSec: 0}1fd7fa3e-4528-405a-8afd-745b4b3c0dec{ip: 10.1.0.5, host: fv-az151-582.yf2hydr00wburbhx3j5hxtcipe.bx.internal.cloudapp.net, ports: [REPLICATION=41265, RATIS=36067, RATIS_ADMIN=36067, RATIS_SERVER=36067, STANDALONE=38933], networkLocation: /default-rack, certSerialId: null, persistedOpState: IN_SERVICE, persistedOpStateExpiryEpochSec: 0}, ReplicationConfig: RATIS/THREE, State:ALLOCATED, leaderId:, CreationTimestamp2022-06-01T03:34:09.654Z[Etc/UTC]].
2022-06-01 03:34:09,656 [RatisPipelineUtilsThread - 0] INFO  pipeline.PipelineManagerImpl (PipelineManagerImpl.java:recordMetricsForPipeline(715)) - Pipeline: PipelineID=5d8012ff-55bf-4daa-9060-930fe89306bd contains same datanodes as previous pipelines: PipelineID=0ab293e4-8c26-4253-8b2c-2274c675277c nodeIds: 0476bece-ff5a-45f4-b395-dd834dd6b6f1, 941a19a0-9130-4c85-b299-bf36f83edf62, 1fd7fa3e-4528-405a-8afd-745b4b3c0dec
2022-06-01 03:34:10,638 [Listener at 127.0.0.1/38045] INFO  ozone.MiniOzoneClusterImpl (MiniOzoneClusterImpl.java:lambda$waitForClusterToBeReady$0(221)) - Nodes are ready. Got 3 of 3 DN Heartbeats.
2022-06-01 03:34:10,639 [Listener at 127.0.0.1/38045] INFO  ozone.MiniOzoneClusterImpl (MiniOzoneClusterImpl.java:lambda$waitForClusterToBeReady$0(224)) - Waiting for cluster to exit safe mode
2022-06-01 03:34:10,639 [Listener at 127.0.0.1/38045] INFO  ozone.MiniOzoneClusterImpl (MiniOzoneClusterImpl.java:lambda$waitForClusterToBeReady$0(226)) - SCM became leader
2022-06-01 03:34:11,639 [Listener at 127.0.0.1/38045] INFO  ozone.MiniOzoneClusterImpl (MiniOzoneClusterImpl.java:lambda$waitForClusterToBeReady$0(221)) - Nodes are ready. Got 3 of 3 DN Heartbeats.
2022-06-01 03:34:11,640 [Listener at 127.0.0.1/38045] INFO  ozone.MiniOzoneClusterImpl (MiniOzoneClusterImpl.java:lambda$waitForClusterToBeReady$0(224)) - Waiting for cluster to exit safe mode
2022-06-01 03:34:11,640 [Listener at 127.0.0.1/38045] INFO  ozone.MiniOzoneClusterImpl (MiniOzoneClusterImpl.java:lambda$waitForClusterToBeReady$0(226)) - SCM became leader
2022-06-01 03:34:11,851 [Command processor thread] INFO  server.RaftServer (RaftServerProxy.java:addNew(96)) - 941a19a0-9130-4c85-b299-bf36f83edf62: addNew group-3B85ABEDFE9D:[941a19a0-9130-4c85-b299-bf36f83edf62|rpc:10.1.0.5:44487|priority:1] returns group-3B85ABEDFE9D:java.util.concurrent.CompletableFuture@3290405e[Not completed]
2022-06-01 03:34:11,861 [pool-71-thread-1] INFO  server.RaftServer$Division (RaftServerImpl.java:<init>(190)) - 941a19a0-9130-4c85-b299-bf36f83edf62: new RaftServerImpl for group-3B85ABEDFE9D:[941a19a0-9130-4c85-b299-bf36f83edf62|rpc:10.1.0.5:44487|priority:1] with ContainerStateMachine:uninitialized
2022-06-01 03:34:11,861 [pool-71-thread-1] INFO  server.RaftServerConfigKeys (ConfUtils.java:logGet(46)) - raft.server.rpc.timeout.min = 5s (custom)
2022-06-01 03:34:11,861 [pool-71-thread-1] INFO  server.RaftServerConfigKeys (ConfUtils.java:logGet(46)) - raft.server.rpc.timeout.max = 5200ms (custom)
2022-06-01 03:34:11,861 [pool-71-thread-1] INFO  server.RaftServerConfigKeys (ConfUtils.java:logGet(46)) - raft.server.rpc.sleep.time = 25ms (default)
2022-06-01 03:34:11,861 [pool-71-thread-1] INFO  server.RaftServerConfigKeys (ConfUtils.java:logGet(46)) - raft.server.rpc.slowness.timeout = 300s (custom)
2022-06-01 03:34:11,862 [pool-71-thread-1] INFO  server.RaftServerConfigKeys (ConfUtils.java:logGet(46)) - raft.server.leaderelection.leader.step-down.wait-time = 10s (default)
2022-06-01 03:34:11,862 [pool-71-thread-1] INFO  server.RaftServerConfigKeys (ConfUtils.java:logGet(46)) - raft.server.sleep.deviation.threshold = 300ms (default)
2022-06-01 03:34:11,862 [pool-71-thread-1] INFO  server.RaftServer$Division (ServerState.java:<init>(107)) - 941a19a0-9130-4c85-b299-bf36f83edf62@group-3B85ABEDFE9D: ConfigurationManager, init=-1: [941a19a0-9130-4c85-b299-bf36f83edf62|rpc:10.1.0.5:44487|priority:1], old=null, confs=<EMPTY_MAP>
2022-06-01 03:34:11,862 [pool-71-thread-1] INFO  server.RaftServerConfigKeys (ConfUtils.java:logGet(46)) - raft.server.storage.dir = [/home/runner/work/ozone/ozone/hadoop-ozone/integration-test/target/test-dir/MiniOzoneClusterImpl-2aa7f405-a4ee-42d9-877d-60ec10202336/datanode-0/data/ratis] (custom)
2022-06-01 03:34:11,862 [pool-71-thread-1] INFO  server.RaftServerConfigKeys (ConfUtils.java:logGet(46)) - raft.server.log.corruption.policy = EXCEPTION (default)
2022-06-01 03:34:11,862 [pool-71-thread-1] INFO  server.RaftServerConfigKeys (ConfUtils.java:logGet(46)) - raft.server.storage.free-space.min = 0MB (=0) (default)
2022-06-01 03:34:11,862 [pool-71-thread-1] INFO  storage.RaftStorageDirectory (RaftStorageDirectoryImpl.java:analyzeStorage(135)) - The storage directory /home/runner/work/ozone/ozone/hadoop-ozone/integration-test/target/test-dir/MiniOzoneClusterImpl-2aa7f405-a4ee-42d9-877d-60ec10202336/datanode-0/data/ratis/b79cd55e-c0a1-4e2b-8c4f-3b85abedfe9d does not exist. Creating ...
2022-06-01 03:34:11,864 [pool-71-thread-1] INFO  storage.RaftStorageDirectory (RaftStorageDirectoryImpl.java:tryLock(230)) - Lock on /home/runner/work/ozone/ozone/hadoop-ozone/integration-test/target/test-dir/MiniOzoneClusterImpl-2aa7f405-a4ee-42d9-877d-60ec10202336/datanode-0/data/ratis/b79cd55e-c0a1-4e2b-8c4f-3b85abedfe9d/in_use.lock acquired by nodename 14781@fv-az151-582
2022-06-01 03:34:11,865 [pool-71-thread-1] INFO  storage.RaftStorage (RaftStorageImpl.java:format(89)) - Storage directory /home/runner/work/ozone/ozone/hadoop-ozone/integration-test/target/test-dir/MiniOzoneClusterImpl-2aa7f405-a4ee-42d9-877d-60ec10202336/datanode-0/data/ratis/b79cd55e-c0a1-4e2b-8c4f-3b85abedfe9d has been successfully formatted.
2022-06-01 03:34:11,869 [pool-71-thread-1] INFO  ratis.ContainerStateMachine (ContainerStateMachine.java:loadSnapshot(236)) - group-3B85ABEDFE9D: The snapshot info is null. Setting the last applied indexto:(t:0, i:~)
2022-06-01 03:34:11,869 [pool-71-thread-1] INFO  server.RaftServerConfigKeys (ConfUtils.java:logGet(46)) - raft.server.notification.no-leader.timeout = 300s (custom)
2022-06-01 03:34:11,869 [pool-71-thread-1] INFO  server.RaftServerConfigKeys (ConfUtils.java:logGet(46)) - raft.server.log.use.memory = false (default)
2022-06-01 03:34:11,877 [pool-71-thread-1] INFO  server.RaftServerConfigKeys (ConfUtils.java:logGet(46)) - raft.server.log.purge.gap = 1000000 (custom)
2022-06-01 03:34:11,877 [pool-71-thread-1] INFO  server.RaftServerConfigKeys (ConfUtils.java:logGet(46)) - raft.server.log.appender.buffer.byte-limit = 33554432 (custom)
2022-06-01 03:34:11,877 [pool-71-thread-1] INFO  server.RaftServerConfigKeys (ConfUtils.java:logGet(46)) - raft.server.log.statemachine.data.read.timeout = 1000ms (default)
2022-06-01 03:34:11,877 [pool-71-thread-1] INFO  server.RaftServerConfigKeys (ConfUtils.java:logGet(46)) - raft.server.log.segment.size.max = 1048576 (custom)
2022-06-01 03:34:11,878 [pool-71-thread-1] INFO  server.RaftServerConfigKeys (ConfUtils.java:logGet(46)) - raft.server.log.segment.cache.num.max = 2 (custom)
2022-06-01 03:34:11,878 [pool-71-thread-1] INFO  server.RaftServerConfigKeys (ConfUtils.java:logGet(46)) - raft.server.log.segment.cache.size.max = 200MB (=209715200) (default)
2022-06-01 03:34:11,878 [pool-71-thread-1] INFO  segmented.SegmentedRaftLogWorker (SegmentedRaftLogWorker.java:<init>(187)) - new 941a19a0-9130-4c85-b299-bf36f83edf62@group-3B85ABEDFE9D-SegmentedRaftLogWorker for RaftStorageImpl:Storage Directory /home/runner/work/ozone/ozone/hadoop-ozone/integration-test/target/test-dir/MiniOzoneClusterImpl-2aa7f405-a4ee-42d9-877d-60ec10202336/datanode-0/data/ratis/b79cd55e-c0a1-4e2b-8c4f-3b85abedfe9d
2022-06-01 03:34:11,878 [pool-71-thread-1] INFO  server.RaftServerConfigKeys (ConfUtils.java:logGet(46)) - raft.server.log.queue.byte-limit = 4294967296 (custom)
2022-06-01 03:34:11,878 [pool-71-thread-1] INFO  server.RaftServerConfigKeys (ConfUtils.java:logGet(46)) - raft.server.log.queue.element-limit = 1024 (custom)
2022-06-01 03:34:11,878 [pool-71-thread-1] INFO  server.RaftServerConfigKeys (ConfUtils.java:logGet(46)) - raft.server.log.segment.size.max = 1048576 (custom)
2022-06-01 03:34:11,878 [pool-71-thread-1] INFO  server.RaftServerConfigKeys (ConfUtils.java:logGet(46)) - raft.server.log.preallocated.size = 16384 (custom)
2022-06-01 03:34:11,878 [pool-71-thread-1] INFO  server.RaftServerConfigKeys (ConfUtils.java:logGet(46)) - raft.server.log.force.sync.num = 128 (default)
2022-06-01 03:34:11,878 [pool-71-thread-1] INFO  server.RaftServerConfigKeys (ConfUtils.java:logGet(46)) - raft.server.log.statemachine.data.sync = true (default)
2022-06-01 03:34:11,878 [pool-71-thread-1] INFO  server.RaftServerConfigKeys (ConfUtils.java:logGet(46)) - raft.server.log.statemachine.data.sync.timeout = 10s (default)
2022-06-01 03:34:11,878 [pool-71-thread-1] INFO  server.RaftServerConfigKeys (ConfUtils.java:logGet(46)) - raft.server.log.statemachine.data.sync.timeout.retry = -1 (default)
2022-06-01 03:34:11,880 [pool-71-thread-1] INFO  server.RaftServerConfigKeys (ConfUtils.java:logGet(46)) - raft.server.log.write.buffer.size = 1048576 (custom)
2022-06-01 03:34:11,880 [pool-71-thread-1] INFO  server.RaftServerConfigKeys (ConfUtils.java:logGet(46)) - raft.server.log.unsafe-flush.enabled = false (default)
2022-06-01 03:34:11,880 [pool-71-thread-1] INFO  server.RaftServerConfigKeys (ConfUtils.java:logGet(46)) - raft.server.log.statemachine.data.caching.enabled = true (custom)
2022-06-01 03:34:11,881 [pool-71-thread-1] INFO  segmented.SegmentedRaftLogWorker (SegmentedRaftLogWorker.java:lambda$new$0(135)) - 941a19a0-9130-4c85-b299-bf36f83edf62@group-3B85ABEDFE9D-SegmentedRaftLogWorker: flushIndex: setUnconditionally 0 -> -1
2022-06-01 03:34:11,881 [pool-71-thread-1] INFO  segmented.SegmentedRaftLogWorker (SegmentedRaftLogWorker.java:lambda$new$0(135)) - 941a19a0-9130-4c85-b299-bf36f83edf62@group-3B85ABEDFE9D-SegmentedRaftLogWorker: safeCacheEvictIndex: setUnconditionally 0 -> -1
2022-06-01 03:34:11,893 [pool-71-thread-1] INFO  server.RaftServerConfigKeys (ConfUtils.java:logGet(46)) - raft.server.snapshot.auto.trigger.enabled = true (custom)
2022-06-01 03:34:11,893 [pool-71-thread-1] INFO  server.RaftServerConfigKeys (ConfUtils.java:logGet(46)) - raft.server.snapshot.auto.trigger.threshold = 10000 (custom)
2022-06-01 03:34:11,893 [pool-71-thread-1] INFO  server.RaftServerConfigKeys (ConfUtils.java:logGet(46)) - raft.server.snapshot.retention.file.num = 5 (custom)
2022-06-01 03:34:11,893 [pool-71-thread-1] INFO  server.RaftServerConfigKeys (ConfUtils.java:logGet(46)) - raft.server.log.purge.upto.snapshot.index = false (default)
2022-06-01 03:34:11,893 [pool-71-thread-1] INFO  server.RaftServerConfigKeys (ConfUtils.java:logGet(46)) - raft.server.retrycache.expirytime = 600000ms (custom)
2022-06-01 03:34:11,893 [pool-71-thread-1] INFO  server.RaftServerConfigKeys (ConfUtils.java:logGet(46)) - raft.server.retrycache.statistics.expirytime = 100μs (default)
2022-06-01 03:34:11,894 [EventQueue-PipelineReportForPipelineReportHandler] INFO  pipeline.PipelineManagerImpl (PipelineManagerImpl.java:openPipeline(356)) - Pipeline Pipeline[ Id: b79cd55e-c0a1-4e2b-8c4f-3b85abedfe9d, Nodes: 941a19a0-9130-4c85-b299-bf36f83edf62{ip: 10.1.0.5, host: fv-az151-582.yf2hydr00wburbhx3j5hxtcipe.bx.internal.cloudapp.net, ports: [REPLICATION=41613, RATIS=44487, RATIS_ADMIN=44487, RATIS_SERVER=44487, STANDALONE=45343], networkLocation: /default-rack, certSerialId: null, persistedOpState: IN_SERVICE, persistedOpStateExpiryEpochSec: 0}, ReplicationConfig: RATIS/ONE, State:ALLOCATED, leaderId:941a19a0-9130-4c85-b299-bf36f83edf62, CreationTimestamp2022-06-01T03:34:08.880Z[Etc/UTC]] moved to OPEN state
2022-06-01 03:34:11,895 [pool-71-thread-1] INFO  server.RaftServerConfigKeys (ConfUtils.java:logGet(46)) - raft.server.log.appender.install.snapshot.enabled = false (custom)
2022-06-01 03:34:11,895 [pool-71-thread-1] INFO  server.RaftServerConfigKeys (ConfUtils.java:logGet(46)) - raft.server.threadpool.server.cached = true (default)
2022-06-01 03:34:11,895 [pool-71-thread-1] INFO  server.RaftServerConfigKeys (ConfUtils.java:logGet(46)) - raft.server.threadpool.server.size = 0 (default)
2022-06-01 03:34:11,895 [pool-71-thread-1] INFO  server.RaftServerConfigKeys (ConfUtils.java:logGet(46)) - raft.server.threadpool.client.cached = true (default)
2022-06-01 03:34:11,895 [pool-71-thread-1] INFO  server.RaftServerConfigKeys (ConfUtils.java:logGet(46)) - raft.server.threadpool.client.size = 0 (default)
2022-06-01 03:34:11,895 [pool-71-thread-1] INFO  server.RaftServer$Division (RaftServerImpl.java:start(310)) - 941a19a0-9130-4c85-b299-bf36f83edf62@group-3B85ABEDFE9D: start as a follower, conf=-1: [941a19a0-9130-4c85-b299-bf36f83edf62|rpc:10.1.0.5:44487|priority:1], old=null
2022-06-01 03:34:11,895 [pool-71-thread-1] INFO  server.RaftServer$Division (RaftServerImpl.java:setRole(299)) - 941a19a0-9130-4c85-b299-bf36f83edf62@group-3B85ABEDFE9D: changes role from      null to FOLLOWER at term 0 for startAsFollower
2022-06-01 03:34:11,895 [pool-71-thread-1] INFO  impl.RoleInfo (RoleInfo.java:updateAndGet(139)) - 941a19a0-9130-4c85-b299-bf36f83edf62: start 941a19a0-9130-4c85-b299-bf36f83edf62@group-3B85ABEDFE9D-FollowerState
2022-06-01 03:34:11,896 [EventQueue-OpenPipelineForHealthyPipelineSafeModeRule] INFO  safemode.SCMSafeModeManager (HealthyPipelineSafeModeRule.java:process(124)) - SCM in safe mode. Healthy pipelines reported count is 0, required healthy pipeline reported count is 1
2022-06-01 03:34:11,899 [pool-71-thread-1] INFO  util.JmxRegister (JmxRegister.java:tryRegister(44)) - Successfully registered JMX Bean with object name Ratis:service=RaftServer,group=group-3B85ABEDFE9D,id=941a19a0-9130-4c85-b299-bf36f83edf62
2022-06-01 03:34:11,910 [Command processor thread] INFO  ratis.XceiverServerRatis (XceiverServerRatis.java:addGroup(765)) - Created group PipelineID=b79cd55e-c0a1-4e2b-8c4f-3b85abedfe9d
2022-06-01 03:34:11,911 [Command processor thread] INFO  commandhandler.CreatePipelineCommandHandler (CreatePipelineCommandHandler.java:handle(113)) - Created Pipeline RATIS ONE PipelineID=b79cd55e-c0a1-4e2b-8c4f-3b85abedfe9d.
2022-06-01 03:34:11,911 [Command processor thread] INFO  server.RaftServer (RaftServerProxy.java:addNew(96)) - 941a19a0-9130-4c85-b299-bf36f83edf62: addNew group-2274C675277C:[0476bece-ff5a-45f4-b395-dd834dd6b6f1|rpc:10.1.0.5:37339|priority:1, 941a19a0-9130-4c85-b299-bf36f83edf62|rpc:10.1.0.5:44487|priority:0, 1fd7fa3e-4528-405a-8afd-745b4b3c0dec|rpc:10.1.0.5:36067|priority:0] returns group-2274C675277C:java.util.concurrent.CompletableFuture@4011a942[Not completed]
2022-06-01 03:34:11,913 [pool-71-thread-1] INFO  server.RaftServer$Division (RaftServerImpl.java:<init>(190)) - 941a19a0-9130-4c85-b299-bf36f83edf62: new RaftServerImpl for group-2274C675277C:[0476bece-ff5a-45f4-b395-dd834dd6b6f1|rpc:10.1.0.5:37339|priority:1, 941a19a0-9130-4c85-b299-bf36f83edf62|rpc:10.1.0.5:44487|priority:0, 1fd7fa3e-4528-405a-8afd-745b4b3c0dec|rpc:10.1.0.5:36067|priority:0] with ContainerStateMachine:uninitialized
2022-06-01 03:34:11,913 [pool-71-thread-1] INFO  server.RaftServerConfigKeys (ConfUtils.java:logGet(46)) - raft.server.rpc.timeout.min = 5s (custom)
2022-06-01 03:34:11,913 [pool-71-thread-1] INFO  server.RaftServerConfigKeys (ConfUtils.java:logGet(46)) - raft.server.rpc.timeout.max = 5200ms (custom)
2022-06-01 03:34:11,913 [pool-71-thread-1] INFO  server.RaftServerConfigKeys (ConfUtils.java:logGet(46)) - raft.server.rpc.sleep.time = 25ms (default)
2022-06-01 03:34:11,913 [pool-71-thread-1] INFO  server.RaftServerConfigKeys (ConfUtils.java:logGet(46)) - raft.server.rpc.slowness.timeout = 300s (custom)
2022-06-01 03:34:11,913 [pool-71-thread-1] INFO  server.RaftServerConfigKeys (ConfUtils.java:logGet(46)) - raft.server.leaderelection.leader.step-down.wait-time = 10s (default)
2022-06-01 03:34:11,913 [pool-71-thread-1] INFO  server.RaftServerConfigKeys (ConfUtils.java:logGet(46)) - raft.server.sleep.deviation.threshold = 300ms (default)
2022-06-01 03:34:11,913 [pool-71-thread-1] INFO  server.RaftServer$Division (ServerState.java:<init>(107)) - 941a19a0-9130-4c85-b299-bf36f83edf62@group-2274C675277C: ConfigurationManager, init=-1: [0476bece-ff5a-45f4-b395-dd834dd6b6f1|rpc:10.1.0.5:37339|priority:1, 941a19a0-9130-4c85-b299-bf36f83edf62|rpc:10.1.0.5:44487|priority:0, 1fd7fa3e-4528-405a-8afd-745b4b3c0dec|rpc:10.1.0.5:36067|priority:0], old=null, confs=<EMPTY_MAP>
2022-06-01 03:34:11,914 [pool-71-thread-1] INFO  server.RaftServerConfigKeys (ConfUtils.java:logGet(46)) - raft.server.storage.dir = [/home/runner/work/ozone/ozone/hadoop-ozone/integration-test/target/test-dir/MiniOzoneClusterImpl-2aa7f405-a4ee-42d9-877d-60ec10202336/datanode-0/data/ratis] (custom)
2022-06-01 03:34:11,914 [pool-71-thread-1] INFO  server.RaftServerConfigKeys (ConfUtils.java:logGet(46)) - raft.server.log.corruption.policy = EXCEPTION (default)
2022-06-01 03:34:11,914 [pool-71-thread-1] INFO  server.RaftServerConfigKeys (ConfUtils.java:logGet(46)) - raft.server.storage.free-space.min = 0MB (=0) (default)
2022-06-01 03:34:11,914 [pool-71-thread-1] INFO  storage.RaftStorageDirectory (RaftStorageDirectoryImpl.java:analyzeStorage(135)) - The storage directory /home/runner/work/ozone/ozone/hadoop-ozone/integration-test/target/test-dir/MiniOzoneClusterImpl-2aa7f405-a4ee-42d9-877d-60ec10202336/datanode-0/data/ratis/0ab293e4-8c26-4253-8b2c-2274c675277c does not exist. Creating ...
2022-06-01 03:34:11,915 [pool-71-thread-1] INFO  storage.RaftStorageDirectory (RaftStorageDirectoryImpl.java:tryLock(230)) - Lock on /home/runner/work/ozone/ozone/hadoop-ozone/integration-test/target/test-dir/MiniOzoneClusterImpl-2aa7f405-a4ee-42d9-877d-60ec10202336/datanode-0/data/ratis/0ab293e4-8c26-4253-8b2c-2274c675277c/in_use.lock acquired by nodename 14781@fv-az151-582
2022-06-01 03:34:11,916 [pool-71-thread-1] INFO  storage.RaftStorage (RaftStorageImpl.java:format(89)) - Storage directory /home/runner/work/ozone/ozone/hadoop-ozone/integration-test/target/test-dir/MiniOzoneClusterImpl-2aa7f405-a4ee-42d9-877d-60ec10202336/datanode-0/data/ratis/0ab293e4-8c26-4253-8b2c-2274c675277c has been successfully formatted.
2022-06-01 03:34:11,917 [pool-71-thread-1] INFO  ratis.ContainerStateMachine (ContainerStateMachine.java:loadSnapshot(236)) - group-2274C675277C: The snapshot info is null. Setting the last applied indexto:(t:0, i:~)
2022-06-01 03:34:11,917 [pool-71-thread-1] INFO  server.RaftServerConfigKeys (ConfUtils.java:logGet(46)) - raft.server.notification.no-leader.timeout = 300s (custom)
2022-06-01 03:34:11,917 [pool-71-thread-1] INFO  server.RaftServerConfigKeys (ConfUtils.java:logGet(46)) - raft.server.log.use.memory = false (default)
2022-06-01 03:34:11,917 [pool-71-thread-1] INFO  server.RaftServerConfigKeys (ConfUtils.java:logGet(46)) - raft.server.log.purge.gap = 1000000 (custom)
2022-06-01 03:34:11,917 [pool-71-thread-1] INFO  server.RaftServerConfigKeys (ConfUtils.java:logGet(46)) - raft.server.log.appender.buffer.byte-limit = 33554432 (custom)
2022-06-01 03:34:11,917 [pool-71-thread-1] INFO  server.RaftServerConfigKeys (ConfUtils.java:logGet(46)) - raft.server.log.statemachine.data.read.timeout = 1000ms (default)
2022-06-01 03:34:11,917 [pool-71-thread-1] INFO  server.RaftServerConfigKeys (ConfUtils.java:logGet(46)) - raft.server.log.segment.size.max = 1048576 (custom)
2022-06-01 03:34:11,919 [EventQueue-OpenPipelineForHealthyPipelineSafeModeRule] INFO  safemode.SCMSafeModeManager (HealthyPipelineSafeModeRule.java:process(124)) - SCM in safe mode. Healthy pipelines reported count is 0, required healthy pipeline reported count is 1
2022-06-01 03:34:11,919 [pool-71-thread-1] INFO  server.RaftServerConfigKeys (ConfUtils.java:logGet(46)) - raft.server.log.segment.cache.num.max = 2 (custom)
2022-06-01 03:34:11,919 [pool-71-thread-1] INFO  server.RaftServerConfigKeys (ConfUtils.java:logGet(46)) - raft.server.log.segment.cache.size.max = 200MB (=209715200) (default)
2022-06-01 03:34:11,919 [pool-71-thread-1] INFO  segmented.SegmentedRaftLogWorker (SegmentedRaftLogWorker.java:<init>(187)) - new 941a19a0-9130-4c85-b299-bf36f83edf62@group-2274C675277C-SegmentedRaftLogWorker for RaftStorageImpl:Storage Directory /home/runner/work/ozone/ozone/hadoop-ozone/integration-test/target/test-dir/MiniOzoneClusterImpl-2aa7f405-a4ee-42d9-877d-60ec10202336/datanode-0/data/ratis/0ab293e4-8c26-4253-8b2c-2274c675277c
2022-06-01 03:34:11,919 [pool-71-thread-1] INFO  server.RaftServerConfigKeys (ConfUtils.java:logGet(46)) - raft.server.log.queue.byte-limit = 4294967296 (custom)
2022-06-01 03:34:11,919 [pool-71-thread-1] INFO  server.RaftServerConfigKeys (ConfUtils.java:logGet(46)) - raft.server.log.queue.element-limit = 1024 (custom)
2022-06-01 03:34:11,919 [pool-71-thread-1] INFO  server.RaftServerConfigKeys (ConfUtils.java:logGet(46)) - raft.server.log.segment.size.max = 1048576 (custom)
2022-06-01 03:34:11,920 [pool-71-thread-1] INFO  server.RaftServerConfigKeys (ConfUtils.java:logGet(46)) - raft.server.log.preallocated.size = 16384 (custom)
2022-06-01 03:34:11,920 [pool-71-thread-1] INFO  server.RaftServerConfigKeys (ConfUtils.java:logGet(46)) - raft.server.log.force.sync.num = 128 (default)
2022-06-01 03:34:11,920 [pool-71-thread-1] INFO  server.RaftServerConfigKeys (ConfUtils.java:logGet(46)) - raft.server.log.statemachine.data.sync = true (default)
2022-06-01 03:34:11,920 [pool-71-thread-1] INFO  server.RaftServerConfigKeys (ConfUtils.java:logGet(46)) - raft.server.log.statemachine.data.sync.timeout = 10s (default)
2022-06-01 03:34:11,920 [pool-71-thread-1] INFO  server.RaftServerConfigKeys (ConfUtils.java:logGet(46)) - raft.server.log.statemachine.data.sync.timeout.retry = -1 (default)
2022-06-01 03:34:11,921 [pool-71-thread-1] INFO  server.RaftServerConfigKeys (ConfUtils.java:logGet(46)) - raft.server.log.write.buffer.size = 1048576 (custom)
2022-06-01 03:34:11,922 [pool-71-thread-1] INFO  server.RaftServerConfigKeys (ConfUtils.java:logGet(46)) - raft.server.log.unsafe-flush.enabled = false (default)
2022-06-01 03:34:11,922 [pool-71-thread-1] INFO  server.RaftServerConfigKeys (ConfUtils.java:logGet(46)) - raft.server.log.statemachine.data.caching.enabled = true (custom)
2022-06-01 03:34:11,922 [pool-71-thread-1] INFO  segmented.SegmentedRaftLogWorker (SegmentedRaftLogWorker.java:lambda$new$0(135)) - 941a19a0-9130-4c85-b299-bf36f83edf62@group-2274C675277C-SegmentedRaftLogWorker: flushIndex: setUnconditionally 0 -> -1
2022-06-01 03:34:11,922 [pool-71-thread-1] INFO  segmented.SegmentedRaftLogWorker (SegmentedRaftLogWorker.java:lambda$new$0(135)) - 941a19a0-9130-4c85-b299-bf36f83edf62@group-2274C675277C-SegmentedRaftLogWorker: safeCacheEvictIndex: setUnconditionally 0 -> -1
2022-06-01 03:34:11,922 [pool-71-thread-1] INFO  server.RaftServerConfigKeys (ConfUtils.java:logGet(46)) - raft.server.snapshot.auto.trigger.enabled = true (custom)
2022-06-01 03:34:11,922 [pool-71-thread-1] INFO  server.RaftServerConfigKeys (ConfUtils.java:logGet(46)) - raft.server.snapshot.auto.trigger.threshold = 10000 (custom)
2022-06-01 03:34:11,922 [pool-71-thread-1] INFO  server.RaftServerConfigKeys (ConfUtils.java:logGet(46)) - raft.server.snapshot.retention.file.num = 5 (custom)
2022-06-01 03:34:11,922 [pool-71-thread-1] INFO  server.RaftServerConfigKeys (ConfUtils.java:logGet(46)) - raft.server.log.purge.upto.snapshot.index = false (default)
2022-06-01 03:34:11,922 [pool-71-thread-1] INFO  server.RaftServerConfigKeys (ConfUtils.java:logGet(46)) - raft.server.retrycache.expirytime = 600000ms (custom)
2022-06-01 03:34:11,922 [pool-71-thread-1] INFO  server.RaftServerConfigKeys (ConfUtils.java:logGet(46)) - raft.server.retrycache.statistics.expirytime = 100μs (default)
2022-06-01 03:34:11,924 [pool-71-thread-1] INFO  server.RaftServerConfigKeys (ConfUtils.java:logGet(46)) - raft.server.log.appender.install.snapshot.enabled = false (custom)
2022-06-01 03:34:11,924 [pool-71-thread-1] INFO  server.RaftServerConfigKeys (ConfUtils.java:logGet(46)) - raft.server.threadpool.server.cached = true (default)
2022-06-01 03:34:11,924 [pool-71-thread-1] INFO  server.RaftServerConfigKeys (ConfUtils.java:logGet(46)) - raft.server.threadpool.server.size = 0 (default)
2022-06-01 03:34:11,924 [pool-71-thread-1] INFO  server.RaftServerConfigKeys (ConfUtils.java:logGet(46)) - raft.server.threadpool.client.cached = true (default)
2022-06-01 03:34:11,924 [pool-71-thread-1] INFO  server.RaftServerConfigKeys (ConfUtils.java:logGet(46)) - raft.server.threadpool.client.size = 0 (default)
2022-06-01 03:34:11,924 [pool-71-thread-1] INFO  server.RaftServer$Division (RaftServerImpl.java:start(310)) - 941a19a0-9130-4c85-b299-bf36f83edf62@group-2274C675277C: start as a follower, conf=-1: [0476bece-ff5a-45f4-b395-dd834dd6b6f1|rpc:10.1.0.5:37339|priority:1, 941a19a0-9130-4c85-b299-bf36f83edf62|rpc:10.1.0.5:44487|priority:0, 1fd7fa3e-4528-405a-8afd-745b4b3c0dec|rpc:10.1.0.5:36067|priority:0], old=null
2022-06-01 03:34:11,924 [pool-71-thread-1] INFO  server.RaftServer$Division (RaftServerImpl.java:setRole(299)) - 941a19a0-9130-4c85-b299-bf36f83edf62@group-2274C675277C: changes role from      null to FOLLOWER at term 0 for startAsFollower
2022-06-01 03:34:11,924 [pool-71-thread-1] INFO  impl.RoleInfo (RoleInfo.java:updateAndGet(139)) - 941a19a0-9130-4c85-b299-bf36f83edf62: start 941a19a0-9130-4c85-b299-bf36f83edf62@group-2274C675277C-FollowerState
2022-06-01 03:34:11,925 [pool-71-thread-1] INFO  util.JmxRegister (JmxRegister.java:tryRegister(44)) - Successfully registered JMX Bean with object name Ratis:service=RaftServer,group=group-2274C675277C,id=941a19a0-9130-4c85-b299-bf36f83edf62
2022-06-01 03:34:11,926 [Command processor thread] INFO  ratis.XceiverServerRatis (XceiverServerRatis.java:addGroup(765)) - Created group PipelineID=0ab293e4-8c26-4253-8b2c-2274c675277c
2022-06-01 03:34:12,327 [Command processor thread] INFO  server.RaftServer (RaftServerProxy.java:addNew(96)) - 1fd7fa3e-4528-405a-8afd-745b4b3c0dec: addNew group-40CB6A8CC05F:[1fd7fa3e-4528-405a-8afd-745b4b3c0dec|rpc:10.1.0.5:36067|priority:1] returns group-40CB6A8CC05F:java.util.concurrent.CompletableFuture@48acc660[Not completed]
2022-06-01 03:34:12,333 [pool-93-thread-1] INFO  server.RaftServer$Division (RaftServerImpl.java:<init>(190)) - 1fd7fa3e-4528-405a-8afd-745b4b3c0dec: new RaftServerImpl for group-40CB6A8CC05F:[1fd7fa3e-4528-405a-8afd-745b4b3c0dec|rpc:10.1.0.5:36067|priority:1] with ContainerStateMachine:uninitialized
2022-06-01 03:34:12,333 [pool-93-thread-1] INFO  server.RaftServerConfigKeys (ConfUtils.java:logGet(46)) - raft.server.rpc.timeout.min = 5s (custom)
2022-06-01 03:34:12,333 [pool-93-thread-1] INFO  server.RaftServerConfigKeys (ConfUtils.java:logGet(46)) - raft.server.rpc.timeout.max = 5200ms (custom)
2022-06-01 03:34:12,333 [pool-93-thread-1] INFO  server.RaftServerConfigKeys (ConfUtils.java:logGet(46)) - raft.server.rpc.sleep.time = 25ms (default)
2022-06-01 03:34:12,333 [pool-93-thread-1] INFO  server.RaftServerConfigKeys (ConfUtils.java:logGet(46)) - raft.server.rpc.slowness.timeout = 300s (custom)
2022-06-01 03:34:12,333 [pool-93-thread-1] INFO  server.RaftServerConfigKeys (ConfUtils.java:logGet(46)) - raft.server.leaderelection.leader.step-down.wait-time = 10s (default)
2022-06-01 03:34:12,333 [pool-93-thread-1] INFO  server.RaftServerConfigKeys (ConfUtils.java:logGet(46)) - raft.server.sleep.deviation.threshold = 300ms (default)
2022-06-01 03:34:12,333 [pool-93-thread-1] INFO  server.RaftServer$Division (ServerState.java:<init>(107)) - 1fd7fa3e-4528-405a-8afd-745b4b3c0dec@group-40CB6A8CC05F: ConfigurationManager, init=-1: [1fd7fa3e-4528-405a-8afd-745b4b3c0dec|rpc:10.1.0.5:36067|priority:1], old=null, confs=<EMPTY_MAP>
2022-06-01 03:34:12,334 [pool-93-thread-1] INFO  server.RaftServerConfigKeys (ConfUtils.java:logGet(46)) - raft.server.storage.dir = [/home/runner/work/ozone/ozone/hadoop-ozone/integration-test/target/test-dir/MiniOzoneClusterImpl-2aa7f405-a4ee-42d9-877d-60ec10202336/datanode-1/data/ratis] (custom)
2022-06-01 03:34:12,334 [pool-93-thread-1] INFO  server.RaftServerConfigKeys (ConfUtils.java:logGet(46)) - raft.server.log.corruption.policy = EXCEPTION (default)
2022-06-01 03:34:12,334 [pool-93-thread-1] INFO  server.RaftServerConfigKeys (ConfUtils.java:logGet(46)) - raft.server.storage.free-space.min = 0MB (=0) (default)
2022-06-01 03:34:12,334 [pool-93-thread-1] INFO  storage.RaftStorageDirectory (RaftStorageDirectoryImpl.java:analyzeStorage(135)) - The storage directory /home/runner/work/ozone/ozone/hadoop-ozone/integration-test/target/test-dir/MiniOzoneClusterImpl-2aa7f405-a4ee-42d9-877d-60ec10202336/datanode-1/data/ratis/98afecb6-1117-4782-a0d5-40cb6a8cc05f does not exist. Creating ...
2022-06-01 03:34:12,335 [pool-93-thread-1] INFO  storage.RaftStorageDirectory (RaftStorageDirectoryImpl.java:tryLock(230)) - Lock on /home/runner/work/ozone/ozone/hadoop-ozone/integration-test/target/test-dir/MiniOzoneClusterImpl-2aa7f405-a4ee-42d9-877d-60ec10202336/datanode-1/data/ratis/98afecb6-1117-4782-a0d5-40cb6a8cc05f/in_use.lock acquired by nodename 14781@fv-az151-582
2022-06-01 03:34:12,336 [pool-93-thread-1] INFO  storage.RaftStorage (RaftStorageImpl.java:format(89)) - Storage directory /home/runner/work/ozone/ozone/hadoop-ozone/integration-test/target/test-dir/MiniOzoneClusterImpl-2aa7f405-a4ee-42d9-877d-60ec10202336/datanode-1/data/ratis/98afecb6-1117-4782-a0d5-40cb6a8cc05f has been successfully formatted.
2022-06-01 03:34:12,337 [pool-93-thread-1] INFO  ratis.ContainerStateMachine (ContainerStateMachine.java:loadSnapshot(236)) - group-40CB6A8CC05F: The snapshot info is null. Setting the last applied indexto:(t:0, i:~)
2022-06-01 03:34:12,339 [pool-93-thread-1] INFO  server.RaftServerConfigKeys (ConfUtils.java:logGet(46)) - raft.server.notification.no-leader.timeout = 300s (custom)
2022-06-01 03:34:12,339 [pool-93-thread-1] INFO  server.RaftServerConfigKeys (ConfUtils.java:logGet(46)) - raft.server.log.use.memory = false (default)
2022-06-01 03:34:12,339 [pool-93-thread-1] INFO  server.RaftServerConfigKeys (ConfUtils.java:logGet(46)) - raft.server.log.purge.gap = 1000000 (custom)
2022-06-01 03:34:12,339 [pool-93-thread-1] INFO  server.RaftServerConfigKeys (ConfUtils.java:logGet(46)) - raft.server.log.appender.buffer.byte-limit = 33554432 (custom)
2022-06-01 03:34:12,344 [EventQueue-PipelineReportForPipelineReportHandler] INFO  pipeline.PipelineManagerImpl (PipelineManagerImpl.java:openPipeline(356)) - Pipeline Pipeline[ Id: 98afecb6-1117-4782-a0d5-40cb6a8cc05f, Nodes: 1fd7fa3e-4528-405a-8afd-745b4b3c0dec{ip: 10.1.0.5, host: fv-az151-582.yf2hydr00wburbhx3j5hxtcipe.bx.internal.cloudapp.net, ports: [REPLICATION=41265, RATIS=36067, RATIS_ADMIN=36067, RATIS_SERVER=36067, STANDALONE=38933], networkLocation: /default-rack, certSerialId: null, persistedOpState: IN_SERVICE, persistedOpStateExpiryEpochSec: 0}, ReplicationConfig: RATIS/ONE, State:ALLOCATED, leaderId:1fd7fa3e-4528-405a-8afd-745b4b3c0dec, CreationTimestamp2022-06-01T03:34:09.332Z[Etc/UTC]] moved to OPEN state
2022-06-01 03:34:12,345 [EventQueue-OpenPipelineForHealthyPipelineSafeModeRule] INFO  safemode.SCMSafeModeManager (HealthyPipelineSafeModeRule.java:process(124)) - SCM in safe mode. Healthy pipelines reported count is 0, required healthy pipeline reported count is 1
2022-06-01 03:34:12,345 [pool-93-thread-1] INFO  server.RaftServerConfigKeys (ConfUtils.java:logGet(46)) - raft.server.log.statemachine.data.read.timeout = 1000ms (default)
2022-06-01 03:34:12,346 [pool-93-thread-1] INFO  server.RaftServerConfigKeys (ConfUtils.java:logGet(46)) - raft.server.log.segment.size.max = 1048576 (custom)
2022-06-01 03:34:12,347 [pool-93-thread-1] INFO  server.RaftServerConfigKeys (ConfUtils.java:logGet(46)) - raft.server.log.segment.cache.num.max = 2 (custom)
2022-06-01 03:34:12,347 [pool-93-thread-1] INFO  server.RaftServerConfigKeys (ConfUtils.java:logGet(46)) - raft.server.log.segment.cache.size.max = 200MB (=209715200) (default)
2022-06-01 03:34:12,347 [pool-93-thread-1] INFO  segmented.SegmentedRaftLogWorker (SegmentedRaftLogWorker.java:<init>(187)) - new 1fd7fa3e-4528-405a-8afd-745b4b3c0dec@group-40CB6A8CC05F-SegmentedRaftLogWorker for RaftStorageImpl:Storage Directory /home/runner/work/ozone/ozone/hadoop-ozone/integration-test/target/test-dir/MiniOzoneClusterImpl-2aa7f405-a4ee-42d9-877d-60ec10202336/datanode-1/data/ratis/98afecb6-1117-4782-a0d5-40cb6a8cc05f
2022-06-01 03:34:12,347 [pool-93-thread-1] INFO  server.RaftServerConfigKeys (ConfUtils.java:logGet(46)) - raft.server.log.queue.byte-limit = 4294967296 (custom)
2022-06-01 03:34:12,347 [pool-93-thread-1] INFO  server.RaftServerConfigKeys (ConfUtils.java:logGet(46)) - raft.server.log.queue.element-limit = 1024 (custom)
2022-06-01 03:34:12,347 [pool-93-thread-1] INFO  server.RaftServerConfigKeys (ConfUtils.java:logGet(46)) - raft.server.log.segment.size.max = 1048576 (custom)
2022-06-01 03:34:12,347 [pool-93-thread-1] INFO  server.RaftServerConfigKeys (ConfUtils.java:logGet(46)) - raft.server.log.preallocated.size = 16384 (custom)
2022-06-01 03:34:12,347 [pool-93-thread-1] INFO  server.RaftServerConfigKeys (ConfUtils.java:logGet(46)) - raft.server.log.force.sync.num = 128 (default)
2022-06-01 03:34:12,347 [pool-93-thread-1] INFO  server.RaftServerConfigKeys (ConfUtils.java:logGet(46)) - raft.server.log.statemachine.data.sync = true (default)
2022-06-01 03:34:12,347 [pool-93-thread-1] INFO  server.RaftServerConfigKeys (ConfUtils.java:logGet(46)) - raft.server.log.statemachine.data.sync.timeout = 10s (default)
2022-06-01 03:34:12,347 [pool-93-thread-1] INFO  server.RaftServerConfigKeys (ConfUtils.java:logGet(46)) - raft.server.log.statemachine.data.sync.timeout.retry = -1 (default)
2022-06-01 03:34:12,348 [pool-93-thread-1] INFO  server.RaftServerConfigKeys (ConfUtils.java:logGet(46)) - raft.server.log.write.buffer.size = 1048576 (custom)
2022-06-01 03:34:12,349 [pool-93-thread-1] INFO  server.RaftServerConfigKeys (ConfUtils.java:logGet(46)) - raft.server.log.unsafe-flush.enabled = false (default)
2022-06-01 03:34:12,349 [pool-93-thread-1] INFO  server.RaftServerConfigKeys (ConfUtils.java:logGet(46)) - raft.server.log.statemachine.data.caching.enabled = true (custom)
2022-06-01 03:34:12,349 [pool-93-thread-1] INFO  segmented.SegmentedRaftLogWorker (SegmentedRaftLogWorker.java:lambda$new$0(135)) - 1fd7fa3e-4528-405a-8afd-745b4b3c0dec@group-40CB6A8CC05F-SegmentedRaftLogWorker: flushIndex: setUnconditionally 0 -> -1
2022-06-01 03:34:12,349 [pool-93-thread-1] INFO  segmented.SegmentedRaftLogWorker (SegmentedRaftLogWorker.java:lambda$new$0(135)) - 1fd7fa3e-4528-405a-8afd-745b4b3c0dec@group-40CB6A8CC05F-SegmentedRaftLogWorker: safeCacheEvictIndex: setUnconditionally 0 -> -1
2022-06-01 03:34:12,349 [pool-93-thread-1] INFO  server.RaftServerConfigKeys (ConfUtils.java:logGet(46)) - raft.server.snapshot.auto.trigger.enabled = true (custom)
2022-06-01 03:34:12,349 [pool-93-thread-1] INFO  server.RaftServerConfigKeys (ConfUtils.java:logGet(46)) - raft.server.snapshot.auto.trigger.threshold = 10000 (custom)
2022-06-01 03:34:12,349 [pool-93-thread-1] INFO  server.RaftServerConfigKeys (ConfUtils.java:logGet(46)) - raft.server.snapshot.retention.file.num = 5 (custom)
2022-06-01 03:34:12,349 [pool-93-thread-1] INFO  server.RaftServerConfigKeys (ConfUtils.java:logGet(46)) - raft.server.log.purge.upto.snapshot.index = false (default)
2022-06-01 03:34:12,350 [pool-93-thread-1] INFO  server.RaftServerConfigKeys (ConfUtils.java:logGet(46)) - raft.server.retrycache.expirytime = 600000ms (custom)
2022-06-01 03:34:12,350 [pool-93-thread-1] INFO  server.RaftServerConfigKeys (ConfUtils.java:logGet(46)) - raft.server.retrycache.statistics.expirytime = 100μs (default)
2022-06-01 03:34:12,351 [pool-93-thread-1] INFO  server.RaftServerConfigKeys (ConfUtils.java:logGet(46)) - raft.server.log.appender.install.snapshot.enabled = false (custom)
2022-06-01 03:34:12,351 [pool-93-thread-1] INFO  server.RaftServerConfigKeys (ConfUtils.java:logGet(46)) - raft.server.threadpool.server.cached = true (default)
2022-06-01 03:34:12,351 [pool-93-thread-1] INFO  server.RaftServerConfigKeys (ConfUtils.java:logGet(46)) - raft.server.threadpool.server.size = 0 (default)
2022-06-01 03:34:12,351 [pool-93-thread-1] INFO  server.RaftServerConfigKeys (ConfUtils.java:logGet(46)) - raft.server.threadpool.client.cached = true (default)
2022-06-01 03:34:12,351 [pool-93-thread-1] INFO  server.RaftServerConfigKeys (ConfUtils.java:logGet(46)) - raft.server.threadpool.client.size = 0 (default)
2022-06-01 03:34:12,351 [pool-93-thread-1] INFO  server.RaftServer$Division (RaftServerImpl.java:start(310)) - 1fd7fa3e-4528-405a-8afd-745b4b3c0dec@group-40CB6A8CC05F: start as a follower, conf=-1: [1fd7fa3e-4528-405a-8afd-745b4b3c0dec|rpc:10.1.0.5:36067|priority:1], old=null
2022-06-01 03:34:12,351 [pool-93-thread-1] INFO  server.RaftServer$Division (RaftServerImpl.java:setRole(299)) - 1fd7fa3e-4528-405a-8afd-745b4b3c0dec@group-40CB6A8CC05F: changes role from      null to FOLLOWER at term 0 for startAsFollower
2022-06-01 03:34:12,351 [pool-93-thread-1] INFO  impl.RoleInfo (RoleInfo.java:updateAndGet(139)) - 1fd7fa3e-4528-405a-8afd-745b4b3c0dec: start 1fd7fa3e-4528-405a-8afd-745b4b3c0dec@group-40CB6A8CC05F-FollowerState
2022-06-01 03:34:12,355 [pool-93-thread-1] INFO  util.JmxRegister (JmxRegister.java:tryRegister(44)) - Successfully registered JMX Bean with object name Ratis:service=RaftServer,group=group-40CB6A8CC05F,id=1fd7fa3e-4528-405a-8afd-745b4b3c0dec
2022-06-01 03:34:12,357 [Command processor thread] INFO  ratis.XceiverServerRatis (XceiverServerRatis.java:addGroup(765)) - Created group PipelineID=98afecb6-1117-4782-a0d5-40cb6a8cc05f
2022-06-01 03:34:12,357 [Command processor thread] INFO  commandhandler.CreatePipelineCommandHandler (CreatePipelineCommandHandler.java:handle(113)) - Created Pipeline RATIS ONE PipelineID=98afecb6-1117-4782-a0d5-40cb6a8cc05f.
2022-06-01 03:34:12,361 [Command processor thread] INFO  server.RaftServer (RaftServerProxy.java:addNew(96)) - 1fd7fa3e-4528-405a-8afd-745b4b3c0dec: addNew group-2274C675277C:[0476bece-ff5a-45f4-b395-dd834dd6b6f1|rpc:10.1.0.5:37339|priority:1, 941a19a0-9130-4c85-b299-bf36f83edf62|rpc:10.1.0.5:44487|priority:0, 1fd7fa3e-4528-405a-8afd-745b4b3c0dec|rpc:10.1.0.5:36067|priority:0] returns group-2274C675277C:java.util.concurrent.CompletableFuture@4c934bad[Not completed]
2022-06-01 03:34:12,362 [pool-93-thread-1] INFO  server.RaftServer$Division (RaftServerImpl.java:<init>(190)) - 1fd7fa3e-4528-405a-8afd-745b4b3c0dec: new RaftServerImpl for group-2274C675277C:[0476bece-ff5a-45f4-b395-dd834dd6b6f1|rpc:10.1.0.5:37339|priority:1, 941a19a0-9130-4c85-b299-bf36f83edf62|rpc:10.1.0.5:44487|priority:0, 1fd7fa3e-4528-405a-8afd-745b4b3c0dec|rpc:10.1.0.5:36067|priority:0] with ContainerStateMachine:uninitialized
2022-06-01 03:34:12,362 [pool-93-thread-1] INFO  server.RaftServerConfigKeys (ConfUtils.java:logGet(46)) - raft.server.rpc.timeout.min = 5s (custom)
2022-06-01 03:34:12,362 [pool-93-thread-1] INFO  server.RaftServerConfigKeys (ConfUtils.java:logGet(46)) - raft.server.rpc.timeout.max = 5200ms (custom)
2022-06-01 03:34:12,362 [pool-93-thread-1] INFO  server.RaftServerConfigKeys (ConfUtils.java:logGet(46)) - raft.server.rpc.sleep.time = 25ms (default)
2022-06-01 03:34:12,363 [pool-93-thread-1] INFO  server.RaftServerConfigKeys (ConfUtils.java:logGet(46)) - raft.server.rpc.slowness.timeout = 300s (custom)
2022-06-01 03:34:12,363 [pool-93-thread-1] INFO  server.RaftServerConfigKeys (ConfUtils.java:logGet(46)) - raft.server.leaderelection.leader.step-down.wait-time = 10s (default)
2022-06-01 03:34:12,363 [pool-93-thread-1] INFO  server.RaftServerConfigKeys (ConfUtils.java:logGet(46)) - raft.server.sleep.deviation.threshold = 300ms (default)
2022-06-01 03:34:12,363 [pool-93-thread-1] INFO  server.RaftServer$Division (ServerState.java:<init>(107)) - 1fd7fa3e-4528-405a-8afd-745b4b3c0dec@group-2274C675277C: ConfigurationManager, init=-1: [0476bece-ff5a-45f4-b395-dd834dd6b6f1|rpc:10.1.0.5:37339|priority:1, 941a19a0-9130-4c85-b299-bf36f83edf62|rpc:10.1.0.5:44487|priority:0, 1fd7fa3e-4528-405a-8afd-745b4b3c0dec|rpc:10.1.0.5:36067|priority:0], old=null, confs=<EMPTY_MAP>
2022-06-01 03:34:12,363 [pool-93-thread-1] INFO  server.RaftServerConfigKeys (ConfUtils.java:logGet(46)) - raft.server.storage.dir = [/home/runner/work/ozone/ozone/hadoop-ozone/integration-test/target/test-dir/MiniOzoneClusterImpl-2aa7f405-a4ee-42d9-877d-60ec10202336/datanode-1/data/ratis] (custom)
2022-06-01 03:34:12,363 [pool-93-thread-1] INFO  server.RaftServerConfigKeys (ConfUtils.java:logGet(46)) - raft.server.log.corruption.policy = EXCEPTION (default)
2022-06-01 03:34:12,363 [pool-93-thread-1] INFO  server.RaftServerConfigKeys (ConfUtils.java:logGet(46)) - raft.server.storage.free-space.min = 0MB (=0) (default)
2022-06-01 03:34:12,363 [pool-93-thread-1] INFO  storage.RaftStorageDirectory (RaftStorageDirectoryImpl.java:analyzeStorage(135)) - The storage directory /home/runner/work/ozone/ozone/hadoop-ozone/integration-test/target/test-dir/MiniOzoneClusterImpl-2aa7f405-a4ee-42d9-877d-60ec10202336/datanode-1/data/ratis/0ab293e4-8c26-4253-8b2c-2274c675277c does not exist. Creating ...
2022-06-01 03:34:12,364 [pool-93-thread-1] INFO  storage.RaftStorageDirectory (RaftStorageDirectoryImpl.java:tryLock(230)) - Lock on /home/runner/work/ozone/ozone/hadoop-ozone/integration-test/target/test-dir/MiniOzoneClusterImpl-2aa7f405-a4ee-42d9-877d-60ec10202336/datanode-1/data/ratis/0ab293e4-8c26-4253-8b2c-2274c675277c/in_use.lock acquired by nodename 14781@fv-az151-582
2022-06-01 03:34:12,365 [pool-93-thread-1] INFO  storage.RaftStorage (RaftStorageImpl.java:format(89)) - Storage directory /home/runner/work/ozone/ozone/hadoop-ozone/integration-test/target/test-dir/MiniOzoneClusterImpl-2aa7f405-a4ee-42d9-877d-60ec10202336/datanode-1/data/ratis/0ab293e4-8c26-4253-8b2c-2274c675277c has been successfully formatted.
2022-06-01 03:34:12,367 [pool-93-thread-1] INFO  ratis.ContainerStateMachine (ContainerStateMachine.java:loadSnapshot(236)) - group-2274C675277C: The snapshot info is null. Setting the last applied indexto:(t:0, i:~)
2022-06-01 03:34:12,367 [pool-93-thread-1] INFO  server.RaftServerConfigKeys (ConfUtils.java:logGet(46)) - raft.server.notification.no-leader.timeout = 300s (custom)
2022-06-01 03:34:12,367 [pool-93-thread-1] INFO  server.RaftServerConfigKeys (ConfUtils.java:logGet(46)) - raft.server.log.use.memory = false (default)
2022-06-01 03:34:12,367 [pool-93-thread-1] INFO  server.RaftServerConfigKeys (ConfUtils.java:logGet(46)) - raft.server.log.purge.gap = 1000000 (custom)
2022-06-01 03:34:12,367 [pool-93-thread-1] INFO  server.RaftServerConfigKeys (ConfUtils.java:logGet(46)) - raft.server.log.appender.buffer.byte-limit = 33554432 (custom)
2022-06-01 03:34:12,367 [pool-93-thread-1] INFO  server.RaftServerConfigKeys (ConfUtils.java:logGet(46)) - raft.server.log.statemachine.data.read.timeout = 1000ms (default)
2022-06-01 03:34:12,367 [pool-93-thread-1] INFO  server.RaftServerConfigKeys (ConfUtils.java:logGet(46)) - raft.server.log.segment.size.max = 1048576 (custom)
2022-06-01 03:34:12,368 [pool-93-thread-1] INFO  server.RaftServerConfigKeys (ConfUtils.java:logGet(46)) - raft.server.log.segment.cache.num.max = 2 (custom)
2022-06-01 03:34:12,368 [pool-93-thread-1] INFO  server.RaftServerConfigKeys (ConfUtils.java:logGet(46)) - raft.server.log.segment.cache.size.max = 200MB (=209715200) (default)
2022-06-01 03:34:12,368 [pool-93-thread-1] INFO  segmented.SegmentedRaftLogWorker (SegmentedRaftLogWorker.java:<init>(187)) - new 1fd7fa3e-4528-405a-8afd-745b4b3c0dec@group-2274C675277C-SegmentedRaftLogWorker for RaftStorageImpl:Storage Directory /home/runner/work/ozone/ozone/hadoop-ozone/integration-test/target/test-dir/MiniOzoneClusterImpl-2aa7f405-a4ee-42d9-877d-60ec10202336/datanode-1/data/ratis/0ab293e4-8c26-4253-8b2c-2274c675277c
2022-06-01 03:34:12,368 [pool-93-thread-1] INFO  server.RaftServerConfigKeys (ConfUtils.java:logGet(46)) - raft.server.log.queue.byte-limit = 4294967296 (custom)
2022-06-01 03:34:12,368 [pool-93-thread-1] INFO  server.RaftServerConfigKeys (ConfUtils.java:logGet(46)) - raft.server.log.queue.element-limit = 1024 (custom)
2022-06-01 03:34:12,369 [pool-93-thread-1] INFO  server.RaftServerConfigKeys (ConfUtils.java:logGet(46)) - raft.server.log.segment.size.max = 1048576 (custom)
2022-06-01 03:34:12,369 [pool-93-thread-1] INFO  server.RaftServerConfigKeys (ConfUtils.java:logGet(46)) - raft.server.log.preallocated.size = 16384 (custom)
2022-06-01 03:34:12,369 [pool-93-thread-1] INFO  server.RaftServerConfigKeys (ConfUtils.java:logGet(46)) - raft.server.log.force.sync.num = 128 (default)
2022-06-01 03:34:12,369 [pool-93-thread-1] INFO  server.RaftServerConfigKeys (ConfUtils.java:logGet(46)) - raft.server.log.statemachine.data.sync = true (default)
2022-06-01 03:34:12,369 [pool-93-thread-1] INFO  server.RaftServerConfigKeys (ConfUtils.java:logGet(46)) - raft.server.log.statemachine.data.sync.timeout = 10s (default)
2022-06-01 03:34:12,369 [pool-93-thread-1] INFO  server.RaftServerConfigKeys (ConfUtils.java:logGet(46)) - raft.server.log.statemachine.data.sync.timeout.retry = -1 (default)
2022-06-01 03:34:12,370 [pool-93-thread-1] INFO  server.RaftServerConfigKeys (ConfUtils.java:logGet(46)) - raft.server.log.write.buffer.size = 1048576 (custom)
2022-06-01 03:34:12,371 [pool-93-thread-1] INFO  server.RaftServerConfigKeys (ConfUtils.java:logGet(46)) - raft.server.log.unsafe-flush.enabled = false (default)
2022-06-01 03:34:12,371 [pool-93-thread-1] INFO  server.RaftServerConfigKeys (ConfUtils.java:logGet(46)) - raft.server.log.statemachine.data.caching.enabled = true (custom)
2022-06-01 03:34:12,371 [pool-93-thread-1] INFO  segmented.SegmentedRaftLogWorker (SegmentedRaftLogWorker.java:lambda$new$0(135)) - 1fd7fa3e-4528-405a-8afd-745b4b3c0dec@group-2274C675277C-SegmentedRaftLogWorker: flushIndex: setUnconditionally 0 -> -1
2022-06-01 03:34:12,371 [pool-93-thread-1] INFO  segmented.SegmentedRaftLogWorker (SegmentedRaftLogWorker.java:lambda$new$0(135)) - 1fd7fa3e-4528-405a-8afd-745b4b3c0dec@group-2274C675277C-SegmentedRaftLogWorker: safeCacheEvictIndex: setUnconditionally 0 -> -1
2022-06-01 03:34:12,372 [pool-93-thread-1] INFO  server.RaftServerConfigKeys (ConfUtils.java:logGet(46)) - raft.server.snapshot.auto.trigger.enabled = true (custom)
2022-06-01 03:34:12,372 [pool-93-thread-1] INFO  server.RaftServerConfigKeys (ConfUtils.java:logGet(46)) - raft.server.snapshot.auto.trigger.threshold = 10000 (custom)
2022-06-01 03:34:12,372 [pool-93-thread-1] INFO  server.RaftServerConfigKeys (ConfUtils.java:logGet(46)) - raft.server.snapshot.retention.file.num = 5 (custom)
2022-06-01 03:34:12,372 [pool-93-thread-1] INFO  server.RaftServerConfigKeys (ConfUtils.java:logGet(46)) - raft.server.log.purge.upto.snapshot.index = false (default)
2022-06-01 03:34:12,372 [pool-93-thread-1] INFO  server.RaftServerConfigKeys (ConfUtils.java:logGet(46)) - raft.server.retrycache.expirytime = 600000ms (custom)
2022-06-01 03:34:12,372 [pool-93-thread-1] INFO  server.RaftServerConfigKeys (ConfUtils.java:logGet(46)) - raft.server.retrycache.statistics.expirytime = 100μs (default)
2022-06-01 03:34:12,373 [pool-93-thread-1] INFO  server.RaftServerConfigKeys (ConfUtils.java:logGet(46)) - raft.server.log.appender.install.snapshot.enabled = false (custom)
2022-06-01 03:34:12,373 [pool-93-thread-1] INFO  server.RaftServerConfigKeys (ConfUtils.java:logGet(46)) - raft.server.threadpool.server.cached = true (default)
2022-06-01 03:34:12,373 [pool-93-thread-1] INFO  server.RaftServerConfigKeys (ConfUtils.java:logGet(46)) - raft.server.threadpool.server.size = 0 (default)
2022-06-01 03:34:12,373 [pool-93-thread-1] INFO  server.RaftServerConfigKeys (ConfUtils.java:logGet(46)) - raft.server.threadpool.client.cached = true (default)
2022-06-01 03:34:12,373 [pool-93-thread-1] INFO  server.RaftServerConfigKeys (ConfUtils.java:logGet(46)) - raft.server.threadpool.client.size = 0 (default)
2022-06-01 03:34:12,373 [pool-93-thread-1] INFO  server.RaftServer$Division (RaftServerImpl.java:start(310)) - 1fd7fa3e-4528-405a-8afd-745b4b3c0dec@group-2274C675277C: start as a follower, conf=-1: [0476bece-ff5a-45f4-b395-dd834dd6b6f1|rpc:10.1.0.5:37339|priority:1, 941a19a0-9130-4c85-b299-bf36f83edf62|rpc:10.1.0.5:44487|priority:0, 1fd7fa3e-4528-405a-8afd-745b4b3c0dec|rpc:10.1.0.5:36067|priority:0], old=null
2022-06-01 03:34:12,373 [pool-93-thread-1] INFO  server.RaftServer$Division (RaftServerImpl.java:setRole(299)) - 1fd7fa3e-4528-405a-8afd-745b4b3c0dec@group-2274C675277C: changes role from      null to FOLLOWER at term 0 for startAsFollower
2022-06-01 03:34:12,374 [pool-93-thread-1] INFO  impl.RoleInfo (RoleInfo.java:updateAndGet(139)) - 1fd7fa3e-4528-405a-8afd-745b4b3c0dec: start 1fd7fa3e-4528-405a-8afd-745b4b3c0dec@group-2274C675277C-FollowerState
2022-06-01 03:34:12,374 [pool-93-thread-1] INFO  util.JmxRegister (JmxRegister.java:tryRegister(44)) - Successfully registered JMX Bean with object name Ratis:service=RaftServer,group=group-2274C675277C,id=1fd7fa3e-4528-405a-8afd-745b4b3c0dec
2022-06-01 03:34:12,375 [Command processor thread] INFO  ratis.XceiverServerRatis (XceiverServerRatis.java:addGroup(765)) - Created group PipelineID=0ab293e4-8c26-4253-8b2c-2274c675277c
2022-06-01 03:34:12,383 [EventQueue-OpenPipelineForHealthyPipelineSafeModeRule] INFO  safemode.SCMSafeModeManager (HealthyPipelineSafeModeRule.java:process(124)) - SCM in safe mode. Healthy pipelines reported count is 0, required healthy pipeline reported count is 1
2022-06-01 03:34:12,462 [grpc-default-executor-0] INFO  server.RaftServer (RaftServerProxy.java:addNew(96)) - 0476bece-ff5a-45f4-b395-dd834dd6b6f1: addNew group-2274C675277C:[0476bece-ff5a-45f4-b395-dd834dd6b6f1|rpc:10.1.0.5:37339|dataStream:|priority:1, 941a19a0-9130-4c85-b299-bf36f83edf62|rpc:10.1.0.5:44487|dataStream:|priority:0, 1fd7fa3e-4528-405a-8afd-745b4b3c0dec|rpc:10.1.0.5:36067|dataStream:|priority:0] returns group-2274C675277C:java.util.concurrent.CompletableFuture@510a3779[Not completed]
2022-06-01 03:34:12,471 [pool-115-thread-1] INFO  server.RaftServer$Division (RaftServerImpl.java:<init>(190)) - 0476bece-ff5a-45f4-b395-dd834dd6b6f1: new RaftServerImpl for group-2274C675277C:[0476bece-ff5a-45f4-b395-dd834dd6b6f1|rpc:10.1.0.5:37339|dataStream:|priority:1, 941a19a0-9130-4c85-b299-bf36f83edf62|rpc:10.1.0.5:44487|dataStream:|priority:0, 1fd7fa3e-4528-405a-8afd-745b4b3c0dec|rpc:10.1.0.5:36067|dataStream:|priority:0] with ContainerStateMachine:uninitialized
2022-06-01 03:34:12,471 [pool-115-thread-1] INFO  server.RaftServerConfigKeys (ConfUtils.java:logGet(46)) - raft.server.rpc.timeout.min = 5s (custom)
2022-06-01 03:34:12,471 [pool-115-thread-1] INFO  server.RaftServerConfigKeys (ConfUtils.java:logGet(46)) - raft.server.rpc.timeout.max = 5200ms (custom)
2022-06-01 03:34:12,471 [pool-115-thread-1] INFO  server.RaftServerConfigKeys (ConfUtils.java:logGet(46)) - raft.server.rpc.sleep.time = 25ms (default)
2022-06-01 03:34:12,471 [pool-115-thread-1] INFO  server.RaftServerConfigKeys (ConfUtils.java:logGet(46)) - raft.server.rpc.slowness.timeout = 300s (custom)
2022-06-01 03:34:12,471 [pool-115-thread-1] INFO  server.RaftServerConfigKeys (ConfUtils.java:logGet(46)) - raft.server.leaderelection.leader.step-down.wait-time = 10s (default)
2022-06-01 03:34:12,477 [pool-115-thread-1] INFO  server.RaftServerConfigKeys (ConfUtils.java:logGet(46)) - raft.server.sleep.deviation.threshold = 300ms (default)
2022-06-01 03:34:12,477 [pool-115-thread-1] INFO  server.RaftServer$Division (ServerState.java:<init>(107)) - 0476bece-ff5a-45f4-b395-dd834dd6b6f1@group-2274C675277C: ConfigurationManager, init=-1: [0476bece-ff5a-45f4-b395-dd834dd6b6f1|rpc:10.1.0.5:37339|dataStream:|priority:1, 941a19a0-9130-4c85-b299-bf36f83edf62|rpc:10.1.0.5:44487|dataStream:|priority:0, 1fd7fa3e-4528-405a-8afd-745b4b3c0dec|rpc:10.1.0.5:36067|dataStream:|priority:0], old=null, confs=<EMPTY_MAP>
2022-06-01 03:34:12,477 [pool-115-thread-1] INFO  server.RaftServerConfigKeys (ConfUtils.java:logGet(46)) - raft.server.storage.dir = [/home/runner/work/ozone/ozone/hadoop-ozone/integration-test/target/test-dir/MiniOzoneClusterImpl-2aa7f405-a4ee-42d9-877d-60ec10202336/datanode-2/data/ratis] (custom)
2022-06-01 03:34:12,477 [pool-115-thread-1] INFO  server.RaftServerConfigKeys (ConfUtils.java:logGet(46)) - raft.server.log.corruption.policy = EXCEPTION (default)
2022-06-01 03:34:12,477 [pool-115-thread-1] INFO  server.RaftServerConfigKeys (ConfUtils.java:logGet(46)) - raft.server.storage.free-space.min = 0MB (=0) (default)
2022-06-01 03:34:12,477 [pool-115-thread-1] INFO  storage.RaftStorageDirectory (RaftStorageDirectoryImpl.java:analyzeStorage(135)) - The storage directory /home/runner/work/ozone/ozone/hadoop-ozone/integration-test/target/test-dir/MiniOzoneClusterImpl-2aa7f405-a4ee-42d9-877d-60ec10202336/datanode-2/data/ratis/0ab293e4-8c26-4253-8b2c-2274c675277c does not exist. Creating ...
2022-06-01 03:34:12,478 [pool-115-thread-1] INFO  storage.RaftStorageDirectory (RaftStorageDirectoryImpl.java:tryLock(230)) - Lock on /home/runner/work/ozone/ozone/hadoop-ozone/integration-test/target/test-dir/MiniOzoneClusterImpl-2aa7f405-a4ee-42d9-877d-60ec10202336/datanode-2/data/ratis/0ab293e4-8c26-4253-8b2c-2274c675277c/in_use.lock acquired by nodename 14781@fv-az151-582
2022-06-01 03:34:12,479 [pool-115-thread-1] INFO  storage.RaftStorage (RaftStorageImpl.java:format(89)) - Storage directory /home/runner/work/ozone/ozone/hadoop-ozone/integration-test/target/test-dir/MiniOzoneClusterImpl-2aa7f405-a4ee-42d9-877d-60ec10202336/datanode-2/data/ratis/0ab293e4-8c26-4253-8b2c-2274c675277c has been successfully formatted.
2022-06-01 03:34:12,480 [pool-115-thread-1] INFO  ratis.ContainerStateMachine (ContainerStateMachine.java:loadSnapshot(236)) - group-2274C675277C: The snapshot info is null. Setting the last applied indexto:(t:0, i:~)
2022-06-01 03:34:12,480 [pool-115-thread-1] INFO  server.RaftServerConfigKeys (ConfUtils.java:logGet(46)) - raft.server.notification.no-leader.timeout = 300s (custom)
2022-06-01 03:34:12,480 [pool-115-thread-1] INFO  server.RaftServerConfigKeys (ConfUtils.java:logGet(46)) - raft.server.log.use.memory = false (default)
2022-06-01 03:34:12,480 [pool-115-thread-1] INFO  server.RaftServerConfigKeys (ConfUtils.java:logGet(46)) - raft.server.log.purge.gap = 1000000 (custom)
2022-06-01 03:34:12,480 [pool-115-thread-1] INFO  server.RaftServerConfigKeys (ConfUtils.java:logGet(46)) - raft.server.log.appender.buffer.byte-limit = 33554432 (custom)
2022-06-01 03:34:12,480 [pool-115-thread-1] INFO  server.RaftServerConfigKeys (ConfUtils.java:logGet(46)) - raft.server.log.statemachine.data.read.timeout = 1000ms (default)
2022-06-01 03:34:12,480 [pool-115-thread-1] INFO  server.RaftServerConfigKeys (ConfUtils.java:logGet(46)) - raft.server.log.segment.size.max = 1048576 (custom)
2022-06-01 03:34:12,483 [pool-115-thread-1] INFO  server.RaftServerConfigKeys (ConfUtils.java:logGet(46)) - raft.server.log.segment.cache.num.max = 2 (custom)
2022-06-01 03:34:12,483 [pool-115-thread-1] INFO  server.RaftServerConfigKeys (ConfUtils.java:logGet(46)) - raft.server.log.segment.cache.size.max = 200MB (=209715200) (default)
2022-06-01 03:34:12,483 [pool-115-thread-1] INFO  segmented.SegmentedRaftLogWorker (SegmentedRaftLogWorker.java:<init>(187)) - new 0476bece-ff5a-45f4-b395-dd834dd6b6f1@group-2274C675277C-SegmentedRaftLogWorker for RaftStorageImpl:Storage Directory /home/runner/work/ozone/ozone/hadoop-ozone/integration-test/target/test-dir/MiniOzoneClusterImpl-2aa7f405-a4ee-42d9-877d-60ec10202336/datanode-2/data/ratis/0ab293e4-8c26-4253-8b2c-2274c675277c
2022-06-01 03:34:12,483 [pool-115-thread-1] INFO  server.RaftServerConfigKeys (ConfUtils.java:logGet(46)) - raft.server.log.queue.byte-limit = 4294967296 (custom)
2022-06-01 03:34:12,483 [pool-115-thread-1] INFO  server.RaftServerConfigKeys (ConfUtils.java:logGet(46)) - raft.server.log.queue.element-limit = 1024 (custom)
2022-06-01 03:34:12,483 [pool-115-thread-1] INFO  server.RaftServerConfigKeys (ConfUtils.java:logGet(46)) - raft.server.log.segment.size.max = 1048576 (custom)
2022-06-01 03:34:12,486 [pool-115-thread-1] INFO  server.RaftServerConfigKeys (ConfUtils.java:logGet(46)) - raft.server.log.preallocated.size = 16384 (custom)
2022-06-01 03:34:12,486 [pool-115-thread-1] INFO  server.RaftServerConfigKeys (ConfUtils.java:logGet(46)) - raft.server.log.force.sync.num = 128 (default)
2022-06-01 03:34:12,486 [pool-115-thread-1] INFO  server.RaftServerConfigKeys (ConfUtils.java:logGet(46)) - raft.server.log.statemachine.data.sync = true (default)
2022-06-01 03:34:12,486 [pool-115-thread-1] INFO  server.RaftServerConfigKeys (ConfUtils.java:logGet(46)) - raft.server.log.statemachine.data.sync.timeout = 10s (default)
2022-06-01 03:34:12,486 [pool-115-thread-1] INFO  server.RaftServerConfigKeys (ConfUtils.java:logGet(46)) - raft.server.log.statemachine.data.sync.timeout.retry = -1 (default)
2022-06-01 03:34:12,487 [pool-115-thread-1] INFO  server.RaftServerConfigKeys (ConfUtils.java:logGet(46)) - raft.server.log.write.buffer.size = 1048576 (custom)
2022-06-01 03:34:12,490 [pool-115-thread-1] INFO  server.RaftServerConfigKeys (ConfUtils.java:logGet(46)) - raft.server.log.unsafe-flush.enabled = false (default)
2022-06-01 03:34:12,490 [pool-115-thread-1] INFO  server.RaftServerConfigKeys (ConfUtils.java:logGet(46)) - raft.server.log.statemachine.data.caching.enabled = true (custom)
2022-06-01 03:34:12,490 [pool-115-thread-1] INFO  segmented.SegmentedRaftLogWorker (SegmentedRaftLogWorker.java:lambda$new$0(135)) - 0476bece-ff5a-45f4-b395-dd834dd6b6f1@group-2274C675277C-SegmentedRaftLogWorker: flushIndex: setUnconditionally 0 -> -1
2022-06-01 03:34:12,490 [pool-115-thread-1] INFO  segmented.SegmentedRaftLogWorker (SegmentedRaftLogWorker.java:lambda$new$0(135)) - 0476bece-ff5a-45f4-b395-dd834dd6b6f1@group-2274C675277C-SegmentedRaftLogWorker: safeCacheEvictIndex: setUnconditionally 0 -> -1
2022-06-01 03:34:12,499 [pool-115-thread-1] INFO  server.RaftServerConfigKeys (ConfUtils.java:logGet(46)) - raft.server.snapshot.auto.trigger.enabled = true (custom)
2022-06-01 03:34:12,499 [pool-115-thread-1] INFO  server.RaftServerConfigKeys (ConfUtils.java:logGet(46)) - raft.server.snapshot.auto.trigger.threshold = 10000 (custom)
2022-06-01 03:34:12,500 [pool-115-thread-1] INFO  server.RaftServerConfigKeys (ConfUtils.java:logGet(46)) - raft.server.snapshot.retention.file.num = 5 (custom)
2022-06-01 03:34:12,500 [pool-115-thread-1] INFO  server.RaftServerConfigKeys (ConfUtils.java:logGet(46)) - raft.server.log.purge.upto.snapshot.index = false (default)
2022-06-01 03:34:12,500 [pool-115-thread-1] INFO  server.RaftServerConfigKeys (ConfUtils.java:logGet(46)) - raft.server.retrycache.expirytime = 600000ms (custom)
2022-06-01 03:34:12,500 [pool-115-thread-1] INFO  server.RaftServerConfigKeys (ConfUtils.java:logGet(46)) - raft.server.retrycache.statistics.expirytime = 100μs (default)
2022-06-01 03:34:12,501 [pool-115-thread-1] INFO  server.RaftServerConfigKeys (ConfUtils.java:logGet(46)) - raft.server.log.appender.install.snapshot.enabled = false (custom)
2022-06-01 03:34:12,501 [pool-115-thread-1] INFO  server.RaftServerConfigKeys (ConfUtils.java:logGet(46)) - raft.server.threadpool.server.cached = true (default)
2022-06-01 03:34:12,501 [pool-115-thread-1] INFO  server.RaftServerConfigKeys (ConfUtils.java:logGet(46)) - raft.server.threadpool.server.size = 0 (default)
2022-06-01 03:34:12,501 [pool-115-thread-1] INFO  server.RaftServerConfigKeys (ConfUtils.java:logGet(46)) - raft.server.threadpool.client.cached = true (default)
2022-06-01 03:34:12,501 [pool-115-thread-1] INFO  server.RaftServerConfigKeys (ConfUtils.java:logGet(46)) - raft.server.threadpool.client.size = 0 (default)
2022-06-01 03:34:12,501 [pool-115-thread-1] INFO  server.RaftServer$Division (RaftServerImpl.java:start(310)) - 0476bece-ff5a-45f4-b395-dd834dd6b6f1@group-2274C675277C: start as a follower, conf=-1: [0476bece-ff5a-45f4-b395-dd834dd6b6f1|rpc:10.1.0.5:37339|dataStream:|priority:1, 941a19a0-9130-4c85-b299-bf36f83edf62|rpc:10.1.0.5:44487|dataStream:|priority:0, 1fd7fa3e-4528-405a-8afd-745b4b3c0dec|rpc:10.1.0.5:36067|dataStream:|priority:0], old=null
2022-06-01 03:34:12,501 [pool-115-thread-1] INFO  server.RaftServer$Division (RaftServerImpl.java:setRole(299)) - 0476bece-ff5a-45f4-b395-dd834dd6b6f1@group-2274C675277C: changes role from      null to FOLLOWER at term 0 for startAsFollower
2022-06-01 03:34:12,501 [pool-115-thread-1] INFO  impl.RoleInfo (RoleInfo.java:updateAndGet(139)) - 0476bece-ff5a-45f4-b395-dd834dd6b6f1: start 0476bece-ff5a-45f4-b395-dd834dd6b6f1@group-2274C675277C-FollowerState
2022-06-01 03:34:12,508 [pool-115-thread-1] INFO  util.JmxRegister (JmxRegister.java:tryRegister(44)) - Successfully registered JMX Bean with object name Ratis:service=RaftServer,group=group-2274C675277C,id=0476bece-ff5a-45f4-b395-dd834dd6b6f1
2022-06-01 03:34:12,597 [Command processor thread] INFO  commandhandler.CreatePipelineCommandHandler (CreatePipelineCommandHandler.java:handle(113)) - Created Pipeline RATIS THREE PipelineID=0ab293e4-8c26-4253-8b2c-2274c675277c.
2022-06-01 03:34:12,597 [Command processor thread] INFO  server.RaftServer (RaftServerProxy.java:addNew(96)) - 1fd7fa3e-4528-405a-8afd-745b4b3c0dec: addNew group-930FE89306BD:[0476bece-ff5a-45f4-b395-dd834dd6b6f1|rpc:10.1.0.5:37339|priority:0, 941a19a0-9130-4c85-b299-bf36f83edf62|rpc:10.1.0.5:44487|priority:1, 1fd7fa3e-4528-405a-8afd-745b4b3c0dec|rpc:10.1.0.5:36067|priority:0] returns group-930FE89306BD:java.util.concurrent.CompletableFuture@140485a6[Not completed]
2022-06-01 03:34:12,598 [pool-93-thread-1] INFO  server.RaftServer$Division (RaftServerImpl.java:<init>(190)) - 1fd7fa3e-4528-405a-8afd-745b4b3c0dec: new RaftServerImpl for group-930FE89306BD:[0476bece-ff5a-45f4-b395-dd834dd6b6f1|rpc:10.1.0.5:37339|priority:0, 941a19a0-9130-4c85-b299-bf36f83edf62|rpc:10.1.0.5:44487|priority:1, 1fd7fa3e-4528-405a-8afd-745b4b3c0dec|rpc:10.1.0.5:36067|priority:0] with ContainerStateMachine:uninitialized
2022-06-01 03:34:12,598 [pool-93-thread-1] INFO  server.RaftServerConfigKeys (ConfUtils.java:logGet(46)) - raft.server.rpc.timeout.min = 5s (custom)
2022-06-01 03:34:12,598 [pool-93-thread-1] INFO  server.RaftServerConfigKeys (ConfUtils.java:logGet(46)) - raft.server.rpc.timeout.max = 5200ms (custom)
2022-06-01 03:34:12,599 [pool-93-thread-1] INFO  server.RaftServerConfigKeys (ConfUtils.java:logGet(46)) - raft.server.rpc.sleep.time = 25ms (default)
2022-06-01 03:34:12,599 [pool-93-thread-1] INFO  server.RaftServerConfigKeys (ConfUtils.java:logGet(46)) - raft.server.rpc.slowness.timeout = 300s (custom)
2022-06-01 03:34:12,599 [pool-93-thread-1] INFO  server.RaftServerConfigKeys (ConfUtils.java:logGet(46)) - raft.server.leaderelection.leader.step-down.wait-time = 10s (default)
2022-06-01 03:34:12,599 [pool-93-thread-1] INFO  server.RaftServerConfigKeys (ConfUtils.java:logGet(46)) - raft.server.sleep.deviation.threshold = 300ms (default)
2022-06-01 03:34:12,599 [pool-93-thread-1] INFO  server.RaftServer$Division (ServerState.java:<init>(107)) - 1fd7fa3e-4528-405a-8afd-745b4b3c0dec@group-930FE89306BD: ConfigurationManager, init=-1: [0476bece-ff5a-45f4-b395-dd834dd6b6f1|rpc:10.1.0.5:37339|priority:0, 941a19a0-9130-4c85-b299-bf36f83edf62|rpc:10.1.0.5:44487|priority:1, 1fd7fa3e-4528-405a-8afd-745b4b3c0dec|rpc:10.1.0.5:36067|priority:0], old=null, confs=<EMPTY_MAP>
2022-06-01 03:34:12,599 [pool-93-thread-1] INFO  server.RaftServerConfigKeys (ConfUtils.java:logGet(46)) - raft.server.storage.dir = [/home/runner/work/ozone/ozone/hadoop-ozone/integration-test/target/test-dir/MiniOzoneClusterImpl-2aa7f405-a4ee-42d9-877d-60ec10202336/datanode-1/data/ratis] (custom)
2022-06-01 03:34:12,599 [pool-93-thread-1] INFO  server.RaftServerConfigKeys (ConfUtils.java:logGet(46)) - raft.server.log.corruption.policy = EXCEPTION (default)
2022-06-01 03:34:12,599 [pool-93-thread-1] INFO  server.RaftServerConfigKeys (ConfUtils.java:logGet(46)) - raft.server.storage.free-space.min = 0MB (=0) (default)
2022-06-01 03:34:12,599 [pool-93-thread-1] INFO  storage.RaftStorageDirectory (RaftStorageDirectoryImpl.java:analyzeStorage(135)) - The storage directory /home/runner/work/ozone/ozone/hadoop-ozone/integration-test/target/test-dir/MiniOzoneClusterImpl-2aa7f405-a4ee-42d9-877d-60ec10202336/datanode-1/data/ratis/5d8012ff-55bf-4daa-9060-930fe89306bd does not exist. Creating ...
2022-06-01 03:34:12,601 [pool-93-thread-1] INFO  storage.RaftStorageDirectory (RaftStorageDirectoryImpl.java:tryLock(230)) - Lock on /home/runner/work/ozone/ozone/hadoop-ozone/integration-test/target/test-dir/MiniOzoneClusterImpl-2aa7f405-a4ee-42d9-877d-60ec10202336/datanode-1/data/ratis/5d8012ff-55bf-4daa-9060-930fe89306bd/in_use.lock acquired by nodename 14781@fv-az151-582
2022-06-01 03:34:12,603 [pool-93-thread-1] INFO  storage.RaftStorage (RaftStorageImpl.java:format(89)) - Storage directory /home/runner/work/ozone/ozone/hadoop-ozone/integration-test/target/test-dir/MiniOzoneClusterImpl-2aa7f405-a4ee-42d9-877d-60ec10202336/datanode-1/data/ratis/5d8012ff-55bf-4daa-9060-930fe89306bd has been successfully formatted.
2022-06-01 03:34:12,604 [pool-93-thread-1] INFO  ratis.ContainerStateMachine (ContainerStateMachine.java:loadSnapshot(236)) - group-930FE89306BD: The snapshot info is null. Setting the last applied indexto:(t:0, i:~)
2022-06-01 03:34:12,604 [pool-93-thread-1] INFO  server.RaftServerConfigKeys (ConfUtils.java:logGet(46)) - raft.server.notification.no-leader.timeout = 300s (custom)
2022-06-01 03:34:12,609 [pool-93-thread-1] INFO  server.RaftServerConfigKeys (ConfUtils.java:logGet(46)) - raft.server.log.use.memory = false (default)
2022-06-01 03:34:12,603 [Command processor thread] INFO  commandhandler.CreatePipelineCommandHandler (CreatePipelineCommandHandler.java:handle(113)) - Created Pipeline RATIS THREE PipelineID=0ab293e4-8c26-4253-8b2c-2274c675277c.
2022-06-01 03:34:12,609 [pool-93-thread-1] INFO  server.RaftServerConfigKeys (ConfUtils.java:logGet(46)) - raft.server.log.purge.gap = 1000000 (custom)
2022-06-01 03:34:12,609 [pool-93-thread-1] INFO  server.RaftServerConfigKeys (ConfUtils.java:logGet(46)) - raft.server.log.appender.buffer.byte-limit = 33554432 (custom)
2022-06-01 03:34:12,609 [pool-93-thread-1] INFO  server.RaftServerConfigKeys (ConfUtils.java:logGet(46)) - raft.server.log.statemachine.data.read.timeout = 1000ms (default)
2022-06-01 03:34:12,609 [Command processor thread] INFO  server.RaftServer (RaftServerProxy.java:addNew(96)) - 941a19a0-9130-4c85-b299-bf36f83edf62: addNew group-930FE89306BD:[0476bece-ff5a-45f4-b395-dd834dd6b6f1|rpc:10.1.0.5:37339|priority:0, 941a19a0-9130-4c85-b299-bf36f83edf62|rpc:10.1.0.5:44487|priority:1, 1fd7fa3e-4528-405a-8afd-745b4b3c0dec|rpc:10.1.0.5:36067|priority:0] returns group-930FE89306BD:java.util.concurrent.CompletableFuture@16311648[Not completed]
2022-06-01 03:34:12,609 [pool-93-thread-1] INFO  server.RaftServerConfigKeys (ConfUtils.java:logGet(46)) - raft.server.log.segment.size.max = 1048576 (custom)
2022-06-01 03:34:12,610 [pool-93-thread-1] INFO  server.RaftServerConfigKeys (ConfUtils.java:logGet(46)) - raft.server.log.segment.cache.num.max = 2 (custom)
2022-06-01 03:34:12,610 [pool-93-thread-1] INFO  server.RaftServerConfigKeys (ConfUtils.java:logGet(46)) - raft.server.log.segment.cache.size.max = 200MB (=209715200) (default)
2022-06-01 03:34:12,610 [pool-93-thread-1] INFO  segmented.SegmentedRaftLogWorker (SegmentedRaftLogWorker.java:<init>(187)) - new 1fd7fa3e-4528-405a-8afd-745b4b3c0dec@group-930FE89306BD-SegmentedRaftLogWorker for RaftStorageImpl:Storage Directory /home/runner/work/ozone/ozone/hadoop-ozone/integration-test/target/test-dir/MiniOzoneClusterImpl-2aa7f405-a4ee-42d9-877d-60ec10202336/datanode-1/data/ratis/5d8012ff-55bf-4daa-9060-930fe89306bd
2022-06-01 03:34:12,610 [pool-93-thread-1] INFO  server.RaftServerConfigKeys (ConfUtils.java:logGet(46)) - raft.server.log.queue.byte-limit = 4294967296 (custom)
2022-06-01 03:34:12,610 [pool-93-thread-1] INFO  server.RaftServerConfigKeys (ConfUtils.java:logGet(46)) - raft.server.log.queue.element-limit = 1024 (custom)
2022-06-01 03:34:12,610 [pool-93-thread-1] INFO  server.RaftServerConfigKeys (ConfUtils.java:logGet(46)) - raft.server.log.segment.size.max = 1048576 (custom)
2022-06-01 03:34:12,610 [pool-93-thread-1] INFO  server.RaftServerConfigKeys (ConfUtils.java:logGet(46)) - raft.server.log.preallocated.size = 16384 (custom)
2022-06-01 03:34:12,610 [pool-93-thread-1] INFO  server.RaftServerConfigKeys (ConfUtils.java:logGet(46)) - raft.server.log.force.sync.num = 128 (default)
2022-06-01 03:34:12,610 [pool-93-thread-1] INFO  server.RaftServerConfigKeys (ConfUtils.java:logGet(46)) - raft.server.log.statemachine.data.sync = true (default)
2022-06-01 03:34:12,610 [pool-93-thread-1] INFO  server.RaftServerConfigKeys (ConfUtils.java:logGet(46)) - raft.server.log.statemachine.data.sync.timeout = 10s (default)
2022-06-01 03:34:12,610 [pool-93-thread-1] INFO  server.RaftServerConfigKeys (ConfUtils.java:logGet(46)) - raft.server.log.statemachine.data.sync.timeout.retry = -1 (default)
2022-06-01 03:34:12,611 [pool-71-thread-1] INFO  server.RaftServer$Division (RaftServerImpl.java:<init>(190)) - 941a19a0-9130-4c85-b299-bf36f83edf62: new RaftServerImpl for group-930FE89306BD:[0476bece-ff5a-45f4-b395-dd834dd6b6f1|rpc:10.1.0.5:37339|priority:0, 941a19a0-9130-4c85-b299-bf36f83edf62|rpc:10.1.0.5:44487|priority:1, 1fd7fa3e-4528-405a-8afd-745b4b3c0dec|rpc:10.1.0.5:36067|priority:0] with ContainerStateMachine:uninitialized
2022-06-01 03:34:12,611 [pool-71-thread-1] INFO  server.RaftServerConfigKeys (ConfUtils.java:logGet(46)) - raft.server.rpc.timeout.min = 5s (custom)
2022-06-01 03:34:12,611 [pool-71-thread-1] INFO  server.RaftServerConfigKeys (ConfUtils.java:logGet(46)) - raft.server.rpc.timeout.max = 5200ms (custom)
2022-06-01 03:34:12,611 [pool-71-thread-1] INFO  server.RaftServerConfigKeys (ConfUtils.java:logGet(46)) - raft.server.rpc.sleep.time = 25ms (default)
2022-06-01 03:34:12,611 [pool-71-thread-1] INFO  server.RaftServerConfigKeys (ConfUtils.java:logGet(46)) - raft.server.rpc.slowness.timeout = 300s (custom)
2022-06-01 03:34:12,611 [pool-71-thread-1] INFO  server.RaftServerConfigKeys (ConfUtils.java:logGet(46)) - raft.server.leaderelection.leader.step-down.wait-time = 10s (default)
2022-06-01 03:34:12,611 [pool-71-thread-1] INFO  server.RaftServerConfigKeys (ConfUtils.java:logGet(46)) - raft.server.sleep.deviation.threshold = 300ms (default)
2022-06-01 03:34:12,611 [pool-93-thread-1] INFO  server.RaftServerConfigKeys (ConfUtils.java:logGet(46)) - raft.server.log.write.buffer.size = 1048576 (custom)
2022-06-01 03:34:12,613 [pool-71-thread-1] INFO  server.RaftServer$Division (ServerState.java:<init>(107)) - 941a19a0-9130-4c85-b299-bf36f83edf62@group-930FE89306BD: ConfigurationManager, init=-1: [0476bece-ff5a-45f4-b395-dd834dd6b6f1|rpc:10.1.0.5:37339|priority:0, 941a19a0-9130-4c85-b299-bf36f83edf62|rpc:10.1.0.5:44487|priority:1, 1fd7fa3e-4528-405a-8afd-745b4b3c0dec|rpc:10.1.0.5:36067|priority:0], old=null, confs=<EMPTY_MAP>
2022-06-01 03:34:12,613 [pool-71-thread-1] INFO  server.RaftServerConfigKeys (ConfUtils.java:logGet(46)) - raft.server.storage.dir = [/home/runner/work/ozone/ozone/hadoop-ozone/integration-test/target/test-dir/MiniOzoneClusterImpl-2aa7f405-a4ee-42d9-877d-60ec10202336/datanode-0/data/ratis] (custom)
2022-06-01 03:34:12,614 [pool-71-thread-1] INFO  server.RaftServerConfigKeys (ConfUtils.java:logGet(46)) - raft.server.log.corruption.policy = EXCEPTION (default)
2022-06-01 03:34:12,614 [pool-71-thread-1] INFO  server.RaftServerConfigKeys (ConfUtils.java:logGet(46)) - raft.server.storage.free-space.min = 0MB (=0) (default)
2022-06-01 03:34:12,614 [pool-71-thread-1] INFO  storage.RaftStorageDirectory (RaftStorageDirectoryImpl.java:analyzeStorage(135)) - The storage directory /home/runner/work/ozone/ozone/hadoop-ozone/integration-test/target/test-dir/MiniOzoneClusterImpl-2aa7f405-a4ee-42d9-877d-60ec10202336/datanode-0/data/ratis/5d8012ff-55bf-4daa-9060-930fe89306bd does not exist. Creating ...
2022-06-01 03:34:12,613 [EventQueue-OpenPipelineForHealthyPipelineSafeModeRule] INFO  safemode.SCMSafeModeManager (HealthyPipelineSafeModeRule.java:process(124)) - SCM in safe mode. Healthy pipelines reported count is 0, required healthy pipeline reported count is 1
2022-06-01 03:34:12,615 [pool-71-thread-1] INFO  storage.RaftStorageDirectory (RaftStorageDirectoryImpl.java:tryLock(230)) - Lock on /home/runner/work/ozone/ozone/hadoop-ozone/integration-test/target/test-dir/MiniOzoneClusterImpl-2aa7f405-a4ee-42d9-877d-60ec10202336/datanode-0/data/ratis/5d8012ff-55bf-4daa-9060-930fe89306bd/in_use.lock acquired by nodename 14781@fv-az151-582
2022-06-01 03:34:12,615 [pool-93-thread-1] INFO  server.RaftServerConfigKeys (ConfUtils.java:logGet(46)) - raft.server.log.unsafe-flush.enabled = false (default)
2022-06-01 03:34:12,615 [pool-93-thread-1] INFO  server.RaftServerConfigKeys (ConfUtils.java:logGet(46)) - raft.server.log.statemachine.data.caching.enabled = true (custom)
2022-06-01 03:34:12,615 [pool-93-thread-1] INFO  segmented.SegmentedRaftLogWorker (SegmentedRaftLogWorker.java:lambda$new$0(135)) - 1fd7fa3e-4528-405a-8afd-745b4b3c0dec@group-930FE89306BD-SegmentedRaftLogWorker: flushIndex: setUnconditionally 0 -> -1
2022-06-01 03:34:12,615 [pool-93-thread-1] INFO  segmented.SegmentedRaftLogWorker (SegmentedRaftLogWorker.java:lambda$new$0(135)) - 1fd7fa3e-4528-405a-8afd-745b4b3c0dec@group-930FE89306BD-SegmentedRaftLogWorker: safeCacheEvictIndex: setUnconditionally 0 -> -1
2022-06-01 03:34:12,616 [pool-71-thread-1] INFO  storage.RaftStorage (RaftStorageImpl.java:format(89)) - Storage directory /home/runner/work/ozone/ozone/hadoop-ozone/integration-test/target/test-dir/MiniOzoneClusterImpl-2aa7f405-a4ee-42d9-877d-60ec10202336/datanode-0/data/ratis/5d8012ff-55bf-4daa-9060-930fe89306bd has been successfully formatted.
2022-06-01 03:34:12,620 [pool-71-thread-1] INFO  ratis.ContainerStateMachine (ContainerStateMachine.java:loadSnapshot(236)) - group-930FE89306BD: The snapshot info is null. Setting the last applied indexto:(t:0, i:~)
2022-06-01 03:34:12,620 [pool-93-thread-1] INFO  server.RaftServerConfigKeys (ConfUtils.java:logGet(46)) - raft.server.snapshot.auto.trigger.enabled = true (custom)
2022-06-01 03:34:12,620 [pool-93-thread-1] INFO  server.RaftServerConfigKeys (ConfUtils.java:logGet(46)) - raft.server.snapshot.auto.trigger.threshold = 10000 (custom)
2022-06-01 03:34:12,620 [pool-93-thread-1] INFO  server.RaftServerConfigKeys (ConfUtils.java:logGet(46)) - raft.server.snapshot.retention.file.num = 5 (custom)
2022-06-01 03:34:12,621 [pool-93-thread-1] INFO  server.RaftServerConfigKeys (ConfUtils.java:logGet(46)) - raft.server.log.purge.upto.snapshot.index = false (default)
2022-06-01 03:34:12,621 [pool-93-thread-1] INFO  server.RaftServerConfigKeys (ConfUtils.java:logGet(46)) - raft.server.retrycache.expirytime = 600000ms (custom)
2022-06-01 03:34:12,621 [pool-93-thread-1] INFO  server.RaftServerConfigKeys (ConfUtils.java:logGet(46)) - raft.server.retrycache.statistics.expirytime = 100μs (default)
2022-06-01 03:34:12,628 [pool-71-thread-1] INFO  server.RaftServerConfigKeys (ConfUtils.java:logGet(46)) - raft.server.notification.no-leader.timeout = 300s (custom)
2022-06-01 03:34:12,628 [pool-71-thread-1] INFO  server.RaftServerConfigKeys (ConfUtils.java:logGet(46)) - raft.server.log.use.memory = false (default)
2022-06-01 03:34:12,628 [pool-71-thread-1] INFO  server.RaftServerConfigKeys (ConfUtils.java:logGet(46)) - raft.server.log.purge.gap = 1000000 (custom)
2022-06-01 03:34:12,628 [pool-71-thread-1] INFO  server.RaftServerConfigKeys (ConfUtils.java:logGet(46)) - raft.server.log.appender.buffer.byte-limit = 33554432 (custom)
2022-06-01 03:34:12,628 [pool-71-thread-1] INFO  server.RaftServerConfigKeys (ConfUtils.java:logGet(46)) - raft.server.log.statemachine.data.read.timeout = 1000ms (default)
2022-06-01 03:34:12,628 [pool-71-thread-1] INFO  server.RaftServerConfigKeys (ConfUtils.java:logGet(46)) - raft.server.log.segment.size.max = 1048576 (custom)
2022-06-01 03:34:12,628 [pool-71-thread-1] INFO  server.RaftServerConfigKeys (ConfUtils.java:logGet(46)) - raft.server.log.segment.cache.num.max = 2 (custom)
2022-06-01 03:34:12,628 [pool-71-thread-1] INFO  server.RaftServerConfigKeys (ConfUtils.java:logGet(46)) - raft.server.log.segment.cache.size.max = 200MB (=209715200) (default)
2022-06-01 03:34:12,628 [pool-71-thread-1] INFO  segmented.SegmentedRaftLogWorker (SegmentedRaftLogWorker.java:<init>(187)) - new 941a19a0-9130-4c85-b299-bf36f83edf62@group-930FE89306BD-SegmentedRaftLogWorker for RaftStorageImpl:Storage Directory /home/runner/work/ozone/ozone/hadoop-ozone/integration-test/target/test-dir/MiniOzoneClusterImpl-2aa7f405-a4ee-42d9-877d-60ec10202336/datanode-0/data/ratis/5d8012ff-55bf-4daa-9060-930fe89306bd
2022-06-01 03:34:12,628 [pool-71-thread-1] INFO  server.RaftServerConfigKeys (ConfUtils.java:logGet(46)) - raft.server.log.queue.byte-limit = 4294967296 (custom)
2022-06-01 03:34:12,629 [pool-71-thread-1] INFO  server.RaftServerConfigKeys (ConfUtils.java:logGet(46)) - raft.server.log.queue.element-limit = 1024 (custom)
2022-06-01 03:34:12,629 [pool-71-thread-1] INFO  server.RaftServerConfigKeys (ConfUtils.java:logGet(46)) - raft.server.log.segment.size.max = 1048576 (custom)
2022-06-01 03:34:12,629 [pool-71-thread-1] INFO  server.RaftServerConfigKeys (ConfUtils.java:logGet(46)) - raft.server.log.preallocated.size = 16384 (custom)
2022-06-01 03:34:12,629 [pool-71-thread-1] INFO  server.RaftServerConfigKeys (ConfUtils.java:logGet(46)) - raft.server.log.force.sync.num = 128 (default)
2022-06-01 03:34:12,629 [pool-71-thread-1] INFO  server.RaftServerConfigKeys (ConfUtils.java:logGet(46)) - raft.server.log.statemachine.data.sync = true (default)
2022-06-01 03:34:12,629 [pool-71-thread-1] INFO  server.RaftServerConfigKeys (ConfUtils.java:logGet(46)) - raft.server.log.statemachine.data.sync.timeout = 10s (default)
2022-06-01 03:34:12,629 [pool-71-thread-1] INFO  server.RaftServerConfigKeys (ConfUtils.java:logGet(46)) - raft.server.log.statemachine.data.sync.timeout.retry = -1 (default)
2022-06-01 03:34:12,630 [pool-71-thread-1] INFO  server.RaftServerConfigKeys (ConfUtils.java:logGet(46)) - raft.server.log.write.buffer.size = 1048576 (custom)
2022-06-01 03:34:12,630 [pool-71-thread-1] INFO  server.RaftServerConfigKeys (ConfUtils.java:logGet(46)) - raft.server.log.unsafe-flush.enabled = false (default)
2022-06-01 03:34:12,630 [pool-71-thread-1] INFO  server.RaftServerConfigKeys (ConfUtils.java:logGet(46)) - raft.server.log.statemachine.data.caching.enabled = true (custom)
2022-06-01 03:34:12,630 [pool-71-thread-1] INFO  segmented.SegmentedRaftLogWorker (SegmentedRaftLogWorker.java:lambda$new$0(135)) - 941a19a0-9130-4c85-b299-bf36f83edf62@group-930FE89306BD-SegmentedRaftLogWorker: flushIndex: setUnconditionally 0 -> -1
2022-06-01 03:34:12,631 [pool-71-thread-1] INFO  segmented.SegmentedRaftLogWorker (SegmentedRaftLogWorker.java:lambda$new$0(135)) - 941a19a0-9130-4c85-b299-bf36f83edf62@group-930FE89306BD-SegmentedRaftLogWorker: safeCacheEvictIndex: setUnconditionally 0 -> -1
2022-06-01 03:34:12,631 [pool-71-thread-1] INFO  server.RaftServerConfigKeys (ConfUtils.java:logGet(46)) - raft.server.snapshot.auto.trigger.enabled = true (custom)
2022-06-01 03:34:12,631 [pool-71-thread-1] INFO  server.RaftServerConfigKeys (ConfUtils.java:logGet(46)) - raft.server.snapshot.auto.trigger.threshold = 10000 (custom)
2022-06-01 03:34:12,631 [pool-71-thread-1] INFO  server.RaftServerConfigKeys (ConfUtils.java:logGet(46)) - raft.server.snapshot.retention.file.num = 5 (custom)
2022-06-01 03:34:12,631 [pool-71-thread-1] INFO  server.RaftServerConfigKeys (ConfUtils.java:logGet(46)) - raft.server.log.purge.upto.snapshot.index = false (default)
2022-06-01 03:34:12,631 [pool-71-thread-1] INFO  server.RaftServerConfigKeys (ConfUtils.java:logGet(46)) - raft.server.retrycache.expirytime = 600000ms (custom)
2022-06-01 03:34:12,631 [pool-71-thread-1] INFO  server.RaftServerConfigKeys (ConfUtils.java:logGet(46)) - raft.server.retrycache.statistics.expirytime = 100μs (default)
2022-06-01 03:34:12,633 [pool-71-thread-1] INFO  server.RaftServerConfigKeys (ConfUtils.java:logGet(46)) - raft.server.log.appender.install.snapshot.enabled = false (custom)
2022-06-01 03:34:12,633 [pool-71-thread-1] INFO  server.RaftServerConfigKeys (ConfUtils.java:logGet(46)) - raft.server.threadpool.server.cached = true (default)
2022-06-01 03:34:12,633 [pool-71-thread-1] INFO  server.RaftServerConfigKeys (ConfUtils.java:logGet(46)) - raft.server.threadpool.server.size = 0 (default)
2022-06-01 03:34:12,634 [pool-71-thread-1] INFO  server.RaftServerConfigKeys (ConfUtils.java:logGet(46)) - raft.server.threadpool.client.cached = true (default)
2022-06-01 03:34:12,634 [pool-71-thread-1] INFO  server.RaftServerConfigKeys (ConfUtils.java:logGet(46)) - raft.server.threadpool.client.size = 0 (default)
2022-06-01 03:34:12,634 [pool-71-thread-1] INFO  server.RaftServer$Division (RaftServerImpl.java:start(310)) - 941a19a0-9130-4c85-b299-bf36f83edf62@group-930FE89306BD: start as a follower, conf=-1: [0476bece-ff5a-45f4-b395-dd834dd6b6f1|rpc:10.1.0.5:37339|priority:0, 941a19a0-9130-4c85-b299-bf36f83edf62|rpc:10.1.0.5:44487|priority:1, 1fd7fa3e-4528-405a-8afd-745b4b3c0dec|rpc:10.1.0.5:36067|priority:0], old=null
2022-06-01 03:34:12,634 [pool-71-thread-1] INFO  server.RaftServer$Division (RaftServerImpl.java:setRole(299)) - 941a19a0-9130-4c85-b299-bf36f83edf62@group-930FE89306BD: changes role from      null to FOLLOWER at term 0 for startAsFollower
2022-06-01 03:34:12,634 [pool-71-thread-1] INFO  impl.RoleInfo (RoleInfo.java:updateAndGet(139)) - 941a19a0-9130-4c85-b299-bf36f83edf62: start 941a19a0-9130-4c85-b299-bf36f83edf62@group-930FE89306BD-FollowerState
2022-06-01 03:34:12,632 [pool-93-thread-1] INFO  server.RaftServerConfigKeys (ConfUtils.java:logGet(46)) - raft.server.log.appender.install.snapshot.enabled = false (custom)
2022-06-01 03:34:12,631 [EventQueue-OpenPipelineForHealthyPipelineSafeModeRule] INFO  safemode.SCMSafeModeManager (HealthyPipelineSafeModeRule.java:process(124)) - SCM in safe mode. Healthy pipelines reported count is 0, required healthy pipeline reported count is 1
2022-06-01 03:34:12,634 [pool-93-thread-1] INFO  server.RaftServerConfigKeys (ConfUtils.java:logGet(46)) - raft.server.threadpool.server.cached = true (default)
2022-06-01 03:34:12,634 [pool-93-thread-1] INFO  server.RaftServerConfigKeys (ConfUtils.java:logGet(46)) - raft.server.threadpool.server.size = 0 (default)
2022-06-01 03:34:12,634 [pool-93-thread-1] INFO  server.RaftServerConfigKeys (ConfUtils.java:logGet(46)) - raft.server.threadpool.client.cached = true (default)
2022-06-01 03:34:12,634 [pool-93-thread-1] INFO  server.RaftServerConfigKeys (ConfUtils.java:logGet(46)) - raft.server.threadpool.client.size = 0 (default)
2022-06-01 03:34:12,634 [pool-93-thread-1] INFO  server.RaftServer$Division (RaftServerImpl.java:start(310)) - 1fd7fa3e-4528-405a-8afd-745b4b3c0dec@group-930FE89306BD: start as a follower, conf=-1: [0476bece-ff5a-45f4-b395-dd834dd6b6f1|rpc:10.1.0.5:37339|priority:0, 941a19a0-9130-4c85-b299-bf36f83edf62|rpc:10.1.0.5:44487|priority:1, 1fd7fa3e-4528-405a-8afd-745b4b3c0dec|rpc:10.1.0.5:36067|priority:0], old=null
2022-06-01 03:34:12,634 [pool-93-thread-1] INFO  server.RaftServer$Division (RaftServerImpl.java:setRole(299)) - 1fd7fa3e-4528-405a-8afd-745b4b3c0dec@group-930FE89306BD: changes role from      null to FOLLOWER at term 0 for startAsFollower
2022-06-01 03:34:12,640 [pool-71-thread-1] INFO  util.JmxRegister (JmxRegister.java:tryRegister(44)) - Successfully registered JMX Bean with object name Ratis:service=RaftServer,group=group-930FE89306BD,id=941a19a0-9130-4c85-b299-bf36f83edf62
2022-06-01 03:34:12,640 [Listener at 127.0.0.1/38045] INFO  ozone.MiniOzoneClusterImpl (MiniOzoneClusterImpl.java:lambda$waitForClusterToBeReady$0(221)) - Nodes are ready. Got 3 of 3 DN Heartbeats.
2022-06-01 03:34:12,640 [Listener at 127.0.0.1/38045] INFO  ozone.MiniOzoneClusterImpl (MiniOzoneClusterImpl.java:lambda$waitForClusterToBeReady$0(224)) - Waiting for cluster to exit safe mode
2022-06-01 03:34:12,640 [Listener at 127.0.0.1/38045] INFO  ozone.MiniOzoneClusterImpl (MiniOzoneClusterImpl.java:lambda$waitForClusterToBeReady$0(226)) - SCM became leader
2022-06-01 03:34:12,640 [pool-93-thread-1] INFO  impl.RoleInfo (RoleInfo.java:updateAndGet(139)) - 1fd7fa3e-4528-405a-8afd-745b4b3c0dec: start 1fd7fa3e-4528-405a-8afd-745b4b3c0dec@group-930FE89306BD-FollowerState
2022-06-01 03:34:12,641 [pool-93-thread-1] INFO  util.JmxRegister (JmxRegister.java:tryRegister(44)) - Successfully registered JMX Bean with object name Ratis:service=RaftServer,group=group-930FE89306BD,id=1fd7fa3e-4528-405a-8afd-745b4b3c0dec
2022-06-01 03:34:12,642 [Command processor thread] INFO  ratis.XceiverServerRatis (XceiverServerRatis.java:addGroup(765)) - Created group PipelineID=5d8012ff-55bf-4daa-9060-930fe89306bd
2022-06-01 03:34:12,643 [pool-115-thread-1] INFO  server.RaftServer$Division (RaftServerImpl.java:<init>(190)) - 0476bece-ff5a-45f4-b395-dd834dd6b6f1: new RaftServerImpl for group-AFCF4E315C80:[0476bece-ff5a-45f4-b395-dd834dd6b6f1|rpc:10.1.0.5:37339|priority:1] with ContainerStateMachine:uninitialized
2022-06-01 03:34:12,643 [pool-115-thread-1] INFO  server.RaftServerConfigKeys (ConfUtils.java:logGet(46)) - raft.server.rpc.timeout.min = 5s (custom)
2022-06-01 03:34:12,643 [pool-115-thread-1] INFO  server.RaftServerConfigKeys (ConfUtils.java:logGet(46)) - raft.server.rpc.timeout.max = 5200ms (custom)
2022-06-01 03:34:12,643 [pool-115-thread-1] INFO  server.RaftServerConfigKeys (ConfUtils.java:logGet(46)) - raft.server.rpc.sleep.time = 25ms (default)
2022-06-01 03:34:12,643 [pool-115-thread-1] INFO  server.RaftServerConfigKeys (ConfUtils.java:logGet(46)) - raft.server.rpc.slowness.timeout = 300s (custom)
2022-06-01 03:34:12,643 [pool-115-thread-1] INFO  server.RaftServerConfigKeys (ConfUtils.java:logGet(46)) - raft.server.leaderelection.leader.step-down.wait-time = 10s (default)
2022-06-01 03:34:12,643 [pool-115-thread-1] INFO  server.RaftServerConfigKeys (ConfUtils.java:logGet(46)) - raft.server.sleep.deviation.threshold = 300ms (default)
2022-06-01 03:34:12,643 [pool-115-thread-1] INFO  server.RaftServer$Division (ServerState.java:<init>(107)) - 0476bece-ff5a-45f4-b395-dd834dd6b6f1@group-AFCF4E315C80: ConfigurationManager, init=-1: [0476bece-ff5a-45f4-b395-dd834dd6b6f1|rpc:10.1.0.5:37339|priority:1], old=null, confs=<EMPTY_MAP>
2022-06-01 03:34:12,643 [pool-115-thread-1] INFO  server.RaftServerConfigKeys (ConfUtils.java:logGet(46)) - raft.server.storage.dir = [/home/runner/work/ozone/ozone/hadoop-ozone/integration-test/target/test-dir/MiniOzoneClusterImpl-2aa7f405-a4ee-42d9-877d-60ec10202336/datanode-2/data/ratis] (custom)
2022-06-01 03:34:12,643 [pool-115-thread-1] INFO  server.RaftServerConfigKeys (ConfUtils.java:logGet(46)) - raft.server.log.corruption.policy = EXCEPTION (default)
2022-06-01 03:34:12,643 [pool-115-thread-1] INFO  server.RaftServerConfigKeys (ConfUtils.java:logGet(46)) - raft.server.storage.free-space.min = 0MB (=0) (default)
2022-06-01 03:34:12,644 [pool-115-thread-1] INFO  storage.RaftStorageDirectory (RaftStorageDirectoryImpl.java:analyzeStorage(135)) - The storage directory /home/runner/work/ozone/ozone/hadoop-ozone/integration-test/target/test-dir/MiniOzoneClusterImpl-2aa7f405-a4ee-42d9-877d-60ec10202336/datanode-2/data/ratis/952ad8bd-e9b6-4448-92c6-afcf4e315c80 does not exist. Creating ...
2022-06-01 03:34:12,642 [Command processor thread] INFO  server.RaftServer (RaftServerProxy.java:addNew(96)) - 0476bece-ff5a-45f4-b395-dd834dd6b6f1: addNew group-AFCF4E315C80:[0476bece-ff5a-45f4-b395-dd834dd6b6f1|rpc:10.1.0.5:37339|priority:1] returns group-AFCF4E315C80:java.util.concurrent.CompletableFuture@7114e215[Not completed]
2022-06-01 03:34:12,645 [pool-115-thread-1] INFO  storage.RaftStorageDirectory (RaftStorageDirectoryImpl.java:tryLock(230)) - Lock on /home/runner/work/ozone/ozone/hadoop-ozone/integration-test/target/test-dir/MiniOzoneClusterImpl-2aa7f405-a4ee-42d9-877d-60ec10202336/datanode-2/data/ratis/952ad8bd-e9b6-4448-92c6-afcf4e315c80/in_use.lock acquired by nodename 14781@fv-az151-582
2022-06-01 03:34:12,645 [Command processor thread] INFO  ratis.XceiverServerRatis (XceiverServerRatis.java:addGroup(765)) - Created group PipelineID=5d8012ff-55bf-4daa-9060-930fe89306bd
2022-06-01 03:34:12,648 [pool-115-thread-1] INFO  storage.RaftStorage (RaftStorageImpl.java:format(89)) - Storage directory /home/runner/work/ozone/ozone/hadoop-ozone/integration-test/target/test-dir/MiniOzoneClusterImpl-2aa7f405-a4ee-42d9-877d-60ec10202336/datanode-2/data/ratis/952ad8bd-e9b6-4448-92c6-afcf4e315c80 has been successfully formatted.
2022-06-01 03:34:12,648 [pool-115-thread-1] INFO  ratis.ContainerStateMachine (ContainerStateMachine.java:loadSnapshot(236)) - group-AFCF4E315C80: The snapshot info is null. Setting the last applied indexto:(t:0, i:~)
2022-06-01 03:34:12,648 [pool-115-thread-1] INFO  server.RaftServerConfigKeys (ConfUtils.java:logGet(46)) - raft.server.notification.no-leader.timeout = 300s (custom)
2022-06-01 03:34:12,648 [pool-115-thread-1] INFO  server.RaftServerConfigKeys (ConfUtils.java:logGet(46)) - raft.server.log.use.memory = false (default)
2022-06-01 03:34:12,648 [pool-115-thread-1] INFO  server.RaftServerConfigKeys (ConfUtils.java:logGet(46)) - raft.server.log.purge.gap = 1000000 (custom)
2022-06-01 03:34:12,649 [pool-115-thread-1] INFO  server.RaftServerConfigKeys (ConfUtils.java:logGet(46)) - raft.server.log.appender.buffer.byte-limit = 33554432 (custom)
2022-06-01 03:34:12,649 [pool-115-thread-1] INFO  server.RaftServerConfigKeys (ConfUtils.java:logGet(46)) - raft.server.log.statemachine.data.read.timeout = 1000ms (default)
2022-06-01 03:34:12,649 [pool-115-thread-1] INFO  server.RaftServerConfigKeys (ConfUtils.java:logGet(46)) - raft.server.log.segment.size.max = 1048576 (custom)
2022-06-01 03:34:12,649 [pool-115-thread-1] INFO  server.RaftServerConfigKeys (ConfUtils.java:logGet(46)) - raft.server.log.segment.cache.num.max = 2 (custom)
2022-06-01 03:34:12,649 [pool-115-thread-1] INFO  server.RaftServerConfigKeys (ConfUtils.java:logGet(46)) - raft.server.log.segment.cache.size.max = 200MB (=209715200) (default)
2022-06-01 03:34:12,649 [pool-115-thread-1] INFO  segmented.SegmentedRaftLogWorker (SegmentedRaftLogWorker.java:<init>(187)) - new 0476bece-ff5a-45f4-b395-dd834dd6b6f1@group-AFCF4E315C80-SegmentedRaftLogWorker for RaftStorageImpl:Storage Directory /home/runner/work/ozone/ozone/hadoop-ozone/integration-test/target/test-dir/MiniOzoneClusterImpl-2aa7f405-a4ee-42d9-877d-60ec10202336/datanode-2/data/ratis/952ad8bd-e9b6-4448-92c6-afcf4e315c80
2022-06-01 03:34:12,649 [pool-115-thread-1] INFO  server.RaftServerConfigKeys (ConfUtils.java:logGet(46)) - raft.server.log.queue.byte-limit = 4294967296 (custom)
2022-06-01 03:34:12,649 [pool-115-thread-1] INFO  server.RaftServerConfigKeys (ConfUtils.java:logGet(46)) - raft.server.log.queue.element-limit = 1024 (custom)
2022-06-01 03:34:12,649 [pool-115-thread-1] INFO  server.RaftServerConfigKeys (ConfUtils.java:logGet(46)) - raft.server.log.segment.size.max = 1048576 (custom)
2022-06-01 03:34:12,649 [pool-115-thread-1] INFO  server.RaftServerConfigKeys (ConfUtils.java:logGet(46)) - raft.server.log.preallocated.size = 16384 (custom)
2022-06-01 03:34:12,649 [pool-115-thread-1] INFO  server.RaftServerConfigKeys (ConfUtils.java:logGet(46)) - raft.server.log.force.sync.num = 128 (default)
2022-06-01 03:34:12,649 [pool-115-thread-1] INFO  server.RaftServerConfigKeys (ConfUtils.java:logGet(46)) - raft.server.log.statemachine.data.sync = true (default)
2022-06-01 03:34:12,650 [pool-115-thread-1] INFO  server.RaftServerConfigKeys (ConfUtils.java:logGet(46)) - raft.server.log.statemachine.data.sync.timeout = 10s (default)
2022-06-01 03:34:12,650 [pool-115-thread-1] INFO  server.RaftServerConfigKeys (ConfUtils.java:logGet(46)) - raft.server.log.statemachine.data.sync.timeout.retry = -1 (default)
2022-06-01 03:34:12,650 [pool-115-thread-1] INFO  server.RaftServerConfigKeys (ConfUtils.java:logGet(46)) - raft.server.log.write.buffer.size = 1048576 (custom)
2022-06-01 03:34:12,651 [pool-115-thread-1] INFO  server.RaftServerConfigKeys (ConfUtils.java:logGet(46)) - raft.server.log.unsafe-flush.enabled = false (default)
2022-06-01 03:34:12,651 [pool-115-thread-1] INFO  server.RaftServerConfigKeys (ConfUtils.java:logGet(46)) - raft.server.log.statemachine.data.caching.enabled = true (custom)
2022-06-01 03:34:12,651 [pool-115-thread-1] INFO  segmented.SegmentedRaftLogWorker (SegmentedRaftLogWorker.java:lambda$new$0(135)) - 0476bece-ff5a-45f4-b395-dd834dd6b6f1@group-AFCF4E315C80-SegmentedRaftLogWorker: flushIndex: setUnconditionally 0 -> -1
2022-06-01 03:34:12,651 [pool-115-thread-1] INFO  segmented.SegmentedRaftLogWorker (SegmentedRaftLogWorker.java:lambda$new$0(135)) - 0476bece-ff5a-45f4-b395-dd834dd6b6f1@group-AFCF4E315C80-SegmentedRaftLogWorker: safeCacheEvictIndex: setUnconditionally 0 -> -1
2022-06-01 03:34:12,654 [pool-115-thread-1] INFO  server.RaftServerConfigKeys (ConfUtils.java:logGet(46)) - raft.server.snapshot.auto.trigger.enabled = true (custom)
2022-06-01 03:34:12,654 [pool-115-thread-1] INFO  server.RaftServerConfigKeys (ConfUtils.java:logGet(46)) - raft.server.snapshot.auto.trigger.threshold = 10000 (custom)
2022-06-01 03:34:12,654 [pool-115-thread-1] INFO  server.RaftServerConfigKeys (ConfUtils.java:logGet(46)) - raft.server.snapshot.retention.file.num = 5 (custom)
2022-06-01 03:34:12,654 [pool-115-thread-1] INFO  server.RaftServerConfigKeys (ConfUtils.java:logGet(46)) - raft.server.log.purge.upto.snapshot.index = false (default)
2022-06-01 03:34:12,654 [pool-115-thread-1] INFO  server.RaftServerConfigKeys (ConfUtils.java:logGet(46)) - raft.server.retrycache.expirytime = 600000ms (custom)
2022-06-01 03:34:12,654 [pool-115-thread-1] INFO  server.RaftServerConfigKeys (ConfUtils.java:logGet(46)) - raft.server.retrycache.statistics.expirytime = 100μs (default)
2022-06-01 03:34:12,655 [pool-115-thread-1] INFO  server.RaftServerConfigKeys (ConfUtils.java:logGet(46)) - raft.server.log.appender.install.snapshot.enabled = false (custom)
2022-06-01 03:34:12,655 [pool-115-thread-1] INFO  server.RaftServerConfigKeys (ConfUtils.java:logGet(46)) - raft.server.threadpool.server.cached = true (default)
2022-06-01 03:34:12,655 [pool-115-thread-1] INFO  server.RaftServerConfigKeys (ConfUtils.java:logGet(46)) - raft.server.threadpool.server.size = 0 (default)
2022-06-01 03:34:12,655 [pool-115-thread-1] INFO  server.RaftServerConfigKeys (ConfUtils.java:logGet(46)) - raft.server.threadpool.client.cached = true (default)
2022-06-01 03:34:12,655 [pool-115-thread-1] INFO  server.RaftServerConfigKeys (ConfUtils.java:logGet(46)) - raft.server.threadpool.client.size = 0 (default)
2022-06-01 03:34:12,655 [pool-115-thread-1] INFO  server.RaftServer$Division (RaftServerImpl.java:start(310)) - 0476bece-ff5a-45f4-b395-dd834dd6b6f1@group-AFCF4E315C80: start as a follower, conf=-1: [0476bece-ff5a-45f4-b395-dd834dd6b6f1|rpc:10.1.0.5:37339|priority:1], old=null
2022-06-01 03:34:12,655 [pool-115-thread-1] INFO  server.RaftServer$Division (RaftServerImpl.java:setRole(299)) - 0476bece-ff5a-45f4-b395-dd834dd6b6f1@group-AFCF4E315C80: changes role from      null to FOLLOWER at term 0 for startAsFollower
2022-06-01 03:34:12,655 [pool-115-thread-1] INFO  impl.RoleInfo (RoleInfo.java:updateAndGet(139)) - 0476bece-ff5a-45f4-b395-dd834dd6b6f1: start 0476bece-ff5a-45f4-b395-dd834dd6b6f1@group-AFCF4E315C80-FollowerState
2022-06-01 03:34:12,655 [pool-115-thread-1] INFO  util.JmxRegister (JmxRegister.java:tryRegister(44)) - Successfully registered JMX Bean with object name Ratis:service=RaftServer,group=group-AFCF4E315C80,id=0476bece-ff5a-45f4-b395-dd834dd6b6f1
2022-06-01 03:34:12,662 [Command processor thread] INFO  ratis.XceiverServerRatis (XceiverServerRatis.java:addGroup(765)) - Created group PipelineID=952ad8bd-e9b6-4448-92c6-afcf4e315c80
2022-06-01 03:34:12,662 [Command processor thread] INFO  commandhandler.CreatePipelineCommandHandler (CreatePipelineCommandHandler.java:handle(113)) - Created Pipeline RATIS ONE PipelineID=952ad8bd-e9b6-4448-92c6-afcf4e315c80.
2022-06-01 03:34:12,663 [Command processor thread] INFO  server.RaftServer (RaftServerProxy.java:addNew(96)) - 0476bece-ff5a-45f4-b395-dd834dd6b6f1: addNew group-930FE89306BD:[0476bece-ff5a-45f4-b395-dd834dd6b6f1|rpc:10.1.0.5:37339|priority:0, 941a19a0-9130-4c85-b299-bf36f83edf62|rpc:10.1.0.5:44487|priority:1, 1fd7fa3e-4528-405a-8afd-745b4b3c0dec|rpc:10.1.0.5:36067|priority:0] returns group-930FE89306BD:java.util.concurrent.CompletableFuture@7fd31247[Not completed]
2022-06-01 03:34:12,664 [pool-115-thread-1] INFO  server.RaftServer$Division (RaftServerImpl.java:<init>(190)) - 0476bece-ff5a-45f4-b395-dd834dd6b6f1: new RaftServerImpl for group-930FE89306BD:[0476bece-ff5a-45f4-b395-dd834dd6b6f1|rpc:10.1.0.5:37339|priority:0, 941a19a0-9130-4c85-b299-bf36f83edf62|rpc:10.1.0.5:44487|priority:1, 1fd7fa3e-4528-405a-8afd-745b4b3c0dec|rpc:10.1.0.5:36067|priority:0] with ContainerStateMachine:uninitialized
2022-06-01 03:34:12,664 [pool-115-thread-1] INFO  server.RaftServerConfigKeys (ConfUtils.java:logGet(46)) - raft.server.rpc.timeout.min = 5s (custom)
2022-06-01 03:34:12,664 [pool-115-thread-1] INFO  server.RaftServerConfigKeys (ConfUtils.java:logGet(46)) - raft.server.rpc.timeout.max = 5200ms (custom)
2022-06-01 03:34:12,664 [pool-115-thread-1] INFO  server.RaftServerConfigKeys (ConfUtils.java:logGet(46)) - raft.server.rpc.sleep.time = 25ms (default)
2022-06-01 03:34:12,664 [pool-115-thread-1] INFO  server.RaftServerConfigKeys (ConfUtils.java:logGet(46)) - raft.server.rpc.slowness.timeout = 300s (custom)
2022-06-01 03:34:12,664 [pool-115-thread-1] INFO  server.RaftServerConfigKeys (ConfUtils.java:logGet(46)) - raft.server.leaderelection.leader.step-down.wait-time = 10s (default)
2022-06-01 03:34:12,664 [pool-115-thread-1] INFO  server.RaftServerConfigKeys (ConfUtils.java:logGet(46)) - raft.server.sleep.deviation.threshold = 300ms (default)
2022-06-01 03:34:12,664 [pool-115-thread-1] INFO  server.RaftServer$Division (ServerState.java:<init>(107)) - 0476bece-ff5a-45f4-b395-dd834dd6b6f1@group-930FE89306BD: ConfigurationManager, init=-1: [0476bece-ff5a-45f4-b395-dd834dd6b6f1|rpc:10.1.0.5:37339|priority:0, 941a19a0-9130-4c85-b299-bf36f83edf62|rpc:10.1.0.5:44487|priority:1, 1fd7fa3e-4528-405a-8afd-745b4b3c0dec|rpc:10.1.0.5:36067|priority:0], old=null, confs=<EMPTY_MAP>
2022-06-01 03:34:12,664 [pool-115-thread-1] INFO  server.RaftServerConfigKeys (ConfUtils.java:logGet(46)) - raft.server.storage.dir = [/home/runner/work/ozone/ozone/hadoop-ozone/integration-test/target/test-dir/MiniOzoneClusterImpl-2aa7f405-a4ee-42d9-877d-60ec10202336/datanode-2/data/ratis] (custom)
2022-06-01 03:34:12,665 [pool-115-thread-1] INFO  server.RaftServerConfigKeys (ConfUtils.java:logGet(46)) - raft.server.log.corruption.policy = EXCEPTION (default)
2022-06-01 03:34:12,665 [pool-115-thread-1] INFO  server.RaftServerConfigKeys (ConfUtils.java:logGet(46)) - raft.server.storage.free-space.min = 0MB (=0) (default)
2022-06-01 03:34:12,668 [pool-115-thread-1] INFO  storage.RaftStorageDirectory (RaftStorageDirectoryImpl.java:analyzeStorage(135)) - The storage directory /home/runner/work/ozone/ozone/hadoop-ozone/integration-test/target/test-dir/MiniOzoneClusterImpl-2aa7f405-a4ee-42d9-877d-60ec10202336/datanode-2/data/ratis/5d8012ff-55bf-4daa-9060-930fe89306bd does not exist. Creating ...
2022-06-01 03:34:12,666 [EventQueue-PipelineReportForPipelineReportHandler] INFO  pipeline.PipelineManagerImpl (PipelineManagerImpl.java:openPipeline(356)) - Pipeline Pipeline[ Id: 952ad8bd-e9b6-4448-92c6-afcf4e315c80, Nodes: 0476bece-ff5a-45f4-b395-dd834dd6b6f1{ip: 10.1.0.5, host: fv-az151-582.yf2hydr00wburbhx3j5hxtcipe.bx.internal.cloudapp.net, ports: [REPLICATION=35943, RATIS=37339, RATIS_ADMIN=37339, RATIS_SERVER=37339, STANDALONE=35607], networkLocation: /default-rack, certSerialId: null, persistedOpState: IN_SERVICE, persistedOpStateExpiryEpochSec: 0}, ReplicationConfig: RATIS/ONE, State:ALLOCATED, leaderId:0476bece-ff5a-45f4-b395-dd834dd6b6f1, CreationTimestamp2022-06-01T03:34:09.648Z[Etc/UTC]] moved to OPEN state
2022-06-01 03:34:12,669 [EventQueue-OpenPipelineForHealthyPipelineSafeModeRule] INFO  safemode.SCMSafeModeManager (HealthyPipelineSafeModeRule.java:process(124)) - SCM in safe mode. Healthy pipelines reported count is 0, required healthy pipeline reported count is 1
2022-06-01 03:34:12,671 [pool-115-thread-1] INFO  storage.RaftStorageDirectory (RaftStorageDirectoryImpl.java:tryLock(230)) - Lock on /home/runner/work/ozone/ozone/hadoop-ozone/integration-test/target/test-dir/MiniOzoneClusterImpl-2aa7f405-a4ee-42d9-877d-60ec10202336/datanode-2/data/ratis/5d8012ff-55bf-4daa-9060-930fe89306bd/in_use.lock acquired by nodename 14781@fv-az151-582
2022-06-01 03:34:12,674 [pool-115-thread-1] INFO  storage.RaftStorage (RaftStorageImpl.java:format(89)) - Storage directory /home/runner/work/ozone/ozone/hadoop-ozone/integration-test/target/test-dir/MiniOzoneClusterImpl-2aa7f405-a4ee-42d9-877d-60ec10202336/datanode-2/data/ratis/5d8012ff-55bf-4daa-9060-930fe89306bd has been successfully formatted.
2022-06-01 03:34:12,676 [pool-115-thread-1] INFO  ratis.ContainerStateMachine (ContainerStateMachine.java:loadSnapshot(236)) - group-930FE89306BD: The snapshot info is null. Setting the last applied indexto:(t:0, i:~)
2022-06-01 03:34:12,676 [pool-115-thread-1] INFO  server.RaftServerConfigKeys (ConfUtils.java:logGet(46)) - raft.server.notification.no-leader.timeout = 300s (custom)
2022-06-01 03:34:12,676 [pool-115-thread-1] INFO  server.RaftServerConfigKeys (ConfUtils.java:logGet(46)) - raft.server.log.use.memory = false (default)
2022-06-01 03:34:12,676 [pool-115-thread-1] INFO  server.RaftServerConfigKeys (ConfUtils.java:logGet(46)) - raft.server.log.purge.gap = 1000000 (custom)
2022-06-01 03:34:12,676 [pool-115-thread-1] INFO  server.RaftServerConfigKeys (ConfUtils.java:logGet(46)) - raft.server.log.appender.buffer.byte-limit = 33554432 (custom)
2022-06-01 03:34:12,676 [pool-115-thread-1] INFO  server.RaftServerConfigKeys (ConfUtils.java:logGet(46)) - raft.server.log.statemachine.data.read.timeout = 1000ms (default)
2022-06-01 03:34:12,676 [pool-115-thread-1] INFO  server.RaftServerConfigKeys (ConfUtils.java:logGet(46)) - raft.server.log.segment.size.max = 1048576 (custom)
2022-06-01 03:34:12,676 [pool-115-thread-1] INFO  server.RaftServerConfigKeys (ConfUtils.java:logGet(46)) - raft.server.log.segment.cache.num.max = 2 (custom)
2022-06-01 03:34:12,677 [pool-115-thread-1] INFO  server.RaftServerConfigKeys (ConfUtils.java:logGet(46)) - raft.server.log.segment.cache.size.max = 200MB (=209715200) (default)
2022-06-01 03:34:12,677 [pool-115-thread-1] INFO  segmented.SegmentedRaftLogWorker (SegmentedRaftLogWorker.java:<init>(187)) - new 0476bece-ff5a-45f4-b395-dd834dd6b6f1@group-930FE89306BD-SegmentedRaftLogWorker for RaftStorageImpl:Storage Directory /home/runner/work/ozone/ozone/hadoop-ozone/integration-test/target/test-dir/MiniOzoneClusterImpl-2aa7f405-a4ee-42d9-877d-60ec10202336/datanode-2/data/ratis/5d8012ff-55bf-4daa-9060-930fe89306bd
2022-06-01 03:34:12,677 [pool-115-thread-1] INFO  server.RaftServerConfigKeys (ConfUtils.java:logGet(46)) - raft.server.log.queue.byte-limit = 4294967296 (custom)
2022-06-01 03:34:12,677 [pool-115-thread-1] INFO  server.RaftServerConfigKeys (ConfUtils.java:logGet(46)) - raft.server.log.queue.element-limit = 1024 (custom)
2022-06-01 03:34:12,677 [pool-115-thread-1] INFO  server.RaftServerConfigKeys (ConfUtils.java:logGet(46)) - raft.server.log.segment.size.max = 1048576 (custom)
2022-06-01 03:34:12,677 [pool-115-thread-1] INFO  server.RaftServerConfigKeys (ConfUtils.java:logGet(46)) - raft.server.log.preallocated.size = 16384 (custom)
2022-06-01 03:34:12,677 [pool-115-thread-1] INFO  server.RaftServerConfigKeys (ConfUtils.java:logGet(46)) - raft.server.log.force.sync.num = 128 (default)
2022-06-01 03:34:12,677 [pool-115-thread-1] INFO  server.RaftServerConfigKeys (ConfUtils.java:logGet(46)) - raft.server.log.statemachine.data.sync = true (default)
2022-06-01 03:34:12,677 [pool-115-thread-1] INFO  server.RaftServerConfigKeys (ConfUtils.java:logGet(46)) - raft.server.log.statemachine.data.sync.timeout = 10s (default)
2022-06-01 03:34:12,677 [pool-115-thread-1] INFO  server.RaftServerConfigKeys (ConfUtils.java:logGet(46)) - raft.server.log.statemachine.data.sync.timeout.retry = -1 (default)
2022-06-01 03:34:12,678 [pool-115-thread-1] INFO  server.RaftServerConfigKeys (ConfUtils.java:logGet(46)) - raft.server.log.write.buffer.size = 1048576 (custom)
2022-06-01 03:34:12,678 [pool-115-thread-1] INFO  server.RaftServerConfigKeys (ConfUtils.java:logGet(46)) - raft.server.log.unsafe-flush.enabled = false (default)
2022-06-01 03:34:12,678 [pool-115-thread-1] INFO  server.RaftServerConfigKeys (ConfUtils.java:logGet(46)) - raft.server.log.statemachine.data.caching.enabled = true (custom)
2022-06-01 03:34:12,679 [pool-115-thread-1] INFO  segmented.SegmentedRaftLogWorker (SegmentedRaftLogWorker.java:lambda$new$0(135)) - 0476bece-ff5a-45f4-b395-dd834dd6b6f1@group-930FE89306BD-SegmentedRaftLogWorker: flushIndex: setUnconditionally 0 -> -1
2022-06-01 03:34:12,679 [pool-115-thread-1] INFO  segmented.SegmentedRaftLogWorker (SegmentedRaftLogWorker.java:lambda$new$0(135)) - 0476bece-ff5a-45f4-b395-dd834dd6b6f1@group-930FE89306BD-SegmentedRaftLogWorker: safeCacheEvictIndex: setUnconditionally 0 -> -1
2022-06-01 03:34:12,680 [pool-115-thread-1] INFO  server.RaftServerConfigKeys (ConfUtils.java:logGet(46)) - raft.server.snapshot.auto.trigger.enabled = true (custom)
2022-06-01 03:34:12,680 [pool-115-thread-1] INFO  server.RaftServerConfigKeys (ConfUtils.java:logGet(46)) - raft.server.snapshot.auto.trigger.threshold = 10000 (custom)
2022-06-01 03:34:12,680 [pool-115-thread-1] INFO  server.RaftServerConfigKeys (ConfUtils.java:logGet(46)) - raft.server.snapshot.retention.file.num = 5 (custom)
2022-06-01 03:34:12,680 [pool-115-thread-1] INFO  server.RaftServerConfigKeys (ConfUtils.java:logGet(46)) - raft.server.log.purge.upto.snapshot.index = false (default)
2022-06-01 03:34:12,680 [pool-115-thread-1] INFO  server.RaftServerConfigKeys (ConfUtils.java:logGet(46)) - raft.server.retrycache.expirytime = 600000ms (custom)
2022-06-01 03:34:12,680 [pool-115-thread-1] INFO  server.RaftServerConfigKeys (ConfUtils.java:logGet(46)) - raft.server.retrycache.statistics.expirytime = 100μs (default)
2022-06-01 03:34:12,681 [pool-115-thread-1] INFO  server.RaftServerConfigKeys (ConfUtils.java:logGet(46)) - raft.server.log.appender.install.snapshot.enabled = false (custom)
2022-06-01 03:34:12,681 [pool-115-thread-1] INFO  server.RaftServerConfigKeys (ConfUtils.java:logGet(46)) - raft.server.threadpool.server.cached = true (default)
2022-06-01 03:34:12,681 [pool-115-thread-1] INFO  server.RaftServerConfigKeys (ConfUtils.java:logGet(46)) - raft.server.threadpool.server.size = 0 (default)
2022-06-01 03:34:12,681 [pool-115-thread-1] INFO  server.RaftServerConfigKeys (ConfUtils.java:logGet(46)) - raft.server.threadpool.client.cached = true (default)
2022-06-01 03:34:12,681 [pool-115-thread-1] INFO  server.RaftServerConfigKeys (ConfUtils.java:logGet(46)) - raft.server.threadpool.client.size = 0 (default)
2022-06-01 03:34:12,681 [pool-115-thread-1] INFO  server.RaftServer$Division (RaftServerImpl.java:start(310)) - 0476bece-ff5a-45f4-b395-dd834dd6b6f1@group-930FE89306BD: start as a follower, conf=-1: [0476bece-ff5a-45f4-b395-dd834dd6b6f1|rpc:10.1.0.5:37339|priority:0, 941a19a0-9130-4c85-b299-bf36f83edf62|rpc:10.1.0.5:44487|priority:1, 1fd7fa3e-4528-405a-8afd-745b4b3c0dec|rpc:10.1.0.5:36067|priority:0], old=null
2022-06-01 03:34:12,681 [pool-115-thread-1] INFO  server.RaftServer$Division (RaftServerImpl.java:setRole(299)) - 0476bece-ff5a-45f4-b395-dd834dd6b6f1@group-930FE89306BD: changes role from      null to FOLLOWER at term 0 for startAsFollower
2022-06-01 03:34:12,681 [pool-115-thread-1] INFO  impl.RoleInfo (RoleInfo.java:updateAndGet(139)) - 0476bece-ff5a-45f4-b395-dd834dd6b6f1: start 0476bece-ff5a-45f4-b395-dd834dd6b6f1@group-930FE89306BD-FollowerState
2022-06-01 03:34:12,682 [EventQueue-OpenPipelineForHealthyPipelineSafeModeRule] INFO  safemode.SCMSafeModeManager (HealthyPipelineSafeModeRule.java:process(124)) - SCM in safe mode. Healthy pipelines reported count is 0, required healthy pipeline reported count is 1
2022-06-01 03:34:12,692 [pool-115-thread-1] INFO  util.JmxRegister (JmxRegister.java:tryRegister(44)) - Successfully registered JMX Bean with object name Ratis:service=RaftServer,group=group-930FE89306BD,id=0476bece-ff5a-45f4-b395-dd834dd6b6f1
2022-06-01 03:34:12,696 [Command processor thread] INFO  ratis.XceiverServerRatis (XceiverServerRatis.java:addGroup(765)) - Created group PipelineID=5d8012ff-55bf-4daa-9060-930fe89306bd
2022-06-01 03:34:12,753 [Command processor thread] INFO  commandhandler.CreatePipelineCommandHandler (CreatePipelineCommandHandler.java:handle(113)) - Created Pipeline RATIS THREE PipelineID=5d8012ff-55bf-4daa-9060-930fe89306bd.
2022-06-01 03:34:12,788 [Command processor thread] INFO  commandhandler.CreatePipelineCommandHandler (CreatePipelineCommandHandler.java:handle(113)) - Created Pipeline RATIS THREE PipelineID=5d8012ff-55bf-4daa-9060-930fe89306bd.
2022-06-01 03:34:12,793 [Command processor thread] INFO  commandhandler.CreatePipelineCommandHandler (CreatePipelineCommandHandler.java:handle(113)) - Created Pipeline RATIS THREE PipelineID=5d8012ff-55bf-4daa-9060-930fe89306bd.
2022-06-01 03:34:13,641 [Listener at 127.0.0.1/38045] INFO  ozone.MiniOzoneClusterImpl (MiniOzoneClusterImpl.java:lambda$waitForClusterToBeReady$0(221)) - Nodes are ready. Got 3 of 3 DN Heartbeats.
2022-06-01 03:34:13,641 [Listener at 127.0.0.1/38045] INFO  ozone.MiniOzoneClusterImpl (MiniOzoneClusterImpl.java:lambda$waitForClusterToBeReady$0(224)) - Waiting for cluster to exit safe mode
2022-06-01 03:34:13,641 [Listener at 127.0.0.1/38045] INFO  ozone.MiniOzoneClusterImpl (MiniOzoneClusterImpl.java:lambda$waitForClusterToBeReady$0(226)) - SCM became leader
2022-06-01 03:34:14,641 [Listener at 127.0.0.1/38045] INFO  ozone.MiniOzoneClusterImpl (MiniOzoneClusterImpl.java:lambda$waitForClusterToBeReady$0(221)) - Nodes are ready. Got 3 of 3 DN Heartbeats.
2022-06-01 03:34:14,642 [Listener at 127.0.0.1/38045] INFO  ozone.MiniOzoneClusterImpl (MiniOzoneClusterImpl.java:lambda$waitForClusterToBeReady$0(224)) - Waiting for cluster to exit safe mode
2022-06-01 03:34:14,642 [Listener at 127.0.0.1/38045] INFO  ozone.MiniOzoneClusterImpl (MiniOzoneClusterImpl.java:lambda$waitForClusterToBeReady$0(226)) - SCM became leader
2022-06-01 03:34:15,642 [Listener at 127.0.0.1/38045] INFO  ozone.MiniOzoneClusterImpl (MiniOzoneClusterImpl.java:lambda$waitForClusterToBeReady$0(221)) - Nodes are ready. Got 3 of 3 DN Heartbeats.
2022-06-01 03:34:15,642 [Listener at 127.0.0.1/38045] INFO  ozone.MiniOzoneClusterImpl (MiniOzoneClusterImpl.java:lambda$waitForClusterToBeReady$0(224)) - Waiting for cluster to exit safe mode
2022-06-01 03:34:15,643 [Listener at 127.0.0.1/38045] INFO  ozone.MiniOzoneClusterImpl (MiniOzoneClusterImpl.java:lambda$waitForClusterToBeReady$0(226)) - SCM became leader
2022-06-01 03:34:16,643 [Listener at 127.0.0.1/38045] INFO  ozone.MiniOzoneClusterImpl (MiniOzoneClusterImpl.java:lambda$waitForClusterToBeReady$0(221)) - Nodes are ready. Got 3 of 3 DN Heartbeats.
2022-06-01 03:34:16,643 [Listener at 127.0.0.1/38045] INFO  ozone.MiniOzoneClusterImpl (MiniOzoneClusterImpl.java:lambda$waitForClusterToBeReady$0(224)) - Waiting for cluster to exit safe mode
2022-06-01 03:34:16,643 [Listener at 127.0.0.1/38045] INFO  ozone.MiniOzoneClusterImpl (MiniOzoneClusterImpl.java:lambda$waitForClusterToBeReady$0(226)) - SCM became leader
2022-06-01 03:34:16,923 [941a19a0-9130-4c85-b299-bf36f83edf62@group-3B85ABEDFE9D-FollowerState] INFO  impl.FollowerState (FollowerState.java:run(143)) - 941a19a0-9130-4c85-b299-bf36f83edf62@group-3B85ABEDFE9D-FollowerState: change to CANDIDATE, lastRpcElapsedTime:5027253778ns, electionTimeout:5013ms
2022-06-01 03:34:16,923 [941a19a0-9130-4c85-b299-bf36f83edf62@group-3B85ABEDFE9D-FollowerState] INFO  impl.RoleInfo (RoleInfo.java:shutdownFollowerState(110)) - 941a19a0-9130-4c85-b299-bf36f83edf62: shutdown 941a19a0-9130-4c85-b299-bf36f83edf62@group-3B85ABEDFE9D-FollowerState
2022-06-01 03:34:16,923 [941a19a0-9130-4c85-b299-bf36f83edf62@group-3B85ABEDFE9D-FollowerState] INFO  server.RaftServer$Division (RaftServerImpl.java:setRole(299)) - 941a19a0-9130-4c85-b299-bf36f83edf62@group-3B85ABEDFE9D: changes role from  FOLLOWER to CANDIDATE at term 0 for changeToCandidate
2022-06-01 03:34:16,923 [941a19a0-9130-4c85-b299-bf36f83edf62@group-3B85ABEDFE9D-FollowerState] INFO  server.RaftServerConfigKeys (ConfUtils.java:logGet(46)) - raft.server.leaderelection.pre-vote = false (custom)
2022-06-01 03:34:16,924 [941a19a0-9130-4c85-b299-bf36f83edf62@group-3B85ABEDFE9D-FollowerState] INFO  impl.RoleInfo (RoleInfo.java:updateAndGet(139)) - 941a19a0-9130-4c85-b299-bf36f83edf62: start 941a19a0-9130-4c85-b299-bf36f83edf62@group-3B85ABEDFE9D-LeaderElection2
2022-06-01 03:34:16,927 [941a19a0-9130-4c85-b299-bf36f83edf62@group-3B85ABEDFE9D-LeaderElection2] INFO  impl.LeaderElection (LeaderElection.java:askForVotes(310)) - 941a19a0-9130-4c85-b299-bf36f83edf62@group-3B85ABEDFE9D-LeaderElection2 ELECTION round 0: submit vote requests at term 1 for -1: [941a19a0-9130-4c85-b299-bf36f83edf62|rpc:10.1.0.5:44487|priority:1], old=null
2022-06-01 03:34:16,927 [941a19a0-9130-4c85-b299-bf36f83edf62@group-3B85ABEDFE9D-LeaderElection2] INFO  impl.LeaderElection (LeaderElection.java:askForVotes(312)) - 941a19a0-9130-4c85-b299-bf36f83edf62@group-3B85ABEDFE9D-LeaderElection2 ELECTION round 0: result PASSED (term=1)
2022-06-01 03:34:16,927 [941a19a0-9130-4c85-b299-bf36f83edf62@group-3B85ABEDFE9D-LeaderElection2] INFO  impl.RoleInfo (RoleInfo.java:shutdownLeaderElection(130)) - 941a19a0-9130-4c85-b299-bf36f83edf62: shutdown 941a19a0-9130-4c85-b299-bf36f83edf62@group-3B85ABEDFE9D-LeaderElection2
2022-06-01 03:34:16,927 [941a19a0-9130-4c85-b299-bf36f83edf62@group-3B85ABEDFE9D-LeaderElection2] INFO  server.RaftServer$Division (RaftServerImpl.java:setRole(299)) - 941a19a0-9130-4c85-b299-bf36f83edf62@group-3B85ABEDFE9D: changes role from CANDIDATE to LEADER at term 1 for changeToLeader
2022-06-01 03:34:16,927 [941a19a0-9130-4c85-b299-bf36f83edf62@group-3B85ABEDFE9D-LeaderElection2] INFO  ratis.XceiverServerRatis (XceiverServerRatis.java:handleLeaderChangedNotification(863)) - Leader change notification received for group: group-3B85ABEDFE9D with new leaderId: 941a19a0-9130-4c85-b299-bf36f83edf62
2022-06-01 03:34:16,928 [941a19a0-9130-4c85-b299-bf36f83edf62@group-3B85ABEDFE9D-LeaderElection2] INFO  server.RaftServer$Division (ServerState.java:setLeader(287)) - 941a19a0-9130-4c85-b299-bf36f83edf62@group-3B85ABEDFE9D: change Leader from null to 941a19a0-9130-4c85-b299-bf36f83edf62 at term 1 for becomeLeader, leader elected after 5058ms
2022-06-01 03:34:16,928 [941a19a0-9130-4c85-b299-bf36f83edf62@group-3B85ABEDFE9D-LeaderElection2] INFO  server.RaftServerConfigKeys (ConfUtils.java:logGet(46)) - raft.server.staging.catchup.gap = 1000 (default)
2022-06-01 03:34:16,928 [941a19a0-9130-4c85-b299-bf36f83edf62@group-3B85ABEDFE9D-LeaderElection2] INFO  server.RaftServerConfigKeys (ConfUtils.java:logGet(46)) - raft.server.write.element-limit = 1024 (custom)
2022-06-01 03:34:16,928 [941a19a0-9130-4c85-b299-bf36f83edf62@group-3B85ABEDFE9D-LeaderElection2] INFO  server.RaftServerConfigKeys (ConfUtils.java:logGet(46)) - raft.server.write.byte-limit = 1024 M (=1073741824) (custom)
2022-06-01 03:34:16,929 [941a19a0-9130-4c85-b299-bf36f83edf62@group-3B85ABEDFE9D-LeaderElection2] INFO  server.RaftServerConfigKeys (ConfUtils.java:logGet(46)) - raft.server.watch.timeout = 180s (custom)
2022-06-01 03:34:16,930 [941a19a0-9130-4c85-b299-bf36f83edf62@group-3B85ABEDFE9D-LeaderElection2] INFO  server.RaftServerConfigKeys (ConfUtils.java:logGet(46)) - raft.server.watch.timeout.denomination = 1s (default)
2022-06-01 03:34:16,930 [941a19a0-9130-4c85-b299-bf36f83edf62@group-3B85ABEDFE9D-LeaderElection2] INFO  server.RaftServerConfigKeys (ConfUtils.java:logGet(46)) - raft.server.watch.element-limit = 65536 (default)
2022-06-01 03:34:16,930 [941a19a0-9130-4c85-b299-bf36f83edf62@group-3B85ABEDFE9D-LeaderElection2] INFO  server.RaftServerConfigKeys (ConfUtils.java:logGet(46)) - raft.server.write.element-limit = 1024 (custom)
2022-06-01 03:34:16,930 [941a19a0-9130-4c85-b299-bf36f83edf62@group-3B85ABEDFE9D-LeaderElection2] INFO  server.RaftServerConfigKeys (ConfUtils.java:logGet(46)) - raft.server.write.follower.gap.ratio.max = -1.0 (default)
2022-06-01 03:34:16,930 [941a19a0-9130-4c85-b299-bf36f83edf62@group-3B85ABEDFE9D-LeaderElection2] INFO  impl.RoleInfo (RoleInfo.java:updateAndGet(139)) - 941a19a0-9130-4c85-b299-bf36f83edf62: start 941a19a0-9130-4c85-b299-bf36f83edf62@group-3B85ABEDFE9D-LeaderStateImpl
2022-06-01 03:34:16,930 [EventQueue-OpenPipelineForHealthyPipelineSafeModeRule] INFO  safemode.SCMSafeModeManager (HealthyPipelineSafeModeRule.java:process(124)) - SCM in safe mode. Healthy pipelines reported count is 0, required healthy pipeline reported count is 1
2022-06-01 03:34:16,930 [941a19a0-9130-4c85-b299-bf36f83edf62@group-3B85ABEDFE9D-LeaderElection2] INFO  segmented.SegmentedRaftLogWorker (SegmentedRaftLogWorker.java:startLogSegment(425)) - 941a19a0-9130-4c85-b299-bf36f83edf62@group-3B85ABEDFE9D-SegmentedRaftLogWorker: Starting segment from index:0
2022-06-01 03:34:16,934 [941a19a0-9130-4c85-b299-bf36f83edf62@group-3B85ABEDFE9D-SegmentedRaftLogWorker] INFO  segmented.SegmentedRaftLogWorker (SegmentedRaftLogWorker.java:execute(629)) - 941a19a0-9130-4c85-b299-bf36f83edf62@group-3B85ABEDFE9D-SegmentedRaftLogWorker: created new log segment /home/runner/work/ozone/ozone/hadoop-ozone/integration-test/target/test-dir/MiniOzoneClusterImpl-2aa7f405-a4ee-42d9-877d-60ec10202336/datanode-0/data/ratis/b79cd55e-c0a1-4e2b-8c4f-3b85abedfe9d/current/log_inprogress_0
2022-06-01 03:34:16,936 [941a19a0-9130-4c85-b299-bf36f83edf62@group-3B85ABEDFE9D-LeaderElection2] INFO  server.RaftServer$Division (ServerState.java:setRaftConf(393)) - 941a19a0-9130-4c85-b299-bf36f83edf62@group-3B85ABEDFE9D: set configuration 0: [941a19a0-9130-4c85-b299-bf36f83edf62|rpc:10.1.0.5:44487|dataStream:|priority:1], old=null
2022-06-01 03:34:17,025 [941a19a0-9130-4c85-b299-bf36f83edf62@group-2274C675277C-FollowerState] INFO  impl.FollowerState (FollowerState.java:run(143)) - 941a19a0-9130-4c85-b299-bf36f83edf62@group-2274C675277C-FollowerState: change to CANDIDATE, lastRpcElapsedTime:5100221181ns, electionTimeout:5099ms
2022-06-01 03:34:17,025 [941a19a0-9130-4c85-b299-bf36f83edf62@group-2274C675277C-FollowerState] INFO  impl.RoleInfo (RoleInfo.java:shutdownFollowerState(110)) - 941a19a0-9130-4c85-b299-bf36f83edf62: shutdown 941a19a0-9130-4c85-b299-bf36f83edf62@group-2274C675277C-FollowerState
2022-06-01 03:34:17,026 [941a19a0-9130-4c85-b299-bf36f83edf62@group-2274C675277C-FollowerState] INFO  server.RaftServer$Division (RaftServerImpl.java:setRole(299)) - 941a19a0-9130-4c85-b299-bf36f83edf62@group-2274C675277C: changes role from  FOLLOWER to CANDIDATE at term 0 for changeToCandidate
2022-06-01 03:34:17,026 [941a19a0-9130-4c85-b299-bf36f83edf62@group-2274C675277C-FollowerState] INFO  server.RaftServerConfigKeys (ConfUtils.java:logGet(46)) - raft.server.leaderelection.pre-vote = false (custom)
2022-06-01 03:34:17,026 [941a19a0-9130-4c85-b299-bf36f83edf62@group-2274C675277C-FollowerState] INFO  impl.RoleInfo (RoleInfo.java:updateAndGet(139)) - 941a19a0-9130-4c85-b299-bf36f83edf62: start 941a19a0-9130-4c85-b299-bf36f83edf62@group-2274C675277C-LeaderElection3
2022-06-01 03:34:17,028 [941a19a0-9130-4c85-b299-bf36f83edf62@group-2274C675277C-LeaderElection3] INFO  impl.LeaderElection (LeaderElection.java:askForVotes(310)) - 941a19a0-9130-4c85-b299-bf36f83edf62@group-2274C675277C-LeaderElection3 ELECTION round 0: submit vote requests at term 1 for -1: [0476bece-ff5a-45f4-b395-dd834dd6b6f1|rpc:10.1.0.5:37339|priority:1, 941a19a0-9130-4c85-b299-bf36f83edf62|rpc:10.1.0.5:44487|priority:0, 1fd7fa3e-4528-405a-8afd-745b4b3c0dec|rpc:10.1.0.5:36067|priority:0], old=null
2022-06-01 03:34:17,056 [grpc-default-executor-1] INFO  server.RaftServer$Division (RaftServerImpl.java:requestVote(1152)) - 1fd7fa3e-4528-405a-8afd-745b4b3c0dec@group-2274C675277C: receive requestVote(ELECTION, 941a19a0-9130-4c85-b299-bf36f83edf62, group-2274C675277C, 1, (t:0, i:0))
2022-06-01 03:34:17,058 [grpc-default-executor-1] INFO  impl.VoteContext (VoteContext.java:log(48)) - 1fd7fa3e-4528-405a-8afd-745b4b3c0dec@group-2274C675277C-FOLLOWER: accept ELECTION from 941a19a0-9130-4c85-b299-bf36f83edf62: our priority 0 <= candidate's priority 0
2022-06-01 03:34:17,058 [grpc-default-executor-1] INFO  server.RaftServer$Division (RaftServerImpl.java:setRole(299)) - 1fd7fa3e-4528-405a-8afd-745b4b3c0dec@group-2274C675277C: changes role from  FOLLOWER to FOLLOWER at term 1 for candidate:941a19a0-9130-4c85-b299-bf36f83edf62
2022-06-01 03:34:17,058 [grpc-default-executor-1] INFO  impl.RoleInfo (RoleInfo.java:shutdownFollowerState(110)) - 1fd7fa3e-4528-405a-8afd-745b4b3c0dec: shutdown 1fd7fa3e-4528-405a-8afd-745b4b3c0dec@group-2274C675277C-FollowerState
2022-06-01 03:34:17,058 [1fd7fa3e-4528-405a-8afd-745b4b3c0dec@group-2274C675277C-FollowerState] INFO  impl.FollowerState (FollowerState.java:run(152)) - 1fd7fa3e-4528-405a-8afd-745b4b3c0dec@group-2274C675277C-FollowerState was interrupted
2022-06-01 03:34:17,059 [grpc-default-executor-1] INFO  impl.RoleInfo (RoleInfo.java:updateAndGet(139)) - 1fd7fa3e-4528-405a-8afd-745b4b3c0dec: start 1fd7fa3e-4528-405a-8afd-745b4b3c0dec@group-2274C675277C-FollowerState
2022-06-01 03:34:17,069 [grpc-default-executor-0] INFO  server.RaftServer$Division (RaftServerImpl.java:requestVote(1152)) - 0476bece-ff5a-45f4-b395-dd834dd6b6f1@group-2274C675277C: receive requestVote(ELECTION, 941a19a0-9130-4c85-b299-bf36f83edf62, group-2274C675277C, 1, (t:0, i:0))
2022-06-01 03:34:17,069 [grpc-default-executor-0] INFO  impl.VoteContext (VoteContext.java:log(48)) - 0476bece-ff5a-45f4-b395-dd834dd6b6f1@group-2274C675277C-FOLLOWER: reject ELECTION from 941a19a0-9130-4c85-b299-bf36f83edf62: our priority 1 > candidate's priority 0
2022-06-01 03:34:17,071 [grpc-default-executor-0] INFO  server.RaftServer$Division (RaftServerImpl.java:setRole(299)) - 0476bece-ff5a-45f4-b395-dd834dd6b6f1@group-2274C675277C: changes role from  FOLLOWER to FOLLOWER at term 1 for candidate:941a19a0-9130-4c85-b299-bf36f83edf62
2022-06-01 03:34:17,072 [grpc-default-executor-0] INFO  impl.RoleInfo (RoleInfo.java:shutdownFollowerState(110)) - 0476bece-ff5a-45f4-b395-dd834dd6b6f1: shutdown 0476bece-ff5a-45f4-b395-dd834dd6b6f1@group-2274C675277C-FollowerState
2022-06-01 03:34:17,072 [grpc-default-executor-0] INFO  impl.RoleInfo (RoleInfo.java:updateAndGet(139)) - 0476bece-ff5a-45f4-b395-dd834dd6b6f1: start 0476bece-ff5a-45f4-b395-dd834dd6b6f1@group-2274C675277C-FollowerState
2022-06-01 03:34:17,072 [0476bece-ff5a-45f4-b395-dd834dd6b6f1@group-2274C675277C-FollowerState] INFO  impl.FollowerState (FollowerState.java:run(152)) - 0476bece-ff5a-45f4-b395-dd834dd6b6f1@group-2274C675277C-FollowerState was interrupted
2022-06-01 03:34:17,074 [grpc-default-executor-1] INFO  server.RaftServer$Division (RaftServerImpl.java:requestVote(1184)) - 1fd7fa3e-4528-405a-8afd-745b4b3c0dec@group-2274C675277C replies to ELECTION vote request: 941a19a0-9130-4c85-b299-bf36f83edf62<-1fd7fa3e-4528-405a-8afd-745b4b3c0dec#0:OK-t1. Peer's state: 1fd7fa3e-4528-405a-8afd-745b4b3c0dec@group-2274C675277C:t1, leader=null, voted=941a19a0-9130-4c85-b299-bf36f83edf62, raftlog=1fd7fa3e-4528-405a-8afd-745b4b3c0dec@group-2274C675277C-SegmentedRaftLog:OPENED:c-1, conf=-1: [0476bece-ff5a-45f4-b395-dd834dd6b6f1|rpc:10.1.0.5:37339|priority:1, 941a19a0-9130-4c85-b299-bf36f83edf62|rpc:10.1.0.5:44487|priority:0, 1fd7fa3e-4528-405a-8afd-745b4b3c0dec|rpc:10.1.0.5:36067|priority:0], old=null
2022-06-01 03:34:17,078 [grpc-default-executor-0] INFO  server.RaftServer$Division (RaftServerImpl.java:requestVote(1184)) - 0476bece-ff5a-45f4-b395-dd834dd6b6f1@group-2274C675277C replies to ELECTION vote request: 941a19a0-9130-4c85-b299-bf36f83edf62<-0476bece-ff5a-45f4-b395-dd834dd6b6f1#0:FAIL-t1. Peer's state: 0476bece-ff5a-45f4-b395-dd834dd6b6f1@group-2274C675277C:t1, leader=null, voted=null, raftlog=0476bece-ff5a-45f4-b395-dd834dd6b6f1@group-2274C675277C-SegmentedRaftLog:OPENED:c-1, conf=-1: [0476bece-ff5a-45f4-b395-dd834dd6b6f1|rpc:10.1.0.5:37339|dataStream:|priority:1, 941a19a0-9130-4c85-b299-bf36f83edf62|rpc:10.1.0.5:44487|dataStream:|priority:0, 1fd7fa3e-4528-405a-8afd-745b4b3c0dec|rpc:10.1.0.5:36067|dataStream:|priority:0], old=null
2022-06-01 03:34:17,083 [941a19a0-9130-4c85-b299-bf36f83edf62@group-2274C675277C-LeaderElection3] INFO  impl.LeaderElection (LeaderElection.java:logAndReturn(90)) - 941a19a0-9130-4c85-b299-bf36f83edf62@group-2274C675277C-LeaderElection3: ELECTION REJECTED received 2 response(s) and 0 exception(s):
2022-06-01 03:34:17,084 [941a19a0-9130-4c85-b299-bf36f83edf62@group-2274C675277C-LeaderElection3] INFO  impl.LeaderElection (LeaderElection.java:logAndReturn(94)) -   Response 0: 941a19a0-9130-4c85-b299-bf36f83edf62<-0476bece-ff5a-45f4-b395-dd834dd6b6f1#0:FAIL-t1
2022-06-01 03:34:17,084 [941a19a0-9130-4c85-b299-bf36f83edf62@group-2274C675277C-LeaderElection3] INFO  impl.LeaderElection (LeaderElection.java:logAndReturn(94)) -   Response 1: 941a19a0-9130-4c85-b299-bf36f83edf62<-1fd7fa3e-4528-405a-8afd-745b4b3c0dec#0:OK-t1
2022-06-01 03:34:17,084 [941a19a0-9130-4c85-b299-bf36f83edf62@group-2274C675277C-LeaderElection3] INFO  impl.LeaderElection (LeaderElection.java:askForVotes(312)) - 941a19a0-9130-4c85-b299-bf36f83edf62@group-2274C675277C-LeaderElection3 ELECTION round 0: result REJECTED
2022-06-01 03:34:17,084 [941a19a0-9130-4c85-b299-bf36f83edf62@group-2274C675277C-LeaderElection3] INFO  server.RaftServer$Division (RaftServerImpl.java:setRole(299)) - 941a19a0-9130-4c85-b299-bf36f83edf62@group-2274C675277C: changes role from CANDIDATE to FOLLOWER at term 1 for REJECTED
2022-06-01 03:34:17,084 [941a19a0-9130-4c85-b299-bf36f83edf62@group-2274C675277C-LeaderElection3] INFO  impl.RoleInfo (RoleInfo.java:shutdownLeaderElection(130)) - 941a19a0-9130-4c85-b299-bf36f83edf62: shutdown 941a19a0-9130-4c85-b299-bf36f83edf62@group-2274C675277C-LeaderElection3
2022-06-01 03:34:17,084 [941a19a0-9130-4c85-b299-bf36f83edf62@group-2274C675277C-LeaderElection3] INFO  impl.RoleInfo (RoleInfo.java:updateAndGet(139)) - 941a19a0-9130-4c85-b299-bf36f83edf62: start 941a19a0-9130-4c85-b299-bf36f83edf62@group-2274C675277C-FollowerState
2022-06-01 03:34:17,390 [1fd7fa3e-4528-405a-8afd-745b4b3c0dec@group-40CB6A8CC05F-FollowerState] INFO  impl.FollowerState (FollowerState.java:run(143)) - 1fd7fa3e-4528-405a-8afd-745b4b3c0dec@group-40CB6A8CC05F-FollowerState: change to CANDIDATE, lastRpcElapsedTime:5038485185ns, electionTimeout:5033ms
2022-06-01 03:34:17,391 [1fd7fa3e-4528-405a-8afd-745b4b3c0dec@group-40CB6A8CC05F-FollowerState] INFO  impl.RoleInfo (RoleInfo.java:shutdownFollowerState(110)) - 1fd7fa3e-4528-405a-8afd-745b4b3c0dec: shutdown 1fd7fa3e-4528-405a-8afd-745b4b3c0dec@group-40CB6A8CC05F-FollowerState
2022-06-01 03:34:17,391 [1fd7fa3e-4528-405a-8afd-745b4b3c0dec@group-40CB6A8CC05F-FollowerState] INFO  server.RaftServer$Division (RaftServerImpl.java:setRole(299)) - 1fd7fa3e-4528-405a-8afd-745b4b3c0dec@group-40CB6A8CC05F: changes role from  FOLLOWER to CANDIDATE at term 0 for changeToCandidate
2022-06-01 03:34:17,392 [1fd7fa3e-4528-405a-8afd-745b4b3c0dec@group-40CB6A8CC05F-FollowerState] INFO  server.RaftServerConfigKeys (ConfUtils.java:logGet(46)) - raft.server.leaderelection.pre-vote = false (custom)
2022-06-01 03:34:17,392 [1fd7fa3e-4528-405a-8afd-745b4b3c0dec@group-40CB6A8CC05F-FollowerState] INFO  impl.RoleInfo (RoleInfo.java:updateAndGet(139)) - 1fd7fa3e-4528-405a-8afd-745b4b3c0dec: start 1fd7fa3e-4528-405a-8afd-745b4b3c0dec@group-40CB6A8CC05F-LeaderElection4
2022-06-01 03:34:17,395 [1fd7fa3e-4528-405a-8afd-745b4b3c0dec@group-40CB6A8CC05F-LeaderElection4] INFO  impl.LeaderElection (LeaderElection.java:askForVotes(310)) - 1fd7fa3e-4528-405a-8afd-745b4b3c0dec@group-40CB6A8CC05F-LeaderElection4 ELECTION round 0: submit vote requests at term 1 for -1: [1fd7fa3e-4528-405a-8afd-745b4b3c0dec|rpc:10.1.0.5:36067|priority:1], old=null
2022-06-01 03:34:17,395 [1fd7fa3e-4528-405a-8afd-745b4b3c0dec@group-40CB6A8CC05F-LeaderElection4] INFO  impl.LeaderElection (LeaderElection.java:askForVotes(312)) - 1fd7fa3e-4528-405a-8afd-745b4b3c0dec@group-40CB6A8CC05F-LeaderElection4 ELECTION round 0: result PASSED (term=1)
2022-06-01 03:34:17,395 [1fd7fa3e-4528-405a-8afd-745b4b3c0dec@group-40CB6A8CC05F-LeaderElection4] INFO  impl.RoleInfo (RoleInfo.java:shutdownLeaderElection(130)) - 1fd7fa3e-4528-405a-8afd-745b4b3c0dec: shutdown 1fd7fa3e-4528-405a-8afd-745b4b3c0dec@group-40CB6A8CC05F-LeaderElection4
2022-06-01 03:34:17,397 [1fd7fa3e-4528-405a-8afd-745b4b3c0dec@group-40CB6A8CC05F-LeaderElection4] INFO  server.RaftServer$Division (RaftServerImpl.java:setRole(299)) - 1fd7fa3e-4528-405a-8afd-745b4b3c0dec@group-40CB6A8CC05F: changes role from CANDIDATE to LEADER at term 1 for changeToLeader
2022-06-01 03:34:17,397 [1fd7fa3e-4528-405a-8afd-745b4b3c0dec@group-40CB6A8CC05F-LeaderElection4] INFO  ratis.XceiverServerRatis (XceiverServerRatis.java:handleLeaderChangedNotification(863)) - Leader change notification received for group: group-40CB6A8CC05F with new leaderId: 1fd7fa3e-4528-405a-8afd-745b4b3c0dec
2022-06-01 03:34:17,397 [1fd7fa3e-4528-405a-8afd-745b4b3c0dec@group-40CB6A8CC05F-LeaderElection4] INFO  server.RaftServer$Division (ServerState.java:setLeader(287)) - 1fd7fa3e-4528-405a-8afd-745b4b3c0dec@group-40CB6A8CC05F: change Leader from null to 1fd7fa3e-4528-405a-8afd-745b4b3c0dec at term 1 for becomeLeader, leader elected after 5058ms
2022-06-01 03:34:17,397 [1fd7fa3e-4528-405a-8afd-745b4b3c0dec@group-40CB6A8CC05F-LeaderElection4] INFO  server.RaftServerConfigKeys (ConfUtils.java:logGet(46)) - raft.server.staging.catchup.gap = 1000 (default)
2022-06-01 03:34:17,398 [1fd7fa3e-4528-405a-8afd-745b4b3c0dec@group-40CB6A8CC05F-LeaderElection4] INFO  server.RaftServerConfigKeys (ConfUtils.java:logGet(46)) - raft.server.write.element-limit = 1024 (custom)
2022-06-01 03:34:17,398 [1fd7fa3e-4528-405a-8afd-745b4b3c0dec@group-40CB6A8CC05F-LeaderElection4] INFO  server.RaftServerConfigKeys (ConfUtils.java:logGet(46)) - raft.server.write.byte-limit = 1024 M (=1073741824) (custom)
2022-06-01 03:34:17,398 [1fd7fa3e-4528-405a-8afd-745b4b3c0dec@group-40CB6A8CC05F-LeaderElection4] INFO  server.RaftServerConfigKeys (ConfUtils.java:logGet(46)) - raft.server.watch.timeout = 180s (custom)
2022-06-01 03:34:17,398 [1fd7fa3e-4528-405a-8afd-745b4b3c0dec@group-40CB6A8CC05F-LeaderElection4] INFO  server.RaftServerConfigKeys (ConfUtils.java:logGet(46)) - raft.server.watch.timeout.denomination = 1s (default)
2022-06-01 03:34:17,398 [1fd7fa3e-4528-405a-8afd-745b4b3c0dec@group-40CB6A8CC05F-LeaderElection4] INFO  server.RaftServerConfigKeys (ConfUtils.java:logGet(46)) - raft.server.watch.element-limit = 65536 (default)
2022-06-01 03:34:17,401 [1fd7fa3e-4528-405a-8afd-745b4b3c0dec@group-40CB6A8CC05F-LeaderElection4] INFO  server.RaftServerConfigKeys (ConfUtils.java:logGet(46)) - raft.server.write.element-limit = 1024 (custom)
2022-06-01 03:34:17,402 [1fd7fa3e-4528-405a-8afd-745b4b3c0dec@group-40CB6A8CC05F-LeaderElection4] INFO  server.RaftServerConfigKeys (ConfUtils.java:logGet(46)) - raft.server.write.follower.gap.ratio.max = -1.0 (default)
2022-06-01 03:34:17,402 [1fd7fa3e-4528-405a-8afd-745b4b3c0dec@group-40CB6A8CC05F-LeaderElection4] INFO  impl.RoleInfo (RoleInfo.java:updateAndGet(139)) - 1fd7fa3e-4528-405a-8afd-745b4b3c0dec: start 1fd7fa3e-4528-405a-8afd-745b4b3c0dec@group-40CB6A8CC05F-LeaderStateImpl
2022-06-01 03:34:17,402 [1fd7fa3e-4528-405a-8afd-745b4b3c0dec@group-40CB6A8CC05F-LeaderElection4] INFO  segmented.SegmentedRaftLogWorker (SegmentedRaftLogWorker.java:startLogSegment(425)) - 1fd7fa3e-4528-405a-8afd-745b4b3c0dec@group-40CB6A8CC05F-SegmentedRaftLogWorker: Starting segment from index:0
2022-06-01 03:34:17,404 [EventQueue-OpenPipelineForHealthyPipelineSafeModeRule] INFO  safemode.SCMSafeModeManager (HealthyPipelineSafeModeRule.java:process(124)) - SCM in safe mode. Healthy pipelines reported count is 0, required healthy pipeline reported count is 1
2022-06-01 03:34:17,405 [1fd7fa3e-4528-405a-8afd-745b4b3c0dec@group-40CB6A8CC05F-SegmentedRaftLogWorker] INFO  segmented.SegmentedRaftLogWorker (SegmentedRaftLogWorker.java:execute(629)) - 1fd7fa3e-4528-405a-8afd-745b4b3c0dec@group-40CB6A8CC05F-SegmentedRaftLogWorker: created new log segment /home/runner/work/ozone/ozone/hadoop-ozone/integration-test/target/test-dir/MiniOzoneClusterImpl-2aa7f405-a4ee-42d9-877d-60ec10202336/datanode-1/data/ratis/98afecb6-1117-4782-a0d5-40cb6a8cc05f/current/log_inprogress_0
2022-06-01 03:34:17,407 [1fd7fa3e-4528-405a-8afd-745b4b3c0dec@group-40CB6A8CC05F-LeaderElection4] INFO  server.RaftServer$Division (ServerState.java:setRaftConf(393)) - 1fd7fa3e-4528-405a-8afd-745b4b3c0dec@group-40CB6A8CC05F: set configuration 0: [1fd7fa3e-4528-405a-8afd-745b4b3c0dec|rpc:10.1.0.5:36067|dataStream:|priority:1], old=null
2022-06-01 03:34:17,644 [Listener at 127.0.0.1/38045] INFO  ozone.MiniOzoneClusterImpl (MiniOzoneClusterImpl.java:lambda$waitForClusterToBeReady$0(221)) - Nodes are ready. Got 3 of 3 DN Heartbeats.
2022-06-01 03:34:17,644 [Listener at 127.0.0.1/38045] INFO  ozone.MiniOzoneClusterImpl (MiniOzoneClusterImpl.java:lambda$waitForClusterToBeReady$0(224)) - Waiting for cluster to exit safe mode
2022-06-01 03:34:17,644 [Listener at 127.0.0.1/38045] INFO  ozone.MiniOzoneClusterImpl (MiniOzoneClusterImpl.java:lambda$waitForClusterToBeReady$0(226)) - SCM became leader
2022-06-01 03:34:17,737 [0476bece-ff5a-45f4-b395-dd834dd6b6f1@group-AFCF4E315C80-FollowerState] INFO  impl.FollowerState (FollowerState.java:run(143)) - 0476bece-ff5a-45f4-b395-dd834dd6b6f1@group-AFCF4E315C80-FollowerState: change to CANDIDATE, lastRpcElapsedTime:5082038002ns, electionTimeout:5081ms
2022-06-01 03:34:17,737 [0476bece-ff5a-45f4-b395-dd834dd6b6f1@group-AFCF4E315C80-FollowerState] INFO  impl.RoleInfo (RoleInfo.java:shutdownFollowerState(110)) - 0476bece-ff5a-45f4-b395-dd834dd6b6f1: shutdown 0476bece-ff5a-45f4-b395-dd834dd6b6f1@group-AFCF4E315C80-FollowerState
2022-06-01 03:34:17,738 [0476bece-ff5a-45f4-b395-dd834dd6b6f1@group-AFCF4E315C80-FollowerState] INFO  server.RaftServer$Division (RaftServerImpl.java:setRole(299)) - 0476bece-ff5a-45f4-b395-dd834dd6b6f1@group-AFCF4E315C80: changes role from  FOLLOWER to CANDIDATE at term 0 for changeToCandidate
2022-06-01 03:34:17,738 [0476bece-ff5a-45f4-b395-dd834dd6b6f1@group-AFCF4E315C80-FollowerState] INFO  server.RaftServerConfigKeys (ConfUtils.java:logGet(46)) - raft.server.leaderelection.pre-vote = false (custom)
2022-06-01 03:34:17,738 [0476bece-ff5a-45f4-b395-dd834dd6b6f1@group-AFCF4E315C80-FollowerState] INFO  impl.RoleInfo (RoleInfo.java:updateAndGet(139)) - 0476bece-ff5a-45f4-b395-dd834dd6b6f1: start 0476bece-ff5a-45f4-b395-dd834dd6b6f1@group-AFCF4E315C80-LeaderElection5
2022-06-01 03:34:17,747 [0476bece-ff5a-45f4-b395-dd834dd6b6f1@group-AFCF4E315C80-LeaderElection5] INFO  impl.LeaderElection (LeaderElection.java:askForVotes(310)) - 0476bece-ff5a-45f4-b395-dd834dd6b6f1@group-AFCF4E315C80-LeaderElection5 ELECTION round 0: submit vote requests at term 1 for -1: [0476bece-ff5a-45f4-b395-dd834dd6b6f1|rpc:10.1.0.5:37339|priority:1], old=null
2022-06-01 03:34:17,747 [0476bece-ff5a-45f4-b395-dd834dd6b6f1@group-AFCF4E315C80-LeaderElection5] INFO  impl.LeaderElection (LeaderElection.java:askForVotes(312)) - 0476bece-ff5a-45f4-b395-dd834dd6b6f1@group-AFCF4E315C80-LeaderElection5 ELECTION round 0: result PASSED (term=1)
2022-06-01 03:34:17,747 [0476bece-ff5a-45f4-b395-dd834dd6b6f1@group-AFCF4E315C80-LeaderElection5] INFO  impl.RoleInfo (RoleInfo.java:shutdownLeaderElection(130)) - 0476bece-ff5a-45f4-b395-dd834dd6b6f1: shutdown 0476bece-ff5a-45f4-b395-dd834dd6b6f1@group-AFCF4E315C80-LeaderElection5
2022-06-01 03:34:17,747 [0476bece-ff5a-45f4-b395-dd834dd6b6f1@group-AFCF4E315C80-LeaderElection5] INFO  server.RaftServer$Division (RaftServerImpl.java:setRole(299)) - 0476bece-ff5a-45f4-b395-dd834dd6b6f1@group-AFCF4E315C80: changes role from CANDIDATE to LEADER at term 1 for changeToLeader
2022-06-01 03:34:17,747 [0476bece-ff5a-45f4-b395-dd834dd6b6f1@group-AFCF4E315C80-LeaderElection5] INFO  ratis.XceiverServerRatis (XceiverServerRatis.java:handleLeaderChangedNotification(863)) - Leader change notification received for group: group-AFCF4E315C80 with new leaderId: 0476bece-ff5a-45f4-b395-dd834dd6b6f1
2022-06-01 03:34:17,747 [0476bece-ff5a-45f4-b395-dd834dd6b6f1@group-AFCF4E315C80-LeaderElection5] INFO  server.RaftServer$Division (ServerState.java:setLeader(287)) - 0476bece-ff5a-45f4-b395-dd834dd6b6f1@group-AFCF4E315C80: change Leader from null to 0476bece-ff5a-45f4-b395-dd834dd6b6f1 at term 1 for becomeLeader, leader elected after 5098ms
2022-06-01 03:34:17,747 [0476bece-ff5a-45f4-b395-dd834dd6b6f1@group-AFCF4E315C80-LeaderElection5] INFO  server.RaftServerConfigKeys (ConfUtils.java:logGet(46)) - raft.server.staging.catchup.gap = 1000 (default)
2022-06-01 03:34:17,749 [EventQueue-OpenPipelineForHealthyPipelineSafeModeRule] INFO  safemode.SCMSafeModeManager (HealthyPipelineSafeModeRule.java:process(124)) - SCM in safe mode. Healthy pipelines reported count is 0, required healthy pipeline reported count is 1
2022-06-01 03:34:17,749 [0476bece-ff5a-45f4-b395-dd834dd6b6f1@group-AFCF4E315C80-LeaderElection5] INFO  server.RaftServerConfigKeys (ConfUtils.java:logGet(46)) - raft.server.write.element-limit = 1024 (custom)
2022-06-01 03:34:17,750 [0476bece-ff5a-45f4-b395-dd834dd6b6f1@group-AFCF4E315C80-LeaderElection5] INFO  server.RaftServerConfigKeys (ConfUtils.java:logGet(46)) - raft.server.write.byte-limit = 1024 M (=1073741824) (custom)
2022-06-01 03:34:17,750 [0476bece-ff5a-45f4-b395-dd834dd6b6f1@group-AFCF4E315C80-LeaderElection5] INFO  server.RaftServerConfigKeys (ConfUtils.java:logGet(46)) - raft.server.watch.timeout = 180s (custom)
2022-06-01 03:34:17,752 [0476bece-ff5a-45f4-b395-dd834dd6b6f1@group-AFCF4E315C80-LeaderElection5] INFO  server.RaftServerConfigKeys (ConfUtils.java:logGet(46)) - raft.server.watch.timeout.denomination = 1s (default)
2022-06-01 03:34:17,752 [0476bece-ff5a-45f4-b395-dd834dd6b6f1@group-AFCF4E315C80-LeaderElection5] INFO  server.RaftServerConfigKeys (ConfUtils.java:logGet(46)) - raft.server.watch.element-limit = 65536 (default)
2022-06-01 03:34:17,752 [0476bece-ff5a-45f4-b395-dd834dd6b6f1@group-AFCF4E315C80-LeaderElection5] INFO  server.RaftServerConfigKeys (ConfUtils.java:logGet(46)) - raft.server.write.element-limit = 1024 (custom)
2022-06-01 03:34:17,752 [0476bece-ff5a-45f4-b395-dd834dd6b6f1@group-AFCF4E315C80-LeaderElection5] INFO  server.RaftServerConfigKeys (ConfUtils.java:logGet(46)) - raft.server.write.follower.gap.ratio.max = -1.0 (default)
2022-06-01 03:34:17,752 [0476bece-ff5a-45f4-b395-dd834dd6b6f1@group-AFCF4E315C80-LeaderElection5] INFO  impl.RoleInfo (RoleInfo.java:updateAndGet(139)) - 0476bece-ff5a-45f4-b395-dd834dd6b6f1: start 0476bece-ff5a-45f4-b395-dd834dd6b6f1@group-AFCF4E315C80-LeaderStateImpl
2022-06-01 03:34:17,753 [0476bece-ff5a-45f4-b395-dd834dd6b6f1@group-AFCF4E315C80-LeaderElection5] INFO  segmented.SegmentedRaftLogWorker (SegmentedRaftLogWorker.java:startLogSegment(425)) - 0476bece-ff5a-45f4-b395-dd834dd6b6f1@group-AFCF4E315C80-SegmentedRaftLogWorker: Starting segment from index:0
2022-06-01 03:34:17,756 [941a19a0-9130-4c85-b299-bf36f83edf62@group-930FE89306BD-FollowerState] INFO  impl.FollowerState (FollowerState.java:run(143)) - 941a19a0-9130-4c85-b299-bf36f83edf62@group-930FE89306BD-FollowerState: change to CANDIDATE, lastRpcElapsedTime:5122099287ns, electionTimeout:5115ms
2022-06-01 03:34:17,756 [0476bece-ff5a-45f4-b395-dd834dd6b6f1@group-AFCF4E315C80-LeaderElection5] INFO  server.RaftServer$Division (ServerState.java:setRaftConf(393)) - 0476bece-ff5a-45f4-b395-dd834dd6b6f1@group-AFCF4E315C80: set configuration 0: [0476bece-ff5a-45f4-b395-dd834dd6b6f1|rpc:10.1.0.5:37339|dataStream:|priority:1], old=null
2022-06-01 03:34:17,756 [941a19a0-9130-4c85-b299-bf36f83edf62@group-930FE89306BD-FollowerState] INFO  impl.RoleInfo (RoleInfo.java:shutdownFollowerState(110)) - 941a19a0-9130-4c85-b299-bf36f83edf62: shutdown 941a19a0-9130-4c85-b299-bf36f83edf62@group-930FE89306BD-FollowerState
2022-06-01 03:34:17,756 [941a19a0-9130-4c85-b299-bf36f83edf62@group-930FE89306BD-FollowerState] INFO  server.RaftServer$Division (RaftServerImpl.java:setRole(299)) - 941a19a0-9130-4c85-b299-bf36f83edf62@group-930FE89306BD: changes role from  FOLLOWER to CANDIDATE at term 0 for changeToCandidate
2022-06-01 03:34:17,757 [941a19a0-9130-4c85-b299-bf36f83edf62@group-930FE89306BD-FollowerState] INFO  server.RaftServerConfigKeys (ConfUtils.java:logGet(46)) - raft.server.leaderelection.pre-vote = false (custom)
2022-06-01 03:34:17,757 [941a19a0-9130-4c85-b299-bf36f83edf62@group-930FE89306BD-FollowerState] INFO  impl.RoleInfo (RoleInfo.java:updateAndGet(139)) - 941a19a0-9130-4c85-b299-bf36f83edf62: start 941a19a0-9130-4c85-b299-bf36f83edf62@group-930FE89306BD-LeaderElection6
2022-06-01 03:34:17,757 [0476bece-ff5a-45f4-b395-dd834dd6b6f1@group-AFCF4E315C80-SegmentedRaftLogWorker] INFO  segmented.SegmentedRaftLogWorker (SegmentedRaftLogWorker.java:execute(629)) - 0476bece-ff5a-45f4-b395-dd834dd6b6f1@group-AFCF4E315C80-SegmentedRaftLogWorker: created new log segment /home/runner/work/ozone/ozone/hadoop-ozone/integration-test/target/test-dir/MiniOzoneClusterImpl-2aa7f405-a4ee-42d9-877d-60ec10202336/datanode-2/data/ratis/952ad8bd-e9b6-4448-92c6-afcf4e315c80/current/log_inprogress_0
2022-06-01 03:34:17,761 [941a19a0-9130-4c85-b299-bf36f83edf62@group-930FE89306BD-LeaderElection6] INFO  impl.LeaderElection (LeaderElection.java:askForVotes(310)) - 941a19a0-9130-4c85-b299-bf36f83edf62@group-930FE89306BD-LeaderElection6 ELECTION round 0: submit vote requests at term 1 for -1: [0476bece-ff5a-45f4-b395-dd834dd6b6f1|rpc:10.1.0.5:37339|priority:0, 941a19a0-9130-4c85-b299-bf36f83edf62|rpc:10.1.0.5:44487|priority:1, 1fd7fa3e-4528-405a-8afd-745b4b3c0dec|rpc:10.1.0.5:36067|priority:0], old=null
2022-06-01 03:34:17,771 [grpc-default-executor-1] INFO  server.RaftServer$Division (RaftServerImpl.java:requestVote(1152)) - 0476bece-ff5a-45f4-b395-dd834dd6b6f1@group-930FE89306BD: receive requestVote(ELECTION, 941a19a0-9130-4c85-b299-bf36f83edf62, group-930FE89306BD, 1, (t:0, i:0))
2022-06-01 03:34:17,771 [grpc-default-executor-0] INFO  server.RaftServer$Division (RaftServerImpl.java:requestVote(1152)) - 1fd7fa3e-4528-405a-8afd-745b4b3c0dec@group-930FE89306BD: receive requestVote(ELECTION, 941a19a0-9130-4c85-b299-bf36f83edf62, group-930FE89306BD, 1, (t:0, i:0))
2022-06-01 03:34:17,771 [grpc-default-executor-1] INFO  impl.VoteContext (VoteContext.java:log(48)) - 0476bece-ff5a-45f4-b395-dd834dd6b6f1@group-930FE89306BD-FOLLOWER: accept ELECTION from 941a19a0-9130-4c85-b299-bf36f83edf62: our priority 0 <= candidate's priority 1
2022-06-01 03:34:17,771 [grpc-default-executor-0] INFO  impl.VoteContext (VoteContext.java:log(48)) - 1fd7fa3e-4528-405a-8afd-745b4b3c0dec@group-930FE89306BD-FOLLOWER: accept ELECTION from 941a19a0-9130-4c85-b299-bf36f83edf62: our priority 0 <= candidate's priority 1
2022-06-01 03:34:17,771 [grpc-default-executor-1] INFO  server.RaftServer$Division (RaftServerImpl.java:setRole(299)) - 0476bece-ff5a-45f4-b395-dd834dd6b6f1@group-930FE89306BD: changes role from  FOLLOWER to FOLLOWER at term 1 for candidate:941a19a0-9130-4c85-b299-bf36f83edf62
2022-06-01 03:34:17,771 [grpc-default-executor-1] INFO  impl.RoleInfo (RoleInfo.java:shutdownFollowerState(110)) - 0476bece-ff5a-45f4-b395-dd834dd6b6f1: shutdown 0476bece-ff5a-45f4-b395-dd834dd6b6f1@group-930FE89306BD-FollowerState
2022-06-01 03:34:17,771 [grpc-default-executor-1] INFO  impl.RoleInfo (RoleInfo.java:updateAndGet(139)) - 0476bece-ff5a-45f4-b395-dd834dd6b6f1: start 0476bece-ff5a-45f4-b395-dd834dd6b6f1@group-930FE89306BD-FollowerState
2022-06-01 03:34:17,771 [0476bece-ff5a-45f4-b395-dd834dd6b6f1@group-930FE89306BD-FollowerState] INFO  impl.FollowerState (FollowerState.java:run(152)) - 0476bece-ff5a-45f4-b395-dd834dd6b6f1@group-930FE89306BD-FollowerState was interrupted
2022-06-01 03:34:17,771 [grpc-default-executor-0] INFO  server.RaftServer$Division (RaftServerImpl.java:setRole(299)) - 1fd7fa3e-4528-405a-8afd-745b4b3c0dec@group-930FE89306BD: changes role from  FOLLOWER to FOLLOWER at term 1 for candidate:941a19a0-9130-4c85-b299-bf36f83edf62
2022-06-01 03:34:17,771 [grpc-default-executor-0] INFO  impl.RoleInfo (RoleInfo.java:shutdownFollowerState(110)) - 1fd7fa3e-4528-405a-8afd-745b4b3c0dec: shutdown 1fd7fa3e-4528-405a-8afd-745b4b3c0dec@group-930FE89306BD-FollowerState
2022-06-01 03:34:17,776 [1fd7fa3e-4528-405a-8afd-745b4b3c0dec@group-930FE89306BD-FollowerState] INFO  impl.FollowerState (FollowerState.java:run(152)) - 1fd7fa3e-4528-405a-8afd-745b4b3c0dec@group-930FE89306BD-FollowerState was interrupted
2022-06-01 03:34:17,776 [grpc-default-executor-0] INFO  impl.RoleInfo (RoleInfo.java:updateAndGet(139)) - 1fd7fa3e-4528-405a-8afd-745b4b3c0dec: start 1fd7fa3e-4528-405a-8afd-745b4b3c0dec@group-930FE89306BD-FollowerState
2022-06-01 03:34:17,777 [grpc-default-executor-1] INFO  server.RaftServer$Division (RaftServerImpl.java:requestVote(1184)) - 0476bece-ff5a-45f4-b395-dd834dd6b6f1@group-930FE89306BD replies to ELECTION vote request: 941a19a0-9130-4c85-b299-bf36f83edf62<-0476bece-ff5a-45f4-b395-dd834dd6b6f1#0:OK-t1. Peer's state: 0476bece-ff5a-45f4-b395-dd834dd6b6f1@group-930FE89306BD:t1, leader=null, voted=941a19a0-9130-4c85-b299-bf36f83edf62, raftlog=0476bece-ff5a-45f4-b395-dd834dd6b6f1@group-930FE89306BD-SegmentedRaftLog:OPENED:c-1, conf=-1: [0476bece-ff5a-45f4-b395-dd834dd6b6f1|rpc:10.1.0.5:37339|priority:0, 941a19a0-9130-4c85-b299-bf36f83edf62|rpc:10.1.0.5:44487|priority:1, 1fd7fa3e-4528-405a-8afd-745b4b3c0dec|rpc:10.1.0.5:36067|priority:0], old=null
2022-06-01 03:34:17,778 [grpc-default-executor-0] INFO  server.RaftServer$Division (RaftServerImpl.java:requestVote(1184)) - 1fd7fa3e-4528-405a-8afd-745b4b3c0dec@group-930FE89306BD replies to ELECTION vote request: 941a19a0-9130-4c85-b299-bf36f83edf62<-1fd7fa3e-4528-405a-8afd-745b4b3c0dec#0:OK-t1. Peer's state: 1fd7fa3e-4528-405a-8afd-745b4b3c0dec@group-930FE89306BD:t1, leader=null, voted=941a19a0-9130-4c85-b299-bf36f83edf62, raftlog=1fd7fa3e-4528-405a-8afd-745b4b3c0dec@group-930FE89306BD-SegmentedRaftLog:OPENED:c-1, conf=-1: [0476bece-ff5a-45f4-b395-dd834dd6b6f1|rpc:10.1.0.5:37339|priority:0, 941a19a0-9130-4c85-b299-bf36f83edf62|rpc:10.1.0.5:44487|priority:1, 1fd7fa3e-4528-405a-8afd-745b4b3c0dec|rpc:10.1.0.5:36067|priority:0], old=null
2022-06-01 03:34:17,778 [941a19a0-9130-4c85-b299-bf36f83edf62@group-930FE89306BD-LeaderElection6] INFO  impl.LeaderElection (LeaderElection.java:logAndReturn(90)) - 941a19a0-9130-4c85-b299-bf36f83edf62@group-930FE89306BD-LeaderElection6: ELECTION PASSED received 1 response(s) and 0 exception(s):
2022-06-01 03:34:17,779 [941a19a0-9130-4c85-b299-bf36f83edf62@group-930FE89306BD-LeaderElection6] INFO  impl.LeaderElection (LeaderElection.java:logAndReturn(94)) -   Response 0: 941a19a0-9130-4c85-b299-bf36f83edf62<-0476bece-ff5a-45f4-b395-dd834dd6b6f1#0:OK-t1
2022-06-01 03:34:17,779 [941a19a0-9130-4c85-b299-bf36f83edf62@group-930FE89306BD-LeaderElection6] INFO  impl.LeaderElection (LeaderElection.java:askForVotes(312)) - 941a19a0-9130-4c85-b299-bf36f83edf62@group-930FE89306BD-LeaderElection6 ELECTION round 0: result PASSED
2022-06-01 03:34:17,779 [941a19a0-9130-4c85-b299-bf36f83edf62@group-930FE89306BD-LeaderElection6] INFO  impl.RoleInfo (RoleInfo.java:shutdownLeaderElection(130)) - 941a19a0-9130-4c85-b299-bf36f83edf62: shutdown 941a19a0-9130-4c85-b299-bf36f83edf62@group-930FE89306BD-LeaderElection6
2022-06-01 03:34:17,779 [941a19a0-9130-4c85-b299-bf36f83edf62@group-930FE89306BD-LeaderElection6] INFO  server.RaftServer$Division (RaftServerImpl.java:setRole(299)) - 941a19a0-9130-4c85-b299-bf36f83edf62@group-930FE89306BD: changes role from CANDIDATE to LEADER at term 1 for changeToLeader
2022-06-01 03:34:17,779 [941a19a0-9130-4c85-b299-bf36f83edf62@group-930FE89306BD-LeaderElection6] INFO  ratis.XceiverServerRatis (XceiverServerRatis.java:handleLeaderChangedNotification(863)) - Leader change notification received for group: group-930FE89306BD with new leaderId: 941a19a0-9130-4c85-b299-bf36f83edf62
2022-06-01 03:34:17,779 [941a19a0-9130-4c85-b299-bf36f83edf62@group-930FE89306BD-LeaderElection6] INFO  server.RaftServer$Division (ServerState.java:setLeader(287)) - 941a19a0-9130-4c85-b299-bf36f83edf62@group-930FE89306BD: change Leader from null to 941a19a0-9130-4c85-b299-bf36f83edf62 at term 1 for becomeLeader, leader elected after 5158ms
2022-06-01 03:34:17,779 [941a19a0-9130-4c85-b299-bf36f83edf62@group-930FE89306BD-LeaderElection6] INFO  server.RaftServerConfigKeys (ConfUtils.java:logGet(46)) - raft.server.staging.catchup.gap = 1000 (default)
2022-06-01 03:34:17,781 [941a19a0-9130-4c85-b299-bf36f83edf62@group-930FE89306BD-LeaderElection6] INFO  server.RaftServerConfigKeys (ConfUtils.java:logGet(46)) - raft.server.write.element-limit = 1024 (custom)
2022-06-01 03:34:17,781 [941a19a0-9130-4c85-b299-bf36f83edf62@group-930FE89306BD-LeaderElection6] INFO  server.RaftServerConfigKeys (ConfUtils.java:logGet(46)) - raft.server.write.byte-limit = 1024 M (=1073741824) (custom)
2022-06-01 03:34:17,782 [941a19a0-9130-4c85-b299-bf36f83edf62@group-930FE89306BD-LeaderElection6] INFO  server.RaftServerConfigKeys (ConfUtils.java:logGet(46)) - raft.server.watch.timeout = 180s (custom)
2022-06-01 03:34:17,782 [941a19a0-9130-4c85-b299-bf36f83edf62@group-930FE89306BD-LeaderElection6] INFO  server.RaftServerConfigKeys (ConfUtils.java:logGet(46)) - raft.server.watch.timeout.denomination = 1s (default)
2022-06-01 03:34:17,782 [941a19a0-9130-4c85-b299-bf36f83edf62@group-930FE89306BD-LeaderElection6] INFO  server.RaftServerConfigKeys (ConfUtils.java:logGet(46)) - raft.server.watch.element-limit = 65536 (default)
2022-06-01 03:34:17,782 [941a19a0-9130-4c85-b299-bf36f83edf62@group-930FE89306BD-LeaderElection6] INFO  server.RaftServerConfigKeys (ConfUtils.java:logGet(46)) - raft.server.write.element-limit = 1024 (custom)
2022-06-01 03:34:17,782 [941a19a0-9130-4c85-b299-bf36f83edf62@group-930FE89306BD-LeaderElection6] INFO  server.RaftServerConfigKeys (ConfUtils.java:logGet(46)) - raft.server.write.follower.gap.ratio.max = -1.0 (default)
2022-06-01 03:34:17,784 [EventQueue-PipelineReportForPipelineReportHandler] INFO  pipeline.PipelineManagerImpl (PipelineManagerImpl.java:openPipeline(356)) - Pipeline Pipeline[ Id: 5d8012ff-55bf-4daa-9060-930fe89306bd, Nodes: 0476bece-ff5a-45f4-b395-dd834dd6b6f1{ip: 10.1.0.5, host: fv-az151-582.yf2hydr00wburbhx3j5hxtcipe.bx.internal.cloudapp.net, ports: [REPLICATION=35943, RATIS=37339, RATIS_ADMIN=37339, RATIS_SERVER=37339, STANDALONE=35607], networkLocation: /default-rack, certSerialId: null, persistedOpState: IN_SERVICE, persistedOpStateExpiryEpochSec: 0}941a19a0-9130-4c85-b299-bf36f83edf62{ip: 10.1.0.5, host: fv-az151-582.yf2hydr00wburbhx3j5hxtcipe.bx.internal.cloudapp.net, ports: [REPLICATION=41613, RATIS=44487, RATIS_ADMIN=44487, RATIS_SERVER=44487, STANDALONE=45343], networkLocation: /default-rack, certSerialId: null, persistedOpState: IN_SERVICE, persistedOpStateExpiryEpochSec: 0}1fd7fa3e-4528-405a-8afd-745b4b3c0dec{ip: 10.1.0.5, host: fv-az151-582.yf2hydr00wburbhx3j5hxtcipe.bx.internal.cloudapp.net, ports: [REPLICATION=41265, RATIS=36067, RATIS_ADMIN=36067, RATIS_SERVER=36067, STANDALONE=38933], networkLocation: /default-rack, certSerialId: null, persistedOpState: IN_SERVICE, persistedOpStateExpiryEpochSec: 0}, ReplicationConfig: RATIS/THREE, State:ALLOCATED, leaderId:941a19a0-9130-4c85-b299-bf36f83edf62, CreationTimestamp2022-06-01T03:34:09.654Z[Etc/UTC]] moved to OPEN state
2022-06-01 03:34:17,797 [941a19a0-9130-4c85-b299-bf36f83edf62@group-930FE89306BD-LeaderElection6] INFO  server.RaftServerConfigKeys (ConfUtils.java:logGet(46)) - raft.server.log.appender.snapshot.chunk.size.max = 16MB (=16777216) (default)
2022-06-01 03:34:17,784 [EventQueue-OpenPipelineForHealthyPipelineSafeModeRule] INFO  safemode.SCMSafeModeManager (HealthyPipelineSafeModeRule.java:process(124)) - SCM in safe mode. Healthy pipelines reported count is 0, required healthy pipeline reported count is 1
2022-06-01 03:34:17,800 [EventQueue-OpenPipelineForHealthyPipelineSafeModeRule] INFO  safemode.SCMSafeModeManager (HealthyPipelineSafeModeRule.java:process(124)) - SCM in safe mode. Healthy pipelines reported count is 1, required healthy pipeline reported count is 1
2022-06-01 03:34:17,800 [EventQueue-OpenPipelineForHealthyPipelineSafeModeRule] INFO  safemode.SCMSafeModeManager (SCMSafeModeManager.java:validateSafeModeExitRules(204)) - HealthyPipelineSafeModeRule rule is successfully validated
2022-06-01 03:34:17,800 [EventQueue-OpenPipelineForHealthyPipelineSafeModeRule] INFO  safemode.SCMSafeModeManager (SCMSafeModeManager.java:validateSafeModeExitRules(219)) - ScmSafeModeManager, all rules are successfully validated
2022-06-01 03:34:17,800 [EventQueue-OpenPipelineForHealthyPipelineSafeModeRule] INFO  safemode.SCMSafeModeManager (SCMSafeModeManager.java:exitSafeMode(248)) - SCM exiting safe mode.
2022-06-01 03:34:17,800 [EventQueue-OpenPipelineForHealthyPipelineSafeModeRule] WARN  events.EventQueue (EventQueue.java:fireEvent(194)) - No event handler registered for event TypedEvent{payloadType=SafeModeStatus, name='Safe mode status'}
2022-06-01 03:34:17,800 [EventQueue-OpenPipelineForHealthyPipelineSafeModeRule] INFO  ha.SCMContext (SCMContext.java:updateSafeModeStatus(211)) - Update SafeModeStatus from SafeModeStatus{safeModeStatus=true, preCheckPassed=true} to SafeModeStatus{safeModeStatus=false, preCheckPassed=true}.
2022-06-01 03:34:17,800 [EventQueue-OpenPipelineForHealthyPipelineSafeModeRule] INFO  pipeline.BackgroundPipelineCreator (BackgroundPipelineCreator.java:notifyStatusChanged(251)) - Service BackgroundPipelineCreator transitions to RUNNING.
2022-06-01 03:34:17,800 [EventQueue-OpenPipelineForHealthyPipelineSafeModeRule] INFO  BackgroundPipelineScrubber (BackgroundSCMService.java:notifyStatusChanged(82)) - Service BackgroundPipelineScrubber transitions to RUNNING.
2022-06-01 03:34:17,800 [EventQueue-OpenPipelineForHealthyPipelineSafeModeRule] INFO  ExpiredContainerReplicaOpScrubber (BackgroundSCMService.java:notifyStatusChanged(82)) - Service ExpiredContainerReplicaOpScrubber transitions to RUNNING.
2022-06-01 03:34:17,800 [EventQueue-OpenPipelineForHealthyPipelineSafeModeRule] INFO  replication.ReplicationManager (ReplicationManager.java:notifyStatusChanged(372)) - Service ReplicationManager transitions to RUNNING.
2022-06-01 03:34:17,801 [941a19a0-9130-4c85-b299-bf36f83edf62@group-930FE89306BD-LeaderElection6] INFO  server.RaftServerConfigKeys (ConfUtils.java:logGet(46)) - raft.server.log.appender.buffer.byte-limit = 33554432 (custom)
2022-06-01 03:34:17,801 [941a19a0-9130-4c85-b299-bf36f83edf62@group-930FE89306BD-LeaderElection6] INFO  server.RaftServerConfigKeys (ConfUtils.java:logGet(46)) - raft.server.log.appender.buffer.element-limit = 1 (custom)
2022-06-01 03:34:17,804 [941a19a0-9130-4c85-b299-bf36f83edf62@group-930FE89306BD-LeaderElection6] INFO  grpc.GrpcConfigKeys (ConfUtils.java:logGet(46)) - raft.grpc.server.leader.outstanding.appends.max = 128 (default)
2022-06-01 03:34:17,804 [941a19a0-9130-4c85-b299-bf36f83edf62@group-930FE89306BD-LeaderElection6] INFO  server.RaftServerConfigKeys (ConfUtils.java:logGet(46)) - raft.server.rpc.request.timeout = 60s (custom)
2022-06-01 03:34:17,804 [941a19a0-9130-4c85-b299-bf36f83edf62@group-930FE89306BD-LeaderElection6] INFO  server.RaftServerConfigKeys (ConfUtils.java:logGet(46)) - raft.server.log.appender.install.snapshot.enabled = false (custom)
2022-06-01 03:34:17,806 [941a19a0-9130-4c85-b299-bf36f83edf62@group-930FE89306BD-LeaderElection6] INFO  server.RaftServerConfigKeys (ConfUtils.java:logGet(46)) - raft.server.log.appender.snapshot.chunk.size.max = 16MB (=16777216) (default)
2022-06-01 03:34:17,806 [941a19a0-9130-4c85-b299-bf36f83edf62@group-930FE89306BD-LeaderElection6] INFO  server.RaftServerConfigKeys (ConfUtils.java:logGet(46)) - raft.server.log.appender.buffer.byte-limit = 33554432 (custom)
2022-06-01 03:34:17,806 [941a19a0-9130-4c85-b299-bf36f83edf62@group-930FE89306BD-LeaderElection6] INFO  server.RaftServerConfigKeys (ConfUtils.java:logGet(46)) - raft.server.log.appender.buffer.element-limit = 1 (custom)
2022-06-01 03:34:17,807 [941a19a0-9130-4c85-b299-bf36f83edf62@group-930FE89306BD-LeaderElection6] INFO  grpc.GrpcConfigKeys (ConfUtils.java:logGet(46)) - raft.grpc.server.leader.outstanding.appends.max = 128 (default)
2022-06-01 03:34:17,807 [941a19a0-9130-4c85-b299-bf36f83edf62@group-930FE89306BD-LeaderElection6] INFO  server.RaftServerConfigKeys (ConfUtils.java:logGet(46)) - raft.server.rpc.request.timeout = 60s (custom)
2022-06-01 03:34:17,807 [941a19a0-9130-4c85-b299-bf36f83edf62@group-930FE89306BD-LeaderElection6] INFO  server.RaftServerConfigKeys (ConfUtils.java:logGet(46)) - raft.server.log.appender.install.snapshot.enabled = false (custom)
2022-06-01 03:34:17,807 [941a19a0-9130-4c85-b299-bf36f83edf62@group-930FE89306BD-LeaderElection6] INFO  impl.RoleInfo (RoleInfo.java:updateAndGet(139)) - 941a19a0-9130-4c85-b299-bf36f83edf62: start 941a19a0-9130-4c85-b299-bf36f83edf62@group-930FE89306BD-LeaderStateImpl
2022-06-01 03:34:17,808 [941a19a0-9130-4c85-b299-bf36f83edf62@group-930FE89306BD-LeaderElection6] INFO  segmented.SegmentedRaftLogWorker (SegmentedRaftLogWorker.java:startLogSegment(425)) - 941a19a0-9130-4c85-b299-bf36f83edf62@group-930FE89306BD-SegmentedRaftLogWorker: Starting segment from index:0
2022-06-01 03:34:17,809 [941a19a0-9130-4c85-b299-bf36f83edf62@group-930FE89306BD-SegmentedRaftLogWorker] INFO  segmented.SegmentedRaftLogWorker (SegmentedRaftLogWorker.java:execute(629)) - 941a19a0-9130-4c85-b299-bf36f83edf62@group-930FE89306BD-SegmentedRaftLogWorker: created new log segment /home/runner/work/ozone/ozone/hadoop-ozone/integration-test/target/test-dir/MiniOzoneClusterImpl-2aa7f405-a4ee-42d9-877d-60ec10202336/datanode-0/data/ratis/5d8012ff-55bf-4daa-9060-930fe89306bd/current/log_inprogress_0
2022-06-01 03:34:17,820 [941a19a0-9130-4c85-b299-bf36f83edf62@group-930FE89306BD-LeaderElection6] INFO  server.RaftServer$Division (ServerState.java:setRaftConf(393)) - 941a19a0-9130-4c85-b299-bf36f83edf62@group-930FE89306BD: set configuration 0: [0476bece-ff5a-45f4-b395-dd834dd6b6f1|rpc:10.1.0.5:37339|dataStream:|priority:0, 941a19a0-9130-4c85-b299-bf36f83edf62|rpc:10.1.0.5:44487|dataStream:|priority:1, 1fd7fa3e-4528-405a-8afd-745b4b3c0dec|rpc:10.1.0.5:36067|dataStream:|priority:0], old=null
2022-06-01 03:34:17,843 [0476bece-ff5a-45f4-b395-dd834dd6b6f1-server-thread1] INFO  ratis.XceiverServerRatis (XceiverServerRatis.java:handleLeaderChangedNotification(863)) - Leader change notification received for group: group-930FE89306BD with new leaderId: 941a19a0-9130-4c85-b299-bf36f83edf62
2022-06-01 03:34:17,843 [0476bece-ff5a-45f4-b395-dd834dd6b6f1-server-thread1] INFO  server.RaftServer$Division (ServerState.java:setLeader(287)) - 0476bece-ff5a-45f4-b395-dd834dd6b6f1@group-930FE89306BD: change Leader from null to 941a19a0-9130-4c85-b299-bf36f83edf62 at term 1 for appendEntries, leader elected after 5167ms
2022-06-01 03:34:17,855 [1fd7fa3e-4528-405a-8afd-745b4b3c0dec-server-thread1] INFO  ratis.XceiverServerRatis (XceiverServerRatis.java:handleLeaderChangedNotification(863)) - Leader change notification received for group: group-930FE89306BD with new leaderId: 941a19a0-9130-4c85-b299-bf36f83edf62
2022-06-01 03:34:17,855 [1fd7fa3e-4528-405a-8afd-745b4b3c0dec-server-thread1] INFO  server.RaftServer$Division (ServerState.java:setLeader(287)) - 1fd7fa3e-4528-405a-8afd-745b4b3c0dec@group-930FE89306BD: change Leader from null to 941a19a0-9130-4c85-b299-bf36f83edf62 at term 1 for appendEntries, leader elected after 5251ms
2022-06-01 03:34:17,869 [1fd7fa3e-4528-405a-8afd-745b4b3c0dec-server-thread2] INFO  server.RaftServer$Division (ServerState.java:setRaftConf(393)) - 1fd7fa3e-4528-405a-8afd-745b4b3c0dec@group-930FE89306BD: set configuration 0: [0476bece-ff5a-45f4-b395-dd834dd6b6f1|rpc:10.1.0.5:37339|dataStream:|priority:0, 941a19a0-9130-4c85-b299-bf36f83edf62|rpc:10.1.0.5:44487|dataStream:|priority:1, 1fd7fa3e-4528-405a-8afd-745b4b3c0dec|rpc:10.1.0.5:36067|dataStream:|priority:0], old=null
2022-06-01 03:34:17,870 [0476bece-ff5a-45f4-b395-dd834dd6b6f1-server-thread1] INFO  server.RaftServer$Division (ServerState.java:setRaftConf(393)) - 0476bece-ff5a-45f4-b395-dd834dd6b6f1@group-930FE89306BD: set configuration 0: [0476bece-ff5a-45f4-b395-dd834dd6b6f1|rpc:10.1.0.5:37339|dataStream:|priority:0, 941a19a0-9130-4c85-b299-bf36f83edf62|rpc:10.1.0.5:44487|dataStream:|priority:1, 1fd7fa3e-4528-405a-8afd-745b4b3c0dec|rpc:10.1.0.5:36067|dataStream:|priority:0], old=null
2022-06-01 03:34:17,870 [0476bece-ff5a-45f4-b395-dd834dd6b6f1-server-thread1] INFO  segmented.SegmentedRaftLogWorker (SegmentedRaftLogWorker.java:startLogSegment(425)) - 0476bece-ff5a-45f4-b395-dd834dd6b6f1@group-930FE89306BD-SegmentedRaftLogWorker: Starting segment from index:0
2022-06-01 03:34:17,872 [0476bece-ff5a-45f4-b395-dd834dd6b6f1@group-930FE89306BD-SegmentedRaftLogWorker] INFO  segmented.SegmentedRaftLogWorker (SegmentedRaftLogWorker.java:execute(629)) - 0476bece-ff5a-45f4-b395-dd834dd6b6f1@group-930FE89306BD-SegmentedRaftLogWorker: created new log segment /home/runner/work/ozone/ozone/hadoop-ozone/integration-test/target/test-dir/MiniOzoneClusterImpl-2aa7f405-a4ee-42d9-877d-60ec10202336/datanode-2/data/ratis/5d8012ff-55bf-4daa-9060-930fe89306bd/current/log_inprogress_0
2022-06-01 03:34:17,879 [1fd7fa3e-4528-405a-8afd-745b4b3c0dec-server-thread2] INFO  segmented.SegmentedRaftLogWorker (SegmentedRaftLogWorker.java:startLogSegment(425)) - 1fd7fa3e-4528-405a-8afd-745b4b3c0dec@group-930FE89306BD-SegmentedRaftLogWorker: Starting segment from index:0
2022-06-01 03:34:17,880 [1fd7fa3e-4528-405a-8afd-745b4b3c0dec@group-930FE89306BD-SegmentedRaftLogWorker] INFO  segmented.SegmentedRaftLogWorker (SegmentedRaftLogWorker.java:execute(629)) - 1fd7fa3e-4528-405a-8afd-745b4b3c0dec@group-930FE89306BD-SegmentedRaftLogWorker: created new log segment /home/runner/work/ozone/ozone/hadoop-ozone/integration-test/target/test-dir/MiniOzoneClusterImpl-2aa7f405-a4ee-42d9-877d-60ec10202336/datanode-1/data/ratis/5d8012ff-55bf-4daa-9060-930fe89306bd/current/log_inprogress_0
2022-06-01 03:34:18,645 [Listener at 127.0.0.1/38045] INFO  ozone.MiniOzoneClusterImpl (MiniOzoneClusterImpl.java:lambda$waitForClusterToBeReady$0(221)) - Nodes are ready. Got 3 of 3 DN Heartbeats.
2022-06-01 03:34:18,645 [Listener at 127.0.0.1/38045] INFO  ozone.MiniOzoneClusterImpl (MiniOzoneClusterImpl.java:lambda$waitForClusterToBeReady$0(224)) - Cluster exits safe mode
2022-06-01 03:34:18,645 [Listener at 127.0.0.1/38045] INFO  ozone.MiniOzoneClusterImpl (MiniOzoneClusterImpl.java:lambda$waitForClusterToBeReady$0(226)) - SCM became leader
]]></system-out>
    <rerunFailure type="java.lang.AssertionError">
      <stackTrace><![CDATA[java.lang.AssertionError
	at org.junit.Assert.fail(Assert.java:87)
	at org.junit.Assert.assertTrue(Assert.java:42)
	at org.junit.Assert.assertTrue(Assert.java:53)
	at org.apache.hadoop.hdds.scm.TestRatisPipelineLeader.testLeaderIdAfterLeaderChange(TestRatisPipelineLeader.java:119)
	at sun.reflect.NativeMethodAccessorImpl.invoke0(Native Method)
	at sun.reflect.NativeMethodAccessorImpl.invoke(NativeMethodAccessorImpl.java:62)
	at sun.reflect.DelegatingMethodAccessorImpl.invoke(DelegatingMethodAccessorImpl.java:43)
	at java.lang.reflect.Method.invoke(Method.java:498)
	at org.junit.platform.commons.util.ReflectionUtils.invokeMethod(ReflectionUtils.java:725)
	at org.junit.jupiter.engine.execution.MethodInvocation.proceed(MethodInvocation.java:60)
	at org.junit.jupiter.engine.execution.InvocationInterceptorChain$ValidatingInvocation.proceed(InvocationInterceptorChain.java:131)
	at org.junit.jupiter.engine.extension.TimeoutInvocation.proceed(TimeoutInvocation.java:46)
	at org.junit.jupiter.engine.extension.TimeoutExtension.intercept(TimeoutExtension.java:149)
	at org.junit.jupiter.engine.extension.TimeoutExtension.interceptTestableMethod(TimeoutExtension.java:140)
	at org.junit.jupiter.engine.extension.TimeoutExtension.interceptTestMethod(TimeoutExtension.java:84)
	at org.junit.jupiter.engine.execution.ExecutableInvoker$ReflectiveInterceptorCall.lambda$ofVoidMethod$0(ExecutableInvoker.java:115)
	at org.junit.jupiter.engine.execution.ExecutableInvoker.lambda$invoke$0(ExecutableInvoker.java:105)
	at org.junit.jupiter.engine.execution.InvocationInterceptorChain$InterceptedInvocation.proceed(InvocationInterceptorChain.java:106)
	at org.junit.jupiter.engine.execution.InvocationInterceptorChain.proceed(InvocationInterceptorChain.java:64)
	at org.junit.jupiter.engine.execution.InvocationInterceptorChain.chainAndInvoke(InvocationInterceptorChain.java:45)
	at org.junit.jupiter.engine.execution.InvocationInterceptorChain.invoke(InvocationInterceptorChain.java:37)
	at org.junit.jupiter.engine.execution.ExecutableInvoker.invoke(ExecutableInvoker.java:104)
	at org.junit.jupiter.engine.execution.ExecutableInvoker.invoke(ExecutableInvoker.java:98)
	at org.junit.jupiter.engine.descriptor.TestMethodTestDescriptor.lambda$invokeTestMethod$7(TestMethodTestDescriptor.java:214)
	at org.junit.platform.engine.support.hierarchical.ThrowableCollector.execute(ThrowableCollector.java:73)
	at org.junit.jupiter.engine.descriptor.TestMethodTestDescriptor.invokeTestMethod(TestMethodTestDescriptor.java:210)
	at org.junit.jupiter.engine.descriptor.TestMethodTestDescriptor.execute(TestMethodTestDescriptor.java:135)
	at org.junit.jupiter.engine.descriptor.TestMethodTestDescriptor.execute(TestMethodTestDescriptor.java:66)
	at org.junit.platform.engine.support.hierarchical.NodeTestTask.lambda$executeRecursively$6(NodeTestTask.java:151)
	at org.junit.platform.engine.support.hierarchical.ThrowableCollector.execute(ThrowableCollector.java:73)
	at org.junit.platform.engine.support.hierarchical.NodeTestTask.lambda$executeRecursively$8(NodeTestTask.java:141)
	at org.junit.platform.engine.support.hierarchical.Node.around(Node.java:137)
	at org.junit.platform.engine.support.hierarchical.NodeTestTask.lambda$executeRecursively$9(NodeTestTask.java:139)
	at org.junit.platform.engine.support.hierarchical.ThrowableCollector.execute(ThrowableCollector.java:73)
	at org.junit.platform.engine.support.hierarchical.NodeTestTask.executeRecursively(NodeTestTask.java:138)
	at org.junit.platform.engine.support.hierarchical.NodeTestTask.execute(NodeTestTask.java:95)
	at java.util.ArrayList.forEach(ArrayList.java:1259)
	at org.junit.platform.engine.support.hierarchical.SameThreadHierarchicalTestExecutorService.invokeAll(SameThreadHierarchicalTestExecutorService.java:41)
	at org.junit.platform.engine.support.hierarchical.NodeTestTask.lambda$executeRecursively$6(NodeTestTask.java:155)
	at org.junit.platform.engine.support.hierarchical.ThrowableCollector.execute(ThrowableCollector.java:73)
	at org.junit.platform.engine.support.hierarchical.NodeTestTask.lambda$executeRecursively$8(NodeTestTask.java:141)
	at org.junit.platform.engine.support.hierarchical.Node.around(Node.java:137)
	at org.junit.platform.engine.support.hierarchical.NodeTestTask.lambda$executeRecursively$9(NodeTestTask.java:139)
	at org.junit.platform.engine.support.hierarchical.ThrowableCollector.execute(ThrowableCollector.java:73)
	at org.junit.platform.engine.support.hierarchical.NodeTestTask.executeRecursively(NodeTestTask.java:138)
	at org.junit.platform.engine.support.hierarchical.NodeTestTask.execute(NodeTestTask.java:95)
	at java.util.ArrayList.forEach(ArrayList.java:1259)
	at org.junit.platform.engine.support.hierarchical.SameThreadHierarchicalTestExecutorService.invokeAll(SameThreadHierarchicalTestExecutorService.java:41)
	at org.junit.platform.engine.support.hierarchical.NodeTestTask.lambda$executeRecursively$6(NodeTestTask.java:155)
	at org.junit.platform.engine.support.hierarchical.ThrowableCollector.execute(ThrowableCollector.java:73)
	at org.junit.platform.engine.support.hierarchical.NodeTestTask.lambda$executeRecursively$8(NodeTestTask.java:141)
	at org.junit.platform.engine.support.hierarchical.Node.around(Node.java:137)
	at org.junit.platform.engine.support.hierarchical.NodeTestTask.lambda$executeRecursively$9(NodeTestTask.java:139)
	at org.junit.platform.engine.support.hierarchical.ThrowableCollector.execute(ThrowableCollector.java:73)
	at org.junit.platform.engine.support.hierarchical.NodeTestTask.executeRecursively(NodeTestTask.java:138)
	at org.junit.platform.engine.support.hierarchical.NodeTestTask.execute(NodeTestTask.java:95)
	at org.junit.platform.engine.support.hierarchical.SameThreadHierarchicalTestExecutorService.submit(SameThreadHierarchicalTestExecutorService.java:35)
	at org.junit.platform.engine.support.hierarchical.HierarchicalTestExecutor.execute(HierarchicalTestExecutor.java:57)
	at org.junit.platform.engine.support.hierarchical.HierarchicalTestEngine.execute(HierarchicalTestEngine.java:54)
	at org.junit.platform.launcher.core.EngineExecutionOrchestrator.execute(EngineExecutionOrchestrator.java:107)
	at org.junit.platform.launcher.core.EngineExecutionOrchestrator.execute(EngineExecutionOrchestrator.java:88)
	at org.junit.platform.launcher.core.EngineExecutionOrchestrator.lambda$execute$0(EngineExecutionOrchestrator.java:54)
	at org.junit.platform.launcher.core.EngineExecutionOrchestrator.withInterceptedStreams(EngineExecutionOrchestrator.java:67)
	at org.junit.platform.launcher.core.EngineExecutionOrchestrator.execute(EngineExecutionOrchestrator.java:52)
	at org.junit.platform.launcher.core.DefaultLauncher.execute(DefaultLauncher.java:114)
	at org.junit.platform.launcher.core.DefaultLauncher.execute(DefaultLauncher.java:86)
	at org.junit.platform.launcher.core.DefaultLauncherSession$DelegatingLauncher.execute(DefaultLauncherSession.java:86)
	at org.junit.platform.launcher.core.SessionPerRequestLauncher.execute(SessionPerRequestLauncher.java:53)
	at org.apache.maven.surefire.junitplatform.JUnitPlatformProvider.invokeAllTests(JUnitPlatformProvider.java:165)
	at org.apache.maven.surefire.junitplatform.JUnitPlatformProvider.invoke(JUnitPlatformProvider.java:124)
	at org.apache.maven.surefire.booter.ForkedBooter.runSuitesInProcess(ForkedBooter.java:428)
	at org.apache.maven.surefire.booter.ForkedBooter.execute(ForkedBooter.java:162)
	at org.apache.maven.surefire.booter.ForkedBooter.run(ForkedBooter.java:562)
	at org.apache.maven.surefire.booter.ForkedBooter.main(ForkedBooter.java:548)
]]></stackTrace>
      <system-out><![CDATA[2022-06-01 03:34:39,318 [Listener at 127.0.0.1/38045] WARN  server.ServerUtils (ServerUtils.java:getScmDbDir(148)) - ozone.scm.db.dirs is not configured. We recommend adding this setting. Falling back to ozone.metadata.dirs instead.
2022-06-01 03:34:39,327 [Listener at 127.0.0.1/38045] INFO  ha.SCMHANodeDetails (SCMHANodeDetails.java:loadSCMHAConfig(160)) - ServiceID for StorageContainerManager is null
2022-06-01 03:34:39,329 [Listener at 127.0.0.1/38045] INFO  ha.SCMHANodeDetails (SCMHANodeDetails.java:loadSCMHAConfig(165)) - ozone.scm.default.service.id is not defined, falling back to ozone.scm.service.ids to find serviceID for StorageContainerManager if it is HA enabled cluster
2022-06-01 03:34:39,332 [Listener at 127.0.0.1/38045] WARN  server.ServerUtils (ServerUtils.java:getScmDbDir(148)) - ozone.scm.db.dirs is not configured. We recommend adding this setting. Falling back to ozone.metadata.dirs instead.
2022-06-01 03:34:39,333 [Listener at 127.0.0.1/38045] INFO  upgrade.AbstractLayoutVersionManager (AbstractLayoutVersionManager.java:init(79)) - Initializing Layout version manager with metadata layout = ERASURE_CODED_STORAGE_SUPPORT (version = 3), software layout = ERASURE_CODED_STORAGE_SUPPORT (version = 3)
2022-06-01 03:34:39,439 [Listener at 127.0.0.1/38045] INFO  reflections.Reflections (Reflections.java:scan(232)) - Reflections took 105 ms to scan 7 urls, producing 127 keys and 292 values 
2022-06-01 03:34:39,444 [Listener at 127.0.0.1/38045] WARN  utils.HAUtils (HAUtils.java:getMetaDir(342)) - ozone.scm.db.dirs is not configured. We recommend adding this setting. Falling back to ozone.metadata.dirs instead.
2022-06-01 03:34:39,445 [Listener at 127.0.0.1/38045] WARN  db.DBStoreBuilder (DBStoreBuilder.java:applyDBDefinition(145)) - ozone.scm.db.dirs is not configured. We recommend adding this setting. Falling back to ozone.metadata.dirs instead.
2022-06-01 03:34:39,617 [Listener at 127.0.0.1/38045] INFO  net.NodeSchemaLoader (NodeSchemaLoader.java:loadSchemaFromFile(129)) - Loading schema from [jar:file:/home/runner/.m2/repository/org/apache/ozone/hdds-common/1.3.0-SNAPSHOT/hdds-common-1.3.0-SNAPSHOT.jar!/network-topology-default.xml]
2022-06-01 03:34:39,618 [Listener at 127.0.0.1/38045] INFO  net.NodeSchemaLoader (NodeSchemaLoader.java:loadSchema(176)) - Loading network topology layer schema file
2022-06-01 03:34:39,620 [Listener at 127.0.0.1/38045] INFO  ha.SequenceIdGenerator (SequenceIdGenerator.java:upgradeToSequenceId(347)) - upgrade localId to 109611004723200000
2022-06-01 03:34:39,621 [Listener at 127.0.0.1/38045] INFO  ha.SequenceIdGenerator (SequenceIdGenerator.java:upgradeToSequenceId(357)) - upgrade delTxnId to 0
2022-06-01 03:34:39,621 [Listener at 127.0.0.1/38045] INFO  ha.SequenceIdGenerator (SequenceIdGenerator.java:upgradeToSequenceId(374)) - upgrade containerId to 0
2022-06-01 03:34:39,621 [Listener at 127.0.0.1/38045] INFO  ha.SequenceIdGenerator (SequenceIdGenerator.java:<init>(218)) - Init the HA SequenceIdGenerator.
2022-06-01 03:34:39,621 [Listener at 127.0.0.1/38045] WARN  server.ServerUtils (ServerUtils.java:sanitizeUserArgs(73)) - ozone.scm.stale.node.interval value = 300000 is larger than max = 100000 based on the key value of ozone.scm.heartbeat.thread.interval, reset to the max value 100000.
2022-06-01 03:34:39,621 [Listener at 127.0.0.1/38045] WARN  server.ServerUtils (ServerUtils.java:sanitizeUserArgs(73)) - ozone.scm.stale.node.interval value = 300000 is larger than max = 100000 based on the key value of ozone.scm.heartbeat.thread.interval, reset to the max value 100000.
2022-06-01 03:34:39,633 [Listener at 127.0.0.1/38045] INFO  node.SCMNodeManager (SCMNodeManager.java:<init>(148)) - Entering startup safe mode.
2022-06-01 03:34:39,634 [Listener at 127.0.0.1/38045] INFO  algorithms.ContainerPlacementPolicyFactory (ContainerPlacementPolicyFactory.java:getPolicyInternal(86)) - Create container placement policy of type org.apache.hadoop.hdds.scm.container.placement.algorithms.SCMContainerPlacementRandom
2022-06-01 03:34:39,634 [Listener at 127.0.0.1/38045] INFO  pipeline.PipelineStateManagerImpl (PipelineStateManagerImpl.java:initialize(78)) - No pipeline exists in current db
2022-06-01 03:34:39,634 [Listener at 127.0.0.1/38045] INFO  algorithms.LeaderChoosePolicyFactory (LeaderChoosePolicyFactory.java:getPolicy(57)) - Create leader choose policy of type org.apache.hadoop.hdds.scm.pipeline.leader.choose.algorithms.MinLeaderCountChoosePolicy
2022-06-01 03:34:39,634 [Listener at 127.0.0.1/38045] INFO  algorithms.ContainerPlacementPolicyFactory (ContainerPlacementPolicyFactory.java:getPolicyInternal(86)) - Create container placement policy of type org.apache.hadoop.hdds.scm.container.placement.algorithms.SCMContainerPlacementRackScatter
2022-06-01 03:34:39,635 [Listener at 127.0.0.1/38045] INFO  pipeline.BackgroundPipelineCreator (BackgroundPipelineCreator.java:start(125)) - Starting RatisPipelineUtilsThread.
2022-06-01 03:34:39,639 [Listener at 127.0.0.1/38045] INFO  BackgroundPipelineScrubber (BackgroundSCMService.java:start(68)) - Starting BackgroundPipelineScrubber Service.
2022-06-01 03:34:39,646 [Listener at 127.0.0.1/38045] INFO  ha.SCMServiceManager (SCMServiceManager.java:register(42)) - Registering service BackgroundPipelineCreator.
2022-06-01 03:34:39,646 [Listener at 127.0.0.1/38045] INFO  ha.SCMServiceManager (SCMServiceManager.java:register(42)) - Registering service BackgroundPipelineScrubber.
2022-06-01 03:34:39,646 [Listener at 127.0.0.1/38045] INFO  ExpiredContainerReplicaOpScrubber (BackgroundSCMService.java:start(68)) - Starting ExpiredContainerReplicaOpScrubber Service.
2022-06-01 03:34:39,646 [Listener at 127.0.0.1/38045] INFO  ha.SCMServiceManager (SCMServiceManager.java:register(42)) - Registering service ExpiredContainerReplicaOpScrubber.
2022-06-01 03:34:39,647 [Listener at 127.0.0.1/38045] INFO  algorithms.PipelineChoosePolicyFactory (PipelineChoosePolicyFactory.java:createPipelineChoosePolicyFromClass(73)) - Create pipeline choose policy of type org.apache.hadoop.hdds.scm.pipeline.choose.algorithms.RandomPipelineChoosePolicy
2022-06-01 03:34:39,647 [Listener at 127.0.0.1/38045] INFO  ha.SCMServiceManager (SCMServiceManager.java:register(42)) - Registering service SCMBlockDeletingService.
2022-06-01 03:34:39,648 [Listener at 127.0.0.1/38045] INFO  ha.SCMServiceManager (SCMServiceManager.java:register(42)) - Registering service ReplicationManager.
2022-06-01 03:34:39,648 [Listener at 127.0.0.1/38045] INFO  replication.ReplicationManager (ReplicationManager.java:start(179)) - Starting Replication Monitor Thread.
2022-06-01 03:34:39,649 [Listener at 127.0.0.1/38045] INFO  safemode.ContainerSafeModeRule (ContainerSafeModeRule.java:<init>(89)) - containers with one replica threshold count 0
2022-06-01 03:34:39,649 [Listener at 127.0.0.1/38045] INFO  safemode.HealthyPipelineSafeModeRule (HealthyPipelineSafeModeRule.java:initializeRule(156)) - Total pipeline count is 0, healthy pipeline threshold count is 1
2022-06-01 03:34:39,649 [Listener at 127.0.0.1/38045] INFO  safemode.OneReplicaPipelineSafeModeRule (OneReplicaPipelineSafeModeRule.java:initializeRule(180)) - Total pipeline count is 0, pipeline's with at least one datanode reported threshold count is 0
2022-06-01 03:34:39,656 [Listener at 127.0.0.1/38045] INFO  ipc.CallQueueManager (CallQueueManager.java:<init>(90)) - Using callQueue: class java.util.concurrent.LinkedBlockingQueue, queueCapacity: 2000, scheduler: class org.apache.hadoop.ipc.DefaultRpcScheduler, ipcBackoff: false.
2022-06-01 03:34:39,657 [Socket Reader #1 for port 0] INFO  ipc.Server (Server.java:run(1265)) - Starting Socket Reader #1 for port 0
2022-06-01 03:34:39,657 [Listener at 0.0.0.0/36503] INFO  ipc.CallQueueManager (CallQueueManager.java:<init>(90)) - Using callQueue: class java.util.concurrent.LinkedBlockingQueue, queueCapacity: 2000, scheduler: class org.apache.hadoop.ipc.DefaultRpcScheduler, ipcBackoff: false.
2022-06-01 03:34:39,658 [Socket Reader #1 for port 0] INFO  ipc.Server (Server.java:run(1265)) - Starting Socket Reader #1 for port 0
2022-06-01 03:34:39,659 [Listener at 0.0.0.0/43417] INFO  ipc.CallQueueManager (CallQueueManager.java:<init>(90)) - Using callQueue: class java.util.concurrent.LinkedBlockingQueue, queueCapacity: 2000, scheduler: class org.apache.hadoop.ipc.DefaultRpcScheduler, ipcBackoff: false.
2022-06-01 03:34:39,659 [Socket Reader #1 for port 0] INFO  ipc.Server (Server.java:run(1265)) - Starting Socket Reader #1 for port 0
2022-06-01 03:34:39,664 [ReplicationMonitor] INFO  replication.ReplicationManager (ReplicationManager.java:processAll(228)) - Replication Manager is not ready to run until 3000ms after safemode exit
2022-06-01 03:34:39,678 [Listener at 0.0.0.0/45627] INFO  server.StorageContainerManager (StorageContainerManager.java:<init>(400)) - 
Container Balancer status:
Key                            Value
Running                        false
Container Balancer Configuration values:
Key                                                Value
Threshold                                          10
Max Datanodes to Involve per Iteration(percent)    20
Max Size to Move per Iteration                     500GB
Max Size Entering Target per Iteration             26GB
Max Size Leaving Source per Iteration              26GB

2022-06-01 03:34:39,678 [Listener at 0.0.0.0/45627] WARN  events.EventQueue (EventQueue.java:fireEvent(194)) - No event handler registered for event TypedEvent{payloadType=SafeModeStatus, name='Safe mode status'}
2022-06-01 03:34:39,678 [Listener at 0.0.0.0/45627] INFO  ha.SCMContext (SCMContext.java:updateSafeModeStatus(211)) - Update SafeModeStatus from SafeModeStatus{safeModeStatus=true, preCheckPassed=false} to SafeModeStatus{safeModeStatus=true, preCheckPassed=false}.
2022-06-01 03:34:39,678 [Listener at 0.0.0.0/45627] INFO  server.StorageContainerManager (StorageContainerManager.java:start(1385)) - StorageContainerLocationProtocol RPC server is listening at /0.0.0.0:45627
2022-06-01 03:34:39,686 [Listener at 0.0.0.0/45627] WARN  impl.MetricsConfig (MetricsConfig.java:loadFirst(136)) - Cannot locate configuration: tried hadoop-metrics2-storagecontainermanager.properties,hadoop-metrics2.properties
2022-06-01 03:34:39,699 [Listener at 0.0.0.0/45627] INFO  impl.MetricsSystemImpl (MetricsSystemImpl.java:startTimer(378)) - Scheduled Metric snapshot period at 10 second(s).
2022-06-01 03:34:39,699 [Listener at 0.0.0.0/45627] INFO  impl.MetricsSystemImpl (MetricsSystemImpl.java:start(191)) - StorageContainerManager metrics system started
2022-06-01 03:34:39,726 [Listener at 0.0.0.0/45627] INFO  impl.MetricsSinkAdapter (MetricsSinkAdapter.java:start(204)) - Sink prometheus started
2022-06-01 03:34:39,726 [Listener at 0.0.0.0/45627] INFO  impl.MetricsSystemImpl (MetricsSystemImpl.java:registerSink(305)) - Registered sink prometheus
2022-06-01 03:34:39,765 [Listener at 0.0.0.0/45627] INFO  server.SCMClientProtocolServer (SCMClientProtocolServer.java:start(169)) - RPC server for Client  is listening at /0.0.0.0:45627
2022-06-01 03:34:39,772 [IPC Server Responder] INFO  ipc.Server (Server.java:run(1507)) - IPC Server Responder: starting
2022-06-01 03:34:39,783 [IPC Server listener on 0] INFO  ipc.Server (Server.java:run(1344)) - IPC Server listener on 0: starting
2022-06-01 03:34:39,856 [Listener at 0.0.0.0/45627] INFO  server.StorageContainerManager (StorageContainerManager.java:start(1400)) - ScmBlockLocationProtocol RPC server is listening at /0.0.0.0:43417
2022-06-01 03:34:39,857 [Listener at 0.0.0.0/45627] INFO  server.SCMBlockProtocolServer (SCMBlockProtocolServer.java:start(151)) - RPC server for Block Protocol is listening at /0.0.0.0:43417
2022-06-01 03:34:39,858 [IPC Server Responder] INFO  ipc.Server (Server.java:run(1507)) - IPC Server Responder: starting
2022-06-01 03:34:39,858 [IPC Server listener on 0] INFO  ipc.Server (Server.java:run(1344)) - IPC Server listener on 0: starting
2022-06-01 03:34:39,915 [Listener at 0.0.0.0/45627] INFO  server.SCMDatanodeProtocolServer (SCMDatanodeProtocolServer.java:start(183)) - ScmDatanodeProtocol RPC server for DataNodes is listening at /0.0.0.0:36503
2022-06-01 03:34:39,925 [IPC Server Responder] INFO  ipc.Server (Server.java:run(1507)) - IPC Server Responder: starting
2022-06-01 03:34:39,930 [IPC Server listener on 0] INFO  ipc.Server (Server.java:run(1344)) - IPC Server listener on 0: starting
2022-06-01 03:34:40,043 [org.apache.hadoop.util.JvmPauseMonitor$Monitor@983f21e] INFO  util.JvmPauseMonitor (JvmPauseMonitor.java:run(188)) - Starting JVM pause monitor
2022-06-01 03:34:40,044 [Listener at 0.0.0.0/45627] INFO  http.BaseHttpServer (BaseHttpServer.java:newHttpServer2BuilderForOzone(209)) - Starting Web-server for scm at: http://0.0.0.0:0
2022-06-01 03:34:40,044 [Listener at 0.0.0.0/45627] INFO  http.BaseHttpServer (BaseHttpServer.java:<init>(107)) - Hadoop Security Enabled: false Ozone Security Enabled: false Ozone HTTP Security Enabled: false 
2022-06-01 03:34:40,045 [Listener at 0.0.0.0/45627] INFO  server.AuthenticationFilter (AuthenticationFilter.java:constructSecretProvider(240)) - Unable to initialize FileSignerSecretProvider, falling back to use random secrets.
2022-06-01 03:34:40,056 [Listener at 0.0.0.0/45627] WARN  http.HttpRequestLog (HttpRequestLog.java:getRequestLog(103)) - Jetty request log can only be enabled using Log4j
2022-06-01 03:34:40,057 [Listener at 0.0.0.0/45627] INFO  http.HttpServer2 (HttpServer2.java:addGlobalFilter(1030)) - Added global filter 'safety' (class=org.apache.hadoop.hdds.server.http.HttpServer2$QuotingInputFilter)
2022-06-01 03:34:40,058 [Listener at 0.0.0.0/45627] INFO  http.HttpServer2 (HttpServer2.java:addFilter(1006)) - Added filter static_user_filter (class=org.apache.hadoop.http.lib.StaticUserWebFilter$StaticUserFilter) to context scm
2022-06-01 03:34:40,058 [Listener at 0.0.0.0/45627] INFO  http.HttpServer2 (HttpServer2.java:addFilter(1014)) - Added filter static_user_filter (class=org.apache.hadoop.http.lib.StaticUserWebFilter$StaticUserFilter) to context logs
2022-06-01 03:34:40,059 [Listener at 0.0.0.0/45627] INFO  http.HttpServer2 (HttpServer2.java:addFilter(1014)) - Added filter static_user_filter (class=org.apache.hadoop.http.lib.StaticUserWebFilter$StaticUserFilter) to context static
2022-06-01 03:34:40,059 [Listener at 0.0.0.0/45627] INFO  http.HttpServer2 (HttpServer2.java:bindListener(1249)) - Jetty bound to port 39987
2022-06-01 03:34:40,059 [Listener at 0.0.0.0/45627] INFO  server.Server (Server.java:doStart(375)) - jetty-9.4.43.v20210629; built: 2021-06-30T11:07:22.254Z; git: 526006ecfa3af7f1a27ef3a288e2bef7ea9dd7e8; jvm 1.8.0_332-b09
2022-06-01 03:34:40,095 [Listener at 0.0.0.0/45627] INFO  server.session (DefaultSessionIdManager.java:doStart(334)) - DefaultSessionIdManager workerName=node0
2022-06-01 03:34:40,096 [Listener at 0.0.0.0/45627] INFO  server.session (DefaultSessionIdManager.java:doStart(339)) - No SessionScavenger set, using defaults
2022-06-01 03:34:40,096 [Listener at 0.0.0.0/45627] INFO  server.session (HouseKeeper.java:startScavenging(132)) - node0 Scavenging every 660000ms
2022-06-01 03:34:40,097 [Listener at 0.0.0.0/45627] INFO  handler.ContextHandler (ContextHandler.java:doStart(915)) - Started o.e.j.s.ServletContextHandler@54a2af5a{logs,/logs,file:///home/runner/work/ozone/ozone/hadoop-ozone/integration-test/target/log,AVAILABLE}
2022-06-01 03:34:40,097 [Listener at 0.0.0.0/45627] INFO  handler.ContextHandler (ContextHandler.java:doStart(915)) - Started o.e.j.s.ServletContextHandler@3fa69edd{static,/static,file:///home/runner/work/ozone/ozone/hadoop-ozone/integration-test/target/test-classes/webapps/static,AVAILABLE}
2022-06-01 03:34:40,101 [Listener at 0.0.0.0/45627] INFO  handler.ContextHandler (ContextHandler.java:doStart(915)) - Started o.e.j.w.WebAppContext@65973195{scm,/,file:///home/runner/work/ozone/ozone/hadoop-ozone/integration-test/target/test-classes/webapps/scm/,AVAILABLE}{file:/home/runner/work/ozone/ozone/hadoop-ozone/integration-test/target/test-classes/webapps/scm}
2022-06-01 03:34:40,116 [Listener at 0.0.0.0/45627] INFO  server.AbstractConnector (AbstractConnector.java:doStart(331)) - Started ServerConnector@df1d05b{HTTP/1.1, (http/1.1)}{0.0.0.0:39987}
2022-06-01 03:34:40,116 [Listener at 0.0.0.0/45627] INFO  server.Server (Server.java:doStart(415)) - Started @43250ms
2022-06-01 03:34:40,116 [Listener at 0.0.0.0/45627] WARN  impl.MetricsSystemImpl (MetricsSystemImpl.java:register(279)) - Sink prometheus already exists!
2022-06-01 03:34:40,117 [Listener at 0.0.0.0/45627] INFO  http.BaseHttpServer (BaseHttpServer.java:updateConnectorAddress(329)) - HTTP server of scm listening at http://0.0.0.0:39987
2022-06-01 03:34:40,117 [Listener at 0.0.0.0/45627] WARN  server.ServerUtils (ServerUtils.java:getDBPath(225)) - ozone.om.db.dirs is not configured. We recommend adding this setting. Falling back to ozone.metadata.dirs instead.
2022-06-01 03:34:40,119 [Listener at 0.0.0.0/45627] INFO  ha.OMHANodeDetails (OMHANodeDetails.java:loadOMHAConfig(115)) - ozone.om.internal.service.id is not defined, falling back to ozone.om.service.ids to find serviceID for OzoneManager if it is HA enabled cluster
2022-06-01 03:34:40,120 [Listener at 0.0.0.0/45627] INFO  ha.OMHANodeDetails (OMHANodeDetails.java:loadOMHAConfig(226)) - Configuration does not have ozone.om.address set. Falling back to the default OM address /127.0.0.1:0
2022-06-01 03:34:40,120 [Listener at 0.0.0.0/45627] INFO  ha.OMHANodeDetails (OMHANodeDetails.java:getOMNodeDetailsForNonHA(254)) - OM Service ID is not set. Setting it to the default ID: omServiceIdDefault
2022-06-01 03:34:40,120 [Listener at 0.0.0.0/45627] INFO  ha.OMHANodeDetails (OMHANodeDetails.java:getOMNodeDetailsForNonHA(261)) - OM Node ID is not set. Setting it to the default ID: om1
2022-06-01 03:34:40,120 [Listener at 0.0.0.0/45627] WARN  server.ServerUtils (ServerUtils.java:getDBPath(225)) - ozone.om.db.dirs is not configured. We recommend adding this setting. Falling back to ozone.metadata.dirs instead.
2022-06-01 03:34:40,121 [Listener at 0.0.0.0/45627] INFO  upgrade.AbstractLayoutVersionManager (AbstractLayoutVersionManager.java:init(79)) - Initializing Layout version manager with metadata layout = MULTITENANCY_SCHEMA (version = 3), software layout = MULTITENANCY_SCHEMA (version = 3)
2022-06-01 03:34:40,229 [Listener at 0.0.0.0/45627] INFO  reflections.Reflections (Reflections.java:scan(232)) - Reflections took 107 ms to scan 2 urls, producing 153 keys and 431 values [using 2 cores]
2022-06-01 03:34:40,230 [Listener at 0.0.0.0/45627] INFO  upgrade.OMLayoutVersionManager (OMLayoutVersionManager.java:lambda$0(115)) - Skipping Upgrade Action MockOmUpgradeAction since it has been finalized.
2022-06-01 03:34:40,230 [Listener at 0.0.0.0/45627] WARN  server.ServerUtils (ServerUtils.java:getDBPath(225)) - ozone.om.db.dirs is not configured. We recommend adding this setting. Falling back to ozone.metadata.dirs instead.
2022-06-01 03:34:40,231 [Listener at 0.0.0.0/45627] INFO  proxy.SCMBlockLocationFailoverProxyProvider (SCMBlockLocationFailoverProxyProvider.java:<init>(114)) - Created block location fail-over proxy with 1 nodes: [nodeId=scmNodeId,nodeAddress=/0.0.0.0:43417]
2022-06-01 03:34:40,232 [Listener at 0.0.0.0/45627] INFO  proxy.SCMBlockLocationFailoverProxyProvider (SCMBlockLocationFailoverProxyProvider.java:<init>(114)) - Created block location fail-over proxy with 1 nodes: [nodeId=scmNodeId,nodeAddress=/0.0.0.0:43417]
2022-06-01 03:34:40,245 [Listener at 0.0.0.0/45627] WARN  server.ServerUtils (ServerUtils.java:getDBPath(225)) - ozone.om.db.dirs is not configured. We recommend adding this setting. Falling back to ozone.metadata.dirs instead.
2022-06-01 03:34:40,245 [Listener at 0.0.0.0/45627] INFO  codec.OmKeyInfoCodec (OmKeyInfoCodec.java:<init>(49)) - OmKeyInfoCodec ignorePipeline = true
2022-06-01 03:34:40,246 [Listener at 0.0.0.0/45627] INFO  codec.RepeatedOmKeyInfoCodec (RepeatedOmKeyInfoCodec.java:<init>(41)) - RepeatedOmKeyInfoCodec ignorePipeline = true
2022-06-01 03:34:40,517 [Listener at 0.0.0.0/45627] INFO  om.OzoneManager (OzoneManager.java:instantiateServices(688)) - S3 Multi-Tenancy is disabled
2022-06-01 03:34:40,519 [Listener at 0.0.0.0/45627] INFO  om.OzoneManager (OzoneManager.java:addS3GVolumeToDB(4204)) - Created Volume s3v With Owner runner required for S3Gateway operations.
2022-06-01 03:34:40,519 [Listener at 0.0.0.0/45627] WARN  server.ServerUtils (ServerUtils.java:getDefaultRatisDirectory(237)) - Storage directory for Ratis is not configured. It is a good idea to map this to an SSD disk. Falling back to ozone.metadata.dirs
2022-06-01 03:34:40,519 [Listener at 0.0.0.0/45627] WARN  utils.OzoneManagerRatisUtils (OzoneManagerRatisUtils.java:getOMRatisSnapshotDirectory(425)) - ozone.om.ratis.snapshot.dir is not configured. Falling back to ozone.metadata.dirs config
2022-06-01 03:34:40,519 [Listener at 0.0.0.0/45627] WARN  server.ServerUtils (ServerUtils.java:getDefaultRatisDirectory(237)) - Storage directory for Ratis is not configured. It is a good idea to map this to an SSD disk. Falling back to ozone.metadata.dirs
2022-06-01 03:34:40,524 [Listener at 0.0.0.0/45627] INFO  ratis.OzoneManagerRatisServer (OzoneManagerRatisServer.java:<init>(159)) - Instantiating OM Ratis server with groupID: omServiceIdDefault and peers: localhost:9872
2022-06-01 03:34:40,524 [Listener at 0.0.0.0/45627] INFO  ratis.OzoneManagerStateMachine (OzoneManagerStateMachine.java:loadSnapshotInfoFromDB(627)) - LastAppliedIndex is set from TransactionInfo from OM DB as (t:0, i:~)
2022-06-01 03:34:40,534 [Listener at 0.0.0.0/45627] INFO  server.RaftServer (ConfUtils.java:logGet(46)) - raft.rpc.type = GRPC (default)
2022-06-01 03:34:40,534 [Listener at 0.0.0.0/45627] INFO  grpc.GrpcFactory (GrpcFactory.java:checkPooledByteBufAllocatorUseCacheForAllThreads(48)) - PERFORMANCE WARNING: useCacheForAllThreads is true that may cause Netty to create a lot garbage objects and, as a result, trigger GC.
	It is recommended to disable useCacheForAllThreads by setting -Dorg.apache.ratis.thirdparty.io.netty.allocator.useCacheForAllThreads=false in command line.
2022-06-01 03:34:40,534 [Listener at 0.0.0.0/45627] INFO  grpc.GrpcConfigKeys (ConfUtils.java:logGet(46)) - raft.grpc.admin.port = -1 (default)
2022-06-01 03:34:40,534 [Listener at 0.0.0.0/45627] INFO  grpc.GrpcConfigKeys (ConfUtils.java:logGet(46)) - raft.grpc.server.port = 9872 (custom)
2022-06-01 03:34:40,534 [Listener at 0.0.0.0/45627] INFO  grpc.GrpcConfigKeys (ConfUtils.java:logGet(46)) - raft.grpc.client.port = -1 (default)
2022-06-01 03:34:40,534 [Listener at 0.0.0.0/45627] INFO  grpc.GrpcConfigKeys (ConfUtils.java:logGet(46)) - raft.grpc.server.port = 9872 (custom)
2022-06-01 03:34:40,535 [Listener at 0.0.0.0/45627] INFO  grpc.GrpcConfigKeys (ConfUtils.java:logGet(46)) - raft.grpc.server.port = 9872 (custom)
2022-06-01 03:34:40,535 [Listener at 0.0.0.0/45627] INFO  server.GrpcService (ConfUtils.java:logGet(46)) - raft.grpc.message.size.max = 33554432 (custom)
2022-06-01 03:34:40,535 [Listener at 0.0.0.0/45627] INFO  server.RaftServerConfigKeys (ConfUtils.java:logGet(46)) - raft.server.log.appender.buffer.byte-limit = 33554432 (custom)
2022-06-01 03:34:40,535 [Listener at 0.0.0.0/45627] INFO  server.GrpcService (ConfUtils.java:logGet(46)) - raft.grpc.flow.control.window = 1MB (=1048576) (default)
2022-06-01 03:34:40,535 [Listener at 0.0.0.0/45627] INFO  server.RaftServerConfigKeys (ConfUtils.java:logGet(46)) - raft.server.rpc.request.timeout = 3000ms (default)
2022-06-01 03:34:40,535 [Listener at 0.0.0.0/45627] INFO  grpc.GrpcConfigKeys (ConfUtils.java:logGet(46)) - raft.grpc.server.async.request.thread.pool.cached = true (default)
2022-06-01 03:34:40,535 [Listener at 0.0.0.0/45627] INFO  grpc.GrpcConfigKeys (ConfUtils.java:logGet(46)) - raft.grpc.server.async.request.thread.pool.size = 32 (default)
2022-06-01 03:34:40,537 [Listener at 0.0.0.0/45627] INFO  impl.DataStreamServerImpl (ConfUtils.java:logGet(46)) - raft.datastream.type = DISABLED (default)
2022-06-01 03:34:40,537 [Listener at 0.0.0.0/45627] INFO  server.RaftServerConfigKeys (ConfUtils.java:logGet(46)) - raft.server.threadpool.proxy.cached = true (default)
2022-06-01 03:34:40,537 [Listener at 0.0.0.0/45627] INFO  server.RaftServerConfigKeys (ConfUtils.java:logGet(46)) - raft.server.threadpool.proxy.size = 0 (default)
2022-06-01 03:34:40,537 [Listener at 0.0.0.0/45627] INFO  server.RaftServerConfigKeys (ConfUtils.java:logGet(46)) - raft.server.rpc.slowness.timeout = 120s (custom)
2022-06-01 03:34:40,538 [Listener at 0.0.0.0/45627] INFO  server.RaftServerConfigKeys (ConfUtils.java:logGet(46)) - raft.server.leaderelection.leader.step-down.wait-time = 10s (default)
2022-06-01 03:34:40,538 [Listener at 0.0.0.0/45627] INFO  server.RaftServerConfigKeys (ConfUtils.java:logGet(46)) - raft.server.storage.dir = [/home/runner/work/ozone/ozone/hadoop-ozone/integration-test/target/test-dir/MiniOzoneClusterImpl-1e64a523-1474-4f36-a74c-b9773adf1118/ozone-meta/ratis] (custom)
2022-06-01 03:34:40,541 [Listener at 0.0.0.0/45627] INFO  server.RaftServer (RaftServerProxy.java:addNew(96)) - om1: addNew group-C5BA1605619E:[om1|rpc:localhost:9872|priority:0] returns group-C5BA1605619E:java.util.concurrent.CompletableFuture@1461be0c[Not completed]
2022-06-01 03:34:40,542 [Listener at 0.0.0.0/45627] INFO  om.OzoneManager (OzoneManager.java:initializeRatisServer(1956)) - OzoneManager Ratis server initialized at port 9872
2022-06-01 03:34:40,543 [Listener at 0.0.0.0/45627] INFO  om.OzoneManager (OzoneManager.java:getRpcServer(1076)) - Creating RPC Server
2022-06-01 03:34:40,556 [pool-186-thread-1] INFO  server.RaftServer$Division (RaftServerImpl.java:<init>(190)) - om1: new RaftServerImpl for group-C5BA1605619E:[om1|rpc:localhost:9872|priority:0] with OzoneManagerStateMachine:uninitialized
2022-06-01 03:34:40,556 [pool-186-thread-1] INFO  server.RaftServerConfigKeys (ConfUtils.java:logGet(46)) - raft.server.rpc.timeout.min = 1s (custom)
2022-06-01 03:34:40,556 [pool-186-thread-1] INFO  server.RaftServerConfigKeys (ConfUtils.java:logGet(46)) - raft.server.rpc.timeout.max = 1200ms (custom)
2022-06-01 03:34:40,556 [pool-186-thread-1] INFO  server.RaftServerConfigKeys (ConfUtils.java:logGet(46)) - raft.server.rpc.sleep.time = 25ms (default)
2022-06-01 03:34:40,556 [pool-186-thread-1] INFO  server.RaftServerConfigKeys (ConfUtils.java:logGet(46)) - raft.server.rpc.slowness.timeout = 120s (custom)
2022-06-01 03:34:40,556 [pool-186-thread-1] INFO  server.RaftServerConfigKeys (ConfUtils.java:logGet(46)) - raft.server.leaderelection.leader.step-down.wait-time = 10s (default)
2022-06-01 03:34:40,556 [pool-186-thread-1] INFO  server.RaftServerConfigKeys (ConfUtils.java:logGet(46)) - raft.server.sleep.deviation.threshold = 300ms (default)
2022-06-01 03:34:40,557 [pool-186-thread-1] INFO  server.RaftServer$Division (ServerState.java:<init>(107)) - om1@group-C5BA1605619E: ConfigurationManager, init=-1: [om1|rpc:localhost:9872|priority:0], old=null, confs=<EMPTY_MAP>
2022-06-01 03:34:40,557 [pool-186-thread-1] INFO  server.RaftServerConfigKeys (ConfUtils.java:logGet(46)) - raft.server.storage.dir = [/home/runner/work/ozone/ozone/hadoop-ozone/integration-test/target/test-dir/MiniOzoneClusterImpl-1e64a523-1474-4f36-a74c-b9773adf1118/ozone-meta/ratis] (custom)
2022-06-01 03:34:40,557 [pool-186-thread-1] INFO  server.RaftServerConfigKeys (ConfUtils.java:logGet(46)) - raft.server.log.corruption.policy = EXCEPTION (default)
2022-06-01 03:34:40,557 [pool-186-thread-1] INFO  server.RaftServerConfigKeys (ConfUtils.java:logGet(46)) - raft.server.storage.free-space.min = 0MB (=0) (default)
2022-06-01 03:34:40,557 [pool-186-thread-1] INFO  storage.RaftStorageDirectory (RaftStorageDirectoryImpl.java:analyzeStorage(135)) - The storage directory /home/runner/work/ozone/ozone/hadoop-ozone/integration-test/target/test-dir/MiniOzoneClusterImpl-1e64a523-1474-4f36-a74c-b9773adf1118/ozone-meta/ratis/bf265839-605b-3f16-9796-c5ba1605619e does not exist. Creating ...
2022-06-01 03:34:40,567 [pool-186-thread-1] INFO  storage.RaftStorageDirectory (RaftStorageDirectoryImpl.java:tryLock(230)) - Lock on /home/runner/work/ozone/ozone/hadoop-ozone/integration-test/target/test-dir/MiniOzoneClusterImpl-1e64a523-1474-4f36-a74c-b9773adf1118/ozone-meta/ratis/bf265839-605b-3f16-9796-c5ba1605619e/in_use.lock acquired by nodename 14781@fv-az151-582
2022-06-01 03:34:40,568 [pool-186-thread-1] INFO  storage.RaftStorage (RaftStorageImpl.java:format(89)) - Storage directory /home/runner/work/ozone/ozone/hadoop-ozone/integration-test/target/test-dir/MiniOzoneClusterImpl-1e64a523-1474-4f36-a74c-b9773adf1118/ozone-meta/ratis/bf265839-605b-3f16-9796-c5ba1605619e has been successfully formatted.
2022-06-01 03:34:40,569 [pool-186-thread-1] INFO  server.RaftServerConfigKeys (ConfUtils.java:logGet(46)) - raft.server.notification.no-leader.timeout = 120s (custom)
2022-06-01 03:34:40,569 [pool-186-thread-1] INFO  server.RaftServerConfigKeys (ConfUtils.java:logGet(46)) - raft.server.log.use.memory = false (default)
2022-06-01 03:34:40,580 [pool-186-thread-1] INFO  server.RaftServerConfigKeys (ConfUtils.java:logGet(46)) - raft.server.log.purge.gap = 1000000 (custom)
2022-06-01 03:34:40,580 [pool-186-thread-1] INFO  server.RaftServerConfigKeys (ConfUtils.java:logGet(46)) - raft.server.log.appender.buffer.byte-limit = 33554432 (custom)
2022-06-01 03:34:40,580 [pool-186-thread-1] INFO  server.RaftServerConfigKeys (ConfUtils.java:logGet(46)) - raft.server.log.statemachine.data.read.timeout = 1000ms (default)
2022-06-01 03:34:40,580 [pool-186-thread-1] INFO  server.RaftServerConfigKeys (ConfUtils.java:logGet(46)) - raft.server.log.segment.size.max = 4194304 (custom)
2022-06-01 03:34:40,580 [pool-186-thread-1] INFO  server.RaftServerConfigKeys (ConfUtils.java:logGet(46)) - raft.server.log.segment.cache.num.max = 2 (custom)
2022-06-01 03:34:40,580 [pool-186-thread-1] INFO  server.RaftServerConfigKeys (ConfUtils.java:logGet(46)) - raft.server.log.segment.cache.size.max = 200MB (=209715200) (default)
2022-06-01 03:34:40,580 [pool-186-thread-1] INFO  segmented.SegmentedRaftLogWorker (SegmentedRaftLogWorker.java:<init>(187)) - new om1@group-C5BA1605619E-SegmentedRaftLogWorker for RaftStorageImpl:Storage Directory /home/runner/work/ozone/ozone/hadoop-ozone/integration-test/target/test-dir/MiniOzoneClusterImpl-1e64a523-1474-4f36-a74c-b9773adf1118/ozone-meta/ratis/bf265839-605b-3f16-9796-c5ba1605619e
2022-06-01 03:34:40,580 [pool-186-thread-1] INFO  server.RaftServerConfigKeys (ConfUtils.java:logGet(46)) - raft.server.log.queue.byte-limit = 64MB (=67108864) (default)
2022-06-01 03:34:40,580 [pool-186-thread-1] INFO  server.RaftServerConfigKeys (ConfUtils.java:logGet(46)) - raft.server.log.queue.element-limit = 4096 (default)
2022-06-01 03:34:40,581 [pool-186-thread-1] INFO  server.RaftServerConfigKeys (ConfUtils.java:logGet(46)) - raft.server.log.segment.size.max = 4194304 (custom)
2022-06-01 03:34:40,581 [pool-186-thread-1] INFO  server.RaftServerConfigKeys (ConfUtils.java:logGet(46)) - raft.server.log.preallocated.size = 4194304 (custom)
2022-06-01 03:34:40,581 [pool-186-thread-1] INFO  server.RaftServerConfigKeys (ConfUtils.java:logGet(46)) - raft.server.log.force.sync.num = 128 (default)
2022-06-01 03:34:40,581 [pool-186-thread-1] INFO  server.RaftServerConfigKeys (ConfUtils.java:logGet(46)) - raft.server.log.statemachine.data.sync = true (default)
2022-06-01 03:34:40,581 [pool-186-thread-1] INFO  server.RaftServerConfigKeys (ConfUtils.java:logGet(46)) - raft.server.log.statemachine.data.sync.timeout = 10s (default)
2022-06-01 03:34:40,581 [pool-186-thread-1] INFO  server.RaftServerConfigKeys (ConfUtils.java:logGet(46)) - raft.server.log.statemachine.data.sync.timeout.retry = -1 (default)
2022-06-01 03:34:40,581 [pool-186-thread-1] INFO  server.RaftServerConfigKeys (ConfUtils.java:logGet(46)) - raft.server.log.write.buffer.size = 64KB (=65536) (default)
2022-06-01 03:34:40,581 [pool-186-thread-1] INFO  server.RaftServerConfigKeys (ConfUtils.java:logGet(46)) - raft.server.log.unsafe-flush.enabled = false (default)
2022-06-01 03:34:40,581 [pool-186-thread-1] INFO  server.RaftServerConfigKeys (ConfUtils.java:logGet(46)) - raft.server.log.statemachine.data.caching.enabled = false (default)
2022-06-01 03:34:40,582 [pool-186-thread-1] INFO  segmented.SegmentedRaftLogWorker (SegmentedRaftLogWorker.java:lambda$new$0(135)) - om1@group-C5BA1605619E-SegmentedRaftLogWorker: flushIndex: setUnconditionally 0 -> -1
2022-06-01 03:34:40,582 [pool-186-thread-1] INFO  segmented.SegmentedRaftLogWorker (SegmentedRaftLogWorker.java:lambda$new$0(135)) - om1@group-C5BA1605619E-SegmentedRaftLogWorker: safeCacheEvictIndex: setUnconditionally 0 -> -1
2022-06-01 03:34:40,592 [pool-186-thread-1] INFO  server.RaftServerConfigKeys (ConfUtils.java:logGet(46)) - raft.server.snapshot.auto.trigger.enabled = true (custom)
2022-06-01 03:34:40,592 [pool-186-thread-1] INFO  server.RaftServerConfigKeys (ConfUtils.java:logGet(46)) - raft.server.snapshot.auto.trigger.threshold = 400000 (default)
2022-06-01 03:34:40,592 [pool-186-thread-1] INFO  server.RaftServerConfigKeys (ConfUtils.java:logGet(46)) - raft.server.snapshot.retention.file.num = -1 (default)
2022-06-01 03:34:40,592 [pool-186-thread-1] INFO  server.RaftServerConfigKeys (ConfUtils.java:logGet(46)) - raft.server.log.purge.upto.snapshot.index = true (custom)
2022-06-01 03:34:40,592 [pool-186-thread-1] INFO  server.RaftServerConfigKeys (ConfUtils.java:logGet(46)) - raft.server.retrycache.expirytime = 300s (custom)
2022-06-01 03:34:40,592 [pool-186-thread-1] INFO  server.RaftServerConfigKeys (ConfUtils.java:logGet(46)) - raft.server.retrycache.statistics.expirytime = 100μs (default)
2022-06-01 03:34:40,593 [pool-186-thread-1] INFO  server.RaftServerConfigKeys (ConfUtils.java:logGet(46)) - raft.server.log.appender.install.snapshot.enabled = false (custom)
2022-06-01 03:34:40,593 [pool-186-thread-1] INFO  server.RaftServerConfigKeys (ConfUtils.java:logGet(46)) - raft.server.threadpool.server.cached = true (default)
2022-06-01 03:34:40,593 [pool-186-thread-1] INFO  server.RaftServerConfigKeys (ConfUtils.java:logGet(46)) - raft.server.threadpool.server.size = 0 (default)
2022-06-01 03:34:40,593 [pool-186-thread-1] INFO  server.RaftServerConfigKeys (ConfUtils.java:logGet(46)) - raft.server.threadpool.client.cached = true (default)
2022-06-01 03:34:40,593 [pool-186-thread-1] INFO  server.RaftServerConfigKeys (ConfUtils.java:logGet(46)) - raft.server.threadpool.client.size = 0 (default)
2022-06-01 03:34:41,516 [Listener at 0.0.0.0/45627] INFO  reflections.Reflections (Reflections.java:scan(232)) - Reflections took 967 ms to scan 19 urls, producing 61 keys and 3824 values [using 2 cores]
2022-06-01 03:34:41,518 [Listener at 0.0.0.0/45627] INFO  ipc.CallQueueManager (CallQueueManager.java:<init>(90)) - Using callQueue: class java.util.concurrent.LinkedBlockingQueue, queueCapacity: 2000, scheduler: class org.apache.hadoop.ipc.DefaultRpcScheduler, ipcBackoff: false.
2022-06-01 03:34:41,528 [Socket Reader #1 for port 0] INFO  ipc.Server (Server.java:run(1265)) - Starting Socket Reader #1 for port 0
2022-06-01 03:34:41,569 [Listener at 127.0.0.1/35387] INFO  impl.MetricsSystemImpl (MetricsSystemImpl.java:init(158)) - OzoneManager metrics system started (again)
2022-06-01 03:34:41,585 [Listener at 127.0.0.1/35387] INFO  om.OzoneManager (OzoneManager.java:start(1460)) - OzoneManager RPC server is listening at localhost/127.0.0.1:35387
2022-06-01 03:34:41,585 [Listener at 127.0.0.1/35387] INFO  ratis.OzoneManagerRatisServer (OzoneManagerRatisServer.java:start(554)) - Starting OzoneManagerRatisServer om1 at port 9872
2022-06-01 03:34:41,585 [om1-impl-thread1] INFO  server.RaftServer$Division (RaftServerImpl.java:start(310)) - om1@group-C5BA1605619E: start as a follower, conf=-1: [om1|rpc:localhost:9872|priority:0], old=null
2022-06-01 03:34:41,585 [om1-impl-thread1] INFO  server.RaftServer$Division (RaftServerImpl.java:setRole(299)) - om1@group-C5BA1605619E: changes role from      null to FOLLOWER at term 0 for startAsFollower
2022-06-01 03:34:41,585 [om1-impl-thread1] INFO  impl.RoleInfo (RoleInfo.java:updateAndGet(139)) - om1: start om1@group-C5BA1605619E-FollowerState
2022-06-01 03:34:41,586 [om1-impl-thread1] INFO  util.JmxRegister (JmxRegister.java:tryRegister(44)) - Successfully registered JMX Bean with object name Ratis:service=RaftServer,group=group-C5BA1605619E,id=om1
2022-06-01 03:34:41,587 [Listener at 127.0.0.1/35387] INFO  server.RaftServer (RaftServerProxy.java:lambda$start$6(382)) - om1: start RPC server
2022-06-01 03:34:41,608 [Listener at 127.0.0.1/35387] INFO  server.GrpcService (GrpcService.java:startImpl(260)) - om1: GrpcService started, listening on 9872
2022-06-01 03:34:41,612 [Listener at 127.0.0.1/35387] INFO  om.OzoneManager (OzoneManager.java:start(1476)) - Version File has different layout version (3) than OM DB (null). That is expected if this OM has never been finalized to a newer layout version.
2022-06-01 03:34:41,612 [org.apache.ratis.util.JvmPauseMonitor$$Lambda$677/1664655596@48698a4] INFO  util.JvmPauseMonitor (JvmPauseMonitor.java:run(103)) - JvmPauseMonitor-om1: Started
2022-06-01 03:34:41,632 [Listener at 127.0.0.1/35387] INFO  http.BaseHttpServer (BaseHttpServer.java:newHttpServer2BuilderForOzone(209)) - Starting Web-server for ozoneManager at: http://0.0.0.0:0
2022-06-01 03:34:41,632 [Listener at 127.0.0.1/35387] INFO  http.BaseHttpServer (BaseHttpServer.java:<init>(107)) - Hadoop Security Enabled: false Ozone Security Enabled: false Ozone HTTP Security Enabled: false 
2022-06-01 03:34:41,634 [Listener at 127.0.0.1/35387] INFO  server.AuthenticationFilter (AuthenticationFilter.java:constructSecretProvider(240)) - Unable to initialize FileSignerSecretProvider, falling back to use random secrets.
2022-06-01 03:34:41,640 [Listener at 127.0.0.1/35387] WARN  http.HttpRequestLog (HttpRequestLog.java:getRequestLog(103)) - Jetty request log can only be enabled using Log4j
2022-06-01 03:34:41,641 [Listener at 127.0.0.1/35387] INFO  http.HttpServer2 (HttpServer2.java:addGlobalFilter(1030)) - Added global filter 'safety' (class=org.apache.hadoop.hdds.server.http.HttpServer2$QuotingInputFilter)
2022-06-01 03:34:41,642 [Listener at 127.0.0.1/35387] INFO  http.HttpServer2 (HttpServer2.java:addFilter(1006)) - Added filter static_user_filter (class=org.apache.hadoop.http.lib.StaticUserWebFilter$StaticUserFilter) to context ozoneManager
2022-06-01 03:34:41,642 [Listener at 127.0.0.1/35387] INFO  http.HttpServer2 (HttpServer2.java:addFilter(1014)) - Added filter static_user_filter (class=org.apache.hadoop.http.lib.StaticUserWebFilter$StaticUserFilter) to context logs
2022-06-01 03:34:41,642 [Listener at 127.0.0.1/35387] INFO  http.HttpServer2 (HttpServer2.java:addFilter(1014)) - Added filter static_user_filter (class=org.apache.hadoop.http.lib.StaticUserWebFilter$StaticUserFilter) to context static
2022-06-01 03:34:41,642 [Listener at 127.0.0.1/35387] INFO  http.HttpServer2 (HttpServer2.java:bindListener(1249)) - Jetty bound to port 46441
2022-06-01 03:34:41,642 [Listener at 127.0.0.1/35387] INFO  server.Server (Server.java:doStart(375)) - jetty-9.4.43.v20210629; built: 2021-06-30T11:07:22.254Z; git: 526006ecfa3af7f1a27ef3a288e2bef7ea9dd7e8; jvm 1.8.0_332-b09
2022-06-01 03:34:41,658 [Listener at 127.0.0.1/35387] INFO  server.session (DefaultSessionIdManager.java:doStart(334)) - DefaultSessionIdManager workerName=node0
2022-06-01 03:34:41,658 [Listener at 127.0.0.1/35387] INFO  server.session (DefaultSessionIdManager.java:doStart(339)) - No SessionScavenger set, using defaults
2022-06-01 03:34:41,658 [Listener at 127.0.0.1/35387] INFO  server.session (HouseKeeper.java:startScavenging(132)) - node0 Scavenging every 660000ms
2022-06-01 03:34:41,661 [Listener at 127.0.0.1/35387] INFO  handler.ContextHandler (ContextHandler.java:doStart(915)) - Started o.e.j.s.ServletContextHandler@5fc46215{logs,/logs,file:///home/runner/work/ozone/ozone/hadoop-ozone/integration-test/target/log,AVAILABLE}
2022-06-01 03:34:41,661 [Listener at 127.0.0.1/35387] INFO  handler.ContextHandler (ContextHandler.java:doStart(915)) - Started o.e.j.s.ServletContextHandler@3daf4e64{static,/static,file:///home/runner/work/ozone/ozone/hadoop-ozone/integration-test/target/test-classes/webapps/static,AVAILABLE}
2022-06-01 03:34:41,664 [Listener at 127.0.0.1/35387] INFO  handler.ContextHandler (ContextHandler.java:doStart(915)) - Started o.e.j.w.WebAppContext@485ca712{ozoneManager,/,file:///home/runner/work/ozone/ozone/hadoop-ozone/integration-test/target/test-classes/webapps/ozoneManager/,AVAILABLE}{file:/home/runner/work/ozone/ozone/hadoop-ozone/integration-test/target/test-classes/webapps/ozoneManager}
2022-06-01 03:34:41,672 [Listener at 127.0.0.1/35387] INFO  server.AbstractConnector (AbstractConnector.java:doStart(331)) - Started ServerConnector@18456783{HTTP/1.1, (http/1.1)}{0.0.0.0:46441}
2022-06-01 03:34:41,672 [Listener at 127.0.0.1/35387] INFO  server.Server (Server.java:doStart(415)) - Started @44806ms
2022-06-01 03:34:41,672 [Listener at 127.0.0.1/35387] WARN  impl.MetricsSystemImpl (MetricsSystemImpl.java:register(279)) - Sink prometheus already exists!
2022-06-01 03:34:41,673 [Listener at 127.0.0.1/35387] INFO  http.BaseHttpServer (BaseHttpServer.java:updateConnectorAddress(329)) - HTTP server of ozoneManager listening at http://0.0.0.0:46441
2022-06-01 03:34:41,675 [IPC Server Responder] INFO  ipc.Server (Server.java:run(1507)) - IPC Server Responder: starting
2022-06-01 03:34:41,675 [IPC Server listener on 0] INFO  ipc.Server (Server.java:run(1344)) - IPC Server listener on 0: starting
2022-06-01 03:34:41,681 [Listener at 127.0.0.1/35387] INFO  om.OzoneManager (OzoneManager.java:startTrashEmptier(1900)) - Trash Interval set to 0. Files deleted won't move to trash
2022-06-01 03:34:41,699 [org.apache.hadoop.util.JvmPauseMonitor$Monitor@40ba320f] INFO  util.JvmPauseMonitor (JvmPauseMonitor.java:run(188)) - Starting JVM pause monitor
2022-06-01 03:34:41,709 [Listener at 127.0.0.1/35387] WARN  impl.MetricRegistriesImpl (MetricRegistriesImpl.java:addReporterRegistration(111)) - New reporters are added after registries were created. Some metrics will be missing from the reporter. Please add reporter before adding any new registry.
2022-06-01 03:34:41,709 [Listener at 127.0.0.1/35387] WARN  impl.MetricRegistriesImpl (MetricRegistriesImpl.java:addReporterRegistration(111)) - New reporters are added after registries were created. Some metrics will be missing from the reporter. Please add reporter before adding any new registry.
2022-06-01 03:34:41,710 [Listener at 127.0.0.1/35387] INFO  impl.MetricsSystemImpl (MetricsSystemImpl.java:init(158)) - HddsDatanode metrics system started (again)
2022-06-01 03:34:41,749 [Listener at 127.0.0.1/35387] INFO  ozone.HddsDatanodeService (HddsDatanodeService.java:start(236)) - HddsDatanodeService host:fv-az151-582.yf2hydr00wburbhx3j5hxtcipe.bx.internal.cloudapp.net ip:10.1.0.5
2022-06-01 03:34:41,790 [Listener at 127.0.0.1/35387] INFO  upgrade.AbstractLayoutVersionManager (AbstractLayoutVersionManager.java:init(79)) - Initializing Layout version manager with metadata layout = ERASURE_CODED_STORAGE_SUPPORT (version = 3), software layout = ERASURE_CODED_STORAGE_SUPPORT (version = 3)
2022-06-01 03:34:41,851 [Listener at 127.0.0.1/35387] INFO  reflections.Reflections (Reflections.java:scan(232)) - Reflections took 60 ms to scan 7 urls, producing 127 keys and 292 values 
2022-06-01 03:34:41,857 [Listener at 127.0.0.1/35387] INFO  statemachine.DatanodeStateMachine (DatanodeStateMachine.java:getEndPointTaskThreadPoolSize(233)) - Datanode State Machine Task Thread Pool size 2
2022-06-01 03:34:41,868 [Listener at 127.0.0.1/35387] INFO  volume.HddsVolume (HddsVolume.java:<init>(120)) - Creating HddsVolume: /home/runner/work/ozone/ozone/hadoop-ozone/integration-test/target/test-dir/MiniOzoneClusterImpl-1e64a523-1474-4f36-a74c-b9773adf1118/datanode-0/data-0/containers/hdds of storage type : DISK capacity : 9223372036854775807
2022-06-01 03:34:41,868 [Listener at 127.0.0.1/35387] INFO  volume.MutableVolumeSet (MutableVolumeSet.java:initializeVolumeSet(168)) - Added Volume : /home/runner/work/ozone/ozone/hadoop-ozone/integration-test/target/test-dir/MiniOzoneClusterImpl-1e64a523-1474-4f36-a74c-b9773adf1118/datanode-0/data-0/containers/hdds to VolumeSet
2022-06-01 03:34:41,868 [Listener at 127.0.0.1/35387] INFO  volume.ThrottledAsyncChecker (ThrottledAsyncChecker.java:schedule(141)) - Scheduling a check for /home/runner/work/ozone/ozone/hadoop-ozone/integration-test/target/test-dir/MiniOzoneClusterImpl-1e64a523-1474-4f36-a74c-b9773adf1118/datanode-0/data-0/containers/hdds
2022-06-01 03:34:41,869 [Listener at 127.0.0.1/35387] INFO  volume.StorageVolumeChecker (StorageVolumeChecker.java:checkAllVolumes(202)) - Scheduled health check for volume /home/runner/work/ozone/ozone/hadoop-ozone/integration-test/target/test-dir/MiniOzoneClusterImpl-1e64a523-1474-4f36-a74c-b9773adf1118/datanode-0/data-0/containers/hdds
2022-06-01 03:34:41,899 [Listener at 127.0.0.1/35387] INFO  volume.MutableVolumeSet (MutableVolumeSet.java:initializeVolumeSet(168)) - Added Volume : /home/runner/work/ozone/ozone/hadoop-ozone/integration-test/target/test-dir/MiniOzoneClusterImpl-1e64a523-1474-4f36-a74c-b9773adf1118/datanode-0/data/ratis to VolumeSet
2022-06-01 03:34:41,899 [Listener at 127.0.0.1/35387] INFO  volume.ThrottledAsyncChecker (ThrottledAsyncChecker.java:schedule(141)) - Scheduling a check for /home/runner/work/ozone/ozone/hadoop-ozone/integration-test/target/test-dir/MiniOzoneClusterImpl-1e64a523-1474-4f36-a74c-b9773adf1118/datanode-0/data/ratis
2022-06-01 03:34:41,900 [Listener at 127.0.0.1/35387] INFO  volume.StorageVolumeChecker (StorageVolumeChecker.java:checkAllVolumes(202)) - Scheduled health check for volume /home/runner/work/ozone/ozone/hadoop-ozone/integration-test/target/test-dir/MiniOzoneClusterImpl-1e64a523-1474-4f36-a74c-b9773adf1118/datanode-0/data/ratis
2022-06-01 03:34:41,931 [Thread-399] INFO  ozoneimpl.ContainerReader (ContainerReader.java:readVolume(172)) - Finish verifying containers on volume /home/runner/work/ozone/ozone/hadoop-ozone/integration-test/target/test-dir/MiniOzoneClusterImpl-1e64a523-1474-4f36-a74c-b9773adf1118/datanode-0/data-0/containers/hdds
2022-06-01 03:34:41,931 [Listener at 127.0.0.1/35387] INFO  ozoneimpl.OzoneContainer (OzoneContainer.java:buildContainerSet(257)) - Build ContainerSet costs 0s
2022-06-01 03:34:41,934 [Listener at 127.0.0.1/35387] INFO  server.RaftServer (ConfUtils.java:logGet(46)) - raft.rpc.type = GRPC (default)
2022-06-01 03:34:41,935 [Listener at 127.0.0.1/35387] INFO  grpc.GrpcFactory (GrpcFactory.java:checkPooledByteBufAllocatorUseCacheForAllThreads(48)) - PERFORMANCE WARNING: useCacheForAllThreads is true that may cause Netty to create a lot garbage objects and, as a result, trigger GC.
	It is recommended to disable useCacheForAllThreads by setting -Dorg.apache.ratis.thirdparty.io.netty.allocator.useCacheForAllThreads=false in command line.
2022-06-01 03:34:41,935 [Listener at 127.0.0.1/35387] INFO  grpc.GrpcConfigKeys (ConfUtils.java:logGet(46)) - raft.grpc.admin.port = 0 (custom)
2022-06-01 03:34:41,935 [Listener at 127.0.0.1/35387] INFO  grpc.GrpcConfigKeys (ConfUtils.java:logGet(46)) - raft.grpc.client.port = 0 (custom)
2022-06-01 03:34:41,936 [Listener at 127.0.0.1/35387] INFO  grpc.GrpcConfigKeys (ConfUtils.java:logGet(46)) - raft.grpc.server.port = 0 (default)
2022-06-01 03:34:41,938 [Listener at 127.0.0.1/35387] INFO  server.GrpcService (ConfUtils.java:logGet(46)) - raft.grpc.message.size.max = 32MB (=33554432) (custom)
2022-06-01 03:34:41,938 [Listener at 127.0.0.1/35387] INFO  server.RaftServerConfigKeys (ConfUtils.java:logGet(46)) - raft.server.log.appender.buffer.byte-limit = 33554432 (custom)
2022-06-01 03:34:41,938 [Listener at 127.0.0.1/35387] INFO  server.GrpcService (ConfUtils.java:logGet(46)) - raft.grpc.flow.control.window = 5MB (=5242880) (custom)
2022-06-01 03:34:41,938 [Listener at 127.0.0.1/35387] INFO  server.RaftServerConfigKeys (ConfUtils.java:logGet(46)) - raft.server.rpc.request.timeout = 60s (custom)
2022-06-01 03:34:41,938 [Listener at 127.0.0.1/35387] INFO  grpc.GrpcConfigKeys (ConfUtils.java:logGet(46)) - raft.grpc.server.async.request.thread.pool.cached = true (default)
2022-06-01 03:34:41,939 [Listener at 127.0.0.1/35387] INFO  grpc.GrpcConfigKeys (ConfUtils.java:logGet(46)) - raft.grpc.server.async.request.thread.pool.size = 32 (default)
2022-06-01 03:34:41,944 [Listener at 127.0.0.1/35387] INFO  impl.DataStreamServerImpl (ConfUtils.java:logGet(46)) - raft.datastream.type = DISABLED (default)
2022-06-01 03:34:41,944 [Listener at 127.0.0.1/35387] INFO  server.RaftServerConfigKeys (ConfUtils.java:logGet(46)) - raft.server.threadpool.proxy.cached = true (default)
2022-06-01 03:34:41,944 [Listener at 127.0.0.1/35387] INFO  server.RaftServerConfigKeys (ConfUtils.java:logGet(46)) - raft.server.threadpool.proxy.size = 0 (default)
2022-06-01 03:34:41,945 [Listener at 127.0.0.1/35387] INFO  server.RaftServerConfigKeys (ConfUtils.java:logGet(46)) - raft.server.rpc.slowness.timeout = 300s (custom)
2022-06-01 03:34:41,945 [Listener at 127.0.0.1/35387] INFO  server.RaftServerConfigKeys (ConfUtils.java:logGet(46)) - raft.server.leaderelection.leader.step-down.wait-time = 10s (default)
2022-06-01 03:34:41,945 [Listener at 127.0.0.1/35387] INFO  server.RaftServerConfigKeys (ConfUtils.java:logGet(46)) - raft.server.storage.dir = [/home/runner/work/ozone/ozone/hadoop-ozone/integration-test/target/test-dir/MiniOzoneClusterImpl-1e64a523-1474-4f36-a74c-b9773adf1118/datanode-0/data/ratis] (custom)
2022-06-01 03:34:41,951 [Listener at 127.0.0.1/35387] INFO  server.XceiverServerGrpc (XceiverServerGrpc.java:<init>(132)) - GrpcServer channel type EpollServerSocketChannel
2022-06-01 03:34:41,961 [Listener at 127.0.0.1/35387] INFO  http.BaseHttpServer (BaseHttpServer.java:newHttpServer2BuilderForOzone(209)) - Starting Web-server for hddsDatanode at: http://0.0.0.0:0
2022-06-01 03:34:41,961 [Listener at 127.0.0.1/35387] INFO  http.BaseHttpServer (BaseHttpServer.java:<init>(107)) - Hadoop Security Enabled: false Ozone Security Enabled: false Ozone HTTP Security Enabled: false 
2022-06-01 03:34:41,962 [Listener at 127.0.0.1/35387] INFO  server.AuthenticationFilter (AuthenticationFilter.java:constructSecretProvider(240)) - Unable to initialize FileSignerSecretProvider, falling back to use random secrets.
2022-06-01 03:34:41,966 [Listener at 127.0.0.1/35387] WARN  http.HttpRequestLog (HttpRequestLog.java:getRequestLog(103)) - Jetty request log can only be enabled using Log4j
2022-06-01 03:34:41,967 [Listener at 127.0.0.1/35387] INFO  http.HttpServer2 (HttpServer2.java:addGlobalFilter(1030)) - Added global filter 'safety' (class=org.apache.hadoop.hdds.server.http.HttpServer2$QuotingInputFilter)
2022-06-01 03:34:41,968 [Listener at 127.0.0.1/35387] INFO  http.HttpServer2 (HttpServer2.java:addFilter(1006)) - Added filter static_user_filter (class=org.apache.hadoop.http.lib.StaticUserWebFilter$StaticUserFilter) to context hddsDatanode
2022-06-01 03:34:41,968 [Listener at 127.0.0.1/35387] INFO  http.HttpServer2 (HttpServer2.java:addFilter(1014)) - Added filter static_user_filter (class=org.apache.hadoop.http.lib.StaticUserWebFilter$StaticUserFilter) to context logs
2022-06-01 03:34:41,968 [Listener at 127.0.0.1/35387] INFO  http.HttpServer2 (HttpServer2.java:addFilter(1014)) - Added filter static_user_filter (class=org.apache.hadoop.http.lib.StaticUserWebFilter$StaticUserFilter) to context static
2022-06-01 03:34:41,980 [Listener at 127.0.0.1/35387] INFO  http.HttpServer2 (HttpServer2.java:bindListener(1249)) - Jetty bound to port 40905
2022-06-01 03:34:41,981 [Listener at 127.0.0.1/35387] INFO  server.Server (Server.java:doStart(375)) - jetty-9.4.43.v20210629; built: 2021-06-30T11:07:22.254Z; git: 526006ecfa3af7f1a27ef3a288e2bef7ea9dd7e8; jvm 1.8.0_332-b09
2022-06-01 03:34:41,999 [Listener at 127.0.0.1/35387] INFO  server.session (DefaultSessionIdManager.java:doStart(334)) - DefaultSessionIdManager workerName=node0
2022-06-01 03:34:41,999 [Listener at 127.0.0.1/35387] INFO  server.session (DefaultSessionIdManager.java:doStart(339)) - No SessionScavenger set, using defaults
2022-06-01 03:34:41,999 [Listener at 127.0.0.1/35387] INFO  server.session (HouseKeeper.java:startScavenging(132)) - node0 Scavenging every 600000ms
2022-06-01 03:34:42,008 [Listener at 127.0.0.1/35387] INFO  handler.ContextHandler (ContextHandler.java:doStart(915)) - Started o.e.j.s.ServletContextHandler@c4ced8e{logs,/logs,file:///home/runner/work/ozone/ozone/hadoop-ozone/integration-test/target/log,AVAILABLE}
2022-06-01 03:34:42,008 [Listener at 127.0.0.1/35387] INFO  handler.ContextHandler (ContextHandler.java:doStart(915)) - Started o.e.j.s.ServletContextHandler@54bfda15{static,/static,jar:file:/home/runner/.m2/repository/org/apache/ozone/hdds-container-service/1.3.0-SNAPSHOT/hdds-container-service-1.3.0-SNAPSHOT.jar!/webapps/static,AVAILABLE}
2022-06-01 03:34:42,289 [Listener at 127.0.0.1/35387] INFO  handler.ContextHandler (ContextHandler.java:doStart(915)) - Started o.e.j.w.WebAppContext@6254a37b{hddsDatanode,/,file:///tmp/jetty-0_0_0_0-40905-hdds-container-service-1_3_0-SNAPSHOT_jar-_-any-5980544892394699545/webapp/,AVAILABLE}{jar:file:/home/runner/.m2/repository/org/apache/ozone/hdds-container-service/1.3.0-SNAPSHOT/hdds-container-service-1.3.0-SNAPSHOT.jar!/webapps/hddsDatanode}
2022-06-01 03:34:42,295 [Listener at 127.0.0.1/35387] INFO  server.AbstractConnector (AbstractConnector.java:doStart(331)) - Started ServerConnector@6c4adb44{HTTP/1.1, (http/1.1)}{0.0.0.0:40905}
2022-06-01 03:34:42,295 [Listener at 127.0.0.1/35387] INFO  server.Server (Server.java:doStart(415)) - Started @45429ms
2022-06-01 03:34:42,295 [Listener at 127.0.0.1/35387] WARN  impl.MetricsSystemImpl (MetricsSystemImpl.java:register(279)) - Sink prometheus already exists!
2022-06-01 03:34:42,296 [Listener at 127.0.0.1/35387] INFO  http.BaseHttpServer (BaseHttpServer.java:updateConnectorAddress(329)) - HTTP server of hddsDatanode listening at http://0.0.0.0:40905
2022-06-01 03:34:42,307 [Listener at 127.0.0.1/35387] WARN  impl.MetricRegistriesImpl (MetricRegistriesImpl.java:addReporterRegistration(111)) - New reporters are added after registries were created. Some metrics will be missing from the reporter. Please add reporter before adding any new registry.
2022-06-01 03:34:42,308 [Listener at 127.0.0.1/35387] WARN  impl.MetricRegistriesImpl (MetricRegistriesImpl.java:addReporterRegistration(111)) - New reporters are added after registries were created. Some metrics will be missing from the reporter. Please add reporter before adding any new registry.
2022-06-01 03:34:42,308 [Listener at 127.0.0.1/35387] INFO  impl.MetricsSystemImpl (MetricsSystemImpl.java:init(158)) - HddsDatanode metrics system started (again)
2022-06-01 03:34:42,318 [Datanode State Machine Daemon Thread] INFO  statemachine.DatanodeStateMachine (DatanodeStateMachine.java:lambda$startDaemon$0(481)) - Ozone container server started.
2022-06-01 03:34:42,321 [Listener at 127.0.0.1/35387] INFO  ozone.HddsDatanodeService (HddsDatanodeService.java:start(236)) - HddsDatanodeService host:fv-az151-582.yf2hydr00wburbhx3j5hxtcipe.bx.internal.cloudapp.net ip:10.1.0.5
2022-06-01 03:34:42,354 [Listener at 127.0.0.1/35387] INFO  upgrade.AbstractLayoutVersionManager (AbstractLayoutVersionManager.java:init(79)) - Initializing Layout version manager with metadata layout = ERASURE_CODED_STORAGE_SUPPORT (version = 3), software layout = ERASURE_CODED_STORAGE_SUPPORT (version = 3)
2022-06-01 03:34:42,401 [org.apache.hadoop.util.JvmPauseMonitor$Monitor@5f7cda2] INFO  util.JvmPauseMonitor (JvmPauseMonitor.java:run(188)) - Starting JVM pause monitor
2022-06-01 03:34:42,421 [Datanode State Machine Task Thread - 0] INFO  datanode.InitDatanodeState (InitDatanodeState.java:persistContainerDatanodeDetails(138)) - DatanodeDetails is persisted to /home/runner/work/ozone/ozone/hadoop-ozone/integration-test/target/test-dir/MiniOzoneClusterImpl-1e64a523-1474-4f36-a74c-b9773adf1118/datanode-0/meta/datanode.id
2022-06-01 03:34:42,441 [Listener at 127.0.0.1/35387] INFO  reflections.Reflections (Reflections.java:scan(232)) - Reflections took 86 ms to scan 7 urls, producing 127 keys and 292 values 
2022-06-01 03:34:42,443 [Listener at 127.0.0.1/35387] INFO  statemachine.DatanodeStateMachine (DatanodeStateMachine.java:getEndPointTaskThreadPoolSize(233)) - Datanode State Machine Task Thread Pool size 2
2022-06-01 03:34:42,450 [Listener at 127.0.0.1/35387] INFO  volume.HddsVolume (HddsVolume.java:<init>(120)) - Creating HddsVolume: /home/runner/work/ozone/ozone/hadoop-ozone/integration-test/target/test-dir/MiniOzoneClusterImpl-1e64a523-1474-4f36-a74c-b9773adf1118/datanode-1/data-0/containers/hdds of storage type : DISK capacity : 9223372036854775807
2022-06-01 03:34:42,451 [Listener at 127.0.0.1/35387] INFO  volume.MutableVolumeSet (MutableVolumeSet.java:initializeVolumeSet(168)) - Added Volume : /home/runner/work/ozone/ozone/hadoop-ozone/integration-test/target/test-dir/MiniOzoneClusterImpl-1e64a523-1474-4f36-a74c-b9773adf1118/datanode-1/data-0/containers/hdds to VolumeSet
2022-06-01 03:34:42,451 [Listener at 127.0.0.1/35387] INFO  volume.ThrottledAsyncChecker (ThrottledAsyncChecker.java:schedule(141)) - Scheduling a check for /home/runner/work/ozone/ozone/hadoop-ozone/integration-test/target/test-dir/MiniOzoneClusterImpl-1e64a523-1474-4f36-a74c-b9773adf1118/datanode-1/data-0/containers/hdds
2022-06-01 03:34:42,463 [Listener at 127.0.0.1/35387] INFO  volume.StorageVolumeChecker (StorageVolumeChecker.java:checkAllVolumes(202)) - Scheduled health check for volume /home/runner/work/ozone/ozone/hadoop-ozone/integration-test/target/test-dir/MiniOzoneClusterImpl-1e64a523-1474-4f36-a74c-b9773adf1118/datanode-1/data-0/containers/hdds
2022-06-01 03:34:42,474 [Listener at 127.0.0.1/35387] INFO  volume.MutableVolumeSet (MutableVolumeSet.java:initializeVolumeSet(168)) - Added Volume : /home/runner/work/ozone/ozone/hadoop-ozone/integration-test/target/test-dir/MiniOzoneClusterImpl-1e64a523-1474-4f36-a74c-b9773adf1118/datanode-1/data/ratis to VolumeSet
2022-06-01 03:34:42,474 [Listener at 127.0.0.1/35387] INFO  volume.ThrottledAsyncChecker (ThrottledAsyncChecker.java:schedule(141)) - Scheduling a check for /home/runner/work/ozone/ozone/hadoop-ozone/integration-test/target/test-dir/MiniOzoneClusterImpl-1e64a523-1474-4f36-a74c-b9773adf1118/datanode-1/data/ratis
2022-06-01 03:34:42,475 [Listener at 127.0.0.1/35387] INFO  volume.StorageVolumeChecker (StorageVolumeChecker.java:checkAllVolumes(202)) - Scheduled health check for volume /home/runner/work/ozone/ozone/hadoop-ozone/integration-test/target/test-dir/MiniOzoneClusterImpl-1e64a523-1474-4f36-a74c-b9773adf1118/datanode-1/data/ratis
2022-06-01 03:34:42,495 [Thread-412] INFO  ozoneimpl.ContainerReader (ContainerReader.java:readVolume(172)) - Finish verifying containers on volume /home/runner/work/ozone/ozone/hadoop-ozone/integration-test/target/test-dir/MiniOzoneClusterImpl-1e64a523-1474-4f36-a74c-b9773adf1118/datanode-1/data-0/containers/hdds
2022-06-01 03:34:42,495 [Listener at 127.0.0.1/35387] INFO  ozoneimpl.OzoneContainer (OzoneContainer.java:buildContainerSet(257)) - Build ContainerSet costs 0s
2022-06-01 03:34:42,498 [Listener at 127.0.0.1/35387] INFO  server.RaftServer (ConfUtils.java:logGet(46)) - raft.rpc.type = GRPC (default)
2022-06-01 03:34:42,498 [Listener at 127.0.0.1/35387] INFO  grpc.GrpcFactory (GrpcFactory.java:checkPooledByteBufAllocatorUseCacheForAllThreads(48)) - PERFORMANCE WARNING: useCacheForAllThreads is true that may cause Netty to create a lot garbage objects and, as a result, trigger GC.
	It is recommended to disable useCacheForAllThreads by setting -Dorg.apache.ratis.thirdparty.io.netty.allocator.useCacheForAllThreads=false in command line.
2022-06-01 03:34:42,498 [Listener at 127.0.0.1/35387] INFO  grpc.GrpcConfigKeys (ConfUtils.java:logGet(46)) - raft.grpc.admin.port = 0 (custom)
2022-06-01 03:34:42,498 [Listener at 127.0.0.1/35387] INFO  grpc.GrpcConfigKeys (ConfUtils.java:logGet(46)) - raft.grpc.client.port = 0 (custom)
2022-06-01 03:34:42,498 [Listener at 127.0.0.1/35387] INFO  grpc.GrpcConfigKeys (ConfUtils.java:logGet(46)) - raft.grpc.server.port = 0 (default)
2022-06-01 03:34:42,498 [Listener at 127.0.0.1/35387] INFO  server.GrpcService (ConfUtils.java:logGet(46)) - raft.grpc.message.size.max = 32MB (=33554432) (custom)
2022-06-01 03:34:42,498 [Listener at 127.0.0.1/35387] INFO  server.RaftServerConfigKeys (ConfUtils.java:logGet(46)) - raft.server.log.appender.buffer.byte-limit = 33554432 (custom)
2022-06-01 03:34:42,498 [Listener at 127.0.0.1/35387] INFO  server.GrpcService (ConfUtils.java:logGet(46)) - raft.grpc.flow.control.window = 5MB (=5242880) (custom)
2022-06-01 03:34:42,499 [Listener at 127.0.0.1/35387] INFO  server.RaftServerConfigKeys (ConfUtils.java:logGet(46)) - raft.server.rpc.request.timeout = 60s (custom)
2022-06-01 03:34:42,499 [Listener at 127.0.0.1/35387] INFO  grpc.GrpcConfigKeys (ConfUtils.java:logGet(46)) - raft.grpc.server.async.request.thread.pool.cached = true (default)
2022-06-01 03:34:42,499 [Listener at 127.0.0.1/35387] INFO  grpc.GrpcConfigKeys (ConfUtils.java:logGet(46)) - raft.grpc.server.async.request.thread.pool.size = 32 (default)
2022-06-01 03:34:42,504 [Listener at 127.0.0.1/35387] INFO  impl.DataStreamServerImpl (ConfUtils.java:logGet(46)) - raft.datastream.type = DISABLED (default)
2022-06-01 03:34:42,504 [Listener at 127.0.0.1/35387] INFO  server.RaftServerConfigKeys (ConfUtils.java:logGet(46)) - raft.server.threadpool.proxy.cached = true (default)
2022-06-01 03:34:42,504 [Listener at 127.0.0.1/35387] INFO  server.RaftServerConfigKeys (ConfUtils.java:logGet(46)) - raft.server.threadpool.proxy.size = 0 (default)
2022-06-01 03:34:42,505 [Listener at 127.0.0.1/35387] INFO  server.RaftServerConfigKeys (ConfUtils.java:logGet(46)) - raft.server.rpc.slowness.timeout = 300s (custom)
2022-06-01 03:34:42,505 [Listener at 127.0.0.1/35387] INFO  server.RaftServerConfigKeys (ConfUtils.java:logGet(46)) - raft.server.leaderelection.leader.step-down.wait-time = 10s (default)
2022-06-01 03:34:42,505 [Listener at 127.0.0.1/35387] INFO  server.RaftServerConfigKeys (ConfUtils.java:logGet(46)) - raft.server.storage.dir = [/home/runner/work/ozone/ozone/hadoop-ozone/integration-test/target/test-dir/MiniOzoneClusterImpl-1e64a523-1474-4f36-a74c-b9773adf1118/datanode-1/data/ratis] (custom)
2022-06-01 03:34:42,514 [Listener at 127.0.0.1/35387] INFO  server.XceiverServerGrpc (XceiverServerGrpc.java:<init>(132)) - GrpcServer channel type EpollServerSocketChannel
2022-06-01 03:34:42,517 [Listener at 127.0.0.1/35387] INFO  http.BaseHttpServer (BaseHttpServer.java:newHttpServer2BuilderForOzone(209)) - Starting Web-server for hddsDatanode at: http://0.0.0.0:0
2022-06-01 03:34:42,517 [Listener at 127.0.0.1/35387] INFO  http.BaseHttpServer (BaseHttpServer.java:<init>(107)) - Hadoop Security Enabled: false Ozone Security Enabled: false Ozone HTTP Security Enabled: false 
2022-06-01 03:34:42,518 [Listener at 127.0.0.1/35387] INFO  server.AuthenticationFilter (AuthenticationFilter.java:constructSecretProvider(240)) - Unable to initialize FileSignerSecretProvider, falling back to use random secrets.
2022-06-01 03:34:42,532 [Listener at 127.0.0.1/35387] WARN  http.HttpRequestLog (HttpRequestLog.java:getRequestLog(103)) - Jetty request log can only be enabled using Log4j
2022-06-01 03:34:42,532 [Listener at 127.0.0.1/35387] INFO  http.HttpServer2 (HttpServer2.java:addGlobalFilter(1030)) - Added global filter 'safety' (class=org.apache.hadoop.hdds.server.http.HttpServer2$QuotingInputFilter)
2022-06-01 03:34:42,534 [Listener at 127.0.0.1/35387] INFO  http.HttpServer2 (HttpServer2.java:addFilter(1006)) - Added filter static_user_filter (class=org.apache.hadoop.http.lib.StaticUserWebFilter$StaticUserFilter) to context hddsDatanode
2022-06-01 03:34:42,534 [Listener at 127.0.0.1/35387] INFO  http.HttpServer2 (HttpServer2.java:addFilter(1014)) - Added filter static_user_filter (class=org.apache.hadoop.http.lib.StaticUserWebFilter$StaticUserFilter) to context logs
2022-06-01 03:34:42,534 [Listener at 127.0.0.1/35387] INFO  http.HttpServer2 (HttpServer2.java:addFilter(1014)) - Added filter static_user_filter (class=org.apache.hadoop.http.lib.StaticUserWebFilter$StaticUserFilter) to context static
2022-06-01 03:34:42,535 [Listener at 127.0.0.1/35387] INFO  http.HttpServer2 (HttpServer2.java:bindListener(1249)) - Jetty bound to port 33149
2022-06-01 03:34:42,535 [Listener at 127.0.0.1/35387] INFO  server.Server (Server.java:doStart(375)) - jetty-9.4.43.v20210629; built: 2021-06-30T11:07:22.254Z; git: 526006ecfa3af7f1a27ef3a288e2bef7ea9dd7e8; jvm 1.8.0_332-b09
2022-06-01 03:34:42,544 [Listener at 127.0.0.1/35387] INFO  server.session (DefaultSessionIdManager.java:doStart(334)) - DefaultSessionIdManager workerName=node0
2022-06-01 03:34:42,544 [Listener at 127.0.0.1/35387] INFO  server.session (DefaultSessionIdManager.java:doStart(339)) - No SessionScavenger set, using defaults
2022-06-01 03:34:42,544 [Listener at 127.0.0.1/35387] INFO  server.session (HouseKeeper.java:startScavenging(132)) - node0 Scavenging every 660000ms
2022-06-01 03:34:42,545 [Listener at 127.0.0.1/35387] INFO  handler.ContextHandler (ContextHandler.java:doStart(915)) - Started o.e.j.s.ServletContextHandler@3beead8d{logs,/logs,file:///home/runner/work/ozone/ozone/hadoop-ozone/integration-test/target/log,AVAILABLE}
2022-06-01 03:34:42,546 [Listener at 127.0.0.1/35387] INFO  handler.ContextHandler (ContextHandler.java:doStart(915)) - Started o.e.j.s.ServletContextHandler@48844660{static,/static,jar:file:/home/runner/.m2/repository/org/apache/ozone/hdds-container-service/1.3.0-SNAPSHOT/hdds-container-service-1.3.0-SNAPSHOT.jar!/webapps/static,AVAILABLE}
2022-06-01 03:34:42,602 [om1@group-C5BA1605619E-FollowerState] INFO  impl.FollowerState (FollowerState.java:run(143)) - om1@group-C5BA1605619E-FollowerState: change to CANDIDATE, lastRpcElapsedTime:1016673654ns, electionTimeout:1007ms
2022-06-01 03:34:42,602 [om1@group-C5BA1605619E-FollowerState] INFO  impl.RoleInfo (RoleInfo.java:shutdownFollowerState(110)) - om1: shutdown om1@group-C5BA1605619E-FollowerState
2022-06-01 03:34:42,602 [om1@group-C5BA1605619E-FollowerState] INFO  server.RaftServer$Division (RaftServerImpl.java:setRole(299)) - om1@group-C5BA1605619E: changes role from  FOLLOWER to CANDIDATE at term 0 for changeToCandidate
2022-06-01 03:34:42,602 [om1@group-C5BA1605619E-FollowerState] INFO  server.RaftServerConfigKeys (ConfUtils.java:logGet(46)) - raft.server.leaderelection.pre-vote = false (custom)
2022-06-01 03:34:42,602 [om1@group-C5BA1605619E-FollowerState] INFO  impl.RoleInfo (RoleInfo.java:updateAndGet(139)) - om1: start om1@group-C5BA1605619E-LeaderElection9
2022-06-01 03:34:42,630 [om1@group-C5BA1605619E-LeaderElection9] INFO  impl.LeaderElection (LeaderElection.java:askForVotes(310)) - om1@group-C5BA1605619E-LeaderElection9 ELECTION round 0: submit vote requests at term 1 for -1: [om1|rpc:localhost:9872|priority:0], old=null
2022-06-01 03:34:42,630 [om1@group-C5BA1605619E-LeaderElection9] INFO  impl.LeaderElection (LeaderElection.java:askForVotes(312)) - om1@group-C5BA1605619E-LeaderElection9 ELECTION round 0: result PASSED (term=1)
2022-06-01 03:34:42,630 [om1@group-C5BA1605619E-LeaderElection9] INFO  impl.RoleInfo (RoleInfo.java:shutdownLeaderElection(130)) - om1: shutdown om1@group-C5BA1605619E-LeaderElection9
2022-06-01 03:34:42,631 [om1@group-C5BA1605619E-LeaderElection9] INFO  server.RaftServer$Division (RaftServerImpl.java:setRole(299)) - om1@group-C5BA1605619E: changes role from CANDIDATE to LEADER at term 1 for changeToLeader
2022-06-01 03:34:42,631 [om1@group-C5BA1605619E-LeaderElection9] INFO  server.RaftServer$Division (ServerState.java:setLeader(287)) - om1@group-C5BA1605619E: change Leader from null to om1 at term 1 for becomeLeader, leader elected after 2061ms
2022-06-01 03:34:42,631 [om1@group-C5BA1605619E-LeaderElection9] INFO  server.RaftServerConfigKeys (ConfUtils.java:logGet(46)) - raft.server.staging.catchup.gap = 1000 (default)
2022-06-01 03:34:42,631 [om1@group-C5BA1605619E-LeaderElection9] INFO  server.RaftServerConfigKeys (ConfUtils.java:logGet(46)) - raft.server.write.element-limit = 4096 (default)
2022-06-01 03:34:42,632 [om1@group-C5BA1605619E-LeaderElection9] INFO  server.RaftServerConfigKeys (ConfUtils.java:logGet(46)) - raft.server.write.byte-limit = 64MB (=67108864) (default)
2022-06-01 03:34:42,632 [om1@group-C5BA1605619E-LeaderElection9] INFO  server.RaftServerConfigKeys (ConfUtils.java:logGet(46)) - raft.server.watch.timeout = 10s (default)
2022-06-01 03:34:42,632 [om1@group-C5BA1605619E-LeaderElection9] INFO  server.RaftServerConfigKeys (ConfUtils.java:logGet(46)) - raft.server.watch.timeout.denomination = 1s (default)
2022-06-01 03:34:42,632 [om1@group-C5BA1605619E-LeaderElection9] INFO  server.RaftServerConfigKeys (ConfUtils.java:logGet(46)) - raft.server.watch.element-limit = 65536 (default)
2022-06-01 03:34:42,632 [om1@group-C5BA1605619E-LeaderElection9] INFO  server.RaftServerConfigKeys (ConfUtils.java:logGet(46)) - raft.server.write.element-limit = 4096 (default)
2022-06-01 03:34:42,632 [om1@group-C5BA1605619E-LeaderElection9] INFO  server.RaftServerConfigKeys (ConfUtils.java:logGet(46)) - raft.server.write.follower.gap.ratio.max = -1.0 (default)
2022-06-01 03:34:42,632 [om1@group-C5BA1605619E-LeaderElection9] INFO  impl.RoleInfo (RoleInfo.java:updateAndGet(139)) - om1: start om1@group-C5BA1605619E-LeaderStateImpl
2022-06-01 03:34:42,633 [om1@group-C5BA1605619E-LeaderElection9] INFO  segmented.SegmentedRaftLogWorker (SegmentedRaftLogWorker.java:startLogSegment(425)) - om1@group-C5BA1605619E-SegmentedRaftLogWorker: Starting segment from index:0
2022-06-01 03:34:42,643 [om1@group-C5BA1605619E-LeaderElection9] INFO  server.RaftServer$Division (ServerState.java:setRaftConf(393)) - om1@group-C5BA1605619E: set configuration 0: [om1|rpc:localhost:9872|admin:|client:|dataStream:|priority:0], old=null
2022-06-01 03:34:42,655 [om1@group-C5BA1605619E-SegmentedRaftLogWorker] INFO  segmented.SegmentedRaftLogWorker (SegmentedRaftLogWorker.java:execute(629)) - om1@group-C5BA1605619E-SegmentedRaftLogWorker: created new log segment /home/runner/work/ozone/ozone/hadoop-ozone/integration-test/target/test-dir/MiniOzoneClusterImpl-1e64a523-1474-4f36-a74c-b9773adf1118/ozone-meta/ratis/bf265839-605b-3f16-9796-c5ba1605619e/current/log_inprogress_0
2022-06-01 03:34:42,657 [om1@group-C5BA1605619E-StateMachineUpdater] INFO  ratis.OzoneManagerStateMachine (OzoneManagerStateMachine.java:notifyConfigurationChanged(191)) - Received Configuration change notification from Ratis. New Peer list:
[id: "om1"
address: "localhost:9872"
]
2022-06-01 03:34:42,910 [Listener at 127.0.0.1/35387] INFO  handler.ContextHandler (ContextHandler.java:doStart(915)) - Started o.e.j.w.WebAppContext@44082844{hddsDatanode,/,file:///tmp/jetty-0_0_0_0-33149-hdds-container-service-1_3_0-SNAPSHOT_jar-_-any-330040423551351716/webapp/,AVAILABLE}{jar:file:/home/runner/.m2/repository/org/apache/ozone/hdds-container-service/1.3.0-SNAPSHOT/hdds-container-service-1.3.0-SNAPSHOT.jar!/webapps/hddsDatanode}
2022-06-01 03:34:42,912 [Listener at 127.0.0.1/35387] INFO  server.AbstractConnector (AbstractConnector.java:doStart(331)) - Started ServerConnector@700735e2{HTTP/1.1, (http/1.1)}{0.0.0.0:33149}
2022-06-01 03:34:42,912 [Listener at 127.0.0.1/35387] INFO  server.Server (Server.java:doStart(415)) - Started @46046ms
2022-06-01 03:34:42,912 [Listener at 127.0.0.1/35387] WARN  impl.MetricsSystemImpl (MetricsSystemImpl.java:register(279)) - Sink prometheus already exists!
2022-06-01 03:34:42,913 [Listener at 127.0.0.1/35387] INFO  http.BaseHttpServer (BaseHttpServer.java:updateConnectorAddress(329)) - HTTP server of hddsDatanode listening at http://0.0.0.0:33149
2022-06-01 03:34:42,916 [Listener at 127.0.0.1/35387] WARN  impl.MetricRegistriesImpl (MetricRegistriesImpl.java:addReporterRegistration(111)) - New reporters are added after registries were created. Some metrics will be missing from the reporter. Please add reporter before adding any new registry.
2022-06-01 03:34:42,916 [Listener at 127.0.0.1/35387] WARN  impl.MetricRegistriesImpl (MetricRegistriesImpl.java:addReporterRegistration(111)) - New reporters are added after registries were created. Some metrics will be missing from the reporter. Please add reporter before adding any new registry.
2022-06-01 03:34:42,916 [Listener at 127.0.0.1/35387] INFO  impl.MetricsSystemImpl (MetricsSystemImpl.java:init(158)) - HddsDatanode metrics system started (again)
2022-06-01 03:34:42,924 [Datanode State Machine Daemon Thread] INFO  statemachine.DatanodeStateMachine (DatanodeStateMachine.java:lambda$startDaemon$0(481)) - Ozone container server started.
2022-06-01 03:34:42,929 [org.apache.hadoop.util.JvmPauseMonitor$Monitor@478a9fda] INFO  util.JvmPauseMonitor (JvmPauseMonitor.java:run(188)) - Starting JVM pause monitor
2022-06-01 03:34:42,953 [Listener at 127.0.0.1/35387] INFO  ozone.HddsDatanodeService (HddsDatanodeService.java:start(236)) - HddsDatanodeService host:fv-az151-582.yf2hydr00wburbhx3j5hxtcipe.bx.internal.cloudapp.net ip:10.1.0.5
2022-06-01 03:34:42,961 [Datanode State Machine Task Thread - 0] INFO  datanode.InitDatanodeState (InitDatanodeState.java:persistContainerDatanodeDetails(138)) - DatanodeDetails is persisted to /home/runner/work/ozone/ozone/hadoop-ozone/integration-test/target/test-dir/MiniOzoneClusterImpl-1e64a523-1474-4f36-a74c-b9773adf1118/datanode-1/meta/datanode.id
2022-06-01 03:34:42,976 [Listener at 127.0.0.1/35387] INFO  upgrade.AbstractLayoutVersionManager (AbstractLayoutVersionManager.java:init(79)) - Initializing Layout version manager with metadata layout = ERASURE_CODED_STORAGE_SUPPORT (version = 3), software layout = ERASURE_CODED_STORAGE_SUPPORT (version = 3)
2022-06-01 03:34:43,049 [Listener at 127.0.0.1/35387] INFO  reflections.Reflections (Reflections.java:scan(232)) - Reflections took 72 ms to scan 7 urls, producing 127 keys and 292 values 
2022-06-01 03:34:43,051 [Listener at 127.0.0.1/35387] INFO  statemachine.DatanodeStateMachine (DatanodeStateMachine.java:getEndPointTaskThreadPoolSize(233)) - Datanode State Machine Task Thread Pool size 2
2022-06-01 03:34:43,061 [Listener at 127.0.0.1/35387] INFO  volume.HddsVolume (HddsVolume.java:<init>(120)) - Creating HddsVolume: /home/runner/work/ozone/ozone/hadoop-ozone/integration-test/target/test-dir/MiniOzoneClusterImpl-1e64a523-1474-4f36-a74c-b9773adf1118/datanode-2/data-0/containers/hdds of storage type : DISK capacity : 9223372036854775807
2022-06-01 03:34:43,061 [Listener at 127.0.0.1/35387] INFO  volume.MutableVolumeSet (MutableVolumeSet.java:initializeVolumeSet(168)) - Added Volume : /home/runner/work/ozone/ozone/hadoop-ozone/integration-test/target/test-dir/MiniOzoneClusterImpl-1e64a523-1474-4f36-a74c-b9773adf1118/datanode-2/data-0/containers/hdds to VolumeSet
2022-06-01 03:34:43,061 [Listener at 127.0.0.1/35387] INFO  volume.ThrottledAsyncChecker (ThrottledAsyncChecker.java:schedule(141)) - Scheduling a check for /home/runner/work/ozone/ozone/hadoop-ozone/integration-test/target/test-dir/MiniOzoneClusterImpl-1e64a523-1474-4f36-a74c-b9773adf1118/datanode-2/data-0/containers/hdds
2022-06-01 03:34:43,072 [Listener at 127.0.0.1/35387] INFO  volume.StorageVolumeChecker (StorageVolumeChecker.java:checkAllVolumes(202)) - Scheduled health check for volume /home/runner/work/ozone/ozone/hadoop-ozone/integration-test/target/test-dir/MiniOzoneClusterImpl-1e64a523-1474-4f36-a74c-b9773adf1118/datanode-2/data-0/containers/hdds
2022-06-01 03:34:43,100 [Listener at 127.0.0.1/35387] INFO  volume.MutableVolumeSet (MutableVolumeSet.java:initializeVolumeSet(168)) - Added Volume : /home/runner/work/ozone/ozone/hadoop-ozone/integration-test/target/test-dir/MiniOzoneClusterImpl-1e64a523-1474-4f36-a74c-b9773adf1118/datanode-2/data/ratis to VolumeSet
2022-06-01 03:34:43,100 [Listener at 127.0.0.1/35387] INFO  volume.ThrottledAsyncChecker (ThrottledAsyncChecker.java:schedule(141)) - Scheduling a check for /home/runner/work/ozone/ozone/hadoop-ozone/integration-test/target/test-dir/MiniOzoneClusterImpl-1e64a523-1474-4f36-a74c-b9773adf1118/datanode-2/data/ratis
2022-06-01 03:34:43,100 [Listener at 127.0.0.1/35387] INFO  volume.StorageVolumeChecker (StorageVolumeChecker.java:checkAllVolumes(202)) - Scheduled health check for volume /home/runner/work/ozone/ozone/hadoop-ozone/integration-test/target/test-dir/MiniOzoneClusterImpl-1e64a523-1474-4f36-a74c-b9773adf1118/datanode-2/data/ratis
2022-06-01 03:34:43,136 [Thread-427] INFO  ozoneimpl.ContainerReader (ContainerReader.java:readVolume(172)) - Finish verifying containers on volume /home/runner/work/ozone/ozone/hadoop-ozone/integration-test/target/test-dir/MiniOzoneClusterImpl-1e64a523-1474-4f36-a74c-b9773adf1118/datanode-2/data-0/containers/hdds
2022-06-01 03:34:43,136 [Listener at 127.0.0.1/35387] INFO  ozoneimpl.OzoneContainer (OzoneContainer.java:buildContainerSet(257)) - Build ContainerSet costs 0s
2022-06-01 03:34:43,142 [Listener at 127.0.0.1/35387] INFO  server.RaftServer (ConfUtils.java:logGet(46)) - raft.rpc.type = GRPC (default)
2022-06-01 03:34:43,142 [Listener at 127.0.0.1/35387] INFO  grpc.GrpcFactory (GrpcFactory.java:checkPooledByteBufAllocatorUseCacheForAllThreads(48)) - PERFORMANCE WARNING: useCacheForAllThreads is true that may cause Netty to create a lot garbage objects and, as a result, trigger GC.
	It is recommended to disable useCacheForAllThreads by setting -Dorg.apache.ratis.thirdparty.io.netty.allocator.useCacheForAllThreads=false in command line.
2022-06-01 03:34:43,142 [Listener at 127.0.0.1/35387] INFO  grpc.GrpcConfigKeys (ConfUtils.java:logGet(46)) - raft.grpc.admin.port = 0 (custom)
2022-06-01 03:34:43,142 [Listener at 127.0.0.1/35387] INFO  grpc.GrpcConfigKeys (ConfUtils.java:logGet(46)) - raft.grpc.client.port = 0 (custom)
2022-06-01 03:34:43,143 [Listener at 127.0.0.1/35387] INFO  grpc.GrpcConfigKeys (ConfUtils.java:logGet(46)) - raft.grpc.server.port = 0 (default)
2022-06-01 03:34:43,143 [Listener at 127.0.0.1/35387] INFO  server.GrpcService (ConfUtils.java:logGet(46)) - raft.grpc.message.size.max = 32MB (=33554432) (custom)
2022-06-01 03:34:43,143 [Listener at 127.0.0.1/35387] INFO  server.RaftServerConfigKeys (ConfUtils.java:logGet(46)) - raft.server.log.appender.buffer.byte-limit = 33554432 (custom)
2022-06-01 03:34:43,143 [Listener at 127.0.0.1/35387] INFO  server.GrpcService (ConfUtils.java:logGet(46)) - raft.grpc.flow.control.window = 5MB (=5242880) (custom)
2022-06-01 03:34:43,143 [Listener at 127.0.0.1/35387] INFO  server.RaftServerConfigKeys (ConfUtils.java:logGet(46)) - raft.server.rpc.request.timeout = 60s (custom)
2022-06-01 03:34:43,143 [Listener at 127.0.0.1/35387] INFO  grpc.GrpcConfigKeys (ConfUtils.java:logGet(46)) - raft.grpc.server.async.request.thread.pool.cached = true (default)
2022-06-01 03:34:43,144 [Listener at 127.0.0.1/35387] INFO  grpc.GrpcConfigKeys (ConfUtils.java:logGet(46)) - raft.grpc.server.async.request.thread.pool.size = 32 (default)
2022-06-01 03:34:43,145 [Listener at 127.0.0.1/35387] INFO  impl.DataStreamServerImpl (ConfUtils.java:logGet(46)) - raft.datastream.type = DISABLED (default)
2022-06-01 03:34:43,145 [Listener at 127.0.0.1/35387] INFO  server.RaftServerConfigKeys (ConfUtils.java:logGet(46)) - raft.server.threadpool.proxy.cached = true (default)
2022-06-01 03:34:43,145 [Listener at 127.0.0.1/35387] INFO  server.RaftServerConfigKeys (ConfUtils.java:logGet(46)) - raft.server.threadpool.proxy.size = 0 (default)
2022-06-01 03:34:43,146 [Listener at 127.0.0.1/35387] INFO  server.RaftServerConfigKeys (ConfUtils.java:logGet(46)) - raft.server.rpc.slowness.timeout = 300s (custom)
2022-06-01 03:34:43,146 [Listener at 127.0.0.1/35387] INFO  server.RaftServerConfigKeys (ConfUtils.java:logGet(46)) - raft.server.leaderelection.leader.step-down.wait-time = 10s (default)
2022-06-01 03:34:43,146 [Listener at 127.0.0.1/35387] INFO  server.RaftServerConfigKeys (ConfUtils.java:logGet(46)) - raft.server.storage.dir = [/home/runner/work/ozone/ozone/hadoop-ozone/integration-test/target/test-dir/MiniOzoneClusterImpl-1e64a523-1474-4f36-a74c-b9773adf1118/datanode-2/data/ratis] (custom)
2022-06-01 03:34:43,158 [Listener at 127.0.0.1/35387] INFO  server.XceiverServerGrpc (XceiverServerGrpc.java:<init>(132)) - GrpcServer channel type EpollServerSocketChannel
2022-06-01 03:34:43,175 [Listener at 127.0.0.1/35387] INFO  http.BaseHttpServer (BaseHttpServer.java:newHttpServer2BuilderForOzone(209)) - Starting Web-server for hddsDatanode at: http://0.0.0.0:0
2022-06-01 03:34:43,175 [Listener at 127.0.0.1/35387] INFO  http.BaseHttpServer (BaseHttpServer.java:<init>(107)) - Hadoop Security Enabled: false Ozone Security Enabled: false Ozone HTTP Security Enabled: false 
2022-06-01 03:34:43,176 [Listener at 127.0.0.1/35387] INFO  server.AuthenticationFilter (AuthenticationFilter.java:constructSecretProvider(240)) - Unable to initialize FileSignerSecretProvider, falling back to use random secrets.
2022-06-01 03:34:43,188 [Listener at 127.0.0.1/35387] WARN  http.HttpRequestLog (HttpRequestLog.java:getRequestLog(103)) - Jetty request log can only be enabled using Log4j
2022-06-01 03:34:43,188 [Listener at 127.0.0.1/35387] INFO  http.HttpServer2 (HttpServer2.java:addGlobalFilter(1030)) - Added global filter 'safety' (class=org.apache.hadoop.hdds.server.http.HttpServer2$QuotingInputFilter)
2022-06-01 03:34:43,189 [Listener at 127.0.0.1/35387] INFO  http.HttpServer2 (HttpServer2.java:addFilter(1006)) - Added filter static_user_filter (class=org.apache.hadoop.http.lib.StaticUserWebFilter$StaticUserFilter) to context hddsDatanode
2022-06-01 03:34:43,189 [Listener at 127.0.0.1/35387] INFO  http.HttpServer2 (HttpServer2.java:addFilter(1014)) - Added filter static_user_filter (class=org.apache.hadoop.http.lib.StaticUserWebFilter$StaticUserFilter) to context static
2022-06-01 03:34:43,189 [Listener at 127.0.0.1/35387] INFO  http.HttpServer2 (HttpServer2.java:addFilter(1014)) - Added filter static_user_filter (class=org.apache.hadoop.http.lib.StaticUserWebFilter$StaticUserFilter) to context logs
2022-06-01 03:34:43,190 [Listener at 127.0.0.1/35387] INFO  http.HttpServer2 (HttpServer2.java:bindListener(1249)) - Jetty bound to port 42271
2022-06-01 03:34:43,190 [Listener at 127.0.0.1/35387] INFO  server.Server (Server.java:doStart(375)) - jetty-9.4.43.v20210629; built: 2021-06-30T11:07:22.254Z; git: 526006ecfa3af7f1a27ef3a288e2bef7ea9dd7e8; jvm 1.8.0_332-b09
2022-06-01 03:34:43,260 [Listener at 127.0.0.1/35387] INFO  server.session (DefaultSessionIdManager.java:doStart(334)) - DefaultSessionIdManager workerName=node0
2022-06-01 03:34:43,260 [Listener at 127.0.0.1/35387] INFO  server.session (DefaultSessionIdManager.java:doStart(339)) - No SessionScavenger set, using defaults
2022-06-01 03:34:43,260 [Listener at 127.0.0.1/35387] INFO  server.session (HouseKeeper.java:startScavenging(132)) - node0 Scavenging every 660000ms
2022-06-01 03:34:43,264 [Listener at 127.0.0.1/35387] INFO  handler.ContextHandler (ContextHandler.java:doStart(915)) - Started o.e.j.s.ServletContextHandler@21302fe7{logs,/logs,file:///home/runner/work/ozone/ozone/hadoop-ozone/integration-test/target/log,AVAILABLE}
2022-06-01 03:34:43,264 [Listener at 127.0.0.1/35387] INFO  handler.ContextHandler (ContextHandler.java:doStart(915)) - Started o.e.j.s.ServletContextHandler@281d7c2d{static,/static,jar:file:/home/runner/.m2/repository/org/apache/ozone/hdds-container-service/1.3.0-SNAPSHOT/hdds-container-service-1.3.0-SNAPSHOT.jar!/webapps/static,AVAILABLE}
2022-06-01 03:34:43,605 [Listener at 127.0.0.1/35387] INFO  handler.ContextHandler (ContextHandler.java:doStart(915)) - Started o.e.j.w.WebAppContext@7f8f2761{hddsDatanode,/,file:///tmp/jetty-0_0_0_0-42271-hdds-container-service-1_3_0-SNAPSHOT_jar-_-any-766582716485668969/webapp/,AVAILABLE}{jar:file:/home/runner/.m2/repository/org/apache/ozone/hdds-container-service/1.3.0-SNAPSHOT/hdds-container-service-1.3.0-SNAPSHOT.jar!/webapps/hddsDatanode}
2022-06-01 03:34:43,607 [Listener at 127.0.0.1/35387] INFO  server.AbstractConnector (AbstractConnector.java:doStart(331)) - Started ServerConnector@279151f4{HTTP/1.1, (http/1.1)}{0.0.0.0:42271}
2022-06-01 03:34:43,607 [Listener at 127.0.0.1/35387] INFO  server.Server (Server.java:doStart(415)) - Started @46741ms
2022-06-01 03:34:43,608 [Listener at 127.0.0.1/35387] WARN  impl.MetricsSystemImpl (MetricsSystemImpl.java:register(279)) - Sink prometheus already exists!
2022-06-01 03:34:43,608 [Listener at 127.0.0.1/35387] INFO  http.BaseHttpServer (BaseHttpServer.java:updateConnectorAddress(329)) - HTTP server of hddsDatanode listening at http://0.0.0.0:42271
2022-06-01 03:34:43,609 [Listener at 127.0.0.1/35387] INFO  ozone.MiniOzoneClusterImpl (MiniOzoneClusterImpl.java:lambda$waitForClusterToBeReady$0(221)) - Waiting for nodes to be ready. Got 0 of 3 DN Heartbeats.
2022-06-01 03:34:43,609 [Listener at 127.0.0.1/35387] INFO  ozone.MiniOzoneClusterImpl (MiniOzoneClusterImpl.java:lambda$waitForClusterToBeReady$0(224)) - Waiting for cluster to exit safe mode
2022-06-01 03:34:43,609 [Listener at 127.0.0.1/35387] INFO  ozone.MiniOzoneClusterImpl (MiniOzoneClusterImpl.java:lambda$waitForClusterToBeReady$0(226)) - SCM became leader
2022-06-01 03:34:43,609 [Datanode State Machine Daemon Thread] INFO  statemachine.DatanodeStateMachine (DatanodeStateMachine.java:lambda$startDaemon$0(481)) - Ozone container server started.
2022-06-01 03:34:43,672 [org.apache.hadoop.util.JvmPauseMonitor$Monitor@14b809] INFO  util.JvmPauseMonitor (JvmPauseMonitor.java:run(188)) - Starting JVM pause monitor
2022-06-01 03:34:43,688 [Datanode State Machine Task Thread - 0] INFO  datanode.InitDatanodeState (InitDatanodeState.java:persistContainerDatanodeDetails(138)) - DatanodeDetails is persisted to /home/runner/work/ozone/ozone/hadoop-ozone/integration-test/target/test-dir/MiniOzoneClusterImpl-1e64a523-1474-4f36-a74c-b9773adf1118/datanode-2/meta/datanode.id
2022-06-01 03:34:44,422 [EndpointStateMachine task thread for /0.0.0.0:36503 - 0 ] INFO  ozoneimpl.OzoneContainer (OzoneContainer.java:start(335)) - Attempting to start container services.
2022-06-01 03:34:44,422 [EndpointStateMachine task thread for /0.0.0.0:36503 - 0 ] INFO  ozoneimpl.OzoneContainer (OzoneContainer.java:startContainerScrub(270)) - Background container scanner has been disabled.
2022-06-01 03:34:44,424 [EndpointStateMachine task thread for /0.0.0.0:36503 - 0 ] INFO  replication.ReplicationServer (ReplicationServer.java:start(111)) - ReplicationServer is started using port 42489
2022-06-01 03:34:44,425 [EndpointStateMachine task thread for /0.0.0.0:36503 - 0 ] INFO  ratis.XceiverServerRatis (XceiverServerRatis.java:start(481)) - Starting XceiverServerRatis edc35c82-9122-45b9-884d-047213d7d1a1
2022-06-01 03:34:44,426 [EndpointStateMachine task thread for /0.0.0.0:36503 - 0 ] INFO  server.RaftServer (RaftServerProxy.java:lambda$start$6(382)) - edc35c82-9122-45b9-884d-047213d7d1a1: start RPC server
2022-06-01 03:34:44,429 [EndpointStateMachine task thread for /0.0.0.0:36503 - 0 ] INFO  server.GrpcService (GrpcService.java:startImpl(260)) - edc35c82-9122-45b9-884d-047213d7d1a1: GrpcService started, listening on 41289
2022-06-01 03:34:44,430 [EndpointStateMachine task thread for /0.0.0.0:36503 - 0 ] INFO  ratis.XceiverServerRatis (XceiverServerRatis.java:getRealPort(502)) - XceiverServerRatis edc35c82-9122-45b9-884d-047213d7d1a1 is started using port 41289 for RATIS
2022-06-01 03:34:44,430 [EndpointStateMachine task thread for /0.0.0.0:36503 - 0 ] INFO  ratis.XceiverServerRatis (XceiverServerRatis.java:getRealPort(502)) - XceiverServerRatis edc35c82-9122-45b9-884d-047213d7d1a1 is started using port 41289 for RATIS_ADMIN
2022-06-01 03:34:44,430 [EndpointStateMachine task thread for /0.0.0.0:36503 - 0 ] INFO  ratis.XceiverServerRatis (XceiverServerRatis.java:getRealPort(502)) - XceiverServerRatis edc35c82-9122-45b9-884d-047213d7d1a1 is started using port 41289 for RATIS_SERVER
2022-06-01 03:34:44,432 [org.apache.ratis.util.JvmPauseMonitor$$Lambda$677/1664655596@6fc49f7c] INFO  util.JvmPauseMonitor (JvmPauseMonitor.java:run(103)) - JvmPauseMonitor-edc35c82-9122-45b9-884d-047213d7d1a1: Started
2022-06-01 03:34:44,454 [EndpointStateMachine task thread for /0.0.0.0:36503 - 0 ] INFO  server.XceiverServerGrpc (XceiverServerGrpc.java:start(180)) - XceiverServerGrpc edc35c82-9122-45b9-884d-047213d7d1a1 is started using port 45309
2022-06-01 03:34:44,609 [Listener at 127.0.0.1/35387] INFO  ozone.MiniOzoneClusterImpl (MiniOzoneClusterImpl.java:lambda$waitForClusterToBeReady$0(221)) - Waiting for nodes to be ready. Got 0 of 3 DN Heartbeats.
2022-06-01 03:34:44,610 [Listener at 127.0.0.1/35387] INFO  ozone.MiniOzoneClusterImpl (MiniOzoneClusterImpl.java:lambda$waitForClusterToBeReady$0(224)) - Waiting for cluster to exit safe mode
2022-06-01 03:34:44,610 [Listener at 127.0.0.1/35387] INFO  ozone.MiniOzoneClusterImpl (MiniOzoneClusterImpl.java:lambda$waitForClusterToBeReady$0(226)) - SCM became leader
2022-06-01 03:34:44,943 [EndpointStateMachine task thread for /0.0.0.0:36503 - 0 ] INFO  ozoneimpl.OzoneContainer (OzoneContainer.java:start(335)) - Attempting to start container services.
2022-06-01 03:34:44,943 [EndpointStateMachine task thread for /0.0.0.0:36503 - 0 ] INFO  ozoneimpl.OzoneContainer (OzoneContainer.java:startContainerScrub(270)) - Background container scanner has been disabled.
2022-06-01 03:34:44,951 [EndpointStateMachine task thread for /0.0.0.0:36503 - 0 ] INFO  replication.ReplicationServer (ReplicationServer.java:start(111)) - ReplicationServer is started using port 35827
2022-06-01 03:34:44,954 [EndpointStateMachine task thread for /0.0.0.0:36503 - 0 ] INFO  ratis.XceiverServerRatis (XceiverServerRatis.java:start(481)) - Starting XceiverServerRatis b7a926ba-63da-42ce-ae6a-067e307d0a81
2022-06-01 03:34:44,955 [EndpointStateMachine task thread for /0.0.0.0:36503 - 0 ] INFO  server.RaftServer (RaftServerProxy.java:lambda$start$6(382)) - b7a926ba-63da-42ce-ae6a-067e307d0a81: start RPC server
2022-06-01 03:34:44,961 [EndpointStateMachine task thread for /0.0.0.0:36503 - 0 ] INFO  server.GrpcService (GrpcService.java:startImpl(260)) - b7a926ba-63da-42ce-ae6a-067e307d0a81: GrpcService started, listening on 42167
2022-06-01 03:34:44,961 [EndpointStateMachine task thread for /0.0.0.0:36503 - 0 ] INFO  ratis.XceiverServerRatis (XceiverServerRatis.java:getRealPort(502)) - XceiverServerRatis b7a926ba-63da-42ce-ae6a-067e307d0a81 is started using port 42167 for RATIS
2022-06-01 03:34:44,961 [EndpointStateMachine task thread for /0.0.0.0:36503 - 0 ] INFO  ratis.XceiverServerRatis (XceiverServerRatis.java:getRealPort(502)) - XceiverServerRatis b7a926ba-63da-42ce-ae6a-067e307d0a81 is started using port 42167 for RATIS_ADMIN
2022-06-01 03:34:44,961 [EndpointStateMachine task thread for /0.0.0.0:36503 - 0 ] INFO  ratis.XceiverServerRatis (XceiverServerRatis.java:getRealPort(502)) - XceiverServerRatis b7a926ba-63da-42ce-ae6a-067e307d0a81 is started using port 42167 for RATIS_SERVER
2022-06-01 03:34:44,961 [org.apache.ratis.util.JvmPauseMonitor$$Lambda$677/1664655596@d9e2dea] INFO  util.JvmPauseMonitor (JvmPauseMonitor.java:run(103)) - JvmPauseMonitor-b7a926ba-63da-42ce-ae6a-067e307d0a81: Started
2022-06-01 03:34:44,968 [EndpointStateMachine task thread for /0.0.0.0:36503 - 0 ] INFO  server.XceiverServerGrpc (XceiverServerGrpc.java:start(180)) - XceiverServerGrpc b7a926ba-63da-42ce-ae6a-067e307d0a81 is started using port 43577
2022-06-01 03:34:45,610 [Listener at 127.0.0.1/35387] INFO  ozone.MiniOzoneClusterImpl (MiniOzoneClusterImpl.java:lambda$waitForClusterToBeReady$0(221)) - Waiting for nodes to be ready. Got 0 of 3 DN Heartbeats.
2022-06-01 03:34:45,610 [Listener at 127.0.0.1/35387] INFO  ozone.MiniOzoneClusterImpl (MiniOzoneClusterImpl.java:lambda$waitForClusterToBeReady$0(224)) - Waiting for cluster to exit safe mode
2022-06-01 03:34:45,610 [Listener at 127.0.0.1/35387] INFO  ozone.MiniOzoneClusterImpl (MiniOzoneClusterImpl.java:lambda$waitForClusterToBeReady$0(226)) - SCM became leader
2022-06-01 03:34:45,670 [EndpointStateMachine task thread for /0.0.0.0:36503 - 0 ] INFO  ozoneimpl.OzoneContainer (OzoneContainer.java:start(335)) - Attempting to start container services.
2022-06-01 03:34:45,670 [EndpointStateMachine task thread for /0.0.0.0:36503 - 0 ] INFO  ozoneimpl.OzoneContainer (OzoneContainer.java:startContainerScrub(270)) - Background container scanner has been disabled.
2022-06-01 03:34:45,677 [EndpointStateMachine task thread for /0.0.0.0:36503 - 0 ] INFO  replication.ReplicationServer (ReplicationServer.java:start(111)) - ReplicationServer is started using port 37751
2022-06-01 03:34:45,677 [EndpointStateMachine task thread for /0.0.0.0:36503 - 0 ] INFO  ratis.XceiverServerRatis (XceiverServerRatis.java:start(481)) - Starting XceiverServerRatis 84edf777-a908-4fd1-ac59-ee76ae14fa63
2022-06-01 03:34:45,678 [EndpointStateMachine task thread for /0.0.0.0:36503 - 0 ] INFO  server.RaftServer (RaftServerProxy.java:lambda$start$6(382)) - 84edf777-a908-4fd1-ac59-ee76ae14fa63: start RPC server
2022-06-01 03:34:45,690 [EndpointStateMachine task thread for /0.0.0.0:36503 - 0 ] INFO  server.GrpcService (GrpcService.java:startImpl(260)) - 84edf777-a908-4fd1-ac59-ee76ae14fa63: GrpcService started, listening on 35463
2022-06-01 03:34:45,691 [EndpointStateMachine task thread for /0.0.0.0:36503 - 0 ] INFO  ratis.XceiverServerRatis (XceiverServerRatis.java:getRealPort(502)) - XceiverServerRatis 84edf777-a908-4fd1-ac59-ee76ae14fa63 is started using port 35463 for RATIS
2022-06-01 03:34:45,691 [EndpointStateMachine task thread for /0.0.0.0:36503 - 0 ] INFO  ratis.XceiverServerRatis (XceiverServerRatis.java:getRealPort(502)) - XceiverServerRatis 84edf777-a908-4fd1-ac59-ee76ae14fa63 is started using port 35463 for RATIS_ADMIN
2022-06-01 03:34:45,691 [EndpointStateMachine task thread for /0.0.0.0:36503 - 0 ] INFO  ratis.XceiverServerRatis (XceiverServerRatis.java:getRealPort(502)) - XceiverServerRatis 84edf777-a908-4fd1-ac59-ee76ae14fa63 is started using port 35463 for RATIS_SERVER
2022-06-01 03:34:45,692 [org.apache.ratis.util.JvmPauseMonitor$$Lambda$677/1664655596@6d326cbd] INFO  util.JvmPauseMonitor (JvmPauseMonitor.java:run(103)) - JvmPauseMonitor-84edf777-a908-4fd1-ac59-ee76ae14fa63: Started
2022-06-01 03:34:45,710 [EndpointStateMachine task thread for /0.0.0.0:36503 - 0 ] INFO  server.XceiverServerGrpc (XceiverServerGrpc.java:start(180)) - XceiverServerGrpc 84edf777-a908-4fd1-ac59-ee76ae14fa63 is started using port 44009
2022-06-01 03:34:46,402 [IPC Server handler 0 on default port 36503] INFO  net.NetworkTopologyImpl (NetworkTopologyImpl.java:add(112)) - Added a new node: /default-rack/edc35c82-9122-45b9-884d-047213d7d1a1
2022-06-01 03:34:46,411 [IPC Server handler 0 on default port 36503] INFO  node.SCMNodeManager (SCMNodeManager.java:register(393)) - Registered Data node : edc35c82-9122-45b9-884d-047213d7d1a1{ip: 10.1.0.5, host: fv-az151-582.yf2hydr00wburbhx3j5hxtcipe.bx.internal.cloudapp.net, ports: [REPLICATION=42489, RATIS=41289, RATIS_ADMIN=41289, RATIS_SERVER=41289, STANDALONE=45309], networkLocation: /default-rack, certSerialId: null, persistedOpState: null, persistedOpStateExpiryEpochSec: 0}
2022-06-01 03:34:46,413 [EventQueue-NodeRegistrationContainerReportForContainerSafeModeRule] INFO  safemode.SCMSafeModeManager (SCMSafeModeManager.java:validateSafeModeExitRules(204)) - ContainerSafeModeRule rule is successfully validated
2022-06-01 03:34:46,413 [EventQueue-NodeRegistrationContainerReportForDataNodeSafeModeRule] INFO  safemode.SCMSafeModeManager (DataNodeSafeModeRule.java:process(71)) - SCM in safe mode. 1 DataNodes registered, 3 required.
2022-06-01 03:34:46,415 [EventQueue-NewNodeForNewNodeHandler] INFO  pipeline.BackgroundPipelineCreator (BackgroundPipelineCreator.java:notifyEventTriggered(272)) - trigger a one-shot run on RatisPipelineUtilsThread.
2022-06-01 03:34:46,415 [EventQueue-PipelineReportForOneReplicaPipelineSafeModeRule] INFO  safemode.SCMSafeModeManager (SCMSafeModeManager.java:validateSafeModeExitRules(204)) - AtleastOneDatanodeReportedRule rule is successfully validated
2022-06-01 03:34:46,415 [RatisPipelineUtilsThread - 0] INFO  pipeline.RatisPipelineProvider (RatisPipelineProvider.java:lambda$create$0(195)) - Sending CreatePipelineCommand for pipeline:PipelineID=5d9efd26-550c-4927-90bb-6f87d381ee20 to datanode:edc35c82-9122-45b9-884d-047213d7d1a1
2022-06-01 03:34:46,416 [RatisPipelineUtilsThread - 0] INFO  pipeline.PipelineStateManagerImpl (PipelineStateManagerImpl.java:addPipeline(101)) - Created pipeline Pipeline[ Id: 5d9efd26-550c-4927-90bb-6f87d381ee20, Nodes: edc35c82-9122-45b9-884d-047213d7d1a1{ip: 10.1.0.5, host: fv-az151-582.yf2hydr00wburbhx3j5hxtcipe.bx.internal.cloudapp.net, ports: [REPLICATION=42489, RATIS=41289, RATIS_ADMIN=41289, RATIS_SERVER=41289, STANDALONE=45309], networkLocation: /default-rack, certSerialId: null, persistedOpState: IN_SERVICE, persistedOpStateExpiryEpochSec: 0}, ReplicationConfig: RATIS/ONE, State:ALLOCATED, leaderId:, CreationTimestamp2022-06-01T03:34:46.415Z[Etc/UTC]].
2022-06-01 03:34:46,611 [Listener at 127.0.0.1/35387] INFO  ozone.MiniOzoneClusterImpl (MiniOzoneClusterImpl.java:lambda$waitForClusterToBeReady$0(221)) - Waiting for nodes to be ready. Got 1 of 3 DN Heartbeats.
2022-06-01 03:34:46,611 [Listener at 127.0.0.1/35387] INFO  ozone.MiniOzoneClusterImpl (MiniOzoneClusterImpl.java:lambda$waitForClusterToBeReady$0(224)) - Waiting for cluster to exit safe mode
2022-06-01 03:34:46,611 [Listener at 127.0.0.1/35387] INFO  ozone.MiniOzoneClusterImpl (MiniOzoneClusterImpl.java:lambda$waitForClusterToBeReady$0(226)) - SCM became leader
2022-06-01 03:34:46,931 [IPC Server handler 2 on default port 36503] INFO  net.NetworkTopologyImpl (NetworkTopologyImpl.java:add(112)) - Added a new node: /default-rack/b7a926ba-63da-42ce-ae6a-067e307d0a81
2022-06-01 03:34:46,936 [IPC Server handler 2 on default port 36503] INFO  node.SCMNodeManager (SCMNodeManager.java:register(393)) - Registered Data node : b7a926ba-63da-42ce-ae6a-067e307d0a81{ip: 10.1.0.5, host: fv-az151-582.yf2hydr00wburbhx3j5hxtcipe.bx.internal.cloudapp.net, ports: [REPLICATION=35827, RATIS=42167, RATIS_ADMIN=42167, RATIS_SERVER=42167, STANDALONE=43577], networkLocation: /default-rack, certSerialId: null, persistedOpState: null, persistedOpStateExpiryEpochSec: 0}
2022-06-01 03:34:46,936 [EventQueue-NewNodeForNewNodeHandler] INFO  pipeline.BackgroundPipelineCreator (BackgroundPipelineCreator.java:notifyEventTriggered(272)) - trigger a one-shot run on RatisPipelineUtilsThread.
2022-06-01 03:34:46,940 [EventQueue-NodeRegistrationContainerReportForDataNodeSafeModeRule] INFO  safemode.SCMSafeModeManager (DataNodeSafeModeRule.java:process(71)) - SCM in safe mode. 2 DataNodes registered, 3 required.
2022-06-01 03:34:46,941 [RatisPipelineUtilsThread - 0] INFO  pipeline.RatisPipelineProvider (RatisPipelineProvider.java:lambda$create$0(195)) - Sending CreatePipelineCommand for pipeline:PipelineID=bf0eafb5-9231-4581-9504-199d460f5d95 to datanode:b7a926ba-63da-42ce-ae6a-067e307d0a81
2022-06-01 03:34:46,941 [RatisPipelineUtilsThread - 0] INFO  pipeline.PipelineStateManagerImpl (PipelineStateManagerImpl.java:addPipeline(101)) - Created pipeline Pipeline[ Id: bf0eafb5-9231-4581-9504-199d460f5d95, Nodes: b7a926ba-63da-42ce-ae6a-067e307d0a81{ip: 10.1.0.5, host: fv-az151-582.yf2hydr00wburbhx3j5hxtcipe.bx.internal.cloudapp.net, ports: [REPLICATION=35827, RATIS=42167, RATIS_ADMIN=42167, RATIS_SERVER=42167, STANDALONE=43577], networkLocation: /default-rack, certSerialId: null, persistedOpState: IN_SERVICE, persistedOpStateExpiryEpochSec: 0}, ReplicationConfig: RATIS/ONE, State:ALLOCATED, leaderId:, CreationTimestamp2022-06-01T03:34:46.941Z[Etc/UTC]].
2022-06-01 03:34:47,611 [Listener at 127.0.0.1/35387] INFO  ozone.MiniOzoneClusterImpl (MiniOzoneClusterImpl.java:lambda$waitForClusterToBeReady$0(221)) - Waiting for nodes to be ready. Got 2 of 3 DN Heartbeats.
2022-06-01 03:34:47,612 [Listener at 127.0.0.1/35387] INFO  ozone.MiniOzoneClusterImpl (MiniOzoneClusterImpl.java:lambda$waitForClusterToBeReady$0(224)) - Waiting for cluster to exit safe mode
2022-06-01 03:34:47,612 [Listener at 127.0.0.1/35387] INFO  ozone.MiniOzoneClusterImpl (MiniOzoneClusterImpl.java:lambda$waitForClusterToBeReady$0(226)) - SCM became leader
2022-06-01 03:34:47,659 [IPC Server handler 1 on default port 36503] INFO  net.NetworkTopologyImpl (NetworkTopologyImpl.java:add(112)) - Added a new node: /default-rack/84edf777-a908-4fd1-ac59-ee76ae14fa63
2022-06-01 03:34:47,661 [IPC Server handler 1 on default port 36503] INFO  node.SCMNodeManager (SCMNodeManager.java:register(393)) - Registered Data node : 84edf777-a908-4fd1-ac59-ee76ae14fa63{ip: 10.1.0.5, host: fv-az151-582.yf2hydr00wburbhx3j5hxtcipe.bx.internal.cloudapp.net, ports: [REPLICATION=37751, RATIS=35463, RATIS_ADMIN=35463, RATIS_SERVER=35463, STANDALONE=44009], networkLocation: /default-rack, certSerialId: null, persistedOpState: null, persistedOpStateExpiryEpochSec: 0}
2022-06-01 03:34:47,662 [EventQueue-NewNodeForNewNodeHandler] INFO  pipeline.BackgroundPipelineCreator (BackgroundPipelineCreator.java:notifyEventTriggered(272)) - trigger a one-shot run on RatisPipelineUtilsThread.
2022-06-01 03:34:47,680 [RatisPipelineUtilsThread - 0] INFO  pipeline.RatisPipelineProvider (RatisPipelineProvider.java:lambda$create$0(195)) - Sending CreatePipelineCommand for pipeline:PipelineID=961ef119-a601-4a4d-9d14-d9c812f7edf8 to datanode:84edf777-a908-4fd1-ac59-ee76ae14fa63
2022-06-01 03:34:47,680 [RatisPipelineUtilsThread - 0] INFO  pipeline.PipelineStateManagerImpl (PipelineStateManagerImpl.java:addPipeline(101)) - Created pipeline Pipeline[ Id: 961ef119-a601-4a4d-9d14-d9c812f7edf8, Nodes: 84edf777-a908-4fd1-ac59-ee76ae14fa63{ip: 10.1.0.5, host: fv-az151-582.yf2hydr00wburbhx3j5hxtcipe.bx.internal.cloudapp.net, ports: [REPLICATION=37751, RATIS=35463, RATIS_ADMIN=35463, RATIS_SERVER=35463, STANDALONE=44009], networkLocation: /default-rack, certSerialId: null, persistedOpState: IN_SERVICE, persistedOpStateExpiryEpochSec: 0}, ReplicationConfig: RATIS/ONE, State:ALLOCATED, leaderId:, CreationTimestamp2022-06-01T03:34:47.680Z[Etc/UTC]].
2022-06-01 03:34:47,684 [EventQueue-NodeRegistrationContainerReportForDataNodeSafeModeRule] INFO  safemode.SCMSafeModeManager (DataNodeSafeModeRule.java:process(71)) - SCM in safe mode. 3 DataNodes registered, 3 required.
2022-06-01 03:34:47,684 [EventQueue-NodeRegistrationContainerReportForDataNodeSafeModeRule] INFO  safemode.SCMSafeModeManager (SCMSafeModeManager.java:validateSafeModeExitRules(204)) - DataNodeSafeModeRule rule is successfully validated
2022-06-01 03:34:47,684 [EventQueue-NodeRegistrationContainerReportForDataNodeSafeModeRule] INFO  safemode.SCMSafeModeManager (SCMSafeModeManager.java:completePreCheck(233)) - All SCM safe mode pre check rules have passed
2022-06-01 03:34:47,684 [EventQueue-NodeRegistrationContainerReportForDataNodeSafeModeRule] WARN  events.EventQueue (EventQueue.java:fireEvent(194)) - No event handler registered for event TypedEvent{payloadType=SafeModeStatus, name='Safe mode status'}
2022-06-01 03:34:47,684 [EventQueue-NodeRegistrationContainerReportForDataNodeSafeModeRule] INFO  ha.SCMContext (SCMContext.java:updateSafeModeStatus(211)) - Update SafeModeStatus from SafeModeStatus{safeModeStatus=true, preCheckPassed=false} to SafeModeStatus{safeModeStatus=true, preCheckPassed=true}.
2022-06-01 03:34:47,684 [EventQueue-NodeRegistrationContainerReportForDataNodeSafeModeRule] INFO  pipeline.BackgroundPipelineCreator (BackgroundPipelineCreator.java:notifyEventTriggered(272)) - trigger a one-shot run on RatisPipelineUtilsThread.
2022-06-01 03:34:47,685 [RatisPipelineUtilsThread - 0] INFO  pipeline.RatisPipelineProvider (RatisPipelineProvider.java:lambda$create$0(195)) - Sending CreatePipelineCommand for pipeline:PipelineID=9ba8ef62-c6dc-4b24-9f64-e0b45dceebc7 to datanode:b7a926ba-63da-42ce-ae6a-067e307d0a81
2022-06-01 03:34:47,686 [RatisPipelineUtilsThread - 0] INFO  pipeline.RatisPipelineProvider (RatisPipelineProvider.java:lambda$create$0(195)) - Sending CreatePipelineCommand for pipeline:PipelineID=9ba8ef62-c6dc-4b24-9f64-e0b45dceebc7 to datanode:84edf777-a908-4fd1-ac59-ee76ae14fa63
2022-06-01 03:34:47,686 [RatisPipelineUtilsThread - 0] INFO  pipeline.RatisPipelineProvider (RatisPipelineProvider.java:lambda$create$0(195)) - Sending CreatePipelineCommand for pipeline:PipelineID=9ba8ef62-c6dc-4b24-9f64-e0b45dceebc7 to datanode:edc35c82-9122-45b9-884d-047213d7d1a1
2022-06-01 03:34:47,686 [RatisPipelineUtilsThread - 0] INFO  pipeline.PipelineStateManagerImpl (PipelineStateManagerImpl.java:addPipeline(101)) - Created pipeline Pipeline[ Id: 9ba8ef62-c6dc-4b24-9f64-e0b45dceebc7, Nodes: b7a926ba-63da-42ce-ae6a-067e307d0a81{ip: 10.1.0.5, host: fv-az151-582.yf2hydr00wburbhx3j5hxtcipe.bx.internal.cloudapp.net, ports: [REPLICATION=35827, RATIS=42167, RATIS_ADMIN=42167, RATIS_SERVER=42167, STANDALONE=43577], networkLocation: /default-rack, certSerialId: null, persistedOpState: IN_SERVICE, persistedOpStateExpiryEpochSec: 0}84edf777-a908-4fd1-ac59-ee76ae14fa63{ip: 10.1.0.5, host: fv-az151-582.yf2hydr00wburbhx3j5hxtcipe.bx.internal.cloudapp.net, ports: [REPLICATION=37751, RATIS=35463, RATIS_ADMIN=35463, RATIS_SERVER=35463, STANDALONE=44009], networkLocation: /default-rack, certSerialId: null, persistedOpState: IN_SERVICE, persistedOpStateExpiryEpochSec: 0}edc35c82-9122-45b9-884d-047213d7d1a1{ip: 10.1.0.5, host: fv-az151-582.yf2hydr00wburbhx3j5hxtcipe.bx.internal.cloudapp.net, ports: [REPLICATION=42489, RATIS=41289, RATIS_ADMIN=41289, RATIS_SERVER=41289, STANDALONE=45309], networkLocation: /default-rack, certSerialId: null, persistedOpState: IN_SERVICE, persistedOpStateExpiryEpochSec: 0}, ReplicationConfig: RATIS/THREE, State:ALLOCATED, leaderId:, CreationTimestamp2022-06-01T03:34:47.685Z[Etc/UTC]].
2022-06-01 03:34:47,687 [RatisPipelineUtilsThread - 0] INFO  pipeline.RatisPipelineProvider (RatisPipelineProvider.java:lambda$create$0(195)) - Sending CreatePipelineCommand for pipeline:PipelineID=e2ac922b-dc52-401a-a66e-eae2f5f200b3 to datanode:b7a926ba-63da-42ce-ae6a-067e307d0a81
2022-06-01 03:34:47,687 [RatisPipelineUtilsThread - 0] INFO  pipeline.RatisPipelineProvider (RatisPipelineProvider.java:lambda$create$0(195)) - Sending CreatePipelineCommand for pipeline:PipelineID=e2ac922b-dc52-401a-a66e-eae2f5f200b3 to datanode:edc35c82-9122-45b9-884d-047213d7d1a1
2022-06-01 03:34:47,687 [RatisPipelineUtilsThread - 0] INFO  pipeline.RatisPipelineProvider (RatisPipelineProvider.java:lambda$create$0(195)) - Sending CreatePipelineCommand for pipeline:PipelineID=e2ac922b-dc52-401a-a66e-eae2f5f200b3 to datanode:84edf777-a908-4fd1-ac59-ee76ae14fa63
2022-06-01 03:34:47,687 [RatisPipelineUtilsThread - 0] INFO  pipeline.PipelineStateManagerImpl (PipelineStateManagerImpl.java:addPipeline(101)) - Created pipeline Pipeline[ Id: e2ac922b-dc52-401a-a66e-eae2f5f200b3, Nodes: b7a926ba-63da-42ce-ae6a-067e307d0a81{ip: 10.1.0.5, host: fv-az151-582.yf2hydr00wburbhx3j5hxtcipe.bx.internal.cloudapp.net, ports: [REPLICATION=35827, RATIS=42167, RATIS_ADMIN=42167, RATIS_SERVER=42167, STANDALONE=43577], networkLocation: /default-rack, certSerialId: null, persistedOpState: IN_SERVICE, persistedOpStateExpiryEpochSec: 0}edc35c82-9122-45b9-884d-047213d7d1a1{ip: 10.1.0.5, host: fv-az151-582.yf2hydr00wburbhx3j5hxtcipe.bx.internal.cloudapp.net, ports: [REPLICATION=42489, RATIS=41289, RATIS_ADMIN=41289, RATIS_SERVER=41289, STANDALONE=45309], networkLocation: /default-rack, certSerialId: null, persistedOpState: IN_SERVICE, persistedOpStateExpiryEpochSec: 0}84edf777-a908-4fd1-ac59-ee76ae14fa63{ip: 10.1.0.5, host: fv-az151-582.yf2hydr00wburbhx3j5hxtcipe.bx.internal.cloudapp.net, ports: [REPLICATION=37751, RATIS=35463, RATIS_ADMIN=35463, RATIS_SERVER=35463, STANDALONE=44009], networkLocation: /default-rack, certSerialId: null, persistedOpState: IN_SERVICE, persistedOpStateExpiryEpochSec: 0}, ReplicationConfig: RATIS/THREE, State:ALLOCATED, leaderId:, CreationTimestamp2022-06-01T03:34:47.687Z[Etc/UTC]].
2022-06-01 03:34:47,687 [RatisPipelineUtilsThread - 0] INFO  pipeline.PipelineManagerImpl (PipelineManagerImpl.java:recordMetricsForPipeline(715)) - Pipeline: PipelineID=e2ac922b-dc52-401a-a66e-eae2f5f200b3 contains same datanodes as previous pipelines: PipelineID=9ba8ef62-c6dc-4b24-9f64-e0b45dceebc7 nodeIds: b7a926ba-63da-42ce-ae6a-067e307d0a81, edc35c82-9122-45b9-884d-047213d7d1a1, 84edf777-a908-4fd1-ac59-ee76ae14fa63
2022-06-01 03:34:48,612 [Listener at 127.0.0.1/35387] INFO  ozone.MiniOzoneClusterImpl (MiniOzoneClusterImpl.java:lambda$waitForClusterToBeReady$0(221)) - Nodes are ready. Got 3 of 3 DN Heartbeats.
2022-06-01 03:34:48,613 [Listener at 127.0.0.1/35387] INFO  ozone.MiniOzoneClusterImpl (MiniOzoneClusterImpl.java:lambda$waitForClusterToBeReady$0(224)) - Waiting for cluster to exit safe mode
2022-06-01 03:34:48,613 [Listener at 127.0.0.1/35387] INFO  ozone.MiniOzoneClusterImpl (MiniOzoneClusterImpl.java:lambda$waitForClusterToBeReady$0(226)) - SCM became leader
2022-06-01 03:34:49,402 [Command processor thread] INFO  server.RaftServer (RaftServerProxy.java:addNew(96)) - edc35c82-9122-45b9-884d-047213d7d1a1: addNew group-6F87D381EE20:[edc35c82-9122-45b9-884d-047213d7d1a1|rpc:10.1.0.5:41289|priority:1] returns group-6F87D381EE20:java.util.concurrent.CompletableFuture@6e75c809[Not completed]
2022-06-01 03:34:49,403 [pool-201-thread-1] INFO  server.RaftServer$Division (RaftServerImpl.java:<init>(190)) - edc35c82-9122-45b9-884d-047213d7d1a1: new RaftServerImpl for group-6F87D381EE20:[edc35c82-9122-45b9-884d-047213d7d1a1|rpc:10.1.0.5:41289|priority:1] with ContainerStateMachine:uninitialized
2022-06-01 03:34:49,403 [pool-201-thread-1] INFO  server.RaftServerConfigKeys (ConfUtils.java:logGet(46)) - raft.server.rpc.timeout.min = 5s (custom)
2022-06-01 03:34:49,403 [pool-201-thread-1] INFO  server.RaftServerConfigKeys (ConfUtils.java:logGet(46)) - raft.server.rpc.timeout.max = 5200ms (custom)
2022-06-01 03:34:49,403 [pool-201-thread-1] INFO  server.RaftServerConfigKeys (ConfUtils.java:logGet(46)) - raft.server.rpc.sleep.time = 25ms (default)
2022-06-01 03:34:49,403 [pool-201-thread-1] INFO  server.RaftServerConfigKeys (ConfUtils.java:logGet(46)) - raft.server.rpc.slowness.timeout = 300s (custom)
2022-06-01 03:34:49,404 [pool-201-thread-1] INFO  server.RaftServerConfigKeys (ConfUtils.java:logGet(46)) - raft.server.leaderelection.leader.step-down.wait-time = 10s (default)
2022-06-01 03:34:49,404 [pool-201-thread-1] INFO  server.RaftServerConfigKeys (ConfUtils.java:logGet(46)) - raft.server.sleep.deviation.threshold = 300ms (default)
2022-06-01 03:34:49,404 [pool-201-thread-1] INFO  server.RaftServer$Division (ServerState.java:<init>(107)) - edc35c82-9122-45b9-884d-047213d7d1a1@group-6F87D381EE20: ConfigurationManager, init=-1: [edc35c82-9122-45b9-884d-047213d7d1a1|rpc:10.1.0.5:41289|priority:1], old=null, confs=<EMPTY_MAP>
2022-06-01 03:34:49,404 [pool-201-thread-1] INFO  server.RaftServerConfigKeys (ConfUtils.java:logGet(46)) - raft.server.storage.dir = [/home/runner/work/ozone/ozone/hadoop-ozone/integration-test/target/test-dir/MiniOzoneClusterImpl-1e64a523-1474-4f36-a74c-b9773adf1118/datanode-0/data/ratis] (custom)
2022-06-01 03:34:49,404 [pool-201-thread-1] INFO  server.RaftServerConfigKeys (ConfUtils.java:logGet(46)) - raft.server.log.corruption.policy = EXCEPTION (default)
2022-06-01 03:34:49,404 [pool-201-thread-1] INFO  server.RaftServerConfigKeys (ConfUtils.java:logGet(46)) - raft.server.storage.free-space.min = 0MB (=0) (default)
2022-06-01 03:34:49,404 [pool-201-thread-1] INFO  storage.RaftStorageDirectory (RaftStorageDirectoryImpl.java:analyzeStorage(135)) - The storage directory /home/runner/work/ozone/ozone/hadoop-ozone/integration-test/target/test-dir/MiniOzoneClusterImpl-1e64a523-1474-4f36-a74c-b9773adf1118/datanode-0/data/ratis/5d9efd26-550c-4927-90bb-6f87d381ee20 does not exist. Creating ...
2022-06-01 03:34:49,409 [pool-201-thread-1] INFO  storage.RaftStorageDirectory (RaftStorageDirectoryImpl.java:tryLock(230)) - Lock on /home/runner/work/ozone/ozone/hadoop-ozone/integration-test/target/test-dir/MiniOzoneClusterImpl-1e64a523-1474-4f36-a74c-b9773adf1118/datanode-0/data/ratis/5d9efd26-550c-4927-90bb-6f87d381ee20/in_use.lock acquired by nodename 14781@fv-az151-582
2022-06-01 03:34:49,410 [pool-201-thread-1] INFO  storage.RaftStorage (RaftStorageImpl.java:format(89)) - Storage directory /home/runner/work/ozone/ozone/hadoop-ozone/integration-test/target/test-dir/MiniOzoneClusterImpl-1e64a523-1474-4f36-a74c-b9773adf1118/datanode-0/data/ratis/5d9efd26-550c-4927-90bb-6f87d381ee20 has been successfully formatted.
2022-06-01 03:34:49,415 [pool-201-thread-1] INFO  ratis.ContainerStateMachine (ContainerStateMachine.java:loadSnapshot(236)) - group-6F87D381EE20: The snapshot info is null. Setting the last applied indexto:(t:0, i:~)
2022-06-01 03:34:49,416 [pool-201-thread-1] INFO  server.RaftServerConfigKeys (ConfUtils.java:logGet(46)) - raft.server.notification.no-leader.timeout = 300s (custom)
2022-06-01 03:34:49,416 [pool-201-thread-1] INFO  server.RaftServerConfigKeys (ConfUtils.java:logGet(46)) - raft.server.log.use.memory = false (default)
2022-06-01 03:34:49,416 [pool-201-thread-1] INFO  server.RaftServerConfigKeys (ConfUtils.java:logGet(46)) - raft.server.log.purge.gap = 1000000 (custom)
2022-06-01 03:34:49,416 [pool-201-thread-1] INFO  server.RaftServerConfigKeys (ConfUtils.java:logGet(46)) - raft.server.log.appender.buffer.byte-limit = 33554432 (custom)
2022-06-01 03:34:49,416 [pool-201-thread-1] INFO  server.RaftServerConfigKeys (ConfUtils.java:logGet(46)) - raft.server.log.statemachine.data.read.timeout = 1000ms (default)
2022-06-01 03:34:49,416 [pool-201-thread-1] INFO  server.RaftServerConfigKeys (ConfUtils.java:logGet(46)) - raft.server.log.segment.size.max = 1048576 (custom)
2022-06-01 03:34:49,416 [pool-201-thread-1] INFO  server.RaftServerConfigKeys (ConfUtils.java:logGet(46)) - raft.server.log.segment.cache.num.max = 2 (custom)
2022-06-01 03:34:49,417 [pool-201-thread-1] INFO  server.RaftServerConfigKeys (ConfUtils.java:logGet(46)) - raft.server.log.segment.cache.size.max = 200MB (=209715200) (default)
2022-06-01 03:34:49,417 [pool-201-thread-1] INFO  segmented.SegmentedRaftLogWorker (SegmentedRaftLogWorker.java:<init>(187)) - new edc35c82-9122-45b9-884d-047213d7d1a1@group-6F87D381EE20-SegmentedRaftLogWorker for RaftStorageImpl:Storage Directory /home/runner/work/ozone/ozone/hadoop-ozone/integration-test/target/test-dir/MiniOzoneClusterImpl-1e64a523-1474-4f36-a74c-b9773adf1118/datanode-0/data/ratis/5d9efd26-550c-4927-90bb-6f87d381ee20
2022-06-01 03:34:49,417 [pool-201-thread-1] INFO  server.RaftServerConfigKeys (ConfUtils.java:logGet(46)) - raft.server.log.queue.byte-limit = 4294967296 (custom)
2022-06-01 03:34:49,417 [pool-201-thread-1] INFO  server.RaftServerConfigKeys (ConfUtils.java:logGet(46)) - raft.server.log.queue.element-limit = 1024 (custom)
2022-06-01 03:34:49,417 [pool-201-thread-1] INFO  server.RaftServerConfigKeys (ConfUtils.java:logGet(46)) - raft.server.log.segment.size.max = 1048576 (custom)
2022-06-01 03:34:49,417 [pool-201-thread-1] INFO  server.RaftServerConfigKeys (ConfUtils.java:logGet(46)) - raft.server.log.preallocated.size = 16384 (custom)
2022-06-01 03:34:49,417 [pool-201-thread-1] INFO  server.RaftServerConfigKeys (ConfUtils.java:logGet(46)) - raft.server.log.force.sync.num = 128 (default)
2022-06-01 03:34:49,417 [pool-201-thread-1] INFO  server.RaftServerConfigKeys (ConfUtils.java:logGet(46)) - raft.server.log.statemachine.data.sync = true (default)
2022-06-01 03:34:49,417 [pool-201-thread-1] INFO  server.RaftServerConfigKeys (ConfUtils.java:logGet(46)) - raft.server.log.statemachine.data.sync.timeout = 10s (default)
2022-06-01 03:34:49,417 [pool-201-thread-1] INFO  server.RaftServerConfigKeys (ConfUtils.java:logGet(46)) - raft.server.log.statemachine.data.sync.timeout.retry = -1 (default)
2022-06-01 03:34:49,419 [EventQueue-PipelineReportForPipelineReportHandler] INFO  pipeline.PipelineManagerImpl (PipelineManagerImpl.java:openPipeline(356)) - Pipeline Pipeline[ Id: 5d9efd26-550c-4927-90bb-6f87d381ee20, Nodes: edc35c82-9122-45b9-884d-047213d7d1a1{ip: 10.1.0.5, host: fv-az151-582.yf2hydr00wburbhx3j5hxtcipe.bx.internal.cloudapp.net, ports: [REPLICATION=42489, RATIS=41289, RATIS_ADMIN=41289, RATIS_SERVER=41289, STANDALONE=45309], networkLocation: /default-rack, certSerialId: null, persistedOpState: IN_SERVICE, persistedOpStateExpiryEpochSec: 0}, ReplicationConfig: RATIS/ONE, State:ALLOCATED, leaderId:edc35c82-9122-45b9-884d-047213d7d1a1, CreationTimestamp2022-06-01T03:34:46.415Z[Etc/UTC]] moved to OPEN state
2022-06-01 03:34:49,424 [pool-201-thread-1] INFO  server.RaftServerConfigKeys (ConfUtils.java:logGet(46)) - raft.server.log.write.buffer.size = 1048576 (custom)
2022-06-01 03:34:49,424 [pool-201-thread-1] INFO  server.RaftServerConfigKeys (ConfUtils.java:logGet(46)) - raft.server.log.unsafe-flush.enabled = false (default)
2022-06-01 03:34:49,424 [pool-201-thread-1] INFO  server.RaftServerConfigKeys (ConfUtils.java:logGet(46)) - raft.server.log.statemachine.data.caching.enabled = true (custom)
2022-06-01 03:34:49,425 [pool-201-thread-1] INFO  segmented.SegmentedRaftLogWorker (SegmentedRaftLogWorker.java:lambda$new$0(135)) - edc35c82-9122-45b9-884d-047213d7d1a1@group-6F87D381EE20-SegmentedRaftLogWorker: flushIndex: setUnconditionally 0 -> -1
2022-06-01 03:34:49,425 [pool-201-thread-1] INFO  segmented.SegmentedRaftLogWorker (SegmentedRaftLogWorker.java:lambda$new$0(135)) - edc35c82-9122-45b9-884d-047213d7d1a1@group-6F87D381EE20-SegmentedRaftLogWorker: safeCacheEvictIndex: setUnconditionally 0 -> -1
2022-06-01 03:34:49,432 [pool-201-thread-1] INFO  server.RaftServerConfigKeys (ConfUtils.java:logGet(46)) - raft.server.snapshot.auto.trigger.enabled = true (custom)
2022-06-01 03:34:49,432 [pool-201-thread-1] INFO  server.RaftServerConfigKeys (ConfUtils.java:logGet(46)) - raft.server.snapshot.auto.trigger.threshold = 10000 (custom)
2022-06-01 03:34:49,432 [pool-201-thread-1] INFO  server.RaftServerConfigKeys (ConfUtils.java:logGet(46)) - raft.server.snapshot.retention.file.num = 5 (custom)
2022-06-01 03:34:49,432 [pool-201-thread-1] INFO  server.RaftServerConfigKeys (ConfUtils.java:logGet(46)) - raft.server.log.purge.upto.snapshot.index = false (default)
2022-06-01 03:34:49,432 [pool-201-thread-1] INFO  server.RaftServerConfigKeys (ConfUtils.java:logGet(46)) - raft.server.retrycache.expirytime = 600000ms (custom)
2022-06-01 03:34:49,432 [pool-201-thread-1] INFO  server.RaftServerConfigKeys (ConfUtils.java:logGet(46)) - raft.server.retrycache.statistics.expirytime = 100μs (default)
2022-06-01 03:34:49,433 [pool-201-thread-1] INFO  server.RaftServerConfigKeys (ConfUtils.java:logGet(46)) - raft.server.log.appender.install.snapshot.enabled = false (custom)
2022-06-01 03:34:49,436 [pool-201-thread-1] INFO  server.RaftServerConfigKeys (ConfUtils.java:logGet(46)) - raft.server.threadpool.server.cached = true (default)
2022-06-01 03:34:49,436 [pool-201-thread-1] INFO  server.RaftServerConfigKeys (ConfUtils.java:logGet(46)) - raft.server.threadpool.server.size = 0 (default)
2022-06-01 03:34:49,436 [pool-201-thread-1] INFO  server.RaftServerConfigKeys (ConfUtils.java:logGet(46)) - raft.server.threadpool.client.cached = true (default)
2022-06-01 03:34:49,436 [pool-201-thread-1] INFO  server.RaftServerConfigKeys (ConfUtils.java:logGet(46)) - raft.server.threadpool.client.size = 0 (default)
2022-06-01 03:34:49,436 [pool-201-thread-1] INFO  server.RaftServer$Division (RaftServerImpl.java:start(310)) - edc35c82-9122-45b9-884d-047213d7d1a1@group-6F87D381EE20: start as a follower, conf=-1: [edc35c82-9122-45b9-884d-047213d7d1a1|rpc:10.1.0.5:41289|priority:1], old=null
2022-06-01 03:34:49,436 [pool-201-thread-1] INFO  server.RaftServer$Division (RaftServerImpl.java:setRole(299)) - edc35c82-9122-45b9-884d-047213d7d1a1@group-6F87D381EE20: changes role from      null to FOLLOWER at term 0 for startAsFollower
2022-06-01 03:34:49,436 [pool-201-thread-1] INFO  impl.RoleInfo (RoleInfo.java:updateAndGet(139)) - edc35c82-9122-45b9-884d-047213d7d1a1: start edc35c82-9122-45b9-884d-047213d7d1a1@group-6F87D381EE20-FollowerState
2022-06-01 03:34:49,437 [EventQueue-OpenPipelineForHealthyPipelineSafeModeRule] INFO  safemode.SCMSafeModeManager (HealthyPipelineSafeModeRule.java:process(124)) - SCM in safe mode. Healthy pipelines reported count is 0, required healthy pipeline reported count is 1
2022-06-01 03:34:49,445 [pool-201-thread-1] INFO  util.JmxRegister (JmxRegister.java:tryRegister(44)) - Successfully registered JMX Bean with object name Ratis:service=RaftServer,group=group-6F87D381EE20,id=edc35c82-9122-45b9-884d-047213d7d1a1
2022-06-01 03:34:49,456 [Command processor thread] INFO  ratis.XceiverServerRatis (XceiverServerRatis.java:addGroup(765)) - Created group PipelineID=5d9efd26-550c-4927-90bb-6f87d381ee20
2022-06-01 03:34:49,456 [Command processor thread] INFO  commandhandler.CreatePipelineCommandHandler (CreatePipelineCommandHandler.java:handle(113)) - Created Pipeline RATIS ONE PipelineID=5d9efd26-550c-4927-90bb-6f87d381ee20.
2022-06-01 03:34:49,456 [Command processor thread] INFO  server.RaftServer (RaftServerProxy.java:addNew(96)) - edc35c82-9122-45b9-884d-047213d7d1a1: addNew group-E0B45DCEEBC7:[b7a926ba-63da-42ce-ae6a-067e307d0a81|rpc:10.1.0.5:42167|priority:0, edc35c82-9122-45b9-884d-047213d7d1a1|rpc:10.1.0.5:41289|priority:1, 84edf777-a908-4fd1-ac59-ee76ae14fa63|rpc:10.1.0.5:35463|priority:0] returns group-E0B45DCEEBC7:java.util.concurrent.CompletableFuture@6a4a511f[Not completed]
2022-06-01 03:34:49,457 [pool-201-thread-1] INFO  server.RaftServer$Division (RaftServerImpl.java:<init>(190)) - edc35c82-9122-45b9-884d-047213d7d1a1: new RaftServerImpl for group-E0B45DCEEBC7:[b7a926ba-63da-42ce-ae6a-067e307d0a81|rpc:10.1.0.5:42167|priority:0, edc35c82-9122-45b9-884d-047213d7d1a1|rpc:10.1.0.5:41289|priority:1, 84edf777-a908-4fd1-ac59-ee76ae14fa63|rpc:10.1.0.5:35463|priority:0] with ContainerStateMachine:uninitialized
2022-06-01 03:34:49,457 [pool-201-thread-1] INFO  server.RaftServerConfigKeys (ConfUtils.java:logGet(46)) - raft.server.rpc.timeout.min = 5s (custom)
2022-06-01 03:34:49,457 [pool-201-thread-1] INFO  server.RaftServerConfigKeys (ConfUtils.java:logGet(46)) - raft.server.rpc.timeout.max = 5200ms (custom)
2022-06-01 03:34:49,457 [pool-201-thread-1] INFO  server.RaftServerConfigKeys (ConfUtils.java:logGet(46)) - raft.server.rpc.sleep.time = 25ms (default)
2022-06-01 03:34:49,457 [pool-201-thread-1] INFO  server.RaftServerConfigKeys (ConfUtils.java:logGet(46)) - raft.server.rpc.slowness.timeout = 300s (custom)
2022-06-01 03:34:49,457 [pool-201-thread-1] INFO  server.RaftServerConfigKeys (ConfUtils.java:logGet(46)) - raft.server.leaderelection.leader.step-down.wait-time = 10s (default)
2022-06-01 03:34:49,457 [pool-201-thread-1] INFO  server.RaftServerConfigKeys (ConfUtils.java:logGet(46)) - raft.server.sleep.deviation.threshold = 300ms (default)
2022-06-01 03:34:49,457 [pool-201-thread-1] INFO  server.RaftServer$Division (ServerState.java:<init>(107)) - edc35c82-9122-45b9-884d-047213d7d1a1@group-E0B45DCEEBC7: ConfigurationManager, init=-1: [b7a926ba-63da-42ce-ae6a-067e307d0a81|rpc:10.1.0.5:42167|priority:0, edc35c82-9122-45b9-884d-047213d7d1a1|rpc:10.1.0.5:41289|priority:1, 84edf777-a908-4fd1-ac59-ee76ae14fa63|rpc:10.1.0.5:35463|priority:0], old=null, confs=<EMPTY_MAP>
2022-06-01 03:34:49,457 [pool-201-thread-1] INFO  server.RaftServerConfigKeys (ConfUtils.java:logGet(46)) - raft.server.storage.dir = [/home/runner/work/ozone/ozone/hadoop-ozone/integration-test/target/test-dir/MiniOzoneClusterImpl-1e64a523-1474-4f36-a74c-b9773adf1118/datanode-0/data/ratis] (custom)
2022-06-01 03:34:49,458 [pool-201-thread-1] INFO  server.RaftServerConfigKeys (ConfUtils.java:logGet(46)) - raft.server.log.corruption.policy = EXCEPTION (default)
2022-06-01 03:34:49,458 [pool-201-thread-1] INFO  server.RaftServerConfigKeys (ConfUtils.java:logGet(46)) - raft.server.storage.free-space.min = 0MB (=0) (default)
2022-06-01 03:34:49,458 [pool-201-thread-1] INFO  storage.RaftStorageDirectory (RaftStorageDirectoryImpl.java:analyzeStorage(135)) - The storage directory /home/runner/work/ozone/ozone/hadoop-ozone/integration-test/target/test-dir/MiniOzoneClusterImpl-1e64a523-1474-4f36-a74c-b9773adf1118/datanode-0/data/ratis/9ba8ef62-c6dc-4b24-9f64-e0b45dceebc7 does not exist. Creating ...
2022-06-01 03:34:49,458 [pool-201-thread-1] INFO  storage.RaftStorageDirectory (RaftStorageDirectoryImpl.java:tryLock(230)) - Lock on /home/runner/work/ozone/ozone/hadoop-ozone/integration-test/target/test-dir/MiniOzoneClusterImpl-1e64a523-1474-4f36-a74c-b9773adf1118/datanode-0/data/ratis/9ba8ef62-c6dc-4b24-9f64-e0b45dceebc7/in_use.lock acquired by nodename 14781@fv-az151-582
2022-06-01 03:34:49,459 [pool-201-thread-1] INFO  storage.RaftStorage (RaftStorageImpl.java:format(89)) - Storage directory /home/runner/work/ozone/ozone/hadoop-ozone/integration-test/target/test-dir/MiniOzoneClusterImpl-1e64a523-1474-4f36-a74c-b9773adf1118/datanode-0/data/ratis/9ba8ef62-c6dc-4b24-9f64-e0b45dceebc7 has been successfully formatted.
2022-06-01 03:34:49,461 [pool-201-thread-1] INFO  ratis.ContainerStateMachine (ContainerStateMachine.java:loadSnapshot(236)) - group-E0B45DCEEBC7: The snapshot info is null. Setting the last applied indexto:(t:0, i:~)
2022-06-01 03:34:49,461 [pool-201-thread-1] INFO  server.RaftServerConfigKeys (ConfUtils.java:logGet(46)) - raft.server.notification.no-leader.timeout = 300s (custom)
2022-06-01 03:34:49,461 [pool-201-thread-1] INFO  server.RaftServerConfigKeys (ConfUtils.java:logGet(46)) - raft.server.log.use.memory = false (default)
2022-06-01 03:34:49,461 [pool-201-thread-1] INFO  server.RaftServerConfigKeys (ConfUtils.java:logGet(46)) - raft.server.log.purge.gap = 1000000 (custom)
2022-06-01 03:34:49,461 [pool-201-thread-1] INFO  server.RaftServerConfigKeys (ConfUtils.java:logGet(46)) - raft.server.log.appender.buffer.byte-limit = 33554432 (custom)
2022-06-01 03:34:49,462 [pool-201-thread-1] INFO  server.RaftServerConfigKeys (ConfUtils.java:logGet(46)) - raft.server.log.statemachine.data.read.timeout = 1000ms (default)
2022-06-01 03:34:49,462 [EventQueue-OpenPipelineForHealthyPipelineSafeModeRule] INFO  safemode.SCMSafeModeManager (HealthyPipelineSafeModeRule.java:process(124)) - SCM in safe mode. Healthy pipelines reported count is 0, required healthy pipeline reported count is 1
2022-06-01 03:34:49,462 [pool-201-thread-1] INFO  server.RaftServerConfigKeys (ConfUtils.java:logGet(46)) - raft.server.log.segment.size.max = 1048576 (custom)
2022-06-01 03:34:49,462 [pool-201-thread-1] INFO  server.RaftServerConfigKeys (ConfUtils.java:logGet(46)) - raft.server.log.segment.cache.num.max = 2 (custom)
2022-06-01 03:34:49,462 [pool-201-thread-1] INFO  server.RaftServerConfigKeys (ConfUtils.java:logGet(46)) - raft.server.log.segment.cache.size.max = 200MB (=209715200) (default)
2022-06-01 03:34:49,462 [pool-201-thread-1] INFO  segmented.SegmentedRaftLogWorker (SegmentedRaftLogWorker.java:<init>(187)) - new edc35c82-9122-45b9-884d-047213d7d1a1@group-E0B45DCEEBC7-SegmentedRaftLogWorker for RaftStorageImpl:Storage Directory /home/runner/work/ozone/ozone/hadoop-ozone/integration-test/target/test-dir/MiniOzoneClusterImpl-1e64a523-1474-4f36-a74c-b9773adf1118/datanode-0/data/ratis/9ba8ef62-c6dc-4b24-9f64-e0b45dceebc7
2022-06-01 03:34:49,462 [pool-201-thread-1] INFO  server.RaftServerConfigKeys (ConfUtils.java:logGet(46)) - raft.server.log.queue.byte-limit = 4294967296 (custom)
2022-06-01 03:34:49,462 [pool-201-thread-1] INFO  server.RaftServerConfigKeys (ConfUtils.java:logGet(46)) - raft.server.log.queue.element-limit = 1024 (custom)
2022-06-01 03:34:49,462 [pool-201-thread-1] INFO  server.RaftServerConfigKeys (ConfUtils.java:logGet(46)) - raft.server.log.segment.size.max = 1048576 (custom)
2022-06-01 03:34:49,462 [pool-201-thread-1] INFO  server.RaftServerConfigKeys (ConfUtils.java:logGet(46)) - raft.server.log.preallocated.size = 16384 (custom)
2022-06-01 03:34:49,463 [pool-201-thread-1] INFO  server.RaftServerConfigKeys (ConfUtils.java:logGet(46)) - raft.server.log.force.sync.num = 128 (default)
2022-06-01 03:34:49,463 [pool-201-thread-1] INFO  server.RaftServerConfigKeys (ConfUtils.java:logGet(46)) - raft.server.log.statemachine.data.sync = true (default)
2022-06-01 03:34:49,463 [pool-201-thread-1] INFO  server.RaftServerConfigKeys (ConfUtils.java:logGet(46)) - raft.server.log.statemachine.data.sync.timeout = 10s (default)
2022-06-01 03:34:49,463 [pool-201-thread-1] INFO  server.RaftServerConfigKeys (ConfUtils.java:logGet(46)) - raft.server.log.statemachine.data.sync.timeout.retry = -1 (default)
2022-06-01 03:34:49,463 [pool-201-thread-1] INFO  server.RaftServerConfigKeys (ConfUtils.java:logGet(46)) - raft.server.log.write.buffer.size = 1048576 (custom)
2022-06-01 03:34:49,464 [pool-201-thread-1] INFO  server.RaftServerConfigKeys (ConfUtils.java:logGet(46)) - raft.server.log.unsafe-flush.enabled = false (default)
2022-06-01 03:34:49,464 [pool-201-thread-1] INFO  server.RaftServerConfigKeys (ConfUtils.java:logGet(46)) - raft.server.log.statemachine.data.caching.enabled = true (custom)
2022-06-01 03:34:49,464 [pool-201-thread-1] INFO  segmented.SegmentedRaftLogWorker (SegmentedRaftLogWorker.java:lambda$new$0(135)) - edc35c82-9122-45b9-884d-047213d7d1a1@group-E0B45DCEEBC7-SegmentedRaftLogWorker: flushIndex: setUnconditionally 0 -> -1
2022-06-01 03:34:49,464 [pool-201-thread-1] INFO  segmented.SegmentedRaftLogWorker (SegmentedRaftLogWorker.java:lambda$new$0(135)) - edc35c82-9122-45b9-884d-047213d7d1a1@group-E0B45DCEEBC7-SegmentedRaftLogWorker: safeCacheEvictIndex: setUnconditionally 0 -> -1
2022-06-01 03:34:49,472 [pool-201-thread-1] INFO  server.RaftServerConfigKeys (ConfUtils.java:logGet(46)) - raft.server.snapshot.auto.trigger.enabled = true (custom)
2022-06-01 03:34:49,473 [pool-201-thread-1] INFO  server.RaftServerConfigKeys (ConfUtils.java:logGet(46)) - raft.server.snapshot.auto.trigger.threshold = 10000 (custom)
2022-06-01 03:34:49,473 [pool-201-thread-1] INFO  server.RaftServerConfigKeys (ConfUtils.java:logGet(46)) - raft.server.snapshot.retention.file.num = 5 (custom)
2022-06-01 03:34:49,473 [pool-201-thread-1] INFO  server.RaftServerConfigKeys (ConfUtils.java:logGet(46)) - raft.server.log.purge.upto.snapshot.index = false (default)
2022-06-01 03:34:49,473 [pool-201-thread-1] INFO  server.RaftServerConfigKeys (ConfUtils.java:logGet(46)) - raft.server.retrycache.expirytime = 600000ms (custom)
2022-06-01 03:34:49,473 [pool-201-thread-1] INFO  server.RaftServerConfigKeys (ConfUtils.java:logGet(46)) - raft.server.retrycache.statistics.expirytime = 100μs (default)
2022-06-01 03:34:49,474 [pool-201-thread-1] INFO  server.RaftServerConfigKeys (ConfUtils.java:logGet(46)) - raft.server.log.appender.install.snapshot.enabled = false (custom)
2022-06-01 03:34:49,474 [pool-201-thread-1] INFO  server.RaftServerConfigKeys (ConfUtils.java:logGet(46)) - raft.server.threadpool.server.cached = true (default)
2022-06-01 03:34:49,474 [pool-201-thread-1] INFO  server.RaftServerConfigKeys (ConfUtils.java:logGet(46)) - raft.server.threadpool.server.size = 0 (default)
2022-06-01 03:34:49,474 [pool-201-thread-1] INFO  server.RaftServerConfigKeys (ConfUtils.java:logGet(46)) - raft.server.threadpool.client.cached = true (default)
2022-06-01 03:34:49,474 [pool-201-thread-1] INFO  server.RaftServerConfigKeys (ConfUtils.java:logGet(46)) - raft.server.threadpool.client.size = 0 (default)
2022-06-01 03:34:49,474 [pool-201-thread-1] INFO  server.RaftServer$Division (RaftServerImpl.java:start(310)) - edc35c82-9122-45b9-884d-047213d7d1a1@group-E0B45DCEEBC7: start as a follower, conf=-1: [b7a926ba-63da-42ce-ae6a-067e307d0a81|rpc:10.1.0.5:42167|priority:0, edc35c82-9122-45b9-884d-047213d7d1a1|rpc:10.1.0.5:41289|priority:1, 84edf777-a908-4fd1-ac59-ee76ae14fa63|rpc:10.1.0.5:35463|priority:0], old=null
2022-06-01 03:34:49,474 [pool-201-thread-1] INFO  server.RaftServer$Division (RaftServerImpl.java:setRole(299)) - edc35c82-9122-45b9-884d-047213d7d1a1@group-E0B45DCEEBC7: changes role from      null to FOLLOWER at term 0 for startAsFollower
2022-06-01 03:34:49,474 [pool-201-thread-1] INFO  impl.RoleInfo (RoleInfo.java:updateAndGet(139)) - edc35c82-9122-45b9-884d-047213d7d1a1: start edc35c82-9122-45b9-884d-047213d7d1a1@group-E0B45DCEEBC7-FollowerState
2022-06-01 03:34:49,484 [pool-201-thread-1] INFO  util.JmxRegister (JmxRegister.java:tryRegister(44)) - Successfully registered JMX Bean with object name Ratis:service=RaftServer,group=group-E0B45DCEEBC7,id=edc35c82-9122-45b9-884d-047213d7d1a1
2022-06-01 03:34:49,485 [Command processor thread] INFO  ratis.XceiverServerRatis (XceiverServerRatis.java:addGroup(765)) - Created group PipelineID=9ba8ef62-c6dc-4b24-9f64-e0b45dceebc7
2022-06-01 03:34:49,533 [grpc-default-executor-0] INFO  server.RaftServer (RaftServerProxy.java:addNew(96)) - b7a926ba-63da-42ce-ae6a-067e307d0a81: addNew group-E0B45DCEEBC7:[b7a926ba-63da-42ce-ae6a-067e307d0a81|rpc:10.1.0.5:42167|dataStream:|priority:0, edc35c82-9122-45b9-884d-047213d7d1a1|rpc:10.1.0.5:41289|dataStream:|priority:1, 84edf777-a908-4fd1-ac59-ee76ae14fa63|rpc:10.1.0.5:35463|dataStream:|priority:0] returns group-E0B45DCEEBC7:java.util.concurrent.CompletableFuture@ba415f0[Not completed]
2022-06-01 03:34:49,537 [pool-223-thread-1] INFO  server.RaftServer$Division (RaftServerImpl.java:<init>(190)) - b7a926ba-63da-42ce-ae6a-067e307d0a81: new RaftServerImpl for group-E0B45DCEEBC7:[b7a926ba-63da-42ce-ae6a-067e307d0a81|rpc:10.1.0.5:42167|dataStream:|priority:0, edc35c82-9122-45b9-884d-047213d7d1a1|rpc:10.1.0.5:41289|dataStream:|priority:1, 84edf777-a908-4fd1-ac59-ee76ae14fa63|rpc:10.1.0.5:35463|dataStream:|priority:0] with ContainerStateMachine:uninitialized
2022-06-01 03:34:49,537 [pool-223-thread-1] INFO  server.RaftServerConfigKeys (ConfUtils.java:logGet(46)) - raft.server.rpc.timeout.min = 5s (custom)
2022-06-01 03:34:49,537 [pool-223-thread-1] INFO  server.RaftServerConfigKeys (ConfUtils.java:logGet(46)) - raft.server.rpc.timeout.max = 5200ms (custom)
2022-06-01 03:34:49,537 [pool-223-thread-1] INFO  server.RaftServerConfigKeys (ConfUtils.java:logGet(46)) - raft.server.rpc.sleep.time = 25ms (default)
2022-06-01 03:34:49,537 [pool-223-thread-1] INFO  server.RaftServerConfigKeys (ConfUtils.java:logGet(46)) - raft.server.rpc.slowness.timeout = 300s (custom)
2022-06-01 03:34:49,537 [pool-223-thread-1] INFO  server.RaftServerConfigKeys (ConfUtils.java:logGet(46)) - raft.server.leaderelection.leader.step-down.wait-time = 10s (default)
2022-06-01 03:34:49,537 [pool-223-thread-1] INFO  server.RaftServerConfigKeys (ConfUtils.java:logGet(46)) - raft.server.sleep.deviation.threshold = 300ms (default)
2022-06-01 03:34:49,537 [pool-223-thread-1] INFO  server.RaftServer$Division (ServerState.java:<init>(107)) - b7a926ba-63da-42ce-ae6a-067e307d0a81@group-E0B45DCEEBC7: ConfigurationManager, init=-1: [b7a926ba-63da-42ce-ae6a-067e307d0a81|rpc:10.1.0.5:42167|dataStream:|priority:0, edc35c82-9122-45b9-884d-047213d7d1a1|rpc:10.1.0.5:41289|dataStream:|priority:1, 84edf777-a908-4fd1-ac59-ee76ae14fa63|rpc:10.1.0.5:35463|dataStream:|priority:0], old=null, confs=<EMPTY_MAP>
2022-06-01 03:34:49,537 [pool-223-thread-1] INFO  server.RaftServerConfigKeys (ConfUtils.java:logGet(46)) - raft.server.storage.dir = [/home/runner/work/ozone/ozone/hadoop-ozone/integration-test/target/test-dir/MiniOzoneClusterImpl-1e64a523-1474-4f36-a74c-b9773adf1118/datanode-1/data/ratis] (custom)
2022-06-01 03:34:49,537 [pool-223-thread-1] INFO  server.RaftServerConfigKeys (ConfUtils.java:logGet(46)) - raft.server.log.corruption.policy = EXCEPTION (default)
2022-06-01 03:34:49,537 [pool-223-thread-1] INFO  server.RaftServerConfigKeys (ConfUtils.java:logGet(46)) - raft.server.storage.free-space.min = 0MB (=0) (default)
2022-06-01 03:34:49,538 [pool-223-thread-1] INFO  storage.RaftStorageDirectory (RaftStorageDirectoryImpl.java:analyzeStorage(135)) - The storage directory /home/runner/work/ozone/ozone/hadoop-ozone/integration-test/target/test-dir/MiniOzoneClusterImpl-1e64a523-1474-4f36-a74c-b9773adf1118/datanode-1/data/ratis/9ba8ef62-c6dc-4b24-9f64-e0b45dceebc7 does not exist. Creating ...
2022-06-01 03:34:49,545 [pool-223-thread-1] INFO  storage.RaftStorageDirectory (RaftStorageDirectoryImpl.java:tryLock(230)) - Lock on /home/runner/work/ozone/ozone/hadoop-ozone/integration-test/target/test-dir/MiniOzoneClusterImpl-1e64a523-1474-4f36-a74c-b9773adf1118/datanode-1/data/ratis/9ba8ef62-c6dc-4b24-9f64-e0b45dceebc7/in_use.lock acquired by nodename 14781@fv-az151-582
2022-06-01 03:34:49,549 [pool-223-thread-1] INFO  storage.RaftStorage (RaftStorageImpl.java:format(89)) - Storage directory /home/runner/work/ozone/ozone/hadoop-ozone/integration-test/target/test-dir/MiniOzoneClusterImpl-1e64a523-1474-4f36-a74c-b9773adf1118/datanode-1/data/ratis/9ba8ef62-c6dc-4b24-9f64-e0b45dceebc7 has been successfully formatted.
2022-06-01 03:34:49,553 [pool-223-thread-1] INFO  ratis.ContainerStateMachine (ContainerStateMachine.java:loadSnapshot(236)) - group-E0B45DCEEBC7: The snapshot info is null. Setting the last applied indexto:(t:0, i:~)
2022-06-01 03:34:49,553 [pool-223-thread-1] INFO  server.RaftServerConfigKeys (ConfUtils.java:logGet(46)) - raft.server.notification.no-leader.timeout = 300s (custom)
2022-06-01 03:34:49,553 [pool-223-thread-1] INFO  server.RaftServerConfigKeys (ConfUtils.java:logGet(46)) - raft.server.log.use.memory = false (default)
2022-06-01 03:34:49,553 [pool-223-thread-1] INFO  server.RaftServerConfigKeys (ConfUtils.java:logGet(46)) - raft.server.log.purge.gap = 1000000 (custom)
2022-06-01 03:34:49,553 [pool-223-thread-1] INFO  server.RaftServerConfigKeys (ConfUtils.java:logGet(46)) - raft.server.log.appender.buffer.byte-limit = 33554432 (custom)
2022-06-01 03:34:49,553 [pool-223-thread-1] INFO  server.RaftServerConfigKeys (ConfUtils.java:logGet(46)) - raft.server.log.statemachine.data.read.timeout = 1000ms (default)
2022-06-01 03:34:49,554 [pool-223-thread-1] INFO  server.RaftServerConfigKeys (ConfUtils.java:logGet(46)) - raft.server.log.segment.size.max = 1048576 (custom)
2022-06-01 03:34:49,554 [pool-223-thread-1] INFO  server.RaftServerConfigKeys (ConfUtils.java:logGet(46)) - raft.server.log.segment.cache.num.max = 2 (custom)
2022-06-01 03:34:49,554 [pool-223-thread-1] INFO  server.RaftServerConfigKeys (ConfUtils.java:logGet(46)) - raft.server.log.segment.cache.size.max = 200MB (=209715200) (default)
2022-06-01 03:34:49,554 [pool-223-thread-1] INFO  segmented.SegmentedRaftLogWorker (SegmentedRaftLogWorker.java:<init>(187)) - new b7a926ba-63da-42ce-ae6a-067e307d0a81@group-E0B45DCEEBC7-SegmentedRaftLogWorker for RaftStorageImpl:Storage Directory /home/runner/work/ozone/ozone/hadoop-ozone/integration-test/target/test-dir/MiniOzoneClusterImpl-1e64a523-1474-4f36-a74c-b9773adf1118/datanode-1/data/ratis/9ba8ef62-c6dc-4b24-9f64-e0b45dceebc7
2022-06-01 03:34:49,554 [pool-223-thread-1] INFO  server.RaftServerConfigKeys (ConfUtils.java:logGet(46)) - raft.server.log.queue.byte-limit = 4294967296 (custom)
2022-06-01 03:34:49,554 [pool-223-thread-1] INFO  server.RaftServerConfigKeys (ConfUtils.java:logGet(46)) - raft.server.log.queue.element-limit = 1024 (custom)
2022-06-01 03:34:49,554 [pool-223-thread-1] INFO  server.RaftServerConfigKeys (ConfUtils.java:logGet(46)) - raft.server.log.segment.size.max = 1048576 (custom)
2022-06-01 03:34:49,554 [pool-223-thread-1] INFO  server.RaftServerConfigKeys (ConfUtils.java:logGet(46)) - raft.server.log.preallocated.size = 16384 (custom)
2022-06-01 03:34:49,554 [pool-223-thread-1] INFO  server.RaftServerConfigKeys (ConfUtils.java:logGet(46)) - raft.server.log.force.sync.num = 128 (default)
2022-06-01 03:34:49,554 [pool-223-thread-1] INFO  server.RaftServerConfigKeys (ConfUtils.java:logGet(46)) - raft.server.log.statemachine.data.sync = true (default)
2022-06-01 03:34:49,554 [pool-223-thread-1] INFO  server.RaftServerConfigKeys (ConfUtils.java:logGet(46)) - raft.server.log.statemachine.data.sync.timeout = 10s (default)
2022-06-01 03:34:49,554 [pool-223-thread-1] INFO  server.RaftServerConfigKeys (ConfUtils.java:logGet(46)) - raft.server.log.statemachine.data.sync.timeout.retry = -1 (default)
2022-06-01 03:34:49,555 [pool-223-thread-1] INFO  server.RaftServerConfigKeys (ConfUtils.java:logGet(46)) - raft.server.log.write.buffer.size = 1048576 (custom)
2022-06-01 03:34:49,555 [pool-223-thread-1] INFO  server.RaftServerConfigKeys (ConfUtils.java:logGet(46)) - raft.server.log.unsafe-flush.enabled = false (default)
2022-06-01 03:34:49,555 [pool-223-thread-1] INFO  server.RaftServerConfigKeys (ConfUtils.java:logGet(46)) - raft.server.log.statemachine.data.caching.enabled = true (custom)
2022-06-01 03:34:49,556 [pool-223-thread-1] INFO  segmented.SegmentedRaftLogWorker (SegmentedRaftLogWorker.java:lambda$new$0(135)) - b7a926ba-63da-42ce-ae6a-067e307d0a81@group-E0B45DCEEBC7-SegmentedRaftLogWorker: flushIndex: setUnconditionally 0 -> -1
2022-06-01 03:34:49,556 [pool-223-thread-1] INFO  segmented.SegmentedRaftLogWorker (SegmentedRaftLogWorker.java:lambda$new$0(135)) - b7a926ba-63da-42ce-ae6a-067e307d0a81@group-E0B45DCEEBC7-SegmentedRaftLogWorker: safeCacheEvictIndex: setUnconditionally 0 -> -1
2022-06-01 03:34:49,564 [pool-223-thread-1] INFO  server.RaftServerConfigKeys (ConfUtils.java:logGet(46)) - raft.server.snapshot.auto.trigger.enabled = true (custom)
2022-06-01 03:34:49,564 [pool-223-thread-1] INFO  server.RaftServerConfigKeys (ConfUtils.java:logGet(46)) - raft.server.snapshot.auto.trigger.threshold = 10000 (custom)
2022-06-01 03:34:49,564 [pool-223-thread-1] INFO  server.RaftServerConfigKeys (ConfUtils.java:logGet(46)) - raft.server.snapshot.retention.file.num = 5 (custom)
2022-06-01 03:34:49,564 [pool-223-thread-1] INFO  server.RaftServerConfigKeys (ConfUtils.java:logGet(46)) - raft.server.log.purge.upto.snapshot.index = false (default)
2022-06-01 03:34:49,564 [pool-223-thread-1] INFO  server.RaftServerConfigKeys (ConfUtils.java:logGet(46)) - raft.server.retrycache.expirytime = 600000ms (custom)
2022-06-01 03:34:49,564 [pool-223-thread-1] INFO  server.RaftServerConfigKeys (ConfUtils.java:logGet(46)) - raft.server.retrycache.statistics.expirytime = 100μs (default)
2022-06-01 03:34:49,565 [pool-223-thread-1] INFO  server.RaftServerConfigKeys (ConfUtils.java:logGet(46)) - raft.server.log.appender.install.snapshot.enabled = false (custom)
2022-06-01 03:34:49,565 [pool-223-thread-1] INFO  server.RaftServerConfigKeys (ConfUtils.java:logGet(46)) - raft.server.threadpool.server.cached = true (default)
2022-06-01 03:34:49,565 [pool-223-thread-1] INFO  server.RaftServerConfigKeys (ConfUtils.java:logGet(46)) - raft.server.threadpool.server.size = 0 (default)
2022-06-01 03:34:49,565 [pool-223-thread-1] INFO  server.RaftServerConfigKeys (ConfUtils.java:logGet(46)) - raft.server.threadpool.client.cached = true (default)
2022-06-01 03:34:49,565 [pool-223-thread-1] INFO  server.RaftServerConfigKeys (ConfUtils.java:logGet(46)) - raft.server.threadpool.client.size = 0 (default)
2022-06-01 03:34:49,565 [pool-223-thread-1] INFO  server.RaftServer$Division (RaftServerImpl.java:start(310)) - b7a926ba-63da-42ce-ae6a-067e307d0a81@group-E0B45DCEEBC7: start as a follower, conf=-1: [b7a926ba-63da-42ce-ae6a-067e307d0a81|rpc:10.1.0.5:42167|dataStream:|priority:0, edc35c82-9122-45b9-884d-047213d7d1a1|rpc:10.1.0.5:41289|dataStream:|priority:1, 84edf777-a908-4fd1-ac59-ee76ae14fa63|rpc:10.1.0.5:35463|dataStream:|priority:0], old=null
2022-06-01 03:34:49,565 [pool-223-thread-1] INFO  server.RaftServer$Division (RaftServerImpl.java:setRole(299)) - b7a926ba-63da-42ce-ae6a-067e307d0a81@group-E0B45DCEEBC7: changes role from      null to FOLLOWER at term 0 for startAsFollower
2022-06-01 03:34:49,565 [pool-223-thread-1] INFO  impl.RoleInfo (RoleInfo.java:updateAndGet(139)) - b7a926ba-63da-42ce-ae6a-067e307d0a81: start b7a926ba-63da-42ce-ae6a-067e307d0a81@group-E0B45DCEEBC7-FollowerState
2022-06-01 03:34:49,566 [pool-223-thread-1] INFO  util.JmxRegister (JmxRegister.java:tryRegister(44)) - Successfully registered JMX Bean with object name Ratis:service=RaftServer,group=group-E0B45DCEEBC7,id=b7a926ba-63da-42ce-ae6a-067e307d0a81
2022-06-01 03:34:49,615 [Listener at 127.0.0.1/35387] INFO  ozone.MiniOzoneClusterImpl (MiniOzoneClusterImpl.java:lambda$waitForClusterToBeReady$0(221)) - Nodes are ready. Got 3 of 3 DN Heartbeats.
2022-06-01 03:34:49,615 [Listener at 127.0.0.1/35387] INFO  ozone.MiniOzoneClusterImpl (MiniOzoneClusterImpl.java:lambda$waitForClusterToBeReady$0(224)) - Waiting for cluster to exit safe mode
2022-06-01 03:34:49,615 [Listener at 127.0.0.1/35387] INFO  ozone.MiniOzoneClusterImpl (MiniOzoneClusterImpl.java:lambda$waitForClusterToBeReady$0(226)) - SCM became leader
2022-06-01 03:34:49,632 [grpc-default-executor-0] INFO  server.RaftServer (RaftServerProxy.java:addNew(96)) - 84edf777-a908-4fd1-ac59-ee76ae14fa63: addNew group-E0B45DCEEBC7:[b7a926ba-63da-42ce-ae6a-067e307d0a81|rpc:10.1.0.5:42167|dataStream:|priority:0, edc35c82-9122-45b9-884d-047213d7d1a1|rpc:10.1.0.5:41289|dataStream:|priority:1, 84edf777-a908-4fd1-ac59-ee76ae14fa63|rpc:10.1.0.5:35463|dataStream:|priority:0] returns group-E0B45DCEEBC7:java.util.concurrent.CompletableFuture@5e1f57af[Not completed]
2022-06-01 03:34:49,632 [pool-245-thread-1] INFO  server.RaftServer$Division (RaftServerImpl.java:<init>(190)) - 84edf777-a908-4fd1-ac59-ee76ae14fa63: new RaftServerImpl for group-E0B45DCEEBC7:[b7a926ba-63da-42ce-ae6a-067e307d0a81|rpc:10.1.0.5:42167|dataStream:|priority:0, edc35c82-9122-45b9-884d-047213d7d1a1|rpc:10.1.0.5:41289|dataStream:|priority:1, 84edf777-a908-4fd1-ac59-ee76ae14fa63|rpc:10.1.0.5:35463|dataStream:|priority:0] with ContainerStateMachine:uninitialized
2022-06-01 03:34:49,633 [pool-245-thread-1] INFO  server.RaftServerConfigKeys (ConfUtils.java:logGet(46)) - raft.server.rpc.timeout.min = 5s (custom)
2022-06-01 03:34:49,633 [pool-245-thread-1] INFO  server.RaftServerConfigKeys (ConfUtils.java:logGet(46)) - raft.server.rpc.timeout.max = 5200ms (custom)
2022-06-01 03:34:49,633 [pool-245-thread-1] INFO  server.RaftServerConfigKeys (ConfUtils.java:logGet(46)) - raft.server.rpc.sleep.time = 25ms (default)
2022-06-01 03:34:49,633 [pool-245-thread-1] INFO  server.RaftServerConfigKeys (ConfUtils.java:logGet(46)) - raft.server.rpc.slowness.timeout = 300s (custom)
2022-06-01 03:34:49,633 [pool-245-thread-1] INFO  server.RaftServerConfigKeys (ConfUtils.java:logGet(46)) - raft.server.leaderelection.leader.step-down.wait-time = 10s (default)
2022-06-01 03:34:49,633 [pool-245-thread-1] INFO  server.RaftServerConfigKeys (ConfUtils.java:logGet(46)) - raft.server.sleep.deviation.threshold = 300ms (default)
2022-06-01 03:34:49,633 [pool-245-thread-1] INFO  server.RaftServer$Division (ServerState.java:<init>(107)) - 84edf777-a908-4fd1-ac59-ee76ae14fa63@group-E0B45DCEEBC7: ConfigurationManager, init=-1: [b7a926ba-63da-42ce-ae6a-067e307d0a81|rpc:10.1.0.5:42167|dataStream:|priority:0, edc35c82-9122-45b9-884d-047213d7d1a1|rpc:10.1.0.5:41289|dataStream:|priority:1, 84edf777-a908-4fd1-ac59-ee76ae14fa63|rpc:10.1.0.5:35463|dataStream:|priority:0], old=null, confs=<EMPTY_MAP>
2022-06-01 03:34:49,633 [pool-245-thread-1] INFO  server.RaftServerConfigKeys (ConfUtils.java:logGet(46)) - raft.server.storage.dir = [/home/runner/work/ozone/ozone/hadoop-ozone/integration-test/target/test-dir/MiniOzoneClusterImpl-1e64a523-1474-4f36-a74c-b9773adf1118/datanode-2/data/ratis] (custom)
2022-06-01 03:34:49,633 [pool-245-thread-1] INFO  server.RaftServerConfigKeys (ConfUtils.java:logGet(46)) - raft.server.log.corruption.policy = EXCEPTION (default)
2022-06-01 03:34:49,633 [pool-245-thread-1] INFO  server.RaftServerConfigKeys (ConfUtils.java:logGet(46)) - raft.server.storage.free-space.min = 0MB (=0) (default)
2022-06-01 03:34:49,633 [pool-245-thread-1] INFO  storage.RaftStorageDirectory (RaftStorageDirectoryImpl.java:analyzeStorage(135)) - The storage directory /home/runner/work/ozone/ozone/hadoop-ozone/integration-test/target/test-dir/MiniOzoneClusterImpl-1e64a523-1474-4f36-a74c-b9773adf1118/datanode-2/data/ratis/9ba8ef62-c6dc-4b24-9f64-e0b45dceebc7 does not exist. Creating ...
2022-06-01 03:34:49,634 [pool-245-thread-1] INFO  storage.RaftStorageDirectory (RaftStorageDirectoryImpl.java:tryLock(230)) - Lock on /home/runner/work/ozone/ozone/hadoop-ozone/integration-test/target/test-dir/MiniOzoneClusterImpl-1e64a523-1474-4f36-a74c-b9773adf1118/datanode-2/data/ratis/9ba8ef62-c6dc-4b24-9f64-e0b45dceebc7/in_use.lock acquired by nodename 14781@fv-az151-582
2022-06-01 03:34:49,638 [pool-245-thread-1] INFO  storage.RaftStorage (RaftStorageImpl.java:format(89)) - Storage directory /home/runner/work/ozone/ozone/hadoop-ozone/integration-test/target/test-dir/MiniOzoneClusterImpl-1e64a523-1474-4f36-a74c-b9773adf1118/datanode-2/data/ratis/9ba8ef62-c6dc-4b24-9f64-e0b45dceebc7 has been successfully formatted.
2022-06-01 03:34:49,643 [pool-245-thread-1] INFO  ratis.ContainerStateMachine (ContainerStateMachine.java:loadSnapshot(236)) - group-E0B45DCEEBC7: The snapshot info is null. Setting the last applied indexto:(t:0, i:~)
2022-06-01 03:34:49,643 [pool-245-thread-1] INFO  server.RaftServerConfigKeys (ConfUtils.java:logGet(46)) - raft.server.notification.no-leader.timeout = 300s (custom)
2022-06-01 03:34:49,643 [pool-245-thread-1] INFO  server.RaftServerConfigKeys (ConfUtils.java:logGet(46)) - raft.server.log.use.memory = false (default)
2022-06-01 03:34:49,643 [pool-245-thread-1] INFO  server.RaftServerConfigKeys (ConfUtils.java:logGet(46)) - raft.server.log.purge.gap = 1000000 (custom)
2022-06-01 03:34:49,643 [pool-245-thread-1] INFO  server.RaftServerConfigKeys (ConfUtils.java:logGet(46)) - raft.server.log.appender.buffer.byte-limit = 33554432 (custom)
2022-06-01 03:34:49,643 [pool-245-thread-1] INFO  server.RaftServerConfigKeys (ConfUtils.java:logGet(46)) - raft.server.log.statemachine.data.read.timeout = 1000ms (default)
2022-06-01 03:34:49,643 [pool-245-thread-1] INFO  server.RaftServerConfigKeys (ConfUtils.java:logGet(46)) - raft.server.log.segment.size.max = 1048576 (custom)
2022-06-01 03:34:49,644 [pool-245-thread-1] INFO  server.RaftServerConfigKeys (ConfUtils.java:logGet(46)) - raft.server.log.segment.cache.num.max = 2 (custom)
2022-06-01 03:34:49,644 [pool-245-thread-1] INFO  server.RaftServerConfigKeys (ConfUtils.java:logGet(46)) - raft.server.log.segment.cache.size.max = 200MB (=209715200) (default)
2022-06-01 03:34:49,644 [pool-245-thread-1] INFO  segmented.SegmentedRaftLogWorker (SegmentedRaftLogWorker.java:<init>(187)) - new 84edf777-a908-4fd1-ac59-ee76ae14fa63@group-E0B45DCEEBC7-SegmentedRaftLogWorker for RaftStorageImpl:Storage Directory /home/runner/work/ozone/ozone/hadoop-ozone/integration-test/target/test-dir/MiniOzoneClusterImpl-1e64a523-1474-4f36-a74c-b9773adf1118/datanode-2/data/ratis/9ba8ef62-c6dc-4b24-9f64-e0b45dceebc7
2022-06-01 03:34:49,644 [pool-245-thread-1] INFO  server.RaftServerConfigKeys (ConfUtils.java:logGet(46)) - raft.server.log.queue.byte-limit = 4294967296 (custom)
2022-06-01 03:34:49,644 [pool-245-thread-1] INFO  server.RaftServerConfigKeys (ConfUtils.java:logGet(46)) - raft.server.log.queue.element-limit = 1024 (custom)
2022-06-01 03:34:49,644 [pool-245-thread-1] INFO  server.RaftServerConfigKeys (ConfUtils.java:logGet(46)) - raft.server.log.segment.size.max = 1048576 (custom)
2022-06-01 03:34:49,644 [pool-245-thread-1] INFO  server.RaftServerConfigKeys (ConfUtils.java:logGet(46)) - raft.server.log.preallocated.size = 16384 (custom)
2022-06-01 03:34:49,644 [pool-245-thread-1] INFO  server.RaftServerConfigKeys (ConfUtils.java:logGet(46)) - raft.server.log.force.sync.num = 128 (default)
2022-06-01 03:34:49,644 [pool-245-thread-1] INFO  server.RaftServerConfigKeys (ConfUtils.java:logGet(46)) - raft.server.log.statemachine.data.sync = true (default)
2022-06-01 03:34:49,644 [pool-245-thread-1] INFO  server.RaftServerConfigKeys (ConfUtils.java:logGet(46)) - raft.server.log.statemachine.data.sync.timeout = 10s (default)
2022-06-01 03:34:49,644 [pool-245-thread-1] INFO  server.RaftServerConfigKeys (ConfUtils.java:logGet(46)) - raft.server.log.statemachine.data.sync.timeout.retry = -1 (default)
2022-06-01 03:34:49,645 [pool-245-thread-1] INFO  server.RaftServerConfigKeys (ConfUtils.java:logGet(46)) - raft.server.log.write.buffer.size = 1048576 (custom)
2022-06-01 03:34:49,646 [pool-245-thread-1] INFO  server.RaftServerConfigKeys (ConfUtils.java:logGet(46)) - raft.server.log.unsafe-flush.enabled = false (default)
2022-06-01 03:34:49,646 [pool-245-thread-1] INFO  server.RaftServerConfigKeys (ConfUtils.java:logGet(46)) - raft.server.log.statemachine.data.caching.enabled = true (custom)
2022-06-01 03:34:49,646 [pool-245-thread-1] INFO  segmented.SegmentedRaftLogWorker (SegmentedRaftLogWorker.java:lambda$new$0(135)) - 84edf777-a908-4fd1-ac59-ee76ae14fa63@group-E0B45DCEEBC7-SegmentedRaftLogWorker: flushIndex: setUnconditionally 0 -> -1
2022-06-01 03:34:49,646 [pool-245-thread-1] INFO  segmented.SegmentedRaftLogWorker (SegmentedRaftLogWorker.java:lambda$new$0(135)) - 84edf777-a908-4fd1-ac59-ee76ae14fa63@group-E0B45DCEEBC7-SegmentedRaftLogWorker: safeCacheEvictIndex: setUnconditionally 0 -> -1
2022-06-01 03:34:49,651 [pool-245-thread-1] INFO  server.RaftServerConfigKeys (ConfUtils.java:logGet(46)) - raft.server.snapshot.auto.trigger.enabled = true (custom)
2022-06-01 03:34:49,651 [pool-245-thread-1] INFO  server.RaftServerConfigKeys (ConfUtils.java:logGet(46)) - raft.server.snapshot.auto.trigger.threshold = 10000 (custom)
2022-06-01 03:34:49,651 [pool-245-thread-1] INFO  server.RaftServerConfigKeys (ConfUtils.java:logGet(46)) - raft.server.snapshot.retention.file.num = 5 (custom)
2022-06-01 03:34:49,651 [pool-245-thread-1] INFO  server.RaftServerConfigKeys (ConfUtils.java:logGet(46)) - raft.server.log.purge.upto.snapshot.index = false (default)
2022-06-01 03:34:49,651 [pool-245-thread-1] INFO  server.RaftServerConfigKeys (ConfUtils.java:logGet(46)) - raft.server.retrycache.expirytime = 600000ms (custom)
2022-06-01 03:34:49,651 [pool-245-thread-1] INFO  server.RaftServerConfigKeys (ConfUtils.java:logGet(46)) - raft.server.retrycache.statistics.expirytime = 100μs (default)
2022-06-01 03:34:49,656 [pool-245-thread-1] INFO  server.RaftServerConfigKeys (ConfUtils.java:logGet(46)) - raft.server.log.appender.install.snapshot.enabled = false (custom)
2022-06-01 03:34:49,656 [pool-245-thread-1] INFO  server.RaftServerConfigKeys (ConfUtils.java:logGet(46)) - raft.server.threadpool.server.cached = true (default)
2022-06-01 03:34:49,656 [pool-245-thread-1] INFO  server.RaftServerConfigKeys (ConfUtils.java:logGet(46)) - raft.server.threadpool.server.size = 0 (default)
2022-06-01 03:34:49,656 [pool-245-thread-1] INFO  server.RaftServerConfigKeys (ConfUtils.java:logGet(46)) - raft.server.threadpool.client.cached = true (default)
2022-06-01 03:34:49,656 [pool-245-thread-1] INFO  server.RaftServerConfigKeys (ConfUtils.java:logGet(46)) - raft.server.threadpool.client.size = 0 (default)
2022-06-01 03:34:49,656 [pool-245-thread-1] INFO  server.RaftServer$Division (RaftServerImpl.java:start(310)) - 84edf777-a908-4fd1-ac59-ee76ae14fa63@group-E0B45DCEEBC7: start as a follower, conf=-1: [b7a926ba-63da-42ce-ae6a-067e307d0a81|rpc:10.1.0.5:42167|dataStream:|priority:0, edc35c82-9122-45b9-884d-047213d7d1a1|rpc:10.1.0.5:41289|dataStream:|priority:1, 84edf777-a908-4fd1-ac59-ee76ae14fa63|rpc:10.1.0.5:35463|dataStream:|priority:0], old=null
2022-06-01 03:34:49,656 [pool-245-thread-1] INFO  server.RaftServer$Division (RaftServerImpl.java:setRole(299)) - 84edf777-a908-4fd1-ac59-ee76ae14fa63@group-E0B45DCEEBC7: changes role from      null to FOLLOWER at term 0 for startAsFollower
2022-06-01 03:34:49,656 [pool-245-thread-1] INFO  impl.RoleInfo (RoleInfo.java:updateAndGet(139)) - 84edf777-a908-4fd1-ac59-ee76ae14fa63: start 84edf777-a908-4fd1-ac59-ee76ae14fa63@group-E0B45DCEEBC7-FollowerState
2022-06-01 03:34:49,664 [pool-245-thread-1] INFO  util.JmxRegister (JmxRegister.java:tryRegister(44)) - Successfully registered JMX Bean with object name Ratis:service=RaftServer,group=group-E0B45DCEEBC7,id=84edf777-a908-4fd1-ac59-ee76ae14fa63
2022-06-01 03:34:49,692 [Command processor thread] INFO  commandhandler.CreatePipelineCommandHandler (CreatePipelineCommandHandler.java:handle(113)) - Created Pipeline RATIS THREE PipelineID=9ba8ef62-c6dc-4b24-9f64-e0b45dceebc7.
2022-06-01 03:34:49,692 [Command processor thread] INFO  server.RaftServer (RaftServerProxy.java:addNew(96)) - edc35c82-9122-45b9-884d-047213d7d1a1: addNew group-EAE2F5F200B3:[b7a926ba-63da-42ce-ae6a-067e307d0a81|rpc:10.1.0.5:42167|priority:0, edc35c82-9122-45b9-884d-047213d7d1a1|rpc:10.1.0.5:41289|priority:0, 84edf777-a908-4fd1-ac59-ee76ae14fa63|rpc:10.1.0.5:35463|priority:1] returns group-EAE2F5F200B3:java.util.concurrent.CompletableFuture@732f9fca[Not completed]
2022-06-01 03:34:49,693 [pool-201-thread-1] INFO  server.RaftServer$Division (RaftServerImpl.java:<init>(190)) - edc35c82-9122-45b9-884d-047213d7d1a1: new RaftServerImpl for group-EAE2F5F200B3:[b7a926ba-63da-42ce-ae6a-067e307d0a81|rpc:10.1.0.5:42167|priority:0, edc35c82-9122-45b9-884d-047213d7d1a1|rpc:10.1.0.5:41289|priority:0, 84edf777-a908-4fd1-ac59-ee76ae14fa63|rpc:10.1.0.5:35463|priority:1] with ContainerStateMachine:uninitialized
2022-06-01 03:34:49,693 [pool-201-thread-1] INFO  server.RaftServerConfigKeys (ConfUtils.java:logGet(46)) - raft.server.rpc.timeout.min = 5s (custom)
2022-06-01 03:34:49,693 [pool-201-thread-1] INFO  server.RaftServerConfigKeys (ConfUtils.java:logGet(46)) - raft.server.rpc.timeout.max = 5200ms (custom)
2022-06-01 03:34:49,693 [pool-201-thread-1] INFO  server.RaftServerConfigKeys (ConfUtils.java:logGet(46)) - raft.server.rpc.sleep.time = 25ms (default)
2022-06-01 03:34:49,693 [pool-201-thread-1] INFO  server.RaftServerConfigKeys (ConfUtils.java:logGet(46)) - raft.server.rpc.slowness.timeout = 300s (custom)
2022-06-01 03:34:49,693 [pool-201-thread-1] INFO  server.RaftServerConfigKeys (ConfUtils.java:logGet(46)) - raft.server.leaderelection.leader.step-down.wait-time = 10s (default)
2022-06-01 03:34:49,693 [pool-201-thread-1] INFO  server.RaftServerConfigKeys (ConfUtils.java:logGet(46)) - raft.server.sleep.deviation.threshold = 300ms (default)
2022-06-01 03:34:49,693 [pool-201-thread-1] INFO  server.RaftServer$Division (ServerState.java:<init>(107)) - edc35c82-9122-45b9-884d-047213d7d1a1@group-EAE2F5F200B3: ConfigurationManager, init=-1: [b7a926ba-63da-42ce-ae6a-067e307d0a81|rpc:10.1.0.5:42167|priority:0, edc35c82-9122-45b9-884d-047213d7d1a1|rpc:10.1.0.5:41289|priority:0, 84edf777-a908-4fd1-ac59-ee76ae14fa63|rpc:10.1.0.5:35463|priority:1], old=null, confs=<EMPTY_MAP>
2022-06-01 03:34:49,693 [pool-201-thread-1] INFO  server.RaftServerConfigKeys (ConfUtils.java:logGet(46)) - raft.server.storage.dir = [/home/runner/work/ozone/ozone/hadoop-ozone/integration-test/target/test-dir/MiniOzoneClusterImpl-1e64a523-1474-4f36-a74c-b9773adf1118/datanode-0/data/ratis] (custom)
2022-06-01 03:34:49,693 [pool-201-thread-1] INFO  server.RaftServerConfigKeys (ConfUtils.java:logGet(46)) - raft.server.log.corruption.policy = EXCEPTION (default)
2022-06-01 03:34:49,694 [pool-201-thread-1] INFO  server.RaftServerConfigKeys (ConfUtils.java:logGet(46)) - raft.server.storage.free-space.min = 0MB (=0) (default)
2022-06-01 03:34:49,694 [pool-201-thread-1] INFO  storage.RaftStorageDirectory (RaftStorageDirectoryImpl.java:analyzeStorage(135)) - The storage directory /home/runner/work/ozone/ozone/hadoop-ozone/integration-test/target/test-dir/MiniOzoneClusterImpl-1e64a523-1474-4f36-a74c-b9773adf1118/datanode-0/data/ratis/e2ac922b-dc52-401a-a66e-eae2f5f200b3 does not exist. Creating ...
2022-06-01 03:34:49,694 [pool-201-thread-1] INFO  storage.RaftStorageDirectory (RaftStorageDirectoryImpl.java:tryLock(230)) - Lock on /home/runner/work/ozone/ozone/hadoop-ozone/integration-test/target/test-dir/MiniOzoneClusterImpl-1e64a523-1474-4f36-a74c-b9773adf1118/datanode-0/data/ratis/e2ac922b-dc52-401a-a66e-eae2f5f200b3/in_use.lock acquired by nodename 14781@fv-az151-582
2022-06-01 03:34:49,695 [pool-201-thread-1] INFO  storage.RaftStorage (RaftStorageImpl.java:format(89)) - Storage directory /home/runner/work/ozone/ozone/hadoop-ozone/integration-test/target/test-dir/MiniOzoneClusterImpl-1e64a523-1474-4f36-a74c-b9773adf1118/datanode-0/data/ratis/e2ac922b-dc52-401a-a66e-eae2f5f200b3 has been successfully formatted.
2022-06-01 03:34:49,696 [pool-201-thread-1] INFO  ratis.ContainerStateMachine (ContainerStateMachine.java:loadSnapshot(236)) - group-EAE2F5F200B3: The snapshot info is null. Setting the last applied indexto:(t:0, i:~)
2022-06-01 03:34:49,696 [pool-201-thread-1] INFO  server.RaftServerConfigKeys (ConfUtils.java:logGet(46)) - raft.server.notification.no-leader.timeout = 300s (custom)
2022-06-01 03:34:49,697 [pool-201-thread-1] INFO  server.RaftServerConfigKeys (ConfUtils.java:logGet(46)) - raft.server.log.use.memory = false (default)
2022-06-01 03:34:49,697 [pool-201-thread-1] INFO  server.RaftServerConfigKeys (ConfUtils.java:logGet(46)) - raft.server.log.purge.gap = 1000000 (custom)
2022-06-01 03:34:49,697 [pool-201-thread-1] INFO  server.RaftServerConfigKeys (ConfUtils.java:logGet(46)) - raft.server.log.appender.buffer.byte-limit = 33554432 (custom)
2022-06-01 03:34:49,697 [pool-201-thread-1] INFO  server.RaftServerConfigKeys (ConfUtils.java:logGet(46)) - raft.server.log.statemachine.data.read.timeout = 1000ms (default)
2022-06-01 03:34:49,697 [EventQueue-OpenPipelineForHealthyPipelineSafeModeRule] INFO  safemode.SCMSafeModeManager (HealthyPipelineSafeModeRule.java:process(124)) - SCM in safe mode. Healthy pipelines reported count is 0, required healthy pipeline reported count is 1
2022-06-01 03:34:49,697 [pool-201-thread-1] INFO  server.RaftServerConfigKeys (ConfUtils.java:logGet(46)) - raft.server.log.segment.size.max = 1048576 (custom)
2022-06-01 03:34:49,698 [pool-201-thread-1] INFO  server.RaftServerConfigKeys (ConfUtils.java:logGet(46)) - raft.server.log.segment.cache.num.max = 2 (custom)
2022-06-01 03:34:49,698 [pool-201-thread-1] INFO  server.RaftServerConfigKeys (ConfUtils.java:logGet(46)) - raft.server.log.segment.cache.size.max = 200MB (=209715200) (default)
2022-06-01 03:34:49,698 [pool-201-thread-1] INFO  segmented.SegmentedRaftLogWorker (SegmentedRaftLogWorker.java:<init>(187)) - new edc35c82-9122-45b9-884d-047213d7d1a1@group-EAE2F5F200B3-SegmentedRaftLogWorker for RaftStorageImpl:Storage Directory /home/runner/work/ozone/ozone/hadoop-ozone/integration-test/target/test-dir/MiniOzoneClusterImpl-1e64a523-1474-4f36-a74c-b9773adf1118/datanode-0/data/ratis/e2ac922b-dc52-401a-a66e-eae2f5f200b3
2022-06-01 03:34:49,698 [pool-201-thread-1] INFO  server.RaftServerConfigKeys (ConfUtils.java:logGet(46)) - raft.server.log.queue.byte-limit = 4294967296 (custom)
2022-06-01 03:34:49,698 [pool-201-thread-1] INFO  server.RaftServerConfigKeys (ConfUtils.java:logGet(46)) - raft.server.log.queue.element-limit = 1024 (custom)
2022-06-01 03:34:49,698 [pool-201-thread-1] INFO  server.RaftServerConfigKeys (ConfUtils.java:logGet(46)) - raft.server.log.segment.size.max = 1048576 (custom)
2022-06-01 03:34:49,698 [pool-201-thread-1] INFO  server.RaftServerConfigKeys (ConfUtils.java:logGet(46)) - raft.server.log.preallocated.size = 16384 (custom)
2022-06-01 03:34:49,698 [pool-201-thread-1] INFO  server.RaftServerConfigKeys (ConfUtils.java:logGet(46)) - raft.server.log.force.sync.num = 128 (default)
2022-06-01 03:34:49,698 [pool-201-thread-1] INFO  server.RaftServerConfigKeys (ConfUtils.java:logGet(46)) - raft.server.log.statemachine.data.sync = true (default)
2022-06-01 03:34:49,698 [pool-201-thread-1] INFO  server.RaftServerConfigKeys (ConfUtils.java:logGet(46)) - raft.server.log.statemachine.data.sync.timeout = 10s (default)
2022-06-01 03:34:49,698 [pool-201-thread-1] INFO  server.RaftServerConfigKeys (ConfUtils.java:logGet(46)) - raft.server.log.statemachine.data.sync.timeout.retry = -1 (default)
2022-06-01 03:34:49,699 [pool-201-thread-1] INFO  server.RaftServerConfigKeys (ConfUtils.java:logGet(46)) - raft.server.log.write.buffer.size = 1048576 (custom)
2022-06-01 03:34:49,699 [pool-201-thread-1] INFO  server.RaftServerConfigKeys (ConfUtils.java:logGet(46)) - raft.server.log.unsafe-flush.enabled = false (default)
2022-06-01 03:34:49,699 [pool-201-thread-1] INFO  server.RaftServerConfigKeys (ConfUtils.java:logGet(46)) - raft.server.log.statemachine.data.caching.enabled = true (custom)
2022-06-01 03:34:49,700 [pool-201-thread-1] INFO  segmented.SegmentedRaftLogWorker (SegmentedRaftLogWorker.java:lambda$new$0(135)) - edc35c82-9122-45b9-884d-047213d7d1a1@group-EAE2F5F200B3-SegmentedRaftLogWorker: flushIndex: setUnconditionally 0 -> -1
2022-06-01 03:34:49,700 [pool-201-thread-1] INFO  segmented.SegmentedRaftLogWorker (SegmentedRaftLogWorker.java:lambda$new$0(135)) - edc35c82-9122-45b9-884d-047213d7d1a1@group-EAE2F5F200B3-SegmentedRaftLogWorker: safeCacheEvictIndex: setUnconditionally 0 -> -1
2022-06-01 03:34:49,717 [pool-201-thread-1] INFO  server.RaftServerConfigKeys (ConfUtils.java:logGet(46)) - raft.server.snapshot.auto.trigger.enabled = true (custom)
2022-06-01 03:34:49,717 [pool-201-thread-1] INFO  server.RaftServerConfigKeys (ConfUtils.java:logGet(46)) - raft.server.snapshot.auto.trigger.threshold = 10000 (custom)
2022-06-01 03:34:49,717 [pool-201-thread-1] INFO  server.RaftServerConfigKeys (ConfUtils.java:logGet(46)) - raft.server.snapshot.retention.file.num = 5 (custom)
2022-06-01 03:34:49,717 [pool-201-thread-1] INFO  server.RaftServerConfigKeys (ConfUtils.java:logGet(46)) - raft.server.log.purge.upto.snapshot.index = false (default)
2022-06-01 03:34:49,717 [pool-201-thread-1] INFO  server.RaftServerConfigKeys (ConfUtils.java:logGet(46)) - raft.server.retrycache.expirytime = 600000ms (custom)
2022-06-01 03:34:49,717 [pool-201-thread-1] INFO  server.RaftServerConfigKeys (ConfUtils.java:logGet(46)) - raft.server.retrycache.statistics.expirytime = 100μs (default)
2022-06-01 03:34:49,720 [pool-201-thread-1] INFO  server.RaftServerConfigKeys (ConfUtils.java:logGet(46)) - raft.server.log.appender.install.snapshot.enabled = false (custom)
2022-06-01 03:34:49,720 [pool-201-thread-1] INFO  server.RaftServerConfigKeys (ConfUtils.java:logGet(46)) - raft.server.threadpool.server.cached = true (default)
2022-06-01 03:34:49,720 [pool-201-thread-1] INFO  server.RaftServerConfigKeys (ConfUtils.java:logGet(46)) - raft.server.threadpool.server.size = 0 (default)
2022-06-01 03:34:49,722 [pool-201-thread-1] INFO  server.RaftServerConfigKeys (ConfUtils.java:logGet(46)) - raft.server.threadpool.client.cached = true (default)
2022-06-01 03:34:49,723 [pool-201-thread-1] INFO  server.RaftServerConfigKeys (ConfUtils.java:logGet(46)) - raft.server.threadpool.client.size = 0 (default)
2022-06-01 03:34:49,723 [pool-201-thread-1] INFO  server.RaftServer$Division (RaftServerImpl.java:start(310)) - edc35c82-9122-45b9-884d-047213d7d1a1@group-EAE2F5F200B3: start as a follower, conf=-1: [b7a926ba-63da-42ce-ae6a-067e307d0a81|rpc:10.1.0.5:42167|priority:0, edc35c82-9122-45b9-884d-047213d7d1a1|rpc:10.1.0.5:41289|priority:0, 84edf777-a908-4fd1-ac59-ee76ae14fa63|rpc:10.1.0.5:35463|priority:1], old=null
2022-06-01 03:34:49,723 [pool-201-thread-1] INFO  server.RaftServer$Division (RaftServerImpl.java:setRole(299)) - edc35c82-9122-45b9-884d-047213d7d1a1@group-EAE2F5F200B3: changes role from      null to FOLLOWER at term 0 for startAsFollower
2022-06-01 03:34:49,723 [pool-201-thread-1] INFO  impl.RoleInfo (RoleInfo.java:updateAndGet(139)) - edc35c82-9122-45b9-884d-047213d7d1a1: start edc35c82-9122-45b9-884d-047213d7d1a1@group-EAE2F5F200B3-FollowerState
2022-06-01 03:34:49,723 [pool-201-thread-1] INFO  util.JmxRegister (JmxRegister.java:tryRegister(44)) - Successfully registered JMX Bean with object name Ratis:service=RaftServer,group=group-EAE2F5F200B3,id=edc35c82-9122-45b9-884d-047213d7d1a1
2022-06-01 03:34:49,726 [Command processor thread] INFO  ratis.XceiverServerRatis (XceiverServerRatis.java:addGroup(765)) - Created group PipelineID=e2ac922b-dc52-401a-a66e-eae2f5f200b3
2022-06-01 03:34:49,784 [grpc-default-executor-0] INFO  server.RaftServer (RaftServerProxy.java:addNew(96)) - b7a926ba-63da-42ce-ae6a-067e307d0a81: addNew group-EAE2F5F200B3:[b7a926ba-63da-42ce-ae6a-067e307d0a81|rpc:10.1.0.5:42167|dataStream:|priority:0, edc35c82-9122-45b9-884d-047213d7d1a1|rpc:10.1.0.5:41289|dataStream:|priority:0, 84edf777-a908-4fd1-ac59-ee76ae14fa63|rpc:10.1.0.5:35463|dataStream:|priority:1] returns group-EAE2F5F200B3:java.util.concurrent.CompletableFuture@44acab75[Not completed]
2022-06-01 03:34:49,796 [pool-223-thread-1] INFO  server.RaftServer$Division (RaftServerImpl.java:<init>(190)) - b7a926ba-63da-42ce-ae6a-067e307d0a81: new RaftServerImpl for group-EAE2F5F200B3:[b7a926ba-63da-42ce-ae6a-067e307d0a81|rpc:10.1.0.5:42167|dataStream:|priority:0, edc35c82-9122-45b9-884d-047213d7d1a1|rpc:10.1.0.5:41289|dataStream:|priority:0, 84edf777-a908-4fd1-ac59-ee76ae14fa63|rpc:10.1.0.5:35463|dataStream:|priority:1] with ContainerStateMachine:uninitialized
2022-06-01 03:34:49,796 [pool-223-thread-1] INFO  server.RaftServerConfigKeys (ConfUtils.java:logGet(46)) - raft.server.rpc.timeout.min = 5s (custom)
2022-06-01 03:34:49,796 [pool-223-thread-1] INFO  server.RaftServerConfigKeys (ConfUtils.java:logGet(46)) - raft.server.rpc.timeout.max = 5200ms (custom)
2022-06-01 03:34:49,796 [pool-223-thread-1] INFO  server.RaftServerConfigKeys (ConfUtils.java:logGet(46)) - raft.server.rpc.sleep.time = 25ms (default)
2022-06-01 03:34:49,796 [pool-223-thread-1] INFO  server.RaftServerConfigKeys (ConfUtils.java:logGet(46)) - raft.server.rpc.slowness.timeout = 300s (custom)
2022-06-01 03:34:49,796 [pool-223-thread-1] INFO  server.RaftServerConfigKeys (ConfUtils.java:logGet(46)) - raft.server.leaderelection.leader.step-down.wait-time = 10s (default)
2022-06-01 03:34:49,796 [pool-223-thread-1] INFO  server.RaftServerConfigKeys (ConfUtils.java:logGet(46)) - raft.server.sleep.deviation.threshold = 300ms (default)
2022-06-01 03:34:49,797 [pool-223-thread-1] INFO  server.RaftServer$Division (ServerState.java:<init>(107)) - b7a926ba-63da-42ce-ae6a-067e307d0a81@group-EAE2F5F200B3: ConfigurationManager, init=-1: [b7a926ba-63da-42ce-ae6a-067e307d0a81|rpc:10.1.0.5:42167|dataStream:|priority:0, edc35c82-9122-45b9-884d-047213d7d1a1|rpc:10.1.0.5:41289|dataStream:|priority:0, 84edf777-a908-4fd1-ac59-ee76ae14fa63|rpc:10.1.0.5:35463|dataStream:|priority:1], old=null, confs=<EMPTY_MAP>
2022-06-01 03:34:49,797 [pool-223-thread-1] INFO  server.RaftServerConfigKeys (ConfUtils.java:logGet(46)) - raft.server.storage.dir = [/home/runner/work/ozone/ozone/hadoop-ozone/integration-test/target/test-dir/MiniOzoneClusterImpl-1e64a523-1474-4f36-a74c-b9773adf1118/datanode-1/data/ratis] (custom)
2022-06-01 03:34:49,797 [pool-223-thread-1] INFO  server.RaftServerConfigKeys (ConfUtils.java:logGet(46)) - raft.server.log.corruption.policy = EXCEPTION (default)
2022-06-01 03:34:49,797 [pool-223-thread-1] INFO  server.RaftServerConfigKeys (ConfUtils.java:logGet(46)) - raft.server.storage.free-space.min = 0MB (=0) (default)
2022-06-01 03:34:49,797 [pool-223-thread-1] INFO  storage.RaftStorageDirectory (RaftStorageDirectoryImpl.java:analyzeStorage(135)) - The storage directory /home/runner/work/ozone/ozone/hadoop-ozone/integration-test/target/test-dir/MiniOzoneClusterImpl-1e64a523-1474-4f36-a74c-b9773adf1118/datanode-1/data/ratis/e2ac922b-dc52-401a-a66e-eae2f5f200b3 does not exist. Creating ...
2022-06-01 03:34:49,798 [pool-223-thread-1] INFO  storage.RaftStorageDirectory (RaftStorageDirectoryImpl.java:tryLock(230)) - Lock on /home/runner/work/ozone/ozone/hadoop-ozone/integration-test/target/test-dir/MiniOzoneClusterImpl-1e64a523-1474-4f36-a74c-b9773adf1118/datanode-1/data/ratis/e2ac922b-dc52-401a-a66e-eae2f5f200b3/in_use.lock acquired by nodename 14781@fv-az151-582
2022-06-01 03:34:49,799 [pool-223-thread-1] INFO  storage.RaftStorage (RaftStorageImpl.java:format(89)) - Storage directory /home/runner/work/ozone/ozone/hadoop-ozone/integration-test/target/test-dir/MiniOzoneClusterImpl-1e64a523-1474-4f36-a74c-b9773adf1118/datanode-1/data/ratis/e2ac922b-dc52-401a-a66e-eae2f5f200b3 has been successfully formatted.
2022-06-01 03:34:49,800 [pool-223-thread-1] INFO  ratis.ContainerStateMachine (ContainerStateMachine.java:loadSnapshot(236)) - group-EAE2F5F200B3: The snapshot info is null. Setting the last applied indexto:(t:0, i:~)
2022-06-01 03:34:49,800 [pool-223-thread-1] INFO  server.RaftServerConfigKeys (ConfUtils.java:logGet(46)) - raft.server.notification.no-leader.timeout = 300s (custom)
2022-06-01 03:34:49,801 [pool-223-thread-1] INFO  server.RaftServerConfigKeys (ConfUtils.java:logGet(46)) - raft.server.log.use.memory = false (default)
2022-06-01 03:34:49,801 [pool-223-thread-1] INFO  server.RaftServerConfigKeys (ConfUtils.java:logGet(46)) - raft.server.log.purge.gap = 1000000 (custom)
2022-06-01 03:34:49,801 [pool-223-thread-1] INFO  server.RaftServerConfigKeys (ConfUtils.java:logGet(46)) - raft.server.log.appender.buffer.byte-limit = 33554432 (custom)
2022-06-01 03:34:49,801 [pool-223-thread-1] INFO  server.RaftServerConfigKeys (ConfUtils.java:logGet(46)) - raft.server.log.statemachine.data.read.timeout = 1000ms (default)
2022-06-01 03:34:49,801 [pool-223-thread-1] INFO  server.RaftServerConfigKeys (ConfUtils.java:logGet(46)) - raft.server.log.segment.size.max = 1048576 (custom)
2022-06-01 03:34:49,801 [pool-223-thread-1] INFO  server.RaftServerConfigKeys (ConfUtils.java:logGet(46)) - raft.server.log.segment.cache.num.max = 2 (custom)
2022-06-01 03:34:49,801 [pool-223-thread-1] INFO  server.RaftServerConfigKeys (ConfUtils.java:logGet(46)) - raft.server.log.segment.cache.size.max = 200MB (=209715200) (default)
2022-06-01 03:34:49,801 [pool-223-thread-1] INFO  segmented.SegmentedRaftLogWorker (SegmentedRaftLogWorker.java:<init>(187)) - new b7a926ba-63da-42ce-ae6a-067e307d0a81@group-EAE2F5F200B3-SegmentedRaftLogWorker for RaftStorageImpl:Storage Directory /home/runner/work/ozone/ozone/hadoop-ozone/integration-test/target/test-dir/MiniOzoneClusterImpl-1e64a523-1474-4f36-a74c-b9773adf1118/datanode-1/data/ratis/e2ac922b-dc52-401a-a66e-eae2f5f200b3
2022-06-01 03:34:49,801 [pool-223-thread-1] INFO  server.RaftServerConfigKeys (ConfUtils.java:logGet(46)) - raft.server.log.queue.byte-limit = 4294967296 (custom)
2022-06-01 03:34:49,801 [pool-223-thread-1] INFO  server.RaftServerConfigKeys (ConfUtils.java:logGet(46)) - raft.server.log.queue.element-limit = 1024 (custom)
2022-06-01 03:34:49,801 [pool-223-thread-1] INFO  server.RaftServerConfigKeys (ConfUtils.java:logGet(46)) - raft.server.log.segment.size.max = 1048576 (custom)
2022-06-01 03:34:49,801 [pool-223-thread-1] INFO  server.RaftServerConfigKeys (ConfUtils.java:logGet(46)) - raft.server.log.preallocated.size = 16384 (custom)
2022-06-01 03:34:49,802 [pool-223-thread-1] INFO  server.RaftServerConfigKeys (ConfUtils.java:logGet(46)) - raft.server.log.force.sync.num = 128 (default)
2022-06-01 03:34:49,802 [pool-223-thread-1] INFO  server.RaftServerConfigKeys (ConfUtils.java:logGet(46)) - raft.server.log.statemachine.data.sync = true (default)
2022-06-01 03:34:49,802 [pool-223-thread-1] INFO  server.RaftServerConfigKeys (ConfUtils.java:logGet(46)) - raft.server.log.statemachine.data.sync.timeout = 10s (default)
2022-06-01 03:34:49,802 [pool-223-thread-1] INFO  server.RaftServerConfigKeys (ConfUtils.java:logGet(46)) - raft.server.log.statemachine.data.sync.timeout.retry = -1 (default)
2022-06-01 03:34:49,802 [pool-223-thread-1] INFO  server.RaftServerConfigKeys (ConfUtils.java:logGet(46)) - raft.server.log.write.buffer.size = 1048576 (custom)
2022-06-01 03:34:49,806 [pool-223-thread-1] INFO  server.RaftServerConfigKeys (ConfUtils.java:logGet(46)) - raft.server.log.unsafe-flush.enabled = false (default)
2022-06-01 03:34:49,806 [pool-223-thread-1] INFO  server.RaftServerConfigKeys (ConfUtils.java:logGet(46)) - raft.server.log.statemachine.data.caching.enabled = true (custom)
2022-06-01 03:34:49,806 [pool-223-thread-1] INFO  segmented.SegmentedRaftLogWorker (SegmentedRaftLogWorker.java:lambda$new$0(135)) - b7a926ba-63da-42ce-ae6a-067e307d0a81@group-EAE2F5F200B3-SegmentedRaftLogWorker: flushIndex: setUnconditionally 0 -> -1
2022-06-01 03:34:49,806 [pool-223-thread-1] INFO  segmented.SegmentedRaftLogWorker (SegmentedRaftLogWorker.java:lambda$new$0(135)) - b7a926ba-63da-42ce-ae6a-067e307d0a81@group-EAE2F5F200B3-SegmentedRaftLogWorker: safeCacheEvictIndex: setUnconditionally 0 -> -1
2022-06-01 03:34:49,808 [pool-223-thread-1] INFO  server.RaftServerConfigKeys (ConfUtils.java:logGet(46)) - raft.server.snapshot.auto.trigger.enabled = true (custom)
2022-06-01 03:34:49,808 [pool-223-thread-1] INFO  server.RaftServerConfigKeys (ConfUtils.java:logGet(46)) - raft.server.snapshot.auto.trigger.threshold = 10000 (custom)
2022-06-01 03:34:49,808 [pool-223-thread-1] INFO  server.RaftServerConfigKeys (ConfUtils.java:logGet(46)) - raft.server.snapshot.retention.file.num = 5 (custom)
2022-06-01 03:34:49,808 [pool-223-thread-1] INFO  server.RaftServerConfigKeys (ConfUtils.java:logGet(46)) - raft.server.log.purge.upto.snapshot.index = false (default)
2022-06-01 03:34:49,808 [pool-223-thread-1] INFO  server.RaftServerConfigKeys (ConfUtils.java:logGet(46)) - raft.server.retrycache.expirytime = 600000ms (custom)
2022-06-01 03:34:49,808 [pool-223-thread-1] INFO  server.RaftServerConfigKeys (ConfUtils.java:logGet(46)) - raft.server.retrycache.statistics.expirytime = 100μs (default)
2022-06-01 03:34:49,809 [pool-223-thread-1] INFO  server.RaftServerConfigKeys (ConfUtils.java:logGet(46)) - raft.server.log.appender.install.snapshot.enabled = false (custom)
2022-06-01 03:34:49,809 [pool-223-thread-1] INFO  server.RaftServerConfigKeys (ConfUtils.java:logGet(46)) - raft.server.threadpool.server.cached = true (default)
2022-06-01 03:34:49,809 [pool-223-thread-1] INFO  server.RaftServerConfigKeys (ConfUtils.java:logGet(46)) - raft.server.threadpool.server.size = 0 (default)
2022-06-01 03:34:49,809 [pool-223-thread-1] INFO  server.RaftServerConfigKeys (ConfUtils.java:logGet(46)) - raft.server.threadpool.client.cached = true (default)
2022-06-01 03:34:49,809 [pool-223-thread-1] INFO  server.RaftServerConfigKeys (ConfUtils.java:logGet(46)) - raft.server.threadpool.client.size = 0 (default)
2022-06-01 03:34:49,809 [pool-223-thread-1] INFO  server.RaftServer$Division (RaftServerImpl.java:start(310)) - b7a926ba-63da-42ce-ae6a-067e307d0a81@group-EAE2F5F200B3: start as a follower, conf=-1: [b7a926ba-63da-42ce-ae6a-067e307d0a81|rpc:10.1.0.5:42167|dataStream:|priority:0, edc35c82-9122-45b9-884d-047213d7d1a1|rpc:10.1.0.5:41289|dataStream:|priority:0, 84edf777-a908-4fd1-ac59-ee76ae14fa63|rpc:10.1.0.5:35463|dataStream:|priority:1], old=null
2022-06-01 03:34:49,809 [pool-223-thread-1] INFO  server.RaftServer$Division (RaftServerImpl.java:setRole(299)) - b7a926ba-63da-42ce-ae6a-067e307d0a81@group-EAE2F5F200B3: changes role from      null to FOLLOWER at term 0 for startAsFollower
2022-06-01 03:34:49,809 [pool-223-thread-1] INFO  impl.RoleInfo (RoleInfo.java:updateAndGet(139)) - b7a926ba-63da-42ce-ae6a-067e307d0a81: start b7a926ba-63da-42ce-ae6a-067e307d0a81@group-EAE2F5F200B3-FollowerState
2022-06-01 03:34:49,812 [pool-223-thread-1] INFO  util.JmxRegister (JmxRegister.java:tryRegister(44)) - Successfully registered JMX Bean with object name Ratis:service=RaftServer,group=group-EAE2F5F200B3,id=b7a926ba-63da-42ce-ae6a-067e307d0a81
2022-06-01 03:34:49,837 [grpc-default-executor-0] INFO  server.RaftServer (RaftServerProxy.java:addNew(96)) - 84edf777-a908-4fd1-ac59-ee76ae14fa63: addNew group-EAE2F5F200B3:[b7a926ba-63da-42ce-ae6a-067e307d0a81|rpc:10.1.0.5:42167|dataStream:|priority:0, edc35c82-9122-45b9-884d-047213d7d1a1|rpc:10.1.0.5:41289|dataStream:|priority:0, 84edf777-a908-4fd1-ac59-ee76ae14fa63|rpc:10.1.0.5:35463|dataStream:|priority:1] returns group-EAE2F5F200B3:java.util.concurrent.CompletableFuture@60aa2e60[Not completed]
2022-06-01 03:34:49,838 [pool-245-thread-1] INFO  server.RaftServer$Division (RaftServerImpl.java:<init>(190)) - 84edf777-a908-4fd1-ac59-ee76ae14fa63: new RaftServerImpl for group-EAE2F5F200B3:[b7a926ba-63da-42ce-ae6a-067e307d0a81|rpc:10.1.0.5:42167|dataStream:|priority:0, edc35c82-9122-45b9-884d-047213d7d1a1|rpc:10.1.0.5:41289|dataStream:|priority:0, 84edf777-a908-4fd1-ac59-ee76ae14fa63|rpc:10.1.0.5:35463|dataStream:|priority:1] with ContainerStateMachine:uninitialized
2022-06-01 03:34:49,838 [pool-245-thread-1] INFO  server.RaftServerConfigKeys (ConfUtils.java:logGet(46)) - raft.server.rpc.timeout.min = 5s (custom)
2022-06-01 03:34:49,838 [pool-245-thread-1] INFO  server.RaftServerConfigKeys (ConfUtils.java:logGet(46)) - raft.server.rpc.timeout.max = 5200ms (custom)
2022-06-01 03:34:49,838 [pool-245-thread-1] INFO  server.RaftServerConfigKeys (ConfUtils.java:logGet(46)) - raft.server.rpc.sleep.time = 25ms (default)
2022-06-01 03:34:49,838 [pool-245-thread-1] INFO  server.RaftServerConfigKeys (ConfUtils.java:logGet(46)) - raft.server.rpc.slowness.timeout = 300s (custom)
2022-06-01 03:34:49,838 [pool-245-thread-1] INFO  server.RaftServerConfigKeys (ConfUtils.java:logGet(46)) - raft.server.leaderelection.leader.step-down.wait-time = 10s (default)
2022-06-01 03:34:49,838 [pool-245-thread-1] INFO  server.RaftServerConfigKeys (ConfUtils.java:logGet(46)) - raft.server.sleep.deviation.threshold = 300ms (default)
2022-06-01 03:34:49,838 [pool-245-thread-1] INFO  server.RaftServer$Division (ServerState.java:<init>(107)) - 84edf777-a908-4fd1-ac59-ee76ae14fa63@group-EAE2F5F200B3: ConfigurationManager, init=-1: [b7a926ba-63da-42ce-ae6a-067e307d0a81|rpc:10.1.0.5:42167|dataStream:|priority:0, edc35c82-9122-45b9-884d-047213d7d1a1|rpc:10.1.0.5:41289|dataStream:|priority:0, 84edf777-a908-4fd1-ac59-ee76ae14fa63|rpc:10.1.0.5:35463|dataStream:|priority:1], old=null, confs=<EMPTY_MAP>
2022-06-01 03:34:49,838 [pool-245-thread-1] INFO  server.RaftServerConfigKeys (ConfUtils.java:logGet(46)) - raft.server.storage.dir = [/home/runner/work/ozone/ozone/hadoop-ozone/integration-test/target/test-dir/MiniOzoneClusterImpl-1e64a523-1474-4f36-a74c-b9773adf1118/datanode-2/data/ratis] (custom)
2022-06-01 03:34:49,838 [pool-245-thread-1] INFO  server.RaftServerConfigKeys (ConfUtils.java:logGet(46)) - raft.server.log.corruption.policy = EXCEPTION (default)
2022-06-01 03:34:49,838 [pool-245-thread-1] INFO  server.RaftServerConfigKeys (ConfUtils.java:logGet(46)) - raft.server.storage.free-space.min = 0MB (=0) (default)
2022-06-01 03:34:49,838 [pool-245-thread-1] INFO  storage.RaftStorageDirectory (RaftStorageDirectoryImpl.java:analyzeStorage(135)) - The storage directory /home/runner/work/ozone/ozone/hadoop-ozone/integration-test/target/test-dir/MiniOzoneClusterImpl-1e64a523-1474-4f36-a74c-b9773adf1118/datanode-2/data/ratis/e2ac922b-dc52-401a-a66e-eae2f5f200b3 does not exist. Creating ...
2022-06-01 03:34:49,839 [pool-245-thread-1] INFO  storage.RaftStorageDirectory (RaftStorageDirectoryImpl.java:tryLock(230)) - Lock on /home/runner/work/ozone/ozone/hadoop-ozone/integration-test/target/test-dir/MiniOzoneClusterImpl-1e64a523-1474-4f36-a74c-b9773adf1118/datanode-2/data/ratis/e2ac922b-dc52-401a-a66e-eae2f5f200b3/in_use.lock acquired by nodename 14781@fv-az151-582
2022-06-01 03:34:49,840 [pool-245-thread-1] INFO  storage.RaftStorage (RaftStorageImpl.java:format(89)) - Storage directory /home/runner/work/ozone/ozone/hadoop-ozone/integration-test/target/test-dir/MiniOzoneClusterImpl-1e64a523-1474-4f36-a74c-b9773adf1118/datanode-2/data/ratis/e2ac922b-dc52-401a-a66e-eae2f5f200b3 has been successfully formatted.
2022-06-01 03:34:49,842 [pool-245-thread-1] INFO  ratis.ContainerStateMachine (ContainerStateMachine.java:loadSnapshot(236)) - group-EAE2F5F200B3: The snapshot info is null. Setting the last applied indexto:(t:0, i:~)
2022-06-01 03:34:49,842 [pool-245-thread-1] INFO  server.RaftServerConfigKeys (ConfUtils.java:logGet(46)) - raft.server.notification.no-leader.timeout = 300s (custom)
2022-06-01 03:34:49,842 [pool-245-thread-1] INFO  server.RaftServerConfigKeys (ConfUtils.java:logGet(46)) - raft.server.log.use.memory = false (default)
2022-06-01 03:34:49,842 [pool-245-thread-1] INFO  server.RaftServerConfigKeys (ConfUtils.java:logGet(46)) - raft.server.log.purge.gap = 1000000 (custom)
2022-06-01 03:34:49,842 [pool-245-thread-1] INFO  server.RaftServerConfigKeys (ConfUtils.java:logGet(46)) - raft.server.log.appender.buffer.byte-limit = 33554432 (custom)
2022-06-01 03:34:49,842 [pool-245-thread-1] INFO  server.RaftServerConfigKeys (ConfUtils.java:logGet(46)) - raft.server.log.statemachine.data.read.timeout = 1000ms (default)
2022-06-01 03:34:49,842 [pool-245-thread-1] INFO  server.RaftServerConfigKeys (ConfUtils.java:logGet(46)) - raft.server.log.segment.size.max = 1048576 (custom)
2022-06-01 03:34:49,843 [pool-245-thread-1] INFO  server.RaftServerConfigKeys (ConfUtils.java:logGet(46)) - raft.server.log.segment.cache.num.max = 2 (custom)
2022-06-01 03:34:49,843 [pool-245-thread-1] INFO  server.RaftServerConfigKeys (ConfUtils.java:logGet(46)) - raft.server.log.segment.cache.size.max = 200MB (=209715200) (default)
2022-06-01 03:34:49,843 [pool-245-thread-1] INFO  segmented.SegmentedRaftLogWorker (SegmentedRaftLogWorker.java:<init>(187)) - new 84edf777-a908-4fd1-ac59-ee76ae14fa63@group-EAE2F5F200B3-SegmentedRaftLogWorker for RaftStorageImpl:Storage Directory /home/runner/work/ozone/ozone/hadoop-ozone/integration-test/target/test-dir/MiniOzoneClusterImpl-1e64a523-1474-4f36-a74c-b9773adf1118/datanode-2/data/ratis/e2ac922b-dc52-401a-a66e-eae2f5f200b3
2022-06-01 03:34:49,843 [pool-245-thread-1] INFO  server.RaftServerConfigKeys (ConfUtils.java:logGet(46)) - raft.server.log.queue.byte-limit = 4294967296 (custom)
2022-06-01 03:34:49,843 [pool-245-thread-1] INFO  server.RaftServerConfigKeys (ConfUtils.java:logGet(46)) - raft.server.log.queue.element-limit = 1024 (custom)
2022-06-01 03:34:49,843 [pool-245-thread-1] INFO  server.RaftServerConfigKeys (ConfUtils.java:logGet(46)) - raft.server.log.segment.size.max = 1048576 (custom)
2022-06-01 03:34:49,843 [pool-245-thread-1] INFO  server.RaftServerConfigKeys (ConfUtils.java:logGet(46)) - raft.server.log.preallocated.size = 16384 (custom)
2022-06-01 03:34:49,843 [pool-245-thread-1] INFO  server.RaftServerConfigKeys (ConfUtils.java:logGet(46)) - raft.server.log.force.sync.num = 128 (default)
2022-06-01 03:34:49,843 [pool-245-thread-1] INFO  server.RaftServerConfigKeys (ConfUtils.java:logGet(46)) - raft.server.log.statemachine.data.sync = true (default)
2022-06-01 03:34:49,843 [pool-245-thread-1] INFO  server.RaftServerConfigKeys (ConfUtils.java:logGet(46)) - raft.server.log.statemachine.data.sync.timeout = 10s (default)
2022-06-01 03:34:49,843 [pool-245-thread-1] INFO  server.RaftServerConfigKeys (ConfUtils.java:logGet(46)) - raft.server.log.statemachine.data.sync.timeout.retry = -1 (default)
2022-06-01 03:34:49,844 [pool-245-thread-1] INFO  server.RaftServerConfigKeys (ConfUtils.java:logGet(46)) - raft.server.log.write.buffer.size = 1048576 (custom)
2022-06-01 03:34:49,845 [pool-245-thread-1] INFO  server.RaftServerConfigKeys (ConfUtils.java:logGet(46)) - raft.server.log.unsafe-flush.enabled = false (default)
2022-06-01 03:34:49,845 [pool-245-thread-1] INFO  server.RaftServerConfigKeys (ConfUtils.java:logGet(46)) - raft.server.log.statemachine.data.caching.enabled = true (custom)
2022-06-01 03:34:49,845 [pool-245-thread-1] INFO  segmented.SegmentedRaftLogWorker (SegmentedRaftLogWorker.java:lambda$new$0(135)) - 84edf777-a908-4fd1-ac59-ee76ae14fa63@group-EAE2F5F200B3-SegmentedRaftLogWorker: flushIndex: setUnconditionally 0 -> -1
2022-06-01 03:34:49,845 [pool-245-thread-1] INFO  segmented.SegmentedRaftLogWorker (SegmentedRaftLogWorker.java:lambda$new$0(135)) - 84edf777-a908-4fd1-ac59-ee76ae14fa63@group-EAE2F5F200B3-SegmentedRaftLogWorker: safeCacheEvictIndex: setUnconditionally 0 -> -1
2022-06-01 03:34:49,847 [pool-245-thread-1] INFO  server.RaftServerConfigKeys (ConfUtils.java:logGet(46)) - raft.server.snapshot.auto.trigger.enabled = true (custom)
2022-06-01 03:34:49,852 [pool-245-thread-1] INFO  server.RaftServerConfigKeys (ConfUtils.java:logGet(46)) - raft.server.snapshot.auto.trigger.threshold = 10000 (custom)
2022-06-01 03:34:49,852 [pool-245-thread-1] INFO  server.RaftServerConfigKeys (ConfUtils.java:logGet(46)) - raft.server.snapshot.retention.file.num = 5 (custom)
2022-06-01 03:34:49,852 [pool-245-thread-1] INFO  server.RaftServerConfigKeys (ConfUtils.java:logGet(46)) - raft.server.log.purge.upto.snapshot.index = false (default)
2022-06-01 03:34:49,852 [pool-245-thread-1] INFO  server.RaftServerConfigKeys (ConfUtils.java:logGet(46)) - raft.server.retrycache.expirytime = 600000ms (custom)
2022-06-01 03:34:49,852 [pool-245-thread-1] INFO  server.RaftServerConfigKeys (ConfUtils.java:logGet(46)) - raft.server.retrycache.statistics.expirytime = 100μs (default)
2022-06-01 03:34:49,853 [pool-245-thread-1] INFO  server.RaftServerConfigKeys (ConfUtils.java:logGet(46)) - raft.server.log.appender.install.snapshot.enabled = false (custom)
2022-06-01 03:34:49,853 [pool-245-thread-1] INFO  server.RaftServerConfigKeys (ConfUtils.java:logGet(46)) - raft.server.threadpool.server.cached = true (default)
2022-06-01 03:34:49,853 [pool-245-thread-1] INFO  server.RaftServerConfigKeys (ConfUtils.java:logGet(46)) - raft.server.threadpool.server.size = 0 (default)
2022-06-01 03:34:49,853 [pool-245-thread-1] INFO  server.RaftServerConfigKeys (ConfUtils.java:logGet(46)) - raft.server.threadpool.client.cached = true (default)
2022-06-01 03:34:49,853 [pool-245-thread-1] INFO  server.RaftServerConfigKeys (ConfUtils.java:logGet(46)) - raft.server.threadpool.client.size = 0 (default)
2022-06-01 03:34:49,853 [pool-245-thread-1] INFO  server.RaftServer$Division (RaftServerImpl.java:start(310)) - 84edf777-a908-4fd1-ac59-ee76ae14fa63@group-EAE2F5F200B3: start as a follower, conf=-1: [b7a926ba-63da-42ce-ae6a-067e307d0a81|rpc:10.1.0.5:42167|dataStream:|priority:0, edc35c82-9122-45b9-884d-047213d7d1a1|rpc:10.1.0.5:41289|dataStream:|priority:0, 84edf777-a908-4fd1-ac59-ee76ae14fa63|rpc:10.1.0.5:35463|dataStream:|priority:1], old=null
2022-06-01 03:34:49,853 [pool-245-thread-1] INFO  server.RaftServer$Division (RaftServerImpl.java:setRole(299)) - 84edf777-a908-4fd1-ac59-ee76ae14fa63@group-EAE2F5F200B3: changes role from      null to FOLLOWER at term 0 for startAsFollower
2022-06-01 03:34:49,853 [pool-245-thread-1] INFO  impl.RoleInfo (RoleInfo.java:updateAndGet(139)) - 84edf777-a908-4fd1-ac59-ee76ae14fa63: start 84edf777-a908-4fd1-ac59-ee76ae14fa63@group-EAE2F5F200B3-FollowerState
2022-06-01 03:34:49,861 [pool-245-thread-1] INFO  util.JmxRegister (JmxRegister.java:tryRegister(44)) - Successfully registered JMX Bean with object name Ratis:service=RaftServer,group=group-EAE2F5F200B3,id=84edf777-a908-4fd1-ac59-ee76ae14fa63
2022-06-01 03:34:49,887 [Command processor thread] INFO  commandhandler.CreatePipelineCommandHandler (CreatePipelineCommandHandler.java:handle(113)) - Created Pipeline RATIS THREE PipelineID=e2ac922b-dc52-401a-a66e-eae2f5f200b3.
2022-06-01 03:34:49,929 [Command processor thread] INFO  server.RaftServer (RaftServerProxy.java:addNew(96)) - b7a926ba-63da-42ce-ae6a-067e307d0a81: addNew group-199D460F5D95:[b7a926ba-63da-42ce-ae6a-067e307d0a81|rpc:10.1.0.5:42167|priority:1] returns group-199D460F5D95:java.util.concurrent.CompletableFuture@48d44c9d[Not completed]
2022-06-01 03:34:49,930 [pool-223-thread-1] INFO  server.RaftServer$Division (RaftServerImpl.java:<init>(190)) - b7a926ba-63da-42ce-ae6a-067e307d0a81: new RaftServerImpl for group-199D460F5D95:[b7a926ba-63da-42ce-ae6a-067e307d0a81|rpc:10.1.0.5:42167|priority:1] with ContainerStateMachine:uninitialized
2022-06-01 03:34:49,930 [pool-223-thread-1] INFO  server.RaftServerConfigKeys (ConfUtils.java:logGet(46)) - raft.server.rpc.timeout.min = 5s (custom)
2022-06-01 03:34:49,930 [pool-223-thread-1] INFO  server.RaftServerConfigKeys (ConfUtils.java:logGet(46)) - raft.server.rpc.timeout.max = 5200ms (custom)
2022-06-01 03:34:49,930 [pool-223-thread-1] INFO  server.RaftServerConfigKeys (ConfUtils.java:logGet(46)) - raft.server.rpc.sleep.time = 25ms (default)
2022-06-01 03:34:49,930 [pool-223-thread-1] INFO  server.RaftServerConfigKeys (ConfUtils.java:logGet(46)) - raft.server.rpc.slowness.timeout = 300s (custom)
2022-06-01 03:34:49,930 [pool-223-thread-1] INFO  server.RaftServerConfigKeys (ConfUtils.java:logGet(46)) - raft.server.leaderelection.leader.step-down.wait-time = 10s (default)
2022-06-01 03:34:49,930 [pool-223-thread-1] INFO  server.RaftServerConfigKeys (ConfUtils.java:logGet(46)) - raft.server.sleep.deviation.threshold = 300ms (default)
2022-06-01 03:34:49,930 [pool-223-thread-1] INFO  server.RaftServer$Division (ServerState.java:<init>(107)) - b7a926ba-63da-42ce-ae6a-067e307d0a81@group-199D460F5D95: ConfigurationManager, init=-1: [b7a926ba-63da-42ce-ae6a-067e307d0a81|rpc:10.1.0.5:42167|priority:1], old=null, confs=<EMPTY_MAP>
2022-06-01 03:34:49,931 [pool-223-thread-1] INFO  server.RaftServerConfigKeys (ConfUtils.java:logGet(46)) - raft.server.storage.dir = [/home/runner/work/ozone/ozone/hadoop-ozone/integration-test/target/test-dir/MiniOzoneClusterImpl-1e64a523-1474-4f36-a74c-b9773adf1118/datanode-1/data/ratis] (custom)
2022-06-01 03:34:49,931 [pool-223-thread-1] INFO  server.RaftServerConfigKeys (ConfUtils.java:logGet(46)) - raft.server.log.corruption.policy = EXCEPTION (default)
2022-06-01 03:34:49,931 [pool-223-thread-1] INFO  server.RaftServerConfigKeys (ConfUtils.java:logGet(46)) - raft.server.storage.free-space.min = 0MB (=0) (default)
2022-06-01 03:34:49,931 [pool-223-thread-1] INFO  storage.RaftStorageDirectory (RaftStorageDirectoryImpl.java:analyzeStorage(135)) - The storage directory /home/runner/work/ozone/ozone/hadoop-ozone/integration-test/target/test-dir/MiniOzoneClusterImpl-1e64a523-1474-4f36-a74c-b9773adf1118/datanode-1/data/ratis/bf0eafb5-9231-4581-9504-199d460f5d95 does not exist. Creating ...
2022-06-01 03:34:49,933 [pool-223-thread-1] INFO  storage.RaftStorageDirectory (RaftStorageDirectoryImpl.java:tryLock(230)) - Lock on /home/runner/work/ozone/ozone/hadoop-ozone/integration-test/target/test-dir/MiniOzoneClusterImpl-1e64a523-1474-4f36-a74c-b9773adf1118/datanode-1/data/ratis/bf0eafb5-9231-4581-9504-199d460f5d95/in_use.lock acquired by nodename 14781@fv-az151-582
2022-06-01 03:34:49,937 [pool-223-thread-1] INFO  storage.RaftStorage (RaftStorageImpl.java:format(89)) - Storage directory /home/runner/work/ozone/ozone/hadoop-ozone/integration-test/target/test-dir/MiniOzoneClusterImpl-1e64a523-1474-4f36-a74c-b9773adf1118/datanode-1/data/ratis/bf0eafb5-9231-4581-9504-199d460f5d95 has been successfully formatted.
2022-06-01 03:34:49,938 [pool-223-thread-1] INFO  ratis.ContainerStateMachine (ContainerStateMachine.java:loadSnapshot(236)) - group-199D460F5D95: The snapshot info is null. Setting the last applied indexto:(t:0, i:~)
2022-06-01 03:34:49,939 [EventQueue-PipelineReportForPipelineReportHandler] INFO  pipeline.PipelineManagerImpl (PipelineManagerImpl.java:openPipeline(356)) - Pipeline Pipeline[ Id: bf0eafb5-9231-4581-9504-199d460f5d95, Nodes: b7a926ba-63da-42ce-ae6a-067e307d0a81{ip: 10.1.0.5, host: fv-az151-582.yf2hydr00wburbhx3j5hxtcipe.bx.internal.cloudapp.net, ports: [REPLICATION=35827, RATIS=42167, RATIS_ADMIN=42167, RATIS_SERVER=42167, STANDALONE=43577], networkLocation: /default-rack, certSerialId: null, persistedOpState: IN_SERVICE, persistedOpStateExpiryEpochSec: 0}, ReplicationConfig: RATIS/ONE, State:ALLOCATED, leaderId:b7a926ba-63da-42ce-ae6a-067e307d0a81, CreationTimestamp2022-06-01T03:34:46.941Z[Etc/UTC]] moved to OPEN state
2022-06-01 03:34:49,939 [EventQueue-OpenPipelineForHealthyPipelineSafeModeRule] INFO  safemode.SCMSafeModeManager (HealthyPipelineSafeModeRule.java:process(124)) - SCM in safe mode. Healthy pipelines reported count is 0, required healthy pipeline reported count is 1
2022-06-01 03:34:49,939 [pool-223-thread-1] INFO  server.RaftServerConfigKeys (ConfUtils.java:logGet(46)) - raft.server.notification.no-leader.timeout = 300s (custom)
2022-06-01 03:34:49,944 [pool-223-thread-1] INFO  server.RaftServerConfigKeys (ConfUtils.java:logGet(46)) - raft.server.log.use.memory = false (default)
2022-06-01 03:34:49,944 [pool-223-thread-1] INFO  server.RaftServerConfigKeys (ConfUtils.java:logGet(46)) - raft.server.log.purge.gap = 1000000 (custom)
2022-06-01 03:34:49,944 [pool-223-thread-1] INFO  server.RaftServerConfigKeys (ConfUtils.java:logGet(46)) - raft.server.log.appender.buffer.byte-limit = 33554432 (custom)
2022-06-01 03:34:49,944 [pool-223-thread-1] INFO  server.RaftServerConfigKeys (ConfUtils.java:logGet(46)) - raft.server.log.statemachine.data.read.timeout = 1000ms (default)
2022-06-01 03:34:49,944 [pool-223-thread-1] INFO  server.RaftServerConfigKeys (ConfUtils.java:logGet(46)) - raft.server.log.segment.size.max = 1048576 (custom)
2022-06-01 03:34:49,945 [pool-223-thread-1] INFO  server.RaftServerConfigKeys (ConfUtils.java:logGet(46)) - raft.server.log.segment.cache.num.max = 2 (custom)
2022-06-01 03:34:49,945 [pool-223-thread-1] INFO  server.RaftServerConfigKeys (ConfUtils.java:logGet(46)) - raft.server.log.segment.cache.size.max = 200MB (=209715200) (default)
2022-06-01 03:34:49,945 [pool-223-thread-1] INFO  segmented.SegmentedRaftLogWorker (SegmentedRaftLogWorker.java:<init>(187)) - new b7a926ba-63da-42ce-ae6a-067e307d0a81@group-199D460F5D95-SegmentedRaftLogWorker for RaftStorageImpl:Storage Directory /home/runner/work/ozone/ozone/hadoop-ozone/integration-test/target/test-dir/MiniOzoneClusterImpl-1e64a523-1474-4f36-a74c-b9773adf1118/datanode-1/data/ratis/bf0eafb5-9231-4581-9504-199d460f5d95
2022-06-01 03:34:49,945 [pool-223-thread-1] INFO  server.RaftServerConfigKeys (ConfUtils.java:logGet(46)) - raft.server.log.queue.byte-limit = 4294967296 (custom)
2022-06-01 03:34:49,945 [pool-223-thread-1] INFO  server.RaftServerConfigKeys (ConfUtils.java:logGet(46)) - raft.server.log.queue.element-limit = 1024 (custom)
2022-06-01 03:34:49,945 [pool-223-thread-1] INFO  server.RaftServerConfigKeys (ConfUtils.java:logGet(46)) - raft.server.log.segment.size.max = 1048576 (custom)
2022-06-01 03:34:49,945 [pool-223-thread-1] INFO  server.RaftServerConfigKeys (ConfUtils.java:logGet(46)) - raft.server.log.preallocated.size = 16384 (custom)
2022-06-01 03:34:49,945 [pool-223-thread-1] INFO  server.RaftServerConfigKeys (ConfUtils.java:logGet(46)) - raft.server.log.force.sync.num = 128 (default)
2022-06-01 03:34:49,945 [pool-223-thread-1] INFO  server.RaftServerConfigKeys (ConfUtils.java:logGet(46)) - raft.server.log.statemachine.data.sync = true (default)
2022-06-01 03:34:49,945 [pool-223-thread-1] INFO  server.RaftServerConfigKeys (ConfUtils.java:logGet(46)) - raft.server.log.statemachine.data.sync.timeout = 10s (default)
2022-06-01 03:34:49,945 [pool-223-thread-1] INFO  server.RaftServerConfigKeys (ConfUtils.java:logGet(46)) - raft.server.log.statemachine.data.sync.timeout.retry = -1 (default)
2022-06-01 03:34:49,946 [pool-223-thread-1] INFO  server.RaftServerConfigKeys (ConfUtils.java:logGet(46)) - raft.server.log.write.buffer.size = 1048576 (custom)
2022-06-01 03:34:49,946 [pool-223-thread-1] INFO  server.RaftServerConfigKeys (ConfUtils.java:logGet(46)) - raft.server.log.unsafe-flush.enabled = false (default)
2022-06-01 03:34:49,946 [pool-223-thread-1] INFO  server.RaftServerConfigKeys (ConfUtils.java:logGet(46)) - raft.server.log.statemachine.data.caching.enabled = true (custom)
2022-06-01 03:34:49,946 [pool-223-thread-1] INFO  segmented.SegmentedRaftLogWorker (SegmentedRaftLogWorker.java:lambda$new$0(135)) - b7a926ba-63da-42ce-ae6a-067e307d0a81@group-199D460F5D95-SegmentedRaftLogWorker: flushIndex: setUnconditionally 0 -> -1
2022-06-01 03:34:49,946 [pool-223-thread-1] INFO  segmented.SegmentedRaftLogWorker (SegmentedRaftLogWorker.java:lambda$new$0(135)) - b7a926ba-63da-42ce-ae6a-067e307d0a81@group-199D460F5D95-SegmentedRaftLogWorker: safeCacheEvictIndex: setUnconditionally 0 -> -1
2022-06-01 03:34:49,956 [pool-223-thread-1] INFO  server.RaftServerConfigKeys (ConfUtils.java:logGet(46)) - raft.server.snapshot.auto.trigger.enabled = true (custom)
2022-06-01 03:34:49,956 [pool-223-thread-1] INFO  server.RaftServerConfigKeys (ConfUtils.java:logGet(46)) - raft.server.snapshot.auto.trigger.threshold = 10000 (custom)
2022-06-01 03:34:49,956 [pool-223-thread-1] INFO  server.RaftServerConfigKeys (ConfUtils.java:logGet(46)) - raft.server.snapshot.retention.file.num = 5 (custom)
2022-06-01 03:34:49,956 [pool-223-thread-1] INFO  server.RaftServerConfigKeys (ConfUtils.java:logGet(46)) - raft.server.log.purge.upto.snapshot.index = false (default)
2022-06-01 03:34:49,956 [pool-223-thread-1] INFO  server.RaftServerConfigKeys (ConfUtils.java:logGet(46)) - raft.server.retrycache.expirytime = 600000ms (custom)
2022-06-01 03:34:49,956 [pool-223-thread-1] INFO  server.RaftServerConfigKeys (ConfUtils.java:logGet(46)) - raft.server.retrycache.statistics.expirytime = 100μs (default)
2022-06-01 03:34:49,957 [pool-223-thread-1] INFO  server.RaftServerConfigKeys (ConfUtils.java:logGet(46)) - raft.server.log.appender.install.snapshot.enabled = false (custom)
2022-06-01 03:34:49,957 [pool-223-thread-1] INFO  server.RaftServerConfigKeys (ConfUtils.java:logGet(46)) - raft.server.threadpool.server.cached = true (default)
2022-06-01 03:34:49,957 [pool-223-thread-1] INFO  server.RaftServerConfigKeys (ConfUtils.java:logGet(46)) - raft.server.threadpool.server.size = 0 (default)
2022-06-01 03:34:49,957 [pool-223-thread-1] INFO  server.RaftServerConfigKeys (ConfUtils.java:logGet(46)) - raft.server.threadpool.client.cached = true (default)
2022-06-01 03:34:49,957 [pool-223-thread-1] INFO  server.RaftServerConfigKeys (ConfUtils.java:logGet(46)) - raft.server.threadpool.client.size = 0 (default)
2022-06-01 03:34:49,957 [pool-223-thread-1] INFO  server.RaftServer$Division (RaftServerImpl.java:start(310)) - b7a926ba-63da-42ce-ae6a-067e307d0a81@group-199D460F5D95: start as a follower, conf=-1: [b7a926ba-63da-42ce-ae6a-067e307d0a81|rpc:10.1.0.5:42167|priority:1], old=null
2022-06-01 03:34:49,957 [pool-223-thread-1] INFO  server.RaftServer$Division (RaftServerImpl.java:setRole(299)) - b7a926ba-63da-42ce-ae6a-067e307d0a81@group-199D460F5D95: changes role from      null to FOLLOWER at term 0 for startAsFollower
2022-06-01 03:34:49,957 [pool-223-thread-1] INFO  impl.RoleInfo (RoleInfo.java:updateAndGet(139)) - b7a926ba-63da-42ce-ae6a-067e307d0a81: start b7a926ba-63da-42ce-ae6a-067e307d0a81@group-199D460F5D95-FollowerState
2022-06-01 03:34:49,957 [pool-223-thread-1] INFO  util.JmxRegister (JmxRegister.java:tryRegister(44)) - Successfully registered JMX Bean with object name Ratis:service=RaftServer,group=group-199D460F5D95,id=b7a926ba-63da-42ce-ae6a-067e307d0a81
2022-06-01 03:34:49,960 [Command processor thread] INFO  ratis.XceiverServerRatis (XceiverServerRatis.java:addGroup(765)) - Created group PipelineID=bf0eafb5-9231-4581-9504-199d460f5d95
2022-06-01 03:34:49,960 [Command processor thread] INFO  commandhandler.CreatePipelineCommandHandler (CreatePipelineCommandHandler.java:handle(113)) - Created Pipeline RATIS ONE PipelineID=bf0eafb5-9231-4581-9504-199d460f5d95.
2022-06-01 03:34:50,616 [Listener at 127.0.0.1/35387] INFO  ozone.MiniOzoneClusterImpl (MiniOzoneClusterImpl.java:lambda$waitForClusterToBeReady$0(221)) - Nodes are ready. Got 3 of 3 DN Heartbeats.
2022-06-01 03:34:50,616 [Listener at 127.0.0.1/35387] INFO  ozone.MiniOzoneClusterImpl (MiniOzoneClusterImpl.java:lambda$waitForClusterToBeReady$0(224)) - Waiting for cluster to exit safe mode
2022-06-01 03:34:50,616 [Listener at 127.0.0.1/35387] INFO  ozone.MiniOzoneClusterImpl (MiniOzoneClusterImpl.java:lambda$waitForClusterToBeReady$0(226)) - SCM became leader
2022-06-01 03:34:50,658 [Command processor thread] INFO  server.RaftServer (RaftServerProxy.java:addNew(96)) - 84edf777-a908-4fd1-ac59-ee76ae14fa63: addNew group-D9C812F7EDF8:[84edf777-a908-4fd1-ac59-ee76ae14fa63|rpc:10.1.0.5:35463|priority:1] returns group-D9C812F7EDF8:java.util.concurrent.CompletableFuture@52773ee8[Not completed]
2022-06-01 03:34:50,659 [pool-245-thread-1] INFO  server.RaftServer$Division (RaftServerImpl.java:<init>(190)) - 84edf777-a908-4fd1-ac59-ee76ae14fa63: new RaftServerImpl for group-D9C812F7EDF8:[84edf777-a908-4fd1-ac59-ee76ae14fa63|rpc:10.1.0.5:35463|priority:1] with ContainerStateMachine:uninitialized
2022-06-01 03:34:50,659 [pool-245-thread-1] INFO  server.RaftServerConfigKeys (ConfUtils.java:logGet(46)) - raft.server.rpc.timeout.min = 5s (custom)
2022-06-01 03:34:50,659 [pool-245-thread-1] INFO  server.RaftServerConfigKeys (ConfUtils.java:logGet(46)) - raft.server.rpc.timeout.max = 5200ms (custom)
2022-06-01 03:34:50,659 [pool-245-thread-1] INFO  server.RaftServerConfigKeys (ConfUtils.java:logGet(46)) - raft.server.rpc.sleep.time = 25ms (default)
2022-06-01 03:34:50,659 [pool-245-thread-1] INFO  server.RaftServerConfigKeys (ConfUtils.java:logGet(46)) - raft.server.rpc.slowness.timeout = 300s (custom)
2022-06-01 03:34:50,659 [pool-245-thread-1] INFO  server.RaftServerConfigKeys (ConfUtils.java:logGet(46)) - raft.server.leaderelection.leader.step-down.wait-time = 10s (default)
2022-06-01 03:34:50,660 [pool-245-thread-1] INFO  server.RaftServerConfigKeys (ConfUtils.java:logGet(46)) - raft.server.sleep.deviation.threshold = 300ms (default)
2022-06-01 03:34:50,660 [pool-245-thread-1] INFO  server.RaftServer$Division (ServerState.java:<init>(107)) - 84edf777-a908-4fd1-ac59-ee76ae14fa63@group-D9C812F7EDF8: ConfigurationManager, init=-1: [84edf777-a908-4fd1-ac59-ee76ae14fa63|rpc:10.1.0.5:35463|priority:1], old=null, confs=<EMPTY_MAP>
2022-06-01 03:34:50,660 [pool-245-thread-1] INFO  server.RaftServerConfigKeys (ConfUtils.java:logGet(46)) - raft.server.storage.dir = [/home/runner/work/ozone/ozone/hadoop-ozone/integration-test/target/test-dir/MiniOzoneClusterImpl-1e64a523-1474-4f36-a74c-b9773adf1118/datanode-2/data/ratis] (custom)
2022-06-01 03:34:50,662 [pool-245-thread-1] INFO  server.RaftServerConfigKeys (ConfUtils.java:logGet(46)) - raft.server.log.corruption.policy = EXCEPTION (default)
2022-06-01 03:34:50,662 [pool-245-thread-1] INFO  server.RaftServerConfigKeys (ConfUtils.java:logGet(46)) - raft.server.storage.free-space.min = 0MB (=0) (default)
2022-06-01 03:34:50,662 [pool-245-thread-1] INFO  storage.RaftStorageDirectory (RaftStorageDirectoryImpl.java:analyzeStorage(135)) - The storage directory /home/runner/work/ozone/ozone/hadoop-ozone/integration-test/target/test-dir/MiniOzoneClusterImpl-1e64a523-1474-4f36-a74c-b9773adf1118/datanode-2/data/ratis/961ef119-a601-4a4d-9d14-d9c812f7edf8 does not exist. Creating ...
2022-06-01 03:34:50,663 [pool-245-thread-1] INFO  storage.RaftStorageDirectory (RaftStorageDirectoryImpl.java:tryLock(230)) - Lock on /home/runner/work/ozone/ozone/hadoop-ozone/integration-test/target/test-dir/MiniOzoneClusterImpl-1e64a523-1474-4f36-a74c-b9773adf1118/datanode-2/data/ratis/961ef119-a601-4a4d-9d14-d9c812f7edf8/in_use.lock acquired by nodename 14781@fv-az151-582
2022-06-01 03:34:50,665 [pool-245-thread-1] INFO  storage.RaftStorage (RaftStorageImpl.java:format(89)) - Storage directory /home/runner/work/ozone/ozone/hadoop-ozone/integration-test/target/test-dir/MiniOzoneClusterImpl-1e64a523-1474-4f36-a74c-b9773adf1118/datanode-2/data/ratis/961ef119-a601-4a4d-9d14-d9c812f7edf8 has been successfully formatted.
2022-06-01 03:34:50,665 [pool-245-thread-1] INFO  ratis.ContainerStateMachine (ContainerStateMachine.java:loadSnapshot(236)) - group-D9C812F7EDF8: The snapshot info is null. Setting the last applied indexto:(t:0, i:~)
2022-06-01 03:34:50,665 [pool-245-thread-1] INFO  server.RaftServerConfigKeys (ConfUtils.java:logGet(46)) - raft.server.notification.no-leader.timeout = 300s (custom)
2022-06-01 03:34:50,665 [pool-245-thread-1] INFO  server.RaftServerConfigKeys (ConfUtils.java:logGet(46)) - raft.server.log.use.memory = false (default)
2022-06-01 03:34:50,665 [pool-245-thread-1] INFO  server.RaftServerConfigKeys (ConfUtils.java:logGet(46)) - raft.server.log.purge.gap = 1000000 (custom)
2022-06-01 03:34:50,666 [pool-245-thread-1] INFO  server.RaftServerConfigKeys (ConfUtils.java:logGet(46)) - raft.server.log.appender.buffer.byte-limit = 33554432 (custom)
2022-06-01 03:34:50,666 [pool-245-thread-1] INFO  server.RaftServerConfigKeys (ConfUtils.java:logGet(46)) - raft.server.log.statemachine.data.read.timeout = 1000ms (default)
2022-06-01 03:34:50,666 [pool-245-thread-1] INFO  server.RaftServerConfigKeys (ConfUtils.java:logGet(46)) - raft.server.log.segment.size.max = 1048576 (custom)
2022-06-01 03:34:50,666 [pool-245-thread-1] INFO  server.RaftServerConfigKeys (ConfUtils.java:logGet(46)) - raft.server.log.segment.cache.num.max = 2 (custom)
2022-06-01 03:34:50,668 [EventQueue-PipelineReportForPipelineReportHandler] INFO  pipeline.PipelineManagerImpl (PipelineManagerImpl.java:openPipeline(356)) - Pipeline Pipeline[ Id: 961ef119-a601-4a4d-9d14-d9c812f7edf8, Nodes: 84edf777-a908-4fd1-ac59-ee76ae14fa63{ip: 10.1.0.5, host: fv-az151-582.yf2hydr00wburbhx3j5hxtcipe.bx.internal.cloudapp.net, ports: [REPLICATION=37751, RATIS=35463, RATIS_ADMIN=35463, RATIS_SERVER=35463, STANDALONE=44009], networkLocation: /default-rack, certSerialId: null, persistedOpState: IN_SERVICE, persistedOpStateExpiryEpochSec: 0}, ReplicationConfig: RATIS/ONE, State:ALLOCATED, leaderId:84edf777-a908-4fd1-ac59-ee76ae14fa63, CreationTimestamp2022-06-01T03:34:47.680Z[Etc/UTC]] moved to OPEN state
2022-06-01 03:34:50,670 [EventQueue-OpenPipelineForHealthyPipelineSafeModeRule] INFO  safemode.SCMSafeModeManager (HealthyPipelineSafeModeRule.java:process(124)) - SCM in safe mode. Healthy pipelines reported count is 0, required healthy pipeline reported count is 1
2022-06-01 03:34:50,666 [pool-245-thread-1] INFO  server.RaftServerConfigKeys (ConfUtils.java:logGet(46)) - raft.server.log.segment.cache.size.max = 200MB (=209715200) (default)
2022-06-01 03:34:50,671 [pool-245-thread-1] INFO  segmented.SegmentedRaftLogWorker (SegmentedRaftLogWorker.java:<init>(187)) - new 84edf777-a908-4fd1-ac59-ee76ae14fa63@group-D9C812F7EDF8-SegmentedRaftLogWorker for RaftStorageImpl:Storage Directory /home/runner/work/ozone/ozone/hadoop-ozone/integration-test/target/test-dir/MiniOzoneClusterImpl-1e64a523-1474-4f36-a74c-b9773adf1118/datanode-2/data/ratis/961ef119-a601-4a4d-9d14-d9c812f7edf8
2022-06-01 03:34:50,671 [pool-245-thread-1] INFO  server.RaftServerConfigKeys (ConfUtils.java:logGet(46)) - raft.server.log.queue.byte-limit = 4294967296 (custom)
2022-06-01 03:34:50,671 [pool-245-thread-1] INFO  server.RaftServerConfigKeys (ConfUtils.java:logGet(46)) - raft.server.log.queue.element-limit = 1024 (custom)
2022-06-01 03:34:50,671 [pool-245-thread-1] INFO  server.RaftServerConfigKeys (ConfUtils.java:logGet(46)) - raft.server.log.segment.size.max = 1048576 (custom)
2022-06-01 03:34:50,671 [pool-245-thread-1] INFO  server.RaftServerConfigKeys (ConfUtils.java:logGet(46)) - raft.server.log.preallocated.size = 16384 (custom)
2022-06-01 03:34:50,671 [pool-245-thread-1] INFO  server.RaftServerConfigKeys (ConfUtils.java:logGet(46)) - raft.server.log.force.sync.num = 128 (default)
2022-06-01 03:34:50,671 [pool-245-thread-1] INFO  server.RaftServerConfigKeys (ConfUtils.java:logGet(46)) - raft.server.log.statemachine.data.sync = true (default)
2022-06-01 03:34:50,671 [pool-245-thread-1] INFO  server.RaftServerConfigKeys (ConfUtils.java:logGet(46)) - raft.server.log.statemachine.data.sync.timeout = 10s (default)
2022-06-01 03:34:50,671 [pool-245-thread-1] INFO  server.RaftServerConfigKeys (ConfUtils.java:logGet(46)) - raft.server.log.statemachine.data.sync.timeout.retry = -1 (default)
2022-06-01 03:34:50,672 [pool-245-thread-1] INFO  server.RaftServerConfigKeys (ConfUtils.java:logGet(46)) - raft.server.log.write.buffer.size = 1048576 (custom)
2022-06-01 03:34:50,673 [pool-245-thread-1] INFO  server.RaftServerConfigKeys (ConfUtils.java:logGet(46)) - raft.server.log.unsafe-flush.enabled = false (default)
2022-06-01 03:34:50,673 [pool-245-thread-1] INFO  server.RaftServerConfigKeys (ConfUtils.java:logGet(46)) - raft.server.log.statemachine.data.caching.enabled = true (custom)
2022-06-01 03:34:50,673 [pool-245-thread-1] INFO  segmented.SegmentedRaftLogWorker (SegmentedRaftLogWorker.java:lambda$new$0(135)) - 84edf777-a908-4fd1-ac59-ee76ae14fa63@group-D9C812F7EDF8-SegmentedRaftLogWorker: flushIndex: setUnconditionally 0 -> -1
2022-06-01 03:34:50,673 [pool-245-thread-1] INFO  segmented.SegmentedRaftLogWorker (SegmentedRaftLogWorker.java:lambda$new$0(135)) - 84edf777-a908-4fd1-ac59-ee76ae14fa63@group-D9C812F7EDF8-SegmentedRaftLogWorker: safeCacheEvictIndex: setUnconditionally 0 -> -1
2022-06-01 03:34:50,673 [pool-245-thread-1] INFO  server.RaftServerConfigKeys (ConfUtils.java:logGet(46)) - raft.server.snapshot.auto.trigger.enabled = true (custom)
2022-06-01 03:34:50,673 [pool-245-thread-1] INFO  server.RaftServerConfigKeys (ConfUtils.java:logGet(46)) - raft.server.snapshot.auto.trigger.threshold = 10000 (custom)
2022-06-01 03:34:50,673 [pool-245-thread-1] INFO  server.RaftServerConfigKeys (ConfUtils.java:logGet(46)) - raft.server.snapshot.retention.file.num = 5 (custom)
2022-06-01 03:34:50,673 [pool-245-thread-1] INFO  server.RaftServerConfigKeys (ConfUtils.java:logGet(46)) - raft.server.log.purge.upto.snapshot.index = false (default)
2022-06-01 03:34:50,673 [pool-245-thread-1] INFO  server.RaftServerConfigKeys (ConfUtils.java:logGet(46)) - raft.server.retrycache.expirytime = 600000ms (custom)
2022-06-01 03:34:50,674 [pool-245-thread-1] INFO  server.RaftServerConfigKeys (ConfUtils.java:logGet(46)) - raft.server.retrycache.statistics.expirytime = 100μs (default)
2022-06-01 03:34:50,674 [pool-245-thread-1] INFO  server.RaftServerConfigKeys (ConfUtils.java:logGet(46)) - raft.server.log.appender.install.snapshot.enabled = false (custom)
2022-06-01 03:34:50,674 [pool-245-thread-1] INFO  server.RaftServerConfigKeys (ConfUtils.java:logGet(46)) - raft.server.threadpool.server.cached = true (default)
2022-06-01 03:34:50,674 [pool-245-thread-1] INFO  server.RaftServerConfigKeys (ConfUtils.java:logGet(46)) - raft.server.threadpool.server.size = 0 (default)
2022-06-01 03:34:50,675 [pool-245-thread-1] INFO  server.RaftServerConfigKeys (ConfUtils.java:logGet(46)) - raft.server.threadpool.client.cached = true (default)
2022-06-01 03:34:50,675 [pool-245-thread-1] INFO  server.RaftServerConfigKeys (ConfUtils.java:logGet(46)) - raft.server.threadpool.client.size = 0 (default)
2022-06-01 03:34:50,675 [pool-245-thread-1] INFO  server.RaftServer$Division (RaftServerImpl.java:start(310)) - 84edf777-a908-4fd1-ac59-ee76ae14fa63@group-D9C812F7EDF8: start as a follower, conf=-1: [84edf777-a908-4fd1-ac59-ee76ae14fa63|rpc:10.1.0.5:35463|priority:1], old=null
2022-06-01 03:34:50,675 [pool-245-thread-1] INFO  server.RaftServer$Division (RaftServerImpl.java:setRole(299)) - 84edf777-a908-4fd1-ac59-ee76ae14fa63@group-D9C812F7EDF8: changes role from      null to FOLLOWER at term 0 for startAsFollower
2022-06-01 03:34:50,675 [pool-245-thread-1] INFO  impl.RoleInfo (RoleInfo.java:updateAndGet(139)) - 84edf777-a908-4fd1-ac59-ee76ae14fa63: start 84edf777-a908-4fd1-ac59-ee76ae14fa63@group-D9C812F7EDF8-FollowerState
2022-06-01 03:34:50,679 [pool-245-thread-1] INFO  util.JmxRegister (JmxRegister.java:tryRegister(44)) - Successfully registered JMX Bean with object name Ratis:service=RaftServer,group=group-D9C812F7EDF8,id=84edf777-a908-4fd1-ac59-ee76ae14fa63
2022-06-01 03:34:50,680 [Command processor thread] INFO  ratis.XceiverServerRatis (XceiverServerRatis.java:addGroup(765)) - Created group PipelineID=961ef119-a601-4a4d-9d14-d9c812f7edf8
2022-06-01 03:34:50,680 [Command processor thread] INFO  commandhandler.CreatePipelineCommandHandler (CreatePipelineCommandHandler.java:handle(113)) - Created Pipeline RATIS ONE PipelineID=961ef119-a601-4a4d-9d14-d9c812f7edf8.
2022-06-01 03:34:51,616 [Listener at 127.0.0.1/35387] INFO  ozone.MiniOzoneClusterImpl (MiniOzoneClusterImpl.java:lambda$waitForClusterToBeReady$0(221)) - Nodes are ready. Got 3 of 3 DN Heartbeats.
2022-06-01 03:34:51,617 [Listener at 127.0.0.1/35387] INFO  ozone.MiniOzoneClusterImpl (MiniOzoneClusterImpl.java:lambda$waitForClusterToBeReady$0(224)) - Waiting for cluster to exit safe mode
2022-06-01 03:34:51,617 [Listener at 127.0.0.1/35387] INFO  ozone.MiniOzoneClusterImpl (MiniOzoneClusterImpl.java:lambda$waitForClusterToBeReady$0(226)) - SCM became leader
2022-06-01 03:34:52,617 [Listener at 127.0.0.1/35387] INFO  ozone.MiniOzoneClusterImpl (MiniOzoneClusterImpl.java:lambda$waitForClusterToBeReady$0(221)) - Nodes are ready. Got 3 of 3 DN Heartbeats.
2022-06-01 03:34:52,617 [Listener at 127.0.0.1/35387] INFO  ozone.MiniOzoneClusterImpl (MiniOzoneClusterImpl.java:lambda$waitForClusterToBeReady$0(224)) - Waiting for cluster to exit safe mode
2022-06-01 03:34:52,617 [Listener at 127.0.0.1/35387] INFO  ozone.MiniOzoneClusterImpl (MiniOzoneClusterImpl.java:lambda$waitForClusterToBeReady$0(226)) - SCM became leader
2022-06-01 03:34:53,618 [Listener at 127.0.0.1/35387] INFO  ozone.MiniOzoneClusterImpl (MiniOzoneClusterImpl.java:lambda$waitForClusterToBeReady$0(221)) - Nodes are ready. Got 3 of 3 DN Heartbeats.
2022-06-01 03:34:53,618 [Listener at 127.0.0.1/35387] INFO  ozone.MiniOzoneClusterImpl (MiniOzoneClusterImpl.java:lambda$waitForClusterToBeReady$0(224)) - Waiting for cluster to exit safe mode
2022-06-01 03:34:53,618 [Listener at 127.0.0.1/35387] INFO  ozone.MiniOzoneClusterImpl (MiniOzoneClusterImpl.java:lambda$waitForClusterToBeReady$0(226)) - SCM became leader
2022-06-01 03:34:54,483 [edc35c82-9122-45b9-884d-047213d7d1a1@group-6F87D381EE20-FollowerState] INFO  impl.FollowerState (FollowerState.java:run(143)) - edc35c82-9122-45b9-884d-047213d7d1a1@group-6F87D381EE20-FollowerState: change to CANDIDATE, lastRpcElapsedTime:5047342176ns, electionTimeout:5038ms
2022-06-01 03:34:54,484 [edc35c82-9122-45b9-884d-047213d7d1a1@group-6F87D381EE20-FollowerState] INFO  impl.RoleInfo (RoleInfo.java:shutdownFollowerState(110)) - edc35c82-9122-45b9-884d-047213d7d1a1: shutdown edc35c82-9122-45b9-884d-047213d7d1a1@group-6F87D381EE20-FollowerState
2022-06-01 03:34:54,484 [edc35c82-9122-45b9-884d-047213d7d1a1@group-6F87D381EE20-FollowerState] INFO  server.RaftServer$Division (RaftServerImpl.java:setRole(299)) - edc35c82-9122-45b9-884d-047213d7d1a1@group-6F87D381EE20: changes role from  FOLLOWER to CANDIDATE at term 0 for changeToCandidate
2022-06-01 03:34:54,484 [edc35c82-9122-45b9-884d-047213d7d1a1@group-6F87D381EE20-FollowerState] INFO  server.RaftServerConfigKeys (ConfUtils.java:logGet(46)) - raft.server.leaderelection.pre-vote = false (custom)
2022-06-01 03:34:54,484 [edc35c82-9122-45b9-884d-047213d7d1a1@group-6F87D381EE20-FollowerState] INFO  impl.RoleInfo (RoleInfo.java:updateAndGet(139)) - edc35c82-9122-45b9-884d-047213d7d1a1: start edc35c82-9122-45b9-884d-047213d7d1a1@group-6F87D381EE20-LeaderElection10
2022-06-01 03:34:54,502 [edc35c82-9122-45b9-884d-047213d7d1a1@group-6F87D381EE20-LeaderElection10] INFO  impl.LeaderElection (LeaderElection.java:askForVotes(310)) - edc35c82-9122-45b9-884d-047213d7d1a1@group-6F87D381EE20-LeaderElection10 ELECTION round 0: submit vote requests at term 1 for -1: [edc35c82-9122-45b9-884d-047213d7d1a1|rpc:10.1.0.5:41289|priority:1], old=null
2022-06-01 03:34:54,502 [edc35c82-9122-45b9-884d-047213d7d1a1@group-6F87D381EE20-LeaderElection10] INFO  impl.LeaderElection (LeaderElection.java:askForVotes(312)) - edc35c82-9122-45b9-884d-047213d7d1a1@group-6F87D381EE20-LeaderElection10 ELECTION round 0: result PASSED (term=1)
2022-06-01 03:34:54,502 [edc35c82-9122-45b9-884d-047213d7d1a1@group-6F87D381EE20-LeaderElection10] INFO  impl.RoleInfo (RoleInfo.java:shutdownLeaderElection(130)) - edc35c82-9122-45b9-884d-047213d7d1a1: shutdown edc35c82-9122-45b9-884d-047213d7d1a1@group-6F87D381EE20-LeaderElection10
2022-06-01 03:34:54,502 [edc35c82-9122-45b9-884d-047213d7d1a1@group-6F87D381EE20-LeaderElection10] INFO  server.RaftServer$Division (RaftServerImpl.java:setRole(299)) - edc35c82-9122-45b9-884d-047213d7d1a1@group-6F87D381EE20: changes role from CANDIDATE to LEADER at term 1 for changeToLeader
2022-06-01 03:34:54,502 [edc35c82-9122-45b9-884d-047213d7d1a1@group-6F87D381EE20-LeaderElection10] INFO  ratis.XceiverServerRatis (XceiverServerRatis.java:handleLeaderChangedNotification(863)) - Leader change notification received for group: group-6F87D381EE20 with new leaderId: edc35c82-9122-45b9-884d-047213d7d1a1
2022-06-01 03:34:54,503 [edc35c82-9122-45b9-884d-047213d7d1a1@group-6F87D381EE20-LeaderElection10] INFO  server.RaftServer$Division (ServerState.java:setLeader(287)) - edc35c82-9122-45b9-884d-047213d7d1a1@group-6F87D381EE20: change Leader from null to edc35c82-9122-45b9-884d-047213d7d1a1 at term 1 for becomeLeader, leader elected after 5086ms
2022-06-01 03:34:54,503 [edc35c82-9122-45b9-884d-047213d7d1a1@group-6F87D381EE20-LeaderElection10] INFO  server.RaftServerConfigKeys (ConfUtils.java:logGet(46)) - raft.server.staging.catchup.gap = 1000 (default)
2022-06-01 03:34:54,504 [EventQueue-OpenPipelineForHealthyPipelineSafeModeRule] INFO  safemode.SCMSafeModeManager (HealthyPipelineSafeModeRule.java:process(124)) - SCM in safe mode. Healthy pipelines reported count is 0, required healthy pipeline reported count is 1
2022-06-01 03:34:54,505 [edc35c82-9122-45b9-884d-047213d7d1a1@group-6F87D381EE20-LeaderElection10] INFO  server.RaftServerConfigKeys (ConfUtils.java:logGet(46)) - raft.server.write.element-limit = 1024 (custom)
2022-06-01 03:34:54,505 [edc35c82-9122-45b9-884d-047213d7d1a1@group-6F87D381EE20-LeaderElection10] INFO  server.RaftServerConfigKeys (ConfUtils.java:logGet(46)) - raft.server.write.byte-limit = 1024 M (=1073741824) (custom)
2022-06-01 03:34:54,506 [edc35c82-9122-45b9-884d-047213d7d1a1@group-6F87D381EE20-LeaderElection10] INFO  server.RaftServerConfigKeys (ConfUtils.java:logGet(46)) - raft.server.watch.timeout = 180s (custom)
2022-06-01 03:34:54,506 [edc35c82-9122-45b9-884d-047213d7d1a1@group-6F87D381EE20-LeaderElection10] INFO  server.RaftServerConfigKeys (ConfUtils.java:logGet(46)) - raft.server.watch.timeout.denomination = 1s (default)
2022-06-01 03:34:54,506 [edc35c82-9122-45b9-884d-047213d7d1a1@group-6F87D381EE20-LeaderElection10] INFO  server.RaftServerConfigKeys (ConfUtils.java:logGet(46)) - raft.server.watch.element-limit = 65536 (default)
2022-06-01 03:34:54,506 [edc35c82-9122-45b9-884d-047213d7d1a1@group-6F87D381EE20-LeaderElection10] INFO  server.RaftServerConfigKeys (ConfUtils.java:logGet(46)) - raft.server.write.element-limit = 1024 (custom)
2022-06-01 03:34:54,506 [edc35c82-9122-45b9-884d-047213d7d1a1@group-6F87D381EE20-LeaderElection10] INFO  server.RaftServerConfigKeys (ConfUtils.java:logGet(46)) - raft.server.write.follower.gap.ratio.max = -1.0 (default)
2022-06-01 03:34:54,506 [edc35c82-9122-45b9-884d-047213d7d1a1@group-6F87D381EE20-LeaderElection10] INFO  impl.RoleInfo (RoleInfo.java:updateAndGet(139)) - edc35c82-9122-45b9-884d-047213d7d1a1: start edc35c82-9122-45b9-884d-047213d7d1a1@group-6F87D381EE20-LeaderStateImpl
2022-06-01 03:34:54,506 [edc35c82-9122-45b9-884d-047213d7d1a1@group-6F87D381EE20-LeaderElection10] INFO  segmented.SegmentedRaftLogWorker (SegmentedRaftLogWorker.java:startLogSegment(425)) - edc35c82-9122-45b9-884d-047213d7d1a1@group-6F87D381EE20-SegmentedRaftLogWorker: Starting segment from index:0
2022-06-01 03:34:54,512 [edc35c82-9122-45b9-884d-047213d7d1a1@group-6F87D381EE20-LeaderElection10] INFO  server.RaftServer$Division (ServerState.java:setRaftConf(393)) - edc35c82-9122-45b9-884d-047213d7d1a1@group-6F87D381EE20: set configuration 0: [edc35c82-9122-45b9-884d-047213d7d1a1|rpc:10.1.0.5:41289|dataStream:|priority:1], old=null
2022-06-01 03:34:54,519 [edc35c82-9122-45b9-884d-047213d7d1a1@group-6F87D381EE20-SegmentedRaftLogWorker] INFO  segmented.SegmentedRaftLogWorker (SegmentedRaftLogWorker.java:execute(629)) - edc35c82-9122-45b9-884d-047213d7d1a1@group-6F87D381EE20-SegmentedRaftLogWorker: created new log segment /home/runner/work/ozone/ozone/hadoop-ozone/integration-test/target/test-dir/MiniOzoneClusterImpl-1e64a523-1474-4f36-a74c-b9773adf1118/datanode-0/data/ratis/5d9efd26-550c-4927-90bb-6f87d381ee20/current/log_inprogress_0
2022-06-01 03:34:54,618 [Listener at 127.0.0.1/35387] INFO  ozone.MiniOzoneClusterImpl (MiniOzoneClusterImpl.java:lambda$waitForClusterToBeReady$0(221)) - Nodes are ready. Got 3 of 3 DN Heartbeats.
2022-06-01 03:34:54,619 [Listener at 127.0.0.1/35387] INFO  ozone.MiniOzoneClusterImpl (MiniOzoneClusterImpl.java:lambda$waitForClusterToBeReady$0(224)) - Waiting for cluster to exit safe mode
2022-06-01 03:34:54,619 [Listener at 127.0.0.1/35387] INFO  ozone.MiniOzoneClusterImpl (MiniOzoneClusterImpl.java:lambda$waitForClusterToBeReady$0(226)) - SCM became leader
2022-06-01 03:34:54,621 [edc35c82-9122-45b9-884d-047213d7d1a1@group-E0B45DCEEBC7-FollowerState] INFO  impl.FollowerState (FollowerState.java:run(143)) - edc35c82-9122-45b9-884d-047213d7d1a1@group-E0B45DCEEBC7-FollowerState: change to CANDIDATE, lastRpcElapsedTime:5147292034ns, electionTimeout:5137ms
2022-06-01 03:34:54,622 [edc35c82-9122-45b9-884d-047213d7d1a1@group-E0B45DCEEBC7-FollowerState] INFO  impl.RoleInfo (RoleInfo.java:shutdownFollowerState(110)) - edc35c82-9122-45b9-884d-047213d7d1a1: shutdown edc35c82-9122-45b9-884d-047213d7d1a1@group-E0B45DCEEBC7-FollowerState
2022-06-01 03:34:54,622 [edc35c82-9122-45b9-884d-047213d7d1a1@group-E0B45DCEEBC7-FollowerState] INFO  server.RaftServer$Division (RaftServerImpl.java:setRole(299)) - edc35c82-9122-45b9-884d-047213d7d1a1@group-E0B45DCEEBC7: changes role from  FOLLOWER to CANDIDATE at term 0 for changeToCandidate
2022-06-01 03:34:54,622 [edc35c82-9122-45b9-884d-047213d7d1a1@group-E0B45DCEEBC7-FollowerState] INFO  server.RaftServerConfigKeys (ConfUtils.java:logGet(46)) - raft.server.leaderelection.pre-vote = false (custom)
2022-06-01 03:34:54,622 [edc35c82-9122-45b9-884d-047213d7d1a1@group-E0B45DCEEBC7-FollowerState] INFO  impl.RoleInfo (RoleInfo.java:updateAndGet(139)) - edc35c82-9122-45b9-884d-047213d7d1a1: start edc35c82-9122-45b9-884d-047213d7d1a1@group-E0B45DCEEBC7-LeaderElection11
2022-06-01 03:34:54,641 [edc35c82-9122-45b9-884d-047213d7d1a1@group-E0B45DCEEBC7-LeaderElection11] INFO  impl.LeaderElection (LeaderElection.java:askForVotes(310)) - edc35c82-9122-45b9-884d-047213d7d1a1@group-E0B45DCEEBC7-LeaderElection11 ELECTION round 0: submit vote requests at term 1 for -1: [b7a926ba-63da-42ce-ae6a-067e307d0a81|rpc:10.1.0.5:42167|priority:0, edc35c82-9122-45b9-884d-047213d7d1a1|rpc:10.1.0.5:41289|priority:1, 84edf777-a908-4fd1-ac59-ee76ae14fa63|rpc:10.1.0.5:35463|priority:0], old=null
2022-06-01 03:34:54,672 [grpc-default-executor-0] INFO  server.RaftServer$Division (RaftServerImpl.java:requestVote(1152)) - b7a926ba-63da-42ce-ae6a-067e307d0a81@group-E0B45DCEEBC7: receive requestVote(ELECTION, edc35c82-9122-45b9-884d-047213d7d1a1, group-E0B45DCEEBC7, 1, (t:0, i:0))
2022-06-01 03:34:54,672 [grpc-default-executor-0] INFO  impl.VoteContext (VoteContext.java:log(48)) - b7a926ba-63da-42ce-ae6a-067e307d0a81@group-E0B45DCEEBC7-FOLLOWER: accept ELECTION from edc35c82-9122-45b9-884d-047213d7d1a1: our priority 0 <= candidate's priority 1
2022-06-01 03:34:54,672 [grpc-default-executor-0] INFO  server.RaftServer$Division (RaftServerImpl.java:setRole(299)) - b7a926ba-63da-42ce-ae6a-067e307d0a81@group-E0B45DCEEBC7: changes role from  FOLLOWER to FOLLOWER at term 1 for candidate:edc35c82-9122-45b9-884d-047213d7d1a1
2022-06-01 03:34:54,672 [grpc-default-executor-0] INFO  impl.RoleInfo (RoleInfo.java:shutdownFollowerState(110)) - b7a926ba-63da-42ce-ae6a-067e307d0a81: shutdown b7a926ba-63da-42ce-ae6a-067e307d0a81@group-E0B45DCEEBC7-FollowerState
2022-06-01 03:34:54,672 [grpc-default-executor-0] INFO  impl.RoleInfo (RoleInfo.java:updateAndGet(139)) - b7a926ba-63da-42ce-ae6a-067e307d0a81: start b7a926ba-63da-42ce-ae6a-067e307d0a81@group-E0B45DCEEBC7-FollowerState
2022-06-01 03:34:54,672 [b7a926ba-63da-42ce-ae6a-067e307d0a81@group-E0B45DCEEBC7-FollowerState] INFO  impl.FollowerState (FollowerState.java:run(152)) - b7a926ba-63da-42ce-ae6a-067e307d0a81@group-E0B45DCEEBC7-FollowerState was interrupted
2022-06-01 03:34:54,679 [84edf777-a908-4fd1-ac59-ee76ae14fa63@group-E0B45DCEEBC7-FollowerState] INFO  impl.FollowerState (FollowerState.java:run(143)) - 84edf777-a908-4fd1-ac59-ee76ae14fa63@group-E0B45DCEEBC7-FollowerState: change to CANDIDATE, lastRpcElapsedTime:5022817840ns, electionTimeout:5012ms
2022-06-01 03:34:54,679 [84edf777-a908-4fd1-ac59-ee76ae14fa63@group-E0B45DCEEBC7-FollowerState] INFO  impl.RoleInfo (RoleInfo.java:shutdownFollowerState(110)) - 84edf777-a908-4fd1-ac59-ee76ae14fa63: shutdown 84edf777-a908-4fd1-ac59-ee76ae14fa63@group-E0B45DCEEBC7-FollowerState
2022-06-01 03:34:54,680 [84edf777-a908-4fd1-ac59-ee76ae14fa63@group-E0B45DCEEBC7-FollowerState] INFO  server.RaftServer$Division (RaftServerImpl.java:setRole(299)) - 84edf777-a908-4fd1-ac59-ee76ae14fa63@group-E0B45DCEEBC7: changes role from  FOLLOWER to CANDIDATE at term 0 for changeToCandidate
2022-06-01 03:34:54,680 [84edf777-a908-4fd1-ac59-ee76ae14fa63@group-E0B45DCEEBC7-FollowerState] INFO  server.RaftServerConfigKeys (ConfUtils.java:logGet(46)) - raft.server.leaderelection.pre-vote = false (custom)
2022-06-01 03:34:54,680 [84edf777-a908-4fd1-ac59-ee76ae14fa63@group-E0B45DCEEBC7-FollowerState] INFO  impl.RoleInfo (RoleInfo.java:updateAndGet(139)) - 84edf777-a908-4fd1-ac59-ee76ae14fa63: start 84edf777-a908-4fd1-ac59-ee76ae14fa63@group-E0B45DCEEBC7-LeaderElection12
2022-06-01 03:34:54,683 [grpc-default-executor-0] INFO  server.RaftServer$Division (RaftServerImpl.java:requestVote(1184)) - b7a926ba-63da-42ce-ae6a-067e307d0a81@group-E0B45DCEEBC7 replies to ELECTION vote request: edc35c82-9122-45b9-884d-047213d7d1a1<-b7a926ba-63da-42ce-ae6a-067e307d0a81#0:OK-t1. Peer's state: b7a926ba-63da-42ce-ae6a-067e307d0a81@group-E0B45DCEEBC7:t1, leader=null, voted=edc35c82-9122-45b9-884d-047213d7d1a1, raftlog=b7a926ba-63da-42ce-ae6a-067e307d0a81@group-E0B45DCEEBC7-SegmentedRaftLog:OPENED:c-1, conf=-1: [b7a926ba-63da-42ce-ae6a-067e307d0a81|rpc:10.1.0.5:42167|dataStream:|priority:0, edc35c82-9122-45b9-884d-047213d7d1a1|rpc:10.1.0.5:41289|dataStream:|priority:1, 84edf777-a908-4fd1-ac59-ee76ae14fa63|rpc:10.1.0.5:35463|dataStream:|priority:0], old=null
2022-06-01 03:34:54,705 [84edf777-a908-4fd1-ac59-ee76ae14fa63@group-E0B45DCEEBC7-LeaderElection12] INFO  impl.LeaderElection (LeaderElection.java:askForVotes(310)) - 84edf777-a908-4fd1-ac59-ee76ae14fa63@group-E0B45DCEEBC7-LeaderElection12 ELECTION round 0: submit vote requests at term 1 for -1: [b7a926ba-63da-42ce-ae6a-067e307d0a81|rpc:10.1.0.5:42167|dataStream:|priority:0, edc35c82-9122-45b9-884d-047213d7d1a1|rpc:10.1.0.5:41289|dataStream:|priority:1, 84edf777-a908-4fd1-ac59-ee76ae14fa63|rpc:10.1.0.5:35463|dataStream:|priority:0], old=null
2022-06-01 03:34:54,716 [edc35c82-9122-45b9-884d-047213d7d1a1@group-E0B45DCEEBC7-LeaderElection11] INFO  impl.LeaderElection (LeaderElection.java:logAndReturn(90)) - edc35c82-9122-45b9-884d-047213d7d1a1@group-E0B45DCEEBC7-LeaderElection11: ELECTION PASSED received 1 response(s) and 0 exception(s):
2022-06-01 03:34:54,719 [edc35c82-9122-45b9-884d-047213d7d1a1@group-E0B45DCEEBC7-LeaderElection11] INFO  impl.LeaderElection (LeaderElection.java:logAndReturn(94)) -   Response 0: edc35c82-9122-45b9-884d-047213d7d1a1<-b7a926ba-63da-42ce-ae6a-067e307d0a81#0:OK-t1
2022-06-01 03:34:54,726 [edc35c82-9122-45b9-884d-047213d7d1a1@group-E0B45DCEEBC7-LeaderElection11] INFO  impl.LeaderElection (LeaderElection.java:askForVotes(312)) - edc35c82-9122-45b9-884d-047213d7d1a1@group-E0B45DCEEBC7-LeaderElection11 ELECTION round 0: result PASSED
2022-06-01 03:34:54,726 [edc35c82-9122-45b9-884d-047213d7d1a1@group-E0B45DCEEBC7-LeaderElection11] INFO  impl.RoleInfo (RoleInfo.java:shutdownLeaderElection(130)) - edc35c82-9122-45b9-884d-047213d7d1a1: shutdown edc35c82-9122-45b9-884d-047213d7d1a1@group-E0B45DCEEBC7-LeaderElection11
2022-06-01 03:34:54,726 [edc35c82-9122-45b9-884d-047213d7d1a1@group-E0B45DCEEBC7-LeaderElection11] INFO  server.RaftServer$Division (RaftServerImpl.java:setRole(299)) - edc35c82-9122-45b9-884d-047213d7d1a1@group-E0B45DCEEBC7: changes role from CANDIDATE to LEADER at term 1 for changeToLeader
2022-06-01 03:34:54,726 [edc35c82-9122-45b9-884d-047213d7d1a1@group-E0B45DCEEBC7-LeaderElection11] INFO  ratis.XceiverServerRatis (XceiverServerRatis.java:handleLeaderChangedNotification(863)) - Leader change notification received for group: group-E0B45DCEEBC7 with new leaderId: edc35c82-9122-45b9-884d-047213d7d1a1
2022-06-01 03:34:54,727 [edc35c82-9122-45b9-884d-047213d7d1a1@group-E0B45DCEEBC7-LeaderElection11] INFO  server.RaftServer$Division (ServerState.java:setLeader(287)) - edc35c82-9122-45b9-884d-047213d7d1a1@group-E0B45DCEEBC7: change Leader from null to edc35c82-9122-45b9-884d-047213d7d1a1 at term 1 for becomeLeader, leader elected after 5265ms
2022-06-01 03:34:54,727 [edc35c82-9122-45b9-884d-047213d7d1a1@group-E0B45DCEEBC7-LeaderElection11] INFO  server.RaftServerConfigKeys (ConfUtils.java:logGet(46)) - raft.server.staging.catchup.gap = 1000 (default)
2022-06-01 03:34:54,727 [edc35c82-9122-45b9-884d-047213d7d1a1@group-E0B45DCEEBC7-LeaderElection11] INFO  server.RaftServerConfigKeys (ConfUtils.java:logGet(46)) - raft.server.write.element-limit = 1024 (custom)
2022-06-01 03:34:54,727 [edc35c82-9122-45b9-884d-047213d7d1a1@group-E0B45DCEEBC7-LeaderElection11] INFO  server.RaftServerConfigKeys (ConfUtils.java:logGet(46)) - raft.server.write.byte-limit = 1024 M (=1073741824) (custom)
2022-06-01 03:34:54,727 [edc35c82-9122-45b9-884d-047213d7d1a1@group-E0B45DCEEBC7-LeaderElection11] INFO  server.RaftServerConfigKeys (ConfUtils.java:logGet(46)) - raft.server.watch.timeout = 180s (custom)
2022-06-01 03:34:54,727 [edc35c82-9122-45b9-884d-047213d7d1a1@group-E0B45DCEEBC7-LeaderElection11] INFO  server.RaftServerConfigKeys (ConfUtils.java:logGet(46)) - raft.server.watch.timeout.denomination = 1s (default)
2022-06-01 03:34:54,727 [edc35c82-9122-45b9-884d-047213d7d1a1@group-E0B45DCEEBC7-LeaderElection11] INFO  server.RaftServerConfigKeys (ConfUtils.java:logGet(46)) - raft.server.watch.element-limit = 65536 (default)
2022-06-01 03:34:54,727 [edc35c82-9122-45b9-884d-047213d7d1a1@group-E0B45DCEEBC7-LeaderElection11] INFO  server.RaftServerConfigKeys (ConfUtils.java:logGet(46)) - raft.server.write.element-limit = 1024 (custom)
2022-06-01 03:34:54,728 [edc35c82-9122-45b9-884d-047213d7d1a1@group-E0B45DCEEBC7-LeaderElection11] INFO  server.RaftServerConfigKeys (ConfUtils.java:logGet(46)) - raft.server.write.follower.gap.ratio.max = -1.0 (default)
2022-06-01 03:34:54,728 [edc35c82-9122-45b9-884d-047213d7d1a1@group-E0B45DCEEBC7-LeaderElection11] INFO  server.RaftServerConfigKeys (ConfUtils.java:logGet(46)) - raft.server.log.appender.snapshot.chunk.size.max = 16MB (=16777216) (default)
2022-06-01 03:34:54,728 [edc35c82-9122-45b9-884d-047213d7d1a1@group-E0B45DCEEBC7-LeaderElection11] INFO  server.RaftServerConfigKeys (ConfUtils.java:logGet(46)) - raft.server.log.appender.buffer.byte-limit = 33554432 (custom)
2022-06-01 03:34:54,728 [edc35c82-9122-45b9-884d-047213d7d1a1@group-E0B45DCEEBC7-LeaderElection11] INFO  server.RaftServerConfigKeys (ConfUtils.java:logGet(46)) - raft.server.log.appender.buffer.element-limit = 1 (custom)
2022-06-01 03:34:54,728 [edc35c82-9122-45b9-884d-047213d7d1a1@group-E0B45DCEEBC7-LeaderElection11] INFO  grpc.GrpcConfigKeys (ConfUtils.java:logGet(46)) - raft.grpc.server.leader.outstanding.appends.max = 128 (default)
2022-06-01 03:34:54,728 [edc35c82-9122-45b9-884d-047213d7d1a1@group-E0B45DCEEBC7-LeaderElection11] INFO  server.RaftServerConfigKeys (ConfUtils.java:logGet(46)) - raft.server.rpc.request.timeout = 60s (custom)
2022-06-01 03:34:54,728 [edc35c82-9122-45b9-884d-047213d7d1a1@group-E0B45DCEEBC7-LeaderElection11] INFO  server.RaftServerConfigKeys (ConfUtils.java:logGet(46)) - raft.server.log.appender.install.snapshot.enabled = false (custom)
2022-06-01 03:34:54,729 [edc35c82-9122-45b9-884d-047213d7d1a1@group-E0B45DCEEBC7-LeaderElection11] INFO  server.RaftServerConfigKeys (ConfUtils.java:logGet(46)) - raft.server.log.appender.snapshot.chunk.size.max = 16MB (=16777216) (default)
2022-06-01 03:34:54,729 [edc35c82-9122-45b9-884d-047213d7d1a1@group-E0B45DCEEBC7-LeaderElection11] INFO  server.RaftServerConfigKeys (ConfUtils.java:logGet(46)) - raft.server.log.appender.buffer.byte-limit = 33554432 (custom)
2022-06-01 03:34:54,729 [edc35c82-9122-45b9-884d-047213d7d1a1@group-E0B45DCEEBC7-LeaderElection11] INFO  server.RaftServerConfigKeys (ConfUtils.java:logGet(46)) - raft.server.log.appender.buffer.element-limit = 1 (custom)
2022-06-01 03:34:54,730 [EventQueue-PipelineReportForPipelineReportHandler] INFO  pipeline.PipelineManagerImpl (PipelineManagerImpl.java:openPipeline(356)) - Pipeline Pipeline[ Id: 9ba8ef62-c6dc-4b24-9f64-e0b45dceebc7, Nodes: b7a926ba-63da-42ce-ae6a-067e307d0a81{ip: 10.1.0.5, host: fv-az151-582.yf2hydr00wburbhx3j5hxtcipe.bx.internal.cloudapp.net, ports: [REPLICATION=35827, RATIS=42167, RATIS_ADMIN=42167, RATIS_SERVER=42167, STANDALONE=43577], networkLocation: /default-rack, certSerialId: null, persistedOpState: IN_SERVICE, persistedOpStateExpiryEpochSec: 0}84edf777-a908-4fd1-ac59-ee76ae14fa63{ip: 10.1.0.5, host: fv-az151-582.yf2hydr00wburbhx3j5hxtcipe.bx.internal.cloudapp.net, ports: [REPLICATION=37751, RATIS=35463, RATIS_ADMIN=35463, RATIS_SERVER=35463, STANDALONE=44009], networkLocation: /default-rack, certSerialId: null, persistedOpState: IN_SERVICE, persistedOpStateExpiryEpochSec: 0}edc35c82-9122-45b9-884d-047213d7d1a1{ip: 10.1.0.5, host: fv-az151-582.yf2hydr00wburbhx3j5hxtcipe.bx.internal.cloudapp.net, ports: [REPLICATION=42489, RATIS=41289, RATIS_ADMIN=41289, RATIS_SERVER=41289, STANDALONE=45309], networkLocation: /default-rack, certSerialId: null, persistedOpState: IN_SERVICE, persistedOpStateExpiryEpochSec: 0}, ReplicationConfig: RATIS/THREE, State:ALLOCATED, leaderId:edc35c82-9122-45b9-884d-047213d7d1a1, CreationTimestamp2022-06-01T03:34:47.685Z[Etc/UTC]] moved to OPEN state
2022-06-01 03:34:54,745 [EventQueue-OpenPipelineForHealthyPipelineSafeModeRule] INFO  safemode.SCMSafeModeManager (HealthyPipelineSafeModeRule.java:process(124)) - SCM in safe mode. Healthy pipelines reported count is 1, required healthy pipeline reported count is 1
2022-06-01 03:34:54,745 [EventQueue-OpenPipelineForHealthyPipelineSafeModeRule] INFO  safemode.SCMSafeModeManager (SCMSafeModeManager.java:validateSafeModeExitRules(204)) - HealthyPipelineSafeModeRule rule is successfully validated
2022-06-01 03:34:54,745 [EventQueue-OpenPipelineForHealthyPipelineSafeModeRule] INFO  safemode.SCMSafeModeManager (SCMSafeModeManager.java:validateSafeModeExitRules(219)) - ScmSafeModeManager, all rules are successfully validated
2022-06-01 03:34:54,745 [EventQueue-OpenPipelineForHealthyPipelineSafeModeRule] INFO  safemode.SCMSafeModeManager (SCMSafeModeManager.java:exitSafeMode(248)) - SCM exiting safe mode.
2022-06-01 03:34:54,745 [EventQueue-OpenPipelineForHealthyPipelineSafeModeRule] WARN  events.EventQueue (EventQueue.java:fireEvent(194)) - No event handler registered for event TypedEvent{payloadType=SafeModeStatus, name='Safe mode status'}
2022-06-01 03:34:54,745 [EventQueue-OpenPipelineForHealthyPipelineSafeModeRule] INFO  ha.SCMContext (SCMContext.java:updateSafeModeStatus(211)) - Update SafeModeStatus from SafeModeStatus{safeModeStatus=true, preCheckPassed=true} to SafeModeStatus{safeModeStatus=false, preCheckPassed=true}.
2022-06-01 03:34:54,745 [EventQueue-OpenPipelineForHealthyPipelineSafeModeRule] INFO  pipeline.BackgroundPipelineCreator (BackgroundPipelineCreator.java:notifyStatusChanged(251)) - Service BackgroundPipelineCreator transitions to RUNNING.
2022-06-01 03:34:54,745 [EventQueue-OpenPipelineForHealthyPipelineSafeModeRule] INFO  BackgroundPipelineScrubber (BackgroundSCMService.java:notifyStatusChanged(82)) - Service BackgroundPipelineScrubber transitions to RUNNING.
2022-06-01 03:34:54,745 [EventQueue-OpenPipelineForHealthyPipelineSafeModeRule] INFO  ExpiredContainerReplicaOpScrubber (BackgroundSCMService.java:notifyStatusChanged(82)) - Service ExpiredContainerReplicaOpScrubber transitions to RUNNING.
2022-06-01 03:34:54,746 [EventQueue-OpenPipelineForHealthyPipelineSafeModeRule] INFO  replication.ReplicationManager (ReplicationManager.java:notifyStatusChanged(372)) - Service ReplicationManager transitions to RUNNING.
2022-06-01 03:34:54,744 [edc35c82-9122-45b9-884d-047213d7d1a1@group-E0B45DCEEBC7-LeaderElection11] INFO  grpc.GrpcConfigKeys (ConfUtils.java:logGet(46)) - raft.grpc.server.leader.outstanding.appends.max = 128 (default)
2022-06-01 03:34:54,740 [grpc-default-executor-0] INFO  server.RaftServer$Division (RaftServerImpl.java:requestVote(1152)) - 84edf777-a908-4fd1-ac59-ee76ae14fa63@group-E0B45DCEEBC7: receive requestVote(ELECTION, edc35c82-9122-45b9-884d-047213d7d1a1, group-E0B45DCEEBC7, 1, (t:0, i:0))
2022-06-01 03:34:54,752 [grpc-default-executor-0] INFO  impl.VoteContext (VoteContext.java:log(48)) - 84edf777-a908-4fd1-ac59-ee76ae14fa63@group-E0B45DCEEBC7-CANDIDATE: reject ELECTION from edc35c82-9122-45b9-884d-047213d7d1a1: already has voted for 84edf777-a908-4fd1-ac59-ee76ae14fa63 at current term 1
2022-06-01 03:34:54,752 [grpc-default-executor-0] INFO  server.RaftServer$Division (RaftServerImpl.java:requestVote(1184)) - 84edf777-a908-4fd1-ac59-ee76ae14fa63@group-E0B45DCEEBC7 replies to ELECTION vote request: edc35c82-9122-45b9-884d-047213d7d1a1<-84edf777-a908-4fd1-ac59-ee76ae14fa63#0:FAIL-t1. Peer's state: 84edf777-a908-4fd1-ac59-ee76ae14fa63@group-E0B45DCEEBC7:t1, leader=null, voted=84edf777-a908-4fd1-ac59-ee76ae14fa63, raftlog=84edf777-a908-4fd1-ac59-ee76ae14fa63@group-E0B45DCEEBC7-SegmentedRaftLog:OPENED:c-1, conf=-1: [b7a926ba-63da-42ce-ae6a-067e307d0a81|rpc:10.1.0.5:42167|dataStream:|priority:0, edc35c82-9122-45b9-884d-047213d7d1a1|rpc:10.1.0.5:41289|dataStream:|priority:1, 84edf777-a908-4fd1-ac59-ee76ae14fa63|rpc:10.1.0.5:35463|dataStream:|priority:0], old=null
2022-06-01 03:34:54,752 [edc35c82-9122-45b9-884d-047213d7d1a1@group-E0B45DCEEBC7-LeaderElection11] INFO  server.RaftServerConfigKeys (ConfUtils.java:logGet(46)) - raft.server.rpc.request.timeout = 60s (custom)
2022-06-01 03:34:54,753 [edc35c82-9122-45b9-884d-047213d7d1a1@group-E0B45DCEEBC7-LeaderElection11] INFO  server.RaftServerConfigKeys (ConfUtils.java:logGet(46)) - raft.server.log.appender.install.snapshot.enabled = false (custom)
2022-06-01 03:34:54,753 [edc35c82-9122-45b9-884d-047213d7d1a1@group-E0B45DCEEBC7-LeaderElection11] INFO  impl.RoleInfo (RoleInfo.java:updateAndGet(139)) - edc35c82-9122-45b9-884d-047213d7d1a1: start edc35c82-9122-45b9-884d-047213d7d1a1@group-E0B45DCEEBC7-LeaderStateImpl
2022-06-01 03:34:54,754 [edc35c82-9122-45b9-884d-047213d7d1a1@group-E0B45DCEEBC7-LeaderElection11] INFO  segmented.SegmentedRaftLogWorker (SegmentedRaftLogWorker.java:startLogSegment(425)) - edc35c82-9122-45b9-884d-047213d7d1a1@group-E0B45DCEEBC7-SegmentedRaftLogWorker: Starting segment from index:0
2022-06-01 03:34:54,755 [edc35c82-9122-45b9-884d-047213d7d1a1@group-E0B45DCEEBC7-SegmentedRaftLogWorker] INFO  segmented.SegmentedRaftLogWorker (SegmentedRaftLogWorker.java:execute(629)) - edc35c82-9122-45b9-884d-047213d7d1a1@group-E0B45DCEEBC7-SegmentedRaftLogWorker: created new log segment /home/runner/work/ozone/ozone/hadoop-ozone/integration-test/target/test-dir/MiniOzoneClusterImpl-1e64a523-1474-4f36-a74c-b9773adf1118/datanode-0/data/ratis/9ba8ef62-c6dc-4b24-9f64-e0b45dceebc7/current/log_inprogress_0
2022-06-01 03:34:54,773 [edc35c82-9122-45b9-884d-047213d7d1a1@group-E0B45DCEEBC7-LeaderElection11] INFO  server.RaftServer$Division (ServerState.java:setRaftConf(393)) - edc35c82-9122-45b9-884d-047213d7d1a1@group-E0B45DCEEBC7: set configuration 0: [b7a926ba-63da-42ce-ae6a-067e307d0a81|rpc:10.1.0.5:42167|dataStream:|priority:0, edc35c82-9122-45b9-884d-047213d7d1a1|rpc:10.1.0.5:41289|dataStream:|priority:1, 84edf777-a908-4fd1-ac59-ee76ae14fa63|rpc:10.1.0.5:35463|dataStream:|priority:0], old=null
2022-06-01 03:34:54,791 [grpc-default-executor-2] INFO  server.RaftServer$Division (RaftServerImpl.java:requestVote(1152)) - b7a926ba-63da-42ce-ae6a-067e307d0a81@group-E0B45DCEEBC7: receive requestVote(ELECTION, 84edf777-a908-4fd1-ac59-ee76ae14fa63, group-E0B45DCEEBC7, 1, (t:0, i:0))
2022-06-01 03:34:54,791 [grpc-default-executor-2] INFO  impl.VoteContext (VoteContext.java:log(48)) - b7a926ba-63da-42ce-ae6a-067e307d0a81@group-E0B45DCEEBC7-FOLLOWER: reject ELECTION from 84edf777-a908-4fd1-ac59-ee76ae14fa63: already has voted for edc35c82-9122-45b9-884d-047213d7d1a1 at current term 1
2022-06-01 03:34:54,791 [grpc-default-executor-2] INFO  server.RaftServer$Division (RaftServerImpl.java:requestVote(1184)) - b7a926ba-63da-42ce-ae6a-067e307d0a81@group-E0B45DCEEBC7 replies to ELECTION vote request: 84edf777-a908-4fd1-ac59-ee76ae14fa63<-b7a926ba-63da-42ce-ae6a-067e307d0a81#0:FAIL-t1. Peer's state: b7a926ba-63da-42ce-ae6a-067e307d0a81@group-E0B45DCEEBC7:t1, leader=null, voted=edc35c82-9122-45b9-884d-047213d7d1a1, raftlog=b7a926ba-63da-42ce-ae6a-067e307d0a81@group-E0B45DCEEBC7-SegmentedRaftLog:OPENED:c-1, conf=-1: [b7a926ba-63da-42ce-ae6a-067e307d0a81|rpc:10.1.0.5:42167|dataStream:|priority:0, edc35c82-9122-45b9-884d-047213d7d1a1|rpc:10.1.0.5:41289|dataStream:|priority:1, 84edf777-a908-4fd1-ac59-ee76ae14fa63|rpc:10.1.0.5:35463|dataStream:|priority:0], old=null
2022-06-01 03:34:54,791 [b7a926ba-63da-42ce-ae6a-067e307d0a81-server-thread1] INFO  ratis.XceiverServerRatis (XceiverServerRatis.java:handleLeaderChangedNotification(863)) - Leader change notification received for group: group-E0B45DCEEBC7 with new leaderId: edc35c82-9122-45b9-884d-047213d7d1a1
2022-06-01 03:34:54,791 [b7a926ba-63da-42ce-ae6a-067e307d0a81-server-thread1] INFO  server.RaftServer$Division (ServerState.java:setLeader(287)) - b7a926ba-63da-42ce-ae6a-067e307d0a81@group-E0B45DCEEBC7: change Leader from null to edc35c82-9122-45b9-884d-047213d7d1a1 at term 1 for appendEntries, leader elected after 5237ms
2022-06-01 03:34:54,801 [grpc-default-executor-0] INFO  server.RaftServer$Division (RaftServerImpl.java:requestVote(1152)) - edc35c82-9122-45b9-884d-047213d7d1a1@group-E0B45DCEEBC7: receive requestVote(ELECTION, 84edf777-a908-4fd1-ac59-ee76ae14fa63, group-E0B45DCEEBC7, 1, (t:0, i:0))
2022-06-01 03:34:54,808 [grpc-default-executor-0] INFO  impl.VoteContext (VoteContext.java:log(48)) - edc35c82-9122-45b9-884d-047213d7d1a1@group-E0B45DCEEBC7-LEADER: reject ELECTION from 84edf777-a908-4fd1-ac59-ee76ae14fa63: already has voted for edc35c82-9122-45b9-884d-047213d7d1a1 at current term 1
2022-06-01 03:34:54,808 [grpc-default-executor-0] INFO  server.RaftServer$Division (RaftServerImpl.java:requestVote(1184)) - edc35c82-9122-45b9-884d-047213d7d1a1@group-E0B45DCEEBC7 replies to ELECTION vote request: 84edf777-a908-4fd1-ac59-ee76ae14fa63<-edc35c82-9122-45b9-884d-047213d7d1a1#0:FAIL-t1. Peer's state: edc35c82-9122-45b9-884d-047213d7d1a1@group-E0B45DCEEBC7:t1, leader=edc35c82-9122-45b9-884d-047213d7d1a1, voted=edc35c82-9122-45b9-884d-047213d7d1a1, raftlog=edc35c82-9122-45b9-884d-047213d7d1a1@group-E0B45DCEEBC7-SegmentedRaftLog:OPENED:c0, conf=0: [b7a926ba-63da-42ce-ae6a-067e307d0a81|rpc:10.1.0.5:42167|dataStream:|priority:0, edc35c82-9122-45b9-884d-047213d7d1a1|rpc:10.1.0.5:41289|dataStream:|priority:1, 84edf777-a908-4fd1-ac59-ee76ae14fa63|rpc:10.1.0.5:35463|dataStream:|priority:0], old=null
2022-06-01 03:34:54,814 [b7a926ba-63da-42ce-ae6a-067e307d0a81-server-thread1] INFO  server.RaftServer$Division (ServerState.java:setRaftConf(393)) - b7a926ba-63da-42ce-ae6a-067e307d0a81@group-E0B45DCEEBC7: set configuration 0: [b7a926ba-63da-42ce-ae6a-067e307d0a81|rpc:10.1.0.5:42167|dataStream:|priority:0, edc35c82-9122-45b9-884d-047213d7d1a1|rpc:10.1.0.5:41289|dataStream:|priority:1, 84edf777-a908-4fd1-ac59-ee76ae14fa63|rpc:10.1.0.5:35463|dataStream:|priority:0], old=null
2022-06-01 03:34:54,815 [b7a926ba-63da-42ce-ae6a-067e307d0a81-server-thread1] INFO  segmented.SegmentedRaftLogWorker (SegmentedRaftLogWorker.java:startLogSegment(425)) - b7a926ba-63da-42ce-ae6a-067e307d0a81@group-E0B45DCEEBC7-SegmentedRaftLogWorker: Starting segment from index:0
2022-06-01 03:34:54,816 [84edf777-a908-4fd1-ac59-ee76ae14fa63@group-E0B45DCEEBC7-LeaderElection12] INFO  impl.LeaderElection (LeaderElection.java:logAndReturn(90)) - 84edf777-a908-4fd1-ac59-ee76ae14fa63@group-E0B45DCEEBC7-LeaderElection12: ELECTION REJECTED received 2 response(s) and 0 exception(s):
2022-06-01 03:34:54,822 [84edf777-a908-4fd1-ac59-ee76ae14fa63@group-E0B45DCEEBC7-LeaderElection12] INFO  impl.LeaderElection (LeaderElection.java:logAndReturn(94)) -   Response 0: 84edf777-a908-4fd1-ac59-ee76ae14fa63<-b7a926ba-63da-42ce-ae6a-067e307d0a81#0:FAIL-t1
2022-06-01 03:34:54,822 [84edf777-a908-4fd1-ac59-ee76ae14fa63@group-E0B45DCEEBC7-LeaderElection12] INFO  impl.LeaderElection (LeaderElection.java:logAndReturn(94)) -   Response 1: 84edf777-a908-4fd1-ac59-ee76ae14fa63<-edc35c82-9122-45b9-884d-047213d7d1a1#0:FAIL-t1
2022-06-01 03:34:54,822 [84edf777-a908-4fd1-ac59-ee76ae14fa63@group-E0B45DCEEBC7-LeaderElection12] INFO  impl.LeaderElection (LeaderElection.java:askForVotes(312)) - 84edf777-a908-4fd1-ac59-ee76ae14fa63@group-E0B45DCEEBC7-LeaderElection12 ELECTION round 0: result REJECTED
2022-06-01 03:34:54,822 [84edf777-a908-4fd1-ac59-ee76ae14fa63@group-E0B45DCEEBC7-LeaderElection12] INFO  server.RaftServer$Division (RaftServerImpl.java:setRole(299)) - 84edf777-a908-4fd1-ac59-ee76ae14fa63@group-E0B45DCEEBC7: changes role from CANDIDATE to FOLLOWER at term 1 for REJECTED
2022-06-01 03:34:54,822 [84edf777-a908-4fd1-ac59-ee76ae14fa63@group-E0B45DCEEBC7-LeaderElection12] INFO  impl.RoleInfo (RoleInfo.java:shutdownLeaderElection(130)) - 84edf777-a908-4fd1-ac59-ee76ae14fa63: shutdown 84edf777-a908-4fd1-ac59-ee76ae14fa63@group-E0B45DCEEBC7-LeaderElection12
2022-06-01 03:34:54,822 [84edf777-a908-4fd1-ac59-ee76ae14fa63@group-E0B45DCEEBC7-LeaderElection12] INFO  impl.RoleInfo (RoleInfo.java:updateAndGet(139)) - 84edf777-a908-4fd1-ac59-ee76ae14fa63: start 84edf777-a908-4fd1-ac59-ee76ae14fa63@group-E0B45DCEEBC7-FollowerState
2022-06-01 03:34:54,816 [b7a926ba-63da-42ce-ae6a-067e307d0a81@group-E0B45DCEEBC7-SegmentedRaftLogWorker] INFO  segmented.SegmentedRaftLogWorker (SegmentedRaftLogWorker.java:execute(629)) - b7a926ba-63da-42ce-ae6a-067e307d0a81@group-E0B45DCEEBC7-SegmentedRaftLogWorker: created new log segment /home/runner/work/ozone/ozone/hadoop-ozone/integration-test/target/test-dir/MiniOzoneClusterImpl-1e64a523-1474-4f36-a74c-b9773adf1118/datanode-1/data/ratis/9ba8ef62-c6dc-4b24-9f64-e0b45dceebc7/current/log_inprogress_0
2022-06-01 03:34:54,823 [84edf777-a908-4fd1-ac59-ee76ae14fa63-server-thread1] INFO  ratis.XceiverServerRatis (XceiverServerRatis.java:handleLeaderChangedNotification(863)) - Leader change notification received for group: group-E0B45DCEEBC7 with new leaderId: edc35c82-9122-45b9-884d-047213d7d1a1
2022-06-01 03:34:54,823 [84edf777-a908-4fd1-ac59-ee76ae14fa63-server-thread1] INFO  server.RaftServer$Division (ServerState.java:setLeader(287)) - 84edf777-a908-4fd1-ac59-ee76ae14fa63@group-E0B45DCEEBC7: change Leader from null to edc35c82-9122-45b9-884d-047213d7d1a1 at term 1 for appendEntries, leader elected after 5180ms
2022-06-01 03:34:54,840 [84edf777-a908-4fd1-ac59-ee76ae14fa63-server-thread1] INFO  server.RaftServer$Division (ServerState.java:setRaftConf(393)) - 84edf777-a908-4fd1-ac59-ee76ae14fa63@group-E0B45DCEEBC7: set configuration 0: [b7a926ba-63da-42ce-ae6a-067e307d0a81|rpc:10.1.0.5:42167|dataStream:|priority:0, edc35c82-9122-45b9-884d-047213d7d1a1|rpc:10.1.0.5:41289|dataStream:|priority:1, 84edf777-a908-4fd1-ac59-ee76ae14fa63|rpc:10.1.0.5:35463|dataStream:|priority:0], old=null
2022-06-01 03:34:54,841 [84edf777-a908-4fd1-ac59-ee76ae14fa63-server-thread1] INFO  segmented.SegmentedRaftLogWorker (SegmentedRaftLogWorker.java:startLogSegment(425)) - 84edf777-a908-4fd1-ac59-ee76ae14fa63@group-E0B45DCEEBC7-SegmentedRaftLogWorker: Starting segment from index:0
2022-06-01 03:34:54,843 [84edf777-a908-4fd1-ac59-ee76ae14fa63@group-E0B45DCEEBC7-SegmentedRaftLogWorker] INFO  segmented.SegmentedRaftLogWorker (SegmentedRaftLogWorker.java:execute(629)) - 84edf777-a908-4fd1-ac59-ee76ae14fa63@group-E0B45DCEEBC7-SegmentedRaftLogWorker: created new log segment /home/runner/work/ozone/ozone/hadoop-ozone/integration-test/target/test-dir/MiniOzoneClusterImpl-1e64a523-1474-4f36-a74c-b9773adf1118/datanode-2/data/ratis/9ba8ef62-c6dc-4b24-9f64-e0b45dceebc7/current/log_inprogress_0
2022-06-01 03:34:54,919 [edc35c82-9122-45b9-884d-047213d7d1a1@group-EAE2F5F200B3-FollowerState] INFO  impl.FollowerState (FollowerState.java:run(143)) - edc35c82-9122-45b9-884d-047213d7d1a1@group-EAE2F5F200B3-FollowerState: change to CANDIDATE, lastRpcElapsedTime:5196327402ns, electionTimeout:5193ms
2022-06-01 03:34:54,919 [edc35c82-9122-45b9-884d-047213d7d1a1@group-EAE2F5F200B3-FollowerState] INFO  impl.RoleInfo (RoleInfo.java:shutdownFollowerState(110)) - edc35c82-9122-45b9-884d-047213d7d1a1: shutdown edc35c82-9122-45b9-884d-047213d7d1a1@group-EAE2F5F200B3-FollowerState
2022-06-01 03:34:54,919 [edc35c82-9122-45b9-884d-047213d7d1a1@group-EAE2F5F200B3-FollowerState] INFO  server.RaftServer$Division (RaftServerImpl.java:setRole(299)) - edc35c82-9122-45b9-884d-047213d7d1a1@group-EAE2F5F200B3: changes role from  FOLLOWER to CANDIDATE at term 0 for changeToCandidate
2022-06-01 03:34:54,919 [edc35c82-9122-45b9-884d-047213d7d1a1@group-EAE2F5F200B3-FollowerState] INFO  server.RaftServerConfigKeys (ConfUtils.java:logGet(46)) - raft.server.leaderelection.pre-vote = false (custom)
2022-06-01 03:34:54,919 [edc35c82-9122-45b9-884d-047213d7d1a1@group-EAE2F5F200B3-FollowerState] INFO  impl.RoleInfo (RoleInfo.java:updateAndGet(139)) - edc35c82-9122-45b9-884d-047213d7d1a1: start edc35c82-9122-45b9-884d-047213d7d1a1@group-EAE2F5F200B3-LeaderElection13
2022-06-01 03:34:54,933 [84edf777-a908-4fd1-ac59-ee76ae14fa63@group-EAE2F5F200B3-FollowerState] INFO  impl.FollowerState (FollowerState.java:run(143)) - 84edf777-a908-4fd1-ac59-ee76ae14fa63@group-EAE2F5F200B3-FollowerState: change to CANDIDATE, lastRpcElapsedTime:5079417781ns, electionTimeout:5065ms
2022-06-01 03:34:54,933 [84edf777-a908-4fd1-ac59-ee76ae14fa63@group-EAE2F5F200B3-FollowerState] INFO  impl.RoleInfo (RoleInfo.java:shutdownFollowerState(110)) - 84edf777-a908-4fd1-ac59-ee76ae14fa63: shutdown 84edf777-a908-4fd1-ac59-ee76ae14fa63@group-EAE2F5F200B3-FollowerState
2022-06-01 03:34:54,933 [84edf777-a908-4fd1-ac59-ee76ae14fa63@group-EAE2F5F200B3-FollowerState] INFO  server.RaftServer$Division (RaftServerImpl.java:setRole(299)) - 84edf777-a908-4fd1-ac59-ee76ae14fa63@group-EAE2F5F200B3: changes role from  FOLLOWER to CANDIDATE at term 0 for changeToCandidate
2022-06-01 03:34:54,933 [84edf777-a908-4fd1-ac59-ee76ae14fa63@group-EAE2F5F200B3-FollowerState] INFO  server.RaftServerConfigKeys (ConfUtils.java:logGet(46)) - raft.server.leaderelection.pre-vote = false (custom)
2022-06-01 03:34:54,933 [84edf777-a908-4fd1-ac59-ee76ae14fa63@group-EAE2F5F200B3-FollowerState] INFO  impl.RoleInfo (RoleInfo.java:updateAndGet(139)) - 84edf777-a908-4fd1-ac59-ee76ae14fa63: start 84edf777-a908-4fd1-ac59-ee76ae14fa63@group-EAE2F5F200B3-LeaderElection14
2022-06-01 03:34:54,934 [edc35c82-9122-45b9-884d-047213d7d1a1@group-EAE2F5F200B3-LeaderElection13] INFO  impl.LeaderElection (LeaderElection.java:askForVotes(310)) - edc35c82-9122-45b9-884d-047213d7d1a1@group-EAE2F5F200B3-LeaderElection13 ELECTION round 0: submit vote requests at term 1 for -1: [b7a926ba-63da-42ce-ae6a-067e307d0a81|rpc:10.1.0.5:42167|priority:0, edc35c82-9122-45b9-884d-047213d7d1a1|rpc:10.1.0.5:41289|priority:0, 84edf777-a908-4fd1-ac59-ee76ae14fa63|rpc:10.1.0.5:35463|priority:1], old=null
2022-06-01 03:34:54,952 [grpc-default-executor-2] INFO  server.RaftServer$Division (RaftServerImpl.java:requestVote(1152)) - b7a926ba-63da-42ce-ae6a-067e307d0a81@group-EAE2F5F200B3: receive requestVote(ELECTION, edc35c82-9122-45b9-884d-047213d7d1a1, group-EAE2F5F200B3, 1, (t:0, i:0))
2022-06-01 03:34:54,952 [grpc-default-executor-2] INFO  impl.VoteContext (VoteContext.java:log(48)) - b7a926ba-63da-42ce-ae6a-067e307d0a81@group-EAE2F5F200B3-FOLLOWER: accept ELECTION from edc35c82-9122-45b9-884d-047213d7d1a1: our priority 0 <= candidate's priority 0
2022-06-01 03:34:54,952 [grpc-default-executor-2] INFO  server.RaftServer$Division (RaftServerImpl.java:setRole(299)) - b7a926ba-63da-42ce-ae6a-067e307d0a81@group-EAE2F5F200B3: changes role from  FOLLOWER to FOLLOWER at term 1 for candidate:edc35c82-9122-45b9-884d-047213d7d1a1
2022-06-01 03:34:54,952 [grpc-default-executor-2] INFO  impl.RoleInfo (RoleInfo.java:shutdownFollowerState(110)) - b7a926ba-63da-42ce-ae6a-067e307d0a81: shutdown b7a926ba-63da-42ce-ae6a-067e307d0a81@group-EAE2F5F200B3-FollowerState
2022-06-01 03:34:54,953 [grpc-default-executor-2] INFO  impl.RoleInfo (RoleInfo.java:updateAndGet(139)) - b7a926ba-63da-42ce-ae6a-067e307d0a81: start b7a926ba-63da-42ce-ae6a-067e307d0a81@group-EAE2F5F200B3-FollowerState
2022-06-01 03:34:54,953 [b7a926ba-63da-42ce-ae6a-067e307d0a81@group-EAE2F5F200B3-FollowerState] INFO  impl.FollowerState (FollowerState.java:run(152)) - b7a926ba-63da-42ce-ae6a-067e307d0a81@group-EAE2F5F200B3-FollowerState was interrupted
2022-06-01 03:34:54,954 [84edf777-a908-4fd1-ac59-ee76ae14fa63@group-EAE2F5F200B3-LeaderElection14] INFO  impl.LeaderElection (LeaderElection.java:askForVotes(310)) - 84edf777-a908-4fd1-ac59-ee76ae14fa63@group-EAE2F5F200B3-LeaderElection14 ELECTION round 0: submit vote requests at term 1 for -1: [b7a926ba-63da-42ce-ae6a-067e307d0a81|rpc:10.1.0.5:42167|dataStream:|priority:0, edc35c82-9122-45b9-884d-047213d7d1a1|rpc:10.1.0.5:41289|dataStream:|priority:0, 84edf777-a908-4fd1-ac59-ee76ae14fa63|rpc:10.1.0.5:35463|dataStream:|priority:1], old=null
2022-06-01 03:34:54,962 [grpc-default-executor-2] INFO  server.RaftServer$Division (RaftServerImpl.java:requestVote(1184)) - b7a926ba-63da-42ce-ae6a-067e307d0a81@group-EAE2F5F200B3 replies to ELECTION vote request: edc35c82-9122-45b9-884d-047213d7d1a1<-b7a926ba-63da-42ce-ae6a-067e307d0a81#0:OK-t1. Peer's state: b7a926ba-63da-42ce-ae6a-067e307d0a81@group-EAE2F5F200B3:t1, leader=null, voted=edc35c82-9122-45b9-884d-047213d7d1a1, raftlog=b7a926ba-63da-42ce-ae6a-067e307d0a81@group-EAE2F5F200B3-SegmentedRaftLog:OPENED:c-1, conf=-1: [b7a926ba-63da-42ce-ae6a-067e307d0a81|rpc:10.1.0.5:42167|dataStream:|priority:0, edc35c82-9122-45b9-884d-047213d7d1a1|rpc:10.1.0.5:41289|dataStream:|priority:0, 84edf777-a908-4fd1-ac59-ee76ae14fa63|rpc:10.1.0.5:35463|dataStream:|priority:1], old=null
2022-06-01 03:34:54,980 [grpc-default-executor-3] INFO  server.RaftServer$Division (RaftServerImpl.java:requestVote(1152)) - b7a926ba-63da-42ce-ae6a-067e307d0a81@group-EAE2F5F200B3: receive requestVote(ELECTION, 84edf777-a908-4fd1-ac59-ee76ae14fa63, group-EAE2F5F200B3, 1, (t:0, i:0))
2022-06-01 03:34:54,980 [b7a926ba-63da-42ce-ae6a-067e307d0a81@group-199D460F5D95-FollowerState] INFO  impl.FollowerState (FollowerState.java:run(143)) - b7a926ba-63da-42ce-ae6a-067e307d0a81@group-199D460F5D95-FollowerState: change to CANDIDATE, lastRpcElapsedTime:5023463645ns, electionTimeout:5020ms
2022-06-01 03:34:54,981 [b7a926ba-63da-42ce-ae6a-067e307d0a81@group-199D460F5D95-FollowerState] INFO  impl.RoleInfo (RoleInfo.java:shutdownFollowerState(110)) - b7a926ba-63da-42ce-ae6a-067e307d0a81: shutdown b7a926ba-63da-42ce-ae6a-067e307d0a81@group-199D460F5D95-FollowerState
2022-06-01 03:34:54,981 [b7a926ba-63da-42ce-ae6a-067e307d0a81@group-199D460F5D95-FollowerState] INFO  server.RaftServer$Division (RaftServerImpl.java:setRole(299)) - b7a926ba-63da-42ce-ae6a-067e307d0a81@group-199D460F5D95: changes role from  FOLLOWER to CANDIDATE at term 0 for changeToCandidate
2022-06-01 03:34:54,981 [b7a926ba-63da-42ce-ae6a-067e307d0a81@group-199D460F5D95-FollowerState] INFO  server.RaftServerConfigKeys (ConfUtils.java:logGet(46)) - raft.server.leaderelection.pre-vote = false (custom)
2022-06-01 03:34:54,981 [b7a926ba-63da-42ce-ae6a-067e307d0a81@group-199D460F5D95-FollowerState] INFO  impl.RoleInfo (RoleInfo.java:updateAndGet(139)) - b7a926ba-63da-42ce-ae6a-067e307d0a81: start b7a926ba-63da-42ce-ae6a-067e307d0a81@group-199D460F5D95-LeaderElection15
2022-06-01 03:34:54,980 [grpc-default-executor-2] INFO  server.RaftServer$Division (RaftServerImpl.java:requestVote(1152)) - 84edf777-a908-4fd1-ac59-ee76ae14fa63@group-EAE2F5F200B3: receive requestVote(ELECTION, edc35c82-9122-45b9-884d-047213d7d1a1, group-EAE2F5F200B3, 1, (t:0, i:0))
2022-06-01 03:34:54,981 [grpc-default-executor-2] INFO  impl.VoteContext (VoteContext.java:log(48)) - 84edf777-a908-4fd1-ac59-ee76ae14fa63@group-EAE2F5F200B3-CANDIDATE: reject ELECTION from edc35c82-9122-45b9-884d-047213d7d1a1: already has voted for 84edf777-a908-4fd1-ac59-ee76ae14fa63 at current term 1
2022-06-01 03:34:54,982 [grpc-default-executor-2] INFO  server.RaftServer$Division (RaftServerImpl.java:requestVote(1184)) - 84edf777-a908-4fd1-ac59-ee76ae14fa63@group-EAE2F5F200B3 replies to ELECTION vote request: edc35c82-9122-45b9-884d-047213d7d1a1<-84edf777-a908-4fd1-ac59-ee76ae14fa63#0:FAIL-t1. Peer's state: 84edf777-a908-4fd1-ac59-ee76ae14fa63@group-EAE2F5F200B3:t1, leader=null, voted=84edf777-a908-4fd1-ac59-ee76ae14fa63, raftlog=84edf777-a908-4fd1-ac59-ee76ae14fa63@group-EAE2F5F200B3-SegmentedRaftLog:OPENED:c-1, conf=-1: [b7a926ba-63da-42ce-ae6a-067e307d0a81|rpc:10.1.0.5:42167|dataStream:|priority:0, edc35c82-9122-45b9-884d-047213d7d1a1|rpc:10.1.0.5:41289|dataStream:|priority:0, 84edf777-a908-4fd1-ac59-ee76ae14fa63|rpc:10.1.0.5:35463|dataStream:|priority:1], old=null
2022-06-01 03:34:54,980 [grpc-default-executor-0] INFO  server.RaftServer$Division (RaftServerImpl.java:requestVote(1152)) - edc35c82-9122-45b9-884d-047213d7d1a1@group-EAE2F5F200B3: receive requestVote(ELECTION, 84edf777-a908-4fd1-ac59-ee76ae14fa63, group-EAE2F5F200B3, 1, (t:0, i:0))
2022-06-01 03:34:54,982 [grpc-default-executor-0] INFO  impl.VoteContext (VoteContext.java:log(48)) - edc35c82-9122-45b9-884d-047213d7d1a1@group-EAE2F5F200B3-CANDIDATE: reject ELECTION from 84edf777-a908-4fd1-ac59-ee76ae14fa63: already has voted for edc35c82-9122-45b9-884d-047213d7d1a1 at current term 1
2022-06-01 03:34:54,982 [grpc-default-executor-0] INFO  server.RaftServer$Division (RaftServerImpl.java:requestVote(1184)) - edc35c82-9122-45b9-884d-047213d7d1a1@group-EAE2F5F200B3 replies to ELECTION vote request: 84edf777-a908-4fd1-ac59-ee76ae14fa63<-edc35c82-9122-45b9-884d-047213d7d1a1#0:FAIL-t1. Peer's state: edc35c82-9122-45b9-884d-047213d7d1a1@group-EAE2F5F200B3:t1, leader=null, voted=edc35c82-9122-45b9-884d-047213d7d1a1, raftlog=edc35c82-9122-45b9-884d-047213d7d1a1@group-EAE2F5F200B3-SegmentedRaftLog:OPENED:c-1, conf=-1: [b7a926ba-63da-42ce-ae6a-067e307d0a81|rpc:10.1.0.5:42167|priority:0, edc35c82-9122-45b9-884d-047213d7d1a1|rpc:10.1.0.5:41289|priority:0, 84edf777-a908-4fd1-ac59-ee76ae14fa63|rpc:10.1.0.5:35463|priority:1], old=null
2022-06-01 03:34:54,981 [grpc-default-executor-3] INFO  impl.VoteContext (VoteContext.java:log(48)) - b7a926ba-63da-42ce-ae6a-067e307d0a81@group-EAE2F5F200B3-FOLLOWER: reject ELECTION from 84edf777-a908-4fd1-ac59-ee76ae14fa63: already has voted for edc35c82-9122-45b9-884d-047213d7d1a1 at current term 1
2022-06-01 03:34:54,988 [edc35c82-9122-45b9-884d-047213d7d1a1@group-EAE2F5F200B3-LeaderElection13] INFO  impl.LeaderElection (LeaderElection.java:logAndReturn(90)) - edc35c82-9122-45b9-884d-047213d7d1a1@group-EAE2F5F200B3-LeaderElection13: ELECTION REJECTED received 2 response(s) and 0 exception(s):
2022-06-01 03:34:54,988 [grpc-default-executor-3] INFO  server.RaftServer$Division (RaftServerImpl.java:requestVote(1184)) - b7a926ba-63da-42ce-ae6a-067e307d0a81@group-EAE2F5F200B3 replies to ELECTION vote request: 84edf777-a908-4fd1-ac59-ee76ae14fa63<-b7a926ba-63da-42ce-ae6a-067e307d0a81#0:FAIL-t1. Peer's state: b7a926ba-63da-42ce-ae6a-067e307d0a81@group-EAE2F5F200B3:t1, leader=null, voted=edc35c82-9122-45b9-884d-047213d7d1a1, raftlog=b7a926ba-63da-42ce-ae6a-067e307d0a81@group-EAE2F5F200B3-SegmentedRaftLog:OPENED:c-1, conf=-1: [b7a926ba-63da-42ce-ae6a-067e307d0a81|rpc:10.1.0.5:42167|dataStream:|priority:0, edc35c82-9122-45b9-884d-047213d7d1a1|rpc:10.1.0.5:41289|dataStream:|priority:0, 84edf777-a908-4fd1-ac59-ee76ae14fa63|rpc:10.1.0.5:35463|dataStream:|priority:1], old=null
2022-06-01 03:34:54,997 [edc35c82-9122-45b9-884d-047213d7d1a1@group-EAE2F5F200B3-LeaderElection13] INFO  impl.LeaderElection (LeaderElection.java:logAndReturn(94)) -   Response 0: edc35c82-9122-45b9-884d-047213d7d1a1<-b7a926ba-63da-42ce-ae6a-067e307d0a81#0:OK-t1
2022-06-01 03:34:54,997 [edc35c82-9122-45b9-884d-047213d7d1a1@group-EAE2F5F200B3-LeaderElection13] INFO  impl.LeaderElection (LeaderElection.java:logAndReturn(94)) -   Response 1: edc35c82-9122-45b9-884d-047213d7d1a1<-84edf777-a908-4fd1-ac59-ee76ae14fa63#0:FAIL-t1
2022-06-01 03:34:54,997 [edc35c82-9122-45b9-884d-047213d7d1a1@group-EAE2F5F200B3-LeaderElection13] INFO  impl.LeaderElection (LeaderElection.java:askForVotes(312)) - edc35c82-9122-45b9-884d-047213d7d1a1@group-EAE2F5F200B3-LeaderElection13 ELECTION round 0: result REJECTED
2022-06-01 03:34:54,997 [edc35c82-9122-45b9-884d-047213d7d1a1@group-EAE2F5F200B3-LeaderElection13] INFO  server.RaftServer$Division (RaftServerImpl.java:setRole(299)) - edc35c82-9122-45b9-884d-047213d7d1a1@group-EAE2F5F200B3: changes role from CANDIDATE to FOLLOWER at term 1 for REJECTED
2022-06-01 03:34:54,997 [edc35c82-9122-45b9-884d-047213d7d1a1@group-EAE2F5F200B3-LeaderElection13] INFO  impl.RoleInfo (RoleInfo.java:shutdownLeaderElection(130)) - edc35c82-9122-45b9-884d-047213d7d1a1: shutdown edc35c82-9122-45b9-884d-047213d7d1a1@group-EAE2F5F200B3-LeaderElection13
2022-06-01 03:34:54,997 [edc35c82-9122-45b9-884d-047213d7d1a1@group-EAE2F5F200B3-LeaderElection13] INFO  impl.RoleInfo (RoleInfo.java:updateAndGet(139)) - edc35c82-9122-45b9-884d-047213d7d1a1: start edc35c82-9122-45b9-884d-047213d7d1a1@group-EAE2F5F200B3-FollowerState
2022-06-01 03:34:54,998 [b7a926ba-63da-42ce-ae6a-067e307d0a81@group-199D460F5D95-LeaderElection15] INFO  impl.LeaderElection (LeaderElection.java:askForVotes(310)) - b7a926ba-63da-42ce-ae6a-067e307d0a81@group-199D460F5D95-LeaderElection15 ELECTION round 0: submit vote requests at term 1 for -1: [b7a926ba-63da-42ce-ae6a-067e307d0a81|rpc:10.1.0.5:42167|priority:1], old=null
2022-06-01 03:34:55,006 [b7a926ba-63da-42ce-ae6a-067e307d0a81@group-199D460F5D95-LeaderElection15] INFO  impl.LeaderElection (LeaderElection.java:askForVotes(312)) - b7a926ba-63da-42ce-ae6a-067e307d0a81@group-199D460F5D95-LeaderElection15 ELECTION round 0: result PASSED (term=1)
2022-06-01 03:34:55,006 [b7a926ba-63da-42ce-ae6a-067e307d0a81@group-199D460F5D95-LeaderElection15] INFO  impl.RoleInfo (RoleInfo.java:shutdownLeaderElection(130)) - b7a926ba-63da-42ce-ae6a-067e307d0a81: shutdown b7a926ba-63da-42ce-ae6a-067e307d0a81@group-199D460F5D95-LeaderElection15
2022-06-01 03:34:55,006 [b7a926ba-63da-42ce-ae6a-067e307d0a81@group-199D460F5D95-LeaderElection15] INFO  server.RaftServer$Division (RaftServerImpl.java:setRole(299)) - b7a926ba-63da-42ce-ae6a-067e307d0a81@group-199D460F5D95: changes role from CANDIDATE to LEADER at term 1 for changeToLeader
2022-06-01 03:34:55,006 [b7a926ba-63da-42ce-ae6a-067e307d0a81@group-199D460F5D95-LeaderElection15] INFO  ratis.XceiverServerRatis (XceiverServerRatis.java:handleLeaderChangedNotification(863)) - Leader change notification received for group: group-199D460F5D95 with new leaderId: b7a926ba-63da-42ce-ae6a-067e307d0a81
2022-06-01 03:34:55,006 [b7a926ba-63da-42ce-ae6a-067e307d0a81@group-199D460F5D95-LeaderElection15] INFO  server.RaftServer$Division (ServerState.java:setLeader(287)) - b7a926ba-63da-42ce-ae6a-067e307d0a81@group-199D460F5D95: change Leader from null to b7a926ba-63da-42ce-ae6a-067e307d0a81 at term 1 for becomeLeader, leader elected after 5068ms
2022-06-01 03:34:55,005 [84edf777-a908-4fd1-ac59-ee76ae14fa63@group-EAE2F5F200B3-LeaderElection14] INFO  impl.LeaderElection (LeaderElection.java:logAndReturn(90)) - 84edf777-a908-4fd1-ac59-ee76ae14fa63@group-EAE2F5F200B3-LeaderElection14: ELECTION REJECTED received 2 response(s) and 0 exception(s):
2022-06-01 03:34:55,006 [84edf777-a908-4fd1-ac59-ee76ae14fa63@group-EAE2F5F200B3-LeaderElection14] INFO  impl.LeaderElection (LeaderElection.java:logAndReturn(94)) -   Response 0: 84edf777-a908-4fd1-ac59-ee76ae14fa63<-b7a926ba-63da-42ce-ae6a-067e307d0a81#0:FAIL-t1
2022-06-01 03:34:55,006 [84edf777-a908-4fd1-ac59-ee76ae14fa63@group-EAE2F5F200B3-LeaderElection14] INFO  impl.LeaderElection (LeaderElection.java:logAndReturn(94)) -   Response 1: 84edf777-a908-4fd1-ac59-ee76ae14fa63<-edc35c82-9122-45b9-884d-047213d7d1a1#0:FAIL-t1
2022-06-01 03:34:55,006 [84edf777-a908-4fd1-ac59-ee76ae14fa63@group-EAE2F5F200B3-LeaderElection14] INFO  impl.LeaderElection (LeaderElection.java:askForVotes(312)) - 84edf777-a908-4fd1-ac59-ee76ae14fa63@group-EAE2F5F200B3-LeaderElection14 ELECTION round 0: result REJECTED
2022-06-01 03:34:55,006 [84edf777-a908-4fd1-ac59-ee76ae14fa63@group-EAE2F5F200B3-LeaderElection14] INFO  server.RaftServer$Division (RaftServerImpl.java:setRole(299)) - 84edf777-a908-4fd1-ac59-ee76ae14fa63@group-EAE2F5F200B3: changes role from CANDIDATE to FOLLOWER at term 1 for REJECTED
2022-06-01 03:34:55,006 [84edf777-a908-4fd1-ac59-ee76ae14fa63@group-EAE2F5F200B3-LeaderElection14] INFO  impl.RoleInfo (RoleInfo.java:shutdownLeaderElection(130)) - 84edf777-a908-4fd1-ac59-ee76ae14fa63: shutdown 84edf777-a908-4fd1-ac59-ee76ae14fa63@group-EAE2F5F200B3-LeaderElection14
2022-06-01 03:34:55,006 [84edf777-a908-4fd1-ac59-ee76ae14fa63@group-EAE2F5F200B3-LeaderElection14] INFO  impl.RoleInfo (RoleInfo.java:updateAndGet(139)) - 84edf777-a908-4fd1-ac59-ee76ae14fa63: start 84edf777-a908-4fd1-ac59-ee76ae14fa63@group-EAE2F5F200B3-FollowerState
2022-06-01 03:34:55,009 [b7a926ba-63da-42ce-ae6a-067e307d0a81@group-199D460F5D95-LeaderElection15] INFO  server.RaftServerConfigKeys (ConfUtils.java:logGet(46)) - raft.server.staging.catchup.gap = 1000 (default)
2022-06-01 03:34:55,009 [b7a926ba-63da-42ce-ae6a-067e307d0a81@group-199D460F5D95-LeaderElection15] INFO  server.RaftServerConfigKeys (ConfUtils.java:logGet(46)) - raft.server.write.element-limit = 1024 (custom)
2022-06-01 03:34:55,009 [b7a926ba-63da-42ce-ae6a-067e307d0a81@group-199D460F5D95-LeaderElection15] INFO  server.RaftServerConfigKeys (ConfUtils.java:logGet(46)) - raft.server.write.byte-limit = 1024 M (=1073741824) (custom)
2022-06-01 03:34:55,009 [b7a926ba-63da-42ce-ae6a-067e307d0a81@group-199D460F5D95-LeaderElection15] INFO  server.RaftServerConfigKeys (ConfUtils.java:logGet(46)) - raft.server.watch.timeout = 180s (custom)
2022-06-01 03:34:55,009 [b7a926ba-63da-42ce-ae6a-067e307d0a81@group-199D460F5D95-LeaderElection15] INFO  server.RaftServerConfigKeys (ConfUtils.java:logGet(46)) - raft.server.watch.timeout.denomination = 1s (default)
2022-06-01 03:34:55,009 [b7a926ba-63da-42ce-ae6a-067e307d0a81@group-199D460F5D95-LeaderElection15] INFO  server.RaftServerConfigKeys (ConfUtils.java:logGet(46)) - raft.server.watch.element-limit = 65536 (default)
2022-06-01 03:34:55,009 [b7a926ba-63da-42ce-ae6a-067e307d0a81@group-199D460F5D95-LeaderElection15] INFO  server.RaftServerConfigKeys (ConfUtils.java:logGet(46)) - raft.server.write.element-limit = 1024 (custom)
2022-06-01 03:34:55,009 [b7a926ba-63da-42ce-ae6a-067e307d0a81@group-199D460F5D95-LeaderElection15] INFO  server.RaftServerConfigKeys (ConfUtils.java:logGet(46)) - raft.server.write.follower.gap.ratio.max = -1.0 (default)
2022-06-01 03:34:55,010 [b7a926ba-63da-42ce-ae6a-067e307d0a81@group-199D460F5D95-LeaderElection15] INFO  impl.RoleInfo (RoleInfo.java:updateAndGet(139)) - b7a926ba-63da-42ce-ae6a-067e307d0a81: start b7a926ba-63da-42ce-ae6a-067e307d0a81@group-199D460F5D95-LeaderStateImpl
2022-06-01 03:34:55,010 [b7a926ba-63da-42ce-ae6a-067e307d0a81@group-199D460F5D95-LeaderElection15] INFO  segmented.SegmentedRaftLogWorker (SegmentedRaftLogWorker.java:startLogSegment(425)) - b7a926ba-63da-42ce-ae6a-067e307d0a81@group-199D460F5D95-SegmentedRaftLogWorker: Starting segment from index:0
2022-06-01 03:34:55,012 [b7a926ba-63da-42ce-ae6a-067e307d0a81@group-199D460F5D95-SegmentedRaftLogWorker] INFO  segmented.SegmentedRaftLogWorker (SegmentedRaftLogWorker.java:execute(629)) - b7a926ba-63da-42ce-ae6a-067e307d0a81@group-199D460F5D95-SegmentedRaftLogWorker: created new log segment /home/runner/work/ozone/ozone/hadoop-ozone/integration-test/target/test-dir/MiniOzoneClusterImpl-1e64a523-1474-4f36-a74c-b9773adf1118/datanode-1/data/ratis/bf0eafb5-9231-4581-9504-199d460f5d95/current/log_inprogress_0
2022-06-01 03:34:55,016 [b7a926ba-63da-42ce-ae6a-067e307d0a81@group-199D460F5D95-LeaderElection15] INFO  server.RaftServer$Division (ServerState.java:setRaftConf(393)) - b7a926ba-63da-42ce-ae6a-067e307d0a81@group-199D460F5D95: set configuration 0: [b7a926ba-63da-42ce-ae6a-067e307d0a81|rpc:10.1.0.5:42167|dataStream:|priority:1], old=null
2022-06-01 03:34:55,619 [Listener at 127.0.0.1/35387] INFO  ozone.MiniOzoneClusterImpl (MiniOzoneClusterImpl.java:lambda$waitForClusterToBeReady$0(221)) - Nodes are ready. Got 3 of 3 DN Heartbeats.
2022-06-01 03:34:55,619 [Listener at 127.0.0.1/35387] INFO  ozone.MiniOzoneClusterImpl (MiniOzoneClusterImpl.java:lambda$waitForClusterToBeReady$0(224)) - Cluster exits safe mode
2022-06-01 03:34:55,619 [Listener at 127.0.0.1/35387] INFO  ozone.MiniOzoneClusterImpl (MiniOzoneClusterImpl.java:lambda$waitForClusterToBeReady$0(226)) - SCM became leader
]]></system-out>
    </rerunFailure>
    <rerunFailure type="java.lang.AssertionError">
      <stackTrace><![CDATA[java.lang.AssertionError
	at org.junit.Assert.fail(Assert.java:87)
	at org.junit.Assert.assertTrue(Assert.java:42)
	at org.junit.Assert.assertTrue(Assert.java:53)
	at org.apache.hadoop.hdds.scm.TestRatisPipelineLeader.testLeaderIdAfterLeaderChange(TestRatisPipelineLeader.java:119)
	at sun.reflect.NativeMethodAccessorImpl.invoke0(Native Method)
	at sun.reflect.NativeMethodAccessorImpl.invoke(NativeMethodAccessorImpl.java:62)
	at sun.reflect.DelegatingMethodAccessorImpl.invoke(DelegatingMethodAccessorImpl.java:43)
	at java.lang.reflect.Method.invoke(Method.java:498)
	at org.junit.platform.commons.util.ReflectionUtils.invokeMethod(ReflectionUtils.java:725)
	at org.junit.jupiter.engine.execution.MethodInvocation.proceed(MethodInvocation.java:60)
	at org.junit.jupiter.engine.execution.InvocationInterceptorChain$ValidatingInvocation.proceed(InvocationInterceptorChain.java:131)
	at org.junit.jupiter.engine.extension.TimeoutInvocation.proceed(TimeoutInvocation.java:46)
	at org.junit.jupiter.engine.extension.TimeoutExtension.intercept(TimeoutExtension.java:149)
	at org.junit.jupiter.engine.extension.TimeoutExtension.interceptTestableMethod(TimeoutExtension.java:140)
	at org.junit.jupiter.engine.extension.TimeoutExtension.interceptTestMethod(TimeoutExtension.java:84)
	at org.junit.jupiter.engine.execution.ExecutableInvoker$ReflectiveInterceptorCall.lambda$ofVoidMethod$0(ExecutableInvoker.java:115)
	at org.junit.jupiter.engine.execution.ExecutableInvoker.lambda$invoke$0(ExecutableInvoker.java:105)
	at org.junit.jupiter.engine.execution.InvocationInterceptorChain$InterceptedInvocation.proceed(InvocationInterceptorChain.java:106)
	at org.junit.jupiter.engine.execution.InvocationInterceptorChain.proceed(InvocationInterceptorChain.java:64)
	at org.junit.jupiter.engine.execution.InvocationInterceptorChain.chainAndInvoke(InvocationInterceptorChain.java:45)
	at org.junit.jupiter.engine.execution.InvocationInterceptorChain.invoke(InvocationInterceptorChain.java:37)
	at org.junit.jupiter.engine.execution.ExecutableInvoker.invoke(ExecutableInvoker.java:104)
	at org.junit.jupiter.engine.execution.ExecutableInvoker.invoke(ExecutableInvoker.java:98)
	at org.junit.jupiter.engine.descriptor.TestMethodTestDescriptor.lambda$invokeTestMethod$7(TestMethodTestDescriptor.java:214)
	at org.junit.platform.engine.support.hierarchical.ThrowableCollector.execute(ThrowableCollector.java:73)
	at org.junit.jupiter.engine.descriptor.TestMethodTestDescriptor.invokeTestMethod(TestMethodTestDescriptor.java:210)
	at org.junit.jupiter.engine.descriptor.TestMethodTestDescriptor.execute(TestMethodTestDescriptor.java:135)
	at org.junit.jupiter.engine.descriptor.TestMethodTestDescriptor.execute(TestMethodTestDescriptor.java:66)
	at org.junit.platform.engine.support.hierarchical.NodeTestTask.lambda$executeRecursively$6(NodeTestTask.java:151)
	at org.junit.platform.engine.support.hierarchical.ThrowableCollector.execute(ThrowableCollector.java:73)
	at org.junit.platform.engine.support.hierarchical.NodeTestTask.lambda$executeRecursively$8(NodeTestTask.java:141)
	at org.junit.platform.engine.support.hierarchical.Node.around(Node.java:137)
	at org.junit.platform.engine.support.hierarchical.NodeTestTask.lambda$executeRecursively$9(NodeTestTask.java:139)
	at org.junit.platform.engine.support.hierarchical.ThrowableCollector.execute(ThrowableCollector.java:73)
	at org.junit.platform.engine.support.hierarchical.NodeTestTask.executeRecursively(NodeTestTask.java:138)
	at org.junit.platform.engine.support.hierarchical.NodeTestTask.execute(NodeTestTask.java:95)
	at java.util.ArrayList.forEach(ArrayList.java:1259)
	at org.junit.platform.engine.support.hierarchical.SameThreadHierarchicalTestExecutorService.invokeAll(SameThreadHierarchicalTestExecutorService.java:41)
	at org.junit.platform.engine.support.hierarchical.NodeTestTask.lambda$executeRecursively$6(NodeTestTask.java:155)
	at org.junit.platform.engine.support.hierarchical.ThrowableCollector.execute(ThrowableCollector.java:73)
	at org.junit.platform.engine.support.hierarchical.NodeTestTask.lambda$executeRecursively$8(NodeTestTask.java:141)
	at org.junit.platform.engine.support.hierarchical.Node.around(Node.java:137)
	at org.junit.platform.engine.support.hierarchical.NodeTestTask.lambda$executeRecursively$9(NodeTestTask.java:139)
	at org.junit.platform.engine.support.hierarchical.ThrowableCollector.execute(ThrowableCollector.java:73)
	at org.junit.platform.engine.support.hierarchical.NodeTestTask.executeRecursively(NodeTestTask.java:138)
	at org.junit.platform.engine.support.hierarchical.NodeTestTask.execute(NodeTestTask.java:95)
	at java.util.ArrayList.forEach(ArrayList.java:1259)
	at org.junit.platform.engine.support.hierarchical.SameThreadHierarchicalTestExecutorService.invokeAll(SameThreadHierarchicalTestExecutorService.java:41)
	at org.junit.platform.engine.support.hierarchical.NodeTestTask.lambda$executeRecursively$6(NodeTestTask.java:155)
	at org.junit.platform.engine.support.hierarchical.ThrowableCollector.execute(ThrowableCollector.java:73)
	at org.junit.platform.engine.support.hierarchical.NodeTestTask.lambda$executeRecursively$8(NodeTestTask.java:141)
	at org.junit.platform.engine.support.hierarchical.Node.around(Node.java:137)
	at org.junit.platform.engine.support.hierarchical.NodeTestTask.lambda$executeRecursively$9(NodeTestTask.java:139)
	at org.junit.platform.engine.support.hierarchical.ThrowableCollector.execute(ThrowableCollector.java:73)
	at org.junit.platform.engine.support.hierarchical.NodeTestTask.executeRecursively(NodeTestTask.java:138)
	at org.junit.platform.engine.support.hierarchical.NodeTestTask.execute(NodeTestTask.java:95)
	at org.junit.platform.engine.support.hierarchical.SameThreadHierarchicalTestExecutorService.submit(SameThreadHierarchicalTestExecutorService.java:35)
	at org.junit.platform.engine.support.hierarchical.HierarchicalTestExecutor.execute(HierarchicalTestExecutor.java:57)
	at org.junit.platform.engine.support.hierarchical.HierarchicalTestEngine.execute(HierarchicalTestEngine.java:54)
	at org.junit.platform.launcher.core.EngineExecutionOrchestrator.execute(EngineExecutionOrchestrator.java:107)
	at org.junit.platform.launcher.core.EngineExecutionOrchestrator.execute(EngineExecutionOrchestrator.java:88)
	at org.junit.platform.launcher.core.EngineExecutionOrchestrator.lambda$execute$0(EngineExecutionOrchestrator.java:54)
	at org.junit.platform.launcher.core.EngineExecutionOrchestrator.withInterceptedStreams(EngineExecutionOrchestrator.java:67)
	at org.junit.platform.launcher.core.EngineExecutionOrchestrator.execute(EngineExecutionOrchestrator.java:52)
	at org.junit.platform.launcher.core.DefaultLauncher.execute(DefaultLauncher.java:114)
	at org.junit.platform.launcher.core.DefaultLauncher.execute(DefaultLauncher.java:86)
	at org.junit.platform.launcher.core.DefaultLauncherSession$DelegatingLauncher.execute(DefaultLauncherSession.java:86)
	at org.junit.platform.launcher.core.SessionPerRequestLauncher.execute(SessionPerRequestLauncher.java:53)
	at org.apache.maven.surefire.junitplatform.JUnitPlatformProvider.invokeAllTests(JUnitPlatformProvider.java:165)
	at org.apache.maven.surefire.junitplatform.JUnitPlatformProvider.invoke(JUnitPlatformProvider.java:124)
	at org.apache.maven.surefire.booter.ForkedBooter.runSuitesInProcess(ForkedBooter.java:428)
	at org.apache.maven.surefire.booter.ForkedBooter.execute(ForkedBooter.java:162)
	at org.apache.maven.surefire.booter.ForkedBooter.run(ForkedBooter.java:562)
	at org.apache.maven.surefire.booter.ForkedBooter.main(ForkedBooter.java:548)
]]></stackTrace>
      <system-out><![CDATA[2022-06-01 03:35:16,155 [Listener at 127.0.0.1/35387] WARN  server.ServerUtils (ServerUtils.java:getScmDbDir(148)) - ozone.scm.db.dirs is not configured. We recommend adding this setting. Falling back to ozone.metadata.dirs instead.
2022-06-01 03:35:16,175 [Listener at 127.0.0.1/35387] INFO  ha.SCMHANodeDetails (SCMHANodeDetails.java:loadSCMHAConfig(160)) - ServiceID for StorageContainerManager is null
2022-06-01 03:35:16,175 [Listener at 127.0.0.1/35387] INFO  ha.SCMHANodeDetails (SCMHANodeDetails.java:loadSCMHAConfig(165)) - ozone.scm.default.service.id is not defined, falling back to ozone.scm.service.ids to find serviceID for StorageContainerManager if it is HA enabled cluster
2022-06-01 03:35:16,176 [Listener at 127.0.0.1/35387] WARN  server.ServerUtils (ServerUtils.java:getScmDbDir(148)) - ozone.scm.db.dirs is not configured. We recommend adding this setting. Falling back to ozone.metadata.dirs instead.
2022-06-01 03:35:16,176 [Listener at 127.0.0.1/35387] INFO  upgrade.AbstractLayoutVersionManager (AbstractLayoutVersionManager.java:init(79)) - Initializing Layout version manager with metadata layout = ERASURE_CODED_STORAGE_SUPPORT (version = 3), software layout = ERASURE_CODED_STORAGE_SUPPORT (version = 3)
2022-06-01 03:35:16,284 [Listener at 127.0.0.1/35387] INFO  reflections.Reflections (Reflections.java:scan(232)) - Reflections took 107 ms to scan 7 urls, producing 127 keys and 292 values 
2022-06-01 03:35:16,287 [Listener at 127.0.0.1/35387] WARN  utils.HAUtils (HAUtils.java:getMetaDir(342)) - ozone.scm.db.dirs is not configured. We recommend adding this setting. Falling back to ozone.metadata.dirs instead.
2022-06-01 03:35:16,294 [Listener at 127.0.0.1/35387] WARN  db.DBStoreBuilder (DBStoreBuilder.java:applyDBDefinition(145)) - ozone.scm.db.dirs is not configured. We recommend adding this setting. Falling back to ozone.metadata.dirs instead.
2022-06-01 03:35:16,501 [Listener at 127.0.0.1/35387] INFO  net.NodeSchemaLoader (NodeSchemaLoader.java:loadSchemaFromFile(129)) - Loading schema from [jar:file:/home/runner/.m2/repository/org/apache/ozone/hdds-common/1.3.0-SNAPSHOT/hdds-common-1.3.0-SNAPSHOT.jar!/network-topology-default.xml]
2022-06-01 03:35:16,501 [Listener at 127.0.0.1/35387] INFO  net.NodeSchemaLoader (NodeSchemaLoader.java:loadSchema(176)) - Loading network topology layer schema file
2022-06-01 03:35:16,517 [Listener at 127.0.0.1/35387] INFO  ha.SequenceIdGenerator (SequenceIdGenerator.java:upgradeToSequenceId(347)) - upgrade localId to 109611004723200000
2022-06-01 03:35:16,517 [Listener at 127.0.0.1/35387] INFO  ha.SequenceIdGenerator (SequenceIdGenerator.java:upgradeToSequenceId(357)) - upgrade delTxnId to 0
2022-06-01 03:35:16,517 [Listener at 127.0.0.1/35387] INFO  ha.SequenceIdGenerator (SequenceIdGenerator.java:upgradeToSequenceId(374)) - upgrade containerId to 0
2022-06-01 03:35:16,518 [Listener at 127.0.0.1/35387] INFO  ha.SequenceIdGenerator (SequenceIdGenerator.java:<init>(218)) - Init the HA SequenceIdGenerator.
2022-06-01 03:35:16,518 [Listener at 127.0.0.1/35387] WARN  server.ServerUtils (ServerUtils.java:sanitizeUserArgs(73)) - ozone.scm.stale.node.interval value = 300000 is larger than max = 100000 based on the key value of ozone.scm.heartbeat.thread.interval, reset to the max value 100000.
2022-06-01 03:35:16,518 [Listener at 127.0.0.1/35387] WARN  server.ServerUtils (ServerUtils.java:sanitizeUserArgs(73)) - ozone.scm.stale.node.interval value = 300000 is larger than max = 100000 based on the key value of ozone.scm.heartbeat.thread.interval, reset to the max value 100000.
2022-06-01 03:35:16,536 [Listener at 127.0.0.1/35387] INFO  node.SCMNodeManager (SCMNodeManager.java:<init>(148)) - Entering startup safe mode.
2022-06-01 03:35:16,536 [Listener at 127.0.0.1/35387] INFO  algorithms.ContainerPlacementPolicyFactory (ContainerPlacementPolicyFactory.java:getPolicyInternal(86)) - Create container placement policy of type org.apache.hadoop.hdds.scm.container.placement.algorithms.SCMContainerPlacementRandom
2022-06-01 03:35:16,536 [Listener at 127.0.0.1/35387] INFO  pipeline.PipelineStateManagerImpl (PipelineStateManagerImpl.java:initialize(78)) - No pipeline exists in current db
2022-06-01 03:35:16,537 [Listener at 127.0.0.1/35387] INFO  algorithms.LeaderChoosePolicyFactory (LeaderChoosePolicyFactory.java:getPolicy(57)) - Create leader choose policy of type org.apache.hadoop.hdds.scm.pipeline.leader.choose.algorithms.MinLeaderCountChoosePolicy
2022-06-01 03:35:16,537 [Listener at 127.0.0.1/35387] INFO  algorithms.ContainerPlacementPolicyFactory (ContainerPlacementPolicyFactory.java:getPolicyInternal(86)) - Create container placement policy of type org.apache.hadoop.hdds.scm.container.placement.algorithms.SCMContainerPlacementRackScatter
2022-06-01 03:35:16,537 [Listener at 127.0.0.1/35387] INFO  pipeline.BackgroundPipelineCreator (BackgroundPipelineCreator.java:start(125)) - Starting RatisPipelineUtilsThread.
2022-06-01 03:35:16,542 [Listener at 127.0.0.1/35387] INFO  BackgroundPipelineScrubber (BackgroundSCMService.java:start(68)) - Starting BackgroundPipelineScrubber Service.
2022-06-01 03:35:16,549 [Listener at 127.0.0.1/35387] INFO  ha.SCMServiceManager (SCMServiceManager.java:register(42)) - Registering service BackgroundPipelineCreator.
2022-06-01 03:35:16,550 [Listener at 127.0.0.1/35387] INFO  ha.SCMServiceManager (SCMServiceManager.java:register(42)) - Registering service BackgroundPipelineScrubber.
2022-06-01 03:35:16,550 [Listener at 127.0.0.1/35387] INFO  ExpiredContainerReplicaOpScrubber (BackgroundSCMService.java:start(68)) - Starting ExpiredContainerReplicaOpScrubber Service.
2022-06-01 03:35:16,550 [Listener at 127.0.0.1/35387] INFO  ha.SCMServiceManager (SCMServiceManager.java:register(42)) - Registering service ExpiredContainerReplicaOpScrubber.
2022-06-01 03:35:16,551 [Listener at 127.0.0.1/35387] INFO  algorithms.PipelineChoosePolicyFactory (PipelineChoosePolicyFactory.java:createPipelineChoosePolicyFromClass(73)) - Create pipeline choose policy of type org.apache.hadoop.hdds.scm.pipeline.choose.algorithms.RandomPipelineChoosePolicy
2022-06-01 03:35:16,551 [Listener at 127.0.0.1/35387] INFO  ha.SCMServiceManager (SCMServiceManager.java:register(42)) - Registering service SCMBlockDeletingService.
2022-06-01 03:35:16,552 [Listener at 127.0.0.1/35387] INFO  ha.SCMServiceManager (SCMServiceManager.java:register(42)) - Registering service ReplicationManager.
2022-06-01 03:35:16,552 [Listener at 127.0.0.1/35387] INFO  replication.ReplicationManager (ReplicationManager.java:start(179)) - Starting Replication Monitor Thread.
2022-06-01 03:35:16,568 [Listener at 127.0.0.1/35387] INFO  safemode.ContainerSafeModeRule (ContainerSafeModeRule.java:<init>(89)) - containers with one replica threshold count 0
2022-06-01 03:35:16,568 [Listener at 127.0.0.1/35387] INFO  safemode.HealthyPipelineSafeModeRule (HealthyPipelineSafeModeRule.java:initializeRule(156)) - Total pipeline count is 0, healthy pipeline threshold count is 1
2022-06-01 03:35:16,569 [Listener at 127.0.0.1/35387] INFO  safemode.OneReplicaPipelineSafeModeRule (OneReplicaPipelineSafeModeRule.java:initializeRule(180)) - Total pipeline count is 0, pipeline's with at least one datanode reported threshold count is 0
2022-06-01 03:35:16,575 [ReplicationMonitor] INFO  replication.ReplicationManager (ReplicationManager.java:processAll(228)) - Replication Manager is not ready to run until 3000ms after safemode exit
2022-06-01 03:35:16,576 [Listener at 127.0.0.1/35387] INFO  ipc.CallQueueManager (CallQueueManager.java:<init>(90)) - Using callQueue: class java.util.concurrent.LinkedBlockingQueue, queueCapacity: 2000, scheduler: class org.apache.hadoop.ipc.DefaultRpcScheduler, ipcBackoff: false.
2022-06-01 03:35:16,590 [Socket Reader #1 for port 0] INFO  ipc.Server (Server.java:run(1265)) - Starting Socket Reader #1 for port 0
2022-06-01 03:35:16,600 [Listener at 0.0.0.0/38203] INFO  ipc.CallQueueManager (CallQueueManager.java:<init>(90)) - Using callQueue: class java.util.concurrent.LinkedBlockingQueue, queueCapacity: 2000, scheduler: class org.apache.hadoop.ipc.DefaultRpcScheduler, ipcBackoff: false.
2022-06-01 03:35:16,602 [Socket Reader #1 for port 0] INFO  ipc.Server (Server.java:run(1265)) - Starting Socket Reader #1 for port 0
2022-06-01 03:35:16,602 [Listener at 0.0.0.0/40513] INFO  ipc.CallQueueManager (CallQueueManager.java:<init>(90)) - Using callQueue: class java.util.concurrent.LinkedBlockingQueue, queueCapacity: 2000, scheduler: class org.apache.hadoop.ipc.DefaultRpcScheduler, ipcBackoff: false.
2022-06-01 03:35:16,610 [Socket Reader #1 for port 0] INFO  ipc.Server (Server.java:run(1265)) - Starting Socket Reader #1 for port 0
2022-06-01 03:35:16,659 [Listener at 0.0.0.0/32881] INFO  server.StorageContainerManager (StorageContainerManager.java:<init>(400)) - 
Container Balancer status:
Key                            Value
Running                        false
Container Balancer Configuration values:
Key                                                Value
Threshold                                          10
Max Datanodes to Involve per Iteration(percent)    20
Max Size to Move per Iteration                     500GB
Max Size Entering Target per Iteration             26GB
Max Size Leaving Source per Iteration              26GB

2022-06-01 03:35:16,659 [Listener at 0.0.0.0/32881] WARN  events.EventQueue (EventQueue.java:fireEvent(194)) - No event handler registered for event TypedEvent{payloadType=SafeModeStatus, name='Safe mode status'}
2022-06-01 03:35:16,659 [Listener at 0.0.0.0/32881] INFO  ha.SCMContext (SCMContext.java:updateSafeModeStatus(211)) - Update SafeModeStatus from SafeModeStatus{safeModeStatus=true, preCheckPassed=false} to SafeModeStatus{safeModeStatus=true, preCheckPassed=false}.
2022-06-01 03:35:16,660 [Listener at 0.0.0.0/32881] INFO  server.StorageContainerManager (StorageContainerManager.java:start(1385)) - StorageContainerLocationProtocol RPC server is listening at /0.0.0.0:32881
2022-06-01 03:35:16,661 [Listener at 0.0.0.0/32881] WARN  impl.MetricsConfig (MetricsConfig.java:loadFirst(136)) - Cannot locate configuration: tried hadoop-metrics2-storagecontainermanager.properties,hadoop-metrics2.properties
2022-06-01 03:35:16,670 [Listener at 0.0.0.0/32881] INFO  impl.MetricsSystemImpl (MetricsSystemImpl.java:startTimer(378)) - Scheduled Metric snapshot period at 10 second(s).
2022-06-01 03:35:16,670 [Listener at 0.0.0.0/32881] INFO  impl.MetricsSystemImpl (MetricsSystemImpl.java:start(191)) - StorageContainerManager metrics system started
2022-06-01 03:35:16,710 [Listener at 0.0.0.0/32881] INFO  impl.MetricsSinkAdapter (MetricsSinkAdapter.java:start(204)) - Sink prometheus started
2022-06-01 03:35:16,710 [Listener at 0.0.0.0/32881] INFO  impl.MetricsSystemImpl (MetricsSystemImpl.java:registerSink(305)) - Registered sink prometheus
2022-06-01 03:35:16,738 [Listener at 0.0.0.0/32881] INFO  server.SCMClientProtocolServer (SCMClientProtocolServer.java:start(169)) - RPC server for Client  is listening at /0.0.0.0:32881
2022-06-01 03:35:16,742 [IPC Server Responder] INFO  ipc.Server (Server.java:run(1507)) - IPC Server Responder: starting
2022-06-01 03:35:16,762 [IPC Server listener on 0] INFO  ipc.Server (Server.java:run(1344)) - IPC Server listener on 0: starting
2022-06-01 03:35:16,828 [Listener at 0.0.0.0/32881] INFO  server.StorageContainerManager (StorageContainerManager.java:start(1400)) - ScmBlockLocationProtocol RPC server is listening at /0.0.0.0:40513
2022-06-01 03:35:16,829 [Listener at 0.0.0.0/32881] INFO  server.SCMBlockProtocolServer (SCMBlockProtocolServer.java:start(151)) - RPC server for Block Protocol is listening at /0.0.0.0:40513
2022-06-01 03:35:16,832 [IPC Server Responder] INFO  ipc.Server (Server.java:run(1507)) - IPC Server Responder: starting
2022-06-01 03:35:16,832 [IPC Server listener on 0] INFO  ipc.Server (Server.java:run(1344)) - IPC Server listener on 0: starting
2022-06-01 03:35:16,837 [Listener at 0.0.0.0/32881] INFO  server.SCMDatanodeProtocolServer (SCMDatanodeProtocolServer.java:start(183)) - ScmDatanodeProtocol RPC server for DataNodes is listening at /0.0.0.0:38203
2022-06-01 03:35:16,837 [IPC Server Responder] INFO  ipc.Server (Server.java:run(1507)) - IPC Server Responder: starting
2022-06-01 03:35:16,837 [IPC Server listener on 0] INFO  ipc.Server (Server.java:run(1344)) - IPC Server listener on 0: starting
2022-06-01 03:35:16,842 [org.apache.hadoop.util.JvmPauseMonitor$Monitor@1ae4c84d] INFO  util.JvmPauseMonitor (JvmPauseMonitor.java:run(188)) - Starting JVM pause monitor
2022-06-01 03:35:16,842 [Listener at 0.0.0.0/32881] INFO  http.BaseHttpServer (BaseHttpServer.java:newHttpServer2BuilderForOzone(209)) - Starting Web-server for scm at: http://0.0.0.0:0
2022-06-01 03:35:16,843 [Listener at 0.0.0.0/32881] INFO  http.BaseHttpServer (BaseHttpServer.java:<init>(107)) - Hadoop Security Enabled: false Ozone Security Enabled: false Ozone HTTP Security Enabled: false 
2022-06-01 03:35:16,844 [Listener at 0.0.0.0/32881] INFO  server.AuthenticationFilter (AuthenticationFilter.java:constructSecretProvider(240)) - Unable to initialize FileSignerSecretProvider, falling back to use random secrets.
2022-06-01 03:35:16,861 [Listener at 0.0.0.0/32881] WARN  http.HttpRequestLog (HttpRequestLog.java:getRequestLog(103)) - Jetty request log can only be enabled using Log4j
2022-06-01 03:35:16,862 [Listener at 0.0.0.0/32881] INFO  http.HttpServer2 (HttpServer2.java:addGlobalFilter(1030)) - Added global filter 'safety' (class=org.apache.hadoop.hdds.server.http.HttpServer2$QuotingInputFilter)
2022-06-01 03:35:16,862 [Listener at 0.0.0.0/32881] INFO  http.HttpServer2 (HttpServer2.java:addFilter(1006)) - Added filter static_user_filter (class=org.apache.hadoop.http.lib.StaticUserWebFilter$StaticUserFilter) to context scm
2022-06-01 03:35:16,863 [Listener at 0.0.0.0/32881] INFO  http.HttpServer2 (HttpServer2.java:addFilter(1014)) - Added filter static_user_filter (class=org.apache.hadoop.http.lib.StaticUserWebFilter$StaticUserFilter) to context logs
2022-06-01 03:35:16,863 [Listener at 0.0.0.0/32881] INFO  http.HttpServer2 (HttpServer2.java:addFilter(1014)) - Added filter static_user_filter (class=org.apache.hadoop.http.lib.StaticUserWebFilter$StaticUserFilter) to context static
2022-06-01 03:35:16,863 [Listener at 0.0.0.0/32881] INFO  http.HttpServer2 (HttpServer2.java:bindListener(1249)) - Jetty bound to port 41749
2022-06-01 03:35:16,863 [Listener at 0.0.0.0/32881] INFO  server.Server (Server.java:doStart(375)) - jetty-9.4.43.v20210629; built: 2021-06-30T11:07:22.254Z; git: 526006ecfa3af7f1a27ef3a288e2bef7ea9dd7e8; jvm 1.8.0_332-b09
2022-06-01 03:35:16,917 [Listener at 0.0.0.0/32881] INFO  server.session (DefaultSessionIdManager.java:doStart(334)) - DefaultSessionIdManager workerName=node0
2022-06-01 03:35:16,917 [Listener at 0.0.0.0/32881] INFO  server.session (DefaultSessionIdManager.java:doStart(339)) - No SessionScavenger set, using defaults
2022-06-01 03:35:16,917 [Listener at 0.0.0.0/32881] INFO  server.session (HouseKeeper.java:startScavenging(132)) - node0 Scavenging every 600000ms
2022-06-01 03:35:16,918 [Listener at 0.0.0.0/32881] INFO  handler.ContextHandler (ContextHandler.java:doStart(915)) - Started o.e.j.s.ServletContextHandler@b0b6227{logs,/logs,file:///home/runner/work/ozone/ozone/hadoop-ozone/integration-test/target/log,AVAILABLE}
2022-06-01 03:35:16,919 [Listener at 0.0.0.0/32881] INFO  handler.ContextHandler (ContextHandler.java:doStart(915)) - Started o.e.j.s.ServletContextHandler@2ed9d225{static,/static,file:///home/runner/work/ozone/ozone/hadoop-ozone/integration-test/target/test-classes/webapps/static,AVAILABLE}
2022-06-01 03:35:16,922 [Listener at 0.0.0.0/32881] INFO  handler.ContextHandler (ContextHandler.java:doStart(915)) - Started o.e.j.w.WebAppContext@12008f73{scm,/,file:///home/runner/work/ozone/ozone/hadoop-ozone/integration-test/target/test-classes/webapps/scm/,AVAILABLE}{file:/home/runner/work/ozone/ozone/hadoop-ozone/integration-test/target/test-classes/webapps/scm}
2022-06-01 03:35:16,927 [Listener at 0.0.0.0/32881] INFO  server.AbstractConnector (AbstractConnector.java:doStart(331)) - Started ServerConnector@26339ea0{HTTP/1.1, (http/1.1)}{0.0.0.0:41749}
2022-06-01 03:35:16,927 [Listener at 0.0.0.0/32881] INFO  server.Server (Server.java:doStart(415)) - Started @80061ms
2022-06-01 03:35:16,927 [Listener at 0.0.0.0/32881] WARN  impl.MetricsSystemImpl (MetricsSystemImpl.java:register(279)) - Sink prometheus already exists!
2022-06-01 03:35:16,928 [Listener at 0.0.0.0/32881] INFO  http.BaseHttpServer (BaseHttpServer.java:updateConnectorAddress(329)) - HTTP server of scm listening at http://0.0.0.0:41749
2022-06-01 03:35:16,946 [Listener at 0.0.0.0/32881] WARN  server.ServerUtils (ServerUtils.java:getDBPath(225)) - ozone.om.db.dirs is not configured. We recommend adding this setting. Falling back to ozone.metadata.dirs instead.
2022-06-01 03:35:16,947 [Listener at 0.0.0.0/32881] INFO  ha.OMHANodeDetails (OMHANodeDetails.java:loadOMHAConfig(115)) - ozone.om.internal.service.id is not defined, falling back to ozone.om.service.ids to find serviceID for OzoneManager if it is HA enabled cluster
2022-06-01 03:35:16,948 [Listener at 0.0.0.0/32881] INFO  ha.OMHANodeDetails (OMHANodeDetails.java:loadOMHAConfig(226)) - Configuration does not have ozone.om.address set. Falling back to the default OM address /127.0.0.1:0
2022-06-01 03:35:16,948 [Listener at 0.0.0.0/32881] INFO  ha.OMHANodeDetails (OMHANodeDetails.java:getOMNodeDetailsForNonHA(254)) - OM Service ID is not set. Setting it to the default ID: omServiceIdDefault
2022-06-01 03:35:16,948 [Listener at 0.0.0.0/32881] INFO  ha.OMHANodeDetails (OMHANodeDetails.java:getOMNodeDetailsForNonHA(261)) - OM Node ID is not set. Setting it to the default ID: om1
2022-06-01 03:35:16,948 [Listener at 0.0.0.0/32881] WARN  server.ServerUtils (ServerUtils.java:getDBPath(225)) - ozone.om.db.dirs is not configured. We recommend adding this setting. Falling back to ozone.metadata.dirs instead.
2022-06-01 03:35:16,949 [Listener at 0.0.0.0/32881] INFO  upgrade.AbstractLayoutVersionManager (AbstractLayoutVersionManager.java:init(79)) - Initializing Layout version manager with metadata layout = MULTITENANCY_SCHEMA (version = 3), software layout = MULTITENANCY_SCHEMA (version = 3)
2022-06-01 03:35:17,134 [Listener at 0.0.0.0/32881] INFO  reflections.Reflections (Reflections.java:scan(232)) - Reflections took 184 ms to scan 2 urls, producing 153 keys and 431 values [using 2 cores]
2022-06-01 03:35:17,135 [Listener at 0.0.0.0/32881] INFO  upgrade.OMLayoutVersionManager (OMLayoutVersionManager.java:lambda$0(115)) - Skipping Upgrade Action MockOmUpgradeAction since it has been finalized.
2022-06-01 03:35:17,135 [Listener at 0.0.0.0/32881] WARN  server.ServerUtils (ServerUtils.java:getDBPath(225)) - ozone.om.db.dirs is not configured. We recommend adding this setting. Falling back to ozone.metadata.dirs instead.
2022-06-01 03:35:17,140 [Listener at 0.0.0.0/32881] INFO  proxy.SCMBlockLocationFailoverProxyProvider (SCMBlockLocationFailoverProxyProvider.java:<init>(114)) - Created block location fail-over proxy with 1 nodes: [nodeId=scmNodeId,nodeAddress=/0.0.0.0:40513]
2022-06-01 03:35:17,141 [Listener at 0.0.0.0/32881] INFO  proxy.SCMBlockLocationFailoverProxyProvider (SCMBlockLocationFailoverProxyProvider.java:<init>(114)) - Created block location fail-over proxy with 1 nodes: [nodeId=scmNodeId,nodeAddress=/0.0.0.0:40513]
2022-06-01 03:35:17,177 [Listener at 0.0.0.0/32881] WARN  server.ServerUtils (ServerUtils.java:getDBPath(225)) - ozone.om.db.dirs is not configured. We recommend adding this setting. Falling back to ozone.metadata.dirs instead.
2022-06-01 03:35:17,177 [Listener at 0.0.0.0/32881] INFO  codec.OmKeyInfoCodec (OmKeyInfoCodec.java:<init>(49)) - OmKeyInfoCodec ignorePipeline = true
2022-06-01 03:35:17,178 [Listener at 0.0.0.0/32881] INFO  codec.RepeatedOmKeyInfoCodec (RepeatedOmKeyInfoCodec.java:<init>(41)) - RepeatedOmKeyInfoCodec ignorePipeline = true
2022-06-01 03:35:17,576 [Listener at 0.0.0.0/32881] INFO  om.OzoneManager (OzoneManager.java:instantiateServices(688)) - S3 Multi-Tenancy is disabled
2022-06-01 03:35:17,577 [Listener at 0.0.0.0/32881] INFO  om.OzoneManager (OzoneManager.java:addS3GVolumeToDB(4204)) - Created Volume s3v With Owner runner required for S3Gateway operations.
2022-06-01 03:35:17,578 [Listener at 0.0.0.0/32881] WARN  server.ServerUtils (ServerUtils.java:getDefaultRatisDirectory(237)) - Storage directory for Ratis is not configured. It is a good idea to map this to an SSD disk. Falling back to ozone.metadata.dirs
2022-06-01 03:35:17,578 [Listener at 0.0.0.0/32881] WARN  utils.OzoneManagerRatisUtils (OzoneManagerRatisUtils.java:getOMRatisSnapshotDirectory(425)) - ozone.om.ratis.snapshot.dir is not configured. Falling back to ozone.metadata.dirs config
2022-06-01 03:35:17,578 [Listener at 0.0.0.0/32881] WARN  server.ServerUtils (ServerUtils.java:getDefaultRatisDirectory(237)) - Storage directory for Ratis is not configured. It is a good idea to map this to an SSD disk. Falling back to ozone.metadata.dirs
2022-06-01 03:35:17,579 [Listener at 0.0.0.0/32881] INFO  ratis.OzoneManagerRatisServer (OzoneManagerRatisServer.java:<init>(159)) - Instantiating OM Ratis server with groupID: omServiceIdDefault and peers: localhost:9872
2022-06-01 03:35:17,579 [Listener at 0.0.0.0/32881] INFO  ratis.OzoneManagerStateMachine (OzoneManagerStateMachine.java:loadSnapshotInfoFromDB(627)) - LastAppliedIndex is set from TransactionInfo from OM DB as (t:0, i:~)
2022-06-01 03:35:17,588 [Listener at 0.0.0.0/32881] INFO  server.RaftServer (ConfUtils.java:logGet(46)) - raft.rpc.type = GRPC (default)
2022-06-01 03:35:17,588 [Listener at 0.0.0.0/32881] INFO  grpc.GrpcFactory (GrpcFactory.java:checkPooledByteBufAllocatorUseCacheForAllThreads(48)) - PERFORMANCE WARNING: useCacheForAllThreads is true that may cause Netty to create a lot garbage objects and, as a result, trigger GC.
	It is recommended to disable useCacheForAllThreads by setting -Dorg.apache.ratis.thirdparty.io.netty.allocator.useCacheForAllThreads=false in command line.
2022-06-01 03:35:17,588 [Listener at 0.0.0.0/32881] INFO  grpc.GrpcConfigKeys (ConfUtils.java:logGet(46)) - raft.grpc.admin.port = -1 (default)
2022-06-01 03:35:17,588 [Listener at 0.0.0.0/32881] INFO  grpc.GrpcConfigKeys (ConfUtils.java:logGet(46)) - raft.grpc.server.port = 9872 (custom)
2022-06-01 03:35:17,588 [Listener at 0.0.0.0/32881] INFO  grpc.GrpcConfigKeys (ConfUtils.java:logGet(46)) - raft.grpc.client.port = -1 (default)
2022-06-01 03:35:17,588 [Listener at 0.0.0.0/32881] INFO  grpc.GrpcConfigKeys (ConfUtils.java:logGet(46)) - raft.grpc.server.port = 9872 (custom)
2022-06-01 03:35:17,588 [Listener at 0.0.0.0/32881] INFO  grpc.GrpcConfigKeys (ConfUtils.java:logGet(46)) - raft.grpc.server.port = 9872 (custom)
2022-06-01 03:35:17,589 [Listener at 0.0.0.0/32881] INFO  server.GrpcService (ConfUtils.java:logGet(46)) - raft.grpc.message.size.max = 33554432 (custom)
2022-06-01 03:35:17,589 [Listener at 0.0.0.0/32881] INFO  server.RaftServerConfigKeys (ConfUtils.java:logGet(46)) - raft.server.log.appender.buffer.byte-limit = 33554432 (custom)
2022-06-01 03:35:17,589 [Listener at 0.0.0.0/32881] INFO  server.GrpcService (ConfUtils.java:logGet(46)) - raft.grpc.flow.control.window = 1MB (=1048576) (default)
2022-06-01 03:35:17,589 [Listener at 0.0.0.0/32881] INFO  server.RaftServerConfigKeys (ConfUtils.java:logGet(46)) - raft.server.rpc.request.timeout = 3000ms (default)
2022-06-01 03:35:17,589 [Listener at 0.0.0.0/32881] INFO  grpc.GrpcConfigKeys (ConfUtils.java:logGet(46)) - raft.grpc.server.async.request.thread.pool.cached = true (default)
2022-06-01 03:35:17,589 [Listener at 0.0.0.0/32881] INFO  grpc.GrpcConfigKeys (ConfUtils.java:logGet(46)) - raft.grpc.server.async.request.thread.pool.size = 32 (default)
2022-06-01 03:35:17,609 [Listener at 0.0.0.0/32881] INFO  impl.DataStreamServerImpl (ConfUtils.java:logGet(46)) - raft.datastream.type = DISABLED (default)
2022-06-01 03:35:17,609 [Listener at 0.0.0.0/32881] INFO  server.RaftServerConfigKeys (ConfUtils.java:logGet(46)) - raft.server.threadpool.proxy.cached = true (default)
2022-06-01 03:35:17,609 [Listener at 0.0.0.0/32881] INFO  server.RaftServerConfigKeys (ConfUtils.java:logGet(46)) - raft.server.threadpool.proxy.size = 0 (default)
2022-06-01 03:35:17,609 [Listener at 0.0.0.0/32881] INFO  server.RaftServerConfigKeys (ConfUtils.java:logGet(46)) - raft.server.rpc.slowness.timeout = 120s (custom)
2022-06-01 03:35:17,610 [Listener at 0.0.0.0/32881] INFO  server.RaftServerConfigKeys (ConfUtils.java:logGet(46)) - raft.server.leaderelection.leader.step-down.wait-time = 10s (default)
2022-06-01 03:35:17,610 [Listener at 0.0.0.0/32881] INFO  server.RaftServerConfigKeys (ConfUtils.java:logGet(46)) - raft.server.storage.dir = [/home/runner/work/ozone/ozone/hadoop-ozone/integration-test/target/test-dir/MiniOzoneClusterImpl-1510f6c2-5527-4711-8733-efea2524abfe/ozone-meta/ratis] (custom)
2022-06-01 03:35:17,620 [Listener at 0.0.0.0/32881] INFO  server.RaftServer (RaftServerProxy.java:addNew(96)) - om1: addNew group-C5BA1605619E:[om1|rpc:localhost:9872|priority:0] returns group-C5BA1605619E:java.util.concurrent.CompletableFuture@3e59d81b[Not completed]
2022-06-01 03:35:17,620 [Listener at 0.0.0.0/32881] INFO  om.OzoneManager (OzoneManager.java:initializeRatisServer(1956)) - OzoneManager Ratis server initialized at port 9872
2022-06-01 03:35:17,621 [Listener at 0.0.0.0/32881] INFO  om.OzoneManager (OzoneManager.java:getRpcServer(1076)) - Creating RPC Server
2022-06-01 03:35:17,629 [pool-316-thread-1] INFO  server.RaftServer$Division (RaftServerImpl.java:<init>(190)) - om1: new RaftServerImpl for group-C5BA1605619E:[om1|rpc:localhost:9872|priority:0] with OzoneManagerStateMachine:uninitialized
2022-06-01 03:35:17,629 [pool-316-thread-1] INFO  server.RaftServerConfigKeys (ConfUtils.java:logGet(46)) - raft.server.rpc.timeout.min = 1s (custom)
2022-06-01 03:35:17,630 [pool-316-thread-1] INFO  server.RaftServerConfigKeys (ConfUtils.java:logGet(46)) - raft.server.rpc.timeout.max = 1200ms (custom)
2022-06-01 03:35:17,630 [pool-316-thread-1] INFO  server.RaftServerConfigKeys (ConfUtils.java:logGet(46)) - raft.server.rpc.sleep.time = 25ms (default)
2022-06-01 03:35:17,630 [pool-316-thread-1] INFO  server.RaftServerConfigKeys (ConfUtils.java:logGet(46)) - raft.server.rpc.slowness.timeout = 120s (custom)
2022-06-01 03:35:17,630 [pool-316-thread-1] INFO  server.RaftServerConfigKeys (ConfUtils.java:logGet(46)) - raft.server.leaderelection.leader.step-down.wait-time = 10s (default)
2022-06-01 03:35:17,630 [pool-316-thread-1] INFO  server.RaftServerConfigKeys (ConfUtils.java:logGet(46)) - raft.server.sleep.deviation.threshold = 300ms (default)
2022-06-01 03:35:17,630 [pool-316-thread-1] INFO  server.RaftServer$Division (ServerState.java:<init>(107)) - om1@group-C5BA1605619E: ConfigurationManager, init=-1: [om1|rpc:localhost:9872|priority:0], old=null, confs=<EMPTY_MAP>
2022-06-01 03:35:17,630 [pool-316-thread-1] INFO  server.RaftServerConfigKeys (ConfUtils.java:logGet(46)) - raft.server.storage.dir = [/home/runner/work/ozone/ozone/hadoop-ozone/integration-test/target/test-dir/MiniOzoneClusterImpl-1510f6c2-5527-4711-8733-efea2524abfe/ozone-meta/ratis] (custom)
2022-06-01 03:35:17,630 [pool-316-thread-1] INFO  server.RaftServerConfigKeys (ConfUtils.java:logGet(46)) - raft.server.log.corruption.policy = EXCEPTION (default)
2022-06-01 03:35:17,630 [pool-316-thread-1] INFO  server.RaftServerConfigKeys (ConfUtils.java:logGet(46)) - raft.server.storage.free-space.min = 0MB (=0) (default)
2022-06-01 03:35:17,630 [pool-316-thread-1] INFO  storage.RaftStorageDirectory (RaftStorageDirectoryImpl.java:analyzeStorage(135)) - The storage directory /home/runner/work/ozone/ozone/hadoop-ozone/integration-test/target/test-dir/MiniOzoneClusterImpl-1510f6c2-5527-4711-8733-efea2524abfe/ozone-meta/ratis/bf265839-605b-3f16-9796-c5ba1605619e does not exist. Creating ...
2022-06-01 03:35:17,637 [pool-316-thread-1] INFO  storage.RaftStorageDirectory (RaftStorageDirectoryImpl.java:tryLock(230)) - Lock on /home/runner/work/ozone/ozone/hadoop-ozone/integration-test/target/test-dir/MiniOzoneClusterImpl-1510f6c2-5527-4711-8733-efea2524abfe/ozone-meta/ratis/bf265839-605b-3f16-9796-c5ba1605619e/in_use.lock acquired by nodename 14781@fv-az151-582
2022-06-01 03:35:17,644 [pool-316-thread-1] INFO  storage.RaftStorage (RaftStorageImpl.java:format(89)) - Storage directory /home/runner/work/ozone/ozone/hadoop-ozone/integration-test/target/test-dir/MiniOzoneClusterImpl-1510f6c2-5527-4711-8733-efea2524abfe/ozone-meta/ratis/bf265839-605b-3f16-9796-c5ba1605619e has been successfully formatted.
2022-06-01 03:35:17,644 [pool-316-thread-1] INFO  server.RaftServerConfigKeys (ConfUtils.java:logGet(46)) - raft.server.notification.no-leader.timeout = 120s (custom)
2022-06-01 03:35:17,645 [pool-316-thread-1] INFO  server.RaftServerConfigKeys (ConfUtils.java:logGet(46)) - raft.server.log.use.memory = false (default)
2022-06-01 03:35:17,645 [pool-316-thread-1] INFO  server.RaftServerConfigKeys (ConfUtils.java:logGet(46)) - raft.server.log.purge.gap = 1000000 (custom)
2022-06-01 03:35:17,645 [pool-316-thread-1] INFO  server.RaftServerConfigKeys (ConfUtils.java:logGet(46)) - raft.server.log.appender.buffer.byte-limit = 33554432 (custom)
2022-06-01 03:35:17,645 [pool-316-thread-1] INFO  server.RaftServerConfigKeys (ConfUtils.java:logGet(46)) - raft.server.log.statemachine.data.read.timeout = 1000ms (default)
2022-06-01 03:35:17,645 [pool-316-thread-1] INFO  server.RaftServerConfigKeys (ConfUtils.java:logGet(46)) - raft.server.log.segment.size.max = 4194304 (custom)
2022-06-01 03:35:17,652 [pool-316-thread-1] INFO  server.RaftServerConfigKeys (ConfUtils.java:logGet(46)) - raft.server.log.segment.cache.num.max = 2 (custom)
2022-06-01 03:35:17,656 [pool-316-thread-1] INFO  server.RaftServerConfigKeys (ConfUtils.java:logGet(46)) - raft.server.log.segment.cache.size.max = 200MB (=209715200) (default)
2022-06-01 03:35:17,657 [pool-316-thread-1] INFO  segmented.SegmentedRaftLogWorker (SegmentedRaftLogWorker.java:<init>(187)) - new om1@group-C5BA1605619E-SegmentedRaftLogWorker for RaftStorageImpl:Storage Directory /home/runner/work/ozone/ozone/hadoop-ozone/integration-test/target/test-dir/MiniOzoneClusterImpl-1510f6c2-5527-4711-8733-efea2524abfe/ozone-meta/ratis/bf265839-605b-3f16-9796-c5ba1605619e
2022-06-01 03:35:17,657 [pool-316-thread-1] INFO  server.RaftServerConfigKeys (ConfUtils.java:logGet(46)) - raft.server.log.queue.byte-limit = 64MB (=67108864) (default)
2022-06-01 03:35:17,657 [pool-316-thread-1] INFO  server.RaftServerConfigKeys (ConfUtils.java:logGet(46)) - raft.server.log.queue.element-limit = 4096 (default)
2022-06-01 03:35:17,657 [pool-316-thread-1] INFO  server.RaftServerConfigKeys (ConfUtils.java:logGet(46)) - raft.server.log.segment.size.max = 4194304 (custom)
2022-06-01 03:35:17,657 [pool-316-thread-1] INFO  server.RaftServerConfigKeys (ConfUtils.java:logGet(46)) - raft.server.log.preallocated.size = 4194304 (custom)
2022-06-01 03:35:17,657 [pool-316-thread-1] INFO  server.RaftServerConfigKeys (ConfUtils.java:logGet(46)) - raft.server.log.force.sync.num = 128 (default)
2022-06-01 03:35:17,657 [pool-316-thread-1] INFO  server.RaftServerConfigKeys (ConfUtils.java:logGet(46)) - raft.server.log.statemachine.data.sync = true (default)
2022-06-01 03:35:17,657 [pool-316-thread-1] INFO  server.RaftServerConfigKeys (ConfUtils.java:logGet(46)) - raft.server.log.statemachine.data.sync.timeout = 10s (default)
2022-06-01 03:35:17,657 [pool-316-thread-1] INFO  server.RaftServerConfigKeys (ConfUtils.java:logGet(46)) - raft.server.log.statemachine.data.sync.timeout.retry = -1 (default)
2022-06-01 03:35:17,665 [pool-316-thread-1] INFO  server.RaftServerConfigKeys (ConfUtils.java:logGet(46)) - raft.server.log.write.buffer.size = 64KB (=65536) (default)
2022-06-01 03:35:17,665 [pool-316-thread-1] INFO  server.RaftServerConfigKeys (ConfUtils.java:logGet(46)) - raft.server.log.unsafe-flush.enabled = false (default)
2022-06-01 03:35:17,665 [pool-316-thread-1] INFO  server.RaftServerConfigKeys (ConfUtils.java:logGet(46)) - raft.server.log.statemachine.data.caching.enabled = false (default)
2022-06-01 03:35:17,665 [pool-316-thread-1] INFO  segmented.SegmentedRaftLogWorker (SegmentedRaftLogWorker.java:lambda$new$0(135)) - om1@group-C5BA1605619E-SegmentedRaftLogWorker: flushIndex: setUnconditionally 0 -> -1
2022-06-01 03:35:17,665 [pool-316-thread-1] INFO  segmented.SegmentedRaftLogWorker (SegmentedRaftLogWorker.java:lambda$new$0(135)) - om1@group-C5BA1605619E-SegmentedRaftLogWorker: safeCacheEvictIndex: setUnconditionally 0 -> -1
2022-06-01 03:35:17,700 [pool-316-thread-1] INFO  server.RaftServerConfigKeys (ConfUtils.java:logGet(46)) - raft.server.snapshot.auto.trigger.enabled = true (custom)
2022-06-01 03:35:17,700 [pool-316-thread-1] INFO  server.RaftServerConfigKeys (ConfUtils.java:logGet(46)) - raft.server.snapshot.auto.trigger.threshold = 400000 (default)
2022-06-01 03:35:17,700 [pool-316-thread-1] INFO  server.RaftServerConfigKeys (ConfUtils.java:logGet(46)) - raft.server.snapshot.retention.file.num = -1 (default)
2022-06-01 03:35:17,700 [pool-316-thread-1] INFO  server.RaftServerConfigKeys (ConfUtils.java:logGet(46)) - raft.server.log.purge.upto.snapshot.index = true (custom)
2022-06-01 03:35:17,700 [pool-316-thread-1] INFO  server.RaftServerConfigKeys (ConfUtils.java:logGet(46)) - raft.server.retrycache.expirytime = 300s (custom)
2022-06-01 03:35:17,700 [pool-316-thread-1] INFO  server.RaftServerConfigKeys (ConfUtils.java:logGet(46)) - raft.server.retrycache.statistics.expirytime = 100μs (default)
2022-06-01 03:35:17,701 [pool-316-thread-1] INFO  server.RaftServerConfigKeys (ConfUtils.java:logGet(46)) - raft.server.log.appender.install.snapshot.enabled = false (custom)
2022-06-01 03:35:17,701 [pool-316-thread-1] INFO  server.RaftServerConfigKeys (ConfUtils.java:logGet(46)) - raft.server.threadpool.server.cached = true (default)
2022-06-01 03:35:17,701 [pool-316-thread-1] INFO  server.RaftServerConfigKeys (ConfUtils.java:logGet(46)) - raft.server.threadpool.server.size = 0 (default)
2022-06-01 03:35:17,701 [pool-316-thread-1] INFO  server.RaftServerConfigKeys (ConfUtils.java:logGet(46)) - raft.server.threadpool.client.cached = true (default)
2022-06-01 03:35:17,701 [pool-316-thread-1] INFO  server.RaftServerConfigKeys (ConfUtils.java:logGet(46)) - raft.server.threadpool.client.size = 0 (default)
2022-06-01 03:35:18,395 [Listener at 0.0.0.0/32881] INFO  reflections.Reflections (Reflections.java:scan(232)) - Reflections took 773 ms to scan 19 urls, producing 61 keys and 3824 values [using 2 cores]
2022-06-01 03:35:18,397 [Listener at 0.0.0.0/32881] INFO  ipc.CallQueueManager (CallQueueManager.java:<init>(90)) - Using callQueue: class java.util.concurrent.LinkedBlockingQueue, queueCapacity: 2000, scheduler: class org.apache.hadoop.ipc.DefaultRpcScheduler, ipcBackoff: false.
2022-06-01 03:35:18,417 [Socket Reader #1 for port 0] INFO  ipc.Server (Server.java:run(1265)) - Starting Socket Reader #1 for port 0
2022-06-01 03:35:18,450 [Listener at 127.0.0.1/42293] INFO  impl.MetricsSystemImpl (MetricsSystemImpl.java:init(158)) - OzoneManager metrics system started (again)
2022-06-01 03:35:18,460 [Listener at 127.0.0.1/42293] INFO  om.OzoneManager (OzoneManager.java:start(1460)) - OzoneManager RPC server is listening at localhost/127.0.0.1:42293
2022-06-01 03:35:18,460 [Listener at 127.0.0.1/42293] INFO  ratis.OzoneManagerRatisServer (OzoneManagerRatisServer.java:start(554)) - Starting OzoneManagerRatisServer om1 at port 9872
2022-06-01 03:35:18,460 [om1-impl-thread1] INFO  server.RaftServer$Division (RaftServerImpl.java:start(310)) - om1@group-C5BA1605619E: start as a follower, conf=-1: [om1|rpc:localhost:9872|priority:0], old=null
2022-06-01 03:35:18,460 [om1-impl-thread1] INFO  server.RaftServer$Division (RaftServerImpl.java:setRole(299)) - om1@group-C5BA1605619E: changes role from      null to FOLLOWER at term 0 for startAsFollower
2022-06-01 03:35:18,461 [om1-impl-thread1] INFO  impl.RoleInfo (RoleInfo.java:updateAndGet(139)) - om1: start om1@group-C5BA1605619E-FollowerState
2022-06-01 03:35:18,461 [om1-impl-thread1] INFO  util.JmxRegister (JmxRegister.java:tryRegister(44)) - Successfully registered JMX Bean with object name Ratis:service=RaftServer,group=group-C5BA1605619E,id=om1
2022-06-01 03:35:18,462 [Listener at 127.0.0.1/42293] INFO  server.RaftServer (RaftServerProxy.java:lambda$start$6(382)) - om1: start RPC server
2022-06-01 03:35:18,480 [Listener at 127.0.0.1/42293] INFO  server.GrpcService (GrpcService.java:startImpl(260)) - om1: GrpcService started, listening on 9872
2022-06-01 03:35:18,480 [Listener at 127.0.0.1/42293] INFO  om.OzoneManager (OzoneManager.java:start(1476)) - Version File has different layout version (3) than OM DB (null). That is expected if this OM has never been finalized to a newer layout version.
2022-06-01 03:35:18,481 [org.apache.ratis.util.JvmPauseMonitor$$Lambda$677/1664655596@617d6007] INFO  util.JvmPauseMonitor (JvmPauseMonitor.java:run(103)) - JvmPauseMonitor-om1: Started
2022-06-01 03:35:18,488 [Listener at 127.0.0.1/42293] INFO  http.BaseHttpServer (BaseHttpServer.java:newHttpServer2BuilderForOzone(209)) - Starting Web-server for ozoneManager at: http://0.0.0.0:0
2022-06-01 03:35:18,488 [Listener at 127.0.0.1/42293] INFO  http.BaseHttpServer (BaseHttpServer.java:<init>(107)) - Hadoop Security Enabled: false Ozone Security Enabled: false Ozone HTTP Security Enabled: false 
2022-06-01 03:35:18,489 [Listener at 127.0.0.1/42293] INFO  server.AuthenticationFilter (AuthenticationFilter.java:constructSecretProvider(240)) - Unable to initialize FileSignerSecretProvider, falling back to use random secrets.
2022-06-01 03:35:18,496 [Listener at 127.0.0.1/42293] WARN  http.HttpRequestLog (HttpRequestLog.java:getRequestLog(103)) - Jetty request log can only be enabled using Log4j
2022-06-01 03:35:18,497 [Listener at 127.0.0.1/42293] INFO  http.HttpServer2 (HttpServer2.java:addGlobalFilter(1030)) - Added global filter 'safety' (class=org.apache.hadoop.hdds.server.http.HttpServer2$QuotingInputFilter)
2022-06-01 03:35:18,497 [Listener at 127.0.0.1/42293] INFO  http.HttpServer2 (HttpServer2.java:addFilter(1006)) - Added filter static_user_filter (class=org.apache.hadoop.http.lib.StaticUserWebFilter$StaticUserFilter) to context ozoneManager
2022-06-01 03:35:18,497 [Listener at 127.0.0.1/42293] INFO  http.HttpServer2 (HttpServer2.java:addFilter(1014)) - Added filter static_user_filter (class=org.apache.hadoop.http.lib.StaticUserWebFilter$StaticUserFilter) to context logs
2022-06-01 03:35:18,497 [Listener at 127.0.0.1/42293] INFO  http.HttpServer2 (HttpServer2.java:addFilter(1014)) - Added filter static_user_filter (class=org.apache.hadoop.http.lib.StaticUserWebFilter$StaticUserFilter) to context static
2022-06-01 03:35:18,498 [Listener at 127.0.0.1/42293] INFO  http.HttpServer2 (HttpServer2.java:bindListener(1249)) - Jetty bound to port 39043
2022-06-01 03:35:18,498 [Listener at 127.0.0.1/42293] INFO  server.Server (Server.java:doStart(375)) - jetty-9.4.43.v20210629; built: 2021-06-30T11:07:22.254Z; git: 526006ecfa3af7f1a27ef3a288e2bef7ea9dd7e8; jvm 1.8.0_332-b09
2022-06-01 03:35:18,533 [Listener at 127.0.0.1/42293] INFO  server.session (DefaultSessionIdManager.java:doStart(334)) - DefaultSessionIdManager workerName=node0
2022-06-01 03:35:18,533 [Listener at 127.0.0.1/42293] INFO  server.session (DefaultSessionIdManager.java:doStart(339)) - No SessionScavenger set, using defaults
2022-06-01 03:35:18,534 [Listener at 127.0.0.1/42293] INFO  server.session (HouseKeeper.java:startScavenging(132)) - node0 Scavenging every 660000ms
2022-06-01 03:35:18,534 [Listener at 127.0.0.1/42293] INFO  handler.ContextHandler (ContextHandler.java:doStart(915)) - Started o.e.j.s.ServletContextHandler@793b6e25{logs,/logs,file:///home/runner/work/ozone/ozone/hadoop-ozone/integration-test/target/log,AVAILABLE}
2022-06-01 03:35:18,535 [Listener at 127.0.0.1/42293] INFO  handler.ContextHandler (ContextHandler.java:doStart(915)) - Started o.e.j.s.ServletContextHandler@419b3cc5{static,/static,file:///home/runner/work/ozone/ozone/hadoop-ozone/integration-test/target/test-classes/webapps/static,AVAILABLE}
2022-06-01 03:35:18,538 [Listener at 127.0.0.1/42293] INFO  handler.ContextHandler (ContextHandler.java:doStart(915)) - Started o.e.j.w.WebAppContext@7e03fe2b{ozoneManager,/,file:///home/runner/work/ozone/ozone/hadoop-ozone/integration-test/target/test-classes/webapps/ozoneManager/,AVAILABLE}{file:/home/runner/work/ozone/ozone/hadoop-ozone/integration-test/target/test-classes/webapps/ozoneManager}
2022-06-01 03:35:18,549 [Listener at 127.0.0.1/42293] INFO  server.AbstractConnector (AbstractConnector.java:doStart(331)) - Started ServerConnector@34b58084{HTTP/1.1, (http/1.1)}{0.0.0.0:39043}
2022-06-01 03:35:18,549 [Listener at 127.0.0.1/42293] INFO  server.Server (Server.java:doStart(415)) - Started @81683ms
2022-06-01 03:35:18,549 [Listener at 127.0.0.1/42293] WARN  impl.MetricsSystemImpl (MetricsSystemImpl.java:register(279)) - Sink prometheus already exists!
2022-06-01 03:35:18,550 [Listener at 127.0.0.1/42293] INFO  http.BaseHttpServer (BaseHttpServer.java:updateConnectorAddress(329)) - HTTP server of ozoneManager listening at http://0.0.0.0:39043
2022-06-01 03:35:18,561 [IPC Server Responder] INFO  ipc.Server (Server.java:run(1507)) - IPC Server Responder: starting
2022-06-01 03:35:18,561 [IPC Server listener on 0] INFO  ipc.Server (Server.java:run(1344)) - IPC Server listener on 0: starting
2022-06-01 03:35:18,578 [Listener at 127.0.0.1/42293] INFO  om.OzoneManager (OzoneManager.java:startTrashEmptier(1900)) - Trash Interval set to 0. Files deleted won't move to trash
2022-06-01 03:35:18,592 [org.apache.hadoop.util.JvmPauseMonitor$Monitor@8a06b28] INFO  util.JvmPauseMonitor (JvmPauseMonitor.java:run(188)) - Starting JVM pause monitor
2022-06-01 03:35:18,623 [Listener at 127.0.0.1/42293] WARN  impl.MetricRegistriesImpl (MetricRegistriesImpl.java:addReporterRegistration(111)) - New reporters are added after registries were created. Some metrics will be missing from the reporter. Please add reporter before adding any new registry.
2022-06-01 03:35:18,623 [Listener at 127.0.0.1/42293] WARN  impl.MetricRegistriesImpl (MetricRegistriesImpl.java:addReporterRegistration(111)) - New reporters are added after registries were created. Some metrics will be missing from the reporter. Please add reporter before adding any new registry.
2022-06-01 03:35:18,624 [Listener at 127.0.0.1/42293] INFO  impl.MetricsSystemImpl (MetricsSystemImpl.java:init(158)) - HddsDatanode metrics system started (again)
2022-06-01 03:35:18,647 [Listener at 127.0.0.1/42293] INFO  ozone.HddsDatanodeService (HddsDatanodeService.java:start(236)) - HddsDatanodeService host:fv-az151-582.yf2hydr00wburbhx3j5hxtcipe.bx.internal.cloudapp.net ip:10.1.0.5
2022-06-01 03:35:18,695 [Listener at 127.0.0.1/42293] INFO  upgrade.AbstractLayoutVersionManager (AbstractLayoutVersionManager.java:init(79)) - Initializing Layout version manager with metadata layout = ERASURE_CODED_STORAGE_SUPPORT (version = 3), software layout = ERASURE_CODED_STORAGE_SUPPORT (version = 3)
2022-06-01 03:35:18,853 [Listener at 127.0.0.1/42293] INFO  reflections.Reflections (Reflections.java:scan(232)) - Reflections took 149 ms to scan 7 urls, producing 127 keys and 292 values 
2022-06-01 03:35:18,873 [Listener at 127.0.0.1/42293] INFO  statemachine.DatanodeStateMachine (DatanodeStateMachine.java:getEndPointTaskThreadPoolSize(233)) - Datanode State Machine Task Thread Pool size 2
2022-06-01 03:35:18,883 [Listener at 127.0.0.1/42293] INFO  volume.HddsVolume (HddsVolume.java:<init>(120)) - Creating HddsVolume: /home/runner/work/ozone/ozone/hadoop-ozone/integration-test/target/test-dir/MiniOzoneClusterImpl-1510f6c2-5527-4711-8733-efea2524abfe/datanode-0/data-0/containers/hdds of storage type : DISK capacity : 9223372036854775807
2022-06-01 03:35:18,884 [Listener at 127.0.0.1/42293] INFO  volume.MutableVolumeSet (MutableVolumeSet.java:initializeVolumeSet(168)) - Added Volume : /home/runner/work/ozone/ozone/hadoop-ozone/integration-test/target/test-dir/MiniOzoneClusterImpl-1510f6c2-5527-4711-8733-efea2524abfe/datanode-0/data-0/containers/hdds to VolumeSet
2022-06-01 03:35:18,884 [Listener at 127.0.0.1/42293] INFO  volume.ThrottledAsyncChecker (ThrottledAsyncChecker.java:schedule(141)) - Scheduling a check for /home/runner/work/ozone/ozone/hadoop-ozone/integration-test/target/test-dir/MiniOzoneClusterImpl-1510f6c2-5527-4711-8733-efea2524abfe/datanode-0/data-0/containers/hdds
2022-06-01 03:35:18,897 [Listener at 127.0.0.1/42293] INFO  volume.StorageVolumeChecker (StorageVolumeChecker.java:checkAllVolumes(202)) - Scheduled health check for volume /home/runner/work/ozone/ozone/hadoop-ozone/integration-test/target/test-dir/MiniOzoneClusterImpl-1510f6c2-5527-4711-8733-efea2524abfe/datanode-0/data-0/containers/hdds
2022-06-01 03:35:18,928 [Listener at 127.0.0.1/42293] INFO  volume.MutableVolumeSet (MutableVolumeSet.java:initializeVolumeSet(168)) - Added Volume : /home/runner/work/ozone/ozone/hadoop-ozone/integration-test/target/test-dir/MiniOzoneClusterImpl-1510f6c2-5527-4711-8733-efea2524abfe/datanode-0/data/ratis to VolumeSet
2022-06-01 03:35:18,928 [Listener at 127.0.0.1/42293] INFO  volume.ThrottledAsyncChecker (ThrottledAsyncChecker.java:schedule(141)) - Scheduling a check for /home/runner/work/ozone/ozone/hadoop-ozone/integration-test/target/test-dir/MiniOzoneClusterImpl-1510f6c2-5527-4711-8733-efea2524abfe/datanode-0/data/ratis
2022-06-01 03:35:18,928 [Listener at 127.0.0.1/42293] INFO  volume.StorageVolumeChecker (StorageVolumeChecker.java:checkAllVolumes(202)) - Scheduled health check for volume /home/runner/work/ozone/ozone/hadoop-ozone/integration-test/target/test-dir/MiniOzoneClusterImpl-1510f6c2-5527-4711-8733-efea2524abfe/datanode-0/data/ratis
2022-06-01 03:35:18,989 [Thread-666] INFO  ozoneimpl.ContainerReader (ContainerReader.java:readVolume(172)) - Finish verifying containers on volume /home/runner/work/ozone/ozone/hadoop-ozone/integration-test/target/test-dir/MiniOzoneClusterImpl-1510f6c2-5527-4711-8733-efea2524abfe/datanode-0/data-0/containers/hdds
2022-06-01 03:35:18,989 [Listener at 127.0.0.1/42293] INFO  ozoneimpl.OzoneContainer (OzoneContainer.java:buildContainerSet(257)) - Build ContainerSet costs 0s
2022-06-01 03:35:19,001 [Listener at 127.0.0.1/42293] INFO  server.RaftServer (ConfUtils.java:logGet(46)) - raft.rpc.type = GRPC (default)
2022-06-01 03:35:19,001 [Listener at 127.0.0.1/42293] INFO  grpc.GrpcFactory (GrpcFactory.java:checkPooledByteBufAllocatorUseCacheForAllThreads(48)) - PERFORMANCE WARNING: useCacheForAllThreads is true that may cause Netty to create a lot garbage objects and, as a result, trigger GC.
	It is recommended to disable useCacheForAllThreads by setting -Dorg.apache.ratis.thirdparty.io.netty.allocator.useCacheForAllThreads=false in command line.
2022-06-01 03:35:19,001 [Listener at 127.0.0.1/42293] INFO  grpc.GrpcConfigKeys (ConfUtils.java:logGet(46)) - raft.grpc.admin.port = 0 (custom)
2022-06-01 03:35:19,001 [Listener at 127.0.0.1/42293] INFO  grpc.GrpcConfigKeys (ConfUtils.java:logGet(46)) - raft.grpc.client.port = 0 (custom)
2022-06-01 03:35:19,001 [Listener at 127.0.0.1/42293] INFO  grpc.GrpcConfigKeys (ConfUtils.java:logGet(46)) - raft.grpc.server.port = 0 (default)
2022-06-01 03:35:19,001 [Listener at 127.0.0.1/42293] INFO  server.GrpcService (ConfUtils.java:logGet(46)) - raft.grpc.message.size.max = 32MB (=33554432) (custom)
2022-06-01 03:35:19,002 [Listener at 127.0.0.1/42293] INFO  server.RaftServerConfigKeys (ConfUtils.java:logGet(46)) - raft.server.log.appender.buffer.byte-limit = 33554432 (custom)
2022-06-01 03:35:19,002 [Listener at 127.0.0.1/42293] INFO  server.GrpcService (ConfUtils.java:logGet(46)) - raft.grpc.flow.control.window = 5MB (=5242880) (custom)
2022-06-01 03:35:19,002 [Listener at 127.0.0.1/42293] INFO  server.RaftServerConfigKeys (ConfUtils.java:logGet(46)) - raft.server.rpc.request.timeout = 60s (custom)
2022-06-01 03:35:19,002 [Listener at 127.0.0.1/42293] INFO  grpc.GrpcConfigKeys (ConfUtils.java:logGet(46)) - raft.grpc.server.async.request.thread.pool.cached = true (default)
2022-06-01 03:35:19,002 [Listener at 127.0.0.1/42293] INFO  grpc.GrpcConfigKeys (ConfUtils.java:logGet(46)) - raft.grpc.server.async.request.thread.pool.size = 32 (default)
2022-06-01 03:35:19,003 [Listener at 127.0.0.1/42293] INFO  impl.DataStreamServerImpl (ConfUtils.java:logGet(46)) - raft.datastream.type = DISABLED (default)
2022-06-01 03:35:19,003 [Listener at 127.0.0.1/42293] INFO  server.RaftServerConfigKeys (ConfUtils.java:logGet(46)) - raft.server.threadpool.proxy.cached = true (default)
2022-06-01 03:35:19,004 [Listener at 127.0.0.1/42293] INFO  server.RaftServerConfigKeys (ConfUtils.java:logGet(46)) - raft.server.threadpool.proxy.size = 0 (default)
2022-06-01 03:35:19,004 [Listener at 127.0.0.1/42293] INFO  server.RaftServerConfigKeys (ConfUtils.java:logGet(46)) - raft.server.rpc.slowness.timeout = 300s (custom)
2022-06-01 03:35:19,004 [Listener at 127.0.0.1/42293] INFO  server.RaftServerConfigKeys (ConfUtils.java:logGet(46)) - raft.server.leaderelection.leader.step-down.wait-time = 10s (default)
2022-06-01 03:35:19,004 [Listener at 127.0.0.1/42293] INFO  server.RaftServerConfigKeys (ConfUtils.java:logGet(46)) - raft.server.storage.dir = [/home/runner/work/ozone/ozone/hadoop-ozone/integration-test/target/test-dir/MiniOzoneClusterImpl-1510f6c2-5527-4711-8733-efea2524abfe/datanode-0/data/ratis] (custom)
2022-06-01 03:35:19,007 [Listener at 127.0.0.1/42293] INFO  server.XceiverServerGrpc (XceiverServerGrpc.java:<init>(132)) - GrpcServer channel type EpollServerSocketChannel
2022-06-01 03:35:19,024 [Listener at 127.0.0.1/42293] INFO  http.BaseHttpServer (BaseHttpServer.java:newHttpServer2BuilderForOzone(209)) - Starting Web-server for hddsDatanode at: http://0.0.0.0:0
2022-06-01 03:35:19,024 [Listener at 127.0.0.1/42293] INFO  http.BaseHttpServer (BaseHttpServer.java:<init>(107)) - Hadoop Security Enabled: false Ozone Security Enabled: false Ozone HTTP Security Enabled: false 
2022-06-01 03:35:19,025 [Listener at 127.0.0.1/42293] INFO  server.AuthenticationFilter (AuthenticationFilter.java:constructSecretProvider(240)) - Unable to initialize FileSignerSecretProvider, falling back to use random secrets.
2022-06-01 03:35:19,032 [Listener at 127.0.0.1/42293] WARN  http.HttpRequestLog (HttpRequestLog.java:getRequestLog(103)) - Jetty request log can only be enabled using Log4j
2022-06-01 03:35:19,034 [Listener at 127.0.0.1/42293] INFO  http.HttpServer2 (HttpServer2.java:addGlobalFilter(1030)) - Added global filter 'safety' (class=org.apache.hadoop.hdds.server.http.HttpServer2$QuotingInputFilter)
2022-06-01 03:35:19,034 [Listener at 127.0.0.1/42293] INFO  http.HttpServer2 (HttpServer2.java:addFilter(1006)) - Added filter static_user_filter (class=org.apache.hadoop.http.lib.StaticUserWebFilter$StaticUserFilter) to context hddsDatanode
2022-06-01 03:35:19,034 [Listener at 127.0.0.1/42293] INFO  http.HttpServer2 (HttpServer2.java:addFilter(1014)) - Added filter static_user_filter (class=org.apache.hadoop.http.lib.StaticUserWebFilter$StaticUserFilter) to context logs
2022-06-01 03:35:19,034 [Listener at 127.0.0.1/42293] INFO  http.HttpServer2 (HttpServer2.java:addFilter(1014)) - Added filter static_user_filter (class=org.apache.hadoop.http.lib.StaticUserWebFilter$StaticUserFilter) to context static
2022-06-01 03:35:19,036 [Listener at 127.0.0.1/42293] INFO  http.HttpServer2 (HttpServer2.java:bindListener(1249)) - Jetty bound to port 34153
2022-06-01 03:35:19,036 [Listener at 127.0.0.1/42293] INFO  server.Server (Server.java:doStart(375)) - jetty-9.4.43.v20210629; built: 2021-06-30T11:07:22.254Z; git: 526006ecfa3af7f1a27ef3a288e2bef7ea9dd7e8; jvm 1.8.0_332-b09
2022-06-01 03:35:19,038 [Listener at 127.0.0.1/42293] INFO  server.session (DefaultSessionIdManager.java:doStart(334)) - DefaultSessionIdManager workerName=node0
2022-06-01 03:35:19,038 [Listener at 127.0.0.1/42293] INFO  server.session (DefaultSessionIdManager.java:doStart(339)) - No SessionScavenger set, using defaults
2022-06-01 03:35:19,038 [Listener at 127.0.0.1/42293] INFO  server.session (HouseKeeper.java:startScavenging(132)) - node0 Scavenging every 660000ms
2022-06-01 03:35:19,039 [Listener at 127.0.0.1/42293] INFO  handler.ContextHandler (ContextHandler.java:doStart(915)) - Started o.e.j.s.ServletContextHandler@678657a7{logs,/logs,file:///home/runner/work/ozone/ozone/hadoop-ozone/integration-test/target/log,AVAILABLE}
2022-06-01 03:35:19,039 [Listener at 127.0.0.1/42293] INFO  handler.ContextHandler (ContextHandler.java:doStart(915)) - Started o.e.j.s.ServletContextHandler@780bc903{static,/static,jar:file:/home/runner/.m2/repository/org/apache/ozone/hdds-container-service/1.3.0-SNAPSHOT/hdds-container-service-1.3.0-SNAPSHOT.jar!/webapps/static,AVAILABLE}
2022-06-01 03:35:19,409 [Listener at 127.0.0.1/42293] INFO  handler.ContextHandler (ContextHandler.java:doStart(915)) - Started o.e.j.w.WebAppContext@bec3057{hddsDatanode,/,file:///tmp/jetty-0_0_0_0-34153-hdds-container-service-1_3_0-SNAPSHOT_jar-_-any-6069154417753934067/webapp/,AVAILABLE}{jar:file:/home/runner/.m2/repository/org/apache/ozone/hdds-container-service/1.3.0-SNAPSHOT/hdds-container-service-1.3.0-SNAPSHOT.jar!/webapps/hddsDatanode}
2022-06-01 03:35:19,416 [Listener at 127.0.0.1/42293] INFO  server.AbstractConnector (AbstractConnector.java:doStart(331)) - Started ServerConnector@20aef53a{HTTP/1.1, (http/1.1)}{0.0.0.0:34153}
2022-06-01 03:35:19,416 [Listener at 127.0.0.1/42293] INFO  server.Server (Server.java:doStart(415)) - Started @82550ms
2022-06-01 03:35:19,416 [Listener at 127.0.0.1/42293] WARN  impl.MetricsSystemImpl (MetricsSystemImpl.java:register(279)) - Sink prometheus already exists!
2022-06-01 03:35:19,424 [Listener at 127.0.0.1/42293] INFO  http.BaseHttpServer (BaseHttpServer.java:updateConnectorAddress(329)) - HTTP server of hddsDatanode listening at http://0.0.0.0:34153
2022-06-01 03:35:19,428 [Listener at 127.0.0.1/42293] WARN  impl.MetricRegistriesImpl (MetricRegistriesImpl.java:addReporterRegistration(111)) - New reporters are added after registries were created. Some metrics will be missing from the reporter. Please add reporter before adding any new registry.
2022-06-01 03:35:19,428 [Listener at 127.0.0.1/42293] WARN  impl.MetricRegistriesImpl (MetricRegistriesImpl.java:addReporterRegistration(111)) - New reporters are added after registries were created. Some metrics will be missing from the reporter. Please add reporter before adding any new registry.
2022-06-01 03:35:19,428 [Listener at 127.0.0.1/42293] INFO  impl.MetricsSystemImpl (MetricsSystemImpl.java:init(158)) - HddsDatanode metrics system started (again)
2022-06-01 03:35:19,432 [Datanode State Machine Daemon Thread] INFO  statemachine.DatanodeStateMachine (DatanodeStateMachine.java:lambda$startDaemon$0(481)) - Ozone container server started.
2022-06-01 03:35:19,458 [Listener at 127.0.0.1/42293] INFO  ozone.HddsDatanodeService (HddsDatanodeService.java:start(236)) - HddsDatanodeService host:fv-az151-582.yf2hydr00wburbhx3j5hxtcipe.bx.internal.cloudapp.net ip:10.1.0.5
2022-06-01 03:35:19,484 [org.apache.hadoop.util.JvmPauseMonitor$Monitor@43dd554a] INFO  util.JvmPauseMonitor (JvmPauseMonitor.java:run(188)) - Starting JVM pause monitor
2022-06-01 03:35:19,502 [om1@group-C5BA1605619E-FollowerState] INFO  impl.FollowerState (FollowerState.java:run(143)) - om1@group-C5BA1605619E-FollowerState: change to CANDIDATE, lastRpcElapsedTime:1041346353ns, electionTimeout:1040ms
2022-06-01 03:35:19,502 [om1@group-C5BA1605619E-FollowerState] INFO  impl.RoleInfo (RoleInfo.java:shutdownFollowerState(110)) - om1: shutdown om1@group-C5BA1605619E-FollowerState
2022-06-01 03:35:19,502 [om1@group-C5BA1605619E-FollowerState] INFO  server.RaftServer$Division (RaftServerImpl.java:setRole(299)) - om1@group-C5BA1605619E: changes role from  FOLLOWER to CANDIDATE at term 0 for changeToCandidate
2022-06-01 03:35:19,502 [om1@group-C5BA1605619E-FollowerState] INFO  server.RaftServerConfigKeys (ConfUtils.java:logGet(46)) - raft.server.leaderelection.pre-vote = false (custom)
2022-06-01 03:35:19,502 [om1@group-C5BA1605619E-FollowerState] INFO  impl.RoleInfo (RoleInfo.java:updateAndGet(139)) - om1: start om1@group-C5BA1605619E-LeaderElection22
2022-06-01 03:35:19,504 [Listener at 127.0.0.1/42293] INFO  upgrade.AbstractLayoutVersionManager (AbstractLayoutVersionManager.java:init(79)) - Initializing Layout version manager with metadata layout = ERASURE_CODED_STORAGE_SUPPORT (version = 3), software layout = ERASURE_CODED_STORAGE_SUPPORT (version = 3)
2022-06-01 03:35:19,533 [Datanode State Machine Task Thread - 0] INFO  datanode.InitDatanodeState (InitDatanodeState.java:persistContainerDatanodeDetails(138)) - DatanodeDetails is persisted to /home/runner/work/ozone/ozone/hadoop-ozone/integration-test/target/test-dir/MiniOzoneClusterImpl-1510f6c2-5527-4711-8733-efea2524abfe/datanode-0/meta/datanode.id
2022-06-01 03:35:19,534 [om1@group-C5BA1605619E-LeaderElection22] INFO  impl.LeaderElection (LeaderElection.java:askForVotes(310)) - om1@group-C5BA1605619E-LeaderElection22 ELECTION round 0: submit vote requests at term 1 for -1: [om1|rpc:localhost:9872|priority:0], old=null
2022-06-01 03:35:19,534 [om1@group-C5BA1605619E-LeaderElection22] INFO  impl.LeaderElection (LeaderElection.java:askForVotes(312)) - om1@group-C5BA1605619E-LeaderElection22 ELECTION round 0: result PASSED (term=1)
2022-06-01 03:35:19,534 [om1@group-C5BA1605619E-LeaderElection22] INFO  impl.RoleInfo (RoleInfo.java:shutdownLeaderElection(130)) - om1: shutdown om1@group-C5BA1605619E-LeaderElection22
2022-06-01 03:35:19,534 [om1@group-C5BA1605619E-LeaderElection22] INFO  server.RaftServer$Division (RaftServerImpl.java:setRole(299)) - om1@group-C5BA1605619E: changes role from CANDIDATE to LEADER at term 1 for changeToLeader
2022-06-01 03:35:19,534 [om1@group-C5BA1605619E-LeaderElection22] INFO  server.RaftServer$Division (ServerState.java:setLeader(287)) - om1@group-C5BA1605619E: change Leader from null to om1 at term 1 for becomeLeader, leader elected after 1890ms
2022-06-01 03:35:19,534 [om1@group-C5BA1605619E-LeaderElection22] INFO  server.RaftServerConfigKeys (ConfUtils.java:logGet(46)) - raft.server.staging.catchup.gap = 1000 (default)
2022-06-01 03:35:19,535 [om1@group-C5BA1605619E-LeaderElection22] INFO  server.RaftServerConfigKeys (ConfUtils.java:logGet(46)) - raft.server.write.element-limit = 4096 (default)
2022-06-01 03:35:19,535 [om1@group-C5BA1605619E-LeaderElection22] INFO  server.RaftServerConfigKeys (ConfUtils.java:logGet(46)) - raft.server.write.byte-limit = 64MB (=67108864) (default)
2022-06-01 03:35:19,535 [om1@group-C5BA1605619E-LeaderElection22] INFO  server.RaftServerConfigKeys (ConfUtils.java:logGet(46)) - raft.server.watch.timeout = 10s (default)
2022-06-01 03:35:19,535 [om1@group-C5BA1605619E-LeaderElection22] INFO  server.RaftServerConfigKeys (ConfUtils.java:logGet(46)) - raft.server.watch.timeout.denomination = 1s (default)
2022-06-01 03:35:19,535 [om1@group-C5BA1605619E-LeaderElection22] INFO  server.RaftServerConfigKeys (ConfUtils.java:logGet(46)) - raft.server.watch.element-limit = 65536 (default)
2022-06-01 03:35:19,535 [om1@group-C5BA1605619E-LeaderElection22] INFO  server.RaftServerConfigKeys (ConfUtils.java:logGet(46)) - raft.server.write.element-limit = 4096 (default)
2022-06-01 03:35:19,535 [om1@group-C5BA1605619E-LeaderElection22] INFO  server.RaftServerConfigKeys (ConfUtils.java:logGet(46)) - raft.server.write.follower.gap.ratio.max = -1.0 (default)
2022-06-01 03:35:19,535 [om1@group-C5BA1605619E-LeaderElection22] INFO  impl.RoleInfo (RoleInfo.java:updateAndGet(139)) - om1: start om1@group-C5BA1605619E-LeaderStateImpl
2022-06-01 03:35:19,536 [om1@group-C5BA1605619E-LeaderElection22] INFO  segmented.SegmentedRaftLogWorker (SegmentedRaftLogWorker.java:startLogSegment(425)) - om1@group-C5BA1605619E-SegmentedRaftLogWorker: Starting segment from index:0
2022-06-01 03:35:19,550 [om1@group-C5BA1605619E-SegmentedRaftLogWorker] INFO  segmented.SegmentedRaftLogWorker (SegmentedRaftLogWorker.java:execute(629)) - om1@group-C5BA1605619E-SegmentedRaftLogWorker: created new log segment /home/runner/work/ozone/ozone/hadoop-ozone/integration-test/target/test-dir/MiniOzoneClusterImpl-1510f6c2-5527-4711-8733-efea2524abfe/ozone-meta/ratis/bf265839-605b-3f16-9796-c5ba1605619e/current/log_inprogress_0
2022-06-01 03:35:19,572 [om1@group-C5BA1605619E-LeaderElection22] INFO  server.RaftServer$Division (ServerState.java:setRaftConf(393)) - om1@group-C5BA1605619E: set configuration 0: [om1|rpc:localhost:9872|admin:|client:|dataStream:|priority:0], old=null
2022-06-01 03:35:19,590 [om1@group-C5BA1605619E-StateMachineUpdater] INFO  ratis.OzoneManagerStateMachine (OzoneManagerStateMachine.java:notifyConfigurationChanged(191)) - Received Configuration change notification from Ratis. New Peer list:
[id: "om1"
address: "localhost:9872"
]
2022-06-01 03:35:19,607 [Listener at 127.0.0.1/42293] INFO  reflections.Reflections (Reflections.java:scan(232)) - Reflections took 101 ms to scan 7 urls, producing 127 keys and 292 values 
2022-06-01 03:35:19,634 [Listener at 127.0.0.1/42293] INFO  statemachine.DatanodeStateMachine (DatanodeStateMachine.java:getEndPointTaskThreadPoolSize(233)) - Datanode State Machine Task Thread Pool size 2
2022-06-01 03:35:19,647 [Listener at 127.0.0.1/42293] INFO  volume.HddsVolume (HddsVolume.java:<init>(120)) - Creating HddsVolume: /home/runner/work/ozone/ozone/hadoop-ozone/integration-test/target/test-dir/MiniOzoneClusterImpl-1510f6c2-5527-4711-8733-efea2524abfe/datanode-1/data-0/containers/hdds of storage type : DISK capacity : 9223372036854775807
2022-06-01 03:35:19,647 [Listener at 127.0.0.1/42293] INFO  volume.MutableVolumeSet (MutableVolumeSet.java:initializeVolumeSet(168)) - Added Volume : /home/runner/work/ozone/ozone/hadoop-ozone/integration-test/target/test-dir/MiniOzoneClusterImpl-1510f6c2-5527-4711-8733-efea2524abfe/datanode-1/data-0/containers/hdds to VolumeSet
2022-06-01 03:35:19,647 [Listener at 127.0.0.1/42293] INFO  volume.ThrottledAsyncChecker (ThrottledAsyncChecker.java:schedule(141)) - Scheduling a check for /home/runner/work/ozone/ozone/hadoop-ozone/integration-test/target/test-dir/MiniOzoneClusterImpl-1510f6c2-5527-4711-8733-efea2524abfe/datanode-1/data-0/containers/hdds
2022-06-01 03:35:19,656 [Listener at 127.0.0.1/42293] INFO  volume.StorageVolumeChecker (StorageVolumeChecker.java:checkAllVolumes(202)) - Scheduled health check for volume /home/runner/work/ozone/ozone/hadoop-ozone/integration-test/target/test-dir/MiniOzoneClusterImpl-1510f6c2-5527-4711-8733-efea2524abfe/datanode-1/data-0/containers/hdds
2022-06-01 03:35:19,673 [Listener at 127.0.0.1/42293] INFO  volume.MutableVolumeSet (MutableVolumeSet.java:initializeVolumeSet(168)) - Added Volume : /home/runner/work/ozone/ozone/hadoop-ozone/integration-test/target/test-dir/MiniOzoneClusterImpl-1510f6c2-5527-4711-8733-efea2524abfe/datanode-1/data/ratis to VolumeSet
2022-06-01 03:35:19,674 [Listener at 127.0.0.1/42293] INFO  volume.ThrottledAsyncChecker (ThrottledAsyncChecker.java:schedule(141)) - Scheduling a check for /home/runner/work/ozone/ozone/hadoop-ozone/integration-test/target/test-dir/MiniOzoneClusterImpl-1510f6c2-5527-4711-8733-efea2524abfe/datanode-1/data/ratis
2022-06-01 03:35:19,674 [Listener at 127.0.0.1/42293] INFO  volume.StorageVolumeChecker (StorageVolumeChecker.java:checkAllVolumes(202)) - Scheduled health check for volume /home/runner/work/ozone/ozone/hadoop-ozone/integration-test/target/test-dir/MiniOzoneClusterImpl-1510f6c2-5527-4711-8733-efea2524abfe/datanode-1/data/ratis
2022-06-01 03:35:19,686 [Thread-681] INFO  ozoneimpl.ContainerReader (ContainerReader.java:readVolume(172)) - Finish verifying containers on volume /home/runner/work/ozone/ozone/hadoop-ozone/integration-test/target/test-dir/MiniOzoneClusterImpl-1510f6c2-5527-4711-8733-efea2524abfe/datanode-1/data-0/containers/hdds
2022-06-01 03:35:19,686 [Listener at 127.0.0.1/42293] INFO  ozoneimpl.OzoneContainer (OzoneContainer.java:buildContainerSet(257)) - Build ContainerSet costs 0s
2022-06-01 03:35:19,687 [Listener at 127.0.0.1/42293] INFO  server.RaftServer (ConfUtils.java:logGet(46)) - raft.rpc.type = GRPC (default)
2022-06-01 03:35:19,688 [Listener at 127.0.0.1/42293] INFO  grpc.GrpcFactory (GrpcFactory.java:checkPooledByteBufAllocatorUseCacheForAllThreads(48)) - PERFORMANCE WARNING: useCacheForAllThreads is true that may cause Netty to create a lot garbage objects and, as a result, trigger GC.
	It is recommended to disable useCacheForAllThreads by setting -Dorg.apache.ratis.thirdparty.io.netty.allocator.useCacheForAllThreads=false in command line.
2022-06-01 03:35:19,688 [Listener at 127.0.0.1/42293] INFO  grpc.GrpcConfigKeys (ConfUtils.java:logGet(46)) - raft.grpc.admin.port = 0 (custom)
2022-06-01 03:35:19,688 [Listener at 127.0.0.1/42293] INFO  grpc.GrpcConfigKeys (ConfUtils.java:logGet(46)) - raft.grpc.client.port = 0 (custom)
2022-06-01 03:35:19,688 [Listener at 127.0.0.1/42293] INFO  grpc.GrpcConfigKeys (ConfUtils.java:logGet(46)) - raft.grpc.server.port = 0 (default)
2022-06-01 03:35:19,688 [Listener at 127.0.0.1/42293] INFO  server.GrpcService (ConfUtils.java:logGet(46)) - raft.grpc.message.size.max = 32MB (=33554432) (custom)
2022-06-01 03:35:19,688 [Listener at 127.0.0.1/42293] INFO  server.RaftServerConfigKeys (ConfUtils.java:logGet(46)) - raft.server.log.appender.buffer.byte-limit = 33554432 (custom)
2022-06-01 03:35:19,688 [Listener at 127.0.0.1/42293] INFO  server.GrpcService (ConfUtils.java:logGet(46)) - raft.grpc.flow.control.window = 5MB (=5242880) (custom)
2022-06-01 03:35:19,688 [Listener at 127.0.0.1/42293] INFO  server.RaftServerConfigKeys (ConfUtils.java:logGet(46)) - raft.server.rpc.request.timeout = 60s (custom)
2022-06-01 03:35:19,689 [Listener at 127.0.0.1/42293] INFO  grpc.GrpcConfigKeys (ConfUtils.java:logGet(46)) - raft.grpc.server.async.request.thread.pool.cached = true (default)
2022-06-01 03:35:19,689 [Listener at 127.0.0.1/42293] INFO  grpc.GrpcConfigKeys (ConfUtils.java:logGet(46)) - raft.grpc.server.async.request.thread.pool.size = 32 (default)
2022-06-01 03:35:19,690 [Listener at 127.0.0.1/42293] INFO  impl.DataStreamServerImpl (ConfUtils.java:logGet(46)) - raft.datastream.type = DISABLED (default)
2022-06-01 03:35:19,690 [Listener at 127.0.0.1/42293] INFO  server.RaftServerConfigKeys (ConfUtils.java:logGet(46)) - raft.server.threadpool.proxy.cached = true (default)
2022-06-01 03:35:19,690 [Listener at 127.0.0.1/42293] INFO  server.RaftServerConfigKeys (ConfUtils.java:logGet(46)) - raft.server.threadpool.proxy.size = 0 (default)
2022-06-01 03:35:19,698 [Listener at 127.0.0.1/42293] INFO  server.RaftServerConfigKeys (ConfUtils.java:logGet(46)) - raft.server.rpc.slowness.timeout = 300s (custom)
2022-06-01 03:35:19,698 [Listener at 127.0.0.1/42293] INFO  server.RaftServerConfigKeys (ConfUtils.java:logGet(46)) - raft.server.leaderelection.leader.step-down.wait-time = 10s (default)
2022-06-01 03:35:19,698 [Listener at 127.0.0.1/42293] INFO  server.RaftServerConfigKeys (ConfUtils.java:logGet(46)) - raft.server.storage.dir = [/home/runner/work/ozone/ozone/hadoop-ozone/integration-test/target/test-dir/MiniOzoneClusterImpl-1510f6c2-5527-4711-8733-efea2524abfe/datanode-1/data/ratis] (custom)
2022-06-01 03:35:19,729 [Listener at 127.0.0.1/42293] INFO  server.XceiverServerGrpc (XceiverServerGrpc.java:<init>(132)) - GrpcServer channel type EpollServerSocketChannel
2022-06-01 03:35:19,736 [Listener at 127.0.0.1/42293] INFO  http.BaseHttpServer (BaseHttpServer.java:newHttpServer2BuilderForOzone(209)) - Starting Web-server for hddsDatanode at: http://0.0.0.0:0
2022-06-01 03:35:19,737 [Listener at 127.0.0.1/42293] INFO  http.BaseHttpServer (BaseHttpServer.java:<init>(107)) - Hadoop Security Enabled: false Ozone Security Enabled: false Ozone HTTP Security Enabled: false 
2022-06-01 03:35:19,738 [Listener at 127.0.0.1/42293] INFO  server.AuthenticationFilter (AuthenticationFilter.java:constructSecretProvider(240)) - Unable to initialize FileSignerSecretProvider, falling back to use random secrets.
2022-06-01 03:35:19,742 [Listener at 127.0.0.1/42293] WARN  http.HttpRequestLog (HttpRequestLog.java:getRequestLog(103)) - Jetty request log can only be enabled using Log4j
2022-06-01 03:35:19,744 [Listener at 127.0.0.1/42293] INFO  http.HttpServer2 (HttpServer2.java:addGlobalFilter(1030)) - Added global filter 'safety' (class=org.apache.hadoop.hdds.server.http.HttpServer2$QuotingInputFilter)
2022-06-01 03:35:19,745 [Listener at 127.0.0.1/42293] INFO  http.HttpServer2 (HttpServer2.java:addFilter(1006)) - Added filter static_user_filter (class=org.apache.hadoop.http.lib.StaticUserWebFilter$StaticUserFilter) to context hddsDatanode
2022-06-01 03:35:19,745 [Listener at 127.0.0.1/42293] INFO  http.HttpServer2 (HttpServer2.java:addFilter(1014)) - Added filter static_user_filter (class=org.apache.hadoop.http.lib.StaticUserWebFilter$StaticUserFilter) to context logs
2022-06-01 03:35:19,745 [Listener at 127.0.0.1/42293] INFO  http.HttpServer2 (HttpServer2.java:addFilter(1014)) - Added filter static_user_filter (class=org.apache.hadoop.http.lib.StaticUserWebFilter$StaticUserFilter) to context static
2022-06-01 03:35:19,746 [Listener at 127.0.0.1/42293] INFO  http.HttpServer2 (HttpServer2.java:bindListener(1249)) - Jetty bound to port 45475
2022-06-01 03:35:19,746 [Listener at 127.0.0.1/42293] INFO  server.Server (Server.java:doStart(375)) - jetty-9.4.43.v20210629; built: 2021-06-30T11:07:22.254Z; git: 526006ecfa3af7f1a27ef3a288e2bef7ea9dd7e8; jvm 1.8.0_332-b09
2022-06-01 03:35:19,782 [Listener at 127.0.0.1/42293] INFO  server.session (DefaultSessionIdManager.java:doStart(334)) - DefaultSessionIdManager workerName=node0
2022-06-01 03:35:19,782 [Listener at 127.0.0.1/42293] INFO  server.session (DefaultSessionIdManager.java:doStart(339)) - No SessionScavenger set, using defaults
2022-06-01 03:35:19,782 [Listener at 127.0.0.1/42293] INFO  server.session (HouseKeeper.java:startScavenging(132)) - node0 Scavenging every 660000ms
2022-06-01 03:35:19,789 [Listener at 127.0.0.1/42293] INFO  handler.ContextHandler (ContextHandler.java:doStart(915)) - Started o.e.j.s.ServletContextHandler@f7f9ff9{logs,/logs,file:///home/runner/work/ozone/ozone/hadoop-ozone/integration-test/target/log,AVAILABLE}
2022-06-01 03:35:19,790 [Listener at 127.0.0.1/42293] INFO  handler.ContextHandler (ContextHandler.java:doStart(915)) - Started o.e.j.s.ServletContextHandler@7cf7583d{static,/static,jar:file:/home/runner/.m2/repository/org/apache/ozone/hdds-container-service/1.3.0-SNAPSHOT/hdds-container-service-1.3.0-SNAPSHOT.jar!/webapps/static,AVAILABLE}
2022-06-01 03:35:20,169 [Listener at 127.0.0.1/42293] INFO  handler.ContextHandler (ContextHandler.java:doStart(915)) - Started o.e.j.w.WebAppContext@6d881fec{hddsDatanode,/,file:///tmp/jetty-0_0_0_0-45475-hdds-container-service-1_3_0-SNAPSHOT_jar-_-any-6626963247917046637/webapp/,AVAILABLE}{jar:file:/home/runner/.m2/repository/org/apache/ozone/hdds-container-service/1.3.0-SNAPSHOT/hdds-container-service-1.3.0-SNAPSHOT.jar!/webapps/hddsDatanode}
2022-06-01 03:35:20,176 [Listener at 127.0.0.1/42293] INFO  server.AbstractConnector (AbstractConnector.java:doStart(331)) - Started ServerConnector@99dd7e9{HTTP/1.1, (http/1.1)}{0.0.0.0:45475}
2022-06-01 03:35:20,176 [Listener at 127.0.0.1/42293] INFO  server.Server (Server.java:doStart(415)) - Started @83310ms
2022-06-01 03:35:20,176 [Listener at 127.0.0.1/42293] WARN  impl.MetricsSystemImpl (MetricsSystemImpl.java:register(279)) - Sink prometheus already exists!
2022-06-01 03:35:20,180 [Listener at 127.0.0.1/42293] INFO  http.BaseHttpServer (BaseHttpServer.java:updateConnectorAddress(329)) - HTTP server of hddsDatanode listening at http://0.0.0.0:45475
2022-06-01 03:35:20,193 [Listener at 127.0.0.1/42293] WARN  impl.MetricRegistriesImpl (MetricRegistriesImpl.java:addReporterRegistration(111)) - New reporters are added after registries were created. Some metrics will be missing from the reporter. Please add reporter before adding any new registry.
2022-06-01 03:35:20,193 [Listener at 127.0.0.1/42293] WARN  impl.MetricRegistriesImpl (MetricRegistriesImpl.java:addReporterRegistration(111)) - New reporters are added after registries were created. Some metrics will be missing from the reporter. Please add reporter before adding any new registry.
2022-06-01 03:35:20,193 [Listener at 127.0.0.1/42293] INFO  impl.MetricsSystemImpl (MetricsSystemImpl.java:init(158)) - HddsDatanode metrics system started (again)
2022-06-01 03:35:20,204 [Datanode State Machine Daemon Thread] INFO  statemachine.DatanodeStateMachine (DatanodeStateMachine.java:lambda$startDaemon$0(481)) - Ozone container server started.
2022-06-01 03:35:20,225 [Listener at 127.0.0.1/42293] INFO  ozone.HddsDatanodeService (HddsDatanodeService.java:start(236)) - HddsDatanodeService host:fv-az151-582.yf2hydr00wburbhx3j5hxtcipe.bx.internal.cloudapp.net ip:10.1.0.5
2022-06-01 03:35:20,274 [Listener at 127.0.0.1/42293] INFO  upgrade.AbstractLayoutVersionManager (AbstractLayoutVersionManager.java:init(79)) - Initializing Layout version manager with metadata layout = ERASURE_CODED_STORAGE_SUPPORT (version = 3), software layout = ERASURE_CODED_STORAGE_SUPPORT (version = 3)
2022-06-01 03:35:20,276 [org.apache.hadoop.util.JvmPauseMonitor$Monitor@23595f7c] INFO  util.JvmPauseMonitor (JvmPauseMonitor.java:run(188)) - Starting JVM pause monitor
2022-06-01 03:35:20,309 [Datanode State Machine Task Thread - 0] INFO  datanode.InitDatanodeState (InitDatanodeState.java:persistContainerDatanodeDetails(138)) - DatanodeDetails is persisted to /home/runner/work/ozone/ozone/hadoop-ozone/integration-test/target/test-dir/MiniOzoneClusterImpl-1510f6c2-5527-4711-8733-efea2524abfe/datanode-1/meta/datanode.id
2022-06-01 03:35:20,369 [Listener at 127.0.0.1/42293] INFO  reflections.Reflections (Reflections.java:scan(232)) - Reflections took 79 ms to scan 7 urls, producing 127 keys and 292 values 
2022-06-01 03:35:20,370 [Listener at 127.0.0.1/42293] INFO  statemachine.DatanodeStateMachine (DatanodeStateMachine.java:getEndPointTaskThreadPoolSize(233)) - Datanode State Machine Task Thread Pool size 2
2022-06-01 03:35:20,381 [Listener at 127.0.0.1/42293] INFO  volume.HddsVolume (HddsVolume.java:<init>(120)) - Creating HddsVolume: /home/runner/work/ozone/ozone/hadoop-ozone/integration-test/target/test-dir/MiniOzoneClusterImpl-1510f6c2-5527-4711-8733-efea2524abfe/datanode-2/data-0/containers/hdds of storage type : DISK capacity : 9223372036854775807
2022-06-01 03:35:20,382 [Listener at 127.0.0.1/42293] INFO  volume.MutableVolumeSet (MutableVolumeSet.java:initializeVolumeSet(168)) - Added Volume : /home/runner/work/ozone/ozone/hadoop-ozone/integration-test/target/test-dir/MiniOzoneClusterImpl-1510f6c2-5527-4711-8733-efea2524abfe/datanode-2/data-0/containers/hdds to VolumeSet
2022-06-01 03:35:20,382 [Listener at 127.0.0.1/42293] INFO  volume.ThrottledAsyncChecker (ThrottledAsyncChecker.java:schedule(141)) - Scheduling a check for /home/runner/work/ozone/ozone/hadoop-ozone/integration-test/target/test-dir/MiniOzoneClusterImpl-1510f6c2-5527-4711-8733-efea2524abfe/datanode-2/data-0/containers/hdds
2022-06-01 03:35:20,382 [Listener at 127.0.0.1/42293] INFO  volume.StorageVolumeChecker (StorageVolumeChecker.java:checkAllVolumes(202)) - Scheduled health check for volume /home/runner/work/ozone/ozone/hadoop-ozone/integration-test/target/test-dir/MiniOzoneClusterImpl-1510f6c2-5527-4711-8733-efea2524abfe/datanode-2/data-0/containers/hdds
2022-06-01 03:35:20,403 [Listener at 127.0.0.1/42293] INFO  volume.MutableVolumeSet (MutableVolumeSet.java:initializeVolumeSet(168)) - Added Volume : /home/runner/work/ozone/ozone/hadoop-ozone/integration-test/target/test-dir/MiniOzoneClusterImpl-1510f6c2-5527-4711-8733-efea2524abfe/datanode-2/data/ratis to VolumeSet
2022-06-01 03:35:20,403 [Listener at 127.0.0.1/42293] INFO  volume.ThrottledAsyncChecker (ThrottledAsyncChecker.java:schedule(141)) - Scheduling a check for /home/runner/work/ozone/ozone/hadoop-ozone/integration-test/target/test-dir/MiniOzoneClusterImpl-1510f6c2-5527-4711-8733-efea2524abfe/datanode-2/data/ratis
2022-06-01 03:35:20,403 [Listener at 127.0.0.1/42293] INFO  volume.StorageVolumeChecker (StorageVolumeChecker.java:checkAllVolumes(202)) - Scheduled health check for volume /home/runner/work/ozone/ozone/hadoop-ozone/integration-test/target/test-dir/MiniOzoneClusterImpl-1510f6c2-5527-4711-8733-efea2524abfe/datanode-2/data/ratis
2022-06-01 03:35:20,426 [Thread-694] INFO  ozoneimpl.ContainerReader (ContainerReader.java:readVolume(172)) - Finish verifying containers on volume /home/runner/work/ozone/ozone/hadoop-ozone/integration-test/target/test-dir/MiniOzoneClusterImpl-1510f6c2-5527-4711-8733-efea2524abfe/datanode-2/data-0/containers/hdds
2022-06-01 03:35:20,426 [Listener at 127.0.0.1/42293] INFO  ozoneimpl.OzoneContainer (OzoneContainer.java:buildContainerSet(257)) - Build ContainerSet costs 0s
2022-06-01 03:35:20,428 [Listener at 127.0.0.1/42293] INFO  server.RaftServer (ConfUtils.java:logGet(46)) - raft.rpc.type = GRPC (default)
2022-06-01 03:35:20,428 [Listener at 127.0.0.1/42293] INFO  grpc.GrpcFactory (GrpcFactory.java:checkPooledByteBufAllocatorUseCacheForAllThreads(48)) - PERFORMANCE WARNING: useCacheForAllThreads is true that may cause Netty to create a lot garbage objects and, as a result, trigger GC.
	It is recommended to disable useCacheForAllThreads by setting -Dorg.apache.ratis.thirdparty.io.netty.allocator.useCacheForAllThreads=false in command line.
2022-06-01 03:35:20,428 [Listener at 127.0.0.1/42293] INFO  grpc.GrpcConfigKeys (ConfUtils.java:logGet(46)) - raft.grpc.admin.port = 0 (custom)
2022-06-01 03:35:20,432 [Listener at 127.0.0.1/42293] INFO  grpc.GrpcConfigKeys (ConfUtils.java:logGet(46)) - raft.grpc.client.port = 0 (custom)
2022-06-01 03:35:20,432 [Listener at 127.0.0.1/42293] INFO  grpc.GrpcConfigKeys (ConfUtils.java:logGet(46)) - raft.grpc.server.port = 0 (default)
2022-06-01 03:35:20,432 [Listener at 127.0.0.1/42293] INFO  server.GrpcService (ConfUtils.java:logGet(46)) - raft.grpc.message.size.max = 32MB (=33554432) (custom)
2022-06-01 03:35:20,432 [Listener at 127.0.0.1/42293] INFO  server.RaftServerConfigKeys (ConfUtils.java:logGet(46)) - raft.server.log.appender.buffer.byte-limit = 33554432 (custom)
2022-06-01 03:35:20,433 [Listener at 127.0.0.1/42293] INFO  server.GrpcService (ConfUtils.java:logGet(46)) - raft.grpc.flow.control.window = 5MB (=5242880) (custom)
2022-06-01 03:35:20,433 [Listener at 127.0.0.1/42293] INFO  server.RaftServerConfigKeys (ConfUtils.java:logGet(46)) - raft.server.rpc.request.timeout = 60s (custom)
2022-06-01 03:35:20,433 [Listener at 127.0.0.1/42293] INFO  grpc.GrpcConfigKeys (ConfUtils.java:logGet(46)) - raft.grpc.server.async.request.thread.pool.cached = true (default)
2022-06-01 03:35:20,433 [Listener at 127.0.0.1/42293] INFO  grpc.GrpcConfigKeys (ConfUtils.java:logGet(46)) - raft.grpc.server.async.request.thread.pool.size = 32 (default)
2022-06-01 03:35:20,434 [Listener at 127.0.0.1/42293] INFO  impl.DataStreamServerImpl (ConfUtils.java:logGet(46)) - raft.datastream.type = DISABLED (default)
2022-06-01 03:35:20,434 [Listener at 127.0.0.1/42293] INFO  server.RaftServerConfigKeys (ConfUtils.java:logGet(46)) - raft.server.threadpool.proxy.cached = true (default)
2022-06-01 03:35:20,434 [Listener at 127.0.0.1/42293] INFO  server.RaftServerConfigKeys (ConfUtils.java:logGet(46)) - raft.server.threadpool.proxy.size = 0 (default)
2022-06-01 03:35:20,434 [Listener at 127.0.0.1/42293] INFO  server.RaftServerConfigKeys (ConfUtils.java:logGet(46)) - raft.server.rpc.slowness.timeout = 300s (custom)
2022-06-01 03:35:20,435 [Listener at 127.0.0.1/42293] INFO  server.RaftServerConfigKeys (ConfUtils.java:logGet(46)) - raft.server.leaderelection.leader.step-down.wait-time = 10s (default)
2022-06-01 03:35:20,435 [Listener at 127.0.0.1/42293] INFO  server.RaftServerConfigKeys (ConfUtils.java:logGet(46)) - raft.server.storage.dir = [/home/runner/work/ozone/ozone/hadoop-ozone/integration-test/target/test-dir/MiniOzoneClusterImpl-1510f6c2-5527-4711-8733-efea2524abfe/datanode-2/data/ratis] (custom)
2022-06-01 03:35:20,438 [Listener at 127.0.0.1/42293] INFO  server.XceiverServerGrpc (XceiverServerGrpc.java:<init>(132)) - GrpcServer channel type EpollServerSocketChannel
2022-06-01 03:35:20,441 [Listener at 127.0.0.1/42293] INFO  http.BaseHttpServer (BaseHttpServer.java:newHttpServer2BuilderForOzone(209)) - Starting Web-server for hddsDatanode at: http://0.0.0.0:0
2022-06-01 03:35:20,441 [Listener at 127.0.0.1/42293] INFO  http.BaseHttpServer (BaseHttpServer.java:<init>(107)) - Hadoop Security Enabled: false Ozone Security Enabled: false Ozone HTTP Security Enabled: false 
2022-06-01 03:35:20,442 [Listener at 127.0.0.1/42293] INFO  server.AuthenticationFilter (AuthenticationFilter.java:constructSecretProvider(240)) - Unable to initialize FileSignerSecretProvider, falling back to use random secrets.
2022-06-01 03:35:20,472 [Listener at 127.0.0.1/42293] WARN  http.HttpRequestLog (HttpRequestLog.java:getRequestLog(103)) - Jetty request log can only be enabled using Log4j
2022-06-01 03:35:20,473 [Listener at 127.0.0.1/42293] INFO  http.HttpServer2 (HttpServer2.java:addGlobalFilter(1030)) - Added global filter 'safety' (class=org.apache.hadoop.hdds.server.http.HttpServer2$QuotingInputFilter)
2022-06-01 03:35:20,474 [Listener at 127.0.0.1/42293] INFO  http.HttpServer2 (HttpServer2.java:addFilter(1006)) - Added filter static_user_filter (class=org.apache.hadoop.http.lib.StaticUserWebFilter$StaticUserFilter) to context hddsDatanode
2022-06-01 03:35:20,474 [Listener at 127.0.0.1/42293] INFO  http.HttpServer2 (HttpServer2.java:addFilter(1014)) - Added filter static_user_filter (class=org.apache.hadoop.http.lib.StaticUserWebFilter$StaticUserFilter) to context static
2022-06-01 03:35:20,474 [Listener at 127.0.0.1/42293] INFO  http.HttpServer2 (HttpServer2.java:addFilter(1014)) - Added filter static_user_filter (class=org.apache.hadoop.http.lib.StaticUserWebFilter$StaticUserFilter) to context logs
2022-06-01 03:35:20,475 [Listener at 127.0.0.1/42293] INFO  http.HttpServer2 (HttpServer2.java:bindListener(1249)) - Jetty bound to port 35271
2022-06-01 03:35:20,475 [Listener at 127.0.0.1/42293] INFO  server.Server (Server.java:doStart(375)) - jetty-9.4.43.v20210629; built: 2021-06-30T11:07:22.254Z; git: 526006ecfa3af7f1a27ef3a288e2bef7ea9dd7e8; jvm 1.8.0_332-b09
2022-06-01 03:35:20,528 [Listener at 127.0.0.1/42293] INFO  server.session (DefaultSessionIdManager.java:doStart(334)) - DefaultSessionIdManager workerName=node0
2022-06-01 03:35:20,528 [Listener at 127.0.0.1/42293] INFO  server.session (DefaultSessionIdManager.java:doStart(339)) - No SessionScavenger set, using defaults
2022-06-01 03:35:20,528 [Listener at 127.0.0.1/42293] INFO  server.session (HouseKeeper.java:startScavenging(132)) - node0 Scavenging every 660000ms
2022-06-01 03:35:20,529 [Listener at 127.0.0.1/42293] INFO  handler.ContextHandler (ContextHandler.java:doStart(915)) - Started o.e.j.s.ServletContextHandler@6038ed66{logs,/logs,file:///home/runner/work/ozone/ozone/hadoop-ozone/integration-test/target/log,AVAILABLE}
2022-06-01 03:35:20,529 [Listener at 127.0.0.1/42293] INFO  handler.ContextHandler (ContextHandler.java:doStart(915)) - Started o.e.j.s.ServletContextHandler@6e0d9d4a{static,/static,jar:file:/home/runner/.m2/repository/org/apache/ozone/hdds-container-service/1.3.0-SNAPSHOT/hdds-container-service-1.3.0-SNAPSHOT.jar!/webapps/static,AVAILABLE}
2022-06-01 03:35:21,035 [Listener at 127.0.0.1/42293] INFO  handler.ContextHandler (ContextHandler.java:doStart(915)) - Started o.e.j.w.WebAppContext@645d2377{hddsDatanode,/,file:///tmp/jetty-0_0_0_0-35271-hdds-container-service-1_3_0-SNAPSHOT_jar-_-any-3360305235314260484/webapp/,AVAILABLE}{jar:file:/home/runner/.m2/repository/org/apache/ozone/hdds-container-service/1.3.0-SNAPSHOT/hdds-container-service-1.3.0-SNAPSHOT.jar!/webapps/hddsDatanode}
2022-06-01 03:35:21,037 [Listener at 127.0.0.1/42293] INFO  server.AbstractConnector (AbstractConnector.java:doStart(331)) - Started ServerConnector@70616205{HTTP/1.1, (http/1.1)}{0.0.0.0:35271}
2022-06-01 03:35:21,039 [Listener at 127.0.0.1/42293] INFO  server.Server (Server.java:doStart(415)) - Started @84173ms
2022-06-01 03:35:21,040 [Listener at 127.0.0.1/42293] WARN  impl.MetricsSystemImpl (MetricsSystemImpl.java:register(279)) - Sink prometheus already exists!
2022-06-01 03:35:21,040 [Listener at 127.0.0.1/42293] INFO  http.BaseHttpServer (BaseHttpServer.java:updateConnectorAddress(329)) - HTTP server of hddsDatanode listening at http://0.0.0.0:35271
2022-06-01 03:35:21,041 [Listener at 127.0.0.1/42293] INFO  ozone.MiniOzoneClusterImpl (MiniOzoneClusterImpl.java:lambda$waitForClusterToBeReady$0(221)) - Waiting for nodes to be ready. Got 0 of 3 DN Heartbeats.
2022-06-01 03:35:21,041 [Listener at 127.0.0.1/42293] INFO  ozone.MiniOzoneClusterImpl (MiniOzoneClusterImpl.java:lambda$waitForClusterToBeReady$0(224)) - Waiting for cluster to exit safe mode
2022-06-01 03:35:21,041 [Listener at 127.0.0.1/42293] INFO  ozone.MiniOzoneClusterImpl (MiniOzoneClusterImpl.java:lambda$waitForClusterToBeReady$0(226)) - SCM became leader
2022-06-01 03:35:21,041 [Datanode State Machine Daemon Thread] INFO  statemachine.DatanodeStateMachine (DatanodeStateMachine.java:lambda$startDaemon$0(481)) - Ozone container server started.
2022-06-01 03:35:21,114 [org.apache.hadoop.util.JvmPauseMonitor$Monitor@6501d196] INFO  util.JvmPauseMonitor (JvmPauseMonitor.java:run(188)) - Starting JVM pause monitor
2022-06-01 03:35:21,133 [Datanode State Machine Task Thread - 0] INFO  datanode.InitDatanodeState (InitDatanodeState.java:persistContainerDatanodeDetails(138)) - DatanodeDetails is persisted to /home/runner/work/ozone/ozone/hadoop-ozone/integration-test/target/test-dir/MiniOzoneClusterImpl-1510f6c2-5527-4711-8733-efea2524abfe/datanode-2/meta/datanode.id
2022-06-01 03:35:21,501 [EndpointStateMachine task thread for /0.0.0.0:38203 - 0 ] INFO  ozoneimpl.OzoneContainer (OzoneContainer.java:start(335)) - Attempting to start container services.
2022-06-01 03:35:21,501 [EndpointStateMachine task thread for /0.0.0.0:38203 - 0 ] INFO  ozoneimpl.OzoneContainer (OzoneContainer.java:startContainerScrub(270)) - Background container scanner has been disabled.
2022-06-01 03:35:21,503 [EndpointStateMachine task thread for /0.0.0.0:38203 - 0 ] INFO  replication.ReplicationServer (ReplicationServer.java:start(111)) - ReplicationServer is started using port 41215
2022-06-01 03:35:21,503 [EndpointStateMachine task thread for /0.0.0.0:38203 - 0 ] INFO  ratis.XceiverServerRatis (XceiverServerRatis.java:start(481)) - Starting XceiverServerRatis 3f12f1a3-7b0e-46ee-83d3-a3502671d58b
2022-06-01 03:35:21,504 [EndpointStateMachine task thread for /0.0.0.0:38203 - 0 ] INFO  server.RaftServer (RaftServerProxy.java:lambda$start$6(382)) - 3f12f1a3-7b0e-46ee-83d3-a3502671d58b: start RPC server
2022-06-01 03:35:21,512 [EndpointStateMachine task thread for /0.0.0.0:38203 - 0 ] INFO  server.GrpcService (GrpcService.java:startImpl(260)) - 3f12f1a3-7b0e-46ee-83d3-a3502671d58b: GrpcService started, listening on 44065
2022-06-01 03:35:21,514 [EndpointStateMachine task thread for /0.0.0.0:38203 - 0 ] INFO  ratis.XceiverServerRatis (XceiverServerRatis.java:getRealPort(502)) - XceiverServerRatis 3f12f1a3-7b0e-46ee-83d3-a3502671d58b is started using port 44065 for RATIS
2022-06-01 03:35:21,514 [EndpointStateMachine task thread for /0.0.0.0:38203 - 0 ] INFO  ratis.XceiverServerRatis (XceiverServerRatis.java:getRealPort(502)) - XceiverServerRatis 3f12f1a3-7b0e-46ee-83d3-a3502671d58b is started using port 44065 for RATIS_ADMIN
2022-06-01 03:35:21,514 [EndpointStateMachine task thread for /0.0.0.0:38203 - 0 ] INFO  ratis.XceiverServerRatis (XceiverServerRatis.java:getRealPort(502)) - XceiverServerRatis 3f12f1a3-7b0e-46ee-83d3-a3502671d58b is started using port 44065 for RATIS_SERVER
2022-06-01 03:35:21,516 [org.apache.ratis.util.JvmPauseMonitor$$Lambda$677/1664655596@4ff1689d] INFO  util.JvmPauseMonitor (JvmPauseMonitor.java:run(103)) - JvmPauseMonitor-3f12f1a3-7b0e-46ee-83d3-a3502671d58b: Started
2022-06-01 03:35:21,550 [EndpointStateMachine task thread for /0.0.0.0:38203 - 0 ] INFO  server.XceiverServerGrpc (XceiverServerGrpc.java:start(180)) - XceiverServerGrpc 3f12f1a3-7b0e-46ee-83d3-a3502671d58b is started using port 36459
2022-06-01 03:35:22,042 [Listener at 127.0.0.1/42293] INFO  ozone.MiniOzoneClusterImpl (MiniOzoneClusterImpl.java:lambda$waitForClusterToBeReady$0(221)) - Waiting for nodes to be ready. Got 0 of 3 DN Heartbeats.
2022-06-01 03:35:22,042 [Listener at 127.0.0.1/42293] INFO  ozone.MiniOzoneClusterImpl (MiniOzoneClusterImpl.java:lambda$waitForClusterToBeReady$0(224)) - Waiting for cluster to exit safe mode
2022-06-01 03:35:22,042 [Listener at 127.0.0.1/42293] INFO  ozone.MiniOzoneClusterImpl (MiniOzoneClusterImpl.java:lambda$waitForClusterToBeReady$0(226)) - SCM became leader
2022-06-01 03:35:22,296 [EndpointStateMachine task thread for /0.0.0.0:38203 - 0 ] INFO  ozoneimpl.OzoneContainer (OzoneContainer.java:start(335)) - Attempting to start container services.
2022-06-01 03:35:22,296 [EndpointStateMachine task thread for /0.0.0.0:38203 - 0 ] INFO  ozoneimpl.OzoneContainer (OzoneContainer.java:startContainerScrub(270)) - Background container scanner has been disabled.
2022-06-01 03:35:22,300 [EndpointStateMachine task thread for /0.0.0.0:38203 - 0 ] INFO  replication.ReplicationServer (ReplicationServer.java:start(111)) - ReplicationServer is started using port 46329
2022-06-01 03:35:22,301 [EndpointStateMachine task thread for /0.0.0.0:38203 - 0 ] INFO  ratis.XceiverServerRatis (XceiverServerRatis.java:start(481)) - Starting XceiverServerRatis 45403b03-db57-451c-8957-1d0540c53572
2022-06-01 03:35:22,302 [EndpointStateMachine task thread for /0.0.0.0:38203 - 0 ] INFO  server.RaftServer (RaftServerProxy.java:lambda$start$6(382)) - 45403b03-db57-451c-8957-1d0540c53572: start RPC server
2022-06-01 03:35:22,305 [EndpointStateMachine task thread for /0.0.0.0:38203 - 0 ] INFO  server.GrpcService (GrpcService.java:startImpl(260)) - 45403b03-db57-451c-8957-1d0540c53572: GrpcService started, listening on 39917
2022-06-01 03:35:22,306 [EndpointStateMachine task thread for /0.0.0.0:38203 - 0 ] INFO  ratis.XceiverServerRatis (XceiverServerRatis.java:getRealPort(502)) - XceiverServerRatis 45403b03-db57-451c-8957-1d0540c53572 is started using port 39917 for RATIS
2022-06-01 03:35:22,306 [EndpointStateMachine task thread for /0.0.0.0:38203 - 0 ] INFO  ratis.XceiverServerRatis (XceiverServerRatis.java:getRealPort(502)) - XceiverServerRatis 45403b03-db57-451c-8957-1d0540c53572 is started using port 39917 for RATIS_ADMIN
2022-06-01 03:35:22,306 [EndpointStateMachine task thread for /0.0.0.0:38203 - 0 ] INFO  ratis.XceiverServerRatis (XceiverServerRatis.java:getRealPort(502)) - XceiverServerRatis 45403b03-db57-451c-8957-1d0540c53572 is started using port 39917 for RATIS_SERVER
2022-06-01 03:35:22,307 [org.apache.ratis.util.JvmPauseMonitor$$Lambda$677/1664655596@3c6ca735] INFO  util.JvmPauseMonitor (JvmPauseMonitor.java:run(103)) - JvmPauseMonitor-45403b03-db57-451c-8957-1d0540c53572: Started
2022-06-01 03:35:22,320 [EndpointStateMachine task thread for /0.0.0.0:38203 - 0 ] INFO  server.XceiverServerGrpc (XceiverServerGrpc.java:start(180)) - XceiverServerGrpc 45403b03-db57-451c-8957-1d0540c53572 is started using port 44677
2022-06-01 03:35:23,043 [Listener at 127.0.0.1/42293] INFO  ozone.MiniOzoneClusterImpl (MiniOzoneClusterImpl.java:lambda$waitForClusterToBeReady$0(221)) - Waiting for nodes to be ready. Got 0 of 3 DN Heartbeats.
2022-06-01 03:35:23,043 [Listener at 127.0.0.1/42293] INFO  ozone.MiniOzoneClusterImpl (MiniOzoneClusterImpl.java:lambda$waitForClusterToBeReady$0(224)) - Waiting for cluster to exit safe mode
2022-06-01 03:35:23,043 [Listener at 127.0.0.1/42293] INFO  ozone.MiniOzoneClusterImpl (MiniOzoneClusterImpl.java:lambda$waitForClusterToBeReady$0(226)) - SCM became leader
2022-06-01 03:35:23,137 [EndpointStateMachine task thread for /0.0.0.0:38203 - 0 ] INFO  ozoneimpl.OzoneContainer (OzoneContainer.java:start(335)) - Attempting to start container services.
2022-06-01 03:35:23,137 [EndpointStateMachine task thread for /0.0.0.0:38203 - 0 ] INFO  ozoneimpl.OzoneContainer (OzoneContainer.java:startContainerScrub(270)) - Background container scanner has been disabled.
2022-06-01 03:35:23,168 [EndpointStateMachine task thread for /0.0.0.0:38203 - 0 ] INFO  replication.ReplicationServer (ReplicationServer.java:start(111)) - ReplicationServer is started using port 46183
2022-06-01 03:35:23,168 [EndpointStateMachine task thread for /0.0.0.0:38203 - 0 ] INFO  ratis.XceiverServerRatis (XceiverServerRatis.java:start(481)) - Starting XceiverServerRatis c75d4fdd-dd01-435a-80b8-91aa015f02f8
2022-06-01 03:35:23,169 [EndpointStateMachine task thread for /0.0.0.0:38203 - 0 ] INFO  server.RaftServer (RaftServerProxy.java:lambda$start$6(382)) - c75d4fdd-dd01-435a-80b8-91aa015f02f8: start RPC server
2022-06-01 03:35:23,186 [EndpointStateMachine task thread for /0.0.0.0:38203 - 0 ] INFO  server.GrpcService (GrpcService.java:startImpl(260)) - c75d4fdd-dd01-435a-80b8-91aa015f02f8: GrpcService started, listening on 33425
2022-06-01 03:35:23,187 [EndpointStateMachine task thread for /0.0.0.0:38203 - 0 ] INFO  ratis.XceiverServerRatis (XceiverServerRatis.java:getRealPort(502)) - XceiverServerRatis c75d4fdd-dd01-435a-80b8-91aa015f02f8 is started using port 33425 for RATIS
2022-06-01 03:35:23,188 [EndpointStateMachine task thread for /0.0.0.0:38203 - 0 ] INFO  ratis.XceiverServerRatis (XceiverServerRatis.java:getRealPort(502)) - XceiverServerRatis c75d4fdd-dd01-435a-80b8-91aa015f02f8 is started using port 33425 for RATIS_ADMIN
2022-06-01 03:35:23,188 [EndpointStateMachine task thread for /0.0.0.0:38203 - 0 ] INFO  ratis.XceiverServerRatis (XceiverServerRatis.java:getRealPort(502)) - XceiverServerRatis c75d4fdd-dd01-435a-80b8-91aa015f02f8 is started using port 33425 for RATIS_SERVER
2022-06-01 03:35:23,188 [org.apache.ratis.util.JvmPauseMonitor$$Lambda$677/1664655596@65618d02] INFO  util.JvmPauseMonitor (JvmPauseMonitor.java:run(103)) - JvmPauseMonitor-c75d4fdd-dd01-435a-80b8-91aa015f02f8: Started
2022-06-01 03:35:23,231 [EndpointStateMachine task thread for /0.0.0.0:38203 - 0 ] INFO  server.XceiverServerGrpc (XceiverServerGrpc.java:start(180)) - XceiverServerGrpc c75d4fdd-dd01-435a-80b8-91aa015f02f8 is started using port 35103
2022-06-01 03:35:23,473 [IPC Server handler 2 on default port 38203] INFO  net.NetworkTopologyImpl (NetworkTopologyImpl.java:add(112)) - Added a new node: /default-rack/3f12f1a3-7b0e-46ee-83d3-a3502671d58b
2022-06-01 03:35:23,474 [IPC Server handler 2 on default port 38203] INFO  node.SCMNodeManager (SCMNodeManager.java:register(393)) - Registered Data node : 3f12f1a3-7b0e-46ee-83d3-a3502671d58b{ip: 10.1.0.5, host: fv-az151-582.yf2hydr00wburbhx3j5hxtcipe.bx.internal.cloudapp.net, ports: [REPLICATION=41215, RATIS=44065, RATIS_ADMIN=44065, RATIS_SERVER=44065, STANDALONE=36459], networkLocation: /default-rack, certSerialId: null, persistedOpState: null, persistedOpStateExpiryEpochSec: 0}
2022-06-01 03:35:23,484 [EventQueue-NodeRegistrationContainerReportForDataNodeSafeModeRule] INFO  safemode.SCMSafeModeManager (DataNodeSafeModeRule.java:process(71)) - SCM in safe mode. 1 DataNodes registered, 3 required.
2022-06-01 03:35:23,496 [EventQueue-NodeRegistrationContainerReportForContainerSafeModeRule] INFO  safemode.SCMSafeModeManager (SCMSafeModeManager.java:validateSafeModeExitRules(204)) - ContainerSafeModeRule rule is successfully validated
2022-06-01 03:35:23,504 [EventQueue-NewNodeForNewNodeHandler] INFO  pipeline.BackgroundPipelineCreator (BackgroundPipelineCreator.java:notifyEventTriggered(272)) - trigger a one-shot run on RatisPipelineUtilsThread.
2022-06-01 03:35:23,505 [RatisPipelineUtilsThread - 0] INFO  pipeline.RatisPipelineProvider (RatisPipelineProvider.java:lambda$create$0(195)) - Sending CreatePipelineCommand for pipeline:PipelineID=4cc3420a-67f0-4010-8e6e-9c9536ec8ad5 to datanode:3f12f1a3-7b0e-46ee-83d3-a3502671d58b
2022-06-01 03:35:23,506 [RatisPipelineUtilsThread - 0] INFO  pipeline.PipelineStateManagerImpl (PipelineStateManagerImpl.java:addPipeline(101)) - Created pipeline Pipeline[ Id: 4cc3420a-67f0-4010-8e6e-9c9536ec8ad5, Nodes: 3f12f1a3-7b0e-46ee-83d3-a3502671d58b{ip: 10.1.0.5, host: fv-az151-582.yf2hydr00wburbhx3j5hxtcipe.bx.internal.cloudapp.net, ports: [REPLICATION=41215, RATIS=44065, RATIS_ADMIN=44065, RATIS_SERVER=44065, STANDALONE=36459], networkLocation: /default-rack, certSerialId: null, persistedOpState: IN_SERVICE, persistedOpStateExpiryEpochSec: 0}, ReplicationConfig: RATIS/ONE, State:ALLOCATED, leaderId:, CreationTimestamp2022-06-01T03:35:23.505Z[Etc/UTC]].
2022-06-01 03:35:23,521 [EventQueue-PipelineReportForOneReplicaPipelineSafeModeRule] INFO  safemode.SCMSafeModeManager (SCMSafeModeManager.java:validateSafeModeExitRules(204)) - AtleastOneDatanodeReportedRule rule is successfully validated
2022-06-01 03:35:24,043 [Listener at 127.0.0.1/42293] INFO  ozone.MiniOzoneClusterImpl (MiniOzoneClusterImpl.java:lambda$waitForClusterToBeReady$0(221)) - Waiting for nodes to be ready. Got 1 of 3 DN Heartbeats.
2022-06-01 03:35:24,044 [Listener at 127.0.0.1/42293] INFO  ozone.MiniOzoneClusterImpl (MiniOzoneClusterImpl.java:lambda$waitForClusterToBeReady$0(224)) - Waiting for cluster to exit safe mode
2022-06-01 03:35:24,044 [Listener at 127.0.0.1/42293] INFO  ozone.MiniOzoneClusterImpl (MiniOzoneClusterImpl.java:lambda$waitForClusterToBeReady$0(226)) - SCM became leader
2022-06-01 03:35:24,277 [IPC Server handler 2 on default port 38203] INFO  net.NetworkTopologyImpl (NetworkTopologyImpl.java:add(112)) - Added a new node: /default-rack/45403b03-db57-451c-8957-1d0540c53572
2022-06-01 03:35:24,277 [IPC Server handler 2 on default port 38203] INFO  node.SCMNodeManager (SCMNodeManager.java:register(393)) - Registered Data node : 45403b03-db57-451c-8957-1d0540c53572{ip: 10.1.0.5, host: fv-az151-582.yf2hydr00wburbhx3j5hxtcipe.bx.internal.cloudapp.net, ports: [REPLICATION=46329, RATIS=39917, RATIS_ADMIN=39917, RATIS_SERVER=39917, STANDALONE=44677], networkLocation: /default-rack, certSerialId: null, persistedOpState: null, persistedOpStateExpiryEpochSec: 0}
2022-06-01 03:35:24,278 [EventQueue-NewNodeForNewNodeHandler] INFO  pipeline.BackgroundPipelineCreator (BackgroundPipelineCreator.java:notifyEventTriggered(272)) - trigger a one-shot run on RatisPipelineUtilsThread.
2022-06-01 03:35:24,280 [RatisPipelineUtilsThread - 0] INFO  pipeline.RatisPipelineProvider (RatisPipelineProvider.java:lambda$create$0(195)) - Sending CreatePipelineCommand for pipeline:PipelineID=8b049c31-3f6c-4eeb-bb93-7b5f76fac4f7 to datanode:45403b03-db57-451c-8957-1d0540c53572
2022-06-01 03:35:24,281 [RatisPipelineUtilsThread - 0] INFO  pipeline.PipelineStateManagerImpl (PipelineStateManagerImpl.java:addPipeline(101)) - Created pipeline Pipeline[ Id: 8b049c31-3f6c-4eeb-bb93-7b5f76fac4f7, Nodes: 45403b03-db57-451c-8957-1d0540c53572{ip: 10.1.0.5, host: fv-az151-582.yf2hydr00wburbhx3j5hxtcipe.bx.internal.cloudapp.net, ports: [REPLICATION=46329, RATIS=39917, RATIS_ADMIN=39917, RATIS_SERVER=39917, STANDALONE=44677], networkLocation: /default-rack, certSerialId: null, persistedOpState: IN_SERVICE, persistedOpStateExpiryEpochSec: 0}, ReplicationConfig: RATIS/ONE, State:ALLOCATED, leaderId:, CreationTimestamp2022-06-01T03:35:24.280Z[Etc/UTC]].
2022-06-01 03:35:24,281 [EventQueue-NodeRegistrationContainerReportForDataNodeSafeModeRule] INFO  safemode.SCMSafeModeManager (DataNodeSafeModeRule.java:process(71)) - SCM in safe mode. 2 DataNodes registered, 3 required.
2022-06-01 03:35:25,044 [Listener at 127.0.0.1/42293] INFO  ozone.MiniOzoneClusterImpl (MiniOzoneClusterImpl.java:lambda$waitForClusterToBeReady$0(221)) - Waiting for nodes to be ready. Got 2 of 3 DN Heartbeats.
2022-06-01 03:35:25,044 [Listener at 127.0.0.1/42293] INFO  ozone.MiniOzoneClusterImpl (MiniOzoneClusterImpl.java:lambda$waitForClusterToBeReady$0(224)) - Waiting for cluster to exit safe mode
2022-06-01 03:35:25,044 [Listener at 127.0.0.1/42293] INFO  ozone.MiniOzoneClusterImpl (MiniOzoneClusterImpl.java:lambda$waitForClusterToBeReady$0(226)) - SCM became leader
2022-06-01 03:35:25,097 [IPC Server handler 3 on default port 38203] INFO  net.NetworkTopologyImpl (NetworkTopologyImpl.java:add(112)) - Added a new node: /default-rack/c75d4fdd-dd01-435a-80b8-91aa015f02f8
2022-06-01 03:35:25,098 [IPC Server handler 3 on default port 38203] INFO  node.SCMNodeManager (SCMNodeManager.java:register(393)) - Registered Data node : c75d4fdd-dd01-435a-80b8-91aa015f02f8{ip: 10.1.0.5, host: fv-az151-582.yf2hydr00wburbhx3j5hxtcipe.bx.internal.cloudapp.net, ports: [REPLICATION=46183, RATIS=33425, RATIS_ADMIN=33425, RATIS_SERVER=33425, STANDALONE=35103], networkLocation: /default-rack, certSerialId: null, persistedOpState: null, persistedOpStateExpiryEpochSec: 0}
2022-06-01 03:35:25,098 [EventQueue-NewNodeForNewNodeHandler] INFO  pipeline.BackgroundPipelineCreator (BackgroundPipelineCreator.java:notifyEventTriggered(272)) - trigger a one-shot run on RatisPipelineUtilsThread.
2022-06-01 03:35:25,102 [RatisPipelineUtilsThread - 0] INFO  pipeline.RatisPipelineProvider (RatisPipelineProvider.java:lambda$create$0(195)) - Sending CreatePipelineCommand for pipeline:PipelineID=f2ef0f03-f1bc-4c99-8307-add18faef925 to datanode:c75d4fdd-dd01-435a-80b8-91aa015f02f8
2022-06-01 03:35:25,103 [RatisPipelineUtilsThread - 0] INFO  pipeline.PipelineStateManagerImpl (PipelineStateManagerImpl.java:addPipeline(101)) - Created pipeline Pipeline[ Id: f2ef0f03-f1bc-4c99-8307-add18faef925, Nodes: c75d4fdd-dd01-435a-80b8-91aa015f02f8{ip: 10.1.0.5, host: fv-az151-582.yf2hydr00wburbhx3j5hxtcipe.bx.internal.cloudapp.net, ports: [REPLICATION=46183, RATIS=33425, RATIS_ADMIN=33425, RATIS_SERVER=33425, STANDALONE=35103], networkLocation: /default-rack, certSerialId: null, persistedOpState: IN_SERVICE, persistedOpStateExpiryEpochSec: 0}, ReplicationConfig: RATIS/ONE, State:ALLOCATED, leaderId:, CreationTimestamp2022-06-01T03:35:25.102Z[Etc/UTC]].
2022-06-01 03:35:25,103 [EventQueue-NodeRegistrationContainerReportForDataNodeSafeModeRule] INFO  safemode.SCMSafeModeManager (DataNodeSafeModeRule.java:process(71)) - SCM in safe mode. 3 DataNodes registered, 3 required.
2022-06-01 03:35:25,103 [EventQueue-NodeRegistrationContainerReportForDataNodeSafeModeRule] INFO  safemode.SCMSafeModeManager (SCMSafeModeManager.java:validateSafeModeExitRules(204)) - DataNodeSafeModeRule rule is successfully validated
2022-06-01 03:35:25,103 [EventQueue-NodeRegistrationContainerReportForDataNodeSafeModeRule] INFO  safemode.SCMSafeModeManager (SCMSafeModeManager.java:completePreCheck(233)) - All SCM safe mode pre check rules have passed
2022-06-01 03:35:25,103 [EventQueue-NodeRegistrationContainerReportForDataNodeSafeModeRule] WARN  events.EventQueue (EventQueue.java:fireEvent(194)) - No event handler registered for event TypedEvent{payloadType=SafeModeStatus, name='Safe mode status'}
2022-06-01 03:35:25,103 [EventQueue-NodeRegistrationContainerReportForDataNodeSafeModeRule] INFO  ha.SCMContext (SCMContext.java:updateSafeModeStatus(211)) - Update SafeModeStatus from SafeModeStatus{safeModeStatus=true, preCheckPassed=false} to SafeModeStatus{safeModeStatus=true, preCheckPassed=true}.
2022-06-01 03:35:25,104 [EventQueue-NodeRegistrationContainerReportForDataNodeSafeModeRule] INFO  pipeline.BackgroundPipelineCreator (BackgroundPipelineCreator.java:notifyEventTriggered(272)) - trigger a one-shot run on RatisPipelineUtilsThread.
2022-06-01 03:35:25,104 [RatisPipelineUtilsThread - 0] INFO  pipeline.RatisPipelineProvider (RatisPipelineProvider.java:lambda$create$0(195)) - Sending CreatePipelineCommand for pipeline:PipelineID=0942aa24-5543-4c6c-a2e2-5edf2696674d to datanode:c75d4fdd-dd01-435a-80b8-91aa015f02f8
2022-06-01 03:35:25,104 [RatisPipelineUtilsThread - 0] INFO  pipeline.RatisPipelineProvider (RatisPipelineProvider.java:lambda$create$0(195)) - Sending CreatePipelineCommand for pipeline:PipelineID=0942aa24-5543-4c6c-a2e2-5edf2696674d to datanode:45403b03-db57-451c-8957-1d0540c53572
2022-06-01 03:35:25,104 [RatisPipelineUtilsThread - 0] INFO  pipeline.RatisPipelineProvider (RatisPipelineProvider.java:lambda$create$0(195)) - Sending CreatePipelineCommand for pipeline:PipelineID=0942aa24-5543-4c6c-a2e2-5edf2696674d to datanode:3f12f1a3-7b0e-46ee-83d3-a3502671d58b
2022-06-01 03:35:25,105 [RatisPipelineUtilsThread - 0] INFO  pipeline.PipelineStateManagerImpl (PipelineStateManagerImpl.java:addPipeline(101)) - Created pipeline Pipeline[ Id: 0942aa24-5543-4c6c-a2e2-5edf2696674d, Nodes: c75d4fdd-dd01-435a-80b8-91aa015f02f8{ip: 10.1.0.5, host: fv-az151-582.yf2hydr00wburbhx3j5hxtcipe.bx.internal.cloudapp.net, ports: [REPLICATION=46183, RATIS=33425, RATIS_ADMIN=33425, RATIS_SERVER=33425, STANDALONE=35103], networkLocation: /default-rack, certSerialId: null, persistedOpState: IN_SERVICE, persistedOpStateExpiryEpochSec: 0}45403b03-db57-451c-8957-1d0540c53572{ip: 10.1.0.5, host: fv-az151-582.yf2hydr00wburbhx3j5hxtcipe.bx.internal.cloudapp.net, ports: [REPLICATION=46329, RATIS=39917, RATIS_ADMIN=39917, RATIS_SERVER=39917, STANDALONE=44677], networkLocation: /default-rack, certSerialId: null, persistedOpState: IN_SERVICE, persistedOpStateExpiryEpochSec: 0}3f12f1a3-7b0e-46ee-83d3-a3502671d58b{ip: 10.1.0.5, host: fv-az151-582.yf2hydr00wburbhx3j5hxtcipe.bx.internal.cloudapp.net, ports: [REPLICATION=41215, RATIS=44065, RATIS_ADMIN=44065, RATIS_SERVER=44065, STANDALONE=36459], networkLocation: /default-rack, certSerialId: null, persistedOpState: IN_SERVICE, persistedOpStateExpiryEpochSec: 0}, ReplicationConfig: RATIS/THREE, State:ALLOCATED, leaderId:, CreationTimestamp2022-06-01T03:35:25.104Z[Etc/UTC]].
2022-06-01 03:35:25,106 [RatisPipelineUtilsThread - 0] INFO  pipeline.RatisPipelineProvider (RatisPipelineProvider.java:lambda$create$0(195)) - Sending CreatePipelineCommand for pipeline:PipelineID=1812f968-5be9-4843-a505-4684c1729ca5 to datanode:3f12f1a3-7b0e-46ee-83d3-a3502671d58b
2022-06-01 03:35:25,106 [RatisPipelineUtilsThread - 0] INFO  pipeline.RatisPipelineProvider (RatisPipelineProvider.java:lambda$create$0(195)) - Sending CreatePipelineCommand for pipeline:PipelineID=1812f968-5be9-4843-a505-4684c1729ca5 to datanode:45403b03-db57-451c-8957-1d0540c53572
2022-06-01 03:35:25,106 [RatisPipelineUtilsThread - 0] INFO  pipeline.RatisPipelineProvider (RatisPipelineProvider.java:lambda$create$0(195)) - Sending CreatePipelineCommand for pipeline:PipelineID=1812f968-5be9-4843-a505-4684c1729ca5 to datanode:c75d4fdd-dd01-435a-80b8-91aa015f02f8
2022-06-01 03:35:25,106 [RatisPipelineUtilsThread - 0] INFO  pipeline.PipelineStateManagerImpl (PipelineStateManagerImpl.java:addPipeline(101)) - Created pipeline Pipeline[ Id: 1812f968-5be9-4843-a505-4684c1729ca5, Nodes: 3f12f1a3-7b0e-46ee-83d3-a3502671d58b{ip: 10.1.0.5, host: fv-az151-582.yf2hydr00wburbhx3j5hxtcipe.bx.internal.cloudapp.net, ports: [REPLICATION=41215, RATIS=44065, RATIS_ADMIN=44065, RATIS_SERVER=44065, STANDALONE=36459], networkLocation: /default-rack, certSerialId: null, persistedOpState: IN_SERVICE, persistedOpStateExpiryEpochSec: 0}45403b03-db57-451c-8957-1d0540c53572{ip: 10.1.0.5, host: fv-az151-582.yf2hydr00wburbhx3j5hxtcipe.bx.internal.cloudapp.net, ports: [REPLICATION=46329, RATIS=39917, RATIS_ADMIN=39917, RATIS_SERVER=39917, STANDALONE=44677], networkLocation: /default-rack, certSerialId: null, persistedOpState: IN_SERVICE, persistedOpStateExpiryEpochSec: 0}c75d4fdd-dd01-435a-80b8-91aa015f02f8{ip: 10.1.0.5, host: fv-az151-582.yf2hydr00wburbhx3j5hxtcipe.bx.internal.cloudapp.net, ports: [REPLICATION=46183, RATIS=33425, RATIS_ADMIN=33425, RATIS_SERVER=33425, STANDALONE=35103], networkLocation: /default-rack, certSerialId: null, persistedOpState: IN_SERVICE, persistedOpStateExpiryEpochSec: 0}, ReplicationConfig: RATIS/THREE, State:ALLOCATED, leaderId:, CreationTimestamp2022-06-01T03:35:25.106Z[Etc/UTC]].
2022-06-01 03:35:25,106 [RatisPipelineUtilsThread - 0] INFO  pipeline.PipelineManagerImpl (PipelineManagerImpl.java:recordMetricsForPipeline(715)) - Pipeline: PipelineID=1812f968-5be9-4843-a505-4684c1729ca5 contains same datanodes as previous pipelines: PipelineID=0942aa24-5543-4c6c-a2e2-5edf2696674d nodeIds: 3f12f1a3-7b0e-46ee-83d3-a3502671d58b, 45403b03-db57-451c-8957-1d0540c53572, c75d4fdd-dd01-435a-80b8-91aa015f02f8
2022-06-01 03:35:26,045 [Listener at 127.0.0.1/42293] INFO  ozone.MiniOzoneClusterImpl (MiniOzoneClusterImpl.java:lambda$waitForClusterToBeReady$0(221)) - Nodes are ready. Got 3 of 3 DN Heartbeats.
2022-06-01 03:35:26,045 [Listener at 127.0.0.1/42293] INFO  ozone.MiniOzoneClusterImpl (MiniOzoneClusterImpl.java:lambda$waitForClusterToBeReady$0(224)) - Waiting for cluster to exit safe mode
2022-06-01 03:35:26,045 [Listener at 127.0.0.1/42293] INFO  ozone.MiniOzoneClusterImpl (MiniOzoneClusterImpl.java:lambda$waitForClusterToBeReady$0(226)) - SCM became leader
2022-06-01 03:35:26,473 [Command processor thread] INFO  server.RaftServer (RaftServerProxy.java:addNew(96)) - 3f12f1a3-7b0e-46ee-83d3-a3502671d58b: addNew group-9C9536EC8AD5:[3f12f1a3-7b0e-46ee-83d3-a3502671d58b|rpc:10.1.0.5:44065|priority:1] returns group-9C9536EC8AD5:java.util.concurrent.CompletableFuture@2111bcf7[Not completed]
2022-06-01 03:35:26,484 [pool-331-thread-1] INFO  server.RaftServer$Division (RaftServerImpl.java:<init>(190)) - 3f12f1a3-7b0e-46ee-83d3-a3502671d58b: new RaftServerImpl for group-9C9536EC8AD5:[3f12f1a3-7b0e-46ee-83d3-a3502671d58b|rpc:10.1.0.5:44065|priority:1] with ContainerStateMachine:uninitialized
2022-06-01 03:35:26,484 [pool-331-thread-1] INFO  server.RaftServerConfigKeys (ConfUtils.java:logGet(46)) - raft.server.rpc.timeout.min = 5s (custom)
2022-06-01 03:35:26,484 [pool-331-thread-1] INFO  server.RaftServerConfigKeys (ConfUtils.java:logGet(46)) - raft.server.rpc.timeout.max = 5200ms (custom)
2022-06-01 03:35:26,484 [pool-331-thread-1] INFO  server.RaftServerConfigKeys (ConfUtils.java:logGet(46)) - raft.server.rpc.sleep.time = 25ms (default)
2022-06-01 03:35:26,484 [pool-331-thread-1] INFO  server.RaftServerConfigKeys (ConfUtils.java:logGet(46)) - raft.server.rpc.slowness.timeout = 300s (custom)
2022-06-01 03:35:26,484 [pool-331-thread-1] INFO  server.RaftServerConfigKeys (ConfUtils.java:logGet(46)) - raft.server.leaderelection.leader.step-down.wait-time = 10s (default)
2022-06-01 03:35:26,484 [pool-331-thread-1] INFO  server.RaftServerConfigKeys (ConfUtils.java:logGet(46)) - raft.server.sleep.deviation.threshold = 300ms (default)
2022-06-01 03:35:26,485 [pool-331-thread-1] INFO  server.RaftServer$Division (ServerState.java:<init>(107)) - 3f12f1a3-7b0e-46ee-83d3-a3502671d58b@group-9C9536EC8AD5: ConfigurationManager, init=-1: [3f12f1a3-7b0e-46ee-83d3-a3502671d58b|rpc:10.1.0.5:44065|priority:1], old=null, confs=<EMPTY_MAP>
2022-06-01 03:35:26,485 [pool-331-thread-1] INFO  server.RaftServerConfigKeys (ConfUtils.java:logGet(46)) - raft.server.storage.dir = [/home/runner/work/ozone/ozone/hadoop-ozone/integration-test/target/test-dir/MiniOzoneClusterImpl-1510f6c2-5527-4711-8733-efea2524abfe/datanode-0/data/ratis] (custom)
2022-06-01 03:35:26,485 [pool-331-thread-1] INFO  server.RaftServerConfigKeys (ConfUtils.java:logGet(46)) - raft.server.log.corruption.policy = EXCEPTION (default)
2022-06-01 03:35:26,485 [pool-331-thread-1] INFO  server.RaftServerConfigKeys (ConfUtils.java:logGet(46)) - raft.server.storage.free-space.min = 0MB (=0) (default)
2022-06-01 03:35:26,485 [pool-331-thread-1] INFO  storage.RaftStorageDirectory (RaftStorageDirectoryImpl.java:analyzeStorage(135)) - The storage directory /home/runner/work/ozone/ozone/hadoop-ozone/integration-test/target/test-dir/MiniOzoneClusterImpl-1510f6c2-5527-4711-8733-efea2524abfe/datanode-0/data/ratis/4cc3420a-67f0-4010-8e6e-9c9536ec8ad5 does not exist. Creating ...
2022-06-01 03:35:26,504 [pool-331-thread-1] INFO  storage.RaftStorageDirectory (RaftStorageDirectoryImpl.java:tryLock(230)) - Lock on /home/runner/work/ozone/ozone/hadoop-ozone/integration-test/target/test-dir/MiniOzoneClusterImpl-1510f6c2-5527-4711-8733-efea2524abfe/datanode-0/data/ratis/4cc3420a-67f0-4010-8e6e-9c9536ec8ad5/in_use.lock acquired by nodename 14781@fv-az151-582
2022-06-01 03:35:26,507 [pool-331-thread-1] INFO  storage.RaftStorage (RaftStorageImpl.java:format(89)) - Storage directory /home/runner/work/ozone/ozone/hadoop-ozone/integration-test/target/test-dir/MiniOzoneClusterImpl-1510f6c2-5527-4711-8733-efea2524abfe/datanode-0/data/ratis/4cc3420a-67f0-4010-8e6e-9c9536ec8ad5 has been successfully formatted.
2022-06-01 03:35:26,533 [pool-331-thread-1] INFO  ratis.ContainerStateMachine (ContainerStateMachine.java:loadSnapshot(236)) - group-9C9536EC8AD5: The snapshot info is null. Setting the last applied indexto:(t:0, i:~)
2022-06-01 03:35:26,533 [pool-331-thread-1] INFO  server.RaftServerConfigKeys (ConfUtils.java:logGet(46)) - raft.server.notification.no-leader.timeout = 300s (custom)
2022-06-01 03:35:26,533 [pool-331-thread-1] INFO  server.RaftServerConfigKeys (ConfUtils.java:logGet(46)) - raft.server.log.use.memory = false (default)
2022-06-01 03:35:26,533 [EventQueue-PipelineReportForPipelineReportHandler] INFO  pipeline.PipelineManagerImpl (PipelineManagerImpl.java:openPipeline(356)) - Pipeline Pipeline[ Id: 4cc3420a-67f0-4010-8e6e-9c9536ec8ad5, Nodes: 3f12f1a3-7b0e-46ee-83d3-a3502671d58b{ip: 10.1.0.5, host: fv-az151-582.yf2hydr00wburbhx3j5hxtcipe.bx.internal.cloudapp.net, ports: [REPLICATION=41215, RATIS=44065, RATIS_ADMIN=44065, RATIS_SERVER=44065, STANDALONE=36459], networkLocation: /default-rack, certSerialId: null, persistedOpState: IN_SERVICE, persistedOpStateExpiryEpochSec: 0}, ReplicationConfig: RATIS/ONE, State:ALLOCATED, leaderId:3f12f1a3-7b0e-46ee-83d3-a3502671d58b, CreationTimestamp2022-06-01T03:35:23.505Z[Etc/UTC]] moved to OPEN state
2022-06-01 03:35:26,533 [pool-331-thread-1] INFO  server.RaftServerConfigKeys (ConfUtils.java:logGet(46)) - raft.server.log.purge.gap = 1000000 (custom)
2022-06-01 03:35:26,551 [pool-331-thread-1] INFO  server.RaftServerConfigKeys (ConfUtils.java:logGet(46)) - raft.server.log.appender.buffer.byte-limit = 33554432 (custom)
2022-06-01 03:35:26,551 [pool-331-thread-1] INFO  server.RaftServerConfigKeys (ConfUtils.java:logGet(46)) - raft.server.log.statemachine.data.read.timeout = 1000ms (default)
2022-06-01 03:35:26,551 [pool-331-thread-1] INFO  server.RaftServerConfigKeys (ConfUtils.java:logGet(46)) - raft.server.log.segment.size.max = 1048576 (custom)
2022-06-01 03:35:26,552 [pool-331-thread-1] INFO  server.RaftServerConfigKeys (ConfUtils.java:logGet(46)) - raft.server.log.segment.cache.num.max = 2 (custom)
2022-06-01 03:35:26,552 [pool-331-thread-1] INFO  server.RaftServerConfigKeys (ConfUtils.java:logGet(46)) - raft.server.log.segment.cache.size.max = 200MB (=209715200) (default)
2022-06-01 03:35:26,552 [pool-331-thread-1] INFO  segmented.SegmentedRaftLogWorker (SegmentedRaftLogWorker.java:<init>(187)) - new 3f12f1a3-7b0e-46ee-83d3-a3502671d58b@group-9C9536EC8AD5-SegmentedRaftLogWorker for RaftStorageImpl:Storage Directory /home/runner/work/ozone/ozone/hadoop-ozone/integration-test/target/test-dir/MiniOzoneClusterImpl-1510f6c2-5527-4711-8733-efea2524abfe/datanode-0/data/ratis/4cc3420a-67f0-4010-8e6e-9c9536ec8ad5
2022-06-01 03:35:26,552 [pool-331-thread-1] INFO  server.RaftServerConfigKeys (ConfUtils.java:logGet(46)) - raft.server.log.queue.byte-limit = 4294967296 (custom)
2022-06-01 03:35:26,552 [pool-331-thread-1] INFO  server.RaftServerConfigKeys (ConfUtils.java:logGet(46)) - raft.server.log.queue.element-limit = 1024 (custom)
2022-06-01 03:35:26,552 [pool-331-thread-1] INFO  server.RaftServerConfigKeys (ConfUtils.java:logGet(46)) - raft.server.log.segment.size.max = 1048576 (custom)
2022-06-01 03:35:26,552 [pool-331-thread-1] INFO  server.RaftServerConfigKeys (ConfUtils.java:logGet(46)) - raft.server.log.preallocated.size = 16384 (custom)
2022-06-01 03:35:26,552 [pool-331-thread-1] INFO  server.RaftServerConfigKeys (ConfUtils.java:logGet(46)) - raft.server.log.force.sync.num = 128 (default)
2022-06-01 03:35:26,552 [pool-331-thread-1] INFO  server.RaftServerConfigKeys (ConfUtils.java:logGet(46)) - raft.server.log.statemachine.data.sync = true (default)
2022-06-01 03:35:26,552 [pool-331-thread-1] INFO  server.RaftServerConfigKeys (ConfUtils.java:logGet(46)) - raft.server.log.statemachine.data.sync.timeout = 10s (default)
2022-06-01 03:35:26,552 [pool-331-thread-1] INFO  server.RaftServerConfigKeys (ConfUtils.java:logGet(46)) - raft.server.log.statemachine.data.sync.timeout.retry = -1 (default)
2022-06-01 03:35:26,553 [pool-331-thread-1] INFO  server.RaftServerConfigKeys (ConfUtils.java:logGet(46)) - raft.server.log.write.buffer.size = 1048576 (custom)
2022-06-01 03:35:26,553 [pool-331-thread-1] INFO  server.RaftServerConfigKeys (ConfUtils.java:logGet(46)) - raft.server.log.unsafe-flush.enabled = false (default)
2022-06-01 03:35:26,553 [pool-331-thread-1] INFO  server.RaftServerConfigKeys (ConfUtils.java:logGet(46)) - raft.server.log.statemachine.data.caching.enabled = true (custom)
2022-06-01 03:35:26,553 [pool-331-thread-1] INFO  segmented.SegmentedRaftLogWorker (SegmentedRaftLogWorker.java:lambda$new$0(135)) - 3f12f1a3-7b0e-46ee-83d3-a3502671d58b@group-9C9536EC8AD5-SegmentedRaftLogWorker: flushIndex: setUnconditionally 0 -> -1
2022-06-01 03:35:26,553 [pool-331-thread-1] INFO  segmented.SegmentedRaftLogWorker (SegmentedRaftLogWorker.java:lambda$new$0(135)) - 3f12f1a3-7b0e-46ee-83d3-a3502671d58b@group-9C9536EC8AD5-SegmentedRaftLogWorker: safeCacheEvictIndex: setUnconditionally 0 -> -1
2022-06-01 03:35:26,560 [pool-331-thread-1] INFO  server.RaftServerConfigKeys (ConfUtils.java:logGet(46)) - raft.server.snapshot.auto.trigger.enabled = true (custom)
2022-06-01 03:35:26,560 [pool-331-thread-1] INFO  server.RaftServerConfigKeys (ConfUtils.java:logGet(46)) - raft.server.snapshot.auto.trigger.threshold = 10000 (custom)
2022-06-01 03:35:26,560 [pool-331-thread-1] INFO  server.RaftServerConfigKeys (ConfUtils.java:logGet(46)) - raft.server.snapshot.retention.file.num = 5 (custom)
2022-06-01 03:35:26,560 [pool-331-thread-1] INFO  server.RaftServerConfigKeys (ConfUtils.java:logGet(46)) - raft.server.log.purge.upto.snapshot.index = false (default)
2022-06-01 03:35:26,560 [pool-331-thread-1] INFO  server.RaftServerConfigKeys (ConfUtils.java:logGet(46)) - raft.server.retrycache.expirytime = 600000ms (custom)
2022-06-01 03:35:26,560 [pool-331-thread-1] INFO  server.RaftServerConfigKeys (ConfUtils.java:logGet(46)) - raft.server.retrycache.statistics.expirytime = 100μs (default)
2022-06-01 03:35:26,561 [pool-331-thread-1] INFO  server.RaftServerConfigKeys (ConfUtils.java:logGet(46)) - raft.server.log.appender.install.snapshot.enabled = false (custom)
2022-06-01 03:35:26,561 [pool-331-thread-1] INFO  server.RaftServerConfigKeys (ConfUtils.java:logGet(46)) - raft.server.threadpool.server.cached = true (default)
2022-06-01 03:35:26,561 [pool-331-thread-1] INFO  server.RaftServerConfigKeys (ConfUtils.java:logGet(46)) - raft.server.threadpool.server.size = 0 (default)
2022-06-01 03:35:26,561 [pool-331-thread-1] INFO  server.RaftServerConfigKeys (ConfUtils.java:logGet(46)) - raft.server.threadpool.client.cached = true (default)
2022-06-01 03:35:26,561 [pool-331-thread-1] INFO  server.RaftServerConfigKeys (ConfUtils.java:logGet(46)) - raft.server.threadpool.client.size = 0 (default)
2022-06-01 03:35:26,561 [pool-331-thread-1] INFO  server.RaftServer$Division (RaftServerImpl.java:start(310)) - 3f12f1a3-7b0e-46ee-83d3-a3502671d58b@group-9C9536EC8AD5: start as a follower, conf=-1: [3f12f1a3-7b0e-46ee-83d3-a3502671d58b|rpc:10.1.0.5:44065|priority:1], old=null
2022-06-01 03:35:26,561 [pool-331-thread-1] INFO  server.RaftServer$Division (RaftServerImpl.java:setRole(299)) - 3f12f1a3-7b0e-46ee-83d3-a3502671d58b@group-9C9536EC8AD5: changes role from      null to FOLLOWER at term 0 for startAsFollower
2022-06-01 03:35:26,561 [pool-331-thread-1] INFO  impl.RoleInfo (RoleInfo.java:updateAndGet(139)) - 3f12f1a3-7b0e-46ee-83d3-a3502671d58b: start 3f12f1a3-7b0e-46ee-83d3-a3502671d58b@group-9C9536EC8AD5-FollowerState
2022-06-01 03:35:26,574 [pool-331-thread-1] INFO  util.JmxRegister (JmxRegister.java:tryRegister(44)) - Successfully registered JMX Bean with object name Ratis:service=RaftServer,group=group-9C9536EC8AD5,id=3f12f1a3-7b0e-46ee-83d3-a3502671d58b
2022-06-01 03:35:26,584 [Command processor thread] INFO  ratis.XceiverServerRatis (XceiverServerRatis.java:addGroup(765)) - Created group PipelineID=4cc3420a-67f0-4010-8e6e-9c9536ec8ad5
2022-06-01 03:35:26,584 [Command processor thread] INFO  commandhandler.CreatePipelineCommandHandler (CreatePipelineCommandHandler.java:handle(113)) - Created Pipeline RATIS ONE PipelineID=4cc3420a-67f0-4010-8e6e-9c9536ec8ad5.
2022-06-01 03:35:26,592 [Command processor thread] INFO  server.RaftServer (RaftServerProxy.java:addNew(96)) - 3f12f1a3-7b0e-46ee-83d3-a3502671d58b: addNew group-5EDF2696674D:[45403b03-db57-451c-8957-1d0540c53572|rpc:10.1.0.5:39917|priority:0, c75d4fdd-dd01-435a-80b8-91aa015f02f8|rpc:10.1.0.5:33425|priority:0, 3f12f1a3-7b0e-46ee-83d3-a3502671d58b|rpc:10.1.0.5:44065|priority:1] returns group-5EDF2696674D:java.util.concurrent.CompletableFuture@252e3c0d[Not completed]
2022-06-01 03:35:26,593 [pool-331-thread-1] INFO  server.RaftServer$Division (RaftServerImpl.java:<init>(190)) - 3f12f1a3-7b0e-46ee-83d3-a3502671d58b: new RaftServerImpl for group-5EDF2696674D:[45403b03-db57-451c-8957-1d0540c53572|rpc:10.1.0.5:39917|priority:0, c75d4fdd-dd01-435a-80b8-91aa015f02f8|rpc:10.1.0.5:33425|priority:0, 3f12f1a3-7b0e-46ee-83d3-a3502671d58b|rpc:10.1.0.5:44065|priority:1] with ContainerStateMachine:uninitialized
2022-06-01 03:35:26,593 [pool-331-thread-1] INFO  server.RaftServerConfigKeys (ConfUtils.java:logGet(46)) - raft.server.rpc.timeout.min = 5s (custom)
2022-06-01 03:35:26,593 [pool-331-thread-1] INFO  server.RaftServerConfigKeys (ConfUtils.java:logGet(46)) - raft.server.rpc.timeout.max = 5200ms (custom)
2022-06-01 03:35:26,593 [pool-331-thread-1] INFO  server.RaftServerConfigKeys (ConfUtils.java:logGet(46)) - raft.server.rpc.sleep.time = 25ms (default)
2022-06-01 03:35:26,593 [pool-331-thread-1] INFO  server.RaftServerConfigKeys (ConfUtils.java:logGet(46)) - raft.server.rpc.slowness.timeout = 300s (custom)
2022-06-01 03:35:26,593 [pool-331-thread-1] INFO  server.RaftServerConfigKeys (ConfUtils.java:logGet(46)) - raft.server.leaderelection.leader.step-down.wait-time = 10s (default)
2022-06-01 03:35:26,593 [pool-331-thread-1] INFO  server.RaftServerConfigKeys (ConfUtils.java:logGet(46)) - raft.server.sleep.deviation.threshold = 300ms (default)
2022-06-01 03:35:26,593 [pool-331-thread-1] INFO  server.RaftServer$Division (ServerState.java:<init>(107)) - 3f12f1a3-7b0e-46ee-83d3-a3502671d58b@group-5EDF2696674D: ConfigurationManager, init=-1: [45403b03-db57-451c-8957-1d0540c53572|rpc:10.1.0.5:39917|priority:0, c75d4fdd-dd01-435a-80b8-91aa015f02f8|rpc:10.1.0.5:33425|priority:0, 3f12f1a3-7b0e-46ee-83d3-a3502671d58b|rpc:10.1.0.5:44065|priority:1], old=null, confs=<EMPTY_MAP>
2022-06-01 03:35:26,593 [pool-331-thread-1] INFO  server.RaftServerConfigKeys (ConfUtils.java:logGet(46)) - raft.server.storage.dir = [/home/runner/work/ozone/ozone/hadoop-ozone/integration-test/target/test-dir/MiniOzoneClusterImpl-1510f6c2-5527-4711-8733-efea2524abfe/datanode-0/data/ratis] (custom)
2022-06-01 03:35:26,593 [pool-331-thread-1] INFO  server.RaftServerConfigKeys (ConfUtils.java:logGet(46)) - raft.server.log.corruption.policy = EXCEPTION (default)
2022-06-01 03:35:26,593 [pool-331-thread-1] INFO  server.RaftServerConfigKeys (ConfUtils.java:logGet(46)) - raft.server.storage.free-space.min = 0MB (=0) (default)
2022-06-01 03:35:26,593 [pool-331-thread-1] INFO  storage.RaftStorageDirectory (RaftStorageDirectoryImpl.java:analyzeStorage(135)) - The storage directory /home/runner/work/ozone/ozone/hadoop-ozone/integration-test/target/test-dir/MiniOzoneClusterImpl-1510f6c2-5527-4711-8733-efea2524abfe/datanode-0/data/ratis/0942aa24-5543-4c6c-a2e2-5edf2696674d does not exist. Creating ...
2022-06-01 03:35:26,596 [pool-331-thread-1] INFO  storage.RaftStorageDirectory (RaftStorageDirectoryImpl.java:tryLock(230)) - Lock on /home/runner/work/ozone/ozone/hadoop-ozone/integration-test/target/test-dir/MiniOzoneClusterImpl-1510f6c2-5527-4711-8733-efea2524abfe/datanode-0/data/ratis/0942aa24-5543-4c6c-a2e2-5edf2696674d/in_use.lock acquired by nodename 14781@fv-az151-582
2022-06-01 03:35:26,597 [pool-331-thread-1] INFO  storage.RaftStorage (RaftStorageImpl.java:format(89)) - Storage directory /home/runner/work/ozone/ozone/hadoop-ozone/integration-test/target/test-dir/MiniOzoneClusterImpl-1510f6c2-5527-4711-8733-efea2524abfe/datanode-0/data/ratis/0942aa24-5543-4c6c-a2e2-5edf2696674d has been successfully formatted.
2022-06-01 03:35:26,599 [pool-331-thread-1] INFO  ratis.ContainerStateMachine (ContainerStateMachine.java:loadSnapshot(236)) - group-5EDF2696674D: The snapshot info is null. Setting the last applied indexto:(t:0, i:~)
2022-06-01 03:35:26,599 [pool-331-thread-1] INFO  server.RaftServerConfigKeys (ConfUtils.java:logGet(46)) - raft.server.notification.no-leader.timeout = 300s (custom)
2022-06-01 03:35:26,599 [pool-331-thread-1] INFO  server.RaftServerConfigKeys (ConfUtils.java:logGet(46)) - raft.server.log.use.memory = false (default)
2022-06-01 03:35:26,599 [pool-331-thread-1] INFO  server.RaftServerConfigKeys (ConfUtils.java:logGet(46)) - raft.server.log.purge.gap = 1000000 (custom)
2022-06-01 03:35:26,599 [pool-331-thread-1] INFO  server.RaftServerConfigKeys (ConfUtils.java:logGet(46)) - raft.server.log.appender.buffer.byte-limit = 33554432 (custom)
2022-06-01 03:35:26,599 [pool-331-thread-1] INFO  server.RaftServerConfigKeys (ConfUtils.java:logGet(46)) - raft.server.log.statemachine.data.read.timeout = 1000ms (default)
2022-06-01 03:35:26,599 [pool-331-thread-1] INFO  server.RaftServerConfigKeys (ConfUtils.java:logGet(46)) - raft.server.log.segment.size.max = 1048576 (custom)
2022-06-01 03:35:26,600 [pool-331-thread-1] INFO  server.RaftServerConfigKeys (ConfUtils.java:logGet(46)) - raft.server.log.segment.cache.num.max = 2 (custom)
2022-06-01 03:35:26,600 [pool-331-thread-1] INFO  server.RaftServerConfigKeys (ConfUtils.java:logGet(46)) - raft.server.log.segment.cache.size.max = 200MB (=209715200) (default)
2022-06-01 03:35:26,600 [pool-331-thread-1] INFO  segmented.SegmentedRaftLogWorker (SegmentedRaftLogWorker.java:<init>(187)) - new 3f12f1a3-7b0e-46ee-83d3-a3502671d58b@group-5EDF2696674D-SegmentedRaftLogWorker for RaftStorageImpl:Storage Directory /home/runner/work/ozone/ozone/hadoop-ozone/integration-test/target/test-dir/MiniOzoneClusterImpl-1510f6c2-5527-4711-8733-efea2524abfe/datanode-0/data/ratis/0942aa24-5543-4c6c-a2e2-5edf2696674d
2022-06-01 03:35:26,600 [pool-331-thread-1] INFO  server.RaftServerConfigKeys (ConfUtils.java:logGet(46)) - raft.server.log.queue.byte-limit = 4294967296 (custom)
2022-06-01 03:35:26,600 [pool-331-thread-1] INFO  server.RaftServerConfigKeys (ConfUtils.java:logGet(46)) - raft.server.log.queue.element-limit = 1024 (custom)
2022-06-01 03:35:26,600 [pool-331-thread-1] INFO  server.RaftServerConfigKeys (ConfUtils.java:logGet(46)) - raft.server.log.segment.size.max = 1048576 (custom)
2022-06-01 03:35:26,600 [pool-331-thread-1] INFO  server.RaftServerConfigKeys (ConfUtils.java:logGet(46)) - raft.server.log.preallocated.size = 16384 (custom)
2022-06-01 03:35:26,600 [pool-331-thread-1] INFO  server.RaftServerConfigKeys (ConfUtils.java:logGet(46)) - raft.server.log.force.sync.num = 128 (default)
2022-06-01 03:35:26,600 [pool-331-thread-1] INFO  server.RaftServerConfigKeys (ConfUtils.java:logGet(46)) - raft.server.log.statemachine.data.sync = true (default)
2022-06-01 03:35:26,600 [pool-331-thread-1] INFO  server.RaftServerConfigKeys (ConfUtils.java:logGet(46)) - raft.server.log.statemachine.data.sync.timeout = 10s (default)
2022-06-01 03:35:26,600 [pool-331-thread-1] INFO  server.RaftServerConfigKeys (ConfUtils.java:logGet(46)) - raft.server.log.statemachine.data.sync.timeout.retry = -1 (default)
2022-06-01 03:35:26,601 [pool-331-thread-1] INFO  server.RaftServerConfigKeys (ConfUtils.java:logGet(46)) - raft.server.log.write.buffer.size = 1048576 (custom)
2022-06-01 03:35:26,601 [pool-331-thread-1] INFO  server.RaftServerConfigKeys (ConfUtils.java:logGet(46)) - raft.server.log.unsafe-flush.enabled = false (default)
2022-06-01 03:35:26,601 [pool-331-thread-1] INFO  server.RaftServerConfigKeys (ConfUtils.java:logGet(46)) - raft.server.log.statemachine.data.caching.enabled = true (custom)
2022-06-01 03:35:26,601 [pool-331-thread-1] INFO  segmented.SegmentedRaftLogWorker (SegmentedRaftLogWorker.java:lambda$new$0(135)) - 3f12f1a3-7b0e-46ee-83d3-a3502671d58b@group-5EDF2696674D-SegmentedRaftLogWorker: flushIndex: setUnconditionally 0 -> -1
2022-06-01 03:35:26,601 [pool-331-thread-1] INFO  segmented.SegmentedRaftLogWorker (SegmentedRaftLogWorker.java:lambda$new$0(135)) - 3f12f1a3-7b0e-46ee-83d3-a3502671d58b@group-5EDF2696674D-SegmentedRaftLogWorker: safeCacheEvictIndex: setUnconditionally 0 -> -1
2022-06-01 03:35:26,620 [pool-331-thread-1] INFO  server.RaftServerConfigKeys (ConfUtils.java:logGet(46)) - raft.server.snapshot.auto.trigger.enabled = true (custom)
2022-06-01 03:35:26,620 [pool-331-thread-1] INFO  server.RaftServerConfigKeys (ConfUtils.java:logGet(46)) - raft.server.snapshot.auto.trigger.threshold = 10000 (custom)
2022-06-01 03:35:26,620 [pool-331-thread-1] INFO  server.RaftServerConfigKeys (ConfUtils.java:logGet(46)) - raft.server.snapshot.retention.file.num = 5 (custom)
2022-06-01 03:35:26,620 [pool-331-thread-1] INFO  server.RaftServerConfigKeys (ConfUtils.java:logGet(46)) - raft.server.log.purge.upto.snapshot.index = false (default)
2022-06-01 03:35:26,620 [pool-331-thread-1] INFO  server.RaftServerConfigKeys (ConfUtils.java:logGet(46)) - raft.server.retrycache.expirytime = 600000ms (custom)
2022-06-01 03:35:26,620 [pool-331-thread-1] INFO  server.RaftServerConfigKeys (ConfUtils.java:logGet(46)) - raft.server.retrycache.statistics.expirytime = 100μs (default)
2022-06-01 03:35:26,621 [pool-331-thread-1] INFO  server.RaftServerConfigKeys (ConfUtils.java:logGet(46)) - raft.server.log.appender.install.snapshot.enabled = false (custom)
2022-06-01 03:35:26,621 [pool-331-thread-1] INFO  server.RaftServerConfigKeys (ConfUtils.java:logGet(46)) - raft.server.threadpool.server.cached = true (default)
2022-06-01 03:35:26,621 [pool-331-thread-1] INFO  server.RaftServerConfigKeys (ConfUtils.java:logGet(46)) - raft.server.threadpool.server.size = 0 (default)
2022-06-01 03:35:26,621 [pool-331-thread-1] INFO  server.RaftServerConfigKeys (ConfUtils.java:logGet(46)) - raft.server.threadpool.client.cached = true (default)
2022-06-01 03:35:26,621 [pool-331-thread-1] INFO  server.RaftServerConfigKeys (ConfUtils.java:logGet(46)) - raft.server.threadpool.client.size = 0 (default)
2022-06-01 03:35:26,621 [pool-331-thread-1] INFO  server.RaftServer$Division (RaftServerImpl.java:start(310)) - 3f12f1a3-7b0e-46ee-83d3-a3502671d58b@group-5EDF2696674D: start as a follower, conf=-1: [45403b03-db57-451c-8957-1d0540c53572|rpc:10.1.0.5:39917|priority:0, c75d4fdd-dd01-435a-80b8-91aa015f02f8|rpc:10.1.0.5:33425|priority:0, 3f12f1a3-7b0e-46ee-83d3-a3502671d58b|rpc:10.1.0.5:44065|priority:1], old=null
2022-06-01 03:35:26,621 [pool-331-thread-1] INFO  server.RaftServer$Division (RaftServerImpl.java:setRole(299)) - 3f12f1a3-7b0e-46ee-83d3-a3502671d58b@group-5EDF2696674D: changes role from      null to FOLLOWER at term 0 for startAsFollower
2022-06-01 03:35:26,621 [pool-331-thread-1] INFO  impl.RoleInfo (RoleInfo.java:updateAndGet(139)) - 3f12f1a3-7b0e-46ee-83d3-a3502671d58b: start 3f12f1a3-7b0e-46ee-83d3-a3502671d58b@group-5EDF2696674D-FollowerState
2022-06-01 03:35:26,621 [EventQueue-OpenPipelineForHealthyPipelineSafeModeRule] INFO  safemode.SCMSafeModeManager (HealthyPipelineSafeModeRule.java:process(124)) - SCM in safe mode. Healthy pipelines reported count is 0, required healthy pipeline reported count is 1
2022-06-01 03:35:26,622 [EventQueue-OpenPipelineForHealthyPipelineSafeModeRule] INFO  safemode.SCMSafeModeManager (HealthyPipelineSafeModeRule.java:process(124)) - SCM in safe mode. Healthy pipelines reported count is 0, required healthy pipeline reported count is 1
2022-06-01 03:35:26,628 [pool-331-thread-1] INFO  util.JmxRegister (JmxRegister.java:tryRegister(44)) - Successfully registered JMX Bean with object name Ratis:service=RaftServer,group=group-5EDF2696674D,id=3f12f1a3-7b0e-46ee-83d3-a3502671d58b
2022-06-01 03:35:26,631 [Command processor thread] INFO  ratis.XceiverServerRatis (XceiverServerRatis.java:addGroup(765)) - Created group PipelineID=0942aa24-5543-4c6c-a2e2-5edf2696674d
2022-06-01 03:35:26,723 [grpc-default-executor-0] INFO  server.RaftServer (RaftServerProxy.java:addNew(96)) - c75d4fdd-dd01-435a-80b8-91aa015f02f8: addNew group-5EDF2696674D:[45403b03-db57-451c-8957-1d0540c53572|rpc:10.1.0.5:39917|dataStream:|priority:0, c75d4fdd-dd01-435a-80b8-91aa015f02f8|rpc:10.1.0.5:33425|dataStream:|priority:0, 3f12f1a3-7b0e-46ee-83d3-a3502671d58b|rpc:10.1.0.5:44065|dataStream:|priority:1] returns group-5EDF2696674D:java.util.concurrent.CompletableFuture@1b8797a0[Not completed]
2022-06-01 03:35:26,725 [pool-375-thread-1] INFO  server.RaftServer$Division (RaftServerImpl.java:<init>(190)) - c75d4fdd-dd01-435a-80b8-91aa015f02f8: new RaftServerImpl for group-5EDF2696674D:[45403b03-db57-451c-8957-1d0540c53572|rpc:10.1.0.5:39917|dataStream:|priority:0, c75d4fdd-dd01-435a-80b8-91aa015f02f8|rpc:10.1.0.5:33425|dataStream:|priority:0, 3f12f1a3-7b0e-46ee-83d3-a3502671d58b|rpc:10.1.0.5:44065|dataStream:|priority:1] with ContainerStateMachine:uninitialized
2022-06-01 03:35:26,725 [pool-375-thread-1] INFO  server.RaftServerConfigKeys (ConfUtils.java:logGet(46)) - raft.server.rpc.timeout.min = 5s (custom)
2022-06-01 03:35:26,725 [pool-375-thread-1] INFO  server.RaftServerConfigKeys (ConfUtils.java:logGet(46)) - raft.server.rpc.timeout.max = 5200ms (custom)
2022-06-01 03:35:26,725 [pool-375-thread-1] INFO  server.RaftServerConfigKeys (ConfUtils.java:logGet(46)) - raft.server.rpc.sleep.time = 25ms (default)
2022-06-01 03:35:26,725 [pool-375-thread-1] INFO  server.RaftServerConfigKeys (ConfUtils.java:logGet(46)) - raft.server.rpc.slowness.timeout = 300s (custom)
2022-06-01 03:35:26,725 [pool-375-thread-1] INFO  server.RaftServerConfigKeys (ConfUtils.java:logGet(46)) - raft.server.leaderelection.leader.step-down.wait-time = 10s (default)
2022-06-01 03:35:26,725 [pool-375-thread-1] INFO  server.RaftServerConfigKeys (ConfUtils.java:logGet(46)) - raft.server.sleep.deviation.threshold = 300ms (default)
2022-06-01 03:35:26,725 [pool-375-thread-1] INFO  server.RaftServer$Division (ServerState.java:<init>(107)) - c75d4fdd-dd01-435a-80b8-91aa015f02f8@group-5EDF2696674D: ConfigurationManager, init=-1: [45403b03-db57-451c-8957-1d0540c53572|rpc:10.1.0.5:39917|dataStream:|priority:0, c75d4fdd-dd01-435a-80b8-91aa015f02f8|rpc:10.1.0.5:33425|dataStream:|priority:0, 3f12f1a3-7b0e-46ee-83d3-a3502671d58b|rpc:10.1.0.5:44065|dataStream:|priority:1], old=null, confs=<EMPTY_MAP>
2022-06-01 03:35:26,725 [pool-375-thread-1] INFO  server.RaftServerConfigKeys (ConfUtils.java:logGet(46)) - raft.server.storage.dir = [/home/runner/work/ozone/ozone/hadoop-ozone/integration-test/target/test-dir/MiniOzoneClusterImpl-1510f6c2-5527-4711-8733-efea2524abfe/datanode-2/data/ratis] (custom)
2022-06-01 03:35:26,725 [pool-375-thread-1] INFO  server.RaftServerConfigKeys (ConfUtils.java:logGet(46)) - raft.server.log.corruption.policy = EXCEPTION (default)
2022-06-01 03:35:26,725 [pool-375-thread-1] INFO  server.RaftServerConfigKeys (ConfUtils.java:logGet(46)) - raft.server.storage.free-space.min = 0MB (=0) (default)
2022-06-01 03:35:26,725 [pool-375-thread-1] INFO  storage.RaftStorageDirectory (RaftStorageDirectoryImpl.java:analyzeStorage(135)) - The storage directory /home/runner/work/ozone/ozone/hadoop-ozone/integration-test/target/test-dir/MiniOzoneClusterImpl-1510f6c2-5527-4711-8733-efea2524abfe/datanode-2/data/ratis/0942aa24-5543-4c6c-a2e2-5edf2696674d does not exist. Creating ...
2022-06-01 03:35:26,730 [pool-375-thread-1] INFO  storage.RaftStorageDirectory (RaftStorageDirectoryImpl.java:tryLock(230)) - Lock on /home/runner/work/ozone/ozone/hadoop-ozone/integration-test/target/test-dir/MiniOzoneClusterImpl-1510f6c2-5527-4711-8733-efea2524abfe/datanode-2/data/ratis/0942aa24-5543-4c6c-a2e2-5edf2696674d/in_use.lock acquired by nodename 14781@fv-az151-582
2022-06-01 03:35:26,732 [pool-375-thread-1] INFO  storage.RaftStorage (RaftStorageImpl.java:format(89)) - Storage directory /home/runner/work/ozone/ozone/hadoop-ozone/integration-test/target/test-dir/MiniOzoneClusterImpl-1510f6c2-5527-4711-8733-efea2524abfe/datanode-2/data/ratis/0942aa24-5543-4c6c-a2e2-5edf2696674d has been successfully formatted.
2022-06-01 03:35:26,732 [pool-375-thread-1] INFO  ratis.ContainerStateMachine (ContainerStateMachine.java:loadSnapshot(236)) - group-5EDF2696674D: The snapshot info is null. Setting the last applied indexto:(t:0, i:~)
2022-06-01 03:35:26,732 [pool-375-thread-1] INFO  server.RaftServerConfigKeys (ConfUtils.java:logGet(46)) - raft.server.notification.no-leader.timeout = 300s (custom)
2022-06-01 03:35:26,732 [pool-375-thread-1] INFO  server.RaftServerConfigKeys (ConfUtils.java:logGet(46)) - raft.server.log.use.memory = false (default)
2022-06-01 03:35:26,732 [pool-375-thread-1] INFO  server.RaftServerConfigKeys (ConfUtils.java:logGet(46)) - raft.server.log.purge.gap = 1000000 (custom)
2022-06-01 03:35:26,732 [pool-375-thread-1] INFO  server.RaftServerConfigKeys (ConfUtils.java:logGet(46)) - raft.server.log.appender.buffer.byte-limit = 33554432 (custom)
2022-06-01 03:35:26,732 [pool-375-thread-1] INFO  server.RaftServerConfigKeys (ConfUtils.java:logGet(46)) - raft.server.log.statemachine.data.read.timeout = 1000ms (default)
2022-06-01 03:35:26,733 [pool-375-thread-1] INFO  server.RaftServerConfigKeys (ConfUtils.java:logGet(46)) - raft.server.log.segment.size.max = 1048576 (custom)
2022-06-01 03:35:26,733 [pool-375-thread-1] INFO  server.RaftServerConfigKeys (ConfUtils.java:logGet(46)) - raft.server.log.segment.cache.num.max = 2 (custom)
2022-06-01 03:35:26,733 [pool-375-thread-1] INFO  server.RaftServerConfigKeys (ConfUtils.java:logGet(46)) - raft.server.log.segment.cache.size.max = 200MB (=209715200) (default)
2022-06-01 03:35:26,733 [pool-375-thread-1] INFO  segmented.SegmentedRaftLogWorker (SegmentedRaftLogWorker.java:<init>(187)) - new c75d4fdd-dd01-435a-80b8-91aa015f02f8@group-5EDF2696674D-SegmentedRaftLogWorker for RaftStorageImpl:Storage Directory /home/runner/work/ozone/ozone/hadoop-ozone/integration-test/target/test-dir/MiniOzoneClusterImpl-1510f6c2-5527-4711-8733-efea2524abfe/datanode-2/data/ratis/0942aa24-5543-4c6c-a2e2-5edf2696674d
2022-06-01 03:35:26,733 [pool-375-thread-1] INFO  server.RaftServerConfigKeys (ConfUtils.java:logGet(46)) - raft.server.log.queue.byte-limit = 4294967296 (custom)
2022-06-01 03:35:26,733 [pool-375-thread-1] INFO  server.RaftServerConfigKeys (ConfUtils.java:logGet(46)) - raft.server.log.queue.element-limit = 1024 (custom)
2022-06-01 03:35:26,733 [pool-375-thread-1] INFO  server.RaftServerConfigKeys (ConfUtils.java:logGet(46)) - raft.server.log.segment.size.max = 1048576 (custom)
2022-06-01 03:35:26,733 [pool-375-thread-1] INFO  server.RaftServerConfigKeys (ConfUtils.java:logGet(46)) - raft.server.log.preallocated.size = 16384 (custom)
2022-06-01 03:35:26,733 [pool-375-thread-1] INFO  server.RaftServerConfigKeys (ConfUtils.java:logGet(46)) - raft.server.log.force.sync.num = 128 (default)
2022-06-01 03:35:26,733 [pool-375-thread-1] INFO  server.RaftServerConfigKeys (ConfUtils.java:logGet(46)) - raft.server.log.statemachine.data.sync = true (default)
2022-06-01 03:35:26,733 [pool-375-thread-1] INFO  server.RaftServerConfigKeys (ConfUtils.java:logGet(46)) - raft.server.log.statemachine.data.sync.timeout = 10s (default)
2022-06-01 03:35:26,734 [pool-375-thread-1] INFO  server.RaftServerConfigKeys (ConfUtils.java:logGet(46)) - raft.server.log.statemachine.data.sync.timeout.retry = -1 (default)
2022-06-01 03:35:26,734 [pool-375-thread-1] INFO  server.RaftServerConfigKeys (ConfUtils.java:logGet(46)) - raft.server.log.write.buffer.size = 1048576 (custom)
2022-06-01 03:35:26,735 [pool-375-thread-1] INFO  server.RaftServerConfigKeys (ConfUtils.java:logGet(46)) - raft.server.log.unsafe-flush.enabled = false (default)
2022-06-01 03:35:26,735 [pool-375-thread-1] INFO  server.RaftServerConfigKeys (ConfUtils.java:logGet(46)) - raft.server.log.statemachine.data.caching.enabled = true (custom)
2022-06-01 03:35:26,735 [pool-375-thread-1] INFO  segmented.SegmentedRaftLogWorker (SegmentedRaftLogWorker.java:lambda$new$0(135)) - c75d4fdd-dd01-435a-80b8-91aa015f02f8@group-5EDF2696674D-SegmentedRaftLogWorker: flushIndex: setUnconditionally 0 -> -1
2022-06-01 03:35:26,735 [pool-375-thread-1] INFO  segmented.SegmentedRaftLogWorker (SegmentedRaftLogWorker.java:lambda$new$0(135)) - c75d4fdd-dd01-435a-80b8-91aa015f02f8@group-5EDF2696674D-SegmentedRaftLogWorker: safeCacheEvictIndex: setUnconditionally 0 -> -1
2022-06-01 03:35:26,765 [pool-375-thread-1] INFO  server.RaftServerConfigKeys (ConfUtils.java:logGet(46)) - raft.server.snapshot.auto.trigger.enabled = true (custom)
2022-06-01 03:35:26,766 [pool-375-thread-1] INFO  server.RaftServerConfigKeys (ConfUtils.java:logGet(46)) - raft.server.snapshot.auto.trigger.threshold = 10000 (custom)
2022-06-01 03:35:26,766 [pool-375-thread-1] INFO  server.RaftServerConfigKeys (ConfUtils.java:logGet(46)) - raft.server.snapshot.retention.file.num = 5 (custom)
2022-06-01 03:35:26,766 [pool-375-thread-1] INFO  server.RaftServerConfigKeys (ConfUtils.java:logGet(46)) - raft.server.log.purge.upto.snapshot.index = false (default)
2022-06-01 03:35:26,766 [pool-375-thread-1] INFO  server.RaftServerConfigKeys (ConfUtils.java:logGet(46)) - raft.server.retrycache.expirytime = 600000ms (custom)
2022-06-01 03:35:26,766 [pool-375-thread-1] INFO  server.RaftServerConfigKeys (ConfUtils.java:logGet(46)) - raft.server.retrycache.statistics.expirytime = 100μs (default)
2022-06-01 03:35:26,767 [pool-375-thread-1] INFO  server.RaftServerConfigKeys (ConfUtils.java:logGet(46)) - raft.server.log.appender.install.snapshot.enabled = false (custom)
2022-06-01 03:35:26,767 [pool-375-thread-1] INFO  server.RaftServerConfigKeys (ConfUtils.java:logGet(46)) - raft.server.threadpool.server.cached = true (default)
2022-06-01 03:35:26,767 [pool-375-thread-1] INFO  server.RaftServerConfigKeys (ConfUtils.java:logGet(46)) - raft.server.threadpool.server.size = 0 (default)
2022-06-01 03:35:26,767 [pool-375-thread-1] INFO  server.RaftServerConfigKeys (ConfUtils.java:logGet(46)) - raft.server.threadpool.client.cached = true (default)
2022-06-01 03:35:26,767 [pool-375-thread-1] INFO  server.RaftServerConfigKeys (ConfUtils.java:logGet(46)) - raft.server.threadpool.client.size = 0 (default)
2022-06-01 03:35:26,767 [pool-375-thread-1] INFO  server.RaftServer$Division (RaftServerImpl.java:start(310)) - c75d4fdd-dd01-435a-80b8-91aa015f02f8@group-5EDF2696674D: start as a follower, conf=-1: [45403b03-db57-451c-8957-1d0540c53572|rpc:10.1.0.5:39917|dataStream:|priority:0, c75d4fdd-dd01-435a-80b8-91aa015f02f8|rpc:10.1.0.5:33425|dataStream:|priority:0, 3f12f1a3-7b0e-46ee-83d3-a3502671d58b|rpc:10.1.0.5:44065|dataStream:|priority:1], old=null
2022-06-01 03:35:26,767 [pool-375-thread-1] INFO  server.RaftServer$Division (RaftServerImpl.java:setRole(299)) - c75d4fdd-dd01-435a-80b8-91aa015f02f8@group-5EDF2696674D: changes role from      null to FOLLOWER at term 0 for startAsFollower
2022-06-01 03:35:26,767 [pool-375-thread-1] INFO  impl.RoleInfo (RoleInfo.java:updateAndGet(139)) - c75d4fdd-dd01-435a-80b8-91aa015f02f8: start c75d4fdd-dd01-435a-80b8-91aa015f02f8@group-5EDF2696674D-FollowerState
2022-06-01 03:35:26,772 [pool-375-thread-1] INFO  util.JmxRegister (JmxRegister.java:tryRegister(44)) - Successfully registered JMX Bean with object name Ratis:service=RaftServer,group=group-5EDF2696674D,id=c75d4fdd-dd01-435a-80b8-91aa015f02f8
2022-06-01 03:35:26,861 [grpc-default-executor-0] INFO  server.RaftServer (RaftServerProxy.java:addNew(96)) - 45403b03-db57-451c-8957-1d0540c53572: addNew group-5EDF2696674D:[45403b03-db57-451c-8957-1d0540c53572|rpc:10.1.0.5:39917|dataStream:|priority:0, c75d4fdd-dd01-435a-80b8-91aa015f02f8|rpc:10.1.0.5:33425|dataStream:|priority:0, 3f12f1a3-7b0e-46ee-83d3-a3502671d58b|rpc:10.1.0.5:44065|dataStream:|priority:1] returns group-5EDF2696674D:java.util.concurrent.CompletableFuture@3c7d78a1[Not completed]
2022-06-01 03:35:26,862 [pool-353-thread-1] INFO  server.RaftServer$Division (RaftServerImpl.java:<init>(190)) - 45403b03-db57-451c-8957-1d0540c53572: new RaftServerImpl for group-5EDF2696674D:[45403b03-db57-451c-8957-1d0540c53572|rpc:10.1.0.5:39917|dataStream:|priority:0, c75d4fdd-dd01-435a-80b8-91aa015f02f8|rpc:10.1.0.5:33425|dataStream:|priority:0, 3f12f1a3-7b0e-46ee-83d3-a3502671d58b|rpc:10.1.0.5:44065|dataStream:|priority:1] with ContainerStateMachine:uninitialized
2022-06-01 03:35:26,862 [pool-353-thread-1] INFO  server.RaftServerConfigKeys (ConfUtils.java:logGet(46)) - raft.server.rpc.timeout.min = 5s (custom)
2022-06-01 03:35:26,862 [pool-353-thread-1] INFO  server.RaftServerConfigKeys (ConfUtils.java:logGet(46)) - raft.server.rpc.timeout.max = 5200ms (custom)
2022-06-01 03:35:26,862 [pool-353-thread-1] INFO  server.RaftServerConfigKeys (ConfUtils.java:logGet(46)) - raft.server.rpc.sleep.time = 25ms (default)
2022-06-01 03:35:26,862 [pool-353-thread-1] INFO  server.RaftServerConfigKeys (ConfUtils.java:logGet(46)) - raft.server.rpc.slowness.timeout = 300s (custom)
2022-06-01 03:35:26,862 [pool-353-thread-1] INFO  server.RaftServerConfigKeys (ConfUtils.java:logGet(46)) - raft.server.leaderelection.leader.step-down.wait-time = 10s (default)
2022-06-01 03:35:26,862 [pool-353-thread-1] INFO  server.RaftServerConfigKeys (ConfUtils.java:logGet(46)) - raft.server.sleep.deviation.threshold = 300ms (default)
2022-06-01 03:35:26,862 [pool-353-thread-1] INFO  server.RaftServer$Division (ServerState.java:<init>(107)) - 45403b03-db57-451c-8957-1d0540c53572@group-5EDF2696674D: ConfigurationManager, init=-1: [45403b03-db57-451c-8957-1d0540c53572|rpc:10.1.0.5:39917|dataStream:|priority:0, c75d4fdd-dd01-435a-80b8-91aa015f02f8|rpc:10.1.0.5:33425|dataStream:|priority:0, 3f12f1a3-7b0e-46ee-83d3-a3502671d58b|rpc:10.1.0.5:44065|dataStream:|priority:1], old=null, confs=<EMPTY_MAP>
2022-06-01 03:35:26,893 [pool-353-thread-1] INFO  server.RaftServerConfigKeys (ConfUtils.java:logGet(46)) - raft.server.storage.dir = [/home/runner/work/ozone/ozone/hadoop-ozone/integration-test/target/test-dir/MiniOzoneClusterImpl-1510f6c2-5527-4711-8733-efea2524abfe/datanode-1/data/ratis] (custom)
2022-06-01 03:35:26,894 [pool-353-thread-1] INFO  server.RaftServerConfigKeys (ConfUtils.java:logGet(46)) - raft.server.log.corruption.policy = EXCEPTION (default)
2022-06-01 03:35:26,894 [pool-353-thread-1] INFO  server.RaftServerConfigKeys (ConfUtils.java:logGet(46)) - raft.server.storage.free-space.min = 0MB (=0) (default)
2022-06-01 03:35:26,894 [pool-353-thread-1] INFO  storage.RaftStorageDirectory (RaftStorageDirectoryImpl.java:analyzeStorage(135)) - The storage directory /home/runner/work/ozone/ozone/hadoop-ozone/integration-test/target/test-dir/MiniOzoneClusterImpl-1510f6c2-5527-4711-8733-efea2524abfe/datanode-1/data/ratis/0942aa24-5543-4c6c-a2e2-5edf2696674d does not exist. Creating ...
2022-06-01 03:35:26,899 [pool-353-thread-1] INFO  storage.RaftStorageDirectory (RaftStorageDirectoryImpl.java:tryLock(230)) - Lock on /home/runner/work/ozone/ozone/hadoop-ozone/integration-test/target/test-dir/MiniOzoneClusterImpl-1510f6c2-5527-4711-8733-efea2524abfe/datanode-1/data/ratis/0942aa24-5543-4c6c-a2e2-5edf2696674d/in_use.lock acquired by nodename 14781@fv-az151-582
2022-06-01 03:35:26,904 [pool-353-thread-1] INFO  storage.RaftStorage (RaftStorageImpl.java:format(89)) - Storage directory /home/runner/work/ozone/ozone/hadoop-ozone/integration-test/target/test-dir/MiniOzoneClusterImpl-1510f6c2-5527-4711-8733-efea2524abfe/datanode-1/data/ratis/0942aa24-5543-4c6c-a2e2-5edf2696674d has been successfully formatted.
2022-06-01 03:35:26,908 [pool-353-thread-1] INFO  ratis.ContainerStateMachine (ContainerStateMachine.java:loadSnapshot(236)) - group-5EDF2696674D: The snapshot info is null. Setting the last applied indexto:(t:0, i:~)
2022-06-01 03:35:26,908 [pool-353-thread-1] INFO  server.RaftServerConfigKeys (ConfUtils.java:logGet(46)) - raft.server.notification.no-leader.timeout = 300s (custom)
2022-06-01 03:35:26,908 [pool-353-thread-1] INFO  server.RaftServerConfigKeys (ConfUtils.java:logGet(46)) - raft.server.log.use.memory = false (default)
2022-06-01 03:35:26,908 [pool-353-thread-1] INFO  server.RaftServerConfigKeys (ConfUtils.java:logGet(46)) - raft.server.log.purge.gap = 1000000 (custom)
2022-06-01 03:35:26,908 [pool-353-thread-1] INFO  server.RaftServerConfigKeys (ConfUtils.java:logGet(46)) - raft.server.log.appender.buffer.byte-limit = 33554432 (custom)
2022-06-01 03:35:26,908 [pool-353-thread-1] INFO  server.RaftServerConfigKeys (ConfUtils.java:logGet(46)) - raft.server.log.statemachine.data.read.timeout = 1000ms (default)
2022-06-01 03:35:26,908 [pool-353-thread-1] INFO  server.RaftServerConfigKeys (ConfUtils.java:logGet(46)) - raft.server.log.segment.size.max = 1048576 (custom)
2022-06-01 03:35:26,909 [pool-353-thread-1] INFO  server.RaftServerConfigKeys (ConfUtils.java:logGet(46)) - raft.server.log.segment.cache.num.max = 2 (custom)
2022-06-01 03:35:26,909 [pool-353-thread-1] INFO  server.RaftServerConfigKeys (ConfUtils.java:logGet(46)) - raft.server.log.segment.cache.size.max = 200MB (=209715200) (default)
2022-06-01 03:35:26,909 [pool-353-thread-1] INFO  segmented.SegmentedRaftLogWorker (SegmentedRaftLogWorker.java:<init>(187)) - new 45403b03-db57-451c-8957-1d0540c53572@group-5EDF2696674D-SegmentedRaftLogWorker for RaftStorageImpl:Storage Directory /home/runner/work/ozone/ozone/hadoop-ozone/integration-test/target/test-dir/MiniOzoneClusterImpl-1510f6c2-5527-4711-8733-efea2524abfe/datanode-1/data/ratis/0942aa24-5543-4c6c-a2e2-5edf2696674d
2022-06-01 03:35:26,909 [pool-353-thread-1] INFO  server.RaftServerConfigKeys (ConfUtils.java:logGet(46)) - raft.server.log.queue.byte-limit = 4294967296 (custom)
2022-06-01 03:35:26,909 [pool-353-thread-1] INFO  server.RaftServerConfigKeys (ConfUtils.java:logGet(46)) - raft.server.log.queue.element-limit = 1024 (custom)
2022-06-01 03:35:26,909 [pool-353-thread-1] INFO  server.RaftServerConfigKeys (ConfUtils.java:logGet(46)) - raft.server.log.segment.size.max = 1048576 (custom)
2022-06-01 03:35:26,909 [pool-353-thread-1] INFO  server.RaftServerConfigKeys (ConfUtils.java:logGet(46)) - raft.server.log.preallocated.size = 16384 (custom)
2022-06-01 03:35:26,909 [pool-353-thread-1] INFO  server.RaftServerConfigKeys (ConfUtils.java:logGet(46)) - raft.server.log.force.sync.num = 128 (default)
2022-06-01 03:35:26,909 [pool-353-thread-1] INFO  server.RaftServerConfigKeys (ConfUtils.java:logGet(46)) - raft.server.log.statemachine.data.sync = true (default)
2022-06-01 03:35:26,909 [pool-353-thread-1] INFO  server.RaftServerConfigKeys (ConfUtils.java:logGet(46)) - raft.server.log.statemachine.data.sync.timeout = 10s (default)
2022-06-01 03:35:26,909 [pool-353-thread-1] INFO  server.RaftServerConfigKeys (ConfUtils.java:logGet(46)) - raft.server.log.statemachine.data.sync.timeout.retry = -1 (default)
2022-06-01 03:35:26,910 [pool-353-thread-1] INFO  server.RaftServerConfigKeys (ConfUtils.java:logGet(46)) - raft.server.log.write.buffer.size = 1048576 (custom)
2022-06-01 03:35:26,910 [pool-353-thread-1] INFO  server.RaftServerConfigKeys (ConfUtils.java:logGet(46)) - raft.server.log.unsafe-flush.enabled = false (default)
2022-06-01 03:35:26,910 [pool-353-thread-1] INFO  server.RaftServerConfigKeys (ConfUtils.java:logGet(46)) - raft.server.log.statemachine.data.caching.enabled = true (custom)
2022-06-01 03:35:26,910 [pool-353-thread-1] INFO  segmented.SegmentedRaftLogWorker (SegmentedRaftLogWorker.java:lambda$new$0(135)) - 45403b03-db57-451c-8957-1d0540c53572@group-5EDF2696674D-SegmentedRaftLogWorker: flushIndex: setUnconditionally 0 -> -1
2022-06-01 03:35:26,910 [pool-353-thread-1] INFO  segmented.SegmentedRaftLogWorker (SegmentedRaftLogWorker.java:lambda$new$0(135)) - 45403b03-db57-451c-8957-1d0540c53572@group-5EDF2696674D-SegmentedRaftLogWorker: safeCacheEvictIndex: setUnconditionally 0 -> -1
2022-06-01 03:35:26,920 [pool-353-thread-1] INFO  server.RaftServerConfigKeys (ConfUtils.java:logGet(46)) - raft.server.snapshot.auto.trigger.enabled = true (custom)
2022-06-01 03:35:26,920 [pool-353-thread-1] INFO  server.RaftServerConfigKeys (ConfUtils.java:logGet(46)) - raft.server.snapshot.auto.trigger.threshold = 10000 (custom)
2022-06-01 03:35:26,920 [pool-353-thread-1] INFO  server.RaftServerConfigKeys (ConfUtils.java:logGet(46)) - raft.server.snapshot.retention.file.num = 5 (custom)
2022-06-01 03:35:26,920 [pool-353-thread-1] INFO  server.RaftServerConfigKeys (ConfUtils.java:logGet(46)) - raft.server.log.purge.upto.snapshot.index = false (default)
2022-06-01 03:35:26,920 [pool-353-thread-1] INFO  server.RaftServerConfigKeys (ConfUtils.java:logGet(46)) - raft.server.retrycache.expirytime = 600000ms (custom)
2022-06-01 03:35:26,920 [pool-353-thread-1] INFO  server.RaftServerConfigKeys (ConfUtils.java:logGet(46)) - raft.server.retrycache.statistics.expirytime = 100μs (default)
2022-06-01 03:35:26,921 [pool-353-thread-1] INFO  server.RaftServerConfigKeys (ConfUtils.java:logGet(46)) - raft.server.log.appender.install.snapshot.enabled = false (custom)
2022-06-01 03:35:26,921 [pool-353-thread-1] INFO  server.RaftServerConfigKeys (ConfUtils.java:logGet(46)) - raft.server.threadpool.server.cached = true (default)
2022-06-01 03:35:26,921 [pool-353-thread-1] INFO  server.RaftServerConfigKeys (ConfUtils.java:logGet(46)) - raft.server.threadpool.server.size = 0 (default)
2022-06-01 03:35:26,921 [pool-353-thread-1] INFO  server.RaftServerConfigKeys (ConfUtils.java:logGet(46)) - raft.server.threadpool.client.cached = true (default)
2022-06-01 03:35:26,921 [pool-353-thread-1] INFO  server.RaftServerConfigKeys (ConfUtils.java:logGet(46)) - raft.server.threadpool.client.size = 0 (default)
2022-06-01 03:35:26,921 [pool-353-thread-1] INFO  server.RaftServer$Division (RaftServerImpl.java:start(310)) - 45403b03-db57-451c-8957-1d0540c53572@group-5EDF2696674D: start as a follower, conf=-1: [45403b03-db57-451c-8957-1d0540c53572|rpc:10.1.0.5:39917|dataStream:|priority:0, c75d4fdd-dd01-435a-80b8-91aa015f02f8|rpc:10.1.0.5:33425|dataStream:|priority:0, 3f12f1a3-7b0e-46ee-83d3-a3502671d58b|rpc:10.1.0.5:44065|dataStream:|priority:1], old=null
2022-06-01 03:35:26,921 [pool-353-thread-1] INFO  server.RaftServer$Division (RaftServerImpl.java:setRole(299)) - 45403b03-db57-451c-8957-1d0540c53572@group-5EDF2696674D: changes role from      null to FOLLOWER at term 0 for startAsFollower
2022-06-01 03:35:26,921 [pool-353-thread-1] INFO  impl.RoleInfo (RoleInfo.java:updateAndGet(139)) - 45403b03-db57-451c-8957-1d0540c53572: start 45403b03-db57-451c-8957-1d0540c53572@group-5EDF2696674D-FollowerState
2022-06-01 03:35:26,937 [pool-353-thread-1] INFO  util.JmxRegister (JmxRegister.java:tryRegister(44)) - Successfully registered JMX Bean with object name Ratis:service=RaftServer,group=group-5EDF2696674D,id=45403b03-db57-451c-8957-1d0540c53572
2022-06-01 03:35:26,963 [Command processor thread] INFO  commandhandler.CreatePipelineCommandHandler (CreatePipelineCommandHandler.java:handle(113)) - Created Pipeline RATIS THREE PipelineID=0942aa24-5543-4c6c-a2e2-5edf2696674d.
2022-06-01 03:35:26,963 [Command processor thread] INFO  server.RaftServer (RaftServerProxy.java:addNew(96)) - 3f12f1a3-7b0e-46ee-83d3-a3502671d58b: addNew group-4684C1729CA5:[45403b03-db57-451c-8957-1d0540c53572|rpc:10.1.0.5:39917|priority:1, c75d4fdd-dd01-435a-80b8-91aa015f02f8|rpc:10.1.0.5:33425|priority:0, 3f12f1a3-7b0e-46ee-83d3-a3502671d58b|rpc:10.1.0.5:44065|priority:0] returns group-4684C1729CA5:java.util.concurrent.CompletableFuture@4c26817c[Not completed]
2022-06-01 03:35:26,964 [pool-331-thread-1] INFO  server.RaftServer$Division (RaftServerImpl.java:<init>(190)) - 3f12f1a3-7b0e-46ee-83d3-a3502671d58b: new RaftServerImpl for group-4684C1729CA5:[45403b03-db57-451c-8957-1d0540c53572|rpc:10.1.0.5:39917|priority:1, c75d4fdd-dd01-435a-80b8-91aa015f02f8|rpc:10.1.0.5:33425|priority:0, 3f12f1a3-7b0e-46ee-83d3-a3502671d58b|rpc:10.1.0.5:44065|priority:0] with ContainerStateMachine:uninitialized
2022-06-01 03:35:26,964 [pool-331-thread-1] INFO  server.RaftServerConfigKeys (ConfUtils.java:logGet(46)) - raft.server.rpc.timeout.min = 5s (custom)
2022-06-01 03:35:26,964 [pool-331-thread-1] INFO  server.RaftServerConfigKeys (ConfUtils.java:logGet(46)) - raft.server.rpc.timeout.max = 5200ms (custom)
2022-06-01 03:35:26,964 [pool-331-thread-1] INFO  server.RaftServerConfigKeys (ConfUtils.java:logGet(46)) - raft.server.rpc.sleep.time = 25ms (default)
2022-06-01 03:35:26,964 [pool-331-thread-1] INFO  server.RaftServerConfigKeys (ConfUtils.java:logGet(46)) - raft.server.rpc.slowness.timeout = 300s (custom)
2022-06-01 03:35:26,964 [pool-331-thread-1] INFO  server.RaftServerConfigKeys (ConfUtils.java:logGet(46)) - raft.server.leaderelection.leader.step-down.wait-time = 10s (default)
2022-06-01 03:35:26,964 [pool-331-thread-1] INFO  server.RaftServerConfigKeys (ConfUtils.java:logGet(46)) - raft.server.sleep.deviation.threshold = 300ms (default)
2022-06-01 03:35:26,964 [pool-331-thread-1] INFO  server.RaftServer$Division (ServerState.java:<init>(107)) - 3f12f1a3-7b0e-46ee-83d3-a3502671d58b@group-4684C1729CA5: ConfigurationManager, init=-1: [45403b03-db57-451c-8957-1d0540c53572|rpc:10.1.0.5:39917|priority:1, c75d4fdd-dd01-435a-80b8-91aa015f02f8|rpc:10.1.0.5:33425|priority:0, 3f12f1a3-7b0e-46ee-83d3-a3502671d58b|rpc:10.1.0.5:44065|priority:0], old=null, confs=<EMPTY_MAP>
2022-06-01 03:35:26,972 [pool-331-thread-1] INFO  server.RaftServerConfigKeys (ConfUtils.java:logGet(46)) - raft.server.storage.dir = [/home/runner/work/ozone/ozone/hadoop-ozone/integration-test/target/test-dir/MiniOzoneClusterImpl-1510f6c2-5527-4711-8733-efea2524abfe/datanode-0/data/ratis] (custom)
2022-06-01 03:35:26,972 [pool-331-thread-1] INFO  server.RaftServerConfigKeys (ConfUtils.java:logGet(46)) - raft.server.log.corruption.policy = EXCEPTION (default)
2022-06-01 03:35:26,972 [pool-331-thread-1] INFO  server.RaftServerConfigKeys (ConfUtils.java:logGet(46)) - raft.server.storage.free-space.min = 0MB (=0) (default)
2022-06-01 03:35:26,972 [pool-331-thread-1] INFO  storage.RaftStorageDirectory (RaftStorageDirectoryImpl.java:analyzeStorage(135)) - The storage directory /home/runner/work/ozone/ozone/hadoop-ozone/integration-test/target/test-dir/MiniOzoneClusterImpl-1510f6c2-5527-4711-8733-efea2524abfe/datanode-0/data/ratis/1812f968-5be9-4843-a505-4684c1729ca5 does not exist. Creating ...
2022-06-01 03:35:26,973 [pool-331-thread-1] INFO  storage.RaftStorageDirectory (RaftStorageDirectoryImpl.java:tryLock(230)) - Lock on /home/runner/work/ozone/ozone/hadoop-ozone/integration-test/target/test-dir/MiniOzoneClusterImpl-1510f6c2-5527-4711-8733-efea2524abfe/datanode-0/data/ratis/1812f968-5be9-4843-a505-4684c1729ca5/in_use.lock acquired by nodename 14781@fv-az151-582
2022-06-01 03:35:26,974 [pool-331-thread-1] INFO  storage.RaftStorage (RaftStorageImpl.java:format(89)) - Storage directory /home/runner/work/ozone/ozone/hadoop-ozone/integration-test/target/test-dir/MiniOzoneClusterImpl-1510f6c2-5527-4711-8733-efea2524abfe/datanode-0/data/ratis/1812f968-5be9-4843-a505-4684c1729ca5 has been successfully formatted.
2022-06-01 03:35:26,974 [pool-331-thread-1] INFO  ratis.ContainerStateMachine (ContainerStateMachine.java:loadSnapshot(236)) - group-4684C1729CA5: The snapshot info is null. Setting the last applied indexto:(t:0, i:~)
2022-06-01 03:35:26,974 [pool-331-thread-1] INFO  server.RaftServerConfigKeys (ConfUtils.java:logGet(46)) - raft.server.notification.no-leader.timeout = 300s (custom)
2022-06-01 03:35:26,975 [pool-331-thread-1] INFO  server.RaftServerConfigKeys (ConfUtils.java:logGet(46)) - raft.server.log.use.memory = false (default)
2022-06-01 03:35:26,975 [pool-331-thread-1] INFO  server.RaftServerConfigKeys (ConfUtils.java:logGet(46)) - raft.server.log.purge.gap = 1000000 (custom)
2022-06-01 03:35:26,975 [pool-331-thread-1] INFO  server.RaftServerConfigKeys (ConfUtils.java:logGet(46)) - raft.server.log.appender.buffer.byte-limit = 33554432 (custom)
2022-06-01 03:35:26,975 [pool-331-thread-1] INFO  server.RaftServerConfigKeys (ConfUtils.java:logGet(46)) - raft.server.log.statemachine.data.read.timeout = 1000ms (default)
2022-06-01 03:35:26,975 [pool-331-thread-1] INFO  server.RaftServerConfigKeys (ConfUtils.java:logGet(46)) - raft.server.log.segment.size.max = 1048576 (custom)
2022-06-01 03:35:26,975 [pool-331-thread-1] INFO  server.RaftServerConfigKeys (ConfUtils.java:logGet(46)) - raft.server.log.segment.cache.num.max = 2 (custom)
2022-06-01 03:35:26,975 [pool-331-thread-1] INFO  server.RaftServerConfigKeys (ConfUtils.java:logGet(46)) - raft.server.log.segment.cache.size.max = 200MB (=209715200) (default)
2022-06-01 03:35:26,975 [pool-331-thread-1] INFO  segmented.SegmentedRaftLogWorker (SegmentedRaftLogWorker.java:<init>(187)) - new 3f12f1a3-7b0e-46ee-83d3-a3502671d58b@group-4684C1729CA5-SegmentedRaftLogWorker for RaftStorageImpl:Storage Directory /home/runner/work/ozone/ozone/hadoop-ozone/integration-test/target/test-dir/MiniOzoneClusterImpl-1510f6c2-5527-4711-8733-efea2524abfe/datanode-0/data/ratis/1812f968-5be9-4843-a505-4684c1729ca5
2022-06-01 03:35:26,975 [pool-331-thread-1] INFO  server.RaftServerConfigKeys (ConfUtils.java:logGet(46)) - raft.server.log.queue.byte-limit = 4294967296 (custom)
2022-06-01 03:35:26,976 [pool-331-thread-1] INFO  server.RaftServerConfigKeys (ConfUtils.java:logGet(46)) - raft.server.log.queue.element-limit = 1024 (custom)
2022-06-01 03:35:26,976 [pool-331-thread-1] INFO  server.RaftServerConfigKeys (ConfUtils.java:logGet(46)) - raft.server.log.segment.size.max = 1048576 (custom)
2022-06-01 03:35:26,976 [pool-331-thread-1] INFO  server.RaftServerConfigKeys (ConfUtils.java:logGet(46)) - raft.server.log.preallocated.size = 16384 (custom)
2022-06-01 03:35:26,976 [pool-331-thread-1] INFO  server.RaftServerConfigKeys (ConfUtils.java:logGet(46)) - raft.server.log.force.sync.num = 128 (default)
2022-06-01 03:35:26,976 [pool-331-thread-1] INFO  server.RaftServerConfigKeys (ConfUtils.java:logGet(46)) - raft.server.log.statemachine.data.sync = true (default)
2022-06-01 03:35:26,976 [pool-331-thread-1] INFO  server.RaftServerConfigKeys (ConfUtils.java:logGet(46)) - raft.server.log.statemachine.data.sync.timeout = 10s (default)
2022-06-01 03:35:26,976 [pool-331-thread-1] INFO  server.RaftServerConfigKeys (ConfUtils.java:logGet(46)) - raft.server.log.statemachine.data.sync.timeout.retry = -1 (default)
2022-06-01 03:35:26,976 [EventQueue-OpenPipelineForHealthyPipelineSafeModeRule] INFO  safemode.SCMSafeModeManager (HealthyPipelineSafeModeRule.java:process(124)) - SCM in safe mode. Healthy pipelines reported count is 0, required healthy pipeline reported count is 1
2022-06-01 03:35:26,977 [pool-331-thread-1] INFO  server.RaftServerConfigKeys (ConfUtils.java:logGet(46)) - raft.server.log.write.buffer.size = 1048576 (custom)
2022-06-01 03:35:26,977 [pool-331-thread-1] INFO  server.RaftServerConfigKeys (ConfUtils.java:logGet(46)) - raft.server.log.unsafe-flush.enabled = false (default)
2022-06-01 03:35:26,977 [pool-331-thread-1] INFO  server.RaftServerConfigKeys (ConfUtils.java:logGet(46)) - raft.server.log.statemachine.data.caching.enabled = true (custom)
2022-06-01 03:35:26,978 [pool-331-thread-1] INFO  segmented.SegmentedRaftLogWorker (SegmentedRaftLogWorker.java:lambda$new$0(135)) - 3f12f1a3-7b0e-46ee-83d3-a3502671d58b@group-4684C1729CA5-SegmentedRaftLogWorker: flushIndex: setUnconditionally 0 -> -1
2022-06-01 03:35:26,978 [pool-331-thread-1] INFO  segmented.SegmentedRaftLogWorker (SegmentedRaftLogWorker.java:lambda$new$0(135)) - 3f12f1a3-7b0e-46ee-83d3-a3502671d58b@group-4684C1729CA5-SegmentedRaftLogWorker: safeCacheEvictIndex: setUnconditionally 0 -> -1
2022-06-01 03:35:26,984 [pool-331-thread-1] INFO  server.RaftServerConfigKeys (ConfUtils.java:logGet(46)) - raft.server.snapshot.auto.trigger.enabled = true (custom)
2022-06-01 03:35:26,984 [pool-331-thread-1] INFO  server.RaftServerConfigKeys (ConfUtils.java:logGet(46)) - raft.server.snapshot.auto.trigger.threshold = 10000 (custom)
2022-06-01 03:35:26,984 [pool-331-thread-1] INFO  server.RaftServerConfigKeys (ConfUtils.java:logGet(46)) - raft.server.snapshot.retention.file.num = 5 (custom)
2022-06-01 03:35:26,984 [pool-331-thread-1] INFO  server.RaftServerConfigKeys (ConfUtils.java:logGet(46)) - raft.server.log.purge.upto.snapshot.index = false (default)
2022-06-01 03:35:26,984 [pool-331-thread-1] INFO  server.RaftServerConfigKeys (ConfUtils.java:logGet(46)) - raft.server.retrycache.expirytime = 600000ms (custom)
2022-06-01 03:35:26,984 [pool-331-thread-1] INFO  server.RaftServerConfigKeys (ConfUtils.java:logGet(46)) - raft.server.retrycache.statistics.expirytime = 100μs (default)
2022-06-01 03:35:26,985 [pool-331-thread-1] INFO  server.RaftServerConfigKeys (ConfUtils.java:logGet(46)) - raft.server.log.appender.install.snapshot.enabled = false (custom)
2022-06-01 03:35:26,985 [pool-331-thread-1] INFO  server.RaftServerConfigKeys (ConfUtils.java:logGet(46)) - raft.server.threadpool.server.cached = true (default)
2022-06-01 03:35:26,985 [pool-331-thread-1] INFO  server.RaftServerConfigKeys (ConfUtils.java:logGet(46)) - raft.server.threadpool.server.size = 0 (default)
2022-06-01 03:35:26,985 [pool-331-thread-1] INFO  server.RaftServerConfigKeys (ConfUtils.java:logGet(46)) - raft.server.threadpool.client.cached = true (default)
2022-06-01 03:35:26,985 [pool-331-thread-1] INFO  server.RaftServerConfigKeys (ConfUtils.java:logGet(46)) - raft.server.threadpool.client.size = 0 (default)
2022-06-01 03:35:26,985 [pool-331-thread-1] INFO  server.RaftServer$Division (RaftServerImpl.java:start(310)) - 3f12f1a3-7b0e-46ee-83d3-a3502671d58b@group-4684C1729CA5: start as a follower, conf=-1: [45403b03-db57-451c-8957-1d0540c53572|rpc:10.1.0.5:39917|priority:1, c75d4fdd-dd01-435a-80b8-91aa015f02f8|rpc:10.1.0.5:33425|priority:0, 3f12f1a3-7b0e-46ee-83d3-a3502671d58b|rpc:10.1.0.5:44065|priority:0], old=null
2022-06-01 03:35:26,985 [pool-331-thread-1] INFO  server.RaftServer$Division (RaftServerImpl.java:setRole(299)) - 3f12f1a3-7b0e-46ee-83d3-a3502671d58b@group-4684C1729CA5: changes role from      null to FOLLOWER at term 0 for startAsFollower
2022-06-01 03:35:26,985 [pool-331-thread-1] INFO  impl.RoleInfo (RoleInfo.java:updateAndGet(139)) - 3f12f1a3-7b0e-46ee-83d3-a3502671d58b: start 3f12f1a3-7b0e-46ee-83d3-a3502671d58b@group-4684C1729CA5-FollowerState
2022-06-01 03:35:26,990 [pool-331-thread-1] INFO  util.JmxRegister (JmxRegister.java:tryRegister(44)) - Successfully registered JMX Bean with object name Ratis:service=RaftServer,group=group-4684C1729CA5,id=3f12f1a3-7b0e-46ee-83d3-a3502671d58b
2022-06-01 03:35:27,008 [Command processor thread] INFO  ratis.XceiverServerRatis (XceiverServerRatis.java:addGroup(765)) - Created group PipelineID=1812f968-5be9-4843-a505-4684c1729ca5
2022-06-01 03:35:27,044 [grpc-default-executor-0] INFO  server.RaftServer (RaftServerProxy.java:addNew(96)) - 45403b03-db57-451c-8957-1d0540c53572: addNew group-4684C1729CA5:[45403b03-db57-451c-8957-1d0540c53572|rpc:10.1.0.5:39917|dataStream:|priority:1, c75d4fdd-dd01-435a-80b8-91aa015f02f8|rpc:10.1.0.5:33425|dataStream:|priority:0, 3f12f1a3-7b0e-46ee-83d3-a3502671d58b|rpc:10.1.0.5:44065|dataStream:|priority:0] returns group-4684C1729CA5:java.util.concurrent.CompletableFuture@61987322[Not completed]
2022-06-01 03:35:27,045 [pool-353-thread-1] INFO  server.RaftServer$Division (RaftServerImpl.java:<init>(190)) - 45403b03-db57-451c-8957-1d0540c53572: new RaftServerImpl for group-4684C1729CA5:[45403b03-db57-451c-8957-1d0540c53572|rpc:10.1.0.5:39917|dataStream:|priority:1, c75d4fdd-dd01-435a-80b8-91aa015f02f8|rpc:10.1.0.5:33425|dataStream:|priority:0, 3f12f1a3-7b0e-46ee-83d3-a3502671d58b|rpc:10.1.0.5:44065|dataStream:|priority:0] with ContainerStateMachine:uninitialized
2022-06-01 03:35:27,045 [pool-353-thread-1] INFO  server.RaftServerConfigKeys (ConfUtils.java:logGet(46)) - raft.server.rpc.timeout.min = 5s (custom)
2022-06-01 03:35:27,045 [pool-353-thread-1] INFO  server.RaftServerConfigKeys (ConfUtils.java:logGet(46)) - raft.server.rpc.timeout.max = 5200ms (custom)
2022-06-01 03:35:27,045 [pool-353-thread-1] INFO  server.RaftServerConfigKeys (ConfUtils.java:logGet(46)) - raft.server.rpc.sleep.time = 25ms (default)
2022-06-01 03:35:27,045 [pool-353-thread-1] INFO  server.RaftServerConfigKeys (ConfUtils.java:logGet(46)) - raft.server.rpc.slowness.timeout = 300s (custom)
2022-06-01 03:35:27,045 [pool-353-thread-1] INFO  server.RaftServerConfigKeys (ConfUtils.java:logGet(46)) - raft.server.leaderelection.leader.step-down.wait-time = 10s (default)
2022-06-01 03:35:27,045 [pool-353-thread-1] INFO  server.RaftServerConfigKeys (ConfUtils.java:logGet(46)) - raft.server.sleep.deviation.threshold = 300ms (default)
2022-06-01 03:35:27,045 [pool-353-thread-1] INFO  server.RaftServer$Division (ServerState.java:<init>(107)) - 45403b03-db57-451c-8957-1d0540c53572@group-4684C1729CA5: ConfigurationManager, init=-1: [45403b03-db57-451c-8957-1d0540c53572|rpc:10.1.0.5:39917|dataStream:|priority:1, c75d4fdd-dd01-435a-80b8-91aa015f02f8|rpc:10.1.0.5:33425|dataStream:|priority:0, 3f12f1a3-7b0e-46ee-83d3-a3502671d58b|rpc:10.1.0.5:44065|dataStream:|priority:0], old=null, confs=<EMPTY_MAP>
2022-06-01 03:35:27,045 [pool-353-thread-1] INFO  server.RaftServerConfigKeys (ConfUtils.java:logGet(46)) - raft.server.storage.dir = [/home/runner/work/ozone/ozone/hadoop-ozone/integration-test/target/test-dir/MiniOzoneClusterImpl-1510f6c2-5527-4711-8733-efea2524abfe/datanode-1/data/ratis] (custom)
2022-06-01 03:35:27,045 [pool-353-thread-1] INFO  server.RaftServerConfigKeys (ConfUtils.java:logGet(46)) - raft.server.log.corruption.policy = EXCEPTION (default)
2022-06-01 03:35:27,046 [pool-353-thread-1] INFO  server.RaftServerConfigKeys (ConfUtils.java:logGet(46)) - raft.server.storage.free-space.min = 0MB (=0) (default)
2022-06-01 03:35:27,046 [pool-353-thread-1] INFO  storage.RaftStorageDirectory (RaftStorageDirectoryImpl.java:analyzeStorage(135)) - The storage directory /home/runner/work/ozone/ozone/hadoop-ozone/integration-test/target/test-dir/MiniOzoneClusterImpl-1510f6c2-5527-4711-8733-efea2524abfe/datanode-1/data/ratis/1812f968-5be9-4843-a505-4684c1729ca5 does not exist. Creating ...
2022-06-01 03:35:27,046 [Listener at 127.0.0.1/42293] INFO  ozone.MiniOzoneClusterImpl (MiniOzoneClusterImpl.java:lambda$waitForClusterToBeReady$0(221)) - Nodes are ready. Got 3 of 3 DN Heartbeats.
2022-06-01 03:35:27,046 [Listener at 127.0.0.1/42293] INFO  ozone.MiniOzoneClusterImpl (MiniOzoneClusterImpl.java:lambda$waitForClusterToBeReady$0(224)) - Waiting for cluster to exit safe mode
2022-06-01 03:35:27,046 [Listener at 127.0.0.1/42293] INFO  ozone.MiniOzoneClusterImpl (MiniOzoneClusterImpl.java:lambda$waitForClusterToBeReady$0(226)) - SCM became leader
2022-06-01 03:35:27,047 [pool-353-thread-1] INFO  storage.RaftStorageDirectory (RaftStorageDirectoryImpl.java:tryLock(230)) - Lock on /home/runner/work/ozone/ozone/hadoop-ozone/integration-test/target/test-dir/MiniOzoneClusterImpl-1510f6c2-5527-4711-8733-efea2524abfe/datanode-1/data/ratis/1812f968-5be9-4843-a505-4684c1729ca5/in_use.lock acquired by nodename 14781@fv-az151-582
2022-06-01 03:35:27,048 [pool-353-thread-1] INFO  storage.RaftStorage (RaftStorageImpl.java:format(89)) - Storage directory /home/runner/work/ozone/ozone/hadoop-ozone/integration-test/target/test-dir/MiniOzoneClusterImpl-1510f6c2-5527-4711-8733-efea2524abfe/datanode-1/data/ratis/1812f968-5be9-4843-a505-4684c1729ca5 has been successfully formatted.
2022-06-01 03:35:27,049 [pool-353-thread-1] INFO  ratis.ContainerStateMachine (ContainerStateMachine.java:loadSnapshot(236)) - group-4684C1729CA5: The snapshot info is null. Setting the last applied indexto:(t:0, i:~)
2022-06-01 03:35:27,049 [pool-353-thread-1] INFO  server.RaftServerConfigKeys (ConfUtils.java:logGet(46)) - raft.server.notification.no-leader.timeout = 300s (custom)
2022-06-01 03:35:27,050 [pool-353-thread-1] INFO  server.RaftServerConfigKeys (ConfUtils.java:logGet(46)) - raft.server.log.use.memory = false (default)
2022-06-01 03:35:27,050 [pool-353-thread-1] INFO  server.RaftServerConfigKeys (ConfUtils.java:logGet(46)) - raft.server.log.purge.gap = 1000000 (custom)
2022-06-01 03:35:27,050 [pool-353-thread-1] INFO  server.RaftServerConfigKeys (ConfUtils.java:logGet(46)) - raft.server.log.appender.buffer.byte-limit = 33554432 (custom)
2022-06-01 03:35:27,050 [pool-353-thread-1] INFO  server.RaftServerConfigKeys (ConfUtils.java:logGet(46)) - raft.server.log.statemachine.data.read.timeout = 1000ms (default)
2022-06-01 03:35:27,050 [pool-353-thread-1] INFO  server.RaftServerConfigKeys (ConfUtils.java:logGet(46)) - raft.server.log.segment.size.max = 1048576 (custom)
2022-06-01 03:35:27,051 [pool-353-thread-1] INFO  server.RaftServerConfigKeys (ConfUtils.java:logGet(46)) - raft.server.log.segment.cache.num.max = 2 (custom)
2022-06-01 03:35:27,051 [pool-353-thread-1] INFO  server.RaftServerConfigKeys (ConfUtils.java:logGet(46)) - raft.server.log.segment.cache.size.max = 200MB (=209715200) (default)
2022-06-01 03:35:27,051 [pool-353-thread-1] INFO  segmented.SegmentedRaftLogWorker (SegmentedRaftLogWorker.java:<init>(187)) - new 45403b03-db57-451c-8957-1d0540c53572@group-4684C1729CA5-SegmentedRaftLogWorker for RaftStorageImpl:Storage Directory /home/runner/work/ozone/ozone/hadoop-ozone/integration-test/target/test-dir/MiniOzoneClusterImpl-1510f6c2-5527-4711-8733-efea2524abfe/datanode-1/data/ratis/1812f968-5be9-4843-a505-4684c1729ca5
2022-06-01 03:35:27,051 [pool-353-thread-1] INFO  server.RaftServerConfigKeys (ConfUtils.java:logGet(46)) - raft.server.log.queue.byte-limit = 4294967296 (custom)
2022-06-01 03:35:27,051 [pool-353-thread-1] INFO  server.RaftServerConfigKeys (ConfUtils.java:logGet(46)) - raft.server.log.queue.element-limit = 1024 (custom)
2022-06-01 03:35:27,051 [pool-353-thread-1] INFO  server.RaftServerConfigKeys (ConfUtils.java:logGet(46)) - raft.server.log.segment.size.max = 1048576 (custom)
2022-06-01 03:35:27,051 [pool-353-thread-1] INFO  server.RaftServerConfigKeys (ConfUtils.java:logGet(46)) - raft.server.log.preallocated.size = 16384 (custom)
2022-06-01 03:35:27,051 [pool-353-thread-1] INFO  server.RaftServerConfigKeys (ConfUtils.java:logGet(46)) - raft.server.log.force.sync.num = 128 (default)
2022-06-01 03:35:27,051 [pool-353-thread-1] INFO  server.RaftServerConfigKeys (ConfUtils.java:logGet(46)) - raft.server.log.statemachine.data.sync = true (default)
2022-06-01 03:35:27,051 [pool-353-thread-1] INFO  server.RaftServerConfigKeys (ConfUtils.java:logGet(46)) - raft.server.log.statemachine.data.sync.timeout = 10s (default)
2022-06-01 03:35:27,051 [pool-353-thread-1] INFO  server.RaftServerConfigKeys (ConfUtils.java:logGet(46)) - raft.server.log.statemachine.data.sync.timeout.retry = -1 (default)
2022-06-01 03:35:27,052 [pool-353-thread-1] INFO  server.RaftServerConfigKeys (ConfUtils.java:logGet(46)) - raft.server.log.write.buffer.size = 1048576 (custom)
2022-06-01 03:35:27,052 [pool-353-thread-1] INFO  server.RaftServerConfigKeys (ConfUtils.java:logGet(46)) - raft.server.log.unsafe-flush.enabled = false (default)
2022-06-01 03:35:27,053 [pool-353-thread-1] INFO  server.RaftServerConfigKeys (ConfUtils.java:logGet(46)) - raft.server.log.statemachine.data.caching.enabled = true (custom)
2022-06-01 03:35:27,053 [pool-353-thread-1] INFO  segmented.SegmentedRaftLogWorker (SegmentedRaftLogWorker.java:lambda$new$0(135)) - 45403b03-db57-451c-8957-1d0540c53572@group-4684C1729CA5-SegmentedRaftLogWorker: flushIndex: setUnconditionally 0 -> -1
2022-06-01 03:35:27,053 [pool-353-thread-1] INFO  segmented.SegmentedRaftLogWorker (SegmentedRaftLogWorker.java:lambda$new$0(135)) - 45403b03-db57-451c-8957-1d0540c53572@group-4684C1729CA5-SegmentedRaftLogWorker: safeCacheEvictIndex: setUnconditionally 0 -> -1
2022-06-01 03:35:27,062 [pool-353-thread-1] INFO  server.RaftServerConfigKeys (ConfUtils.java:logGet(46)) - raft.server.snapshot.auto.trigger.enabled = true (custom)
2022-06-01 03:35:27,062 [pool-353-thread-1] INFO  server.RaftServerConfigKeys (ConfUtils.java:logGet(46)) - raft.server.snapshot.auto.trigger.threshold = 10000 (custom)
2022-06-01 03:35:27,062 [pool-353-thread-1] INFO  server.RaftServerConfigKeys (ConfUtils.java:logGet(46)) - raft.server.snapshot.retention.file.num = 5 (custom)
2022-06-01 03:35:27,062 [pool-353-thread-1] INFO  server.RaftServerConfigKeys (ConfUtils.java:logGet(46)) - raft.server.log.purge.upto.snapshot.index = false (default)
2022-06-01 03:35:27,062 [pool-353-thread-1] INFO  server.RaftServerConfigKeys (ConfUtils.java:logGet(46)) - raft.server.retrycache.expirytime = 600000ms (custom)
2022-06-01 03:35:27,062 [pool-353-thread-1] INFO  server.RaftServerConfigKeys (ConfUtils.java:logGet(46)) - raft.server.retrycache.statistics.expirytime = 100μs (default)
2022-06-01 03:35:27,063 [pool-353-thread-1] INFO  server.RaftServerConfigKeys (ConfUtils.java:logGet(46)) - raft.server.log.appender.install.snapshot.enabled = false (custom)
2022-06-01 03:35:27,063 [pool-353-thread-1] INFO  server.RaftServerConfigKeys (ConfUtils.java:logGet(46)) - raft.server.threadpool.server.cached = true (default)
2022-06-01 03:35:27,063 [pool-353-thread-1] INFO  server.RaftServerConfigKeys (ConfUtils.java:logGet(46)) - raft.server.threadpool.server.size = 0 (default)
2022-06-01 03:35:27,063 [pool-353-thread-1] INFO  server.RaftServerConfigKeys (ConfUtils.java:logGet(46)) - raft.server.threadpool.client.cached = true (default)
2022-06-01 03:35:27,063 [pool-353-thread-1] INFO  server.RaftServerConfigKeys (ConfUtils.java:logGet(46)) - raft.server.threadpool.client.size = 0 (default)
2022-06-01 03:35:27,063 [pool-353-thread-1] INFO  server.RaftServer$Division (RaftServerImpl.java:start(310)) - 45403b03-db57-451c-8957-1d0540c53572@group-4684C1729CA5: start as a follower, conf=-1: [45403b03-db57-451c-8957-1d0540c53572|rpc:10.1.0.5:39917|dataStream:|priority:1, c75d4fdd-dd01-435a-80b8-91aa015f02f8|rpc:10.1.0.5:33425|dataStream:|priority:0, 3f12f1a3-7b0e-46ee-83d3-a3502671d58b|rpc:10.1.0.5:44065|dataStream:|priority:0], old=null
2022-06-01 03:35:27,063 [pool-353-thread-1] INFO  server.RaftServer$Division (RaftServerImpl.java:setRole(299)) - 45403b03-db57-451c-8957-1d0540c53572@group-4684C1729CA5: changes role from      null to FOLLOWER at term 0 for startAsFollower
2022-06-01 03:35:27,063 [pool-353-thread-1] INFO  impl.RoleInfo (RoleInfo.java:updateAndGet(139)) - 45403b03-db57-451c-8957-1d0540c53572: start 45403b03-db57-451c-8957-1d0540c53572@group-4684C1729CA5-FollowerState
2022-06-01 03:35:27,072 [pool-353-thread-1] INFO  util.JmxRegister (JmxRegister.java:tryRegister(44)) - Successfully registered JMX Bean with object name Ratis:service=RaftServer,group=group-4684C1729CA5,id=45403b03-db57-451c-8957-1d0540c53572
2022-06-01 03:35:27,105 [grpc-default-executor-0] INFO  server.RaftServer (RaftServerProxy.java:addNew(96)) - c75d4fdd-dd01-435a-80b8-91aa015f02f8: addNew group-4684C1729CA5:[45403b03-db57-451c-8957-1d0540c53572|rpc:10.1.0.5:39917|dataStream:|priority:1, c75d4fdd-dd01-435a-80b8-91aa015f02f8|rpc:10.1.0.5:33425|dataStream:|priority:0, 3f12f1a3-7b0e-46ee-83d3-a3502671d58b|rpc:10.1.0.5:44065|dataStream:|priority:0] returns group-4684C1729CA5:java.util.concurrent.CompletableFuture@16d96404[Not completed]
2022-06-01 03:35:27,105 [pool-375-thread-1] INFO  server.RaftServer$Division (RaftServerImpl.java:<init>(190)) - c75d4fdd-dd01-435a-80b8-91aa015f02f8: new RaftServerImpl for group-4684C1729CA5:[45403b03-db57-451c-8957-1d0540c53572|rpc:10.1.0.5:39917|dataStream:|priority:1, c75d4fdd-dd01-435a-80b8-91aa015f02f8|rpc:10.1.0.5:33425|dataStream:|priority:0, 3f12f1a3-7b0e-46ee-83d3-a3502671d58b|rpc:10.1.0.5:44065|dataStream:|priority:0] with ContainerStateMachine:uninitialized
2022-06-01 03:35:27,105 [pool-375-thread-1] INFO  server.RaftServerConfigKeys (ConfUtils.java:logGet(46)) - raft.server.rpc.timeout.min = 5s (custom)
2022-06-01 03:35:27,105 [pool-375-thread-1] INFO  server.RaftServerConfigKeys (ConfUtils.java:logGet(46)) - raft.server.rpc.timeout.max = 5200ms (custom)
2022-06-01 03:35:27,106 [pool-375-thread-1] INFO  server.RaftServerConfigKeys (ConfUtils.java:logGet(46)) - raft.server.rpc.sleep.time = 25ms (default)
2022-06-01 03:35:27,106 [pool-375-thread-1] INFO  server.RaftServerConfigKeys (ConfUtils.java:logGet(46)) - raft.server.rpc.slowness.timeout = 300s (custom)
2022-06-01 03:35:27,106 [pool-375-thread-1] INFO  server.RaftServerConfigKeys (ConfUtils.java:logGet(46)) - raft.server.leaderelection.leader.step-down.wait-time = 10s (default)
2022-06-01 03:35:27,106 [pool-375-thread-1] INFO  server.RaftServerConfigKeys (ConfUtils.java:logGet(46)) - raft.server.sleep.deviation.threshold = 300ms (default)
2022-06-01 03:35:27,106 [pool-375-thread-1] INFO  server.RaftServer$Division (ServerState.java:<init>(107)) - c75d4fdd-dd01-435a-80b8-91aa015f02f8@group-4684C1729CA5: ConfigurationManager, init=-1: [45403b03-db57-451c-8957-1d0540c53572|rpc:10.1.0.5:39917|dataStream:|priority:1, c75d4fdd-dd01-435a-80b8-91aa015f02f8|rpc:10.1.0.5:33425|dataStream:|priority:0, 3f12f1a3-7b0e-46ee-83d3-a3502671d58b|rpc:10.1.0.5:44065|dataStream:|priority:0], old=null, confs=<EMPTY_MAP>
2022-06-01 03:35:27,106 [pool-375-thread-1] INFO  server.RaftServerConfigKeys (ConfUtils.java:logGet(46)) - raft.server.storage.dir = [/home/runner/work/ozone/ozone/hadoop-ozone/integration-test/target/test-dir/MiniOzoneClusterImpl-1510f6c2-5527-4711-8733-efea2524abfe/datanode-2/data/ratis] (custom)
2022-06-01 03:35:27,106 [pool-375-thread-1] INFO  server.RaftServerConfigKeys (ConfUtils.java:logGet(46)) - raft.server.log.corruption.policy = EXCEPTION (default)
2022-06-01 03:35:27,106 [pool-375-thread-1] INFO  server.RaftServerConfigKeys (ConfUtils.java:logGet(46)) - raft.server.storage.free-space.min = 0MB (=0) (default)
2022-06-01 03:35:27,106 [pool-375-thread-1] INFO  storage.RaftStorageDirectory (RaftStorageDirectoryImpl.java:analyzeStorage(135)) - The storage directory /home/runner/work/ozone/ozone/hadoop-ozone/integration-test/target/test-dir/MiniOzoneClusterImpl-1510f6c2-5527-4711-8733-efea2524abfe/datanode-2/data/ratis/1812f968-5be9-4843-a505-4684c1729ca5 does not exist. Creating ...
2022-06-01 03:35:27,107 [pool-375-thread-1] INFO  storage.RaftStorageDirectory (RaftStorageDirectoryImpl.java:tryLock(230)) - Lock on /home/runner/work/ozone/ozone/hadoop-ozone/integration-test/target/test-dir/MiniOzoneClusterImpl-1510f6c2-5527-4711-8733-efea2524abfe/datanode-2/data/ratis/1812f968-5be9-4843-a505-4684c1729ca5/in_use.lock acquired by nodename 14781@fv-az151-582
2022-06-01 03:35:27,108 [pool-375-thread-1] INFO  storage.RaftStorage (RaftStorageImpl.java:format(89)) - Storage directory /home/runner/work/ozone/ozone/hadoop-ozone/integration-test/target/test-dir/MiniOzoneClusterImpl-1510f6c2-5527-4711-8733-efea2524abfe/datanode-2/data/ratis/1812f968-5be9-4843-a505-4684c1729ca5 has been successfully formatted.
2022-06-01 03:35:27,108 [pool-375-thread-1] INFO  ratis.ContainerStateMachine (ContainerStateMachine.java:loadSnapshot(236)) - group-4684C1729CA5: The snapshot info is null. Setting the last applied indexto:(t:0, i:~)
2022-06-01 03:35:27,108 [pool-375-thread-1] INFO  server.RaftServerConfigKeys (ConfUtils.java:logGet(46)) - raft.server.notification.no-leader.timeout = 300s (custom)
2022-06-01 03:35:27,108 [pool-375-thread-1] INFO  server.RaftServerConfigKeys (ConfUtils.java:logGet(46)) - raft.server.log.use.memory = false (default)
2022-06-01 03:35:27,108 [pool-375-thread-1] INFO  server.RaftServerConfigKeys (ConfUtils.java:logGet(46)) - raft.server.log.purge.gap = 1000000 (custom)
2022-06-01 03:35:27,108 [pool-375-thread-1] INFO  server.RaftServerConfigKeys (ConfUtils.java:logGet(46)) - raft.server.log.appender.buffer.byte-limit = 33554432 (custom)
2022-06-01 03:35:27,108 [pool-375-thread-1] INFO  server.RaftServerConfigKeys (ConfUtils.java:logGet(46)) - raft.server.log.statemachine.data.read.timeout = 1000ms (default)
2022-06-01 03:35:27,109 [pool-375-thread-1] INFO  server.RaftServerConfigKeys (ConfUtils.java:logGet(46)) - raft.server.log.segment.size.max = 1048576 (custom)
2022-06-01 03:35:27,109 [pool-375-thread-1] INFO  server.RaftServerConfigKeys (ConfUtils.java:logGet(46)) - raft.server.log.segment.cache.num.max = 2 (custom)
2022-06-01 03:35:27,109 [pool-375-thread-1] INFO  server.RaftServerConfigKeys (ConfUtils.java:logGet(46)) - raft.server.log.segment.cache.size.max = 200MB (=209715200) (default)
2022-06-01 03:35:27,109 [pool-375-thread-1] INFO  segmented.SegmentedRaftLogWorker (SegmentedRaftLogWorker.java:<init>(187)) - new c75d4fdd-dd01-435a-80b8-91aa015f02f8@group-4684C1729CA5-SegmentedRaftLogWorker for RaftStorageImpl:Storage Directory /home/runner/work/ozone/ozone/hadoop-ozone/integration-test/target/test-dir/MiniOzoneClusterImpl-1510f6c2-5527-4711-8733-efea2524abfe/datanode-2/data/ratis/1812f968-5be9-4843-a505-4684c1729ca5
2022-06-01 03:35:27,109 [pool-375-thread-1] INFO  server.RaftServerConfigKeys (ConfUtils.java:logGet(46)) - raft.server.log.queue.byte-limit = 4294967296 (custom)
2022-06-01 03:35:27,109 [pool-375-thread-1] INFO  server.RaftServerConfigKeys (ConfUtils.java:logGet(46)) - raft.server.log.queue.element-limit = 1024 (custom)
2022-06-01 03:35:27,109 [pool-375-thread-1] INFO  server.RaftServerConfigKeys (ConfUtils.java:logGet(46)) - raft.server.log.segment.size.max = 1048576 (custom)
2022-06-01 03:35:27,109 [pool-375-thread-1] INFO  server.RaftServerConfigKeys (ConfUtils.java:logGet(46)) - raft.server.log.preallocated.size = 16384 (custom)
2022-06-01 03:35:27,109 [pool-375-thread-1] INFO  server.RaftServerConfigKeys (ConfUtils.java:logGet(46)) - raft.server.log.force.sync.num = 128 (default)
2022-06-01 03:35:27,109 [pool-375-thread-1] INFO  server.RaftServerConfigKeys (ConfUtils.java:logGet(46)) - raft.server.log.statemachine.data.sync = true (default)
2022-06-01 03:35:27,109 [pool-375-thread-1] INFO  server.RaftServerConfigKeys (ConfUtils.java:logGet(46)) - raft.server.log.statemachine.data.sync.timeout = 10s (default)
2022-06-01 03:35:27,109 [pool-375-thread-1] INFO  server.RaftServerConfigKeys (ConfUtils.java:logGet(46)) - raft.server.log.statemachine.data.sync.timeout.retry = -1 (default)
2022-06-01 03:35:27,110 [pool-375-thread-1] INFO  server.RaftServerConfigKeys (ConfUtils.java:logGet(46)) - raft.server.log.write.buffer.size = 1048576 (custom)
2022-06-01 03:35:27,111 [pool-375-thread-1] INFO  server.RaftServerConfigKeys (ConfUtils.java:logGet(46)) - raft.server.log.unsafe-flush.enabled = false (default)
2022-06-01 03:35:27,111 [pool-375-thread-1] INFO  server.RaftServerConfigKeys (ConfUtils.java:logGet(46)) - raft.server.log.statemachine.data.caching.enabled = true (custom)
2022-06-01 03:35:27,111 [pool-375-thread-1] INFO  segmented.SegmentedRaftLogWorker (SegmentedRaftLogWorker.java:lambda$new$0(135)) - c75d4fdd-dd01-435a-80b8-91aa015f02f8@group-4684C1729CA5-SegmentedRaftLogWorker: flushIndex: setUnconditionally 0 -> -1
2022-06-01 03:35:27,111 [pool-375-thread-1] INFO  segmented.SegmentedRaftLogWorker (SegmentedRaftLogWorker.java:lambda$new$0(135)) - c75d4fdd-dd01-435a-80b8-91aa015f02f8@group-4684C1729CA5-SegmentedRaftLogWorker: safeCacheEvictIndex: setUnconditionally 0 -> -1
2022-06-01 03:35:27,116 [pool-375-thread-1] INFO  server.RaftServerConfigKeys (ConfUtils.java:logGet(46)) - raft.server.snapshot.auto.trigger.enabled = true (custom)
2022-06-01 03:35:27,116 [pool-375-thread-1] INFO  server.RaftServerConfigKeys (ConfUtils.java:logGet(46)) - raft.server.snapshot.auto.trigger.threshold = 10000 (custom)
2022-06-01 03:35:27,116 [pool-375-thread-1] INFO  server.RaftServerConfigKeys (ConfUtils.java:logGet(46)) - raft.server.snapshot.retention.file.num = 5 (custom)
2022-06-01 03:35:27,116 [pool-375-thread-1] INFO  server.RaftServerConfigKeys (ConfUtils.java:logGet(46)) - raft.server.log.purge.upto.snapshot.index = false (default)
2022-06-01 03:35:27,116 [pool-375-thread-1] INFO  server.RaftServerConfigKeys (ConfUtils.java:logGet(46)) - raft.server.retrycache.expirytime = 600000ms (custom)
2022-06-01 03:35:27,116 [pool-375-thread-1] INFO  server.RaftServerConfigKeys (ConfUtils.java:logGet(46)) - raft.server.retrycache.statistics.expirytime = 100μs (default)
2022-06-01 03:35:27,117 [pool-375-thread-1] INFO  server.RaftServerConfigKeys (ConfUtils.java:logGet(46)) - raft.server.log.appender.install.snapshot.enabled = false (custom)
2022-06-01 03:35:27,117 [pool-375-thread-1] INFO  server.RaftServerConfigKeys (ConfUtils.java:logGet(46)) - raft.server.threadpool.server.cached = true (default)
2022-06-01 03:35:27,117 [pool-375-thread-1] INFO  server.RaftServerConfigKeys (ConfUtils.java:logGet(46)) - raft.server.threadpool.server.size = 0 (default)
2022-06-01 03:35:27,117 [pool-375-thread-1] INFO  server.RaftServerConfigKeys (ConfUtils.java:logGet(46)) - raft.server.threadpool.client.cached = true (default)
2022-06-01 03:35:27,117 [pool-375-thread-1] INFO  server.RaftServerConfigKeys (ConfUtils.java:logGet(46)) - raft.server.threadpool.client.size = 0 (default)
2022-06-01 03:35:27,117 [pool-375-thread-1] INFO  server.RaftServer$Division (RaftServerImpl.java:start(310)) - c75d4fdd-dd01-435a-80b8-91aa015f02f8@group-4684C1729CA5: start as a follower, conf=-1: [45403b03-db57-451c-8957-1d0540c53572|rpc:10.1.0.5:39917|dataStream:|priority:1, c75d4fdd-dd01-435a-80b8-91aa015f02f8|rpc:10.1.0.5:33425|dataStream:|priority:0, 3f12f1a3-7b0e-46ee-83d3-a3502671d58b|rpc:10.1.0.5:44065|dataStream:|priority:0], old=null
2022-06-01 03:35:27,117 [pool-375-thread-1] INFO  server.RaftServer$Division (RaftServerImpl.java:setRole(299)) - c75d4fdd-dd01-435a-80b8-91aa015f02f8@group-4684C1729CA5: changes role from      null to FOLLOWER at term 0 for startAsFollower
2022-06-01 03:35:27,117 [pool-375-thread-1] INFO  impl.RoleInfo (RoleInfo.java:updateAndGet(139)) - c75d4fdd-dd01-435a-80b8-91aa015f02f8: start c75d4fdd-dd01-435a-80b8-91aa015f02f8@group-4684C1729CA5-FollowerState
2022-06-01 03:35:27,122 [pool-375-thread-1] INFO  util.JmxRegister (JmxRegister.java:tryRegister(44)) - Successfully registered JMX Bean with object name Ratis:service=RaftServer,group=group-4684C1729CA5,id=c75d4fdd-dd01-435a-80b8-91aa015f02f8
2022-06-01 03:35:27,139 [Command processor thread] INFO  commandhandler.CreatePipelineCommandHandler (CreatePipelineCommandHandler.java:handle(113)) - Created Pipeline RATIS THREE PipelineID=1812f968-5be9-4843-a505-4684c1729ca5.
2022-06-01 03:35:27,276 [Command processor thread] INFO  server.RaftServer (RaftServerProxy.java:addNew(96)) - 45403b03-db57-451c-8957-1d0540c53572: addNew group-7B5F76FAC4F7:[45403b03-db57-451c-8957-1d0540c53572|rpc:10.1.0.5:39917|priority:1] returns group-7B5F76FAC4F7:java.util.concurrent.CompletableFuture@4ea4cad5[Not completed]
2022-06-01 03:35:27,277 [pool-353-thread-1] INFO  server.RaftServer$Division (RaftServerImpl.java:<init>(190)) - 45403b03-db57-451c-8957-1d0540c53572: new RaftServerImpl for group-7B5F76FAC4F7:[45403b03-db57-451c-8957-1d0540c53572|rpc:10.1.0.5:39917|priority:1] with ContainerStateMachine:uninitialized
2022-06-01 03:35:27,277 [pool-353-thread-1] INFO  server.RaftServerConfigKeys (ConfUtils.java:logGet(46)) - raft.server.rpc.timeout.min = 5s (custom)
2022-06-01 03:35:27,277 [pool-353-thread-1] INFO  server.RaftServerConfigKeys (ConfUtils.java:logGet(46)) - raft.server.rpc.timeout.max = 5200ms (custom)
2022-06-01 03:35:27,277 [pool-353-thread-1] INFO  server.RaftServerConfigKeys (ConfUtils.java:logGet(46)) - raft.server.rpc.sleep.time = 25ms (default)
2022-06-01 03:35:27,277 [pool-353-thread-1] INFO  server.RaftServerConfigKeys (ConfUtils.java:logGet(46)) - raft.server.rpc.slowness.timeout = 300s (custom)
2022-06-01 03:35:27,277 [pool-353-thread-1] INFO  server.RaftServerConfigKeys (ConfUtils.java:logGet(46)) - raft.server.leaderelection.leader.step-down.wait-time = 10s (default)
2022-06-01 03:35:27,277 [pool-353-thread-1] INFO  server.RaftServerConfigKeys (ConfUtils.java:logGet(46)) - raft.server.sleep.deviation.threshold = 300ms (default)
2022-06-01 03:35:27,277 [pool-353-thread-1] INFO  server.RaftServer$Division (ServerState.java:<init>(107)) - 45403b03-db57-451c-8957-1d0540c53572@group-7B5F76FAC4F7: ConfigurationManager, init=-1: [45403b03-db57-451c-8957-1d0540c53572|rpc:10.1.0.5:39917|priority:1], old=null, confs=<EMPTY_MAP>
2022-06-01 03:35:27,277 [pool-353-thread-1] INFO  server.RaftServerConfigKeys (ConfUtils.java:logGet(46)) - raft.server.storage.dir = [/home/runner/work/ozone/ozone/hadoop-ozone/integration-test/target/test-dir/MiniOzoneClusterImpl-1510f6c2-5527-4711-8733-efea2524abfe/datanode-1/data/ratis] (custom)
2022-06-01 03:35:27,278 [pool-353-thread-1] INFO  server.RaftServerConfigKeys (ConfUtils.java:logGet(46)) - raft.server.log.corruption.policy = EXCEPTION (default)
2022-06-01 03:35:27,278 [pool-353-thread-1] INFO  server.RaftServerConfigKeys (ConfUtils.java:logGet(46)) - raft.server.storage.free-space.min = 0MB (=0) (default)
2022-06-01 03:35:27,278 [pool-353-thread-1] INFO  storage.RaftStorageDirectory (RaftStorageDirectoryImpl.java:analyzeStorage(135)) - The storage directory /home/runner/work/ozone/ozone/hadoop-ozone/integration-test/target/test-dir/MiniOzoneClusterImpl-1510f6c2-5527-4711-8733-efea2524abfe/datanode-1/data/ratis/8b049c31-3f6c-4eeb-bb93-7b5f76fac4f7 does not exist. Creating ...
2022-06-01 03:35:27,284 [pool-353-thread-1] INFO  storage.RaftStorageDirectory (RaftStorageDirectoryImpl.java:tryLock(230)) - Lock on /home/runner/work/ozone/ozone/hadoop-ozone/integration-test/target/test-dir/MiniOzoneClusterImpl-1510f6c2-5527-4711-8733-efea2524abfe/datanode-1/data/ratis/8b049c31-3f6c-4eeb-bb93-7b5f76fac4f7/in_use.lock acquired by nodename 14781@fv-az151-582
2022-06-01 03:35:27,288 [pool-353-thread-1] INFO  storage.RaftStorage (RaftStorageImpl.java:format(89)) - Storage directory /home/runner/work/ozone/ozone/hadoop-ozone/integration-test/target/test-dir/MiniOzoneClusterImpl-1510f6c2-5527-4711-8733-efea2524abfe/datanode-1/data/ratis/8b049c31-3f6c-4eeb-bb93-7b5f76fac4f7 has been successfully formatted.
2022-06-01 03:35:27,290 [EventQueue-PipelineReportForPipelineReportHandler] INFO  pipeline.PipelineManagerImpl (PipelineManagerImpl.java:openPipeline(356)) - Pipeline Pipeline[ Id: 8b049c31-3f6c-4eeb-bb93-7b5f76fac4f7, Nodes: 45403b03-db57-451c-8957-1d0540c53572{ip: 10.1.0.5, host: fv-az151-582.yf2hydr00wburbhx3j5hxtcipe.bx.internal.cloudapp.net, ports: [REPLICATION=46329, RATIS=39917, RATIS_ADMIN=39917, RATIS_SERVER=39917, STANDALONE=44677], networkLocation: /default-rack, certSerialId: null, persistedOpState: IN_SERVICE, persistedOpStateExpiryEpochSec: 0}, ReplicationConfig: RATIS/ONE, State:ALLOCATED, leaderId:45403b03-db57-451c-8957-1d0540c53572, CreationTimestamp2022-06-01T03:35:24.280Z[Etc/UTC]] moved to OPEN state
2022-06-01 03:35:27,291 [EventQueue-OpenPipelineForHealthyPipelineSafeModeRule] INFO  safemode.SCMSafeModeManager (HealthyPipelineSafeModeRule.java:process(124)) - SCM in safe mode. Healthy pipelines reported count is 0, required healthy pipeline reported count is 1
2022-06-01 03:35:27,293 [pool-353-thread-1] INFO  ratis.ContainerStateMachine (ContainerStateMachine.java:loadSnapshot(236)) - group-7B5F76FAC4F7: The snapshot info is null. Setting the last applied indexto:(t:0, i:~)
2022-06-01 03:35:27,293 [pool-353-thread-1] INFO  server.RaftServerConfigKeys (ConfUtils.java:logGet(46)) - raft.server.notification.no-leader.timeout = 300s (custom)
2022-06-01 03:35:27,293 [pool-353-thread-1] INFO  server.RaftServerConfigKeys (ConfUtils.java:logGet(46)) - raft.server.log.use.memory = false (default)
2022-06-01 03:35:27,293 [pool-353-thread-1] INFO  server.RaftServerConfigKeys (ConfUtils.java:logGet(46)) - raft.server.log.purge.gap = 1000000 (custom)
2022-06-01 03:35:27,293 [pool-353-thread-1] INFO  server.RaftServerConfigKeys (ConfUtils.java:logGet(46)) - raft.server.log.appender.buffer.byte-limit = 33554432 (custom)
2022-06-01 03:35:27,293 [pool-353-thread-1] INFO  server.RaftServerConfigKeys (ConfUtils.java:logGet(46)) - raft.server.log.statemachine.data.read.timeout = 1000ms (default)
2022-06-01 03:35:27,293 [pool-353-thread-1] INFO  server.RaftServerConfigKeys (ConfUtils.java:logGet(46)) - raft.server.log.segment.size.max = 1048576 (custom)
2022-06-01 03:35:27,294 [pool-353-thread-1] INFO  server.RaftServerConfigKeys (ConfUtils.java:logGet(46)) - raft.server.log.segment.cache.num.max = 2 (custom)
2022-06-01 03:35:27,294 [pool-353-thread-1] INFO  server.RaftServerConfigKeys (ConfUtils.java:logGet(46)) - raft.server.log.segment.cache.size.max = 200MB (=209715200) (default)
2022-06-01 03:35:27,294 [pool-353-thread-1] INFO  segmented.SegmentedRaftLogWorker (SegmentedRaftLogWorker.java:<init>(187)) - new 45403b03-db57-451c-8957-1d0540c53572@group-7B5F76FAC4F7-SegmentedRaftLogWorker for RaftStorageImpl:Storage Directory /home/runner/work/ozone/ozone/hadoop-ozone/integration-test/target/test-dir/MiniOzoneClusterImpl-1510f6c2-5527-4711-8733-efea2524abfe/datanode-1/data/ratis/8b049c31-3f6c-4eeb-bb93-7b5f76fac4f7
2022-06-01 03:35:27,294 [pool-353-thread-1] INFO  server.RaftServerConfigKeys (ConfUtils.java:logGet(46)) - raft.server.log.queue.byte-limit = 4294967296 (custom)
2022-06-01 03:35:27,294 [pool-353-thread-1] INFO  server.RaftServerConfigKeys (ConfUtils.java:logGet(46)) - raft.server.log.queue.element-limit = 1024 (custom)
2022-06-01 03:35:27,294 [pool-353-thread-1] INFO  server.RaftServerConfigKeys (ConfUtils.java:logGet(46)) - raft.server.log.segment.size.max = 1048576 (custom)
2022-06-01 03:35:27,294 [pool-353-thread-1] INFO  server.RaftServerConfigKeys (ConfUtils.java:logGet(46)) - raft.server.log.preallocated.size = 16384 (custom)
2022-06-01 03:35:27,294 [pool-353-thread-1] INFO  server.RaftServerConfigKeys (ConfUtils.java:logGet(46)) - raft.server.log.force.sync.num = 128 (default)
2022-06-01 03:35:27,294 [pool-353-thread-1] INFO  server.RaftServerConfigKeys (ConfUtils.java:logGet(46)) - raft.server.log.statemachine.data.sync = true (default)
2022-06-01 03:35:27,294 [pool-353-thread-1] INFO  server.RaftServerConfigKeys (ConfUtils.java:logGet(46)) - raft.server.log.statemachine.data.sync.timeout = 10s (default)
2022-06-01 03:35:27,294 [pool-353-thread-1] INFO  server.RaftServerConfigKeys (ConfUtils.java:logGet(46)) - raft.server.log.statemachine.data.sync.timeout.retry = -1 (default)
2022-06-01 03:35:27,298 [pool-353-thread-1] INFO  server.RaftServerConfigKeys (ConfUtils.java:logGet(46)) - raft.server.log.write.buffer.size = 1048576 (custom)
2022-06-01 03:35:27,299 [pool-353-thread-1] INFO  server.RaftServerConfigKeys (ConfUtils.java:logGet(46)) - raft.server.log.unsafe-flush.enabled = false (default)
2022-06-01 03:35:27,299 [pool-353-thread-1] INFO  server.RaftServerConfigKeys (ConfUtils.java:logGet(46)) - raft.server.log.statemachine.data.caching.enabled = true (custom)
2022-06-01 03:35:27,299 [pool-353-thread-1] INFO  segmented.SegmentedRaftLogWorker (SegmentedRaftLogWorker.java:lambda$new$0(135)) - 45403b03-db57-451c-8957-1d0540c53572@group-7B5F76FAC4F7-SegmentedRaftLogWorker: flushIndex: setUnconditionally 0 -> -1
2022-06-01 03:35:27,299 [pool-353-thread-1] INFO  segmented.SegmentedRaftLogWorker (SegmentedRaftLogWorker.java:lambda$new$0(135)) - 45403b03-db57-451c-8957-1d0540c53572@group-7B5F76FAC4F7-SegmentedRaftLogWorker: safeCacheEvictIndex: setUnconditionally 0 -> -1
2022-06-01 03:35:27,305 [pool-353-thread-1] INFO  server.RaftServerConfigKeys (ConfUtils.java:logGet(46)) - raft.server.snapshot.auto.trigger.enabled = true (custom)
2022-06-01 03:35:27,305 [pool-353-thread-1] INFO  server.RaftServerConfigKeys (ConfUtils.java:logGet(46)) - raft.server.snapshot.auto.trigger.threshold = 10000 (custom)
2022-06-01 03:35:27,305 [pool-353-thread-1] INFO  server.RaftServerConfigKeys (ConfUtils.java:logGet(46)) - raft.server.snapshot.retention.file.num = 5 (custom)
2022-06-01 03:35:27,305 [pool-353-thread-1] INFO  server.RaftServerConfigKeys (ConfUtils.java:logGet(46)) - raft.server.log.purge.upto.snapshot.index = false (default)
2022-06-01 03:35:27,305 [pool-353-thread-1] INFO  server.RaftServerConfigKeys (ConfUtils.java:logGet(46)) - raft.server.retrycache.expirytime = 600000ms (custom)
2022-06-01 03:35:27,305 [pool-353-thread-1] INFO  server.RaftServerConfigKeys (ConfUtils.java:logGet(46)) - raft.server.retrycache.statistics.expirytime = 100μs (default)
2022-06-01 03:35:27,306 [pool-353-thread-1] INFO  server.RaftServerConfigKeys (ConfUtils.java:logGet(46)) - raft.server.log.appender.install.snapshot.enabled = false (custom)
2022-06-01 03:35:27,307 [pool-353-thread-1] INFO  server.RaftServerConfigKeys (ConfUtils.java:logGet(46)) - raft.server.threadpool.server.cached = true (default)
2022-06-01 03:35:27,307 [pool-353-thread-1] INFO  server.RaftServerConfigKeys (ConfUtils.java:logGet(46)) - raft.server.threadpool.server.size = 0 (default)
2022-06-01 03:35:27,307 [pool-353-thread-1] INFO  server.RaftServerConfigKeys (ConfUtils.java:logGet(46)) - raft.server.threadpool.client.cached = true (default)
2022-06-01 03:35:27,307 [pool-353-thread-1] INFO  server.RaftServerConfigKeys (ConfUtils.java:logGet(46)) - raft.server.threadpool.client.size = 0 (default)
2022-06-01 03:35:27,307 [pool-353-thread-1] INFO  server.RaftServer$Division (RaftServerImpl.java:start(310)) - 45403b03-db57-451c-8957-1d0540c53572@group-7B5F76FAC4F7: start as a follower, conf=-1: [45403b03-db57-451c-8957-1d0540c53572|rpc:10.1.0.5:39917|priority:1], old=null
2022-06-01 03:35:27,307 [pool-353-thread-1] INFO  server.RaftServer$Division (RaftServerImpl.java:setRole(299)) - 45403b03-db57-451c-8957-1d0540c53572@group-7B5F76FAC4F7: changes role from      null to FOLLOWER at term 0 for startAsFollower
2022-06-01 03:35:27,307 [pool-353-thread-1] INFO  impl.RoleInfo (RoleInfo.java:updateAndGet(139)) - 45403b03-db57-451c-8957-1d0540c53572: start 45403b03-db57-451c-8957-1d0540c53572@group-7B5F76FAC4F7-FollowerState
2022-06-01 03:35:27,310 [pool-353-thread-1] INFO  util.JmxRegister (JmxRegister.java:tryRegister(44)) - Successfully registered JMX Bean with object name Ratis:service=RaftServer,group=group-7B5F76FAC4F7,id=45403b03-db57-451c-8957-1d0540c53572
2022-06-01 03:35:27,315 [Command processor thread] INFO  ratis.XceiverServerRatis (XceiverServerRatis.java:addGroup(765)) - Created group PipelineID=8b049c31-3f6c-4eeb-bb93-7b5f76fac4f7
2022-06-01 03:35:27,315 [Command processor thread] INFO  commandhandler.CreatePipelineCommandHandler (CreatePipelineCommandHandler.java:handle(113)) - Created Pipeline RATIS ONE PipelineID=8b049c31-3f6c-4eeb-bb93-7b5f76fac4f7.
2022-06-01 03:35:28,047 [Listener at 127.0.0.1/42293] INFO  ozone.MiniOzoneClusterImpl (MiniOzoneClusterImpl.java:lambda$waitForClusterToBeReady$0(221)) - Nodes are ready. Got 3 of 3 DN Heartbeats.
2022-06-01 03:35:28,047 [Listener at 127.0.0.1/42293] INFO  ozone.MiniOzoneClusterImpl (MiniOzoneClusterImpl.java:lambda$waitForClusterToBeReady$0(224)) - Waiting for cluster to exit safe mode
2022-06-01 03:35:28,047 [Listener at 127.0.0.1/42293] INFO  ozone.MiniOzoneClusterImpl (MiniOzoneClusterImpl.java:lambda$waitForClusterToBeReady$0(226)) - SCM became leader
2022-06-01 03:35:28,093 [Command processor thread] INFO  server.RaftServer (RaftServerProxy.java:addNew(96)) - c75d4fdd-dd01-435a-80b8-91aa015f02f8: addNew group-ADD18FAEF925:[c75d4fdd-dd01-435a-80b8-91aa015f02f8|rpc:10.1.0.5:33425|priority:1] returns group-ADD18FAEF925:java.util.concurrent.CompletableFuture@6c05bd63[Not completed]
2022-06-01 03:35:28,094 [pool-375-thread-1] INFO  server.RaftServer$Division (RaftServerImpl.java:<init>(190)) - c75d4fdd-dd01-435a-80b8-91aa015f02f8: new RaftServerImpl for group-ADD18FAEF925:[c75d4fdd-dd01-435a-80b8-91aa015f02f8|rpc:10.1.0.5:33425|priority:1] with ContainerStateMachine:uninitialized
2022-06-01 03:35:28,094 [pool-375-thread-1] INFO  server.RaftServerConfigKeys (ConfUtils.java:logGet(46)) - raft.server.rpc.timeout.min = 5s (custom)
2022-06-01 03:35:28,094 [pool-375-thread-1] INFO  server.RaftServerConfigKeys (ConfUtils.java:logGet(46)) - raft.server.rpc.timeout.max = 5200ms (custom)
2022-06-01 03:35:28,094 [pool-375-thread-1] INFO  server.RaftServerConfigKeys (ConfUtils.java:logGet(46)) - raft.server.rpc.sleep.time = 25ms (default)
2022-06-01 03:35:28,094 [pool-375-thread-1] INFO  server.RaftServerConfigKeys (ConfUtils.java:logGet(46)) - raft.server.rpc.slowness.timeout = 300s (custom)
2022-06-01 03:35:28,094 [pool-375-thread-1] INFO  server.RaftServerConfigKeys (ConfUtils.java:logGet(46)) - raft.server.leaderelection.leader.step-down.wait-time = 10s (default)
2022-06-01 03:35:28,094 [pool-375-thread-1] INFO  server.RaftServerConfigKeys (ConfUtils.java:logGet(46)) - raft.server.sleep.deviation.threshold = 300ms (default)
2022-06-01 03:35:28,095 [pool-375-thread-1] INFO  server.RaftServer$Division (ServerState.java:<init>(107)) - c75d4fdd-dd01-435a-80b8-91aa015f02f8@group-ADD18FAEF925: ConfigurationManager, init=-1: [c75d4fdd-dd01-435a-80b8-91aa015f02f8|rpc:10.1.0.5:33425|priority:1], old=null, confs=<EMPTY_MAP>
2022-06-01 03:35:28,095 [pool-375-thread-1] INFO  server.RaftServerConfigKeys (ConfUtils.java:logGet(46)) - raft.server.storage.dir = [/home/runner/work/ozone/ozone/hadoop-ozone/integration-test/target/test-dir/MiniOzoneClusterImpl-1510f6c2-5527-4711-8733-efea2524abfe/datanode-2/data/ratis] (custom)
2022-06-01 03:35:28,095 [pool-375-thread-1] INFO  server.RaftServerConfigKeys (ConfUtils.java:logGet(46)) - raft.server.log.corruption.policy = EXCEPTION (default)
2022-06-01 03:35:28,095 [pool-375-thread-1] INFO  server.RaftServerConfigKeys (ConfUtils.java:logGet(46)) - raft.server.storage.free-space.min = 0MB (=0) (default)
2022-06-01 03:35:28,095 [pool-375-thread-1] INFO  storage.RaftStorageDirectory (RaftStorageDirectoryImpl.java:analyzeStorage(135)) - The storage directory /home/runner/work/ozone/ozone/hadoop-ozone/integration-test/target/test-dir/MiniOzoneClusterImpl-1510f6c2-5527-4711-8733-efea2524abfe/datanode-2/data/ratis/f2ef0f03-f1bc-4c99-8307-add18faef925 does not exist. Creating ...
2022-06-01 03:35:28,098 [pool-375-thread-1] INFO  storage.RaftStorageDirectory (RaftStorageDirectoryImpl.java:tryLock(230)) - Lock on /home/runner/work/ozone/ozone/hadoop-ozone/integration-test/target/test-dir/MiniOzoneClusterImpl-1510f6c2-5527-4711-8733-efea2524abfe/datanode-2/data/ratis/f2ef0f03-f1bc-4c99-8307-add18faef925/in_use.lock acquired by nodename 14781@fv-az151-582
2022-06-01 03:35:28,104 [pool-375-thread-1] INFO  storage.RaftStorage (RaftStorageImpl.java:format(89)) - Storage directory /home/runner/work/ozone/ozone/hadoop-ozone/integration-test/target/test-dir/MiniOzoneClusterImpl-1510f6c2-5527-4711-8733-efea2524abfe/datanode-2/data/ratis/f2ef0f03-f1bc-4c99-8307-add18faef925 has been successfully formatted.
2022-06-01 03:35:28,106 [pool-375-thread-1] INFO  ratis.ContainerStateMachine (ContainerStateMachine.java:loadSnapshot(236)) - group-ADD18FAEF925: The snapshot info is null. Setting the last applied indexto:(t:0, i:~)
2022-06-01 03:35:28,106 [pool-375-thread-1] INFO  server.RaftServerConfigKeys (ConfUtils.java:logGet(46)) - raft.server.notification.no-leader.timeout = 300s (custom)
2022-06-01 03:35:28,106 [pool-375-thread-1] INFO  server.RaftServerConfigKeys (ConfUtils.java:logGet(46)) - raft.server.log.use.memory = false (default)
2022-06-01 03:35:28,106 [pool-375-thread-1] INFO  server.RaftServerConfigKeys (ConfUtils.java:logGet(46)) - raft.server.log.purge.gap = 1000000 (custom)
2022-06-01 03:35:28,106 [pool-375-thread-1] INFO  server.RaftServerConfigKeys (ConfUtils.java:logGet(46)) - raft.server.log.appender.buffer.byte-limit = 33554432 (custom)
2022-06-01 03:35:28,106 [pool-375-thread-1] INFO  server.RaftServerConfigKeys (ConfUtils.java:logGet(46)) - raft.server.log.statemachine.data.read.timeout = 1000ms (default)
2022-06-01 03:35:28,106 [pool-375-thread-1] INFO  server.RaftServerConfigKeys (ConfUtils.java:logGet(46)) - raft.server.log.segment.size.max = 1048576 (custom)
2022-06-01 03:35:28,106 [pool-375-thread-1] INFO  server.RaftServerConfigKeys (ConfUtils.java:logGet(46)) - raft.server.log.segment.cache.num.max = 2 (custom)
2022-06-01 03:35:28,106 [pool-375-thread-1] INFO  server.RaftServerConfigKeys (ConfUtils.java:logGet(46)) - raft.server.log.segment.cache.size.max = 200MB (=209715200) (default)
2022-06-01 03:35:28,107 [pool-375-thread-1] INFO  segmented.SegmentedRaftLogWorker (SegmentedRaftLogWorker.java:<init>(187)) - new c75d4fdd-dd01-435a-80b8-91aa015f02f8@group-ADD18FAEF925-SegmentedRaftLogWorker for RaftStorageImpl:Storage Directory /home/runner/work/ozone/ozone/hadoop-ozone/integration-test/target/test-dir/MiniOzoneClusterImpl-1510f6c2-5527-4711-8733-efea2524abfe/datanode-2/data/ratis/f2ef0f03-f1bc-4c99-8307-add18faef925
2022-06-01 03:35:28,107 [pool-375-thread-1] INFO  server.RaftServerConfigKeys (ConfUtils.java:logGet(46)) - raft.server.log.queue.byte-limit = 4294967296 (custom)
2022-06-01 03:35:28,107 [pool-375-thread-1] INFO  server.RaftServerConfigKeys (ConfUtils.java:logGet(46)) - raft.server.log.queue.element-limit = 1024 (custom)
2022-06-01 03:35:28,107 [pool-375-thread-1] INFO  server.RaftServerConfigKeys (ConfUtils.java:logGet(46)) - raft.server.log.segment.size.max = 1048576 (custom)
2022-06-01 03:35:28,107 [pool-375-thread-1] INFO  server.RaftServerConfigKeys (ConfUtils.java:logGet(46)) - raft.server.log.preallocated.size = 16384 (custom)
2022-06-01 03:35:28,107 [pool-375-thread-1] INFO  server.RaftServerConfigKeys (ConfUtils.java:logGet(46)) - raft.server.log.force.sync.num = 128 (default)
2022-06-01 03:35:28,107 [pool-375-thread-1] INFO  server.RaftServerConfigKeys (ConfUtils.java:logGet(46)) - raft.server.log.statemachine.data.sync = true (default)
2022-06-01 03:35:28,107 [pool-375-thread-1] INFO  server.RaftServerConfigKeys (ConfUtils.java:logGet(46)) - raft.server.log.statemachine.data.sync.timeout = 10s (default)
2022-06-01 03:35:28,107 [pool-375-thread-1] INFO  server.RaftServerConfigKeys (ConfUtils.java:logGet(46)) - raft.server.log.statemachine.data.sync.timeout.retry = -1 (default)
2022-06-01 03:35:28,112 [EventQueue-PipelineReportForPipelineReportHandler] INFO  pipeline.PipelineManagerImpl (PipelineManagerImpl.java:openPipeline(356)) - Pipeline Pipeline[ Id: f2ef0f03-f1bc-4c99-8307-add18faef925, Nodes: c75d4fdd-dd01-435a-80b8-91aa015f02f8{ip: 10.1.0.5, host: fv-az151-582.yf2hydr00wburbhx3j5hxtcipe.bx.internal.cloudapp.net, ports: [REPLICATION=46183, RATIS=33425, RATIS_ADMIN=33425, RATIS_SERVER=33425, STANDALONE=35103], networkLocation: /default-rack, certSerialId: null, persistedOpState: IN_SERVICE, persistedOpStateExpiryEpochSec: 0}, ReplicationConfig: RATIS/ONE, State:ALLOCATED, leaderId:c75d4fdd-dd01-435a-80b8-91aa015f02f8, CreationTimestamp2022-06-01T03:35:25.102Z[Etc/UTC]] moved to OPEN state
2022-06-01 03:35:28,112 [EventQueue-OpenPipelineForHealthyPipelineSafeModeRule] INFO  safemode.SCMSafeModeManager (HealthyPipelineSafeModeRule.java:process(124)) - SCM in safe mode. Healthy pipelines reported count is 0, required healthy pipeline reported count is 1
2022-06-01 03:35:28,116 [pool-375-thread-1] INFO  server.RaftServerConfigKeys (ConfUtils.java:logGet(46)) - raft.server.log.write.buffer.size = 1048576 (custom)
2022-06-01 03:35:28,117 [pool-375-thread-1] INFO  server.RaftServerConfigKeys (ConfUtils.java:logGet(46)) - raft.server.log.unsafe-flush.enabled = false (default)
2022-06-01 03:35:28,117 [pool-375-thread-1] INFO  server.RaftServerConfigKeys (ConfUtils.java:logGet(46)) - raft.server.log.statemachine.data.caching.enabled = true (custom)
2022-06-01 03:35:28,117 [pool-375-thread-1] INFO  segmented.SegmentedRaftLogWorker (SegmentedRaftLogWorker.java:lambda$new$0(135)) - c75d4fdd-dd01-435a-80b8-91aa015f02f8@group-ADD18FAEF925-SegmentedRaftLogWorker: flushIndex: setUnconditionally 0 -> -1
2022-06-01 03:35:28,117 [pool-375-thread-1] INFO  segmented.SegmentedRaftLogWorker (SegmentedRaftLogWorker.java:lambda$new$0(135)) - c75d4fdd-dd01-435a-80b8-91aa015f02f8@group-ADD18FAEF925-SegmentedRaftLogWorker: safeCacheEvictIndex: setUnconditionally 0 -> -1
2022-06-01 03:35:28,120 [pool-375-thread-1] INFO  server.RaftServerConfigKeys (ConfUtils.java:logGet(46)) - raft.server.snapshot.auto.trigger.enabled = true (custom)
2022-06-01 03:35:28,120 [pool-375-thread-1] INFO  server.RaftServerConfigKeys (ConfUtils.java:logGet(46)) - raft.server.snapshot.auto.trigger.threshold = 10000 (custom)
2022-06-01 03:35:28,120 [pool-375-thread-1] INFO  server.RaftServerConfigKeys (ConfUtils.java:logGet(46)) - raft.server.snapshot.retention.file.num = 5 (custom)
2022-06-01 03:35:28,120 [pool-375-thread-1] INFO  server.RaftServerConfigKeys (ConfUtils.java:logGet(46)) - raft.server.log.purge.upto.snapshot.index = false (default)
2022-06-01 03:35:28,120 [pool-375-thread-1] INFO  server.RaftServerConfigKeys (ConfUtils.java:logGet(46)) - raft.server.retrycache.expirytime = 600000ms (custom)
2022-06-01 03:35:28,120 [pool-375-thread-1] INFO  server.RaftServerConfigKeys (ConfUtils.java:logGet(46)) - raft.server.retrycache.statistics.expirytime = 100μs (default)
2022-06-01 03:35:28,121 [pool-375-thread-1] INFO  server.RaftServerConfigKeys (ConfUtils.java:logGet(46)) - raft.server.log.appender.install.snapshot.enabled = false (custom)
2022-06-01 03:35:28,121 [pool-375-thread-1] INFO  server.RaftServerConfigKeys (ConfUtils.java:logGet(46)) - raft.server.threadpool.server.cached = true (default)
2022-06-01 03:35:28,121 [pool-375-thread-1] INFO  server.RaftServerConfigKeys (ConfUtils.java:logGet(46)) - raft.server.threadpool.server.size = 0 (default)
2022-06-01 03:35:28,121 [pool-375-thread-1] INFO  server.RaftServerConfigKeys (ConfUtils.java:logGet(46)) - raft.server.threadpool.client.cached = true (default)
2022-06-01 03:35:28,121 [pool-375-thread-1] INFO  server.RaftServerConfigKeys (ConfUtils.java:logGet(46)) - raft.server.threadpool.client.size = 0 (default)
2022-06-01 03:35:28,121 [pool-375-thread-1] INFO  server.RaftServer$Division (RaftServerImpl.java:start(310)) - c75d4fdd-dd01-435a-80b8-91aa015f02f8@group-ADD18FAEF925: start as a follower, conf=-1: [c75d4fdd-dd01-435a-80b8-91aa015f02f8|rpc:10.1.0.5:33425|priority:1], old=null
2022-06-01 03:35:28,121 [pool-375-thread-1] INFO  server.RaftServer$Division (RaftServerImpl.java:setRole(299)) - c75d4fdd-dd01-435a-80b8-91aa015f02f8@group-ADD18FAEF925: changes role from      null to FOLLOWER at term 0 for startAsFollower
2022-06-01 03:35:28,121 [pool-375-thread-1] INFO  impl.RoleInfo (RoleInfo.java:updateAndGet(139)) - c75d4fdd-dd01-435a-80b8-91aa015f02f8: start c75d4fdd-dd01-435a-80b8-91aa015f02f8@group-ADD18FAEF925-FollowerState
2022-06-01 03:35:28,128 [pool-375-thread-1] INFO  util.JmxRegister (JmxRegister.java:tryRegister(44)) - Successfully registered JMX Bean with object name Ratis:service=RaftServer,group=group-ADD18FAEF925,id=c75d4fdd-dd01-435a-80b8-91aa015f02f8
2022-06-01 03:35:28,151 [Command processor thread] INFO  ratis.XceiverServerRatis (XceiverServerRatis.java:addGroup(765)) - Created group PipelineID=f2ef0f03-f1bc-4c99-8307-add18faef925
2022-06-01 03:35:28,152 [Command processor thread] INFO  commandhandler.CreatePipelineCommandHandler (CreatePipelineCommandHandler.java:handle(113)) - Created Pipeline RATIS ONE PipelineID=f2ef0f03-f1bc-4c99-8307-add18faef925.
2022-06-01 03:35:29,047 [Listener at 127.0.0.1/42293] INFO  ozone.MiniOzoneClusterImpl (MiniOzoneClusterImpl.java:lambda$waitForClusterToBeReady$0(221)) - Nodes are ready. Got 3 of 3 DN Heartbeats.
2022-06-01 03:35:29,048 [Listener at 127.0.0.1/42293] INFO  ozone.MiniOzoneClusterImpl (MiniOzoneClusterImpl.java:lambda$waitForClusterToBeReady$0(224)) - Waiting for cluster to exit safe mode
2022-06-01 03:35:29,048 [Listener at 127.0.0.1/42293] INFO  ozone.MiniOzoneClusterImpl (MiniOzoneClusterImpl.java:lambda$waitForClusterToBeReady$0(226)) - SCM became leader
2022-06-01 03:35:30,048 [Listener at 127.0.0.1/42293] INFO  ozone.MiniOzoneClusterImpl (MiniOzoneClusterImpl.java:lambda$waitForClusterToBeReady$0(221)) - Nodes are ready. Got 3 of 3 DN Heartbeats.
2022-06-01 03:35:30,048 [Listener at 127.0.0.1/42293] INFO  ozone.MiniOzoneClusterImpl (MiniOzoneClusterImpl.java:lambda$waitForClusterToBeReady$0(224)) - Waiting for cluster to exit safe mode
2022-06-01 03:35:30,048 [Listener at 127.0.0.1/42293] INFO  ozone.MiniOzoneClusterImpl (MiniOzoneClusterImpl.java:lambda$waitForClusterToBeReady$0(226)) - SCM became leader
2022-06-01 03:35:31,049 [Listener at 127.0.0.1/42293] INFO  ozone.MiniOzoneClusterImpl (MiniOzoneClusterImpl.java:lambda$waitForClusterToBeReady$0(221)) - Nodes are ready. Got 3 of 3 DN Heartbeats.
2022-06-01 03:35:31,049 [Listener at 127.0.0.1/42293] INFO  ozone.MiniOzoneClusterImpl (MiniOzoneClusterImpl.java:lambda$waitForClusterToBeReady$0(224)) - Waiting for cluster to exit safe mode
2022-06-01 03:35:31,049 [Listener at 127.0.0.1/42293] INFO  ozone.MiniOzoneClusterImpl (MiniOzoneClusterImpl.java:lambda$waitForClusterToBeReady$0(226)) - SCM became leader
2022-06-01 03:35:31,616 [3f12f1a3-7b0e-46ee-83d3-a3502671d58b@group-9C9536EC8AD5-FollowerState] INFO  impl.FollowerState (FollowerState.java:run(143)) - 3f12f1a3-7b0e-46ee-83d3-a3502671d58b@group-9C9536EC8AD5-FollowerState: change to CANDIDATE, lastRpcElapsedTime:5054544065ns, electionTimeout:5041ms
2022-06-01 03:35:31,616 [3f12f1a3-7b0e-46ee-83d3-a3502671d58b@group-9C9536EC8AD5-FollowerState] INFO  impl.RoleInfo (RoleInfo.java:shutdownFollowerState(110)) - 3f12f1a3-7b0e-46ee-83d3-a3502671d58b: shutdown 3f12f1a3-7b0e-46ee-83d3-a3502671d58b@group-9C9536EC8AD5-FollowerState
2022-06-01 03:35:31,616 [3f12f1a3-7b0e-46ee-83d3-a3502671d58b@group-9C9536EC8AD5-FollowerState] INFO  server.RaftServer$Division (RaftServerImpl.java:setRole(299)) - 3f12f1a3-7b0e-46ee-83d3-a3502671d58b@group-9C9536EC8AD5: changes role from  FOLLOWER to CANDIDATE at term 0 for changeToCandidate
2022-06-01 03:35:31,616 [3f12f1a3-7b0e-46ee-83d3-a3502671d58b@group-9C9536EC8AD5-FollowerState] INFO  server.RaftServerConfigKeys (ConfUtils.java:logGet(46)) - raft.server.leaderelection.pre-vote = false (custom)
2022-06-01 03:35:31,616 [3f12f1a3-7b0e-46ee-83d3-a3502671d58b@group-9C9536EC8AD5-FollowerState] INFO  impl.RoleInfo (RoleInfo.java:updateAndGet(139)) - 3f12f1a3-7b0e-46ee-83d3-a3502671d58b: start 3f12f1a3-7b0e-46ee-83d3-a3502671d58b@group-9C9536EC8AD5-LeaderElection23
2022-06-01 03:35:31,637 [3f12f1a3-7b0e-46ee-83d3-a3502671d58b@group-9C9536EC8AD5-LeaderElection23] INFO  impl.LeaderElection (LeaderElection.java:askForVotes(310)) - 3f12f1a3-7b0e-46ee-83d3-a3502671d58b@group-9C9536EC8AD5-LeaderElection23 ELECTION round 0: submit vote requests at term 1 for -1: [3f12f1a3-7b0e-46ee-83d3-a3502671d58b|rpc:10.1.0.5:44065|priority:1], old=null
2022-06-01 03:35:31,637 [3f12f1a3-7b0e-46ee-83d3-a3502671d58b@group-9C9536EC8AD5-LeaderElection23] INFO  impl.LeaderElection (LeaderElection.java:askForVotes(312)) - 3f12f1a3-7b0e-46ee-83d3-a3502671d58b@group-9C9536EC8AD5-LeaderElection23 ELECTION round 0: result PASSED (term=1)
2022-06-01 03:35:31,637 [3f12f1a3-7b0e-46ee-83d3-a3502671d58b@group-9C9536EC8AD5-LeaderElection23] INFO  impl.RoleInfo (RoleInfo.java:shutdownLeaderElection(130)) - 3f12f1a3-7b0e-46ee-83d3-a3502671d58b: shutdown 3f12f1a3-7b0e-46ee-83d3-a3502671d58b@group-9C9536EC8AD5-LeaderElection23
2022-06-01 03:35:31,638 [3f12f1a3-7b0e-46ee-83d3-a3502671d58b@group-9C9536EC8AD5-LeaderElection23] INFO  server.RaftServer$Division (RaftServerImpl.java:setRole(299)) - 3f12f1a3-7b0e-46ee-83d3-a3502671d58b@group-9C9536EC8AD5: changes role from CANDIDATE to LEADER at term 1 for changeToLeader
2022-06-01 03:35:31,638 [3f12f1a3-7b0e-46ee-83d3-a3502671d58b@group-9C9536EC8AD5-LeaderElection23] INFO  ratis.XceiverServerRatis (XceiverServerRatis.java:handleLeaderChangedNotification(863)) - Leader change notification received for group: group-9C9536EC8AD5 with new leaderId: 3f12f1a3-7b0e-46ee-83d3-a3502671d58b
2022-06-01 03:35:31,639 [3f12f1a3-7b0e-46ee-83d3-a3502671d58b@group-9C9536EC8AD5-LeaderElection23] INFO  server.RaftServer$Division (ServerState.java:setLeader(287)) - 3f12f1a3-7b0e-46ee-83d3-a3502671d58b@group-9C9536EC8AD5: change Leader from null to 3f12f1a3-7b0e-46ee-83d3-a3502671d58b at term 1 for becomeLeader, leader elected after 5104ms
2022-06-01 03:35:31,639 [3f12f1a3-7b0e-46ee-83d3-a3502671d58b@group-9C9536EC8AD5-LeaderElection23] INFO  server.RaftServerConfigKeys (ConfUtils.java:logGet(46)) - raft.server.staging.catchup.gap = 1000 (default)
2022-06-01 03:35:31,641 [EventQueue-OpenPipelineForHealthyPipelineSafeModeRule] INFO  safemode.SCMSafeModeManager (HealthyPipelineSafeModeRule.java:process(124)) - SCM in safe mode. Healthy pipelines reported count is 0, required healthy pipeline reported count is 1
2022-06-01 03:35:31,646 [3f12f1a3-7b0e-46ee-83d3-a3502671d58b@group-9C9536EC8AD5-LeaderElection23] INFO  server.RaftServerConfigKeys (ConfUtils.java:logGet(46)) - raft.server.write.element-limit = 1024 (custom)
2022-06-01 03:35:31,646 [3f12f1a3-7b0e-46ee-83d3-a3502671d58b@group-9C9536EC8AD5-LeaderElection23] INFO  server.RaftServerConfigKeys (ConfUtils.java:logGet(46)) - raft.server.write.byte-limit = 1024 M (=1073741824) (custom)
2022-06-01 03:35:31,647 [3f12f1a3-7b0e-46ee-83d3-a3502671d58b@group-9C9536EC8AD5-LeaderElection23] INFO  server.RaftServerConfigKeys (ConfUtils.java:logGet(46)) - raft.server.watch.timeout = 180s (custom)
2022-06-01 03:35:31,647 [3f12f1a3-7b0e-46ee-83d3-a3502671d58b@group-9C9536EC8AD5-LeaderElection23] INFO  server.RaftServerConfigKeys (ConfUtils.java:logGet(46)) - raft.server.watch.timeout.denomination = 1s (default)
2022-06-01 03:35:31,647 [3f12f1a3-7b0e-46ee-83d3-a3502671d58b@group-9C9536EC8AD5-LeaderElection23] INFO  server.RaftServerConfigKeys (ConfUtils.java:logGet(46)) - raft.server.watch.element-limit = 65536 (default)
2022-06-01 03:35:31,647 [3f12f1a3-7b0e-46ee-83d3-a3502671d58b@group-9C9536EC8AD5-LeaderElection23] INFO  server.RaftServerConfigKeys (ConfUtils.java:logGet(46)) - raft.server.write.element-limit = 1024 (custom)
2022-06-01 03:35:31,647 [3f12f1a3-7b0e-46ee-83d3-a3502671d58b@group-9C9536EC8AD5-LeaderElection23] INFO  server.RaftServerConfigKeys (ConfUtils.java:logGet(46)) - raft.server.write.follower.gap.ratio.max = -1.0 (default)
2022-06-01 03:35:31,647 [3f12f1a3-7b0e-46ee-83d3-a3502671d58b@group-9C9536EC8AD5-LeaderElection23] INFO  impl.RoleInfo (RoleInfo.java:updateAndGet(139)) - 3f12f1a3-7b0e-46ee-83d3-a3502671d58b: start 3f12f1a3-7b0e-46ee-83d3-a3502671d58b@group-9C9536EC8AD5-LeaderStateImpl
2022-06-01 03:35:31,647 [3f12f1a3-7b0e-46ee-83d3-a3502671d58b@group-9C9536EC8AD5-LeaderElection23] INFO  segmented.SegmentedRaftLogWorker (SegmentedRaftLogWorker.java:startLogSegment(425)) - 3f12f1a3-7b0e-46ee-83d3-a3502671d58b@group-9C9536EC8AD5-SegmentedRaftLogWorker: Starting segment from index:0
2022-06-01 03:35:31,648 [3f12f1a3-7b0e-46ee-83d3-a3502671d58b@group-9C9536EC8AD5-SegmentedRaftLogWorker] INFO  segmented.SegmentedRaftLogWorker (SegmentedRaftLogWorker.java:execute(629)) - 3f12f1a3-7b0e-46ee-83d3-a3502671d58b@group-9C9536EC8AD5-SegmentedRaftLogWorker: created new log segment /home/runner/work/ozone/ozone/hadoop-ozone/integration-test/target/test-dir/MiniOzoneClusterImpl-1510f6c2-5527-4711-8733-efea2524abfe/datanode-0/data/ratis/4cc3420a-67f0-4010-8e6e-9c9536ec8ad5/current/log_inprogress_0
2022-06-01 03:35:31,676 [3f12f1a3-7b0e-46ee-83d3-a3502671d58b@group-5EDF2696674D-FollowerState] INFO  impl.FollowerState (FollowerState.java:run(143)) - 3f12f1a3-7b0e-46ee-83d3-a3502671d58b@group-5EDF2696674D-FollowerState: change to CANDIDATE, lastRpcElapsedTime:5054871368ns, electionTimeout:5048ms
2022-06-01 03:35:31,676 [3f12f1a3-7b0e-46ee-83d3-a3502671d58b@group-5EDF2696674D-FollowerState] INFO  impl.RoleInfo (RoleInfo.java:shutdownFollowerState(110)) - 3f12f1a3-7b0e-46ee-83d3-a3502671d58b: shutdown 3f12f1a3-7b0e-46ee-83d3-a3502671d58b@group-5EDF2696674D-FollowerState
2022-06-01 03:35:31,676 [3f12f1a3-7b0e-46ee-83d3-a3502671d58b@group-5EDF2696674D-FollowerState] INFO  server.RaftServer$Division (RaftServerImpl.java:setRole(299)) - 3f12f1a3-7b0e-46ee-83d3-a3502671d58b@group-5EDF2696674D: changes role from  FOLLOWER to CANDIDATE at term 0 for changeToCandidate
2022-06-01 03:35:31,676 [3f12f1a3-7b0e-46ee-83d3-a3502671d58b@group-5EDF2696674D-FollowerState] INFO  server.RaftServerConfigKeys (ConfUtils.java:logGet(46)) - raft.server.leaderelection.pre-vote = false (custom)
2022-06-01 03:35:31,677 [3f12f1a3-7b0e-46ee-83d3-a3502671d58b@group-5EDF2696674D-FollowerState] INFO  impl.RoleInfo (RoleInfo.java:updateAndGet(139)) - 3f12f1a3-7b0e-46ee-83d3-a3502671d58b: start 3f12f1a3-7b0e-46ee-83d3-a3502671d58b@group-5EDF2696674D-LeaderElection24
2022-06-01 03:35:31,692 [3f12f1a3-7b0e-46ee-83d3-a3502671d58b@group-9C9536EC8AD5-LeaderElection23] INFO  server.RaftServer$Division (ServerState.java:setRaftConf(393)) - 3f12f1a3-7b0e-46ee-83d3-a3502671d58b@group-9C9536EC8AD5: set configuration 0: [3f12f1a3-7b0e-46ee-83d3-a3502671d58b|rpc:10.1.0.5:44065|dataStream:|priority:1], old=null
2022-06-01 03:35:31,705 [3f12f1a3-7b0e-46ee-83d3-a3502671d58b@group-5EDF2696674D-LeaderElection24] INFO  impl.LeaderElection (LeaderElection.java:askForVotes(310)) - 3f12f1a3-7b0e-46ee-83d3-a3502671d58b@group-5EDF2696674D-LeaderElection24 ELECTION round 0: submit vote requests at term 1 for -1: [45403b03-db57-451c-8957-1d0540c53572|rpc:10.1.0.5:39917|priority:0, c75d4fdd-dd01-435a-80b8-91aa015f02f8|rpc:10.1.0.5:33425|priority:0, 3f12f1a3-7b0e-46ee-83d3-a3502671d58b|rpc:10.1.0.5:44065|priority:1], old=null
2022-06-01 03:35:31,738 [grpc-default-executor-0] INFO  server.RaftServer$Division (RaftServerImpl.java:requestVote(1152)) - 45403b03-db57-451c-8957-1d0540c53572@group-5EDF2696674D: receive requestVote(ELECTION, 3f12f1a3-7b0e-46ee-83d3-a3502671d58b, group-5EDF2696674D, 1, (t:0, i:0))
2022-06-01 03:35:31,738 [grpc-default-executor-0] INFO  impl.VoteContext (VoteContext.java:log(48)) - 45403b03-db57-451c-8957-1d0540c53572@group-5EDF2696674D-FOLLOWER: accept ELECTION from 3f12f1a3-7b0e-46ee-83d3-a3502671d58b: our priority 0 <= candidate's priority 1
2022-06-01 03:35:31,738 [grpc-default-executor-0] INFO  server.RaftServer$Division (RaftServerImpl.java:setRole(299)) - 45403b03-db57-451c-8957-1d0540c53572@group-5EDF2696674D: changes role from  FOLLOWER to FOLLOWER at term 1 for candidate:3f12f1a3-7b0e-46ee-83d3-a3502671d58b
2022-06-01 03:35:31,738 [grpc-default-executor-0] INFO  impl.RoleInfo (RoleInfo.java:shutdownFollowerState(110)) - 45403b03-db57-451c-8957-1d0540c53572: shutdown 45403b03-db57-451c-8957-1d0540c53572@group-5EDF2696674D-FollowerState
2022-06-01 03:35:31,738 [grpc-default-executor-0] INFO  impl.RoleInfo (RoleInfo.java:updateAndGet(139)) - 45403b03-db57-451c-8957-1d0540c53572: start 45403b03-db57-451c-8957-1d0540c53572@group-5EDF2696674D-FollowerState
2022-06-01 03:35:31,738 [45403b03-db57-451c-8957-1d0540c53572@group-5EDF2696674D-FollowerState] INFO  impl.FollowerState (FollowerState.java:run(152)) - 45403b03-db57-451c-8957-1d0540c53572@group-5EDF2696674D-FollowerState was interrupted
2022-06-01 03:35:31,775 [grpc-default-executor-0] INFO  server.RaftServer$Division (RaftServerImpl.java:requestVote(1184)) - 45403b03-db57-451c-8957-1d0540c53572@group-5EDF2696674D replies to ELECTION vote request: 3f12f1a3-7b0e-46ee-83d3-a3502671d58b<-45403b03-db57-451c-8957-1d0540c53572#0:OK-t1. Peer's state: 45403b03-db57-451c-8957-1d0540c53572@group-5EDF2696674D:t1, leader=null, voted=3f12f1a3-7b0e-46ee-83d3-a3502671d58b, raftlog=45403b03-db57-451c-8957-1d0540c53572@group-5EDF2696674D-SegmentedRaftLog:OPENED:c-1, conf=-1: [45403b03-db57-451c-8957-1d0540c53572|rpc:10.1.0.5:39917|dataStream:|priority:0, c75d4fdd-dd01-435a-80b8-91aa015f02f8|rpc:10.1.0.5:33425|dataStream:|priority:0, 3f12f1a3-7b0e-46ee-83d3-a3502671d58b|rpc:10.1.0.5:44065|dataStream:|priority:1], old=null
2022-06-01 03:35:31,777 [3f12f1a3-7b0e-46ee-83d3-a3502671d58b@group-5EDF2696674D-LeaderElection24] INFO  impl.LeaderElection (LeaderElection.java:logAndReturn(90)) - 3f12f1a3-7b0e-46ee-83d3-a3502671d58b@group-5EDF2696674D-LeaderElection24: ELECTION PASSED received 1 response(s) and 0 exception(s):
2022-06-01 03:35:31,777 [3f12f1a3-7b0e-46ee-83d3-a3502671d58b@group-5EDF2696674D-LeaderElection24] INFO  impl.LeaderElection (LeaderElection.java:logAndReturn(94)) -   Response 0: 3f12f1a3-7b0e-46ee-83d3-a3502671d58b<-45403b03-db57-451c-8957-1d0540c53572#0:OK-t1
2022-06-01 03:35:31,777 [3f12f1a3-7b0e-46ee-83d3-a3502671d58b@group-5EDF2696674D-LeaderElection24] INFO  impl.LeaderElection (LeaderElection.java:askForVotes(312)) - 3f12f1a3-7b0e-46ee-83d3-a3502671d58b@group-5EDF2696674D-LeaderElection24 ELECTION round 0: result PASSED
2022-06-01 03:35:31,777 [3f12f1a3-7b0e-46ee-83d3-a3502671d58b@group-5EDF2696674D-LeaderElection24] INFO  impl.RoleInfo (RoleInfo.java:shutdownLeaderElection(130)) - 3f12f1a3-7b0e-46ee-83d3-a3502671d58b: shutdown 3f12f1a3-7b0e-46ee-83d3-a3502671d58b@group-5EDF2696674D-LeaderElection24
2022-06-01 03:35:31,777 [3f12f1a3-7b0e-46ee-83d3-a3502671d58b@group-5EDF2696674D-LeaderElection24] INFO  server.RaftServer$Division (RaftServerImpl.java:setRole(299)) - 3f12f1a3-7b0e-46ee-83d3-a3502671d58b@group-5EDF2696674D: changes role from CANDIDATE to LEADER at term 1 for changeToLeader
2022-06-01 03:35:31,777 [3f12f1a3-7b0e-46ee-83d3-a3502671d58b@group-5EDF2696674D-LeaderElection24] INFO  ratis.XceiverServerRatis (XceiverServerRatis.java:handleLeaderChangedNotification(863)) - Leader change notification received for group: group-5EDF2696674D with new leaderId: 3f12f1a3-7b0e-46ee-83d3-a3502671d58b
2022-06-01 03:35:31,778 [3f12f1a3-7b0e-46ee-83d3-a3502671d58b@group-5EDF2696674D-LeaderElection24] INFO  server.RaftServer$Division (ServerState.java:setLeader(287)) - 3f12f1a3-7b0e-46ee-83d3-a3502671d58b@group-5EDF2696674D: change Leader from null to 3f12f1a3-7b0e-46ee-83d3-a3502671d58b at term 1 for becomeLeader, leader elected after 5178ms
2022-06-01 03:35:31,778 [3f12f1a3-7b0e-46ee-83d3-a3502671d58b@group-5EDF2696674D-LeaderElection24] INFO  server.RaftServerConfigKeys (ConfUtils.java:logGet(46)) - raft.server.staging.catchup.gap = 1000 (default)
2022-06-01 03:35:31,778 [3f12f1a3-7b0e-46ee-83d3-a3502671d58b@group-5EDF2696674D-LeaderElection24] INFO  server.RaftServerConfigKeys (ConfUtils.java:logGet(46)) - raft.server.write.element-limit = 1024 (custom)
2022-06-01 03:35:31,778 [3f12f1a3-7b0e-46ee-83d3-a3502671d58b@group-5EDF2696674D-LeaderElection24] INFO  server.RaftServerConfigKeys (ConfUtils.java:logGet(46)) - raft.server.write.byte-limit = 1024 M (=1073741824) (custom)
2022-06-01 03:35:31,778 [3f12f1a3-7b0e-46ee-83d3-a3502671d58b@group-5EDF2696674D-LeaderElection24] INFO  server.RaftServerConfigKeys (ConfUtils.java:logGet(46)) - raft.server.watch.timeout = 180s (custom)
2022-06-01 03:35:31,778 [3f12f1a3-7b0e-46ee-83d3-a3502671d58b@group-5EDF2696674D-LeaderElection24] INFO  server.RaftServerConfigKeys (ConfUtils.java:logGet(46)) - raft.server.watch.timeout.denomination = 1s (default)
2022-06-01 03:35:31,778 [3f12f1a3-7b0e-46ee-83d3-a3502671d58b@group-5EDF2696674D-LeaderElection24] INFO  server.RaftServerConfigKeys (ConfUtils.java:logGet(46)) - raft.server.watch.element-limit = 65536 (default)
2022-06-01 03:35:31,778 [3f12f1a3-7b0e-46ee-83d3-a3502671d58b@group-5EDF2696674D-LeaderElection24] INFO  server.RaftServerConfigKeys (ConfUtils.java:logGet(46)) - raft.server.write.element-limit = 1024 (custom)
2022-06-01 03:35:31,778 [3f12f1a3-7b0e-46ee-83d3-a3502671d58b@group-5EDF2696674D-LeaderElection24] INFO  server.RaftServerConfigKeys (ConfUtils.java:logGet(46)) - raft.server.write.follower.gap.ratio.max = -1.0 (default)
2022-06-01 03:35:31,779 [3f12f1a3-7b0e-46ee-83d3-a3502671d58b@group-5EDF2696674D-LeaderElection24] INFO  server.RaftServerConfigKeys (ConfUtils.java:logGet(46)) - raft.server.log.appender.snapshot.chunk.size.max = 16MB (=16777216) (default)
2022-06-01 03:35:31,779 [3f12f1a3-7b0e-46ee-83d3-a3502671d58b@group-5EDF2696674D-LeaderElection24] INFO  server.RaftServerConfigKeys (ConfUtils.java:logGet(46)) - raft.server.log.appender.buffer.byte-limit = 33554432 (custom)
2022-06-01 03:35:31,779 [3f12f1a3-7b0e-46ee-83d3-a3502671d58b@group-5EDF2696674D-LeaderElection24] INFO  server.RaftServerConfigKeys (ConfUtils.java:logGet(46)) - raft.server.log.appender.buffer.element-limit = 1 (custom)
2022-06-01 03:35:31,779 [3f12f1a3-7b0e-46ee-83d3-a3502671d58b@group-5EDF2696674D-LeaderElection24] INFO  grpc.GrpcConfigKeys (ConfUtils.java:logGet(46)) - raft.grpc.server.leader.outstanding.appends.max = 128 (default)
2022-06-01 03:35:31,779 [3f12f1a3-7b0e-46ee-83d3-a3502671d58b@group-5EDF2696674D-LeaderElection24] INFO  server.RaftServerConfigKeys (ConfUtils.java:logGet(46)) - raft.server.rpc.request.timeout = 60s (custom)
2022-06-01 03:35:31,779 [3f12f1a3-7b0e-46ee-83d3-a3502671d58b@group-5EDF2696674D-LeaderElection24] INFO  server.RaftServerConfigKeys (ConfUtils.java:logGet(46)) - raft.server.log.appender.install.snapshot.enabled = false (custom)
2022-06-01 03:35:31,780 [3f12f1a3-7b0e-46ee-83d3-a3502671d58b@group-5EDF2696674D-LeaderElection24] INFO  server.RaftServerConfigKeys (ConfUtils.java:logGet(46)) - raft.server.log.appender.snapshot.chunk.size.max = 16MB (=16777216) (default)
2022-06-01 03:35:31,780 [3f12f1a3-7b0e-46ee-83d3-a3502671d58b@group-5EDF2696674D-LeaderElection24] INFO  server.RaftServerConfigKeys (ConfUtils.java:logGet(46)) - raft.server.log.appender.buffer.byte-limit = 33554432 (custom)
2022-06-01 03:35:31,781 [3f12f1a3-7b0e-46ee-83d3-a3502671d58b@group-5EDF2696674D-LeaderElection24] INFO  server.RaftServerConfigKeys (ConfUtils.java:logGet(46)) - raft.server.log.appender.buffer.element-limit = 1 (custom)
2022-06-01 03:35:31,781 [3f12f1a3-7b0e-46ee-83d3-a3502671d58b@group-5EDF2696674D-LeaderElection24] INFO  grpc.GrpcConfigKeys (ConfUtils.java:logGet(46)) - raft.grpc.server.leader.outstanding.appends.max = 128 (default)
2022-06-01 03:35:31,781 [3f12f1a3-7b0e-46ee-83d3-a3502671d58b@group-5EDF2696674D-LeaderElection24] INFO  server.RaftServerConfigKeys (ConfUtils.java:logGet(46)) - raft.server.rpc.request.timeout = 60s (custom)
2022-06-01 03:35:31,781 [3f12f1a3-7b0e-46ee-83d3-a3502671d58b@group-5EDF2696674D-LeaderElection24] INFO  server.RaftServerConfigKeys (ConfUtils.java:logGet(46)) - raft.server.log.appender.install.snapshot.enabled = false (custom)
2022-06-01 03:35:31,781 [3f12f1a3-7b0e-46ee-83d3-a3502671d58b@group-5EDF2696674D-LeaderElection24] INFO  impl.RoleInfo (RoleInfo.java:updateAndGet(139)) - 3f12f1a3-7b0e-46ee-83d3-a3502671d58b: start 3f12f1a3-7b0e-46ee-83d3-a3502671d58b@group-5EDF2696674D-LeaderStateImpl
2022-06-01 03:35:31,782 [EventQueue-PipelineReportForPipelineReportHandler] INFO  pipeline.PipelineManagerImpl (PipelineManagerImpl.java:openPipeline(356)) - Pipeline Pipeline[ Id: 0942aa24-5543-4c6c-a2e2-5edf2696674d, Nodes: c75d4fdd-dd01-435a-80b8-91aa015f02f8{ip: 10.1.0.5, host: fv-az151-582.yf2hydr00wburbhx3j5hxtcipe.bx.internal.cloudapp.net, ports: [REPLICATION=46183, RATIS=33425, RATIS_ADMIN=33425, RATIS_SERVER=33425, STANDALONE=35103], networkLocation: /default-rack, certSerialId: null, persistedOpState: IN_SERVICE, persistedOpStateExpiryEpochSec: 0}45403b03-db57-451c-8957-1d0540c53572{ip: 10.1.0.5, host: fv-az151-582.yf2hydr00wburbhx3j5hxtcipe.bx.internal.cloudapp.net, ports: [REPLICATION=46329, RATIS=39917, RATIS_ADMIN=39917, RATIS_SERVER=39917, STANDALONE=44677], networkLocation: /default-rack, certSerialId: null, persistedOpState: IN_SERVICE, persistedOpStateExpiryEpochSec: 0}3f12f1a3-7b0e-46ee-83d3-a3502671d58b{ip: 10.1.0.5, host: fv-az151-582.yf2hydr00wburbhx3j5hxtcipe.bx.internal.cloudapp.net, ports: [REPLICATION=41215, RATIS=44065, RATIS_ADMIN=44065, RATIS_SERVER=44065, STANDALONE=36459], networkLocation: /default-rack, certSerialId: null, persistedOpState: IN_SERVICE, persistedOpStateExpiryEpochSec: 0}, ReplicationConfig: RATIS/THREE, State:ALLOCATED, leaderId:3f12f1a3-7b0e-46ee-83d3-a3502671d58b, CreationTimestamp2022-06-01T03:35:25.104Z[Etc/UTC]] moved to OPEN state
2022-06-01 03:35:31,782 [EventQueue-OpenPipelineForHealthyPipelineSafeModeRule] INFO  safemode.SCMSafeModeManager (HealthyPipelineSafeModeRule.java:process(124)) - SCM in safe mode. Healthy pipelines reported count is 0, required healthy pipeline reported count is 1
2022-06-01 03:35:31,782 [3f12f1a3-7b0e-46ee-83d3-a3502671d58b@group-5EDF2696674D-LeaderElection24] INFO  segmented.SegmentedRaftLogWorker (SegmentedRaftLogWorker.java:startLogSegment(425)) - 3f12f1a3-7b0e-46ee-83d3-a3502671d58b@group-5EDF2696674D-SegmentedRaftLogWorker: Starting segment from index:0
2022-06-01 03:35:31,782 [EventQueue-OpenPipelineForHealthyPipelineSafeModeRule] INFO  safemode.SCMSafeModeManager (HealthyPipelineSafeModeRule.java:process(124)) - SCM in safe mode. Healthy pipelines reported count is 1, required healthy pipeline reported count is 1
2022-06-01 03:35:31,783 [EventQueue-OpenPipelineForHealthyPipelineSafeModeRule] INFO  safemode.SCMSafeModeManager (SCMSafeModeManager.java:validateSafeModeExitRules(204)) - HealthyPipelineSafeModeRule rule is successfully validated
2022-06-01 03:35:31,783 [EventQueue-OpenPipelineForHealthyPipelineSafeModeRule] INFO  safemode.SCMSafeModeManager (SCMSafeModeManager.java:validateSafeModeExitRules(219)) - ScmSafeModeManager, all rules are successfully validated
2022-06-01 03:35:31,783 [EventQueue-OpenPipelineForHealthyPipelineSafeModeRule] INFO  safemode.SCMSafeModeManager (SCMSafeModeManager.java:exitSafeMode(248)) - SCM exiting safe mode.
2022-06-01 03:35:31,783 [EventQueue-OpenPipelineForHealthyPipelineSafeModeRule] WARN  events.EventQueue (EventQueue.java:fireEvent(194)) - No event handler registered for event TypedEvent{payloadType=SafeModeStatus, name='Safe mode status'}
2022-06-01 03:35:31,783 [EventQueue-OpenPipelineForHealthyPipelineSafeModeRule] INFO  ha.SCMContext (SCMContext.java:updateSafeModeStatus(211)) - Update SafeModeStatus from SafeModeStatus{safeModeStatus=true, preCheckPassed=true} to SafeModeStatus{safeModeStatus=false, preCheckPassed=true}.
2022-06-01 03:35:31,783 [EventQueue-OpenPipelineForHealthyPipelineSafeModeRule] INFO  pipeline.BackgroundPipelineCreator (BackgroundPipelineCreator.java:notifyStatusChanged(251)) - Service BackgroundPipelineCreator transitions to RUNNING.
2022-06-01 03:35:31,783 [EventQueue-OpenPipelineForHealthyPipelineSafeModeRule] INFO  BackgroundPipelineScrubber (BackgroundSCMService.java:notifyStatusChanged(82)) - Service BackgroundPipelineScrubber transitions to RUNNING.
2022-06-01 03:35:31,783 [EventQueue-OpenPipelineForHealthyPipelineSafeModeRule] INFO  ExpiredContainerReplicaOpScrubber (BackgroundSCMService.java:notifyStatusChanged(82)) - Service ExpiredContainerReplicaOpScrubber transitions to RUNNING.
2022-06-01 03:35:31,783 [EventQueue-OpenPipelineForHealthyPipelineSafeModeRule] INFO  replication.ReplicationManager (ReplicationManager.java:notifyStatusChanged(372)) - Service ReplicationManager transitions to RUNNING.
2022-06-01 03:35:31,784 [3f12f1a3-7b0e-46ee-83d3-a3502671d58b@group-5EDF2696674D-SegmentedRaftLogWorker] INFO  segmented.SegmentedRaftLogWorker (SegmentedRaftLogWorker.java:execute(629)) - 3f12f1a3-7b0e-46ee-83d3-a3502671d58b@group-5EDF2696674D-SegmentedRaftLogWorker: created new log segment /home/runner/work/ozone/ozone/hadoop-ozone/integration-test/target/test-dir/MiniOzoneClusterImpl-1510f6c2-5527-4711-8733-efea2524abfe/datanode-0/data/ratis/0942aa24-5543-4c6c-a2e2-5edf2696674d/current/log_inprogress_0
2022-06-01 03:35:31,809 [3f12f1a3-7b0e-46ee-83d3-a3502671d58b@group-5EDF2696674D-LeaderElection24] INFO  server.RaftServer$Division (ServerState.java:setRaftConf(393)) - 3f12f1a3-7b0e-46ee-83d3-a3502671d58b@group-5EDF2696674D: set configuration 0: [45403b03-db57-451c-8957-1d0540c53572|rpc:10.1.0.5:39917|dataStream:|priority:0, c75d4fdd-dd01-435a-80b8-91aa015f02f8|rpc:10.1.0.5:33425|dataStream:|priority:0, 3f12f1a3-7b0e-46ee-83d3-a3502671d58b|rpc:10.1.0.5:44065|dataStream:|priority:1], old=null
2022-06-01 03:35:31,810 [grpc-default-executor-1] INFO  server.RaftServer$Division (RaftServerImpl.java:requestVote(1152)) - c75d4fdd-dd01-435a-80b8-91aa015f02f8@group-5EDF2696674D: receive requestVote(ELECTION, 3f12f1a3-7b0e-46ee-83d3-a3502671d58b, group-5EDF2696674D, 1, (t:0, i:0))
2022-06-01 03:35:31,810 [grpc-default-executor-1] INFO  impl.VoteContext (VoteContext.java:log(48)) - c75d4fdd-dd01-435a-80b8-91aa015f02f8@group-5EDF2696674D-FOLLOWER: accept ELECTION from 3f12f1a3-7b0e-46ee-83d3-a3502671d58b: our priority 0 <= candidate's priority 1
2022-06-01 03:35:31,810 [grpc-default-executor-1] INFO  server.RaftServer$Division (RaftServerImpl.java:setRole(299)) - c75d4fdd-dd01-435a-80b8-91aa015f02f8@group-5EDF2696674D: changes role from  FOLLOWER to FOLLOWER at term 1 for candidate:3f12f1a3-7b0e-46ee-83d3-a3502671d58b
2022-06-01 03:35:31,810 [grpc-default-executor-1] INFO  impl.RoleInfo (RoleInfo.java:shutdownFollowerState(110)) - c75d4fdd-dd01-435a-80b8-91aa015f02f8: shutdown c75d4fdd-dd01-435a-80b8-91aa015f02f8@group-5EDF2696674D-FollowerState
2022-06-01 03:35:31,810 [grpc-default-executor-1] INFO  impl.RoleInfo (RoleInfo.java:updateAndGet(139)) - c75d4fdd-dd01-435a-80b8-91aa015f02f8: start c75d4fdd-dd01-435a-80b8-91aa015f02f8@group-5EDF2696674D-FollowerState
2022-06-01 03:35:31,810 [c75d4fdd-dd01-435a-80b8-91aa015f02f8@group-5EDF2696674D-FollowerState] INFO  impl.FollowerState (FollowerState.java:run(152)) - c75d4fdd-dd01-435a-80b8-91aa015f02f8@group-5EDF2696674D-FollowerState was interrupted
2022-06-01 03:35:31,846 [45403b03-db57-451c-8957-1d0540c53572-server-thread1] INFO  ratis.XceiverServerRatis (XceiverServerRatis.java:handleLeaderChangedNotification(863)) - Leader change notification received for group: group-5EDF2696674D with new leaderId: 3f12f1a3-7b0e-46ee-83d3-a3502671d58b
2022-06-01 03:35:31,847 [45403b03-db57-451c-8957-1d0540c53572-server-thread1] INFO  server.RaftServer$Division (ServerState.java:setLeader(287)) - 45403b03-db57-451c-8957-1d0540c53572@group-5EDF2696674D: change Leader from null to 3f12f1a3-7b0e-46ee-83d3-a3502671d58b at term 1 for appendEntries, leader elected after 4938ms
2022-06-01 03:35:31,850 [grpc-default-executor-1] INFO  server.RaftServer$Division (RaftServerImpl.java:requestVote(1184)) - c75d4fdd-dd01-435a-80b8-91aa015f02f8@group-5EDF2696674D replies to ELECTION vote request: 3f12f1a3-7b0e-46ee-83d3-a3502671d58b<-c75d4fdd-dd01-435a-80b8-91aa015f02f8#0:OK-t1. Peer's state: c75d4fdd-dd01-435a-80b8-91aa015f02f8@group-5EDF2696674D:t1, leader=null, voted=3f12f1a3-7b0e-46ee-83d3-a3502671d58b, raftlog=c75d4fdd-dd01-435a-80b8-91aa015f02f8@group-5EDF2696674D-SegmentedRaftLog:OPENED:c-1, conf=-1: [45403b03-db57-451c-8957-1d0540c53572|rpc:10.1.0.5:39917|dataStream:|priority:0, c75d4fdd-dd01-435a-80b8-91aa015f02f8|rpc:10.1.0.5:33425|dataStream:|priority:0, 3f12f1a3-7b0e-46ee-83d3-a3502671d58b|rpc:10.1.0.5:44065|dataStream:|priority:1], old=null
2022-06-01 03:35:31,887 [45403b03-db57-451c-8957-1d0540c53572-server-thread1] INFO  server.RaftServer$Division (ServerState.java:setRaftConf(393)) - 45403b03-db57-451c-8957-1d0540c53572@group-5EDF2696674D: set configuration 0: [45403b03-db57-451c-8957-1d0540c53572|rpc:10.1.0.5:39917|dataStream:|priority:0, c75d4fdd-dd01-435a-80b8-91aa015f02f8|rpc:10.1.0.5:33425|dataStream:|priority:0, 3f12f1a3-7b0e-46ee-83d3-a3502671d58b|rpc:10.1.0.5:44065|dataStream:|priority:1], old=null
2022-06-01 03:35:31,888 [45403b03-db57-451c-8957-1d0540c53572-server-thread1] INFO  segmented.SegmentedRaftLogWorker (SegmentedRaftLogWorker.java:startLogSegment(425)) - 45403b03-db57-451c-8957-1d0540c53572@group-5EDF2696674D-SegmentedRaftLogWorker: Starting segment from index:0
2022-06-01 03:35:31,889 [45403b03-db57-451c-8957-1d0540c53572@group-5EDF2696674D-SegmentedRaftLogWorker] INFO  segmented.SegmentedRaftLogWorker (SegmentedRaftLogWorker.java:execute(629)) - 45403b03-db57-451c-8957-1d0540c53572@group-5EDF2696674D-SegmentedRaftLogWorker: created new log segment /home/runner/work/ozone/ozone/hadoop-ozone/integration-test/target/test-dir/MiniOzoneClusterImpl-1510f6c2-5527-4711-8733-efea2524abfe/datanode-1/data/ratis/0942aa24-5543-4c6c-a2e2-5edf2696674d/current/log_inprogress_0
2022-06-01 03:35:31,917 [c75d4fdd-dd01-435a-80b8-91aa015f02f8-server-thread1] INFO  ratis.XceiverServerRatis (XceiverServerRatis.java:handleLeaderChangedNotification(863)) - Leader change notification received for group: group-5EDF2696674D with new leaderId: 3f12f1a3-7b0e-46ee-83d3-a3502671d58b
2022-06-01 03:35:31,917 [c75d4fdd-dd01-435a-80b8-91aa015f02f8-server-thread1] INFO  server.RaftServer$Division (ServerState.java:setLeader(287)) - c75d4fdd-dd01-435a-80b8-91aa015f02f8@group-5EDF2696674D: change Leader from null to 3f12f1a3-7b0e-46ee-83d3-a3502671d58b at term 1 for appendEntries, leader elected after 5184ms
2022-06-01 03:35:31,918 [c75d4fdd-dd01-435a-80b8-91aa015f02f8-server-thread1] INFO  server.RaftServer$Division (ServerState.java:setRaftConf(393)) - c75d4fdd-dd01-435a-80b8-91aa015f02f8@group-5EDF2696674D: set configuration 0: [45403b03-db57-451c-8957-1d0540c53572|rpc:10.1.0.5:39917|dataStream:|priority:0, c75d4fdd-dd01-435a-80b8-91aa015f02f8|rpc:10.1.0.5:33425|dataStream:|priority:0, 3f12f1a3-7b0e-46ee-83d3-a3502671d58b|rpc:10.1.0.5:44065|dataStream:|priority:1], old=null
2022-06-01 03:35:31,918 [c75d4fdd-dd01-435a-80b8-91aa015f02f8-server-thread1] INFO  segmented.SegmentedRaftLogWorker (SegmentedRaftLogWorker.java:startLogSegment(425)) - c75d4fdd-dd01-435a-80b8-91aa015f02f8@group-5EDF2696674D-SegmentedRaftLogWorker: Starting segment from index:0
2022-06-01 03:35:31,920 [c75d4fdd-dd01-435a-80b8-91aa015f02f8@group-5EDF2696674D-SegmentedRaftLogWorker] INFO  segmented.SegmentedRaftLogWorker (SegmentedRaftLogWorker.java:execute(629)) - c75d4fdd-dd01-435a-80b8-91aa015f02f8@group-5EDF2696674D-SegmentedRaftLogWorker: created new log segment /home/runner/work/ozone/ozone/hadoop-ozone/integration-test/target/test-dir/MiniOzoneClusterImpl-1510f6c2-5527-4711-8733-efea2524abfe/datanode-2/data/ratis/0942aa24-5543-4c6c-a2e2-5edf2696674d/current/log_inprogress_0
2022-06-01 03:35:32,017 [3f12f1a3-7b0e-46ee-83d3-a3502671d58b@group-4684C1729CA5-FollowerState] INFO  impl.FollowerState (FollowerState.java:run(143)) - 3f12f1a3-7b0e-46ee-83d3-a3502671d58b@group-4684C1729CA5-FollowerState: change to CANDIDATE, lastRpcElapsedTime:5031840647ns, electionTimeout:5009ms
2022-06-01 03:35:32,017 [3f12f1a3-7b0e-46ee-83d3-a3502671d58b@group-4684C1729CA5-FollowerState] INFO  impl.RoleInfo (RoleInfo.java:shutdownFollowerState(110)) - 3f12f1a3-7b0e-46ee-83d3-a3502671d58b: shutdown 3f12f1a3-7b0e-46ee-83d3-a3502671d58b@group-4684C1729CA5-FollowerState
2022-06-01 03:35:32,017 [3f12f1a3-7b0e-46ee-83d3-a3502671d58b@group-4684C1729CA5-FollowerState] INFO  server.RaftServer$Division (RaftServerImpl.java:setRole(299)) - 3f12f1a3-7b0e-46ee-83d3-a3502671d58b@group-4684C1729CA5: changes role from  FOLLOWER to CANDIDATE at term 0 for changeToCandidate
2022-06-01 03:35:32,018 [3f12f1a3-7b0e-46ee-83d3-a3502671d58b@group-4684C1729CA5-FollowerState] INFO  server.RaftServerConfigKeys (ConfUtils.java:logGet(46)) - raft.server.leaderelection.pre-vote = false (custom)
2022-06-01 03:35:32,018 [3f12f1a3-7b0e-46ee-83d3-a3502671d58b@group-4684C1729CA5-FollowerState] INFO  impl.RoleInfo (RoleInfo.java:updateAndGet(139)) - 3f12f1a3-7b0e-46ee-83d3-a3502671d58b: start 3f12f1a3-7b0e-46ee-83d3-a3502671d58b@group-4684C1729CA5-LeaderElection25
2022-06-01 03:35:32,037 [3f12f1a3-7b0e-46ee-83d3-a3502671d58b@group-4684C1729CA5-LeaderElection25] INFO  impl.LeaderElection (LeaderElection.java:askForVotes(310)) - 3f12f1a3-7b0e-46ee-83d3-a3502671d58b@group-4684C1729CA5-LeaderElection25 ELECTION round 0: submit vote requests at term 1 for -1: [45403b03-db57-451c-8957-1d0540c53572|rpc:10.1.0.5:39917|priority:1, c75d4fdd-dd01-435a-80b8-91aa015f02f8|rpc:10.1.0.5:33425|priority:0, 3f12f1a3-7b0e-46ee-83d3-a3502671d58b|rpc:10.1.0.5:44065|priority:0], old=null
2022-06-01 03:35:32,049 [Listener at 127.0.0.1/42293] INFO  ozone.MiniOzoneClusterImpl (MiniOzoneClusterImpl.java:lambda$waitForClusterToBeReady$0(221)) - Nodes are ready. Got 3 of 3 DN Heartbeats.
2022-06-01 03:35:32,049 [Listener at 127.0.0.1/42293] INFO  ozone.MiniOzoneClusterImpl (MiniOzoneClusterImpl.java:lambda$waitForClusterToBeReady$0(224)) - Cluster exits safe mode
2022-06-01 03:35:32,049 [Listener at 127.0.0.1/42293] INFO  ozone.MiniOzoneClusterImpl (MiniOzoneClusterImpl.java:lambda$waitForClusterToBeReady$0(226)) - SCM became leader
]]></system-out>
    </rerunFailure>
    <rerunFailure type="java.lang.AssertionError">
      <stackTrace><![CDATA[java.lang.AssertionError
	at org.junit.Assert.fail(Assert.java:87)
	at org.junit.Assert.assertTrue(Assert.java:42)
	at org.junit.Assert.assertTrue(Assert.java:53)
	at org.apache.hadoop.hdds.scm.TestRatisPipelineLeader.testLeaderIdAfterLeaderChange(TestRatisPipelineLeader.java:119)
	at sun.reflect.NativeMethodAccessorImpl.invoke0(Native Method)
	at sun.reflect.NativeMethodAccessorImpl.invoke(NativeMethodAccessorImpl.java:62)
	at sun.reflect.DelegatingMethodAccessorImpl.invoke(DelegatingMethodAccessorImpl.java:43)
	at java.lang.reflect.Method.invoke(Method.java:498)
	at org.junit.platform.commons.util.ReflectionUtils.invokeMethod(ReflectionUtils.java:725)
	at org.junit.jupiter.engine.execution.MethodInvocation.proceed(MethodInvocation.java:60)
	at org.junit.jupiter.engine.execution.InvocationInterceptorChain$ValidatingInvocation.proceed(InvocationInterceptorChain.java:131)
	at org.junit.jupiter.engine.extension.TimeoutInvocation.proceed(TimeoutInvocation.java:46)
	at org.junit.jupiter.engine.extension.TimeoutExtension.intercept(TimeoutExtension.java:149)
	at org.junit.jupiter.engine.extension.TimeoutExtension.interceptTestableMethod(TimeoutExtension.java:140)
	at org.junit.jupiter.engine.extension.TimeoutExtension.interceptTestMethod(TimeoutExtension.java:84)
	at org.junit.jupiter.engine.execution.ExecutableInvoker$ReflectiveInterceptorCall.lambda$ofVoidMethod$0(ExecutableInvoker.java:115)
	at org.junit.jupiter.engine.execution.ExecutableInvoker.lambda$invoke$0(ExecutableInvoker.java:105)
	at org.junit.jupiter.engine.execution.InvocationInterceptorChain$InterceptedInvocation.proceed(InvocationInterceptorChain.java:106)
	at org.junit.jupiter.engine.execution.InvocationInterceptorChain.proceed(InvocationInterceptorChain.java:64)
	at org.junit.jupiter.engine.execution.InvocationInterceptorChain.chainAndInvoke(InvocationInterceptorChain.java:45)
	at org.junit.jupiter.engine.execution.InvocationInterceptorChain.invoke(InvocationInterceptorChain.java:37)
	at org.junit.jupiter.engine.execution.ExecutableInvoker.invoke(ExecutableInvoker.java:104)
	at org.junit.jupiter.engine.execution.ExecutableInvoker.invoke(ExecutableInvoker.java:98)
	at org.junit.jupiter.engine.descriptor.TestMethodTestDescriptor.lambda$invokeTestMethod$7(TestMethodTestDescriptor.java:214)
	at org.junit.platform.engine.support.hierarchical.ThrowableCollector.execute(ThrowableCollector.java:73)
	at org.junit.jupiter.engine.descriptor.TestMethodTestDescriptor.invokeTestMethod(TestMethodTestDescriptor.java:210)
	at org.junit.jupiter.engine.descriptor.TestMethodTestDescriptor.execute(TestMethodTestDescriptor.java:135)
	at org.junit.jupiter.engine.descriptor.TestMethodTestDescriptor.execute(TestMethodTestDescriptor.java:66)
	at org.junit.platform.engine.support.hierarchical.NodeTestTask.lambda$executeRecursively$6(NodeTestTask.java:151)
	at org.junit.platform.engine.support.hierarchical.ThrowableCollector.execute(ThrowableCollector.java:73)
	at org.junit.platform.engine.support.hierarchical.NodeTestTask.lambda$executeRecursively$8(NodeTestTask.java:141)
	at org.junit.platform.engine.support.hierarchical.Node.around(Node.java:137)
	at org.junit.platform.engine.support.hierarchical.NodeTestTask.lambda$executeRecursively$9(NodeTestTask.java:139)
	at org.junit.platform.engine.support.hierarchical.ThrowableCollector.execute(ThrowableCollector.java:73)
	at org.junit.platform.engine.support.hierarchical.NodeTestTask.executeRecursively(NodeTestTask.java:138)
	at org.junit.platform.engine.support.hierarchical.NodeTestTask.execute(NodeTestTask.java:95)
	at java.util.ArrayList.forEach(ArrayList.java:1259)
	at org.junit.platform.engine.support.hierarchical.SameThreadHierarchicalTestExecutorService.invokeAll(SameThreadHierarchicalTestExecutorService.java:41)
	at org.junit.platform.engine.support.hierarchical.NodeTestTask.lambda$executeRecursively$6(NodeTestTask.java:155)
	at org.junit.platform.engine.support.hierarchical.ThrowableCollector.execute(ThrowableCollector.java:73)
	at org.junit.platform.engine.support.hierarchical.NodeTestTask.lambda$executeRecursively$8(NodeTestTask.java:141)
	at org.junit.platform.engine.support.hierarchical.Node.around(Node.java:137)
	at org.junit.platform.engine.support.hierarchical.NodeTestTask.lambda$executeRecursively$9(NodeTestTask.java:139)
	at org.junit.platform.engine.support.hierarchical.ThrowableCollector.execute(ThrowableCollector.java:73)
	at org.junit.platform.engine.support.hierarchical.NodeTestTask.executeRecursively(NodeTestTask.java:138)
	at org.junit.platform.engine.support.hierarchical.NodeTestTask.execute(NodeTestTask.java:95)
	at java.util.ArrayList.forEach(ArrayList.java:1259)
	at org.junit.platform.engine.support.hierarchical.SameThreadHierarchicalTestExecutorService.invokeAll(SameThreadHierarchicalTestExecutorService.java:41)
	at org.junit.platform.engine.support.hierarchical.NodeTestTask.lambda$executeRecursively$6(NodeTestTask.java:155)
	at org.junit.platform.engine.support.hierarchical.ThrowableCollector.execute(ThrowableCollector.java:73)
	at org.junit.platform.engine.support.hierarchical.NodeTestTask.lambda$executeRecursively$8(NodeTestTask.java:141)
	at org.junit.platform.engine.support.hierarchical.Node.around(Node.java:137)
	at org.junit.platform.engine.support.hierarchical.NodeTestTask.lambda$executeRecursively$9(NodeTestTask.java:139)
	at org.junit.platform.engine.support.hierarchical.ThrowableCollector.execute(ThrowableCollector.java:73)
	at org.junit.platform.engine.support.hierarchical.NodeTestTask.executeRecursively(NodeTestTask.java:138)
	at org.junit.platform.engine.support.hierarchical.NodeTestTask.execute(NodeTestTask.java:95)
	at org.junit.platform.engine.support.hierarchical.SameThreadHierarchicalTestExecutorService.submit(SameThreadHierarchicalTestExecutorService.java:35)
	at org.junit.platform.engine.support.hierarchical.HierarchicalTestExecutor.execute(HierarchicalTestExecutor.java:57)
	at org.junit.platform.engine.support.hierarchical.HierarchicalTestEngine.execute(HierarchicalTestEngine.java:54)
	at org.junit.platform.launcher.core.EngineExecutionOrchestrator.execute(EngineExecutionOrchestrator.java:107)
	at org.junit.platform.launcher.core.EngineExecutionOrchestrator.execute(EngineExecutionOrchestrator.java:88)
	at org.junit.platform.launcher.core.EngineExecutionOrchestrator.lambda$execute$0(EngineExecutionOrchestrator.java:54)
	at org.junit.platform.launcher.core.EngineExecutionOrchestrator.withInterceptedStreams(EngineExecutionOrchestrator.java:67)
	at org.junit.platform.launcher.core.EngineExecutionOrchestrator.execute(EngineExecutionOrchestrator.java:52)
	at org.junit.platform.launcher.core.DefaultLauncher.execute(DefaultLauncher.java:114)
	at org.junit.platform.launcher.core.DefaultLauncher.execute(DefaultLauncher.java:86)
	at org.junit.platform.launcher.core.DefaultLauncherSession$DelegatingLauncher.execute(DefaultLauncherSession.java:86)
	at org.junit.platform.launcher.core.SessionPerRequestLauncher.execute(SessionPerRequestLauncher.java:53)
	at org.apache.maven.surefire.junitplatform.JUnitPlatformProvider.invokeAllTests(JUnitPlatformProvider.java:165)
	at org.apache.maven.surefire.junitplatform.JUnitPlatformProvider.invoke(JUnitPlatformProvider.java:124)
	at org.apache.maven.surefire.booter.ForkedBooter.runSuitesInProcess(ForkedBooter.java:428)
	at org.apache.maven.surefire.booter.ForkedBooter.execute(ForkedBooter.java:162)
	at org.apache.maven.surefire.booter.ForkedBooter.run(ForkedBooter.java:562)
	at org.apache.maven.surefire.booter.ForkedBooter.main(ForkedBooter.java:548)
]]></stackTrace>
      <system-out><![CDATA[2022-06-01 03:35:52,775 [Listener at 127.0.0.1/42293] WARN  server.ServerUtils (ServerUtils.java:getScmDbDir(148)) - ozone.scm.db.dirs is not configured. We recommend adding this setting. Falling back to ozone.metadata.dirs instead.
2022-06-01 03:35:52,799 [Listener at 127.0.0.1/42293] INFO  ha.SCMHANodeDetails (SCMHANodeDetails.java:loadSCMHAConfig(160)) - ServiceID for StorageContainerManager is null
2022-06-01 03:35:52,799 [Listener at 127.0.0.1/42293] INFO  ha.SCMHANodeDetails (SCMHANodeDetails.java:loadSCMHAConfig(165)) - ozone.scm.default.service.id is not defined, falling back to ozone.scm.service.ids to find serviceID for StorageContainerManager if it is HA enabled cluster
2022-06-01 03:35:52,800 [Listener at 127.0.0.1/42293] WARN  server.ServerUtils (ServerUtils.java:getScmDbDir(148)) - ozone.scm.db.dirs is not configured. We recommend adding this setting. Falling back to ozone.metadata.dirs instead.
2022-06-01 03:35:52,800 [Listener at 127.0.0.1/42293] INFO  upgrade.AbstractLayoutVersionManager (AbstractLayoutVersionManager.java:init(79)) - Initializing Layout version manager with metadata layout = ERASURE_CODED_STORAGE_SUPPORT (version = 3), software layout = ERASURE_CODED_STORAGE_SUPPORT (version = 3)
2022-06-01 03:35:52,923 [Listener at 127.0.0.1/42293] INFO  reflections.Reflections (Reflections.java:scan(232)) - Reflections took 116 ms to scan 7 urls, producing 127 keys and 292 values 
2022-06-01 03:35:52,936 [Listener at 127.0.0.1/42293] WARN  utils.HAUtils (HAUtils.java:getMetaDir(342)) - ozone.scm.db.dirs is not configured. We recommend adding this setting. Falling back to ozone.metadata.dirs instead.
2022-06-01 03:35:52,937 [Listener at 127.0.0.1/42293] WARN  db.DBStoreBuilder (DBStoreBuilder.java:applyDBDefinition(145)) - ozone.scm.db.dirs is not configured. We recommend adding this setting. Falling back to ozone.metadata.dirs instead.
2022-06-01 03:35:53,197 [Listener at 127.0.0.1/42293] INFO  net.NodeSchemaLoader (NodeSchemaLoader.java:loadSchemaFromFile(129)) - Loading schema from [jar:file:/home/runner/.m2/repository/org/apache/ozone/hdds-common/1.3.0-SNAPSHOT/hdds-common-1.3.0-SNAPSHOT.jar!/network-topology-default.xml]
2022-06-01 03:35:53,198 [Listener at 127.0.0.1/42293] INFO  net.NodeSchemaLoader (NodeSchemaLoader.java:loadSchema(176)) - Loading network topology layer schema file
2022-06-01 03:35:53,208 [Listener at 127.0.0.1/42293] INFO  ha.SequenceIdGenerator (SequenceIdGenerator.java:upgradeToSequenceId(347)) - upgrade localId to 109611004723200000
2022-06-01 03:35:53,209 [Listener at 127.0.0.1/42293] INFO  ha.SequenceIdGenerator (SequenceIdGenerator.java:upgradeToSequenceId(357)) - upgrade delTxnId to 0
2022-06-01 03:35:53,209 [Listener at 127.0.0.1/42293] INFO  ha.SequenceIdGenerator (SequenceIdGenerator.java:upgradeToSequenceId(374)) - upgrade containerId to 0
2022-06-01 03:35:53,209 [Listener at 127.0.0.1/42293] INFO  ha.SequenceIdGenerator (SequenceIdGenerator.java:<init>(218)) - Init the HA SequenceIdGenerator.
2022-06-01 03:35:53,209 [Listener at 127.0.0.1/42293] WARN  server.ServerUtils (ServerUtils.java:sanitizeUserArgs(73)) - ozone.scm.stale.node.interval value = 300000 is larger than max = 100000 based on the key value of ozone.scm.heartbeat.thread.interval, reset to the max value 100000.
2022-06-01 03:35:53,209 [Listener at 127.0.0.1/42293] WARN  server.ServerUtils (ServerUtils.java:sanitizeUserArgs(73)) - ozone.scm.stale.node.interval value = 300000 is larger than max = 100000 based on the key value of ozone.scm.heartbeat.thread.interval, reset to the max value 100000.
2022-06-01 03:35:53,231 [Listener at 127.0.0.1/42293] INFO  node.SCMNodeManager (SCMNodeManager.java:<init>(148)) - Entering startup safe mode.
2022-06-01 03:35:53,232 [Listener at 127.0.0.1/42293] INFO  algorithms.ContainerPlacementPolicyFactory (ContainerPlacementPolicyFactory.java:getPolicyInternal(86)) - Create container placement policy of type org.apache.hadoop.hdds.scm.container.placement.algorithms.SCMContainerPlacementRandom
2022-06-01 03:35:53,232 [Listener at 127.0.0.1/42293] INFO  pipeline.PipelineStateManagerImpl (PipelineStateManagerImpl.java:initialize(78)) - No pipeline exists in current db
2022-06-01 03:35:53,232 [Listener at 127.0.0.1/42293] INFO  algorithms.LeaderChoosePolicyFactory (LeaderChoosePolicyFactory.java:getPolicy(57)) - Create leader choose policy of type org.apache.hadoop.hdds.scm.pipeline.leader.choose.algorithms.MinLeaderCountChoosePolicy
2022-06-01 03:35:53,233 [Listener at 127.0.0.1/42293] INFO  algorithms.ContainerPlacementPolicyFactory (ContainerPlacementPolicyFactory.java:getPolicyInternal(86)) - Create container placement policy of type org.apache.hadoop.hdds.scm.container.placement.algorithms.SCMContainerPlacementRackScatter
2022-06-01 03:35:53,233 [Listener at 127.0.0.1/42293] INFO  pipeline.BackgroundPipelineCreator (BackgroundPipelineCreator.java:start(125)) - Starting RatisPipelineUtilsThread.
2022-06-01 03:35:53,239 [Listener at 127.0.0.1/42293] INFO  BackgroundPipelineScrubber (BackgroundSCMService.java:start(68)) - Starting BackgroundPipelineScrubber Service.
2022-06-01 03:35:53,240 [Listener at 127.0.0.1/42293] INFO  ha.SCMServiceManager (SCMServiceManager.java:register(42)) - Registering service BackgroundPipelineCreator.
2022-06-01 03:35:53,240 [Listener at 127.0.0.1/42293] INFO  ha.SCMServiceManager (SCMServiceManager.java:register(42)) - Registering service BackgroundPipelineScrubber.
2022-06-01 03:35:53,240 [Listener at 127.0.0.1/42293] INFO  ExpiredContainerReplicaOpScrubber (BackgroundSCMService.java:start(68)) - Starting ExpiredContainerReplicaOpScrubber Service.
2022-06-01 03:35:53,248 [Listener at 127.0.0.1/42293] INFO  ha.SCMServiceManager (SCMServiceManager.java:register(42)) - Registering service ExpiredContainerReplicaOpScrubber.
2022-06-01 03:35:53,249 [Listener at 127.0.0.1/42293] INFO  algorithms.PipelineChoosePolicyFactory (PipelineChoosePolicyFactory.java:createPipelineChoosePolicyFromClass(73)) - Create pipeline choose policy of type org.apache.hadoop.hdds.scm.pipeline.choose.algorithms.RandomPipelineChoosePolicy
2022-06-01 03:35:53,249 [Listener at 127.0.0.1/42293] INFO  ha.SCMServiceManager (SCMServiceManager.java:register(42)) - Registering service SCMBlockDeletingService.
2022-06-01 03:35:53,250 [Listener at 127.0.0.1/42293] INFO  ha.SCMServiceManager (SCMServiceManager.java:register(42)) - Registering service ReplicationManager.
2022-06-01 03:35:53,250 [Listener at 127.0.0.1/42293] INFO  replication.ReplicationManager (ReplicationManager.java:start(179)) - Starting Replication Monitor Thread.
2022-06-01 03:35:53,267 [Listener at 127.0.0.1/42293] INFO  safemode.ContainerSafeModeRule (ContainerSafeModeRule.java:<init>(89)) - containers with one replica threshold count 0
2022-06-01 03:35:53,267 [Listener at 127.0.0.1/42293] INFO  safemode.HealthyPipelineSafeModeRule (HealthyPipelineSafeModeRule.java:initializeRule(156)) - Total pipeline count is 0, healthy pipeline threshold count is 1
2022-06-01 03:35:53,268 [Listener at 127.0.0.1/42293] INFO  safemode.OneReplicaPipelineSafeModeRule (OneReplicaPipelineSafeModeRule.java:initializeRule(180)) - Total pipeline count is 0, pipeline's with at least one datanode reported threshold count is 0
2022-06-01 03:35:53,268 [Listener at 127.0.0.1/42293] INFO  ipc.CallQueueManager (CallQueueManager.java:<init>(90)) - Using callQueue: class java.util.concurrent.LinkedBlockingQueue, queueCapacity: 2000, scheduler: class org.apache.hadoop.ipc.DefaultRpcScheduler, ipcBackoff: false.
2022-06-01 03:35:53,285 [Socket Reader #1 for port 0] INFO  ipc.Server (Server.java:run(1265)) - Starting Socket Reader #1 for port 0
2022-06-01 03:35:53,300 [Listener at 0.0.0.0/44565] INFO  ipc.CallQueueManager (CallQueueManager.java:<init>(90)) - Using callQueue: class java.util.concurrent.LinkedBlockingQueue, queueCapacity: 2000, scheduler: class org.apache.hadoop.ipc.DefaultRpcScheduler, ipcBackoff: false.
2022-06-01 03:35:53,301 [Socket Reader #1 for port 0] INFO  ipc.Server (Server.java:run(1265)) - Starting Socket Reader #1 for port 0
2022-06-01 03:35:53,301 [Listener at 0.0.0.0/34491] INFO  ipc.CallQueueManager (CallQueueManager.java:<init>(90)) - Using callQueue: class java.util.concurrent.LinkedBlockingQueue, queueCapacity: 2000, scheduler: class org.apache.hadoop.ipc.DefaultRpcScheduler, ipcBackoff: false.
2022-06-01 03:35:53,302 [Socket Reader #1 for port 0] INFO  ipc.Server (Server.java:run(1265)) - Starting Socket Reader #1 for port 0
2022-06-01 03:35:53,307 [ReplicationMonitor] INFO  replication.ReplicationManager (ReplicationManager.java:processAll(228)) - Replication Manager is not ready to run until 3000ms after safemode exit
2022-06-01 03:35:53,370 [Listener at 0.0.0.0/44595] INFO  server.StorageContainerManager (StorageContainerManager.java:<init>(400)) - 
Container Balancer status:
Key                            Value
Running                        false
Container Balancer Configuration values:
Key                                                Value
Threshold                                          10
Max Datanodes to Involve per Iteration(percent)    20
Max Size to Move per Iteration                     500GB
Max Size Entering Target per Iteration             26GB
Max Size Leaving Source per Iteration              26GB

2022-06-01 03:35:53,371 [Listener at 0.0.0.0/44595] WARN  events.EventQueue (EventQueue.java:fireEvent(194)) - No event handler registered for event TypedEvent{payloadType=SafeModeStatus, name='Safe mode status'}
2022-06-01 03:35:53,371 [Listener at 0.0.0.0/44595] INFO  ha.SCMContext (SCMContext.java:updateSafeModeStatus(211)) - Update SafeModeStatus from SafeModeStatus{safeModeStatus=true, preCheckPassed=false} to SafeModeStatus{safeModeStatus=true, preCheckPassed=false}.
2022-06-01 03:35:53,371 [Listener at 0.0.0.0/44595] INFO  server.StorageContainerManager (StorageContainerManager.java:start(1385)) - StorageContainerLocationProtocol RPC server is listening at /0.0.0.0:44595
2022-06-01 03:35:53,373 [Listener at 0.0.0.0/44595] WARN  impl.MetricsConfig (MetricsConfig.java:loadFirst(136)) - Cannot locate configuration: tried hadoop-metrics2-storagecontainermanager.properties,hadoop-metrics2.properties
2022-06-01 03:35:53,374 [Listener at 0.0.0.0/44595] INFO  impl.MetricsSystemImpl (MetricsSystemImpl.java:startTimer(378)) - Scheduled Metric snapshot period at 10 second(s).
2022-06-01 03:35:53,374 [Listener at 0.0.0.0/44595] INFO  impl.MetricsSystemImpl (MetricsSystemImpl.java:start(191)) - StorageContainerManager metrics system started
2022-06-01 03:35:53,389 [Listener at 0.0.0.0/44595] INFO  impl.MetricsSinkAdapter (MetricsSinkAdapter.java:start(204)) - Sink prometheus started
2022-06-01 03:35:53,389 [Listener at 0.0.0.0/44595] INFO  impl.MetricsSystemImpl (MetricsSystemImpl.java:registerSink(305)) - Registered sink prometheus
2022-06-01 03:35:53,448 [Listener at 0.0.0.0/44595] INFO  server.SCMClientProtocolServer (SCMClientProtocolServer.java:start(169)) - RPC server for Client  is listening at /0.0.0.0:44595
2022-06-01 03:35:53,492 [IPC Server Responder] INFO  ipc.Server (Server.java:run(1507)) - IPC Server Responder: starting
2022-06-01 03:35:53,492 [IPC Server listener on 0] INFO  ipc.Server (Server.java:run(1344)) - IPC Server listener on 0: starting
2022-06-01 03:35:53,537 [Listener at 0.0.0.0/44595] INFO  server.StorageContainerManager (StorageContainerManager.java:start(1400)) - ScmBlockLocationProtocol RPC server is listening at /0.0.0.0:34491
2022-06-01 03:35:53,544 [Listener at 0.0.0.0/44595] INFO  server.SCMBlockProtocolServer (SCMBlockProtocolServer.java:start(151)) - RPC server for Block Protocol is listening at /0.0.0.0:34491
2022-06-01 03:35:53,554 [IPC Server Responder] INFO  ipc.Server (Server.java:run(1507)) - IPC Server Responder: starting
2022-06-01 03:35:53,557 [IPC Server listener on 0] INFO  ipc.Server (Server.java:run(1344)) - IPC Server listener on 0: starting
2022-06-01 03:35:53,598 [Listener at 0.0.0.0/44595] INFO  server.SCMDatanodeProtocolServer (SCMDatanodeProtocolServer.java:start(183)) - ScmDatanodeProtocol RPC server for DataNodes is listening at /0.0.0.0:44565
2022-06-01 03:35:53,599 [IPC Server Responder] INFO  ipc.Server (Server.java:run(1507)) - IPC Server Responder: starting
2022-06-01 03:35:53,599 [IPC Server listener on 0] INFO  ipc.Server (Server.java:run(1344)) - IPC Server listener on 0: starting
2022-06-01 03:35:53,608 [Listener at 0.0.0.0/44595] INFO  http.BaseHttpServer (BaseHttpServer.java:newHttpServer2BuilderForOzone(209)) - Starting Web-server for scm at: http://0.0.0.0:0
2022-06-01 03:35:53,609 [Listener at 0.0.0.0/44595] INFO  http.BaseHttpServer (BaseHttpServer.java:<init>(107)) - Hadoop Security Enabled: false Ozone Security Enabled: false Ozone HTTP Security Enabled: false 
2022-06-01 03:35:53,641 [Listener at 0.0.0.0/44595] INFO  server.AuthenticationFilter (AuthenticationFilter.java:constructSecretProvider(240)) - Unable to initialize FileSignerSecretProvider, falling back to use random secrets.
2022-06-01 03:35:53,648 [Listener at 0.0.0.0/44595] WARN  http.HttpRequestLog (HttpRequestLog.java:getRequestLog(103)) - Jetty request log can only be enabled using Log4j
2022-06-01 03:35:53,648 [Listener at 0.0.0.0/44595] INFO  http.HttpServer2 (HttpServer2.java:addGlobalFilter(1030)) - Added global filter 'safety' (class=org.apache.hadoop.hdds.server.http.HttpServer2$QuotingInputFilter)
2022-06-01 03:35:53,649 [Listener at 0.0.0.0/44595] INFO  http.HttpServer2 (HttpServer2.java:addFilter(1006)) - Added filter static_user_filter (class=org.apache.hadoop.http.lib.StaticUserWebFilter$StaticUserFilter) to context scm
2022-06-01 03:35:53,650 [Listener at 0.0.0.0/44595] INFO  http.HttpServer2 (HttpServer2.java:addFilter(1014)) - Added filter static_user_filter (class=org.apache.hadoop.http.lib.StaticUserWebFilter$StaticUserFilter) to context logs
2022-06-01 03:35:53,650 [Listener at 0.0.0.0/44595] INFO  http.HttpServer2 (HttpServer2.java:addFilter(1014)) - Added filter static_user_filter (class=org.apache.hadoop.http.lib.StaticUserWebFilter$StaticUserFilter) to context static
2022-06-01 03:35:53,650 [org.apache.hadoop.util.JvmPauseMonitor$Monitor@2da7531e] INFO  util.JvmPauseMonitor (JvmPauseMonitor.java:run(188)) - Starting JVM pause monitor
2022-06-01 03:35:53,651 [Listener at 0.0.0.0/44595] INFO  http.HttpServer2 (HttpServer2.java:bindListener(1249)) - Jetty bound to port 44061
2022-06-01 03:35:53,651 [Listener at 0.0.0.0/44595] INFO  server.Server (Server.java:doStart(375)) - jetty-9.4.43.v20210629; built: 2021-06-30T11:07:22.254Z; git: 526006ecfa3af7f1a27ef3a288e2bef7ea9dd7e8; jvm 1.8.0_332-b09
2022-06-01 03:35:53,712 [Listener at 0.0.0.0/44595] INFO  server.session (DefaultSessionIdManager.java:doStart(334)) - DefaultSessionIdManager workerName=node0
2022-06-01 03:35:53,712 [Listener at 0.0.0.0/44595] INFO  server.session (DefaultSessionIdManager.java:doStart(339)) - No SessionScavenger set, using defaults
2022-06-01 03:35:53,712 [Listener at 0.0.0.0/44595] INFO  server.session (HouseKeeper.java:startScavenging(132)) - node0 Scavenging every 660000ms
2022-06-01 03:35:53,716 [Listener at 0.0.0.0/44595] INFO  handler.ContextHandler (ContextHandler.java:doStart(915)) - Started o.e.j.s.ServletContextHandler@3adf81d{logs,/logs,file:///home/runner/work/ozone/ozone/hadoop-ozone/integration-test/target/log,AVAILABLE}
2022-06-01 03:35:53,716 [Listener at 0.0.0.0/44595] INFO  handler.ContextHandler (ContextHandler.java:doStart(915)) - Started o.e.j.s.ServletContextHandler@5038e82d{static,/static,file:///home/runner/work/ozone/ozone/hadoop-ozone/integration-test/target/test-classes/webapps/static,AVAILABLE}
2022-06-01 03:35:53,721 [Listener at 0.0.0.0/44595] INFO  handler.ContextHandler (ContextHandler.java:doStart(915)) - Started o.e.j.w.WebAppContext@247ec94c{scm,/,file:///home/runner/work/ozone/ozone/hadoop-ozone/integration-test/target/test-classes/webapps/scm/,AVAILABLE}{file:/home/runner/work/ozone/ozone/hadoop-ozone/integration-test/target/test-classes/webapps/scm}
2022-06-01 03:35:53,722 [Listener at 0.0.0.0/44595] INFO  server.AbstractConnector (AbstractConnector.java:doStart(331)) - Started ServerConnector@136cef7c{HTTP/1.1, (http/1.1)}{0.0.0.0:44061}
2022-06-01 03:35:53,722 [Listener at 0.0.0.0/44595] INFO  server.Server (Server.java:doStart(415)) - Started @116856ms
2022-06-01 03:35:53,722 [Listener at 0.0.0.0/44595] WARN  impl.MetricsSystemImpl (MetricsSystemImpl.java:register(279)) - Sink prometheus already exists!
2022-06-01 03:35:53,723 [Listener at 0.0.0.0/44595] INFO  http.BaseHttpServer (BaseHttpServer.java:updateConnectorAddress(329)) - HTTP server of scm listening at http://0.0.0.0:44061
2022-06-01 03:35:53,723 [Listener at 0.0.0.0/44595] WARN  server.ServerUtils (ServerUtils.java:getDBPath(225)) - ozone.om.db.dirs is not configured. We recommend adding this setting. Falling back to ozone.metadata.dirs instead.
2022-06-01 03:35:53,748 [Listener at 0.0.0.0/44595] INFO  ha.OMHANodeDetails (OMHANodeDetails.java:loadOMHAConfig(115)) - ozone.om.internal.service.id is not defined, falling back to ozone.om.service.ids to find serviceID for OzoneManager if it is HA enabled cluster
2022-06-01 03:35:53,748 [Listener at 0.0.0.0/44595] INFO  ha.OMHANodeDetails (OMHANodeDetails.java:loadOMHAConfig(226)) - Configuration does not have ozone.om.address set. Falling back to the default OM address /127.0.0.1:0
2022-06-01 03:35:53,748 [Listener at 0.0.0.0/44595] INFO  ha.OMHANodeDetails (OMHANodeDetails.java:getOMNodeDetailsForNonHA(254)) - OM Service ID is not set. Setting it to the default ID: omServiceIdDefault
2022-06-01 03:35:53,748 [Listener at 0.0.0.0/44595] INFO  ha.OMHANodeDetails (OMHANodeDetails.java:getOMNodeDetailsForNonHA(261)) - OM Node ID is not set. Setting it to the default ID: om1
2022-06-01 03:35:53,748 [Listener at 0.0.0.0/44595] WARN  server.ServerUtils (ServerUtils.java:getDBPath(225)) - ozone.om.db.dirs is not configured. We recommend adding this setting. Falling back to ozone.metadata.dirs instead.
2022-06-01 03:35:53,749 [Listener at 0.0.0.0/44595] INFO  upgrade.AbstractLayoutVersionManager (AbstractLayoutVersionManager.java:init(79)) - Initializing Layout version manager with metadata layout = MULTITENANCY_SCHEMA (version = 3), software layout = MULTITENANCY_SCHEMA (version = 3)
2022-06-01 03:35:53,979 [Listener at 0.0.0.0/44595] INFO  reflections.Reflections (Reflections.java:scan(232)) - Reflections took 229 ms to scan 2 urls, producing 153 keys and 431 values [using 2 cores]
2022-06-01 03:35:53,979 [Listener at 0.0.0.0/44595] INFO  upgrade.OMLayoutVersionManager (OMLayoutVersionManager.java:lambda$0(115)) - Skipping Upgrade Action MockOmUpgradeAction since it has been finalized.
2022-06-01 03:35:53,980 [Listener at 0.0.0.0/44595] WARN  server.ServerUtils (ServerUtils.java:getDBPath(225)) - ozone.om.db.dirs is not configured. We recommend adding this setting. Falling back to ozone.metadata.dirs instead.
2022-06-01 03:35:53,980 [Listener at 0.0.0.0/44595] INFO  proxy.SCMBlockLocationFailoverProxyProvider (SCMBlockLocationFailoverProxyProvider.java:<init>(114)) - Created block location fail-over proxy with 1 nodes: [nodeId=scmNodeId,nodeAddress=/0.0.0.0:34491]
2022-06-01 03:35:53,981 [Listener at 0.0.0.0/44595] INFO  proxy.SCMBlockLocationFailoverProxyProvider (SCMBlockLocationFailoverProxyProvider.java:<init>(114)) - Created block location fail-over proxy with 1 nodes: [nodeId=scmNodeId,nodeAddress=/0.0.0.0:34491]
2022-06-01 03:35:54,017 [Listener at 0.0.0.0/44595] WARN  server.ServerUtils (ServerUtils.java:getDBPath(225)) - ozone.om.db.dirs is not configured. We recommend adding this setting. Falling back to ozone.metadata.dirs instead.
2022-06-01 03:35:54,018 [Listener at 0.0.0.0/44595] INFO  codec.OmKeyInfoCodec (OmKeyInfoCodec.java:<init>(49)) - OmKeyInfoCodec ignorePipeline = true
2022-06-01 03:35:54,018 [Listener at 0.0.0.0/44595] INFO  codec.RepeatedOmKeyInfoCodec (RepeatedOmKeyInfoCodec.java:<init>(41)) - RepeatedOmKeyInfoCodec ignorePipeline = true
2022-06-01 03:35:54,412 [Listener at 0.0.0.0/44595] INFO  om.OzoneManager (OzoneManager.java:instantiateServices(688)) - S3 Multi-Tenancy is disabled
2022-06-01 03:35:54,413 [Listener at 0.0.0.0/44595] INFO  om.OzoneManager (OzoneManager.java:addS3GVolumeToDB(4204)) - Created Volume s3v With Owner runner required for S3Gateway operations.
2022-06-01 03:35:54,413 [Listener at 0.0.0.0/44595] WARN  server.ServerUtils (ServerUtils.java:getDefaultRatisDirectory(237)) - Storage directory for Ratis is not configured. It is a good idea to map this to an SSD disk. Falling back to ozone.metadata.dirs
2022-06-01 03:35:54,414 [Listener at 0.0.0.0/44595] WARN  utils.OzoneManagerRatisUtils (OzoneManagerRatisUtils.java:getOMRatisSnapshotDirectory(425)) - ozone.om.ratis.snapshot.dir is not configured. Falling back to ozone.metadata.dirs config
2022-06-01 03:35:54,414 [Listener at 0.0.0.0/44595] WARN  server.ServerUtils (ServerUtils.java:getDefaultRatisDirectory(237)) - Storage directory for Ratis is not configured. It is a good idea to map this to an SSD disk. Falling back to ozone.metadata.dirs
2022-06-01 03:35:54,415 [Listener at 0.0.0.0/44595] INFO  ratis.OzoneManagerRatisServer (OzoneManagerRatisServer.java:<init>(159)) - Instantiating OM Ratis server with groupID: omServiceIdDefault and peers: localhost:9872
2022-06-01 03:35:54,415 [Listener at 0.0.0.0/44595] INFO  ratis.OzoneManagerStateMachine (OzoneManagerStateMachine.java:loadSnapshotInfoFromDB(627)) - LastAppliedIndex is set from TransactionInfo from OM DB as (t:0, i:~)
2022-06-01 03:35:54,425 [Listener at 0.0.0.0/44595] INFO  server.RaftServer (ConfUtils.java:logGet(46)) - raft.rpc.type = GRPC (default)
2022-06-01 03:35:54,425 [Listener at 0.0.0.0/44595] INFO  grpc.GrpcFactory (GrpcFactory.java:checkPooledByteBufAllocatorUseCacheForAllThreads(48)) - PERFORMANCE WARNING: useCacheForAllThreads is true that may cause Netty to create a lot garbage objects and, as a result, trigger GC.
	It is recommended to disable useCacheForAllThreads by setting -Dorg.apache.ratis.thirdparty.io.netty.allocator.useCacheForAllThreads=false in command line.
2022-06-01 03:35:54,426 [Listener at 0.0.0.0/44595] INFO  grpc.GrpcConfigKeys (ConfUtils.java:logGet(46)) - raft.grpc.admin.port = -1 (default)
2022-06-01 03:35:54,426 [Listener at 0.0.0.0/44595] INFO  grpc.GrpcConfigKeys (ConfUtils.java:logGet(46)) - raft.grpc.server.port = 9872 (custom)
2022-06-01 03:35:54,426 [Listener at 0.0.0.0/44595] INFO  grpc.GrpcConfigKeys (ConfUtils.java:logGet(46)) - raft.grpc.client.port = -1 (default)
2022-06-01 03:35:54,426 [Listener at 0.0.0.0/44595] INFO  grpc.GrpcConfigKeys (ConfUtils.java:logGet(46)) - raft.grpc.server.port = 9872 (custom)
2022-06-01 03:35:54,426 [Listener at 0.0.0.0/44595] INFO  grpc.GrpcConfigKeys (ConfUtils.java:logGet(46)) - raft.grpc.server.port = 9872 (custom)
2022-06-01 03:35:54,426 [Listener at 0.0.0.0/44595] INFO  server.GrpcService (ConfUtils.java:logGet(46)) - raft.grpc.message.size.max = 33554432 (custom)
2022-06-01 03:35:54,426 [Listener at 0.0.0.0/44595] INFO  server.RaftServerConfigKeys (ConfUtils.java:logGet(46)) - raft.server.log.appender.buffer.byte-limit = 33554432 (custom)
2022-06-01 03:35:54,426 [Listener at 0.0.0.0/44595] INFO  server.GrpcService (ConfUtils.java:logGet(46)) - raft.grpc.flow.control.window = 1MB (=1048576) (default)
2022-06-01 03:35:54,426 [Listener at 0.0.0.0/44595] INFO  server.RaftServerConfigKeys (ConfUtils.java:logGet(46)) - raft.server.rpc.request.timeout = 3000ms (default)
2022-06-01 03:35:54,426 [Listener at 0.0.0.0/44595] INFO  grpc.GrpcConfigKeys (ConfUtils.java:logGet(46)) - raft.grpc.server.async.request.thread.pool.cached = true (default)
2022-06-01 03:35:54,427 [Listener at 0.0.0.0/44595] INFO  grpc.GrpcConfigKeys (ConfUtils.java:logGet(46)) - raft.grpc.server.async.request.thread.pool.size = 32 (default)
2022-06-01 03:35:54,428 [Listener at 0.0.0.0/44595] INFO  impl.DataStreamServerImpl (ConfUtils.java:logGet(46)) - raft.datastream.type = DISABLED (default)
2022-06-01 03:35:54,429 [Listener at 0.0.0.0/44595] INFO  server.RaftServerConfigKeys (ConfUtils.java:logGet(46)) - raft.server.threadpool.proxy.cached = true (default)
2022-06-01 03:35:54,429 [Listener at 0.0.0.0/44595] INFO  server.RaftServerConfigKeys (ConfUtils.java:logGet(46)) - raft.server.threadpool.proxy.size = 0 (default)
2022-06-01 03:35:54,429 [Listener at 0.0.0.0/44595] INFO  server.RaftServerConfigKeys (ConfUtils.java:logGet(46)) - raft.server.rpc.slowness.timeout = 120s (custom)
2022-06-01 03:35:54,429 [Listener at 0.0.0.0/44595] INFO  server.RaftServerConfigKeys (ConfUtils.java:logGet(46)) - raft.server.leaderelection.leader.step-down.wait-time = 10s (default)
2022-06-01 03:35:54,434 [Listener at 0.0.0.0/44595] INFO  server.RaftServerConfigKeys (ConfUtils.java:logGet(46)) - raft.server.storage.dir = [/home/runner/work/ozone/ozone/hadoop-ozone/integration-test/target/test-dir/MiniOzoneClusterImpl-76e4b4cf-2f77-4a34-b745-000a24705eb3/ozone-meta/ratis] (custom)
2022-06-01 03:35:54,435 [Listener at 0.0.0.0/44595] INFO  server.RaftServer (RaftServerProxy.java:addNew(96)) - om1: addNew group-C5BA1605619E:[om1|rpc:localhost:9872|priority:0] returns group-C5BA1605619E:java.util.concurrent.CompletableFuture@c709daf[Not completed]
2022-06-01 03:35:54,435 [Listener at 0.0.0.0/44595] INFO  om.OzoneManager (OzoneManager.java:initializeRatisServer(1956)) - OzoneManager Ratis server initialized at port 9872
2022-06-01 03:35:54,440 [Listener at 0.0.0.0/44595] INFO  om.OzoneManager (OzoneManager.java:getRpcServer(1076)) - Creating RPC Server
2022-06-01 03:35:54,458 [pool-446-thread-1] INFO  server.RaftServer$Division (RaftServerImpl.java:<init>(190)) - om1: new RaftServerImpl for group-C5BA1605619E:[om1|rpc:localhost:9872|priority:0] with OzoneManagerStateMachine:uninitialized
2022-06-01 03:35:54,458 [pool-446-thread-1] INFO  server.RaftServerConfigKeys (ConfUtils.java:logGet(46)) - raft.server.rpc.timeout.min = 1s (custom)
2022-06-01 03:35:54,458 [pool-446-thread-1] INFO  server.RaftServerConfigKeys (ConfUtils.java:logGet(46)) - raft.server.rpc.timeout.max = 1200ms (custom)
2022-06-01 03:35:54,458 [pool-446-thread-1] INFO  server.RaftServerConfigKeys (ConfUtils.java:logGet(46)) - raft.server.rpc.sleep.time = 25ms (default)
2022-06-01 03:35:54,458 [pool-446-thread-1] INFO  server.RaftServerConfigKeys (ConfUtils.java:logGet(46)) - raft.server.rpc.slowness.timeout = 120s (custom)
2022-06-01 03:35:54,458 [pool-446-thread-1] INFO  server.RaftServerConfigKeys (ConfUtils.java:logGet(46)) - raft.server.leaderelection.leader.step-down.wait-time = 10s (default)
2022-06-01 03:35:54,458 [pool-446-thread-1] INFO  server.RaftServerConfigKeys (ConfUtils.java:logGet(46)) - raft.server.sleep.deviation.threshold = 300ms (default)
2022-06-01 03:35:54,458 [pool-446-thread-1] INFO  server.RaftServer$Division (ServerState.java:<init>(107)) - om1@group-C5BA1605619E: ConfigurationManager, init=-1: [om1|rpc:localhost:9872|priority:0], old=null, confs=<EMPTY_MAP>
2022-06-01 03:35:54,458 [pool-446-thread-1] INFO  server.RaftServerConfigKeys (ConfUtils.java:logGet(46)) - raft.server.storage.dir = [/home/runner/work/ozone/ozone/hadoop-ozone/integration-test/target/test-dir/MiniOzoneClusterImpl-76e4b4cf-2f77-4a34-b745-000a24705eb3/ozone-meta/ratis] (custom)
2022-06-01 03:35:54,459 [pool-446-thread-1] INFO  server.RaftServerConfigKeys (ConfUtils.java:logGet(46)) - raft.server.log.corruption.policy = EXCEPTION (default)
2022-06-01 03:35:54,459 [pool-446-thread-1] INFO  server.RaftServerConfigKeys (ConfUtils.java:logGet(46)) - raft.server.storage.free-space.min = 0MB (=0) (default)
2022-06-01 03:35:54,459 [pool-446-thread-1] INFO  storage.RaftStorageDirectory (RaftStorageDirectoryImpl.java:analyzeStorage(135)) - The storage directory /home/runner/work/ozone/ozone/hadoop-ozone/integration-test/target/test-dir/MiniOzoneClusterImpl-76e4b4cf-2f77-4a34-b745-000a24705eb3/ozone-meta/ratis/bf265839-605b-3f16-9796-c5ba1605619e does not exist. Creating ...
2022-06-01 03:35:54,462 [pool-446-thread-1] INFO  storage.RaftStorageDirectory (RaftStorageDirectoryImpl.java:tryLock(230)) - Lock on /home/runner/work/ozone/ozone/hadoop-ozone/integration-test/target/test-dir/MiniOzoneClusterImpl-76e4b4cf-2f77-4a34-b745-000a24705eb3/ozone-meta/ratis/bf265839-605b-3f16-9796-c5ba1605619e/in_use.lock acquired by nodename 14781@fv-az151-582
2022-06-01 03:35:54,463 [pool-446-thread-1] INFO  storage.RaftStorage (RaftStorageImpl.java:format(89)) - Storage directory /home/runner/work/ozone/ozone/hadoop-ozone/integration-test/target/test-dir/MiniOzoneClusterImpl-76e4b4cf-2f77-4a34-b745-000a24705eb3/ozone-meta/ratis/bf265839-605b-3f16-9796-c5ba1605619e has been successfully formatted.
2022-06-01 03:35:54,464 [pool-446-thread-1] INFO  server.RaftServerConfigKeys (ConfUtils.java:logGet(46)) - raft.server.notification.no-leader.timeout = 120s (custom)
2022-06-01 03:35:54,464 [pool-446-thread-1] INFO  server.RaftServerConfigKeys (ConfUtils.java:logGet(46)) - raft.server.log.use.memory = false (default)
2022-06-01 03:35:54,464 [pool-446-thread-1] INFO  server.RaftServerConfigKeys (ConfUtils.java:logGet(46)) - raft.server.log.purge.gap = 1000000 (custom)
2022-06-01 03:35:54,464 [pool-446-thread-1] INFO  server.RaftServerConfigKeys (ConfUtils.java:logGet(46)) - raft.server.log.appender.buffer.byte-limit = 33554432 (custom)
2022-06-01 03:35:54,465 [pool-446-thread-1] INFO  server.RaftServerConfigKeys (ConfUtils.java:logGet(46)) - raft.server.log.statemachine.data.read.timeout = 1000ms (default)
2022-06-01 03:35:54,465 [pool-446-thread-1] INFO  server.RaftServerConfigKeys (ConfUtils.java:logGet(46)) - raft.server.log.segment.size.max = 4194304 (custom)
2022-06-01 03:35:54,465 [pool-446-thread-1] INFO  server.RaftServerConfigKeys (ConfUtils.java:logGet(46)) - raft.server.log.segment.cache.num.max = 2 (custom)
2022-06-01 03:35:54,465 [pool-446-thread-1] INFO  server.RaftServerConfigKeys (ConfUtils.java:logGet(46)) - raft.server.log.segment.cache.size.max = 200MB (=209715200) (default)
2022-06-01 03:35:54,465 [pool-446-thread-1] INFO  segmented.SegmentedRaftLogWorker (SegmentedRaftLogWorker.java:<init>(187)) - new om1@group-C5BA1605619E-SegmentedRaftLogWorker for RaftStorageImpl:Storage Directory /home/runner/work/ozone/ozone/hadoop-ozone/integration-test/target/test-dir/MiniOzoneClusterImpl-76e4b4cf-2f77-4a34-b745-000a24705eb3/ozone-meta/ratis/bf265839-605b-3f16-9796-c5ba1605619e
2022-06-01 03:35:54,465 [pool-446-thread-1] INFO  server.RaftServerConfigKeys (ConfUtils.java:logGet(46)) - raft.server.log.queue.byte-limit = 64MB (=67108864) (default)
2022-06-01 03:35:54,465 [pool-446-thread-1] INFO  server.RaftServerConfigKeys (ConfUtils.java:logGet(46)) - raft.server.log.queue.element-limit = 4096 (default)
2022-06-01 03:35:54,465 [pool-446-thread-1] INFO  server.RaftServerConfigKeys (ConfUtils.java:logGet(46)) - raft.server.log.segment.size.max = 4194304 (custom)
2022-06-01 03:35:54,465 [pool-446-thread-1] INFO  server.RaftServerConfigKeys (ConfUtils.java:logGet(46)) - raft.server.log.preallocated.size = 4194304 (custom)
2022-06-01 03:35:54,465 [pool-446-thread-1] INFO  server.RaftServerConfigKeys (ConfUtils.java:logGet(46)) - raft.server.log.force.sync.num = 128 (default)
2022-06-01 03:35:54,465 [pool-446-thread-1] INFO  server.RaftServerConfigKeys (ConfUtils.java:logGet(46)) - raft.server.log.statemachine.data.sync = true (default)
2022-06-01 03:35:54,465 [pool-446-thread-1] INFO  server.RaftServerConfigKeys (ConfUtils.java:logGet(46)) - raft.server.log.statemachine.data.sync.timeout = 10s (default)
2022-06-01 03:35:54,466 [pool-446-thread-1] INFO  server.RaftServerConfigKeys (ConfUtils.java:logGet(46)) - raft.server.log.statemachine.data.sync.timeout.retry = -1 (default)
2022-06-01 03:35:54,488 [pool-446-thread-1] INFO  server.RaftServerConfigKeys (ConfUtils.java:logGet(46)) - raft.server.log.write.buffer.size = 64KB (=65536) (default)
2022-06-01 03:35:54,488 [pool-446-thread-1] INFO  server.RaftServerConfigKeys (ConfUtils.java:logGet(46)) - raft.server.log.unsafe-flush.enabled = false (default)
2022-06-01 03:35:54,488 [pool-446-thread-1] INFO  server.RaftServerConfigKeys (ConfUtils.java:logGet(46)) - raft.server.log.statemachine.data.caching.enabled = false (default)
2022-06-01 03:35:54,488 [pool-446-thread-1] INFO  segmented.SegmentedRaftLogWorker (SegmentedRaftLogWorker.java:lambda$new$0(135)) - om1@group-C5BA1605619E-SegmentedRaftLogWorker: flushIndex: setUnconditionally 0 -> -1
2022-06-01 03:35:54,488 [pool-446-thread-1] INFO  segmented.SegmentedRaftLogWorker (SegmentedRaftLogWorker.java:lambda$new$0(135)) - om1@group-C5BA1605619E-SegmentedRaftLogWorker: safeCacheEvictIndex: setUnconditionally 0 -> -1
2022-06-01 03:35:54,508 [pool-446-thread-1] INFO  server.RaftServerConfigKeys (ConfUtils.java:logGet(46)) - raft.server.snapshot.auto.trigger.enabled = true (custom)
2022-06-01 03:35:54,508 [pool-446-thread-1] INFO  server.RaftServerConfigKeys (ConfUtils.java:logGet(46)) - raft.server.snapshot.auto.trigger.threshold = 400000 (default)
2022-06-01 03:35:54,508 [pool-446-thread-1] INFO  server.RaftServerConfigKeys (ConfUtils.java:logGet(46)) - raft.server.snapshot.retention.file.num = -1 (default)
2022-06-01 03:35:54,508 [pool-446-thread-1] INFO  server.RaftServerConfigKeys (ConfUtils.java:logGet(46)) - raft.server.log.purge.upto.snapshot.index = true (custom)
2022-06-01 03:35:54,508 [pool-446-thread-1] INFO  server.RaftServerConfigKeys (ConfUtils.java:logGet(46)) - raft.server.retrycache.expirytime = 300s (custom)
2022-06-01 03:35:54,508 [pool-446-thread-1] INFO  server.RaftServerConfigKeys (ConfUtils.java:logGet(46)) - raft.server.retrycache.statistics.expirytime = 100μs (default)
2022-06-01 03:35:54,509 [pool-446-thread-1] INFO  server.RaftServerConfigKeys (ConfUtils.java:logGet(46)) - raft.server.log.appender.install.snapshot.enabled = false (custom)
2022-06-01 03:35:54,509 [pool-446-thread-1] INFO  server.RaftServerConfigKeys (ConfUtils.java:logGet(46)) - raft.server.threadpool.server.cached = true (default)
2022-06-01 03:35:54,509 [pool-446-thread-1] INFO  server.RaftServerConfigKeys (ConfUtils.java:logGet(46)) - raft.server.threadpool.server.size = 0 (default)
2022-06-01 03:35:54,509 [pool-446-thread-1] INFO  server.RaftServerConfigKeys (ConfUtils.java:logGet(46)) - raft.server.threadpool.client.cached = true (default)
2022-06-01 03:35:54,509 [pool-446-thread-1] INFO  server.RaftServerConfigKeys (ConfUtils.java:logGet(46)) - raft.server.threadpool.client.size = 0 (default)
2022-06-01 03:35:55,500 [Listener at 0.0.0.0/44595] INFO  reflections.Reflections (Reflections.java:scan(232)) - Reflections took 1058 ms to scan 19 urls, producing 61 keys and 3824 values [using 2 cores]
2022-06-01 03:35:55,705 [Listener at 0.0.0.0/44595] INFO  ipc.CallQueueManager (CallQueueManager.java:<init>(90)) - Using callQueue: class java.util.concurrent.LinkedBlockingQueue, queueCapacity: 2000, scheduler: class org.apache.hadoop.ipc.DefaultRpcScheduler, ipcBackoff: false.
2022-06-01 03:35:55,732 [Socket Reader #1 for port 0] INFO  ipc.Server (Server.java:run(1265)) - Starting Socket Reader #1 for port 0
2022-06-01 03:35:55,815 [Listener at 127.0.0.1/42769] INFO  impl.MetricsSystemImpl (MetricsSystemImpl.java:init(158)) - OzoneManager metrics system started (again)
2022-06-01 03:35:55,864 [Listener at 127.0.0.1/42769] INFO  om.OzoneManager (OzoneManager.java:start(1460)) - OzoneManager RPC server is listening at localhost/127.0.0.1:42769
2022-06-01 03:35:55,864 [Listener at 127.0.0.1/42769] INFO  ratis.OzoneManagerRatisServer (OzoneManagerRatisServer.java:start(554)) - Starting OzoneManagerRatisServer om1 at port 9872
2022-06-01 03:35:55,864 [om1-impl-thread1] INFO  server.RaftServer$Division (RaftServerImpl.java:start(310)) - om1@group-C5BA1605619E: start as a follower, conf=-1: [om1|rpc:localhost:9872|priority:0], old=null
2022-06-01 03:35:55,864 [om1-impl-thread1] INFO  server.RaftServer$Division (RaftServerImpl.java:setRole(299)) - om1@group-C5BA1605619E: changes role from      null to FOLLOWER at term 0 for startAsFollower
2022-06-01 03:35:55,864 [om1-impl-thread1] INFO  impl.RoleInfo (RoleInfo.java:updateAndGet(139)) - om1: start om1@group-C5BA1605619E-FollowerState
2022-06-01 03:35:55,876 [om1-impl-thread1] INFO  util.JmxRegister (JmxRegister.java:tryRegister(44)) - Successfully registered JMX Bean with object name Ratis:service=RaftServer,group=group-C5BA1605619E,id=om1
2022-06-01 03:35:55,892 [Listener at 127.0.0.1/42769] INFO  server.RaftServer (RaftServerProxy.java:lambda$start$6(382)) - om1: start RPC server
2022-06-01 03:35:55,964 [Listener at 127.0.0.1/42769] INFO  server.GrpcService (GrpcService.java:startImpl(260)) - om1: GrpcService started, listening on 9872
2022-06-01 03:35:55,964 [Listener at 127.0.0.1/42769] INFO  om.OzoneManager (OzoneManager.java:start(1476)) - Version File has different layout version (3) than OM DB (null). That is expected if this OM has never been finalized to a newer layout version.
2022-06-01 03:35:55,965 [org.apache.ratis.util.JvmPauseMonitor$$Lambda$677/1664655596@57e0b2fa] INFO  util.JvmPauseMonitor (JvmPauseMonitor.java:run(103)) - JvmPauseMonitor-om1: Started
2022-06-01 03:35:55,983 [Listener at 127.0.0.1/42769] INFO  http.BaseHttpServer (BaseHttpServer.java:newHttpServer2BuilderForOzone(209)) - Starting Web-server for ozoneManager at: http://0.0.0.0:0
2022-06-01 03:35:55,983 [Listener at 127.0.0.1/42769] INFO  http.BaseHttpServer (BaseHttpServer.java:<init>(107)) - Hadoop Security Enabled: false Ozone Security Enabled: false Ozone HTTP Security Enabled: false 
2022-06-01 03:35:55,984 [Listener at 127.0.0.1/42769] INFO  server.AuthenticationFilter (AuthenticationFilter.java:constructSecretProvider(240)) - Unable to initialize FileSignerSecretProvider, falling back to use random secrets.
2022-06-01 03:35:56,000 [Listener at 127.0.0.1/42769] WARN  http.HttpRequestLog (HttpRequestLog.java:getRequestLog(103)) - Jetty request log can only be enabled using Log4j
2022-06-01 03:35:56,001 [Listener at 127.0.0.1/42769] INFO  http.HttpServer2 (HttpServer2.java:addGlobalFilter(1030)) - Added global filter 'safety' (class=org.apache.hadoop.hdds.server.http.HttpServer2$QuotingInputFilter)
2022-06-01 03:35:56,001 [Listener at 127.0.0.1/42769] INFO  http.HttpServer2 (HttpServer2.java:addFilter(1006)) - Added filter static_user_filter (class=org.apache.hadoop.http.lib.StaticUserWebFilter$StaticUserFilter) to context ozoneManager
2022-06-01 03:35:56,001 [Listener at 127.0.0.1/42769] INFO  http.HttpServer2 (HttpServer2.java:addFilter(1014)) - Added filter static_user_filter (class=org.apache.hadoop.http.lib.StaticUserWebFilter$StaticUserFilter) to context logs
2022-06-01 03:35:56,001 [Listener at 127.0.0.1/42769] INFO  http.HttpServer2 (HttpServer2.java:addFilter(1014)) - Added filter static_user_filter (class=org.apache.hadoop.http.lib.StaticUserWebFilter$StaticUserFilter) to context static
2022-06-01 03:35:56,002 [Listener at 127.0.0.1/42769] INFO  http.HttpServer2 (HttpServer2.java:bindListener(1249)) - Jetty bound to port 37001
2022-06-01 03:35:56,002 [Listener at 127.0.0.1/42769] INFO  server.Server (Server.java:doStart(375)) - jetty-9.4.43.v20210629; built: 2021-06-30T11:07:22.254Z; git: 526006ecfa3af7f1a27ef3a288e2bef7ea9dd7e8; jvm 1.8.0_332-b09
2022-06-01 03:35:56,011 [Listener at 127.0.0.1/42769] INFO  server.session (DefaultSessionIdManager.java:doStart(334)) - DefaultSessionIdManager workerName=node0
2022-06-01 03:35:56,011 [Listener at 127.0.0.1/42769] INFO  server.session (DefaultSessionIdManager.java:doStart(339)) - No SessionScavenger set, using defaults
2022-06-01 03:35:56,011 [Listener at 127.0.0.1/42769] INFO  server.session (HouseKeeper.java:startScavenging(132)) - node0 Scavenging every 600000ms
2022-06-01 03:35:56,012 [Listener at 127.0.0.1/42769] INFO  handler.ContextHandler (ContextHandler.java:doStart(915)) - Started o.e.j.s.ServletContextHandler@6f6b7d08{logs,/logs,file:///home/runner/work/ozone/ozone/hadoop-ozone/integration-test/target/log,AVAILABLE}
2022-06-01 03:35:56,012 [Listener at 127.0.0.1/42769] INFO  handler.ContextHandler (ContextHandler.java:doStart(915)) - Started o.e.j.s.ServletContextHandler@5b0fce55{static,/static,file:///home/runner/work/ozone/ozone/hadoop-ozone/integration-test/target/test-classes/webapps/static,AVAILABLE}
2022-06-01 03:35:56,020 [Listener at 127.0.0.1/42769] INFO  handler.ContextHandler (ContextHandler.java:doStart(915)) - Started o.e.j.w.WebAppContext@1de0963a{ozoneManager,/,file:///home/runner/work/ozone/ozone/hadoop-ozone/integration-test/target/test-classes/webapps/ozoneManager/,AVAILABLE}{file:/home/runner/work/ozone/ozone/hadoop-ozone/integration-test/target/test-classes/webapps/ozoneManager}
2022-06-01 03:35:56,045 [Listener at 127.0.0.1/42769] INFO  server.AbstractConnector (AbstractConnector.java:doStart(331)) - Started ServerConnector@20faeee0{HTTP/1.1, (http/1.1)}{0.0.0.0:37001}
2022-06-01 03:35:56,045 [Listener at 127.0.0.1/42769] INFO  server.Server (Server.java:doStart(415)) - Started @119179ms
2022-06-01 03:35:56,045 [Listener at 127.0.0.1/42769] WARN  impl.MetricsSystemImpl (MetricsSystemImpl.java:register(279)) - Sink prometheus already exists!
2022-06-01 03:35:56,048 [Listener at 127.0.0.1/42769] INFO  http.BaseHttpServer (BaseHttpServer.java:updateConnectorAddress(329)) - HTTP server of ozoneManager listening at http://0.0.0.0:37001
2022-06-01 03:35:56,057 [IPC Server Responder] INFO  ipc.Server (Server.java:run(1507)) - IPC Server Responder: starting
2022-06-01 03:35:56,057 [IPC Server listener on 0] INFO  ipc.Server (Server.java:run(1344)) - IPC Server listener on 0: starting
2022-06-01 03:35:56,059 [Listener at 127.0.0.1/42769] INFO  om.OzoneManager (OzoneManager.java:startTrashEmptier(1900)) - Trash Interval set to 0. Files deleted won't move to trash
2022-06-01 03:35:56,076 [org.apache.hadoop.util.JvmPauseMonitor$Monitor@4226618c] INFO  util.JvmPauseMonitor (JvmPauseMonitor.java:run(188)) - Starting JVM pause monitor
2022-06-01 03:35:56,089 [Listener at 127.0.0.1/42769] WARN  impl.MetricRegistriesImpl (MetricRegistriesImpl.java:addReporterRegistration(111)) - New reporters are added after registries were created. Some metrics will be missing from the reporter. Please add reporter before adding any new registry.
2022-06-01 03:35:56,089 [Listener at 127.0.0.1/42769] WARN  impl.MetricRegistriesImpl (MetricRegistriesImpl.java:addReporterRegistration(111)) - New reporters are added after registries were created. Some metrics will be missing from the reporter. Please add reporter before adding any new registry.
2022-06-01 03:35:56,089 [Listener at 127.0.0.1/42769] INFO  impl.MetricsSystemImpl (MetricsSystemImpl.java:init(158)) - HddsDatanode metrics system started (again)
2022-06-01 03:35:56,119 [Listener at 127.0.0.1/42769] INFO  ozone.HddsDatanodeService (HddsDatanodeService.java:start(236)) - HddsDatanodeService host:fv-az151-582.yf2hydr00wburbhx3j5hxtcipe.bx.internal.cloudapp.net ip:10.1.0.5
2022-06-01 03:35:56,212 [Listener at 127.0.0.1/42769] INFO  upgrade.AbstractLayoutVersionManager (AbstractLayoutVersionManager.java:init(79)) - Initializing Layout version manager with metadata layout = ERASURE_CODED_STORAGE_SUPPORT (version = 3), software layout = ERASURE_CODED_STORAGE_SUPPORT (version = 3)
2022-06-01 03:35:56,318 [Listener at 127.0.0.1/42769] INFO  reflections.Reflections (Reflections.java:scan(232)) - Reflections took 104 ms to scan 7 urls, producing 127 keys and 292 values 
2022-06-01 03:35:56,319 [Listener at 127.0.0.1/42769] INFO  statemachine.DatanodeStateMachine (DatanodeStateMachine.java:getEndPointTaskThreadPoolSize(233)) - Datanode State Machine Task Thread Pool size 2
2022-06-01 03:35:56,338 [Listener at 127.0.0.1/42769] INFO  volume.HddsVolume (HddsVolume.java:<init>(120)) - Creating HddsVolume: /home/runner/work/ozone/ozone/hadoop-ozone/integration-test/target/test-dir/MiniOzoneClusterImpl-76e4b4cf-2f77-4a34-b745-000a24705eb3/datanode-0/data-0/containers/hdds of storage type : DISK capacity : 9223372036854775807
2022-06-01 03:35:56,338 [Listener at 127.0.0.1/42769] INFO  volume.MutableVolumeSet (MutableVolumeSet.java:initializeVolumeSet(168)) - Added Volume : /home/runner/work/ozone/ozone/hadoop-ozone/integration-test/target/test-dir/MiniOzoneClusterImpl-76e4b4cf-2f77-4a34-b745-000a24705eb3/datanode-0/data-0/containers/hdds to VolumeSet
2022-06-01 03:35:56,338 [Listener at 127.0.0.1/42769] INFO  volume.ThrottledAsyncChecker (ThrottledAsyncChecker.java:schedule(141)) - Scheduling a check for /home/runner/work/ozone/ozone/hadoop-ozone/integration-test/target/test-dir/MiniOzoneClusterImpl-76e4b4cf-2f77-4a34-b745-000a24705eb3/datanode-0/data-0/containers/hdds
2022-06-01 03:35:56,354 [Listener at 127.0.0.1/42769] INFO  volume.StorageVolumeChecker (StorageVolumeChecker.java:checkAllVolumes(202)) - Scheduled health check for volume /home/runner/work/ozone/ozone/hadoop-ozone/integration-test/target/test-dir/MiniOzoneClusterImpl-76e4b4cf-2f77-4a34-b745-000a24705eb3/datanode-0/data-0/containers/hdds
2022-06-01 03:35:56,380 [Listener at 127.0.0.1/42769] INFO  volume.MutableVolumeSet (MutableVolumeSet.java:initializeVolumeSet(168)) - Added Volume : /home/runner/work/ozone/ozone/hadoop-ozone/integration-test/target/test-dir/MiniOzoneClusterImpl-76e4b4cf-2f77-4a34-b745-000a24705eb3/datanode-0/data/ratis to VolumeSet
2022-06-01 03:35:56,385 [Listener at 127.0.0.1/42769] INFO  volume.ThrottledAsyncChecker (ThrottledAsyncChecker.java:schedule(141)) - Scheduling a check for /home/runner/work/ozone/ozone/hadoop-ozone/integration-test/target/test-dir/MiniOzoneClusterImpl-76e4b4cf-2f77-4a34-b745-000a24705eb3/datanode-0/data/ratis
2022-06-01 03:35:56,386 [Listener at 127.0.0.1/42769] INFO  volume.StorageVolumeChecker (StorageVolumeChecker.java:checkAllVolumes(202)) - Scheduled health check for volume /home/runner/work/ozone/ozone/hadoop-ozone/integration-test/target/test-dir/MiniOzoneClusterImpl-76e4b4cf-2f77-4a34-b745-000a24705eb3/datanode-0/data/ratis
2022-06-01 03:35:56,404 [Thread-917] INFO  ozoneimpl.ContainerReader (ContainerReader.java:readVolume(172)) - Finish verifying containers on volume /home/runner/work/ozone/ozone/hadoop-ozone/integration-test/target/test-dir/MiniOzoneClusterImpl-76e4b4cf-2f77-4a34-b745-000a24705eb3/datanode-0/data-0/containers/hdds
2022-06-01 03:35:56,405 [Listener at 127.0.0.1/42769] INFO  ozoneimpl.OzoneContainer (OzoneContainer.java:buildContainerSet(257)) - Build ContainerSet costs 0s
2022-06-01 03:35:56,406 [Listener at 127.0.0.1/42769] INFO  server.RaftServer (ConfUtils.java:logGet(46)) - raft.rpc.type = GRPC (default)
2022-06-01 03:35:56,407 [Listener at 127.0.0.1/42769] INFO  grpc.GrpcFactory (GrpcFactory.java:checkPooledByteBufAllocatorUseCacheForAllThreads(48)) - PERFORMANCE WARNING: useCacheForAllThreads is true that may cause Netty to create a lot garbage objects and, as a result, trigger GC.
	It is recommended to disable useCacheForAllThreads by setting -Dorg.apache.ratis.thirdparty.io.netty.allocator.useCacheForAllThreads=false in command line.
2022-06-01 03:35:56,407 [Listener at 127.0.0.1/42769] INFO  grpc.GrpcConfigKeys (ConfUtils.java:logGet(46)) - raft.grpc.admin.port = 0 (custom)
2022-06-01 03:35:56,407 [Listener at 127.0.0.1/42769] INFO  grpc.GrpcConfigKeys (ConfUtils.java:logGet(46)) - raft.grpc.client.port = 0 (custom)
2022-06-01 03:35:56,407 [Listener at 127.0.0.1/42769] INFO  grpc.GrpcConfigKeys (ConfUtils.java:logGet(46)) - raft.grpc.server.port = 0 (default)
2022-06-01 03:35:56,407 [Listener at 127.0.0.1/42769] INFO  server.GrpcService (ConfUtils.java:logGet(46)) - raft.grpc.message.size.max = 32MB (=33554432) (custom)
2022-06-01 03:35:56,407 [Listener at 127.0.0.1/42769] INFO  server.RaftServerConfigKeys (ConfUtils.java:logGet(46)) - raft.server.log.appender.buffer.byte-limit = 33554432 (custom)
2022-06-01 03:35:56,407 [Listener at 127.0.0.1/42769] INFO  server.GrpcService (ConfUtils.java:logGet(46)) - raft.grpc.flow.control.window = 5MB (=5242880) (custom)
2022-06-01 03:35:56,407 [Listener at 127.0.0.1/42769] INFO  server.RaftServerConfigKeys (ConfUtils.java:logGet(46)) - raft.server.rpc.request.timeout = 60s (custom)
2022-06-01 03:35:56,408 [Listener at 127.0.0.1/42769] INFO  grpc.GrpcConfigKeys (ConfUtils.java:logGet(46)) - raft.grpc.server.async.request.thread.pool.cached = true (default)
2022-06-01 03:35:56,429 [Listener at 127.0.0.1/42769] INFO  grpc.GrpcConfigKeys (ConfUtils.java:logGet(46)) - raft.grpc.server.async.request.thread.pool.size = 32 (default)
2022-06-01 03:35:56,431 [Listener at 127.0.0.1/42769] INFO  impl.DataStreamServerImpl (ConfUtils.java:logGet(46)) - raft.datastream.type = DISABLED (default)
2022-06-01 03:35:56,431 [Listener at 127.0.0.1/42769] INFO  server.RaftServerConfigKeys (ConfUtils.java:logGet(46)) - raft.server.threadpool.proxy.cached = true (default)
2022-06-01 03:35:56,431 [Listener at 127.0.0.1/42769] INFO  server.RaftServerConfigKeys (ConfUtils.java:logGet(46)) - raft.server.threadpool.proxy.size = 0 (default)
2022-06-01 03:35:56,431 [Listener at 127.0.0.1/42769] INFO  server.RaftServerConfigKeys (ConfUtils.java:logGet(46)) - raft.server.rpc.slowness.timeout = 300s (custom)
2022-06-01 03:35:56,431 [Listener at 127.0.0.1/42769] INFO  server.RaftServerConfigKeys (ConfUtils.java:logGet(46)) - raft.server.leaderelection.leader.step-down.wait-time = 10s (default)
2022-06-01 03:35:56,431 [Listener at 127.0.0.1/42769] INFO  server.RaftServerConfigKeys (ConfUtils.java:logGet(46)) - raft.server.storage.dir = [/home/runner/work/ozone/ozone/hadoop-ozone/integration-test/target/test-dir/MiniOzoneClusterImpl-76e4b4cf-2f77-4a34-b745-000a24705eb3/datanode-0/data/ratis] (custom)
2022-06-01 03:35:56,442 [Listener at 127.0.0.1/42769] INFO  server.XceiverServerGrpc (XceiverServerGrpc.java:<init>(132)) - GrpcServer channel type EpollServerSocketChannel
2022-06-01 03:35:56,451 [Listener at 127.0.0.1/42769] INFO  http.BaseHttpServer (BaseHttpServer.java:newHttpServer2BuilderForOzone(209)) - Starting Web-server for hddsDatanode at: http://0.0.0.0:0
2022-06-01 03:35:56,451 [Listener at 127.0.0.1/42769] INFO  http.BaseHttpServer (BaseHttpServer.java:<init>(107)) - Hadoop Security Enabled: false Ozone Security Enabled: false Ozone HTTP Security Enabled: false 
2022-06-01 03:35:56,452 [Listener at 127.0.0.1/42769] INFO  server.AuthenticationFilter (AuthenticationFilter.java:constructSecretProvider(240)) - Unable to initialize FileSignerSecretProvider, falling back to use random secrets.
2022-06-01 03:35:56,453 [Listener at 127.0.0.1/42769] WARN  http.HttpRequestLog (HttpRequestLog.java:getRequestLog(103)) - Jetty request log can only be enabled using Log4j
2022-06-01 03:35:56,453 [Listener at 127.0.0.1/42769] INFO  http.HttpServer2 (HttpServer2.java:addGlobalFilter(1030)) - Added global filter 'safety' (class=org.apache.hadoop.hdds.server.http.HttpServer2$QuotingInputFilter)
2022-06-01 03:35:56,454 [Listener at 127.0.0.1/42769] INFO  http.HttpServer2 (HttpServer2.java:addFilter(1006)) - Added filter static_user_filter (class=org.apache.hadoop.http.lib.StaticUserWebFilter$StaticUserFilter) to context hddsDatanode
2022-06-01 03:35:56,454 [Listener at 127.0.0.1/42769] INFO  http.HttpServer2 (HttpServer2.java:addFilter(1014)) - Added filter static_user_filter (class=org.apache.hadoop.http.lib.StaticUserWebFilter$StaticUserFilter) to context static
2022-06-01 03:35:56,454 [Listener at 127.0.0.1/42769] INFO  http.HttpServer2 (HttpServer2.java:addFilter(1014)) - Added filter static_user_filter (class=org.apache.hadoop.http.lib.StaticUserWebFilter$StaticUserFilter) to context logs
2022-06-01 03:35:56,454 [Listener at 127.0.0.1/42769] INFO  http.HttpServer2 (HttpServer2.java:bindListener(1249)) - Jetty bound to port 38015
2022-06-01 03:35:56,455 [Listener at 127.0.0.1/42769] INFO  server.Server (Server.java:doStart(375)) - jetty-9.4.43.v20210629; built: 2021-06-30T11:07:22.254Z; git: 526006ecfa3af7f1a27ef3a288e2bef7ea9dd7e8; jvm 1.8.0_332-b09
2022-06-01 03:35:56,456 [Listener at 127.0.0.1/42769] INFO  server.session (DefaultSessionIdManager.java:doStart(334)) - DefaultSessionIdManager workerName=node0
2022-06-01 03:35:56,456 [Listener at 127.0.0.1/42769] INFO  server.session (DefaultSessionIdManager.java:doStart(339)) - No SessionScavenger set, using defaults
2022-06-01 03:35:56,456 [Listener at 127.0.0.1/42769] INFO  server.session (HouseKeeper.java:startScavenging(132)) - node0 Scavenging every 660000ms
2022-06-01 03:35:56,457 [Listener at 127.0.0.1/42769] INFO  handler.ContextHandler (ContextHandler.java:doStart(915)) - Started o.e.j.s.ServletContextHandler@7c909fea{logs,/logs,file:///home/runner/work/ozone/ozone/hadoop-ozone/integration-test/target/log,AVAILABLE}
2022-06-01 03:35:56,457 [Listener at 127.0.0.1/42769] INFO  handler.ContextHandler (ContextHandler.java:doStart(915)) - Started o.e.j.s.ServletContextHandler@2585729d{static,/static,jar:file:/home/runner/.m2/repository/org/apache/ozone/hdds-container-service/1.3.0-SNAPSHOT/hdds-container-service-1.3.0-SNAPSHOT.jar!/webapps/static,AVAILABLE}
2022-06-01 03:35:56,879 [Listener at 127.0.0.1/42769] INFO  handler.ContextHandler (ContextHandler.java:doStart(915)) - Started o.e.j.w.WebAppContext@5b6e2a7e{hddsDatanode,/,file:///tmp/jetty-0_0_0_0-38015-hdds-container-service-1_3_0-SNAPSHOT_jar-_-any-4610269689642557344/webapp/,AVAILABLE}{jar:file:/home/runner/.m2/repository/org/apache/ozone/hdds-container-service/1.3.0-SNAPSHOT/hdds-container-service-1.3.0-SNAPSHOT.jar!/webapps/hddsDatanode}
2022-06-01 03:35:56,888 [Listener at 127.0.0.1/42769] INFO  server.AbstractConnector (AbstractConnector.java:doStart(331)) - Started ServerConnector@3e4123ae{HTTP/1.1, (http/1.1)}{0.0.0.0:38015}
2022-06-01 03:35:56,889 [Listener at 127.0.0.1/42769] INFO  server.Server (Server.java:doStart(415)) - Started @120023ms
2022-06-01 03:35:56,889 [Listener at 127.0.0.1/42769] WARN  impl.MetricsSystemImpl (MetricsSystemImpl.java:register(279)) - Sink prometheus already exists!
2022-06-01 03:35:56,891 [Listener at 127.0.0.1/42769] INFO  http.BaseHttpServer (BaseHttpServer.java:updateConnectorAddress(329)) - HTTP server of hddsDatanode listening at http://0.0.0.0:38015
2022-06-01 03:35:56,901 [Listener at 127.0.0.1/42769] WARN  impl.MetricRegistriesImpl (MetricRegistriesImpl.java:addReporterRegistration(111)) - New reporters are added after registries were created. Some metrics will be missing from the reporter. Please add reporter before adding any new registry.
2022-06-01 03:35:56,901 [Listener at 127.0.0.1/42769] WARN  impl.MetricRegistriesImpl (MetricRegistriesImpl.java:addReporterRegistration(111)) - New reporters are added after registries were created. Some metrics will be missing from the reporter. Please add reporter before adding any new registry.
2022-06-01 03:35:56,902 [Listener at 127.0.0.1/42769] INFO  impl.MetricsSystemImpl (MetricsSystemImpl.java:init(158)) - HddsDatanode metrics system started (again)
2022-06-01 03:35:56,908 [Datanode State Machine Daemon Thread] INFO  statemachine.DatanodeStateMachine (DatanodeStateMachine.java:lambda$startDaemon$0(481)) - Ozone container server started.
2022-06-01 03:35:56,943 [om1@group-C5BA1605619E-FollowerState] INFO  impl.FollowerState (FollowerState.java:run(143)) - om1@group-C5BA1605619E-FollowerState: change to CANDIDATE, lastRpcElapsedTime:1079153078ns, electionTimeout:1031ms
2022-06-01 03:35:56,944 [om1@group-C5BA1605619E-FollowerState] INFO  impl.RoleInfo (RoleInfo.java:shutdownFollowerState(110)) - om1: shutdown om1@group-C5BA1605619E-FollowerState
2022-06-01 03:35:56,944 [om1@group-C5BA1605619E-FollowerState] INFO  server.RaftServer$Division (RaftServerImpl.java:setRole(299)) - om1@group-C5BA1605619E: changes role from  FOLLOWER to CANDIDATE at term 0 for changeToCandidate
2022-06-01 03:35:56,944 [om1@group-C5BA1605619E-FollowerState] INFO  server.RaftServerConfigKeys (ConfUtils.java:logGet(46)) - raft.server.leaderelection.pre-vote = false (custom)
2022-06-01 03:35:56,944 [om1@group-C5BA1605619E-FollowerState] INFO  impl.RoleInfo (RoleInfo.java:updateAndGet(139)) - om1: start om1@group-C5BA1605619E-LeaderElection32
2022-06-01 03:35:56,946 [Listener at 127.0.0.1/42769] INFO  ozone.HddsDatanodeService (HddsDatanodeService.java:start(236)) - HddsDatanodeService host:fv-az151-582.yf2hydr00wburbhx3j5hxtcipe.bx.internal.cloudapp.net ip:10.1.0.5
2022-06-01 03:35:56,974 [org.apache.hadoop.util.JvmPauseMonitor$Monitor@87c736c] INFO  util.JvmPauseMonitor (JvmPauseMonitor.java:run(188)) - Starting JVM pause monitor
2022-06-01 03:35:57,002 [om1@group-C5BA1605619E-LeaderElection32] INFO  impl.LeaderElection (LeaderElection.java:askForVotes(310)) - om1@group-C5BA1605619E-LeaderElection32 ELECTION round 0: submit vote requests at term 1 for -1: [om1|rpc:localhost:9872|priority:0], old=null
2022-06-01 03:35:57,002 [om1@group-C5BA1605619E-LeaderElection32] INFO  impl.LeaderElection (LeaderElection.java:askForVotes(312)) - om1@group-C5BA1605619E-LeaderElection32 ELECTION round 0: result PASSED (term=1)
2022-06-01 03:35:57,002 [om1@group-C5BA1605619E-LeaderElection32] INFO  impl.RoleInfo (RoleInfo.java:shutdownLeaderElection(130)) - om1: shutdown om1@group-C5BA1605619E-LeaderElection32
2022-06-01 03:35:57,002 [om1@group-C5BA1605619E-LeaderElection32] INFO  server.RaftServer$Division (RaftServerImpl.java:setRole(299)) - om1@group-C5BA1605619E: changes role from CANDIDATE to LEADER at term 1 for changeToLeader
2022-06-01 03:35:57,002 [om1@group-C5BA1605619E-LeaderElection32] INFO  server.RaftServer$Division (ServerState.java:setLeader(287)) - om1@group-C5BA1605619E: change Leader from null to om1 at term 1 for becomeLeader, leader elected after 2538ms
2022-06-01 03:35:57,002 [om1@group-C5BA1605619E-LeaderElection32] INFO  server.RaftServerConfigKeys (ConfUtils.java:logGet(46)) - raft.server.staging.catchup.gap = 1000 (default)
2022-06-01 03:35:57,002 [om1@group-C5BA1605619E-LeaderElection32] INFO  server.RaftServerConfigKeys (ConfUtils.java:logGet(46)) - raft.server.write.element-limit = 4096 (default)
2022-06-01 03:35:57,002 [om1@group-C5BA1605619E-LeaderElection32] INFO  server.RaftServerConfigKeys (ConfUtils.java:logGet(46)) - raft.server.write.byte-limit = 64MB (=67108864) (default)
2022-06-01 03:35:57,002 [om1@group-C5BA1605619E-LeaderElection32] INFO  server.RaftServerConfigKeys (ConfUtils.java:logGet(46)) - raft.server.watch.timeout = 10s (default)
2022-06-01 03:35:57,002 [om1@group-C5BA1605619E-LeaderElection32] INFO  server.RaftServerConfigKeys (ConfUtils.java:logGet(46)) - raft.server.watch.timeout.denomination = 1s (default)
2022-06-01 03:35:57,002 [om1@group-C5BA1605619E-LeaderElection32] INFO  server.RaftServerConfigKeys (ConfUtils.java:logGet(46)) - raft.server.watch.element-limit = 65536 (default)
2022-06-01 03:35:57,002 [om1@group-C5BA1605619E-LeaderElection32] INFO  server.RaftServerConfigKeys (ConfUtils.java:logGet(46)) - raft.server.write.element-limit = 4096 (default)
2022-06-01 03:35:57,003 [om1@group-C5BA1605619E-LeaderElection32] INFO  server.RaftServerConfigKeys (ConfUtils.java:logGet(46)) - raft.server.write.follower.gap.ratio.max = -1.0 (default)
2022-06-01 03:35:57,003 [om1@group-C5BA1605619E-LeaderElection32] INFO  impl.RoleInfo (RoleInfo.java:updateAndGet(139)) - om1: start om1@group-C5BA1605619E-LeaderStateImpl
2022-06-01 03:35:57,003 [om1@group-C5BA1605619E-LeaderElection32] INFO  segmented.SegmentedRaftLogWorker (SegmentedRaftLogWorker.java:startLogSegment(425)) - om1@group-C5BA1605619E-SegmentedRaftLogWorker: Starting segment from index:0
2022-06-01 03:35:57,005 [Datanode State Machine Task Thread - 0] INFO  datanode.InitDatanodeState (InitDatanodeState.java:persistContainerDatanodeDetails(138)) - DatanodeDetails is persisted to /home/runner/work/ozone/ozone/hadoop-ozone/integration-test/target/test-dir/MiniOzoneClusterImpl-76e4b4cf-2f77-4a34-b745-000a24705eb3/datanode-0/meta/datanode.id
2022-06-01 03:35:57,018 [om1@group-C5BA1605619E-SegmentedRaftLogWorker] INFO  segmented.SegmentedRaftLogWorker (SegmentedRaftLogWorker.java:execute(629)) - om1@group-C5BA1605619E-SegmentedRaftLogWorker: created new log segment /home/runner/work/ozone/ozone/hadoop-ozone/integration-test/target/test-dir/MiniOzoneClusterImpl-76e4b4cf-2f77-4a34-b745-000a24705eb3/ozone-meta/ratis/bf265839-605b-3f16-9796-c5ba1605619e/current/log_inprogress_0
2022-06-01 03:35:57,025 [om1@group-C5BA1605619E-LeaderElection32] INFO  server.RaftServer$Division (ServerState.java:setRaftConf(393)) - om1@group-C5BA1605619E: set configuration 0: [om1|rpc:localhost:9872|admin:|client:|dataStream:|priority:0], old=null
2022-06-01 03:35:57,029 [om1@group-C5BA1605619E-StateMachineUpdater] INFO  ratis.OzoneManagerStateMachine (OzoneManagerStateMachine.java:notifyConfigurationChanged(191)) - Received Configuration change notification from Ratis. New Peer list:
[id: "om1"
address: "localhost:9872"
]
2022-06-01 03:35:57,035 [Listener at 127.0.0.1/42769] INFO  upgrade.AbstractLayoutVersionManager (AbstractLayoutVersionManager.java:init(79)) - Initializing Layout version manager with metadata layout = ERASURE_CODED_STORAGE_SUPPORT (version = 3), software layout = ERASURE_CODED_STORAGE_SUPPORT (version = 3)
2022-06-01 03:35:57,173 [Listener at 127.0.0.1/42769] INFO  reflections.Reflections (Reflections.java:scan(232)) - Reflections took 137 ms to scan 7 urls, producing 127 keys and 292 values 
2022-06-01 03:35:57,174 [Listener at 127.0.0.1/42769] INFO  statemachine.DatanodeStateMachine (DatanodeStateMachine.java:getEndPointTaskThreadPoolSize(233)) - Datanode State Machine Task Thread Pool size 2
2022-06-01 03:35:57,176 [Listener at 127.0.0.1/42769] INFO  volume.HddsVolume (HddsVolume.java:<init>(120)) - Creating HddsVolume: /home/runner/work/ozone/ozone/hadoop-ozone/integration-test/target/test-dir/MiniOzoneClusterImpl-76e4b4cf-2f77-4a34-b745-000a24705eb3/datanode-1/data-0/containers/hdds of storage type : DISK capacity : 9223372036854775807
2022-06-01 03:35:57,176 [Listener at 127.0.0.1/42769] INFO  volume.MutableVolumeSet (MutableVolumeSet.java:initializeVolumeSet(168)) - Added Volume : /home/runner/work/ozone/ozone/hadoop-ozone/integration-test/target/test-dir/MiniOzoneClusterImpl-76e4b4cf-2f77-4a34-b745-000a24705eb3/datanode-1/data-0/containers/hdds to VolumeSet
2022-06-01 03:35:57,176 [Listener at 127.0.0.1/42769] INFO  volume.ThrottledAsyncChecker (ThrottledAsyncChecker.java:schedule(141)) - Scheduling a check for /home/runner/work/ozone/ozone/hadoop-ozone/integration-test/target/test-dir/MiniOzoneClusterImpl-76e4b4cf-2f77-4a34-b745-000a24705eb3/datanode-1/data-0/containers/hdds
2022-06-01 03:35:57,177 [Listener at 127.0.0.1/42769] INFO  volume.StorageVolumeChecker (StorageVolumeChecker.java:checkAllVolumes(202)) - Scheduled health check for volume /home/runner/work/ozone/ozone/hadoop-ozone/integration-test/target/test-dir/MiniOzoneClusterImpl-76e4b4cf-2f77-4a34-b745-000a24705eb3/datanode-1/data-0/containers/hdds
2022-06-01 03:35:57,188 [Listener at 127.0.0.1/42769] INFO  volume.MutableVolumeSet (MutableVolumeSet.java:initializeVolumeSet(168)) - Added Volume : /home/runner/work/ozone/ozone/hadoop-ozone/integration-test/target/test-dir/MiniOzoneClusterImpl-76e4b4cf-2f77-4a34-b745-000a24705eb3/datanode-1/data/ratis to VolumeSet
2022-06-01 03:35:57,188 [Listener at 127.0.0.1/42769] INFO  volume.ThrottledAsyncChecker (ThrottledAsyncChecker.java:schedule(141)) - Scheduling a check for /home/runner/work/ozone/ozone/hadoop-ozone/integration-test/target/test-dir/MiniOzoneClusterImpl-76e4b4cf-2f77-4a34-b745-000a24705eb3/datanode-1/data/ratis
2022-06-01 03:35:57,188 [Listener at 127.0.0.1/42769] INFO  volume.StorageVolumeChecker (StorageVolumeChecker.java:checkAllVolumes(202)) - Scheduled health check for volume /home/runner/work/ozone/ozone/hadoop-ozone/integration-test/target/test-dir/MiniOzoneClusterImpl-76e4b4cf-2f77-4a34-b745-000a24705eb3/datanode-1/data/ratis
2022-06-01 03:35:57,224 [Thread-932] INFO  ozoneimpl.ContainerReader (ContainerReader.java:readVolume(172)) - Finish verifying containers on volume /home/runner/work/ozone/ozone/hadoop-ozone/integration-test/target/test-dir/MiniOzoneClusterImpl-76e4b4cf-2f77-4a34-b745-000a24705eb3/datanode-1/data-0/containers/hdds
2022-06-01 03:35:57,224 [Listener at 127.0.0.1/42769] INFO  ozoneimpl.OzoneContainer (OzoneContainer.java:buildContainerSet(257)) - Build ContainerSet costs 0s
2022-06-01 03:35:57,226 [Listener at 127.0.0.1/42769] INFO  server.RaftServer (ConfUtils.java:logGet(46)) - raft.rpc.type = GRPC (default)
2022-06-01 03:35:57,226 [Listener at 127.0.0.1/42769] INFO  grpc.GrpcFactory (GrpcFactory.java:checkPooledByteBufAllocatorUseCacheForAllThreads(48)) - PERFORMANCE WARNING: useCacheForAllThreads is true that may cause Netty to create a lot garbage objects and, as a result, trigger GC.
	It is recommended to disable useCacheForAllThreads by setting -Dorg.apache.ratis.thirdparty.io.netty.allocator.useCacheForAllThreads=false in command line.
2022-06-01 03:35:57,226 [Listener at 127.0.0.1/42769] INFO  grpc.GrpcConfigKeys (ConfUtils.java:logGet(46)) - raft.grpc.admin.port = 0 (custom)
2022-06-01 03:35:57,226 [Listener at 127.0.0.1/42769] INFO  grpc.GrpcConfigKeys (ConfUtils.java:logGet(46)) - raft.grpc.client.port = 0 (custom)
2022-06-01 03:35:57,227 [Listener at 127.0.0.1/42769] INFO  grpc.GrpcConfigKeys (ConfUtils.java:logGet(46)) - raft.grpc.server.port = 0 (default)
2022-06-01 03:35:57,227 [Listener at 127.0.0.1/42769] INFO  server.GrpcService (ConfUtils.java:logGet(46)) - raft.grpc.message.size.max = 32MB (=33554432) (custom)
2022-06-01 03:35:57,227 [Listener at 127.0.0.1/42769] INFO  server.RaftServerConfigKeys (ConfUtils.java:logGet(46)) - raft.server.log.appender.buffer.byte-limit = 33554432 (custom)
2022-06-01 03:35:57,227 [Listener at 127.0.0.1/42769] INFO  server.GrpcService (ConfUtils.java:logGet(46)) - raft.grpc.flow.control.window = 5MB (=5242880) (custom)
2022-06-01 03:35:57,227 [Listener at 127.0.0.1/42769] INFO  server.RaftServerConfigKeys (ConfUtils.java:logGet(46)) - raft.server.rpc.request.timeout = 60s (custom)
2022-06-01 03:35:57,227 [Listener at 127.0.0.1/42769] INFO  grpc.GrpcConfigKeys (ConfUtils.java:logGet(46)) - raft.grpc.server.async.request.thread.pool.cached = true (default)
2022-06-01 03:35:57,227 [Listener at 127.0.0.1/42769] INFO  grpc.GrpcConfigKeys (ConfUtils.java:logGet(46)) - raft.grpc.server.async.request.thread.pool.size = 32 (default)
2022-06-01 03:35:57,233 [Listener at 127.0.0.1/42769] INFO  impl.DataStreamServerImpl (ConfUtils.java:logGet(46)) - raft.datastream.type = DISABLED (default)
2022-06-01 03:35:57,233 [Listener at 127.0.0.1/42769] INFO  server.RaftServerConfigKeys (ConfUtils.java:logGet(46)) - raft.server.threadpool.proxy.cached = true (default)
2022-06-01 03:35:57,233 [Listener at 127.0.0.1/42769] INFO  server.RaftServerConfigKeys (ConfUtils.java:logGet(46)) - raft.server.threadpool.proxy.size = 0 (default)
2022-06-01 03:35:57,233 [Listener at 127.0.0.1/42769] INFO  server.RaftServerConfigKeys (ConfUtils.java:logGet(46)) - raft.server.rpc.slowness.timeout = 300s (custom)
2022-06-01 03:35:57,233 [Listener at 127.0.0.1/42769] INFO  server.RaftServerConfigKeys (ConfUtils.java:logGet(46)) - raft.server.leaderelection.leader.step-down.wait-time = 10s (default)
2022-06-01 03:35:57,233 [Listener at 127.0.0.1/42769] INFO  server.RaftServerConfigKeys (ConfUtils.java:logGet(46)) - raft.server.storage.dir = [/home/runner/work/ozone/ozone/hadoop-ozone/integration-test/target/test-dir/MiniOzoneClusterImpl-76e4b4cf-2f77-4a34-b745-000a24705eb3/datanode-1/data/ratis] (custom)
2022-06-01 03:35:57,246 [Listener at 127.0.0.1/42769] INFO  server.XceiverServerGrpc (XceiverServerGrpc.java:<init>(132)) - GrpcServer channel type EpollServerSocketChannel
2022-06-01 03:35:57,260 [Listener at 127.0.0.1/42769] INFO  http.BaseHttpServer (BaseHttpServer.java:newHttpServer2BuilderForOzone(209)) - Starting Web-server for hddsDatanode at: http://0.0.0.0:0
2022-06-01 03:35:57,260 [Listener at 127.0.0.1/42769] INFO  http.BaseHttpServer (BaseHttpServer.java:<init>(107)) - Hadoop Security Enabled: false Ozone Security Enabled: false Ozone HTTP Security Enabled: false 
2022-06-01 03:35:57,265 [Listener at 127.0.0.1/42769] INFO  server.AuthenticationFilter (AuthenticationFilter.java:constructSecretProvider(240)) - Unable to initialize FileSignerSecretProvider, falling back to use random secrets.
2022-06-01 03:35:57,274 [Listener at 127.0.0.1/42769] WARN  http.HttpRequestLog (HttpRequestLog.java:getRequestLog(103)) - Jetty request log can only be enabled using Log4j
2022-06-01 03:35:57,275 [Listener at 127.0.0.1/42769] INFO  http.HttpServer2 (HttpServer2.java:addGlobalFilter(1030)) - Added global filter 'safety' (class=org.apache.hadoop.hdds.server.http.HttpServer2$QuotingInputFilter)
2022-06-01 03:35:57,275 [Listener at 127.0.0.1/42769] INFO  http.HttpServer2 (HttpServer2.java:addFilter(1006)) - Added filter static_user_filter (class=org.apache.hadoop.http.lib.StaticUserWebFilter$StaticUserFilter) to context hddsDatanode
2022-06-01 03:35:57,275 [Listener at 127.0.0.1/42769] INFO  http.HttpServer2 (HttpServer2.java:addFilter(1014)) - Added filter static_user_filter (class=org.apache.hadoop.http.lib.StaticUserWebFilter$StaticUserFilter) to context static
2022-06-01 03:35:57,275 [Listener at 127.0.0.1/42769] INFO  http.HttpServer2 (HttpServer2.java:addFilter(1014)) - Added filter static_user_filter (class=org.apache.hadoop.http.lib.StaticUserWebFilter$StaticUserFilter) to context logs
2022-06-01 03:35:57,276 [Listener at 127.0.0.1/42769] INFO  http.HttpServer2 (HttpServer2.java:bindListener(1249)) - Jetty bound to port 39963
2022-06-01 03:35:57,276 [Listener at 127.0.0.1/42769] INFO  server.Server (Server.java:doStart(375)) - jetty-9.4.43.v20210629; built: 2021-06-30T11:07:22.254Z; git: 526006ecfa3af7f1a27ef3a288e2bef7ea9dd7e8; jvm 1.8.0_332-b09
2022-06-01 03:35:57,277 [Listener at 127.0.0.1/42769] INFO  server.session (DefaultSessionIdManager.java:doStart(334)) - DefaultSessionIdManager workerName=node0
2022-06-01 03:35:57,277 [Listener at 127.0.0.1/42769] INFO  server.session (DefaultSessionIdManager.java:doStart(339)) - No SessionScavenger set, using defaults
2022-06-01 03:35:57,278 [Listener at 127.0.0.1/42769] INFO  server.session (HouseKeeper.java:startScavenging(132)) - node0 Scavenging every 600000ms
2022-06-01 03:35:57,278 [Listener at 127.0.0.1/42769] INFO  handler.ContextHandler (ContextHandler.java:doStart(915)) - Started o.e.j.s.ServletContextHandler@7a45b380{logs,/logs,file:///home/runner/work/ozone/ozone/hadoop-ozone/integration-test/target/log,AVAILABLE}
2022-06-01 03:35:57,279 [Listener at 127.0.0.1/42769] INFO  handler.ContextHandler (ContextHandler.java:doStart(915)) - Started o.e.j.s.ServletContextHandler@62e34572{static,/static,jar:file:/home/runner/.m2/repository/org/apache/ozone/hdds-container-service/1.3.0-SNAPSHOT/hdds-container-service-1.3.0-SNAPSHOT.jar!/webapps/static,AVAILABLE}
2022-06-01 03:35:57,990 [Listener at 127.0.0.1/42769] INFO  handler.ContextHandler (ContextHandler.java:doStart(915)) - Started o.e.j.w.WebAppContext@17672d33{hddsDatanode,/,file:///tmp/jetty-0_0_0_0-39963-hdds-container-service-1_3_0-SNAPSHOT_jar-_-any-3908725763507164833/webapp/,AVAILABLE}{jar:file:/home/runner/.m2/repository/org/apache/ozone/hdds-container-service/1.3.0-SNAPSHOT/hdds-container-service-1.3.0-SNAPSHOT.jar!/webapps/hddsDatanode}
2022-06-01 03:35:57,996 [Listener at 127.0.0.1/42769] INFO  server.AbstractConnector (AbstractConnector.java:doStart(331)) - Started ServerConnector@1f5628d9{HTTP/1.1, (http/1.1)}{0.0.0.0:39963}
2022-06-01 03:35:57,997 [Listener at 127.0.0.1/42769] INFO  server.Server (Server.java:doStart(415)) - Started @121131ms
2022-06-01 03:35:57,997 [Listener at 127.0.0.1/42769] WARN  impl.MetricsSystemImpl (MetricsSystemImpl.java:register(279)) - Sink prometheus already exists!
2022-06-01 03:35:57,997 [Listener at 127.0.0.1/42769] INFO  http.BaseHttpServer (BaseHttpServer.java:updateConnectorAddress(329)) - HTTP server of hddsDatanode listening at http://0.0.0.0:39963
2022-06-01 03:35:58,002 [Listener at 127.0.0.1/42769] WARN  impl.MetricRegistriesImpl (MetricRegistriesImpl.java:addReporterRegistration(111)) - New reporters are added after registries were created. Some metrics will be missing from the reporter. Please add reporter before adding any new registry.
2022-06-01 03:35:58,002 [Listener at 127.0.0.1/42769] WARN  impl.MetricRegistriesImpl (MetricRegistriesImpl.java:addReporterRegistration(111)) - New reporters are added after registries were created. Some metrics will be missing from the reporter. Please add reporter before adding any new registry.
2022-06-01 03:35:58,002 [Listener at 127.0.0.1/42769] INFO  impl.MetricsSystemImpl (MetricsSystemImpl.java:init(158)) - HddsDatanode metrics system started (again)
2022-06-01 03:35:58,017 [Datanode State Machine Daemon Thread] INFO  statemachine.DatanodeStateMachine (DatanodeStateMachine.java:lambda$startDaemon$0(481)) - Ozone container server started.
2022-06-01 03:35:58,038 [org.apache.hadoop.util.JvmPauseMonitor$Monitor@2135f659] INFO  util.JvmPauseMonitor (JvmPauseMonitor.java:run(188)) - Starting JVM pause monitor
2022-06-01 03:35:58,070 [Datanode State Machine Task Thread - 0] INFO  datanode.InitDatanodeState (InitDatanodeState.java:persistContainerDatanodeDetails(138)) - DatanodeDetails is persisted to /home/runner/work/ozone/ozone/hadoop-ozone/integration-test/target/test-dir/MiniOzoneClusterImpl-76e4b4cf-2f77-4a34-b745-000a24705eb3/datanode-1/meta/datanode.id
2022-06-01 03:35:58,073 [Listener at 127.0.0.1/42769] INFO  ozone.HddsDatanodeService (HddsDatanodeService.java:start(236)) - HddsDatanodeService host:fv-az151-582.yf2hydr00wburbhx3j5hxtcipe.bx.internal.cloudapp.net ip:10.1.0.5
2022-06-01 03:35:58,130 [Listener at 127.0.0.1/42769] INFO  upgrade.AbstractLayoutVersionManager (AbstractLayoutVersionManager.java:init(79)) - Initializing Layout version manager with metadata layout = ERASURE_CODED_STORAGE_SUPPORT (version = 3), software layout = ERASURE_CODED_STORAGE_SUPPORT (version = 3)
2022-06-01 03:35:58,282 [Listener at 127.0.0.1/42769] INFO  reflections.Reflections (Reflections.java:scan(232)) - Reflections took 142 ms to scan 7 urls, producing 127 keys and 292 values 
2022-06-01 03:35:58,285 [Listener at 127.0.0.1/42769] INFO  statemachine.DatanodeStateMachine (DatanodeStateMachine.java:getEndPointTaskThreadPoolSize(233)) - Datanode State Machine Task Thread Pool size 2
2022-06-01 03:35:58,290 [Listener at 127.0.0.1/42769] INFO  volume.HddsVolume (HddsVolume.java:<init>(120)) - Creating HddsVolume: /home/runner/work/ozone/ozone/hadoop-ozone/integration-test/target/test-dir/MiniOzoneClusterImpl-76e4b4cf-2f77-4a34-b745-000a24705eb3/datanode-2/data-0/containers/hdds of storage type : DISK capacity : 9223372036854775807
2022-06-01 03:35:58,310 [Listener at 127.0.0.1/42769] INFO  volume.MutableVolumeSet (MutableVolumeSet.java:initializeVolumeSet(168)) - Added Volume : /home/runner/work/ozone/ozone/hadoop-ozone/integration-test/target/test-dir/MiniOzoneClusterImpl-76e4b4cf-2f77-4a34-b745-000a24705eb3/datanode-2/data-0/containers/hdds to VolumeSet
2022-06-01 03:35:58,310 [Listener at 127.0.0.1/42769] INFO  volume.ThrottledAsyncChecker (ThrottledAsyncChecker.java:schedule(141)) - Scheduling a check for /home/runner/work/ozone/ozone/hadoop-ozone/integration-test/target/test-dir/MiniOzoneClusterImpl-76e4b4cf-2f77-4a34-b745-000a24705eb3/datanode-2/data-0/containers/hdds
2022-06-01 03:35:58,316 [Listener at 127.0.0.1/42769] INFO  volume.StorageVolumeChecker (StorageVolumeChecker.java:checkAllVolumes(202)) - Scheduled health check for volume /home/runner/work/ozone/ozone/hadoop-ozone/integration-test/target/test-dir/MiniOzoneClusterImpl-76e4b4cf-2f77-4a34-b745-000a24705eb3/datanode-2/data-0/containers/hdds
2022-06-01 03:35:58,345 [Listener at 127.0.0.1/42769] INFO  volume.MutableVolumeSet (MutableVolumeSet.java:initializeVolumeSet(168)) - Added Volume : /home/runner/work/ozone/ozone/hadoop-ozone/integration-test/target/test-dir/MiniOzoneClusterImpl-76e4b4cf-2f77-4a34-b745-000a24705eb3/datanode-2/data/ratis to VolumeSet
2022-06-01 03:35:58,345 [Listener at 127.0.0.1/42769] INFO  volume.ThrottledAsyncChecker (ThrottledAsyncChecker.java:schedule(141)) - Scheduling a check for /home/runner/work/ozone/ozone/hadoop-ozone/integration-test/target/test-dir/MiniOzoneClusterImpl-76e4b4cf-2f77-4a34-b745-000a24705eb3/datanode-2/data/ratis
2022-06-01 03:35:58,345 [Listener at 127.0.0.1/42769] INFO  volume.StorageVolumeChecker (StorageVolumeChecker.java:checkAllVolumes(202)) - Scheduled health check for volume /home/runner/work/ozone/ozone/hadoop-ozone/integration-test/target/test-dir/MiniOzoneClusterImpl-76e4b4cf-2f77-4a34-b745-000a24705eb3/datanode-2/data/ratis
2022-06-01 03:35:58,355 [Thread-945] INFO  ozoneimpl.ContainerReader (ContainerReader.java:readVolume(172)) - Finish verifying containers on volume /home/runner/work/ozone/ozone/hadoop-ozone/integration-test/target/test-dir/MiniOzoneClusterImpl-76e4b4cf-2f77-4a34-b745-000a24705eb3/datanode-2/data-0/containers/hdds
2022-06-01 03:35:58,355 [Listener at 127.0.0.1/42769] INFO  ozoneimpl.OzoneContainer (OzoneContainer.java:buildContainerSet(257)) - Build ContainerSet costs 0s
2022-06-01 03:35:58,357 [Listener at 127.0.0.1/42769] INFO  server.RaftServer (ConfUtils.java:logGet(46)) - raft.rpc.type = GRPC (default)
2022-06-01 03:35:58,357 [Listener at 127.0.0.1/42769] INFO  grpc.GrpcFactory (GrpcFactory.java:checkPooledByteBufAllocatorUseCacheForAllThreads(48)) - PERFORMANCE WARNING: useCacheForAllThreads is true that may cause Netty to create a lot garbage objects and, as a result, trigger GC.
	It is recommended to disable useCacheForAllThreads by setting -Dorg.apache.ratis.thirdparty.io.netty.allocator.useCacheForAllThreads=false in command line.
2022-06-01 03:35:58,357 [Listener at 127.0.0.1/42769] INFO  grpc.GrpcConfigKeys (ConfUtils.java:logGet(46)) - raft.grpc.admin.port = 0 (custom)
2022-06-01 03:35:58,358 [Listener at 127.0.0.1/42769] INFO  grpc.GrpcConfigKeys (ConfUtils.java:logGet(46)) - raft.grpc.client.port = 0 (custom)
2022-06-01 03:35:58,358 [Listener at 127.0.0.1/42769] INFO  grpc.GrpcConfigKeys (ConfUtils.java:logGet(46)) - raft.grpc.server.port = 0 (default)
2022-06-01 03:35:58,358 [Listener at 127.0.0.1/42769] INFO  server.GrpcService (ConfUtils.java:logGet(46)) - raft.grpc.message.size.max = 32MB (=33554432) (custom)
2022-06-01 03:35:58,358 [Listener at 127.0.0.1/42769] INFO  server.RaftServerConfigKeys (ConfUtils.java:logGet(46)) - raft.server.log.appender.buffer.byte-limit = 33554432 (custom)
2022-06-01 03:35:58,358 [Listener at 127.0.0.1/42769] INFO  server.GrpcService (ConfUtils.java:logGet(46)) - raft.grpc.flow.control.window = 5MB (=5242880) (custom)
2022-06-01 03:35:58,358 [Listener at 127.0.0.1/42769] INFO  server.RaftServerConfigKeys (ConfUtils.java:logGet(46)) - raft.server.rpc.request.timeout = 60s (custom)
2022-06-01 03:35:58,358 [Listener at 127.0.0.1/42769] INFO  grpc.GrpcConfigKeys (ConfUtils.java:logGet(46)) - raft.grpc.server.async.request.thread.pool.cached = true (default)
2022-06-01 03:35:58,358 [Listener at 127.0.0.1/42769] INFO  grpc.GrpcConfigKeys (ConfUtils.java:logGet(46)) - raft.grpc.server.async.request.thread.pool.size = 32 (default)
2022-06-01 03:35:58,362 [Listener at 127.0.0.1/42769] INFO  impl.DataStreamServerImpl (ConfUtils.java:logGet(46)) - raft.datastream.type = DISABLED (default)
2022-06-01 03:35:58,362 [Listener at 127.0.0.1/42769] INFO  server.RaftServerConfigKeys (ConfUtils.java:logGet(46)) - raft.server.threadpool.proxy.cached = true (default)
2022-06-01 03:35:58,362 [Listener at 127.0.0.1/42769] INFO  server.RaftServerConfigKeys (ConfUtils.java:logGet(46)) - raft.server.threadpool.proxy.size = 0 (default)
2022-06-01 03:35:58,362 [Listener at 127.0.0.1/42769] INFO  server.RaftServerConfigKeys (ConfUtils.java:logGet(46)) - raft.server.rpc.slowness.timeout = 300s (custom)
2022-06-01 03:35:58,362 [Listener at 127.0.0.1/42769] INFO  server.RaftServerConfigKeys (ConfUtils.java:logGet(46)) - raft.server.leaderelection.leader.step-down.wait-time = 10s (default)
2022-06-01 03:35:58,363 [Listener at 127.0.0.1/42769] INFO  server.RaftServerConfigKeys (ConfUtils.java:logGet(46)) - raft.server.storage.dir = [/home/runner/work/ozone/ozone/hadoop-ozone/integration-test/target/test-dir/MiniOzoneClusterImpl-76e4b4cf-2f77-4a34-b745-000a24705eb3/datanode-2/data/ratis] (custom)
2022-06-01 03:35:58,370 [Listener at 127.0.0.1/42769] INFO  server.XceiverServerGrpc (XceiverServerGrpc.java:<init>(132)) - GrpcServer channel type EpollServerSocketChannel
2022-06-01 03:35:58,381 [Listener at 127.0.0.1/42769] INFO  http.BaseHttpServer (BaseHttpServer.java:newHttpServer2BuilderForOzone(209)) - Starting Web-server for hddsDatanode at: http://0.0.0.0:0
2022-06-01 03:35:58,381 [Listener at 127.0.0.1/42769] INFO  http.BaseHttpServer (BaseHttpServer.java:<init>(107)) - Hadoop Security Enabled: false Ozone Security Enabled: false Ozone HTTP Security Enabled: false 
2022-06-01 03:35:58,382 [Listener at 127.0.0.1/42769] INFO  server.AuthenticationFilter (AuthenticationFilter.java:constructSecretProvider(240)) - Unable to initialize FileSignerSecretProvider, falling back to use random secrets.
2022-06-01 03:35:58,383 [Listener at 127.0.0.1/42769] WARN  http.HttpRequestLog (HttpRequestLog.java:getRequestLog(103)) - Jetty request log can only be enabled using Log4j
2022-06-01 03:35:58,383 [Listener at 127.0.0.1/42769] INFO  http.HttpServer2 (HttpServer2.java:addGlobalFilter(1030)) - Added global filter 'safety' (class=org.apache.hadoop.hdds.server.http.HttpServer2$QuotingInputFilter)
2022-06-01 03:35:58,386 [Listener at 127.0.0.1/42769] INFO  http.HttpServer2 (HttpServer2.java:addFilter(1006)) - Added filter static_user_filter (class=org.apache.hadoop.http.lib.StaticUserWebFilter$StaticUserFilter) to context hddsDatanode
2022-06-01 03:35:58,386 [Listener at 127.0.0.1/42769] INFO  http.HttpServer2 (HttpServer2.java:addFilter(1014)) - Added filter static_user_filter (class=org.apache.hadoop.http.lib.StaticUserWebFilter$StaticUserFilter) to context logs
2022-06-01 03:35:58,386 [Listener at 127.0.0.1/42769] INFO  http.HttpServer2 (HttpServer2.java:addFilter(1014)) - Added filter static_user_filter (class=org.apache.hadoop.http.lib.StaticUserWebFilter$StaticUserFilter) to context static
2022-06-01 03:35:58,387 [Listener at 127.0.0.1/42769] INFO  http.HttpServer2 (HttpServer2.java:bindListener(1249)) - Jetty bound to port 40947
2022-06-01 03:35:58,387 [Listener at 127.0.0.1/42769] INFO  server.Server (Server.java:doStart(375)) - jetty-9.4.43.v20210629; built: 2021-06-30T11:07:22.254Z; git: 526006ecfa3af7f1a27ef3a288e2bef7ea9dd7e8; jvm 1.8.0_332-b09
2022-06-01 03:35:58,390 [Listener at 127.0.0.1/42769] INFO  server.session (DefaultSessionIdManager.java:doStart(334)) - DefaultSessionIdManager workerName=node0
2022-06-01 03:35:58,390 [Listener at 127.0.0.1/42769] INFO  server.session (DefaultSessionIdManager.java:doStart(339)) - No SessionScavenger set, using defaults
2022-06-01 03:35:58,390 [Listener at 127.0.0.1/42769] INFO  server.session (HouseKeeper.java:startScavenging(132)) - node0 Scavenging every 660000ms
2022-06-01 03:35:58,391 [Listener at 127.0.0.1/42769] INFO  handler.ContextHandler (ContextHandler.java:doStart(915)) - Started o.e.j.s.ServletContextHandler@27e378d3{logs,/logs,file:///home/runner/work/ozone/ozone/hadoop-ozone/integration-test/target/log,AVAILABLE}
2022-06-01 03:35:58,395 [Listener at 127.0.0.1/42769] INFO  handler.ContextHandler (ContextHandler.java:doStart(915)) - Started o.e.j.s.ServletContextHandler@8f911ab{static,/static,jar:file:/home/runner/.m2/repository/org/apache/ozone/hdds-container-service/1.3.0-SNAPSHOT/hdds-container-service-1.3.0-SNAPSHOT.jar!/webapps/static,AVAILABLE}
2022-06-01 03:35:58,760 [Listener at 127.0.0.1/42769] INFO  handler.ContextHandler (ContextHandler.java:doStart(915)) - Started o.e.j.w.WebAppContext@70b1f14{hddsDatanode,/,file:///tmp/jetty-0_0_0_0-40947-hdds-container-service-1_3_0-SNAPSHOT_jar-_-any-382628469028863465/webapp/,AVAILABLE}{jar:file:/home/runner/.m2/repository/org/apache/ozone/hdds-container-service/1.3.0-SNAPSHOT/hdds-container-service-1.3.0-SNAPSHOT.jar!/webapps/hddsDatanode}
2022-06-01 03:35:58,772 [Listener at 127.0.0.1/42769] INFO  server.AbstractConnector (AbstractConnector.java:doStart(331)) - Started ServerConnector@22268e34{HTTP/1.1, (http/1.1)}{0.0.0.0:40947}
2022-06-01 03:35:58,772 [Listener at 127.0.0.1/42769] INFO  server.Server (Server.java:doStart(415)) - Started @121906ms
2022-06-01 03:35:58,772 [Listener at 127.0.0.1/42769] WARN  impl.MetricsSystemImpl (MetricsSystemImpl.java:register(279)) - Sink prometheus already exists!
2022-06-01 03:35:58,780 [Listener at 127.0.0.1/42769] INFO  http.BaseHttpServer (BaseHttpServer.java:updateConnectorAddress(329)) - HTTP server of hddsDatanode listening at http://0.0.0.0:40947
2022-06-01 03:35:58,795 [Listener at 127.0.0.1/42769] INFO  ozone.MiniOzoneClusterImpl (MiniOzoneClusterImpl.java:lambda$waitForClusterToBeReady$0(221)) - Waiting for nodes to be ready. Got 0 of 3 DN Heartbeats.
2022-06-01 03:35:58,795 [Listener at 127.0.0.1/42769] INFO  ozone.MiniOzoneClusterImpl (MiniOzoneClusterImpl.java:lambda$waitForClusterToBeReady$0(224)) - Waiting for cluster to exit safe mode
2022-06-01 03:35:58,795 [Listener at 127.0.0.1/42769] INFO  ozone.MiniOzoneClusterImpl (MiniOzoneClusterImpl.java:lambda$waitForClusterToBeReady$0(226)) - SCM became leader
2022-06-01 03:35:58,797 [Datanode State Machine Daemon Thread] INFO  statemachine.DatanodeStateMachine (DatanodeStateMachine.java:lambda$startDaemon$0(481)) - Ozone container server started.
2022-06-01 03:35:58,897 [org.apache.hadoop.util.JvmPauseMonitor$Monitor@151de001] INFO  util.JvmPauseMonitor (JvmPauseMonitor.java:run(188)) - Starting JVM pause monitor
2022-06-01 03:35:58,909 [Datanode State Machine Task Thread - 0] INFO  datanode.InitDatanodeState (InitDatanodeState.java:persistContainerDatanodeDetails(138)) - DatanodeDetails is persisted to /home/runner/work/ozone/ozone/hadoop-ozone/integration-test/target/test-dir/MiniOzoneClusterImpl-76e4b4cf-2f77-4a34-b745-000a24705eb3/datanode-2/meta/datanode.id
2022-06-01 03:35:59,017 [EndpointStateMachine task thread for /0.0.0.0:44565 - 0 ] INFO  ozoneimpl.OzoneContainer (OzoneContainer.java:start(335)) - Attempting to start container services.
2022-06-01 03:35:59,017 [EndpointStateMachine task thread for /0.0.0.0:44565 - 0 ] INFO  ozoneimpl.OzoneContainer (OzoneContainer.java:startContainerScrub(270)) - Background container scanner has been disabled.
2022-06-01 03:35:59,041 [EndpointStateMachine task thread for /0.0.0.0:44565 - 0 ] INFO  replication.ReplicationServer (ReplicationServer.java:start(111)) - ReplicationServer is started using port 36619
2022-06-01 03:35:59,058 [EndpointStateMachine task thread for /0.0.0.0:44565 - 0 ] INFO  ratis.XceiverServerRatis (XceiverServerRatis.java:start(481)) - Starting XceiverServerRatis 3e8281a1-b9ae-49e9-9444-8fa4effc3e34
2022-06-01 03:35:59,059 [EndpointStateMachine task thread for /0.0.0.0:44565 - 0 ] INFO  server.RaftServer (RaftServerProxy.java:lambda$start$6(382)) - 3e8281a1-b9ae-49e9-9444-8fa4effc3e34: start RPC server
2022-06-01 03:35:59,069 [EndpointStateMachine task thread for /0.0.0.0:44565 - 0 ] INFO  server.GrpcService (GrpcService.java:startImpl(260)) - 3e8281a1-b9ae-49e9-9444-8fa4effc3e34: GrpcService started, listening on 43207
2022-06-01 03:35:59,069 [EndpointStateMachine task thread for /0.0.0.0:44565 - 0 ] INFO  ratis.XceiverServerRatis (XceiverServerRatis.java:getRealPort(502)) - XceiverServerRatis 3e8281a1-b9ae-49e9-9444-8fa4effc3e34 is started using port 43207 for RATIS
2022-06-01 03:35:59,069 [EndpointStateMachine task thread for /0.0.0.0:44565 - 0 ] INFO  ratis.XceiverServerRatis (XceiverServerRatis.java:getRealPort(502)) - XceiverServerRatis 3e8281a1-b9ae-49e9-9444-8fa4effc3e34 is started using port 43207 for RATIS_ADMIN
2022-06-01 03:35:59,069 [EndpointStateMachine task thread for /0.0.0.0:44565 - 0 ] INFO  ratis.XceiverServerRatis (XceiverServerRatis.java:getRealPort(502)) - XceiverServerRatis 3e8281a1-b9ae-49e9-9444-8fa4effc3e34 is started using port 43207 for RATIS_SERVER
2022-06-01 03:35:59,070 [org.apache.ratis.util.JvmPauseMonitor$$Lambda$677/1664655596@7b9b1ec7] INFO  util.JvmPauseMonitor (JvmPauseMonitor.java:run(103)) - JvmPauseMonitor-3e8281a1-b9ae-49e9-9444-8fa4effc3e34: Started
2022-06-01 03:35:59,116 [EndpointStateMachine task thread for /0.0.0.0:44565 - 0 ] INFO  server.XceiverServerGrpc (XceiverServerGrpc.java:start(180)) - XceiverServerGrpc 3e8281a1-b9ae-49e9-9444-8fa4effc3e34 is started using port 38487
2022-06-01 03:35:59,795 [Listener at 127.0.0.1/42769] INFO  ozone.MiniOzoneClusterImpl (MiniOzoneClusterImpl.java:lambda$waitForClusterToBeReady$0(221)) - Waiting for nodes to be ready. Got 0 of 3 DN Heartbeats.
2022-06-01 03:35:59,796 [Listener at 127.0.0.1/42769] INFO  ozone.MiniOzoneClusterImpl (MiniOzoneClusterImpl.java:lambda$waitForClusterToBeReady$0(224)) - Waiting for cluster to exit safe mode
2022-06-01 03:35:59,796 [Listener at 127.0.0.1/42769] INFO  ozone.MiniOzoneClusterImpl (MiniOzoneClusterImpl.java:lambda$waitForClusterToBeReady$0(226)) - SCM became leader
2022-06-01 03:36:00,071 [EndpointStateMachine task thread for /0.0.0.0:44565 - 0 ] INFO  ozoneimpl.OzoneContainer (OzoneContainer.java:start(335)) - Attempting to start container services.
2022-06-01 03:36:00,071 [EndpointStateMachine task thread for /0.0.0.0:44565 - 0 ] INFO  ozoneimpl.OzoneContainer (OzoneContainer.java:startContainerScrub(270)) - Background container scanner has been disabled.
2022-06-01 03:36:00,083 [EndpointStateMachine task thread for /0.0.0.0:44565 - 0 ] INFO  replication.ReplicationServer (ReplicationServer.java:start(111)) - ReplicationServer is started using port 38053
2022-06-01 03:36:00,084 [EndpointStateMachine task thread for /0.0.0.0:44565 - 0 ] INFO  ratis.XceiverServerRatis (XceiverServerRatis.java:start(481)) - Starting XceiverServerRatis 529b0fef-71a0-4d37-9a61-8cc4c3782ff3
2022-06-01 03:36:00,086 [EndpointStateMachine task thread for /0.0.0.0:44565 - 0 ] INFO  server.RaftServer (RaftServerProxy.java:lambda$start$6(382)) - 529b0fef-71a0-4d37-9a61-8cc4c3782ff3: start RPC server
2022-06-01 03:36:00,089 [EndpointStateMachine task thread for /0.0.0.0:44565 - 0 ] INFO  server.GrpcService (GrpcService.java:startImpl(260)) - 529b0fef-71a0-4d37-9a61-8cc4c3782ff3: GrpcService started, listening on 41883
2022-06-01 03:36:00,089 [EndpointStateMachine task thread for /0.0.0.0:44565 - 0 ] INFO  ratis.XceiverServerRatis (XceiverServerRatis.java:getRealPort(502)) - XceiverServerRatis 529b0fef-71a0-4d37-9a61-8cc4c3782ff3 is started using port 41883 for RATIS
2022-06-01 03:36:00,089 [EndpointStateMachine task thread for /0.0.0.0:44565 - 0 ] INFO  ratis.XceiverServerRatis (XceiverServerRatis.java:getRealPort(502)) - XceiverServerRatis 529b0fef-71a0-4d37-9a61-8cc4c3782ff3 is started using port 41883 for RATIS_ADMIN
2022-06-01 03:36:00,089 [EndpointStateMachine task thread for /0.0.0.0:44565 - 0 ] INFO  ratis.XceiverServerRatis (XceiverServerRatis.java:getRealPort(502)) - XceiverServerRatis 529b0fef-71a0-4d37-9a61-8cc4c3782ff3 is started using port 41883 for RATIS_SERVER
2022-06-01 03:36:00,089 [org.apache.ratis.util.JvmPauseMonitor$$Lambda$677/1664655596@28aced3a] INFO  util.JvmPauseMonitor (JvmPauseMonitor.java:run(103)) - JvmPauseMonitor-529b0fef-71a0-4d37-9a61-8cc4c3782ff3: Started
2022-06-01 03:36:00,135 [EndpointStateMachine task thread for /0.0.0.0:44565 - 0 ] INFO  server.XceiverServerGrpc (XceiverServerGrpc.java:start(180)) - XceiverServerGrpc 529b0fef-71a0-4d37-9a61-8cc4c3782ff3 is started using port 45267
2022-06-01 03:36:00,809 [Listener at 127.0.0.1/42769] INFO  ozone.MiniOzoneClusterImpl (MiniOzoneClusterImpl.java:lambda$waitForClusterToBeReady$0(221)) - Waiting for nodes to be ready. Got 0 of 3 DN Heartbeats.
2022-06-01 03:36:00,809 [Listener at 127.0.0.1/42769] INFO  ozone.MiniOzoneClusterImpl (MiniOzoneClusterImpl.java:lambda$waitForClusterToBeReady$0(224)) - Waiting for cluster to exit safe mode
2022-06-01 03:36:00,810 [Listener at 127.0.0.1/42769] INFO  ozone.MiniOzoneClusterImpl (MiniOzoneClusterImpl.java:lambda$waitForClusterToBeReady$0(226)) - SCM became leader
2022-06-01 03:36:00,926 [EndpointStateMachine task thread for /0.0.0.0:44565 - 0 ] INFO  ozoneimpl.OzoneContainer (OzoneContainer.java:start(335)) - Attempting to start container services.
2022-06-01 03:36:00,927 [EndpointStateMachine task thread for /0.0.0.0:44565 - 0 ] INFO  ozoneimpl.OzoneContainer (OzoneContainer.java:startContainerScrub(270)) - Background container scanner has been disabled.
2022-06-01 03:36:00,948 [EndpointStateMachine task thread for /0.0.0.0:44565 - 0 ] INFO  replication.ReplicationServer (ReplicationServer.java:start(111)) - ReplicationServer is started using port 43793
2022-06-01 03:36:00,948 [EndpointStateMachine task thread for /0.0.0.0:44565 - 0 ] INFO  ratis.XceiverServerRatis (XceiverServerRatis.java:start(481)) - Starting XceiverServerRatis 1f79d333-1db1-49a4-8b1f-86941531a8c6
2022-06-01 03:36:00,949 [EndpointStateMachine task thread for /0.0.0.0:44565 - 0 ] INFO  server.RaftServer (RaftServerProxy.java:lambda$start$6(382)) - 1f79d333-1db1-49a4-8b1f-86941531a8c6: start RPC server
2022-06-01 03:36:00,965 [EndpointStateMachine task thread for /0.0.0.0:44565 - 0 ] INFO  server.GrpcService (GrpcService.java:startImpl(260)) - 1f79d333-1db1-49a4-8b1f-86941531a8c6: GrpcService started, listening on 45599
2022-06-01 03:36:00,968 [EndpointStateMachine task thread for /0.0.0.0:44565 - 0 ] INFO  ratis.XceiverServerRatis (XceiverServerRatis.java:getRealPort(502)) - XceiverServerRatis 1f79d333-1db1-49a4-8b1f-86941531a8c6 is started using port 45599 for RATIS
2022-06-01 03:36:00,968 [EndpointStateMachine task thread for /0.0.0.0:44565 - 0 ] INFO  ratis.XceiverServerRatis (XceiverServerRatis.java:getRealPort(502)) - XceiverServerRatis 1f79d333-1db1-49a4-8b1f-86941531a8c6 is started using port 45599 for RATIS_ADMIN
2022-06-01 03:36:00,968 [EndpointStateMachine task thread for /0.0.0.0:44565 - 0 ] INFO  ratis.XceiverServerRatis (XceiverServerRatis.java:getRealPort(502)) - XceiverServerRatis 1f79d333-1db1-49a4-8b1f-86941531a8c6 is started using port 45599 for RATIS_SERVER
2022-06-01 03:36:00,968 [org.apache.ratis.util.JvmPauseMonitor$$Lambda$677/1664655596@783a98b6] INFO  util.JvmPauseMonitor (JvmPauseMonitor.java:run(103)) - JvmPauseMonitor-1f79d333-1db1-49a4-8b1f-86941531a8c6: Started
2022-06-01 03:36:00,975 [IPC Server handler 18 on default port 44565] INFO  net.NetworkTopologyImpl (NetworkTopologyImpl.java:add(112)) - Added a new node: /default-rack/3e8281a1-b9ae-49e9-9444-8fa4effc3e34
2022-06-01 03:36:00,975 [IPC Server handler 18 on default port 44565] INFO  node.SCMNodeManager (SCMNodeManager.java:register(393)) - Registered Data node : 3e8281a1-b9ae-49e9-9444-8fa4effc3e34{ip: 10.1.0.5, host: fv-az151-582.yf2hydr00wburbhx3j5hxtcipe.bx.internal.cloudapp.net, ports: [REPLICATION=36619, RATIS=43207, RATIS_ADMIN=43207, RATIS_SERVER=43207, STANDALONE=38487], networkLocation: /default-rack, certSerialId: null, persistedOpState: null, persistedOpStateExpiryEpochSec: 0}
2022-06-01 03:36:00,996 [EventQueue-NodeRegistrationContainerReportForContainerSafeModeRule] INFO  safemode.SCMSafeModeManager (SCMSafeModeManager.java:validateSafeModeExitRules(204)) - ContainerSafeModeRule rule is successfully validated
2022-06-01 03:36:00,996 [EventQueue-NodeRegistrationContainerReportForDataNodeSafeModeRule] INFO  safemode.SCMSafeModeManager (DataNodeSafeModeRule.java:process(71)) - SCM in safe mode. 1 DataNodes registered, 3 required.
2022-06-01 03:36:01,007 [EventQueue-NewNodeForNewNodeHandler] INFO  pipeline.BackgroundPipelineCreator (BackgroundPipelineCreator.java:notifyEventTriggered(272)) - trigger a one-shot run on RatisPipelineUtilsThread.
2022-06-01 03:36:01,008 [RatisPipelineUtilsThread - 0] INFO  pipeline.RatisPipelineProvider (RatisPipelineProvider.java:lambda$create$0(195)) - Sending CreatePipelineCommand for pipeline:PipelineID=5630ac9c-54f0-4d0a-901b-067c656791a5 to datanode:3e8281a1-b9ae-49e9-9444-8fa4effc3e34
2022-06-01 03:36:01,009 [RatisPipelineUtilsThread - 0] INFO  pipeline.PipelineStateManagerImpl (PipelineStateManagerImpl.java:addPipeline(101)) - Created pipeline Pipeline[ Id: 5630ac9c-54f0-4d0a-901b-067c656791a5, Nodes: 3e8281a1-b9ae-49e9-9444-8fa4effc3e34{ip: 10.1.0.5, host: fv-az151-582.yf2hydr00wburbhx3j5hxtcipe.bx.internal.cloudapp.net, ports: [REPLICATION=36619, RATIS=43207, RATIS_ADMIN=43207, RATIS_SERVER=43207, STANDALONE=38487], networkLocation: /default-rack, certSerialId: null, persistedOpState: IN_SERVICE, persistedOpStateExpiryEpochSec: 0}, ReplicationConfig: RATIS/ONE, State:ALLOCATED, leaderId:, CreationTimestamp2022-06-01T03:36:01.008Z[Etc/UTC]].
2022-06-01 03:36:01,022 [EventQueue-PipelineReportForOneReplicaPipelineSafeModeRule] INFO  safemode.SCMSafeModeManager (SCMSafeModeManager.java:validateSafeModeExitRules(204)) - AtleastOneDatanodeReportedRule rule is successfully validated
2022-06-01 03:36:01,025 [EndpointStateMachine task thread for /0.0.0.0:44565 - 0 ] INFO  server.XceiverServerGrpc (XceiverServerGrpc.java:start(180)) - XceiverServerGrpc 1f79d333-1db1-49a4-8b1f-86941531a8c6 is started using port 34399
2022-06-01 03:36:01,810 [Listener at 127.0.0.1/42769] INFO  ozone.MiniOzoneClusterImpl (MiniOzoneClusterImpl.java:lambda$waitForClusterToBeReady$0(221)) - Waiting for nodes to be ready. Got 1 of 3 DN Heartbeats.
2022-06-01 03:36:01,810 [Listener at 127.0.0.1/42769] INFO  ozone.MiniOzoneClusterImpl (MiniOzoneClusterImpl.java:lambda$waitForClusterToBeReady$0(224)) - Waiting for cluster to exit safe mode
2022-06-01 03:36:01,810 [Listener at 127.0.0.1/42769] INFO  ozone.MiniOzoneClusterImpl (MiniOzoneClusterImpl.java:lambda$waitForClusterToBeReady$0(226)) - SCM became leader
2022-06-01 03:36:02,040 [IPC Server handler 17 on default port 44565] INFO  net.NetworkTopologyImpl (NetworkTopologyImpl.java:add(112)) - Added a new node: /default-rack/529b0fef-71a0-4d37-9a61-8cc4c3782ff3
2022-06-01 03:36:02,040 [IPC Server handler 17 on default port 44565] INFO  node.SCMNodeManager (SCMNodeManager.java:register(393)) - Registered Data node : 529b0fef-71a0-4d37-9a61-8cc4c3782ff3{ip: 10.1.0.5, host: fv-az151-582.yf2hydr00wburbhx3j5hxtcipe.bx.internal.cloudapp.net, ports: [REPLICATION=38053, RATIS=41883, RATIS_ADMIN=41883, RATIS_SERVER=41883, STANDALONE=45267], networkLocation: /default-rack, certSerialId: null, persistedOpState: null, persistedOpStateExpiryEpochSec: 0}
2022-06-01 03:36:02,041 [EventQueue-NewNodeForNewNodeHandler] INFO  pipeline.BackgroundPipelineCreator (BackgroundPipelineCreator.java:notifyEventTriggered(272)) - trigger a one-shot run on RatisPipelineUtilsThread.
2022-06-01 03:36:02,042 [EventQueue-NodeRegistrationContainerReportForDataNodeSafeModeRule] INFO  safemode.SCMSafeModeManager (DataNodeSafeModeRule.java:process(71)) - SCM in safe mode. 2 DataNodes registered, 3 required.
2022-06-01 03:36:02,044 [RatisPipelineUtilsThread - 0] INFO  pipeline.RatisPipelineProvider (RatisPipelineProvider.java:lambda$create$0(195)) - Sending CreatePipelineCommand for pipeline:PipelineID=a7027686-41fe-498d-91ee-b88711cbad61 to datanode:529b0fef-71a0-4d37-9a61-8cc4c3782ff3
2022-06-01 03:36:02,044 [RatisPipelineUtilsThread - 0] INFO  pipeline.PipelineStateManagerImpl (PipelineStateManagerImpl.java:addPipeline(101)) - Created pipeline Pipeline[ Id: a7027686-41fe-498d-91ee-b88711cbad61, Nodes: 529b0fef-71a0-4d37-9a61-8cc4c3782ff3{ip: 10.1.0.5, host: fv-az151-582.yf2hydr00wburbhx3j5hxtcipe.bx.internal.cloudapp.net, ports: [REPLICATION=38053, RATIS=41883, RATIS_ADMIN=41883, RATIS_SERVER=41883, STANDALONE=45267], networkLocation: /default-rack, certSerialId: null, persistedOpState: IN_SERVICE, persistedOpStateExpiryEpochSec: 0}, ReplicationConfig: RATIS/ONE, State:ALLOCATED, leaderId:, CreationTimestamp2022-06-01T03:36:02.044Z[Etc/UTC]].
2022-06-01 03:36:02,811 [Listener at 127.0.0.1/42769] INFO  ozone.MiniOzoneClusterImpl (MiniOzoneClusterImpl.java:lambda$waitForClusterToBeReady$0(221)) - Waiting for nodes to be ready. Got 2 of 3 DN Heartbeats.
2022-06-01 03:36:02,811 [Listener at 127.0.0.1/42769] INFO  ozone.MiniOzoneClusterImpl (MiniOzoneClusterImpl.java:lambda$waitForClusterToBeReady$0(224)) - Waiting for cluster to exit safe mode
2022-06-01 03:36:02,811 [Listener at 127.0.0.1/42769] INFO  ozone.MiniOzoneClusterImpl (MiniOzoneClusterImpl.java:lambda$waitForClusterToBeReady$0(226)) - SCM became leader
2022-06-01 03:36:02,898 [IPC Server handler 19 on default port 44565] INFO  net.NetworkTopologyImpl (NetworkTopologyImpl.java:add(112)) - Added a new node: /default-rack/1f79d333-1db1-49a4-8b1f-86941531a8c6
2022-06-01 03:36:02,899 [IPC Server handler 19 on default port 44565] INFO  node.SCMNodeManager (SCMNodeManager.java:register(393)) - Registered Data node : 1f79d333-1db1-49a4-8b1f-86941531a8c6{ip: 10.1.0.5, host: fv-az151-582.yf2hydr00wburbhx3j5hxtcipe.bx.internal.cloudapp.net, ports: [REPLICATION=43793, RATIS=45599, RATIS_ADMIN=45599, RATIS_SERVER=45599, STANDALONE=34399], networkLocation: /default-rack, certSerialId: null, persistedOpState: null, persistedOpStateExpiryEpochSec: 0}
2022-06-01 03:36:02,899 [EventQueue-NewNodeForNewNodeHandler] INFO  pipeline.BackgroundPipelineCreator (BackgroundPipelineCreator.java:notifyEventTriggered(272)) - trigger a one-shot run on RatisPipelineUtilsThread.
2022-06-01 03:36:02,901 [RatisPipelineUtilsThread - 0] INFO  pipeline.RatisPipelineProvider (RatisPipelineProvider.java:lambda$create$0(195)) - Sending CreatePipelineCommand for pipeline:PipelineID=2df48e79-5d99-43c6-b114-3c0c81d0d280 to datanode:1f79d333-1db1-49a4-8b1f-86941531a8c6
2022-06-01 03:36:02,901 [EventQueue-NodeRegistrationContainerReportForDataNodeSafeModeRule] INFO  safemode.SCMSafeModeManager (DataNodeSafeModeRule.java:process(71)) - SCM in safe mode. 3 DataNodes registered, 3 required.
2022-06-01 03:36:02,901 [EventQueue-NodeRegistrationContainerReportForDataNodeSafeModeRule] INFO  safemode.SCMSafeModeManager (SCMSafeModeManager.java:validateSafeModeExitRules(204)) - DataNodeSafeModeRule rule is successfully validated
2022-06-01 03:36:02,901 [EventQueue-NodeRegistrationContainerReportForDataNodeSafeModeRule] INFO  safemode.SCMSafeModeManager (SCMSafeModeManager.java:completePreCheck(233)) - All SCM safe mode pre check rules have passed
2022-06-01 03:36:02,901 [EventQueue-NodeRegistrationContainerReportForDataNodeSafeModeRule] WARN  events.EventQueue (EventQueue.java:fireEvent(194)) - No event handler registered for event TypedEvent{payloadType=SafeModeStatus, name='Safe mode status'}
2022-06-01 03:36:02,901 [EventQueue-NodeRegistrationContainerReportForDataNodeSafeModeRule] INFO  ha.SCMContext (SCMContext.java:updateSafeModeStatus(211)) - Update SafeModeStatus from SafeModeStatus{safeModeStatus=true, preCheckPassed=false} to SafeModeStatus{safeModeStatus=true, preCheckPassed=true}.
2022-06-01 03:36:02,901 [EventQueue-NodeRegistrationContainerReportForDataNodeSafeModeRule] INFO  pipeline.BackgroundPipelineCreator (BackgroundPipelineCreator.java:notifyEventTriggered(272)) - trigger a one-shot run on RatisPipelineUtilsThread.
2022-06-01 03:36:02,901 [RatisPipelineUtilsThread - 0] INFO  pipeline.PipelineStateManagerImpl (PipelineStateManagerImpl.java:addPipeline(101)) - Created pipeline Pipeline[ Id: 2df48e79-5d99-43c6-b114-3c0c81d0d280, Nodes: 1f79d333-1db1-49a4-8b1f-86941531a8c6{ip: 10.1.0.5, host: fv-az151-582.yf2hydr00wburbhx3j5hxtcipe.bx.internal.cloudapp.net, ports: [REPLICATION=43793, RATIS=45599, RATIS_ADMIN=45599, RATIS_SERVER=45599, STANDALONE=34399], networkLocation: /default-rack, certSerialId: null, persistedOpState: IN_SERVICE, persistedOpStateExpiryEpochSec: 0}, ReplicationConfig: RATIS/ONE, State:ALLOCATED, leaderId:, CreationTimestamp2022-06-01T03:36:02.901Z[Etc/UTC]].
2022-06-01 03:36:02,902 [RatisPipelineUtilsThread - 0] INFO  pipeline.RatisPipelineProvider (RatisPipelineProvider.java:lambda$create$0(195)) - Sending CreatePipelineCommand for pipeline:PipelineID=7d60718b-2397-4bcc-8ff0-4712306ef037 to datanode:1f79d333-1db1-49a4-8b1f-86941531a8c6
2022-06-01 03:36:02,902 [RatisPipelineUtilsThread - 0] INFO  pipeline.RatisPipelineProvider (RatisPipelineProvider.java:lambda$create$0(195)) - Sending CreatePipelineCommand for pipeline:PipelineID=7d60718b-2397-4bcc-8ff0-4712306ef037 to datanode:3e8281a1-b9ae-49e9-9444-8fa4effc3e34
2022-06-01 03:36:02,902 [RatisPipelineUtilsThread - 0] INFO  pipeline.RatisPipelineProvider (RatisPipelineProvider.java:lambda$create$0(195)) - Sending CreatePipelineCommand for pipeline:PipelineID=7d60718b-2397-4bcc-8ff0-4712306ef037 to datanode:529b0fef-71a0-4d37-9a61-8cc4c3782ff3
2022-06-01 03:36:02,902 [RatisPipelineUtilsThread - 0] INFO  pipeline.PipelineStateManagerImpl (PipelineStateManagerImpl.java:addPipeline(101)) - Created pipeline Pipeline[ Id: 7d60718b-2397-4bcc-8ff0-4712306ef037, Nodes: 1f79d333-1db1-49a4-8b1f-86941531a8c6{ip: 10.1.0.5, host: fv-az151-582.yf2hydr00wburbhx3j5hxtcipe.bx.internal.cloudapp.net, ports: [REPLICATION=43793, RATIS=45599, RATIS_ADMIN=45599, RATIS_SERVER=45599, STANDALONE=34399], networkLocation: /default-rack, certSerialId: null, persistedOpState: IN_SERVICE, persistedOpStateExpiryEpochSec: 0}3e8281a1-b9ae-49e9-9444-8fa4effc3e34{ip: 10.1.0.5, host: fv-az151-582.yf2hydr00wburbhx3j5hxtcipe.bx.internal.cloudapp.net, ports: [REPLICATION=36619, RATIS=43207, RATIS_ADMIN=43207, RATIS_SERVER=43207, STANDALONE=38487], networkLocation: /default-rack, certSerialId: null, persistedOpState: IN_SERVICE, persistedOpStateExpiryEpochSec: 0}529b0fef-71a0-4d37-9a61-8cc4c3782ff3{ip: 10.1.0.5, host: fv-az151-582.yf2hydr00wburbhx3j5hxtcipe.bx.internal.cloudapp.net, ports: [REPLICATION=38053, RATIS=41883, RATIS_ADMIN=41883, RATIS_SERVER=41883, STANDALONE=45267], networkLocation: /default-rack, certSerialId: null, persistedOpState: IN_SERVICE, persistedOpStateExpiryEpochSec: 0}, ReplicationConfig: RATIS/THREE, State:ALLOCATED, leaderId:, CreationTimestamp2022-06-01T03:36:02.902Z[Etc/UTC]].
2022-06-01 03:36:02,903 [RatisPipelineUtilsThread - 0] INFO  pipeline.RatisPipelineProvider (RatisPipelineProvider.java:lambda$create$0(195)) - Sending CreatePipelineCommand for pipeline:PipelineID=44241a2c-ca72-4370-9bc3-9265f9d8980a to datanode:1f79d333-1db1-49a4-8b1f-86941531a8c6
2022-06-01 03:36:02,903 [RatisPipelineUtilsThread - 0] INFO  pipeline.RatisPipelineProvider (RatisPipelineProvider.java:lambda$create$0(195)) - Sending CreatePipelineCommand for pipeline:PipelineID=44241a2c-ca72-4370-9bc3-9265f9d8980a to datanode:3e8281a1-b9ae-49e9-9444-8fa4effc3e34
2022-06-01 03:36:02,903 [RatisPipelineUtilsThread - 0] INFO  pipeline.RatisPipelineProvider (RatisPipelineProvider.java:lambda$create$0(195)) - Sending CreatePipelineCommand for pipeline:PipelineID=44241a2c-ca72-4370-9bc3-9265f9d8980a to datanode:529b0fef-71a0-4d37-9a61-8cc4c3782ff3
2022-06-01 03:36:02,906 [RatisPipelineUtilsThread - 0] INFO  pipeline.PipelineStateManagerImpl (PipelineStateManagerImpl.java:addPipeline(101)) - Created pipeline Pipeline[ Id: 44241a2c-ca72-4370-9bc3-9265f9d8980a, Nodes: 1f79d333-1db1-49a4-8b1f-86941531a8c6{ip: 10.1.0.5, host: fv-az151-582.yf2hydr00wburbhx3j5hxtcipe.bx.internal.cloudapp.net, ports: [REPLICATION=43793, RATIS=45599, RATIS_ADMIN=45599, RATIS_SERVER=45599, STANDALONE=34399], networkLocation: /default-rack, certSerialId: null, persistedOpState: IN_SERVICE, persistedOpStateExpiryEpochSec: 0}3e8281a1-b9ae-49e9-9444-8fa4effc3e34{ip: 10.1.0.5, host: fv-az151-582.yf2hydr00wburbhx3j5hxtcipe.bx.internal.cloudapp.net, ports: [REPLICATION=36619, RATIS=43207, RATIS_ADMIN=43207, RATIS_SERVER=43207, STANDALONE=38487], networkLocation: /default-rack, certSerialId: null, persistedOpState: IN_SERVICE, persistedOpStateExpiryEpochSec: 0}529b0fef-71a0-4d37-9a61-8cc4c3782ff3{ip: 10.1.0.5, host: fv-az151-582.yf2hydr00wburbhx3j5hxtcipe.bx.internal.cloudapp.net, ports: [REPLICATION=38053, RATIS=41883, RATIS_ADMIN=41883, RATIS_SERVER=41883, STANDALONE=45267], networkLocation: /default-rack, certSerialId: null, persistedOpState: IN_SERVICE, persistedOpStateExpiryEpochSec: 0}, ReplicationConfig: RATIS/THREE, State:ALLOCATED, leaderId:, CreationTimestamp2022-06-01T03:36:02.903Z[Etc/UTC]].
2022-06-01 03:36:02,907 [RatisPipelineUtilsThread - 0] INFO  pipeline.PipelineManagerImpl (PipelineManagerImpl.java:recordMetricsForPipeline(715)) - Pipeline: PipelineID=44241a2c-ca72-4370-9bc3-9265f9d8980a contains same datanodes as previous pipelines: PipelineID=7d60718b-2397-4bcc-8ff0-4712306ef037 nodeIds: 1f79d333-1db1-49a4-8b1f-86941531a8c6, 3e8281a1-b9ae-49e9-9444-8fa4effc3e34, 529b0fef-71a0-4d37-9a61-8cc4c3782ff3
2022-06-01 03:36:03,811 [Listener at 127.0.0.1/42769] INFO  ozone.MiniOzoneClusterImpl (MiniOzoneClusterImpl.java:lambda$waitForClusterToBeReady$0(221)) - Nodes are ready. Got 3 of 3 DN Heartbeats.
2022-06-01 03:36:03,811 [Listener at 127.0.0.1/42769] INFO  ozone.MiniOzoneClusterImpl (MiniOzoneClusterImpl.java:lambda$waitForClusterToBeReady$0(224)) - Waiting for cluster to exit safe mode
2022-06-01 03:36:03,812 [Listener at 127.0.0.1/42769] INFO  ozone.MiniOzoneClusterImpl (MiniOzoneClusterImpl.java:lambda$waitForClusterToBeReady$0(226)) - SCM became leader
2022-06-01 03:36:03,978 [Command processor thread] INFO  server.RaftServer (RaftServerProxy.java:addNew(96)) - 3e8281a1-b9ae-49e9-9444-8fa4effc3e34: addNew group-067C656791A5:[3e8281a1-b9ae-49e9-9444-8fa4effc3e34|rpc:10.1.0.5:43207|priority:1] returns group-067C656791A5:java.util.concurrent.CompletableFuture@90278af[Not completed]
2022-06-01 03:36:03,979 [pool-461-thread-1] INFO  server.RaftServer$Division (RaftServerImpl.java:<init>(190)) - 3e8281a1-b9ae-49e9-9444-8fa4effc3e34: new RaftServerImpl for group-067C656791A5:[3e8281a1-b9ae-49e9-9444-8fa4effc3e34|rpc:10.1.0.5:43207|priority:1] with ContainerStateMachine:uninitialized
2022-06-01 03:36:03,979 [pool-461-thread-1] INFO  server.RaftServerConfigKeys (ConfUtils.java:logGet(46)) - raft.server.rpc.timeout.min = 5s (custom)
2022-06-01 03:36:03,979 [pool-461-thread-1] INFO  server.RaftServerConfigKeys (ConfUtils.java:logGet(46)) - raft.server.rpc.timeout.max = 5200ms (custom)
2022-06-01 03:36:03,979 [pool-461-thread-1] INFO  server.RaftServerConfigKeys (ConfUtils.java:logGet(46)) - raft.server.rpc.sleep.time = 25ms (default)
2022-06-01 03:36:03,979 [pool-461-thread-1] INFO  server.RaftServerConfigKeys (ConfUtils.java:logGet(46)) - raft.server.rpc.slowness.timeout = 300s (custom)
2022-06-01 03:36:03,979 [pool-461-thread-1] INFO  server.RaftServerConfigKeys (ConfUtils.java:logGet(46)) - raft.server.leaderelection.leader.step-down.wait-time = 10s (default)
2022-06-01 03:36:03,979 [pool-461-thread-1] INFO  server.RaftServerConfigKeys (ConfUtils.java:logGet(46)) - raft.server.sleep.deviation.threshold = 300ms (default)
2022-06-01 03:36:03,979 [pool-461-thread-1] INFO  server.RaftServer$Division (ServerState.java:<init>(107)) - 3e8281a1-b9ae-49e9-9444-8fa4effc3e34@group-067C656791A5: ConfigurationManager, init=-1: [3e8281a1-b9ae-49e9-9444-8fa4effc3e34|rpc:10.1.0.5:43207|priority:1], old=null, confs=<EMPTY_MAP>
2022-06-01 03:36:03,979 [pool-461-thread-1] INFO  server.RaftServerConfigKeys (ConfUtils.java:logGet(46)) - raft.server.storage.dir = [/home/runner/work/ozone/ozone/hadoop-ozone/integration-test/target/test-dir/MiniOzoneClusterImpl-76e4b4cf-2f77-4a34-b745-000a24705eb3/datanode-0/data/ratis] (custom)
2022-06-01 03:36:03,979 [pool-461-thread-1] INFO  server.RaftServerConfigKeys (ConfUtils.java:logGet(46)) - raft.server.log.corruption.policy = EXCEPTION (default)
2022-06-01 03:36:03,979 [pool-461-thread-1] INFO  server.RaftServerConfigKeys (ConfUtils.java:logGet(46)) - raft.server.storage.free-space.min = 0MB (=0) (default)
2022-06-01 03:36:03,979 [pool-461-thread-1] INFO  storage.RaftStorageDirectory (RaftStorageDirectoryImpl.java:analyzeStorage(135)) - The storage directory /home/runner/work/ozone/ozone/hadoop-ozone/integration-test/target/test-dir/MiniOzoneClusterImpl-76e4b4cf-2f77-4a34-b745-000a24705eb3/datanode-0/data/ratis/5630ac9c-54f0-4d0a-901b-067c656791a5 does not exist. Creating ...
2022-06-01 03:36:04,012 [pool-461-thread-1] INFO  storage.RaftStorageDirectory (RaftStorageDirectoryImpl.java:tryLock(230)) - Lock on /home/runner/work/ozone/ozone/hadoop-ozone/integration-test/target/test-dir/MiniOzoneClusterImpl-76e4b4cf-2f77-4a34-b745-000a24705eb3/datanode-0/data/ratis/5630ac9c-54f0-4d0a-901b-067c656791a5/in_use.lock acquired by nodename 14781@fv-az151-582
2022-06-01 03:36:04,013 [pool-461-thread-1] INFO  storage.RaftStorage (RaftStorageImpl.java:format(89)) - Storage directory /home/runner/work/ozone/ozone/hadoop-ozone/integration-test/target/test-dir/MiniOzoneClusterImpl-76e4b4cf-2f77-4a34-b745-000a24705eb3/datanode-0/data/ratis/5630ac9c-54f0-4d0a-901b-067c656791a5 has been successfully formatted.
2022-06-01 03:36:04,022 [pool-461-thread-1] INFO  ratis.ContainerStateMachine (ContainerStateMachine.java:loadSnapshot(236)) - group-067C656791A5: The snapshot info is null. Setting the last applied indexto:(t:0, i:~)
2022-06-01 03:36:04,022 [pool-461-thread-1] INFO  server.RaftServerConfigKeys (ConfUtils.java:logGet(46)) - raft.server.notification.no-leader.timeout = 300s (custom)
2022-06-01 03:36:04,022 [pool-461-thread-1] INFO  server.RaftServerConfigKeys (ConfUtils.java:logGet(46)) - raft.server.log.use.memory = false (default)
2022-06-01 03:36:04,023 [pool-461-thread-1] INFO  server.RaftServerConfigKeys (ConfUtils.java:logGet(46)) - raft.server.log.purge.gap = 1000000 (custom)
2022-06-01 03:36:04,023 [pool-461-thread-1] INFO  server.RaftServerConfigKeys (ConfUtils.java:logGet(46)) - raft.server.log.appender.buffer.byte-limit = 33554432 (custom)
2022-06-01 03:36:04,023 [pool-461-thread-1] INFO  server.RaftServerConfigKeys (ConfUtils.java:logGet(46)) - raft.server.log.statemachine.data.read.timeout = 1000ms (default)
2022-06-01 03:36:04,023 [pool-461-thread-1] INFO  server.RaftServerConfigKeys (ConfUtils.java:logGet(46)) - raft.server.log.segment.size.max = 1048576 (custom)
2022-06-01 03:36:04,023 [pool-461-thread-1] INFO  server.RaftServerConfigKeys (ConfUtils.java:logGet(46)) - raft.server.log.segment.cache.num.max = 2 (custom)
2022-06-01 03:36:04,023 [pool-461-thread-1] INFO  server.RaftServerConfigKeys (ConfUtils.java:logGet(46)) - raft.server.log.segment.cache.size.max = 200MB (=209715200) (default)
2022-06-01 03:36:04,023 [pool-461-thread-1] INFO  segmented.SegmentedRaftLogWorker (SegmentedRaftLogWorker.java:<init>(187)) - new 3e8281a1-b9ae-49e9-9444-8fa4effc3e34@group-067C656791A5-SegmentedRaftLogWorker for RaftStorageImpl:Storage Directory /home/runner/work/ozone/ozone/hadoop-ozone/integration-test/target/test-dir/MiniOzoneClusterImpl-76e4b4cf-2f77-4a34-b745-000a24705eb3/datanode-0/data/ratis/5630ac9c-54f0-4d0a-901b-067c656791a5
2022-06-01 03:36:04,023 [pool-461-thread-1] INFO  server.RaftServerConfigKeys (ConfUtils.java:logGet(46)) - raft.server.log.queue.byte-limit = 4294967296 (custom)
2022-06-01 03:36:04,023 [pool-461-thread-1] INFO  server.RaftServerConfigKeys (ConfUtils.java:logGet(46)) - raft.server.log.queue.element-limit = 1024 (custom)
2022-06-01 03:36:04,023 [pool-461-thread-1] INFO  server.RaftServerConfigKeys (ConfUtils.java:logGet(46)) - raft.server.log.segment.size.max = 1048576 (custom)
2022-06-01 03:36:04,023 [pool-461-thread-1] INFO  server.RaftServerConfigKeys (ConfUtils.java:logGet(46)) - raft.server.log.preallocated.size = 16384 (custom)
2022-06-01 03:36:04,024 [pool-461-thread-1] INFO  server.RaftServerConfigKeys (ConfUtils.java:logGet(46)) - raft.server.log.force.sync.num = 128 (default)
2022-06-01 03:36:04,024 [pool-461-thread-1] INFO  server.RaftServerConfigKeys (ConfUtils.java:logGet(46)) - raft.server.log.statemachine.data.sync = true (default)
2022-06-01 03:36:04,024 [pool-461-thread-1] INFO  server.RaftServerConfigKeys (ConfUtils.java:logGet(46)) - raft.server.log.statemachine.data.sync.timeout = 10s (default)
2022-06-01 03:36:04,024 [pool-461-thread-1] INFO  server.RaftServerConfigKeys (ConfUtils.java:logGet(46)) - raft.server.log.statemachine.data.sync.timeout.retry = -1 (default)
2022-06-01 03:36:04,024 [pool-461-thread-1] INFO  server.RaftServerConfigKeys (ConfUtils.java:logGet(46)) - raft.server.log.write.buffer.size = 1048576 (custom)
2022-06-01 03:36:04,027 [pool-461-thread-1] INFO  server.RaftServerConfigKeys (ConfUtils.java:logGet(46)) - raft.server.log.unsafe-flush.enabled = false (default)
2022-06-01 03:36:04,027 [pool-461-thread-1] INFO  server.RaftServerConfigKeys (ConfUtils.java:logGet(46)) - raft.server.log.statemachine.data.caching.enabled = true (custom)
2022-06-01 03:36:04,027 [pool-461-thread-1] INFO  segmented.SegmentedRaftLogWorker (SegmentedRaftLogWorker.java:lambda$new$0(135)) - 3e8281a1-b9ae-49e9-9444-8fa4effc3e34@group-067C656791A5-SegmentedRaftLogWorker: flushIndex: setUnconditionally 0 -> -1
2022-06-01 03:36:04,027 [pool-461-thread-1] INFO  segmented.SegmentedRaftLogWorker (SegmentedRaftLogWorker.java:lambda$new$0(135)) - 3e8281a1-b9ae-49e9-9444-8fa4effc3e34@group-067C656791A5-SegmentedRaftLogWorker: safeCacheEvictIndex: setUnconditionally 0 -> -1
2022-06-01 03:36:04,034 [EventQueue-PipelineReportForPipelineReportHandler] INFO  pipeline.PipelineManagerImpl (PipelineManagerImpl.java:openPipeline(356)) - Pipeline Pipeline[ Id: 5630ac9c-54f0-4d0a-901b-067c656791a5, Nodes: 3e8281a1-b9ae-49e9-9444-8fa4effc3e34{ip: 10.1.0.5, host: fv-az151-582.yf2hydr00wburbhx3j5hxtcipe.bx.internal.cloudapp.net, ports: [REPLICATION=36619, RATIS=43207, RATIS_ADMIN=43207, RATIS_SERVER=43207, STANDALONE=38487], networkLocation: /default-rack, certSerialId: null, persistedOpState: IN_SERVICE, persistedOpStateExpiryEpochSec: 0}, ReplicationConfig: RATIS/ONE, State:ALLOCATED, leaderId:3e8281a1-b9ae-49e9-9444-8fa4effc3e34, CreationTimestamp2022-06-01T03:36:01.008Z[Etc/UTC]] moved to OPEN state
2022-06-01 03:36:04,044 [pool-461-thread-1] INFO  server.RaftServerConfigKeys (ConfUtils.java:logGet(46)) - raft.server.snapshot.auto.trigger.enabled = true (custom)
2022-06-01 03:36:04,044 [pool-461-thread-1] INFO  server.RaftServerConfigKeys (ConfUtils.java:logGet(46)) - raft.server.snapshot.auto.trigger.threshold = 10000 (custom)
2022-06-01 03:36:04,044 [pool-461-thread-1] INFO  server.RaftServerConfigKeys (ConfUtils.java:logGet(46)) - raft.server.snapshot.retention.file.num = 5 (custom)
2022-06-01 03:36:04,044 [pool-461-thread-1] INFO  server.RaftServerConfigKeys (ConfUtils.java:logGet(46)) - raft.server.log.purge.upto.snapshot.index = false (default)
2022-06-01 03:36:04,044 [pool-461-thread-1] INFO  server.RaftServerConfigKeys (ConfUtils.java:logGet(46)) - raft.server.retrycache.expirytime = 600000ms (custom)
2022-06-01 03:36:04,044 [pool-461-thread-1] INFO  server.RaftServerConfigKeys (ConfUtils.java:logGet(46)) - raft.server.retrycache.statistics.expirytime = 100μs (default)
2022-06-01 03:36:04,046 [pool-461-thread-1] INFO  server.RaftServerConfigKeys (ConfUtils.java:logGet(46)) - raft.server.log.appender.install.snapshot.enabled = false (custom)
2022-06-01 03:36:04,046 [pool-461-thread-1] INFO  server.RaftServerConfigKeys (ConfUtils.java:logGet(46)) - raft.server.threadpool.server.cached = true (default)
2022-06-01 03:36:04,046 [pool-461-thread-1] INFO  server.RaftServerConfigKeys (ConfUtils.java:logGet(46)) - raft.server.threadpool.server.size = 0 (default)
2022-06-01 03:36:04,046 [pool-461-thread-1] INFO  server.RaftServerConfigKeys (ConfUtils.java:logGet(46)) - raft.server.threadpool.client.cached = true (default)
2022-06-01 03:36:04,046 [pool-461-thread-1] INFO  server.RaftServerConfigKeys (ConfUtils.java:logGet(46)) - raft.server.threadpool.client.size = 0 (default)
2022-06-01 03:36:04,046 [pool-461-thread-1] INFO  server.RaftServer$Division (RaftServerImpl.java:start(310)) - 3e8281a1-b9ae-49e9-9444-8fa4effc3e34@group-067C656791A5: start as a follower, conf=-1: [3e8281a1-b9ae-49e9-9444-8fa4effc3e34|rpc:10.1.0.5:43207|priority:1], old=null
2022-06-01 03:36:04,046 [pool-461-thread-1] INFO  server.RaftServer$Division (RaftServerImpl.java:setRole(299)) - 3e8281a1-b9ae-49e9-9444-8fa4effc3e34@group-067C656791A5: changes role from      null to FOLLOWER at term 0 for startAsFollower
2022-06-01 03:36:04,046 [pool-461-thread-1] INFO  impl.RoleInfo (RoleInfo.java:updateAndGet(139)) - 3e8281a1-b9ae-49e9-9444-8fa4effc3e34: start 3e8281a1-b9ae-49e9-9444-8fa4effc3e34@group-067C656791A5-FollowerState
2022-06-01 03:36:04,065 [pool-461-thread-1] INFO  util.JmxRegister (JmxRegister.java:tryRegister(44)) - Successfully registered JMX Bean with object name Ratis:service=RaftServer,group=group-067C656791A5,id=3e8281a1-b9ae-49e9-9444-8fa4effc3e34
2022-06-01 03:36:04,076 [Command processor thread] INFO  ratis.XceiverServerRatis (XceiverServerRatis.java:addGroup(765)) - Created group PipelineID=5630ac9c-54f0-4d0a-901b-067c656791a5
2022-06-01 03:36:04,076 [Command processor thread] INFO  commandhandler.CreatePipelineCommandHandler (CreatePipelineCommandHandler.java:handle(113)) - Created Pipeline RATIS ONE PipelineID=5630ac9c-54f0-4d0a-901b-067c656791a5.
2022-06-01 03:36:04,076 [Command processor thread] INFO  server.RaftServer (RaftServerProxy.java:addNew(96)) - 3e8281a1-b9ae-49e9-9444-8fa4effc3e34: addNew group-4712306EF037:[1f79d333-1db1-49a4-8b1f-86941531a8c6|rpc:10.1.0.5:45599|priority:1, 529b0fef-71a0-4d37-9a61-8cc4c3782ff3|rpc:10.1.0.5:41883|priority:0, 3e8281a1-b9ae-49e9-9444-8fa4effc3e34|rpc:10.1.0.5:43207|priority:0] returns group-4712306EF037:java.util.concurrent.CompletableFuture@d3dfd57[Not completed]
2022-06-01 03:36:04,087 [EventQueue-OpenPipelineForHealthyPipelineSafeModeRule] INFO  safemode.SCMSafeModeManager (HealthyPipelineSafeModeRule.java:process(124)) - SCM in safe mode. Healthy pipelines reported count is 0, required healthy pipeline reported count is 1
2022-06-01 03:36:04,096 [pool-461-thread-1] INFO  server.RaftServer$Division (RaftServerImpl.java:<init>(190)) - 3e8281a1-b9ae-49e9-9444-8fa4effc3e34: new RaftServerImpl for group-4712306EF037:[1f79d333-1db1-49a4-8b1f-86941531a8c6|rpc:10.1.0.5:45599|priority:1, 529b0fef-71a0-4d37-9a61-8cc4c3782ff3|rpc:10.1.0.5:41883|priority:0, 3e8281a1-b9ae-49e9-9444-8fa4effc3e34|rpc:10.1.0.5:43207|priority:0] with ContainerStateMachine:uninitialized
2022-06-01 03:36:04,096 [pool-461-thread-1] INFO  server.RaftServerConfigKeys (ConfUtils.java:logGet(46)) - raft.server.rpc.timeout.min = 5s (custom)
2022-06-01 03:36:04,096 [pool-461-thread-1] INFO  server.RaftServerConfigKeys (ConfUtils.java:logGet(46)) - raft.server.rpc.timeout.max = 5200ms (custom)
2022-06-01 03:36:04,096 [pool-461-thread-1] INFO  server.RaftServerConfigKeys (ConfUtils.java:logGet(46)) - raft.server.rpc.sleep.time = 25ms (default)
2022-06-01 03:36:04,096 [pool-461-thread-1] INFO  server.RaftServerConfigKeys (ConfUtils.java:logGet(46)) - raft.server.rpc.slowness.timeout = 300s (custom)
2022-06-01 03:36:04,096 [pool-461-thread-1] INFO  server.RaftServerConfigKeys (ConfUtils.java:logGet(46)) - raft.server.leaderelection.leader.step-down.wait-time = 10s (default)
2022-06-01 03:36:04,096 [pool-461-thread-1] INFO  server.RaftServerConfigKeys (ConfUtils.java:logGet(46)) - raft.server.sleep.deviation.threshold = 300ms (default)
2022-06-01 03:36:04,097 [pool-461-thread-1] INFO  server.RaftServer$Division (ServerState.java:<init>(107)) - 3e8281a1-b9ae-49e9-9444-8fa4effc3e34@group-4712306EF037: ConfigurationManager, init=-1: [1f79d333-1db1-49a4-8b1f-86941531a8c6|rpc:10.1.0.5:45599|priority:1, 529b0fef-71a0-4d37-9a61-8cc4c3782ff3|rpc:10.1.0.5:41883|priority:0, 3e8281a1-b9ae-49e9-9444-8fa4effc3e34|rpc:10.1.0.5:43207|priority:0], old=null, confs=<EMPTY_MAP>
2022-06-01 03:36:04,097 [pool-461-thread-1] INFO  server.RaftServerConfigKeys (ConfUtils.java:logGet(46)) - raft.server.storage.dir = [/home/runner/work/ozone/ozone/hadoop-ozone/integration-test/target/test-dir/MiniOzoneClusterImpl-76e4b4cf-2f77-4a34-b745-000a24705eb3/datanode-0/data/ratis] (custom)
2022-06-01 03:36:04,097 [pool-461-thread-1] INFO  server.RaftServerConfigKeys (ConfUtils.java:logGet(46)) - raft.server.log.corruption.policy = EXCEPTION (default)
2022-06-01 03:36:04,097 [pool-461-thread-1] INFO  server.RaftServerConfigKeys (ConfUtils.java:logGet(46)) - raft.server.storage.free-space.min = 0MB (=0) (default)
2022-06-01 03:36:04,097 [pool-461-thread-1] INFO  storage.RaftStorageDirectory (RaftStorageDirectoryImpl.java:analyzeStorage(135)) - The storage directory /home/runner/work/ozone/ozone/hadoop-ozone/integration-test/target/test-dir/MiniOzoneClusterImpl-76e4b4cf-2f77-4a34-b745-000a24705eb3/datanode-0/data/ratis/7d60718b-2397-4bcc-8ff0-4712306ef037 does not exist. Creating ...
2022-06-01 03:36:04,101 [pool-461-thread-1] INFO  storage.RaftStorageDirectory (RaftStorageDirectoryImpl.java:tryLock(230)) - Lock on /home/runner/work/ozone/ozone/hadoop-ozone/integration-test/target/test-dir/MiniOzoneClusterImpl-76e4b4cf-2f77-4a34-b745-000a24705eb3/datanode-0/data/ratis/7d60718b-2397-4bcc-8ff0-4712306ef037/in_use.lock acquired by nodename 14781@fv-az151-582
2022-06-01 03:36:04,108 [pool-461-thread-1] INFO  storage.RaftStorage (RaftStorageImpl.java:format(89)) - Storage directory /home/runner/work/ozone/ozone/hadoop-ozone/integration-test/target/test-dir/MiniOzoneClusterImpl-76e4b4cf-2f77-4a34-b745-000a24705eb3/datanode-0/data/ratis/7d60718b-2397-4bcc-8ff0-4712306ef037 has been successfully formatted.
2022-06-01 03:36:04,108 [pool-461-thread-1] INFO  ratis.ContainerStateMachine (ContainerStateMachine.java:loadSnapshot(236)) - group-4712306EF037: The snapshot info is null. Setting the last applied indexto:(t:0, i:~)
2022-06-01 03:36:04,108 [pool-461-thread-1] INFO  server.RaftServerConfigKeys (ConfUtils.java:logGet(46)) - raft.server.notification.no-leader.timeout = 300s (custom)
2022-06-01 03:36:04,109 [pool-461-thread-1] INFO  server.RaftServerConfigKeys (ConfUtils.java:logGet(46)) - raft.server.log.use.memory = false (default)
2022-06-01 03:36:04,109 [pool-461-thread-1] INFO  server.RaftServerConfigKeys (ConfUtils.java:logGet(46)) - raft.server.log.purge.gap = 1000000 (custom)
2022-06-01 03:36:04,109 [pool-461-thread-1] INFO  server.RaftServerConfigKeys (ConfUtils.java:logGet(46)) - raft.server.log.appender.buffer.byte-limit = 33554432 (custom)
2022-06-01 03:36:04,109 [pool-461-thread-1] INFO  server.RaftServerConfigKeys (ConfUtils.java:logGet(46)) - raft.server.log.statemachine.data.read.timeout = 1000ms (default)
2022-06-01 03:36:04,109 [pool-461-thread-1] INFO  server.RaftServerConfigKeys (ConfUtils.java:logGet(46)) - raft.server.log.segment.size.max = 1048576 (custom)
2022-06-01 03:36:04,109 [pool-461-thread-1] INFO  server.RaftServerConfigKeys (ConfUtils.java:logGet(46)) - raft.server.log.segment.cache.num.max = 2 (custom)
2022-06-01 03:36:04,109 [pool-461-thread-1] INFO  server.RaftServerConfigKeys (ConfUtils.java:logGet(46)) - raft.server.log.segment.cache.size.max = 200MB (=209715200) (default)
2022-06-01 03:36:04,109 [pool-461-thread-1] INFO  segmented.SegmentedRaftLogWorker (SegmentedRaftLogWorker.java:<init>(187)) - new 3e8281a1-b9ae-49e9-9444-8fa4effc3e34@group-4712306EF037-SegmentedRaftLogWorker for RaftStorageImpl:Storage Directory /home/runner/work/ozone/ozone/hadoop-ozone/integration-test/target/test-dir/MiniOzoneClusterImpl-76e4b4cf-2f77-4a34-b745-000a24705eb3/datanode-0/data/ratis/7d60718b-2397-4bcc-8ff0-4712306ef037
2022-06-01 03:36:04,109 [pool-461-thread-1] INFO  server.RaftServerConfigKeys (ConfUtils.java:logGet(46)) - raft.server.log.queue.byte-limit = 4294967296 (custom)
2022-06-01 03:36:04,109 [pool-461-thread-1] INFO  server.RaftServerConfigKeys (ConfUtils.java:logGet(46)) - raft.server.log.queue.element-limit = 1024 (custom)
2022-06-01 03:36:04,109 [pool-461-thread-1] INFO  server.RaftServerConfigKeys (ConfUtils.java:logGet(46)) - raft.server.log.segment.size.max = 1048576 (custom)
2022-06-01 03:36:04,109 [pool-461-thread-1] INFO  server.RaftServerConfigKeys (ConfUtils.java:logGet(46)) - raft.server.log.preallocated.size = 16384 (custom)
2022-06-01 03:36:04,109 [pool-461-thread-1] INFO  server.RaftServerConfigKeys (ConfUtils.java:logGet(46)) - raft.server.log.force.sync.num = 128 (default)
2022-06-01 03:36:04,109 [pool-461-thread-1] INFO  server.RaftServerConfigKeys (ConfUtils.java:logGet(46)) - raft.server.log.statemachine.data.sync = true (default)
2022-06-01 03:36:04,110 [pool-461-thread-1] INFO  server.RaftServerConfigKeys (ConfUtils.java:logGet(46)) - raft.server.log.statemachine.data.sync.timeout = 10s (default)
2022-06-01 03:36:04,110 [pool-461-thread-1] INFO  server.RaftServerConfigKeys (ConfUtils.java:logGet(46)) - raft.server.log.statemachine.data.sync.timeout.retry = -1 (default)
2022-06-01 03:36:04,110 [pool-461-thread-1] INFO  server.RaftServerConfigKeys (ConfUtils.java:logGet(46)) - raft.server.log.write.buffer.size = 1048576 (custom)
2022-06-01 03:36:04,111 [pool-461-thread-1] INFO  server.RaftServerConfigKeys (ConfUtils.java:logGet(46)) - raft.server.log.unsafe-flush.enabled = false (default)
2022-06-01 03:36:04,111 [pool-461-thread-1] INFO  server.RaftServerConfigKeys (ConfUtils.java:logGet(46)) - raft.server.log.statemachine.data.caching.enabled = true (custom)
2022-06-01 03:36:04,111 [pool-461-thread-1] INFO  segmented.SegmentedRaftLogWorker (SegmentedRaftLogWorker.java:lambda$new$0(135)) - 3e8281a1-b9ae-49e9-9444-8fa4effc3e34@group-4712306EF037-SegmentedRaftLogWorker: flushIndex: setUnconditionally 0 -> -1
2022-06-01 03:36:04,111 [pool-461-thread-1] INFO  segmented.SegmentedRaftLogWorker (SegmentedRaftLogWorker.java:lambda$new$0(135)) - 3e8281a1-b9ae-49e9-9444-8fa4effc3e34@group-4712306EF037-SegmentedRaftLogWorker: safeCacheEvictIndex: setUnconditionally 0 -> -1
2022-06-01 03:36:04,128 [pool-461-thread-1] INFO  server.RaftServerConfigKeys (ConfUtils.java:logGet(46)) - raft.server.snapshot.auto.trigger.enabled = true (custom)
2022-06-01 03:36:04,128 [pool-461-thread-1] INFO  server.RaftServerConfigKeys (ConfUtils.java:logGet(46)) - raft.server.snapshot.auto.trigger.threshold = 10000 (custom)
2022-06-01 03:36:04,128 [pool-461-thread-1] INFO  server.RaftServerConfigKeys (ConfUtils.java:logGet(46)) - raft.server.snapshot.retention.file.num = 5 (custom)
2022-06-01 03:36:04,128 [pool-461-thread-1] INFO  server.RaftServerConfigKeys (ConfUtils.java:logGet(46)) - raft.server.log.purge.upto.snapshot.index = false (default)
2022-06-01 03:36:04,129 [pool-461-thread-1] INFO  server.RaftServerConfigKeys (ConfUtils.java:logGet(46)) - raft.server.retrycache.expirytime = 600000ms (custom)
2022-06-01 03:36:04,129 [pool-461-thread-1] INFO  server.RaftServerConfigKeys (ConfUtils.java:logGet(46)) - raft.server.retrycache.statistics.expirytime = 100μs (default)
2022-06-01 03:36:04,130 [pool-461-thread-1] INFO  server.RaftServerConfigKeys (ConfUtils.java:logGet(46)) - raft.server.log.appender.install.snapshot.enabled = false (custom)
2022-06-01 03:36:04,130 [pool-461-thread-1] INFO  server.RaftServerConfigKeys (ConfUtils.java:logGet(46)) - raft.server.threadpool.server.cached = true (default)
2022-06-01 03:36:04,130 [pool-461-thread-1] INFO  server.RaftServerConfigKeys (ConfUtils.java:logGet(46)) - raft.server.threadpool.server.size = 0 (default)
2022-06-01 03:36:04,130 [pool-461-thread-1] INFO  server.RaftServerConfigKeys (ConfUtils.java:logGet(46)) - raft.server.threadpool.client.cached = true (default)
2022-06-01 03:36:04,130 [pool-461-thread-1] INFO  server.RaftServerConfigKeys (ConfUtils.java:logGet(46)) - raft.server.threadpool.client.size = 0 (default)
2022-06-01 03:36:04,130 [pool-461-thread-1] INFO  server.RaftServer$Division (RaftServerImpl.java:start(310)) - 3e8281a1-b9ae-49e9-9444-8fa4effc3e34@group-4712306EF037: start as a follower, conf=-1: [1f79d333-1db1-49a4-8b1f-86941531a8c6|rpc:10.1.0.5:45599|priority:1, 529b0fef-71a0-4d37-9a61-8cc4c3782ff3|rpc:10.1.0.5:41883|priority:0, 3e8281a1-b9ae-49e9-9444-8fa4effc3e34|rpc:10.1.0.5:43207|priority:0], old=null
2022-06-01 03:36:04,130 [pool-461-thread-1] INFO  server.RaftServer$Division (RaftServerImpl.java:setRole(299)) - 3e8281a1-b9ae-49e9-9444-8fa4effc3e34@group-4712306EF037: changes role from      null to FOLLOWER at term 0 for startAsFollower
2022-06-01 03:36:04,130 [pool-461-thread-1] INFO  impl.RoleInfo (RoleInfo.java:updateAndGet(139)) - 3e8281a1-b9ae-49e9-9444-8fa4effc3e34: start 3e8281a1-b9ae-49e9-9444-8fa4effc3e34@group-4712306EF037-FollowerState
2022-06-01 03:36:04,134 [pool-461-thread-1] INFO  util.JmxRegister (JmxRegister.java:tryRegister(44)) - Successfully registered JMX Bean with object name Ratis:service=RaftServer,group=group-4712306EF037,id=3e8281a1-b9ae-49e9-9444-8fa4effc3e34
2022-06-01 03:36:04,145 [Command processor thread] INFO  ratis.XceiverServerRatis (XceiverServerRatis.java:addGroup(765)) - Created group PipelineID=7d60718b-2397-4bcc-8ff0-4712306ef037
2022-06-01 03:36:04,164 [EventQueue-OpenPipelineForHealthyPipelineSafeModeRule] INFO  safemode.SCMSafeModeManager (HealthyPipelineSafeModeRule.java:process(124)) - SCM in safe mode. Healthy pipelines reported count is 0, required healthy pipeline reported count is 1
2022-06-01 03:36:04,241 [grpc-default-executor-0] INFO  server.RaftServer (RaftServerProxy.java:addNew(96)) - 1f79d333-1db1-49a4-8b1f-86941531a8c6: addNew group-4712306EF037:[1f79d333-1db1-49a4-8b1f-86941531a8c6|rpc:10.1.0.5:45599|dataStream:|priority:1, 529b0fef-71a0-4d37-9a61-8cc4c3782ff3|rpc:10.1.0.5:41883|dataStream:|priority:0, 3e8281a1-b9ae-49e9-9444-8fa4effc3e34|rpc:10.1.0.5:43207|dataStream:|priority:0] returns group-4712306EF037:java.util.concurrent.CompletableFuture@739905ee[Not completed]
2022-06-01 03:36:04,256 [pool-505-thread-1] INFO  server.RaftServer$Division (RaftServerImpl.java:<init>(190)) - 1f79d333-1db1-49a4-8b1f-86941531a8c6: new RaftServerImpl for group-4712306EF037:[1f79d333-1db1-49a4-8b1f-86941531a8c6|rpc:10.1.0.5:45599|dataStream:|priority:1, 529b0fef-71a0-4d37-9a61-8cc4c3782ff3|rpc:10.1.0.5:41883|dataStream:|priority:0, 3e8281a1-b9ae-49e9-9444-8fa4effc3e34|rpc:10.1.0.5:43207|dataStream:|priority:0] with ContainerStateMachine:uninitialized
2022-06-01 03:36:04,256 [pool-505-thread-1] INFO  server.RaftServerConfigKeys (ConfUtils.java:logGet(46)) - raft.server.rpc.timeout.min = 5s (custom)
2022-06-01 03:36:04,256 [pool-505-thread-1] INFO  server.RaftServerConfigKeys (ConfUtils.java:logGet(46)) - raft.server.rpc.timeout.max = 5200ms (custom)
2022-06-01 03:36:04,256 [pool-505-thread-1] INFO  server.RaftServerConfigKeys (ConfUtils.java:logGet(46)) - raft.server.rpc.sleep.time = 25ms (default)
2022-06-01 03:36:04,256 [pool-505-thread-1] INFO  server.RaftServerConfigKeys (ConfUtils.java:logGet(46)) - raft.server.rpc.slowness.timeout = 300s (custom)
2022-06-01 03:36:04,256 [pool-505-thread-1] INFO  server.RaftServerConfigKeys (ConfUtils.java:logGet(46)) - raft.server.leaderelection.leader.step-down.wait-time = 10s (default)
2022-06-01 03:36:04,256 [pool-505-thread-1] INFO  server.RaftServerConfigKeys (ConfUtils.java:logGet(46)) - raft.server.sleep.deviation.threshold = 300ms (default)
2022-06-01 03:36:04,256 [pool-505-thread-1] INFO  server.RaftServer$Division (ServerState.java:<init>(107)) - 1f79d333-1db1-49a4-8b1f-86941531a8c6@group-4712306EF037: ConfigurationManager, init=-1: [1f79d333-1db1-49a4-8b1f-86941531a8c6|rpc:10.1.0.5:45599|dataStream:|priority:1, 529b0fef-71a0-4d37-9a61-8cc4c3782ff3|rpc:10.1.0.5:41883|dataStream:|priority:0, 3e8281a1-b9ae-49e9-9444-8fa4effc3e34|rpc:10.1.0.5:43207|dataStream:|priority:0], old=null, confs=<EMPTY_MAP>
2022-06-01 03:36:04,256 [pool-505-thread-1] INFO  server.RaftServerConfigKeys (ConfUtils.java:logGet(46)) - raft.server.storage.dir = [/home/runner/work/ozone/ozone/hadoop-ozone/integration-test/target/test-dir/MiniOzoneClusterImpl-76e4b4cf-2f77-4a34-b745-000a24705eb3/datanode-2/data/ratis] (custom)
2022-06-01 03:36:04,257 [pool-505-thread-1] INFO  server.RaftServerConfigKeys (ConfUtils.java:logGet(46)) - raft.server.log.corruption.policy = EXCEPTION (default)
2022-06-01 03:36:04,257 [pool-505-thread-1] INFO  server.RaftServerConfigKeys (ConfUtils.java:logGet(46)) - raft.server.storage.free-space.min = 0MB (=0) (default)
2022-06-01 03:36:04,257 [pool-505-thread-1] INFO  storage.RaftStorageDirectory (RaftStorageDirectoryImpl.java:analyzeStorage(135)) - The storage directory /home/runner/work/ozone/ozone/hadoop-ozone/integration-test/target/test-dir/MiniOzoneClusterImpl-76e4b4cf-2f77-4a34-b745-000a24705eb3/datanode-2/data/ratis/7d60718b-2397-4bcc-8ff0-4712306ef037 does not exist. Creating ...
2022-06-01 03:36:04,291 [pool-505-thread-1] INFO  storage.RaftStorageDirectory (RaftStorageDirectoryImpl.java:tryLock(230)) - Lock on /home/runner/work/ozone/ozone/hadoop-ozone/integration-test/target/test-dir/MiniOzoneClusterImpl-76e4b4cf-2f77-4a34-b745-000a24705eb3/datanode-2/data/ratis/7d60718b-2397-4bcc-8ff0-4712306ef037/in_use.lock acquired by nodename 14781@fv-az151-582
2022-06-01 03:36:04,298 [pool-505-thread-1] INFO  storage.RaftStorage (RaftStorageImpl.java:format(89)) - Storage directory /home/runner/work/ozone/ozone/hadoop-ozone/integration-test/target/test-dir/MiniOzoneClusterImpl-76e4b4cf-2f77-4a34-b745-000a24705eb3/datanode-2/data/ratis/7d60718b-2397-4bcc-8ff0-4712306ef037 has been successfully formatted.
2022-06-01 03:36:04,332 [pool-505-thread-1] INFO  ratis.ContainerStateMachine (ContainerStateMachine.java:loadSnapshot(236)) - group-4712306EF037: The snapshot info is null. Setting the last applied indexto:(t:0, i:~)
2022-06-01 03:36:04,333 [pool-505-thread-1] INFO  server.RaftServerConfigKeys (ConfUtils.java:logGet(46)) - raft.server.notification.no-leader.timeout = 300s (custom)
2022-06-01 03:36:04,333 [pool-505-thread-1] INFO  server.RaftServerConfigKeys (ConfUtils.java:logGet(46)) - raft.server.log.use.memory = false (default)
2022-06-01 03:36:04,333 [pool-505-thread-1] INFO  server.RaftServerConfigKeys (ConfUtils.java:logGet(46)) - raft.server.log.purge.gap = 1000000 (custom)
2022-06-01 03:36:04,333 [pool-505-thread-1] INFO  server.RaftServerConfigKeys (ConfUtils.java:logGet(46)) - raft.server.log.appender.buffer.byte-limit = 33554432 (custom)
2022-06-01 03:36:04,333 [pool-505-thread-1] INFO  server.RaftServerConfigKeys (ConfUtils.java:logGet(46)) - raft.server.log.statemachine.data.read.timeout = 1000ms (default)
2022-06-01 03:36:04,333 [pool-505-thread-1] INFO  server.RaftServerConfigKeys (ConfUtils.java:logGet(46)) - raft.server.log.segment.size.max = 1048576 (custom)
2022-06-01 03:36:04,333 [pool-505-thread-1] INFO  server.RaftServerConfigKeys (ConfUtils.java:logGet(46)) - raft.server.log.segment.cache.num.max = 2 (custom)
2022-06-01 03:36:04,333 [pool-505-thread-1] INFO  server.RaftServerConfigKeys (ConfUtils.java:logGet(46)) - raft.server.log.segment.cache.size.max = 200MB (=209715200) (default)
2022-06-01 03:36:04,333 [pool-505-thread-1] INFO  segmented.SegmentedRaftLogWorker (SegmentedRaftLogWorker.java:<init>(187)) - new 1f79d333-1db1-49a4-8b1f-86941531a8c6@group-4712306EF037-SegmentedRaftLogWorker for RaftStorageImpl:Storage Directory /home/runner/work/ozone/ozone/hadoop-ozone/integration-test/target/test-dir/MiniOzoneClusterImpl-76e4b4cf-2f77-4a34-b745-000a24705eb3/datanode-2/data/ratis/7d60718b-2397-4bcc-8ff0-4712306ef037
2022-06-01 03:36:04,334 [pool-505-thread-1] INFO  server.RaftServerConfigKeys (ConfUtils.java:logGet(46)) - raft.server.log.queue.byte-limit = 4294967296 (custom)
2022-06-01 03:36:04,334 [pool-505-thread-1] INFO  server.RaftServerConfigKeys (ConfUtils.java:logGet(46)) - raft.server.log.queue.element-limit = 1024 (custom)
2022-06-01 03:36:04,334 [pool-505-thread-1] INFO  server.RaftServerConfigKeys (ConfUtils.java:logGet(46)) - raft.server.log.segment.size.max = 1048576 (custom)
2022-06-01 03:36:04,334 [pool-505-thread-1] INFO  server.RaftServerConfigKeys (ConfUtils.java:logGet(46)) - raft.server.log.preallocated.size = 16384 (custom)
2022-06-01 03:36:04,334 [pool-505-thread-1] INFO  server.RaftServerConfigKeys (ConfUtils.java:logGet(46)) - raft.server.log.force.sync.num = 128 (default)
2022-06-01 03:36:04,334 [pool-505-thread-1] INFO  server.RaftServerConfigKeys (ConfUtils.java:logGet(46)) - raft.server.log.statemachine.data.sync = true (default)
2022-06-01 03:36:04,334 [pool-505-thread-1] INFO  server.RaftServerConfigKeys (ConfUtils.java:logGet(46)) - raft.server.log.statemachine.data.sync.timeout = 10s (default)
2022-06-01 03:36:04,334 [pool-505-thread-1] INFO  server.RaftServerConfigKeys (ConfUtils.java:logGet(46)) - raft.server.log.statemachine.data.sync.timeout.retry = -1 (default)
2022-06-01 03:36:04,335 [pool-505-thread-1] INFO  server.RaftServerConfigKeys (ConfUtils.java:logGet(46)) - raft.server.log.write.buffer.size = 1048576 (custom)
2022-06-01 03:36:04,335 [pool-505-thread-1] INFO  server.RaftServerConfigKeys (ConfUtils.java:logGet(46)) - raft.server.log.unsafe-flush.enabled = false (default)
2022-06-01 03:36:04,335 [pool-505-thread-1] INFO  server.RaftServerConfigKeys (ConfUtils.java:logGet(46)) - raft.server.log.statemachine.data.caching.enabled = true (custom)
2022-06-01 03:36:04,350 [pool-505-thread-1] INFO  segmented.SegmentedRaftLogWorker (SegmentedRaftLogWorker.java:lambda$new$0(135)) - 1f79d333-1db1-49a4-8b1f-86941531a8c6@group-4712306EF037-SegmentedRaftLogWorker: flushIndex: setUnconditionally 0 -> -1
2022-06-01 03:36:04,351 [pool-505-thread-1] INFO  segmented.SegmentedRaftLogWorker (SegmentedRaftLogWorker.java:lambda$new$0(135)) - 1f79d333-1db1-49a4-8b1f-86941531a8c6@group-4712306EF037-SegmentedRaftLogWorker: safeCacheEvictIndex: setUnconditionally 0 -> -1
2022-06-01 03:36:04,358 [pool-505-thread-1] INFO  server.RaftServerConfigKeys (ConfUtils.java:logGet(46)) - raft.server.snapshot.auto.trigger.enabled = true (custom)
2022-06-01 03:36:04,358 [pool-505-thread-1] INFO  server.RaftServerConfigKeys (ConfUtils.java:logGet(46)) - raft.server.snapshot.auto.trigger.threshold = 10000 (custom)
2022-06-01 03:36:04,358 [pool-505-thread-1] INFO  server.RaftServerConfigKeys (ConfUtils.java:logGet(46)) - raft.server.snapshot.retention.file.num = 5 (custom)
2022-06-01 03:36:04,358 [pool-505-thread-1] INFO  server.RaftServerConfigKeys (ConfUtils.java:logGet(46)) - raft.server.log.purge.upto.snapshot.index = false (default)
2022-06-01 03:36:04,358 [pool-505-thread-1] INFO  server.RaftServerConfigKeys (ConfUtils.java:logGet(46)) - raft.server.retrycache.expirytime = 600000ms (custom)
2022-06-01 03:36:04,358 [pool-505-thread-1] INFO  server.RaftServerConfigKeys (ConfUtils.java:logGet(46)) - raft.server.retrycache.statistics.expirytime = 100μs (default)
2022-06-01 03:36:04,360 [pool-505-thread-1] INFO  server.RaftServerConfigKeys (ConfUtils.java:logGet(46)) - raft.server.log.appender.install.snapshot.enabled = false (custom)
2022-06-01 03:36:04,360 [pool-505-thread-1] INFO  server.RaftServerConfigKeys (ConfUtils.java:logGet(46)) - raft.server.threadpool.server.cached = true (default)
2022-06-01 03:36:04,360 [pool-505-thread-1] INFO  server.RaftServerConfigKeys (ConfUtils.java:logGet(46)) - raft.server.threadpool.server.size = 0 (default)
2022-06-01 03:36:04,360 [pool-505-thread-1] INFO  server.RaftServerConfigKeys (ConfUtils.java:logGet(46)) - raft.server.threadpool.client.cached = true (default)
2022-06-01 03:36:04,360 [pool-505-thread-1] INFO  server.RaftServerConfigKeys (ConfUtils.java:logGet(46)) - raft.server.threadpool.client.size = 0 (default)
2022-06-01 03:36:04,360 [pool-505-thread-1] INFO  server.RaftServer$Division (RaftServerImpl.java:start(310)) - 1f79d333-1db1-49a4-8b1f-86941531a8c6@group-4712306EF037: start as a follower, conf=-1: [1f79d333-1db1-49a4-8b1f-86941531a8c6|rpc:10.1.0.5:45599|dataStream:|priority:1, 529b0fef-71a0-4d37-9a61-8cc4c3782ff3|rpc:10.1.0.5:41883|dataStream:|priority:0, 3e8281a1-b9ae-49e9-9444-8fa4effc3e34|rpc:10.1.0.5:43207|dataStream:|priority:0], old=null
2022-06-01 03:36:04,360 [pool-505-thread-1] INFO  server.RaftServer$Division (RaftServerImpl.java:setRole(299)) - 1f79d333-1db1-49a4-8b1f-86941531a8c6@group-4712306EF037: changes role from      null to FOLLOWER at term 0 for startAsFollower
2022-06-01 03:36:04,360 [pool-505-thread-1] INFO  impl.RoleInfo (RoleInfo.java:updateAndGet(139)) - 1f79d333-1db1-49a4-8b1f-86941531a8c6: start 1f79d333-1db1-49a4-8b1f-86941531a8c6@group-4712306EF037-FollowerState
2022-06-01 03:36:04,365 [pool-505-thread-1] INFO  util.JmxRegister (JmxRegister.java:tryRegister(44)) - Successfully registered JMX Bean with object name Ratis:service=RaftServer,group=group-4712306EF037,id=1f79d333-1db1-49a4-8b1f-86941531a8c6
2022-06-01 03:36:04,475 [grpc-default-executor-1] INFO  server.RaftServer (RaftServerProxy.java:addNew(96)) - 529b0fef-71a0-4d37-9a61-8cc4c3782ff3: addNew group-4712306EF037:[1f79d333-1db1-49a4-8b1f-86941531a8c6|rpc:10.1.0.5:45599|dataStream:|priority:1, 529b0fef-71a0-4d37-9a61-8cc4c3782ff3|rpc:10.1.0.5:41883|dataStream:|priority:0, 3e8281a1-b9ae-49e9-9444-8fa4effc3e34|rpc:10.1.0.5:43207|dataStream:|priority:0] returns group-4712306EF037:java.util.concurrent.CompletableFuture@5d785c21[Not completed]
2022-06-01 03:36:04,506 [pool-483-thread-1] INFO  server.RaftServer$Division (RaftServerImpl.java:<init>(190)) - 529b0fef-71a0-4d37-9a61-8cc4c3782ff3: new RaftServerImpl for group-4712306EF037:[1f79d333-1db1-49a4-8b1f-86941531a8c6|rpc:10.1.0.5:45599|dataStream:|priority:1, 529b0fef-71a0-4d37-9a61-8cc4c3782ff3|rpc:10.1.0.5:41883|dataStream:|priority:0, 3e8281a1-b9ae-49e9-9444-8fa4effc3e34|rpc:10.1.0.5:43207|dataStream:|priority:0] with ContainerStateMachine:uninitialized
2022-06-01 03:36:04,506 [pool-483-thread-1] INFO  server.RaftServerConfigKeys (ConfUtils.java:logGet(46)) - raft.server.rpc.timeout.min = 5s (custom)
2022-06-01 03:36:04,506 [pool-483-thread-1] INFO  server.RaftServerConfigKeys (ConfUtils.java:logGet(46)) - raft.server.rpc.timeout.max = 5200ms (custom)
2022-06-01 03:36:04,506 [pool-483-thread-1] INFO  server.RaftServerConfigKeys (ConfUtils.java:logGet(46)) - raft.server.rpc.sleep.time = 25ms (default)
2022-06-01 03:36:04,506 [pool-483-thread-1] INFO  server.RaftServerConfigKeys (ConfUtils.java:logGet(46)) - raft.server.rpc.slowness.timeout = 300s (custom)
2022-06-01 03:36:04,506 [pool-483-thread-1] INFO  server.RaftServerConfigKeys (ConfUtils.java:logGet(46)) - raft.server.leaderelection.leader.step-down.wait-time = 10s (default)
2022-06-01 03:36:04,507 [pool-483-thread-1] INFO  server.RaftServerConfigKeys (ConfUtils.java:logGet(46)) - raft.server.sleep.deviation.threshold = 300ms (default)
2022-06-01 03:36:04,507 [pool-483-thread-1] INFO  server.RaftServer$Division (ServerState.java:<init>(107)) - 529b0fef-71a0-4d37-9a61-8cc4c3782ff3@group-4712306EF037: ConfigurationManager, init=-1: [1f79d333-1db1-49a4-8b1f-86941531a8c6|rpc:10.1.0.5:45599|dataStream:|priority:1, 529b0fef-71a0-4d37-9a61-8cc4c3782ff3|rpc:10.1.0.5:41883|dataStream:|priority:0, 3e8281a1-b9ae-49e9-9444-8fa4effc3e34|rpc:10.1.0.5:43207|dataStream:|priority:0], old=null, confs=<EMPTY_MAP>
2022-06-01 03:36:04,507 [pool-483-thread-1] INFO  server.RaftServerConfigKeys (ConfUtils.java:logGet(46)) - raft.server.storage.dir = [/home/runner/work/ozone/ozone/hadoop-ozone/integration-test/target/test-dir/MiniOzoneClusterImpl-76e4b4cf-2f77-4a34-b745-000a24705eb3/datanode-1/data/ratis] (custom)
2022-06-01 03:36:04,507 [pool-483-thread-1] INFO  server.RaftServerConfigKeys (ConfUtils.java:logGet(46)) - raft.server.log.corruption.policy = EXCEPTION (default)
2022-06-01 03:36:04,507 [pool-483-thread-1] INFO  server.RaftServerConfigKeys (ConfUtils.java:logGet(46)) - raft.server.storage.free-space.min = 0MB (=0) (default)
2022-06-01 03:36:04,507 [pool-483-thread-1] INFO  storage.RaftStorageDirectory (RaftStorageDirectoryImpl.java:analyzeStorage(135)) - The storage directory /home/runner/work/ozone/ozone/hadoop-ozone/integration-test/target/test-dir/MiniOzoneClusterImpl-76e4b4cf-2f77-4a34-b745-000a24705eb3/datanode-1/data/ratis/7d60718b-2397-4bcc-8ff0-4712306ef037 does not exist. Creating ...
2022-06-01 03:36:04,513 [pool-483-thread-1] INFO  storage.RaftStorageDirectory (RaftStorageDirectoryImpl.java:tryLock(230)) - Lock on /home/runner/work/ozone/ozone/hadoop-ozone/integration-test/target/test-dir/MiniOzoneClusterImpl-76e4b4cf-2f77-4a34-b745-000a24705eb3/datanode-1/data/ratis/7d60718b-2397-4bcc-8ff0-4712306ef037/in_use.lock acquired by nodename 14781@fv-az151-582
2022-06-01 03:36:04,516 [pool-483-thread-1] INFO  storage.RaftStorage (RaftStorageImpl.java:format(89)) - Storage directory /home/runner/work/ozone/ozone/hadoop-ozone/integration-test/target/test-dir/MiniOzoneClusterImpl-76e4b4cf-2f77-4a34-b745-000a24705eb3/datanode-1/data/ratis/7d60718b-2397-4bcc-8ff0-4712306ef037 has been successfully formatted.
2022-06-01 03:36:04,538 [pool-483-thread-1] INFO  ratis.ContainerStateMachine (ContainerStateMachine.java:loadSnapshot(236)) - group-4712306EF037: The snapshot info is null. Setting the last applied indexto:(t:0, i:~)
2022-06-01 03:36:04,539 [pool-483-thread-1] INFO  server.RaftServerConfigKeys (ConfUtils.java:logGet(46)) - raft.server.notification.no-leader.timeout = 300s (custom)
2022-06-01 03:36:04,539 [pool-483-thread-1] INFO  server.RaftServerConfigKeys (ConfUtils.java:logGet(46)) - raft.server.log.use.memory = false (default)
2022-06-01 03:36:04,539 [pool-483-thread-1] INFO  server.RaftServerConfigKeys (ConfUtils.java:logGet(46)) - raft.server.log.purge.gap = 1000000 (custom)
2022-06-01 03:36:04,539 [pool-483-thread-1] INFO  server.RaftServerConfigKeys (ConfUtils.java:logGet(46)) - raft.server.log.appender.buffer.byte-limit = 33554432 (custom)
2022-06-01 03:36:04,539 [pool-483-thread-1] INFO  server.RaftServerConfigKeys (ConfUtils.java:logGet(46)) - raft.server.log.statemachine.data.read.timeout = 1000ms (default)
2022-06-01 03:36:04,540 [pool-483-thread-1] INFO  server.RaftServerConfigKeys (ConfUtils.java:logGet(46)) - raft.server.log.segment.size.max = 1048576 (custom)
2022-06-01 03:36:04,540 [pool-483-thread-1] INFO  server.RaftServerConfigKeys (ConfUtils.java:logGet(46)) - raft.server.log.segment.cache.num.max = 2 (custom)
2022-06-01 03:36:04,540 [pool-483-thread-1] INFO  server.RaftServerConfigKeys (ConfUtils.java:logGet(46)) - raft.server.log.segment.cache.size.max = 200MB (=209715200) (default)
2022-06-01 03:36:04,541 [pool-483-thread-1] INFO  segmented.SegmentedRaftLogWorker (SegmentedRaftLogWorker.java:<init>(187)) - new 529b0fef-71a0-4d37-9a61-8cc4c3782ff3@group-4712306EF037-SegmentedRaftLogWorker for RaftStorageImpl:Storage Directory /home/runner/work/ozone/ozone/hadoop-ozone/integration-test/target/test-dir/MiniOzoneClusterImpl-76e4b4cf-2f77-4a34-b745-000a24705eb3/datanode-1/data/ratis/7d60718b-2397-4bcc-8ff0-4712306ef037
2022-06-01 03:36:04,541 [pool-483-thread-1] INFO  server.RaftServerConfigKeys (ConfUtils.java:logGet(46)) - raft.server.log.queue.byte-limit = 4294967296 (custom)
2022-06-01 03:36:04,541 [pool-483-thread-1] INFO  server.RaftServerConfigKeys (ConfUtils.java:logGet(46)) - raft.server.log.queue.element-limit = 1024 (custom)
2022-06-01 03:36:04,541 [pool-483-thread-1] INFO  server.RaftServerConfigKeys (ConfUtils.java:logGet(46)) - raft.server.log.segment.size.max = 1048576 (custom)
2022-06-01 03:36:04,541 [pool-483-thread-1] INFO  server.RaftServerConfigKeys (ConfUtils.java:logGet(46)) - raft.server.log.preallocated.size = 16384 (custom)
2022-06-01 03:36:04,541 [pool-483-thread-1] INFO  server.RaftServerConfigKeys (ConfUtils.java:logGet(46)) - raft.server.log.force.sync.num = 128 (default)
2022-06-01 03:36:04,541 [pool-483-thread-1] INFO  server.RaftServerConfigKeys (ConfUtils.java:logGet(46)) - raft.server.log.statemachine.data.sync = true (default)
2022-06-01 03:36:04,541 [pool-483-thread-1] INFO  server.RaftServerConfigKeys (ConfUtils.java:logGet(46)) - raft.server.log.statemachine.data.sync.timeout = 10s (default)
2022-06-01 03:36:04,541 [pool-483-thread-1] INFO  server.RaftServerConfigKeys (ConfUtils.java:logGet(46)) - raft.server.log.statemachine.data.sync.timeout.retry = -1 (default)
2022-06-01 03:36:04,542 [pool-483-thread-1] INFO  server.RaftServerConfigKeys (ConfUtils.java:logGet(46)) - raft.server.log.write.buffer.size = 1048576 (custom)
2022-06-01 03:36:04,542 [pool-483-thread-1] INFO  server.RaftServerConfigKeys (ConfUtils.java:logGet(46)) - raft.server.log.unsafe-flush.enabled = false (default)
2022-06-01 03:36:04,542 [pool-483-thread-1] INFO  server.RaftServerConfigKeys (ConfUtils.java:logGet(46)) - raft.server.log.statemachine.data.caching.enabled = true (custom)
2022-06-01 03:36:04,542 [pool-483-thread-1] INFO  segmented.SegmentedRaftLogWorker (SegmentedRaftLogWorker.java:lambda$new$0(135)) - 529b0fef-71a0-4d37-9a61-8cc4c3782ff3@group-4712306EF037-SegmentedRaftLogWorker: flushIndex: setUnconditionally 0 -> -1
2022-06-01 03:36:04,542 [pool-483-thread-1] INFO  segmented.SegmentedRaftLogWorker (SegmentedRaftLogWorker.java:lambda$new$0(135)) - 529b0fef-71a0-4d37-9a61-8cc4c3782ff3@group-4712306EF037-SegmentedRaftLogWorker: safeCacheEvictIndex: setUnconditionally 0 -> -1
2022-06-01 03:36:04,560 [pool-483-thread-1] INFO  server.RaftServerConfigKeys (ConfUtils.java:logGet(46)) - raft.server.snapshot.auto.trigger.enabled = true (custom)
2022-06-01 03:36:04,560 [pool-483-thread-1] INFO  server.RaftServerConfigKeys (ConfUtils.java:logGet(46)) - raft.server.snapshot.auto.trigger.threshold = 10000 (custom)
2022-06-01 03:36:04,560 [pool-483-thread-1] INFO  server.RaftServerConfigKeys (ConfUtils.java:logGet(46)) - raft.server.snapshot.retention.file.num = 5 (custom)
2022-06-01 03:36:04,560 [pool-483-thread-1] INFO  server.RaftServerConfigKeys (ConfUtils.java:logGet(46)) - raft.server.log.purge.upto.snapshot.index = false (default)
2022-06-01 03:36:04,560 [pool-483-thread-1] INFO  server.RaftServerConfigKeys (ConfUtils.java:logGet(46)) - raft.server.retrycache.expirytime = 600000ms (custom)
2022-06-01 03:36:04,560 [pool-483-thread-1] INFO  server.RaftServerConfigKeys (ConfUtils.java:logGet(46)) - raft.server.retrycache.statistics.expirytime = 100μs (default)
2022-06-01 03:36:04,561 [pool-483-thread-1] INFO  server.RaftServerConfigKeys (ConfUtils.java:logGet(46)) - raft.server.log.appender.install.snapshot.enabled = false (custom)
2022-06-01 03:36:04,561 [pool-483-thread-1] INFO  server.RaftServerConfigKeys (ConfUtils.java:logGet(46)) - raft.server.threadpool.server.cached = true (default)
2022-06-01 03:36:04,561 [pool-483-thread-1] INFO  server.RaftServerConfigKeys (ConfUtils.java:logGet(46)) - raft.server.threadpool.server.size = 0 (default)
2022-06-01 03:36:04,561 [pool-483-thread-1] INFO  server.RaftServerConfigKeys (ConfUtils.java:logGet(46)) - raft.server.threadpool.client.cached = true (default)
2022-06-01 03:36:04,561 [pool-483-thread-1] INFO  server.RaftServerConfigKeys (ConfUtils.java:logGet(46)) - raft.server.threadpool.client.size = 0 (default)
2022-06-01 03:36:04,561 [pool-483-thread-1] INFO  server.RaftServer$Division (RaftServerImpl.java:start(310)) - 529b0fef-71a0-4d37-9a61-8cc4c3782ff3@group-4712306EF037: start as a follower, conf=-1: [1f79d333-1db1-49a4-8b1f-86941531a8c6|rpc:10.1.0.5:45599|dataStream:|priority:1, 529b0fef-71a0-4d37-9a61-8cc4c3782ff3|rpc:10.1.0.5:41883|dataStream:|priority:0, 3e8281a1-b9ae-49e9-9444-8fa4effc3e34|rpc:10.1.0.5:43207|dataStream:|priority:0], old=null
2022-06-01 03:36:04,561 [pool-483-thread-1] INFO  server.RaftServer$Division (RaftServerImpl.java:setRole(299)) - 529b0fef-71a0-4d37-9a61-8cc4c3782ff3@group-4712306EF037: changes role from      null to FOLLOWER at term 0 for startAsFollower
2022-06-01 03:36:04,561 [pool-483-thread-1] INFO  impl.RoleInfo (RoleInfo.java:updateAndGet(139)) - 529b0fef-71a0-4d37-9a61-8cc4c3782ff3: start 529b0fef-71a0-4d37-9a61-8cc4c3782ff3@group-4712306EF037-FollowerState
2022-06-01 03:36:04,564 [pool-483-thread-1] INFO  util.JmxRegister (JmxRegister.java:tryRegister(44)) - Successfully registered JMX Bean with object name Ratis:service=RaftServer,group=group-4712306EF037,id=529b0fef-71a0-4d37-9a61-8cc4c3782ff3
2022-06-01 03:36:04,609 [Command processor thread] INFO  commandhandler.CreatePipelineCommandHandler (CreatePipelineCommandHandler.java:handle(113)) - Created Pipeline RATIS THREE PipelineID=7d60718b-2397-4bcc-8ff0-4712306ef037.
2022-06-01 03:36:04,610 [Command processor thread] INFO  server.RaftServer (RaftServerProxy.java:addNew(96)) - 3e8281a1-b9ae-49e9-9444-8fa4effc3e34: addNew group-9265F9D8980A:[1f79d333-1db1-49a4-8b1f-86941531a8c6|rpc:10.1.0.5:45599|priority:0, 529b0fef-71a0-4d37-9a61-8cc4c3782ff3|rpc:10.1.0.5:41883|priority:0, 3e8281a1-b9ae-49e9-9444-8fa4effc3e34|rpc:10.1.0.5:43207|priority:1] returns group-9265F9D8980A:java.util.concurrent.CompletableFuture@3cf43d76[Not completed]
2022-06-01 03:36:04,610 [pool-461-thread-1] INFO  server.RaftServer$Division (RaftServerImpl.java:<init>(190)) - 3e8281a1-b9ae-49e9-9444-8fa4effc3e34: new RaftServerImpl for group-9265F9D8980A:[1f79d333-1db1-49a4-8b1f-86941531a8c6|rpc:10.1.0.5:45599|priority:0, 529b0fef-71a0-4d37-9a61-8cc4c3782ff3|rpc:10.1.0.5:41883|priority:0, 3e8281a1-b9ae-49e9-9444-8fa4effc3e34|rpc:10.1.0.5:43207|priority:1] with ContainerStateMachine:uninitialized
2022-06-01 03:36:04,610 [pool-461-thread-1] INFO  server.RaftServerConfigKeys (ConfUtils.java:logGet(46)) - raft.server.rpc.timeout.min = 5s (custom)
2022-06-01 03:36:04,611 [pool-461-thread-1] INFO  server.RaftServerConfigKeys (ConfUtils.java:logGet(46)) - raft.server.rpc.timeout.max = 5200ms (custom)
2022-06-01 03:36:04,611 [pool-461-thread-1] INFO  server.RaftServerConfigKeys (ConfUtils.java:logGet(46)) - raft.server.rpc.sleep.time = 25ms (default)
2022-06-01 03:36:04,611 [pool-461-thread-1] INFO  server.RaftServerConfigKeys (ConfUtils.java:logGet(46)) - raft.server.rpc.slowness.timeout = 300s (custom)
2022-06-01 03:36:04,611 [pool-461-thread-1] INFO  server.RaftServerConfigKeys (ConfUtils.java:logGet(46)) - raft.server.leaderelection.leader.step-down.wait-time = 10s (default)
2022-06-01 03:36:04,611 [pool-461-thread-1] INFO  server.RaftServerConfigKeys (ConfUtils.java:logGet(46)) - raft.server.sleep.deviation.threshold = 300ms (default)
2022-06-01 03:36:04,611 [pool-461-thread-1] INFO  server.RaftServer$Division (ServerState.java:<init>(107)) - 3e8281a1-b9ae-49e9-9444-8fa4effc3e34@group-9265F9D8980A: ConfigurationManager, init=-1: [1f79d333-1db1-49a4-8b1f-86941531a8c6|rpc:10.1.0.5:45599|priority:0, 529b0fef-71a0-4d37-9a61-8cc4c3782ff3|rpc:10.1.0.5:41883|priority:0, 3e8281a1-b9ae-49e9-9444-8fa4effc3e34|rpc:10.1.0.5:43207|priority:1], old=null, confs=<EMPTY_MAP>
2022-06-01 03:36:04,611 [pool-461-thread-1] INFO  server.RaftServerConfigKeys (ConfUtils.java:logGet(46)) - raft.server.storage.dir = [/home/runner/work/ozone/ozone/hadoop-ozone/integration-test/target/test-dir/MiniOzoneClusterImpl-76e4b4cf-2f77-4a34-b745-000a24705eb3/datanode-0/data/ratis] (custom)
2022-06-01 03:36:04,611 [pool-461-thread-1] INFO  server.RaftServerConfigKeys (ConfUtils.java:logGet(46)) - raft.server.log.corruption.policy = EXCEPTION (default)
2022-06-01 03:36:04,611 [pool-461-thread-1] INFO  server.RaftServerConfigKeys (ConfUtils.java:logGet(46)) - raft.server.storage.free-space.min = 0MB (=0) (default)
2022-06-01 03:36:04,611 [pool-461-thread-1] INFO  storage.RaftStorageDirectory (RaftStorageDirectoryImpl.java:analyzeStorage(135)) - The storage directory /home/runner/work/ozone/ozone/hadoop-ozone/integration-test/target/test-dir/MiniOzoneClusterImpl-76e4b4cf-2f77-4a34-b745-000a24705eb3/datanode-0/data/ratis/44241a2c-ca72-4370-9bc3-9265f9d8980a does not exist. Creating ...
2022-06-01 03:36:04,615 [pool-461-thread-1] INFO  storage.RaftStorageDirectory (RaftStorageDirectoryImpl.java:tryLock(230)) - Lock on /home/runner/work/ozone/ozone/hadoop-ozone/integration-test/target/test-dir/MiniOzoneClusterImpl-76e4b4cf-2f77-4a34-b745-000a24705eb3/datanode-0/data/ratis/44241a2c-ca72-4370-9bc3-9265f9d8980a/in_use.lock acquired by nodename 14781@fv-az151-582
2022-06-01 03:36:04,619 [pool-461-thread-1] INFO  storage.RaftStorage (RaftStorageImpl.java:format(89)) - Storage directory /home/runner/work/ozone/ozone/hadoop-ozone/integration-test/target/test-dir/MiniOzoneClusterImpl-76e4b4cf-2f77-4a34-b745-000a24705eb3/datanode-0/data/ratis/44241a2c-ca72-4370-9bc3-9265f9d8980a has been successfully formatted.
2022-06-01 03:36:04,620 [pool-461-thread-1] INFO  ratis.ContainerStateMachine (ContainerStateMachine.java:loadSnapshot(236)) - group-9265F9D8980A: The snapshot info is null. Setting the last applied indexto:(t:0, i:~)
2022-06-01 03:36:04,620 [pool-461-thread-1] INFO  server.RaftServerConfigKeys (ConfUtils.java:logGet(46)) - raft.server.notification.no-leader.timeout = 300s (custom)
2022-06-01 03:36:04,620 [pool-461-thread-1] INFO  server.RaftServerConfigKeys (ConfUtils.java:logGet(46)) - raft.server.log.use.memory = false (default)
2022-06-01 03:36:04,620 [pool-461-thread-1] INFO  server.RaftServerConfigKeys (ConfUtils.java:logGet(46)) - raft.server.log.purge.gap = 1000000 (custom)
2022-06-01 03:36:04,620 [pool-461-thread-1] INFO  server.RaftServerConfigKeys (ConfUtils.java:logGet(46)) - raft.server.log.appender.buffer.byte-limit = 33554432 (custom)
2022-06-01 03:36:04,620 [pool-461-thread-1] INFO  server.RaftServerConfigKeys (ConfUtils.java:logGet(46)) - raft.server.log.statemachine.data.read.timeout = 1000ms (default)
2022-06-01 03:36:04,620 [pool-461-thread-1] INFO  server.RaftServerConfigKeys (ConfUtils.java:logGet(46)) - raft.server.log.segment.size.max = 1048576 (custom)
2022-06-01 03:36:04,621 [EventQueue-OpenPipelineForHealthyPipelineSafeModeRule] INFO  safemode.SCMSafeModeManager (HealthyPipelineSafeModeRule.java:process(124)) - SCM in safe mode. Healthy pipelines reported count is 0, required healthy pipeline reported count is 1
2022-06-01 03:36:04,623 [pool-461-thread-1] INFO  server.RaftServerConfigKeys (ConfUtils.java:logGet(46)) - raft.server.log.segment.cache.num.max = 2 (custom)
2022-06-01 03:36:04,623 [pool-461-thread-1] INFO  server.RaftServerConfigKeys (ConfUtils.java:logGet(46)) - raft.server.log.segment.cache.size.max = 200MB (=209715200) (default)
2022-06-01 03:36:04,623 [pool-461-thread-1] INFO  segmented.SegmentedRaftLogWorker (SegmentedRaftLogWorker.java:<init>(187)) - new 3e8281a1-b9ae-49e9-9444-8fa4effc3e34@group-9265F9D8980A-SegmentedRaftLogWorker for RaftStorageImpl:Storage Directory /home/runner/work/ozone/ozone/hadoop-ozone/integration-test/target/test-dir/MiniOzoneClusterImpl-76e4b4cf-2f77-4a34-b745-000a24705eb3/datanode-0/data/ratis/44241a2c-ca72-4370-9bc3-9265f9d8980a
2022-06-01 03:36:04,623 [pool-461-thread-1] INFO  server.RaftServerConfigKeys (ConfUtils.java:logGet(46)) - raft.server.log.queue.byte-limit = 4294967296 (custom)
2022-06-01 03:36:04,623 [pool-461-thread-1] INFO  server.RaftServerConfigKeys (ConfUtils.java:logGet(46)) - raft.server.log.queue.element-limit = 1024 (custom)
2022-06-01 03:36:04,623 [pool-461-thread-1] INFO  server.RaftServerConfigKeys (ConfUtils.java:logGet(46)) - raft.server.log.segment.size.max = 1048576 (custom)
2022-06-01 03:36:04,624 [pool-461-thread-1] INFO  server.RaftServerConfigKeys (ConfUtils.java:logGet(46)) - raft.server.log.preallocated.size = 16384 (custom)
2022-06-01 03:36:04,624 [pool-461-thread-1] INFO  server.RaftServerConfigKeys (ConfUtils.java:logGet(46)) - raft.server.log.force.sync.num = 128 (default)
2022-06-01 03:36:04,624 [pool-461-thread-1] INFO  server.RaftServerConfigKeys (ConfUtils.java:logGet(46)) - raft.server.log.statemachine.data.sync = true (default)
2022-06-01 03:36:04,624 [pool-461-thread-1] INFO  server.RaftServerConfigKeys (ConfUtils.java:logGet(46)) - raft.server.log.statemachine.data.sync.timeout = 10s (default)
2022-06-01 03:36:04,624 [pool-461-thread-1] INFO  server.RaftServerConfigKeys (ConfUtils.java:logGet(46)) - raft.server.log.statemachine.data.sync.timeout.retry = -1 (default)
2022-06-01 03:36:04,624 [pool-461-thread-1] INFO  server.RaftServerConfigKeys (ConfUtils.java:logGet(46)) - raft.server.log.write.buffer.size = 1048576 (custom)
2022-06-01 03:36:04,625 [pool-461-thread-1] INFO  server.RaftServerConfigKeys (ConfUtils.java:logGet(46)) - raft.server.log.unsafe-flush.enabled = false (default)
2022-06-01 03:36:04,625 [pool-461-thread-1] INFO  server.RaftServerConfigKeys (ConfUtils.java:logGet(46)) - raft.server.log.statemachine.data.caching.enabled = true (custom)
2022-06-01 03:36:04,625 [pool-461-thread-1] INFO  segmented.SegmentedRaftLogWorker (SegmentedRaftLogWorker.java:lambda$new$0(135)) - 3e8281a1-b9ae-49e9-9444-8fa4effc3e34@group-9265F9D8980A-SegmentedRaftLogWorker: flushIndex: setUnconditionally 0 -> -1
2022-06-01 03:36:04,625 [pool-461-thread-1] INFO  segmented.SegmentedRaftLogWorker (SegmentedRaftLogWorker.java:lambda$new$0(135)) - 3e8281a1-b9ae-49e9-9444-8fa4effc3e34@group-9265F9D8980A-SegmentedRaftLogWorker: safeCacheEvictIndex: setUnconditionally 0 -> -1
2022-06-01 03:36:04,633 [pool-461-thread-1] INFO  server.RaftServerConfigKeys (ConfUtils.java:logGet(46)) - raft.server.snapshot.auto.trigger.enabled = true (custom)
2022-06-01 03:36:04,633 [pool-461-thread-1] INFO  server.RaftServerConfigKeys (ConfUtils.java:logGet(46)) - raft.server.snapshot.auto.trigger.threshold = 10000 (custom)
2022-06-01 03:36:04,633 [pool-461-thread-1] INFO  server.RaftServerConfigKeys (ConfUtils.java:logGet(46)) - raft.server.snapshot.retention.file.num = 5 (custom)
2022-06-01 03:36:04,633 [pool-461-thread-1] INFO  server.RaftServerConfigKeys (ConfUtils.java:logGet(46)) - raft.server.log.purge.upto.snapshot.index = false (default)
2022-06-01 03:36:04,633 [pool-461-thread-1] INFO  server.RaftServerConfigKeys (ConfUtils.java:logGet(46)) - raft.server.retrycache.expirytime = 600000ms (custom)
2022-06-01 03:36:04,633 [pool-461-thread-1] INFO  server.RaftServerConfigKeys (ConfUtils.java:logGet(46)) - raft.server.retrycache.statistics.expirytime = 100μs (default)
2022-06-01 03:36:04,634 [pool-461-thread-1] INFO  server.RaftServerConfigKeys (ConfUtils.java:logGet(46)) - raft.server.log.appender.install.snapshot.enabled = false (custom)
2022-06-01 03:36:04,635 [pool-461-thread-1] INFO  server.RaftServerConfigKeys (ConfUtils.java:logGet(46)) - raft.server.threadpool.server.cached = true (default)
2022-06-01 03:36:04,635 [pool-461-thread-1] INFO  server.RaftServerConfigKeys (ConfUtils.java:logGet(46)) - raft.server.threadpool.server.size = 0 (default)
2022-06-01 03:36:04,635 [pool-461-thread-1] INFO  server.RaftServerConfigKeys (ConfUtils.java:logGet(46)) - raft.server.threadpool.client.cached = true (default)
2022-06-01 03:36:04,635 [pool-461-thread-1] INFO  server.RaftServerConfigKeys (ConfUtils.java:logGet(46)) - raft.server.threadpool.client.size = 0 (default)
2022-06-01 03:36:04,635 [pool-461-thread-1] INFO  server.RaftServer$Division (RaftServerImpl.java:start(310)) - 3e8281a1-b9ae-49e9-9444-8fa4effc3e34@group-9265F9D8980A: start as a follower, conf=-1: [1f79d333-1db1-49a4-8b1f-86941531a8c6|rpc:10.1.0.5:45599|priority:0, 529b0fef-71a0-4d37-9a61-8cc4c3782ff3|rpc:10.1.0.5:41883|priority:0, 3e8281a1-b9ae-49e9-9444-8fa4effc3e34|rpc:10.1.0.5:43207|priority:1], old=null
2022-06-01 03:36:04,635 [pool-461-thread-1] INFO  server.RaftServer$Division (RaftServerImpl.java:setRole(299)) - 3e8281a1-b9ae-49e9-9444-8fa4effc3e34@group-9265F9D8980A: changes role from      null to FOLLOWER at term 0 for startAsFollower
2022-06-01 03:36:04,635 [pool-461-thread-1] INFO  impl.RoleInfo (RoleInfo.java:updateAndGet(139)) - 3e8281a1-b9ae-49e9-9444-8fa4effc3e34: start 3e8281a1-b9ae-49e9-9444-8fa4effc3e34@group-9265F9D8980A-FollowerState
2022-06-01 03:36:04,636 [pool-461-thread-1] INFO  util.JmxRegister (JmxRegister.java:tryRegister(44)) - Successfully registered JMX Bean with object name Ratis:service=RaftServer,group=group-9265F9D8980A,id=3e8281a1-b9ae-49e9-9444-8fa4effc3e34
2022-06-01 03:36:04,637 [Command processor thread] INFO  ratis.XceiverServerRatis (XceiverServerRatis.java:addGroup(765)) - Created group PipelineID=44241a2c-ca72-4370-9bc3-9265f9d8980a
2022-06-01 03:36:04,667 [grpc-default-executor-1] INFO  server.RaftServer (RaftServerProxy.java:addNew(96)) - 1f79d333-1db1-49a4-8b1f-86941531a8c6: addNew group-9265F9D8980A:[1f79d333-1db1-49a4-8b1f-86941531a8c6|rpc:10.1.0.5:45599|dataStream:|priority:0, 529b0fef-71a0-4d37-9a61-8cc4c3782ff3|rpc:10.1.0.5:41883|dataStream:|priority:0, 3e8281a1-b9ae-49e9-9444-8fa4effc3e34|rpc:10.1.0.5:43207|dataStream:|priority:1] returns group-9265F9D8980A:java.util.concurrent.CompletableFuture@69313c8d[Not completed]
2022-06-01 03:36:04,668 [pool-505-thread-1] INFO  server.RaftServer$Division (RaftServerImpl.java:<init>(190)) - 1f79d333-1db1-49a4-8b1f-86941531a8c6: new RaftServerImpl for group-9265F9D8980A:[1f79d333-1db1-49a4-8b1f-86941531a8c6|rpc:10.1.0.5:45599|dataStream:|priority:0, 529b0fef-71a0-4d37-9a61-8cc4c3782ff3|rpc:10.1.0.5:41883|dataStream:|priority:0, 3e8281a1-b9ae-49e9-9444-8fa4effc3e34|rpc:10.1.0.5:43207|dataStream:|priority:1] with ContainerStateMachine:uninitialized
2022-06-01 03:36:04,668 [pool-505-thread-1] INFO  server.RaftServerConfigKeys (ConfUtils.java:logGet(46)) - raft.server.rpc.timeout.min = 5s (custom)
2022-06-01 03:36:04,668 [pool-505-thread-1] INFO  server.RaftServerConfigKeys (ConfUtils.java:logGet(46)) - raft.server.rpc.timeout.max = 5200ms (custom)
2022-06-01 03:36:04,668 [pool-505-thread-1] INFO  server.RaftServerConfigKeys (ConfUtils.java:logGet(46)) - raft.server.rpc.sleep.time = 25ms (default)
2022-06-01 03:36:04,668 [pool-505-thread-1] INFO  server.RaftServerConfigKeys (ConfUtils.java:logGet(46)) - raft.server.rpc.slowness.timeout = 300s (custom)
2022-06-01 03:36:04,669 [pool-505-thread-1] INFO  server.RaftServerConfigKeys (ConfUtils.java:logGet(46)) - raft.server.leaderelection.leader.step-down.wait-time = 10s (default)
2022-06-01 03:36:04,669 [pool-505-thread-1] INFO  server.RaftServerConfigKeys (ConfUtils.java:logGet(46)) - raft.server.sleep.deviation.threshold = 300ms (default)
2022-06-01 03:36:04,669 [pool-505-thread-1] INFO  server.RaftServer$Division (ServerState.java:<init>(107)) - 1f79d333-1db1-49a4-8b1f-86941531a8c6@group-9265F9D8980A: ConfigurationManager, init=-1: [1f79d333-1db1-49a4-8b1f-86941531a8c6|rpc:10.1.0.5:45599|dataStream:|priority:0, 529b0fef-71a0-4d37-9a61-8cc4c3782ff3|rpc:10.1.0.5:41883|dataStream:|priority:0, 3e8281a1-b9ae-49e9-9444-8fa4effc3e34|rpc:10.1.0.5:43207|dataStream:|priority:1], old=null, confs=<EMPTY_MAP>
2022-06-01 03:36:04,669 [pool-505-thread-1] INFO  server.RaftServerConfigKeys (ConfUtils.java:logGet(46)) - raft.server.storage.dir = [/home/runner/work/ozone/ozone/hadoop-ozone/integration-test/target/test-dir/MiniOzoneClusterImpl-76e4b4cf-2f77-4a34-b745-000a24705eb3/datanode-2/data/ratis] (custom)
2022-06-01 03:36:04,669 [pool-505-thread-1] INFO  server.RaftServerConfigKeys (ConfUtils.java:logGet(46)) - raft.server.log.corruption.policy = EXCEPTION (default)
2022-06-01 03:36:04,669 [pool-505-thread-1] INFO  server.RaftServerConfigKeys (ConfUtils.java:logGet(46)) - raft.server.storage.free-space.min = 0MB (=0) (default)
2022-06-01 03:36:04,669 [pool-505-thread-1] INFO  storage.RaftStorageDirectory (RaftStorageDirectoryImpl.java:analyzeStorage(135)) - The storage directory /home/runner/work/ozone/ozone/hadoop-ozone/integration-test/target/test-dir/MiniOzoneClusterImpl-76e4b4cf-2f77-4a34-b745-000a24705eb3/datanode-2/data/ratis/44241a2c-ca72-4370-9bc3-9265f9d8980a does not exist. Creating ...
2022-06-01 03:36:04,680 [pool-505-thread-1] INFO  storage.RaftStorageDirectory (RaftStorageDirectoryImpl.java:tryLock(230)) - Lock on /home/runner/work/ozone/ozone/hadoop-ozone/integration-test/target/test-dir/MiniOzoneClusterImpl-76e4b4cf-2f77-4a34-b745-000a24705eb3/datanode-2/data/ratis/44241a2c-ca72-4370-9bc3-9265f9d8980a/in_use.lock acquired by nodename 14781@fv-az151-582
2022-06-01 03:36:04,687 [pool-505-thread-1] INFO  storage.RaftStorage (RaftStorageImpl.java:format(89)) - Storage directory /home/runner/work/ozone/ozone/hadoop-ozone/integration-test/target/test-dir/MiniOzoneClusterImpl-76e4b4cf-2f77-4a34-b745-000a24705eb3/datanode-2/data/ratis/44241a2c-ca72-4370-9bc3-9265f9d8980a has been successfully formatted.
2022-06-01 03:36:04,687 [pool-505-thread-1] INFO  ratis.ContainerStateMachine (ContainerStateMachine.java:loadSnapshot(236)) - group-9265F9D8980A: The snapshot info is null. Setting the last applied indexto:(t:0, i:~)
2022-06-01 03:36:04,687 [pool-505-thread-1] INFO  server.RaftServerConfigKeys (ConfUtils.java:logGet(46)) - raft.server.notification.no-leader.timeout = 300s (custom)
2022-06-01 03:36:04,687 [pool-505-thread-1] INFO  server.RaftServerConfigKeys (ConfUtils.java:logGet(46)) - raft.server.log.use.memory = false (default)
2022-06-01 03:36:04,687 [pool-505-thread-1] INFO  server.RaftServerConfigKeys (ConfUtils.java:logGet(46)) - raft.server.log.purge.gap = 1000000 (custom)
2022-06-01 03:36:04,687 [pool-505-thread-1] INFO  server.RaftServerConfigKeys (ConfUtils.java:logGet(46)) - raft.server.log.appender.buffer.byte-limit = 33554432 (custom)
2022-06-01 03:36:04,687 [pool-505-thread-1] INFO  server.RaftServerConfigKeys (ConfUtils.java:logGet(46)) - raft.server.log.statemachine.data.read.timeout = 1000ms (default)
2022-06-01 03:36:04,687 [pool-505-thread-1] INFO  server.RaftServerConfigKeys (ConfUtils.java:logGet(46)) - raft.server.log.segment.size.max = 1048576 (custom)
2022-06-01 03:36:04,688 [pool-505-thread-1] INFO  server.RaftServerConfigKeys (ConfUtils.java:logGet(46)) - raft.server.log.segment.cache.num.max = 2 (custom)
2022-06-01 03:36:04,688 [pool-505-thread-1] INFO  server.RaftServerConfigKeys (ConfUtils.java:logGet(46)) - raft.server.log.segment.cache.size.max = 200MB (=209715200) (default)
2022-06-01 03:36:04,688 [pool-505-thread-1] INFO  segmented.SegmentedRaftLogWorker (SegmentedRaftLogWorker.java:<init>(187)) - new 1f79d333-1db1-49a4-8b1f-86941531a8c6@group-9265F9D8980A-SegmentedRaftLogWorker for RaftStorageImpl:Storage Directory /home/runner/work/ozone/ozone/hadoop-ozone/integration-test/target/test-dir/MiniOzoneClusterImpl-76e4b4cf-2f77-4a34-b745-000a24705eb3/datanode-2/data/ratis/44241a2c-ca72-4370-9bc3-9265f9d8980a
2022-06-01 03:36:04,689 [pool-505-thread-1] INFO  server.RaftServerConfigKeys (ConfUtils.java:logGet(46)) - raft.server.log.queue.byte-limit = 4294967296 (custom)
2022-06-01 03:36:04,689 [pool-505-thread-1] INFO  server.RaftServerConfigKeys (ConfUtils.java:logGet(46)) - raft.server.log.queue.element-limit = 1024 (custom)
2022-06-01 03:36:04,689 [pool-505-thread-1] INFO  server.RaftServerConfigKeys (ConfUtils.java:logGet(46)) - raft.server.log.segment.size.max = 1048576 (custom)
2022-06-01 03:36:04,689 [pool-505-thread-1] INFO  server.RaftServerConfigKeys (ConfUtils.java:logGet(46)) - raft.server.log.preallocated.size = 16384 (custom)
2022-06-01 03:36:04,689 [pool-505-thread-1] INFO  server.RaftServerConfigKeys (ConfUtils.java:logGet(46)) - raft.server.log.force.sync.num = 128 (default)
2022-06-01 03:36:04,689 [pool-505-thread-1] INFO  server.RaftServerConfigKeys (ConfUtils.java:logGet(46)) - raft.server.log.statemachine.data.sync = true (default)
2022-06-01 03:36:04,695 [pool-505-thread-1] INFO  server.RaftServerConfigKeys (ConfUtils.java:logGet(46)) - raft.server.log.statemachine.data.sync.timeout = 10s (default)
2022-06-01 03:36:04,696 [pool-505-thread-1] INFO  server.RaftServerConfigKeys (ConfUtils.java:logGet(46)) - raft.server.log.statemachine.data.sync.timeout.retry = -1 (default)
2022-06-01 03:36:04,696 [pool-505-thread-1] INFO  server.RaftServerConfigKeys (ConfUtils.java:logGet(46)) - raft.server.log.write.buffer.size = 1048576 (custom)
2022-06-01 03:36:04,697 [pool-505-thread-1] INFO  server.RaftServerConfigKeys (ConfUtils.java:logGet(46)) - raft.server.log.unsafe-flush.enabled = false (default)
2022-06-01 03:36:04,697 [pool-505-thread-1] INFO  server.RaftServerConfigKeys (ConfUtils.java:logGet(46)) - raft.server.log.statemachine.data.caching.enabled = true (custom)
2022-06-01 03:36:04,697 [pool-505-thread-1] INFO  segmented.SegmentedRaftLogWorker (SegmentedRaftLogWorker.java:lambda$new$0(135)) - 1f79d333-1db1-49a4-8b1f-86941531a8c6@group-9265F9D8980A-SegmentedRaftLogWorker: flushIndex: setUnconditionally 0 -> -1
2022-06-01 03:36:04,697 [pool-505-thread-1] INFO  segmented.SegmentedRaftLogWorker (SegmentedRaftLogWorker.java:lambda$new$0(135)) - 1f79d333-1db1-49a4-8b1f-86941531a8c6@group-9265F9D8980A-SegmentedRaftLogWorker: safeCacheEvictIndex: setUnconditionally 0 -> -1
2022-06-01 03:36:04,715 [pool-505-thread-1] INFO  server.RaftServerConfigKeys (ConfUtils.java:logGet(46)) - raft.server.snapshot.auto.trigger.enabled = true (custom)
2022-06-01 03:36:04,715 [pool-505-thread-1] INFO  server.RaftServerConfigKeys (ConfUtils.java:logGet(46)) - raft.server.snapshot.auto.trigger.threshold = 10000 (custom)
2022-06-01 03:36:04,715 [pool-505-thread-1] INFO  server.RaftServerConfigKeys (ConfUtils.java:logGet(46)) - raft.server.snapshot.retention.file.num = 5 (custom)
2022-06-01 03:36:04,715 [pool-505-thread-1] INFO  server.RaftServerConfigKeys (ConfUtils.java:logGet(46)) - raft.server.log.purge.upto.snapshot.index = false (default)
2022-06-01 03:36:04,715 [pool-505-thread-1] INFO  server.RaftServerConfigKeys (ConfUtils.java:logGet(46)) - raft.server.retrycache.expirytime = 600000ms (custom)
2022-06-01 03:36:04,715 [pool-505-thread-1] INFO  server.RaftServerConfigKeys (ConfUtils.java:logGet(46)) - raft.server.retrycache.statistics.expirytime = 100μs (default)
2022-06-01 03:36:04,716 [pool-505-thread-1] INFO  server.RaftServerConfigKeys (ConfUtils.java:logGet(46)) - raft.server.log.appender.install.snapshot.enabled = false (custom)
2022-06-01 03:36:04,716 [pool-505-thread-1] INFO  server.RaftServerConfigKeys (ConfUtils.java:logGet(46)) - raft.server.threadpool.server.cached = true (default)
2022-06-01 03:36:04,716 [pool-505-thread-1] INFO  server.RaftServerConfigKeys (ConfUtils.java:logGet(46)) - raft.server.threadpool.server.size = 0 (default)
2022-06-01 03:36:04,716 [pool-505-thread-1] INFO  server.RaftServerConfigKeys (ConfUtils.java:logGet(46)) - raft.server.threadpool.client.cached = true (default)
2022-06-01 03:36:04,716 [pool-505-thread-1] INFO  server.RaftServerConfigKeys (ConfUtils.java:logGet(46)) - raft.server.threadpool.client.size = 0 (default)
2022-06-01 03:36:04,716 [pool-505-thread-1] INFO  server.RaftServer$Division (RaftServerImpl.java:start(310)) - 1f79d333-1db1-49a4-8b1f-86941531a8c6@group-9265F9D8980A: start as a follower, conf=-1: [1f79d333-1db1-49a4-8b1f-86941531a8c6|rpc:10.1.0.5:45599|dataStream:|priority:0, 529b0fef-71a0-4d37-9a61-8cc4c3782ff3|rpc:10.1.0.5:41883|dataStream:|priority:0, 3e8281a1-b9ae-49e9-9444-8fa4effc3e34|rpc:10.1.0.5:43207|dataStream:|priority:1], old=null
2022-06-01 03:36:04,716 [pool-505-thread-1] INFO  server.RaftServer$Division (RaftServerImpl.java:setRole(299)) - 1f79d333-1db1-49a4-8b1f-86941531a8c6@group-9265F9D8980A: changes role from      null to FOLLOWER at term 0 for startAsFollower
2022-06-01 03:36:04,716 [pool-505-thread-1] INFO  impl.RoleInfo (RoleInfo.java:updateAndGet(139)) - 1f79d333-1db1-49a4-8b1f-86941531a8c6: start 1f79d333-1db1-49a4-8b1f-86941531a8c6@group-9265F9D8980A-FollowerState
2022-06-01 03:36:04,728 [pool-505-thread-1] INFO  util.JmxRegister (JmxRegister.java:tryRegister(44)) - Successfully registered JMX Bean with object name Ratis:service=RaftServer,group=group-9265F9D8980A,id=1f79d333-1db1-49a4-8b1f-86941531a8c6
2022-06-01 03:36:04,789 [grpc-default-executor-1] INFO  server.RaftServer (RaftServerProxy.java:addNew(96)) - 529b0fef-71a0-4d37-9a61-8cc4c3782ff3: addNew group-9265F9D8980A:[1f79d333-1db1-49a4-8b1f-86941531a8c6|rpc:10.1.0.5:45599|dataStream:|priority:0, 529b0fef-71a0-4d37-9a61-8cc4c3782ff3|rpc:10.1.0.5:41883|dataStream:|priority:0, 3e8281a1-b9ae-49e9-9444-8fa4effc3e34|rpc:10.1.0.5:43207|dataStream:|priority:1] returns group-9265F9D8980A:java.util.concurrent.CompletableFuture@2e9d09ae[Not completed]
2022-06-01 03:36:04,790 [pool-483-thread-1] INFO  server.RaftServer$Division (RaftServerImpl.java:<init>(190)) - 529b0fef-71a0-4d37-9a61-8cc4c3782ff3: new RaftServerImpl for group-9265F9D8980A:[1f79d333-1db1-49a4-8b1f-86941531a8c6|rpc:10.1.0.5:45599|dataStream:|priority:0, 529b0fef-71a0-4d37-9a61-8cc4c3782ff3|rpc:10.1.0.5:41883|dataStream:|priority:0, 3e8281a1-b9ae-49e9-9444-8fa4effc3e34|rpc:10.1.0.5:43207|dataStream:|priority:1] with ContainerStateMachine:uninitialized
2022-06-01 03:36:04,790 [pool-483-thread-1] INFO  server.RaftServerConfigKeys (ConfUtils.java:logGet(46)) - raft.server.rpc.timeout.min = 5s (custom)
2022-06-01 03:36:04,790 [pool-483-thread-1] INFO  server.RaftServerConfigKeys (ConfUtils.java:logGet(46)) - raft.server.rpc.timeout.max = 5200ms (custom)
2022-06-01 03:36:04,790 [pool-483-thread-1] INFO  server.RaftServerConfigKeys (ConfUtils.java:logGet(46)) - raft.server.rpc.sleep.time = 25ms (default)
2022-06-01 03:36:04,790 [pool-483-thread-1] INFO  server.RaftServerConfigKeys (ConfUtils.java:logGet(46)) - raft.server.rpc.slowness.timeout = 300s (custom)
2022-06-01 03:36:04,790 [pool-483-thread-1] INFO  server.RaftServerConfigKeys (ConfUtils.java:logGet(46)) - raft.server.leaderelection.leader.step-down.wait-time = 10s (default)
2022-06-01 03:36:04,790 [pool-483-thread-1] INFO  server.RaftServerConfigKeys (ConfUtils.java:logGet(46)) - raft.server.sleep.deviation.threshold = 300ms (default)
2022-06-01 03:36:04,790 [pool-483-thread-1] INFO  server.RaftServer$Division (ServerState.java:<init>(107)) - 529b0fef-71a0-4d37-9a61-8cc4c3782ff3@group-9265F9D8980A: ConfigurationManager, init=-1: [1f79d333-1db1-49a4-8b1f-86941531a8c6|rpc:10.1.0.5:45599|dataStream:|priority:0, 529b0fef-71a0-4d37-9a61-8cc4c3782ff3|rpc:10.1.0.5:41883|dataStream:|priority:0, 3e8281a1-b9ae-49e9-9444-8fa4effc3e34|rpc:10.1.0.5:43207|dataStream:|priority:1], old=null, confs=<EMPTY_MAP>
2022-06-01 03:36:04,791 [pool-483-thread-1] INFO  server.RaftServerConfigKeys (ConfUtils.java:logGet(46)) - raft.server.storage.dir = [/home/runner/work/ozone/ozone/hadoop-ozone/integration-test/target/test-dir/MiniOzoneClusterImpl-76e4b4cf-2f77-4a34-b745-000a24705eb3/datanode-1/data/ratis] (custom)
2022-06-01 03:36:04,791 [pool-483-thread-1] INFO  server.RaftServerConfigKeys (ConfUtils.java:logGet(46)) - raft.server.log.corruption.policy = EXCEPTION (default)
2022-06-01 03:36:04,791 [pool-483-thread-1] INFO  server.RaftServerConfigKeys (ConfUtils.java:logGet(46)) - raft.server.storage.free-space.min = 0MB (=0) (default)
2022-06-01 03:36:04,791 [pool-483-thread-1] INFO  storage.RaftStorageDirectory (RaftStorageDirectoryImpl.java:analyzeStorage(135)) - The storage directory /home/runner/work/ozone/ozone/hadoop-ozone/integration-test/target/test-dir/MiniOzoneClusterImpl-76e4b4cf-2f77-4a34-b745-000a24705eb3/datanode-1/data/ratis/44241a2c-ca72-4370-9bc3-9265f9d8980a does not exist. Creating ...
2022-06-01 03:36:04,792 [pool-483-thread-1] INFO  storage.RaftStorageDirectory (RaftStorageDirectoryImpl.java:tryLock(230)) - Lock on /home/runner/work/ozone/ozone/hadoop-ozone/integration-test/target/test-dir/MiniOzoneClusterImpl-76e4b4cf-2f77-4a34-b745-000a24705eb3/datanode-1/data/ratis/44241a2c-ca72-4370-9bc3-9265f9d8980a/in_use.lock acquired by nodename 14781@fv-az151-582
2022-06-01 03:36:04,793 [pool-483-thread-1] INFO  storage.RaftStorage (RaftStorageImpl.java:format(89)) - Storage directory /home/runner/work/ozone/ozone/hadoop-ozone/integration-test/target/test-dir/MiniOzoneClusterImpl-76e4b4cf-2f77-4a34-b745-000a24705eb3/datanode-1/data/ratis/44241a2c-ca72-4370-9bc3-9265f9d8980a has been successfully formatted.
2022-06-01 03:36:04,794 [pool-483-thread-1] INFO  ratis.ContainerStateMachine (ContainerStateMachine.java:loadSnapshot(236)) - group-9265F9D8980A: The snapshot info is null. Setting the last applied indexto:(t:0, i:~)
2022-06-01 03:36:04,795 [pool-483-thread-1] INFO  server.RaftServerConfigKeys (ConfUtils.java:logGet(46)) - raft.server.notification.no-leader.timeout = 300s (custom)
2022-06-01 03:36:04,795 [pool-483-thread-1] INFO  server.RaftServerConfigKeys (ConfUtils.java:logGet(46)) - raft.server.log.use.memory = false (default)
2022-06-01 03:36:04,795 [pool-483-thread-1] INFO  server.RaftServerConfigKeys (ConfUtils.java:logGet(46)) - raft.server.log.purge.gap = 1000000 (custom)
2022-06-01 03:36:04,795 [pool-483-thread-1] INFO  server.RaftServerConfigKeys (ConfUtils.java:logGet(46)) - raft.server.log.appender.buffer.byte-limit = 33554432 (custom)
2022-06-01 03:36:04,795 [pool-483-thread-1] INFO  server.RaftServerConfigKeys (ConfUtils.java:logGet(46)) - raft.server.log.statemachine.data.read.timeout = 1000ms (default)
2022-06-01 03:36:04,795 [pool-483-thread-1] INFO  server.RaftServerConfigKeys (ConfUtils.java:logGet(46)) - raft.server.log.segment.size.max = 1048576 (custom)
2022-06-01 03:36:04,796 [pool-483-thread-1] INFO  server.RaftServerConfigKeys (ConfUtils.java:logGet(46)) - raft.server.log.segment.cache.num.max = 2 (custom)
2022-06-01 03:36:04,796 [pool-483-thread-1] INFO  server.RaftServerConfigKeys (ConfUtils.java:logGet(46)) - raft.server.log.segment.cache.size.max = 200MB (=209715200) (default)
2022-06-01 03:36:04,796 [pool-483-thread-1] INFO  segmented.SegmentedRaftLogWorker (SegmentedRaftLogWorker.java:<init>(187)) - new 529b0fef-71a0-4d37-9a61-8cc4c3782ff3@group-9265F9D8980A-SegmentedRaftLogWorker for RaftStorageImpl:Storage Directory /home/runner/work/ozone/ozone/hadoop-ozone/integration-test/target/test-dir/MiniOzoneClusterImpl-76e4b4cf-2f77-4a34-b745-000a24705eb3/datanode-1/data/ratis/44241a2c-ca72-4370-9bc3-9265f9d8980a
2022-06-01 03:36:04,796 [pool-483-thread-1] INFO  server.RaftServerConfigKeys (ConfUtils.java:logGet(46)) - raft.server.log.queue.byte-limit = 4294967296 (custom)
2022-06-01 03:36:04,796 [pool-483-thread-1] INFO  server.RaftServerConfigKeys (ConfUtils.java:logGet(46)) - raft.server.log.queue.element-limit = 1024 (custom)
2022-06-01 03:36:04,796 [pool-483-thread-1] INFO  server.RaftServerConfigKeys (ConfUtils.java:logGet(46)) - raft.server.log.segment.size.max = 1048576 (custom)
2022-06-01 03:36:04,796 [pool-483-thread-1] INFO  server.RaftServerConfigKeys (ConfUtils.java:logGet(46)) - raft.server.log.preallocated.size = 16384 (custom)
2022-06-01 03:36:04,796 [pool-483-thread-1] INFO  server.RaftServerConfigKeys (ConfUtils.java:logGet(46)) - raft.server.log.force.sync.num = 128 (default)
2022-06-01 03:36:04,796 [pool-483-thread-1] INFO  server.RaftServerConfigKeys (ConfUtils.java:logGet(46)) - raft.server.log.statemachine.data.sync = true (default)
2022-06-01 03:36:04,796 [pool-483-thread-1] INFO  server.RaftServerConfigKeys (ConfUtils.java:logGet(46)) - raft.server.log.statemachine.data.sync.timeout = 10s (default)
2022-06-01 03:36:04,796 [pool-483-thread-1] INFO  server.RaftServerConfigKeys (ConfUtils.java:logGet(46)) - raft.server.log.statemachine.data.sync.timeout.retry = -1 (default)
2022-06-01 03:36:04,797 [pool-483-thread-1] INFO  server.RaftServerConfigKeys (ConfUtils.java:logGet(46)) - raft.server.log.write.buffer.size = 1048576 (custom)
2022-06-01 03:36:04,797 [pool-483-thread-1] INFO  server.RaftServerConfigKeys (ConfUtils.java:logGet(46)) - raft.server.log.unsafe-flush.enabled = false (default)
2022-06-01 03:36:04,797 [pool-483-thread-1] INFO  server.RaftServerConfigKeys (ConfUtils.java:logGet(46)) - raft.server.log.statemachine.data.caching.enabled = true (custom)
2022-06-01 03:36:04,798 [pool-483-thread-1] INFO  segmented.SegmentedRaftLogWorker (SegmentedRaftLogWorker.java:lambda$new$0(135)) - 529b0fef-71a0-4d37-9a61-8cc4c3782ff3@group-9265F9D8980A-SegmentedRaftLogWorker: flushIndex: setUnconditionally 0 -> -1
2022-06-01 03:36:04,798 [pool-483-thread-1] INFO  segmented.SegmentedRaftLogWorker (SegmentedRaftLogWorker.java:lambda$new$0(135)) - 529b0fef-71a0-4d37-9a61-8cc4c3782ff3@group-9265F9D8980A-SegmentedRaftLogWorker: safeCacheEvictIndex: setUnconditionally 0 -> -1
2022-06-01 03:36:04,799 [pool-483-thread-1] INFO  server.RaftServerConfigKeys (ConfUtils.java:logGet(46)) - raft.server.snapshot.auto.trigger.enabled = true (custom)
2022-06-01 03:36:04,799 [pool-483-thread-1] INFO  server.RaftServerConfigKeys (ConfUtils.java:logGet(46)) - raft.server.snapshot.auto.trigger.threshold = 10000 (custom)
2022-06-01 03:36:04,799 [pool-483-thread-1] INFO  server.RaftServerConfigKeys (ConfUtils.java:logGet(46)) - raft.server.snapshot.retention.file.num = 5 (custom)
2022-06-01 03:36:04,799 [pool-483-thread-1] INFO  server.RaftServerConfigKeys (ConfUtils.java:logGet(46)) - raft.server.log.purge.upto.snapshot.index = false (default)
2022-06-01 03:36:04,799 [pool-483-thread-1] INFO  server.RaftServerConfigKeys (ConfUtils.java:logGet(46)) - raft.server.retrycache.expirytime = 600000ms (custom)
2022-06-01 03:36:04,799 [pool-483-thread-1] INFO  server.RaftServerConfigKeys (ConfUtils.java:logGet(46)) - raft.server.retrycache.statistics.expirytime = 100μs (default)
2022-06-01 03:36:04,809 [pool-483-thread-1] INFO  server.RaftServerConfigKeys (ConfUtils.java:logGet(46)) - raft.server.log.appender.install.snapshot.enabled = false (custom)
2022-06-01 03:36:04,809 [pool-483-thread-1] INFO  server.RaftServerConfigKeys (ConfUtils.java:logGet(46)) - raft.server.threadpool.server.cached = true (default)
2022-06-01 03:36:04,809 [pool-483-thread-1] INFO  server.RaftServerConfigKeys (ConfUtils.java:logGet(46)) - raft.server.threadpool.server.size = 0 (default)
2022-06-01 03:36:04,809 [pool-483-thread-1] INFO  server.RaftServerConfigKeys (ConfUtils.java:logGet(46)) - raft.server.threadpool.client.cached = true (default)
2022-06-01 03:36:04,809 [pool-483-thread-1] INFO  server.RaftServerConfigKeys (ConfUtils.java:logGet(46)) - raft.server.threadpool.client.size = 0 (default)
2022-06-01 03:36:04,809 [pool-483-thread-1] INFO  server.RaftServer$Division (RaftServerImpl.java:start(310)) - 529b0fef-71a0-4d37-9a61-8cc4c3782ff3@group-9265F9D8980A: start as a follower, conf=-1: [1f79d333-1db1-49a4-8b1f-86941531a8c6|rpc:10.1.0.5:45599|dataStream:|priority:0, 529b0fef-71a0-4d37-9a61-8cc4c3782ff3|rpc:10.1.0.5:41883|dataStream:|priority:0, 3e8281a1-b9ae-49e9-9444-8fa4effc3e34|rpc:10.1.0.5:43207|dataStream:|priority:1], old=null
2022-06-01 03:36:04,809 [pool-483-thread-1] INFO  server.RaftServer$Division (RaftServerImpl.java:setRole(299)) - 529b0fef-71a0-4d37-9a61-8cc4c3782ff3@group-9265F9D8980A: changes role from      null to FOLLOWER at term 0 for startAsFollower
2022-06-01 03:36:04,809 [pool-483-thread-1] INFO  impl.RoleInfo (RoleInfo.java:updateAndGet(139)) - 529b0fef-71a0-4d37-9a61-8cc4c3782ff3: start 529b0fef-71a0-4d37-9a61-8cc4c3782ff3@group-9265F9D8980A-FollowerState
2022-06-01 03:36:04,812 [pool-483-thread-1] INFO  util.JmxRegister (JmxRegister.java:tryRegister(44)) - Successfully registered JMX Bean with object name Ratis:service=RaftServer,group=group-9265F9D8980A,id=529b0fef-71a0-4d37-9a61-8cc4c3782ff3
2022-06-01 03:36:04,812 [Listener at 127.0.0.1/42769] INFO  ozone.MiniOzoneClusterImpl (MiniOzoneClusterImpl.java:lambda$waitForClusterToBeReady$0(221)) - Nodes are ready. Got 3 of 3 DN Heartbeats.
2022-06-01 03:36:04,812 [Listener at 127.0.0.1/42769] INFO  ozone.MiniOzoneClusterImpl (MiniOzoneClusterImpl.java:lambda$waitForClusterToBeReady$0(224)) - Waiting for cluster to exit safe mode
2022-06-01 03:36:04,812 [Listener at 127.0.0.1/42769] INFO  ozone.MiniOzoneClusterImpl (MiniOzoneClusterImpl.java:lambda$waitForClusterToBeReady$0(226)) - SCM became leader
2022-06-01 03:36:04,871 [Command processor thread] INFO  commandhandler.CreatePipelineCommandHandler (CreatePipelineCommandHandler.java:handle(113)) - Created Pipeline RATIS THREE PipelineID=44241a2c-ca72-4370-9bc3-9265f9d8980a.
2022-06-01 03:36:05,039 [Command processor thread] INFO  server.RaftServer (RaftServerProxy.java:addNew(96)) - 529b0fef-71a0-4d37-9a61-8cc4c3782ff3: addNew group-B88711CBAD61:[529b0fef-71a0-4d37-9a61-8cc4c3782ff3|rpc:10.1.0.5:41883|priority:1] returns group-B88711CBAD61:java.util.concurrent.CompletableFuture@11a59cbd[Not completed]
2022-06-01 03:36:05,040 [pool-483-thread-1] INFO  server.RaftServer$Division (RaftServerImpl.java:<init>(190)) - 529b0fef-71a0-4d37-9a61-8cc4c3782ff3: new RaftServerImpl for group-B88711CBAD61:[529b0fef-71a0-4d37-9a61-8cc4c3782ff3|rpc:10.1.0.5:41883|priority:1] with ContainerStateMachine:uninitialized
2022-06-01 03:36:05,040 [pool-483-thread-1] INFO  server.RaftServerConfigKeys (ConfUtils.java:logGet(46)) - raft.server.rpc.timeout.min = 5s (custom)
2022-06-01 03:36:05,040 [pool-483-thread-1] INFO  server.RaftServerConfigKeys (ConfUtils.java:logGet(46)) - raft.server.rpc.timeout.max = 5200ms (custom)
2022-06-01 03:36:05,040 [pool-483-thread-1] INFO  server.RaftServerConfigKeys (ConfUtils.java:logGet(46)) - raft.server.rpc.sleep.time = 25ms (default)
2022-06-01 03:36:05,040 [pool-483-thread-1] INFO  server.RaftServerConfigKeys (ConfUtils.java:logGet(46)) - raft.server.rpc.slowness.timeout = 300s (custom)
2022-06-01 03:36:05,041 [pool-483-thread-1] INFO  server.RaftServerConfigKeys (ConfUtils.java:logGet(46)) - raft.server.leaderelection.leader.step-down.wait-time = 10s (default)
2022-06-01 03:36:05,041 [pool-483-thread-1] INFO  server.RaftServerConfigKeys (ConfUtils.java:logGet(46)) - raft.server.sleep.deviation.threshold = 300ms (default)
2022-06-01 03:36:05,041 [pool-483-thread-1] INFO  server.RaftServer$Division (ServerState.java:<init>(107)) - 529b0fef-71a0-4d37-9a61-8cc4c3782ff3@group-B88711CBAD61: ConfigurationManager, init=-1: [529b0fef-71a0-4d37-9a61-8cc4c3782ff3|rpc:10.1.0.5:41883|priority:1], old=null, confs=<EMPTY_MAP>
2022-06-01 03:36:05,041 [pool-483-thread-1] INFO  server.RaftServerConfigKeys (ConfUtils.java:logGet(46)) - raft.server.storage.dir = [/home/runner/work/ozone/ozone/hadoop-ozone/integration-test/target/test-dir/MiniOzoneClusterImpl-76e4b4cf-2f77-4a34-b745-000a24705eb3/datanode-1/data/ratis] (custom)
2022-06-01 03:36:05,041 [pool-483-thread-1] INFO  server.RaftServerConfigKeys (ConfUtils.java:logGet(46)) - raft.server.log.corruption.policy = EXCEPTION (default)
2022-06-01 03:36:05,041 [pool-483-thread-1] INFO  server.RaftServerConfigKeys (ConfUtils.java:logGet(46)) - raft.server.storage.free-space.min = 0MB (=0) (default)
2022-06-01 03:36:05,041 [pool-483-thread-1] INFO  storage.RaftStorageDirectory (RaftStorageDirectoryImpl.java:analyzeStorage(135)) - The storage directory /home/runner/work/ozone/ozone/hadoop-ozone/integration-test/target/test-dir/MiniOzoneClusterImpl-76e4b4cf-2f77-4a34-b745-000a24705eb3/datanode-1/data/ratis/a7027686-41fe-498d-91ee-b88711cbad61 does not exist. Creating ...
2022-06-01 03:36:05,042 [pool-483-thread-1] INFO  storage.RaftStorageDirectory (RaftStorageDirectoryImpl.java:tryLock(230)) - Lock on /home/runner/work/ozone/ozone/hadoop-ozone/integration-test/target/test-dir/MiniOzoneClusterImpl-76e4b4cf-2f77-4a34-b745-000a24705eb3/datanode-1/data/ratis/a7027686-41fe-498d-91ee-b88711cbad61/in_use.lock acquired by nodename 14781@fv-az151-582
2022-06-01 03:36:05,046 [pool-483-thread-1] INFO  storage.RaftStorage (RaftStorageImpl.java:format(89)) - Storage directory /home/runner/work/ozone/ozone/hadoop-ozone/integration-test/target/test-dir/MiniOzoneClusterImpl-76e4b4cf-2f77-4a34-b745-000a24705eb3/datanode-1/data/ratis/a7027686-41fe-498d-91ee-b88711cbad61 has been successfully formatted.
2022-06-01 03:36:05,047 [pool-483-thread-1] INFO  ratis.ContainerStateMachine (ContainerStateMachine.java:loadSnapshot(236)) - group-B88711CBAD61: The snapshot info is null. Setting the last applied indexto:(t:0, i:~)
2022-06-01 03:36:05,047 [pool-483-thread-1] INFO  server.RaftServerConfigKeys (ConfUtils.java:logGet(46)) - raft.server.notification.no-leader.timeout = 300s (custom)
2022-06-01 03:36:05,047 [pool-483-thread-1] INFO  server.RaftServerConfigKeys (ConfUtils.java:logGet(46)) - raft.server.log.use.memory = false (default)
2022-06-01 03:36:05,047 [pool-483-thread-1] INFO  server.RaftServerConfigKeys (ConfUtils.java:logGet(46)) - raft.server.log.purge.gap = 1000000 (custom)
2022-06-01 03:36:05,047 [pool-483-thread-1] INFO  server.RaftServerConfigKeys (ConfUtils.java:logGet(46)) - raft.server.log.appender.buffer.byte-limit = 33554432 (custom)
2022-06-01 03:36:05,047 [pool-483-thread-1] INFO  server.RaftServerConfigKeys (ConfUtils.java:logGet(46)) - raft.server.log.statemachine.data.read.timeout = 1000ms (default)
2022-06-01 03:36:05,047 [pool-483-thread-1] INFO  server.RaftServerConfigKeys (ConfUtils.java:logGet(46)) - raft.server.log.segment.size.max = 1048576 (custom)
2022-06-01 03:36:05,049 [EventQueue-PipelineReportForPipelineReportHandler] INFO  pipeline.PipelineManagerImpl (PipelineManagerImpl.java:openPipeline(356)) - Pipeline Pipeline[ Id: a7027686-41fe-498d-91ee-b88711cbad61, Nodes: 529b0fef-71a0-4d37-9a61-8cc4c3782ff3{ip: 10.1.0.5, host: fv-az151-582.yf2hydr00wburbhx3j5hxtcipe.bx.internal.cloudapp.net, ports: [REPLICATION=38053, RATIS=41883, RATIS_ADMIN=41883, RATIS_SERVER=41883, STANDALONE=45267], networkLocation: /default-rack, certSerialId: null, persistedOpState: IN_SERVICE, persistedOpStateExpiryEpochSec: 0}, ReplicationConfig: RATIS/ONE, State:ALLOCATED, leaderId:529b0fef-71a0-4d37-9a61-8cc4c3782ff3, CreationTimestamp2022-06-01T03:36:02.044Z[Etc/UTC]] moved to OPEN state
2022-06-01 03:36:05,049 [EventQueue-OpenPipelineForHealthyPipelineSafeModeRule] INFO  safemode.SCMSafeModeManager (HealthyPipelineSafeModeRule.java:process(124)) - SCM in safe mode. Healthy pipelines reported count is 0, required healthy pipeline reported count is 1
2022-06-01 03:36:05,050 [pool-483-thread-1] INFO  server.RaftServerConfigKeys (ConfUtils.java:logGet(46)) - raft.server.log.segment.cache.num.max = 2 (custom)
2022-06-01 03:36:05,050 [pool-483-thread-1] INFO  server.RaftServerConfigKeys (ConfUtils.java:logGet(46)) - raft.server.log.segment.cache.size.max = 200MB (=209715200) (default)
2022-06-01 03:36:05,052 [pool-483-thread-1] INFO  segmented.SegmentedRaftLogWorker (SegmentedRaftLogWorker.java:<init>(187)) - new 529b0fef-71a0-4d37-9a61-8cc4c3782ff3@group-B88711CBAD61-SegmentedRaftLogWorker for RaftStorageImpl:Storage Directory /home/runner/work/ozone/ozone/hadoop-ozone/integration-test/target/test-dir/MiniOzoneClusterImpl-76e4b4cf-2f77-4a34-b745-000a24705eb3/datanode-1/data/ratis/a7027686-41fe-498d-91ee-b88711cbad61
2022-06-01 03:36:05,052 [pool-483-thread-1] INFO  server.RaftServerConfigKeys (ConfUtils.java:logGet(46)) - raft.server.log.queue.byte-limit = 4294967296 (custom)
2022-06-01 03:36:05,052 [pool-483-thread-1] INFO  server.RaftServerConfigKeys (ConfUtils.java:logGet(46)) - raft.server.log.queue.element-limit = 1024 (custom)
2022-06-01 03:36:05,052 [pool-483-thread-1] INFO  server.RaftServerConfigKeys (ConfUtils.java:logGet(46)) - raft.server.log.segment.size.max = 1048576 (custom)
2022-06-01 03:36:05,052 [pool-483-thread-1] INFO  server.RaftServerConfigKeys (ConfUtils.java:logGet(46)) - raft.server.log.preallocated.size = 16384 (custom)
2022-06-01 03:36:05,052 [pool-483-thread-1] INFO  server.RaftServerConfigKeys (ConfUtils.java:logGet(46)) - raft.server.log.force.sync.num = 128 (default)
2022-06-01 03:36:05,052 [pool-483-thread-1] INFO  server.RaftServerConfigKeys (ConfUtils.java:logGet(46)) - raft.server.log.statemachine.data.sync = true (default)
2022-06-01 03:36:05,052 [pool-483-thread-1] INFO  server.RaftServerConfigKeys (ConfUtils.java:logGet(46)) - raft.server.log.statemachine.data.sync.timeout = 10s (default)
2022-06-01 03:36:05,052 [pool-483-thread-1] INFO  server.RaftServerConfigKeys (ConfUtils.java:logGet(46)) - raft.server.log.statemachine.data.sync.timeout.retry = -1 (default)
2022-06-01 03:36:05,053 [pool-483-thread-1] INFO  server.RaftServerConfigKeys (ConfUtils.java:logGet(46)) - raft.server.log.write.buffer.size = 1048576 (custom)
2022-06-01 03:36:05,053 [pool-483-thread-1] INFO  server.RaftServerConfigKeys (ConfUtils.java:logGet(46)) - raft.server.log.unsafe-flush.enabled = false (default)
2022-06-01 03:36:05,053 [pool-483-thread-1] INFO  server.RaftServerConfigKeys (ConfUtils.java:logGet(46)) - raft.server.log.statemachine.data.caching.enabled = true (custom)
2022-06-01 03:36:05,053 [pool-483-thread-1] INFO  segmented.SegmentedRaftLogWorker (SegmentedRaftLogWorker.java:lambda$new$0(135)) - 529b0fef-71a0-4d37-9a61-8cc4c3782ff3@group-B88711CBAD61-SegmentedRaftLogWorker: flushIndex: setUnconditionally 0 -> -1
2022-06-01 03:36:05,053 [pool-483-thread-1] INFO  segmented.SegmentedRaftLogWorker (SegmentedRaftLogWorker.java:lambda$new$0(135)) - 529b0fef-71a0-4d37-9a61-8cc4c3782ff3@group-B88711CBAD61-SegmentedRaftLogWorker: safeCacheEvictIndex: setUnconditionally 0 -> -1
2022-06-01 03:36:05,057 [pool-483-thread-1] INFO  server.RaftServerConfigKeys (ConfUtils.java:logGet(46)) - raft.server.snapshot.auto.trigger.enabled = true (custom)
2022-06-01 03:36:05,057 [pool-483-thread-1] INFO  server.RaftServerConfigKeys (ConfUtils.java:logGet(46)) - raft.server.snapshot.auto.trigger.threshold = 10000 (custom)
2022-06-01 03:36:05,058 [pool-483-thread-1] INFO  server.RaftServerConfigKeys (ConfUtils.java:logGet(46)) - raft.server.snapshot.retention.file.num = 5 (custom)
2022-06-01 03:36:05,058 [pool-483-thread-1] INFO  server.RaftServerConfigKeys (ConfUtils.java:logGet(46)) - raft.server.log.purge.upto.snapshot.index = false (default)
2022-06-01 03:36:05,058 [pool-483-thread-1] INFO  server.RaftServerConfigKeys (ConfUtils.java:logGet(46)) - raft.server.retrycache.expirytime = 600000ms (custom)
2022-06-01 03:36:05,058 [pool-483-thread-1] INFO  server.RaftServerConfigKeys (ConfUtils.java:logGet(46)) - raft.server.retrycache.statistics.expirytime = 100μs (default)
2022-06-01 03:36:05,059 [pool-483-thread-1] INFO  server.RaftServerConfigKeys (ConfUtils.java:logGet(46)) - raft.server.log.appender.install.snapshot.enabled = false (custom)
2022-06-01 03:36:05,059 [pool-483-thread-1] INFO  server.RaftServerConfigKeys (ConfUtils.java:logGet(46)) - raft.server.threadpool.server.cached = true (default)
2022-06-01 03:36:05,059 [pool-483-thread-1] INFO  server.RaftServerConfigKeys (ConfUtils.java:logGet(46)) - raft.server.threadpool.server.size = 0 (default)
2022-06-01 03:36:05,059 [pool-483-thread-1] INFO  server.RaftServerConfigKeys (ConfUtils.java:logGet(46)) - raft.server.threadpool.client.cached = true (default)
2022-06-01 03:36:05,059 [pool-483-thread-1] INFO  server.RaftServerConfigKeys (ConfUtils.java:logGet(46)) - raft.server.threadpool.client.size = 0 (default)
2022-06-01 03:36:05,059 [pool-483-thread-1] INFO  server.RaftServer$Division (RaftServerImpl.java:start(310)) - 529b0fef-71a0-4d37-9a61-8cc4c3782ff3@group-B88711CBAD61: start as a follower, conf=-1: [529b0fef-71a0-4d37-9a61-8cc4c3782ff3|rpc:10.1.0.5:41883|priority:1], old=null
2022-06-01 03:36:05,059 [pool-483-thread-1] INFO  server.RaftServer$Division (RaftServerImpl.java:setRole(299)) - 529b0fef-71a0-4d37-9a61-8cc4c3782ff3@group-B88711CBAD61: changes role from      null to FOLLOWER at term 0 for startAsFollower
2022-06-01 03:36:05,059 [pool-483-thread-1] INFO  impl.RoleInfo (RoleInfo.java:updateAndGet(139)) - 529b0fef-71a0-4d37-9a61-8cc4c3782ff3: start 529b0fef-71a0-4d37-9a61-8cc4c3782ff3@group-B88711CBAD61-FollowerState
2022-06-01 03:36:05,066 [pool-483-thread-1] INFO  util.JmxRegister (JmxRegister.java:tryRegister(44)) - Successfully registered JMX Bean with object name Ratis:service=RaftServer,group=group-B88711CBAD61,id=529b0fef-71a0-4d37-9a61-8cc4c3782ff3
2022-06-01 03:36:05,066 [Command processor thread] INFO  ratis.XceiverServerRatis (XceiverServerRatis.java:addGroup(765)) - Created group PipelineID=a7027686-41fe-498d-91ee-b88711cbad61
2022-06-01 03:36:05,066 [Command processor thread] INFO  commandhandler.CreatePipelineCommandHandler (CreatePipelineCommandHandler.java:handle(113)) - Created Pipeline RATIS ONE PipelineID=a7027686-41fe-498d-91ee-b88711cbad61.
2022-06-01 03:36:05,812 [Listener at 127.0.0.1/42769] INFO  ozone.MiniOzoneClusterImpl (MiniOzoneClusterImpl.java:lambda$waitForClusterToBeReady$0(221)) - Nodes are ready. Got 3 of 3 DN Heartbeats.
2022-06-01 03:36:05,813 [Listener at 127.0.0.1/42769] INFO  ozone.MiniOzoneClusterImpl (MiniOzoneClusterImpl.java:lambda$waitForClusterToBeReady$0(224)) - Waiting for cluster to exit safe mode
2022-06-01 03:36:05,813 [Listener at 127.0.0.1/42769] INFO  ozone.MiniOzoneClusterImpl (MiniOzoneClusterImpl.java:lambda$waitForClusterToBeReady$0(226)) - SCM became leader
2022-06-01 03:36:05,897 [Command processor thread] INFO  server.RaftServer (RaftServerProxy.java:addNew(96)) - 1f79d333-1db1-49a4-8b1f-86941531a8c6: addNew group-3C0C81D0D280:[1f79d333-1db1-49a4-8b1f-86941531a8c6|rpc:10.1.0.5:45599|priority:1] returns group-3C0C81D0D280:java.util.concurrent.CompletableFuture@6c0abf34[Not completed]
2022-06-01 03:36:05,898 [pool-505-thread-1] INFO  server.RaftServer$Division (RaftServerImpl.java:<init>(190)) - 1f79d333-1db1-49a4-8b1f-86941531a8c6: new RaftServerImpl for group-3C0C81D0D280:[1f79d333-1db1-49a4-8b1f-86941531a8c6|rpc:10.1.0.5:45599|priority:1] with ContainerStateMachine:uninitialized
2022-06-01 03:36:05,898 [pool-505-thread-1] INFO  server.RaftServerConfigKeys (ConfUtils.java:logGet(46)) - raft.server.rpc.timeout.min = 5s (custom)
2022-06-01 03:36:05,898 [pool-505-thread-1] INFO  server.RaftServerConfigKeys (ConfUtils.java:logGet(46)) - raft.server.rpc.timeout.max = 5200ms (custom)
2022-06-01 03:36:05,898 [pool-505-thread-1] INFO  server.RaftServerConfigKeys (ConfUtils.java:logGet(46)) - raft.server.rpc.sleep.time = 25ms (default)
2022-06-01 03:36:05,898 [pool-505-thread-1] INFO  server.RaftServerConfigKeys (ConfUtils.java:logGet(46)) - raft.server.rpc.slowness.timeout = 300s (custom)
2022-06-01 03:36:05,898 [pool-505-thread-1] INFO  server.RaftServerConfigKeys (ConfUtils.java:logGet(46)) - raft.server.leaderelection.leader.step-down.wait-time = 10s (default)
2022-06-01 03:36:05,898 [pool-505-thread-1] INFO  server.RaftServerConfigKeys (ConfUtils.java:logGet(46)) - raft.server.sleep.deviation.threshold = 300ms (default)
2022-06-01 03:36:05,898 [pool-505-thread-1] INFO  server.RaftServer$Division (ServerState.java:<init>(107)) - 1f79d333-1db1-49a4-8b1f-86941531a8c6@group-3C0C81D0D280: ConfigurationManager, init=-1: [1f79d333-1db1-49a4-8b1f-86941531a8c6|rpc:10.1.0.5:45599|priority:1], old=null, confs=<EMPTY_MAP>
2022-06-01 03:36:05,899 [pool-505-thread-1] INFO  server.RaftServerConfigKeys (ConfUtils.java:logGet(46)) - raft.server.storage.dir = [/home/runner/work/ozone/ozone/hadoop-ozone/integration-test/target/test-dir/MiniOzoneClusterImpl-76e4b4cf-2f77-4a34-b745-000a24705eb3/datanode-2/data/ratis] (custom)
2022-06-01 03:36:05,899 [pool-505-thread-1] INFO  server.RaftServerConfigKeys (ConfUtils.java:logGet(46)) - raft.server.log.corruption.policy = EXCEPTION (default)
2022-06-01 03:36:05,899 [pool-505-thread-1] INFO  server.RaftServerConfigKeys (ConfUtils.java:logGet(46)) - raft.server.storage.free-space.min = 0MB (=0) (default)
2022-06-01 03:36:05,899 [pool-505-thread-1] INFO  storage.RaftStorageDirectory (RaftStorageDirectoryImpl.java:analyzeStorage(135)) - The storage directory /home/runner/work/ozone/ozone/hadoop-ozone/integration-test/target/test-dir/MiniOzoneClusterImpl-76e4b4cf-2f77-4a34-b745-000a24705eb3/datanode-2/data/ratis/2df48e79-5d99-43c6-b114-3c0c81d0d280 does not exist. Creating ...
2022-06-01 03:36:05,903 [pool-505-thread-1] INFO  storage.RaftStorageDirectory (RaftStorageDirectoryImpl.java:tryLock(230)) - Lock on /home/runner/work/ozone/ozone/hadoop-ozone/integration-test/target/test-dir/MiniOzoneClusterImpl-76e4b4cf-2f77-4a34-b745-000a24705eb3/datanode-2/data/ratis/2df48e79-5d99-43c6-b114-3c0c81d0d280/in_use.lock acquired by nodename 14781@fv-az151-582
2022-06-01 03:36:05,904 [pool-505-thread-1] INFO  storage.RaftStorage (RaftStorageImpl.java:format(89)) - Storage directory /home/runner/work/ozone/ozone/hadoop-ozone/integration-test/target/test-dir/MiniOzoneClusterImpl-76e4b4cf-2f77-4a34-b745-000a24705eb3/datanode-2/data/ratis/2df48e79-5d99-43c6-b114-3c0c81d0d280 has been successfully formatted.
2022-06-01 03:36:05,906 [pool-505-thread-1] INFO  ratis.ContainerStateMachine (ContainerStateMachine.java:loadSnapshot(236)) - group-3C0C81D0D280: The snapshot info is null. Setting the last applied indexto:(t:0, i:~)
2022-06-01 03:36:05,906 [pool-505-thread-1] INFO  server.RaftServerConfigKeys (ConfUtils.java:logGet(46)) - raft.server.notification.no-leader.timeout = 300s (custom)
2022-06-01 03:36:05,906 [pool-505-thread-1] INFO  server.RaftServerConfigKeys (ConfUtils.java:logGet(46)) - raft.server.log.use.memory = false (default)
2022-06-01 03:36:05,906 [pool-505-thread-1] INFO  server.RaftServerConfigKeys (ConfUtils.java:logGet(46)) - raft.server.log.purge.gap = 1000000 (custom)
2022-06-01 03:36:05,906 [pool-505-thread-1] INFO  server.RaftServerConfigKeys (ConfUtils.java:logGet(46)) - raft.server.log.appender.buffer.byte-limit = 33554432 (custom)
2022-06-01 03:36:05,906 [pool-505-thread-1] INFO  server.RaftServerConfigKeys (ConfUtils.java:logGet(46)) - raft.server.log.statemachine.data.read.timeout = 1000ms (default)
2022-06-01 03:36:05,906 [pool-505-thread-1] INFO  server.RaftServerConfigKeys (ConfUtils.java:logGet(46)) - raft.server.log.segment.size.max = 1048576 (custom)
2022-06-01 03:36:05,907 [EventQueue-PipelineReportForPipelineReportHandler] INFO  pipeline.PipelineManagerImpl (PipelineManagerImpl.java:openPipeline(356)) - Pipeline Pipeline[ Id: 2df48e79-5d99-43c6-b114-3c0c81d0d280, Nodes: 1f79d333-1db1-49a4-8b1f-86941531a8c6{ip: 10.1.0.5, host: fv-az151-582.yf2hydr00wburbhx3j5hxtcipe.bx.internal.cloudapp.net, ports: [REPLICATION=43793, RATIS=45599, RATIS_ADMIN=45599, RATIS_SERVER=45599, STANDALONE=34399], networkLocation: /default-rack, certSerialId: null, persistedOpState: IN_SERVICE, persistedOpStateExpiryEpochSec: 0}, ReplicationConfig: RATIS/ONE, State:ALLOCATED, leaderId:1f79d333-1db1-49a4-8b1f-86941531a8c6, CreationTimestamp2022-06-01T03:36:02.901Z[Etc/UTC]] moved to OPEN state
2022-06-01 03:36:05,907 [pool-505-thread-1] INFO  server.RaftServerConfigKeys (ConfUtils.java:logGet(46)) - raft.server.log.segment.cache.num.max = 2 (custom)
2022-06-01 03:36:05,907 [pool-505-thread-1] INFO  server.RaftServerConfigKeys (ConfUtils.java:logGet(46)) - raft.server.log.segment.cache.size.max = 200MB (=209715200) (default)
2022-06-01 03:36:05,907 [pool-505-thread-1] INFO  segmented.SegmentedRaftLogWorker (SegmentedRaftLogWorker.java:<init>(187)) - new 1f79d333-1db1-49a4-8b1f-86941531a8c6@group-3C0C81D0D280-SegmentedRaftLogWorker for RaftStorageImpl:Storage Directory /home/runner/work/ozone/ozone/hadoop-ozone/integration-test/target/test-dir/MiniOzoneClusterImpl-76e4b4cf-2f77-4a34-b745-000a24705eb3/datanode-2/data/ratis/2df48e79-5d99-43c6-b114-3c0c81d0d280
2022-06-01 03:36:05,907 [pool-505-thread-1] INFO  server.RaftServerConfigKeys (ConfUtils.java:logGet(46)) - raft.server.log.queue.byte-limit = 4294967296 (custom)
2022-06-01 03:36:05,907 [pool-505-thread-1] INFO  server.RaftServerConfigKeys (ConfUtils.java:logGet(46)) - raft.server.log.queue.element-limit = 1024 (custom)
2022-06-01 03:36:05,907 [pool-505-thread-1] INFO  server.RaftServerConfigKeys (ConfUtils.java:logGet(46)) - raft.server.log.segment.size.max = 1048576 (custom)
2022-06-01 03:36:05,907 [pool-505-thread-1] INFO  server.RaftServerConfigKeys (ConfUtils.java:logGet(46)) - raft.server.log.preallocated.size = 16384 (custom)
2022-06-01 03:36:05,907 [pool-505-thread-1] INFO  server.RaftServerConfigKeys (ConfUtils.java:logGet(46)) - raft.server.log.force.sync.num = 128 (default)
2022-06-01 03:36:05,907 [pool-505-thread-1] INFO  server.RaftServerConfigKeys (ConfUtils.java:logGet(46)) - raft.server.log.statemachine.data.sync = true (default)
2022-06-01 03:36:05,907 [pool-505-thread-1] INFO  server.RaftServerConfigKeys (ConfUtils.java:logGet(46)) - raft.server.log.statemachine.data.sync.timeout = 10s (default)
2022-06-01 03:36:05,907 [pool-505-thread-1] INFO  server.RaftServerConfigKeys (ConfUtils.java:logGet(46)) - raft.server.log.statemachine.data.sync.timeout.retry = -1 (default)
2022-06-01 03:36:05,908 [EventQueue-OpenPipelineForHealthyPipelineSafeModeRule] INFO  safemode.SCMSafeModeManager (HealthyPipelineSafeModeRule.java:process(124)) - SCM in safe mode. Healthy pipelines reported count is 0, required healthy pipeline reported count is 1
2022-06-01 03:36:05,909 [pool-505-thread-1] INFO  server.RaftServerConfigKeys (ConfUtils.java:logGet(46)) - raft.server.log.write.buffer.size = 1048576 (custom)
2022-06-01 03:36:05,910 [pool-505-thread-1] INFO  server.RaftServerConfigKeys (ConfUtils.java:logGet(46)) - raft.server.log.unsafe-flush.enabled = false (default)
2022-06-01 03:36:05,910 [pool-505-thread-1] INFO  server.RaftServerConfigKeys (ConfUtils.java:logGet(46)) - raft.server.log.statemachine.data.caching.enabled = true (custom)
2022-06-01 03:36:05,910 [pool-505-thread-1] INFO  segmented.SegmentedRaftLogWorker (SegmentedRaftLogWorker.java:lambda$new$0(135)) - 1f79d333-1db1-49a4-8b1f-86941531a8c6@group-3C0C81D0D280-SegmentedRaftLogWorker: flushIndex: setUnconditionally 0 -> -1
2022-06-01 03:36:05,910 [pool-505-thread-1] INFO  segmented.SegmentedRaftLogWorker (SegmentedRaftLogWorker.java:lambda$new$0(135)) - 1f79d333-1db1-49a4-8b1f-86941531a8c6@group-3C0C81D0D280-SegmentedRaftLogWorker: safeCacheEvictIndex: setUnconditionally 0 -> -1
2022-06-01 03:36:05,924 [pool-505-thread-1] INFO  server.RaftServerConfigKeys (ConfUtils.java:logGet(46)) - raft.server.snapshot.auto.trigger.enabled = true (custom)
2022-06-01 03:36:05,924 [pool-505-thread-1] INFO  server.RaftServerConfigKeys (ConfUtils.java:logGet(46)) - raft.server.snapshot.auto.trigger.threshold = 10000 (custom)
2022-06-01 03:36:05,924 [pool-505-thread-1] INFO  server.RaftServerConfigKeys (ConfUtils.java:logGet(46)) - raft.server.snapshot.retention.file.num = 5 (custom)
2022-06-01 03:36:05,924 [pool-505-thread-1] INFO  server.RaftServerConfigKeys (ConfUtils.java:logGet(46)) - raft.server.log.purge.upto.snapshot.index = false (default)
2022-06-01 03:36:05,924 [pool-505-thread-1] INFO  server.RaftServerConfigKeys (ConfUtils.java:logGet(46)) - raft.server.retrycache.expirytime = 600000ms (custom)
2022-06-01 03:36:05,924 [pool-505-thread-1] INFO  server.RaftServerConfigKeys (ConfUtils.java:logGet(46)) - raft.server.retrycache.statistics.expirytime = 100μs (default)
2022-06-01 03:36:05,932 [pool-505-thread-1] INFO  server.RaftServerConfigKeys (ConfUtils.java:logGet(46)) - raft.server.log.appender.install.snapshot.enabled = false (custom)
2022-06-01 03:36:05,932 [pool-505-thread-1] INFO  server.RaftServerConfigKeys (ConfUtils.java:logGet(46)) - raft.server.threadpool.server.cached = true (default)
2022-06-01 03:36:05,932 [pool-505-thread-1] INFO  server.RaftServerConfigKeys (ConfUtils.java:logGet(46)) - raft.server.threadpool.server.size = 0 (default)
2022-06-01 03:36:05,932 [pool-505-thread-1] INFO  server.RaftServerConfigKeys (ConfUtils.java:logGet(46)) - raft.server.threadpool.client.cached = true (default)
2022-06-01 03:36:05,932 [pool-505-thread-1] INFO  server.RaftServerConfigKeys (ConfUtils.java:logGet(46)) - raft.server.threadpool.client.size = 0 (default)
2022-06-01 03:36:05,933 [pool-505-thread-1] INFO  server.RaftServer$Division (RaftServerImpl.java:start(310)) - 1f79d333-1db1-49a4-8b1f-86941531a8c6@group-3C0C81D0D280: start as a follower, conf=-1: [1f79d333-1db1-49a4-8b1f-86941531a8c6|rpc:10.1.0.5:45599|priority:1], old=null
2022-06-01 03:36:05,933 [pool-505-thread-1] INFO  server.RaftServer$Division (RaftServerImpl.java:setRole(299)) - 1f79d333-1db1-49a4-8b1f-86941531a8c6@group-3C0C81D0D280: changes role from      null to FOLLOWER at term 0 for startAsFollower
2022-06-01 03:36:05,933 [pool-505-thread-1] INFO  impl.RoleInfo (RoleInfo.java:updateAndGet(139)) - 1f79d333-1db1-49a4-8b1f-86941531a8c6: start 1f79d333-1db1-49a4-8b1f-86941531a8c6@group-3C0C81D0D280-FollowerState
2022-06-01 03:36:05,946 [pool-505-thread-1] INFO  util.JmxRegister (JmxRegister.java:tryRegister(44)) - Successfully registered JMX Bean with object name Ratis:service=RaftServer,group=group-3C0C81D0D280,id=1f79d333-1db1-49a4-8b1f-86941531a8c6
2022-06-01 03:36:05,946 [Command processor thread] INFO  ratis.XceiverServerRatis (XceiverServerRatis.java:addGroup(765)) - Created group PipelineID=2df48e79-5d99-43c6-b114-3c0c81d0d280
2022-06-01 03:36:05,946 [Command processor thread] INFO  commandhandler.CreatePipelineCommandHandler (CreatePipelineCommandHandler.java:handle(113)) - Created Pipeline RATIS ONE PipelineID=2df48e79-5d99-43c6-b114-3c0c81d0d280.
2022-06-01 03:36:06,813 [Listener at 127.0.0.1/42769] INFO  ozone.MiniOzoneClusterImpl (MiniOzoneClusterImpl.java:lambda$waitForClusterToBeReady$0(221)) - Nodes are ready. Got 3 of 3 DN Heartbeats.
2022-06-01 03:36:06,813 [Listener at 127.0.0.1/42769] INFO  ozone.MiniOzoneClusterImpl (MiniOzoneClusterImpl.java:lambda$waitForClusterToBeReady$0(224)) - Waiting for cluster to exit safe mode
2022-06-01 03:36:06,813 [Listener at 127.0.0.1/42769] INFO  ozone.MiniOzoneClusterImpl (MiniOzoneClusterImpl.java:lambda$waitForClusterToBeReady$0(226)) - SCM became leader
2022-06-01 03:36:07,815 [Listener at 127.0.0.1/42769] INFO  ozone.MiniOzoneClusterImpl (MiniOzoneClusterImpl.java:lambda$waitForClusterToBeReady$0(221)) - Nodes are ready. Got 3 of 3 DN Heartbeats.
2022-06-01 03:36:07,815 [Listener at 127.0.0.1/42769] INFO  ozone.MiniOzoneClusterImpl (MiniOzoneClusterImpl.java:lambda$waitForClusterToBeReady$0(224)) - Waiting for cluster to exit safe mode
2022-06-01 03:36:07,815 [Listener at 127.0.0.1/42769] INFO  ozone.MiniOzoneClusterImpl (MiniOzoneClusterImpl.java:lambda$waitForClusterToBeReady$0(226)) - SCM became leader
2022-06-01 03:36:08,815 [Listener at 127.0.0.1/42769] INFO  ozone.MiniOzoneClusterImpl (MiniOzoneClusterImpl.java:lambda$waitForClusterToBeReady$0(221)) - Nodes are ready. Got 3 of 3 DN Heartbeats.
2022-06-01 03:36:08,816 [Listener at 127.0.0.1/42769] INFO  ozone.MiniOzoneClusterImpl (MiniOzoneClusterImpl.java:lambda$waitForClusterToBeReady$0(224)) - Waiting for cluster to exit safe mode
2022-06-01 03:36:08,816 [Listener at 127.0.0.1/42769] INFO  ozone.MiniOzoneClusterImpl (MiniOzoneClusterImpl.java:lambda$waitForClusterToBeReady$0(226)) - SCM became leader
2022-06-01 03:36:09,126 [3e8281a1-b9ae-49e9-9444-8fa4effc3e34@group-067C656791A5-FollowerState] INFO  impl.FollowerState (FollowerState.java:run(143)) - 3e8281a1-b9ae-49e9-9444-8fa4effc3e34@group-067C656791A5-FollowerState: change to CANDIDATE, lastRpcElapsedTime:5080392342ns, electionTimeout:5061ms
2022-06-01 03:36:09,127 [3e8281a1-b9ae-49e9-9444-8fa4effc3e34@group-067C656791A5-FollowerState] INFO  impl.RoleInfo (RoleInfo.java:shutdownFollowerState(110)) - 3e8281a1-b9ae-49e9-9444-8fa4effc3e34: shutdown 3e8281a1-b9ae-49e9-9444-8fa4effc3e34@group-067C656791A5-FollowerState
2022-06-01 03:36:09,127 [3e8281a1-b9ae-49e9-9444-8fa4effc3e34@group-067C656791A5-FollowerState] INFO  server.RaftServer$Division (RaftServerImpl.java:setRole(299)) - 3e8281a1-b9ae-49e9-9444-8fa4effc3e34@group-067C656791A5: changes role from  FOLLOWER to CANDIDATE at term 0 for changeToCandidate
2022-06-01 03:36:09,127 [3e8281a1-b9ae-49e9-9444-8fa4effc3e34@group-067C656791A5-FollowerState] INFO  server.RaftServerConfigKeys (ConfUtils.java:logGet(46)) - raft.server.leaderelection.pre-vote = false (custom)
2022-06-01 03:36:09,127 [3e8281a1-b9ae-49e9-9444-8fa4effc3e34@group-067C656791A5-FollowerState] INFO  impl.RoleInfo (RoleInfo.java:updateAndGet(139)) - 3e8281a1-b9ae-49e9-9444-8fa4effc3e34: start 3e8281a1-b9ae-49e9-9444-8fa4effc3e34@group-067C656791A5-LeaderElection33
2022-06-01 03:36:09,179 [3e8281a1-b9ae-49e9-9444-8fa4effc3e34@group-067C656791A5-LeaderElection33] INFO  impl.LeaderElection (LeaderElection.java:askForVotes(310)) - 3e8281a1-b9ae-49e9-9444-8fa4effc3e34@group-067C656791A5-LeaderElection33 ELECTION round 0: submit vote requests at term 1 for -1: [3e8281a1-b9ae-49e9-9444-8fa4effc3e34|rpc:10.1.0.5:43207|priority:1], old=null
2022-06-01 03:36:09,179 [3e8281a1-b9ae-49e9-9444-8fa4effc3e34@group-4712306EF037-FollowerState] INFO  impl.FollowerState (FollowerState.java:run(143)) - 3e8281a1-b9ae-49e9-9444-8fa4effc3e34@group-4712306EF037-FollowerState: change to CANDIDATE, lastRpcElapsedTime:5048814440ns, electionTimeout:5043ms
2022-06-01 03:36:09,179 [3e8281a1-b9ae-49e9-9444-8fa4effc3e34@group-067C656791A5-LeaderElection33] INFO  impl.LeaderElection (LeaderElection.java:askForVotes(312)) - 3e8281a1-b9ae-49e9-9444-8fa4effc3e34@group-067C656791A5-LeaderElection33 ELECTION round 0: result PASSED (term=1)
2022-06-01 03:36:09,179 [3e8281a1-b9ae-49e9-9444-8fa4effc3e34@group-067C656791A5-LeaderElection33] INFO  impl.RoleInfo (RoleInfo.java:shutdownLeaderElection(130)) - 3e8281a1-b9ae-49e9-9444-8fa4effc3e34: shutdown 3e8281a1-b9ae-49e9-9444-8fa4effc3e34@group-067C656791A5-LeaderElection33
2022-06-01 03:36:09,179 [3e8281a1-b9ae-49e9-9444-8fa4effc3e34@group-4712306EF037-FollowerState] INFO  impl.RoleInfo (RoleInfo.java:shutdownFollowerState(110)) - 3e8281a1-b9ae-49e9-9444-8fa4effc3e34: shutdown 3e8281a1-b9ae-49e9-9444-8fa4effc3e34@group-4712306EF037-FollowerState
2022-06-01 03:36:09,179 [3e8281a1-b9ae-49e9-9444-8fa4effc3e34@group-067C656791A5-LeaderElection33] INFO  server.RaftServer$Division (RaftServerImpl.java:setRole(299)) - 3e8281a1-b9ae-49e9-9444-8fa4effc3e34@group-067C656791A5: changes role from CANDIDATE to LEADER at term 1 for changeToLeader
2022-06-01 03:36:09,179 [3e8281a1-b9ae-49e9-9444-8fa4effc3e34@group-4712306EF037-FollowerState] INFO  server.RaftServer$Division (RaftServerImpl.java:setRole(299)) - 3e8281a1-b9ae-49e9-9444-8fa4effc3e34@group-4712306EF037: changes role from  FOLLOWER to CANDIDATE at term 0 for changeToCandidate
2022-06-01 03:36:09,179 [3e8281a1-b9ae-49e9-9444-8fa4effc3e34@group-067C656791A5-LeaderElection33] INFO  ratis.XceiverServerRatis (XceiverServerRatis.java:handleLeaderChangedNotification(863)) - Leader change notification received for group: group-067C656791A5 with new leaderId: 3e8281a1-b9ae-49e9-9444-8fa4effc3e34
2022-06-01 03:36:09,179 [3e8281a1-b9ae-49e9-9444-8fa4effc3e34@group-4712306EF037-FollowerState] INFO  server.RaftServerConfigKeys (ConfUtils.java:logGet(46)) - raft.server.leaderelection.pre-vote = false (custom)
2022-06-01 03:36:09,179 [3e8281a1-b9ae-49e9-9444-8fa4effc3e34@group-4712306EF037-FollowerState] INFO  impl.RoleInfo (RoleInfo.java:updateAndGet(139)) - 3e8281a1-b9ae-49e9-9444-8fa4effc3e34: start 3e8281a1-b9ae-49e9-9444-8fa4effc3e34@group-4712306EF037-LeaderElection34
2022-06-01 03:36:09,200 [3e8281a1-b9ae-49e9-9444-8fa4effc3e34@group-067C656791A5-LeaderElection33] INFO  server.RaftServer$Division (ServerState.java:setLeader(287)) - 3e8281a1-b9ae-49e9-9444-8fa4effc3e34@group-067C656791A5: change Leader from null to 3e8281a1-b9ae-49e9-9444-8fa4effc3e34 at term 1 for becomeLeader, leader elected after 5156ms
2022-06-01 03:36:09,200 [3e8281a1-b9ae-49e9-9444-8fa4effc3e34@group-067C656791A5-LeaderElection33] INFO  server.RaftServerConfigKeys (ConfUtils.java:logGet(46)) - raft.server.staging.catchup.gap = 1000 (default)
2022-06-01 03:36:09,201 [3e8281a1-b9ae-49e9-9444-8fa4effc3e34@group-067C656791A5-LeaderElection33] INFO  server.RaftServerConfigKeys (ConfUtils.java:logGet(46)) - raft.server.write.element-limit = 1024 (custom)
2022-06-01 03:36:09,201 [3e8281a1-b9ae-49e9-9444-8fa4effc3e34@group-067C656791A5-LeaderElection33] INFO  server.RaftServerConfigKeys (ConfUtils.java:logGet(46)) - raft.server.write.byte-limit = 1024 M (=1073741824) (custom)
2022-06-01 03:36:09,201 [3e8281a1-b9ae-49e9-9444-8fa4effc3e34@group-067C656791A5-LeaderElection33] INFO  server.RaftServerConfigKeys (ConfUtils.java:logGet(46)) - raft.server.watch.timeout = 180s (custom)
2022-06-01 03:36:09,201 [3e8281a1-b9ae-49e9-9444-8fa4effc3e34@group-067C656791A5-LeaderElection33] INFO  server.RaftServerConfigKeys (ConfUtils.java:logGet(46)) - raft.server.watch.timeout.denomination = 1s (default)
2022-06-01 03:36:09,201 [3e8281a1-b9ae-49e9-9444-8fa4effc3e34@group-067C656791A5-LeaderElection33] INFO  server.RaftServerConfigKeys (ConfUtils.java:logGet(46)) - raft.server.watch.element-limit = 65536 (default)
2022-06-01 03:36:09,201 [3e8281a1-b9ae-49e9-9444-8fa4effc3e34@group-067C656791A5-LeaderElection33] INFO  server.RaftServerConfigKeys (ConfUtils.java:logGet(46)) - raft.server.write.element-limit = 1024 (custom)
2022-06-01 03:36:09,201 [3e8281a1-b9ae-49e9-9444-8fa4effc3e34@group-067C656791A5-LeaderElection33] INFO  server.RaftServerConfigKeys (ConfUtils.java:logGet(46)) - raft.server.write.follower.gap.ratio.max = -1.0 (default)
2022-06-01 03:36:09,201 [3e8281a1-b9ae-49e9-9444-8fa4effc3e34@group-067C656791A5-LeaderElection33] INFO  impl.RoleInfo (RoleInfo.java:updateAndGet(139)) - 3e8281a1-b9ae-49e9-9444-8fa4effc3e34: start 3e8281a1-b9ae-49e9-9444-8fa4effc3e34@group-067C656791A5-LeaderStateImpl
2022-06-01 03:36:09,202 [3e8281a1-b9ae-49e9-9444-8fa4effc3e34@group-067C656791A5-LeaderElection33] INFO  segmented.SegmentedRaftLogWorker (SegmentedRaftLogWorker.java:startLogSegment(425)) - 3e8281a1-b9ae-49e9-9444-8fa4effc3e34@group-067C656791A5-SegmentedRaftLogWorker: Starting segment from index:0
2022-06-01 03:36:09,203 [3e8281a1-b9ae-49e9-9444-8fa4effc3e34@group-067C656791A5-SegmentedRaftLogWorker] INFO  segmented.SegmentedRaftLogWorker (SegmentedRaftLogWorker.java:execute(629)) - 3e8281a1-b9ae-49e9-9444-8fa4effc3e34@group-067C656791A5-SegmentedRaftLogWorker: created new log segment /home/runner/work/ozone/ozone/hadoop-ozone/integration-test/target/test-dir/MiniOzoneClusterImpl-76e4b4cf-2f77-4a34-b745-000a24705eb3/datanode-0/data/ratis/5630ac9c-54f0-4d0a-901b-067c656791a5/current/log_inprogress_0
2022-06-01 03:36:09,212 [3e8281a1-b9ae-49e9-9444-8fa4effc3e34@group-067C656791A5-LeaderElection33] INFO  server.RaftServer$Division (ServerState.java:setRaftConf(393)) - 3e8281a1-b9ae-49e9-9444-8fa4effc3e34@group-067C656791A5: set configuration 0: [3e8281a1-b9ae-49e9-9444-8fa4effc3e34|rpc:10.1.0.5:43207|dataStream:|priority:1], old=null
2022-06-01 03:36:09,229 [EventQueue-OpenPipelineForHealthyPipelineSafeModeRule] INFO  safemode.SCMSafeModeManager (HealthyPipelineSafeModeRule.java:process(124)) - SCM in safe mode. Healthy pipelines reported count is 0, required healthy pipeline reported count is 1
2022-06-01 03:36:09,268 [3e8281a1-b9ae-49e9-9444-8fa4effc3e34@group-4712306EF037-LeaderElection34] INFO  impl.LeaderElection (LeaderElection.java:askForVotes(310)) - 3e8281a1-b9ae-49e9-9444-8fa4effc3e34@group-4712306EF037-LeaderElection34 ELECTION round 0: submit vote requests at term 1 for -1: [1f79d333-1db1-49a4-8b1f-86941531a8c6|rpc:10.1.0.5:45599|priority:1, 529b0fef-71a0-4d37-9a61-8cc4c3782ff3|rpc:10.1.0.5:41883|priority:0, 3e8281a1-b9ae-49e9-9444-8fa4effc3e34|rpc:10.1.0.5:43207|priority:0], old=null
2022-06-01 03:36:09,326 [grpc-default-executor-0] INFO  server.RaftServer$Division (RaftServerImpl.java:requestVote(1152)) - 1f79d333-1db1-49a4-8b1f-86941531a8c6@group-4712306EF037: receive requestVote(ELECTION, 3e8281a1-b9ae-49e9-9444-8fa4effc3e34, group-4712306EF037, 1, (t:0, i:0))
2022-06-01 03:36:09,326 [grpc-default-executor-0] INFO  impl.VoteContext (VoteContext.java:log(48)) - 1f79d333-1db1-49a4-8b1f-86941531a8c6@group-4712306EF037-FOLLOWER: reject ELECTION from 3e8281a1-b9ae-49e9-9444-8fa4effc3e34: our priority 1 > candidate's priority 0
2022-06-01 03:36:09,326 [grpc-default-executor-0] INFO  server.RaftServer$Division (RaftServerImpl.java:setRole(299)) - 1f79d333-1db1-49a4-8b1f-86941531a8c6@group-4712306EF037: changes role from  FOLLOWER to FOLLOWER at term 1 for candidate:3e8281a1-b9ae-49e9-9444-8fa4effc3e34
2022-06-01 03:36:09,326 [grpc-default-executor-0] INFO  impl.RoleInfo (RoleInfo.java:shutdownFollowerState(110)) - 1f79d333-1db1-49a4-8b1f-86941531a8c6: shutdown 1f79d333-1db1-49a4-8b1f-86941531a8c6@group-4712306EF037-FollowerState
2022-06-01 03:36:09,327 [grpc-default-executor-0] INFO  impl.RoleInfo (RoleInfo.java:updateAndGet(139)) - 1f79d333-1db1-49a4-8b1f-86941531a8c6: start 1f79d333-1db1-49a4-8b1f-86941531a8c6@group-4712306EF037-FollowerState
2022-06-01 03:36:09,327 [1f79d333-1db1-49a4-8b1f-86941531a8c6@group-4712306EF037-FollowerState] INFO  impl.FollowerState (FollowerState.java:run(152)) - 1f79d333-1db1-49a4-8b1f-86941531a8c6@group-4712306EF037-FollowerState was interrupted
2022-06-01 03:36:09,368 [grpc-default-executor-0] INFO  server.RaftServer$Division (RaftServerImpl.java:requestVote(1184)) - 1f79d333-1db1-49a4-8b1f-86941531a8c6@group-4712306EF037 replies to ELECTION vote request: 3e8281a1-b9ae-49e9-9444-8fa4effc3e34<-1f79d333-1db1-49a4-8b1f-86941531a8c6#0:FAIL-t1. Peer's state: 1f79d333-1db1-49a4-8b1f-86941531a8c6@group-4712306EF037:t1, leader=null, voted=null, raftlog=1f79d333-1db1-49a4-8b1f-86941531a8c6@group-4712306EF037-SegmentedRaftLog:OPENED:c-1, conf=-1: [1f79d333-1db1-49a4-8b1f-86941531a8c6|rpc:10.1.0.5:45599|dataStream:|priority:1, 529b0fef-71a0-4d37-9a61-8cc4c3782ff3|rpc:10.1.0.5:41883|dataStream:|priority:0, 3e8281a1-b9ae-49e9-9444-8fa4effc3e34|rpc:10.1.0.5:43207|dataStream:|priority:0], old=null
2022-06-01 03:36:09,372 [3e8281a1-b9ae-49e9-9444-8fa4effc3e34@group-4712306EF037-LeaderElection34] INFO  impl.LeaderElection (LeaderElection.java:logAndReturn(90)) - 3e8281a1-b9ae-49e9-9444-8fa4effc3e34@group-4712306EF037-LeaderElection34: ELECTION REJECTED received 1 response(s) and 0 exception(s):
2022-06-01 03:36:09,372 [3e8281a1-b9ae-49e9-9444-8fa4effc3e34@group-4712306EF037-LeaderElection34] INFO  impl.LeaderElection (LeaderElection.java:logAndReturn(94)) -   Response 0: 3e8281a1-b9ae-49e9-9444-8fa4effc3e34<-1f79d333-1db1-49a4-8b1f-86941531a8c6#0:FAIL-t1
2022-06-01 03:36:09,372 [3e8281a1-b9ae-49e9-9444-8fa4effc3e34@group-4712306EF037-LeaderElection34] INFO  impl.LeaderElection (LeaderElection.java:askForVotes(312)) - 3e8281a1-b9ae-49e9-9444-8fa4effc3e34@group-4712306EF037-LeaderElection34 ELECTION round 0: result REJECTED
2022-06-01 03:36:09,372 [3e8281a1-b9ae-49e9-9444-8fa4effc3e34@group-4712306EF037-LeaderElection34] INFO  server.RaftServer$Division (RaftServerImpl.java:setRole(299)) - 3e8281a1-b9ae-49e9-9444-8fa4effc3e34@group-4712306EF037: changes role from CANDIDATE to FOLLOWER at term 1 for REJECTED
2022-06-01 03:36:09,372 [3e8281a1-b9ae-49e9-9444-8fa4effc3e34@group-4712306EF037-LeaderElection34] INFO  impl.RoleInfo (RoleInfo.java:shutdownLeaderElection(130)) - 3e8281a1-b9ae-49e9-9444-8fa4effc3e34: shutdown 3e8281a1-b9ae-49e9-9444-8fa4effc3e34@group-4712306EF037-LeaderElection34
2022-06-01 03:36:09,372 [3e8281a1-b9ae-49e9-9444-8fa4effc3e34@group-4712306EF037-LeaderElection34] INFO  impl.RoleInfo (RoleInfo.java:updateAndGet(139)) - 3e8281a1-b9ae-49e9-9444-8fa4effc3e34: start 3e8281a1-b9ae-49e9-9444-8fa4effc3e34@group-4712306EF037-FollowerState
2022-06-01 03:36:09,392 [grpc-default-executor-1] INFO  server.RaftServer$Division (RaftServerImpl.java:requestVote(1152)) - 529b0fef-71a0-4d37-9a61-8cc4c3782ff3@group-4712306EF037: receive requestVote(ELECTION, 3e8281a1-b9ae-49e9-9444-8fa4effc3e34, group-4712306EF037, 1, (t:0, i:0))
2022-06-01 03:36:09,392 [grpc-default-executor-1] INFO  impl.VoteContext (VoteContext.java:log(48)) - 529b0fef-71a0-4d37-9a61-8cc4c3782ff3@group-4712306EF037-FOLLOWER: accept ELECTION from 3e8281a1-b9ae-49e9-9444-8fa4effc3e34: our priority 0 <= candidate's priority 0
2022-06-01 03:36:09,392 [grpc-default-executor-1] INFO  server.RaftServer$Division (RaftServerImpl.java:setRole(299)) - 529b0fef-71a0-4d37-9a61-8cc4c3782ff3@group-4712306EF037: changes role from  FOLLOWER to FOLLOWER at term 1 for candidate:3e8281a1-b9ae-49e9-9444-8fa4effc3e34
2022-06-01 03:36:09,393 [grpc-default-executor-1] INFO  impl.RoleInfo (RoleInfo.java:shutdownFollowerState(110)) - 529b0fef-71a0-4d37-9a61-8cc4c3782ff3: shutdown 529b0fef-71a0-4d37-9a61-8cc4c3782ff3@group-4712306EF037-FollowerState
2022-06-01 03:36:09,393 [grpc-default-executor-1] INFO  impl.RoleInfo (RoleInfo.java:updateAndGet(139)) - 529b0fef-71a0-4d37-9a61-8cc4c3782ff3: start 529b0fef-71a0-4d37-9a61-8cc4c3782ff3@group-4712306EF037-FollowerState
2022-06-01 03:36:09,393 [529b0fef-71a0-4d37-9a61-8cc4c3782ff3@group-4712306EF037-FollowerState] INFO  impl.FollowerState (FollowerState.java:run(152)) - 529b0fef-71a0-4d37-9a61-8cc4c3782ff3@group-4712306EF037-FollowerState was interrupted
2022-06-01 03:36:09,412 [grpc-default-executor-1] INFO  server.RaftServer$Division (RaftServerImpl.java:requestVote(1184)) - 529b0fef-71a0-4d37-9a61-8cc4c3782ff3@group-4712306EF037 replies to ELECTION vote request: 3e8281a1-b9ae-49e9-9444-8fa4effc3e34<-529b0fef-71a0-4d37-9a61-8cc4c3782ff3#0:OK-t1. Peer's state: 529b0fef-71a0-4d37-9a61-8cc4c3782ff3@group-4712306EF037:t1, leader=null, voted=3e8281a1-b9ae-49e9-9444-8fa4effc3e34, raftlog=529b0fef-71a0-4d37-9a61-8cc4c3782ff3@group-4712306EF037-SegmentedRaftLog:OPENED:c-1, conf=-1: [1f79d333-1db1-49a4-8b1f-86941531a8c6|rpc:10.1.0.5:45599|dataStream:|priority:1, 529b0fef-71a0-4d37-9a61-8cc4c3782ff3|rpc:10.1.0.5:41883|dataStream:|priority:0, 3e8281a1-b9ae-49e9-9444-8fa4effc3e34|rpc:10.1.0.5:43207|dataStream:|priority:0], old=null
2022-06-01 03:36:09,651 [3e8281a1-b9ae-49e9-9444-8fa4effc3e34@group-9265F9D8980A-FollowerState] INFO  impl.FollowerState (FollowerState.java:run(143)) - 3e8281a1-b9ae-49e9-9444-8fa4effc3e34@group-9265F9D8980A-FollowerState: change to CANDIDATE, lastRpcElapsedTime:5016639933ns, electionTimeout:5015ms
2022-06-01 03:36:09,652 [3e8281a1-b9ae-49e9-9444-8fa4effc3e34@group-9265F9D8980A-FollowerState] INFO  impl.RoleInfo (RoleInfo.java:shutdownFollowerState(110)) - 3e8281a1-b9ae-49e9-9444-8fa4effc3e34: shutdown 3e8281a1-b9ae-49e9-9444-8fa4effc3e34@group-9265F9D8980A-FollowerState
2022-06-01 03:36:09,652 [3e8281a1-b9ae-49e9-9444-8fa4effc3e34@group-9265F9D8980A-FollowerState] INFO  server.RaftServer$Division (RaftServerImpl.java:setRole(299)) - 3e8281a1-b9ae-49e9-9444-8fa4effc3e34@group-9265F9D8980A: changes role from  FOLLOWER to CANDIDATE at term 0 for changeToCandidate
2022-06-01 03:36:09,652 [3e8281a1-b9ae-49e9-9444-8fa4effc3e34@group-9265F9D8980A-FollowerState] INFO  server.RaftServerConfigKeys (ConfUtils.java:logGet(46)) - raft.server.leaderelection.pre-vote = false (custom)
2022-06-01 03:36:09,652 [3e8281a1-b9ae-49e9-9444-8fa4effc3e34@group-9265F9D8980A-FollowerState] INFO  impl.RoleInfo (RoleInfo.java:updateAndGet(139)) - 3e8281a1-b9ae-49e9-9444-8fa4effc3e34: start 3e8281a1-b9ae-49e9-9444-8fa4effc3e34@group-9265F9D8980A-LeaderElection35
2022-06-01 03:36:09,674 [3e8281a1-b9ae-49e9-9444-8fa4effc3e34@group-9265F9D8980A-LeaderElection35] INFO  impl.LeaderElection (LeaderElection.java:askForVotes(310)) - 3e8281a1-b9ae-49e9-9444-8fa4effc3e34@group-9265F9D8980A-LeaderElection35 ELECTION round 0: submit vote requests at term 1 for -1: [1f79d333-1db1-49a4-8b1f-86941531a8c6|rpc:10.1.0.5:45599|priority:0, 529b0fef-71a0-4d37-9a61-8cc4c3782ff3|rpc:10.1.0.5:41883|priority:0, 3e8281a1-b9ae-49e9-9444-8fa4effc3e34|rpc:10.1.0.5:43207|priority:1], old=null
2022-06-01 03:36:09,684 [grpc-default-executor-1] INFO  server.RaftServer$Division (RaftServerImpl.java:requestVote(1152)) - 1f79d333-1db1-49a4-8b1f-86941531a8c6@group-9265F9D8980A: receive requestVote(ELECTION, 3e8281a1-b9ae-49e9-9444-8fa4effc3e34, group-9265F9D8980A, 1, (t:0, i:0))
2022-06-01 03:36:09,684 [grpc-default-executor-1] INFO  impl.VoteContext (VoteContext.java:log(48)) - 1f79d333-1db1-49a4-8b1f-86941531a8c6@group-9265F9D8980A-FOLLOWER: accept ELECTION from 3e8281a1-b9ae-49e9-9444-8fa4effc3e34: our priority 0 <= candidate's priority 1
2022-06-01 03:36:09,685 [grpc-default-executor-1] INFO  server.RaftServer$Division (RaftServerImpl.java:setRole(299)) - 1f79d333-1db1-49a4-8b1f-86941531a8c6@group-9265F9D8980A: changes role from  FOLLOWER to FOLLOWER at term 1 for candidate:3e8281a1-b9ae-49e9-9444-8fa4effc3e34
2022-06-01 03:36:09,685 [grpc-default-executor-1] INFO  impl.RoleInfo (RoleInfo.java:shutdownFollowerState(110)) - 1f79d333-1db1-49a4-8b1f-86941531a8c6: shutdown 1f79d333-1db1-49a4-8b1f-86941531a8c6@group-9265F9D8980A-FollowerState
2022-06-01 03:36:09,685 [grpc-default-executor-1] INFO  impl.RoleInfo (RoleInfo.java:updateAndGet(139)) - 1f79d333-1db1-49a4-8b1f-86941531a8c6: start 1f79d333-1db1-49a4-8b1f-86941531a8c6@group-9265F9D8980A-FollowerState
2022-06-01 03:36:09,685 [1f79d333-1db1-49a4-8b1f-86941531a8c6@group-9265F9D8980A-FollowerState] INFO  impl.FollowerState (FollowerState.java:run(152)) - 1f79d333-1db1-49a4-8b1f-86941531a8c6@group-9265F9D8980A-FollowerState was interrupted
2022-06-01 03:36:09,685 [grpc-default-executor-0] INFO  server.RaftServer$Division (RaftServerImpl.java:requestVote(1152)) - 529b0fef-71a0-4d37-9a61-8cc4c3782ff3@group-9265F9D8980A: receive requestVote(ELECTION, 3e8281a1-b9ae-49e9-9444-8fa4effc3e34, group-9265F9D8980A, 1, (t:0, i:0))
2022-06-01 03:36:09,685 [grpc-default-executor-0] INFO  impl.VoteContext (VoteContext.java:log(48)) - 529b0fef-71a0-4d37-9a61-8cc4c3782ff3@group-9265F9D8980A-FOLLOWER: accept ELECTION from 3e8281a1-b9ae-49e9-9444-8fa4effc3e34: our priority 0 <= candidate's priority 1
2022-06-01 03:36:09,685 [grpc-default-executor-0] INFO  server.RaftServer$Division (RaftServerImpl.java:setRole(299)) - 529b0fef-71a0-4d37-9a61-8cc4c3782ff3@group-9265F9D8980A: changes role from  FOLLOWER to FOLLOWER at term 1 for candidate:3e8281a1-b9ae-49e9-9444-8fa4effc3e34
2022-06-01 03:36:09,685 [grpc-default-executor-0] INFO  impl.RoleInfo (RoleInfo.java:shutdownFollowerState(110)) - 529b0fef-71a0-4d37-9a61-8cc4c3782ff3: shutdown 529b0fef-71a0-4d37-9a61-8cc4c3782ff3@group-9265F9D8980A-FollowerState
2022-06-01 03:36:09,691 [grpc-default-executor-1] INFO  server.RaftServer$Division (RaftServerImpl.java:requestVote(1184)) - 1f79d333-1db1-49a4-8b1f-86941531a8c6@group-9265F9D8980A replies to ELECTION vote request: 3e8281a1-b9ae-49e9-9444-8fa4effc3e34<-1f79d333-1db1-49a4-8b1f-86941531a8c6#0:OK-t1. Peer's state: 1f79d333-1db1-49a4-8b1f-86941531a8c6@group-9265F9D8980A:t1, leader=null, voted=3e8281a1-b9ae-49e9-9444-8fa4effc3e34, raftlog=1f79d333-1db1-49a4-8b1f-86941531a8c6@group-9265F9D8980A-SegmentedRaftLog:OPENED:c-1, conf=-1: [1f79d333-1db1-49a4-8b1f-86941531a8c6|rpc:10.1.0.5:45599|dataStream:|priority:0, 529b0fef-71a0-4d37-9a61-8cc4c3782ff3|rpc:10.1.0.5:41883|dataStream:|priority:0, 3e8281a1-b9ae-49e9-9444-8fa4effc3e34|rpc:10.1.0.5:43207|dataStream:|priority:1], old=null
2022-06-01 03:36:09,692 [3e8281a1-b9ae-49e9-9444-8fa4effc3e34@group-9265F9D8980A-LeaderElection35] INFO  impl.LeaderElection (LeaderElection.java:logAndReturn(90)) - 3e8281a1-b9ae-49e9-9444-8fa4effc3e34@group-9265F9D8980A-LeaderElection35: ELECTION PASSED received 1 response(s) and 0 exception(s):
2022-06-01 03:36:09,692 [3e8281a1-b9ae-49e9-9444-8fa4effc3e34@group-9265F9D8980A-LeaderElection35] INFO  impl.LeaderElection (LeaderElection.java:logAndReturn(94)) -   Response 0: 3e8281a1-b9ae-49e9-9444-8fa4effc3e34<-1f79d333-1db1-49a4-8b1f-86941531a8c6#0:OK-t1
2022-06-01 03:36:09,692 [3e8281a1-b9ae-49e9-9444-8fa4effc3e34@group-9265F9D8980A-LeaderElection35] INFO  impl.LeaderElection (LeaderElection.java:askForVotes(312)) - 3e8281a1-b9ae-49e9-9444-8fa4effc3e34@group-9265F9D8980A-LeaderElection35 ELECTION round 0: result PASSED
2022-06-01 03:36:09,692 [3e8281a1-b9ae-49e9-9444-8fa4effc3e34@group-9265F9D8980A-LeaderElection35] INFO  impl.RoleInfo (RoleInfo.java:shutdownLeaderElection(130)) - 3e8281a1-b9ae-49e9-9444-8fa4effc3e34: shutdown 3e8281a1-b9ae-49e9-9444-8fa4effc3e34@group-9265F9D8980A-LeaderElection35
2022-06-01 03:36:09,693 [3e8281a1-b9ae-49e9-9444-8fa4effc3e34@group-9265F9D8980A-LeaderElection35] INFO  server.RaftServer$Division (RaftServerImpl.java:setRole(299)) - 3e8281a1-b9ae-49e9-9444-8fa4effc3e34@group-9265F9D8980A: changes role from CANDIDATE to LEADER at term 1 for changeToLeader
2022-06-01 03:36:09,693 [3e8281a1-b9ae-49e9-9444-8fa4effc3e34@group-9265F9D8980A-LeaderElection35] INFO  ratis.XceiverServerRatis (XceiverServerRatis.java:handleLeaderChangedNotification(863)) - Leader change notification received for group: group-9265F9D8980A with new leaderId: 3e8281a1-b9ae-49e9-9444-8fa4effc3e34
2022-06-01 03:36:09,693 [3e8281a1-b9ae-49e9-9444-8fa4effc3e34@group-9265F9D8980A-LeaderElection35] INFO  server.RaftServer$Division (ServerState.java:setLeader(287)) - 3e8281a1-b9ae-49e9-9444-8fa4effc3e34@group-9265F9D8980A: change Leader from null to 3e8281a1-b9ae-49e9-9444-8fa4effc3e34 at term 1 for becomeLeader, leader elected after 5072ms
2022-06-01 03:36:09,693 [3e8281a1-b9ae-49e9-9444-8fa4effc3e34@group-9265F9D8980A-LeaderElection35] INFO  server.RaftServerConfigKeys (ConfUtils.java:logGet(46)) - raft.server.staging.catchup.gap = 1000 (default)
2022-06-01 03:36:09,693 [3e8281a1-b9ae-49e9-9444-8fa4effc3e34@group-9265F9D8980A-LeaderElection35] INFO  server.RaftServerConfigKeys (ConfUtils.java:logGet(46)) - raft.server.write.element-limit = 1024 (custom)
2022-06-01 03:36:09,693 [3e8281a1-b9ae-49e9-9444-8fa4effc3e34@group-9265F9D8980A-LeaderElection35] INFO  server.RaftServerConfigKeys (ConfUtils.java:logGet(46)) - raft.server.write.byte-limit = 1024 M (=1073741824) (custom)
2022-06-01 03:36:09,693 [3e8281a1-b9ae-49e9-9444-8fa4effc3e34@group-9265F9D8980A-LeaderElection35] INFO  server.RaftServerConfigKeys (ConfUtils.java:logGet(46)) - raft.server.watch.timeout = 180s (custom)
2022-06-01 03:36:09,693 [3e8281a1-b9ae-49e9-9444-8fa4effc3e34@group-9265F9D8980A-LeaderElection35] INFO  server.RaftServerConfigKeys (ConfUtils.java:logGet(46)) - raft.server.watch.timeout.denomination = 1s (default)
2022-06-01 03:36:09,694 [3e8281a1-b9ae-49e9-9444-8fa4effc3e34@group-9265F9D8980A-LeaderElection35] INFO  server.RaftServerConfigKeys (ConfUtils.java:logGet(46)) - raft.server.watch.element-limit = 65536 (default)
2022-06-01 03:36:09,694 [3e8281a1-b9ae-49e9-9444-8fa4effc3e34@group-9265F9D8980A-LeaderElection35] INFO  server.RaftServerConfigKeys (ConfUtils.java:logGet(46)) - raft.server.write.element-limit = 1024 (custom)
2022-06-01 03:36:09,694 [3e8281a1-b9ae-49e9-9444-8fa4effc3e34@group-9265F9D8980A-LeaderElection35] INFO  server.RaftServerConfigKeys (ConfUtils.java:logGet(46)) - raft.server.write.follower.gap.ratio.max = -1.0 (default)
2022-06-01 03:36:09,694 [3e8281a1-b9ae-49e9-9444-8fa4effc3e34@group-9265F9D8980A-LeaderElection35] INFO  server.RaftServerConfigKeys (ConfUtils.java:logGet(46)) - raft.server.log.appender.snapshot.chunk.size.max = 16MB (=16777216) (default)
2022-06-01 03:36:09,694 [3e8281a1-b9ae-49e9-9444-8fa4effc3e34@group-9265F9D8980A-LeaderElection35] INFO  server.RaftServerConfigKeys (ConfUtils.java:logGet(46)) - raft.server.log.appender.buffer.byte-limit = 33554432 (custom)
2022-06-01 03:36:09,694 [3e8281a1-b9ae-49e9-9444-8fa4effc3e34@group-9265F9D8980A-LeaderElection35] INFO  server.RaftServerConfigKeys (ConfUtils.java:logGet(46)) - raft.server.log.appender.buffer.element-limit = 1 (custom)
2022-06-01 03:36:09,694 [3e8281a1-b9ae-49e9-9444-8fa4effc3e34@group-9265F9D8980A-LeaderElection35] INFO  grpc.GrpcConfigKeys (ConfUtils.java:logGet(46)) - raft.grpc.server.leader.outstanding.appends.max = 128 (default)
2022-06-01 03:36:09,695 [3e8281a1-b9ae-49e9-9444-8fa4effc3e34@group-9265F9D8980A-LeaderElection35] INFO  server.RaftServerConfigKeys (ConfUtils.java:logGet(46)) - raft.server.rpc.request.timeout = 60s (custom)
2022-06-01 03:36:09,695 [3e8281a1-b9ae-49e9-9444-8fa4effc3e34@group-9265F9D8980A-LeaderElection35] INFO  server.RaftServerConfigKeys (ConfUtils.java:logGet(46)) - raft.server.log.appender.install.snapshot.enabled = false (custom)
2022-06-01 03:36:09,695 [3e8281a1-b9ae-49e9-9444-8fa4effc3e34@group-9265F9D8980A-LeaderElection35] INFO  server.RaftServerConfigKeys (ConfUtils.java:logGet(46)) - raft.server.log.appender.snapshot.chunk.size.max = 16MB (=16777216) (default)
2022-06-01 03:36:09,697 [3e8281a1-b9ae-49e9-9444-8fa4effc3e34@group-9265F9D8980A-LeaderElection35] INFO  server.RaftServerConfigKeys (ConfUtils.java:logGet(46)) - raft.server.log.appender.buffer.byte-limit = 33554432 (custom)
2022-06-01 03:36:09,697 [3e8281a1-b9ae-49e9-9444-8fa4effc3e34@group-9265F9D8980A-LeaderElection35] INFO  server.RaftServerConfigKeys (ConfUtils.java:logGet(46)) - raft.server.log.appender.buffer.element-limit = 1 (custom)
2022-06-01 03:36:09,697 [3e8281a1-b9ae-49e9-9444-8fa4effc3e34@group-9265F9D8980A-LeaderElection35] INFO  grpc.GrpcConfigKeys (ConfUtils.java:logGet(46)) - raft.grpc.server.leader.outstanding.appends.max = 128 (default)
2022-06-01 03:36:09,697 [3e8281a1-b9ae-49e9-9444-8fa4effc3e34@group-9265F9D8980A-LeaderElection35] INFO  server.RaftServerConfigKeys (ConfUtils.java:logGet(46)) - raft.server.rpc.request.timeout = 60s (custom)
2022-06-01 03:36:09,697 [3e8281a1-b9ae-49e9-9444-8fa4effc3e34@group-9265F9D8980A-LeaderElection35] INFO  server.RaftServerConfigKeys (ConfUtils.java:logGet(46)) - raft.server.log.appender.install.snapshot.enabled = false (custom)
2022-06-01 03:36:09,697 [EventQueue-PipelineReportForPipelineReportHandler] INFO  pipeline.PipelineManagerImpl (PipelineManagerImpl.java:openPipeline(356)) - Pipeline Pipeline[ Id: 44241a2c-ca72-4370-9bc3-9265f9d8980a, Nodes: 1f79d333-1db1-49a4-8b1f-86941531a8c6{ip: 10.1.0.5, host: fv-az151-582.yf2hydr00wburbhx3j5hxtcipe.bx.internal.cloudapp.net, ports: [REPLICATION=43793, RATIS=45599, RATIS_ADMIN=45599, RATIS_SERVER=45599, STANDALONE=34399], networkLocation: /default-rack, certSerialId: null, persistedOpState: IN_SERVICE, persistedOpStateExpiryEpochSec: 0}3e8281a1-b9ae-49e9-9444-8fa4effc3e34{ip: 10.1.0.5, host: fv-az151-582.yf2hydr00wburbhx3j5hxtcipe.bx.internal.cloudapp.net, ports: [REPLICATION=36619, RATIS=43207, RATIS_ADMIN=43207, RATIS_SERVER=43207, STANDALONE=38487], networkLocation: /default-rack, certSerialId: null, persistedOpState: IN_SERVICE, persistedOpStateExpiryEpochSec: 0}529b0fef-71a0-4d37-9a61-8cc4c3782ff3{ip: 10.1.0.5, host: fv-az151-582.yf2hydr00wburbhx3j5hxtcipe.bx.internal.cloudapp.net, ports: [REPLICATION=38053, RATIS=41883, RATIS_ADMIN=41883, RATIS_SERVER=41883, STANDALONE=45267], networkLocation: /default-rack, certSerialId: null, persistedOpState: IN_SERVICE, persistedOpStateExpiryEpochSec: 0}, ReplicationConfig: RATIS/THREE, State:ALLOCATED, leaderId:3e8281a1-b9ae-49e9-9444-8fa4effc3e34, CreationTimestamp2022-06-01T03:36:02.903Z[Etc/UTC]] moved to OPEN state
2022-06-01 03:36:09,698 [EventQueue-OpenPipelineForHealthyPipelineSafeModeRule] INFO  safemode.SCMSafeModeManager (HealthyPipelineSafeModeRule.java:process(124)) - SCM in safe mode. Healthy pipelines reported count is 0, required healthy pipeline reported count is 1
2022-06-01 03:36:09,698 [EventQueue-OpenPipelineForHealthyPipelineSafeModeRule] INFO  safemode.SCMSafeModeManager (HealthyPipelineSafeModeRule.java:process(124)) - SCM in safe mode. Healthy pipelines reported count is 1, required healthy pipeline reported count is 1
2022-06-01 03:36:09,698 [EventQueue-OpenPipelineForHealthyPipelineSafeModeRule] INFO  safemode.SCMSafeModeManager (SCMSafeModeManager.java:validateSafeModeExitRules(204)) - HealthyPipelineSafeModeRule rule is successfully validated
2022-06-01 03:36:09,698 [EventQueue-OpenPipelineForHealthyPipelineSafeModeRule] INFO  safemode.SCMSafeModeManager (SCMSafeModeManager.java:validateSafeModeExitRules(219)) - ScmSafeModeManager, all rules are successfully validated
2022-06-01 03:36:09,698 [EventQueue-OpenPipelineForHealthyPipelineSafeModeRule] INFO  safemode.SCMSafeModeManager (SCMSafeModeManager.java:exitSafeMode(248)) - SCM exiting safe mode.
2022-06-01 03:36:09,698 [EventQueue-OpenPipelineForHealthyPipelineSafeModeRule] WARN  events.EventQueue (EventQueue.java:fireEvent(194)) - No event handler registered for event TypedEvent{payloadType=SafeModeStatus, name='Safe mode status'}
2022-06-01 03:36:09,698 [EventQueue-OpenPipelineForHealthyPipelineSafeModeRule] INFO  ha.SCMContext (SCMContext.java:updateSafeModeStatus(211)) - Update SafeModeStatus from SafeModeStatus{safeModeStatus=true, preCheckPassed=true} to SafeModeStatus{safeModeStatus=false, preCheckPassed=true}.
2022-06-01 03:36:09,698 [EventQueue-OpenPipelineForHealthyPipelineSafeModeRule] INFO  pipeline.BackgroundPipelineCreator (BackgroundPipelineCreator.java:notifyStatusChanged(251)) - Service BackgroundPipelineCreator transitions to RUNNING.
2022-06-01 03:36:09,698 [EventQueue-OpenPipelineForHealthyPipelineSafeModeRule] INFO  BackgroundPipelineScrubber (BackgroundSCMService.java:notifyStatusChanged(82)) - Service BackgroundPipelineScrubber transitions to RUNNING.
2022-06-01 03:36:09,698 [EventQueue-OpenPipelineForHealthyPipelineSafeModeRule] INFO  ExpiredContainerReplicaOpScrubber (BackgroundSCMService.java:notifyStatusChanged(82)) - Service ExpiredContainerReplicaOpScrubber transitions to RUNNING.
2022-06-01 03:36:09,698 [EventQueue-OpenPipelineForHealthyPipelineSafeModeRule] INFO  replication.ReplicationManager (ReplicationManager.java:notifyStatusChanged(372)) - Service ReplicationManager transitions to RUNNING.
2022-06-01 03:36:09,700 [3e8281a1-b9ae-49e9-9444-8fa4effc3e34@group-9265F9D8980A-LeaderElection35] INFO  impl.RoleInfo (RoleInfo.java:updateAndGet(139)) - 3e8281a1-b9ae-49e9-9444-8fa4effc3e34: start 3e8281a1-b9ae-49e9-9444-8fa4effc3e34@group-9265F9D8980A-LeaderStateImpl
2022-06-01 03:36:09,700 [3e8281a1-b9ae-49e9-9444-8fa4effc3e34@group-9265F9D8980A-LeaderElection35] INFO  segmented.SegmentedRaftLogWorker (SegmentedRaftLogWorker.java:startLogSegment(425)) - 3e8281a1-b9ae-49e9-9444-8fa4effc3e34@group-9265F9D8980A-SegmentedRaftLogWorker: Starting segment from index:0
2022-06-01 03:36:09,705 [3e8281a1-b9ae-49e9-9444-8fa4effc3e34@group-9265F9D8980A-SegmentedRaftLogWorker] INFO  segmented.SegmentedRaftLogWorker (SegmentedRaftLogWorker.java:execute(629)) - 3e8281a1-b9ae-49e9-9444-8fa4effc3e34@group-9265F9D8980A-SegmentedRaftLogWorker: created new log segment /home/runner/work/ozone/ozone/hadoop-ozone/integration-test/target/test-dir/MiniOzoneClusterImpl-76e4b4cf-2f77-4a34-b745-000a24705eb3/datanode-0/data/ratis/44241a2c-ca72-4370-9bc3-9265f9d8980a/current/log_inprogress_0
2022-06-01 03:36:09,757 [grpc-default-executor-0] INFO  impl.RoleInfo (RoleInfo.java:updateAndGet(139)) - 529b0fef-71a0-4d37-9a61-8cc4c3782ff3: start 529b0fef-71a0-4d37-9a61-8cc4c3782ff3@group-9265F9D8980A-FollowerState
2022-06-01 03:36:09,758 [3e8281a1-b9ae-49e9-9444-8fa4effc3e34@group-9265F9D8980A-LeaderElection35] INFO  server.RaftServer$Division (ServerState.java:setRaftConf(393)) - 3e8281a1-b9ae-49e9-9444-8fa4effc3e34@group-9265F9D8980A: set configuration 0: [1f79d333-1db1-49a4-8b1f-86941531a8c6|rpc:10.1.0.5:45599|dataStream:|priority:0, 529b0fef-71a0-4d37-9a61-8cc4c3782ff3|rpc:10.1.0.5:41883|dataStream:|priority:0, 3e8281a1-b9ae-49e9-9444-8fa4effc3e34|rpc:10.1.0.5:43207|dataStream:|priority:1], old=null
2022-06-01 03:36:09,757 [529b0fef-71a0-4d37-9a61-8cc4c3782ff3@group-9265F9D8980A-FollowerState] INFO  impl.FollowerState (FollowerState.java:run(152)) - 529b0fef-71a0-4d37-9a61-8cc4c3782ff3@group-9265F9D8980A-FollowerState was interrupted
2022-06-01 03:36:09,810 [grpc-default-executor-0] INFO  server.RaftServer$Division (RaftServerImpl.java:requestVote(1184)) - 529b0fef-71a0-4d37-9a61-8cc4c3782ff3@group-9265F9D8980A replies to ELECTION vote request: 3e8281a1-b9ae-49e9-9444-8fa4effc3e34<-529b0fef-71a0-4d37-9a61-8cc4c3782ff3#0:OK-t1. Peer's state: 529b0fef-71a0-4d37-9a61-8cc4c3782ff3@group-9265F9D8980A:t1, leader=null, voted=3e8281a1-b9ae-49e9-9444-8fa4effc3e34, raftlog=529b0fef-71a0-4d37-9a61-8cc4c3782ff3@group-9265F9D8980A-SegmentedRaftLog:OPENED:c-1, conf=-1: [1f79d333-1db1-49a4-8b1f-86941531a8c6|rpc:10.1.0.5:45599|dataStream:|priority:0, 529b0fef-71a0-4d37-9a61-8cc4c3782ff3|rpc:10.1.0.5:41883|dataStream:|priority:0, 3e8281a1-b9ae-49e9-9444-8fa4effc3e34|rpc:10.1.0.5:43207|dataStream:|priority:1], old=null
2022-06-01 03:36:09,810 [529b0fef-71a0-4d37-9a61-8cc4c3782ff3-server-thread1] INFO  ratis.XceiverServerRatis (XceiverServerRatis.java:handleLeaderChangedNotification(863)) - Leader change notification received for group: group-9265F9D8980A with new leaderId: 3e8281a1-b9ae-49e9-9444-8fa4effc3e34
2022-06-01 03:36:09,810 [529b0fef-71a0-4d37-9a61-8cc4c3782ff3-server-thread1] INFO  server.RaftServer$Division (ServerState.java:setLeader(287)) - 529b0fef-71a0-4d37-9a61-8cc4c3782ff3@group-9265F9D8980A: change Leader from null to 3e8281a1-b9ae-49e9-9444-8fa4effc3e34 at term 1 for appendEntries, leader elected after 5015ms
2022-06-01 03:36:09,816 [Listener at 127.0.0.1/42769] INFO  ozone.MiniOzoneClusterImpl (MiniOzoneClusterImpl.java:lambda$waitForClusterToBeReady$0(221)) - Nodes are ready. Got 3 of 3 DN Heartbeats.
2022-06-01 03:36:09,816 [Listener at 127.0.0.1/42769] INFO  ozone.MiniOzoneClusterImpl (MiniOzoneClusterImpl.java:lambda$waitForClusterToBeReady$0(224)) - Cluster exits safe mode
2022-06-01 03:36:09,816 [Listener at 127.0.0.1/42769] INFO  ozone.MiniOzoneClusterImpl (MiniOzoneClusterImpl.java:lambda$waitForClusterToBeReady$0(226)) - SCM became leader
]]></system-out>
    </rerunFailure>
    <rerunFailure type="java.lang.AssertionError">
      <stackTrace><![CDATA[java.lang.AssertionError
	at org.junit.Assert.fail(Assert.java:87)
	at org.junit.Assert.assertTrue(Assert.java:42)
	at org.junit.Assert.assertTrue(Assert.java:53)
	at org.apache.hadoop.hdds.scm.TestRatisPipelineLeader.testLeaderIdAfterLeaderChange(TestRatisPipelineLeader.java:119)
	at sun.reflect.NativeMethodAccessorImpl.invoke0(Native Method)
	at sun.reflect.NativeMethodAccessorImpl.invoke(NativeMethodAccessorImpl.java:62)
	at sun.reflect.DelegatingMethodAccessorImpl.invoke(DelegatingMethodAccessorImpl.java:43)
	at java.lang.reflect.Method.invoke(Method.java:498)
	at org.junit.platform.commons.util.ReflectionUtils.invokeMethod(ReflectionUtils.java:725)
	at org.junit.jupiter.engine.execution.MethodInvocation.proceed(MethodInvocation.java:60)
	at org.junit.jupiter.engine.execution.InvocationInterceptorChain$ValidatingInvocation.proceed(InvocationInterceptorChain.java:131)
	at org.junit.jupiter.engine.extension.TimeoutInvocation.proceed(TimeoutInvocation.java:46)
	at org.junit.jupiter.engine.extension.TimeoutExtension.intercept(TimeoutExtension.java:149)
	at org.junit.jupiter.engine.extension.TimeoutExtension.interceptTestableMethod(TimeoutExtension.java:140)
	at org.junit.jupiter.engine.extension.TimeoutExtension.interceptTestMethod(TimeoutExtension.java:84)
	at org.junit.jupiter.engine.execution.ExecutableInvoker$ReflectiveInterceptorCall.lambda$ofVoidMethod$0(ExecutableInvoker.java:115)
	at org.junit.jupiter.engine.execution.ExecutableInvoker.lambda$invoke$0(ExecutableInvoker.java:105)
	at org.junit.jupiter.engine.execution.InvocationInterceptorChain$InterceptedInvocation.proceed(InvocationInterceptorChain.java:106)
	at org.junit.jupiter.engine.execution.InvocationInterceptorChain.proceed(InvocationInterceptorChain.java:64)
	at org.junit.jupiter.engine.execution.InvocationInterceptorChain.chainAndInvoke(InvocationInterceptorChain.java:45)
	at org.junit.jupiter.engine.execution.InvocationInterceptorChain.invoke(InvocationInterceptorChain.java:37)
	at org.junit.jupiter.engine.execution.ExecutableInvoker.invoke(ExecutableInvoker.java:104)
	at org.junit.jupiter.engine.execution.ExecutableInvoker.invoke(ExecutableInvoker.java:98)
	at org.junit.jupiter.engine.descriptor.TestMethodTestDescriptor.lambda$invokeTestMethod$7(TestMethodTestDescriptor.java:214)
	at org.junit.platform.engine.support.hierarchical.ThrowableCollector.execute(ThrowableCollector.java:73)
	at org.junit.jupiter.engine.descriptor.TestMethodTestDescriptor.invokeTestMethod(TestMethodTestDescriptor.java:210)
	at org.junit.jupiter.engine.descriptor.TestMethodTestDescriptor.execute(TestMethodTestDescriptor.java:135)
	at org.junit.jupiter.engine.descriptor.TestMethodTestDescriptor.execute(TestMethodTestDescriptor.java:66)
	at org.junit.platform.engine.support.hierarchical.NodeTestTask.lambda$executeRecursively$6(NodeTestTask.java:151)
	at org.junit.platform.engine.support.hierarchical.ThrowableCollector.execute(ThrowableCollector.java:73)
	at org.junit.platform.engine.support.hierarchical.NodeTestTask.lambda$executeRecursively$8(NodeTestTask.java:141)
	at org.junit.platform.engine.support.hierarchical.Node.around(Node.java:137)
	at org.junit.platform.engine.support.hierarchical.NodeTestTask.lambda$executeRecursively$9(NodeTestTask.java:139)
	at org.junit.platform.engine.support.hierarchical.ThrowableCollector.execute(ThrowableCollector.java:73)
	at org.junit.platform.engine.support.hierarchical.NodeTestTask.executeRecursively(NodeTestTask.java:138)
	at org.junit.platform.engine.support.hierarchical.NodeTestTask.execute(NodeTestTask.java:95)
	at java.util.ArrayList.forEach(ArrayList.java:1259)
	at org.junit.platform.engine.support.hierarchical.SameThreadHierarchicalTestExecutorService.invokeAll(SameThreadHierarchicalTestExecutorService.java:41)
	at org.junit.platform.engine.support.hierarchical.NodeTestTask.lambda$executeRecursively$6(NodeTestTask.java:155)
	at org.junit.platform.engine.support.hierarchical.ThrowableCollector.execute(ThrowableCollector.java:73)
	at org.junit.platform.engine.support.hierarchical.NodeTestTask.lambda$executeRecursively$8(NodeTestTask.java:141)
	at org.junit.platform.engine.support.hierarchical.Node.around(Node.java:137)
	at org.junit.platform.engine.support.hierarchical.NodeTestTask.lambda$executeRecursively$9(NodeTestTask.java:139)
	at org.junit.platform.engine.support.hierarchical.ThrowableCollector.execute(ThrowableCollector.java:73)
	at org.junit.platform.engine.support.hierarchical.NodeTestTask.executeRecursively(NodeTestTask.java:138)
	at org.junit.platform.engine.support.hierarchical.NodeTestTask.execute(NodeTestTask.java:95)
	at java.util.ArrayList.forEach(ArrayList.java:1259)
	at org.junit.platform.engine.support.hierarchical.SameThreadHierarchicalTestExecutorService.invokeAll(SameThreadHierarchicalTestExecutorService.java:41)
	at org.junit.platform.engine.support.hierarchical.NodeTestTask.lambda$executeRecursively$6(NodeTestTask.java:155)
	at org.junit.platform.engine.support.hierarchical.ThrowableCollector.execute(ThrowableCollector.java:73)
	at org.junit.platform.engine.support.hierarchical.NodeTestTask.lambda$executeRecursively$8(NodeTestTask.java:141)
	at org.junit.platform.engine.support.hierarchical.Node.around(Node.java:137)
	at org.junit.platform.engine.support.hierarchical.NodeTestTask.lambda$executeRecursively$9(NodeTestTask.java:139)
	at org.junit.platform.engine.support.hierarchical.ThrowableCollector.execute(ThrowableCollector.java:73)
	at org.junit.platform.engine.support.hierarchical.NodeTestTask.executeRecursively(NodeTestTask.java:138)
	at org.junit.platform.engine.support.hierarchical.NodeTestTask.execute(NodeTestTask.java:95)
	at org.junit.platform.engine.support.hierarchical.SameThreadHierarchicalTestExecutorService.submit(SameThreadHierarchicalTestExecutorService.java:35)
	at org.junit.platform.engine.support.hierarchical.HierarchicalTestExecutor.execute(HierarchicalTestExecutor.java:57)
	at org.junit.platform.engine.support.hierarchical.HierarchicalTestEngine.execute(HierarchicalTestEngine.java:54)
	at org.junit.platform.launcher.core.EngineExecutionOrchestrator.execute(EngineExecutionOrchestrator.java:107)
	at org.junit.platform.launcher.core.EngineExecutionOrchestrator.execute(EngineExecutionOrchestrator.java:88)
	at org.junit.platform.launcher.core.EngineExecutionOrchestrator.lambda$execute$0(EngineExecutionOrchestrator.java:54)
	at org.junit.platform.launcher.core.EngineExecutionOrchestrator.withInterceptedStreams(EngineExecutionOrchestrator.java:67)
	at org.junit.platform.launcher.core.EngineExecutionOrchestrator.execute(EngineExecutionOrchestrator.java:52)
	at org.junit.platform.launcher.core.DefaultLauncher.execute(DefaultLauncher.java:114)
	at org.junit.platform.launcher.core.DefaultLauncher.execute(DefaultLauncher.java:86)
	at org.junit.platform.launcher.core.DefaultLauncherSession$DelegatingLauncher.execute(DefaultLauncherSession.java:86)
	at org.junit.platform.launcher.core.SessionPerRequestLauncher.execute(SessionPerRequestLauncher.java:53)
	at org.apache.maven.surefire.junitplatform.JUnitPlatformProvider.invokeAllTests(JUnitPlatformProvider.java:165)
	at org.apache.maven.surefire.junitplatform.JUnitPlatformProvider.invoke(JUnitPlatformProvider.java:124)
	at org.apache.maven.surefire.booter.ForkedBooter.runSuitesInProcess(ForkedBooter.java:428)
	at org.apache.maven.surefire.booter.ForkedBooter.execute(ForkedBooter.java:162)
	at org.apache.maven.surefire.booter.ForkedBooter.run(ForkedBooter.java:562)
	at org.apache.maven.surefire.booter.ForkedBooter.main(ForkedBooter.java:548)
]]></stackTrace>
      <system-out><![CDATA[2022-06-01 03:36:30,844 [Listener at 127.0.0.1/42769] WARN  server.ServerUtils (ServerUtils.java:getScmDbDir(148)) - ozone.scm.db.dirs is not configured. We recommend adding this setting. Falling back to ozone.metadata.dirs instead.
2022-06-01 03:36:30,852 [Listener at 127.0.0.1/42769] INFO  ha.SCMHANodeDetails (SCMHANodeDetails.java:loadSCMHAConfig(160)) - ServiceID for StorageContainerManager is null
2022-06-01 03:36:30,852 [Listener at 127.0.0.1/42769] INFO  ha.SCMHANodeDetails (SCMHANodeDetails.java:loadSCMHAConfig(165)) - ozone.scm.default.service.id is not defined, falling back to ozone.scm.service.ids to find serviceID for StorageContainerManager if it is HA enabled cluster
2022-06-01 03:36:30,852 [Listener at 127.0.0.1/42769] WARN  server.ServerUtils (ServerUtils.java:getScmDbDir(148)) - ozone.scm.db.dirs is not configured. We recommend adding this setting. Falling back to ozone.metadata.dirs instead.
2022-06-01 03:36:30,853 [Listener at 127.0.0.1/42769] INFO  upgrade.AbstractLayoutVersionManager (AbstractLayoutVersionManager.java:init(79)) - Initializing Layout version manager with metadata layout = ERASURE_CODED_STORAGE_SUPPORT (version = 3), software layout = ERASURE_CODED_STORAGE_SUPPORT (version = 3)
2022-06-01 03:36:30,978 [Listener at 127.0.0.1/42769] INFO  reflections.Reflections (Reflections.java:scan(232)) - Reflections took 124 ms to scan 7 urls, producing 127 keys and 292 values 
2022-06-01 03:36:30,979 [Listener at 127.0.0.1/42769] WARN  utils.HAUtils (HAUtils.java:getMetaDir(342)) - ozone.scm.db.dirs is not configured. We recommend adding this setting. Falling back to ozone.metadata.dirs instead.
2022-06-01 03:36:31,019 [Listener at 127.0.0.1/42769] WARN  db.DBStoreBuilder (DBStoreBuilder.java:applyDBDefinition(145)) - ozone.scm.db.dirs is not configured. We recommend adding this setting. Falling back to ozone.metadata.dirs instead.
2022-06-01 03:36:31,350 [Listener at 127.0.0.1/42769] INFO  net.NodeSchemaLoader (NodeSchemaLoader.java:loadSchemaFromFile(129)) - Loading schema from [jar:file:/home/runner/.m2/repository/org/apache/ozone/hdds-common/1.3.0-SNAPSHOT/hdds-common-1.3.0-SNAPSHOT.jar!/network-topology-default.xml]
2022-06-01 03:36:31,351 [Listener at 127.0.0.1/42769] INFO  net.NodeSchemaLoader (NodeSchemaLoader.java:loadSchema(176)) - Loading network topology layer schema file
2022-06-01 03:36:31,356 [Listener at 127.0.0.1/42769] INFO  ha.SequenceIdGenerator (SequenceIdGenerator.java:upgradeToSequenceId(347)) - upgrade localId to 109611004723200000
2022-06-01 03:36:31,356 [Listener at 127.0.0.1/42769] INFO  ha.SequenceIdGenerator (SequenceIdGenerator.java:upgradeToSequenceId(357)) - upgrade delTxnId to 0
2022-06-01 03:36:31,356 [Listener at 127.0.0.1/42769] INFO  ha.SequenceIdGenerator (SequenceIdGenerator.java:upgradeToSequenceId(374)) - upgrade containerId to 0
2022-06-01 03:36:31,357 [Listener at 127.0.0.1/42769] INFO  ha.SequenceIdGenerator (SequenceIdGenerator.java:<init>(218)) - Init the HA SequenceIdGenerator.
2022-06-01 03:36:31,357 [Listener at 127.0.0.1/42769] WARN  server.ServerUtils (ServerUtils.java:sanitizeUserArgs(73)) - ozone.scm.stale.node.interval value = 300000 is larger than max = 100000 based on the key value of ozone.scm.heartbeat.thread.interval, reset to the max value 100000.
2022-06-01 03:36:31,357 [Listener at 127.0.0.1/42769] WARN  server.ServerUtils (ServerUtils.java:sanitizeUserArgs(73)) - ozone.scm.stale.node.interval value = 300000 is larger than max = 100000 based on the key value of ozone.scm.heartbeat.thread.interval, reset to the max value 100000.
2022-06-01 03:36:31,364 [Listener at 127.0.0.1/42769] INFO  node.SCMNodeManager (SCMNodeManager.java:<init>(148)) - Entering startup safe mode.
2022-06-01 03:36:31,365 [Listener at 127.0.0.1/42769] INFO  algorithms.ContainerPlacementPolicyFactory (ContainerPlacementPolicyFactory.java:getPolicyInternal(86)) - Create container placement policy of type org.apache.hadoop.hdds.scm.container.placement.algorithms.SCMContainerPlacementRandom
2022-06-01 03:36:31,365 [Listener at 127.0.0.1/42769] INFO  pipeline.PipelineStateManagerImpl (PipelineStateManagerImpl.java:initialize(78)) - No pipeline exists in current db
2022-06-01 03:36:31,366 [Listener at 127.0.0.1/42769] INFO  algorithms.LeaderChoosePolicyFactory (LeaderChoosePolicyFactory.java:getPolicy(57)) - Create leader choose policy of type org.apache.hadoop.hdds.scm.pipeline.leader.choose.algorithms.MinLeaderCountChoosePolicy
2022-06-01 03:36:31,366 [Listener at 127.0.0.1/42769] INFO  algorithms.ContainerPlacementPolicyFactory (ContainerPlacementPolicyFactory.java:getPolicyInternal(86)) - Create container placement policy of type org.apache.hadoop.hdds.scm.container.placement.algorithms.SCMContainerPlacementRackScatter
2022-06-01 03:36:31,366 [Listener at 127.0.0.1/42769] INFO  pipeline.BackgroundPipelineCreator (BackgroundPipelineCreator.java:start(125)) - Starting RatisPipelineUtilsThread.
2022-06-01 03:36:31,367 [Listener at 127.0.0.1/42769] INFO  BackgroundPipelineScrubber (BackgroundSCMService.java:start(68)) - Starting BackgroundPipelineScrubber Service.
2022-06-01 03:36:31,367 [Listener at 127.0.0.1/42769] INFO  ha.SCMServiceManager (SCMServiceManager.java:register(42)) - Registering service BackgroundPipelineCreator.
2022-06-01 03:36:31,367 [Listener at 127.0.0.1/42769] INFO  ha.SCMServiceManager (SCMServiceManager.java:register(42)) - Registering service BackgroundPipelineScrubber.
2022-06-01 03:36:31,367 [Listener at 127.0.0.1/42769] INFO  ExpiredContainerReplicaOpScrubber (BackgroundSCMService.java:start(68)) - Starting ExpiredContainerReplicaOpScrubber Service.
2022-06-01 03:36:31,367 [Listener at 127.0.0.1/42769] INFO  ha.SCMServiceManager (SCMServiceManager.java:register(42)) - Registering service ExpiredContainerReplicaOpScrubber.
2022-06-01 03:36:31,368 [Listener at 127.0.0.1/42769] INFO  algorithms.PipelineChoosePolicyFactory (PipelineChoosePolicyFactory.java:createPipelineChoosePolicyFromClass(73)) - Create pipeline choose policy of type org.apache.hadoop.hdds.scm.pipeline.choose.algorithms.RandomPipelineChoosePolicy
2022-06-01 03:36:31,368 [Listener at 127.0.0.1/42769] INFO  ha.SCMServiceManager (SCMServiceManager.java:register(42)) - Registering service SCMBlockDeletingService.
2022-06-01 03:36:31,369 [Listener at 127.0.0.1/42769] INFO  ha.SCMServiceManager (SCMServiceManager.java:register(42)) - Registering service ReplicationManager.
2022-06-01 03:36:31,369 [Listener at 127.0.0.1/42769] INFO  replication.ReplicationManager (ReplicationManager.java:start(179)) - Starting Replication Monitor Thread.
2022-06-01 03:36:31,391 [Listener at 127.0.0.1/42769] INFO  safemode.ContainerSafeModeRule (ContainerSafeModeRule.java:<init>(89)) - containers with one replica threshold count 0
2022-06-01 03:36:31,391 [Listener at 127.0.0.1/42769] INFO  safemode.HealthyPipelineSafeModeRule (HealthyPipelineSafeModeRule.java:initializeRule(156)) - Total pipeline count is 0, healthy pipeline threshold count is 1
2022-06-01 03:36:31,392 [Listener at 127.0.0.1/42769] INFO  safemode.OneReplicaPipelineSafeModeRule (OneReplicaPipelineSafeModeRule.java:initializeRule(180)) - Total pipeline count is 0, pipeline's with at least one datanode reported threshold count is 0
2022-06-01 03:36:31,406 [Listener at 127.0.0.1/42769] INFO  ipc.CallQueueManager (CallQueueManager.java:<init>(90)) - Using callQueue: class java.util.concurrent.LinkedBlockingQueue, queueCapacity: 2000, scheduler: class org.apache.hadoop.ipc.DefaultRpcScheduler, ipcBackoff: false.
2022-06-01 03:36:31,408 [Socket Reader #1 for port 0] INFO  ipc.Server (Server.java:run(1265)) - Starting Socket Reader #1 for port 0
2022-06-01 03:36:31,411 [Listener at 0.0.0.0/33657] INFO  ipc.CallQueueManager (CallQueueManager.java:<init>(90)) - Using callQueue: class java.util.concurrent.LinkedBlockingQueue, queueCapacity: 2000, scheduler: class org.apache.hadoop.ipc.DefaultRpcScheduler, ipcBackoff: false.
2022-06-01 03:36:31,412 [Socket Reader #1 for port 0] INFO  ipc.Server (Server.java:run(1265)) - Starting Socket Reader #1 for port 0
2022-06-01 03:36:31,412 [Listener at 0.0.0.0/44313] INFO  ipc.CallQueueManager (CallQueueManager.java:<init>(90)) - Using callQueue: class java.util.concurrent.LinkedBlockingQueue, queueCapacity: 2000, scheduler: class org.apache.hadoop.ipc.DefaultRpcScheduler, ipcBackoff: false.
2022-06-01 03:36:31,413 [Socket Reader #1 for port 0] INFO  ipc.Server (Server.java:run(1265)) - Starting Socket Reader #1 for port 0
2022-06-01 03:36:31,416 [ReplicationMonitor] INFO  replication.ReplicationManager (ReplicationManager.java:processAll(228)) - Replication Manager is not ready to run until 3000ms after safemode exit
2022-06-01 03:36:31,451 [Listener at 0.0.0.0/41981] INFO  server.StorageContainerManager (StorageContainerManager.java:<init>(400)) - 
Container Balancer status:
Key                            Value
Running                        false
Container Balancer Configuration values:
Key                                                Value
Threshold                                          10
Max Datanodes to Involve per Iteration(percent)    20
Max Size to Move per Iteration                     500GB
Max Size Entering Target per Iteration             26GB
Max Size Leaving Source per Iteration              26GB

2022-06-01 03:36:31,471 [Listener at 0.0.0.0/41981] WARN  events.EventQueue (EventQueue.java:fireEvent(194)) - No event handler registered for event TypedEvent{payloadType=SafeModeStatus, name='Safe mode status'}
2022-06-01 03:36:31,471 [Listener at 0.0.0.0/41981] INFO  ha.SCMContext (SCMContext.java:updateSafeModeStatus(211)) - Update SafeModeStatus from SafeModeStatus{safeModeStatus=true, preCheckPassed=false} to SafeModeStatus{safeModeStatus=true, preCheckPassed=false}.
2022-06-01 03:36:31,471 [Listener at 0.0.0.0/41981] INFO  server.StorageContainerManager (StorageContainerManager.java:start(1385)) - StorageContainerLocationProtocol RPC server is listening at /0.0.0.0:41981
2022-06-01 03:36:31,473 [Listener at 0.0.0.0/41981] WARN  impl.MetricsConfig (MetricsConfig.java:loadFirst(136)) - Cannot locate configuration: tried hadoop-metrics2-storagecontainermanager.properties,hadoop-metrics2.properties
2022-06-01 03:36:31,494 [Listener at 0.0.0.0/41981] INFO  impl.MetricsSystemImpl (MetricsSystemImpl.java:startTimer(378)) - Scheduled Metric snapshot period at 10 second(s).
2022-06-01 03:36:31,494 [Listener at 0.0.0.0/41981] INFO  impl.MetricsSystemImpl (MetricsSystemImpl.java:start(191)) - StorageContainerManager metrics system started
2022-06-01 03:36:31,575 [Listener at 0.0.0.0/41981] INFO  impl.MetricsSinkAdapter (MetricsSinkAdapter.java:start(204)) - Sink prometheus started
2022-06-01 03:36:31,576 [Listener at 0.0.0.0/41981] INFO  impl.MetricsSystemImpl (MetricsSystemImpl.java:registerSink(305)) - Registered sink prometheus
2022-06-01 03:36:31,617 [Listener at 0.0.0.0/41981] INFO  server.SCMClientProtocolServer (SCMClientProtocolServer.java:start(169)) - RPC server for Client  is listening at /0.0.0.0:41981
2022-06-01 03:36:31,617 [IPC Server Responder] INFO  ipc.Server (Server.java:run(1507)) - IPC Server Responder: starting
2022-06-01 03:36:31,679 [Listener at 0.0.0.0/41981] INFO  server.StorageContainerManager (StorageContainerManager.java:start(1400)) - ScmBlockLocationProtocol RPC server is listening at /0.0.0.0:44313
2022-06-01 03:36:31,679 [Listener at 0.0.0.0/41981] INFO  server.SCMBlockProtocolServer (SCMBlockProtocolServer.java:start(151)) - RPC server for Block Protocol is listening at /0.0.0.0:44313
2022-06-01 03:36:31,679 [IPC Server Responder] INFO  ipc.Server (Server.java:run(1507)) - IPC Server Responder: starting
2022-06-01 03:36:31,698 [Listener at 0.0.0.0/41981] INFO  server.SCMDatanodeProtocolServer (SCMDatanodeProtocolServer.java:start(183)) - ScmDatanodeProtocol RPC server for DataNodes is listening at /0.0.0.0:33657
2022-06-01 03:36:31,699 [IPC Server Responder] INFO  ipc.Server (Server.java:run(1507)) - IPC Server Responder: starting
2022-06-01 03:36:31,699 [IPC Server listener on 0] INFO  ipc.Server (Server.java:run(1344)) - IPC Server listener on 0: starting
2022-06-01 03:36:31,701 [IPC Server listener on 0] INFO  ipc.Server (Server.java:run(1344)) - IPC Server listener on 0: starting
2022-06-01 03:36:31,708 [IPC Server listener on 0] INFO  ipc.Server (Server.java:run(1344)) - IPC Server listener on 0: starting
2022-06-01 03:36:31,736 [Listener at 0.0.0.0/41981] INFO  http.BaseHttpServer (BaseHttpServer.java:newHttpServer2BuilderForOzone(209)) - Starting Web-server for scm at: http://0.0.0.0:0
2022-06-01 03:36:31,736 [Listener at 0.0.0.0/41981] INFO  http.BaseHttpServer (BaseHttpServer.java:<init>(107)) - Hadoop Security Enabled: false Ozone Security Enabled: false Ozone HTTP Security Enabled: false 
2022-06-01 03:36:31,741 [Listener at 0.0.0.0/41981] INFO  server.AuthenticationFilter (AuthenticationFilter.java:constructSecretProvider(240)) - Unable to initialize FileSignerSecretProvider, falling back to use random secrets.
2022-06-01 03:36:31,742 [Listener at 0.0.0.0/41981] WARN  http.HttpRequestLog (HttpRequestLog.java:getRequestLog(103)) - Jetty request log can only be enabled using Log4j
2022-06-01 03:36:31,742 [Listener at 0.0.0.0/41981] INFO  http.HttpServer2 (HttpServer2.java:addGlobalFilter(1030)) - Added global filter 'safety' (class=org.apache.hadoop.hdds.server.http.HttpServer2$QuotingInputFilter)
2022-06-01 03:36:31,743 [Listener at 0.0.0.0/41981] INFO  http.HttpServer2 (HttpServer2.java:addFilter(1006)) - Added filter static_user_filter (class=org.apache.hadoop.http.lib.StaticUserWebFilter$StaticUserFilter) to context scm
2022-06-01 03:36:31,743 [Listener at 0.0.0.0/41981] INFO  http.HttpServer2 (HttpServer2.java:addFilter(1014)) - Added filter static_user_filter (class=org.apache.hadoop.http.lib.StaticUserWebFilter$StaticUserFilter) to context logs
2022-06-01 03:36:31,743 [Listener at 0.0.0.0/41981] INFO  http.HttpServer2 (HttpServer2.java:addFilter(1014)) - Added filter static_user_filter (class=org.apache.hadoop.http.lib.StaticUserWebFilter$StaticUserFilter) to context static
2022-06-01 03:36:31,744 [Listener at 0.0.0.0/41981] INFO  http.HttpServer2 (HttpServer2.java:bindListener(1249)) - Jetty bound to port 33365
2022-06-01 03:36:31,744 [Listener at 0.0.0.0/41981] INFO  server.Server (Server.java:doStart(375)) - jetty-9.4.43.v20210629; built: 2021-06-30T11:07:22.254Z; git: 526006ecfa3af7f1a27ef3a288e2bef7ea9dd7e8; jvm 1.8.0_332-b09
2022-06-01 03:36:31,746 [Listener at 0.0.0.0/41981] INFO  server.session (DefaultSessionIdManager.java:doStart(334)) - DefaultSessionIdManager workerName=node0
2022-06-01 03:36:31,746 [Listener at 0.0.0.0/41981] INFO  server.session (DefaultSessionIdManager.java:doStart(339)) - No SessionScavenger set, using defaults
2022-06-01 03:36:31,756 [Listener at 0.0.0.0/41981] INFO  server.session (HouseKeeper.java:startScavenging(132)) - node0 Scavenging every 660000ms
2022-06-01 03:36:31,768 [Listener at 0.0.0.0/41981] INFO  handler.ContextHandler (ContextHandler.java:doStart(915)) - Started o.e.j.s.ServletContextHandler@5781d401{logs,/logs,file:///home/runner/work/ozone/ozone/hadoop-ozone/integration-test/target/log,AVAILABLE}
2022-06-01 03:36:31,768 [Listener at 0.0.0.0/41981] INFO  handler.ContextHandler (ContextHandler.java:doStart(915)) - Started o.e.j.s.ServletContextHandler@2c58a2ce{static,/static,file:///home/runner/work/ozone/ozone/hadoop-ozone/integration-test/target/test-classes/webapps/static,AVAILABLE}
2022-06-01 03:36:31,771 [Listener at 0.0.0.0/41981] INFO  handler.ContextHandler (ContextHandler.java:doStart(915)) - Started o.e.j.w.WebAppContext@1783fe7e{scm,/,file:///home/runner/work/ozone/ozone/hadoop-ozone/integration-test/target/test-classes/webapps/scm/,AVAILABLE}{file:/home/runner/work/ozone/ozone/hadoop-ozone/integration-test/target/test-classes/webapps/scm}
2022-06-01 03:36:31,784 [org.apache.hadoop.util.JvmPauseMonitor$Monitor@71ff6f39] INFO  util.JvmPauseMonitor (JvmPauseMonitor.java:run(188)) - Starting JVM pause monitor
2022-06-01 03:36:31,804 [Listener at 0.0.0.0/41981] INFO  server.AbstractConnector (AbstractConnector.java:doStart(331)) - Started ServerConnector@43a60f78{HTTP/1.1, (http/1.1)}{0.0.0.0:33365}
2022-06-01 03:36:31,805 [Listener at 0.0.0.0/41981] INFO  server.Server (Server.java:doStart(415)) - Started @154939ms
2022-06-01 03:36:31,805 [Listener at 0.0.0.0/41981] WARN  impl.MetricsSystemImpl (MetricsSystemImpl.java:register(279)) - Sink prometheus already exists!
2022-06-01 03:36:31,808 [Listener at 0.0.0.0/41981] INFO  http.BaseHttpServer (BaseHttpServer.java:updateConnectorAddress(329)) - HTTP server of scm listening at http://0.0.0.0:33365
2022-06-01 03:36:31,808 [Listener at 0.0.0.0/41981] WARN  server.ServerUtils (ServerUtils.java:getDBPath(225)) - ozone.om.db.dirs is not configured. We recommend adding this setting. Falling back to ozone.metadata.dirs instead.
2022-06-01 03:36:31,809 [Listener at 0.0.0.0/41981] INFO  ha.OMHANodeDetails (OMHANodeDetails.java:loadOMHAConfig(115)) - ozone.om.internal.service.id is not defined, falling back to ozone.om.service.ids to find serviceID for OzoneManager if it is HA enabled cluster
2022-06-01 03:36:31,809 [Listener at 0.0.0.0/41981] INFO  ha.OMHANodeDetails (OMHANodeDetails.java:loadOMHAConfig(226)) - Configuration does not have ozone.om.address set. Falling back to the default OM address /127.0.0.1:0
2022-06-01 03:36:31,809 [Listener at 0.0.0.0/41981] INFO  ha.OMHANodeDetails (OMHANodeDetails.java:getOMNodeDetailsForNonHA(254)) - OM Service ID is not set. Setting it to the default ID: omServiceIdDefault
2022-06-01 03:36:31,809 [Listener at 0.0.0.0/41981] INFO  ha.OMHANodeDetails (OMHANodeDetails.java:getOMNodeDetailsForNonHA(261)) - OM Node ID is not set. Setting it to the default ID: om1
2022-06-01 03:36:31,810 [Listener at 0.0.0.0/41981] WARN  server.ServerUtils (ServerUtils.java:getDBPath(225)) - ozone.om.db.dirs is not configured. We recommend adding this setting. Falling back to ozone.metadata.dirs instead.
2022-06-01 03:36:31,810 [Listener at 0.0.0.0/41981] INFO  upgrade.AbstractLayoutVersionManager (AbstractLayoutVersionManager.java:init(79)) - Initializing Layout version manager with metadata layout = MULTITENANCY_SCHEMA (version = 3), software layout = MULTITENANCY_SCHEMA (version = 3)
2022-06-01 03:36:32,018 [Listener at 0.0.0.0/41981] INFO  reflections.Reflections (Reflections.java:scan(232)) - Reflections took 207 ms to scan 2 urls, producing 153 keys and 431 values [using 2 cores]
2022-06-01 03:36:32,019 [Listener at 0.0.0.0/41981] INFO  upgrade.OMLayoutVersionManager (OMLayoutVersionManager.java:lambda$0(115)) - Skipping Upgrade Action MockOmUpgradeAction since it has been finalized.
2022-06-01 03:36:32,019 [Listener at 0.0.0.0/41981] WARN  server.ServerUtils (ServerUtils.java:getDBPath(225)) - ozone.om.db.dirs is not configured. We recommend adding this setting. Falling back to ozone.metadata.dirs instead.
2022-06-01 03:36:32,020 [Listener at 0.0.0.0/41981] INFO  proxy.SCMBlockLocationFailoverProxyProvider (SCMBlockLocationFailoverProxyProvider.java:<init>(114)) - Created block location fail-over proxy with 1 nodes: [nodeId=scmNodeId,nodeAddress=/0.0.0.0:44313]
2022-06-01 03:36:32,021 [Listener at 0.0.0.0/41981] INFO  proxy.SCMBlockLocationFailoverProxyProvider (SCMBlockLocationFailoverProxyProvider.java:<init>(114)) - Created block location fail-over proxy with 1 nodes: [nodeId=scmNodeId,nodeAddress=/0.0.0.0:44313]
2022-06-01 03:36:32,108 [Listener at 0.0.0.0/41981] WARN  server.ServerUtils (ServerUtils.java:getDBPath(225)) - ozone.om.db.dirs is not configured. We recommend adding this setting. Falling back to ozone.metadata.dirs instead.
2022-06-01 03:36:32,109 [Listener at 0.0.0.0/41981] INFO  codec.OmKeyInfoCodec (OmKeyInfoCodec.java:<init>(49)) - OmKeyInfoCodec ignorePipeline = true
2022-06-01 03:36:32,109 [Listener at 0.0.0.0/41981] INFO  codec.RepeatedOmKeyInfoCodec (RepeatedOmKeyInfoCodec.java:<init>(41)) - RepeatedOmKeyInfoCodec ignorePipeline = true
2022-06-01 03:36:32,702 [Listener at 0.0.0.0/41981] INFO  om.OzoneManager (OzoneManager.java:instantiateServices(688)) - S3 Multi-Tenancy is disabled
2022-06-01 03:36:32,705 [Listener at 0.0.0.0/41981] INFO  om.OzoneManager (OzoneManager.java:addS3GVolumeToDB(4204)) - Created Volume s3v With Owner runner required for S3Gateway operations.
2022-06-01 03:36:32,705 [Listener at 0.0.0.0/41981] WARN  server.ServerUtils (ServerUtils.java:getDefaultRatisDirectory(237)) - Storage directory for Ratis is not configured. It is a good idea to map this to an SSD disk. Falling back to ozone.metadata.dirs
2022-06-01 03:36:32,705 [Listener at 0.0.0.0/41981] WARN  utils.OzoneManagerRatisUtils (OzoneManagerRatisUtils.java:getOMRatisSnapshotDirectory(425)) - ozone.om.ratis.snapshot.dir is not configured. Falling back to ozone.metadata.dirs config
2022-06-01 03:36:32,705 [Listener at 0.0.0.0/41981] WARN  server.ServerUtils (ServerUtils.java:getDefaultRatisDirectory(237)) - Storage directory for Ratis is not configured. It is a good idea to map this to an SSD disk. Falling back to ozone.metadata.dirs
2022-06-01 03:36:32,715 [Listener at 0.0.0.0/41981] INFO  ratis.OzoneManagerRatisServer (OzoneManagerRatisServer.java:<init>(159)) - Instantiating OM Ratis server with groupID: omServiceIdDefault and peers: localhost:9872
2022-06-01 03:36:32,715 [Listener at 0.0.0.0/41981] INFO  ratis.OzoneManagerStateMachine (OzoneManagerStateMachine.java:loadSnapshotInfoFromDB(627)) - LastAppliedIndex is set from TransactionInfo from OM DB as (t:0, i:~)
2022-06-01 03:36:32,715 [Listener at 0.0.0.0/41981] INFO  server.RaftServer (ConfUtils.java:logGet(46)) - raft.rpc.type = GRPC (default)
2022-06-01 03:36:32,715 [Listener at 0.0.0.0/41981] INFO  grpc.GrpcFactory (GrpcFactory.java:checkPooledByteBufAllocatorUseCacheForAllThreads(48)) - PERFORMANCE WARNING: useCacheForAllThreads is true that may cause Netty to create a lot garbage objects and, as a result, trigger GC.
	It is recommended to disable useCacheForAllThreads by setting -Dorg.apache.ratis.thirdparty.io.netty.allocator.useCacheForAllThreads=false in command line.
2022-06-01 03:36:32,716 [Listener at 0.0.0.0/41981] INFO  grpc.GrpcConfigKeys (ConfUtils.java:logGet(46)) - raft.grpc.admin.port = -1 (default)
2022-06-01 03:36:32,716 [Listener at 0.0.0.0/41981] INFO  grpc.GrpcConfigKeys (ConfUtils.java:logGet(46)) - raft.grpc.server.port = 9872 (custom)
2022-06-01 03:36:32,716 [Listener at 0.0.0.0/41981] INFO  grpc.GrpcConfigKeys (ConfUtils.java:logGet(46)) - raft.grpc.client.port = -1 (default)
2022-06-01 03:36:32,716 [Listener at 0.0.0.0/41981] INFO  grpc.GrpcConfigKeys (ConfUtils.java:logGet(46)) - raft.grpc.server.port = 9872 (custom)
2022-06-01 03:36:32,716 [Listener at 0.0.0.0/41981] INFO  grpc.GrpcConfigKeys (ConfUtils.java:logGet(46)) - raft.grpc.server.port = 9872 (custom)
2022-06-01 03:36:32,716 [Listener at 0.0.0.0/41981] INFO  server.GrpcService (ConfUtils.java:logGet(46)) - raft.grpc.message.size.max = 33554432 (custom)
2022-06-01 03:36:32,716 [Listener at 0.0.0.0/41981] INFO  server.RaftServerConfigKeys (ConfUtils.java:logGet(46)) - raft.server.log.appender.buffer.byte-limit = 33554432 (custom)
2022-06-01 03:36:32,716 [Listener at 0.0.0.0/41981] INFO  server.GrpcService (ConfUtils.java:logGet(46)) - raft.grpc.flow.control.window = 1MB (=1048576) (default)
2022-06-01 03:36:32,716 [Listener at 0.0.0.0/41981] INFO  server.RaftServerConfigKeys (ConfUtils.java:logGet(46)) - raft.server.rpc.request.timeout = 3000ms (default)
2022-06-01 03:36:32,716 [Listener at 0.0.0.0/41981] INFO  grpc.GrpcConfigKeys (ConfUtils.java:logGet(46)) - raft.grpc.server.async.request.thread.pool.cached = true (default)
2022-06-01 03:36:32,717 [Listener at 0.0.0.0/41981] INFO  grpc.GrpcConfigKeys (ConfUtils.java:logGet(46)) - raft.grpc.server.async.request.thread.pool.size = 32 (default)
2022-06-01 03:36:32,718 [Listener at 0.0.0.0/41981] INFO  impl.DataStreamServerImpl (ConfUtils.java:logGet(46)) - raft.datastream.type = DISABLED (default)
2022-06-01 03:36:32,718 [Listener at 0.0.0.0/41981] INFO  server.RaftServerConfigKeys (ConfUtils.java:logGet(46)) - raft.server.threadpool.proxy.cached = true (default)
2022-06-01 03:36:32,718 [Listener at 0.0.0.0/41981] INFO  server.RaftServerConfigKeys (ConfUtils.java:logGet(46)) - raft.server.threadpool.proxy.size = 0 (default)
2022-06-01 03:36:32,719 [Listener at 0.0.0.0/41981] INFO  server.RaftServerConfigKeys (ConfUtils.java:logGet(46)) - raft.server.rpc.slowness.timeout = 120s (custom)
2022-06-01 03:36:32,719 [Listener at 0.0.0.0/41981] INFO  server.RaftServerConfigKeys (ConfUtils.java:logGet(46)) - raft.server.leaderelection.leader.step-down.wait-time = 10s (default)
2022-06-01 03:36:32,719 [Listener at 0.0.0.0/41981] INFO  server.RaftServerConfigKeys (ConfUtils.java:logGet(46)) - raft.server.storage.dir = [/home/runner/work/ozone/ozone/hadoop-ozone/integration-test/target/test-dir/MiniOzoneClusterImpl-f48b6726-dd30-40f9-bb46-d41d0091544d/ozone-meta/ratis] (custom)
2022-06-01 03:36:32,720 [Listener at 0.0.0.0/41981] INFO  server.RaftServer (RaftServerProxy.java:addNew(96)) - om1: addNew group-C5BA1605619E:[om1|rpc:localhost:9872|priority:0] returns group-C5BA1605619E:java.util.concurrent.CompletableFuture@123ea859[Not completed]
2022-06-01 03:36:32,720 [Listener at 0.0.0.0/41981] INFO  om.OzoneManager (OzoneManager.java:initializeRatisServer(1956)) - OzoneManager Ratis server initialized at port 9872
2022-06-01 03:36:32,721 [Listener at 0.0.0.0/41981] INFO  om.OzoneManager (OzoneManager.java:getRpcServer(1076)) - Creating RPC Server
2022-06-01 03:36:32,736 [pool-576-thread-1] INFO  server.RaftServer$Division (RaftServerImpl.java:<init>(190)) - om1: new RaftServerImpl for group-C5BA1605619E:[om1|rpc:localhost:9872|priority:0] with OzoneManagerStateMachine:uninitialized
2022-06-01 03:36:32,736 [pool-576-thread-1] INFO  server.RaftServerConfigKeys (ConfUtils.java:logGet(46)) - raft.server.rpc.timeout.min = 1s (custom)
2022-06-01 03:36:32,736 [pool-576-thread-1] INFO  server.RaftServerConfigKeys (ConfUtils.java:logGet(46)) - raft.server.rpc.timeout.max = 1200ms (custom)
2022-06-01 03:36:32,736 [pool-576-thread-1] INFO  server.RaftServerConfigKeys (ConfUtils.java:logGet(46)) - raft.server.rpc.sleep.time = 25ms (default)
2022-06-01 03:36:32,736 [pool-576-thread-1] INFO  server.RaftServerConfigKeys (ConfUtils.java:logGet(46)) - raft.server.rpc.slowness.timeout = 120s (custom)
2022-06-01 03:36:32,736 [pool-576-thread-1] INFO  server.RaftServerConfigKeys (ConfUtils.java:logGet(46)) - raft.server.leaderelection.leader.step-down.wait-time = 10s (default)
2022-06-01 03:36:32,736 [pool-576-thread-1] INFO  server.RaftServerConfigKeys (ConfUtils.java:logGet(46)) - raft.server.sleep.deviation.threshold = 300ms (default)
2022-06-01 03:36:32,736 [pool-576-thread-1] INFO  server.RaftServer$Division (ServerState.java:<init>(107)) - om1@group-C5BA1605619E: ConfigurationManager, init=-1: [om1|rpc:localhost:9872|priority:0], old=null, confs=<EMPTY_MAP>
2022-06-01 03:36:32,736 [pool-576-thread-1] INFO  server.RaftServerConfigKeys (ConfUtils.java:logGet(46)) - raft.server.storage.dir = [/home/runner/work/ozone/ozone/hadoop-ozone/integration-test/target/test-dir/MiniOzoneClusterImpl-f48b6726-dd30-40f9-bb46-d41d0091544d/ozone-meta/ratis] (custom)
2022-06-01 03:36:32,736 [pool-576-thread-1] INFO  server.RaftServerConfigKeys (ConfUtils.java:logGet(46)) - raft.server.log.corruption.policy = EXCEPTION (default)
2022-06-01 03:36:32,736 [pool-576-thread-1] INFO  server.RaftServerConfigKeys (ConfUtils.java:logGet(46)) - raft.server.storage.free-space.min = 0MB (=0) (default)
2022-06-01 03:36:32,737 [pool-576-thread-1] INFO  storage.RaftStorageDirectory (RaftStorageDirectoryImpl.java:analyzeStorage(135)) - The storage directory /home/runner/work/ozone/ozone/hadoop-ozone/integration-test/target/test-dir/MiniOzoneClusterImpl-f48b6726-dd30-40f9-bb46-d41d0091544d/ozone-meta/ratis/bf265839-605b-3f16-9796-c5ba1605619e does not exist. Creating ...
2022-06-01 03:36:32,744 [pool-576-thread-1] INFO  storage.RaftStorageDirectory (RaftStorageDirectoryImpl.java:tryLock(230)) - Lock on /home/runner/work/ozone/ozone/hadoop-ozone/integration-test/target/test-dir/MiniOzoneClusterImpl-f48b6726-dd30-40f9-bb46-d41d0091544d/ozone-meta/ratis/bf265839-605b-3f16-9796-c5ba1605619e/in_use.lock acquired by nodename 14781@fv-az151-582
2022-06-01 03:36:32,753 [pool-576-thread-1] INFO  storage.RaftStorage (RaftStorageImpl.java:format(89)) - Storage directory /home/runner/work/ozone/ozone/hadoop-ozone/integration-test/target/test-dir/MiniOzoneClusterImpl-f48b6726-dd30-40f9-bb46-d41d0091544d/ozone-meta/ratis/bf265839-605b-3f16-9796-c5ba1605619e has been successfully formatted.
2022-06-01 03:36:32,753 [pool-576-thread-1] INFO  server.RaftServerConfigKeys (ConfUtils.java:logGet(46)) - raft.server.notification.no-leader.timeout = 120s (custom)
2022-06-01 03:36:32,753 [pool-576-thread-1] INFO  server.RaftServerConfigKeys (ConfUtils.java:logGet(46)) - raft.server.log.use.memory = false (default)
2022-06-01 03:36:32,753 [pool-576-thread-1] INFO  server.RaftServerConfigKeys (ConfUtils.java:logGet(46)) - raft.server.log.purge.gap = 1000000 (custom)
2022-06-01 03:36:32,753 [pool-576-thread-1] INFO  server.RaftServerConfigKeys (ConfUtils.java:logGet(46)) - raft.server.log.appender.buffer.byte-limit = 33554432 (custom)
2022-06-01 03:36:32,753 [pool-576-thread-1] INFO  server.RaftServerConfigKeys (ConfUtils.java:logGet(46)) - raft.server.log.statemachine.data.read.timeout = 1000ms (default)
2022-06-01 03:36:32,754 [pool-576-thread-1] INFO  server.RaftServerConfigKeys (ConfUtils.java:logGet(46)) - raft.server.log.segment.size.max = 4194304 (custom)
2022-06-01 03:36:32,754 [pool-576-thread-1] INFO  server.RaftServerConfigKeys (ConfUtils.java:logGet(46)) - raft.server.log.segment.cache.num.max = 2 (custom)
2022-06-01 03:36:32,754 [pool-576-thread-1] INFO  server.RaftServerConfigKeys (ConfUtils.java:logGet(46)) - raft.server.log.segment.cache.size.max = 200MB (=209715200) (default)
2022-06-01 03:36:32,754 [pool-576-thread-1] INFO  segmented.SegmentedRaftLogWorker (SegmentedRaftLogWorker.java:<init>(187)) - new om1@group-C5BA1605619E-SegmentedRaftLogWorker for RaftStorageImpl:Storage Directory /home/runner/work/ozone/ozone/hadoop-ozone/integration-test/target/test-dir/MiniOzoneClusterImpl-f48b6726-dd30-40f9-bb46-d41d0091544d/ozone-meta/ratis/bf265839-605b-3f16-9796-c5ba1605619e
2022-06-01 03:36:32,754 [pool-576-thread-1] INFO  server.RaftServerConfigKeys (ConfUtils.java:logGet(46)) - raft.server.log.queue.byte-limit = 64MB (=67108864) (default)
2022-06-01 03:36:32,754 [pool-576-thread-1] INFO  server.RaftServerConfigKeys (ConfUtils.java:logGet(46)) - raft.server.log.queue.element-limit = 4096 (default)
2022-06-01 03:36:32,754 [pool-576-thread-1] INFO  server.RaftServerConfigKeys (ConfUtils.java:logGet(46)) - raft.server.log.segment.size.max = 4194304 (custom)
2022-06-01 03:36:32,754 [pool-576-thread-1] INFO  server.RaftServerConfigKeys (ConfUtils.java:logGet(46)) - raft.server.log.preallocated.size = 4194304 (custom)
2022-06-01 03:36:32,754 [pool-576-thread-1] INFO  server.RaftServerConfigKeys (ConfUtils.java:logGet(46)) - raft.server.log.force.sync.num = 128 (default)
2022-06-01 03:36:32,754 [pool-576-thread-1] INFO  server.RaftServerConfigKeys (ConfUtils.java:logGet(46)) - raft.server.log.statemachine.data.sync = true (default)
2022-06-01 03:36:32,754 [pool-576-thread-1] INFO  server.RaftServerConfigKeys (ConfUtils.java:logGet(46)) - raft.server.log.statemachine.data.sync.timeout = 10s (default)
2022-06-01 03:36:32,754 [pool-576-thread-1] INFO  server.RaftServerConfigKeys (ConfUtils.java:logGet(46)) - raft.server.log.statemachine.data.sync.timeout.retry = -1 (default)
2022-06-01 03:36:32,755 [pool-576-thread-1] INFO  server.RaftServerConfigKeys (ConfUtils.java:logGet(46)) - raft.server.log.write.buffer.size = 64KB (=65536) (default)
2022-06-01 03:36:32,755 [pool-576-thread-1] INFO  server.RaftServerConfigKeys (ConfUtils.java:logGet(46)) - raft.server.log.unsafe-flush.enabled = false (default)
2022-06-01 03:36:32,755 [pool-576-thread-1] INFO  server.RaftServerConfigKeys (ConfUtils.java:logGet(46)) - raft.server.log.statemachine.data.caching.enabled = false (default)
2022-06-01 03:36:32,755 [pool-576-thread-1] INFO  segmented.SegmentedRaftLogWorker (SegmentedRaftLogWorker.java:lambda$new$0(135)) - om1@group-C5BA1605619E-SegmentedRaftLogWorker: flushIndex: setUnconditionally 0 -> -1
2022-06-01 03:36:32,755 [pool-576-thread-1] INFO  segmented.SegmentedRaftLogWorker (SegmentedRaftLogWorker.java:lambda$new$0(135)) - om1@group-C5BA1605619E-SegmentedRaftLogWorker: safeCacheEvictIndex: setUnconditionally 0 -> -1
2022-06-01 03:36:32,756 [pool-576-thread-1] INFO  server.RaftServerConfigKeys (ConfUtils.java:logGet(46)) - raft.server.snapshot.auto.trigger.enabled = true (custom)
2022-06-01 03:36:32,756 [pool-576-thread-1] INFO  server.RaftServerConfigKeys (ConfUtils.java:logGet(46)) - raft.server.snapshot.auto.trigger.threshold = 400000 (default)
2022-06-01 03:36:32,756 [pool-576-thread-1] INFO  server.RaftServerConfigKeys (ConfUtils.java:logGet(46)) - raft.server.snapshot.retention.file.num = -1 (default)
2022-06-01 03:36:32,756 [pool-576-thread-1] INFO  server.RaftServerConfigKeys (ConfUtils.java:logGet(46)) - raft.server.log.purge.upto.snapshot.index = true (custom)
2022-06-01 03:36:32,756 [pool-576-thread-1] INFO  server.RaftServerConfigKeys (ConfUtils.java:logGet(46)) - raft.server.retrycache.expirytime = 300s (custom)
2022-06-01 03:36:32,756 [pool-576-thread-1] INFO  server.RaftServerConfigKeys (ConfUtils.java:logGet(46)) - raft.server.retrycache.statistics.expirytime = 100μs (default)
2022-06-01 03:36:32,757 [pool-576-thread-1] INFO  server.RaftServerConfigKeys (ConfUtils.java:logGet(46)) - raft.server.log.appender.install.snapshot.enabled = false (custom)
2022-06-01 03:36:32,757 [pool-576-thread-1] INFO  server.RaftServerConfigKeys (ConfUtils.java:logGet(46)) - raft.server.threadpool.server.cached = true (default)
2022-06-01 03:36:32,757 [pool-576-thread-1] INFO  server.RaftServerConfigKeys (ConfUtils.java:logGet(46)) - raft.server.threadpool.server.size = 0 (default)
2022-06-01 03:36:32,757 [pool-576-thread-1] INFO  server.RaftServerConfigKeys (ConfUtils.java:logGet(46)) - raft.server.threadpool.client.cached = true (default)
2022-06-01 03:36:32,757 [pool-576-thread-1] INFO  server.RaftServerConfigKeys (ConfUtils.java:logGet(46)) - raft.server.threadpool.client.size = 0 (default)
2022-06-01 03:36:34,033 [Listener at 0.0.0.0/41981] INFO  reflections.Reflections (Reflections.java:scan(232)) - Reflections took 1311 ms to scan 19 urls, producing 61 keys and 3824 values [using 2 cores]
2022-06-01 03:36:34,034 [Listener at 0.0.0.0/41981] INFO  ipc.CallQueueManager (CallQueueManager.java:<init>(90)) - Using callQueue: class java.util.concurrent.LinkedBlockingQueue, queueCapacity: 2000, scheduler: class org.apache.hadoop.ipc.DefaultRpcScheduler, ipcBackoff: false.
2022-06-01 03:36:34,035 [Socket Reader #1 for port 0] INFO  ipc.Server (Server.java:run(1265)) - Starting Socket Reader #1 for port 0
2022-06-01 03:36:34,114 [Listener at 127.0.0.1/43449] INFO  impl.MetricsSystemImpl (MetricsSystemImpl.java:init(158)) - OzoneManager metrics system started (again)
2022-06-01 03:36:34,132 [Listener at 127.0.0.1/43449] INFO  om.OzoneManager (OzoneManager.java:start(1460)) - OzoneManager RPC server is listening at localhost/127.0.0.1:43449
2022-06-01 03:36:34,132 [Listener at 127.0.0.1/43449] INFO  ratis.OzoneManagerRatisServer (OzoneManagerRatisServer.java:start(554)) - Starting OzoneManagerRatisServer om1 at port 9872
2022-06-01 03:36:34,133 [om1-impl-thread1] INFO  server.RaftServer$Division (RaftServerImpl.java:start(310)) - om1@group-C5BA1605619E: start as a follower, conf=-1: [om1|rpc:localhost:9872|priority:0], old=null
2022-06-01 03:36:34,133 [om1-impl-thread1] INFO  server.RaftServer$Division (RaftServerImpl.java:setRole(299)) - om1@group-C5BA1605619E: changes role from      null to FOLLOWER at term 0 for startAsFollower
2022-06-01 03:36:34,133 [om1-impl-thread1] INFO  impl.RoleInfo (RoleInfo.java:updateAndGet(139)) - om1: start om1@group-C5BA1605619E-FollowerState
2022-06-01 03:36:34,133 [om1-impl-thread1] INFO  util.JmxRegister (JmxRegister.java:tryRegister(44)) - Successfully registered JMX Bean with object name Ratis:service=RaftServer,group=group-C5BA1605619E,id=om1
2022-06-01 03:36:34,134 [Listener at 127.0.0.1/43449] INFO  server.RaftServer (RaftServerProxy.java:lambda$start$6(382)) - om1: start RPC server
2022-06-01 03:36:34,164 [Listener at 127.0.0.1/43449] INFO  server.GrpcService (GrpcService.java:startImpl(260)) - om1: GrpcService started, listening on 9872
2022-06-01 03:36:34,168 [Listener at 127.0.0.1/43449] INFO  om.OzoneManager (OzoneManager.java:start(1476)) - Version File has different layout version (3) than OM DB (null). That is expected if this OM has never been finalized to a newer layout version.
2022-06-01 03:36:34,186 [org.apache.ratis.util.JvmPauseMonitor$$Lambda$677/1664655596@59c66ec5] INFO  util.JvmPauseMonitor (JvmPauseMonitor.java:run(103)) - JvmPauseMonitor-om1: Started
2022-06-01 03:36:34,214 [Listener at 127.0.0.1/43449] INFO  http.BaseHttpServer (BaseHttpServer.java:newHttpServer2BuilderForOzone(209)) - Starting Web-server for ozoneManager at: http://0.0.0.0:0
2022-06-01 03:36:34,214 [Listener at 127.0.0.1/43449] INFO  http.BaseHttpServer (BaseHttpServer.java:<init>(107)) - Hadoop Security Enabled: false Ozone Security Enabled: false Ozone HTTP Security Enabled: false 
2022-06-01 03:36:34,215 [Listener at 127.0.0.1/43449] INFO  server.AuthenticationFilter (AuthenticationFilter.java:constructSecretProvider(240)) - Unable to initialize FileSignerSecretProvider, falling back to use random secrets.
2022-06-01 03:36:34,236 [Listener at 127.0.0.1/43449] WARN  http.HttpRequestLog (HttpRequestLog.java:getRequestLog(103)) - Jetty request log can only be enabled using Log4j
2022-06-01 03:36:34,237 [Listener at 127.0.0.1/43449] INFO  http.HttpServer2 (HttpServer2.java:addGlobalFilter(1030)) - Added global filter 'safety' (class=org.apache.hadoop.hdds.server.http.HttpServer2$QuotingInputFilter)
2022-06-01 03:36:34,237 [Listener at 127.0.0.1/43449] INFO  http.HttpServer2 (HttpServer2.java:addFilter(1006)) - Added filter static_user_filter (class=org.apache.hadoop.http.lib.StaticUserWebFilter$StaticUserFilter) to context ozoneManager
2022-06-01 03:36:34,237 [Listener at 127.0.0.1/43449] INFO  http.HttpServer2 (HttpServer2.java:addFilter(1014)) - Added filter static_user_filter (class=org.apache.hadoop.http.lib.StaticUserWebFilter$StaticUserFilter) to context static
2022-06-01 03:36:34,237 [Listener at 127.0.0.1/43449] INFO  http.HttpServer2 (HttpServer2.java:addFilter(1014)) - Added filter static_user_filter (class=org.apache.hadoop.http.lib.StaticUserWebFilter$StaticUserFilter) to context logs
2022-06-01 03:36:34,238 [Listener at 127.0.0.1/43449] INFO  http.HttpServer2 (HttpServer2.java:bindListener(1249)) - Jetty bound to port 37293
2022-06-01 03:36:34,238 [Listener at 127.0.0.1/43449] INFO  server.Server (Server.java:doStart(375)) - jetty-9.4.43.v20210629; built: 2021-06-30T11:07:22.254Z; git: 526006ecfa3af7f1a27ef3a288e2bef7ea9dd7e8; jvm 1.8.0_332-b09
2022-06-01 03:36:34,299 [Listener at 127.0.0.1/43449] INFO  server.session (DefaultSessionIdManager.java:doStart(334)) - DefaultSessionIdManager workerName=node0
2022-06-01 03:36:34,299 [Listener at 127.0.0.1/43449] INFO  server.session (DefaultSessionIdManager.java:doStart(339)) - No SessionScavenger set, using defaults
2022-06-01 03:36:34,300 [Listener at 127.0.0.1/43449] INFO  server.session (HouseKeeper.java:startScavenging(132)) - node0 Scavenging every 660000ms
2022-06-01 03:36:34,335 [Listener at 127.0.0.1/43449] INFO  handler.ContextHandler (ContextHandler.java:doStart(915)) - Started o.e.j.s.ServletContextHandler@1ac9a733{logs,/logs,file:///home/runner/work/ozone/ozone/hadoop-ozone/integration-test/target/log,AVAILABLE}
2022-06-01 03:36:34,335 [Listener at 127.0.0.1/43449] INFO  handler.ContextHandler (ContextHandler.java:doStart(915)) - Started o.e.j.s.ServletContextHandler@1af064a4{static,/static,file:///home/runner/work/ozone/ozone/hadoop-ozone/integration-test/target/test-classes/webapps/static,AVAILABLE}
2022-06-01 03:36:34,338 [Listener at 127.0.0.1/43449] INFO  handler.ContextHandler (ContextHandler.java:doStart(915)) - Started o.e.j.w.WebAppContext@17b96d56{ozoneManager,/,file:///home/runner/work/ozone/ozone/hadoop-ozone/integration-test/target/test-classes/webapps/ozoneManager/,AVAILABLE}{file:/home/runner/work/ozone/ozone/hadoop-ozone/integration-test/target/test-classes/webapps/ozoneManager}
2022-06-01 03:36:34,363 [Listener at 127.0.0.1/43449] INFO  server.AbstractConnector (AbstractConnector.java:doStart(331)) - Started ServerConnector@619a61c1{HTTP/1.1, (http/1.1)}{0.0.0.0:37293}
2022-06-01 03:36:34,363 [Listener at 127.0.0.1/43449] INFO  server.Server (Server.java:doStart(415)) - Started @157497ms
2022-06-01 03:36:34,363 [Listener at 127.0.0.1/43449] WARN  impl.MetricsSystemImpl (MetricsSystemImpl.java:register(279)) - Sink prometheus already exists!
2022-06-01 03:36:34,372 [Listener at 127.0.0.1/43449] INFO  http.BaseHttpServer (BaseHttpServer.java:updateConnectorAddress(329)) - HTTP server of ozoneManager listening at http://0.0.0.0:37293
2022-06-01 03:36:34,387 [IPC Server listener on 0] INFO  ipc.Server (Server.java:run(1344)) - IPC Server listener on 0: starting
2022-06-01 03:36:34,393 [IPC Server Responder] INFO  ipc.Server (Server.java:run(1507)) - IPC Server Responder: starting
2022-06-01 03:36:34,508 [Listener at 127.0.0.1/43449] INFO  om.OzoneManager (OzoneManager.java:startTrashEmptier(1900)) - Trash Interval set to 0. Files deleted won't move to trash
2022-06-01 03:36:34,549 [org.apache.hadoop.util.JvmPauseMonitor$Monitor@324f600a] INFO  util.JvmPauseMonitor (JvmPauseMonitor.java:run(188)) - Starting JVM pause monitor
2022-06-01 03:36:34,550 [Listener at 127.0.0.1/43449] WARN  impl.MetricRegistriesImpl (MetricRegistriesImpl.java:addReporterRegistration(111)) - New reporters are added after registries were created. Some metrics will be missing from the reporter. Please add reporter before adding any new registry.
2022-06-01 03:36:34,550 [Listener at 127.0.0.1/43449] WARN  impl.MetricRegistriesImpl (MetricRegistriesImpl.java:addReporterRegistration(111)) - New reporters are added after registries were created. Some metrics will be missing from the reporter. Please add reporter before adding any new registry.
2022-06-01 03:36:34,551 [Listener at 127.0.0.1/43449] INFO  impl.MetricsSystemImpl (MetricsSystemImpl.java:init(158)) - HddsDatanode metrics system started (again)
2022-06-01 03:36:34,598 [Listener at 127.0.0.1/43449] INFO  ozone.HddsDatanodeService (HddsDatanodeService.java:start(236)) - HddsDatanodeService host:fv-az151-582.yf2hydr00wburbhx3j5hxtcipe.bx.internal.cloudapp.net ip:10.1.0.5
2022-06-01 03:36:34,671 [Listener at 127.0.0.1/43449] INFO  upgrade.AbstractLayoutVersionManager (AbstractLayoutVersionManager.java:init(79)) - Initializing Layout version manager with metadata layout = ERASURE_CODED_STORAGE_SUPPORT (version = 3), software layout = ERASURE_CODED_STORAGE_SUPPORT (version = 3)
2022-06-01 03:36:34,807 [Listener at 127.0.0.1/43449] INFO  reflections.Reflections (Reflections.java:scan(232)) - Reflections took 135 ms to scan 7 urls, producing 127 keys and 292 values 
2022-06-01 03:36:34,818 [Listener at 127.0.0.1/43449] INFO  statemachine.DatanodeStateMachine (DatanodeStateMachine.java:getEndPointTaskThreadPoolSize(233)) - Datanode State Machine Task Thread Pool size 2
2022-06-01 03:36:34,860 [Listener at 127.0.0.1/43449] INFO  volume.HddsVolume (HddsVolume.java:<init>(120)) - Creating HddsVolume: /home/runner/work/ozone/ozone/hadoop-ozone/integration-test/target/test-dir/MiniOzoneClusterImpl-f48b6726-dd30-40f9-bb46-d41d0091544d/datanode-0/data-0/containers/hdds of storage type : DISK capacity : 9223372036854775807
2022-06-01 03:36:34,861 [Listener at 127.0.0.1/43449] INFO  volume.MutableVolumeSet (MutableVolumeSet.java:initializeVolumeSet(168)) - Added Volume : /home/runner/work/ozone/ozone/hadoop-ozone/integration-test/target/test-dir/MiniOzoneClusterImpl-f48b6726-dd30-40f9-bb46-d41d0091544d/datanode-0/data-0/containers/hdds to VolumeSet
2022-06-01 03:36:34,861 [Listener at 127.0.0.1/43449] INFO  volume.ThrottledAsyncChecker (ThrottledAsyncChecker.java:schedule(141)) - Scheduling a check for /home/runner/work/ozone/ozone/hadoop-ozone/integration-test/target/test-dir/MiniOzoneClusterImpl-f48b6726-dd30-40f9-bb46-d41d0091544d/datanode-0/data-0/containers/hdds
2022-06-01 03:36:34,869 [Listener at 127.0.0.1/43449] INFO  volume.StorageVolumeChecker (StorageVolumeChecker.java:checkAllVolumes(202)) - Scheduled health check for volume /home/runner/work/ozone/ozone/hadoop-ozone/integration-test/target/test-dir/MiniOzoneClusterImpl-f48b6726-dd30-40f9-bb46-d41d0091544d/datanode-0/data-0/containers/hdds
2022-06-01 03:36:34,910 [Listener at 127.0.0.1/43449] INFO  volume.MutableVolumeSet (MutableVolumeSet.java:initializeVolumeSet(168)) - Added Volume : /home/runner/work/ozone/ozone/hadoop-ozone/integration-test/target/test-dir/MiniOzoneClusterImpl-f48b6726-dd30-40f9-bb46-d41d0091544d/datanode-0/data/ratis to VolumeSet
2022-06-01 03:36:34,911 [Listener at 127.0.0.1/43449] INFO  volume.ThrottledAsyncChecker (ThrottledAsyncChecker.java:schedule(141)) - Scheduling a check for /home/runner/work/ozone/ozone/hadoop-ozone/integration-test/target/test-dir/MiniOzoneClusterImpl-f48b6726-dd30-40f9-bb46-d41d0091544d/datanode-0/data/ratis
2022-06-01 03:36:34,911 [Listener at 127.0.0.1/43449] INFO  volume.StorageVolumeChecker (StorageVolumeChecker.java:checkAllVolumes(202)) - Scheduled health check for volume /home/runner/work/ozone/ozone/hadoop-ozone/integration-test/target/test-dir/MiniOzoneClusterImpl-f48b6726-dd30-40f9-bb46-d41d0091544d/datanode-0/data/ratis
2022-06-01 03:36:34,984 [Thread-1181] INFO  ozoneimpl.ContainerReader (ContainerReader.java:readVolume(172)) - Finish verifying containers on volume /home/runner/work/ozone/ozone/hadoop-ozone/integration-test/target/test-dir/MiniOzoneClusterImpl-f48b6726-dd30-40f9-bb46-d41d0091544d/datanode-0/data-0/containers/hdds
2022-06-01 03:36:34,984 [Listener at 127.0.0.1/43449] INFO  ozoneimpl.OzoneContainer (OzoneContainer.java:buildContainerSet(257)) - Build ContainerSet costs 0s
2022-06-01 03:36:34,987 [Listener at 127.0.0.1/43449] INFO  server.RaftServer (ConfUtils.java:logGet(46)) - raft.rpc.type = GRPC (default)
2022-06-01 03:36:34,987 [Listener at 127.0.0.1/43449] INFO  grpc.GrpcFactory (GrpcFactory.java:checkPooledByteBufAllocatorUseCacheForAllThreads(48)) - PERFORMANCE WARNING: useCacheForAllThreads is true that may cause Netty to create a lot garbage objects and, as a result, trigger GC.
	It is recommended to disable useCacheForAllThreads by setting -Dorg.apache.ratis.thirdparty.io.netty.allocator.useCacheForAllThreads=false in command line.
2022-06-01 03:36:34,987 [Listener at 127.0.0.1/43449] INFO  grpc.GrpcConfigKeys (ConfUtils.java:logGet(46)) - raft.grpc.admin.port = 0 (custom)
2022-06-01 03:36:34,998 [Listener at 127.0.0.1/43449] INFO  grpc.GrpcConfigKeys (ConfUtils.java:logGet(46)) - raft.grpc.client.port = 0 (custom)
2022-06-01 03:36:34,998 [Listener at 127.0.0.1/43449] INFO  grpc.GrpcConfigKeys (ConfUtils.java:logGet(46)) - raft.grpc.server.port = 0 (default)
2022-06-01 03:36:34,998 [Listener at 127.0.0.1/43449] INFO  server.GrpcService (ConfUtils.java:logGet(46)) - raft.grpc.message.size.max = 32MB (=33554432) (custom)
2022-06-01 03:36:34,998 [Listener at 127.0.0.1/43449] INFO  server.RaftServerConfigKeys (ConfUtils.java:logGet(46)) - raft.server.log.appender.buffer.byte-limit = 33554432 (custom)
2022-06-01 03:36:34,999 [Listener at 127.0.0.1/43449] INFO  server.GrpcService (ConfUtils.java:logGet(46)) - raft.grpc.flow.control.window = 5MB (=5242880) (custom)
2022-06-01 03:36:34,999 [Listener at 127.0.0.1/43449] INFO  server.RaftServerConfigKeys (ConfUtils.java:logGet(46)) - raft.server.rpc.request.timeout = 60s (custom)
2022-06-01 03:36:34,999 [Listener at 127.0.0.1/43449] INFO  grpc.GrpcConfigKeys (ConfUtils.java:logGet(46)) - raft.grpc.server.async.request.thread.pool.cached = true (default)
2022-06-01 03:36:34,999 [Listener at 127.0.0.1/43449] INFO  grpc.GrpcConfigKeys (ConfUtils.java:logGet(46)) - raft.grpc.server.async.request.thread.pool.size = 32 (default)
2022-06-01 03:36:35,002 [Listener at 127.0.0.1/43449] INFO  impl.DataStreamServerImpl (ConfUtils.java:logGet(46)) - raft.datastream.type = DISABLED (default)
2022-06-01 03:36:35,003 [Listener at 127.0.0.1/43449] INFO  server.RaftServerConfigKeys (ConfUtils.java:logGet(46)) - raft.server.threadpool.proxy.cached = true (default)
2022-06-01 03:36:35,003 [Listener at 127.0.0.1/43449] INFO  server.RaftServerConfigKeys (ConfUtils.java:logGet(46)) - raft.server.threadpool.proxy.size = 0 (default)
2022-06-01 03:36:35,003 [Listener at 127.0.0.1/43449] INFO  server.RaftServerConfigKeys (ConfUtils.java:logGet(46)) - raft.server.rpc.slowness.timeout = 300s (custom)
2022-06-01 03:36:35,003 [Listener at 127.0.0.1/43449] INFO  server.RaftServerConfigKeys (ConfUtils.java:logGet(46)) - raft.server.leaderelection.leader.step-down.wait-time = 10s (default)
2022-06-01 03:36:35,003 [Listener at 127.0.0.1/43449] INFO  server.RaftServerConfigKeys (ConfUtils.java:logGet(46)) - raft.server.storage.dir = [/home/runner/work/ozone/ozone/hadoop-ozone/integration-test/target/test-dir/MiniOzoneClusterImpl-f48b6726-dd30-40f9-bb46-d41d0091544d/datanode-0/data/ratis] (custom)
2022-06-01 03:36:35,012 [Listener at 127.0.0.1/43449] INFO  server.XceiverServerGrpc (XceiverServerGrpc.java:<init>(132)) - GrpcServer channel type EpollServerSocketChannel
2022-06-01 03:36:35,023 [Listener at 127.0.0.1/43449] INFO  http.BaseHttpServer (BaseHttpServer.java:newHttpServer2BuilderForOzone(209)) - Starting Web-server for hddsDatanode at: http://0.0.0.0:0
2022-06-01 03:36:35,023 [Listener at 127.0.0.1/43449] INFO  http.BaseHttpServer (BaseHttpServer.java:<init>(107)) - Hadoop Security Enabled: false Ozone Security Enabled: false Ozone HTTP Security Enabled: false 
2022-06-01 03:36:35,029 [Listener at 127.0.0.1/43449] INFO  server.AuthenticationFilter (AuthenticationFilter.java:constructSecretProvider(240)) - Unable to initialize FileSignerSecretProvider, falling back to use random secrets.
2022-06-01 03:36:35,029 [Listener at 127.0.0.1/43449] WARN  http.HttpRequestLog (HttpRequestLog.java:getRequestLog(103)) - Jetty request log can only be enabled using Log4j
2022-06-01 03:36:35,030 [Listener at 127.0.0.1/43449] INFO  http.HttpServer2 (HttpServer2.java:addGlobalFilter(1030)) - Added global filter 'safety' (class=org.apache.hadoop.hdds.server.http.HttpServer2$QuotingInputFilter)
2022-06-01 03:36:35,030 [Listener at 127.0.0.1/43449] INFO  http.HttpServer2 (HttpServer2.java:addFilter(1006)) - Added filter static_user_filter (class=org.apache.hadoop.http.lib.StaticUserWebFilter$StaticUserFilter) to context hddsDatanode
2022-06-01 03:36:35,030 [Listener at 127.0.0.1/43449] INFO  http.HttpServer2 (HttpServer2.java:addFilter(1014)) - Added filter static_user_filter (class=org.apache.hadoop.http.lib.StaticUserWebFilter$StaticUserFilter) to context static
2022-06-01 03:36:35,030 [Listener at 127.0.0.1/43449] INFO  http.HttpServer2 (HttpServer2.java:addFilter(1014)) - Added filter static_user_filter (class=org.apache.hadoop.http.lib.StaticUserWebFilter$StaticUserFilter) to context logs
2022-06-01 03:36:35,031 [Listener at 127.0.0.1/43449] INFO  http.HttpServer2 (HttpServer2.java:bindListener(1249)) - Jetty bound to port 39545
2022-06-01 03:36:35,031 [Listener at 127.0.0.1/43449] INFO  server.Server (Server.java:doStart(375)) - jetty-9.4.43.v20210629; built: 2021-06-30T11:07:22.254Z; git: 526006ecfa3af7f1a27ef3a288e2bef7ea9dd7e8; jvm 1.8.0_332-b09
2022-06-01 03:36:35,056 [Listener at 127.0.0.1/43449] INFO  server.session (DefaultSessionIdManager.java:doStart(334)) - DefaultSessionIdManager workerName=node0
2022-06-01 03:36:35,056 [Listener at 127.0.0.1/43449] INFO  server.session (DefaultSessionIdManager.java:doStart(339)) - No SessionScavenger set, using defaults
2022-06-01 03:36:35,056 [Listener at 127.0.0.1/43449] INFO  server.session (HouseKeeper.java:startScavenging(132)) - node0 Scavenging every 660000ms
2022-06-01 03:36:35,057 [Listener at 127.0.0.1/43449] INFO  handler.ContextHandler (ContextHandler.java:doStart(915)) - Started o.e.j.s.ServletContextHandler@15c5d50e{logs,/logs,file:///home/runner/work/ozone/ozone/hadoop-ozone/integration-test/target/log,AVAILABLE}
2022-06-01 03:36:35,058 [Listener at 127.0.0.1/43449] INFO  handler.ContextHandler (ContextHandler.java:doStart(915)) - Started o.e.j.s.ServletContextHandler@17f82819{static,/static,jar:file:/home/runner/.m2/repository/org/apache/ozone/hdds-container-service/1.3.0-SNAPSHOT/hdds-container-service-1.3.0-SNAPSHOT.jar!/webapps/static,AVAILABLE}
2022-06-01 03:36:35,167 [om1@group-C5BA1605619E-FollowerState] INFO  impl.FollowerState (FollowerState.java:run(143)) - om1@group-C5BA1605619E-FollowerState: change to CANDIDATE, lastRpcElapsedTime:1034661121ns, electionTimeout:1031ms
2022-06-01 03:36:35,168 [om1@group-C5BA1605619E-FollowerState] INFO  impl.RoleInfo (RoleInfo.java:shutdownFollowerState(110)) - om1: shutdown om1@group-C5BA1605619E-FollowerState
2022-06-01 03:36:35,168 [om1@group-C5BA1605619E-FollowerState] INFO  server.RaftServer$Division (RaftServerImpl.java:setRole(299)) - om1@group-C5BA1605619E: changes role from  FOLLOWER to CANDIDATE at term 0 for changeToCandidate
2022-06-01 03:36:35,168 [om1@group-C5BA1605619E-FollowerState] INFO  server.RaftServerConfigKeys (ConfUtils.java:logGet(46)) - raft.server.leaderelection.pre-vote = false (custom)
2022-06-01 03:36:35,168 [om1@group-C5BA1605619E-FollowerState] INFO  impl.RoleInfo (RoleInfo.java:updateAndGet(139)) - om1: start om1@group-C5BA1605619E-LeaderElection41
2022-06-01 03:36:35,200 [om1@group-C5BA1605619E-LeaderElection41] INFO  impl.LeaderElection (LeaderElection.java:askForVotes(310)) - om1@group-C5BA1605619E-LeaderElection41 ELECTION round 0: submit vote requests at term 1 for -1: [om1|rpc:localhost:9872|priority:0], old=null
2022-06-01 03:36:35,200 [om1@group-C5BA1605619E-LeaderElection41] INFO  impl.LeaderElection (LeaderElection.java:askForVotes(312)) - om1@group-C5BA1605619E-LeaderElection41 ELECTION round 0: result PASSED (term=1)
2022-06-01 03:36:35,200 [om1@group-C5BA1605619E-LeaderElection41] INFO  impl.RoleInfo (RoleInfo.java:shutdownLeaderElection(130)) - om1: shutdown om1@group-C5BA1605619E-LeaderElection41
2022-06-01 03:36:35,200 [om1@group-C5BA1605619E-LeaderElection41] INFO  server.RaftServer$Division (RaftServerImpl.java:setRole(299)) - om1@group-C5BA1605619E: changes role from CANDIDATE to LEADER at term 1 for changeToLeader
2022-06-01 03:36:35,200 [om1@group-C5BA1605619E-LeaderElection41] INFO  server.RaftServer$Division (ServerState.java:setLeader(287)) - om1@group-C5BA1605619E: change Leader from null to om1 at term 1 for becomeLeader, leader elected after 2446ms
2022-06-01 03:36:35,200 [om1@group-C5BA1605619E-LeaderElection41] INFO  server.RaftServerConfigKeys (ConfUtils.java:logGet(46)) - raft.server.staging.catchup.gap = 1000 (default)
2022-06-01 03:36:35,200 [om1@group-C5BA1605619E-LeaderElection41] INFO  server.RaftServerConfigKeys (ConfUtils.java:logGet(46)) - raft.server.write.element-limit = 4096 (default)
2022-06-01 03:36:35,200 [om1@group-C5BA1605619E-LeaderElection41] INFO  server.RaftServerConfigKeys (ConfUtils.java:logGet(46)) - raft.server.write.byte-limit = 64MB (=67108864) (default)
2022-06-01 03:36:35,201 [om1@group-C5BA1605619E-LeaderElection41] INFO  server.RaftServerConfigKeys (ConfUtils.java:logGet(46)) - raft.server.watch.timeout = 10s (default)
2022-06-01 03:36:35,201 [om1@group-C5BA1605619E-LeaderElection41] INFO  server.RaftServerConfigKeys (ConfUtils.java:logGet(46)) - raft.server.watch.timeout.denomination = 1s (default)
2022-06-01 03:36:35,201 [om1@group-C5BA1605619E-LeaderElection41] INFO  server.RaftServerConfigKeys (ConfUtils.java:logGet(46)) - raft.server.watch.element-limit = 65536 (default)
2022-06-01 03:36:35,201 [om1@group-C5BA1605619E-LeaderElection41] INFO  server.RaftServerConfigKeys (ConfUtils.java:logGet(46)) - raft.server.write.element-limit = 4096 (default)
2022-06-01 03:36:35,201 [om1@group-C5BA1605619E-LeaderElection41] INFO  server.RaftServerConfigKeys (ConfUtils.java:logGet(46)) - raft.server.write.follower.gap.ratio.max = -1.0 (default)
2022-06-01 03:36:35,201 [om1@group-C5BA1605619E-LeaderElection41] INFO  impl.RoleInfo (RoleInfo.java:updateAndGet(139)) - om1: start om1@group-C5BA1605619E-LeaderStateImpl
2022-06-01 03:36:35,201 [om1@group-C5BA1605619E-LeaderElection41] INFO  segmented.SegmentedRaftLogWorker (SegmentedRaftLogWorker.java:startLogSegment(425)) - om1@group-C5BA1605619E-SegmentedRaftLogWorker: Starting segment from index:0
2022-06-01 03:36:35,216 [om1@group-C5BA1605619E-SegmentedRaftLogWorker] INFO  segmented.SegmentedRaftLogWorker (SegmentedRaftLogWorker.java:execute(629)) - om1@group-C5BA1605619E-SegmentedRaftLogWorker: created new log segment /home/runner/work/ozone/ozone/hadoop-ozone/integration-test/target/test-dir/MiniOzoneClusterImpl-f48b6726-dd30-40f9-bb46-d41d0091544d/ozone-meta/ratis/bf265839-605b-3f16-9796-c5ba1605619e/current/log_inprogress_0
2022-06-01 03:36:35,236 [om1@group-C5BA1605619E-LeaderElection41] INFO  server.RaftServer$Division (ServerState.java:setRaftConf(393)) - om1@group-C5BA1605619E: set configuration 0: [om1|rpc:localhost:9872|admin:|client:|dataStream:|priority:0], old=null
2022-06-01 03:36:35,240 [om1@group-C5BA1605619E-StateMachineUpdater] INFO  ratis.OzoneManagerStateMachine (OzoneManagerStateMachine.java:notifyConfigurationChanged(191)) - Received Configuration change notification from Ratis. New Peer list:
[id: "om1"
address: "localhost:9872"
]
2022-06-01 03:36:35,508 [Listener at 127.0.0.1/43449] INFO  handler.ContextHandler (ContextHandler.java:doStart(915)) - Started o.e.j.w.WebAppContext@51901676{hddsDatanode,/,file:///tmp/jetty-0_0_0_0-39545-hdds-container-service-1_3_0-SNAPSHOT_jar-_-any-8434638797297769442/webapp/,AVAILABLE}{jar:file:/home/runner/.m2/repository/org/apache/ozone/hdds-container-service/1.3.0-SNAPSHOT/hdds-container-service-1.3.0-SNAPSHOT.jar!/webapps/hddsDatanode}
2022-06-01 03:36:35,509 [Listener at 127.0.0.1/43449] INFO  server.AbstractConnector (AbstractConnector.java:doStart(331)) - Started ServerConnector@b48be28{HTTP/1.1, (http/1.1)}{0.0.0.0:39545}
2022-06-01 03:36:35,510 [Listener at 127.0.0.1/43449] INFO  server.Server (Server.java:doStart(415)) - Started @158644ms
2022-06-01 03:36:35,510 [Listener at 127.0.0.1/43449] WARN  impl.MetricsSystemImpl (MetricsSystemImpl.java:register(279)) - Sink prometheus already exists!
2022-06-01 03:36:35,536 [Listener at 127.0.0.1/43449] INFO  http.BaseHttpServer (BaseHttpServer.java:updateConnectorAddress(329)) - HTTP server of hddsDatanode listening at http://0.0.0.0:39545
2022-06-01 03:36:35,538 [Datanode State Machine Daemon Thread] INFO  statemachine.DatanodeStateMachine (DatanodeStateMachine.java:lambda$startDaemon$0(481)) - Ozone container server started.
2022-06-01 03:36:35,538 [Listener at 127.0.0.1/43449] WARN  impl.MetricRegistriesImpl (MetricRegistriesImpl.java:addReporterRegistration(111)) - New reporters are added after registries were created. Some metrics will be missing from the reporter. Please add reporter before adding any new registry.
2022-06-01 03:36:35,538 [Listener at 127.0.0.1/43449] WARN  impl.MetricRegistriesImpl (MetricRegistriesImpl.java:addReporterRegistration(111)) - New reporters are added after registries were created. Some metrics will be missing from the reporter. Please add reporter before adding any new registry.
2022-06-01 03:36:35,538 [Listener at 127.0.0.1/43449] INFO  impl.MetricsSystemImpl (MetricsSystemImpl.java:init(158)) - HddsDatanode metrics system started (again)
2022-06-01 03:36:35,580 [org.apache.hadoop.util.JvmPauseMonitor$Monitor@7fa1df53] INFO  util.JvmPauseMonitor (JvmPauseMonitor.java:run(188)) - Starting JVM pause monitor
2022-06-01 03:36:35,594 [Datanode State Machine Task Thread - 0] INFO  datanode.InitDatanodeState (InitDatanodeState.java:persistContainerDatanodeDetails(138)) - DatanodeDetails is persisted to /home/runner/work/ozone/ozone/hadoop-ozone/integration-test/target/test-dir/MiniOzoneClusterImpl-f48b6726-dd30-40f9-bb46-d41d0091544d/datanode-0/meta/datanode.id
2022-06-01 03:36:35,621 [Listener at 127.0.0.1/43449] INFO  ozone.HddsDatanodeService (HddsDatanodeService.java:start(236)) - HddsDatanodeService host:fv-az151-582.yf2hydr00wburbhx3j5hxtcipe.bx.internal.cloudapp.net ip:10.1.0.5
2022-06-01 03:36:35,669 [Listener at 127.0.0.1/43449] INFO  upgrade.AbstractLayoutVersionManager (AbstractLayoutVersionManager.java:init(79)) - Initializing Layout version manager with metadata layout = ERASURE_CODED_STORAGE_SUPPORT (version = 3), software layout = ERASURE_CODED_STORAGE_SUPPORT (version = 3)
2022-06-01 03:36:35,777 [Listener at 127.0.0.1/43449] INFO  reflections.Reflections (Reflections.java:scan(232)) - Reflections took 106 ms to scan 7 urls, producing 127 keys and 292 values 
2022-06-01 03:36:35,778 [Listener at 127.0.0.1/43449] INFO  statemachine.DatanodeStateMachine (DatanodeStateMachine.java:getEndPointTaskThreadPoolSize(233)) - Datanode State Machine Task Thread Pool size 2
2022-06-01 03:36:35,810 [Listener at 127.0.0.1/43449] INFO  volume.HddsVolume (HddsVolume.java:<init>(120)) - Creating HddsVolume: /home/runner/work/ozone/ozone/hadoop-ozone/integration-test/target/test-dir/MiniOzoneClusterImpl-f48b6726-dd30-40f9-bb46-d41d0091544d/datanode-1/data-0/containers/hdds of storage type : DISK capacity : 9223372036854775807
2022-06-01 03:36:35,810 [Listener at 127.0.0.1/43449] INFO  volume.MutableVolumeSet (MutableVolumeSet.java:initializeVolumeSet(168)) - Added Volume : /home/runner/work/ozone/ozone/hadoop-ozone/integration-test/target/test-dir/MiniOzoneClusterImpl-f48b6726-dd30-40f9-bb46-d41d0091544d/datanode-1/data-0/containers/hdds to VolumeSet
2022-06-01 03:36:35,810 [Listener at 127.0.0.1/43449] INFO  volume.ThrottledAsyncChecker (ThrottledAsyncChecker.java:schedule(141)) - Scheduling a check for /home/runner/work/ozone/ozone/hadoop-ozone/integration-test/target/test-dir/MiniOzoneClusterImpl-f48b6726-dd30-40f9-bb46-d41d0091544d/datanode-1/data-0/containers/hdds
2022-06-01 03:36:35,844 [Listener at 127.0.0.1/43449] INFO  volume.StorageVolumeChecker (StorageVolumeChecker.java:checkAllVolumes(202)) - Scheduled health check for volume /home/runner/work/ozone/ozone/hadoop-ozone/integration-test/target/test-dir/MiniOzoneClusterImpl-f48b6726-dd30-40f9-bb46-d41d0091544d/datanode-1/data-0/containers/hdds
2022-06-01 03:36:35,854 [Listener at 127.0.0.1/43449] INFO  volume.MutableVolumeSet (MutableVolumeSet.java:initializeVolumeSet(168)) - Added Volume : /home/runner/work/ozone/ozone/hadoop-ozone/integration-test/target/test-dir/MiniOzoneClusterImpl-f48b6726-dd30-40f9-bb46-d41d0091544d/datanode-1/data/ratis to VolumeSet
2022-06-01 03:36:35,855 [Listener at 127.0.0.1/43449] INFO  volume.ThrottledAsyncChecker (ThrottledAsyncChecker.java:schedule(141)) - Scheduling a check for /home/runner/work/ozone/ozone/hadoop-ozone/integration-test/target/test-dir/MiniOzoneClusterImpl-f48b6726-dd30-40f9-bb46-d41d0091544d/datanode-1/data/ratis
2022-06-01 03:36:35,855 [Listener at 127.0.0.1/43449] INFO  volume.StorageVolumeChecker (StorageVolumeChecker.java:checkAllVolumes(202)) - Scheduled health check for volume /home/runner/work/ozone/ozone/hadoop-ozone/integration-test/target/test-dir/MiniOzoneClusterImpl-f48b6726-dd30-40f9-bb46-d41d0091544d/datanode-1/data/ratis
2022-06-01 03:36:35,884 [Thread-1196] INFO  ozoneimpl.ContainerReader (ContainerReader.java:readVolume(172)) - Finish verifying containers on volume /home/runner/work/ozone/ozone/hadoop-ozone/integration-test/target/test-dir/MiniOzoneClusterImpl-f48b6726-dd30-40f9-bb46-d41d0091544d/datanode-1/data-0/containers/hdds
2022-06-01 03:36:35,884 [Listener at 127.0.0.1/43449] INFO  ozoneimpl.OzoneContainer (OzoneContainer.java:buildContainerSet(257)) - Build ContainerSet costs 0s
2022-06-01 03:36:35,892 [Listener at 127.0.0.1/43449] INFO  server.RaftServer (ConfUtils.java:logGet(46)) - raft.rpc.type = GRPC (default)
2022-06-01 03:36:35,892 [Listener at 127.0.0.1/43449] INFO  grpc.GrpcFactory (GrpcFactory.java:checkPooledByteBufAllocatorUseCacheForAllThreads(48)) - PERFORMANCE WARNING: useCacheForAllThreads is true that may cause Netty to create a lot garbage objects and, as a result, trigger GC.
	It is recommended to disable useCacheForAllThreads by setting -Dorg.apache.ratis.thirdparty.io.netty.allocator.useCacheForAllThreads=false in command line.
2022-06-01 03:36:35,892 [Listener at 127.0.0.1/43449] INFO  grpc.GrpcConfigKeys (ConfUtils.java:logGet(46)) - raft.grpc.admin.port = 0 (custom)
2022-06-01 03:36:35,893 [Listener at 127.0.0.1/43449] INFO  grpc.GrpcConfigKeys (ConfUtils.java:logGet(46)) - raft.grpc.client.port = 0 (custom)
2022-06-01 03:36:35,893 [Listener at 127.0.0.1/43449] INFO  grpc.GrpcConfigKeys (ConfUtils.java:logGet(46)) - raft.grpc.server.port = 0 (default)
2022-06-01 03:36:35,893 [Listener at 127.0.0.1/43449] INFO  server.GrpcService (ConfUtils.java:logGet(46)) - raft.grpc.message.size.max = 32MB (=33554432) (custom)
2022-06-01 03:36:35,893 [Listener at 127.0.0.1/43449] INFO  server.RaftServerConfigKeys (ConfUtils.java:logGet(46)) - raft.server.log.appender.buffer.byte-limit = 33554432 (custom)
2022-06-01 03:36:35,893 [Listener at 127.0.0.1/43449] INFO  server.GrpcService (ConfUtils.java:logGet(46)) - raft.grpc.flow.control.window = 5MB (=5242880) (custom)
2022-06-01 03:36:35,893 [Listener at 127.0.0.1/43449] INFO  server.RaftServerConfigKeys (ConfUtils.java:logGet(46)) - raft.server.rpc.request.timeout = 60s (custom)
2022-06-01 03:36:35,893 [Listener at 127.0.0.1/43449] INFO  grpc.GrpcConfigKeys (ConfUtils.java:logGet(46)) - raft.grpc.server.async.request.thread.pool.cached = true (default)
2022-06-01 03:36:35,893 [Listener at 127.0.0.1/43449] INFO  grpc.GrpcConfigKeys (ConfUtils.java:logGet(46)) - raft.grpc.server.async.request.thread.pool.size = 32 (default)
2022-06-01 03:36:35,894 [Listener at 127.0.0.1/43449] INFO  impl.DataStreamServerImpl (ConfUtils.java:logGet(46)) - raft.datastream.type = DISABLED (default)
2022-06-01 03:36:35,895 [Listener at 127.0.0.1/43449] INFO  server.RaftServerConfigKeys (ConfUtils.java:logGet(46)) - raft.server.threadpool.proxy.cached = true (default)
2022-06-01 03:36:35,895 [Listener at 127.0.0.1/43449] INFO  server.RaftServerConfigKeys (ConfUtils.java:logGet(46)) - raft.server.threadpool.proxy.size = 0 (default)
2022-06-01 03:36:35,895 [Listener at 127.0.0.1/43449] INFO  server.RaftServerConfigKeys (ConfUtils.java:logGet(46)) - raft.server.rpc.slowness.timeout = 300s (custom)
2022-06-01 03:36:35,895 [Listener at 127.0.0.1/43449] INFO  server.RaftServerConfigKeys (ConfUtils.java:logGet(46)) - raft.server.leaderelection.leader.step-down.wait-time = 10s (default)
2022-06-01 03:36:35,895 [Listener at 127.0.0.1/43449] INFO  server.RaftServerConfigKeys (ConfUtils.java:logGet(46)) - raft.server.storage.dir = [/home/runner/work/ozone/ozone/hadoop-ozone/integration-test/target/test-dir/MiniOzoneClusterImpl-f48b6726-dd30-40f9-bb46-d41d0091544d/datanode-1/data/ratis] (custom)
2022-06-01 03:36:35,913 [Listener at 127.0.0.1/43449] INFO  server.XceiverServerGrpc (XceiverServerGrpc.java:<init>(132)) - GrpcServer channel type EpollServerSocketChannel
2022-06-01 03:36:35,918 [Listener at 127.0.0.1/43449] INFO  http.BaseHttpServer (BaseHttpServer.java:newHttpServer2BuilderForOzone(209)) - Starting Web-server for hddsDatanode at: http://0.0.0.0:0
2022-06-01 03:36:35,918 [Listener at 127.0.0.1/43449] INFO  http.BaseHttpServer (BaseHttpServer.java:<init>(107)) - Hadoop Security Enabled: false Ozone Security Enabled: false Ozone HTTP Security Enabled: false 
2022-06-01 03:36:35,933 [Listener at 127.0.0.1/43449] INFO  server.AuthenticationFilter (AuthenticationFilter.java:constructSecretProvider(240)) - Unable to initialize FileSignerSecretProvider, falling back to use random secrets.
2022-06-01 03:36:35,964 [Listener at 127.0.0.1/43449] WARN  http.HttpRequestLog (HttpRequestLog.java:getRequestLog(103)) - Jetty request log can only be enabled using Log4j
2022-06-01 03:36:35,964 [Listener at 127.0.0.1/43449] INFO  http.HttpServer2 (HttpServer2.java:addGlobalFilter(1030)) - Added global filter 'safety' (class=org.apache.hadoop.hdds.server.http.HttpServer2$QuotingInputFilter)
2022-06-01 03:36:35,965 [Listener at 127.0.0.1/43449] INFO  http.HttpServer2 (HttpServer2.java:addFilter(1006)) - Added filter static_user_filter (class=org.apache.hadoop.http.lib.StaticUserWebFilter$StaticUserFilter) to context hddsDatanode
2022-06-01 03:36:35,965 [Listener at 127.0.0.1/43449] INFO  http.HttpServer2 (HttpServer2.java:addFilter(1014)) - Added filter static_user_filter (class=org.apache.hadoop.http.lib.StaticUserWebFilter$StaticUserFilter) to context logs
2022-06-01 03:36:35,965 [Listener at 127.0.0.1/43449] INFO  http.HttpServer2 (HttpServer2.java:addFilter(1014)) - Added filter static_user_filter (class=org.apache.hadoop.http.lib.StaticUserWebFilter$StaticUserFilter) to context static
2022-06-01 03:36:35,966 [Listener at 127.0.0.1/43449] INFO  http.HttpServer2 (HttpServer2.java:bindListener(1249)) - Jetty bound to port 33763
2022-06-01 03:36:35,966 [Listener at 127.0.0.1/43449] INFO  server.Server (Server.java:doStart(375)) - jetty-9.4.43.v20210629; built: 2021-06-30T11:07:22.254Z; git: 526006ecfa3af7f1a27ef3a288e2bef7ea9dd7e8; jvm 1.8.0_332-b09
2022-06-01 03:36:35,986 [Listener at 127.0.0.1/43449] INFO  server.session (DefaultSessionIdManager.java:doStart(334)) - DefaultSessionIdManager workerName=node0
2022-06-01 03:36:35,986 [Listener at 127.0.0.1/43449] INFO  server.session (DefaultSessionIdManager.java:doStart(339)) - No SessionScavenger set, using defaults
2022-06-01 03:36:35,986 [Listener at 127.0.0.1/43449] INFO  server.session (HouseKeeper.java:startScavenging(132)) - node0 Scavenging every 660000ms
2022-06-01 03:36:35,988 [Listener at 127.0.0.1/43449] INFO  handler.ContextHandler (ContextHandler.java:doStart(915)) - Started o.e.j.s.ServletContextHandler@2e33190f{logs,/logs,file:///home/runner/work/ozone/ozone/hadoop-ozone/integration-test/target/log,AVAILABLE}
2022-06-01 03:36:35,989 [Listener at 127.0.0.1/43449] INFO  handler.ContextHandler (ContextHandler.java:doStart(915)) - Started o.e.j.s.ServletContextHandler@a0632db{static,/static,jar:file:/home/runner/.m2/repository/org/apache/ozone/hdds-container-service/1.3.0-SNAPSHOT/hdds-container-service-1.3.0-SNAPSHOT.jar!/webapps/static,AVAILABLE}
2022-06-01 03:36:36,469 [Listener at 127.0.0.1/43449] INFO  handler.ContextHandler (ContextHandler.java:doStart(915)) - Started o.e.j.w.WebAppContext@28245340{hddsDatanode,/,file:///tmp/jetty-0_0_0_0-33763-hdds-container-service-1_3_0-SNAPSHOT_jar-_-any-3326270682949370452/webapp/,AVAILABLE}{jar:file:/home/runner/.m2/repository/org/apache/ozone/hdds-container-service/1.3.0-SNAPSHOT/hdds-container-service-1.3.0-SNAPSHOT.jar!/webapps/hddsDatanode}
2022-06-01 03:36:36,472 [Listener at 127.0.0.1/43449] INFO  server.AbstractConnector (AbstractConnector.java:doStart(331)) - Started ServerConnector@31823f0d{HTTP/1.1, (http/1.1)}{0.0.0.0:33763}
2022-06-01 03:36:36,472 [Listener at 127.0.0.1/43449] INFO  server.Server (Server.java:doStart(415)) - Started @159606ms
2022-06-01 03:36:36,472 [Listener at 127.0.0.1/43449] WARN  impl.MetricsSystemImpl (MetricsSystemImpl.java:register(279)) - Sink prometheus already exists!
2022-06-01 03:36:36,473 [Listener at 127.0.0.1/43449] INFO  http.BaseHttpServer (BaseHttpServer.java:updateConnectorAddress(329)) - HTTP server of hddsDatanode listening at http://0.0.0.0:33763
2022-06-01 03:36:36,473 [Listener at 127.0.0.1/43449] WARN  impl.MetricRegistriesImpl (MetricRegistriesImpl.java:addReporterRegistration(111)) - New reporters are added after registries were created. Some metrics will be missing from the reporter. Please add reporter before adding any new registry.
2022-06-01 03:36:36,473 [Listener at 127.0.0.1/43449] WARN  impl.MetricRegistriesImpl (MetricRegistriesImpl.java:addReporterRegistration(111)) - New reporters are added after registries were created. Some metrics will be missing from the reporter. Please add reporter before adding any new registry.
2022-06-01 03:36:36,473 [Listener at 127.0.0.1/43449] INFO  impl.MetricsSystemImpl (MetricsSystemImpl.java:init(158)) - HddsDatanode metrics system started (again)
2022-06-01 03:36:36,498 [Datanode State Machine Daemon Thread] INFO  statemachine.DatanodeStateMachine (DatanodeStateMachine.java:lambda$startDaemon$0(481)) - Ozone container server started.
2022-06-01 03:36:36,520 [Listener at 127.0.0.1/43449] INFO  ozone.HddsDatanodeService (HddsDatanodeService.java:start(236)) - HddsDatanodeService host:fv-az151-582.yf2hydr00wburbhx3j5hxtcipe.bx.internal.cloudapp.net ip:10.1.0.5
2022-06-01 03:36:36,576 [Listener at 127.0.0.1/43449] INFO  upgrade.AbstractLayoutVersionManager (AbstractLayoutVersionManager.java:init(79)) - Initializing Layout version manager with metadata layout = ERASURE_CODED_STORAGE_SUPPORT (version = 3), software layout = ERASURE_CODED_STORAGE_SUPPORT (version = 3)
2022-06-01 03:36:36,664 [org.apache.hadoop.util.JvmPauseMonitor$Monitor@179bb013] INFO  util.JvmPauseMonitor (JvmPauseMonitor.java:run(188)) - Starting JVM pause monitor
2022-06-01 03:36:36,677 [Datanode State Machine Task Thread - 0] INFO  datanode.InitDatanodeState (InitDatanodeState.java:persistContainerDatanodeDetails(138)) - DatanodeDetails is persisted to /home/runner/work/ozone/ozone/hadoop-ozone/integration-test/target/test-dir/MiniOzoneClusterImpl-f48b6726-dd30-40f9-bb46-d41d0091544d/datanode-1/meta/datanode.id
2022-06-01 03:36:36,707 [Listener at 127.0.0.1/43449] INFO  reflections.Reflections (Reflections.java:scan(232)) - Reflections took 129 ms to scan 7 urls, producing 127 keys and 292 values 
2022-06-01 03:36:36,709 [Listener at 127.0.0.1/43449] INFO  statemachine.DatanodeStateMachine (DatanodeStateMachine.java:getEndPointTaskThreadPoolSize(233)) - Datanode State Machine Task Thread Pool size 2
2022-06-01 03:36:36,719 [Listener at 127.0.0.1/43449] INFO  volume.HddsVolume (HddsVolume.java:<init>(120)) - Creating HddsVolume: /home/runner/work/ozone/ozone/hadoop-ozone/integration-test/target/test-dir/MiniOzoneClusterImpl-f48b6726-dd30-40f9-bb46-d41d0091544d/datanode-2/data-0/containers/hdds of storage type : DISK capacity : 9223372036854775807
2022-06-01 03:36:36,719 [Listener at 127.0.0.1/43449] INFO  volume.MutableVolumeSet (MutableVolumeSet.java:initializeVolumeSet(168)) - Added Volume : /home/runner/work/ozone/ozone/hadoop-ozone/integration-test/target/test-dir/MiniOzoneClusterImpl-f48b6726-dd30-40f9-bb46-d41d0091544d/datanode-2/data-0/containers/hdds to VolumeSet
2022-06-01 03:36:36,719 [Listener at 127.0.0.1/43449] INFO  volume.ThrottledAsyncChecker (ThrottledAsyncChecker.java:schedule(141)) - Scheduling a check for /home/runner/work/ozone/ozone/hadoop-ozone/integration-test/target/test-dir/MiniOzoneClusterImpl-f48b6726-dd30-40f9-bb46-d41d0091544d/datanode-2/data-0/containers/hdds
2022-06-01 03:36:36,740 [Listener at 127.0.0.1/43449] INFO  volume.StorageVolumeChecker (StorageVolumeChecker.java:checkAllVolumes(202)) - Scheduled health check for volume /home/runner/work/ozone/ozone/hadoop-ozone/integration-test/target/test-dir/MiniOzoneClusterImpl-f48b6726-dd30-40f9-bb46-d41d0091544d/datanode-2/data-0/containers/hdds
2022-06-01 03:36:36,763 [Listener at 127.0.0.1/43449] INFO  volume.MutableVolumeSet (MutableVolumeSet.java:initializeVolumeSet(168)) - Added Volume : /home/runner/work/ozone/ozone/hadoop-ozone/integration-test/target/test-dir/MiniOzoneClusterImpl-f48b6726-dd30-40f9-bb46-d41d0091544d/datanode-2/data/ratis to VolumeSet
2022-06-01 03:36:36,765 [Listener at 127.0.0.1/43449] INFO  volume.ThrottledAsyncChecker (ThrottledAsyncChecker.java:schedule(141)) - Scheduling a check for /home/runner/work/ozone/ozone/hadoop-ozone/integration-test/target/test-dir/MiniOzoneClusterImpl-f48b6726-dd30-40f9-bb46-d41d0091544d/datanode-2/data/ratis
2022-06-01 03:36:36,766 [Listener at 127.0.0.1/43449] INFO  volume.StorageVolumeChecker (StorageVolumeChecker.java:checkAllVolumes(202)) - Scheduled health check for volume /home/runner/work/ozone/ozone/hadoop-ozone/integration-test/target/test-dir/MiniOzoneClusterImpl-f48b6726-dd30-40f9-bb46-d41d0091544d/datanode-2/data/ratis
2022-06-01 03:36:36,807 [Thread-1209] INFO  ozoneimpl.ContainerReader (ContainerReader.java:readVolume(172)) - Finish verifying containers on volume /home/runner/work/ozone/ozone/hadoop-ozone/integration-test/target/test-dir/MiniOzoneClusterImpl-f48b6726-dd30-40f9-bb46-d41d0091544d/datanode-2/data-0/containers/hdds
2022-06-01 03:36:36,807 [Listener at 127.0.0.1/43449] INFO  ozoneimpl.OzoneContainer (OzoneContainer.java:buildContainerSet(257)) - Build ContainerSet costs 0s
2022-06-01 03:36:36,809 [Listener at 127.0.0.1/43449] INFO  server.RaftServer (ConfUtils.java:logGet(46)) - raft.rpc.type = GRPC (default)
2022-06-01 03:36:36,809 [Listener at 127.0.0.1/43449] INFO  grpc.GrpcFactory (GrpcFactory.java:checkPooledByteBufAllocatorUseCacheForAllThreads(48)) - PERFORMANCE WARNING: useCacheForAllThreads is true that may cause Netty to create a lot garbage objects and, as a result, trigger GC.
	It is recommended to disable useCacheForAllThreads by setting -Dorg.apache.ratis.thirdparty.io.netty.allocator.useCacheForAllThreads=false in command line.
2022-06-01 03:36:36,809 [Listener at 127.0.0.1/43449] INFO  grpc.GrpcConfigKeys (ConfUtils.java:logGet(46)) - raft.grpc.admin.port = 0 (custom)
2022-06-01 03:36:36,809 [Listener at 127.0.0.1/43449] INFO  grpc.GrpcConfigKeys (ConfUtils.java:logGet(46)) - raft.grpc.client.port = 0 (custom)
2022-06-01 03:36:36,809 [Listener at 127.0.0.1/43449] INFO  grpc.GrpcConfigKeys (ConfUtils.java:logGet(46)) - raft.grpc.server.port = 0 (default)
2022-06-01 03:36:36,809 [Listener at 127.0.0.1/43449] INFO  server.GrpcService (ConfUtils.java:logGet(46)) - raft.grpc.message.size.max = 32MB (=33554432) (custom)
2022-06-01 03:36:36,809 [Listener at 127.0.0.1/43449] INFO  server.RaftServerConfigKeys (ConfUtils.java:logGet(46)) - raft.server.log.appender.buffer.byte-limit = 33554432 (custom)
2022-06-01 03:36:36,810 [Listener at 127.0.0.1/43449] INFO  server.GrpcService (ConfUtils.java:logGet(46)) - raft.grpc.flow.control.window = 5MB (=5242880) (custom)
2022-06-01 03:36:36,810 [Listener at 127.0.0.1/43449] INFO  server.RaftServerConfigKeys (ConfUtils.java:logGet(46)) - raft.server.rpc.request.timeout = 60s (custom)
2022-06-01 03:36:36,810 [Listener at 127.0.0.1/43449] INFO  grpc.GrpcConfigKeys (ConfUtils.java:logGet(46)) - raft.grpc.server.async.request.thread.pool.cached = true (default)
2022-06-01 03:36:36,810 [Listener at 127.0.0.1/43449] INFO  grpc.GrpcConfigKeys (ConfUtils.java:logGet(46)) - raft.grpc.server.async.request.thread.pool.size = 32 (default)
2022-06-01 03:36:36,811 [Listener at 127.0.0.1/43449] INFO  impl.DataStreamServerImpl (ConfUtils.java:logGet(46)) - raft.datastream.type = DISABLED (default)
2022-06-01 03:36:36,811 [Listener at 127.0.0.1/43449] INFO  server.RaftServerConfigKeys (ConfUtils.java:logGet(46)) - raft.server.threadpool.proxy.cached = true (default)
2022-06-01 03:36:36,811 [Listener at 127.0.0.1/43449] INFO  server.RaftServerConfigKeys (ConfUtils.java:logGet(46)) - raft.server.threadpool.proxy.size = 0 (default)
2022-06-01 03:36:36,824 [Listener at 127.0.0.1/43449] INFO  server.RaftServerConfigKeys (ConfUtils.java:logGet(46)) - raft.server.rpc.slowness.timeout = 300s (custom)
2022-06-01 03:36:36,824 [Listener at 127.0.0.1/43449] INFO  server.RaftServerConfigKeys (ConfUtils.java:logGet(46)) - raft.server.leaderelection.leader.step-down.wait-time = 10s (default)
2022-06-01 03:36:36,825 [Listener at 127.0.0.1/43449] INFO  server.RaftServerConfigKeys (ConfUtils.java:logGet(46)) - raft.server.storage.dir = [/home/runner/work/ozone/ozone/hadoop-ozone/integration-test/target/test-dir/MiniOzoneClusterImpl-f48b6726-dd30-40f9-bb46-d41d0091544d/datanode-2/data/ratis] (custom)
2022-06-01 03:36:36,843 [Listener at 127.0.0.1/43449] INFO  server.XceiverServerGrpc (XceiverServerGrpc.java:<init>(132)) - GrpcServer channel type EpollServerSocketChannel
2022-06-01 03:36:36,862 [Listener at 127.0.0.1/43449] INFO  http.BaseHttpServer (BaseHttpServer.java:newHttpServer2BuilderForOzone(209)) - Starting Web-server for hddsDatanode at: http://0.0.0.0:0
2022-06-01 03:36:36,862 [Listener at 127.0.0.1/43449] INFO  http.BaseHttpServer (BaseHttpServer.java:<init>(107)) - Hadoop Security Enabled: false Ozone Security Enabled: false Ozone HTTP Security Enabled: false 
2022-06-01 03:36:36,863 [Listener at 127.0.0.1/43449] INFO  server.AuthenticationFilter (AuthenticationFilter.java:constructSecretProvider(240)) - Unable to initialize FileSignerSecretProvider, falling back to use random secrets.
2022-06-01 03:36:36,864 [Listener at 127.0.0.1/43449] WARN  http.HttpRequestLog (HttpRequestLog.java:getRequestLog(103)) - Jetty request log can only be enabled using Log4j
2022-06-01 03:36:36,865 [Listener at 127.0.0.1/43449] INFO  http.HttpServer2 (HttpServer2.java:addGlobalFilter(1030)) - Added global filter 'safety' (class=org.apache.hadoop.hdds.server.http.HttpServer2$QuotingInputFilter)
2022-06-01 03:36:36,866 [Listener at 127.0.0.1/43449] INFO  http.HttpServer2 (HttpServer2.java:addFilter(1006)) - Added filter static_user_filter (class=org.apache.hadoop.http.lib.StaticUserWebFilter$StaticUserFilter) to context hddsDatanode
2022-06-01 03:36:36,867 [Listener at 127.0.0.1/43449] INFO  http.HttpServer2 (HttpServer2.java:addFilter(1014)) - Added filter static_user_filter (class=org.apache.hadoop.http.lib.StaticUserWebFilter$StaticUserFilter) to context logs
2022-06-01 03:36:36,867 [Listener at 127.0.0.1/43449] INFO  http.HttpServer2 (HttpServer2.java:addFilter(1014)) - Added filter static_user_filter (class=org.apache.hadoop.http.lib.StaticUserWebFilter$StaticUserFilter) to context static
2022-06-01 03:36:36,868 [Listener at 127.0.0.1/43449] INFO  http.HttpServer2 (HttpServer2.java:bindListener(1249)) - Jetty bound to port 45919
2022-06-01 03:36:36,868 [Listener at 127.0.0.1/43449] INFO  server.Server (Server.java:doStart(375)) - jetty-9.4.43.v20210629; built: 2021-06-30T11:07:22.254Z; git: 526006ecfa3af7f1a27ef3a288e2bef7ea9dd7e8; jvm 1.8.0_332-b09
2022-06-01 03:36:36,869 [Listener at 127.0.0.1/43449] INFO  server.session (DefaultSessionIdManager.java:doStart(334)) - DefaultSessionIdManager workerName=node0
2022-06-01 03:36:36,869 [Listener at 127.0.0.1/43449] INFO  server.session (DefaultSessionIdManager.java:doStart(339)) - No SessionScavenger set, using defaults
2022-06-01 03:36:36,869 [Listener at 127.0.0.1/43449] INFO  server.session (HouseKeeper.java:startScavenging(132)) - node0 Scavenging every 600000ms
2022-06-01 03:36:36,870 [Listener at 127.0.0.1/43449] INFO  handler.ContextHandler (ContextHandler.java:doStart(915)) - Started o.e.j.s.ServletContextHandler@e8b0e73{logs,/logs,file:///home/runner/work/ozone/ozone/hadoop-ozone/integration-test/target/log,AVAILABLE}
2022-06-01 03:36:36,870 [Listener at 127.0.0.1/43449] INFO  handler.ContextHandler (ContextHandler.java:doStart(915)) - Started o.e.j.s.ServletContextHandler@cc1247a{static,/static,jar:file:/home/runner/.m2/repository/org/apache/ozone/hdds-container-service/1.3.0-SNAPSHOT/hdds-container-service-1.3.0-SNAPSHOT.jar!/webapps/static,AVAILABLE}
2022-06-01 03:36:37,526 [Listener at 127.0.0.1/43449] INFO  handler.ContextHandler (ContextHandler.java:doStart(915)) - Started o.e.j.w.WebAppContext@29347858{hddsDatanode,/,file:///tmp/jetty-0_0_0_0-45919-hdds-container-service-1_3_0-SNAPSHOT_jar-_-any-2243938942807123836/webapp/,AVAILABLE}{jar:file:/home/runner/.m2/repository/org/apache/ozone/hdds-container-service/1.3.0-SNAPSHOT/hdds-container-service-1.3.0-SNAPSHOT.jar!/webapps/hddsDatanode}
2022-06-01 03:36:37,536 [Listener at 127.0.0.1/43449] INFO  server.AbstractConnector (AbstractConnector.java:doStart(331)) - Started ServerConnector@7994663{HTTP/1.1, (http/1.1)}{0.0.0.0:45919}
2022-06-01 03:36:37,536 [Listener at 127.0.0.1/43449] INFO  server.Server (Server.java:doStart(415)) - Started @160670ms
2022-06-01 03:36:37,536 [Listener at 127.0.0.1/43449] WARN  impl.MetricsSystemImpl (MetricsSystemImpl.java:register(279)) - Sink prometheus already exists!
2022-06-01 03:36:37,538 [Listener at 127.0.0.1/43449] INFO  http.BaseHttpServer (BaseHttpServer.java:updateConnectorAddress(329)) - HTTP server of hddsDatanode listening at http://0.0.0.0:45919
2022-06-01 03:36:37,545 [Listener at 127.0.0.1/43449] INFO  ozone.MiniOzoneClusterImpl (MiniOzoneClusterImpl.java:lambda$waitForClusterToBeReady$0(221)) - Waiting for nodes to be ready. Got 0 of 3 DN Heartbeats.
2022-06-01 03:36:37,545 [Listener at 127.0.0.1/43449] INFO  ozone.MiniOzoneClusterImpl (MiniOzoneClusterImpl.java:lambda$waitForClusterToBeReady$0(224)) - Waiting for cluster to exit safe mode
2022-06-01 03:36:37,545 [Listener at 127.0.0.1/43449] INFO  ozone.MiniOzoneClusterImpl (MiniOzoneClusterImpl.java:lambda$waitForClusterToBeReady$0(226)) - SCM became leader
2022-06-01 03:36:37,548 [Datanode State Machine Daemon Thread] INFO  statemachine.DatanodeStateMachine (DatanodeStateMachine.java:lambda$startDaemon$0(481)) - Ozone container server started.
2022-06-01 03:36:37,680 [org.apache.hadoop.util.JvmPauseMonitor$Monitor@5663efe4] INFO  util.JvmPauseMonitor (JvmPauseMonitor.java:run(188)) - Starting JVM pause monitor
2022-06-01 03:36:37,698 [Datanode State Machine Task Thread - 0] INFO  datanode.InitDatanodeState (InitDatanodeState.java:persistContainerDatanodeDetails(138)) - DatanodeDetails is persisted to /home/runner/work/ozone/ozone/hadoop-ozone/integration-test/target/test-dir/MiniOzoneClusterImpl-f48b6726-dd30-40f9-bb46-d41d0091544d/datanode-2/meta/datanode.id
2022-06-01 03:36:37,762 [EndpointStateMachine task thread for /0.0.0.0:33657 - 0 ] INFO  ozoneimpl.OzoneContainer (OzoneContainer.java:start(335)) - Attempting to start container services.
2022-06-01 03:36:37,763 [EndpointStateMachine task thread for /0.0.0.0:33657 - 0 ] INFO  ozoneimpl.OzoneContainer (OzoneContainer.java:startContainerScrub(270)) - Background container scanner has been disabled.
2022-06-01 03:36:37,765 [EndpointStateMachine task thread for /0.0.0.0:33657 - 0 ] INFO  replication.ReplicationServer (ReplicationServer.java:start(111)) - ReplicationServer is started using port 45875
2022-06-01 03:36:37,765 [EndpointStateMachine task thread for /0.0.0.0:33657 - 0 ] INFO  ratis.XceiverServerRatis (XceiverServerRatis.java:start(481)) - Starting XceiverServerRatis 256e671e-ba6c-4506-876b-ba7b74b86bde
2022-06-01 03:36:37,766 [EndpointStateMachine task thread for /0.0.0.0:33657 - 0 ] INFO  server.RaftServer (RaftServerProxy.java:lambda$start$6(382)) - 256e671e-ba6c-4506-876b-ba7b74b86bde: start RPC server
2022-06-01 03:36:37,770 [EndpointStateMachine task thread for /0.0.0.0:33657 - 0 ] INFO  server.GrpcService (GrpcService.java:startImpl(260)) - 256e671e-ba6c-4506-876b-ba7b74b86bde: GrpcService started, listening on 40427
2022-06-01 03:36:37,770 [EndpointStateMachine task thread for /0.0.0.0:33657 - 0 ] INFO  ratis.XceiverServerRatis (XceiverServerRatis.java:getRealPort(502)) - XceiverServerRatis 256e671e-ba6c-4506-876b-ba7b74b86bde is started using port 40427 for RATIS
2022-06-01 03:36:37,770 [EndpointStateMachine task thread for /0.0.0.0:33657 - 0 ] INFO  ratis.XceiverServerRatis (XceiverServerRatis.java:getRealPort(502)) - XceiverServerRatis 256e671e-ba6c-4506-876b-ba7b74b86bde is started using port 40427 for RATIS_ADMIN
2022-06-01 03:36:37,770 [EndpointStateMachine task thread for /0.0.0.0:33657 - 0 ] INFO  ratis.XceiverServerRatis (XceiverServerRatis.java:getRealPort(502)) - XceiverServerRatis 256e671e-ba6c-4506-876b-ba7b74b86bde is started using port 40427 for RATIS_SERVER
2022-06-01 03:36:37,770 [org.apache.ratis.util.JvmPauseMonitor$$Lambda$677/1664655596@e398684] INFO  util.JvmPauseMonitor (JvmPauseMonitor.java:run(103)) - JvmPauseMonitor-256e671e-ba6c-4506-876b-ba7b74b86bde: Started
2022-06-01 03:36:37,776 [EndpointStateMachine task thread for /0.0.0.0:33657 - 0 ] INFO  server.XceiverServerGrpc (XceiverServerGrpc.java:start(180)) - XceiverServerGrpc 256e671e-ba6c-4506-876b-ba7b74b86bde is started using port 42039
2022-06-01 03:36:38,545 [Listener at 127.0.0.1/43449] INFO  ozone.MiniOzoneClusterImpl (MiniOzoneClusterImpl.java:lambda$waitForClusterToBeReady$0(221)) - Waiting for nodes to be ready. Got 0 of 3 DN Heartbeats.
2022-06-01 03:36:38,545 [Listener at 127.0.0.1/43449] INFO  ozone.MiniOzoneClusterImpl (MiniOzoneClusterImpl.java:lambda$waitForClusterToBeReady$0(224)) - Waiting for cluster to exit safe mode
2022-06-01 03:36:38,546 [Listener at 127.0.0.1/43449] INFO  ozone.MiniOzoneClusterImpl (MiniOzoneClusterImpl.java:lambda$waitForClusterToBeReady$0(226)) - SCM became leader
2022-06-01 03:36:38,702 [EndpointStateMachine task thread for /0.0.0.0:33657 - 0 ] INFO  ozoneimpl.OzoneContainer (OzoneContainer.java:start(335)) - Attempting to start container services.
2022-06-01 03:36:38,702 [EndpointStateMachine task thread for /0.0.0.0:33657 - 0 ] INFO  ozoneimpl.OzoneContainer (OzoneContainer.java:startContainerScrub(270)) - Background container scanner has been disabled.
2022-06-01 03:36:38,704 [EndpointStateMachine task thread for /0.0.0.0:33657 - 0 ] INFO  replication.ReplicationServer (ReplicationServer.java:start(111)) - ReplicationServer is started using port 41847
2022-06-01 03:36:38,705 [EndpointStateMachine task thread for /0.0.0.0:33657 - 0 ] INFO  ratis.XceiverServerRatis (XceiverServerRatis.java:start(481)) - Starting XceiverServerRatis 5b27db08-20be-441d-9c86-d8d1c4f327f7
2022-06-01 03:36:38,705 [EndpointStateMachine task thread for /0.0.0.0:33657 - 0 ] INFO  server.RaftServer (RaftServerProxy.java:lambda$start$6(382)) - 5b27db08-20be-441d-9c86-d8d1c4f327f7: start RPC server
2022-06-01 03:36:38,724 [EndpointStateMachine task thread for /0.0.0.0:33657 - 0 ] INFO  server.GrpcService (GrpcService.java:startImpl(260)) - 5b27db08-20be-441d-9c86-d8d1c4f327f7: GrpcService started, listening on 43851
2022-06-01 03:36:38,724 [EndpointStateMachine task thread for /0.0.0.0:33657 - 0 ] INFO  ratis.XceiverServerRatis (XceiverServerRatis.java:getRealPort(502)) - XceiverServerRatis 5b27db08-20be-441d-9c86-d8d1c4f327f7 is started using port 43851 for RATIS
2022-06-01 03:36:38,724 [EndpointStateMachine task thread for /0.0.0.0:33657 - 0 ] INFO  ratis.XceiverServerRatis (XceiverServerRatis.java:getRealPort(502)) - XceiverServerRatis 5b27db08-20be-441d-9c86-d8d1c4f327f7 is started using port 43851 for RATIS_ADMIN
2022-06-01 03:36:38,724 [EndpointStateMachine task thread for /0.0.0.0:33657 - 0 ] INFO  ratis.XceiverServerRatis (XceiverServerRatis.java:getRealPort(502)) - XceiverServerRatis 5b27db08-20be-441d-9c86-d8d1c4f327f7 is started using port 43851 for RATIS_SERVER
2022-06-01 03:36:38,728 [org.apache.ratis.util.JvmPauseMonitor$$Lambda$677/1664655596@8f0596a] INFO  util.JvmPauseMonitor (JvmPauseMonitor.java:run(103)) - JvmPauseMonitor-5b27db08-20be-441d-9c86-d8d1c4f327f7: Started
2022-06-01 03:36:38,793 [EndpointStateMachine task thread for /0.0.0.0:33657 - 0 ] INFO  server.XceiverServerGrpc (XceiverServerGrpc.java:start(180)) - XceiverServerGrpc 5b27db08-20be-441d-9c86-d8d1c4f327f7 is started using port 37781
2022-06-01 03:36:39,546 [Listener at 127.0.0.1/43449] INFO  ozone.MiniOzoneClusterImpl (MiniOzoneClusterImpl.java:lambda$waitForClusterToBeReady$0(221)) - Waiting for nodes to be ready. Got 0 of 3 DN Heartbeats.
2022-06-01 03:36:39,546 [Listener at 127.0.0.1/43449] INFO  ozone.MiniOzoneClusterImpl (MiniOzoneClusterImpl.java:lambda$waitForClusterToBeReady$0(224)) - Waiting for cluster to exit safe mode
2022-06-01 03:36:39,546 [Listener at 127.0.0.1/43449] INFO  ozone.MiniOzoneClusterImpl (MiniOzoneClusterImpl.java:lambda$waitForClusterToBeReady$0(226)) - SCM became leader
2022-06-01 03:36:39,583 [IPC Server handler 0 on default port 33657] INFO  net.NetworkTopologyImpl (NetworkTopologyImpl.java:add(112)) - Added a new node: /default-rack/256e671e-ba6c-4506-876b-ba7b74b86bde
2022-06-01 03:36:39,584 [IPC Server handler 0 on default port 33657] INFO  node.SCMNodeManager (SCMNodeManager.java:register(393)) - Registered Data node : 256e671e-ba6c-4506-876b-ba7b74b86bde{ip: 10.1.0.5, host: fv-az151-582.yf2hydr00wburbhx3j5hxtcipe.bx.internal.cloudapp.net, ports: [REPLICATION=45875, RATIS=40427, RATIS_ADMIN=40427, RATIS_SERVER=40427, STANDALONE=42039], networkLocation: /default-rack, certSerialId: null, persistedOpState: null, persistedOpStateExpiryEpochSec: 0}
2022-06-01 03:36:39,588 [EventQueue-NodeRegistrationContainerReportForDataNodeSafeModeRule] INFO  safemode.SCMSafeModeManager (DataNodeSafeModeRule.java:process(71)) - SCM in safe mode. 1 DataNodes registered, 3 required.
2022-06-01 03:36:39,588 [EventQueue-NodeRegistrationContainerReportForContainerSafeModeRule] INFO  safemode.SCMSafeModeManager (SCMSafeModeManager.java:validateSafeModeExitRules(204)) - ContainerSafeModeRule rule is successfully validated
2022-06-01 03:36:39,601 [EventQueue-NewNodeForNewNodeHandler] INFO  pipeline.BackgroundPipelineCreator (BackgroundPipelineCreator.java:notifyEventTriggered(272)) - trigger a one-shot run on RatisPipelineUtilsThread.
2022-06-01 03:36:39,601 [RatisPipelineUtilsThread - 0] INFO  pipeline.RatisPipelineProvider (RatisPipelineProvider.java:lambda$create$0(195)) - Sending CreatePipelineCommand for pipeline:PipelineID=79e9300f-a035-4b01-93d6-cb114bb55d35 to datanode:256e671e-ba6c-4506-876b-ba7b74b86bde
2022-06-01 03:36:39,603 [RatisPipelineUtilsThread - 0] INFO  pipeline.PipelineStateManagerImpl (PipelineStateManagerImpl.java:addPipeline(101)) - Created pipeline Pipeline[ Id: 79e9300f-a035-4b01-93d6-cb114bb55d35, Nodes: 256e671e-ba6c-4506-876b-ba7b74b86bde{ip: 10.1.0.5, host: fv-az151-582.yf2hydr00wburbhx3j5hxtcipe.bx.internal.cloudapp.net, ports: [REPLICATION=45875, RATIS=40427, RATIS_ADMIN=40427, RATIS_SERVER=40427, STANDALONE=42039], networkLocation: /default-rack, certSerialId: null, persistedOpState: IN_SERVICE, persistedOpStateExpiryEpochSec: 0}, ReplicationConfig: RATIS/ONE, State:ALLOCATED, leaderId:, CreationTimestamp2022-06-01T03:36:39.601Z[Etc/UTC]].
2022-06-01 03:36:39,603 [EventQueue-PipelineReportForOneReplicaPipelineSafeModeRule] INFO  safemode.SCMSafeModeManager (SCMSafeModeManager.java:validateSafeModeExitRules(204)) - AtleastOneDatanodeReportedRule rule is successfully validated
2022-06-01 03:36:39,715 [EndpointStateMachine task thread for /0.0.0.0:33657 - 0 ] INFO  ozoneimpl.OzoneContainer (OzoneContainer.java:start(335)) - Attempting to start container services.
2022-06-01 03:36:39,715 [EndpointStateMachine task thread for /0.0.0.0:33657 - 0 ] INFO  ozoneimpl.OzoneContainer (OzoneContainer.java:startContainerScrub(270)) - Background container scanner has been disabled.
2022-06-01 03:36:39,732 [EndpointStateMachine task thread for /0.0.0.0:33657 - 0 ] INFO  replication.ReplicationServer (ReplicationServer.java:start(111)) - ReplicationServer is started using port 39351
2022-06-01 03:36:39,732 [EndpointStateMachine task thread for /0.0.0.0:33657 - 0 ] INFO  ratis.XceiverServerRatis (XceiverServerRatis.java:start(481)) - Starting XceiverServerRatis abd81844-44fc-43f8-8293-c1e1ed0f8954
2022-06-01 03:36:39,736 [EndpointStateMachine task thread for /0.0.0.0:33657 - 0 ] INFO  server.RaftServer (RaftServerProxy.java:lambda$start$6(382)) - abd81844-44fc-43f8-8293-c1e1ed0f8954: start RPC server
2022-06-01 03:36:39,753 [EndpointStateMachine task thread for /0.0.0.0:33657 - 0 ] INFO  server.GrpcService (GrpcService.java:startImpl(260)) - abd81844-44fc-43f8-8293-c1e1ed0f8954: GrpcService started, listening on 43693
2022-06-01 03:36:39,753 [EndpointStateMachine task thread for /0.0.0.0:33657 - 0 ] INFO  ratis.XceiverServerRatis (XceiverServerRatis.java:getRealPort(502)) - XceiverServerRatis abd81844-44fc-43f8-8293-c1e1ed0f8954 is started using port 43693 for RATIS
2022-06-01 03:36:39,753 [EndpointStateMachine task thread for /0.0.0.0:33657 - 0 ] INFO  ratis.XceiverServerRatis (XceiverServerRatis.java:getRealPort(502)) - XceiverServerRatis abd81844-44fc-43f8-8293-c1e1ed0f8954 is started using port 43693 for RATIS_ADMIN
2022-06-01 03:36:39,754 [EndpointStateMachine task thread for /0.0.0.0:33657 - 0 ] INFO  ratis.XceiverServerRatis (XceiverServerRatis.java:getRealPort(502)) - XceiverServerRatis abd81844-44fc-43f8-8293-c1e1ed0f8954 is started using port 43693 for RATIS_SERVER
2022-06-01 03:36:39,754 [org.apache.ratis.util.JvmPauseMonitor$$Lambda$677/1664655596@4ea310db] INFO  util.JvmPauseMonitor (JvmPauseMonitor.java:run(103)) - JvmPauseMonitor-abd81844-44fc-43f8-8293-c1e1ed0f8954: Started
2022-06-01 03:36:39,788 [EndpointStateMachine task thread for /0.0.0.0:33657 - 0 ] INFO  server.XceiverServerGrpc (XceiverServerGrpc.java:start(180)) - XceiverServerGrpc abd81844-44fc-43f8-8293-c1e1ed0f8954 is started using port 41343
2022-06-01 03:36:40,546 [Listener at 127.0.0.1/43449] INFO  ozone.MiniOzoneClusterImpl (MiniOzoneClusterImpl.java:lambda$waitForClusterToBeReady$0(221)) - Waiting for nodes to be ready. Got 1 of 3 DN Heartbeats.
2022-06-01 03:36:40,547 [Listener at 127.0.0.1/43449] INFO  ozone.MiniOzoneClusterImpl (MiniOzoneClusterImpl.java:lambda$waitForClusterToBeReady$0(224)) - Waiting for cluster to exit safe mode
2022-06-01 03:36:40,547 [Listener at 127.0.0.1/43449] INFO  ozone.MiniOzoneClusterImpl (MiniOzoneClusterImpl.java:lambda$waitForClusterToBeReady$0(226)) - SCM became leader
2022-06-01 03:36:40,672 [IPC Server handler 1 on default port 33657] INFO  net.NetworkTopologyImpl (NetworkTopologyImpl.java:add(112)) - Added a new node: /default-rack/5b27db08-20be-441d-9c86-d8d1c4f327f7
2022-06-01 03:36:40,672 [IPC Server handler 1 on default port 33657] INFO  node.SCMNodeManager (SCMNodeManager.java:register(393)) - Registered Data node : 5b27db08-20be-441d-9c86-d8d1c4f327f7{ip: 10.1.0.5, host: fv-az151-582.yf2hydr00wburbhx3j5hxtcipe.bx.internal.cloudapp.net, ports: [REPLICATION=41847, RATIS=43851, RATIS_ADMIN=43851, RATIS_SERVER=43851, STANDALONE=37781], networkLocation: /default-rack, certSerialId: null, persistedOpState: null, persistedOpStateExpiryEpochSec: 0}
2022-06-01 03:36:40,672 [EventQueue-NewNodeForNewNodeHandler] INFO  pipeline.BackgroundPipelineCreator (BackgroundPipelineCreator.java:notifyEventTriggered(272)) - trigger a one-shot run on RatisPipelineUtilsThread.
2022-06-01 03:36:40,686 [EventQueue-NodeRegistrationContainerReportForDataNodeSafeModeRule] INFO  safemode.SCMSafeModeManager (DataNodeSafeModeRule.java:process(71)) - SCM in safe mode. 2 DataNodes registered, 3 required.
2022-06-01 03:36:40,690 [RatisPipelineUtilsThread - 0] INFO  pipeline.RatisPipelineProvider (RatisPipelineProvider.java:lambda$create$0(195)) - Sending CreatePipelineCommand for pipeline:PipelineID=6a3c2962-20cc-4a05-9541-a83251b36e19 to datanode:5b27db08-20be-441d-9c86-d8d1c4f327f7
2022-06-01 03:36:40,691 [RatisPipelineUtilsThread - 0] INFO  pipeline.PipelineStateManagerImpl (PipelineStateManagerImpl.java:addPipeline(101)) - Created pipeline Pipeline[ Id: 6a3c2962-20cc-4a05-9541-a83251b36e19, Nodes: 5b27db08-20be-441d-9c86-d8d1c4f327f7{ip: 10.1.0.5, host: fv-az151-582.yf2hydr00wburbhx3j5hxtcipe.bx.internal.cloudapp.net, ports: [REPLICATION=41847, RATIS=43851, RATIS_ADMIN=43851, RATIS_SERVER=43851, STANDALONE=37781], networkLocation: /default-rack, certSerialId: null, persistedOpState: IN_SERVICE, persistedOpStateExpiryEpochSec: 0}, ReplicationConfig: RATIS/ONE, State:ALLOCATED, leaderId:, CreationTimestamp2022-06-01T03:36:40.690Z[Etc/UTC]].
2022-06-01 03:36:41,565 [Listener at 127.0.0.1/43449] INFO  ozone.MiniOzoneClusterImpl (MiniOzoneClusterImpl.java:lambda$waitForClusterToBeReady$0(221)) - Waiting for nodes to be ready. Got 2 of 3 DN Heartbeats.
2022-06-01 03:36:41,565 [Listener at 127.0.0.1/43449] INFO  ozone.MiniOzoneClusterImpl (MiniOzoneClusterImpl.java:lambda$waitForClusterToBeReady$0(224)) - Waiting for cluster to exit safe mode
2022-06-01 03:36:41,565 [Listener at 127.0.0.1/43449] INFO  ozone.MiniOzoneClusterImpl (MiniOzoneClusterImpl.java:lambda$waitForClusterToBeReady$0(226)) - SCM became leader
2022-06-01 03:36:41,682 [IPC Server handler 19 on default port 33657] INFO  net.NetworkTopologyImpl (NetworkTopologyImpl.java:add(112)) - Added a new node: /default-rack/abd81844-44fc-43f8-8293-c1e1ed0f8954
2022-06-01 03:36:41,682 [IPC Server handler 19 on default port 33657] INFO  node.SCMNodeManager (SCMNodeManager.java:register(393)) - Registered Data node : abd81844-44fc-43f8-8293-c1e1ed0f8954{ip: 10.1.0.5, host: fv-az151-582.yf2hydr00wburbhx3j5hxtcipe.bx.internal.cloudapp.net, ports: [REPLICATION=39351, RATIS=43693, RATIS_ADMIN=43693, RATIS_SERVER=43693, STANDALONE=41343], networkLocation: /default-rack, certSerialId: null, persistedOpState: null, persistedOpStateExpiryEpochSec: 0}
2022-06-01 03:36:41,682 [EventQueue-NewNodeForNewNodeHandler] INFO  pipeline.BackgroundPipelineCreator (BackgroundPipelineCreator.java:notifyEventTriggered(272)) - trigger a one-shot run on RatisPipelineUtilsThread.
2022-06-01 03:36:41,682 [EventQueue-NodeRegistrationContainerReportForDataNodeSafeModeRule] INFO  safemode.SCMSafeModeManager (DataNodeSafeModeRule.java:process(71)) - SCM in safe mode. 3 DataNodes registered, 3 required.
2022-06-01 03:36:41,682 [EventQueue-NodeRegistrationContainerReportForDataNodeSafeModeRule] INFO  safemode.SCMSafeModeManager (SCMSafeModeManager.java:validateSafeModeExitRules(204)) - DataNodeSafeModeRule rule is successfully validated
2022-06-01 03:36:41,683 [EventQueue-NodeRegistrationContainerReportForDataNodeSafeModeRule] INFO  safemode.SCMSafeModeManager (SCMSafeModeManager.java:completePreCheck(233)) - All SCM safe mode pre check rules have passed
2022-06-01 03:36:41,683 [EventQueue-NodeRegistrationContainerReportForDataNodeSafeModeRule] WARN  events.EventQueue (EventQueue.java:fireEvent(194)) - No event handler registered for event TypedEvent{payloadType=SafeModeStatus, name='Safe mode status'}
2022-06-01 03:36:41,683 [EventQueue-NodeRegistrationContainerReportForDataNodeSafeModeRule] INFO  ha.SCMContext (SCMContext.java:updateSafeModeStatus(211)) - Update SafeModeStatus from SafeModeStatus{safeModeStatus=true, preCheckPassed=false} to SafeModeStatus{safeModeStatus=true, preCheckPassed=true}.
2022-06-01 03:36:41,683 [EventQueue-NodeRegistrationContainerReportForDataNodeSafeModeRule] INFO  pipeline.BackgroundPipelineCreator (BackgroundPipelineCreator.java:notifyEventTriggered(272)) - trigger a one-shot run on RatisPipelineUtilsThread.
2022-06-01 03:36:41,683 [RatisPipelineUtilsThread - 0] INFO  pipeline.RatisPipelineProvider (RatisPipelineProvider.java:lambda$create$0(195)) - Sending CreatePipelineCommand for pipeline:PipelineID=9de098d9-6564-465c-80c4-d26bd5fafff9 to datanode:abd81844-44fc-43f8-8293-c1e1ed0f8954
2022-06-01 03:36:41,684 [RatisPipelineUtilsThread - 0] INFO  pipeline.PipelineStateManagerImpl (PipelineStateManagerImpl.java:addPipeline(101)) - Created pipeline Pipeline[ Id: 9de098d9-6564-465c-80c4-d26bd5fafff9, Nodes: abd81844-44fc-43f8-8293-c1e1ed0f8954{ip: 10.1.0.5, host: fv-az151-582.yf2hydr00wburbhx3j5hxtcipe.bx.internal.cloudapp.net, ports: [REPLICATION=39351, RATIS=43693, RATIS_ADMIN=43693, RATIS_SERVER=43693, STANDALONE=41343], networkLocation: /default-rack, certSerialId: null, persistedOpState: IN_SERVICE, persistedOpStateExpiryEpochSec: 0}, ReplicationConfig: RATIS/ONE, State:ALLOCATED, leaderId:, CreationTimestamp2022-06-01T03:36:41.683Z[Etc/UTC]].
2022-06-01 03:36:41,684 [RatisPipelineUtilsThread - 0] INFO  pipeline.RatisPipelineProvider (RatisPipelineProvider.java:lambda$create$0(195)) - Sending CreatePipelineCommand for pipeline:PipelineID=c4ba0ef5-549e-46af-8573-45bfbed4972f to datanode:abd81844-44fc-43f8-8293-c1e1ed0f8954
2022-06-01 03:36:41,684 [RatisPipelineUtilsThread - 0] INFO  pipeline.RatisPipelineProvider (RatisPipelineProvider.java:lambda$create$0(195)) - Sending CreatePipelineCommand for pipeline:PipelineID=c4ba0ef5-549e-46af-8573-45bfbed4972f to datanode:5b27db08-20be-441d-9c86-d8d1c4f327f7
2022-06-01 03:36:41,684 [RatisPipelineUtilsThread - 0] INFO  pipeline.RatisPipelineProvider (RatisPipelineProvider.java:lambda$create$0(195)) - Sending CreatePipelineCommand for pipeline:PipelineID=c4ba0ef5-549e-46af-8573-45bfbed4972f to datanode:256e671e-ba6c-4506-876b-ba7b74b86bde
2022-06-01 03:36:41,684 [RatisPipelineUtilsThread - 0] INFO  pipeline.PipelineStateManagerImpl (PipelineStateManagerImpl.java:addPipeline(101)) - Created pipeline Pipeline[ Id: c4ba0ef5-549e-46af-8573-45bfbed4972f, Nodes: abd81844-44fc-43f8-8293-c1e1ed0f8954{ip: 10.1.0.5, host: fv-az151-582.yf2hydr00wburbhx3j5hxtcipe.bx.internal.cloudapp.net, ports: [REPLICATION=39351, RATIS=43693, RATIS_ADMIN=43693, RATIS_SERVER=43693, STANDALONE=41343], networkLocation: /default-rack, certSerialId: null, persistedOpState: IN_SERVICE, persistedOpStateExpiryEpochSec: 0}5b27db08-20be-441d-9c86-d8d1c4f327f7{ip: 10.1.0.5, host: fv-az151-582.yf2hydr00wburbhx3j5hxtcipe.bx.internal.cloudapp.net, ports: [REPLICATION=41847, RATIS=43851, RATIS_ADMIN=43851, RATIS_SERVER=43851, STANDALONE=37781], networkLocation: /default-rack, certSerialId: null, persistedOpState: IN_SERVICE, persistedOpStateExpiryEpochSec: 0}256e671e-ba6c-4506-876b-ba7b74b86bde{ip: 10.1.0.5, host: fv-az151-582.yf2hydr00wburbhx3j5hxtcipe.bx.internal.cloudapp.net, ports: [REPLICATION=45875, RATIS=40427, RATIS_ADMIN=40427, RATIS_SERVER=40427, STANDALONE=42039], networkLocation: /default-rack, certSerialId: null, persistedOpState: IN_SERVICE, persistedOpStateExpiryEpochSec: 0}, ReplicationConfig: RATIS/THREE, State:ALLOCATED, leaderId:, CreationTimestamp2022-06-01T03:36:41.684Z[Etc/UTC]].
2022-06-01 03:36:41,685 [RatisPipelineUtilsThread - 0] INFO  pipeline.RatisPipelineProvider (RatisPipelineProvider.java:lambda$create$0(195)) - Sending CreatePipelineCommand for pipeline:PipelineID=27c0c480-b9ec-4228-81f4-c6c57e7579ce to datanode:256e671e-ba6c-4506-876b-ba7b74b86bde
2022-06-01 03:36:41,685 [RatisPipelineUtilsThread - 0] INFO  pipeline.RatisPipelineProvider (RatisPipelineProvider.java:lambda$create$0(195)) - Sending CreatePipelineCommand for pipeline:PipelineID=27c0c480-b9ec-4228-81f4-c6c57e7579ce to datanode:5b27db08-20be-441d-9c86-d8d1c4f327f7
2022-06-01 03:36:41,685 [RatisPipelineUtilsThread - 0] INFO  pipeline.RatisPipelineProvider (RatisPipelineProvider.java:lambda$create$0(195)) - Sending CreatePipelineCommand for pipeline:PipelineID=27c0c480-b9ec-4228-81f4-c6c57e7579ce to datanode:abd81844-44fc-43f8-8293-c1e1ed0f8954
2022-06-01 03:36:41,688 [RatisPipelineUtilsThread - 0] INFO  pipeline.PipelineStateManagerImpl (PipelineStateManagerImpl.java:addPipeline(101)) - Created pipeline Pipeline[ Id: 27c0c480-b9ec-4228-81f4-c6c57e7579ce, Nodes: 256e671e-ba6c-4506-876b-ba7b74b86bde{ip: 10.1.0.5, host: fv-az151-582.yf2hydr00wburbhx3j5hxtcipe.bx.internal.cloudapp.net, ports: [REPLICATION=45875, RATIS=40427, RATIS_ADMIN=40427, RATIS_SERVER=40427, STANDALONE=42039], networkLocation: /default-rack, certSerialId: null, persistedOpState: IN_SERVICE, persistedOpStateExpiryEpochSec: 0}5b27db08-20be-441d-9c86-d8d1c4f327f7{ip: 10.1.0.5, host: fv-az151-582.yf2hydr00wburbhx3j5hxtcipe.bx.internal.cloudapp.net, ports: [REPLICATION=41847, RATIS=43851, RATIS_ADMIN=43851, RATIS_SERVER=43851, STANDALONE=37781], networkLocation: /default-rack, certSerialId: null, persistedOpState: IN_SERVICE, persistedOpStateExpiryEpochSec: 0}abd81844-44fc-43f8-8293-c1e1ed0f8954{ip: 10.1.0.5, host: fv-az151-582.yf2hydr00wburbhx3j5hxtcipe.bx.internal.cloudapp.net, ports: [REPLICATION=39351, RATIS=43693, RATIS_ADMIN=43693, RATIS_SERVER=43693, STANDALONE=41343], networkLocation: /default-rack, certSerialId: null, persistedOpState: IN_SERVICE, persistedOpStateExpiryEpochSec: 0}, ReplicationConfig: RATIS/THREE, State:ALLOCATED, leaderId:, CreationTimestamp2022-06-01T03:36:41.685Z[Etc/UTC]].
2022-06-01 03:36:41,688 [RatisPipelineUtilsThread - 0] INFO  pipeline.PipelineManagerImpl (PipelineManagerImpl.java:recordMetricsForPipeline(715)) - Pipeline: PipelineID=27c0c480-b9ec-4228-81f4-c6c57e7579ce contains same datanodes as previous pipelines: PipelineID=c4ba0ef5-549e-46af-8573-45bfbed4972f nodeIds: 256e671e-ba6c-4506-876b-ba7b74b86bde, 5b27db08-20be-441d-9c86-d8d1c4f327f7, abd81844-44fc-43f8-8293-c1e1ed0f8954
2022-06-01 03:36:42,565 [Listener at 127.0.0.1/43449] INFO  ozone.MiniOzoneClusterImpl (MiniOzoneClusterImpl.java:lambda$waitForClusterToBeReady$0(221)) - Nodes are ready. Got 3 of 3 DN Heartbeats.
2022-06-01 03:36:42,566 [Listener at 127.0.0.1/43449] INFO  ozone.MiniOzoneClusterImpl (MiniOzoneClusterImpl.java:lambda$waitForClusterToBeReady$0(224)) - Waiting for cluster to exit safe mode
2022-06-01 03:36:42,566 [Listener at 127.0.0.1/43449] INFO  ozone.MiniOzoneClusterImpl (MiniOzoneClusterImpl.java:lambda$waitForClusterToBeReady$0(226)) - SCM became leader
2022-06-01 03:36:42,581 [Command processor thread] INFO  server.RaftServer (RaftServerProxy.java:addNew(96)) - 256e671e-ba6c-4506-876b-ba7b74b86bde: addNew group-CB114BB55D35:[256e671e-ba6c-4506-876b-ba7b74b86bde|rpc:10.1.0.5:40427|priority:1] returns group-CB114BB55D35:java.util.concurrent.CompletableFuture@e2b4997[Not completed]
2022-06-01 03:36:42,582 [pool-591-thread-1] INFO  server.RaftServer$Division (RaftServerImpl.java:<init>(190)) - 256e671e-ba6c-4506-876b-ba7b74b86bde: new RaftServerImpl for group-CB114BB55D35:[256e671e-ba6c-4506-876b-ba7b74b86bde|rpc:10.1.0.5:40427|priority:1] with ContainerStateMachine:uninitialized
2022-06-01 03:36:42,582 [pool-591-thread-1] INFO  server.RaftServerConfigKeys (ConfUtils.java:logGet(46)) - raft.server.rpc.timeout.min = 5s (custom)
2022-06-01 03:36:42,583 [pool-591-thread-1] INFO  server.RaftServerConfigKeys (ConfUtils.java:logGet(46)) - raft.server.rpc.timeout.max = 5200ms (custom)
2022-06-01 03:36:42,583 [pool-591-thread-1] INFO  server.RaftServerConfigKeys (ConfUtils.java:logGet(46)) - raft.server.rpc.sleep.time = 25ms (default)
2022-06-01 03:36:42,583 [pool-591-thread-1] INFO  server.RaftServerConfigKeys (ConfUtils.java:logGet(46)) - raft.server.rpc.slowness.timeout = 300s (custom)
2022-06-01 03:36:42,583 [pool-591-thread-1] INFO  server.RaftServerConfigKeys (ConfUtils.java:logGet(46)) - raft.server.leaderelection.leader.step-down.wait-time = 10s (default)
2022-06-01 03:36:42,583 [pool-591-thread-1] INFO  server.RaftServerConfigKeys (ConfUtils.java:logGet(46)) - raft.server.sleep.deviation.threshold = 300ms (default)
2022-06-01 03:36:42,583 [pool-591-thread-1] INFO  server.RaftServer$Division (ServerState.java:<init>(107)) - 256e671e-ba6c-4506-876b-ba7b74b86bde@group-CB114BB55D35: ConfigurationManager, init=-1: [256e671e-ba6c-4506-876b-ba7b74b86bde|rpc:10.1.0.5:40427|priority:1], old=null, confs=<EMPTY_MAP>
2022-06-01 03:36:42,583 [pool-591-thread-1] INFO  server.RaftServerConfigKeys (ConfUtils.java:logGet(46)) - raft.server.storage.dir = [/home/runner/work/ozone/ozone/hadoop-ozone/integration-test/target/test-dir/MiniOzoneClusterImpl-f48b6726-dd30-40f9-bb46-d41d0091544d/datanode-0/data/ratis] (custom)
2022-06-01 03:36:42,583 [pool-591-thread-1] INFO  server.RaftServerConfigKeys (ConfUtils.java:logGet(46)) - raft.server.log.corruption.policy = EXCEPTION (default)
2022-06-01 03:36:42,583 [pool-591-thread-1] INFO  server.RaftServerConfigKeys (ConfUtils.java:logGet(46)) - raft.server.storage.free-space.min = 0MB (=0) (default)
2022-06-01 03:36:42,583 [pool-591-thread-1] INFO  storage.RaftStorageDirectory (RaftStorageDirectoryImpl.java:analyzeStorage(135)) - The storage directory /home/runner/work/ozone/ozone/hadoop-ozone/integration-test/target/test-dir/MiniOzoneClusterImpl-f48b6726-dd30-40f9-bb46-d41d0091544d/datanode-0/data/ratis/79e9300f-a035-4b01-93d6-cb114bb55d35 does not exist. Creating ...
2022-06-01 03:36:42,605 [pool-591-thread-1] INFO  storage.RaftStorageDirectory (RaftStorageDirectoryImpl.java:tryLock(230)) - Lock on /home/runner/work/ozone/ozone/hadoop-ozone/integration-test/target/test-dir/MiniOzoneClusterImpl-f48b6726-dd30-40f9-bb46-d41d0091544d/datanode-0/data/ratis/79e9300f-a035-4b01-93d6-cb114bb55d35/in_use.lock acquired by nodename 14781@fv-az151-582
2022-06-01 03:36:42,605 [pool-591-thread-1] INFO  storage.RaftStorage (RaftStorageImpl.java:format(89)) - Storage directory /home/runner/work/ozone/ozone/hadoop-ozone/integration-test/target/test-dir/MiniOzoneClusterImpl-f48b6726-dd30-40f9-bb46-d41d0091544d/datanode-0/data/ratis/79e9300f-a035-4b01-93d6-cb114bb55d35 has been successfully formatted.
2022-06-01 03:36:42,628 [pool-591-thread-1] INFO  ratis.ContainerStateMachine (ContainerStateMachine.java:loadSnapshot(236)) - group-CB114BB55D35: The snapshot info is null. Setting the last applied indexto:(t:0, i:~)
2022-06-01 03:36:42,632 [pool-591-thread-1] INFO  server.RaftServerConfigKeys (ConfUtils.java:logGet(46)) - raft.server.notification.no-leader.timeout = 300s (custom)
2022-06-01 03:36:42,632 [pool-591-thread-1] INFO  server.RaftServerConfigKeys (ConfUtils.java:logGet(46)) - raft.server.log.use.memory = false (default)
2022-06-01 03:36:42,632 [pool-591-thread-1] INFO  server.RaftServerConfigKeys (ConfUtils.java:logGet(46)) - raft.server.log.purge.gap = 1000000 (custom)
2022-06-01 03:36:42,632 [pool-591-thread-1] INFO  server.RaftServerConfigKeys (ConfUtils.java:logGet(46)) - raft.server.log.appender.buffer.byte-limit = 33554432 (custom)
2022-06-01 03:36:42,632 [pool-591-thread-1] INFO  server.RaftServerConfigKeys (ConfUtils.java:logGet(46)) - raft.server.log.statemachine.data.read.timeout = 1000ms (default)
2022-06-01 03:36:42,632 [pool-591-thread-1] INFO  server.RaftServerConfigKeys (ConfUtils.java:logGet(46)) - raft.server.log.segment.size.max = 1048576 (custom)
2022-06-01 03:36:42,632 [pool-591-thread-1] INFO  server.RaftServerConfigKeys (ConfUtils.java:logGet(46)) - raft.server.log.segment.cache.num.max = 2 (custom)
2022-06-01 03:36:42,632 [pool-591-thread-1] INFO  server.RaftServerConfigKeys (ConfUtils.java:logGet(46)) - raft.server.log.segment.cache.size.max = 200MB (=209715200) (default)
2022-06-01 03:36:42,633 [pool-591-thread-1] INFO  segmented.SegmentedRaftLogWorker (SegmentedRaftLogWorker.java:<init>(187)) - new 256e671e-ba6c-4506-876b-ba7b74b86bde@group-CB114BB55D35-SegmentedRaftLogWorker for RaftStorageImpl:Storage Directory /home/runner/work/ozone/ozone/hadoop-ozone/integration-test/target/test-dir/MiniOzoneClusterImpl-f48b6726-dd30-40f9-bb46-d41d0091544d/datanode-0/data/ratis/79e9300f-a035-4b01-93d6-cb114bb55d35
2022-06-01 03:36:42,633 [pool-591-thread-1] INFO  server.RaftServerConfigKeys (ConfUtils.java:logGet(46)) - raft.server.log.queue.byte-limit = 4294967296 (custom)
2022-06-01 03:36:42,633 [pool-591-thread-1] INFO  server.RaftServerConfigKeys (ConfUtils.java:logGet(46)) - raft.server.log.queue.element-limit = 1024 (custom)
2022-06-01 03:36:42,633 [pool-591-thread-1] INFO  server.RaftServerConfigKeys (ConfUtils.java:logGet(46)) - raft.server.log.segment.size.max = 1048576 (custom)
2022-06-01 03:36:42,633 [pool-591-thread-1] INFO  server.RaftServerConfigKeys (ConfUtils.java:logGet(46)) - raft.server.log.preallocated.size = 16384 (custom)
2022-06-01 03:36:42,633 [pool-591-thread-1] INFO  server.RaftServerConfigKeys (ConfUtils.java:logGet(46)) - raft.server.log.force.sync.num = 128 (default)
2022-06-01 03:36:42,633 [pool-591-thread-1] INFO  server.RaftServerConfigKeys (ConfUtils.java:logGet(46)) - raft.server.log.statemachine.data.sync = true (default)
2022-06-01 03:36:42,633 [pool-591-thread-1] INFO  server.RaftServerConfigKeys (ConfUtils.java:logGet(46)) - raft.server.log.statemachine.data.sync.timeout = 10s (default)
2022-06-01 03:36:42,633 [pool-591-thread-1] INFO  server.RaftServerConfigKeys (ConfUtils.java:logGet(46)) - raft.server.log.statemachine.data.sync.timeout.retry = -1 (default)
2022-06-01 03:36:42,634 [pool-591-thread-1] INFO  server.RaftServerConfigKeys (ConfUtils.java:logGet(46)) - raft.server.log.write.buffer.size = 1048576 (custom)
2022-06-01 03:36:42,634 [pool-591-thread-1] INFO  server.RaftServerConfigKeys (ConfUtils.java:logGet(46)) - raft.server.log.unsafe-flush.enabled = false (default)
2022-06-01 03:36:42,634 [pool-591-thread-1] INFO  server.RaftServerConfigKeys (ConfUtils.java:logGet(46)) - raft.server.log.statemachine.data.caching.enabled = true (custom)
2022-06-01 03:36:42,635 [pool-591-thread-1] INFO  segmented.SegmentedRaftLogWorker (SegmentedRaftLogWorker.java:lambda$new$0(135)) - 256e671e-ba6c-4506-876b-ba7b74b86bde@group-CB114BB55D35-SegmentedRaftLogWorker: flushIndex: setUnconditionally 0 -> -1
2022-06-01 03:36:42,635 [pool-591-thread-1] INFO  segmented.SegmentedRaftLogWorker (SegmentedRaftLogWorker.java:lambda$new$0(135)) - 256e671e-ba6c-4506-876b-ba7b74b86bde@group-CB114BB55D35-SegmentedRaftLogWorker: safeCacheEvictIndex: setUnconditionally 0 -> -1
2022-06-01 03:36:42,639 [pool-591-thread-1] INFO  server.RaftServerConfigKeys (ConfUtils.java:logGet(46)) - raft.server.snapshot.auto.trigger.enabled = true (custom)
2022-06-01 03:36:42,639 [pool-591-thread-1] INFO  server.RaftServerConfigKeys (ConfUtils.java:logGet(46)) - raft.server.snapshot.auto.trigger.threshold = 10000 (custom)
2022-06-01 03:36:42,639 [pool-591-thread-1] INFO  server.RaftServerConfigKeys (ConfUtils.java:logGet(46)) - raft.server.snapshot.retention.file.num = 5 (custom)
2022-06-01 03:36:42,639 [pool-591-thread-1] INFO  server.RaftServerConfigKeys (ConfUtils.java:logGet(46)) - raft.server.log.purge.upto.snapshot.index = false (default)
2022-06-01 03:36:42,639 [pool-591-thread-1] INFO  server.RaftServerConfigKeys (ConfUtils.java:logGet(46)) - raft.server.retrycache.expirytime = 600000ms (custom)
2022-06-01 03:36:42,639 [pool-591-thread-1] INFO  server.RaftServerConfigKeys (ConfUtils.java:logGet(46)) - raft.server.retrycache.statistics.expirytime = 100μs (default)
2022-06-01 03:36:42,640 [EventQueue-PipelineReportForPipelineReportHandler] INFO  pipeline.PipelineManagerImpl (PipelineManagerImpl.java:openPipeline(356)) - Pipeline Pipeline[ Id: 79e9300f-a035-4b01-93d6-cb114bb55d35, Nodes: 256e671e-ba6c-4506-876b-ba7b74b86bde{ip: 10.1.0.5, host: fv-az151-582.yf2hydr00wburbhx3j5hxtcipe.bx.internal.cloudapp.net, ports: [REPLICATION=45875, RATIS=40427, RATIS_ADMIN=40427, RATIS_SERVER=40427, STANDALONE=42039], networkLocation: /default-rack, certSerialId: null, persistedOpState: IN_SERVICE, persistedOpStateExpiryEpochSec: 0}, ReplicationConfig: RATIS/ONE, State:ALLOCATED, leaderId:256e671e-ba6c-4506-876b-ba7b74b86bde, CreationTimestamp2022-06-01T03:36:39.601Z[Etc/UTC]] moved to OPEN state
2022-06-01 03:36:42,664 [pool-591-thread-1] INFO  server.RaftServerConfigKeys (ConfUtils.java:logGet(46)) - raft.server.log.appender.install.snapshot.enabled = false (custom)
2022-06-01 03:36:42,664 [pool-591-thread-1] INFO  server.RaftServerConfigKeys (ConfUtils.java:logGet(46)) - raft.server.threadpool.server.cached = true (default)
2022-06-01 03:36:42,664 [pool-591-thread-1] INFO  server.RaftServerConfigKeys (ConfUtils.java:logGet(46)) - raft.server.threadpool.server.size = 0 (default)
2022-06-01 03:36:42,664 [pool-591-thread-1] INFO  server.RaftServerConfigKeys (ConfUtils.java:logGet(46)) - raft.server.threadpool.client.cached = true (default)
2022-06-01 03:36:42,664 [pool-591-thread-1] INFO  server.RaftServerConfigKeys (ConfUtils.java:logGet(46)) - raft.server.threadpool.client.size = 0 (default)
2022-06-01 03:36:42,664 [pool-591-thread-1] INFO  server.RaftServer$Division (RaftServerImpl.java:start(310)) - 256e671e-ba6c-4506-876b-ba7b74b86bde@group-CB114BB55D35: start as a follower, conf=-1: [256e671e-ba6c-4506-876b-ba7b74b86bde|rpc:10.1.0.5:40427|priority:1], old=null
2022-06-01 03:36:42,664 [pool-591-thread-1] INFO  server.RaftServer$Division (RaftServerImpl.java:setRole(299)) - 256e671e-ba6c-4506-876b-ba7b74b86bde@group-CB114BB55D35: changes role from      null to FOLLOWER at term 0 for startAsFollower
2022-06-01 03:36:42,664 [pool-591-thread-1] INFO  impl.RoleInfo (RoleInfo.java:updateAndGet(139)) - 256e671e-ba6c-4506-876b-ba7b74b86bde: start 256e671e-ba6c-4506-876b-ba7b74b86bde@group-CB114BB55D35-FollowerState
2022-06-01 03:36:42,688 [pool-591-thread-1] INFO  util.JmxRegister (JmxRegister.java:tryRegister(44)) - Successfully registered JMX Bean with object name Ratis:service=RaftServer,group=group-CB114BB55D35,id=256e671e-ba6c-4506-876b-ba7b74b86bde
2022-06-01 03:36:42,690 [Command processor thread] INFO  ratis.XceiverServerRatis (XceiverServerRatis.java:addGroup(765)) - Created group PipelineID=79e9300f-a035-4b01-93d6-cb114bb55d35
2022-06-01 03:36:42,690 [Command processor thread] INFO  commandhandler.CreatePipelineCommandHandler (CreatePipelineCommandHandler.java:handle(113)) - Created Pipeline RATIS ONE PipelineID=79e9300f-a035-4b01-93d6-cb114bb55d35.
2022-06-01 03:36:42,690 [Command processor thread] INFO  server.RaftServer (RaftServerProxy.java:addNew(96)) - 256e671e-ba6c-4506-876b-ba7b74b86bde: addNew group-45BFBED4972F:[abd81844-44fc-43f8-8293-c1e1ed0f8954|rpc:10.1.0.5:43693|priority:1, 256e671e-ba6c-4506-876b-ba7b74b86bde|rpc:10.1.0.5:40427|priority:0, 5b27db08-20be-441d-9c86-d8d1c4f327f7|rpc:10.1.0.5:43851|priority:0] returns group-45BFBED4972F:java.util.concurrent.CompletableFuture@a14dc8a[Not completed]
2022-06-01 03:36:42,691 [pool-591-thread-1] INFO  server.RaftServer$Division (RaftServerImpl.java:<init>(190)) - 256e671e-ba6c-4506-876b-ba7b74b86bde: new RaftServerImpl for group-45BFBED4972F:[abd81844-44fc-43f8-8293-c1e1ed0f8954|rpc:10.1.0.5:43693|priority:1, 256e671e-ba6c-4506-876b-ba7b74b86bde|rpc:10.1.0.5:40427|priority:0, 5b27db08-20be-441d-9c86-d8d1c4f327f7|rpc:10.1.0.5:43851|priority:0] with ContainerStateMachine:uninitialized
2022-06-01 03:36:42,691 [pool-591-thread-1] INFO  server.RaftServerConfigKeys (ConfUtils.java:logGet(46)) - raft.server.rpc.timeout.min = 5s (custom)
2022-06-01 03:36:42,691 [pool-591-thread-1] INFO  server.RaftServerConfigKeys (ConfUtils.java:logGet(46)) - raft.server.rpc.timeout.max = 5200ms (custom)
2022-06-01 03:36:42,691 [pool-591-thread-1] INFO  server.RaftServerConfigKeys (ConfUtils.java:logGet(46)) - raft.server.rpc.sleep.time = 25ms (default)
2022-06-01 03:36:42,693 [pool-591-thread-1] INFO  server.RaftServerConfigKeys (ConfUtils.java:logGet(46)) - raft.server.rpc.slowness.timeout = 300s (custom)
2022-06-01 03:36:42,693 [pool-591-thread-1] INFO  server.RaftServerConfigKeys (ConfUtils.java:logGet(46)) - raft.server.leaderelection.leader.step-down.wait-time = 10s (default)
2022-06-01 03:36:42,693 [pool-591-thread-1] INFO  server.RaftServerConfigKeys (ConfUtils.java:logGet(46)) - raft.server.sleep.deviation.threshold = 300ms (default)
2022-06-01 03:36:42,693 [pool-591-thread-1] INFO  server.RaftServer$Division (ServerState.java:<init>(107)) - 256e671e-ba6c-4506-876b-ba7b74b86bde@group-45BFBED4972F: ConfigurationManager, init=-1: [abd81844-44fc-43f8-8293-c1e1ed0f8954|rpc:10.1.0.5:43693|priority:1, 256e671e-ba6c-4506-876b-ba7b74b86bde|rpc:10.1.0.5:40427|priority:0, 5b27db08-20be-441d-9c86-d8d1c4f327f7|rpc:10.1.0.5:43851|priority:0], old=null, confs=<EMPTY_MAP>
2022-06-01 03:36:42,693 [pool-591-thread-1] INFO  server.RaftServerConfigKeys (ConfUtils.java:logGet(46)) - raft.server.storage.dir = [/home/runner/work/ozone/ozone/hadoop-ozone/integration-test/target/test-dir/MiniOzoneClusterImpl-f48b6726-dd30-40f9-bb46-d41d0091544d/datanode-0/data/ratis] (custom)
2022-06-01 03:36:42,693 [pool-591-thread-1] INFO  server.RaftServerConfigKeys (ConfUtils.java:logGet(46)) - raft.server.log.corruption.policy = EXCEPTION (default)
2022-06-01 03:36:42,694 [pool-591-thread-1] INFO  server.RaftServerConfigKeys (ConfUtils.java:logGet(46)) - raft.server.storage.free-space.min = 0MB (=0) (default)
2022-06-01 03:36:42,694 [pool-591-thread-1] INFO  storage.RaftStorageDirectory (RaftStorageDirectoryImpl.java:analyzeStorage(135)) - The storage directory /home/runner/work/ozone/ozone/hadoop-ozone/integration-test/target/test-dir/MiniOzoneClusterImpl-f48b6726-dd30-40f9-bb46-d41d0091544d/datanode-0/data/ratis/c4ba0ef5-549e-46af-8573-45bfbed4972f does not exist. Creating ...
2022-06-01 03:36:42,697 [EventQueue-OpenPipelineForHealthyPipelineSafeModeRule] INFO  safemode.SCMSafeModeManager (HealthyPipelineSafeModeRule.java:process(124)) - SCM in safe mode. Healthy pipelines reported count is 0, required healthy pipeline reported count is 1
2022-06-01 03:36:42,698 [pool-591-thread-1] INFO  storage.RaftStorageDirectory (RaftStorageDirectoryImpl.java:tryLock(230)) - Lock on /home/runner/work/ozone/ozone/hadoop-ozone/integration-test/target/test-dir/MiniOzoneClusterImpl-f48b6726-dd30-40f9-bb46-d41d0091544d/datanode-0/data/ratis/c4ba0ef5-549e-46af-8573-45bfbed4972f/in_use.lock acquired by nodename 14781@fv-az151-582
2022-06-01 03:36:42,700 [pool-591-thread-1] INFO  storage.RaftStorage (RaftStorageImpl.java:format(89)) - Storage directory /home/runner/work/ozone/ozone/hadoop-ozone/integration-test/target/test-dir/MiniOzoneClusterImpl-f48b6726-dd30-40f9-bb46-d41d0091544d/datanode-0/data/ratis/c4ba0ef5-549e-46af-8573-45bfbed4972f has been successfully formatted.
2022-06-01 03:36:42,700 [pool-591-thread-1] INFO  ratis.ContainerStateMachine (ContainerStateMachine.java:loadSnapshot(236)) - group-45BFBED4972F: The snapshot info is null. Setting the last applied indexto:(t:0, i:~)
2022-06-01 03:36:42,700 [pool-591-thread-1] INFO  server.RaftServerConfigKeys (ConfUtils.java:logGet(46)) - raft.server.notification.no-leader.timeout = 300s (custom)
2022-06-01 03:36:42,700 [pool-591-thread-1] INFO  server.RaftServerConfigKeys (ConfUtils.java:logGet(46)) - raft.server.log.use.memory = false (default)
2022-06-01 03:36:42,700 [pool-591-thread-1] INFO  server.RaftServerConfigKeys (ConfUtils.java:logGet(46)) - raft.server.log.purge.gap = 1000000 (custom)
2022-06-01 03:36:42,700 [pool-591-thread-1] INFO  server.RaftServerConfigKeys (ConfUtils.java:logGet(46)) - raft.server.log.appender.buffer.byte-limit = 33554432 (custom)
2022-06-01 03:36:42,700 [pool-591-thread-1] INFO  server.RaftServerConfigKeys (ConfUtils.java:logGet(46)) - raft.server.log.statemachine.data.read.timeout = 1000ms (default)
2022-06-01 03:36:42,700 [pool-591-thread-1] INFO  server.RaftServerConfigKeys (ConfUtils.java:logGet(46)) - raft.server.log.segment.size.max = 1048576 (custom)
2022-06-01 03:36:42,701 [pool-591-thread-1] INFO  server.RaftServerConfigKeys (ConfUtils.java:logGet(46)) - raft.server.log.segment.cache.num.max = 2 (custom)
2022-06-01 03:36:42,701 [pool-591-thread-1] INFO  server.RaftServerConfigKeys (ConfUtils.java:logGet(46)) - raft.server.log.segment.cache.size.max = 200MB (=209715200) (default)
2022-06-01 03:36:42,701 [pool-591-thread-1] INFO  segmented.SegmentedRaftLogWorker (SegmentedRaftLogWorker.java:<init>(187)) - new 256e671e-ba6c-4506-876b-ba7b74b86bde@group-45BFBED4972F-SegmentedRaftLogWorker for RaftStorageImpl:Storage Directory /home/runner/work/ozone/ozone/hadoop-ozone/integration-test/target/test-dir/MiniOzoneClusterImpl-f48b6726-dd30-40f9-bb46-d41d0091544d/datanode-0/data/ratis/c4ba0ef5-549e-46af-8573-45bfbed4972f
2022-06-01 03:36:42,701 [pool-591-thread-1] INFO  server.RaftServerConfigKeys (ConfUtils.java:logGet(46)) - raft.server.log.queue.byte-limit = 4294967296 (custom)
2022-06-01 03:36:42,701 [pool-591-thread-1] INFO  server.RaftServerConfigKeys (ConfUtils.java:logGet(46)) - raft.server.log.queue.element-limit = 1024 (custom)
2022-06-01 03:36:42,701 [pool-591-thread-1] INFO  server.RaftServerConfigKeys (ConfUtils.java:logGet(46)) - raft.server.log.segment.size.max = 1048576 (custom)
2022-06-01 03:36:42,701 [pool-591-thread-1] INFO  server.RaftServerConfigKeys (ConfUtils.java:logGet(46)) - raft.server.log.preallocated.size = 16384 (custom)
2022-06-01 03:36:42,701 [pool-591-thread-1] INFO  server.RaftServerConfigKeys (ConfUtils.java:logGet(46)) - raft.server.log.force.sync.num = 128 (default)
2022-06-01 03:36:42,701 [pool-591-thread-1] INFO  server.RaftServerConfigKeys (ConfUtils.java:logGet(46)) - raft.server.log.statemachine.data.sync = true (default)
2022-06-01 03:36:42,701 [pool-591-thread-1] INFO  server.RaftServerConfigKeys (ConfUtils.java:logGet(46)) - raft.server.log.statemachine.data.sync.timeout = 10s (default)
2022-06-01 03:36:42,701 [pool-591-thread-1] INFO  server.RaftServerConfigKeys (ConfUtils.java:logGet(46)) - raft.server.log.statemachine.data.sync.timeout.retry = -1 (default)
2022-06-01 03:36:42,701 [EventQueue-OpenPipelineForHealthyPipelineSafeModeRule] INFO  safemode.SCMSafeModeManager (HealthyPipelineSafeModeRule.java:process(124)) - SCM in safe mode. Healthy pipelines reported count is 0, required healthy pipeline reported count is 1
2022-06-01 03:36:42,706 [pool-591-thread-1] INFO  server.RaftServerConfigKeys (ConfUtils.java:logGet(46)) - raft.server.log.write.buffer.size = 1048576 (custom)
2022-06-01 03:36:42,707 [pool-591-thread-1] INFO  server.RaftServerConfigKeys (ConfUtils.java:logGet(46)) - raft.server.log.unsafe-flush.enabled = false (default)
2022-06-01 03:36:42,707 [pool-591-thread-1] INFO  server.RaftServerConfigKeys (ConfUtils.java:logGet(46)) - raft.server.log.statemachine.data.caching.enabled = true (custom)
2022-06-01 03:36:42,707 [pool-591-thread-1] INFO  segmented.SegmentedRaftLogWorker (SegmentedRaftLogWorker.java:lambda$new$0(135)) - 256e671e-ba6c-4506-876b-ba7b74b86bde@group-45BFBED4972F-SegmentedRaftLogWorker: flushIndex: setUnconditionally 0 -> -1
2022-06-01 03:36:42,707 [pool-591-thread-1] INFO  segmented.SegmentedRaftLogWorker (SegmentedRaftLogWorker.java:lambda$new$0(135)) - 256e671e-ba6c-4506-876b-ba7b74b86bde@group-45BFBED4972F-SegmentedRaftLogWorker: safeCacheEvictIndex: setUnconditionally 0 -> -1
2022-06-01 03:36:42,712 [pool-591-thread-1] INFO  server.RaftServerConfigKeys (ConfUtils.java:logGet(46)) - raft.server.snapshot.auto.trigger.enabled = true (custom)
2022-06-01 03:36:42,712 [pool-591-thread-1] INFO  server.RaftServerConfigKeys (ConfUtils.java:logGet(46)) - raft.server.snapshot.auto.trigger.threshold = 10000 (custom)
2022-06-01 03:36:42,712 [pool-591-thread-1] INFO  server.RaftServerConfigKeys (ConfUtils.java:logGet(46)) - raft.server.snapshot.retention.file.num = 5 (custom)
2022-06-01 03:36:42,712 [pool-591-thread-1] INFO  server.RaftServerConfigKeys (ConfUtils.java:logGet(46)) - raft.server.log.purge.upto.snapshot.index = false (default)
2022-06-01 03:36:42,712 [pool-591-thread-1] INFO  server.RaftServerConfigKeys (ConfUtils.java:logGet(46)) - raft.server.retrycache.expirytime = 600000ms (custom)
2022-06-01 03:36:42,712 [pool-591-thread-1] INFO  server.RaftServerConfigKeys (ConfUtils.java:logGet(46)) - raft.server.retrycache.statistics.expirytime = 100μs (default)
2022-06-01 03:36:42,713 [pool-591-thread-1] INFO  server.RaftServerConfigKeys (ConfUtils.java:logGet(46)) - raft.server.log.appender.install.snapshot.enabled = false (custom)
2022-06-01 03:36:42,713 [pool-591-thread-1] INFO  server.RaftServerConfigKeys (ConfUtils.java:logGet(46)) - raft.server.threadpool.server.cached = true (default)
2022-06-01 03:36:42,713 [pool-591-thread-1] INFO  server.RaftServerConfigKeys (ConfUtils.java:logGet(46)) - raft.server.threadpool.server.size = 0 (default)
2022-06-01 03:36:42,713 [pool-591-thread-1] INFO  server.RaftServerConfigKeys (ConfUtils.java:logGet(46)) - raft.server.threadpool.client.cached = true (default)
2022-06-01 03:36:42,713 [pool-591-thread-1] INFO  server.RaftServerConfigKeys (ConfUtils.java:logGet(46)) - raft.server.threadpool.client.size = 0 (default)
2022-06-01 03:36:42,713 [pool-591-thread-1] INFO  server.RaftServer$Division (RaftServerImpl.java:start(310)) - 256e671e-ba6c-4506-876b-ba7b74b86bde@group-45BFBED4972F: start as a follower, conf=-1: [abd81844-44fc-43f8-8293-c1e1ed0f8954|rpc:10.1.0.5:43693|priority:1, 256e671e-ba6c-4506-876b-ba7b74b86bde|rpc:10.1.0.5:40427|priority:0, 5b27db08-20be-441d-9c86-d8d1c4f327f7|rpc:10.1.0.5:43851|priority:0], old=null
2022-06-01 03:36:42,713 [pool-591-thread-1] INFO  server.RaftServer$Division (RaftServerImpl.java:setRole(299)) - 256e671e-ba6c-4506-876b-ba7b74b86bde@group-45BFBED4972F: changes role from      null to FOLLOWER at term 0 for startAsFollower
2022-06-01 03:36:42,713 [pool-591-thread-1] INFO  impl.RoleInfo (RoleInfo.java:updateAndGet(139)) - 256e671e-ba6c-4506-876b-ba7b74b86bde: start 256e671e-ba6c-4506-876b-ba7b74b86bde@group-45BFBED4972F-FollowerState
2022-06-01 03:36:42,714 [pool-591-thread-1] INFO  util.JmxRegister (JmxRegister.java:tryRegister(44)) - Successfully registered JMX Bean with object name Ratis:service=RaftServer,group=group-45BFBED4972F,id=256e671e-ba6c-4506-876b-ba7b74b86bde
2022-06-01 03:36:42,714 [Command processor thread] INFO  ratis.XceiverServerRatis (XceiverServerRatis.java:addGroup(765)) - Created group PipelineID=c4ba0ef5-549e-46af-8573-45bfbed4972f
2022-06-01 03:36:42,748 [grpc-default-executor-0] INFO  server.RaftServer (RaftServerProxy.java:addNew(96)) - abd81844-44fc-43f8-8293-c1e1ed0f8954: addNew group-45BFBED4972F:[abd81844-44fc-43f8-8293-c1e1ed0f8954|rpc:10.1.0.5:43693|dataStream:|priority:1, 256e671e-ba6c-4506-876b-ba7b74b86bde|rpc:10.1.0.5:40427|dataStream:|priority:0, 5b27db08-20be-441d-9c86-d8d1c4f327f7|rpc:10.1.0.5:43851|dataStream:|priority:0] returns group-45BFBED4972F:java.util.concurrent.CompletableFuture@16888130[Not completed]
2022-06-01 03:36:42,749 [pool-635-thread-1] INFO  server.RaftServer$Division (RaftServerImpl.java:<init>(190)) - abd81844-44fc-43f8-8293-c1e1ed0f8954: new RaftServerImpl for group-45BFBED4972F:[abd81844-44fc-43f8-8293-c1e1ed0f8954|rpc:10.1.0.5:43693|dataStream:|priority:1, 256e671e-ba6c-4506-876b-ba7b74b86bde|rpc:10.1.0.5:40427|dataStream:|priority:0, 5b27db08-20be-441d-9c86-d8d1c4f327f7|rpc:10.1.0.5:43851|dataStream:|priority:0] with ContainerStateMachine:uninitialized
2022-06-01 03:36:42,750 [pool-635-thread-1] INFO  server.RaftServerConfigKeys (ConfUtils.java:logGet(46)) - raft.server.rpc.timeout.min = 5s (custom)
2022-06-01 03:36:42,750 [pool-635-thread-1] INFO  server.RaftServerConfigKeys (ConfUtils.java:logGet(46)) - raft.server.rpc.timeout.max = 5200ms (custom)
2022-06-01 03:36:42,750 [pool-635-thread-1] INFO  server.RaftServerConfigKeys (ConfUtils.java:logGet(46)) - raft.server.rpc.sleep.time = 25ms (default)
2022-06-01 03:36:42,750 [pool-635-thread-1] INFO  server.RaftServerConfigKeys (ConfUtils.java:logGet(46)) - raft.server.rpc.slowness.timeout = 300s (custom)
2022-06-01 03:36:42,750 [pool-635-thread-1] INFO  server.RaftServerConfigKeys (ConfUtils.java:logGet(46)) - raft.server.leaderelection.leader.step-down.wait-time = 10s (default)
2022-06-01 03:36:42,750 [pool-635-thread-1] INFO  server.RaftServerConfigKeys (ConfUtils.java:logGet(46)) - raft.server.sleep.deviation.threshold = 300ms (default)
2022-06-01 03:36:42,750 [pool-635-thread-1] INFO  server.RaftServer$Division (ServerState.java:<init>(107)) - abd81844-44fc-43f8-8293-c1e1ed0f8954@group-45BFBED4972F: ConfigurationManager, init=-1: [abd81844-44fc-43f8-8293-c1e1ed0f8954|rpc:10.1.0.5:43693|dataStream:|priority:1, 256e671e-ba6c-4506-876b-ba7b74b86bde|rpc:10.1.0.5:40427|dataStream:|priority:0, 5b27db08-20be-441d-9c86-d8d1c4f327f7|rpc:10.1.0.5:43851|dataStream:|priority:0], old=null, confs=<EMPTY_MAP>
2022-06-01 03:36:42,750 [pool-635-thread-1] INFO  server.RaftServerConfigKeys (ConfUtils.java:logGet(46)) - raft.server.storage.dir = [/home/runner/work/ozone/ozone/hadoop-ozone/integration-test/target/test-dir/MiniOzoneClusterImpl-f48b6726-dd30-40f9-bb46-d41d0091544d/datanode-2/data/ratis] (custom)
2022-06-01 03:36:42,750 [pool-635-thread-1] INFO  server.RaftServerConfigKeys (ConfUtils.java:logGet(46)) - raft.server.log.corruption.policy = EXCEPTION (default)
2022-06-01 03:36:42,750 [pool-635-thread-1] INFO  server.RaftServerConfigKeys (ConfUtils.java:logGet(46)) - raft.server.storage.free-space.min = 0MB (=0) (default)
2022-06-01 03:36:42,750 [pool-635-thread-1] INFO  storage.RaftStorageDirectory (RaftStorageDirectoryImpl.java:analyzeStorage(135)) - The storage directory /home/runner/work/ozone/ozone/hadoop-ozone/integration-test/target/test-dir/MiniOzoneClusterImpl-f48b6726-dd30-40f9-bb46-d41d0091544d/datanode-2/data/ratis/c4ba0ef5-549e-46af-8573-45bfbed4972f does not exist. Creating ...
2022-06-01 03:36:42,751 [pool-635-thread-1] INFO  storage.RaftStorageDirectory (RaftStorageDirectoryImpl.java:tryLock(230)) - Lock on /home/runner/work/ozone/ozone/hadoop-ozone/integration-test/target/test-dir/MiniOzoneClusterImpl-f48b6726-dd30-40f9-bb46-d41d0091544d/datanode-2/data/ratis/c4ba0ef5-549e-46af-8573-45bfbed4972f/in_use.lock acquired by nodename 14781@fv-az151-582
2022-06-01 03:36:42,752 [pool-635-thread-1] INFO  storage.RaftStorage (RaftStorageImpl.java:format(89)) - Storage directory /home/runner/work/ozone/ozone/hadoop-ozone/integration-test/target/test-dir/MiniOzoneClusterImpl-f48b6726-dd30-40f9-bb46-d41d0091544d/datanode-2/data/ratis/c4ba0ef5-549e-46af-8573-45bfbed4972f has been successfully formatted.
2022-06-01 03:36:42,783 [pool-635-thread-1] INFO  ratis.ContainerStateMachine (ContainerStateMachine.java:loadSnapshot(236)) - group-45BFBED4972F: The snapshot info is null. Setting the last applied indexto:(t:0, i:~)
2022-06-01 03:36:42,784 [pool-635-thread-1] INFO  server.RaftServerConfigKeys (ConfUtils.java:logGet(46)) - raft.server.notification.no-leader.timeout = 300s (custom)
2022-06-01 03:36:42,784 [pool-635-thread-1] INFO  server.RaftServerConfigKeys (ConfUtils.java:logGet(46)) - raft.server.log.use.memory = false (default)
2022-06-01 03:36:42,784 [pool-635-thread-1] INFO  server.RaftServerConfigKeys (ConfUtils.java:logGet(46)) - raft.server.log.purge.gap = 1000000 (custom)
2022-06-01 03:36:42,784 [pool-635-thread-1] INFO  server.RaftServerConfigKeys (ConfUtils.java:logGet(46)) - raft.server.log.appender.buffer.byte-limit = 33554432 (custom)
2022-06-01 03:36:42,784 [pool-635-thread-1] INFO  server.RaftServerConfigKeys (ConfUtils.java:logGet(46)) - raft.server.log.statemachine.data.read.timeout = 1000ms (default)
2022-06-01 03:36:42,784 [pool-635-thread-1] INFO  server.RaftServerConfigKeys (ConfUtils.java:logGet(46)) - raft.server.log.segment.size.max = 1048576 (custom)
2022-06-01 03:36:42,784 [pool-635-thread-1] INFO  server.RaftServerConfigKeys (ConfUtils.java:logGet(46)) - raft.server.log.segment.cache.num.max = 2 (custom)
2022-06-01 03:36:42,784 [pool-635-thread-1] INFO  server.RaftServerConfigKeys (ConfUtils.java:logGet(46)) - raft.server.log.segment.cache.size.max = 200MB (=209715200) (default)
2022-06-01 03:36:42,784 [pool-635-thread-1] INFO  segmented.SegmentedRaftLogWorker (SegmentedRaftLogWorker.java:<init>(187)) - new abd81844-44fc-43f8-8293-c1e1ed0f8954@group-45BFBED4972F-SegmentedRaftLogWorker for RaftStorageImpl:Storage Directory /home/runner/work/ozone/ozone/hadoop-ozone/integration-test/target/test-dir/MiniOzoneClusterImpl-f48b6726-dd30-40f9-bb46-d41d0091544d/datanode-2/data/ratis/c4ba0ef5-549e-46af-8573-45bfbed4972f
2022-06-01 03:36:42,785 [pool-635-thread-1] INFO  server.RaftServerConfigKeys (ConfUtils.java:logGet(46)) - raft.server.log.queue.byte-limit = 4294967296 (custom)
2022-06-01 03:36:42,785 [pool-635-thread-1] INFO  server.RaftServerConfigKeys (ConfUtils.java:logGet(46)) - raft.server.log.queue.element-limit = 1024 (custom)
2022-06-01 03:36:42,785 [pool-635-thread-1] INFO  server.RaftServerConfigKeys (ConfUtils.java:logGet(46)) - raft.server.log.segment.size.max = 1048576 (custom)
2022-06-01 03:36:42,785 [pool-635-thread-1] INFO  server.RaftServerConfigKeys (ConfUtils.java:logGet(46)) - raft.server.log.preallocated.size = 16384 (custom)
2022-06-01 03:36:42,796 [pool-635-thread-1] INFO  server.RaftServerConfigKeys (ConfUtils.java:logGet(46)) - raft.server.log.force.sync.num = 128 (default)
2022-06-01 03:36:42,796 [pool-635-thread-1] INFO  server.RaftServerConfigKeys (ConfUtils.java:logGet(46)) - raft.server.log.statemachine.data.sync = true (default)
2022-06-01 03:36:42,796 [pool-635-thread-1] INFO  server.RaftServerConfigKeys (ConfUtils.java:logGet(46)) - raft.server.log.statemachine.data.sync.timeout = 10s (default)
2022-06-01 03:36:42,796 [pool-635-thread-1] INFO  server.RaftServerConfigKeys (ConfUtils.java:logGet(46)) - raft.server.log.statemachine.data.sync.timeout.retry = -1 (default)
2022-06-01 03:36:42,797 [pool-635-thread-1] INFO  server.RaftServerConfigKeys (ConfUtils.java:logGet(46)) - raft.server.log.write.buffer.size = 1048576 (custom)
2022-06-01 03:36:42,797 [pool-635-thread-1] INFO  server.RaftServerConfigKeys (ConfUtils.java:logGet(46)) - raft.server.log.unsafe-flush.enabled = false (default)
2022-06-01 03:36:42,797 [pool-635-thread-1] INFO  server.RaftServerConfigKeys (ConfUtils.java:logGet(46)) - raft.server.log.statemachine.data.caching.enabled = true (custom)
2022-06-01 03:36:42,798 [pool-635-thread-1] INFO  segmented.SegmentedRaftLogWorker (SegmentedRaftLogWorker.java:lambda$new$0(135)) - abd81844-44fc-43f8-8293-c1e1ed0f8954@group-45BFBED4972F-SegmentedRaftLogWorker: flushIndex: setUnconditionally 0 -> -1
2022-06-01 03:36:42,798 [pool-635-thread-1] INFO  segmented.SegmentedRaftLogWorker (SegmentedRaftLogWorker.java:lambda$new$0(135)) - abd81844-44fc-43f8-8293-c1e1ed0f8954@group-45BFBED4972F-SegmentedRaftLogWorker: safeCacheEvictIndex: setUnconditionally 0 -> -1
2022-06-01 03:36:42,822 [pool-635-thread-1] INFO  server.RaftServerConfigKeys (ConfUtils.java:logGet(46)) - raft.server.snapshot.auto.trigger.enabled = true (custom)
2022-06-01 03:36:42,822 [pool-635-thread-1] INFO  server.RaftServerConfigKeys (ConfUtils.java:logGet(46)) - raft.server.snapshot.auto.trigger.threshold = 10000 (custom)
2022-06-01 03:36:42,822 [pool-635-thread-1] INFO  server.RaftServerConfigKeys (ConfUtils.java:logGet(46)) - raft.server.snapshot.retention.file.num = 5 (custom)
2022-06-01 03:36:42,822 [pool-635-thread-1] INFO  server.RaftServerConfigKeys (ConfUtils.java:logGet(46)) - raft.server.log.purge.upto.snapshot.index = false (default)
2022-06-01 03:36:42,822 [pool-635-thread-1] INFO  server.RaftServerConfigKeys (ConfUtils.java:logGet(46)) - raft.server.retrycache.expirytime = 600000ms (custom)
2022-06-01 03:36:42,822 [pool-635-thread-1] INFO  server.RaftServerConfigKeys (ConfUtils.java:logGet(46)) - raft.server.retrycache.statistics.expirytime = 100μs (default)
2022-06-01 03:36:42,824 [pool-635-thread-1] INFO  server.RaftServerConfigKeys (ConfUtils.java:logGet(46)) - raft.server.log.appender.install.snapshot.enabled = false (custom)
2022-06-01 03:36:42,824 [pool-635-thread-1] INFO  server.RaftServerConfigKeys (ConfUtils.java:logGet(46)) - raft.server.threadpool.server.cached = true (default)
2022-06-01 03:36:42,824 [pool-635-thread-1] INFO  server.RaftServerConfigKeys (ConfUtils.java:logGet(46)) - raft.server.threadpool.server.size = 0 (default)
2022-06-01 03:36:42,824 [pool-635-thread-1] INFO  server.RaftServerConfigKeys (ConfUtils.java:logGet(46)) - raft.server.threadpool.client.cached = true (default)
2022-06-01 03:36:42,824 [pool-635-thread-1] INFO  server.RaftServerConfigKeys (ConfUtils.java:logGet(46)) - raft.server.threadpool.client.size = 0 (default)
2022-06-01 03:36:42,824 [pool-635-thread-1] INFO  server.RaftServer$Division (RaftServerImpl.java:start(310)) - abd81844-44fc-43f8-8293-c1e1ed0f8954@group-45BFBED4972F: start as a follower, conf=-1: [abd81844-44fc-43f8-8293-c1e1ed0f8954|rpc:10.1.0.5:43693|dataStream:|priority:1, 256e671e-ba6c-4506-876b-ba7b74b86bde|rpc:10.1.0.5:40427|dataStream:|priority:0, 5b27db08-20be-441d-9c86-d8d1c4f327f7|rpc:10.1.0.5:43851|dataStream:|priority:0], old=null
2022-06-01 03:36:42,824 [pool-635-thread-1] INFO  server.RaftServer$Division (RaftServerImpl.java:setRole(299)) - abd81844-44fc-43f8-8293-c1e1ed0f8954@group-45BFBED4972F: changes role from      null to FOLLOWER at term 0 for startAsFollower
2022-06-01 03:36:42,824 [pool-635-thread-1] INFO  impl.RoleInfo (RoleInfo.java:updateAndGet(139)) - abd81844-44fc-43f8-8293-c1e1ed0f8954: start abd81844-44fc-43f8-8293-c1e1ed0f8954@group-45BFBED4972F-FollowerState
2022-06-01 03:36:42,836 [pool-635-thread-1] INFO  util.JmxRegister (JmxRegister.java:tryRegister(44)) - Successfully registered JMX Bean with object name Ratis:service=RaftServer,group=group-45BFBED4972F,id=abd81844-44fc-43f8-8293-c1e1ed0f8954
2022-06-01 03:36:42,991 [grpc-default-executor-0] INFO  server.RaftServer (RaftServerProxy.java:addNew(96)) - 5b27db08-20be-441d-9c86-d8d1c4f327f7: addNew group-45BFBED4972F:[abd81844-44fc-43f8-8293-c1e1ed0f8954|rpc:10.1.0.5:43693|dataStream:|priority:1, 256e671e-ba6c-4506-876b-ba7b74b86bde|rpc:10.1.0.5:40427|dataStream:|priority:0, 5b27db08-20be-441d-9c86-d8d1c4f327f7|rpc:10.1.0.5:43851|dataStream:|priority:0] returns group-45BFBED4972F:java.util.concurrent.CompletableFuture@7ee0894a[Not completed]
2022-06-01 03:36:42,992 [pool-613-thread-1] INFO  server.RaftServer$Division (RaftServerImpl.java:<init>(190)) - 5b27db08-20be-441d-9c86-d8d1c4f327f7: new RaftServerImpl for group-45BFBED4972F:[abd81844-44fc-43f8-8293-c1e1ed0f8954|rpc:10.1.0.5:43693|dataStream:|priority:1, 256e671e-ba6c-4506-876b-ba7b74b86bde|rpc:10.1.0.5:40427|dataStream:|priority:0, 5b27db08-20be-441d-9c86-d8d1c4f327f7|rpc:10.1.0.5:43851|dataStream:|priority:0] with ContainerStateMachine:uninitialized
2022-06-01 03:36:42,992 [pool-613-thread-1] INFO  server.RaftServerConfigKeys (ConfUtils.java:logGet(46)) - raft.server.rpc.timeout.min = 5s (custom)
2022-06-01 03:36:42,992 [pool-613-thread-1] INFO  server.RaftServerConfigKeys (ConfUtils.java:logGet(46)) - raft.server.rpc.timeout.max = 5200ms (custom)
2022-06-01 03:36:42,992 [pool-613-thread-1] INFO  server.RaftServerConfigKeys (ConfUtils.java:logGet(46)) - raft.server.rpc.sleep.time = 25ms (default)
2022-06-01 03:36:42,992 [pool-613-thread-1] INFO  server.RaftServerConfigKeys (ConfUtils.java:logGet(46)) - raft.server.rpc.slowness.timeout = 300s (custom)
2022-06-01 03:36:42,992 [pool-613-thread-1] INFO  server.RaftServerConfigKeys (ConfUtils.java:logGet(46)) - raft.server.leaderelection.leader.step-down.wait-time = 10s (default)
2022-06-01 03:36:42,992 [pool-613-thread-1] INFO  server.RaftServerConfigKeys (ConfUtils.java:logGet(46)) - raft.server.sleep.deviation.threshold = 300ms (default)
2022-06-01 03:36:42,993 [pool-613-thread-1] INFO  server.RaftServer$Division (ServerState.java:<init>(107)) - 5b27db08-20be-441d-9c86-d8d1c4f327f7@group-45BFBED4972F: ConfigurationManager, init=-1: [abd81844-44fc-43f8-8293-c1e1ed0f8954|rpc:10.1.0.5:43693|dataStream:|priority:1, 256e671e-ba6c-4506-876b-ba7b74b86bde|rpc:10.1.0.5:40427|dataStream:|priority:0, 5b27db08-20be-441d-9c86-d8d1c4f327f7|rpc:10.1.0.5:43851|dataStream:|priority:0], old=null, confs=<EMPTY_MAP>
2022-06-01 03:36:42,993 [pool-613-thread-1] INFO  server.RaftServerConfigKeys (ConfUtils.java:logGet(46)) - raft.server.storage.dir = [/home/runner/work/ozone/ozone/hadoop-ozone/integration-test/target/test-dir/MiniOzoneClusterImpl-f48b6726-dd30-40f9-bb46-d41d0091544d/datanode-1/data/ratis] (custom)
2022-06-01 03:36:42,993 [pool-613-thread-1] INFO  server.RaftServerConfigKeys (ConfUtils.java:logGet(46)) - raft.server.log.corruption.policy = EXCEPTION (default)
2022-06-01 03:36:42,993 [pool-613-thread-1] INFO  server.RaftServerConfigKeys (ConfUtils.java:logGet(46)) - raft.server.storage.free-space.min = 0MB (=0) (default)
2022-06-01 03:36:42,993 [pool-613-thread-1] INFO  storage.RaftStorageDirectory (RaftStorageDirectoryImpl.java:analyzeStorage(135)) - The storage directory /home/runner/work/ozone/ozone/hadoop-ozone/integration-test/target/test-dir/MiniOzoneClusterImpl-f48b6726-dd30-40f9-bb46-d41d0091544d/datanode-1/data/ratis/c4ba0ef5-549e-46af-8573-45bfbed4972f does not exist. Creating ...
2022-06-01 03:36:42,994 [pool-613-thread-1] INFO  storage.RaftStorageDirectory (RaftStorageDirectoryImpl.java:tryLock(230)) - Lock on /home/runner/work/ozone/ozone/hadoop-ozone/integration-test/target/test-dir/MiniOzoneClusterImpl-f48b6726-dd30-40f9-bb46-d41d0091544d/datanode-1/data/ratis/c4ba0ef5-549e-46af-8573-45bfbed4972f/in_use.lock acquired by nodename 14781@fv-az151-582
2022-06-01 03:36:42,994 [pool-613-thread-1] INFO  storage.RaftStorage (RaftStorageImpl.java:format(89)) - Storage directory /home/runner/work/ozone/ozone/hadoop-ozone/integration-test/target/test-dir/MiniOzoneClusterImpl-f48b6726-dd30-40f9-bb46-d41d0091544d/datanode-1/data/ratis/c4ba0ef5-549e-46af-8573-45bfbed4972f has been successfully formatted.
2022-06-01 03:36:43,030 [pool-613-thread-1] INFO  ratis.ContainerStateMachine (ContainerStateMachine.java:loadSnapshot(236)) - group-45BFBED4972F: The snapshot info is null. Setting the last applied indexto:(t:0, i:~)
2022-06-01 03:36:43,031 [pool-613-thread-1] INFO  server.RaftServerConfigKeys (ConfUtils.java:logGet(46)) - raft.server.notification.no-leader.timeout = 300s (custom)
2022-06-01 03:36:43,031 [pool-613-thread-1] INFO  server.RaftServerConfigKeys (ConfUtils.java:logGet(46)) - raft.server.log.use.memory = false (default)
2022-06-01 03:36:43,031 [pool-613-thread-1] INFO  server.RaftServerConfigKeys (ConfUtils.java:logGet(46)) - raft.server.log.purge.gap = 1000000 (custom)
2022-06-01 03:36:43,031 [pool-613-thread-1] INFO  server.RaftServerConfigKeys (ConfUtils.java:logGet(46)) - raft.server.log.appender.buffer.byte-limit = 33554432 (custom)
2022-06-01 03:36:43,031 [pool-613-thread-1] INFO  server.RaftServerConfigKeys (ConfUtils.java:logGet(46)) - raft.server.log.statemachine.data.read.timeout = 1000ms (default)
2022-06-01 03:36:43,032 [pool-613-thread-1] INFO  server.RaftServerConfigKeys (ConfUtils.java:logGet(46)) - raft.server.log.segment.size.max = 1048576 (custom)
2022-06-01 03:36:43,032 [pool-613-thread-1] INFO  server.RaftServerConfigKeys (ConfUtils.java:logGet(46)) - raft.server.log.segment.cache.num.max = 2 (custom)
2022-06-01 03:36:43,032 [pool-613-thread-1] INFO  server.RaftServerConfigKeys (ConfUtils.java:logGet(46)) - raft.server.log.segment.cache.size.max = 200MB (=209715200) (default)
2022-06-01 03:36:43,032 [pool-613-thread-1] INFO  segmented.SegmentedRaftLogWorker (SegmentedRaftLogWorker.java:<init>(187)) - new 5b27db08-20be-441d-9c86-d8d1c4f327f7@group-45BFBED4972F-SegmentedRaftLogWorker for RaftStorageImpl:Storage Directory /home/runner/work/ozone/ozone/hadoop-ozone/integration-test/target/test-dir/MiniOzoneClusterImpl-f48b6726-dd30-40f9-bb46-d41d0091544d/datanode-1/data/ratis/c4ba0ef5-549e-46af-8573-45bfbed4972f
2022-06-01 03:36:43,032 [pool-613-thread-1] INFO  server.RaftServerConfigKeys (ConfUtils.java:logGet(46)) - raft.server.log.queue.byte-limit = 4294967296 (custom)
2022-06-01 03:36:43,032 [pool-613-thread-1] INFO  server.RaftServerConfigKeys (ConfUtils.java:logGet(46)) - raft.server.log.queue.element-limit = 1024 (custom)
2022-06-01 03:36:43,032 [pool-613-thread-1] INFO  server.RaftServerConfigKeys (ConfUtils.java:logGet(46)) - raft.server.log.segment.size.max = 1048576 (custom)
2022-06-01 03:36:43,032 [pool-613-thread-1] INFO  server.RaftServerConfigKeys (ConfUtils.java:logGet(46)) - raft.server.log.preallocated.size = 16384 (custom)
2022-06-01 03:36:43,032 [pool-613-thread-1] INFO  server.RaftServerConfigKeys (ConfUtils.java:logGet(46)) - raft.server.log.force.sync.num = 128 (default)
2022-06-01 03:36:43,032 [pool-613-thread-1] INFO  server.RaftServerConfigKeys (ConfUtils.java:logGet(46)) - raft.server.log.statemachine.data.sync = true (default)
2022-06-01 03:36:43,032 [pool-613-thread-1] INFO  server.RaftServerConfigKeys (ConfUtils.java:logGet(46)) - raft.server.log.statemachine.data.sync.timeout = 10s (default)
2022-06-01 03:36:43,032 [pool-613-thread-1] INFO  server.RaftServerConfigKeys (ConfUtils.java:logGet(46)) - raft.server.log.statemachine.data.sync.timeout.retry = -1 (default)
2022-06-01 03:36:43,033 [pool-613-thread-1] INFO  server.RaftServerConfigKeys (ConfUtils.java:logGet(46)) - raft.server.log.write.buffer.size = 1048576 (custom)
2022-06-01 03:36:43,034 [pool-613-thread-1] INFO  server.RaftServerConfigKeys (ConfUtils.java:logGet(46)) - raft.server.log.unsafe-flush.enabled = false (default)
2022-06-01 03:36:43,034 [pool-613-thread-1] INFO  server.RaftServerConfigKeys (ConfUtils.java:logGet(46)) - raft.server.log.statemachine.data.caching.enabled = true (custom)
2022-06-01 03:36:43,034 [pool-613-thread-1] INFO  segmented.SegmentedRaftLogWorker (SegmentedRaftLogWorker.java:lambda$new$0(135)) - 5b27db08-20be-441d-9c86-d8d1c4f327f7@group-45BFBED4972F-SegmentedRaftLogWorker: flushIndex: setUnconditionally 0 -> -1
2022-06-01 03:36:43,034 [pool-613-thread-1] INFO  segmented.SegmentedRaftLogWorker (SegmentedRaftLogWorker.java:lambda$new$0(135)) - 5b27db08-20be-441d-9c86-d8d1c4f327f7@group-45BFBED4972F-SegmentedRaftLogWorker: safeCacheEvictIndex: setUnconditionally 0 -> -1
2022-06-01 03:36:43,064 [pool-613-thread-1] INFO  server.RaftServerConfigKeys (ConfUtils.java:logGet(46)) - raft.server.snapshot.auto.trigger.enabled = true (custom)
2022-06-01 03:36:43,064 [pool-613-thread-1] INFO  server.RaftServerConfigKeys (ConfUtils.java:logGet(46)) - raft.server.snapshot.auto.trigger.threshold = 10000 (custom)
2022-06-01 03:36:43,064 [pool-613-thread-1] INFO  server.RaftServerConfigKeys (ConfUtils.java:logGet(46)) - raft.server.snapshot.retention.file.num = 5 (custom)
2022-06-01 03:36:43,064 [pool-613-thread-1] INFO  server.RaftServerConfigKeys (ConfUtils.java:logGet(46)) - raft.server.log.purge.upto.snapshot.index = false (default)
2022-06-01 03:36:43,064 [pool-613-thread-1] INFO  server.RaftServerConfigKeys (ConfUtils.java:logGet(46)) - raft.server.retrycache.expirytime = 600000ms (custom)
2022-06-01 03:36:43,064 [pool-613-thread-1] INFO  server.RaftServerConfigKeys (ConfUtils.java:logGet(46)) - raft.server.retrycache.statistics.expirytime = 100μs (default)
2022-06-01 03:36:43,065 [pool-613-thread-1] INFO  server.RaftServerConfigKeys (ConfUtils.java:logGet(46)) - raft.server.log.appender.install.snapshot.enabled = false (custom)
2022-06-01 03:36:43,065 [pool-613-thread-1] INFO  server.RaftServerConfigKeys (ConfUtils.java:logGet(46)) - raft.server.threadpool.server.cached = true (default)
2022-06-01 03:36:43,065 [pool-613-thread-1] INFO  server.RaftServerConfigKeys (ConfUtils.java:logGet(46)) - raft.server.threadpool.server.size = 0 (default)
2022-06-01 03:36:43,065 [pool-613-thread-1] INFO  server.RaftServerConfigKeys (ConfUtils.java:logGet(46)) - raft.server.threadpool.client.cached = true (default)
2022-06-01 03:36:43,065 [pool-613-thread-1] INFO  server.RaftServerConfigKeys (ConfUtils.java:logGet(46)) - raft.server.threadpool.client.size = 0 (default)
2022-06-01 03:36:43,065 [pool-613-thread-1] INFO  server.RaftServer$Division (RaftServerImpl.java:start(310)) - 5b27db08-20be-441d-9c86-d8d1c4f327f7@group-45BFBED4972F: start as a follower, conf=-1: [abd81844-44fc-43f8-8293-c1e1ed0f8954|rpc:10.1.0.5:43693|dataStream:|priority:1, 256e671e-ba6c-4506-876b-ba7b74b86bde|rpc:10.1.0.5:40427|dataStream:|priority:0, 5b27db08-20be-441d-9c86-d8d1c4f327f7|rpc:10.1.0.5:43851|dataStream:|priority:0], old=null
2022-06-01 03:36:43,065 [pool-613-thread-1] INFO  server.RaftServer$Division (RaftServerImpl.java:setRole(299)) - 5b27db08-20be-441d-9c86-d8d1c4f327f7@group-45BFBED4972F: changes role from      null to FOLLOWER at term 0 for startAsFollower
2022-06-01 03:36:43,065 [pool-613-thread-1] INFO  impl.RoleInfo (RoleInfo.java:updateAndGet(139)) - 5b27db08-20be-441d-9c86-d8d1c4f327f7: start 5b27db08-20be-441d-9c86-d8d1c4f327f7@group-45BFBED4972F-FollowerState
2022-06-01 03:36:43,080 [pool-613-thread-1] INFO  util.JmxRegister (JmxRegister.java:tryRegister(44)) - Successfully registered JMX Bean with object name Ratis:service=RaftServer,group=group-45BFBED4972F,id=5b27db08-20be-441d-9c86-d8d1c4f327f7
2022-06-01 03:36:43,120 [Command processor thread] INFO  commandhandler.CreatePipelineCommandHandler (CreatePipelineCommandHandler.java:handle(113)) - Created Pipeline RATIS THREE PipelineID=c4ba0ef5-549e-46af-8573-45bfbed4972f.
2022-06-01 03:36:43,120 [Command processor thread] INFO  server.RaftServer (RaftServerProxy.java:addNew(96)) - 256e671e-ba6c-4506-876b-ba7b74b86bde: addNew group-C6C57E7579CE:[abd81844-44fc-43f8-8293-c1e1ed0f8954|rpc:10.1.0.5:43693|priority:0, 256e671e-ba6c-4506-876b-ba7b74b86bde|rpc:10.1.0.5:40427|priority:1, 5b27db08-20be-441d-9c86-d8d1c4f327f7|rpc:10.1.0.5:43851|priority:0] returns group-C6C57E7579CE:java.util.concurrent.CompletableFuture@223aed87[Not completed]
2022-06-01 03:36:43,121 [pool-591-thread-1] INFO  server.RaftServer$Division (RaftServerImpl.java:<init>(190)) - 256e671e-ba6c-4506-876b-ba7b74b86bde: new RaftServerImpl for group-C6C57E7579CE:[abd81844-44fc-43f8-8293-c1e1ed0f8954|rpc:10.1.0.5:43693|priority:0, 256e671e-ba6c-4506-876b-ba7b74b86bde|rpc:10.1.0.5:40427|priority:1, 5b27db08-20be-441d-9c86-d8d1c4f327f7|rpc:10.1.0.5:43851|priority:0] with ContainerStateMachine:uninitialized
2022-06-01 03:36:43,121 [pool-591-thread-1] INFO  server.RaftServerConfigKeys (ConfUtils.java:logGet(46)) - raft.server.rpc.timeout.min = 5s (custom)
2022-06-01 03:36:43,121 [pool-591-thread-1] INFO  server.RaftServerConfigKeys (ConfUtils.java:logGet(46)) - raft.server.rpc.timeout.max = 5200ms (custom)
2022-06-01 03:36:43,121 [pool-591-thread-1] INFO  server.RaftServerConfigKeys (ConfUtils.java:logGet(46)) - raft.server.rpc.sleep.time = 25ms (default)
2022-06-01 03:36:43,121 [pool-591-thread-1] INFO  server.RaftServerConfigKeys (ConfUtils.java:logGet(46)) - raft.server.rpc.slowness.timeout = 300s (custom)
2022-06-01 03:36:43,121 [pool-591-thread-1] INFO  server.RaftServerConfigKeys (ConfUtils.java:logGet(46)) - raft.server.leaderelection.leader.step-down.wait-time = 10s (default)
2022-06-01 03:36:43,121 [pool-591-thread-1] INFO  server.RaftServerConfigKeys (ConfUtils.java:logGet(46)) - raft.server.sleep.deviation.threshold = 300ms (default)
2022-06-01 03:36:43,121 [pool-591-thread-1] INFO  server.RaftServer$Division (ServerState.java:<init>(107)) - 256e671e-ba6c-4506-876b-ba7b74b86bde@group-C6C57E7579CE: ConfigurationManager, init=-1: [abd81844-44fc-43f8-8293-c1e1ed0f8954|rpc:10.1.0.5:43693|priority:0, 256e671e-ba6c-4506-876b-ba7b74b86bde|rpc:10.1.0.5:40427|priority:1, 5b27db08-20be-441d-9c86-d8d1c4f327f7|rpc:10.1.0.5:43851|priority:0], old=null, confs=<EMPTY_MAP>
2022-06-01 03:36:43,121 [pool-591-thread-1] INFO  server.RaftServerConfigKeys (ConfUtils.java:logGet(46)) - raft.server.storage.dir = [/home/runner/work/ozone/ozone/hadoop-ozone/integration-test/target/test-dir/MiniOzoneClusterImpl-f48b6726-dd30-40f9-bb46-d41d0091544d/datanode-0/data/ratis] (custom)
2022-06-01 03:36:43,121 [pool-591-thread-1] INFO  server.RaftServerConfigKeys (ConfUtils.java:logGet(46)) - raft.server.log.corruption.policy = EXCEPTION (default)
2022-06-01 03:36:43,121 [pool-591-thread-1] INFO  server.RaftServerConfigKeys (ConfUtils.java:logGet(46)) - raft.server.storage.free-space.min = 0MB (=0) (default)
2022-06-01 03:36:43,121 [pool-591-thread-1] INFO  storage.RaftStorageDirectory (RaftStorageDirectoryImpl.java:analyzeStorage(135)) - The storage directory /home/runner/work/ozone/ozone/hadoop-ozone/integration-test/target/test-dir/MiniOzoneClusterImpl-f48b6726-dd30-40f9-bb46-d41d0091544d/datanode-0/data/ratis/27c0c480-b9ec-4228-81f4-c6c57e7579ce does not exist. Creating ...
2022-06-01 03:36:43,128 [pool-591-thread-1] INFO  storage.RaftStorageDirectory (RaftStorageDirectoryImpl.java:tryLock(230)) - Lock on /home/runner/work/ozone/ozone/hadoop-ozone/integration-test/target/test-dir/MiniOzoneClusterImpl-f48b6726-dd30-40f9-bb46-d41d0091544d/datanode-0/data/ratis/27c0c480-b9ec-4228-81f4-c6c57e7579ce/in_use.lock acquired by nodename 14781@fv-az151-582
2022-06-01 03:36:43,130 [pool-591-thread-1] INFO  storage.RaftStorage (RaftStorageImpl.java:format(89)) - Storage directory /home/runner/work/ozone/ozone/hadoop-ozone/integration-test/target/test-dir/MiniOzoneClusterImpl-f48b6726-dd30-40f9-bb46-d41d0091544d/datanode-0/data/ratis/27c0c480-b9ec-4228-81f4-c6c57e7579ce has been successfully formatted.
2022-06-01 03:36:43,130 [pool-591-thread-1] INFO  ratis.ContainerStateMachine (ContainerStateMachine.java:loadSnapshot(236)) - group-C6C57E7579CE: The snapshot info is null. Setting the last applied indexto:(t:0, i:~)
2022-06-01 03:36:43,130 [pool-591-thread-1] INFO  server.RaftServerConfigKeys (ConfUtils.java:logGet(46)) - raft.server.notification.no-leader.timeout = 300s (custom)
2022-06-01 03:36:43,130 [pool-591-thread-1] INFO  server.RaftServerConfigKeys (ConfUtils.java:logGet(46)) - raft.server.log.use.memory = false (default)
2022-06-01 03:36:43,130 [pool-591-thread-1] INFO  server.RaftServerConfigKeys (ConfUtils.java:logGet(46)) - raft.server.log.purge.gap = 1000000 (custom)
2022-06-01 03:36:43,130 [pool-591-thread-1] INFO  server.RaftServerConfigKeys (ConfUtils.java:logGet(46)) - raft.server.log.appender.buffer.byte-limit = 33554432 (custom)
2022-06-01 03:36:43,130 [pool-591-thread-1] INFO  server.RaftServerConfigKeys (ConfUtils.java:logGet(46)) - raft.server.log.statemachine.data.read.timeout = 1000ms (default)
2022-06-01 03:36:43,130 [pool-591-thread-1] INFO  server.RaftServerConfigKeys (ConfUtils.java:logGet(46)) - raft.server.log.segment.size.max = 1048576 (custom)
2022-06-01 03:36:43,131 [pool-591-thread-1] INFO  server.RaftServerConfigKeys (ConfUtils.java:logGet(46)) - raft.server.log.segment.cache.num.max = 2 (custom)
2022-06-01 03:36:43,131 [pool-591-thread-1] INFO  server.RaftServerConfigKeys (ConfUtils.java:logGet(46)) - raft.server.log.segment.cache.size.max = 200MB (=209715200) (default)
2022-06-01 03:36:43,131 [pool-591-thread-1] INFO  segmented.SegmentedRaftLogWorker (SegmentedRaftLogWorker.java:<init>(187)) - new 256e671e-ba6c-4506-876b-ba7b74b86bde@group-C6C57E7579CE-SegmentedRaftLogWorker for RaftStorageImpl:Storage Directory /home/runner/work/ozone/ozone/hadoop-ozone/integration-test/target/test-dir/MiniOzoneClusterImpl-f48b6726-dd30-40f9-bb46-d41d0091544d/datanode-0/data/ratis/27c0c480-b9ec-4228-81f4-c6c57e7579ce
2022-06-01 03:36:43,131 [pool-591-thread-1] INFO  server.RaftServerConfigKeys (ConfUtils.java:logGet(46)) - raft.server.log.queue.byte-limit = 4294967296 (custom)
2022-06-01 03:36:43,131 [pool-591-thread-1] INFO  server.RaftServerConfigKeys (ConfUtils.java:logGet(46)) - raft.server.log.queue.element-limit = 1024 (custom)
2022-06-01 03:36:43,131 [pool-591-thread-1] INFO  server.RaftServerConfigKeys (ConfUtils.java:logGet(46)) - raft.server.log.segment.size.max = 1048576 (custom)
2022-06-01 03:36:43,131 [pool-591-thread-1] INFO  server.RaftServerConfigKeys (ConfUtils.java:logGet(46)) - raft.server.log.preallocated.size = 16384 (custom)
2022-06-01 03:36:43,131 [pool-591-thread-1] INFO  server.RaftServerConfigKeys (ConfUtils.java:logGet(46)) - raft.server.log.force.sync.num = 128 (default)
2022-06-01 03:36:43,131 [pool-591-thread-1] INFO  server.RaftServerConfigKeys (ConfUtils.java:logGet(46)) - raft.server.log.statemachine.data.sync = true (default)
2022-06-01 03:36:43,131 [pool-591-thread-1] INFO  server.RaftServerConfigKeys (ConfUtils.java:logGet(46)) - raft.server.log.statemachine.data.sync.timeout = 10s (default)
2022-06-01 03:36:43,139 [EventQueue-OpenPipelineForHealthyPipelineSafeModeRule] INFO  safemode.SCMSafeModeManager (HealthyPipelineSafeModeRule.java:process(124)) - SCM in safe mode. Healthy pipelines reported count is 0, required healthy pipeline reported count is 1
2022-06-01 03:36:43,141 [pool-591-thread-1] INFO  server.RaftServerConfigKeys (ConfUtils.java:logGet(46)) - raft.server.log.statemachine.data.sync.timeout.retry = -1 (default)
2022-06-01 03:36:43,142 [pool-591-thread-1] INFO  server.RaftServerConfigKeys (ConfUtils.java:logGet(46)) - raft.server.log.write.buffer.size = 1048576 (custom)
2022-06-01 03:36:43,142 [pool-591-thread-1] INFO  server.RaftServerConfigKeys (ConfUtils.java:logGet(46)) - raft.server.log.unsafe-flush.enabled = false (default)
2022-06-01 03:36:43,144 [pool-591-thread-1] INFO  server.RaftServerConfigKeys (ConfUtils.java:logGet(46)) - raft.server.log.statemachine.data.caching.enabled = true (custom)
2022-06-01 03:36:43,144 [pool-591-thread-1] INFO  segmented.SegmentedRaftLogWorker (SegmentedRaftLogWorker.java:lambda$new$0(135)) - 256e671e-ba6c-4506-876b-ba7b74b86bde@group-C6C57E7579CE-SegmentedRaftLogWorker: flushIndex: setUnconditionally 0 -> -1
2022-06-01 03:36:43,144 [pool-591-thread-1] INFO  segmented.SegmentedRaftLogWorker (SegmentedRaftLogWorker.java:lambda$new$0(135)) - 256e671e-ba6c-4506-876b-ba7b74b86bde@group-C6C57E7579CE-SegmentedRaftLogWorker: safeCacheEvictIndex: setUnconditionally 0 -> -1
2022-06-01 03:36:43,164 [pool-591-thread-1] INFO  server.RaftServerConfigKeys (ConfUtils.java:logGet(46)) - raft.server.snapshot.auto.trigger.enabled = true (custom)
2022-06-01 03:36:43,164 [pool-591-thread-1] INFO  server.RaftServerConfigKeys (ConfUtils.java:logGet(46)) - raft.server.snapshot.auto.trigger.threshold = 10000 (custom)
2022-06-01 03:36:43,164 [pool-591-thread-1] INFO  server.RaftServerConfigKeys (ConfUtils.java:logGet(46)) - raft.server.snapshot.retention.file.num = 5 (custom)
2022-06-01 03:36:43,164 [pool-591-thread-1] INFO  server.RaftServerConfigKeys (ConfUtils.java:logGet(46)) - raft.server.log.purge.upto.snapshot.index = false (default)
2022-06-01 03:36:43,164 [pool-591-thread-1] INFO  server.RaftServerConfigKeys (ConfUtils.java:logGet(46)) - raft.server.retrycache.expirytime = 600000ms (custom)
2022-06-01 03:36:43,164 [pool-591-thread-1] INFO  server.RaftServerConfigKeys (ConfUtils.java:logGet(46)) - raft.server.retrycache.statistics.expirytime = 100μs (default)
2022-06-01 03:36:43,168 [pool-591-thread-1] INFO  server.RaftServerConfigKeys (ConfUtils.java:logGet(46)) - raft.server.log.appender.install.snapshot.enabled = false (custom)
2022-06-01 03:36:43,168 [pool-591-thread-1] INFO  server.RaftServerConfigKeys (ConfUtils.java:logGet(46)) - raft.server.threadpool.server.cached = true (default)
2022-06-01 03:36:43,169 [pool-591-thread-1] INFO  server.RaftServerConfigKeys (ConfUtils.java:logGet(46)) - raft.server.threadpool.server.size = 0 (default)
2022-06-01 03:36:43,169 [pool-591-thread-1] INFO  server.RaftServerConfigKeys (ConfUtils.java:logGet(46)) - raft.server.threadpool.client.cached = true (default)
2022-06-01 03:36:43,169 [pool-591-thread-1] INFO  server.RaftServerConfigKeys (ConfUtils.java:logGet(46)) - raft.server.threadpool.client.size = 0 (default)
2022-06-01 03:36:43,169 [pool-591-thread-1] INFO  server.RaftServer$Division (RaftServerImpl.java:start(310)) - 256e671e-ba6c-4506-876b-ba7b74b86bde@group-C6C57E7579CE: start as a follower, conf=-1: [abd81844-44fc-43f8-8293-c1e1ed0f8954|rpc:10.1.0.5:43693|priority:0, 256e671e-ba6c-4506-876b-ba7b74b86bde|rpc:10.1.0.5:40427|priority:1, 5b27db08-20be-441d-9c86-d8d1c4f327f7|rpc:10.1.0.5:43851|priority:0], old=null
2022-06-01 03:36:43,169 [pool-591-thread-1] INFO  server.RaftServer$Division (RaftServerImpl.java:setRole(299)) - 256e671e-ba6c-4506-876b-ba7b74b86bde@group-C6C57E7579CE: changes role from      null to FOLLOWER at term 0 for startAsFollower
2022-06-01 03:36:43,169 [pool-591-thread-1] INFO  impl.RoleInfo (RoleInfo.java:updateAndGet(139)) - 256e671e-ba6c-4506-876b-ba7b74b86bde: start 256e671e-ba6c-4506-876b-ba7b74b86bde@group-C6C57E7579CE-FollowerState
2022-06-01 03:36:43,175 [pool-591-thread-1] INFO  util.JmxRegister (JmxRegister.java:tryRegister(44)) - Successfully registered JMX Bean with object name Ratis:service=RaftServer,group=group-C6C57E7579CE,id=256e671e-ba6c-4506-876b-ba7b74b86bde
2022-06-01 03:36:43,176 [Command processor thread] INFO  ratis.XceiverServerRatis (XceiverServerRatis.java:addGroup(765)) - Created group PipelineID=27c0c480-b9ec-4228-81f4-c6c57e7579ce
2022-06-01 03:36:43,223 [grpc-default-executor-0] INFO  server.RaftServer (RaftServerProxy.java:addNew(96)) - 5b27db08-20be-441d-9c86-d8d1c4f327f7: addNew group-C6C57E7579CE:[abd81844-44fc-43f8-8293-c1e1ed0f8954|rpc:10.1.0.5:43693|dataStream:|priority:0, 256e671e-ba6c-4506-876b-ba7b74b86bde|rpc:10.1.0.5:40427|dataStream:|priority:1, 5b27db08-20be-441d-9c86-d8d1c4f327f7|rpc:10.1.0.5:43851|dataStream:|priority:0] returns group-C6C57E7579CE:java.util.concurrent.CompletableFuture@301fdb30[Not completed]
2022-06-01 03:36:43,224 [pool-613-thread-1] INFO  server.RaftServer$Division (RaftServerImpl.java:<init>(190)) - 5b27db08-20be-441d-9c86-d8d1c4f327f7: new RaftServerImpl for group-C6C57E7579CE:[abd81844-44fc-43f8-8293-c1e1ed0f8954|rpc:10.1.0.5:43693|dataStream:|priority:0, 256e671e-ba6c-4506-876b-ba7b74b86bde|rpc:10.1.0.5:40427|dataStream:|priority:1, 5b27db08-20be-441d-9c86-d8d1c4f327f7|rpc:10.1.0.5:43851|dataStream:|priority:0] with ContainerStateMachine:uninitialized
2022-06-01 03:36:43,224 [pool-613-thread-1] INFO  server.RaftServerConfigKeys (ConfUtils.java:logGet(46)) - raft.server.rpc.timeout.min = 5s (custom)
2022-06-01 03:36:43,224 [pool-613-thread-1] INFO  server.RaftServerConfigKeys (ConfUtils.java:logGet(46)) - raft.server.rpc.timeout.max = 5200ms (custom)
2022-06-01 03:36:43,224 [pool-613-thread-1] INFO  server.RaftServerConfigKeys (ConfUtils.java:logGet(46)) - raft.server.rpc.sleep.time = 25ms (default)
2022-06-01 03:36:43,224 [pool-613-thread-1] INFO  server.RaftServerConfigKeys (ConfUtils.java:logGet(46)) - raft.server.rpc.slowness.timeout = 300s (custom)
2022-06-01 03:36:43,224 [pool-613-thread-1] INFO  server.RaftServerConfigKeys (ConfUtils.java:logGet(46)) - raft.server.leaderelection.leader.step-down.wait-time = 10s (default)
2022-06-01 03:36:43,224 [pool-613-thread-1] INFO  server.RaftServerConfigKeys (ConfUtils.java:logGet(46)) - raft.server.sleep.deviation.threshold = 300ms (default)
2022-06-01 03:36:43,224 [pool-613-thread-1] INFO  server.RaftServer$Division (ServerState.java:<init>(107)) - 5b27db08-20be-441d-9c86-d8d1c4f327f7@group-C6C57E7579CE: ConfigurationManager, init=-1: [abd81844-44fc-43f8-8293-c1e1ed0f8954|rpc:10.1.0.5:43693|dataStream:|priority:0, 256e671e-ba6c-4506-876b-ba7b74b86bde|rpc:10.1.0.5:40427|dataStream:|priority:1, 5b27db08-20be-441d-9c86-d8d1c4f327f7|rpc:10.1.0.5:43851|dataStream:|priority:0], old=null, confs=<EMPTY_MAP>
2022-06-01 03:36:43,224 [pool-613-thread-1] INFO  server.RaftServerConfigKeys (ConfUtils.java:logGet(46)) - raft.server.storage.dir = [/home/runner/work/ozone/ozone/hadoop-ozone/integration-test/target/test-dir/MiniOzoneClusterImpl-f48b6726-dd30-40f9-bb46-d41d0091544d/datanode-1/data/ratis] (custom)
2022-06-01 03:36:43,224 [pool-613-thread-1] INFO  server.RaftServerConfigKeys (ConfUtils.java:logGet(46)) - raft.server.log.corruption.policy = EXCEPTION (default)
2022-06-01 03:36:43,224 [pool-613-thread-1] INFO  server.RaftServerConfigKeys (ConfUtils.java:logGet(46)) - raft.server.storage.free-space.min = 0MB (=0) (default)
2022-06-01 03:36:43,224 [pool-613-thread-1] INFO  storage.RaftStorageDirectory (RaftStorageDirectoryImpl.java:analyzeStorage(135)) - The storage directory /home/runner/work/ozone/ozone/hadoop-ozone/integration-test/target/test-dir/MiniOzoneClusterImpl-f48b6726-dd30-40f9-bb46-d41d0091544d/datanode-1/data/ratis/27c0c480-b9ec-4228-81f4-c6c57e7579ce does not exist. Creating ...
2022-06-01 03:36:43,225 [pool-613-thread-1] INFO  storage.RaftStorageDirectory (RaftStorageDirectoryImpl.java:tryLock(230)) - Lock on /home/runner/work/ozone/ozone/hadoop-ozone/integration-test/target/test-dir/MiniOzoneClusterImpl-f48b6726-dd30-40f9-bb46-d41d0091544d/datanode-1/data/ratis/27c0c480-b9ec-4228-81f4-c6c57e7579ce/in_use.lock acquired by nodename 14781@fv-az151-582
2022-06-01 03:36:43,227 [pool-613-thread-1] INFO  storage.RaftStorage (RaftStorageImpl.java:format(89)) - Storage directory /home/runner/work/ozone/ozone/hadoop-ozone/integration-test/target/test-dir/MiniOzoneClusterImpl-f48b6726-dd30-40f9-bb46-d41d0091544d/datanode-1/data/ratis/27c0c480-b9ec-4228-81f4-c6c57e7579ce has been successfully formatted.
2022-06-01 03:36:43,229 [pool-613-thread-1] INFO  ratis.ContainerStateMachine (ContainerStateMachine.java:loadSnapshot(236)) - group-C6C57E7579CE: The snapshot info is null. Setting the last applied indexto:(t:0, i:~)
2022-06-01 03:36:43,229 [pool-613-thread-1] INFO  server.RaftServerConfigKeys (ConfUtils.java:logGet(46)) - raft.server.notification.no-leader.timeout = 300s (custom)
2022-06-01 03:36:43,230 [pool-613-thread-1] INFO  server.RaftServerConfigKeys (ConfUtils.java:logGet(46)) - raft.server.log.use.memory = false (default)
2022-06-01 03:36:43,230 [pool-613-thread-1] INFO  server.RaftServerConfigKeys (ConfUtils.java:logGet(46)) - raft.server.log.purge.gap = 1000000 (custom)
2022-06-01 03:36:43,230 [pool-613-thread-1] INFO  server.RaftServerConfigKeys (ConfUtils.java:logGet(46)) - raft.server.log.appender.buffer.byte-limit = 33554432 (custom)
2022-06-01 03:36:43,230 [pool-613-thread-1] INFO  server.RaftServerConfigKeys (ConfUtils.java:logGet(46)) - raft.server.log.statemachine.data.read.timeout = 1000ms (default)
2022-06-01 03:36:43,230 [pool-613-thread-1] INFO  server.RaftServerConfigKeys (ConfUtils.java:logGet(46)) - raft.server.log.segment.size.max = 1048576 (custom)
2022-06-01 03:36:43,230 [pool-613-thread-1] INFO  server.RaftServerConfigKeys (ConfUtils.java:logGet(46)) - raft.server.log.segment.cache.num.max = 2 (custom)
2022-06-01 03:36:43,230 [pool-613-thread-1] INFO  server.RaftServerConfigKeys (ConfUtils.java:logGet(46)) - raft.server.log.segment.cache.size.max = 200MB (=209715200) (default)
2022-06-01 03:36:43,230 [pool-613-thread-1] INFO  segmented.SegmentedRaftLogWorker (SegmentedRaftLogWorker.java:<init>(187)) - new 5b27db08-20be-441d-9c86-d8d1c4f327f7@group-C6C57E7579CE-SegmentedRaftLogWorker for RaftStorageImpl:Storage Directory /home/runner/work/ozone/ozone/hadoop-ozone/integration-test/target/test-dir/MiniOzoneClusterImpl-f48b6726-dd30-40f9-bb46-d41d0091544d/datanode-1/data/ratis/27c0c480-b9ec-4228-81f4-c6c57e7579ce
2022-06-01 03:36:43,230 [pool-613-thread-1] INFO  server.RaftServerConfigKeys (ConfUtils.java:logGet(46)) - raft.server.log.queue.byte-limit = 4294967296 (custom)
2022-06-01 03:36:43,230 [pool-613-thread-1] INFO  server.RaftServerConfigKeys (ConfUtils.java:logGet(46)) - raft.server.log.queue.element-limit = 1024 (custom)
2022-06-01 03:36:43,230 [pool-613-thread-1] INFO  server.RaftServerConfigKeys (ConfUtils.java:logGet(46)) - raft.server.log.segment.size.max = 1048576 (custom)
2022-06-01 03:36:43,230 [pool-613-thread-1] INFO  server.RaftServerConfigKeys (ConfUtils.java:logGet(46)) - raft.server.log.preallocated.size = 16384 (custom)
2022-06-01 03:36:43,231 [pool-613-thread-1] INFO  server.RaftServerConfigKeys (ConfUtils.java:logGet(46)) - raft.server.log.force.sync.num = 128 (default)
2022-06-01 03:36:43,231 [pool-613-thread-1] INFO  server.RaftServerConfigKeys (ConfUtils.java:logGet(46)) - raft.server.log.statemachine.data.sync = true (default)
2022-06-01 03:36:43,231 [pool-613-thread-1] INFO  server.RaftServerConfigKeys (ConfUtils.java:logGet(46)) - raft.server.log.statemachine.data.sync.timeout = 10s (default)
2022-06-01 03:36:43,231 [pool-613-thread-1] INFO  server.RaftServerConfigKeys (ConfUtils.java:logGet(46)) - raft.server.log.statemachine.data.sync.timeout.retry = -1 (default)
2022-06-01 03:36:43,232 [pool-613-thread-1] INFO  server.RaftServerConfigKeys (ConfUtils.java:logGet(46)) - raft.server.log.write.buffer.size = 1048576 (custom)
2022-06-01 03:36:43,232 [pool-613-thread-1] INFO  server.RaftServerConfigKeys (ConfUtils.java:logGet(46)) - raft.server.log.unsafe-flush.enabled = false (default)
2022-06-01 03:36:43,232 [pool-613-thread-1] INFO  server.RaftServerConfigKeys (ConfUtils.java:logGet(46)) - raft.server.log.statemachine.data.caching.enabled = true (custom)
2022-06-01 03:36:43,232 [pool-613-thread-1] INFO  segmented.SegmentedRaftLogWorker (SegmentedRaftLogWorker.java:lambda$new$0(135)) - 5b27db08-20be-441d-9c86-d8d1c4f327f7@group-C6C57E7579CE-SegmentedRaftLogWorker: flushIndex: setUnconditionally 0 -> -1
2022-06-01 03:36:43,232 [pool-613-thread-1] INFO  segmented.SegmentedRaftLogWorker (SegmentedRaftLogWorker.java:lambda$new$0(135)) - 5b27db08-20be-441d-9c86-d8d1c4f327f7@group-C6C57E7579CE-SegmentedRaftLogWorker: safeCacheEvictIndex: setUnconditionally 0 -> -1
2022-06-01 03:36:43,240 [pool-613-thread-1] INFO  server.RaftServerConfigKeys (ConfUtils.java:logGet(46)) - raft.server.snapshot.auto.trigger.enabled = true (custom)
2022-06-01 03:36:43,240 [pool-613-thread-1] INFO  server.RaftServerConfigKeys (ConfUtils.java:logGet(46)) - raft.server.snapshot.auto.trigger.threshold = 10000 (custom)
2022-06-01 03:36:43,240 [pool-613-thread-1] INFO  server.RaftServerConfigKeys (ConfUtils.java:logGet(46)) - raft.server.snapshot.retention.file.num = 5 (custom)
2022-06-01 03:36:43,240 [pool-613-thread-1] INFO  server.RaftServerConfigKeys (ConfUtils.java:logGet(46)) - raft.server.log.purge.upto.snapshot.index = false (default)
2022-06-01 03:36:43,240 [pool-613-thread-1] INFO  server.RaftServerConfigKeys (ConfUtils.java:logGet(46)) - raft.server.retrycache.expirytime = 600000ms (custom)
2022-06-01 03:36:43,240 [pool-613-thread-1] INFO  server.RaftServerConfigKeys (ConfUtils.java:logGet(46)) - raft.server.retrycache.statistics.expirytime = 100μs (default)
2022-06-01 03:36:43,241 [pool-613-thread-1] INFO  server.RaftServerConfigKeys (ConfUtils.java:logGet(46)) - raft.server.log.appender.install.snapshot.enabled = false (custom)
2022-06-01 03:36:43,241 [pool-613-thread-1] INFO  server.RaftServerConfigKeys (ConfUtils.java:logGet(46)) - raft.server.threadpool.server.cached = true (default)
2022-06-01 03:36:43,241 [pool-613-thread-1] INFO  server.RaftServerConfigKeys (ConfUtils.java:logGet(46)) - raft.server.threadpool.server.size = 0 (default)
2022-06-01 03:36:43,241 [pool-613-thread-1] INFO  server.RaftServerConfigKeys (ConfUtils.java:logGet(46)) - raft.server.threadpool.client.cached = true (default)
2022-06-01 03:36:43,241 [pool-613-thread-1] INFO  server.RaftServerConfigKeys (ConfUtils.java:logGet(46)) - raft.server.threadpool.client.size = 0 (default)
2022-06-01 03:36:43,242 [pool-613-thread-1] INFO  server.RaftServer$Division (RaftServerImpl.java:start(310)) - 5b27db08-20be-441d-9c86-d8d1c4f327f7@group-C6C57E7579CE: start as a follower, conf=-1: [abd81844-44fc-43f8-8293-c1e1ed0f8954|rpc:10.1.0.5:43693|dataStream:|priority:0, 256e671e-ba6c-4506-876b-ba7b74b86bde|rpc:10.1.0.5:40427|dataStream:|priority:1, 5b27db08-20be-441d-9c86-d8d1c4f327f7|rpc:10.1.0.5:43851|dataStream:|priority:0], old=null
2022-06-01 03:36:43,242 [pool-613-thread-1] INFO  server.RaftServer$Division (RaftServerImpl.java:setRole(299)) - 5b27db08-20be-441d-9c86-d8d1c4f327f7@group-C6C57E7579CE: changes role from      null to FOLLOWER at term 0 for startAsFollower
2022-06-01 03:36:43,242 [pool-613-thread-1] INFO  impl.RoleInfo (RoleInfo.java:updateAndGet(139)) - 5b27db08-20be-441d-9c86-d8d1c4f327f7: start 5b27db08-20be-441d-9c86-d8d1c4f327f7@group-C6C57E7579CE-FollowerState
2022-06-01 03:36:43,242 [pool-613-thread-1] INFO  util.JmxRegister (JmxRegister.java:tryRegister(44)) - Successfully registered JMX Bean with object name Ratis:service=RaftServer,group=group-C6C57E7579CE,id=5b27db08-20be-441d-9c86-d8d1c4f327f7
2022-06-01 03:36:43,290 [grpc-default-executor-0] INFO  server.RaftServer (RaftServerProxy.java:addNew(96)) - abd81844-44fc-43f8-8293-c1e1ed0f8954: addNew group-C6C57E7579CE:[abd81844-44fc-43f8-8293-c1e1ed0f8954|rpc:10.1.0.5:43693|dataStream:|priority:0, 256e671e-ba6c-4506-876b-ba7b74b86bde|rpc:10.1.0.5:40427|dataStream:|priority:1, 5b27db08-20be-441d-9c86-d8d1c4f327f7|rpc:10.1.0.5:43851|dataStream:|priority:0] returns group-C6C57E7579CE:java.util.concurrent.CompletableFuture@3cb244e[Not completed]
2022-06-01 03:36:43,291 [pool-635-thread-1] INFO  server.RaftServer$Division (RaftServerImpl.java:<init>(190)) - abd81844-44fc-43f8-8293-c1e1ed0f8954: new RaftServerImpl for group-C6C57E7579CE:[abd81844-44fc-43f8-8293-c1e1ed0f8954|rpc:10.1.0.5:43693|dataStream:|priority:0, 256e671e-ba6c-4506-876b-ba7b74b86bde|rpc:10.1.0.5:40427|dataStream:|priority:1, 5b27db08-20be-441d-9c86-d8d1c4f327f7|rpc:10.1.0.5:43851|dataStream:|priority:0] with ContainerStateMachine:uninitialized
2022-06-01 03:36:43,291 [pool-635-thread-1] INFO  server.RaftServerConfigKeys (ConfUtils.java:logGet(46)) - raft.server.rpc.timeout.min = 5s (custom)
2022-06-01 03:36:43,291 [pool-635-thread-1] INFO  server.RaftServerConfigKeys (ConfUtils.java:logGet(46)) - raft.server.rpc.timeout.max = 5200ms (custom)
2022-06-01 03:36:43,291 [pool-635-thread-1] INFO  server.RaftServerConfigKeys (ConfUtils.java:logGet(46)) - raft.server.rpc.sleep.time = 25ms (default)
2022-06-01 03:36:43,291 [pool-635-thread-1] INFO  server.RaftServerConfigKeys (ConfUtils.java:logGet(46)) - raft.server.rpc.slowness.timeout = 300s (custom)
2022-06-01 03:36:43,291 [pool-635-thread-1] INFO  server.RaftServerConfigKeys (ConfUtils.java:logGet(46)) - raft.server.leaderelection.leader.step-down.wait-time = 10s (default)
2022-06-01 03:36:43,291 [pool-635-thread-1] INFO  server.RaftServerConfigKeys (ConfUtils.java:logGet(46)) - raft.server.sleep.deviation.threshold = 300ms (default)
2022-06-01 03:36:43,291 [pool-635-thread-1] INFO  server.RaftServer$Division (ServerState.java:<init>(107)) - abd81844-44fc-43f8-8293-c1e1ed0f8954@group-C6C57E7579CE: ConfigurationManager, init=-1: [abd81844-44fc-43f8-8293-c1e1ed0f8954|rpc:10.1.0.5:43693|dataStream:|priority:0, 256e671e-ba6c-4506-876b-ba7b74b86bde|rpc:10.1.0.5:40427|dataStream:|priority:1, 5b27db08-20be-441d-9c86-d8d1c4f327f7|rpc:10.1.0.5:43851|dataStream:|priority:0], old=null, confs=<EMPTY_MAP>
2022-06-01 03:36:43,291 [pool-635-thread-1] INFO  server.RaftServerConfigKeys (ConfUtils.java:logGet(46)) - raft.server.storage.dir = [/home/runner/work/ozone/ozone/hadoop-ozone/integration-test/target/test-dir/MiniOzoneClusterImpl-f48b6726-dd30-40f9-bb46-d41d0091544d/datanode-2/data/ratis] (custom)
2022-06-01 03:36:43,291 [pool-635-thread-1] INFO  server.RaftServerConfigKeys (ConfUtils.java:logGet(46)) - raft.server.log.corruption.policy = EXCEPTION (default)
2022-06-01 03:36:43,291 [pool-635-thread-1] INFO  server.RaftServerConfigKeys (ConfUtils.java:logGet(46)) - raft.server.storage.free-space.min = 0MB (=0) (default)
2022-06-01 03:36:43,291 [pool-635-thread-1] INFO  storage.RaftStorageDirectory (RaftStorageDirectoryImpl.java:analyzeStorage(135)) - The storage directory /home/runner/work/ozone/ozone/hadoop-ozone/integration-test/target/test-dir/MiniOzoneClusterImpl-f48b6726-dd30-40f9-bb46-d41d0091544d/datanode-2/data/ratis/27c0c480-b9ec-4228-81f4-c6c57e7579ce does not exist. Creating ...
2022-06-01 03:36:43,305 [pool-635-thread-1] INFO  storage.RaftStorageDirectory (RaftStorageDirectoryImpl.java:tryLock(230)) - Lock on /home/runner/work/ozone/ozone/hadoop-ozone/integration-test/target/test-dir/MiniOzoneClusterImpl-f48b6726-dd30-40f9-bb46-d41d0091544d/datanode-2/data/ratis/27c0c480-b9ec-4228-81f4-c6c57e7579ce/in_use.lock acquired by nodename 14781@fv-az151-582
2022-06-01 03:36:43,319 [pool-635-thread-1] INFO  storage.RaftStorage (RaftStorageImpl.java:format(89)) - Storage directory /home/runner/work/ozone/ozone/hadoop-ozone/integration-test/target/test-dir/MiniOzoneClusterImpl-f48b6726-dd30-40f9-bb46-d41d0091544d/datanode-2/data/ratis/27c0c480-b9ec-4228-81f4-c6c57e7579ce has been successfully formatted.
2022-06-01 03:36:43,320 [pool-635-thread-1] INFO  ratis.ContainerStateMachine (ContainerStateMachine.java:loadSnapshot(236)) - group-C6C57E7579CE: The snapshot info is null. Setting the last applied indexto:(t:0, i:~)
2022-06-01 03:36:43,320 [pool-635-thread-1] INFO  server.RaftServerConfigKeys (ConfUtils.java:logGet(46)) - raft.server.notification.no-leader.timeout = 300s (custom)
2022-06-01 03:36:43,320 [pool-635-thread-1] INFO  server.RaftServerConfigKeys (ConfUtils.java:logGet(46)) - raft.server.log.use.memory = false (default)
2022-06-01 03:36:43,320 [pool-635-thread-1] INFO  server.RaftServerConfigKeys (ConfUtils.java:logGet(46)) - raft.server.log.purge.gap = 1000000 (custom)
2022-06-01 03:36:43,320 [pool-635-thread-1] INFO  server.RaftServerConfigKeys (ConfUtils.java:logGet(46)) - raft.server.log.appender.buffer.byte-limit = 33554432 (custom)
2022-06-01 03:36:43,320 [pool-635-thread-1] INFO  server.RaftServerConfigKeys (ConfUtils.java:logGet(46)) - raft.server.log.statemachine.data.read.timeout = 1000ms (default)
2022-06-01 03:36:43,320 [pool-635-thread-1] INFO  server.RaftServerConfigKeys (ConfUtils.java:logGet(46)) - raft.server.log.segment.size.max = 1048576 (custom)
2022-06-01 03:36:43,321 [pool-635-thread-1] INFO  server.RaftServerConfigKeys (ConfUtils.java:logGet(46)) - raft.server.log.segment.cache.num.max = 2 (custom)
2022-06-01 03:36:43,321 [pool-635-thread-1] INFO  server.RaftServerConfigKeys (ConfUtils.java:logGet(46)) - raft.server.log.segment.cache.size.max = 200MB (=209715200) (default)
2022-06-01 03:36:43,321 [pool-635-thread-1] INFO  segmented.SegmentedRaftLogWorker (SegmentedRaftLogWorker.java:<init>(187)) - new abd81844-44fc-43f8-8293-c1e1ed0f8954@group-C6C57E7579CE-SegmentedRaftLogWorker for RaftStorageImpl:Storage Directory /home/runner/work/ozone/ozone/hadoop-ozone/integration-test/target/test-dir/MiniOzoneClusterImpl-f48b6726-dd30-40f9-bb46-d41d0091544d/datanode-2/data/ratis/27c0c480-b9ec-4228-81f4-c6c57e7579ce
2022-06-01 03:36:43,321 [pool-635-thread-1] INFO  server.RaftServerConfigKeys (ConfUtils.java:logGet(46)) - raft.server.log.queue.byte-limit = 4294967296 (custom)
2022-06-01 03:36:43,321 [pool-635-thread-1] INFO  server.RaftServerConfigKeys (ConfUtils.java:logGet(46)) - raft.server.log.queue.element-limit = 1024 (custom)
2022-06-01 03:36:43,321 [pool-635-thread-1] INFO  server.RaftServerConfigKeys (ConfUtils.java:logGet(46)) - raft.server.log.segment.size.max = 1048576 (custom)
2022-06-01 03:36:43,321 [pool-635-thread-1] INFO  server.RaftServerConfigKeys (ConfUtils.java:logGet(46)) - raft.server.log.preallocated.size = 16384 (custom)
2022-06-01 03:36:43,321 [pool-635-thread-1] INFO  server.RaftServerConfigKeys (ConfUtils.java:logGet(46)) - raft.server.log.force.sync.num = 128 (default)
2022-06-01 03:36:43,321 [pool-635-thread-1] INFO  server.RaftServerConfigKeys (ConfUtils.java:logGet(46)) - raft.server.log.statemachine.data.sync = true (default)
2022-06-01 03:36:43,321 [pool-635-thread-1] INFO  server.RaftServerConfigKeys (ConfUtils.java:logGet(46)) - raft.server.log.statemachine.data.sync.timeout = 10s (default)
2022-06-01 03:36:43,321 [pool-635-thread-1] INFO  server.RaftServerConfigKeys (ConfUtils.java:logGet(46)) - raft.server.log.statemachine.data.sync.timeout.retry = -1 (default)
2022-06-01 03:36:43,322 [pool-635-thread-1] INFO  server.RaftServerConfigKeys (ConfUtils.java:logGet(46)) - raft.server.log.write.buffer.size = 1048576 (custom)
2022-06-01 03:36:43,323 [pool-635-thread-1] INFO  server.RaftServerConfigKeys (ConfUtils.java:logGet(46)) - raft.server.log.unsafe-flush.enabled = false (default)
2022-06-01 03:36:43,323 [pool-635-thread-1] INFO  server.RaftServerConfigKeys (ConfUtils.java:logGet(46)) - raft.server.log.statemachine.data.caching.enabled = true (custom)
2022-06-01 03:36:43,323 [pool-635-thread-1] INFO  segmented.SegmentedRaftLogWorker (SegmentedRaftLogWorker.java:lambda$new$0(135)) - abd81844-44fc-43f8-8293-c1e1ed0f8954@group-C6C57E7579CE-SegmentedRaftLogWorker: flushIndex: setUnconditionally 0 -> -1
2022-06-01 03:36:43,323 [pool-635-thread-1] INFO  segmented.SegmentedRaftLogWorker (SegmentedRaftLogWorker.java:lambda$new$0(135)) - abd81844-44fc-43f8-8293-c1e1ed0f8954@group-C6C57E7579CE-SegmentedRaftLogWorker: safeCacheEvictIndex: setUnconditionally 0 -> -1
2022-06-01 03:36:43,332 [pool-635-thread-1] INFO  server.RaftServerConfigKeys (ConfUtils.java:logGet(46)) - raft.server.snapshot.auto.trigger.enabled = true (custom)
2022-06-01 03:36:43,332 [pool-635-thread-1] INFO  server.RaftServerConfigKeys (ConfUtils.java:logGet(46)) - raft.server.snapshot.auto.trigger.threshold = 10000 (custom)
2022-06-01 03:36:43,332 [pool-635-thread-1] INFO  server.RaftServerConfigKeys (ConfUtils.java:logGet(46)) - raft.server.snapshot.retention.file.num = 5 (custom)
2022-06-01 03:36:43,332 [pool-635-thread-1] INFO  server.RaftServerConfigKeys (ConfUtils.java:logGet(46)) - raft.server.log.purge.upto.snapshot.index = false (default)
2022-06-01 03:36:43,332 [pool-635-thread-1] INFO  server.RaftServerConfigKeys (ConfUtils.java:logGet(46)) - raft.server.retrycache.expirytime = 600000ms (custom)
2022-06-01 03:36:43,332 [pool-635-thread-1] INFO  server.RaftServerConfigKeys (ConfUtils.java:logGet(46)) - raft.server.retrycache.statistics.expirytime = 100μs (default)
2022-06-01 03:36:43,333 [pool-635-thread-1] INFO  server.RaftServerConfigKeys (ConfUtils.java:logGet(46)) - raft.server.log.appender.install.snapshot.enabled = false (custom)
2022-06-01 03:36:43,333 [pool-635-thread-1] INFO  server.RaftServerConfigKeys (ConfUtils.java:logGet(46)) - raft.server.threadpool.server.cached = true (default)
2022-06-01 03:36:43,333 [pool-635-thread-1] INFO  server.RaftServerConfigKeys (ConfUtils.java:logGet(46)) - raft.server.threadpool.server.size = 0 (default)
2022-06-01 03:36:43,333 [pool-635-thread-1] INFO  server.RaftServerConfigKeys (ConfUtils.java:logGet(46)) - raft.server.threadpool.client.cached = true (default)
2022-06-01 03:36:43,333 [pool-635-thread-1] INFO  server.RaftServerConfigKeys (ConfUtils.java:logGet(46)) - raft.server.threadpool.client.size = 0 (default)
2022-06-01 03:36:43,333 [pool-635-thread-1] INFO  server.RaftServer$Division (RaftServerImpl.java:start(310)) - abd81844-44fc-43f8-8293-c1e1ed0f8954@group-C6C57E7579CE: start as a follower, conf=-1: [abd81844-44fc-43f8-8293-c1e1ed0f8954|rpc:10.1.0.5:43693|dataStream:|priority:0, 256e671e-ba6c-4506-876b-ba7b74b86bde|rpc:10.1.0.5:40427|dataStream:|priority:1, 5b27db08-20be-441d-9c86-d8d1c4f327f7|rpc:10.1.0.5:43851|dataStream:|priority:0], old=null
2022-06-01 03:36:43,333 [pool-635-thread-1] INFO  server.RaftServer$Division (RaftServerImpl.java:setRole(299)) - abd81844-44fc-43f8-8293-c1e1ed0f8954@group-C6C57E7579CE: changes role from      null to FOLLOWER at term 0 for startAsFollower
2022-06-01 03:36:43,333 [pool-635-thread-1] INFO  impl.RoleInfo (RoleInfo.java:updateAndGet(139)) - abd81844-44fc-43f8-8293-c1e1ed0f8954: start abd81844-44fc-43f8-8293-c1e1ed0f8954@group-C6C57E7579CE-FollowerState
2022-06-01 03:36:43,334 [pool-635-thread-1] INFO  util.JmxRegister (JmxRegister.java:tryRegister(44)) - Successfully registered JMX Bean with object name Ratis:service=RaftServer,group=group-C6C57E7579CE,id=abd81844-44fc-43f8-8293-c1e1ed0f8954
2022-06-01 03:36:43,352 [Command processor thread] INFO  commandhandler.CreatePipelineCommandHandler (CreatePipelineCommandHandler.java:handle(113)) - Created Pipeline RATIS THREE PipelineID=27c0c480-b9ec-4228-81f4-c6c57e7579ce.
2022-06-01 03:36:43,572 [Listener at 127.0.0.1/43449] INFO  ozone.MiniOzoneClusterImpl (MiniOzoneClusterImpl.java:lambda$waitForClusterToBeReady$0(221)) - Nodes are ready. Got 3 of 3 DN Heartbeats.
2022-06-01 03:36:43,572 [Listener at 127.0.0.1/43449] INFO  ozone.MiniOzoneClusterImpl (MiniOzoneClusterImpl.java:lambda$waitForClusterToBeReady$0(224)) - Waiting for cluster to exit safe mode
2022-06-01 03:36:43,572 [Listener at 127.0.0.1/43449] INFO  ozone.MiniOzoneClusterImpl (MiniOzoneClusterImpl.java:lambda$waitForClusterToBeReady$0(226)) - SCM became leader
2022-06-01 03:36:43,667 [Command processor thread] INFO  server.RaftServer (RaftServerProxy.java:addNew(96)) - 5b27db08-20be-441d-9c86-d8d1c4f327f7: addNew group-A83251B36E19:[5b27db08-20be-441d-9c86-d8d1c4f327f7|rpc:10.1.0.5:43851|priority:1] returns group-A83251B36E19:java.util.concurrent.CompletableFuture@159fa547[Not completed]
2022-06-01 03:36:43,668 [pool-613-thread-1] INFO  server.RaftServer$Division (RaftServerImpl.java:<init>(190)) - 5b27db08-20be-441d-9c86-d8d1c4f327f7: new RaftServerImpl for group-A83251B36E19:[5b27db08-20be-441d-9c86-d8d1c4f327f7|rpc:10.1.0.5:43851|priority:1] with ContainerStateMachine:uninitialized
2022-06-01 03:36:43,668 [pool-613-thread-1] INFO  server.RaftServerConfigKeys (ConfUtils.java:logGet(46)) - raft.server.rpc.timeout.min = 5s (custom)
2022-06-01 03:36:43,668 [pool-613-thread-1] INFO  server.RaftServerConfigKeys (ConfUtils.java:logGet(46)) - raft.server.rpc.timeout.max = 5200ms (custom)
2022-06-01 03:36:43,668 [pool-613-thread-1] INFO  server.RaftServerConfigKeys (ConfUtils.java:logGet(46)) - raft.server.rpc.sleep.time = 25ms (default)
2022-06-01 03:36:43,668 [pool-613-thread-1] INFO  server.RaftServerConfigKeys (ConfUtils.java:logGet(46)) - raft.server.rpc.slowness.timeout = 300s (custom)
2022-06-01 03:36:43,668 [pool-613-thread-1] INFO  server.RaftServerConfigKeys (ConfUtils.java:logGet(46)) - raft.server.leaderelection.leader.step-down.wait-time = 10s (default)
2022-06-01 03:36:43,668 [pool-613-thread-1] INFO  server.RaftServerConfigKeys (ConfUtils.java:logGet(46)) - raft.server.sleep.deviation.threshold = 300ms (default)
2022-06-01 03:36:43,668 [pool-613-thread-1] INFO  server.RaftServer$Division (ServerState.java:<init>(107)) - 5b27db08-20be-441d-9c86-d8d1c4f327f7@group-A83251B36E19: ConfigurationManager, init=-1: [5b27db08-20be-441d-9c86-d8d1c4f327f7|rpc:10.1.0.5:43851|priority:1], old=null, confs=<EMPTY_MAP>
2022-06-01 03:36:43,668 [pool-613-thread-1] INFO  server.RaftServerConfigKeys (ConfUtils.java:logGet(46)) - raft.server.storage.dir = [/home/runner/work/ozone/ozone/hadoop-ozone/integration-test/target/test-dir/MiniOzoneClusterImpl-f48b6726-dd30-40f9-bb46-d41d0091544d/datanode-1/data/ratis] (custom)
2022-06-01 03:36:43,669 [pool-613-thread-1] INFO  server.RaftServerConfigKeys (ConfUtils.java:logGet(46)) - raft.server.log.corruption.policy = EXCEPTION (default)
2022-06-01 03:36:43,669 [pool-613-thread-1] INFO  server.RaftServerConfigKeys (ConfUtils.java:logGet(46)) - raft.server.storage.free-space.min = 0MB (=0) (default)
2022-06-01 03:36:43,669 [pool-613-thread-1] INFO  storage.RaftStorageDirectory (RaftStorageDirectoryImpl.java:analyzeStorage(135)) - The storage directory /home/runner/work/ozone/ozone/hadoop-ozone/integration-test/target/test-dir/MiniOzoneClusterImpl-f48b6726-dd30-40f9-bb46-d41d0091544d/datanode-1/data/ratis/6a3c2962-20cc-4a05-9541-a83251b36e19 does not exist. Creating ...
2022-06-01 03:36:43,679 [pool-613-thread-1] INFO  storage.RaftStorageDirectory (RaftStorageDirectoryImpl.java:tryLock(230)) - Lock on /home/runner/work/ozone/ozone/hadoop-ozone/integration-test/target/test-dir/MiniOzoneClusterImpl-f48b6726-dd30-40f9-bb46-d41d0091544d/datanode-1/data/ratis/6a3c2962-20cc-4a05-9541-a83251b36e19/in_use.lock acquired by nodename 14781@fv-az151-582
2022-06-01 03:36:43,679 [pool-613-thread-1] INFO  storage.RaftStorage (RaftStorageImpl.java:format(89)) - Storage directory /home/runner/work/ozone/ozone/hadoop-ozone/integration-test/target/test-dir/MiniOzoneClusterImpl-f48b6726-dd30-40f9-bb46-d41d0091544d/datanode-1/data/ratis/6a3c2962-20cc-4a05-9541-a83251b36e19 has been successfully formatted.
2022-06-01 03:36:43,680 [pool-613-thread-1] INFO  ratis.ContainerStateMachine (ContainerStateMachine.java:loadSnapshot(236)) - group-A83251B36E19: The snapshot info is null. Setting the last applied indexto:(t:0, i:~)
2022-06-01 03:36:43,680 [pool-613-thread-1] INFO  server.RaftServerConfigKeys (ConfUtils.java:logGet(46)) - raft.server.notification.no-leader.timeout = 300s (custom)
2022-06-01 03:36:43,680 [pool-613-thread-1] INFO  server.RaftServerConfigKeys (ConfUtils.java:logGet(46)) - raft.server.log.use.memory = false (default)
2022-06-01 03:36:43,680 [pool-613-thread-1] INFO  server.RaftServerConfigKeys (ConfUtils.java:logGet(46)) - raft.server.log.purge.gap = 1000000 (custom)
2022-06-01 03:36:43,680 [pool-613-thread-1] INFO  server.RaftServerConfigKeys (ConfUtils.java:logGet(46)) - raft.server.log.appender.buffer.byte-limit = 33554432 (custom)
2022-06-01 03:36:43,680 [pool-613-thread-1] INFO  server.RaftServerConfigKeys (ConfUtils.java:logGet(46)) - raft.server.log.statemachine.data.read.timeout = 1000ms (default)
2022-06-01 03:36:43,680 [pool-613-thread-1] INFO  server.RaftServerConfigKeys (ConfUtils.java:logGet(46)) - raft.server.log.segment.size.max = 1048576 (custom)
2022-06-01 03:36:43,682 [pool-613-thread-1] INFO  server.RaftServerConfigKeys (ConfUtils.java:logGet(46)) - raft.server.log.segment.cache.num.max = 2 (custom)
2022-06-01 03:36:43,682 [pool-613-thread-1] INFO  server.RaftServerConfigKeys (ConfUtils.java:logGet(46)) - raft.server.log.segment.cache.size.max = 200MB (=209715200) (default)
2022-06-01 03:36:43,682 [pool-613-thread-1] INFO  segmented.SegmentedRaftLogWorker (SegmentedRaftLogWorker.java:<init>(187)) - new 5b27db08-20be-441d-9c86-d8d1c4f327f7@group-A83251B36E19-SegmentedRaftLogWorker for RaftStorageImpl:Storage Directory /home/runner/work/ozone/ozone/hadoop-ozone/integration-test/target/test-dir/MiniOzoneClusterImpl-f48b6726-dd30-40f9-bb46-d41d0091544d/datanode-1/data/ratis/6a3c2962-20cc-4a05-9541-a83251b36e19
2022-06-01 03:36:43,682 [pool-613-thread-1] INFO  server.RaftServerConfigKeys (ConfUtils.java:logGet(46)) - raft.server.log.queue.byte-limit = 4294967296 (custom)
2022-06-01 03:36:43,682 [pool-613-thread-1] INFO  server.RaftServerConfigKeys (ConfUtils.java:logGet(46)) - raft.server.log.queue.element-limit = 1024 (custom)
2022-06-01 03:36:43,682 [pool-613-thread-1] INFO  server.RaftServerConfigKeys (ConfUtils.java:logGet(46)) - raft.server.log.segment.size.max = 1048576 (custom)
2022-06-01 03:36:43,682 [pool-613-thread-1] INFO  server.RaftServerConfigKeys (ConfUtils.java:logGet(46)) - raft.server.log.preallocated.size = 16384 (custom)
2022-06-01 03:36:43,682 [pool-613-thread-1] INFO  server.RaftServerConfigKeys (ConfUtils.java:logGet(46)) - raft.server.log.force.sync.num = 128 (default)
2022-06-01 03:36:43,682 [pool-613-thread-1] INFO  server.RaftServerConfigKeys (ConfUtils.java:logGet(46)) - raft.server.log.statemachine.data.sync = true (default)
2022-06-01 03:36:43,682 [pool-613-thread-1] INFO  server.RaftServerConfigKeys (ConfUtils.java:logGet(46)) - raft.server.log.statemachine.data.sync.timeout = 10s (default)
2022-06-01 03:36:43,682 [pool-613-thread-1] INFO  server.RaftServerConfigKeys (ConfUtils.java:logGet(46)) - raft.server.log.statemachine.data.sync.timeout.retry = -1 (default)
2022-06-01 03:36:43,683 [EventQueue-PipelineReportForPipelineReportHandler] INFO  pipeline.PipelineManagerImpl (PipelineManagerImpl.java:openPipeline(356)) - Pipeline Pipeline[ Id: 6a3c2962-20cc-4a05-9541-a83251b36e19, Nodes: 5b27db08-20be-441d-9c86-d8d1c4f327f7{ip: 10.1.0.5, host: fv-az151-582.yf2hydr00wburbhx3j5hxtcipe.bx.internal.cloudapp.net, ports: [REPLICATION=41847, RATIS=43851, RATIS_ADMIN=43851, RATIS_SERVER=43851, STANDALONE=37781], networkLocation: /default-rack, certSerialId: null, persistedOpState: IN_SERVICE, persistedOpStateExpiryEpochSec: 0}, ReplicationConfig: RATIS/ONE, State:ALLOCATED, leaderId:5b27db08-20be-441d-9c86-d8d1c4f327f7, CreationTimestamp2022-06-01T03:36:40.690Z[Etc/UTC]] moved to OPEN state
2022-06-01 03:36:43,683 [pool-613-thread-1] INFO  server.RaftServerConfigKeys (ConfUtils.java:logGet(46)) - raft.server.log.write.buffer.size = 1048576 (custom)
2022-06-01 03:36:43,683 [EventQueue-OpenPipelineForHealthyPipelineSafeModeRule] INFO  safemode.SCMSafeModeManager (HealthyPipelineSafeModeRule.java:process(124)) - SCM in safe mode. Healthy pipelines reported count is 0, required healthy pipeline reported count is 1
2022-06-01 03:36:43,684 [pool-613-thread-1] INFO  server.RaftServerConfigKeys (ConfUtils.java:logGet(46)) - raft.server.log.unsafe-flush.enabled = false (default)
2022-06-01 03:36:43,684 [pool-613-thread-1] INFO  server.RaftServerConfigKeys (ConfUtils.java:logGet(46)) - raft.server.log.statemachine.data.caching.enabled = true (custom)
2022-06-01 03:36:43,684 [pool-613-thread-1] INFO  segmented.SegmentedRaftLogWorker (SegmentedRaftLogWorker.java:lambda$new$0(135)) - 5b27db08-20be-441d-9c86-d8d1c4f327f7@group-A83251B36E19-SegmentedRaftLogWorker: flushIndex: setUnconditionally 0 -> -1
2022-06-01 03:36:43,684 [pool-613-thread-1] INFO  segmented.SegmentedRaftLogWorker (SegmentedRaftLogWorker.java:lambda$new$0(135)) - 5b27db08-20be-441d-9c86-d8d1c4f327f7@group-A83251B36E19-SegmentedRaftLogWorker: safeCacheEvictIndex: setUnconditionally 0 -> -1
2022-06-01 03:36:43,687 [pool-613-thread-1] INFO  server.RaftServerConfigKeys (ConfUtils.java:logGet(46)) - raft.server.snapshot.auto.trigger.enabled = true (custom)
2022-06-01 03:36:43,687 [pool-613-thread-1] INFO  server.RaftServerConfigKeys (ConfUtils.java:logGet(46)) - raft.server.snapshot.auto.trigger.threshold = 10000 (custom)
2022-06-01 03:36:43,687 [pool-613-thread-1] INFO  server.RaftServerConfigKeys (ConfUtils.java:logGet(46)) - raft.server.snapshot.retention.file.num = 5 (custom)
2022-06-01 03:36:43,687 [pool-613-thread-1] INFO  server.RaftServerConfigKeys (ConfUtils.java:logGet(46)) - raft.server.log.purge.upto.snapshot.index = false (default)
2022-06-01 03:36:43,687 [pool-613-thread-1] INFO  server.RaftServerConfigKeys (ConfUtils.java:logGet(46)) - raft.server.retrycache.expirytime = 600000ms (custom)
2022-06-01 03:36:43,687 [pool-613-thread-1] INFO  server.RaftServerConfigKeys (ConfUtils.java:logGet(46)) - raft.server.retrycache.statistics.expirytime = 100μs (default)
2022-06-01 03:36:43,688 [pool-613-thread-1] INFO  server.RaftServerConfigKeys (ConfUtils.java:logGet(46)) - raft.server.log.appender.install.snapshot.enabled = false (custom)
2022-06-01 03:36:43,688 [pool-613-thread-1] INFO  server.RaftServerConfigKeys (ConfUtils.java:logGet(46)) - raft.server.threadpool.server.cached = true (default)
2022-06-01 03:36:43,688 [pool-613-thread-1] INFO  server.RaftServerConfigKeys (ConfUtils.java:logGet(46)) - raft.server.threadpool.server.size = 0 (default)
2022-06-01 03:36:43,688 [pool-613-thread-1] INFO  server.RaftServerConfigKeys (ConfUtils.java:logGet(46)) - raft.server.threadpool.client.cached = true (default)
2022-06-01 03:36:43,688 [pool-613-thread-1] INFO  server.RaftServerConfigKeys (ConfUtils.java:logGet(46)) - raft.server.threadpool.client.size = 0 (default)
2022-06-01 03:36:43,688 [pool-613-thread-1] INFO  server.RaftServer$Division (RaftServerImpl.java:start(310)) - 5b27db08-20be-441d-9c86-d8d1c4f327f7@group-A83251B36E19: start as a follower, conf=-1: [5b27db08-20be-441d-9c86-d8d1c4f327f7|rpc:10.1.0.5:43851|priority:1], old=null
2022-06-01 03:36:43,688 [pool-613-thread-1] INFO  server.RaftServer$Division (RaftServerImpl.java:setRole(299)) - 5b27db08-20be-441d-9c86-d8d1c4f327f7@group-A83251B36E19: changes role from      null to FOLLOWER at term 0 for startAsFollower
2022-06-01 03:36:43,688 [pool-613-thread-1] INFO  impl.RoleInfo (RoleInfo.java:updateAndGet(139)) - 5b27db08-20be-441d-9c86-d8d1c4f327f7: start 5b27db08-20be-441d-9c86-d8d1c4f327f7@group-A83251B36E19-FollowerState
2022-06-01 03:36:43,700 [pool-613-thread-1] INFO  util.JmxRegister (JmxRegister.java:tryRegister(44)) - Successfully registered JMX Bean with object name Ratis:service=RaftServer,group=group-A83251B36E19,id=5b27db08-20be-441d-9c86-d8d1c4f327f7
2022-06-01 03:36:43,700 [Command processor thread] INFO  ratis.XceiverServerRatis (XceiverServerRatis.java:addGroup(765)) - Created group PipelineID=6a3c2962-20cc-4a05-9541-a83251b36e19
2022-06-01 03:36:43,700 [Command processor thread] INFO  commandhandler.CreatePipelineCommandHandler (CreatePipelineCommandHandler.java:handle(113)) - Created Pipeline RATIS ONE PipelineID=6a3c2962-20cc-4a05-9541-a83251b36e19.
2022-06-01 03:36:44,572 [Listener at 127.0.0.1/43449] INFO  ozone.MiniOzoneClusterImpl (MiniOzoneClusterImpl.java:lambda$waitForClusterToBeReady$0(221)) - Nodes are ready. Got 3 of 3 DN Heartbeats.
2022-06-01 03:36:44,572 [Listener at 127.0.0.1/43449] INFO  ozone.MiniOzoneClusterImpl (MiniOzoneClusterImpl.java:lambda$waitForClusterToBeReady$0(224)) - Waiting for cluster to exit safe mode
2022-06-01 03:36:44,572 [Listener at 127.0.0.1/43449] INFO  ozone.MiniOzoneClusterImpl (MiniOzoneClusterImpl.java:lambda$waitForClusterToBeReady$0(226)) - SCM became leader
2022-06-01 03:36:44,679 [Command processor thread] INFO  server.RaftServer (RaftServerProxy.java:addNew(96)) - abd81844-44fc-43f8-8293-c1e1ed0f8954: addNew group-D26BD5FAFFF9:[abd81844-44fc-43f8-8293-c1e1ed0f8954|rpc:10.1.0.5:43693|priority:1] returns group-D26BD5FAFFF9:java.util.concurrent.CompletableFuture@575c4f7e[Not completed]
2022-06-01 03:36:44,680 [pool-635-thread-1] INFO  server.RaftServer$Division (RaftServerImpl.java:<init>(190)) - abd81844-44fc-43f8-8293-c1e1ed0f8954: new RaftServerImpl for group-D26BD5FAFFF9:[abd81844-44fc-43f8-8293-c1e1ed0f8954|rpc:10.1.0.5:43693|priority:1] with ContainerStateMachine:uninitialized
2022-06-01 03:36:44,681 [pool-635-thread-1] INFO  server.RaftServerConfigKeys (ConfUtils.java:logGet(46)) - raft.server.rpc.timeout.min = 5s (custom)
2022-06-01 03:36:44,681 [pool-635-thread-1] INFO  server.RaftServerConfigKeys (ConfUtils.java:logGet(46)) - raft.server.rpc.timeout.max = 5200ms (custom)
2022-06-01 03:36:44,681 [pool-635-thread-1] INFO  server.RaftServerConfigKeys (ConfUtils.java:logGet(46)) - raft.server.rpc.sleep.time = 25ms (default)
2022-06-01 03:36:44,681 [pool-635-thread-1] INFO  server.RaftServerConfigKeys (ConfUtils.java:logGet(46)) - raft.server.rpc.slowness.timeout = 300s (custom)
2022-06-01 03:36:44,681 [pool-635-thread-1] INFO  server.RaftServerConfigKeys (ConfUtils.java:logGet(46)) - raft.server.leaderelection.leader.step-down.wait-time = 10s (default)
2022-06-01 03:36:44,681 [pool-635-thread-1] INFO  server.RaftServerConfigKeys (ConfUtils.java:logGet(46)) - raft.server.sleep.deviation.threshold = 300ms (default)
2022-06-01 03:36:44,681 [pool-635-thread-1] INFO  server.RaftServer$Division (ServerState.java:<init>(107)) - abd81844-44fc-43f8-8293-c1e1ed0f8954@group-D26BD5FAFFF9: ConfigurationManager, init=-1: [abd81844-44fc-43f8-8293-c1e1ed0f8954|rpc:10.1.0.5:43693|priority:1], old=null, confs=<EMPTY_MAP>
2022-06-01 03:36:44,681 [pool-635-thread-1] INFO  server.RaftServerConfigKeys (ConfUtils.java:logGet(46)) - raft.server.storage.dir = [/home/runner/work/ozone/ozone/hadoop-ozone/integration-test/target/test-dir/MiniOzoneClusterImpl-f48b6726-dd30-40f9-bb46-d41d0091544d/datanode-2/data/ratis] (custom)
2022-06-01 03:36:44,681 [pool-635-thread-1] INFO  server.RaftServerConfigKeys (ConfUtils.java:logGet(46)) - raft.server.log.corruption.policy = EXCEPTION (default)
2022-06-01 03:36:44,681 [pool-635-thread-1] INFO  server.RaftServerConfigKeys (ConfUtils.java:logGet(46)) - raft.server.storage.free-space.min = 0MB (=0) (default)
2022-06-01 03:36:44,681 [pool-635-thread-1] INFO  storage.RaftStorageDirectory (RaftStorageDirectoryImpl.java:analyzeStorage(135)) - The storage directory /home/runner/work/ozone/ozone/hadoop-ozone/integration-test/target/test-dir/MiniOzoneClusterImpl-f48b6726-dd30-40f9-bb46-d41d0091544d/datanode-2/data/ratis/9de098d9-6564-465c-80c4-d26bd5fafff9 does not exist. Creating ...
2022-06-01 03:36:44,686 [pool-635-thread-1] INFO  storage.RaftStorageDirectory (RaftStorageDirectoryImpl.java:tryLock(230)) - Lock on /home/runner/work/ozone/ozone/hadoop-ozone/integration-test/target/test-dir/MiniOzoneClusterImpl-f48b6726-dd30-40f9-bb46-d41d0091544d/datanode-2/data/ratis/9de098d9-6564-465c-80c4-d26bd5fafff9/in_use.lock acquired by nodename 14781@fv-az151-582
2022-06-01 03:36:44,689 [pool-635-thread-1] INFO  storage.RaftStorage (RaftStorageImpl.java:format(89)) - Storage directory /home/runner/work/ozone/ozone/hadoop-ozone/integration-test/target/test-dir/MiniOzoneClusterImpl-f48b6726-dd30-40f9-bb46-d41d0091544d/datanode-2/data/ratis/9de098d9-6564-465c-80c4-d26bd5fafff9 has been successfully formatted.
2022-06-01 03:36:44,690 [pool-635-thread-1] INFO  ratis.ContainerStateMachine (ContainerStateMachine.java:loadSnapshot(236)) - group-D26BD5FAFFF9: The snapshot info is null. Setting the last applied indexto:(t:0, i:~)
2022-06-01 03:36:44,690 [pool-635-thread-1] INFO  server.RaftServerConfigKeys (ConfUtils.java:logGet(46)) - raft.server.notification.no-leader.timeout = 300s (custom)
2022-06-01 03:36:44,690 [pool-635-thread-1] INFO  server.RaftServerConfigKeys (ConfUtils.java:logGet(46)) - raft.server.log.use.memory = false (default)
2022-06-01 03:36:44,690 [pool-635-thread-1] INFO  server.RaftServerConfigKeys (ConfUtils.java:logGet(46)) - raft.server.log.purge.gap = 1000000 (custom)
2022-06-01 03:36:44,690 [pool-635-thread-1] INFO  server.RaftServerConfigKeys (ConfUtils.java:logGet(46)) - raft.server.log.appender.buffer.byte-limit = 33554432 (custom)
2022-06-01 03:36:44,690 [pool-635-thread-1] INFO  server.RaftServerConfigKeys (ConfUtils.java:logGet(46)) - raft.server.log.statemachine.data.read.timeout = 1000ms (default)
2022-06-01 03:36:44,691 [EventQueue-PipelineReportForPipelineReportHandler] INFO  pipeline.PipelineManagerImpl (PipelineManagerImpl.java:openPipeline(356)) - Pipeline Pipeline[ Id: 9de098d9-6564-465c-80c4-d26bd5fafff9, Nodes: abd81844-44fc-43f8-8293-c1e1ed0f8954{ip: 10.1.0.5, host: fv-az151-582.yf2hydr00wburbhx3j5hxtcipe.bx.internal.cloudapp.net, ports: [REPLICATION=39351, RATIS=43693, RATIS_ADMIN=43693, RATIS_SERVER=43693, STANDALONE=41343], networkLocation: /default-rack, certSerialId: null, persistedOpState: IN_SERVICE, persistedOpStateExpiryEpochSec: 0}, ReplicationConfig: RATIS/ONE, State:ALLOCATED, leaderId:abd81844-44fc-43f8-8293-c1e1ed0f8954, CreationTimestamp2022-06-01T03:36:41.683Z[Etc/UTC]] moved to OPEN state
2022-06-01 03:36:44,691 [pool-635-thread-1] INFO  server.RaftServerConfigKeys (ConfUtils.java:logGet(46)) - raft.server.log.segment.size.max = 1048576 (custom)
2022-06-01 03:36:44,691 [EventQueue-OpenPipelineForHealthyPipelineSafeModeRule] INFO  safemode.SCMSafeModeManager (HealthyPipelineSafeModeRule.java:process(124)) - SCM in safe mode. Healthy pipelines reported count is 0, required healthy pipeline reported count is 1
2022-06-01 03:36:44,691 [pool-635-thread-1] INFO  server.RaftServerConfigKeys (ConfUtils.java:logGet(46)) - raft.server.log.segment.cache.num.max = 2 (custom)
2022-06-01 03:36:44,691 [pool-635-thread-1] INFO  server.RaftServerConfigKeys (ConfUtils.java:logGet(46)) - raft.server.log.segment.cache.size.max = 200MB (=209715200) (default)
2022-06-01 03:36:44,691 [pool-635-thread-1] INFO  segmented.SegmentedRaftLogWorker (SegmentedRaftLogWorker.java:<init>(187)) - new abd81844-44fc-43f8-8293-c1e1ed0f8954@group-D26BD5FAFFF9-SegmentedRaftLogWorker for RaftStorageImpl:Storage Directory /home/runner/work/ozone/ozone/hadoop-ozone/integration-test/target/test-dir/MiniOzoneClusterImpl-f48b6726-dd30-40f9-bb46-d41d0091544d/datanode-2/data/ratis/9de098d9-6564-465c-80c4-d26bd5fafff9
2022-06-01 03:36:44,691 [pool-635-thread-1] INFO  server.RaftServerConfigKeys (ConfUtils.java:logGet(46)) - raft.server.log.queue.byte-limit = 4294967296 (custom)
2022-06-01 03:36:44,692 [pool-635-thread-1] INFO  server.RaftServerConfigKeys (ConfUtils.java:logGet(46)) - raft.server.log.queue.element-limit = 1024 (custom)
2022-06-01 03:36:44,692 [pool-635-thread-1] INFO  server.RaftServerConfigKeys (ConfUtils.java:logGet(46)) - raft.server.log.segment.size.max = 1048576 (custom)
2022-06-01 03:36:44,692 [pool-635-thread-1] INFO  server.RaftServerConfigKeys (ConfUtils.java:logGet(46)) - raft.server.log.preallocated.size = 16384 (custom)
2022-06-01 03:36:44,692 [pool-635-thread-1] INFO  server.RaftServerConfigKeys (ConfUtils.java:logGet(46)) - raft.server.log.force.sync.num = 128 (default)
2022-06-01 03:36:44,692 [pool-635-thread-1] INFO  server.RaftServerConfigKeys (ConfUtils.java:logGet(46)) - raft.server.log.statemachine.data.sync = true (default)
2022-06-01 03:36:44,692 [pool-635-thread-1] INFO  server.RaftServerConfigKeys (ConfUtils.java:logGet(46)) - raft.server.log.statemachine.data.sync.timeout = 10s (default)
2022-06-01 03:36:44,692 [pool-635-thread-1] INFO  server.RaftServerConfigKeys (ConfUtils.java:logGet(46)) - raft.server.log.statemachine.data.sync.timeout.retry = -1 (default)
2022-06-01 03:36:44,693 [pool-635-thread-1] INFO  server.RaftServerConfigKeys (ConfUtils.java:logGet(46)) - raft.server.log.write.buffer.size = 1048576 (custom)
2022-06-01 03:36:44,693 [pool-635-thread-1] INFO  server.RaftServerConfigKeys (ConfUtils.java:logGet(46)) - raft.server.log.unsafe-flush.enabled = false (default)
2022-06-01 03:36:44,693 [pool-635-thread-1] INFO  server.RaftServerConfigKeys (ConfUtils.java:logGet(46)) - raft.server.log.statemachine.data.caching.enabled = true (custom)
2022-06-01 03:36:44,693 [pool-635-thread-1] INFO  segmented.SegmentedRaftLogWorker (SegmentedRaftLogWorker.java:lambda$new$0(135)) - abd81844-44fc-43f8-8293-c1e1ed0f8954@group-D26BD5FAFFF9-SegmentedRaftLogWorker: flushIndex: setUnconditionally 0 -> -1
2022-06-01 03:36:44,693 [pool-635-thread-1] INFO  segmented.SegmentedRaftLogWorker (SegmentedRaftLogWorker.java:lambda$new$0(135)) - abd81844-44fc-43f8-8293-c1e1ed0f8954@group-D26BD5FAFFF9-SegmentedRaftLogWorker: safeCacheEvictIndex: setUnconditionally 0 -> -1
2022-06-01 03:36:44,701 [pool-635-thread-1] INFO  server.RaftServerConfigKeys (ConfUtils.java:logGet(46)) - raft.server.snapshot.auto.trigger.enabled = true (custom)
2022-06-01 03:36:44,701 [pool-635-thread-1] INFO  server.RaftServerConfigKeys (ConfUtils.java:logGet(46)) - raft.server.snapshot.auto.trigger.threshold = 10000 (custom)
2022-06-01 03:36:44,701 [pool-635-thread-1] INFO  server.RaftServerConfigKeys (ConfUtils.java:logGet(46)) - raft.server.snapshot.retention.file.num = 5 (custom)
2022-06-01 03:36:44,701 [pool-635-thread-1] INFO  server.RaftServerConfigKeys (ConfUtils.java:logGet(46)) - raft.server.log.purge.upto.snapshot.index = false (default)
2022-06-01 03:36:44,701 [pool-635-thread-1] INFO  server.RaftServerConfigKeys (ConfUtils.java:logGet(46)) - raft.server.retrycache.expirytime = 600000ms (custom)
2022-06-01 03:36:44,701 [pool-635-thread-1] INFO  server.RaftServerConfigKeys (ConfUtils.java:logGet(46)) - raft.server.retrycache.statistics.expirytime = 100μs (default)
2022-06-01 03:36:44,703 [pool-635-thread-1] INFO  server.RaftServerConfigKeys (ConfUtils.java:logGet(46)) - raft.server.log.appender.install.snapshot.enabled = false (custom)
2022-06-01 03:36:44,703 [pool-635-thread-1] INFO  server.RaftServerConfigKeys (ConfUtils.java:logGet(46)) - raft.server.threadpool.server.cached = true (default)
2022-06-01 03:36:44,703 [pool-635-thread-1] INFO  server.RaftServerConfigKeys (ConfUtils.java:logGet(46)) - raft.server.threadpool.server.size = 0 (default)
2022-06-01 03:36:44,703 [pool-635-thread-1] INFO  server.RaftServerConfigKeys (ConfUtils.java:logGet(46)) - raft.server.threadpool.client.cached = true (default)
2022-06-01 03:36:44,703 [pool-635-thread-1] INFO  server.RaftServerConfigKeys (ConfUtils.java:logGet(46)) - raft.server.threadpool.client.size = 0 (default)
2022-06-01 03:36:44,703 [pool-635-thread-1] INFO  server.RaftServer$Division (RaftServerImpl.java:start(310)) - abd81844-44fc-43f8-8293-c1e1ed0f8954@group-D26BD5FAFFF9: start as a follower, conf=-1: [abd81844-44fc-43f8-8293-c1e1ed0f8954|rpc:10.1.0.5:43693|priority:1], old=null
2022-06-01 03:36:44,703 [pool-635-thread-1] INFO  server.RaftServer$Division (RaftServerImpl.java:setRole(299)) - abd81844-44fc-43f8-8293-c1e1ed0f8954@group-D26BD5FAFFF9: changes role from      null to FOLLOWER at term 0 for startAsFollower
2022-06-01 03:36:44,703 [pool-635-thread-1] INFO  impl.RoleInfo (RoleInfo.java:updateAndGet(139)) - abd81844-44fc-43f8-8293-c1e1ed0f8954: start abd81844-44fc-43f8-8293-c1e1ed0f8954@group-D26BD5FAFFF9-FollowerState
2022-06-01 03:36:44,704 [pool-635-thread-1] INFO  util.JmxRegister (JmxRegister.java:tryRegister(44)) - Successfully registered JMX Bean with object name Ratis:service=RaftServer,group=group-D26BD5FAFFF9,id=abd81844-44fc-43f8-8293-c1e1ed0f8954
2022-06-01 03:36:44,704 [Command processor thread] INFO  ratis.XceiverServerRatis (XceiverServerRatis.java:addGroup(765)) - Created group PipelineID=9de098d9-6564-465c-80c4-d26bd5fafff9
2022-06-01 03:36:44,704 [Command processor thread] INFO  commandhandler.CreatePipelineCommandHandler (CreatePipelineCommandHandler.java:handle(113)) - Created Pipeline RATIS ONE PipelineID=9de098d9-6564-465c-80c4-d26bd5fafff9.
2022-06-01 03:36:45,573 [Listener at 127.0.0.1/43449] INFO  ozone.MiniOzoneClusterImpl (MiniOzoneClusterImpl.java:lambda$waitForClusterToBeReady$0(221)) - Nodes are ready. Got 3 of 3 DN Heartbeats.
2022-06-01 03:36:45,573 [Listener at 127.0.0.1/43449] INFO  ozone.MiniOzoneClusterImpl (MiniOzoneClusterImpl.java:lambda$waitForClusterToBeReady$0(224)) - Waiting for cluster to exit safe mode
2022-06-01 03:36:45,573 [Listener at 127.0.0.1/43449] INFO  ozone.MiniOzoneClusterImpl (MiniOzoneClusterImpl.java:lambda$waitForClusterToBeReady$0(226)) - SCM became leader
2022-06-01 03:36:46,573 [Listener at 127.0.0.1/43449] INFO  ozone.MiniOzoneClusterImpl (MiniOzoneClusterImpl.java:lambda$waitForClusterToBeReady$0(221)) - Nodes are ready. Got 3 of 3 DN Heartbeats.
2022-06-01 03:36:46,574 [Listener at 127.0.0.1/43449] INFO  ozone.MiniOzoneClusterImpl (MiniOzoneClusterImpl.java:lambda$waitForClusterToBeReady$0(224)) - Waiting for cluster to exit safe mode
2022-06-01 03:36:46,574 [Listener at 127.0.0.1/43449] INFO  ozone.MiniOzoneClusterImpl (MiniOzoneClusterImpl.java:lambda$waitForClusterToBeReady$0(226)) - SCM became leader
2022-06-01 03:36:47,574 [Listener at 127.0.0.1/43449] INFO  ozone.MiniOzoneClusterImpl (MiniOzoneClusterImpl.java:lambda$waitForClusterToBeReady$0(221)) - Nodes are ready. Got 3 of 3 DN Heartbeats.
2022-06-01 03:36:47,574 [Listener at 127.0.0.1/43449] INFO  ozone.MiniOzoneClusterImpl (MiniOzoneClusterImpl.java:lambda$waitForClusterToBeReady$0(224)) - Waiting for cluster to exit safe mode
2022-06-01 03:36:47,574 [Listener at 127.0.0.1/43449] INFO  ozone.MiniOzoneClusterImpl (MiniOzoneClusterImpl.java:lambda$waitForClusterToBeReady$0(226)) - SCM became leader
2022-06-01 03:36:47,787 [256e671e-ba6c-4506-876b-ba7b74b86bde@group-CB114BB55D35-FollowerState] INFO  impl.FollowerState (FollowerState.java:run(143)) - 256e671e-ba6c-4506-876b-ba7b74b86bde@group-CB114BB55D35-FollowerState: change to CANDIDATE, lastRpcElapsedTime:5123147784ns, electionTimeout:5099ms
2022-06-01 03:36:47,787 [256e671e-ba6c-4506-876b-ba7b74b86bde@group-CB114BB55D35-FollowerState] INFO  impl.RoleInfo (RoleInfo.java:shutdownFollowerState(110)) - 256e671e-ba6c-4506-876b-ba7b74b86bde: shutdown 256e671e-ba6c-4506-876b-ba7b74b86bde@group-CB114BB55D35-FollowerState
2022-06-01 03:36:47,788 [256e671e-ba6c-4506-876b-ba7b74b86bde@group-CB114BB55D35-FollowerState] INFO  server.RaftServer$Division (RaftServerImpl.java:setRole(299)) - 256e671e-ba6c-4506-876b-ba7b74b86bde@group-CB114BB55D35: changes role from  FOLLOWER to CANDIDATE at term 0 for changeToCandidate
2022-06-01 03:36:47,788 [256e671e-ba6c-4506-876b-ba7b74b86bde@group-CB114BB55D35-FollowerState] INFO  server.RaftServerConfigKeys (ConfUtils.java:logGet(46)) - raft.server.leaderelection.pre-vote = false (custom)
2022-06-01 03:36:47,788 [256e671e-ba6c-4506-876b-ba7b74b86bde@group-CB114BB55D35-FollowerState] INFO  impl.RoleInfo (RoleInfo.java:updateAndGet(139)) - 256e671e-ba6c-4506-876b-ba7b74b86bde: start 256e671e-ba6c-4506-876b-ba7b74b86bde@group-CB114BB55D35-LeaderElection42
2022-06-01 03:36:47,841 [256e671e-ba6c-4506-876b-ba7b74b86bde@group-45BFBED4972F-FollowerState] INFO  impl.FollowerState (FollowerState.java:run(143)) - 256e671e-ba6c-4506-876b-ba7b74b86bde@group-45BFBED4972F-FollowerState: change to CANDIDATE, lastRpcElapsedTime:5127436725ns, electionTimeout:5127ms
2022-06-01 03:36:47,841 [256e671e-ba6c-4506-876b-ba7b74b86bde@group-45BFBED4972F-FollowerState] INFO  impl.RoleInfo (RoleInfo.java:shutdownFollowerState(110)) - 256e671e-ba6c-4506-876b-ba7b74b86bde: shutdown 256e671e-ba6c-4506-876b-ba7b74b86bde@group-45BFBED4972F-FollowerState
2022-06-01 03:36:47,841 [256e671e-ba6c-4506-876b-ba7b74b86bde@group-45BFBED4972F-FollowerState] INFO  server.RaftServer$Division (RaftServerImpl.java:setRole(299)) - 256e671e-ba6c-4506-876b-ba7b74b86bde@group-45BFBED4972F: changes role from  FOLLOWER to CANDIDATE at term 0 for changeToCandidate
2022-06-01 03:36:47,841 [256e671e-ba6c-4506-876b-ba7b74b86bde@group-45BFBED4972F-FollowerState] INFO  server.RaftServerConfigKeys (ConfUtils.java:logGet(46)) - raft.server.leaderelection.pre-vote = false (custom)
2022-06-01 03:36:47,841 [256e671e-ba6c-4506-876b-ba7b74b86bde@group-45BFBED4972F-FollowerState] INFO  impl.RoleInfo (RoleInfo.java:updateAndGet(139)) - 256e671e-ba6c-4506-876b-ba7b74b86bde: start 256e671e-ba6c-4506-876b-ba7b74b86bde@group-45BFBED4972F-LeaderElection43
2022-06-01 03:36:47,886 [256e671e-ba6c-4506-876b-ba7b74b86bde@group-CB114BB55D35-LeaderElection42] INFO  impl.LeaderElection (LeaderElection.java:askForVotes(310)) - 256e671e-ba6c-4506-876b-ba7b74b86bde@group-CB114BB55D35-LeaderElection42 ELECTION round 0: submit vote requests at term 1 for -1: [256e671e-ba6c-4506-876b-ba7b74b86bde|rpc:10.1.0.5:40427|priority:1], old=null
2022-06-01 03:36:47,886 [256e671e-ba6c-4506-876b-ba7b74b86bde@group-CB114BB55D35-LeaderElection42] INFO  impl.LeaderElection (LeaderElection.java:askForVotes(312)) - 256e671e-ba6c-4506-876b-ba7b74b86bde@group-CB114BB55D35-LeaderElection42 ELECTION round 0: result PASSED (term=1)
2022-06-01 03:36:47,886 [256e671e-ba6c-4506-876b-ba7b74b86bde@group-CB114BB55D35-LeaderElection42] INFO  impl.RoleInfo (RoleInfo.java:shutdownLeaderElection(130)) - 256e671e-ba6c-4506-876b-ba7b74b86bde: shutdown 256e671e-ba6c-4506-876b-ba7b74b86bde@group-CB114BB55D35-LeaderElection42
2022-06-01 03:36:47,886 [256e671e-ba6c-4506-876b-ba7b74b86bde@group-CB114BB55D35-LeaderElection42] INFO  server.RaftServer$Division (RaftServerImpl.java:setRole(299)) - 256e671e-ba6c-4506-876b-ba7b74b86bde@group-CB114BB55D35: changes role from CANDIDATE to LEADER at term 1 for changeToLeader
2022-06-01 03:36:47,886 [256e671e-ba6c-4506-876b-ba7b74b86bde@group-CB114BB55D35-LeaderElection42] INFO  ratis.XceiverServerRatis (XceiverServerRatis.java:handleLeaderChangedNotification(863)) - Leader change notification received for group: group-CB114BB55D35 with new leaderId: 256e671e-ba6c-4506-876b-ba7b74b86bde
2022-06-01 03:36:47,886 [256e671e-ba6c-4506-876b-ba7b74b86bde@group-CB114BB55D35-LeaderElection42] INFO  server.RaftServer$Division (ServerState.java:setLeader(287)) - 256e671e-ba6c-4506-876b-ba7b74b86bde@group-CB114BB55D35: change Leader from null to 256e671e-ba6c-4506-876b-ba7b74b86bde at term 1 for becomeLeader, leader elected after 5254ms
2022-06-01 03:36:47,886 [256e671e-ba6c-4506-876b-ba7b74b86bde@group-CB114BB55D35-LeaderElection42] INFO  server.RaftServerConfigKeys (ConfUtils.java:logGet(46)) - raft.server.staging.catchup.gap = 1000 (default)
2022-06-01 03:36:47,887 [256e671e-ba6c-4506-876b-ba7b74b86bde@group-CB114BB55D35-LeaderElection42] INFO  server.RaftServerConfigKeys (ConfUtils.java:logGet(46)) - raft.server.write.element-limit = 1024 (custom)
2022-06-01 03:36:47,887 [256e671e-ba6c-4506-876b-ba7b74b86bde@group-CB114BB55D35-LeaderElection42] INFO  server.RaftServerConfigKeys (ConfUtils.java:logGet(46)) - raft.server.write.byte-limit = 1024 M (=1073741824) (custom)
2022-06-01 03:36:47,887 [256e671e-ba6c-4506-876b-ba7b74b86bde@group-CB114BB55D35-LeaderElection42] INFO  server.RaftServerConfigKeys (ConfUtils.java:logGet(46)) - raft.server.watch.timeout = 180s (custom)
2022-06-01 03:36:47,887 [256e671e-ba6c-4506-876b-ba7b74b86bde@group-CB114BB55D35-LeaderElection42] INFO  server.RaftServerConfigKeys (ConfUtils.java:logGet(46)) - raft.server.watch.timeout.denomination = 1s (default)
2022-06-01 03:36:47,887 [256e671e-ba6c-4506-876b-ba7b74b86bde@group-CB114BB55D35-LeaderElection42] INFO  server.RaftServerConfigKeys (ConfUtils.java:logGet(46)) - raft.server.watch.element-limit = 65536 (default)
2022-06-01 03:36:47,889 [EventQueue-OpenPipelineForHealthyPipelineSafeModeRule] INFO  safemode.SCMSafeModeManager (HealthyPipelineSafeModeRule.java:process(124)) - SCM in safe mode. Healthy pipelines reported count is 0, required healthy pipeline reported count is 1
2022-06-01 03:36:47,891 [256e671e-ba6c-4506-876b-ba7b74b86bde@group-CB114BB55D35-LeaderElection42] INFO  server.RaftServerConfigKeys (ConfUtils.java:logGet(46)) - raft.server.write.element-limit = 1024 (custom)
2022-06-01 03:36:47,891 [256e671e-ba6c-4506-876b-ba7b74b86bde@group-CB114BB55D35-LeaderElection42] INFO  server.RaftServerConfigKeys (ConfUtils.java:logGet(46)) - raft.server.write.follower.gap.ratio.max = -1.0 (default)
2022-06-01 03:36:47,891 [256e671e-ba6c-4506-876b-ba7b74b86bde@group-CB114BB55D35-LeaderElection42] INFO  impl.RoleInfo (RoleInfo.java:updateAndGet(139)) - 256e671e-ba6c-4506-876b-ba7b74b86bde: start 256e671e-ba6c-4506-876b-ba7b74b86bde@group-CB114BB55D35-LeaderStateImpl
2022-06-01 03:36:47,891 [256e671e-ba6c-4506-876b-ba7b74b86bde@group-CB114BB55D35-LeaderElection42] INFO  segmented.SegmentedRaftLogWorker (SegmentedRaftLogWorker.java:startLogSegment(425)) - 256e671e-ba6c-4506-876b-ba7b74b86bde@group-CB114BB55D35-SegmentedRaftLogWorker: Starting segment from index:0
2022-06-01 03:36:47,893 [256e671e-ba6c-4506-876b-ba7b74b86bde@group-45BFBED4972F-LeaderElection43] INFO  impl.LeaderElection (LeaderElection.java:askForVotes(310)) - 256e671e-ba6c-4506-876b-ba7b74b86bde@group-45BFBED4972F-LeaderElection43 ELECTION round 0: submit vote requests at term 1 for -1: [abd81844-44fc-43f8-8293-c1e1ed0f8954|rpc:10.1.0.5:43693|priority:1, 256e671e-ba6c-4506-876b-ba7b74b86bde|rpc:10.1.0.5:40427|priority:0, 5b27db08-20be-441d-9c86-d8d1c4f327f7|rpc:10.1.0.5:43851|priority:0], old=null
2022-06-01 03:36:47,921 [256e671e-ba6c-4506-876b-ba7b74b86bde@group-CB114BB55D35-SegmentedRaftLogWorker] INFO  segmented.SegmentedRaftLogWorker (SegmentedRaftLogWorker.java:execute(629)) - 256e671e-ba6c-4506-876b-ba7b74b86bde@group-CB114BB55D35-SegmentedRaftLogWorker: created new log segment /home/runner/work/ozone/ozone/hadoop-ozone/integration-test/target/test-dir/MiniOzoneClusterImpl-f48b6726-dd30-40f9-bb46-d41d0091544d/datanode-0/data/ratis/79e9300f-a035-4b01-93d6-cb114bb55d35/current/log_inprogress_0
2022-06-01 03:36:47,936 [grpc-default-executor-0] INFO  server.RaftServer$Division (RaftServerImpl.java:requestVote(1152)) - abd81844-44fc-43f8-8293-c1e1ed0f8954@group-45BFBED4972F: receive requestVote(ELECTION, 256e671e-ba6c-4506-876b-ba7b74b86bde, group-45BFBED4972F, 1, (t:0, i:0))
2022-06-01 03:36:47,936 [grpc-default-executor-0] INFO  impl.VoteContext (VoteContext.java:log(48)) - abd81844-44fc-43f8-8293-c1e1ed0f8954@group-45BFBED4972F-FOLLOWER: reject ELECTION from 256e671e-ba6c-4506-876b-ba7b74b86bde: our priority 1 > candidate's priority 0
2022-06-01 03:36:47,937 [grpc-default-executor-0] INFO  server.RaftServer$Division (RaftServerImpl.java:setRole(299)) - abd81844-44fc-43f8-8293-c1e1ed0f8954@group-45BFBED4972F: changes role from  FOLLOWER to FOLLOWER at term 1 for candidate:256e671e-ba6c-4506-876b-ba7b74b86bde
2022-06-01 03:36:47,937 [grpc-default-executor-0] INFO  impl.RoleInfo (RoleInfo.java:shutdownFollowerState(110)) - abd81844-44fc-43f8-8293-c1e1ed0f8954: shutdown abd81844-44fc-43f8-8293-c1e1ed0f8954@group-45BFBED4972F-FollowerState
2022-06-01 03:36:47,937 [grpc-default-executor-0] INFO  impl.RoleInfo (RoleInfo.java:updateAndGet(139)) - abd81844-44fc-43f8-8293-c1e1ed0f8954: start abd81844-44fc-43f8-8293-c1e1ed0f8954@group-45BFBED4972F-FollowerState
2022-06-01 03:36:47,937 [256e671e-ba6c-4506-876b-ba7b74b86bde@group-CB114BB55D35-LeaderElection42] INFO  server.RaftServer$Division (ServerState.java:setRaftConf(393)) - 256e671e-ba6c-4506-876b-ba7b74b86bde@group-CB114BB55D35: set configuration 0: [256e671e-ba6c-4506-876b-ba7b74b86bde|rpc:10.1.0.5:40427|dataStream:|priority:1], old=null
2022-06-01 03:36:47,937 [abd81844-44fc-43f8-8293-c1e1ed0f8954@group-45BFBED4972F-FollowerState] INFO  impl.FollowerState (FollowerState.java:run(152)) - abd81844-44fc-43f8-8293-c1e1ed0f8954@group-45BFBED4972F-FollowerState was interrupted
2022-06-01 03:36:47,944 [grpc-default-executor-0] INFO  server.RaftServer$Division (RaftServerImpl.java:requestVote(1184)) - abd81844-44fc-43f8-8293-c1e1ed0f8954@group-45BFBED4972F replies to ELECTION vote request: 256e671e-ba6c-4506-876b-ba7b74b86bde<-abd81844-44fc-43f8-8293-c1e1ed0f8954#0:FAIL-t1. Peer's state: abd81844-44fc-43f8-8293-c1e1ed0f8954@group-45BFBED4972F:t1, leader=null, voted=null, raftlog=abd81844-44fc-43f8-8293-c1e1ed0f8954@group-45BFBED4972F-SegmentedRaftLog:OPENED:c-1, conf=-1: [abd81844-44fc-43f8-8293-c1e1ed0f8954|rpc:10.1.0.5:43693|dataStream:|priority:1, 256e671e-ba6c-4506-876b-ba7b74b86bde|rpc:10.1.0.5:40427|dataStream:|priority:0, 5b27db08-20be-441d-9c86-d8d1c4f327f7|rpc:10.1.0.5:43851|dataStream:|priority:0], old=null
2022-06-01 03:36:47,945 [256e671e-ba6c-4506-876b-ba7b74b86bde@group-45BFBED4972F-LeaderElection43] INFO  impl.LeaderElection (LeaderElection.java:logAndReturn(90)) - 256e671e-ba6c-4506-876b-ba7b74b86bde@group-45BFBED4972F-LeaderElection43: ELECTION REJECTED received 1 response(s) and 0 exception(s):
2022-06-01 03:36:47,945 [256e671e-ba6c-4506-876b-ba7b74b86bde@group-45BFBED4972F-LeaderElection43] INFO  impl.LeaderElection (LeaderElection.java:logAndReturn(94)) -   Response 0: 256e671e-ba6c-4506-876b-ba7b74b86bde<-abd81844-44fc-43f8-8293-c1e1ed0f8954#0:FAIL-t1
2022-06-01 03:36:47,945 [256e671e-ba6c-4506-876b-ba7b74b86bde@group-45BFBED4972F-LeaderElection43] INFO  impl.LeaderElection (LeaderElection.java:askForVotes(312)) - 256e671e-ba6c-4506-876b-ba7b74b86bde@group-45BFBED4972F-LeaderElection43 ELECTION round 0: result REJECTED
2022-06-01 03:36:47,945 [256e671e-ba6c-4506-876b-ba7b74b86bde@group-45BFBED4972F-LeaderElection43] INFO  server.RaftServer$Division (RaftServerImpl.java:setRole(299)) - 256e671e-ba6c-4506-876b-ba7b74b86bde@group-45BFBED4972F: changes role from CANDIDATE to FOLLOWER at term 1 for REJECTED
2022-06-01 03:36:47,945 [256e671e-ba6c-4506-876b-ba7b74b86bde@group-45BFBED4972F-LeaderElection43] INFO  impl.RoleInfo (RoleInfo.java:shutdownLeaderElection(130)) - 256e671e-ba6c-4506-876b-ba7b74b86bde: shutdown 256e671e-ba6c-4506-876b-ba7b74b86bde@group-45BFBED4972F-LeaderElection43
2022-06-01 03:36:47,945 [256e671e-ba6c-4506-876b-ba7b74b86bde@group-45BFBED4972F-LeaderElection43] INFO  impl.RoleInfo (RoleInfo.java:updateAndGet(139)) - 256e671e-ba6c-4506-876b-ba7b74b86bde: start 256e671e-ba6c-4506-876b-ba7b74b86bde@group-45BFBED4972F-FollowerState
2022-06-01 03:36:48,016 [grpc-default-executor-0] INFO  server.RaftServer$Division (RaftServerImpl.java:requestVote(1152)) - 5b27db08-20be-441d-9c86-d8d1c4f327f7@group-45BFBED4972F: receive requestVote(ELECTION, 256e671e-ba6c-4506-876b-ba7b74b86bde, group-45BFBED4972F, 1, (t:0, i:0))
2022-06-01 03:36:48,016 [grpc-default-executor-0] INFO  impl.VoteContext (VoteContext.java:log(48)) - 5b27db08-20be-441d-9c86-d8d1c4f327f7@group-45BFBED4972F-FOLLOWER: accept ELECTION from 256e671e-ba6c-4506-876b-ba7b74b86bde: our priority 0 <= candidate's priority 0
2022-06-01 03:36:48,017 [grpc-default-executor-0] INFO  server.RaftServer$Division (RaftServerImpl.java:setRole(299)) - 5b27db08-20be-441d-9c86-d8d1c4f327f7@group-45BFBED4972F: changes role from  FOLLOWER to FOLLOWER at term 1 for candidate:256e671e-ba6c-4506-876b-ba7b74b86bde
2022-06-01 03:36:48,017 [grpc-default-executor-0] INFO  impl.RoleInfo (RoleInfo.java:shutdownFollowerState(110)) - 5b27db08-20be-441d-9c86-d8d1c4f327f7: shutdown 5b27db08-20be-441d-9c86-d8d1c4f327f7@group-45BFBED4972F-FollowerState
2022-06-01 03:36:48,017 [grpc-default-executor-0] INFO  impl.RoleInfo (RoleInfo.java:updateAndGet(139)) - 5b27db08-20be-441d-9c86-d8d1c4f327f7: start 5b27db08-20be-441d-9c86-d8d1c4f327f7@group-45BFBED4972F-FollowerState
2022-06-01 03:36:48,018 [5b27db08-20be-441d-9c86-d8d1c4f327f7@group-45BFBED4972F-FollowerState] INFO  impl.FollowerState (FollowerState.java:run(152)) - 5b27db08-20be-441d-9c86-d8d1c4f327f7@group-45BFBED4972F-FollowerState was interrupted
2022-06-01 03:36:48,064 [grpc-default-executor-0] INFO  server.RaftServer$Division (RaftServerImpl.java:requestVote(1184)) - 5b27db08-20be-441d-9c86-d8d1c4f327f7@group-45BFBED4972F replies to ELECTION vote request: 256e671e-ba6c-4506-876b-ba7b74b86bde<-5b27db08-20be-441d-9c86-d8d1c4f327f7#0:OK-t1. Peer's state: 5b27db08-20be-441d-9c86-d8d1c4f327f7@group-45BFBED4972F:t1, leader=null, voted=256e671e-ba6c-4506-876b-ba7b74b86bde, raftlog=5b27db08-20be-441d-9c86-d8d1c4f327f7@group-45BFBED4972F-SegmentedRaftLog:OPENED:c-1, conf=-1: [abd81844-44fc-43f8-8293-c1e1ed0f8954|rpc:10.1.0.5:43693|dataStream:|priority:1, 256e671e-ba6c-4506-876b-ba7b74b86bde|rpc:10.1.0.5:40427|dataStream:|priority:0, 5b27db08-20be-441d-9c86-d8d1c4f327f7|rpc:10.1.0.5:43851|dataStream:|priority:0], old=null
2022-06-01 03:36:48,193 [256e671e-ba6c-4506-876b-ba7b74b86bde@group-C6C57E7579CE-FollowerState] INFO  impl.FollowerState (FollowerState.java:run(143)) - 256e671e-ba6c-4506-876b-ba7b74b86bde@group-C6C57E7579CE-FollowerState: change to CANDIDATE, lastRpcElapsedTime:5023887841ns, electionTimeout:5017ms
2022-06-01 03:36:48,193 [256e671e-ba6c-4506-876b-ba7b74b86bde@group-C6C57E7579CE-FollowerState] INFO  impl.RoleInfo (RoleInfo.java:shutdownFollowerState(110)) - 256e671e-ba6c-4506-876b-ba7b74b86bde: shutdown 256e671e-ba6c-4506-876b-ba7b74b86bde@group-C6C57E7579CE-FollowerState
2022-06-01 03:36:48,193 [256e671e-ba6c-4506-876b-ba7b74b86bde@group-C6C57E7579CE-FollowerState] INFO  server.RaftServer$Division (RaftServerImpl.java:setRole(299)) - 256e671e-ba6c-4506-876b-ba7b74b86bde@group-C6C57E7579CE: changes role from  FOLLOWER to CANDIDATE at term 0 for changeToCandidate
2022-06-01 03:36:48,193 [256e671e-ba6c-4506-876b-ba7b74b86bde@group-C6C57E7579CE-FollowerState] INFO  server.RaftServerConfigKeys (ConfUtils.java:logGet(46)) - raft.server.leaderelection.pre-vote = false (custom)
2022-06-01 03:36:48,193 [256e671e-ba6c-4506-876b-ba7b74b86bde@group-C6C57E7579CE-FollowerState] INFO  impl.RoleInfo (RoleInfo.java:updateAndGet(139)) - 256e671e-ba6c-4506-876b-ba7b74b86bde: start 256e671e-ba6c-4506-876b-ba7b74b86bde@group-C6C57E7579CE-LeaderElection44
2022-06-01 03:36:48,279 [256e671e-ba6c-4506-876b-ba7b74b86bde@group-C6C57E7579CE-LeaderElection44] INFO  impl.LeaderElection (LeaderElection.java:askForVotes(310)) - 256e671e-ba6c-4506-876b-ba7b74b86bde@group-C6C57E7579CE-LeaderElection44 ELECTION round 0: submit vote requests at term 1 for -1: [abd81844-44fc-43f8-8293-c1e1ed0f8954|rpc:10.1.0.5:43693|priority:0, 256e671e-ba6c-4506-876b-ba7b74b86bde|rpc:10.1.0.5:40427|priority:1, 5b27db08-20be-441d-9c86-d8d1c4f327f7|rpc:10.1.0.5:43851|priority:0], old=null
2022-06-01 03:36:48,348 [grpc-default-executor-0] INFO  server.RaftServer$Division (RaftServerImpl.java:requestVote(1152)) - abd81844-44fc-43f8-8293-c1e1ed0f8954@group-C6C57E7579CE: receive requestVote(ELECTION, 256e671e-ba6c-4506-876b-ba7b74b86bde, group-C6C57E7579CE, 1, (t:0, i:0))
2022-06-01 03:36:48,348 [grpc-default-executor-0] INFO  impl.VoteContext (VoteContext.java:log(48)) - abd81844-44fc-43f8-8293-c1e1ed0f8954@group-C6C57E7579CE-FOLLOWER: accept ELECTION from 256e671e-ba6c-4506-876b-ba7b74b86bde: our priority 0 <= candidate's priority 1
2022-06-01 03:36:48,348 [grpc-default-executor-0] INFO  server.RaftServer$Division (RaftServerImpl.java:setRole(299)) - abd81844-44fc-43f8-8293-c1e1ed0f8954@group-C6C57E7579CE: changes role from  FOLLOWER to FOLLOWER at term 1 for candidate:256e671e-ba6c-4506-876b-ba7b74b86bde
2022-06-01 03:36:48,348 [grpc-default-executor-0] INFO  impl.RoleInfo (RoleInfo.java:shutdownFollowerState(110)) - abd81844-44fc-43f8-8293-c1e1ed0f8954: shutdown abd81844-44fc-43f8-8293-c1e1ed0f8954@group-C6C57E7579CE-FollowerState
2022-06-01 03:36:48,348 [grpc-default-executor-0] INFO  impl.RoleInfo (RoleInfo.java:updateAndGet(139)) - abd81844-44fc-43f8-8293-c1e1ed0f8954: start abd81844-44fc-43f8-8293-c1e1ed0f8954@group-C6C57E7579CE-FollowerState
2022-06-01 03:36:48,348 [abd81844-44fc-43f8-8293-c1e1ed0f8954@group-C6C57E7579CE-FollowerState] INFO  impl.FollowerState (FollowerState.java:run(152)) - abd81844-44fc-43f8-8293-c1e1ed0f8954@group-C6C57E7579CE-FollowerState was interrupted
2022-06-01 03:36:48,356 [grpc-default-executor-1] INFO  server.RaftServer$Division (RaftServerImpl.java:requestVote(1152)) - 5b27db08-20be-441d-9c86-d8d1c4f327f7@group-C6C57E7579CE: receive requestVote(ELECTION, 256e671e-ba6c-4506-876b-ba7b74b86bde, group-C6C57E7579CE, 1, (t:0, i:0))
2022-06-01 03:36:48,357 [grpc-default-executor-1] INFO  impl.VoteContext (VoteContext.java:log(48)) - 5b27db08-20be-441d-9c86-d8d1c4f327f7@group-C6C57E7579CE-FOLLOWER: accept ELECTION from 256e671e-ba6c-4506-876b-ba7b74b86bde: our priority 0 <= candidate's priority 1
2022-06-01 03:36:48,357 [grpc-default-executor-1] INFO  server.RaftServer$Division (RaftServerImpl.java:setRole(299)) - 5b27db08-20be-441d-9c86-d8d1c4f327f7@group-C6C57E7579CE: changes role from  FOLLOWER to FOLLOWER at term 1 for candidate:256e671e-ba6c-4506-876b-ba7b74b86bde
2022-06-01 03:36:48,357 [grpc-default-executor-1] INFO  impl.RoleInfo (RoleInfo.java:shutdownFollowerState(110)) - 5b27db08-20be-441d-9c86-d8d1c4f327f7: shutdown 5b27db08-20be-441d-9c86-d8d1c4f327f7@group-C6C57E7579CE-FollowerState
2022-06-01 03:36:48,357 [grpc-default-executor-1] INFO  impl.RoleInfo (RoleInfo.java:updateAndGet(139)) - 5b27db08-20be-441d-9c86-d8d1c4f327f7: start 5b27db08-20be-441d-9c86-d8d1c4f327f7@group-C6C57E7579CE-FollowerState
2022-06-01 03:36:48,357 [5b27db08-20be-441d-9c86-d8d1c4f327f7@group-C6C57E7579CE-FollowerState] INFO  impl.FollowerState (FollowerState.java:run(152)) - 5b27db08-20be-441d-9c86-d8d1c4f327f7@group-C6C57E7579CE-FollowerState was interrupted
2022-06-01 03:36:48,365 [grpc-default-executor-0] INFO  server.RaftServer$Division (RaftServerImpl.java:requestVote(1184)) - abd81844-44fc-43f8-8293-c1e1ed0f8954@group-C6C57E7579CE replies to ELECTION vote request: 256e671e-ba6c-4506-876b-ba7b74b86bde<-abd81844-44fc-43f8-8293-c1e1ed0f8954#0:OK-t1. Peer's state: abd81844-44fc-43f8-8293-c1e1ed0f8954@group-C6C57E7579CE:t1, leader=null, voted=256e671e-ba6c-4506-876b-ba7b74b86bde, raftlog=abd81844-44fc-43f8-8293-c1e1ed0f8954@group-C6C57E7579CE-SegmentedRaftLog:OPENED:c-1, conf=-1: [abd81844-44fc-43f8-8293-c1e1ed0f8954|rpc:10.1.0.5:43693|dataStream:|priority:0, 256e671e-ba6c-4506-876b-ba7b74b86bde|rpc:10.1.0.5:40427|dataStream:|priority:1, 5b27db08-20be-441d-9c86-d8d1c4f327f7|rpc:10.1.0.5:43851|dataStream:|priority:0], old=null
2022-06-01 03:36:48,365 [grpc-default-executor-1] INFO  server.RaftServer$Division (RaftServerImpl.java:requestVote(1184)) - 5b27db08-20be-441d-9c86-d8d1c4f327f7@group-C6C57E7579CE replies to ELECTION vote request: 256e671e-ba6c-4506-876b-ba7b74b86bde<-5b27db08-20be-441d-9c86-d8d1c4f327f7#0:OK-t1. Peer's state: 5b27db08-20be-441d-9c86-d8d1c4f327f7@group-C6C57E7579CE:t1, leader=null, voted=256e671e-ba6c-4506-876b-ba7b74b86bde, raftlog=5b27db08-20be-441d-9c86-d8d1c4f327f7@group-C6C57E7579CE-SegmentedRaftLog:OPENED:c-1, conf=-1: [abd81844-44fc-43f8-8293-c1e1ed0f8954|rpc:10.1.0.5:43693|dataStream:|priority:0, 256e671e-ba6c-4506-876b-ba7b74b86bde|rpc:10.1.0.5:40427|dataStream:|priority:1, 5b27db08-20be-441d-9c86-d8d1c4f327f7|rpc:10.1.0.5:43851|dataStream:|priority:0], old=null
2022-06-01 03:36:48,366 [256e671e-ba6c-4506-876b-ba7b74b86bde@group-C6C57E7579CE-LeaderElection44] INFO  impl.LeaderElection (LeaderElection.java:logAndReturn(90)) - 256e671e-ba6c-4506-876b-ba7b74b86bde@group-C6C57E7579CE-LeaderElection44: ELECTION PASSED received 1 response(s) and 0 exception(s):
2022-06-01 03:36:48,366 [256e671e-ba6c-4506-876b-ba7b74b86bde@group-C6C57E7579CE-LeaderElection44] INFO  impl.LeaderElection (LeaderElection.java:logAndReturn(94)) -   Response 0: 256e671e-ba6c-4506-876b-ba7b74b86bde<-abd81844-44fc-43f8-8293-c1e1ed0f8954#0:OK-t1
2022-06-01 03:36:48,366 [256e671e-ba6c-4506-876b-ba7b74b86bde@group-C6C57E7579CE-LeaderElection44] INFO  impl.LeaderElection (LeaderElection.java:askForVotes(312)) - 256e671e-ba6c-4506-876b-ba7b74b86bde@group-C6C57E7579CE-LeaderElection44 ELECTION round 0: result PASSED
2022-06-01 03:36:48,366 [256e671e-ba6c-4506-876b-ba7b74b86bde@group-C6C57E7579CE-LeaderElection44] INFO  impl.RoleInfo (RoleInfo.java:shutdownLeaderElection(130)) - 256e671e-ba6c-4506-876b-ba7b74b86bde: shutdown 256e671e-ba6c-4506-876b-ba7b74b86bde@group-C6C57E7579CE-LeaderElection44
2022-06-01 03:36:48,366 [256e671e-ba6c-4506-876b-ba7b74b86bde@group-C6C57E7579CE-LeaderElection44] INFO  server.RaftServer$Division (RaftServerImpl.java:setRole(299)) - 256e671e-ba6c-4506-876b-ba7b74b86bde@group-C6C57E7579CE: changes role from CANDIDATE to LEADER at term 1 for changeToLeader
2022-06-01 03:36:48,366 [256e671e-ba6c-4506-876b-ba7b74b86bde@group-C6C57E7579CE-LeaderElection44] INFO  ratis.XceiverServerRatis (XceiverServerRatis.java:handleLeaderChangedNotification(863)) - Leader change notification received for group: group-C6C57E7579CE with new leaderId: 256e671e-ba6c-4506-876b-ba7b74b86bde
2022-06-01 03:36:48,366 [256e671e-ba6c-4506-876b-ba7b74b86bde@group-C6C57E7579CE-LeaderElection44] INFO  server.RaftServer$Division (ServerState.java:setLeader(287)) - 256e671e-ba6c-4506-876b-ba7b74b86bde@group-C6C57E7579CE: change Leader from null to 256e671e-ba6c-4506-876b-ba7b74b86bde at term 1 for becomeLeader, leader elected after 5236ms
2022-06-01 03:36:48,367 [256e671e-ba6c-4506-876b-ba7b74b86bde@group-C6C57E7579CE-LeaderElection44] INFO  server.RaftServerConfigKeys (ConfUtils.java:logGet(46)) - raft.server.staging.catchup.gap = 1000 (default)
2022-06-01 03:36:48,367 [256e671e-ba6c-4506-876b-ba7b74b86bde@group-C6C57E7579CE-LeaderElection44] INFO  server.RaftServerConfigKeys (ConfUtils.java:logGet(46)) - raft.server.write.element-limit = 1024 (custom)
2022-06-01 03:36:48,367 [256e671e-ba6c-4506-876b-ba7b74b86bde@group-C6C57E7579CE-LeaderElection44] INFO  server.RaftServerConfigKeys (ConfUtils.java:logGet(46)) - raft.server.write.byte-limit = 1024 M (=1073741824) (custom)
2022-06-01 03:36:48,367 [256e671e-ba6c-4506-876b-ba7b74b86bde@group-C6C57E7579CE-LeaderElection44] INFO  server.RaftServerConfigKeys (ConfUtils.java:logGet(46)) - raft.server.watch.timeout = 180s (custom)
2022-06-01 03:36:48,367 [256e671e-ba6c-4506-876b-ba7b74b86bde@group-C6C57E7579CE-LeaderElection44] INFO  server.RaftServerConfigKeys (ConfUtils.java:logGet(46)) - raft.server.watch.timeout.denomination = 1s (default)
2022-06-01 03:36:48,367 [256e671e-ba6c-4506-876b-ba7b74b86bde@group-C6C57E7579CE-LeaderElection44] INFO  server.RaftServerConfigKeys (ConfUtils.java:logGet(46)) - raft.server.watch.element-limit = 65536 (default)
2022-06-01 03:36:48,367 [256e671e-ba6c-4506-876b-ba7b74b86bde@group-C6C57E7579CE-LeaderElection44] INFO  server.RaftServerConfigKeys (ConfUtils.java:logGet(46)) - raft.server.write.element-limit = 1024 (custom)
2022-06-01 03:36:48,367 [256e671e-ba6c-4506-876b-ba7b74b86bde@group-C6C57E7579CE-LeaderElection44] INFO  server.RaftServerConfigKeys (ConfUtils.java:logGet(46)) - raft.server.write.follower.gap.ratio.max = -1.0 (default)
2022-06-01 03:36:48,368 [256e671e-ba6c-4506-876b-ba7b74b86bde@group-C6C57E7579CE-LeaderElection44] INFO  server.RaftServerConfigKeys (ConfUtils.java:logGet(46)) - raft.server.log.appender.snapshot.chunk.size.max = 16MB (=16777216) (default)
2022-06-01 03:36:48,368 [256e671e-ba6c-4506-876b-ba7b74b86bde@group-C6C57E7579CE-LeaderElection44] INFO  server.RaftServerConfigKeys (ConfUtils.java:logGet(46)) - raft.server.log.appender.buffer.byte-limit = 33554432 (custom)
2022-06-01 03:36:48,368 [256e671e-ba6c-4506-876b-ba7b74b86bde@group-C6C57E7579CE-LeaderElection44] INFO  server.RaftServerConfigKeys (ConfUtils.java:logGet(46)) - raft.server.log.appender.buffer.element-limit = 1 (custom)
2022-06-01 03:36:48,369 [256e671e-ba6c-4506-876b-ba7b74b86bde@group-C6C57E7579CE-LeaderElection44] INFO  grpc.GrpcConfigKeys (ConfUtils.java:logGet(46)) - raft.grpc.server.leader.outstanding.appends.max = 128 (default)
2022-06-01 03:36:48,369 [256e671e-ba6c-4506-876b-ba7b74b86bde@group-C6C57E7579CE-LeaderElection44] INFO  server.RaftServerConfigKeys (ConfUtils.java:logGet(46)) - raft.server.rpc.request.timeout = 60s (custom)
2022-06-01 03:36:48,369 [256e671e-ba6c-4506-876b-ba7b74b86bde@group-C6C57E7579CE-LeaderElection44] INFO  server.RaftServerConfigKeys (ConfUtils.java:logGet(46)) - raft.server.log.appender.install.snapshot.enabled = false (custom)
2022-06-01 03:36:48,370 [256e671e-ba6c-4506-876b-ba7b74b86bde@group-C6C57E7579CE-LeaderElection44] INFO  server.RaftServerConfigKeys (ConfUtils.java:logGet(46)) - raft.server.log.appender.snapshot.chunk.size.max = 16MB (=16777216) (default)
2022-06-01 03:36:48,371 [EventQueue-OpenPipelineForHealthyPipelineSafeModeRule] INFO  safemode.SCMSafeModeManager (HealthyPipelineSafeModeRule.java:process(124)) - SCM in safe mode. Healthy pipelines reported count is 0, required healthy pipeline reported count is 1
2022-06-01 03:36:48,408 [EventQueue-PipelineReportForPipelineReportHandler] INFO  pipeline.PipelineManagerImpl (PipelineManagerImpl.java:openPipeline(356)) - Pipeline Pipeline[ Id: 27c0c480-b9ec-4228-81f4-c6c57e7579ce, Nodes: 256e671e-ba6c-4506-876b-ba7b74b86bde{ip: 10.1.0.5, host: fv-az151-582.yf2hydr00wburbhx3j5hxtcipe.bx.internal.cloudapp.net, ports: [REPLICATION=45875, RATIS=40427, RATIS_ADMIN=40427, RATIS_SERVER=40427, STANDALONE=42039], networkLocation: /default-rack, certSerialId: null, persistedOpState: IN_SERVICE, persistedOpStateExpiryEpochSec: 0}5b27db08-20be-441d-9c86-d8d1c4f327f7{ip: 10.1.0.5, host: fv-az151-582.yf2hydr00wburbhx3j5hxtcipe.bx.internal.cloudapp.net, ports: [REPLICATION=41847, RATIS=43851, RATIS_ADMIN=43851, RATIS_SERVER=43851, STANDALONE=37781], networkLocation: /default-rack, certSerialId: null, persistedOpState: IN_SERVICE, persistedOpStateExpiryEpochSec: 0}abd81844-44fc-43f8-8293-c1e1ed0f8954{ip: 10.1.0.5, host: fv-az151-582.yf2hydr00wburbhx3j5hxtcipe.bx.internal.cloudapp.net, ports: [REPLICATION=39351, RATIS=43693, RATIS_ADMIN=43693, RATIS_SERVER=43693, STANDALONE=41343], networkLocation: /default-rack, certSerialId: null, persistedOpState: IN_SERVICE, persistedOpStateExpiryEpochSec: 0}, ReplicationConfig: RATIS/THREE, State:ALLOCATED, leaderId:256e671e-ba6c-4506-876b-ba7b74b86bde, CreationTimestamp2022-06-01T03:36:41.685Z[Etc/UTC]] moved to OPEN state
2022-06-01 03:36:48,408 [256e671e-ba6c-4506-876b-ba7b74b86bde@group-C6C57E7579CE-LeaderElection44] INFO  server.RaftServerConfigKeys (ConfUtils.java:logGet(46)) - raft.server.log.appender.buffer.byte-limit = 33554432 (custom)
2022-06-01 03:36:48,409 [256e671e-ba6c-4506-876b-ba7b74b86bde@group-C6C57E7579CE-LeaderElection44] INFO  server.RaftServerConfigKeys (ConfUtils.java:logGet(46)) - raft.server.log.appender.buffer.element-limit = 1 (custom)
2022-06-01 03:36:48,409 [EventQueue-OpenPipelineForHealthyPipelineSafeModeRule] INFO  safemode.SCMSafeModeManager (HealthyPipelineSafeModeRule.java:process(124)) - SCM in safe mode. Healthy pipelines reported count is 1, required healthy pipeline reported count is 1
2022-06-01 03:36:48,409 [256e671e-ba6c-4506-876b-ba7b74b86bde@group-C6C57E7579CE-LeaderElection44] INFO  grpc.GrpcConfigKeys (ConfUtils.java:logGet(46)) - raft.grpc.server.leader.outstanding.appends.max = 128 (default)
2022-06-01 03:36:48,409 [256e671e-ba6c-4506-876b-ba7b74b86bde@group-C6C57E7579CE-LeaderElection44] INFO  server.RaftServerConfigKeys (ConfUtils.java:logGet(46)) - raft.server.rpc.request.timeout = 60s (custom)
2022-06-01 03:36:48,409 [256e671e-ba6c-4506-876b-ba7b74b86bde@group-C6C57E7579CE-LeaderElection44] INFO  server.RaftServerConfigKeys (ConfUtils.java:logGet(46)) - raft.server.log.appender.install.snapshot.enabled = false (custom)
2022-06-01 03:36:48,409 [256e671e-ba6c-4506-876b-ba7b74b86bde@group-C6C57E7579CE-LeaderElection44] INFO  impl.RoleInfo (RoleInfo.java:updateAndGet(139)) - 256e671e-ba6c-4506-876b-ba7b74b86bde: start 256e671e-ba6c-4506-876b-ba7b74b86bde@group-C6C57E7579CE-LeaderStateImpl
2022-06-01 03:36:48,409 [256e671e-ba6c-4506-876b-ba7b74b86bde@group-C6C57E7579CE-LeaderElection44] INFO  segmented.SegmentedRaftLogWorker (SegmentedRaftLogWorker.java:startLogSegment(425)) - 256e671e-ba6c-4506-876b-ba7b74b86bde@group-C6C57E7579CE-SegmentedRaftLogWorker: Starting segment from index:0
2022-06-01 03:36:48,409 [EventQueue-OpenPipelineForHealthyPipelineSafeModeRule] INFO  safemode.SCMSafeModeManager (SCMSafeModeManager.java:validateSafeModeExitRules(204)) - HealthyPipelineSafeModeRule rule is successfully validated
2022-06-01 03:36:48,412 [EventQueue-OpenPipelineForHealthyPipelineSafeModeRule] INFO  safemode.SCMSafeModeManager (SCMSafeModeManager.java:validateSafeModeExitRules(219)) - ScmSafeModeManager, all rules are successfully validated
2022-06-01 03:36:48,412 [EventQueue-OpenPipelineForHealthyPipelineSafeModeRule] INFO  safemode.SCMSafeModeManager (SCMSafeModeManager.java:exitSafeMode(248)) - SCM exiting safe mode.
2022-06-01 03:36:48,412 [EventQueue-OpenPipelineForHealthyPipelineSafeModeRule] WARN  events.EventQueue (EventQueue.java:fireEvent(194)) - No event handler registered for event TypedEvent{payloadType=SafeModeStatus, name='Safe mode status'}
2022-06-01 03:36:48,412 [EventQueue-OpenPipelineForHealthyPipelineSafeModeRule] INFO  ha.SCMContext (SCMContext.java:updateSafeModeStatus(211)) - Update SafeModeStatus from SafeModeStatus{safeModeStatus=true, preCheckPassed=true} to SafeModeStatus{safeModeStatus=false, preCheckPassed=true}.
2022-06-01 03:36:48,412 [EventQueue-OpenPipelineForHealthyPipelineSafeModeRule] INFO  pipeline.BackgroundPipelineCreator (BackgroundPipelineCreator.java:notifyStatusChanged(251)) - Service BackgroundPipelineCreator transitions to RUNNING.
2022-06-01 03:36:48,412 [EventQueue-OpenPipelineForHealthyPipelineSafeModeRule] INFO  BackgroundPipelineScrubber (BackgroundSCMService.java:notifyStatusChanged(82)) - Service BackgroundPipelineScrubber transitions to RUNNING.
2022-06-01 03:36:48,412 [EventQueue-OpenPipelineForHealthyPipelineSafeModeRule] INFO  ExpiredContainerReplicaOpScrubber (BackgroundSCMService.java:notifyStatusChanged(82)) - Service ExpiredContainerReplicaOpScrubber transitions to RUNNING.
2022-06-01 03:36:48,412 [EventQueue-OpenPipelineForHealthyPipelineSafeModeRule] INFO  replication.ReplicationManager (ReplicationManager.java:notifyStatusChanged(372)) - Service ReplicationManager transitions to RUNNING.
2022-06-01 03:36:48,415 [256e671e-ba6c-4506-876b-ba7b74b86bde@group-C6C57E7579CE-SegmentedRaftLogWorker] INFO  segmented.SegmentedRaftLogWorker (SegmentedRaftLogWorker.java:execute(629)) - 256e671e-ba6c-4506-876b-ba7b74b86bde@group-C6C57E7579CE-SegmentedRaftLogWorker: created new log segment /home/runner/work/ozone/ozone/hadoop-ozone/integration-test/target/test-dir/MiniOzoneClusterImpl-f48b6726-dd30-40f9-bb46-d41d0091544d/datanode-0/data/ratis/27c0c480-b9ec-4228-81f4-c6c57e7579ce/current/log_inprogress_0
2022-06-01 03:36:48,468 [256e671e-ba6c-4506-876b-ba7b74b86bde@group-C6C57E7579CE-LeaderElection44] INFO  server.RaftServer$Division (ServerState.java:setRaftConf(393)) - 256e671e-ba6c-4506-876b-ba7b74b86bde@group-C6C57E7579CE: set configuration 0: [abd81844-44fc-43f8-8293-c1e1ed0f8954|rpc:10.1.0.5:43693|dataStream:|priority:0, 256e671e-ba6c-4506-876b-ba7b74b86bde|rpc:10.1.0.5:40427|dataStream:|priority:1, 5b27db08-20be-441d-9c86-d8d1c4f327f7|rpc:10.1.0.5:43851|dataStream:|priority:0], old=null
2022-06-01 03:36:48,501 [abd81844-44fc-43f8-8293-c1e1ed0f8954-server-thread1] INFO  ratis.XceiverServerRatis (XceiverServerRatis.java:handleLeaderChangedNotification(863)) - Leader change notification received for group: group-C6C57E7579CE with new leaderId: 256e671e-ba6c-4506-876b-ba7b74b86bde
2022-06-01 03:36:48,501 [abd81844-44fc-43f8-8293-c1e1ed0f8954-server-thread1] INFO  server.RaftServer$Division (ServerState.java:setLeader(287)) - abd81844-44fc-43f8-8293-c1e1ed0f8954@group-C6C57E7579CE: change Leader from null to 256e671e-ba6c-4506-876b-ba7b74b86bde at term 1 for appendEntries, leader elected after 5180ms
2022-06-01 03:36:48,550 [5b27db08-20be-441d-9c86-d8d1c4f327f7-server-thread1] INFO  ratis.XceiverServerRatis (XceiverServerRatis.java:handleLeaderChangedNotification(863)) - Leader change notification received for group: group-C6C57E7579CE with new leaderId: 256e671e-ba6c-4506-876b-ba7b74b86bde
2022-06-01 03:36:48,551 [5b27db08-20be-441d-9c86-d8d1c4f327f7-server-thread1] INFO  server.RaftServer$Division (ServerState.java:setLeader(287)) - 5b27db08-20be-441d-9c86-d8d1c4f327f7@group-C6C57E7579CE: change Leader from null to 256e671e-ba6c-4506-876b-ba7b74b86bde at term 1 for appendEntries, leader elected after 5321ms
2022-06-01 03:36:48,575 [Listener at 127.0.0.1/43449] INFO  ozone.MiniOzoneClusterImpl (MiniOzoneClusterImpl.java:lambda$waitForClusterToBeReady$0(221)) - Nodes are ready. Got 3 of 3 DN Heartbeats.
2022-06-01 03:36:48,575 [Listener at 127.0.0.1/43449] INFO  ozone.MiniOzoneClusterImpl (MiniOzoneClusterImpl.java:lambda$waitForClusterToBeReady$0(224)) - Cluster exits safe mode
2022-06-01 03:36:48,575 [Listener at 127.0.0.1/43449] INFO  ozone.MiniOzoneClusterImpl (MiniOzoneClusterImpl.java:lambda$waitForClusterToBeReady$0(226)) - SCM became leader
2022-06-01 03:36:48,592 [abd81844-44fc-43f8-8293-c1e1ed0f8954-server-thread1] INFO  server.RaftServer$Division (ServerState.java:setRaftConf(393)) - abd81844-44fc-43f8-8293-c1e1ed0f8954@group-C6C57E7579CE: set configuration 0: [abd81844-44fc-43f8-8293-c1e1ed0f8954|rpc:10.1.0.5:43693|dataStream:|priority:0, 256e671e-ba6c-4506-876b-ba7b74b86bde|rpc:10.1.0.5:40427|dataStream:|priority:1, 5b27db08-20be-441d-9c86-d8d1c4f327f7|rpc:10.1.0.5:43851|dataStream:|priority:0], old=null
2022-06-01 03:36:48,592 [abd81844-44fc-43f8-8293-c1e1ed0f8954-server-thread1] INFO  segmented.SegmentedRaftLogWorker (SegmentedRaftLogWorker.java:startLogSegment(425)) - abd81844-44fc-43f8-8293-c1e1ed0f8954@group-C6C57E7579CE-SegmentedRaftLogWorker: Starting segment from index:0
2022-06-01 03:36:48,592 [5b27db08-20be-441d-9c86-d8d1c4f327f7-server-thread1] INFO  server.RaftServer$Division (ServerState.java:setRaftConf(393)) - 5b27db08-20be-441d-9c86-d8d1c4f327f7@group-C6C57E7579CE: set configuration 0: [abd81844-44fc-43f8-8293-c1e1ed0f8954|rpc:10.1.0.5:43693|dataStream:|priority:0, 256e671e-ba6c-4506-876b-ba7b74b86bde|rpc:10.1.0.5:40427|dataStream:|priority:1, 5b27db08-20be-441d-9c86-d8d1c4f327f7|rpc:10.1.0.5:43851|dataStream:|priority:0], old=null
2022-06-01 03:36:48,593 [5b27db08-20be-441d-9c86-d8d1c4f327f7-server-thread1] INFO  segmented.SegmentedRaftLogWorker (SegmentedRaftLogWorker.java:startLogSegment(425)) - 5b27db08-20be-441d-9c86-d8d1c4f327f7@group-C6C57E7579CE-SegmentedRaftLogWorker: Starting segment from index:0
]]></system-out>
    </rerunFailure>
    <rerunFailure type="java.lang.AssertionError">
      <stackTrace><![CDATA[java.lang.AssertionError
	at org.junit.Assert.fail(Assert.java:87)
	at org.junit.Assert.assertTrue(Assert.java:42)
	at org.junit.Assert.assertTrue(Assert.java:53)
	at org.apache.hadoop.hdds.scm.TestRatisPipelineLeader.testLeaderIdAfterLeaderChange(TestRatisPipelineLeader.java:119)
	at sun.reflect.NativeMethodAccessorImpl.invoke0(Native Method)
	at sun.reflect.NativeMethodAccessorImpl.invoke(NativeMethodAccessorImpl.java:62)
	at sun.reflect.DelegatingMethodAccessorImpl.invoke(DelegatingMethodAccessorImpl.java:43)
	at java.lang.reflect.Method.invoke(Method.java:498)
	at org.junit.platform.commons.util.ReflectionUtils.invokeMethod(ReflectionUtils.java:725)
	at org.junit.jupiter.engine.execution.MethodInvocation.proceed(MethodInvocation.java:60)
	at org.junit.jupiter.engine.execution.InvocationInterceptorChain$ValidatingInvocation.proceed(InvocationInterceptorChain.java:131)
	at org.junit.jupiter.engine.extension.TimeoutInvocation.proceed(TimeoutInvocation.java:46)
	at org.junit.jupiter.engine.extension.TimeoutExtension.intercept(TimeoutExtension.java:149)
	at org.junit.jupiter.engine.extension.TimeoutExtension.interceptTestableMethod(TimeoutExtension.java:140)
	at org.junit.jupiter.engine.extension.TimeoutExtension.interceptTestMethod(TimeoutExtension.java:84)
	at org.junit.jupiter.engine.execution.ExecutableInvoker$ReflectiveInterceptorCall.lambda$ofVoidMethod$0(ExecutableInvoker.java:115)
	at org.junit.jupiter.engine.execution.ExecutableInvoker.lambda$invoke$0(ExecutableInvoker.java:105)
	at org.junit.jupiter.engine.execution.InvocationInterceptorChain$InterceptedInvocation.proceed(InvocationInterceptorChain.java:106)
	at org.junit.jupiter.engine.execution.InvocationInterceptorChain.proceed(InvocationInterceptorChain.java:64)
	at org.junit.jupiter.engine.execution.InvocationInterceptorChain.chainAndInvoke(InvocationInterceptorChain.java:45)
	at org.junit.jupiter.engine.execution.InvocationInterceptorChain.invoke(InvocationInterceptorChain.java:37)
	at org.junit.jupiter.engine.execution.ExecutableInvoker.invoke(ExecutableInvoker.java:104)
	at org.junit.jupiter.engine.execution.ExecutableInvoker.invoke(ExecutableInvoker.java:98)
	at org.junit.jupiter.engine.descriptor.TestMethodTestDescriptor.lambda$invokeTestMethod$7(TestMethodTestDescriptor.java:214)
	at org.junit.platform.engine.support.hierarchical.ThrowableCollector.execute(ThrowableCollector.java:73)
	at org.junit.jupiter.engine.descriptor.TestMethodTestDescriptor.invokeTestMethod(TestMethodTestDescriptor.java:210)
	at org.junit.jupiter.engine.descriptor.TestMethodTestDescriptor.execute(TestMethodTestDescriptor.java:135)
	at org.junit.jupiter.engine.descriptor.TestMethodTestDescriptor.execute(TestMethodTestDescriptor.java:66)
	at org.junit.platform.engine.support.hierarchical.NodeTestTask.lambda$executeRecursively$6(NodeTestTask.java:151)
	at org.junit.platform.engine.support.hierarchical.ThrowableCollector.execute(ThrowableCollector.java:73)
	at org.junit.platform.engine.support.hierarchical.NodeTestTask.lambda$executeRecursively$8(NodeTestTask.java:141)
	at org.junit.platform.engine.support.hierarchical.Node.around(Node.java:137)
	at org.junit.platform.engine.support.hierarchical.NodeTestTask.lambda$executeRecursively$9(NodeTestTask.java:139)
	at org.junit.platform.engine.support.hierarchical.ThrowableCollector.execute(ThrowableCollector.java:73)
	at org.junit.platform.engine.support.hierarchical.NodeTestTask.executeRecursively(NodeTestTask.java:138)
	at org.junit.platform.engine.support.hierarchical.NodeTestTask.execute(NodeTestTask.java:95)
	at java.util.ArrayList.forEach(ArrayList.java:1259)
	at org.junit.platform.engine.support.hierarchical.SameThreadHierarchicalTestExecutorService.invokeAll(SameThreadHierarchicalTestExecutorService.java:41)
	at org.junit.platform.engine.support.hierarchical.NodeTestTask.lambda$executeRecursively$6(NodeTestTask.java:155)
	at org.junit.platform.engine.support.hierarchical.ThrowableCollector.execute(ThrowableCollector.java:73)
	at org.junit.platform.engine.support.hierarchical.NodeTestTask.lambda$executeRecursively$8(NodeTestTask.java:141)
	at org.junit.platform.engine.support.hierarchical.Node.around(Node.java:137)
	at org.junit.platform.engine.support.hierarchical.NodeTestTask.lambda$executeRecursively$9(NodeTestTask.java:139)
	at org.junit.platform.engine.support.hierarchical.ThrowableCollector.execute(ThrowableCollector.java:73)
	at org.junit.platform.engine.support.hierarchical.NodeTestTask.executeRecursively(NodeTestTask.java:138)
	at org.junit.platform.engine.support.hierarchical.NodeTestTask.execute(NodeTestTask.java:95)
	at java.util.ArrayList.forEach(ArrayList.java:1259)
	at org.junit.platform.engine.support.hierarchical.SameThreadHierarchicalTestExecutorService.invokeAll(SameThreadHierarchicalTestExecutorService.java:41)
	at org.junit.platform.engine.support.hierarchical.NodeTestTask.lambda$executeRecursively$6(NodeTestTask.java:155)
	at org.junit.platform.engine.support.hierarchical.ThrowableCollector.execute(ThrowableCollector.java:73)
	at org.junit.platform.engine.support.hierarchical.NodeTestTask.lambda$executeRecursively$8(NodeTestTask.java:141)
	at org.junit.platform.engine.support.hierarchical.Node.around(Node.java:137)
	at org.junit.platform.engine.support.hierarchical.NodeTestTask.lambda$executeRecursively$9(NodeTestTask.java:139)
	at org.junit.platform.engine.support.hierarchical.ThrowableCollector.execute(ThrowableCollector.java:73)
	at org.junit.platform.engine.support.hierarchical.NodeTestTask.executeRecursively(NodeTestTask.java:138)
	at org.junit.platform.engine.support.hierarchical.NodeTestTask.execute(NodeTestTask.java:95)
	at org.junit.platform.engine.support.hierarchical.SameThreadHierarchicalTestExecutorService.submit(SameThreadHierarchicalTestExecutorService.java:35)
	at org.junit.platform.engine.support.hierarchical.HierarchicalTestExecutor.execute(HierarchicalTestExecutor.java:57)
	at org.junit.platform.engine.support.hierarchical.HierarchicalTestEngine.execute(HierarchicalTestEngine.java:54)
	at org.junit.platform.launcher.core.EngineExecutionOrchestrator.execute(EngineExecutionOrchestrator.java:107)
	at org.junit.platform.launcher.core.EngineExecutionOrchestrator.execute(EngineExecutionOrchestrator.java:88)
	at org.junit.platform.launcher.core.EngineExecutionOrchestrator.lambda$execute$0(EngineExecutionOrchestrator.java:54)
	at org.junit.platform.launcher.core.EngineExecutionOrchestrator.withInterceptedStreams(EngineExecutionOrchestrator.java:67)
	at org.junit.platform.launcher.core.EngineExecutionOrchestrator.execute(EngineExecutionOrchestrator.java:52)
	at org.junit.platform.launcher.core.DefaultLauncher.execute(DefaultLauncher.java:114)
	at org.junit.platform.launcher.core.DefaultLauncher.execute(DefaultLauncher.java:86)
	at org.junit.platform.launcher.core.DefaultLauncherSession$DelegatingLauncher.execute(DefaultLauncherSession.java:86)
	at org.junit.platform.launcher.core.SessionPerRequestLauncher.execute(SessionPerRequestLauncher.java:53)
	at org.apache.maven.surefire.junitplatform.JUnitPlatformProvider.invokeAllTests(JUnitPlatformProvider.java:165)
	at org.apache.maven.surefire.junitplatform.JUnitPlatformProvider.invoke(JUnitPlatformProvider.java:124)
	at org.apache.maven.surefire.booter.ForkedBooter.runSuitesInProcess(ForkedBooter.java:428)
	at org.apache.maven.surefire.booter.ForkedBooter.execute(ForkedBooter.java:162)
	at org.apache.maven.surefire.booter.ForkedBooter.run(ForkedBooter.java:562)
	at org.apache.maven.surefire.booter.ForkedBooter.main(ForkedBooter.java:548)
]]></stackTrace>
      <system-out><![CDATA[2022-06-01 03:37:09,757 [Listener at 127.0.0.1/43449] WARN  server.ServerUtils (ServerUtils.java:getScmDbDir(148)) - ozone.scm.db.dirs is not configured. We recommend adding this setting. Falling back to ozone.metadata.dirs instead.
2022-06-01 03:37:09,779 [Listener at 127.0.0.1/43449] INFO  ha.SCMHANodeDetails (SCMHANodeDetails.java:loadSCMHAConfig(160)) - ServiceID for StorageContainerManager is null
2022-06-01 03:37:09,779 [Listener at 127.0.0.1/43449] INFO  ha.SCMHANodeDetails (SCMHANodeDetails.java:loadSCMHAConfig(165)) - ozone.scm.default.service.id is not defined, falling back to ozone.scm.service.ids to find serviceID for StorageContainerManager if it is HA enabled cluster
2022-06-01 03:37:09,779 [Listener at 127.0.0.1/43449] WARN  server.ServerUtils (ServerUtils.java:getScmDbDir(148)) - ozone.scm.db.dirs is not configured. We recommend adding this setting. Falling back to ozone.metadata.dirs instead.
2022-06-01 03:37:09,792 [Listener at 127.0.0.1/43449] INFO  upgrade.AbstractLayoutVersionManager (AbstractLayoutVersionManager.java:init(79)) - Initializing Layout version manager with metadata layout = ERASURE_CODED_STORAGE_SUPPORT (version = 3), software layout = ERASURE_CODED_STORAGE_SUPPORT (version = 3)
2022-06-01 03:37:09,858 [Listener at 127.0.0.1/43449] INFO  reflections.Reflections (Reflections.java:scan(232)) - Reflections took 65 ms to scan 7 urls, producing 127 keys and 292 values 
2022-06-01 03:37:09,893 [Listener at 127.0.0.1/43449] WARN  utils.HAUtils (HAUtils.java:getMetaDir(342)) - ozone.scm.db.dirs is not configured. We recommend adding this setting. Falling back to ozone.metadata.dirs instead.
2022-06-01 03:37:09,894 [Listener at 127.0.0.1/43449] WARN  db.DBStoreBuilder (DBStoreBuilder.java:applyDBDefinition(145)) - ozone.scm.db.dirs is not configured. We recommend adding this setting. Falling back to ozone.metadata.dirs instead.
2022-06-01 03:37:10,173 [Listener at 127.0.0.1/43449] INFO  net.NodeSchemaLoader (NodeSchemaLoader.java:loadSchemaFromFile(129)) - Loading schema from [jar:file:/home/runner/.m2/repository/org/apache/ozone/hdds-common/1.3.0-SNAPSHOT/hdds-common-1.3.0-SNAPSHOT.jar!/network-topology-default.xml]
2022-06-01 03:37:10,174 [Listener at 127.0.0.1/43449] INFO  net.NodeSchemaLoader (NodeSchemaLoader.java:loadSchema(176)) - Loading network topology layer schema file
2022-06-01 03:37:10,176 [Listener at 127.0.0.1/43449] INFO  ha.SequenceIdGenerator (SequenceIdGenerator.java:upgradeToSequenceId(347)) - upgrade localId to 109611004723200000
2022-06-01 03:37:10,176 [Listener at 127.0.0.1/43449] INFO  ha.SequenceIdGenerator (SequenceIdGenerator.java:upgradeToSequenceId(357)) - upgrade delTxnId to 0
2022-06-01 03:37:10,177 [Listener at 127.0.0.1/43449] INFO  ha.SequenceIdGenerator (SequenceIdGenerator.java:upgradeToSequenceId(374)) - upgrade containerId to 0
2022-06-01 03:37:10,177 [Listener at 127.0.0.1/43449] INFO  ha.SequenceIdGenerator (SequenceIdGenerator.java:<init>(218)) - Init the HA SequenceIdGenerator.
2022-06-01 03:37:10,177 [Listener at 127.0.0.1/43449] WARN  server.ServerUtils (ServerUtils.java:sanitizeUserArgs(73)) - ozone.scm.stale.node.interval value = 300000 is larger than max = 100000 based on the key value of ozone.scm.heartbeat.thread.interval, reset to the max value 100000.
2022-06-01 03:37:10,177 [Listener at 127.0.0.1/43449] WARN  server.ServerUtils (ServerUtils.java:sanitizeUserArgs(73)) - ozone.scm.stale.node.interval value = 300000 is larger than max = 100000 based on the key value of ozone.scm.heartbeat.thread.interval, reset to the max value 100000.
2022-06-01 03:37:10,186 [Listener at 127.0.0.1/43449] INFO  node.SCMNodeManager (SCMNodeManager.java:<init>(148)) - Entering startup safe mode.
2022-06-01 03:37:10,187 [Listener at 127.0.0.1/43449] INFO  algorithms.ContainerPlacementPolicyFactory (ContainerPlacementPolicyFactory.java:getPolicyInternal(86)) - Create container placement policy of type org.apache.hadoop.hdds.scm.container.placement.algorithms.SCMContainerPlacementRandom
2022-06-01 03:37:10,187 [Listener at 127.0.0.1/43449] INFO  pipeline.PipelineStateManagerImpl (PipelineStateManagerImpl.java:initialize(78)) - No pipeline exists in current db
2022-06-01 03:37:10,187 [Listener at 127.0.0.1/43449] INFO  algorithms.LeaderChoosePolicyFactory (LeaderChoosePolicyFactory.java:getPolicy(57)) - Create leader choose policy of type org.apache.hadoop.hdds.scm.pipeline.leader.choose.algorithms.MinLeaderCountChoosePolicy
2022-06-01 03:37:10,187 [Listener at 127.0.0.1/43449] INFO  algorithms.ContainerPlacementPolicyFactory (ContainerPlacementPolicyFactory.java:getPolicyInternal(86)) - Create container placement policy of type org.apache.hadoop.hdds.scm.container.placement.algorithms.SCMContainerPlacementRackScatter
2022-06-01 03:37:10,188 [Listener at 127.0.0.1/43449] INFO  pipeline.BackgroundPipelineCreator (BackgroundPipelineCreator.java:start(125)) - Starting RatisPipelineUtilsThread.
2022-06-01 03:37:10,193 [Listener at 127.0.0.1/43449] INFO  BackgroundPipelineScrubber (BackgroundSCMService.java:start(68)) - Starting BackgroundPipelineScrubber Service.
2022-06-01 03:37:10,198 [Listener at 127.0.0.1/43449] INFO  ha.SCMServiceManager (SCMServiceManager.java:register(42)) - Registering service BackgroundPipelineCreator.
2022-06-01 03:37:10,198 [Listener at 127.0.0.1/43449] INFO  ha.SCMServiceManager (SCMServiceManager.java:register(42)) - Registering service BackgroundPipelineScrubber.
2022-06-01 03:37:10,198 [Listener at 127.0.0.1/43449] INFO  ExpiredContainerReplicaOpScrubber (BackgroundSCMService.java:start(68)) - Starting ExpiredContainerReplicaOpScrubber Service.
2022-06-01 03:37:10,199 [Listener at 127.0.0.1/43449] INFO  ha.SCMServiceManager (SCMServiceManager.java:register(42)) - Registering service ExpiredContainerReplicaOpScrubber.
2022-06-01 03:37:10,200 [Listener at 127.0.0.1/43449] INFO  algorithms.PipelineChoosePolicyFactory (PipelineChoosePolicyFactory.java:createPipelineChoosePolicyFromClass(73)) - Create pipeline choose policy of type org.apache.hadoop.hdds.scm.pipeline.choose.algorithms.RandomPipelineChoosePolicy
2022-06-01 03:37:10,200 [Listener at 127.0.0.1/43449] INFO  ha.SCMServiceManager (SCMServiceManager.java:register(42)) - Registering service SCMBlockDeletingService.
2022-06-01 03:37:10,201 [Listener at 127.0.0.1/43449] INFO  ha.SCMServiceManager (SCMServiceManager.java:register(42)) - Registering service ReplicationManager.
2022-06-01 03:37:10,201 [Listener at 127.0.0.1/43449] INFO  replication.ReplicationManager (ReplicationManager.java:start(179)) - Starting Replication Monitor Thread.
2022-06-01 03:37:10,207 [Listener at 127.0.0.1/43449] INFO  safemode.ContainerSafeModeRule (ContainerSafeModeRule.java:<init>(89)) - containers with one replica threshold count 0
2022-06-01 03:37:10,207 [Listener at 127.0.0.1/43449] INFO  safemode.HealthyPipelineSafeModeRule (HealthyPipelineSafeModeRule.java:initializeRule(156)) - Total pipeline count is 0, healthy pipeline threshold count is 1
2022-06-01 03:37:10,207 [Listener at 127.0.0.1/43449] INFO  safemode.OneReplicaPipelineSafeModeRule (OneReplicaPipelineSafeModeRule.java:initializeRule(180)) - Total pipeline count is 0, pipeline's with at least one datanode reported threshold count is 0
2022-06-01 03:37:10,211 [Listener at 127.0.0.1/43449] INFO  ipc.CallQueueManager (CallQueueManager.java:<init>(90)) - Using callQueue: class java.util.concurrent.LinkedBlockingQueue, queueCapacity: 2000, scheduler: class org.apache.hadoop.ipc.DefaultRpcScheduler, ipcBackoff: false.
2022-06-01 03:37:10,212 [Socket Reader #1 for port 0] INFO  ipc.Server (Server.java:run(1265)) - Starting Socket Reader #1 for port 0
2022-06-01 03:37:10,222 [Listener at 0.0.0.0/46457] INFO  ipc.CallQueueManager (CallQueueManager.java:<init>(90)) - Using callQueue: class java.util.concurrent.LinkedBlockingQueue, queueCapacity: 2000, scheduler: class org.apache.hadoop.ipc.DefaultRpcScheduler, ipcBackoff: false.
2022-06-01 03:37:10,227 [ReplicationMonitor] INFO  replication.ReplicationManager (ReplicationManager.java:processAll(228)) - Replication Manager is not ready to run until 3000ms after safemode exit
2022-06-01 03:37:10,271 [Listener at 0.0.0.0/33579] INFO  ipc.CallQueueManager (CallQueueManager.java:<init>(90)) - Using callQueue: class java.util.concurrent.LinkedBlockingQueue, queueCapacity: 2000, scheduler: class org.apache.hadoop.ipc.DefaultRpcScheduler, ipcBackoff: false.
2022-06-01 03:37:10,272 [Socket Reader #1 for port 0] INFO  ipc.Server (Server.java:run(1265)) - Starting Socket Reader #1 for port 0
2022-06-01 03:37:10,286 [Socket Reader #1 for port 0] INFO  ipc.Server (Server.java:run(1265)) - Starting Socket Reader #1 for port 0
2022-06-01 03:37:10,348 [Listener at 0.0.0.0/41299] INFO  server.StorageContainerManager (StorageContainerManager.java:<init>(400)) - 
Container Balancer status:
Key                            Value
Running                        false
Container Balancer Configuration values:
Key                                                Value
Threshold                                          10
Max Datanodes to Involve per Iteration(percent)    20
Max Size to Move per Iteration                     500GB
Max Size Entering Target per Iteration             26GB
Max Size Leaving Source per Iteration              26GB

2022-06-01 03:37:10,349 [Listener at 0.0.0.0/41299] WARN  events.EventQueue (EventQueue.java:fireEvent(194)) - No event handler registered for event TypedEvent{payloadType=SafeModeStatus, name='Safe mode status'}
2022-06-01 03:37:10,349 [Listener at 0.0.0.0/41299] INFO  ha.SCMContext (SCMContext.java:updateSafeModeStatus(211)) - Update SafeModeStatus from SafeModeStatus{safeModeStatus=true, preCheckPassed=false} to SafeModeStatus{safeModeStatus=true, preCheckPassed=false}.
2022-06-01 03:37:10,349 [Listener at 0.0.0.0/41299] INFO  server.StorageContainerManager (StorageContainerManager.java:start(1385)) - StorageContainerLocationProtocol RPC server is listening at /0.0.0.0:41299
2022-06-01 03:37:10,351 [Listener at 0.0.0.0/41299] WARN  impl.MetricsConfig (MetricsConfig.java:loadFirst(136)) - Cannot locate configuration: tried hadoop-metrics2-storagecontainermanager.properties,hadoop-metrics2.properties
2022-06-01 03:37:10,365 [Listener at 0.0.0.0/41299] INFO  impl.MetricsSystemImpl (MetricsSystemImpl.java:startTimer(378)) - Scheduled Metric snapshot period at 10 second(s).
2022-06-01 03:37:10,365 [Listener at 0.0.0.0/41299] INFO  impl.MetricsSystemImpl (MetricsSystemImpl.java:start(191)) - StorageContainerManager metrics system started
2022-06-01 03:37:10,475 [Listener at 0.0.0.0/41299] INFO  impl.MetricsSinkAdapter (MetricsSinkAdapter.java:start(204)) - Sink prometheus started
2022-06-01 03:37:10,476 [Listener at 0.0.0.0/41299] INFO  impl.MetricsSystemImpl (MetricsSystemImpl.java:registerSink(305)) - Registered sink prometheus
2022-06-01 03:37:10,497 [Listener at 0.0.0.0/41299] INFO  server.SCMClientProtocolServer (SCMClientProtocolServer.java:start(169)) - RPC server for Client  is listening at /0.0.0.0:41299
2022-06-01 03:37:10,497 [IPC Server Responder] INFO  ipc.Server (Server.java:run(1507)) - IPC Server Responder: starting
2022-06-01 03:37:10,497 [IPC Server listener on 0] INFO  ipc.Server (Server.java:run(1344)) - IPC Server listener on 0: starting
2022-06-01 03:37:10,499 [Listener at 0.0.0.0/41299] INFO  server.StorageContainerManager (StorageContainerManager.java:start(1400)) - ScmBlockLocationProtocol RPC server is listening at /0.0.0.0:33579
2022-06-01 03:37:10,499 [Listener at 0.0.0.0/41299] INFO  server.SCMBlockProtocolServer (SCMBlockProtocolServer.java:start(151)) - RPC server for Block Protocol is listening at /0.0.0.0:33579
2022-06-01 03:37:10,499 [IPC Server Responder] INFO  ipc.Server (Server.java:run(1507)) - IPC Server Responder: starting
2022-06-01 03:37:10,499 [IPC Server listener on 0] INFO  ipc.Server (Server.java:run(1344)) - IPC Server listener on 0: starting
2022-06-01 03:37:10,518 [Listener at 0.0.0.0/41299] INFO  server.SCMDatanodeProtocolServer (SCMDatanodeProtocolServer.java:start(183)) - ScmDatanodeProtocol RPC server for DataNodes is listening at /0.0.0.0:46457
2022-06-01 03:37:10,518 [IPC Server Responder] INFO  ipc.Server (Server.java:run(1507)) - IPC Server Responder: starting
2022-06-01 03:37:10,519 [IPC Server listener on 0] INFO  ipc.Server (Server.java:run(1344)) - IPC Server listener on 0: starting
2022-06-01 03:37:10,708 [org.apache.hadoop.util.JvmPauseMonitor$Monitor@2237dc21] INFO  util.JvmPauseMonitor (JvmPauseMonitor.java:run(188)) - Starting JVM pause monitor
2022-06-01 03:37:10,753 [Listener at 0.0.0.0/41299] INFO  http.BaseHttpServer (BaseHttpServer.java:newHttpServer2BuilderForOzone(209)) - Starting Web-server for scm at: http://0.0.0.0:0
2022-06-01 03:37:10,753 [Listener at 0.0.0.0/41299] INFO  http.BaseHttpServer (BaseHttpServer.java:<init>(107)) - Hadoop Security Enabled: false Ozone Security Enabled: false Ozone HTTP Security Enabled: false 
2022-06-01 03:37:10,754 [Listener at 0.0.0.0/41299] INFO  server.AuthenticationFilter (AuthenticationFilter.java:constructSecretProvider(240)) - Unable to initialize FileSignerSecretProvider, falling back to use random secrets.
2022-06-01 03:37:10,764 [Listener at 0.0.0.0/41299] WARN  http.HttpRequestLog (HttpRequestLog.java:getRequestLog(103)) - Jetty request log can only be enabled using Log4j
2022-06-01 03:37:10,766 [Listener at 0.0.0.0/41299] INFO  http.HttpServer2 (HttpServer2.java:addGlobalFilter(1030)) - Added global filter 'safety' (class=org.apache.hadoop.hdds.server.http.HttpServer2$QuotingInputFilter)
2022-06-01 03:37:10,767 [Listener at 0.0.0.0/41299] INFO  http.HttpServer2 (HttpServer2.java:addFilter(1006)) - Added filter static_user_filter (class=org.apache.hadoop.http.lib.StaticUserWebFilter$StaticUserFilter) to context scm
2022-06-01 03:37:10,767 [Listener at 0.0.0.0/41299] INFO  http.HttpServer2 (HttpServer2.java:addFilter(1014)) - Added filter static_user_filter (class=org.apache.hadoop.http.lib.StaticUserWebFilter$StaticUserFilter) to context logs
2022-06-01 03:37:10,767 [Listener at 0.0.0.0/41299] INFO  http.HttpServer2 (HttpServer2.java:addFilter(1014)) - Added filter static_user_filter (class=org.apache.hadoop.http.lib.StaticUserWebFilter$StaticUserFilter) to context static
2022-06-01 03:37:10,768 [Listener at 0.0.0.0/41299] INFO  http.HttpServer2 (HttpServer2.java:bindListener(1249)) - Jetty bound to port 33233
2022-06-01 03:37:10,768 [Listener at 0.0.0.0/41299] INFO  server.Server (Server.java:doStart(375)) - jetty-9.4.43.v20210629; built: 2021-06-30T11:07:22.254Z; git: 526006ecfa3af7f1a27ef3a288e2bef7ea9dd7e8; jvm 1.8.0_332-b09
2022-06-01 03:37:10,796 [Listener at 0.0.0.0/41299] INFO  server.session (DefaultSessionIdManager.java:doStart(334)) - DefaultSessionIdManager workerName=node0
2022-06-01 03:37:10,796 [Listener at 0.0.0.0/41299] INFO  server.session (DefaultSessionIdManager.java:doStart(339)) - No SessionScavenger set, using defaults
2022-06-01 03:37:10,796 [Listener at 0.0.0.0/41299] INFO  server.session (HouseKeeper.java:startScavenging(132)) - node0 Scavenging every 660000ms
2022-06-01 03:37:10,803 [Listener at 0.0.0.0/41299] INFO  handler.ContextHandler (ContextHandler.java:doStart(915)) - Started o.e.j.s.ServletContextHandler@74cae819{logs,/logs,file:///home/runner/work/ozone/ozone/hadoop-ozone/integration-test/target/log,AVAILABLE}
2022-06-01 03:37:10,803 [Listener at 0.0.0.0/41299] INFO  handler.ContextHandler (ContextHandler.java:doStart(915)) - Started o.e.j.s.ServletContextHandler@703c9ff0{static,/static,file:///home/runner/work/ozone/ozone/hadoop-ozone/integration-test/target/test-classes/webapps/static,AVAILABLE}
2022-06-01 03:37:10,806 [Listener at 0.0.0.0/41299] INFO  handler.ContextHandler (ContextHandler.java:doStart(915)) - Started o.e.j.w.WebAppContext@4e3617fe{scm,/,file:///home/runner/work/ozone/ozone/hadoop-ozone/integration-test/target/test-classes/webapps/scm/,AVAILABLE}{file:/home/runner/work/ozone/ozone/hadoop-ozone/integration-test/target/test-classes/webapps/scm}
2022-06-01 03:37:10,840 [Listener at 0.0.0.0/41299] INFO  server.AbstractConnector (AbstractConnector.java:doStart(331)) - Started ServerConnector@59783332{HTTP/1.1, (http/1.1)}{0.0.0.0:33233}
2022-06-01 03:37:10,840 [Listener at 0.0.0.0/41299] INFO  server.Server (Server.java:doStart(415)) - Started @193974ms
2022-06-01 03:37:10,840 [Listener at 0.0.0.0/41299] WARN  impl.MetricsSystemImpl (MetricsSystemImpl.java:register(279)) - Sink prometheus already exists!
2022-06-01 03:37:10,841 [Listener at 0.0.0.0/41299] INFO  http.BaseHttpServer (BaseHttpServer.java:updateConnectorAddress(329)) - HTTP server of scm listening at http://0.0.0.0:33233
2022-06-01 03:37:10,841 [Listener at 0.0.0.0/41299] WARN  server.ServerUtils (ServerUtils.java:getDBPath(225)) - ozone.om.db.dirs is not configured. We recommend adding this setting. Falling back to ozone.metadata.dirs instead.
2022-06-01 03:37:10,846 [Listener at 0.0.0.0/41299] INFO  ha.OMHANodeDetails (OMHANodeDetails.java:loadOMHAConfig(115)) - ozone.om.internal.service.id is not defined, falling back to ozone.om.service.ids to find serviceID for OzoneManager if it is HA enabled cluster
2022-06-01 03:37:10,846 [Listener at 0.0.0.0/41299] INFO  ha.OMHANodeDetails (OMHANodeDetails.java:loadOMHAConfig(226)) - Configuration does not have ozone.om.address set. Falling back to the default OM address /127.0.0.1:0
2022-06-01 03:37:10,846 [Listener at 0.0.0.0/41299] INFO  ha.OMHANodeDetails (OMHANodeDetails.java:getOMNodeDetailsForNonHA(254)) - OM Service ID is not set. Setting it to the default ID: omServiceIdDefault
2022-06-01 03:37:10,847 [Listener at 0.0.0.0/41299] INFO  ha.OMHANodeDetails (OMHANodeDetails.java:getOMNodeDetailsForNonHA(261)) - OM Node ID is not set. Setting it to the default ID: om1
2022-06-01 03:37:10,847 [Listener at 0.0.0.0/41299] WARN  server.ServerUtils (ServerUtils.java:getDBPath(225)) - ozone.om.db.dirs is not configured. We recommend adding this setting. Falling back to ozone.metadata.dirs instead.
2022-06-01 03:37:10,847 [Listener at 0.0.0.0/41299] INFO  upgrade.AbstractLayoutVersionManager (AbstractLayoutVersionManager.java:init(79)) - Initializing Layout version manager with metadata layout = MULTITENANCY_SCHEMA (version = 3), software layout = MULTITENANCY_SCHEMA (version = 3)
2022-06-01 03:37:11,017 [Listener at 0.0.0.0/41299] INFO  reflections.Reflections (Reflections.java:scan(232)) - Reflections took 169 ms to scan 2 urls, producing 153 keys and 431 values [using 2 cores]
2022-06-01 03:37:11,017 [Listener at 0.0.0.0/41299] INFO  upgrade.OMLayoutVersionManager (OMLayoutVersionManager.java:lambda$0(115)) - Skipping Upgrade Action MockOmUpgradeAction since it has been finalized.
2022-06-01 03:37:11,017 [Listener at 0.0.0.0/41299] WARN  server.ServerUtils (ServerUtils.java:getDBPath(225)) - ozone.om.db.dirs is not configured. We recommend adding this setting. Falling back to ozone.metadata.dirs instead.
2022-06-01 03:37:11,018 [Listener at 0.0.0.0/41299] INFO  proxy.SCMBlockLocationFailoverProxyProvider (SCMBlockLocationFailoverProxyProvider.java:<init>(114)) - Created block location fail-over proxy with 1 nodes: [nodeId=scmNodeId,nodeAddress=/0.0.0.0:33579]
2022-06-01 03:37:11,029 [Listener at 0.0.0.0/41299] INFO  proxy.SCMBlockLocationFailoverProxyProvider (SCMBlockLocationFailoverProxyProvider.java:<init>(114)) - Created block location fail-over proxy with 1 nodes: [nodeId=scmNodeId,nodeAddress=/0.0.0.0:33579]
2022-06-01 03:37:11,067 [Listener at 0.0.0.0/41299] WARN  server.ServerUtils (ServerUtils.java:getDBPath(225)) - ozone.om.db.dirs is not configured. We recommend adding this setting. Falling back to ozone.metadata.dirs instead.
2022-06-01 03:37:11,068 [Listener at 0.0.0.0/41299] INFO  codec.OmKeyInfoCodec (OmKeyInfoCodec.java:<init>(49)) - OmKeyInfoCodec ignorePipeline = true
2022-06-01 03:37:11,068 [Listener at 0.0.0.0/41299] INFO  codec.RepeatedOmKeyInfoCodec (RepeatedOmKeyInfoCodec.java:<init>(41)) - RepeatedOmKeyInfoCodec ignorePipeline = true
2022-06-01 03:37:11,569 [Listener at 0.0.0.0/41299] INFO  om.OzoneManager (OzoneManager.java:instantiateServices(688)) - S3 Multi-Tenancy is disabled
2022-06-01 03:37:11,570 [Listener at 0.0.0.0/41299] INFO  om.OzoneManager (OzoneManager.java:addS3GVolumeToDB(4204)) - Created Volume s3v With Owner runner required for S3Gateway operations.
2022-06-01 03:37:11,570 [Listener at 0.0.0.0/41299] WARN  server.ServerUtils (ServerUtils.java:getDefaultRatisDirectory(237)) - Storage directory for Ratis is not configured. It is a good idea to map this to an SSD disk. Falling back to ozone.metadata.dirs
2022-06-01 03:37:11,570 [Listener at 0.0.0.0/41299] WARN  utils.OzoneManagerRatisUtils (OzoneManagerRatisUtils.java:getOMRatisSnapshotDirectory(425)) - ozone.om.ratis.snapshot.dir is not configured. Falling back to ozone.metadata.dirs config
2022-06-01 03:37:11,570 [Listener at 0.0.0.0/41299] WARN  server.ServerUtils (ServerUtils.java:getDefaultRatisDirectory(237)) - Storage directory for Ratis is not configured. It is a good idea to map this to an SSD disk. Falling back to ozone.metadata.dirs
2022-06-01 03:37:11,571 [Listener at 0.0.0.0/41299] INFO  ratis.OzoneManagerRatisServer (OzoneManagerRatisServer.java:<init>(159)) - Instantiating OM Ratis server with groupID: omServiceIdDefault and peers: localhost:9872
2022-06-01 03:37:11,571 [Listener at 0.0.0.0/41299] INFO  ratis.OzoneManagerStateMachine (OzoneManagerStateMachine.java:loadSnapshotInfoFromDB(627)) - LastAppliedIndex is set from TransactionInfo from OM DB as (t:0, i:~)
2022-06-01 03:37:11,572 [Listener at 0.0.0.0/41299] INFO  server.RaftServer (ConfUtils.java:logGet(46)) - raft.rpc.type = GRPC (default)
2022-06-01 03:37:11,572 [Listener at 0.0.0.0/41299] INFO  grpc.GrpcFactory (GrpcFactory.java:checkPooledByteBufAllocatorUseCacheForAllThreads(48)) - PERFORMANCE WARNING: useCacheForAllThreads is true that may cause Netty to create a lot garbage objects and, as a result, trigger GC.
	It is recommended to disable useCacheForAllThreads by setting -Dorg.apache.ratis.thirdparty.io.netty.allocator.useCacheForAllThreads=false in command line.
2022-06-01 03:37:11,572 [Listener at 0.0.0.0/41299] INFO  grpc.GrpcConfigKeys (ConfUtils.java:logGet(46)) - raft.grpc.admin.port = -1 (default)
2022-06-01 03:37:11,572 [Listener at 0.0.0.0/41299] INFO  grpc.GrpcConfigKeys (ConfUtils.java:logGet(46)) - raft.grpc.server.port = 9872 (custom)
2022-06-01 03:37:11,572 [Listener at 0.0.0.0/41299] INFO  grpc.GrpcConfigKeys (ConfUtils.java:logGet(46)) - raft.grpc.client.port = -1 (default)
2022-06-01 03:37:11,572 [Listener at 0.0.0.0/41299] INFO  grpc.GrpcConfigKeys (ConfUtils.java:logGet(46)) - raft.grpc.server.port = 9872 (custom)
2022-06-01 03:37:11,572 [Listener at 0.0.0.0/41299] INFO  grpc.GrpcConfigKeys (ConfUtils.java:logGet(46)) - raft.grpc.server.port = 9872 (custom)
2022-06-01 03:37:11,573 [Listener at 0.0.0.0/41299] INFO  server.GrpcService (ConfUtils.java:logGet(46)) - raft.grpc.message.size.max = 33554432 (custom)
2022-06-01 03:37:11,573 [Listener at 0.0.0.0/41299] INFO  server.RaftServerConfigKeys (ConfUtils.java:logGet(46)) - raft.server.log.appender.buffer.byte-limit = 33554432 (custom)
2022-06-01 03:37:11,573 [Listener at 0.0.0.0/41299] INFO  server.GrpcService (ConfUtils.java:logGet(46)) - raft.grpc.flow.control.window = 1MB (=1048576) (default)
2022-06-01 03:37:11,573 [Listener at 0.0.0.0/41299] INFO  server.RaftServerConfigKeys (ConfUtils.java:logGet(46)) - raft.server.rpc.request.timeout = 3000ms (default)
2022-06-01 03:37:11,573 [Listener at 0.0.0.0/41299] INFO  grpc.GrpcConfigKeys (ConfUtils.java:logGet(46)) - raft.grpc.server.async.request.thread.pool.cached = true (default)
2022-06-01 03:37:11,573 [Listener at 0.0.0.0/41299] INFO  grpc.GrpcConfigKeys (ConfUtils.java:logGet(46)) - raft.grpc.server.async.request.thread.pool.size = 32 (default)
2022-06-01 03:37:11,575 [Listener at 0.0.0.0/41299] INFO  impl.DataStreamServerImpl (ConfUtils.java:logGet(46)) - raft.datastream.type = DISABLED (default)
2022-06-01 03:37:11,575 [Listener at 0.0.0.0/41299] INFO  server.RaftServerConfigKeys (ConfUtils.java:logGet(46)) - raft.server.threadpool.proxy.cached = true (default)
2022-06-01 03:37:11,575 [Listener at 0.0.0.0/41299] INFO  server.RaftServerConfigKeys (ConfUtils.java:logGet(46)) - raft.server.threadpool.proxy.size = 0 (default)
2022-06-01 03:37:11,575 [Listener at 0.0.0.0/41299] INFO  server.RaftServerConfigKeys (ConfUtils.java:logGet(46)) - raft.server.rpc.slowness.timeout = 120s (custom)
2022-06-01 03:37:11,575 [Listener at 0.0.0.0/41299] INFO  server.RaftServerConfigKeys (ConfUtils.java:logGet(46)) - raft.server.leaderelection.leader.step-down.wait-time = 10s (default)
2022-06-01 03:37:11,575 [Listener at 0.0.0.0/41299] INFO  server.RaftServerConfigKeys (ConfUtils.java:logGet(46)) - raft.server.storage.dir = [/home/runner/work/ozone/ozone/hadoop-ozone/integration-test/target/test-dir/MiniOzoneClusterImpl-4b678c8b-8030-41e6-be3d-72ad8167f4c6/ozone-meta/ratis] (custom)
2022-06-01 03:37:11,576 [Listener at 0.0.0.0/41299] INFO  server.RaftServer (RaftServerProxy.java:addNew(96)) - om1: addNew group-C5BA1605619E:[om1|rpc:localhost:9872|priority:0] returns group-C5BA1605619E:java.util.concurrent.CompletableFuture@78227f53[Not completed]
2022-06-01 03:37:11,576 [Listener at 0.0.0.0/41299] INFO  om.OzoneManager (OzoneManager.java:initializeRatisServer(1956)) - OzoneManager Ratis server initialized at port 9872
2022-06-01 03:37:11,577 [Listener at 0.0.0.0/41299] INFO  om.OzoneManager (OzoneManager.java:getRpcServer(1076)) - Creating RPC Server
2022-06-01 03:37:11,578 [pool-706-thread-1] INFO  server.RaftServer$Division (RaftServerImpl.java:<init>(190)) - om1: new RaftServerImpl for group-C5BA1605619E:[om1|rpc:localhost:9872|priority:0] with OzoneManagerStateMachine:uninitialized
2022-06-01 03:37:11,578 [pool-706-thread-1] INFO  server.RaftServerConfigKeys (ConfUtils.java:logGet(46)) - raft.server.rpc.timeout.min = 1s (custom)
2022-06-01 03:37:11,578 [pool-706-thread-1] INFO  server.RaftServerConfigKeys (ConfUtils.java:logGet(46)) - raft.server.rpc.timeout.max = 1200ms (custom)
2022-06-01 03:37:11,578 [pool-706-thread-1] INFO  server.RaftServerConfigKeys (ConfUtils.java:logGet(46)) - raft.server.rpc.sleep.time = 25ms (default)
2022-06-01 03:37:11,578 [pool-706-thread-1] INFO  server.RaftServerConfigKeys (ConfUtils.java:logGet(46)) - raft.server.rpc.slowness.timeout = 120s (custom)
2022-06-01 03:37:11,578 [pool-706-thread-1] INFO  server.RaftServerConfigKeys (ConfUtils.java:logGet(46)) - raft.server.leaderelection.leader.step-down.wait-time = 10s (default)
2022-06-01 03:37:11,578 [pool-706-thread-1] INFO  server.RaftServerConfigKeys (ConfUtils.java:logGet(46)) - raft.server.sleep.deviation.threshold = 300ms (default)
2022-06-01 03:37:11,578 [pool-706-thread-1] INFO  server.RaftServer$Division (ServerState.java:<init>(107)) - om1@group-C5BA1605619E: ConfigurationManager, init=-1: [om1|rpc:localhost:9872|priority:0], old=null, confs=<EMPTY_MAP>
2022-06-01 03:37:11,578 [pool-706-thread-1] INFO  server.RaftServerConfigKeys (ConfUtils.java:logGet(46)) - raft.server.storage.dir = [/home/runner/work/ozone/ozone/hadoop-ozone/integration-test/target/test-dir/MiniOzoneClusterImpl-4b678c8b-8030-41e6-be3d-72ad8167f4c6/ozone-meta/ratis] (custom)
2022-06-01 03:37:11,579 [pool-706-thread-1] INFO  server.RaftServerConfigKeys (ConfUtils.java:logGet(46)) - raft.server.log.corruption.policy = EXCEPTION (default)
2022-06-01 03:37:11,579 [pool-706-thread-1] INFO  server.RaftServerConfigKeys (ConfUtils.java:logGet(46)) - raft.server.storage.free-space.min = 0MB (=0) (default)
2022-06-01 03:37:11,579 [pool-706-thread-1] INFO  storage.RaftStorageDirectory (RaftStorageDirectoryImpl.java:analyzeStorage(135)) - The storage directory /home/runner/work/ozone/ozone/hadoop-ozone/integration-test/target/test-dir/MiniOzoneClusterImpl-4b678c8b-8030-41e6-be3d-72ad8167f4c6/ozone-meta/ratis/bf265839-605b-3f16-9796-c5ba1605619e does not exist. Creating ...
2022-06-01 03:37:11,584 [pool-706-thread-1] INFO  storage.RaftStorageDirectory (RaftStorageDirectoryImpl.java:tryLock(230)) - Lock on /home/runner/work/ozone/ozone/hadoop-ozone/integration-test/target/test-dir/MiniOzoneClusterImpl-4b678c8b-8030-41e6-be3d-72ad8167f4c6/ozone-meta/ratis/bf265839-605b-3f16-9796-c5ba1605619e/in_use.lock acquired by nodename 14781@fv-az151-582
2022-06-01 03:37:11,585 [pool-706-thread-1] INFO  storage.RaftStorage (RaftStorageImpl.java:format(89)) - Storage directory /home/runner/work/ozone/ozone/hadoop-ozone/integration-test/target/test-dir/MiniOzoneClusterImpl-4b678c8b-8030-41e6-be3d-72ad8167f4c6/ozone-meta/ratis/bf265839-605b-3f16-9796-c5ba1605619e has been successfully formatted.
2022-06-01 03:37:11,586 [pool-706-thread-1] INFO  server.RaftServerConfigKeys (ConfUtils.java:logGet(46)) - raft.server.notification.no-leader.timeout = 120s (custom)
2022-06-01 03:37:11,586 [pool-706-thread-1] INFO  server.RaftServerConfigKeys (ConfUtils.java:logGet(46)) - raft.server.log.use.memory = false (default)
2022-06-01 03:37:11,586 [pool-706-thread-1] INFO  server.RaftServerConfigKeys (ConfUtils.java:logGet(46)) - raft.server.log.purge.gap = 1000000 (custom)
2022-06-01 03:37:11,586 [pool-706-thread-1] INFO  server.RaftServerConfigKeys (ConfUtils.java:logGet(46)) - raft.server.log.appender.buffer.byte-limit = 33554432 (custom)
2022-06-01 03:37:11,586 [pool-706-thread-1] INFO  server.RaftServerConfigKeys (ConfUtils.java:logGet(46)) - raft.server.log.statemachine.data.read.timeout = 1000ms (default)
2022-06-01 03:37:11,586 [pool-706-thread-1] INFO  server.RaftServerConfigKeys (ConfUtils.java:logGet(46)) - raft.server.log.segment.size.max = 4194304 (custom)
2022-06-01 03:37:11,586 [pool-706-thread-1] INFO  server.RaftServerConfigKeys (ConfUtils.java:logGet(46)) - raft.server.log.segment.cache.num.max = 2 (custom)
2022-06-01 03:37:11,586 [pool-706-thread-1] INFO  server.RaftServerConfigKeys (ConfUtils.java:logGet(46)) - raft.server.log.segment.cache.size.max = 200MB (=209715200) (default)
2022-06-01 03:37:11,586 [pool-706-thread-1] INFO  segmented.SegmentedRaftLogWorker (SegmentedRaftLogWorker.java:<init>(187)) - new om1@group-C5BA1605619E-SegmentedRaftLogWorker for RaftStorageImpl:Storage Directory /home/runner/work/ozone/ozone/hadoop-ozone/integration-test/target/test-dir/MiniOzoneClusterImpl-4b678c8b-8030-41e6-be3d-72ad8167f4c6/ozone-meta/ratis/bf265839-605b-3f16-9796-c5ba1605619e
2022-06-01 03:37:11,587 [pool-706-thread-1] INFO  server.RaftServerConfigKeys (ConfUtils.java:logGet(46)) - raft.server.log.queue.byte-limit = 64MB (=67108864) (default)
2022-06-01 03:37:11,587 [pool-706-thread-1] INFO  server.RaftServerConfigKeys (ConfUtils.java:logGet(46)) - raft.server.log.queue.element-limit = 4096 (default)
2022-06-01 03:37:11,587 [pool-706-thread-1] INFO  server.RaftServerConfigKeys (ConfUtils.java:logGet(46)) - raft.server.log.segment.size.max = 4194304 (custom)
2022-06-01 03:37:11,587 [pool-706-thread-1] INFO  server.RaftServerConfigKeys (ConfUtils.java:logGet(46)) - raft.server.log.preallocated.size = 4194304 (custom)
2022-06-01 03:37:11,587 [pool-706-thread-1] INFO  server.RaftServerConfigKeys (ConfUtils.java:logGet(46)) - raft.server.log.force.sync.num = 128 (default)
2022-06-01 03:37:11,587 [pool-706-thread-1] INFO  server.RaftServerConfigKeys (ConfUtils.java:logGet(46)) - raft.server.log.statemachine.data.sync = true (default)
2022-06-01 03:37:11,587 [pool-706-thread-1] INFO  server.RaftServerConfigKeys (ConfUtils.java:logGet(46)) - raft.server.log.statemachine.data.sync.timeout = 10s (default)
2022-06-01 03:37:11,587 [pool-706-thread-1] INFO  server.RaftServerConfigKeys (ConfUtils.java:logGet(46)) - raft.server.log.statemachine.data.sync.timeout.retry = -1 (default)
2022-06-01 03:37:11,608 [pool-706-thread-1] INFO  server.RaftServerConfigKeys (ConfUtils.java:logGet(46)) - raft.server.log.write.buffer.size = 64KB (=65536) (default)
2022-06-01 03:37:11,608 [pool-706-thread-1] INFO  server.RaftServerConfigKeys (ConfUtils.java:logGet(46)) - raft.server.log.unsafe-flush.enabled = false (default)
2022-06-01 03:37:11,608 [pool-706-thread-1] INFO  server.RaftServerConfigKeys (ConfUtils.java:logGet(46)) - raft.server.log.statemachine.data.caching.enabled = false (default)
2022-06-01 03:37:11,608 [pool-706-thread-1] INFO  segmented.SegmentedRaftLogWorker (SegmentedRaftLogWorker.java:lambda$new$0(135)) - om1@group-C5BA1605619E-SegmentedRaftLogWorker: flushIndex: setUnconditionally 0 -> -1
2022-06-01 03:37:11,608 [pool-706-thread-1] INFO  segmented.SegmentedRaftLogWorker (SegmentedRaftLogWorker.java:lambda$new$0(135)) - om1@group-C5BA1605619E-SegmentedRaftLogWorker: safeCacheEvictIndex: setUnconditionally 0 -> -1
2022-06-01 03:37:11,632 [pool-706-thread-1] INFO  server.RaftServerConfigKeys (ConfUtils.java:logGet(46)) - raft.server.snapshot.auto.trigger.enabled = true (custom)
2022-06-01 03:37:11,632 [pool-706-thread-1] INFO  server.RaftServerConfigKeys (ConfUtils.java:logGet(46)) - raft.server.snapshot.auto.trigger.threshold = 400000 (default)
2022-06-01 03:37:11,632 [pool-706-thread-1] INFO  server.RaftServerConfigKeys (ConfUtils.java:logGet(46)) - raft.server.snapshot.retention.file.num = -1 (default)
2022-06-01 03:37:11,632 [pool-706-thread-1] INFO  server.RaftServerConfigKeys (ConfUtils.java:logGet(46)) - raft.server.log.purge.upto.snapshot.index = true (custom)
2022-06-01 03:37:11,632 [pool-706-thread-1] INFO  server.RaftServerConfigKeys (ConfUtils.java:logGet(46)) - raft.server.retrycache.expirytime = 300s (custom)
2022-06-01 03:37:11,632 [pool-706-thread-1] INFO  server.RaftServerConfigKeys (ConfUtils.java:logGet(46)) - raft.server.retrycache.statistics.expirytime = 100μs (default)
2022-06-01 03:37:11,633 [pool-706-thread-1] INFO  server.RaftServerConfigKeys (ConfUtils.java:logGet(46)) - raft.server.log.appender.install.snapshot.enabled = false (custom)
2022-06-01 03:37:11,633 [pool-706-thread-1] INFO  server.RaftServerConfigKeys (ConfUtils.java:logGet(46)) - raft.server.threadpool.server.cached = true (default)
2022-06-01 03:37:11,633 [pool-706-thread-1] INFO  server.RaftServerConfigKeys (ConfUtils.java:logGet(46)) - raft.server.threadpool.server.size = 0 (default)
2022-06-01 03:37:11,633 [pool-706-thread-1] INFO  server.RaftServerConfigKeys (ConfUtils.java:logGet(46)) - raft.server.threadpool.client.cached = true (default)
2022-06-01 03:37:11,633 [pool-706-thread-1] INFO  server.RaftServerConfigKeys (ConfUtils.java:logGet(46)) - raft.server.threadpool.client.size = 0 (default)
2022-06-01 03:37:12,613 [Listener at 0.0.0.0/41299] INFO  reflections.Reflections (Reflections.java:scan(232)) - Reflections took 1035 ms to scan 19 urls, producing 61 keys and 3824 values [using 2 cores]
2022-06-01 03:37:12,614 [Listener at 0.0.0.0/41299] INFO  ipc.CallQueueManager (CallQueueManager.java:<init>(90)) - Using callQueue: class java.util.concurrent.LinkedBlockingQueue, queueCapacity: 2000, scheduler: class org.apache.hadoop.ipc.DefaultRpcScheduler, ipcBackoff: false.
2022-06-01 03:37:12,661 [Socket Reader #1 for port 0] INFO  ipc.Server (Server.java:run(1265)) - Starting Socket Reader #1 for port 0
2022-06-01 03:37:12,743 [Listener at 127.0.0.1/42459] INFO  impl.MetricsSystemImpl (MetricsSystemImpl.java:init(158)) - OzoneManager metrics system started (again)
2022-06-01 03:37:12,767 [Listener at 127.0.0.1/42459] INFO  om.OzoneManager (OzoneManager.java:start(1460)) - OzoneManager RPC server is listening at localhost/127.0.0.1:42459
2022-06-01 03:37:12,767 [Listener at 127.0.0.1/42459] INFO  ratis.OzoneManagerRatisServer (OzoneManagerRatisServer.java:start(554)) - Starting OzoneManagerRatisServer om1 at port 9872
2022-06-01 03:37:12,768 [om1-impl-thread1] INFO  server.RaftServer$Division (RaftServerImpl.java:start(310)) - om1@group-C5BA1605619E: start as a follower, conf=-1: [om1|rpc:localhost:9872|priority:0], old=null
2022-06-01 03:37:12,768 [om1-impl-thread1] INFO  server.RaftServer$Division (RaftServerImpl.java:setRole(299)) - om1@group-C5BA1605619E: changes role from      null to FOLLOWER at term 0 for startAsFollower
2022-06-01 03:37:12,768 [om1-impl-thread1] INFO  impl.RoleInfo (RoleInfo.java:updateAndGet(139)) - om1: start om1@group-C5BA1605619E-FollowerState
2022-06-01 03:37:12,768 [om1-impl-thread1] INFO  util.JmxRegister (JmxRegister.java:tryRegister(44)) - Successfully registered JMX Bean with object name Ratis:service=RaftServer,group=group-C5BA1605619E,id=om1
2022-06-01 03:37:12,772 [Listener at 127.0.0.1/42459] INFO  server.RaftServer (RaftServerProxy.java:lambda$start$6(382)) - om1: start RPC server
2022-06-01 03:37:12,833 [Listener at 127.0.0.1/42459] INFO  server.GrpcService (GrpcService.java:startImpl(260)) - om1: GrpcService started, listening on 9872
2022-06-01 03:37:12,844 [Listener at 127.0.0.1/42459] INFO  om.OzoneManager (OzoneManager.java:start(1476)) - Version File has different layout version (3) than OM DB (null). That is expected if this OM has never been finalized to a newer layout version.
2022-06-01 03:37:12,844 [org.apache.ratis.util.JvmPauseMonitor$$Lambda$677/1664655596@79befb56] INFO  util.JvmPauseMonitor (JvmPauseMonitor.java:run(103)) - JvmPauseMonitor-om1: Started
2022-06-01 03:37:12,872 [Listener at 127.0.0.1/42459] INFO  http.BaseHttpServer (BaseHttpServer.java:newHttpServer2BuilderForOzone(209)) - Starting Web-server for ozoneManager at: http://0.0.0.0:0
2022-06-01 03:37:12,872 [Listener at 127.0.0.1/42459] INFO  http.BaseHttpServer (BaseHttpServer.java:<init>(107)) - Hadoop Security Enabled: false Ozone Security Enabled: false Ozone HTTP Security Enabled: false 
2022-06-01 03:37:12,873 [Listener at 127.0.0.1/42459] INFO  server.AuthenticationFilter (AuthenticationFilter.java:constructSecretProvider(240)) - Unable to initialize FileSignerSecretProvider, falling back to use random secrets.
2022-06-01 03:37:12,897 [Listener at 127.0.0.1/42459] WARN  http.HttpRequestLog (HttpRequestLog.java:getRequestLog(103)) - Jetty request log can only be enabled using Log4j
2022-06-01 03:37:12,898 [Listener at 127.0.0.1/42459] INFO  http.HttpServer2 (HttpServer2.java:addGlobalFilter(1030)) - Added global filter 'safety' (class=org.apache.hadoop.hdds.server.http.HttpServer2$QuotingInputFilter)
2022-06-01 03:37:12,899 [Listener at 127.0.0.1/42459] INFO  http.HttpServer2 (HttpServer2.java:addFilter(1006)) - Added filter static_user_filter (class=org.apache.hadoop.http.lib.StaticUserWebFilter$StaticUserFilter) to context ozoneManager
2022-06-01 03:37:12,899 [Listener at 127.0.0.1/42459] INFO  http.HttpServer2 (HttpServer2.java:addFilter(1014)) - Added filter static_user_filter (class=org.apache.hadoop.http.lib.StaticUserWebFilter$StaticUserFilter) to context static
2022-06-01 03:37:12,899 [Listener at 127.0.0.1/42459] INFO  http.HttpServer2 (HttpServer2.java:addFilter(1014)) - Added filter static_user_filter (class=org.apache.hadoop.http.lib.StaticUserWebFilter$StaticUserFilter) to context logs
2022-06-01 03:37:12,899 [Listener at 127.0.0.1/42459] INFO  http.HttpServer2 (HttpServer2.java:bindListener(1249)) - Jetty bound to port 42585
2022-06-01 03:37:12,900 [Listener at 127.0.0.1/42459] INFO  server.Server (Server.java:doStart(375)) - jetty-9.4.43.v20210629; built: 2021-06-30T11:07:22.254Z; git: 526006ecfa3af7f1a27ef3a288e2bef7ea9dd7e8; jvm 1.8.0_332-b09
2022-06-01 03:37:12,923 [Listener at 127.0.0.1/42459] INFO  server.session (DefaultSessionIdManager.java:doStart(334)) - DefaultSessionIdManager workerName=node0
2022-06-01 03:37:12,923 [Listener at 127.0.0.1/42459] INFO  server.session (DefaultSessionIdManager.java:doStart(339)) - No SessionScavenger set, using defaults
2022-06-01 03:37:12,923 [Listener at 127.0.0.1/42459] INFO  server.session (HouseKeeper.java:startScavenging(132)) - node0 Scavenging every 600000ms
2022-06-01 03:37:12,933 [Listener at 127.0.0.1/42459] INFO  handler.ContextHandler (ContextHandler.java:doStart(915)) - Started o.e.j.s.ServletContextHandler@2a0c26d9{logs,/logs,file:///home/runner/work/ozone/ozone/hadoop-ozone/integration-test/target/log,AVAILABLE}
2022-06-01 03:37:12,933 [Listener at 127.0.0.1/42459] INFO  handler.ContextHandler (ContextHandler.java:doStart(915)) - Started o.e.j.s.ServletContextHandler@1b574b87{static,/static,file:///home/runner/work/ozone/ozone/hadoop-ozone/integration-test/target/test-classes/webapps/static,AVAILABLE}
2022-06-01 03:37:12,936 [Listener at 127.0.0.1/42459] INFO  handler.ContextHandler (ContextHandler.java:doStart(915)) - Started o.e.j.w.WebAppContext@662b44b2{ozoneManager,/,file:///home/runner/work/ozone/ozone/hadoop-ozone/integration-test/target/test-classes/webapps/ozoneManager/,AVAILABLE}{file:/home/runner/work/ozone/ozone/hadoop-ozone/integration-test/target/test-classes/webapps/ozoneManager}
2022-06-01 03:37:12,960 [Listener at 127.0.0.1/42459] INFO  server.AbstractConnector (AbstractConnector.java:doStart(331)) - Started ServerConnector@10a47166{HTTP/1.1, (http/1.1)}{0.0.0.0:42585}
2022-06-01 03:37:12,960 [Listener at 127.0.0.1/42459] INFO  server.Server (Server.java:doStart(415)) - Started @196094ms
2022-06-01 03:37:12,960 [Listener at 127.0.0.1/42459] WARN  impl.MetricsSystemImpl (MetricsSystemImpl.java:register(279)) - Sink prometheus already exists!
2022-06-01 03:37:12,964 [Listener at 127.0.0.1/42459] INFO  http.BaseHttpServer (BaseHttpServer.java:updateConnectorAddress(329)) - HTTP server of ozoneManager listening at http://0.0.0.0:42585
2022-06-01 03:37:12,971 [IPC Server Responder] INFO  ipc.Server (Server.java:run(1507)) - IPC Server Responder: starting
2022-06-01 03:37:12,980 [IPC Server listener on 0] INFO  ipc.Server (Server.java:run(1344)) - IPC Server listener on 0: starting
2022-06-01 03:37:12,997 [Listener at 127.0.0.1/42459] INFO  om.OzoneManager (OzoneManager.java:startTrashEmptier(1900)) - Trash Interval set to 0. Files deleted won't move to trash
2022-06-01 03:37:13,051 [org.apache.hadoop.util.JvmPauseMonitor$Monitor@1f87e610] INFO  util.JvmPauseMonitor (JvmPauseMonitor.java:run(188)) - Starting JVM pause monitor
2022-06-01 03:37:13,064 [Listener at 127.0.0.1/42459] WARN  impl.MetricRegistriesImpl (MetricRegistriesImpl.java:addReporterRegistration(111)) - New reporters are added after registries were created. Some metrics will be missing from the reporter. Please add reporter before adding any new registry.
2022-06-01 03:37:13,064 [Listener at 127.0.0.1/42459] WARN  impl.MetricRegistriesImpl (MetricRegistriesImpl.java:addReporterRegistration(111)) - New reporters are added after registries were created. Some metrics will be missing from the reporter. Please add reporter before adding any new registry.
2022-06-01 03:37:13,064 [Listener at 127.0.0.1/42459] INFO  impl.MetricsSystemImpl (MetricsSystemImpl.java:init(158)) - HddsDatanode metrics system started (again)
2022-06-01 03:37:13,122 [Listener at 127.0.0.1/42459] INFO  ozone.HddsDatanodeService (HddsDatanodeService.java:start(236)) - HddsDatanodeService host:fv-az151-582.yf2hydr00wburbhx3j5hxtcipe.bx.internal.cloudapp.net ip:10.1.0.5
2022-06-01 03:37:13,188 [Listener at 127.0.0.1/42459] INFO  upgrade.AbstractLayoutVersionManager (AbstractLayoutVersionManager.java:init(79)) - Initializing Layout version manager with metadata layout = ERASURE_CODED_STORAGE_SUPPORT (version = 3), software layout = ERASURE_CODED_STORAGE_SUPPORT (version = 3)
2022-06-01 03:37:13,281 [Listener at 127.0.0.1/42459] INFO  reflections.Reflections (Reflections.java:scan(232)) - Reflections took 92 ms to scan 7 urls, producing 127 keys and 292 values 
2022-06-01 03:37:13,282 [Listener at 127.0.0.1/42459] INFO  statemachine.DatanodeStateMachine (DatanodeStateMachine.java:getEndPointTaskThreadPoolSize(233)) - Datanode State Machine Task Thread Pool size 2
2022-06-01 03:37:13,285 [Listener at 127.0.0.1/42459] INFO  volume.HddsVolume (HddsVolume.java:<init>(120)) - Creating HddsVolume: /home/runner/work/ozone/ozone/hadoop-ozone/integration-test/target/test-dir/MiniOzoneClusterImpl-4b678c8b-8030-41e6-be3d-72ad8167f4c6/datanode-0/data-0/containers/hdds of storage type : DISK capacity : 9223372036854775807
2022-06-01 03:37:13,286 [Listener at 127.0.0.1/42459] INFO  volume.MutableVolumeSet (MutableVolumeSet.java:initializeVolumeSet(168)) - Added Volume : /home/runner/work/ozone/ozone/hadoop-ozone/integration-test/target/test-dir/MiniOzoneClusterImpl-4b678c8b-8030-41e6-be3d-72ad8167f4c6/datanode-0/data-0/containers/hdds to VolumeSet
2022-06-01 03:37:13,286 [Listener at 127.0.0.1/42459] INFO  volume.ThrottledAsyncChecker (ThrottledAsyncChecker.java:schedule(141)) - Scheduling a check for /home/runner/work/ozone/ozone/hadoop-ozone/integration-test/target/test-dir/MiniOzoneClusterImpl-4b678c8b-8030-41e6-be3d-72ad8167f4c6/datanode-0/data-0/containers/hdds
2022-06-01 03:37:13,286 [Listener at 127.0.0.1/42459] INFO  volume.StorageVolumeChecker (StorageVolumeChecker.java:checkAllVolumes(202)) - Scheduled health check for volume /home/runner/work/ozone/ozone/hadoop-ozone/integration-test/target/test-dir/MiniOzoneClusterImpl-4b678c8b-8030-41e6-be3d-72ad8167f4c6/datanode-0/data-0/containers/hdds
2022-06-01 03:37:13,306 [Listener at 127.0.0.1/42459] INFO  volume.MutableVolumeSet (MutableVolumeSet.java:initializeVolumeSet(168)) - Added Volume : /home/runner/work/ozone/ozone/hadoop-ozone/integration-test/target/test-dir/MiniOzoneClusterImpl-4b678c8b-8030-41e6-be3d-72ad8167f4c6/datanode-0/data/ratis to VolumeSet
2022-06-01 03:37:13,306 [Listener at 127.0.0.1/42459] INFO  volume.ThrottledAsyncChecker (ThrottledAsyncChecker.java:schedule(141)) - Scheduling a check for /home/runner/work/ozone/ozone/hadoop-ozone/integration-test/target/test-dir/MiniOzoneClusterImpl-4b678c8b-8030-41e6-be3d-72ad8167f4c6/datanode-0/data/ratis
2022-06-01 03:37:13,307 [Listener at 127.0.0.1/42459] INFO  volume.StorageVolumeChecker (StorageVolumeChecker.java:checkAllVolumes(202)) - Scheduled health check for volume /home/runner/work/ozone/ozone/hadoop-ozone/integration-test/target/test-dir/MiniOzoneClusterImpl-4b678c8b-8030-41e6-be3d-72ad8167f4c6/datanode-0/data/ratis
2022-06-01 03:37:13,358 [Thread-1437] INFO  ozoneimpl.ContainerReader (ContainerReader.java:readVolume(172)) - Finish verifying containers on volume /home/runner/work/ozone/ozone/hadoop-ozone/integration-test/target/test-dir/MiniOzoneClusterImpl-4b678c8b-8030-41e6-be3d-72ad8167f4c6/datanode-0/data-0/containers/hdds
2022-06-01 03:37:13,358 [Listener at 127.0.0.1/42459] INFO  ozoneimpl.OzoneContainer (OzoneContainer.java:buildContainerSet(257)) - Build ContainerSet costs 0s
2022-06-01 03:37:13,385 [Listener at 127.0.0.1/42459] INFO  server.RaftServer (ConfUtils.java:logGet(46)) - raft.rpc.type = GRPC (default)
2022-06-01 03:37:13,385 [Listener at 127.0.0.1/42459] INFO  grpc.GrpcFactory (GrpcFactory.java:checkPooledByteBufAllocatorUseCacheForAllThreads(48)) - PERFORMANCE WARNING: useCacheForAllThreads is true that may cause Netty to create a lot garbage objects and, as a result, trigger GC.
	It is recommended to disable useCacheForAllThreads by setting -Dorg.apache.ratis.thirdparty.io.netty.allocator.useCacheForAllThreads=false in command line.
2022-06-01 03:37:13,386 [Listener at 127.0.0.1/42459] INFO  grpc.GrpcConfigKeys (ConfUtils.java:logGet(46)) - raft.grpc.admin.port = 0 (custom)
2022-06-01 03:37:13,386 [Listener at 127.0.0.1/42459] INFO  grpc.GrpcConfigKeys (ConfUtils.java:logGet(46)) - raft.grpc.client.port = 0 (custom)
2022-06-01 03:37:13,386 [Listener at 127.0.0.1/42459] INFO  grpc.GrpcConfigKeys (ConfUtils.java:logGet(46)) - raft.grpc.server.port = 0 (default)
2022-06-01 03:37:13,386 [Listener at 127.0.0.1/42459] INFO  server.GrpcService (ConfUtils.java:logGet(46)) - raft.grpc.message.size.max = 32MB (=33554432) (custom)
2022-06-01 03:37:13,386 [Listener at 127.0.0.1/42459] INFO  server.RaftServerConfigKeys (ConfUtils.java:logGet(46)) - raft.server.log.appender.buffer.byte-limit = 33554432 (custom)
2022-06-01 03:37:13,386 [Listener at 127.0.0.1/42459] INFO  server.GrpcService (ConfUtils.java:logGet(46)) - raft.grpc.flow.control.window = 5MB (=5242880) (custom)
2022-06-01 03:37:13,386 [Listener at 127.0.0.1/42459] INFO  server.RaftServerConfigKeys (ConfUtils.java:logGet(46)) - raft.server.rpc.request.timeout = 60s (custom)
2022-06-01 03:37:13,386 [Listener at 127.0.0.1/42459] INFO  grpc.GrpcConfigKeys (ConfUtils.java:logGet(46)) - raft.grpc.server.async.request.thread.pool.cached = true (default)
2022-06-01 03:37:13,386 [Listener at 127.0.0.1/42459] INFO  grpc.GrpcConfigKeys (ConfUtils.java:logGet(46)) - raft.grpc.server.async.request.thread.pool.size = 32 (default)
2022-06-01 03:37:13,388 [Listener at 127.0.0.1/42459] INFO  impl.DataStreamServerImpl (ConfUtils.java:logGet(46)) - raft.datastream.type = DISABLED (default)
2022-06-01 03:37:13,388 [Listener at 127.0.0.1/42459] INFO  server.RaftServerConfigKeys (ConfUtils.java:logGet(46)) - raft.server.threadpool.proxy.cached = true (default)
2022-06-01 03:37:13,388 [Listener at 127.0.0.1/42459] INFO  server.RaftServerConfigKeys (ConfUtils.java:logGet(46)) - raft.server.threadpool.proxy.size = 0 (default)
2022-06-01 03:37:13,388 [Listener at 127.0.0.1/42459] INFO  server.RaftServerConfigKeys (ConfUtils.java:logGet(46)) - raft.server.rpc.slowness.timeout = 300s (custom)
2022-06-01 03:37:13,389 [Listener at 127.0.0.1/42459] INFO  server.RaftServerConfigKeys (ConfUtils.java:logGet(46)) - raft.server.leaderelection.leader.step-down.wait-time = 10s (default)
2022-06-01 03:37:13,389 [Listener at 127.0.0.1/42459] INFO  server.RaftServerConfigKeys (ConfUtils.java:logGet(46)) - raft.server.storage.dir = [/home/runner/work/ozone/ozone/hadoop-ozone/integration-test/target/test-dir/MiniOzoneClusterImpl-4b678c8b-8030-41e6-be3d-72ad8167f4c6/datanode-0/data/ratis] (custom)
2022-06-01 03:37:13,390 [Listener at 127.0.0.1/42459] INFO  server.XceiverServerGrpc (XceiverServerGrpc.java:<init>(132)) - GrpcServer channel type EpollServerSocketChannel
2022-06-01 03:37:13,434 [Listener at 127.0.0.1/42459] INFO  http.BaseHttpServer (BaseHttpServer.java:newHttpServer2BuilderForOzone(209)) - Starting Web-server for hddsDatanode at: http://0.0.0.0:0
2022-06-01 03:37:13,434 [Listener at 127.0.0.1/42459] INFO  http.BaseHttpServer (BaseHttpServer.java:<init>(107)) - Hadoop Security Enabled: false Ozone Security Enabled: false Ozone HTTP Security Enabled: false 
2022-06-01 03:37:13,435 [Listener at 127.0.0.1/42459] INFO  server.AuthenticationFilter (AuthenticationFilter.java:constructSecretProvider(240)) - Unable to initialize FileSignerSecretProvider, falling back to use random secrets.
2022-06-01 03:37:13,460 [Listener at 127.0.0.1/42459] WARN  http.HttpRequestLog (HttpRequestLog.java:getRequestLog(103)) - Jetty request log can only be enabled using Log4j
2022-06-01 03:37:13,460 [Listener at 127.0.0.1/42459] INFO  http.HttpServer2 (HttpServer2.java:addGlobalFilter(1030)) - Added global filter 'safety' (class=org.apache.hadoop.hdds.server.http.HttpServer2$QuotingInputFilter)
2022-06-01 03:37:13,461 [Listener at 127.0.0.1/42459] INFO  http.HttpServer2 (HttpServer2.java:addFilter(1006)) - Added filter static_user_filter (class=org.apache.hadoop.http.lib.StaticUserWebFilter$StaticUserFilter) to context hddsDatanode
2022-06-01 03:37:13,461 [Listener at 127.0.0.1/42459] INFO  http.HttpServer2 (HttpServer2.java:addFilter(1014)) - Added filter static_user_filter (class=org.apache.hadoop.http.lib.StaticUserWebFilter$StaticUserFilter) to context logs
2022-06-01 03:37:13,461 [Listener at 127.0.0.1/42459] INFO  http.HttpServer2 (HttpServer2.java:addFilter(1014)) - Added filter static_user_filter (class=org.apache.hadoop.http.lib.StaticUserWebFilter$StaticUserFilter) to context static
2022-06-01 03:37:13,462 [Listener at 127.0.0.1/42459] INFO  http.HttpServer2 (HttpServer2.java:bindListener(1249)) - Jetty bound to port 34303
2022-06-01 03:37:13,462 [Listener at 127.0.0.1/42459] INFO  server.Server (Server.java:doStart(375)) - jetty-9.4.43.v20210629; built: 2021-06-30T11:07:22.254Z; git: 526006ecfa3af7f1a27ef3a288e2bef7ea9dd7e8; jvm 1.8.0_332-b09
2022-06-01 03:37:13,564 [Listener at 127.0.0.1/42459] INFO  server.session (DefaultSessionIdManager.java:doStart(334)) - DefaultSessionIdManager workerName=node0
2022-06-01 03:37:13,565 [Listener at 127.0.0.1/42459] INFO  server.session (DefaultSessionIdManager.java:doStart(339)) - No SessionScavenger set, using defaults
2022-06-01 03:37:13,565 [Listener at 127.0.0.1/42459] INFO  server.session (HouseKeeper.java:startScavenging(132)) - node0 Scavenging every 600000ms
2022-06-01 03:37:13,575 [Listener at 127.0.0.1/42459] INFO  handler.ContextHandler (ContextHandler.java:doStart(915)) - Started o.e.j.s.ServletContextHandler@1ee957{logs,/logs,file:///home/runner/work/ozone/ozone/hadoop-ozone/integration-test/target/log,AVAILABLE}
2022-06-01 03:37:13,576 [Listener at 127.0.0.1/42459] INFO  handler.ContextHandler (ContextHandler.java:doStart(915)) - Started o.e.j.s.ServletContextHandler@262d3026{static,/static,jar:file:/home/runner/.m2/repository/org/apache/ozone/hdds-container-service/1.3.0-SNAPSHOT/hdds-container-service-1.3.0-SNAPSHOT.jar!/webapps/static,AVAILABLE}
2022-06-01 03:37:13,772 [om1@group-C5BA1605619E-FollowerState] INFO  impl.FollowerState (FollowerState.java:run(143)) - om1@group-C5BA1605619E-FollowerState: change to CANDIDATE, lastRpcElapsedTime:1004228601ns, electionTimeout:1001ms
2022-06-01 03:37:13,772 [om1@group-C5BA1605619E-FollowerState] INFO  impl.RoleInfo (RoleInfo.java:shutdownFollowerState(110)) - om1: shutdown om1@group-C5BA1605619E-FollowerState
2022-06-01 03:37:13,772 [om1@group-C5BA1605619E-FollowerState] INFO  server.RaftServer$Division (RaftServerImpl.java:setRole(299)) - om1@group-C5BA1605619E: changes role from  FOLLOWER to CANDIDATE at term 0 for changeToCandidate
2022-06-01 03:37:13,772 [om1@group-C5BA1605619E-FollowerState] INFO  server.RaftServerConfigKeys (ConfUtils.java:logGet(46)) - raft.server.leaderelection.pre-vote = false (custom)
2022-06-01 03:37:13,773 [om1@group-C5BA1605619E-FollowerState] INFO  impl.RoleInfo (RoleInfo.java:updateAndGet(139)) - om1: start om1@group-C5BA1605619E-LeaderElection51
2022-06-01 03:37:13,880 [om1@group-C5BA1605619E-LeaderElection51] INFO  impl.LeaderElection (LeaderElection.java:askForVotes(310)) - om1@group-C5BA1605619E-LeaderElection51 ELECTION round 0: submit vote requests at term 1 for -1: [om1|rpc:localhost:9872|priority:0], old=null
2022-06-01 03:37:13,880 [om1@group-C5BA1605619E-LeaderElection51] INFO  impl.LeaderElection (LeaderElection.java:askForVotes(312)) - om1@group-C5BA1605619E-LeaderElection51 ELECTION round 0: result PASSED (term=1)
2022-06-01 03:37:13,880 [om1@group-C5BA1605619E-LeaderElection51] INFO  impl.RoleInfo (RoleInfo.java:shutdownLeaderElection(130)) - om1: shutdown om1@group-C5BA1605619E-LeaderElection51
2022-06-01 03:37:13,880 [om1@group-C5BA1605619E-LeaderElection51] INFO  server.RaftServer$Division (RaftServerImpl.java:setRole(299)) - om1@group-C5BA1605619E: changes role from CANDIDATE to LEADER at term 1 for changeToLeader
2022-06-01 03:37:13,888 [om1@group-C5BA1605619E-LeaderElection51] INFO  server.RaftServer$Division (ServerState.java:setLeader(287)) - om1@group-C5BA1605619E: change Leader from null to om1 at term 1 for becomeLeader, leader elected after 2302ms
2022-06-01 03:37:13,888 [om1@group-C5BA1605619E-LeaderElection51] INFO  server.RaftServerConfigKeys (ConfUtils.java:logGet(46)) - raft.server.staging.catchup.gap = 1000 (default)
2022-06-01 03:37:13,889 [om1@group-C5BA1605619E-LeaderElection51] INFO  server.RaftServerConfigKeys (ConfUtils.java:logGet(46)) - raft.server.write.element-limit = 4096 (default)
2022-06-01 03:37:13,889 [om1@group-C5BA1605619E-LeaderElection51] INFO  server.RaftServerConfigKeys (ConfUtils.java:logGet(46)) - raft.server.write.byte-limit = 64MB (=67108864) (default)
2022-06-01 03:37:13,889 [om1@group-C5BA1605619E-LeaderElection51] INFO  server.RaftServerConfigKeys (ConfUtils.java:logGet(46)) - raft.server.watch.timeout = 10s (default)
2022-06-01 03:37:13,889 [om1@group-C5BA1605619E-LeaderElection51] INFO  server.RaftServerConfigKeys (ConfUtils.java:logGet(46)) - raft.server.watch.timeout.denomination = 1s (default)
2022-06-01 03:37:13,889 [om1@group-C5BA1605619E-LeaderElection51] INFO  server.RaftServerConfigKeys (ConfUtils.java:logGet(46)) - raft.server.watch.element-limit = 65536 (default)
2022-06-01 03:37:13,889 [om1@group-C5BA1605619E-LeaderElection51] INFO  server.RaftServerConfigKeys (ConfUtils.java:logGet(46)) - raft.server.write.element-limit = 4096 (default)
2022-06-01 03:37:13,889 [om1@group-C5BA1605619E-LeaderElection51] INFO  server.RaftServerConfigKeys (ConfUtils.java:logGet(46)) - raft.server.write.follower.gap.ratio.max = -1.0 (default)
2022-06-01 03:37:13,889 [om1@group-C5BA1605619E-LeaderElection51] INFO  impl.RoleInfo (RoleInfo.java:updateAndGet(139)) - om1: start om1@group-C5BA1605619E-LeaderStateImpl
2022-06-01 03:37:13,890 [om1@group-C5BA1605619E-LeaderElection51] INFO  segmented.SegmentedRaftLogWorker (SegmentedRaftLogWorker.java:startLogSegment(425)) - om1@group-C5BA1605619E-SegmentedRaftLogWorker: Starting segment from index:0
2022-06-01 03:37:13,898 [om1@group-C5BA1605619E-LeaderElection51] INFO  server.RaftServer$Division (ServerState.java:setRaftConf(393)) - om1@group-C5BA1605619E: set configuration 0: [om1|rpc:localhost:9872|admin:|client:|dataStream:|priority:0], old=null
2022-06-01 03:37:13,904 [om1@group-C5BA1605619E-SegmentedRaftLogWorker] INFO  segmented.SegmentedRaftLogWorker (SegmentedRaftLogWorker.java:execute(629)) - om1@group-C5BA1605619E-SegmentedRaftLogWorker: created new log segment /home/runner/work/ozone/ozone/hadoop-ozone/integration-test/target/test-dir/MiniOzoneClusterImpl-4b678c8b-8030-41e6-be3d-72ad8167f4c6/ozone-meta/ratis/bf265839-605b-3f16-9796-c5ba1605619e/current/log_inprogress_0
2022-06-01 03:37:13,932 [om1@group-C5BA1605619E-StateMachineUpdater] INFO  ratis.OzoneManagerStateMachine (OzoneManagerStateMachine.java:notifyConfigurationChanged(191)) - Received Configuration change notification from Ratis. New Peer list:
[id: "om1"
address: "localhost:9872"
]
2022-06-01 03:37:14,108 [Listener at 127.0.0.1/42459] INFO  handler.ContextHandler (ContextHandler.java:doStart(915)) - Started o.e.j.w.WebAppContext@517c6a67{hddsDatanode,/,file:///tmp/jetty-0_0_0_0-34303-hdds-container-service-1_3_0-SNAPSHOT_jar-_-any-7411678828167947791/webapp/,AVAILABLE}{jar:file:/home/runner/.m2/repository/org/apache/ozone/hdds-container-service/1.3.0-SNAPSHOT/hdds-container-service-1.3.0-SNAPSHOT.jar!/webapps/hddsDatanode}
2022-06-01 03:37:14,121 [Listener at 127.0.0.1/42459] INFO  server.AbstractConnector (AbstractConnector.java:doStart(331)) - Started ServerConnector@64db533c{HTTP/1.1, (http/1.1)}{0.0.0.0:34303}
2022-06-01 03:37:14,121 [Listener at 127.0.0.1/42459] INFO  server.Server (Server.java:doStart(415)) - Started @197255ms
2022-06-01 03:37:14,122 [Listener at 127.0.0.1/42459] WARN  impl.MetricsSystemImpl (MetricsSystemImpl.java:register(279)) - Sink prometheus already exists!
2022-06-01 03:37:14,122 [Listener at 127.0.0.1/42459] INFO  http.BaseHttpServer (BaseHttpServer.java:updateConnectorAddress(329)) - HTTP server of hddsDatanode listening at http://0.0.0.0:34303
2022-06-01 03:37:14,145 [Listener at 127.0.0.1/42459] WARN  impl.MetricRegistriesImpl (MetricRegistriesImpl.java:addReporterRegistration(111)) - New reporters are added after registries were created. Some metrics will be missing from the reporter. Please add reporter before adding any new registry.
2022-06-01 03:37:14,145 [Listener at 127.0.0.1/42459] WARN  impl.MetricRegistriesImpl (MetricRegistriesImpl.java:addReporterRegistration(111)) - New reporters are added after registries were created. Some metrics will be missing from the reporter. Please add reporter before adding any new registry.
2022-06-01 03:37:14,145 [Listener at 127.0.0.1/42459] INFO  impl.MetricsSystemImpl (MetricsSystemImpl.java:init(158)) - HddsDatanode metrics system started (again)
2022-06-01 03:37:14,148 [Datanode State Machine Daemon Thread] INFO  statemachine.DatanodeStateMachine (DatanodeStateMachine.java:lambda$startDaemon$0(481)) - Ozone container server started.
2022-06-01 03:37:14,180 [Listener at 127.0.0.1/42459] INFO  ozone.HddsDatanodeService (HddsDatanodeService.java:start(236)) - HddsDatanodeService host:fv-az151-582.yf2hydr00wburbhx3j5hxtcipe.bx.internal.cloudapp.net ip:10.1.0.5
2022-06-01 03:37:14,189 [org.apache.hadoop.util.JvmPauseMonitor$Monitor@4aaab4cd] INFO  util.JvmPauseMonitor (JvmPauseMonitor.java:run(188)) - Starting JVM pause monitor
2022-06-01 03:37:14,214 [Datanode State Machine Task Thread - 0] INFO  datanode.InitDatanodeState (InitDatanodeState.java:persistContainerDatanodeDetails(138)) - DatanodeDetails is persisted to /home/runner/work/ozone/ozone/hadoop-ozone/integration-test/target/test-dir/MiniOzoneClusterImpl-4b678c8b-8030-41e6-be3d-72ad8167f4c6/datanode-0/meta/datanode.id
2022-06-01 03:37:14,250 [Listener at 127.0.0.1/42459] INFO  upgrade.AbstractLayoutVersionManager (AbstractLayoutVersionManager.java:init(79)) - Initializing Layout version manager with metadata layout = ERASURE_CODED_STORAGE_SUPPORT (version = 3), software layout = ERASURE_CODED_STORAGE_SUPPORT (version = 3)
2022-06-01 03:37:14,339 [Listener at 127.0.0.1/42459] INFO  reflections.Reflections (Reflections.java:scan(232)) - Reflections took 87 ms to scan 7 urls, producing 127 keys and 292 values 
2022-06-01 03:37:14,348 [Listener at 127.0.0.1/42459] INFO  statemachine.DatanodeStateMachine (DatanodeStateMachine.java:getEndPointTaskThreadPoolSize(233)) - Datanode State Machine Task Thread Pool size 2
2022-06-01 03:37:14,349 [Listener at 127.0.0.1/42459] INFO  volume.HddsVolume (HddsVolume.java:<init>(120)) - Creating HddsVolume: /home/runner/work/ozone/ozone/hadoop-ozone/integration-test/target/test-dir/MiniOzoneClusterImpl-4b678c8b-8030-41e6-be3d-72ad8167f4c6/datanode-1/data-0/containers/hdds of storage type : DISK capacity : 9223372036854775807
2022-06-01 03:37:14,350 [Listener at 127.0.0.1/42459] INFO  volume.MutableVolumeSet (MutableVolumeSet.java:initializeVolumeSet(168)) - Added Volume : /home/runner/work/ozone/ozone/hadoop-ozone/integration-test/target/test-dir/MiniOzoneClusterImpl-4b678c8b-8030-41e6-be3d-72ad8167f4c6/datanode-1/data-0/containers/hdds to VolumeSet
2022-06-01 03:37:14,350 [Listener at 127.0.0.1/42459] INFO  volume.ThrottledAsyncChecker (ThrottledAsyncChecker.java:schedule(141)) - Scheduling a check for /home/runner/work/ozone/ozone/hadoop-ozone/integration-test/target/test-dir/MiniOzoneClusterImpl-4b678c8b-8030-41e6-be3d-72ad8167f4c6/datanode-1/data-0/containers/hdds
2022-06-01 03:37:14,350 [Listener at 127.0.0.1/42459] INFO  volume.StorageVolumeChecker (StorageVolumeChecker.java:checkAllVolumes(202)) - Scheduled health check for volume /home/runner/work/ozone/ozone/hadoop-ozone/integration-test/target/test-dir/MiniOzoneClusterImpl-4b678c8b-8030-41e6-be3d-72ad8167f4c6/datanode-1/data-0/containers/hdds
2022-06-01 03:37:14,363 [Listener at 127.0.0.1/42459] INFO  volume.MutableVolumeSet (MutableVolumeSet.java:initializeVolumeSet(168)) - Added Volume : /home/runner/work/ozone/ozone/hadoop-ozone/integration-test/target/test-dir/MiniOzoneClusterImpl-4b678c8b-8030-41e6-be3d-72ad8167f4c6/datanode-1/data/ratis to VolumeSet
2022-06-01 03:37:14,363 [Listener at 127.0.0.1/42459] INFO  volume.ThrottledAsyncChecker (ThrottledAsyncChecker.java:schedule(141)) - Scheduling a check for /home/runner/work/ozone/ozone/hadoop-ozone/integration-test/target/test-dir/MiniOzoneClusterImpl-4b678c8b-8030-41e6-be3d-72ad8167f4c6/datanode-1/data/ratis
2022-06-01 03:37:14,363 [Listener at 127.0.0.1/42459] INFO  volume.StorageVolumeChecker (StorageVolumeChecker.java:checkAllVolumes(202)) - Scheduled health check for volume /home/runner/work/ozone/ozone/hadoop-ozone/integration-test/target/test-dir/MiniOzoneClusterImpl-4b678c8b-8030-41e6-be3d-72ad8167f4c6/datanode-1/data/ratis
2022-06-01 03:37:14,416 [Thread-1452] INFO  ozoneimpl.ContainerReader (ContainerReader.java:readVolume(172)) - Finish verifying containers on volume /home/runner/work/ozone/ozone/hadoop-ozone/integration-test/target/test-dir/MiniOzoneClusterImpl-4b678c8b-8030-41e6-be3d-72ad8167f4c6/datanode-1/data-0/containers/hdds
2022-06-01 03:37:14,416 [Listener at 127.0.0.1/42459] INFO  ozoneimpl.OzoneContainer (OzoneContainer.java:buildContainerSet(257)) - Build ContainerSet costs 0s
2022-06-01 03:37:14,418 [Listener at 127.0.0.1/42459] INFO  server.RaftServer (ConfUtils.java:logGet(46)) - raft.rpc.type = GRPC (default)
2022-06-01 03:37:14,418 [Listener at 127.0.0.1/42459] INFO  grpc.GrpcFactory (GrpcFactory.java:checkPooledByteBufAllocatorUseCacheForAllThreads(48)) - PERFORMANCE WARNING: useCacheForAllThreads is true that may cause Netty to create a lot garbage objects and, as a result, trigger GC.
	It is recommended to disable useCacheForAllThreads by setting -Dorg.apache.ratis.thirdparty.io.netty.allocator.useCacheForAllThreads=false in command line.
2022-06-01 03:37:14,418 [Listener at 127.0.0.1/42459] INFO  grpc.GrpcConfigKeys (ConfUtils.java:logGet(46)) - raft.grpc.admin.port = 0 (custom)
2022-06-01 03:37:14,418 [Listener at 127.0.0.1/42459] INFO  grpc.GrpcConfigKeys (ConfUtils.java:logGet(46)) - raft.grpc.client.port = 0 (custom)
2022-06-01 03:37:14,419 [Listener at 127.0.0.1/42459] INFO  grpc.GrpcConfigKeys (ConfUtils.java:logGet(46)) - raft.grpc.server.port = 0 (default)
2022-06-01 03:37:14,419 [Listener at 127.0.0.1/42459] INFO  server.GrpcService (ConfUtils.java:logGet(46)) - raft.grpc.message.size.max = 32MB (=33554432) (custom)
2022-06-01 03:37:14,419 [Listener at 127.0.0.1/42459] INFO  server.RaftServerConfigKeys (ConfUtils.java:logGet(46)) - raft.server.log.appender.buffer.byte-limit = 33554432 (custom)
2022-06-01 03:37:14,419 [Listener at 127.0.0.1/42459] INFO  server.GrpcService (ConfUtils.java:logGet(46)) - raft.grpc.flow.control.window = 5MB (=5242880) (custom)
2022-06-01 03:37:14,419 [Listener at 127.0.0.1/42459] INFO  server.RaftServerConfigKeys (ConfUtils.java:logGet(46)) - raft.server.rpc.request.timeout = 60s (custom)
2022-06-01 03:37:14,419 [Listener at 127.0.0.1/42459] INFO  grpc.GrpcConfigKeys (ConfUtils.java:logGet(46)) - raft.grpc.server.async.request.thread.pool.cached = true (default)
2022-06-01 03:37:14,419 [Listener at 127.0.0.1/42459] INFO  grpc.GrpcConfigKeys (ConfUtils.java:logGet(46)) - raft.grpc.server.async.request.thread.pool.size = 32 (default)
2022-06-01 03:37:14,424 [Listener at 127.0.0.1/42459] INFO  impl.DataStreamServerImpl (ConfUtils.java:logGet(46)) - raft.datastream.type = DISABLED (default)
2022-06-01 03:37:14,424 [Listener at 127.0.0.1/42459] INFO  server.RaftServerConfigKeys (ConfUtils.java:logGet(46)) - raft.server.threadpool.proxy.cached = true (default)
2022-06-01 03:37:14,425 [Listener at 127.0.0.1/42459] INFO  server.RaftServerConfigKeys (ConfUtils.java:logGet(46)) - raft.server.threadpool.proxy.size = 0 (default)
2022-06-01 03:37:14,425 [Listener at 127.0.0.1/42459] INFO  server.RaftServerConfigKeys (ConfUtils.java:logGet(46)) - raft.server.rpc.slowness.timeout = 300s (custom)
2022-06-01 03:37:14,425 [Listener at 127.0.0.1/42459] INFO  server.RaftServerConfigKeys (ConfUtils.java:logGet(46)) - raft.server.leaderelection.leader.step-down.wait-time = 10s (default)
2022-06-01 03:37:14,425 [Listener at 127.0.0.1/42459] INFO  server.RaftServerConfigKeys (ConfUtils.java:logGet(46)) - raft.server.storage.dir = [/home/runner/work/ozone/ozone/hadoop-ozone/integration-test/target/test-dir/MiniOzoneClusterImpl-4b678c8b-8030-41e6-be3d-72ad8167f4c6/datanode-1/data/ratis] (custom)
2022-06-01 03:37:14,445 [Listener at 127.0.0.1/42459] INFO  server.XceiverServerGrpc (XceiverServerGrpc.java:<init>(132)) - GrpcServer channel type EpollServerSocketChannel
2022-06-01 03:37:14,447 [Listener at 127.0.0.1/42459] INFO  http.BaseHttpServer (BaseHttpServer.java:newHttpServer2BuilderForOzone(209)) - Starting Web-server for hddsDatanode at: http://0.0.0.0:0
2022-06-01 03:37:14,447 [Listener at 127.0.0.1/42459] INFO  http.BaseHttpServer (BaseHttpServer.java:<init>(107)) - Hadoop Security Enabled: false Ozone Security Enabled: false Ozone HTTP Security Enabled: false 
2022-06-01 03:37:14,448 [Listener at 127.0.0.1/42459] INFO  server.AuthenticationFilter (AuthenticationFilter.java:constructSecretProvider(240)) - Unable to initialize FileSignerSecretProvider, falling back to use random secrets.
2022-06-01 03:37:14,448 [Listener at 127.0.0.1/42459] WARN  http.HttpRequestLog (HttpRequestLog.java:getRequestLog(103)) - Jetty request log can only be enabled using Log4j
2022-06-01 03:37:14,449 [Listener at 127.0.0.1/42459] INFO  http.HttpServer2 (HttpServer2.java:addGlobalFilter(1030)) - Added global filter 'safety' (class=org.apache.hadoop.hdds.server.http.HttpServer2$QuotingInputFilter)
2022-06-01 03:37:14,449 [Listener at 127.0.0.1/42459] INFO  http.HttpServer2 (HttpServer2.java:addFilter(1006)) - Added filter static_user_filter (class=org.apache.hadoop.http.lib.StaticUserWebFilter$StaticUserFilter) to context hddsDatanode
2022-06-01 03:37:14,449 [Listener at 127.0.0.1/42459] INFO  http.HttpServer2 (HttpServer2.java:addFilter(1014)) - Added filter static_user_filter (class=org.apache.hadoop.http.lib.StaticUserWebFilter$StaticUserFilter) to context static
2022-06-01 03:37:14,450 [Listener at 127.0.0.1/42459] INFO  http.HttpServer2 (HttpServer2.java:addFilter(1014)) - Added filter static_user_filter (class=org.apache.hadoop.http.lib.StaticUserWebFilter$StaticUserFilter) to context logs
2022-06-01 03:37:14,450 [Listener at 127.0.0.1/42459] INFO  http.HttpServer2 (HttpServer2.java:bindListener(1249)) - Jetty bound to port 42057
2022-06-01 03:37:14,450 [Listener at 127.0.0.1/42459] INFO  server.Server (Server.java:doStart(375)) - jetty-9.4.43.v20210629; built: 2021-06-30T11:07:22.254Z; git: 526006ecfa3af7f1a27ef3a288e2bef7ea9dd7e8; jvm 1.8.0_332-b09
2022-06-01 03:37:14,451 [Listener at 127.0.0.1/42459] INFO  server.session (DefaultSessionIdManager.java:doStart(334)) - DefaultSessionIdManager workerName=node0
2022-06-01 03:37:14,458 [Listener at 127.0.0.1/42459] INFO  server.session (DefaultSessionIdManager.java:doStart(339)) - No SessionScavenger set, using defaults
2022-06-01 03:37:14,458 [Listener at 127.0.0.1/42459] INFO  server.session (HouseKeeper.java:startScavenging(132)) - node0 Scavenging every 660000ms
2022-06-01 03:37:14,461 [Listener at 127.0.0.1/42459] INFO  handler.ContextHandler (ContextHandler.java:doStart(915)) - Started o.e.j.s.ServletContextHandler@5ceec24{logs,/logs,file:///home/runner/work/ozone/ozone/hadoop-ozone/integration-test/target/log,AVAILABLE}
2022-06-01 03:37:14,461 [Listener at 127.0.0.1/42459] INFO  handler.ContextHandler (ContextHandler.java:doStart(915)) - Started o.e.j.s.ServletContextHandler@26ce742b{static,/static,jar:file:/home/runner/.m2/repository/org/apache/ozone/hdds-container-service/1.3.0-SNAPSHOT/hdds-container-service-1.3.0-SNAPSHOT.jar!/webapps/static,AVAILABLE}
2022-06-01 03:37:14,990 [Listener at 127.0.0.1/42459] INFO  handler.ContextHandler (ContextHandler.java:doStart(915)) - Started o.e.j.w.WebAppContext@6b90353c{hddsDatanode,/,file:///tmp/jetty-0_0_0_0-42057-hdds-container-service-1_3_0-SNAPSHOT_jar-_-any-5853651339527710785/webapp/,AVAILABLE}{jar:file:/home/runner/.m2/repository/org/apache/ozone/hdds-container-service/1.3.0-SNAPSHOT/hdds-container-service-1.3.0-SNAPSHOT.jar!/webapps/hddsDatanode}
2022-06-01 03:37:15,020 [Listener at 127.0.0.1/42459] INFO  server.AbstractConnector (AbstractConnector.java:doStart(331)) - Started ServerConnector@17863468{HTTP/1.1, (http/1.1)}{0.0.0.0:42057}
2022-06-01 03:37:15,021 [Listener at 127.0.0.1/42459] INFO  server.Server (Server.java:doStart(415)) - Started @198155ms
2022-06-01 03:37:15,021 [Listener at 127.0.0.1/42459] WARN  impl.MetricsSystemImpl (MetricsSystemImpl.java:register(279)) - Sink prometheus already exists!
2022-06-01 03:37:15,021 [Listener at 127.0.0.1/42459] INFO  http.BaseHttpServer (BaseHttpServer.java:updateConnectorAddress(329)) - HTTP server of hddsDatanode listening at http://0.0.0.0:42057
2022-06-01 03:37:15,022 [Listener at 127.0.0.1/42459] WARN  impl.MetricRegistriesImpl (MetricRegistriesImpl.java:addReporterRegistration(111)) - New reporters are added after registries were created. Some metrics will be missing from the reporter. Please add reporter before adding any new registry.
2022-06-01 03:37:15,022 [Listener at 127.0.0.1/42459] WARN  impl.MetricRegistriesImpl (MetricRegistriesImpl.java:addReporterRegistration(111)) - New reporters are added after registries were created. Some metrics will be missing from the reporter. Please add reporter before adding any new registry.
2022-06-01 03:37:15,022 [Listener at 127.0.0.1/42459] INFO  impl.MetricsSystemImpl (MetricsSystemImpl.java:init(158)) - HddsDatanode metrics system started (again)
2022-06-01 03:37:15,059 [Datanode State Machine Daemon Thread] INFO  statemachine.DatanodeStateMachine (DatanodeStateMachine.java:lambda$startDaemon$0(481)) - Ozone container server started.
2022-06-01 03:37:15,094 [Listener at 127.0.0.1/42459] INFO  ozone.HddsDatanodeService (HddsDatanodeService.java:start(236)) - HddsDatanodeService host:fv-az151-582.yf2hydr00wburbhx3j5hxtcipe.bx.internal.cloudapp.net ip:10.1.0.5
2022-06-01 03:37:15,152 [org.apache.hadoop.util.JvmPauseMonitor$Monitor@25cedda3] INFO  util.JvmPauseMonitor (JvmPauseMonitor.java:run(188)) - Starting JVM pause monitor
2022-06-01 03:37:15,172 [Listener at 127.0.0.1/42459] INFO  upgrade.AbstractLayoutVersionManager (AbstractLayoutVersionManager.java:init(79)) - Initializing Layout version manager with metadata layout = ERASURE_CODED_STORAGE_SUPPORT (version = 3), software layout = ERASURE_CODED_STORAGE_SUPPORT (version = 3)
2022-06-01 03:37:15,193 [Datanode State Machine Task Thread - 0] INFO  datanode.InitDatanodeState (InitDatanodeState.java:persistContainerDatanodeDetails(138)) - DatanodeDetails is persisted to /home/runner/work/ozone/ozone/hadoop-ozone/integration-test/target/test-dir/MiniOzoneClusterImpl-4b678c8b-8030-41e6-be3d-72ad8167f4c6/datanode-1/meta/datanode.id
2022-06-01 03:37:15,235 [Listener at 127.0.0.1/42459] INFO  reflections.Reflections (Reflections.java:scan(232)) - Reflections took 61 ms to scan 7 urls, producing 127 keys and 292 values 
2022-06-01 03:37:15,236 [Listener at 127.0.0.1/42459] INFO  statemachine.DatanodeStateMachine (DatanodeStateMachine.java:getEndPointTaskThreadPoolSize(233)) - Datanode State Machine Task Thread Pool size 2
2022-06-01 03:37:15,237 [Listener at 127.0.0.1/42459] INFO  volume.HddsVolume (HddsVolume.java:<init>(120)) - Creating HddsVolume: /home/runner/work/ozone/ozone/hadoop-ozone/integration-test/target/test-dir/MiniOzoneClusterImpl-4b678c8b-8030-41e6-be3d-72ad8167f4c6/datanode-2/data-0/containers/hdds of storage type : DISK capacity : 9223372036854775807
2022-06-01 03:37:15,237 [Listener at 127.0.0.1/42459] INFO  volume.MutableVolumeSet (MutableVolumeSet.java:initializeVolumeSet(168)) - Added Volume : /home/runner/work/ozone/ozone/hadoop-ozone/integration-test/target/test-dir/MiniOzoneClusterImpl-4b678c8b-8030-41e6-be3d-72ad8167f4c6/datanode-2/data-0/containers/hdds to VolumeSet
2022-06-01 03:37:15,238 [Listener at 127.0.0.1/42459] INFO  volume.ThrottledAsyncChecker (ThrottledAsyncChecker.java:schedule(141)) - Scheduling a check for /home/runner/work/ozone/ozone/hadoop-ozone/integration-test/target/test-dir/MiniOzoneClusterImpl-4b678c8b-8030-41e6-be3d-72ad8167f4c6/datanode-2/data-0/containers/hdds
2022-06-01 03:37:15,239 [Listener at 127.0.0.1/42459] INFO  volume.StorageVolumeChecker (StorageVolumeChecker.java:checkAllVolumes(202)) - Scheduled health check for volume /home/runner/work/ozone/ozone/hadoop-ozone/integration-test/target/test-dir/MiniOzoneClusterImpl-4b678c8b-8030-41e6-be3d-72ad8167f4c6/datanode-2/data-0/containers/hdds
2022-06-01 03:37:15,260 [Listener at 127.0.0.1/42459] INFO  volume.MutableVolumeSet (MutableVolumeSet.java:initializeVolumeSet(168)) - Added Volume : /home/runner/work/ozone/ozone/hadoop-ozone/integration-test/target/test-dir/MiniOzoneClusterImpl-4b678c8b-8030-41e6-be3d-72ad8167f4c6/datanode-2/data/ratis to VolumeSet
2022-06-01 03:37:15,260 [Listener at 127.0.0.1/42459] INFO  volume.ThrottledAsyncChecker (ThrottledAsyncChecker.java:schedule(141)) - Scheduling a check for /home/runner/work/ozone/ozone/hadoop-ozone/integration-test/target/test-dir/MiniOzoneClusterImpl-4b678c8b-8030-41e6-be3d-72ad8167f4c6/datanode-2/data/ratis
2022-06-01 03:37:15,277 [Listener at 127.0.0.1/42459] INFO  volume.StorageVolumeChecker (StorageVolumeChecker.java:checkAllVolumes(202)) - Scheduled health check for volume /home/runner/work/ozone/ozone/hadoop-ozone/integration-test/target/test-dir/MiniOzoneClusterImpl-4b678c8b-8030-41e6-be3d-72ad8167f4c6/datanode-2/data/ratis
2022-06-01 03:37:15,318 [Thread-1465] INFO  ozoneimpl.ContainerReader (ContainerReader.java:readVolume(172)) - Finish verifying containers on volume /home/runner/work/ozone/ozone/hadoop-ozone/integration-test/target/test-dir/MiniOzoneClusterImpl-4b678c8b-8030-41e6-be3d-72ad8167f4c6/datanode-2/data-0/containers/hdds
2022-06-01 03:37:15,318 [Listener at 127.0.0.1/42459] INFO  ozoneimpl.OzoneContainer (OzoneContainer.java:buildContainerSet(257)) - Build ContainerSet costs 0s
2022-06-01 03:37:15,329 [Listener at 127.0.0.1/42459] INFO  server.RaftServer (ConfUtils.java:logGet(46)) - raft.rpc.type = GRPC (default)
2022-06-01 03:37:15,329 [Listener at 127.0.0.1/42459] INFO  grpc.GrpcFactory (GrpcFactory.java:checkPooledByteBufAllocatorUseCacheForAllThreads(48)) - PERFORMANCE WARNING: useCacheForAllThreads is true that may cause Netty to create a lot garbage objects and, as a result, trigger GC.
	It is recommended to disable useCacheForAllThreads by setting -Dorg.apache.ratis.thirdparty.io.netty.allocator.useCacheForAllThreads=false in command line.
2022-06-01 03:37:15,329 [Listener at 127.0.0.1/42459] INFO  grpc.GrpcConfigKeys (ConfUtils.java:logGet(46)) - raft.grpc.admin.port = 0 (custom)
2022-06-01 03:37:15,329 [Listener at 127.0.0.1/42459] INFO  grpc.GrpcConfigKeys (ConfUtils.java:logGet(46)) - raft.grpc.client.port = 0 (custom)
2022-06-01 03:37:15,329 [Listener at 127.0.0.1/42459] INFO  grpc.GrpcConfigKeys (ConfUtils.java:logGet(46)) - raft.grpc.server.port = 0 (default)
2022-06-01 03:37:15,329 [Listener at 127.0.0.1/42459] INFO  server.GrpcService (ConfUtils.java:logGet(46)) - raft.grpc.message.size.max = 32MB (=33554432) (custom)
2022-06-01 03:37:15,329 [Listener at 127.0.0.1/42459] INFO  server.RaftServerConfigKeys (ConfUtils.java:logGet(46)) - raft.server.log.appender.buffer.byte-limit = 33554432 (custom)
2022-06-01 03:37:15,329 [Listener at 127.0.0.1/42459] INFO  server.GrpcService (ConfUtils.java:logGet(46)) - raft.grpc.flow.control.window = 5MB (=5242880) (custom)
2022-06-01 03:37:15,330 [Listener at 127.0.0.1/42459] INFO  server.RaftServerConfigKeys (ConfUtils.java:logGet(46)) - raft.server.rpc.request.timeout = 60s (custom)
2022-06-01 03:37:15,330 [Listener at 127.0.0.1/42459] INFO  grpc.GrpcConfigKeys (ConfUtils.java:logGet(46)) - raft.grpc.server.async.request.thread.pool.cached = true (default)
2022-06-01 03:37:15,330 [Listener at 127.0.0.1/42459] INFO  grpc.GrpcConfigKeys (ConfUtils.java:logGet(46)) - raft.grpc.server.async.request.thread.pool.size = 32 (default)
2022-06-01 03:37:15,331 [Listener at 127.0.0.1/42459] INFO  impl.DataStreamServerImpl (ConfUtils.java:logGet(46)) - raft.datastream.type = DISABLED (default)
2022-06-01 03:37:15,331 [Listener at 127.0.0.1/42459] INFO  server.RaftServerConfigKeys (ConfUtils.java:logGet(46)) - raft.server.threadpool.proxy.cached = true (default)
2022-06-01 03:37:15,331 [Listener at 127.0.0.1/42459] INFO  server.RaftServerConfigKeys (ConfUtils.java:logGet(46)) - raft.server.threadpool.proxy.size = 0 (default)
2022-06-01 03:37:15,331 [Listener at 127.0.0.1/42459] INFO  server.RaftServerConfigKeys (ConfUtils.java:logGet(46)) - raft.server.rpc.slowness.timeout = 300s (custom)
2022-06-01 03:37:15,331 [Listener at 127.0.0.1/42459] INFO  server.RaftServerConfigKeys (ConfUtils.java:logGet(46)) - raft.server.leaderelection.leader.step-down.wait-time = 10s (default)
2022-06-01 03:37:15,332 [Listener at 127.0.0.1/42459] INFO  server.RaftServerConfigKeys (ConfUtils.java:logGet(46)) - raft.server.storage.dir = [/home/runner/work/ozone/ozone/hadoop-ozone/integration-test/target/test-dir/MiniOzoneClusterImpl-4b678c8b-8030-41e6-be3d-72ad8167f4c6/datanode-2/data/ratis] (custom)
2022-06-01 03:37:15,333 [Listener at 127.0.0.1/42459] INFO  server.XceiverServerGrpc (XceiverServerGrpc.java:<init>(132)) - GrpcServer channel type EpollServerSocketChannel
2022-06-01 03:37:15,335 [Listener at 127.0.0.1/42459] INFO  http.BaseHttpServer (BaseHttpServer.java:newHttpServer2BuilderForOzone(209)) - Starting Web-server for hddsDatanode at: http://0.0.0.0:0
2022-06-01 03:37:15,335 [Listener at 127.0.0.1/42459] INFO  http.BaseHttpServer (BaseHttpServer.java:<init>(107)) - Hadoop Security Enabled: false Ozone Security Enabled: false Ozone HTTP Security Enabled: false 
2022-06-01 03:37:15,336 [Listener at 127.0.0.1/42459] INFO  server.AuthenticationFilter (AuthenticationFilter.java:constructSecretProvider(240)) - Unable to initialize FileSignerSecretProvider, falling back to use random secrets.
2022-06-01 03:37:15,337 [Listener at 127.0.0.1/42459] WARN  http.HttpRequestLog (HttpRequestLog.java:getRequestLog(103)) - Jetty request log can only be enabled using Log4j
2022-06-01 03:37:15,337 [Listener at 127.0.0.1/42459] INFO  http.HttpServer2 (HttpServer2.java:addGlobalFilter(1030)) - Added global filter 'safety' (class=org.apache.hadoop.hdds.server.http.HttpServer2$QuotingInputFilter)
2022-06-01 03:37:15,338 [Listener at 127.0.0.1/42459] INFO  http.HttpServer2 (HttpServer2.java:addFilter(1006)) - Added filter static_user_filter (class=org.apache.hadoop.http.lib.StaticUserWebFilter$StaticUserFilter) to context hddsDatanode
2022-06-01 03:37:15,338 [Listener at 127.0.0.1/42459] INFO  http.HttpServer2 (HttpServer2.java:addFilter(1014)) - Added filter static_user_filter (class=org.apache.hadoop.http.lib.StaticUserWebFilter$StaticUserFilter) to context logs
2022-06-01 03:37:15,338 [Listener at 127.0.0.1/42459] INFO  http.HttpServer2 (HttpServer2.java:addFilter(1014)) - Added filter static_user_filter (class=org.apache.hadoop.http.lib.StaticUserWebFilter$StaticUserFilter) to context static
2022-06-01 03:37:15,338 [Listener at 127.0.0.1/42459] INFO  http.HttpServer2 (HttpServer2.java:bindListener(1249)) - Jetty bound to port 40509
2022-06-01 03:37:15,338 [Listener at 127.0.0.1/42459] INFO  server.Server (Server.java:doStart(375)) - jetty-9.4.43.v20210629; built: 2021-06-30T11:07:22.254Z; git: 526006ecfa3af7f1a27ef3a288e2bef7ea9dd7e8; jvm 1.8.0_332-b09
2022-06-01 03:37:15,403 [Listener at 127.0.0.1/42459] INFO  server.session (DefaultSessionIdManager.java:doStart(334)) - DefaultSessionIdManager workerName=node0
2022-06-01 03:37:15,404 [Listener at 127.0.0.1/42459] INFO  server.session (DefaultSessionIdManager.java:doStart(339)) - No SessionScavenger set, using defaults
2022-06-01 03:37:15,404 [Listener at 127.0.0.1/42459] INFO  server.session (HouseKeeper.java:startScavenging(132)) - node0 Scavenging every 660000ms
2022-06-01 03:37:15,404 [Listener at 127.0.0.1/42459] INFO  handler.ContextHandler (ContextHandler.java:doStart(915)) - Started o.e.j.s.ServletContextHandler@45032aa3{logs,/logs,file:///home/runner/work/ozone/ozone/hadoop-ozone/integration-test/target/log,AVAILABLE}
2022-06-01 03:37:15,405 [Listener at 127.0.0.1/42459] INFO  handler.ContextHandler (ContextHandler.java:doStart(915)) - Started o.e.j.s.ServletContextHandler@1cb4ae8{static,/static,jar:file:/home/runner/.m2/repository/org/apache/ozone/hdds-container-service/1.3.0-SNAPSHOT/hdds-container-service-1.3.0-SNAPSHOT.jar!/webapps/static,AVAILABLE}
2022-06-01 03:37:15,822 [Listener at 127.0.0.1/42459] INFO  handler.ContextHandler (ContextHandler.java:doStart(915)) - Started o.e.j.w.WebAppContext@392ff2e4{hddsDatanode,/,file:///tmp/jetty-0_0_0_0-40509-hdds-container-service-1_3_0-SNAPSHOT_jar-_-any-816221975787031375/webapp/,AVAILABLE}{jar:file:/home/runner/.m2/repository/org/apache/ozone/hdds-container-service/1.3.0-SNAPSHOT/hdds-container-service-1.3.0-SNAPSHOT.jar!/webapps/hddsDatanode}
2022-06-01 03:37:15,852 [Listener at 127.0.0.1/42459] INFO  server.AbstractConnector (AbstractConnector.java:doStart(331)) - Started ServerConnector@32b05872{HTTP/1.1, (http/1.1)}{0.0.0.0:40509}
2022-06-01 03:37:15,852 [Listener at 127.0.0.1/42459] INFO  server.Server (Server.java:doStart(415)) - Started @198986ms
2022-06-01 03:37:15,852 [Listener at 127.0.0.1/42459] WARN  impl.MetricsSystemImpl (MetricsSystemImpl.java:register(279)) - Sink prometheus already exists!
2022-06-01 03:37:15,855 [Listener at 127.0.0.1/42459] INFO  http.BaseHttpServer (BaseHttpServer.java:updateConnectorAddress(329)) - HTTP server of hddsDatanode listening at http://0.0.0.0:40509
2022-06-01 03:37:15,880 [Listener at 127.0.0.1/42459] INFO  ozone.MiniOzoneClusterImpl (MiniOzoneClusterImpl.java:lambda$waitForClusterToBeReady$0(221)) - Waiting for nodes to be ready. Got 0 of 3 DN Heartbeats.
2022-06-01 03:37:15,880 [Listener at 127.0.0.1/42459] INFO  ozone.MiniOzoneClusterImpl (MiniOzoneClusterImpl.java:lambda$waitForClusterToBeReady$0(224)) - Waiting for cluster to exit safe mode
2022-06-01 03:37:15,880 [Listener at 127.0.0.1/42459] INFO  ozone.MiniOzoneClusterImpl (MiniOzoneClusterImpl.java:lambda$waitForClusterToBeReady$0(226)) - SCM became leader
2022-06-01 03:37:15,880 [Datanode State Machine Daemon Thread] INFO  statemachine.DatanodeStateMachine (DatanodeStateMachine.java:lambda$startDaemon$0(481)) - Ozone container server started.
2022-06-01 03:37:15,952 [org.apache.hadoop.util.JvmPauseMonitor$Monitor@4c0a7242] INFO  util.JvmPauseMonitor (JvmPauseMonitor.java:run(188)) - Starting JVM pause monitor
2022-06-01 03:37:15,990 [Datanode State Machine Task Thread - 0] INFO  datanode.InitDatanodeState (InitDatanodeState.java:persistContainerDatanodeDetails(138)) - DatanodeDetails is persisted to /home/runner/work/ozone/ozone/hadoop-ozone/integration-test/target/test-dir/MiniOzoneClusterImpl-4b678c8b-8030-41e6-be3d-72ad8167f4c6/datanode-2/meta/datanode.id
2022-06-01 03:37:16,268 [EndpointStateMachine task thread for /0.0.0.0:46457 - 0 ] INFO  ozoneimpl.OzoneContainer (OzoneContainer.java:start(335)) - Attempting to start container services.
2022-06-01 03:37:16,269 [EndpointStateMachine task thread for /0.0.0.0:46457 - 0 ] INFO  ozoneimpl.OzoneContainer (OzoneContainer.java:startContainerScrub(270)) - Background container scanner has been disabled.
2022-06-01 03:37:16,270 [EndpointStateMachine task thread for /0.0.0.0:46457 - 0 ] INFO  replication.ReplicationServer (ReplicationServer.java:start(111)) - ReplicationServer is started using port 42833
2022-06-01 03:37:16,271 [EndpointStateMachine task thread for /0.0.0.0:46457 - 0 ] INFO  ratis.XceiverServerRatis (XceiverServerRatis.java:start(481)) - Starting XceiverServerRatis 6b26db58-8644-4db9-9b06-0414a42a6dd8
2022-06-01 03:37:16,271 [EndpointStateMachine task thread for /0.0.0.0:46457 - 0 ] INFO  server.RaftServer (RaftServerProxy.java:lambda$start$6(382)) - 6b26db58-8644-4db9-9b06-0414a42a6dd8: start RPC server
2022-06-01 03:37:16,288 [EndpointStateMachine task thread for /0.0.0.0:46457 - 0 ] INFO  server.GrpcService (GrpcService.java:startImpl(260)) - 6b26db58-8644-4db9-9b06-0414a42a6dd8: GrpcService started, listening on 35787
2022-06-01 03:37:16,288 [EndpointStateMachine task thread for /0.0.0.0:46457 - 0 ] INFO  ratis.XceiverServerRatis (XceiverServerRatis.java:getRealPort(502)) - XceiverServerRatis 6b26db58-8644-4db9-9b06-0414a42a6dd8 is started using port 35787 for RATIS
2022-06-01 03:37:16,289 [EndpointStateMachine task thread for /0.0.0.0:46457 - 0 ] INFO  ratis.XceiverServerRatis (XceiverServerRatis.java:getRealPort(502)) - XceiverServerRatis 6b26db58-8644-4db9-9b06-0414a42a6dd8 is started using port 35787 for RATIS_ADMIN
2022-06-01 03:37:16,289 [EndpointStateMachine task thread for /0.0.0.0:46457 - 0 ] INFO  ratis.XceiverServerRatis (XceiverServerRatis.java:getRealPort(502)) - XceiverServerRatis 6b26db58-8644-4db9-9b06-0414a42a6dd8 is started using port 35787 for RATIS_SERVER
2022-06-01 03:37:16,289 [org.apache.ratis.util.JvmPauseMonitor$$Lambda$677/1664655596@5b69fe53] INFO  util.JvmPauseMonitor (JvmPauseMonitor.java:run(103)) - JvmPauseMonitor-6b26db58-8644-4db9-9b06-0414a42a6dd8: Started
2022-06-01 03:37:16,322 [EndpointStateMachine task thread for /0.0.0.0:46457 - 0 ] INFO  server.XceiverServerGrpc (XceiverServerGrpc.java:start(180)) - XceiverServerGrpc 6b26db58-8644-4db9-9b06-0414a42a6dd8 is started using port 39759
2022-06-01 03:37:16,880 [Listener at 127.0.0.1/42459] INFO  ozone.MiniOzoneClusterImpl (MiniOzoneClusterImpl.java:lambda$waitForClusterToBeReady$0(221)) - Waiting for nodes to be ready. Got 0 of 3 DN Heartbeats.
2022-06-01 03:37:16,881 [Listener at 127.0.0.1/42459] INFO  ozone.MiniOzoneClusterImpl (MiniOzoneClusterImpl.java:lambda$waitForClusterToBeReady$0(224)) - Waiting for cluster to exit safe mode
2022-06-01 03:37:16,881 [Listener at 127.0.0.1/42459] INFO  ozone.MiniOzoneClusterImpl (MiniOzoneClusterImpl.java:lambda$waitForClusterToBeReady$0(226)) - SCM became leader
2022-06-01 03:37:17,189 [EndpointStateMachine task thread for /0.0.0.0:46457 - 0 ] INFO  ozoneimpl.OzoneContainer (OzoneContainer.java:start(335)) - Attempting to start container services.
2022-06-01 03:37:17,190 [EndpointStateMachine task thread for /0.0.0.0:46457 - 0 ] INFO  ozoneimpl.OzoneContainer (OzoneContainer.java:startContainerScrub(270)) - Background container scanner has been disabled.
2022-06-01 03:37:17,212 [EndpointStateMachine task thread for /0.0.0.0:46457 - 0 ] INFO  replication.ReplicationServer (ReplicationServer.java:start(111)) - ReplicationServer is started using port 35339
2022-06-01 03:37:17,247 [EndpointStateMachine task thread for /0.0.0.0:46457 - 0 ] INFO  ratis.XceiverServerRatis (XceiverServerRatis.java:start(481)) - Starting XceiverServerRatis 76d842b8-92bd-49ca-b07f-aee697bf2b9f
2022-06-01 03:37:17,261 [EndpointStateMachine task thread for /0.0.0.0:46457 - 0 ] INFO  server.RaftServer (RaftServerProxy.java:lambda$start$6(382)) - 76d842b8-92bd-49ca-b07f-aee697bf2b9f: start RPC server
2022-06-01 03:37:17,327 [EndpointStateMachine task thread for /0.0.0.0:46457 - 0 ] INFO  server.GrpcService (GrpcService.java:startImpl(260)) - 76d842b8-92bd-49ca-b07f-aee697bf2b9f: GrpcService started, listening on 38797
2022-06-01 03:37:17,327 [EndpointStateMachine task thread for /0.0.0.0:46457 - 0 ] INFO  ratis.XceiverServerRatis (XceiverServerRatis.java:getRealPort(502)) - XceiverServerRatis 76d842b8-92bd-49ca-b07f-aee697bf2b9f is started using port 38797 for RATIS
2022-06-01 03:37:17,327 [EndpointStateMachine task thread for /0.0.0.0:46457 - 0 ] INFO  ratis.XceiverServerRatis (XceiverServerRatis.java:getRealPort(502)) - XceiverServerRatis 76d842b8-92bd-49ca-b07f-aee697bf2b9f is started using port 38797 for RATIS_ADMIN
2022-06-01 03:37:17,327 [EndpointStateMachine task thread for /0.0.0.0:46457 - 0 ] INFO  ratis.XceiverServerRatis (XceiverServerRatis.java:getRealPort(502)) - XceiverServerRatis 76d842b8-92bd-49ca-b07f-aee697bf2b9f is started using port 38797 for RATIS_SERVER
2022-06-01 03:37:17,327 [org.apache.ratis.util.JvmPauseMonitor$$Lambda$677/1664655596@1ff80397] INFO  util.JvmPauseMonitor (JvmPauseMonitor.java:run(103)) - JvmPauseMonitor-76d842b8-92bd-49ca-b07f-aee697bf2b9f: Started
2022-06-01 03:37:17,361 [EndpointStateMachine task thread for /0.0.0.0:46457 - 0 ] INFO  server.XceiverServerGrpc (XceiverServerGrpc.java:start(180)) - XceiverServerGrpc 76d842b8-92bd-49ca-b07f-aee697bf2b9f is started using port 40857
2022-06-01 03:37:17,881 [Listener at 127.0.0.1/42459] INFO  ozone.MiniOzoneClusterImpl (MiniOzoneClusterImpl.java:lambda$waitForClusterToBeReady$0(221)) - Waiting for nodes to be ready. Got 0 of 3 DN Heartbeats.
2022-06-01 03:37:17,881 [Listener at 127.0.0.1/42459] INFO  ozone.MiniOzoneClusterImpl (MiniOzoneClusterImpl.java:lambda$waitForClusterToBeReady$0(224)) - Waiting for cluster to exit safe mode
2022-06-01 03:37:17,881 [Listener at 127.0.0.1/42459] INFO  ozone.MiniOzoneClusterImpl (MiniOzoneClusterImpl.java:lambda$waitForClusterToBeReady$0(226)) - SCM became leader
2022-06-01 03:37:18,015 [EndpointStateMachine task thread for /0.0.0.0:46457 - 0 ] INFO  ozoneimpl.OzoneContainer (OzoneContainer.java:start(335)) - Attempting to start container services.
2022-06-01 03:37:18,016 [EndpointStateMachine task thread for /0.0.0.0:46457 - 0 ] INFO  ozoneimpl.OzoneContainer (OzoneContainer.java:startContainerScrub(270)) - Background container scanner has been disabled.
2022-06-01 03:37:18,047 [EndpointStateMachine task thread for /0.0.0.0:46457 - 0 ] INFO  replication.ReplicationServer (ReplicationServer.java:start(111)) - ReplicationServer is started using port 46797
2022-06-01 03:37:18,083 [EndpointStateMachine task thread for /0.0.0.0:46457 - 0 ] INFO  ratis.XceiverServerRatis (XceiverServerRatis.java:start(481)) - Starting XceiverServerRatis 0fa7b21d-5839-4490-b3f6-ed1aaeb3a71c
2022-06-01 03:37:18,090 [EndpointStateMachine task thread for /0.0.0.0:46457 - 0 ] INFO  server.RaftServer (RaftServerProxy.java:lambda$start$6(382)) - 0fa7b21d-5839-4490-b3f6-ed1aaeb3a71c: start RPC server
2022-06-01 03:37:18,102 [EndpointStateMachine task thread for /0.0.0.0:46457 - 0 ] INFO  server.GrpcService (GrpcService.java:startImpl(260)) - 0fa7b21d-5839-4490-b3f6-ed1aaeb3a71c: GrpcService started, listening on 44417
2022-06-01 03:37:18,102 [EndpointStateMachine task thread for /0.0.0.0:46457 - 0 ] INFO  ratis.XceiverServerRatis (XceiverServerRatis.java:getRealPort(502)) - XceiverServerRatis 0fa7b21d-5839-4490-b3f6-ed1aaeb3a71c is started using port 44417 for RATIS
2022-06-01 03:37:18,102 [EndpointStateMachine task thread for /0.0.0.0:46457 - 0 ] INFO  ratis.XceiverServerRatis (XceiverServerRatis.java:getRealPort(502)) - XceiverServerRatis 0fa7b21d-5839-4490-b3f6-ed1aaeb3a71c is started using port 44417 for RATIS_ADMIN
2022-06-01 03:37:18,102 [EndpointStateMachine task thread for /0.0.0.0:46457 - 0 ] INFO  ratis.XceiverServerRatis (XceiverServerRatis.java:getRealPort(502)) - XceiverServerRatis 0fa7b21d-5839-4490-b3f6-ed1aaeb3a71c is started using port 44417 for RATIS_SERVER
2022-06-01 03:37:18,115 [org.apache.ratis.util.JvmPauseMonitor$$Lambda$677/1664655596@7b0e7144] INFO  util.JvmPauseMonitor (JvmPauseMonitor.java:run(103)) - JvmPauseMonitor-0fa7b21d-5839-4490-b3f6-ed1aaeb3a71c: Started
2022-06-01 03:37:18,166 [EndpointStateMachine task thread for /0.0.0.0:46457 - 0 ] INFO  server.XceiverServerGrpc (XceiverServerGrpc.java:start(180)) - XceiverServerGrpc 0fa7b21d-5839-4490-b3f6-ed1aaeb3a71c is started using port 34631
2022-06-01 03:37:18,194 [IPC Server handler 1 on default port 46457] INFO  net.NetworkTopologyImpl (NetworkTopologyImpl.java:add(112)) - Added a new node: /default-rack/6b26db58-8644-4db9-9b06-0414a42a6dd8
2022-06-01 03:37:18,195 [IPC Server handler 1 on default port 46457] INFO  node.SCMNodeManager (SCMNodeManager.java:register(393)) - Registered Data node : 6b26db58-8644-4db9-9b06-0414a42a6dd8{ip: 10.1.0.5, host: fv-az151-582.yf2hydr00wburbhx3j5hxtcipe.bx.internal.cloudapp.net, ports: [REPLICATION=42833, RATIS=35787, RATIS_ADMIN=35787, RATIS_SERVER=35787, STANDALONE=39759], networkLocation: /default-rack, certSerialId: null, persistedOpState: null, persistedOpStateExpiryEpochSec: 0}
2022-06-01 03:37:18,250 [EventQueue-NodeRegistrationContainerReportForContainerSafeModeRule] INFO  safemode.SCMSafeModeManager (SCMSafeModeManager.java:validateSafeModeExitRules(204)) - ContainerSafeModeRule rule is successfully validated
2022-06-01 03:37:18,250 [EventQueue-NodeRegistrationContainerReportForDataNodeSafeModeRule] INFO  safemode.SCMSafeModeManager (DataNodeSafeModeRule.java:process(71)) - SCM in safe mode. 1 DataNodes registered, 3 required.
2022-06-01 03:37:18,252 [EventQueue-NewNodeForNewNodeHandler] INFO  pipeline.BackgroundPipelineCreator (BackgroundPipelineCreator.java:notifyEventTriggered(272)) - trigger a one-shot run on RatisPipelineUtilsThread.
2022-06-01 03:37:18,253 [RatisPipelineUtilsThread - 0] INFO  pipeline.RatisPipelineProvider (RatisPipelineProvider.java:lambda$create$0(195)) - Sending CreatePipelineCommand for pipeline:PipelineID=f313fd63-cb00-456a-b536-c2c36489174f to datanode:6b26db58-8644-4db9-9b06-0414a42a6dd8
2022-06-01 03:37:18,253 [RatisPipelineUtilsThread - 0] INFO  pipeline.PipelineStateManagerImpl (PipelineStateManagerImpl.java:addPipeline(101)) - Created pipeline Pipeline[ Id: f313fd63-cb00-456a-b536-c2c36489174f, Nodes: 6b26db58-8644-4db9-9b06-0414a42a6dd8{ip: 10.1.0.5, host: fv-az151-582.yf2hydr00wburbhx3j5hxtcipe.bx.internal.cloudapp.net, ports: [REPLICATION=42833, RATIS=35787, RATIS_ADMIN=35787, RATIS_SERVER=35787, STANDALONE=39759], networkLocation: /default-rack, certSerialId: null, persistedOpState: IN_SERVICE, persistedOpStateExpiryEpochSec: 0}, ReplicationConfig: RATIS/ONE, State:ALLOCATED, leaderId:, CreationTimestamp2022-06-01T03:37:18.253Z[Etc/UTC]].
2022-06-01 03:37:18,271 [EventQueue-PipelineReportForOneReplicaPipelineSafeModeRule] INFO  safemode.SCMSafeModeManager (SCMSafeModeManager.java:validateSafeModeExitRules(204)) - AtleastOneDatanodeReportedRule rule is successfully validated
2022-06-01 03:37:18,882 [Listener at 127.0.0.1/42459] INFO  ozone.MiniOzoneClusterImpl (MiniOzoneClusterImpl.java:lambda$waitForClusterToBeReady$0(221)) - Waiting for nodes to be ready. Got 1 of 3 DN Heartbeats.
2022-06-01 03:37:18,882 [Listener at 127.0.0.1/42459] INFO  ozone.MiniOzoneClusterImpl (MiniOzoneClusterImpl.java:lambda$waitForClusterToBeReady$0(224)) - Waiting for cluster to exit safe mode
2022-06-01 03:37:18,882 [Listener at 127.0.0.1/42459] INFO  ozone.MiniOzoneClusterImpl (MiniOzoneClusterImpl.java:lambda$waitForClusterToBeReady$0(226)) - SCM became leader
2022-06-01 03:37:19,155 [IPC Server handler 1 on default port 46457] INFO  net.NetworkTopologyImpl (NetworkTopologyImpl.java:add(112)) - Added a new node: /default-rack/76d842b8-92bd-49ca-b07f-aee697bf2b9f
2022-06-01 03:37:19,156 [IPC Server handler 1 on default port 46457] INFO  node.SCMNodeManager (SCMNodeManager.java:register(393)) - Registered Data node : 76d842b8-92bd-49ca-b07f-aee697bf2b9f{ip: 10.1.0.5, host: fv-az151-582.yf2hydr00wburbhx3j5hxtcipe.bx.internal.cloudapp.net, ports: [REPLICATION=35339, RATIS=38797, RATIS_ADMIN=38797, RATIS_SERVER=38797, STANDALONE=40857], networkLocation: /default-rack, certSerialId: null, persistedOpState: null, persistedOpStateExpiryEpochSec: 0}
2022-06-01 03:37:19,157 [EventQueue-NewNodeForNewNodeHandler] INFO  pipeline.BackgroundPipelineCreator (BackgroundPipelineCreator.java:notifyEventTriggered(272)) - trigger a one-shot run on RatisPipelineUtilsThread.
2022-06-01 03:37:19,157 [EventQueue-NodeRegistrationContainerReportForDataNodeSafeModeRule] INFO  safemode.SCMSafeModeManager (DataNodeSafeModeRule.java:process(71)) - SCM in safe mode. 2 DataNodes registered, 3 required.
2022-06-01 03:37:19,164 [RatisPipelineUtilsThread - 0] INFO  pipeline.RatisPipelineProvider (RatisPipelineProvider.java:lambda$create$0(195)) - Sending CreatePipelineCommand for pipeline:PipelineID=ee7e2811-6122-486c-8595-e3bd0ad93559 to datanode:76d842b8-92bd-49ca-b07f-aee697bf2b9f
2022-06-01 03:37:19,165 [RatisPipelineUtilsThread - 0] INFO  pipeline.PipelineStateManagerImpl (PipelineStateManagerImpl.java:addPipeline(101)) - Created pipeline Pipeline[ Id: ee7e2811-6122-486c-8595-e3bd0ad93559, Nodes: 76d842b8-92bd-49ca-b07f-aee697bf2b9f{ip: 10.1.0.5, host: fv-az151-582.yf2hydr00wburbhx3j5hxtcipe.bx.internal.cloudapp.net, ports: [REPLICATION=35339, RATIS=38797, RATIS_ADMIN=38797, RATIS_SERVER=38797, STANDALONE=40857], networkLocation: /default-rack, certSerialId: null, persistedOpState: IN_SERVICE, persistedOpStateExpiryEpochSec: 0}, ReplicationConfig: RATIS/ONE, State:ALLOCATED, leaderId:, CreationTimestamp2022-06-01T03:37:19.164Z[Etc/UTC]].
2022-06-01 03:37:19,882 [Listener at 127.0.0.1/42459] INFO  ozone.MiniOzoneClusterImpl (MiniOzoneClusterImpl.java:lambda$waitForClusterToBeReady$0(221)) - Waiting for nodes to be ready. Got 2 of 3 DN Heartbeats.
2022-06-01 03:37:19,882 [Listener at 127.0.0.1/42459] INFO  ozone.MiniOzoneClusterImpl (MiniOzoneClusterImpl.java:lambda$waitForClusterToBeReady$0(224)) - Waiting for cluster to exit safe mode
2022-06-01 03:37:19,882 [Listener at 127.0.0.1/42459] INFO  ozone.MiniOzoneClusterImpl (MiniOzoneClusterImpl.java:lambda$waitForClusterToBeReady$0(226)) - SCM became leader
2022-06-01 03:37:19,953 [IPC Server handler 0 on default port 46457] INFO  net.NetworkTopologyImpl (NetworkTopologyImpl.java:add(112)) - Added a new node: /default-rack/0fa7b21d-5839-4490-b3f6-ed1aaeb3a71c
2022-06-01 03:37:19,953 [IPC Server handler 0 on default port 46457] INFO  node.SCMNodeManager (SCMNodeManager.java:register(393)) - Registered Data node : 0fa7b21d-5839-4490-b3f6-ed1aaeb3a71c{ip: 10.1.0.5, host: fv-az151-582.yf2hydr00wburbhx3j5hxtcipe.bx.internal.cloudapp.net, ports: [REPLICATION=46797, RATIS=44417, RATIS_ADMIN=44417, RATIS_SERVER=44417, STANDALONE=34631], networkLocation: /default-rack, certSerialId: null, persistedOpState: null, persistedOpStateExpiryEpochSec: 0}
2022-06-01 03:37:19,953 [EventQueue-NewNodeForNewNodeHandler] INFO  pipeline.BackgroundPipelineCreator (BackgroundPipelineCreator.java:notifyEventTriggered(272)) - trigger a one-shot run on RatisPipelineUtilsThread.
2022-06-01 03:37:19,953 [EventQueue-NodeRegistrationContainerReportForDataNodeSafeModeRule] INFO  safemode.SCMSafeModeManager (DataNodeSafeModeRule.java:process(71)) - SCM in safe mode. 3 DataNodes registered, 3 required.
2022-06-01 03:37:19,953 [EventQueue-NodeRegistrationContainerReportForDataNodeSafeModeRule] INFO  safemode.SCMSafeModeManager (SCMSafeModeManager.java:validateSafeModeExitRules(204)) - DataNodeSafeModeRule rule is successfully validated
2022-06-01 03:37:19,953 [EventQueue-NodeRegistrationContainerReportForDataNodeSafeModeRule] INFO  safemode.SCMSafeModeManager (SCMSafeModeManager.java:completePreCheck(233)) - All SCM safe mode pre check rules have passed
2022-06-01 03:37:19,954 [EventQueue-NodeRegistrationContainerReportForDataNodeSafeModeRule] WARN  events.EventQueue (EventQueue.java:fireEvent(194)) - No event handler registered for event TypedEvent{payloadType=SafeModeStatus, name='Safe mode status'}
2022-06-01 03:37:19,954 [EventQueue-NodeRegistrationContainerReportForDataNodeSafeModeRule] INFO  ha.SCMContext (SCMContext.java:updateSafeModeStatus(211)) - Update SafeModeStatus from SafeModeStatus{safeModeStatus=true, preCheckPassed=false} to SafeModeStatus{safeModeStatus=true, preCheckPassed=true}.
2022-06-01 03:37:19,954 [EventQueue-NodeRegistrationContainerReportForDataNodeSafeModeRule] INFO  pipeline.BackgroundPipelineCreator (BackgroundPipelineCreator.java:notifyEventTriggered(272)) - trigger a one-shot run on RatisPipelineUtilsThread.
2022-06-01 03:37:19,956 [RatisPipelineUtilsThread - 0] INFO  pipeline.RatisPipelineProvider (RatisPipelineProvider.java:lambda$create$0(195)) - Sending CreatePipelineCommand for pipeline:PipelineID=6551b117-c2d0-4f14-a2d9-817780d197d6 to datanode:0fa7b21d-5839-4490-b3f6-ed1aaeb3a71c
2022-06-01 03:37:19,956 [RatisPipelineUtilsThread - 0] INFO  pipeline.PipelineStateManagerImpl (PipelineStateManagerImpl.java:addPipeline(101)) - Created pipeline Pipeline[ Id: 6551b117-c2d0-4f14-a2d9-817780d197d6, Nodes: 0fa7b21d-5839-4490-b3f6-ed1aaeb3a71c{ip: 10.1.0.5, host: fv-az151-582.yf2hydr00wburbhx3j5hxtcipe.bx.internal.cloudapp.net, ports: [REPLICATION=46797, RATIS=44417, RATIS_ADMIN=44417, RATIS_SERVER=44417, STANDALONE=34631], networkLocation: /default-rack, certSerialId: null, persistedOpState: IN_SERVICE, persistedOpStateExpiryEpochSec: 0}, ReplicationConfig: RATIS/ONE, State:ALLOCATED, leaderId:, CreationTimestamp2022-06-01T03:37:19.956Z[Etc/UTC]].
2022-06-01 03:37:19,957 [RatisPipelineUtilsThread - 0] INFO  pipeline.RatisPipelineProvider (RatisPipelineProvider.java:lambda$create$0(195)) - Sending CreatePipelineCommand for pipeline:PipelineID=d5efa481-0467-4e7b-8b94-498dd53841a7 to datanode:6b26db58-8644-4db9-9b06-0414a42a6dd8
2022-06-01 03:37:19,957 [RatisPipelineUtilsThread - 0] INFO  pipeline.RatisPipelineProvider (RatisPipelineProvider.java:lambda$create$0(195)) - Sending CreatePipelineCommand for pipeline:PipelineID=d5efa481-0467-4e7b-8b94-498dd53841a7 to datanode:0fa7b21d-5839-4490-b3f6-ed1aaeb3a71c
2022-06-01 03:37:19,957 [RatisPipelineUtilsThread - 0] INFO  pipeline.RatisPipelineProvider (RatisPipelineProvider.java:lambda$create$0(195)) - Sending CreatePipelineCommand for pipeline:PipelineID=d5efa481-0467-4e7b-8b94-498dd53841a7 to datanode:76d842b8-92bd-49ca-b07f-aee697bf2b9f
2022-06-01 03:37:19,957 [RatisPipelineUtilsThread - 0] INFO  pipeline.PipelineStateManagerImpl (PipelineStateManagerImpl.java:addPipeline(101)) - Created pipeline Pipeline[ Id: d5efa481-0467-4e7b-8b94-498dd53841a7, Nodes: 6b26db58-8644-4db9-9b06-0414a42a6dd8{ip: 10.1.0.5, host: fv-az151-582.yf2hydr00wburbhx3j5hxtcipe.bx.internal.cloudapp.net, ports: [REPLICATION=42833, RATIS=35787, RATIS_ADMIN=35787, RATIS_SERVER=35787, STANDALONE=39759], networkLocation: /default-rack, certSerialId: null, persistedOpState: IN_SERVICE, persistedOpStateExpiryEpochSec: 0}0fa7b21d-5839-4490-b3f6-ed1aaeb3a71c{ip: 10.1.0.5, host: fv-az151-582.yf2hydr00wburbhx3j5hxtcipe.bx.internal.cloudapp.net, ports: [REPLICATION=46797, RATIS=44417, RATIS_ADMIN=44417, RATIS_SERVER=44417, STANDALONE=34631], networkLocation: /default-rack, certSerialId: null, persistedOpState: IN_SERVICE, persistedOpStateExpiryEpochSec: 0}76d842b8-92bd-49ca-b07f-aee697bf2b9f{ip: 10.1.0.5, host: fv-az151-582.yf2hydr00wburbhx3j5hxtcipe.bx.internal.cloudapp.net, ports: [REPLICATION=35339, RATIS=38797, RATIS_ADMIN=38797, RATIS_SERVER=38797, STANDALONE=40857], networkLocation: /default-rack, certSerialId: null, persistedOpState: IN_SERVICE, persistedOpStateExpiryEpochSec: 0}, ReplicationConfig: RATIS/THREE, State:ALLOCATED, leaderId:, CreationTimestamp2022-06-01T03:37:19.957Z[Etc/UTC]].
2022-06-01 03:37:19,958 [RatisPipelineUtilsThread - 0] INFO  pipeline.RatisPipelineProvider (RatisPipelineProvider.java:lambda$create$0(195)) - Sending CreatePipelineCommand for pipeline:PipelineID=aa578444-0e46-47e9-b976-b6c92db5b829 to datanode:6b26db58-8644-4db9-9b06-0414a42a6dd8
2022-06-01 03:37:19,958 [RatisPipelineUtilsThread - 0] INFO  pipeline.RatisPipelineProvider (RatisPipelineProvider.java:lambda$create$0(195)) - Sending CreatePipelineCommand for pipeline:PipelineID=aa578444-0e46-47e9-b976-b6c92db5b829 to datanode:76d842b8-92bd-49ca-b07f-aee697bf2b9f
2022-06-01 03:37:19,958 [RatisPipelineUtilsThread - 0] INFO  pipeline.RatisPipelineProvider (RatisPipelineProvider.java:lambda$create$0(195)) - Sending CreatePipelineCommand for pipeline:PipelineID=aa578444-0e46-47e9-b976-b6c92db5b829 to datanode:0fa7b21d-5839-4490-b3f6-ed1aaeb3a71c
2022-06-01 03:37:19,958 [RatisPipelineUtilsThread - 0] INFO  pipeline.PipelineStateManagerImpl (PipelineStateManagerImpl.java:addPipeline(101)) - Created pipeline Pipeline[ Id: aa578444-0e46-47e9-b976-b6c92db5b829, Nodes: 6b26db58-8644-4db9-9b06-0414a42a6dd8{ip: 10.1.0.5, host: fv-az151-582.yf2hydr00wburbhx3j5hxtcipe.bx.internal.cloudapp.net, ports: [REPLICATION=42833, RATIS=35787, RATIS_ADMIN=35787, RATIS_SERVER=35787, STANDALONE=39759], networkLocation: /default-rack, certSerialId: null, persistedOpState: IN_SERVICE, persistedOpStateExpiryEpochSec: 0}76d842b8-92bd-49ca-b07f-aee697bf2b9f{ip: 10.1.0.5, host: fv-az151-582.yf2hydr00wburbhx3j5hxtcipe.bx.internal.cloudapp.net, ports: [REPLICATION=35339, RATIS=38797, RATIS_ADMIN=38797, RATIS_SERVER=38797, STANDALONE=40857], networkLocation: /default-rack, certSerialId: null, persistedOpState: IN_SERVICE, persistedOpStateExpiryEpochSec: 0}0fa7b21d-5839-4490-b3f6-ed1aaeb3a71c{ip: 10.1.0.5, host: fv-az151-582.yf2hydr00wburbhx3j5hxtcipe.bx.internal.cloudapp.net, ports: [REPLICATION=46797, RATIS=44417, RATIS_ADMIN=44417, RATIS_SERVER=44417, STANDALONE=34631], networkLocation: /default-rack, certSerialId: null, persistedOpState: IN_SERVICE, persistedOpStateExpiryEpochSec: 0}, ReplicationConfig: RATIS/THREE, State:ALLOCATED, leaderId:, CreationTimestamp2022-06-01T03:37:19.958Z[Etc/UTC]].
2022-06-01 03:37:19,958 [RatisPipelineUtilsThread - 0] INFO  pipeline.PipelineManagerImpl (PipelineManagerImpl.java:recordMetricsForPipeline(715)) - Pipeline: PipelineID=aa578444-0e46-47e9-b976-b6c92db5b829 contains same datanodes as previous pipelines: PipelineID=d5efa481-0467-4e7b-8b94-498dd53841a7 nodeIds: 6b26db58-8644-4db9-9b06-0414a42a6dd8, 76d842b8-92bd-49ca-b07f-aee697bf2b9f, 0fa7b21d-5839-4490-b3f6-ed1aaeb3a71c
2022-06-01 03:37:20,883 [Listener at 127.0.0.1/42459] INFO  ozone.MiniOzoneClusterImpl (MiniOzoneClusterImpl.java:lambda$waitForClusterToBeReady$0(221)) - Nodes are ready. Got 3 of 3 DN Heartbeats.
2022-06-01 03:37:20,883 [Listener at 127.0.0.1/42459] INFO  ozone.MiniOzoneClusterImpl (MiniOzoneClusterImpl.java:lambda$waitForClusterToBeReady$0(224)) - Waiting for cluster to exit safe mode
2022-06-01 03:37:20,883 [Listener at 127.0.0.1/42459] INFO  ozone.MiniOzoneClusterImpl (MiniOzoneClusterImpl.java:lambda$waitForClusterToBeReady$0(226)) - SCM became leader
2022-06-01 03:37:21,196 [Command processor thread] INFO  server.RaftServer (RaftServerProxy.java:addNew(96)) - 6b26db58-8644-4db9-9b06-0414a42a6dd8: addNew group-C2C36489174F:[6b26db58-8644-4db9-9b06-0414a42a6dd8|rpc:10.1.0.5:35787|priority:1] returns group-C2C36489174F:java.util.concurrent.CompletableFuture@1af8d893[Not completed]
2022-06-01 03:37:21,225 [pool-721-thread-1] INFO  server.RaftServer$Division (RaftServerImpl.java:<init>(190)) - 6b26db58-8644-4db9-9b06-0414a42a6dd8: new RaftServerImpl for group-C2C36489174F:[6b26db58-8644-4db9-9b06-0414a42a6dd8|rpc:10.1.0.5:35787|priority:1] with ContainerStateMachine:uninitialized
2022-06-01 03:37:21,225 [pool-721-thread-1] INFO  server.RaftServerConfigKeys (ConfUtils.java:logGet(46)) - raft.server.rpc.timeout.min = 5s (custom)
2022-06-01 03:37:21,227 [pool-721-thread-1] INFO  server.RaftServerConfigKeys (ConfUtils.java:logGet(46)) - raft.server.rpc.timeout.max = 5200ms (custom)
2022-06-01 03:37:21,228 [pool-721-thread-1] INFO  server.RaftServerConfigKeys (ConfUtils.java:logGet(46)) - raft.server.rpc.sleep.time = 25ms (default)
2022-06-01 03:37:21,228 [pool-721-thread-1] INFO  server.RaftServerConfigKeys (ConfUtils.java:logGet(46)) - raft.server.rpc.slowness.timeout = 300s (custom)
2022-06-01 03:37:21,228 [pool-721-thread-1] INFO  server.RaftServerConfigKeys (ConfUtils.java:logGet(46)) - raft.server.leaderelection.leader.step-down.wait-time = 10s (default)
2022-06-01 03:37:21,228 [pool-721-thread-1] INFO  server.RaftServerConfigKeys (ConfUtils.java:logGet(46)) - raft.server.sleep.deviation.threshold = 300ms (default)
2022-06-01 03:37:21,228 [pool-721-thread-1] INFO  server.RaftServer$Division (ServerState.java:<init>(107)) - 6b26db58-8644-4db9-9b06-0414a42a6dd8@group-C2C36489174F: ConfigurationManager, init=-1: [6b26db58-8644-4db9-9b06-0414a42a6dd8|rpc:10.1.0.5:35787|priority:1], old=null, confs=<EMPTY_MAP>
2022-06-01 03:37:21,228 [pool-721-thread-1] INFO  server.RaftServerConfigKeys (ConfUtils.java:logGet(46)) - raft.server.storage.dir = [/home/runner/work/ozone/ozone/hadoop-ozone/integration-test/target/test-dir/MiniOzoneClusterImpl-4b678c8b-8030-41e6-be3d-72ad8167f4c6/datanode-0/data/ratis] (custom)
2022-06-01 03:37:21,228 [pool-721-thread-1] INFO  server.RaftServerConfigKeys (ConfUtils.java:logGet(46)) - raft.server.log.corruption.policy = EXCEPTION (default)
2022-06-01 03:37:21,228 [pool-721-thread-1] INFO  server.RaftServerConfigKeys (ConfUtils.java:logGet(46)) - raft.server.storage.free-space.min = 0MB (=0) (default)
2022-06-01 03:37:21,228 [pool-721-thread-1] INFO  storage.RaftStorageDirectory (RaftStorageDirectoryImpl.java:analyzeStorage(135)) - The storage directory /home/runner/work/ozone/ozone/hadoop-ozone/integration-test/target/test-dir/MiniOzoneClusterImpl-4b678c8b-8030-41e6-be3d-72ad8167f4c6/datanode-0/data/ratis/f313fd63-cb00-456a-b536-c2c36489174f does not exist. Creating ...
2022-06-01 03:37:21,252 [pool-721-thread-1] INFO  storage.RaftStorageDirectory (RaftStorageDirectoryImpl.java:tryLock(230)) - Lock on /home/runner/work/ozone/ozone/hadoop-ozone/integration-test/target/test-dir/MiniOzoneClusterImpl-4b678c8b-8030-41e6-be3d-72ad8167f4c6/datanode-0/data/ratis/f313fd63-cb00-456a-b536-c2c36489174f/in_use.lock acquired by nodename 14781@fv-az151-582
2022-06-01 03:37:21,253 [pool-721-thread-1] INFO  storage.RaftStorage (RaftStorageImpl.java:format(89)) - Storage directory /home/runner/work/ozone/ozone/hadoop-ozone/integration-test/target/test-dir/MiniOzoneClusterImpl-4b678c8b-8030-41e6-be3d-72ad8167f4c6/datanode-0/data/ratis/f313fd63-cb00-456a-b536-c2c36489174f has been successfully formatted.
2022-06-01 03:37:21,255 [pool-721-thread-1] INFO  ratis.ContainerStateMachine (ContainerStateMachine.java:loadSnapshot(236)) - group-C2C36489174F: The snapshot info is null. Setting the last applied indexto:(t:0, i:~)
2022-06-01 03:37:21,255 [pool-721-thread-1] INFO  server.RaftServerConfigKeys (ConfUtils.java:logGet(46)) - raft.server.notification.no-leader.timeout = 300s (custom)
2022-06-01 03:37:21,255 [pool-721-thread-1] INFO  server.RaftServerConfigKeys (ConfUtils.java:logGet(46)) - raft.server.log.use.memory = false (default)
2022-06-01 03:37:21,255 [pool-721-thread-1] INFO  server.RaftServerConfigKeys (ConfUtils.java:logGet(46)) - raft.server.log.purge.gap = 1000000 (custom)
2022-06-01 03:37:21,255 [pool-721-thread-1] INFO  server.RaftServerConfigKeys (ConfUtils.java:logGet(46)) - raft.server.log.appender.buffer.byte-limit = 33554432 (custom)
2022-06-01 03:37:21,255 [pool-721-thread-1] INFO  server.RaftServerConfigKeys (ConfUtils.java:logGet(46)) - raft.server.log.statemachine.data.read.timeout = 1000ms (default)
2022-06-01 03:37:21,256 [pool-721-thread-1] INFO  server.RaftServerConfigKeys (ConfUtils.java:logGet(46)) - raft.server.log.segment.size.max = 1048576 (custom)
2022-06-01 03:37:21,256 [pool-721-thread-1] INFO  server.RaftServerConfigKeys (ConfUtils.java:logGet(46)) - raft.server.log.segment.cache.num.max = 2 (custom)
2022-06-01 03:37:21,256 [pool-721-thread-1] INFO  server.RaftServerConfigKeys (ConfUtils.java:logGet(46)) - raft.server.log.segment.cache.size.max = 200MB (=209715200) (default)
2022-06-01 03:37:21,256 [pool-721-thread-1] INFO  segmented.SegmentedRaftLogWorker (SegmentedRaftLogWorker.java:<init>(187)) - new 6b26db58-8644-4db9-9b06-0414a42a6dd8@group-C2C36489174F-SegmentedRaftLogWorker for RaftStorageImpl:Storage Directory /home/runner/work/ozone/ozone/hadoop-ozone/integration-test/target/test-dir/MiniOzoneClusterImpl-4b678c8b-8030-41e6-be3d-72ad8167f4c6/datanode-0/data/ratis/f313fd63-cb00-456a-b536-c2c36489174f
2022-06-01 03:37:21,256 [pool-721-thread-1] INFO  server.RaftServerConfigKeys (ConfUtils.java:logGet(46)) - raft.server.log.queue.byte-limit = 4294967296 (custom)
2022-06-01 03:37:21,256 [pool-721-thread-1] INFO  server.RaftServerConfigKeys (ConfUtils.java:logGet(46)) - raft.server.log.queue.element-limit = 1024 (custom)
2022-06-01 03:37:21,256 [pool-721-thread-1] INFO  server.RaftServerConfigKeys (ConfUtils.java:logGet(46)) - raft.server.log.segment.size.max = 1048576 (custom)
2022-06-01 03:37:21,256 [pool-721-thread-1] INFO  server.RaftServerConfigKeys (ConfUtils.java:logGet(46)) - raft.server.log.preallocated.size = 16384 (custom)
2022-06-01 03:37:21,257 [pool-721-thread-1] INFO  server.RaftServerConfigKeys (ConfUtils.java:logGet(46)) - raft.server.log.force.sync.num = 128 (default)
2022-06-01 03:37:21,257 [pool-721-thread-1] INFO  server.RaftServerConfigKeys (ConfUtils.java:logGet(46)) - raft.server.log.statemachine.data.sync = true (default)
2022-06-01 03:37:21,257 [pool-721-thread-1] INFO  server.RaftServerConfigKeys (ConfUtils.java:logGet(46)) - raft.server.log.statemachine.data.sync.timeout = 10s (default)
2022-06-01 03:37:21,257 [pool-721-thread-1] INFO  server.RaftServerConfigKeys (ConfUtils.java:logGet(46)) - raft.server.log.statemachine.data.sync.timeout.retry = -1 (default)
2022-06-01 03:37:21,258 [pool-721-thread-1] INFO  server.RaftServerConfigKeys (ConfUtils.java:logGet(46)) - raft.server.log.write.buffer.size = 1048576 (custom)
2022-06-01 03:37:21,258 [pool-721-thread-1] INFO  server.RaftServerConfigKeys (ConfUtils.java:logGet(46)) - raft.server.log.unsafe-flush.enabled = false (default)
2022-06-01 03:37:21,258 [pool-721-thread-1] INFO  server.RaftServerConfigKeys (ConfUtils.java:logGet(46)) - raft.server.log.statemachine.data.caching.enabled = true (custom)
2022-06-01 03:37:21,258 [pool-721-thread-1] INFO  segmented.SegmentedRaftLogWorker (SegmentedRaftLogWorker.java:lambda$new$0(135)) - 6b26db58-8644-4db9-9b06-0414a42a6dd8@group-C2C36489174F-SegmentedRaftLogWorker: flushIndex: setUnconditionally 0 -> -1
2022-06-01 03:37:21,258 [pool-721-thread-1] INFO  segmented.SegmentedRaftLogWorker (SegmentedRaftLogWorker.java:lambda$new$0(135)) - 6b26db58-8644-4db9-9b06-0414a42a6dd8@group-C2C36489174F-SegmentedRaftLogWorker: safeCacheEvictIndex: setUnconditionally 0 -> -1
2022-06-01 03:37:21,259 [EventQueue-PipelineReportForPipelineReportHandler] INFO  pipeline.PipelineManagerImpl (PipelineManagerImpl.java:openPipeline(356)) - Pipeline Pipeline[ Id: f313fd63-cb00-456a-b536-c2c36489174f, Nodes: 6b26db58-8644-4db9-9b06-0414a42a6dd8{ip: 10.1.0.5, host: fv-az151-582.yf2hydr00wburbhx3j5hxtcipe.bx.internal.cloudapp.net, ports: [REPLICATION=42833, RATIS=35787, RATIS_ADMIN=35787, RATIS_SERVER=35787, STANDALONE=39759], networkLocation: /default-rack, certSerialId: null, persistedOpState: IN_SERVICE, persistedOpStateExpiryEpochSec: 0}, ReplicationConfig: RATIS/ONE, State:ALLOCATED, leaderId:6b26db58-8644-4db9-9b06-0414a42a6dd8, CreationTimestamp2022-06-01T03:37:18.253Z[Etc/UTC]] moved to OPEN state
2022-06-01 03:37:21,264 [pool-721-thread-1] INFO  server.RaftServerConfigKeys (ConfUtils.java:logGet(46)) - raft.server.snapshot.auto.trigger.enabled = true (custom)
2022-06-01 03:37:21,264 [pool-721-thread-1] INFO  server.RaftServerConfigKeys (ConfUtils.java:logGet(46)) - raft.server.snapshot.auto.trigger.threshold = 10000 (custom)
2022-06-01 03:37:21,264 [pool-721-thread-1] INFO  server.RaftServerConfigKeys (ConfUtils.java:logGet(46)) - raft.server.snapshot.retention.file.num = 5 (custom)
2022-06-01 03:37:21,264 [pool-721-thread-1] INFO  server.RaftServerConfigKeys (ConfUtils.java:logGet(46)) - raft.server.log.purge.upto.snapshot.index = false (default)
2022-06-01 03:37:21,264 [pool-721-thread-1] INFO  server.RaftServerConfigKeys (ConfUtils.java:logGet(46)) - raft.server.retrycache.expirytime = 600000ms (custom)
2022-06-01 03:37:21,264 [pool-721-thread-1] INFO  server.RaftServerConfigKeys (ConfUtils.java:logGet(46)) - raft.server.retrycache.statistics.expirytime = 100μs (default)
2022-06-01 03:37:21,265 [pool-721-thread-1] INFO  server.RaftServerConfigKeys (ConfUtils.java:logGet(46)) - raft.server.log.appender.install.snapshot.enabled = false (custom)
2022-06-01 03:37:21,265 [pool-721-thread-1] INFO  server.RaftServerConfigKeys (ConfUtils.java:logGet(46)) - raft.server.threadpool.server.cached = true (default)
2022-06-01 03:37:21,265 [pool-721-thread-1] INFO  server.RaftServerConfigKeys (ConfUtils.java:logGet(46)) - raft.server.threadpool.server.size = 0 (default)
2022-06-01 03:37:21,265 [pool-721-thread-1] INFO  server.RaftServerConfigKeys (ConfUtils.java:logGet(46)) - raft.server.threadpool.client.cached = true (default)
2022-06-01 03:37:21,266 [pool-721-thread-1] INFO  server.RaftServerConfigKeys (ConfUtils.java:logGet(46)) - raft.server.threadpool.client.size = 0 (default)
2022-06-01 03:37:21,266 [pool-721-thread-1] INFO  server.RaftServer$Division (RaftServerImpl.java:start(310)) - 6b26db58-8644-4db9-9b06-0414a42a6dd8@group-C2C36489174F: start as a follower, conf=-1: [6b26db58-8644-4db9-9b06-0414a42a6dd8|rpc:10.1.0.5:35787|priority:1], old=null
2022-06-01 03:37:21,266 [pool-721-thread-1] INFO  server.RaftServer$Division (RaftServerImpl.java:setRole(299)) - 6b26db58-8644-4db9-9b06-0414a42a6dd8@group-C2C36489174F: changes role from      null to FOLLOWER at term 0 for startAsFollower
2022-06-01 03:37:21,266 [pool-721-thread-1] INFO  impl.RoleInfo (RoleInfo.java:updateAndGet(139)) - 6b26db58-8644-4db9-9b06-0414a42a6dd8: start 6b26db58-8644-4db9-9b06-0414a42a6dd8@group-C2C36489174F-FollowerState
2022-06-01 03:37:21,266 [pool-721-thread-1] INFO  util.JmxRegister (JmxRegister.java:tryRegister(44)) - Successfully registered JMX Bean with object name Ratis:service=RaftServer,group=group-C2C36489174F,id=6b26db58-8644-4db9-9b06-0414a42a6dd8
2022-06-01 03:37:21,267 [Command processor thread] INFO  ratis.XceiverServerRatis (XceiverServerRatis.java:addGroup(765)) - Created group PipelineID=f313fd63-cb00-456a-b536-c2c36489174f
2022-06-01 03:37:21,267 [Command processor thread] INFO  commandhandler.CreatePipelineCommandHandler (CreatePipelineCommandHandler.java:handle(113)) - Created Pipeline RATIS ONE PipelineID=f313fd63-cb00-456a-b536-c2c36489174f.
2022-06-01 03:37:21,267 [Command processor thread] INFO  server.RaftServer (RaftServerProxy.java:addNew(96)) - 6b26db58-8644-4db9-9b06-0414a42a6dd8: addNew group-498DD53841A7:[6b26db58-8644-4db9-9b06-0414a42a6dd8|rpc:10.1.0.5:35787|priority:0, 0fa7b21d-5839-4490-b3f6-ed1aaeb3a71c|rpc:10.1.0.5:44417|priority:1, 76d842b8-92bd-49ca-b07f-aee697bf2b9f|rpc:10.1.0.5:38797|priority:0] returns group-498DD53841A7:java.util.concurrent.CompletableFuture@1ec74f14[Not completed]
2022-06-01 03:37:21,268 [pool-721-thread-1] INFO  server.RaftServer$Division (RaftServerImpl.java:<init>(190)) - 6b26db58-8644-4db9-9b06-0414a42a6dd8: new RaftServerImpl for group-498DD53841A7:[6b26db58-8644-4db9-9b06-0414a42a6dd8|rpc:10.1.0.5:35787|priority:0, 0fa7b21d-5839-4490-b3f6-ed1aaeb3a71c|rpc:10.1.0.5:44417|priority:1, 76d842b8-92bd-49ca-b07f-aee697bf2b9f|rpc:10.1.0.5:38797|priority:0] with ContainerStateMachine:uninitialized
2022-06-01 03:37:21,268 [pool-721-thread-1] INFO  server.RaftServerConfigKeys (ConfUtils.java:logGet(46)) - raft.server.rpc.timeout.min = 5s (custom)
2022-06-01 03:37:21,268 [pool-721-thread-1] INFO  server.RaftServerConfigKeys (ConfUtils.java:logGet(46)) - raft.server.rpc.timeout.max = 5200ms (custom)
2022-06-01 03:37:21,268 [pool-721-thread-1] INFO  server.RaftServerConfigKeys (ConfUtils.java:logGet(46)) - raft.server.rpc.sleep.time = 25ms (default)
2022-06-01 03:37:21,268 [pool-721-thread-1] INFO  server.RaftServerConfigKeys (ConfUtils.java:logGet(46)) - raft.server.rpc.slowness.timeout = 300s (custom)
2022-06-01 03:37:21,268 [pool-721-thread-1] INFO  server.RaftServerConfigKeys (ConfUtils.java:logGet(46)) - raft.server.leaderelection.leader.step-down.wait-time = 10s (default)
2022-06-01 03:37:21,268 [pool-721-thread-1] INFO  server.RaftServerConfigKeys (ConfUtils.java:logGet(46)) - raft.server.sleep.deviation.threshold = 300ms (default)
2022-06-01 03:37:21,268 [pool-721-thread-1] INFO  server.RaftServer$Division (ServerState.java:<init>(107)) - 6b26db58-8644-4db9-9b06-0414a42a6dd8@group-498DD53841A7: ConfigurationManager, init=-1: [6b26db58-8644-4db9-9b06-0414a42a6dd8|rpc:10.1.0.5:35787|priority:0, 0fa7b21d-5839-4490-b3f6-ed1aaeb3a71c|rpc:10.1.0.5:44417|priority:1, 76d842b8-92bd-49ca-b07f-aee697bf2b9f|rpc:10.1.0.5:38797|priority:0], old=null, confs=<EMPTY_MAP>
2022-06-01 03:37:21,269 [pool-721-thread-1] INFO  server.RaftServerConfigKeys (ConfUtils.java:logGet(46)) - raft.server.storage.dir = [/home/runner/work/ozone/ozone/hadoop-ozone/integration-test/target/test-dir/MiniOzoneClusterImpl-4b678c8b-8030-41e6-be3d-72ad8167f4c6/datanode-0/data/ratis] (custom)
2022-06-01 03:37:21,269 [pool-721-thread-1] INFO  server.RaftServerConfigKeys (ConfUtils.java:logGet(46)) - raft.server.log.corruption.policy = EXCEPTION (default)
2022-06-01 03:37:21,269 [pool-721-thread-1] INFO  server.RaftServerConfigKeys (ConfUtils.java:logGet(46)) - raft.server.storage.free-space.min = 0MB (=0) (default)
2022-06-01 03:37:21,269 [pool-721-thread-1] INFO  storage.RaftStorageDirectory (RaftStorageDirectoryImpl.java:analyzeStorage(135)) - The storage directory /home/runner/work/ozone/ozone/hadoop-ozone/integration-test/target/test-dir/MiniOzoneClusterImpl-4b678c8b-8030-41e6-be3d-72ad8167f4c6/datanode-0/data/ratis/d5efa481-0467-4e7b-8b94-498dd53841a7 does not exist. Creating ...
2022-06-01 03:37:21,275 [pool-721-thread-1] INFO  storage.RaftStorageDirectory (RaftStorageDirectoryImpl.java:tryLock(230)) - Lock on /home/runner/work/ozone/ozone/hadoop-ozone/integration-test/target/test-dir/MiniOzoneClusterImpl-4b678c8b-8030-41e6-be3d-72ad8167f4c6/datanode-0/data/ratis/d5efa481-0467-4e7b-8b94-498dd53841a7/in_use.lock acquired by nodename 14781@fv-az151-582
2022-06-01 03:37:21,293 [pool-721-thread-1] INFO  storage.RaftStorage (RaftStorageImpl.java:format(89)) - Storage directory /home/runner/work/ozone/ozone/hadoop-ozone/integration-test/target/test-dir/MiniOzoneClusterImpl-4b678c8b-8030-41e6-be3d-72ad8167f4c6/datanode-0/data/ratis/d5efa481-0467-4e7b-8b94-498dd53841a7 has been successfully formatted.
2022-06-01 03:37:21,293 [pool-721-thread-1] INFO  ratis.ContainerStateMachine (ContainerStateMachine.java:loadSnapshot(236)) - group-498DD53841A7: The snapshot info is null. Setting the last applied indexto:(t:0, i:~)
2022-06-01 03:37:21,293 [pool-721-thread-1] INFO  server.RaftServerConfigKeys (ConfUtils.java:logGet(46)) - raft.server.notification.no-leader.timeout = 300s (custom)
2022-06-01 03:37:21,293 [pool-721-thread-1] INFO  server.RaftServerConfigKeys (ConfUtils.java:logGet(46)) - raft.server.log.use.memory = false (default)
2022-06-01 03:37:21,293 [pool-721-thread-1] INFO  server.RaftServerConfigKeys (ConfUtils.java:logGet(46)) - raft.server.log.purge.gap = 1000000 (custom)
2022-06-01 03:37:21,293 [pool-721-thread-1] INFO  server.RaftServerConfigKeys (ConfUtils.java:logGet(46)) - raft.server.log.appender.buffer.byte-limit = 33554432 (custom)
2022-06-01 03:37:21,293 [pool-721-thread-1] INFO  server.RaftServerConfigKeys (ConfUtils.java:logGet(46)) - raft.server.log.statemachine.data.read.timeout = 1000ms (default)
2022-06-01 03:37:21,293 [pool-721-thread-1] INFO  server.RaftServerConfigKeys (ConfUtils.java:logGet(46)) - raft.server.log.segment.size.max = 1048576 (custom)
2022-06-01 03:37:21,294 [pool-721-thread-1] INFO  server.RaftServerConfigKeys (ConfUtils.java:logGet(46)) - raft.server.log.segment.cache.num.max = 2 (custom)
2022-06-01 03:37:21,294 [pool-721-thread-1] INFO  server.RaftServerConfigKeys (ConfUtils.java:logGet(46)) - raft.server.log.segment.cache.size.max = 200MB (=209715200) (default)
2022-06-01 03:37:21,294 [pool-721-thread-1] INFO  segmented.SegmentedRaftLogWorker (SegmentedRaftLogWorker.java:<init>(187)) - new 6b26db58-8644-4db9-9b06-0414a42a6dd8@group-498DD53841A7-SegmentedRaftLogWorker for RaftStorageImpl:Storage Directory /home/runner/work/ozone/ozone/hadoop-ozone/integration-test/target/test-dir/MiniOzoneClusterImpl-4b678c8b-8030-41e6-be3d-72ad8167f4c6/datanode-0/data/ratis/d5efa481-0467-4e7b-8b94-498dd53841a7
2022-06-01 03:37:21,294 [pool-721-thread-1] INFO  server.RaftServerConfigKeys (ConfUtils.java:logGet(46)) - raft.server.log.queue.byte-limit = 4294967296 (custom)
2022-06-01 03:37:21,294 [pool-721-thread-1] INFO  server.RaftServerConfigKeys (ConfUtils.java:logGet(46)) - raft.server.log.queue.element-limit = 1024 (custom)
2022-06-01 03:37:21,294 [pool-721-thread-1] INFO  server.RaftServerConfigKeys (ConfUtils.java:logGet(46)) - raft.server.log.segment.size.max = 1048576 (custom)
2022-06-01 03:37:21,294 [pool-721-thread-1] INFO  server.RaftServerConfigKeys (ConfUtils.java:logGet(46)) - raft.server.log.preallocated.size = 16384 (custom)
2022-06-01 03:37:21,294 [pool-721-thread-1] INFO  server.RaftServerConfigKeys (ConfUtils.java:logGet(46)) - raft.server.log.force.sync.num = 128 (default)
2022-06-01 03:37:21,294 [pool-721-thread-1] INFO  server.RaftServerConfigKeys (ConfUtils.java:logGet(46)) - raft.server.log.statemachine.data.sync = true (default)
2022-06-01 03:37:21,294 [pool-721-thread-1] INFO  server.RaftServerConfigKeys (ConfUtils.java:logGet(46)) - raft.server.log.statemachine.data.sync.timeout = 10s (default)
2022-06-01 03:37:21,294 [pool-721-thread-1] INFO  server.RaftServerConfigKeys (ConfUtils.java:logGet(46)) - raft.server.log.statemachine.data.sync.timeout.retry = -1 (default)
2022-06-01 03:37:21,295 [pool-721-thread-1] INFO  server.RaftServerConfigKeys (ConfUtils.java:logGet(46)) - raft.server.log.write.buffer.size = 1048576 (custom)
2022-06-01 03:37:21,295 [pool-721-thread-1] INFO  server.RaftServerConfigKeys (ConfUtils.java:logGet(46)) - raft.server.log.unsafe-flush.enabled = false (default)
2022-06-01 03:37:21,295 [pool-721-thread-1] INFO  server.RaftServerConfigKeys (ConfUtils.java:logGet(46)) - raft.server.log.statemachine.data.caching.enabled = true (custom)
2022-06-01 03:37:21,296 [pool-721-thread-1] INFO  segmented.SegmentedRaftLogWorker (SegmentedRaftLogWorker.java:lambda$new$0(135)) - 6b26db58-8644-4db9-9b06-0414a42a6dd8@group-498DD53841A7-SegmentedRaftLogWorker: flushIndex: setUnconditionally 0 -> -1
2022-06-01 03:37:21,296 [pool-721-thread-1] INFO  segmented.SegmentedRaftLogWorker (SegmentedRaftLogWorker.java:lambda$new$0(135)) - 6b26db58-8644-4db9-9b06-0414a42a6dd8@group-498DD53841A7-SegmentedRaftLogWorker: safeCacheEvictIndex: setUnconditionally 0 -> -1
2022-06-01 03:37:21,312 [pool-721-thread-1] INFO  server.RaftServerConfigKeys (ConfUtils.java:logGet(46)) - raft.server.snapshot.auto.trigger.enabled = true (custom)
2022-06-01 03:37:21,312 [pool-721-thread-1] INFO  server.RaftServerConfigKeys (ConfUtils.java:logGet(46)) - raft.server.snapshot.auto.trigger.threshold = 10000 (custom)
2022-06-01 03:37:21,313 [pool-721-thread-1] INFO  server.RaftServerConfigKeys (ConfUtils.java:logGet(46)) - raft.server.snapshot.retention.file.num = 5 (custom)
2022-06-01 03:37:21,313 [pool-721-thread-1] INFO  server.RaftServerConfigKeys (ConfUtils.java:logGet(46)) - raft.server.log.purge.upto.snapshot.index = false (default)
2022-06-01 03:37:21,313 [pool-721-thread-1] INFO  server.RaftServerConfigKeys (ConfUtils.java:logGet(46)) - raft.server.retrycache.expirytime = 600000ms (custom)
2022-06-01 03:37:21,313 [pool-721-thread-1] INFO  server.RaftServerConfigKeys (ConfUtils.java:logGet(46)) - raft.server.retrycache.statistics.expirytime = 100μs (default)
2022-06-01 03:37:21,314 [pool-721-thread-1] INFO  server.RaftServerConfigKeys (ConfUtils.java:logGet(46)) - raft.server.log.appender.install.snapshot.enabled = false (custom)
2022-06-01 03:37:21,314 [pool-721-thread-1] INFO  server.RaftServerConfigKeys (ConfUtils.java:logGet(46)) - raft.server.threadpool.server.cached = true (default)
2022-06-01 03:37:21,314 [pool-721-thread-1] INFO  server.RaftServerConfigKeys (ConfUtils.java:logGet(46)) - raft.server.threadpool.server.size = 0 (default)
2022-06-01 03:37:21,314 [pool-721-thread-1] INFO  server.RaftServerConfigKeys (ConfUtils.java:logGet(46)) - raft.server.threadpool.client.cached = true (default)
2022-06-01 03:37:21,314 [pool-721-thread-1] INFO  server.RaftServerConfigKeys (ConfUtils.java:logGet(46)) - raft.server.threadpool.client.size = 0 (default)
2022-06-01 03:37:21,314 [pool-721-thread-1] INFO  server.RaftServer$Division (RaftServerImpl.java:start(310)) - 6b26db58-8644-4db9-9b06-0414a42a6dd8@group-498DD53841A7: start as a follower, conf=-1: [6b26db58-8644-4db9-9b06-0414a42a6dd8|rpc:10.1.0.5:35787|priority:0, 0fa7b21d-5839-4490-b3f6-ed1aaeb3a71c|rpc:10.1.0.5:44417|priority:1, 76d842b8-92bd-49ca-b07f-aee697bf2b9f|rpc:10.1.0.5:38797|priority:0], old=null
2022-06-01 03:37:21,314 [pool-721-thread-1] INFO  server.RaftServer$Division (RaftServerImpl.java:setRole(299)) - 6b26db58-8644-4db9-9b06-0414a42a6dd8@group-498DD53841A7: changes role from      null to FOLLOWER at term 0 for startAsFollower
2022-06-01 03:37:21,314 [pool-721-thread-1] INFO  impl.RoleInfo (RoleInfo.java:updateAndGet(139)) - 6b26db58-8644-4db9-9b06-0414a42a6dd8: start 6b26db58-8644-4db9-9b06-0414a42a6dd8@group-498DD53841A7-FollowerState
2022-06-01 03:37:21,315 [pool-721-thread-1] INFO  util.JmxRegister (JmxRegister.java:tryRegister(44)) - Successfully registered JMX Bean with object name Ratis:service=RaftServer,group=group-498DD53841A7,id=6b26db58-8644-4db9-9b06-0414a42a6dd8
2022-06-01 03:37:21,320 [EventQueue-OpenPipelineForHealthyPipelineSafeModeRule] INFO  safemode.SCMSafeModeManager (HealthyPipelineSafeModeRule.java:process(124)) - SCM in safe mode. Healthy pipelines reported count is 0, required healthy pipeline reported count is 1
2022-06-01 03:37:21,321 [EventQueue-OpenPipelineForHealthyPipelineSafeModeRule] INFO  safemode.SCMSafeModeManager (HealthyPipelineSafeModeRule.java:process(124)) - SCM in safe mode. Healthy pipelines reported count is 0, required healthy pipeline reported count is 1
2022-06-01 03:37:21,351 [Command processor thread] INFO  ratis.XceiverServerRatis (XceiverServerRatis.java:addGroup(765)) - Created group PipelineID=d5efa481-0467-4e7b-8b94-498dd53841a7
2022-06-01 03:37:21,419 [grpc-default-executor-0] INFO  server.RaftServer (RaftServerProxy.java:addNew(96)) - 0fa7b21d-5839-4490-b3f6-ed1aaeb3a71c: addNew group-498DD53841A7:[6b26db58-8644-4db9-9b06-0414a42a6dd8|rpc:10.1.0.5:35787|dataStream:|priority:0, 0fa7b21d-5839-4490-b3f6-ed1aaeb3a71c|rpc:10.1.0.5:44417|dataStream:|priority:1, 76d842b8-92bd-49ca-b07f-aee697bf2b9f|rpc:10.1.0.5:38797|dataStream:|priority:0] returns group-498DD53841A7:java.util.concurrent.CompletableFuture@43eeb782[Not completed]
2022-06-01 03:37:21,436 [pool-765-thread-1] INFO  server.RaftServer$Division (RaftServerImpl.java:<init>(190)) - 0fa7b21d-5839-4490-b3f6-ed1aaeb3a71c: new RaftServerImpl for group-498DD53841A7:[6b26db58-8644-4db9-9b06-0414a42a6dd8|rpc:10.1.0.5:35787|dataStream:|priority:0, 0fa7b21d-5839-4490-b3f6-ed1aaeb3a71c|rpc:10.1.0.5:44417|dataStream:|priority:1, 76d842b8-92bd-49ca-b07f-aee697bf2b9f|rpc:10.1.0.5:38797|dataStream:|priority:0] with ContainerStateMachine:uninitialized
2022-06-01 03:37:21,436 [pool-765-thread-1] INFO  server.RaftServerConfigKeys (ConfUtils.java:logGet(46)) - raft.server.rpc.timeout.min = 5s (custom)
2022-06-01 03:37:21,436 [pool-765-thread-1] INFO  server.RaftServerConfigKeys (ConfUtils.java:logGet(46)) - raft.server.rpc.timeout.max = 5200ms (custom)
2022-06-01 03:37:21,437 [pool-765-thread-1] INFO  server.RaftServerConfigKeys (ConfUtils.java:logGet(46)) - raft.server.rpc.sleep.time = 25ms (default)
2022-06-01 03:37:21,437 [pool-765-thread-1] INFO  server.RaftServerConfigKeys (ConfUtils.java:logGet(46)) - raft.server.rpc.slowness.timeout = 300s (custom)
2022-06-01 03:37:21,437 [pool-765-thread-1] INFO  server.RaftServerConfigKeys (ConfUtils.java:logGet(46)) - raft.server.leaderelection.leader.step-down.wait-time = 10s (default)
2022-06-01 03:37:21,437 [pool-765-thread-1] INFO  server.RaftServerConfigKeys (ConfUtils.java:logGet(46)) - raft.server.sleep.deviation.threshold = 300ms (default)
2022-06-01 03:37:21,437 [pool-765-thread-1] INFO  server.RaftServer$Division (ServerState.java:<init>(107)) - 0fa7b21d-5839-4490-b3f6-ed1aaeb3a71c@group-498DD53841A7: ConfigurationManager, init=-1: [6b26db58-8644-4db9-9b06-0414a42a6dd8|rpc:10.1.0.5:35787|dataStream:|priority:0, 0fa7b21d-5839-4490-b3f6-ed1aaeb3a71c|rpc:10.1.0.5:44417|dataStream:|priority:1, 76d842b8-92bd-49ca-b07f-aee697bf2b9f|rpc:10.1.0.5:38797|dataStream:|priority:0], old=null, confs=<EMPTY_MAP>
2022-06-01 03:37:21,437 [pool-765-thread-1] INFO  server.RaftServerConfigKeys (ConfUtils.java:logGet(46)) - raft.server.storage.dir = [/home/runner/work/ozone/ozone/hadoop-ozone/integration-test/target/test-dir/MiniOzoneClusterImpl-4b678c8b-8030-41e6-be3d-72ad8167f4c6/datanode-2/data/ratis] (custom)
2022-06-01 03:37:21,437 [pool-765-thread-1] INFO  server.RaftServerConfigKeys (ConfUtils.java:logGet(46)) - raft.server.log.corruption.policy = EXCEPTION (default)
2022-06-01 03:37:21,437 [pool-765-thread-1] INFO  server.RaftServerConfigKeys (ConfUtils.java:logGet(46)) - raft.server.storage.free-space.min = 0MB (=0) (default)
2022-06-01 03:37:21,437 [pool-765-thread-1] INFO  storage.RaftStorageDirectory (RaftStorageDirectoryImpl.java:analyzeStorage(135)) - The storage directory /home/runner/work/ozone/ozone/hadoop-ozone/integration-test/target/test-dir/MiniOzoneClusterImpl-4b678c8b-8030-41e6-be3d-72ad8167f4c6/datanode-2/data/ratis/d5efa481-0467-4e7b-8b94-498dd53841a7 does not exist. Creating ...
2022-06-01 03:37:21,447 [pool-765-thread-1] INFO  storage.RaftStorageDirectory (RaftStorageDirectoryImpl.java:tryLock(230)) - Lock on /home/runner/work/ozone/ozone/hadoop-ozone/integration-test/target/test-dir/MiniOzoneClusterImpl-4b678c8b-8030-41e6-be3d-72ad8167f4c6/datanode-2/data/ratis/d5efa481-0467-4e7b-8b94-498dd53841a7/in_use.lock acquired by nodename 14781@fv-az151-582
2022-06-01 03:37:21,449 [pool-765-thread-1] INFO  storage.RaftStorage (RaftStorageImpl.java:format(89)) - Storage directory /home/runner/work/ozone/ozone/hadoop-ozone/integration-test/target/test-dir/MiniOzoneClusterImpl-4b678c8b-8030-41e6-be3d-72ad8167f4c6/datanode-2/data/ratis/d5efa481-0467-4e7b-8b94-498dd53841a7 has been successfully formatted.
2022-06-01 03:37:21,487 [pool-765-thread-1] INFO  ratis.ContainerStateMachine (ContainerStateMachine.java:loadSnapshot(236)) - group-498DD53841A7: The snapshot info is null. Setting the last applied indexto:(t:0, i:~)
2022-06-01 03:37:21,488 [pool-765-thread-1] INFO  server.RaftServerConfigKeys (ConfUtils.java:logGet(46)) - raft.server.notification.no-leader.timeout = 300s (custom)
2022-06-01 03:37:21,488 [pool-765-thread-1] INFO  server.RaftServerConfigKeys (ConfUtils.java:logGet(46)) - raft.server.log.use.memory = false (default)
2022-06-01 03:37:21,488 [pool-765-thread-1] INFO  server.RaftServerConfigKeys (ConfUtils.java:logGet(46)) - raft.server.log.purge.gap = 1000000 (custom)
2022-06-01 03:37:21,488 [pool-765-thread-1] INFO  server.RaftServerConfigKeys (ConfUtils.java:logGet(46)) - raft.server.log.appender.buffer.byte-limit = 33554432 (custom)
2022-06-01 03:37:21,488 [pool-765-thread-1] INFO  server.RaftServerConfigKeys (ConfUtils.java:logGet(46)) - raft.server.log.statemachine.data.read.timeout = 1000ms (default)
2022-06-01 03:37:21,488 [pool-765-thread-1] INFO  server.RaftServerConfigKeys (ConfUtils.java:logGet(46)) - raft.server.log.segment.size.max = 1048576 (custom)
2022-06-01 03:37:21,488 [pool-765-thread-1] INFO  server.RaftServerConfigKeys (ConfUtils.java:logGet(46)) - raft.server.log.segment.cache.num.max = 2 (custom)
2022-06-01 03:37:21,489 [pool-765-thread-1] INFO  server.RaftServerConfigKeys (ConfUtils.java:logGet(46)) - raft.server.log.segment.cache.size.max = 200MB (=209715200) (default)
2022-06-01 03:37:21,489 [pool-765-thread-1] INFO  segmented.SegmentedRaftLogWorker (SegmentedRaftLogWorker.java:<init>(187)) - new 0fa7b21d-5839-4490-b3f6-ed1aaeb3a71c@group-498DD53841A7-SegmentedRaftLogWorker for RaftStorageImpl:Storage Directory /home/runner/work/ozone/ozone/hadoop-ozone/integration-test/target/test-dir/MiniOzoneClusterImpl-4b678c8b-8030-41e6-be3d-72ad8167f4c6/datanode-2/data/ratis/d5efa481-0467-4e7b-8b94-498dd53841a7
2022-06-01 03:37:21,489 [pool-765-thread-1] INFO  server.RaftServerConfigKeys (ConfUtils.java:logGet(46)) - raft.server.log.queue.byte-limit = 4294967296 (custom)
2022-06-01 03:37:21,489 [pool-765-thread-1] INFO  server.RaftServerConfigKeys (ConfUtils.java:logGet(46)) - raft.server.log.queue.element-limit = 1024 (custom)
2022-06-01 03:37:21,489 [pool-765-thread-1] INFO  server.RaftServerConfigKeys (ConfUtils.java:logGet(46)) - raft.server.log.segment.size.max = 1048576 (custom)
2022-06-01 03:37:21,489 [pool-765-thread-1] INFO  server.RaftServerConfigKeys (ConfUtils.java:logGet(46)) - raft.server.log.preallocated.size = 16384 (custom)
2022-06-01 03:37:21,489 [pool-765-thread-1] INFO  server.RaftServerConfigKeys (ConfUtils.java:logGet(46)) - raft.server.log.force.sync.num = 128 (default)
2022-06-01 03:37:21,489 [pool-765-thread-1] INFO  server.RaftServerConfigKeys (ConfUtils.java:logGet(46)) - raft.server.log.statemachine.data.sync = true (default)
2022-06-01 03:37:21,489 [pool-765-thread-1] INFO  server.RaftServerConfigKeys (ConfUtils.java:logGet(46)) - raft.server.log.statemachine.data.sync.timeout = 10s (default)
2022-06-01 03:37:21,489 [pool-765-thread-1] INFO  server.RaftServerConfigKeys (ConfUtils.java:logGet(46)) - raft.server.log.statemachine.data.sync.timeout.retry = -1 (default)
2022-06-01 03:37:21,490 [pool-765-thread-1] INFO  server.RaftServerConfigKeys (ConfUtils.java:logGet(46)) - raft.server.log.write.buffer.size = 1048576 (custom)
2022-06-01 03:37:21,490 [pool-765-thread-1] INFO  server.RaftServerConfigKeys (ConfUtils.java:logGet(46)) - raft.server.log.unsafe-flush.enabled = false (default)
2022-06-01 03:37:21,490 [pool-765-thread-1] INFO  server.RaftServerConfigKeys (ConfUtils.java:logGet(46)) - raft.server.log.statemachine.data.caching.enabled = true (custom)
2022-06-01 03:37:21,490 [pool-765-thread-1] INFO  segmented.SegmentedRaftLogWorker (SegmentedRaftLogWorker.java:lambda$new$0(135)) - 0fa7b21d-5839-4490-b3f6-ed1aaeb3a71c@group-498DD53841A7-SegmentedRaftLogWorker: flushIndex: setUnconditionally 0 -> -1
2022-06-01 03:37:21,490 [pool-765-thread-1] INFO  segmented.SegmentedRaftLogWorker (SegmentedRaftLogWorker.java:lambda$new$0(135)) - 0fa7b21d-5839-4490-b3f6-ed1aaeb3a71c@group-498DD53841A7-SegmentedRaftLogWorker: safeCacheEvictIndex: setUnconditionally 0 -> -1
2022-06-01 03:37:21,498 [pool-765-thread-1] INFO  server.RaftServerConfigKeys (ConfUtils.java:logGet(46)) - raft.server.snapshot.auto.trigger.enabled = true (custom)
2022-06-01 03:37:21,498 [pool-765-thread-1] INFO  server.RaftServerConfigKeys (ConfUtils.java:logGet(46)) - raft.server.snapshot.auto.trigger.threshold = 10000 (custom)
2022-06-01 03:37:21,498 [pool-765-thread-1] INFO  server.RaftServerConfigKeys (ConfUtils.java:logGet(46)) - raft.server.snapshot.retention.file.num = 5 (custom)
2022-06-01 03:37:21,498 [pool-765-thread-1] INFO  server.RaftServerConfigKeys (ConfUtils.java:logGet(46)) - raft.server.log.purge.upto.snapshot.index = false (default)
2022-06-01 03:37:21,499 [pool-765-thread-1] INFO  server.RaftServerConfigKeys (ConfUtils.java:logGet(46)) - raft.server.retrycache.expirytime = 600000ms (custom)
2022-06-01 03:37:21,499 [pool-765-thread-1] INFO  server.RaftServerConfigKeys (ConfUtils.java:logGet(46)) - raft.server.retrycache.statistics.expirytime = 100μs (default)
2022-06-01 03:37:21,500 [pool-765-thread-1] INFO  server.RaftServerConfigKeys (ConfUtils.java:logGet(46)) - raft.server.log.appender.install.snapshot.enabled = false (custom)
2022-06-01 03:37:21,500 [pool-765-thread-1] INFO  server.RaftServerConfigKeys (ConfUtils.java:logGet(46)) - raft.server.threadpool.server.cached = true (default)
2022-06-01 03:37:21,500 [pool-765-thread-1] INFO  server.RaftServerConfigKeys (ConfUtils.java:logGet(46)) - raft.server.threadpool.server.size = 0 (default)
2022-06-01 03:37:21,500 [pool-765-thread-1] INFO  server.RaftServerConfigKeys (ConfUtils.java:logGet(46)) - raft.server.threadpool.client.cached = true (default)
2022-06-01 03:37:21,500 [pool-765-thread-1] INFO  server.RaftServerConfigKeys (ConfUtils.java:logGet(46)) - raft.server.threadpool.client.size = 0 (default)
2022-06-01 03:37:21,500 [pool-765-thread-1] INFO  server.RaftServer$Division (RaftServerImpl.java:start(310)) - 0fa7b21d-5839-4490-b3f6-ed1aaeb3a71c@group-498DD53841A7: start as a follower, conf=-1: [6b26db58-8644-4db9-9b06-0414a42a6dd8|rpc:10.1.0.5:35787|dataStream:|priority:0, 0fa7b21d-5839-4490-b3f6-ed1aaeb3a71c|rpc:10.1.0.5:44417|dataStream:|priority:1, 76d842b8-92bd-49ca-b07f-aee697bf2b9f|rpc:10.1.0.5:38797|dataStream:|priority:0], old=null
2022-06-01 03:37:21,500 [pool-765-thread-1] INFO  server.RaftServer$Division (RaftServerImpl.java:setRole(299)) - 0fa7b21d-5839-4490-b3f6-ed1aaeb3a71c@group-498DD53841A7: changes role from      null to FOLLOWER at term 0 for startAsFollower
2022-06-01 03:37:21,500 [pool-765-thread-1] INFO  impl.RoleInfo (RoleInfo.java:updateAndGet(139)) - 0fa7b21d-5839-4490-b3f6-ed1aaeb3a71c: start 0fa7b21d-5839-4490-b3f6-ed1aaeb3a71c@group-498DD53841A7-FollowerState
2022-06-01 03:37:21,501 [pool-765-thread-1] INFO  util.JmxRegister (JmxRegister.java:tryRegister(44)) - Successfully registered JMX Bean with object name Ratis:service=RaftServer,group=group-498DD53841A7,id=0fa7b21d-5839-4490-b3f6-ed1aaeb3a71c
2022-06-01 03:37:21,552 [grpc-default-executor-0] INFO  server.RaftServer (RaftServerProxy.java:addNew(96)) - 76d842b8-92bd-49ca-b07f-aee697bf2b9f: addNew group-498DD53841A7:[6b26db58-8644-4db9-9b06-0414a42a6dd8|rpc:10.1.0.5:35787|dataStream:|priority:0, 0fa7b21d-5839-4490-b3f6-ed1aaeb3a71c|rpc:10.1.0.5:44417|dataStream:|priority:1, 76d842b8-92bd-49ca-b07f-aee697bf2b9f|rpc:10.1.0.5:38797|dataStream:|priority:0] returns group-498DD53841A7:java.util.concurrent.CompletableFuture@429dcc4b[Not completed]
2022-06-01 03:37:21,560 [pool-743-thread-1] INFO  server.RaftServer$Division (RaftServerImpl.java:<init>(190)) - 76d842b8-92bd-49ca-b07f-aee697bf2b9f: new RaftServerImpl for group-498DD53841A7:[6b26db58-8644-4db9-9b06-0414a42a6dd8|rpc:10.1.0.5:35787|dataStream:|priority:0, 0fa7b21d-5839-4490-b3f6-ed1aaeb3a71c|rpc:10.1.0.5:44417|dataStream:|priority:1, 76d842b8-92bd-49ca-b07f-aee697bf2b9f|rpc:10.1.0.5:38797|dataStream:|priority:0] with ContainerStateMachine:uninitialized
2022-06-01 03:37:21,560 [pool-743-thread-1] INFO  server.RaftServerConfigKeys (ConfUtils.java:logGet(46)) - raft.server.rpc.timeout.min = 5s (custom)
2022-06-01 03:37:21,560 [pool-743-thread-1] INFO  server.RaftServerConfigKeys (ConfUtils.java:logGet(46)) - raft.server.rpc.timeout.max = 5200ms (custom)
2022-06-01 03:37:21,560 [pool-743-thread-1] INFO  server.RaftServerConfigKeys (ConfUtils.java:logGet(46)) - raft.server.rpc.sleep.time = 25ms (default)
2022-06-01 03:37:21,560 [pool-743-thread-1] INFO  server.RaftServerConfigKeys (ConfUtils.java:logGet(46)) - raft.server.rpc.slowness.timeout = 300s (custom)
2022-06-01 03:37:21,560 [pool-743-thread-1] INFO  server.RaftServerConfigKeys (ConfUtils.java:logGet(46)) - raft.server.leaderelection.leader.step-down.wait-time = 10s (default)
2022-06-01 03:37:21,561 [pool-743-thread-1] INFO  server.RaftServerConfigKeys (ConfUtils.java:logGet(46)) - raft.server.sleep.deviation.threshold = 300ms (default)
2022-06-01 03:37:21,561 [pool-743-thread-1] INFO  server.RaftServer$Division (ServerState.java:<init>(107)) - 76d842b8-92bd-49ca-b07f-aee697bf2b9f@group-498DD53841A7: ConfigurationManager, init=-1: [6b26db58-8644-4db9-9b06-0414a42a6dd8|rpc:10.1.0.5:35787|dataStream:|priority:0, 0fa7b21d-5839-4490-b3f6-ed1aaeb3a71c|rpc:10.1.0.5:44417|dataStream:|priority:1, 76d842b8-92bd-49ca-b07f-aee697bf2b9f|rpc:10.1.0.5:38797|dataStream:|priority:0], old=null, confs=<EMPTY_MAP>
2022-06-01 03:37:21,561 [pool-743-thread-1] INFO  server.RaftServerConfigKeys (ConfUtils.java:logGet(46)) - raft.server.storage.dir = [/home/runner/work/ozone/ozone/hadoop-ozone/integration-test/target/test-dir/MiniOzoneClusterImpl-4b678c8b-8030-41e6-be3d-72ad8167f4c6/datanode-1/data/ratis] (custom)
2022-06-01 03:37:21,561 [pool-743-thread-1] INFO  server.RaftServerConfigKeys (ConfUtils.java:logGet(46)) - raft.server.log.corruption.policy = EXCEPTION (default)
2022-06-01 03:37:21,561 [pool-743-thread-1] INFO  server.RaftServerConfigKeys (ConfUtils.java:logGet(46)) - raft.server.storage.free-space.min = 0MB (=0) (default)
2022-06-01 03:37:21,561 [pool-743-thread-1] INFO  storage.RaftStorageDirectory (RaftStorageDirectoryImpl.java:analyzeStorage(135)) - The storage directory /home/runner/work/ozone/ozone/hadoop-ozone/integration-test/target/test-dir/MiniOzoneClusterImpl-4b678c8b-8030-41e6-be3d-72ad8167f4c6/datanode-1/data/ratis/d5efa481-0467-4e7b-8b94-498dd53841a7 does not exist. Creating ...
2022-06-01 03:37:21,570 [pool-743-thread-1] INFO  storage.RaftStorageDirectory (RaftStorageDirectoryImpl.java:tryLock(230)) - Lock on /home/runner/work/ozone/ozone/hadoop-ozone/integration-test/target/test-dir/MiniOzoneClusterImpl-4b678c8b-8030-41e6-be3d-72ad8167f4c6/datanode-1/data/ratis/d5efa481-0467-4e7b-8b94-498dd53841a7/in_use.lock acquired by nodename 14781@fv-az151-582
2022-06-01 03:37:21,582 [pool-743-thread-1] INFO  storage.RaftStorage (RaftStorageImpl.java:format(89)) - Storage directory /home/runner/work/ozone/ozone/hadoop-ozone/integration-test/target/test-dir/MiniOzoneClusterImpl-4b678c8b-8030-41e6-be3d-72ad8167f4c6/datanode-1/data/ratis/d5efa481-0467-4e7b-8b94-498dd53841a7 has been successfully formatted.
2022-06-01 03:37:21,583 [pool-743-thread-1] INFO  ratis.ContainerStateMachine (ContainerStateMachine.java:loadSnapshot(236)) - group-498DD53841A7: The snapshot info is null. Setting the last applied indexto:(t:0, i:~)
2022-06-01 03:37:21,584 [pool-743-thread-1] INFO  server.RaftServerConfigKeys (ConfUtils.java:logGet(46)) - raft.server.notification.no-leader.timeout = 300s (custom)
2022-06-01 03:37:21,584 [pool-743-thread-1] INFO  server.RaftServerConfigKeys (ConfUtils.java:logGet(46)) - raft.server.log.use.memory = false (default)
2022-06-01 03:37:21,584 [pool-743-thread-1] INFO  server.RaftServerConfigKeys (ConfUtils.java:logGet(46)) - raft.server.log.purge.gap = 1000000 (custom)
2022-06-01 03:37:21,584 [pool-743-thread-1] INFO  server.RaftServerConfigKeys (ConfUtils.java:logGet(46)) - raft.server.log.appender.buffer.byte-limit = 33554432 (custom)
2022-06-01 03:37:21,585 [pool-743-thread-1] INFO  server.RaftServerConfigKeys (ConfUtils.java:logGet(46)) - raft.server.log.statemachine.data.read.timeout = 1000ms (default)
2022-06-01 03:37:21,585 [pool-743-thread-1] INFO  server.RaftServerConfigKeys (ConfUtils.java:logGet(46)) - raft.server.log.segment.size.max = 1048576 (custom)
2022-06-01 03:37:21,585 [pool-743-thread-1] INFO  server.RaftServerConfigKeys (ConfUtils.java:logGet(46)) - raft.server.log.segment.cache.num.max = 2 (custom)
2022-06-01 03:37:21,585 [pool-743-thread-1] INFO  server.RaftServerConfigKeys (ConfUtils.java:logGet(46)) - raft.server.log.segment.cache.size.max = 200MB (=209715200) (default)
2022-06-01 03:37:21,585 [pool-743-thread-1] INFO  segmented.SegmentedRaftLogWorker (SegmentedRaftLogWorker.java:<init>(187)) - new 76d842b8-92bd-49ca-b07f-aee697bf2b9f@group-498DD53841A7-SegmentedRaftLogWorker for RaftStorageImpl:Storage Directory /home/runner/work/ozone/ozone/hadoop-ozone/integration-test/target/test-dir/MiniOzoneClusterImpl-4b678c8b-8030-41e6-be3d-72ad8167f4c6/datanode-1/data/ratis/d5efa481-0467-4e7b-8b94-498dd53841a7
2022-06-01 03:37:21,585 [pool-743-thread-1] INFO  server.RaftServerConfigKeys (ConfUtils.java:logGet(46)) - raft.server.log.queue.byte-limit = 4294967296 (custom)
2022-06-01 03:37:21,585 [pool-743-thread-1] INFO  server.RaftServerConfigKeys (ConfUtils.java:logGet(46)) - raft.server.log.queue.element-limit = 1024 (custom)
2022-06-01 03:37:21,585 [pool-743-thread-1] INFO  server.RaftServerConfigKeys (ConfUtils.java:logGet(46)) - raft.server.log.segment.size.max = 1048576 (custom)
2022-06-01 03:37:21,585 [pool-743-thread-1] INFO  server.RaftServerConfigKeys (ConfUtils.java:logGet(46)) - raft.server.log.preallocated.size = 16384 (custom)
2022-06-01 03:37:21,585 [pool-743-thread-1] INFO  server.RaftServerConfigKeys (ConfUtils.java:logGet(46)) - raft.server.log.force.sync.num = 128 (default)
2022-06-01 03:37:21,585 [pool-743-thread-1] INFO  server.RaftServerConfigKeys (ConfUtils.java:logGet(46)) - raft.server.log.statemachine.data.sync = true (default)
2022-06-01 03:37:21,585 [pool-743-thread-1] INFO  server.RaftServerConfigKeys (ConfUtils.java:logGet(46)) - raft.server.log.statemachine.data.sync.timeout = 10s (default)
2022-06-01 03:37:21,585 [pool-743-thread-1] INFO  server.RaftServerConfigKeys (ConfUtils.java:logGet(46)) - raft.server.log.statemachine.data.sync.timeout.retry = -1 (default)
2022-06-01 03:37:21,586 [pool-743-thread-1] INFO  server.RaftServerConfigKeys (ConfUtils.java:logGet(46)) - raft.server.log.write.buffer.size = 1048576 (custom)
2022-06-01 03:37:21,587 [pool-743-thread-1] INFO  server.RaftServerConfigKeys (ConfUtils.java:logGet(46)) - raft.server.log.unsafe-flush.enabled = false (default)
2022-06-01 03:37:21,587 [pool-743-thread-1] INFO  server.RaftServerConfigKeys (ConfUtils.java:logGet(46)) - raft.server.log.statemachine.data.caching.enabled = true (custom)
2022-06-01 03:37:21,587 [pool-743-thread-1] INFO  segmented.SegmentedRaftLogWorker (SegmentedRaftLogWorker.java:lambda$new$0(135)) - 76d842b8-92bd-49ca-b07f-aee697bf2b9f@group-498DD53841A7-SegmentedRaftLogWorker: flushIndex: setUnconditionally 0 -> -1
2022-06-01 03:37:21,587 [pool-743-thread-1] INFO  segmented.SegmentedRaftLogWorker (SegmentedRaftLogWorker.java:lambda$new$0(135)) - 76d842b8-92bd-49ca-b07f-aee697bf2b9f@group-498DD53841A7-SegmentedRaftLogWorker: safeCacheEvictIndex: setUnconditionally 0 -> -1
2022-06-01 03:37:21,587 [pool-743-thread-1] INFO  server.RaftServerConfigKeys (ConfUtils.java:logGet(46)) - raft.server.snapshot.auto.trigger.enabled = true (custom)
2022-06-01 03:37:21,588 [pool-743-thread-1] INFO  server.RaftServerConfigKeys (ConfUtils.java:logGet(46)) - raft.server.snapshot.auto.trigger.threshold = 10000 (custom)
2022-06-01 03:37:21,588 [pool-743-thread-1] INFO  server.RaftServerConfigKeys (ConfUtils.java:logGet(46)) - raft.server.snapshot.retention.file.num = 5 (custom)
2022-06-01 03:37:21,588 [pool-743-thread-1] INFO  server.RaftServerConfigKeys (ConfUtils.java:logGet(46)) - raft.server.log.purge.upto.snapshot.index = false (default)
2022-06-01 03:37:21,588 [pool-743-thread-1] INFO  server.RaftServerConfigKeys (ConfUtils.java:logGet(46)) - raft.server.retrycache.expirytime = 600000ms (custom)
2022-06-01 03:37:21,588 [pool-743-thread-1] INFO  server.RaftServerConfigKeys (ConfUtils.java:logGet(46)) - raft.server.retrycache.statistics.expirytime = 100μs (default)
2022-06-01 03:37:21,589 [pool-743-thread-1] INFO  server.RaftServerConfigKeys (ConfUtils.java:logGet(46)) - raft.server.log.appender.install.snapshot.enabled = false (custom)
2022-06-01 03:37:21,589 [pool-743-thread-1] INFO  server.RaftServerConfigKeys (ConfUtils.java:logGet(46)) - raft.server.threadpool.server.cached = true (default)
2022-06-01 03:37:21,589 [pool-743-thread-1] INFO  server.RaftServerConfigKeys (ConfUtils.java:logGet(46)) - raft.server.threadpool.server.size = 0 (default)
2022-06-01 03:37:21,589 [pool-743-thread-1] INFO  server.RaftServerConfigKeys (ConfUtils.java:logGet(46)) - raft.server.threadpool.client.cached = true (default)
2022-06-01 03:37:21,589 [pool-743-thread-1] INFO  server.RaftServerConfigKeys (ConfUtils.java:logGet(46)) - raft.server.threadpool.client.size = 0 (default)
2022-06-01 03:37:21,589 [pool-743-thread-1] INFO  server.RaftServer$Division (RaftServerImpl.java:start(310)) - 76d842b8-92bd-49ca-b07f-aee697bf2b9f@group-498DD53841A7: start as a follower, conf=-1: [6b26db58-8644-4db9-9b06-0414a42a6dd8|rpc:10.1.0.5:35787|dataStream:|priority:0, 0fa7b21d-5839-4490-b3f6-ed1aaeb3a71c|rpc:10.1.0.5:44417|dataStream:|priority:1, 76d842b8-92bd-49ca-b07f-aee697bf2b9f|rpc:10.1.0.5:38797|dataStream:|priority:0], old=null
2022-06-01 03:37:21,589 [pool-743-thread-1] INFO  server.RaftServer$Division (RaftServerImpl.java:setRole(299)) - 76d842b8-92bd-49ca-b07f-aee697bf2b9f@group-498DD53841A7: changes role from      null to FOLLOWER at term 0 for startAsFollower
2022-06-01 03:37:21,589 [pool-743-thread-1] INFO  impl.RoleInfo (RoleInfo.java:updateAndGet(139)) - 76d842b8-92bd-49ca-b07f-aee697bf2b9f: start 76d842b8-92bd-49ca-b07f-aee697bf2b9f@group-498DD53841A7-FollowerState
2022-06-01 03:37:21,604 [pool-743-thread-1] INFO  util.JmxRegister (JmxRegister.java:tryRegister(44)) - Successfully registered JMX Bean with object name Ratis:service=RaftServer,group=group-498DD53841A7,id=76d842b8-92bd-49ca-b07f-aee697bf2b9f
2022-06-01 03:37:21,624 [Command processor thread] INFO  commandhandler.CreatePipelineCommandHandler (CreatePipelineCommandHandler.java:handle(113)) - Created Pipeline RATIS THREE PipelineID=d5efa481-0467-4e7b-8b94-498dd53841a7.
2022-06-01 03:37:21,624 [Command processor thread] INFO  server.RaftServer (RaftServerProxy.java:addNew(96)) - 6b26db58-8644-4db9-9b06-0414a42a6dd8: addNew group-B6C92DB5B829:[6b26db58-8644-4db9-9b06-0414a42a6dd8|rpc:10.1.0.5:35787|priority:1, 0fa7b21d-5839-4490-b3f6-ed1aaeb3a71c|rpc:10.1.0.5:44417|priority:0, 76d842b8-92bd-49ca-b07f-aee697bf2b9f|rpc:10.1.0.5:38797|priority:0] returns group-B6C92DB5B829:java.util.concurrent.CompletableFuture@8e177e2[Not completed]
2022-06-01 03:37:21,625 [pool-721-thread-1] INFO  server.RaftServer$Division (RaftServerImpl.java:<init>(190)) - 6b26db58-8644-4db9-9b06-0414a42a6dd8: new RaftServerImpl for group-B6C92DB5B829:[6b26db58-8644-4db9-9b06-0414a42a6dd8|rpc:10.1.0.5:35787|priority:1, 0fa7b21d-5839-4490-b3f6-ed1aaeb3a71c|rpc:10.1.0.5:44417|priority:0, 76d842b8-92bd-49ca-b07f-aee697bf2b9f|rpc:10.1.0.5:38797|priority:0] with ContainerStateMachine:uninitialized
2022-06-01 03:37:21,625 [pool-721-thread-1] INFO  server.RaftServerConfigKeys (ConfUtils.java:logGet(46)) - raft.server.rpc.timeout.min = 5s (custom)
2022-06-01 03:37:21,625 [pool-721-thread-1] INFO  server.RaftServerConfigKeys (ConfUtils.java:logGet(46)) - raft.server.rpc.timeout.max = 5200ms (custom)
2022-06-01 03:37:21,625 [pool-721-thread-1] INFO  server.RaftServerConfigKeys (ConfUtils.java:logGet(46)) - raft.server.rpc.sleep.time = 25ms (default)
2022-06-01 03:37:21,625 [pool-721-thread-1] INFO  server.RaftServerConfigKeys (ConfUtils.java:logGet(46)) - raft.server.rpc.slowness.timeout = 300s (custom)
2022-06-01 03:37:21,625 [pool-721-thread-1] INFO  server.RaftServerConfigKeys (ConfUtils.java:logGet(46)) - raft.server.leaderelection.leader.step-down.wait-time = 10s (default)
2022-06-01 03:37:21,625 [pool-721-thread-1] INFO  server.RaftServerConfigKeys (ConfUtils.java:logGet(46)) - raft.server.sleep.deviation.threshold = 300ms (default)
2022-06-01 03:37:21,625 [pool-721-thread-1] INFO  server.RaftServer$Division (ServerState.java:<init>(107)) - 6b26db58-8644-4db9-9b06-0414a42a6dd8@group-B6C92DB5B829: ConfigurationManager, init=-1: [6b26db58-8644-4db9-9b06-0414a42a6dd8|rpc:10.1.0.5:35787|priority:1, 0fa7b21d-5839-4490-b3f6-ed1aaeb3a71c|rpc:10.1.0.5:44417|priority:0, 76d842b8-92bd-49ca-b07f-aee697bf2b9f|rpc:10.1.0.5:38797|priority:0], old=null, confs=<EMPTY_MAP>
2022-06-01 03:37:21,625 [pool-721-thread-1] INFO  server.RaftServerConfigKeys (ConfUtils.java:logGet(46)) - raft.server.storage.dir = [/home/runner/work/ozone/ozone/hadoop-ozone/integration-test/target/test-dir/MiniOzoneClusterImpl-4b678c8b-8030-41e6-be3d-72ad8167f4c6/datanode-0/data/ratis] (custom)
2022-06-01 03:37:21,626 [pool-721-thread-1] INFO  server.RaftServerConfigKeys (ConfUtils.java:logGet(46)) - raft.server.log.corruption.policy = EXCEPTION (default)
2022-06-01 03:37:21,626 [pool-721-thread-1] INFO  server.RaftServerConfigKeys (ConfUtils.java:logGet(46)) - raft.server.storage.free-space.min = 0MB (=0) (default)
2022-06-01 03:37:21,626 [pool-721-thread-1] INFO  storage.RaftStorageDirectory (RaftStorageDirectoryImpl.java:analyzeStorage(135)) - The storage directory /home/runner/work/ozone/ozone/hadoop-ozone/integration-test/target/test-dir/MiniOzoneClusterImpl-4b678c8b-8030-41e6-be3d-72ad8167f4c6/datanode-0/data/ratis/aa578444-0e46-47e9-b976-b6c92db5b829 does not exist. Creating ...
2022-06-01 03:37:21,626 [pool-721-thread-1] INFO  storage.RaftStorageDirectory (RaftStorageDirectoryImpl.java:tryLock(230)) - Lock on /home/runner/work/ozone/ozone/hadoop-ozone/integration-test/target/test-dir/MiniOzoneClusterImpl-4b678c8b-8030-41e6-be3d-72ad8167f4c6/datanode-0/data/ratis/aa578444-0e46-47e9-b976-b6c92db5b829/in_use.lock acquired by nodename 14781@fv-az151-582
2022-06-01 03:37:21,627 [pool-721-thread-1] INFO  storage.RaftStorage (RaftStorageImpl.java:format(89)) - Storage directory /home/runner/work/ozone/ozone/hadoop-ozone/integration-test/target/test-dir/MiniOzoneClusterImpl-4b678c8b-8030-41e6-be3d-72ad8167f4c6/datanode-0/data/ratis/aa578444-0e46-47e9-b976-b6c92db5b829 has been successfully formatted.
2022-06-01 03:37:21,628 [pool-721-thread-1] INFO  ratis.ContainerStateMachine (ContainerStateMachine.java:loadSnapshot(236)) - group-B6C92DB5B829: The snapshot info is null. Setting the last applied indexto:(t:0, i:~)
2022-06-01 03:37:21,628 [pool-721-thread-1] INFO  server.RaftServerConfigKeys (ConfUtils.java:logGet(46)) - raft.server.notification.no-leader.timeout = 300s (custom)
2022-06-01 03:37:21,628 [pool-721-thread-1] INFO  server.RaftServerConfigKeys (ConfUtils.java:logGet(46)) - raft.server.log.use.memory = false (default)
2022-06-01 03:37:21,628 [pool-721-thread-1] INFO  server.RaftServerConfigKeys (ConfUtils.java:logGet(46)) - raft.server.log.purge.gap = 1000000 (custom)
2022-06-01 03:37:21,628 [pool-721-thread-1] INFO  server.RaftServerConfigKeys (ConfUtils.java:logGet(46)) - raft.server.log.appender.buffer.byte-limit = 33554432 (custom)
2022-06-01 03:37:21,628 [pool-721-thread-1] INFO  server.RaftServerConfigKeys (ConfUtils.java:logGet(46)) - raft.server.log.statemachine.data.read.timeout = 1000ms (default)
2022-06-01 03:37:21,628 [pool-721-thread-1] INFO  server.RaftServerConfigKeys (ConfUtils.java:logGet(46)) - raft.server.log.segment.size.max = 1048576 (custom)
2022-06-01 03:37:21,629 [pool-721-thread-1] INFO  server.RaftServerConfigKeys (ConfUtils.java:logGet(46)) - raft.server.log.segment.cache.num.max = 2 (custom)
2022-06-01 03:37:21,629 [pool-721-thread-1] INFO  server.RaftServerConfigKeys (ConfUtils.java:logGet(46)) - raft.server.log.segment.cache.size.max = 200MB (=209715200) (default)
2022-06-01 03:37:21,629 [pool-721-thread-1] INFO  segmented.SegmentedRaftLogWorker (SegmentedRaftLogWorker.java:<init>(187)) - new 6b26db58-8644-4db9-9b06-0414a42a6dd8@group-B6C92DB5B829-SegmentedRaftLogWorker for RaftStorageImpl:Storage Directory /home/runner/work/ozone/ozone/hadoop-ozone/integration-test/target/test-dir/MiniOzoneClusterImpl-4b678c8b-8030-41e6-be3d-72ad8167f4c6/datanode-0/data/ratis/aa578444-0e46-47e9-b976-b6c92db5b829
2022-06-01 03:37:21,629 [pool-721-thread-1] INFO  server.RaftServerConfigKeys (ConfUtils.java:logGet(46)) - raft.server.log.queue.byte-limit = 4294967296 (custom)
2022-06-01 03:37:21,629 [pool-721-thread-1] INFO  server.RaftServerConfigKeys (ConfUtils.java:logGet(46)) - raft.server.log.queue.element-limit = 1024 (custom)
2022-06-01 03:37:21,629 [pool-721-thread-1] INFO  server.RaftServerConfigKeys (ConfUtils.java:logGet(46)) - raft.server.log.segment.size.max = 1048576 (custom)
2022-06-01 03:37:21,629 [pool-721-thread-1] INFO  server.RaftServerConfigKeys (ConfUtils.java:logGet(46)) - raft.server.log.preallocated.size = 16384 (custom)
2022-06-01 03:37:21,629 [pool-721-thread-1] INFO  server.RaftServerConfigKeys (ConfUtils.java:logGet(46)) - raft.server.log.force.sync.num = 128 (default)
2022-06-01 03:37:21,629 [pool-721-thread-1] INFO  server.RaftServerConfigKeys (ConfUtils.java:logGet(46)) - raft.server.log.statemachine.data.sync = true (default)
2022-06-01 03:37:21,629 [pool-721-thread-1] INFO  server.RaftServerConfigKeys (ConfUtils.java:logGet(46)) - raft.server.log.statemachine.data.sync.timeout = 10s (default)
2022-06-01 03:37:21,629 [pool-721-thread-1] INFO  server.RaftServerConfigKeys (ConfUtils.java:logGet(46)) - raft.server.log.statemachine.data.sync.timeout.retry = -1 (default)
2022-06-01 03:37:21,630 [pool-721-thread-1] INFO  server.RaftServerConfigKeys (ConfUtils.java:logGet(46)) - raft.server.log.write.buffer.size = 1048576 (custom)
2022-06-01 03:37:21,631 [pool-721-thread-1] INFO  server.RaftServerConfigKeys (ConfUtils.java:logGet(46)) - raft.server.log.unsafe-flush.enabled = false (default)
2022-06-01 03:37:21,631 [pool-721-thread-1] INFO  server.RaftServerConfigKeys (ConfUtils.java:logGet(46)) - raft.server.log.statemachine.data.caching.enabled = true (custom)
2022-06-01 03:37:21,631 [pool-721-thread-1] INFO  segmented.SegmentedRaftLogWorker (SegmentedRaftLogWorker.java:lambda$new$0(135)) - 6b26db58-8644-4db9-9b06-0414a42a6dd8@group-B6C92DB5B829-SegmentedRaftLogWorker: flushIndex: setUnconditionally 0 -> -1
2022-06-01 03:37:21,631 [pool-721-thread-1] INFO  segmented.SegmentedRaftLogWorker (SegmentedRaftLogWorker.java:lambda$new$0(135)) - 6b26db58-8644-4db9-9b06-0414a42a6dd8@group-B6C92DB5B829-SegmentedRaftLogWorker: safeCacheEvictIndex: setUnconditionally 0 -> -1
2022-06-01 03:37:21,631 [pool-721-thread-1] INFO  server.RaftServerConfigKeys (ConfUtils.java:logGet(46)) - raft.server.snapshot.auto.trigger.enabled = true (custom)
2022-06-01 03:37:21,631 [pool-721-thread-1] INFO  server.RaftServerConfigKeys (ConfUtils.java:logGet(46)) - raft.server.snapshot.auto.trigger.threshold = 10000 (custom)
2022-06-01 03:37:21,631 [pool-721-thread-1] INFO  server.RaftServerConfigKeys (ConfUtils.java:logGet(46)) - raft.server.snapshot.retention.file.num = 5 (custom)
2022-06-01 03:37:21,631 [pool-721-thread-1] INFO  server.RaftServerConfigKeys (ConfUtils.java:logGet(46)) - raft.server.log.purge.upto.snapshot.index = false (default)
2022-06-01 03:37:21,631 [pool-721-thread-1] INFO  server.RaftServerConfigKeys (ConfUtils.java:logGet(46)) - raft.server.retrycache.expirytime = 600000ms (custom)
2022-06-01 03:37:21,631 [pool-721-thread-1] INFO  server.RaftServerConfigKeys (ConfUtils.java:logGet(46)) - raft.server.retrycache.statistics.expirytime = 100μs (default)
2022-06-01 03:37:21,633 [pool-721-thread-1] INFO  server.RaftServerConfigKeys (ConfUtils.java:logGet(46)) - raft.server.log.appender.install.snapshot.enabled = false (custom)
2022-06-01 03:37:21,633 [pool-721-thread-1] INFO  server.RaftServerConfigKeys (ConfUtils.java:logGet(46)) - raft.server.threadpool.server.cached = true (default)
2022-06-01 03:37:21,633 [pool-721-thread-1] INFO  server.RaftServerConfigKeys (ConfUtils.java:logGet(46)) - raft.server.threadpool.server.size = 0 (default)
2022-06-01 03:37:21,633 [pool-721-thread-1] INFO  server.RaftServerConfigKeys (ConfUtils.java:logGet(46)) - raft.server.threadpool.client.cached = true (default)
2022-06-01 03:37:21,633 [pool-721-thread-1] INFO  server.RaftServerConfigKeys (ConfUtils.java:logGet(46)) - raft.server.threadpool.client.size = 0 (default)
2022-06-01 03:37:21,633 [pool-721-thread-1] INFO  server.RaftServer$Division (RaftServerImpl.java:start(310)) - 6b26db58-8644-4db9-9b06-0414a42a6dd8@group-B6C92DB5B829: start as a follower, conf=-1: [6b26db58-8644-4db9-9b06-0414a42a6dd8|rpc:10.1.0.5:35787|priority:1, 0fa7b21d-5839-4490-b3f6-ed1aaeb3a71c|rpc:10.1.0.5:44417|priority:0, 76d842b8-92bd-49ca-b07f-aee697bf2b9f|rpc:10.1.0.5:38797|priority:0], old=null
2022-06-01 03:37:21,633 [pool-721-thread-1] INFO  server.RaftServer$Division (RaftServerImpl.java:setRole(299)) - 6b26db58-8644-4db9-9b06-0414a42a6dd8@group-B6C92DB5B829: changes role from      null to FOLLOWER at term 0 for startAsFollower
2022-06-01 03:37:21,633 [pool-721-thread-1] INFO  impl.RoleInfo (RoleInfo.java:updateAndGet(139)) - 6b26db58-8644-4db9-9b06-0414a42a6dd8: start 6b26db58-8644-4db9-9b06-0414a42a6dd8@group-B6C92DB5B829-FollowerState
2022-06-01 03:37:21,633 [pool-721-thread-1] INFO  util.JmxRegister (JmxRegister.java:tryRegister(44)) - Successfully registered JMX Bean with object name Ratis:service=RaftServer,group=group-B6C92DB5B829,id=6b26db58-8644-4db9-9b06-0414a42a6dd8
2022-06-01 03:37:21,634 [Command processor thread] INFO  ratis.XceiverServerRatis (XceiverServerRatis.java:addGroup(765)) - Created group PipelineID=aa578444-0e46-47e9-b976-b6c92db5b829
2022-06-01 03:37:21,645 [EventQueue-OpenPipelineForHealthyPipelineSafeModeRule] INFO  safemode.SCMSafeModeManager (HealthyPipelineSafeModeRule.java:process(124)) - SCM in safe mode. Healthy pipelines reported count is 0, required healthy pipeline reported count is 1
2022-06-01 03:37:21,698 [grpc-default-executor-0] INFO  server.RaftServer (RaftServerProxy.java:addNew(96)) - 76d842b8-92bd-49ca-b07f-aee697bf2b9f: addNew group-B6C92DB5B829:[6b26db58-8644-4db9-9b06-0414a42a6dd8|rpc:10.1.0.5:35787|dataStream:|priority:1, 0fa7b21d-5839-4490-b3f6-ed1aaeb3a71c|rpc:10.1.0.5:44417|dataStream:|priority:0, 76d842b8-92bd-49ca-b07f-aee697bf2b9f|rpc:10.1.0.5:38797|dataStream:|priority:0] returns group-B6C92DB5B829:java.util.concurrent.CompletableFuture@9db1760[Not completed]
2022-06-01 03:37:21,699 [pool-743-thread-1] INFO  server.RaftServer$Division (RaftServerImpl.java:<init>(190)) - 76d842b8-92bd-49ca-b07f-aee697bf2b9f: new RaftServerImpl for group-B6C92DB5B829:[6b26db58-8644-4db9-9b06-0414a42a6dd8|rpc:10.1.0.5:35787|dataStream:|priority:1, 0fa7b21d-5839-4490-b3f6-ed1aaeb3a71c|rpc:10.1.0.5:44417|dataStream:|priority:0, 76d842b8-92bd-49ca-b07f-aee697bf2b9f|rpc:10.1.0.5:38797|dataStream:|priority:0] with ContainerStateMachine:uninitialized
2022-06-01 03:37:21,700 [pool-743-thread-1] INFO  server.RaftServerConfigKeys (ConfUtils.java:logGet(46)) - raft.server.rpc.timeout.min = 5s (custom)
2022-06-01 03:37:21,700 [pool-743-thread-1] INFO  server.RaftServerConfigKeys (ConfUtils.java:logGet(46)) - raft.server.rpc.timeout.max = 5200ms (custom)
2022-06-01 03:37:21,700 [pool-743-thread-1] INFO  server.RaftServerConfigKeys (ConfUtils.java:logGet(46)) - raft.server.rpc.sleep.time = 25ms (default)
2022-06-01 03:37:21,700 [pool-743-thread-1] INFO  server.RaftServerConfigKeys (ConfUtils.java:logGet(46)) - raft.server.rpc.slowness.timeout = 300s (custom)
2022-06-01 03:37:21,700 [pool-743-thread-1] INFO  server.RaftServerConfigKeys (ConfUtils.java:logGet(46)) - raft.server.leaderelection.leader.step-down.wait-time = 10s (default)
2022-06-01 03:37:21,700 [pool-743-thread-1] INFO  server.RaftServerConfigKeys (ConfUtils.java:logGet(46)) - raft.server.sleep.deviation.threshold = 300ms (default)
2022-06-01 03:37:21,700 [pool-743-thread-1] INFO  server.RaftServer$Division (ServerState.java:<init>(107)) - 76d842b8-92bd-49ca-b07f-aee697bf2b9f@group-B6C92DB5B829: ConfigurationManager, init=-1: [6b26db58-8644-4db9-9b06-0414a42a6dd8|rpc:10.1.0.5:35787|dataStream:|priority:1, 0fa7b21d-5839-4490-b3f6-ed1aaeb3a71c|rpc:10.1.0.5:44417|dataStream:|priority:0, 76d842b8-92bd-49ca-b07f-aee697bf2b9f|rpc:10.1.0.5:38797|dataStream:|priority:0], old=null, confs=<EMPTY_MAP>
2022-06-01 03:37:21,700 [pool-743-thread-1] INFO  server.RaftServerConfigKeys (ConfUtils.java:logGet(46)) - raft.server.storage.dir = [/home/runner/work/ozone/ozone/hadoop-ozone/integration-test/target/test-dir/MiniOzoneClusterImpl-4b678c8b-8030-41e6-be3d-72ad8167f4c6/datanode-1/data/ratis] (custom)
2022-06-01 03:37:21,700 [pool-743-thread-1] INFO  server.RaftServerConfigKeys (ConfUtils.java:logGet(46)) - raft.server.log.corruption.policy = EXCEPTION (default)
2022-06-01 03:37:21,700 [pool-743-thread-1] INFO  server.RaftServerConfigKeys (ConfUtils.java:logGet(46)) - raft.server.storage.free-space.min = 0MB (=0) (default)
2022-06-01 03:37:21,700 [pool-743-thread-1] INFO  storage.RaftStorageDirectory (RaftStorageDirectoryImpl.java:analyzeStorage(135)) - The storage directory /home/runner/work/ozone/ozone/hadoop-ozone/integration-test/target/test-dir/MiniOzoneClusterImpl-4b678c8b-8030-41e6-be3d-72ad8167f4c6/datanode-1/data/ratis/aa578444-0e46-47e9-b976-b6c92db5b829 does not exist. Creating ...
2022-06-01 03:37:21,704 [pool-743-thread-1] INFO  storage.RaftStorageDirectory (RaftStorageDirectoryImpl.java:tryLock(230)) - Lock on /home/runner/work/ozone/ozone/hadoop-ozone/integration-test/target/test-dir/MiniOzoneClusterImpl-4b678c8b-8030-41e6-be3d-72ad8167f4c6/datanode-1/data/ratis/aa578444-0e46-47e9-b976-b6c92db5b829/in_use.lock acquired by nodename 14781@fv-az151-582
2022-06-01 03:37:21,706 [pool-743-thread-1] INFO  storage.RaftStorage (RaftStorageImpl.java:format(89)) - Storage directory /home/runner/work/ozone/ozone/hadoop-ozone/integration-test/target/test-dir/MiniOzoneClusterImpl-4b678c8b-8030-41e6-be3d-72ad8167f4c6/datanode-1/data/ratis/aa578444-0e46-47e9-b976-b6c92db5b829 has been successfully formatted.
2022-06-01 03:37:21,706 [pool-743-thread-1] INFO  ratis.ContainerStateMachine (ContainerStateMachine.java:loadSnapshot(236)) - group-B6C92DB5B829: The snapshot info is null. Setting the last applied indexto:(t:0, i:~)
2022-06-01 03:37:21,706 [pool-743-thread-1] INFO  server.RaftServerConfigKeys (ConfUtils.java:logGet(46)) - raft.server.notification.no-leader.timeout = 300s (custom)
2022-06-01 03:37:21,706 [pool-743-thread-1] INFO  server.RaftServerConfigKeys (ConfUtils.java:logGet(46)) - raft.server.log.use.memory = false (default)
2022-06-01 03:37:21,706 [pool-743-thread-1] INFO  server.RaftServerConfigKeys (ConfUtils.java:logGet(46)) - raft.server.log.purge.gap = 1000000 (custom)
2022-06-01 03:37:21,706 [pool-743-thread-1] INFO  server.RaftServerConfigKeys (ConfUtils.java:logGet(46)) - raft.server.log.appender.buffer.byte-limit = 33554432 (custom)
2022-06-01 03:37:21,706 [pool-743-thread-1] INFO  server.RaftServerConfigKeys (ConfUtils.java:logGet(46)) - raft.server.log.statemachine.data.read.timeout = 1000ms (default)
2022-06-01 03:37:21,706 [pool-743-thread-1] INFO  server.RaftServerConfigKeys (ConfUtils.java:logGet(46)) - raft.server.log.segment.size.max = 1048576 (custom)
2022-06-01 03:37:21,707 [pool-743-thread-1] INFO  server.RaftServerConfigKeys (ConfUtils.java:logGet(46)) - raft.server.log.segment.cache.num.max = 2 (custom)
2022-06-01 03:37:21,707 [pool-743-thread-1] INFO  server.RaftServerConfigKeys (ConfUtils.java:logGet(46)) - raft.server.log.segment.cache.size.max = 200MB (=209715200) (default)
2022-06-01 03:37:21,707 [pool-743-thread-1] INFO  segmented.SegmentedRaftLogWorker (SegmentedRaftLogWorker.java:<init>(187)) - new 76d842b8-92bd-49ca-b07f-aee697bf2b9f@group-B6C92DB5B829-SegmentedRaftLogWorker for RaftStorageImpl:Storage Directory /home/runner/work/ozone/ozone/hadoop-ozone/integration-test/target/test-dir/MiniOzoneClusterImpl-4b678c8b-8030-41e6-be3d-72ad8167f4c6/datanode-1/data/ratis/aa578444-0e46-47e9-b976-b6c92db5b829
2022-06-01 03:37:21,707 [pool-743-thread-1] INFO  server.RaftServerConfigKeys (ConfUtils.java:logGet(46)) - raft.server.log.queue.byte-limit = 4294967296 (custom)
2022-06-01 03:37:21,707 [pool-743-thread-1] INFO  server.RaftServerConfigKeys (ConfUtils.java:logGet(46)) - raft.server.log.queue.element-limit = 1024 (custom)
2022-06-01 03:37:21,707 [pool-743-thread-1] INFO  server.RaftServerConfigKeys (ConfUtils.java:logGet(46)) - raft.server.log.segment.size.max = 1048576 (custom)
2022-06-01 03:37:21,707 [pool-743-thread-1] INFO  server.RaftServerConfigKeys (ConfUtils.java:logGet(46)) - raft.server.log.preallocated.size = 16384 (custom)
2022-06-01 03:37:21,707 [pool-743-thread-1] INFO  server.RaftServerConfigKeys (ConfUtils.java:logGet(46)) - raft.server.log.force.sync.num = 128 (default)
2022-06-01 03:37:21,707 [pool-743-thread-1] INFO  server.RaftServerConfigKeys (ConfUtils.java:logGet(46)) - raft.server.log.statemachine.data.sync = true (default)
2022-06-01 03:37:21,707 [pool-743-thread-1] INFO  server.RaftServerConfigKeys (ConfUtils.java:logGet(46)) - raft.server.log.statemachine.data.sync.timeout = 10s (default)
2022-06-01 03:37:21,707 [pool-743-thread-1] INFO  server.RaftServerConfigKeys (ConfUtils.java:logGet(46)) - raft.server.log.statemachine.data.sync.timeout.retry = -1 (default)
2022-06-01 03:37:21,709 [pool-743-thread-1] INFO  server.RaftServerConfigKeys (ConfUtils.java:logGet(46)) - raft.server.log.write.buffer.size = 1048576 (custom)
2022-06-01 03:37:21,712 [pool-743-thread-1] INFO  server.RaftServerConfigKeys (ConfUtils.java:logGet(46)) - raft.server.log.unsafe-flush.enabled = false (default)
2022-06-01 03:37:21,712 [pool-743-thread-1] INFO  server.RaftServerConfigKeys (ConfUtils.java:logGet(46)) - raft.server.log.statemachine.data.caching.enabled = true (custom)
2022-06-01 03:37:21,713 [pool-743-thread-1] INFO  segmented.SegmentedRaftLogWorker (SegmentedRaftLogWorker.java:lambda$new$0(135)) - 76d842b8-92bd-49ca-b07f-aee697bf2b9f@group-B6C92DB5B829-SegmentedRaftLogWorker: flushIndex: setUnconditionally 0 -> -1
2022-06-01 03:37:21,713 [pool-743-thread-1] INFO  segmented.SegmentedRaftLogWorker (SegmentedRaftLogWorker.java:lambda$new$0(135)) - 76d842b8-92bd-49ca-b07f-aee697bf2b9f@group-B6C92DB5B829-SegmentedRaftLogWorker: safeCacheEvictIndex: setUnconditionally 0 -> -1
2022-06-01 03:37:21,719 [pool-743-thread-1] INFO  server.RaftServerConfigKeys (ConfUtils.java:logGet(46)) - raft.server.snapshot.auto.trigger.enabled = true (custom)
2022-06-01 03:37:21,719 [pool-743-thread-1] INFO  server.RaftServerConfigKeys (ConfUtils.java:logGet(46)) - raft.server.snapshot.auto.trigger.threshold = 10000 (custom)
2022-06-01 03:37:21,719 [pool-743-thread-1] INFO  server.RaftServerConfigKeys (ConfUtils.java:logGet(46)) - raft.server.snapshot.retention.file.num = 5 (custom)
2022-06-01 03:37:21,719 [pool-743-thread-1] INFO  server.RaftServerConfigKeys (ConfUtils.java:logGet(46)) - raft.server.log.purge.upto.snapshot.index = false (default)
2022-06-01 03:37:21,719 [pool-743-thread-1] INFO  server.RaftServerConfigKeys (ConfUtils.java:logGet(46)) - raft.server.retrycache.expirytime = 600000ms (custom)
2022-06-01 03:37:21,719 [pool-743-thread-1] INFO  server.RaftServerConfigKeys (ConfUtils.java:logGet(46)) - raft.server.retrycache.statistics.expirytime = 100μs (default)
2022-06-01 03:37:21,721 [pool-743-thread-1] INFO  server.RaftServerConfigKeys (ConfUtils.java:logGet(46)) - raft.server.log.appender.install.snapshot.enabled = false (custom)
2022-06-01 03:37:21,721 [pool-743-thread-1] INFO  server.RaftServerConfigKeys (ConfUtils.java:logGet(46)) - raft.server.threadpool.server.cached = true (default)
2022-06-01 03:37:21,721 [pool-743-thread-1] INFO  server.RaftServerConfigKeys (ConfUtils.java:logGet(46)) - raft.server.threadpool.server.size = 0 (default)
2022-06-01 03:37:21,721 [pool-743-thread-1] INFO  server.RaftServerConfigKeys (ConfUtils.java:logGet(46)) - raft.server.threadpool.client.cached = true (default)
2022-06-01 03:37:21,721 [pool-743-thread-1] INFO  server.RaftServerConfigKeys (ConfUtils.java:logGet(46)) - raft.server.threadpool.client.size = 0 (default)
2022-06-01 03:37:21,728 [pool-743-thread-1] INFO  server.RaftServer$Division (RaftServerImpl.java:start(310)) - 76d842b8-92bd-49ca-b07f-aee697bf2b9f@group-B6C92DB5B829: start as a follower, conf=-1: [6b26db58-8644-4db9-9b06-0414a42a6dd8|rpc:10.1.0.5:35787|dataStream:|priority:1, 0fa7b21d-5839-4490-b3f6-ed1aaeb3a71c|rpc:10.1.0.5:44417|dataStream:|priority:0, 76d842b8-92bd-49ca-b07f-aee697bf2b9f|rpc:10.1.0.5:38797|dataStream:|priority:0], old=null
2022-06-01 03:37:21,728 [pool-743-thread-1] INFO  server.RaftServer$Division (RaftServerImpl.java:setRole(299)) - 76d842b8-92bd-49ca-b07f-aee697bf2b9f@group-B6C92DB5B829: changes role from      null to FOLLOWER at term 0 for startAsFollower
2022-06-01 03:37:21,728 [pool-743-thread-1] INFO  impl.RoleInfo (RoleInfo.java:updateAndGet(139)) - 76d842b8-92bd-49ca-b07f-aee697bf2b9f: start 76d842b8-92bd-49ca-b07f-aee697bf2b9f@group-B6C92DB5B829-FollowerState
2022-06-01 03:37:21,736 [pool-743-thread-1] INFO  util.JmxRegister (JmxRegister.java:tryRegister(44)) - Successfully registered JMX Bean with object name Ratis:service=RaftServer,group=group-B6C92DB5B829,id=76d842b8-92bd-49ca-b07f-aee697bf2b9f
2022-06-01 03:37:21,829 [grpc-default-executor-0] INFO  server.RaftServer (RaftServerProxy.java:addNew(96)) - 0fa7b21d-5839-4490-b3f6-ed1aaeb3a71c: addNew group-B6C92DB5B829:[6b26db58-8644-4db9-9b06-0414a42a6dd8|rpc:10.1.0.5:35787|dataStream:|priority:1, 0fa7b21d-5839-4490-b3f6-ed1aaeb3a71c|rpc:10.1.0.5:44417|dataStream:|priority:0, 76d842b8-92bd-49ca-b07f-aee697bf2b9f|rpc:10.1.0.5:38797|dataStream:|priority:0] returns group-B6C92DB5B829:java.util.concurrent.CompletableFuture@89e05f3[Not completed]
2022-06-01 03:37:21,830 [pool-765-thread-1] INFO  server.RaftServer$Division (RaftServerImpl.java:<init>(190)) - 0fa7b21d-5839-4490-b3f6-ed1aaeb3a71c: new RaftServerImpl for group-B6C92DB5B829:[6b26db58-8644-4db9-9b06-0414a42a6dd8|rpc:10.1.0.5:35787|dataStream:|priority:1, 0fa7b21d-5839-4490-b3f6-ed1aaeb3a71c|rpc:10.1.0.5:44417|dataStream:|priority:0, 76d842b8-92bd-49ca-b07f-aee697bf2b9f|rpc:10.1.0.5:38797|dataStream:|priority:0] with ContainerStateMachine:uninitialized
2022-06-01 03:37:21,830 [pool-765-thread-1] INFO  server.RaftServerConfigKeys (ConfUtils.java:logGet(46)) - raft.server.rpc.timeout.min = 5s (custom)
2022-06-01 03:37:21,830 [pool-765-thread-1] INFO  server.RaftServerConfigKeys (ConfUtils.java:logGet(46)) - raft.server.rpc.timeout.max = 5200ms (custom)
2022-06-01 03:37:21,830 [pool-765-thread-1] INFO  server.RaftServerConfigKeys (ConfUtils.java:logGet(46)) - raft.server.rpc.sleep.time = 25ms (default)
2022-06-01 03:37:21,830 [pool-765-thread-1] INFO  server.RaftServerConfigKeys (ConfUtils.java:logGet(46)) - raft.server.rpc.slowness.timeout = 300s (custom)
2022-06-01 03:37:21,830 [pool-765-thread-1] INFO  server.RaftServerConfigKeys (ConfUtils.java:logGet(46)) - raft.server.leaderelection.leader.step-down.wait-time = 10s (default)
2022-06-01 03:37:21,830 [pool-765-thread-1] INFO  server.RaftServerConfigKeys (ConfUtils.java:logGet(46)) - raft.server.sleep.deviation.threshold = 300ms (default)
2022-06-01 03:37:21,830 [pool-765-thread-1] INFO  server.RaftServer$Division (ServerState.java:<init>(107)) - 0fa7b21d-5839-4490-b3f6-ed1aaeb3a71c@group-B6C92DB5B829: ConfigurationManager, init=-1: [6b26db58-8644-4db9-9b06-0414a42a6dd8|rpc:10.1.0.5:35787|dataStream:|priority:1, 0fa7b21d-5839-4490-b3f6-ed1aaeb3a71c|rpc:10.1.0.5:44417|dataStream:|priority:0, 76d842b8-92bd-49ca-b07f-aee697bf2b9f|rpc:10.1.0.5:38797|dataStream:|priority:0], old=null, confs=<EMPTY_MAP>
2022-06-01 03:37:21,830 [pool-765-thread-1] INFO  server.RaftServerConfigKeys (ConfUtils.java:logGet(46)) - raft.server.storage.dir = [/home/runner/work/ozone/ozone/hadoop-ozone/integration-test/target/test-dir/MiniOzoneClusterImpl-4b678c8b-8030-41e6-be3d-72ad8167f4c6/datanode-2/data/ratis] (custom)
2022-06-01 03:37:21,830 [pool-765-thread-1] INFO  server.RaftServerConfigKeys (ConfUtils.java:logGet(46)) - raft.server.log.corruption.policy = EXCEPTION (default)
2022-06-01 03:37:21,830 [pool-765-thread-1] INFO  server.RaftServerConfigKeys (ConfUtils.java:logGet(46)) - raft.server.storage.free-space.min = 0MB (=0) (default)
2022-06-01 03:37:21,830 [pool-765-thread-1] INFO  storage.RaftStorageDirectory (RaftStorageDirectoryImpl.java:analyzeStorage(135)) - The storage directory /home/runner/work/ozone/ozone/hadoop-ozone/integration-test/target/test-dir/MiniOzoneClusterImpl-4b678c8b-8030-41e6-be3d-72ad8167f4c6/datanode-2/data/ratis/aa578444-0e46-47e9-b976-b6c92db5b829 does not exist. Creating ...
2022-06-01 03:37:21,835 [pool-765-thread-1] INFO  storage.RaftStorageDirectory (RaftStorageDirectoryImpl.java:tryLock(230)) - Lock on /home/runner/work/ozone/ozone/hadoop-ozone/integration-test/target/test-dir/MiniOzoneClusterImpl-4b678c8b-8030-41e6-be3d-72ad8167f4c6/datanode-2/data/ratis/aa578444-0e46-47e9-b976-b6c92db5b829/in_use.lock acquired by nodename 14781@fv-az151-582
2022-06-01 03:37:21,840 [pool-765-thread-1] INFO  storage.RaftStorage (RaftStorageImpl.java:format(89)) - Storage directory /home/runner/work/ozone/ozone/hadoop-ozone/integration-test/target/test-dir/MiniOzoneClusterImpl-4b678c8b-8030-41e6-be3d-72ad8167f4c6/datanode-2/data/ratis/aa578444-0e46-47e9-b976-b6c92db5b829 has been successfully formatted.
2022-06-01 03:37:21,840 [pool-765-thread-1] INFO  ratis.ContainerStateMachine (ContainerStateMachine.java:loadSnapshot(236)) - group-B6C92DB5B829: The snapshot info is null. Setting the last applied indexto:(t:0, i:~)
2022-06-01 03:37:21,841 [pool-765-thread-1] INFO  server.RaftServerConfigKeys (ConfUtils.java:logGet(46)) - raft.server.notification.no-leader.timeout = 300s (custom)
2022-06-01 03:37:21,841 [pool-765-thread-1] INFO  server.RaftServerConfigKeys (ConfUtils.java:logGet(46)) - raft.server.log.use.memory = false (default)
2022-06-01 03:37:21,841 [pool-765-thread-1] INFO  server.RaftServerConfigKeys (ConfUtils.java:logGet(46)) - raft.server.log.purge.gap = 1000000 (custom)
2022-06-01 03:37:21,841 [pool-765-thread-1] INFO  server.RaftServerConfigKeys (ConfUtils.java:logGet(46)) - raft.server.log.appender.buffer.byte-limit = 33554432 (custom)
2022-06-01 03:37:21,841 [pool-765-thread-1] INFO  server.RaftServerConfigKeys (ConfUtils.java:logGet(46)) - raft.server.log.statemachine.data.read.timeout = 1000ms (default)
2022-06-01 03:37:21,841 [pool-765-thread-1] INFO  server.RaftServerConfigKeys (ConfUtils.java:logGet(46)) - raft.server.log.segment.size.max = 1048576 (custom)
2022-06-01 03:37:21,841 [pool-765-thread-1] INFO  server.RaftServerConfigKeys (ConfUtils.java:logGet(46)) - raft.server.log.segment.cache.num.max = 2 (custom)
2022-06-01 03:37:21,841 [pool-765-thread-1] INFO  server.RaftServerConfigKeys (ConfUtils.java:logGet(46)) - raft.server.log.segment.cache.size.max = 200MB (=209715200) (default)
2022-06-01 03:37:21,842 [pool-765-thread-1] INFO  segmented.SegmentedRaftLogWorker (SegmentedRaftLogWorker.java:<init>(187)) - new 0fa7b21d-5839-4490-b3f6-ed1aaeb3a71c@group-B6C92DB5B829-SegmentedRaftLogWorker for RaftStorageImpl:Storage Directory /home/runner/work/ozone/ozone/hadoop-ozone/integration-test/target/test-dir/MiniOzoneClusterImpl-4b678c8b-8030-41e6-be3d-72ad8167f4c6/datanode-2/data/ratis/aa578444-0e46-47e9-b976-b6c92db5b829
2022-06-01 03:37:21,842 [pool-765-thread-1] INFO  server.RaftServerConfigKeys (ConfUtils.java:logGet(46)) - raft.server.log.queue.byte-limit = 4294967296 (custom)
2022-06-01 03:37:21,842 [pool-765-thread-1] INFO  server.RaftServerConfigKeys (ConfUtils.java:logGet(46)) - raft.server.log.queue.element-limit = 1024 (custom)
2022-06-01 03:37:21,842 [pool-765-thread-1] INFO  server.RaftServerConfigKeys (ConfUtils.java:logGet(46)) - raft.server.log.segment.size.max = 1048576 (custom)
2022-06-01 03:37:21,842 [pool-765-thread-1] INFO  server.RaftServerConfigKeys (ConfUtils.java:logGet(46)) - raft.server.log.preallocated.size = 16384 (custom)
2022-06-01 03:37:21,842 [pool-765-thread-1] INFO  server.RaftServerConfigKeys (ConfUtils.java:logGet(46)) - raft.server.log.force.sync.num = 128 (default)
2022-06-01 03:37:21,842 [pool-765-thread-1] INFO  server.RaftServerConfigKeys (ConfUtils.java:logGet(46)) - raft.server.log.statemachine.data.sync = true (default)
2022-06-01 03:37:21,842 [pool-765-thread-1] INFO  server.RaftServerConfigKeys (ConfUtils.java:logGet(46)) - raft.server.log.statemachine.data.sync.timeout = 10s (default)
2022-06-01 03:37:21,842 [pool-765-thread-1] INFO  server.RaftServerConfigKeys (ConfUtils.java:logGet(46)) - raft.server.log.statemachine.data.sync.timeout.retry = -1 (default)
2022-06-01 03:37:21,843 [pool-765-thread-1] INFO  server.RaftServerConfigKeys (ConfUtils.java:logGet(46)) - raft.server.log.write.buffer.size = 1048576 (custom)
2022-06-01 03:37:21,843 [pool-765-thread-1] INFO  server.RaftServerConfigKeys (ConfUtils.java:logGet(46)) - raft.server.log.unsafe-flush.enabled = false (default)
2022-06-01 03:37:21,843 [pool-765-thread-1] INFO  server.RaftServerConfigKeys (ConfUtils.java:logGet(46)) - raft.server.log.statemachine.data.caching.enabled = true (custom)
2022-06-01 03:37:21,843 [pool-765-thread-1] INFO  segmented.SegmentedRaftLogWorker (SegmentedRaftLogWorker.java:lambda$new$0(135)) - 0fa7b21d-5839-4490-b3f6-ed1aaeb3a71c@group-B6C92DB5B829-SegmentedRaftLogWorker: flushIndex: setUnconditionally 0 -> -1
2022-06-01 03:37:21,843 [pool-765-thread-1] INFO  segmented.SegmentedRaftLogWorker (SegmentedRaftLogWorker.java:lambda$new$0(135)) - 0fa7b21d-5839-4490-b3f6-ed1aaeb3a71c@group-B6C92DB5B829-SegmentedRaftLogWorker: safeCacheEvictIndex: setUnconditionally 0 -> -1
2022-06-01 03:37:21,875 [pool-765-thread-1] INFO  server.RaftServerConfigKeys (ConfUtils.java:logGet(46)) - raft.server.snapshot.auto.trigger.enabled = true (custom)
2022-06-01 03:37:21,875 [pool-765-thread-1] INFO  server.RaftServerConfigKeys (ConfUtils.java:logGet(46)) - raft.server.snapshot.auto.trigger.threshold = 10000 (custom)
2022-06-01 03:37:21,875 [pool-765-thread-1] INFO  server.RaftServerConfigKeys (ConfUtils.java:logGet(46)) - raft.server.snapshot.retention.file.num = 5 (custom)
2022-06-01 03:37:21,875 [pool-765-thread-1] INFO  server.RaftServerConfigKeys (ConfUtils.java:logGet(46)) - raft.server.log.purge.upto.snapshot.index = false (default)
2022-06-01 03:37:21,875 [pool-765-thread-1] INFO  server.RaftServerConfigKeys (ConfUtils.java:logGet(46)) - raft.server.retrycache.expirytime = 600000ms (custom)
2022-06-01 03:37:21,875 [pool-765-thread-1] INFO  server.RaftServerConfigKeys (ConfUtils.java:logGet(46)) - raft.server.retrycache.statistics.expirytime = 100μs (default)
2022-06-01 03:37:21,877 [pool-765-thread-1] INFO  server.RaftServerConfigKeys (ConfUtils.java:logGet(46)) - raft.server.log.appender.install.snapshot.enabled = false (custom)
2022-06-01 03:37:21,877 [pool-765-thread-1] INFO  server.RaftServerConfigKeys (ConfUtils.java:logGet(46)) - raft.server.threadpool.server.cached = true (default)
2022-06-01 03:37:21,877 [pool-765-thread-1] INFO  server.RaftServerConfigKeys (ConfUtils.java:logGet(46)) - raft.server.threadpool.server.size = 0 (default)
2022-06-01 03:37:21,877 [pool-765-thread-1] INFO  server.RaftServerConfigKeys (ConfUtils.java:logGet(46)) - raft.server.threadpool.client.cached = true (default)
2022-06-01 03:37:21,877 [pool-765-thread-1] INFO  server.RaftServerConfigKeys (ConfUtils.java:logGet(46)) - raft.server.threadpool.client.size = 0 (default)
2022-06-01 03:37:21,877 [pool-765-thread-1] INFO  server.RaftServer$Division (RaftServerImpl.java:start(310)) - 0fa7b21d-5839-4490-b3f6-ed1aaeb3a71c@group-B6C92DB5B829: start as a follower, conf=-1: [6b26db58-8644-4db9-9b06-0414a42a6dd8|rpc:10.1.0.5:35787|dataStream:|priority:1, 0fa7b21d-5839-4490-b3f6-ed1aaeb3a71c|rpc:10.1.0.5:44417|dataStream:|priority:0, 76d842b8-92bd-49ca-b07f-aee697bf2b9f|rpc:10.1.0.5:38797|dataStream:|priority:0], old=null
2022-06-01 03:37:21,877 [pool-765-thread-1] INFO  server.RaftServer$Division (RaftServerImpl.java:setRole(299)) - 0fa7b21d-5839-4490-b3f6-ed1aaeb3a71c@group-B6C92DB5B829: changes role from      null to FOLLOWER at term 0 for startAsFollower
2022-06-01 03:37:21,877 [pool-765-thread-1] INFO  impl.RoleInfo (RoleInfo.java:updateAndGet(139)) - 0fa7b21d-5839-4490-b3f6-ed1aaeb3a71c: start 0fa7b21d-5839-4490-b3f6-ed1aaeb3a71c@group-B6C92DB5B829-FollowerState
2022-06-01 03:37:21,884 [Listener at 127.0.0.1/42459] INFO  ozone.MiniOzoneClusterImpl (MiniOzoneClusterImpl.java:lambda$waitForClusterToBeReady$0(221)) - Nodes are ready. Got 3 of 3 DN Heartbeats.
2022-06-01 03:37:21,884 [Listener at 127.0.0.1/42459] INFO  ozone.MiniOzoneClusterImpl (MiniOzoneClusterImpl.java:lambda$waitForClusterToBeReady$0(224)) - Waiting for cluster to exit safe mode
2022-06-01 03:37:21,884 [Listener at 127.0.0.1/42459] INFO  ozone.MiniOzoneClusterImpl (MiniOzoneClusterImpl.java:lambda$waitForClusterToBeReady$0(226)) - SCM became leader
2022-06-01 03:37:21,899 [pool-765-thread-1] INFO  util.JmxRegister (JmxRegister.java:tryRegister(44)) - Successfully registered JMX Bean with object name Ratis:service=RaftServer,group=group-B6C92DB5B829,id=0fa7b21d-5839-4490-b3f6-ed1aaeb3a71c
2022-06-01 03:37:21,932 [Command processor thread] INFO  commandhandler.CreatePipelineCommandHandler (CreatePipelineCommandHandler.java:handle(113)) - Created Pipeline RATIS THREE PipelineID=aa578444-0e46-47e9-b976-b6c92db5b829.
2022-06-01 03:37:22,154 [Command processor thread] INFO  server.RaftServer (RaftServerProxy.java:addNew(96)) - 76d842b8-92bd-49ca-b07f-aee697bf2b9f: addNew group-E3BD0AD93559:[76d842b8-92bd-49ca-b07f-aee697bf2b9f|rpc:10.1.0.5:38797|priority:1] returns group-E3BD0AD93559:java.util.concurrent.CompletableFuture@71b6b350[Not completed]
2022-06-01 03:37:22,155 [pool-743-thread-1] INFO  server.RaftServer$Division (RaftServerImpl.java:<init>(190)) - 76d842b8-92bd-49ca-b07f-aee697bf2b9f: new RaftServerImpl for group-E3BD0AD93559:[76d842b8-92bd-49ca-b07f-aee697bf2b9f|rpc:10.1.0.5:38797|priority:1] with ContainerStateMachine:uninitialized
2022-06-01 03:37:22,155 [pool-743-thread-1] INFO  server.RaftServerConfigKeys (ConfUtils.java:logGet(46)) - raft.server.rpc.timeout.min = 5s (custom)
2022-06-01 03:37:22,155 [pool-743-thread-1] INFO  server.RaftServerConfigKeys (ConfUtils.java:logGet(46)) - raft.server.rpc.timeout.max = 5200ms (custom)
2022-06-01 03:37:22,155 [pool-743-thread-1] INFO  server.RaftServerConfigKeys (ConfUtils.java:logGet(46)) - raft.server.rpc.sleep.time = 25ms (default)
2022-06-01 03:37:22,155 [pool-743-thread-1] INFO  server.RaftServerConfigKeys (ConfUtils.java:logGet(46)) - raft.server.rpc.slowness.timeout = 300s (custom)
2022-06-01 03:37:22,155 [pool-743-thread-1] INFO  server.RaftServerConfigKeys (ConfUtils.java:logGet(46)) - raft.server.leaderelection.leader.step-down.wait-time = 10s (default)
2022-06-01 03:37:22,155 [pool-743-thread-1] INFO  server.RaftServerConfigKeys (ConfUtils.java:logGet(46)) - raft.server.sleep.deviation.threshold = 300ms (default)
2022-06-01 03:37:22,155 [pool-743-thread-1] INFO  server.RaftServer$Division (ServerState.java:<init>(107)) - 76d842b8-92bd-49ca-b07f-aee697bf2b9f@group-E3BD0AD93559: ConfigurationManager, init=-1: [76d842b8-92bd-49ca-b07f-aee697bf2b9f|rpc:10.1.0.5:38797|priority:1], old=null, confs=<EMPTY_MAP>
2022-06-01 03:37:22,155 [pool-743-thread-1] INFO  server.RaftServerConfigKeys (ConfUtils.java:logGet(46)) - raft.server.storage.dir = [/home/runner/work/ozone/ozone/hadoop-ozone/integration-test/target/test-dir/MiniOzoneClusterImpl-4b678c8b-8030-41e6-be3d-72ad8167f4c6/datanode-1/data/ratis] (custom)
2022-06-01 03:37:22,155 [pool-743-thread-1] INFO  server.RaftServerConfigKeys (ConfUtils.java:logGet(46)) - raft.server.log.corruption.policy = EXCEPTION (default)
2022-06-01 03:37:22,155 [pool-743-thread-1] INFO  server.RaftServerConfigKeys (ConfUtils.java:logGet(46)) - raft.server.storage.free-space.min = 0MB (=0) (default)
2022-06-01 03:37:22,155 [pool-743-thread-1] INFO  storage.RaftStorageDirectory (RaftStorageDirectoryImpl.java:analyzeStorage(135)) - The storage directory /home/runner/work/ozone/ozone/hadoop-ozone/integration-test/target/test-dir/MiniOzoneClusterImpl-4b678c8b-8030-41e6-be3d-72ad8167f4c6/datanode-1/data/ratis/ee7e2811-6122-486c-8595-e3bd0ad93559 does not exist. Creating ...
2022-06-01 03:37:22,162 [pool-743-thread-1] INFO  storage.RaftStorageDirectory (RaftStorageDirectoryImpl.java:tryLock(230)) - Lock on /home/runner/work/ozone/ozone/hadoop-ozone/integration-test/target/test-dir/MiniOzoneClusterImpl-4b678c8b-8030-41e6-be3d-72ad8167f4c6/datanode-1/data/ratis/ee7e2811-6122-486c-8595-e3bd0ad93559/in_use.lock acquired by nodename 14781@fv-az151-582
2022-06-01 03:37:22,164 [pool-743-thread-1] INFO  storage.RaftStorage (RaftStorageImpl.java:format(89)) - Storage directory /home/runner/work/ozone/ozone/hadoop-ozone/integration-test/target/test-dir/MiniOzoneClusterImpl-4b678c8b-8030-41e6-be3d-72ad8167f4c6/datanode-1/data/ratis/ee7e2811-6122-486c-8595-e3bd0ad93559 has been successfully formatted.
2022-06-01 03:37:22,166 [EventQueue-PipelineReportForPipelineReportHandler] INFO  pipeline.PipelineManagerImpl (PipelineManagerImpl.java:openPipeline(356)) - Pipeline Pipeline[ Id: ee7e2811-6122-486c-8595-e3bd0ad93559, Nodes: 76d842b8-92bd-49ca-b07f-aee697bf2b9f{ip: 10.1.0.5, host: fv-az151-582.yf2hydr00wburbhx3j5hxtcipe.bx.internal.cloudapp.net, ports: [REPLICATION=35339, RATIS=38797, RATIS_ADMIN=38797, RATIS_SERVER=38797, STANDALONE=40857], networkLocation: /default-rack, certSerialId: null, persistedOpState: IN_SERVICE, persistedOpStateExpiryEpochSec: 0}, ReplicationConfig: RATIS/ONE, State:ALLOCATED, leaderId:76d842b8-92bd-49ca-b07f-aee697bf2b9f, CreationTimestamp2022-06-01T03:37:19.164Z[Etc/UTC]] moved to OPEN state
2022-06-01 03:37:22,166 [EventQueue-OpenPipelineForHealthyPipelineSafeModeRule] INFO  safemode.SCMSafeModeManager (HealthyPipelineSafeModeRule.java:process(124)) - SCM in safe mode. Healthy pipelines reported count is 0, required healthy pipeline reported count is 1
2022-06-01 03:37:22,167 [pool-743-thread-1] INFO  ratis.ContainerStateMachine (ContainerStateMachine.java:loadSnapshot(236)) - group-E3BD0AD93559: The snapshot info is null. Setting the last applied indexto:(t:0, i:~)
2022-06-01 03:37:22,167 [pool-743-thread-1] INFO  server.RaftServerConfigKeys (ConfUtils.java:logGet(46)) - raft.server.notification.no-leader.timeout = 300s (custom)
2022-06-01 03:37:22,167 [pool-743-thread-1] INFO  server.RaftServerConfigKeys (ConfUtils.java:logGet(46)) - raft.server.log.use.memory = false (default)
2022-06-01 03:37:22,167 [pool-743-thread-1] INFO  server.RaftServerConfigKeys (ConfUtils.java:logGet(46)) - raft.server.log.purge.gap = 1000000 (custom)
2022-06-01 03:37:22,167 [pool-743-thread-1] INFO  server.RaftServerConfigKeys (ConfUtils.java:logGet(46)) - raft.server.log.appender.buffer.byte-limit = 33554432 (custom)
2022-06-01 03:37:22,167 [pool-743-thread-1] INFO  server.RaftServerConfigKeys (ConfUtils.java:logGet(46)) - raft.server.log.statemachine.data.read.timeout = 1000ms (default)
2022-06-01 03:37:22,167 [pool-743-thread-1] INFO  server.RaftServerConfigKeys (ConfUtils.java:logGet(46)) - raft.server.log.segment.size.max = 1048576 (custom)
2022-06-01 03:37:22,168 [pool-743-thread-1] INFO  server.RaftServerConfigKeys (ConfUtils.java:logGet(46)) - raft.server.log.segment.cache.num.max = 2 (custom)
2022-06-01 03:37:22,168 [pool-743-thread-1] INFO  server.RaftServerConfigKeys (ConfUtils.java:logGet(46)) - raft.server.log.segment.cache.size.max = 200MB (=209715200) (default)
2022-06-01 03:37:22,168 [pool-743-thread-1] INFO  segmented.SegmentedRaftLogWorker (SegmentedRaftLogWorker.java:<init>(187)) - new 76d842b8-92bd-49ca-b07f-aee697bf2b9f@group-E3BD0AD93559-SegmentedRaftLogWorker for RaftStorageImpl:Storage Directory /home/runner/work/ozone/ozone/hadoop-ozone/integration-test/target/test-dir/MiniOzoneClusterImpl-4b678c8b-8030-41e6-be3d-72ad8167f4c6/datanode-1/data/ratis/ee7e2811-6122-486c-8595-e3bd0ad93559
2022-06-01 03:37:22,168 [pool-743-thread-1] INFO  server.RaftServerConfigKeys (ConfUtils.java:logGet(46)) - raft.server.log.queue.byte-limit = 4294967296 (custom)
2022-06-01 03:37:22,168 [pool-743-thread-1] INFO  server.RaftServerConfigKeys (ConfUtils.java:logGet(46)) - raft.server.log.queue.element-limit = 1024 (custom)
2022-06-01 03:37:22,168 [pool-743-thread-1] INFO  server.RaftServerConfigKeys (ConfUtils.java:logGet(46)) - raft.server.log.segment.size.max = 1048576 (custom)
2022-06-01 03:37:22,168 [pool-743-thread-1] INFO  server.RaftServerConfigKeys (ConfUtils.java:logGet(46)) - raft.server.log.preallocated.size = 16384 (custom)
2022-06-01 03:37:22,168 [pool-743-thread-1] INFO  server.RaftServerConfigKeys (ConfUtils.java:logGet(46)) - raft.server.log.force.sync.num = 128 (default)
2022-06-01 03:37:22,168 [pool-743-thread-1] INFO  server.RaftServerConfigKeys (ConfUtils.java:logGet(46)) - raft.server.log.statemachine.data.sync = true (default)
2022-06-01 03:37:22,168 [pool-743-thread-1] INFO  server.RaftServerConfigKeys (ConfUtils.java:logGet(46)) - raft.server.log.statemachine.data.sync.timeout = 10s (default)
2022-06-01 03:37:22,168 [pool-743-thread-1] INFO  server.RaftServerConfigKeys (ConfUtils.java:logGet(46)) - raft.server.log.statemachine.data.sync.timeout.retry = -1 (default)
2022-06-01 03:37:22,169 [pool-743-thread-1] INFO  server.RaftServerConfigKeys (ConfUtils.java:logGet(46)) - raft.server.log.write.buffer.size = 1048576 (custom)
2022-06-01 03:37:22,170 [pool-743-thread-1] INFO  server.RaftServerConfigKeys (ConfUtils.java:logGet(46)) - raft.server.log.unsafe-flush.enabled = false (default)
2022-06-01 03:37:22,170 [pool-743-thread-1] INFO  server.RaftServerConfigKeys (ConfUtils.java:logGet(46)) - raft.server.log.statemachine.data.caching.enabled = true (custom)
2022-06-01 03:37:22,170 [pool-743-thread-1] INFO  segmented.SegmentedRaftLogWorker (SegmentedRaftLogWorker.java:lambda$new$0(135)) - 76d842b8-92bd-49ca-b07f-aee697bf2b9f@group-E3BD0AD93559-SegmentedRaftLogWorker: flushIndex: setUnconditionally 0 -> -1
2022-06-01 03:37:22,170 [pool-743-thread-1] INFO  segmented.SegmentedRaftLogWorker (SegmentedRaftLogWorker.java:lambda$new$0(135)) - 76d842b8-92bd-49ca-b07f-aee697bf2b9f@group-E3BD0AD93559-SegmentedRaftLogWorker: safeCacheEvictIndex: setUnconditionally 0 -> -1
2022-06-01 03:37:22,176 [pool-743-thread-1] INFO  server.RaftServerConfigKeys (ConfUtils.java:logGet(46)) - raft.server.snapshot.auto.trigger.enabled = true (custom)
2022-06-01 03:37:22,176 [pool-743-thread-1] INFO  server.RaftServerConfigKeys (ConfUtils.java:logGet(46)) - raft.server.snapshot.auto.trigger.threshold = 10000 (custom)
2022-06-01 03:37:22,176 [pool-743-thread-1] INFO  server.RaftServerConfigKeys (ConfUtils.java:logGet(46)) - raft.server.snapshot.retention.file.num = 5 (custom)
2022-06-01 03:37:22,176 [pool-743-thread-1] INFO  server.RaftServerConfigKeys (ConfUtils.java:logGet(46)) - raft.server.log.purge.upto.snapshot.index = false (default)
2022-06-01 03:37:22,176 [pool-743-thread-1] INFO  server.RaftServerConfigKeys (ConfUtils.java:logGet(46)) - raft.server.retrycache.expirytime = 600000ms (custom)
2022-06-01 03:37:22,176 [pool-743-thread-1] INFO  server.RaftServerConfigKeys (ConfUtils.java:logGet(46)) - raft.server.retrycache.statistics.expirytime = 100μs (default)
2022-06-01 03:37:22,177 [pool-743-thread-1] INFO  server.RaftServerConfigKeys (ConfUtils.java:logGet(46)) - raft.server.log.appender.install.snapshot.enabled = false (custom)
2022-06-01 03:37:22,177 [pool-743-thread-1] INFO  server.RaftServerConfigKeys (ConfUtils.java:logGet(46)) - raft.server.threadpool.server.cached = true (default)
2022-06-01 03:37:22,177 [pool-743-thread-1] INFO  server.RaftServerConfigKeys (ConfUtils.java:logGet(46)) - raft.server.threadpool.server.size = 0 (default)
2022-06-01 03:37:22,177 [pool-743-thread-1] INFO  server.RaftServerConfigKeys (ConfUtils.java:logGet(46)) - raft.server.threadpool.client.cached = true (default)
2022-06-01 03:37:22,177 [pool-743-thread-1] INFO  server.RaftServerConfigKeys (ConfUtils.java:logGet(46)) - raft.server.threadpool.client.size = 0 (default)
2022-06-01 03:37:22,177 [pool-743-thread-1] INFO  server.RaftServer$Division (RaftServerImpl.java:start(310)) - 76d842b8-92bd-49ca-b07f-aee697bf2b9f@group-E3BD0AD93559: start as a follower, conf=-1: [76d842b8-92bd-49ca-b07f-aee697bf2b9f|rpc:10.1.0.5:38797|priority:1], old=null
2022-06-01 03:37:22,177 [pool-743-thread-1] INFO  server.RaftServer$Division (RaftServerImpl.java:setRole(299)) - 76d842b8-92bd-49ca-b07f-aee697bf2b9f@group-E3BD0AD93559: changes role from      null to FOLLOWER at term 0 for startAsFollower
2022-06-01 03:37:22,178 [pool-743-thread-1] INFO  impl.RoleInfo (RoleInfo.java:updateAndGet(139)) - 76d842b8-92bd-49ca-b07f-aee697bf2b9f: start 76d842b8-92bd-49ca-b07f-aee697bf2b9f@group-E3BD0AD93559-FollowerState
2022-06-01 03:37:22,184 [pool-743-thread-1] INFO  util.JmxRegister (JmxRegister.java:tryRegister(44)) - Successfully registered JMX Bean with object name Ratis:service=RaftServer,group=group-E3BD0AD93559,id=76d842b8-92bd-49ca-b07f-aee697bf2b9f
2022-06-01 03:37:22,189 [Command processor thread] INFO  ratis.XceiverServerRatis (XceiverServerRatis.java:addGroup(765)) - Created group PipelineID=ee7e2811-6122-486c-8595-e3bd0ad93559
2022-06-01 03:37:22,189 [Command processor thread] INFO  commandhandler.CreatePipelineCommandHandler (CreatePipelineCommandHandler.java:handle(113)) - Created Pipeline RATIS ONE PipelineID=ee7e2811-6122-486c-8595-e3bd0ad93559.
2022-06-01 03:37:22,884 [Listener at 127.0.0.1/42459] INFO  ozone.MiniOzoneClusterImpl (MiniOzoneClusterImpl.java:lambda$waitForClusterToBeReady$0(221)) - Nodes are ready. Got 3 of 3 DN Heartbeats.
2022-06-01 03:37:22,884 [Listener at 127.0.0.1/42459] INFO  ozone.MiniOzoneClusterImpl (MiniOzoneClusterImpl.java:lambda$waitForClusterToBeReady$0(224)) - Waiting for cluster to exit safe mode
2022-06-01 03:37:22,885 [Listener at 127.0.0.1/42459] INFO  ozone.MiniOzoneClusterImpl (MiniOzoneClusterImpl.java:lambda$waitForClusterToBeReady$0(226)) - SCM became leader
2022-06-01 03:37:22,952 [Command processor thread] INFO  server.RaftServer (RaftServerProxy.java:addNew(96)) - 0fa7b21d-5839-4490-b3f6-ed1aaeb3a71c: addNew group-817780D197D6:[0fa7b21d-5839-4490-b3f6-ed1aaeb3a71c|rpc:10.1.0.5:44417|priority:1] returns group-817780D197D6:java.util.concurrent.CompletableFuture@6ec02455[Not completed]
2022-06-01 03:37:22,953 [pool-765-thread-1] INFO  server.RaftServer$Division (RaftServerImpl.java:<init>(190)) - 0fa7b21d-5839-4490-b3f6-ed1aaeb3a71c: new RaftServerImpl for group-817780D197D6:[0fa7b21d-5839-4490-b3f6-ed1aaeb3a71c|rpc:10.1.0.5:44417|priority:1] with ContainerStateMachine:uninitialized
2022-06-01 03:37:22,953 [pool-765-thread-1] INFO  server.RaftServerConfigKeys (ConfUtils.java:logGet(46)) - raft.server.rpc.timeout.min = 5s (custom)
2022-06-01 03:37:22,953 [pool-765-thread-1] INFO  server.RaftServerConfigKeys (ConfUtils.java:logGet(46)) - raft.server.rpc.timeout.max = 5200ms (custom)
2022-06-01 03:37:22,953 [pool-765-thread-1] INFO  server.RaftServerConfigKeys (ConfUtils.java:logGet(46)) - raft.server.rpc.sleep.time = 25ms (default)
2022-06-01 03:37:22,953 [pool-765-thread-1] INFO  server.RaftServerConfigKeys (ConfUtils.java:logGet(46)) - raft.server.rpc.slowness.timeout = 300s (custom)
2022-06-01 03:37:22,953 [pool-765-thread-1] INFO  server.RaftServerConfigKeys (ConfUtils.java:logGet(46)) - raft.server.leaderelection.leader.step-down.wait-time = 10s (default)
2022-06-01 03:37:22,953 [pool-765-thread-1] INFO  server.RaftServerConfigKeys (ConfUtils.java:logGet(46)) - raft.server.sleep.deviation.threshold = 300ms (default)
2022-06-01 03:37:22,953 [pool-765-thread-1] INFO  server.RaftServer$Division (ServerState.java:<init>(107)) - 0fa7b21d-5839-4490-b3f6-ed1aaeb3a71c@group-817780D197D6: ConfigurationManager, init=-1: [0fa7b21d-5839-4490-b3f6-ed1aaeb3a71c|rpc:10.1.0.5:44417|priority:1], old=null, confs=<EMPTY_MAP>
2022-06-01 03:37:22,953 [pool-765-thread-1] INFO  server.RaftServerConfigKeys (ConfUtils.java:logGet(46)) - raft.server.storage.dir = [/home/runner/work/ozone/ozone/hadoop-ozone/integration-test/target/test-dir/MiniOzoneClusterImpl-4b678c8b-8030-41e6-be3d-72ad8167f4c6/datanode-2/data/ratis] (custom)
2022-06-01 03:37:22,953 [pool-765-thread-1] INFO  server.RaftServerConfigKeys (ConfUtils.java:logGet(46)) - raft.server.log.corruption.policy = EXCEPTION (default)
2022-06-01 03:37:22,954 [pool-765-thread-1] INFO  server.RaftServerConfigKeys (ConfUtils.java:logGet(46)) - raft.server.storage.free-space.min = 0MB (=0) (default)
2022-06-01 03:37:22,954 [pool-765-thread-1] INFO  storage.RaftStorageDirectory (RaftStorageDirectoryImpl.java:analyzeStorage(135)) - The storage directory /home/runner/work/ozone/ozone/hadoop-ozone/integration-test/target/test-dir/MiniOzoneClusterImpl-4b678c8b-8030-41e6-be3d-72ad8167f4c6/datanode-2/data/ratis/6551b117-c2d0-4f14-a2d9-817780d197d6 does not exist. Creating ...
2022-06-01 03:37:22,957 [pool-765-thread-1] INFO  storage.RaftStorageDirectory (RaftStorageDirectoryImpl.java:tryLock(230)) - Lock on /home/runner/work/ozone/ozone/hadoop-ozone/integration-test/target/test-dir/MiniOzoneClusterImpl-4b678c8b-8030-41e6-be3d-72ad8167f4c6/datanode-2/data/ratis/6551b117-c2d0-4f14-a2d9-817780d197d6/in_use.lock acquired by nodename 14781@fv-az151-582
2022-06-01 03:37:22,969 [pool-765-thread-1] INFO  storage.RaftStorage (RaftStorageImpl.java:format(89)) - Storage directory /home/runner/work/ozone/ozone/hadoop-ozone/integration-test/target/test-dir/MiniOzoneClusterImpl-4b678c8b-8030-41e6-be3d-72ad8167f4c6/datanode-2/data/ratis/6551b117-c2d0-4f14-a2d9-817780d197d6 has been successfully formatted.
2022-06-01 03:37:22,970 [pool-765-thread-1] INFO  ratis.ContainerStateMachine (ContainerStateMachine.java:loadSnapshot(236)) - group-817780D197D6: The snapshot info is null. Setting the last applied indexto:(t:0, i:~)
2022-06-01 03:37:22,970 [pool-765-thread-1] INFO  server.RaftServerConfigKeys (ConfUtils.java:logGet(46)) - raft.server.notification.no-leader.timeout = 300s (custom)
2022-06-01 03:37:22,970 [pool-765-thread-1] INFO  server.RaftServerConfigKeys (ConfUtils.java:logGet(46)) - raft.server.log.use.memory = false (default)
2022-06-01 03:37:22,970 [pool-765-thread-1] INFO  server.RaftServerConfigKeys (ConfUtils.java:logGet(46)) - raft.server.log.purge.gap = 1000000 (custom)
2022-06-01 03:37:22,970 [pool-765-thread-1] INFO  server.RaftServerConfigKeys (ConfUtils.java:logGet(46)) - raft.server.log.appender.buffer.byte-limit = 33554432 (custom)
2022-06-01 03:37:22,970 [pool-765-thread-1] INFO  server.RaftServerConfigKeys (ConfUtils.java:logGet(46)) - raft.server.log.statemachine.data.read.timeout = 1000ms (default)
2022-06-01 03:37:22,970 [pool-765-thread-1] INFO  server.RaftServerConfigKeys (ConfUtils.java:logGet(46)) - raft.server.log.segment.size.max = 1048576 (custom)
2022-06-01 03:37:22,971 [pool-765-thread-1] INFO  server.RaftServerConfigKeys (ConfUtils.java:logGet(46)) - raft.server.log.segment.cache.num.max = 2 (custom)
2022-06-01 03:37:22,971 [pool-765-thread-1] INFO  server.RaftServerConfigKeys (ConfUtils.java:logGet(46)) - raft.server.log.segment.cache.size.max = 200MB (=209715200) (default)
2022-06-01 03:37:22,971 [pool-765-thread-1] INFO  segmented.SegmentedRaftLogWorker (SegmentedRaftLogWorker.java:<init>(187)) - new 0fa7b21d-5839-4490-b3f6-ed1aaeb3a71c@group-817780D197D6-SegmentedRaftLogWorker for RaftStorageImpl:Storage Directory /home/runner/work/ozone/ozone/hadoop-ozone/integration-test/target/test-dir/MiniOzoneClusterImpl-4b678c8b-8030-41e6-be3d-72ad8167f4c6/datanode-2/data/ratis/6551b117-c2d0-4f14-a2d9-817780d197d6
2022-06-01 03:37:22,971 [pool-765-thread-1] INFO  server.RaftServerConfigKeys (ConfUtils.java:logGet(46)) - raft.server.log.queue.byte-limit = 4294967296 (custom)
2022-06-01 03:37:22,971 [pool-765-thread-1] INFO  server.RaftServerConfigKeys (ConfUtils.java:logGet(46)) - raft.server.log.queue.element-limit = 1024 (custom)
2022-06-01 03:37:22,971 [pool-765-thread-1] INFO  server.RaftServerConfigKeys (ConfUtils.java:logGet(46)) - raft.server.log.segment.size.max = 1048576 (custom)
2022-06-01 03:37:22,971 [pool-765-thread-1] INFO  server.RaftServerConfigKeys (ConfUtils.java:logGet(46)) - raft.server.log.preallocated.size = 16384 (custom)
2022-06-01 03:37:22,971 [pool-765-thread-1] INFO  server.RaftServerConfigKeys (ConfUtils.java:logGet(46)) - raft.server.log.force.sync.num = 128 (default)
2022-06-01 03:37:22,971 [pool-765-thread-1] INFO  server.RaftServerConfigKeys (ConfUtils.java:logGet(46)) - raft.server.log.statemachine.data.sync = true (default)
2022-06-01 03:37:22,971 [pool-765-thread-1] INFO  server.RaftServerConfigKeys (ConfUtils.java:logGet(46)) - raft.server.log.statemachine.data.sync.timeout = 10s (default)
2022-06-01 03:37:22,971 [pool-765-thread-1] INFO  server.RaftServerConfigKeys (ConfUtils.java:logGet(46)) - raft.server.log.statemachine.data.sync.timeout.retry = -1 (default)
2022-06-01 03:37:22,973 [EventQueue-PipelineReportForPipelineReportHandler] INFO  pipeline.PipelineManagerImpl (PipelineManagerImpl.java:openPipeline(356)) - Pipeline Pipeline[ Id: 6551b117-c2d0-4f14-a2d9-817780d197d6, Nodes: 0fa7b21d-5839-4490-b3f6-ed1aaeb3a71c{ip: 10.1.0.5, host: fv-az151-582.yf2hydr00wburbhx3j5hxtcipe.bx.internal.cloudapp.net, ports: [REPLICATION=46797, RATIS=44417, RATIS_ADMIN=44417, RATIS_SERVER=44417, STANDALONE=34631], networkLocation: /default-rack, certSerialId: null, persistedOpState: IN_SERVICE, persistedOpStateExpiryEpochSec: 0}, ReplicationConfig: RATIS/ONE, State:ALLOCATED, leaderId:0fa7b21d-5839-4490-b3f6-ed1aaeb3a71c, CreationTimestamp2022-06-01T03:37:19.956Z[Etc/UTC]] moved to OPEN state
2022-06-01 03:37:22,973 [EventQueue-OpenPipelineForHealthyPipelineSafeModeRule] INFO  safemode.SCMSafeModeManager (HealthyPipelineSafeModeRule.java:process(124)) - SCM in safe mode. Healthy pipelines reported count is 0, required healthy pipeline reported count is 1
2022-06-01 03:37:22,978 [pool-765-thread-1] INFO  server.RaftServerConfigKeys (ConfUtils.java:logGet(46)) - raft.server.log.write.buffer.size = 1048576 (custom)
2022-06-01 03:37:22,978 [pool-765-thread-1] INFO  server.RaftServerConfigKeys (ConfUtils.java:logGet(46)) - raft.server.log.unsafe-flush.enabled = false (default)
2022-06-01 03:37:22,978 [pool-765-thread-1] INFO  server.RaftServerConfigKeys (ConfUtils.java:logGet(46)) - raft.server.log.statemachine.data.caching.enabled = true (custom)
2022-06-01 03:37:22,979 [pool-765-thread-1] INFO  segmented.SegmentedRaftLogWorker (SegmentedRaftLogWorker.java:lambda$new$0(135)) - 0fa7b21d-5839-4490-b3f6-ed1aaeb3a71c@group-817780D197D6-SegmentedRaftLogWorker: flushIndex: setUnconditionally 0 -> -1
2022-06-01 03:37:22,979 [pool-765-thread-1] INFO  segmented.SegmentedRaftLogWorker (SegmentedRaftLogWorker.java:lambda$new$0(135)) - 0fa7b21d-5839-4490-b3f6-ed1aaeb3a71c@group-817780D197D6-SegmentedRaftLogWorker: safeCacheEvictIndex: setUnconditionally 0 -> -1
2022-06-01 03:37:22,989 [pool-765-thread-1] INFO  server.RaftServerConfigKeys (ConfUtils.java:logGet(46)) - raft.server.snapshot.auto.trigger.enabled = true (custom)
2022-06-01 03:37:22,989 [pool-765-thread-1] INFO  server.RaftServerConfigKeys (ConfUtils.java:logGet(46)) - raft.server.snapshot.auto.trigger.threshold = 10000 (custom)
2022-06-01 03:37:22,989 [pool-765-thread-1] INFO  server.RaftServerConfigKeys (ConfUtils.java:logGet(46)) - raft.server.snapshot.retention.file.num = 5 (custom)
2022-06-01 03:37:22,989 [pool-765-thread-1] INFO  server.RaftServerConfigKeys (ConfUtils.java:logGet(46)) - raft.server.log.purge.upto.snapshot.index = false (default)
2022-06-01 03:37:22,989 [pool-765-thread-1] INFO  server.RaftServerConfigKeys (ConfUtils.java:logGet(46)) - raft.server.retrycache.expirytime = 600000ms (custom)
2022-06-01 03:37:22,989 [pool-765-thread-1] INFO  server.RaftServerConfigKeys (ConfUtils.java:logGet(46)) - raft.server.retrycache.statistics.expirytime = 100μs (default)
2022-06-01 03:37:22,990 [pool-765-thread-1] INFO  server.RaftServerConfigKeys (ConfUtils.java:logGet(46)) - raft.server.log.appender.install.snapshot.enabled = false (custom)
2022-06-01 03:37:22,991 [pool-765-thread-1] INFO  server.RaftServerConfigKeys (ConfUtils.java:logGet(46)) - raft.server.threadpool.server.cached = true (default)
2022-06-01 03:37:22,991 [pool-765-thread-1] INFO  server.RaftServerConfigKeys (ConfUtils.java:logGet(46)) - raft.server.threadpool.server.size = 0 (default)
2022-06-01 03:37:22,991 [pool-765-thread-1] INFO  server.RaftServerConfigKeys (ConfUtils.java:logGet(46)) - raft.server.threadpool.client.cached = true (default)
2022-06-01 03:37:22,991 [pool-765-thread-1] INFO  server.RaftServerConfigKeys (ConfUtils.java:logGet(46)) - raft.server.threadpool.client.size = 0 (default)
2022-06-01 03:37:22,991 [pool-765-thread-1] INFO  server.RaftServer$Division (RaftServerImpl.java:start(310)) - 0fa7b21d-5839-4490-b3f6-ed1aaeb3a71c@group-817780D197D6: start as a follower, conf=-1: [0fa7b21d-5839-4490-b3f6-ed1aaeb3a71c|rpc:10.1.0.5:44417|priority:1], old=null
2022-06-01 03:37:22,991 [pool-765-thread-1] INFO  server.RaftServer$Division (RaftServerImpl.java:setRole(299)) - 0fa7b21d-5839-4490-b3f6-ed1aaeb3a71c@group-817780D197D6: changes role from      null to FOLLOWER at term 0 for startAsFollower
2022-06-01 03:37:22,991 [pool-765-thread-1] INFO  impl.RoleInfo (RoleInfo.java:updateAndGet(139)) - 0fa7b21d-5839-4490-b3f6-ed1aaeb3a71c: start 0fa7b21d-5839-4490-b3f6-ed1aaeb3a71c@group-817780D197D6-FollowerState
2022-06-01 03:37:23,066 [pool-765-thread-1] INFO  util.JmxRegister (JmxRegister.java:tryRegister(44)) - Successfully registered JMX Bean with object name Ratis:service=RaftServer,group=group-817780D197D6,id=0fa7b21d-5839-4490-b3f6-ed1aaeb3a71c
2022-06-01 03:37:23,068 [Command processor thread] INFO  ratis.XceiverServerRatis (XceiverServerRatis.java:addGroup(765)) - Created group PipelineID=6551b117-c2d0-4f14-a2d9-817780d197d6
2022-06-01 03:37:23,068 [Command processor thread] INFO  commandhandler.CreatePipelineCommandHandler (CreatePipelineCommandHandler.java:handle(113)) - Created Pipeline RATIS ONE PipelineID=6551b117-c2d0-4f14-a2d9-817780d197d6.
2022-06-01 03:37:23,885 [Listener at 127.0.0.1/42459] INFO  ozone.MiniOzoneClusterImpl (MiniOzoneClusterImpl.java:lambda$waitForClusterToBeReady$0(221)) - Nodes are ready. Got 3 of 3 DN Heartbeats.
2022-06-01 03:37:23,885 [Listener at 127.0.0.1/42459] INFO  ozone.MiniOzoneClusterImpl (MiniOzoneClusterImpl.java:lambda$waitForClusterToBeReady$0(224)) - Waiting for cluster to exit safe mode
2022-06-01 03:37:23,885 [Listener at 127.0.0.1/42459] INFO  ozone.MiniOzoneClusterImpl (MiniOzoneClusterImpl.java:lambda$waitForClusterToBeReady$0(226)) - SCM became leader
2022-06-01 03:37:24,885 [Listener at 127.0.0.1/42459] INFO  ozone.MiniOzoneClusterImpl (MiniOzoneClusterImpl.java:lambda$waitForClusterToBeReady$0(221)) - Nodes are ready. Got 3 of 3 DN Heartbeats.
2022-06-01 03:37:24,886 [Listener at 127.0.0.1/42459] INFO  ozone.MiniOzoneClusterImpl (MiniOzoneClusterImpl.java:lambda$waitForClusterToBeReady$0(224)) - Waiting for cluster to exit safe mode
2022-06-01 03:37:24,886 [Listener at 127.0.0.1/42459] INFO  ozone.MiniOzoneClusterImpl (MiniOzoneClusterImpl.java:lambda$waitForClusterToBeReady$0(226)) - SCM became leader
2022-06-01 03:37:25,886 [Listener at 127.0.0.1/42459] INFO  ozone.MiniOzoneClusterImpl (MiniOzoneClusterImpl.java:lambda$waitForClusterToBeReady$0(221)) - Nodes are ready. Got 3 of 3 DN Heartbeats.
2022-06-01 03:37:25,886 [Listener at 127.0.0.1/42459] INFO  ozone.MiniOzoneClusterImpl (MiniOzoneClusterImpl.java:lambda$waitForClusterToBeReady$0(224)) - Waiting for cluster to exit safe mode
2022-06-01 03:37:25,886 [Listener at 127.0.0.1/42459] INFO  ozone.MiniOzoneClusterImpl (MiniOzoneClusterImpl.java:lambda$waitForClusterToBeReady$0(226)) - SCM became leader
2022-06-01 03:37:26,270 [6b26db58-8644-4db9-9b06-0414a42a6dd8@group-C2C36489174F-FollowerState] INFO  impl.FollowerState (FollowerState.java:run(143)) - 6b26db58-8644-4db9-9b06-0414a42a6dd8@group-C2C36489174F-FollowerState: change to CANDIDATE, lastRpcElapsedTime:5003889105ns, electionTimeout:5003ms
2022-06-01 03:37:26,270 [6b26db58-8644-4db9-9b06-0414a42a6dd8@group-C2C36489174F-FollowerState] INFO  impl.RoleInfo (RoleInfo.java:shutdownFollowerState(110)) - 6b26db58-8644-4db9-9b06-0414a42a6dd8: shutdown 6b26db58-8644-4db9-9b06-0414a42a6dd8@group-C2C36489174F-FollowerState
2022-06-01 03:37:26,270 [6b26db58-8644-4db9-9b06-0414a42a6dd8@group-C2C36489174F-FollowerState] INFO  server.RaftServer$Division (RaftServerImpl.java:setRole(299)) - 6b26db58-8644-4db9-9b06-0414a42a6dd8@group-C2C36489174F: changes role from  FOLLOWER to CANDIDATE at term 0 for changeToCandidate
2022-06-01 03:37:26,270 [6b26db58-8644-4db9-9b06-0414a42a6dd8@group-C2C36489174F-FollowerState] INFO  server.RaftServerConfigKeys (ConfUtils.java:logGet(46)) - raft.server.leaderelection.pre-vote = false (custom)
2022-06-01 03:37:26,270 [6b26db58-8644-4db9-9b06-0414a42a6dd8@group-C2C36489174F-FollowerState] INFO  impl.RoleInfo (RoleInfo.java:updateAndGet(139)) - 6b26db58-8644-4db9-9b06-0414a42a6dd8: start 6b26db58-8644-4db9-9b06-0414a42a6dd8@group-C2C36489174F-LeaderElection52
2022-06-01 03:37:26,308 [6b26db58-8644-4db9-9b06-0414a42a6dd8@group-C2C36489174F-LeaderElection52] INFO  impl.LeaderElection (LeaderElection.java:askForVotes(310)) - 6b26db58-8644-4db9-9b06-0414a42a6dd8@group-C2C36489174F-LeaderElection52 ELECTION round 0: submit vote requests at term 1 for -1: [6b26db58-8644-4db9-9b06-0414a42a6dd8|rpc:10.1.0.5:35787|priority:1], old=null
2022-06-01 03:37:26,309 [6b26db58-8644-4db9-9b06-0414a42a6dd8@group-C2C36489174F-LeaderElection52] INFO  impl.LeaderElection (LeaderElection.java:askForVotes(312)) - 6b26db58-8644-4db9-9b06-0414a42a6dd8@group-C2C36489174F-LeaderElection52 ELECTION round 0: result PASSED (term=1)
2022-06-01 03:37:26,309 [6b26db58-8644-4db9-9b06-0414a42a6dd8@group-C2C36489174F-LeaderElection52] INFO  impl.RoleInfo (RoleInfo.java:shutdownLeaderElection(130)) - 6b26db58-8644-4db9-9b06-0414a42a6dd8: shutdown 6b26db58-8644-4db9-9b06-0414a42a6dd8@group-C2C36489174F-LeaderElection52
2022-06-01 03:37:26,309 [6b26db58-8644-4db9-9b06-0414a42a6dd8@group-C2C36489174F-LeaderElection52] INFO  server.RaftServer$Division (RaftServerImpl.java:setRole(299)) - 6b26db58-8644-4db9-9b06-0414a42a6dd8@group-C2C36489174F: changes role from CANDIDATE to LEADER at term 1 for changeToLeader
2022-06-01 03:37:26,309 [6b26db58-8644-4db9-9b06-0414a42a6dd8@group-C2C36489174F-LeaderElection52] INFO  ratis.XceiverServerRatis (XceiverServerRatis.java:handleLeaderChangedNotification(863)) - Leader change notification received for group: group-C2C36489174F with new leaderId: 6b26db58-8644-4db9-9b06-0414a42a6dd8
2022-06-01 03:37:26,309 [6b26db58-8644-4db9-9b06-0414a42a6dd8@group-C2C36489174F-LeaderElection52] INFO  server.RaftServer$Division (ServerState.java:setLeader(287)) - 6b26db58-8644-4db9-9b06-0414a42a6dd8@group-C2C36489174F: change Leader from null to 6b26db58-8644-4db9-9b06-0414a42a6dd8 at term 1 for becomeLeader, leader elected after 5053ms
2022-06-01 03:37:26,309 [6b26db58-8644-4db9-9b06-0414a42a6dd8@group-C2C36489174F-LeaderElection52] INFO  server.RaftServerConfigKeys (ConfUtils.java:logGet(46)) - raft.server.staging.catchup.gap = 1000 (default)
2022-06-01 03:37:26,309 [6b26db58-8644-4db9-9b06-0414a42a6dd8@group-C2C36489174F-LeaderElection52] INFO  server.RaftServerConfigKeys (ConfUtils.java:logGet(46)) - raft.server.write.element-limit = 1024 (custom)
2022-06-01 03:37:26,309 [6b26db58-8644-4db9-9b06-0414a42a6dd8@group-C2C36489174F-LeaderElection52] INFO  server.RaftServerConfigKeys (ConfUtils.java:logGet(46)) - raft.server.write.byte-limit = 1024 M (=1073741824) (custom)
2022-06-01 03:37:26,310 [6b26db58-8644-4db9-9b06-0414a42a6dd8@group-C2C36489174F-LeaderElection52] INFO  server.RaftServerConfigKeys (ConfUtils.java:logGet(46)) - raft.server.watch.timeout = 180s (custom)
2022-06-01 03:37:26,310 [6b26db58-8644-4db9-9b06-0414a42a6dd8@group-C2C36489174F-LeaderElection52] INFO  server.RaftServerConfigKeys (ConfUtils.java:logGet(46)) - raft.server.watch.timeout.denomination = 1s (default)
2022-06-01 03:37:26,310 [6b26db58-8644-4db9-9b06-0414a42a6dd8@group-C2C36489174F-LeaderElection52] INFO  server.RaftServerConfigKeys (ConfUtils.java:logGet(46)) - raft.server.watch.element-limit = 65536 (default)
2022-06-01 03:37:26,310 [6b26db58-8644-4db9-9b06-0414a42a6dd8@group-C2C36489174F-LeaderElection52] INFO  server.RaftServerConfigKeys (ConfUtils.java:logGet(46)) - raft.server.write.element-limit = 1024 (custom)
2022-06-01 03:37:26,310 [6b26db58-8644-4db9-9b06-0414a42a6dd8@group-C2C36489174F-LeaderElection52] INFO  server.RaftServerConfigKeys (ConfUtils.java:logGet(46)) - raft.server.write.follower.gap.ratio.max = -1.0 (default)
2022-06-01 03:37:26,311 [EventQueue-OpenPipelineForHealthyPipelineSafeModeRule] INFO  safemode.SCMSafeModeManager (HealthyPipelineSafeModeRule.java:process(124)) - SCM in safe mode. Healthy pipelines reported count is 0, required healthy pipeline reported count is 1
2022-06-01 03:37:26,311 [6b26db58-8644-4db9-9b06-0414a42a6dd8@group-C2C36489174F-LeaderElection52] INFO  impl.RoleInfo (RoleInfo.java:updateAndGet(139)) - 6b26db58-8644-4db9-9b06-0414a42a6dd8: start 6b26db58-8644-4db9-9b06-0414a42a6dd8@group-C2C36489174F-LeaderStateImpl
2022-06-01 03:37:26,311 [6b26db58-8644-4db9-9b06-0414a42a6dd8@group-C2C36489174F-LeaderElection52] INFO  segmented.SegmentedRaftLogWorker (SegmentedRaftLogWorker.java:startLogSegment(425)) - 6b26db58-8644-4db9-9b06-0414a42a6dd8@group-C2C36489174F-SegmentedRaftLogWorker: Starting segment from index:0
2022-06-01 03:37:26,312 [6b26db58-8644-4db9-9b06-0414a42a6dd8@group-C2C36489174F-SegmentedRaftLogWorker] INFO  segmented.SegmentedRaftLogWorker (SegmentedRaftLogWorker.java:execute(629)) - 6b26db58-8644-4db9-9b06-0414a42a6dd8@group-C2C36489174F-SegmentedRaftLogWorker: created new log segment /home/runner/work/ozone/ozone/hadoop-ozone/integration-test/target/test-dir/MiniOzoneClusterImpl-4b678c8b-8030-41e6-be3d-72ad8167f4c6/datanode-0/data/ratis/f313fd63-cb00-456a-b536-c2c36489174f/current/log_inprogress_0
2022-06-01 03:37:26,320 [6b26db58-8644-4db9-9b06-0414a42a6dd8@group-C2C36489174F-LeaderElection52] INFO  server.RaftServer$Division (ServerState.java:setRaftConf(393)) - 6b26db58-8644-4db9-9b06-0414a42a6dd8@group-C2C36489174F: set configuration 0: [6b26db58-8644-4db9-9b06-0414a42a6dd8|rpc:10.1.0.5:35787|dataStream:|priority:1], old=null
2022-06-01 03:37:26,409 [6b26db58-8644-4db9-9b06-0414a42a6dd8@group-498DD53841A7-FollowerState] INFO  impl.FollowerState (FollowerState.java:run(143)) - 6b26db58-8644-4db9-9b06-0414a42a6dd8@group-498DD53841A7-FollowerState: change to CANDIDATE, lastRpcElapsedTime:5094814664ns, electionTimeout:5089ms
2022-06-01 03:37:26,409 [6b26db58-8644-4db9-9b06-0414a42a6dd8@group-498DD53841A7-FollowerState] INFO  impl.RoleInfo (RoleInfo.java:shutdownFollowerState(110)) - 6b26db58-8644-4db9-9b06-0414a42a6dd8: shutdown 6b26db58-8644-4db9-9b06-0414a42a6dd8@group-498DD53841A7-FollowerState
2022-06-01 03:37:26,409 [6b26db58-8644-4db9-9b06-0414a42a6dd8@group-498DD53841A7-FollowerState] INFO  server.RaftServer$Division (RaftServerImpl.java:setRole(299)) - 6b26db58-8644-4db9-9b06-0414a42a6dd8@group-498DD53841A7: changes role from  FOLLOWER to CANDIDATE at term 0 for changeToCandidate
2022-06-01 03:37:26,410 [6b26db58-8644-4db9-9b06-0414a42a6dd8@group-498DD53841A7-FollowerState] INFO  server.RaftServerConfigKeys (ConfUtils.java:logGet(46)) - raft.server.leaderelection.pre-vote = false (custom)
2022-06-01 03:37:26,410 [6b26db58-8644-4db9-9b06-0414a42a6dd8@group-498DD53841A7-FollowerState] INFO  impl.RoleInfo (RoleInfo.java:updateAndGet(139)) - 6b26db58-8644-4db9-9b06-0414a42a6dd8: start 6b26db58-8644-4db9-9b06-0414a42a6dd8@group-498DD53841A7-LeaderElection53
2022-06-01 03:37:26,479 [6b26db58-8644-4db9-9b06-0414a42a6dd8@group-498DD53841A7-LeaderElection53] INFO  impl.LeaderElection (LeaderElection.java:askForVotes(310)) - 6b26db58-8644-4db9-9b06-0414a42a6dd8@group-498DD53841A7-LeaderElection53 ELECTION round 0: submit vote requests at term 1 for -1: [6b26db58-8644-4db9-9b06-0414a42a6dd8|rpc:10.1.0.5:35787|priority:0, 0fa7b21d-5839-4490-b3f6-ed1aaeb3a71c|rpc:10.1.0.5:44417|priority:1, 76d842b8-92bd-49ca-b07f-aee697bf2b9f|rpc:10.1.0.5:38797|priority:0], old=null
2022-06-01 03:37:26,571 [grpc-default-executor-1] INFO  server.RaftServer$Division (RaftServerImpl.java:requestVote(1152)) - 0fa7b21d-5839-4490-b3f6-ed1aaeb3a71c@group-498DD53841A7: receive requestVote(ELECTION, 6b26db58-8644-4db9-9b06-0414a42a6dd8, group-498DD53841A7, 1, (t:0, i:0))
2022-06-01 03:37:26,571 [grpc-default-executor-1] INFO  impl.VoteContext (VoteContext.java:log(48)) - 0fa7b21d-5839-4490-b3f6-ed1aaeb3a71c@group-498DD53841A7-FOLLOWER: reject ELECTION from 6b26db58-8644-4db9-9b06-0414a42a6dd8: our priority 1 > candidate's priority 0
2022-06-01 03:37:26,571 [grpc-default-executor-1] INFO  server.RaftServer$Division (RaftServerImpl.java:setRole(299)) - 0fa7b21d-5839-4490-b3f6-ed1aaeb3a71c@group-498DD53841A7: changes role from  FOLLOWER to FOLLOWER at term 1 for candidate:6b26db58-8644-4db9-9b06-0414a42a6dd8
2022-06-01 03:37:26,571 [grpc-default-executor-1] INFO  impl.RoleInfo (RoleInfo.java:shutdownFollowerState(110)) - 0fa7b21d-5839-4490-b3f6-ed1aaeb3a71c: shutdown 0fa7b21d-5839-4490-b3f6-ed1aaeb3a71c@group-498DD53841A7-FollowerState
2022-06-01 03:37:26,571 [grpc-default-executor-1] INFO  impl.RoleInfo (RoleInfo.java:updateAndGet(139)) - 0fa7b21d-5839-4490-b3f6-ed1aaeb3a71c: start 0fa7b21d-5839-4490-b3f6-ed1aaeb3a71c@group-498DD53841A7-FollowerState
2022-06-01 03:37:26,575 [0fa7b21d-5839-4490-b3f6-ed1aaeb3a71c@group-498DD53841A7-FollowerState] INFO  impl.FollowerState (FollowerState.java:run(152)) - 0fa7b21d-5839-4490-b3f6-ed1aaeb3a71c@group-498DD53841A7-FollowerState was interrupted
2022-06-01 03:37:26,604 [grpc-default-executor-1] INFO  server.RaftServer$Division (RaftServerImpl.java:requestVote(1184)) - 0fa7b21d-5839-4490-b3f6-ed1aaeb3a71c@group-498DD53841A7 replies to ELECTION vote request: 6b26db58-8644-4db9-9b06-0414a42a6dd8<-0fa7b21d-5839-4490-b3f6-ed1aaeb3a71c#0:FAIL-t1. Peer's state: 0fa7b21d-5839-4490-b3f6-ed1aaeb3a71c@group-498DD53841A7:t1, leader=null, voted=null, raftlog=0fa7b21d-5839-4490-b3f6-ed1aaeb3a71c@group-498DD53841A7-SegmentedRaftLog:OPENED:c-1, conf=-1: [6b26db58-8644-4db9-9b06-0414a42a6dd8|rpc:10.1.0.5:35787|dataStream:|priority:0, 0fa7b21d-5839-4490-b3f6-ed1aaeb3a71c|rpc:10.1.0.5:44417|dataStream:|priority:1, 76d842b8-92bd-49ca-b07f-aee697bf2b9f|rpc:10.1.0.5:38797|dataStream:|priority:0], old=null
2022-06-01 03:37:26,606 [6b26db58-8644-4db9-9b06-0414a42a6dd8@group-498DD53841A7-LeaderElection53] INFO  impl.LeaderElection (LeaderElection.java:logAndReturn(90)) - 6b26db58-8644-4db9-9b06-0414a42a6dd8@group-498DD53841A7-LeaderElection53: ELECTION REJECTED received 1 response(s) and 0 exception(s):
2022-06-01 03:37:26,606 [6b26db58-8644-4db9-9b06-0414a42a6dd8@group-498DD53841A7-LeaderElection53] INFO  impl.LeaderElection (LeaderElection.java:logAndReturn(94)) -   Response 0: 6b26db58-8644-4db9-9b06-0414a42a6dd8<-0fa7b21d-5839-4490-b3f6-ed1aaeb3a71c#0:FAIL-t1
2022-06-01 03:37:26,606 [6b26db58-8644-4db9-9b06-0414a42a6dd8@group-498DD53841A7-LeaderElection53] INFO  impl.LeaderElection (LeaderElection.java:askForVotes(312)) - 6b26db58-8644-4db9-9b06-0414a42a6dd8@group-498DD53841A7-LeaderElection53 ELECTION round 0: result REJECTED
2022-06-01 03:37:26,606 [6b26db58-8644-4db9-9b06-0414a42a6dd8@group-498DD53841A7-LeaderElection53] INFO  server.RaftServer$Division (RaftServerImpl.java:setRole(299)) - 6b26db58-8644-4db9-9b06-0414a42a6dd8@group-498DD53841A7: changes role from CANDIDATE to FOLLOWER at term 1 for REJECTED
2022-06-01 03:37:26,606 [6b26db58-8644-4db9-9b06-0414a42a6dd8@group-498DD53841A7-LeaderElection53] INFO  impl.RoleInfo (RoleInfo.java:shutdownLeaderElection(130)) - 6b26db58-8644-4db9-9b06-0414a42a6dd8: shutdown 6b26db58-8644-4db9-9b06-0414a42a6dd8@group-498DD53841A7-LeaderElection53
2022-06-01 03:37:26,606 [6b26db58-8644-4db9-9b06-0414a42a6dd8@group-498DD53841A7-LeaderElection53] INFO  impl.RoleInfo (RoleInfo.java:updateAndGet(139)) - 6b26db58-8644-4db9-9b06-0414a42a6dd8: start 6b26db58-8644-4db9-9b06-0414a42a6dd8@group-498DD53841A7-FollowerState
2022-06-01 03:37:26,618 [76d842b8-92bd-49ca-b07f-aee697bf2b9f@group-498DD53841A7-FollowerState] INFO  impl.FollowerState (FollowerState.java:run(143)) - 76d842b8-92bd-49ca-b07f-aee697bf2b9f@group-498DD53841A7-FollowerState: change to CANDIDATE, lastRpcElapsedTime:5028219834ns, electionTimeout:5013ms
2022-06-01 03:37:26,618 [76d842b8-92bd-49ca-b07f-aee697bf2b9f@group-498DD53841A7-FollowerState] INFO  impl.RoleInfo (RoleInfo.java:shutdownFollowerState(110)) - 76d842b8-92bd-49ca-b07f-aee697bf2b9f: shutdown 76d842b8-92bd-49ca-b07f-aee697bf2b9f@group-498DD53841A7-FollowerState
2022-06-01 03:37:26,618 [76d842b8-92bd-49ca-b07f-aee697bf2b9f@group-498DD53841A7-FollowerState] INFO  server.RaftServer$Division (RaftServerImpl.java:setRole(299)) - 76d842b8-92bd-49ca-b07f-aee697bf2b9f@group-498DD53841A7: changes role from  FOLLOWER to CANDIDATE at term 0 for changeToCandidate
2022-06-01 03:37:26,618 [76d842b8-92bd-49ca-b07f-aee697bf2b9f@group-498DD53841A7-FollowerState] INFO  server.RaftServerConfigKeys (ConfUtils.java:logGet(46)) - raft.server.leaderelection.pre-vote = false (custom)
2022-06-01 03:37:26,618 [76d842b8-92bd-49ca-b07f-aee697bf2b9f@group-498DD53841A7-FollowerState] INFO  impl.RoleInfo (RoleInfo.java:updateAndGet(139)) - 76d842b8-92bd-49ca-b07f-aee697bf2b9f: start 76d842b8-92bd-49ca-b07f-aee697bf2b9f@group-498DD53841A7-LeaderElection54
2022-06-01 03:37:26,640 [grpc-default-executor-1] INFO  server.RaftServer$Division (RaftServerImpl.java:requestVote(1152)) - 76d842b8-92bd-49ca-b07f-aee697bf2b9f@group-498DD53841A7: receive requestVote(ELECTION, 6b26db58-8644-4db9-9b06-0414a42a6dd8, group-498DD53841A7, 1, (t:0, i:0))
2022-06-01 03:37:26,641 [grpc-default-executor-1] INFO  impl.VoteContext (VoteContext.java:log(48)) - 76d842b8-92bd-49ca-b07f-aee697bf2b9f@group-498DD53841A7-CANDIDATE: accept ELECTION from 6b26db58-8644-4db9-9b06-0414a42a6dd8: our priority 0 <= candidate's priority 0
2022-06-01 03:37:26,641 [grpc-default-executor-1] INFO  server.RaftServer$Division (RaftServerImpl.java:setRole(299)) - 76d842b8-92bd-49ca-b07f-aee697bf2b9f@group-498DD53841A7: changes role from CANDIDATE to FOLLOWER at term 1 for candidate:6b26db58-8644-4db9-9b06-0414a42a6dd8
2022-06-01 03:37:26,641 [grpc-default-executor-1] INFO  impl.RoleInfo (RoleInfo.java:shutdownLeaderElection(130)) - 76d842b8-92bd-49ca-b07f-aee697bf2b9f: shutdown 76d842b8-92bd-49ca-b07f-aee697bf2b9f@group-498DD53841A7-LeaderElection54
2022-06-01 03:37:26,641 [grpc-default-executor-1] INFO  impl.RoleInfo (RoleInfo.java:updateAndGet(139)) - 76d842b8-92bd-49ca-b07f-aee697bf2b9f: start 76d842b8-92bd-49ca-b07f-aee697bf2b9f@group-498DD53841A7-FollowerState
2022-06-01 03:37:26,641 [76d842b8-92bd-49ca-b07f-aee697bf2b9f@group-498DD53841A7-LeaderElection54] INFO  impl.LeaderElection (LeaderElection.java:run(231)) - 76d842b8-92bd-49ca-b07f-aee697bf2b9f@group-498DD53841A7-LeaderElection54: skip running since this is already CLOSING
2022-06-01 03:37:26,643 [grpc-default-executor-1] INFO  server.RaftServer$Division (RaftServerImpl.java:requestVote(1184)) - 76d842b8-92bd-49ca-b07f-aee697bf2b9f@group-498DD53841A7 replies to ELECTION vote request: 6b26db58-8644-4db9-9b06-0414a42a6dd8<-76d842b8-92bd-49ca-b07f-aee697bf2b9f#0:OK-t1. Peer's state: 76d842b8-92bd-49ca-b07f-aee697bf2b9f@group-498DD53841A7:t1, leader=null, voted=6b26db58-8644-4db9-9b06-0414a42a6dd8, raftlog=76d842b8-92bd-49ca-b07f-aee697bf2b9f@group-498DD53841A7-SegmentedRaftLog:OPENED:c-1, conf=-1: [6b26db58-8644-4db9-9b06-0414a42a6dd8|rpc:10.1.0.5:35787|dataStream:|priority:0, 0fa7b21d-5839-4490-b3f6-ed1aaeb3a71c|rpc:10.1.0.5:44417|dataStream:|priority:1, 76d842b8-92bd-49ca-b07f-aee697bf2b9f|rpc:10.1.0.5:38797|dataStream:|priority:0], old=null
2022-06-01 03:37:26,686 [6b26db58-8644-4db9-9b06-0414a42a6dd8@group-B6C92DB5B829-FollowerState] INFO  impl.FollowerState (FollowerState.java:run(143)) - 6b26db58-8644-4db9-9b06-0414a42a6dd8@group-B6C92DB5B829-FollowerState: change to CANDIDATE, lastRpcElapsedTime:5052906667ns, electionTimeout:5052ms
2022-06-01 03:37:26,686 [6b26db58-8644-4db9-9b06-0414a42a6dd8@group-B6C92DB5B829-FollowerState] INFO  impl.RoleInfo (RoleInfo.java:shutdownFollowerState(110)) - 6b26db58-8644-4db9-9b06-0414a42a6dd8: shutdown 6b26db58-8644-4db9-9b06-0414a42a6dd8@group-B6C92DB5B829-FollowerState
2022-06-01 03:37:26,686 [6b26db58-8644-4db9-9b06-0414a42a6dd8@group-B6C92DB5B829-FollowerState] INFO  server.RaftServer$Division (RaftServerImpl.java:setRole(299)) - 6b26db58-8644-4db9-9b06-0414a42a6dd8@group-B6C92DB5B829: changes role from  FOLLOWER to CANDIDATE at term 0 for changeToCandidate
2022-06-01 03:37:26,686 [6b26db58-8644-4db9-9b06-0414a42a6dd8@group-B6C92DB5B829-FollowerState] INFO  server.RaftServerConfigKeys (ConfUtils.java:logGet(46)) - raft.server.leaderelection.pre-vote = false (custom)
2022-06-01 03:37:26,686 [6b26db58-8644-4db9-9b06-0414a42a6dd8@group-B6C92DB5B829-FollowerState] INFO  impl.RoleInfo (RoleInfo.java:updateAndGet(139)) - 6b26db58-8644-4db9-9b06-0414a42a6dd8: start 6b26db58-8644-4db9-9b06-0414a42a6dd8@group-B6C92DB5B829-LeaderElection55
2022-06-01 03:37:26,730 [6b26db58-8644-4db9-9b06-0414a42a6dd8@group-B6C92DB5B829-LeaderElection55] INFO  impl.LeaderElection (LeaderElection.java:askForVotes(310)) - 6b26db58-8644-4db9-9b06-0414a42a6dd8@group-B6C92DB5B829-LeaderElection55 ELECTION round 0: submit vote requests at term 1 for -1: [6b26db58-8644-4db9-9b06-0414a42a6dd8|rpc:10.1.0.5:35787|priority:1, 0fa7b21d-5839-4490-b3f6-ed1aaeb3a71c|rpc:10.1.0.5:44417|priority:0, 76d842b8-92bd-49ca-b07f-aee697bf2b9f|rpc:10.1.0.5:38797|priority:0], old=null
2022-06-01 03:37:26,748 [grpc-default-executor-1] INFO  server.RaftServer$Division (RaftServerImpl.java:requestVote(1152)) - 0fa7b21d-5839-4490-b3f6-ed1aaeb3a71c@group-B6C92DB5B829: receive requestVote(ELECTION, 6b26db58-8644-4db9-9b06-0414a42a6dd8, group-B6C92DB5B829, 1, (t:0, i:0))
2022-06-01 03:37:26,748 [grpc-default-executor-1] INFO  impl.VoteContext (VoteContext.java:log(48)) - 0fa7b21d-5839-4490-b3f6-ed1aaeb3a71c@group-B6C92DB5B829-FOLLOWER: accept ELECTION from 6b26db58-8644-4db9-9b06-0414a42a6dd8: our priority 0 <= candidate's priority 1
2022-06-01 03:37:26,748 [grpc-default-executor-1] INFO  server.RaftServer$Division (RaftServerImpl.java:setRole(299)) - 0fa7b21d-5839-4490-b3f6-ed1aaeb3a71c@group-B6C92DB5B829: changes role from  FOLLOWER to FOLLOWER at term 1 for candidate:6b26db58-8644-4db9-9b06-0414a42a6dd8
2022-06-01 03:37:26,748 [grpc-default-executor-1] INFO  impl.RoleInfo (RoleInfo.java:shutdownFollowerState(110)) - 0fa7b21d-5839-4490-b3f6-ed1aaeb3a71c: shutdown 0fa7b21d-5839-4490-b3f6-ed1aaeb3a71c@group-B6C92DB5B829-FollowerState
2022-06-01 03:37:26,748 [grpc-default-executor-1] INFO  impl.RoleInfo (RoleInfo.java:updateAndGet(139)) - 0fa7b21d-5839-4490-b3f6-ed1aaeb3a71c: start 0fa7b21d-5839-4490-b3f6-ed1aaeb3a71c@group-B6C92DB5B829-FollowerState
2022-06-01 03:37:26,748 [0fa7b21d-5839-4490-b3f6-ed1aaeb3a71c@group-B6C92DB5B829-FollowerState] INFO  impl.FollowerState (FollowerState.java:run(152)) - 0fa7b21d-5839-4490-b3f6-ed1aaeb3a71c@group-B6C92DB5B829-FollowerState was interrupted
2022-06-01 03:37:26,764 [grpc-default-executor-1] INFO  server.RaftServer$Division (RaftServerImpl.java:requestVote(1184)) - 0fa7b21d-5839-4490-b3f6-ed1aaeb3a71c@group-B6C92DB5B829 replies to ELECTION vote request: 6b26db58-8644-4db9-9b06-0414a42a6dd8<-0fa7b21d-5839-4490-b3f6-ed1aaeb3a71c#0:OK-t1. Peer's state: 0fa7b21d-5839-4490-b3f6-ed1aaeb3a71c@group-B6C92DB5B829:t1, leader=null, voted=6b26db58-8644-4db9-9b06-0414a42a6dd8, raftlog=0fa7b21d-5839-4490-b3f6-ed1aaeb3a71c@group-B6C92DB5B829-SegmentedRaftLog:OPENED:c-1, conf=-1: [6b26db58-8644-4db9-9b06-0414a42a6dd8|rpc:10.1.0.5:35787|dataStream:|priority:1, 0fa7b21d-5839-4490-b3f6-ed1aaeb3a71c|rpc:10.1.0.5:44417|dataStream:|priority:0, 76d842b8-92bd-49ca-b07f-aee697bf2b9f|rpc:10.1.0.5:38797|dataStream:|priority:0], old=null
2022-06-01 03:37:26,765 [6b26db58-8644-4db9-9b06-0414a42a6dd8@group-B6C92DB5B829-LeaderElection55] INFO  impl.LeaderElection (LeaderElection.java:logAndReturn(90)) - 6b26db58-8644-4db9-9b06-0414a42a6dd8@group-B6C92DB5B829-LeaderElection55: ELECTION PASSED received 1 response(s) and 0 exception(s):
2022-06-01 03:37:26,765 [6b26db58-8644-4db9-9b06-0414a42a6dd8@group-B6C92DB5B829-LeaderElection55] INFO  impl.LeaderElection (LeaderElection.java:logAndReturn(94)) -   Response 0: 6b26db58-8644-4db9-9b06-0414a42a6dd8<-0fa7b21d-5839-4490-b3f6-ed1aaeb3a71c#0:OK-t1
2022-06-01 03:37:26,765 [6b26db58-8644-4db9-9b06-0414a42a6dd8@group-B6C92DB5B829-LeaderElection55] INFO  impl.LeaderElection (LeaderElection.java:askForVotes(312)) - 6b26db58-8644-4db9-9b06-0414a42a6dd8@group-B6C92DB5B829-LeaderElection55 ELECTION round 0: result PASSED
2022-06-01 03:37:26,765 [6b26db58-8644-4db9-9b06-0414a42a6dd8@group-B6C92DB5B829-LeaderElection55] INFO  impl.RoleInfo (RoleInfo.java:shutdownLeaderElection(130)) - 6b26db58-8644-4db9-9b06-0414a42a6dd8: shutdown 6b26db58-8644-4db9-9b06-0414a42a6dd8@group-B6C92DB5B829-LeaderElection55
2022-06-01 03:37:26,766 [6b26db58-8644-4db9-9b06-0414a42a6dd8@group-B6C92DB5B829-LeaderElection55] INFO  server.RaftServer$Division (RaftServerImpl.java:setRole(299)) - 6b26db58-8644-4db9-9b06-0414a42a6dd8@group-B6C92DB5B829: changes role from CANDIDATE to LEADER at term 1 for changeToLeader
2022-06-01 03:37:26,766 [6b26db58-8644-4db9-9b06-0414a42a6dd8@group-B6C92DB5B829-LeaderElection55] INFO  ratis.XceiverServerRatis (XceiverServerRatis.java:handleLeaderChangedNotification(863)) - Leader change notification received for group: group-B6C92DB5B829 with new leaderId: 6b26db58-8644-4db9-9b06-0414a42a6dd8
2022-06-01 03:37:26,766 [6b26db58-8644-4db9-9b06-0414a42a6dd8@group-B6C92DB5B829-LeaderElection55] INFO  server.RaftServer$Division (ServerState.java:setLeader(287)) - 6b26db58-8644-4db9-9b06-0414a42a6dd8@group-B6C92DB5B829: change Leader from null to 6b26db58-8644-4db9-9b06-0414a42a6dd8 at term 1 for becomeLeader, leader elected after 5137ms
2022-06-01 03:37:26,766 [6b26db58-8644-4db9-9b06-0414a42a6dd8@group-B6C92DB5B829-LeaderElection55] INFO  server.RaftServerConfigKeys (ConfUtils.java:logGet(46)) - raft.server.staging.catchup.gap = 1000 (default)
2022-06-01 03:37:26,766 [6b26db58-8644-4db9-9b06-0414a42a6dd8@group-B6C92DB5B829-LeaderElection55] INFO  server.RaftServerConfigKeys (ConfUtils.java:logGet(46)) - raft.server.write.element-limit = 1024 (custom)
2022-06-01 03:37:26,766 [6b26db58-8644-4db9-9b06-0414a42a6dd8@group-B6C92DB5B829-LeaderElection55] INFO  server.RaftServerConfigKeys (ConfUtils.java:logGet(46)) - raft.server.write.byte-limit = 1024 M (=1073741824) (custom)
2022-06-01 03:37:26,766 [6b26db58-8644-4db9-9b06-0414a42a6dd8@group-B6C92DB5B829-LeaderElection55] INFO  server.RaftServerConfigKeys (ConfUtils.java:logGet(46)) - raft.server.watch.timeout = 180s (custom)
2022-06-01 03:37:26,766 [6b26db58-8644-4db9-9b06-0414a42a6dd8@group-B6C92DB5B829-LeaderElection55] INFO  server.RaftServerConfigKeys (ConfUtils.java:logGet(46)) - raft.server.watch.timeout.denomination = 1s (default)
2022-06-01 03:37:26,766 [6b26db58-8644-4db9-9b06-0414a42a6dd8@group-B6C92DB5B829-LeaderElection55] INFO  server.RaftServerConfigKeys (ConfUtils.java:logGet(46)) - raft.server.watch.element-limit = 65536 (default)
2022-06-01 03:37:26,767 [6b26db58-8644-4db9-9b06-0414a42a6dd8@group-B6C92DB5B829-LeaderElection55] INFO  server.RaftServerConfigKeys (ConfUtils.java:logGet(46)) - raft.server.write.element-limit = 1024 (custom)
2022-06-01 03:37:26,767 [6b26db58-8644-4db9-9b06-0414a42a6dd8@group-B6C92DB5B829-LeaderElection55] INFO  server.RaftServerConfigKeys (ConfUtils.java:logGet(46)) - raft.server.write.follower.gap.ratio.max = -1.0 (default)
2022-06-01 03:37:26,774 [6b26db58-8644-4db9-9b06-0414a42a6dd8@group-B6C92DB5B829-LeaderElection55] INFO  server.RaftServerConfigKeys (ConfUtils.java:logGet(46)) - raft.server.log.appender.snapshot.chunk.size.max = 16MB (=16777216) (default)
2022-06-01 03:37:26,774 [6b26db58-8644-4db9-9b06-0414a42a6dd8@group-B6C92DB5B829-LeaderElection55] INFO  server.RaftServerConfigKeys (ConfUtils.java:logGet(46)) - raft.server.log.appender.buffer.byte-limit = 33554432 (custom)
2022-06-01 03:37:26,774 [6b26db58-8644-4db9-9b06-0414a42a6dd8@group-B6C92DB5B829-LeaderElection55] INFO  server.RaftServerConfigKeys (ConfUtils.java:logGet(46)) - raft.server.log.appender.buffer.element-limit = 1 (custom)
2022-06-01 03:37:26,774 [6b26db58-8644-4db9-9b06-0414a42a6dd8@group-B6C92DB5B829-LeaderElection55] INFO  grpc.GrpcConfigKeys (ConfUtils.java:logGet(46)) - raft.grpc.server.leader.outstanding.appends.max = 128 (default)
2022-06-01 03:37:26,774 [6b26db58-8644-4db9-9b06-0414a42a6dd8@group-B6C92DB5B829-LeaderElection55] INFO  server.RaftServerConfigKeys (ConfUtils.java:logGet(46)) - raft.server.rpc.request.timeout = 60s (custom)
2022-06-01 03:37:26,774 [6b26db58-8644-4db9-9b06-0414a42a6dd8@group-B6C92DB5B829-LeaderElection55] INFO  server.RaftServerConfigKeys (ConfUtils.java:logGet(46)) - raft.server.log.appender.install.snapshot.enabled = false (custom)
2022-06-01 03:37:26,775 [6b26db58-8644-4db9-9b06-0414a42a6dd8@group-B6C92DB5B829-LeaderElection55] INFO  server.RaftServerConfigKeys (ConfUtils.java:logGet(46)) - raft.server.log.appender.snapshot.chunk.size.max = 16MB (=16777216) (default)
2022-06-01 03:37:26,775 [6b26db58-8644-4db9-9b06-0414a42a6dd8@group-B6C92DB5B829-LeaderElection55] INFO  server.RaftServerConfigKeys (ConfUtils.java:logGet(46)) - raft.server.log.appender.buffer.byte-limit = 33554432 (custom)
2022-06-01 03:37:26,775 [6b26db58-8644-4db9-9b06-0414a42a6dd8@group-B6C92DB5B829-LeaderElection55] INFO  server.RaftServerConfigKeys (ConfUtils.java:logGet(46)) - raft.server.log.appender.buffer.element-limit = 1 (custom)
2022-06-01 03:37:26,775 [6b26db58-8644-4db9-9b06-0414a42a6dd8@group-B6C92DB5B829-LeaderElection55] INFO  grpc.GrpcConfigKeys (ConfUtils.java:logGet(46)) - raft.grpc.server.leader.outstanding.appends.max = 128 (default)
2022-06-01 03:37:26,775 [6b26db58-8644-4db9-9b06-0414a42a6dd8@group-B6C92DB5B829-LeaderElection55] INFO  server.RaftServerConfigKeys (ConfUtils.java:logGet(46)) - raft.server.rpc.request.timeout = 60s (custom)
2022-06-01 03:37:26,775 [6b26db58-8644-4db9-9b06-0414a42a6dd8@group-B6C92DB5B829-LeaderElection55] INFO  server.RaftServerConfigKeys (ConfUtils.java:logGet(46)) - raft.server.log.appender.install.snapshot.enabled = false (custom)
2022-06-01 03:37:26,829 [grpc-default-executor-1] INFO  server.RaftServer$Division (RaftServerImpl.java:requestVote(1152)) - 76d842b8-92bd-49ca-b07f-aee697bf2b9f@group-B6C92DB5B829: receive requestVote(ELECTION, 6b26db58-8644-4db9-9b06-0414a42a6dd8, group-B6C92DB5B829, 1, (t:0, i:0))
2022-06-01 03:37:26,831 [grpc-default-executor-1] INFO  impl.VoteContext (VoteContext.java:log(48)) - 76d842b8-92bd-49ca-b07f-aee697bf2b9f@group-B6C92DB5B829-FOLLOWER: accept ELECTION from 6b26db58-8644-4db9-9b06-0414a42a6dd8: our priority 0 <= candidate's priority 1
2022-06-01 03:37:26,831 [grpc-default-executor-1] INFO  server.RaftServer$Division (RaftServerImpl.java:setRole(299)) - 76d842b8-92bd-49ca-b07f-aee697bf2b9f@group-B6C92DB5B829: changes role from  FOLLOWER to FOLLOWER at term 1 for candidate:6b26db58-8644-4db9-9b06-0414a42a6dd8
2022-06-01 03:37:26,831 [grpc-default-executor-1] INFO  impl.RoleInfo (RoleInfo.java:shutdownFollowerState(110)) - 76d842b8-92bd-49ca-b07f-aee697bf2b9f: shutdown 76d842b8-92bd-49ca-b07f-aee697bf2b9f@group-B6C92DB5B829-FollowerState
2022-06-01 03:37:26,831 [grpc-default-executor-1] INFO  impl.RoleInfo (RoleInfo.java:updateAndGet(139)) - 76d842b8-92bd-49ca-b07f-aee697bf2b9f: start 76d842b8-92bd-49ca-b07f-aee697bf2b9f@group-B6C92DB5B829-FollowerState
2022-06-01 03:37:26,809 [EventQueue-PipelineReportForPipelineReportHandler] INFO  pipeline.PipelineManagerImpl (PipelineManagerImpl.java:openPipeline(356)) - Pipeline Pipeline[ Id: aa578444-0e46-47e9-b976-b6c92db5b829, Nodes: 6b26db58-8644-4db9-9b06-0414a42a6dd8{ip: 10.1.0.5, host: fv-az151-582.yf2hydr00wburbhx3j5hxtcipe.bx.internal.cloudapp.net, ports: [REPLICATION=42833, RATIS=35787, RATIS_ADMIN=35787, RATIS_SERVER=35787, STANDALONE=39759], networkLocation: /default-rack, certSerialId: null, persistedOpState: IN_SERVICE, persistedOpStateExpiryEpochSec: 0}76d842b8-92bd-49ca-b07f-aee697bf2b9f{ip: 10.1.0.5, host: fv-az151-582.yf2hydr00wburbhx3j5hxtcipe.bx.internal.cloudapp.net, ports: [REPLICATION=35339, RATIS=38797, RATIS_ADMIN=38797, RATIS_SERVER=38797, STANDALONE=40857], networkLocation: /default-rack, certSerialId: null, persistedOpState: IN_SERVICE, persistedOpStateExpiryEpochSec: 0}0fa7b21d-5839-4490-b3f6-ed1aaeb3a71c{ip: 10.1.0.5, host: fv-az151-582.yf2hydr00wburbhx3j5hxtcipe.bx.internal.cloudapp.net, ports: [REPLICATION=46797, RATIS=44417, RATIS_ADMIN=44417, RATIS_SERVER=44417, STANDALONE=34631], networkLocation: /default-rack, certSerialId: null, persistedOpState: IN_SERVICE, persistedOpStateExpiryEpochSec: 0}, ReplicationConfig: RATIS/THREE, State:ALLOCATED, leaderId:6b26db58-8644-4db9-9b06-0414a42a6dd8, CreationTimestamp2022-06-01T03:37:19.958Z[Etc/UTC]] moved to OPEN state
2022-06-01 03:37:26,809 [EventQueue-OpenPipelineForHealthyPipelineSafeModeRule] INFO  safemode.SCMSafeModeManager (HealthyPipelineSafeModeRule.java:process(124)) - SCM in safe mode. Healthy pipelines reported count is 0, required healthy pipeline reported count is 1
2022-06-01 03:37:26,832 [76d842b8-92bd-49ca-b07f-aee697bf2b9f@group-B6C92DB5B829-FollowerState] INFO  impl.FollowerState (FollowerState.java:run(152)) - 76d842b8-92bd-49ca-b07f-aee697bf2b9f@group-B6C92DB5B829-FollowerState was interrupted
2022-06-01 03:37:26,832 [EventQueue-OpenPipelineForHealthyPipelineSafeModeRule] INFO  safemode.SCMSafeModeManager (HealthyPipelineSafeModeRule.java:process(124)) - SCM in safe mode. Healthy pipelines reported count is 1, required healthy pipeline reported count is 1
2022-06-01 03:37:26,832 [EventQueue-OpenPipelineForHealthyPipelineSafeModeRule] INFO  safemode.SCMSafeModeManager (SCMSafeModeManager.java:validateSafeModeExitRules(204)) - HealthyPipelineSafeModeRule rule is successfully validated
2022-06-01 03:37:26,832 [EventQueue-OpenPipelineForHealthyPipelineSafeModeRule] INFO  safemode.SCMSafeModeManager (SCMSafeModeManager.java:validateSafeModeExitRules(219)) - ScmSafeModeManager, all rules are successfully validated
2022-06-01 03:37:26,832 [EventQueue-OpenPipelineForHealthyPipelineSafeModeRule] INFO  safemode.SCMSafeModeManager (SCMSafeModeManager.java:exitSafeMode(248)) - SCM exiting safe mode.
2022-06-01 03:37:26,832 [EventQueue-OpenPipelineForHealthyPipelineSafeModeRule] WARN  events.EventQueue (EventQueue.java:fireEvent(194)) - No event handler registered for event TypedEvent{payloadType=SafeModeStatus, name='Safe mode status'}
2022-06-01 03:37:26,832 [EventQueue-OpenPipelineForHealthyPipelineSafeModeRule] INFO  ha.SCMContext (SCMContext.java:updateSafeModeStatus(211)) - Update SafeModeStatus from SafeModeStatus{safeModeStatus=true, preCheckPassed=true} to SafeModeStatus{safeModeStatus=false, preCheckPassed=true}.
2022-06-01 03:37:26,832 [EventQueue-OpenPipelineForHealthyPipelineSafeModeRule] INFO  pipeline.BackgroundPipelineCreator (BackgroundPipelineCreator.java:notifyStatusChanged(251)) - Service BackgroundPipelineCreator transitions to RUNNING.
2022-06-01 03:37:26,832 [EventQueue-OpenPipelineForHealthyPipelineSafeModeRule] INFO  BackgroundPipelineScrubber (BackgroundSCMService.java:notifyStatusChanged(82)) - Service BackgroundPipelineScrubber transitions to RUNNING.
2022-06-01 03:37:26,832 [EventQueue-OpenPipelineForHealthyPipelineSafeModeRule] INFO  ExpiredContainerReplicaOpScrubber (BackgroundSCMService.java:notifyStatusChanged(82)) - Service ExpiredContainerReplicaOpScrubber transitions to RUNNING.
2022-06-01 03:37:26,832 [EventQueue-OpenPipelineForHealthyPipelineSafeModeRule] INFO  replication.ReplicationManager (ReplicationManager.java:notifyStatusChanged(372)) - Service ReplicationManager transitions to RUNNING.
2022-06-01 03:37:26,834 [6b26db58-8644-4db9-9b06-0414a42a6dd8@group-B6C92DB5B829-LeaderElection55] INFO  impl.RoleInfo (RoleInfo.java:updateAndGet(139)) - 6b26db58-8644-4db9-9b06-0414a42a6dd8: start 6b26db58-8644-4db9-9b06-0414a42a6dd8@group-B6C92DB5B829-LeaderStateImpl
2022-06-01 03:37:26,834 [6b26db58-8644-4db9-9b06-0414a42a6dd8@group-B6C92DB5B829-LeaderElection55] INFO  segmented.SegmentedRaftLogWorker (SegmentedRaftLogWorker.java:startLogSegment(425)) - 6b26db58-8644-4db9-9b06-0414a42a6dd8@group-B6C92DB5B829-SegmentedRaftLogWorker: Starting segment from index:0
2022-06-01 03:37:26,874 [6b26db58-8644-4db9-9b06-0414a42a6dd8@group-B6C92DB5B829-LeaderElection55] INFO  server.RaftServer$Division (ServerState.java:setRaftConf(393)) - 6b26db58-8644-4db9-9b06-0414a42a6dd8@group-B6C92DB5B829: set configuration 0: [6b26db58-8644-4db9-9b06-0414a42a6dd8|rpc:10.1.0.5:35787|dataStream:|priority:1, 0fa7b21d-5839-4490-b3f6-ed1aaeb3a71c|rpc:10.1.0.5:44417|dataStream:|priority:0, 76d842b8-92bd-49ca-b07f-aee697bf2b9f|rpc:10.1.0.5:38797|dataStream:|priority:0], old=null
2022-06-01 03:37:26,878 [grpc-default-executor-1] INFO  server.RaftServer$Division (RaftServerImpl.java:requestVote(1184)) - 76d842b8-92bd-49ca-b07f-aee697bf2b9f@group-B6C92DB5B829 replies to ELECTION vote request: 6b26db58-8644-4db9-9b06-0414a42a6dd8<-76d842b8-92bd-49ca-b07f-aee697bf2b9f#0:OK-t1. Peer's state: 76d842b8-92bd-49ca-b07f-aee697bf2b9f@group-B6C92DB5B829:t1, leader=null, voted=6b26db58-8644-4db9-9b06-0414a42a6dd8, raftlog=76d842b8-92bd-49ca-b07f-aee697bf2b9f@group-B6C92DB5B829-SegmentedRaftLog:OPENED:c-1, conf=-1: [6b26db58-8644-4db9-9b06-0414a42a6dd8|rpc:10.1.0.5:35787|dataStream:|priority:1, 0fa7b21d-5839-4490-b3f6-ed1aaeb3a71c|rpc:10.1.0.5:44417|dataStream:|priority:0, 76d842b8-92bd-49ca-b07f-aee697bf2b9f|rpc:10.1.0.5:38797|dataStream:|priority:0], old=null
2022-06-01 03:37:26,887 [Listener at 127.0.0.1/42459] INFO  ozone.MiniOzoneClusterImpl (MiniOzoneClusterImpl.java:lambda$waitForClusterToBeReady$0(221)) - Nodes are ready. Got 3 of 3 DN Heartbeats.
2022-06-01 03:37:26,887 [Listener at 127.0.0.1/42459] INFO  ozone.MiniOzoneClusterImpl (MiniOzoneClusterImpl.java:lambda$waitForClusterToBeReady$0(224)) - Cluster exits safe mode
2022-06-01 03:37:26,887 [Listener at 127.0.0.1/42459] INFO  ozone.MiniOzoneClusterImpl (MiniOzoneClusterImpl.java:lambda$waitForClusterToBeReady$0(226)) - SCM became leader
2022-06-01 03:37:26,889 [6b26db58-8644-4db9-9b06-0414a42a6dd8@group-B6C92DB5B829-SegmentedRaftLogWorker] INFO  segmented.SegmentedRaftLogWorker (SegmentedRaftLogWorker.java:execute(629)) - 6b26db58-8644-4db9-9b06-0414a42a6dd8@group-B6C92DB5B829-SegmentedRaftLogWorker: created new log segment /home/runner/work/ozone/ozone/hadoop-ozone/integration-test/target/test-dir/MiniOzoneClusterImpl-4b678c8b-8030-41e6-be3d-72ad8167f4c6/datanode-0/data/ratis/aa578444-0e46-47e9-b976-b6c92db5b829/current/log_inprogress_0
]]></system-out>
    </rerunFailure>
  </testcase>
  <testcase name="testLeaderIdUsedOnFirstCall" classname="org.apache.hadoop.hdds.scm.TestRatisPipelineLeader" time="0.001">
    <failure type="java.lang.AssertionError"><![CDATA[java.lang.AssertionError
	at org.junit.Assert.fail(Assert.java:87)
	at org.junit.Assert.assertTrue(Assert.java:42)
	at org.junit.Assert.assertTrue(Assert.java:53)
	at org.apache.hadoop.hdds.scm.TestRatisPipelineLeader.testLeaderIdUsedOnFirstCall(TestRatisPipelineLeader.java:85)
	at sun.reflect.NativeMethodAccessorImpl.invoke0(Native Method)
	at sun.reflect.NativeMethodAccessorImpl.invoke(NativeMethodAccessorImpl.java:62)
	at sun.reflect.DelegatingMethodAccessorImpl.invoke(DelegatingMethodAccessorImpl.java:43)
	at java.lang.reflect.Method.invoke(Method.java:498)
	at org.junit.platform.commons.util.ReflectionUtils.invokeMethod(ReflectionUtils.java:725)
	at org.junit.jupiter.engine.execution.MethodInvocation.proceed(MethodInvocation.java:60)
	at org.junit.jupiter.engine.execution.InvocationInterceptorChain$ValidatingInvocation.proceed(InvocationInterceptorChain.java:131)
	at org.junit.jupiter.engine.extension.TimeoutInvocation.proceed(TimeoutInvocation.java:46)
	at org.junit.jupiter.engine.extension.TimeoutExtension.intercept(TimeoutExtension.java:149)
	at org.junit.jupiter.engine.extension.TimeoutExtension.interceptTestableMethod(TimeoutExtension.java:140)
	at org.junit.jupiter.engine.extension.TimeoutExtension.interceptTestMethod(TimeoutExtension.java:84)
	at org.junit.jupiter.engine.execution.ExecutableInvoker$ReflectiveInterceptorCall.lambda$ofVoidMethod$0(ExecutableInvoker.java:115)
	at org.junit.jupiter.engine.execution.ExecutableInvoker.lambda$invoke$0(ExecutableInvoker.java:105)
	at org.junit.jupiter.engine.execution.InvocationInterceptorChain$InterceptedInvocation.proceed(InvocationInterceptorChain.java:106)
	at org.junit.jupiter.engine.execution.InvocationInterceptorChain.proceed(InvocationInterceptorChain.java:64)
	at org.junit.jupiter.engine.execution.InvocationInterceptorChain.chainAndInvoke(InvocationInterceptorChain.java:45)
	at org.junit.jupiter.engine.execution.InvocationInterceptorChain.invoke(InvocationInterceptorChain.java:37)
	at org.junit.jupiter.engine.execution.ExecutableInvoker.invoke(ExecutableInvoker.java:104)
	at org.junit.jupiter.engine.execution.ExecutableInvoker.invoke(ExecutableInvoker.java:98)
	at org.junit.jupiter.engine.descriptor.TestMethodTestDescriptor.lambda$invokeTestMethod$7(TestMethodTestDescriptor.java:214)
	at org.junit.platform.engine.support.hierarchical.ThrowableCollector.execute(ThrowableCollector.java:73)
	at org.junit.jupiter.engine.descriptor.TestMethodTestDescriptor.invokeTestMethod(TestMethodTestDescriptor.java:210)
	at org.junit.jupiter.engine.descriptor.TestMethodTestDescriptor.execute(TestMethodTestDescriptor.java:135)
	at org.junit.jupiter.engine.descriptor.TestMethodTestDescriptor.execute(TestMethodTestDescriptor.java:66)
	at org.junit.platform.engine.support.hierarchical.NodeTestTask.lambda$executeRecursively$6(NodeTestTask.java:151)
	at org.junit.platform.engine.support.hierarchical.ThrowableCollector.execute(ThrowableCollector.java:73)
	at org.junit.platform.engine.support.hierarchical.NodeTestTask.lambda$executeRecursively$8(NodeTestTask.java:141)
	at org.junit.platform.engine.support.hierarchical.Node.around(Node.java:137)
	at org.junit.platform.engine.support.hierarchical.NodeTestTask.lambda$executeRecursively$9(NodeTestTask.java:139)
	at org.junit.platform.engine.support.hierarchical.ThrowableCollector.execute(ThrowableCollector.java:73)
	at org.junit.platform.engine.support.hierarchical.NodeTestTask.executeRecursively(NodeTestTask.java:138)
	at org.junit.platform.engine.support.hierarchical.NodeTestTask.execute(NodeTestTask.java:95)
	at java.util.ArrayList.forEach(ArrayList.java:1259)
	at org.junit.platform.engine.support.hierarchical.SameThreadHierarchicalTestExecutorService.invokeAll(SameThreadHierarchicalTestExecutorService.java:41)
	at org.junit.platform.engine.support.hierarchical.NodeTestTask.lambda$executeRecursively$6(NodeTestTask.java:155)
	at org.junit.platform.engine.support.hierarchical.ThrowableCollector.execute(ThrowableCollector.java:73)
	at org.junit.platform.engine.support.hierarchical.NodeTestTask.lambda$executeRecursively$8(NodeTestTask.java:141)
	at org.junit.platform.engine.support.hierarchical.Node.around(Node.java:137)
	at org.junit.platform.engine.support.hierarchical.NodeTestTask.lambda$executeRecursively$9(NodeTestTask.java:139)
	at org.junit.platform.engine.support.hierarchical.ThrowableCollector.execute(ThrowableCollector.java:73)
	at org.junit.platform.engine.support.hierarchical.NodeTestTask.executeRecursively(NodeTestTask.java:138)
	at org.junit.platform.engine.support.hierarchical.NodeTestTask.execute(NodeTestTask.java:95)
	at java.util.ArrayList.forEach(ArrayList.java:1259)
	at org.junit.platform.engine.support.hierarchical.SameThreadHierarchicalTestExecutorService.invokeAll(SameThreadHierarchicalTestExecutorService.java:41)
	at org.junit.platform.engine.support.hierarchical.NodeTestTask.lambda$executeRecursively$6(NodeTestTask.java:155)
	at org.junit.platform.engine.support.hierarchical.ThrowableCollector.execute(ThrowableCollector.java:73)
	at org.junit.platform.engine.support.hierarchical.NodeTestTask.lambda$executeRecursively$8(NodeTestTask.java:141)
	at org.junit.platform.engine.support.hierarchical.Node.around(Node.java:137)
	at org.junit.platform.engine.support.hierarchical.NodeTestTask.lambda$executeRecursively$9(NodeTestTask.java:139)
	at org.junit.platform.engine.support.hierarchical.ThrowableCollector.execute(ThrowableCollector.java:73)
	at org.junit.platform.engine.support.hierarchical.NodeTestTask.executeRecursively(NodeTestTask.java:138)
	at org.junit.platform.engine.support.hierarchical.NodeTestTask.execute(NodeTestTask.java:95)
	at org.junit.platform.engine.support.hierarchical.SameThreadHierarchicalTestExecutorService.submit(SameThreadHierarchicalTestExecutorService.java:35)
	at org.junit.platform.engine.support.hierarchical.HierarchicalTestExecutor.execute(HierarchicalTestExecutor.java:57)
	at org.junit.platform.engine.support.hierarchical.HierarchicalTestEngine.execute(HierarchicalTestEngine.java:54)
	at org.junit.platform.launcher.core.EngineExecutionOrchestrator.execute(EngineExecutionOrchestrator.java:107)
	at org.junit.platform.launcher.core.EngineExecutionOrchestrator.execute(EngineExecutionOrchestrator.java:88)
	at org.junit.platform.launcher.core.EngineExecutionOrchestrator.lambda$execute$0(EngineExecutionOrchestrator.java:54)
	at org.junit.platform.launcher.core.EngineExecutionOrchestrator.withInterceptedStreams(EngineExecutionOrchestrator.java:67)
	at org.junit.platform.launcher.core.EngineExecutionOrchestrator.execute(EngineExecutionOrchestrator.java:52)
	at org.junit.platform.launcher.core.DefaultLauncher.execute(DefaultLauncher.java:114)
	at org.junit.platform.launcher.core.DefaultLauncher.execute(DefaultLauncher.java:86)
	at org.junit.platform.launcher.core.DefaultLauncherSession$DelegatingLauncher.execute(DefaultLauncherSession.java:86)
	at org.junit.platform.launcher.core.SessionPerRequestLauncher.execute(SessionPerRequestLauncher.java:53)
	at org.apache.maven.surefire.junitplatform.JUnitPlatformProvider.execute(JUnitPlatformProvider.java:188)
	at org.apache.maven.surefire.junitplatform.JUnitPlatformProvider.invokeAllTests(JUnitPlatformProvider.java:154)
	at org.apache.maven.surefire.junitplatform.JUnitPlatformProvider.invoke(JUnitPlatformProvider.java:124)
	at org.apache.maven.surefire.booter.ForkedBooter.runSuitesInProcess(ForkedBooter.java:428)
	at org.apache.maven.surefire.booter.ForkedBooter.execute(ForkedBooter.java:162)
	at org.apache.maven.surefire.booter.ForkedBooter.run(ForkedBooter.java:562)
	at org.apache.maven.surefire.booter.ForkedBooter.main(ForkedBooter.java:548)
]]></failure>
    <rerunFailure type="java.lang.AssertionError">
      <stackTrace><![CDATA[java.lang.AssertionError
	at org.junit.Assert.fail(Assert.java:87)
	at org.junit.Assert.assertTrue(Assert.java:42)
	at org.junit.Assert.assertTrue(Assert.java:53)
	at org.apache.hadoop.hdds.scm.TestRatisPipelineLeader.testLeaderIdUsedOnFirstCall(TestRatisPipelineLeader.java:85)
	at sun.reflect.NativeMethodAccessorImpl.invoke0(Native Method)
	at sun.reflect.NativeMethodAccessorImpl.invoke(NativeMethodAccessorImpl.java:62)
	at sun.reflect.DelegatingMethodAccessorImpl.invoke(DelegatingMethodAccessorImpl.java:43)
	at java.lang.reflect.Method.invoke(Method.java:498)
	at org.junit.platform.commons.util.ReflectionUtils.invokeMethod(ReflectionUtils.java:725)
	at org.junit.jupiter.engine.execution.MethodInvocation.proceed(MethodInvocation.java:60)
	at org.junit.jupiter.engine.execution.InvocationInterceptorChain$ValidatingInvocation.proceed(InvocationInterceptorChain.java:131)
	at org.junit.jupiter.engine.extension.TimeoutInvocation.proceed(TimeoutInvocation.java:46)
	at org.junit.jupiter.engine.extension.TimeoutExtension.intercept(TimeoutExtension.java:149)
	at org.junit.jupiter.engine.extension.TimeoutExtension.interceptTestableMethod(TimeoutExtension.java:140)
	at org.junit.jupiter.engine.extension.TimeoutExtension.interceptTestMethod(TimeoutExtension.java:84)
	at org.junit.jupiter.engine.execution.ExecutableInvoker$ReflectiveInterceptorCall.lambda$ofVoidMethod$0(ExecutableInvoker.java:115)
	at org.junit.jupiter.engine.execution.ExecutableInvoker.lambda$invoke$0(ExecutableInvoker.java:105)
	at org.junit.jupiter.engine.execution.InvocationInterceptorChain$InterceptedInvocation.proceed(InvocationInterceptorChain.java:106)
	at org.junit.jupiter.engine.execution.InvocationInterceptorChain.proceed(InvocationInterceptorChain.java:64)
	at org.junit.jupiter.engine.execution.InvocationInterceptorChain.chainAndInvoke(InvocationInterceptorChain.java:45)
	at org.junit.jupiter.engine.execution.InvocationInterceptorChain.invoke(InvocationInterceptorChain.java:37)
	at org.junit.jupiter.engine.execution.ExecutableInvoker.invoke(ExecutableInvoker.java:104)
	at org.junit.jupiter.engine.execution.ExecutableInvoker.invoke(ExecutableInvoker.java:98)
	at org.junit.jupiter.engine.descriptor.TestMethodTestDescriptor.lambda$invokeTestMethod$7(TestMethodTestDescriptor.java:214)
	at org.junit.platform.engine.support.hierarchical.ThrowableCollector.execute(ThrowableCollector.java:73)
	at org.junit.jupiter.engine.descriptor.TestMethodTestDescriptor.invokeTestMethod(TestMethodTestDescriptor.java:210)
	at org.junit.jupiter.engine.descriptor.TestMethodTestDescriptor.execute(TestMethodTestDescriptor.java:135)
	at org.junit.jupiter.engine.descriptor.TestMethodTestDescriptor.execute(TestMethodTestDescriptor.java:66)
	at org.junit.platform.engine.support.hierarchical.NodeTestTask.lambda$executeRecursively$6(NodeTestTask.java:151)
	at org.junit.platform.engine.support.hierarchical.ThrowableCollector.execute(ThrowableCollector.java:73)
	at org.junit.platform.engine.support.hierarchical.NodeTestTask.lambda$executeRecursively$8(NodeTestTask.java:141)
	at org.junit.platform.engine.support.hierarchical.Node.around(Node.java:137)
	at org.junit.platform.engine.support.hierarchical.NodeTestTask.lambda$executeRecursively$9(NodeTestTask.java:139)
	at org.junit.platform.engine.support.hierarchical.ThrowableCollector.execute(ThrowableCollector.java:73)
	at org.junit.platform.engine.support.hierarchical.NodeTestTask.executeRecursively(NodeTestTask.java:138)
	at org.junit.platform.engine.support.hierarchical.NodeTestTask.execute(NodeTestTask.java:95)
	at java.util.ArrayList.forEach(ArrayList.java:1259)
	at org.junit.platform.engine.support.hierarchical.SameThreadHierarchicalTestExecutorService.invokeAll(SameThreadHierarchicalTestExecutorService.java:41)
	at org.junit.platform.engine.support.hierarchical.NodeTestTask.lambda$executeRecursively$6(NodeTestTask.java:155)
	at org.junit.platform.engine.support.hierarchical.ThrowableCollector.execute(ThrowableCollector.java:73)
	at org.junit.platform.engine.support.hierarchical.NodeTestTask.lambda$executeRecursively$8(NodeTestTask.java:141)
	at org.junit.platform.engine.support.hierarchical.Node.around(Node.java:137)
	at org.junit.platform.engine.support.hierarchical.NodeTestTask.lambda$executeRecursively$9(NodeTestTask.java:139)
	at org.junit.platform.engine.support.hierarchical.ThrowableCollector.execute(ThrowableCollector.java:73)
	at org.junit.platform.engine.support.hierarchical.NodeTestTask.executeRecursively(NodeTestTask.java:138)
	at org.junit.platform.engine.support.hierarchical.NodeTestTask.execute(NodeTestTask.java:95)
	at java.util.ArrayList.forEach(ArrayList.java:1259)
	at org.junit.platform.engine.support.hierarchical.SameThreadHierarchicalTestExecutorService.invokeAll(SameThreadHierarchicalTestExecutorService.java:41)
	at org.junit.platform.engine.support.hierarchical.NodeTestTask.lambda$executeRecursively$6(NodeTestTask.java:155)
	at org.junit.platform.engine.support.hierarchical.ThrowableCollector.execute(ThrowableCollector.java:73)
	at org.junit.platform.engine.support.hierarchical.NodeTestTask.lambda$executeRecursively$8(NodeTestTask.java:141)
	at org.junit.platform.engine.support.hierarchical.Node.around(Node.java:137)
	at org.junit.platform.engine.support.hierarchical.NodeTestTask.lambda$executeRecursively$9(NodeTestTask.java:139)
	at org.junit.platform.engine.support.hierarchical.ThrowableCollector.execute(ThrowableCollector.java:73)
	at org.junit.platform.engine.support.hierarchical.NodeTestTask.executeRecursively(NodeTestTask.java:138)
	at org.junit.platform.engine.support.hierarchical.NodeTestTask.execute(NodeTestTask.java:95)
	at org.junit.platform.engine.support.hierarchical.SameThreadHierarchicalTestExecutorService.submit(SameThreadHierarchicalTestExecutorService.java:35)
	at org.junit.platform.engine.support.hierarchical.HierarchicalTestExecutor.execute(HierarchicalTestExecutor.java:57)
	at org.junit.platform.engine.support.hierarchical.HierarchicalTestEngine.execute(HierarchicalTestEngine.java:54)
	at org.junit.platform.launcher.core.EngineExecutionOrchestrator.execute(EngineExecutionOrchestrator.java:107)
	at org.junit.platform.launcher.core.EngineExecutionOrchestrator.execute(EngineExecutionOrchestrator.java:88)
	at org.junit.platform.launcher.core.EngineExecutionOrchestrator.lambda$execute$0(EngineExecutionOrchestrator.java:54)
	at org.junit.platform.launcher.core.EngineExecutionOrchestrator.withInterceptedStreams(EngineExecutionOrchestrator.java:67)
	at org.junit.platform.launcher.core.EngineExecutionOrchestrator.execute(EngineExecutionOrchestrator.java:52)
	at org.junit.platform.launcher.core.DefaultLauncher.execute(DefaultLauncher.java:114)
	at org.junit.platform.launcher.core.DefaultLauncher.execute(DefaultLauncher.java:86)
	at org.junit.platform.launcher.core.DefaultLauncherSession$DelegatingLauncher.execute(DefaultLauncherSession.java:86)
	at org.junit.platform.launcher.core.SessionPerRequestLauncher.execute(SessionPerRequestLauncher.java:53)
	at org.apache.maven.surefire.junitplatform.JUnitPlatformProvider.invokeAllTests(JUnitPlatformProvider.java:165)
	at org.apache.maven.surefire.junitplatform.JUnitPlatformProvider.invoke(JUnitPlatformProvider.java:124)
	at org.apache.maven.surefire.booter.ForkedBooter.runSuitesInProcess(ForkedBooter.java:428)
	at org.apache.maven.surefire.booter.ForkedBooter.execute(ForkedBooter.java:162)
	at org.apache.maven.surefire.booter.ForkedBooter.run(ForkedBooter.java:562)
	at org.apache.maven.surefire.booter.ForkedBooter.main(ForkedBooter.java:548)
]]></stackTrace>
    </rerunFailure>
    <rerunFailure type="java.lang.AssertionError">
      <stackTrace><![CDATA[java.lang.AssertionError
	at org.junit.Assert.fail(Assert.java:87)
	at org.junit.Assert.assertTrue(Assert.java:42)
	at org.junit.Assert.assertTrue(Assert.java:53)
	at org.apache.hadoop.hdds.scm.TestRatisPipelineLeader.testLeaderIdUsedOnFirstCall(TestRatisPipelineLeader.java:85)
	at sun.reflect.NativeMethodAccessorImpl.invoke0(Native Method)
	at sun.reflect.NativeMethodAccessorImpl.invoke(NativeMethodAccessorImpl.java:62)
	at sun.reflect.DelegatingMethodAccessorImpl.invoke(DelegatingMethodAccessorImpl.java:43)
	at java.lang.reflect.Method.invoke(Method.java:498)
	at org.junit.platform.commons.util.ReflectionUtils.invokeMethod(ReflectionUtils.java:725)
	at org.junit.jupiter.engine.execution.MethodInvocation.proceed(MethodInvocation.java:60)
	at org.junit.jupiter.engine.execution.InvocationInterceptorChain$ValidatingInvocation.proceed(InvocationInterceptorChain.java:131)
	at org.junit.jupiter.engine.extension.TimeoutInvocation.proceed(TimeoutInvocation.java:46)
	at org.junit.jupiter.engine.extension.TimeoutExtension.intercept(TimeoutExtension.java:149)
	at org.junit.jupiter.engine.extension.TimeoutExtension.interceptTestableMethod(TimeoutExtension.java:140)
	at org.junit.jupiter.engine.extension.TimeoutExtension.interceptTestMethod(TimeoutExtension.java:84)
	at org.junit.jupiter.engine.execution.ExecutableInvoker$ReflectiveInterceptorCall.lambda$ofVoidMethod$0(ExecutableInvoker.java:115)
	at org.junit.jupiter.engine.execution.ExecutableInvoker.lambda$invoke$0(ExecutableInvoker.java:105)
	at org.junit.jupiter.engine.execution.InvocationInterceptorChain$InterceptedInvocation.proceed(InvocationInterceptorChain.java:106)
	at org.junit.jupiter.engine.execution.InvocationInterceptorChain.proceed(InvocationInterceptorChain.java:64)
	at org.junit.jupiter.engine.execution.InvocationInterceptorChain.chainAndInvoke(InvocationInterceptorChain.java:45)
	at org.junit.jupiter.engine.execution.InvocationInterceptorChain.invoke(InvocationInterceptorChain.java:37)
	at org.junit.jupiter.engine.execution.ExecutableInvoker.invoke(ExecutableInvoker.java:104)
	at org.junit.jupiter.engine.execution.ExecutableInvoker.invoke(ExecutableInvoker.java:98)
	at org.junit.jupiter.engine.descriptor.TestMethodTestDescriptor.lambda$invokeTestMethod$7(TestMethodTestDescriptor.java:214)
	at org.junit.platform.engine.support.hierarchical.ThrowableCollector.execute(ThrowableCollector.java:73)
	at org.junit.jupiter.engine.descriptor.TestMethodTestDescriptor.invokeTestMethod(TestMethodTestDescriptor.java:210)
	at org.junit.jupiter.engine.descriptor.TestMethodTestDescriptor.execute(TestMethodTestDescriptor.java:135)
	at org.junit.jupiter.engine.descriptor.TestMethodTestDescriptor.execute(TestMethodTestDescriptor.java:66)
	at org.junit.platform.engine.support.hierarchical.NodeTestTask.lambda$executeRecursively$6(NodeTestTask.java:151)
	at org.junit.platform.engine.support.hierarchical.ThrowableCollector.execute(ThrowableCollector.java:73)
	at org.junit.platform.engine.support.hierarchical.NodeTestTask.lambda$executeRecursively$8(NodeTestTask.java:141)
	at org.junit.platform.engine.support.hierarchical.Node.around(Node.java:137)
	at org.junit.platform.engine.support.hierarchical.NodeTestTask.lambda$executeRecursively$9(NodeTestTask.java:139)
	at org.junit.platform.engine.support.hierarchical.ThrowableCollector.execute(ThrowableCollector.java:73)
	at org.junit.platform.engine.support.hierarchical.NodeTestTask.executeRecursively(NodeTestTask.java:138)
	at org.junit.platform.engine.support.hierarchical.NodeTestTask.execute(NodeTestTask.java:95)
	at java.util.ArrayList.forEach(ArrayList.java:1259)
	at org.junit.platform.engine.support.hierarchical.SameThreadHierarchicalTestExecutorService.invokeAll(SameThreadHierarchicalTestExecutorService.java:41)
	at org.junit.platform.engine.support.hierarchical.NodeTestTask.lambda$executeRecursively$6(NodeTestTask.java:155)
	at org.junit.platform.engine.support.hierarchical.ThrowableCollector.execute(ThrowableCollector.java:73)
	at org.junit.platform.engine.support.hierarchical.NodeTestTask.lambda$executeRecursively$8(NodeTestTask.java:141)
	at org.junit.platform.engine.support.hierarchical.Node.around(Node.java:137)
	at org.junit.platform.engine.support.hierarchical.NodeTestTask.lambda$executeRecursively$9(NodeTestTask.java:139)
	at org.junit.platform.engine.support.hierarchical.ThrowableCollector.execute(ThrowableCollector.java:73)
	at org.junit.platform.engine.support.hierarchical.NodeTestTask.executeRecursively(NodeTestTask.java:138)
	at org.junit.platform.engine.support.hierarchical.NodeTestTask.execute(NodeTestTask.java:95)
	at java.util.ArrayList.forEach(ArrayList.java:1259)
	at org.junit.platform.engine.support.hierarchical.SameThreadHierarchicalTestExecutorService.invokeAll(SameThreadHierarchicalTestExecutorService.java:41)
	at org.junit.platform.engine.support.hierarchical.NodeTestTask.lambda$executeRecursively$6(NodeTestTask.java:155)
	at org.junit.platform.engine.support.hierarchical.ThrowableCollector.execute(ThrowableCollector.java:73)
	at org.junit.platform.engine.support.hierarchical.NodeTestTask.lambda$executeRecursively$8(NodeTestTask.java:141)
	at org.junit.platform.engine.support.hierarchical.Node.around(Node.java:137)
	at org.junit.platform.engine.support.hierarchical.NodeTestTask.lambda$executeRecursively$9(NodeTestTask.java:139)
	at org.junit.platform.engine.support.hierarchical.ThrowableCollector.execute(ThrowableCollector.java:73)
	at org.junit.platform.engine.support.hierarchical.NodeTestTask.executeRecursively(NodeTestTask.java:138)
	at org.junit.platform.engine.support.hierarchical.NodeTestTask.execute(NodeTestTask.java:95)
	at org.junit.platform.engine.support.hierarchical.SameThreadHierarchicalTestExecutorService.submit(SameThreadHierarchicalTestExecutorService.java:35)
	at org.junit.platform.engine.support.hierarchical.HierarchicalTestExecutor.execute(HierarchicalTestExecutor.java:57)
	at org.junit.platform.engine.support.hierarchical.HierarchicalTestEngine.execute(HierarchicalTestEngine.java:54)
	at org.junit.platform.launcher.core.EngineExecutionOrchestrator.execute(EngineExecutionOrchestrator.java:107)
	at org.junit.platform.launcher.core.EngineExecutionOrchestrator.execute(EngineExecutionOrchestrator.java:88)
	at org.junit.platform.launcher.core.EngineExecutionOrchestrator.lambda$execute$0(EngineExecutionOrchestrator.java:54)
	at org.junit.platform.launcher.core.EngineExecutionOrchestrator.withInterceptedStreams(EngineExecutionOrchestrator.java:67)
	at org.junit.platform.launcher.core.EngineExecutionOrchestrator.execute(EngineExecutionOrchestrator.java:52)
	at org.junit.platform.launcher.core.DefaultLauncher.execute(DefaultLauncher.java:114)
	at org.junit.platform.launcher.core.DefaultLauncher.execute(DefaultLauncher.java:86)
	at org.junit.platform.launcher.core.DefaultLauncherSession$DelegatingLauncher.execute(DefaultLauncherSession.java:86)
	at org.junit.platform.launcher.core.SessionPerRequestLauncher.execute(SessionPerRequestLauncher.java:53)
	at org.apache.maven.surefire.junitplatform.JUnitPlatformProvider.invokeAllTests(JUnitPlatformProvider.java:165)
	at org.apache.maven.surefire.junitplatform.JUnitPlatformProvider.invoke(JUnitPlatformProvider.java:124)
	at org.apache.maven.surefire.booter.ForkedBooter.runSuitesInProcess(ForkedBooter.java:428)
	at org.apache.maven.surefire.booter.ForkedBooter.execute(ForkedBooter.java:162)
	at org.apache.maven.surefire.booter.ForkedBooter.run(ForkedBooter.java:562)
	at org.apache.maven.surefire.booter.ForkedBooter.main(ForkedBooter.java:548)
]]></stackTrace>
    </rerunFailure>
    <rerunFailure type="java.lang.AssertionError">
      <stackTrace><![CDATA[java.lang.AssertionError
	at org.junit.Assert.fail(Assert.java:87)
	at org.junit.Assert.assertTrue(Assert.java:42)
	at org.junit.Assert.assertTrue(Assert.java:53)
	at org.apache.hadoop.hdds.scm.TestRatisPipelineLeader.testLeaderIdUsedOnFirstCall(TestRatisPipelineLeader.java:85)
	at sun.reflect.NativeMethodAccessorImpl.invoke0(Native Method)
	at sun.reflect.NativeMethodAccessorImpl.invoke(NativeMethodAccessorImpl.java:62)
	at sun.reflect.DelegatingMethodAccessorImpl.invoke(DelegatingMethodAccessorImpl.java:43)
	at java.lang.reflect.Method.invoke(Method.java:498)
	at org.junit.platform.commons.util.ReflectionUtils.invokeMethod(ReflectionUtils.java:725)
	at org.junit.jupiter.engine.execution.MethodInvocation.proceed(MethodInvocation.java:60)
	at org.junit.jupiter.engine.execution.InvocationInterceptorChain$ValidatingInvocation.proceed(InvocationInterceptorChain.java:131)
	at org.junit.jupiter.engine.extension.TimeoutInvocation.proceed(TimeoutInvocation.java:46)
	at org.junit.jupiter.engine.extension.TimeoutExtension.intercept(TimeoutExtension.java:149)
	at org.junit.jupiter.engine.extension.TimeoutExtension.interceptTestableMethod(TimeoutExtension.java:140)
	at org.junit.jupiter.engine.extension.TimeoutExtension.interceptTestMethod(TimeoutExtension.java:84)
	at org.junit.jupiter.engine.execution.ExecutableInvoker$ReflectiveInterceptorCall.lambda$ofVoidMethod$0(ExecutableInvoker.java:115)
	at org.junit.jupiter.engine.execution.ExecutableInvoker.lambda$invoke$0(ExecutableInvoker.java:105)
	at org.junit.jupiter.engine.execution.InvocationInterceptorChain$InterceptedInvocation.proceed(InvocationInterceptorChain.java:106)
	at org.junit.jupiter.engine.execution.InvocationInterceptorChain.proceed(InvocationInterceptorChain.java:64)
	at org.junit.jupiter.engine.execution.InvocationInterceptorChain.chainAndInvoke(InvocationInterceptorChain.java:45)
	at org.junit.jupiter.engine.execution.InvocationInterceptorChain.invoke(InvocationInterceptorChain.java:37)
	at org.junit.jupiter.engine.execution.ExecutableInvoker.invoke(ExecutableInvoker.java:104)
	at org.junit.jupiter.engine.execution.ExecutableInvoker.invoke(ExecutableInvoker.java:98)
	at org.junit.jupiter.engine.descriptor.TestMethodTestDescriptor.lambda$invokeTestMethod$7(TestMethodTestDescriptor.java:214)
	at org.junit.platform.engine.support.hierarchical.ThrowableCollector.execute(ThrowableCollector.java:73)
	at org.junit.jupiter.engine.descriptor.TestMethodTestDescriptor.invokeTestMethod(TestMethodTestDescriptor.java:210)
	at org.junit.jupiter.engine.descriptor.TestMethodTestDescriptor.execute(TestMethodTestDescriptor.java:135)
	at org.junit.jupiter.engine.descriptor.TestMethodTestDescriptor.execute(TestMethodTestDescriptor.java:66)
	at org.junit.platform.engine.support.hierarchical.NodeTestTask.lambda$executeRecursively$6(NodeTestTask.java:151)
	at org.junit.platform.engine.support.hierarchical.ThrowableCollector.execute(ThrowableCollector.java:73)
	at org.junit.platform.engine.support.hierarchical.NodeTestTask.lambda$executeRecursively$8(NodeTestTask.java:141)
	at org.junit.platform.engine.support.hierarchical.Node.around(Node.java:137)
	at org.junit.platform.engine.support.hierarchical.NodeTestTask.lambda$executeRecursively$9(NodeTestTask.java:139)
	at org.junit.platform.engine.support.hierarchical.ThrowableCollector.execute(ThrowableCollector.java:73)
	at org.junit.platform.engine.support.hierarchical.NodeTestTask.executeRecursively(NodeTestTask.java:138)
	at org.junit.platform.engine.support.hierarchical.NodeTestTask.execute(NodeTestTask.java:95)
	at java.util.ArrayList.forEach(ArrayList.java:1259)
	at org.junit.platform.engine.support.hierarchical.SameThreadHierarchicalTestExecutorService.invokeAll(SameThreadHierarchicalTestExecutorService.java:41)
	at org.junit.platform.engine.support.hierarchical.NodeTestTask.lambda$executeRecursively$6(NodeTestTask.java:155)
	at org.junit.platform.engine.support.hierarchical.ThrowableCollector.execute(ThrowableCollector.java:73)
	at org.junit.platform.engine.support.hierarchical.NodeTestTask.lambda$executeRecursively$8(NodeTestTask.java:141)
	at org.junit.platform.engine.support.hierarchical.Node.around(Node.java:137)
	at org.junit.platform.engine.support.hierarchical.NodeTestTask.lambda$executeRecursively$9(NodeTestTask.java:139)
	at org.junit.platform.engine.support.hierarchical.ThrowableCollector.execute(ThrowableCollector.java:73)
	at org.junit.platform.engine.support.hierarchical.NodeTestTask.executeRecursively(NodeTestTask.java:138)
	at org.junit.platform.engine.support.hierarchical.NodeTestTask.execute(NodeTestTask.java:95)
	at java.util.ArrayList.forEach(ArrayList.java:1259)
	at org.junit.platform.engine.support.hierarchical.SameThreadHierarchicalTestExecutorService.invokeAll(SameThreadHierarchicalTestExecutorService.java:41)
	at org.junit.platform.engine.support.hierarchical.NodeTestTask.lambda$executeRecursively$6(NodeTestTask.java:155)
	at org.junit.platform.engine.support.hierarchical.ThrowableCollector.execute(ThrowableCollector.java:73)
	at org.junit.platform.engine.support.hierarchical.NodeTestTask.lambda$executeRecursively$8(NodeTestTask.java:141)
	at org.junit.platform.engine.support.hierarchical.Node.around(Node.java:137)
	at org.junit.platform.engine.support.hierarchical.NodeTestTask.lambda$executeRecursively$9(NodeTestTask.java:139)
	at org.junit.platform.engine.support.hierarchical.ThrowableCollector.execute(ThrowableCollector.java:73)
	at org.junit.platform.engine.support.hierarchical.NodeTestTask.executeRecursively(NodeTestTask.java:138)
	at org.junit.platform.engine.support.hierarchical.NodeTestTask.execute(NodeTestTask.java:95)
	at org.junit.platform.engine.support.hierarchical.SameThreadHierarchicalTestExecutorService.submit(SameThreadHierarchicalTestExecutorService.java:35)
	at org.junit.platform.engine.support.hierarchical.HierarchicalTestExecutor.execute(HierarchicalTestExecutor.java:57)
	at org.junit.platform.engine.support.hierarchical.HierarchicalTestEngine.execute(HierarchicalTestEngine.java:54)
	at org.junit.platform.launcher.core.EngineExecutionOrchestrator.execute(EngineExecutionOrchestrator.java:107)
	at org.junit.platform.launcher.core.EngineExecutionOrchestrator.execute(EngineExecutionOrchestrator.java:88)
	at org.junit.platform.launcher.core.EngineExecutionOrchestrator.lambda$execute$0(EngineExecutionOrchestrator.java:54)
	at org.junit.platform.launcher.core.EngineExecutionOrchestrator.withInterceptedStreams(EngineExecutionOrchestrator.java:67)
	at org.junit.platform.launcher.core.EngineExecutionOrchestrator.execute(EngineExecutionOrchestrator.java:52)
	at org.junit.platform.launcher.core.DefaultLauncher.execute(DefaultLauncher.java:114)
	at org.junit.platform.launcher.core.DefaultLauncher.execute(DefaultLauncher.java:86)
	at org.junit.platform.launcher.core.DefaultLauncherSession$DelegatingLauncher.execute(DefaultLauncherSession.java:86)
	at org.junit.platform.launcher.core.SessionPerRequestLauncher.execute(SessionPerRequestLauncher.java:53)
	at org.apache.maven.surefire.junitplatform.JUnitPlatformProvider.invokeAllTests(JUnitPlatformProvider.java:165)
	at org.apache.maven.surefire.junitplatform.JUnitPlatformProvider.invoke(JUnitPlatformProvider.java:124)
	at org.apache.maven.surefire.booter.ForkedBooter.runSuitesInProcess(ForkedBooter.java:428)
	at org.apache.maven.surefire.booter.ForkedBooter.execute(ForkedBooter.java:162)
	at org.apache.maven.surefire.booter.ForkedBooter.run(ForkedBooter.java:562)
	at org.apache.maven.surefire.booter.ForkedBooter.main(ForkedBooter.java:548)
]]></stackTrace>
    </rerunFailure>
    <rerunFailure type="java.lang.AssertionError">
      <stackTrace><![CDATA[java.lang.AssertionError
	at org.junit.Assert.fail(Assert.java:87)
	at org.junit.Assert.assertTrue(Assert.java:42)
	at org.junit.Assert.assertTrue(Assert.java:53)
	at org.apache.hadoop.hdds.scm.TestRatisPipelineLeader.testLeaderIdUsedOnFirstCall(TestRatisPipelineLeader.java:85)
	at sun.reflect.NativeMethodAccessorImpl.invoke0(Native Method)
	at sun.reflect.NativeMethodAccessorImpl.invoke(NativeMethodAccessorImpl.java:62)
	at sun.reflect.DelegatingMethodAccessorImpl.invoke(DelegatingMethodAccessorImpl.java:43)
	at java.lang.reflect.Method.invoke(Method.java:498)
	at org.junit.platform.commons.util.ReflectionUtils.invokeMethod(ReflectionUtils.java:725)
	at org.junit.jupiter.engine.execution.MethodInvocation.proceed(MethodInvocation.java:60)
	at org.junit.jupiter.engine.execution.InvocationInterceptorChain$ValidatingInvocation.proceed(InvocationInterceptorChain.java:131)
	at org.junit.jupiter.engine.extension.TimeoutInvocation.proceed(TimeoutInvocation.java:46)
	at org.junit.jupiter.engine.extension.TimeoutExtension.intercept(TimeoutExtension.java:149)
	at org.junit.jupiter.engine.extension.TimeoutExtension.interceptTestableMethod(TimeoutExtension.java:140)
	at org.junit.jupiter.engine.extension.TimeoutExtension.interceptTestMethod(TimeoutExtension.java:84)
	at org.junit.jupiter.engine.execution.ExecutableInvoker$ReflectiveInterceptorCall.lambda$ofVoidMethod$0(ExecutableInvoker.java:115)
	at org.junit.jupiter.engine.execution.ExecutableInvoker.lambda$invoke$0(ExecutableInvoker.java:105)
	at org.junit.jupiter.engine.execution.InvocationInterceptorChain$InterceptedInvocation.proceed(InvocationInterceptorChain.java:106)
	at org.junit.jupiter.engine.execution.InvocationInterceptorChain.proceed(InvocationInterceptorChain.java:64)
	at org.junit.jupiter.engine.execution.InvocationInterceptorChain.chainAndInvoke(InvocationInterceptorChain.java:45)
	at org.junit.jupiter.engine.execution.InvocationInterceptorChain.invoke(InvocationInterceptorChain.java:37)
	at org.junit.jupiter.engine.execution.ExecutableInvoker.invoke(ExecutableInvoker.java:104)
	at org.junit.jupiter.engine.execution.ExecutableInvoker.invoke(ExecutableInvoker.java:98)
	at org.junit.jupiter.engine.descriptor.TestMethodTestDescriptor.lambda$invokeTestMethod$7(TestMethodTestDescriptor.java:214)
	at org.junit.platform.engine.support.hierarchical.ThrowableCollector.execute(ThrowableCollector.java:73)
	at org.junit.jupiter.engine.descriptor.TestMethodTestDescriptor.invokeTestMethod(TestMethodTestDescriptor.java:210)
	at org.junit.jupiter.engine.descriptor.TestMethodTestDescriptor.execute(TestMethodTestDescriptor.java:135)
	at org.junit.jupiter.engine.descriptor.TestMethodTestDescriptor.execute(TestMethodTestDescriptor.java:66)
	at org.junit.platform.engine.support.hierarchical.NodeTestTask.lambda$executeRecursively$6(NodeTestTask.java:151)
	at org.junit.platform.engine.support.hierarchical.ThrowableCollector.execute(ThrowableCollector.java:73)
	at org.junit.platform.engine.support.hierarchical.NodeTestTask.lambda$executeRecursively$8(NodeTestTask.java:141)
	at org.junit.platform.engine.support.hierarchical.Node.around(Node.java:137)
	at org.junit.platform.engine.support.hierarchical.NodeTestTask.lambda$executeRecursively$9(NodeTestTask.java:139)
	at org.junit.platform.engine.support.hierarchical.ThrowableCollector.execute(ThrowableCollector.java:73)
	at org.junit.platform.engine.support.hierarchical.NodeTestTask.executeRecursively(NodeTestTask.java:138)
	at org.junit.platform.engine.support.hierarchical.NodeTestTask.execute(NodeTestTask.java:95)
	at java.util.ArrayList.forEach(ArrayList.java:1259)
	at org.junit.platform.engine.support.hierarchical.SameThreadHierarchicalTestExecutorService.invokeAll(SameThreadHierarchicalTestExecutorService.java:41)
	at org.junit.platform.engine.support.hierarchical.NodeTestTask.lambda$executeRecursively$6(NodeTestTask.java:155)
	at org.junit.platform.engine.support.hierarchical.ThrowableCollector.execute(ThrowableCollector.java:73)
	at org.junit.platform.engine.support.hierarchical.NodeTestTask.lambda$executeRecursively$8(NodeTestTask.java:141)
	at org.junit.platform.engine.support.hierarchical.Node.around(Node.java:137)
	at org.junit.platform.engine.support.hierarchical.NodeTestTask.lambda$executeRecursively$9(NodeTestTask.java:139)
	at org.junit.platform.engine.support.hierarchical.ThrowableCollector.execute(ThrowableCollector.java:73)
	at org.junit.platform.engine.support.hierarchical.NodeTestTask.executeRecursively(NodeTestTask.java:138)
	at org.junit.platform.engine.support.hierarchical.NodeTestTask.execute(NodeTestTask.java:95)
	at java.util.ArrayList.forEach(ArrayList.java:1259)
	at org.junit.platform.engine.support.hierarchical.SameThreadHierarchicalTestExecutorService.invokeAll(SameThreadHierarchicalTestExecutorService.java:41)
	at org.junit.platform.engine.support.hierarchical.NodeTestTask.lambda$executeRecursively$6(NodeTestTask.java:155)
	at org.junit.platform.engine.support.hierarchical.ThrowableCollector.execute(ThrowableCollector.java:73)
	at org.junit.platform.engine.support.hierarchical.NodeTestTask.lambda$executeRecursively$8(NodeTestTask.java:141)
	at org.junit.platform.engine.support.hierarchical.Node.around(Node.java:137)
	at org.junit.platform.engine.support.hierarchical.NodeTestTask.lambda$executeRecursively$9(NodeTestTask.java:139)
	at org.junit.platform.engine.support.hierarchical.ThrowableCollector.execute(ThrowableCollector.java:73)
	at org.junit.platform.engine.support.hierarchical.NodeTestTask.executeRecursively(NodeTestTask.java:138)
	at org.junit.platform.engine.support.hierarchical.NodeTestTask.execute(NodeTestTask.java:95)
	at org.junit.platform.engine.support.hierarchical.SameThreadHierarchicalTestExecutorService.submit(SameThreadHierarchicalTestExecutorService.java:35)
	at org.junit.platform.engine.support.hierarchical.HierarchicalTestExecutor.execute(HierarchicalTestExecutor.java:57)
	at org.junit.platform.engine.support.hierarchical.HierarchicalTestEngine.execute(HierarchicalTestEngine.java:54)
	at org.junit.platform.launcher.core.EngineExecutionOrchestrator.execute(EngineExecutionOrchestrator.java:107)
	at org.junit.platform.launcher.core.EngineExecutionOrchestrator.execute(EngineExecutionOrchestrator.java:88)
	at org.junit.platform.launcher.core.EngineExecutionOrchestrator.lambda$execute$0(EngineExecutionOrchestrator.java:54)
	at org.junit.platform.launcher.core.EngineExecutionOrchestrator.withInterceptedStreams(EngineExecutionOrchestrator.java:67)
	at org.junit.platform.launcher.core.EngineExecutionOrchestrator.execute(EngineExecutionOrchestrator.java:52)
	at org.junit.platform.launcher.core.DefaultLauncher.execute(DefaultLauncher.java:114)
	at org.junit.platform.launcher.core.DefaultLauncher.execute(DefaultLauncher.java:86)
	at org.junit.platform.launcher.core.DefaultLauncherSession$DelegatingLauncher.execute(DefaultLauncherSession.java:86)
	at org.junit.platform.launcher.core.SessionPerRequestLauncher.execute(SessionPerRequestLauncher.java:53)
	at org.apache.maven.surefire.junitplatform.JUnitPlatformProvider.invokeAllTests(JUnitPlatformProvider.java:165)
	at org.apache.maven.surefire.junitplatform.JUnitPlatformProvider.invoke(JUnitPlatformProvider.java:124)
	at org.apache.maven.surefire.booter.ForkedBooter.runSuitesInProcess(ForkedBooter.java:428)
	at org.apache.maven.surefire.booter.ForkedBooter.execute(ForkedBooter.java:162)
	at org.apache.maven.surefire.booter.ForkedBooter.run(ForkedBooter.java:562)
	at org.apache.maven.surefire.booter.ForkedBooter.main(ForkedBooter.java:548)
]]></stackTrace>
      <system-out><![CDATA[2022-06-01 03:36:48,593 [abd81844-44fc-43f8-8293-c1e1ed0f8954@group-C6C57E7579CE-SegmentedRaftLogWorker] INFO  segmented.SegmentedRaftLogWorker (SegmentedRaftLogWorker.java:execute(629)) - abd81844-44fc-43f8-8293-c1e1ed0f8954@group-C6C57E7579CE-SegmentedRaftLogWorker: created new log segment /home/runner/work/ozone/ozone/hadoop-ozone/integration-test/target/test-dir/MiniOzoneClusterImpl-f48b6726-dd30-40f9-bb46-d41d0091544d/datanode-2/data/ratis/27c0c480-b9ec-4228-81f4-c6c57e7579ce/current/log_inprogress_0
2022-06-01 03:36:48,594 [5b27db08-20be-441d-9c86-d8d1c4f327f7@group-C6C57E7579CE-SegmentedRaftLogWorker] INFO  segmented.SegmentedRaftLogWorker (SegmentedRaftLogWorker.java:execute(629)) - 5b27db08-20be-441d-9c86-d8d1c4f327f7@group-C6C57E7579CE-SegmentedRaftLogWorker: created new log segment /home/runner/work/ozone/ozone/hadoop-ozone/integration-test/target/test-dir/MiniOzoneClusterImpl-f48b6726-dd30-40f9-bb46-d41d0091544d/datanode-1/data/ratis/27c0c480-b9ec-4228-81f4-c6c57e7579ce/current/log_inprogress_0
]]></system-out>
    </rerunFailure>
    <rerunFailure type="java.lang.AssertionError">
      <stackTrace><![CDATA[java.lang.AssertionError
	at org.junit.Assert.fail(Assert.java:87)
	at org.junit.Assert.assertTrue(Assert.java:42)
	at org.junit.Assert.assertTrue(Assert.java:53)
	at org.apache.hadoop.hdds.scm.TestRatisPipelineLeader.testLeaderIdUsedOnFirstCall(TestRatisPipelineLeader.java:85)
	at sun.reflect.NativeMethodAccessorImpl.invoke0(Native Method)
	at sun.reflect.NativeMethodAccessorImpl.invoke(NativeMethodAccessorImpl.java:62)
	at sun.reflect.DelegatingMethodAccessorImpl.invoke(DelegatingMethodAccessorImpl.java:43)
	at java.lang.reflect.Method.invoke(Method.java:498)
	at org.junit.platform.commons.util.ReflectionUtils.invokeMethod(ReflectionUtils.java:725)
	at org.junit.jupiter.engine.execution.MethodInvocation.proceed(MethodInvocation.java:60)
	at org.junit.jupiter.engine.execution.InvocationInterceptorChain$ValidatingInvocation.proceed(InvocationInterceptorChain.java:131)
	at org.junit.jupiter.engine.extension.TimeoutInvocation.proceed(TimeoutInvocation.java:46)
	at org.junit.jupiter.engine.extension.TimeoutExtension.intercept(TimeoutExtension.java:149)
	at org.junit.jupiter.engine.extension.TimeoutExtension.interceptTestableMethod(TimeoutExtension.java:140)
	at org.junit.jupiter.engine.extension.TimeoutExtension.interceptTestMethod(TimeoutExtension.java:84)
	at org.junit.jupiter.engine.execution.ExecutableInvoker$ReflectiveInterceptorCall.lambda$ofVoidMethod$0(ExecutableInvoker.java:115)
	at org.junit.jupiter.engine.execution.ExecutableInvoker.lambda$invoke$0(ExecutableInvoker.java:105)
	at org.junit.jupiter.engine.execution.InvocationInterceptorChain$InterceptedInvocation.proceed(InvocationInterceptorChain.java:106)
	at org.junit.jupiter.engine.execution.InvocationInterceptorChain.proceed(InvocationInterceptorChain.java:64)
	at org.junit.jupiter.engine.execution.InvocationInterceptorChain.chainAndInvoke(InvocationInterceptorChain.java:45)
	at org.junit.jupiter.engine.execution.InvocationInterceptorChain.invoke(InvocationInterceptorChain.java:37)
	at org.junit.jupiter.engine.execution.ExecutableInvoker.invoke(ExecutableInvoker.java:104)
	at org.junit.jupiter.engine.execution.ExecutableInvoker.invoke(ExecutableInvoker.java:98)
	at org.junit.jupiter.engine.descriptor.TestMethodTestDescriptor.lambda$invokeTestMethod$7(TestMethodTestDescriptor.java:214)
	at org.junit.platform.engine.support.hierarchical.ThrowableCollector.execute(ThrowableCollector.java:73)
	at org.junit.jupiter.engine.descriptor.TestMethodTestDescriptor.invokeTestMethod(TestMethodTestDescriptor.java:210)
	at org.junit.jupiter.engine.descriptor.TestMethodTestDescriptor.execute(TestMethodTestDescriptor.java:135)
	at org.junit.jupiter.engine.descriptor.TestMethodTestDescriptor.execute(TestMethodTestDescriptor.java:66)
	at org.junit.platform.engine.support.hierarchical.NodeTestTask.lambda$executeRecursively$6(NodeTestTask.java:151)
	at org.junit.platform.engine.support.hierarchical.ThrowableCollector.execute(ThrowableCollector.java:73)
	at org.junit.platform.engine.support.hierarchical.NodeTestTask.lambda$executeRecursively$8(NodeTestTask.java:141)
	at org.junit.platform.engine.support.hierarchical.Node.around(Node.java:137)
	at org.junit.platform.engine.support.hierarchical.NodeTestTask.lambda$executeRecursively$9(NodeTestTask.java:139)
	at org.junit.platform.engine.support.hierarchical.ThrowableCollector.execute(ThrowableCollector.java:73)
	at org.junit.platform.engine.support.hierarchical.NodeTestTask.executeRecursively(NodeTestTask.java:138)
	at org.junit.platform.engine.support.hierarchical.NodeTestTask.execute(NodeTestTask.java:95)
	at java.util.ArrayList.forEach(ArrayList.java:1259)
	at org.junit.platform.engine.support.hierarchical.SameThreadHierarchicalTestExecutorService.invokeAll(SameThreadHierarchicalTestExecutorService.java:41)
	at org.junit.platform.engine.support.hierarchical.NodeTestTask.lambda$executeRecursively$6(NodeTestTask.java:155)
	at org.junit.platform.engine.support.hierarchical.ThrowableCollector.execute(ThrowableCollector.java:73)
	at org.junit.platform.engine.support.hierarchical.NodeTestTask.lambda$executeRecursively$8(NodeTestTask.java:141)
	at org.junit.platform.engine.support.hierarchical.Node.around(Node.java:137)
	at org.junit.platform.engine.support.hierarchical.NodeTestTask.lambda$executeRecursively$9(NodeTestTask.java:139)
	at org.junit.platform.engine.support.hierarchical.ThrowableCollector.execute(ThrowableCollector.java:73)
	at org.junit.platform.engine.support.hierarchical.NodeTestTask.executeRecursively(NodeTestTask.java:138)
	at org.junit.platform.engine.support.hierarchical.NodeTestTask.execute(NodeTestTask.java:95)
	at java.util.ArrayList.forEach(ArrayList.java:1259)
	at org.junit.platform.engine.support.hierarchical.SameThreadHierarchicalTestExecutorService.invokeAll(SameThreadHierarchicalTestExecutorService.java:41)
	at org.junit.platform.engine.support.hierarchical.NodeTestTask.lambda$executeRecursively$6(NodeTestTask.java:155)
	at org.junit.platform.engine.support.hierarchical.ThrowableCollector.execute(ThrowableCollector.java:73)
	at org.junit.platform.engine.support.hierarchical.NodeTestTask.lambda$executeRecursively$8(NodeTestTask.java:141)
	at org.junit.platform.engine.support.hierarchical.Node.around(Node.java:137)
	at org.junit.platform.engine.support.hierarchical.NodeTestTask.lambda$executeRecursively$9(NodeTestTask.java:139)
	at org.junit.platform.engine.support.hierarchical.ThrowableCollector.execute(ThrowableCollector.java:73)
	at org.junit.platform.engine.support.hierarchical.NodeTestTask.executeRecursively(NodeTestTask.java:138)
	at org.junit.platform.engine.support.hierarchical.NodeTestTask.execute(NodeTestTask.java:95)
	at org.junit.platform.engine.support.hierarchical.SameThreadHierarchicalTestExecutorService.submit(SameThreadHierarchicalTestExecutorService.java:35)
	at org.junit.platform.engine.support.hierarchical.HierarchicalTestExecutor.execute(HierarchicalTestExecutor.java:57)
	at org.junit.platform.engine.support.hierarchical.HierarchicalTestEngine.execute(HierarchicalTestEngine.java:54)
	at org.junit.platform.launcher.core.EngineExecutionOrchestrator.execute(EngineExecutionOrchestrator.java:107)
	at org.junit.platform.launcher.core.EngineExecutionOrchestrator.execute(EngineExecutionOrchestrator.java:88)
	at org.junit.platform.launcher.core.EngineExecutionOrchestrator.lambda$execute$0(EngineExecutionOrchestrator.java:54)
	at org.junit.platform.launcher.core.EngineExecutionOrchestrator.withInterceptedStreams(EngineExecutionOrchestrator.java:67)
	at org.junit.platform.launcher.core.EngineExecutionOrchestrator.execute(EngineExecutionOrchestrator.java:52)
	at org.junit.platform.launcher.core.DefaultLauncher.execute(DefaultLauncher.java:114)
	at org.junit.platform.launcher.core.DefaultLauncher.execute(DefaultLauncher.java:86)
	at org.junit.platform.launcher.core.DefaultLauncherSession$DelegatingLauncher.execute(DefaultLauncherSession.java:86)
	at org.junit.platform.launcher.core.SessionPerRequestLauncher.execute(SessionPerRequestLauncher.java:53)
	at org.apache.maven.surefire.junitplatform.JUnitPlatformProvider.invokeAllTests(JUnitPlatformProvider.java:165)
	at org.apache.maven.surefire.junitplatform.JUnitPlatformProvider.invoke(JUnitPlatformProvider.java:124)
	at org.apache.maven.surefire.booter.ForkedBooter.runSuitesInProcess(ForkedBooter.java:428)
	at org.apache.maven.surefire.booter.ForkedBooter.execute(ForkedBooter.java:162)
	at org.apache.maven.surefire.booter.ForkedBooter.run(ForkedBooter.java:562)
	at org.apache.maven.surefire.booter.ForkedBooter.main(ForkedBooter.java:548)
]]></stackTrace>
    </rerunFailure>
  </testcase>
</testsuite>