<?xml version="1.0" encoding="UTF-8"?>
<testsuite xmlns:xsi="http://www.w3.org/2001/XMLSchema-instance" xsi:noNamespaceSchemaLocation="https://maven.apache.org/surefire/maven-surefire-plugin/xsd/surefire-test-report-3.0.xsd" version="3.0" name="org.apache.hadoop.ozone.client.rpc.TestOzoneAtRestEncryption" time="79.072" tests="22" errors="1" skipped="0" failures="0">
  <properties>
    <property name="awt.toolkit" value="sun.awt.X11.XToolkit"/>
    <property name="log4j.configuration" value="kms-log4j.properties"/>
    <property name="java.specification.version" value="1.8"/>
    <property name="file.encoding.pkg" value="sun.io"/>
    <property name="sun.cpu.isalist" value=""/>
    <property name="sun.jnu.encoding" value="UTF-8"/>
    <property name="java.class.path" value="/home/runner/work/ozone/ozone/hadoop-ozone/integration-test/target/test-classes:/home/runner/work/ozone/ozone/hadoop-ozone/integration-test/target/classes:/home/runner/.m2/repository/org/apache/ozone/ozone-common/1.4.0-SNAPSHOT/ozone-common-1.4.0-SNAPSHOT.jar:/home/runner/.m2/repository/io/grpc/grpc-netty/1.51.1/grpc-netty-1.51.1.jar:/home/runner/.m2/repository/io/grpc/grpc-core/1.51.1/grpc-core-1.51.1.jar:/home/runner/.m2/repository/com/google/android/annotations/4.1.1.4/annotations-4.1.1.4.jar:/home/runner/.m2/repository/org/codehaus/mojo/animal-sniffer-annotations/1.21/animal-sniffer-annotations-1.21.jar:/home/runner/.m2/repository/com/google/errorprone/error_prone_annotations/2.2.0/error_prone_annotations-2.2.0.jar:/home/runner/.m2/repository/io/perfmark/perfmark-api/0.25.0/perfmark-api-0.25.0.jar:/home/runner/.m2/repository/io/netty/netty-codec-http2/4.1.86.Final/netty-codec-http2-4.1.86.Final.jar:/home/runner/.m2/repository/io/netty/netty-common/4.1.86.Final/netty-common-4.1.86.Final.jar:/home/runner/.m2/repository/io/netty/netty-buffer/4.1.86.Final/netty-buffer-4.1.86.Final.jar:/home/runner/.m2/repository/io/netty/netty-codec-http/4.1.86.Final/netty-codec-http-4.1.86.Final.jar:/home/runner/.m2/repository/io/netty/netty-handler-proxy/4.1.86.Final/netty-handler-proxy-4.1.86.Final.jar:/home/runner/.m2/repository/io/netty/netty-codec-socks/4.1.86.Final/netty-codec-socks-4.1.86.Final.jar:/home/runner/.m2/repository/io/netty/netty-tcnative-boringssl-static/2.0.54.Final/netty-tcnative-boringssl-static-2.0.54.Final.jar:/home/runner/.m2/repository/io/netty/netty-tcnative-classes/2.0.54.Final/netty-tcnative-classes-2.0.54.Final.jar:/home/runner/.m2/repository/io/netty/netty-tcnative-boringssl-static/2.0.54.Final/netty-tcnative-boringssl-static-2.0.54.Final-linux-x86_64.jar:/home/runner/.m2/repository/io/netty/netty-tcnative-boringssl-static/2.0.54.Final/netty-tcnative-boringssl-static-2.0.54.Final-linux-aarch_64.jar:/home/runner/.m2/repository/io/netty/netty-tcnative-boringssl-static/2.0.54.Final/netty-tcnative-boringssl-static-2.0.54.Final-osx-x86_64.jar:/home/runner/.m2/repository/io/netty/netty-tcnative-boringssl-static/2.0.54.Final/netty-tcnative-boringssl-static-2.0.54.Final-osx-aarch_64.jar:/home/runner/.m2/repository/io/netty/netty-tcnative-boringssl-static/2.0.54.Final/netty-tcnative-boringssl-static-2.0.54.Final-windows-x86_64.jar:/home/runner/.m2/repository/org/apache/commons/commons-compress/1.21/commons-compress-1.21.jar:/home/runner/.m2/repository/org/apache/ozone/hdds-common/1.4.0-SNAPSHOT/hdds-common-1.4.0-SNAPSHOT.jar:/home/runner/.m2/repository/org/apache/ozone/hdds-client/1.4.0-SNAPSHOT/hdds-client-1.4.0-SNAPSHOT.jar:/home/runner/.m2/repository/org/apache/ozone/ozone-interface-client/1.4.0-SNAPSHOT/ozone-interface-client-1.4.0-SNAPSHOT.jar:/home/runner/.m2/repository/org/apache/hadoop/hadoop-hdfs-client/3.3.6/hadoop-hdfs-client-3.3.6.jar:/home/runner/.m2/repository/com/squareup/okhttp3/okhttp/4.9.3/okhttp-4.9.3.jar:/home/runner/.m2/repository/com/squareup/okio/okio/2.8.0/okio-2.8.0.jar:/home/runner/.m2/repository/org/jetbrains/kotlin/kotlin-stdlib-common/1.6.21/kotlin-stdlib-common-1.6.21.jar:/home/runner/.m2/repository/org/apache/ozone/hdds-test-utils/1.4.0-SNAPSHOT/hdds-test-utils-1.4.0-SNAPSHOT.jar:/home/runner/.m2/repository/com/google/guava/guava/32.0.0-jre/guava-32.0.0-jre.jar:/home/runner/.m2/repository/com/google/guava/failureaccess/1.0.1/failureaccess-1.0.1.jar:/home/runner/.m2/repository/com/google/guava/listenablefuture/9999.0-empty-to-avoid-conflict-with-guava/listenablefuture-9999.0-empty-to-avoid-conflict-with-guava.jar:/home/runner/.m2/repository/com/google/code/findbugs/jsr305/3.0.0/jsr305-3.0.0.jar:/home/runner/.m2/repository/org/checkerframework/checker-qual/3.33.0/checker-qual-3.33.0.jar:/home/runner/.m2/repository/com/google/j2objc/j2objc-annotations/2.8/j2objc-annotations-2.8.jar:/home/runner/.m2/repository/commons-io/commons-io/2.11.0/commons-io-2.11.0.jar:/home/runner/.m2/repository/commons-logging/commons-logging/1.2/commons-logging-1.2.jar:/home/runner/.m2/repository/ch/qos/reload4j/reload4j/1.2.22/reload4j-1.2.22.jar:/home/runner/.m2/repository/org/slf4j/slf4j-api/1.7.36/slf4j-api-1.7.36.jar:/home/runner/.m2/repository/org/apache/ozone/hdds-server-scm/1.4.0-SNAPSHOT/hdds-server-scm-1.4.0-SNAPSHOT.jar:/home/runner/.m2/repository/org/apache/ozone/hdds-container-service/1.4.0-SNAPSHOT/hdds-container-service-1.4.0-SNAPSHOT.jar:/home/runner/.m2/repository/org/apache/ozone/hdds-hadoop-dependency-server/1.4.0-SNAPSHOT/hdds-hadoop-dependency-server-1.4.0-SNAPSHOT.jar:/home/runner/.m2/repository/org/apache/hadoop/hadoop-hdfs/3.3.6/hadoop-hdfs-3.3.6.jar:/home/runner/.m2/repository/commons-daemon/commons-daemon/1.0.13/commons-daemon-1.0.13.jar:/home/runner/.m2/repository/org/apache/ozone/hdds-server-framework/1.4.0-SNAPSHOT/hdds-server-framework-1.4.0-SNAPSHOT.jar:/home/runner/.m2/repository/io/dropwizard/metrics/metrics-core/3.2.4/metrics-core-3.2.4.jar:/home/runner/.m2/repository/org/apache/commons/commons-text/1.10.0/commons-text-1.10.0.jar:/home/runner/.m2/repository/org/bouncycastle/bcprov-jdk15on/1.67/bcprov-jdk15on-1.67.jar:/home/runner/.m2/repository/com/google/protobuf/protobuf-java/2.5.0/protobuf-java-2.5.0.jar:/home/runner/.m2/repository/org/apache/ozone/hdds-server-framework/1.4.0-SNAPSHOT/hdds-server-framework-1.4.0-SNAPSHOT-tests.jar:/home/runner/.m2/repository/org/apache/ozone/hdds-interface-server/1.4.0-SNAPSHOT/hdds-interface-server-1.4.0-SNAPSHOT.jar:/home/runner/.m2/repository/org/apache/ozone/hdds-interface-admin/1.4.0-SNAPSHOT/hdds-interface-admin-1.4.0-SNAPSHOT.jar:/home/runner/.m2/repository/org/apache/ozone/hdds-managed-rocksdb/1.4.0-SNAPSHOT/hdds-managed-rocksdb-1.4.0-SNAPSHOT.jar:/home/runner/.m2/repository/org/rocksdb/rocksdbjni/7.7.3/rocksdbjni-7.7.3.jar:/home/runner/.m2/repository/org/slf4j/slf4j-reload4j/1.7.36/slf4j-reload4j-1.7.36.jar:/home/runner/.m2/repository/org/apache/commons/commons-configuration2/2.1.1/commons-configuration2-2.1.1.jar:/home/runner/.m2/repository/commons-fileupload/commons-fileupload/1.5/commons-fileupload-1.5.jar:/home/runner/.m2/repository/org/apache/logging/log4j/log4j-core/2.17.1/log4j-core-2.17.1.jar:/home/runner/.m2/repository/com/lmax/disruptor/3.4.2/disruptor-3.4.2.jar:/home/runner/.m2/repository/org/eclipse/jetty/jetty-util/9.4.51.v20230217/jetty-util-9.4.51.v20230217.jar:/home/runner/.m2/repository/org/eclipse/jetty/jetty-server/9.4.51.v20230217/jetty-server-9.4.51.v20230217.jar:/home/runner/.m2/repository/org/eclipse/jetty/jetty-http/9.4.51.v20230217/jetty-http-9.4.51.v20230217.jar:/home/runner/.m2/repository/org/eclipse/jetty/jetty-io/9.4.51.v20230217/jetty-io-9.4.51.v20230217.jar:/home/runner/.m2/repository/org/eclipse/jetty/jetty-servlet/9.4.51.v20230217/jetty-servlet-9.4.51.v20230217.jar:/home/runner/.m2/repository/org/eclipse/jetty/jetty-security/9.4.51.v20230217/jetty-security-9.4.51.v20230217.jar:/home/runner/.m2/repository/org/eclipse/jetty/jetty-util-ajax/9.4.51.v20230217/jetty-util-ajax-9.4.51.v20230217.jar:/home/runner/.m2/repository/org/eclipse/jetty/jetty-webapp/9.4.51.v20230217/jetty-webapp-9.4.51.v20230217.jar:/home/runner/.m2/repository/org/eclipse/jetty/jetty-xml/9.4.51.v20230217/jetty-xml-9.4.51.v20230217.jar:/home/runner/.m2/repository/org/apache/ratis/ratis-server/2.5.1/ratis-server-2.5.1.jar:/home/runner/.m2/repository/org/apache/ratis/ratis-thirdparty-misc/1.0.4/ratis-thirdparty-misc-1.0.4.jar:/home/runner/.m2/repository/org/apache/ratis/ratis-proto/2.5.1/ratis-proto-2.5.1.jar:/home/runner/.m2/repository/org/apache/ratis/ratis-common/2.5.1/ratis-common-2.5.1.jar:/home/runner/.m2/repository/org/apache/ratis/ratis-client/2.5.1/ratis-client-2.5.1.jar:/home/runner/.m2/repository/org/apache/ratis/ratis-server-api/2.5.1/ratis-server-api-2.5.1.jar:/home/runner/.m2/repository/org/apache/ratis/ratis-metrics/2.5.1/ratis-metrics-2.5.1.jar:/home/runner/.m2/repository/io/prometheus/simpleclient_dropwizard/0.7.0/simpleclient_dropwizard-0.7.0.jar:/home/runner/.m2/repository/io/prometheus/simpleclient/0.7.0/simpleclient-0.7.0.jar:/home/runner/.m2/repository/io/prometheus/simpleclient_common/0.7.0/simpleclient_common-0.7.0.jar:/home/runner/.m2/repository/com/fasterxml/jackson/datatype/jackson-datatype-jsr310/2.13.4/jackson-datatype-jsr310-2.13.4.jar:/home/runner/.m2/repository/com/fasterxml/jackson/core/jackson-core/2.13.4/jackson-core-2.13.4.jar:/home/runner/.m2/repository/com/github/spotbugs/spotbugs-annotations/3.1.12/spotbugs-annotations-3.1.12.jar:/home/runner/.m2/repository/org/apache/ozone/rocksdb-checkpoint-differ/1.4.0-SNAPSHOT/rocksdb-checkpoint-differ-1.4.0-SNAPSHOT.jar:/home/runner/.m2/repository/org/awaitility/awaitility/4.2.0/awaitility-4.2.0.jar:/home/runner/.m2/repository/org/hamcrest/hamcrest/2.1/hamcrest-2.1.jar:/home/runner/.m2/repository/org/apache/ozone/ozone-manager/1.4.0-SNAPSHOT/ozone-manager-1.4.0-SNAPSHOT.jar:/home/runner/.m2/repository/org/aspectj/aspectjrt/1.9.7/aspectjrt-1.9.7.jar:/home/runner/.m2/repository/org/aspectj/aspectjweaver/1.9.7/aspectjweaver-1.9.7.jar:/home/runner/.m2/repository/org/apache/ozone/hdds-interface-client/1.4.0-SNAPSHOT/hdds-interface-client-1.4.0-SNAPSHOT.jar:/home/runner/.m2/repository/org/apache/hadoop/thirdparty/hadoop-shaded-protobuf_3_7/1.1.1/hadoop-shaded-protobuf_3_7-1.1.1.jar:/home/runner/.m2/repository/org/apache/ozone/ozone-interface-storage/1.4.0-SNAPSHOT/ozone-interface-storage-1.4.0-SNAPSHOT.jar:/home/runner/.m2/repository/org/reflections/reflections/0.9.11/reflections-0.9.11.jar:/home/runner/.m2/repository/com/sun/jersey/jersey-client/1.19/jersey-client-1.19.jar:/home/runner/.m2/repository/org/codehaus/jackson/jackson-core-asl/1.9.13/jackson-core-asl-1.9.13.jar:/home/runner/.m2/repository/org/codehaus/jackson/jackson-mapper-asl/1.9.13/jackson-mapper-asl-1.9.13.jar:/home/runner/.m2/repository/org/codehaus/jackson/jackson-jaxrs/1.9.13/jackson-jaxrs-1.9.13.jar:/home/runner/.m2/repository/org/apache/ranger/ranger-intg/2.3.0/ranger-intg-2.3.0.jar:/home/runner/.m2/repository/org/apache/ranger/ranger-plugins-common/2.3.0/ranger-plugins-common-2.3.0.jar:/home/runner/.m2/repository/commons-lang/commons-lang/2.6/commons-lang-2.6.jar:/home/runner/.m2/repository/org/apache/ranger/ranger-plugins-cred/2.3.0/ranger-plugins-cred-2.3.0.jar:/home/runner/.m2/repository/org/apache/ranger/ranger-plugins-audit/2.3.0/ranger-plugins-audit-2.3.0.jar:/home/runner/.m2/repository/org/eclipse/jetty/jetty-client/9.4.51.v20230217/jetty-client-9.4.51.v20230217.jar:/home/runner/.m2/repository/org/apache/httpcomponents/httpmime/4.5.6/httpmime-4.5.6.jar:/home/runner/.m2/repository/org/apache/httpcomponents/httpcore-nio/4.4.13/httpcore-nio-4.4.13.jar:/home/runner/.m2/repository/org/apache/httpcomponents/httpasyncclient/4.1.3/httpasyncclient-4.1.3.jar:/home/runner/.m2/repository/com/carrotsearch/hppc/0.8.0/hppc-0.8.0.jar:/home/runner/.m2/repository/org/apache/orc/orc-core/1.5.8/orc-core-1.5.8.jar:/home/runner/.m2/repository/net/java/dev/jna/jna/5.2.0/jna-5.2.0.jar:/home/runner/.m2/repository/net/java/dev/jna/jna-platform/5.2.0/jna-platform-5.2.0.jar:/home/runner/.m2/repository/com/kstruct/gethostname4j/0.0.2/gethostname4j-0.0.2.jar:/home/runner/.m2/repository/org/apache/ranger/ranger-plugin-classloader/2.3.0/ranger-plugin-classloader-2.3.0.jar:/home/runner/.m2/repository/org/apache/ozone/hdds-rocks-native/1.4.0-SNAPSHOT/hdds-rocks-native-1.4.0-SNAPSHOT.jar:/home/runner/.m2/repository/org/apache/hadoop/hadoop-minikdc/3.3.6/hadoop-minikdc-3.3.6.jar:/home/runner/.m2/repository/org/apache/kerby/kerb-simplekdc/1.0.1/kerb-simplekdc-1.0.1.jar:/home/runner/.m2/repository/org/apache/kerby/kerb-client/1.0.1/kerb-client-1.0.1.jar:/home/runner/.m2/repository/org/apache/kerby/kerby-config/1.0.1/kerby-config-1.0.1.jar:/home/runner/.m2/repository/org/apache/kerby/kerb-common/1.0.1/kerb-common-1.0.1.jar:/home/runner/.m2/repository/org/apache/kerby/kerb-crypto/1.0.1/kerb-crypto-1.0.1.jar:/home/runner/.m2/repository/org/apache/kerby/kerb-util/1.0.1/kerb-util-1.0.1.jar:/home/runner/.m2/repository/org/apache/kerby/token-provider/1.0.1/token-provider-1.0.1.jar:/home/runner/.m2/repository/org/apache/kerby/kerb-admin/1.0.1/kerb-admin-1.0.1.jar:/home/runner/.m2/repository/org/apache/kerby/kerb-server/1.0.1/kerb-server-1.0.1.jar:/home/runner/.m2/repository/org/apache/kerby/kerb-identity/1.0.1/kerb-identity-1.0.1.jar:/home/runner/.m2/repository/org/apache/kerby/kerby-xdr/1.0.1/kerby-xdr-1.0.1.jar:/home/runner/.m2/repository/org/apache/ozone/ozone-s3gateway/1.4.0-SNAPSHOT/ozone-s3gateway-1.4.0-SNAPSHOT.jar:/home/runner/.m2/repository/org/javassist/javassist/3.21.0-GA/javassist-3.21.0-GA.jar:/home/runner/.m2/repository/org/jboss/weld/servlet/weld-servlet-shaded/3.1.9.Final/weld-servlet-shaded-3.1.9.Final.jar:/home/runner/.m2/repository/org/glassfish/jersey/containers/jersey-container-servlet-core/2.34/jersey-container-servlet-core-2.34.jar:/home/runner/.m2/repository/org/glassfish/hk2/external/jakarta.inject/2.6.1/jakarta.inject-2.6.1.jar:/home/runner/.m2/repository/org/glassfish/jersey/core/jersey-common/2.34/jersey-common-2.34.jar:/home/runner/.m2/repository/jakarta/ws/rs/jakarta.ws.rs-api/2.1.6/jakarta.ws.rs-api-2.1.6.jar:/home/runner/.m2/repository/org/glassfish/jersey/ext/cdi/jersey-cdi1x/2.34/jersey-cdi1x-2.34.jar:/home/runner/.m2/repository/org/glassfish/jersey/inject/jersey-hk2/2.34/jersey-hk2-2.34.jar:/home/runner/.m2/repository/org/glassfish/hk2/hk2-locator/2.6.1/hk2-locator-2.6.1.jar:/home/runner/.m2/repository/org/glassfish/jersey/media/jersey-media-jaxb/2.34/jersey-media-jaxb-2.34.jar:/home/runner/.m2/repository/org/glassfish/hk2/osgi-resource-locator/1.0.3/osgi-resource-locator-1.0.3.jar:/home/runner/.m2/repository/org/glassfish/hk2/hk2-api/2.5.0/hk2-api-2.5.0.jar:/home/runner/.m2/repository/org/glassfish/hk2/hk2-utils/2.5.0/hk2-utils-2.5.0.jar:/home/runner/.m2/repository/org/glassfish/hk2/external/aopalliance-repackaged/2.5.0/aopalliance-repackaged-2.5.0.jar:/home/runner/.m2/repository/com/fasterxml/jackson/dataformat/jackson-dataformat-xml/2.13.4/jackson-dataformat-xml-2.13.4.jar:/home/runner/.m2/repository/org/codehaus/woodstox/stax2-api/4.2.1/stax2-api-4.2.1.jar:/home/runner/.m2/repository/com/fasterxml/woodstox/woodstox-core/5.4.0/woodstox-core-5.4.0.jar:/home/runner/.m2/repository/com/fasterxml/jackson/module/jackson-module-jaxb-annotations/2.13.4/jackson-module-jaxb-annotations-2.13.4.jar:/home/runner/.m2/repository/jakarta/xml/bind/jakarta.xml.bind-api/2.3.3/jakarta.xml.bind-api-2.3.3.jar:/home/runner/.m2/repository/jakarta/activation/jakarta.activation-api/1.2.2/jakarta.activation-api-1.2.2.jar:/home/runner/.m2/repository/javax/enterprise/cdi-api/2.0/cdi-api-2.0.jar:/home/runner/.m2/repository/javax/el/javax.el-api/3.0.0/javax.el-api-3.0.0.jar:/home/runner/.m2/repository/javax/interceptor/javax.interceptor-api/1.2/javax.interceptor-api-1.2.jar:/home/runner/.m2/repository/javax/inject/javax.inject/1/javax.inject-1.jar:/home/runner/.m2/repository/javax/xml/bind/jaxb-api/2.3.0/jaxb-api-2.3.0.jar:/home/runner/.m2/repository/org/glassfish/jaxb/jaxb-runtime/2.3.0.1/jaxb-runtime-2.3.0.1.jar:/home/runner/.m2/repository/org/glassfish/jaxb/jaxb-core/2.3.0.1/jaxb-core-2.3.0.1.jar:/home/runner/.m2/repository/org/glassfish/jaxb/txw2/2.3.0.1/txw2-2.3.0.1.jar:/home/runner/.m2/repository/com/sun/istack/istack-commons-runtime/3.0.5/istack-commons-runtime-3.0.5.jar:/home/runner/.m2/repository/org/jvnet/staxex/stax-ex/1.7.8/stax-ex-1.7.8.jar:/home/runner/.m2/repository/com/sun/xml/fastinfoset/FastInfoset/1.2.13/FastInfoset-1.2.13.jar:/home/runner/.m2/repository/javax/activation/activation/1.1.1/activation-1.1.1.jar:/home/runner/.m2/repository/io/grpc/grpc-protobuf/1.51.1/grpc-protobuf-1.51.1.jar:/home/runner/.m2/repository/com/google/api/grpc/proto-google-common-protos/2.9.0/proto-google-common-protos-2.9.0.jar:/home/runner/.m2/repository/io/grpc/grpc-protobuf-lite/1.51.1/grpc-protobuf-lite-1.51.1.jar:/home/runner/.m2/repository/io/grpc/grpc-stub/1.51.1/grpc-stub-1.51.1.jar:/home/runner/.m2/repository/io/netty/netty-transport/4.1.86.Final/netty-transport-4.1.86.Final.jar:/home/runner/.m2/repository/io/netty/netty-resolver/4.1.86.Final/netty-resolver-4.1.86.Final.jar:/home/runner/.m2/repository/org/apache/ozone/ozone-csi/1.4.0-SNAPSHOT/ozone-csi-1.4.0-SNAPSHOT.jar:/home/runner/.m2/repository/com/google/protobuf/protobuf-java-util/3.19.6/protobuf-java-util-3.19.6.jar:/home/runner/.m2/repository/com/google/code/gson/gson/2.9.0/gson-2.9.0.jar:/home/runner/.m2/repository/org/apache/ozone/hdds-config/1.4.0-SNAPSHOT/hdds-config-1.4.0-SNAPSHOT.jar:/home/runner/.m2/repository/io/netty/netty-transport-native-epoll/4.1.86.Final/netty-transport-native-epoll-4.1.86.Final-linux-x86_64.jar:/home/runner/.m2/repository/io/netty/netty-transport-classes-epoll/4.1.86.Final/netty-transport-classes-epoll-4.1.86.Final.jar:/home/runner/.m2/repository/io/netty/netty-transport-native-unix-common/4.1.86.Final/netty-transport-native-unix-common-4.1.86.Final.jar:/home/runner/.m2/repository/org/apache/ozone/ozone-recon/1.4.0-SNAPSHOT/ozone-recon-1.4.0-SNAPSHOT.jar:/home/runner/.m2/repository/org/apache/ozone/ozone-reconcodegen/1.4.0-SNAPSHOT/ozone-reconcodegen-1.4.0-SNAPSHOT.jar:/home/runner/.m2/repository/com/google/inject/guice/5.1.0/guice-5.1.0.jar:/home/runner/.m2/repository/aopalliance/aopalliance/1.0/aopalliance-1.0.jar:/home/runner/.m2/repository/com/google/inject/extensions/guice-assistedinject/5.1.0/guice-assistedinject-5.1.0.jar:/home/runner/.m2/repository/com/google/inject/extensions/guice-servlet/5.1.0/guice-servlet-5.1.0.jar:/home/runner/.m2/repository/org/glassfish/jersey/containers/jersey-container-servlet/2.34/jersey-container-servlet-2.34.jar:/home/runner/.m2/repository/org/glassfish/hk2/guice-bridge/2.5.0/guice-bridge-2.5.0.jar:/home/runner/.m2/repository/org/glassfish/jersey/core/jersey-server/2.34/jersey-server-2.34.jar:/home/runner/.m2/repository/org/glassfish/jersey/core/jersey-client/2.34/jersey-client-2.34.jar:/home/runner/.m2/repository/jakarta/annotation/jakarta.annotation-api/1.3.5/jakarta.annotation-api-1.3.5.jar:/home/runner/.m2/repository/jakarta/validation/jakarta.validation-api/2.0.2/jakarta.validation-api-2.0.2.jar:/home/runner/.m2/repository/org/glassfish/jersey/media/jersey-media-json-jackson/2.34/jersey-media-json-jackson-2.34.jar:/home/runner/.m2/repository/org/glassfish/jersey/ext/jersey-entity-filtering/2.34/jersey-entity-filtering-2.34.jar:/home/runner/.m2/repository/org/jooq/jooq/3.11.10/jooq-3.11.10.jar:/home/runner/.m2/repository/org/jooq/jooq-meta/3.11.10/jooq-meta-3.11.10.jar:/home/runner/.m2/repository/org/jooq/jooq-codegen/3.11.10/jooq-codegen-3.11.10.jar:/home/runner/.m2/repository/com/jolbox/bonecp/0.8.0.RELEASE/bonecp-0.8.0.RELEASE.jar:/home/runner/.m2/repository/org/apache/derby/derby/10.14.2.0/derby-10.14.2.0.jar:/home/runner/.m2/repository/org/xerial/sqlite-jdbc/3.41.2.2/sqlite-jdbc-3.41.2.2.jar:/home/runner/.m2/repository/org/springframework/spring-jdbc/5.3.27/spring-jdbc-5.3.27.jar:/home/runner/.m2/repository/org/springframework/spring-beans/5.3.27/spring-beans-5.3.27.jar:/home/runner/.m2/repository/org/springframework/spring-core/5.3.27/spring-core-5.3.27.jar:/home/runner/.m2/repository/org/springframework/spring-tx/5.3.27/spring-tx-5.3.27.jar:/home/runner/.m2/repository/org/apache/ozone/ozone-client/1.4.0-SNAPSHOT/ozone-client-1.4.0-SNAPSHOT.jar:/home/runner/.m2/repository/org/apache/ozone/hdds-erasurecode/1.4.0-SNAPSHOT/hdds-erasurecode-1.4.0-SNAPSHOT.jar:/home/runner/.m2/repository/org/apache/ozone/ozone-filesystem/1.4.0-SNAPSHOT/ozone-filesystem-1.4.0-SNAPSHOT.jar:/home/runner/.m2/repository/org/apache/ozone/ozone-filesystem-common/1.4.0-SNAPSHOT/ozone-filesystem-common-1.4.0-SNAPSHOT.jar:/home/runner/.m2/repository/org/apache/ozone/ozone-tools/1.4.0-SNAPSHOT/ozone-tools-1.4.0-SNAPSHOT.jar:/home/runner/.m2/repository/com/amazonaws/aws-java-sdk-core/1.12.261/aws-java-sdk-core-1.12.261.jar:/home/runner/.m2/repository/org/apache/httpcomponents/httpclient/4.5.13/httpclient-4.5.13.jar:/home/runner/.m2/repository/org/apache/httpcomponents/httpcore/4.4.13/httpcore-4.4.13.jar:/home/runner/.m2/repository/software/amazon/ion/ion-java/1.0.2/ion-java-1.0.2.jar:/home/runner/.m2/repository/com/fasterxml/jackson/dataformat/jackson-dataformat-cbor/2.13.4/jackson-dataformat-cbor-2.13.4.jar:/home/runner/.m2/repository/joda-time/joda-time/2.10.6/joda-time-2.10.6.jar:/home/runner/.m2/repository/com/amazonaws/aws-java-sdk-s3/1.12.261/aws-java-sdk-s3-1.12.261.jar:/home/runner/.m2/repository/com/amazonaws/aws-java-sdk-kms/1.12.261/aws-java-sdk-kms-1.12.261.jar:/home/runner/.m2/repository/com/amazonaws/jmespath-java/1.12.261/jmespath-java-1.12.261.jar:/home/runner/.m2/repository/org/kohsuke/metainf-services/metainf-services/1.8/metainf-services-1.8.jar:/home/runner/.m2/repository/org/apache/ozone/hdds-tools/1.4.0-SNAPSHOT/hdds-tools-1.4.0-SNAPSHOT.jar:/home/runner/.m2/repository/org/apache/ratis/ratis-tools/2.5.1/ratis-tools-2.5.1.jar:/home/runner/.m2/repository/commons-cli/commons-cli/1.2/commons-cli-1.2.jar:/home/runner/.m2/repository/org/apache/commons/commons-lang3/3.7/commons-lang3-3.7.jar:/home/runner/.m2/repository/org/apache/ozone/ozone-manager/1.4.0-SNAPSHOT/ozone-manager-1.4.0-SNAPSHOT-tests.jar:/home/runner/.m2/repository/org/apache/ozone/hdds-common/1.4.0-SNAPSHOT/hdds-common-1.4.0-SNAPSHOT-tests.jar:/home/runner/.m2/repository/org/apache/ozone/hdds-hadoop-dependency-client/1.4.0-SNAPSHOT/hdds-hadoop-dependency-client-1.4.0-SNAPSHOT.jar:/home/runner/.m2/repository/info/picocli/picocli/4.6.1/picocli-4.6.1.jar:/home/runner/.m2/repository/com/fasterxml/jackson/core/jackson-annotations/2.13.4/jackson-annotations-2.13.4.jar:/home/runner/.m2/repository/org/apache/ozone/hdds-annotation-processing/1.4.0-SNAPSHOT/hdds-annotation-processing-1.4.0-SNAPSHOT.jar:/home/runner/.m2/repository/javax/annotation/javax.annotation-api/1.2/javax.annotation-api-1.2.jar:/home/runner/.m2/repository/org/apache/ratis/ratis-netty/2.5.1/ratis-netty-2.5.1.jar:/home/runner/.m2/repository/org/apache/ratis/ratis-grpc/2.5.1/ratis-grpc-2.5.1.jar:/home/runner/.m2/repository/org/apache/logging/log4j/log4j-api/2.17.1/log4j-api-2.17.1.jar:/home/runner/.m2/repository/org/apache/commons/commons-pool2/2.6.0/commons-pool2-2.6.0.jar:/home/runner/.m2/repository/org/bouncycastle/bcpkix-jdk15on/1.67/bcpkix-jdk15on-1.67.jar:/home/runner/.m2/repository/commons-validator/commons-validator/1.6/commons-validator-1.6.jar:/home/runner/.m2/repository/commons-beanutils/commons-beanutils/1.9.4/commons-beanutils-1.9.4.jar:/home/runner/.m2/repository/commons-digester/commons-digester/1.8.1/commons-digester-1.8.1.jar:/home/runner/.m2/repository/commons-collections/commons-collections/3.2.2/commons-collections-3.2.2.jar:/home/runner/.m2/repository/io/jaegertracing/jaeger-client/1.6.0/jaeger-client-1.6.0.jar:/home/runner/.m2/repository/io/jaegertracing/jaeger-thrift/1.6.0/jaeger-thrift-1.6.0.jar:/home/runner/.m2/repository/org/apache/thrift/libthrift/0.14.1/libthrift-0.14.1.jar:/home/runner/.m2/repository/io/jaegertracing/jaeger-core/1.6.0/jaeger-core-1.6.0.jar:/home/runner/.m2/repository/io/jaegertracing/jaeger-tracerresolver/1.6.0/jaeger-tracerresolver-1.6.0.jar:/home/runner/.m2/repository/io/opentracing/contrib/opentracing-tracerresolver/0.1.8/opentracing-tracerresolver-0.1.8.jar:/home/runner/.m2/repository/org/jetbrains/kotlin/kotlin-stdlib/1.6.21/kotlin-stdlib-1.6.21.jar:/home/runner/.m2/repository/org/jetbrains/annotations/13.0/annotations-13.0.jar:/home/runner/.m2/repository/io/opentracing/opentracing-util/0.33.0/opentracing-util-0.33.0.jar:/home/runner/.m2/repository/io/opentracing/opentracing-api/0.33.0/opentracing-api-0.33.0.jar:/home/runner/.m2/repository/io/opentracing/opentracing-noop/0.33.0/opentracing-noop-0.33.0.jar:/home/runner/.m2/repository/org/yaml/snakeyaml/2.0/snakeyaml-2.0.jar:/home/runner/.m2/repository/io/grpc/grpc-api/1.51.1/grpc-api-1.51.1.jar:/home/runner/.m2/repository/io/grpc/grpc-context/1.51.1/grpc-context-1.51.1.jar:/home/runner/.m2/repository/junit/junit/4.13.1/junit-4.13.1.jar:/home/runner/.m2/repository/org/hamcrest/hamcrest-core/1.3/hamcrest-core-1.3.jar:/home/runner/.m2/repository/org/junit/jupiter/junit-jupiter-api/5.8.2/junit-jupiter-api-5.8.2.jar:/home/runner/.m2/repository/org/opentest4j/opentest4j/1.2.0/opentest4j-1.2.0.jar:/home/runner/.m2/repository/org/junit/platform/junit-platform-commons/1.8.2/junit-platform-commons-1.8.2.jar:/home/runner/.m2/repository/org/apiguardian/apiguardian-api/1.1.2/apiguardian-api-1.1.2.jar:/home/runner/.m2/repository/org/junit/jupiter/junit-jupiter-params/5.8.2/junit-jupiter-params-5.8.2.jar:/home/runner/.m2/repository/org/junit/jupiter/junit-jupiter-migrationsupport/5.8.2/junit-jupiter-migrationsupport-5.8.2.jar:/home/runner/.m2/repository/org/junit/jupiter/junit-jupiter-engine/5.8.2/junit-jupiter-engine-5.8.2.jar:/home/runner/.m2/repository/org/junit/platform/junit-platform-engine/1.8.2/junit-platform-engine-1.8.2.jar:/home/runner/.m2/repository/org/junit/vintage/junit-vintage-engine/5.8.2/junit-vintage-engine-5.8.2.jar:/home/runner/.m2/repository/org/junit/platform/junit-platform-launcher/1.8.2/junit-platform-launcher-1.8.2.jar:/home/runner/.m2/repository/org/mockito/mockito-core/3.5.9/mockito-core-3.5.9.jar:/home/runner/.m2/repository/net/bytebuddy/byte-buddy/1.10.13/byte-buddy-1.10.13.jar:/home/runner/.m2/repository/net/bytebuddy/byte-buddy-agent/1.10.13/byte-buddy-agent-1.10.13.jar:/home/runner/.m2/repository/org/objenesis/objenesis/1.0/objenesis-1.0.jar:/home/runner/.m2/repository/org/apache/hadoop/hadoop-kms/3.3.6/hadoop-kms-3.3.6.jar:/home/runner/.m2/repository/org/apache/hadoop/hadoop-auth/3.3.6/hadoop-auth-3.3.6.jar:/home/runner/.m2/repository/com/nimbusds/nimbus-jose-jwt/9.8.1/nimbus-jose-jwt-9.8.1.jar:/home/runner/.m2/repository/com/github/stephenc/jcip/jcip-annotations/1.0-1/jcip-annotations-1.0-1.jar:/home/runner/.m2/repository/org/apache/zookeeper/zookeeper/3.5.6/zookeeper-3.5.6.jar:/home/runner/.m2/repository/org/apache/zookeeper/zookeeper-jute/3.5.6/zookeeper-jute-3.5.6.jar:/home/runner/.m2/repository/org/apache/yetus/audience-annotations/0.5.0/audience-annotations-0.5.0.jar:/home/runner/.m2/repository/org/apache/curator/curator-framework/4.2.0/curator-framework-4.2.0.jar:/home/runner/.m2/repository/org/apache/hadoop/thirdparty/hadoop-shaded-guava/1.1.1/hadoop-shaded-guava-1.1.1.jar:/home/runner/.m2/repository/com/sun/jersey/jersey-core/1.19/jersey-core-1.19.jar:/home/runner/.m2/repository/javax/ws/rs/jsr311-api/1.1.1/jsr311-api-1.1.1.jar:/home/runner/.m2/repository/com/sun/jersey/jersey-server/1.19/jersey-server-1.19.jar:/home/runner/.m2/repository/javax/servlet/javax.servlet-api/3.1.0/javax.servlet-api-3.1.0.jar:/home/runner/.m2/repository/org/apache/hadoop/hadoop-common/3.3.6/hadoop-common-3.3.6.jar:/home/runner/.m2/repository/org/apache/commons/commons-math3/3.1.1/commons-math3-3.1.1.jar:/home/runner/.m2/repository/commons-net/commons-net/3.9.0/commons-net-3.9.0.jar:/home/runner/.m2/repository/com/sun/jersey/jersey-servlet/1.19/jersey-servlet-1.19.jar:/home/runner/.m2/repository/com/github/pjfanning/jersey-json/1.20/jersey-json-1.20.jar:/home/runner/.m2/repository/org/codehaus/jettison/jettison/1.1/jettison-1.1.jar:/home/runner/.m2/repository/com/sun/xml/bind/jaxb-impl/2.2.3-1/jaxb-impl-2.2.3-1.jar:/home/runner/.m2/repository/com/google/re2j/re2j/1.1/re2j-1.1.jar:/home/runner/.m2/repository/com/jcraft/jsch/0.1.54/jsch-0.1.54.jar:/home/runner/.m2/repository/org/apache/curator/curator-client/4.2.0/curator-client-4.2.0.jar:/home/runner/.m2/repository/org/apache/curator/curator-recipes/5.2.0/curator-recipes-5.2.0.jar:/home/runner/.m2/repository/org/apache/kerby/kerb-core/1.0.1/kerb-core-1.0.1.jar:/home/runner/.m2/repository/org/apache/kerby/kerby-pkix/1.0.1/kerby-pkix-1.0.1.jar:/home/runner/.m2/repository/org/apache/kerby/kerby-asn1/1.0.1/kerby-asn1-1.0.1.jar:/home/runner/.m2/repository/org/apache/kerby/kerby-util/1.0.1/kerby-util-1.0.1.jar:/home/runner/.m2/repository/dnsjava/dnsjava/2.1.7/dnsjava-2.1.7.jar:/home/runner/.m2/repository/org/xerial/snappy/snappy-java/1.1.8.2/snappy-java-1.1.8.2.jar:/home/runner/.m2/repository/com/fasterxml/jackson/core/jackson-databind/2.13.4.2/jackson-databind-2.13.4.2.jar:/home/runner/.m2/repository/org/apache/hadoop/hadoop-kms/3.3.6/hadoop-kms-3.3.6-tests.jar:/home/runner/.m2/repository/org/apache/ozone/hdds-server-scm/1.4.0-SNAPSHOT/hdds-server-scm-1.4.0-SNAPSHOT-tests.jar:/home/runner/.m2/repository/org/apache/ozone/hdds-container-service/1.4.0-SNAPSHOT/hdds-container-service-1.4.0-SNAPSHOT-tests.jar:/home/runner/.m2/repository/com/github/luben/zstd-jni/1.5.2-5/zstd-jni-1.5.2-5.jar:/home/runner/.m2/repository/commons-codec/commons-codec/1.15/commons-codec-1.15.jar:/home/runner/.m2/repository/io/netty/netty-codec/4.1.86.Final/netty-codec-4.1.86.Final.jar:/home/runner/.m2/repository/io/netty/netty-handler/4.1.86.Final/netty-handler-4.1.86.Final.jar:/home/runner/.m2/repository/org/apache/ozone/hdds-hadoop-dependency-test/1.4.0-SNAPSHOT/hdds-hadoop-dependency-test-1.4.0-SNAPSHOT.jar:/home/runner/.m2/repository/org/apache/hadoop/hadoop-common/3.3.6/hadoop-common-3.3.6-tests.jar:/home/runner/.m2/repository/org/apache/hadoop/hadoop-hdfs/3.3.6/hadoop-hdfs-3.3.6-tests.jar:/home/runner/.m2/repository/org/assertj/assertj-core/3.12.2/assertj-core-3.12.2.jar:/home/runner/.m2/repository/org/apache/hadoop/hadoop-distcp/3.3.6/hadoop-distcp-3.3.6.jar:/home/runner/.m2/repository/org/apache/hadoop/hadoop-mapreduce-client-jobclient/3.3.6/hadoop-mapreduce-client-jobclient-3.3.6.jar:/home/runner/.m2/repository/org/apache/hadoop/hadoop-mapreduce-client-common/3.3.6/hadoop-mapreduce-client-common-3.3.6.jar:/home/runner/.m2/repository/org/apache/hadoop/hadoop-yarn-common/3.3.6/hadoop-yarn-common-3.3.6.jar:/home/runner/.m2/repository/org/apache/hadoop/hadoop-yarn-api/3.3.6/hadoop-yarn-api-3.3.6.jar:/home/runner/.m2/repository/com/sun/jersey/contribs/jersey-guice/1.19/jersey-guice-1.19.jar:/home/runner/.m2/repository/com/fasterxml/jackson/jaxrs/jackson-jaxrs-json-provider/2.13.4/jackson-jaxrs-json-provider-2.13.4.jar:/home/runner/.m2/repository/com/fasterxml/jackson/jaxrs/jackson-jaxrs-base/2.13.4/jackson-jaxrs-base-2.13.4.jar:/home/runner/.m2/repository/org/apache/hadoop/hadoop-yarn-client/3.3.6/hadoop-yarn-client-3.3.6.jar:/home/runner/.m2/repository/org/eclipse/jetty/websocket/websocket-client/9.4.51.v20230217/websocket-client-9.4.51.v20230217.jar:/home/runner/.m2/repository/org/eclipse/jetty/websocket/websocket-common/9.4.51.v20230217/websocket-common-9.4.51.v20230217.jar:/home/runner/.m2/repository/org/eclipse/jetty/websocket/websocket-api/9.4.51.v20230217/websocket-api-9.4.51.v20230217.jar:/home/runner/.m2/repository/org/jline/jline/3.9.0/jline-3.9.0.jar:/home/runner/.m2/repository/org/apache/hadoop/hadoop-mapreduce-client-core/3.3.6/hadoop-mapreduce-client-core-3.3.6.jar:/home/runner/.m2/repository/org/apache/avro/avro/1.7.7/avro-1.7.7.jar:/home/runner/.m2/repository/com/thoughtworks/paranamer/paranamer/2.3/paranamer-2.3.jar:/home/runner/.m2/repository/org/apache/hadoop/hadoop-annotations/3.3.6/hadoop-annotations-3.3.6.jar:/usr/lib/jvm/temurin-8-jdk-amd64/jre/../lib/tools.jar:/home/runner/.m2/repository/io/netty/netty/3.10.6.Final/netty-3.10.6.Final.jar:/home/runner/.m2/repository/org/apache/hadoop/hadoop-distcp/3.3.6/hadoop-distcp-3.3.6-tests.jar:/home/runner/.m2/repository/org/slf4j/jul-to-slf4j/1.7.36/jul-to-slf4j-1.7.36.jar:"/>
    <property name="java.vm.vendor" value="Temurin"/>
    <property name="sun.arch.data.model" value="64"/>
    <property name="jceks.key.serialFilter" value="java.lang.Enum;java.security.KeyRep;java.security.KeyRep$Type;javax.crypto.spec.SecretKeySpec;org.apache.hadoop.crypto.key.JavaKeyStoreProvider$KeyMetadata;!*"/>
    <property name="test.build.dir" value="/home/runner/work/ozone/ozone/hadoop-ozone/integration-test/target/test-dir"/>
    <property name="test.cache.data" value=""/>
    <property name="java.vendor.url" value="https://adoptium.net/"/>
    <property name="user.timezone" value="Etc/UTC"/>
    <property name="os.name" value="Linux"/>
    <property name="java.vm.specification.version" value="1.8"/>
    <property name="test.build.data" value="/home/runner/work/ozone/ozone/hadoop-ozone/integration-test/target/test-dir"/>
    <property name="sun.java.launcher" value="SUN_STANDARD"/>
    <property name="sun.boot.library.path" value="/usr/lib/jvm/temurin-8-jdk-amd64/jre/lib/amd64"/>
    <property name="sun.java.command" value="/home/runner/work/ozone/ozone/hadoop-ozone/integration-test/target/surefire/surefirebooter6895217838330194475.jar /home/runner/work/ozone/ozone/hadoop-ozone/integration-test/target/surefire 2023-07-06T10-13-26_387-jvmRun1 surefire5010343818016461849tmp surefire_288622946751468839466tmp"/>
    <property name="native.lib.tmp.dir" value="/tmp"/>
    <property name="surefire.test.class.path" value="/home/runner/work/ozone/ozone/hadoop-ozone/integration-test/target/test-classes:/home/runner/work/ozone/ozone/hadoop-ozone/integration-test/target/classes:/home/runner/.m2/repository/org/apache/ozone/ozone-common/1.4.0-SNAPSHOT/ozone-common-1.4.0-SNAPSHOT.jar:/home/runner/.m2/repository/io/grpc/grpc-netty/1.51.1/grpc-netty-1.51.1.jar:/home/runner/.m2/repository/io/grpc/grpc-core/1.51.1/grpc-core-1.51.1.jar:/home/runner/.m2/repository/com/google/android/annotations/4.1.1.4/annotations-4.1.1.4.jar:/home/runner/.m2/repository/org/codehaus/mojo/animal-sniffer-annotations/1.21/animal-sniffer-annotations-1.21.jar:/home/runner/.m2/repository/com/google/errorprone/error_prone_annotations/2.2.0/error_prone_annotations-2.2.0.jar:/home/runner/.m2/repository/io/perfmark/perfmark-api/0.25.0/perfmark-api-0.25.0.jar:/home/runner/.m2/repository/io/netty/netty-codec-http2/4.1.86.Final/netty-codec-http2-4.1.86.Final.jar:/home/runner/.m2/repository/io/netty/netty-common/4.1.86.Final/netty-common-4.1.86.Final.jar:/home/runner/.m2/repository/io/netty/netty-buffer/4.1.86.Final/netty-buffer-4.1.86.Final.jar:/home/runner/.m2/repository/io/netty/netty-codec-http/4.1.86.Final/netty-codec-http-4.1.86.Final.jar:/home/runner/.m2/repository/io/netty/netty-handler-proxy/4.1.86.Final/netty-handler-proxy-4.1.86.Final.jar:/home/runner/.m2/repository/io/netty/netty-codec-socks/4.1.86.Final/netty-codec-socks-4.1.86.Final.jar:/home/runner/.m2/repository/io/netty/netty-tcnative-boringssl-static/2.0.54.Final/netty-tcnative-boringssl-static-2.0.54.Final.jar:/home/runner/.m2/repository/io/netty/netty-tcnative-classes/2.0.54.Final/netty-tcnative-classes-2.0.54.Final.jar:/home/runner/.m2/repository/io/netty/netty-tcnative-boringssl-static/2.0.54.Final/netty-tcnative-boringssl-static-2.0.54.Final-linux-x86_64.jar:/home/runner/.m2/repository/io/netty/netty-tcnative-boringssl-static/2.0.54.Final/netty-tcnative-boringssl-static-2.0.54.Final-linux-aarch_64.jar:/home/runner/.m2/repository/io/netty/netty-tcnative-boringssl-static/2.0.54.Final/netty-tcnative-boringssl-static-2.0.54.Final-osx-x86_64.jar:/home/runner/.m2/repository/io/netty/netty-tcnative-boringssl-static/2.0.54.Final/netty-tcnative-boringssl-static-2.0.54.Final-osx-aarch_64.jar:/home/runner/.m2/repository/io/netty/netty-tcnative-boringssl-static/2.0.54.Final/netty-tcnative-boringssl-static-2.0.54.Final-windows-x86_64.jar:/home/runner/.m2/repository/org/apache/commons/commons-compress/1.21/commons-compress-1.21.jar:/home/runner/.m2/repository/org/apache/ozone/hdds-common/1.4.0-SNAPSHOT/hdds-common-1.4.0-SNAPSHOT.jar:/home/runner/.m2/repository/org/apache/ozone/hdds-client/1.4.0-SNAPSHOT/hdds-client-1.4.0-SNAPSHOT.jar:/home/runner/.m2/repository/org/apache/ozone/ozone-interface-client/1.4.0-SNAPSHOT/ozone-interface-client-1.4.0-SNAPSHOT.jar:/home/runner/.m2/repository/org/apache/hadoop/hadoop-hdfs-client/3.3.6/hadoop-hdfs-client-3.3.6.jar:/home/runner/.m2/repository/com/squareup/okhttp3/okhttp/4.9.3/okhttp-4.9.3.jar:/home/runner/.m2/repository/com/squareup/okio/okio/2.8.0/okio-2.8.0.jar:/home/runner/.m2/repository/org/jetbrains/kotlin/kotlin-stdlib-common/1.6.21/kotlin-stdlib-common-1.6.21.jar:/home/runner/.m2/repository/org/apache/ozone/hdds-test-utils/1.4.0-SNAPSHOT/hdds-test-utils-1.4.0-SNAPSHOT.jar:/home/runner/.m2/repository/com/google/guava/guava/32.0.0-jre/guava-32.0.0-jre.jar:/home/runner/.m2/repository/com/google/guava/failureaccess/1.0.1/failureaccess-1.0.1.jar:/home/runner/.m2/repository/com/google/guava/listenablefuture/9999.0-empty-to-avoid-conflict-with-guava/listenablefuture-9999.0-empty-to-avoid-conflict-with-guava.jar:/home/runner/.m2/repository/com/google/code/findbugs/jsr305/3.0.0/jsr305-3.0.0.jar:/home/runner/.m2/repository/org/checkerframework/checker-qual/3.33.0/checker-qual-3.33.0.jar:/home/runner/.m2/repository/com/google/j2objc/j2objc-annotations/2.8/j2objc-annotations-2.8.jar:/home/runner/.m2/repository/commons-io/commons-io/2.11.0/commons-io-2.11.0.jar:/home/runner/.m2/repository/commons-logging/commons-logging/1.2/commons-logging-1.2.jar:/home/runner/.m2/repository/ch/qos/reload4j/reload4j/1.2.22/reload4j-1.2.22.jar:/home/runner/.m2/repository/org/slf4j/slf4j-api/1.7.36/slf4j-api-1.7.36.jar:/home/runner/.m2/repository/org/apache/ozone/hdds-server-scm/1.4.0-SNAPSHOT/hdds-server-scm-1.4.0-SNAPSHOT.jar:/home/runner/.m2/repository/org/apache/ozone/hdds-container-service/1.4.0-SNAPSHOT/hdds-container-service-1.4.0-SNAPSHOT.jar:/home/runner/.m2/repository/org/apache/ozone/hdds-hadoop-dependency-server/1.4.0-SNAPSHOT/hdds-hadoop-dependency-server-1.4.0-SNAPSHOT.jar:/home/runner/.m2/repository/org/apache/hadoop/hadoop-hdfs/3.3.6/hadoop-hdfs-3.3.6.jar:/home/runner/.m2/repository/commons-daemon/commons-daemon/1.0.13/commons-daemon-1.0.13.jar:/home/runner/.m2/repository/org/apache/ozone/hdds-server-framework/1.4.0-SNAPSHOT/hdds-server-framework-1.4.0-SNAPSHOT.jar:/home/runner/.m2/repository/io/dropwizard/metrics/metrics-core/3.2.4/metrics-core-3.2.4.jar:/home/runner/.m2/repository/org/apache/commons/commons-text/1.10.0/commons-text-1.10.0.jar:/home/runner/.m2/repository/org/bouncycastle/bcprov-jdk15on/1.67/bcprov-jdk15on-1.67.jar:/home/runner/.m2/repository/com/google/protobuf/protobuf-java/2.5.0/protobuf-java-2.5.0.jar:/home/runner/.m2/repository/org/apache/ozone/hdds-server-framework/1.4.0-SNAPSHOT/hdds-server-framework-1.4.0-SNAPSHOT-tests.jar:/home/runner/.m2/repository/org/apache/ozone/hdds-interface-server/1.4.0-SNAPSHOT/hdds-interface-server-1.4.0-SNAPSHOT.jar:/home/runner/.m2/repository/org/apache/ozone/hdds-interface-admin/1.4.0-SNAPSHOT/hdds-interface-admin-1.4.0-SNAPSHOT.jar:/home/runner/.m2/repository/org/apache/ozone/hdds-managed-rocksdb/1.4.0-SNAPSHOT/hdds-managed-rocksdb-1.4.0-SNAPSHOT.jar:/home/runner/.m2/repository/org/rocksdb/rocksdbjni/7.7.3/rocksdbjni-7.7.3.jar:/home/runner/.m2/repository/org/slf4j/slf4j-reload4j/1.7.36/slf4j-reload4j-1.7.36.jar:/home/runner/.m2/repository/org/apache/commons/commons-configuration2/2.1.1/commons-configuration2-2.1.1.jar:/home/runner/.m2/repository/commons-fileupload/commons-fileupload/1.5/commons-fileupload-1.5.jar:/home/runner/.m2/repository/org/apache/logging/log4j/log4j-core/2.17.1/log4j-core-2.17.1.jar:/home/runner/.m2/repository/com/lmax/disruptor/3.4.2/disruptor-3.4.2.jar:/home/runner/.m2/repository/org/eclipse/jetty/jetty-util/9.4.51.v20230217/jetty-util-9.4.51.v20230217.jar:/home/runner/.m2/repository/org/eclipse/jetty/jetty-server/9.4.51.v20230217/jetty-server-9.4.51.v20230217.jar:/home/runner/.m2/repository/org/eclipse/jetty/jetty-http/9.4.51.v20230217/jetty-http-9.4.51.v20230217.jar:/home/runner/.m2/repository/org/eclipse/jetty/jetty-io/9.4.51.v20230217/jetty-io-9.4.51.v20230217.jar:/home/runner/.m2/repository/org/eclipse/jetty/jetty-servlet/9.4.51.v20230217/jetty-servlet-9.4.51.v20230217.jar:/home/runner/.m2/repository/org/eclipse/jetty/jetty-security/9.4.51.v20230217/jetty-security-9.4.51.v20230217.jar:/home/runner/.m2/repository/org/eclipse/jetty/jetty-util-ajax/9.4.51.v20230217/jetty-util-ajax-9.4.51.v20230217.jar:/home/runner/.m2/repository/org/eclipse/jetty/jetty-webapp/9.4.51.v20230217/jetty-webapp-9.4.51.v20230217.jar:/home/runner/.m2/repository/org/eclipse/jetty/jetty-xml/9.4.51.v20230217/jetty-xml-9.4.51.v20230217.jar:/home/runner/.m2/repository/org/apache/ratis/ratis-server/2.5.1/ratis-server-2.5.1.jar:/home/runner/.m2/repository/org/apache/ratis/ratis-thirdparty-misc/1.0.4/ratis-thirdparty-misc-1.0.4.jar:/home/runner/.m2/repository/org/apache/ratis/ratis-proto/2.5.1/ratis-proto-2.5.1.jar:/home/runner/.m2/repository/org/apache/ratis/ratis-common/2.5.1/ratis-common-2.5.1.jar:/home/runner/.m2/repository/org/apache/ratis/ratis-client/2.5.1/ratis-client-2.5.1.jar:/home/runner/.m2/repository/org/apache/ratis/ratis-server-api/2.5.1/ratis-server-api-2.5.1.jar:/home/runner/.m2/repository/org/apache/ratis/ratis-metrics/2.5.1/ratis-metrics-2.5.1.jar:/home/runner/.m2/repository/io/prometheus/simpleclient_dropwizard/0.7.0/simpleclient_dropwizard-0.7.0.jar:/home/runner/.m2/repository/io/prometheus/simpleclient/0.7.0/simpleclient-0.7.0.jar:/home/runner/.m2/repository/io/prometheus/simpleclient_common/0.7.0/simpleclient_common-0.7.0.jar:/home/runner/.m2/repository/com/fasterxml/jackson/datatype/jackson-datatype-jsr310/2.13.4/jackson-datatype-jsr310-2.13.4.jar:/home/runner/.m2/repository/com/fasterxml/jackson/core/jackson-core/2.13.4/jackson-core-2.13.4.jar:/home/runner/.m2/repository/com/github/spotbugs/spotbugs-annotations/3.1.12/spotbugs-annotations-3.1.12.jar:/home/runner/.m2/repository/org/apache/ozone/rocksdb-checkpoint-differ/1.4.0-SNAPSHOT/rocksdb-checkpoint-differ-1.4.0-SNAPSHOT.jar:/home/runner/.m2/repository/org/awaitility/awaitility/4.2.0/awaitility-4.2.0.jar:/home/runner/.m2/repository/org/hamcrest/hamcrest/2.1/hamcrest-2.1.jar:/home/runner/.m2/repository/org/apache/ozone/ozone-manager/1.4.0-SNAPSHOT/ozone-manager-1.4.0-SNAPSHOT.jar:/home/runner/.m2/repository/org/aspectj/aspectjrt/1.9.7/aspectjrt-1.9.7.jar:/home/runner/.m2/repository/org/aspectj/aspectjweaver/1.9.7/aspectjweaver-1.9.7.jar:/home/runner/.m2/repository/org/apache/ozone/hdds-interface-client/1.4.0-SNAPSHOT/hdds-interface-client-1.4.0-SNAPSHOT.jar:/home/runner/.m2/repository/org/apache/hadoop/thirdparty/hadoop-shaded-protobuf_3_7/1.1.1/hadoop-shaded-protobuf_3_7-1.1.1.jar:/home/runner/.m2/repository/org/apache/ozone/ozone-interface-storage/1.4.0-SNAPSHOT/ozone-interface-storage-1.4.0-SNAPSHOT.jar:/home/runner/.m2/repository/org/reflections/reflections/0.9.11/reflections-0.9.11.jar:/home/runner/.m2/repository/com/sun/jersey/jersey-client/1.19/jersey-client-1.19.jar:/home/runner/.m2/repository/org/codehaus/jackson/jackson-core-asl/1.9.13/jackson-core-asl-1.9.13.jar:/home/runner/.m2/repository/org/codehaus/jackson/jackson-mapper-asl/1.9.13/jackson-mapper-asl-1.9.13.jar:/home/runner/.m2/repository/org/codehaus/jackson/jackson-jaxrs/1.9.13/jackson-jaxrs-1.9.13.jar:/home/runner/.m2/repository/org/apache/ranger/ranger-intg/2.3.0/ranger-intg-2.3.0.jar:/home/runner/.m2/repository/org/apache/ranger/ranger-plugins-common/2.3.0/ranger-plugins-common-2.3.0.jar:/home/runner/.m2/repository/commons-lang/commons-lang/2.6/commons-lang-2.6.jar:/home/runner/.m2/repository/org/apache/ranger/ranger-plugins-cred/2.3.0/ranger-plugins-cred-2.3.0.jar:/home/runner/.m2/repository/org/apache/ranger/ranger-plugins-audit/2.3.0/ranger-plugins-audit-2.3.0.jar:/home/runner/.m2/repository/org/eclipse/jetty/jetty-client/9.4.51.v20230217/jetty-client-9.4.51.v20230217.jar:/home/runner/.m2/repository/org/apache/httpcomponents/httpmime/4.5.6/httpmime-4.5.6.jar:/home/runner/.m2/repository/org/apache/httpcomponents/httpcore-nio/4.4.13/httpcore-nio-4.4.13.jar:/home/runner/.m2/repository/org/apache/httpcomponents/httpasyncclient/4.1.3/httpasyncclient-4.1.3.jar:/home/runner/.m2/repository/com/carrotsearch/hppc/0.8.0/hppc-0.8.0.jar:/home/runner/.m2/repository/org/apache/orc/orc-core/1.5.8/orc-core-1.5.8.jar:/home/runner/.m2/repository/net/java/dev/jna/jna/5.2.0/jna-5.2.0.jar:/home/runner/.m2/repository/net/java/dev/jna/jna-platform/5.2.0/jna-platform-5.2.0.jar:/home/runner/.m2/repository/com/kstruct/gethostname4j/0.0.2/gethostname4j-0.0.2.jar:/home/runner/.m2/repository/org/apache/ranger/ranger-plugin-classloader/2.3.0/ranger-plugin-classloader-2.3.0.jar:/home/runner/.m2/repository/org/apache/ozone/hdds-rocks-native/1.4.0-SNAPSHOT/hdds-rocks-native-1.4.0-SNAPSHOT.jar:/home/runner/.m2/repository/org/apache/hadoop/hadoop-minikdc/3.3.6/hadoop-minikdc-3.3.6.jar:/home/runner/.m2/repository/org/apache/kerby/kerb-simplekdc/1.0.1/kerb-simplekdc-1.0.1.jar:/home/runner/.m2/repository/org/apache/kerby/kerb-client/1.0.1/kerb-client-1.0.1.jar:/home/runner/.m2/repository/org/apache/kerby/kerby-config/1.0.1/kerby-config-1.0.1.jar:/home/runner/.m2/repository/org/apache/kerby/kerb-common/1.0.1/kerb-common-1.0.1.jar:/home/runner/.m2/repository/org/apache/kerby/kerb-crypto/1.0.1/kerb-crypto-1.0.1.jar:/home/runner/.m2/repository/org/apache/kerby/kerb-util/1.0.1/kerb-util-1.0.1.jar:/home/runner/.m2/repository/org/apache/kerby/token-provider/1.0.1/token-provider-1.0.1.jar:/home/runner/.m2/repository/org/apache/kerby/kerb-admin/1.0.1/kerb-admin-1.0.1.jar:/home/runner/.m2/repository/org/apache/kerby/kerb-server/1.0.1/kerb-server-1.0.1.jar:/home/runner/.m2/repository/org/apache/kerby/kerb-identity/1.0.1/kerb-identity-1.0.1.jar:/home/runner/.m2/repository/org/apache/kerby/kerby-xdr/1.0.1/kerby-xdr-1.0.1.jar:/home/runner/.m2/repository/org/apache/ozone/ozone-s3gateway/1.4.0-SNAPSHOT/ozone-s3gateway-1.4.0-SNAPSHOT.jar:/home/runner/.m2/repository/org/javassist/javassist/3.21.0-GA/javassist-3.21.0-GA.jar:/home/runner/.m2/repository/org/jboss/weld/servlet/weld-servlet-shaded/3.1.9.Final/weld-servlet-shaded-3.1.9.Final.jar:/home/runner/.m2/repository/org/glassfish/jersey/containers/jersey-container-servlet-core/2.34/jersey-container-servlet-core-2.34.jar:/home/runner/.m2/repository/org/glassfish/hk2/external/jakarta.inject/2.6.1/jakarta.inject-2.6.1.jar:/home/runner/.m2/repository/org/glassfish/jersey/core/jersey-common/2.34/jersey-common-2.34.jar:/home/runner/.m2/repository/jakarta/ws/rs/jakarta.ws.rs-api/2.1.6/jakarta.ws.rs-api-2.1.6.jar:/home/runner/.m2/repository/org/glassfish/jersey/ext/cdi/jersey-cdi1x/2.34/jersey-cdi1x-2.34.jar:/home/runner/.m2/repository/org/glassfish/jersey/inject/jersey-hk2/2.34/jersey-hk2-2.34.jar:/home/runner/.m2/repository/org/glassfish/hk2/hk2-locator/2.6.1/hk2-locator-2.6.1.jar:/home/runner/.m2/repository/org/glassfish/jersey/media/jersey-media-jaxb/2.34/jersey-media-jaxb-2.34.jar:/home/runner/.m2/repository/org/glassfish/hk2/osgi-resource-locator/1.0.3/osgi-resource-locator-1.0.3.jar:/home/runner/.m2/repository/org/glassfish/hk2/hk2-api/2.5.0/hk2-api-2.5.0.jar:/home/runner/.m2/repository/org/glassfish/hk2/hk2-utils/2.5.0/hk2-utils-2.5.0.jar:/home/runner/.m2/repository/org/glassfish/hk2/external/aopalliance-repackaged/2.5.0/aopalliance-repackaged-2.5.0.jar:/home/runner/.m2/repository/com/fasterxml/jackson/dataformat/jackson-dataformat-xml/2.13.4/jackson-dataformat-xml-2.13.4.jar:/home/runner/.m2/repository/org/codehaus/woodstox/stax2-api/4.2.1/stax2-api-4.2.1.jar:/home/runner/.m2/repository/com/fasterxml/woodstox/woodstox-core/5.4.0/woodstox-core-5.4.0.jar:/home/runner/.m2/repository/com/fasterxml/jackson/module/jackson-module-jaxb-annotations/2.13.4/jackson-module-jaxb-annotations-2.13.4.jar:/home/runner/.m2/repository/jakarta/xml/bind/jakarta.xml.bind-api/2.3.3/jakarta.xml.bind-api-2.3.3.jar:/home/runner/.m2/repository/jakarta/activation/jakarta.activation-api/1.2.2/jakarta.activation-api-1.2.2.jar:/home/runner/.m2/repository/javax/enterprise/cdi-api/2.0/cdi-api-2.0.jar:/home/runner/.m2/repository/javax/el/javax.el-api/3.0.0/javax.el-api-3.0.0.jar:/home/runner/.m2/repository/javax/interceptor/javax.interceptor-api/1.2/javax.interceptor-api-1.2.jar:/home/runner/.m2/repository/javax/inject/javax.inject/1/javax.inject-1.jar:/home/runner/.m2/repository/javax/xml/bind/jaxb-api/2.3.0/jaxb-api-2.3.0.jar:/home/runner/.m2/repository/org/glassfish/jaxb/jaxb-runtime/2.3.0.1/jaxb-runtime-2.3.0.1.jar:/home/runner/.m2/repository/org/glassfish/jaxb/jaxb-core/2.3.0.1/jaxb-core-2.3.0.1.jar:/home/runner/.m2/repository/org/glassfish/jaxb/txw2/2.3.0.1/txw2-2.3.0.1.jar:/home/runner/.m2/repository/com/sun/istack/istack-commons-runtime/3.0.5/istack-commons-runtime-3.0.5.jar:/home/runner/.m2/repository/org/jvnet/staxex/stax-ex/1.7.8/stax-ex-1.7.8.jar:/home/runner/.m2/repository/com/sun/xml/fastinfoset/FastInfoset/1.2.13/FastInfoset-1.2.13.jar:/home/runner/.m2/repository/javax/activation/activation/1.1.1/activation-1.1.1.jar:/home/runner/.m2/repository/io/grpc/grpc-protobuf/1.51.1/grpc-protobuf-1.51.1.jar:/home/runner/.m2/repository/com/google/api/grpc/proto-google-common-protos/2.9.0/proto-google-common-protos-2.9.0.jar:/home/runner/.m2/repository/io/grpc/grpc-protobuf-lite/1.51.1/grpc-protobuf-lite-1.51.1.jar:/home/runner/.m2/repository/io/grpc/grpc-stub/1.51.1/grpc-stub-1.51.1.jar:/home/runner/.m2/repository/io/netty/netty-transport/4.1.86.Final/netty-transport-4.1.86.Final.jar:/home/runner/.m2/repository/io/netty/netty-resolver/4.1.86.Final/netty-resolver-4.1.86.Final.jar:/home/runner/.m2/repository/org/apache/ozone/ozone-csi/1.4.0-SNAPSHOT/ozone-csi-1.4.0-SNAPSHOT.jar:/home/runner/.m2/repository/com/google/protobuf/protobuf-java-util/3.19.6/protobuf-java-util-3.19.6.jar:/home/runner/.m2/repository/com/google/code/gson/gson/2.9.0/gson-2.9.0.jar:/home/runner/.m2/repository/org/apache/ozone/hdds-config/1.4.0-SNAPSHOT/hdds-config-1.4.0-SNAPSHOT.jar:/home/runner/.m2/repository/io/netty/netty-transport-native-epoll/4.1.86.Final/netty-transport-native-epoll-4.1.86.Final-linux-x86_64.jar:/home/runner/.m2/repository/io/netty/netty-transport-classes-epoll/4.1.86.Final/netty-transport-classes-epoll-4.1.86.Final.jar:/home/runner/.m2/repository/io/netty/netty-transport-native-unix-common/4.1.86.Final/netty-transport-native-unix-common-4.1.86.Final.jar:/home/runner/.m2/repository/org/apache/ozone/ozone-recon/1.4.0-SNAPSHOT/ozone-recon-1.4.0-SNAPSHOT.jar:/home/runner/.m2/repository/org/apache/ozone/ozone-reconcodegen/1.4.0-SNAPSHOT/ozone-reconcodegen-1.4.0-SNAPSHOT.jar:/home/runner/.m2/repository/com/google/inject/guice/5.1.0/guice-5.1.0.jar:/home/runner/.m2/repository/aopalliance/aopalliance/1.0/aopalliance-1.0.jar:/home/runner/.m2/repository/com/google/inject/extensions/guice-assistedinject/5.1.0/guice-assistedinject-5.1.0.jar:/home/runner/.m2/repository/com/google/inject/extensions/guice-servlet/5.1.0/guice-servlet-5.1.0.jar:/home/runner/.m2/repository/org/glassfish/jersey/containers/jersey-container-servlet/2.34/jersey-container-servlet-2.34.jar:/home/runner/.m2/repository/org/glassfish/hk2/guice-bridge/2.5.0/guice-bridge-2.5.0.jar:/home/runner/.m2/repository/org/glassfish/jersey/core/jersey-server/2.34/jersey-server-2.34.jar:/home/runner/.m2/repository/org/glassfish/jersey/core/jersey-client/2.34/jersey-client-2.34.jar:/home/runner/.m2/repository/jakarta/annotation/jakarta.annotation-api/1.3.5/jakarta.annotation-api-1.3.5.jar:/home/runner/.m2/repository/jakarta/validation/jakarta.validation-api/2.0.2/jakarta.validation-api-2.0.2.jar:/home/runner/.m2/repository/org/glassfish/jersey/media/jersey-media-json-jackson/2.34/jersey-media-json-jackson-2.34.jar:/home/runner/.m2/repository/org/glassfish/jersey/ext/jersey-entity-filtering/2.34/jersey-entity-filtering-2.34.jar:/home/runner/.m2/repository/org/jooq/jooq/3.11.10/jooq-3.11.10.jar:/home/runner/.m2/repository/org/jooq/jooq-meta/3.11.10/jooq-meta-3.11.10.jar:/home/runner/.m2/repository/org/jooq/jooq-codegen/3.11.10/jooq-codegen-3.11.10.jar:/home/runner/.m2/repository/com/jolbox/bonecp/0.8.0.RELEASE/bonecp-0.8.0.RELEASE.jar:/home/runner/.m2/repository/org/apache/derby/derby/10.14.2.0/derby-10.14.2.0.jar:/home/runner/.m2/repository/org/xerial/sqlite-jdbc/3.41.2.2/sqlite-jdbc-3.41.2.2.jar:/home/runner/.m2/repository/org/springframework/spring-jdbc/5.3.27/spring-jdbc-5.3.27.jar:/home/runner/.m2/repository/org/springframework/spring-beans/5.3.27/spring-beans-5.3.27.jar:/home/runner/.m2/repository/org/springframework/spring-core/5.3.27/spring-core-5.3.27.jar:/home/runner/.m2/repository/org/springframework/spring-tx/5.3.27/spring-tx-5.3.27.jar:/home/runner/.m2/repository/org/apache/ozone/ozone-client/1.4.0-SNAPSHOT/ozone-client-1.4.0-SNAPSHOT.jar:/home/runner/.m2/repository/org/apache/ozone/hdds-erasurecode/1.4.0-SNAPSHOT/hdds-erasurecode-1.4.0-SNAPSHOT.jar:/home/runner/.m2/repository/org/apache/ozone/ozone-filesystem/1.4.0-SNAPSHOT/ozone-filesystem-1.4.0-SNAPSHOT.jar:/home/runner/.m2/repository/org/apache/ozone/ozone-filesystem-common/1.4.0-SNAPSHOT/ozone-filesystem-common-1.4.0-SNAPSHOT.jar:/home/runner/.m2/repository/org/apache/ozone/ozone-tools/1.4.0-SNAPSHOT/ozone-tools-1.4.0-SNAPSHOT.jar:/home/runner/.m2/repository/com/amazonaws/aws-java-sdk-core/1.12.261/aws-java-sdk-core-1.12.261.jar:/home/runner/.m2/repository/org/apache/httpcomponents/httpclient/4.5.13/httpclient-4.5.13.jar:/home/runner/.m2/repository/org/apache/httpcomponents/httpcore/4.4.13/httpcore-4.4.13.jar:/home/runner/.m2/repository/software/amazon/ion/ion-java/1.0.2/ion-java-1.0.2.jar:/home/runner/.m2/repository/com/fasterxml/jackson/dataformat/jackson-dataformat-cbor/2.13.4/jackson-dataformat-cbor-2.13.4.jar:/home/runner/.m2/repository/joda-time/joda-time/2.10.6/joda-time-2.10.6.jar:/home/runner/.m2/repository/com/amazonaws/aws-java-sdk-s3/1.12.261/aws-java-sdk-s3-1.12.261.jar:/home/runner/.m2/repository/com/amazonaws/aws-java-sdk-kms/1.12.261/aws-java-sdk-kms-1.12.261.jar:/home/runner/.m2/repository/com/amazonaws/jmespath-java/1.12.261/jmespath-java-1.12.261.jar:/home/runner/.m2/repository/org/kohsuke/metainf-services/metainf-services/1.8/metainf-services-1.8.jar:/home/runner/.m2/repository/org/apache/ozone/hdds-tools/1.4.0-SNAPSHOT/hdds-tools-1.4.0-SNAPSHOT.jar:/home/runner/.m2/repository/org/apache/ratis/ratis-tools/2.5.1/ratis-tools-2.5.1.jar:/home/runner/.m2/repository/commons-cli/commons-cli/1.2/commons-cli-1.2.jar:/home/runner/.m2/repository/org/apache/commons/commons-lang3/3.7/commons-lang3-3.7.jar:/home/runner/.m2/repository/org/apache/ozone/ozone-manager/1.4.0-SNAPSHOT/ozone-manager-1.4.0-SNAPSHOT-tests.jar:/home/runner/.m2/repository/org/apache/ozone/hdds-common/1.4.0-SNAPSHOT/hdds-common-1.4.0-SNAPSHOT-tests.jar:/home/runner/.m2/repository/org/apache/ozone/hdds-hadoop-dependency-client/1.4.0-SNAPSHOT/hdds-hadoop-dependency-client-1.4.0-SNAPSHOT.jar:/home/runner/.m2/repository/info/picocli/picocli/4.6.1/picocli-4.6.1.jar:/home/runner/.m2/repository/com/fasterxml/jackson/core/jackson-annotations/2.13.4/jackson-annotations-2.13.4.jar:/home/runner/.m2/repository/org/apache/ozone/hdds-annotation-processing/1.4.0-SNAPSHOT/hdds-annotation-processing-1.4.0-SNAPSHOT.jar:/home/runner/.m2/repository/javax/annotation/javax.annotation-api/1.2/javax.annotation-api-1.2.jar:/home/runner/.m2/repository/org/apache/ratis/ratis-netty/2.5.1/ratis-netty-2.5.1.jar:/home/runner/.m2/repository/org/apache/ratis/ratis-grpc/2.5.1/ratis-grpc-2.5.1.jar:/home/runner/.m2/repository/org/apache/logging/log4j/log4j-api/2.17.1/log4j-api-2.17.1.jar:/home/runner/.m2/repository/org/apache/commons/commons-pool2/2.6.0/commons-pool2-2.6.0.jar:/home/runner/.m2/repository/org/bouncycastle/bcpkix-jdk15on/1.67/bcpkix-jdk15on-1.67.jar:/home/runner/.m2/repository/commons-validator/commons-validator/1.6/commons-validator-1.6.jar:/home/runner/.m2/repository/commons-beanutils/commons-beanutils/1.9.4/commons-beanutils-1.9.4.jar:/home/runner/.m2/repository/commons-digester/commons-digester/1.8.1/commons-digester-1.8.1.jar:/home/runner/.m2/repository/commons-collections/commons-collections/3.2.2/commons-collections-3.2.2.jar:/home/runner/.m2/repository/io/jaegertracing/jaeger-client/1.6.0/jaeger-client-1.6.0.jar:/home/runner/.m2/repository/io/jaegertracing/jaeger-thrift/1.6.0/jaeger-thrift-1.6.0.jar:/home/runner/.m2/repository/org/apache/thrift/libthrift/0.14.1/libthrift-0.14.1.jar:/home/runner/.m2/repository/io/jaegertracing/jaeger-core/1.6.0/jaeger-core-1.6.0.jar:/home/runner/.m2/repository/io/jaegertracing/jaeger-tracerresolver/1.6.0/jaeger-tracerresolver-1.6.0.jar:/home/runner/.m2/repository/io/opentracing/contrib/opentracing-tracerresolver/0.1.8/opentracing-tracerresolver-0.1.8.jar:/home/runner/.m2/repository/org/jetbrains/kotlin/kotlin-stdlib/1.6.21/kotlin-stdlib-1.6.21.jar:/home/runner/.m2/repository/org/jetbrains/annotations/13.0/annotations-13.0.jar:/home/runner/.m2/repository/io/opentracing/opentracing-util/0.33.0/opentracing-util-0.33.0.jar:/home/runner/.m2/repository/io/opentracing/opentracing-api/0.33.0/opentracing-api-0.33.0.jar:/home/runner/.m2/repository/io/opentracing/opentracing-noop/0.33.0/opentracing-noop-0.33.0.jar:/home/runner/.m2/repository/org/yaml/snakeyaml/2.0/snakeyaml-2.0.jar:/home/runner/.m2/repository/io/grpc/grpc-api/1.51.1/grpc-api-1.51.1.jar:/home/runner/.m2/repository/io/grpc/grpc-context/1.51.1/grpc-context-1.51.1.jar:/home/runner/.m2/repository/junit/junit/4.13.1/junit-4.13.1.jar:/home/runner/.m2/repository/org/hamcrest/hamcrest-core/1.3/hamcrest-core-1.3.jar:/home/runner/.m2/repository/org/junit/jupiter/junit-jupiter-api/5.8.2/junit-jupiter-api-5.8.2.jar:/home/runner/.m2/repository/org/opentest4j/opentest4j/1.2.0/opentest4j-1.2.0.jar:/home/runner/.m2/repository/org/junit/platform/junit-platform-commons/1.8.2/junit-platform-commons-1.8.2.jar:/home/runner/.m2/repository/org/apiguardian/apiguardian-api/1.1.2/apiguardian-api-1.1.2.jar:/home/runner/.m2/repository/org/junit/jupiter/junit-jupiter-params/5.8.2/junit-jupiter-params-5.8.2.jar:/home/runner/.m2/repository/org/junit/jupiter/junit-jupiter-migrationsupport/5.8.2/junit-jupiter-migrationsupport-5.8.2.jar:/home/runner/.m2/repository/org/junit/jupiter/junit-jupiter-engine/5.8.2/junit-jupiter-engine-5.8.2.jar:/home/runner/.m2/repository/org/junit/platform/junit-platform-engine/1.8.2/junit-platform-engine-1.8.2.jar:/home/runner/.m2/repository/org/junit/vintage/junit-vintage-engine/5.8.2/junit-vintage-engine-5.8.2.jar:/home/runner/.m2/repository/org/junit/platform/junit-platform-launcher/1.8.2/junit-platform-launcher-1.8.2.jar:/home/runner/.m2/repository/org/mockito/mockito-core/3.5.9/mockito-core-3.5.9.jar:/home/runner/.m2/repository/net/bytebuddy/byte-buddy/1.10.13/byte-buddy-1.10.13.jar:/home/runner/.m2/repository/net/bytebuddy/byte-buddy-agent/1.10.13/byte-buddy-agent-1.10.13.jar:/home/runner/.m2/repository/org/objenesis/objenesis/1.0/objenesis-1.0.jar:/home/runner/.m2/repository/org/apache/hadoop/hadoop-kms/3.3.6/hadoop-kms-3.3.6.jar:/home/runner/.m2/repository/org/apache/hadoop/hadoop-auth/3.3.6/hadoop-auth-3.3.6.jar:/home/runner/.m2/repository/com/nimbusds/nimbus-jose-jwt/9.8.1/nimbus-jose-jwt-9.8.1.jar:/home/runner/.m2/repository/com/github/stephenc/jcip/jcip-annotations/1.0-1/jcip-annotations-1.0-1.jar:/home/runner/.m2/repository/org/apache/zookeeper/zookeeper/3.5.6/zookeeper-3.5.6.jar:/home/runner/.m2/repository/org/apache/zookeeper/zookeeper-jute/3.5.6/zookeeper-jute-3.5.6.jar:/home/runner/.m2/repository/org/apache/yetus/audience-annotations/0.5.0/audience-annotations-0.5.0.jar:/home/runner/.m2/repository/org/apache/curator/curator-framework/4.2.0/curator-framework-4.2.0.jar:/home/runner/.m2/repository/org/apache/hadoop/thirdparty/hadoop-shaded-guava/1.1.1/hadoop-shaded-guava-1.1.1.jar:/home/runner/.m2/repository/com/sun/jersey/jersey-core/1.19/jersey-core-1.19.jar:/home/runner/.m2/repository/javax/ws/rs/jsr311-api/1.1.1/jsr311-api-1.1.1.jar:/home/runner/.m2/repository/com/sun/jersey/jersey-server/1.19/jersey-server-1.19.jar:/home/runner/.m2/repository/javax/servlet/javax.servlet-api/3.1.0/javax.servlet-api-3.1.0.jar:/home/runner/.m2/repository/org/apache/hadoop/hadoop-common/3.3.6/hadoop-common-3.3.6.jar:/home/runner/.m2/repository/org/apache/commons/commons-math3/3.1.1/commons-math3-3.1.1.jar:/home/runner/.m2/repository/commons-net/commons-net/3.9.0/commons-net-3.9.0.jar:/home/runner/.m2/repository/com/sun/jersey/jersey-servlet/1.19/jersey-servlet-1.19.jar:/home/runner/.m2/repository/com/github/pjfanning/jersey-json/1.20/jersey-json-1.20.jar:/home/runner/.m2/repository/org/codehaus/jettison/jettison/1.1/jettison-1.1.jar:/home/runner/.m2/repository/com/sun/xml/bind/jaxb-impl/2.2.3-1/jaxb-impl-2.2.3-1.jar:/home/runner/.m2/repository/com/google/re2j/re2j/1.1/re2j-1.1.jar:/home/runner/.m2/repository/com/jcraft/jsch/0.1.54/jsch-0.1.54.jar:/home/runner/.m2/repository/org/apache/curator/curator-client/4.2.0/curator-client-4.2.0.jar:/home/runner/.m2/repository/org/apache/curator/curator-recipes/5.2.0/curator-recipes-5.2.0.jar:/home/runner/.m2/repository/org/apache/kerby/kerb-core/1.0.1/kerb-core-1.0.1.jar:/home/runner/.m2/repository/org/apache/kerby/kerby-pkix/1.0.1/kerby-pkix-1.0.1.jar:/home/runner/.m2/repository/org/apache/kerby/kerby-asn1/1.0.1/kerby-asn1-1.0.1.jar:/home/runner/.m2/repository/org/apache/kerby/kerby-util/1.0.1/kerby-util-1.0.1.jar:/home/runner/.m2/repository/dnsjava/dnsjava/2.1.7/dnsjava-2.1.7.jar:/home/runner/.m2/repository/org/xerial/snappy/snappy-java/1.1.8.2/snappy-java-1.1.8.2.jar:/home/runner/.m2/repository/com/fasterxml/jackson/core/jackson-databind/2.13.4.2/jackson-databind-2.13.4.2.jar:/home/runner/.m2/repository/org/apache/hadoop/hadoop-kms/3.3.6/hadoop-kms-3.3.6-tests.jar:/home/runner/.m2/repository/org/apache/ozone/hdds-server-scm/1.4.0-SNAPSHOT/hdds-server-scm-1.4.0-SNAPSHOT-tests.jar:/home/runner/.m2/repository/org/apache/ozone/hdds-container-service/1.4.0-SNAPSHOT/hdds-container-service-1.4.0-SNAPSHOT-tests.jar:/home/runner/.m2/repository/com/github/luben/zstd-jni/1.5.2-5/zstd-jni-1.5.2-5.jar:/home/runner/.m2/repository/commons-codec/commons-codec/1.15/commons-codec-1.15.jar:/home/runner/.m2/repository/io/netty/netty-codec/4.1.86.Final/netty-codec-4.1.86.Final.jar:/home/runner/.m2/repository/io/netty/netty-handler/4.1.86.Final/netty-handler-4.1.86.Final.jar:/home/runner/.m2/repository/org/apache/ozone/hdds-hadoop-dependency-test/1.4.0-SNAPSHOT/hdds-hadoop-dependency-test-1.4.0-SNAPSHOT.jar:/home/runner/.m2/repository/org/apache/hadoop/hadoop-common/3.3.6/hadoop-common-3.3.6-tests.jar:/home/runner/.m2/repository/org/apache/hadoop/hadoop-hdfs/3.3.6/hadoop-hdfs-3.3.6-tests.jar:/home/runner/.m2/repository/org/assertj/assertj-core/3.12.2/assertj-core-3.12.2.jar:/home/runner/.m2/repository/org/apache/hadoop/hadoop-distcp/3.3.6/hadoop-distcp-3.3.6.jar:/home/runner/.m2/repository/org/apache/hadoop/hadoop-mapreduce-client-jobclient/3.3.6/hadoop-mapreduce-client-jobclient-3.3.6.jar:/home/runner/.m2/repository/org/apache/hadoop/hadoop-mapreduce-client-common/3.3.6/hadoop-mapreduce-client-common-3.3.6.jar:/home/runner/.m2/repository/org/apache/hadoop/hadoop-yarn-common/3.3.6/hadoop-yarn-common-3.3.6.jar:/home/runner/.m2/repository/org/apache/hadoop/hadoop-yarn-api/3.3.6/hadoop-yarn-api-3.3.6.jar:/home/runner/.m2/repository/com/sun/jersey/contribs/jersey-guice/1.19/jersey-guice-1.19.jar:/home/runner/.m2/repository/com/fasterxml/jackson/jaxrs/jackson-jaxrs-json-provider/2.13.4/jackson-jaxrs-json-provider-2.13.4.jar:/home/runner/.m2/repository/com/fasterxml/jackson/jaxrs/jackson-jaxrs-base/2.13.4/jackson-jaxrs-base-2.13.4.jar:/home/runner/.m2/repository/org/apache/hadoop/hadoop-yarn-client/3.3.6/hadoop-yarn-client-3.3.6.jar:/home/runner/.m2/repository/org/eclipse/jetty/websocket/websocket-client/9.4.51.v20230217/websocket-client-9.4.51.v20230217.jar:/home/runner/.m2/repository/org/eclipse/jetty/websocket/websocket-common/9.4.51.v20230217/websocket-common-9.4.51.v20230217.jar:/home/runner/.m2/repository/org/eclipse/jetty/websocket/websocket-api/9.4.51.v20230217/websocket-api-9.4.51.v20230217.jar:/home/runner/.m2/repository/org/jline/jline/3.9.0/jline-3.9.0.jar:/home/runner/.m2/repository/org/apache/hadoop/hadoop-mapreduce-client-core/3.3.6/hadoop-mapreduce-client-core-3.3.6.jar:/home/runner/.m2/repository/org/apache/avro/avro/1.7.7/avro-1.7.7.jar:/home/runner/.m2/repository/com/thoughtworks/paranamer/paranamer/2.3/paranamer-2.3.jar:/home/runner/.m2/repository/org/apache/hadoop/hadoop-annotations/3.3.6/hadoop-annotations-3.3.6.jar:/usr/lib/jvm/temurin-8-jdk-amd64/jre/../lib/tools.jar:/home/runner/.m2/repository/io/netty/netty/3.10.6.Final/netty-3.10.6.Final.jar:/home/runner/.m2/repository/org/apache/hadoop/hadoop-distcp/3.3.6/hadoop-distcp-3.3.6-tests.jar:/home/runner/.m2/repository/org/slf4j/jul-to-slf4j/1.7.36/jul-to-slf4j-1.7.36.jar:"/>
    <property name="sun.cpu.endian" value="little"/>
    <property name="user.home" value="/home/runner"/>
    <property name="user.language" value="en"/>
    <property name="java.specification.vendor" value="Oracle Corporation"/>
    <property name="java.home" value="/usr/lib/jvm/temurin-8-jdk-amd64/jre"/>
    <property name="java.security.krb5.conf" value="/home/runner/work/ozone/ozone/hadoop-ozone/integration-test/target/test-classes/krb5.conf"/>
    <property name="file.separator" value="/"/>
    <property name="basedir" value="/home/runner/work/ozone/ozone/hadoop-ozone/integration-test"/>
    <property name="line.separator" value="&#10;"/>
    <property name="java.vm.specification.vendor" value="Oracle Corporation"/>
    <property name="java.specification.name" value="Java Platform API Specification"/>
    <property name="skip.installnpx" value="true"/>
    <property name="java.awt.graphicsenv" value="sun.awt.X11GraphicsEnvironment"/>
    <property name="surefire.real.class.path" value="/home/runner/work/ozone/ozone/hadoop-ozone/integration-test/target/surefire/surefirebooter6895217838330194475.jar:/home/runner/.m2/repository/org/jacoco/org.jacoco.agent/0.8.5/org.jacoco.agent-0.8.5-runtime.jar"/>
    <property name="sun.boot.class.path" value="/usr/lib/jvm/temurin-8-jdk-amd64/jre/lib/resources.jar:/usr/lib/jvm/temurin-8-jdk-amd64/jre/lib/rt.jar:/usr/lib/jvm/temurin-8-jdk-amd64/jre/lib/sunrsasign.jar:/usr/lib/jvm/temurin-8-jdk-amd64/jre/lib/jsse.jar:/usr/lib/jvm/temurin-8-jdk-amd64/jre/lib/jce.jar:/usr/lib/jvm/temurin-8-jdk-amd64/jre/lib/charsets.jar:/usr/lib/jvm/temurin-8-jdk-amd64/jre/lib/jfr.jar:/usr/lib/jvm/temurin-8-jdk-amd64/jre/classes"/>
    <property name="hadoop.log.dir" value="/home/runner/work/ozone/ozone/hadoop-ozone/integration-test/target/log"/>
    <property name="sun.management.compiler" value="HotSpot 64-Bit Tiered Compilers"/>
    <property name="java.runtime.version" value="1.8.0_372-b07"/>
    <property name="skip.npx" value="true"/>
    <property name="user.name" value="runner"/>
    <property name="java.net.preferIPv4Stack" value="true"/>
    <property name="path.separator" value=":"/>
    <property name="java.security.egd" value="file:///dev/urandom"/>
    <property name="os.version" value="5.15.0-1041-azure"/>
    <property name="java.endorsed.dirs" value="/usr/lib/jvm/temurin-8-jdk-amd64/jre/lib/endorsed"/>
    <property name="java.runtime.name" value="OpenJDK Runtime Environment"/>
    <property name="file.encoding" value="UTF-8"/>
    <property name="java.vm.name" value="OpenJDK 64-Bit Server VM"/>
    <property name="test.build.webapps" value=""/>
    <property name="log4j1.compatibility" value="true"/>
    <property name="localRepository" value="/home/runner/.m2/repository"/>
    <property name="jetty.git.hash" value="b45c405e4544384de066f814ed42ae3dceacdd49"/>
    <property name="java.vendor.url.bug" value="https://github.com/adoptium/adoptium-support/issues"/>
    <property name="require.test.libhadoop" value=""/>
    <property name="java.io.tmpdir" value="/tmp"/>
    <property name="java.version" value="1.8.0_372"/>
    <property name="user.dir" value="/home/runner/work/ozone/ozone/hadoop-ozone/integration-test"/>
    <property name="os.arch" value="amd64"/>
    <property name="test.build.classes" value="/home/runner/work/ozone/ozone/hadoop-ozone/integration-test/target/test-classes"/>
    <property name="java.vm.specification.name" value="Java Virtual Machine Specification"/>
    <property name="java.awt.printerjob" value="sun.print.PSPrinterJob"/>
    <property name="sun.os.patch.level" value="unknown"/>
    <property name="org.apache.ratis.thirdparty.io.netty.allocator.useCacheForAllThreads" value="false"/>
    <property name="hadoop.tmp.dir" value="/home/runner/work/ozone/ozone/hadoop-ozone/integration-test/target/tmp"/>
    <property name="java.library.path" value="/usr/java/packages/lib/amd64:/usr/lib64:/lib64:/lib:/usr/lib"/>
    <property name="java.vendor" value="Temurin"/>
    <property name="java.vm.info" value="mixed mode"/>
    <property name="java.vm.version" value="25.372-b07"/>
    <property name="java.specification.maintenance.version" value="4"/>
    <property name="sun.io.unicode.encoding" value="UnicodeLittle"/>
    <property name="java.ext.dirs" value="/usr/lib/jvm/temurin-8-jdk-amd64/jre/lib/ext:/usr/java/packages/lib/ext"/>
    <property name="java.class.version" value="52.0"/>
    <property name="kms.config.dir" value="/home/runner/work/ozone/ozone/hadoop-ozone/integration-test/target/test-dir/TestSecureOzoneRpcClient/e88070b2-b8f9-45f2-bef4-07d82612aae0"/>
  </properties>
  <testcase name="testPutKeyWithEncryption" classname="TestOzoneAtRestEncryption" time="2.847">
    <error type="org.apache.hadoop.hdds.scm.container.common.helpers.StorageContainerException"><![CDATA[org.apache.hadoop.hdds.scm.container.common.helpers.StorageContainerException: Unable to find the block with bcsID 3 .Container 2 bcsId is 1.
	at org.apache.hadoop.hdds.scm.storage.ContainerProtocolCalls.validateContainerResponse(ContainerProtocolCalls.java:707)
	at org.apache.hadoop.hdds.scm.storage.ContainerProtocolCalls.lambda$createValidators$4(ContainerProtocolCalls.java:718)
	at org.apache.hadoop.hdds.scm.XceiverClientGrpc.sendCommandWithRetry(XceiverClientGrpc.java:407)
	at org.apache.hadoop.hdds.scm.XceiverClientGrpc.lambda$sendCommandWithTraceIDAndRetry$0(XceiverClientGrpc.java:347)
	at org.apache.hadoop.hdds.tracing.TracingUtil.executeInSpan(TracingUtil.java:169)
	at org.apache.hadoop.hdds.tracing.TracingUtil.executeInNewSpan(TracingUtil.java:149)
	at org.apache.hadoop.hdds.scm.XceiverClientGrpc.sendCommandWithTraceIDAndRetry(XceiverClientGrpc.java:342)
	at org.apache.hadoop.hdds.scm.XceiverClientGrpc.sendCommand(XceiverClientGrpc.java:323)
	at org.apache.hadoop.hdds.scm.storage.ContainerProtocolCalls.getBlock(ContainerProtocolCalls.java:208)
	at org.apache.hadoop.hdds.scm.storage.ContainerProtocolCalls.lambda$getBlock$0(ContainerProtocolCalls.java:186)
	at org.apache.hadoop.hdds.scm.storage.ContainerProtocolCalls.tryEachDatanode(ContainerProtocolCalls.java:146)
	at org.apache.hadoop.hdds.scm.storage.ContainerProtocolCalls.getBlock(ContainerProtocolCalls.java:185)
	at org.apache.hadoop.hdds.scm.storage.BlockInputStream.getChunkInfos(BlockInputStream.java:255)
	at org.apache.hadoop.hdds.scm.storage.BlockInputStream.initialize(BlockInputStream.java:146)
	at org.apache.hadoop.hdds.scm.storage.BlockInputStream.readWithStrategy(BlockInputStream.java:308)
	at org.apache.hadoop.hdds.scm.storage.ExtendedInputStream.read(ExtendedInputStream.java:66)
	at org.apache.hadoop.hdds.scm.storage.ByteBufferReader.readFromBlock(ByteBufferReader.java:56)
	at org.apache.hadoop.hdds.scm.storage.MultipartInputStream.readWithStrategy(MultipartInputStream.java:96)
	at org.apache.hadoop.hdds.scm.storage.ExtendedInputStream.read(ExtendedInputStream.java:66)
	at org.apache.hadoop.crypto.CryptoInputStream.read(CryptoInputStream.java:189)
	at org.apache.hadoop.ozone.client.io.OzoneInputStream.read(OzoneInputStream.java:56)
	at java.io.InputStream.read(InputStream.java:101)
	at org.apache.hadoop.ozone.client.rpc.TestOzoneAtRestEncryption.verifyKeyData(TestOzoneAtRestEncryption.java:280)
	at org.apache.hadoop.ozone.client.rpc.TestOzoneAtRestEncryption.createAndVerifyStreamKeyData(TestOzoneAtRestEncryption.java:249)
	at org.apache.hadoop.ozone.client.rpc.TestOzoneAtRestEncryption.testPutKeyWithEncryption(TestOzoneAtRestEncryption.java:217)
	at sun.reflect.NativeMethodAccessorImpl.invoke0(Native Method)
	at sun.reflect.NativeMethodAccessorImpl.invoke(NativeMethodAccessorImpl.java:62)
	at sun.reflect.DelegatingMethodAccessorImpl.invoke(DelegatingMethodAccessorImpl.java:43)
	at java.lang.reflect.Method.invoke(Method.java:498)
	at org.junit.runners.model.FrameworkMethod$1.runReflectiveCall(FrameworkMethod.java:59)
	at org.junit.internal.runners.model.ReflectiveCallable.run(ReflectiveCallable.java:12)
	at org.junit.runners.model.FrameworkMethod.invokeExplosively(FrameworkMethod.java:56)
	at org.junit.internal.runners.statements.InvokeMethod.evaluate(InvokeMethod.java:17)
	at org.junit.runners.ParentRunner$3.evaluate(ParentRunner.java:306)
	at org.junit.runners.BlockJUnit4ClassRunner$1.evaluate(BlockJUnit4ClassRunner.java:100)
	at org.junit.runners.ParentRunner.runLeaf(ParentRunner.java:366)
	at org.junit.runners.BlockJUnit4ClassRunner.runChild(BlockJUnit4ClassRunner.java:103)
	at org.junit.runners.BlockJUnit4ClassRunner.runChild(BlockJUnit4ClassRunner.java:63)
	at org.junit.runners.ParentRunner$4.run(ParentRunner.java:331)
	at org.junit.runners.ParentRunner$1.schedule(ParentRunner.java:79)
	at org.junit.runners.ParentRunner.runChildren(ParentRunner.java:329)
	at org.junit.runners.ParentRunner.access$100(ParentRunner.java:66)
	at org.junit.runners.ParentRunner$2.evaluate(ParentRunner.java:293)
	at org.junit.runners.ParentRunner.run(ParentRunner.java:413)
	at org.junit.runners.Suite.runChild(Suite.java:128)
	at org.junit.runners.Suite.runChild(Suite.java:27)
	at org.junit.runners.ParentRunner$4.run(ParentRunner.java:331)
	at org.junit.runners.ParentRunner$1.schedule(ParentRunner.java:79)
	at org.junit.runners.ParentRunner.runChildren(ParentRunner.java:329)
	at org.junit.runners.ParentRunner.access$100(ParentRunner.java:66)
	at org.junit.runners.ParentRunner$2.evaluate(ParentRunner.java:293)
	at org.junit.internal.runners.statements.RunBefores.evaluate(RunBefores.java:26)
	at org.junit.internal.runners.statements.RunAfters.evaluate(RunAfters.java:27)
	at org.junit.runners.ParentRunner$3.evaluate(ParentRunner.java:306)
	at org.junit.runners.ParentRunner.run(ParentRunner.java:413)
	at org.junit.runner.JUnitCore.run(JUnitCore.java:137)
	at org.junit.runner.JUnitCore.run(JUnitCore.java:115)
	at org.junit.vintage.engine.execution.RunnerExecutor.execute(RunnerExecutor.java:42)
	at org.junit.vintage.engine.VintageTestEngine.executeAllChildren(VintageTestEngine.java:80)
	at org.junit.vintage.engine.VintageTestEngine.execute(VintageTestEngine.java:72)
	at org.junit.platform.launcher.core.EngineExecutionOrchestrator.execute(EngineExecutionOrchestrator.java:107)
	at org.junit.platform.launcher.core.EngineExecutionOrchestrator.execute(EngineExecutionOrchestrator.java:88)
	at org.junit.platform.launcher.core.EngineExecutionOrchestrator.lambda$execute$0(EngineExecutionOrchestrator.java:54)
	at org.junit.platform.launcher.core.EngineExecutionOrchestrator.withInterceptedStreams(EngineExecutionOrchestrator.java:67)
	at org.junit.platform.launcher.core.EngineExecutionOrchestrator.execute(EngineExecutionOrchestrator.java:52)
	at org.junit.platform.launcher.core.DefaultLauncher.execute(DefaultLauncher.java:114)
	at org.junit.platform.launcher.core.DefaultLauncher.execute(DefaultLauncher.java:86)
	at org.junit.platform.launcher.core.DefaultLauncherSession$DelegatingLauncher.execute(DefaultLauncherSession.java:86)
	at org.junit.platform.launcher.core.SessionPerRequestLauncher.execute(SessionPerRequestLauncher.java:53)
	at org.apache.maven.surefire.junitplatform.JUnitPlatformProvider.execute(JUnitPlatformProvider.java:188)
	at org.apache.maven.surefire.junitplatform.JUnitPlatformProvider.invokeAllTests(JUnitPlatformProvider.java:154)
	at org.apache.maven.surefire.junitplatform.JUnitPlatformProvider.invoke(JUnitPlatformProvider.java:124)
	at org.apache.maven.surefire.booter.ForkedBooter.runSuitesInProcess(ForkedBooter.java:428)
	at org.apache.maven.surefire.booter.ForkedBooter.execute(ForkedBooter.java:162)
	at org.apache.maven.surefire.booter.ForkedBooter.run(ForkedBooter.java:562)
	at org.apache.maven.surefire.booter.ForkedBooter.main(ForkedBooter.java:548)
]]></error>
    <system-out><![CDATA[2023-07-06 10:47:55,659 [main] INFO  util.log (Log.java:initialized(170)) - Logging initialized @2114ms to org.eclipse.jetty.util.log.Slf4jLog
2023-07-06 10:47:55,864 [main] INFO  http.HttpRequestLog (HttpRequestLog.java:getRequestLog(82)) - Http request log for http.requests.kms is not defined
2023-07-06 10:47:55,914 [main] INFO  http.HttpServer2 (HttpServer2.java:addGlobalFilter(1124)) - Added global filter 'safety' (class=org.apache.hadoop.http.HttpServer2$QuotingInputFilter)
2023-07-06 10:47:55,916 [main] INFO  http.HttpServer2 (HttpServer2.java:addFilter(1097)) - Added filter static_user_filter (class=org.apache.hadoop.http.lib.StaticUserWebFilter$StaticUserFilter) to context kms
2023-07-06 10:47:55,916 [main] INFO  http.HttpServer2 (HttpServer2.java:addFilter(1107)) - Added filter static_user_filter (class=org.apache.hadoop.http.lib.StaticUserWebFilter$StaticUserFilter) to context static
2023-07-06 10:47:55,917 [main] INFO  http.HttpServer2 (HttpServer2.java:addFilter(1107)) - Added filter static_user_filter (class=org.apache.hadoop.http.lib.StaticUserWebFilter$StaticUserFilter) to context logs
2023-07-06 10:47:55,954 [main] INFO  http.HttpServer2 (HttpServer2.java:bindListener(1357)) - Jetty bound to port 38897
2023-07-06 10:47:55,956 [main] INFO  server.Server (Server.java:doStart(375)) - jetty-9.4.51.v20230217; built: 2023-02-17T08:19:37.309Z; git: b45c405e4544384de066f814ed42ae3dceacdd49; jvm 1.8.0_372-b07
2023-07-06 10:47:55,985 [main] INFO  server.session (DefaultSessionIdManager.java:doStart(334)) - DefaultSessionIdManager workerName=node0
2023-07-06 10:47:55,985 [main] INFO  server.session (DefaultSessionIdManager.java:doStart(339)) - No SessionScavenger set, using defaults
2023-07-06 10:47:55,987 [main] INFO  server.session (HouseKeeper.java:startScavenging(132)) - node0 Scavenging every 660000ms
2023-07-06 10:47:56,000 [main] INFO  handler.ContextHandler (ContextHandler.java:doStart(921)) - Started o.e.j.s.ServletContextHandler@6c302a1d{logs,/logs,file:///home/runner/work/ozone/ozone/hadoop-ozone/integration-test/target/log,AVAILABLE}
2023-07-06 10:47:56,001 [main] INFO  handler.ContextHandler (ContextHandler.java:doStart(921)) - Started o.e.j.s.ServletContextHandler@24934262{static,/static,jar:file:/home/runner/.m2/repository/org/apache/hadoop/hadoop-kms/3.3.6/hadoop-kms-3.3.6.jar!/webapps/static,AVAILABLE}
2023-07-06 10:47:56,125 [main] INFO  server.KMSWebApp (KMSWebApp.java:contextInitialized(94)) - -------------------------------------------------------------
2023-07-06 10:47:56,126 [main] INFO  server.KMSWebApp (KMSWebApp.java:contextInitialized(95)) -   Java runtime version : 1.8.0_372-b07
2023-07-06 10:47:56,126 [main] INFO  server.KMSWebApp (KMSWebApp.java:contextInitialized(97)) -   User: runner
2023-07-06 10:47:56,129 [main] INFO  server.KMSWebApp (KMSWebApp.java:contextInitialized(98)) -   KMS Hadoop Version: 3.3.6
2023-07-06 10:47:56,130 [main] INFO  server.KMSWebApp (KMSWebApp.java:contextInitialized(99)) - -------------------------------------------------------------
2023-07-06 10:47:56,143 [main] INFO  server.KMSACLs (KMSACLs.java:setKMSACLs(107)) - 'CREATE' ACL '*'
2023-07-06 10:47:56,143 [main] INFO  server.KMSACLs (KMSACLs.java:setKMSACLs(107)) - 'DELETE' ACL '*'
2023-07-06 10:47:56,143 [main] INFO  server.KMSACLs (KMSACLs.java:setKMSACLs(107)) - 'ROLLOVER' ACL '*'
2023-07-06 10:47:56,143 [main] INFO  server.KMSACLs (KMSACLs.java:setKMSACLs(107)) - 'GET' ACL '*'
2023-07-06 10:47:56,144 [main] INFO  server.KMSACLs (KMSACLs.java:setKMSACLs(107)) - 'GET_KEYS' ACL '*'
2023-07-06 10:47:56,144 [main] INFO  server.KMSACLs (KMSACLs.java:setKMSACLs(107)) - 'GET_METADATA' ACL '*'
2023-07-06 10:47:56,144 [main] INFO  server.KMSACLs (KMSACLs.java:setKMSACLs(107)) - 'SET_KEY_MATERIAL' ACL '*'
2023-07-06 10:47:56,144 [main] INFO  server.KMSACLs (KMSACLs.java:setKMSACLs(107)) - 'GENERATE_EEK' ACL '*'
2023-07-06 10:47:56,144 [main] INFO  server.KMSACLs (KMSACLs.java:setKMSACLs(107)) - 'DECRYPT_EEK' ACL '*'
2023-07-06 10:47:56,146 [main] INFO  server.KMSACLs (KMSACLs.java:parseAclsWithPrefix(185)) - default.key.acl. for KEY_OP 'READ' is set to '*'
2023-07-06 10:47:56,146 [main] INFO  server.KMSACLs (KMSACLs.java:parseAclsWithPrefix(185)) - default.key.acl. for KEY_OP 'MANAGEMENT' is set to '*'
2023-07-06 10:47:56,146 [main] INFO  server.KMSACLs (KMSACLs.java:parseAclsWithPrefix(185)) - default.key.acl. for KEY_OP 'GENERATE_EEK' is set to '*'
2023-07-06 10:47:56,146 [main] INFO  server.KMSACLs (KMSACLs.java:parseAclsWithPrefix(185)) - default.key.acl. for KEY_OP 'DECRYPT_EEK' is set to '*'
2023-07-06 10:47:56,216 [main] INFO  server.KMSAudit (KMSAudit.java:initializeAuditLoggers(157)) - Initializing audit logger class org.apache.hadoop.crypto.key.kms.server.SimpleKMSAuditLogger
2023-07-06 10:47:56,445 [main] INFO  server.KMSWebApp (KMSWebApp.java:contextInitialized(149)) - Initialized KeyProvider CachingKeyProvider: jceks://file@/home/runner/work/ozone/ozone/hadoop-ozone/integration-test/target/test-dir/TestSecureOzoneRpcClient/e88070b2-b8f9-45f2-bef4-07d82612aae0/kms.keystore
2023-07-06 10:47:56,456 [main] INFO  server.KMSWebApp (KMSWebApp.java:contextInitialized(163)) - Initialized KeyProviderCryptoExtension org.apache.hadoop.crypto.key.kms.server.KeyAuthorizationKeyProvider: EagerKeyGeneratorKeyProviderCryptoExtension: KeyProviderCryptoExtension: CachingKeyProvider: jceks://file@/home/runner/work/ozone/ozone/hadoop-ozone/integration-test/target/test-dir/TestSecureOzoneRpcClient/e88070b2-b8f9-45f2-bef4-07d82612aae0/kms.keystore
2023-07-06 10:47:56,456 [main] INFO  server.KMSWebApp (KMSWebApp.java:contextInitialized(168)) - Default key bitlength is 128
2023-07-06 10:47:56,456 [main] INFO  server.KMSWebApp (KMSWebApp.java:contextInitialized(169)) - KMS Started
2023-07-06 10:47:56,514 [main] INFO  delegation.AbstractDelegationTokenSecretManager (AbstractDelegationTokenSecretManager.java:updateCurrentKey(415)) - Updating the current master key for generating delegation tokens
2023-07-06 10:47:56,530 [Thread[Thread-14,5,main]] INFO  delegation.AbstractDelegationTokenSecretManager (AbstractDelegationTokenSecretManager.java:run(797)) - Starting expired delegation token remover thread, tokenRemoverScanInterval=60 min(s)
2023-07-06 10:47:56,530 [Thread[Thread-14,5,main]] INFO  delegation.AbstractDelegationTokenSecretManager (AbstractDelegationTokenSecretManager.java:updateCurrentKey(415)) - Updating the current master key for generating delegation tokens
2023-07-06 10:47:56,577 [main] INFO  core.PackagesResourceConfig (PackagesResourceConfig.java:init(101)) - Scanning for root resource and provider classes in the packages:
  org.apache.hadoop.crypto.key.kms.server
2023-07-06 10:47:56,627 [main] INFO  core.ScanningResourceConfig (ScanningResourceConfig.java:logClasses(153)) - Root resource classes found:
  class org.apache.hadoop.crypto.key.kms.server.KMS
2023-07-06 10:47:56,628 [main] INFO  core.ScanningResourceConfig (ScanningResourceConfig.java:logClasses(153)) - Provider classes found:
  class org.apache.hadoop.crypto.key.kms.server.KMSExceptionsProvider
  class org.apache.hadoop.crypto.key.kms.server.KMSJSONWriter
  class org.apache.hadoop.crypto.key.kms.server.KMSJSONReader
2023-07-06 10:47:56,788 [main] INFO  application.WebApplicationImpl (WebApplicationImpl.java:_initiate(815)) - Initiating Jersey application, version 'Jersey: 1.19 02/11/2015 03:25 AM'
2023-07-06 10:47:57,926 [main] INFO  handler.ContextHandler (ContextHandler.java:doStart(921)) - Started o.e.j.w.WebAppContext@8840c98{kms,/,file:///home/runner/work/ozone/ozone/hadoop-ozone/integration-test/target/tmp/kms/webapp/,AVAILABLE}{jar:file:/home/runner/.m2/repository/org/apache/hadoop/hadoop-kms/3.3.6/hadoop-kms-3.3.6.jar!/webapps/kms}
2023-07-06 10:47:57,940 [main] INFO  server.AbstractConnector (AbstractConnector.java:doStart(333)) - Started ServerConnector@199bc830{HTTP/1.1, (http/1.1)}{localhost:38897}
2023-07-06 10:47:57,940 [main] INFO  server.Server (Server.java:doStart(415)) - Started @4396ms
2023-07-06 10:47:58,025 [main] WARN  impl.MetricsConfig (MetricsConfig.java:loadFirst(136)) - Cannot locate configuration: tried hadoop-metrics2-kms.properties,hadoop-metrics2.properties
2023-07-06 10:47:58,101 [main] INFO  impl.MetricsSystemImpl (MetricsSystemImpl.java:startTimer(378)) - Scheduled Metric snapshot period at 10 second(s).
2023-07-06 10:47:58,102 [main] INFO  impl.MetricsSystemImpl (MetricsSystemImpl.java:start(191)) - KMS metrics system started
2023-07-06 10:47:58,133 [org.apache.hadoop.util.JvmPauseMonitor$Monitor@7e61e25c] INFO  util.JvmPauseMonitor (JvmPauseMonitor.java:run(188)) - Starting JVM pause monitor
2023-07-06 10:47:58,422 [main] INFO  audit.AuditLogger (AuditLogger.java:refreshDebugCmdSet(126)) - Refresh DebugCmdSet for OMAudit to [].
2023-07-06 10:47:59,605 [main] INFO  utils.SelfSignedCertificate (SelfSignedCertificate.java:generateCertificate(157)) - Certificate 1 is issued by CN=rootCA@localhost,OU=scm1,O=cluster1 to CN=rootCA@localhost,OU=scm1,O=cluster1, valid from Thu Jul 06 10:47:59 UTC 2023 to Sun Aug 13 10:47:59 UTC 2028
2023-07-06 10:47:59,679 [main] INFO  ssl.ReloadingX509KeyManager (ReloadingX509KeyManager.java:loadKeyManager(222)) - Key manager is loaded with certificate chain
2023-07-06 10:47:59,682 [main] INFO  ssl.ReloadingX509KeyManager (ReloadingX509KeyManager.java:loadKeyManager(224)) - [
[
  Version: V3
  Subject: O=cluster1, OU=scm1, CN=localhost
  Signature Algorithm: SHA256withRSA, OID = 1.2.840.113549.1.1.11

  Key:  Sun RSA public key, 2048 bits
  params: null
  modulus: 25515903475458910994232316096601438373105175420061263720264334557009561040621653182148376161024152916162197397627627623715817718133645107196633193308833147134405842240824435997810554917456007165593988845615708367410764462959022334770451760330988785007298007925204499844648021199598174638625881000385208908194517387843244594413216085343327354544315068454562797505556491740827940253217321133821614529727070441062687001654555037177980918263648852401946503115962271731750829660783301120758301273205274369322853199438463462056676248068857692378635758604083253784893866125118482842812793740616219249942777594814239825819739
  public exponent: 65537
  Validity: [From: Thu Jul 06 10:47:59 UTC 2023,
               To: Fri Jul 05 10:47:59 UTC 2024]
  Issuer: O=cluster1, OU=scm1, CN=rootCA@localhost
  SerialNumber: [    02d85387 eed2]

Certificate Extensions: 1
[1]: ObjectId: 2.5.29.15 Criticality=true
KeyUsage [
  DigitalSignature
  Key_Encipherment
  Data_Encipherment
  Key_Agreement
]

]
  Algorithm: [SHA256withRSA]
  Signature:
0000: BF 19 7F D8 FB 4E F0 DE   04 2D 97 14 91 5E 44 42  .....N...-...^DB
0010: 11 21 75 94 08 71 6F 43   FA CD DB A5 0D 3B 8B 20  .!u..qoC.....;. 
0020: 2A 3B BB 0A E7 C6 8F 45   A7 5B BE CF D8 DE D4 E1  *;.....E.[......
0030: 02 EF 8A FA F2 54 64 CC   7D AE 3D 7C CC 18 12 A0  .....Td...=.....
0040: 5E EB 00 93 45 42 86 0B   D6 82 C7 0B 3D 40 3F 55  ^...EB......=@?U
0050: 6C DA 0E A2 9E B3 03 61   18 52 FD 34 C1 75 AB 18  l......a.R.4.u..
0060: 22 BC C3 20 06 92 9B AA   C5 CB B3 09 88 EB 03 6D  ".. ...........m
0070: C0 38 4E 14 7D AF 26 28   45 43 B2 B8 2B 8D 9B 7C  .8N...&(EC..+...
0080: 54 C7 A7 E5 A3 23 B3 D5   42 4F BB CF 18 08 B3 CE  T....#..BO......
0090: 1B C1 3B 34 3B 40 1A FD   58 82 30 68 9D 83 7E 35  ..;4;@..X.0h...5
00A0: DA 07 6F 02 0D DF BA DA   DC 5D 71 18 CF 5D D9 D6  ..o......]q..]..
00B0: C9 E1 CB F9 58 D4 94 5E   F6 01 DB 10 B4 C2 75 72  ....X..^......ur
00C0: 10 2C C3 39 92 E8 32 D8   95 E7 5A 0C 35 E1 CD 9E  .,.9..2...Z.5...
00D0: CF 20 4B 62 31 A2 8E C6   1D F2 D5 08 99 13 1C C0  . Kb1...........
00E0: E8 7F 2E EC 66 D5 DD C4   94 05 4C 15 42 8C C3 03  ....f.....L.B...
00F0: 9A B4 7F 37 5C F3 A1 47   F2 87 3F F6 08 7C 33 11  ...7\..G..?...3.

]
2023-07-06 10:47:59,684 [main] INFO  ssl.ReloadingX509KeyManager (ReloadingX509KeyManager.java:loadKeyManager(224)) - [
[
  Version: V3
  Subject: O=cluster1, OU=scm1, CN=rootCA@localhost
  Signature Algorithm: SHA256withRSA, OID = 1.2.840.113549.1.1.11

  Key:  Sun RSA public key, 2048 bits
  params: null
  modulus: 25929271383965858054262556177431575946144347826285659729915743455929574949460323991594073007204111694465842262532332444977015071447463229107995416587750135676829055796227034034140882866209728430271583042527066493517344162061185063974887460252189335707347297192172806348422673934397845862634555975446261844774238920884718791495268023076961367145781289522458015927415273800233254067054009483965853150442215419481685097709080521468644597736349106470123809381029692774434568427482279480159441546487384160524503710718386133896309026634433064489250740751631756956392779737247047857709075196959235977372659653503589190080637
  public exponent: 65537
  Validity: [From: Thu Jul 06 10:47:59 UTC 2023,
               To: Sun Aug 13 10:47:59 UTC 2028]
  Issuer: O=cluster1, OU=scm1, CN=rootCA@localhost
  SerialNumber: [    01]

Certificate Extensions: 2
[1]: ObjectId: 2.5.29.19 Criticality=true
BasicConstraints:[
  CA:true
  PathLen:2147483647
]

[2]: ObjectId: 2.5.29.15 Criticality=true
KeyUsage [
  Key_CertSign
  Crl_Sign
]

]
  Algorithm: [SHA256withRSA]
  Signature:
0000: 98 33 D6 34 8F 47 D8 E1   04 7B 61 C3 35 AA BD 2F  .3.4.G....a.5../
0010: 48 D7 DB 19 84 E8 63 54   E5 A1 9A 9E E0 01 53 3B  H.....cT......S;
0020: 25 D0 45 C8 6F 31 B8 BE   0A 84 D6 F4 ED B2 EC 75  %.E.o1.........u
0030: DB E3 5C 5B 31 D6 63 9C   EE 93 EE E8 EC 18 0E A1  ..\[1.c.........
0040: A2 C7 31 3F C0 5D ED 30   03 9D 38 2B 62 18 F0 EA  ..1?.].0..8+b...
0050: 59 53 BA F5 64 9B 56 69   77 8C EE 08 9E 54 7B 6D  YS..d.Viw....T.m
0060: 6A 83 3F 9C C8 EA C2 47   8D CF C2 D6 3A A2 2C 5F  j.?....G....:.,_
0070: 5D F5 EF 5E 24 08 4C 68   24 BD 8D 0C 3D B6 13 D1  ]..^$.Lh$...=...
0080: 2F DA D9 F3 0C DA FD 3D   92 E9 59 6B 0D 04 A2 92  /......=..Yk....
0090: 7C 19 F1 E8 46 3E E5 2B   33 B1 16 11 7C 1A B9 B0  ....F>.+3.......
00A0: C4 0A 2B FD 40 A1 77 F7   84 2B 6D DF 17 07 46 04  ..+.@.w..+m...F.
00B0: 86 72 0E 9C D0 FE E4 CC   8E EB FD C9 7D 25 E3 9B  .r...........%..
00C0: D9 FC 48 AC 55 E0 83 A8   E0 57 62 6F 3E 96 53 17  ..H.U....Wbo>.S.
00D0: FA DC 59 E8 AB B4 AA 94   A9 42 DF 6C 24 27 6A 72  ..Y......B.l$'jr
00E0: 92 8B 04 5C 0D 35 55 1C   12 61 80 0A 6F 2D C8 2A  ...\.5U..a..o-.*
00F0: 92 CD 7B C7 9A 44 03 ED   B4 20 6B B5 2C AD 04 B2  .....D... k.,...

]
2023-07-06 10:47:59,690 [main] INFO  ssl.ReloadingX509TrustManager (ReloadingX509TrustManager.java:insertCertsToKeystore(188)) - Trust manager is loaded with certificates
2023-07-06 10:47:59,693 [main] INFO  ssl.ReloadingX509TrustManager (ReloadingX509TrustManager.java:insertCertsToKeystore(192)) - [
[
  Version: V3
  Subject: O=cluster1, OU=scm1, CN=rootCA@localhost
  Signature Algorithm: SHA256withRSA, OID = 1.2.840.113549.1.1.11

  Key:  Sun RSA public key, 2048 bits
  params: null
  modulus: 25929271383965858054262556177431575946144347826285659729915743455929574949460323991594073007204111694465842262532332444977015071447463229107995416587750135676829055796227034034140882866209728430271583042527066493517344162061185063974887460252189335707347297192172806348422673934397845862634555975446261844774238920884718791495268023076961367145781289522458015927415273800233254067054009483965853150442215419481685097709080521468644597736349106470123809381029692774434568427482279480159441546487384160524503710718386133896309026634433064489250740751631756956392779737247047857709075196959235977372659653503589190080637
  public exponent: 65537
  Validity: [From: Thu Jul 06 10:47:59 UTC 2023,
               To: Sun Aug 13 10:47:59 UTC 2028]
  Issuer: O=cluster1, OU=scm1, CN=rootCA@localhost
  SerialNumber: [    01]

Certificate Extensions: 2
[1]: ObjectId: 2.5.29.19 Criticality=true
BasicConstraints:[
  CA:true
  PathLen:2147483647
]

[2]: ObjectId: 2.5.29.15 Criticality=true
KeyUsage [
  Key_CertSign
  Crl_Sign
]

]
  Algorithm: [SHA256withRSA]
  Signature:
0000: 98 33 D6 34 8F 47 D8 E1   04 7B 61 C3 35 AA BD 2F  .3.4.G....a.5../
0010: 48 D7 DB 19 84 E8 63 54   E5 A1 9A 9E E0 01 53 3B  H.....cT......S;
0020: 25 D0 45 C8 6F 31 B8 BE   0A 84 D6 F4 ED B2 EC 75  %.E.o1.........u
0030: DB E3 5C 5B 31 D6 63 9C   EE 93 EE E8 EC 18 0E A1  ..\[1.c.........
0040: A2 C7 31 3F C0 5D ED 30   03 9D 38 2B 62 18 F0 EA  ..1?.].0..8+b...
0050: 59 53 BA F5 64 9B 56 69   77 8C EE 08 9E 54 7B 6D  YS..d.Viw....T.m
0060: 6A 83 3F 9C C8 EA C2 47   8D CF C2 D6 3A A2 2C 5F  j.?....G....:.,_
0070: 5D F5 EF 5E 24 08 4C 68   24 BD 8D 0C 3D B6 13 D1  ]..^$.Lh$...=...
0080: 2F DA D9 F3 0C DA FD 3D   92 E9 59 6B 0D 04 A2 92  /......=..Yk....
0090: 7C 19 F1 E8 46 3E E5 2B   33 B1 16 11 7C 1A B9 B0  ....F>.+3.......
00A0: C4 0A 2B FD 40 A1 77 F7   84 2B 6D DF 17 07 46 04  ..+.@.w..+m...F.
00B0: 86 72 0E 9C D0 FE E4 CC   8E EB FD C9 7D 25 E3 9B  .r...........%..
00C0: D9 FC 48 AC 55 E0 83 A8   E0 57 62 6F 3E 96 53 17  ..H.U....Wbo>.S.
00D0: FA DC 59 E8 AB B4 AA 94   A9 42 DF 6C 24 27 6A 72  ..Y......B.l$'jr
00E0: 92 8B 04 5C 0D 35 55 1C   12 61 80 0A 6F 2D C8 2A  ...\.5U..a..o-.*
00F0: 92 CD 7B C7 9A 44 03 ED   B4 20 6B B5 2C AD 04 B2  .....D... k.,...

]
2023-07-06 10:47:59,698 [main] INFO  ssl.ReloadingX509KeyManager (ReloadingX509KeyManager.java:loadKeyManager(222)) - Key manager is loaded with certificate chain
2023-07-06 10:47:59,699 [main] INFO  ssl.ReloadingX509KeyManager (ReloadingX509KeyManager.java:loadKeyManager(224)) - [
[
  Version: V3
  Subject: O=cluster1, OU=scm1, CN=localhost
  Signature Algorithm: SHA256withRSA, OID = 1.2.840.113549.1.1.11

  Key:  Sun RSA public key, 2048 bits
  params: null
  modulus: 25515903475458910994232316096601438373105175420061263720264334557009561040621653182148376161024152916162197397627627623715817718133645107196633193308833147134405842240824435997810554917456007165593988845615708367410764462959022334770451760330988785007298007925204499844648021199598174638625881000385208908194517387843244594413216085343327354544315068454562797505556491740827940253217321133821614529727070441062687001654555037177980918263648852401946503115962271731750829660783301120758301273205274369322853199438463462056676248068857692378635758604083253784893866125118482842812793740616219249942777594814239825819739
  public exponent: 65537
  Validity: [From: Thu Jul 06 10:47:59 UTC 2023,
               To: Fri Jul 05 10:47:59 UTC 2024]
  Issuer: O=cluster1, OU=scm1, CN=rootCA@localhost
  SerialNumber: [    02d85387 eed2]

Certificate Extensions: 1
[1]: ObjectId: 2.5.29.15 Criticality=true
KeyUsage [
  DigitalSignature
  Key_Encipherment
  Data_Encipherment
  Key_Agreement
]

]
  Algorithm: [SHA256withRSA]
  Signature:
0000: BF 19 7F D8 FB 4E F0 DE   04 2D 97 14 91 5E 44 42  .....N...-...^DB
0010: 11 21 75 94 08 71 6F 43   FA CD DB A5 0D 3B 8B 20  .!u..qoC.....;. 
0020: 2A 3B BB 0A E7 C6 8F 45   A7 5B BE CF D8 DE D4 E1  *;.....E.[......
0030: 02 EF 8A FA F2 54 64 CC   7D AE 3D 7C CC 18 12 A0  .....Td...=.....
0040: 5E EB 00 93 45 42 86 0B   D6 82 C7 0B 3D 40 3F 55  ^...EB......=@?U
0050: 6C DA 0E A2 9E B3 03 61   18 52 FD 34 C1 75 AB 18  l......a.R.4.u..
0060: 22 BC C3 20 06 92 9B AA   C5 CB B3 09 88 EB 03 6D  ".. ...........m
0070: C0 38 4E 14 7D AF 26 28   45 43 B2 B8 2B 8D 9B 7C  .8N...&(EC..+...
0080: 54 C7 A7 E5 A3 23 B3 D5   42 4F BB CF 18 08 B3 CE  T....#..BO......
0090: 1B C1 3B 34 3B 40 1A FD   58 82 30 68 9D 83 7E 35  ..;4;@..X.0h...5
00A0: DA 07 6F 02 0D DF BA DA   DC 5D 71 18 CF 5D D9 D6  ..o......]q..]..
00B0: C9 E1 CB F9 58 D4 94 5E   F6 01 DB 10 B4 C2 75 72  ....X..^......ur
00C0: 10 2C C3 39 92 E8 32 D8   95 E7 5A 0C 35 E1 CD 9E  .,.9..2...Z.5...
00D0: CF 20 4B 62 31 A2 8E C6   1D F2 D5 08 99 13 1C C0  . Kb1...........
00E0: E8 7F 2E EC 66 D5 DD C4   94 05 4C 15 42 8C C3 03  ....f.....L.B...
00F0: 9A B4 7F 37 5C F3 A1 47   F2 87 3F F6 08 7C 33 11  ...7\..G..?...3.

]
2023-07-06 10:47:59,700 [main] INFO  ssl.ReloadingX509KeyManager (ReloadingX509KeyManager.java:loadKeyManager(224)) - [
[
  Version: V3
  Subject: O=cluster1, OU=scm1, CN=rootCA@localhost
  Signature Algorithm: SHA256withRSA, OID = 1.2.840.113549.1.1.11

  Key:  Sun RSA public key, 2048 bits
  params: null
  modulus: 25929271383965858054262556177431575946144347826285659729915743455929574949460323991594073007204111694465842262532332444977015071447463229107995416587750135676829055796227034034140882866209728430271583042527066493517344162061185063974887460252189335707347297192172806348422673934397845862634555975446261844774238920884718791495268023076961367145781289522458015927415273800233254067054009483965853150442215419481685097709080521468644597736349106470123809381029692774434568427482279480159441546487384160524503710718386133896309026634433064489250740751631756956392779737247047857709075196959235977372659653503589190080637
  public exponent: 65537
  Validity: [From: Thu Jul 06 10:47:59 UTC 2023,
               To: Sun Aug 13 10:47:59 UTC 2028]
  Issuer: O=cluster1, OU=scm1, CN=rootCA@localhost
  SerialNumber: [    01]

Certificate Extensions: 2
[1]: ObjectId: 2.5.29.19 Criticality=true
BasicConstraints:[
  CA:true
  PathLen:2147483647
]

[2]: ObjectId: 2.5.29.15 Criticality=true
KeyUsage [
  Key_CertSign
  Crl_Sign
]

]
  Algorithm: [SHA256withRSA]
  Signature:
0000: 98 33 D6 34 8F 47 D8 E1   04 7B 61 C3 35 AA BD 2F  .3.4.G....a.5../
0010: 48 D7 DB 19 84 E8 63 54   E5 A1 9A 9E E0 01 53 3B  H.....cT......S;
0020: 25 D0 45 C8 6F 31 B8 BE   0A 84 D6 F4 ED B2 EC 75  %.E.o1.........u
0030: DB E3 5C 5B 31 D6 63 9C   EE 93 EE E8 EC 18 0E A1  ..\[1.c.........
0040: A2 C7 31 3F C0 5D ED 30   03 9D 38 2B 62 18 F0 EA  ..1?.].0..8+b...
0050: 59 53 BA F5 64 9B 56 69   77 8C EE 08 9E 54 7B 6D  YS..d.Viw....T.m
0060: 6A 83 3F 9C C8 EA C2 47   8D CF C2 D6 3A A2 2C 5F  j.?....G....:.,_
0070: 5D F5 EF 5E 24 08 4C 68   24 BD 8D 0C 3D B6 13 D1  ]..^$.Lh$...=...
0080: 2F DA D9 F3 0C DA FD 3D   92 E9 59 6B 0D 04 A2 92  /......=..Yk....
0090: 7C 19 F1 E8 46 3E E5 2B   33 B1 16 11 7C 1A B9 B0  ....F>.+3.......
00A0: C4 0A 2B FD 40 A1 77 F7   84 2B 6D DF 17 07 46 04  ..+.@.w..+m...F.
00B0: 86 72 0E 9C D0 FE E4 CC   8E EB FD C9 7D 25 E3 9B  .r...........%..
00C0: D9 FC 48 AC 55 E0 83 A8   E0 57 62 6F 3E 96 53 17  ..H.U....Wbo>.S.
00D0: FA DC 59 E8 AB B4 AA 94   A9 42 DF 6C 24 27 6A 72  ..Y......B.l$'jr
00E0: 92 8B 04 5C 0D 35 55 1C   12 61 80 0A 6F 2D C8 2A  ...\.5U..a..o-.*
00F0: 92 CD 7B C7 9A 44 03 ED   B4 20 6B B5 2C AD 04 B2  .....D... k.,...

]
2023-07-06 10:47:59,700 [main] INFO  ssl.ReloadingX509TrustManager (ReloadingX509TrustManager.java:insertCertsToKeystore(188)) - Trust manager is loaded with certificates
2023-07-06 10:47:59,702 [main] INFO  ssl.ReloadingX509TrustManager (ReloadingX509TrustManager.java:insertCertsToKeystore(192)) - [
[
  Version: V3
  Subject: O=cluster1, OU=scm1, CN=rootCA@localhost
  Signature Algorithm: SHA256withRSA, OID = 1.2.840.113549.1.1.11

  Key:  Sun RSA public key, 2048 bits
  params: null
  modulus: 25929271383965858054262556177431575946144347826285659729915743455929574949460323991594073007204111694465842262532332444977015071447463229107995416587750135676829055796227034034140882866209728430271583042527066493517344162061185063974887460252189335707347297192172806348422673934397845862634555975446261844774238920884718791495268023076961367145781289522458015927415273800233254067054009483965853150442215419481685097709080521468644597736349106470123809381029692774434568427482279480159441546487384160524503710718386133896309026634433064489250740751631756956392779737247047857709075196959235977372659653503589190080637
  public exponent: 65537
  Validity: [From: Thu Jul 06 10:47:59 UTC 2023,
               To: Sun Aug 13 10:47:59 UTC 2028]
  Issuer: O=cluster1, OU=scm1, CN=rootCA@localhost
  SerialNumber: [    01]

Certificate Extensions: 2
[1]: ObjectId: 2.5.29.19 Criticality=true
BasicConstraints:[
  CA:true
  PathLen:2147483647
]

[2]: ObjectId: 2.5.29.15 Criticality=true
KeyUsage [
  Key_CertSign
  Crl_Sign
]

]
  Algorithm: [SHA256withRSA]
  Signature:
0000: 98 33 D6 34 8F 47 D8 E1   04 7B 61 C3 35 AA BD 2F  .3.4.G....a.5../
0010: 48 D7 DB 19 84 E8 63 54   E5 A1 9A 9E E0 01 53 3B  H.....cT......S;
0020: 25 D0 45 C8 6F 31 B8 BE   0A 84 D6 F4 ED B2 EC 75  %.E.o1.........u
0030: DB E3 5C 5B 31 D6 63 9C   EE 93 EE E8 EC 18 0E A1  ..\[1.c.........
0040: A2 C7 31 3F C0 5D ED 30   03 9D 38 2B 62 18 F0 EA  ..1?.].0..8+b...
0050: 59 53 BA F5 64 9B 56 69   77 8C EE 08 9E 54 7B 6D  YS..d.Viw....T.m
0060: 6A 83 3F 9C C8 EA C2 47   8D CF C2 D6 3A A2 2C 5F  j.?....G....:.,_
0070: 5D F5 EF 5E 24 08 4C 68   24 BD 8D 0C 3D B6 13 D1  ]..^$.Lh$...=...
0080: 2F DA D9 F3 0C DA FD 3D   92 E9 59 6B 0D 04 A2 92  /......=..Yk....
0090: 7C 19 F1 E8 46 3E E5 2B   33 B1 16 11 7C 1A B9 B0  ....F>.+3.......
00A0: C4 0A 2B FD 40 A1 77 F7   84 2B 6D DF 17 07 46 04  ..+.@.w..+m...F.
00B0: 86 72 0E 9C D0 FE E4 CC   8E EB FD C9 7D 25 E3 9B  .r...........%..
00C0: D9 FC 48 AC 55 E0 83 A8   E0 57 62 6F 3E 96 53 17  ..H.U....Wbo>.S.
00D0: FA DC 59 E8 AB B4 AA 94   A9 42 DF 6C 24 27 6A 72  ..Y......B.l$'jr
00E0: 92 8B 04 5C 0D 35 55 1C   12 61 80 0A 6F 2D C8 2A  ...\.5U..a..o-.*
00F0: 92 CD 7B C7 9A 44 03 ED   B4 20 6B B5 2C AD 04 B2  .....D... k.,...

]
2023-07-06 10:47:59,796 [main] WARN  server.ServerUtils (ServerUtils.java:getScmDbDir(155)) - ozone.scm.db.dirs is not configured. We recommend adding this setting. Falling back to ozone.metadata.dirs instead.
2023-07-06 10:48:00,013 [main] INFO  reflections.Reflections (Reflections.java:scan(232)) - Reflections took 177 ms to scan 7 urls, producing 160 keys and 376 values 
2023-07-06 10:48:00,171 [main] WARN  server.ServerUtils (ServerUtils.java:getScmDbDir(155)) - ozone.scm.db.dirs is not configured. We recommend adding this setting. Falling back to ozone.metadata.dirs instead.
2023-07-06 10:48:00,175 [main] INFO  ha.SCMHANodeDetails (SCMHANodeDetails.java:loadSCMHAConfig(210)) - ServiceID for StorageContainerManager is null
2023-07-06 10:48:00,183 [main] WARN  ha.SCMHANodeDetails (SCMHANodeDetails.java:validateSCMHAConfig(183)) - Invalid config ozone.scm.ratis.enable. The config was not specified, but the default value true conflicts with the expected config value false. Falling back to the expected value. Current State of SCM: SCM is running in Non-HA without Ratis Ratis SCM -> Non Ratis SCM or Non HA SCM -> HA SCM is not supported
2023-07-06 10:48:00,184 [main] INFO  ha.SCMHANodeDetails (SCMHANodeDetails.java:loadSCMHAConfig(215)) - ozone.scm.default.service.id is not defined, falling back to ozone.scm.service.ids to find serviceID for StorageContainerManager if it is HA enabled cluster
2023-07-06 10:48:00,377 [main] WARN  utils.HAUtils (HAUtils.java:getMetaDir(339)) - ozone.scm.db.dirs is not configured. We recommend adding this setting. Falling back to ozone.metadata.dirs instead.
2023-07-06 10:48:00,538 [main] WARN  db.DBStoreBuilder (DBStoreBuilder.java:applyDBDefinition(166)) - ozone.scm.db.dirs is not configured. We recommend adding this setting. Falling back to ozone.metadata.dirs instead.
2023-07-06 10:48:00,854 [main] INFO  net.NodeSchemaLoader (NodeSchemaLoader.java:loadSchemaFromFile(129)) - Loading schema from [jar:file:/home/runner/.m2/repository/org/apache/ozone/hdds-common/1.4.0-SNAPSHOT/hdds-common-1.4.0-SNAPSHOT.jar!/network-topology-default.xml]
2023-07-06 10:48:00,855 [main] INFO  net.NodeSchemaLoader (NodeSchemaLoader.java:loadSchema(176)) - Loading network topology layer schema file
2023-07-06 10:48:00,895 [main] INFO  metrics.MetricRegistries (MetricRegistriesLoader.java:load(64)) - Loaded MetricRegistries class org.apache.ratis.metrics.impl.MetricRegistriesImpl
2023-07-06 10:48:00,917 [main] INFO  upgrade.AbstractLayoutVersionManager (AbstractLayoutVersionManager.java:init(83)) - Initializing Layout version manager with metadata layout = HADOOP_PRC_PORTS_IN_DATANODEDETAILS (version = 7), software layout = HADOOP_PRC_PORTS_IN_DATANODEDETAILS (version = 7)
2023-07-06 10:48:01,084 [main] INFO  ha.SequenceIdGenerator (SequenceIdGenerator.java:upgradeToSequenceId(361)) - upgrade localId to 111677748019200000
2023-07-06 10:48:01,090 [main] INFO  ha.SequenceIdGenerator (SequenceIdGenerator.java:upgradeToSequenceId(371)) - upgrade delTxnId to 0
2023-07-06 10:48:01,099 [main] INFO  ha.SequenceIdGenerator (SequenceIdGenerator.java:upgradeToSequenceId(388)) - upgrade containerId to 0
2023-07-06 10:48:01,102 [main] INFO  ha.SequenceIdGenerator (SequenceIdGenerator.java:upgradeToSequenceId(424)) - upgrade rootCertificateId to 1
2023-07-06 10:48:01,104 [main] INFO  ha.SequenceIdGenerator (SequenceIdGenerator.java:<init>(232)) - Init the HA SequenceIdGenerator.
2023-07-06 10:48:01,170 [main] WARN  server.ServerUtils (ServerUtils.java:sanitizeUserArgs(80)) - ozone.scm.stale.node.interval value = 300000 is larger than max = 100000 based on the key value of ozone.scm.heartbeat.thread.interval, reset to the max value 100000.
2023-07-06 10:48:01,171 [main] WARN  server.ServerUtils (ServerUtils.java:sanitizeUserArgs(80)) - ozone.scm.stale.node.interval value = 300000 is larger than max = 100000 based on the key value of ozone.scm.heartbeat.thread.interval, reset to the max value 100000.
2023-07-06 10:48:01,176 [main] INFO  node.SCMNodeManager (SCMNodeManager.java:<init>(157)) - Entering startup safe mode.
2023-07-06 10:48:01,201 [main] INFO  algorithms.ContainerPlacementPolicyFactory (ContainerPlacementPolicyFactory.java:getPolicyInternal(86)) - Create container placement policy of type org.apache.hadoop.hdds.scm.container.placement.algorithms.SCMContainerPlacementRackAware
2023-07-06 10:48:01,205 [main] INFO  algorithms.ContainerPlacementPolicyFactory (ContainerPlacementPolicyFactory.java:getPolicyInternal(86)) - Create container placement policy of type org.apache.hadoop.hdds.scm.container.placement.algorithms.SCMContainerPlacementRackScatter
2023-07-06 10:48:01,217 [main] INFO  pipeline.PipelineStateManagerImpl (PipelineStateManagerImpl.java:initialize(78)) - No pipeline exists in current db
2023-07-06 10:48:01,233 [main] INFO  algorithms.LeaderChoosePolicyFactory (LeaderChoosePolicyFactory.java:getPolicy(57)) - Create leader choose policy of type org.apache.hadoop.hdds.scm.pipeline.leader.choose.algorithms.MinLeaderCountChoosePolicy
2023-07-06 10:48:01,234 [main] INFO  algorithms.ContainerPlacementPolicyFactory (ContainerPlacementPolicyFactory.java:getPolicyInternal(86)) - Create container placement policy of type org.apache.hadoop.hdds.scm.container.placement.algorithms.SCMContainerPlacementRackScatter
2023-07-06 10:48:01,242 [main] INFO  ha.SCMServiceManager (SCMServiceManager.java:register(42)) - Registering service BackgroundPipelineCreator.
2023-07-06 10:48:01,243 [main] INFO  pipeline.BackgroundPipelineCreator (BackgroundPipelineCreator.java:start(124)) - Starting RatisPipelineUtilsThread.
2023-07-06 10:48:01,246 [main] INFO  BackgroundPipelineScrubber (BackgroundSCMService.java:start(68)) - Starting BackgroundPipelineScrubber Service.
2023-07-06 10:48:01,247 [main] INFO  ha.SCMServiceManager (SCMServiceManager.java:register(42)) - Registering service BackgroundPipelineScrubber.
2023-07-06 10:48:01,254 [main] INFO  ExpiredContainerReplicaOpScrubber (BackgroundSCMService.java:start(68)) - Starting ExpiredContainerReplicaOpScrubber Service.
2023-07-06 10:48:01,255 [main] INFO  ha.SCMServiceManager (SCMServiceManager.java:register(42)) - Registering service ExpiredContainerReplicaOpScrubber.
2023-07-06 10:48:01,287 [main] INFO  algorithms.PipelineChoosePolicyFactory (PipelineChoosePolicyFactory.java:createPipelineChoosePolicyFromClass(78)) - Create pipeline choose policy of type org.apache.hadoop.hdds.scm.pipeline.choose.algorithms.RandomPipelineChoosePolicy
2023-07-06 10:48:01,288 [main] INFO  algorithms.PipelineChoosePolicyFactory (PipelineChoosePolicyFactory.java:createPipelineChoosePolicyFromClass(78)) - Create pipeline choose policy of type org.apache.hadoop.hdds.scm.pipeline.choose.algorithms.RandomPipelineChoosePolicy
2023-07-06 10:48:01,316 [main] INFO  ha.SCMServiceManager (SCMServiceManager.java:register(42)) - Registering service SCMBlockDeletingService.
2023-07-06 10:48:01,409 [main] INFO  replication.ReplicationManager (ReplicationManager.java:start(286)) - Starting Replication Monitor Thread.
2023-07-06 10:48:01,421 [main] INFO  ha.SCMServiceManager (SCMServiceManager.java:register(42)) - Registering service ReplicationManager.
2023-07-06 10:48:01,429 [ReplicationMonitor] INFO  replication.ReplicationManager (ReplicationManager.java:processAll(361)) - Replication Manager is not ready to run until 3000ms after safemode exit
2023-07-06 10:48:01,442 [main] INFO  safemode.ContainerSafeModeRule (ContainerSafeModeRule.java:<init>(89)) - containers with one replica threshold count 0
2023-07-06 10:48:01,447 [main] INFO  safemode.HealthyPipelineSafeModeRule (HealthyPipelineSafeModeRule.java:initializeRule(169)) - Total pipeline count is 0, healthy pipeline threshold count is 1
2023-07-06 10:48:01,452 [main] INFO  safemode.OneReplicaPipelineSafeModeRule (OneReplicaPipelineSafeModeRule.java:initializeRule(180)) - Total pipeline count is 0, pipeline's with at least one datanode reported threshold count is 0
2023-07-06 10:48:01,468 [main] INFO  server.StorageContainerManager (StorageContainerManager.java:<init>(424)) - SCM start with adminUsers: [runner]
2023-07-06 10:48:01,500 [main] INFO  audit.AuditLogger (AuditLogger.java:refreshDebugCmdSet(126)) - Refresh DebugCmdSet for SCMAudit to [].
2023-07-06 10:48:01,537 [main] INFO  ipc.CallQueueManager (CallQueueManager.java:<init>(90)) - Using callQueue: class java.util.concurrent.LinkedBlockingQueue, queueCapacity: 2000, scheduler: class org.apache.hadoop.ipc.DefaultRpcScheduler, ipcBackoff: false.
2023-07-06 10:48:01,577 [main] INFO  ipc.Server (Server.java:<init>(1287)) - Listener at 0.0.0.0:15002
2023-07-06 10:48:01,581 [Socket Reader #1 for port 15002] INFO  ipc.Server (Server.java:run(1323)) - Starting Socket Reader #1 for port 15002
2023-07-06 10:48:01,663 [main] INFO  audit.AuditLogger (AuditLogger.java:refreshDebugCmdSet(126)) - Refresh DebugCmdSet for SCMAudit to [].
2023-07-06 10:48:01,671 [main] INFO  ipc.CallQueueManager (CallQueueManager.java:<init>(90)) - Using callQueue: class java.util.concurrent.LinkedBlockingQueue, queueCapacity: 2000, scheduler: class org.apache.hadoop.ipc.DefaultRpcScheduler, ipcBackoff: false.
2023-07-06 10:48:01,672 [main] INFO  ipc.Server (Server.java:<init>(1287)) - Listener at 0.0.0.0:15001
2023-07-06 10:48:01,673 [Socket Reader #1 for port 15001] INFO  ipc.Server (Server.java:run(1323)) - Starting Socket Reader #1 for port 15001
2023-07-06 10:48:01,717 [main] INFO  audit.AuditLogger (AuditLogger.java:refreshDebugCmdSet(126)) - Refresh DebugCmdSet for SCMAudit to [].
2023-07-06 10:48:01,731 [main] INFO  ipc.CallQueueManager (CallQueueManager.java:<init>(90)) - Using callQueue: class java.util.concurrent.LinkedBlockingQueue, queueCapacity: 2000, scheduler: class org.apache.hadoop.ipc.DefaultRpcScheduler, ipcBackoff: false.
2023-07-06 10:48:01,732 [main] INFO  ipc.Server (Server.java:<init>(1287)) - Listener at 0.0.0.0:15000
2023-07-06 10:48:01,732 [Socket Reader #1 for port 15000] INFO  ipc.Server (Server.java:run(1323)) - Starting Socket Reader #1 for port 15000
2023-07-06 10:48:01,804 [main] INFO  ha.SCMServiceManager (SCMServiceManager.java:register(42)) - Registering service ContainerBalancer.
2023-07-06 10:48:01,805 [main] INFO  server.StorageContainerManager (StorageContainerManager.java:<init>(437)) - 
Container Balancer status:
Key                            Value
Running                        false
Container Balancer Configuration values:
Key                                                Value
Threshold                                          10
Max Datanodes to Involve per Iteration(percent)    20
Max Size to Move per Iteration                     500GB
Max Size Entering Target per Iteration             26GB
Max Size Leaving Source per Iteration              26GB

2023-07-06 10:48:01,805 [main] INFO  ha.SCMContext (SCMContext.java:updateSafeModeStatus(228)) - Update SafeModeStatus from SafeModeStatus{safeModeStatus=true, preCheckPassed=false} to SafeModeStatus{safeModeStatus=true, preCheckPassed=false}.
2023-07-06 10:48:01,809 [main] INFO  server.StorageContainerManager (StorageContainerManager.java:start(1489)) - StorageContainerLocationProtocol RPC server is listening at /0.0.0.0:15000
2023-07-06 10:48:01,809 [main] INFO  impl.MetricsSystemImpl (MetricsSystemImpl.java:init(158)) - StorageContainerManager metrics system started (again)
2023-07-06 10:48:01,833 [main] INFO  server.SCMClientProtocolServer (SCMClientProtocolServer.java:start(200)) - RPC server for Client  is listening at /0.0.0.0:15000
2023-07-06 10:48:01,834 [IPC Server Responder] INFO  ipc.Server (Server.java:run(1562)) - IPC Server Responder: starting
2023-07-06 10:48:01,838 [IPC Server listener on 15000] INFO  ipc.Server (Server.java:run(1402)) - IPC Server listener on 15000: starting
2023-07-06 10:48:01,845 [main] INFO  server.StorageContainerManager (StorageContainerManager.java:start(1502)) - ScmBlockLocationProtocol RPC server is listening at /0.0.0.0:15001
2023-07-06 10:48:01,846 [main] INFO  server.SCMBlockProtocolServer (SCMBlockProtocolServer.java:start(152)) - RPC server for Block Protocol is listening at /0.0.0.0:15001
2023-07-06 10:48:01,852 [main] INFO  server.SCMDatanodeProtocolServer (SCMDatanodeProtocolServer.java:start(193)) - ScmDatanodeProtocol RPC server for DataNodes is listening at /0.0.0.0:15002
2023-07-06 10:48:01,902 [JvmPauseMonitor0] INFO  util.JvmPauseMonitor (JvmPauseMonitor.java:run(103)) - JvmPauseMonitor-fcc7a8d2-8e13-4204-a118-5fa6cc2a4a16: Started
2023-07-06 10:48:01,906 [IPC Server listener on 15002] INFO  ipc.Server (Server.java:run(1402)) - IPC Server listener on 15002: starting
2023-07-06 10:48:01,907 [IPC Server Responder] INFO  ipc.Server (Server.java:run(1562)) - IPC Server Responder: starting
2023-07-06 10:48:01,907 [IPC Server listener on 15001] INFO  ipc.Server (Server.java:run(1402)) - IPC Server listener on 15001: starting
2023-07-06 10:48:01,907 [IPC Server Responder] INFO  ipc.Server (Server.java:run(1562)) - IPC Server Responder: starting
2023-07-06 10:48:01,910 [main] INFO  http.BaseHttpServer (BaseHttpServer.java:newHttpServer2BuilderForOzone(224)) - Starting Web-server for scm at: http://0.0.0.0:15003
2023-07-06 10:48:01,910 [main] INFO  http.BaseHttpServer (BaseHttpServer.java:<init>(111)) - Hadoop Security Enabled: false Ozone Security Enabled: false Ozone HTTP Security Enabled: false 
2023-07-06 10:48:01,946 [main] WARN  server.AuthenticationFilter (AuthenticationFilter.java:constructSecretProvider(240)) - Unable to initialize FileSignerSecretProvider, falling back to use random secrets. Reason: Could not read signature secret file: /home/runner/hadoop-http-auth-signature-secret
2023-07-06 10:48:01,950 [main] INFO  http.HttpRequestLog (HttpRequestLog.java:getRequestLog(86)) - Http request log for http.requests.scm is not defined
2023-07-06 10:48:01,954 [main] INFO  http.HttpServer2 (HttpServer2.java:addGlobalFilter(1031)) - Added global filter 'safety' (class=org.apache.hadoop.hdds.server.http.HttpServer2$QuotingInputFilter)
2023-07-06 10:48:01,955 [main] INFO  http.HttpServer2 (HttpServer2.java:addFilter(1007)) - Added filter static_user_filter (class=org.apache.hadoop.http.lib.StaticUserWebFilter$StaticUserFilter) to context scm
2023-07-06 10:48:01,955 [main] INFO  http.HttpServer2 (HttpServer2.java:addFilter(1015)) - Added filter static_user_filter (class=org.apache.hadoop.http.lib.StaticUserWebFilter$StaticUserFilter) to context logs
2023-07-06 10:48:01,956 [main] INFO  http.HttpServer2 (HttpServer2.java:addFilter(1015)) - Added filter static_user_filter (class=org.apache.hadoop.http.lib.StaticUserWebFilter$StaticUserFilter) to context static
2023-07-06 10:48:01,963 [main] INFO  http.BaseHttpServer (BaseHttpServer.java:<init>(190)) - HTTP server of scm uses base directory /home/runner/work/ozone/ozone/hadoop-ozone/integration-test/target/test-dir/MiniOzoneClusterImpl-8ecce792-0b29-40a4-bcd2-9922915e3450/ozone-meta/webserver
2023-07-06 10:48:01,964 [main] INFO  http.HttpServer2 (HttpServer2.java:bindListener(1250)) - Jetty bound to port 15003
2023-07-06 10:48:01,964 [main] INFO  server.Server (Server.java:doStart(375)) - jetty-9.4.51.v20230217; built: 2023-02-17T08:19:37.309Z; git: b45c405e4544384de066f814ed42ae3dceacdd49; jvm 1.8.0_372-b07
2023-07-06 10:48:01,971 [main] INFO  server.session (DefaultSessionIdManager.java:doStart(334)) - DefaultSessionIdManager workerName=node0
2023-07-06 10:48:01,971 [main] INFO  server.session (DefaultSessionIdManager.java:doStart(339)) - No SessionScavenger set, using defaults
2023-07-06 10:48:01,972 [main] INFO  server.session (HouseKeeper.java:startScavenging(132)) - node0 Scavenging every 660000ms
2023-07-06 10:48:01,974 [main] INFO  handler.ContextHandler (ContextHandler.java:doStart(921)) - Started o.e.j.s.ServletContextHandler@4bb13671{logs,/logs,file:///home/runner/work/ozone/ozone/hadoop-ozone/integration-test/target/log,AVAILABLE}
2023-07-06 10:48:01,974 [main] INFO  handler.ContextHandler (ContextHandler.java:doStart(921)) - Started o.e.j.s.ServletContextHandler@52148669{static,/static,file:///home/runner/work/ozone/ozone/hadoop-ozone/integration-test/target/test-classes/webapps/static,AVAILABLE}
2023-07-06 10:48:01,984 [main] INFO  handler.ContextHandler (ContextHandler.java:doStart(921)) - Started o.e.j.w.WebAppContext@729f8c5d{scm,/,file:///home/runner/work/ozone/ozone/hadoop-ozone/integration-test/target/test-classes/webapps/scm/,AVAILABLE}{file:/home/runner/work/ozone/ozone/hadoop-ozone/integration-test/target/test-classes/webapps/scm}
2023-07-06 10:48:01,986 [main] INFO  server.AbstractConnector (AbstractConnector.java:doStart(333)) - Started ServerConnector@2227fa03{HTTP/1.1, (http/1.1)}{0.0.0.0:15003}
2023-07-06 10:48:01,986 [main] INFO  server.Server (Server.java:doStart(415)) - Started @8442ms
2023-07-06 10:48:01,989 [main] INFO  impl.MetricsSinkAdapter (MetricsSinkAdapter.java:start(204)) - Sink prometheus started
2023-07-06 10:48:01,989 [main] INFO  impl.MetricsSystemImpl (MetricsSystemImpl.java:registerSink(305)) - Registered sink prometheus
2023-07-06 10:48:01,991 [main] INFO  http.BaseHttpServer (BaseHttpServer.java:updateConnectorAddress(344)) - HTTP server of scm listening at http://0.0.0.0:15003
2023-07-06 10:48:01,994 [main] WARN  server.ServerUtils (ServerUtils.java:getDBPath(311)) - ozone.om.db.dirs is not configured. We recommend adding this setting. Falling back to ozone.metadata.dirs instead.
2023-07-06 10:48:02,030 [main] INFO  ha.OMHANodeDetails (OMHANodeDetails.java:loadOMHAConfig(115)) - ozone.om.internal.service.id is not defined, falling back to ozone.om.service.ids to find serviceID for OzoneManager if it is HA enabled cluster
2023-07-06 10:48:02,035 [main] INFO  ha.OMHANodeDetails (OMHANodeDetails.java:loadOMHAConfig(226)) - Configuration does not have ozone.om.address set. Falling back to the default OM address /127.0.0.1:15004
2023-07-06 10:48:02,035 [main] INFO  ha.OMHANodeDetails (OMHANodeDetails.java:getOMNodeDetailsForNonHA(254)) - OM Service ID is not set. Setting it to the default ID: omServiceIdDefault
2023-07-06 10:48:02,035 [main] INFO  ha.OMHANodeDetails (OMHANodeDetails.java:getOMNodeDetailsForNonHA(261)) - OM Node ID is not set. Setting it to the default ID: om1
2023-07-06 10:48:02,047 [main] WARN  server.ServerUtils (ServerUtils.java:getDBPath(311)) - ozone.om.db.dirs is not configured. We recommend adding this setting. Falling back to ozone.metadata.dirs instead.
2023-07-06 10:48:02,051 [main] INFO  upgrade.AbstractLayoutVersionManager (AbstractLayoutVersionManager.java:init(83)) - Initializing Layout version manager with metadata layout = QUOTA (version = 6), software layout = QUOTA (version = 6)
2023-07-06 10:48:02,172 [main] INFO  reflections.Reflections (Reflections.java:scan(232)) - Reflections took 117 ms to scan 2 urls, producing 186 keys and 508 values [using 2 cores]
2023-07-06 10:48:02,178 [main] INFO  upgrade.OMLayoutVersionManager (OMLayoutVersionManager.java:lambda$0(115)) - Skipping Upgrade Action MockOmUpgradeAction since it has been finalized.
2023-07-06 10:48:02,179 [main] INFO  upgrade.OMLayoutVersionManager (OMLayoutVersionManager.java:lambda$0(115)) - Skipping Upgrade Action QuotaRepairUpgradeAction since it has been finalized.
2023-07-06 10:48:02,180 [main] WARN  server.ServerUtils (ServerUtils.java:getDBPath(311)) - ozone.om.db.dirs is not configured. We recommend adding this setting. Falling back to ozone.metadata.dirs instead.
2023-07-06 10:48:02,340 [main] INFO  proxy.SCMBlockLocationFailoverProxyProvider (SCMBlockLocationFailoverProxyProvider.java:<init>(114)) - Created block location fail-over proxy with 1 nodes: [nodeId=scmNodeId,nodeAddress=/0.0.0.0:15001]
2023-07-06 10:48:02,411 [main] INFO  om.OzoneManager (OzoneManager.java:<init>(658)) - OM start with adminUsers: [runner]
2023-07-06 10:48:02,443 [main] WARN  server.ServerUtils (ServerUtils.java:getDBPath(311)) - ozone.om.db.dirs is not configured. We recommend adding this setting. Falling back to ozone.metadata.dirs instead.
2023-07-06 10:48:02,476 [main] INFO  helpers.OmKeyInfo (OmKeyInfo.java:getCodec(71)) - OmKeyInfo.getCodec ignorePipeline = true
2023-07-06 10:48:03,029 [main] INFO  om.OzoneManager (OzoneManager.java:instantiateServices(787)) - S3 Multi-Tenancy is disabled
2023-07-06 10:48:03,045 [main] INFO  security.OzoneSecretStore (OzoneSecretStore.java:loadState(69)) - Loaded 0 tokens
2023-07-06 10:48:03,045 [main] INFO  security.OzoneDelegationTokenSecretManager (OzoneDelegationTokenSecretManager.java:loadTokenSecretState(530)) - Loading token state into token manager.
2023-07-06 10:48:03,075 [main] INFO  om.OmSnapshotManager (OmSnapshotManager.java:<init>(175)) - Ozone filesystem snapshot feature is enabled.
2023-07-06 10:48:03,087 [main] WARN  server.ServerUtils (ServerUtils.java:getDBPath(311)) - ozone.om.snapshot.diff.db.dir is not configured. We recommend adding this setting. Falling back to ozone.metadata.dirs instead.
2023-07-06 10:48:03,151 [main] INFO  utils.NativeLibraryLoader (NativeLibraryLoader.java:loadLibrary(105)) - Loading Library: ozone_rocksdb_tools
2023-07-06 10:48:03,152 [main] INFO  snapshot.SnapshotDiffManager (SnapshotDiffManager.java:closeExecutorService(1700)) - Shutting down executorService: 'SstDumpToolExecutor'
2023-07-06 10:48:03,235 [main] INFO  om.OzoneManager (OzoneManager.java:addS3GVolumeToDB(4298)) - Created Volume s3v With Owner runner required for S3Gateway operations.
2023-07-06 10:48:03,317 [main] WARN  server.ServerUtils (ServerUtils.java:getDefaultRatisDirectory(323)) - Storage directory for Ratis is not configured. It is a good idea to map this to an SSD disk. Falling back to ozone.metadata.dirs
2023-07-06 10:48:03,318 [main] WARN  utils.OzoneManagerRatisUtils (OzoneManagerRatisUtils.java:getOMRatisSnapshotDirectory(461)) - ozone.om.ratis.snapshot.dir is not configured. Falling back to ozone.metadata.dirs config
2023-07-06 10:48:03,338 [main] WARN  server.ServerUtils (ServerUtils.java:getDefaultRatisDirectory(323)) - Storage directory for Ratis is not configured. It is a good idea to map this to an SSD disk. Falling back to ozone.metadata.dirs
2023-07-06 10:48:03,369 [main] INFO  ratis.OzoneManagerRatisServer (OzoneManagerRatisServer.java:<init>(163)) - Instantiating OM Ratis server with groupID: omServiceIdDefault and peers: localhost:15007
2023-07-06 10:48:03,381 [main] INFO  ratis.OzoneManagerStateMachine (OzoneManagerStateMachine.java:loadSnapshotInfoFromDB(670)) - LastAppliedIndex is set from TransactionInfo from OM DB as (t:0, i:~)
2023-07-06 10:48:03,452 [main] INFO  server.RaftServer (ConfUtils.java:logGet(46)) - raft.rpc.type = GRPC (default)
2023-07-06 10:48:03,463 [main] INFO  grpc.GrpcConfigKeys (ConfUtils.java:logFallback(53)) - raft.grpc.admin.host = null (fallback to raft.grpc.server.host)
2023-07-06 10:48:03,464 [main] INFO  grpc.GrpcConfigKeys (ConfUtils.java:logFallback(53)) - raft.grpc.admin.port = 15007 (fallback to raft.grpc.server.port)
2023-07-06 10:48:03,465 [main] INFO  grpc.GrpcConfigKeys (ConfUtils.java:logFallback(53)) - raft.grpc.client.host = null (fallback to raft.grpc.server.host)
2023-07-06 10:48:03,466 [main] INFO  grpc.GrpcConfigKeys (ConfUtils.java:logFallback(53)) - raft.grpc.client.port = 15007 (fallback to raft.grpc.server.port)
2023-07-06 10:48:03,466 [main] INFO  grpc.GrpcConfigKeys (ConfUtils.java:logGet(46)) - raft.grpc.server.host = null (default)
2023-07-06 10:48:03,466 [main] INFO  grpc.GrpcConfigKeys (ConfUtils.java:logGet(46)) - raft.grpc.server.port = 15007 (custom)
2023-07-06 10:48:03,467 [main] INFO  server.GrpcService (ConfUtils.java:logGet(46)) - raft.grpc.message.size.max = 33554432 (custom)
2023-07-06 10:48:03,468 [main] INFO  server.RaftServerConfigKeys (ConfUtils.java:logGet(46)) - raft.server.log.appender.buffer.byte-limit = 33554432 (custom)
2023-07-06 10:48:03,469 [main] INFO  server.GrpcService (ConfUtils.java:logGet(46)) - raft.grpc.flow.control.window = 1MB (=1048576) (default)
2023-07-06 10:48:03,470 [main] INFO  server.RaftServerConfigKeys (ConfUtils.java:logGet(46)) - raft.server.rpc.request.timeout = 3000ms (default)
2023-07-06 10:48:03,483 [main] INFO  grpc.GrpcConfigKeys (ConfUtils.java:logGet(46)) - raft.grpc.server.heartbeat.channel = true (default)
2023-07-06 10:48:03,486 [main] INFO  grpc.GrpcConfigKeys (ConfUtils.java:logGet(46)) - raft.grpc.server.async.request.thread.pool.cached = true (default)
2023-07-06 10:48:03,487 [main] INFO  grpc.GrpcConfigKeys (ConfUtils.java:logGet(46)) - raft.grpc.server.async.request.thread.pool.size = 32 (default)
2023-07-06 10:48:03,728 [main] INFO  impl.DataStreamServerImpl (ConfUtils.java:logGet(46)) - raft.datastream.type = DISABLED (default)
2023-07-06 10:48:03,732 [main] INFO  server.RaftServerConfigKeys (ConfUtils.java:logGet(46)) - raft.server.threadpool.proxy.cached = true (default)
2023-07-06 10:48:03,732 [main] INFO  server.RaftServerConfigKeys (ConfUtils.java:logGet(46)) - raft.server.threadpool.proxy.size = 0 (default)
2023-07-06 10:48:03,733 [main] INFO  server.RaftServerConfigKeys (ConfUtils.java:logGet(46)) - raft.server.rpc.slowness.timeout = 120s (custom)
2023-07-06 10:48:03,733 [main] INFO  server.RaftServerConfigKeys (ConfUtils.java:logGet(46)) - raft.server.leaderelection.leader.step-down.wait-time = 10s (default)
2023-07-06 10:48:03,735 [main] INFO  server.RaftServerConfigKeys (ConfUtils.java:logGet(46)) - raft.server.storage.dir = [/home/runner/work/ozone/ozone/hadoop-ozone/integration-test/target/test-dir/MiniOzoneClusterImpl-8ecce792-0b29-40a4-bcd2-9922915e3450/ozone-meta/ratis] (custom)
2023-07-06 10:48:03,746 [main] INFO  server.RaftServer (RaftServerProxy.java:addNew(98)) - om1: addNew group-C5BA1605619E:[om1|rpc:localhost:15007|priority:0|startupRole:FOLLOWER] returns group-C5BA1605619E:java.util.concurrent.CompletableFuture@4fb5590e[Not completed]
2023-07-06 10:48:03,746 [main] INFO  om.OzoneManager (OzoneManager.java:initializeRatisServer(2139)) - OzoneManager Ratis server initialized at port 15007
2023-07-06 10:48:03,752 [main] INFO  om.OzoneManager (OzoneManager.java:getRpcServer(1187)) - Creating RPC Server
2023-07-06 10:48:03,779 [om1-groupManagement] INFO  server.RaftServer$Division (RaftServerImpl.java:<init>(198)) - om1: new RaftServerImpl for group-C5BA1605619E:[om1|rpc:localhost:15007|priority:0|startupRole:FOLLOWER] with OzoneManagerStateMachine:uninitialized
2023-07-06 10:48:03,780 [om1-groupManagement] INFO  server.RaftServerConfigKeys (ConfUtils.java:logGet(46)) - raft.server.rpc.timeout.min = 1s (custom)
2023-07-06 10:48:03,780 [om1-groupManagement] INFO  server.RaftServerConfigKeys (ConfUtils.java:logGet(46)) - raft.server.rpc.timeout.max = 1200ms (custom)
2023-07-06 10:48:03,781 [om1-groupManagement] INFO  server.RaftServerConfigKeys (ConfUtils.java:logGet(46)) - raft.server.rpc.sleep.time = 25ms (default)
2023-07-06 10:48:03,781 [om1-groupManagement] INFO  server.RaftServerConfigKeys (ConfUtils.java:logGet(46)) - raft.server.rpc.slowness.timeout = 120s (custom)
2023-07-06 10:48:03,781 [om1-groupManagement] INFO  server.RaftServerConfigKeys (ConfUtils.java:logGet(46)) - raft.server.leaderelection.leader.step-down.wait-time = 10s (default)
2023-07-06 10:48:03,781 [om1-groupManagement] INFO  server.RaftServerConfigKeys (ConfUtils.java:logGet(46)) - raft.server.sleep.deviation.threshold = 300ms (default)
2023-07-06 10:48:03,796 [om1-groupManagement] INFO  server.RaftServer$Division (ServerState.java:<init>(120)) - om1@group-C5BA1605619E: ConfigurationManager, init=-1: peers:[om1|rpc:localhost:15007|priority:0|startupRole:FOLLOWER]|listeners:[], old=null, confs=<EMPTY_MAP>
2023-07-06 10:48:03,796 [om1-groupManagement] INFO  server.RaftServerConfigKeys (ConfUtils.java:logGet(46)) - raft.server.storage.dir = [/home/runner/work/ozone/ozone/hadoop-ozone/integration-test/target/test-dir/MiniOzoneClusterImpl-8ecce792-0b29-40a4-bcd2-9922915e3450/ozone-meta/ratis] (custom)
2023-07-06 10:48:03,813 [om1-groupManagement] INFO  server.RaftServerConfigKeys (ConfUtils.java:logGet(46)) - raft.server.log.corruption.policy = EXCEPTION (default)
2023-07-06 10:48:03,814 [om1-groupManagement] INFO  server.RaftServerConfigKeys (ConfUtils.java:logGet(46)) - raft.server.storage.free-space.min = 0MB (=0) (default)
2023-07-06 10:48:03,826 [om1-groupManagement] INFO  server.RaftServerConfigKeys (ConfUtils.java:logGet(46)) - raft.server.notification.no-leader.timeout = 120s (custom)
2023-07-06 10:48:03,834 [om1-groupManagement] INFO  server.RaftServerConfigKeys (ConfUtils.java:logGet(46)) - raft.server.read.timeout = 10s (default)
2023-07-06 10:48:03,851 [om1-groupManagement] INFO  server.RaftServerConfigKeys (ConfUtils.java:logGet(46)) - raft.server.retrycache.expirytime = 300s (custom)
2023-07-06 10:48:03,851 [om1-groupManagement] INFO  server.RaftServerConfigKeys (ConfUtils.java:logGet(46)) - raft.server.retrycache.statistics.expirytime = 100μs (default)
2023-07-06 10:48:03,938 [om1-groupManagement] INFO  server.RaftServerConfigKeys (ConfUtils.java:logGet(46)) - raft.server.read.option = DEFAULT (default)
2023-07-06 10:48:03,998 [om1-groupManagement] INFO  server.RaftServerConfigKeys (ConfUtils.java:logGet(46)) - raft.server.rpc.request.timeout = 3000ms (default)
2023-07-06 10:48:04,006 [om1-groupManagement] INFO  server.RaftServerConfigKeys (ConfUtils.java:logGet(46)) - raft.server.log.appender.install.snapshot.enabled = false (custom)
2023-07-06 10:48:04,012 [om1-groupManagement] INFO  server.RaftServerConfigKeys (ConfUtils.java:logGet(46)) - raft.server.threadpool.server.cached = true (default)
2023-07-06 10:48:04,012 [om1-groupManagement] INFO  server.RaftServerConfigKeys (ConfUtils.java:logGet(46)) - raft.server.threadpool.server.size = 0 (default)
2023-07-06 10:48:04,015 [om1-groupManagement] INFO  server.RaftServerConfigKeys (ConfUtils.java:logGet(46)) - raft.server.threadpool.client.cached = true (default)
2023-07-06 10:48:04,017 [om1-groupManagement] INFO  server.RaftServerConfigKeys (ConfUtils.java:logGet(46)) - raft.server.threadpool.client.size = 0 (default)
2023-07-06 10:48:04,604 [main] INFO  reflections.Reflections (Reflections.java:scan(232)) - Reflections took 768 ms to scan 19 urls, producing 70 keys and 5515 values [using 2 cores]
2023-07-06 10:48:04,830 [main] INFO  ipc.CallQueueManager (CallQueueManager.java:<init>(90)) - Using callQueue: class java.util.concurrent.LinkedBlockingQueue, queueCapacity: 2000, scheduler: class org.apache.hadoop.ipc.DefaultRpcScheduler, ipcBackoff: false.
2023-07-06 10:48:04,840 [main] INFO  ipc.Server (Server.java:<init>(1287)) - Listener at 127.0.0.1:15004
2023-07-06 10:48:04,841 [Socket Reader #1 for port 15004] INFO  ipc.Server (Server.java:run(1323)) - Starting Socket Reader #1 for port 15004
2023-07-06 10:48:04,893 [main] INFO  impl.MetricsSystemImpl (MetricsSystemImpl.java:init(158)) - OzoneManager metrics system started (again)
2023-07-06 10:48:04,907 [main] INFO  om.OzoneManager (OzoneManager.java:start(1617)) - OzoneManager RPC server is listening at localhost/127.0.0.1:15004
2023-07-06 10:48:04,908 [main] INFO  ratis.OzoneManagerRatisServer (OzoneManagerRatisServer.java:start(558)) - Starting OzoneManagerRatisServer om1 at port 15007
2023-07-06 10:48:04,916 [om1-impl-thread1] INFO  storage.RaftStorageDirectory (RaftStorageDirectoryImpl.java:analyzeStorage(137)) - The storage directory /home/runner/work/ozone/ozone/hadoop-ozone/integration-test/target/test-dir/MiniOzoneClusterImpl-8ecce792-0b29-40a4-bcd2-9922915e3450/ozone-meta/ratis/bf265839-605b-3f16-9796-c5ba1605619e does not exist. Creating ...
2023-07-06 10:48:04,921 [om1-impl-thread1] INFO  storage.RaftStorageDirectory (RaftStorageDirectoryImpl.java:tryLock(231)) - Lock on /home/runner/work/ozone/ozone/hadoop-ozone/integration-test/target/test-dir/MiniOzoneClusterImpl-8ecce792-0b29-40a4-bcd2-9922915e3450/ozone-meta/ratis/bf265839-605b-3f16-9796-c5ba1605619e/in_use.lock acquired by nodename 110287@fv-az137-100
2023-07-06 10:48:04,929 [om1-impl-thread1] INFO  storage.RaftStorage (RaftStorageImpl.java:format(96)) - Storage directory /home/runner/work/ozone/ozone/hadoop-ozone/integration-test/target/test-dir/MiniOzoneClusterImpl-8ecce792-0b29-40a4-bcd2-9922915e3450/ozone-meta/ratis/bf265839-605b-3f16-9796-c5ba1605619e has been successfully formatted.
2023-07-06 10:48:04,933 [om1-impl-thread1] INFO  server.RaftServerConfigKeys (ConfUtils.java:logGet(46)) - raft.server.log.use.memory = false (default)
2023-07-06 10:48:04,943 [om1-impl-thread1] INFO  server.RaftServerConfigKeys (ConfUtils.java:logGet(46)) - raft.server.log.purge.gap = 1000000 (custom)
2023-07-06 10:48:04,946 [om1-impl-thread1] INFO  server.RaftServerConfigKeys (ConfUtils.java:logGet(46)) - raft.server.log.appender.buffer.byte-limit = 33554432 (custom)
2023-07-06 10:48:04,947 [om1-impl-thread1] INFO  server.RaftServerConfigKeys (ConfUtils.java:logGet(46)) - raft.server.log.statemachine.data.read.timeout = 1000ms (default)
2023-07-06 10:48:04,949 [om1-impl-thread1] INFO  server.RaftServerConfigKeys (ConfUtils.java:logGet(46)) - raft.server.log.purge.preservation.log.num = 0 (default)
2023-07-06 10:48:04,953 [om1-impl-thread1] INFO  server.RaftServerConfigKeys (ConfUtils.java:logGet(46)) - raft.server.log.segment.size.max = 4194304 (custom)
2023-07-06 10:48:04,959 [om1-impl-thread1] INFO  server.RaftServerConfigKeys (ConfUtils.java:logGet(46)) - raft.server.log.segment.cache.num.max = 2 (custom)
2023-07-06 10:48:04,959 [om1-impl-thread1] INFO  server.RaftServerConfigKeys (ConfUtils.java:logGet(46)) - raft.server.log.segment.cache.size.max = 200MB (=209715200) (default)
2023-07-06 10:48:04,959 [om1-impl-thread1] INFO  server.RaftServerConfigKeys (ConfUtils.java:logGet(46)) - raft.server.log.appender.buffer.byte-limit = 33554432 (custom)
2023-07-06 10:48:04,966 [om1-impl-thread1] INFO  segmented.SegmentedRaftLogWorker (SegmentedRaftLogWorker.java:<init>(188)) - new om1@group-C5BA1605619E-SegmentedRaftLogWorker for RaftStorageImpl:Storage Directory /home/runner/work/ozone/ozone/hadoop-ozone/integration-test/target/test-dir/MiniOzoneClusterImpl-8ecce792-0b29-40a4-bcd2-9922915e3450/ozone-meta/ratis/bf265839-605b-3f16-9796-c5ba1605619e
2023-07-06 10:48:04,967 [om1-impl-thread1] INFO  server.RaftServerConfigKeys (ConfUtils.java:logGet(46)) - raft.server.log.queue.byte-limit = 64MB (=67108864) (default)
2023-07-06 10:48:04,967 [om1-impl-thread1] INFO  server.RaftServerConfigKeys (ConfUtils.java:logGet(46)) - raft.server.log.queue.element-limit = 4096 (default)
2023-07-06 10:48:04,968 [om1-impl-thread1] INFO  server.RaftServerConfigKeys (ConfUtils.java:logGet(46)) - raft.server.log.segment.size.max = 4194304 (custom)
2023-07-06 10:48:04,969 [om1-impl-thread1] INFO  server.RaftServerConfigKeys (ConfUtils.java:logGet(46)) - raft.server.log.preallocated.size = 4194304 (custom)
2023-07-06 10:48:04,969 [om1-impl-thread1] INFO  server.RaftServerConfigKeys (ConfUtils.java:logGet(46)) - raft.server.log.force.sync.num = 128 (default)
2023-07-06 10:48:04,971 [om1-impl-thread1] INFO  server.RaftServerConfigKeys (ConfUtils.java:logGet(46)) - raft.server.log.statemachine.data.sync = true (default)
2023-07-06 10:48:04,972 [om1-impl-thread1] INFO  server.RaftServerConfigKeys (ConfUtils.java:logGet(46)) - raft.server.log.statemachine.data.sync.timeout = 10s (default)
2023-07-06 10:48:04,973 [om1-impl-thread1] INFO  server.RaftServerConfigKeys (ConfUtils.java:logGet(46)) - raft.server.log.statemachine.data.sync.timeout.retry = -1 (default)
2023-07-06 10:48:04,983 [om1-impl-thread1] INFO  server.RaftServerConfigKeys (ConfUtils.java:logGet(46)) - raft.server.log.write.buffer.size = 64KB (=65536) (default)
2023-07-06 10:48:04,984 [om1-impl-thread1] INFO  server.RaftServerConfigKeys (ConfUtils.java:logGet(46)) - raft.server.log.appender.buffer.byte-limit = 33554432 (custom)
2023-07-06 10:48:05,002 [om1-impl-thread1] INFO  server.RaftServerConfigKeys (ConfUtils.java:logGet(46)) - raft.server.log.unsafe-flush.enabled = false (default)
2023-07-06 10:48:05,003 [om1-impl-thread1] INFO  server.RaftServerConfigKeys (ConfUtils.java:logGet(46)) - raft.server.log.async-flush.enabled = false (default)
2023-07-06 10:48:05,003 [om1-impl-thread1] INFO  server.RaftServerConfigKeys (ConfUtils.java:logGet(46)) - raft.server.log.statemachine.data.caching.enabled = false (default)
2023-07-06 10:48:05,010 [om1-impl-thread1] INFO  segmented.SegmentedRaftLogWorker (SegmentedRaftLogWorker.java:lambda$new$0(135)) - om1@group-C5BA1605619E-SegmentedRaftLogWorker: flushIndex: setUnconditionally 0 -> -1
2023-07-06 10:48:05,011 [om1-impl-thread1] INFO  segmented.SegmentedRaftLogWorker (SegmentedRaftLogWorker.java:lambda$new$0(135)) - om1@group-C5BA1605619E-SegmentedRaftLogWorker: safeCacheEvictIndex: setUnconditionally 0 -> -1
2023-07-06 10:48:05,012 [om1-impl-thread1] INFO  server.RaftServer$Division (RaftServerImpl.java:start(342)) - om1@group-C5BA1605619E: start as a follower, conf=-1: peers:[om1|rpc:localhost:15007|priority:0|startupRole:FOLLOWER]|listeners:[], old=null
2023-07-06 10:48:05,013 [om1-impl-thread1] INFO  server.RaftServer$Division (RaftServerImpl.java:setRole(329)) - om1@group-C5BA1605619E: changes role from      null to FOLLOWER at term 0 for startAsFollower
2023-07-06 10:48:05,015 [om1-impl-thread1] INFO  impl.RoleInfo (RoleInfo.java:updateAndGet(139)) - om1: start om1@group-C5BA1605619E-FollowerState
2023-07-06 10:48:05,017 [om1-impl-thread1] INFO  util.JmxRegister (JmxRegister.java:tryRegister(44)) - Successfully registered JMX Bean with object name Ratis:service=RaftServer,group=group-C5BA1605619E,id=om1
2023-07-06 10:48:05,019 [om1-impl-thread1] INFO  server.RaftServerConfigKeys (ConfUtils.java:logGet(46)) - raft.server.snapshot.auto.trigger.enabled = true (custom)
2023-07-06 10:48:05,019 [om1-impl-thread1] INFO  server.RaftServerConfigKeys (ConfUtils.java:logGet(46)) - raft.server.snapshot.auto.trigger.threshold = 400000 (default)
2023-07-06 10:48:05,019 [om1-impl-thread1] INFO  server.RaftServerConfigKeys (ConfUtils.java:logGet(46)) - raft.server.snapshot.retention.file.num = -1 (default)
2023-07-06 10:48:05,020 [om1-impl-thread1] INFO  server.RaftServerConfigKeys (ConfUtils.java:logGet(46)) - raft.server.log.purge.upto.snapshot.index = true (custom)
2023-07-06 10:48:05,022 [om1@group-C5BA1605619E-FollowerState] INFO  server.RaftServerConfigKeys (ConfUtils.java:logFallback(53)) - raft.server.rpc.first-election.timeout.min = 1s (fallback to raft.server.rpc.timeout.min)
2023-07-06 10:48:05,022 [om1@group-C5BA1605619E-FollowerState] INFO  server.RaftServerConfigKeys (ConfUtils.java:logFallback(53)) - raft.server.rpc.first-election.timeout.max = 1200ms (fallback to raft.server.rpc.timeout.max)
2023-07-06 10:48:05,024 [main] INFO  server.RaftServer (RaftServerProxy.java:startImpl(400)) - om1: start RPC server
2023-07-06 10:48:05,083 [main] INFO  server.GrpcService (GrpcService.java:startImpl(302)) - om1: GrpcService started, listening on 15007
2023-07-06 10:48:05,084 [main] INFO  om.OzoneManager (OzoneManager.java:start(1633)) - Version File has different layout version (6) than OM DB (null). That is expected if this OM has never been finalized to a newer layout version.
2023-07-06 10:48:05,090 [JvmPauseMonitor1] INFO  util.JvmPauseMonitor (JvmPauseMonitor.java:run(103)) - JvmPauseMonitor-om1: Started
2023-07-06 10:48:05,132 [main] INFO  http.BaseHttpServer (BaseHttpServer.java:newHttpServer2BuilderForOzone(224)) - Starting Web-server for ozoneManager at: http://0.0.0.0:15005
2023-07-06 10:48:05,132 [main] INFO  http.BaseHttpServer (BaseHttpServer.java:<init>(111)) - Hadoop Security Enabled: false Ozone Security Enabled: false Ozone HTTP Security Enabled: false 
2023-07-06 10:48:05,134 [main] WARN  server.AuthenticationFilter (AuthenticationFilter.java:constructSecretProvider(240)) - Unable to initialize FileSignerSecretProvider, falling back to use random secrets. Reason: Could not read signature secret file: /home/runner/hadoop-http-auth-signature-secret
2023-07-06 10:48:05,137 [main] INFO  http.HttpRequestLog (HttpRequestLog.java:getRequestLog(86)) - Http request log for http.requests.ozoneManager is not defined
2023-07-06 10:48:05,139 [main] INFO  http.HttpServer2 (HttpServer2.java:addGlobalFilter(1031)) - Added global filter 'safety' (class=org.apache.hadoop.hdds.server.http.HttpServer2$QuotingInputFilter)
2023-07-06 10:48:05,140 [main] INFO  http.HttpServer2 (HttpServer2.java:addFilter(1007)) - Added filter static_user_filter (class=org.apache.hadoop.http.lib.StaticUserWebFilter$StaticUserFilter) to context ozoneManager
2023-07-06 10:48:05,140 [main] INFO  http.HttpServer2 (HttpServer2.java:addFilter(1015)) - Added filter static_user_filter (class=org.apache.hadoop.http.lib.StaticUserWebFilter$StaticUserFilter) to context logs
2023-07-06 10:48:05,140 [main] INFO  http.HttpServer2 (HttpServer2.java:addFilter(1015)) - Added filter static_user_filter (class=org.apache.hadoop.http.lib.StaticUserWebFilter$StaticUserFilter) to context static
2023-07-06 10:48:05,141 [main] INFO  http.BaseHttpServer (BaseHttpServer.java:<init>(190)) - HTTP server of ozoneManager uses base directory /home/runner/work/ozone/ozone/hadoop-ozone/integration-test/target/test-dir/MiniOzoneClusterImpl-8ecce792-0b29-40a4-bcd2-9922915e3450/ozone-meta/webserver
2023-07-06 10:48:05,147 [main] INFO  http.HttpServer2 (HttpServer2.java:bindListener(1250)) - Jetty bound to port 15005
2023-07-06 10:48:05,147 [main] INFO  server.Server (Server.java:doStart(375)) - jetty-9.4.51.v20230217; built: 2023-02-17T08:19:37.309Z; git: b45c405e4544384de066f814ed42ae3dceacdd49; jvm 1.8.0_372-b07
2023-07-06 10:48:05,163 [main] INFO  server.session (DefaultSessionIdManager.java:doStart(334)) - DefaultSessionIdManager workerName=node0
2023-07-06 10:48:05,163 [main] INFO  server.session (DefaultSessionIdManager.java:doStart(339)) - No SessionScavenger set, using defaults
2023-07-06 10:48:05,164 [main] INFO  server.session (HouseKeeper.java:startScavenging(132)) - node0 Scavenging every 600000ms
2023-07-06 10:48:05,165 [main] INFO  handler.ContextHandler (ContextHandler.java:doStart(921)) - Started o.e.j.s.ServletContextHandler@738fb8e8{logs,/logs,file:///home/runner/work/ozone/ozone/hadoop-ozone/integration-test/target/log,AVAILABLE}
2023-07-06 10:48:05,165 [main] INFO  handler.ContextHandler (ContextHandler.java:doStart(921)) - Started o.e.j.s.ServletContextHandler@3df23a4a{static,/static,file:///home/runner/work/ozone/ozone/hadoop-ozone/integration-test/target/test-classes/webapps/static,AVAILABLE}
2023-07-06 10:48:05,169 [main] INFO  handler.ContextHandler (ContextHandler.java:doStart(921)) - Started o.e.j.w.WebAppContext@40f42ae{ozoneManager,/,file:///home/runner/work/ozone/ozone/hadoop-ozone/integration-test/target/test-classes/webapps/ozoneManager/,AVAILABLE}{file:/home/runner/work/ozone/ozone/hadoop-ozone/integration-test/target/test-classes/webapps/ozoneManager}
2023-07-06 10:48:05,172 [main] INFO  server.AbstractConnector (AbstractConnector.java:doStart(333)) - Started ServerConnector@420c38f9{HTTP/1.1, (http/1.1)}{0.0.0.0:15005}
2023-07-06 10:48:05,172 [main] INFO  server.Server (Server.java:doStart(415)) - Started @11628ms
2023-07-06 10:48:05,172 [main] WARN  impl.MetricsSystemImpl (MetricsSystemImpl.java:register(279)) - Sink prometheus already exists!
2023-07-06 10:48:05,173 [main] INFO  http.BaseHttpServer (BaseHttpServer.java:updateConnectorAddress(344)) - HTTP server of ozoneManager listening at http://0.0.0.0:15005
2023-07-06 10:48:05,173 [IPC Server Responder] INFO  ipc.Server (Server.java:run(1562)) - IPC Server Responder: starting
2023-07-06 10:48:05,174 [IPC Server listener on 15004] INFO  ipc.Server (Server.java:run(1402)) - IPC Server listener on 15004: starting
2023-07-06 10:48:05,179 [main] INFO  om.OzoneManager (OzoneManager.java:startTrashEmptier(2092)) - Trash Interval set to 0. Files deleted won't move to trash
2023-07-06 10:48:05,530 [main] WARN  impl.MetricRegistriesImpl (MetricRegistriesImpl.java:addReporterRegistration(111)) - New reporters are added after registries were created. Some metrics will be missing from the reporter. Please add reporter before adding any new registry.
2023-07-06 10:48:05,531 [main] WARN  impl.MetricRegistriesImpl (MetricRegistriesImpl.java:addReporterRegistration(111)) - New reporters are added after registries were created. Some metrics will be missing from the reporter. Please add reporter before adding any new registry.
2023-07-06 10:48:05,531 [main] INFO  impl.MetricsSystemImpl (MetricsSystemImpl.java:init(158)) - HddsDatanode metrics system started (again)
2023-07-06 10:48:05,559 [main] INFO  ozone.HddsDatanodeService (HddsDatanodeService.java:start(237)) - HddsDatanodeService host:fv-az137-100.aripajfx3awelhgv3otau1goqd.bx.internal.cloudapp.net ip:10.1.0.19
2023-07-06 10:48:05,609 [main] INFO  upgrade.AbstractLayoutVersionManager (AbstractLayoutVersionManager.java:init(83)) - Initializing Layout version manager with metadata layout = HADOOP_PRC_PORTS_IN_DATANODEDETAILS (version = 7), software layout = HADOOP_PRC_PORTS_IN_DATANODEDETAILS (version = 7)
2023-07-06 10:48:05,613 [main] INFO  statemachine.DatanodeStateMachine (DatanodeStateMachine.java:getEndPointTaskThreadPoolSize(279)) - Datanode State Machine Task Thread Pool size 2
2023-07-06 10:48:05,770 [main] INFO  volume.HddsVolume (HddsVolume.java:<init>(133)) - Creating HddsVolume: /home/runner/work/ozone/ozone/hadoop-ozone/integration-test/target/test-dir/MiniOzoneClusterImpl-8ecce792-0b29-40a4-bcd2-9922915e3450/datanode-0/data-0/containers/hdds of storage type : DISK capacity : 9223372036854775807
2023-07-06 10:48:05,772 [main] INFO  volume.MutableVolumeSet (MutableVolumeSet.java:initializeVolumeSet(175)) - Added Volume : /home/runner/work/ozone/ozone/hadoop-ozone/integration-test/target/test-dir/MiniOzoneClusterImpl-8ecce792-0b29-40a4-bcd2-9922915e3450/datanode-0/data-0/containers/hdds to VolumeSet
2023-07-06 10:48:05,774 [main] INFO  volume.ThrottledAsyncChecker (ThrottledAsyncChecker.java:schedule(141)) - Scheduling a check for /home/runner/work/ozone/ozone/hadoop-ozone/integration-test/target/test-dir/MiniOzoneClusterImpl-8ecce792-0b29-40a4-bcd2-9922915e3450/datanode-0/data-0/containers/hdds
2023-07-06 10:48:05,823 [main] INFO  volume.StorageVolumeChecker (StorageVolumeChecker.java:checkAllVolumes(202)) - Scheduled health check for volume /home/runner/work/ozone/ozone/hadoop-ozone/integration-test/target/test-dir/MiniOzoneClusterImpl-8ecce792-0b29-40a4-bcd2-9922915e3450/datanode-0/data-0/containers/hdds
2023-07-06 10:48:05,830 [main] INFO  volume.MutableVolumeSet (MutableVolumeSet.java:initializeVolumeSet(175)) - Added Volume : /home/runner/work/ozone/ozone/hadoop-ozone/integration-test/target/test-dir/MiniOzoneClusterImpl-8ecce792-0b29-40a4-bcd2-9922915e3450/datanode-0/data/ratis to VolumeSet
2023-07-06 10:48:05,830 [main] INFO  volume.ThrottledAsyncChecker (ThrottledAsyncChecker.java:schedule(141)) - Scheduling a check for /home/runner/work/ozone/ozone/hadoop-ozone/integration-test/target/test-dir/MiniOzoneClusterImpl-8ecce792-0b29-40a4-bcd2-9922915e3450/datanode-0/data/ratis
2023-07-06 10:48:05,830 [main] INFO  volume.StorageVolumeChecker (StorageVolumeChecker.java:checkAllVolumes(202)) - Scheduled health check for volume /home/runner/work/ozone/ozone/hadoop-ozone/integration-test/target/test-dir/MiniOzoneClusterImpl-8ecce792-0b29-40a4-bcd2-9922915e3450/datanode-0/data/ratis
2023-07-06 10:48:05,847 [Thread-151] INFO  ozoneimpl.ContainerReader (ContainerReader.java:readVolume(175)) - Finish verifying containers on volume /home/runner/work/ozone/ozone/hadoop-ozone/integration-test/target/test-dir/MiniOzoneClusterImpl-8ecce792-0b29-40a4-bcd2-9922915e3450/datanode-0/data-0/containers/hdds
2023-07-06 10:48:05,848 [main] INFO  ozoneimpl.OzoneContainer (OzoneContainer.java:buildContainerSet(316)) - Build ContainerSet costs 0s
2023-07-06 10:48:05,904 [main] INFO  audit.AuditLogger (AuditLogger.java:refreshDebugCmdSet(126)) - Refresh DebugCmdSet for DNAudit to [].
2023-07-06 10:48:05,941 [main] INFO  server.RaftServer (ConfUtils.java:logGet(46)) - raft.rpc.type = GRPC (default)
2023-07-06 10:48:05,941 [main] INFO  grpc.GrpcConfigKeys (ConfUtils.java:logFallback(53)) - raft.grpc.admin.host = null (fallback to raft.grpc.server.host)
2023-07-06 10:48:05,941 [main] INFO  grpc.GrpcConfigKeys (ConfUtils.java:logGet(46)) - raft.grpc.admin.port = 15013 (custom)
2023-07-06 10:48:05,941 [main] INFO  grpc.GrpcConfigKeys (ConfUtils.java:logFallback(53)) - raft.grpc.client.host = null (fallback to raft.grpc.server.host)
2023-07-06 10:48:05,941 [main] INFO  grpc.GrpcConfigKeys (ConfUtils.java:logGet(46)) - raft.grpc.client.port = 15012 (custom)
2023-07-06 10:48:05,942 [main] INFO  grpc.GrpcConfigKeys (ConfUtils.java:logGet(46)) - raft.grpc.server.host = null (default)
2023-07-06 10:48:05,942 [main] INFO  grpc.GrpcConfigKeys (ConfUtils.java:logGet(46)) - raft.grpc.server.port = 15014 (custom)
2023-07-06 10:48:05,942 [main] INFO  server.GrpcService (ConfUtils.java:logGet(46)) - raft.grpc.message.size.max = 32MB (=33554432) (custom)
2023-07-06 10:48:05,942 [main] INFO  server.RaftServerConfigKeys (ConfUtils.java:logGet(46)) - raft.server.log.appender.buffer.byte-limit = 33554432 (custom)
2023-07-06 10:48:05,942 [main] INFO  server.GrpcService (ConfUtils.java:logGet(46)) - raft.grpc.flow.control.window = 5MB (=5242880) (custom)
2023-07-06 10:48:05,943 [main] INFO  server.RaftServerConfigKeys (ConfUtils.java:logGet(46)) - raft.server.rpc.request.timeout = 60s (custom)
2023-07-06 10:48:05,943 [main] INFO  grpc.GrpcConfigKeys (ConfUtils.java:logGet(46)) - raft.grpc.server.heartbeat.channel = true (default)
2023-07-06 10:48:05,943 [main] INFO  grpc.GrpcConfigKeys (ConfUtils.java:logGet(46)) - raft.grpc.server.async.request.thread.pool.cached = true (default)
2023-07-06 10:48:05,943 [main] INFO  grpc.GrpcConfigKeys (ConfUtils.java:logGet(46)) - raft.grpc.server.async.request.thread.pool.size = 32 (default)
2023-07-06 10:48:05,946 [main] INFO  impl.DataStreamServerImpl (ConfUtils.java:logGet(46)) - raft.datastream.type = NETTY (custom)
2023-07-06 10:48:05,955 [main] INFO  server.RaftServerConfigKeys (ConfUtils.java:logGet(46)) - raft.server.data-stream.async.request.thread.pool.cached = false (default)
2023-07-06 10:48:05,956 [main] INFO  server.RaftServerConfigKeys (ConfUtils.java:logGet(46)) - raft.server.data-stream.async.request.thread.pool.size = 20 (custom)
2023-07-06 10:48:05,957 [main] INFO  server.RaftServerConfigKeys (ConfUtils.java:logGet(46)) - raft.server.data-stream.async.write.thread.pool.size = 16 (default)
2023-07-06 10:48:05,958 [main] INFO  server.RaftServerConfigKeys (ConfUtils.java:logGet(46)) - raft.server.data-stream.client.pool.size = 10 (default)
2023-07-06 10:48:05,961 [main] INFO  netty.NettyConfigKeys$DataStream (ConfUtils.java:logGet(46)) - raft.netty.dataStream.server.use-epoll = false (default)
2023-07-06 10:48:05,962 [main] INFO  netty.NettyConfigKeys$DataStream (ConfUtils.java:logGet(46)) - raft.netty.dataStream.server.boss-group.size = 0 (default)
2023-07-06 10:48:05,969 [main] INFO  netty.NettyConfigKeys$DataStream (ConfUtils.java:logGet(46)) - raft.netty.dataStream.server.worker-group.size = 0 (default)
2023-07-06 10:48:05,970 [main] INFO  netty.NettyConfigKeys$DataStream (ConfUtils.java:logGet(46)) - raft.netty.dataStream.server.tls.conf = null (default)
2023-07-06 10:48:05,971 [main] INFO  netty.NettyConfigKeys$DataStream (ConfUtils.java:logGet(46)) - raft.netty.dataStream.host = null (default)
2023-07-06 10:48:05,972 [main] INFO  netty.NettyConfigKeys$DataStream (ConfUtils.java:logGet(46)) - raft.netty.dataStream.port = 15015 (custom)
2023-07-06 10:48:05,981 [main] INFO  server.RaftServerConfigKeys (ConfUtils.java:logGet(46)) - raft.server.threadpool.proxy.cached = true (default)
2023-07-06 10:48:05,981 [main] INFO  server.RaftServerConfigKeys (ConfUtils.java:logGet(46)) - raft.server.threadpool.proxy.size = 0 (default)
2023-07-06 10:48:05,982 [main] INFO  server.RaftServerConfigKeys (ConfUtils.java:logGet(46)) - raft.server.rpc.slowness.timeout = 300s (custom)
2023-07-06 10:48:05,982 [main] INFO  server.RaftServerConfigKeys (ConfUtils.java:logGet(46)) - raft.server.leaderelection.leader.step-down.wait-time = 10s (default)
2023-07-06 10:48:05,982 [main] INFO  server.RaftServerConfigKeys (ConfUtils.java:logGet(46)) - raft.server.storage.dir = [/home/runner/work/ozone/ozone/hadoop-ozone/integration-test/target/test-dir/MiniOzoneClusterImpl-8ecce792-0b29-40a4-bcd2-9922915e3450/datanode-0/data/ratis] (custom)
2023-07-06 10:48:06,008 [c18b64c4-7b5c-4e0a-b26c-2daf5f5ffc53-NettyServerStreamRpc-bossGroup--thread1] INFO  logging.LoggingHandler (AbstractInternalLogger.java:log(148)) - [id: 0x9292a9eb] REGISTERED
2023-07-06 10:48:06,010 [c18b64c4-7b5c-4e0a-b26c-2daf5f5ffc53-NettyServerStreamRpc-bossGroup--thread1] INFO  logging.LoggingHandler (AbstractInternalLogger.java:log(148)) - [id: 0x9292a9eb] BIND: 0.0.0.0/0.0.0.0:15015
2023-07-06 10:48:06,012 [c18b64c4-7b5c-4e0a-b26c-2daf5f5ffc53-NettyServerStreamRpc-bossGroup--thread1] INFO  logging.LoggingHandler (AbstractInternalLogger.java:log(148)) - [id: 0x9292a9eb, L:/0:0:0:0:0:0:0:0:15015] ACTIVE
2023-07-06 10:48:06,021 [main] INFO  server.XceiverServerGrpc (XceiverServerGrpc.java:<init>(132)) - GrpcServer channel type EpollServerSocketChannel
2023-07-06 10:48:06,062 [main] INFO  replication.ReplicationSupervisor (ReplicationSupervisor.java:nodeStateUpdated(305)) - Node state updated to IN_SERVICE, scaling executor pool size to 10
2023-07-06 10:48:06,092 [om1@group-C5BA1605619E-FollowerState] INFO  impl.FollowerState (FollowerState.java:run(143)) - om1@group-C5BA1605619E-FollowerState: change to CANDIDATE, lastRpcElapsedTime:1077634071ns, electionTimeout:1069ms
2023-07-06 10:48:06,093 [om1@group-C5BA1605619E-FollowerState] INFO  impl.RoleInfo (RoleInfo.java:shutdownFollowerState(110)) - om1: shutdown om1@group-C5BA1605619E-FollowerState
2023-07-06 10:48:06,094 [om1@group-C5BA1605619E-FollowerState] INFO  server.RaftServer$Division (RaftServerImpl.java:setRole(329)) - om1@group-C5BA1605619E: changes role from  FOLLOWER to CANDIDATE at term 0 for changeToCandidate
2023-07-06 10:48:06,099 [om1@group-C5BA1605619E-FollowerState] INFO  server.RaftServerConfigKeys (ConfUtils.java:logGet(46)) - raft.server.leaderelection.pre-vote = true (default)
2023-07-06 10:48:06,099 [om1@group-C5BA1605619E-FollowerState] INFO  impl.RoleInfo (RoleInfo.java:updateAndGet(139)) - om1: start om1@group-C5BA1605619E-LeaderElection1
2023-07-06 10:48:06,110 [om1@group-C5BA1605619E-LeaderElection1] INFO  impl.LeaderElection (LeaderElection.java:askForVotes(321)) - om1@group-C5BA1605619E-LeaderElection1 PRE_VOTE round 0: submit vote requests at term 0 for -1: peers:[om1|rpc:localhost:15007|priority:0|startupRole:FOLLOWER]|listeners:[], old=null
2023-07-06 10:48:06,112 [om1@group-C5BA1605619E-LeaderElection1] INFO  impl.LeaderElection (LeaderElection.java:askForVotes(323)) - om1@group-C5BA1605619E-LeaderElection1 PRE_VOTE round 0: result PASSED (term=0)
2023-07-06 10:48:06,115 [om1@group-C5BA1605619E-LeaderElection1] INFO  impl.LeaderElection (LeaderElection.java:askForVotes(321)) - om1@group-C5BA1605619E-LeaderElection1 ELECTION round 0: submit vote requests at term 1 for -1: peers:[om1|rpc:localhost:15007|priority:0|startupRole:FOLLOWER]|listeners:[], old=null
2023-07-06 10:48:06,115 [om1@group-C5BA1605619E-LeaderElection1] INFO  impl.LeaderElection (LeaderElection.java:askForVotes(323)) - om1@group-C5BA1605619E-LeaderElection1 ELECTION round 0: result PASSED (term=1)
2023-07-06 10:48:06,115 [om1@group-C5BA1605619E-LeaderElection1] INFO  impl.RoleInfo (RoleInfo.java:shutdownLeaderElection(130)) - om1: shutdown om1@group-C5BA1605619E-LeaderElection1
2023-07-06 10:48:06,116 [om1@group-C5BA1605619E-LeaderElection1] INFO  server.RaftServer$Division (RaftServerImpl.java:setRole(329)) - om1@group-C5BA1605619E: changes role from CANDIDATE to LEADER at term 1 for changeToLeader
2023-07-06 10:48:06,120 [om1@group-C5BA1605619E-LeaderElection1] INFO  server.RaftServer$Division (ServerState.java:setLeader(317)) - om1@group-C5BA1605619E: change Leader from null to om1 at term 1 for becomeLeader, leader elected after 2290ms
2023-07-06 10:48:06,135 [om1@group-C5BA1605619E-LeaderElection1] INFO  server.RaftServerConfigKeys (ConfUtils.java:logGet(46)) - raft.server.staging.catchup.gap = 1000 (default)
2023-07-06 10:48:06,145 [om1@group-C5BA1605619E-LeaderElection1] INFO  server.RaftServerConfigKeys (ConfUtils.java:logGet(46)) - raft.server.write.element-limit = 4096 (default)
2023-07-06 10:48:06,147 [om1@group-C5BA1605619E-LeaderElection1] INFO  server.RaftServerConfigKeys (ConfUtils.java:logGet(46)) - raft.server.write.byte-limit = 64MB (=67108864) (default)
2023-07-06 10:48:06,155 [om1@group-C5BA1605619E-LeaderElection1] INFO  server.RaftServerConfigKeys (ConfUtils.java:logGet(46)) - raft.server.watch.timeout = 10s (default)
2023-07-06 10:48:06,155 [om1@group-C5BA1605619E-LeaderElection1] INFO  server.RaftServerConfigKeys (ConfUtils.java:logGet(46)) - raft.server.watch.timeout.denomination = 1s (default)
2023-07-06 10:48:06,155 [main] INFO  http.BaseHttpServer (BaseHttpServer.java:newHttpServer2BuilderForOzone(224)) - Starting Web-server for hddsDatanode at: http://0.0.0.0:15009
2023-07-06 10:48:06,162 [main] INFO  http.BaseHttpServer (BaseHttpServer.java:<init>(111)) - Hadoop Security Enabled: false Ozone Security Enabled: false Ozone HTTP Security Enabled: false 
2023-07-06 10:48:06,163 [om1@group-C5BA1605619E-LeaderElection1] INFO  server.RaftServerConfigKeys (ConfUtils.java:logGet(46)) - raft.server.watch.element-limit = 65536 (default)
2023-07-06 10:48:06,165 [main] WARN  server.AuthenticationFilter (AuthenticationFilter.java:constructSecretProvider(240)) - Unable to initialize FileSignerSecretProvider, falling back to use random secrets. Reason: Could not read signature secret file: /home/runner/hadoop-http-auth-signature-secret
2023-07-06 10:48:06,170 [om1@group-C5BA1605619E-LeaderElection1] INFO  server.RaftServerConfigKeys (ConfUtils.java:logGet(46)) - raft.server.write.element-limit = 4096 (default)
2023-07-06 10:48:06,173 [om1@group-C5BA1605619E-LeaderElection1] INFO  server.RaftServerConfigKeys (ConfUtils.java:logGet(46)) - raft.server.write.follower.gap.ratio.max = -1.0 (default)
2023-07-06 10:48:06,176 [main] INFO  http.HttpRequestLog (HttpRequestLog.java:getRequestLog(86)) - Http request log for http.requests.hddsDatanode is not defined
2023-07-06 10:48:06,177 [main] INFO  http.HttpServer2 (HttpServer2.java:addGlobalFilter(1031)) - Added global filter 'safety' (class=org.apache.hadoop.hdds.server.http.HttpServer2$QuotingInputFilter)
2023-07-06 10:48:06,178 [main] INFO  http.HttpServer2 (HttpServer2.java:addFilter(1007)) - Added filter static_user_filter (class=org.apache.hadoop.http.lib.StaticUserWebFilter$StaticUserFilter) to context hddsDatanode
2023-07-06 10:48:06,178 [main] INFO  http.HttpServer2 (HttpServer2.java:addFilter(1015)) - Added filter static_user_filter (class=org.apache.hadoop.http.lib.StaticUserWebFilter$StaticUserFilter) to context logs
2023-07-06 10:48:06,178 [main] INFO  http.HttpServer2 (HttpServer2.java:addFilter(1015)) - Added filter static_user_filter (class=org.apache.hadoop.http.lib.StaticUserWebFilter$StaticUserFilter) to context static
2023-07-06 10:48:06,179 [main] INFO  http.BaseHttpServer (BaseHttpServer.java:<init>(190)) - HTTP server of hddsDatanode uses base directory /home/runner/work/ozone/ozone/hadoop-ozone/integration-test/target/test-dir/MiniOzoneClusterImpl-8ecce792-0b29-40a4-bcd2-9922915e3450/datanode-0/meta/webserver
2023-07-06 10:48:06,180 [main] INFO  http.HttpServer2 (HttpServer2.java:bindListener(1250)) - Jetty bound to port 15009
2023-07-06 10:48:06,180 [main] INFO  server.Server (Server.java:doStart(375)) - jetty-9.4.51.v20230217; built: 2023-02-17T08:19:37.309Z; git: b45c405e4544384de066f814ed42ae3dceacdd49; jvm 1.8.0_372-b07
2023-07-06 10:48:06,183 [om1@group-C5BA1605619E-LeaderElection1] INFO  impl.RoleInfo (RoleInfo.java:updateAndGet(139)) - om1: start om1@group-C5BA1605619E-LeaderStateImpl
2023-07-06 10:48:06,220 [om1@group-C5BA1605619E-LeaderElection1] INFO  segmented.SegmentedRaftLogWorker (SegmentedRaftLogWorker.java:startLogSegment(447)) - om1@group-C5BA1605619E-SegmentedRaftLogWorker: Starting segment from index:0
2023-07-06 10:48:06,222 [main] INFO  server.session (DefaultSessionIdManager.java:doStart(334)) - DefaultSessionIdManager workerName=node0
2023-07-06 10:48:06,222 [main] INFO  server.session (DefaultSessionIdManager.java:doStart(339)) - No SessionScavenger set, using defaults
2023-07-06 10:48:06,223 [main] INFO  server.session (HouseKeeper.java:startScavenging(132)) - node0 Scavenging every 660000ms
2023-07-06 10:48:06,227 [main] INFO  handler.ContextHandler (ContextHandler.java:doStart(921)) - Started o.e.j.s.ServletContextHandler@53884783{logs,/logs,file:///home/runner/work/ozone/ozone/hadoop-ozone/integration-test/target/log,AVAILABLE}
2023-07-06 10:48:06,228 [main] INFO  handler.ContextHandler (ContextHandler.java:doStart(921)) - Started o.e.j.s.ServletContextHandler@63c6a639{static,/static,jar:file:/home/runner/.m2/repository/org/apache/ozone/hdds-container-service/1.4.0-SNAPSHOT/hdds-container-service-1.4.0-SNAPSHOT.jar!/webapps/static,AVAILABLE}
2023-07-06 10:48:06,340 [om1@group-C5BA1605619E-LeaderElection1] INFO  server.RaftServer$Division (ServerState.java:setRaftConf(434)) - om1@group-C5BA1605619E: set configuration 0: peers:[om1|rpc:localhost:15007|admin:|client:|dataStream:|priority:0|startupRole:FOLLOWER]|listeners:[], old=null
2023-07-06 10:48:06,457 [om1@group-C5BA1605619E-SegmentedRaftLogWorker] INFO  segmented.SegmentedRaftLogWorker (SegmentedRaftLogWorker.java:execute(651)) - om1@group-C5BA1605619E-SegmentedRaftLogWorker: created new log segment /home/runner/work/ozone/ozone/hadoop-ozone/integration-test/target/test-dir/MiniOzoneClusterImpl-8ecce792-0b29-40a4-bcd2-9922915e3450/ozone-meta/ratis/bf265839-605b-3f16-9796-c5ba1605619e/current/log_inprogress_0
2023-07-06 10:48:06,601 [main] INFO  handler.ContextHandler (ContextHandler.java:doStart(921)) - Started o.e.j.w.WebAppContext@4dc4f05{hddsDatanode,/,file:///home/runner/work/ozone/ozone/hadoop-ozone/integration-test/target/tmp/kms/webapp/,AVAILABLE}{jar:file:/home/runner/.m2/repository/org/apache/ozone/hdds-container-service/1.4.0-SNAPSHOT/hdds-container-service-1.4.0-SNAPSHOT.jar!/webapps/hddsDatanode}
2023-07-06 10:48:06,604 [main] INFO  server.AbstractConnector (AbstractConnector.java:doStart(333)) - Started ServerConnector@69a1186c{HTTP/1.1, (http/1.1)}{0.0.0.0:15009}
2023-07-06 10:48:06,604 [main] INFO  server.Server (Server.java:doStart(415)) - Started @13060ms
2023-07-06 10:48:06,604 [main] WARN  impl.MetricsSystemImpl (MetricsSystemImpl.java:register(279)) - Sink prometheus already exists!
2023-07-06 10:48:06,605 [main] INFO  http.BaseHttpServer (BaseHttpServer.java:updateConnectorAddress(344)) - HTTP server of hddsDatanode listening at http://0.0.0.0:15009
2023-07-06 10:48:06,611 [main] INFO  ipc.CallQueueManager (CallQueueManager.java:<init>(90)) - Using callQueue: class java.util.concurrent.LinkedBlockingQueue, queueCapacity: 100, scheduler: class org.apache.hadoop.ipc.DefaultRpcScheduler, ipcBackoff: false.
2023-07-06 10:48:06,612 [main] INFO  ipc.Server (Server.java:<init>(1287)) - Listener at 0.0.0.0:15010
2023-07-06 10:48:06,612 [Socket Reader #1 for port 15010] INFO  ipc.Server (Server.java:run(1323)) - Starting Socket Reader #1 for port 15010
2023-07-06 10:48:06,619 [main] INFO  ozone.HddsDatanodeService (HddsDatanodeService.java:start(315)) - Datanode start with admins: [runner]
2023-07-06 10:48:06,619 [main] INFO  ozone.HddsDatanodeClientProtocolServer (HddsDatanodeClientProtocolServer.java:start(72)) - RPC server for Client /0.0.0.0:15010
2023-07-06 10:48:06,626 [IPC Server Responder] INFO  ipc.Server (Server.java:run(1562)) - IPC Server Responder: starting
2023-07-06 10:48:06,629 [IPC Server listener on 15010] INFO  ipc.Server (Server.java:run(1402)) - IPC Server listener on 15010: starting
2023-07-06 10:48:06,633 [main] WARN  impl.MetricRegistriesImpl (MetricRegistriesImpl.java:addReporterRegistration(111)) - New reporters are added after registries were created. Some metrics will be missing from the reporter. Please add reporter before adding any new registry.
2023-07-06 10:48:06,634 [main] WARN  impl.MetricRegistriesImpl (MetricRegistriesImpl.java:addReporterRegistration(111)) - New reporters are added after registries were created. Some metrics will be missing from the reporter. Please add reporter before adding any new registry.
2023-07-06 10:48:06,634 [main] INFO  impl.MetricsSystemImpl (MetricsSystemImpl.java:init(158)) - HddsDatanode metrics system started (again)
2023-07-06 10:48:06,639 [Datanode State Machine Daemon Thread] INFO  statemachine.DatanodeStateMachine (DatanodeStateMachine.java:lambda$startDaemon$0(531)) - Ozone container server started.
2023-07-06 10:48:06,672 [main] INFO  ozone.HddsDatanodeService (HddsDatanodeService.java:start(237)) - HddsDatanodeService host:fv-az137-100.aripajfx3awelhgv3otau1goqd.bx.internal.cloudapp.net ip:10.1.0.19
2023-07-06 10:48:06,681 [om1@group-C5BA1605619E-StateMachineUpdater] INFO  ratis.OzoneManagerStateMachine (OzoneManagerStateMachine.java:notifyConfigurationChanged(201)) - Received Configuration change notification from Ratis. New Peer list:
[id: "om1"
address: "localhost:15007"
startupRole: FOLLOWER
]
2023-07-06 10:48:06,722 [main] INFO  upgrade.AbstractLayoutVersionManager (AbstractLayoutVersionManager.java:init(83)) - Initializing Layout version manager with metadata layout = HADOOP_PRC_PORTS_IN_DATANODEDETAILS (version = 7), software layout = HADOOP_PRC_PORTS_IN_DATANODEDETAILS (version = 7)
2023-07-06 10:48:06,723 [main] INFO  statemachine.DatanodeStateMachine (DatanodeStateMachine.java:getEndPointTaskThreadPoolSize(279)) - Datanode State Machine Task Thread Pool size 2
2023-07-06 10:48:06,738 [main] INFO  volume.HddsVolume (HddsVolume.java:<init>(133)) - Creating HddsVolume: /home/runner/work/ozone/ozone/hadoop-ozone/integration-test/target/test-dir/MiniOzoneClusterImpl-8ecce792-0b29-40a4-bcd2-9922915e3450/datanode-1/data-0/containers/hdds of storage type : DISK capacity : 9223372036854775807
2023-07-06 10:48:06,738 [main] INFO  volume.MutableVolumeSet (MutableVolumeSet.java:initializeVolumeSet(175)) - Added Volume : /home/runner/work/ozone/ozone/hadoop-ozone/integration-test/target/test-dir/MiniOzoneClusterImpl-8ecce792-0b29-40a4-bcd2-9922915e3450/datanode-1/data-0/containers/hdds to VolumeSet
2023-07-06 10:48:06,739 [main] INFO  volume.ThrottledAsyncChecker (ThrottledAsyncChecker.java:schedule(141)) - Scheduling a check for /home/runner/work/ozone/ozone/hadoop-ozone/integration-test/target/test-dir/MiniOzoneClusterImpl-8ecce792-0b29-40a4-bcd2-9922915e3450/datanode-1/data-0/containers/hdds
2023-07-06 10:48:06,757 [main] INFO  volume.StorageVolumeChecker (StorageVolumeChecker.java:checkAllVolumes(202)) - Scheduled health check for volume /home/runner/work/ozone/ozone/hadoop-ozone/integration-test/target/test-dir/MiniOzoneClusterImpl-8ecce792-0b29-40a4-bcd2-9922915e3450/datanode-1/data-0/containers/hdds
2023-07-06 10:48:06,758 [main] INFO  volume.MutableVolumeSet (MutableVolumeSet.java:initializeVolumeSet(175)) - Added Volume : /home/runner/work/ozone/ozone/hadoop-ozone/integration-test/target/test-dir/MiniOzoneClusterImpl-8ecce792-0b29-40a4-bcd2-9922915e3450/datanode-1/data/ratis to VolumeSet
2023-07-06 10:48:06,758 [main] INFO  volume.ThrottledAsyncChecker (ThrottledAsyncChecker.java:schedule(141)) - Scheduling a check for /home/runner/work/ozone/ozone/hadoop-ozone/integration-test/target/test-dir/MiniOzoneClusterImpl-8ecce792-0b29-40a4-bcd2-9922915e3450/datanode-1/data/ratis
2023-07-06 10:48:06,759 [main] INFO  volume.StorageVolumeChecker (StorageVolumeChecker.java:checkAllVolumes(202)) - Scheduled health check for volume /home/runner/work/ozone/ozone/hadoop-ozone/integration-test/target/test-dir/MiniOzoneClusterImpl-8ecce792-0b29-40a4-bcd2-9922915e3450/datanode-1/data/ratis
2023-07-06 10:48:06,769 [Thread-170] INFO  ozoneimpl.ContainerReader (ContainerReader.java:readVolume(175)) - Finish verifying containers on volume /home/runner/work/ozone/ozone/hadoop-ozone/integration-test/target/test-dir/MiniOzoneClusterImpl-8ecce792-0b29-40a4-bcd2-9922915e3450/datanode-1/data-0/containers/hdds
2023-07-06 10:48:06,770 [main] INFO  ozoneimpl.OzoneContainer (OzoneContainer.java:buildContainerSet(316)) - Build ContainerSet costs 0s
2023-07-06 10:48:06,778 [main] INFO  server.RaftServer (ConfUtils.java:logGet(46)) - raft.rpc.type = GRPC (default)
2023-07-06 10:48:06,778 [main] INFO  grpc.GrpcConfigKeys (ConfUtils.java:logFallback(53)) - raft.grpc.admin.host = null (fallback to raft.grpc.server.host)
2023-07-06 10:48:06,778 [main] INFO  grpc.GrpcConfigKeys (ConfUtils.java:logGet(46)) - raft.grpc.admin.port = 15022 (custom)
2023-07-06 10:48:06,778 [main] INFO  grpc.GrpcConfigKeys (ConfUtils.java:logFallback(53)) - raft.grpc.client.host = null (fallback to raft.grpc.server.host)
2023-07-06 10:48:06,779 [main] INFO  grpc.GrpcConfigKeys (ConfUtils.java:logGet(46)) - raft.grpc.client.port = 15021 (custom)
2023-07-06 10:48:06,780 [main] INFO  grpc.GrpcConfigKeys (ConfUtils.java:logGet(46)) - raft.grpc.server.host = null (default)
2023-07-06 10:48:06,780 [main] INFO  grpc.GrpcConfigKeys (ConfUtils.java:logGet(46)) - raft.grpc.server.port = 15023 (custom)
2023-07-06 10:48:06,780 [main] INFO  server.GrpcService (ConfUtils.java:logGet(46)) - raft.grpc.message.size.max = 32MB (=33554432) (custom)
2023-07-06 10:48:06,780 [main] INFO  server.RaftServerConfigKeys (ConfUtils.java:logGet(46)) - raft.server.log.appender.buffer.byte-limit = 33554432 (custom)
2023-07-06 10:48:06,780 [main] INFO  server.GrpcService (ConfUtils.java:logGet(46)) - raft.grpc.flow.control.window = 5MB (=5242880) (custom)
2023-07-06 10:48:06,781 [main] INFO  server.RaftServerConfigKeys (ConfUtils.java:logGet(46)) - raft.server.rpc.request.timeout = 60s (custom)
2023-07-06 10:48:06,781 [main] INFO  grpc.GrpcConfigKeys (ConfUtils.java:logGet(46)) - raft.grpc.server.heartbeat.channel = true (default)
2023-07-06 10:48:06,782 [main] INFO  grpc.GrpcConfigKeys (ConfUtils.java:logGet(46)) - raft.grpc.server.async.request.thread.pool.cached = true (default)
2023-07-06 10:48:06,782 [main] INFO  grpc.GrpcConfigKeys (ConfUtils.java:logGet(46)) - raft.grpc.server.async.request.thread.pool.size = 32 (default)
2023-07-06 10:48:06,789 [main] INFO  impl.DataStreamServerImpl (ConfUtils.java:logGet(46)) - raft.datastream.type = NETTY (custom)
2023-07-06 10:48:06,789 [main] INFO  server.RaftServerConfigKeys (ConfUtils.java:logGet(46)) - raft.server.data-stream.async.request.thread.pool.cached = false (default)
2023-07-06 10:48:06,790 [main] INFO  server.RaftServerConfigKeys (ConfUtils.java:logGet(46)) - raft.server.data-stream.async.request.thread.pool.size = 20 (custom)
2023-07-06 10:48:06,790 [main] INFO  server.RaftServerConfigKeys (ConfUtils.java:logGet(46)) - raft.server.data-stream.async.write.thread.pool.size = 16 (default)
2023-07-06 10:48:06,790 [main] INFO  server.RaftServerConfigKeys (ConfUtils.java:logGet(46)) - raft.server.data-stream.client.pool.size = 10 (default)
2023-07-06 10:48:06,790 [main] INFO  netty.NettyConfigKeys$DataStream (ConfUtils.java:logGet(46)) - raft.netty.dataStream.server.use-epoll = false (default)
2023-07-06 10:48:06,790 [main] INFO  netty.NettyConfigKeys$DataStream (ConfUtils.java:logGet(46)) - raft.netty.dataStream.server.boss-group.size = 0 (default)
2023-07-06 10:48:06,793 [main] INFO  netty.NettyConfigKeys$DataStream (ConfUtils.java:logGet(46)) - raft.netty.dataStream.server.worker-group.size = 0 (default)
2023-07-06 10:48:06,793 [main] INFO  netty.NettyConfigKeys$DataStream (ConfUtils.java:logGet(46)) - raft.netty.dataStream.server.tls.conf = null (default)
2023-07-06 10:48:06,797 [main] INFO  netty.NettyConfigKeys$DataStream (ConfUtils.java:logGet(46)) - raft.netty.dataStream.host = null (default)
2023-07-06 10:48:06,797 [main] INFO  netty.NettyConfigKeys$DataStream (ConfUtils.java:logGet(46)) - raft.netty.dataStream.port = 15024 (custom)
2023-07-06 10:48:06,803 [main] INFO  server.RaftServerConfigKeys (ConfUtils.java:logGet(46)) - raft.server.threadpool.proxy.cached = true (default)
2023-07-06 10:48:06,803 [main] INFO  server.RaftServerConfigKeys (ConfUtils.java:logGet(46)) - raft.server.threadpool.proxy.size = 0 (default)
2023-07-06 10:48:06,803 [main] INFO  server.RaftServerConfigKeys (ConfUtils.java:logGet(46)) - raft.server.rpc.slowness.timeout = 300s (custom)
2023-07-06 10:48:06,803 [main] INFO  server.RaftServerConfigKeys (ConfUtils.java:logGet(46)) - raft.server.leaderelection.leader.step-down.wait-time = 10s (default)
2023-07-06 10:48:06,803 [main] INFO  server.RaftServerConfigKeys (ConfUtils.java:logGet(46)) - raft.server.storage.dir = [/home/runner/work/ozone/ozone/hadoop-ozone/integration-test/target/test-dir/MiniOzoneClusterImpl-8ecce792-0b29-40a4-bcd2-9922915e3450/datanode-1/data/ratis] (custom)
2023-07-06 10:48:06,810 [d927e26c-8fe2-4137-bd03-4653fe67c688-NettyServerStreamRpc-bossGroup--thread1] INFO  logging.LoggingHandler (AbstractInternalLogger.java:log(148)) - [id: 0xe8150ced] REGISTERED
2023-07-06 10:48:06,810 [d927e26c-8fe2-4137-bd03-4653fe67c688-NettyServerStreamRpc-bossGroup--thread1] INFO  logging.LoggingHandler (AbstractInternalLogger.java:log(148)) - [id: 0xe8150ced] BIND: 0.0.0.0/0.0.0.0:15024
2023-07-06 10:48:06,810 [d927e26c-8fe2-4137-bd03-4653fe67c688-NettyServerStreamRpc-bossGroup--thread1] INFO  logging.LoggingHandler (AbstractInternalLogger.java:log(148)) - [id: 0xe8150ced, L:/0:0:0:0:0:0:0:0:15024] ACTIVE
2023-07-06 10:48:06,813 [main] INFO  server.XceiverServerGrpc (XceiverServerGrpc.java:<init>(132)) - GrpcServer channel type EpollServerSocketChannel
2023-07-06 10:48:06,818 [main] INFO  replication.ReplicationSupervisor (ReplicationSupervisor.java:nodeStateUpdated(305)) - Node state updated to IN_SERVICE, scaling executor pool size to 10
2023-07-06 10:48:06,827 [main] INFO  http.BaseHttpServer (BaseHttpServer.java:newHttpServer2BuilderForOzone(224)) - Starting Web-server for hddsDatanode at: http://0.0.0.0:15018
2023-07-06 10:48:06,827 [main] INFO  http.BaseHttpServer (BaseHttpServer.java:<init>(111)) - Hadoop Security Enabled: false Ozone Security Enabled: false Ozone HTTP Security Enabled: false 
2023-07-06 10:48:06,829 [main] WARN  server.AuthenticationFilter (AuthenticationFilter.java:constructSecretProvider(240)) - Unable to initialize FileSignerSecretProvider, falling back to use random secrets. Reason: Could not read signature secret file: /home/runner/hadoop-http-auth-signature-secret
2023-07-06 10:48:06,837 [main] INFO  http.HttpRequestLog (HttpRequestLog.java:getRequestLog(86)) - Http request log for http.requests.hddsDatanode is not defined
2023-07-06 10:48:06,841 [main] INFO  http.HttpServer2 (HttpServer2.java:addGlobalFilter(1031)) - Added global filter 'safety' (class=org.apache.hadoop.hdds.server.http.HttpServer2$QuotingInputFilter)
2023-07-06 10:48:06,843 [main] INFO  http.HttpServer2 (HttpServer2.java:addFilter(1007)) - Added filter static_user_filter (class=org.apache.hadoop.http.lib.StaticUserWebFilter$StaticUserFilter) to context hddsDatanode
2023-07-06 10:48:06,843 [main] INFO  http.HttpServer2 (HttpServer2.java:addFilter(1015)) - Added filter static_user_filter (class=org.apache.hadoop.http.lib.StaticUserWebFilter$StaticUserFilter) to context static
2023-07-06 10:48:06,844 [main] INFO  http.HttpServer2 (HttpServer2.java:addFilter(1015)) - Added filter static_user_filter (class=org.apache.hadoop.http.lib.StaticUserWebFilter$StaticUserFilter) to context logs
2023-07-06 10:48:06,846 [main] INFO  http.BaseHttpServer (BaseHttpServer.java:<init>(190)) - HTTP server of hddsDatanode uses base directory /home/runner/work/ozone/ozone/hadoop-ozone/integration-test/target/test-dir/MiniOzoneClusterImpl-8ecce792-0b29-40a4-bcd2-9922915e3450/datanode-1/meta/webserver
2023-07-06 10:48:06,847 [main] INFO  http.HttpServer2 (HttpServer2.java:bindListener(1250)) - Jetty bound to port 15018
2023-07-06 10:48:06,848 [main] INFO  server.Server (Server.java:doStart(375)) - jetty-9.4.51.v20230217; built: 2023-02-17T08:19:37.309Z; git: b45c405e4544384de066f814ed42ae3dceacdd49; jvm 1.8.0_372-b07
2023-07-06 10:48:06,870 [main] INFO  server.session (DefaultSessionIdManager.java:doStart(334)) - DefaultSessionIdManager workerName=node0
2023-07-06 10:48:06,871 [main] INFO  server.session (DefaultSessionIdManager.java:doStart(339)) - No SessionScavenger set, using defaults
2023-07-06 10:48:06,871 [main] INFO  server.session (HouseKeeper.java:startScavenging(132)) - node0 Scavenging every 600000ms
2023-07-06 10:48:06,872 [main] INFO  handler.ContextHandler (ContextHandler.java:doStart(921)) - Started o.e.j.s.ServletContextHandler@28f83b41{logs,/logs,file:///home/runner/work/ozone/ozone/hadoop-ozone/integration-test/target/log,AVAILABLE}
2023-07-06 10:48:06,872 [main] INFO  handler.ContextHandler (ContextHandler.java:doStart(921)) - Started o.e.j.s.ServletContextHandler@7231ce30{static,/static,jar:file:/home/runner/.m2/repository/org/apache/ozone/hdds-container-service/1.4.0-SNAPSHOT/hdds-container-service-1.4.0-SNAPSHOT.jar!/webapps/static,AVAILABLE}
2023-07-06 10:48:06,942 [Datanode State Machine Task Thread - 0] INFO  datanode.InitDatanodeState (InitDatanodeState.java:persistContainerDatanodeDetails(138)) - DatanodeDetails is persisted to /home/runner/work/ozone/ozone/hadoop-ozone/integration-test/target/test-dir/MiniOzoneClusterImpl-8ecce792-0b29-40a4-bcd2-9922915e3450/datanode-0/meta/datanode.id
2023-07-06 10:48:07,139 [main] INFO  handler.ContextHandler (ContextHandler.java:doStart(921)) - Started o.e.j.w.WebAppContext@1eb3b8c0{hddsDatanode,/,file:///home/runner/work/ozone/ozone/hadoop-ozone/integration-test/target/tmp/kms/webapp/,AVAILABLE}{jar:file:/home/runner/.m2/repository/org/apache/ozone/hdds-container-service/1.4.0-SNAPSHOT/hdds-container-service-1.4.0-SNAPSHOT.jar!/webapps/hddsDatanode}
2023-07-06 10:48:07,141 [main] INFO  server.AbstractConnector (AbstractConnector.java:doStart(333)) - Started ServerConnector@629651b5{HTTP/1.1, (http/1.1)}{0.0.0.0:15018}
2023-07-06 10:48:07,141 [main] INFO  server.Server (Server.java:doStart(415)) - Started @13598ms
2023-07-06 10:48:07,141 [main] WARN  impl.MetricsSystemImpl (MetricsSystemImpl.java:register(279)) - Sink prometheus already exists!
2023-07-06 10:48:07,143 [main] INFO  http.BaseHttpServer (BaseHttpServer.java:updateConnectorAddress(344)) - HTTP server of hddsDatanode listening at http://0.0.0.0:15018
2023-07-06 10:48:07,143 [main] INFO  ipc.CallQueueManager (CallQueueManager.java:<init>(90)) - Using callQueue: class java.util.concurrent.LinkedBlockingQueue, queueCapacity: 100, scheduler: class org.apache.hadoop.ipc.DefaultRpcScheduler, ipcBackoff: false.
2023-07-06 10:48:07,144 [main] INFO  ipc.Server (Server.java:<init>(1287)) - Listener at 0.0.0.0:15019
2023-07-06 10:48:07,145 [Socket Reader #1 for port 15019] INFO  ipc.Server (Server.java:run(1323)) - Starting Socket Reader #1 for port 15019
2023-07-06 10:48:07,169 [main] INFO  ozone.HddsDatanodeService (HddsDatanodeService.java:start(315)) - Datanode start with admins: [runner]
2023-07-06 10:48:07,169 [main] INFO  ozone.HddsDatanodeClientProtocolServer (HddsDatanodeClientProtocolServer.java:start(72)) - RPC server for Client /0.0.0.0:15019
2023-07-06 10:48:07,169 [IPC Server Responder] INFO  ipc.Server (Server.java:run(1562)) - IPC Server Responder: starting
2023-07-06 10:48:07,170 [IPC Server listener on 15019] INFO  ipc.Server (Server.java:run(1402)) - IPC Server listener on 15019: starting
2023-07-06 10:48:07,170 [main] WARN  impl.MetricRegistriesImpl (MetricRegistriesImpl.java:addReporterRegistration(111)) - New reporters are added after registries were created. Some metrics will be missing from the reporter. Please add reporter before adding any new registry.
2023-07-06 10:48:07,170 [main] WARN  impl.MetricRegistriesImpl (MetricRegistriesImpl.java:addReporterRegistration(111)) - New reporters are added after registries were created. Some metrics will be missing from the reporter. Please add reporter before adding any new registry.
2023-07-06 10:48:07,170 [main] INFO  impl.MetricsSystemImpl (MetricsSystemImpl.java:init(158)) - HddsDatanode metrics system started (again)
2023-07-06 10:48:07,182 [Datanode State Machine Daemon Thread] INFO  statemachine.DatanodeStateMachine (DatanodeStateMachine.java:lambda$startDaemon$0(531)) - Ozone container server started.
2023-07-06 10:48:07,192 [Datanode State Machine Task Thread - 0] INFO  datanode.InitDatanodeState (InitDatanodeState.java:persistContainerDatanodeDetails(138)) - DatanodeDetails is persisted to /home/runner/work/ozone/ozone/hadoop-ozone/integration-test/target/test-dir/MiniOzoneClusterImpl-8ecce792-0b29-40a4-bcd2-9922915e3450/datanode-1/meta/datanode.id
2023-07-06 10:48:07,208 [main] INFO  ozone.HddsDatanodeService (HddsDatanodeService.java:start(237)) - HddsDatanodeService host:fv-az137-100.aripajfx3awelhgv3otau1goqd.bx.internal.cloudapp.net ip:10.1.0.19
2023-07-06 10:48:07,250 [main] INFO  upgrade.AbstractLayoutVersionManager (AbstractLayoutVersionManager.java:init(83)) - Initializing Layout version manager with metadata layout = HADOOP_PRC_PORTS_IN_DATANODEDETAILS (version = 7), software layout = HADOOP_PRC_PORTS_IN_DATANODEDETAILS (version = 7)
2023-07-06 10:48:07,254 [main] INFO  statemachine.DatanodeStateMachine (DatanodeStateMachine.java:getEndPointTaskThreadPoolSize(279)) - Datanode State Machine Task Thread Pool size 2
2023-07-06 10:48:07,264 [main] INFO  volume.HddsVolume (HddsVolume.java:<init>(133)) - Creating HddsVolume: /home/runner/work/ozone/ozone/hadoop-ozone/integration-test/target/test-dir/MiniOzoneClusterImpl-8ecce792-0b29-40a4-bcd2-9922915e3450/datanode-2/data-0/containers/hdds of storage type : DISK capacity : 9223372036854775807
2023-07-06 10:48:07,264 [main] INFO  volume.MutableVolumeSet (MutableVolumeSet.java:initializeVolumeSet(175)) - Added Volume : /home/runner/work/ozone/ozone/hadoop-ozone/integration-test/target/test-dir/MiniOzoneClusterImpl-8ecce792-0b29-40a4-bcd2-9922915e3450/datanode-2/data-0/containers/hdds to VolumeSet
2023-07-06 10:48:07,265 [main] INFO  volume.ThrottledAsyncChecker (ThrottledAsyncChecker.java:schedule(141)) - Scheduling a check for /home/runner/work/ozone/ozone/hadoop-ozone/integration-test/target/test-dir/MiniOzoneClusterImpl-8ecce792-0b29-40a4-bcd2-9922915e3450/datanode-2/data-0/containers/hdds
2023-07-06 10:48:07,269 [main] INFO  volume.StorageVolumeChecker (StorageVolumeChecker.java:checkAllVolumes(202)) - Scheduled health check for volume /home/runner/work/ozone/ozone/hadoop-ozone/integration-test/target/test-dir/MiniOzoneClusterImpl-8ecce792-0b29-40a4-bcd2-9922915e3450/datanode-2/data-0/containers/hdds
2023-07-06 10:48:07,283 [main] INFO  volume.MutableVolumeSet (MutableVolumeSet.java:initializeVolumeSet(175)) - Added Volume : /home/runner/work/ozone/ozone/hadoop-ozone/integration-test/target/test-dir/MiniOzoneClusterImpl-8ecce792-0b29-40a4-bcd2-9922915e3450/datanode-2/data/ratis to VolumeSet
2023-07-06 10:48:07,284 [main] INFO  volume.ThrottledAsyncChecker (ThrottledAsyncChecker.java:schedule(141)) - Scheduling a check for /home/runner/work/ozone/ozone/hadoop-ozone/integration-test/target/test-dir/MiniOzoneClusterImpl-8ecce792-0b29-40a4-bcd2-9922915e3450/datanode-2/data/ratis
2023-07-06 10:48:07,284 [main] INFO  volume.StorageVolumeChecker (StorageVolumeChecker.java:checkAllVolumes(202)) - Scheduled health check for volume /home/runner/work/ozone/ozone/hadoop-ozone/integration-test/target/test-dir/MiniOzoneClusterImpl-8ecce792-0b29-40a4-bcd2-9922915e3450/datanode-2/data/ratis
2023-07-06 10:48:07,289 [Thread-187] INFO  ozoneimpl.ContainerReader (ContainerReader.java:readVolume(175)) - Finish verifying containers on volume /home/runner/work/ozone/ozone/hadoop-ozone/integration-test/target/test-dir/MiniOzoneClusterImpl-8ecce792-0b29-40a4-bcd2-9922915e3450/datanode-2/data-0/containers/hdds
2023-07-06 10:48:07,289 [main] INFO  ozoneimpl.OzoneContainer (OzoneContainer.java:buildContainerSet(316)) - Build ContainerSet costs 0s
2023-07-06 10:48:07,294 [main] INFO  server.RaftServer (ConfUtils.java:logGet(46)) - raft.rpc.type = GRPC (default)
2023-07-06 10:48:07,295 [main] INFO  grpc.GrpcConfigKeys (ConfUtils.java:logFallback(53)) - raft.grpc.admin.host = null (fallback to raft.grpc.server.host)
2023-07-06 10:48:07,295 [main] INFO  grpc.GrpcConfigKeys (ConfUtils.java:logGet(46)) - raft.grpc.admin.port = 15031 (custom)
2023-07-06 10:48:07,295 [main] INFO  grpc.GrpcConfigKeys (ConfUtils.java:logFallback(53)) - raft.grpc.client.host = null (fallback to raft.grpc.server.host)
2023-07-06 10:48:07,295 [main] INFO  grpc.GrpcConfigKeys (ConfUtils.java:logGet(46)) - raft.grpc.client.port = 15030 (custom)
2023-07-06 10:48:07,295 [main] INFO  grpc.GrpcConfigKeys (ConfUtils.java:logGet(46)) - raft.grpc.server.host = null (default)
2023-07-06 10:48:07,297 [main] INFO  grpc.GrpcConfigKeys (ConfUtils.java:logGet(46)) - raft.grpc.server.port = 15032 (custom)
2023-07-06 10:48:07,297 [main] INFO  server.GrpcService (ConfUtils.java:logGet(46)) - raft.grpc.message.size.max = 32MB (=33554432) (custom)
2023-07-06 10:48:07,297 [main] INFO  server.RaftServerConfigKeys (ConfUtils.java:logGet(46)) - raft.server.log.appender.buffer.byte-limit = 33554432 (custom)
2023-07-06 10:48:07,297 [main] INFO  server.GrpcService (ConfUtils.java:logGet(46)) - raft.grpc.flow.control.window = 5MB (=5242880) (custom)
2023-07-06 10:48:07,297 [main] INFO  server.RaftServerConfigKeys (ConfUtils.java:logGet(46)) - raft.server.rpc.request.timeout = 60s (custom)
2023-07-06 10:48:07,298 [main] INFO  grpc.GrpcConfigKeys (ConfUtils.java:logGet(46)) - raft.grpc.server.heartbeat.channel = true (default)
2023-07-06 10:48:07,298 [main] INFO  grpc.GrpcConfigKeys (ConfUtils.java:logGet(46)) - raft.grpc.server.async.request.thread.pool.cached = true (default)
2023-07-06 10:48:07,298 [main] INFO  grpc.GrpcConfigKeys (ConfUtils.java:logGet(46)) - raft.grpc.server.async.request.thread.pool.size = 32 (default)
2023-07-06 10:48:07,302 [main] INFO  impl.DataStreamServerImpl (ConfUtils.java:logGet(46)) - raft.datastream.type = NETTY (custom)
2023-07-06 10:48:07,302 [main] INFO  server.RaftServerConfigKeys (ConfUtils.java:logGet(46)) - raft.server.data-stream.async.request.thread.pool.cached = false (default)
2023-07-06 10:48:07,303 [main] INFO  server.RaftServerConfigKeys (ConfUtils.java:logGet(46)) - raft.server.data-stream.async.request.thread.pool.size = 20 (custom)
2023-07-06 10:48:07,303 [main] INFO  server.RaftServerConfigKeys (ConfUtils.java:logGet(46)) - raft.server.data-stream.async.write.thread.pool.size = 16 (default)
2023-07-06 10:48:07,303 [main] INFO  server.RaftServerConfigKeys (ConfUtils.java:logGet(46)) - raft.server.data-stream.client.pool.size = 10 (default)
2023-07-06 10:48:07,303 [main] INFO  netty.NettyConfigKeys$DataStream (ConfUtils.java:logGet(46)) - raft.netty.dataStream.server.use-epoll = false (default)
2023-07-06 10:48:07,304 [main] INFO  netty.NettyConfigKeys$DataStream (ConfUtils.java:logGet(46)) - raft.netty.dataStream.server.boss-group.size = 0 (default)
2023-07-06 10:48:07,305 [main] INFO  netty.NettyConfigKeys$DataStream (ConfUtils.java:logGet(46)) - raft.netty.dataStream.server.worker-group.size = 0 (default)
2023-07-06 10:48:07,306 [main] INFO  netty.NettyConfigKeys$DataStream (ConfUtils.java:logGet(46)) - raft.netty.dataStream.server.tls.conf = null (default)
2023-07-06 10:48:07,306 [main] INFO  netty.NettyConfigKeys$DataStream (ConfUtils.java:logGet(46)) - raft.netty.dataStream.host = null (default)
2023-07-06 10:48:07,306 [main] INFO  netty.NettyConfigKeys$DataStream (ConfUtils.java:logGet(46)) - raft.netty.dataStream.port = 15033 (custom)
2023-07-06 10:48:07,308 [main] INFO  server.RaftServerConfigKeys (ConfUtils.java:logGet(46)) - raft.server.threadpool.proxy.cached = true (default)
2023-07-06 10:48:07,308 [main] INFO  server.RaftServerConfigKeys (ConfUtils.java:logGet(46)) - raft.server.threadpool.proxy.size = 0 (default)
2023-07-06 10:48:07,308 [main] INFO  server.RaftServerConfigKeys (ConfUtils.java:logGet(46)) - raft.server.rpc.slowness.timeout = 300s (custom)
2023-07-06 10:48:07,308 [main] INFO  server.RaftServerConfigKeys (ConfUtils.java:logGet(46)) - raft.server.leaderelection.leader.step-down.wait-time = 10s (default)
2023-07-06 10:48:07,308 [main] INFO  server.RaftServerConfigKeys (ConfUtils.java:logGet(46)) - raft.server.storage.dir = [/home/runner/work/ozone/ozone/hadoop-ozone/integration-test/target/test-dir/MiniOzoneClusterImpl-8ecce792-0b29-40a4-bcd2-9922915e3450/datanode-2/data/ratis] (custom)
2023-07-06 10:48:07,310 [b02eaa79-f692-4c53-b57d-37cb88368c79-NettyServerStreamRpc-bossGroup--thread1] INFO  logging.LoggingHandler (AbstractInternalLogger.java:log(148)) - [id: 0x9d50eed5] REGISTERED
2023-07-06 10:48:07,310 [b02eaa79-f692-4c53-b57d-37cb88368c79-NettyServerStreamRpc-bossGroup--thread1] INFO  logging.LoggingHandler (AbstractInternalLogger.java:log(148)) - [id: 0x9d50eed5] BIND: 0.0.0.0/0.0.0.0:15033
2023-07-06 10:48:07,311 [b02eaa79-f692-4c53-b57d-37cb88368c79-NettyServerStreamRpc-bossGroup--thread1] INFO  logging.LoggingHandler (AbstractInternalLogger.java:log(148)) - [id: 0x9d50eed5, L:/0:0:0:0:0:0:0:0:15033] ACTIVE
2023-07-06 10:48:07,313 [main] INFO  server.XceiverServerGrpc (XceiverServerGrpc.java:<init>(132)) - GrpcServer channel type EpollServerSocketChannel
2023-07-06 10:48:07,316 [main] INFO  replication.ReplicationSupervisor (ReplicationSupervisor.java:nodeStateUpdated(305)) - Node state updated to IN_SERVICE, scaling executor pool size to 10
2023-07-06 10:48:07,320 [main] INFO  http.BaseHttpServer (BaseHttpServer.java:newHttpServer2BuilderForOzone(224)) - Starting Web-server for hddsDatanode at: http://0.0.0.0:15027
2023-07-06 10:48:07,320 [main] INFO  http.BaseHttpServer (BaseHttpServer.java:<init>(111)) - Hadoop Security Enabled: false Ozone Security Enabled: false Ozone HTTP Security Enabled: false 
2023-07-06 10:48:07,322 [main] WARN  server.AuthenticationFilter (AuthenticationFilter.java:constructSecretProvider(240)) - Unable to initialize FileSignerSecretProvider, falling back to use random secrets. Reason: Could not read signature secret file: /home/runner/hadoop-http-auth-signature-secret
2023-07-06 10:48:07,323 [main] INFO  http.HttpRequestLog (HttpRequestLog.java:getRequestLog(86)) - Http request log for http.requests.hddsDatanode is not defined
2023-07-06 10:48:07,326 [main] INFO  http.HttpServer2 (HttpServer2.java:addGlobalFilter(1031)) - Added global filter 'safety' (class=org.apache.hadoop.hdds.server.http.HttpServer2$QuotingInputFilter)
2023-07-06 10:48:07,327 [main] INFO  http.HttpServer2 (HttpServer2.java:addFilter(1007)) - Added filter static_user_filter (class=org.apache.hadoop.http.lib.StaticUserWebFilter$StaticUserFilter) to context hddsDatanode
2023-07-06 10:48:07,327 [main] INFO  http.HttpServer2 (HttpServer2.java:addFilter(1015)) - Added filter static_user_filter (class=org.apache.hadoop.http.lib.StaticUserWebFilter$StaticUserFilter) to context static
2023-07-06 10:48:07,327 [main] INFO  http.HttpServer2 (HttpServer2.java:addFilter(1015)) - Added filter static_user_filter (class=org.apache.hadoop.http.lib.StaticUserWebFilter$StaticUserFilter) to context logs
2023-07-06 10:48:07,328 [main] INFO  http.BaseHttpServer (BaseHttpServer.java:<init>(190)) - HTTP server of hddsDatanode uses base directory /home/runner/work/ozone/ozone/hadoop-ozone/integration-test/target/test-dir/MiniOzoneClusterImpl-8ecce792-0b29-40a4-bcd2-9922915e3450/datanode-2/meta/webserver
2023-07-06 10:48:07,329 [main] INFO  http.HttpServer2 (HttpServer2.java:bindListener(1250)) - Jetty bound to port 15027
2023-07-06 10:48:07,329 [main] INFO  server.Server (Server.java:doStart(375)) - jetty-9.4.51.v20230217; built: 2023-02-17T08:19:37.309Z; git: b45c405e4544384de066f814ed42ae3dceacdd49; jvm 1.8.0_372-b07
2023-07-06 10:48:07,330 [main] INFO  server.session (DefaultSessionIdManager.java:doStart(334)) - DefaultSessionIdManager workerName=node0
2023-07-06 10:48:07,331 [main] INFO  server.session (DefaultSessionIdManager.java:doStart(339)) - No SessionScavenger set, using defaults
2023-07-06 10:48:07,331 [main] INFO  server.session (HouseKeeper.java:startScavenging(132)) - node0 Scavenging every 600000ms
2023-07-06 10:48:07,332 [main] INFO  handler.ContextHandler (ContextHandler.java:doStart(921)) - Started o.e.j.s.ServletContextHandler@a2ea05b{logs,/logs,file:///home/runner/work/ozone/ozone/hadoop-ozone/integration-test/target/log,AVAILABLE}
2023-07-06 10:48:07,333 [main] INFO  handler.ContextHandler (ContextHandler.java:doStart(921)) - Started o.e.j.s.ServletContextHandler@3bf327e3{static,/static,jar:file:/home/runner/.m2/repository/org/apache/ozone/hdds-container-service/1.4.0-SNAPSHOT/hdds-container-service-1.4.0-SNAPSHOT.jar!/webapps/static,AVAILABLE}
2023-07-06 10:48:07,569 [main] INFO  handler.ContextHandler (ContextHandler.java:doStart(921)) - Started o.e.j.w.WebAppContext@46c1f043{hddsDatanode,/,file:///home/runner/work/ozone/ozone/hadoop-ozone/integration-test/target/tmp/kms/webapp/,AVAILABLE}{jar:file:/home/runner/.m2/repository/org/apache/ozone/hdds-container-service/1.4.0-SNAPSHOT/hdds-container-service-1.4.0-SNAPSHOT.jar!/webapps/hddsDatanode}
2023-07-06 10:48:07,571 [main] INFO  server.AbstractConnector (AbstractConnector.java:doStart(333)) - Started ServerConnector@6ca48223{HTTP/1.1, (http/1.1)}{0.0.0.0:15027}
2023-07-06 10:48:07,571 [main] INFO  server.Server (Server.java:doStart(415)) - Started @14027ms
2023-07-06 10:48:07,571 [main] WARN  impl.MetricsSystemImpl (MetricsSystemImpl.java:register(279)) - Sink prometheus already exists!
2023-07-06 10:48:07,572 [main] INFO  http.BaseHttpServer (BaseHttpServer.java:updateConnectorAddress(344)) - HTTP server of hddsDatanode listening at http://0.0.0.0:15027
2023-07-06 10:48:07,573 [main] INFO  ipc.CallQueueManager (CallQueueManager.java:<init>(90)) - Using callQueue: class java.util.concurrent.LinkedBlockingQueue, queueCapacity: 100, scheduler: class org.apache.hadoop.ipc.DefaultRpcScheduler, ipcBackoff: false.
2023-07-06 10:48:07,573 [main] INFO  ipc.Server (Server.java:<init>(1287)) - Listener at 0.0.0.0:15028
2023-07-06 10:48:07,577 [Socket Reader #1 for port 15028] INFO  ipc.Server (Server.java:run(1323)) - Starting Socket Reader #1 for port 15028
2023-07-06 10:48:07,579 [main] INFO  ozone.HddsDatanodeService (HddsDatanodeService.java:start(315)) - Datanode start with admins: [runner]
2023-07-06 10:48:07,579 [main] INFO  ozone.HddsDatanodeClientProtocolServer (HddsDatanodeClientProtocolServer.java:start(72)) - RPC server for Client /0.0.0.0:15028
2023-07-06 10:48:07,579 [IPC Server Responder] INFO  ipc.Server (Server.java:run(1562)) - IPC Server Responder: starting
2023-07-06 10:48:07,580 [IPC Server listener on 15028] INFO  ipc.Server (Server.java:run(1402)) - IPC Server listener on 15028: starting
2023-07-06 10:48:07,582 [main] WARN  impl.MetricRegistriesImpl (MetricRegistriesImpl.java:addReporterRegistration(111)) - New reporters are added after registries were created. Some metrics will be missing from the reporter. Please add reporter before adding any new registry.
2023-07-06 10:48:07,583 [main] WARN  impl.MetricRegistriesImpl (MetricRegistriesImpl.java:addReporterRegistration(111)) - New reporters are added after registries were created. Some metrics will be missing from the reporter. Please add reporter before adding any new registry.
2023-07-06 10:48:07,583 [main] INFO  impl.MetricsSystemImpl (MetricsSystemImpl.java:init(158)) - HddsDatanode metrics system started (again)
2023-07-06 10:48:07,591 [Datanode State Machine Daemon Thread] INFO  statemachine.DatanodeStateMachine (DatanodeStateMachine.java:lambda$startDaemon$0(531)) - Ozone container server started.
2023-07-06 10:48:07,606 [Datanode State Machine Task Thread - 0] INFO  datanode.InitDatanodeState (InitDatanodeState.java:persistContainerDatanodeDetails(138)) - DatanodeDetails is persisted to /home/runner/work/ozone/ozone/hadoop-ozone/integration-test/target/test-dir/MiniOzoneClusterImpl-8ecce792-0b29-40a4-bcd2-9922915e3450/datanode-2/meta/datanode.id
2023-07-06 10:48:07,608 [main] INFO  ozone.HddsDatanodeService (HddsDatanodeService.java:start(237)) - HddsDatanodeService host:fv-az137-100.aripajfx3awelhgv3otau1goqd.bx.internal.cloudapp.net ip:10.1.0.19
2023-07-06 10:48:07,654 [main] INFO  upgrade.AbstractLayoutVersionManager (AbstractLayoutVersionManager.java:init(83)) - Initializing Layout version manager with metadata layout = HADOOP_PRC_PORTS_IN_DATANODEDETAILS (version = 7), software layout = HADOOP_PRC_PORTS_IN_DATANODEDETAILS (version = 7)
2023-07-06 10:48:07,655 [main] INFO  statemachine.DatanodeStateMachine (DatanodeStateMachine.java:getEndPointTaskThreadPoolSize(279)) - Datanode State Machine Task Thread Pool size 2
2023-07-06 10:48:07,657 [main] INFO  volume.HddsVolume (HddsVolume.java:<init>(133)) - Creating HddsVolume: /home/runner/work/ozone/ozone/hadoop-ozone/integration-test/target/test-dir/MiniOzoneClusterImpl-8ecce792-0b29-40a4-bcd2-9922915e3450/datanode-3/data-0/containers/hdds of storage type : DISK capacity : 9223372036854775807
2023-07-06 10:48:07,657 [main] INFO  volume.MutableVolumeSet (MutableVolumeSet.java:initializeVolumeSet(175)) - Added Volume : /home/runner/work/ozone/ozone/hadoop-ozone/integration-test/target/test-dir/MiniOzoneClusterImpl-8ecce792-0b29-40a4-bcd2-9922915e3450/datanode-3/data-0/containers/hdds to VolumeSet
2023-07-06 10:48:07,658 [main] INFO  volume.ThrottledAsyncChecker (ThrottledAsyncChecker.java:schedule(141)) - Scheduling a check for /home/runner/work/ozone/ozone/hadoop-ozone/integration-test/target/test-dir/MiniOzoneClusterImpl-8ecce792-0b29-40a4-bcd2-9922915e3450/datanode-3/data-0/containers/hdds
2023-07-06 10:48:07,672 [main] INFO  volume.StorageVolumeChecker (StorageVolumeChecker.java:checkAllVolumes(202)) - Scheduled health check for volume /home/runner/work/ozone/ozone/hadoop-ozone/integration-test/target/test-dir/MiniOzoneClusterImpl-8ecce792-0b29-40a4-bcd2-9922915e3450/datanode-3/data-0/containers/hdds
2023-07-06 10:48:07,673 [main] INFO  volume.MutableVolumeSet (MutableVolumeSet.java:initializeVolumeSet(175)) - Added Volume : /home/runner/work/ozone/ozone/hadoop-ozone/integration-test/target/test-dir/MiniOzoneClusterImpl-8ecce792-0b29-40a4-bcd2-9922915e3450/datanode-3/data/ratis to VolumeSet
2023-07-06 10:48:07,673 [main] INFO  volume.ThrottledAsyncChecker (ThrottledAsyncChecker.java:schedule(141)) - Scheduling a check for /home/runner/work/ozone/ozone/hadoop-ozone/integration-test/target/test-dir/MiniOzoneClusterImpl-8ecce792-0b29-40a4-bcd2-9922915e3450/datanode-3/data/ratis
2023-07-06 10:48:07,673 [main] INFO  volume.StorageVolumeChecker (StorageVolumeChecker.java:checkAllVolumes(202)) - Scheduled health check for volume /home/runner/work/ozone/ozone/hadoop-ozone/integration-test/target/test-dir/MiniOzoneClusterImpl-8ecce792-0b29-40a4-bcd2-9922915e3450/datanode-3/data/ratis
2023-07-06 10:48:07,680 [Thread-204] INFO  ozoneimpl.ContainerReader (ContainerReader.java:readVolume(175)) - Finish verifying containers on volume /home/runner/work/ozone/ozone/hadoop-ozone/integration-test/target/test-dir/MiniOzoneClusterImpl-8ecce792-0b29-40a4-bcd2-9922915e3450/datanode-3/data-0/containers/hdds
2023-07-06 10:48:07,680 [main] INFO  ozoneimpl.OzoneContainer (OzoneContainer.java:buildContainerSet(316)) - Build ContainerSet costs 0s
2023-07-06 10:48:07,685 [main] INFO  server.RaftServer (ConfUtils.java:logGet(46)) - raft.rpc.type = GRPC (default)
2023-07-06 10:48:07,689 [main] INFO  grpc.GrpcConfigKeys (ConfUtils.java:logFallback(53)) - raft.grpc.admin.host = null (fallback to raft.grpc.server.host)
2023-07-06 10:48:07,689 [main] INFO  grpc.GrpcConfigKeys (ConfUtils.java:logGet(46)) - raft.grpc.admin.port = 15040 (custom)
2023-07-06 10:48:07,689 [main] INFO  grpc.GrpcConfigKeys (ConfUtils.java:logFallback(53)) - raft.grpc.client.host = null (fallback to raft.grpc.server.host)
2023-07-06 10:48:07,690 [main] INFO  grpc.GrpcConfigKeys (ConfUtils.java:logGet(46)) - raft.grpc.client.port = 15039 (custom)
2023-07-06 10:48:07,690 [main] INFO  grpc.GrpcConfigKeys (ConfUtils.java:logGet(46)) - raft.grpc.server.host = null (default)
2023-07-06 10:48:07,690 [main] INFO  grpc.GrpcConfigKeys (ConfUtils.java:logGet(46)) - raft.grpc.server.port = 15041 (custom)
2023-07-06 10:48:07,690 [main] INFO  server.GrpcService (ConfUtils.java:logGet(46)) - raft.grpc.message.size.max = 32MB (=33554432) (custom)
2023-07-06 10:48:07,690 [main] INFO  server.RaftServerConfigKeys (ConfUtils.java:logGet(46)) - raft.server.log.appender.buffer.byte-limit = 33554432 (custom)
2023-07-06 10:48:07,690 [main] INFO  server.GrpcService (ConfUtils.java:logGet(46)) - raft.grpc.flow.control.window = 5MB (=5242880) (custom)
2023-07-06 10:48:07,690 [main] INFO  server.RaftServerConfigKeys (ConfUtils.java:logGet(46)) - raft.server.rpc.request.timeout = 60s (custom)
2023-07-06 10:48:07,691 [main] INFO  grpc.GrpcConfigKeys (ConfUtils.java:logGet(46)) - raft.grpc.server.heartbeat.channel = true (default)
2023-07-06 10:48:07,691 [main] INFO  grpc.GrpcConfigKeys (ConfUtils.java:logGet(46)) - raft.grpc.server.async.request.thread.pool.cached = true (default)
2023-07-06 10:48:07,691 [main] INFO  grpc.GrpcConfigKeys (ConfUtils.java:logGet(46)) - raft.grpc.server.async.request.thread.pool.size = 32 (default)
2023-07-06 10:48:07,694 [main] INFO  impl.DataStreamServerImpl (ConfUtils.java:logGet(46)) - raft.datastream.type = NETTY (custom)
2023-07-06 10:48:07,695 [main] INFO  server.RaftServerConfigKeys (ConfUtils.java:logGet(46)) - raft.server.data-stream.async.request.thread.pool.cached = false (default)
2023-07-06 10:48:07,695 [main] INFO  server.RaftServerConfigKeys (ConfUtils.java:logGet(46)) - raft.server.data-stream.async.request.thread.pool.size = 20 (custom)
2023-07-06 10:48:07,695 [main] INFO  server.RaftServerConfigKeys (ConfUtils.java:logGet(46)) - raft.server.data-stream.async.write.thread.pool.size = 16 (default)
2023-07-06 10:48:07,698 [main] INFO  server.RaftServerConfigKeys (ConfUtils.java:logGet(46)) - raft.server.data-stream.client.pool.size = 10 (default)
2023-07-06 10:48:07,698 [main] INFO  netty.NettyConfigKeys$DataStream (ConfUtils.java:logGet(46)) - raft.netty.dataStream.server.use-epoll = false (default)
2023-07-06 10:48:07,698 [main] INFO  netty.NettyConfigKeys$DataStream (ConfUtils.java:logGet(46)) - raft.netty.dataStream.server.boss-group.size = 0 (default)
2023-07-06 10:48:07,699 [main] INFO  netty.NettyConfigKeys$DataStream (ConfUtils.java:logGet(46)) - raft.netty.dataStream.server.worker-group.size = 0 (default)
2023-07-06 10:48:07,699 [main] INFO  netty.NettyConfigKeys$DataStream (ConfUtils.java:logGet(46)) - raft.netty.dataStream.server.tls.conf = null (default)
2023-07-06 10:48:07,699 [main] INFO  netty.NettyConfigKeys$DataStream (ConfUtils.java:logGet(46)) - raft.netty.dataStream.host = null (default)
2023-07-06 10:48:07,699 [main] INFO  netty.NettyConfigKeys$DataStream (ConfUtils.java:logGet(46)) - raft.netty.dataStream.port = 15042 (custom)
2023-07-06 10:48:07,700 [main] INFO  server.RaftServerConfigKeys (ConfUtils.java:logGet(46)) - raft.server.threadpool.proxy.cached = true (default)
2023-07-06 10:48:07,700 [main] INFO  server.RaftServerConfigKeys (ConfUtils.java:logGet(46)) - raft.server.threadpool.proxy.size = 0 (default)
2023-07-06 10:48:07,700 [main] INFO  server.RaftServerConfigKeys (ConfUtils.java:logGet(46)) - raft.server.rpc.slowness.timeout = 300s (custom)
2023-07-06 10:48:07,700 [main] INFO  server.RaftServerConfigKeys (ConfUtils.java:logGet(46)) - raft.server.leaderelection.leader.step-down.wait-time = 10s (default)
2023-07-06 10:48:07,701 [main] INFO  server.RaftServerConfigKeys (ConfUtils.java:logGet(46)) - raft.server.storage.dir = [/home/runner/work/ozone/ozone/hadoop-ozone/integration-test/target/test-dir/MiniOzoneClusterImpl-8ecce792-0b29-40a4-bcd2-9922915e3450/datanode-3/data/ratis] (custom)
2023-07-06 10:48:07,703 [d375daab-0aec-4ab2-a7ca-6760e990c046-NettyServerStreamRpc-bossGroup--thread1] INFO  logging.LoggingHandler (AbstractInternalLogger.java:log(148)) - [id: 0xf912f349] REGISTERED
2023-07-06 10:48:07,703 [d375daab-0aec-4ab2-a7ca-6760e990c046-NettyServerStreamRpc-bossGroup--thread1] INFO  logging.LoggingHandler (AbstractInternalLogger.java:log(148)) - [id: 0xf912f349] BIND: 0.0.0.0/0.0.0.0:15042
2023-07-06 10:48:07,704 [d375daab-0aec-4ab2-a7ca-6760e990c046-NettyServerStreamRpc-bossGroup--thread1] INFO  logging.LoggingHandler (AbstractInternalLogger.java:log(148)) - [id: 0xf912f349, L:/0:0:0:0:0:0:0:0:15042] ACTIVE
2023-07-06 10:48:07,709 [main] INFO  server.XceiverServerGrpc (XceiverServerGrpc.java:<init>(132)) - GrpcServer channel type EpollServerSocketChannel
2023-07-06 10:48:07,719 [main] INFO  replication.ReplicationSupervisor (ReplicationSupervisor.java:nodeStateUpdated(305)) - Node state updated to IN_SERVICE, scaling executor pool size to 10
2023-07-06 10:48:07,727 [main] INFO  http.BaseHttpServer (BaseHttpServer.java:newHttpServer2BuilderForOzone(224)) - Starting Web-server for hddsDatanode at: http://0.0.0.0:15036
2023-07-06 10:48:07,727 [main] INFO  http.BaseHttpServer (BaseHttpServer.java:<init>(111)) - Hadoop Security Enabled: false Ozone Security Enabled: false Ozone HTTP Security Enabled: false 
2023-07-06 10:48:07,730 [main] WARN  server.AuthenticationFilter (AuthenticationFilter.java:constructSecretProvider(240)) - Unable to initialize FileSignerSecretProvider, falling back to use random secrets. Reason: Could not read signature secret file: /home/runner/hadoop-http-auth-signature-secret
2023-07-06 10:48:07,738 [main] INFO  http.HttpRequestLog (HttpRequestLog.java:getRequestLog(86)) - Http request log for http.requests.hddsDatanode is not defined
2023-07-06 10:48:07,741 [main] INFO  http.HttpServer2 (HttpServer2.java:addGlobalFilter(1031)) - Added global filter 'safety' (class=org.apache.hadoop.hdds.server.http.HttpServer2$QuotingInputFilter)
2023-07-06 10:48:07,742 [main] INFO  http.HttpServer2 (HttpServer2.java:addFilter(1007)) - Added filter static_user_filter (class=org.apache.hadoop.http.lib.StaticUserWebFilter$StaticUserFilter) to context hddsDatanode
2023-07-06 10:48:07,742 [main] INFO  http.HttpServer2 (HttpServer2.java:addFilter(1015)) - Added filter static_user_filter (class=org.apache.hadoop.http.lib.StaticUserWebFilter$StaticUserFilter) to context static
2023-07-06 10:48:07,742 [main] INFO  http.HttpServer2 (HttpServer2.java:addFilter(1015)) - Added filter static_user_filter (class=org.apache.hadoop.http.lib.StaticUserWebFilter$StaticUserFilter) to context logs
2023-07-06 10:48:07,743 [main] INFO  http.BaseHttpServer (BaseHttpServer.java:<init>(190)) - HTTP server of hddsDatanode uses base directory /home/runner/work/ozone/ozone/hadoop-ozone/integration-test/target/test-dir/MiniOzoneClusterImpl-8ecce792-0b29-40a4-bcd2-9922915e3450/datanode-3/meta/webserver
2023-07-06 10:48:07,743 [main] INFO  http.HttpServer2 (HttpServer2.java:bindListener(1250)) - Jetty bound to port 15036
2023-07-06 10:48:07,743 [main] INFO  server.Server (Server.java:doStart(375)) - jetty-9.4.51.v20230217; built: 2023-02-17T08:19:37.309Z; git: b45c405e4544384de066f814ed42ae3dceacdd49; jvm 1.8.0_372-b07
2023-07-06 10:48:07,748 [main] INFO  server.session (DefaultSessionIdManager.java:doStart(334)) - DefaultSessionIdManager workerName=node0
2023-07-06 10:48:07,748 [main] INFO  server.session (DefaultSessionIdManager.java:doStart(339)) - No SessionScavenger set, using defaults
2023-07-06 10:48:07,748 [main] INFO  server.session (HouseKeeper.java:startScavenging(132)) - node0 Scavenging every 660000ms
2023-07-06 10:48:07,749 [main] INFO  handler.ContextHandler (ContextHandler.java:doStart(921)) - Started o.e.j.s.ServletContextHandler@4d088fd3{logs,/logs,file:///home/runner/work/ozone/ozone/hadoop-ozone/integration-test/target/log,AVAILABLE}
2023-07-06 10:48:07,749 [main] INFO  handler.ContextHandler (ContextHandler.java:doStart(921)) - Started o.e.j.s.ServletContextHandler@43b701b6{static,/static,jar:file:/home/runner/.m2/repository/org/apache/ozone/hdds-container-service/1.4.0-SNAPSHOT/hdds-container-service-1.4.0-SNAPSHOT.jar!/webapps/static,AVAILABLE}
2023-07-06 10:48:07,985 [main] INFO  handler.ContextHandler (ContextHandler.java:doStart(921)) - Started o.e.j.w.WebAppContext@247f7ef6{hddsDatanode,/,file:///home/runner/work/ozone/ozone/hadoop-ozone/integration-test/target/tmp/kms/webapp/,AVAILABLE}{jar:file:/home/runner/.m2/repository/org/apache/ozone/hdds-container-service/1.4.0-SNAPSHOT/hdds-container-service-1.4.0-SNAPSHOT.jar!/webapps/hddsDatanode}
2023-07-06 10:48:07,986 [main] INFO  server.AbstractConnector (AbstractConnector.java:doStart(333)) - Started ServerConnector@4e6ddf37{HTTP/1.1, (http/1.1)}{0.0.0.0:15036}
2023-07-06 10:48:07,987 [main] INFO  server.Server (Server.java:doStart(415)) - Started @14443ms
2023-07-06 10:48:07,987 [main] WARN  impl.MetricsSystemImpl (MetricsSystemImpl.java:register(279)) - Sink prometheus already exists!
2023-07-06 10:48:07,988 [main] INFO  http.BaseHttpServer (BaseHttpServer.java:updateConnectorAddress(344)) - HTTP server of hddsDatanode listening at http://0.0.0.0:15036
2023-07-06 10:48:07,989 [main] INFO  ipc.CallQueueManager (CallQueueManager.java:<init>(90)) - Using callQueue: class java.util.concurrent.LinkedBlockingQueue, queueCapacity: 100, scheduler: class org.apache.hadoop.ipc.DefaultRpcScheduler, ipcBackoff: false.
2023-07-06 10:48:07,989 [main] INFO  ipc.Server (Server.java:<init>(1287)) - Listener at 0.0.0.0:15037
2023-07-06 10:48:07,990 [Socket Reader #1 for port 15037] INFO  ipc.Server (Server.java:run(1323)) - Starting Socket Reader #1 for port 15037
2023-07-06 10:48:07,994 [main] INFO  ozone.HddsDatanodeService (HddsDatanodeService.java:start(315)) - Datanode start with admins: [runner]
2023-07-06 10:48:07,995 [main] INFO  ozone.HddsDatanodeClientProtocolServer (HddsDatanodeClientProtocolServer.java:start(72)) - RPC server for Client /0.0.0.0:15037
2023-07-06 10:48:07,995 [IPC Server Responder] INFO  ipc.Server (Server.java:run(1562)) - IPC Server Responder: starting
2023-07-06 10:48:07,997 [IPC Server listener on 15037] INFO  ipc.Server (Server.java:run(1402)) - IPC Server listener on 15037: starting
2023-07-06 10:48:08,002 [main] WARN  impl.MetricRegistriesImpl (MetricRegistriesImpl.java:addReporterRegistration(111)) - New reporters are added after registries were created. Some metrics will be missing from the reporter. Please add reporter before adding any new registry.
2023-07-06 10:48:08,002 [main] WARN  impl.MetricRegistriesImpl (MetricRegistriesImpl.java:addReporterRegistration(111)) - New reporters are added after registries were created. Some metrics will be missing from the reporter. Please add reporter before adding any new registry.
2023-07-06 10:48:08,002 [main] INFO  impl.MetricsSystemImpl (MetricsSystemImpl.java:init(158)) - HddsDatanode metrics system started (again)
2023-07-06 10:48:08,005 [Datanode State Machine Daemon Thread] INFO  statemachine.DatanodeStateMachine (DatanodeStateMachine.java:lambda$startDaemon$0(531)) - Ozone container server started.
2023-07-06 10:48:08,017 [main] INFO  ozone.HddsDatanodeService (HddsDatanodeService.java:start(237)) - HddsDatanodeService host:fv-az137-100.aripajfx3awelhgv3otau1goqd.bx.internal.cloudapp.net ip:10.1.0.19
2023-07-06 10:48:08,028 [Datanode State Machine Task Thread - 0] INFO  datanode.InitDatanodeState (InitDatanodeState.java:persistContainerDatanodeDetails(138)) - DatanodeDetails is persisted to /home/runner/work/ozone/ozone/hadoop-ozone/integration-test/target/test-dir/MiniOzoneClusterImpl-8ecce792-0b29-40a4-bcd2-9922915e3450/datanode-3/meta/datanode.id
2023-07-06 10:48:08,053 [main] INFO  upgrade.AbstractLayoutVersionManager (AbstractLayoutVersionManager.java:init(83)) - Initializing Layout version manager with metadata layout = HADOOP_PRC_PORTS_IN_DATANODEDETAILS (version = 7), software layout = HADOOP_PRC_PORTS_IN_DATANODEDETAILS (version = 7)
2023-07-06 10:48:08,054 [main] INFO  statemachine.DatanodeStateMachine (DatanodeStateMachine.java:getEndPointTaskThreadPoolSize(279)) - Datanode State Machine Task Thread Pool size 2
2023-07-06 10:48:08,060 [main] INFO  volume.HddsVolume (HddsVolume.java:<init>(133)) - Creating HddsVolume: /home/runner/work/ozone/ozone/hadoop-ozone/integration-test/target/test-dir/MiniOzoneClusterImpl-8ecce792-0b29-40a4-bcd2-9922915e3450/datanode-4/data-0/containers/hdds of storage type : DISK capacity : 9223372036854775807
2023-07-06 10:48:08,061 [main] INFO  volume.MutableVolumeSet (MutableVolumeSet.java:initializeVolumeSet(175)) - Added Volume : /home/runner/work/ozone/ozone/hadoop-ozone/integration-test/target/test-dir/MiniOzoneClusterImpl-8ecce792-0b29-40a4-bcd2-9922915e3450/datanode-4/data-0/containers/hdds to VolumeSet
2023-07-06 10:48:08,061 [main] INFO  volume.ThrottledAsyncChecker (ThrottledAsyncChecker.java:schedule(141)) - Scheduling a check for /home/runner/work/ozone/ozone/hadoop-ozone/integration-test/target/test-dir/MiniOzoneClusterImpl-8ecce792-0b29-40a4-bcd2-9922915e3450/datanode-4/data-0/containers/hdds
2023-07-06 10:48:08,061 [main] INFO  volume.StorageVolumeChecker (StorageVolumeChecker.java:checkAllVolumes(202)) - Scheduled health check for volume /home/runner/work/ozone/ozone/hadoop-ozone/integration-test/target/test-dir/MiniOzoneClusterImpl-8ecce792-0b29-40a4-bcd2-9922915e3450/datanode-4/data-0/containers/hdds
2023-07-06 10:48:08,067 [main] INFO  volume.MutableVolumeSet (MutableVolumeSet.java:initializeVolumeSet(175)) - Added Volume : /home/runner/work/ozone/ozone/hadoop-ozone/integration-test/target/test-dir/MiniOzoneClusterImpl-8ecce792-0b29-40a4-bcd2-9922915e3450/datanode-4/data/ratis to VolumeSet
2023-07-06 10:48:08,067 [main] INFO  volume.ThrottledAsyncChecker (ThrottledAsyncChecker.java:schedule(141)) - Scheduling a check for /home/runner/work/ozone/ozone/hadoop-ozone/integration-test/target/test-dir/MiniOzoneClusterImpl-8ecce792-0b29-40a4-bcd2-9922915e3450/datanode-4/data/ratis
2023-07-06 10:48:08,067 [main] INFO  volume.StorageVolumeChecker (StorageVolumeChecker.java:checkAllVolumes(202)) - Scheduled health check for volume /home/runner/work/ozone/ozone/hadoop-ozone/integration-test/target/test-dir/MiniOzoneClusterImpl-8ecce792-0b29-40a4-bcd2-9922915e3450/datanode-4/data/ratis
2023-07-06 10:48:08,071 [Thread-221] INFO  ozoneimpl.ContainerReader (ContainerReader.java:readVolume(175)) - Finish verifying containers on volume /home/runner/work/ozone/ozone/hadoop-ozone/integration-test/target/test-dir/MiniOzoneClusterImpl-8ecce792-0b29-40a4-bcd2-9922915e3450/datanode-4/data-0/containers/hdds
2023-07-06 10:48:08,071 [main] INFO  ozoneimpl.OzoneContainer (OzoneContainer.java:buildContainerSet(316)) - Build ContainerSet costs 0s
2023-07-06 10:48:08,076 [main] INFO  server.RaftServer (ConfUtils.java:logGet(46)) - raft.rpc.type = GRPC (default)
2023-07-06 10:48:08,076 [main] INFO  grpc.GrpcConfigKeys (ConfUtils.java:logFallback(53)) - raft.grpc.admin.host = null (fallback to raft.grpc.server.host)
2023-07-06 10:48:08,077 [main] INFO  grpc.GrpcConfigKeys (ConfUtils.java:logGet(46)) - raft.grpc.admin.port = 15049 (custom)
2023-07-06 10:48:08,078 [main] INFO  grpc.GrpcConfigKeys (ConfUtils.java:logFallback(53)) - raft.grpc.client.host = null (fallback to raft.grpc.server.host)
2023-07-06 10:48:08,078 [main] INFO  grpc.GrpcConfigKeys (ConfUtils.java:logGet(46)) - raft.grpc.client.port = 15048 (custom)
2023-07-06 10:48:08,078 [main] INFO  grpc.GrpcConfigKeys (ConfUtils.java:logGet(46)) - raft.grpc.server.host = null (default)
2023-07-06 10:48:08,078 [main] INFO  grpc.GrpcConfigKeys (ConfUtils.java:logGet(46)) - raft.grpc.server.port = 15050 (custom)
2023-07-06 10:48:08,079 [main] INFO  server.GrpcService (ConfUtils.java:logGet(46)) - raft.grpc.message.size.max = 32MB (=33554432) (custom)
2023-07-06 10:48:08,079 [main] INFO  server.RaftServerConfigKeys (ConfUtils.java:logGet(46)) - raft.server.log.appender.buffer.byte-limit = 33554432 (custom)
2023-07-06 10:48:08,079 [main] INFO  server.GrpcService (ConfUtils.java:logGet(46)) - raft.grpc.flow.control.window = 5MB (=5242880) (custom)
2023-07-06 10:48:08,079 [main] INFO  server.RaftServerConfigKeys (ConfUtils.java:logGet(46)) - raft.server.rpc.request.timeout = 60s (custom)
2023-07-06 10:48:08,079 [main] INFO  grpc.GrpcConfigKeys (ConfUtils.java:logGet(46)) - raft.grpc.server.heartbeat.channel = true (default)
2023-07-06 10:48:08,081 [main] INFO  grpc.GrpcConfigKeys (ConfUtils.java:logGet(46)) - raft.grpc.server.async.request.thread.pool.cached = true (default)
2023-07-06 10:48:08,081 [main] INFO  grpc.GrpcConfigKeys (ConfUtils.java:logGet(46)) - raft.grpc.server.async.request.thread.pool.size = 32 (default)
2023-07-06 10:48:08,084 [main] INFO  impl.DataStreamServerImpl (ConfUtils.java:logGet(46)) - raft.datastream.type = NETTY (custom)
2023-07-06 10:48:08,085 [main] INFO  server.RaftServerConfigKeys (ConfUtils.java:logGet(46)) - raft.server.data-stream.async.request.thread.pool.cached = false (default)
2023-07-06 10:48:08,085 [main] INFO  server.RaftServerConfigKeys (ConfUtils.java:logGet(46)) - raft.server.data-stream.async.request.thread.pool.size = 20 (custom)
2023-07-06 10:48:08,085 [main] INFO  server.RaftServerConfigKeys (ConfUtils.java:logGet(46)) - raft.server.data-stream.async.write.thread.pool.size = 16 (default)
2023-07-06 10:48:08,085 [main] INFO  server.RaftServerConfigKeys (ConfUtils.java:logGet(46)) - raft.server.data-stream.client.pool.size = 10 (default)
2023-07-06 10:48:08,086 [main] INFO  netty.NettyConfigKeys$DataStream (ConfUtils.java:logGet(46)) - raft.netty.dataStream.server.use-epoll = false (default)
2023-07-06 10:48:08,086 [main] INFO  netty.NettyConfigKeys$DataStream (ConfUtils.java:logGet(46)) - raft.netty.dataStream.server.boss-group.size = 0 (default)
2023-07-06 10:48:08,086 [main] INFO  netty.NettyConfigKeys$DataStream (ConfUtils.java:logGet(46)) - raft.netty.dataStream.server.worker-group.size = 0 (default)
2023-07-06 10:48:08,088 [main] INFO  netty.NettyConfigKeys$DataStream (ConfUtils.java:logGet(46)) - raft.netty.dataStream.server.tls.conf = null (default)
2023-07-06 10:48:08,090 [main] INFO  netty.NettyConfigKeys$DataStream (ConfUtils.java:logGet(46)) - raft.netty.dataStream.host = null (default)
2023-07-06 10:48:08,090 [main] INFO  netty.NettyConfigKeys$DataStream (ConfUtils.java:logGet(46)) - raft.netty.dataStream.port = 15051 (custom)
2023-07-06 10:48:08,091 [main] INFO  server.RaftServerConfigKeys (ConfUtils.java:logGet(46)) - raft.server.threadpool.proxy.cached = true (default)
2023-07-06 10:48:08,091 [main] INFO  server.RaftServerConfigKeys (ConfUtils.java:logGet(46)) - raft.server.threadpool.proxy.size = 0 (default)
2023-07-06 10:48:08,091 [main] INFO  server.RaftServerConfigKeys (ConfUtils.java:logGet(46)) - raft.server.rpc.slowness.timeout = 300s (custom)
2023-07-06 10:48:08,091 [main] INFO  server.RaftServerConfigKeys (ConfUtils.java:logGet(46)) - raft.server.leaderelection.leader.step-down.wait-time = 10s (default)
2023-07-06 10:48:08,091 [main] INFO  server.RaftServerConfigKeys (ConfUtils.java:logGet(46)) - raft.server.storage.dir = [/home/runner/work/ozone/ozone/hadoop-ozone/integration-test/target/test-dir/MiniOzoneClusterImpl-8ecce792-0b29-40a4-bcd2-9922915e3450/datanode-4/data/ratis] (custom)
2023-07-06 10:48:08,094 [5390630e-efcd-4aa9-9191-8580c5ddb99b-NettyServerStreamRpc-bossGroup--thread1] INFO  logging.LoggingHandler (AbstractInternalLogger.java:log(148)) - [id: 0x8eddcaa8] REGISTERED
2023-07-06 10:48:08,094 [5390630e-efcd-4aa9-9191-8580c5ddb99b-NettyServerStreamRpc-bossGroup--thread1] INFO  logging.LoggingHandler (AbstractInternalLogger.java:log(148)) - [id: 0x8eddcaa8] BIND: 0.0.0.0/0.0.0.0:15051
2023-07-06 10:48:08,096 [main] INFO  server.XceiverServerGrpc (XceiverServerGrpc.java:<init>(132)) - GrpcServer channel type EpollServerSocketChannel
2023-07-06 10:48:08,101 [main] INFO  replication.ReplicationSupervisor (ReplicationSupervisor.java:nodeStateUpdated(305)) - Node state updated to IN_SERVICE, scaling executor pool size to 10
2023-07-06 10:48:08,102 [5390630e-efcd-4aa9-9191-8580c5ddb99b-NettyServerStreamRpc-bossGroup--thread1] INFO  logging.LoggingHandler (AbstractInternalLogger.java:log(148)) - [id: 0x8eddcaa8, L:/0:0:0:0:0:0:0:0:15051] ACTIVE
2023-07-06 10:48:08,177 [main] INFO  http.BaseHttpServer (BaseHttpServer.java:newHttpServer2BuilderForOzone(224)) - Starting Web-server for hddsDatanode at: http://0.0.0.0:15045
2023-07-06 10:48:08,178 [main] INFO  http.BaseHttpServer (BaseHttpServer.java:<init>(111)) - Hadoop Security Enabled: false Ozone Security Enabled: false Ozone HTTP Security Enabled: false 
2023-07-06 10:48:08,180 [main] WARN  server.AuthenticationFilter (AuthenticationFilter.java:constructSecretProvider(240)) - Unable to initialize FileSignerSecretProvider, falling back to use random secrets. Reason: Could not read signature secret file: /home/runner/hadoop-http-auth-signature-secret
2023-07-06 10:48:08,183 [main] INFO  http.HttpRequestLog (HttpRequestLog.java:getRequestLog(86)) - Http request log for http.requests.hddsDatanode is not defined
2023-07-06 10:48:08,185 [main] INFO  http.HttpServer2 (HttpServer2.java:addGlobalFilter(1031)) - Added global filter 'safety' (class=org.apache.hadoop.hdds.server.http.HttpServer2$QuotingInputFilter)
2023-07-06 10:48:08,186 [main] INFO  http.HttpServer2 (HttpServer2.java:addFilter(1007)) - Added filter static_user_filter (class=org.apache.hadoop.http.lib.StaticUserWebFilter$StaticUserFilter) to context hddsDatanode
2023-07-06 10:48:08,186 [main] INFO  http.HttpServer2 (HttpServer2.java:addFilter(1015)) - Added filter static_user_filter (class=org.apache.hadoop.http.lib.StaticUserWebFilter$StaticUserFilter) to context logs
2023-07-06 10:48:08,186 [main] INFO  http.HttpServer2 (HttpServer2.java:addFilter(1015)) - Added filter static_user_filter (class=org.apache.hadoop.http.lib.StaticUserWebFilter$StaticUserFilter) to context static
2023-07-06 10:48:08,187 [main] INFO  http.BaseHttpServer (BaseHttpServer.java:<init>(190)) - HTTP server of hddsDatanode uses base directory /home/runner/work/ozone/ozone/hadoop-ozone/integration-test/target/test-dir/MiniOzoneClusterImpl-8ecce792-0b29-40a4-bcd2-9922915e3450/datanode-4/meta/webserver
2023-07-06 10:48:08,188 [main] INFO  http.HttpServer2 (HttpServer2.java:bindListener(1250)) - Jetty bound to port 15045
2023-07-06 10:48:08,189 [main] INFO  server.Server (Server.java:doStart(375)) - jetty-9.4.51.v20230217; built: 2023-02-17T08:19:37.309Z; git: b45c405e4544384de066f814ed42ae3dceacdd49; jvm 1.8.0_372-b07
2023-07-06 10:48:08,228 [main] INFO  server.session (DefaultSessionIdManager.java:doStart(334)) - DefaultSessionIdManager workerName=node0
2023-07-06 10:48:08,228 [main] INFO  server.session (DefaultSessionIdManager.java:doStart(339)) - No SessionScavenger set, using defaults
2023-07-06 10:48:08,228 [main] INFO  server.session (HouseKeeper.java:startScavenging(132)) - node0 Scavenging every 660000ms
2023-07-06 10:48:08,232 [main] INFO  handler.ContextHandler (ContextHandler.java:doStart(921)) - Started o.e.j.s.ServletContextHandler@3a229ee6{logs,/logs,file:///home/runner/work/ozone/ozone/hadoop-ozone/integration-test/target/log,AVAILABLE}
2023-07-06 10:48:08,233 [main] INFO  handler.ContextHandler (ContextHandler.java:doStart(921)) - Started o.e.j.s.ServletContextHandler@d36a95{static,/static,jar:file:/home/runner/.m2/repository/org/apache/ozone/hdds-container-service/1.4.0-SNAPSHOT/hdds-container-service-1.4.0-SNAPSHOT.jar!/webapps/static,AVAILABLE}
2023-07-06 10:48:08,506 [main] INFO  handler.ContextHandler (ContextHandler.java:doStart(921)) - Started o.e.j.w.WebAppContext@19cc229b{hddsDatanode,/,file:///home/runner/work/ozone/ozone/hadoop-ozone/integration-test/target/tmp/kms/webapp/,AVAILABLE}{jar:file:/home/runner/.m2/repository/org/apache/ozone/hdds-container-service/1.4.0-SNAPSHOT/hdds-container-service-1.4.0-SNAPSHOT.jar!/webapps/hddsDatanode}
2023-07-06 10:48:08,508 [main] INFO  server.AbstractConnector (AbstractConnector.java:doStart(333)) - Started ServerConnector@2d0550c3{HTTP/1.1, (http/1.1)}{0.0.0.0:15045}
2023-07-06 10:48:08,509 [main] INFO  server.Server (Server.java:doStart(415)) - Started @14965ms
2023-07-06 10:48:08,509 [main] WARN  impl.MetricsSystemImpl (MetricsSystemImpl.java:register(279)) - Sink prometheus already exists!
2023-07-06 10:48:08,510 [main] INFO  http.BaseHttpServer (BaseHttpServer.java:updateConnectorAddress(344)) - HTTP server of hddsDatanode listening at http://0.0.0.0:15045
2023-07-06 10:48:08,510 [main] INFO  ipc.CallQueueManager (CallQueueManager.java:<init>(90)) - Using callQueue: class java.util.concurrent.LinkedBlockingQueue, queueCapacity: 100, scheduler: class org.apache.hadoop.ipc.DefaultRpcScheduler, ipcBackoff: false.
2023-07-06 10:48:08,510 [main] INFO  ipc.Server (Server.java:<init>(1287)) - Listener at 0.0.0.0:15046
2023-07-06 10:48:08,511 [Socket Reader #1 for port 15046] INFO  ipc.Server (Server.java:run(1323)) - Starting Socket Reader #1 for port 15046
2023-07-06 10:48:08,515 [main] INFO  ozone.HddsDatanodeService (HddsDatanodeService.java:start(315)) - Datanode start with admins: [runner]
2023-07-06 10:48:08,515 [main] INFO  ozone.HddsDatanodeClientProtocolServer (HddsDatanodeClientProtocolServer.java:start(72)) - RPC server for Client /0.0.0.0:15046
2023-07-06 10:48:08,516 [IPC Server Responder] INFO  ipc.Server (Server.java:run(1562)) - IPC Server Responder: starting
2023-07-06 10:48:08,522 [Datanode State Machine Daemon Thread] INFO  statemachine.DatanodeStateMachine (DatanodeStateMachine.java:lambda$startDaemon$0(531)) - Ozone container server started.
2023-07-06 10:48:08,522 [main] WARN  impl.MetricRegistriesImpl (MetricRegistriesImpl.java:addReporterRegistration(111)) - New reporters are added after registries were created. Some metrics will be missing from the reporter. Please add reporter before adding any new registry.
2023-07-06 10:48:08,522 [main] WARN  impl.MetricRegistriesImpl (MetricRegistriesImpl.java:addReporterRegistration(111)) - New reporters are added after registries were created. Some metrics will be missing from the reporter. Please add reporter before adding any new registry.
2023-07-06 10:48:08,522 [main] INFO  impl.MetricsSystemImpl (MetricsSystemImpl.java:init(158)) - HddsDatanode metrics system started (again)
2023-07-06 10:48:08,528 [IPC Server listener on 15046] INFO  ipc.Server (Server.java:run(1402)) - IPC Server listener on 15046: starting
2023-07-06 10:48:08,539 [Datanode State Machine Task Thread - 0] INFO  datanode.InitDatanodeState (InitDatanodeState.java:persistContainerDatanodeDetails(138)) - DatanodeDetails is persisted to /home/runner/work/ozone/ozone/hadoop-ozone/integration-test/target/test-dir/MiniOzoneClusterImpl-8ecce792-0b29-40a4-bcd2-9922915e3450/datanode-4/meta/datanode.id
2023-07-06 10:48:08,544 [main] INFO  ozone.HddsDatanodeService (HddsDatanodeService.java:start(237)) - HddsDatanodeService host:fv-az137-100.aripajfx3awelhgv3otau1goqd.bx.internal.cloudapp.net ip:10.1.0.19
2023-07-06 10:48:08,582 [main] INFO  upgrade.AbstractLayoutVersionManager (AbstractLayoutVersionManager.java:init(83)) - Initializing Layout version manager with metadata layout = HADOOP_PRC_PORTS_IN_DATANODEDETAILS (version = 7), software layout = HADOOP_PRC_PORTS_IN_DATANODEDETAILS (version = 7)
2023-07-06 10:48:08,583 [main] INFO  statemachine.DatanodeStateMachine (DatanodeStateMachine.java:getEndPointTaskThreadPoolSize(279)) - Datanode State Machine Task Thread Pool size 2
2023-07-06 10:48:08,585 [main] INFO  volume.HddsVolume (HddsVolume.java:<init>(133)) - Creating HddsVolume: /home/runner/work/ozone/ozone/hadoop-ozone/integration-test/target/test-dir/MiniOzoneClusterImpl-8ecce792-0b29-40a4-bcd2-9922915e3450/datanode-5/data-0/containers/hdds of storage type : DISK capacity : 9223372036854775807
2023-07-06 10:48:08,585 [main] INFO  volume.MutableVolumeSet (MutableVolumeSet.java:initializeVolumeSet(175)) - Added Volume : /home/runner/work/ozone/ozone/hadoop-ozone/integration-test/target/test-dir/MiniOzoneClusterImpl-8ecce792-0b29-40a4-bcd2-9922915e3450/datanode-5/data-0/containers/hdds to VolumeSet
2023-07-06 10:48:08,585 [main] INFO  volume.ThrottledAsyncChecker (ThrottledAsyncChecker.java:schedule(141)) - Scheduling a check for /home/runner/work/ozone/ozone/hadoop-ozone/integration-test/target/test-dir/MiniOzoneClusterImpl-8ecce792-0b29-40a4-bcd2-9922915e3450/datanode-5/data-0/containers/hdds
2023-07-06 10:48:08,586 [main] INFO  volume.StorageVolumeChecker (StorageVolumeChecker.java:checkAllVolumes(202)) - Scheduled health check for volume /home/runner/work/ozone/ozone/hadoop-ozone/integration-test/target/test-dir/MiniOzoneClusterImpl-8ecce792-0b29-40a4-bcd2-9922915e3450/datanode-5/data-0/containers/hdds
2023-07-06 10:48:08,589 [main] INFO  volume.MutableVolumeSet (MutableVolumeSet.java:initializeVolumeSet(175)) - Added Volume : /home/runner/work/ozone/ozone/hadoop-ozone/integration-test/target/test-dir/MiniOzoneClusterImpl-8ecce792-0b29-40a4-bcd2-9922915e3450/datanode-5/data/ratis to VolumeSet
2023-07-06 10:48:08,590 [main] INFO  volume.ThrottledAsyncChecker (ThrottledAsyncChecker.java:schedule(141)) - Scheduling a check for /home/runner/work/ozone/ozone/hadoop-ozone/integration-test/target/test-dir/MiniOzoneClusterImpl-8ecce792-0b29-40a4-bcd2-9922915e3450/datanode-5/data/ratis
2023-07-06 10:48:08,590 [main] INFO  volume.StorageVolumeChecker (StorageVolumeChecker.java:checkAllVolumes(202)) - Scheduled health check for volume /home/runner/work/ozone/ozone/hadoop-ozone/integration-test/target/test-dir/MiniOzoneClusterImpl-8ecce792-0b29-40a4-bcd2-9922915e3450/datanode-5/data/ratis
2023-07-06 10:48:08,595 [Thread-238] INFO  ozoneimpl.ContainerReader (ContainerReader.java:readVolume(175)) - Finish verifying containers on volume /home/runner/work/ozone/ozone/hadoop-ozone/integration-test/target/test-dir/MiniOzoneClusterImpl-8ecce792-0b29-40a4-bcd2-9922915e3450/datanode-5/data-0/containers/hdds
2023-07-06 10:48:08,595 [main] INFO  ozoneimpl.OzoneContainer (OzoneContainer.java:buildContainerSet(316)) - Build ContainerSet costs 0s
2023-07-06 10:48:08,599 [main] INFO  server.RaftServer (ConfUtils.java:logGet(46)) - raft.rpc.type = GRPC (default)
2023-07-06 10:48:08,599 [main] INFO  grpc.GrpcConfigKeys (ConfUtils.java:logFallback(53)) - raft.grpc.admin.host = null (fallback to raft.grpc.server.host)
2023-07-06 10:48:08,599 [main] INFO  grpc.GrpcConfigKeys (ConfUtils.java:logGet(46)) - raft.grpc.admin.port = 15058 (custom)
2023-07-06 10:48:08,599 [main] INFO  grpc.GrpcConfigKeys (ConfUtils.java:logFallback(53)) - raft.grpc.client.host = null (fallback to raft.grpc.server.host)
2023-07-06 10:48:08,600 [main] INFO  grpc.GrpcConfigKeys (ConfUtils.java:logGet(46)) - raft.grpc.client.port = 15057 (custom)
2023-07-06 10:48:08,600 [main] INFO  grpc.GrpcConfigKeys (ConfUtils.java:logGet(46)) - raft.grpc.server.host = null (default)
2023-07-06 10:48:08,600 [main] INFO  grpc.GrpcConfigKeys (ConfUtils.java:logGet(46)) - raft.grpc.server.port = 15059 (custom)
2023-07-06 10:48:08,600 [main] INFO  server.GrpcService (ConfUtils.java:logGet(46)) - raft.grpc.message.size.max = 32MB (=33554432) (custom)
2023-07-06 10:48:08,600 [main] INFO  server.RaftServerConfigKeys (ConfUtils.java:logGet(46)) - raft.server.log.appender.buffer.byte-limit = 33554432 (custom)
2023-07-06 10:48:08,600 [main] INFO  server.GrpcService (ConfUtils.java:logGet(46)) - raft.grpc.flow.control.window = 5MB (=5242880) (custom)
2023-07-06 10:48:08,600 [main] INFO  server.RaftServerConfigKeys (ConfUtils.java:logGet(46)) - raft.server.rpc.request.timeout = 60s (custom)
2023-07-06 10:48:08,601 [main] INFO  grpc.GrpcConfigKeys (ConfUtils.java:logGet(46)) - raft.grpc.server.heartbeat.channel = true (default)
2023-07-06 10:48:08,601 [main] INFO  grpc.GrpcConfigKeys (ConfUtils.java:logGet(46)) - raft.grpc.server.async.request.thread.pool.cached = true (default)
2023-07-06 10:48:08,601 [main] INFO  grpc.GrpcConfigKeys (ConfUtils.java:logGet(46)) - raft.grpc.server.async.request.thread.pool.size = 32 (default)
2023-07-06 10:48:08,604 [main] INFO  impl.DataStreamServerImpl (ConfUtils.java:logGet(46)) - raft.datastream.type = NETTY (custom)
2023-07-06 10:48:08,607 [main] INFO  server.RaftServerConfigKeys (ConfUtils.java:logGet(46)) - raft.server.data-stream.async.request.thread.pool.cached = false (default)
2023-07-06 10:48:08,607 [main] INFO  server.RaftServerConfigKeys (ConfUtils.java:logGet(46)) - raft.server.data-stream.async.request.thread.pool.size = 20 (custom)
2023-07-06 10:48:08,608 [main] INFO  server.RaftServerConfigKeys (ConfUtils.java:logGet(46)) - raft.server.data-stream.async.write.thread.pool.size = 16 (default)
2023-07-06 10:48:08,608 [main] INFO  server.RaftServerConfigKeys (ConfUtils.java:logGet(46)) - raft.server.data-stream.client.pool.size = 10 (default)
2023-07-06 10:48:08,608 [main] INFO  netty.NettyConfigKeys$DataStream (ConfUtils.java:logGet(46)) - raft.netty.dataStream.server.use-epoll = false (default)
2023-07-06 10:48:08,608 [main] INFO  netty.NettyConfigKeys$DataStream (ConfUtils.java:logGet(46)) - raft.netty.dataStream.server.boss-group.size = 0 (default)
2023-07-06 10:48:08,609 [main] INFO  netty.NettyConfigKeys$DataStream (ConfUtils.java:logGet(46)) - raft.netty.dataStream.server.worker-group.size = 0 (default)
2023-07-06 10:48:08,609 [main] INFO  netty.NettyConfigKeys$DataStream (ConfUtils.java:logGet(46)) - raft.netty.dataStream.server.tls.conf = null (default)
2023-07-06 10:48:08,609 [main] INFO  netty.NettyConfigKeys$DataStream (ConfUtils.java:logGet(46)) - raft.netty.dataStream.host = null (default)
2023-07-06 10:48:08,609 [main] INFO  netty.NettyConfigKeys$DataStream (ConfUtils.java:logGet(46)) - raft.netty.dataStream.port = 15060 (custom)
2023-07-06 10:48:08,610 [main] INFO  server.RaftServerConfigKeys (ConfUtils.java:logGet(46)) - raft.server.threadpool.proxy.cached = true (default)
2023-07-06 10:48:08,611 [main] INFO  server.RaftServerConfigKeys (ConfUtils.java:logGet(46)) - raft.server.threadpool.proxy.size = 0 (default)
2023-07-06 10:48:08,611 [main] INFO  server.RaftServerConfigKeys (ConfUtils.java:logGet(46)) - raft.server.rpc.slowness.timeout = 300s (custom)
2023-07-06 10:48:08,611 [5a53f96e-bd62-406a-bc4f-c3e0845cabf5-NettyServerStreamRpc-bossGroup--thread1] INFO  logging.LoggingHandler (AbstractInternalLogger.java:log(148)) - [id: 0x1f45d2dc] REGISTERED
2023-07-06 10:48:08,611 [main] INFO  server.RaftServerConfigKeys (ConfUtils.java:logGet(46)) - raft.server.leaderelection.leader.step-down.wait-time = 10s (default)
2023-07-06 10:48:08,612 [5a53f96e-bd62-406a-bc4f-c3e0845cabf5-NettyServerStreamRpc-bossGroup--thread1] INFO  logging.LoggingHandler (AbstractInternalLogger.java:log(148)) - [id: 0x1f45d2dc] BIND: 0.0.0.0/0.0.0.0:15060
2023-07-06 10:48:08,612 [main] INFO  server.RaftServerConfigKeys (ConfUtils.java:logGet(46)) - raft.server.storage.dir = [/home/runner/work/ozone/ozone/hadoop-ozone/integration-test/target/test-dir/MiniOzoneClusterImpl-8ecce792-0b29-40a4-bcd2-9922915e3450/datanode-5/data/ratis] (custom)
2023-07-06 10:48:08,612 [5a53f96e-bd62-406a-bc4f-c3e0845cabf5-NettyServerStreamRpc-bossGroup--thread1] INFO  logging.LoggingHandler (AbstractInternalLogger.java:log(148)) - [id: 0x1f45d2dc, L:/0:0:0:0:0:0:0:0:15060] ACTIVE
2023-07-06 10:48:08,614 [main] INFO  server.XceiverServerGrpc (XceiverServerGrpc.java:<init>(132)) - GrpcServer channel type EpollServerSocketChannel
2023-07-06 10:48:08,616 [main] INFO  replication.ReplicationSupervisor (ReplicationSupervisor.java:nodeStateUpdated(305)) - Node state updated to IN_SERVICE, scaling executor pool size to 10
2023-07-06 10:48:08,626 [main] INFO  http.BaseHttpServer (BaseHttpServer.java:newHttpServer2BuilderForOzone(224)) - Starting Web-server for hddsDatanode at: http://0.0.0.0:15054
2023-07-06 10:48:08,626 [main] INFO  http.BaseHttpServer (BaseHttpServer.java:<init>(111)) - Hadoop Security Enabled: false Ozone Security Enabled: false Ozone HTTP Security Enabled: false 
2023-07-06 10:48:08,627 [main] WARN  server.AuthenticationFilter (AuthenticationFilter.java:constructSecretProvider(240)) - Unable to initialize FileSignerSecretProvider, falling back to use random secrets. Reason: Could not read signature secret file: /home/runner/hadoop-http-auth-signature-secret
2023-07-06 10:48:08,628 [main] INFO  http.HttpRequestLog (HttpRequestLog.java:getRequestLog(86)) - Http request log for http.requests.hddsDatanode is not defined
2023-07-06 10:48:08,630 [main] INFO  http.HttpServer2 (HttpServer2.java:addGlobalFilter(1031)) - Added global filter 'safety' (class=org.apache.hadoop.hdds.server.http.HttpServer2$QuotingInputFilter)
2023-07-06 10:48:08,631 [main] INFO  http.HttpServer2 (HttpServer2.java:addFilter(1007)) - Added filter static_user_filter (class=org.apache.hadoop.http.lib.StaticUserWebFilter$StaticUserFilter) to context hddsDatanode
2023-07-06 10:48:08,631 [main] INFO  http.HttpServer2 (HttpServer2.java:addFilter(1015)) - Added filter static_user_filter (class=org.apache.hadoop.http.lib.StaticUserWebFilter$StaticUserFilter) to context logs
2023-07-06 10:48:08,631 [main] INFO  http.HttpServer2 (HttpServer2.java:addFilter(1015)) - Added filter static_user_filter (class=org.apache.hadoop.http.lib.StaticUserWebFilter$StaticUserFilter) to context static
2023-07-06 10:48:08,632 [main] INFO  http.BaseHttpServer (BaseHttpServer.java:<init>(190)) - HTTP server of hddsDatanode uses base directory /home/runner/work/ozone/ozone/hadoop-ozone/integration-test/target/test-dir/MiniOzoneClusterImpl-8ecce792-0b29-40a4-bcd2-9922915e3450/datanode-5/meta/webserver
2023-07-06 10:48:08,632 [main] INFO  http.HttpServer2 (HttpServer2.java:bindListener(1250)) - Jetty bound to port 15054
2023-07-06 10:48:08,632 [main] INFO  server.Server (Server.java:doStart(375)) - jetty-9.4.51.v20230217; built: 2023-02-17T08:19:37.309Z; git: b45c405e4544384de066f814ed42ae3dceacdd49; jvm 1.8.0_372-b07
2023-07-06 10:48:08,639 [main] INFO  server.session (DefaultSessionIdManager.java:doStart(334)) - DefaultSessionIdManager workerName=node0
2023-07-06 10:48:08,639 [main] INFO  server.session (DefaultSessionIdManager.java:doStart(339)) - No SessionScavenger set, using defaults
2023-07-06 10:48:08,639 [main] INFO  server.session (HouseKeeper.java:startScavenging(132)) - node0 Scavenging every 600000ms
2023-07-06 10:48:08,640 [main] INFO  handler.ContextHandler (ContextHandler.java:doStart(921)) - Started o.e.j.s.ServletContextHandler@5266ba47{logs,/logs,file:///home/runner/work/ozone/ozone/hadoop-ozone/integration-test/target/log,AVAILABLE}
2023-07-06 10:48:08,641 [main] INFO  handler.ContextHandler (ContextHandler.java:doStart(921)) - Started o.e.j.s.ServletContextHandler@be98ce4{static,/static,jar:file:/home/runner/.m2/repository/org/apache/ozone/hdds-container-service/1.4.0-SNAPSHOT/hdds-container-service-1.4.0-SNAPSHOT.jar!/webapps/static,AVAILABLE}
2023-07-06 10:48:09,016 [main] INFO  handler.ContextHandler (ContextHandler.java:doStart(921)) - Started o.e.j.w.WebAppContext@301dc6d6{hddsDatanode,/,file:///home/runner/work/ozone/ozone/hadoop-ozone/integration-test/target/tmp/kms/webapp/,AVAILABLE}{jar:file:/home/runner/.m2/repository/org/apache/ozone/hdds-container-service/1.4.0-SNAPSHOT/hdds-container-service-1.4.0-SNAPSHOT.jar!/webapps/hddsDatanode}
2023-07-06 10:48:09,019 [EndpointStateMachine task thread for /0.0.0.0:15002 - 0 ] INFO  utils.DatanodeStoreCache (DatanodeStoreCache.java:addDB(66)) - Added db /home/runner/work/ozone/ozone/hadoop-ozone/integration-test/target/test-dir/MiniOzoneClusterImpl-8ecce792-0b29-40a4-bcd2-9922915e3450/datanode-0/data-0/containers/hdds/8ecce792-0b29-40a4-bcd2-9922915e3450/DS-268f04e4-5668-4099-ac2f-6ef59ec25aa3/container.db to cache
2023-07-06 10:48:09,019 [EndpointStateMachine task thread for /0.0.0.0:15002 - 0 ] INFO  volume.HddsVolume (HddsVolume.java:createDbStore(478)) - SchemaV3 db is created and loaded at /home/runner/work/ozone/ozone/hadoop-ozone/integration-test/target/test-dir/MiniOzoneClusterImpl-8ecce792-0b29-40a4-bcd2-9922915e3450/datanode-0/data-0/containers/hdds/8ecce792-0b29-40a4-bcd2-9922915e3450/DS-268f04e4-5668-4099-ac2f-6ef59ec25aa3/container.db for volume DS-268f04e4-5668-4099-ac2f-6ef59ec25aa3
2023-07-06 10:48:09,022 [EndpointStateMachine task thread for /0.0.0.0:15002 - 0 ] INFO  ozoneimpl.OzoneContainer (OzoneContainer.java:start(419)) - Attempting to start container services.
2023-07-06 10:48:09,022 [main] INFO  server.AbstractConnector (AbstractConnector.java:doStart(333)) - Started ServerConnector@3a065808{HTTP/1.1, (http/1.1)}{0.0.0.0:15054}
2023-07-06 10:48:09,024 [main] INFO  server.Server (Server.java:doStart(415)) - Started @15480ms
2023-07-06 10:48:09,024 [main] WARN  impl.MetricsSystemImpl (MetricsSystemImpl.java:register(279)) - Sink prometheus already exists!
2023-07-06 10:48:09,025 [main] INFO  http.BaseHttpServer (BaseHttpServer.java:updateConnectorAddress(344)) - HTTP server of hddsDatanode listening at http://0.0.0.0:15054
2023-07-06 10:48:09,025 [main] INFO  ipc.CallQueueManager (CallQueueManager.java:<init>(90)) - Using callQueue: class java.util.concurrent.LinkedBlockingQueue, queueCapacity: 100, scheduler: class org.apache.hadoop.ipc.DefaultRpcScheduler, ipcBackoff: false.
2023-07-06 10:48:09,025 [main] INFO  ipc.Server (Server.java:<init>(1287)) - Listener at 0.0.0.0:15055
2023-07-06 10:48:09,026 [EndpointStateMachine task thread for /0.0.0.0:15002 - 0 ] INFO  ozoneimpl.OzoneContainer (OzoneContainer.java:startContainerScrub(327)) - Scheduled background container scanners and the on-demand container scanner have been disabled.
2023-07-06 10:48:09,031 [EndpointStateMachine task thread for /0.0.0.0:15002 - 0 ] INFO  replication.ReplicationServer (ReplicationServer.java:start(128)) - ReplicationServer is started using port 15016
2023-07-06 10:48:09,031 [EndpointStateMachine task thread for /0.0.0.0:15002 - 0 ] INFO  ratis.XceiverServerRatis (XceiverServerRatis.java:start(517)) - Starting XceiverServerRatis c18b64c4-7b5c-4e0a-b26c-2daf5f5ffc53
2023-07-06 10:48:09,031 [Socket Reader #1 for port 15055] INFO  ipc.Server (Server.java:run(1323)) - Starting Socket Reader #1 for port 15055
2023-07-06 10:48:09,032 [EndpointStateMachine task thread for /0.0.0.0:15002 - 0 ] INFO  server.RaftServer (RaftServerProxy.java:startImpl(400)) - c18b64c4-7b5c-4e0a-b26c-2daf5f5ffc53: start RPC server
2023-07-06 10:48:09,035 [main] INFO  ozone.HddsDatanodeService (HddsDatanodeService.java:start(315)) - Datanode start with admins: [runner]
2023-07-06 10:48:09,035 [main] INFO  ozone.HddsDatanodeClientProtocolServer (HddsDatanodeClientProtocolServer.java:start(72)) - RPC server for Client /0.0.0.0:15055
2023-07-06 10:48:09,036 [IPC Server Responder] INFO  ipc.Server (Server.java:run(1562)) - IPC Server Responder: starting
2023-07-06 10:48:09,036 [IPC Server listener on 15055] INFO  ipc.Server (Server.java:run(1402)) - IPC Server listener on 15055: starting
2023-07-06 10:48:09,046 [main] WARN  impl.MetricRegistriesImpl (MetricRegistriesImpl.java:addReporterRegistration(111)) - New reporters are added after registries were created. Some metrics will be missing from the reporter. Please add reporter before adding any new registry.
2023-07-06 10:48:09,047 [main] WARN  impl.MetricRegistriesImpl (MetricRegistriesImpl.java:addReporterRegistration(111)) - New reporters are added after registries were created. Some metrics will be missing from the reporter. Please add reporter before adding any new registry.
2023-07-06 10:48:09,047 [main] INFO  impl.MetricsSystemImpl (MetricsSystemImpl.java:init(158)) - HddsDatanode metrics system started (again)
2023-07-06 10:48:09,048 [Datanode State Machine Daemon Thread] INFO  statemachine.DatanodeStateMachine (DatanodeStateMachine.java:lambda$startDaemon$0(531)) - Ozone container server started.
2023-07-06 10:48:09,062 [EndpointStateMachine task thread for /0.0.0.0:15002 - 0 ] INFO  server.GrpcService (GrpcService.java:startImpl(302)) - c18b64c4-7b5c-4e0a-b26c-2daf5f5ffc53: GrpcService started, listening on 15012
2023-07-06 10:48:09,074 [EndpointStateMachine task thread for /0.0.0.0:15002 - 0 ] INFO  server.GrpcService (GrpcService.java:startImpl(302)) - c18b64c4-7b5c-4e0a-b26c-2daf5f5ffc53: GrpcService started, listening on 15014
2023-07-06 10:48:09,086 [EndpointStateMachine task thread for /0.0.0.0:15002 - 0 ] INFO  server.GrpcService (GrpcService.java:startImpl(302)) - c18b64c4-7b5c-4e0a-b26c-2daf5f5ffc53: GrpcService started, listening on 15013
2023-07-06 10:48:09,087 [JvmPauseMonitor2] INFO  util.JvmPauseMonitor (JvmPauseMonitor.java:run(103)) - JvmPauseMonitor-c18b64c4-7b5c-4e0a-b26c-2daf5f5ffc53: Started
2023-07-06 10:48:09,089 [main] INFO  ozone.HddsDatanodeService (HddsDatanodeService.java:start(237)) - HddsDatanodeService host:fv-az137-100.aripajfx3awelhgv3otau1goqd.bx.internal.cloudapp.net ip:10.1.0.19
2023-07-06 10:48:09,087 [EndpointStateMachine task thread for /0.0.0.0:15002 - 0 ] INFO  ratis.XceiverServerRatis (XceiverServerRatis.java:getRealPort(543)) - XceiverServerRatis c18b64c4-7b5c-4e0a-b26c-2daf5f5ffc53 is started using port 15012 for RATIS
2023-07-06 10:48:09,094 [EndpointStateMachine task thread for /0.0.0.0:15002 - 0 ] INFO  ratis.XceiverServerRatis (XceiverServerRatis.java:getRealPort(543)) - XceiverServerRatis c18b64c4-7b5c-4e0a-b26c-2daf5f5ffc53 is started using port 15013 for RATIS_ADMIN
2023-07-06 10:48:09,094 [EndpointStateMachine task thread for /0.0.0.0:15002 - 0 ] INFO  ratis.XceiverServerRatis (XceiverServerRatis.java:getRealPort(543)) - XceiverServerRatis c18b64c4-7b5c-4e0a-b26c-2daf5f5ffc53 is started using port 15014 for RATIS_SERVER
2023-07-06 10:48:09,094 [EndpointStateMachine task thread for /0.0.0.0:15002 - 0 ] INFO  ratis.XceiverServerRatis (XceiverServerRatis.java:getRealPort(543)) - XceiverServerRatis c18b64c4-7b5c-4e0a-b26c-2daf5f5ffc53 is started using port 15015 for RATIS_DATASTREAM
2023-07-06 10:48:09,095 [Datanode State Machine Task Thread - 0] INFO  datanode.InitDatanodeState (InitDatanodeState.java:persistContainerDatanodeDetails(138)) - DatanodeDetails is persisted to /home/runner/work/ozone/ozone/hadoop-ozone/integration-test/target/test-dir/MiniOzoneClusterImpl-8ecce792-0b29-40a4-bcd2-9922915e3450/datanode-5/meta/datanode.id
2023-07-06 10:48:09,109 [BlockDeletingService#0] INFO  interfaces.ContainerDeletionChoosingPolicyTemplate (ContainerDeletionChoosingPolicyTemplate.java:chooseContainerForBlockDeletion(83)) - Chosen 0/5000 blocks from 0 candidate containers.
2023-07-06 10:48:09,121 [main] INFO  upgrade.AbstractLayoutVersionManager (AbstractLayoutVersionManager.java:init(83)) - Initializing Layout version manager with metadata layout = HADOOP_PRC_PORTS_IN_DATANODEDETAILS (version = 7), software layout = HADOOP_PRC_PORTS_IN_DATANODEDETAILS (version = 7)
2023-07-06 10:48:09,122 [main] INFO  statemachine.DatanodeStateMachine (DatanodeStateMachine.java:getEndPointTaskThreadPoolSize(279)) - Datanode State Machine Task Thread Pool size 2
2023-07-06 10:48:09,125 [main] INFO  volume.HddsVolume (HddsVolume.java:<init>(133)) - Creating HddsVolume: /home/runner/work/ozone/ozone/hadoop-ozone/integration-test/target/test-dir/MiniOzoneClusterImpl-8ecce792-0b29-40a4-bcd2-9922915e3450/datanode-6/data-0/containers/hdds of storage type : DISK capacity : 9223372036854775807
2023-07-06 10:48:09,125 [main] INFO  volume.MutableVolumeSet (MutableVolumeSet.java:initializeVolumeSet(175)) - Added Volume : /home/runner/work/ozone/ozone/hadoop-ozone/integration-test/target/test-dir/MiniOzoneClusterImpl-8ecce792-0b29-40a4-bcd2-9922915e3450/datanode-6/data-0/containers/hdds to VolumeSet
2023-07-06 10:48:09,125 [main] INFO  volume.ThrottledAsyncChecker (ThrottledAsyncChecker.java:schedule(141)) - Scheduling a check for /home/runner/work/ozone/ozone/hadoop-ozone/integration-test/target/test-dir/MiniOzoneClusterImpl-8ecce792-0b29-40a4-bcd2-9922915e3450/datanode-6/data-0/containers/hdds
2023-07-06 10:48:09,125 [main] INFO  volume.StorageVolumeChecker (StorageVolumeChecker.java:checkAllVolumes(202)) - Scheduled health check for volume /home/runner/work/ozone/ozone/hadoop-ozone/integration-test/target/test-dir/MiniOzoneClusterImpl-8ecce792-0b29-40a4-bcd2-9922915e3450/datanode-6/data-0/containers/hdds
2023-07-06 10:48:09,129 [main] INFO  volume.MutableVolumeSet (MutableVolumeSet.java:initializeVolumeSet(175)) - Added Volume : /home/runner/work/ozone/ozone/hadoop-ozone/integration-test/target/test-dir/MiniOzoneClusterImpl-8ecce792-0b29-40a4-bcd2-9922915e3450/datanode-6/data/ratis to VolumeSet
2023-07-06 10:48:09,129 [main] INFO  volume.ThrottledAsyncChecker (ThrottledAsyncChecker.java:schedule(141)) - Scheduling a check for /home/runner/work/ozone/ozone/hadoop-ozone/integration-test/target/test-dir/MiniOzoneClusterImpl-8ecce792-0b29-40a4-bcd2-9922915e3450/datanode-6/data/ratis
2023-07-06 10:48:09,129 [main] INFO  volume.StorageVolumeChecker (StorageVolumeChecker.java:checkAllVolumes(202)) - Scheduled health check for volume /home/runner/work/ozone/ozone/hadoop-ozone/integration-test/target/test-dir/MiniOzoneClusterImpl-8ecce792-0b29-40a4-bcd2-9922915e3450/datanode-6/data/ratis
2023-07-06 10:48:09,132 [Thread-261] INFO  ozoneimpl.ContainerReader (ContainerReader.java:readVolume(175)) - Finish verifying containers on volume /home/runner/work/ozone/ozone/hadoop-ozone/integration-test/target/test-dir/MiniOzoneClusterImpl-8ecce792-0b29-40a4-bcd2-9922915e3450/datanode-6/data-0/containers/hdds
2023-07-06 10:48:09,132 [main] INFO  ozoneimpl.OzoneContainer (OzoneContainer.java:buildContainerSet(316)) - Build ContainerSet costs 0s
2023-07-06 10:48:09,136 [main] INFO  server.RaftServer (ConfUtils.java:logGet(46)) - raft.rpc.type = GRPC (default)
2023-07-06 10:48:09,137 [main] INFO  grpc.GrpcConfigKeys (ConfUtils.java:logFallback(53)) - raft.grpc.admin.host = null (fallback to raft.grpc.server.host)
2023-07-06 10:48:09,137 [main] INFO  grpc.GrpcConfigKeys (ConfUtils.java:logGet(46)) - raft.grpc.admin.port = 15067 (custom)
2023-07-06 10:48:09,137 [main] INFO  grpc.GrpcConfigKeys (ConfUtils.java:logFallback(53)) - raft.grpc.client.host = null (fallback to raft.grpc.server.host)
2023-07-06 10:48:09,137 [main] INFO  grpc.GrpcConfigKeys (ConfUtils.java:logGet(46)) - raft.grpc.client.port = 15066 (custom)
2023-07-06 10:48:09,137 [main] INFO  grpc.GrpcConfigKeys (ConfUtils.java:logGet(46)) - raft.grpc.server.host = null (default)
2023-07-06 10:48:09,137 [main] INFO  grpc.GrpcConfigKeys (ConfUtils.java:logGet(46)) - raft.grpc.server.port = 15068 (custom)
2023-07-06 10:48:09,137 [main] INFO  server.GrpcService (ConfUtils.java:logGet(46)) - raft.grpc.message.size.max = 32MB (=33554432) (custom)
2023-07-06 10:48:09,137 [main] INFO  server.RaftServerConfigKeys (ConfUtils.java:logGet(46)) - raft.server.log.appender.buffer.byte-limit = 33554432 (custom)
2023-07-06 10:48:09,138 [main] INFO  server.GrpcService (ConfUtils.java:logGet(46)) - raft.grpc.flow.control.window = 5MB (=5242880) (custom)
2023-07-06 10:48:09,138 [main] INFO  server.RaftServerConfigKeys (ConfUtils.java:logGet(46)) - raft.server.rpc.request.timeout = 60s (custom)
2023-07-06 10:48:09,138 [main] INFO  grpc.GrpcConfigKeys (ConfUtils.java:logGet(46)) - raft.grpc.server.heartbeat.channel = true (default)
2023-07-06 10:48:09,138 [main] INFO  grpc.GrpcConfigKeys (ConfUtils.java:logGet(46)) - raft.grpc.server.async.request.thread.pool.cached = true (default)
2023-07-06 10:48:09,138 [main] INFO  grpc.GrpcConfigKeys (ConfUtils.java:logGet(46)) - raft.grpc.server.async.request.thread.pool.size = 32 (default)
2023-07-06 10:48:09,142 [main] INFO  impl.DataStreamServerImpl (ConfUtils.java:logGet(46)) - raft.datastream.type = NETTY (custom)
2023-07-06 10:48:09,146 [main] INFO  server.RaftServerConfigKeys (ConfUtils.java:logGet(46)) - raft.server.data-stream.async.request.thread.pool.cached = false (default)
2023-07-06 10:48:09,146 [main] INFO  server.RaftServerConfigKeys (ConfUtils.java:logGet(46)) - raft.server.data-stream.async.request.thread.pool.size = 20 (custom)
2023-07-06 10:48:09,146 [main] INFO  server.RaftServerConfigKeys (ConfUtils.java:logGet(46)) - raft.server.data-stream.async.write.thread.pool.size = 16 (default)
2023-07-06 10:48:09,147 [main] INFO  server.RaftServerConfigKeys (ConfUtils.java:logGet(46)) - raft.server.data-stream.client.pool.size = 10 (default)
2023-07-06 10:48:09,147 [main] INFO  netty.NettyConfigKeys$DataStream (ConfUtils.java:logGet(46)) - raft.netty.dataStream.server.use-epoll = false (default)
2023-07-06 10:48:09,147 [main] INFO  netty.NettyConfigKeys$DataStream (ConfUtils.java:logGet(46)) - raft.netty.dataStream.server.boss-group.size = 0 (default)
2023-07-06 10:48:09,148 [main] INFO  netty.NettyConfigKeys$DataStream (ConfUtils.java:logGet(46)) - raft.netty.dataStream.server.worker-group.size = 0 (default)
2023-07-06 10:48:09,148 [main] INFO  netty.NettyConfigKeys$DataStream (ConfUtils.java:logGet(46)) - raft.netty.dataStream.server.tls.conf = null (default)
2023-07-06 10:48:09,148 [main] INFO  netty.NettyConfigKeys$DataStream (ConfUtils.java:logGet(46)) - raft.netty.dataStream.host = null (default)
2023-07-06 10:48:09,149 [main] INFO  netty.NettyConfigKeys$DataStream (ConfUtils.java:logGet(46)) - raft.netty.dataStream.port = 15069 (custom)
2023-07-06 10:48:09,153 [main] INFO  server.RaftServerConfigKeys (ConfUtils.java:logGet(46)) - raft.server.threadpool.proxy.cached = true (default)
2023-07-06 10:48:09,153 [main] INFO  server.RaftServerConfigKeys (ConfUtils.java:logGet(46)) - raft.server.threadpool.proxy.size = 0 (default)
2023-07-06 10:48:09,154 [main] INFO  server.RaftServerConfigKeys (ConfUtils.java:logGet(46)) - raft.server.rpc.slowness.timeout = 300s (custom)
2023-07-06 10:48:09,154 [main] INFO  server.RaftServerConfigKeys (ConfUtils.java:logGet(46)) - raft.server.leaderelection.leader.step-down.wait-time = 10s (default)
2023-07-06 10:48:09,155 [main] INFO  server.RaftServerConfigKeys (ConfUtils.java:logGet(46)) - raft.server.storage.dir = [/home/runner/work/ozone/ozone/hadoop-ozone/integration-test/target/test-dir/MiniOzoneClusterImpl-8ecce792-0b29-40a4-bcd2-9922915e3450/datanode-6/data/ratis] (custom)
2023-07-06 10:48:09,167 [main] INFO  server.XceiverServerGrpc (XceiverServerGrpc.java:<init>(132)) - GrpcServer channel type EpollServerSocketChannel
2023-07-06 10:48:09,170 [main] INFO  replication.ReplicationSupervisor (ReplicationSupervisor.java:nodeStateUpdated(305)) - Node state updated to IN_SERVICE, scaling executor pool size to 10
2023-07-06 10:48:09,182 [2536bb46-c5d2-4252-aed1-a79348143fe8-NettyServerStreamRpc-bossGroup--thread1] INFO  logging.LoggingHandler (AbstractInternalLogger.java:log(148)) - [id: 0x542350ec] REGISTERED
2023-07-06 10:48:09,183 [2536bb46-c5d2-4252-aed1-a79348143fe8-NettyServerStreamRpc-bossGroup--thread1] INFO  logging.LoggingHandler (AbstractInternalLogger.java:log(148)) - [id: 0x542350ec] BIND: 0.0.0.0/0.0.0.0:15069
2023-07-06 10:48:09,183 [2536bb46-c5d2-4252-aed1-a79348143fe8-NettyServerStreamRpc-bossGroup--thread1] INFO  logging.LoggingHandler (AbstractInternalLogger.java:log(148)) - [id: 0x542350ec, L:/0:0:0:0:0:0:0:0:15069] ACTIVE
2023-07-06 10:48:09,184 [main] INFO  http.BaseHttpServer (BaseHttpServer.java:newHttpServer2BuilderForOzone(224)) - Starting Web-server for hddsDatanode at: http://0.0.0.0:15063
2023-07-06 10:48:09,184 [main] INFO  http.BaseHttpServer (BaseHttpServer.java:<init>(111)) - Hadoop Security Enabled: false Ozone Security Enabled: false Ozone HTTP Security Enabled: false 
2023-07-06 10:48:09,189 [main] WARN  server.AuthenticationFilter (AuthenticationFilter.java:constructSecretProvider(240)) - Unable to initialize FileSignerSecretProvider, falling back to use random secrets. Reason: Could not read signature secret file: /home/runner/hadoop-http-auth-signature-secret
2023-07-06 10:48:09,190 [main] INFO  http.HttpRequestLog (HttpRequestLog.java:getRequestLog(86)) - Http request log for http.requests.hddsDatanode is not defined
2023-07-06 10:48:09,191 [main] INFO  http.HttpServer2 (HttpServer2.java:addGlobalFilter(1031)) - Added global filter 'safety' (class=org.apache.hadoop.hdds.server.http.HttpServer2$QuotingInputFilter)
2023-07-06 10:48:09,192 [main] INFO  http.HttpServer2 (HttpServer2.java:addFilter(1007)) - Added filter static_user_filter (class=org.apache.hadoop.http.lib.StaticUserWebFilter$StaticUserFilter) to context hddsDatanode
2023-07-06 10:48:09,192 [main] INFO  http.HttpServer2 (HttpServer2.java:addFilter(1015)) - Added filter static_user_filter (class=org.apache.hadoop.http.lib.StaticUserWebFilter$StaticUserFilter) to context static
2023-07-06 10:48:09,192 [main] INFO  http.HttpServer2 (HttpServer2.java:addFilter(1015)) - Added filter static_user_filter (class=org.apache.hadoop.http.lib.StaticUserWebFilter$StaticUserFilter) to context logs
2023-07-06 10:48:09,194 [main] INFO  http.BaseHttpServer (BaseHttpServer.java:<init>(190)) - HTTP server of hddsDatanode uses base directory /home/runner/work/ozone/ozone/hadoop-ozone/integration-test/target/test-dir/MiniOzoneClusterImpl-8ecce792-0b29-40a4-bcd2-9922915e3450/datanode-6/meta/webserver
2023-07-06 10:48:09,202 [main] INFO  http.HttpServer2 (HttpServer2.java:bindListener(1250)) - Jetty bound to port 15063
2023-07-06 10:48:09,202 [main] INFO  server.Server (Server.java:doStart(375)) - jetty-9.4.51.v20230217; built: 2023-02-17T08:19:37.309Z; git: b45c405e4544384de066f814ed42ae3dceacdd49; jvm 1.8.0_372-b07
2023-07-06 10:48:09,204 [main] INFO  server.session (DefaultSessionIdManager.java:doStart(334)) - DefaultSessionIdManager workerName=node0
2023-07-06 10:48:09,205 [main] INFO  server.session (DefaultSessionIdManager.java:doStart(339)) - No SessionScavenger set, using defaults
2023-07-06 10:48:09,205 [main] INFO  server.session (HouseKeeper.java:startScavenging(132)) - node0 Scavenging every 600000ms
2023-07-06 10:48:09,206 [main] INFO  handler.ContextHandler (ContextHandler.java:doStart(921)) - Started o.e.j.s.ServletContextHandler@319fe6a6{logs,/logs,file:///home/runner/work/ozone/ozone/hadoop-ozone/integration-test/target/log,AVAILABLE}
2023-07-06 10:48:09,206 [main] INFO  handler.ContextHandler (ContextHandler.java:doStart(921)) - Started o.e.j.s.ServletContextHandler@3720dba4{static,/static,jar:file:/home/runner/.m2/repository/org/apache/ozone/hdds-container-service/1.4.0-SNAPSHOT/hdds-container-service-1.4.0-SNAPSHOT.jar!/webapps/static,AVAILABLE}
2023-07-06 10:48:09,260 [EndpointStateMachine task thread for /0.0.0.0:15002 - 0 ] INFO  utils.DatanodeStoreCache (DatanodeStoreCache.java:addDB(66)) - Added db /home/runner/work/ozone/ozone/hadoop-ozone/integration-test/target/test-dir/MiniOzoneClusterImpl-8ecce792-0b29-40a4-bcd2-9922915e3450/datanode-1/data-0/containers/hdds/8ecce792-0b29-40a4-bcd2-9922915e3450/DS-04d0843c-2e49-431a-aab3-a058016d9123/container.db to cache
2023-07-06 10:48:09,261 [EndpointStateMachine task thread for /0.0.0.0:15002 - 0 ] INFO  volume.HddsVolume (HddsVolume.java:createDbStore(478)) - SchemaV3 db is created and loaded at /home/runner/work/ozone/ozone/hadoop-ozone/integration-test/target/test-dir/MiniOzoneClusterImpl-8ecce792-0b29-40a4-bcd2-9922915e3450/datanode-1/data-0/containers/hdds/8ecce792-0b29-40a4-bcd2-9922915e3450/DS-04d0843c-2e49-431a-aab3-a058016d9123/container.db for volume DS-04d0843c-2e49-431a-aab3-a058016d9123
2023-07-06 10:48:09,261 [EndpointStateMachine task thread for /0.0.0.0:15002 - 0 ] INFO  ozoneimpl.OzoneContainer (OzoneContainer.java:start(419)) - Attempting to start container services.
2023-07-06 10:48:09,266 [EndpointStateMachine task thread for /0.0.0.0:15002 - 0 ] INFO  ozoneimpl.OzoneContainer (OzoneContainer.java:startContainerScrub(327)) - Scheduled background container scanners and the on-demand container scanner have been disabled.
2023-07-06 10:48:09,268 [EndpointStateMachine task thread for /0.0.0.0:15002 - 0 ] INFO  replication.ReplicationServer (ReplicationServer.java:start(128)) - ReplicationServer is started using port 15025
2023-07-06 10:48:09,268 [EndpointStateMachine task thread for /0.0.0.0:15002 - 0 ] INFO  ratis.XceiverServerRatis (XceiverServerRatis.java:start(517)) - Starting XceiverServerRatis d927e26c-8fe2-4137-bd03-4653fe67c688
2023-07-06 10:48:09,273 [EndpointStateMachine task thread for /0.0.0.0:15002 - 0 ] INFO  server.RaftServer (RaftServerProxy.java:startImpl(400)) - d927e26c-8fe2-4137-bd03-4653fe67c688: start RPC server
2023-07-06 10:48:09,280 [EndpointStateMachine task thread for /0.0.0.0:15002 - 0 ] INFO  server.GrpcService (GrpcService.java:startImpl(302)) - d927e26c-8fe2-4137-bd03-4653fe67c688: GrpcService started, listening on 15021
2023-07-06 10:48:09,283 [EndpointStateMachine task thread for /0.0.0.0:15002 - 0 ] INFO  server.GrpcService (GrpcService.java:startImpl(302)) - d927e26c-8fe2-4137-bd03-4653fe67c688: GrpcService started, listening on 15023
2023-07-06 10:48:09,289 [EndpointStateMachine task thread for /0.0.0.0:15002 - 0 ] INFO  server.GrpcService (GrpcService.java:startImpl(302)) - d927e26c-8fe2-4137-bd03-4653fe67c688: GrpcService started, listening on 15022
2023-07-06 10:48:09,293 [EndpointStateMachine task thread for /0.0.0.0:15002 - 0 ] INFO  ratis.XceiverServerRatis (XceiverServerRatis.java:getRealPort(543)) - XceiverServerRatis d927e26c-8fe2-4137-bd03-4653fe67c688 is started using port 15021 for RATIS
2023-07-06 10:48:09,293 [EndpointStateMachine task thread for /0.0.0.0:15002 - 0 ] INFO  ratis.XceiverServerRatis (XceiverServerRatis.java:getRealPort(543)) - XceiverServerRatis d927e26c-8fe2-4137-bd03-4653fe67c688 is started using port 15022 for RATIS_ADMIN
2023-07-06 10:48:09,293 [EndpointStateMachine task thread for /0.0.0.0:15002 - 0 ] INFO  ratis.XceiverServerRatis (XceiverServerRatis.java:getRealPort(543)) - XceiverServerRatis d927e26c-8fe2-4137-bd03-4653fe67c688 is started using port 15023 for RATIS_SERVER
2023-07-06 10:48:09,293 [EndpointStateMachine task thread for /0.0.0.0:15002 - 0 ] INFO  ratis.XceiverServerRatis (XceiverServerRatis.java:getRealPort(543)) - XceiverServerRatis d927e26c-8fe2-4137-bd03-4653fe67c688 is started using port 15024 for RATIS_DATASTREAM
2023-07-06 10:48:09,294 [JvmPauseMonitor3] INFO  util.JvmPauseMonitor (JvmPauseMonitor.java:run(103)) - JvmPauseMonitor-d927e26c-8fe2-4137-bd03-4653fe67c688: Started
2023-07-06 10:48:09,305 [BlockDeletingService#0] INFO  interfaces.ContainerDeletionChoosingPolicyTemplate (ContainerDeletionChoosingPolicyTemplate.java:chooseContainerForBlockDeletion(83)) - Chosen 0/5000 blocks from 0 candidate containers.
2023-07-06 10:48:09,510 [main] INFO  handler.ContextHandler (ContextHandler.java:doStart(921)) - Started o.e.j.w.WebAppContext@659d6f74{hddsDatanode,/,file:///home/runner/work/ozone/ozone/hadoop-ozone/integration-test/target/tmp/kms/webapp/,AVAILABLE}{jar:file:/home/runner/.m2/repository/org/apache/ozone/hdds-container-service/1.4.0-SNAPSHOT/hdds-container-service-1.4.0-SNAPSHOT.jar!/webapps/hddsDatanode}
2023-07-06 10:48:09,513 [main] INFO  server.AbstractConnector (AbstractConnector.java:doStart(333)) - Started ServerConnector@485262be{HTTP/1.1, (http/1.1)}{0.0.0.0:15063}
2023-07-06 10:48:09,513 [main] INFO  server.Server (Server.java:doStart(415)) - Started @15969ms
2023-07-06 10:48:09,513 [main] WARN  impl.MetricsSystemImpl (MetricsSystemImpl.java:register(279)) - Sink prometheus already exists!
2023-07-06 10:48:09,514 [main] INFO  http.BaseHttpServer (BaseHttpServer.java:updateConnectorAddress(344)) - HTTP server of hddsDatanode listening at http://0.0.0.0:15063
2023-07-06 10:48:09,514 [main] INFO  ipc.CallQueueManager (CallQueueManager.java:<init>(90)) - Using callQueue: class java.util.concurrent.LinkedBlockingQueue, queueCapacity: 100, scheduler: class org.apache.hadoop.ipc.DefaultRpcScheduler, ipcBackoff: false.
2023-07-06 10:48:09,515 [main] INFO  ipc.Server (Server.java:<init>(1287)) - Listener at 0.0.0.0:15064
2023-07-06 10:48:09,515 [Socket Reader #1 for port 15064] INFO  ipc.Server (Server.java:run(1323)) - Starting Socket Reader #1 for port 15064
2023-07-06 10:48:09,521 [main] INFO  ozone.HddsDatanodeService (HddsDatanodeService.java:start(315)) - Datanode start with admins: [runner]
2023-07-06 10:48:09,521 [main] INFO  ozone.HddsDatanodeClientProtocolServer (HddsDatanodeClientProtocolServer.java:start(72)) - RPC server for Client /0.0.0.0:15064
2023-07-06 10:48:09,521 [IPC Server Responder] INFO  ipc.Server (Server.java:run(1562)) - IPC Server Responder: starting
2023-07-06 10:48:09,526 [IPC Server listener on 15064] INFO  ipc.Server (Server.java:run(1402)) - IPC Server listener on 15064: starting
2023-07-06 10:48:09,526 [main] WARN  impl.MetricRegistriesImpl (MetricRegistriesImpl.java:addReporterRegistration(111)) - New reporters are added after registries were created. Some metrics will be missing from the reporter. Please add reporter before adding any new registry.
2023-07-06 10:48:09,526 [main] WARN  impl.MetricRegistriesImpl (MetricRegistriesImpl.java:addReporterRegistration(111)) - New reporters are added after registries were created. Some metrics will be missing from the reporter. Please add reporter before adding any new registry.
2023-07-06 10:48:09,526 [main] INFO  impl.MetricsSystemImpl (MetricsSystemImpl.java:init(158)) - HddsDatanode metrics system started (again)
2023-07-06 10:48:09,527 [Datanode State Machine Daemon Thread] INFO  statemachine.DatanodeStateMachine (DatanodeStateMachine.java:lambda$startDaemon$0(531)) - Ozone container server started.
2023-07-06 10:48:09,541 [main] INFO  ozone.HddsDatanodeService (HddsDatanodeService.java:start(237)) - HddsDatanodeService host:fv-az137-100.aripajfx3awelhgv3otau1goqd.bx.internal.cloudapp.net ip:10.1.0.19
2023-07-06 10:48:09,553 [Datanode State Machine Task Thread - 0] INFO  datanode.InitDatanodeState (InitDatanodeState.java:persistContainerDatanodeDetails(138)) - DatanodeDetails is persisted to /home/runner/work/ozone/ozone/hadoop-ozone/integration-test/target/test-dir/MiniOzoneClusterImpl-8ecce792-0b29-40a4-bcd2-9922915e3450/datanode-6/meta/datanode.id
2023-07-06 10:48:09,575 [main] INFO  upgrade.AbstractLayoutVersionManager (AbstractLayoutVersionManager.java:init(83)) - Initializing Layout version manager with metadata layout = HADOOP_PRC_PORTS_IN_DATANODEDETAILS (version = 7), software layout = HADOOP_PRC_PORTS_IN_DATANODEDETAILS (version = 7)
2023-07-06 10:48:09,576 [main] INFO  statemachine.DatanodeStateMachine (DatanodeStateMachine.java:getEndPointTaskThreadPoolSize(279)) - Datanode State Machine Task Thread Pool size 2
2023-07-06 10:48:09,578 [main] INFO  volume.HddsVolume (HddsVolume.java:<init>(133)) - Creating HddsVolume: /home/runner/work/ozone/ozone/hadoop-ozone/integration-test/target/test-dir/MiniOzoneClusterImpl-8ecce792-0b29-40a4-bcd2-9922915e3450/datanode-7/data-0/containers/hdds of storage type : DISK capacity : 9223372036854775807
2023-07-06 10:48:09,578 [main] INFO  volume.MutableVolumeSet (MutableVolumeSet.java:initializeVolumeSet(175)) - Added Volume : /home/runner/work/ozone/ozone/hadoop-ozone/integration-test/target/test-dir/MiniOzoneClusterImpl-8ecce792-0b29-40a4-bcd2-9922915e3450/datanode-7/data-0/containers/hdds to VolumeSet
2023-07-06 10:48:09,578 [main] INFO  volume.ThrottledAsyncChecker (ThrottledAsyncChecker.java:schedule(141)) - Scheduling a check for /home/runner/work/ozone/ozone/hadoop-ozone/integration-test/target/test-dir/MiniOzoneClusterImpl-8ecce792-0b29-40a4-bcd2-9922915e3450/datanode-7/data-0/containers/hdds
2023-07-06 10:48:09,586 [main] INFO  volume.StorageVolumeChecker (StorageVolumeChecker.java:checkAllVolumes(202)) - Scheduled health check for volume /home/runner/work/ozone/ozone/hadoop-ozone/integration-test/target/test-dir/MiniOzoneClusterImpl-8ecce792-0b29-40a4-bcd2-9922915e3450/datanode-7/data-0/containers/hdds
2023-07-06 10:48:09,590 [main] INFO  volume.MutableVolumeSet (MutableVolumeSet.java:initializeVolumeSet(175)) - Added Volume : /home/runner/work/ozone/ozone/hadoop-ozone/integration-test/target/test-dir/MiniOzoneClusterImpl-8ecce792-0b29-40a4-bcd2-9922915e3450/datanode-7/data/ratis to VolumeSet
2023-07-06 10:48:09,590 [main] INFO  volume.ThrottledAsyncChecker (ThrottledAsyncChecker.java:schedule(141)) - Scheduling a check for /home/runner/work/ozone/ozone/hadoop-ozone/integration-test/target/test-dir/MiniOzoneClusterImpl-8ecce792-0b29-40a4-bcd2-9922915e3450/datanode-7/data/ratis
2023-07-06 10:48:09,591 [main] INFO  volume.StorageVolumeChecker (StorageVolumeChecker.java:checkAllVolumes(202)) - Scheduled health check for volume /home/runner/work/ozone/ozone/hadoop-ozone/integration-test/target/test-dir/MiniOzoneClusterImpl-8ecce792-0b29-40a4-bcd2-9922915e3450/datanode-7/data/ratis
2023-07-06 10:48:09,594 [Thread-283] INFO  ozoneimpl.ContainerReader (ContainerReader.java:readVolume(175)) - Finish verifying containers on volume /home/runner/work/ozone/ozone/hadoop-ozone/integration-test/target/test-dir/MiniOzoneClusterImpl-8ecce792-0b29-40a4-bcd2-9922915e3450/datanode-7/data-0/containers/hdds
2023-07-06 10:48:09,594 [main] INFO  ozoneimpl.OzoneContainer (OzoneContainer.java:buildContainerSet(316)) - Build ContainerSet costs 0s
2023-07-06 10:48:09,597 [main] INFO  server.RaftServer (ConfUtils.java:logGet(46)) - raft.rpc.type = GRPC (default)
2023-07-06 10:48:09,597 [main] INFO  grpc.GrpcConfigKeys (ConfUtils.java:logFallback(53)) - raft.grpc.admin.host = null (fallback to raft.grpc.server.host)
2023-07-06 10:48:09,598 [main] INFO  grpc.GrpcConfigKeys (ConfUtils.java:logGet(46)) - raft.grpc.admin.port = 15076 (custom)
2023-07-06 10:48:09,598 [main] INFO  grpc.GrpcConfigKeys (ConfUtils.java:logFallback(53)) - raft.grpc.client.host = null (fallback to raft.grpc.server.host)
2023-07-06 10:48:09,598 [main] INFO  grpc.GrpcConfigKeys (ConfUtils.java:logGet(46)) - raft.grpc.client.port = 15075 (custom)
2023-07-06 10:48:09,598 [main] INFO  grpc.GrpcConfigKeys (ConfUtils.java:logGet(46)) - raft.grpc.server.host = null (default)
2023-07-06 10:48:09,598 [main] INFO  grpc.GrpcConfigKeys (ConfUtils.java:logGet(46)) - raft.grpc.server.port = 15077 (custom)
2023-07-06 10:48:09,598 [main] INFO  server.GrpcService (ConfUtils.java:logGet(46)) - raft.grpc.message.size.max = 32MB (=33554432) (custom)
2023-07-06 10:48:09,598 [main] INFO  server.RaftServerConfigKeys (ConfUtils.java:logGet(46)) - raft.server.log.appender.buffer.byte-limit = 33554432 (custom)
2023-07-06 10:48:09,599 [main] INFO  server.GrpcService (ConfUtils.java:logGet(46)) - raft.grpc.flow.control.window = 5MB (=5242880) (custom)
2023-07-06 10:48:09,599 [main] INFO  server.RaftServerConfigKeys (ConfUtils.java:logGet(46)) - raft.server.rpc.request.timeout = 60s (custom)
2023-07-06 10:48:09,599 [main] INFO  grpc.GrpcConfigKeys (ConfUtils.java:logGet(46)) - raft.grpc.server.heartbeat.channel = true (default)
2023-07-06 10:48:09,599 [main] INFO  grpc.GrpcConfigKeys (ConfUtils.java:logGet(46)) - raft.grpc.server.async.request.thread.pool.cached = true (default)
2023-07-06 10:48:09,599 [main] INFO  grpc.GrpcConfigKeys (ConfUtils.java:logGet(46)) - raft.grpc.server.async.request.thread.pool.size = 32 (default)
2023-07-06 10:48:09,602 [main] INFO  impl.DataStreamServerImpl (ConfUtils.java:logGet(46)) - raft.datastream.type = NETTY (custom)
2023-07-06 10:48:09,603 [main] INFO  server.RaftServerConfigKeys (ConfUtils.java:logGet(46)) - raft.server.data-stream.async.request.thread.pool.cached = false (default)
2023-07-06 10:48:09,603 [main] INFO  server.RaftServerConfigKeys (ConfUtils.java:logGet(46)) - raft.server.data-stream.async.request.thread.pool.size = 20 (custom)
2023-07-06 10:48:09,603 [main] INFO  server.RaftServerConfigKeys (ConfUtils.java:logGet(46)) - raft.server.data-stream.async.write.thread.pool.size = 16 (default)
2023-07-06 10:48:09,603 [main] INFO  server.RaftServerConfigKeys (ConfUtils.java:logGet(46)) - raft.server.data-stream.client.pool.size = 10 (default)
2023-07-06 10:48:09,604 [main] INFO  netty.NettyConfigKeys$DataStream (ConfUtils.java:logGet(46)) - raft.netty.dataStream.server.use-epoll = false (default)
2023-07-06 10:48:09,604 [main] INFO  netty.NettyConfigKeys$DataStream (ConfUtils.java:logGet(46)) - raft.netty.dataStream.server.boss-group.size = 0 (default)
2023-07-06 10:48:09,604 [main] INFO  netty.NettyConfigKeys$DataStream (ConfUtils.java:logGet(46)) - raft.netty.dataStream.server.worker-group.size = 0 (default)
2023-07-06 10:48:09,604 [main] INFO  netty.NettyConfigKeys$DataStream (ConfUtils.java:logGet(46)) - raft.netty.dataStream.server.tls.conf = null (default)
2023-07-06 10:48:09,605 [main] INFO  netty.NettyConfigKeys$DataStream (ConfUtils.java:logGet(46)) - raft.netty.dataStream.host = null (default)
2023-07-06 10:48:09,605 [main] INFO  netty.NettyConfigKeys$DataStream (ConfUtils.java:logGet(46)) - raft.netty.dataStream.port = 15078 (custom)
2023-07-06 10:48:09,605 [main] INFO  server.RaftServerConfigKeys (ConfUtils.java:logGet(46)) - raft.server.threadpool.proxy.cached = true (default)
2023-07-06 10:48:09,606 [main] INFO  server.RaftServerConfigKeys (ConfUtils.java:logGet(46)) - raft.server.threadpool.proxy.size = 0 (default)
2023-07-06 10:48:09,606 [main] INFO  server.RaftServerConfigKeys (ConfUtils.java:logGet(46)) - raft.server.rpc.slowness.timeout = 300s (custom)
2023-07-06 10:48:09,606 [main] INFO  server.RaftServerConfigKeys (ConfUtils.java:logGet(46)) - raft.server.leaderelection.leader.step-down.wait-time = 10s (default)
2023-07-06 10:48:09,606 [main] INFO  server.RaftServerConfigKeys (ConfUtils.java:logGet(46)) - raft.server.storage.dir = [/home/runner/work/ozone/ozone/hadoop-ozone/integration-test/target/test-dir/MiniOzoneClusterImpl-8ecce792-0b29-40a4-bcd2-9922915e3450/datanode-7/data/ratis] (custom)
2023-07-06 10:48:09,611 [afdb1d22-58a1-4785-9bfd-1bd49c8784e6-NettyServerStreamRpc-bossGroup--thread1] INFO  logging.LoggingHandler (AbstractInternalLogger.java:log(148)) - [id: 0xaec098a8] REGISTERED
2023-07-06 10:48:09,613 [main] INFO  server.XceiverServerGrpc (XceiverServerGrpc.java:<init>(132)) - GrpcServer channel type EpollServerSocketChannel
2023-07-06 10:48:09,615 [main] INFO  replication.ReplicationSupervisor (ReplicationSupervisor.java:nodeStateUpdated(305)) - Node state updated to IN_SERVICE, scaling executor pool size to 10
2023-07-06 10:48:09,617 [afdb1d22-58a1-4785-9bfd-1bd49c8784e6-NettyServerStreamRpc-bossGroup--thread1] INFO  logging.LoggingHandler (AbstractInternalLogger.java:log(148)) - [id: 0xaec098a8] BIND: 0.0.0.0/0.0.0.0:15078
2023-07-06 10:48:09,617 [afdb1d22-58a1-4785-9bfd-1bd49c8784e6-NettyServerStreamRpc-bossGroup--thread1] INFO  logging.LoggingHandler (AbstractInternalLogger.java:log(148)) - [id: 0xaec098a8, L:/0:0:0:0:0:0:0:0:15078] ACTIVE
2023-07-06 10:48:09,622 [main] INFO  http.BaseHttpServer (BaseHttpServer.java:newHttpServer2BuilderForOzone(224)) - Starting Web-server for hddsDatanode at: http://0.0.0.0:15072
2023-07-06 10:48:09,622 [main] INFO  http.BaseHttpServer (BaseHttpServer.java:<init>(111)) - Hadoop Security Enabled: false Ozone Security Enabled: false Ozone HTTP Security Enabled: false 
2023-07-06 10:48:09,624 [main] WARN  server.AuthenticationFilter (AuthenticationFilter.java:constructSecretProvider(240)) - Unable to initialize FileSignerSecretProvider, falling back to use random secrets. Reason: Could not read signature secret file: /home/runner/hadoop-http-auth-signature-secret
2023-07-06 10:48:09,625 [main] INFO  http.HttpRequestLog (HttpRequestLog.java:getRequestLog(86)) - Http request log for http.requests.hddsDatanode is not defined
2023-07-06 10:48:09,627 [main] INFO  http.HttpServer2 (HttpServer2.java:addGlobalFilter(1031)) - Added global filter 'safety' (class=org.apache.hadoop.hdds.server.http.HttpServer2$QuotingInputFilter)
2023-07-06 10:48:09,627 [main] INFO  http.HttpServer2 (HttpServer2.java:addFilter(1007)) - Added filter static_user_filter (class=org.apache.hadoop.http.lib.StaticUserWebFilter$StaticUserFilter) to context hddsDatanode
2023-07-06 10:48:09,628 [main] INFO  http.HttpServer2 (HttpServer2.java:addFilter(1015)) - Added filter static_user_filter (class=org.apache.hadoop.http.lib.StaticUserWebFilter$StaticUserFilter) to context static
2023-07-06 10:48:09,628 [main] INFO  http.HttpServer2 (HttpServer2.java:addFilter(1015)) - Added filter static_user_filter (class=org.apache.hadoop.http.lib.StaticUserWebFilter$StaticUserFilter) to context logs
2023-07-06 10:48:09,628 [main] INFO  http.BaseHttpServer (BaseHttpServer.java:<init>(190)) - HTTP server of hddsDatanode uses base directory /home/runner/work/ozone/ozone/hadoop-ozone/integration-test/target/test-dir/MiniOzoneClusterImpl-8ecce792-0b29-40a4-bcd2-9922915e3450/datanode-7/meta/webserver
2023-07-06 10:48:09,629 [main] INFO  http.HttpServer2 (HttpServer2.java:bindListener(1250)) - Jetty bound to port 15072
2023-07-06 10:48:09,629 [main] INFO  server.Server (Server.java:doStart(375)) - jetty-9.4.51.v20230217; built: 2023-02-17T08:19:37.309Z; git: b45c405e4544384de066f814ed42ae3dceacdd49; jvm 1.8.0_372-b07
2023-07-06 10:48:09,633 [main] INFO  server.session (DefaultSessionIdManager.java:doStart(334)) - DefaultSessionIdManager workerName=node0
2023-07-06 10:48:09,633 [main] INFO  server.session (DefaultSessionIdManager.java:doStart(339)) - No SessionScavenger set, using defaults
2023-07-06 10:48:09,634 [main] INFO  server.session (HouseKeeper.java:startScavenging(132)) - node0 Scavenging every 660000ms
2023-07-06 10:48:09,634 [main] INFO  handler.ContextHandler (ContextHandler.java:doStart(921)) - Started o.e.j.s.ServletContextHandler@5a311acd{logs,/logs,file:///home/runner/work/ozone/ozone/hadoop-ozone/integration-test/target/log,AVAILABLE}
2023-07-06 10:48:09,635 [main] INFO  handler.ContextHandler (ContextHandler.java:doStart(921)) - Started o.e.j.s.ServletContextHandler@7611dd8b{static,/static,jar:file:/home/runner/.m2/repository/org/apache/ozone/hdds-container-service/1.4.0-SNAPSHOT/hdds-container-service-1.4.0-SNAPSHOT.jar!/webapps/static,AVAILABLE}
2023-07-06 10:48:09,675 [EndpointStateMachine task thread for /0.0.0.0:15002 - 0 ] INFO  utils.DatanodeStoreCache (DatanodeStoreCache.java:addDB(66)) - Added db /home/runner/work/ozone/ozone/hadoop-ozone/integration-test/target/test-dir/MiniOzoneClusterImpl-8ecce792-0b29-40a4-bcd2-9922915e3450/datanode-2/data-0/containers/hdds/8ecce792-0b29-40a4-bcd2-9922915e3450/DS-335862c7-e3d8-4309-903a-c6c0b66c3fe2/container.db to cache
2023-07-06 10:48:09,675 [EndpointStateMachine task thread for /0.0.0.0:15002 - 0 ] INFO  volume.HddsVolume (HddsVolume.java:createDbStore(478)) - SchemaV3 db is created and loaded at /home/runner/work/ozone/ozone/hadoop-ozone/integration-test/target/test-dir/MiniOzoneClusterImpl-8ecce792-0b29-40a4-bcd2-9922915e3450/datanode-2/data-0/containers/hdds/8ecce792-0b29-40a4-bcd2-9922915e3450/DS-335862c7-e3d8-4309-903a-c6c0b66c3fe2/container.db for volume DS-335862c7-e3d8-4309-903a-c6c0b66c3fe2
2023-07-06 10:48:09,675 [EndpointStateMachine task thread for /0.0.0.0:15002 - 0 ] INFO  ozoneimpl.OzoneContainer (OzoneContainer.java:start(419)) - Attempting to start container services.
2023-07-06 10:48:09,676 [EndpointStateMachine task thread for /0.0.0.0:15002 - 0 ] INFO  ozoneimpl.OzoneContainer (OzoneContainer.java:startContainerScrub(327)) - Scheduled background container scanners and the on-demand container scanner have been disabled.
2023-07-06 10:48:09,679 [EndpointStateMachine task thread for /0.0.0.0:15002 - 0 ] INFO  replication.ReplicationServer (ReplicationServer.java:start(128)) - ReplicationServer is started using port 15034
2023-07-06 10:48:09,679 [EndpointStateMachine task thread for /0.0.0.0:15002 - 0 ] INFO  ratis.XceiverServerRatis (XceiverServerRatis.java:start(517)) - Starting XceiverServerRatis b02eaa79-f692-4c53-b57d-37cb88368c79
2023-07-06 10:48:09,681 [EndpointStateMachine task thread for /0.0.0.0:15002 - 0 ] INFO  server.RaftServer (RaftServerProxy.java:startImpl(400)) - b02eaa79-f692-4c53-b57d-37cb88368c79: start RPC server
2023-07-06 10:48:09,719 [EndpointStateMachine task thread for /0.0.0.0:15002 - 0 ] INFO  server.GrpcService (GrpcService.java:startImpl(302)) - b02eaa79-f692-4c53-b57d-37cb88368c79: GrpcService started, listening on 15030
2023-07-06 10:48:09,724 [EndpointStateMachine task thread for /0.0.0.0:15002 - 0 ] INFO  server.GrpcService (GrpcService.java:startImpl(302)) - b02eaa79-f692-4c53-b57d-37cb88368c79: GrpcService started, listening on 15032
2023-07-06 10:48:09,729 [EndpointStateMachine task thread for /0.0.0.0:15002 - 0 ] INFO  server.GrpcService (GrpcService.java:startImpl(302)) - b02eaa79-f692-4c53-b57d-37cb88368c79: GrpcService started, listening on 15031
2023-07-06 10:48:09,729 [EndpointStateMachine task thread for /0.0.0.0:15002 - 0 ] INFO  ratis.XceiverServerRatis (XceiverServerRatis.java:getRealPort(543)) - XceiverServerRatis b02eaa79-f692-4c53-b57d-37cb88368c79 is started using port 15030 for RATIS
2023-07-06 10:48:09,729 [EndpointStateMachine task thread for /0.0.0.0:15002 - 0 ] INFO  ratis.XceiverServerRatis (XceiverServerRatis.java:getRealPort(543)) - XceiverServerRatis b02eaa79-f692-4c53-b57d-37cb88368c79 is started using port 15031 for RATIS_ADMIN
2023-07-06 10:48:09,729 [EndpointStateMachine task thread for /0.0.0.0:15002 - 0 ] INFO  ratis.XceiverServerRatis (XceiverServerRatis.java:getRealPort(543)) - XceiverServerRatis b02eaa79-f692-4c53-b57d-37cb88368c79 is started using port 15032 for RATIS_SERVER
2023-07-06 10:48:09,729 [EndpointStateMachine task thread for /0.0.0.0:15002 - 0 ] INFO  ratis.XceiverServerRatis (XceiverServerRatis.java:getRealPort(543)) - XceiverServerRatis b02eaa79-f692-4c53-b57d-37cb88368c79 is started using port 15033 for RATIS_DATASTREAM
2023-07-06 10:48:09,730 [JvmPauseMonitor4] INFO  util.JvmPauseMonitor (JvmPauseMonitor.java:run(103)) - JvmPauseMonitor-b02eaa79-f692-4c53-b57d-37cb88368c79: Started
2023-07-06 10:48:09,737 [BlockDeletingService#0] INFO  interfaces.ContainerDeletionChoosingPolicyTemplate (ContainerDeletionChoosingPolicyTemplate.java:chooseContainerForBlockDeletion(83)) - Chosen 0/5000 blocks from 0 candidate containers.
2023-07-06 10:48:09,945 [main] INFO  handler.ContextHandler (ContextHandler.java:doStart(921)) - Started o.e.j.w.WebAppContext@147fc609{hddsDatanode,/,file:///home/runner/work/ozone/ozone/hadoop-ozone/integration-test/target/tmp/kms/webapp/,AVAILABLE}{jar:file:/home/runner/.m2/repository/org/apache/ozone/hdds-container-service/1.4.0-SNAPSHOT/hdds-container-service-1.4.0-SNAPSHOT.jar!/webapps/hddsDatanode}
2023-07-06 10:48:09,947 [main] INFO  server.AbstractConnector (AbstractConnector.java:doStart(333)) - Started ServerConnector@2db0fdb7{HTTP/1.1, (http/1.1)}{0.0.0.0:15072}
2023-07-06 10:48:09,947 [main] INFO  server.Server (Server.java:doStart(415)) - Started @16404ms
2023-07-06 10:48:09,947 [main] WARN  impl.MetricsSystemImpl (MetricsSystemImpl.java:register(279)) - Sink prometheus already exists!
2023-07-06 10:48:09,948 [main] INFO  http.BaseHttpServer (BaseHttpServer.java:updateConnectorAddress(344)) - HTTP server of hddsDatanode listening at http://0.0.0.0:15072
2023-07-06 10:48:09,949 [main] INFO  ipc.CallQueueManager (CallQueueManager.java:<init>(90)) - Using callQueue: class java.util.concurrent.LinkedBlockingQueue, queueCapacity: 100, scheduler: class org.apache.hadoop.ipc.DefaultRpcScheduler, ipcBackoff: false.
2023-07-06 10:48:09,949 [main] INFO  ipc.Server (Server.java:<init>(1287)) - Listener at 0.0.0.0:15073
2023-07-06 10:48:09,951 [Socket Reader #1 for port 15073] INFO  ipc.Server (Server.java:run(1323)) - Starting Socket Reader #1 for port 15073
2023-07-06 10:48:09,961 [main] INFO  ozone.HddsDatanodeService (HddsDatanodeService.java:start(315)) - Datanode start with admins: [runner]
2023-07-06 10:48:09,961 [main] INFO  ozone.HddsDatanodeClientProtocolServer (HddsDatanodeClientProtocolServer.java:start(72)) - RPC server for Client /0.0.0.0:15073
2023-07-06 10:48:09,962 [IPC Server Responder] INFO  ipc.Server (Server.java:run(1562)) - IPC Server Responder: starting
2023-07-06 10:48:09,966 [IPC Server listener on 15073] INFO  ipc.Server (Server.java:run(1402)) - IPC Server listener on 15073: starting
2023-07-06 10:48:09,967 [Datanode State Machine Daemon Thread] INFO  statemachine.DatanodeStateMachine (DatanodeStateMachine.java:lambda$startDaemon$0(531)) - Ozone container server started.
2023-07-06 10:48:09,977 [main] WARN  impl.MetricRegistriesImpl (MetricRegistriesImpl.java:addReporterRegistration(111)) - New reporters are added after registries were created. Some metrics will be missing from the reporter. Please add reporter before adding any new registry.
2023-07-06 10:48:09,978 [main] WARN  impl.MetricRegistriesImpl (MetricRegistriesImpl.java:addReporterRegistration(111)) - New reporters are added after registries were created. Some metrics will be missing from the reporter. Please add reporter before adding any new registry.
2023-07-06 10:48:09,978 [main] INFO  impl.MetricsSystemImpl (MetricsSystemImpl.java:init(158)) - HddsDatanode metrics system started (again)
2023-07-06 10:48:09,990 [Datanode State Machine Task Thread - 0] INFO  datanode.InitDatanodeState (InitDatanodeState.java:persistContainerDatanodeDetails(138)) - DatanodeDetails is persisted to /home/runner/work/ozone/ozone/hadoop-ozone/integration-test/target/test-dir/MiniOzoneClusterImpl-8ecce792-0b29-40a4-bcd2-9922915e3450/datanode-7/meta/datanode.id
2023-07-06 10:48:09,994 [main] INFO  ozone.HddsDatanodeService (HddsDatanodeService.java:start(237)) - HddsDatanodeService host:fv-az137-100.aripajfx3awelhgv3otau1goqd.bx.internal.cloudapp.net ip:10.1.0.19
2023-07-06 10:48:10,027 [main] INFO  upgrade.AbstractLayoutVersionManager (AbstractLayoutVersionManager.java:init(83)) - Initializing Layout version manager with metadata layout = HADOOP_PRC_PORTS_IN_DATANODEDETAILS (version = 7), software layout = HADOOP_PRC_PORTS_IN_DATANODEDETAILS (version = 7)
2023-07-06 10:48:10,028 [main] INFO  statemachine.DatanodeStateMachine (DatanodeStateMachine.java:getEndPointTaskThreadPoolSize(279)) - Datanode State Machine Task Thread Pool size 2
2023-07-06 10:48:10,030 [main] INFO  volume.HddsVolume (HddsVolume.java:<init>(133)) - Creating HddsVolume: /home/runner/work/ozone/ozone/hadoop-ozone/integration-test/target/test-dir/MiniOzoneClusterImpl-8ecce792-0b29-40a4-bcd2-9922915e3450/datanode-8/data-0/containers/hdds of storage type : DISK capacity : 9223372036854775807
2023-07-06 10:48:10,030 [main] INFO  volume.MutableVolumeSet (MutableVolumeSet.java:initializeVolumeSet(175)) - Added Volume : /home/runner/work/ozone/ozone/hadoop-ozone/integration-test/target/test-dir/MiniOzoneClusterImpl-8ecce792-0b29-40a4-bcd2-9922915e3450/datanode-8/data-0/containers/hdds to VolumeSet
2023-07-06 10:48:10,030 [main] INFO  volume.ThrottledAsyncChecker (ThrottledAsyncChecker.java:schedule(141)) - Scheduling a check for /home/runner/work/ozone/ozone/hadoop-ozone/integration-test/target/test-dir/MiniOzoneClusterImpl-8ecce792-0b29-40a4-bcd2-9922915e3450/datanode-8/data-0/containers/hdds
2023-07-06 10:48:10,031 [main] INFO  volume.StorageVolumeChecker (StorageVolumeChecker.java:checkAllVolumes(202)) - Scheduled health check for volume /home/runner/work/ozone/ozone/hadoop-ozone/integration-test/target/test-dir/MiniOzoneClusterImpl-8ecce792-0b29-40a4-bcd2-9922915e3450/datanode-8/data-0/containers/hdds
2023-07-06 10:48:10,042 [main] INFO  volume.MutableVolumeSet (MutableVolumeSet.java:initializeVolumeSet(175)) - Added Volume : /home/runner/work/ozone/ozone/hadoop-ozone/integration-test/target/test-dir/MiniOzoneClusterImpl-8ecce792-0b29-40a4-bcd2-9922915e3450/datanode-8/data/ratis to VolumeSet
2023-07-06 10:48:10,043 [main] INFO  volume.ThrottledAsyncChecker (ThrottledAsyncChecker.java:schedule(141)) - Scheduling a check for /home/runner/work/ozone/ozone/hadoop-ozone/integration-test/target/test-dir/MiniOzoneClusterImpl-8ecce792-0b29-40a4-bcd2-9922915e3450/datanode-8/data/ratis
2023-07-06 10:48:10,043 [main] INFO  volume.StorageVolumeChecker (StorageVolumeChecker.java:checkAllVolumes(202)) - Scheduled health check for volume /home/runner/work/ozone/ozone/hadoop-ozone/integration-test/target/test-dir/MiniOzoneClusterImpl-8ecce792-0b29-40a4-bcd2-9922915e3450/datanode-8/data/ratis
2023-07-06 10:48:10,049 [Thread-305] INFO  ozoneimpl.ContainerReader (ContainerReader.java:readVolume(175)) - Finish verifying containers on volume /home/runner/work/ozone/ozone/hadoop-ozone/integration-test/target/test-dir/MiniOzoneClusterImpl-8ecce792-0b29-40a4-bcd2-9922915e3450/datanode-8/data-0/containers/hdds
2023-07-06 10:48:10,050 [main] INFO  ozoneimpl.OzoneContainer (OzoneContainer.java:buildContainerSet(316)) - Build ContainerSet costs 0s
2023-07-06 10:48:10,053 [main] INFO  server.RaftServer (ConfUtils.java:logGet(46)) - raft.rpc.type = GRPC (default)
2023-07-06 10:48:10,053 [main] INFO  grpc.GrpcConfigKeys (ConfUtils.java:logFallback(53)) - raft.grpc.admin.host = null (fallback to raft.grpc.server.host)
2023-07-06 10:48:10,054 [main] INFO  grpc.GrpcConfigKeys (ConfUtils.java:logGet(46)) - raft.grpc.admin.port = 15085 (custom)
2023-07-06 10:48:10,054 [main] INFO  grpc.GrpcConfigKeys (ConfUtils.java:logFallback(53)) - raft.grpc.client.host = null (fallback to raft.grpc.server.host)
2023-07-06 10:48:10,054 [main] INFO  grpc.GrpcConfigKeys (ConfUtils.java:logGet(46)) - raft.grpc.client.port = 15084 (custom)
2023-07-06 10:48:10,054 [main] INFO  grpc.GrpcConfigKeys (ConfUtils.java:logGet(46)) - raft.grpc.server.host = null (default)
2023-07-06 10:48:10,054 [main] INFO  grpc.GrpcConfigKeys (ConfUtils.java:logGet(46)) - raft.grpc.server.port = 15086 (custom)
2023-07-06 10:48:10,054 [main] INFO  server.GrpcService (ConfUtils.java:logGet(46)) - raft.grpc.message.size.max = 32MB (=33554432) (custom)
2023-07-06 10:48:10,055 [main] INFO  server.RaftServerConfigKeys (ConfUtils.java:logGet(46)) - raft.server.log.appender.buffer.byte-limit = 33554432 (custom)
2023-07-06 10:48:10,055 [main] INFO  server.GrpcService (ConfUtils.java:logGet(46)) - raft.grpc.flow.control.window = 5MB (=5242880) (custom)
2023-07-06 10:48:10,055 [main] INFO  server.RaftServerConfigKeys (ConfUtils.java:logGet(46)) - raft.server.rpc.request.timeout = 60s (custom)
2023-07-06 10:48:10,055 [main] INFO  grpc.GrpcConfigKeys (ConfUtils.java:logGet(46)) - raft.grpc.server.heartbeat.channel = true (default)
2023-07-06 10:48:10,055 [main] INFO  grpc.GrpcConfigKeys (ConfUtils.java:logGet(46)) - raft.grpc.server.async.request.thread.pool.cached = true (default)
2023-07-06 10:48:10,055 [main] INFO  grpc.GrpcConfigKeys (ConfUtils.java:logGet(46)) - raft.grpc.server.async.request.thread.pool.size = 32 (default)
2023-07-06 10:48:10,058 [main] INFO  impl.DataStreamServerImpl (ConfUtils.java:logGet(46)) - raft.datastream.type = NETTY (custom)
2023-07-06 10:48:10,059 [main] INFO  server.RaftServerConfigKeys (ConfUtils.java:logGet(46)) - raft.server.data-stream.async.request.thread.pool.cached = false (default)
2023-07-06 10:48:10,059 [main] INFO  server.RaftServerConfigKeys (ConfUtils.java:logGet(46)) - raft.server.data-stream.async.request.thread.pool.size = 20 (custom)
2023-07-06 10:48:10,059 [main] INFO  server.RaftServerConfigKeys (ConfUtils.java:logGet(46)) - raft.server.data-stream.async.write.thread.pool.size = 16 (default)
2023-07-06 10:48:10,060 [main] INFO  server.RaftServerConfigKeys (ConfUtils.java:logGet(46)) - raft.server.data-stream.client.pool.size = 10 (default)
2023-07-06 10:48:10,060 [main] INFO  netty.NettyConfigKeys$DataStream (ConfUtils.java:logGet(46)) - raft.netty.dataStream.server.use-epoll = false (default)
2023-07-06 10:48:10,060 [main] INFO  netty.NettyConfigKeys$DataStream (ConfUtils.java:logGet(46)) - raft.netty.dataStream.server.boss-group.size = 0 (default)
2023-07-06 10:48:10,060 [main] INFO  netty.NettyConfigKeys$DataStream (ConfUtils.java:logGet(46)) - raft.netty.dataStream.server.worker-group.size = 0 (default)
2023-07-06 10:48:10,061 [main] INFO  netty.NettyConfigKeys$DataStream (ConfUtils.java:logGet(46)) - raft.netty.dataStream.server.tls.conf = null (default)
2023-07-06 10:48:10,061 [main] INFO  netty.NettyConfigKeys$DataStream (ConfUtils.java:logGet(46)) - raft.netty.dataStream.host = null (default)
2023-07-06 10:48:10,061 [main] INFO  netty.NettyConfigKeys$DataStream (ConfUtils.java:logGet(46)) - raft.netty.dataStream.port = 15087 (custom)
2023-07-06 10:48:10,062 [main] INFO  server.RaftServerConfigKeys (ConfUtils.java:logGet(46)) - raft.server.threadpool.proxy.cached = true (default)
2023-07-06 10:48:10,062 [main] INFO  server.RaftServerConfigKeys (ConfUtils.java:logGet(46)) - raft.server.threadpool.proxy.size = 0 (default)
2023-07-06 10:48:10,062 [main] INFO  server.RaftServerConfigKeys (ConfUtils.java:logGet(46)) - raft.server.rpc.slowness.timeout = 300s (custom)
2023-07-06 10:48:10,062 [main] INFO  server.RaftServerConfigKeys (ConfUtils.java:logGet(46)) - raft.server.leaderelection.leader.step-down.wait-time = 10s (default)
2023-07-06 10:48:10,062 [main] INFO  server.RaftServerConfigKeys (ConfUtils.java:logGet(46)) - raft.server.storage.dir = [/home/runner/work/ozone/ozone/hadoop-ozone/integration-test/target/test-dir/MiniOzoneClusterImpl-8ecce792-0b29-40a4-bcd2-9922915e3450/datanode-8/data/ratis] (custom)
2023-07-06 10:48:10,080 [main] INFO  server.XceiverServerGrpc (XceiverServerGrpc.java:<init>(132)) - GrpcServer channel type EpollServerSocketChannel
2023-07-06 10:48:10,082 [main] INFO  replication.ReplicationSupervisor (ReplicationSupervisor.java:nodeStateUpdated(305)) - Node state updated to IN_SERVICE, scaling executor pool size to 10
2023-07-06 10:48:10,085 [main] INFO  http.BaseHttpServer (BaseHttpServer.java:newHttpServer2BuilderForOzone(224)) - Starting Web-server for hddsDatanode at: http://0.0.0.0:15081
2023-07-06 10:48:10,085 [main] INFO  http.BaseHttpServer (BaseHttpServer.java:<init>(111)) - Hadoop Security Enabled: false Ozone Security Enabled: false Ozone HTTP Security Enabled: false 
2023-07-06 10:48:10,091 [main] WARN  server.AuthenticationFilter (AuthenticationFilter.java:constructSecretProvider(240)) - Unable to initialize FileSignerSecretProvider, falling back to use random secrets. Reason: Could not read signature secret file: /home/runner/hadoop-http-auth-signature-secret
2023-07-06 10:48:10,091 [30003da1-a7bf-44b2-b897-92f161ae05e1-NettyServerStreamRpc-bossGroup--thread1] INFO  logging.LoggingHandler (AbstractInternalLogger.java:log(148)) - [id: 0xad565468] REGISTERED
2023-07-06 10:48:10,091 [30003da1-a7bf-44b2-b897-92f161ae05e1-NettyServerStreamRpc-bossGroup--thread1] INFO  logging.LoggingHandler (AbstractInternalLogger.java:log(148)) - [id: 0xad565468] BIND: 0.0.0.0/0.0.0.0:15087
2023-07-06 10:48:10,091 [30003da1-a7bf-44b2-b897-92f161ae05e1-NettyServerStreamRpc-bossGroup--thread1] INFO  logging.LoggingHandler (AbstractInternalLogger.java:log(148)) - [id: 0xad565468, L:/0:0:0:0:0:0:0:0:15087] ACTIVE
2023-07-06 10:48:10,093 [main] INFO  http.HttpRequestLog (HttpRequestLog.java:getRequestLog(86)) - Http request log for http.requests.hddsDatanode is not defined
2023-07-06 10:48:10,095 [main] INFO  http.HttpServer2 (HttpServer2.java:addGlobalFilter(1031)) - Added global filter 'safety' (class=org.apache.hadoop.hdds.server.http.HttpServer2$QuotingInputFilter)
2023-07-06 10:48:10,096 [main] INFO  http.HttpServer2 (HttpServer2.java:addFilter(1007)) - Added filter static_user_filter (class=org.apache.hadoop.http.lib.StaticUserWebFilter$StaticUserFilter) to context hddsDatanode
2023-07-06 10:48:10,096 [main] INFO  http.HttpServer2 (HttpServer2.java:addFilter(1015)) - Added filter static_user_filter (class=org.apache.hadoop.http.lib.StaticUserWebFilter$StaticUserFilter) to context static
2023-07-06 10:48:10,096 [main] INFO  http.HttpServer2 (HttpServer2.java:addFilter(1015)) - Added filter static_user_filter (class=org.apache.hadoop.http.lib.StaticUserWebFilter$StaticUserFilter) to context logs
2023-07-06 10:48:10,097 [main] INFO  http.BaseHttpServer (BaseHttpServer.java:<init>(190)) - HTTP server of hddsDatanode uses base directory /home/runner/work/ozone/ozone/hadoop-ozone/integration-test/target/test-dir/MiniOzoneClusterImpl-8ecce792-0b29-40a4-bcd2-9922915e3450/datanode-8/meta/webserver
2023-07-06 10:48:10,097 [main] INFO  http.HttpServer2 (HttpServer2.java:bindListener(1250)) - Jetty bound to port 15081
2023-07-06 10:48:10,097 [main] INFO  server.Server (Server.java:doStart(375)) - jetty-9.4.51.v20230217; built: 2023-02-17T08:19:37.309Z; git: b45c405e4544384de066f814ed42ae3dceacdd49; jvm 1.8.0_372-b07
2023-07-06 10:48:10,099 [EndpointStateMachine task thread for /0.0.0.0:15002 - 0 ] INFO  utils.DatanodeStoreCache (DatanodeStoreCache.java:addDB(66)) - Added db /home/runner/work/ozone/ozone/hadoop-ozone/integration-test/target/test-dir/MiniOzoneClusterImpl-8ecce792-0b29-40a4-bcd2-9922915e3450/datanode-3/data-0/containers/hdds/8ecce792-0b29-40a4-bcd2-9922915e3450/DS-bc4830b9-90aa-49ba-b004-2f83f46f1834/container.db to cache
2023-07-06 10:48:10,099 [EndpointStateMachine task thread for /0.0.0.0:15002 - 0 ] INFO  volume.HddsVolume (HddsVolume.java:createDbStore(478)) - SchemaV3 db is created and loaded at /home/runner/work/ozone/ozone/hadoop-ozone/integration-test/target/test-dir/MiniOzoneClusterImpl-8ecce792-0b29-40a4-bcd2-9922915e3450/datanode-3/data-0/containers/hdds/8ecce792-0b29-40a4-bcd2-9922915e3450/DS-bc4830b9-90aa-49ba-b004-2f83f46f1834/container.db for volume DS-bc4830b9-90aa-49ba-b004-2f83f46f1834
2023-07-06 10:48:10,100 [EndpointStateMachine task thread for /0.0.0.0:15002 - 0 ] INFO  ozoneimpl.OzoneContainer (OzoneContainer.java:start(419)) - Attempting to start container services.
2023-07-06 10:48:10,100 [EndpointStateMachine task thread for /0.0.0.0:15002 - 0 ] INFO  ozoneimpl.OzoneContainer (OzoneContainer.java:startContainerScrub(327)) - Scheduled background container scanners and the on-demand container scanner have been disabled.
2023-07-06 10:48:10,101 [main] INFO  server.session (DefaultSessionIdManager.java:doStart(334)) - DefaultSessionIdManager workerName=node0
2023-07-06 10:48:10,101 [main] INFO  server.session (DefaultSessionIdManager.java:doStart(339)) - No SessionScavenger set, using defaults
2023-07-06 10:48:10,101 [main] INFO  server.session (HouseKeeper.java:startScavenging(132)) - node0 Scavenging every 600000ms
2023-07-06 10:48:10,102 [main] INFO  handler.ContextHandler (ContextHandler.java:doStart(921)) - Started o.e.j.s.ServletContextHandler@6c9b69a0{logs,/logs,file:///home/runner/work/ozone/ozone/hadoop-ozone/integration-test/target/log,AVAILABLE}
2023-07-06 10:48:10,103 [main] INFO  handler.ContextHandler (ContextHandler.java:doStart(921)) - Started o.e.j.s.ServletContextHandler@7a807070{static,/static,jar:file:/home/runner/.m2/repository/org/apache/ozone/hdds-container-service/1.4.0-SNAPSHOT/hdds-container-service-1.4.0-SNAPSHOT.jar!/webapps/static,AVAILABLE}
2023-07-06 10:48:10,124 [EndpointStateMachine task thread for /0.0.0.0:15002 - 0 ] INFO  replication.ReplicationServer (ReplicationServer.java:start(128)) - ReplicationServer is started using port 15043
2023-07-06 10:48:10,124 [EndpointStateMachine task thread for /0.0.0.0:15002 - 0 ] INFO  ratis.XceiverServerRatis (XceiverServerRatis.java:start(517)) - Starting XceiverServerRatis d375daab-0aec-4ab2-a7ca-6760e990c046
2023-07-06 10:48:10,125 [EndpointStateMachine task thread for /0.0.0.0:15002 - 0 ] INFO  server.RaftServer (RaftServerProxy.java:startImpl(400)) - d375daab-0aec-4ab2-a7ca-6760e990c046: start RPC server
2023-07-06 10:48:10,127 [EndpointStateMachine task thread for /0.0.0.0:15002 - 0 ] INFO  server.GrpcService (GrpcService.java:startImpl(302)) - d375daab-0aec-4ab2-a7ca-6760e990c046: GrpcService started, listening on 15039
2023-07-06 10:48:10,131 [EndpointStateMachine task thread for /0.0.0.0:15002 - 0 ] INFO  server.GrpcService (GrpcService.java:startImpl(302)) - d375daab-0aec-4ab2-a7ca-6760e990c046: GrpcService started, listening on 15041
2023-07-06 10:48:10,137 [EndpointStateMachine task thread for /0.0.0.0:15002 - 0 ] INFO  server.GrpcService (GrpcService.java:startImpl(302)) - d375daab-0aec-4ab2-a7ca-6760e990c046: GrpcService started, listening on 15040
2023-07-06 10:48:10,138 [EndpointStateMachine task thread for /0.0.0.0:15002 - 0 ] INFO  ratis.XceiverServerRatis (XceiverServerRatis.java:getRealPort(543)) - XceiverServerRatis d375daab-0aec-4ab2-a7ca-6760e990c046 is started using port 15039 for RATIS
2023-07-06 10:48:10,138 [EndpointStateMachine task thread for /0.0.0.0:15002 - 0 ] INFO  ratis.XceiverServerRatis (XceiverServerRatis.java:getRealPort(543)) - XceiverServerRatis d375daab-0aec-4ab2-a7ca-6760e990c046 is started using port 15040 for RATIS_ADMIN
2023-07-06 10:48:10,138 [EndpointStateMachine task thread for /0.0.0.0:15002 - 0 ] INFO  ratis.XceiverServerRatis (XceiverServerRatis.java:getRealPort(543)) - XceiverServerRatis d375daab-0aec-4ab2-a7ca-6760e990c046 is started using port 15041 for RATIS_SERVER
2023-07-06 10:48:10,138 [EndpointStateMachine task thread for /0.0.0.0:15002 - 0 ] INFO  ratis.XceiverServerRatis (XceiverServerRatis.java:getRealPort(543)) - XceiverServerRatis d375daab-0aec-4ab2-a7ca-6760e990c046 is started using port 15042 for RATIS_DATASTREAM
2023-07-06 10:48:10,139 [JvmPauseMonitor5] INFO  util.JvmPauseMonitor (JvmPauseMonitor.java:run(103)) - JvmPauseMonitor-d375daab-0aec-4ab2-a7ca-6760e990c046: Started
2023-07-06 10:48:10,141 [BlockDeletingService#0] INFO  interfaces.ContainerDeletionChoosingPolicyTemplate (ContainerDeletionChoosingPolicyTemplate.java:chooseContainerForBlockDeletion(83)) - Chosen 0/5000 blocks from 0 candidate containers.
2023-07-06 10:48:10,381 [main] INFO  handler.ContextHandler (ContextHandler.java:doStart(921)) - Started o.e.j.w.WebAppContext@3f17e012{hddsDatanode,/,file:///home/runner/work/ozone/ozone/hadoop-ozone/integration-test/target/tmp/kms/webapp/,AVAILABLE}{jar:file:/home/runner/.m2/repository/org/apache/ozone/hdds-container-service/1.4.0-SNAPSHOT/hdds-container-service-1.4.0-SNAPSHOT.jar!/webapps/hddsDatanode}
2023-07-06 10:48:10,383 [main] INFO  server.AbstractConnector (AbstractConnector.java:doStart(333)) - Started ServerConnector@612b1b5{HTTP/1.1, (http/1.1)}{0.0.0.0:15081}
2023-07-06 10:48:10,384 [main] INFO  server.Server (Server.java:doStart(415)) - Started @16840ms
2023-07-06 10:48:10,384 [main] WARN  impl.MetricsSystemImpl (MetricsSystemImpl.java:register(279)) - Sink prometheus already exists!
2023-07-06 10:48:10,384 [main] INFO  http.BaseHttpServer (BaseHttpServer.java:updateConnectorAddress(344)) - HTTP server of hddsDatanode listening at http://0.0.0.0:15081
2023-07-06 10:48:10,385 [main] INFO  ipc.CallQueueManager (CallQueueManager.java:<init>(90)) - Using callQueue: class java.util.concurrent.LinkedBlockingQueue, queueCapacity: 100, scheduler: class org.apache.hadoop.ipc.DefaultRpcScheduler, ipcBackoff: false.
2023-07-06 10:48:10,385 [main] INFO  ipc.Server (Server.java:<init>(1287)) - Listener at 0.0.0.0:15082
2023-07-06 10:48:10,386 [Socket Reader #1 for port 15082] INFO  ipc.Server (Server.java:run(1323)) - Starting Socket Reader #1 for port 15082
2023-07-06 10:48:10,391 [main] INFO  ozone.HddsDatanodeService (HddsDatanodeService.java:start(315)) - Datanode start with admins: [runner]
2023-07-06 10:48:10,391 [main] INFO  ozone.HddsDatanodeClientProtocolServer (HddsDatanodeClientProtocolServer.java:start(72)) - RPC server for Client /0.0.0.0:15082
2023-07-06 10:48:10,392 [IPC Server Responder] INFO  ipc.Server (Server.java:run(1562)) - IPC Server Responder: starting
2023-07-06 10:48:10,395 [Datanode State Machine Daemon Thread] INFO  statemachine.DatanodeStateMachine (DatanodeStateMachine.java:lambda$startDaemon$0(531)) - Ozone container server started.
2023-07-06 10:48:10,395 [main] WARN  impl.MetricRegistriesImpl (MetricRegistriesImpl.java:addReporterRegistration(111)) - New reporters are added after registries were created. Some metrics will be missing from the reporter. Please add reporter before adding any new registry.
2023-07-06 10:48:10,395 [main] WARN  impl.MetricRegistriesImpl (MetricRegistriesImpl.java:addReporterRegistration(111)) - New reporters are added after registries were created. Some metrics will be missing from the reporter. Please add reporter before adding any new registry.
2023-07-06 10:48:10,395 [main] INFO  impl.MetricsSystemImpl (MetricsSystemImpl.java:init(158)) - HddsDatanode metrics system started (again)
2023-07-06 10:48:10,397 [IPC Server listener on 15082] INFO  ipc.Server (Server.java:run(1402)) - IPC Server listener on 15082: starting
2023-07-06 10:48:10,416 [Datanode State Machine Task Thread - 0] INFO  datanode.InitDatanodeState (InitDatanodeState.java:persistContainerDatanodeDetails(138)) - DatanodeDetails is persisted to /home/runner/work/ozone/ozone/hadoop-ozone/integration-test/target/test-dir/MiniOzoneClusterImpl-8ecce792-0b29-40a4-bcd2-9922915e3450/datanode-8/meta/datanode.id
2023-07-06 10:48:10,421 [main] INFO  ozone.HddsDatanodeService (HddsDatanodeService.java:start(237)) - HddsDatanodeService host:fv-az137-100.aripajfx3awelhgv3otau1goqd.bx.internal.cloudapp.net ip:10.1.0.19
2023-07-06 10:48:10,463 [main] INFO  upgrade.AbstractLayoutVersionManager (AbstractLayoutVersionManager.java:init(83)) - Initializing Layout version manager with metadata layout = HADOOP_PRC_PORTS_IN_DATANODEDETAILS (version = 7), software layout = HADOOP_PRC_PORTS_IN_DATANODEDETAILS (version = 7)
2023-07-06 10:48:10,465 [main] INFO  statemachine.DatanodeStateMachine (DatanodeStateMachine.java:getEndPointTaskThreadPoolSize(279)) - Datanode State Machine Task Thread Pool size 2
2023-07-06 10:48:10,467 [main] INFO  volume.HddsVolume (HddsVolume.java:<init>(133)) - Creating HddsVolume: /home/runner/work/ozone/ozone/hadoop-ozone/integration-test/target/test-dir/MiniOzoneClusterImpl-8ecce792-0b29-40a4-bcd2-9922915e3450/datanode-9/data-0/containers/hdds of storage type : DISK capacity : 9223372036854775807
2023-07-06 10:48:10,467 [main] INFO  volume.MutableVolumeSet (MutableVolumeSet.java:initializeVolumeSet(175)) - Added Volume : /home/runner/work/ozone/ozone/hadoop-ozone/integration-test/target/test-dir/MiniOzoneClusterImpl-8ecce792-0b29-40a4-bcd2-9922915e3450/datanode-9/data-0/containers/hdds to VolumeSet
2023-07-06 10:48:10,468 [main] INFO  volume.ThrottledAsyncChecker (ThrottledAsyncChecker.java:schedule(141)) - Scheduling a check for /home/runner/work/ozone/ozone/hadoop-ozone/integration-test/target/test-dir/MiniOzoneClusterImpl-8ecce792-0b29-40a4-bcd2-9922915e3450/datanode-9/data-0/containers/hdds
2023-07-06 10:48:10,468 [main] INFO  volume.StorageVolumeChecker (StorageVolumeChecker.java:checkAllVolumes(202)) - Scheduled health check for volume /home/runner/work/ozone/ozone/hadoop-ozone/integration-test/target/test-dir/MiniOzoneClusterImpl-8ecce792-0b29-40a4-bcd2-9922915e3450/datanode-9/data-0/containers/hdds
2023-07-06 10:48:10,472 [main] INFO  volume.MutableVolumeSet (MutableVolumeSet.java:initializeVolumeSet(175)) - Added Volume : /home/runner/work/ozone/ozone/hadoop-ozone/integration-test/target/test-dir/MiniOzoneClusterImpl-8ecce792-0b29-40a4-bcd2-9922915e3450/datanode-9/data/ratis to VolumeSet
2023-07-06 10:48:10,472 [main] INFO  volume.ThrottledAsyncChecker (ThrottledAsyncChecker.java:schedule(141)) - Scheduling a check for /home/runner/work/ozone/ozone/hadoop-ozone/integration-test/target/test-dir/MiniOzoneClusterImpl-8ecce792-0b29-40a4-bcd2-9922915e3450/datanode-9/data/ratis
2023-07-06 10:48:10,473 [main] INFO  volume.StorageVolumeChecker (StorageVolumeChecker.java:checkAllVolumes(202)) - Scheduled health check for volume /home/runner/work/ozone/ozone/hadoop-ozone/integration-test/target/test-dir/MiniOzoneClusterImpl-8ecce792-0b29-40a4-bcd2-9922915e3450/datanode-9/data/ratis
2023-07-06 10:48:10,476 [Thread-327] INFO  ozoneimpl.ContainerReader (ContainerReader.java:readVolume(175)) - Finish verifying containers on volume /home/runner/work/ozone/ozone/hadoop-ozone/integration-test/target/test-dir/MiniOzoneClusterImpl-8ecce792-0b29-40a4-bcd2-9922915e3450/datanode-9/data-0/containers/hdds
2023-07-06 10:48:10,476 [main] INFO  ozoneimpl.OzoneContainer (OzoneContainer.java:buildContainerSet(316)) - Build ContainerSet costs 0s
2023-07-06 10:48:10,479 [main] INFO  server.RaftServer (ConfUtils.java:logGet(46)) - raft.rpc.type = GRPC (default)
2023-07-06 10:48:10,479 [main] INFO  grpc.GrpcConfigKeys (ConfUtils.java:logFallback(53)) - raft.grpc.admin.host = null (fallback to raft.grpc.server.host)
2023-07-06 10:48:10,480 [main] INFO  grpc.GrpcConfigKeys (ConfUtils.java:logGet(46)) - raft.grpc.admin.port = 15094 (custom)
2023-07-06 10:48:10,480 [main] INFO  grpc.GrpcConfigKeys (ConfUtils.java:logFallback(53)) - raft.grpc.client.host = null (fallback to raft.grpc.server.host)
2023-07-06 10:48:10,480 [main] INFO  grpc.GrpcConfigKeys (ConfUtils.java:logGet(46)) - raft.grpc.client.port = 15093 (custom)
2023-07-06 10:48:10,480 [main] INFO  grpc.GrpcConfigKeys (ConfUtils.java:logGet(46)) - raft.grpc.server.host = null (default)
2023-07-06 10:48:10,480 [main] INFO  grpc.GrpcConfigKeys (ConfUtils.java:logGet(46)) - raft.grpc.server.port = 15095 (custom)
2023-07-06 10:48:10,480 [main] INFO  server.GrpcService (ConfUtils.java:logGet(46)) - raft.grpc.message.size.max = 32MB (=33554432) (custom)
2023-07-06 10:48:10,480 [main] INFO  server.RaftServerConfigKeys (ConfUtils.java:logGet(46)) - raft.server.log.appender.buffer.byte-limit = 33554432 (custom)
2023-07-06 10:48:10,481 [main] INFO  server.GrpcService (ConfUtils.java:logGet(46)) - raft.grpc.flow.control.window = 5MB (=5242880) (custom)
2023-07-06 10:48:10,481 [main] INFO  server.RaftServerConfigKeys (ConfUtils.java:logGet(46)) - raft.server.rpc.request.timeout = 60s (custom)
2023-07-06 10:48:10,482 [main] INFO  grpc.GrpcConfigKeys (ConfUtils.java:logGet(46)) - raft.grpc.server.heartbeat.channel = true (default)
2023-07-06 10:48:10,482 [main] INFO  grpc.GrpcConfigKeys (ConfUtils.java:logGet(46)) - raft.grpc.server.async.request.thread.pool.cached = true (default)
2023-07-06 10:48:10,483 [main] INFO  grpc.GrpcConfigKeys (ConfUtils.java:logGet(46)) - raft.grpc.server.async.request.thread.pool.size = 32 (default)
2023-07-06 10:48:10,486 [main] INFO  impl.DataStreamServerImpl (ConfUtils.java:logGet(46)) - raft.datastream.type = NETTY (custom)
2023-07-06 10:48:10,491 [main] INFO  server.RaftServerConfigKeys (ConfUtils.java:logGet(46)) - raft.server.data-stream.async.request.thread.pool.cached = false (default)
2023-07-06 10:48:10,491 [main] INFO  server.RaftServerConfigKeys (ConfUtils.java:logGet(46)) - raft.server.data-stream.async.request.thread.pool.size = 20 (custom)
2023-07-06 10:48:10,491 [main] INFO  server.RaftServerConfigKeys (ConfUtils.java:logGet(46)) - raft.server.data-stream.async.write.thread.pool.size = 16 (default)
2023-07-06 10:48:10,491 [main] INFO  server.RaftServerConfigKeys (ConfUtils.java:logGet(46)) - raft.server.data-stream.client.pool.size = 10 (default)
2023-07-06 10:48:10,491 [main] INFO  netty.NettyConfigKeys$DataStream (ConfUtils.java:logGet(46)) - raft.netty.dataStream.server.use-epoll = false (default)
2023-07-06 10:48:10,492 [main] INFO  netty.NettyConfigKeys$DataStream (ConfUtils.java:logGet(46)) - raft.netty.dataStream.server.boss-group.size = 0 (default)
2023-07-06 10:48:10,492 [main] INFO  netty.NettyConfigKeys$DataStream (ConfUtils.java:logGet(46)) - raft.netty.dataStream.server.worker-group.size = 0 (default)
2023-07-06 10:48:10,505 [main] INFO  netty.NettyConfigKeys$DataStream (ConfUtils.java:logGet(46)) - raft.netty.dataStream.server.tls.conf = null (default)
2023-07-06 10:48:10,505 [main] INFO  netty.NettyConfigKeys$DataStream (ConfUtils.java:logGet(46)) - raft.netty.dataStream.host = null (default)
2023-07-06 10:48:10,506 [main] INFO  netty.NettyConfigKeys$DataStream (ConfUtils.java:logGet(46)) - raft.netty.dataStream.port = 15096 (custom)
2023-07-06 10:48:10,507 [main] INFO  server.RaftServerConfigKeys (ConfUtils.java:logGet(46)) - raft.server.threadpool.proxy.cached = true (default)
2023-07-06 10:48:10,507 [main] INFO  server.RaftServerConfigKeys (ConfUtils.java:logGet(46)) - raft.server.threadpool.proxy.size = 0 (default)
2023-07-06 10:48:10,507 [main] INFO  server.RaftServerConfigKeys (ConfUtils.java:logGet(46)) - raft.server.rpc.slowness.timeout = 300s (custom)
2023-07-06 10:48:10,507 [main] INFO  server.RaftServerConfigKeys (ConfUtils.java:logGet(46)) - raft.server.leaderelection.leader.step-down.wait-time = 10s (default)
2023-07-06 10:48:10,507 [main] INFO  server.RaftServerConfigKeys (ConfUtils.java:logGet(46)) - raft.server.storage.dir = [/home/runner/work/ozone/ozone/hadoop-ozone/integration-test/target/test-dir/MiniOzoneClusterImpl-8ecce792-0b29-40a4-bcd2-9922915e3450/datanode-9/data/ratis] (custom)
2023-07-06 10:48:10,511 [ae0f568f-b3d6-4872-b39b-16fcb0b48bc3-NettyServerStreamRpc-bossGroup--thread1] INFO  logging.LoggingHandler (AbstractInternalLogger.java:log(148)) - [id: 0xe2d144de] REGISTERED
2023-07-06 10:48:10,511 [ae0f568f-b3d6-4872-b39b-16fcb0b48bc3-NettyServerStreamRpc-bossGroup--thread1] INFO  logging.LoggingHandler (AbstractInternalLogger.java:log(148)) - [id: 0xe2d144de] BIND: 0.0.0.0/0.0.0.0:15096
2023-07-06 10:48:10,512 [ae0f568f-b3d6-4872-b39b-16fcb0b48bc3-NettyServerStreamRpc-bossGroup--thread1] INFO  logging.LoggingHandler (AbstractInternalLogger.java:log(148)) - [id: 0xe2d144de, L:/0:0:0:0:0:0:0:0:15096] ACTIVE
2023-07-06 10:48:10,514 [main] INFO  server.XceiverServerGrpc (XceiverServerGrpc.java:<init>(132)) - GrpcServer channel type EpollServerSocketChannel
2023-07-06 10:48:10,516 [main] INFO  replication.ReplicationSupervisor (ReplicationSupervisor.java:nodeStateUpdated(305)) - Node state updated to IN_SERVICE, scaling executor pool size to 10
2023-07-06 10:48:10,518 [main] INFO  http.BaseHttpServer (BaseHttpServer.java:newHttpServer2BuilderForOzone(224)) - Starting Web-server for hddsDatanode at: http://0.0.0.0:15090
2023-07-06 10:48:10,518 [main] INFO  http.BaseHttpServer (BaseHttpServer.java:<init>(111)) - Hadoop Security Enabled: false Ozone Security Enabled: false Ozone HTTP Security Enabled: false 
2023-07-06 10:48:10,520 [main] WARN  server.AuthenticationFilter (AuthenticationFilter.java:constructSecretProvider(240)) - Unable to initialize FileSignerSecretProvider, falling back to use random secrets. Reason: Could not read signature secret file: /home/runner/hadoop-http-auth-signature-secret
2023-07-06 10:48:10,520 [main] INFO  http.HttpRequestLog (HttpRequestLog.java:getRequestLog(86)) - Http request log for http.requests.hddsDatanode is not defined
2023-07-06 10:48:10,522 [main] INFO  http.HttpServer2 (HttpServer2.java:addGlobalFilter(1031)) - Added global filter 'safety' (class=org.apache.hadoop.hdds.server.http.HttpServer2$QuotingInputFilter)
2023-07-06 10:48:10,523 [main] INFO  http.HttpServer2 (HttpServer2.java:addFilter(1007)) - Added filter static_user_filter (class=org.apache.hadoop.http.lib.StaticUserWebFilter$StaticUserFilter) to context hddsDatanode
2023-07-06 10:48:10,523 [main] INFO  http.HttpServer2 (HttpServer2.java:addFilter(1015)) - Added filter static_user_filter (class=org.apache.hadoop.http.lib.StaticUserWebFilter$StaticUserFilter) to context static
2023-07-06 10:48:10,523 [main] INFO  http.HttpServer2 (HttpServer2.java:addFilter(1015)) - Added filter static_user_filter (class=org.apache.hadoop.http.lib.StaticUserWebFilter$StaticUserFilter) to context logs
2023-07-06 10:48:10,524 [main] INFO  http.BaseHttpServer (BaseHttpServer.java:<init>(190)) - HTTP server of hddsDatanode uses base directory /home/runner/work/ozone/ozone/hadoop-ozone/integration-test/target/test-dir/MiniOzoneClusterImpl-8ecce792-0b29-40a4-bcd2-9922915e3450/datanode-9/meta/webserver
2023-07-06 10:48:10,524 [main] INFO  http.HttpServer2 (HttpServer2.java:bindListener(1250)) - Jetty bound to port 15090
2023-07-06 10:48:10,524 [main] INFO  server.Server (Server.java:doStart(375)) - jetty-9.4.51.v20230217; built: 2023-02-17T08:19:37.309Z; git: b45c405e4544384de066f814ed42ae3dceacdd49; jvm 1.8.0_372-b07
2023-07-06 10:48:10,527 [main] INFO  server.session (DefaultSessionIdManager.java:doStart(334)) - DefaultSessionIdManager workerName=node0
2023-07-06 10:48:10,527 [main] INFO  server.session (DefaultSessionIdManager.java:doStart(339)) - No SessionScavenger set, using defaults
2023-07-06 10:48:10,527 [main] INFO  server.session (HouseKeeper.java:startScavenging(132)) - node0 Scavenging every 600000ms
2023-07-06 10:48:10,528 [main] INFO  handler.ContextHandler (ContextHandler.java:doStart(921)) - Started o.e.j.s.ServletContextHandler@130b1a6{logs,/logs,file:///home/runner/work/ozone/ozone/hadoop-ozone/integration-test/target/log,AVAILABLE}
2023-07-06 10:48:10,529 [main] INFO  handler.ContextHandler (ContextHandler.java:doStart(921)) - Started o.e.j.s.ServletContextHandler@36f70ce4{static,/static,jar:file:/home/runner/.m2/repository/org/apache/ozone/hdds-container-service/1.4.0-SNAPSHOT/hdds-container-service-1.4.0-SNAPSHOT.jar!/webapps/static,AVAILABLE}
2023-07-06 10:48:10,607 [EndpointStateMachine task thread for /0.0.0.0:15002 - 0 ] INFO  utils.DatanodeStoreCache (DatanodeStoreCache.java:addDB(66)) - Added db /home/runner/work/ozone/ozone/hadoop-ozone/integration-test/target/test-dir/MiniOzoneClusterImpl-8ecce792-0b29-40a4-bcd2-9922915e3450/datanode-4/data-0/containers/hdds/8ecce792-0b29-40a4-bcd2-9922915e3450/DS-2f6ddc56-8683-4d49-b464-b2f2fe04249b/container.db to cache
2023-07-06 10:48:10,608 [EndpointStateMachine task thread for /0.0.0.0:15002 - 0 ] INFO  volume.HddsVolume (HddsVolume.java:createDbStore(478)) - SchemaV3 db is created and loaded at /home/runner/work/ozone/ozone/hadoop-ozone/integration-test/target/test-dir/MiniOzoneClusterImpl-8ecce792-0b29-40a4-bcd2-9922915e3450/datanode-4/data-0/containers/hdds/8ecce792-0b29-40a4-bcd2-9922915e3450/DS-2f6ddc56-8683-4d49-b464-b2f2fe04249b/container.db for volume DS-2f6ddc56-8683-4d49-b464-b2f2fe04249b
2023-07-06 10:48:10,608 [EndpointStateMachine task thread for /0.0.0.0:15002 - 0 ] INFO  ozoneimpl.OzoneContainer (OzoneContainer.java:start(419)) - Attempting to start container services.
2023-07-06 10:48:10,608 [EndpointStateMachine task thread for /0.0.0.0:15002 - 0 ] INFO  ozoneimpl.OzoneContainer (OzoneContainer.java:startContainerScrub(327)) - Scheduled background container scanners and the on-demand container scanner have been disabled.
2023-07-06 10:48:10,611 [EndpointStateMachine task thread for /0.0.0.0:15002 - 0 ] INFO  replication.ReplicationServer (ReplicationServer.java:start(128)) - ReplicationServer is started using port 15052
2023-07-06 10:48:10,613 [EndpointStateMachine task thread for /0.0.0.0:15002 - 0 ] INFO  ratis.XceiverServerRatis (XceiverServerRatis.java:start(517)) - Starting XceiverServerRatis 5390630e-efcd-4aa9-9191-8580c5ddb99b
2023-07-06 10:48:10,614 [EndpointStateMachine task thread for /0.0.0.0:15002 - 0 ] INFO  server.RaftServer (RaftServerProxy.java:startImpl(400)) - 5390630e-efcd-4aa9-9191-8580c5ddb99b: start RPC server
2023-07-06 10:48:10,615 [EndpointStateMachine task thread for /0.0.0.0:15002 - 0 ] INFO  server.GrpcService (GrpcService.java:startImpl(302)) - 5390630e-efcd-4aa9-9191-8580c5ddb99b: GrpcService started, listening on 15048
2023-07-06 10:48:10,616 [EndpointStateMachine task thread for /0.0.0.0:15002 - 0 ] INFO  server.GrpcService (GrpcService.java:startImpl(302)) - 5390630e-efcd-4aa9-9191-8580c5ddb99b: GrpcService started, listening on 15050
2023-07-06 10:48:10,618 [EndpointStateMachine task thread for /0.0.0.0:15002 - 0 ] INFO  server.GrpcService (GrpcService.java:startImpl(302)) - 5390630e-efcd-4aa9-9191-8580c5ddb99b: GrpcService started, listening on 15049
2023-07-06 10:48:10,621 [EndpointStateMachine task thread for /0.0.0.0:15002 - 0 ] INFO  ratis.XceiverServerRatis (XceiverServerRatis.java:getRealPort(543)) - XceiverServerRatis 5390630e-efcd-4aa9-9191-8580c5ddb99b is started using port 15048 for RATIS
2023-07-06 10:48:10,621 [EndpointStateMachine task thread for /0.0.0.0:15002 - 0 ] INFO  ratis.XceiverServerRatis (XceiverServerRatis.java:getRealPort(543)) - XceiverServerRatis 5390630e-efcd-4aa9-9191-8580c5ddb99b is started using port 15049 for RATIS_ADMIN
2023-07-06 10:48:10,621 [EndpointStateMachine task thread for /0.0.0.0:15002 - 0 ] INFO  ratis.XceiverServerRatis (XceiverServerRatis.java:getRealPort(543)) - XceiverServerRatis 5390630e-efcd-4aa9-9191-8580c5ddb99b is started using port 15050 for RATIS_SERVER
2023-07-06 10:48:10,621 [EndpointStateMachine task thread for /0.0.0.0:15002 - 0 ] INFO  ratis.XceiverServerRatis (XceiverServerRatis.java:getRealPort(543)) - XceiverServerRatis 5390630e-efcd-4aa9-9191-8580c5ddb99b is started using port 15051 for RATIS_DATASTREAM
2023-07-06 10:48:10,621 [JvmPauseMonitor6] INFO  util.JvmPauseMonitor (JvmPauseMonitor.java:run(103)) - JvmPauseMonitor-5390630e-efcd-4aa9-9191-8580c5ddb99b: Started
2023-07-06 10:48:10,627 [BlockDeletingService#0] INFO  interfaces.ContainerDeletionChoosingPolicyTemplate (ContainerDeletionChoosingPolicyTemplate.java:chooseContainerForBlockDeletion(83)) - Chosen 0/5000 blocks from 0 candidate containers.
2023-07-06 10:48:10,743 [IPC Server handler 15 on default port 15002] INFO  net.NetworkTopologyImpl (NetworkTopologyImpl.java:add(112)) - Added a new node: /default-rack/c18b64c4-7b5c-4e0a-b26c-2daf5f5ffc53
2023-07-06 10:48:10,746 [IPC Server handler 15 on default port 15002] INFO  node.SCMNodeManager (SCMNodeManager.java:register(405)) - Registered Data node : c18b64c4-7b5c-4e0a-b26c-2daf5f5ffc53{ip: 10.1.0.19, host: fv-az137-100.aripajfx3awelhgv3otau1goqd.bx.internal.cloudapp.net, ports: [HTTP=15009, CLIENT_RPC=15010, REPLICATION=15016, RATIS=15012, RATIS_ADMIN=15013, RATIS_SERVER=15014, RATIS_DATASTREAM=15015, STANDALONE=15011], networkLocation: /default-rack, certSerialId: null, persistedOpState: null, persistedOpStateExpiryEpochSec: 0}
2023-07-06 10:48:10,758 [EventQueue-NodeRegistrationContainerReportForContainerSafeModeRule] INFO  safemode.SCMSafeModeManager (SCMSafeModeManager.java:validateSafeModeExitRules(200)) - ContainerSafeModeRule rule is successfully validated
2023-07-06 10:48:10,771 [EventQueue-NewNodeForNewNodeHandler] INFO  pipeline.BackgroundPipelineCreator (BackgroundPipelineCreator.java:notifyEventTriggered(277)) - trigger a one-shot run on RatisPipelineUtilsThread.
2023-07-06 10:48:10,773 [EventQueue-PipelineReportForOneReplicaPipelineSafeModeRule] INFO  safemode.SCMSafeModeManager (SCMSafeModeManager.java:validateSafeModeExitRules(200)) - AtleastOneDatanodeReportedRule rule is successfully validated
2023-07-06 10:48:10,759 [EventQueue-NodeRegistrationContainerReportForDataNodeSafeModeRule] INFO  safemode.SCMSafeModeManager (DataNodeSafeModeRule.java:process(71)) - SCM in safe mode. 1 DataNodes registered, 3 required.
2023-07-06 10:48:10,789 [RatisPipelineUtilsThread - 0] INFO  pipeline.RatisPipelineProvider (RatisPipelineProvider.java:lambda$create$0(206)) - Sending CreatePipelineCommand for pipeline:PipelineID=2225a4ca-84cd-4adc-acb9-e65c3e6314a1 to datanode:c18b64c4-7b5c-4e0a-b26c-2daf5f5ffc53
2023-07-06 10:48:10,819 [RatisPipelineUtilsThread - 0] INFO  pipeline.BackgroundPipelineCreator (BackgroundPipelineCreator.java:createPipelines(233)) - Created new pipeline Pipeline[ Id: 2225a4ca-84cd-4adc-acb9-e65c3e6314a1, Nodes: c18b64c4-7b5c-4e0a-b26c-2daf5f5ffc53(fv-az137-100.aripajfx3awelhgv3otau1goqd.bx.internal.cloudapp.net/10.1.0.19), ReplicationConfig: RATIS/ONE, State:ALLOCATED, leaderId:, CreationTimestamp2023-07-06T10:48:10.786Z[Etc/UTC]]
2023-07-06 10:48:10,867 [main] INFO  handler.ContextHandler (ContextHandler.java:doStart(921)) - Started o.e.j.w.WebAppContext@32ec0814{hddsDatanode,/,file:///home/runner/work/ozone/ozone/hadoop-ozone/integration-test/target/tmp/kms/webapp/,AVAILABLE}{jar:file:/home/runner/.m2/repository/org/apache/ozone/hdds-container-service/1.4.0-SNAPSHOT/hdds-container-service-1.4.0-SNAPSHOT.jar!/webapps/hddsDatanode}
2023-07-06 10:48:10,869 [main] INFO  server.AbstractConnector (AbstractConnector.java:doStart(333)) - Started ServerConnector@4718c139{HTTP/1.1, (http/1.1)}{0.0.0.0:15090}
2023-07-06 10:48:10,869 [main] INFO  server.Server (Server.java:doStart(415)) - Started @17325ms
2023-07-06 10:48:10,869 [main] WARN  impl.MetricsSystemImpl (MetricsSystemImpl.java:register(279)) - Sink prometheus already exists!
2023-07-06 10:48:10,870 [main] INFO  http.BaseHttpServer (BaseHttpServer.java:updateConnectorAddress(344)) - HTTP server of hddsDatanode listening at http://0.0.0.0:15090
2023-07-06 10:48:10,870 [main] INFO  ipc.CallQueueManager (CallQueueManager.java:<init>(90)) - Using callQueue: class java.util.concurrent.LinkedBlockingQueue, queueCapacity: 100, scheduler: class org.apache.hadoop.ipc.DefaultRpcScheduler, ipcBackoff: false.
2023-07-06 10:48:10,870 [main] INFO  ipc.Server (Server.java:<init>(1287)) - Listener at 0.0.0.0:15091
2023-07-06 10:48:10,871 [Socket Reader #1 for port 15091] INFO  ipc.Server (Server.java:run(1323)) - Starting Socket Reader #1 for port 15091
2023-07-06 10:48:10,873 [main] INFO  ozone.HddsDatanodeService (HddsDatanodeService.java:start(315)) - Datanode start with admins: [runner]
2023-07-06 10:48:10,873 [main] INFO  ozone.HddsDatanodeClientProtocolServer (HddsDatanodeClientProtocolServer.java:start(72)) - RPC server for Client /0.0.0.0:15091
2023-07-06 10:48:10,874 [IPC Server Responder] INFO  ipc.Server (Server.java:run(1562)) - IPC Server Responder: starting
2023-07-06 10:48:10,874 [IPC Server listener on 15091] INFO  ipc.Server (Server.java:run(1402)) - IPC Server listener on 15091: starting
2023-07-06 10:48:10,875 [main] INFO  om.OzoneManager (OzoneManager.java:startSecretManager(1087)) - Starting secret key client.
2023-07-06 10:48:10,875 [main] INFO  om.OzoneManager (OzoneManager.java:startSecretManager(1098)) - Starting OM delegation token secret manager
2023-07-06 10:48:10,875 [main] INFO  security.OzoneDelegationTokenSecretManager (OzoneSecretManager.java:updateCurrentKey(175)) - Updating current master key for generating tokens. Cert id 3128137608914
2023-07-06 10:48:10,883 [Datanode State Machine Daemon Thread] INFO  statemachine.DatanodeStateMachine (DatanodeStateMachine.java:lambda$startDaemon$0(531)) - Ozone container server started.
2023-07-06 10:48:10,885 [main] INFO  ozone.MiniOzoneClusterImpl (MiniOzoneClusterImpl.java:lambda$waitForClusterToBeReady$0(224)) - Waiting for nodes to be ready. Got 1 of 10 DN Heartbeats.
2023-07-06 10:48:10,886 [Thread[Thread-354,5,main]] INFO  security.OzoneDelegationTokenSecretManager (OzoneDelegationTokenSecretManager.java:run(636)) - Starting expired delegation token remover thread, tokenRemoverScanInterval=60 min(s)
2023-07-06 10:48:10,887 [main] INFO  ozone.MiniOzoneClusterImpl (MiniOzoneClusterImpl.java:lambda$waitForClusterToBeReady$0(227)) - Waiting for cluster to exit safe mode
2023-07-06 10:48:10,887 [main] INFO  ozone.MiniOzoneClusterImpl (MiniOzoneClusterImpl.java:lambda$waitForClusterToBeReady$0(229)) - SCM became leader
2023-07-06 10:48:10,900 [Datanode State Machine Task Thread - 0] INFO  datanode.InitDatanodeState (InitDatanodeState.java:persistContainerDatanodeDetails(138)) - DatanodeDetails is persisted to /home/runner/work/ozone/ozone/hadoop-ozone/integration-test/target/test-dir/MiniOzoneClusterImpl-8ecce792-0b29-40a4-bcd2-9922915e3450/datanode-9/meta/datanode.id
2023-07-06 10:48:11,118 [EndpointStateMachine task thread for /0.0.0.0:15002 - 0 ] INFO  utils.DatanodeStoreCache (DatanodeStoreCache.java:addDB(66)) - Added db /home/runner/work/ozone/ozone/hadoop-ozone/integration-test/target/test-dir/MiniOzoneClusterImpl-8ecce792-0b29-40a4-bcd2-9922915e3450/datanode-5/data-0/containers/hdds/8ecce792-0b29-40a4-bcd2-9922915e3450/DS-1f0c5bfc-fbb8-4920-bab0-24b550435951/container.db to cache
2023-07-06 10:48:11,118 [EndpointStateMachine task thread for /0.0.0.0:15002 - 0 ] INFO  volume.HddsVolume (HddsVolume.java:createDbStore(478)) - SchemaV3 db is created and loaded at /home/runner/work/ozone/ozone/hadoop-ozone/integration-test/target/test-dir/MiniOzoneClusterImpl-8ecce792-0b29-40a4-bcd2-9922915e3450/datanode-5/data-0/containers/hdds/8ecce792-0b29-40a4-bcd2-9922915e3450/DS-1f0c5bfc-fbb8-4920-bab0-24b550435951/container.db for volume DS-1f0c5bfc-fbb8-4920-bab0-24b550435951
2023-07-06 10:48:11,119 [EndpointStateMachine task thread for /0.0.0.0:15002 - 0 ] INFO  ozoneimpl.OzoneContainer (OzoneContainer.java:start(419)) - Attempting to start container services.
2023-07-06 10:48:11,119 [EndpointStateMachine task thread for /0.0.0.0:15002 - 0 ] INFO  ozoneimpl.OzoneContainer (OzoneContainer.java:startContainerScrub(327)) - Scheduled background container scanners and the on-demand container scanner have been disabled.
2023-07-06 10:48:11,121 [EndpointStateMachine task thread for /0.0.0.0:15002 - 0 ] INFO  replication.ReplicationServer (ReplicationServer.java:start(128)) - ReplicationServer is started using port 15061
2023-07-06 10:48:11,121 [EndpointStateMachine task thread for /0.0.0.0:15002 - 0 ] INFO  ratis.XceiverServerRatis (XceiverServerRatis.java:start(517)) - Starting XceiverServerRatis 5a53f96e-bd62-406a-bc4f-c3e0845cabf5
2023-07-06 10:48:11,124 [EndpointStateMachine task thread for /0.0.0.0:15002 - 0 ] INFO  server.RaftServer (RaftServerProxy.java:startImpl(400)) - 5a53f96e-bd62-406a-bc4f-c3e0845cabf5: start RPC server
2023-07-06 10:48:11,125 [EndpointStateMachine task thread for /0.0.0.0:15002 - 0 ] INFO  server.GrpcService (GrpcService.java:startImpl(302)) - 5a53f96e-bd62-406a-bc4f-c3e0845cabf5: GrpcService started, listening on 15057
2023-07-06 10:48:11,127 [EndpointStateMachine task thread for /0.0.0.0:15002 - 0 ] INFO  server.GrpcService (GrpcService.java:startImpl(302)) - 5a53f96e-bd62-406a-bc4f-c3e0845cabf5: GrpcService started, listening on 15059
2023-07-06 10:48:11,128 [EndpointStateMachine task thread for /0.0.0.0:15002 - 0 ] INFO  server.GrpcService (GrpcService.java:startImpl(302)) - 5a53f96e-bd62-406a-bc4f-c3e0845cabf5: GrpcService started, listening on 15058
2023-07-06 10:48:11,129 [EndpointStateMachine task thread for /0.0.0.0:15002 - 0 ] INFO  ratis.XceiverServerRatis (XceiverServerRatis.java:getRealPort(543)) - XceiverServerRatis 5a53f96e-bd62-406a-bc4f-c3e0845cabf5 is started using port 15057 for RATIS
2023-07-06 10:48:11,129 [JvmPauseMonitor7] INFO  util.JvmPauseMonitor (JvmPauseMonitor.java:run(103)) - JvmPauseMonitor-5a53f96e-bd62-406a-bc4f-c3e0845cabf5: Started
2023-07-06 10:48:11,129 [EndpointStateMachine task thread for /0.0.0.0:15002 - 0 ] INFO  ratis.XceiverServerRatis (XceiverServerRatis.java:getRealPort(543)) - XceiverServerRatis 5a53f96e-bd62-406a-bc4f-c3e0845cabf5 is started using port 15058 for RATIS_ADMIN
2023-07-06 10:48:11,129 [EndpointStateMachine task thread for /0.0.0.0:15002 - 0 ] INFO  ratis.XceiverServerRatis (XceiverServerRatis.java:getRealPort(543)) - XceiverServerRatis 5a53f96e-bd62-406a-bc4f-c3e0845cabf5 is started using port 15059 for RATIS_SERVER
2023-07-06 10:48:11,129 [EndpointStateMachine task thread for /0.0.0.0:15002 - 0 ] INFO  ratis.XceiverServerRatis (XceiverServerRatis.java:getRealPort(543)) - XceiverServerRatis 5a53f96e-bd62-406a-bc4f-c3e0845cabf5 is started using port 15060 for RATIS_DATASTREAM
2023-07-06 10:48:11,139 [BlockDeletingService#0] INFO  interfaces.ContainerDeletionChoosingPolicyTemplate (ContainerDeletionChoosingPolicyTemplate.java:chooseContainerForBlockDeletion(83)) - Chosen 0/5000 blocks from 0 candidate containers.
2023-07-06 10:48:11,186 [IPC Server handler 15 on default port 15002] INFO  net.NetworkTopologyImpl (NetworkTopologyImpl.java:add(112)) - Added a new node: /default-rack/d927e26c-8fe2-4137-bd03-4653fe67c688
2023-07-06 10:48:11,186 [IPC Server handler 15 on default port 15002] INFO  node.SCMNodeManager (SCMNodeManager.java:register(405)) - Registered Data node : d927e26c-8fe2-4137-bd03-4653fe67c688{ip: 10.1.0.19, host: fv-az137-100.aripajfx3awelhgv3otau1goqd.bx.internal.cloudapp.net, ports: [HTTP=15018, CLIENT_RPC=15019, REPLICATION=15025, RATIS=15021, RATIS_ADMIN=15022, RATIS_SERVER=15023, RATIS_DATASTREAM=15024, STANDALONE=15020], networkLocation: /default-rack, certSerialId: null, persistedOpState: null, persistedOpStateExpiryEpochSec: 0}
2023-07-06 10:48:11,187 [EventQueue-NewNodeForNewNodeHandler] INFO  pipeline.BackgroundPipelineCreator (BackgroundPipelineCreator.java:notifyEventTriggered(277)) - trigger a one-shot run on RatisPipelineUtilsThread.
2023-07-06 10:48:11,187 [EventQueue-NodeRegistrationContainerReportForDataNodeSafeModeRule] INFO  safemode.SCMSafeModeManager (DataNodeSafeModeRule.java:process(71)) - SCM in safe mode. 2 DataNodes registered, 3 required.
2023-07-06 10:48:11,188 [RatisPipelineUtilsThread - 0] INFO  pipeline.RatisPipelineProvider (RatisPipelineProvider.java:lambda$create$0(206)) - Sending CreatePipelineCommand for pipeline:PipelineID=497bc7bf-6667-4084-a1d5-324af65d15c7 to datanode:d927e26c-8fe2-4137-bd03-4653fe67c688
2023-07-06 10:48:11,195 [RatisPipelineUtilsThread - 0] INFO  pipeline.BackgroundPipelineCreator (BackgroundPipelineCreator.java:createPipelines(233)) - Created new pipeline Pipeline[ Id: 497bc7bf-6667-4084-a1d5-324af65d15c7, Nodes: d927e26c-8fe2-4137-bd03-4653fe67c688(fv-az137-100.aripajfx3awelhgv3otau1goqd.bx.internal.cloudapp.net/10.1.0.19), ReplicationConfig: RATIS/ONE, State:ALLOCATED, leaderId:, CreationTimestamp2023-07-06T10:48:11.188Z[Etc/UTC]]
2023-07-06 10:48:11,600 [IPC Server handler 12 on default port 15002] INFO  net.NetworkTopologyImpl (NetworkTopologyImpl.java:add(112)) - Added a new node: /default-rack/b02eaa79-f692-4c53-b57d-37cb88368c79
2023-07-06 10:48:11,601 [IPC Server handler 12 on default port 15002] INFO  node.SCMNodeManager (SCMNodeManager.java:register(405)) - Registered Data node : b02eaa79-f692-4c53-b57d-37cb88368c79{ip: 10.1.0.19, host: fv-az137-100.aripajfx3awelhgv3otau1goqd.bx.internal.cloudapp.net, ports: [HTTP=15027, CLIENT_RPC=15028, REPLICATION=15034, RATIS=15030, RATIS_ADMIN=15031, RATIS_SERVER=15032, RATIS_DATASTREAM=15033, STANDALONE=15029], networkLocation: /default-rack, certSerialId: null, persistedOpState: null, persistedOpStateExpiryEpochSec: 0}
2023-07-06 10:48:11,604 [EventQueue-NodeRegistrationContainerReportForDataNodeSafeModeRule] INFO  safemode.SCMSafeModeManager (DataNodeSafeModeRule.java:process(71)) - SCM in safe mode. 3 DataNodes registered, 3 required.
2023-07-06 10:48:11,604 [EventQueue-NodeRegistrationContainerReportForDataNodeSafeModeRule] INFO  safemode.SCMSafeModeManager (SCMSafeModeManager.java:validateSafeModeExitRules(200)) - DataNodeSafeModeRule rule is successfully validated
2023-07-06 10:48:11,604 [EventQueue-NodeRegistrationContainerReportForDataNodeSafeModeRule] INFO  safemode.SCMSafeModeManager (SCMSafeModeManager.java:completePreCheck(229)) - All SCM safe mode pre check rules have passed
2023-07-06 10:48:11,604 [EventQueue-NodeRegistrationContainerReportForDataNodeSafeModeRule] INFO  ha.SCMContext (SCMContext.java:updateSafeModeStatus(228)) - Update SafeModeStatus from SafeModeStatus{safeModeStatus=true, preCheckPassed=false} to SafeModeStatus{safeModeStatus=true, preCheckPassed=true}.
2023-07-06 10:48:11,604 [EventQueue-NodeRegistrationContainerReportForDataNodeSafeModeRule] INFO  pipeline.BackgroundPipelineCreator (BackgroundPipelineCreator.java:notifyEventTriggered(277)) - trigger a one-shot run on RatisPipelineUtilsThread.
2023-07-06 10:48:11,604 [RatisPipelineUtilsThread - 0] INFO  pipeline.RatisPipelineProvider (RatisPipelineProvider.java:lambda$create$0(206)) - Sending CreatePipelineCommand for pipeline:PipelineID=356591c7-60a5-4080-91e6-5769b473c51f to datanode:b02eaa79-f692-4c53-b57d-37cb88368c79
2023-07-06 10:48:11,605 [EventQueue-NewNodeForNewNodeHandler] INFO  pipeline.BackgroundPipelineCreator (BackgroundPipelineCreator.java:notifyEventTriggered(277)) - trigger a one-shot run on RatisPipelineUtilsThread.
2023-07-06 10:48:11,606 [RatisPipelineUtilsThread - 0] INFO  pipeline.BackgroundPipelineCreator (BackgroundPipelineCreator.java:createPipelines(233)) - Created new pipeline Pipeline[ Id: 356591c7-60a5-4080-91e6-5769b473c51f, Nodes: b02eaa79-f692-4c53-b57d-37cb88368c79(fv-az137-100.aripajfx3awelhgv3otau1goqd.bx.internal.cloudapp.net/10.1.0.19), ReplicationConfig: RATIS/ONE, State:ALLOCATED, leaderId:, CreationTimestamp2023-07-06T10:48:11.604Z[Etc/UTC]]
2023-07-06 10:48:11,610 [RatisPipelineUtilsThread - 0] INFO  pipeline.RatisPipelineProvider (RatisPipelineProvider.java:lambda$create$0(206)) - Sending CreatePipelineCommand for pipeline:PipelineID=2356d707-daad-4873-8cda-d2f834ac6072 to datanode:c18b64c4-7b5c-4e0a-b26c-2daf5f5ffc53
2023-07-06 10:48:11,611 [RatisPipelineUtilsThread - 0] INFO  pipeline.RatisPipelineProvider (RatisPipelineProvider.java:lambda$create$0(206)) - Sending CreatePipelineCommand for pipeline:PipelineID=2356d707-daad-4873-8cda-d2f834ac6072 to datanode:b02eaa79-f692-4c53-b57d-37cb88368c79
2023-07-06 10:48:11,611 [RatisPipelineUtilsThread - 0] INFO  pipeline.RatisPipelineProvider (RatisPipelineProvider.java:lambda$create$0(206)) - Sending CreatePipelineCommand for pipeline:PipelineID=2356d707-daad-4873-8cda-d2f834ac6072 to datanode:d927e26c-8fe2-4137-bd03-4653fe67c688
2023-07-06 10:48:11,612 [RatisPipelineUtilsThread - 0] INFO  pipeline.BackgroundPipelineCreator (BackgroundPipelineCreator.java:createPipelines(233)) - Created new pipeline Pipeline[ Id: 2356d707-daad-4873-8cda-d2f834ac6072, Nodes: c18b64c4-7b5c-4e0a-b26c-2daf5f5ffc53(fv-az137-100.aripajfx3awelhgv3otau1goqd.bx.internal.cloudapp.net/10.1.0.19)b02eaa79-f692-4c53-b57d-37cb88368c79(fv-az137-100.aripajfx3awelhgv3otau1goqd.bx.internal.cloudapp.net/10.1.0.19)d927e26c-8fe2-4137-bd03-4653fe67c688(fv-az137-100.aripajfx3awelhgv3otau1goqd.bx.internal.cloudapp.net/10.1.0.19), ReplicationConfig: RATIS/THREE, State:ALLOCATED, leaderId:, CreationTimestamp2023-07-06T10:48:11.610Z[Etc/UTC]]
2023-07-06 10:48:11,614 [RatisPipelineUtilsThread - 0] INFO  pipeline.RatisPipelineProvider (RatisPipelineProvider.java:lambda$create$0(206)) - Sending CreatePipelineCommand for pipeline:PipelineID=b3b9432e-b1ab-4d28-b8c7-656aad0bea11 to datanode:c18b64c4-7b5c-4e0a-b26c-2daf5f5ffc53
2023-07-06 10:48:11,614 [RatisPipelineUtilsThread - 0] INFO  pipeline.RatisPipelineProvider (RatisPipelineProvider.java:lambda$create$0(206)) - Sending CreatePipelineCommand for pipeline:PipelineID=b3b9432e-b1ab-4d28-b8c7-656aad0bea11 to datanode:b02eaa79-f692-4c53-b57d-37cb88368c79
2023-07-06 10:48:11,614 [RatisPipelineUtilsThread - 0] INFO  pipeline.RatisPipelineProvider (RatisPipelineProvider.java:lambda$create$0(206)) - Sending CreatePipelineCommand for pipeline:PipelineID=b3b9432e-b1ab-4d28-b8c7-656aad0bea11 to datanode:d927e26c-8fe2-4137-bd03-4653fe67c688
2023-07-06 10:48:11,615 [RatisPipelineUtilsThread - 0] INFO  pipeline.PipelineManagerImpl (PipelineManagerImpl.java:recordMetricsForPipeline(895)) - Pipeline: PipelineID=b3b9432e-b1ab-4d28-b8c7-656aad0bea11 contains same datanodes as previous pipelines: PipelineID=2356d707-daad-4873-8cda-d2f834ac6072 nodeIds: c18b64c4-7b5c-4e0a-b26c-2daf5f5ffc53, b02eaa79-f692-4c53-b57d-37cb88368c79, d927e26c-8fe2-4137-bd03-4653fe67c688
2023-07-06 10:48:11,616 [RatisPipelineUtilsThread - 0] INFO  pipeline.BackgroundPipelineCreator (BackgroundPipelineCreator.java:createPipelines(233)) - Created new pipeline Pipeline[ Id: b3b9432e-b1ab-4d28-b8c7-656aad0bea11, Nodes: c18b64c4-7b5c-4e0a-b26c-2daf5f5ffc53(fv-az137-100.aripajfx3awelhgv3otau1goqd.bx.internal.cloudapp.net/10.1.0.19)b02eaa79-f692-4c53-b57d-37cb88368c79(fv-az137-100.aripajfx3awelhgv3otau1goqd.bx.internal.cloudapp.net/10.1.0.19)d927e26c-8fe2-4137-bd03-4653fe67c688(fv-az137-100.aripajfx3awelhgv3otau1goqd.bx.internal.cloudapp.net/10.1.0.19), ReplicationConfig: RATIS/THREE, State:ALLOCATED, leaderId:, CreationTimestamp2023-07-06T10:48:11.614Z[Etc/UTC]]
2023-07-06 10:48:11,616 [RatisPipelineUtilsThread - 0] WARN  pipeline.PipelinePlacementPolicy (PipelinePlacementPolicy.java:filterViableNodes(166)) - Pipeline creation failed due to no sufficient healthy datanodes. Required 3. Found 0. Excluded 3.
2023-07-06 10:48:11,617 [RatisPipelineUtilsThread - 0] WARN  pipeline.PipelinePlacementPolicy (PipelinePlacementPolicy.java:filterViableNodes(166)) - Pipeline creation failed due to no sufficient healthy datanodes. Required 3. Found 0. Excluded 3.
2023-07-06 10:48:11,618 [EndpointStateMachine task thread for /0.0.0.0:15002 - 0 ] INFO  utils.DatanodeStoreCache (DatanodeStoreCache.java:addDB(66)) - Added db /home/runner/work/ozone/ozone/hadoop-ozone/integration-test/target/test-dir/MiniOzoneClusterImpl-8ecce792-0b29-40a4-bcd2-9922915e3450/datanode-6/data-0/containers/hdds/8ecce792-0b29-40a4-bcd2-9922915e3450/DS-67ef02d2-5260-4ee9-9256-c11a7765b943/container.db to cache
2023-07-06 10:48:11,619 [EndpointStateMachine task thread for /0.0.0.0:15002 - 0 ] INFO  volume.HddsVolume (HddsVolume.java:createDbStore(478)) - SchemaV3 db is created and loaded at /home/runner/work/ozone/ozone/hadoop-ozone/integration-test/target/test-dir/MiniOzoneClusterImpl-8ecce792-0b29-40a4-bcd2-9922915e3450/datanode-6/data-0/containers/hdds/8ecce792-0b29-40a4-bcd2-9922915e3450/DS-67ef02d2-5260-4ee9-9256-c11a7765b943/container.db for volume DS-67ef02d2-5260-4ee9-9256-c11a7765b943
2023-07-06 10:48:11,620 [EndpointStateMachine task thread for /0.0.0.0:15002 - 0 ] INFO  ozoneimpl.OzoneContainer (OzoneContainer.java:start(419)) - Attempting to start container services.
2023-07-06 10:48:11,620 [EndpointStateMachine task thread for /0.0.0.0:15002 - 0 ] INFO  ozoneimpl.OzoneContainer (OzoneContainer.java:startContainerScrub(327)) - Scheduled background container scanners and the on-demand container scanner have been disabled.
2023-07-06 10:48:11,622 [EndpointStateMachine task thread for /0.0.0.0:15002 - 0 ] INFO  replication.ReplicationServer (ReplicationServer.java:start(128)) - ReplicationServer is started using port 15070
2023-07-06 10:48:11,622 [EndpointStateMachine task thread for /0.0.0.0:15002 - 0 ] INFO  ratis.XceiverServerRatis (XceiverServerRatis.java:start(517)) - Starting XceiverServerRatis 2536bb46-c5d2-4252-aed1-a79348143fe8
2023-07-06 10:48:11,623 [EndpointStateMachine task thread for /0.0.0.0:15002 - 0 ] INFO  server.RaftServer (RaftServerProxy.java:startImpl(400)) - 2536bb46-c5d2-4252-aed1-a79348143fe8: start RPC server
2023-07-06 10:48:11,625 [EndpointStateMachine task thread for /0.0.0.0:15002 - 0 ] INFO  server.GrpcService (GrpcService.java:startImpl(302)) - 2536bb46-c5d2-4252-aed1-a79348143fe8: GrpcService started, listening on 15066
2023-07-06 10:48:11,626 [EndpointStateMachine task thread for /0.0.0.0:15002 - 0 ] INFO  server.GrpcService (GrpcService.java:startImpl(302)) - 2536bb46-c5d2-4252-aed1-a79348143fe8: GrpcService started, listening on 15068
2023-07-06 10:48:11,627 [EndpointStateMachine task thread for /0.0.0.0:15002 - 0 ] INFO  server.GrpcService (GrpcService.java:startImpl(302)) - 2536bb46-c5d2-4252-aed1-a79348143fe8: GrpcService started, listening on 15067
2023-07-06 10:48:11,628 [EndpointStateMachine task thread for /0.0.0.0:15002 - 0 ] INFO  ratis.XceiverServerRatis (XceiverServerRatis.java:getRealPort(543)) - XceiverServerRatis 2536bb46-c5d2-4252-aed1-a79348143fe8 is started using port 15066 for RATIS
2023-07-06 10:48:11,628 [JvmPauseMonitor8] INFO  util.JvmPauseMonitor (JvmPauseMonitor.java:run(103)) - JvmPauseMonitor-2536bb46-c5d2-4252-aed1-a79348143fe8: Started
2023-07-06 10:48:11,628 [EndpointStateMachine task thread for /0.0.0.0:15002 - 0 ] INFO  ratis.XceiverServerRatis (XceiverServerRatis.java:getRealPort(543)) - XceiverServerRatis 2536bb46-c5d2-4252-aed1-a79348143fe8 is started using port 15067 for RATIS_ADMIN
2023-07-06 10:48:11,628 [EndpointStateMachine task thread for /0.0.0.0:15002 - 0 ] INFO  ratis.XceiverServerRatis (XceiverServerRatis.java:getRealPort(543)) - XceiverServerRatis 2536bb46-c5d2-4252-aed1-a79348143fe8 is started using port 15068 for RATIS_SERVER
2023-07-06 10:48:11,628 [EndpointStateMachine task thread for /0.0.0.0:15002 - 0 ] INFO  ratis.XceiverServerRatis (XceiverServerRatis.java:getRealPort(543)) - XceiverServerRatis 2536bb46-c5d2-4252-aed1-a79348143fe8 is started using port 15069 for RATIS_DATASTREAM
2023-07-06 10:48:11,641 [BlockDeletingService#0] INFO  interfaces.ContainerDeletionChoosingPolicyTemplate (ContainerDeletionChoosingPolicyTemplate.java:chooseContainerForBlockDeletion(83)) - Chosen 0/5000 blocks from 0 candidate containers.
2023-07-06 10:48:11,887 [main] INFO  ozone.MiniOzoneClusterImpl (MiniOzoneClusterImpl.java:lambda$waitForClusterToBeReady$0(224)) - Waiting for nodes to be ready. Got 3 of 10 DN Heartbeats.
2023-07-06 10:48:11,887 [main] INFO  ozone.MiniOzoneClusterImpl (MiniOzoneClusterImpl.java:lambda$waitForClusterToBeReady$0(227)) - Waiting for cluster to exit safe mode
2023-07-06 10:48:11,887 [main] INFO  ozone.MiniOzoneClusterImpl (MiniOzoneClusterImpl.java:lambda$waitForClusterToBeReady$0(229)) - SCM became leader
2023-07-06 10:48:12,022 [IPC Server handler 17 on default port 15002] INFO  net.NetworkTopologyImpl (NetworkTopologyImpl.java:add(112)) - Added a new node: /default-rack/d375daab-0aec-4ab2-a7ca-6760e990c046
2023-07-06 10:48:12,022 [IPC Server handler 17 on default port 15002] INFO  node.SCMNodeManager (SCMNodeManager.java:register(405)) - Registered Data node : d375daab-0aec-4ab2-a7ca-6760e990c046{ip: 10.1.0.19, host: fv-az137-100.aripajfx3awelhgv3otau1goqd.bx.internal.cloudapp.net, ports: [HTTP=15036, CLIENT_RPC=15037, REPLICATION=15043, RATIS=15039, RATIS_ADMIN=15040, RATIS_SERVER=15041, RATIS_DATASTREAM=15042, STANDALONE=15038], networkLocation: /default-rack, certSerialId: null, persistedOpState: null, persistedOpStateExpiryEpochSec: 0}
2023-07-06 10:48:12,023 [EventQueue-NewNodeForNewNodeHandler] INFO  pipeline.BackgroundPipelineCreator (BackgroundPipelineCreator.java:notifyEventTriggered(277)) - trigger a one-shot run on RatisPipelineUtilsThread.
2023-07-06 10:48:12,024 [RatisPipelineUtilsThread - 0] INFO  pipeline.RatisPipelineProvider (RatisPipelineProvider.java:lambda$create$0(206)) - Sending CreatePipelineCommand for pipeline:PipelineID=76dc61de-e2b7-45d8-a9e3-0925dba5eb13 to datanode:d375daab-0aec-4ab2-a7ca-6760e990c046
2023-07-06 10:48:12,028 [RatisPipelineUtilsThread - 0] INFO  pipeline.BackgroundPipelineCreator (BackgroundPipelineCreator.java:createPipelines(233)) - Created new pipeline Pipeline[ Id: 76dc61de-e2b7-45d8-a9e3-0925dba5eb13, Nodes: d375daab-0aec-4ab2-a7ca-6760e990c046(fv-az137-100.aripajfx3awelhgv3otau1goqd.bx.internal.cloudapp.net/10.1.0.19), ReplicationConfig: RATIS/ONE, State:ALLOCATED, leaderId:, CreationTimestamp2023-07-06T10:48:12.024Z[Etc/UTC]]
2023-07-06 10:48:12,028 [RatisPipelineUtilsThread - 0] WARN  pipeline.PipelinePlacementPolicy (PipelinePlacementPolicy.java:filterViableNodes(166)) - Pipeline creation failed due to no sufficient healthy datanodes. Required 3. Found 1. Excluded 3.
2023-07-06 10:48:12,032 [EndpointStateMachine task thread for /0.0.0.0:15002 - 0 ] INFO  utils.DatanodeStoreCache (DatanodeStoreCache.java:addDB(66)) - Added db /home/runner/work/ozone/ozone/hadoop-ozone/integration-test/target/test-dir/MiniOzoneClusterImpl-8ecce792-0b29-40a4-bcd2-9922915e3450/datanode-7/data-0/containers/hdds/8ecce792-0b29-40a4-bcd2-9922915e3450/DS-a38d1d6b-996c-455f-b1d1-98c44640bcf6/container.db to cache
2023-07-06 10:48:12,032 [EndpointStateMachine task thread for /0.0.0.0:15002 - 0 ] INFO  volume.HddsVolume (HddsVolume.java:createDbStore(478)) - SchemaV3 db is created and loaded at /home/runner/work/ozone/ozone/hadoop-ozone/integration-test/target/test-dir/MiniOzoneClusterImpl-8ecce792-0b29-40a4-bcd2-9922915e3450/datanode-7/data-0/containers/hdds/8ecce792-0b29-40a4-bcd2-9922915e3450/DS-a38d1d6b-996c-455f-b1d1-98c44640bcf6/container.db for volume DS-a38d1d6b-996c-455f-b1d1-98c44640bcf6
2023-07-06 10:48:12,032 [EndpointStateMachine task thread for /0.0.0.0:15002 - 0 ] INFO  ozoneimpl.OzoneContainer (OzoneContainer.java:start(419)) - Attempting to start container services.
2023-07-06 10:48:12,032 [EndpointStateMachine task thread for /0.0.0.0:15002 - 0 ] INFO  ozoneimpl.OzoneContainer (OzoneContainer.java:startContainerScrub(327)) - Scheduled background container scanners and the on-demand container scanner have been disabled.
2023-07-06 10:48:12,033 [EndpointStateMachine task thread for /0.0.0.0:15002 - 0 ] INFO  replication.ReplicationServer (ReplicationServer.java:start(128)) - ReplicationServer is started using port 15079
2023-07-06 10:48:12,034 [EndpointStateMachine task thread for /0.0.0.0:15002 - 0 ] INFO  ratis.XceiverServerRatis (XceiverServerRatis.java:start(517)) - Starting XceiverServerRatis afdb1d22-58a1-4785-9bfd-1bd49c8784e6
2023-07-06 10:48:12,034 [EndpointStateMachine task thread for /0.0.0.0:15002 - 0 ] INFO  server.RaftServer (RaftServerProxy.java:startImpl(400)) - afdb1d22-58a1-4785-9bfd-1bd49c8784e6: start RPC server
2023-07-06 10:48:12,036 [EndpointStateMachine task thread for /0.0.0.0:15002 - 0 ] INFO  server.GrpcService (GrpcService.java:startImpl(302)) - afdb1d22-58a1-4785-9bfd-1bd49c8784e6: GrpcService started, listening on 15075
2023-07-06 10:48:12,037 [EndpointStateMachine task thread for /0.0.0.0:15002 - 0 ] INFO  server.GrpcService (GrpcService.java:startImpl(302)) - afdb1d22-58a1-4785-9bfd-1bd49c8784e6: GrpcService started, listening on 15077
2023-07-06 10:48:12,040 [EndpointStateMachine task thread for /0.0.0.0:15002 - 0 ] INFO  server.GrpcService (GrpcService.java:startImpl(302)) - afdb1d22-58a1-4785-9bfd-1bd49c8784e6: GrpcService started, listening on 15076
2023-07-06 10:48:12,040 [EndpointStateMachine task thread for /0.0.0.0:15002 - 0 ] INFO  ratis.XceiverServerRatis (XceiverServerRatis.java:getRealPort(543)) - XceiverServerRatis afdb1d22-58a1-4785-9bfd-1bd49c8784e6 is started using port 15075 for RATIS
2023-07-06 10:48:12,040 [JvmPauseMonitor9] INFO  util.JvmPauseMonitor (JvmPauseMonitor.java:run(103)) - JvmPauseMonitor-afdb1d22-58a1-4785-9bfd-1bd49c8784e6: Started
2023-07-06 10:48:12,040 [EndpointStateMachine task thread for /0.0.0.0:15002 - 0 ] INFO  ratis.XceiverServerRatis (XceiverServerRatis.java:getRealPort(543)) - XceiverServerRatis afdb1d22-58a1-4785-9bfd-1bd49c8784e6 is started using port 15076 for RATIS_ADMIN
2023-07-06 10:48:12,040 [EndpointStateMachine task thread for /0.0.0.0:15002 - 0 ] INFO  ratis.XceiverServerRatis (XceiverServerRatis.java:getRealPort(543)) - XceiverServerRatis afdb1d22-58a1-4785-9bfd-1bd49c8784e6 is started using port 15077 for RATIS_SERVER
2023-07-06 10:48:12,040 [EndpointStateMachine task thread for /0.0.0.0:15002 - 0 ] INFO  ratis.XceiverServerRatis (XceiverServerRatis.java:getRealPort(543)) - XceiverServerRatis afdb1d22-58a1-4785-9bfd-1bd49c8784e6 is started using port 15078 for RATIS_DATASTREAM
2023-07-06 10:48:12,050 [BlockDeletingService#0] INFO  interfaces.ContainerDeletionChoosingPolicyTemplate (ContainerDeletionChoosingPolicyTemplate.java:chooseContainerForBlockDeletion(83)) - Chosen 0/5000 blocks from 0 candidate containers.
2023-07-06 10:48:12,462 [EndpointStateMachine task thread for /0.0.0.0:15002 - 0 ] INFO  utils.DatanodeStoreCache (DatanodeStoreCache.java:addDB(66)) - Added db /home/runner/work/ozone/ozone/hadoop-ozone/integration-test/target/test-dir/MiniOzoneClusterImpl-8ecce792-0b29-40a4-bcd2-9922915e3450/datanode-8/data-0/containers/hdds/8ecce792-0b29-40a4-bcd2-9922915e3450/DS-b0fae2c5-042b-4704-a95c-cd0c72d40c22/container.db to cache
2023-07-06 10:48:12,462 [EndpointStateMachine task thread for /0.0.0.0:15002 - 0 ] INFO  volume.HddsVolume (HddsVolume.java:createDbStore(478)) - SchemaV3 db is created and loaded at /home/runner/work/ozone/ozone/hadoop-ozone/integration-test/target/test-dir/MiniOzoneClusterImpl-8ecce792-0b29-40a4-bcd2-9922915e3450/datanode-8/data-0/containers/hdds/8ecce792-0b29-40a4-bcd2-9922915e3450/DS-b0fae2c5-042b-4704-a95c-cd0c72d40c22/container.db for volume DS-b0fae2c5-042b-4704-a95c-cd0c72d40c22
2023-07-06 10:48:12,463 [EndpointStateMachine task thread for /0.0.0.0:15002 - 0 ] INFO  ozoneimpl.OzoneContainer (OzoneContainer.java:start(419)) - Attempting to start container services.
2023-07-06 10:48:12,463 [EndpointStateMachine task thread for /0.0.0.0:15002 - 0 ] INFO  ozoneimpl.OzoneContainer (OzoneContainer.java:startContainerScrub(327)) - Scheduled background container scanners and the on-demand container scanner have been disabled.
2023-07-06 10:48:12,463 [EndpointStateMachine task thread for /0.0.0.0:15002 - 0 ] INFO  replication.ReplicationServer (ReplicationServer.java:start(128)) - ReplicationServer is started using port 15088
2023-07-06 10:48:12,464 [EndpointStateMachine task thread for /0.0.0.0:15002 - 0 ] INFO  ratis.XceiverServerRatis (XceiverServerRatis.java:start(517)) - Starting XceiverServerRatis 30003da1-a7bf-44b2-b897-92f161ae05e1
2023-07-06 10:48:12,464 [EndpointStateMachine task thread for /0.0.0.0:15002 - 0 ] INFO  server.RaftServer (RaftServerProxy.java:startImpl(400)) - 30003da1-a7bf-44b2-b897-92f161ae05e1: start RPC server
2023-07-06 10:48:12,470 [EndpointStateMachine task thread for /0.0.0.0:15002 - 0 ] INFO  server.GrpcService (GrpcService.java:startImpl(302)) - 30003da1-a7bf-44b2-b897-92f161ae05e1: GrpcService started, listening on 15084
2023-07-06 10:48:12,471 [EndpointStateMachine task thread for /0.0.0.0:15002 - 0 ] INFO  server.GrpcService (GrpcService.java:startImpl(302)) - 30003da1-a7bf-44b2-b897-92f161ae05e1: GrpcService started, listening on 15086
2023-07-06 10:48:12,472 [EndpointStateMachine task thread for /0.0.0.0:15002 - 0 ] INFO  server.GrpcService (GrpcService.java:startImpl(302)) - 30003da1-a7bf-44b2-b897-92f161ae05e1: GrpcService started, listening on 15085
2023-07-06 10:48:12,472 [EndpointStateMachine task thread for /0.0.0.0:15002 - 0 ] INFO  ratis.XceiverServerRatis (XceiverServerRatis.java:getRealPort(543)) - XceiverServerRatis 30003da1-a7bf-44b2-b897-92f161ae05e1 is started using port 15084 for RATIS
2023-07-06 10:48:12,473 [EndpointStateMachine task thread for /0.0.0.0:15002 - 0 ] INFO  ratis.XceiverServerRatis (XceiverServerRatis.java:getRealPort(543)) - XceiverServerRatis 30003da1-a7bf-44b2-b897-92f161ae05e1 is started using port 15085 for RATIS_ADMIN
2023-07-06 10:48:12,473 [JvmPauseMonitor10] INFO  util.JvmPauseMonitor (JvmPauseMonitor.java:run(103)) - JvmPauseMonitor-30003da1-a7bf-44b2-b897-92f161ae05e1: Started
2023-07-06 10:48:12,473 [EndpointStateMachine task thread for /0.0.0.0:15002 - 0 ] INFO  ratis.XceiverServerRatis (XceiverServerRatis.java:getRealPort(543)) - XceiverServerRatis 30003da1-a7bf-44b2-b897-92f161ae05e1 is started using port 15086 for RATIS_SERVER
2023-07-06 10:48:12,473 [EndpointStateMachine task thread for /0.0.0.0:15002 - 0 ] INFO  ratis.XceiverServerRatis (XceiverServerRatis.java:getRealPort(543)) - XceiverServerRatis 30003da1-a7bf-44b2-b897-92f161ae05e1 is started using port 15087 for RATIS_DATASTREAM
2023-07-06 10:48:12,477 [BlockDeletingService#0] INFO  interfaces.ContainerDeletionChoosingPolicyTemplate (ContainerDeletionChoosingPolicyTemplate.java:chooseContainerForBlockDeletion(83)) - Chosen 0/5000 blocks from 0 candidate containers.
2023-07-06 10:48:12,533 [IPC Server handler 12 on default port 15002] INFO  net.NetworkTopologyImpl (NetworkTopologyImpl.java:add(112)) - Added a new node: /default-rack/5390630e-efcd-4aa9-9191-8580c5ddb99b
2023-07-06 10:48:12,534 [IPC Server handler 12 on default port 15002] INFO  node.SCMNodeManager (SCMNodeManager.java:register(405)) - Registered Data node : 5390630e-efcd-4aa9-9191-8580c5ddb99b{ip: 10.1.0.19, host: fv-az137-100.aripajfx3awelhgv3otau1goqd.bx.internal.cloudapp.net, ports: [HTTP=15045, CLIENT_RPC=15046, REPLICATION=15052, RATIS=15048, RATIS_ADMIN=15049, RATIS_SERVER=15050, RATIS_DATASTREAM=15051, STANDALONE=15047], networkLocation: /default-rack, certSerialId: null, persistedOpState: null, persistedOpStateExpiryEpochSec: 0}
2023-07-06 10:48:12,534 [EventQueue-NewNodeForNewNodeHandler] INFO  pipeline.BackgroundPipelineCreator (BackgroundPipelineCreator.java:notifyEventTriggered(277)) - trigger a one-shot run on RatisPipelineUtilsThread.
2023-07-06 10:48:12,535 [RatisPipelineUtilsThread - 0] INFO  pipeline.RatisPipelineProvider (RatisPipelineProvider.java:lambda$create$0(206)) - Sending CreatePipelineCommand for pipeline:PipelineID=723dedaf-31a7-485c-b332-f60c51e40b02 to datanode:5390630e-efcd-4aa9-9191-8580c5ddb99b
2023-07-06 10:48:12,537 [RatisPipelineUtilsThread - 0] INFO  pipeline.BackgroundPipelineCreator (BackgroundPipelineCreator.java:createPipelines(233)) - Created new pipeline Pipeline[ Id: 723dedaf-31a7-485c-b332-f60c51e40b02, Nodes: 5390630e-efcd-4aa9-9191-8580c5ddb99b(fv-az137-100.aripajfx3awelhgv3otau1goqd.bx.internal.cloudapp.net/10.1.0.19), ReplicationConfig: RATIS/ONE, State:ALLOCATED, leaderId:, CreationTimestamp2023-07-06T10:48:12.535Z[Etc/UTC]]
2023-07-06 10:48:12,538 [RatisPipelineUtilsThread - 0] WARN  pipeline.PipelinePlacementPolicy (PipelinePlacementPolicy.java:filterViableNodes(166)) - Pipeline creation failed due to no sufficient healthy datanodes. Required 3. Found 2. Excluded 3.
2023-07-06 10:48:12,888 [main] INFO  ozone.MiniOzoneClusterImpl (MiniOzoneClusterImpl.java:lambda$waitForClusterToBeReady$0(224)) - Waiting for nodes to be ready. Got 5 of 10 DN Heartbeats.
2023-07-06 10:48:12,888 [main] INFO  ozone.MiniOzoneClusterImpl (MiniOzoneClusterImpl.java:lambda$waitForClusterToBeReady$0(227)) - Waiting for cluster to exit safe mode
2023-07-06 10:48:12,888 [main] INFO  ozone.MiniOzoneClusterImpl (MiniOzoneClusterImpl.java:lambda$waitForClusterToBeReady$0(229)) - SCM became leader
2023-07-06 10:48:12,945 [EndpointStateMachine task thread for /0.0.0.0:15002 - 0 ] INFO  utils.DatanodeStoreCache (DatanodeStoreCache.java:addDB(66)) - Added db /home/runner/work/ozone/ozone/hadoop-ozone/integration-test/target/test-dir/MiniOzoneClusterImpl-8ecce792-0b29-40a4-bcd2-9922915e3450/datanode-9/data-0/containers/hdds/8ecce792-0b29-40a4-bcd2-9922915e3450/DS-2ea57459-ab5e-4d83-96c6-07f186d55316/container.db to cache
2023-07-06 10:48:12,945 [EndpointStateMachine task thread for /0.0.0.0:15002 - 0 ] INFO  volume.HddsVolume (HddsVolume.java:createDbStore(478)) - SchemaV3 db is created and loaded at /home/runner/work/ozone/ozone/hadoop-ozone/integration-test/target/test-dir/MiniOzoneClusterImpl-8ecce792-0b29-40a4-bcd2-9922915e3450/datanode-9/data-0/containers/hdds/8ecce792-0b29-40a4-bcd2-9922915e3450/DS-2ea57459-ab5e-4d83-96c6-07f186d55316/container.db for volume DS-2ea57459-ab5e-4d83-96c6-07f186d55316
2023-07-06 10:48:12,945 [EndpointStateMachine task thread for /0.0.0.0:15002 - 0 ] INFO  ozoneimpl.OzoneContainer (OzoneContainer.java:start(419)) - Attempting to start container services.
2023-07-06 10:48:12,946 [EndpointStateMachine task thread for /0.0.0.0:15002 - 0 ] INFO  ozoneimpl.OzoneContainer (OzoneContainer.java:startContainerScrub(327)) - Scheduled background container scanners and the on-demand container scanner have been disabled.
2023-07-06 10:48:12,947 [EndpointStateMachine task thread for /0.0.0.0:15002 - 0 ] INFO  replication.ReplicationServer (ReplicationServer.java:start(128)) - ReplicationServer is started using port 15097
2023-07-06 10:48:12,947 [EndpointStateMachine task thread for /0.0.0.0:15002 - 0 ] INFO  ratis.XceiverServerRatis (XceiverServerRatis.java:start(517)) - Starting XceiverServerRatis ae0f568f-b3d6-4872-b39b-16fcb0b48bc3
2023-07-06 10:48:12,948 [EndpointStateMachine task thread for /0.0.0.0:15002 - 0 ] INFO  server.RaftServer (RaftServerProxy.java:startImpl(400)) - ae0f568f-b3d6-4872-b39b-16fcb0b48bc3: start RPC server
2023-07-06 10:48:12,948 [EndpointStateMachine task thread for /0.0.0.0:15002 - 0 ] INFO  server.GrpcService (GrpcService.java:startImpl(302)) - ae0f568f-b3d6-4872-b39b-16fcb0b48bc3: GrpcService started, listening on 15093
2023-07-06 10:48:12,949 [EndpointStateMachine task thread for /0.0.0.0:15002 - 0 ] INFO  server.GrpcService (GrpcService.java:startImpl(302)) - ae0f568f-b3d6-4872-b39b-16fcb0b48bc3: GrpcService started, listening on 15095
2023-07-06 10:48:12,950 [EndpointStateMachine task thread for /0.0.0.0:15002 - 0 ] INFO  server.GrpcService (GrpcService.java:startImpl(302)) - ae0f568f-b3d6-4872-b39b-16fcb0b48bc3: GrpcService started, listening on 15094
2023-07-06 10:48:12,950 [EndpointStateMachine task thread for /0.0.0.0:15002 - 0 ] INFO  ratis.XceiverServerRatis (XceiverServerRatis.java:getRealPort(543)) - XceiverServerRatis ae0f568f-b3d6-4872-b39b-16fcb0b48bc3 is started using port 15093 for RATIS
2023-07-06 10:48:12,950 [EndpointStateMachine task thread for /0.0.0.0:15002 - 0 ] INFO  ratis.XceiverServerRatis (XceiverServerRatis.java:getRealPort(543)) - XceiverServerRatis ae0f568f-b3d6-4872-b39b-16fcb0b48bc3 is started using port 15094 for RATIS_ADMIN
2023-07-06 10:48:12,951 [EndpointStateMachine task thread for /0.0.0.0:15002 - 0 ] INFO  ratis.XceiverServerRatis (XceiverServerRatis.java:getRealPort(543)) - XceiverServerRatis ae0f568f-b3d6-4872-b39b-16fcb0b48bc3 is started using port 15095 for RATIS_SERVER
2023-07-06 10:48:12,951 [EndpointStateMachine task thread for /0.0.0.0:15002 - 0 ] INFO  ratis.XceiverServerRatis (XceiverServerRatis.java:getRealPort(543)) - XceiverServerRatis ae0f568f-b3d6-4872-b39b-16fcb0b48bc3 is started using port 15096 for RATIS_DATASTREAM
2023-07-06 10:48:12,951 [JvmPauseMonitor11] INFO  util.JvmPauseMonitor (JvmPauseMonitor.java:run(103)) - JvmPauseMonitor-ae0f568f-b3d6-4872-b39b-16fcb0b48bc3: Started
2023-07-06 10:48:12,954 [BlockDeletingService#0] INFO  interfaces.ContainerDeletionChoosingPolicyTemplate (ContainerDeletionChoosingPolicyTemplate.java:chooseContainerForBlockDeletion(83)) - Chosen 0/5000 blocks from 0 candidate containers.
2023-07-06 10:48:13,073 [IPC Server handler 15 on default port 15002] INFO  net.NetworkTopologyImpl (NetworkTopologyImpl.java:add(112)) - Added a new node: /default-rack/5a53f96e-bd62-406a-bc4f-c3e0845cabf5
2023-07-06 10:48:13,073 [IPC Server handler 15 on default port 15002] INFO  node.SCMNodeManager (SCMNodeManager.java:register(405)) - Registered Data node : 5a53f96e-bd62-406a-bc4f-c3e0845cabf5{ip: 10.1.0.19, host: fv-az137-100.aripajfx3awelhgv3otau1goqd.bx.internal.cloudapp.net, ports: [HTTP=15054, CLIENT_RPC=15055, REPLICATION=15061, RATIS=15057, RATIS_ADMIN=15058, RATIS_SERVER=15059, RATIS_DATASTREAM=15060, STANDALONE=15056], networkLocation: /default-rack, certSerialId: null, persistedOpState: null, persistedOpStateExpiryEpochSec: 0}
2023-07-06 10:48:13,074 [EventQueue-NewNodeForNewNodeHandler] INFO  pipeline.BackgroundPipelineCreator (BackgroundPipelineCreator.java:notifyEventTriggered(277)) - trigger a one-shot run on RatisPipelineUtilsThread.
2023-07-06 10:48:13,075 [RatisPipelineUtilsThread - 0] INFO  pipeline.RatisPipelineProvider (RatisPipelineProvider.java:lambda$create$0(206)) - Sending CreatePipelineCommand for pipeline:PipelineID=c6092d7d-cd6b-4ee1-84ad-23b161878f94 to datanode:5a53f96e-bd62-406a-bc4f-c3e0845cabf5
2023-07-06 10:48:13,077 [RatisPipelineUtilsThread - 0] INFO  pipeline.BackgroundPipelineCreator (BackgroundPipelineCreator.java:createPipelines(233)) - Created new pipeline Pipeline[ Id: c6092d7d-cd6b-4ee1-84ad-23b161878f94, Nodes: 5a53f96e-bd62-406a-bc4f-c3e0845cabf5(fv-az137-100.aripajfx3awelhgv3otau1goqd.bx.internal.cloudapp.net/10.1.0.19), ReplicationConfig: RATIS/ONE, State:ALLOCATED, leaderId:, CreationTimestamp2023-07-06T10:48:13.075Z[Etc/UTC]]
2023-07-06 10:48:13,078 [RatisPipelineUtilsThread - 0] INFO  pipeline.RatisPipelineProvider (RatisPipelineProvider.java:lambda$create$0(206)) - Sending CreatePipelineCommand for pipeline:PipelineID=dc24a491-9a19-4a73-b0d6-089ac4866917 to datanode:d375daab-0aec-4ab2-a7ca-6760e990c046
2023-07-06 10:48:13,078 [RatisPipelineUtilsThread - 0] INFO  pipeline.RatisPipelineProvider (RatisPipelineProvider.java:lambda$create$0(206)) - Sending CreatePipelineCommand for pipeline:PipelineID=dc24a491-9a19-4a73-b0d6-089ac4866917 to datanode:5a53f96e-bd62-406a-bc4f-c3e0845cabf5
2023-07-06 10:48:13,078 [RatisPipelineUtilsThread - 0] INFO  pipeline.RatisPipelineProvider (RatisPipelineProvider.java:lambda$create$0(206)) - Sending CreatePipelineCommand for pipeline:PipelineID=dc24a491-9a19-4a73-b0d6-089ac4866917 to datanode:5390630e-efcd-4aa9-9191-8580c5ddb99b
2023-07-06 10:48:13,080 [RatisPipelineUtilsThread - 0] INFO  pipeline.BackgroundPipelineCreator (BackgroundPipelineCreator.java:createPipelines(233)) - Created new pipeline Pipeline[ Id: dc24a491-9a19-4a73-b0d6-089ac4866917, Nodes: d375daab-0aec-4ab2-a7ca-6760e990c046(fv-az137-100.aripajfx3awelhgv3otau1goqd.bx.internal.cloudapp.net/10.1.0.19)5a53f96e-bd62-406a-bc4f-c3e0845cabf5(fv-az137-100.aripajfx3awelhgv3otau1goqd.bx.internal.cloudapp.net/10.1.0.19)5390630e-efcd-4aa9-9191-8580c5ddb99b(fv-az137-100.aripajfx3awelhgv3otau1goqd.bx.internal.cloudapp.net/10.1.0.19), ReplicationConfig: RATIS/THREE, State:ALLOCATED, leaderId:, CreationTimestamp2023-07-06T10:48:13.078Z[Etc/UTC]]
2023-07-06 10:48:13,081 [RatisPipelineUtilsThread - 0] INFO  pipeline.RatisPipelineProvider (RatisPipelineProvider.java:lambda$create$0(206)) - Sending CreatePipelineCommand for pipeline:PipelineID=440568b4-d166-4e63-9f40-a91d5c9319b3 to datanode:5390630e-efcd-4aa9-9191-8580c5ddb99b
2023-07-06 10:48:13,081 [RatisPipelineUtilsThread - 0] INFO  pipeline.RatisPipelineProvider (RatisPipelineProvider.java:lambda$create$0(206)) - Sending CreatePipelineCommand for pipeline:PipelineID=440568b4-d166-4e63-9f40-a91d5c9319b3 to datanode:d375daab-0aec-4ab2-a7ca-6760e990c046
2023-07-06 10:48:13,081 [RatisPipelineUtilsThread - 0] INFO  pipeline.RatisPipelineProvider (RatisPipelineProvider.java:lambda$create$0(206)) - Sending CreatePipelineCommand for pipeline:PipelineID=440568b4-d166-4e63-9f40-a91d5c9319b3 to datanode:5a53f96e-bd62-406a-bc4f-c3e0845cabf5
2023-07-06 10:48:13,083 [RatisPipelineUtilsThread - 0] INFO  pipeline.PipelineManagerImpl (PipelineManagerImpl.java:recordMetricsForPipeline(895)) - Pipeline: PipelineID=440568b4-d166-4e63-9f40-a91d5c9319b3 contains same datanodes as previous pipelines: PipelineID=dc24a491-9a19-4a73-b0d6-089ac4866917 nodeIds: 5390630e-efcd-4aa9-9191-8580c5ddb99b, d375daab-0aec-4ab2-a7ca-6760e990c046, 5a53f96e-bd62-406a-bc4f-c3e0845cabf5
2023-07-06 10:48:13,083 [RatisPipelineUtilsThread - 0] INFO  pipeline.BackgroundPipelineCreator (BackgroundPipelineCreator.java:createPipelines(233)) - Created new pipeline Pipeline[ Id: 440568b4-d166-4e63-9f40-a91d5c9319b3, Nodes: 5390630e-efcd-4aa9-9191-8580c5ddb99b(fv-az137-100.aripajfx3awelhgv3otau1goqd.bx.internal.cloudapp.net/10.1.0.19)d375daab-0aec-4ab2-a7ca-6760e990c046(fv-az137-100.aripajfx3awelhgv3otau1goqd.bx.internal.cloudapp.net/10.1.0.19)5a53f96e-bd62-406a-bc4f-c3e0845cabf5(fv-az137-100.aripajfx3awelhgv3otau1goqd.bx.internal.cloudapp.net/10.1.0.19), ReplicationConfig: RATIS/THREE, State:ALLOCATED, leaderId:, CreationTimestamp2023-07-06T10:48:13.081Z[Etc/UTC]]
2023-07-06 10:48:13,083 [RatisPipelineUtilsThread - 0] WARN  pipeline.PipelinePlacementPolicy (PipelinePlacementPolicy.java:filterViableNodes(166)) - Pipeline creation failed due to no sufficient healthy datanodes. Required 3. Found 0. Excluded 6.
2023-07-06 10:48:13,552 [IPC Server handler 4 on default port 15002] INFO  net.NetworkTopologyImpl (NetworkTopologyImpl.java:add(112)) - Added a new node: /default-rack/2536bb46-c5d2-4252-aed1-a79348143fe8
2023-07-06 10:48:13,553 [IPC Server handler 4 on default port 15002] INFO  node.SCMNodeManager (SCMNodeManager.java:register(405)) - Registered Data node : 2536bb46-c5d2-4252-aed1-a79348143fe8{ip: 10.1.0.19, host: fv-az137-100.aripajfx3awelhgv3otau1goqd.bx.internal.cloudapp.net, ports: [HTTP=15063, CLIENT_RPC=15064, REPLICATION=15070, RATIS=15066, RATIS_ADMIN=15067, RATIS_SERVER=15068, RATIS_DATASTREAM=15069, STANDALONE=15065], networkLocation: /default-rack, certSerialId: null, persistedOpState: null, persistedOpStateExpiryEpochSec: 0}
2023-07-06 10:48:13,554 [EventQueue-NewNodeForNewNodeHandler] INFO  pipeline.BackgroundPipelineCreator (BackgroundPipelineCreator.java:notifyEventTriggered(277)) - trigger a one-shot run on RatisPipelineUtilsThread.
2023-07-06 10:48:13,556 [RatisPipelineUtilsThread - 0] INFO  pipeline.RatisPipelineProvider (RatisPipelineProvider.java:lambda$create$0(206)) - Sending CreatePipelineCommand for pipeline:PipelineID=1f027ad1-4cc7-482d-af06-af25ae18551f to datanode:2536bb46-c5d2-4252-aed1-a79348143fe8
2023-07-06 10:48:13,557 [RatisPipelineUtilsThread - 0] INFO  pipeline.BackgroundPipelineCreator (BackgroundPipelineCreator.java:createPipelines(233)) - Created new pipeline Pipeline[ Id: 1f027ad1-4cc7-482d-af06-af25ae18551f, Nodes: 2536bb46-c5d2-4252-aed1-a79348143fe8(fv-az137-100.aripajfx3awelhgv3otau1goqd.bx.internal.cloudapp.net/10.1.0.19), ReplicationConfig: RATIS/ONE, State:ALLOCATED, leaderId:, CreationTimestamp2023-07-06T10:48:13.555Z[Etc/UTC]]
2023-07-06 10:48:13,558 [RatisPipelineUtilsThread - 0] WARN  pipeline.PipelinePlacementPolicy (PipelinePlacementPolicy.java:filterViableNodes(166)) - Pipeline creation failed due to no sufficient healthy datanodes. Required 3. Found 1. Excluded 6.
2023-07-06 10:48:13,704 [PipelineCommandHandlerThread-0] INFO  server.RaftServer (RaftServerProxy.java:addNew(98)) - c18b64c4-7b5c-4e0a-b26c-2daf5f5ffc53: addNew group-E65C3E6314A1:[c18b64c4-7b5c-4e0a-b26c-2daf5f5ffc53|rpc:10.1.0.19:15014|admin:10.1.0.19:15013|client:10.1.0.19:15012|dataStream:10.1.0.19:15015|priority:1|startupRole:FOLLOWER] returns group-E65C3E6314A1:java.util.concurrent.CompletableFuture@3ee24960[Not completed]
2023-07-06 10:48:13,717 [c18b64c4-7b5c-4e0a-b26c-2daf5f5ffc53-groupManagement] INFO  server.RaftServer$Division (RaftServerImpl.java:<init>(198)) - c18b64c4-7b5c-4e0a-b26c-2daf5f5ffc53: new RaftServerImpl for group-E65C3E6314A1:[c18b64c4-7b5c-4e0a-b26c-2daf5f5ffc53|rpc:10.1.0.19:15014|admin:10.1.0.19:15013|client:10.1.0.19:15012|dataStream:10.1.0.19:15015|priority:1|startupRole:FOLLOWER] with ContainerStateMachine:uninitialized
2023-07-06 10:48:13,717 [c18b64c4-7b5c-4e0a-b26c-2daf5f5ffc53-groupManagement] INFO  server.RaftServerConfigKeys (ConfUtils.java:logGet(46)) - raft.server.rpc.timeout.min = 5s (custom)
2023-07-06 10:48:13,717 [c18b64c4-7b5c-4e0a-b26c-2daf5f5ffc53-groupManagement] INFO  server.RaftServerConfigKeys (ConfUtils.java:logGet(46)) - raft.server.rpc.timeout.max = 5200ms (custom)
2023-07-06 10:48:13,717 [c18b64c4-7b5c-4e0a-b26c-2daf5f5ffc53-groupManagement] INFO  server.RaftServerConfigKeys (ConfUtils.java:logGet(46)) - raft.server.rpc.sleep.time = 25ms (default)
2023-07-06 10:48:13,717 [c18b64c4-7b5c-4e0a-b26c-2daf5f5ffc53-groupManagement] INFO  server.RaftServerConfigKeys (ConfUtils.java:logGet(46)) - raft.server.rpc.slowness.timeout = 300s (custom)
2023-07-06 10:48:13,718 [c18b64c4-7b5c-4e0a-b26c-2daf5f5ffc53-groupManagement] INFO  server.RaftServerConfigKeys (ConfUtils.java:logGet(46)) - raft.server.leaderelection.leader.step-down.wait-time = 10s (default)
2023-07-06 10:48:13,718 [c18b64c4-7b5c-4e0a-b26c-2daf5f5ffc53-groupManagement] INFO  server.RaftServerConfigKeys (ConfUtils.java:logGet(46)) - raft.server.sleep.deviation.threshold = 300ms (default)
2023-07-06 10:48:13,718 [c18b64c4-7b5c-4e0a-b26c-2daf5f5ffc53-groupManagement] INFO  server.RaftServer$Division (ServerState.java:<init>(120)) - c18b64c4-7b5c-4e0a-b26c-2daf5f5ffc53@group-E65C3E6314A1: ConfigurationManager, init=-1: peers:[c18b64c4-7b5c-4e0a-b26c-2daf5f5ffc53|rpc:10.1.0.19:15014|admin:10.1.0.19:15013|client:10.1.0.19:15012|dataStream:10.1.0.19:15015|priority:1|startupRole:FOLLOWER]|listeners:[], old=null, confs=<EMPTY_MAP>
2023-07-06 10:48:13,718 [c18b64c4-7b5c-4e0a-b26c-2daf5f5ffc53-groupManagement] INFO  server.RaftServerConfigKeys (ConfUtils.java:logGet(46)) - raft.server.storage.dir = [/home/runner/work/ozone/ozone/hadoop-ozone/integration-test/target/test-dir/MiniOzoneClusterImpl-8ecce792-0b29-40a4-bcd2-9922915e3450/datanode-0/data/ratis] (custom)
2023-07-06 10:48:13,718 [c18b64c4-7b5c-4e0a-b26c-2daf5f5ffc53-groupManagement] INFO  server.RaftServerConfigKeys (ConfUtils.java:logGet(46)) - raft.server.log.corruption.policy = EXCEPTION (default)
2023-07-06 10:48:13,718 [c18b64c4-7b5c-4e0a-b26c-2daf5f5ffc53-groupManagement] INFO  server.RaftServerConfigKeys (ConfUtils.java:logGet(46)) - raft.server.storage.free-space.min = 0MB (=0) (default)
2023-07-06 10:48:13,719 [c18b64c4-7b5c-4e0a-b26c-2daf5f5ffc53-groupManagement] INFO  server.RaftServerConfigKeys (ConfUtils.java:logGet(46)) - raft.server.notification.no-leader.timeout = 300s (custom)
2023-07-06 10:48:13,719 [c18b64c4-7b5c-4e0a-b26c-2daf5f5ffc53-groupManagement] INFO  server.RaftServerConfigKeys (ConfUtils.java:logGet(46)) - raft.server.read.timeout = 10s (default)
2023-07-06 10:48:13,719 [c18b64c4-7b5c-4e0a-b26c-2daf5f5ffc53-groupManagement] INFO  server.RaftServerConfigKeys (ConfUtils.java:logGet(46)) - raft.server.retrycache.expirytime = 600000ms (custom)
2023-07-06 10:48:13,719 [c18b64c4-7b5c-4e0a-b26c-2daf5f5ffc53-groupManagement] INFO  server.RaftServerConfigKeys (ConfUtils.java:logGet(46)) - raft.server.retrycache.statistics.expirytime = 100μs (default)
2023-07-06 10:48:13,720 [c18b64c4-7b5c-4e0a-b26c-2daf5f5ffc53-groupManagement] INFO  server.RaftServerConfigKeys (ConfUtils.java:logGet(46)) - raft.server.read.option = DEFAULT (default)
2023-07-06 10:48:13,729 [c18b64c4-7b5c-4e0a-b26c-2daf5f5ffc53-groupManagement] INFO  server.RaftServerConfigKeys (ConfUtils.java:logGet(46)) - raft.server.rpc.request.timeout = 60s (custom)
2023-07-06 10:48:13,730 [c18b64c4-7b5c-4e0a-b26c-2daf5f5ffc53-groupManagement] INFO  server.RaftServerConfigKeys (ConfUtils.java:logGet(46)) - raft.server.log.appender.install.snapshot.enabled = false (custom)
2023-07-06 10:48:13,730 [c18b64c4-7b5c-4e0a-b26c-2daf5f5ffc53-groupManagement] INFO  server.RaftServerConfigKeys (ConfUtils.java:logGet(46)) - raft.server.threadpool.server.cached = true (default)
2023-07-06 10:48:13,730 [c18b64c4-7b5c-4e0a-b26c-2daf5f5ffc53-groupManagement] INFO  server.RaftServerConfigKeys (ConfUtils.java:logGet(46)) - raft.server.threadpool.server.size = 0 (default)
2023-07-06 10:48:13,731 [c18b64c4-7b5c-4e0a-b26c-2daf5f5ffc53-groupManagement] INFO  server.RaftServerConfigKeys (ConfUtils.java:logGet(46)) - raft.server.threadpool.client.cached = true (default)
2023-07-06 10:48:13,731 [c18b64c4-7b5c-4e0a-b26c-2daf5f5ffc53-groupManagement] INFO  server.RaftServerConfigKeys (ConfUtils.java:logGet(46)) - raft.server.threadpool.client.size = 0 (default)
2023-07-06 10:48:13,731 [c18b64c4-7b5c-4e0a-b26c-2daf5f5ffc53-groupManagement] INFO  storage.RaftStorageDirectory (RaftStorageDirectoryImpl.java:analyzeStorage(137)) - The storage directory /home/runner/work/ozone/ozone/hadoop-ozone/integration-test/target/test-dir/MiniOzoneClusterImpl-8ecce792-0b29-40a4-bcd2-9922915e3450/datanode-0/data/ratis/2225a4ca-84cd-4adc-acb9-e65c3e6314a1 does not exist. Creating ...
2023-07-06 10:48:13,735 [c18b64c4-7b5c-4e0a-b26c-2daf5f5ffc53-groupManagement] INFO  storage.RaftStorageDirectory (RaftStorageDirectoryImpl.java:tryLock(231)) - Lock on /home/runner/work/ozone/ozone/hadoop-ozone/integration-test/target/test-dir/MiniOzoneClusterImpl-8ecce792-0b29-40a4-bcd2-9922915e3450/datanode-0/data/ratis/2225a4ca-84cd-4adc-acb9-e65c3e6314a1/in_use.lock acquired by nodename 110287@fv-az137-100
2023-07-06 10:48:13,736 [c18b64c4-7b5c-4e0a-b26c-2daf5f5ffc53-groupManagement] INFO  storage.RaftStorage (RaftStorageImpl.java:format(96)) - Storage directory /home/runner/work/ozone/ozone/hadoop-ozone/integration-test/target/test-dir/MiniOzoneClusterImpl-8ecce792-0b29-40a4-bcd2-9922915e3450/datanode-0/data/ratis/2225a4ca-84cd-4adc-acb9-e65c3e6314a1 has been successfully formatted.
2023-07-06 10:48:13,743 [c18b64c4-7b5c-4e0a-b26c-2daf5f5ffc53-groupManagement] INFO  ratis.ContainerStateMachine (ContainerStateMachine.java:loadSnapshot(262)) - group-E65C3E6314A1: The snapshot info is null. Setting the last applied indexto:(t:0, i:~)
2023-07-06 10:48:13,743 [c18b64c4-7b5c-4e0a-b26c-2daf5f5ffc53-groupManagement] INFO  server.RaftServerConfigKeys (ConfUtils.java:logGet(46)) - raft.server.log.use.memory = false (default)
2023-07-06 10:48:13,744 [c18b64c4-7b5c-4e0a-b26c-2daf5f5ffc53-groupManagement] INFO  server.RaftServerConfigKeys (ConfUtils.java:logGet(46)) - raft.server.log.purge.gap = 1000000 (custom)
2023-07-06 10:48:13,744 [c18b64c4-7b5c-4e0a-b26c-2daf5f5ffc53-groupManagement] INFO  server.RaftServerConfigKeys (ConfUtils.java:logGet(46)) - raft.server.log.appender.buffer.byte-limit = 33554432 (custom)
2023-07-06 10:48:13,745 [c18b64c4-7b5c-4e0a-b26c-2daf5f5ffc53-groupManagement] INFO  server.RaftServerConfigKeys (ConfUtils.java:logGet(46)) - raft.server.log.statemachine.data.read.timeout = 1000ms (default)
2023-07-06 10:48:13,745 [c18b64c4-7b5c-4e0a-b26c-2daf5f5ffc53-groupManagement] INFO  server.RaftServerConfigKeys (ConfUtils.java:logGet(46)) - raft.server.log.purge.preservation.log.num = 0 (default)
2023-07-06 10:48:13,745 [c18b64c4-7b5c-4e0a-b26c-2daf5f5ffc53-groupManagement] INFO  server.RaftServerConfigKeys (ConfUtils.java:logGet(46)) - raft.server.log.segment.size.max = 1048576 (custom)
2023-07-06 10:48:13,747 [c18b64c4-7b5c-4e0a-b26c-2daf5f5ffc53-groupManagement] INFO  server.RaftServerConfigKeys (ConfUtils.java:logGet(46)) - raft.server.log.segment.cache.num.max = 2 (custom)
2023-07-06 10:48:13,747 [c18b64c4-7b5c-4e0a-b26c-2daf5f5ffc53-groupManagement] INFO  server.RaftServerConfigKeys (ConfUtils.java:logGet(46)) - raft.server.log.segment.cache.size.max = 200MB (=209715200) (default)
2023-07-06 10:48:13,748 [c18b64c4-7b5c-4e0a-b26c-2daf5f5ffc53-groupManagement] INFO  server.RaftServerConfigKeys (ConfUtils.java:logGet(46)) - raft.server.log.appender.buffer.byte-limit = 33554432 (custom)
2023-07-06 10:48:13,748 [c18b64c4-7b5c-4e0a-b26c-2daf5f5ffc53-groupManagement] INFO  segmented.SegmentedRaftLogWorker (SegmentedRaftLogWorker.java:<init>(188)) - new c18b64c4-7b5c-4e0a-b26c-2daf5f5ffc53@group-E65C3E6314A1-SegmentedRaftLogWorker for RaftStorageImpl:Storage Directory /home/runner/work/ozone/ozone/hadoop-ozone/integration-test/target/test-dir/MiniOzoneClusterImpl-8ecce792-0b29-40a4-bcd2-9922915e3450/datanode-0/data/ratis/2225a4ca-84cd-4adc-acb9-e65c3e6314a1
2023-07-06 10:48:13,748 [c18b64c4-7b5c-4e0a-b26c-2daf5f5ffc53-groupManagement] INFO  server.RaftServerConfigKeys (ConfUtils.java:logGet(46)) - raft.server.log.queue.byte-limit = 4294967296 (custom)
2023-07-06 10:48:13,748 [c18b64c4-7b5c-4e0a-b26c-2daf5f5ffc53-groupManagement] INFO  server.RaftServerConfigKeys (ConfUtils.java:logGet(46)) - raft.server.log.queue.element-limit = 1024 (custom)
2023-07-06 10:48:13,748 [c18b64c4-7b5c-4e0a-b26c-2daf5f5ffc53-groupManagement] INFO  server.RaftServerConfigKeys (ConfUtils.java:logGet(46)) - raft.server.log.segment.size.max = 1048576 (custom)
2023-07-06 10:48:13,748 [c18b64c4-7b5c-4e0a-b26c-2daf5f5ffc53-groupManagement] INFO  server.RaftServerConfigKeys (ConfUtils.java:logGet(46)) - raft.server.log.preallocated.size = 16384 (custom)
2023-07-06 10:48:13,748 [c18b64c4-7b5c-4e0a-b26c-2daf5f5ffc53-groupManagement] INFO  server.RaftServerConfigKeys (ConfUtils.java:logGet(46)) - raft.server.log.force.sync.num = 128 (default)
2023-07-06 10:48:13,748 [c18b64c4-7b5c-4e0a-b26c-2daf5f5ffc53-groupManagement] INFO  server.RaftServerConfigKeys (ConfUtils.java:logGet(46)) - raft.server.log.statemachine.data.sync = true (default)
2023-07-06 10:48:13,748 [c18b64c4-7b5c-4e0a-b26c-2daf5f5ffc53-groupManagement] INFO  server.RaftServerConfigKeys (ConfUtils.java:logGet(46)) - raft.server.log.statemachine.data.sync.timeout = 10s (default)
2023-07-06 10:48:13,748 [c18b64c4-7b5c-4e0a-b26c-2daf5f5ffc53-groupManagement] INFO  server.RaftServerConfigKeys (ConfUtils.java:logGet(46)) - raft.server.log.statemachine.data.sync.timeout.retry = -1 (default)
2023-07-06 10:48:13,752 [c18b64c4-7b5c-4e0a-b26c-2daf5f5ffc53-groupManagement] INFO  server.RaftServerConfigKeys (ConfUtils.java:logGet(46)) - raft.server.log.write.buffer.size = 1048576 (custom)
2023-07-06 10:48:13,754 [c18b64c4-7b5c-4e0a-b26c-2daf5f5ffc53-groupManagement] INFO  server.RaftServerConfigKeys (ConfUtils.java:logGet(46)) - raft.server.log.appender.buffer.byte-limit = 33554432 (custom)
2023-07-06 10:48:13,761 [c18b64c4-7b5c-4e0a-b26c-2daf5f5ffc53-groupManagement] INFO  server.RaftServerConfigKeys (ConfUtils.java:logGet(46)) - raft.server.log.unsafe-flush.enabled = false (default)
2023-07-06 10:48:13,764 [c18b64c4-7b5c-4e0a-b26c-2daf5f5ffc53-groupManagement] INFO  server.RaftServerConfigKeys (ConfUtils.java:logGet(46)) - raft.server.log.async-flush.enabled = false (default)
2023-07-06 10:48:13,766 [c18b64c4-7b5c-4e0a-b26c-2daf5f5ffc53-groupManagement] INFO  server.RaftServerConfigKeys (ConfUtils.java:logGet(46)) - raft.server.log.statemachine.data.caching.enabled = true (custom)
2023-07-06 10:48:13,766 [c18b64c4-7b5c-4e0a-b26c-2daf5f5ffc53-groupManagement] INFO  segmented.SegmentedRaftLogWorker (SegmentedRaftLogWorker.java:lambda$new$0(135)) - c18b64c4-7b5c-4e0a-b26c-2daf5f5ffc53@group-E65C3E6314A1-SegmentedRaftLogWorker: flushIndex: setUnconditionally 0 -> -1
2023-07-06 10:48:13,766 [c18b64c4-7b5c-4e0a-b26c-2daf5f5ffc53-groupManagement] INFO  segmented.SegmentedRaftLogWorker (SegmentedRaftLogWorker.java:lambda$new$0(135)) - c18b64c4-7b5c-4e0a-b26c-2daf5f5ffc53@group-E65C3E6314A1-SegmentedRaftLogWorker: safeCacheEvictIndex: setUnconditionally 0 -> -1
2023-07-06 10:48:13,767 [EventQueue-PipelineReportForPipelineReportHandler] INFO  pipeline.PipelineReportHandler (PipelineReportHandler.java:processPipelineReport(136)) - Opened pipeline PipelineID=2225a4ca-84cd-4adc-acb9-e65c3e6314a1
2023-07-06 10:48:13,770 [c18b64c4-7b5c-4e0a-b26c-2daf5f5ffc53-groupManagement] INFO  server.RaftServer$Division (RaftServerImpl.java:start(342)) - c18b64c4-7b5c-4e0a-b26c-2daf5f5ffc53@group-E65C3E6314A1: start as a follower, conf=-1: peers:[c18b64c4-7b5c-4e0a-b26c-2daf5f5ffc53|rpc:10.1.0.19:15014|admin:10.1.0.19:15013|client:10.1.0.19:15012|dataStream:10.1.0.19:15015|priority:1|startupRole:FOLLOWER]|listeners:[], old=null
2023-07-06 10:48:13,770 [c18b64c4-7b5c-4e0a-b26c-2daf5f5ffc53-groupManagement] INFO  server.RaftServer$Division (RaftServerImpl.java:setRole(329)) - c18b64c4-7b5c-4e0a-b26c-2daf5f5ffc53@group-E65C3E6314A1: changes role from      null to FOLLOWER at term 0 for startAsFollower
2023-07-06 10:48:13,771 [c18b64c4-7b5c-4e0a-b26c-2daf5f5ffc53-groupManagement] INFO  impl.RoleInfo (RoleInfo.java:updateAndGet(139)) - c18b64c4-7b5c-4e0a-b26c-2daf5f5ffc53: start c18b64c4-7b5c-4e0a-b26c-2daf5f5ffc53@group-E65C3E6314A1-FollowerState
2023-07-06 10:48:13,772 [c18b64c4-7b5c-4e0a-b26c-2daf5f5ffc53-groupManagement] INFO  util.JmxRegister (JmxRegister.java:tryRegister(44)) - Successfully registered JMX Bean with object name Ratis:service=RaftServer,group=group-E65C3E6314A1,id=c18b64c4-7b5c-4e0a-b26c-2daf5f5ffc53
2023-07-06 10:48:13,772 [c18b64c4-7b5c-4e0a-b26c-2daf5f5ffc53-groupManagement] INFO  server.RaftServerConfigKeys (ConfUtils.java:logGet(46)) - raft.server.snapshot.auto.trigger.enabled = true (custom)
2023-07-06 10:48:13,772 [c18b64c4-7b5c-4e0a-b26c-2daf5f5ffc53-groupManagement] INFO  server.RaftServerConfigKeys (ConfUtils.java:logGet(46)) - raft.server.snapshot.auto.trigger.threshold = 10000 (custom)
2023-07-06 10:48:13,772 [c18b64c4-7b5c-4e0a-b26c-2daf5f5ffc53-groupManagement] INFO  server.RaftServerConfigKeys (ConfUtils.java:logGet(46)) - raft.server.snapshot.retention.file.num = 5 (custom)
2023-07-06 10:48:13,772 [c18b64c4-7b5c-4e0a-b26c-2daf5f5ffc53-groupManagement] INFO  server.RaftServerConfigKeys (ConfUtils.java:logGet(46)) - raft.server.log.purge.upto.snapshot.index = false (default)
2023-07-06 10:48:13,771 [EventQueue-OpenPipelineForHealthyPipelineSafeModeRule] INFO  safemode.SCMSafeModeManager (HealthyPipelineSafeModeRule.java:process(137)) - SCM in safe mode. Healthy pipelines reported count is 0, required healthy pipeline reported count is 1
2023-07-06 10:48:13,774 [c18b64c4-7b5c-4e0a-b26c-2daf5f5ffc53@group-E65C3E6314A1-FollowerState] INFO  server.RaftServerConfigKeys (ConfUtils.java:logFallback(53)) - raft.server.rpc.first-election.timeout.min = 5s (fallback to raft.server.rpc.timeout.min)
2023-07-06 10:48:13,774 [c18b64c4-7b5c-4e0a-b26c-2daf5f5ffc53@group-E65C3E6314A1-FollowerState] INFO  server.RaftServerConfigKeys (ConfUtils.java:logFallback(53)) - raft.server.rpc.first-election.timeout.max = 5200ms (fallback to raft.server.rpc.timeout.max)
2023-07-06 10:48:13,784 [PipelineCommandHandlerThread-0] INFO  ratis.XceiverServerRatis (XceiverServerRatis.java:addGroup(804)) - Created group PipelineID=2225a4ca-84cd-4adc-acb9-e65c3e6314a1
2023-07-06 10:48:13,785 [PipelineCommandHandlerThread-0] INFO  commandhandler.CreatePipelineCommandHandler (CreatePipelineCommandHandler.java:lambda$handle$2(124)) - Created Pipeline RATIS ONE PipelineID=2225a4ca-84cd-4adc-acb9-e65c3e6314a1.
2023-07-06 10:48:13,785 [PipelineCommandHandlerThread-0] INFO  server.RaftServer (RaftServerProxy.java:addNew(98)) - c18b64c4-7b5c-4e0a-b26c-2daf5f5ffc53: addNew group-D2F834AC6072:[b02eaa79-f692-4c53-b57d-37cb88368c79|rpc:10.1.0.19:15032|admin:10.1.0.19:15031|client:10.1.0.19:15030|dataStream:10.1.0.19:15033|priority:0|startupRole:FOLLOWER, c18b64c4-7b5c-4e0a-b26c-2daf5f5ffc53|rpc:10.1.0.19:15014|admin:10.1.0.19:15013|client:10.1.0.19:15012|dataStream:10.1.0.19:15015|priority:0|startupRole:FOLLOWER, d927e26c-8fe2-4137-bd03-4653fe67c688|rpc:10.1.0.19:15023|admin:10.1.0.19:15022|client:10.1.0.19:15021|dataStream:10.1.0.19:15024|priority:1|startupRole:FOLLOWER] returns group-D2F834AC6072:java.util.concurrent.CompletableFuture@6b2e511[Not completed]
2023-07-06 10:48:13,788 [c18b64c4-7b5c-4e0a-b26c-2daf5f5ffc53-groupManagement] INFO  server.RaftServer$Division (RaftServerImpl.java:<init>(198)) - c18b64c4-7b5c-4e0a-b26c-2daf5f5ffc53: new RaftServerImpl for group-D2F834AC6072:[b02eaa79-f692-4c53-b57d-37cb88368c79|rpc:10.1.0.19:15032|admin:10.1.0.19:15031|client:10.1.0.19:15030|dataStream:10.1.0.19:15033|priority:0|startupRole:FOLLOWER, c18b64c4-7b5c-4e0a-b26c-2daf5f5ffc53|rpc:10.1.0.19:15014|admin:10.1.0.19:15013|client:10.1.0.19:15012|dataStream:10.1.0.19:15015|priority:0|startupRole:FOLLOWER, d927e26c-8fe2-4137-bd03-4653fe67c688|rpc:10.1.0.19:15023|admin:10.1.0.19:15022|client:10.1.0.19:15021|dataStream:10.1.0.19:15024|priority:1|startupRole:FOLLOWER] with ContainerStateMachine:uninitialized
2023-07-06 10:48:13,788 [c18b64c4-7b5c-4e0a-b26c-2daf5f5ffc53-groupManagement] INFO  server.RaftServerConfigKeys (ConfUtils.java:logGet(46)) - raft.server.rpc.timeout.min = 5s (custom)
2023-07-06 10:48:13,788 [c18b64c4-7b5c-4e0a-b26c-2daf5f5ffc53-groupManagement] INFO  server.RaftServerConfigKeys (ConfUtils.java:logGet(46)) - raft.server.rpc.timeout.max = 5200ms (custom)
2023-07-06 10:48:13,789 [c18b64c4-7b5c-4e0a-b26c-2daf5f5ffc53-groupManagement] INFO  server.RaftServerConfigKeys (ConfUtils.java:logGet(46)) - raft.server.rpc.sleep.time = 25ms (default)
2023-07-06 10:48:13,789 [c18b64c4-7b5c-4e0a-b26c-2daf5f5ffc53-groupManagement] INFO  server.RaftServerConfigKeys (ConfUtils.java:logGet(46)) - raft.server.rpc.slowness.timeout = 300s (custom)
2023-07-06 10:48:13,789 [c18b64c4-7b5c-4e0a-b26c-2daf5f5ffc53-groupManagement] INFO  server.RaftServerConfigKeys (ConfUtils.java:logGet(46)) - raft.server.leaderelection.leader.step-down.wait-time = 10s (default)
2023-07-06 10:48:13,789 [c18b64c4-7b5c-4e0a-b26c-2daf5f5ffc53-groupManagement] INFO  server.RaftServerConfigKeys (ConfUtils.java:logGet(46)) - raft.server.sleep.deviation.threshold = 300ms (default)
2023-07-06 10:48:13,789 [c18b64c4-7b5c-4e0a-b26c-2daf5f5ffc53-groupManagement] INFO  server.RaftServer$Division (ServerState.java:<init>(120)) - c18b64c4-7b5c-4e0a-b26c-2daf5f5ffc53@group-D2F834AC6072: ConfigurationManager, init=-1: peers:[b02eaa79-f692-4c53-b57d-37cb88368c79|rpc:10.1.0.19:15032|admin:10.1.0.19:15031|client:10.1.0.19:15030|dataStream:10.1.0.19:15033|priority:0|startupRole:FOLLOWER, c18b64c4-7b5c-4e0a-b26c-2daf5f5ffc53|rpc:10.1.0.19:15014|admin:10.1.0.19:15013|client:10.1.0.19:15012|dataStream:10.1.0.19:15015|priority:0|startupRole:FOLLOWER, d927e26c-8fe2-4137-bd03-4653fe67c688|rpc:10.1.0.19:15023|admin:10.1.0.19:15022|client:10.1.0.19:15021|dataStream:10.1.0.19:15024|priority:1|startupRole:FOLLOWER]|listeners:[], old=null, confs=<EMPTY_MAP>
2023-07-06 10:48:13,789 [c18b64c4-7b5c-4e0a-b26c-2daf5f5ffc53-groupManagement] INFO  server.RaftServerConfigKeys (ConfUtils.java:logGet(46)) - raft.server.storage.dir = [/home/runner/work/ozone/ozone/hadoop-ozone/integration-test/target/test-dir/MiniOzoneClusterImpl-8ecce792-0b29-40a4-bcd2-9922915e3450/datanode-0/data/ratis] (custom)
2023-07-06 10:48:13,789 [c18b64c4-7b5c-4e0a-b26c-2daf5f5ffc53-groupManagement] INFO  server.RaftServerConfigKeys (ConfUtils.java:logGet(46)) - raft.server.log.corruption.policy = EXCEPTION (default)
2023-07-06 10:48:13,789 [c18b64c4-7b5c-4e0a-b26c-2daf5f5ffc53-groupManagement] INFO  server.RaftServerConfigKeys (ConfUtils.java:logGet(46)) - raft.server.storage.free-space.min = 0MB (=0) (default)
2023-07-06 10:48:13,789 [c18b64c4-7b5c-4e0a-b26c-2daf5f5ffc53-groupManagement] INFO  server.RaftServerConfigKeys (ConfUtils.java:logGet(46)) - raft.server.notification.no-leader.timeout = 300s (custom)
2023-07-06 10:48:13,790 [c18b64c4-7b5c-4e0a-b26c-2daf5f5ffc53-groupManagement] INFO  server.RaftServerConfigKeys (ConfUtils.java:logGet(46)) - raft.server.read.timeout = 10s (default)
2023-07-06 10:48:13,790 [c18b64c4-7b5c-4e0a-b26c-2daf5f5ffc53-groupManagement] INFO  server.RaftServerConfigKeys (ConfUtils.java:logGet(46)) - raft.server.retrycache.expirytime = 600000ms (custom)
2023-07-06 10:48:13,790 [c18b64c4-7b5c-4e0a-b26c-2daf5f5ffc53-groupManagement] INFO  server.RaftServerConfigKeys (ConfUtils.java:logGet(46)) - raft.server.retrycache.statistics.expirytime = 100μs (default)
2023-07-06 10:48:13,790 [c18b64c4-7b5c-4e0a-b26c-2daf5f5ffc53-groupManagement] INFO  server.RaftServerConfigKeys (ConfUtils.java:logGet(46)) - raft.server.read.option = DEFAULT (default)
2023-07-06 10:48:13,793 [c18b64c4-7b5c-4e0a-b26c-2daf5f5ffc53-groupManagement] INFO  server.RaftServerConfigKeys (ConfUtils.java:logGet(46)) - raft.server.rpc.request.timeout = 60s (custom)
2023-07-06 10:48:13,793 [c18b64c4-7b5c-4e0a-b26c-2daf5f5ffc53-groupManagement] INFO  server.RaftServerConfigKeys (ConfUtils.java:logGet(46)) - raft.server.log.appender.install.snapshot.enabled = false (custom)
2023-07-06 10:48:13,793 [c18b64c4-7b5c-4e0a-b26c-2daf5f5ffc53-groupManagement] INFO  server.RaftServerConfigKeys (ConfUtils.java:logGet(46)) - raft.server.threadpool.server.cached = true (default)
2023-07-06 10:48:13,794 [c18b64c4-7b5c-4e0a-b26c-2daf5f5ffc53-groupManagement] INFO  server.RaftServerConfigKeys (ConfUtils.java:logGet(46)) - raft.server.threadpool.server.size = 0 (default)
2023-07-06 10:48:13,794 [c18b64c4-7b5c-4e0a-b26c-2daf5f5ffc53-groupManagement] INFO  server.RaftServerConfigKeys (ConfUtils.java:logGet(46)) - raft.server.threadpool.client.cached = true (default)
2023-07-06 10:48:13,794 [c18b64c4-7b5c-4e0a-b26c-2daf5f5ffc53-groupManagement] INFO  server.RaftServerConfigKeys (ConfUtils.java:logGet(46)) - raft.server.threadpool.client.size = 0 (default)
2023-07-06 10:48:13,794 [c18b64c4-7b5c-4e0a-b26c-2daf5f5ffc53-groupManagement] INFO  storage.RaftStorageDirectory (RaftStorageDirectoryImpl.java:analyzeStorage(137)) - The storage directory /home/runner/work/ozone/ozone/hadoop-ozone/integration-test/target/test-dir/MiniOzoneClusterImpl-8ecce792-0b29-40a4-bcd2-9922915e3450/datanode-0/data/ratis/2356d707-daad-4873-8cda-d2f834ac6072 does not exist. Creating ...
2023-07-06 10:48:13,795 [c18b64c4-7b5c-4e0a-b26c-2daf5f5ffc53-groupManagement] INFO  storage.RaftStorageDirectory (RaftStorageDirectoryImpl.java:tryLock(231)) - Lock on /home/runner/work/ozone/ozone/hadoop-ozone/integration-test/target/test-dir/MiniOzoneClusterImpl-8ecce792-0b29-40a4-bcd2-9922915e3450/datanode-0/data/ratis/2356d707-daad-4873-8cda-d2f834ac6072/in_use.lock acquired by nodename 110287@fv-az137-100
2023-07-06 10:48:13,797 [c18b64c4-7b5c-4e0a-b26c-2daf5f5ffc53-groupManagement] INFO  storage.RaftStorage (RaftStorageImpl.java:format(96)) - Storage directory /home/runner/work/ozone/ozone/hadoop-ozone/integration-test/target/test-dir/MiniOzoneClusterImpl-8ecce792-0b29-40a4-bcd2-9922915e3450/datanode-0/data/ratis/2356d707-daad-4873-8cda-d2f834ac6072 has been successfully formatted.
2023-07-06 10:48:13,798 [c18b64c4-7b5c-4e0a-b26c-2daf5f5ffc53-groupManagement] INFO  ratis.ContainerStateMachine (ContainerStateMachine.java:loadSnapshot(262)) - group-D2F834AC6072: The snapshot info is null. Setting the last applied indexto:(t:0, i:~)
2023-07-06 10:48:13,798 [c18b64c4-7b5c-4e0a-b26c-2daf5f5ffc53-groupManagement] INFO  server.RaftServerConfigKeys (ConfUtils.java:logGet(46)) - raft.server.log.use.memory = false (default)
2023-07-06 10:48:13,798 [c18b64c4-7b5c-4e0a-b26c-2daf5f5ffc53-groupManagement] INFO  server.RaftServerConfigKeys (ConfUtils.java:logGet(46)) - raft.server.log.purge.gap = 1000000 (custom)
2023-07-06 10:48:13,798 [c18b64c4-7b5c-4e0a-b26c-2daf5f5ffc53-groupManagement] INFO  server.RaftServerConfigKeys (ConfUtils.java:logGet(46)) - raft.server.log.appender.buffer.byte-limit = 33554432 (custom)
2023-07-06 10:48:13,798 [c18b64c4-7b5c-4e0a-b26c-2daf5f5ffc53-groupManagement] INFO  server.RaftServerConfigKeys (ConfUtils.java:logGet(46)) - raft.server.log.statemachine.data.read.timeout = 1000ms (default)
2023-07-06 10:48:13,798 [c18b64c4-7b5c-4e0a-b26c-2daf5f5ffc53-groupManagement] INFO  server.RaftServerConfigKeys (ConfUtils.java:logGet(46)) - raft.server.log.purge.preservation.log.num = 0 (default)
2023-07-06 10:48:13,802 [EventQueue-OpenPipelineForHealthyPipelineSafeModeRule] INFO  safemode.SCMSafeModeManager (HealthyPipelineSafeModeRule.java:process(137)) - SCM in safe mode. Healthy pipelines reported count is 0, required healthy pipeline reported count is 1
2023-07-06 10:48:13,809 [c18b64c4-7b5c-4e0a-b26c-2daf5f5ffc53-groupManagement] INFO  server.RaftServerConfigKeys (ConfUtils.java:logGet(46)) - raft.server.log.segment.size.max = 1048576 (custom)
2023-07-06 10:48:13,810 [c18b64c4-7b5c-4e0a-b26c-2daf5f5ffc53-groupManagement] INFO  server.RaftServerConfigKeys (ConfUtils.java:logGet(46)) - raft.server.log.segment.cache.num.max = 2 (custom)
2023-07-06 10:48:13,810 [c18b64c4-7b5c-4e0a-b26c-2daf5f5ffc53-groupManagement] INFO  server.RaftServerConfigKeys (ConfUtils.java:logGet(46)) - raft.server.log.segment.cache.size.max = 200MB (=209715200) (default)
2023-07-06 10:48:13,810 [c18b64c4-7b5c-4e0a-b26c-2daf5f5ffc53-groupManagement] INFO  server.RaftServerConfigKeys (ConfUtils.java:logGet(46)) - raft.server.log.appender.buffer.byte-limit = 33554432 (custom)
2023-07-06 10:48:13,811 [c18b64c4-7b5c-4e0a-b26c-2daf5f5ffc53-groupManagement] INFO  segmented.SegmentedRaftLogWorker (SegmentedRaftLogWorker.java:<init>(188)) - new c18b64c4-7b5c-4e0a-b26c-2daf5f5ffc53@group-D2F834AC6072-SegmentedRaftLogWorker for RaftStorageImpl:Storage Directory /home/runner/work/ozone/ozone/hadoop-ozone/integration-test/target/test-dir/MiniOzoneClusterImpl-8ecce792-0b29-40a4-bcd2-9922915e3450/datanode-0/data/ratis/2356d707-daad-4873-8cda-d2f834ac6072
2023-07-06 10:48:13,811 [c18b64c4-7b5c-4e0a-b26c-2daf5f5ffc53-groupManagement] INFO  server.RaftServerConfigKeys (ConfUtils.java:logGet(46)) - raft.server.log.queue.byte-limit = 4294967296 (custom)
2023-07-06 10:48:13,811 [c18b64c4-7b5c-4e0a-b26c-2daf5f5ffc53-groupManagement] INFO  server.RaftServerConfigKeys (ConfUtils.java:logGet(46)) - raft.server.log.queue.element-limit = 1024 (custom)
2023-07-06 10:48:13,811 [c18b64c4-7b5c-4e0a-b26c-2daf5f5ffc53-groupManagement] INFO  server.RaftServerConfigKeys (ConfUtils.java:logGet(46)) - raft.server.log.segment.size.max = 1048576 (custom)
2023-07-06 10:48:13,811 [c18b64c4-7b5c-4e0a-b26c-2daf5f5ffc53-groupManagement] INFO  server.RaftServerConfigKeys (ConfUtils.java:logGet(46)) - raft.server.log.preallocated.size = 16384 (custom)
2023-07-06 10:48:13,811 [c18b64c4-7b5c-4e0a-b26c-2daf5f5ffc53-groupManagement] INFO  server.RaftServerConfigKeys (ConfUtils.java:logGet(46)) - raft.server.log.force.sync.num = 128 (default)
2023-07-06 10:48:13,811 [c18b64c4-7b5c-4e0a-b26c-2daf5f5ffc53-groupManagement] INFO  server.RaftServerConfigKeys (ConfUtils.java:logGet(46)) - raft.server.log.statemachine.data.sync = true (default)
2023-07-06 10:48:13,811 [c18b64c4-7b5c-4e0a-b26c-2daf5f5ffc53-groupManagement] INFO  server.RaftServerConfigKeys (ConfUtils.java:logGet(46)) - raft.server.log.statemachine.data.sync.timeout = 10s (default)
2023-07-06 10:48:13,812 [c18b64c4-7b5c-4e0a-b26c-2daf5f5ffc53-groupManagement] INFO  server.RaftServerConfigKeys (ConfUtils.java:logGet(46)) - raft.server.log.statemachine.data.sync.timeout.retry = -1 (default)
2023-07-06 10:48:13,814 [c18b64c4-7b5c-4e0a-b26c-2daf5f5ffc53-groupManagement] INFO  server.RaftServerConfigKeys (ConfUtils.java:logGet(46)) - raft.server.log.write.buffer.size = 1048576 (custom)
2023-07-06 10:48:13,815 [c18b64c4-7b5c-4e0a-b26c-2daf5f5ffc53-groupManagement] INFO  server.RaftServerConfigKeys (ConfUtils.java:logGet(46)) - raft.server.log.appender.buffer.byte-limit = 33554432 (custom)
2023-07-06 10:48:13,821 [c18b64c4-7b5c-4e0a-b26c-2daf5f5ffc53-groupManagement] INFO  server.RaftServerConfigKeys (ConfUtils.java:logGet(46)) - raft.server.log.unsafe-flush.enabled = false (default)
2023-07-06 10:48:13,821 [c18b64c4-7b5c-4e0a-b26c-2daf5f5ffc53-groupManagement] INFO  server.RaftServerConfigKeys (ConfUtils.java:logGet(46)) - raft.server.log.async-flush.enabled = false (default)
2023-07-06 10:48:13,821 [c18b64c4-7b5c-4e0a-b26c-2daf5f5ffc53-groupManagement] INFO  server.RaftServerConfigKeys (ConfUtils.java:logGet(46)) - raft.server.log.statemachine.data.caching.enabled = true (custom)
2023-07-06 10:48:13,821 [c18b64c4-7b5c-4e0a-b26c-2daf5f5ffc53-groupManagement] INFO  segmented.SegmentedRaftLogWorker (SegmentedRaftLogWorker.java:lambda$new$0(135)) - c18b64c4-7b5c-4e0a-b26c-2daf5f5ffc53@group-D2F834AC6072-SegmentedRaftLogWorker: flushIndex: setUnconditionally 0 -> -1
2023-07-06 10:48:13,821 [c18b64c4-7b5c-4e0a-b26c-2daf5f5ffc53-groupManagement] INFO  segmented.SegmentedRaftLogWorker (SegmentedRaftLogWorker.java:lambda$new$0(135)) - c18b64c4-7b5c-4e0a-b26c-2daf5f5ffc53@group-D2F834AC6072-SegmentedRaftLogWorker: safeCacheEvictIndex: setUnconditionally 0 -> -1
2023-07-06 10:48:13,822 [c18b64c4-7b5c-4e0a-b26c-2daf5f5ffc53-groupManagement] INFO  server.RaftServer$Division (RaftServerImpl.java:start(342)) - c18b64c4-7b5c-4e0a-b26c-2daf5f5ffc53@group-D2F834AC6072: start as a follower, conf=-1: peers:[b02eaa79-f692-4c53-b57d-37cb88368c79|rpc:10.1.0.19:15032|admin:10.1.0.19:15031|client:10.1.0.19:15030|dataStream:10.1.0.19:15033|priority:0|startupRole:FOLLOWER, c18b64c4-7b5c-4e0a-b26c-2daf5f5ffc53|rpc:10.1.0.19:15014|admin:10.1.0.19:15013|client:10.1.0.19:15012|dataStream:10.1.0.19:15015|priority:0|startupRole:FOLLOWER, d927e26c-8fe2-4137-bd03-4653fe67c688|rpc:10.1.0.19:15023|admin:10.1.0.19:15022|client:10.1.0.19:15021|dataStream:10.1.0.19:15024|priority:1|startupRole:FOLLOWER]|listeners:[], old=null
2023-07-06 10:48:13,822 [c18b64c4-7b5c-4e0a-b26c-2daf5f5ffc53-groupManagement] INFO  server.RaftServer$Division (RaftServerImpl.java:setRole(329)) - c18b64c4-7b5c-4e0a-b26c-2daf5f5ffc53@group-D2F834AC6072: changes role from      null to FOLLOWER at term 0 for startAsFollower
2023-07-06 10:48:13,822 [c18b64c4-7b5c-4e0a-b26c-2daf5f5ffc53-groupManagement] INFO  impl.RoleInfo (RoleInfo.java:updateAndGet(139)) - c18b64c4-7b5c-4e0a-b26c-2daf5f5ffc53: start c18b64c4-7b5c-4e0a-b26c-2daf5f5ffc53@group-D2F834AC6072-FollowerState
2023-07-06 10:48:13,822 [c18b64c4-7b5c-4e0a-b26c-2daf5f5ffc53-groupManagement] INFO  util.JmxRegister (JmxRegister.java:tryRegister(44)) - Successfully registered JMX Bean with object name Ratis:service=RaftServer,group=group-D2F834AC6072,id=c18b64c4-7b5c-4e0a-b26c-2daf5f5ffc53
2023-07-06 10:48:13,822 [c18b64c4-7b5c-4e0a-b26c-2daf5f5ffc53-groupManagement] INFO  server.RaftServerConfigKeys (ConfUtils.java:logGet(46)) - raft.server.snapshot.auto.trigger.enabled = true (custom)
2023-07-06 10:48:13,823 [c18b64c4-7b5c-4e0a-b26c-2daf5f5ffc53-groupManagement] INFO  server.RaftServerConfigKeys (ConfUtils.java:logGet(46)) - raft.server.snapshot.auto.trigger.threshold = 10000 (custom)
2023-07-06 10:48:13,823 [c18b64c4-7b5c-4e0a-b26c-2daf5f5ffc53-groupManagement] INFO  server.RaftServerConfigKeys (ConfUtils.java:logGet(46)) - raft.server.snapshot.retention.file.num = 5 (custom)
2023-07-06 10:48:13,823 [c18b64c4-7b5c-4e0a-b26c-2daf5f5ffc53-groupManagement] INFO  server.RaftServerConfigKeys (ConfUtils.java:logGet(46)) - raft.server.log.purge.upto.snapshot.index = false (default)
2023-07-06 10:48:13,824 [c18b64c4-7b5c-4e0a-b26c-2daf5f5ffc53@group-D2F834AC6072-FollowerState] INFO  server.RaftServerConfigKeys (ConfUtils.java:logFallback(53)) - raft.server.rpc.first-election.timeout.min = 5s (fallback to raft.server.rpc.timeout.min)
2023-07-06 10:48:13,835 [PipelineCommandHandlerThread-0] INFO  ratis.XceiverServerRatis (XceiverServerRatis.java:addGroup(804)) - Created group PipelineID=2356d707-daad-4873-8cda-d2f834ac6072
2023-07-06 10:48:13,836 [c18b64c4-7b5c-4e0a-b26c-2daf5f5ffc53@group-D2F834AC6072-FollowerState] INFO  server.RaftServerConfigKeys (ConfUtils.java:logFallback(53)) - raft.server.rpc.first-election.timeout.max = 5200ms (fallback to raft.server.rpc.timeout.max)
2023-07-06 10:48:13,888 [main] INFO  ozone.MiniOzoneClusterImpl (MiniOzoneClusterImpl.java:lambda$waitForClusterToBeReady$0(224)) - Waiting for nodes to be ready. Got 7 of 10 DN Heartbeats.
2023-07-06 10:48:13,888 [main] INFO  ozone.MiniOzoneClusterImpl (MiniOzoneClusterImpl.java:lambda$waitForClusterToBeReady$0(227)) - Waiting for cluster to exit safe mode
2023-07-06 10:48:13,889 [main] INFO  ozone.MiniOzoneClusterImpl (MiniOzoneClusterImpl.java:lambda$waitForClusterToBeReady$0(229)) - SCM became leader
2023-07-06 10:48:13,973 [IPC Server handler 19 on default port 15002] INFO  net.NetworkTopologyImpl (NetworkTopologyImpl.java:add(112)) - Added a new node: /default-rack/afdb1d22-58a1-4785-9bfd-1bd49c8784e6
2023-07-06 10:48:13,973 [IPC Server handler 19 on default port 15002] INFO  node.SCMNodeManager (SCMNodeManager.java:register(405)) - Registered Data node : afdb1d22-58a1-4785-9bfd-1bd49c8784e6{ip: 10.1.0.19, host: fv-az137-100.aripajfx3awelhgv3otau1goqd.bx.internal.cloudapp.net, ports: [HTTP=15072, CLIENT_RPC=15073, REPLICATION=15079, RATIS=15075, RATIS_ADMIN=15076, RATIS_SERVER=15077, RATIS_DATASTREAM=15078, STANDALONE=15074], networkLocation: /default-rack, certSerialId: null, persistedOpState: null, persistedOpStateExpiryEpochSec: 0}
2023-07-06 10:48:13,974 [EventQueue-NewNodeForNewNodeHandler] INFO  pipeline.BackgroundPipelineCreator (BackgroundPipelineCreator.java:notifyEventTriggered(277)) - trigger a one-shot run on RatisPipelineUtilsThread.
2023-07-06 10:48:13,975 [RatisPipelineUtilsThread - 0] INFO  pipeline.RatisPipelineProvider (RatisPipelineProvider.java:lambda$create$0(206)) - Sending CreatePipelineCommand for pipeline:PipelineID=8df9f9fd-24df-4c85-9616-fbfd4010b7dc to datanode:afdb1d22-58a1-4785-9bfd-1bd49c8784e6
2023-07-06 10:48:13,978 [RatisPipelineUtilsThread - 0] INFO  pipeline.BackgroundPipelineCreator (BackgroundPipelineCreator.java:createPipelines(233)) - Created new pipeline Pipeline[ Id: 8df9f9fd-24df-4c85-9616-fbfd4010b7dc, Nodes: afdb1d22-58a1-4785-9bfd-1bd49c8784e6(fv-az137-100.aripajfx3awelhgv3otau1goqd.bx.internal.cloudapp.net/10.1.0.19), ReplicationConfig: RATIS/ONE, State:ALLOCATED, leaderId:, CreationTimestamp2023-07-06T10:48:13.975Z[Etc/UTC]]
2023-07-06 10:48:13,980 [RatisPipelineUtilsThread - 0] WARN  pipeline.PipelinePlacementPolicy (PipelinePlacementPolicy.java:filterViableNodes(166)) - Pipeline creation failed due to no sufficient healthy datanodes. Required 3. Found 2. Excluded 6.
2023-07-06 10:48:14,190 [PipelineCommandHandlerThread-0] INFO  server.RaftServer (RaftServerProxy.java:addNew(98)) - d927e26c-8fe2-4137-bd03-4653fe67c688: addNew group-324AF65D15C7:[d927e26c-8fe2-4137-bd03-4653fe67c688|rpc:10.1.0.19:15023|admin:10.1.0.19:15022|client:10.1.0.19:15021|dataStream:10.1.0.19:15024|priority:1|startupRole:FOLLOWER] returns group-324AF65D15C7:java.util.concurrent.CompletableFuture@1d6e99cb[Not completed]
2023-07-06 10:48:14,194 [d927e26c-8fe2-4137-bd03-4653fe67c688-groupManagement] INFO  server.RaftServer$Division (RaftServerImpl.java:<init>(198)) - d927e26c-8fe2-4137-bd03-4653fe67c688: new RaftServerImpl for group-324AF65D15C7:[d927e26c-8fe2-4137-bd03-4653fe67c688|rpc:10.1.0.19:15023|admin:10.1.0.19:15022|client:10.1.0.19:15021|dataStream:10.1.0.19:15024|priority:1|startupRole:FOLLOWER] with ContainerStateMachine:uninitialized
2023-07-06 10:48:14,195 [d927e26c-8fe2-4137-bd03-4653fe67c688-groupManagement] INFO  server.RaftServerConfigKeys (ConfUtils.java:logGet(46)) - raft.server.rpc.timeout.min = 5s (custom)
2023-07-06 10:48:14,195 [d927e26c-8fe2-4137-bd03-4653fe67c688-groupManagement] INFO  server.RaftServerConfigKeys (ConfUtils.java:logGet(46)) - raft.server.rpc.timeout.max = 5200ms (custom)
2023-07-06 10:48:14,195 [d927e26c-8fe2-4137-bd03-4653fe67c688-groupManagement] INFO  server.RaftServerConfigKeys (ConfUtils.java:logGet(46)) - raft.server.rpc.sleep.time = 25ms (default)
2023-07-06 10:48:14,195 [d927e26c-8fe2-4137-bd03-4653fe67c688-groupManagement] INFO  server.RaftServerConfigKeys (ConfUtils.java:logGet(46)) - raft.server.rpc.slowness.timeout = 300s (custom)
2023-07-06 10:48:14,195 [d927e26c-8fe2-4137-bd03-4653fe67c688-groupManagement] INFO  server.RaftServerConfigKeys (ConfUtils.java:logGet(46)) - raft.server.leaderelection.leader.step-down.wait-time = 10s (default)
2023-07-06 10:48:14,195 [d927e26c-8fe2-4137-bd03-4653fe67c688-groupManagement] INFO  server.RaftServerConfigKeys (ConfUtils.java:logGet(46)) - raft.server.sleep.deviation.threshold = 300ms (default)
2023-07-06 10:48:14,195 [d927e26c-8fe2-4137-bd03-4653fe67c688-groupManagement] INFO  server.RaftServer$Division (ServerState.java:<init>(120)) - d927e26c-8fe2-4137-bd03-4653fe67c688@group-324AF65D15C7: ConfigurationManager, init=-1: peers:[d927e26c-8fe2-4137-bd03-4653fe67c688|rpc:10.1.0.19:15023|admin:10.1.0.19:15022|client:10.1.0.19:15021|dataStream:10.1.0.19:15024|priority:1|startupRole:FOLLOWER]|listeners:[], old=null, confs=<EMPTY_MAP>
2023-07-06 10:48:14,195 [d927e26c-8fe2-4137-bd03-4653fe67c688-groupManagement] INFO  server.RaftServerConfigKeys (ConfUtils.java:logGet(46)) - raft.server.storage.dir = [/home/runner/work/ozone/ozone/hadoop-ozone/integration-test/target/test-dir/MiniOzoneClusterImpl-8ecce792-0b29-40a4-bcd2-9922915e3450/datanode-1/data/ratis] (custom)
2023-07-06 10:48:14,195 [d927e26c-8fe2-4137-bd03-4653fe67c688-groupManagement] INFO  server.RaftServerConfigKeys (ConfUtils.java:logGet(46)) - raft.server.log.corruption.policy = EXCEPTION (default)
2023-07-06 10:48:14,196 [d927e26c-8fe2-4137-bd03-4653fe67c688-groupManagement] INFO  server.RaftServerConfigKeys (ConfUtils.java:logGet(46)) - raft.server.storage.free-space.min = 0MB (=0) (default)
2023-07-06 10:48:14,196 [d927e26c-8fe2-4137-bd03-4653fe67c688-groupManagement] INFO  server.RaftServerConfigKeys (ConfUtils.java:logGet(46)) - raft.server.notification.no-leader.timeout = 300s (custom)
2023-07-06 10:48:14,196 [d927e26c-8fe2-4137-bd03-4653fe67c688-groupManagement] INFO  server.RaftServerConfigKeys (ConfUtils.java:logGet(46)) - raft.server.read.timeout = 10s (default)
2023-07-06 10:48:14,196 [d927e26c-8fe2-4137-bd03-4653fe67c688-groupManagement] INFO  server.RaftServerConfigKeys (ConfUtils.java:logGet(46)) - raft.server.retrycache.expirytime = 600000ms (custom)
2023-07-06 10:48:14,196 [d927e26c-8fe2-4137-bd03-4653fe67c688-groupManagement] INFO  server.RaftServerConfigKeys (ConfUtils.java:logGet(46)) - raft.server.retrycache.statistics.expirytime = 100μs (default)
2023-07-06 10:48:14,196 [d927e26c-8fe2-4137-bd03-4653fe67c688-groupManagement] INFO  server.RaftServerConfigKeys (ConfUtils.java:logGet(46)) - raft.server.read.option = DEFAULT (default)
2023-07-06 10:48:14,199 [d927e26c-8fe2-4137-bd03-4653fe67c688-groupManagement] INFO  server.RaftServerConfigKeys (ConfUtils.java:logGet(46)) - raft.server.rpc.request.timeout = 60s (custom)
2023-07-06 10:48:14,199 [d927e26c-8fe2-4137-bd03-4653fe67c688-groupManagement] INFO  server.RaftServerConfigKeys (ConfUtils.java:logGet(46)) - raft.server.log.appender.install.snapshot.enabled = false (custom)
2023-07-06 10:48:14,199 [d927e26c-8fe2-4137-bd03-4653fe67c688-groupManagement] INFO  server.RaftServerConfigKeys (ConfUtils.java:logGet(46)) - raft.server.threadpool.server.cached = true (default)
2023-07-06 10:48:14,199 [d927e26c-8fe2-4137-bd03-4653fe67c688-groupManagement] INFO  server.RaftServerConfigKeys (ConfUtils.java:logGet(46)) - raft.server.threadpool.server.size = 0 (default)
2023-07-06 10:48:14,199 [d927e26c-8fe2-4137-bd03-4653fe67c688-groupManagement] INFO  server.RaftServerConfigKeys (ConfUtils.java:logGet(46)) - raft.server.threadpool.client.cached = true (default)
2023-07-06 10:48:14,199 [d927e26c-8fe2-4137-bd03-4653fe67c688-groupManagement] INFO  server.RaftServerConfigKeys (ConfUtils.java:logGet(46)) - raft.server.threadpool.client.size = 0 (default)
2023-07-06 10:48:14,199 [d927e26c-8fe2-4137-bd03-4653fe67c688-groupManagement] INFO  storage.RaftStorageDirectory (RaftStorageDirectoryImpl.java:analyzeStorage(137)) - The storage directory /home/runner/work/ozone/ozone/hadoop-ozone/integration-test/target/test-dir/MiniOzoneClusterImpl-8ecce792-0b29-40a4-bcd2-9922915e3450/datanode-1/data/ratis/497bc7bf-6667-4084-a1d5-324af65d15c7 does not exist. Creating ...
2023-07-06 10:48:14,205 [d927e26c-8fe2-4137-bd03-4653fe67c688-groupManagement] INFO  storage.RaftStorageDirectory (RaftStorageDirectoryImpl.java:tryLock(231)) - Lock on /home/runner/work/ozone/ozone/hadoop-ozone/integration-test/target/test-dir/MiniOzoneClusterImpl-8ecce792-0b29-40a4-bcd2-9922915e3450/datanode-1/data/ratis/497bc7bf-6667-4084-a1d5-324af65d15c7/in_use.lock acquired by nodename 110287@fv-az137-100
2023-07-06 10:48:14,207 [d927e26c-8fe2-4137-bd03-4653fe67c688-groupManagement] INFO  storage.RaftStorage (RaftStorageImpl.java:format(96)) - Storage directory /home/runner/work/ozone/ozone/hadoop-ozone/integration-test/target/test-dir/MiniOzoneClusterImpl-8ecce792-0b29-40a4-bcd2-9922915e3450/datanode-1/data/ratis/497bc7bf-6667-4084-a1d5-324af65d15c7 has been successfully formatted.
2023-07-06 10:48:14,216 [EventQueue-PipelineReportForPipelineReportHandler] INFO  pipeline.PipelineReportHandler (PipelineReportHandler.java:processPipelineReport(136)) - Opened pipeline PipelineID=497bc7bf-6667-4084-a1d5-324af65d15c7
2023-07-06 10:48:14,216 [EventQueue-OpenPipelineForHealthyPipelineSafeModeRule] INFO  safemode.SCMSafeModeManager (HealthyPipelineSafeModeRule.java:process(137)) - SCM in safe mode. Healthy pipelines reported count is 0, required healthy pipeline reported count is 1
2023-07-06 10:48:14,216 [d927e26c-8fe2-4137-bd03-4653fe67c688-groupManagement] INFO  ratis.ContainerStateMachine (ContainerStateMachine.java:loadSnapshot(262)) - group-324AF65D15C7: The snapshot info is null. Setting the last applied indexto:(t:0, i:~)
2023-07-06 10:48:14,217 [d927e26c-8fe2-4137-bd03-4653fe67c688-groupManagement] INFO  server.RaftServerConfigKeys (ConfUtils.java:logGet(46)) - raft.server.log.use.memory = false (default)
2023-07-06 10:48:14,217 [d927e26c-8fe2-4137-bd03-4653fe67c688-groupManagement] INFO  server.RaftServerConfigKeys (ConfUtils.java:logGet(46)) - raft.server.log.purge.gap = 1000000 (custom)
2023-07-06 10:48:14,217 [d927e26c-8fe2-4137-bd03-4653fe67c688-groupManagement] INFO  server.RaftServerConfigKeys (ConfUtils.java:logGet(46)) - raft.server.log.appender.buffer.byte-limit = 33554432 (custom)
2023-07-06 10:48:14,217 [d927e26c-8fe2-4137-bd03-4653fe67c688-groupManagement] INFO  server.RaftServerConfigKeys (ConfUtils.java:logGet(46)) - raft.server.log.statemachine.data.read.timeout = 1000ms (default)
2023-07-06 10:48:14,217 [d927e26c-8fe2-4137-bd03-4653fe67c688-groupManagement] INFO  server.RaftServerConfigKeys (ConfUtils.java:logGet(46)) - raft.server.log.purge.preservation.log.num = 0 (default)
2023-07-06 10:48:14,218 [d927e26c-8fe2-4137-bd03-4653fe67c688-groupManagement] INFO  server.RaftServerConfigKeys (ConfUtils.java:logGet(46)) - raft.server.log.segment.size.max = 1048576 (custom)
2023-07-06 10:48:14,219 [d927e26c-8fe2-4137-bd03-4653fe67c688-groupManagement] INFO  server.RaftServerConfigKeys (ConfUtils.java:logGet(46)) - raft.server.log.segment.cache.num.max = 2 (custom)
2023-07-06 10:48:14,219 [d927e26c-8fe2-4137-bd03-4653fe67c688-groupManagement] INFO  server.RaftServerConfigKeys (ConfUtils.java:logGet(46)) - raft.server.log.segment.cache.size.max = 200MB (=209715200) (default)
2023-07-06 10:48:14,219 [d927e26c-8fe2-4137-bd03-4653fe67c688-groupManagement] INFO  server.RaftServerConfigKeys (ConfUtils.java:logGet(46)) - raft.server.log.appender.buffer.byte-limit = 33554432 (custom)
2023-07-06 10:48:14,219 [d927e26c-8fe2-4137-bd03-4653fe67c688-groupManagement] INFO  segmented.SegmentedRaftLogWorker (SegmentedRaftLogWorker.java:<init>(188)) - new d927e26c-8fe2-4137-bd03-4653fe67c688@group-324AF65D15C7-SegmentedRaftLogWorker for RaftStorageImpl:Storage Directory /home/runner/work/ozone/ozone/hadoop-ozone/integration-test/target/test-dir/MiniOzoneClusterImpl-8ecce792-0b29-40a4-bcd2-9922915e3450/datanode-1/data/ratis/497bc7bf-6667-4084-a1d5-324af65d15c7
2023-07-06 10:48:14,219 [d927e26c-8fe2-4137-bd03-4653fe67c688-groupManagement] INFO  server.RaftServerConfigKeys (ConfUtils.java:logGet(46)) - raft.server.log.queue.byte-limit = 4294967296 (custom)
2023-07-06 10:48:14,219 [d927e26c-8fe2-4137-bd03-4653fe67c688-groupManagement] INFO  server.RaftServerConfigKeys (ConfUtils.java:logGet(46)) - raft.server.log.queue.element-limit = 1024 (custom)
2023-07-06 10:48:14,219 [d927e26c-8fe2-4137-bd03-4653fe67c688-groupManagement] INFO  server.RaftServerConfigKeys (ConfUtils.java:logGet(46)) - raft.server.log.segment.size.max = 1048576 (custom)
2023-07-06 10:48:14,219 [d927e26c-8fe2-4137-bd03-4653fe67c688-groupManagement] INFO  server.RaftServerConfigKeys (ConfUtils.java:logGet(46)) - raft.server.log.preallocated.size = 16384 (custom)
2023-07-06 10:48:14,219 [d927e26c-8fe2-4137-bd03-4653fe67c688-groupManagement] INFO  server.RaftServerConfigKeys (ConfUtils.java:logGet(46)) - raft.server.log.force.sync.num = 128 (default)
2023-07-06 10:48:14,219 [d927e26c-8fe2-4137-bd03-4653fe67c688-groupManagement] INFO  server.RaftServerConfigKeys (ConfUtils.java:logGet(46)) - raft.server.log.statemachine.data.sync = true (default)
2023-07-06 10:48:14,219 [d927e26c-8fe2-4137-bd03-4653fe67c688-groupManagement] INFO  server.RaftServerConfigKeys (ConfUtils.java:logGet(46)) - raft.server.log.statemachine.data.sync.timeout = 10s (default)
2023-07-06 10:48:14,220 [d927e26c-8fe2-4137-bd03-4653fe67c688-groupManagement] INFO  server.RaftServerConfigKeys (ConfUtils.java:logGet(46)) - raft.server.log.statemachine.data.sync.timeout.retry = -1 (default)
2023-07-06 10:48:14,224 [d927e26c-8fe2-4137-bd03-4653fe67c688-groupManagement] INFO  server.RaftServerConfigKeys (ConfUtils.java:logGet(46)) - raft.server.log.write.buffer.size = 1048576 (custom)
2023-07-06 10:48:14,226 [d927e26c-8fe2-4137-bd03-4653fe67c688-groupManagement] INFO  server.RaftServerConfigKeys (ConfUtils.java:logGet(46)) - raft.server.log.appender.buffer.byte-limit = 33554432 (custom)
2023-07-06 10:48:14,234 [d927e26c-8fe2-4137-bd03-4653fe67c688-groupManagement] INFO  server.RaftServerConfigKeys (ConfUtils.java:logGet(46)) - raft.server.log.unsafe-flush.enabled = false (default)
2023-07-06 10:48:14,234 [d927e26c-8fe2-4137-bd03-4653fe67c688-groupManagement] INFO  server.RaftServerConfigKeys (ConfUtils.java:logGet(46)) - raft.server.log.async-flush.enabled = false (default)
2023-07-06 10:48:14,234 [d927e26c-8fe2-4137-bd03-4653fe67c688-groupManagement] INFO  server.RaftServerConfigKeys (ConfUtils.java:logGet(46)) - raft.server.log.statemachine.data.caching.enabled = true (custom)
2023-07-06 10:48:14,235 [d927e26c-8fe2-4137-bd03-4653fe67c688-groupManagement] INFO  segmented.SegmentedRaftLogWorker (SegmentedRaftLogWorker.java:lambda$new$0(135)) - d927e26c-8fe2-4137-bd03-4653fe67c688@group-324AF65D15C7-SegmentedRaftLogWorker: flushIndex: setUnconditionally 0 -> -1
2023-07-06 10:48:14,235 [d927e26c-8fe2-4137-bd03-4653fe67c688-groupManagement] INFO  segmented.SegmentedRaftLogWorker (SegmentedRaftLogWorker.java:lambda$new$0(135)) - d927e26c-8fe2-4137-bd03-4653fe67c688@group-324AF65D15C7-SegmentedRaftLogWorker: safeCacheEvictIndex: setUnconditionally 0 -> -1
2023-07-06 10:48:14,235 [d927e26c-8fe2-4137-bd03-4653fe67c688-groupManagement] INFO  server.RaftServer$Division (RaftServerImpl.java:start(342)) - d927e26c-8fe2-4137-bd03-4653fe67c688@group-324AF65D15C7: start as a follower, conf=-1: peers:[d927e26c-8fe2-4137-bd03-4653fe67c688|rpc:10.1.0.19:15023|admin:10.1.0.19:15022|client:10.1.0.19:15021|dataStream:10.1.0.19:15024|priority:1|startupRole:FOLLOWER]|listeners:[], old=null
2023-07-06 10:48:14,235 [d927e26c-8fe2-4137-bd03-4653fe67c688-groupManagement] INFO  server.RaftServer$Division (RaftServerImpl.java:setRole(329)) - d927e26c-8fe2-4137-bd03-4653fe67c688@group-324AF65D15C7: changes role from      null to FOLLOWER at term 0 for startAsFollower
2023-07-06 10:48:14,235 [d927e26c-8fe2-4137-bd03-4653fe67c688-groupManagement] INFO  impl.RoleInfo (RoleInfo.java:updateAndGet(139)) - d927e26c-8fe2-4137-bd03-4653fe67c688: start d927e26c-8fe2-4137-bd03-4653fe67c688@group-324AF65D15C7-FollowerState
2023-07-06 10:48:14,236 [d927e26c-8fe2-4137-bd03-4653fe67c688@group-324AF65D15C7-FollowerState] INFO  server.RaftServerConfigKeys (ConfUtils.java:logFallback(53)) - raft.server.rpc.first-election.timeout.min = 5s (fallback to raft.server.rpc.timeout.min)
2023-07-06 10:48:14,236 [d927e26c-8fe2-4137-bd03-4653fe67c688@group-324AF65D15C7-FollowerState] INFO  server.RaftServerConfigKeys (ConfUtils.java:logFallback(53)) - raft.server.rpc.first-election.timeout.max = 5200ms (fallback to raft.server.rpc.timeout.max)
2023-07-06 10:48:14,236 [d927e26c-8fe2-4137-bd03-4653fe67c688-groupManagement] INFO  util.JmxRegister (JmxRegister.java:tryRegister(44)) - Successfully registered JMX Bean with object name Ratis:service=RaftServer,group=group-324AF65D15C7,id=d927e26c-8fe2-4137-bd03-4653fe67c688
2023-07-06 10:48:14,238 [d927e26c-8fe2-4137-bd03-4653fe67c688-groupManagement] INFO  server.RaftServerConfigKeys (ConfUtils.java:logGet(46)) - raft.server.snapshot.auto.trigger.enabled = true (custom)
2023-07-06 10:48:14,238 [d927e26c-8fe2-4137-bd03-4653fe67c688-groupManagement] INFO  server.RaftServerConfigKeys (ConfUtils.java:logGet(46)) - raft.server.snapshot.auto.trigger.threshold = 10000 (custom)
2023-07-06 10:48:14,238 [d927e26c-8fe2-4137-bd03-4653fe67c688-groupManagement] INFO  server.RaftServerConfigKeys (ConfUtils.java:logGet(46)) - raft.server.snapshot.retention.file.num = 5 (custom)
2023-07-06 10:48:14,238 [d927e26c-8fe2-4137-bd03-4653fe67c688-groupManagement] INFO  server.RaftServerConfigKeys (ConfUtils.java:logGet(46)) - raft.server.log.purge.upto.snapshot.index = false (default)
2023-07-06 10:48:14,241 [PipelineCommandHandlerThread-0] INFO  ratis.XceiverServerRatis (XceiverServerRatis.java:addGroup(804)) - Created group PipelineID=497bc7bf-6667-4084-a1d5-324af65d15c7
2023-07-06 10:48:14,241 [PipelineCommandHandlerThread-0] INFO  commandhandler.CreatePipelineCommandHandler (CreatePipelineCommandHandler.java:lambda$handle$2(124)) - Created Pipeline RATIS ONE PipelineID=497bc7bf-6667-4084-a1d5-324af65d15c7.
2023-07-06 10:48:14,247 [PipelineCommandHandlerThread-0] INFO  server.RaftServer (RaftServerProxy.java:addNew(98)) - d927e26c-8fe2-4137-bd03-4653fe67c688: addNew group-D2F834AC6072:[b02eaa79-f692-4c53-b57d-37cb88368c79|rpc:10.1.0.19:15032|admin:10.1.0.19:15031|client:10.1.0.19:15030|dataStream:10.1.0.19:15033|priority:0|startupRole:FOLLOWER, c18b64c4-7b5c-4e0a-b26c-2daf5f5ffc53|rpc:10.1.0.19:15014|admin:10.1.0.19:15013|client:10.1.0.19:15012|dataStream:10.1.0.19:15015|priority:0|startupRole:FOLLOWER, d927e26c-8fe2-4137-bd03-4653fe67c688|rpc:10.1.0.19:15023|admin:10.1.0.19:15022|client:10.1.0.19:15021|dataStream:10.1.0.19:15024|priority:1|startupRole:FOLLOWER] returns group-D2F834AC6072:java.util.concurrent.CompletableFuture@19511ebe[Not completed]
2023-07-06 10:48:14,249 [d927e26c-8fe2-4137-bd03-4653fe67c688-groupManagement] INFO  server.RaftServer$Division (RaftServerImpl.java:<init>(198)) - d927e26c-8fe2-4137-bd03-4653fe67c688: new RaftServerImpl for group-D2F834AC6072:[b02eaa79-f692-4c53-b57d-37cb88368c79|rpc:10.1.0.19:15032|admin:10.1.0.19:15031|client:10.1.0.19:15030|dataStream:10.1.0.19:15033|priority:0|startupRole:FOLLOWER, c18b64c4-7b5c-4e0a-b26c-2daf5f5ffc53|rpc:10.1.0.19:15014|admin:10.1.0.19:15013|client:10.1.0.19:15012|dataStream:10.1.0.19:15015|priority:0|startupRole:FOLLOWER, d927e26c-8fe2-4137-bd03-4653fe67c688|rpc:10.1.0.19:15023|admin:10.1.0.19:15022|client:10.1.0.19:15021|dataStream:10.1.0.19:15024|priority:1|startupRole:FOLLOWER] with ContainerStateMachine:uninitialized
2023-07-06 10:48:14,250 [d927e26c-8fe2-4137-bd03-4653fe67c688-groupManagement] INFO  server.RaftServerConfigKeys (ConfUtils.java:logGet(46)) - raft.server.rpc.timeout.min = 5s (custom)
2023-07-06 10:48:14,250 [d927e26c-8fe2-4137-bd03-4653fe67c688-groupManagement] INFO  server.RaftServerConfigKeys (ConfUtils.java:logGet(46)) - raft.server.rpc.timeout.max = 5200ms (custom)
2023-07-06 10:48:14,250 [d927e26c-8fe2-4137-bd03-4653fe67c688-groupManagement] INFO  server.RaftServerConfigKeys (ConfUtils.java:logGet(46)) - raft.server.rpc.sleep.time = 25ms (default)
2023-07-06 10:48:14,250 [d927e26c-8fe2-4137-bd03-4653fe67c688-groupManagement] INFO  server.RaftServerConfigKeys (ConfUtils.java:logGet(46)) - raft.server.rpc.slowness.timeout = 300s (custom)
2023-07-06 10:48:14,250 [d927e26c-8fe2-4137-bd03-4653fe67c688-groupManagement] INFO  server.RaftServerConfigKeys (ConfUtils.java:logGet(46)) - raft.server.leaderelection.leader.step-down.wait-time = 10s (default)
2023-07-06 10:48:14,250 [d927e26c-8fe2-4137-bd03-4653fe67c688-groupManagement] INFO  server.RaftServerConfigKeys (ConfUtils.java:logGet(46)) - raft.server.sleep.deviation.threshold = 300ms (default)
2023-07-06 10:48:14,250 [d927e26c-8fe2-4137-bd03-4653fe67c688-groupManagement] INFO  server.RaftServer$Division (ServerState.java:<init>(120)) - d927e26c-8fe2-4137-bd03-4653fe67c688@group-D2F834AC6072: ConfigurationManager, init=-1: peers:[b02eaa79-f692-4c53-b57d-37cb88368c79|rpc:10.1.0.19:15032|admin:10.1.0.19:15031|client:10.1.0.19:15030|dataStream:10.1.0.19:15033|priority:0|startupRole:FOLLOWER, c18b64c4-7b5c-4e0a-b26c-2daf5f5ffc53|rpc:10.1.0.19:15014|admin:10.1.0.19:15013|client:10.1.0.19:15012|dataStream:10.1.0.19:15015|priority:0|startupRole:FOLLOWER, d927e26c-8fe2-4137-bd03-4653fe67c688|rpc:10.1.0.19:15023|admin:10.1.0.19:15022|client:10.1.0.19:15021|dataStream:10.1.0.19:15024|priority:1|startupRole:FOLLOWER]|listeners:[], old=null, confs=<EMPTY_MAP>
2023-07-06 10:48:14,250 [d927e26c-8fe2-4137-bd03-4653fe67c688-groupManagement] INFO  server.RaftServerConfigKeys (ConfUtils.java:logGet(46)) - raft.server.storage.dir = [/home/runner/work/ozone/ozone/hadoop-ozone/integration-test/target/test-dir/MiniOzoneClusterImpl-8ecce792-0b29-40a4-bcd2-9922915e3450/datanode-1/data/ratis] (custom)
2023-07-06 10:48:14,250 [d927e26c-8fe2-4137-bd03-4653fe67c688-groupManagement] INFO  server.RaftServerConfigKeys (ConfUtils.java:logGet(46)) - raft.server.log.corruption.policy = EXCEPTION (default)
2023-07-06 10:48:14,251 [d927e26c-8fe2-4137-bd03-4653fe67c688-groupManagement] INFO  server.RaftServerConfigKeys (ConfUtils.java:logGet(46)) - raft.server.storage.free-space.min = 0MB (=0) (default)
2023-07-06 10:48:14,251 [d927e26c-8fe2-4137-bd03-4653fe67c688-groupManagement] INFO  server.RaftServerConfigKeys (ConfUtils.java:logGet(46)) - raft.server.notification.no-leader.timeout = 300s (custom)
2023-07-06 10:48:14,251 [d927e26c-8fe2-4137-bd03-4653fe67c688-groupManagement] INFO  server.RaftServerConfigKeys (ConfUtils.java:logGet(46)) - raft.server.read.timeout = 10s (default)
2023-07-06 10:48:14,251 [d927e26c-8fe2-4137-bd03-4653fe67c688-groupManagement] INFO  server.RaftServerConfigKeys (ConfUtils.java:logGet(46)) - raft.server.retrycache.expirytime = 600000ms (custom)
2023-07-06 10:48:14,251 [d927e26c-8fe2-4137-bd03-4653fe67c688-groupManagement] INFO  server.RaftServerConfigKeys (ConfUtils.java:logGet(46)) - raft.server.retrycache.statistics.expirytime = 100μs (default)
2023-07-06 10:48:14,251 [d927e26c-8fe2-4137-bd03-4653fe67c688-groupManagement] INFO  server.RaftServerConfigKeys (ConfUtils.java:logGet(46)) - raft.server.read.option = DEFAULT (default)
2023-07-06 10:48:14,253 [d927e26c-8fe2-4137-bd03-4653fe67c688-groupManagement] INFO  server.RaftServerConfigKeys (ConfUtils.java:logGet(46)) - raft.server.rpc.request.timeout = 60s (custom)
2023-07-06 10:48:14,258 [d927e26c-8fe2-4137-bd03-4653fe67c688-groupManagement] INFO  server.RaftServerConfigKeys (ConfUtils.java:logGet(46)) - raft.server.log.appender.install.snapshot.enabled = false (custom)
2023-07-06 10:48:14,258 [d927e26c-8fe2-4137-bd03-4653fe67c688-groupManagement] INFO  server.RaftServerConfigKeys (ConfUtils.java:logGet(46)) - raft.server.threadpool.server.cached = true (default)
2023-07-06 10:48:14,258 [d927e26c-8fe2-4137-bd03-4653fe67c688-groupManagement] INFO  server.RaftServerConfigKeys (ConfUtils.java:logGet(46)) - raft.server.threadpool.server.size = 0 (default)
2023-07-06 10:48:14,258 [d927e26c-8fe2-4137-bd03-4653fe67c688-groupManagement] INFO  server.RaftServerConfigKeys (ConfUtils.java:logGet(46)) - raft.server.threadpool.client.cached = true (default)
2023-07-06 10:48:14,258 [d927e26c-8fe2-4137-bd03-4653fe67c688-groupManagement] INFO  server.RaftServerConfigKeys (ConfUtils.java:logGet(46)) - raft.server.threadpool.client.size = 0 (default)
2023-07-06 10:48:14,258 [d927e26c-8fe2-4137-bd03-4653fe67c688-groupManagement] INFO  storage.RaftStorageDirectory (RaftStorageDirectoryImpl.java:analyzeStorage(137)) - The storage directory /home/runner/work/ozone/ozone/hadoop-ozone/integration-test/target/test-dir/MiniOzoneClusterImpl-8ecce792-0b29-40a4-bcd2-9922915e3450/datanode-1/data/ratis/2356d707-daad-4873-8cda-d2f834ac6072 does not exist. Creating ...
2023-07-06 10:48:14,261 [d927e26c-8fe2-4137-bd03-4653fe67c688-groupManagement] INFO  storage.RaftStorageDirectory (RaftStorageDirectoryImpl.java:tryLock(231)) - Lock on /home/runner/work/ozone/ozone/hadoop-ozone/integration-test/target/test-dir/MiniOzoneClusterImpl-8ecce792-0b29-40a4-bcd2-9922915e3450/datanode-1/data/ratis/2356d707-daad-4873-8cda-d2f834ac6072/in_use.lock acquired by nodename 110287@fv-az137-100
2023-07-06 10:48:14,264 [d927e26c-8fe2-4137-bd03-4653fe67c688-groupManagement] INFO  storage.RaftStorage (RaftStorageImpl.java:format(96)) - Storage directory /home/runner/work/ozone/ozone/hadoop-ozone/integration-test/target/test-dir/MiniOzoneClusterImpl-8ecce792-0b29-40a4-bcd2-9922915e3450/datanode-1/data/ratis/2356d707-daad-4873-8cda-d2f834ac6072 has been successfully formatted.
2023-07-06 10:48:14,264 [d927e26c-8fe2-4137-bd03-4653fe67c688-groupManagement] INFO  ratis.ContainerStateMachine (ContainerStateMachine.java:loadSnapshot(262)) - group-D2F834AC6072: The snapshot info is null. Setting the last applied indexto:(t:0, i:~)
2023-07-06 10:48:14,264 [d927e26c-8fe2-4137-bd03-4653fe67c688-groupManagement] INFO  server.RaftServerConfigKeys (ConfUtils.java:logGet(46)) - raft.server.log.use.memory = false (default)
2023-07-06 10:48:14,264 [d927e26c-8fe2-4137-bd03-4653fe67c688-groupManagement] INFO  server.RaftServerConfigKeys (ConfUtils.java:logGet(46)) - raft.server.log.purge.gap = 1000000 (custom)
2023-07-06 10:48:14,264 [d927e26c-8fe2-4137-bd03-4653fe67c688-groupManagement] INFO  server.RaftServerConfigKeys (ConfUtils.java:logGet(46)) - raft.server.log.appender.buffer.byte-limit = 33554432 (custom)
2023-07-06 10:48:14,264 [d927e26c-8fe2-4137-bd03-4653fe67c688-groupManagement] INFO  server.RaftServerConfigKeys (ConfUtils.java:logGet(46)) - raft.server.log.statemachine.data.read.timeout = 1000ms (default)
2023-07-06 10:48:14,265 [d927e26c-8fe2-4137-bd03-4653fe67c688-groupManagement] INFO  server.RaftServerConfigKeys (ConfUtils.java:logGet(46)) - raft.server.log.purge.preservation.log.num = 0 (default)
2023-07-06 10:48:14,265 [d927e26c-8fe2-4137-bd03-4653fe67c688-groupManagement] INFO  server.RaftServerConfigKeys (ConfUtils.java:logGet(46)) - raft.server.log.segment.size.max = 1048576 (custom)
2023-07-06 10:48:14,268 [EventQueue-OpenPipelineForHealthyPipelineSafeModeRule] INFO  safemode.SCMSafeModeManager (HealthyPipelineSafeModeRule.java:process(137)) - SCM in safe mode. Healthy pipelines reported count is 0, required healthy pipeline reported count is 1
2023-07-06 10:48:14,271 [d927e26c-8fe2-4137-bd03-4653fe67c688-groupManagement] INFO  server.RaftServerConfigKeys (ConfUtils.java:logGet(46)) - raft.server.log.segment.cache.num.max = 2 (custom)
2023-07-06 10:48:14,271 [d927e26c-8fe2-4137-bd03-4653fe67c688-groupManagement] INFO  server.RaftServerConfigKeys (ConfUtils.java:logGet(46)) - raft.server.log.segment.cache.size.max = 200MB (=209715200) (default)
2023-07-06 10:48:14,271 [d927e26c-8fe2-4137-bd03-4653fe67c688-groupManagement] INFO  server.RaftServerConfigKeys (ConfUtils.java:logGet(46)) - raft.server.log.appender.buffer.byte-limit = 33554432 (custom)
2023-07-06 10:48:14,271 [d927e26c-8fe2-4137-bd03-4653fe67c688-groupManagement] INFO  segmented.SegmentedRaftLogWorker (SegmentedRaftLogWorker.java:<init>(188)) - new d927e26c-8fe2-4137-bd03-4653fe67c688@group-D2F834AC6072-SegmentedRaftLogWorker for RaftStorageImpl:Storage Directory /home/runner/work/ozone/ozone/hadoop-ozone/integration-test/target/test-dir/MiniOzoneClusterImpl-8ecce792-0b29-40a4-bcd2-9922915e3450/datanode-1/data/ratis/2356d707-daad-4873-8cda-d2f834ac6072
2023-07-06 10:48:14,275 [d927e26c-8fe2-4137-bd03-4653fe67c688-groupManagement] INFO  server.RaftServerConfigKeys (ConfUtils.java:logGet(46)) - raft.server.log.queue.byte-limit = 4294967296 (custom)
2023-07-06 10:48:14,276 [d927e26c-8fe2-4137-bd03-4653fe67c688-groupManagement] INFO  server.RaftServerConfigKeys (ConfUtils.java:logGet(46)) - raft.server.log.queue.element-limit = 1024 (custom)
2023-07-06 10:48:14,276 [d927e26c-8fe2-4137-bd03-4653fe67c688-groupManagement] INFO  server.RaftServerConfigKeys (ConfUtils.java:logGet(46)) - raft.server.log.segment.size.max = 1048576 (custom)
2023-07-06 10:48:14,276 [d927e26c-8fe2-4137-bd03-4653fe67c688-groupManagement] INFO  server.RaftServerConfigKeys (ConfUtils.java:logGet(46)) - raft.server.log.preallocated.size = 16384 (custom)
2023-07-06 10:48:14,276 [d927e26c-8fe2-4137-bd03-4653fe67c688-groupManagement] INFO  server.RaftServerConfigKeys (ConfUtils.java:logGet(46)) - raft.server.log.force.sync.num = 128 (default)
2023-07-06 10:48:14,276 [d927e26c-8fe2-4137-bd03-4653fe67c688-groupManagement] INFO  server.RaftServerConfigKeys (ConfUtils.java:logGet(46)) - raft.server.log.statemachine.data.sync = true (default)
2023-07-06 10:48:14,276 [d927e26c-8fe2-4137-bd03-4653fe67c688-groupManagement] INFO  server.RaftServerConfigKeys (ConfUtils.java:logGet(46)) - raft.server.log.statemachine.data.sync.timeout = 10s (default)
2023-07-06 10:48:14,276 [d927e26c-8fe2-4137-bd03-4653fe67c688-groupManagement] INFO  server.RaftServerConfigKeys (ConfUtils.java:logGet(46)) - raft.server.log.statemachine.data.sync.timeout.retry = -1 (default)
2023-07-06 10:48:14,279 [d927e26c-8fe2-4137-bd03-4653fe67c688-groupManagement] INFO  server.RaftServerConfigKeys (ConfUtils.java:logGet(46)) - raft.server.log.write.buffer.size = 1048576 (custom)
2023-07-06 10:48:14,281 [d927e26c-8fe2-4137-bd03-4653fe67c688-groupManagement] INFO  server.RaftServerConfigKeys (ConfUtils.java:logGet(46)) - raft.server.log.appender.buffer.byte-limit = 33554432 (custom)
2023-07-06 10:48:14,290 [d927e26c-8fe2-4137-bd03-4653fe67c688-groupManagement] INFO  server.RaftServerConfigKeys (ConfUtils.java:logGet(46)) - raft.server.log.unsafe-flush.enabled = false (default)
2023-07-06 10:48:14,290 [d927e26c-8fe2-4137-bd03-4653fe67c688-groupManagement] INFO  server.RaftServerConfigKeys (ConfUtils.java:logGet(46)) - raft.server.log.async-flush.enabled = false (default)
2023-07-06 10:48:14,290 [d927e26c-8fe2-4137-bd03-4653fe67c688-groupManagement] INFO  server.RaftServerConfigKeys (ConfUtils.java:logGet(46)) - raft.server.log.statemachine.data.caching.enabled = true (custom)
2023-07-06 10:48:14,290 [d927e26c-8fe2-4137-bd03-4653fe67c688-groupManagement] INFO  segmented.SegmentedRaftLogWorker (SegmentedRaftLogWorker.java:lambda$new$0(135)) - d927e26c-8fe2-4137-bd03-4653fe67c688@group-D2F834AC6072-SegmentedRaftLogWorker: flushIndex: setUnconditionally 0 -> -1
2023-07-06 10:48:14,290 [d927e26c-8fe2-4137-bd03-4653fe67c688-groupManagement] INFO  segmented.SegmentedRaftLogWorker (SegmentedRaftLogWorker.java:lambda$new$0(135)) - d927e26c-8fe2-4137-bd03-4653fe67c688@group-D2F834AC6072-SegmentedRaftLogWorker: safeCacheEvictIndex: setUnconditionally 0 -> -1
2023-07-06 10:48:14,291 [d927e26c-8fe2-4137-bd03-4653fe67c688-groupManagement] INFO  server.RaftServer$Division (RaftServerImpl.java:start(342)) - d927e26c-8fe2-4137-bd03-4653fe67c688@group-D2F834AC6072: start as a follower, conf=-1: peers:[b02eaa79-f692-4c53-b57d-37cb88368c79|rpc:10.1.0.19:15032|admin:10.1.0.19:15031|client:10.1.0.19:15030|dataStream:10.1.0.19:15033|priority:0|startupRole:FOLLOWER, c18b64c4-7b5c-4e0a-b26c-2daf5f5ffc53|rpc:10.1.0.19:15014|admin:10.1.0.19:15013|client:10.1.0.19:15012|dataStream:10.1.0.19:15015|priority:0|startupRole:FOLLOWER, d927e26c-8fe2-4137-bd03-4653fe67c688|rpc:10.1.0.19:15023|admin:10.1.0.19:15022|client:10.1.0.19:15021|dataStream:10.1.0.19:15024|priority:1|startupRole:FOLLOWER]|listeners:[], old=null
2023-07-06 10:48:14,291 [d927e26c-8fe2-4137-bd03-4653fe67c688-groupManagement] INFO  server.RaftServer$Division (RaftServerImpl.java:setRole(329)) - d927e26c-8fe2-4137-bd03-4653fe67c688@group-D2F834AC6072: changes role from      null to FOLLOWER at term 0 for startAsFollower
2023-07-06 10:48:14,291 [d927e26c-8fe2-4137-bd03-4653fe67c688-groupManagement] INFO  impl.RoleInfo (RoleInfo.java:updateAndGet(139)) - d927e26c-8fe2-4137-bd03-4653fe67c688: start d927e26c-8fe2-4137-bd03-4653fe67c688@group-D2F834AC6072-FollowerState
2023-07-06 10:48:14,291 [d927e26c-8fe2-4137-bd03-4653fe67c688-groupManagement] INFO  util.JmxRegister (JmxRegister.java:tryRegister(44)) - Successfully registered JMX Bean with object name Ratis:service=RaftServer,group=group-D2F834AC6072,id=d927e26c-8fe2-4137-bd03-4653fe67c688
2023-07-06 10:48:14,291 [d927e26c-8fe2-4137-bd03-4653fe67c688-groupManagement] INFO  server.RaftServerConfigKeys (ConfUtils.java:logGet(46)) - raft.server.snapshot.auto.trigger.enabled = true (custom)
2023-07-06 10:48:14,291 [d927e26c-8fe2-4137-bd03-4653fe67c688-groupManagement] INFO  server.RaftServerConfigKeys (ConfUtils.java:logGet(46)) - raft.server.snapshot.auto.trigger.threshold = 10000 (custom)
2023-07-06 10:48:14,291 [d927e26c-8fe2-4137-bd03-4653fe67c688-groupManagement] INFO  server.RaftServerConfigKeys (ConfUtils.java:logGet(46)) - raft.server.snapshot.retention.file.num = 5 (custom)
2023-07-06 10:48:14,292 [d927e26c-8fe2-4137-bd03-4653fe67c688-groupManagement] INFO  server.RaftServerConfigKeys (ConfUtils.java:logGet(46)) - raft.server.log.purge.upto.snapshot.index = false (default)
2023-07-06 10:48:14,293 [d927e26c-8fe2-4137-bd03-4653fe67c688@group-D2F834AC6072-FollowerState] INFO  server.RaftServerConfigKeys (ConfUtils.java:logFallback(53)) - raft.server.rpc.first-election.timeout.min = 5s (fallback to raft.server.rpc.timeout.min)
2023-07-06 10:48:14,297 [PipelineCommandHandlerThread-0] INFO  ratis.XceiverServerRatis (XceiverServerRatis.java:addGroup(804)) - Created group PipelineID=2356d707-daad-4873-8cda-d2f834ac6072
2023-07-06 10:48:14,316 [d927e26c-8fe2-4137-bd03-4653fe67c688@group-D2F834AC6072-FollowerState] INFO  server.RaftServerConfigKeys (ConfUtils.java:logFallback(53)) - raft.server.rpc.first-election.timeout.max = 5200ms (fallback to raft.server.rpc.timeout.max)
2023-07-06 10:48:14,414 [IPC Server handler 11 on default port 15002] INFO  net.NetworkTopologyImpl (NetworkTopologyImpl.java:add(112)) - Added a new node: /default-rack/30003da1-a7bf-44b2-b897-92f161ae05e1
2023-07-06 10:48:14,414 [IPC Server handler 11 on default port 15002] INFO  node.SCMNodeManager (SCMNodeManager.java:register(405)) - Registered Data node : 30003da1-a7bf-44b2-b897-92f161ae05e1{ip: 10.1.0.19, host: fv-az137-100.aripajfx3awelhgv3otau1goqd.bx.internal.cloudapp.net, ports: [HTTP=15081, CLIENT_RPC=15082, REPLICATION=15088, RATIS=15084, RATIS_ADMIN=15085, RATIS_SERVER=15086, RATIS_DATASTREAM=15087, STANDALONE=15083], networkLocation: /default-rack, certSerialId: null, persistedOpState: null, persistedOpStateExpiryEpochSec: 0}
2023-07-06 10:48:14,415 [EventQueue-NewNodeForNewNodeHandler] INFO  pipeline.BackgroundPipelineCreator (BackgroundPipelineCreator.java:notifyEventTriggered(277)) - trigger a one-shot run on RatisPipelineUtilsThread.
2023-07-06 10:48:14,416 [RatisPipelineUtilsThread - 0] INFO  pipeline.RatisPipelineProvider (RatisPipelineProvider.java:lambda$create$0(206)) - Sending CreatePipelineCommand for pipeline:PipelineID=60c544b6-4bb0-4107-82eb-b4c0aa62a58b to datanode:30003da1-a7bf-44b2-b897-92f161ae05e1
2023-07-06 10:48:14,418 [RatisPipelineUtilsThread - 0] INFO  pipeline.BackgroundPipelineCreator (BackgroundPipelineCreator.java:createPipelines(233)) - Created new pipeline Pipeline[ Id: 60c544b6-4bb0-4107-82eb-b4c0aa62a58b, Nodes: 30003da1-a7bf-44b2-b897-92f161ae05e1(fv-az137-100.aripajfx3awelhgv3otau1goqd.bx.internal.cloudapp.net/10.1.0.19), ReplicationConfig: RATIS/ONE, State:ALLOCATED, leaderId:, CreationTimestamp2023-07-06T10:48:14.416Z[Etc/UTC]]
2023-07-06 10:48:14,420 [RatisPipelineUtilsThread - 0] INFO  pipeline.RatisPipelineProvider (RatisPipelineProvider.java:lambda$create$0(206)) - Sending CreatePipelineCommand for pipeline:PipelineID=4d64190f-4f00-4c76-8d10-744e734ae1c7 to datanode:2536bb46-c5d2-4252-aed1-a79348143fe8
2023-07-06 10:48:14,422 [RatisPipelineUtilsThread - 0] INFO  pipeline.RatisPipelineProvider (RatisPipelineProvider.java:lambda$create$0(206)) - Sending CreatePipelineCommand for pipeline:PipelineID=4d64190f-4f00-4c76-8d10-744e734ae1c7 to datanode:30003da1-a7bf-44b2-b897-92f161ae05e1
2023-07-06 10:48:14,422 [RatisPipelineUtilsThread - 0] INFO  pipeline.RatisPipelineProvider (RatisPipelineProvider.java:lambda$create$0(206)) - Sending CreatePipelineCommand for pipeline:PipelineID=4d64190f-4f00-4c76-8d10-744e734ae1c7 to datanode:afdb1d22-58a1-4785-9bfd-1bd49c8784e6
2023-07-06 10:48:14,423 [RatisPipelineUtilsThread - 0] INFO  pipeline.BackgroundPipelineCreator (BackgroundPipelineCreator.java:createPipelines(233)) - Created new pipeline Pipeline[ Id: 4d64190f-4f00-4c76-8d10-744e734ae1c7, Nodes: 2536bb46-c5d2-4252-aed1-a79348143fe8(fv-az137-100.aripajfx3awelhgv3otau1goqd.bx.internal.cloudapp.net/10.1.0.19)30003da1-a7bf-44b2-b897-92f161ae05e1(fv-az137-100.aripajfx3awelhgv3otau1goqd.bx.internal.cloudapp.net/10.1.0.19)afdb1d22-58a1-4785-9bfd-1bd49c8784e6(fv-az137-100.aripajfx3awelhgv3otau1goqd.bx.internal.cloudapp.net/10.1.0.19), ReplicationConfig: RATIS/THREE, State:ALLOCATED, leaderId:, CreationTimestamp2023-07-06T10:48:14.420Z[Etc/UTC]]
2023-07-06 10:48:14,428 [RatisPipelineUtilsThread - 0] INFO  pipeline.RatisPipelineProvider (RatisPipelineProvider.java:lambda$create$0(206)) - Sending CreatePipelineCommand for pipeline:PipelineID=1d4f6905-e586-4554-9b7a-f800a58ffc0a to datanode:2536bb46-c5d2-4252-aed1-a79348143fe8
2023-07-06 10:48:14,428 [RatisPipelineUtilsThread - 0] INFO  pipeline.RatisPipelineProvider (RatisPipelineProvider.java:lambda$create$0(206)) - Sending CreatePipelineCommand for pipeline:PipelineID=1d4f6905-e586-4554-9b7a-f800a58ffc0a to datanode:afdb1d22-58a1-4785-9bfd-1bd49c8784e6
2023-07-06 10:48:14,428 [RatisPipelineUtilsThread - 0] INFO  pipeline.RatisPipelineProvider (RatisPipelineProvider.java:lambda$create$0(206)) - Sending CreatePipelineCommand for pipeline:PipelineID=1d4f6905-e586-4554-9b7a-f800a58ffc0a to datanode:30003da1-a7bf-44b2-b897-92f161ae05e1
2023-07-06 10:48:14,429 [RatisPipelineUtilsThread - 0] INFO  pipeline.PipelineManagerImpl (PipelineManagerImpl.java:recordMetricsForPipeline(895)) - Pipeline: PipelineID=1d4f6905-e586-4554-9b7a-f800a58ffc0a contains same datanodes as previous pipelines: PipelineID=4d64190f-4f00-4c76-8d10-744e734ae1c7 nodeIds: 2536bb46-c5d2-4252-aed1-a79348143fe8, afdb1d22-58a1-4785-9bfd-1bd49c8784e6, 30003da1-a7bf-44b2-b897-92f161ae05e1
2023-07-06 10:48:14,429 [RatisPipelineUtilsThread - 0] INFO  pipeline.BackgroundPipelineCreator (BackgroundPipelineCreator.java:createPipelines(233)) - Created new pipeline Pipeline[ Id: 1d4f6905-e586-4554-9b7a-f800a58ffc0a, Nodes: 2536bb46-c5d2-4252-aed1-a79348143fe8(fv-az137-100.aripajfx3awelhgv3otau1goqd.bx.internal.cloudapp.net/10.1.0.19)afdb1d22-58a1-4785-9bfd-1bd49c8784e6(fv-az137-100.aripajfx3awelhgv3otau1goqd.bx.internal.cloudapp.net/10.1.0.19)30003da1-a7bf-44b2-b897-92f161ae05e1(fv-az137-100.aripajfx3awelhgv3otau1goqd.bx.internal.cloudapp.net/10.1.0.19), ReplicationConfig: RATIS/THREE, State:ALLOCATED, leaderId:, CreationTimestamp2023-07-06T10:48:14.428Z[Etc/UTC]]
2023-07-06 10:48:14,430 [RatisPipelineUtilsThread - 0] WARN  pipeline.PipelinePlacementPolicy (PipelinePlacementPolicy.java:filterViableNodes(166)) - Pipeline creation failed due to no sufficient healthy datanodes. Required 3. Found 0. Excluded 9.
2023-07-06 10:48:14,447 [grpc-default-executor-0] INFO  server.RaftServer (RaftServerProxy.java:addNew(98)) - b02eaa79-f692-4c53-b57d-37cb88368c79: addNew group-D2F834AC6072:[b02eaa79-f692-4c53-b57d-37cb88368c79|rpc:10.1.0.19:15032|admin:10.1.0.19:15031|client:10.1.0.19:15030|dataStream:10.1.0.19:15033|priority:0|startupRole:FOLLOWER, c18b64c4-7b5c-4e0a-b26c-2daf5f5ffc53|rpc:10.1.0.19:15014|admin:10.1.0.19:15013|client:10.1.0.19:15012|dataStream:10.1.0.19:15015|priority:0|startupRole:FOLLOWER, d927e26c-8fe2-4137-bd03-4653fe67c688|rpc:10.1.0.19:15023|admin:10.1.0.19:15022|client:10.1.0.19:15021|dataStream:10.1.0.19:15024|priority:1|startupRole:FOLLOWER] returns group-D2F834AC6072:java.util.concurrent.CompletableFuture@616cdd7b[Not completed]
2023-07-06 10:48:14,458 [b02eaa79-f692-4c53-b57d-37cb88368c79-groupManagement] INFO  server.RaftServer$Division (RaftServerImpl.java:<init>(198)) - b02eaa79-f692-4c53-b57d-37cb88368c79: new RaftServerImpl for group-D2F834AC6072:[b02eaa79-f692-4c53-b57d-37cb88368c79|rpc:10.1.0.19:15032|admin:10.1.0.19:15031|client:10.1.0.19:15030|dataStream:10.1.0.19:15033|priority:0|startupRole:FOLLOWER, c18b64c4-7b5c-4e0a-b26c-2daf5f5ffc53|rpc:10.1.0.19:15014|admin:10.1.0.19:15013|client:10.1.0.19:15012|dataStream:10.1.0.19:15015|priority:0|startupRole:FOLLOWER, d927e26c-8fe2-4137-bd03-4653fe67c688|rpc:10.1.0.19:15023|admin:10.1.0.19:15022|client:10.1.0.19:15021|dataStream:10.1.0.19:15024|priority:1|startupRole:FOLLOWER] with ContainerStateMachine:uninitialized
2023-07-06 10:48:14,459 [b02eaa79-f692-4c53-b57d-37cb88368c79-groupManagement] INFO  server.RaftServerConfigKeys (ConfUtils.java:logGet(46)) - raft.server.rpc.timeout.min = 5s (custom)
2023-07-06 10:48:14,459 [b02eaa79-f692-4c53-b57d-37cb88368c79-groupManagement] INFO  server.RaftServerConfigKeys (ConfUtils.java:logGet(46)) - raft.server.rpc.timeout.max = 5200ms (custom)
2023-07-06 10:48:14,459 [b02eaa79-f692-4c53-b57d-37cb88368c79-groupManagement] INFO  server.RaftServerConfigKeys (ConfUtils.java:logGet(46)) - raft.server.rpc.sleep.time = 25ms (default)
2023-07-06 10:48:14,459 [b02eaa79-f692-4c53-b57d-37cb88368c79-groupManagement] INFO  server.RaftServerConfigKeys (ConfUtils.java:logGet(46)) - raft.server.rpc.slowness.timeout = 300s (custom)
2023-07-06 10:48:14,459 [b02eaa79-f692-4c53-b57d-37cb88368c79-groupManagement] INFO  server.RaftServerConfigKeys (ConfUtils.java:logGet(46)) - raft.server.leaderelection.leader.step-down.wait-time = 10s (default)
2023-07-06 10:48:14,459 [b02eaa79-f692-4c53-b57d-37cb88368c79-groupManagement] INFO  server.RaftServerConfigKeys (ConfUtils.java:logGet(46)) - raft.server.sleep.deviation.threshold = 300ms (default)
2023-07-06 10:48:14,459 [b02eaa79-f692-4c53-b57d-37cb88368c79-groupManagement] INFO  server.RaftServer$Division (ServerState.java:<init>(120)) - b02eaa79-f692-4c53-b57d-37cb88368c79@group-D2F834AC6072: ConfigurationManager, init=-1: peers:[b02eaa79-f692-4c53-b57d-37cb88368c79|rpc:10.1.0.19:15032|admin:10.1.0.19:15031|client:10.1.0.19:15030|dataStream:10.1.0.19:15033|priority:0|startupRole:FOLLOWER, c18b64c4-7b5c-4e0a-b26c-2daf5f5ffc53|rpc:10.1.0.19:15014|admin:10.1.0.19:15013|client:10.1.0.19:15012|dataStream:10.1.0.19:15015|priority:0|startupRole:FOLLOWER, d927e26c-8fe2-4137-bd03-4653fe67c688|rpc:10.1.0.19:15023|admin:10.1.0.19:15022|client:10.1.0.19:15021|dataStream:10.1.0.19:15024|priority:1|startupRole:FOLLOWER]|listeners:[], old=null, confs=<EMPTY_MAP>
2023-07-06 10:48:14,459 [b02eaa79-f692-4c53-b57d-37cb88368c79-groupManagement] INFO  server.RaftServerConfigKeys (ConfUtils.java:logGet(46)) - raft.server.storage.dir = [/home/runner/work/ozone/ozone/hadoop-ozone/integration-test/target/test-dir/MiniOzoneClusterImpl-8ecce792-0b29-40a4-bcd2-9922915e3450/datanode-2/data/ratis] (custom)
2023-07-06 10:48:14,462 [b02eaa79-f692-4c53-b57d-37cb88368c79-groupManagement] INFO  server.RaftServerConfigKeys (ConfUtils.java:logGet(46)) - raft.server.log.corruption.policy = EXCEPTION (default)
2023-07-06 10:48:14,462 [b02eaa79-f692-4c53-b57d-37cb88368c79-groupManagement] INFO  server.RaftServerConfigKeys (ConfUtils.java:logGet(46)) - raft.server.storage.free-space.min = 0MB (=0) (default)
2023-07-06 10:48:14,462 [b02eaa79-f692-4c53-b57d-37cb88368c79-groupManagement] INFO  server.RaftServerConfigKeys (ConfUtils.java:logGet(46)) - raft.server.notification.no-leader.timeout = 300s (custom)
2023-07-06 10:48:14,462 [b02eaa79-f692-4c53-b57d-37cb88368c79-groupManagement] INFO  server.RaftServerConfigKeys (ConfUtils.java:logGet(46)) - raft.server.read.timeout = 10s (default)
2023-07-06 10:48:14,462 [b02eaa79-f692-4c53-b57d-37cb88368c79-groupManagement] INFO  server.RaftServerConfigKeys (ConfUtils.java:logGet(46)) - raft.server.retrycache.expirytime = 600000ms (custom)
2023-07-06 10:48:14,462 [b02eaa79-f692-4c53-b57d-37cb88368c79-groupManagement] INFO  server.RaftServerConfigKeys (ConfUtils.java:logGet(46)) - raft.server.retrycache.statistics.expirytime = 100μs (default)
2023-07-06 10:48:14,462 [b02eaa79-f692-4c53-b57d-37cb88368c79-groupManagement] INFO  server.RaftServerConfigKeys (ConfUtils.java:logGet(46)) - raft.server.read.option = DEFAULT (default)
2023-07-06 10:48:14,468 [b02eaa79-f692-4c53-b57d-37cb88368c79-groupManagement] INFO  server.RaftServerConfigKeys (ConfUtils.java:logGet(46)) - raft.server.rpc.request.timeout = 60s (custom)
2023-07-06 10:48:14,468 [b02eaa79-f692-4c53-b57d-37cb88368c79-groupManagement] INFO  server.RaftServerConfigKeys (ConfUtils.java:logGet(46)) - raft.server.log.appender.install.snapshot.enabled = false (custom)
2023-07-06 10:48:14,468 [b02eaa79-f692-4c53-b57d-37cb88368c79-groupManagement] INFO  server.RaftServerConfigKeys (ConfUtils.java:logGet(46)) - raft.server.threadpool.server.cached = true (default)
2023-07-06 10:48:14,471 [b02eaa79-f692-4c53-b57d-37cb88368c79-groupManagement] INFO  server.RaftServerConfigKeys (ConfUtils.java:logGet(46)) - raft.server.threadpool.server.size = 0 (default)
2023-07-06 10:48:14,471 [b02eaa79-f692-4c53-b57d-37cb88368c79-groupManagement] INFO  server.RaftServerConfigKeys (ConfUtils.java:logGet(46)) - raft.server.threadpool.client.cached = true (default)
2023-07-06 10:48:14,472 [b02eaa79-f692-4c53-b57d-37cb88368c79-groupManagement] INFO  server.RaftServerConfigKeys (ConfUtils.java:logGet(46)) - raft.server.threadpool.client.size = 0 (default)
2023-07-06 10:48:14,472 [b02eaa79-f692-4c53-b57d-37cb88368c79-groupManagement] INFO  storage.RaftStorageDirectory (RaftStorageDirectoryImpl.java:analyzeStorage(137)) - The storage directory /home/runner/work/ozone/ozone/hadoop-ozone/integration-test/target/test-dir/MiniOzoneClusterImpl-8ecce792-0b29-40a4-bcd2-9922915e3450/datanode-2/data/ratis/2356d707-daad-4873-8cda-d2f834ac6072 does not exist. Creating ...
2023-07-06 10:48:14,476 [b02eaa79-f692-4c53-b57d-37cb88368c79-groupManagement] INFO  storage.RaftStorageDirectory (RaftStorageDirectoryImpl.java:tryLock(231)) - Lock on /home/runner/work/ozone/ozone/hadoop-ozone/integration-test/target/test-dir/MiniOzoneClusterImpl-8ecce792-0b29-40a4-bcd2-9922915e3450/datanode-2/data/ratis/2356d707-daad-4873-8cda-d2f834ac6072/in_use.lock acquired by nodename 110287@fv-az137-100
2023-07-06 10:48:14,479 [b02eaa79-f692-4c53-b57d-37cb88368c79-groupManagement] INFO  storage.RaftStorage (RaftStorageImpl.java:format(96)) - Storage directory /home/runner/work/ozone/ozone/hadoop-ozone/integration-test/target/test-dir/MiniOzoneClusterImpl-8ecce792-0b29-40a4-bcd2-9922915e3450/datanode-2/data/ratis/2356d707-daad-4873-8cda-d2f834ac6072 has been successfully formatted.
2023-07-06 10:48:14,481 [b02eaa79-f692-4c53-b57d-37cb88368c79-groupManagement] INFO  ratis.ContainerStateMachine (ContainerStateMachine.java:loadSnapshot(262)) - group-D2F834AC6072: The snapshot info is null. Setting the last applied indexto:(t:0, i:~)
2023-07-06 10:48:14,481 [b02eaa79-f692-4c53-b57d-37cb88368c79-groupManagement] INFO  server.RaftServerConfigKeys (ConfUtils.java:logGet(46)) - raft.server.log.use.memory = false (default)
2023-07-06 10:48:14,481 [b02eaa79-f692-4c53-b57d-37cb88368c79-groupManagement] INFO  server.RaftServerConfigKeys (ConfUtils.java:logGet(46)) - raft.server.log.purge.gap = 1000000 (custom)
2023-07-06 10:48:14,481 [b02eaa79-f692-4c53-b57d-37cb88368c79-groupManagement] INFO  server.RaftServerConfigKeys (ConfUtils.java:logGet(46)) - raft.server.log.appender.buffer.byte-limit = 33554432 (custom)
2023-07-06 10:48:14,494 [b02eaa79-f692-4c53-b57d-37cb88368c79-groupManagement] INFO  server.RaftServerConfigKeys (ConfUtils.java:logGet(46)) - raft.server.log.statemachine.data.read.timeout = 1000ms (default)
2023-07-06 10:48:14,494 [b02eaa79-f692-4c53-b57d-37cb88368c79-groupManagement] INFO  server.RaftServerConfigKeys (ConfUtils.java:logGet(46)) - raft.server.log.purge.preservation.log.num = 0 (default)
2023-07-06 10:48:14,495 [b02eaa79-f692-4c53-b57d-37cb88368c79-groupManagement] INFO  server.RaftServerConfigKeys (ConfUtils.java:logGet(46)) - raft.server.log.segment.size.max = 1048576 (custom)
2023-07-06 10:48:14,495 [b02eaa79-f692-4c53-b57d-37cb88368c79-groupManagement] INFO  server.RaftServerConfigKeys (ConfUtils.java:logGet(46)) - raft.server.log.segment.cache.num.max = 2 (custom)
2023-07-06 10:48:14,495 [b02eaa79-f692-4c53-b57d-37cb88368c79-groupManagement] INFO  server.RaftServerConfigKeys (ConfUtils.java:logGet(46)) - raft.server.log.segment.cache.size.max = 200MB (=209715200) (default)
2023-07-06 10:48:14,495 [b02eaa79-f692-4c53-b57d-37cb88368c79-groupManagement] INFO  server.RaftServerConfigKeys (ConfUtils.java:logGet(46)) - raft.server.log.appender.buffer.byte-limit = 33554432 (custom)
2023-07-06 10:48:14,495 [b02eaa79-f692-4c53-b57d-37cb88368c79-groupManagement] INFO  segmented.SegmentedRaftLogWorker (SegmentedRaftLogWorker.java:<init>(188)) - new b02eaa79-f692-4c53-b57d-37cb88368c79@group-D2F834AC6072-SegmentedRaftLogWorker for RaftStorageImpl:Storage Directory /home/runner/work/ozone/ozone/hadoop-ozone/integration-test/target/test-dir/MiniOzoneClusterImpl-8ecce792-0b29-40a4-bcd2-9922915e3450/datanode-2/data/ratis/2356d707-daad-4873-8cda-d2f834ac6072
2023-07-06 10:48:14,496 [b02eaa79-f692-4c53-b57d-37cb88368c79-groupManagement] INFO  server.RaftServerConfigKeys (ConfUtils.java:logGet(46)) - raft.server.log.queue.byte-limit = 4294967296 (custom)
2023-07-06 10:48:14,496 [b02eaa79-f692-4c53-b57d-37cb88368c79-groupManagement] INFO  server.RaftServerConfigKeys (ConfUtils.java:logGet(46)) - raft.server.log.queue.element-limit = 1024 (custom)
2023-07-06 10:48:14,496 [b02eaa79-f692-4c53-b57d-37cb88368c79-groupManagement] INFO  server.RaftServerConfigKeys (ConfUtils.java:logGet(46)) - raft.server.log.segment.size.max = 1048576 (custom)
2023-07-06 10:48:14,496 [b02eaa79-f692-4c53-b57d-37cb88368c79-groupManagement] INFO  server.RaftServerConfigKeys (ConfUtils.java:logGet(46)) - raft.server.log.preallocated.size = 16384 (custom)
2023-07-06 10:48:14,496 [b02eaa79-f692-4c53-b57d-37cb88368c79-groupManagement] INFO  server.RaftServerConfigKeys (ConfUtils.java:logGet(46)) - raft.server.log.force.sync.num = 128 (default)
2023-07-06 10:48:14,496 [b02eaa79-f692-4c53-b57d-37cb88368c79-groupManagement] INFO  server.RaftServerConfigKeys (ConfUtils.java:logGet(46)) - raft.server.log.statemachine.data.sync = true (default)
2023-07-06 10:48:14,496 [b02eaa79-f692-4c53-b57d-37cb88368c79-groupManagement] INFO  server.RaftServerConfigKeys (ConfUtils.java:logGet(46)) - raft.server.log.statemachine.data.sync.timeout = 10s (default)
2023-07-06 10:48:14,496 [b02eaa79-f692-4c53-b57d-37cb88368c79-groupManagement] INFO  server.RaftServerConfigKeys (ConfUtils.java:logGet(46)) - raft.server.log.statemachine.data.sync.timeout.retry = -1 (default)
2023-07-06 10:48:14,498 [b02eaa79-f692-4c53-b57d-37cb88368c79-groupManagement] INFO  server.RaftServerConfigKeys (ConfUtils.java:logGet(46)) - raft.server.log.write.buffer.size = 1048576 (custom)
2023-07-06 10:48:14,498 [b02eaa79-f692-4c53-b57d-37cb88368c79-groupManagement] INFO  server.RaftServerConfigKeys (ConfUtils.java:logGet(46)) - raft.server.log.appender.buffer.byte-limit = 33554432 (custom)
2023-07-06 10:48:14,507 [b02eaa79-f692-4c53-b57d-37cb88368c79-groupManagement] INFO  server.RaftServerConfigKeys (ConfUtils.java:logGet(46)) - raft.server.log.unsafe-flush.enabled = false (default)
2023-07-06 10:48:14,508 [b02eaa79-f692-4c53-b57d-37cb88368c79-groupManagement] INFO  server.RaftServerConfigKeys (ConfUtils.java:logGet(46)) - raft.server.log.async-flush.enabled = false (default)
2023-07-06 10:48:14,519 [b02eaa79-f692-4c53-b57d-37cb88368c79-groupManagement] INFO  server.RaftServerConfigKeys (ConfUtils.java:logGet(46)) - raft.server.log.statemachine.data.caching.enabled = true (custom)
2023-07-06 10:48:14,523 [b02eaa79-f692-4c53-b57d-37cb88368c79-groupManagement] INFO  segmented.SegmentedRaftLogWorker (SegmentedRaftLogWorker.java:lambda$new$0(135)) - b02eaa79-f692-4c53-b57d-37cb88368c79@group-D2F834AC6072-SegmentedRaftLogWorker: flushIndex: setUnconditionally 0 -> -1
2023-07-06 10:48:14,523 [b02eaa79-f692-4c53-b57d-37cb88368c79-groupManagement] INFO  segmented.SegmentedRaftLogWorker (SegmentedRaftLogWorker.java:lambda$new$0(135)) - b02eaa79-f692-4c53-b57d-37cb88368c79@group-D2F834AC6072-SegmentedRaftLogWorker: safeCacheEvictIndex: setUnconditionally 0 -> -1
2023-07-06 10:48:14,526 [b02eaa79-f692-4c53-b57d-37cb88368c79-groupManagement] INFO  server.RaftServer$Division (RaftServerImpl.java:start(342)) - b02eaa79-f692-4c53-b57d-37cb88368c79@group-D2F834AC6072: start as a follower, conf=-1: peers:[b02eaa79-f692-4c53-b57d-37cb88368c79|rpc:10.1.0.19:15032|admin:10.1.0.19:15031|client:10.1.0.19:15030|dataStream:10.1.0.19:15033|priority:0|startupRole:FOLLOWER, c18b64c4-7b5c-4e0a-b26c-2daf5f5ffc53|rpc:10.1.0.19:15014|admin:10.1.0.19:15013|client:10.1.0.19:15012|dataStream:10.1.0.19:15015|priority:0|startupRole:FOLLOWER, d927e26c-8fe2-4137-bd03-4653fe67c688|rpc:10.1.0.19:15023|admin:10.1.0.19:15022|client:10.1.0.19:15021|dataStream:10.1.0.19:15024|priority:1|startupRole:FOLLOWER]|listeners:[], old=null
2023-07-06 10:48:14,526 [b02eaa79-f692-4c53-b57d-37cb88368c79-groupManagement] INFO  server.RaftServer$Division (RaftServerImpl.java:setRole(329)) - b02eaa79-f692-4c53-b57d-37cb88368c79@group-D2F834AC6072: changes role from      null to FOLLOWER at term 0 for startAsFollower
2023-07-06 10:48:14,526 [b02eaa79-f692-4c53-b57d-37cb88368c79-groupManagement] INFO  impl.RoleInfo (RoleInfo.java:updateAndGet(139)) - b02eaa79-f692-4c53-b57d-37cb88368c79: start b02eaa79-f692-4c53-b57d-37cb88368c79@group-D2F834AC6072-FollowerState
2023-07-06 10:48:14,527 [b02eaa79-f692-4c53-b57d-37cb88368c79-groupManagement] INFO  util.JmxRegister (JmxRegister.java:tryRegister(44)) - Successfully registered JMX Bean with object name Ratis:service=RaftServer,group=group-D2F834AC6072,id=b02eaa79-f692-4c53-b57d-37cb88368c79
2023-07-06 10:48:14,527 [b02eaa79-f692-4c53-b57d-37cb88368c79-groupManagement] INFO  server.RaftServerConfigKeys (ConfUtils.java:logGet(46)) - raft.server.snapshot.auto.trigger.enabled = true (custom)
2023-07-06 10:48:14,527 [b02eaa79-f692-4c53-b57d-37cb88368c79-groupManagement] INFO  server.RaftServerConfigKeys (ConfUtils.java:logGet(46)) - raft.server.snapshot.auto.trigger.threshold = 10000 (custom)
2023-07-06 10:48:14,527 [b02eaa79-f692-4c53-b57d-37cb88368c79-groupManagement] INFO  server.RaftServerConfigKeys (ConfUtils.java:logGet(46)) - raft.server.snapshot.retention.file.num = 5 (custom)
2023-07-06 10:48:14,527 [b02eaa79-f692-4c53-b57d-37cb88368c79-groupManagement] INFO  server.RaftServerConfigKeys (ConfUtils.java:logGet(46)) - raft.server.log.purge.upto.snapshot.index = false (default)
2023-07-06 10:48:14,530 [b02eaa79-f692-4c53-b57d-37cb88368c79@group-D2F834AC6072-FollowerState] INFO  server.RaftServerConfigKeys (ConfUtils.java:logFallback(53)) - raft.server.rpc.first-election.timeout.min = 5s (fallback to raft.server.rpc.timeout.min)
2023-07-06 10:48:14,544 [b02eaa79-f692-4c53-b57d-37cb88368c79@group-D2F834AC6072-FollowerState] INFO  server.RaftServerConfigKeys (ConfUtils.java:logFallback(53)) - raft.server.rpc.first-election.timeout.max = 5200ms (fallback to raft.server.rpc.timeout.max)
2023-07-06 10:48:14,602 [PipelineCommandHandlerThread-0] INFO  server.RaftServer (RaftServerProxy.java:addNew(98)) - b02eaa79-f692-4c53-b57d-37cb88368c79: addNew group-5769B473C51F:[b02eaa79-f692-4c53-b57d-37cb88368c79|rpc:10.1.0.19:15032|admin:10.1.0.19:15031|client:10.1.0.19:15030|dataStream:10.1.0.19:15033|priority:1|startupRole:FOLLOWER] returns group-5769B473C51F:java.util.concurrent.CompletableFuture@139e52f7[Not completed]
2023-07-06 10:48:14,606 [b02eaa79-f692-4c53-b57d-37cb88368c79-groupManagement] INFO  server.RaftServer$Division (RaftServerImpl.java:<init>(198)) - b02eaa79-f692-4c53-b57d-37cb88368c79: new RaftServerImpl for group-5769B473C51F:[b02eaa79-f692-4c53-b57d-37cb88368c79|rpc:10.1.0.19:15032|admin:10.1.0.19:15031|client:10.1.0.19:15030|dataStream:10.1.0.19:15033|priority:1|startupRole:FOLLOWER] with ContainerStateMachine:uninitialized
2023-07-06 10:48:14,607 [b02eaa79-f692-4c53-b57d-37cb88368c79-groupManagement] INFO  server.RaftServerConfigKeys (ConfUtils.java:logGet(46)) - raft.server.rpc.timeout.min = 5s (custom)
2023-07-06 10:48:14,607 [b02eaa79-f692-4c53-b57d-37cb88368c79-groupManagement] INFO  server.RaftServerConfigKeys (ConfUtils.java:logGet(46)) - raft.server.rpc.timeout.max = 5200ms (custom)
2023-07-06 10:48:14,607 [b02eaa79-f692-4c53-b57d-37cb88368c79-groupManagement] INFO  server.RaftServerConfigKeys (ConfUtils.java:logGet(46)) - raft.server.rpc.sleep.time = 25ms (default)
2023-07-06 10:48:14,607 [b02eaa79-f692-4c53-b57d-37cb88368c79-groupManagement] INFO  server.RaftServerConfigKeys (ConfUtils.java:logGet(46)) - raft.server.rpc.slowness.timeout = 300s (custom)
2023-07-06 10:48:14,607 [b02eaa79-f692-4c53-b57d-37cb88368c79-groupManagement] INFO  server.RaftServerConfigKeys (ConfUtils.java:logGet(46)) - raft.server.leaderelection.leader.step-down.wait-time = 10s (default)
2023-07-06 10:48:14,609 [b02eaa79-f692-4c53-b57d-37cb88368c79-groupManagement] INFO  server.RaftServerConfigKeys (ConfUtils.java:logGet(46)) - raft.server.sleep.deviation.threshold = 300ms (default)
2023-07-06 10:48:14,609 [b02eaa79-f692-4c53-b57d-37cb88368c79-groupManagement] INFO  server.RaftServer$Division (ServerState.java:<init>(120)) - b02eaa79-f692-4c53-b57d-37cb88368c79@group-5769B473C51F: ConfigurationManager, init=-1: peers:[b02eaa79-f692-4c53-b57d-37cb88368c79|rpc:10.1.0.19:15032|admin:10.1.0.19:15031|client:10.1.0.19:15030|dataStream:10.1.0.19:15033|priority:1|startupRole:FOLLOWER]|listeners:[], old=null, confs=<EMPTY_MAP>
2023-07-06 10:48:14,610 [b02eaa79-f692-4c53-b57d-37cb88368c79-groupManagement] INFO  server.RaftServerConfigKeys (ConfUtils.java:logGet(46)) - raft.server.storage.dir = [/home/runner/work/ozone/ozone/hadoop-ozone/integration-test/target/test-dir/MiniOzoneClusterImpl-8ecce792-0b29-40a4-bcd2-9922915e3450/datanode-2/data/ratis] (custom)
2023-07-06 10:48:14,610 [b02eaa79-f692-4c53-b57d-37cb88368c79-groupManagement] INFO  server.RaftServerConfigKeys (ConfUtils.java:logGet(46)) - raft.server.log.corruption.policy = EXCEPTION (default)
2023-07-06 10:48:14,610 [b02eaa79-f692-4c53-b57d-37cb88368c79-groupManagement] INFO  server.RaftServerConfigKeys (ConfUtils.java:logGet(46)) - raft.server.storage.free-space.min = 0MB (=0) (default)
2023-07-06 10:48:14,610 [b02eaa79-f692-4c53-b57d-37cb88368c79-groupManagement] INFO  server.RaftServerConfigKeys (ConfUtils.java:logGet(46)) - raft.server.notification.no-leader.timeout = 300s (custom)
2023-07-06 10:48:14,610 [b02eaa79-f692-4c53-b57d-37cb88368c79-groupManagement] INFO  server.RaftServerConfigKeys (ConfUtils.java:logGet(46)) - raft.server.read.timeout = 10s (default)
2023-07-06 10:48:14,611 [b02eaa79-f692-4c53-b57d-37cb88368c79-groupManagement] INFO  server.RaftServerConfigKeys (ConfUtils.java:logGet(46)) - raft.server.retrycache.expirytime = 600000ms (custom)
2023-07-06 10:48:14,611 [b02eaa79-f692-4c53-b57d-37cb88368c79-groupManagement] INFO  server.RaftServerConfigKeys (ConfUtils.java:logGet(46)) - raft.server.retrycache.statistics.expirytime = 100μs (default)
2023-07-06 10:48:14,612 [b02eaa79-f692-4c53-b57d-37cb88368c79-groupManagement] INFO  server.RaftServerConfigKeys (ConfUtils.java:logGet(46)) - raft.server.read.option = DEFAULT (default)
2023-07-06 10:48:14,615 [b02eaa79-f692-4c53-b57d-37cb88368c79-groupManagement] INFO  server.RaftServerConfigKeys (ConfUtils.java:logGet(46)) - raft.server.rpc.request.timeout = 60s (custom)
2023-07-06 10:48:14,615 [b02eaa79-f692-4c53-b57d-37cb88368c79-groupManagement] INFO  server.RaftServerConfigKeys (ConfUtils.java:logGet(46)) - raft.server.log.appender.install.snapshot.enabled = false (custom)
2023-07-06 10:48:14,615 [b02eaa79-f692-4c53-b57d-37cb88368c79-groupManagement] INFO  server.RaftServerConfigKeys (ConfUtils.java:logGet(46)) - raft.server.threadpool.server.cached = true (default)
2023-07-06 10:48:14,615 [b02eaa79-f692-4c53-b57d-37cb88368c79-groupManagement] INFO  server.RaftServerConfigKeys (ConfUtils.java:logGet(46)) - raft.server.threadpool.server.size = 0 (default)
2023-07-06 10:48:14,616 [b02eaa79-f692-4c53-b57d-37cb88368c79-groupManagement] INFO  server.RaftServerConfigKeys (ConfUtils.java:logGet(46)) - raft.server.threadpool.client.cached = true (default)
2023-07-06 10:48:14,616 [b02eaa79-f692-4c53-b57d-37cb88368c79-groupManagement] INFO  server.RaftServerConfigKeys (ConfUtils.java:logGet(46)) - raft.server.threadpool.client.size = 0 (default)
2023-07-06 10:48:14,616 [b02eaa79-f692-4c53-b57d-37cb88368c79-groupManagement] INFO  storage.RaftStorageDirectory (RaftStorageDirectoryImpl.java:analyzeStorage(137)) - The storage directory /home/runner/work/ozone/ozone/hadoop-ozone/integration-test/target/test-dir/MiniOzoneClusterImpl-8ecce792-0b29-40a4-bcd2-9922915e3450/datanode-2/data/ratis/356591c7-60a5-4080-91e6-5769b473c51f does not exist. Creating ...
2023-07-06 10:48:14,629 [b02eaa79-f692-4c53-b57d-37cb88368c79-groupManagement] INFO  storage.RaftStorageDirectory (RaftStorageDirectoryImpl.java:tryLock(231)) - Lock on /home/runner/work/ozone/ozone/hadoop-ozone/integration-test/target/test-dir/MiniOzoneClusterImpl-8ecce792-0b29-40a4-bcd2-9922915e3450/datanode-2/data/ratis/356591c7-60a5-4080-91e6-5769b473c51f/in_use.lock acquired by nodename 110287@fv-az137-100
2023-07-06 10:48:14,631 [b02eaa79-f692-4c53-b57d-37cb88368c79-groupManagement] INFO  storage.RaftStorage (RaftStorageImpl.java:format(96)) - Storage directory /home/runner/work/ozone/ozone/hadoop-ozone/integration-test/target/test-dir/MiniOzoneClusterImpl-8ecce792-0b29-40a4-bcd2-9922915e3450/datanode-2/data/ratis/356591c7-60a5-4080-91e6-5769b473c51f has been successfully formatted.
2023-07-06 10:48:14,637 [b02eaa79-f692-4c53-b57d-37cb88368c79-groupManagement] INFO  ratis.ContainerStateMachine (ContainerStateMachine.java:loadSnapshot(262)) - group-5769B473C51F: The snapshot info is null. Setting the last applied indexto:(t:0, i:~)
2023-07-06 10:48:14,637 [b02eaa79-f692-4c53-b57d-37cb88368c79-groupManagement] INFO  server.RaftServerConfigKeys (ConfUtils.java:logGet(46)) - raft.server.log.use.memory = false (default)
2023-07-06 10:48:14,637 [b02eaa79-f692-4c53-b57d-37cb88368c79-groupManagement] INFO  server.RaftServerConfigKeys (ConfUtils.java:logGet(46)) - raft.server.log.purge.gap = 1000000 (custom)
2023-07-06 10:48:14,638 [b02eaa79-f692-4c53-b57d-37cb88368c79-groupManagement] INFO  server.RaftServerConfigKeys (ConfUtils.java:logGet(46)) - raft.server.log.appender.buffer.byte-limit = 33554432 (custom)
2023-07-06 10:48:14,638 [b02eaa79-f692-4c53-b57d-37cb88368c79-groupManagement] INFO  server.RaftServerConfigKeys (ConfUtils.java:logGet(46)) - raft.server.log.statemachine.data.read.timeout = 1000ms (default)
2023-07-06 10:48:14,638 [b02eaa79-f692-4c53-b57d-37cb88368c79-groupManagement] INFO  server.RaftServerConfigKeys (ConfUtils.java:logGet(46)) - raft.server.log.purge.preservation.log.num = 0 (default)
2023-07-06 10:48:14,638 [b02eaa79-f692-4c53-b57d-37cb88368c79-groupManagement] INFO  server.RaftServerConfigKeys (ConfUtils.java:logGet(46)) - raft.server.log.segment.size.max = 1048576 (custom)
2023-07-06 10:48:14,639 [b02eaa79-f692-4c53-b57d-37cb88368c79-groupManagement] INFO  server.RaftServerConfigKeys (ConfUtils.java:logGet(46)) - raft.server.log.segment.cache.num.max = 2 (custom)
2023-07-06 10:48:14,639 [b02eaa79-f692-4c53-b57d-37cb88368c79-groupManagement] INFO  server.RaftServerConfigKeys (ConfUtils.java:logGet(46)) - raft.server.log.segment.cache.size.max = 200MB (=209715200) (default)
2023-07-06 10:48:14,639 [b02eaa79-f692-4c53-b57d-37cb88368c79-groupManagement] INFO  server.RaftServerConfigKeys (ConfUtils.java:logGet(46)) - raft.server.log.appender.buffer.byte-limit = 33554432 (custom)
2023-07-06 10:48:14,639 [b02eaa79-f692-4c53-b57d-37cb88368c79-groupManagement] INFO  segmented.SegmentedRaftLogWorker (SegmentedRaftLogWorker.java:<init>(188)) - new b02eaa79-f692-4c53-b57d-37cb88368c79@group-5769B473C51F-SegmentedRaftLogWorker for RaftStorageImpl:Storage Directory /home/runner/work/ozone/ozone/hadoop-ozone/integration-test/target/test-dir/MiniOzoneClusterImpl-8ecce792-0b29-40a4-bcd2-9922915e3450/datanode-2/data/ratis/356591c7-60a5-4080-91e6-5769b473c51f
2023-07-06 10:48:14,639 [b02eaa79-f692-4c53-b57d-37cb88368c79-groupManagement] INFO  server.RaftServerConfigKeys (ConfUtils.java:logGet(46)) - raft.server.log.queue.byte-limit = 4294967296 (custom)
2023-07-06 10:48:14,639 [b02eaa79-f692-4c53-b57d-37cb88368c79-groupManagement] INFO  server.RaftServerConfigKeys (ConfUtils.java:logGet(46)) - raft.server.log.queue.element-limit = 1024 (custom)
2023-07-06 10:48:14,639 [b02eaa79-f692-4c53-b57d-37cb88368c79-groupManagement] INFO  server.RaftServerConfigKeys (ConfUtils.java:logGet(46)) - raft.server.log.segment.size.max = 1048576 (custom)
2023-07-06 10:48:14,639 [b02eaa79-f692-4c53-b57d-37cb88368c79-groupManagement] INFO  server.RaftServerConfigKeys (ConfUtils.java:logGet(46)) - raft.server.log.preallocated.size = 16384 (custom)
2023-07-06 10:48:14,639 [b02eaa79-f692-4c53-b57d-37cb88368c79-groupManagement] INFO  server.RaftServerConfigKeys (ConfUtils.java:logGet(46)) - raft.server.log.force.sync.num = 128 (default)
2023-07-06 10:48:14,639 [b02eaa79-f692-4c53-b57d-37cb88368c79-groupManagement] INFO  server.RaftServerConfigKeys (ConfUtils.java:logGet(46)) - raft.server.log.statemachine.data.sync = true (default)
2023-07-06 10:48:14,639 [b02eaa79-f692-4c53-b57d-37cb88368c79-groupManagement] INFO  server.RaftServerConfigKeys (ConfUtils.java:logGet(46)) - raft.server.log.statemachine.data.sync.timeout = 10s (default)
2023-07-06 10:48:14,639 [b02eaa79-f692-4c53-b57d-37cb88368c79-groupManagement] INFO  server.RaftServerConfigKeys (ConfUtils.java:logGet(46)) - raft.server.log.statemachine.data.sync.timeout.retry = -1 (default)
2023-07-06 10:48:14,641 [b02eaa79-f692-4c53-b57d-37cb88368c79-groupManagement] INFO  server.RaftServerConfigKeys (ConfUtils.java:logGet(46)) - raft.server.log.write.buffer.size = 1048576 (custom)
2023-07-06 10:48:14,644 [b02eaa79-f692-4c53-b57d-37cb88368c79-groupManagement] INFO  server.RaftServerConfigKeys (ConfUtils.java:logGet(46)) - raft.server.log.appender.buffer.byte-limit = 33554432 (custom)
2023-07-06 10:48:14,646 [EventQueue-PipelineReportForPipelineReportHandler] INFO  pipeline.PipelineReportHandler (PipelineReportHandler.java:processPipelineReport(136)) - Opened pipeline PipelineID=356591c7-60a5-4080-91e6-5769b473c51f
2023-07-06 10:48:14,646 [EventQueue-OpenPipelineForHealthyPipelineSafeModeRule] INFO  safemode.SCMSafeModeManager (HealthyPipelineSafeModeRule.java:process(137)) - SCM in safe mode. Healthy pipelines reported count is 0, required healthy pipeline reported count is 1
2023-07-06 10:48:14,654 [b02eaa79-f692-4c53-b57d-37cb88368c79-groupManagement] INFO  server.RaftServerConfigKeys (ConfUtils.java:logGet(46)) - raft.server.log.unsafe-flush.enabled = false (default)
2023-07-06 10:48:14,654 [b02eaa79-f692-4c53-b57d-37cb88368c79-groupManagement] INFO  server.RaftServerConfigKeys (ConfUtils.java:logGet(46)) - raft.server.log.async-flush.enabled = false (default)
2023-07-06 10:48:14,654 [b02eaa79-f692-4c53-b57d-37cb88368c79-groupManagement] INFO  server.RaftServerConfigKeys (ConfUtils.java:logGet(46)) - raft.server.log.statemachine.data.caching.enabled = true (custom)
2023-07-06 10:48:14,654 [b02eaa79-f692-4c53-b57d-37cb88368c79-groupManagement] INFO  segmented.SegmentedRaftLogWorker (SegmentedRaftLogWorker.java:lambda$new$0(135)) - b02eaa79-f692-4c53-b57d-37cb88368c79@group-5769B473C51F-SegmentedRaftLogWorker: flushIndex: setUnconditionally 0 -> -1
2023-07-06 10:48:14,654 [b02eaa79-f692-4c53-b57d-37cb88368c79-groupManagement] INFO  segmented.SegmentedRaftLogWorker (SegmentedRaftLogWorker.java:lambda$new$0(135)) - b02eaa79-f692-4c53-b57d-37cb88368c79@group-5769B473C51F-SegmentedRaftLogWorker: safeCacheEvictIndex: setUnconditionally 0 -> -1
2023-07-06 10:48:14,655 [PipelineCommandHandlerThread-0] INFO  commandhandler.CreatePipelineCommandHandler (CreatePipelineCommandHandler.java:lambda$handle$2(124)) - Created Pipeline RATIS THREE PipelineID=2356d707-daad-4873-8cda-d2f834ac6072.
2023-07-06 10:48:14,655 [b02eaa79-f692-4c53-b57d-37cb88368c79-groupManagement] INFO  server.RaftServer$Division (RaftServerImpl.java:start(342)) - b02eaa79-f692-4c53-b57d-37cb88368c79@group-5769B473C51F: start as a follower, conf=-1: peers:[b02eaa79-f692-4c53-b57d-37cb88368c79|rpc:10.1.0.19:15032|admin:10.1.0.19:15031|client:10.1.0.19:15030|dataStream:10.1.0.19:15033|priority:1|startupRole:FOLLOWER]|listeners:[], old=null
2023-07-06 10:48:14,655 [b02eaa79-f692-4c53-b57d-37cb88368c79-groupManagement] INFO  server.RaftServer$Division (RaftServerImpl.java:setRole(329)) - b02eaa79-f692-4c53-b57d-37cb88368c79@group-5769B473C51F: changes role from      null to FOLLOWER at term 0 for startAsFollower
2023-07-06 10:48:14,655 [b02eaa79-f692-4c53-b57d-37cb88368c79-groupManagement] INFO  impl.RoleInfo (RoleInfo.java:updateAndGet(139)) - b02eaa79-f692-4c53-b57d-37cb88368c79: start b02eaa79-f692-4c53-b57d-37cb88368c79@group-5769B473C51F-FollowerState
2023-07-06 10:48:14,655 [PipelineCommandHandlerThread-0] INFO  server.RaftServer (RaftServerProxy.java:addNew(98)) - d927e26c-8fe2-4137-bd03-4653fe67c688: addNew group-656AAD0BEA11:[b02eaa79-f692-4c53-b57d-37cb88368c79|rpc:10.1.0.19:15032|admin:10.1.0.19:15031|client:10.1.0.19:15030|dataStream:10.1.0.19:15033|priority:0|startupRole:FOLLOWER, c18b64c4-7b5c-4e0a-b26c-2daf5f5ffc53|rpc:10.1.0.19:15014|admin:10.1.0.19:15013|client:10.1.0.19:15012|dataStream:10.1.0.19:15015|priority:1|startupRole:FOLLOWER, d927e26c-8fe2-4137-bd03-4653fe67c688|rpc:10.1.0.19:15023|admin:10.1.0.19:15022|client:10.1.0.19:15021|dataStream:10.1.0.19:15024|priority:0|startupRole:FOLLOWER] returns group-656AAD0BEA11:java.util.concurrent.CompletableFuture@39b90c9e[Not completed]
2023-07-06 10:48:14,655 [b02eaa79-f692-4c53-b57d-37cb88368c79-groupManagement] INFO  util.JmxRegister (JmxRegister.java:tryRegister(44)) - Successfully registered JMX Bean with object name Ratis:service=RaftServer,group=group-5769B473C51F,id=b02eaa79-f692-4c53-b57d-37cb88368c79
2023-07-06 10:48:14,655 [b02eaa79-f692-4c53-b57d-37cb88368c79-groupManagement] INFO  server.RaftServerConfigKeys (ConfUtils.java:logGet(46)) - raft.server.snapshot.auto.trigger.enabled = true (custom)
2023-07-06 10:48:14,655 [b02eaa79-f692-4c53-b57d-37cb88368c79-groupManagement] INFO  server.RaftServerConfigKeys (ConfUtils.java:logGet(46)) - raft.server.snapshot.auto.trigger.threshold = 10000 (custom)
2023-07-06 10:48:14,655 [b02eaa79-f692-4c53-b57d-37cb88368c79-groupManagement] INFO  server.RaftServerConfigKeys (ConfUtils.java:logGet(46)) - raft.server.snapshot.retention.file.num = 5 (custom)
2023-07-06 10:48:14,655 [b02eaa79-f692-4c53-b57d-37cb88368c79-groupManagement] INFO  server.RaftServerConfigKeys (ConfUtils.java:logGet(46)) - raft.server.log.purge.upto.snapshot.index = false (default)
2023-07-06 10:48:14,656 [d927e26c-8fe2-4137-bd03-4653fe67c688-groupManagement] INFO  server.RaftServer$Division (RaftServerImpl.java:<init>(198)) - d927e26c-8fe2-4137-bd03-4653fe67c688: new RaftServerImpl for group-656AAD0BEA11:[b02eaa79-f692-4c53-b57d-37cb88368c79|rpc:10.1.0.19:15032|admin:10.1.0.19:15031|client:10.1.0.19:15030|dataStream:10.1.0.19:15033|priority:0|startupRole:FOLLOWER, c18b64c4-7b5c-4e0a-b26c-2daf5f5ffc53|rpc:10.1.0.19:15014|admin:10.1.0.19:15013|client:10.1.0.19:15012|dataStream:10.1.0.19:15015|priority:1|startupRole:FOLLOWER, d927e26c-8fe2-4137-bd03-4653fe67c688|rpc:10.1.0.19:15023|admin:10.1.0.19:15022|client:10.1.0.19:15021|dataStream:10.1.0.19:15024|priority:0|startupRole:FOLLOWER] with ContainerStateMachine:uninitialized
2023-07-06 10:48:14,661 [d927e26c-8fe2-4137-bd03-4653fe67c688-groupManagement] INFO  server.RaftServerConfigKeys (ConfUtils.java:logGet(46)) - raft.server.rpc.timeout.min = 5s (custom)
2023-07-06 10:48:14,664 [d927e26c-8fe2-4137-bd03-4653fe67c688-groupManagement] INFO  server.RaftServerConfigKeys (ConfUtils.java:logGet(46)) - raft.server.rpc.timeout.max = 5200ms (custom)
2023-07-06 10:48:14,664 [d927e26c-8fe2-4137-bd03-4653fe67c688-groupManagement] INFO  server.RaftServerConfigKeys (ConfUtils.java:logGet(46)) - raft.server.rpc.sleep.time = 25ms (default)
2023-07-06 10:48:14,664 [d927e26c-8fe2-4137-bd03-4653fe67c688-groupManagement] INFO  server.RaftServerConfigKeys (ConfUtils.java:logGet(46)) - raft.server.rpc.slowness.timeout = 300s (custom)
2023-07-06 10:48:14,664 [d927e26c-8fe2-4137-bd03-4653fe67c688-groupManagement] INFO  server.RaftServerConfigKeys (ConfUtils.java:logGet(46)) - raft.server.leaderelection.leader.step-down.wait-time = 10s (default)
2023-07-06 10:48:14,664 [d927e26c-8fe2-4137-bd03-4653fe67c688-groupManagement] INFO  server.RaftServerConfigKeys (ConfUtils.java:logGet(46)) - raft.server.sleep.deviation.threshold = 300ms (default)
2023-07-06 10:48:14,664 [d927e26c-8fe2-4137-bd03-4653fe67c688-groupManagement] INFO  server.RaftServer$Division (ServerState.java:<init>(120)) - d927e26c-8fe2-4137-bd03-4653fe67c688@group-656AAD0BEA11: ConfigurationManager, init=-1: peers:[b02eaa79-f692-4c53-b57d-37cb88368c79|rpc:10.1.0.19:15032|admin:10.1.0.19:15031|client:10.1.0.19:15030|dataStream:10.1.0.19:15033|priority:0|startupRole:FOLLOWER, c18b64c4-7b5c-4e0a-b26c-2daf5f5ffc53|rpc:10.1.0.19:15014|admin:10.1.0.19:15013|client:10.1.0.19:15012|dataStream:10.1.0.19:15015|priority:1|startupRole:FOLLOWER, d927e26c-8fe2-4137-bd03-4653fe67c688|rpc:10.1.0.19:15023|admin:10.1.0.19:15022|client:10.1.0.19:15021|dataStream:10.1.0.19:15024|priority:0|startupRole:FOLLOWER]|listeners:[], old=null, confs=<EMPTY_MAP>
2023-07-06 10:48:14,664 [d927e26c-8fe2-4137-bd03-4653fe67c688-groupManagement] INFO  server.RaftServerConfigKeys (ConfUtils.java:logGet(46)) - raft.server.storage.dir = [/home/runner/work/ozone/ozone/hadoop-ozone/integration-test/target/test-dir/MiniOzoneClusterImpl-8ecce792-0b29-40a4-bcd2-9922915e3450/datanode-1/data/ratis] (custom)
2023-07-06 10:48:14,665 [d927e26c-8fe2-4137-bd03-4653fe67c688-groupManagement] INFO  server.RaftServerConfigKeys (ConfUtils.java:logGet(46)) - raft.server.log.corruption.policy = EXCEPTION (default)
2023-07-06 10:48:14,665 [d927e26c-8fe2-4137-bd03-4653fe67c688-groupManagement] INFO  server.RaftServerConfigKeys (ConfUtils.java:logGet(46)) - raft.server.storage.free-space.min = 0MB (=0) (default)
2023-07-06 10:48:14,665 [d927e26c-8fe2-4137-bd03-4653fe67c688-groupManagement] INFO  server.RaftServerConfigKeys (ConfUtils.java:logGet(46)) - raft.server.notification.no-leader.timeout = 300s (custom)
2023-07-06 10:48:14,656 [PipelineCommandHandlerThread-0] INFO  ratis.XceiverServerRatis (XceiverServerRatis.java:addGroup(804)) - Created group PipelineID=356591c7-60a5-4080-91e6-5769b473c51f
2023-07-06 10:48:14,662 [b02eaa79-f692-4c53-b57d-37cb88368c79@group-5769B473C51F-FollowerState] INFO  server.RaftServerConfigKeys (ConfUtils.java:logFallback(53)) - raft.server.rpc.first-election.timeout.min = 5s (fallback to raft.server.rpc.timeout.min)
2023-07-06 10:48:14,667 [d927e26c-8fe2-4137-bd03-4653fe67c688-groupManagement] INFO  server.RaftServerConfigKeys (ConfUtils.java:logGet(46)) - raft.server.read.timeout = 10s (default)
2023-07-06 10:48:14,667 [d927e26c-8fe2-4137-bd03-4653fe67c688-groupManagement] INFO  server.RaftServerConfigKeys (ConfUtils.java:logGet(46)) - raft.server.retrycache.expirytime = 600000ms (custom)
2023-07-06 10:48:14,667 [d927e26c-8fe2-4137-bd03-4653fe67c688-groupManagement] INFO  server.RaftServerConfigKeys (ConfUtils.java:logGet(46)) - raft.server.retrycache.statistics.expirytime = 100μs (default)
2023-07-06 10:48:14,667 [d927e26c-8fe2-4137-bd03-4653fe67c688-groupManagement] INFO  server.RaftServerConfigKeys (ConfUtils.java:logGet(46)) - raft.server.read.option = DEFAULT (default)
2023-07-06 10:48:14,667 [PipelineCommandHandlerThread-0] INFO  commandhandler.CreatePipelineCommandHandler (CreatePipelineCommandHandler.java:lambda$handle$2(124)) - Created Pipeline RATIS ONE PipelineID=356591c7-60a5-4080-91e6-5769b473c51f.
2023-07-06 10:48:14,669 [d927e26c-8fe2-4137-bd03-4653fe67c688-groupManagement] INFO  server.RaftServerConfigKeys (ConfUtils.java:logGet(46)) - raft.server.rpc.request.timeout = 60s (custom)
2023-07-06 10:48:14,669 [d927e26c-8fe2-4137-bd03-4653fe67c688-groupManagement] INFO  server.RaftServerConfigKeys (ConfUtils.java:logGet(46)) - raft.server.log.appender.install.snapshot.enabled = false (custom)
2023-07-06 10:48:14,669 [PipelineCommandHandlerThread-0] INFO  server.RaftServer (RaftServerProxy.java:addNew(98)) - b02eaa79-f692-4c53-b57d-37cb88368c79: addNew group-656AAD0BEA11:[b02eaa79-f692-4c53-b57d-37cb88368c79|rpc:10.1.0.19:15032|admin:10.1.0.19:15031|client:10.1.0.19:15030|dataStream:10.1.0.19:15033|priority:0|startupRole:FOLLOWER, c18b64c4-7b5c-4e0a-b26c-2daf5f5ffc53|rpc:10.1.0.19:15014|admin:10.1.0.19:15013|client:10.1.0.19:15012|dataStream:10.1.0.19:15015|priority:1|startupRole:FOLLOWER, d927e26c-8fe2-4137-bd03-4653fe67c688|rpc:10.1.0.19:15023|admin:10.1.0.19:15022|client:10.1.0.19:15021|dataStream:10.1.0.19:15024|priority:0|startupRole:FOLLOWER] returns group-656AAD0BEA11:java.util.concurrent.CompletableFuture@1d59aef4[Not completed]
2023-07-06 10:48:14,671 [b02eaa79-f692-4c53-b57d-37cb88368c79-groupManagement] INFO  server.RaftServer$Division (RaftServerImpl.java:<init>(198)) - b02eaa79-f692-4c53-b57d-37cb88368c79: new RaftServerImpl for group-656AAD0BEA11:[b02eaa79-f692-4c53-b57d-37cb88368c79|rpc:10.1.0.19:15032|admin:10.1.0.19:15031|client:10.1.0.19:15030|dataStream:10.1.0.19:15033|priority:0|startupRole:FOLLOWER, c18b64c4-7b5c-4e0a-b26c-2daf5f5ffc53|rpc:10.1.0.19:15014|admin:10.1.0.19:15013|client:10.1.0.19:15012|dataStream:10.1.0.19:15015|priority:1|startupRole:FOLLOWER, d927e26c-8fe2-4137-bd03-4653fe67c688|rpc:10.1.0.19:15023|admin:10.1.0.19:15022|client:10.1.0.19:15021|dataStream:10.1.0.19:15024|priority:0|startupRole:FOLLOWER] with ContainerStateMachine:uninitialized
2023-07-06 10:48:14,671 [b02eaa79-f692-4c53-b57d-37cb88368c79-groupManagement] INFO  server.RaftServerConfigKeys (ConfUtils.java:logGet(46)) - raft.server.rpc.timeout.min = 5s (custom)
2023-07-06 10:48:14,671 [b02eaa79-f692-4c53-b57d-37cb88368c79-groupManagement] INFO  server.RaftServerConfigKeys (ConfUtils.java:logGet(46)) - raft.server.rpc.timeout.max = 5200ms (custom)
2023-07-06 10:48:14,671 [b02eaa79-f692-4c53-b57d-37cb88368c79-groupManagement] INFO  server.RaftServerConfigKeys (ConfUtils.java:logGet(46)) - raft.server.rpc.sleep.time = 25ms (default)
2023-07-06 10:48:14,671 [b02eaa79-f692-4c53-b57d-37cb88368c79-groupManagement] INFO  server.RaftServerConfigKeys (ConfUtils.java:logGet(46)) - raft.server.rpc.slowness.timeout = 300s (custom)
2023-07-06 10:48:14,671 [b02eaa79-f692-4c53-b57d-37cb88368c79-groupManagement] INFO  server.RaftServerConfigKeys (ConfUtils.java:logGet(46)) - raft.server.leaderelection.leader.step-down.wait-time = 10s (default)
2023-07-06 10:48:14,671 [b02eaa79-f692-4c53-b57d-37cb88368c79-groupManagement] INFO  server.RaftServerConfigKeys (ConfUtils.java:logGet(46)) - raft.server.sleep.deviation.threshold = 300ms (default)
2023-07-06 10:48:14,671 [b02eaa79-f692-4c53-b57d-37cb88368c79-groupManagement] INFO  server.RaftServer$Division (ServerState.java:<init>(120)) - b02eaa79-f692-4c53-b57d-37cb88368c79@group-656AAD0BEA11: ConfigurationManager, init=-1: peers:[b02eaa79-f692-4c53-b57d-37cb88368c79|rpc:10.1.0.19:15032|admin:10.1.0.19:15031|client:10.1.0.19:15030|dataStream:10.1.0.19:15033|priority:0|startupRole:FOLLOWER, c18b64c4-7b5c-4e0a-b26c-2daf5f5ffc53|rpc:10.1.0.19:15014|admin:10.1.0.19:15013|client:10.1.0.19:15012|dataStream:10.1.0.19:15015|priority:1|startupRole:FOLLOWER, d927e26c-8fe2-4137-bd03-4653fe67c688|rpc:10.1.0.19:15023|admin:10.1.0.19:15022|client:10.1.0.19:15021|dataStream:10.1.0.19:15024|priority:0|startupRole:FOLLOWER]|listeners:[], old=null, confs=<EMPTY_MAP>
2023-07-06 10:48:14,672 [b02eaa79-f692-4c53-b57d-37cb88368c79-groupManagement] INFO  server.RaftServerConfigKeys (ConfUtils.java:logGet(46)) - raft.server.storage.dir = [/home/runner/work/ozone/ozone/hadoop-ozone/integration-test/target/test-dir/MiniOzoneClusterImpl-8ecce792-0b29-40a4-bcd2-9922915e3450/datanode-2/data/ratis] (custom)
2023-07-06 10:48:14,672 [b02eaa79-f692-4c53-b57d-37cb88368c79-groupManagement] INFO  server.RaftServerConfigKeys (ConfUtils.java:logGet(46)) - raft.server.log.corruption.policy = EXCEPTION (default)
2023-07-06 10:48:14,672 [b02eaa79-f692-4c53-b57d-37cb88368c79-groupManagement] INFO  server.RaftServerConfigKeys (ConfUtils.java:logGet(46)) - raft.server.storage.free-space.min = 0MB (=0) (default)
2023-07-06 10:48:14,672 [b02eaa79-f692-4c53-b57d-37cb88368c79-groupManagement] INFO  server.RaftServerConfigKeys (ConfUtils.java:logGet(46)) - raft.server.notification.no-leader.timeout = 300s (custom)
2023-07-06 10:48:14,672 [b02eaa79-f692-4c53-b57d-37cb88368c79-groupManagement] INFO  server.RaftServerConfigKeys (ConfUtils.java:logGet(46)) - raft.server.read.timeout = 10s (default)
2023-07-06 10:48:14,672 [b02eaa79-f692-4c53-b57d-37cb88368c79-groupManagement] INFO  server.RaftServerConfigKeys (ConfUtils.java:logGet(46)) - raft.server.retrycache.expirytime = 600000ms (custom)
2023-07-06 10:48:14,672 [b02eaa79-f692-4c53-b57d-37cb88368c79-groupManagement] INFO  server.RaftServerConfigKeys (ConfUtils.java:logGet(46)) - raft.server.retrycache.statistics.expirytime = 100μs (default)
2023-07-06 10:48:14,672 [b02eaa79-f692-4c53-b57d-37cb88368c79-groupManagement] INFO  server.RaftServerConfigKeys (ConfUtils.java:logGet(46)) - raft.server.read.option = DEFAULT (default)
2023-07-06 10:48:14,674 [b02eaa79-f692-4c53-b57d-37cb88368c79-groupManagement] INFO  server.RaftServerConfigKeys (ConfUtils.java:logGet(46)) - raft.server.rpc.request.timeout = 60s (custom)
2023-07-06 10:48:14,674 [b02eaa79-f692-4c53-b57d-37cb88368c79-groupManagement] INFO  server.RaftServerConfigKeys (ConfUtils.java:logGet(46)) - raft.server.log.appender.install.snapshot.enabled = false (custom)
2023-07-06 10:48:14,674 [b02eaa79-f692-4c53-b57d-37cb88368c79-groupManagement] INFO  server.RaftServerConfigKeys (ConfUtils.java:logGet(46)) - raft.server.threadpool.server.cached = true (default)
2023-07-06 10:48:14,674 [b02eaa79-f692-4c53-b57d-37cb88368c79-groupManagement] INFO  server.RaftServerConfigKeys (ConfUtils.java:logGet(46)) - raft.server.threadpool.server.size = 0 (default)
2023-07-06 10:48:14,674 [b02eaa79-f692-4c53-b57d-37cb88368c79-groupManagement] INFO  server.RaftServerConfigKeys (ConfUtils.java:logGet(46)) - raft.server.threadpool.client.cached = true (default)
2023-07-06 10:48:14,674 [b02eaa79-f692-4c53-b57d-37cb88368c79-groupManagement] INFO  server.RaftServerConfigKeys (ConfUtils.java:logGet(46)) - raft.server.threadpool.client.size = 0 (default)
2023-07-06 10:48:14,674 [b02eaa79-f692-4c53-b57d-37cb88368c79-groupManagement] INFO  storage.RaftStorageDirectory (RaftStorageDirectoryImpl.java:analyzeStorage(137)) - The storage directory /home/runner/work/ozone/ozone/hadoop-ozone/integration-test/target/test-dir/MiniOzoneClusterImpl-8ecce792-0b29-40a4-bcd2-9922915e3450/datanode-2/data/ratis/b3b9432e-b1ab-4d28-b8c7-656aad0bea11 does not exist. Creating ...
2023-07-06 10:48:14,667 [b02eaa79-f692-4c53-b57d-37cb88368c79@group-5769B473C51F-FollowerState] INFO  server.RaftServerConfigKeys (ConfUtils.java:logFallback(53)) - raft.server.rpc.first-election.timeout.max = 5200ms (fallback to raft.server.rpc.timeout.max)
2023-07-06 10:48:14,676 [b02eaa79-f692-4c53-b57d-37cb88368c79-groupManagement] INFO  storage.RaftStorageDirectory (RaftStorageDirectoryImpl.java:tryLock(231)) - Lock on /home/runner/work/ozone/ozone/hadoop-ozone/integration-test/target/test-dir/MiniOzoneClusterImpl-8ecce792-0b29-40a4-bcd2-9922915e3450/datanode-2/data/ratis/b3b9432e-b1ab-4d28-b8c7-656aad0bea11/in_use.lock acquired by nodename 110287@fv-az137-100
2023-07-06 10:48:14,679 [b02eaa79-f692-4c53-b57d-37cb88368c79-groupManagement] INFO  storage.RaftStorage (RaftStorageImpl.java:format(96)) - Storage directory /home/runner/work/ozone/ozone/hadoop-ozone/integration-test/target/test-dir/MiniOzoneClusterImpl-8ecce792-0b29-40a4-bcd2-9922915e3450/datanode-2/data/ratis/b3b9432e-b1ab-4d28-b8c7-656aad0bea11 has been successfully formatted.
2023-07-06 10:48:14,669 [d927e26c-8fe2-4137-bd03-4653fe67c688-groupManagement] INFO  server.RaftServerConfigKeys (ConfUtils.java:logGet(46)) - raft.server.threadpool.server.cached = true (default)
2023-07-06 10:48:14,679 [d927e26c-8fe2-4137-bd03-4653fe67c688-groupManagement] INFO  server.RaftServerConfigKeys (ConfUtils.java:logGet(46)) - raft.server.threadpool.server.size = 0 (default)
2023-07-06 10:48:14,679 [d927e26c-8fe2-4137-bd03-4653fe67c688-groupManagement] INFO  server.RaftServerConfigKeys (ConfUtils.java:logGet(46)) - raft.server.threadpool.client.cached = true (default)
2023-07-06 10:48:14,680 [d927e26c-8fe2-4137-bd03-4653fe67c688-groupManagement] INFO  server.RaftServerConfigKeys (ConfUtils.java:logGet(46)) - raft.server.threadpool.client.size = 0 (default)
2023-07-06 10:48:14,680 [d927e26c-8fe2-4137-bd03-4653fe67c688-groupManagement] INFO  storage.RaftStorageDirectory (RaftStorageDirectoryImpl.java:analyzeStorage(137)) - The storage directory /home/runner/work/ozone/ozone/hadoop-ozone/integration-test/target/test-dir/MiniOzoneClusterImpl-8ecce792-0b29-40a4-bcd2-9922915e3450/datanode-1/data/ratis/b3b9432e-b1ab-4d28-b8c7-656aad0bea11 does not exist. Creating ...
2023-07-06 10:48:14,681 [b02eaa79-f692-4c53-b57d-37cb88368c79-groupManagement] INFO  ratis.ContainerStateMachine (ContainerStateMachine.java:loadSnapshot(262)) - group-656AAD0BEA11: The snapshot info is null. Setting the last applied indexto:(t:0, i:~)
2023-07-06 10:48:14,682 [b02eaa79-f692-4c53-b57d-37cb88368c79-groupManagement] INFO  server.RaftServerConfigKeys (ConfUtils.java:logGet(46)) - raft.server.log.use.memory = false (default)
2023-07-06 10:48:14,682 [b02eaa79-f692-4c53-b57d-37cb88368c79-groupManagement] INFO  server.RaftServerConfigKeys (ConfUtils.java:logGet(46)) - raft.server.log.purge.gap = 1000000 (custom)
2023-07-06 10:48:14,682 [b02eaa79-f692-4c53-b57d-37cb88368c79-groupManagement] INFO  server.RaftServerConfigKeys (ConfUtils.java:logGet(46)) - raft.server.log.appender.buffer.byte-limit = 33554432 (custom)
2023-07-06 10:48:14,683 [b02eaa79-f692-4c53-b57d-37cb88368c79-groupManagement] INFO  server.RaftServerConfigKeys (ConfUtils.java:logGet(46)) - raft.server.log.statemachine.data.read.timeout = 1000ms (default)
2023-07-06 10:48:14,683 [b02eaa79-f692-4c53-b57d-37cb88368c79-groupManagement] INFO  server.RaftServerConfigKeys (ConfUtils.java:logGet(46)) - raft.server.log.purge.preservation.log.num = 0 (default)
2023-07-06 10:48:14,685 [EventQueue-OpenPipelineForHealthyPipelineSafeModeRule] INFO  safemode.SCMSafeModeManager (HealthyPipelineSafeModeRule.java:process(137)) - SCM in safe mode. Healthy pipelines reported count is 0, required healthy pipeline reported count is 1
2023-07-06 10:48:14,686 [b02eaa79-f692-4c53-b57d-37cb88368c79-groupManagement] INFO  server.RaftServerConfigKeys (ConfUtils.java:logGet(46)) - raft.server.log.segment.size.max = 1048576 (custom)
2023-07-06 10:48:14,687 [b02eaa79-f692-4c53-b57d-37cb88368c79-groupManagement] INFO  server.RaftServerConfigKeys (ConfUtils.java:logGet(46)) - raft.server.log.segment.cache.num.max = 2 (custom)
2023-07-06 10:48:14,687 [b02eaa79-f692-4c53-b57d-37cb88368c79-groupManagement] INFO  server.RaftServerConfigKeys (ConfUtils.java:logGet(46)) - raft.server.log.segment.cache.size.max = 200MB (=209715200) (default)
2023-07-06 10:48:14,687 [b02eaa79-f692-4c53-b57d-37cb88368c79-groupManagement] INFO  server.RaftServerConfigKeys (ConfUtils.java:logGet(46)) - raft.server.log.appender.buffer.byte-limit = 33554432 (custom)
2023-07-06 10:48:14,687 [b02eaa79-f692-4c53-b57d-37cb88368c79-groupManagement] INFO  segmented.SegmentedRaftLogWorker (SegmentedRaftLogWorker.java:<init>(188)) - new b02eaa79-f692-4c53-b57d-37cb88368c79@group-656AAD0BEA11-SegmentedRaftLogWorker for RaftStorageImpl:Storage Directory /home/runner/work/ozone/ozone/hadoop-ozone/integration-test/target/test-dir/MiniOzoneClusterImpl-8ecce792-0b29-40a4-bcd2-9922915e3450/datanode-2/data/ratis/b3b9432e-b1ab-4d28-b8c7-656aad0bea11
2023-07-06 10:48:14,687 [b02eaa79-f692-4c53-b57d-37cb88368c79-groupManagement] INFO  server.RaftServerConfigKeys (ConfUtils.java:logGet(46)) - raft.server.log.queue.byte-limit = 4294967296 (custom)
2023-07-06 10:48:14,687 [b02eaa79-f692-4c53-b57d-37cb88368c79-groupManagement] INFO  server.RaftServerConfigKeys (ConfUtils.java:logGet(46)) - raft.server.log.queue.element-limit = 1024 (custom)
2023-07-06 10:48:14,687 [b02eaa79-f692-4c53-b57d-37cb88368c79-groupManagement] INFO  server.RaftServerConfigKeys (ConfUtils.java:logGet(46)) - raft.server.log.segment.size.max = 1048576 (custom)
2023-07-06 10:48:14,687 [b02eaa79-f692-4c53-b57d-37cb88368c79-groupManagement] INFO  server.RaftServerConfigKeys (ConfUtils.java:logGet(46)) - raft.server.log.preallocated.size = 16384 (custom)
2023-07-06 10:48:14,687 [b02eaa79-f692-4c53-b57d-37cb88368c79-groupManagement] INFO  server.RaftServerConfigKeys (ConfUtils.java:logGet(46)) - raft.server.log.force.sync.num = 128 (default)
2023-07-06 10:48:14,687 [b02eaa79-f692-4c53-b57d-37cb88368c79-groupManagement] INFO  server.RaftServerConfigKeys (ConfUtils.java:logGet(46)) - raft.server.log.statemachine.data.sync = true (default)
2023-07-06 10:48:14,687 [b02eaa79-f692-4c53-b57d-37cb88368c79-groupManagement] INFO  server.RaftServerConfigKeys (ConfUtils.java:logGet(46)) - raft.server.log.statemachine.data.sync.timeout = 10s (default)
2023-07-06 10:48:14,695 [b02eaa79-f692-4c53-b57d-37cb88368c79-groupManagement] INFO  server.RaftServerConfigKeys (ConfUtils.java:logGet(46)) - raft.server.log.statemachine.data.sync.timeout.retry = -1 (default)
2023-07-06 10:48:14,697 [b02eaa79-f692-4c53-b57d-37cb88368c79-groupManagement] INFO  server.RaftServerConfigKeys (ConfUtils.java:logGet(46)) - raft.server.log.write.buffer.size = 1048576 (custom)
2023-07-06 10:48:14,697 [b02eaa79-f692-4c53-b57d-37cb88368c79-groupManagement] INFO  server.RaftServerConfigKeys (ConfUtils.java:logGet(46)) - raft.server.log.appender.buffer.byte-limit = 33554432 (custom)
2023-07-06 10:48:14,701 [d927e26c-8fe2-4137-bd03-4653fe67c688-groupManagement] INFO  storage.RaftStorageDirectory (RaftStorageDirectoryImpl.java:tryLock(231)) - Lock on /home/runner/work/ozone/ozone/hadoop-ozone/integration-test/target/test-dir/MiniOzoneClusterImpl-8ecce792-0b29-40a4-bcd2-9922915e3450/datanode-1/data/ratis/b3b9432e-b1ab-4d28-b8c7-656aad0bea11/in_use.lock acquired by nodename 110287@fv-az137-100
2023-07-06 10:48:14,708 [b02eaa79-f692-4c53-b57d-37cb88368c79-groupManagement] INFO  server.RaftServerConfigKeys (ConfUtils.java:logGet(46)) - raft.server.log.unsafe-flush.enabled = false (default)
2023-07-06 10:48:14,708 [b02eaa79-f692-4c53-b57d-37cb88368c79-groupManagement] INFO  server.RaftServerConfigKeys (ConfUtils.java:logGet(46)) - raft.server.log.async-flush.enabled = false (default)
2023-07-06 10:48:14,708 [b02eaa79-f692-4c53-b57d-37cb88368c79-groupManagement] INFO  server.RaftServerConfigKeys (ConfUtils.java:logGet(46)) - raft.server.log.statemachine.data.caching.enabled = true (custom)
2023-07-06 10:48:14,708 [PipelineCommandHandlerThread-0] INFO  commandhandler.CreatePipelineCommandHandler (CreatePipelineCommandHandler.java:lambda$handle$2(124)) - Created Pipeline RATIS THREE PipelineID=2356d707-daad-4873-8cda-d2f834ac6072.
2023-07-06 10:48:14,709 [b02eaa79-f692-4c53-b57d-37cb88368c79-groupManagement] INFO  segmented.SegmentedRaftLogWorker (SegmentedRaftLogWorker.java:lambda$new$0(135)) - b02eaa79-f692-4c53-b57d-37cb88368c79@group-656AAD0BEA11-SegmentedRaftLogWorker: flushIndex: setUnconditionally 0 -> -1
2023-07-06 10:48:14,709 [b02eaa79-f692-4c53-b57d-37cb88368c79-groupManagement] INFO  segmented.SegmentedRaftLogWorker (SegmentedRaftLogWorker.java:lambda$new$0(135)) - b02eaa79-f692-4c53-b57d-37cb88368c79@group-656AAD0BEA11-SegmentedRaftLogWorker: safeCacheEvictIndex: setUnconditionally 0 -> -1
2023-07-06 10:48:14,709 [PipelineCommandHandlerThread-0] INFO  server.RaftServer (RaftServerProxy.java:addNew(98)) - c18b64c4-7b5c-4e0a-b26c-2daf5f5ffc53: addNew group-656AAD0BEA11:[b02eaa79-f692-4c53-b57d-37cb88368c79|rpc:10.1.0.19:15032|admin:10.1.0.19:15031|client:10.1.0.19:15030|dataStream:10.1.0.19:15033|priority:0|startupRole:FOLLOWER, c18b64c4-7b5c-4e0a-b26c-2daf5f5ffc53|rpc:10.1.0.19:15014|admin:10.1.0.19:15013|client:10.1.0.19:15012|dataStream:10.1.0.19:15015|priority:1|startupRole:FOLLOWER, d927e26c-8fe2-4137-bd03-4653fe67c688|rpc:10.1.0.19:15023|admin:10.1.0.19:15022|client:10.1.0.19:15021|dataStream:10.1.0.19:15024|priority:0|startupRole:FOLLOWER] returns group-656AAD0BEA11:java.util.concurrent.CompletableFuture@69fb4526[Not completed]
2023-07-06 10:48:14,709 [b02eaa79-f692-4c53-b57d-37cb88368c79-groupManagement] INFO  server.RaftServer$Division (RaftServerImpl.java:start(342)) - b02eaa79-f692-4c53-b57d-37cb88368c79@group-656AAD0BEA11: start as a follower, conf=-1: peers:[b02eaa79-f692-4c53-b57d-37cb88368c79|rpc:10.1.0.19:15032|admin:10.1.0.19:15031|client:10.1.0.19:15030|dataStream:10.1.0.19:15033|priority:0|startupRole:FOLLOWER, c18b64c4-7b5c-4e0a-b26c-2daf5f5ffc53|rpc:10.1.0.19:15014|admin:10.1.0.19:15013|client:10.1.0.19:15012|dataStream:10.1.0.19:15015|priority:1|startupRole:FOLLOWER, d927e26c-8fe2-4137-bd03-4653fe67c688|rpc:10.1.0.19:15023|admin:10.1.0.19:15022|client:10.1.0.19:15021|dataStream:10.1.0.19:15024|priority:0|startupRole:FOLLOWER]|listeners:[], old=null
2023-07-06 10:48:14,709 [b02eaa79-f692-4c53-b57d-37cb88368c79-groupManagement] INFO  server.RaftServer$Division (RaftServerImpl.java:setRole(329)) - b02eaa79-f692-4c53-b57d-37cb88368c79@group-656AAD0BEA11: changes role from      null to FOLLOWER at term 0 for startAsFollower
2023-07-06 10:48:14,709 [b02eaa79-f692-4c53-b57d-37cb88368c79-groupManagement] INFO  impl.RoleInfo (RoleInfo.java:updateAndGet(139)) - b02eaa79-f692-4c53-b57d-37cb88368c79: start b02eaa79-f692-4c53-b57d-37cb88368c79@group-656AAD0BEA11-FollowerState
2023-07-06 10:48:14,710 [c18b64c4-7b5c-4e0a-b26c-2daf5f5ffc53-groupManagement] INFO  server.RaftServer$Division (RaftServerImpl.java:<init>(198)) - c18b64c4-7b5c-4e0a-b26c-2daf5f5ffc53: new RaftServerImpl for group-656AAD0BEA11:[b02eaa79-f692-4c53-b57d-37cb88368c79|rpc:10.1.0.19:15032|admin:10.1.0.19:15031|client:10.1.0.19:15030|dataStream:10.1.0.19:15033|priority:0|startupRole:FOLLOWER, c18b64c4-7b5c-4e0a-b26c-2daf5f5ffc53|rpc:10.1.0.19:15014|admin:10.1.0.19:15013|client:10.1.0.19:15012|dataStream:10.1.0.19:15015|priority:1|startupRole:FOLLOWER, d927e26c-8fe2-4137-bd03-4653fe67c688|rpc:10.1.0.19:15023|admin:10.1.0.19:15022|client:10.1.0.19:15021|dataStream:10.1.0.19:15024|priority:0|startupRole:FOLLOWER] with ContainerStateMachine:uninitialized
2023-07-06 10:48:14,712 [c18b64c4-7b5c-4e0a-b26c-2daf5f5ffc53-groupManagement] INFO  server.RaftServerConfigKeys (ConfUtils.java:logGet(46)) - raft.server.rpc.timeout.min = 5s (custom)
2023-07-06 10:48:14,712 [c18b64c4-7b5c-4e0a-b26c-2daf5f5ffc53-groupManagement] INFO  server.RaftServerConfigKeys (ConfUtils.java:logGet(46)) - raft.server.rpc.timeout.max = 5200ms (custom)
2023-07-06 10:48:14,712 [c18b64c4-7b5c-4e0a-b26c-2daf5f5ffc53-groupManagement] INFO  server.RaftServerConfigKeys (ConfUtils.java:logGet(46)) - raft.server.rpc.sleep.time = 25ms (default)
2023-07-06 10:48:14,712 [c18b64c4-7b5c-4e0a-b26c-2daf5f5ffc53-groupManagement] INFO  server.RaftServerConfigKeys (ConfUtils.java:logGet(46)) - raft.server.rpc.slowness.timeout = 300s (custom)
2023-07-06 10:48:14,712 [c18b64c4-7b5c-4e0a-b26c-2daf5f5ffc53-groupManagement] INFO  server.RaftServerConfigKeys (ConfUtils.java:logGet(46)) - raft.server.leaderelection.leader.step-down.wait-time = 10s (default)
2023-07-06 10:48:14,712 [c18b64c4-7b5c-4e0a-b26c-2daf5f5ffc53-groupManagement] INFO  server.RaftServerConfigKeys (ConfUtils.java:logGet(46)) - raft.server.sleep.deviation.threshold = 300ms (default)
2023-07-06 10:48:14,712 [c18b64c4-7b5c-4e0a-b26c-2daf5f5ffc53-groupManagement] INFO  server.RaftServer$Division (ServerState.java:<init>(120)) - c18b64c4-7b5c-4e0a-b26c-2daf5f5ffc53@group-656AAD0BEA11: ConfigurationManager, init=-1: peers:[b02eaa79-f692-4c53-b57d-37cb88368c79|rpc:10.1.0.19:15032|admin:10.1.0.19:15031|client:10.1.0.19:15030|dataStream:10.1.0.19:15033|priority:0|startupRole:FOLLOWER, c18b64c4-7b5c-4e0a-b26c-2daf5f5ffc53|rpc:10.1.0.19:15014|admin:10.1.0.19:15013|client:10.1.0.19:15012|dataStream:10.1.0.19:15015|priority:1|startupRole:FOLLOWER, d927e26c-8fe2-4137-bd03-4653fe67c688|rpc:10.1.0.19:15023|admin:10.1.0.19:15022|client:10.1.0.19:15021|dataStream:10.1.0.19:15024|priority:0|startupRole:FOLLOWER]|listeners:[], old=null, confs=<EMPTY_MAP>
2023-07-06 10:48:14,712 [c18b64c4-7b5c-4e0a-b26c-2daf5f5ffc53-groupManagement] INFO  server.RaftServerConfigKeys (ConfUtils.java:logGet(46)) - raft.server.storage.dir = [/home/runner/work/ozone/ozone/hadoop-ozone/integration-test/target/test-dir/MiniOzoneClusterImpl-8ecce792-0b29-40a4-bcd2-9922915e3450/datanode-0/data/ratis] (custom)
2023-07-06 10:48:14,713 [c18b64c4-7b5c-4e0a-b26c-2daf5f5ffc53-groupManagement] INFO  server.RaftServerConfigKeys (ConfUtils.java:logGet(46)) - raft.server.log.corruption.policy = EXCEPTION (default)
2023-07-06 10:48:14,713 [c18b64c4-7b5c-4e0a-b26c-2daf5f5ffc53-groupManagement] INFO  server.RaftServerConfigKeys (ConfUtils.java:logGet(46)) - raft.server.storage.free-space.min = 0MB (=0) (default)
2023-07-06 10:48:14,713 [c18b64c4-7b5c-4e0a-b26c-2daf5f5ffc53-groupManagement] INFO  server.RaftServerConfigKeys (ConfUtils.java:logGet(46)) - raft.server.notification.no-leader.timeout = 300s (custom)
2023-07-06 10:48:14,713 [c18b64c4-7b5c-4e0a-b26c-2daf5f5ffc53-groupManagement] INFO  server.RaftServerConfigKeys (ConfUtils.java:logGet(46)) - raft.server.read.timeout = 10s (default)
2023-07-06 10:48:14,715 [b02eaa79-f692-4c53-b57d-37cb88368c79@group-656AAD0BEA11-FollowerState] INFO  server.RaftServerConfigKeys (ConfUtils.java:logFallback(53)) - raft.server.rpc.first-election.timeout.min = 5s (fallback to raft.server.rpc.timeout.min)
2023-07-06 10:48:14,710 [b02eaa79-f692-4c53-b57d-37cb88368c79-groupManagement] INFO  util.JmxRegister (JmxRegister.java:tryRegister(44)) - Successfully registered JMX Bean with object name Ratis:service=RaftServer,group=group-656AAD0BEA11,id=b02eaa79-f692-4c53-b57d-37cb88368c79
2023-07-06 10:48:14,716 [b02eaa79-f692-4c53-b57d-37cb88368c79-groupManagement] INFO  server.RaftServerConfigKeys (ConfUtils.java:logGet(46)) - raft.server.snapshot.auto.trigger.enabled = true (custom)
2023-07-06 10:48:14,716 [b02eaa79-f692-4c53-b57d-37cb88368c79@group-656AAD0BEA11-FollowerState] INFO  server.RaftServerConfigKeys (ConfUtils.java:logFallback(53)) - raft.server.rpc.first-election.timeout.max = 5200ms (fallback to raft.server.rpc.timeout.max)
2023-07-06 10:48:14,716 [b02eaa79-f692-4c53-b57d-37cb88368c79-groupManagement] INFO  server.RaftServerConfigKeys (ConfUtils.java:logGet(46)) - raft.server.snapshot.auto.trigger.threshold = 10000 (custom)
2023-07-06 10:48:14,716 [b02eaa79-f692-4c53-b57d-37cb88368c79-groupManagement] INFO  server.RaftServerConfigKeys (ConfUtils.java:logGet(46)) - raft.server.snapshot.retention.file.num = 5 (custom)
2023-07-06 10:48:14,717 [b02eaa79-f692-4c53-b57d-37cb88368c79-groupManagement] INFO  server.RaftServerConfigKeys (ConfUtils.java:logGet(46)) - raft.server.log.purge.upto.snapshot.index = false (default)
2023-07-06 10:48:14,715 [c18b64c4-7b5c-4e0a-b26c-2daf5f5ffc53-groupManagement] INFO  server.RaftServerConfigKeys (ConfUtils.java:logGet(46)) - raft.server.retrycache.expirytime = 600000ms (custom)
2023-07-06 10:48:14,717 [c18b64c4-7b5c-4e0a-b26c-2daf5f5ffc53-groupManagement] INFO  server.RaftServerConfigKeys (ConfUtils.java:logGet(46)) - raft.server.retrycache.statistics.expirytime = 100μs (default)
2023-07-06 10:48:14,717 [c18b64c4-7b5c-4e0a-b26c-2daf5f5ffc53-groupManagement] INFO  server.RaftServerConfigKeys (ConfUtils.java:logGet(46)) - raft.server.read.option = DEFAULT (default)
2023-07-06 10:48:14,714 [d927e26c-8fe2-4137-bd03-4653fe67c688-groupManagement] INFO  storage.RaftStorage (RaftStorageImpl.java:format(96)) - Storage directory /home/runner/work/ozone/ozone/hadoop-ozone/integration-test/target/test-dir/MiniOzoneClusterImpl-8ecce792-0b29-40a4-bcd2-9922915e3450/datanode-1/data/ratis/b3b9432e-b1ab-4d28-b8c7-656aad0bea11 has been successfully formatted.
2023-07-06 10:48:14,718 [d927e26c-8fe2-4137-bd03-4653fe67c688-groupManagement] INFO  ratis.ContainerStateMachine (ContainerStateMachine.java:loadSnapshot(262)) - group-656AAD0BEA11: The snapshot info is null. Setting the last applied indexto:(t:0, i:~)
2023-07-06 10:48:14,719 [d927e26c-8fe2-4137-bd03-4653fe67c688-groupManagement] INFO  server.RaftServerConfigKeys (ConfUtils.java:logGet(46)) - raft.server.log.use.memory = false (default)
2023-07-06 10:48:14,719 [d927e26c-8fe2-4137-bd03-4653fe67c688-groupManagement] INFO  server.RaftServerConfigKeys (ConfUtils.java:logGet(46)) - raft.server.log.purge.gap = 1000000 (custom)
2023-07-06 10:48:14,719 [d927e26c-8fe2-4137-bd03-4653fe67c688-groupManagement] INFO  server.RaftServerConfigKeys (ConfUtils.java:logGet(46)) - raft.server.log.appender.buffer.byte-limit = 33554432 (custom)
2023-07-06 10:48:14,719 [d927e26c-8fe2-4137-bd03-4653fe67c688-groupManagement] INFO  server.RaftServerConfigKeys (ConfUtils.java:logGet(46)) - raft.server.log.statemachine.data.read.timeout = 1000ms (default)
2023-07-06 10:48:14,719 [d927e26c-8fe2-4137-bd03-4653fe67c688-groupManagement] INFO  server.RaftServerConfigKeys (ConfUtils.java:logGet(46)) - raft.server.log.purge.preservation.log.num = 0 (default)
2023-07-06 10:48:14,722 [PipelineCommandHandlerThread-0] INFO  ratis.XceiverServerRatis (XceiverServerRatis.java:addGroup(804)) - Created group PipelineID=b3b9432e-b1ab-4d28-b8c7-656aad0bea11
2023-07-06 10:48:14,723 [EventQueue-OpenPipelineForHealthyPipelineSafeModeRule] INFO  safemode.SCMSafeModeManager (HealthyPipelineSafeModeRule.java:process(137)) - SCM in safe mode. Healthy pipelines reported count is 0, required healthy pipeline reported count is 1
2023-07-06 10:48:14,723 [d927e26c-8fe2-4137-bd03-4653fe67c688-groupManagement] INFO  server.RaftServerConfigKeys (ConfUtils.java:logGet(46)) - raft.server.log.segment.size.max = 1048576 (custom)
2023-07-06 10:48:14,727 [d927e26c-8fe2-4137-bd03-4653fe67c688-groupManagement] INFO  server.RaftServerConfigKeys (ConfUtils.java:logGet(46)) - raft.server.log.segment.cache.num.max = 2 (custom)
2023-07-06 10:48:14,727 [d927e26c-8fe2-4137-bd03-4653fe67c688-groupManagement] INFO  server.RaftServerConfigKeys (ConfUtils.java:logGet(46)) - raft.server.log.segment.cache.size.max = 200MB (=209715200) (default)
2023-07-06 10:48:14,727 [d927e26c-8fe2-4137-bd03-4653fe67c688-groupManagement] INFO  server.RaftServerConfigKeys (ConfUtils.java:logGet(46)) - raft.server.log.appender.buffer.byte-limit = 33554432 (custom)
2023-07-06 10:48:14,727 [d927e26c-8fe2-4137-bd03-4653fe67c688-groupManagement] INFO  segmented.SegmentedRaftLogWorker (SegmentedRaftLogWorker.java:<init>(188)) - new d927e26c-8fe2-4137-bd03-4653fe67c688@group-656AAD0BEA11-SegmentedRaftLogWorker for RaftStorageImpl:Storage Directory /home/runner/work/ozone/ozone/hadoop-ozone/integration-test/target/test-dir/MiniOzoneClusterImpl-8ecce792-0b29-40a4-bcd2-9922915e3450/datanode-1/data/ratis/b3b9432e-b1ab-4d28-b8c7-656aad0bea11
2023-07-06 10:48:14,727 [d927e26c-8fe2-4137-bd03-4653fe67c688-groupManagement] INFO  server.RaftServerConfigKeys (ConfUtils.java:logGet(46)) - raft.server.log.queue.byte-limit = 4294967296 (custom)
2023-07-06 10:48:14,727 [d927e26c-8fe2-4137-bd03-4653fe67c688-groupManagement] INFO  server.RaftServerConfigKeys (ConfUtils.java:logGet(46)) - raft.server.log.queue.element-limit = 1024 (custom)
2023-07-06 10:48:14,727 [d927e26c-8fe2-4137-bd03-4653fe67c688-groupManagement] INFO  server.RaftServerConfigKeys (ConfUtils.java:logGet(46)) - raft.server.log.segment.size.max = 1048576 (custom)
2023-07-06 10:48:14,727 [d927e26c-8fe2-4137-bd03-4653fe67c688-groupManagement] INFO  server.RaftServerConfigKeys (ConfUtils.java:logGet(46)) - raft.server.log.preallocated.size = 16384 (custom)
2023-07-06 10:48:14,727 [d927e26c-8fe2-4137-bd03-4653fe67c688-groupManagement] INFO  server.RaftServerConfigKeys (ConfUtils.java:logGet(46)) - raft.server.log.force.sync.num = 128 (default)
2023-07-06 10:48:14,727 [d927e26c-8fe2-4137-bd03-4653fe67c688-groupManagement] INFO  server.RaftServerConfigKeys (ConfUtils.java:logGet(46)) - raft.server.log.statemachine.data.sync = true (default)
2023-07-06 10:48:14,727 [d927e26c-8fe2-4137-bd03-4653fe67c688-groupManagement] INFO  server.RaftServerConfigKeys (ConfUtils.java:logGet(46)) - raft.server.log.statemachine.data.sync.timeout = 10s (default)
2023-07-06 10:48:14,727 [d927e26c-8fe2-4137-bd03-4653fe67c688-groupManagement] INFO  server.RaftServerConfigKeys (ConfUtils.java:logGet(46)) - raft.server.log.statemachine.data.sync.timeout.retry = -1 (default)
2023-07-06 10:48:14,727 [c18b64c4-7b5c-4e0a-b26c-2daf5f5ffc53-groupManagement] INFO  server.RaftServerConfigKeys (ConfUtils.java:logGet(46)) - raft.server.rpc.request.timeout = 60s (custom)
2023-07-06 10:48:14,727 [c18b64c4-7b5c-4e0a-b26c-2daf5f5ffc53-groupManagement] INFO  server.RaftServerConfigKeys (ConfUtils.java:logGet(46)) - raft.server.log.appender.install.snapshot.enabled = false (custom)
2023-07-06 10:48:14,727 [c18b64c4-7b5c-4e0a-b26c-2daf5f5ffc53-groupManagement] INFO  server.RaftServerConfigKeys (ConfUtils.java:logGet(46)) - raft.server.threadpool.server.cached = true (default)
2023-07-06 10:48:14,728 [c18b64c4-7b5c-4e0a-b26c-2daf5f5ffc53-groupManagement] INFO  server.RaftServerConfigKeys (ConfUtils.java:logGet(46)) - raft.server.threadpool.server.size = 0 (default)
2023-07-06 10:48:14,728 [c18b64c4-7b5c-4e0a-b26c-2daf5f5ffc53-groupManagement] INFO  server.RaftServerConfigKeys (ConfUtils.java:logGet(46)) - raft.server.threadpool.client.cached = true (default)
2023-07-06 10:48:14,728 [c18b64c4-7b5c-4e0a-b26c-2daf5f5ffc53-groupManagement] INFO  server.RaftServerConfigKeys (ConfUtils.java:logGet(46)) - raft.server.threadpool.client.size = 0 (default)
2023-07-06 10:48:14,728 [c18b64c4-7b5c-4e0a-b26c-2daf5f5ffc53-groupManagement] INFO  storage.RaftStorageDirectory (RaftStorageDirectoryImpl.java:analyzeStorage(137)) - The storage directory /home/runner/work/ozone/ozone/hadoop-ozone/integration-test/target/test-dir/MiniOzoneClusterImpl-8ecce792-0b29-40a4-bcd2-9922915e3450/datanode-0/data/ratis/b3b9432e-b1ab-4d28-b8c7-656aad0bea11 does not exist. Creating ...
2023-07-06 10:48:14,731 [c18b64c4-7b5c-4e0a-b26c-2daf5f5ffc53-groupManagement] INFO  storage.RaftStorageDirectory (RaftStorageDirectoryImpl.java:tryLock(231)) - Lock on /home/runner/work/ozone/ozone/hadoop-ozone/integration-test/target/test-dir/MiniOzoneClusterImpl-8ecce792-0b29-40a4-bcd2-9922915e3450/datanode-0/data/ratis/b3b9432e-b1ab-4d28-b8c7-656aad0bea11/in_use.lock acquired by nodename 110287@fv-az137-100
2023-07-06 10:48:14,733 [c18b64c4-7b5c-4e0a-b26c-2daf5f5ffc53-groupManagement] INFO  storage.RaftStorage (RaftStorageImpl.java:format(96)) - Storage directory /home/runner/work/ozone/ozone/hadoop-ozone/integration-test/target/test-dir/MiniOzoneClusterImpl-8ecce792-0b29-40a4-bcd2-9922915e3450/datanode-0/data/ratis/b3b9432e-b1ab-4d28-b8c7-656aad0bea11 has been successfully formatted.
2023-07-06 10:48:14,737 [c18b64c4-7b5c-4e0a-b26c-2daf5f5ffc53-groupManagement] INFO  ratis.ContainerStateMachine (ContainerStateMachine.java:loadSnapshot(262)) - group-656AAD0BEA11: The snapshot info is null. Setting the last applied indexto:(t:0, i:~)
2023-07-06 10:48:14,737 [c18b64c4-7b5c-4e0a-b26c-2daf5f5ffc53-groupManagement] INFO  server.RaftServerConfigKeys (ConfUtils.java:logGet(46)) - raft.server.log.use.memory = false (default)
2023-07-06 10:48:14,737 [c18b64c4-7b5c-4e0a-b26c-2daf5f5ffc53-groupManagement] INFO  server.RaftServerConfigKeys (ConfUtils.java:logGet(46)) - raft.server.log.purge.gap = 1000000 (custom)
2023-07-06 10:48:14,737 [c18b64c4-7b5c-4e0a-b26c-2daf5f5ffc53-groupManagement] INFO  server.RaftServerConfigKeys (ConfUtils.java:logGet(46)) - raft.server.log.appender.buffer.byte-limit = 33554432 (custom)
2023-07-06 10:48:14,737 [c18b64c4-7b5c-4e0a-b26c-2daf5f5ffc53-groupManagement] INFO  server.RaftServerConfigKeys (ConfUtils.java:logGet(46)) - raft.server.log.statemachine.data.read.timeout = 1000ms (default)
2023-07-06 10:48:14,737 [c18b64c4-7b5c-4e0a-b26c-2daf5f5ffc53-groupManagement] INFO  server.RaftServerConfigKeys (ConfUtils.java:logGet(46)) - raft.server.log.purge.preservation.log.num = 0 (default)
2023-07-06 10:48:14,739 [EventQueue-OpenPipelineForHealthyPipelineSafeModeRule] INFO  safemode.SCMSafeModeManager (HealthyPipelineSafeModeRule.java:process(137)) - SCM in safe mode. Healthy pipelines reported count is 0, required healthy pipeline reported count is 1
2023-07-06 10:48:14,740 [d927e26c-8fe2-4137-bd03-4653fe67c688-groupManagement] INFO  server.RaftServerConfigKeys (ConfUtils.java:logGet(46)) - raft.server.log.write.buffer.size = 1048576 (custom)
2023-07-06 10:48:14,740 [c18b64c4-7b5c-4e0a-b26c-2daf5f5ffc53-groupManagement] INFO  server.RaftServerConfigKeys (ConfUtils.java:logGet(46)) - raft.server.log.segment.size.max = 1048576 (custom)
2023-07-06 10:48:14,741 [c18b64c4-7b5c-4e0a-b26c-2daf5f5ffc53-groupManagement] INFO  server.RaftServerConfigKeys (ConfUtils.java:logGet(46)) - raft.server.log.segment.cache.num.max = 2 (custom)
2023-07-06 10:48:14,741 [d927e26c-8fe2-4137-bd03-4653fe67c688-groupManagement] INFO  server.RaftServerConfigKeys (ConfUtils.java:logGet(46)) - raft.server.log.appender.buffer.byte-limit = 33554432 (custom)
2023-07-06 10:48:14,751 [c18b64c4-7b5c-4e0a-b26c-2daf5f5ffc53-groupManagement] INFO  server.RaftServerConfigKeys (ConfUtils.java:logGet(46)) - raft.server.log.segment.cache.size.max = 200MB (=209715200) (default)
2023-07-06 10:48:14,753 [c18b64c4-7b5c-4e0a-b26c-2daf5f5ffc53-groupManagement] INFO  server.RaftServerConfigKeys (ConfUtils.java:logGet(46)) - raft.server.log.appender.buffer.byte-limit = 33554432 (custom)
2023-07-06 10:48:14,754 [c18b64c4-7b5c-4e0a-b26c-2daf5f5ffc53-groupManagement] INFO  segmented.SegmentedRaftLogWorker (SegmentedRaftLogWorker.java:<init>(188)) - new c18b64c4-7b5c-4e0a-b26c-2daf5f5ffc53@group-656AAD0BEA11-SegmentedRaftLogWorker for RaftStorageImpl:Storage Directory /home/runner/work/ozone/ozone/hadoop-ozone/integration-test/target/test-dir/MiniOzoneClusterImpl-8ecce792-0b29-40a4-bcd2-9922915e3450/datanode-0/data/ratis/b3b9432e-b1ab-4d28-b8c7-656aad0bea11
2023-07-06 10:48:14,754 [c18b64c4-7b5c-4e0a-b26c-2daf5f5ffc53-groupManagement] INFO  server.RaftServerConfigKeys (ConfUtils.java:logGet(46)) - raft.server.log.queue.byte-limit = 4294967296 (custom)
2023-07-06 10:48:14,754 [c18b64c4-7b5c-4e0a-b26c-2daf5f5ffc53-groupManagement] INFO  server.RaftServerConfigKeys (ConfUtils.java:logGet(46)) - raft.server.log.queue.element-limit = 1024 (custom)
2023-07-06 10:48:14,754 [c18b64c4-7b5c-4e0a-b26c-2daf5f5ffc53-groupManagement] INFO  server.RaftServerConfigKeys (ConfUtils.java:logGet(46)) - raft.server.log.segment.size.max = 1048576 (custom)
2023-07-06 10:48:14,755 [c18b64c4-7b5c-4e0a-b26c-2daf5f5ffc53-groupManagement] INFO  server.RaftServerConfigKeys (ConfUtils.java:logGet(46)) - raft.server.log.preallocated.size = 16384 (custom)
2023-07-06 10:48:14,755 [c18b64c4-7b5c-4e0a-b26c-2daf5f5ffc53-groupManagement] INFO  server.RaftServerConfigKeys (ConfUtils.java:logGet(46)) - raft.server.log.force.sync.num = 128 (default)
2023-07-06 10:48:14,755 [c18b64c4-7b5c-4e0a-b26c-2daf5f5ffc53-groupManagement] INFO  server.RaftServerConfigKeys (ConfUtils.java:logGet(46)) - raft.server.log.statemachine.data.sync = true (default)
2023-07-06 10:48:14,756 [c18b64c4-7b5c-4e0a-b26c-2daf5f5ffc53-groupManagement] INFO  server.RaftServerConfigKeys (ConfUtils.java:logGet(46)) - raft.server.log.statemachine.data.sync.timeout = 10s (default)
2023-07-06 10:48:14,756 [c18b64c4-7b5c-4e0a-b26c-2daf5f5ffc53-groupManagement] INFO  server.RaftServerConfigKeys (ConfUtils.java:logGet(46)) - raft.server.log.statemachine.data.sync.timeout.retry = -1 (default)
2023-07-06 10:48:14,767 [d927e26c-8fe2-4137-bd03-4653fe67c688-groupManagement] INFO  server.RaftServerConfigKeys (ConfUtils.java:logGet(46)) - raft.server.log.unsafe-flush.enabled = false (default)
2023-07-06 10:48:14,767 [d927e26c-8fe2-4137-bd03-4653fe67c688-groupManagement] INFO  server.RaftServerConfigKeys (ConfUtils.java:logGet(46)) - raft.server.log.async-flush.enabled = false (default)
2023-07-06 10:48:14,767 [d927e26c-8fe2-4137-bd03-4653fe67c688-groupManagement] INFO  server.RaftServerConfigKeys (ConfUtils.java:logGet(46)) - raft.server.log.statemachine.data.caching.enabled = true (custom)
2023-07-06 10:48:14,768 [c18b64c4-7b5c-4e0a-b26c-2daf5f5ffc53-groupManagement] INFO  server.RaftServerConfigKeys (ConfUtils.java:logGet(46)) - raft.server.log.write.buffer.size = 1048576 (custom)
2023-07-06 10:48:14,770 [c18b64c4-7b5c-4e0a-b26c-2daf5f5ffc53-groupManagement] INFO  server.RaftServerConfigKeys (ConfUtils.java:logGet(46)) - raft.server.log.appender.buffer.byte-limit = 33554432 (custom)
2023-07-06 10:48:14,770 [d927e26c-8fe2-4137-bd03-4653fe67c688-groupManagement] INFO  segmented.SegmentedRaftLogWorker (SegmentedRaftLogWorker.java:lambda$new$0(135)) - d927e26c-8fe2-4137-bd03-4653fe67c688@group-656AAD0BEA11-SegmentedRaftLogWorker: flushIndex: setUnconditionally 0 -> -1
2023-07-06 10:48:14,771 [d927e26c-8fe2-4137-bd03-4653fe67c688-groupManagement] INFO  segmented.SegmentedRaftLogWorker (SegmentedRaftLogWorker.java:lambda$new$0(135)) - d927e26c-8fe2-4137-bd03-4653fe67c688@group-656AAD0BEA11-SegmentedRaftLogWorker: safeCacheEvictIndex: setUnconditionally 0 -> -1
2023-07-06 10:48:14,778 [d927e26c-8fe2-4137-bd03-4653fe67c688-groupManagement] INFO  server.RaftServer$Division (RaftServerImpl.java:start(342)) - d927e26c-8fe2-4137-bd03-4653fe67c688@group-656AAD0BEA11: start as a follower, conf=-1: peers:[b02eaa79-f692-4c53-b57d-37cb88368c79|rpc:10.1.0.19:15032|admin:10.1.0.19:15031|client:10.1.0.19:15030|dataStream:10.1.0.19:15033|priority:0|startupRole:FOLLOWER, c18b64c4-7b5c-4e0a-b26c-2daf5f5ffc53|rpc:10.1.0.19:15014|admin:10.1.0.19:15013|client:10.1.0.19:15012|dataStream:10.1.0.19:15015|priority:1|startupRole:FOLLOWER, d927e26c-8fe2-4137-bd03-4653fe67c688|rpc:10.1.0.19:15023|admin:10.1.0.19:15022|client:10.1.0.19:15021|dataStream:10.1.0.19:15024|priority:0|startupRole:FOLLOWER]|listeners:[], old=null
2023-07-06 10:48:14,778 [d927e26c-8fe2-4137-bd03-4653fe67c688-groupManagement] INFO  server.RaftServer$Division (RaftServerImpl.java:setRole(329)) - d927e26c-8fe2-4137-bd03-4653fe67c688@group-656AAD0BEA11: changes role from      null to FOLLOWER at term 0 for startAsFollower
2023-07-06 10:48:14,778 [d927e26c-8fe2-4137-bd03-4653fe67c688-groupManagement] INFO  impl.RoleInfo (RoleInfo.java:updateAndGet(139)) - d927e26c-8fe2-4137-bd03-4653fe67c688: start d927e26c-8fe2-4137-bd03-4653fe67c688@group-656AAD0BEA11-FollowerState
2023-07-06 10:48:14,779 [d927e26c-8fe2-4137-bd03-4653fe67c688-groupManagement] INFO  util.JmxRegister (JmxRegister.java:tryRegister(44)) - Successfully registered JMX Bean with object name Ratis:service=RaftServer,group=group-656AAD0BEA11,id=d927e26c-8fe2-4137-bd03-4653fe67c688
2023-07-06 10:48:14,779 [d927e26c-8fe2-4137-bd03-4653fe67c688-groupManagement] INFO  server.RaftServerConfigKeys (ConfUtils.java:logGet(46)) - raft.server.snapshot.auto.trigger.enabled = true (custom)
2023-07-06 10:48:14,779 [d927e26c-8fe2-4137-bd03-4653fe67c688-groupManagement] INFO  server.RaftServerConfigKeys (ConfUtils.java:logGet(46)) - raft.server.snapshot.auto.trigger.threshold = 10000 (custom)
2023-07-06 10:48:14,780 [d927e26c-8fe2-4137-bd03-4653fe67c688-groupManagement] INFO  server.RaftServerConfigKeys (ConfUtils.java:logGet(46)) - raft.server.snapshot.retention.file.num = 5 (custom)
2023-07-06 10:48:14,780 [d927e26c-8fe2-4137-bd03-4653fe67c688-groupManagement] INFO  server.RaftServerConfigKeys (ConfUtils.java:logGet(46)) - raft.server.log.purge.upto.snapshot.index = false (default)
2023-07-06 10:48:14,783 [c18b64c4-7b5c-4e0a-b26c-2daf5f5ffc53-groupManagement] INFO  server.RaftServerConfigKeys (ConfUtils.java:logGet(46)) - raft.server.log.unsafe-flush.enabled = false (default)
2023-07-06 10:48:14,793 [c18b64c4-7b5c-4e0a-b26c-2daf5f5ffc53-groupManagement] INFO  server.RaftServerConfigKeys (ConfUtils.java:logGet(46)) - raft.server.log.async-flush.enabled = false (default)
2023-07-06 10:48:14,793 [c18b64c4-7b5c-4e0a-b26c-2daf5f5ffc53-groupManagement] INFO  server.RaftServerConfigKeys (ConfUtils.java:logGet(46)) - raft.server.log.statemachine.data.caching.enabled = true (custom)
2023-07-06 10:48:14,794 [c18b64c4-7b5c-4e0a-b26c-2daf5f5ffc53-groupManagement] INFO  segmented.SegmentedRaftLogWorker (SegmentedRaftLogWorker.java:lambda$new$0(135)) - c18b64c4-7b5c-4e0a-b26c-2daf5f5ffc53@group-656AAD0BEA11-SegmentedRaftLogWorker: flushIndex: setUnconditionally 0 -> -1
2023-07-06 10:48:14,794 [c18b64c4-7b5c-4e0a-b26c-2daf5f5ffc53-groupManagement] INFO  segmented.SegmentedRaftLogWorker (SegmentedRaftLogWorker.java:lambda$new$0(135)) - c18b64c4-7b5c-4e0a-b26c-2daf5f5ffc53@group-656AAD0BEA11-SegmentedRaftLogWorker: safeCacheEvictIndex: setUnconditionally 0 -> -1
2023-07-06 10:48:14,786 [d927e26c-8fe2-4137-bd03-4653fe67c688@group-656AAD0BEA11-FollowerState] INFO  server.RaftServerConfigKeys (ConfUtils.java:logFallback(53)) - raft.server.rpc.first-election.timeout.min = 5s (fallback to raft.server.rpc.timeout.min)
2023-07-06 10:48:14,785 [PipelineCommandHandlerThread-0] INFO  ratis.XceiverServerRatis (XceiverServerRatis.java:addGroup(804)) - Created group PipelineID=b3b9432e-b1ab-4d28-b8c7-656aad0bea11
2023-07-06 10:48:14,799 [c18b64c4-7b5c-4e0a-b26c-2daf5f5ffc53-groupManagement] INFO  server.RaftServer$Division (RaftServerImpl.java:start(342)) - c18b64c4-7b5c-4e0a-b26c-2daf5f5ffc53@group-656AAD0BEA11: start as a follower, conf=-1: peers:[b02eaa79-f692-4c53-b57d-37cb88368c79|rpc:10.1.0.19:15032|admin:10.1.0.19:15031|client:10.1.0.19:15030|dataStream:10.1.0.19:15033|priority:0|startupRole:FOLLOWER, c18b64c4-7b5c-4e0a-b26c-2daf5f5ffc53|rpc:10.1.0.19:15014|admin:10.1.0.19:15013|client:10.1.0.19:15012|dataStream:10.1.0.19:15015|priority:1|startupRole:FOLLOWER, d927e26c-8fe2-4137-bd03-4653fe67c688|rpc:10.1.0.19:15023|admin:10.1.0.19:15022|client:10.1.0.19:15021|dataStream:10.1.0.19:15024|priority:0|startupRole:FOLLOWER]|listeners:[], old=null
2023-07-06 10:48:14,799 [c18b64c4-7b5c-4e0a-b26c-2daf5f5ffc53-groupManagement] INFO  server.RaftServer$Division (RaftServerImpl.java:setRole(329)) - c18b64c4-7b5c-4e0a-b26c-2daf5f5ffc53@group-656AAD0BEA11: changes role from      null to FOLLOWER at term 0 for startAsFollower
2023-07-06 10:48:14,800 [c18b64c4-7b5c-4e0a-b26c-2daf5f5ffc53-groupManagement] INFO  impl.RoleInfo (RoleInfo.java:updateAndGet(139)) - c18b64c4-7b5c-4e0a-b26c-2daf5f5ffc53: start c18b64c4-7b5c-4e0a-b26c-2daf5f5ffc53@group-656AAD0BEA11-FollowerState
2023-07-06 10:48:14,800 [d927e26c-8fe2-4137-bd03-4653fe67c688@group-656AAD0BEA11-FollowerState] INFO  server.RaftServerConfigKeys (ConfUtils.java:logFallback(53)) - raft.server.rpc.first-election.timeout.max = 5200ms (fallback to raft.server.rpc.timeout.max)
2023-07-06 10:48:14,802 [c18b64c4-7b5c-4e0a-b26c-2daf5f5ffc53@group-656AAD0BEA11-FollowerState] INFO  server.RaftServerConfigKeys (ConfUtils.java:logFallback(53)) - raft.server.rpc.first-election.timeout.min = 5s (fallback to raft.server.rpc.timeout.min)
2023-07-06 10:48:14,802 [c18b64c4-7b5c-4e0a-b26c-2daf5f5ffc53-groupManagement] INFO  util.JmxRegister (JmxRegister.java:tryRegister(44)) - Successfully registered JMX Bean with object name Ratis:service=RaftServer,group=group-656AAD0BEA11,id=c18b64c4-7b5c-4e0a-b26c-2daf5f5ffc53
2023-07-06 10:48:14,806 [c18b64c4-7b5c-4e0a-b26c-2daf5f5ffc53-groupManagement] INFO  server.RaftServerConfigKeys (ConfUtils.java:logGet(46)) - raft.server.snapshot.auto.trigger.enabled = true (custom)
2023-07-06 10:48:14,806 [c18b64c4-7b5c-4e0a-b26c-2daf5f5ffc53-groupManagement] INFO  server.RaftServerConfigKeys (ConfUtils.java:logGet(46)) - raft.server.snapshot.auto.trigger.threshold = 10000 (custom)
2023-07-06 10:48:14,806 [c18b64c4-7b5c-4e0a-b26c-2daf5f5ffc53-groupManagement] INFO  server.RaftServerConfigKeys (ConfUtils.java:logGet(46)) - raft.server.snapshot.retention.file.num = 5 (custom)
2023-07-06 10:48:14,806 [c18b64c4-7b5c-4e0a-b26c-2daf5f5ffc53-groupManagement] INFO  server.RaftServerConfigKeys (ConfUtils.java:logGet(46)) - raft.server.log.purge.upto.snapshot.index = false (default)
2023-07-06 10:48:14,808 [PipelineCommandHandlerThread-0] INFO  ratis.XceiverServerRatis (XceiverServerRatis.java:addGroup(804)) - Created group PipelineID=b3b9432e-b1ab-4d28-b8c7-656aad0bea11
2023-07-06 10:48:14,808 [c18b64c4-7b5c-4e0a-b26c-2daf5f5ffc53@group-656AAD0BEA11-FollowerState] INFO  server.RaftServerConfigKeys (ConfUtils.java:logFallback(53)) - raft.server.rpc.first-election.timeout.max = 5200ms (fallback to raft.server.rpc.timeout.max)
2023-07-06 10:48:14,896 [IPC Server handler 9 on default port 15002] INFO  net.NetworkTopologyImpl (NetworkTopologyImpl.java:add(112)) - Added a new node: /default-rack/ae0f568f-b3d6-4872-b39b-16fcb0b48bc3
2023-07-06 10:48:14,897 [IPC Server handler 9 on default port 15002] INFO  node.SCMNodeManager (SCMNodeManager.java:register(405)) - Registered Data node : ae0f568f-b3d6-4872-b39b-16fcb0b48bc3{ip: 10.1.0.19, host: fv-az137-100.aripajfx3awelhgv3otau1goqd.bx.internal.cloudapp.net, ports: [HTTP=15090, CLIENT_RPC=15091, REPLICATION=15097, RATIS=15093, RATIS_ADMIN=15094, RATIS_SERVER=15095, RATIS_DATASTREAM=15096, STANDALONE=15092], networkLocation: /default-rack, certSerialId: null, persistedOpState: null, persistedOpStateExpiryEpochSec: 0}
2023-07-06 10:48:14,897 [EventQueue-NewNodeForNewNodeHandler] INFO  pipeline.BackgroundPipelineCreator (BackgroundPipelineCreator.java:notifyEventTriggered(277)) - trigger a one-shot run on RatisPipelineUtilsThread.
2023-07-06 10:48:14,898 [RatisPipelineUtilsThread - 0] INFO  pipeline.RatisPipelineProvider (RatisPipelineProvider.java:lambda$create$0(206)) - Sending CreatePipelineCommand for pipeline:PipelineID=100a5622-fdc8-46db-8391-9e0d56da3fc4 to datanode:ae0f568f-b3d6-4872-b39b-16fcb0b48bc3
2023-07-06 10:48:14,901 [RatisPipelineUtilsThread - 0] INFO  pipeline.BackgroundPipelineCreator (BackgroundPipelineCreator.java:createPipelines(233)) - Created new pipeline Pipeline[ Id: 100a5622-fdc8-46db-8391-9e0d56da3fc4, Nodes: ae0f568f-b3d6-4872-b39b-16fcb0b48bc3(fv-az137-100.aripajfx3awelhgv3otau1goqd.bx.internal.cloudapp.net/10.1.0.19), ReplicationConfig: RATIS/ONE, State:ALLOCATED, leaderId:, CreationTimestamp2023-07-06T10:48:14.898Z[Etc/UTC]]
2023-07-06 10:48:14,901 [RatisPipelineUtilsThread - 0] WARN  pipeline.PipelinePlacementPolicy (PipelinePlacementPolicy.java:filterViableNodes(166)) - Pipeline creation failed due to no sufficient healthy datanodes. Required 3. Found 1. Excluded 9.
2023-07-06 10:48:14,903 [main] INFO  ozone.MiniOzoneClusterImpl (MiniOzoneClusterImpl.java:lambda$waitForClusterToBeReady$0(224)) - Nodes are ready. Got 10 of 10 DN Heartbeats.
2023-07-06 10:48:14,903 [main] INFO  ozone.MiniOzoneClusterImpl (MiniOzoneClusterImpl.java:lambda$waitForClusterToBeReady$0(227)) - Waiting for cluster to exit safe mode
2023-07-06 10:48:14,903 [main] INFO  ozone.MiniOzoneClusterImpl (MiniOzoneClusterImpl.java:lambda$waitForClusterToBeReady$0(229)) - SCM became leader
2023-07-06 10:48:14,935 [PipelineCommandHandlerThread-0] INFO  commandhandler.CreatePipelineCommandHandler (CreatePipelineCommandHandler.java:lambda$handle$2(124)) - Created Pipeline RATIS THREE PipelineID=b3b9432e-b1ab-4d28-b8c7-656aad0bea11.
2023-07-06 10:48:14,938 [PipelineCommandHandlerThread-0] INFO  commandhandler.CreatePipelineCommandHandler (CreatePipelineCommandHandler.java:lambda$handle$2(124)) - Created Pipeline RATIS THREE PipelineID=b3b9432e-b1ab-4d28-b8c7-656aad0bea11.
2023-07-06 10:48:14,945 [PipelineCommandHandlerThread-0] INFO  commandhandler.CreatePipelineCommandHandler (CreatePipelineCommandHandler.java:lambda$handle$2(124)) - Created Pipeline RATIS THREE PipelineID=b3b9432e-b1ab-4d28-b8c7-656aad0bea11.
2023-07-06 10:48:15,021 [PipelineCommandHandlerThread-0] INFO  server.RaftServer (RaftServerProxy.java:addNew(98)) - d375daab-0aec-4ab2-a7ca-6760e990c046: addNew group-0925DBA5EB13:[d375daab-0aec-4ab2-a7ca-6760e990c046|rpc:10.1.0.19:15041|admin:10.1.0.19:15040|client:10.1.0.19:15039|dataStream:10.1.0.19:15042|priority:1|startupRole:FOLLOWER] returns group-0925DBA5EB13:java.util.concurrent.CompletableFuture@21caa592[Not completed]
2023-07-06 10:48:15,022 [d375daab-0aec-4ab2-a7ca-6760e990c046-groupManagement] INFO  server.RaftServer$Division (RaftServerImpl.java:<init>(198)) - d375daab-0aec-4ab2-a7ca-6760e990c046: new RaftServerImpl for group-0925DBA5EB13:[d375daab-0aec-4ab2-a7ca-6760e990c046|rpc:10.1.0.19:15041|admin:10.1.0.19:15040|client:10.1.0.19:15039|dataStream:10.1.0.19:15042|priority:1|startupRole:FOLLOWER] with ContainerStateMachine:uninitialized
2023-07-06 10:48:15,022 [d375daab-0aec-4ab2-a7ca-6760e990c046-groupManagement] INFO  server.RaftServerConfigKeys (ConfUtils.java:logGet(46)) - raft.server.rpc.timeout.min = 5s (custom)
2023-07-06 10:48:15,023 [d375daab-0aec-4ab2-a7ca-6760e990c046-groupManagement] INFO  server.RaftServerConfigKeys (ConfUtils.java:logGet(46)) - raft.server.rpc.timeout.max = 5200ms (custom)
2023-07-06 10:48:15,023 [d375daab-0aec-4ab2-a7ca-6760e990c046-groupManagement] INFO  server.RaftServerConfigKeys (ConfUtils.java:logGet(46)) - raft.server.rpc.sleep.time = 25ms (default)
2023-07-06 10:48:15,023 [d375daab-0aec-4ab2-a7ca-6760e990c046-groupManagement] INFO  server.RaftServerConfigKeys (ConfUtils.java:logGet(46)) - raft.server.rpc.slowness.timeout = 300s (custom)
2023-07-06 10:48:15,023 [d375daab-0aec-4ab2-a7ca-6760e990c046-groupManagement] INFO  server.RaftServerConfigKeys (ConfUtils.java:logGet(46)) - raft.server.leaderelection.leader.step-down.wait-time = 10s (default)
2023-07-06 10:48:15,023 [d375daab-0aec-4ab2-a7ca-6760e990c046-groupManagement] INFO  server.RaftServerConfigKeys (ConfUtils.java:logGet(46)) - raft.server.sleep.deviation.threshold = 300ms (default)
2023-07-06 10:48:15,023 [d375daab-0aec-4ab2-a7ca-6760e990c046-groupManagement] INFO  server.RaftServer$Division (ServerState.java:<init>(120)) - d375daab-0aec-4ab2-a7ca-6760e990c046@group-0925DBA5EB13: ConfigurationManager, init=-1: peers:[d375daab-0aec-4ab2-a7ca-6760e990c046|rpc:10.1.0.19:15041|admin:10.1.0.19:15040|client:10.1.0.19:15039|dataStream:10.1.0.19:15042|priority:1|startupRole:FOLLOWER]|listeners:[], old=null, confs=<EMPTY_MAP>
2023-07-06 10:48:15,023 [d375daab-0aec-4ab2-a7ca-6760e990c046-groupManagement] INFO  server.RaftServerConfigKeys (ConfUtils.java:logGet(46)) - raft.server.storage.dir = [/home/runner/work/ozone/ozone/hadoop-ozone/integration-test/target/test-dir/MiniOzoneClusterImpl-8ecce792-0b29-40a4-bcd2-9922915e3450/datanode-3/data/ratis] (custom)
2023-07-06 10:48:15,023 [d375daab-0aec-4ab2-a7ca-6760e990c046-groupManagement] INFO  server.RaftServerConfigKeys (ConfUtils.java:logGet(46)) - raft.server.log.corruption.policy = EXCEPTION (default)
2023-07-06 10:48:15,023 [d375daab-0aec-4ab2-a7ca-6760e990c046-groupManagement] INFO  server.RaftServerConfigKeys (ConfUtils.java:logGet(46)) - raft.server.storage.free-space.min = 0MB (=0) (default)
2023-07-06 10:48:15,023 [d375daab-0aec-4ab2-a7ca-6760e990c046-groupManagement] INFO  server.RaftServerConfigKeys (ConfUtils.java:logGet(46)) - raft.server.notification.no-leader.timeout = 300s (custom)
2023-07-06 10:48:15,024 [d375daab-0aec-4ab2-a7ca-6760e990c046-groupManagement] INFO  server.RaftServerConfigKeys (ConfUtils.java:logGet(46)) - raft.server.read.timeout = 10s (default)
2023-07-06 10:48:15,024 [d375daab-0aec-4ab2-a7ca-6760e990c046-groupManagement] INFO  server.RaftServerConfigKeys (ConfUtils.java:logGet(46)) - raft.server.retrycache.expirytime = 600000ms (custom)
2023-07-06 10:48:15,024 [d375daab-0aec-4ab2-a7ca-6760e990c046-groupManagement] INFO  server.RaftServerConfigKeys (ConfUtils.java:logGet(46)) - raft.server.retrycache.statistics.expirytime = 100μs (default)
2023-07-06 10:48:15,024 [d375daab-0aec-4ab2-a7ca-6760e990c046-groupManagement] INFO  server.RaftServerConfigKeys (ConfUtils.java:logGet(46)) - raft.server.read.option = DEFAULT (default)
2023-07-06 10:48:15,028 [d375daab-0aec-4ab2-a7ca-6760e990c046-groupManagement] INFO  server.RaftServerConfigKeys (ConfUtils.java:logGet(46)) - raft.server.rpc.request.timeout = 60s (custom)
2023-07-06 10:48:15,028 [d375daab-0aec-4ab2-a7ca-6760e990c046-groupManagement] INFO  server.RaftServerConfigKeys (ConfUtils.java:logGet(46)) - raft.server.log.appender.install.snapshot.enabled = false (custom)
2023-07-06 10:48:15,028 [d375daab-0aec-4ab2-a7ca-6760e990c046-groupManagement] INFO  server.RaftServerConfigKeys (ConfUtils.java:logGet(46)) - raft.server.threadpool.server.cached = true (default)
2023-07-06 10:48:15,028 [d375daab-0aec-4ab2-a7ca-6760e990c046-groupManagement] INFO  server.RaftServerConfigKeys (ConfUtils.java:logGet(46)) - raft.server.threadpool.server.size = 0 (default)
2023-07-06 10:48:15,028 [d375daab-0aec-4ab2-a7ca-6760e990c046-groupManagement] INFO  server.RaftServerConfigKeys (ConfUtils.java:logGet(46)) - raft.server.threadpool.client.cached = true (default)
2023-07-06 10:48:15,028 [d375daab-0aec-4ab2-a7ca-6760e990c046-groupManagement] INFO  server.RaftServerConfigKeys (ConfUtils.java:logGet(46)) - raft.server.threadpool.client.size = 0 (default)
2023-07-06 10:48:15,028 [d375daab-0aec-4ab2-a7ca-6760e990c046-groupManagement] INFO  storage.RaftStorageDirectory (RaftStorageDirectoryImpl.java:analyzeStorage(137)) - The storage directory /home/runner/work/ozone/ozone/hadoop-ozone/integration-test/target/test-dir/MiniOzoneClusterImpl-8ecce792-0b29-40a4-bcd2-9922915e3450/datanode-3/data/ratis/76dc61de-e2b7-45d8-a9e3-0925dba5eb13 does not exist. Creating ...
2023-07-06 10:48:15,033 [d375daab-0aec-4ab2-a7ca-6760e990c046-groupManagement] INFO  storage.RaftStorageDirectory (RaftStorageDirectoryImpl.java:tryLock(231)) - Lock on /home/runner/work/ozone/ozone/hadoop-ozone/integration-test/target/test-dir/MiniOzoneClusterImpl-8ecce792-0b29-40a4-bcd2-9922915e3450/datanode-3/data/ratis/76dc61de-e2b7-45d8-a9e3-0925dba5eb13/in_use.lock acquired by nodename 110287@fv-az137-100
2023-07-06 10:48:15,035 [d375daab-0aec-4ab2-a7ca-6760e990c046-groupManagement] INFO  storage.RaftStorage (RaftStorageImpl.java:format(96)) - Storage directory /home/runner/work/ozone/ozone/hadoop-ozone/integration-test/target/test-dir/MiniOzoneClusterImpl-8ecce792-0b29-40a4-bcd2-9922915e3450/datanode-3/data/ratis/76dc61de-e2b7-45d8-a9e3-0925dba5eb13 has been successfully formatted.
2023-07-06 10:48:15,036 [d375daab-0aec-4ab2-a7ca-6760e990c046-groupManagement] INFO  ratis.ContainerStateMachine (ContainerStateMachine.java:loadSnapshot(262)) - group-0925DBA5EB13: The snapshot info is null. Setting the last applied indexto:(t:0, i:~)
2023-07-06 10:48:15,036 [d375daab-0aec-4ab2-a7ca-6760e990c046-groupManagement] INFO  server.RaftServerConfigKeys (ConfUtils.java:logGet(46)) - raft.server.log.use.memory = false (default)
2023-07-06 10:48:15,037 [d375daab-0aec-4ab2-a7ca-6760e990c046-groupManagement] INFO  server.RaftServerConfigKeys (ConfUtils.java:logGet(46)) - raft.server.log.purge.gap = 1000000 (custom)
2023-07-06 10:48:15,037 [d375daab-0aec-4ab2-a7ca-6760e990c046-groupManagement] INFO  server.RaftServerConfigKeys (ConfUtils.java:logGet(46)) - raft.server.log.appender.buffer.byte-limit = 33554432 (custom)
2023-07-06 10:48:15,037 [d375daab-0aec-4ab2-a7ca-6760e990c046-groupManagement] INFO  server.RaftServerConfigKeys (ConfUtils.java:logGet(46)) - raft.server.log.statemachine.data.read.timeout = 1000ms (default)
2023-07-06 10:48:15,037 [d375daab-0aec-4ab2-a7ca-6760e990c046-groupManagement] INFO  server.RaftServerConfigKeys (ConfUtils.java:logGet(46)) - raft.server.log.purge.preservation.log.num = 0 (default)
2023-07-06 10:48:15,043 [EventQueue-PipelineReportForPipelineReportHandler] INFO  pipeline.PipelineReportHandler (PipelineReportHandler.java:processPipelineReport(136)) - Opened pipeline PipelineID=76dc61de-e2b7-45d8-a9e3-0925dba5eb13
2023-07-06 10:48:15,043 [EventQueue-OpenPipelineForHealthyPipelineSafeModeRule] INFO  safemode.SCMSafeModeManager (HealthyPipelineSafeModeRule.java:process(137)) - SCM in safe mode. Healthy pipelines reported count is 0, required healthy pipeline reported count is 1
2023-07-06 10:48:15,044 [d375daab-0aec-4ab2-a7ca-6760e990c046-groupManagement] INFO  server.RaftServerConfigKeys (ConfUtils.java:logGet(46)) - raft.server.log.segment.size.max = 1048576 (custom)
2023-07-06 10:48:15,044 [d375daab-0aec-4ab2-a7ca-6760e990c046-groupManagement] INFO  server.RaftServerConfigKeys (ConfUtils.java:logGet(46)) - raft.server.log.segment.cache.num.max = 2 (custom)
2023-07-06 10:48:15,045 [d375daab-0aec-4ab2-a7ca-6760e990c046-groupManagement] INFO  server.RaftServerConfigKeys (ConfUtils.java:logGet(46)) - raft.server.log.segment.cache.size.max = 200MB (=209715200) (default)
2023-07-06 10:48:15,045 [d375daab-0aec-4ab2-a7ca-6760e990c046-groupManagement] INFO  server.RaftServerConfigKeys (ConfUtils.java:logGet(46)) - raft.server.log.appender.buffer.byte-limit = 33554432 (custom)
2023-07-06 10:48:15,045 [d375daab-0aec-4ab2-a7ca-6760e990c046-groupManagement] INFO  segmented.SegmentedRaftLogWorker (SegmentedRaftLogWorker.java:<init>(188)) - new d375daab-0aec-4ab2-a7ca-6760e990c046@group-0925DBA5EB13-SegmentedRaftLogWorker for RaftStorageImpl:Storage Directory /home/runner/work/ozone/ozone/hadoop-ozone/integration-test/target/test-dir/MiniOzoneClusterImpl-8ecce792-0b29-40a4-bcd2-9922915e3450/datanode-3/data/ratis/76dc61de-e2b7-45d8-a9e3-0925dba5eb13
2023-07-06 10:48:15,045 [d375daab-0aec-4ab2-a7ca-6760e990c046-groupManagement] INFO  server.RaftServerConfigKeys (ConfUtils.java:logGet(46)) - raft.server.log.queue.byte-limit = 4294967296 (custom)
2023-07-06 10:48:15,045 [d375daab-0aec-4ab2-a7ca-6760e990c046-groupManagement] INFO  server.RaftServerConfigKeys (ConfUtils.java:logGet(46)) - raft.server.log.queue.element-limit = 1024 (custom)
2023-07-06 10:48:15,045 [d375daab-0aec-4ab2-a7ca-6760e990c046-groupManagement] INFO  server.RaftServerConfigKeys (ConfUtils.java:logGet(46)) - raft.server.log.segment.size.max = 1048576 (custom)
2023-07-06 10:48:15,045 [d375daab-0aec-4ab2-a7ca-6760e990c046-groupManagement] INFO  server.RaftServerConfigKeys (ConfUtils.java:logGet(46)) - raft.server.log.preallocated.size = 16384 (custom)
2023-07-06 10:48:15,045 [d375daab-0aec-4ab2-a7ca-6760e990c046-groupManagement] INFO  server.RaftServerConfigKeys (ConfUtils.java:logGet(46)) - raft.server.log.force.sync.num = 128 (default)
2023-07-06 10:48:15,046 [d375daab-0aec-4ab2-a7ca-6760e990c046-groupManagement] INFO  server.RaftServerConfigKeys (ConfUtils.java:logGet(46)) - raft.server.log.statemachine.data.sync = true (default)
2023-07-06 10:48:15,046 [d375daab-0aec-4ab2-a7ca-6760e990c046-groupManagement] INFO  server.RaftServerConfigKeys (ConfUtils.java:logGet(46)) - raft.server.log.statemachine.data.sync.timeout = 10s (default)
2023-07-06 10:48:15,046 [d375daab-0aec-4ab2-a7ca-6760e990c046-groupManagement] INFO  server.RaftServerConfigKeys (ConfUtils.java:logGet(46)) - raft.server.log.statemachine.data.sync.timeout.retry = -1 (default)
2023-07-06 10:48:15,047 [d375daab-0aec-4ab2-a7ca-6760e990c046-groupManagement] INFO  server.RaftServerConfigKeys (ConfUtils.java:logGet(46)) - raft.server.log.write.buffer.size = 1048576 (custom)
2023-07-06 10:48:15,048 [d375daab-0aec-4ab2-a7ca-6760e990c046-groupManagement] INFO  server.RaftServerConfigKeys (ConfUtils.java:logGet(46)) - raft.server.log.appender.buffer.byte-limit = 33554432 (custom)
2023-07-06 10:48:15,061 [d375daab-0aec-4ab2-a7ca-6760e990c046-groupManagement] INFO  server.RaftServerConfigKeys (ConfUtils.java:logGet(46)) - raft.server.log.unsafe-flush.enabled = false (default)
2023-07-06 10:48:15,062 [d375daab-0aec-4ab2-a7ca-6760e990c046-groupManagement] INFO  server.RaftServerConfigKeys (ConfUtils.java:logGet(46)) - raft.server.log.async-flush.enabled = false (default)
2023-07-06 10:48:15,062 [d375daab-0aec-4ab2-a7ca-6760e990c046-groupManagement] INFO  server.RaftServerConfigKeys (ConfUtils.java:logGet(46)) - raft.server.log.statemachine.data.caching.enabled = true (custom)
2023-07-06 10:48:15,062 [d375daab-0aec-4ab2-a7ca-6760e990c046-groupManagement] INFO  segmented.SegmentedRaftLogWorker (SegmentedRaftLogWorker.java:lambda$new$0(135)) - d375daab-0aec-4ab2-a7ca-6760e990c046@group-0925DBA5EB13-SegmentedRaftLogWorker: flushIndex: setUnconditionally 0 -> -1
2023-07-06 10:48:15,063 [d375daab-0aec-4ab2-a7ca-6760e990c046-groupManagement] INFO  segmented.SegmentedRaftLogWorker (SegmentedRaftLogWorker.java:lambda$new$0(135)) - d375daab-0aec-4ab2-a7ca-6760e990c046@group-0925DBA5EB13-SegmentedRaftLogWorker: safeCacheEvictIndex: setUnconditionally 0 -> -1
2023-07-06 10:48:15,063 [d375daab-0aec-4ab2-a7ca-6760e990c046-groupManagement] INFO  server.RaftServer$Division (RaftServerImpl.java:start(342)) - d375daab-0aec-4ab2-a7ca-6760e990c046@group-0925DBA5EB13: start as a follower, conf=-1: peers:[d375daab-0aec-4ab2-a7ca-6760e990c046|rpc:10.1.0.19:15041|admin:10.1.0.19:15040|client:10.1.0.19:15039|dataStream:10.1.0.19:15042|priority:1|startupRole:FOLLOWER]|listeners:[], old=null
2023-07-06 10:48:15,063 [d375daab-0aec-4ab2-a7ca-6760e990c046-groupManagement] INFO  server.RaftServer$Division (RaftServerImpl.java:setRole(329)) - d375daab-0aec-4ab2-a7ca-6760e990c046@group-0925DBA5EB13: changes role from      null to FOLLOWER at term 0 for startAsFollower
2023-07-06 10:48:15,063 [d375daab-0aec-4ab2-a7ca-6760e990c046-groupManagement] INFO  impl.RoleInfo (RoleInfo.java:updateAndGet(139)) - d375daab-0aec-4ab2-a7ca-6760e990c046: start d375daab-0aec-4ab2-a7ca-6760e990c046@group-0925DBA5EB13-FollowerState
2023-07-06 10:48:15,064 [d375daab-0aec-4ab2-a7ca-6760e990c046-groupManagement] INFO  util.JmxRegister (JmxRegister.java:tryRegister(44)) - Successfully registered JMX Bean with object name Ratis:service=RaftServer,group=group-0925DBA5EB13,id=d375daab-0aec-4ab2-a7ca-6760e990c046
2023-07-06 10:48:15,064 [d375daab-0aec-4ab2-a7ca-6760e990c046-groupManagement] INFO  server.RaftServerConfigKeys (ConfUtils.java:logGet(46)) - raft.server.snapshot.auto.trigger.enabled = true (custom)
2023-07-06 10:48:15,064 [d375daab-0aec-4ab2-a7ca-6760e990c046-groupManagement] INFO  server.RaftServerConfigKeys (ConfUtils.java:logGet(46)) - raft.server.snapshot.auto.trigger.threshold = 10000 (custom)
2023-07-06 10:48:15,064 [d375daab-0aec-4ab2-a7ca-6760e990c046-groupManagement] INFO  server.RaftServerConfigKeys (ConfUtils.java:logGet(46)) - raft.server.snapshot.retention.file.num = 5 (custom)
2023-07-06 10:48:15,064 [d375daab-0aec-4ab2-a7ca-6760e990c046-groupManagement] INFO  server.RaftServerConfigKeys (ConfUtils.java:logGet(46)) - raft.server.log.purge.upto.snapshot.index = false (default)
2023-07-06 10:48:15,066 [PipelineCommandHandlerThread-0] INFO  ratis.XceiverServerRatis (XceiverServerRatis.java:addGroup(804)) - Created group PipelineID=76dc61de-e2b7-45d8-a9e3-0925dba5eb13
2023-07-06 10:48:15,066 [PipelineCommandHandlerThread-0] INFO  commandhandler.CreatePipelineCommandHandler (CreatePipelineCommandHandler.java:lambda$handle$2(124)) - Created Pipeline RATIS ONE PipelineID=76dc61de-e2b7-45d8-a9e3-0925dba5eb13.
2023-07-06 10:48:15,066 [PipelineCommandHandlerThread-0] INFO  server.RaftServer (RaftServerProxy.java:addNew(98)) - d375daab-0aec-4ab2-a7ca-6760e990c046: addNew group-089AC4866917:[5a53f96e-bd62-406a-bc4f-c3e0845cabf5|rpc:10.1.0.19:15059|admin:10.1.0.19:15058|client:10.1.0.19:15057|dataStream:10.1.0.19:15060|priority:1|startupRole:FOLLOWER, 5390630e-efcd-4aa9-9191-8580c5ddb99b|rpc:10.1.0.19:15050|admin:10.1.0.19:15049|client:10.1.0.19:15048|dataStream:10.1.0.19:15051|priority:0|startupRole:FOLLOWER, d375daab-0aec-4ab2-a7ca-6760e990c046|rpc:10.1.0.19:15041|admin:10.1.0.19:15040|client:10.1.0.19:15039|dataStream:10.1.0.19:15042|priority:0|startupRole:FOLLOWER] returns group-089AC4866917:java.util.concurrent.CompletableFuture@25f52573[Not completed]
2023-07-06 10:48:15,068 [d375daab-0aec-4ab2-a7ca-6760e990c046-groupManagement] INFO  server.RaftServer$Division (RaftServerImpl.java:<init>(198)) - d375daab-0aec-4ab2-a7ca-6760e990c046: new RaftServerImpl for group-089AC4866917:[5a53f96e-bd62-406a-bc4f-c3e0845cabf5|rpc:10.1.0.19:15059|admin:10.1.0.19:15058|client:10.1.0.19:15057|dataStream:10.1.0.19:15060|priority:1|startupRole:FOLLOWER, 5390630e-efcd-4aa9-9191-8580c5ddb99b|rpc:10.1.0.19:15050|admin:10.1.0.19:15049|client:10.1.0.19:15048|dataStream:10.1.0.19:15051|priority:0|startupRole:FOLLOWER, d375daab-0aec-4ab2-a7ca-6760e990c046|rpc:10.1.0.19:15041|admin:10.1.0.19:15040|client:10.1.0.19:15039|dataStream:10.1.0.19:15042|priority:0|startupRole:FOLLOWER] with ContainerStateMachine:uninitialized
2023-07-06 10:48:15,068 [d375daab-0aec-4ab2-a7ca-6760e990c046-groupManagement] INFO  server.RaftServerConfigKeys (ConfUtils.java:logGet(46)) - raft.server.rpc.timeout.min = 5s (custom)
2023-07-06 10:48:15,068 [d375daab-0aec-4ab2-a7ca-6760e990c046-groupManagement] INFO  server.RaftServerConfigKeys (ConfUtils.java:logGet(46)) - raft.server.rpc.timeout.max = 5200ms (custom)
2023-07-06 10:48:15,068 [d375daab-0aec-4ab2-a7ca-6760e990c046-groupManagement] INFO  server.RaftServerConfigKeys (ConfUtils.java:logGet(46)) - raft.server.rpc.sleep.time = 25ms (default)
2023-07-06 10:48:15,068 [d375daab-0aec-4ab2-a7ca-6760e990c046-groupManagement] INFO  server.RaftServerConfigKeys (ConfUtils.java:logGet(46)) - raft.server.rpc.slowness.timeout = 300s (custom)
2023-07-06 10:48:15,068 [d375daab-0aec-4ab2-a7ca-6760e990c046-groupManagement] INFO  server.RaftServerConfigKeys (ConfUtils.java:logGet(46)) - raft.server.leaderelection.leader.step-down.wait-time = 10s (default)
2023-07-06 10:48:15,068 [d375daab-0aec-4ab2-a7ca-6760e990c046-groupManagement] INFO  server.RaftServerConfigKeys (ConfUtils.java:logGet(46)) - raft.server.sleep.deviation.threshold = 300ms (default)
2023-07-06 10:48:15,068 [d375daab-0aec-4ab2-a7ca-6760e990c046-groupManagement] INFO  server.RaftServer$Division (ServerState.java:<init>(120)) - d375daab-0aec-4ab2-a7ca-6760e990c046@group-089AC4866917: ConfigurationManager, init=-1: peers:[5a53f96e-bd62-406a-bc4f-c3e0845cabf5|rpc:10.1.0.19:15059|admin:10.1.0.19:15058|client:10.1.0.19:15057|dataStream:10.1.0.19:15060|priority:1|startupRole:FOLLOWER, 5390630e-efcd-4aa9-9191-8580c5ddb99b|rpc:10.1.0.19:15050|admin:10.1.0.19:15049|client:10.1.0.19:15048|dataStream:10.1.0.19:15051|priority:0|startupRole:FOLLOWER, d375daab-0aec-4ab2-a7ca-6760e990c046|rpc:10.1.0.19:15041|admin:10.1.0.19:15040|client:10.1.0.19:15039|dataStream:10.1.0.19:15042|priority:0|startupRole:FOLLOWER]|listeners:[], old=null, confs=<EMPTY_MAP>
2023-07-06 10:48:15,068 [d375daab-0aec-4ab2-a7ca-6760e990c046-groupManagement] INFO  server.RaftServerConfigKeys (ConfUtils.java:logGet(46)) - raft.server.storage.dir = [/home/runner/work/ozone/ozone/hadoop-ozone/integration-test/target/test-dir/MiniOzoneClusterImpl-8ecce792-0b29-40a4-bcd2-9922915e3450/datanode-3/data/ratis] (custom)
2023-07-06 10:48:15,069 [d375daab-0aec-4ab2-a7ca-6760e990c046-groupManagement] INFO  server.RaftServerConfigKeys (ConfUtils.java:logGet(46)) - raft.server.log.corruption.policy = EXCEPTION (default)
2023-07-06 10:48:15,069 [d375daab-0aec-4ab2-a7ca-6760e990c046-groupManagement] INFO  server.RaftServerConfigKeys (ConfUtils.java:logGet(46)) - raft.server.storage.free-space.min = 0MB (=0) (default)
2023-07-06 10:48:15,069 [d375daab-0aec-4ab2-a7ca-6760e990c046-groupManagement] INFO  server.RaftServerConfigKeys (ConfUtils.java:logGet(46)) - raft.server.notification.no-leader.timeout = 300s (custom)
2023-07-06 10:48:15,069 [d375daab-0aec-4ab2-a7ca-6760e990c046-groupManagement] INFO  server.RaftServerConfigKeys (ConfUtils.java:logGet(46)) - raft.server.read.timeout = 10s (default)
2023-07-06 10:48:15,069 [d375daab-0aec-4ab2-a7ca-6760e990c046-groupManagement] INFO  server.RaftServerConfigKeys (ConfUtils.java:logGet(46)) - raft.server.retrycache.expirytime = 600000ms (custom)
2023-07-06 10:48:15,069 [d375daab-0aec-4ab2-a7ca-6760e990c046-groupManagement] INFO  server.RaftServerConfigKeys (ConfUtils.java:logGet(46)) - raft.server.retrycache.statistics.expirytime = 100μs (default)
2023-07-06 10:48:15,069 [d375daab-0aec-4ab2-a7ca-6760e990c046-groupManagement] INFO  server.RaftServerConfigKeys (ConfUtils.java:logGet(46)) - raft.server.read.option = DEFAULT (default)
2023-07-06 10:48:15,071 [d375daab-0aec-4ab2-a7ca-6760e990c046-groupManagement] INFO  server.RaftServerConfigKeys (ConfUtils.java:logGet(46)) - raft.server.rpc.request.timeout = 60s (custom)
2023-07-06 10:48:15,071 [d375daab-0aec-4ab2-a7ca-6760e990c046-groupManagement] INFO  server.RaftServerConfigKeys (ConfUtils.java:logGet(46)) - raft.server.log.appender.install.snapshot.enabled = false (custom)
2023-07-06 10:48:15,071 [d375daab-0aec-4ab2-a7ca-6760e990c046-groupManagement] INFO  server.RaftServerConfigKeys (ConfUtils.java:logGet(46)) - raft.server.threadpool.server.cached = true (default)
2023-07-06 10:48:15,071 [d375daab-0aec-4ab2-a7ca-6760e990c046-groupManagement] INFO  server.RaftServerConfigKeys (ConfUtils.java:logGet(46)) - raft.server.threadpool.server.size = 0 (default)
2023-07-06 10:48:15,071 [d375daab-0aec-4ab2-a7ca-6760e990c046-groupManagement] INFO  server.RaftServerConfigKeys (ConfUtils.java:logGet(46)) - raft.server.threadpool.client.cached = true (default)
2023-07-06 10:48:15,071 [d375daab-0aec-4ab2-a7ca-6760e990c046-groupManagement] INFO  server.RaftServerConfigKeys (ConfUtils.java:logGet(46)) - raft.server.threadpool.client.size = 0 (default)
2023-07-06 10:48:15,071 [d375daab-0aec-4ab2-a7ca-6760e990c046-groupManagement] INFO  storage.RaftStorageDirectory (RaftStorageDirectoryImpl.java:analyzeStorage(137)) - The storage directory /home/runner/work/ozone/ozone/hadoop-ozone/integration-test/target/test-dir/MiniOzoneClusterImpl-8ecce792-0b29-40a4-bcd2-9922915e3450/datanode-3/data/ratis/dc24a491-9a19-4a73-b0d6-089ac4866917 does not exist. Creating ...
2023-07-06 10:48:15,088 [d375daab-0aec-4ab2-a7ca-6760e990c046-groupManagement] INFO  storage.RaftStorageDirectory (RaftStorageDirectoryImpl.java:tryLock(231)) - Lock on /home/runner/work/ozone/ozone/hadoop-ozone/integration-test/target/test-dir/MiniOzoneClusterImpl-8ecce792-0b29-40a4-bcd2-9922915e3450/datanode-3/data/ratis/dc24a491-9a19-4a73-b0d6-089ac4866917/in_use.lock acquired by nodename 110287@fv-az137-100
2023-07-06 10:48:15,089 [d375daab-0aec-4ab2-a7ca-6760e990c046@group-0925DBA5EB13-FollowerState] INFO  server.RaftServerConfigKeys (ConfUtils.java:logFallback(53)) - raft.server.rpc.first-election.timeout.min = 5s (fallback to raft.server.rpc.timeout.min)
2023-07-06 10:48:15,091 [d375daab-0aec-4ab2-a7ca-6760e990c046@group-0925DBA5EB13-FollowerState] INFO  server.RaftServerConfigKeys (ConfUtils.java:logFallback(53)) - raft.server.rpc.first-election.timeout.max = 5200ms (fallback to raft.server.rpc.timeout.max)
2023-07-06 10:48:15,092 [d375daab-0aec-4ab2-a7ca-6760e990c046-groupManagement] INFO  storage.RaftStorage (RaftStorageImpl.java:format(96)) - Storage directory /home/runner/work/ozone/ozone/hadoop-ozone/integration-test/target/test-dir/MiniOzoneClusterImpl-8ecce792-0b29-40a4-bcd2-9922915e3450/datanode-3/data/ratis/dc24a491-9a19-4a73-b0d6-089ac4866917 has been successfully formatted.
2023-07-06 10:48:15,092 [d375daab-0aec-4ab2-a7ca-6760e990c046-groupManagement] INFO  ratis.ContainerStateMachine (ContainerStateMachine.java:loadSnapshot(262)) - group-089AC4866917: The snapshot info is null. Setting the last applied indexto:(t:0, i:~)
2023-07-06 10:48:15,093 [d375daab-0aec-4ab2-a7ca-6760e990c046-groupManagement] INFO  server.RaftServerConfigKeys (ConfUtils.java:logGet(46)) - raft.server.log.use.memory = false (default)
2023-07-06 10:48:15,093 [d375daab-0aec-4ab2-a7ca-6760e990c046-groupManagement] INFO  server.RaftServerConfigKeys (ConfUtils.java:logGet(46)) - raft.server.log.purge.gap = 1000000 (custom)
2023-07-06 10:48:15,093 [d375daab-0aec-4ab2-a7ca-6760e990c046-groupManagement] INFO  server.RaftServerConfigKeys (ConfUtils.java:logGet(46)) - raft.server.log.appender.buffer.byte-limit = 33554432 (custom)
2023-07-06 10:48:15,093 [d375daab-0aec-4ab2-a7ca-6760e990c046-groupManagement] INFO  server.RaftServerConfigKeys (ConfUtils.java:logGet(46)) - raft.server.log.statemachine.data.read.timeout = 1000ms (default)
2023-07-06 10:48:15,100 [d375daab-0aec-4ab2-a7ca-6760e990c046-groupManagement] INFO  server.RaftServerConfigKeys (ConfUtils.java:logGet(46)) - raft.server.log.purge.preservation.log.num = 0 (default)
2023-07-06 10:48:15,101 [d375daab-0aec-4ab2-a7ca-6760e990c046-groupManagement] INFO  server.RaftServerConfigKeys (ConfUtils.java:logGet(46)) - raft.server.log.segment.size.max = 1048576 (custom)
2023-07-06 10:48:15,101 [EventQueue-OpenPipelineForHealthyPipelineSafeModeRule] INFO  safemode.SCMSafeModeManager (HealthyPipelineSafeModeRule.java:process(137)) - SCM in safe mode. Healthy pipelines reported count is 0, required healthy pipeline reported count is 1
2023-07-06 10:48:15,101 [d375daab-0aec-4ab2-a7ca-6760e990c046-groupManagement] INFO  server.RaftServerConfigKeys (ConfUtils.java:logGet(46)) - raft.server.log.segment.cache.num.max = 2 (custom)
2023-07-06 10:48:15,102 [d375daab-0aec-4ab2-a7ca-6760e990c046-groupManagement] INFO  server.RaftServerConfigKeys (ConfUtils.java:logGet(46)) - raft.server.log.segment.cache.size.max = 200MB (=209715200) (default)
2023-07-06 10:48:15,102 [d375daab-0aec-4ab2-a7ca-6760e990c046-groupManagement] INFO  server.RaftServerConfigKeys (ConfUtils.java:logGet(46)) - raft.server.log.appender.buffer.byte-limit = 33554432 (custom)
2023-07-06 10:48:15,102 [d375daab-0aec-4ab2-a7ca-6760e990c046-groupManagement] INFO  segmented.SegmentedRaftLogWorker (SegmentedRaftLogWorker.java:<init>(188)) - new d375daab-0aec-4ab2-a7ca-6760e990c046@group-089AC4866917-SegmentedRaftLogWorker for RaftStorageImpl:Storage Directory /home/runner/work/ozone/ozone/hadoop-ozone/integration-test/target/test-dir/MiniOzoneClusterImpl-8ecce792-0b29-40a4-bcd2-9922915e3450/datanode-3/data/ratis/dc24a491-9a19-4a73-b0d6-089ac4866917
2023-07-06 10:48:15,102 [d375daab-0aec-4ab2-a7ca-6760e990c046-groupManagement] INFO  server.RaftServerConfigKeys (ConfUtils.java:logGet(46)) - raft.server.log.queue.byte-limit = 4294967296 (custom)
2023-07-06 10:48:15,102 [d375daab-0aec-4ab2-a7ca-6760e990c046-groupManagement] INFO  server.RaftServerConfigKeys (ConfUtils.java:logGet(46)) - raft.server.log.queue.element-limit = 1024 (custom)
2023-07-06 10:48:15,102 [d375daab-0aec-4ab2-a7ca-6760e990c046-groupManagement] INFO  server.RaftServerConfigKeys (ConfUtils.java:logGet(46)) - raft.server.log.segment.size.max = 1048576 (custom)
2023-07-06 10:48:15,102 [d375daab-0aec-4ab2-a7ca-6760e990c046-groupManagement] INFO  server.RaftServerConfigKeys (ConfUtils.java:logGet(46)) - raft.server.log.preallocated.size = 16384 (custom)
2023-07-06 10:48:15,104 [d375daab-0aec-4ab2-a7ca-6760e990c046-groupManagement] INFO  server.RaftServerConfigKeys (ConfUtils.java:logGet(46)) - raft.server.log.force.sync.num = 128 (default)
2023-07-06 10:48:15,104 [d375daab-0aec-4ab2-a7ca-6760e990c046-groupManagement] INFO  server.RaftServerConfigKeys (ConfUtils.java:logGet(46)) - raft.server.log.statemachine.data.sync = true (default)
2023-07-06 10:48:15,107 [d375daab-0aec-4ab2-a7ca-6760e990c046-groupManagement] INFO  server.RaftServerConfigKeys (ConfUtils.java:logGet(46)) - raft.server.log.statemachine.data.sync.timeout = 10s (default)
2023-07-06 10:48:15,107 [d375daab-0aec-4ab2-a7ca-6760e990c046-groupManagement] INFO  server.RaftServerConfigKeys (ConfUtils.java:logGet(46)) - raft.server.log.statemachine.data.sync.timeout.retry = -1 (default)
2023-07-06 10:48:15,110 [d375daab-0aec-4ab2-a7ca-6760e990c046-groupManagement] INFO  server.RaftServerConfigKeys (ConfUtils.java:logGet(46)) - raft.server.log.write.buffer.size = 1048576 (custom)
2023-07-06 10:48:15,111 [d375daab-0aec-4ab2-a7ca-6760e990c046-groupManagement] INFO  server.RaftServerConfigKeys (ConfUtils.java:logGet(46)) - raft.server.log.appender.buffer.byte-limit = 33554432 (custom)
2023-07-06 10:48:15,124 [d375daab-0aec-4ab2-a7ca-6760e990c046-groupManagement] INFO  server.RaftServerConfigKeys (ConfUtils.java:logGet(46)) - raft.server.log.unsafe-flush.enabled = false (default)
2023-07-06 10:48:15,124 [d375daab-0aec-4ab2-a7ca-6760e990c046-groupManagement] INFO  server.RaftServerConfigKeys (ConfUtils.java:logGet(46)) - raft.server.log.async-flush.enabled = false (default)
2023-07-06 10:48:15,124 [d375daab-0aec-4ab2-a7ca-6760e990c046-groupManagement] INFO  server.RaftServerConfigKeys (ConfUtils.java:logGet(46)) - raft.server.log.statemachine.data.caching.enabled = true (custom)
2023-07-06 10:48:15,124 [d375daab-0aec-4ab2-a7ca-6760e990c046-groupManagement] INFO  segmented.SegmentedRaftLogWorker (SegmentedRaftLogWorker.java:lambda$new$0(135)) - d375daab-0aec-4ab2-a7ca-6760e990c046@group-089AC4866917-SegmentedRaftLogWorker: flushIndex: setUnconditionally 0 -> -1
2023-07-06 10:48:15,125 [d375daab-0aec-4ab2-a7ca-6760e990c046-groupManagement] INFO  segmented.SegmentedRaftLogWorker (SegmentedRaftLogWorker.java:lambda$new$0(135)) - d375daab-0aec-4ab2-a7ca-6760e990c046@group-089AC4866917-SegmentedRaftLogWorker: safeCacheEvictIndex: setUnconditionally 0 -> -1
2023-07-06 10:48:15,125 [d375daab-0aec-4ab2-a7ca-6760e990c046-groupManagement] INFO  server.RaftServer$Division (RaftServerImpl.java:start(342)) - d375daab-0aec-4ab2-a7ca-6760e990c046@group-089AC4866917: start as a follower, conf=-1: peers:[5a53f96e-bd62-406a-bc4f-c3e0845cabf5|rpc:10.1.0.19:15059|admin:10.1.0.19:15058|client:10.1.0.19:15057|dataStream:10.1.0.19:15060|priority:1|startupRole:FOLLOWER, 5390630e-efcd-4aa9-9191-8580c5ddb99b|rpc:10.1.0.19:15050|admin:10.1.0.19:15049|client:10.1.0.19:15048|dataStream:10.1.0.19:15051|priority:0|startupRole:FOLLOWER, d375daab-0aec-4ab2-a7ca-6760e990c046|rpc:10.1.0.19:15041|admin:10.1.0.19:15040|client:10.1.0.19:15039|dataStream:10.1.0.19:15042|priority:0|startupRole:FOLLOWER]|listeners:[], old=null
2023-07-06 10:48:15,125 [d375daab-0aec-4ab2-a7ca-6760e990c046-groupManagement] INFO  server.RaftServer$Division (RaftServerImpl.java:setRole(329)) - d375daab-0aec-4ab2-a7ca-6760e990c046@group-089AC4866917: changes role from      null to FOLLOWER at term 0 for startAsFollower
2023-07-06 10:48:15,125 [d375daab-0aec-4ab2-a7ca-6760e990c046-groupManagement] INFO  impl.RoleInfo (RoleInfo.java:updateAndGet(139)) - d375daab-0aec-4ab2-a7ca-6760e990c046: start d375daab-0aec-4ab2-a7ca-6760e990c046@group-089AC4866917-FollowerState
2023-07-06 10:48:15,125 [d375daab-0aec-4ab2-a7ca-6760e990c046-groupManagement] INFO  util.JmxRegister (JmxRegister.java:tryRegister(44)) - Successfully registered JMX Bean with object name Ratis:service=RaftServer,group=group-089AC4866917,id=d375daab-0aec-4ab2-a7ca-6760e990c046
2023-07-06 10:48:15,126 [d375daab-0aec-4ab2-a7ca-6760e990c046-groupManagement] INFO  server.RaftServerConfigKeys (ConfUtils.java:logGet(46)) - raft.server.snapshot.auto.trigger.enabled = true (custom)
2023-07-06 10:48:15,126 [d375daab-0aec-4ab2-a7ca-6760e990c046-groupManagement] INFO  server.RaftServerConfigKeys (ConfUtils.java:logGet(46)) - raft.server.snapshot.auto.trigger.threshold = 10000 (custom)
2023-07-06 10:48:15,126 [d375daab-0aec-4ab2-a7ca-6760e990c046-groupManagement] INFO  server.RaftServerConfigKeys (ConfUtils.java:logGet(46)) - raft.server.snapshot.retention.file.num = 5 (custom)
2023-07-06 10:48:15,126 [d375daab-0aec-4ab2-a7ca-6760e990c046-groupManagement] INFO  server.RaftServerConfigKeys (ConfUtils.java:logGet(46)) - raft.server.log.purge.upto.snapshot.index = false (default)
2023-07-06 10:48:15,127 [PipelineCommandHandlerThread-0] INFO  ratis.XceiverServerRatis (XceiverServerRatis.java:addGroup(804)) - Created group PipelineID=dc24a491-9a19-4a73-b0d6-089ac4866917
2023-07-06 10:48:15,132 [d375daab-0aec-4ab2-a7ca-6760e990c046@group-089AC4866917-FollowerState] INFO  server.RaftServerConfigKeys (ConfUtils.java:logFallback(53)) - raft.server.rpc.first-election.timeout.min = 5s (fallback to raft.server.rpc.timeout.min)
2023-07-06 10:48:15,132 [d375daab-0aec-4ab2-a7ca-6760e990c046@group-089AC4866917-FollowerState] INFO  server.RaftServerConfigKeys (ConfUtils.java:logFallback(53)) - raft.server.rpc.first-election.timeout.max = 5200ms (fallback to raft.server.rpc.timeout.max)
2023-07-06 10:48:15,148 [grpc-default-executor-1] INFO  server.RaftServer (RaftServerProxy.java:addNew(98)) - 5a53f96e-bd62-406a-bc4f-c3e0845cabf5: addNew group-089AC4866917:[5a53f96e-bd62-406a-bc4f-c3e0845cabf5|rpc:10.1.0.19:15059|admin:10.1.0.19:15058|client:10.1.0.19:15057|dataStream:10.1.0.19:15060|priority:1|startupRole:FOLLOWER, 5390630e-efcd-4aa9-9191-8580c5ddb99b|rpc:10.1.0.19:15050|admin:10.1.0.19:15049|client:10.1.0.19:15048|dataStream:10.1.0.19:15051|priority:0|startupRole:FOLLOWER, d375daab-0aec-4ab2-a7ca-6760e990c046|rpc:10.1.0.19:15041|admin:10.1.0.19:15040|client:10.1.0.19:15039|dataStream:10.1.0.19:15042|priority:0|startupRole:FOLLOWER] returns group-089AC4866917:java.util.concurrent.CompletableFuture@a0770bf[Not completed]
2023-07-06 10:48:15,150 [5a53f96e-bd62-406a-bc4f-c3e0845cabf5-groupManagement] INFO  server.RaftServer$Division (RaftServerImpl.java:<init>(198)) - 5a53f96e-bd62-406a-bc4f-c3e0845cabf5: new RaftServerImpl for group-089AC4866917:[5a53f96e-bd62-406a-bc4f-c3e0845cabf5|rpc:10.1.0.19:15059|admin:10.1.0.19:15058|client:10.1.0.19:15057|dataStream:10.1.0.19:15060|priority:1|startupRole:FOLLOWER, 5390630e-efcd-4aa9-9191-8580c5ddb99b|rpc:10.1.0.19:15050|admin:10.1.0.19:15049|client:10.1.0.19:15048|dataStream:10.1.0.19:15051|priority:0|startupRole:FOLLOWER, d375daab-0aec-4ab2-a7ca-6760e990c046|rpc:10.1.0.19:15041|admin:10.1.0.19:15040|client:10.1.0.19:15039|dataStream:10.1.0.19:15042|priority:0|startupRole:FOLLOWER] with ContainerStateMachine:uninitialized
2023-07-06 10:48:15,150 [5a53f96e-bd62-406a-bc4f-c3e0845cabf5-groupManagement] INFO  server.RaftServerConfigKeys (ConfUtils.java:logGet(46)) - raft.server.rpc.timeout.min = 5s (custom)
2023-07-06 10:48:15,150 [5a53f96e-bd62-406a-bc4f-c3e0845cabf5-groupManagement] INFO  server.RaftServerConfigKeys (ConfUtils.java:logGet(46)) - raft.server.rpc.timeout.max = 5200ms (custom)
2023-07-06 10:48:15,153 [5a53f96e-bd62-406a-bc4f-c3e0845cabf5-groupManagement] INFO  server.RaftServerConfigKeys (ConfUtils.java:logGet(46)) - raft.server.rpc.sleep.time = 25ms (default)
2023-07-06 10:48:15,153 [5a53f96e-bd62-406a-bc4f-c3e0845cabf5-groupManagement] INFO  server.RaftServerConfigKeys (ConfUtils.java:logGet(46)) - raft.server.rpc.slowness.timeout = 300s (custom)
2023-07-06 10:48:15,153 [5a53f96e-bd62-406a-bc4f-c3e0845cabf5-groupManagement] INFO  server.RaftServerConfigKeys (ConfUtils.java:logGet(46)) - raft.server.leaderelection.leader.step-down.wait-time = 10s (default)
2023-07-06 10:48:15,153 [5a53f96e-bd62-406a-bc4f-c3e0845cabf5-groupManagement] INFO  server.RaftServerConfigKeys (ConfUtils.java:logGet(46)) - raft.server.sleep.deviation.threshold = 300ms (default)
2023-07-06 10:48:15,153 [5a53f96e-bd62-406a-bc4f-c3e0845cabf5-groupManagement] INFO  server.RaftServer$Division (ServerState.java:<init>(120)) - 5a53f96e-bd62-406a-bc4f-c3e0845cabf5@group-089AC4866917: ConfigurationManager, init=-1: peers:[5a53f96e-bd62-406a-bc4f-c3e0845cabf5|rpc:10.1.0.19:15059|admin:10.1.0.19:15058|client:10.1.0.19:15057|dataStream:10.1.0.19:15060|priority:1|startupRole:FOLLOWER, 5390630e-efcd-4aa9-9191-8580c5ddb99b|rpc:10.1.0.19:15050|admin:10.1.0.19:15049|client:10.1.0.19:15048|dataStream:10.1.0.19:15051|priority:0|startupRole:FOLLOWER, d375daab-0aec-4ab2-a7ca-6760e990c046|rpc:10.1.0.19:15041|admin:10.1.0.19:15040|client:10.1.0.19:15039|dataStream:10.1.0.19:15042|priority:0|startupRole:FOLLOWER]|listeners:[], old=null, confs=<EMPTY_MAP>
2023-07-06 10:48:15,155 [5a53f96e-bd62-406a-bc4f-c3e0845cabf5-groupManagement] INFO  server.RaftServerConfigKeys (ConfUtils.java:logGet(46)) - raft.server.storage.dir = [/home/runner/work/ozone/ozone/hadoop-ozone/integration-test/target/test-dir/MiniOzoneClusterImpl-8ecce792-0b29-40a4-bcd2-9922915e3450/datanode-5/data/ratis] (custom)
2023-07-06 10:48:15,155 [5a53f96e-bd62-406a-bc4f-c3e0845cabf5-groupManagement] INFO  server.RaftServerConfigKeys (ConfUtils.java:logGet(46)) - raft.server.log.corruption.policy = EXCEPTION (default)
2023-07-06 10:48:15,155 [5a53f96e-bd62-406a-bc4f-c3e0845cabf5-groupManagement] INFO  server.RaftServerConfigKeys (ConfUtils.java:logGet(46)) - raft.server.storage.free-space.min = 0MB (=0) (default)
2023-07-06 10:48:15,155 [5a53f96e-bd62-406a-bc4f-c3e0845cabf5-groupManagement] INFO  server.RaftServerConfigKeys (ConfUtils.java:logGet(46)) - raft.server.notification.no-leader.timeout = 300s (custom)
2023-07-06 10:48:15,155 [5a53f96e-bd62-406a-bc4f-c3e0845cabf5-groupManagement] INFO  server.RaftServerConfigKeys (ConfUtils.java:logGet(46)) - raft.server.read.timeout = 10s (default)
2023-07-06 10:48:15,155 [5a53f96e-bd62-406a-bc4f-c3e0845cabf5-groupManagement] INFO  server.RaftServerConfigKeys (ConfUtils.java:logGet(46)) - raft.server.retrycache.expirytime = 600000ms (custom)
2023-07-06 10:48:15,155 [5a53f96e-bd62-406a-bc4f-c3e0845cabf5-groupManagement] INFO  server.RaftServerConfigKeys (ConfUtils.java:logGet(46)) - raft.server.retrycache.statistics.expirytime = 100μs (default)
2023-07-06 10:48:15,156 [5a53f96e-bd62-406a-bc4f-c3e0845cabf5-groupManagement] INFO  server.RaftServerConfigKeys (ConfUtils.java:logGet(46)) - raft.server.read.option = DEFAULT (default)
2023-07-06 10:48:15,158 [5a53f96e-bd62-406a-bc4f-c3e0845cabf5-groupManagement] INFO  server.RaftServerConfigKeys (ConfUtils.java:logGet(46)) - raft.server.rpc.request.timeout = 60s (custom)
2023-07-06 10:48:15,158 [5a53f96e-bd62-406a-bc4f-c3e0845cabf5-groupManagement] INFO  server.RaftServerConfigKeys (ConfUtils.java:logGet(46)) - raft.server.log.appender.install.snapshot.enabled = false (custom)
2023-07-06 10:48:15,158 [5a53f96e-bd62-406a-bc4f-c3e0845cabf5-groupManagement] INFO  server.RaftServerConfigKeys (ConfUtils.java:logGet(46)) - raft.server.threadpool.server.cached = true (default)
2023-07-06 10:48:15,159 [5a53f96e-bd62-406a-bc4f-c3e0845cabf5-groupManagement] INFO  server.RaftServerConfigKeys (ConfUtils.java:logGet(46)) - raft.server.threadpool.server.size = 0 (default)
2023-07-06 10:48:15,159 [5a53f96e-bd62-406a-bc4f-c3e0845cabf5-groupManagement] INFO  server.RaftServerConfigKeys (ConfUtils.java:logGet(46)) - raft.server.threadpool.client.cached = true (default)
2023-07-06 10:48:15,159 [5a53f96e-bd62-406a-bc4f-c3e0845cabf5-groupManagement] INFO  server.RaftServerConfigKeys (ConfUtils.java:logGet(46)) - raft.server.threadpool.client.size = 0 (default)
2023-07-06 10:48:15,159 [5a53f96e-bd62-406a-bc4f-c3e0845cabf5-groupManagement] INFO  storage.RaftStorageDirectory (RaftStorageDirectoryImpl.java:analyzeStorage(137)) - The storage directory /home/runner/work/ozone/ozone/hadoop-ozone/integration-test/target/test-dir/MiniOzoneClusterImpl-8ecce792-0b29-40a4-bcd2-9922915e3450/datanode-5/data/ratis/dc24a491-9a19-4a73-b0d6-089ac4866917 does not exist. Creating ...
2023-07-06 10:48:15,161 [5a53f96e-bd62-406a-bc4f-c3e0845cabf5-groupManagement] INFO  storage.RaftStorageDirectory (RaftStorageDirectoryImpl.java:tryLock(231)) - Lock on /home/runner/work/ozone/ozone/hadoop-ozone/integration-test/target/test-dir/MiniOzoneClusterImpl-8ecce792-0b29-40a4-bcd2-9922915e3450/datanode-5/data/ratis/dc24a491-9a19-4a73-b0d6-089ac4866917/in_use.lock acquired by nodename 110287@fv-az137-100
2023-07-06 10:48:15,163 [5a53f96e-bd62-406a-bc4f-c3e0845cabf5-groupManagement] INFO  storage.RaftStorage (RaftStorageImpl.java:format(96)) - Storage directory /home/runner/work/ozone/ozone/hadoop-ozone/integration-test/target/test-dir/MiniOzoneClusterImpl-8ecce792-0b29-40a4-bcd2-9922915e3450/datanode-5/data/ratis/dc24a491-9a19-4a73-b0d6-089ac4866917 has been successfully formatted.
2023-07-06 10:48:15,167 [5a53f96e-bd62-406a-bc4f-c3e0845cabf5-groupManagement] INFO  ratis.ContainerStateMachine (ContainerStateMachine.java:loadSnapshot(262)) - group-089AC4866917: The snapshot info is null. Setting the last applied indexto:(t:0, i:~)
2023-07-06 10:48:15,167 [5a53f96e-bd62-406a-bc4f-c3e0845cabf5-groupManagement] INFO  server.RaftServerConfigKeys (ConfUtils.java:logGet(46)) - raft.server.log.use.memory = false (default)
2023-07-06 10:48:15,167 [5a53f96e-bd62-406a-bc4f-c3e0845cabf5-groupManagement] INFO  server.RaftServerConfigKeys (ConfUtils.java:logGet(46)) - raft.server.log.purge.gap = 1000000 (custom)
2023-07-06 10:48:15,167 [5a53f96e-bd62-406a-bc4f-c3e0845cabf5-groupManagement] INFO  server.RaftServerConfigKeys (ConfUtils.java:logGet(46)) - raft.server.log.appender.buffer.byte-limit = 33554432 (custom)
2023-07-06 10:48:15,167 [5a53f96e-bd62-406a-bc4f-c3e0845cabf5-groupManagement] INFO  server.RaftServerConfigKeys (ConfUtils.java:logGet(46)) - raft.server.log.statemachine.data.read.timeout = 1000ms (default)
2023-07-06 10:48:15,167 [5a53f96e-bd62-406a-bc4f-c3e0845cabf5-groupManagement] INFO  server.RaftServerConfigKeys (ConfUtils.java:logGet(46)) - raft.server.log.purge.preservation.log.num = 0 (default)
2023-07-06 10:48:15,167 [5a53f96e-bd62-406a-bc4f-c3e0845cabf5-groupManagement] INFO  server.RaftServerConfigKeys (ConfUtils.java:logGet(46)) - raft.server.log.segment.size.max = 1048576 (custom)
2023-07-06 10:48:15,169 [5a53f96e-bd62-406a-bc4f-c3e0845cabf5-groupManagement] INFO  server.RaftServerConfigKeys (ConfUtils.java:logGet(46)) - raft.server.log.segment.cache.num.max = 2 (custom)
2023-07-06 10:48:15,169 [5a53f96e-bd62-406a-bc4f-c3e0845cabf5-groupManagement] INFO  server.RaftServerConfigKeys (ConfUtils.java:logGet(46)) - raft.server.log.segment.cache.size.max = 200MB (=209715200) (default)
2023-07-06 10:48:15,169 [5a53f96e-bd62-406a-bc4f-c3e0845cabf5-groupManagement] INFO  server.RaftServerConfigKeys (ConfUtils.java:logGet(46)) - raft.server.log.appender.buffer.byte-limit = 33554432 (custom)
2023-07-06 10:48:15,169 [5a53f96e-bd62-406a-bc4f-c3e0845cabf5-groupManagement] INFO  segmented.SegmentedRaftLogWorker (SegmentedRaftLogWorker.java:<init>(188)) - new 5a53f96e-bd62-406a-bc4f-c3e0845cabf5@group-089AC4866917-SegmentedRaftLogWorker for RaftStorageImpl:Storage Directory /home/runner/work/ozone/ozone/hadoop-ozone/integration-test/target/test-dir/MiniOzoneClusterImpl-8ecce792-0b29-40a4-bcd2-9922915e3450/datanode-5/data/ratis/dc24a491-9a19-4a73-b0d6-089ac4866917
2023-07-06 10:48:15,169 [5a53f96e-bd62-406a-bc4f-c3e0845cabf5-groupManagement] INFO  server.RaftServerConfigKeys (ConfUtils.java:logGet(46)) - raft.server.log.queue.byte-limit = 4294967296 (custom)
2023-07-06 10:48:15,169 [5a53f96e-bd62-406a-bc4f-c3e0845cabf5-groupManagement] INFO  server.RaftServerConfigKeys (ConfUtils.java:logGet(46)) - raft.server.log.queue.element-limit = 1024 (custom)
2023-07-06 10:48:15,169 [5a53f96e-bd62-406a-bc4f-c3e0845cabf5-groupManagement] INFO  server.RaftServerConfigKeys (ConfUtils.java:logGet(46)) - raft.server.log.segment.size.max = 1048576 (custom)
2023-07-06 10:48:15,169 [5a53f96e-bd62-406a-bc4f-c3e0845cabf5-groupManagement] INFO  server.RaftServerConfigKeys (ConfUtils.java:logGet(46)) - raft.server.log.preallocated.size = 16384 (custom)
2023-07-06 10:48:15,171 [5a53f96e-bd62-406a-bc4f-c3e0845cabf5-groupManagement] INFO  server.RaftServerConfigKeys (ConfUtils.java:logGet(46)) - raft.server.log.force.sync.num = 128 (default)
2023-07-06 10:48:15,171 [5a53f96e-bd62-406a-bc4f-c3e0845cabf5-groupManagement] INFO  server.RaftServerConfigKeys (ConfUtils.java:logGet(46)) - raft.server.log.statemachine.data.sync = true (default)
2023-07-06 10:48:15,171 [5a53f96e-bd62-406a-bc4f-c3e0845cabf5-groupManagement] INFO  server.RaftServerConfigKeys (ConfUtils.java:logGet(46)) - raft.server.log.statemachine.data.sync.timeout = 10s (default)
2023-07-06 10:48:15,171 [5a53f96e-bd62-406a-bc4f-c3e0845cabf5-groupManagement] INFO  server.RaftServerConfigKeys (ConfUtils.java:logGet(46)) - raft.server.log.statemachine.data.sync.timeout.retry = -1 (default)
2023-07-06 10:48:15,173 [5a53f96e-bd62-406a-bc4f-c3e0845cabf5-groupManagement] INFO  server.RaftServerConfigKeys (ConfUtils.java:logGet(46)) - raft.server.log.write.buffer.size = 1048576 (custom)
2023-07-06 10:48:15,174 [5a53f96e-bd62-406a-bc4f-c3e0845cabf5-groupManagement] INFO  server.RaftServerConfigKeys (ConfUtils.java:logGet(46)) - raft.server.log.appender.buffer.byte-limit = 33554432 (custom)
2023-07-06 10:48:15,187 [5a53f96e-bd62-406a-bc4f-c3e0845cabf5-groupManagement] INFO  server.RaftServerConfigKeys (ConfUtils.java:logGet(46)) - raft.server.log.unsafe-flush.enabled = false (default)
2023-07-06 10:48:15,187 [5a53f96e-bd62-406a-bc4f-c3e0845cabf5-groupManagement] INFO  server.RaftServerConfigKeys (ConfUtils.java:logGet(46)) - raft.server.log.async-flush.enabled = false (default)
2023-07-06 10:48:15,187 [5a53f96e-bd62-406a-bc4f-c3e0845cabf5-groupManagement] INFO  server.RaftServerConfigKeys (ConfUtils.java:logGet(46)) - raft.server.log.statemachine.data.caching.enabled = true (custom)
2023-07-06 10:48:15,188 [5a53f96e-bd62-406a-bc4f-c3e0845cabf5-groupManagement] INFO  segmented.SegmentedRaftLogWorker (SegmentedRaftLogWorker.java:lambda$new$0(135)) - 5a53f96e-bd62-406a-bc4f-c3e0845cabf5@group-089AC4866917-SegmentedRaftLogWorker: flushIndex: setUnconditionally 0 -> -1
2023-07-06 10:48:15,188 [5a53f96e-bd62-406a-bc4f-c3e0845cabf5-groupManagement] INFO  segmented.SegmentedRaftLogWorker (SegmentedRaftLogWorker.java:lambda$new$0(135)) - 5a53f96e-bd62-406a-bc4f-c3e0845cabf5@group-089AC4866917-SegmentedRaftLogWorker: safeCacheEvictIndex: setUnconditionally 0 -> -1
2023-07-06 10:48:15,188 [5a53f96e-bd62-406a-bc4f-c3e0845cabf5-groupManagement] INFO  server.RaftServer$Division (RaftServerImpl.java:start(342)) - 5a53f96e-bd62-406a-bc4f-c3e0845cabf5@group-089AC4866917: start as a follower, conf=-1: peers:[5a53f96e-bd62-406a-bc4f-c3e0845cabf5|rpc:10.1.0.19:15059|admin:10.1.0.19:15058|client:10.1.0.19:15057|dataStream:10.1.0.19:15060|priority:1|startupRole:FOLLOWER, 5390630e-efcd-4aa9-9191-8580c5ddb99b|rpc:10.1.0.19:15050|admin:10.1.0.19:15049|client:10.1.0.19:15048|dataStream:10.1.0.19:15051|priority:0|startupRole:FOLLOWER, d375daab-0aec-4ab2-a7ca-6760e990c046|rpc:10.1.0.19:15041|admin:10.1.0.19:15040|client:10.1.0.19:15039|dataStream:10.1.0.19:15042|priority:0|startupRole:FOLLOWER]|listeners:[], old=null
2023-07-06 10:48:15,188 [5a53f96e-bd62-406a-bc4f-c3e0845cabf5-groupManagement] INFO  server.RaftServer$Division (RaftServerImpl.java:setRole(329)) - 5a53f96e-bd62-406a-bc4f-c3e0845cabf5@group-089AC4866917: changes role from      null to FOLLOWER at term 0 for startAsFollower
2023-07-06 10:48:15,188 [5a53f96e-bd62-406a-bc4f-c3e0845cabf5-groupManagement] INFO  impl.RoleInfo (RoleInfo.java:updateAndGet(139)) - 5a53f96e-bd62-406a-bc4f-c3e0845cabf5: start 5a53f96e-bd62-406a-bc4f-c3e0845cabf5@group-089AC4866917-FollowerState
2023-07-06 10:48:15,188 [5a53f96e-bd62-406a-bc4f-c3e0845cabf5-groupManagement] INFO  util.JmxRegister (JmxRegister.java:tryRegister(44)) - Successfully registered JMX Bean with object name Ratis:service=RaftServer,group=group-089AC4866917,id=5a53f96e-bd62-406a-bc4f-c3e0845cabf5
2023-07-06 10:48:15,189 [5a53f96e-bd62-406a-bc4f-c3e0845cabf5-groupManagement] INFO  server.RaftServerConfigKeys (ConfUtils.java:logGet(46)) - raft.server.snapshot.auto.trigger.enabled = true (custom)
2023-07-06 10:48:15,189 [5a53f96e-bd62-406a-bc4f-c3e0845cabf5-groupManagement] INFO  server.RaftServerConfigKeys (ConfUtils.java:logGet(46)) - raft.server.snapshot.auto.trigger.threshold = 10000 (custom)
2023-07-06 10:48:15,189 [5a53f96e-bd62-406a-bc4f-c3e0845cabf5-groupManagement] INFO  server.RaftServerConfigKeys (ConfUtils.java:logGet(46)) - raft.server.snapshot.retention.file.num = 5 (custom)
2023-07-06 10:48:15,189 [5a53f96e-bd62-406a-bc4f-c3e0845cabf5-groupManagement] INFO  server.RaftServerConfigKeys (ConfUtils.java:logGet(46)) - raft.server.log.purge.upto.snapshot.index = false (default)
2023-07-06 10:48:15,189 [5a53f96e-bd62-406a-bc4f-c3e0845cabf5@group-089AC4866917-FollowerState] INFO  server.RaftServerConfigKeys (ConfUtils.java:logFallback(53)) - raft.server.rpc.first-election.timeout.min = 5s (fallback to raft.server.rpc.timeout.min)
2023-07-06 10:48:15,191 [5a53f96e-bd62-406a-bc4f-c3e0845cabf5@group-089AC4866917-FollowerState] INFO  server.RaftServerConfigKeys (ConfUtils.java:logFallback(53)) - raft.server.rpc.first-election.timeout.max = 5200ms (fallback to raft.server.rpc.timeout.max)
2023-07-06 10:48:15,571 [JvmPauseMonitor3] WARN  util.JvmPauseMonitor (JvmPauseMonitor.java:detectPause(124)) - JvmPauseMonitor-d927e26c-8fe2-4137-bd03-4653fe67c688: Detected pause in JVM or host machine approximately 0.260s with 0.344s GC time.
GC pool 'PS MarkSweep' had collection(s): count=1 time=344ms
2023-07-06 10:48:15,572 [JvmPauseMonitor11] WARN  util.JvmPauseMonitor (JvmPauseMonitor.java:detectPause(124)) - JvmPauseMonitor-ae0f568f-b3d6-4872-b39b-16fcb0b48bc3: Detected pause in JVM or host machine approximately 0.102s with 0.344s GC time.
GC pool 'PS MarkSweep' had collection(s): count=1 time=344ms
2023-07-06 10:48:15,573 [JvmPauseMonitor4] WARN  util.JvmPauseMonitor (JvmPauseMonitor.java:detectPause(124)) - JvmPauseMonitor-b02eaa79-f692-4c53-b57d-37cb88368c79: Detected pause in JVM or host machine approximately 0.330s with 0.344s GC time.
GC pool 'PS MarkSweep' had collection(s): count=1 time=344ms
2023-07-06 10:48:15,573 [PipelineCommandHandlerThread-0] INFO  server.RaftServer (RaftServerProxy.java:addNew(98)) - 5390630e-efcd-4aa9-9191-8580c5ddb99b: addNew group-F60C51E40B02:[5390630e-efcd-4aa9-9191-8580c5ddb99b|rpc:10.1.0.19:15050|admin:10.1.0.19:15049|client:10.1.0.19:15048|dataStream:10.1.0.19:15051|priority:1|startupRole:FOLLOWER] returns group-F60C51E40B02:java.util.concurrent.CompletableFuture@700f8481[Not completed]
2023-07-06 10:48:15,574 [5390630e-efcd-4aa9-9191-8580c5ddb99b-groupManagement] INFO  server.RaftServer$Division (RaftServerImpl.java:<init>(198)) - 5390630e-efcd-4aa9-9191-8580c5ddb99b: new RaftServerImpl for group-F60C51E40B02:[5390630e-efcd-4aa9-9191-8580c5ddb99b|rpc:10.1.0.19:15050|admin:10.1.0.19:15049|client:10.1.0.19:15048|dataStream:10.1.0.19:15051|priority:1|startupRole:FOLLOWER] with ContainerStateMachine:uninitialized
2023-07-06 10:48:15,574 [5390630e-efcd-4aa9-9191-8580c5ddb99b-groupManagement] INFO  server.RaftServerConfigKeys (ConfUtils.java:logGet(46)) - raft.server.rpc.timeout.min = 5s (custom)
2023-07-06 10:48:15,574 [5390630e-efcd-4aa9-9191-8580c5ddb99b-groupManagement] INFO  server.RaftServerConfigKeys (ConfUtils.java:logGet(46)) - raft.server.rpc.timeout.max = 5200ms (custom)
2023-07-06 10:48:15,575 [5390630e-efcd-4aa9-9191-8580c5ddb99b-groupManagement] INFO  server.RaftServerConfigKeys (ConfUtils.java:logGet(46)) - raft.server.rpc.sleep.time = 25ms (default)
2023-07-06 10:48:15,575 [5390630e-efcd-4aa9-9191-8580c5ddb99b-groupManagement] INFO  server.RaftServerConfigKeys (ConfUtils.java:logGet(46)) - raft.server.rpc.slowness.timeout = 300s (custom)
2023-07-06 10:48:15,575 [5390630e-efcd-4aa9-9191-8580c5ddb99b-groupManagement] INFO  server.RaftServerConfigKeys (ConfUtils.java:logGet(46)) - raft.server.leaderelection.leader.step-down.wait-time = 10s (default)
2023-07-06 10:48:15,575 [5390630e-efcd-4aa9-9191-8580c5ddb99b-groupManagement] INFO  server.RaftServerConfigKeys (ConfUtils.java:logGet(46)) - raft.server.sleep.deviation.threshold = 300ms (default)
2023-07-06 10:48:15,575 [5390630e-efcd-4aa9-9191-8580c5ddb99b-groupManagement] INFO  server.RaftServer$Division (ServerState.java:<init>(120)) - 5390630e-efcd-4aa9-9191-8580c5ddb99b@group-F60C51E40B02: ConfigurationManager, init=-1: peers:[5390630e-efcd-4aa9-9191-8580c5ddb99b|rpc:10.1.0.19:15050|admin:10.1.0.19:15049|client:10.1.0.19:15048|dataStream:10.1.0.19:15051|priority:1|startupRole:FOLLOWER]|listeners:[], old=null, confs=<EMPTY_MAP>
2023-07-06 10:48:15,575 [5390630e-efcd-4aa9-9191-8580c5ddb99b-groupManagement] INFO  server.RaftServerConfigKeys (ConfUtils.java:logGet(46)) - raft.server.storage.dir = [/home/runner/work/ozone/ozone/hadoop-ozone/integration-test/target/test-dir/MiniOzoneClusterImpl-8ecce792-0b29-40a4-bcd2-9922915e3450/datanode-4/data/ratis] (custom)
2023-07-06 10:48:15,575 [5390630e-efcd-4aa9-9191-8580c5ddb99b-groupManagement] INFO  server.RaftServerConfigKeys (ConfUtils.java:logGet(46)) - raft.server.log.corruption.policy = EXCEPTION (default)
2023-07-06 10:48:15,575 [5390630e-efcd-4aa9-9191-8580c5ddb99b-groupManagement] INFO  server.RaftServerConfigKeys (ConfUtils.java:logGet(46)) - raft.server.storage.free-space.min = 0MB (=0) (default)
2023-07-06 10:48:15,575 [5390630e-efcd-4aa9-9191-8580c5ddb99b-groupManagement] INFO  server.RaftServerConfigKeys (ConfUtils.java:logGet(46)) - raft.server.notification.no-leader.timeout = 300s (custom)
2023-07-06 10:48:15,576 [5390630e-efcd-4aa9-9191-8580c5ddb99b-groupManagement] INFO  server.RaftServerConfigKeys (ConfUtils.java:logGet(46)) - raft.server.read.timeout = 10s (default)
2023-07-06 10:48:15,576 [5390630e-efcd-4aa9-9191-8580c5ddb99b-groupManagement] INFO  server.RaftServerConfigKeys (ConfUtils.java:logGet(46)) - raft.server.retrycache.expirytime = 600000ms (custom)
2023-07-06 10:48:15,576 [5390630e-efcd-4aa9-9191-8580c5ddb99b-groupManagement] INFO  server.RaftServerConfigKeys (ConfUtils.java:logGet(46)) - raft.server.retrycache.statistics.expirytime = 100μs (default)
2023-07-06 10:48:15,576 [5390630e-efcd-4aa9-9191-8580c5ddb99b-groupManagement] INFO  server.RaftServerConfigKeys (ConfUtils.java:logGet(46)) - raft.server.read.option = DEFAULT (default)
2023-07-06 10:48:15,578 [5390630e-efcd-4aa9-9191-8580c5ddb99b-groupManagement] INFO  server.RaftServerConfigKeys (ConfUtils.java:logGet(46)) - raft.server.rpc.request.timeout = 60s (custom)
2023-07-06 10:48:15,578 [5390630e-efcd-4aa9-9191-8580c5ddb99b-groupManagement] INFO  server.RaftServerConfigKeys (ConfUtils.java:logGet(46)) - raft.server.log.appender.install.snapshot.enabled = false (custom)
2023-07-06 10:48:15,578 [5390630e-efcd-4aa9-9191-8580c5ddb99b-groupManagement] INFO  server.RaftServerConfigKeys (ConfUtils.java:logGet(46)) - raft.server.threadpool.server.cached = true (default)
2023-07-06 10:48:15,578 [5390630e-efcd-4aa9-9191-8580c5ddb99b-groupManagement] INFO  server.RaftServerConfigKeys (ConfUtils.java:logGet(46)) - raft.server.threadpool.server.size = 0 (default)
2023-07-06 10:48:15,578 [5390630e-efcd-4aa9-9191-8580c5ddb99b-groupManagement] INFO  server.RaftServerConfigKeys (ConfUtils.java:logGet(46)) - raft.server.threadpool.client.cached = true (default)
2023-07-06 10:48:15,578 [5390630e-efcd-4aa9-9191-8580c5ddb99b-groupManagement] INFO  server.RaftServerConfigKeys (ConfUtils.java:logGet(46)) - raft.server.threadpool.client.size = 0 (default)
2023-07-06 10:48:15,578 [5390630e-efcd-4aa9-9191-8580c5ddb99b-groupManagement] INFO  storage.RaftStorageDirectory (RaftStorageDirectoryImpl.java:analyzeStorage(137)) - The storage directory /home/runner/work/ozone/ozone/hadoop-ozone/integration-test/target/test-dir/MiniOzoneClusterImpl-8ecce792-0b29-40a4-bcd2-9922915e3450/datanode-4/data/ratis/723dedaf-31a7-485c-b332-f60c51e40b02 does not exist. Creating ...
2023-07-06 10:48:15,587 [5390630e-efcd-4aa9-9191-8580c5ddb99b-groupManagement] INFO  storage.RaftStorageDirectory (RaftStorageDirectoryImpl.java:tryLock(231)) - Lock on /home/runner/work/ozone/ozone/hadoop-ozone/integration-test/target/test-dir/MiniOzoneClusterImpl-8ecce792-0b29-40a4-bcd2-9922915e3450/datanode-4/data/ratis/723dedaf-31a7-485c-b332-f60c51e40b02/in_use.lock acquired by nodename 110287@fv-az137-100
2023-07-06 10:48:15,595 [5390630e-efcd-4aa9-9191-8580c5ddb99b-groupManagement] INFO  storage.RaftStorage (RaftStorageImpl.java:format(96)) - Storage directory /home/runner/work/ozone/ozone/hadoop-ozone/integration-test/target/test-dir/MiniOzoneClusterImpl-8ecce792-0b29-40a4-bcd2-9922915e3450/datanode-4/data/ratis/723dedaf-31a7-485c-b332-f60c51e40b02 has been successfully formatted.
2023-07-06 10:48:15,596 [5390630e-efcd-4aa9-9191-8580c5ddb99b-groupManagement] INFO  ratis.ContainerStateMachine (ContainerStateMachine.java:loadSnapshot(262)) - group-F60C51E40B02: The snapshot info is null. Setting the last applied indexto:(t:0, i:~)
2023-07-06 10:48:15,598 [EventQueue-PipelineReportForPipelineReportHandler] INFO  pipeline.PipelineReportHandler (PipelineReportHandler.java:processPipelineReport(136)) - Opened pipeline PipelineID=723dedaf-31a7-485c-b332-f60c51e40b02
2023-07-06 10:48:15,598 [EventQueue-OpenPipelineForHealthyPipelineSafeModeRule] INFO  safemode.SCMSafeModeManager (HealthyPipelineSafeModeRule.java:process(137)) - SCM in safe mode. Healthy pipelines reported count is 0, required healthy pipeline reported count is 1
2023-07-06 10:48:15,598 [5390630e-efcd-4aa9-9191-8580c5ddb99b-groupManagement] INFO  server.RaftServerConfigKeys (ConfUtils.java:logGet(46)) - raft.server.log.use.memory = false (default)
2023-07-06 10:48:15,598 [5390630e-efcd-4aa9-9191-8580c5ddb99b-groupManagement] INFO  server.RaftServerConfigKeys (ConfUtils.java:logGet(46)) - raft.server.log.purge.gap = 1000000 (custom)
2023-07-06 10:48:15,599 [5390630e-efcd-4aa9-9191-8580c5ddb99b-groupManagement] INFO  server.RaftServerConfigKeys (ConfUtils.java:logGet(46)) - raft.server.log.appender.buffer.byte-limit = 33554432 (custom)
2023-07-06 10:48:15,599 [5390630e-efcd-4aa9-9191-8580c5ddb99b-groupManagement] INFO  server.RaftServerConfigKeys (ConfUtils.java:logGet(46)) - raft.server.log.statemachine.data.read.timeout = 1000ms (default)
2023-07-06 10:48:15,599 [5390630e-efcd-4aa9-9191-8580c5ddb99b-groupManagement] INFO  server.RaftServerConfigKeys (ConfUtils.java:logGet(46)) - raft.server.log.purge.preservation.log.num = 0 (default)
2023-07-06 10:48:15,599 [5390630e-efcd-4aa9-9191-8580c5ddb99b-groupManagement] INFO  server.RaftServerConfigKeys (ConfUtils.java:logGet(46)) - raft.server.log.segment.size.max = 1048576 (custom)
2023-07-06 10:48:15,599 [5390630e-efcd-4aa9-9191-8580c5ddb99b-groupManagement] INFO  server.RaftServerConfigKeys (ConfUtils.java:logGet(46)) - raft.server.log.segment.cache.num.max = 2 (custom)
2023-07-06 10:48:15,600 [5390630e-efcd-4aa9-9191-8580c5ddb99b-groupManagement] INFO  server.RaftServerConfigKeys (ConfUtils.java:logGet(46)) - raft.server.log.segment.cache.size.max = 200MB (=209715200) (default)
2023-07-06 10:48:15,600 [5390630e-efcd-4aa9-9191-8580c5ddb99b-groupManagement] INFO  server.RaftServerConfigKeys (ConfUtils.java:logGet(46)) - raft.server.log.appender.buffer.byte-limit = 33554432 (custom)
2023-07-06 10:48:15,600 [5390630e-efcd-4aa9-9191-8580c5ddb99b-groupManagement] INFO  segmented.SegmentedRaftLogWorker (SegmentedRaftLogWorker.java:<init>(188)) - new 5390630e-efcd-4aa9-9191-8580c5ddb99b@group-F60C51E40B02-SegmentedRaftLogWorker for RaftStorageImpl:Storage Directory /home/runner/work/ozone/ozone/hadoop-ozone/integration-test/target/test-dir/MiniOzoneClusterImpl-8ecce792-0b29-40a4-bcd2-9922915e3450/datanode-4/data/ratis/723dedaf-31a7-485c-b332-f60c51e40b02
2023-07-06 10:48:15,600 [5390630e-efcd-4aa9-9191-8580c5ddb99b-groupManagement] INFO  server.RaftServerConfigKeys (ConfUtils.java:logGet(46)) - raft.server.log.queue.byte-limit = 4294967296 (custom)
2023-07-06 10:48:15,600 [5390630e-efcd-4aa9-9191-8580c5ddb99b-groupManagement] INFO  server.RaftServerConfigKeys (ConfUtils.java:logGet(46)) - raft.server.log.queue.element-limit = 1024 (custom)
2023-07-06 10:48:15,600 [5390630e-efcd-4aa9-9191-8580c5ddb99b-groupManagement] INFO  server.RaftServerConfigKeys (ConfUtils.java:logGet(46)) - raft.server.log.segment.size.max = 1048576 (custom)
2023-07-06 10:48:15,600 [5390630e-efcd-4aa9-9191-8580c5ddb99b-groupManagement] INFO  server.RaftServerConfigKeys (ConfUtils.java:logGet(46)) - raft.server.log.preallocated.size = 16384 (custom)
2023-07-06 10:48:15,600 [5390630e-efcd-4aa9-9191-8580c5ddb99b-groupManagement] INFO  server.RaftServerConfigKeys (ConfUtils.java:logGet(46)) - raft.server.log.force.sync.num = 128 (default)
2023-07-06 10:48:15,600 [5390630e-efcd-4aa9-9191-8580c5ddb99b-groupManagement] INFO  server.RaftServerConfigKeys (ConfUtils.java:logGet(46)) - raft.server.log.statemachine.data.sync = true (default)
2023-07-06 10:48:15,600 [5390630e-efcd-4aa9-9191-8580c5ddb99b-groupManagement] INFO  server.RaftServerConfigKeys (ConfUtils.java:logGet(46)) - raft.server.log.statemachine.data.sync.timeout = 10s (default)
2023-07-06 10:48:15,600 [5390630e-efcd-4aa9-9191-8580c5ddb99b-groupManagement] INFO  server.RaftServerConfigKeys (ConfUtils.java:logGet(46)) - raft.server.log.statemachine.data.sync.timeout.retry = -1 (default)
2023-07-06 10:48:15,602 [5390630e-efcd-4aa9-9191-8580c5ddb99b-groupManagement] INFO  server.RaftServerConfigKeys (ConfUtils.java:logGet(46)) - raft.server.log.write.buffer.size = 1048576 (custom)
2023-07-06 10:48:15,602 [5390630e-efcd-4aa9-9191-8580c5ddb99b-groupManagement] INFO  server.RaftServerConfigKeys (ConfUtils.java:logGet(46)) - raft.server.log.appender.buffer.byte-limit = 33554432 (custom)
2023-07-06 10:48:15,610 [5390630e-efcd-4aa9-9191-8580c5ddb99b-groupManagement] INFO  server.RaftServerConfigKeys (ConfUtils.java:logGet(46)) - raft.server.log.unsafe-flush.enabled = false (default)
2023-07-06 10:48:15,610 [5390630e-efcd-4aa9-9191-8580c5ddb99b-groupManagement] INFO  server.RaftServerConfigKeys (ConfUtils.java:logGet(46)) - raft.server.log.async-flush.enabled = false (default)
2023-07-06 10:48:15,610 [5390630e-efcd-4aa9-9191-8580c5ddb99b-groupManagement] INFO  server.RaftServerConfigKeys (ConfUtils.java:logGet(46)) - raft.server.log.statemachine.data.caching.enabled = true (custom)
2023-07-06 10:48:15,610 [5390630e-efcd-4aa9-9191-8580c5ddb99b-groupManagement] INFO  segmented.SegmentedRaftLogWorker (SegmentedRaftLogWorker.java:lambda$new$0(135)) - 5390630e-efcd-4aa9-9191-8580c5ddb99b@group-F60C51E40B02-SegmentedRaftLogWorker: flushIndex: setUnconditionally 0 -> -1
2023-07-06 10:48:15,611 [5390630e-efcd-4aa9-9191-8580c5ddb99b-groupManagement] INFO  segmented.SegmentedRaftLogWorker (SegmentedRaftLogWorker.java:lambda$new$0(135)) - 5390630e-efcd-4aa9-9191-8580c5ddb99b@group-F60C51E40B02-SegmentedRaftLogWorker: safeCacheEvictIndex: setUnconditionally 0 -> -1
2023-07-06 10:48:15,611 [5390630e-efcd-4aa9-9191-8580c5ddb99b-groupManagement] INFO  server.RaftServer$Division (RaftServerImpl.java:start(342)) - 5390630e-efcd-4aa9-9191-8580c5ddb99b@group-F60C51E40B02: start as a follower, conf=-1: peers:[5390630e-efcd-4aa9-9191-8580c5ddb99b|rpc:10.1.0.19:15050|admin:10.1.0.19:15049|client:10.1.0.19:15048|dataStream:10.1.0.19:15051|priority:1|startupRole:FOLLOWER]|listeners:[], old=null
2023-07-06 10:48:15,611 [5390630e-efcd-4aa9-9191-8580c5ddb99b-groupManagement] INFO  server.RaftServer$Division (RaftServerImpl.java:setRole(329)) - 5390630e-efcd-4aa9-9191-8580c5ddb99b@group-F60C51E40B02: changes role from      null to FOLLOWER at term 0 for startAsFollower
2023-07-06 10:48:15,611 [5390630e-efcd-4aa9-9191-8580c5ddb99b-groupManagement] INFO  impl.RoleInfo (RoleInfo.java:updateAndGet(139)) - 5390630e-efcd-4aa9-9191-8580c5ddb99b: start 5390630e-efcd-4aa9-9191-8580c5ddb99b@group-F60C51E40B02-FollowerState
2023-07-06 10:48:15,613 [5390630e-efcd-4aa9-9191-8580c5ddb99b-groupManagement] INFO  util.JmxRegister (JmxRegister.java:tryRegister(44)) - Successfully registered JMX Bean with object name Ratis:service=RaftServer,group=group-F60C51E40B02,id=5390630e-efcd-4aa9-9191-8580c5ddb99b
2023-07-06 10:48:15,613 [5390630e-efcd-4aa9-9191-8580c5ddb99b-groupManagement] INFO  server.RaftServerConfigKeys (ConfUtils.java:logGet(46)) - raft.server.snapshot.auto.trigger.enabled = true (custom)
2023-07-06 10:48:15,613 [5390630e-efcd-4aa9-9191-8580c5ddb99b-groupManagement] INFO  server.RaftServerConfigKeys (ConfUtils.java:logGet(46)) - raft.server.snapshot.auto.trigger.threshold = 10000 (custom)
2023-07-06 10:48:15,613 [5390630e-efcd-4aa9-9191-8580c5ddb99b-groupManagement] INFO  server.RaftServerConfigKeys (ConfUtils.java:logGet(46)) - raft.server.snapshot.retention.file.num = 5 (custom)
2023-07-06 10:48:15,613 [5390630e-efcd-4aa9-9191-8580c5ddb99b-groupManagement] INFO  server.RaftServerConfigKeys (ConfUtils.java:logGet(46)) - raft.server.log.purge.upto.snapshot.index = false (default)
2023-07-06 10:48:15,614 [grpc-default-executor-1] INFO  server.RaftServer (RaftServerProxy.java:addNew(98)) - 5390630e-efcd-4aa9-9191-8580c5ddb99b: addNew group-089AC4866917:[5a53f96e-bd62-406a-bc4f-c3e0845cabf5|rpc:10.1.0.19:15059|admin:10.1.0.19:15058|client:10.1.0.19:15057|dataStream:10.1.0.19:15060|priority:1|startupRole:FOLLOWER, 5390630e-efcd-4aa9-9191-8580c5ddb99b|rpc:10.1.0.19:15050|admin:10.1.0.19:15049|client:10.1.0.19:15048|dataStream:10.1.0.19:15051|priority:0|startupRole:FOLLOWER, d375daab-0aec-4ab2-a7ca-6760e990c046|rpc:10.1.0.19:15041|admin:10.1.0.19:15040|client:10.1.0.19:15039|dataStream:10.1.0.19:15042|priority:0|startupRole:FOLLOWER] returns group-089AC4866917:java.util.concurrent.CompletableFuture@38e5b8cd[Not completed]
2023-07-06 10:48:15,614 [5390630e-efcd-4aa9-9191-8580c5ddb99b@group-F60C51E40B02-FollowerState] INFO  server.RaftServerConfigKeys (ConfUtils.java:logFallback(53)) - raft.server.rpc.first-election.timeout.min = 5s (fallback to raft.server.rpc.timeout.min)
2023-07-06 10:48:15,614 [5390630e-efcd-4aa9-9191-8580c5ddb99b@group-F60C51E40B02-FollowerState] INFO  server.RaftServerConfigKeys (ConfUtils.java:logFallback(53)) - raft.server.rpc.first-election.timeout.max = 5200ms (fallback to raft.server.rpc.timeout.max)
2023-07-06 10:48:15,617 [5390630e-efcd-4aa9-9191-8580c5ddb99b-groupManagement] INFO  server.RaftServer$Division (RaftServerImpl.java:<init>(198)) - 5390630e-efcd-4aa9-9191-8580c5ddb99b: new RaftServerImpl for group-089AC4866917:[5a53f96e-bd62-406a-bc4f-c3e0845cabf5|rpc:10.1.0.19:15059|admin:10.1.0.19:15058|client:10.1.0.19:15057|dataStream:10.1.0.19:15060|priority:1|startupRole:FOLLOWER, 5390630e-efcd-4aa9-9191-8580c5ddb99b|rpc:10.1.0.19:15050|admin:10.1.0.19:15049|client:10.1.0.19:15048|dataStream:10.1.0.19:15051|priority:0|startupRole:FOLLOWER, d375daab-0aec-4ab2-a7ca-6760e990c046|rpc:10.1.0.19:15041|admin:10.1.0.19:15040|client:10.1.0.19:15039|dataStream:10.1.0.19:15042|priority:0|startupRole:FOLLOWER] with ContainerStateMachine:uninitialized
2023-07-06 10:48:15,618 [5390630e-efcd-4aa9-9191-8580c5ddb99b-groupManagement] INFO  server.RaftServerConfigKeys (ConfUtils.java:logGet(46)) - raft.server.rpc.timeout.min = 5s (custom)
2023-07-06 10:48:15,618 [5390630e-efcd-4aa9-9191-8580c5ddb99b-groupManagement] INFO  server.RaftServerConfigKeys (ConfUtils.java:logGet(46)) - raft.server.rpc.timeout.max = 5200ms (custom)
2023-07-06 10:48:15,618 [5390630e-efcd-4aa9-9191-8580c5ddb99b-groupManagement] INFO  server.RaftServerConfigKeys (ConfUtils.java:logGet(46)) - raft.server.rpc.sleep.time = 25ms (default)
2023-07-06 10:48:15,618 [5390630e-efcd-4aa9-9191-8580c5ddb99b-groupManagement] INFO  server.RaftServerConfigKeys (ConfUtils.java:logGet(46)) - raft.server.rpc.slowness.timeout = 300s (custom)
2023-07-06 10:48:15,618 [5390630e-efcd-4aa9-9191-8580c5ddb99b-groupManagement] INFO  server.RaftServerConfigKeys (ConfUtils.java:logGet(46)) - raft.server.leaderelection.leader.step-down.wait-time = 10s (default)
2023-07-06 10:48:15,618 [5390630e-efcd-4aa9-9191-8580c5ddb99b-groupManagement] INFO  server.RaftServerConfigKeys (ConfUtils.java:logGet(46)) - raft.server.sleep.deviation.threshold = 300ms (default)
2023-07-06 10:48:15,618 [5390630e-efcd-4aa9-9191-8580c5ddb99b-groupManagement] INFO  server.RaftServer$Division (ServerState.java:<init>(120)) - 5390630e-efcd-4aa9-9191-8580c5ddb99b@group-089AC4866917: ConfigurationManager, init=-1: peers:[5a53f96e-bd62-406a-bc4f-c3e0845cabf5|rpc:10.1.0.19:15059|admin:10.1.0.19:15058|client:10.1.0.19:15057|dataStream:10.1.0.19:15060|priority:1|startupRole:FOLLOWER, 5390630e-efcd-4aa9-9191-8580c5ddb99b|rpc:10.1.0.19:15050|admin:10.1.0.19:15049|client:10.1.0.19:15048|dataStream:10.1.0.19:15051|priority:0|startupRole:FOLLOWER, d375daab-0aec-4ab2-a7ca-6760e990c046|rpc:10.1.0.19:15041|admin:10.1.0.19:15040|client:10.1.0.19:15039|dataStream:10.1.0.19:15042|priority:0|startupRole:FOLLOWER]|listeners:[], old=null, confs=<EMPTY_MAP>
2023-07-06 10:48:15,618 [5390630e-efcd-4aa9-9191-8580c5ddb99b-groupManagement] INFO  server.RaftServerConfigKeys (ConfUtils.java:logGet(46)) - raft.server.storage.dir = [/home/runner/work/ozone/ozone/hadoop-ozone/integration-test/target/test-dir/MiniOzoneClusterImpl-8ecce792-0b29-40a4-bcd2-9922915e3450/datanode-4/data/ratis] (custom)
2023-07-06 10:48:15,619 [5390630e-efcd-4aa9-9191-8580c5ddb99b-groupManagement] INFO  server.RaftServerConfigKeys (ConfUtils.java:logGet(46)) - raft.server.log.corruption.policy = EXCEPTION (default)
2023-07-06 10:48:15,619 [5390630e-efcd-4aa9-9191-8580c5ddb99b-groupManagement] INFO  server.RaftServerConfigKeys (ConfUtils.java:logGet(46)) - raft.server.storage.free-space.min = 0MB (=0) (default)
2023-07-06 10:48:15,619 [5390630e-efcd-4aa9-9191-8580c5ddb99b-groupManagement] INFO  server.RaftServerConfigKeys (ConfUtils.java:logGet(46)) - raft.server.notification.no-leader.timeout = 300s (custom)
2023-07-06 10:48:15,619 [5390630e-efcd-4aa9-9191-8580c5ddb99b-groupManagement] INFO  server.RaftServerConfigKeys (ConfUtils.java:logGet(46)) - raft.server.read.timeout = 10s (default)
2023-07-06 10:48:15,619 [5390630e-efcd-4aa9-9191-8580c5ddb99b-groupManagement] INFO  server.RaftServerConfigKeys (ConfUtils.java:logGet(46)) - raft.server.retrycache.expirytime = 600000ms (custom)
2023-07-06 10:48:15,619 [5390630e-efcd-4aa9-9191-8580c5ddb99b-groupManagement] INFO  server.RaftServerConfigKeys (ConfUtils.java:logGet(46)) - raft.server.retrycache.statistics.expirytime = 100μs (default)
2023-07-06 10:48:15,619 [5390630e-efcd-4aa9-9191-8580c5ddb99b-groupManagement] INFO  server.RaftServerConfigKeys (ConfUtils.java:logGet(46)) - raft.server.read.option = DEFAULT (default)
2023-07-06 10:48:15,621 [5390630e-efcd-4aa9-9191-8580c5ddb99b-groupManagement] INFO  server.RaftServerConfigKeys (ConfUtils.java:logGet(46)) - raft.server.rpc.request.timeout = 60s (custom)
2023-07-06 10:48:15,621 [5390630e-efcd-4aa9-9191-8580c5ddb99b-groupManagement] INFO  server.RaftServerConfigKeys (ConfUtils.java:logGet(46)) - raft.server.log.appender.install.snapshot.enabled = false (custom)
2023-07-06 10:48:15,621 [5390630e-efcd-4aa9-9191-8580c5ddb99b-groupManagement] INFO  server.RaftServerConfigKeys (ConfUtils.java:logGet(46)) - raft.server.threadpool.server.cached = true (default)
2023-07-06 10:48:15,621 [5390630e-efcd-4aa9-9191-8580c5ddb99b-groupManagement] INFO  server.RaftServerConfigKeys (ConfUtils.java:logGet(46)) - raft.server.threadpool.server.size = 0 (default)
2023-07-06 10:48:15,621 [5390630e-efcd-4aa9-9191-8580c5ddb99b-groupManagement] INFO  server.RaftServerConfigKeys (ConfUtils.java:logGet(46)) - raft.server.threadpool.client.cached = true (default)
2023-07-06 10:48:15,621 [5390630e-efcd-4aa9-9191-8580c5ddb99b-groupManagement] INFO  server.RaftServerConfigKeys (ConfUtils.java:logGet(46)) - raft.server.threadpool.client.size = 0 (default)
2023-07-06 10:48:15,621 [5390630e-efcd-4aa9-9191-8580c5ddb99b-groupManagement] INFO  storage.RaftStorageDirectory (RaftStorageDirectoryImpl.java:analyzeStorage(137)) - The storage directory /home/runner/work/ozone/ozone/hadoop-ozone/integration-test/target/test-dir/MiniOzoneClusterImpl-8ecce792-0b29-40a4-bcd2-9922915e3450/datanode-4/data/ratis/dc24a491-9a19-4a73-b0d6-089ac4866917 does not exist. Creating ...
2023-07-06 10:48:15,617 [PipelineCommandHandlerThread-0] INFO  ratis.XceiverServerRatis (XceiverServerRatis.java:addGroup(804)) - Created group PipelineID=723dedaf-31a7-485c-b332-f60c51e40b02
2023-07-06 10:48:15,623 [PipelineCommandHandlerThread-0] INFO  commandhandler.CreatePipelineCommandHandler (CreatePipelineCommandHandler.java:lambda$handle$2(124)) - Created Pipeline RATIS ONE PipelineID=723dedaf-31a7-485c-b332-f60c51e40b02.
2023-07-06 10:48:15,624 [PipelineCommandHandlerThread-0] INFO  server.RaftServer (RaftServerProxy.java:addNew(98)) - 5390630e-efcd-4aa9-9191-8580c5ddb99b: addNew group-A91D5C9319B3:[5a53f96e-bd62-406a-bc4f-c3e0845cabf5|rpc:10.1.0.19:15059|admin:10.1.0.19:15058|client:10.1.0.19:15057|dataStream:10.1.0.19:15060|priority:0|startupRole:FOLLOWER, 5390630e-efcd-4aa9-9191-8580c5ddb99b|rpc:10.1.0.19:15050|admin:10.1.0.19:15049|client:10.1.0.19:15048|dataStream:10.1.0.19:15051|priority:0|startupRole:FOLLOWER, d375daab-0aec-4ab2-a7ca-6760e990c046|rpc:10.1.0.19:15041|admin:10.1.0.19:15040|client:10.1.0.19:15039|dataStream:10.1.0.19:15042|priority:1|startupRole:FOLLOWER] returns group-A91D5C9319B3:java.util.concurrent.CompletableFuture@74300e58[Not completed]
2023-07-06 10:48:15,625 [5390630e-efcd-4aa9-9191-8580c5ddb99b-groupManagement] INFO  storage.RaftStorageDirectory (RaftStorageDirectoryImpl.java:tryLock(231)) - Lock on /home/runner/work/ozone/ozone/hadoop-ozone/integration-test/target/test-dir/MiniOzoneClusterImpl-8ecce792-0b29-40a4-bcd2-9922915e3450/datanode-4/data/ratis/dc24a491-9a19-4a73-b0d6-089ac4866917/in_use.lock acquired by nodename 110287@fv-az137-100
2023-07-06 10:48:15,627 [5390630e-efcd-4aa9-9191-8580c5ddb99b-groupManagement] INFO  storage.RaftStorage (RaftStorageImpl.java:format(96)) - Storage directory /home/runner/work/ozone/ozone/hadoop-ozone/integration-test/target/test-dir/MiniOzoneClusterImpl-8ecce792-0b29-40a4-bcd2-9922915e3450/datanode-4/data/ratis/dc24a491-9a19-4a73-b0d6-089ac4866917 has been successfully formatted.
2023-07-06 10:48:15,628 [5390630e-efcd-4aa9-9191-8580c5ddb99b-groupManagement] INFO  ratis.ContainerStateMachine (ContainerStateMachine.java:loadSnapshot(262)) - group-089AC4866917: The snapshot info is null. Setting the last applied indexto:(t:0, i:~)
2023-07-06 10:48:15,628 [5390630e-efcd-4aa9-9191-8580c5ddb99b-groupManagement] INFO  server.RaftServerConfigKeys (ConfUtils.java:logGet(46)) - raft.server.log.use.memory = false (default)
2023-07-06 10:48:15,629 [5390630e-efcd-4aa9-9191-8580c5ddb99b-groupManagement] INFO  server.RaftServerConfigKeys (ConfUtils.java:logGet(46)) - raft.server.log.purge.gap = 1000000 (custom)
2023-07-06 10:48:15,629 [5390630e-efcd-4aa9-9191-8580c5ddb99b-groupManagement] INFO  server.RaftServerConfigKeys (ConfUtils.java:logGet(46)) - raft.server.log.appender.buffer.byte-limit = 33554432 (custom)
2023-07-06 10:48:15,629 [5390630e-efcd-4aa9-9191-8580c5ddb99b-groupManagement] INFO  server.RaftServerConfigKeys (ConfUtils.java:logGet(46)) - raft.server.log.statemachine.data.read.timeout = 1000ms (default)
2023-07-06 10:48:15,629 [5390630e-efcd-4aa9-9191-8580c5ddb99b-groupManagement] INFO  server.RaftServerConfigKeys (ConfUtils.java:logGet(46)) - raft.server.log.purge.preservation.log.num = 0 (default)
2023-07-06 10:48:15,630 [5390630e-efcd-4aa9-9191-8580c5ddb99b-groupManagement] INFO  server.RaftServerConfigKeys (ConfUtils.java:logGet(46)) - raft.server.log.segment.size.max = 1048576 (custom)
2023-07-06 10:48:15,630 [5390630e-efcd-4aa9-9191-8580c5ddb99b-groupManagement] INFO  server.RaftServerConfigKeys (ConfUtils.java:logGet(46)) - raft.server.log.segment.cache.num.max = 2 (custom)
2023-07-06 10:48:15,630 [5390630e-efcd-4aa9-9191-8580c5ddb99b-groupManagement] INFO  server.RaftServerConfigKeys (ConfUtils.java:logGet(46)) - raft.server.log.segment.cache.size.max = 200MB (=209715200) (default)
2023-07-06 10:48:15,631 [5390630e-efcd-4aa9-9191-8580c5ddb99b-groupManagement] INFO  server.RaftServerConfigKeys (ConfUtils.java:logGet(46)) - raft.server.log.appender.buffer.byte-limit = 33554432 (custom)
2023-07-06 10:48:15,631 [5390630e-efcd-4aa9-9191-8580c5ddb99b-groupManagement] INFO  segmented.SegmentedRaftLogWorker (SegmentedRaftLogWorker.java:<init>(188)) - new 5390630e-efcd-4aa9-9191-8580c5ddb99b@group-089AC4866917-SegmentedRaftLogWorker for RaftStorageImpl:Storage Directory /home/runner/work/ozone/ozone/hadoop-ozone/integration-test/target/test-dir/MiniOzoneClusterImpl-8ecce792-0b29-40a4-bcd2-9922915e3450/datanode-4/data/ratis/dc24a491-9a19-4a73-b0d6-089ac4866917
2023-07-06 10:48:15,631 [5390630e-efcd-4aa9-9191-8580c5ddb99b-groupManagement] INFO  server.RaftServerConfigKeys (ConfUtils.java:logGet(46)) - raft.server.log.queue.byte-limit = 4294967296 (custom)
2023-07-06 10:48:15,631 [5390630e-efcd-4aa9-9191-8580c5ddb99b-groupManagement] INFO  server.RaftServerConfigKeys (ConfUtils.java:logGet(46)) - raft.server.log.queue.element-limit = 1024 (custom)
2023-07-06 10:48:15,631 [5390630e-efcd-4aa9-9191-8580c5ddb99b-groupManagement] INFO  server.RaftServerConfigKeys (ConfUtils.java:logGet(46)) - raft.server.log.segment.size.max = 1048576 (custom)
2023-07-06 10:48:15,631 [EventQueue-OpenPipelineForHealthyPipelineSafeModeRule] INFO  safemode.SCMSafeModeManager (HealthyPipelineSafeModeRule.java:process(137)) - SCM in safe mode. Healthy pipelines reported count is 0, required healthy pipeline reported count is 1
2023-07-06 10:48:15,633 [5390630e-efcd-4aa9-9191-8580c5ddb99b-groupManagement] INFO  server.RaftServerConfigKeys (ConfUtils.java:logGet(46)) - raft.server.log.preallocated.size = 16384 (custom)
2023-07-06 10:48:15,633 [5390630e-efcd-4aa9-9191-8580c5ddb99b-groupManagement] INFO  server.RaftServerConfigKeys (ConfUtils.java:logGet(46)) - raft.server.log.force.sync.num = 128 (default)
2023-07-06 10:48:15,633 [5390630e-efcd-4aa9-9191-8580c5ddb99b-groupManagement] INFO  server.RaftServerConfigKeys (ConfUtils.java:logGet(46)) - raft.server.log.statemachine.data.sync = true (default)
2023-07-06 10:48:15,633 [5390630e-efcd-4aa9-9191-8580c5ddb99b-groupManagement] INFO  server.RaftServerConfigKeys (ConfUtils.java:logGet(46)) - raft.server.log.statemachine.data.sync.timeout = 10s (default)
2023-07-06 10:48:15,633 [5390630e-efcd-4aa9-9191-8580c5ddb99b-groupManagement] INFO  server.RaftServerConfigKeys (ConfUtils.java:logGet(46)) - raft.server.log.statemachine.data.sync.timeout.retry = -1 (default)
2023-07-06 10:48:15,636 [5390630e-efcd-4aa9-9191-8580c5ddb99b-groupManagement] INFO  server.RaftServerConfigKeys (ConfUtils.java:logGet(46)) - raft.server.log.write.buffer.size = 1048576 (custom)
2023-07-06 10:48:15,638 [5390630e-efcd-4aa9-9191-8580c5ddb99b-groupManagement] INFO  server.RaftServerConfigKeys (ConfUtils.java:logGet(46)) - raft.server.log.appender.buffer.byte-limit = 33554432 (custom)
2023-07-06 10:48:15,646 [5390630e-efcd-4aa9-9191-8580c5ddb99b-groupManagement] INFO  server.RaftServerConfigKeys (ConfUtils.java:logGet(46)) - raft.server.log.unsafe-flush.enabled = false (default)
2023-07-06 10:48:15,646 [5390630e-efcd-4aa9-9191-8580c5ddb99b-groupManagement] INFO  server.RaftServerConfigKeys (ConfUtils.java:logGet(46)) - raft.server.log.async-flush.enabled = false (default)
2023-07-06 10:48:15,646 [5390630e-efcd-4aa9-9191-8580c5ddb99b-groupManagement] INFO  server.RaftServerConfigKeys (ConfUtils.java:logGet(46)) - raft.server.log.statemachine.data.caching.enabled = true (custom)
2023-07-06 10:48:15,646 [5390630e-efcd-4aa9-9191-8580c5ddb99b-groupManagement] INFO  segmented.SegmentedRaftLogWorker (SegmentedRaftLogWorker.java:lambda$new$0(135)) - 5390630e-efcd-4aa9-9191-8580c5ddb99b@group-089AC4866917-SegmentedRaftLogWorker: flushIndex: setUnconditionally 0 -> -1
2023-07-06 10:48:15,646 [5390630e-efcd-4aa9-9191-8580c5ddb99b-groupManagement] INFO  segmented.SegmentedRaftLogWorker (SegmentedRaftLogWorker.java:lambda$new$0(135)) - 5390630e-efcd-4aa9-9191-8580c5ddb99b@group-089AC4866917-SegmentedRaftLogWorker: safeCacheEvictIndex: setUnconditionally 0 -> -1
2023-07-06 10:48:15,649 [5390630e-efcd-4aa9-9191-8580c5ddb99b-groupManagement] INFO  server.RaftServer$Division (RaftServerImpl.java:start(342)) - 5390630e-efcd-4aa9-9191-8580c5ddb99b@group-089AC4866917: start as a follower, conf=-1: peers:[5a53f96e-bd62-406a-bc4f-c3e0845cabf5|rpc:10.1.0.19:15059|admin:10.1.0.19:15058|client:10.1.0.19:15057|dataStream:10.1.0.19:15060|priority:1|startupRole:FOLLOWER, 5390630e-efcd-4aa9-9191-8580c5ddb99b|rpc:10.1.0.19:15050|admin:10.1.0.19:15049|client:10.1.0.19:15048|dataStream:10.1.0.19:15051|priority:0|startupRole:FOLLOWER, d375daab-0aec-4ab2-a7ca-6760e990c046|rpc:10.1.0.19:15041|admin:10.1.0.19:15040|client:10.1.0.19:15039|dataStream:10.1.0.19:15042|priority:0|startupRole:FOLLOWER]|listeners:[], old=null
2023-07-06 10:48:15,649 [5390630e-efcd-4aa9-9191-8580c5ddb99b-groupManagement] INFO  server.RaftServer$Division (RaftServerImpl.java:setRole(329)) - 5390630e-efcd-4aa9-9191-8580c5ddb99b@group-089AC4866917: changes role from      null to FOLLOWER at term 0 for startAsFollower
2023-07-06 10:48:15,649 [5390630e-efcd-4aa9-9191-8580c5ddb99b-groupManagement] INFO  impl.RoleInfo (RoleInfo.java:updateAndGet(139)) - 5390630e-efcd-4aa9-9191-8580c5ddb99b: start 5390630e-efcd-4aa9-9191-8580c5ddb99b@group-089AC4866917-FollowerState
2023-07-06 10:48:15,650 [5390630e-efcd-4aa9-9191-8580c5ddb99b-groupManagement] INFO  util.JmxRegister (JmxRegister.java:tryRegister(44)) - Successfully registered JMX Bean with object name Ratis:service=RaftServer,group=group-089AC4866917,id=5390630e-efcd-4aa9-9191-8580c5ddb99b
2023-07-06 10:48:15,650 [5390630e-efcd-4aa9-9191-8580c5ddb99b@group-089AC4866917-FollowerState] INFO  server.RaftServerConfigKeys (ConfUtils.java:logFallback(53)) - raft.server.rpc.first-election.timeout.min = 5s (fallback to raft.server.rpc.timeout.min)
2023-07-06 10:48:15,652 [5390630e-efcd-4aa9-9191-8580c5ddb99b@group-089AC4866917-FollowerState] INFO  server.RaftServerConfigKeys (ConfUtils.java:logFallback(53)) - raft.server.rpc.first-election.timeout.max = 5200ms (fallback to raft.server.rpc.timeout.max)
2023-07-06 10:48:15,650 [5390630e-efcd-4aa9-9191-8580c5ddb99b-groupManagement] INFO  server.RaftServerConfigKeys (ConfUtils.java:logGet(46)) - raft.server.snapshot.auto.trigger.enabled = true (custom)
2023-07-06 10:48:15,653 [5390630e-efcd-4aa9-9191-8580c5ddb99b-groupManagement] INFO  server.RaftServerConfigKeys (ConfUtils.java:logGet(46)) - raft.server.snapshot.auto.trigger.threshold = 10000 (custom)
2023-07-06 10:48:15,653 [5390630e-efcd-4aa9-9191-8580c5ddb99b-groupManagement] INFO  server.RaftServerConfigKeys (ConfUtils.java:logGet(46)) - raft.server.snapshot.retention.file.num = 5 (custom)
2023-07-06 10:48:15,654 [5390630e-efcd-4aa9-9191-8580c5ddb99b-groupManagement] INFO  server.RaftServerConfigKeys (ConfUtils.java:logGet(46)) - raft.server.log.purge.upto.snapshot.index = false (default)
2023-07-06 10:48:15,662 [5390630e-efcd-4aa9-9191-8580c5ddb99b-groupManagement] INFO  server.RaftServer$Division (RaftServerImpl.java:<init>(198)) - 5390630e-efcd-4aa9-9191-8580c5ddb99b: new RaftServerImpl for group-A91D5C9319B3:[5a53f96e-bd62-406a-bc4f-c3e0845cabf5|rpc:10.1.0.19:15059|admin:10.1.0.19:15058|client:10.1.0.19:15057|dataStream:10.1.0.19:15060|priority:0|startupRole:FOLLOWER, 5390630e-efcd-4aa9-9191-8580c5ddb99b|rpc:10.1.0.19:15050|admin:10.1.0.19:15049|client:10.1.0.19:15048|dataStream:10.1.0.19:15051|priority:0|startupRole:FOLLOWER, d375daab-0aec-4ab2-a7ca-6760e990c046|rpc:10.1.0.19:15041|admin:10.1.0.19:15040|client:10.1.0.19:15039|dataStream:10.1.0.19:15042|priority:1|startupRole:FOLLOWER] with ContainerStateMachine:uninitialized
2023-07-06 10:48:15,665 [5390630e-efcd-4aa9-9191-8580c5ddb99b-groupManagement] INFO  server.RaftServerConfigKeys (ConfUtils.java:logGet(46)) - raft.server.rpc.timeout.min = 5s (custom)
2023-07-06 10:48:15,665 [5390630e-efcd-4aa9-9191-8580c5ddb99b-groupManagement] INFO  server.RaftServerConfigKeys (ConfUtils.java:logGet(46)) - raft.server.rpc.timeout.max = 5200ms (custom)
2023-07-06 10:48:15,665 [5390630e-efcd-4aa9-9191-8580c5ddb99b-groupManagement] INFO  server.RaftServerConfigKeys (ConfUtils.java:logGet(46)) - raft.server.rpc.sleep.time = 25ms (default)
2023-07-06 10:48:15,665 [5390630e-efcd-4aa9-9191-8580c5ddb99b-groupManagement] INFO  server.RaftServerConfigKeys (ConfUtils.java:logGet(46)) - raft.server.rpc.slowness.timeout = 300s (custom)
2023-07-06 10:48:15,665 [5390630e-efcd-4aa9-9191-8580c5ddb99b-groupManagement] INFO  server.RaftServerConfigKeys (ConfUtils.java:logGet(46)) - raft.server.leaderelection.leader.step-down.wait-time = 10s (default)
2023-07-06 10:48:15,665 [5390630e-efcd-4aa9-9191-8580c5ddb99b-groupManagement] INFO  server.RaftServerConfigKeys (ConfUtils.java:logGet(46)) - raft.server.sleep.deviation.threshold = 300ms (default)
2023-07-06 10:48:15,665 [5390630e-efcd-4aa9-9191-8580c5ddb99b-groupManagement] INFO  server.RaftServer$Division (ServerState.java:<init>(120)) - 5390630e-efcd-4aa9-9191-8580c5ddb99b@group-A91D5C9319B3: ConfigurationManager, init=-1: peers:[5a53f96e-bd62-406a-bc4f-c3e0845cabf5|rpc:10.1.0.19:15059|admin:10.1.0.19:15058|client:10.1.0.19:15057|dataStream:10.1.0.19:15060|priority:0|startupRole:FOLLOWER, 5390630e-efcd-4aa9-9191-8580c5ddb99b|rpc:10.1.0.19:15050|admin:10.1.0.19:15049|client:10.1.0.19:15048|dataStream:10.1.0.19:15051|priority:0|startupRole:FOLLOWER, d375daab-0aec-4ab2-a7ca-6760e990c046|rpc:10.1.0.19:15041|admin:10.1.0.19:15040|client:10.1.0.19:15039|dataStream:10.1.0.19:15042|priority:1|startupRole:FOLLOWER]|listeners:[], old=null, confs=<EMPTY_MAP>
2023-07-06 10:48:15,665 [5390630e-efcd-4aa9-9191-8580c5ddb99b-groupManagement] INFO  server.RaftServerConfigKeys (ConfUtils.java:logGet(46)) - raft.server.storage.dir = [/home/runner/work/ozone/ozone/hadoop-ozone/integration-test/target/test-dir/MiniOzoneClusterImpl-8ecce792-0b29-40a4-bcd2-9922915e3450/datanode-4/data/ratis] (custom)
2023-07-06 10:48:15,668 [5390630e-efcd-4aa9-9191-8580c5ddb99b-groupManagement] INFO  server.RaftServerConfigKeys (ConfUtils.java:logGet(46)) - raft.server.log.corruption.policy = EXCEPTION (default)
2023-07-06 10:48:15,668 [5390630e-efcd-4aa9-9191-8580c5ddb99b-groupManagement] INFO  server.RaftServerConfigKeys (ConfUtils.java:logGet(46)) - raft.server.storage.free-space.min = 0MB (=0) (default)
2023-07-06 10:48:15,670 [5390630e-efcd-4aa9-9191-8580c5ddb99b-groupManagement] INFO  server.RaftServerConfigKeys (ConfUtils.java:logGet(46)) - raft.server.notification.no-leader.timeout = 300s (custom)
2023-07-06 10:48:15,670 [5390630e-efcd-4aa9-9191-8580c5ddb99b-groupManagement] INFO  server.RaftServerConfigKeys (ConfUtils.java:logGet(46)) - raft.server.read.timeout = 10s (default)
2023-07-06 10:48:15,670 [5390630e-efcd-4aa9-9191-8580c5ddb99b-groupManagement] INFO  server.RaftServerConfigKeys (ConfUtils.java:logGet(46)) - raft.server.retrycache.expirytime = 600000ms (custom)
2023-07-06 10:48:15,670 [5390630e-efcd-4aa9-9191-8580c5ddb99b-groupManagement] INFO  server.RaftServerConfigKeys (ConfUtils.java:logGet(46)) - raft.server.retrycache.statistics.expirytime = 100μs (default)
2023-07-06 10:48:15,670 [5390630e-efcd-4aa9-9191-8580c5ddb99b-groupManagement] INFO  server.RaftServerConfigKeys (ConfUtils.java:logGet(46)) - raft.server.read.option = DEFAULT (default)
2023-07-06 10:48:15,674 [5390630e-efcd-4aa9-9191-8580c5ddb99b-groupManagement] INFO  server.RaftServerConfigKeys (ConfUtils.java:logGet(46)) - raft.server.rpc.request.timeout = 60s (custom)
2023-07-06 10:48:15,674 [5390630e-efcd-4aa9-9191-8580c5ddb99b-groupManagement] INFO  server.RaftServerConfigKeys (ConfUtils.java:logGet(46)) - raft.server.log.appender.install.snapshot.enabled = false (custom)
2023-07-06 10:48:15,674 [5390630e-efcd-4aa9-9191-8580c5ddb99b-groupManagement] INFO  server.RaftServerConfigKeys (ConfUtils.java:logGet(46)) - raft.server.threadpool.server.cached = true (default)
2023-07-06 10:48:15,674 [5390630e-efcd-4aa9-9191-8580c5ddb99b-groupManagement] INFO  server.RaftServerConfigKeys (ConfUtils.java:logGet(46)) - raft.server.threadpool.server.size = 0 (default)
2023-07-06 10:48:15,674 [5390630e-efcd-4aa9-9191-8580c5ddb99b-groupManagement] INFO  server.RaftServerConfigKeys (ConfUtils.java:logGet(46)) - raft.server.threadpool.client.cached = true (default)
2023-07-06 10:48:15,674 [5390630e-efcd-4aa9-9191-8580c5ddb99b-groupManagement] INFO  server.RaftServerConfigKeys (ConfUtils.java:logGet(46)) - raft.server.threadpool.client.size = 0 (default)
2023-07-06 10:48:15,675 [5390630e-efcd-4aa9-9191-8580c5ddb99b-groupManagement] INFO  storage.RaftStorageDirectory (RaftStorageDirectoryImpl.java:analyzeStorage(137)) - The storage directory /home/runner/work/ozone/ozone/hadoop-ozone/integration-test/target/test-dir/MiniOzoneClusterImpl-8ecce792-0b29-40a4-bcd2-9922915e3450/datanode-4/data/ratis/440568b4-d166-4e63-9f40-a91d5c9319b3 does not exist. Creating ...
2023-07-06 10:48:15,678 [5390630e-efcd-4aa9-9191-8580c5ddb99b-groupManagement] INFO  storage.RaftStorageDirectory (RaftStorageDirectoryImpl.java:tryLock(231)) - Lock on /home/runner/work/ozone/ozone/hadoop-ozone/integration-test/target/test-dir/MiniOzoneClusterImpl-8ecce792-0b29-40a4-bcd2-9922915e3450/datanode-4/data/ratis/440568b4-d166-4e63-9f40-a91d5c9319b3/in_use.lock acquired by nodename 110287@fv-az137-100
2023-07-06 10:48:15,680 [5390630e-efcd-4aa9-9191-8580c5ddb99b-groupManagement] INFO  storage.RaftStorage (RaftStorageImpl.java:format(96)) - Storage directory /home/runner/work/ozone/ozone/hadoop-ozone/integration-test/target/test-dir/MiniOzoneClusterImpl-8ecce792-0b29-40a4-bcd2-9922915e3450/datanode-4/data/ratis/440568b4-d166-4e63-9f40-a91d5c9319b3 has been successfully formatted.
2023-07-06 10:48:15,681 [5390630e-efcd-4aa9-9191-8580c5ddb99b-groupManagement] INFO  ratis.ContainerStateMachine (ContainerStateMachine.java:loadSnapshot(262)) - group-A91D5C9319B3: The snapshot info is null. Setting the last applied indexto:(t:0, i:~)
2023-07-06 10:48:15,681 [5390630e-efcd-4aa9-9191-8580c5ddb99b-groupManagement] INFO  server.RaftServerConfigKeys (ConfUtils.java:logGet(46)) - raft.server.log.use.memory = false (default)
2023-07-06 10:48:15,681 [5390630e-efcd-4aa9-9191-8580c5ddb99b-groupManagement] INFO  server.RaftServerConfigKeys (ConfUtils.java:logGet(46)) - raft.server.log.purge.gap = 1000000 (custom)
2023-07-06 10:48:15,681 [5390630e-efcd-4aa9-9191-8580c5ddb99b-groupManagement] INFO  server.RaftServerConfigKeys (ConfUtils.java:logGet(46)) - raft.server.log.appender.buffer.byte-limit = 33554432 (custom)
2023-07-06 10:48:15,681 [5390630e-efcd-4aa9-9191-8580c5ddb99b-groupManagement] INFO  server.RaftServerConfigKeys (ConfUtils.java:logGet(46)) - raft.server.log.statemachine.data.read.timeout = 1000ms (default)
2023-07-06 10:48:15,681 [5390630e-efcd-4aa9-9191-8580c5ddb99b-groupManagement] INFO  server.RaftServerConfigKeys (ConfUtils.java:logGet(46)) - raft.server.log.purge.preservation.log.num = 0 (default)
2023-07-06 10:48:15,683 [EventQueue-OpenPipelineForHealthyPipelineSafeModeRule] INFO  safemode.SCMSafeModeManager (HealthyPipelineSafeModeRule.java:process(137)) - SCM in safe mode. Healthy pipelines reported count is 0, required healthy pipeline reported count is 1
2023-07-06 10:48:15,683 [5390630e-efcd-4aa9-9191-8580c5ddb99b-groupManagement] INFO  server.RaftServerConfigKeys (ConfUtils.java:logGet(46)) - raft.server.log.segment.size.max = 1048576 (custom)
2023-07-06 10:48:15,690 [5390630e-efcd-4aa9-9191-8580c5ddb99b-groupManagement] INFO  server.RaftServerConfigKeys (ConfUtils.java:logGet(46)) - raft.server.log.segment.cache.num.max = 2 (custom)
2023-07-06 10:48:15,691 [5390630e-efcd-4aa9-9191-8580c5ddb99b-groupManagement] INFO  server.RaftServerConfigKeys (ConfUtils.java:logGet(46)) - raft.server.log.segment.cache.size.max = 200MB (=209715200) (default)
2023-07-06 10:48:15,691 [5390630e-efcd-4aa9-9191-8580c5ddb99b-groupManagement] INFO  server.RaftServerConfigKeys (ConfUtils.java:logGet(46)) - raft.server.log.appender.buffer.byte-limit = 33554432 (custom)
2023-07-06 10:48:15,691 [5390630e-efcd-4aa9-9191-8580c5ddb99b-groupManagement] INFO  segmented.SegmentedRaftLogWorker (SegmentedRaftLogWorker.java:<init>(188)) - new 5390630e-efcd-4aa9-9191-8580c5ddb99b@group-A91D5C9319B3-SegmentedRaftLogWorker for RaftStorageImpl:Storage Directory /home/runner/work/ozone/ozone/hadoop-ozone/integration-test/target/test-dir/MiniOzoneClusterImpl-8ecce792-0b29-40a4-bcd2-9922915e3450/datanode-4/data/ratis/440568b4-d166-4e63-9f40-a91d5c9319b3
2023-07-06 10:48:15,691 [5390630e-efcd-4aa9-9191-8580c5ddb99b-groupManagement] INFO  server.RaftServerConfigKeys (ConfUtils.java:logGet(46)) - raft.server.log.queue.byte-limit = 4294967296 (custom)
2023-07-06 10:48:15,691 [5390630e-efcd-4aa9-9191-8580c5ddb99b-groupManagement] INFO  server.RaftServerConfigKeys (ConfUtils.java:logGet(46)) - raft.server.log.queue.element-limit = 1024 (custom)
2023-07-06 10:48:15,691 [5390630e-efcd-4aa9-9191-8580c5ddb99b-groupManagement] INFO  server.RaftServerConfigKeys (ConfUtils.java:logGet(46)) - raft.server.log.segment.size.max = 1048576 (custom)
2023-07-06 10:48:15,691 [5390630e-efcd-4aa9-9191-8580c5ddb99b-groupManagement] INFO  server.RaftServerConfigKeys (ConfUtils.java:logGet(46)) - raft.server.log.preallocated.size = 16384 (custom)
2023-07-06 10:48:15,691 [5390630e-efcd-4aa9-9191-8580c5ddb99b-groupManagement] INFO  server.RaftServerConfigKeys (ConfUtils.java:logGet(46)) - raft.server.log.force.sync.num = 128 (default)
2023-07-06 10:48:15,692 [5390630e-efcd-4aa9-9191-8580c5ddb99b-groupManagement] INFO  server.RaftServerConfigKeys (ConfUtils.java:logGet(46)) - raft.server.log.statemachine.data.sync = true (default)
2023-07-06 10:48:15,692 [5390630e-efcd-4aa9-9191-8580c5ddb99b-groupManagement] INFO  server.RaftServerConfigKeys (ConfUtils.java:logGet(46)) - raft.server.log.statemachine.data.sync.timeout = 10s (default)
2023-07-06 10:48:15,692 [5390630e-efcd-4aa9-9191-8580c5ddb99b-groupManagement] INFO  server.RaftServerConfigKeys (ConfUtils.java:logGet(46)) - raft.server.log.statemachine.data.sync.timeout.retry = -1 (default)
2023-07-06 10:48:15,693 [5390630e-efcd-4aa9-9191-8580c5ddb99b-groupManagement] INFO  server.RaftServerConfigKeys (ConfUtils.java:logGet(46)) - raft.server.log.write.buffer.size = 1048576 (custom)
2023-07-06 10:48:15,694 [5390630e-efcd-4aa9-9191-8580c5ddb99b-groupManagement] INFO  server.RaftServerConfigKeys (ConfUtils.java:logGet(46)) - raft.server.log.appender.buffer.byte-limit = 33554432 (custom)
2023-07-06 10:48:15,697 [PipelineCommandHandlerThread-0] INFO  commandhandler.CreatePipelineCommandHandler (CreatePipelineCommandHandler.java:lambda$handle$2(124)) - Created Pipeline RATIS THREE PipelineID=dc24a491-9a19-4a73-b0d6-089ac4866917.
2023-07-06 10:48:15,698 [PipelineCommandHandlerThread-0] INFO  server.RaftServer (RaftServerProxy.java:addNew(98)) - d375daab-0aec-4ab2-a7ca-6760e990c046: addNew group-A91D5C9319B3:[5a53f96e-bd62-406a-bc4f-c3e0845cabf5|rpc:10.1.0.19:15059|admin:10.1.0.19:15058|client:10.1.0.19:15057|dataStream:10.1.0.19:15060|priority:0|startupRole:FOLLOWER, 5390630e-efcd-4aa9-9191-8580c5ddb99b|rpc:10.1.0.19:15050|admin:10.1.0.19:15049|client:10.1.0.19:15048|dataStream:10.1.0.19:15051|priority:0|startupRole:FOLLOWER, d375daab-0aec-4ab2-a7ca-6760e990c046|rpc:10.1.0.19:15041|admin:10.1.0.19:15040|client:10.1.0.19:15039|dataStream:10.1.0.19:15042|priority:1|startupRole:FOLLOWER] returns group-A91D5C9319B3:java.util.concurrent.CompletableFuture@1aed4af3[Not completed]
2023-07-06 10:48:15,699 [d375daab-0aec-4ab2-a7ca-6760e990c046-groupManagement] INFO  server.RaftServer$Division (RaftServerImpl.java:<init>(198)) - d375daab-0aec-4ab2-a7ca-6760e990c046: new RaftServerImpl for group-A91D5C9319B3:[5a53f96e-bd62-406a-bc4f-c3e0845cabf5|rpc:10.1.0.19:15059|admin:10.1.0.19:15058|client:10.1.0.19:15057|dataStream:10.1.0.19:15060|priority:0|startupRole:FOLLOWER, 5390630e-efcd-4aa9-9191-8580c5ddb99b|rpc:10.1.0.19:15050|admin:10.1.0.19:15049|client:10.1.0.19:15048|dataStream:10.1.0.19:15051|priority:0|startupRole:FOLLOWER, d375daab-0aec-4ab2-a7ca-6760e990c046|rpc:10.1.0.19:15041|admin:10.1.0.19:15040|client:10.1.0.19:15039|dataStream:10.1.0.19:15042|priority:1|startupRole:FOLLOWER] with ContainerStateMachine:uninitialized
2023-07-06 10:48:15,699 [d375daab-0aec-4ab2-a7ca-6760e990c046-groupManagement] INFO  server.RaftServerConfigKeys (ConfUtils.java:logGet(46)) - raft.server.rpc.timeout.min = 5s (custom)
2023-07-06 10:48:15,699 [d375daab-0aec-4ab2-a7ca-6760e990c046-groupManagement] INFO  server.RaftServerConfigKeys (ConfUtils.java:logGet(46)) - raft.server.rpc.timeout.max = 5200ms (custom)
2023-07-06 10:48:15,699 [d375daab-0aec-4ab2-a7ca-6760e990c046-groupManagement] INFO  server.RaftServerConfigKeys (ConfUtils.java:logGet(46)) - raft.server.rpc.sleep.time = 25ms (default)
2023-07-06 10:48:15,699 [d375daab-0aec-4ab2-a7ca-6760e990c046-groupManagement] INFO  server.RaftServerConfigKeys (ConfUtils.java:logGet(46)) - raft.server.rpc.slowness.timeout = 300s (custom)
2023-07-06 10:48:15,699 [d375daab-0aec-4ab2-a7ca-6760e990c046-groupManagement] INFO  server.RaftServerConfigKeys (ConfUtils.java:logGet(46)) - raft.server.leaderelection.leader.step-down.wait-time = 10s (default)
2023-07-06 10:48:15,699 [d375daab-0aec-4ab2-a7ca-6760e990c046-groupManagement] INFO  server.RaftServerConfigKeys (ConfUtils.java:logGet(46)) - raft.server.sleep.deviation.threshold = 300ms (default)
2023-07-06 10:48:15,699 [d375daab-0aec-4ab2-a7ca-6760e990c046-groupManagement] INFO  server.RaftServer$Division (ServerState.java:<init>(120)) - d375daab-0aec-4ab2-a7ca-6760e990c046@group-A91D5C9319B3: ConfigurationManager, init=-1: peers:[5a53f96e-bd62-406a-bc4f-c3e0845cabf5|rpc:10.1.0.19:15059|admin:10.1.0.19:15058|client:10.1.0.19:15057|dataStream:10.1.0.19:15060|priority:0|startupRole:FOLLOWER, 5390630e-efcd-4aa9-9191-8580c5ddb99b|rpc:10.1.0.19:15050|admin:10.1.0.19:15049|client:10.1.0.19:15048|dataStream:10.1.0.19:15051|priority:0|startupRole:FOLLOWER, d375daab-0aec-4ab2-a7ca-6760e990c046|rpc:10.1.0.19:15041|admin:10.1.0.19:15040|client:10.1.0.19:15039|dataStream:10.1.0.19:15042|priority:1|startupRole:FOLLOWER]|listeners:[], old=null, confs=<EMPTY_MAP>
2023-07-06 10:48:15,699 [d375daab-0aec-4ab2-a7ca-6760e990c046-groupManagement] INFO  server.RaftServerConfigKeys (ConfUtils.java:logGet(46)) - raft.server.storage.dir = [/home/runner/work/ozone/ozone/hadoop-ozone/integration-test/target/test-dir/MiniOzoneClusterImpl-8ecce792-0b29-40a4-bcd2-9922915e3450/datanode-3/data/ratis] (custom)
2023-07-06 10:48:15,700 [d375daab-0aec-4ab2-a7ca-6760e990c046-groupManagement] INFO  server.RaftServerConfigKeys (ConfUtils.java:logGet(46)) - raft.server.log.corruption.policy = EXCEPTION (default)
2023-07-06 10:48:15,700 [d375daab-0aec-4ab2-a7ca-6760e990c046-groupManagement] INFO  server.RaftServerConfigKeys (ConfUtils.java:logGet(46)) - raft.server.storage.free-space.min = 0MB (=0) (default)
2023-07-06 10:48:15,700 [d375daab-0aec-4ab2-a7ca-6760e990c046-groupManagement] INFO  server.RaftServerConfigKeys (ConfUtils.java:logGet(46)) - raft.server.notification.no-leader.timeout = 300s (custom)
2023-07-06 10:48:15,700 [d375daab-0aec-4ab2-a7ca-6760e990c046-groupManagement] INFO  server.RaftServerConfigKeys (ConfUtils.java:logGet(46)) - raft.server.read.timeout = 10s (default)
2023-07-06 10:48:15,700 [d375daab-0aec-4ab2-a7ca-6760e990c046-groupManagement] INFO  server.RaftServerConfigKeys (ConfUtils.java:logGet(46)) - raft.server.retrycache.expirytime = 600000ms (custom)
2023-07-06 10:48:15,700 [d375daab-0aec-4ab2-a7ca-6760e990c046-groupManagement] INFO  server.RaftServerConfigKeys (ConfUtils.java:logGet(46)) - raft.server.retrycache.statistics.expirytime = 100μs (default)
2023-07-06 10:48:15,700 [d375daab-0aec-4ab2-a7ca-6760e990c046-groupManagement] INFO  server.RaftServerConfigKeys (ConfUtils.java:logGet(46)) - raft.server.read.option = DEFAULT (default)
2023-07-06 10:48:15,702 [d375daab-0aec-4ab2-a7ca-6760e990c046-groupManagement] INFO  server.RaftServerConfigKeys (ConfUtils.java:logGet(46)) - raft.server.rpc.request.timeout = 60s (custom)
2023-07-06 10:48:15,702 [d375daab-0aec-4ab2-a7ca-6760e990c046-groupManagement] INFO  server.RaftServerConfigKeys (ConfUtils.java:logGet(46)) - raft.server.log.appender.install.snapshot.enabled = false (custom)
2023-07-06 10:48:15,702 [d375daab-0aec-4ab2-a7ca-6760e990c046-groupManagement] INFO  server.RaftServerConfigKeys (ConfUtils.java:logGet(46)) - raft.server.threadpool.server.cached = true (default)
2023-07-06 10:48:15,702 [d375daab-0aec-4ab2-a7ca-6760e990c046-groupManagement] INFO  server.RaftServerConfigKeys (ConfUtils.java:logGet(46)) - raft.server.threadpool.server.size = 0 (default)
2023-07-06 10:48:15,702 [d375daab-0aec-4ab2-a7ca-6760e990c046-groupManagement] INFO  server.RaftServerConfigKeys (ConfUtils.java:logGet(46)) - raft.server.threadpool.client.cached = true (default)
2023-07-06 10:48:15,702 [d375daab-0aec-4ab2-a7ca-6760e990c046-groupManagement] INFO  server.RaftServerConfigKeys (ConfUtils.java:logGet(46)) - raft.server.threadpool.client.size = 0 (default)
2023-07-06 10:48:15,702 [d375daab-0aec-4ab2-a7ca-6760e990c046-groupManagement] INFO  storage.RaftStorageDirectory (RaftStorageDirectoryImpl.java:analyzeStorage(137)) - The storage directory /home/runner/work/ozone/ozone/hadoop-ozone/integration-test/target/test-dir/MiniOzoneClusterImpl-8ecce792-0b29-40a4-bcd2-9922915e3450/datanode-3/data/ratis/440568b4-d166-4e63-9f40-a91d5c9319b3 does not exist. Creating ...
2023-07-06 10:48:15,705 [d375daab-0aec-4ab2-a7ca-6760e990c046-groupManagement] INFO  storage.RaftStorageDirectory (RaftStorageDirectoryImpl.java:tryLock(231)) - Lock on /home/runner/work/ozone/ozone/hadoop-ozone/integration-test/target/test-dir/MiniOzoneClusterImpl-8ecce792-0b29-40a4-bcd2-9922915e3450/datanode-3/data/ratis/440568b4-d166-4e63-9f40-a91d5c9319b3/in_use.lock acquired by nodename 110287@fv-az137-100
2023-07-06 10:48:15,707 [5390630e-efcd-4aa9-9191-8580c5ddb99b-groupManagement] INFO  server.RaftServerConfigKeys (ConfUtils.java:logGet(46)) - raft.server.log.unsafe-flush.enabled = false (default)
2023-07-06 10:48:15,708 [d375daab-0aec-4ab2-a7ca-6760e990c046-groupManagement] INFO  storage.RaftStorage (RaftStorageImpl.java:format(96)) - Storage directory /home/runner/work/ozone/ozone/hadoop-ozone/integration-test/target/test-dir/MiniOzoneClusterImpl-8ecce792-0b29-40a4-bcd2-9922915e3450/datanode-3/data/ratis/440568b4-d166-4e63-9f40-a91d5c9319b3 has been successfully formatted.
2023-07-06 10:48:15,709 [d375daab-0aec-4ab2-a7ca-6760e990c046-groupManagement] INFO  ratis.ContainerStateMachine (ContainerStateMachine.java:loadSnapshot(262)) - group-A91D5C9319B3: The snapshot info is null. Setting the last applied indexto:(t:0, i:~)
2023-07-06 10:48:15,709 [d375daab-0aec-4ab2-a7ca-6760e990c046-groupManagement] INFO  server.RaftServerConfigKeys (ConfUtils.java:logGet(46)) - raft.server.log.use.memory = false (default)
2023-07-06 10:48:15,709 [d375daab-0aec-4ab2-a7ca-6760e990c046-groupManagement] INFO  server.RaftServerConfigKeys (ConfUtils.java:logGet(46)) - raft.server.log.purge.gap = 1000000 (custom)
2023-07-06 10:48:15,709 [d375daab-0aec-4ab2-a7ca-6760e990c046-groupManagement] INFO  server.RaftServerConfigKeys (ConfUtils.java:logGet(46)) - raft.server.log.appender.buffer.byte-limit = 33554432 (custom)
2023-07-06 10:48:15,709 [d375daab-0aec-4ab2-a7ca-6760e990c046-groupManagement] INFO  server.RaftServerConfigKeys (ConfUtils.java:logGet(46)) - raft.server.log.statemachine.data.read.timeout = 1000ms (default)
2023-07-06 10:48:15,709 [d375daab-0aec-4ab2-a7ca-6760e990c046-groupManagement] INFO  server.RaftServerConfigKeys (ConfUtils.java:logGet(46)) - raft.server.log.purge.preservation.log.num = 0 (default)
2023-07-06 10:48:15,709 [d375daab-0aec-4ab2-a7ca-6760e990c046-groupManagement] INFO  server.RaftServerConfigKeys (ConfUtils.java:logGet(46)) - raft.server.log.segment.size.max = 1048576 (custom)
2023-07-06 10:48:15,710 [d375daab-0aec-4ab2-a7ca-6760e990c046-groupManagement] INFO  server.RaftServerConfigKeys (ConfUtils.java:logGet(46)) - raft.server.log.segment.cache.num.max = 2 (custom)
2023-07-06 10:48:15,710 [d375daab-0aec-4ab2-a7ca-6760e990c046-groupManagement] INFO  server.RaftServerConfigKeys (ConfUtils.java:logGet(46)) - raft.server.log.segment.cache.size.max = 200MB (=209715200) (default)
2023-07-06 10:48:15,710 [d375daab-0aec-4ab2-a7ca-6760e990c046-groupManagement] INFO  server.RaftServerConfigKeys (ConfUtils.java:logGet(46)) - raft.server.log.appender.buffer.byte-limit = 33554432 (custom)
2023-07-06 10:48:15,710 [d375daab-0aec-4ab2-a7ca-6760e990c046-groupManagement] INFO  segmented.SegmentedRaftLogWorker (SegmentedRaftLogWorker.java:<init>(188)) - new d375daab-0aec-4ab2-a7ca-6760e990c046@group-A91D5C9319B3-SegmentedRaftLogWorker for RaftStorageImpl:Storage Directory /home/runner/work/ozone/ozone/hadoop-ozone/integration-test/target/test-dir/MiniOzoneClusterImpl-8ecce792-0b29-40a4-bcd2-9922915e3450/datanode-3/data/ratis/440568b4-d166-4e63-9f40-a91d5c9319b3
2023-07-06 10:48:15,710 [d375daab-0aec-4ab2-a7ca-6760e990c046-groupManagement] INFO  server.RaftServerConfigKeys (ConfUtils.java:logGet(46)) - raft.server.log.queue.byte-limit = 4294967296 (custom)
2023-07-06 10:48:15,710 [d375daab-0aec-4ab2-a7ca-6760e990c046-groupManagement] INFO  server.RaftServerConfigKeys (ConfUtils.java:logGet(46)) - raft.server.log.queue.element-limit = 1024 (custom)
2023-07-06 10:48:15,710 [d375daab-0aec-4ab2-a7ca-6760e990c046-groupManagement] INFO  server.RaftServerConfigKeys (ConfUtils.java:logGet(46)) - raft.server.log.segment.size.max = 1048576 (custom)
2023-07-06 10:48:15,710 [d375daab-0aec-4ab2-a7ca-6760e990c046-groupManagement] INFO  server.RaftServerConfigKeys (ConfUtils.java:logGet(46)) - raft.server.log.preallocated.size = 16384 (custom)
2023-07-06 10:48:15,710 [d375daab-0aec-4ab2-a7ca-6760e990c046-groupManagement] INFO  server.RaftServerConfigKeys (ConfUtils.java:logGet(46)) - raft.server.log.force.sync.num = 128 (default)
2023-07-06 10:48:15,710 [d375daab-0aec-4ab2-a7ca-6760e990c046-groupManagement] INFO  server.RaftServerConfigKeys (ConfUtils.java:logGet(46)) - raft.server.log.statemachine.data.sync = true (default)
2023-07-06 10:48:15,711 [d375daab-0aec-4ab2-a7ca-6760e990c046-groupManagement] INFO  server.RaftServerConfigKeys (ConfUtils.java:logGet(46)) - raft.server.log.statemachine.data.sync.timeout = 10s (default)
2023-07-06 10:48:15,711 [d375daab-0aec-4ab2-a7ca-6760e990c046-groupManagement] INFO  server.RaftServerConfigKeys (ConfUtils.java:logGet(46)) - raft.server.log.statemachine.data.sync.timeout.retry = -1 (default)
2023-07-06 10:48:15,712 [d375daab-0aec-4ab2-a7ca-6760e990c046-groupManagement] INFO  server.RaftServerConfigKeys (ConfUtils.java:logGet(46)) - raft.server.log.write.buffer.size = 1048576 (custom)
2023-07-06 10:48:15,713 [d375daab-0aec-4ab2-a7ca-6760e990c046-groupManagement] INFO  server.RaftServerConfigKeys (ConfUtils.java:logGet(46)) - raft.server.log.appender.buffer.byte-limit = 33554432 (custom)
2023-07-06 10:48:15,716 [EventQueue-OpenPipelineForHealthyPipelineSafeModeRule] INFO  safemode.SCMSafeModeManager (HealthyPipelineSafeModeRule.java:process(137)) - SCM in safe mode. Healthy pipelines reported count is 0, required healthy pipeline reported count is 1
2023-07-06 10:48:15,716 [5390630e-efcd-4aa9-9191-8580c5ddb99b-groupManagement] INFO  server.RaftServerConfigKeys (ConfUtils.java:logGet(46)) - raft.server.log.async-flush.enabled = false (default)
2023-07-06 10:48:15,717 [5390630e-efcd-4aa9-9191-8580c5ddb99b-groupManagement] INFO  server.RaftServerConfigKeys (ConfUtils.java:logGet(46)) - raft.server.log.statemachine.data.caching.enabled = true (custom)
2023-07-06 10:48:15,717 [5390630e-efcd-4aa9-9191-8580c5ddb99b-groupManagement] INFO  segmented.SegmentedRaftLogWorker (SegmentedRaftLogWorker.java:lambda$new$0(135)) - 5390630e-efcd-4aa9-9191-8580c5ddb99b@group-A91D5C9319B3-SegmentedRaftLogWorker: flushIndex: setUnconditionally 0 -> -1
2023-07-06 10:48:15,717 [5390630e-efcd-4aa9-9191-8580c5ddb99b-groupManagement] INFO  segmented.SegmentedRaftLogWorker (SegmentedRaftLogWorker.java:lambda$new$0(135)) - 5390630e-efcd-4aa9-9191-8580c5ddb99b@group-A91D5C9319B3-SegmentedRaftLogWorker: safeCacheEvictIndex: setUnconditionally 0 -> -1
2023-07-06 10:48:15,723 [d375daab-0aec-4ab2-a7ca-6760e990c046-groupManagement] INFO  server.RaftServerConfigKeys (ConfUtils.java:logGet(46)) - raft.server.log.unsafe-flush.enabled = false (default)
2023-07-06 10:48:15,723 [5390630e-efcd-4aa9-9191-8580c5ddb99b-groupManagement] INFO  server.RaftServer$Division (RaftServerImpl.java:start(342)) - 5390630e-efcd-4aa9-9191-8580c5ddb99b@group-A91D5C9319B3: start as a follower, conf=-1: peers:[5a53f96e-bd62-406a-bc4f-c3e0845cabf5|rpc:10.1.0.19:15059|admin:10.1.0.19:15058|client:10.1.0.19:15057|dataStream:10.1.0.19:15060|priority:0|startupRole:FOLLOWER, 5390630e-efcd-4aa9-9191-8580c5ddb99b|rpc:10.1.0.19:15050|admin:10.1.0.19:15049|client:10.1.0.19:15048|dataStream:10.1.0.19:15051|priority:0|startupRole:FOLLOWER, d375daab-0aec-4ab2-a7ca-6760e990c046|rpc:10.1.0.19:15041|admin:10.1.0.19:15040|client:10.1.0.19:15039|dataStream:10.1.0.19:15042|priority:1|startupRole:FOLLOWER]|listeners:[], old=null
2023-07-06 10:48:15,724 [5390630e-efcd-4aa9-9191-8580c5ddb99b-groupManagement] INFO  server.RaftServer$Division (RaftServerImpl.java:setRole(329)) - 5390630e-efcd-4aa9-9191-8580c5ddb99b@group-A91D5C9319B3: changes role from      null to FOLLOWER at term 0 for startAsFollower
2023-07-06 10:48:15,724 [5390630e-efcd-4aa9-9191-8580c5ddb99b-groupManagement] INFO  impl.RoleInfo (RoleInfo.java:updateAndGet(139)) - 5390630e-efcd-4aa9-9191-8580c5ddb99b: start 5390630e-efcd-4aa9-9191-8580c5ddb99b@group-A91D5C9319B3-FollowerState
2023-07-06 10:48:15,724 [d375daab-0aec-4ab2-a7ca-6760e990c046-groupManagement] INFO  server.RaftServerConfigKeys (ConfUtils.java:logGet(46)) - raft.server.log.async-flush.enabled = false (default)
2023-07-06 10:48:15,737 [d375daab-0aec-4ab2-a7ca-6760e990c046-groupManagement] INFO  server.RaftServerConfigKeys (ConfUtils.java:logGet(46)) - raft.server.log.statemachine.data.caching.enabled = true (custom)
2023-07-06 10:48:15,738 [d375daab-0aec-4ab2-a7ca-6760e990c046-groupManagement] INFO  segmented.SegmentedRaftLogWorker (SegmentedRaftLogWorker.java:lambda$new$0(135)) - d375daab-0aec-4ab2-a7ca-6760e990c046@group-A91D5C9319B3-SegmentedRaftLogWorker: flushIndex: setUnconditionally 0 -> -1
2023-07-06 10:48:15,738 [d375daab-0aec-4ab2-a7ca-6760e990c046-groupManagement] INFO  segmented.SegmentedRaftLogWorker (SegmentedRaftLogWorker.java:lambda$new$0(135)) - d375daab-0aec-4ab2-a7ca-6760e990c046@group-A91D5C9319B3-SegmentedRaftLogWorker: safeCacheEvictIndex: setUnconditionally 0 -> -1
2023-07-06 10:48:15,737 [5390630e-efcd-4aa9-9191-8580c5ddb99b@group-A91D5C9319B3-FollowerState] INFO  server.RaftServerConfigKeys (ConfUtils.java:logFallback(53)) - raft.server.rpc.first-election.timeout.min = 5s (fallback to raft.server.rpc.timeout.min)
2023-07-06 10:48:15,725 [5390630e-efcd-4aa9-9191-8580c5ddb99b-groupManagement] INFO  util.JmxRegister (JmxRegister.java:tryRegister(44)) - Successfully registered JMX Bean with object name Ratis:service=RaftServer,group=group-A91D5C9319B3,id=5390630e-efcd-4aa9-9191-8580c5ddb99b
2023-07-06 10:48:15,738 [5390630e-efcd-4aa9-9191-8580c5ddb99b-groupManagement] INFO  server.RaftServerConfigKeys (ConfUtils.java:logGet(46)) - raft.server.snapshot.auto.trigger.enabled = true (custom)
2023-07-06 10:48:15,738 [5390630e-efcd-4aa9-9191-8580c5ddb99b-groupManagement] INFO  server.RaftServerConfigKeys (ConfUtils.java:logGet(46)) - raft.server.snapshot.auto.trigger.threshold = 10000 (custom)
2023-07-06 10:48:15,738 [5390630e-efcd-4aa9-9191-8580c5ddb99b-groupManagement] INFO  server.RaftServerConfigKeys (ConfUtils.java:logGet(46)) - raft.server.snapshot.retention.file.num = 5 (custom)
2023-07-06 10:48:15,738 [5390630e-efcd-4aa9-9191-8580c5ddb99b-groupManagement] INFO  server.RaftServerConfigKeys (ConfUtils.java:logGet(46)) - raft.server.log.purge.upto.snapshot.index = false (default)
2023-07-06 10:48:15,738 [5390630e-efcd-4aa9-9191-8580c5ddb99b@group-A91D5C9319B3-FollowerState] INFO  server.RaftServerConfigKeys (ConfUtils.java:logFallback(53)) - raft.server.rpc.first-election.timeout.max = 5200ms (fallback to raft.server.rpc.timeout.max)
2023-07-06 10:48:15,739 [d375daab-0aec-4ab2-a7ca-6760e990c046-groupManagement] INFO  server.RaftServer$Division (RaftServerImpl.java:start(342)) - d375daab-0aec-4ab2-a7ca-6760e990c046@group-A91D5C9319B3: start as a follower, conf=-1: peers:[5a53f96e-bd62-406a-bc4f-c3e0845cabf5|rpc:10.1.0.19:15059|admin:10.1.0.19:15058|client:10.1.0.19:15057|dataStream:10.1.0.19:15060|priority:0|startupRole:FOLLOWER, 5390630e-efcd-4aa9-9191-8580c5ddb99b|rpc:10.1.0.19:15050|admin:10.1.0.19:15049|client:10.1.0.19:15048|dataStream:10.1.0.19:15051|priority:0|startupRole:FOLLOWER, d375daab-0aec-4ab2-a7ca-6760e990c046|rpc:10.1.0.19:15041|admin:10.1.0.19:15040|client:10.1.0.19:15039|dataStream:10.1.0.19:15042|priority:1|startupRole:FOLLOWER]|listeners:[], old=null
2023-07-06 10:48:15,739 [d375daab-0aec-4ab2-a7ca-6760e990c046-groupManagement] INFO  server.RaftServer$Division (RaftServerImpl.java:setRole(329)) - d375daab-0aec-4ab2-a7ca-6760e990c046@group-A91D5C9319B3: changes role from      null to FOLLOWER at term 0 for startAsFollower
2023-07-06 10:48:15,739 [d375daab-0aec-4ab2-a7ca-6760e990c046-groupManagement] INFO  impl.RoleInfo (RoleInfo.java:updateAndGet(139)) - d375daab-0aec-4ab2-a7ca-6760e990c046: start d375daab-0aec-4ab2-a7ca-6760e990c046@group-A91D5C9319B3-FollowerState
2023-07-06 10:48:15,739 [d375daab-0aec-4ab2-a7ca-6760e990c046-groupManagement] INFO  util.JmxRegister (JmxRegister.java:tryRegister(44)) - Successfully registered JMX Bean with object name Ratis:service=RaftServer,group=group-A91D5C9319B3,id=d375daab-0aec-4ab2-a7ca-6760e990c046
2023-07-06 10:48:15,739 [d375daab-0aec-4ab2-a7ca-6760e990c046-groupManagement] INFO  server.RaftServerConfigKeys (ConfUtils.java:logGet(46)) - raft.server.snapshot.auto.trigger.enabled = true (custom)
2023-07-06 10:48:15,739 [d375daab-0aec-4ab2-a7ca-6760e990c046-groupManagement] INFO  server.RaftServerConfigKeys (ConfUtils.java:logGet(46)) - raft.server.snapshot.auto.trigger.threshold = 10000 (custom)
2023-07-06 10:48:15,739 [d375daab-0aec-4ab2-a7ca-6760e990c046-groupManagement] INFO  server.RaftServerConfigKeys (ConfUtils.java:logGet(46)) - raft.server.snapshot.retention.file.num = 5 (custom)
2023-07-06 10:48:15,739 [d375daab-0aec-4ab2-a7ca-6760e990c046-groupManagement] INFO  server.RaftServerConfigKeys (ConfUtils.java:logGet(46)) - raft.server.log.purge.upto.snapshot.index = false (default)
2023-07-06 10:48:15,740 [d375daab-0aec-4ab2-a7ca-6760e990c046@group-A91D5C9319B3-FollowerState] INFO  server.RaftServerConfigKeys (ConfUtils.java:logFallback(53)) - raft.server.rpc.first-election.timeout.min = 5s (fallback to raft.server.rpc.timeout.min)
2023-07-06 10:48:15,742 [d375daab-0aec-4ab2-a7ca-6760e990c046@group-A91D5C9319B3-FollowerState] INFO  server.RaftServerConfigKeys (ConfUtils.java:logFallback(53)) - raft.server.rpc.first-election.timeout.max = 5200ms (fallback to raft.server.rpc.timeout.max)
2023-07-06 10:48:15,744 [PipelineCommandHandlerThread-0] INFO  ratis.XceiverServerRatis (XceiverServerRatis.java:addGroup(804)) - Created group PipelineID=440568b4-d166-4e63-9f40-a91d5c9319b3
2023-07-06 10:48:15,741 [PipelineCommandHandlerThread-0] INFO  ratis.XceiverServerRatis (XceiverServerRatis.java:addGroup(804)) - Created group PipelineID=440568b4-d166-4e63-9f40-a91d5c9319b3
2023-07-06 10:48:15,826 [grpc-default-executor-1] INFO  server.RaftServer (RaftServerProxy.java:addNew(98)) - 5a53f96e-bd62-406a-bc4f-c3e0845cabf5: addNew group-A91D5C9319B3:[5a53f96e-bd62-406a-bc4f-c3e0845cabf5|rpc:10.1.0.19:15059|admin:10.1.0.19:15058|client:10.1.0.19:15057|dataStream:10.1.0.19:15060|priority:0|startupRole:FOLLOWER, 5390630e-efcd-4aa9-9191-8580c5ddb99b|rpc:10.1.0.19:15050|admin:10.1.0.19:15049|client:10.1.0.19:15048|dataStream:10.1.0.19:15051|priority:0|startupRole:FOLLOWER, d375daab-0aec-4ab2-a7ca-6760e990c046|rpc:10.1.0.19:15041|admin:10.1.0.19:15040|client:10.1.0.19:15039|dataStream:10.1.0.19:15042|priority:1|startupRole:FOLLOWER] returns group-A91D5C9319B3:java.util.concurrent.CompletableFuture@381d480e[Not completed]
2023-07-06 10:48:15,827 [5a53f96e-bd62-406a-bc4f-c3e0845cabf5-groupManagement] INFO  server.RaftServer$Division (RaftServerImpl.java:<init>(198)) - 5a53f96e-bd62-406a-bc4f-c3e0845cabf5: new RaftServerImpl for group-A91D5C9319B3:[5a53f96e-bd62-406a-bc4f-c3e0845cabf5|rpc:10.1.0.19:15059|admin:10.1.0.19:15058|client:10.1.0.19:15057|dataStream:10.1.0.19:15060|priority:0|startupRole:FOLLOWER, 5390630e-efcd-4aa9-9191-8580c5ddb99b|rpc:10.1.0.19:15050|admin:10.1.0.19:15049|client:10.1.0.19:15048|dataStream:10.1.0.19:15051|priority:0|startupRole:FOLLOWER, d375daab-0aec-4ab2-a7ca-6760e990c046|rpc:10.1.0.19:15041|admin:10.1.0.19:15040|client:10.1.0.19:15039|dataStream:10.1.0.19:15042|priority:1|startupRole:FOLLOWER] with ContainerStateMachine:uninitialized
2023-07-06 10:48:15,827 [5a53f96e-bd62-406a-bc4f-c3e0845cabf5-groupManagement] INFO  server.RaftServerConfigKeys (ConfUtils.java:logGet(46)) - raft.server.rpc.timeout.min = 5s (custom)
2023-07-06 10:48:15,827 [5a53f96e-bd62-406a-bc4f-c3e0845cabf5-groupManagement] INFO  server.RaftServerConfigKeys (ConfUtils.java:logGet(46)) - raft.server.rpc.timeout.max = 5200ms (custom)
2023-07-06 10:48:15,827 [5a53f96e-bd62-406a-bc4f-c3e0845cabf5-groupManagement] INFO  server.RaftServerConfigKeys (ConfUtils.java:logGet(46)) - raft.server.rpc.sleep.time = 25ms (default)
2023-07-06 10:48:15,827 [5a53f96e-bd62-406a-bc4f-c3e0845cabf5-groupManagement] INFO  server.RaftServerConfigKeys (ConfUtils.java:logGet(46)) - raft.server.rpc.slowness.timeout = 300s (custom)
2023-07-06 10:48:15,827 [5a53f96e-bd62-406a-bc4f-c3e0845cabf5-groupManagement] INFO  server.RaftServerConfigKeys (ConfUtils.java:logGet(46)) - raft.server.leaderelection.leader.step-down.wait-time = 10s (default)
2023-07-06 10:48:15,828 [5a53f96e-bd62-406a-bc4f-c3e0845cabf5-groupManagement] INFO  server.RaftServerConfigKeys (ConfUtils.java:logGet(46)) - raft.server.sleep.deviation.threshold = 300ms (default)
2023-07-06 10:48:15,828 [5a53f96e-bd62-406a-bc4f-c3e0845cabf5-groupManagement] INFO  server.RaftServer$Division (ServerState.java:<init>(120)) - 5a53f96e-bd62-406a-bc4f-c3e0845cabf5@group-A91D5C9319B3: ConfigurationManager, init=-1: peers:[5a53f96e-bd62-406a-bc4f-c3e0845cabf5|rpc:10.1.0.19:15059|admin:10.1.0.19:15058|client:10.1.0.19:15057|dataStream:10.1.0.19:15060|priority:0|startupRole:FOLLOWER, 5390630e-efcd-4aa9-9191-8580c5ddb99b|rpc:10.1.0.19:15050|admin:10.1.0.19:15049|client:10.1.0.19:15048|dataStream:10.1.0.19:15051|priority:0|startupRole:FOLLOWER, d375daab-0aec-4ab2-a7ca-6760e990c046|rpc:10.1.0.19:15041|admin:10.1.0.19:15040|client:10.1.0.19:15039|dataStream:10.1.0.19:15042|priority:1|startupRole:FOLLOWER]|listeners:[], old=null, confs=<EMPTY_MAP>
2023-07-06 10:48:15,828 [5a53f96e-bd62-406a-bc4f-c3e0845cabf5-groupManagement] INFO  server.RaftServerConfigKeys (ConfUtils.java:logGet(46)) - raft.server.storage.dir = [/home/runner/work/ozone/ozone/hadoop-ozone/integration-test/target/test-dir/MiniOzoneClusterImpl-8ecce792-0b29-40a4-bcd2-9922915e3450/datanode-5/data/ratis] (custom)
2023-07-06 10:48:15,828 [5a53f96e-bd62-406a-bc4f-c3e0845cabf5-groupManagement] INFO  server.RaftServerConfigKeys (ConfUtils.java:logGet(46)) - raft.server.log.corruption.policy = EXCEPTION (default)
2023-07-06 10:48:15,828 [5a53f96e-bd62-406a-bc4f-c3e0845cabf5-groupManagement] INFO  server.RaftServerConfigKeys (ConfUtils.java:logGet(46)) - raft.server.storage.free-space.min = 0MB (=0) (default)
2023-07-06 10:48:15,828 [5a53f96e-bd62-406a-bc4f-c3e0845cabf5-groupManagement] INFO  server.RaftServerConfigKeys (ConfUtils.java:logGet(46)) - raft.server.notification.no-leader.timeout = 300s (custom)
2023-07-06 10:48:15,828 [5a53f96e-bd62-406a-bc4f-c3e0845cabf5-groupManagement] INFO  server.RaftServerConfigKeys (ConfUtils.java:logGet(46)) - raft.server.read.timeout = 10s (default)
2023-07-06 10:48:15,828 [5a53f96e-bd62-406a-bc4f-c3e0845cabf5-groupManagement] INFO  server.RaftServerConfigKeys (ConfUtils.java:logGet(46)) - raft.server.retrycache.expirytime = 600000ms (custom)
2023-07-06 10:48:15,828 [5a53f96e-bd62-406a-bc4f-c3e0845cabf5-groupManagement] INFO  server.RaftServerConfigKeys (ConfUtils.java:logGet(46)) - raft.server.retrycache.statistics.expirytime = 100μs (default)
2023-07-06 10:48:15,828 [5a53f96e-bd62-406a-bc4f-c3e0845cabf5-groupManagement] INFO  server.RaftServerConfigKeys (ConfUtils.java:logGet(46)) - raft.server.read.option = DEFAULT (default)
2023-07-06 10:48:15,830 [5a53f96e-bd62-406a-bc4f-c3e0845cabf5-groupManagement] INFO  server.RaftServerConfigKeys (ConfUtils.java:logGet(46)) - raft.server.rpc.request.timeout = 60s (custom)
2023-07-06 10:48:15,830 [5a53f96e-bd62-406a-bc4f-c3e0845cabf5-groupManagement] INFO  server.RaftServerConfigKeys (ConfUtils.java:logGet(46)) - raft.server.log.appender.install.snapshot.enabled = false (custom)
2023-07-06 10:48:15,830 [5a53f96e-bd62-406a-bc4f-c3e0845cabf5-groupManagement] INFO  server.RaftServerConfigKeys (ConfUtils.java:logGet(46)) - raft.server.threadpool.server.cached = true (default)
2023-07-06 10:48:15,830 [5a53f96e-bd62-406a-bc4f-c3e0845cabf5-groupManagement] INFO  server.RaftServerConfigKeys (ConfUtils.java:logGet(46)) - raft.server.threadpool.server.size = 0 (default)
2023-07-06 10:48:15,830 [5a53f96e-bd62-406a-bc4f-c3e0845cabf5-groupManagement] INFO  server.RaftServerConfigKeys (ConfUtils.java:logGet(46)) - raft.server.threadpool.client.cached = true (default)
2023-07-06 10:48:15,830 [5a53f96e-bd62-406a-bc4f-c3e0845cabf5-groupManagement] INFO  server.RaftServerConfigKeys (ConfUtils.java:logGet(46)) - raft.server.threadpool.client.size = 0 (default)
2023-07-06 10:48:15,831 [5a53f96e-bd62-406a-bc4f-c3e0845cabf5-groupManagement] INFO  storage.RaftStorageDirectory (RaftStorageDirectoryImpl.java:analyzeStorage(137)) - The storage directory /home/runner/work/ozone/ozone/hadoop-ozone/integration-test/target/test-dir/MiniOzoneClusterImpl-8ecce792-0b29-40a4-bcd2-9922915e3450/datanode-5/data/ratis/440568b4-d166-4e63-9f40-a91d5c9319b3 does not exist. Creating ...
2023-07-06 10:48:15,833 [5a53f96e-bd62-406a-bc4f-c3e0845cabf5-groupManagement] INFO  storage.RaftStorageDirectory (RaftStorageDirectoryImpl.java:tryLock(231)) - Lock on /home/runner/work/ozone/ozone/hadoop-ozone/integration-test/target/test-dir/MiniOzoneClusterImpl-8ecce792-0b29-40a4-bcd2-9922915e3450/datanode-5/data/ratis/440568b4-d166-4e63-9f40-a91d5c9319b3/in_use.lock acquired by nodename 110287@fv-az137-100
2023-07-06 10:48:15,836 [5a53f96e-bd62-406a-bc4f-c3e0845cabf5-groupManagement] INFO  storage.RaftStorage (RaftStorageImpl.java:format(96)) - Storage directory /home/runner/work/ozone/ozone/hadoop-ozone/integration-test/target/test-dir/MiniOzoneClusterImpl-8ecce792-0b29-40a4-bcd2-9922915e3450/datanode-5/data/ratis/440568b4-d166-4e63-9f40-a91d5c9319b3 has been successfully formatted.
2023-07-06 10:48:15,836 [5a53f96e-bd62-406a-bc4f-c3e0845cabf5-groupManagement] INFO  ratis.ContainerStateMachine (ContainerStateMachine.java:loadSnapshot(262)) - group-A91D5C9319B3: The snapshot info is null. Setting the last applied indexto:(t:0, i:~)
2023-07-06 10:48:15,837 [5a53f96e-bd62-406a-bc4f-c3e0845cabf5-groupManagement] INFO  server.RaftServerConfigKeys (ConfUtils.java:logGet(46)) - raft.server.log.use.memory = false (default)
2023-07-06 10:48:15,837 [5a53f96e-bd62-406a-bc4f-c3e0845cabf5-groupManagement] INFO  server.RaftServerConfigKeys (ConfUtils.java:logGet(46)) - raft.server.log.purge.gap = 1000000 (custom)
2023-07-06 10:48:15,837 [5a53f96e-bd62-406a-bc4f-c3e0845cabf5-groupManagement] INFO  server.RaftServerConfigKeys (ConfUtils.java:logGet(46)) - raft.server.log.appender.buffer.byte-limit = 33554432 (custom)
2023-07-06 10:48:15,837 [5a53f96e-bd62-406a-bc4f-c3e0845cabf5-groupManagement] INFO  server.RaftServerConfigKeys (ConfUtils.java:logGet(46)) - raft.server.log.statemachine.data.read.timeout = 1000ms (default)
2023-07-06 10:48:15,837 [5a53f96e-bd62-406a-bc4f-c3e0845cabf5-groupManagement] INFO  server.RaftServerConfigKeys (ConfUtils.java:logGet(46)) - raft.server.log.purge.preservation.log.num = 0 (default)
2023-07-06 10:48:15,837 [5a53f96e-bd62-406a-bc4f-c3e0845cabf5-groupManagement] INFO  server.RaftServerConfigKeys (ConfUtils.java:logGet(46)) - raft.server.log.segment.size.max = 1048576 (custom)
2023-07-06 10:48:15,838 [5a53f96e-bd62-406a-bc4f-c3e0845cabf5-groupManagement] INFO  server.RaftServerConfigKeys (ConfUtils.java:logGet(46)) - raft.server.log.segment.cache.num.max = 2 (custom)
2023-07-06 10:48:15,838 [5a53f96e-bd62-406a-bc4f-c3e0845cabf5-groupManagement] INFO  server.RaftServerConfigKeys (ConfUtils.java:logGet(46)) - raft.server.log.segment.cache.size.max = 200MB (=209715200) (default)
2023-07-06 10:48:15,838 [5a53f96e-bd62-406a-bc4f-c3e0845cabf5-groupManagement] INFO  server.RaftServerConfigKeys (ConfUtils.java:logGet(46)) - raft.server.log.appender.buffer.byte-limit = 33554432 (custom)
2023-07-06 10:48:15,839 [5a53f96e-bd62-406a-bc4f-c3e0845cabf5-groupManagement] INFO  segmented.SegmentedRaftLogWorker (SegmentedRaftLogWorker.java:<init>(188)) - new 5a53f96e-bd62-406a-bc4f-c3e0845cabf5@group-A91D5C9319B3-SegmentedRaftLogWorker for RaftStorageImpl:Storage Directory /home/runner/work/ozone/ozone/hadoop-ozone/integration-test/target/test-dir/MiniOzoneClusterImpl-8ecce792-0b29-40a4-bcd2-9922915e3450/datanode-5/data/ratis/440568b4-d166-4e63-9f40-a91d5c9319b3
2023-07-06 10:48:15,839 [5a53f96e-bd62-406a-bc4f-c3e0845cabf5-groupManagement] INFO  server.RaftServerConfigKeys (ConfUtils.java:logGet(46)) - raft.server.log.queue.byte-limit = 4294967296 (custom)
2023-07-06 10:48:15,839 [5a53f96e-bd62-406a-bc4f-c3e0845cabf5-groupManagement] INFO  server.RaftServerConfigKeys (ConfUtils.java:logGet(46)) - raft.server.log.queue.element-limit = 1024 (custom)
2023-07-06 10:48:15,839 [5a53f96e-bd62-406a-bc4f-c3e0845cabf5-groupManagement] INFO  server.RaftServerConfigKeys (ConfUtils.java:logGet(46)) - raft.server.log.segment.size.max = 1048576 (custom)
2023-07-06 10:48:15,839 [5a53f96e-bd62-406a-bc4f-c3e0845cabf5-groupManagement] INFO  server.RaftServerConfigKeys (ConfUtils.java:logGet(46)) - raft.server.log.preallocated.size = 16384 (custom)
2023-07-06 10:48:15,839 [5a53f96e-bd62-406a-bc4f-c3e0845cabf5-groupManagement] INFO  server.RaftServerConfigKeys (ConfUtils.java:logGet(46)) - raft.server.log.force.sync.num = 128 (default)
2023-07-06 10:48:15,839 [5a53f96e-bd62-406a-bc4f-c3e0845cabf5-groupManagement] INFO  server.RaftServerConfigKeys (ConfUtils.java:logGet(46)) - raft.server.log.statemachine.data.sync = true (default)
2023-07-06 10:48:15,839 [5a53f96e-bd62-406a-bc4f-c3e0845cabf5-groupManagement] INFO  server.RaftServerConfigKeys (ConfUtils.java:logGet(46)) - raft.server.log.statemachine.data.sync.timeout = 10s (default)
2023-07-06 10:48:15,839 [5a53f96e-bd62-406a-bc4f-c3e0845cabf5-groupManagement] INFO  server.RaftServerConfigKeys (ConfUtils.java:logGet(46)) - raft.server.log.statemachine.data.sync.timeout.retry = -1 (default)
2023-07-06 10:48:15,850 [5a53f96e-bd62-406a-bc4f-c3e0845cabf5-groupManagement] INFO  server.RaftServerConfigKeys (ConfUtils.java:logGet(46)) - raft.server.log.write.buffer.size = 1048576 (custom)
2023-07-06 10:48:15,852 [PipelineCommandHandlerThread-0] INFO  commandhandler.CreatePipelineCommandHandler (CreatePipelineCommandHandler.java:lambda$handle$2(124)) - Created Pipeline RATIS THREE PipelineID=440568b4-d166-4e63-9f40-a91d5c9319b3.
2023-07-06 10:48:15,852 [5a53f96e-bd62-406a-bc4f-c3e0845cabf5-groupManagement] INFO  server.RaftServerConfigKeys (ConfUtils.java:logGet(46)) - raft.server.log.appender.buffer.byte-limit = 33554432 (custom)
2023-07-06 10:48:15,864 [5a53f96e-bd62-406a-bc4f-c3e0845cabf5-groupManagement] INFO  server.RaftServerConfigKeys (ConfUtils.java:logGet(46)) - raft.server.log.unsafe-flush.enabled = false (default)
2023-07-06 10:48:15,864 [5a53f96e-bd62-406a-bc4f-c3e0845cabf5-groupManagement] INFO  server.RaftServerConfigKeys (ConfUtils.java:logGet(46)) - raft.server.log.async-flush.enabled = false (default)
2023-07-06 10:48:15,864 [5a53f96e-bd62-406a-bc4f-c3e0845cabf5-groupManagement] INFO  server.RaftServerConfigKeys (ConfUtils.java:logGet(46)) - raft.server.log.statemachine.data.caching.enabled = true (custom)
2023-07-06 10:48:15,864 [5a53f96e-bd62-406a-bc4f-c3e0845cabf5-groupManagement] INFO  segmented.SegmentedRaftLogWorker (SegmentedRaftLogWorker.java:lambda$new$0(135)) - 5a53f96e-bd62-406a-bc4f-c3e0845cabf5@group-A91D5C9319B3-SegmentedRaftLogWorker: flushIndex: setUnconditionally 0 -> -1
2023-07-06 10:48:15,864 [5a53f96e-bd62-406a-bc4f-c3e0845cabf5-groupManagement] INFO  segmented.SegmentedRaftLogWorker (SegmentedRaftLogWorker.java:lambda$new$0(135)) - 5a53f96e-bd62-406a-bc4f-c3e0845cabf5@group-A91D5C9319B3-SegmentedRaftLogWorker: safeCacheEvictIndex: setUnconditionally 0 -> -1
2023-07-06 10:48:15,865 [5a53f96e-bd62-406a-bc4f-c3e0845cabf5-groupManagement] INFO  server.RaftServer$Division (RaftServerImpl.java:start(342)) - 5a53f96e-bd62-406a-bc4f-c3e0845cabf5@group-A91D5C9319B3: start as a follower, conf=-1: peers:[5a53f96e-bd62-406a-bc4f-c3e0845cabf5|rpc:10.1.0.19:15059|admin:10.1.0.19:15058|client:10.1.0.19:15057|dataStream:10.1.0.19:15060|priority:0|startupRole:FOLLOWER, 5390630e-efcd-4aa9-9191-8580c5ddb99b|rpc:10.1.0.19:15050|admin:10.1.0.19:15049|client:10.1.0.19:15048|dataStream:10.1.0.19:15051|priority:0|startupRole:FOLLOWER, d375daab-0aec-4ab2-a7ca-6760e990c046|rpc:10.1.0.19:15041|admin:10.1.0.19:15040|client:10.1.0.19:15039|dataStream:10.1.0.19:15042|priority:1|startupRole:FOLLOWER]|listeners:[], old=null
2023-07-06 10:48:15,865 [5a53f96e-bd62-406a-bc4f-c3e0845cabf5-groupManagement] INFO  server.RaftServer$Division (RaftServerImpl.java:setRole(329)) - 5a53f96e-bd62-406a-bc4f-c3e0845cabf5@group-A91D5C9319B3: changes role from      null to FOLLOWER at term 0 for startAsFollower
2023-07-06 10:48:15,865 [5a53f96e-bd62-406a-bc4f-c3e0845cabf5-groupManagement] INFO  impl.RoleInfo (RoleInfo.java:updateAndGet(139)) - 5a53f96e-bd62-406a-bc4f-c3e0845cabf5: start 5a53f96e-bd62-406a-bc4f-c3e0845cabf5@group-A91D5C9319B3-FollowerState
2023-07-06 10:48:15,865 [5a53f96e-bd62-406a-bc4f-c3e0845cabf5-groupManagement] INFO  util.JmxRegister (JmxRegister.java:tryRegister(44)) - Successfully registered JMX Bean with object name Ratis:service=RaftServer,group=group-A91D5C9319B3,id=5a53f96e-bd62-406a-bc4f-c3e0845cabf5
2023-07-06 10:48:15,865 [5a53f96e-bd62-406a-bc4f-c3e0845cabf5-groupManagement] INFO  server.RaftServerConfigKeys (ConfUtils.java:logGet(46)) - raft.server.snapshot.auto.trigger.enabled = true (custom)
2023-07-06 10:48:15,865 [5a53f96e-bd62-406a-bc4f-c3e0845cabf5-groupManagement] INFO  server.RaftServerConfigKeys (ConfUtils.java:logGet(46)) - raft.server.snapshot.auto.trigger.threshold = 10000 (custom)
2023-07-06 10:48:15,865 [5a53f96e-bd62-406a-bc4f-c3e0845cabf5-groupManagement] INFO  server.RaftServerConfigKeys (ConfUtils.java:logGet(46)) - raft.server.snapshot.retention.file.num = 5 (custom)
2023-07-06 10:48:15,865 [5a53f96e-bd62-406a-bc4f-c3e0845cabf5-groupManagement] INFO  server.RaftServerConfigKeys (ConfUtils.java:logGet(46)) - raft.server.log.purge.upto.snapshot.index = false (default)
2023-07-06 10:48:15,866 [5a53f96e-bd62-406a-bc4f-c3e0845cabf5@group-A91D5C9319B3-FollowerState] INFO  server.RaftServerConfigKeys (ConfUtils.java:logFallback(53)) - raft.server.rpc.first-election.timeout.min = 5s (fallback to raft.server.rpc.timeout.min)
2023-07-06 10:48:15,876 [5a53f96e-bd62-406a-bc4f-c3e0845cabf5@group-A91D5C9319B3-FollowerState] INFO  server.RaftServerConfigKeys (ConfUtils.java:logFallback(53)) - raft.server.rpc.first-election.timeout.max = 5200ms (fallback to raft.server.rpc.timeout.max)
2023-07-06 10:48:15,895 [PipelineCommandHandlerThread-0] INFO  commandhandler.CreatePipelineCommandHandler (CreatePipelineCommandHandler.java:lambda$handle$2(124)) - Created Pipeline RATIS THREE PipelineID=440568b4-d166-4e63-9f40-a91d5c9319b3.
2023-07-06 10:48:15,903 [main] INFO  ozone.MiniOzoneClusterImpl (MiniOzoneClusterImpl.java:lambda$waitForClusterToBeReady$0(224)) - Nodes are ready. Got 10 of 10 DN Heartbeats.
2023-07-06 10:48:15,903 [main] INFO  ozone.MiniOzoneClusterImpl (MiniOzoneClusterImpl.java:lambda$waitForClusterToBeReady$0(227)) - Waiting for cluster to exit safe mode
2023-07-06 10:48:15,903 [main] INFO  ozone.MiniOzoneClusterImpl (MiniOzoneClusterImpl.java:lambda$waitForClusterToBeReady$0(229)) - SCM became leader
2023-07-06 10:48:16,072 [5a53f96e-bd62-406a-bc4f-c3e0845cabf5-groupManagement] INFO  server.RaftServer$Division (RaftServerImpl.java:<init>(198)) - 5a53f96e-bd62-406a-bc4f-c3e0845cabf5: new RaftServerImpl for group-23B161878F94:[5a53f96e-bd62-406a-bc4f-c3e0845cabf5|rpc:10.1.0.19:15059|admin:10.1.0.19:15058|client:10.1.0.19:15057|dataStream:10.1.0.19:15060|priority:1|startupRole:FOLLOWER] with ContainerStateMachine:uninitialized
2023-07-06 10:48:16,072 [PipelineCommandHandlerThread-0] INFO  server.RaftServer (RaftServerProxy.java:addNew(98)) - 5a53f96e-bd62-406a-bc4f-c3e0845cabf5: addNew group-23B161878F94:[5a53f96e-bd62-406a-bc4f-c3e0845cabf5|rpc:10.1.0.19:15059|admin:10.1.0.19:15058|client:10.1.0.19:15057|dataStream:10.1.0.19:15060|priority:1|startupRole:FOLLOWER] returns group-23B161878F94:java.util.concurrent.CompletableFuture@2c5c3c62[Not completed]
2023-07-06 10:48:16,072 [5a53f96e-bd62-406a-bc4f-c3e0845cabf5-groupManagement] INFO  server.RaftServerConfigKeys (ConfUtils.java:logGet(46)) - raft.server.rpc.timeout.min = 5s (custom)
2023-07-06 10:48:16,073 [5a53f96e-bd62-406a-bc4f-c3e0845cabf5-groupManagement] INFO  server.RaftServerConfigKeys (ConfUtils.java:logGet(46)) - raft.server.rpc.timeout.max = 5200ms (custom)
2023-07-06 10:48:16,073 [5a53f96e-bd62-406a-bc4f-c3e0845cabf5-groupManagement] INFO  server.RaftServerConfigKeys (ConfUtils.java:logGet(46)) - raft.server.rpc.sleep.time = 25ms (default)
2023-07-06 10:48:16,073 [5a53f96e-bd62-406a-bc4f-c3e0845cabf5-groupManagement] INFO  server.RaftServerConfigKeys (ConfUtils.java:logGet(46)) - raft.server.rpc.slowness.timeout = 300s (custom)
2023-07-06 10:48:16,073 [5a53f96e-bd62-406a-bc4f-c3e0845cabf5-groupManagement] INFO  server.RaftServerConfigKeys (ConfUtils.java:logGet(46)) - raft.server.leaderelection.leader.step-down.wait-time = 10s (default)
2023-07-06 10:48:16,073 [5a53f96e-bd62-406a-bc4f-c3e0845cabf5-groupManagement] INFO  server.RaftServerConfigKeys (ConfUtils.java:logGet(46)) - raft.server.sleep.deviation.threshold = 300ms (default)
2023-07-06 10:48:16,073 [5a53f96e-bd62-406a-bc4f-c3e0845cabf5-groupManagement] INFO  server.RaftServer$Division (ServerState.java:<init>(120)) - 5a53f96e-bd62-406a-bc4f-c3e0845cabf5@group-23B161878F94: ConfigurationManager, init=-1: peers:[5a53f96e-bd62-406a-bc4f-c3e0845cabf5|rpc:10.1.0.19:15059|admin:10.1.0.19:15058|client:10.1.0.19:15057|dataStream:10.1.0.19:15060|priority:1|startupRole:FOLLOWER]|listeners:[], old=null, confs=<EMPTY_MAP>
2023-07-06 10:48:16,073 [5a53f96e-bd62-406a-bc4f-c3e0845cabf5-groupManagement] INFO  server.RaftServerConfigKeys (ConfUtils.java:logGet(46)) - raft.server.storage.dir = [/home/runner/work/ozone/ozone/hadoop-ozone/integration-test/target/test-dir/MiniOzoneClusterImpl-8ecce792-0b29-40a4-bcd2-9922915e3450/datanode-5/data/ratis] (custom)
2023-07-06 10:48:16,073 [5a53f96e-bd62-406a-bc4f-c3e0845cabf5-groupManagement] INFO  server.RaftServerConfigKeys (ConfUtils.java:logGet(46)) - raft.server.log.corruption.policy = EXCEPTION (default)
2023-07-06 10:48:16,073 [5a53f96e-bd62-406a-bc4f-c3e0845cabf5-groupManagement] INFO  server.RaftServerConfigKeys (ConfUtils.java:logGet(46)) - raft.server.storage.free-space.min = 0MB (=0) (default)
2023-07-06 10:48:16,074 [5a53f96e-bd62-406a-bc4f-c3e0845cabf5-groupManagement] INFO  server.RaftServerConfigKeys (ConfUtils.java:logGet(46)) - raft.server.notification.no-leader.timeout = 300s (custom)
2023-07-06 10:48:16,074 [5a53f96e-bd62-406a-bc4f-c3e0845cabf5-groupManagement] INFO  server.RaftServerConfigKeys (ConfUtils.java:logGet(46)) - raft.server.read.timeout = 10s (default)
2023-07-06 10:48:16,074 [5a53f96e-bd62-406a-bc4f-c3e0845cabf5-groupManagement] INFO  server.RaftServerConfigKeys (ConfUtils.java:logGet(46)) - raft.server.retrycache.expirytime = 600000ms (custom)
2023-07-06 10:48:16,074 [5a53f96e-bd62-406a-bc4f-c3e0845cabf5-groupManagement] INFO  server.RaftServerConfigKeys (ConfUtils.java:logGet(46)) - raft.server.retrycache.statistics.expirytime = 100μs (default)
2023-07-06 10:48:16,074 [5a53f96e-bd62-406a-bc4f-c3e0845cabf5-groupManagement] INFO  server.RaftServerConfigKeys (ConfUtils.java:logGet(46)) - raft.server.read.option = DEFAULT (default)
2023-07-06 10:48:16,075 [5a53f96e-bd62-406a-bc4f-c3e0845cabf5-groupManagement] INFO  server.RaftServerConfigKeys (ConfUtils.java:logGet(46)) - raft.server.rpc.request.timeout = 60s (custom)
2023-07-06 10:48:16,076 [5a53f96e-bd62-406a-bc4f-c3e0845cabf5-groupManagement] INFO  server.RaftServerConfigKeys (ConfUtils.java:logGet(46)) - raft.server.log.appender.install.snapshot.enabled = false (custom)
2023-07-06 10:48:16,076 [5a53f96e-bd62-406a-bc4f-c3e0845cabf5-groupManagement] INFO  server.RaftServerConfigKeys (ConfUtils.java:logGet(46)) - raft.server.threadpool.server.cached = true (default)
2023-07-06 10:48:16,076 [5a53f96e-bd62-406a-bc4f-c3e0845cabf5-groupManagement] INFO  server.RaftServerConfigKeys (ConfUtils.java:logGet(46)) - raft.server.threadpool.server.size = 0 (default)
2023-07-06 10:48:16,076 [5a53f96e-bd62-406a-bc4f-c3e0845cabf5-groupManagement] INFO  server.RaftServerConfigKeys (ConfUtils.java:logGet(46)) - raft.server.threadpool.client.cached = true (default)
2023-07-06 10:48:16,076 [5a53f96e-bd62-406a-bc4f-c3e0845cabf5-groupManagement] INFO  server.RaftServerConfigKeys (ConfUtils.java:logGet(46)) - raft.server.threadpool.client.size = 0 (default)
2023-07-06 10:48:16,076 [5a53f96e-bd62-406a-bc4f-c3e0845cabf5-groupManagement] INFO  storage.RaftStorageDirectory (RaftStorageDirectoryImpl.java:analyzeStorage(137)) - The storage directory /home/runner/work/ozone/ozone/hadoop-ozone/integration-test/target/test-dir/MiniOzoneClusterImpl-8ecce792-0b29-40a4-bcd2-9922915e3450/datanode-5/data/ratis/c6092d7d-cd6b-4ee1-84ad-23b161878f94 does not exist. Creating ...
2023-07-06 10:48:16,078 [5a53f96e-bd62-406a-bc4f-c3e0845cabf5-groupManagement] INFO  storage.RaftStorageDirectory (RaftStorageDirectoryImpl.java:tryLock(231)) - Lock on /home/runner/work/ozone/ozone/hadoop-ozone/integration-test/target/test-dir/MiniOzoneClusterImpl-8ecce792-0b29-40a4-bcd2-9922915e3450/datanode-5/data/ratis/c6092d7d-cd6b-4ee1-84ad-23b161878f94/in_use.lock acquired by nodename 110287@fv-az137-100
2023-07-06 10:48:16,080 [5a53f96e-bd62-406a-bc4f-c3e0845cabf5-groupManagement] INFO  storage.RaftStorage (RaftStorageImpl.java:format(96)) - Storage directory /home/runner/work/ozone/ozone/hadoop-ozone/integration-test/target/test-dir/MiniOzoneClusterImpl-8ecce792-0b29-40a4-bcd2-9922915e3450/datanode-5/data/ratis/c6092d7d-cd6b-4ee1-84ad-23b161878f94 has been successfully formatted.
2023-07-06 10:48:16,080 [5a53f96e-bd62-406a-bc4f-c3e0845cabf5-groupManagement] INFO  ratis.ContainerStateMachine (ContainerStateMachine.java:loadSnapshot(262)) - group-23B161878F94: The snapshot info is null. Setting the last applied indexto:(t:0, i:~)
2023-07-06 10:48:16,081 [5a53f96e-bd62-406a-bc4f-c3e0845cabf5-groupManagement] INFO  server.RaftServerConfigKeys (ConfUtils.java:logGet(46)) - raft.server.log.use.memory = false (default)
2023-07-06 10:48:16,081 [5a53f96e-bd62-406a-bc4f-c3e0845cabf5-groupManagement] INFO  server.RaftServerConfigKeys (ConfUtils.java:logGet(46)) - raft.server.log.purge.gap = 1000000 (custom)
2023-07-06 10:48:16,081 [5a53f96e-bd62-406a-bc4f-c3e0845cabf5-groupManagement] INFO  server.RaftServerConfigKeys (ConfUtils.java:logGet(46)) - raft.server.log.appender.buffer.byte-limit = 33554432 (custom)
2023-07-06 10:48:16,081 [5a53f96e-bd62-406a-bc4f-c3e0845cabf5-groupManagement] INFO  server.RaftServerConfigKeys (ConfUtils.java:logGet(46)) - raft.server.log.statemachine.data.read.timeout = 1000ms (default)
2023-07-06 10:48:16,081 [5a53f96e-bd62-406a-bc4f-c3e0845cabf5-groupManagement] INFO  server.RaftServerConfigKeys (ConfUtils.java:logGet(46)) - raft.server.log.purge.preservation.log.num = 0 (default)
2023-07-06 10:48:16,081 [5a53f96e-bd62-406a-bc4f-c3e0845cabf5-groupManagement] INFO  server.RaftServerConfigKeys (ConfUtils.java:logGet(46)) - raft.server.log.segment.size.max = 1048576 (custom)
2023-07-06 10:48:16,082 [5a53f96e-bd62-406a-bc4f-c3e0845cabf5-groupManagement] INFO  server.RaftServerConfigKeys (ConfUtils.java:logGet(46)) - raft.server.log.segment.cache.num.max = 2 (custom)
2023-07-06 10:48:16,083 [EventQueue-PipelineReportForPipelineReportHandler] INFO  pipeline.PipelineReportHandler (PipelineReportHandler.java:processPipelineReport(136)) - Opened pipeline PipelineID=c6092d7d-cd6b-4ee1-84ad-23b161878f94
2023-07-06 10:48:16,083 [EventQueue-OpenPipelineForHealthyPipelineSafeModeRule] INFO  safemode.SCMSafeModeManager (HealthyPipelineSafeModeRule.java:process(137)) - SCM in safe mode. Healthy pipelines reported count is 0, required healthy pipeline reported count is 1
2023-07-06 10:48:16,083 [5a53f96e-bd62-406a-bc4f-c3e0845cabf5-groupManagement] INFO  server.RaftServerConfigKeys (ConfUtils.java:logGet(46)) - raft.server.log.segment.cache.size.max = 200MB (=209715200) (default)
2023-07-06 10:48:16,083 [5a53f96e-bd62-406a-bc4f-c3e0845cabf5-groupManagement] INFO  server.RaftServerConfigKeys (ConfUtils.java:logGet(46)) - raft.server.log.appender.buffer.byte-limit = 33554432 (custom)
2023-07-06 10:48:16,083 [5a53f96e-bd62-406a-bc4f-c3e0845cabf5-groupManagement] INFO  segmented.SegmentedRaftLogWorker (SegmentedRaftLogWorker.java:<init>(188)) - new 5a53f96e-bd62-406a-bc4f-c3e0845cabf5@group-23B161878F94-SegmentedRaftLogWorker for RaftStorageImpl:Storage Directory /home/runner/work/ozone/ozone/hadoop-ozone/integration-test/target/test-dir/MiniOzoneClusterImpl-8ecce792-0b29-40a4-bcd2-9922915e3450/datanode-5/data/ratis/c6092d7d-cd6b-4ee1-84ad-23b161878f94
2023-07-06 10:48:16,084 [5a53f96e-bd62-406a-bc4f-c3e0845cabf5-groupManagement] INFO  server.RaftServerConfigKeys (ConfUtils.java:logGet(46)) - raft.server.log.queue.byte-limit = 4294967296 (custom)
2023-07-06 10:48:16,084 [5a53f96e-bd62-406a-bc4f-c3e0845cabf5-groupManagement] INFO  server.RaftServerConfigKeys (ConfUtils.java:logGet(46)) - raft.server.log.queue.element-limit = 1024 (custom)
2023-07-06 10:48:16,084 [5a53f96e-bd62-406a-bc4f-c3e0845cabf5-groupManagement] INFO  server.RaftServerConfigKeys (ConfUtils.java:logGet(46)) - raft.server.log.segment.size.max = 1048576 (custom)
2023-07-06 10:48:16,084 [5a53f96e-bd62-406a-bc4f-c3e0845cabf5-groupManagement] INFO  server.RaftServerConfigKeys (ConfUtils.java:logGet(46)) - raft.server.log.preallocated.size = 16384 (custom)
2023-07-06 10:48:16,084 [5a53f96e-bd62-406a-bc4f-c3e0845cabf5-groupManagement] INFO  server.RaftServerConfigKeys (ConfUtils.java:logGet(46)) - raft.server.log.force.sync.num = 128 (default)
2023-07-06 10:48:16,084 [5a53f96e-bd62-406a-bc4f-c3e0845cabf5-groupManagement] INFO  server.RaftServerConfigKeys (ConfUtils.java:logGet(46)) - raft.server.log.statemachine.data.sync = true (default)
2023-07-06 10:48:16,084 [5a53f96e-bd62-406a-bc4f-c3e0845cabf5-groupManagement] INFO  server.RaftServerConfigKeys (ConfUtils.java:logGet(46)) - raft.server.log.statemachine.data.sync.timeout = 10s (default)
2023-07-06 10:48:16,084 [5a53f96e-bd62-406a-bc4f-c3e0845cabf5-groupManagement] INFO  server.RaftServerConfigKeys (ConfUtils.java:logGet(46)) - raft.server.log.statemachine.data.sync.timeout.retry = -1 (default)
2023-07-06 10:48:16,085 [5a53f96e-bd62-406a-bc4f-c3e0845cabf5-groupManagement] INFO  server.RaftServerConfigKeys (ConfUtils.java:logGet(46)) - raft.server.log.write.buffer.size = 1048576 (custom)
2023-07-06 10:48:16,086 [5a53f96e-bd62-406a-bc4f-c3e0845cabf5-groupManagement] INFO  server.RaftServerConfigKeys (ConfUtils.java:logGet(46)) - raft.server.log.appender.buffer.byte-limit = 33554432 (custom)
2023-07-06 10:48:16,093 [5a53f96e-bd62-406a-bc4f-c3e0845cabf5-groupManagement] INFO  server.RaftServerConfigKeys (ConfUtils.java:logGet(46)) - raft.server.log.unsafe-flush.enabled = false (default)
2023-07-06 10:48:16,093 [5a53f96e-bd62-406a-bc4f-c3e0845cabf5-groupManagement] INFO  server.RaftServerConfigKeys (ConfUtils.java:logGet(46)) - raft.server.log.async-flush.enabled = false (default)
2023-07-06 10:48:16,093 [5a53f96e-bd62-406a-bc4f-c3e0845cabf5-groupManagement] INFO  server.RaftServerConfigKeys (ConfUtils.java:logGet(46)) - raft.server.log.statemachine.data.caching.enabled = true (custom)
2023-07-06 10:48:16,093 [5a53f96e-bd62-406a-bc4f-c3e0845cabf5-groupManagement] INFO  segmented.SegmentedRaftLogWorker (SegmentedRaftLogWorker.java:lambda$new$0(135)) - 5a53f96e-bd62-406a-bc4f-c3e0845cabf5@group-23B161878F94-SegmentedRaftLogWorker: flushIndex: setUnconditionally 0 -> -1
2023-07-06 10:48:16,093 [5a53f96e-bd62-406a-bc4f-c3e0845cabf5-groupManagement] INFO  segmented.SegmentedRaftLogWorker (SegmentedRaftLogWorker.java:lambda$new$0(135)) - 5a53f96e-bd62-406a-bc4f-c3e0845cabf5@group-23B161878F94-SegmentedRaftLogWorker: safeCacheEvictIndex: setUnconditionally 0 -> -1
2023-07-06 10:48:16,094 [5a53f96e-bd62-406a-bc4f-c3e0845cabf5-groupManagement] INFO  server.RaftServer$Division (RaftServerImpl.java:start(342)) - 5a53f96e-bd62-406a-bc4f-c3e0845cabf5@group-23B161878F94: start as a follower, conf=-1: peers:[5a53f96e-bd62-406a-bc4f-c3e0845cabf5|rpc:10.1.0.19:15059|admin:10.1.0.19:15058|client:10.1.0.19:15057|dataStream:10.1.0.19:15060|priority:1|startupRole:FOLLOWER]|listeners:[], old=null
2023-07-06 10:48:16,094 [5a53f96e-bd62-406a-bc4f-c3e0845cabf5-groupManagement] INFO  server.RaftServer$Division (RaftServerImpl.java:setRole(329)) - 5a53f96e-bd62-406a-bc4f-c3e0845cabf5@group-23B161878F94: changes role from      null to FOLLOWER at term 0 for startAsFollower
2023-07-06 10:48:16,094 [5a53f96e-bd62-406a-bc4f-c3e0845cabf5-groupManagement] INFO  impl.RoleInfo (RoleInfo.java:updateAndGet(139)) - 5a53f96e-bd62-406a-bc4f-c3e0845cabf5: start 5a53f96e-bd62-406a-bc4f-c3e0845cabf5@group-23B161878F94-FollowerState
2023-07-06 10:48:16,095 [5a53f96e-bd62-406a-bc4f-c3e0845cabf5-groupManagement] INFO  util.JmxRegister (JmxRegister.java:tryRegister(44)) - Successfully registered JMX Bean with object name Ratis:service=RaftServer,group=group-23B161878F94,id=5a53f96e-bd62-406a-bc4f-c3e0845cabf5
2023-07-06 10:48:16,095 [5a53f96e-bd62-406a-bc4f-c3e0845cabf5-groupManagement] INFO  server.RaftServerConfigKeys (ConfUtils.java:logGet(46)) - raft.server.snapshot.auto.trigger.enabled = true (custom)
2023-07-06 10:48:16,095 [5a53f96e-bd62-406a-bc4f-c3e0845cabf5-groupManagement] INFO  server.RaftServerConfigKeys (ConfUtils.java:logGet(46)) - raft.server.snapshot.auto.trigger.threshold = 10000 (custom)
2023-07-06 10:48:16,095 [5a53f96e-bd62-406a-bc4f-c3e0845cabf5-groupManagement] INFO  server.RaftServerConfigKeys (ConfUtils.java:logGet(46)) - raft.server.snapshot.retention.file.num = 5 (custom)
2023-07-06 10:48:16,095 [5a53f96e-bd62-406a-bc4f-c3e0845cabf5-groupManagement] INFO  server.RaftServerConfigKeys (ConfUtils.java:logGet(46)) - raft.server.log.purge.upto.snapshot.index = false (default)
2023-07-06 10:48:16,097 [5a53f96e-bd62-406a-bc4f-c3e0845cabf5@group-23B161878F94-FollowerState] INFO  server.RaftServerConfigKeys (ConfUtils.java:logFallback(53)) - raft.server.rpc.first-election.timeout.min = 5s (fallback to raft.server.rpc.timeout.min)
2023-07-06 10:48:16,097 [5a53f96e-bd62-406a-bc4f-c3e0845cabf5@group-23B161878F94-FollowerState] INFO  server.RaftServerConfigKeys (ConfUtils.java:logFallback(53)) - raft.server.rpc.first-election.timeout.max = 5200ms (fallback to raft.server.rpc.timeout.max)
2023-07-06 10:48:16,098 [PipelineCommandHandlerThread-0] INFO  ratis.XceiverServerRatis (XceiverServerRatis.java:addGroup(804)) - Created group PipelineID=c6092d7d-cd6b-4ee1-84ad-23b161878f94
2023-07-06 10:48:16,098 [PipelineCommandHandlerThread-0] INFO  commandhandler.CreatePipelineCommandHandler (CreatePipelineCommandHandler.java:lambda$handle$2(124)) - Created Pipeline RATIS ONE PipelineID=c6092d7d-cd6b-4ee1-84ad-23b161878f94.
2023-07-06 10:48:16,555 [PipelineCommandHandlerThread-0] INFO  server.RaftServer (RaftServerProxy.java:addNew(98)) - 2536bb46-c5d2-4252-aed1-a79348143fe8: addNew group-AF25AE18551F:[2536bb46-c5d2-4252-aed1-a79348143fe8|rpc:10.1.0.19:15068|admin:10.1.0.19:15067|client:10.1.0.19:15066|dataStream:10.1.0.19:15069|priority:1|startupRole:FOLLOWER] returns group-AF25AE18551F:java.util.concurrent.CompletableFuture@270a561a[Not completed]
2023-07-06 10:48:16,556 [2536bb46-c5d2-4252-aed1-a79348143fe8-groupManagement] INFO  server.RaftServer$Division (RaftServerImpl.java:<init>(198)) - 2536bb46-c5d2-4252-aed1-a79348143fe8: new RaftServerImpl for group-AF25AE18551F:[2536bb46-c5d2-4252-aed1-a79348143fe8|rpc:10.1.0.19:15068|admin:10.1.0.19:15067|client:10.1.0.19:15066|dataStream:10.1.0.19:15069|priority:1|startupRole:FOLLOWER] with ContainerStateMachine:uninitialized
2023-07-06 10:48:16,556 [2536bb46-c5d2-4252-aed1-a79348143fe8-groupManagement] INFO  server.RaftServerConfigKeys (ConfUtils.java:logGet(46)) - raft.server.rpc.timeout.min = 5s (custom)
2023-07-06 10:48:16,556 [2536bb46-c5d2-4252-aed1-a79348143fe8-groupManagement] INFO  server.RaftServerConfigKeys (ConfUtils.java:logGet(46)) - raft.server.rpc.timeout.max = 5200ms (custom)
2023-07-06 10:48:16,556 [2536bb46-c5d2-4252-aed1-a79348143fe8-groupManagement] INFO  server.RaftServerConfigKeys (ConfUtils.java:logGet(46)) - raft.server.rpc.sleep.time = 25ms (default)
2023-07-06 10:48:16,556 [2536bb46-c5d2-4252-aed1-a79348143fe8-groupManagement] INFO  server.RaftServerConfigKeys (ConfUtils.java:logGet(46)) - raft.server.rpc.slowness.timeout = 300s (custom)
2023-07-06 10:48:16,556 [2536bb46-c5d2-4252-aed1-a79348143fe8-groupManagement] INFO  server.RaftServerConfigKeys (ConfUtils.java:logGet(46)) - raft.server.leaderelection.leader.step-down.wait-time = 10s (default)
2023-07-06 10:48:16,557 [2536bb46-c5d2-4252-aed1-a79348143fe8-groupManagement] INFO  server.RaftServerConfigKeys (ConfUtils.java:logGet(46)) - raft.server.sleep.deviation.threshold = 300ms (default)
2023-07-06 10:48:16,557 [2536bb46-c5d2-4252-aed1-a79348143fe8-groupManagement] INFO  server.RaftServer$Division (ServerState.java:<init>(120)) - 2536bb46-c5d2-4252-aed1-a79348143fe8@group-AF25AE18551F: ConfigurationManager, init=-1: peers:[2536bb46-c5d2-4252-aed1-a79348143fe8|rpc:10.1.0.19:15068|admin:10.1.0.19:15067|client:10.1.0.19:15066|dataStream:10.1.0.19:15069|priority:1|startupRole:FOLLOWER]|listeners:[], old=null, confs=<EMPTY_MAP>
2023-07-06 10:48:16,557 [2536bb46-c5d2-4252-aed1-a79348143fe8-groupManagement] INFO  server.RaftServerConfigKeys (ConfUtils.java:logGet(46)) - raft.server.storage.dir = [/home/runner/work/ozone/ozone/hadoop-ozone/integration-test/target/test-dir/MiniOzoneClusterImpl-8ecce792-0b29-40a4-bcd2-9922915e3450/datanode-6/data/ratis] (custom)
2023-07-06 10:48:16,557 [2536bb46-c5d2-4252-aed1-a79348143fe8-groupManagement] INFO  server.RaftServerConfigKeys (ConfUtils.java:logGet(46)) - raft.server.log.corruption.policy = EXCEPTION (default)
2023-07-06 10:48:16,557 [2536bb46-c5d2-4252-aed1-a79348143fe8-groupManagement] INFO  server.RaftServerConfigKeys (ConfUtils.java:logGet(46)) - raft.server.storage.free-space.min = 0MB (=0) (default)
2023-07-06 10:48:16,557 [2536bb46-c5d2-4252-aed1-a79348143fe8-groupManagement] INFO  server.RaftServerConfigKeys (ConfUtils.java:logGet(46)) - raft.server.notification.no-leader.timeout = 300s (custom)
2023-07-06 10:48:16,557 [2536bb46-c5d2-4252-aed1-a79348143fe8-groupManagement] INFO  server.RaftServerConfigKeys (ConfUtils.java:logGet(46)) - raft.server.read.timeout = 10s (default)
2023-07-06 10:48:16,557 [2536bb46-c5d2-4252-aed1-a79348143fe8-groupManagement] INFO  server.RaftServerConfigKeys (ConfUtils.java:logGet(46)) - raft.server.retrycache.expirytime = 600000ms (custom)
2023-07-06 10:48:16,557 [2536bb46-c5d2-4252-aed1-a79348143fe8-groupManagement] INFO  server.RaftServerConfigKeys (ConfUtils.java:logGet(46)) - raft.server.retrycache.statistics.expirytime = 100μs (default)
2023-07-06 10:48:16,558 [2536bb46-c5d2-4252-aed1-a79348143fe8-groupManagement] INFO  server.RaftServerConfigKeys (ConfUtils.java:logGet(46)) - raft.server.read.option = DEFAULT (default)
2023-07-06 10:48:16,560 [2536bb46-c5d2-4252-aed1-a79348143fe8-groupManagement] INFO  server.RaftServerConfigKeys (ConfUtils.java:logGet(46)) - raft.server.rpc.request.timeout = 60s (custom)
2023-07-06 10:48:16,560 [2536bb46-c5d2-4252-aed1-a79348143fe8-groupManagement] INFO  server.RaftServerConfigKeys (ConfUtils.java:logGet(46)) - raft.server.log.appender.install.snapshot.enabled = false (custom)
2023-07-06 10:48:16,560 [2536bb46-c5d2-4252-aed1-a79348143fe8-groupManagement] INFO  server.RaftServerConfigKeys (ConfUtils.java:logGet(46)) - raft.server.threadpool.server.cached = true (default)
2023-07-06 10:48:16,560 [2536bb46-c5d2-4252-aed1-a79348143fe8-groupManagement] INFO  server.RaftServerConfigKeys (ConfUtils.java:logGet(46)) - raft.server.threadpool.server.size = 0 (default)
2023-07-06 10:48:16,560 [2536bb46-c5d2-4252-aed1-a79348143fe8-groupManagement] INFO  server.RaftServerConfigKeys (ConfUtils.java:logGet(46)) - raft.server.threadpool.client.cached = true (default)
2023-07-06 10:48:16,560 [2536bb46-c5d2-4252-aed1-a79348143fe8-groupManagement] INFO  server.RaftServerConfigKeys (ConfUtils.java:logGet(46)) - raft.server.threadpool.client.size = 0 (default)
2023-07-06 10:48:16,561 [2536bb46-c5d2-4252-aed1-a79348143fe8-groupManagement] INFO  storage.RaftStorageDirectory (RaftStorageDirectoryImpl.java:analyzeStorage(137)) - The storage directory /home/runner/work/ozone/ozone/hadoop-ozone/integration-test/target/test-dir/MiniOzoneClusterImpl-8ecce792-0b29-40a4-bcd2-9922915e3450/datanode-6/data/ratis/1f027ad1-4cc7-482d-af06-af25ae18551f does not exist. Creating ...
2023-07-06 10:48:16,562 [2536bb46-c5d2-4252-aed1-a79348143fe8-groupManagement] INFO  storage.RaftStorageDirectory (RaftStorageDirectoryImpl.java:tryLock(231)) - Lock on /home/runner/work/ozone/ozone/hadoop-ozone/integration-test/target/test-dir/MiniOzoneClusterImpl-8ecce792-0b29-40a4-bcd2-9922915e3450/datanode-6/data/ratis/1f027ad1-4cc7-482d-af06-af25ae18551f/in_use.lock acquired by nodename 110287@fv-az137-100
2023-07-06 10:48:16,564 [2536bb46-c5d2-4252-aed1-a79348143fe8-groupManagement] INFO  storage.RaftStorage (RaftStorageImpl.java:format(96)) - Storage directory /home/runner/work/ozone/ozone/hadoop-ozone/integration-test/target/test-dir/MiniOzoneClusterImpl-8ecce792-0b29-40a4-bcd2-9922915e3450/datanode-6/data/ratis/1f027ad1-4cc7-482d-af06-af25ae18551f has been successfully formatted.
2023-07-06 10:48:16,565 [2536bb46-c5d2-4252-aed1-a79348143fe8-groupManagement] INFO  ratis.ContainerStateMachine (ContainerStateMachine.java:loadSnapshot(262)) - group-AF25AE18551F: The snapshot info is null. Setting the last applied indexto:(t:0, i:~)
2023-07-06 10:48:16,565 [2536bb46-c5d2-4252-aed1-a79348143fe8-groupManagement] INFO  server.RaftServerConfigKeys (ConfUtils.java:logGet(46)) - raft.server.log.use.memory = false (default)
2023-07-06 10:48:16,565 [2536bb46-c5d2-4252-aed1-a79348143fe8-groupManagement] INFO  server.RaftServerConfigKeys (ConfUtils.java:logGet(46)) - raft.server.log.purge.gap = 1000000 (custom)
2023-07-06 10:48:16,565 [2536bb46-c5d2-4252-aed1-a79348143fe8-groupManagement] INFO  server.RaftServerConfigKeys (ConfUtils.java:logGet(46)) - raft.server.log.appender.buffer.byte-limit = 33554432 (custom)
2023-07-06 10:48:16,565 [2536bb46-c5d2-4252-aed1-a79348143fe8-groupManagement] INFO  server.RaftServerConfigKeys (ConfUtils.java:logGet(46)) - raft.server.log.statemachine.data.read.timeout = 1000ms (default)
2023-07-06 10:48:16,566 [2536bb46-c5d2-4252-aed1-a79348143fe8-groupManagement] INFO  server.RaftServerConfigKeys (ConfUtils.java:logGet(46)) - raft.server.log.purge.preservation.log.num = 0 (default)
2023-07-06 10:48:16,566 [2536bb46-c5d2-4252-aed1-a79348143fe8-groupManagement] INFO  server.RaftServerConfigKeys (ConfUtils.java:logGet(46)) - raft.server.log.segment.size.max = 1048576 (custom)
2023-07-06 10:48:16,566 [2536bb46-c5d2-4252-aed1-a79348143fe8-groupManagement] INFO  server.RaftServerConfigKeys (ConfUtils.java:logGet(46)) - raft.server.log.segment.cache.num.max = 2 (custom)
2023-07-06 10:48:16,566 [2536bb46-c5d2-4252-aed1-a79348143fe8-groupManagement] INFO  server.RaftServerConfigKeys (ConfUtils.java:logGet(46)) - raft.server.log.segment.cache.size.max = 200MB (=209715200) (default)
2023-07-06 10:48:16,567 [2536bb46-c5d2-4252-aed1-a79348143fe8-groupManagement] INFO  server.RaftServerConfigKeys (ConfUtils.java:logGet(46)) - raft.server.log.appender.buffer.byte-limit = 33554432 (custom)
2023-07-06 10:48:16,567 [2536bb46-c5d2-4252-aed1-a79348143fe8-groupManagement] INFO  segmented.SegmentedRaftLogWorker (SegmentedRaftLogWorker.java:<init>(188)) - new 2536bb46-c5d2-4252-aed1-a79348143fe8@group-AF25AE18551F-SegmentedRaftLogWorker for RaftStorageImpl:Storage Directory /home/runner/work/ozone/ozone/hadoop-ozone/integration-test/target/test-dir/MiniOzoneClusterImpl-8ecce792-0b29-40a4-bcd2-9922915e3450/datanode-6/data/ratis/1f027ad1-4cc7-482d-af06-af25ae18551f
2023-07-06 10:48:16,567 [2536bb46-c5d2-4252-aed1-a79348143fe8-groupManagement] INFO  server.RaftServerConfigKeys (ConfUtils.java:logGet(46)) - raft.server.log.queue.byte-limit = 4294967296 (custom)
2023-07-06 10:48:16,567 [2536bb46-c5d2-4252-aed1-a79348143fe8-groupManagement] INFO  server.RaftServerConfigKeys (ConfUtils.java:logGet(46)) - raft.server.log.queue.element-limit = 1024 (custom)
2023-07-06 10:48:16,567 [2536bb46-c5d2-4252-aed1-a79348143fe8-groupManagement] INFO  server.RaftServerConfigKeys (ConfUtils.java:logGet(46)) - raft.server.log.segment.size.max = 1048576 (custom)
2023-07-06 10:48:16,567 [2536bb46-c5d2-4252-aed1-a79348143fe8-groupManagement] INFO  server.RaftServerConfigKeys (ConfUtils.java:logGet(46)) - raft.server.log.preallocated.size = 16384 (custom)
2023-07-06 10:48:16,567 [2536bb46-c5d2-4252-aed1-a79348143fe8-groupManagement] INFO  server.RaftServerConfigKeys (ConfUtils.java:logGet(46)) - raft.server.log.force.sync.num = 128 (default)
2023-07-06 10:48:16,567 [2536bb46-c5d2-4252-aed1-a79348143fe8-groupManagement] INFO  server.RaftServerConfigKeys (ConfUtils.java:logGet(46)) - raft.server.log.statemachine.data.sync = true (default)
2023-07-06 10:48:16,567 [2536bb46-c5d2-4252-aed1-a79348143fe8-groupManagement] INFO  server.RaftServerConfigKeys (ConfUtils.java:logGet(46)) - raft.server.log.statemachine.data.sync.timeout = 10s (default)
2023-07-06 10:48:16,567 [2536bb46-c5d2-4252-aed1-a79348143fe8-groupManagement] INFO  server.RaftServerConfigKeys (ConfUtils.java:logGet(46)) - raft.server.log.statemachine.data.sync.timeout.retry = -1 (default)
2023-07-06 10:48:16,568 [EventQueue-PipelineReportForPipelineReportHandler] INFO  pipeline.PipelineReportHandler (PipelineReportHandler.java:processPipelineReport(136)) - Opened pipeline PipelineID=1f027ad1-4cc7-482d-af06-af25ae18551f
2023-07-06 10:48:16,568 [EventQueue-OpenPipelineForHealthyPipelineSafeModeRule] INFO  safemode.SCMSafeModeManager (HealthyPipelineSafeModeRule.java:process(137)) - SCM in safe mode. Healthy pipelines reported count is 0, required healthy pipeline reported count is 1
2023-07-06 10:48:16,568 [2536bb46-c5d2-4252-aed1-a79348143fe8-groupManagement] INFO  server.RaftServerConfigKeys (ConfUtils.java:logGet(46)) - raft.server.log.write.buffer.size = 1048576 (custom)
2023-07-06 10:48:16,569 [2536bb46-c5d2-4252-aed1-a79348143fe8-groupManagement] INFO  server.RaftServerConfigKeys (ConfUtils.java:logGet(46)) - raft.server.log.appender.buffer.byte-limit = 33554432 (custom)
2023-07-06 10:48:16,576 [2536bb46-c5d2-4252-aed1-a79348143fe8-groupManagement] INFO  server.RaftServerConfigKeys (ConfUtils.java:logGet(46)) - raft.server.log.unsafe-flush.enabled = false (default)
2023-07-06 10:48:16,576 [2536bb46-c5d2-4252-aed1-a79348143fe8-groupManagement] INFO  server.RaftServerConfigKeys (ConfUtils.java:logGet(46)) - raft.server.log.async-flush.enabled = false (default)
2023-07-06 10:48:16,576 [2536bb46-c5d2-4252-aed1-a79348143fe8-groupManagement] INFO  server.RaftServerConfigKeys (ConfUtils.java:logGet(46)) - raft.server.log.statemachine.data.caching.enabled = true (custom)
2023-07-06 10:48:16,576 [2536bb46-c5d2-4252-aed1-a79348143fe8-groupManagement] INFO  segmented.SegmentedRaftLogWorker (SegmentedRaftLogWorker.java:lambda$new$0(135)) - 2536bb46-c5d2-4252-aed1-a79348143fe8@group-AF25AE18551F-SegmentedRaftLogWorker: flushIndex: setUnconditionally 0 -> -1
2023-07-06 10:48:16,576 [2536bb46-c5d2-4252-aed1-a79348143fe8-groupManagement] INFO  segmented.SegmentedRaftLogWorker (SegmentedRaftLogWorker.java:lambda$new$0(135)) - 2536bb46-c5d2-4252-aed1-a79348143fe8@group-AF25AE18551F-SegmentedRaftLogWorker: safeCacheEvictIndex: setUnconditionally 0 -> -1
2023-07-06 10:48:16,577 [2536bb46-c5d2-4252-aed1-a79348143fe8-groupManagement] INFO  server.RaftServer$Division (RaftServerImpl.java:start(342)) - 2536bb46-c5d2-4252-aed1-a79348143fe8@group-AF25AE18551F: start as a follower, conf=-1: peers:[2536bb46-c5d2-4252-aed1-a79348143fe8|rpc:10.1.0.19:15068|admin:10.1.0.19:15067|client:10.1.0.19:15066|dataStream:10.1.0.19:15069|priority:1|startupRole:FOLLOWER]|listeners:[], old=null
2023-07-06 10:48:16,577 [2536bb46-c5d2-4252-aed1-a79348143fe8-groupManagement] INFO  server.RaftServer$Division (RaftServerImpl.java:setRole(329)) - 2536bb46-c5d2-4252-aed1-a79348143fe8@group-AF25AE18551F: changes role from      null to FOLLOWER at term 0 for startAsFollower
2023-07-06 10:48:16,577 [2536bb46-c5d2-4252-aed1-a79348143fe8-groupManagement] INFO  impl.RoleInfo (RoleInfo.java:updateAndGet(139)) - 2536bb46-c5d2-4252-aed1-a79348143fe8: start 2536bb46-c5d2-4252-aed1-a79348143fe8@group-AF25AE18551F-FollowerState
2023-07-06 10:48:16,582 [2536bb46-c5d2-4252-aed1-a79348143fe8@group-AF25AE18551F-FollowerState] INFO  server.RaftServerConfigKeys (ConfUtils.java:logFallback(53)) - raft.server.rpc.first-election.timeout.min = 5s (fallback to raft.server.rpc.timeout.min)
2023-07-06 10:48:16,582 [2536bb46-c5d2-4252-aed1-a79348143fe8@group-AF25AE18551F-FollowerState] INFO  server.RaftServerConfigKeys (ConfUtils.java:logFallback(53)) - raft.server.rpc.first-election.timeout.max = 5200ms (fallback to raft.server.rpc.timeout.max)
2023-07-06 10:48:16,584 [2536bb46-c5d2-4252-aed1-a79348143fe8-groupManagement] INFO  util.JmxRegister (JmxRegister.java:tryRegister(44)) - Successfully registered JMX Bean with object name Ratis:service=RaftServer,group=group-AF25AE18551F,id=2536bb46-c5d2-4252-aed1-a79348143fe8
2023-07-06 10:48:16,584 [2536bb46-c5d2-4252-aed1-a79348143fe8-groupManagement] INFO  server.RaftServerConfigKeys (ConfUtils.java:logGet(46)) - raft.server.snapshot.auto.trigger.enabled = true (custom)
2023-07-06 10:48:16,584 [2536bb46-c5d2-4252-aed1-a79348143fe8-groupManagement] INFO  server.RaftServerConfigKeys (ConfUtils.java:logGet(46)) - raft.server.snapshot.auto.trigger.threshold = 10000 (custom)
2023-07-06 10:48:16,585 [2536bb46-c5d2-4252-aed1-a79348143fe8-groupManagement] INFO  server.RaftServerConfigKeys (ConfUtils.java:logGet(46)) - raft.server.snapshot.retention.file.num = 5 (custom)
2023-07-06 10:48:16,585 [2536bb46-c5d2-4252-aed1-a79348143fe8-groupManagement] INFO  server.RaftServerConfigKeys (ConfUtils.java:logGet(46)) - raft.server.log.purge.upto.snapshot.index = false (default)
2023-07-06 10:48:16,586 [PipelineCommandHandlerThread-0] INFO  ratis.XceiverServerRatis (XceiverServerRatis.java:addGroup(804)) - Created group PipelineID=1f027ad1-4cc7-482d-af06-af25ae18551f
2023-07-06 10:48:16,586 [PipelineCommandHandlerThread-0] INFO  commandhandler.CreatePipelineCommandHandler (CreatePipelineCommandHandler.java:lambda$handle$2(124)) - Created Pipeline RATIS ONE PipelineID=1f027ad1-4cc7-482d-af06-af25ae18551f.
2023-07-06 10:48:16,586 [PipelineCommandHandlerThread-0] INFO  server.RaftServer (RaftServerProxy.java:addNew(98)) - 2536bb46-c5d2-4252-aed1-a79348143fe8: addNew group-744E734AE1C7:[30003da1-a7bf-44b2-b897-92f161ae05e1|rpc:10.1.0.19:15086|admin:10.1.0.19:15085|client:10.1.0.19:15084|dataStream:10.1.0.19:15087|priority:1|startupRole:FOLLOWER, 2536bb46-c5d2-4252-aed1-a79348143fe8|rpc:10.1.0.19:15068|admin:10.1.0.19:15067|client:10.1.0.19:15066|dataStream:10.1.0.19:15069|priority:0|startupRole:FOLLOWER, afdb1d22-58a1-4785-9bfd-1bd49c8784e6|rpc:10.1.0.19:15077|admin:10.1.0.19:15076|client:10.1.0.19:15075|dataStream:10.1.0.19:15078|priority:0|startupRole:FOLLOWER] returns group-744E734AE1C7:java.util.concurrent.CompletableFuture@2335d623[Not completed]
2023-07-06 10:48:16,588 [2536bb46-c5d2-4252-aed1-a79348143fe8-groupManagement] INFO  server.RaftServer$Division (RaftServerImpl.java:<init>(198)) - 2536bb46-c5d2-4252-aed1-a79348143fe8: new RaftServerImpl for group-744E734AE1C7:[30003da1-a7bf-44b2-b897-92f161ae05e1|rpc:10.1.0.19:15086|admin:10.1.0.19:15085|client:10.1.0.19:15084|dataStream:10.1.0.19:15087|priority:1|startupRole:FOLLOWER, 2536bb46-c5d2-4252-aed1-a79348143fe8|rpc:10.1.0.19:15068|admin:10.1.0.19:15067|client:10.1.0.19:15066|dataStream:10.1.0.19:15069|priority:0|startupRole:FOLLOWER, afdb1d22-58a1-4785-9bfd-1bd49c8784e6|rpc:10.1.0.19:15077|admin:10.1.0.19:15076|client:10.1.0.19:15075|dataStream:10.1.0.19:15078|priority:0|startupRole:FOLLOWER] with ContainerStateMachine:uninitialized
2023-07-06 10:48:16,588 [2536bb46-c5d2-4252-aed1-a79348143fe8-groupManagement] INFO  server.RaftServerConfigKeys (ConfUtils.java:logGet(46)) - raft.server.rpc.timeout.min = 5s (custom)
2023-07-06 10:48:16,588 [2536bb46-c5d2-4252-aed1-a79348143fe8-groupManagement] INFO  server.RaftServerConfigKeys (ConfUtils.java:logGet(46)) - raft.server.rpc.timeout.max = 5200ms (custom)
2023-07-06 10:48:16,588 [2536bb46-c5d2-4252-aed1-a79348143fe8-groupManagement] INFO  server.RaftServerConfigKeys (ConfUtils.java:logGet(46)) - raft.server.rpc.sleep.time = 25ms (default)
2023-07-06 10:48:16,588 [2536bb46-c5d2-4252-aed1-a79348143fe8-groupManagement] INFO  server.RaftServerConfigKeys (ConfUtils.java:logGet(46)) - raft.server.rpc.slowness.timeout = 300s (custom)
2023-07-06 10:48:16,588 [2536bb46-c5d2-4252-aed1-a79348143fe8-groupManagement] INFO  server.RaftServerConfigKeys (ConfUtils.java:logGet(46)) - raft.server.leaderelection.leader.step-down.wait-time = 10s (default)
2023-07-06 10:48:16,588 [2536bb46-c5d2-4252-aed1-a79348143fe8-groupManagement] INFO  server.RaftServerConfigKeys (ConfUtils.java:logGet(46)) - raft.server.sleep.deviation.threshold = 300ms (default)
2023-07-06 10:48:16,588 [2536bb46-c5d2-4252-aed1-a79348143fe8-groupManagement] INFO  server.RaftServer$Division (ServerState.java:<init>(120)) - 2536bb46-c5d2-4252-aed1-a79348143fe8@group-744E734AE1C7: ConfigurationManager, init=-1: peers:[30003da1-a7bf-44b2-b897-92f161ae05e1|rpc:10.1.0.19:15086|admin:10.1.0.19:15085|client:10.1.0.19:15084|dataStream:10.1.0.19:15087|priority:1|startupRole:FOLLOWER, 2536bb46-c5d2-4252-aed1-a79348143fe8|rpc:10.1.0.19:15068|admin:10.1.0.19:15067|client:10.1.0.19:15066|dataStream:10.1.0.19:15069|priority:0|startupRole:FOLLOWER, afdb1d22-58a1-4785-9bfd-1bd49c8784e6|rpc:10.1.0.19:15077|admin:10.1.0.19:15076|client:10.1.0.19:15075|dataStream:10.1.0.19:15078|priority:0|startupRole:FOLLOWER]|listeners:[], old=null, confs=<EMPTY_MAP>
2023-07-06 10:48:16,588 [2536bb46-c5d2-4252-aed1-a79348143fe8-groupManagement] INFO  server.RaftServerConfigKeys (ConfUtils.java:logGet(46)) - raft.server.storage.dir = [/home/runner/work/ozone/ozone/hadoop-ozone/integration-test/target/test-dir/MiniOzoneClusterImpl-8ecce792-0b29-40a4-bcd2-9922915e3450/datanode-6/data/ratis] (custom)
2023-07-06 10:48:16,589 [2536bb46-c5d2-4252-aed1-a79348143fe8-groupManagement] INFO  server.RaftServerConfigKeys (ConfUtils.java:logGet(46)) - raft.server.log.corruption.policy = EXCEPTION (default)
2023-07-06 10:48:16,589 [2536bb46-c5d2-4252-aed1-a79348143fe8-groupManagement] INFO  server.RaftServerConfigKeys (ConfUtils.java:logGet(46)) - raft.server.storage.free-space.min = 0MB (=0) (default)
2023-07-06 10:48:16,589 [2536bb46-c5d2-4252-aed1-a79348143fe8-groupManagement] INFO  server.RaftServerConfigKeys (ConfUtils.java:logGet(46)) - raft.server.notification.no-leader.timeout = 300s (custom)
2023-07-06 10:48:16,589 [2536bb46-c5d2-4252-aed1-a79348143fe8-groupManagement] INFO  server.RaftServerConfigKeys (ConfUtils.java:logGet(46)) - raft.server.read.timeout = 10s (default)
2023-07-06 10:48:16,589 [2536bb46-c5d2-4252-aed1-a79348143fe8-groupManagement] INFO  server.RaftServerConfigKeys (ConfUtils.java:logGet(46)) - raft.server.retrycache.expirytime = 600000ms (custom)
2023-07-06 10:48:16,589 [2536bb46-c5d2-4252-aed1-a79348143fe8-groupManagement] INFO  server.RaftServerConfigKeys (ConfUtils.java:logGet(46)) - raft.server.retrycache.statistics.expirytime = 100μs (default)
2023-07-06 10:48:16,589 [2536bb46-c5d2-4252-aed1-a79348143fe8-groupManagement] INFO  server.RaftServerConfigKeys (ConfUtils.java:logGet(46)) - raft.server.read.option = DEFAULT (default)
2023-07-06 10:48:16,593 [2536bb46-c5d2-4252-aed1-a79348143fe8-groupManagement] INFO  server.RaftServerConfigKeys (ConfUtils.java:logGet(46)) - raft.server.rpc.request.timeout = 60s (custom)
2023-07-06 10:48:16,593 [2536bb46-c5d2-4252-aed1-a79348143fe8-groupManagement] INFO  server.RaftServerConfigKeys (ConfUtils.java:logGet(46)) - raft.server.log.appender.install.snapshot.enabled = false (custom)
2023-07-06 10:48:16,593 [2536bb46-c5d2-4252-aed1-a79348143fe8-groupManagement] INFO  server.RaftServerConfigKeys (ConfUtils.java:logGet(46)) - raft.server.threadpool.server.cached = true (default)
2023-07-06 10:48:16,593 [2536bb46-c5d2-4252-aed1-a79348143fe8-groupManagement] INFO  server.RaftServerConfigKeys (ConfUtils.java:logGet(46)) - raft.server.threadpool.server.size = 0 (default)
2023-07-06 10:48:16,593 [2536bb46-c5d2-4252-aed1-a79348143fe8-groupManagement] INFO  server.RaftServerConfigKeys (ConfUtils.java:logGet(46)) - raft.server.threadpool.client.cached = true (default)
2023-07-06 10:48:16,593 [2536bb46-c5d2-4252-aed1-a79348143fe8-groupManagement] INFO  server.RaftServerConfigKeys (ConfUtils.java:logGet(46)) - raft.server.threadpool.client.size = 0 (default)
2023-07-06 10:48:16,593 [2536bb46-c5d2-4252-aed1-a79348143fe8-groupManagement] INFO  storage.RaftStorageDirectory (RaftStorageDirectoryImpl.java:analyzeStorage(137)) - The storage directory /home/runner/work/ozone/ozone/hadoop-ozone/integration-test/target/test-dir/MiniOzoneClusterImpl-8ecce792-0b29-40a4-bcd2-9922915e3450/datanode-6/data/ratis/4d64190f-4f00-4c76-8d10-744e734ae1c7 does not exist. Creating ...
2023-07-06 10:48:16,596 [2536bb46-c5d2-4252-aed1-a79348143fe8-groupManagement] INFO  storage.RaftStorageDirectory (RaftStorageDirectoryImpl.java:tryLock(231)) - Lock on /home/runner/work/ozone/ozone/hadoop-ozone/integration-test/target/test-dir/MiniOzoneClusterImpl-8ecce792-0b29-40a4-bcd2-9922915e3450/datanode-6/data/ratis/4d64190f-4f00-4c76-8d10-744e734ae1c7/in_use.lock acquired by nodename 110287@fv-az137-100
2023-07-06 10:48:16,598 [2536bb46-c5d2-4252-aed1-a79348143fe8-groupManagement] INFO  storage.RaftStorage (RaftStorageImpl.java:format(96)) - Storage directory /home/runner/work/ozone/ozone/hadoop-ozone/integration-test/target/test-dir/MiniOzoneClusterImpl-8ecce792-0b29-40a4-bcd2-9922915e3450/datanode-6/data/ratis/4d64190f-4f00-4c76-8d10-744e734ae1c7 has been successfully formatted.
2023-07-06 10:48:16,598 [2536bb46-c5d2-4252-aed1-a79348143fe8-groupManagement] INFO  ratis.ContainerStateMachine (ContainerStateMachine.java:loadSnapshot(262)) - group-744E734AE1C7: The snapshot info is null. Setting the last applied indexto:(t:0, i:~)
2023-07-06 10:48:16,598 [2536bb46-c5d2-4252-aed1-a79348143fe8-groupManagement] INFO  server.RaftServerConfigKeys (ConfUtils.java:logGet(46)) - raft.server.log.use.memory = false (default)
2023-07-06 10:48:16,599 [2536bb46-c5d2-4252-aed1-a79348143fe8-groupManagement] INFO  server.RaftServerConfigKeys (ConfUtils.java:logGet(46)) - raft.server.log.purge.gap = 1000000 (custom)
2023-07-06 10:48:16,599 [2536bb46-c5d2-4252-aed1-a79348143fe8-groupManagement] INFO  server.RaftServerConfigKeys (ConfUtils.java:logGet(46)) - raft.server.log.appender.buffer.byte-limit = 33554432 (custom)
2023-07-06 10:48:16,599 [2536bb46-c5d2-4252-aed1-a79348143fe8-groupManagement] INFO  server.RaftServerConfigKeys (ConfUtils.java:logGet(46)) - raft.server.log.statemachine.data.read.timeout = 1000ms (default)
2023-07-06 10:48:16,599 [2536bb46-c5d2-4252-aed1-a79348143fe8-groupManagement] INFO  server.RaftServerConfigKeys (ConfUtils.java:logGet(46)) - raft.server.log.purge.preservation.log.num = 0 (default)
2023-07-06 10:48:16,599 [2536bb46-c5d2-4252-aed1-a79348143fe8-groupManagement] INFO  server.RaftServerConfigKeys (ConfUtils.java:logGet(46)) - raft.server.log.segment.size.max = 1048576 (custom)
2023-07-06 10:48:16,600 [2536bb46-c5d2-4252-aed1-a79348143fe8-groupManagement] INFO  server.RaftServerConfigKeys (ConfUtils.java:logGet(46)) - raft.server.log.segment.cache.num.max = 2 (custom)
2023-07-06 10:48:16,600 [2536bb46-c5d2-4252-aed1-a79348143fe8-groupManagement] INFO  server.RaftServerConfigKeys (ConfUtils.java:logGet(46)) - raft.server.log.segment.cache.size.max = 200MB (=209715200) (default)
2023-07-06 10:48:16,600 [2536bb46-c5d2-4252-aed1-a79348143fe8-groupManagement] INFO  server.RaftServerConfigKeys (ConfUtils.java:logGet(46)) - raft.server.log.appender.buffer.byte-limit = 33554432 (custom)
2023-07-06 10:48:16,600 [2536bb46-c5d2-4252-aed1-a79348143fe8-groupManagement] INFO  segmented.SegmentedRaftLogWorker (SegmentedRaftLogWorker.java:<init>(188)) - new 2536bb46-c5d2-4252-aed1-a79348143fe8@group-744E734AE1C7-SegmentedRaftLogWorker for RaftStorageImpl:Storage Directory /home/runner/work/ozone/ozone/hadoop-ozone/integration-test/target/test-dir/MiniOzoneClusterImpl-8ecce792-0b29-40a4-bcd2-9922915e3450/datanode-6/data/ratis/4d64190f-4f00-4c76-8d10-744e734ae1c7
2023-07-06 10:48:16,600 [2536bb46-c5d2-4252-aed1-a79348143fe8-groupManagement] INFO  server.RaftServerConfigKeys (ConfUtils.java:logGet(46)) - raft.server.log.queue.byte-limit = 4294967296 (custom)
2023-07-06 10:48:16,600 [2536bb46-c5d2-4252-aed1-a79348143fe8-groupManagement] INFO  server.RaftServerConfigKeys (ConfUtils.java:logGet(46)) - raft.server.log.queue.element-limit = 1024 (custom)
2023-07-06 10:48:16,600 [2536bb46-c5d2-4252-aed1-a79348143fe8-groupManagement] INFO  server.RaftServerConfigKeys (ConfUtils.java:logGet(46)) - raft.server.log.segment.size.max = 1048576 (custom)
2023-07-06 10:48:16,600 [2536bb46-c5d2-4252-aed1-a79348143fe8-groupManagement] INFO  server.RaftServerConfigKeys (ConfUtils.java:logGet(46)) - raft.server.log.preallocated.size = 16384 (custom)
2023-07-06 10:48:16,600 [2536bb46-c5d2-4252-aed1-a79348143fe8-groupManagement] INFO  server.RaftServerConfigKeys (ConfUtils.java:logGet(46)) - raft.server.log.force.sync.num = 128 (default)
2023-07-06 10:48:16,601 [2536bb46-c5d2-4252-aed1-a79348143fe8-groupManagement] INFO  server.RaftServerConfigKeys (ConfUtils.java:logGet(46)) - raft.server.log.statemachine.data.sync = true (default)
2023-07-06 10:48:16,601 [2536bb46-c5d2-4252-aed1-a79348143fe8-groupManagement] INFO  server.RaftServerConfigKeys (ConfUtils.java:logGet(46)) - raft.server.log.statemachine.data.sync.timeout = 10s (default)
2023-07-06 10:48:16,601 [2536bb46-c5d2-4252-aed1-a79348143fe8-groupManagement] INFO  server.RaftServerConfigKeys (ConfUtils.java:logGet(46)) - raft.server.log.statemachine.data.sync.timeout.retry = -1 (default)
2023-07-06 10:48:16,601 [EventQueue-OpenPipelineForHealthyPipelineSafeModeRule] INFO  safemode.SCMSafeModeManager (HealthyPipelineSafeModeRule.java:process(137)) - SCM in safe mode. Healthy pipelines reported count is 0, required healthy pipeline reported count is 1
2023-07-06 10:48:16,602 [2536bb46-c5d2-4252-aed1-a79348143fe8-groupManagement] INFO  server.RaftServerConfigKeys (ConfUtils.java:logGet(46)) - raft.server.log.write.buffer.size = 1048576 (custom)
2023-07-06 10:48:16,602 [2536bb46-c5d2-4252-aed1-a79348143fe8-groupManagement] INFO  server.RaftServerConfigKeys (ConfUtils.java:logGet(46)) - raft.server.log.appender.buffer.byte-limit = 33554432 (custom)
2023-07-06 10:48:16,609 [2536bb46-c5d2-4252-aed1-a79348143fe8-groupManagement] INFO  server.RaftServerConfigKeys (ConfUtils.java:logGet(46)) - raft.server.log.unsafe-flush.enabled = false (default)
2023-07-06 10:48:16,609 [2536bb46-c5d2-4252-aed1-a79348143fe8-groupManagement] INFO  server.RaftServerConfigKeys (ConfUtils.java:logGet(46)) - raft.server.log.async-flush.enabled = false (default)
2023-07-06 10:48:16,609 [2536bb46-c5d2-4252-aed1-a79348143fe8-groupManagement] INFO  server.RaftServerConfigKeys (ConfUtils.java:logGet(46)) - raft.server.log.statemachine.data.caching.enabled = true (custom)
2023-07-06 10:48:16,609 [2536bb46-c5d2-4252-aed1-a79348143fe8-groupManagement] INFO  segmented.SegmentedRaftLogWorker (SegmentedRaftLogWorker.java:lambda$new$0(135)) - 2536bb46-c5d2-4252-aed1-a79348143fe8@group-744E734AE1C7-SegmentedRaftLogWorker: flushIndex: setUnconditionally 0 -> -1
2023-07-06 10:48:16,609 [2536bb46-c5d2-4252-aed1-a79348143fe8-groupManagement] INFO  segmented.SegmentedRaftLogWorker (SegmentedRaftLogWorker.java:lambda$new$0(135)) - 2536bb46-c5d2-4252-aed1-a79348143fe8@group-744E734AE1C7-SegmentedRaftLogWorker: safeCacheEvictIndex: setUnconditionally 0 -> -1
2023-07-06 10:48:16,609 [2536bb46-c5d2-4252-aed1-a79348143fe8-groupManagement] INFO  server.RaftServer$Division (RaftServerImpl.java:start(342)) - 2536bb46-c5d2-4252-aed1-a79348143fe8@group-744E734AE1C7: start as a follower, conf=-1: peers:[30003da1-a7bf-44b2-b897-92f161ae05e1|rpc:10.1.0.19:15086|admin:10.1.0.19:15085|client:10.1.0.19:15084|dataStream:10.1.0.19:15087|priority:1|startupRole:FOLLOWER, 2536bb46-c5d2-4252-aed1-a79348143fe8|rpc:10.1.0.19:15068|admin:10.1.0.19:15067|client:10.1.0.19:15066|dataStream:10.1.0.19:15069|priority:0|startupRole:FOLLOWER, afdb1d22-58a1-4785-9bfd-1bd49c8784e6|rpc:10.1.0.19:15077|admin:10.1.0.19:15076|client:10.1.0.19:15075|dataStream:10.1.0.19:15078|priority:0|startupRole:FOLLOWER]|listeners:[], old=null
2023-07-06 10:48:16,610 [2536bb46-c5d2-4252-aed1-a79348143fe8-groupManagement] INFO  server.RaftServer$Division (RaftServerImpl.java:setRole(329)) - 2536bb46-c5d2-4252-aed1-a79348143fe8@group-744E734AE1C7: changes role from      null to FOLLOWER at term 0 for startAsFollower
2023-07-06 10:48:16,610 [2536bb46-c5d2-4252-aed1-a79348143fe8-groupManagement] INFO  impl.RoleInfo (RoleInfo.java:updateAndGet(139)) - 2536bb46-c5d2-4252-aed1-a79348143fe8: start 2536bb46-c5d2-4252-aed1-a79348143fe8@group-744E734AE1C7-FollowerState
2023-07-06 10:48:16,613 [2536bb46-c5d2-4252-aed1-a79348143fe8-groupManagement] INFO  util.JmxRegister (JmxRegister.java:tryRegister(44)) - Successfully registered JMX Bean with object name Ratis:service=RaftServer,group=group-744E734AE1C7,id=2536bb46-c5d2-4252-aed1-a79348143fe8
2023-07-06 10:48:16,613 [2536bb46-c5d2-4252-aed1-a79348143fe8-groupManagement] INFO  server.RaftServerConfigKeys (ConfUtils.java:logGet(46)) - raft.server.snapshot.auto.trigger.enabled = true (custom)
2023-07-06 10:48:16,613 [2536bb46-c5d2-4252-aed1-a79348143fe8-groupManagement] INFO  server.RaftServerConfigKeys (ConfUtils.java:logGet(46)) - raft.server.snapshot.auto.trigger.threshold = 10000 (custom)
2023-07-06 10:48:16,613 [2536bb46-c5d2-4252-aed1-a79348143fe8-groupManagement] INFO  server.RaftServerConfigKeys (ConfUtils.java:logGet(46)) - raft.server.snapshot.retention.file.num = 5 (custom)
2023-07-06 10:48:16,613 [2536bb46-c5d2-4252-aed1-a79348143fe8-groupManagement] INFO  server.RaftServerConfigKeys (ConfUtils.java:logGet(46)) - raft.server.log.purge.upto.snapshot.index = false (default)
2023-07-06 10:48:16,614 [2536bb46-c5d2-4252-aed1-a79348143fe8@group-744E734AE1C7-FollowerState] INFO  server.RaftServerConfigKeys (ConfUtils.java:logFallback(53)) - raft.server.rpc.first-election.timeout.min = 5s (fallback to raft.server.rpc.timeout.min)
2023-07-06 10:48:16,614 [2536bb46-c5d2-4252-aed1-a79348143fe8@group-744E734AE1C7-FollowerState] INFO  server.RaftServerConfigKeys (ConfUtils.java:logFallback(53)) - raft.server.rpc.first-election.timeout.max = 5200ms (fallback to raft.server.rpc.timeout.max)
2023-07-06 10:48:16,614 [PipelineCommandHandlerThread-0] INFO  ratis.XceiverServerRatis (XceiverServerRatis.java:addGroup(804)) - Created group PipelineID=4d64190f-4f00-4c76-8d10-744e734ae1c7
2023-07-06 10:48:16,629 [grpc-default-executor-0] INFO  server.RaftServer (RaftServerProxy.java:addNew(98)) - 30003da1-a7bf-44b2-b897-92f161ae05e1: addNew group-744E734AE1C7:[30003da1-a7bf-44b2-b897-92f161ae05e1|rpc:10.1.0.19:15086|admin:10.1.0.19:15085|client:10.1.0.19:15084|dataStream:10.1.0.19:15087|priority:1|startupRole:FOLLOWER, 2536bb46-c5d2-4252-aed1-a79348143fe8|rpc:10.1.0.19:15068|admin:10.1.0.19:15067|client:10.1.0.19:15066|dataStream:10.1.0.19:15069|priority:0|startupRole:FOLLOWER, afdb1d22-58a1-4785-9bfd-1bd49c8784e6|rpc:10.1.0.19:15077|admin:10.1.0.19:15076|client:10.1.0.19:15075|dataStream:10.1.0.19:15078|priority:0|startupRole:FOLLOWER] returns group-744E734AE1C7:java.util.concurrent.CompletableFuture@4c95298c[Not completed]
2023-07-06 10:48:16,631 [30003da1-a7bf-44b2-b897-92f161ae05e1-groupManagement] INFO  server.RaftServer$Division (RaftServerImpl.java:<init>(198)) - 30003da1-a7bf-44b2-b897-92f161ae05e1: new RaftServerImpl for group-744E734AE1C7:[30003da1-a7bf-44b2-b897-92f161ae05e1|rpc:10.1.0.19:15086|admin:10.1.0.19:15085|client:10.1.0.19:15084|dataStream:10.1.0.19:15087|priority:1|startupRole:FOLLOWER, 2536bb46-c5d2-4252-aed1-a79348143fe8|rpc:10.1.0.19:15068|admin:10.1.0.19:15067|client:10.1.0.19:15066|dataStream:10.1.0.19:15069|priority:0|startupRole:FOLLOWER, afdb1d22-58a1-4785-9bfd-1bd49c8784e6|rpc:10.1.0.19:15077|admin:10.1.0.19:15076|client:10.1.0.19:15075|dataStream:10.1.0.19:15078|priority:0|startupRole:FOLLOWER] with ContainerStateMachine:uninitialized
2023-07-06 10:48:16,631 [30003da1-a7bf-44b2-b897-92f161ae05e1-groupManagement] INFO  server.RaftServerConfigKeys (ConfUtils.java:logGet(46)) - raft.server.rpc.timeout.min = 5s (custom)
2023-07-06 10:48:16,631 [30003da1-a7bf-44b2-b897-92f161ae05e1-groupManagement] INFO  server.RaftServerConfigKeys (ConfUtils.java:logGet(46)) - raft.server.rpc.timeout.max = 5200ms (custom)
2023-07-06 10:48:16,631 [30003da1-a7bf-44b2-b897-92f161ae05e1-groupManagement] INFO  server.RaftServerConfigKeys (ConfUtils.java:logGet(46)) - raft.server.rpc.sleep.time = 25ms (default)
2023-07-06 10:48:16,631 [30003da1-a7bf-44b2-b897-92f161ae05e1-groupManagement] INFO  server.RaftServerConfigKeys (ConfUtils.java:logGet(46)) - raft.server.rpc.slowness.timeout = 300s (custom)
2023-07-06 10:48:16,631 [30003da1-a7bf-44b2-b897-92f161ae05e1-groupManagement] INFO  server.RaftServerConfigKeys (ConfUtils.java:logGet(46)) - raft.server.leaderelection.leader.step-down.wait-time = 10s (default)
2023-07-06 10:48:16,631 [30003da1-a7bf-44b2-b897-92f161ae05e1-groupManagement] INFO  server.RaftServerConfigKeys (ConfUtils.java:logGet(46)) - raft.server.sleep.deviation.threshold = 300ms (default)
2023-07-06 10:48:16,631 [30003da1-a7bf-44b2-b897-92f161ae05e1-groupManagement] INFO  server.RaftServer$Division (ServerState.java:<init>(120)) - 30003da1-a7bf-44b2-b897-92f161ae05e1@group-744E734AE1C7: ConfigurationManager, init=-1: peers:[30003da1-a7bf-44b2-b897-92f161ae05e1|rpc:10.1.0.19:15086|admin:10.1.0.19:15085|client:10.1.0.19:15084|dataStream:10.1.0.19:15087|priority:1|startupRole:FOLLOWER, 2536bb46-c5d2-4252-aed1-a79348143fe8|rpc:10.1.0.19:15068|admin:10.1.0.19:15067|client:10.1.0.19:15066|dataStream:10.1.0.19:15069|priority:0|startupRole:FOLLOWER, afdb1d22-58a1-4785-9bfd-1bd49c8784e6|rpc:10.1.0.19:15077|admin:10.1.0.19:15076|client:10.1.0.19:15075|dataStream:10.1.0.19:15078|priority:0|startupRole:FOLLOWER]|listeners:[], old=null, confs=<EMPTY_MAP>
2023-07-06 10:48:16,631 [30003da1-a7bf-44b2-b897-92f161ae05e1-groupManagement] INFO  server.RaftServerConfigKeys (ConfUtils.java:logGet(46)) - raft.server.storage.dir = [/home/runner/work/ozone/ozone/hadoop-ozone/integration-test/target/test-dir/MiniOzoneClusterImpl-8ecce792-0b29-40a4-bcd2-9922915e3450/datanode-8/data/ratis] (custom)
2023-07-06 10:48:16,631 [30003da1-a7bf-44b2-b897-92f161ae05e1-groupManagement] INFO  server.RaftServerConfigKeys (ConfUtils.java:logGet(46)) - raft.server.log.corruption.policy = EXCEPTION (default)
2023-07-06 10:48:16,631 [30003da1-a7bf-44b2-b897-92f161ae05e1-groupManagement] INFO  server.RaftServerConfigKeys (ConfUtils.java:logGet(46)) - raft.server.storage.free-space.min = 0MB (=0) (default)
2023-07-06 10:48:16,631 [30003da1-a7bf-44b2-b897-92f161ae05e1-groupManagement] INFO  server.RaftServerConfigKeys (ConfUtils.java:logGet(46)) - raft.server.notification.no-leader.timeout = 300s (custom)
2023-07-06 10:48:16,632 [30003da1-a7bf-44b2-b897-92f161ae05e1-groupManagement] INFO  server.RaftServerConfigKeys (ConfUtils.java:logGet(46)) - raft.server.read.timeout = 10s (default)
2023-07-06 10:48:16,632 [30003da1-a7bf-44b2-b897-92f161ae05e1-groupManagement] INFO  server.RaftServerConfigKeys (ConfUtils.java:logGet(46)) - raft.server.retrycache.expirytime = 600000ms (custom)
2023-07-06 10:48:16,632 [30003da1-a7bf-44b2-b897-92f161ae05e1-groupManagement] INFO  server.RaftServerConfigKeys (ConfUtils.java:logGet(46)) - raft.server.retrycache.statistics.expirytime = 100μs (default)
2023-07-06 10:48:16,632 [30003da1-a7bf-44b2-b897-92f161ae05e1-groupManagement] INFO  server.RaftServerConfigKeys (ConfUtils.java:logGet(46)) - raft.server.read.option = DEFAULT (default)
2023-07-06 10:48:16,634 [30003da1-a7bf-44b2-b897-92f161ae05e1-groupManagement] INFO  server.RaftServerConfigKeys (ConfUtils.java:logGet(46)) - raft.server.rpc.request.timeout = 60s (custom)
2023-07-06 10:48:16,634 [30003da1-a7bf-44b2-b897-92f161ae05e1-groupManagement] INFO  server.RaftServerConfigKeys (ConfUtils.java:logGet(46)) - raft.server.log.appender.install.snapshot.enabled = false (custom)
2023-07-06 10:48:16,634 [30003da1-a7bf-44b2-b897-92f161ae05e1-groupManagement] INFO  server.RaftServerConfigKeys (ConfUtils.java:logGet(46)) - raft.server.threadpool.server.cached = true (default)
2023-07-06 10:48:16,634 [30003da1-a7bf-44b2-b897-92f161ae05e1-groupManagement] INFO  server.RaftServerConfigKeys (ConfUtils.java:logGet(46)) - raft.server.threadpool.server.size = 0 (default)
2023-07-06 10:48:16,634 [30003da1-a7bf-44b2-b897-92f161ae05e1-groupManagement] INFO  server.RaftServerConfigKeys (ConfUtils.java:logGet(46)) - raft.server.threadpool.client.cached = true (default)
2023-07-06 10:48:16,634 [30003da1-a7bf-44b2-b897-92f161ae05e1-groupManagement] INFO  server.RaftServerConfigKeys (ConfUtils.java:logGet(46)) - raft.server.threadpool.client.size = 0 (default)
2023-07-06 10:48:16,634 [30003da1-a7bf-44b2-b897-92f161ae05e1-groupManagement] INFO  storage.RaftStorageDirectory (RaftStorageDirectoryImpl.java:analyzeStorage(137)) - The storage directory /home/runner/work/ozone/ozone/hadoop-ozone/integration-test/target/test-dir/MiniOzoneClusterImpl-8ecce792-0b29-40a4-bcd2-9922915e3450/datanode-8/data/ratis/4d64190f-4f00-4c76-8d10-744e734ae1c7 does not exist. Creating ...
2023-07-06 10:48:16,636 [30003da1-a7bf-44b2-b897-92f161ae05e1-groupManagement] INFO  storage.RaftStorageDirectory (RaftStorageDirectoryImpl.java:tryLock(231)) - Lock on /home/runner/work/ozone/ozone/hadoop-ozone/integration-test/target/test-dir/MiniOzoneClusterImpl-8ecce792-0b29-40a4-bcd2-9922915e3450/datanode-8/data/ratis/4d64190f-4f00-4c76-8d10-744e734ae1c7/in_use.lock acquired by nodename 110287@fv-az137-100
2023-07-06 10:48:16,638 [30003da1-a7bf-44b2-b897-92f161ae05e1-groupManagement] INFO  storage.RaftStorage (RaftStorageImpl.java:format(96)) - Storage directory /home/runner/work/ozone/ozone/hadoop-ozone/integration-test/target/test-dir/MiniOzoneClusterImpl-8ecce792-0b29-40a4-bcd2-9922915e3450/datanode-8/data/ratis/4d64190f-4f00-4c76-8d10-744e734ae1c7 has been successfully formatted.
2023-07-06 10:48:16,640 [30003da1-a7bf-44b2-b897-92f161ae05e1-groupManagement] INFO  ratis.ContainerStateMachine (ContainerStateMachine.java:loadSnapshot(262)) - group-744E734AE1C7: The snapshot info is null. Setting the last applied indexto:(t:0, i:~)
2023-07-06 10:48:16,640 [30003da1-a7bf-44b2-b897-92f161ae05e1-groupManagement] INFO  server.RaftServerConfigKeys (ConfUtils.java:logGet(46)) - raft.server.log.use.memory = false (default)
2023-07-06 10:48:16,640 [30003da1-a7bf-44b2-b897-92f161ae05e1-groupManagement] INFO  server.RaftServerConfigKeys (ConfUtils.java:logGet(46)) - raft.server.log.purge.gap = 1000000 (custom)
2023-07-06 10:48:16,640 [30003da1-a7bf-44b2-b897-92f161ae05e1-groupManagement] INFO  server.RaftServerConfigKeys (ConfUtils.java:logGet(46)) - raft.server.log.appender.buffer.byte-limit = 33554432 (custom)
2023-07-06 10:48:16,640 [30003da1-a7bf-44b2-b897-92f161ae05e1-groupManagement] INFO  server.RaftServerConfigKeys (ConfUtils.java:logGet(46)) - raft.server.log.statemachine.data.read.timeout = 1000ms (default)
2023-07-06 10:48:16,640 [30003da1-a7bf-44b2-b897-92f161ae05e1-groupManagement] INFO  server.RaftServerConfigKeys (ConfUtils.java:logGet(46)) - raft.server.log.purge.preservation.log.num = 0 (default)
2023-07-06 10:48:16,641 [30003da1-a7bf-44b2-b897-92f161ae05e1-groupManagement] INFO  server.RaftServerConfigKeys (ConfUtils.java:logGet(46)) - raft.server.log.segment.size.max = 1048576 (custom)
2023-07-06 10:48:16,641 [30003da1-a7bf-44b2-b897-92f161ae05e1-groupManagement] INFO  server.RaftServerConfigKeys (ConfUtils.java:logGet(46)) - raft.server.log.segment.cache.num.max = 2 (custom)
2023-07-06 10:48:16,641 [30003da1-a7bf-44b2-b897-92f161ae05e1-groupManagement] INFO  server.RaftServerConfigKeys (ConfUtils.java:logGet(46)) - raft.server.log.segment.cache.size.max = 200MB (=209715200) (default)
2023-07-06 10:48:16,641 [30003da1-a7bf-44b2-b897-92f161ae05e1-groupManagement] INFO  server.RaftServerConfigKeys (ConfUtils.java:logGet(46)) - raft.server.log.appender.buffer.byte-limit = 33554432 (custom)
2023-07-06 10:48:16,641 [30003da1-a7bf-44b2-b897-92f161ae05e1-groupManagement] INFO  segmented.SegmentedRaftLogWorker (SegmentedRaftLogWorker.java:<init>(188)) - new 30003da1-a7bf-44b2-b897-92f161ae05e1@group-744E734AE1C7-SegmentedRaftLogWorker for RaftStorageImpl:Storage Directory /home/runner/work/ozone/ozone/hadoop-ozone/integration-test/target/test-dir/MiniOzoneClusterImpl-8ecce792-0b29-40a4-bcd2-9922915e3450/datanode-8/data/ratis/4d64190f-4f00-4c76-8d10-744e734ae1c7
2023-07-06 10:48:16,641 [30003da1-a7bf-44b2-b897-92f161ae05e1-groupManagement] INFO  server.RaftServerConfigKeys (ConfUtils.java:logGet(46)) - raft.server.log.queue.byte-limit = 4294967296 (custom)
2023-07-06 10:48:16,641 [30003da1-a7bf-44b2-b897-92f161ae05e1-groupManagement] INFO  server.RaftServerConfigKeys (ConfUtils.java:logGet(46)) - raft.server.log.queue.element-limit = 1024 (custom)
2023-07-06 10:48:16,641 [30003da1-a7bf-44b2-b897-92f161ae05e1-groupManagement] INFO  server.RaftServerConfigKeys (ConfUtils.java:logGet(46)) - raft.server.log.segment.size.max = 1048576 (custom)
2023-07-06 10:48:16,642 [30003da1-a7bf-44b2-b897-92f161ae05e1-groupManagement] INFO  server.RaftServerConfigKeys (ConfUtils.java:logGet(46)) - raft.server.log.preallocated.size = 16384 (custom)
2023-07-06 10:48:16,642 [30003da1-a7bf-44b2-b897-92f161ae05e1-groupManagement] INFO  server.RaftServerConfigKeys (ConfUtils.java:logGet(46)) - raft.server.log.force.sync.num = 128 (default)
2023-07-06 10:48:16,643 [30003da1-a7bf-44b2-b897-92f161ae05e1-groupManagement] INFO  server.RaftServerConfigKeys (ConfUtils.java:logGet(46)) - raft.server.log.statemachine.data.sync = true (default)
2023-07-06 10:48:16,643 [30003da1-a7bf-44b2-b897-92f161ae05e1-groupManagement] INFO  server.RaftServerConfigKeys (ConfUtils.java:logGet(46)) - raft.server.log.statemachine.data.sync.timeout = 10s (default)
2023-07-06 10:48:16,643 [30003da1-a7bf-44b2-b897-92f161ae05e1-groupManagement] INFO  server.RaftServerConfigKeys (ConfUtils.java:logGet(46)) - raft.server.log.statemachine.data.sync.timeout.retry = -1 (default)
2023-07-06 10:48:16,645 [30003da1-a7bf-44b2-b897-92f161ae05e1-groupManagement] INFO  server.RaftServerConfigKeys (ConfUtils.java:logGet(46)) - raft.server.log.write.buffer.size = 1048576 (custom)
2023-07-06 10:48:16,646 [30003da1-a7bf-44b2-b897-92f161ae05e1-groupManagement] INFO  server.RaftServerConfigKeys (ConfUtils.java:logGet(46)) - raft.server.log.appender.buffer.byte-limit = 33554432 (custom)
2023-07-06 10:48:16,654 [30003da1-a7bf-44b2-b897-92f161ae05e1-groupManagement] INFO  server.RaftServerConfigKeys (ConfUtils.java:logGet(46)) - raft.server.log.unsafe-flush.enabled = false (default)
2023-07-06 10:48:16,654 [30003da1-a7bf-44b2-b897-92f161ae05e1-groupManagement] INFO  server.RaftServerConfigKeys (ConfUtils.java:logGet(46)) - raft.server.log.async-flush.enabled = false (default)
2023-07-06 10:48:16,654 [30003da1-a7bf-44b2-b897-92f161ae05e1-groupManagement] INFO  server.RaftServerConfigKeys (ConfUtils.java:logGet(46)) - raft.server.log.statemachine.data.caching.enabled = true (custom)
2023-07-06 10:48:16,654 [30003da1-a7bf-44b2-b897-92f161ae05e1-groupManagement] INFO  segmented.SegmentedRaftLogWorker (SegmentedRaftLogWorker.java:lambda$new$0(135)) - 30003da1-a7bf-44b2-b897-92f161ae05e1@group-744E734AE1C7-SegmentedRaftLogWorker: flushIndex: setUnconditionally 0 -> -1
2023-07-06 10:48:16,654 [30003da1-a7bf-44b2-b897-92f161ae05e1-groupManagement] INFO  segmented.SegmentedRaftLogWorker (SegmentedRaftLogWorker.java:lambda$new$0(135)) - 30003da1-a7bf-44b2-b897-92f161ae05e1@group-744E734AE1C7-SegmentedRaftLogWorker: safeCacheEvictIndex: setUnconditionally 0 -> -1
2023-07-06 10:48:16,654 [30003da1-a7bf-44b2-b897-92f161ae05e1-groupManagement] INFO  server.RaftServer$Division (RaftServerImpl.java:start(342)) - 30003da1-a7bf-44b2-b897-92f161ae05e1@group-744E734AE1C7: start as a follower, conf=-1: peers:[30003da1-a7bf-44b2-b897-92f161ae05e1|rpc:10.1.0.19:15086|admin:10.1.0.19:15085|client:10.1.0.19:15084|dataStream:10.1.0.19:15087|priority:1|startupRole:FOLLOWER, 2536bb46-c5d2-4252-aed1-a79348143fe8|rpc:10.1.0.19:15068|admin:10.1.0.19:15067|client:10.1.0.19:15066|dataStream:10.1.0.19:15069|priority:0|startupRole:FOLLOWER, afdb1d22-58a1-4785-9bfd-1bd49c8784e6|rpc:10.1.0.19:15077|admin:10.1.0.19:15076|client:10.1.0.19:15075|dataStream:10.1.0.19:15078|priority:0|startupRole:FOLLOWER]|listeners:[], old=null
2023-07-06 10:48:16,654 [30003da1-a7bf-44b2-b897-92f161ae05e1-groupManagement] INFO  server.RaftServer$Division (RaftServerImpl.java:setRole(329)) - 30003da1-a7bf-44b2-b897-92f161ae05e1@group-744E734AE1C7: changes role from      null to FOLLOWER at term 0 for startAsFollower
2023-07-06 10:48:16,655 [30003da1-a7bf-44b2-b897-92f161ae05e1-groupManagement] INFO  impl.RoleInfo (RoleInfo.java:updateAndGet(139)) - 30003da1-a7bf-44b2-b897-92f161ae05e1: start 30003da1-a7bf-44b2-b897-92f161ae05e1@group-744E734AE1C7-FollowerState
2023-07-06 10:48:16,655 [30003da1-a7bf-44b2-b897-92f161ae05e1-groupManagement] INFO  util.JmxRegister (JmxRegister.java:tryRegister(44)) - Successfully registered JMX Bean with object name Ratis:service=RaftServer,group=group-744E734AE1C7,id=30003da1-a7bf-44b2-b897-92f161ae05e1
2023-07-06 10:48:16,655 [30003da1-a7bf-44b2-b897-92f161ae05e1-groupManagement] INFO  server.RaftServerConfigKeys (ConfUtils.java:logGet(46)) - raft.server.snapshot.auto.trigger.enabled = true (custom)
2023-07-06 10:48:16,655 [30003da1-a7bf-44b2-b897-92f161ae05e1-groupManagement] INFO  server.RaftServerConfigKeys (ConfUtils.java:logGet(46)) - raft.server.snapshot.auto.trigger.threshold = 10000 (custom)
2023-07-06 10:48:16,655 [30003da1-a7bf-44b2-b897-92f161ae05e1-groupManagement] INFO  server.RaftServerConfigKeys (ConfUtils.java:logGet(46)) - raft.server.snapshot.retention.file.num = 5 (custom)
2023-07-06 10:48:16,655 [30003da1-a7bf-44b2-b897-92f161ae05e1-groupManagement] INFO  server.RaftServerConfigKeys (ConfUtils.java:logGet(46)) - raft.server.log.purge.upto.snapshot.index = false (default)
2023-07-06 10:48:16,656 [30003da1-a7bf-44b2-b897-92f161ae05e1@group-744E734AE1C7-FollowerState] INFO  server.RaftServerConfigKeys (ConfUtils.java:logFallback(53)) - raft.server.rpc.first-election.timeout.min = 5s (fallback to raft.server.rpc.timeout.min)
2023-07-06 10:48:16,656 [30003da1-a7bf-44b2-b897-92f161ae05e1@group-744E734AE1C7-FollowerState] INFO  server.RaftServerConfigKeys (ConfUtils.java:logFallback(53)) - raft.server.rpc.first-election.timeout.max = 5200ms (fallback to raft.server.rpc.timeout.max)
2023-07-06 10:48:16,688 [grpc-default-executor-0] INFO  server.RaftServer (RaftServerProxy.java:addNew(98)) - afdb1d22-58a1-4785-9bfd-1bd49c8784e6: addNew group-744E734AE1C7:[30003da1-a7bf-44b2-b897-92f161ae05e1|rpc:10.1.0.19:15086|admin:10.1.0.19:15085|client:10.1.0.19:15084|dataStream:10.1.0.19:15087|priority:1|startupRole:FOLLOWER, 2536bb46-c5d2-4252-aed1-a79348143fe8|rpc:10.1.0.19:15068|admin:10.1.0.19:15067|client:10.1.0.19:15066|dataStream:10.1.0.19:15069|priority:0|startupRole:FOLLOWER, afdb1d22-58a1-4785-9bfd-1bd49c8784e6|rpc:10.1.0.19:15077|admin:10.1.0.19:15076|client:10.1.0.19:15075|dataStream:10.1.0.19:15078|priority:0|startupRole:FOLLOWER] returns group-744E734AE1C7:java.util.concurrent.CompletableFuture@1200496a[Not completed]
2023-07-06 10:48:16,689 [afdb1d22-58a1-4785-9bfd-1bd49c8784e6-groupManagement] INFO  server.RaftServer$Division (RaftServerImpl.java:<init>(198)) - afdb1d22-58a1-4785-9bfd-1bd49c8784e6: new RaftServerImpl for group-744E734AE1C7:[30003da1-a7bf-44b2-b897-92f161ae05e1|rpc:10.1.0.19:15086|admin:10.1.0.19:15085|client:10.1.0.19:15084|dataStream:10.1.0.19:15087|priority:1|startupRole:FOLLOWER, 2536bb46-c5d2-4252-aed1-a79348143fe8|rpc:10.1.0.19:15068|admin:10.1.0.19:15067|client:10.1.0.19:15066|dataStream:10.1.0.19:15069|priority:0|startupRole:FOLLOWER, afdb1d22-58a1-4785-9bfd-1bd49c8784e6|rpc:10.1.0.19:15077|admin:10.1.0.19:15076|client:10.1.0.19:15075|dataStream:10.1.0.19:15078|priority:0|startupRole:FOLLOWER] with ContainerStateMachine:uninitialized
2023-07-06 10:48:16,689 [afdb1d22-58a1-4785-9bfd-1bd49c8784e6-groupManagement] INFO  server.RaftServerConfigKeys (ConfUtils.java:logGet(46)) - raft.server.rpc.timeout.min = 5s (custom)
2023-07-06 10:48:16,689 [afdb1d22-58a1-4785-9bfd-1bd49c8784e6-groupManagement] INFO  server.RaftServerConfigKeys (ConfUtils.java:logGet(46)) - raft.server.rpc.timeout.max = 5200ms (custom)
2023-07-06 10:48:16,689 [afdb1d22-58a1-4785-9bfd-1bd49c8784e6-groupManagement] INFO  server.RaftServerConfigKeys (ConfUtils.java:logGet(46)) - raft.server.rpc.sleep.time = 25ms (default)
2023-07-06 10:48:16,689 [afdb1d22-58a1-4785-9bfd-1bd49c8784e6-groupManagement] INFO  server.RaftServerConfigKeys (ConfUtils.java:logGet(46)) - raft.server.rpc.slowness.timeout = 300s (custom)
2023-07-06 10:48:16,689 [afdb1d22-58a1-4785-9bfd-1bd49c8784e6-groupManagement] INFO  server.RaftServerConfigKeys (ConfUtils.java:logGet(46)) - raft.server.leaderelection.leader.step-down.wait-time = 10s (default)
2023-07-06 10:48:16,689 [afdb1d22-58a1-4785-9bfd-1bd49c8784e6-groupManagement] INFO  server.RaftServerConfigKeys (ConfUtils.java:logGet(46)) - raft.server.sleep.deviation.threshold = 300ms (default)
2023-07-06 10:48:16,689 [afdb1d22-58a1-4785-9bfd-1bd49c8784e6-groupManagement] INFO  server.RaftServer$Division (ServerState.java:<init>(120)) - afdb1d22-58a1-4785-9bfd-1bd49c8784e6@group-744E734AE1C7: ConfigurationManager, init=-1: peers:[30003da1-a7bf-44b2-b897-92f161ae05e1|rpc:10.1.0.19:15086|admin:10.1.0.19:15085|client:10.1.0.19:15084|dataStream:10.1.0.19:15087|priority:1|startupRole:FOLLOWER, 2536bb46-c5d2-4252-aed1-a79348143fe8|rpc:10.1.0.19:15068|admin:10.1.0.19:15067|client:10.1.0.19:15066|dataStream:10.1.0.19:15069|priority:0|startupRole:FOLLOWER, afdb1d22-58a1-4785-9bfd-1bd49c8784e6|rpc:10.1.0.19:15077|admin:10.1.0.19:15076|client:10.1.0.19:15075|dataStream:10.1.0.19:15078|priority:0|startupRole:FOLLOWER]|listeners:[], old=null, confs=<EMPTY_MAP>
2023-07-06 10:48:16,690 [afdb1d22-58a1-4785-9bfd-1bd49c8784e6-groupManagement] INFO  server.RaftServerConfigKeys (ConfUtils.java:logGet(46)) - raft.server.storage.dir = [/home/runner/work/ozone/ozone/hadoop-ozone/integration-test/target/test-dir/MiniOzoneClusterImpl-8ecce792-0b29-40a4-bcd2-9922915e3450/datanode-7/data/ratis] (custom)
2023-07-06 10:48:16,690 [afdb1d22-58a1-4785-9bfd-1bd49c8784e6-groupManagement] INFO  server.RaftServerConfigKeys (ConfUtils.java:logGet(46)) - raft.server.log.corruption.policy = EXCEPTION (default)
2023-07-06 10:48:16,690 [afdb1d22-58a1-4785-9bfd-1bd49c8784e6-groupManagement] INFO  server.RaftServerConfigKeys (ConfUtils.java:logGet(46)) - raft.server.storage.free-space.min = 0MB (=0) (default)
2023-07-06 10:48:16,690 [afdb1d22-58a1-4785-9bfd-1bd49c8784e6-groupManagement] INFO  server.RaftServerConfigKeys (ConfUtils.java:logGet(46)) - raft.server.notification.no-leader.timeout = 300s (custom)
2023-07-06 10:48:16,690 [afdb1d22-58a1-4785-9bfd-1bd49c8784e6-groupManagement] INFO  server.RaftServerConfigKeys (ConfUtils.java:logGet(46)) - raft.server.read.timeout = 10s (default)
2023-07-06 10:48:16,690 [afdb1d22-58a1-4785-9bfd-1bd49c8784e6-groupManagement] INFO  server.RaftServerConfigKeys (ConfUtils.java:logGet(46)) - raft.server.retrycache.expirytime = 600000ms (custom)
2023-07-06 10:48:16,690 [afdb1d22-58a1-4785-9bfd-1bd49c8784e6-groupManagement] INFO  server.RaftServerConfigKeys (ConfUtils.java:logGet(46)) - raft.server.retrycache.statistics.expirytime = 100μs (default)
2023-07-06 10:48:16,690 [afdb1d22-58a1-4785-9bfd-1bd49c8784e6-groupManagement] INFO  server.RaftServerConfigKeys (ConfUtils.java:logGet(46)) - raft.server.read.option = DEFAULT (default)
2023-07-06 10:48:16,693 [afdb1d22-58a1-4785-9bfd-1bd49c8784e6-groupManagement] INFO  server.RaftServerConfigKeys (ConfUtils.java:logGet(46)) - raft.server.rpc.request.timeout = 60s (custom)
2023-07-06 10:48:16,693 [afdb1d22-58a1-4785-9bfd-1bd49c8784e6-groupManagement] INFO  server.RaftServerConfigKeys (ConfUtils.java:logGet(46)) - raft.server.log.appender.install.snapshot.enabled = false (custom)
2023-07-06 10:48:16,693 [afdb1d22-58a1-4785-9bfd-1bd49c8784e6-groupManagement] INFO  server.RaftServerConfigKeys (ConfUtils.java:logGet(46)) - raft.server.threadpool.server.cached = true (default)
2023-07-06 10:48:16,693 [afdb1d22-58a1-4785-9bfd-1bd49c8784e6-groupManagement] INFO  server.RaftServerConfigKeys (ConfUtils.java:logGet(46)) - raft.server.threadpool.server.size = 0 (default)
2023-07-06 10:48:16,693 [afdb1d22-58a1-4785-9bfd-1bd49c8784e6-groupManagement] INFO  server.RaftServerConfigKeys (ConfUtils.java:logGet(46)) - raft.server.threadpool.client.cached = true (default)
2023-07-06 10:48:16,693 [afdb1d22-58a1-4785-9bfd-1bd49c8784e6-groupManagement] INFO  server.RaftServerConfigKeys (ConfUtils.java:logGet(46)) - raft.server.threadpool.client.size = 0 (default)
2023-07-06 10:48:16,693 [afdb1d22-58a1-4785-9bfd-1bd49c8784e6-groupManagement] INFO  storage.RaftStorageDirectory (RaftStorageDirectoryImpl.java:analyzeStorage(137)) - The storage directory /home/runner/work/ozone/ozone/hadoop-ozone/integration-test/target/test-dir/MiniOzoneClusterImpl-8ecce792-0b29-40a4-bcd2-9922915e3450/datanode-7/data/ratis/4d64190f-4f00-4c76-8d10-744e734ae1c7 does not exist. Creating ...
2023-07-06 10:48:16,695 [afdb1d22-58a1-4785-9bfd-1bd49c8784e6-groupManagement] INFO  storage.RaftStorageDirectory (RaftStorageDirectoryImpl.java:tryLock(231)) - Lock on /home/runner/work/ozone/ozone/hadoop-ozone/integration-test/target/test-dir/MiniOzoneClusterImpl-8ecce792-0b29-40a4-bcd2-9922915e3450/datanode-7/data/ratis/4d64190f-4f00-4c76-8d10-744e734ae1c7/in_use.lock acquired by nodename 110287@fv-az137-100
2023-07-06 10:48:16,697 [afdb1d22-58a1-4785-9bfd-1bd49c8784e6-groupManagement] INFO  storage.RaftStorage (RaftStorageImpl.java:format(96)) - Storage directory /home/runner/work/ozone/ozone/hadoop-ozone/integration-test/target/test-dir/MiniOzoneClusterImpl-8ecce792-0b29-40a4-bcd2-9922915e3450/datanode-7/data/ratis/4d64190f-4f00-4c76-8d10-744e734ae1c7 has been successfully formatted.
2023-07-06 10:48:16,698 [afdb1d22-58a1-4785-9bfd-1bd49c8784e6-groupManagement] INFO  ratis.ContainerStateMachine (ContainerStateMachine.java:loadSnapshot(262)) - group-744E734AE1C7: The snapshot info is null. Setting the last applied indexto:(t:0, i:~)
2023-07-06 10:48:16,699 [afdb1d22-58a1-4785-9bfd-1bd49c8784e6-groupManagement] INFO  server.RaftServerConfigKeys (ConfUtils.java:logGet(46)) - raft.server.log.use.memory = false (default)
2023-07-06 10:48:16,700 [afdb1d22-58a1-4785-9bfd-1bd49c8784e6-groupManagement] INFO  server.RaftServerConfigKeys (ConfUtils.java:logGet(46)) - raft.server.log.purge.gap = 1000000 (custom)
2023-07-06 10:48:16,700 [afdb1d22-58a1-4785-9bfd-1bd49c8784e6-groupManagement] INFO  server.RaftServerConfigKeys (ConfUtils.java:logGet(46)) - raft.server.log.appender.buffer.byte-limit = 33554432 (custom)
2023-07-06 10:48:16,700 [afdb1d22-58a1-4785-9bfd-1bd49c8784e6-groupManagement] INFO  server.RaftServerConfigKeys (ConfUtils.java:logGet(46)) - raft.server.log.statemachine.data.read.timeout = 1000ms (default)
2023-07-06 10:48:16,700 [afdb1d22-58a1-4785-9bfd-1bd49c8784e6-groupManagement] INFO  server.RaftServerConfigKeys (ConfUtils.java:logGet(46)) - raft.server.log.purge.preservation.log.num = 0 (default)
2023-07-06 10:48:16,700 [afdb1d22-58a1-4785-9bfd-1bd49c8784e6-groupManagement] INFO  server.RaftServerConfigKeys (ConfUtils.java:logGet(46)) - raft.server.log.segment.size.max = 1048576 (custom)
2023-07-06 10:48:16,701 [afdb1d22-58a1-4785-9bfd-1bd49c8784e6-groupManagement] INFO  server.RaftServerConfigKeys (ConfUtils.java:logGet(46)) - raft.server.log.segment.cache.num.max = 2 (custom)
2023-07-06 10:48:16,701 [afdb1d22-58a1-4785-9bfd-1bd49c8784e6-groupManagement] INFO  server.RaftServerConfigKeys (ConfUtils.java:logGet(46)) - raft.server.log.segment.cache.size.max = 200MB (=209715200) (default)
2023-07-06 10:48:16,701 [afdb1d22-58a1-4785-9bfd-1bd49c8784e6-groupManagement] INFO  server.RaftServerConfigKeys (ConfUtils.java:logGet(46)) - raft.server.log.appender.buffer.byte-limit = 33554432 (custom)
2023-07-06 10:48:16,701 [afdb1d22-58a1-4785-9bfd-1bd49c8784e6-groupManagement] INFO  segmented.SegmentedRaftLogWorker (SegmentedRaftLogWorker.java:<init>(188)) - new afdb1d22-58a1-4785-9bfd-1bd49c8784e6@group-744E734AE1C7-SegmentedRaftLogWorker for RaftStorageImpl:Storage Directory /home/runner/work/ozone/ozone/hadoop-ozone/integration-test/target/test-dir/MiniOzoneClusterImpl-8ecce792-0b29-40a4-bcd2-9922915e3450/datanode-7/data/ratis/4d64190f-4f00-4c76-8d10-744e734ae1c7
2023-07-06 10:48:16,701 [afdb1d22-58a1-4785-9bfd-1bd49c8784e6-groupManagement] INFO  server.RaftServerConfigKeys (ConfUtils.java:logGet(46)) - raft.server.log.queue.byte-limit = 4294967296 (custom)
2023-07-06 10:48:16,701 [afdb1d22-58a1-4785-9bfd-1bd49c8784e6-groupManagement] INFO  server.RaftServerConfigKeys (ConfUtils.java:logGet(46)) - raft.server.log.queue.element-limit = 1024 (custom)
2023-07-06 10:48:16,701 [afdb1d22-58a1-4785-9bfd-1bd49c8784e6-groupManagement] INFO  server.RaftServerConfigKeys (ConfUtils.java:logGet(46)) - raft.server.log.segment.size.max = 1048576 (custom)
2023-07-06 10:48:16,701 [afdb1d22-58a1-4785-9bfd-1bd49c8784e6-groupManagement] INFO  server.RaftServerConfigKeys (ConfUtils.java:logGet(46)) - raft.server.log.preallocated.size = 16384 (custom)
2023-07-06 10:48:16,701 [afdb1d22-58a1-4785-9bfd-1bd49c8784e6-groupManagement] INFO  server.RaftServerConfigKeys (ConfUtils.java:logGet(46)) - raft.server.log.force.sync.num = 128 (default)
2023-07-06 10:48:16,701 [afdb1d22-58a1-4785-9bfd-1bd49c8784e6-groupManagement] INFO  server.RaftServerConfigKeys (ConfUtils.java:logGet(46)) - raft.server.log.statemachine.data.sync = true (default)
2023-07-06 10:48:16,701 [afdb1d22-58a1-4785-9bfd-1bd49c8784e6-groupManagement] INFO  server.RaftServerConfigKeys (ConfUtils.java:logGet(46)) - raft.server.log.statemachine.data.sync.timeout = 10s (default)
2023-07-06 10:48:16,701 [afdb1d22-58a1-4785-9bfd-1bd49c8784e6-groupManagement] INFO  server.RaftServerConfigKeys (ConfUtils.java:logGet(46)) - raft.server.log.statemachine.data.sync.timeout.retry = -1 (default)
2023-07-06 10:48:17,209 [JvmPauseMonitor1] WARN  util.JvmPauseMonitor (JvmPauseMonitor.java:detectPause(124)) - JvmPauseMonitor-om1: Detected pause in JVM or host machine approximately 0.107s with 0.503s GC time.
GC pool 'PS MarkSweep' had collection(s): count=1 time=315ms
GC pool 'PS Scavenge' had collection(s): count=1 time=188ms
2023-07-06 10:48:17,209 [JvmPauseMonitor2] WARN  util.JvmPauseMonitor (JvmPauseMonitor.java:detectPause(124)) - JvmPauseMonitor-c18b64c4-7b5c-4e0a-b26c-2daf5f5ffc53: Detected pause in JVM or host machine approximately 0.108s with 0.503s GC time.
GC pool 'PS MarkSweep' had collection(s): count=1 time=315ms
GC pool 'PS Scavenge' had collection(s): count=1 time=188ms
2023-07-06 10:48:17,209 [JvmPauseMonitor10] WARN  util.JvmPauseMonitor (JvmPauseMonitor.java:detectPause(124)) - JvmPauseMonitor-30003da1-a7bf-44b2-b897-92f161ae05e1: Detected pause in JVM or host machine approximately 0.136s with 0.503s GC time.
GC pool 'PS MarkSweep' had collection(s): count=1 time=315ms
GC pool 'PS Scavenge' had collection(s): count=1 time=188ms
2023-07-06 10:48:17,210 [JvmPauseMonitor4] WARN  util.JvmPauseMonitor (JvmPauseMonitor.java:detectPause(124)) - JvmPauseMonitor-b02eaa79-f692-4c53-b57d-37cb88368c79: Detected pause in JVM or host machine approximately 0.137s with 0.503s GC time.
GC pool 'PS MarkSweep' had collection(s): count=1 time=315ms
GC pool 'PS Scavenge' had collection(s): count=1 time=188ms
2023-07-06 10:48:17,210 [JvmPauseMonitor11] WARN  util.JvmPauseMonitor (JvmPauseMonitor.java:detectPause(124)) - JvmPauseMonitor-ae0f568f-b3d6-4872-b39b-16fcb0b48bc3: Detected pause in JVM or host machine approximately 0.137s with 0.503s GC time.
GC pool 'PS MarkSweep' had collection(s): count=1 time=315ms
GC pool 'PS Scavenge' had collection(s): count=1 time=188ms
2023-07-06 10:48:17,210 [JvmPauseMonitor3] WARN  util.JvmPauseMonitor (JvmPauseMonitor.java:detectPause(124)) - JvmPauseMonitor-d927e26c-8fe2-4137-bd03-4653fe67c688: Detected pause in JVM or host machine approximately 0.138s with 0.503s GC time.
GC pool 'PS MarkSweep' had collection(s): count=1 time=315ms
GC pool 'PS Scavenge' had collection(s): count=1 time=188ms
2023-07-06 10:48:17,211 [JvmPauseMonitor0] WARN  util.JvmPauseMonitor (JvmPauseMonitor.java:detectPause(124)) - JvmPauseMonitor-fcc7a8d2-8e13-4204-a118-5fa6cc2a4a16: Detected pause in JVM or host machine approximately 0.156s with 0.503s GC time.
GC pool 'PS MarkSweep' had collection(s): count=1 time=315ms
GC pool 'PS Scavenge' had collection(s): count=1 time=188ms
2023-07-06 10:48:17,211 [JvmPauseMonitor9] WARN  util.JvmPauseMonitor (JvmPauseMonitor.java:detectPause(124)) - JvmPauseMonitor-afdb1d22-58a1-4785-9bfd-1bd49c8784e6: Detected pause in JVM or host machine approximately 0.162s with 0.503s GC time.
GC pool 'PS MarkSweep' had collection(s): count=1 time=315ms
GC pool 'PS Scavenge' had collection(s): count=1 time=188ms
2023-07-06 10:48:17,222 [main] INFO  ozone.MiniOzoneClusterImpl (MiniOzoneClusterImpl.java:lambda$waitForClusterToBeReady$0(224)) - Nodes are ready. Got 10 of 10 DN Heartbeats.
2023-07-06 10:48:17,222 [main] INFO  ozone.MiniOzoneClusterImpl (MiniOzoneClusterImpl.java:lambda$waitForClusterToBeReady$0(227)) - Waiting for cluster to exit safe mode
2023-07-06 10:48:17,222 [main] INFO  ozone.MiniOzoneClusterImpl (MiniOzoneClusterImpl.java:lambda$waitForClusterToBeReady$0(229)) - SCM became leader
2023-07-06 10:48:17,222 [PipelineCommandHandlerThread-0] INFO  server.RaftServer (RaftServerProxy.java:addNew(98)) - afdb1d22-58a1-4785-9bfd-1bd49c8784e6: addNew group-FBFD4010B7DC:[afdb1d22-58a1-4785-9bfd-1bd49c8784e6|rpc:10.1.0.19:15077|admin:10.1.0.19:15076|client:10.1.0.19:15075|dataStream:10.1.0.19:15078|priority:1|startupRole:FOLLOWER] returns group-FBFD4010B7DC:java.util.concurrent.CompletableFuture@59a4b24f[Not completed]
2023-07-06 10:48:17,230 [afdb1d22-58a1-4785-9bfd-1bd49c8784e6-groupManagement] INFO  server.RaftServerConfigKeys (ConfUtils.java:logGet(46)) - raft.server.log.write.buffer.size = 1048576 (custom)
2023-07-06 10:48:17,231 [afdb1d22-58a1-4785-9bfd-1bd49c8784e6-groupManagement] INFO  server.RaftServerConfigKeys (ConfUtils.java:logGet(46)) - raft.server.log.appender.buffer.byte-limit = 33554432 (custom)
2023-07-06 10:48:17,240 [afdb1d22-58a1-4785-9bfd-1bd49c8784e6-groupManagement] INFO  server.RaftServerConfigKeys (ConfUtils.java:logGet(46)) - raft.server.log.unsafe-flush.enabled = false (default)
2023-07-06 10:48:17,240 [afdb1d22-58a1-4785-9bfd-1bd49c8784e6-groupManagement] INFO  server.RaftServerConfigKeys (ConfUtils.java:logGet(46)) - raft.server.log.async-flush.enabled = false (default)
2023-07-06 10:48:17,240 [afdb1d22-58a1-4785-9bfd-1bd49c8784e6-groupManagement] INFO  server.RaftServerConfigKeys (ConfUtils.java:logGet(46)) - raft.server.log.statemachine.data.caching.enabled = true (custom)
2023-07-06 10:48:17,240 [afdb1d22-58a1-4785-9bfd-1bd49c8784e6-groupManagement] INFO  segmented.SegmentedRaftLogWorker (SegmentedRaftLogWorker.java:lambda$new$0(135)) - afdb1d22-58a1-4785-9bfd-1bd49c8784e6@group-744E734AE1C7-SegmentedRaftLogWorker: flushIndex: setUnconditionally 0 -> -1
2023-07-06 10:48:17,240 [afdb1d22-58a1-4785-9bfd-1bd49c8784e6-groupManagement] INFO  segmented.SegmentedRaftLogWorker (SegmentedRaftLogWorker.java:lambda$new$0(135)) - afdb1d22-58a1-4785-9bfd-1bd49c8784e6@group-744E734AE1C7-SegmentedRaftLogWorker: safeCacheEvictIndex: setUnconditionally 0 -> -1
2023-07-06 10:48:17,241 [afdb1d22-58a1-4785-9bfd-1bd49c8784e6-groupManagement] INFO  server.RaftServer$Division (RaftServerImpl.java:start(342)) - afdb1d22-58a1-4785-9bfd-1bd49c8784e6@group-744E734AE1C7: start as a follower, conf=-1: peers:[30003da1-a7bf-44b2-b897-92f161ae05e1|rpc:10.1.0.19:15086|admin:10.1.0.19:15085|client:10.1.0.19:15084|dataStream:10.1.0.19:15087|priority:1|startupRole:FOLLOWER, 2536bb46-c5d2-4252-aed1-a79348143fe8|rpc:10.1.0.19:15068|admin:10.1.0.19:15067|client:10.1.0.19:15066|dataStream:10.1.0.19:15069|priority:0|startupRole:FOLLOWER, afdb1d22-58a1-4785-9bfd-1bd49c8784e6|rpc:10.1.0.19:15077|admin:10.1.0.19:15076|client:10.1.0.19:15075|dataStream:10.1.0.19:15078|priority:0|startupRole:FOLLOWER]|listeners:[], old=null
2023-07-06 10:48:17,241 [afdb1d22-58a1-4785-9bfd-1bd49c8784e6-groupManagement] INFO  server.RaftServer$Division (RaftServerImpl.java:setRole(329)) - afdb1d22-58a1-4785-9bfd-1bd49c8784e6@group-744E734AE1C7: changes role from      null to FOLLOWER at term 0 for startAsFollower
2023-07-06 10:48:17,241 [afdb1d22-58a1-4785-9bfd-1bd49c8784e6-groupManagement] INFO  impl.RoleInfo (RoleInfo.java:updateAndGet(139)) - afdb1d22-58a1-4785-9bfd-1bd49c8784e6: start afdb1d22-58a1-4785-9bfd-1bd49c8784e6@group-744E734AE1C7-FollowerState
2023-07-06 10:48:17,241 [afdb1d22-58a1-4785-9bfd-1bd49c8784e6-groupManagement] INFO  util.JmxRegister (JmxRegister.java:tryRegister(44)) - Successfully registered JMX Bean with object name Ratis:service=RaftServer,group=group-744E734AE1C7,id=afdb1d22-58a1-4785-9bfd-1bd49c8784e6
2023-07-06 10:48:17,241 [afdb1d22-58a1-4785-9bfd-1bd49c8784e6-groupManagement] INFO  server.RaftServerConfigKeys (ConfUtils.java:logGet(46)) - raft.server.snapshot.auto.trigger.enabled = true (custom)
2023-07-06 10:48:17,242 [afdb1d22-58a1-4785-9bfd-1bd49c8784e6-groupManagement] INFO  server.RaftServerConfigKeys (ConfUtils.java:logGet(46)) - raft.server.snapshot.auto.trigger.threshold = 10000 (custom)
2023-07-06 10:48:17,242 [afdb1d22-58a1-4785-9bfd-1bd49c8784e6-groupManagement] INFO  server.RaftServerConfigKeys (ConfUtils.java:logGet(46)) - raft.server.snapshot.retention.file.num = 5 (custom)
2023-07-06 10:48:17,242 [afdb1d22-58a1-4785-9bfd-1bd49c8784e6-groupManagement] INFO  server.RaftServerConfigKeys (ConfUtils.java:logGet(46)) - raft.server.log.purge.upto.snapshot.index = false (default)
2023-07-06 10:48:17,243 [afdb1d22-58a1-4785-9bfd-1bd49c8784e6@group-744E734AE1C7-FollowerState] INFO  server.RaftServerConfigKeys (ConfUtils.java:logFallback(53)) - raft.server.rpc.first-election.timeout.min = 5s (fallback to raft.server.rpc.timeout.min)
2023-07-06 10:48:17,243 [afdb1d22-58a1-4785-9bfd-1bd49c8784e6@group-744E734AE1C7-FollowerState] INFO  server.RaftServerConfigKeys (ConfUtils.java:logFallback(53)) - raft.server.rpc.first-election.timeout.max = 5200ms (fallback to raft.server.rpc.timeout.max)
2023-07-06 10:48:17,253 [afdb1d22-58a1-4785-9bfd-1bd49c8784e6-groupManagement] INFO  server.RaftServer$Division (RaftServerImpl.java:<init>(198)) - afdb1d22-58a1-4785-9bfd-1bd49c8784e6: new RaftServerImpl for group-FBFD4010B7DC:[afdb1d22-58a1-4785-9bfd-1bd49c8784e6|rpc:10.1.0.19:15077|admin:10.1.0.19:15076|client:10.1.0.19:15075|dataStream:10.1.0.19:15078|priority:1|startupRole:FOLLOWER] with ContainerStateMachine:uninitialized
2023-07-06 10:48:17,253 [afdb1d22-58a1-4785-9bfd-1bd49c8784e6-groupManagement] INFO  server.RaftServerConfigKeys (ConfUtils.java:logGet(46)) - raft.server.rpc.timeout.min = 5s (custom)
2023-07-06 10:48:17,253 [afdb1d22-58a1-4785-9bfd-1bd49c8784e6-groupManagement] INFO  server.RaftServerConfigKeys (ConfUtils.java:logGet(46)) - raft.server.rpc.timeout.max = 5200ms (custom)
2023-07-06 10:48:17,253 [afdb1d22-58a1-4785-9bfd-1bd49c8784e6-groupManagement] INFO  server.RaftServerConfigKeys (ConfUtils.java:logGet(46)) - raft.server.rpc.sleep.time = 25ms (default)
2023-07-06 10:48:17,253 [afdb1d22-58a1-4785-9bfd-1bd49c8784e6-groupManagement] INFO  server.RaftServerConfigKeys (ConfUtils.java:logGet(46)) - raft.server.rpc.slowness.timeout = 300s (custom)
2023-07-06 10:48:17,253 [afdb1d22-58a1-4785-9bfd-1bd49c8784e6-groupManagement] INFO  server.RaftServerConfigKeys (ConfUtils.java:logGet(46)) - raft.server.leaderelection.leader.step-down.wait-time = 10s (default)
2023-07-06 10:48:17,253 [afdb1d22-58a1-4785-9bfd-1bd49c8784e6-groupManagement] INFO  server.RaftServerConfigKeys (ConfUtils.java:logGet(46)) - raft.server.sleep.deviation.threshold = 300ms (default)
2023-07-06 10:48:17,254 [afdb1d22-58a1-4785-9bfd-1bd49c8784e6-groupManagement] INFO  server.RaftServer$Division (ServerState.java:<init>(120)) - afdb1d22-58a1-4785-9bfd-1bd49c8784e6@group-FBFD4010B7DC: ConfigurationManager, init=-1: peers:[afdb1d22-58a1-4785-9bfd-1bd49c8784e6|rpc:10.1.0.19:15077|admin:10.1.0.19:15076|client:10.1.0.19:15075|dataStream:10.1.0.19:15078|priority:1|startupRole:FOLLOWER]|listeners:[], old=null, confs=<EMPTY_MAP>
2023-07-06 10:48:17,254 [afdb1d22-58a1-4785-9bfd-1bd49c8784e6-groupManagement] INFO  server.RaftServerConfigKeys (ConfUtils.java:logGet(46)) - raft.server.storage.dir = [/home/runner/work/ozone/ozone/hadoop-ozone/integration-test/target/test-dir/MiniOzoneClusterImpl-8ecce792-0b29-40a4-bcd2-9922915e3450/datanode-7/data/ratis] (custom)
2023-07-06 10:48:17,254 [afdb1d22-58a1-4785-9bfd-1bd49c8784e6-groupManagement] INFO  server.RaftServerConfigKeys (ConfUtils.java:logGet(46)) - raft.server.log.corruption.policy = EXCEPTION (default)
2023-07-06 10:48:17,254 [afdb1d22-58a1-4785-9bfd-1bd49c8784e6-groupManagement] INFO  server.RaftServerConfigKeys (ConfUtils.java:logGet(46)) - raft.server.storage.free-space.min = 0MB (=0) (default)
2023-07-06 10:48:17,254 [afdb1d22-58a1-4785-9bfd-1bd49c8784e6-groupManagement] INFO  server.RaftServerConfigKeys (ConfUtils.java:logGet(46)) - raft.server.notification.no-leader.timeout = 300s (custom)
2023-07-06 10:48:17,254 [afdb1d22-58a1-4785-9bfd-1bd49c8784e6-groupManagement] INFO  server.RaftServerConfigKeys (ConfUtils.java:logGet(46)) - raft.server.read.timeout = 10s (default)
2023-07-06 10:48:17,254 [afdb1d22-58a1-4785-9bfd-1bd49c8784e6-groupManagement] INFO  server.RaftServerConfigKeys (ConfUtils.java:logGet(46)) - raft.server.retrycache.expirytime = 600000ms (custom)
2023-07-06 10:48:17,254 [afdb1d22-58a1-4785-9bfd-1bd49c8784e6-groupManagement] INFO  server.RaftServerConfigKeys (ConfUtils.java:logGet(46)) - raft.server.retrycache.statistics.expirytime = 100μs (default)
2023-07-06 10:48:17,254 [afdb1d22-58a1-4785-9bfd-1bd49c8784e6-groupManagement] INFO  server.RaftServerConfigKeys (ConfUtils.java:logGet(46)) - raft.server.read.option = DEFAULT (default)
2023-07-06 10:48:17,261 [afdb1d22-58a1-4785-9bfd-1bd49c8784e6-groupManagement] INFO  server.RaftServerConfigKeys (ConfUtils.java:logGet(46)) - raft.server.rpc.request.timeout = 60s (custom)
2023-07-06 10:48:17,261 [afdb1d22-58a1-4785-9bfd-1bd49c8784e6-groupManagement] INFO  server.RaftServerConfigKeys (ConfUtils.java:logGet(46)) - raft.server.log.appender.install.snapshot.enabled = false (custom)
2023-07-06 10:48:17,261 [afdb1d22-58a1-4785-9bfd-1bd49c8784e6-groupManagement] INFO  server.RaftServerConfigKeys (ConfUtils.java:logGet(46)) - raft.server.threadpool.server.cached = true (default)
2023-07-06 10:48:17,261 [afdb1d22-58a1-4785-9bfd-1bd49c8784e6-groupManagement] INFO  server.RaftServerConfigKeys (ConfUtils.java:logGet(46)) - raft.server.threadpool.server.size = 0 (default)
2023-07-06 10:48:17,261 [afdb1d22-58a1-4785-9bfd-1bd49c8784e6-groupManagement] INFO  server.RaftServerConfigKeys (ConfUtils.java:logGet(46)) - raft.server.threadpool.client.cached = true (default)
2023-07-06 10:48:17,262 [afdb1d22-58a1-4785-9bfd-1bd49c8784e6-groupManagement] INFO  server.RaftServerConfigKeys (ConfUtils.java:logGet(46)) - raft.server.threadpool.client.size = 0 (default)
2023-07-06 10:48:17,266 [afdb1d22-58a1-4785-9bfd-1bd49c8784e6-groupManagement] INFO  storage.RaftStorageDirectory (RaftStorageDirectoryImpl.java:analyzeStorage(137)) - The storage directory /home/runner/work/ozone/ozone/hadoop-ozone/integration-test/target/test-dir/MiniOzoneClusterImpl-8ecce792-0b29-40a4-bcd2-9922915e3450/datanode-7/data/ratis/8df9f9fd-24df-4c85-9616-fbfd4010b7dc does not exist. Creating ...
2023-07-06 10:48:17,270 [afdb1d22-58a1-4785-9bfd-1bd49c8784e6-groupManagement] INFO  storage.RaftStorageDirectory (RaftStorageDirectoryImpl.java:tryLock(231)) - Lock on /home/runner/work/ozone/ozone/hadoop-ozone/integration-test/target/test-dir/MiniOzoneClusterImpl-8ecce792-0b29-40a4-bcd2-9922915e3450/datanode-7/data/ratis/8df9f9fd-24df-4c85-9616-fbfd4010b7dc/in_use.lock acquired by nodename 110287@fv-az137-100
2023-07-06 10:48:17,272 [afdb1d22-58a1-4785-9bfd-1bd49c8784e6-groupManagement] INFO  storage.RaftStorage (RaftStorageImpl.java:format(96)) - Storage directory /home/runner/work/ozone/ozone/hadoop-ozone/integration-test/target/test-dir/MiniOzoneClusterImpl-8ecce792-0b29-40a4-bcd2-9922915e3450/datanode-7/data/ratis/8df9f9fd-24df-4c85-9616-fbfd4010b7dc has been successfully formatted.
2023-07-06 10:48:17,272 [afdb1d22-58a1-4785-9bfd-1bd49c8784e6-groupManagement] INFO  ratis.ContainerStateMachine (ContainerStateMachine.java:loadSnapshot(262)) - group-FBFD4010B7DC: The snapshot info is null. Setting the last applied indexto:(t:0, i:~)
2023-07-06 10:48:17,273 [afdb1d22-58a1-4785-9bfd-1bd49c8784e6-groupManagement] INFO  server.RaftServerConfigKeys (ConfUtils.java:logGet(46)) - raft.server.log.use.memory = false (default)
2023-07-06 10:48:17,273 [afdb1d22-58a1-4785-9bfd-1bd49c8784e6-groupManagement] INFO  server.RaftServerConfigKeys (ConfUtils.java:logGet(46)) - raft.server.log.purge.gap = 1000000 (custom)
2023-07-06 10:48:17,273 [afdb1d22-58a1-4785-9bfd-1bd49c8784e6-groupManagement] INFO  server.RaftServerConfigKeys (ConfUtils.java:logGet(46)) - raft.server.log.appender.buffer.byte-limit = 33554432 (custom)
2023-07-06 10:48:17,273 [afdb1d22-58a1-4785-9bfd-1bd49c8784e6-groupManagement] INFO  server.RaftServerConfigKeys (ConfUtils.java:logGet(46)) - raft.server.log.statemachine.data.read.timeout = 1000ms (default)
2023-07-06 10:48:17,273 [afdb1d22-58a1-4785-9bfd-1bd49c8784e6-groupManagement] INFO  server.RaftServerConfigKeys (ConfUtils.java:logGet(46)) - raft.server.log.purge.preservation.log.num = 0 (default)
2023-07-06 10:48:17,273 [afdb1d22-58a1-4785-9bfd-1bd49c8784e6-groupManagement] INFO  server.RaftServerConfigKeys (ConfUtils.java:logGet(46)) - raft.server.log.segment.size.max = 1048576 (custom)
2023-07-06 10:48:17,275 [PipelineCommandHandlerThread-0] INFO  commandhandler.CreatePipelineCommandHandler (CreatePipelineCommandHandler.java:lambda$handle$2(124)) - Created Pipeline RATIS THREE PipelineID=4d64190f-4f00-4c76-8d10-744e734ae1c7.
2023-07-06 10:48:17,276 [PipelineCommandHandlerThread-0] INFO  server.RaftServer (RaftServerProxy.java:addNew(98)) - 2536bb46-c5d2-4252-aed1-a79348143fe8: addNew group-F800A58FFC0A:[30003da1-a7bf-44b2-b897-92f161ae05e1|rpc:10.1.0.19:15086|admin:10.1.0.19:15085|client:10.1.0.19:15084|dataStream:10.1.0.19:15087|priority:0|startupRole:FOLLOWER, 2536bb46-c5d2-4252-aed1-a79348143fe8|rpc:10.1.0.19:15068|admin:10.1.0.19:15067|client:10.1.0.19:15066|dataStream:10.1.0.19:15069|priority:0|startupRole:FOLLOWER, afdb1d22-58a1-4785-9bfd-1bd49c8784e6|rpc:10.1.0.19:15077|admin:10.1.0.19:15076|client:10.1.0.19:15075|dataStream:10.1.0.19:15078|priority:1|startupRole:FOLLOWER] returns group-F800A58FFC0A:java.util.concurrent.CompletableFuture@3c500887[Not completed]
2023-07-06 10:48:17,275 [EventQueue-PipelineReportForPipelineReportHandler] INFO  pipeline.PipelineReportHandler (PipelineReportHandler.java:processPipelineReport(136)) - Opened pipeline PipelineID=8df9f9fd-24df-4c85-9616-fbfd4010b7dc
2023-07-06 10:48:17,276 [EventQueue-OpenPipelineForHealthyPipelineSafeModeRule] INFO  safemode.SCMSafeModeManager (HealthyPipelineSafeModeRule.java:process(137)) - SCM in safe mode. Healthy pipelines reported count is 0, required healthy pipeline reported count is 1
2023-07-06 10:48:17,277 [2536bb46-c5d2-4252-aed1-a79348143fe8-groupManagement] INFO  server.RaftServer$Division (RaftServerImpl.java:<init>(198)) - 2536bb46-c5d2-4252-aed1-a79348143fe8: new RaftServerImpl for group-F800A58FFC0A:[30003da1-a7bf-44b2-b897-92f161ae05e1|rpc:10.1.0.19:15086|admin:10.1.0.19:15085|client:10.1.0.19:15084|dataStream:10.1.0.19:15087|priority:0|startupRole:FOLLOWER, 2536bb46-c5d2-4252-aed1-a79348143fe8|rpc:10.1.0.19:15068|admin:10.1.0.19:15067|client:10.1.0.19:15066|dataStream:10.1.0.19:15069|priority:0|startupRole:FOLLOWER, afdb1d22-58a1-4785-9bfd-1bd49c8784e6|rpc:10.1.0.19:15077|admin:10.1.0.19:15076|client:10.1.0.19:15075|dataStream:10.1.0.19:15078|priority:1|startupRole:FOLLOWER] with ContainerStateMachine:uninitialized
2023-07-06 10:48:17,277 [2536bb46-c5d2-4252-aed1-a79348143fe8-groupManagement] INFO  server.RaftServerConfigKeys (ConfUtils.java:logGet(46)) - raft.server.rpc.timeout.min = 5s (custom)
2023-07-06 10:48:17,277 [afdb1d22-58a1-4785-9bfd-1bd49c8784e6-groupManagement] INFO  server.RaftServerConfigKeys (ConfUtils.java:logGet(46)) - raft.server.log.segment.cache.num.max = 2 (custom)
2023-07-06 10:48:17,277 [2536bb46-c5d2-4252-aed1-a79348143fe8-groupManagement] INFO  server.RaftServerConfigKeys (ConfUtils.java:logGet(46)) - raft.server.rpc.timeout.max = 5200ms (custom)
2023-07-06 10:48:17,277 [2536bb46-c5d2-4252-aed1-a79348143fe8-groupManagement] INFO  server.RaftServerConfigKeys (ConfUtils.java:logGet(46)) - raft.server.rpc.sleep.time = 25ms (default)
2023-07-06 10:48:17,278 [2536bb46-c5d2-4252-aed1-a79348143fe8-groupManagement] INFO  server.RaftServerConfigKeys (ConfUtils.java:logGet(46)) - raft.server.rpc.slowness.timeout = 300s (custom)
2023-07-06 10:48:17,278 [2536bb46-c5d2-4252-aed1-a79348143fe8-groupManagement] INFO  server.RaftServerConfigKeys (ConfUtils.java:logGet(46)) - raft.server.leaderelection.leader.step-down.wait-time = 10s (default)
2023-07-06 10:48:17,278 [2536bb46-c5d2-4252-aed1-a79348143fe8-groupManagement] INFO  server.RaftServerConfigKeys (ConfUtils.java:logGet(46)) - raft.server.sleep.deviation.threshold = 300ms (default)
2023-07-06 10:48:17,278 [2536bb46-c5d2-4252-aed1-a79348143fe8-groupManagement] INFO  server.RaftServer$Division (ServerState.java:<init>(120)) - 2536bb46-c5d2-4252-aed1-a79348143fe8@group-F800A58FFC0A: ConfigurationManager, init=-1: peers:[30003da1-a7bf-44b2-b897-92f161ae05e1|rpc:10.1.0.19:15086|admin:10.1.0.19:15085|client:10.1.0.19:15084|dataStream:10.1.0.19:15087|priority:0|startupRole:FOLLOWER, 2536bb46-c5d2-4252-aed1-a79348143fe8|rpc:10.1.0.19:15068|admin:10.1.0.19:15067|client:10.1.0.19:15066|dataStream:10.1.0.19:15069|priority:0|startupRole:FOLLOWER, afdb1d22-58a1-4785-9bfd-1bd49c8784e6|rpc:10.1.0.19:15077|admin:10.1.0.19:15076|client:10.1.0.19:15075|dataStream:10.1.0.19:15078|priority:1|startupRole:FOLLOWER]|listeners:[], old=null, confs=<EMPTY_MAP>
2023-07-06 10:48:17,278 [2536bb46-c5d2-4252-aed1-a79348143fe8-groupManagement] INFO  server.RaftServerConfigKeys (ConfUtils.java:logGet(46)) - raft.server.storage.dir = [/home/runner/work/ozone/ozone/hadoop-ozone/integration-test/target/test-dir/MiniOzoneClusterImpl-8ecce792-0b29-40a4-bcd2-9922915e3450/datanode-6/data/ratis] (custom)
2023-07-06 10:48:17,278 [2536bb46-c5d2-4252-aed1-a79348143fe8-groupManagement] INFO  server.RaftServerConfigKeys (ConfUtils.java:logGet(46)) - raft.server.log.corruption.policy = EXCEPTION (default)
2023-07-06 10:48:17,278 [2536bb46-c5d2-4252-aed1-a79348143fe8-groupManagement] INFO  server.RaftServerConfigKeys (ConfUtils.java:logGet(46)) - raft.server.storage.free-space.min = 0MB (=0) (default)
2023-07-06 10:48:17,278 [2536bb46-c5d2-4252-aed1-a79348143fe8-groupManagement] INFO  server.RaftServerConfigKeys (ConfUtils.java:logGet(46)) - raft.server.notification.no-leader.timeout = 300s (custom)
2023-07-06 10:48:17,278 [2536bb46-c5d2-4252-aed1-a79348143fe8-groupManagement] INFO  server.RaftServerConfigKeys (ConfUtils.java:logGet(46)) - raft.server.read.timeout = 10s (default)
2023-07-06 10:48:17,279 [2536bb46-c5d2-4252-aed1-a79348143fe8-groupManagement] INFO  server.RaftServerConfigKeys (ConfUtils.java:logGet(46)) - raft.server.retrycache.expirytime = 600000ms (custom)
2023-07-06 10:48:17,279 [2536bb46-c5d2-4252-aed1-a79348143fe8-groupManagement] INFO  server.RaftServerConfigKeys (ConfUtils.java:logGet(46)) - raft.server.retrycache.statistics.expirytime = 100μs (default)
2023-07-06 10:48:17,279 [2536bb46-c5d2-4252-aed1-a79348143fe8-groupManagement] INFO  server.RaftServerConfigKeys (ConfUtils.java:logGet(46)) - raft.server.read.option = DEFAULT (default)
2023-07-06 10:48:17,277 [afdb1d22-58a1-4785-9bfd-1bd49c8784e6-groupManagement] INFO  server.RaftServerConfigKeys (ConfUtils.java:logGet(46)) - raft.server.log.segment.cache.size.max = 200MB (=209715200) (default)
2023-07-06 10:48:17,279 [afdb1d22-58a1-4785-9bfd-1bd49c8784e6-groupManagement] INFO  server.RaftServerConfigKeys (ConfUtils.java:logGet(46)) - raft.server.log.appender.buffer.byte-limit = 33554432 (custom)
2023-07-06 10:48:17,279 [afdb1d22-58a1-4785-9bfd-1bd49c8784e6-groupManagement] INFO  segmented.SegmentedRaftLogWorker (SegmentedRaftLogWorker.java:<init>(188)) - new afdb1d22-58a1-4785-9bfd-1bd49c8784e6@group-FBFD4010B7DC-SegmentedRaftLogWorker for RaftStorageImpl:Storage Directory /home/runner/work/ozone/ozone/hadoop-ozone/integration-test/target/test-dir/MiniOzoneClusterImpl-8ecce792-0b29-40a4-bcd2-9922915e3450/datanode-7/data/ratis/8df9f9fd-24df-4c85-9616-fbfd4010b7dc
2023-07-06 10:48:17,279 [afdb1d22-58a1-4785-9bfd-1bd49c8784e6-groupManagement] INFO  server.RaftServerConfigKeys (ConfUtils.java:logGet(46)) - raft.server.log.queue.byte-limit = 4294967296 (custom)
2023-07-06 10:48:17,279 [afdb1d22-58a1-4785-9bfd-1bd49c8784e6-groupManagement] INFO  server.RaftServerConfigKeys (ConfUtils.java:logGet(46)) - raft.server.log.queue.element-limit = 1024 (custom)
2023-07-06 10:48:17,279 [afdb1d22-58a1-4785-9bfd-1bd49c8784e6-groupManagement] INFO  server.RaftServerConfigKeys (ConfUtils.java:logGet(46)) - raft.server.log.segment.size.max = 1048576 (custom)
2023-07-06 10:48:17,280 [afdb1d22-58a1-4785-9bfd-1bd49c8784e6-groupManagement] INFO  server.RaftServerConfigKeys (ConfUtils.java:logGet(46)) - raft.server.log.preallocated.size = 16384 (custom)
2023-07-06 10:48:17,280 [afdb1d22-58a1-4785-9bfd-1bd49c8784e6-groupManagement] INFO  server.RaftServerConfigKeys (ConfUtils.java:logGet(46)) - raft.server.log.force.sync.num = 128 (default)
2023-07-06 10:48:17,280 [afdb1d22-58a1-4785-9bfd-1bd49c8784e6-groupManagement] INFO  server.RaftServerConfigKeys (ConfUtils.java:logGet(46)) - raft.server.log.statemachine.data.sync = true (default)
2023-07-06 10:48:17,280 [afdb1d22-58a1-4785-9bfd-1bd49c8784e6-groupManagement] INFO  server.RaftServerConfigKeys (ConfUtils.java:logGet(46)) - raft.server.log.statemachine.data.sync.timeout = 10s (default)
2023-07-06 10:48:17,280 [afdb1d22-58a1-4785-9bfd-1bd49c8784e6-groupManagement] INFO  server.RaftServerConfigKeys (ConfUtils.java:logGet(46)) - raft.server.log.statemachine.data.sync.timeout.retry = -1 (default)
2023-07-06 10:48:17,282 [2536bb46-c5d2-4252-aed1-a79348143fe8-groupManagement] INFO  server.RaftServerConfigKeys (ConfUtils.java:logGet(46)) - raft.server.rpc.request.timeout = 60s (custom)
2023-07-06 10:48:17,283 [2536bb46-c5d2-4252-aed1-a79348143fe8-groupManagement] INFO  server.RaftServerConfigKeys (ConfUtils.java:logGet(46)) - raft.server.log.appender.install.snapshot.enabled = false (custom)
2023-07-06 10:48:17,283 [2536bb46-c5d2-4252-aed1-a79348143fe8-groupManagement] INFO  server.RaftServerConfigKeys (ConfUtils.java:logGet(46)) - raft.server.threadpool.server.cached = true (default)
2023-07-06 10:48:17,283 [2536bb46-c5d2-4252-aed1-a79348143fe8-groupManagement] INFO  server.RaftServerConfigKeys (ConfUtils.java:logGet(46)) - raft.server.threadpool.server.size = 0 (default)
2023-07-06 10:48:17,283 [afdb1d22-58a1-4785-9bfd-1bd49c8784e6-groupManagement] INFO  server.RaftServerConfigKeys (ConfUtils.java:logGet(46)) - raft.server.log.write.buffer.size = 1048576 (custom)
2023-07-06 10:48:17,283 [2536bb46-c5d2-4252-aed1-a79348143fe8-groupManagement] INFO  server.RaftServerConfigKeys (ConfUtils.java:logGet(46)) - raft.server.threadpool.client.cached = true (default)
2023-07-06 10:48:17,283 [2536bb46-c5d2-4252-aed1-a79348143fe8-groupManagement] INFO  server.RaftServerConfigKeys (ConfUtils.java:logGet(46)) - raft.server.threadpool.client.size = 0 (default)
2023-07-06 10:48:17,283 [2536bb46-c5d2-4252-aed1-a79348143fe8-groupManagement] INFO  storage.RaftStorageDirectory (RaftStorageDirectoryImpl.java:analyzeStorage(137)) - The storage directory /home/runner/work/ozone/ozone/hadoop-ozone/integration-test/target/test-dir/MiniOzoneClusterImpl-8ecce792-0b29-40a4-bcd2-9922915e3450/datanode-6/data/ratis/1d4f6905-e586-4554-9b7a-f800a58ffc0a does not exist. Creating ...
2023-07-06 10:48:17,284 [afdb1d22-58a1-4785-9bfd-1bd49c8784e6-groupManagement] INFO  server.RaftServerConfigKeys (ConfUtils.java:logGet(46)) - raft.server.log.appender.buffer.byte-limit = 33554432 (custom)
2023-07-06 10:48:17,285 [2536bb46-c5d2-4252-aed1-a79348143fe8-groupManagement] INFO  storage.RaftStorageDirectory (RaftStorageDirectoryImpl.java:tryLock(231)) - Lock on /home/runner/work/ozone/ozone/hadoop-ozone/integration-test/target/test-dir/MiniOzoneClusterImpl-8ecce792-0b29-40a4-bcd2-9922915e3450/datanode-6/data/ratis/1d4f6905-e586-4554-9b7a-f800a58ffc0a/in_use.lock acquired by nodename 110287@fv-az137-100
2023-07-06 10:48:17,287 [2536bb46-c5d2-4252-aed1-a79348143fe8-groupManagement] INFO  storage.RaftStorage (RaftStorageImpl.java:format(96)) - Storage directory /home/runner/work/ozone/ozone/hadoop-ozone/integration-test/target/test-dir/MiniOzoneClusterImpl-8ecce792-0b29-40a4-bcd2-9922915e3450/datanode-6/data/ratis/1d4f6905-e586-4554-9b7a-f800a58ffc0a has been successfully formatted.
2023-07-06 10:48:17,287 [2536bb46-c5d2-4252-aed1-a79348143fe8-groupManagement] INFO  ratis.ContainerStateMachine (ContainerStateMachine.java:loadSnapshot(262)) - group-F800A58FFC0A: The snapshot info is null. Setting the last applied indexto:(t:0, i:~)
2023-07-06 10:48:17,287 [2536bb46-c5d2-4252-aed1-a79348143fe8-groupManagement] INFO  server.RaftServerConfigKeys (ConfUtils.java:logGet(46)) - raft.server.log.use.memory = false (default)
2023-07-06 10:48:17,287 [2536bb46-c5d2-4252-aed1-a79348143fe8-groupManagement] INFO  server.RaftServerConfigKeys (ConfUtils.java:logGet(46)) - raft.server.log.purge.gap = 1000000 (custom)
2023-07-06 10:48:17,288 [2536bb46-c5d2-4252-aed1-a79348143fe8-groupManagement] INFO  server.RaftServerConfigKeys (ConfUtils.java:logGet(46)) - raft.server.log.appender.buffer.byte-limit = 33554432 (custom)
2023-07-06 10:48:17,288 [2536bb46-c5d2-4252-aed1-a79348143fe8-groupManagement] INFO  server.RaftServerConfigKeys (ConfUtils.java:logGet(46)) - raft.server.log.statemachine.data.read.timeout = 1000ms (default)
2023-07-06 10:48:17,288 [2536bb46-c5d2-4252-aed1-a79348143fe8-groupManagement] INFO  server.RaftServerConfigKeys (ConfUtils.java:logGet(46)) - raft.server.log.purge.preservation.log.num = 0 (default)
2023-07-06 10:48:17,288 [2536bb46-c5d2-4252-aed1-a79348143fe8-groupManagement] INFO  server.RaftServerConfigKeys (ConfUtils.java:logGet(46)) - raft.server.log.segment.size.max = 1048576 (custom)
2023-07-06 10:48:17,289 [2536bb46-c5d2-4252-aed1-a79348143fe8-groupManagement] INFO  server.RaftServerConfigKeys (ConfUtils.java:logGet(46)) - raft.server.log.segment.cache.num.max = 2 (custom)
2023-07-06 10:48:17,289 [2536bb46-c5d2-4252-aed1-a79348143fe8-groupManagement] INFO  server.RaftServerConfigKeys (ConfUtils.java:logGet(46)) - raft.server.log.segment.cache.size.max = 200MB (=209715200) (default)
2023-07-06 10:48:17,289 [2536bb46-c5d2-4252-aed1-a79348143fe8-groupManagement] INFO  server.RaftServerConfigKeys (ConfUtils.java:logGet(46)) - raft.server.log.appender.buffer.byte-limit = 33554432 (custom)
2023-07-06 10:48:17,289 [2536bb46-c5d2-4252-aed1-a79348143fe8-groupManagement] INFO  segmented.SegmentedRaftLogWorker (SegmentedRaftLogWorker.java:<init>(188)) - new 2536bb46-c5d2-4252-aed1-a79348143fe8@group-F800A58FFC0A-SegmentedRaftLogWorker for RaftStorageImpl:Storage Directory /home/runner/work/ozone/ozone/hadoop-ozone/integration-test/target/test-dir/MiniOzoneClusterImpl-8ecce792-0b29-40a4-bcd2-9922915e3450/datanode-6/data/ratis/1d4f6905-e586-4554-9b7a-f800a58ffc0a
2023-07-06 10:48:17,289 [2536bb46-c5d2-4252-aed1-a79348143fe8-groupManagement] INFO  server.RaftServerConfigKeys (ConfUtils.java:logGet(46)) - raft.server.log.queue.byte-limit = 4294967296 (custom)
2023-07-06 10:48:17,290 [2536bb46-c5d2-4252-aed1-a79348143fe8-groupManagement] INFO  server.RaftServerConfigKeys (ConfUtils.java:logGet(46)) - raft.server.log.queue.element-limit = 1024 (custom)
2023-07-06 10:48:17,290 [2536bb46-c5d2-4252-aed1-a79348143fe8-groupManagement] INFO  server.RaftServerConfigKeys (ConfUtils.java:logGet(46)) - raft.server.log.segment.size.max = 1048576 (custom)
2023-07-06 10:48:17,290 [2536bb46-c5d2-4252-aed1-a79348143fe8-groupManagement] INFO  server.RaftServerConfigKeys (ConfUtils.java:logGet(46)) - raft.server.log.preallocated.size = 16384 (custom)
2023-07-06 10:48:17,290 [2536bb46-c5d2-4252-aed1-a79348143fe8-groupManagement] INFO  server.RaftServerConfigKeys (ConfUtils.java:logGet(46)) - raft.server.log.force.sync.num = 128 (default)
2023-07-06 10:48:17,290 [2536bb46-c5d2-4252-aed1-a79348143fe8-groupManagement] INFO  server.RaftServerConfigKeys (ConfUtils.java:logGet(46)) - raft.server.log.statemachine.data.sync = true (default)
2023-07-06 10:48:17,290 [2536bb46-c5d2-4252-aed1-a79348143fe8-groupManagement] INFO  server.RaftServerConfigKeys (ConfUtils.java:logGet(46)) - raft.server.log.statemachine.data.sync.timeout = 10s (default)
2023-07-06 10:48:17,290 [2536bb46-c5d2-4252-aed1-a79348143fe8-groupManagement] INFO  server.RaftServerConfigKeys (ConfUtils.java:logGet(46)) - raft.server.log.statemachine.data.sync.timeout.retry = -1 (default)
2023-07-06 10:48:17,290 [EventQueue-OpenPipelineForHealthyPipelineSafeModeRule] INFO  safemode.SCMSafeModeManager (HealthyPipelineSafeModeRule.java:process(137)) - SCM in safe mode. Healthy pipelines reported count is 0, required healthy pipeline reported count is 1
2023-07-06 10:48:17,294 [2536bb46-c5d2-4252-aed1-a79348143fe8-groupManagement] INFO  server.RaftServerConfigKeys (ConfUtils.java:logGet(46)) - raft.server.log.write.buffer.size = 1048576 (custom)
2023-07-06 10:48:17,294 [2536bb46-c5d2-4252-aed1-a79348143fe8-groupManagement] INFO  server.RaftServerConfigKeys (ConfUtils.java:logGet(46)) - raft.server.log.appender.buffer.byte-limit = 33554432 (custom)
2023-07-06 10:48:17,296 [afdb1d22-58a1-4785-9bfd-1bd49c8784e6-groupManagement] INFO  server.RaftServerConfigKeys (ConfUtils.java:logGet(46)) - raft.server.log.unsafe-flush.enabled = false (default)
2023-07-06 10:48:17,296 [afdb1d22-58a1-4785-9bfd-1bd49c8784e6-groupManagement] INFO  server.RaftServerConfigKeys (ConfUtils.java:logGet(46)) - raft.server.log.async-flush.enabled = false (default)
2023-07-06 10:48:17,296 [afdb1d22-58a1-4785-9bfd-1bd49c8784e6-groupManagement] INFO  server.RaftServerConfigKeys (ConfUtils.java:logGet(46)) - raft.server.log.statemachine.data.caching.enabled = true (custom)
2023-07-06 10:48:17,296 [afdb1d22-58a1-4785-9bfd-1bd49c8784e6-groupManagement] INFO  segmented.SegmentedRaftLogWorker (SegmentedRaftLogWorker.java:lambda$new$0(135)) - afdb1d22-58a1-4785-9bfd-1bd49c8784e6@group-FBFD4010B7DC-SegmentedRaftLogWorker: flushIndex: setUnconditionally 0 -> -1
2023-07-06 10:48:17,297 [afdb1d22-58a1-4785-9bfd-1bd49c8784e6-groupManagement] INFO  segmented.SegmentedRaftLogWorker (SegmentedRaftLogWorker.java:lambda$new$0(135)) - afdb1d22-58a1-4785-9bfd-1bd49c8784e6@group-FBFD4010B7DC-SegmentedRaftLogWorker: safeCacheEvictIndex: setUnconditionally 0 -> -1
2023-07-06 10:48:17,297 [afdb1d22-58a1-4785-9bfd-1bd49c8784e6-groupManagement] INFO  server.RaftServer$Division (RaftServerImpl.java:start(342)) - afdb1d22-58a1-4785-9bfd-1bd49c8784e6@group-FBFD4010B7DC: start as a follower, conf=-1: peers:[afdb1d22-58a1-4785-9bfd-1bd49c8784e6|rpc:10.1.0.19:15077|admin:10.1.0.19:15076|client:10.1.0.19:15075|dataStream:10.1.0.19:15078|priority:1|startupRole:FOLLOWER]|listeners:[], old=null
2023-07-06 10:48:17,297 [afdb1d22-58a1-4785-9bfd-1bd49c8784e6-groupManagement] INFO  server.RaftServer$Division (RaftServerImpl.java:setRole(329)) - afdb1d22-58a1-4785-9bfd-1bd49c8784e6@group-FBFD4010B7DC: changes role from      null to FOLLOWER at term 0 for startAsFollower
2023-07-06 10:48:17,297 [afdb1d22-58a1-4785-9bfd-1bd49c8784e6-groupManagement] INFO  impl.RoleInfo (RoleInfo.java:updateAndGet(139)) - afdb1d22-58a1-4785-9bfd-1bd49c8784e6: start afdb1d22-58a1-4785-9bfd-1bd49c8784e6@group-FBFD4010B7DC-FollowerState
2023-07-06 10:48:17,299 [afdb1d22-58a1-4785-9bfd-1bd49c8784e6-groupManagement] INFO  util.JmxRegister (JmxRegister.java:tryRegister(44)) - Successfully registered JMX Bean with object name Ratis:service=RaftServer,group=group-FBFD4010B7DC,id=afdb1d22-58a1-4785-9bfd-1bd49c8784e6
2023-07-06 10:48:17,299 [afdb1d22-58a1-4785-9bfd-1bd49c8784e6-groupManagement] INFO  server.RaftServerConfigKeys (ConfUtils.java:logGet(46)) - raft.server.snapshot.auto.trigger.enabled = true (custom)
2023-07-06 10:48:17,299 [afdb1d22-58a1-4785-9bfd-1bd49c8784e6-groupManagement] INFO  server.RaftServerConfigKeys (ConfUtils.java:logGet(46)) - raft.server.snapshot.auto.trigger.threshold = 10000 (custom)
2023-07-06 10:48:17,299 [afdb1d22-58a1-4785-9bfd-1bd49c8784e6-groupManagement] INFO  server.RaftServerConfigKeys (ConfUtils.java:logGet(46)) - raft.server.snapshot.retention.file.num = 5 (custom)
2023-07-06 10:48:17,299 [afdb1d22-58a1-4785-9bfd-1bd49c8784e6-groupManagement] INFO  server.RaftServerConfigKeys (ConfUtils.java:logGet(46)) - raft.server.log.purge.upto.snapshot.index = false (default)
2023-07-06 10:48:17,300 [afdb1d22-58a1-4785-9bfd-1bd49c8784e6@group-FBFD4010B7DC-FollowerState] INFO  server.RaftServerConfigKeys (ConfUtils.java:logFallback(53)) - raft.server.rpc.first-election.timeout.min = 5s (fallback to raft.server.rpc.timeout.min)
2023-07-06 10:48:17,300 [afdb1d22-58a1-4785-9bfd-1bd49c8784e6@group-FBFD4010B7DC-FollowerState] INFO  server.RaftServerConfigKeys (ConfUtils.java:logFallback(53)) - raft.server.rpc.first-election.timeout.max = 5200ms (fallback to raft.server.rpc.timeout.max)
2023-07-06 10:48:17,304 [PipelineCommandHandlerThread-0] INFO  ratis.XceiverServerRatis (XceiverServerRatis.java:addGroup(804)) - Created group PipelineID=8df9f9fd-24df-4c85-9616-fbfd4010b7dc
2023-07-06 10:48:17,304 [PipelineCommandHandlerThread-0] INFO  commandhandler.CreatePipelineCommandHandler (CreatePipelineCommandHandler.java:lambda$handle$2(124)) - Created Pipeline RATIS ONE PipelineID=8df9f9fd-24df-4c85-9616-fbfd4010b7dc.
2023-07-06 10:48:17,304 [PipelineCommandHandlerThread-0] INFO  server.RaftServer (RaftServerProxy.java:addNew(98)) - afdb1d22-58a1-4785-9bfd-1bd49c8784e6: addNew group-F800A58FFC0A:[30003da1-a7bf-44b2-b897-92f161ae05e1|rpc:10.1.0.19:15086|admin:10.1.0.19:15085|client:10.1.0.19:15084|dataStream:10.1.0.19:15087|priority:0|startupRole:FOLLOWER, 2536bb46-c5d2-4252-aed1-a79348143fe8|rpc:10.1.0.19:15068|admin:10.1.0.19:15067|client:10.1.0.19:15066|dataStream:10.1.0.19:15069|priority:0|startupRole:FOLLOWER, afdb1d22-58a1-4785-9bfd-1bd49c8784e6|rpc:10.1.0.19:15077|admin:10.1.0.19:15076|client:10.1.0.19:15075|dataStream:10.1.0.19:15078|priority:1|startupRole:FOLLOWER] returns group-F800A58FFC0A:java.util.concurrent.CompletableFuture@5763570b[Not completed]
2023-07-06 10:48:17,306 [afdb1d22-58a1-4785-9bfd-1bd49c8784e6-groupManagement] INFO  server.RaftServer$Division (RaftServerImpl.java:<init>(198)) - afdb1d22-58a1-4785-9bfd-1bd49c8784e6: new RaftServerImpl for group-F800A58FFC0A:[30003da1-a7bf-44b2-b897-92f161ae05e1|rpc:10.1.0.19:15086|admin:10.1.0.19:15085|client:10.1.0.19:15084|dataStream:10.1.0.19:15087|priority:0|startupRole:FOLLOWER, 2536bb46-c5d2-4252-aed1-a79348143fe8|rpc:10.1.0.19:15068|admin:10.1.0.19:15067|client:10.1.0.19:15066|dataStream:10.1.0.19:15069|priority:0|startupRole:FOLLOWER, afdb1d22-58a1-4785-9bfd-1bd49c8784e6|rpc:10.1.0.19:15077|admin:10.1.0.19:15076|client:10.1.0.19:15075|dataStream:10.1.0.19:15078|priority:1|startupRole:FOLLOWER] with ContainerStateMachine:uninitialized
2023-07-06 10:48:17,306 [afdb1d22-58a1-4785-9bfd-1bd49c8784e6-groupManagement] INFO  server.RaftServerConfigKeys (ConfUtils.java:logGet(46)) - raft.server.rpc.timeout.min = 5s (custom)
2023-07-06 10:48:17,306 [afdb1d22-58a1-4785-9bfd-1bd49c8784e6-groupManagement] INFO  server.RaftServerConfigKeys (ConfUtils.java:logGet(46)) - raft.server.rpc.timeout.max = 5200ms (custom)
2023-07-06 10:48:17,306 [afdb1d22-58a1-4785-9bfd-1bd49c8784e6-groupManagement] INFO  server.RaftServerConfigKeys (ConfUtils.java:logGet(46)) - raft.server.rpc.sleep.time = 25ms (default)
2023-07-06 10:48:17,306 [afdb1d22-58a1-4785-9bfd-1bd49c8784e6-groupManagement] INFO  server.RaftServerConfigKeys (ConfUtils.java:logGet(46)) - raft.server.rpc.slowness.timeout = 300s (custom)
2023-07-06 10:48:17,306 [afdb1d22-58a1-4785-9bfd-1bd49c8784e6-groupManagement] INFO  server.RaftServerConfigKeys (ConfUtils.java:logGet(46)) - raft.server.leaderelection.leader.step-down.wait-time = 10s (default)
2023-07-06 10:48:17,306 [afdb1d22-58a1-4785-9bfd-1bd49c8784e6-groupManagement] INFO  server.RaftServerConfigKeys (ConfUtils.java:logGet(46)) - raft.server.sleep.deviation.threshold = 300ms (default)
2023-07-06 10:48:17,306 [afdb1d22-58a1-4785-9bfd-1bd49c8784e6-groupManagement] INFO  server.RaftServer$Division (ServerState.java:<init>(120)) - afdb1d22-58a1-4785-9bfd-1bd49c8784e6@group-F800A58FFC0A: ConfigurationManager, init=-1: peers:[30003da1-a7bf-44b2-b897-92f161ae05e1|rpc:10.1.0.19:15086|admin:10.1.0.19:15085|client:10.1.0.19:15084|dataStream:10.1.0.19:15087|priority:0|startupRole:FOLLOWER, 2536bb46-c5d2-4252-aed1-a79348143fe8|rpc:10.1.0.19:15068|admin:10.1.0.19:15067|client:10.1.0.19:15066|dataStream:10.1.0.19:15069|priority:0|startupRole:FOLLOWER, afdb1d22-58a1-4785-9bfd-1bd49c8784e6|rpc:10.1.0.19:15077|admin:10.1.0.19:15076|client:10.1.0.19:15075|dataStream:10.1.0.19:15078|priority:1|startupRole:FOLLOWER]|listeners:[], old=null, confs=<EMPTY_MAP>
2023-07-06 10:48:17,307 [afdb1d22-58a1-4785-9bfd-1bd49c8784e6-groupManagement] INFO  server.RaftServerConfigKeys (ConfUtils.java:logGet(46)) - raft.server.storage.dir = [/home/runner/work/ozone/ozone/hadoop-ozone/integration-test/target/test-dir/MiniOzoneClusterImpl-8ecce792-0b29-40a4-bcd2-9922915e3450/datanode-7/data/ratis] (custom)
2023-07-06 10:48:17,307 [afdb1d22-58a1-4785-9bfd-1bd49c8784e6-groupManagement] INFO  server.RaftServerConfigKeys (ConfUtils.java:logGet(46)) - raft.server.log.corruption.policy = EXCEPTION (default)
2023-07-06 10:48:17,307 [afdb1d22-58a1-4785-9bfd-1bd49c8784e6-groupManagement] INFO  server.RaftServerConfigKeys (ConfUtils.java:logGet(46)) - raft.server.storage.free-space.min = 0MB (=0) (default)
2023-07-06 10:48:17,307 [afdb1d22-58a1-4785-9bfd-1bd49c8784e6-groupManagement] INFO  server.RaftServerConfigKeys (ConfUtils.java:logGet(46)) - raft.server.notification.no-leader.timeout = 300s (custom)
2023-07-06 10:48:17,307 [afdb1d22-58a1-4785-9bfd-1bd49c8784e6-groupManagement] INFO  server.RaftServerConfigKeys (ConfUtils.java:logGet(46)) - raft.server.read.timeout = 10s (default)
2023-07-06 10:48:17,307 [2536bb46-c5d2-4252-aed1-a79348143fe8-groupManagement] INFO  server.RaftServerConfigKeys (ConfUtils.java:logGet(46)) - raft.server.log.unsafe-flush.enabled = false (default)
2023-07-06 10:48:17,307 [afdb1d22-58a1-4785-9bfd-1bd49c8784e6-groupManagement] INFO  server.RaftServerConfigKeys (ConfUtils.java:logGet(46)) - raft.server.retrycache.expirytime = 600000ms (custom)
2023-07-06 10:48:17,307 [afdb1d22-58a1-4785-9bfd-1bd49c8784e6-groupManagement] INFO  server.RaftServerConfigKeys (ConfUtils.java:logGet(46)) - raft.server.retrycache.statistics.expirytime = 100μs (default)
2023-07-06 10:48:17,308 [afdb1d22-58a1-4785-9bfd-1bd49c8784e6-groupManagement] INFO  server.RaftServerConfigKeys (ConfUtils.java:logGet(46)) - raft.server.read.option = DEFAULT (default)
2023-07-06 10:48:17,307 [2536bb46-c5d2-4252-aed1-a79348143fe8-groupManagement] INFO  server.RaftServerConfigKeys (ConfUtils.java:logGet(46)) - raft.server.log.async-flush.enabled = false (default)
2023-07-06 10:48:17,309 [2536bb46-c5d2-4252-aed1-a79348143fe8-groupManagement] INFO  server.RaftServerConfigKeys (ConfUtils.java:logGet(46)) - raft.server.log.statemachine.data.caching.enabled = true (custom)
2023-07-06 10:48:17,309 [2536bb46-c5d2-4252-aed1-a79348143fe8-groupManagement] INFO  segmented.SegmentedRaftLogWorker (SegmentedRaftLogWorker.java:lambda$new$0(135)) - 2536bb46-c5d2-4252-aed1-a79348143fe8@group-F800A58FFC0A-SegmentedRaftLogWorker: flushIndex: setUnconditionally 0 -> -1
2023-07-06 10:48:17,309 [2536bb46-c5d2-4252-aed1-a79348143fe8-groupManagement] INFO  segmented.SegmentedRaftLogWorker (SegmentedRaftLogWorker.java:lambda$new$0(135)) - 2536bb46-c5d2-4252-aed1-a79348143fe8@group-F800A58FFC0A-SegmentedRaftLogWorker: safeCacheEvictIndex: setUnconditionally 0 -> -1
2023-07-06 10:48:17,309 [afdb1d22-58a1-4785-9bfd-1bd49c8784e6-groupManagement] INFO  server.RaftServerConfigKeys (ConfUtils.java:logGet(46)) - raft.server.rpc.request.timeout = 60s (custom)
2023-07-06 10:48:17,310 [afdb1d22-58a1-4785-9bfd-1bd49c8784e6-groupManagement] INFO  server.RaftServerConfigKeys (ConfUtils.java:logGet(46)) - raft.server.log.appender.install.snapshot.enabled = false (custom)
2023-07-06 10:48:17,310 [afdb1d22-58a1-4785-9bfd-1bd49c8784e6-groupManagement] INFO  server.RaftServerConfigKeys (ConfUtils.java:logGet(46)) - raft.server.threadpool.server.cached = true (default)
2023-07-06 10:48:17,310 [afdb1d22-58a1-4785-9bfd-1bd49c8784e6-groupManagement] INFO  server.RaftServerConfigKeys (ConfUtils.java:logGet(46)) - raft.server.threadpool.server.size = 0 (default)
2023-07-06 10:48:17,310 [afdb1d22-58a1-4785-9bfd-1bd49c8784e6-groupManagement] INFO  server.RaftServerConfigKeys (ConfUtils.java:logGet(46)) - raft.server.threadpool.client.cached = true (default)
2023-07-06 10:48:17,310 [afdb1d22-58a1-4785-9bfd-1bd49c8784e6-groupManagement] INFO  server.RaftServerConfigKeys (ConfUtils.java:logGet(46)) - raft.server.threadpool.client.size = 0 (default)
2023-07-06 10:48:17,310 [afdb1d22-58a1-4785-9bfd-1bd49c8784e6-groupManagement] INFO  storage.RaftStorageDirectory (RaftStorageDirectoryImpl.java:analyzeStorage(137)) - The storage directory /home/runner/work/ozone/ozone/hadoop-ozone/integration-test/target/test-dir/MiniOzoneClusterImpl-8ecce792-0b29-40a4-bcd2-9922915e3450/datanode-7/data/ratis/1d4f6905-e586-4554-9b7a-f800a58ffc0a does not exist. Creating ...
2023-07-06 10:48:17,311 [2536bb46-c5d2-4252-aed1-a79348143fe8-groupManagement] INFO  server.RaftServer$Division (RaftServerImpl.java:start(342)) - 2536bb46-c5d2-4252-aed1-a79348143fe8@group-F800A58FFC0A: start as a follower, conf=-1: peers:[30003da1-a7bf-44b2-b897-92f161ae05e1|rpc:10.1.0.19:15086|admin:10.1.0.19:15085|client:10.1.0.19:15084|dataStream:10.1.0.19:15087|priority:0|startupRole:FOLLOWER, 2536bb46-c5d2-4252-aed1-a79348143fe8|rpc:10.1.0.19:15068|admin:10.1.0.19:15067|client:10.1.0.19:15066|dataStream:10.1.0.19:15069|priority:0|startupRole:FOLLOWER, afdb1d22-58a1-4785-9bfd-1bd49c8784e6|rpc:10.1.0.19:15077|admin:10.1.0.19:15076|client:10.1.0.19:15075|dataStream:10.1.0.19:15078|priority:1|startupRole:FOLLOWER]|listeners:[], old=null
2023-07-06 10:48:17,312 [afdb1d22-58a1-4785-9bfd-1bd49c8784e6-groupManagement] INFO  storage.RaftStorageDirectory (RaftStorageDirectoryImpl.java:tryLock(231)) - Lock on /home/runner/work/ozone/ozone/hadoop-ozone/integration-test/target/test-dir/MiniOzoneClusterImpl-8ecce792-0b29-40a4-bcd2-9922915e3450/datanode-7/data/ratis/1d4f6905-e586-4554-9b7a-f800a58ffc0a/in_use.lock acquired by nodename 110287@fv-az137-100
2023-07-06 10:48:17,315 [2536bb46-c5d2-4252-aed1-a79348143fe8-groupManagement] INFO  server.RaftServer$Division (RaftServerImpl.java:setRole(329)) - 2536bb46-c5d2-4252-aed1-a79348143fe8@group-F800A58FFC0A: changes role from      null to FOLLOWER at term 0 for startAsFollower
2023-07-06 10:48:17,315 [2536bb46-c5d2-4252-aed1-a79348143fe8-groupManagement] INFO  impl.RoleInfo (RoleInfo.java:updateAndGet(139)) - 2536bb46-c5d2-4252-aed1-a79348143fe8: start 2536bb46-c5d2-4252-aed1-a79348143fe8@group-F800A58FFC0A-FollowerState
2023-07-06 10:48:17,316 [2536bb46-c5d2-4252-aed1-a79348143fe8-groupManagement] INFO  util.JmxRegister (JmxRegister.java:tryRegister(44)) - Successfully registered JMX Bean with object name Ratis:service=RaftServer,group=group-F800A58FFC0A,id=2536bb46-c5d2-4252-aed1-a79348143fe8
2023-07-06 10:48:17,316 [2536bb46-c5d2-4252-aed1-a79348143fe8-groupManagement] INFO  server.RaftServerConfigKeys (ConfUtils.java:logGet(46)) - raft.server.snapshot.auto.trigger.enabled = true (custom)
2023-07-06 10:48:17,316 [2536bb46-c5d2-4252-aed1-a79348143fe8-groupManagement] INFO  server.RaftServerConfigKeys (ConfUtils.java:logGet(46)) - raft.server.snapshot.auto.trigger.threshold = 10000 (custom)
2023-07-06 10:48:17,316 [2536bb46-c5d2-4252-aed1-a79348143fe8-groupManagement] INFO  server.RaftServerConfigKeys (ConfUtils.java:logGet(46)) - raft.server.snapshot.retention.file.num = 5 (custom)
2023-07-06 10:48:17,316 [2536bb46-c5d2-4252-aed1-a79348143fe8-groupManagement] INFO  server.RaftServerConfigKeys (ConfUtils.java:logGet(46)) - raft.server.log.purge.upto.snapshot.index = false (default)
2023-07-06 10:48:17,317 [2536bb46-c5d2-4252-aed1-a79348143fe8@group-F800A58FFC0A-FollowerState] INFO  server.RaftServerConfigKeys (ConfUtils.java:logFallback(53)) - raft.server.rpc.first-election.timeout.min = 5s (fallback to raft.server.rpc.timeout.min)
2023-07-06 10:48:17,317 [2536bb46-c5d2-4252-aed1-a79348143fe8@group-F800A58FFC0A-FollowerState] INFO  server.RaftServerConfigKeys (ConfUtils.java:logFallback(53)) - raft.server.rpc.first-election.timeout.max = 5200ms (fallback to raft.server.rpc.timeout.max)
2023-07-06 10:48:17,317 [afdb1d22-58a1-4785-9bfd-1bd49c8784e6-groupManagement] INFO  storage.RaftStorage (RaftStorageImpl.java:format(96)) - Storage directory /home/runner/work/ozone/ozone/hadoop-ozone/integration-test/target/test-dir/MiniOzoneClusterImpl-8ecce792-0b29-40a4-bcd2-9922915e3450/datanode-7/data/ratis/1d4f6905-e586-4554-9b7a-f800a58ffc0a has been successfully formatted.
2023-07-06 10:48:17,317 [PipelineCommandHandlerThread-0] INFO  ratis.XceiverServerRatis (XceiverServerRatis.java:addGroup(804)) - Created group PipelineID=1d4f6905-e586-4554-9b7a-f800a58ffc0a
2023-07-06 10:48:17,318 [afdb1d22-58a1-4785-9bfd-1bd49c8784e6-groupManagement] INFO  ratis.ContainerStateMachine (ContainerStateMachine.java:loadSnapshot(262)) - group-F800A58FFC0A: The snapshot info is null. Setting the last applied indexto:(t:0, i:~)
2023-07-06 10:48:17,318 [afdb1d22-58a1-4785-9bfd-1bd49c8784e6-groupManagement] INFO  server.RaftServerConfigKeys (ConfUtils.java:logGet(46)) - raft.server.log.use.memory = false (default)
2023-07-06 10:48:17,319 [afdb1d22-58a1-4785-9bfd-1bd49c8784e6-groupManagement] INFO  server.RaftServerConfigKeys (ConfUtils.java:logGet(46)) - raft.server.log.purge.gap = 1000000 (custom)
2023-07-06 10:48:17,319 [afdb1d22-58a1-4785-9bfd-1bd49c8784e6-groupManagement] INFO  server.RaftServerConfigKeys (ConfUtils.java:logGet(46)) - raft.server.log.appender.buffer.byte-limit = 33554432 (custom)
2023-07-06 10:48:17,319 [afdb1d22-58a1-4785-9bfd-1bd49c8784e6-groupManagement] INFO  server.RaftServerConfigKeys (ConfUtils.java:logGet(46)) - raft.server.log.statemachine.data.read.timeout = 1000ms (default)
2023-07-06 10:48:17,319 [afdb1d22-58a1-4785-9bfd-1bd49c8784e6-groupManagement] INFO  server.RaftServerConfigKeys (ConfUtils.java:logGet(46)) - raft.server.log.purge.preservation.log.num = 0 (default)
2023-07-06 10:48:17,320 [afdb1d22-58a1-4785-9bfd-1bd49c8784e6-groupManagement] INFO  server.RaftServerConfigKeys (ConfUtils.java:logGet(46)) - raft.server.log.segment.size.max = 1048576 (custom)
2023-07-06 10:48:17,321 [afdb1d22-58a1-4785-9bfd-1bd49c8784e6-groupManagement] INFO  server.RaftServerConfigKeys (ConfUtils.java:logGet(46)) - raft.server.log.segment.cache.num.max = 2 (custom)
2023-07-06 10:48:17,321 [afdb1d22-58a1-4785-9bfd-1bd49c8784e6-groupManagement] INFO  server.RaftServerConfigKeys (ConfUtils.java:logGet(46)) - raft.server.log.segment.cache.size.max = 200MB (=209715200) (default)
2023-07-06 10:48:17,321 [afdb1d22-58a1-4785-9bfd-1bd49c8784e6-groupManagement] INFO  server.RaftServerConfigKeys (ConfUtils.java:logGet(46)) - raft.server.log.appender.buffer.byte-limit = 33554432 (custom)
2023-07-06 10:48:17,321 [afdb1d22-58a1-4785-9bfd-1bd49c8784e6-groupManagement] INFO  segmented.SegmentedRaftLogWorker (SegmentedRaftLogWorker.java:<init>(188)) - new afdb1d22-58a1-4785-9bfd-1bd49c8784e6@group-F800A58FFC0A-SegmentedRaftLogWorker for RaftStorageImpl:Storage Directory /home/runner/work/ozone/ozone/hadoop-ozone/integration-test/target/test-dir/MiniOzoneClusterImpl-8ecce792-0b29-40a4-bcd2-9922915e3450/datanode-7/data/ratis/1d4f6905-e586-4554-9b7a-f800a58ffc0a
2023-07-06 10:48:17,321 [afdb1d22-58a1-4785-9bfd-1bd49c8784e6-groupManagement] INFO  server.RaftServerConfigKeys (ConfUtils.java:logGet(46)) - raft.server.log.queue.byte-limit = 4294967296 (custom)
2023-07-06 10:48:17,323 [EventQueue-OpenPipelineForHealthyPipelineSafeModeRule] INFO  safemode.SCMSafeModeManager (HealthyPipelineSafeModeRule.java:process(137)) - SCM in safe mode. Healthy pipelines reported count is 0, required healthy pipeline reported count is 1
2023-07-06 10:48:17,323 [afdb1d22-58a1-4785-9bfd-1bd49c8784e6-groupManagement] INFO  server.RaftServerConfigKeys (ConfUtils.java:logGet(46)) - raft.server.log.queue.element-limit = 1024 (custom)
2023-07-06 10:48:17,323 [afdb1d22-58a1-4785-9bfd-1bd49c8784e6-groupManagement] INFO  server.RaftServerConfigKeys (ConfUtils.java:logGet(46)) - raft.server.log.segment.size.max = 1048576 (custom)
2023-07-06 10:48:17,332 [afdb1d22-58a1-4785-9bfd-1bd49c8784e6-groupManagement] INFO  server.RaftServerConfigKeys (ConfUtils.java:logGet(46)) - raft.server.log.preallocated.size = 16384 (custom)
2023-07-06 10:48:17,332 [afdb1d22-58a1-4785-9bfd-1bd49c8784e6-groupManagement] INFO  server.RaftServerConfigKeys (ConfUtils.java:logGet(46)) - raft.server.log.force.sync.num = 128 (default)
2023-07-06 10:48:17,332 [afdb1d22-58a1-4785-9bfd-1bd49c8784e6-groupManagement] INFO  server.RaftServerConfigKeys (ConfUtils.java:logGet(46)) - raft.server.log.statemachine.data.sync = true (default)
2023-07-06 10:48:17,332 [afdb1d22-58a1-4785-9bfd-1bd49c8784e6-groupManagement] INFO  server.RaftServerConfigKeys (ConfUtils.java:logGet(46)) - raft.server.log.statemachine.data.sync.timeout = 10s (default)
2023-07-06 10:48:17,332 [afdb1d22-58a1-4785-9bfd-1bd49c8784e6-groupManagement] INFO  server.RaftServerConfigKeys (ConfUtils.java:logGet(46)) - raft.server.log.statemachine.data.sync.timeout.retry = -1 (default)
2023-07-06 10:48:17,336 [afdb1d22-58a1-4785-9bfd-1bd49c8784e6-groupManagement] INFO  server.RaftServerConfigKeys (ConfUtils.java:logGet(46)) - raft.server.log.write.buffer.size = 1048576 (custom)
2023-07-06 10:48:17,341 [afdb1d22-58a1-4785-9bfd-1bd49c8784e6-groupManagement] INFO  server.RaftServerConfigKeys (ConfUtils.java:logGet(46)) - raft.server.log.appender.buffer.byte-limit = 33554432 (custom)
2023-07-06 10:48:17,348 [afdb1d22-58a1-4785-9bfd-1bd49c8784e6-groupManagement] INFO  server.RaftServerConfigKeys (ConfUtils.java:logGet(46)) - raft.server.log.unsafe-flush.enabled = false (default)
2023-07-06 10:48:17,348 [afdb1d22-58a1-4785-9bfd-1bd49c8784e6-groupManagement] INFO  server.RaftServerConfigKeys (ConfUtils.java:logGet(46)) - raft.server.log.async-flush.enabled = false (default)
2023-07-06 10:48:17,348 [afdb1d22-58a1-4785-9bfd-1bd49c8784e6-groupManagement] INFO  server.RaftServerConfigKeys (ConfUtils.java:logGet(46)) - raft.server.log.statemachine.data.caching.enabled = true (custom)
2023-07-06 10:48:17,348 [afdb1d22-58a1-4785-9bfd-1bd49c8784e6-groupManagement] INFO  segmented.SegmentedRaftLogWorker (SegmentedRaftLogWorker.java:lambda$new$0(135)) - afdb1d22-58a1-4785-9bfd-1bd49c8784e6@group-F800A58FFC0A-SegmentedRaftLogWorker: flushIndex: setUnconditionally 0 -> -1
2023-07-06 10:48:17,348 [afdb1d22-58a1-4785-9bfd-1bd49c8784e6-groupManagement] INFO  segmented.SegmentedRaftLogWorker (SegmentedRaftLogWorker.java:lambda$new$0(135)) - afdb1d22-58a1-4785-9bfd-1bd49c8784e6@group-F800A58FFC0A-SegmentedRaftLogWorker: safeCacheEvictIndex: setUnconditionally 0 -> -1
2023-07-06 10:48:17,357 [afdb1d22-58a1-4785-9bfd-1bd49c8784e6-groupManagement] INFO  server.RaftServer$Division (RaftServerImpl.java:start(342)) - afdb1d22-58a1-4785-9bfd-1bd49c8784e6@group-F800A58FFC0A: start as a follower, conf=-1: peers:[30003da1-a7bf-44b2-b897-92f161ae05e1|rpc:10.1.0.19:15086|admin:10.1.0.19:15085|client:10.1.0.19:15084|dataStream:10.1.0.19:15087|priority:0|startupRole:FOLLOWER, 2536bb46-c5d2-4252-aed1-a79348143fe8|rpc:10.1.0.19:15068|admin:10.1.0.19:15067|client:10.1.0.19:15066|dataStream:10.1.0.19:15069|priority:0|startupRole:FOLLOWER, afdb1d22-58a1-4785-9bfd-1bd49c8784e6|rpc:10.1.0.19:15077|admin:10.1.0.19:15076|client:10.1.0.19:15075|dataStream:10.1.0.19:15078|priority:1|startupRole:FOLLOWER]|listeners:[], old=null
2023-07-06 10:48:17,357 [afdb1d22-58a1-4785-9bfd-1bd49c8784e6-groupManagement] INFO  server.RaftServer$Division (RaftServerImpl.java:setRole(329)) - afdb1d22-58a1-4785-9bfd-1bd49c8784e6@group-F800A58FFC0A: changes role from      null to FOLLOWER at term 0 for startAsFollower
2023-07-06 10:48:17,357 [afdb1d22-58a1-4785-9bfd-1bd49c8784e6-groupManagement] INFO  impl.RoleInfo (RoleInfo.java:updateAndGet(139)) - afdb1d22-58a1-4785-9bfd-1bd49c8784e6: start afdb1d22-58a1-4785-9bfd-1bd49c8784e6@group-F800A58FFC0A-FollowerState
2023-07-06 10:48:17,358 [afdb1d22-58a1-4785-9bfd-1bd49c8784e6-groupManagement] INFO  util.JmxRegister (JmxRegister.java:tryRegister(44)) - Successfully registered JMX Bean with object name Ratis:service=RaftServer,group=group-F800A58FFC0A,id=afdb1d22-58a1-4785-9bfd-1bd49c8784e6
2023-07-06 10:48:17,358 [afdb1d22-58a1-4785-9bfd-1bd49c8784e6-groupManagement] INFO  server.RaftServerConfigKeys (ConfUtils.java:logGet(46)) - raft.server.snapshot.auto.trigger.enabled = true (custom)
2023-07-06 10:48:17,358 [afdb1d22-58a1-4785-9bfd-1bd49c8784e6-groupManagement] INFO  server.RaftServerConfigKeys (ConfUtils.java:logGet(46)) - raft.server.snapshot.auto.trigger.threshold = 10000 (custom)
2023-07-06 10:48:17,358 [afdb1d22-58a1-4785-9bfd-1bd49c8784e6-groupManagement] INFO  server.RaftServerConfigKeys (ConfUtils.java:logGet(46)) - raft.server.snapshot.retention.file.num = 5 (custom)
2023-07-06 10:48:17,358 [afdb1d22-58a1-4785-9bfd-1bd49c8784e6-groupManagement] INFO  server.RaftServerConfigKeys (ConfUtils.java:logGet(46)) - raft.server.log.purge.upto.snapshot.index = false (default)
2023-07-06 10:48:17,359 [afdb1d22-58a1-4785-9bfd-1bd49c8784e6@group-F800A58FFC0A-FollowerState] INFO  server.RaftServerConfigKeys (ConfUtils.java:logFallback(53)) - raft.server.rpc.first-election.timeout.min = 5s (fallback to raft.server.rpc.timeout.min)
2023-07-06 10:48:17,359 [afdb1d22-58a1-4785-9bfd-1bd49c8784e6@group-F800A58FFC0A-FollowerState] INFO  server.RaftServerConfigKeys (ConfUtils.java:logFallback(53)) - raft.server.rpc.first-election.timeout.max = 5200ms (fallback to raft.server.rpc.timeout.max)
2023-07-06 10:48:17,359 [PipelineCommandHandlerThread-0] INFO  ratis.XceiverServerRatis (XceiverServerRatis.java:addGroup(804)) - Created group PipelineID=1d4f6905-e586-4554-9b7a-f800a58ffc0a
2023-07-06 10:48:17,384 [grpc-default-executor-0] INFO  server.RaftServer (RaftServerProxy.java:addNew(98)) - 30003da1-a7bf-44b2-b897-92f161ae05e1: addNew group-F800A58FFC0A:[30003da1-a7bf-44b2-b897-92f161ae05e1|rpc:10.1.0.19:15086|admin:10.1.0.19:15085|client:10.1.0.19:15084|dataStream:10.1.0.19:15087|priority:0|startupRole:FOLLOWER, 2536bb46-c5d2-4252-aed1-a79348143fe8|rpc:10.1.0.19:15068|admin:10.1.0.19:15067|client:10.1.0.19:15066|dataStream:10.1.0.19:15069|priority:0|startupRole:FOLLOWER, afdb1d22-58a1-4785-9bfd-1bd49c8784e6|rpc:10.1.0.19:15077|admin:10.1.0.19:15076|client:10.1.0.19:15075|dataStream:10.1.0.19:15078|priority:1|startupRole:FOLLOWER] returns group-F800A58FFC0A:java.util.concurrent.CompletableFuture@3c2f7323[Not completed]
2023-07-06 10:48:17,385 [30003da1-a7bf-44b2-b897-92f161ae05e1-groupManagement] INFO  server.RaftServer$Division (RaftServerImpl.java:<init>(198)) - 30003da1-a7bf-44b2-b897-92f161ae05e1: new RaftServerImpl for group-F800A58FFC0A:[30003da1-a7bf-44b2-b897-92f161ae05e1|rpc:10.1.0.19:15086|admin:10.1.0.19:15085|client:10.1.0.19:15084|dataStream:10.1.0.19:15087|priority:0|startupRole:FOLLOWER, 2536bb46-c5d2-4252-aed1-a79348143fe8|rpc:10.1.0.19:15068|admin:10.1.0.19:15067|client:10.1.0.19:15066|dataStream:10.1.0.19:15069|priority:0|startupRole:FOLLOWER, afdb1d22-58a1-4785-9bfd-1bd49c8784e6|rpc:10.1.0.19:15077|admin:10.1.0.19:15076|client:10.1.0.19:15075|dataStream:10.1.0.19:15078|priority:1|startupRole:FOLLOWER] with ContainerStateMachine:uninitialized
2023-07-06 10:48:17,385 [30003da1-a7bf-44b2-b897-92f161ae05e1-groupManagement] INFO  server.RaftServerConfigKeys (ConfUtils.java:logGet(46)) - raft.server.rpc.timeout.min = 5s (custom)
2023-07-06 10:48:17,386 [30003da1-a7bf-44b2-b897-92f161ae05e1-groupManagement] INFO  server.RaftServerConfigKeys (ConfUtils.java:logGet(46)) - raft.server.rpc.timeout.max = 5200ms (custom)
2023-07-06 10:48:17,386 [30003da1-a7bf-44b2-b897-92f161ae05e1-groupManagement] INFO  server.RaftServerConfigKeys (ConfUtils.java:logGet(46)) - raft.server.rpc.sleep.time = 25ms (default)
2023-07-06 10:48:17,386 [30003da1-a7bf-44b2-b897-92f161ae05e1-groupManagement] INFO  server.RaftServerConfigKeys (ConfUtils.java:logGet(46)) - raft.server.rpc.slowness.timeout = 300s (custom)
2023-07-06 10:48:17,386 [30003da1-a7bf-44b2-b897-92f161ae05e1-groupManagement] INFO  server.RaftServerConfigKeys (ConfUtils.java:logGet(46)) - raft.server.leaderelection.leader.step-down.wait-time = 10s (default)
2023-07-06 10:48:17,386 [30003da1-a7bf-44b2-b897-92f161ae05e1-groupManagement] INFO  server.RaftServerConfigKeys (ConfUtils.java:logGet(46)) - raft.server.sleep.deviation.threshold = 300ms (default)
2023-07-06 10:48:17,386 [30003da1-a7bf-44b2-b897-92f161ae05e1-groupManagement] INFO  server.RaftServer$Division (ServerState.java:<init>(120)) - 30003da1-a7bf-44b2-b897-92f161ae05e1@group-F800A58FFC0A: ConfigurationManager, init=-1: peers:[30003da1-a7bf-44b2-b897-92f161ae05e1|rpc:10.1.0.19:15086|admin:10.1.0.19:15085|client:10.1.0.19:15084|dataStream:10.1.0.19:15087|priority:0|startupRole:FOLLOWER, 2536bb46-c5d2-4252-aed1-a79348143fe8|rpc:10.1.0.19:15068|admin:10.1.0.19:15067|client:10.1.0.19:15066|dataStream:10.1.0.19:15069|priority:0|startupRole:FOLLOWER, afdb1d22-58a1-4785-9bfd-1bd49c8784e6|rpc:10.1.0.19:15077|admin:10.1.0.19:15076|client:10.1.0.19:15075|dataStream:10.1.0.19:15078|priority:1|startupRole:FOLLOWER]|listeners:[], old=null, confs=<EMPTY_MAP>
2023-07-06 10:48:17,386 [30003da1-a7bf-44b2-b897-92f161ae05e1-groupManagement] INFO  server.RaftServerConfigKeys (ConfUtils.java:logGet(46)) - raft.server.storage.dir = [/home/runner/work/ozone/ozone/hadoop-ozone/integration-test/target/test-dir/MiniOzoneClusterImpl-8ecce792-0b29-40a4-bcd2-9922915e3450/datanode-8/data/ratis] (custom)
2023-07-06 10:48:17,386 [30003da1-a7bf-44b2-b897-92f161ae05e1-groupManagement] INFO  server.RaftServerConfigKeys (ConfUtils.java:logGet(46)) - raft.server.log.corruption.policy = EXCEPTION (default)
2023-07-06 10:48:17,386 [30003da1-a7bf-44b2-b897-92f161ae05e1-groupManagement] INFO  server.RaftServerConfigKeys (ConfUtils.java:logGet(46)) - raft.server.storage.free-space.min = 0MB (=0) (default)
2023-07-06 10:48:17,386 [30003da1-a7bf-44b2-b897-92f161ae05e1-groupManagement] INFO  server.RaftServerConfigKeys (ConfUtils.java:logGet(46)) - raft.server.notification.no-leader.timeout = 300s (custom)
2023-07-06 10:48:17,386 [30003da1-a7bf-44b2-b897-92f161ae05e1-groupManagement] INFO  server.RaftServerConfigKeys (ConfUtils.java:logGet(46)) - raft.server.read.timeout = 10s (default)
2023-07-06 10:48:17,387 [30003da1-a7bf-44b2-b897-92f161ae05e1-groupManagement] INFO  server.RaftServerConfigKeys (ConfUtils.java:logGet(46)) - raft.server.retrycache.expirytime = 600000ms (custom)
2023-07-06 10:48:17,387 [30003da1-a7bf-44b2-b897-92f161ae05e1-groupManagement] INFO  server.RaftServerConfigKeys (ConfUtils.java:logGet(46)) - raft.server.retrycache.statistics.expirytime = 100μs (default)
2023-07-06 10:48:17,387 [30003da1-a7bf-44b2-b897-92f161ae05e1-groupManagement] INFO  server.RaftServerConfigKeys (ConfUtils.java:logGet(46)) - raft.server.read.option = DEFAULT (default)
2023-07-06 10:48:17,388 [30003da1-a7bf-44b2-b897-92f161ae05e1-groupManagement] INFO  server.RaftServerConfigKeys (ConfUtils.java:logGet(46)) - raft.server.rpc.request.timeout = 60s (custom)
2023-07-06 10:48:17,388 [30003da1-a7bf-44b2-b897-92f161ae05e1-groupManagement] INFO  server.RaftServerConfigKeys (ConfUtils.java:logGet(46)) - raft.server.log.appender.install.snapshot.enabled = false (custom)
2023-07-06 10:48:17,388 [30003da1-a7bf-44b2-b897-92f161ae05e1-groupManagement] INFO  server.RaftServerConfigKeys (ConfUtils.java:logGet(46)) - raft.server.threadpool.server.cached = true (default)
2023-07-06 10:48:17,388 [30003da1-a7bf-44b2-b897-92f161ae05e1-groupManagement] INFO  server.RaftServerConfigKeys (ConfUtils.java:logGet(46)) - raft.server.threadpool.server.size = 0 (default)
2023-07-06 10:48:17,388 [30003da1-a7bf-44b2-b897-92f161ae05e1-groupManagement] INFO  server.RaftServerConfigKeys (ConfUtils.java:logGet(46)) - raft.server.threadpool.client.cached = true (default)
2023-07-06 10:48:17,388 [30003da1-a7bf-44b2-b897-92f161ae05e1-groupManagement] INFO  server.RaftServerConfigKeys (ConfUtils.java:logGet(46)) - raft.server.threadpool.client.size = 0 (default)
2023-07-06 10:48:17,389 [30003da1-a7bf-44b2-b897-92f161ae05e1-groupManagement] INFO  storage.RaftStorageDirectory (RaftStorageDirectoryImpl.java:analyzeStorage(137)) - The storage directory /home/runner/work/ozone/ozone/hadoop-ozone/integration-test/target/test-dir/MiniOzoneClusterImpl-8ecce792-0b29-40a4-bcd2-9922915e3450/datanode-8/data/ratis/1d4f6905-e586-4554-9b7a-f800a58ffc0a does not exist. Creating ...
2023-07-06 10:48:17,391 [30003da1-a7bf-44b2-b897-92f161ae05e1-groupManagement] INFO  storage.RaftStorageDirectory (RaftStorageDirectoryImpl.java:tryLock(231)) - Lock on /home/runner/work/ozone/ozone/hadoop-ozone/integration-test/target/test-dir/MiniOzoneClusterImpl-8ecce792-0b29-40a4-bcd2-9922915e3450/datanode-8/data/ratis/1d4f6905-e586-4554-9b7a-f800a58ffc0a/in_use.lock acquired by nodename 110287@fv-az137-100
2023-07-06 10:48:17,393 [30003da1-a7bf-44b2-b897-92f161ae05e1-groupManagement] INFO  storage.RaftStorage (RaftStorageImpl.java:format(96)) - Storage directory /home/runner/work/ozone/ozone/hadoop-ozone/integration-test/target/test-dir/MiniOzoneClusterImpl-8ecce792-0b29-40a4-bcd2-9922915e3450/datanode-8/data/ratis/1d4f6905-e586-4554-9b7a-f800a58ffc0a has been successfully formatted.
2023-07-06 10:48:17,396 [30003da1-a7bf-44b2-b897-92f161ae05e1-groupManagement] INFO  ratis.ContainerStateMachine (ContainerStateMachine.java:loadSnapshot(262)) - group-F800A58FFC0A: The snapshot info is null. Setting the last applied indexto:(t:0, i:~)
2023-07-06 10:48:17,396 [30003da1-a7bf-44b2-b897-92f161ae05e1-groupManagement] INFO  server.RaftServerConfigKeys (ConfUtils.java:logGet(46)) - raft.server.log.use.memory = false (default)
2023-07-06 10:48:17,396 [30003da1-a7bf-44b2-b897-92f161ae05e1-groupManagement] INFO  server.RaftServerConfigKeys (ConfUtils.java:logGet(46)) - raft.server.log.purge.gap = 1000000 (custom)
2023-07-06 10:48:17,396 [30003da1-a7bf-44b2-b897-92f161ae05e1-groupManagement] INFO  server.RaftServerConfigKeys (ConfUtils.java:logGet(46)) - raft.server.log.appender.buffer.byte-limit = 33554432 (custom)
2023-07-06 10:48:17,396 [30003da1-a7bf-44b2-b897-92f161ae05e1-groupManagement] INFO  server.RaftServerConfigKeys (ConfUtils.java:logGet(46)) - raft.server.log.statemachine.data.read.timeout = 1000ms (default)
2023-07-06 10:48:17,396 [30003da1-a7bf-44b2-b897-92f161ae05e1-groupManagement] INFO  server.RaftServerConfigKeys (ConfUtils.java:logGet(46)) - raft.server.log.purge.preservation.log.num = 0 (default)
2023-07-06 10:48:17,396 [30003da1-a7bf-44b2-b897-92f161ae05e1-groupManagement] INFO  server.RaftServerConfigKeys (ConfUtils.java:logGet(46)) - raft.server.log.segment.size.max = 1048576 (custom)
2023-07-06 10:48:17,399 [30003da1-a7bf-44b2-b897-92f161ae05e1-groupManagement] INFO  server.RaftServerConfigKeys (ConfUtils.java:logGet(46)) - raft.server.log.segment.cache.num.max = 2 (custom)
2023-07-06 10:48:17,399 [30003da1-a7bf-44b2-b897-92f161ae05e1-groupManagement] INFO  server.RaftServerConfigKeys (ConfUtils.java:logGet(46)) - raft.server.log.segment.cache.size.max = 200MB (=209715200) (default)
2023-07-06 10:48:17,399 [30003da1-a7bf-44b2-b897-92f161ae05e1-groupManagement] INFO  server.RaftServerConfigKeys (ConfUtils.java:logGet(46)) - raft.server.log.appender.buffer.byte-limit = 33554432 (custom)
2023-07-06 10:48:17,399 [30003da1-a7bf-44b2-b897-92f161ae05e1-groupManagement] INFO  segmented.SegmentedRaftLogWorker (SegmentedRaftLogWorker.java:<init>(188)) - new 30003da1-a7bf-44b2-b897-92f161ae05e1@group-F800A58FFC0A-SegmentedRaftLogWorker for RaftStorageImpl:Storage Directory /home/runner/work/ozone/ozone/hadoop-ozone/integration-test/target/test-dir/MiniOzoneClusterImpl-8ecce792-0b29-40a4-bcd2-9922915e3450/datanode-8/data/ratis/1d4f6905-e586-4554-9b7a-f800a58ffc0a
2023-07-06 10:48:17,399 [30003da1-a7bf-44b2-b897-92f161ae05e1-groupManagement] INFO  server.RaftServerConfigKeys (ConfUtils.java:logGet(46)) - raft.server.log.queue.byte-limit = 4294967296 (custom)
2023-07-06 10:48:17,399 [30003da1-a7bf-44b2-b897-92f161ae05e1-groupManagement] INFO  server.RaftServerConfigKeys (ConfUtils.java:logGet(46)) - raft.server.log.queue.element-limit = 1024 (custom)
2023-07-06 10:48:17,399 [30003da1-a7bf-44b2-b897-92f161ae05e1-groupManagement] INFO  server.RaftServerConfigKeys (ConfUtils.java:logGet(46)) - raft.server.log.segment.size.max = 1048576 (custom)
2023-07-06 10:48:17,399 [30003da1-a7bf-44b2-b897-92f161ae05e1-groupManagement] INFO  server.RaftServerConfigKeys (ConfUtils.java:logGet(46)) - raft.server.log.preallocated.size = 16384 (custom)
2023-07-06 10:48:17,399 [30003da1-a7bf-44b2-b897-92f161ae05e1-groupManagement] INFO  server.RaftServerConfigKeys (ConfUtils.java:logGet(46)) - raft.server.log.force.sync.num = 128 (default)
2023-07-06 10:48:17,399 [30003da1-a7bf-44b2-b897-92f161ae05e1-groupManagement] INFO  server.RaftServerConfigKeys (ConfUtils.java:logGet(46)) - raft.server.log.statemachine.data.sync = true (default)
2023-07-06 10:48:17,399 [30003da1-a7bf-44b2-b897-92f161ae05e1-groupManagement] INFO  server.RaftServerConfigKeys (ConfUtils.java:logGet(46)) - raft.server.log.statemachine.data.sync.timeout = 10s (default)
2023-07-06 10:48:17,399 [30003da1-a7bf-44b2-b897-92f161ae05e1-groupManagement] INFO  server.RaftServerConfigKeys (ConfUtils.java:logGet(46)) - raft.server.log.statemachine.data.sync.timeout.retry = -1 (default)
2023-07-06 10:48:17,400 [30003da1-a7bf-44b2-b897-92f161ae05e1-groupManagement] INFO  server.RaftServerConfigKeys (ConfUtils.java:logGet(46)) - raft.server.log.write.buffer.size = 1048576 (custom)
2023-07-06 10:48:17,401 [30003da1-a7bf-44b2-b897-92f161ae05e1-groupManagement] INFO  server.RaftServerConfigKeys (ConfUtils.java:logGet(46)) - raft.server.log.appender.buffer.byte-limit = 33554432 (custom)
2023-07-06 10:48:17,421 [30003da1-a7bf-44b2-b897-92f161ae05e1-groupManagement] INFO  server.RaftServerConfigKeys (ConfUtils.java:logGet(46)) - raft.server.log.unsafe-flush.enabled = false (default)
2023-07-06 10:48:17,421 [30003da1-a7bf-44b2-b897-92f161ae05e1-groupManagement] INFO  server.RaftServerConfigKeys (ConfUtils.java:logGet(46)) - raft.server.log.async-flush.enabled = false (default)
2023-07-06 10:48:17,421 [30003da1-a7bf-44b2-b897-92f161ae05e1-groupManagement] INFO  server.RaftServerConfigKeys (ConfUtils.java:logGet(46)) - raft.server.log.statemachine.data.caching.enabled = true (custom)
2023-07-06 10:48:17,422 [30003da1-a7bf-44b2-b897-92f161ae05e1-groupManagement] INFO  segmented.SegmentedRaftLogWorker (SegmentedRaftLogWorker.java:lambda$new$0(135)) - 30003da1-a7bf-44b2-b897-92f161ae05e1@group-F800A58FFC0A-SegmentedRaftLogWorker: flushIndex: setUnconditionally 0 -> -1
2023-07-06 10:48:17,422 [30003da1-a7bf-44b2-b897-92f161ae05e1-groupManagement] INFO  segmented.SegmentedRaftLogWorker (SegmentedRaftLogWorker.java:lambda$new$0(135)) - 30003da1-a7bf-44b2-b897-92f161ae05e1@group-F800A58FFC0A-SegmentedRaftLogWorker: safeCacheEvictIndex: setUnconditionally 0 -> -1
2023-07-06 10:48:17,422 [30003da1-a7bf-44b2-b897-92f161ae05e1-groupManagement] INFO  server.RaftServer$Division (RaftServerImpl.java:start(342)) - 30003da1-a7bf-44b2-b897-92f161ae05e1@group-F800A58FFC0A: start as a follower, conf=-1: peers:[30003da1-a7bf-44b2-b897-92f161ae05e1|rpc:10.1.0.19:15086|admin:10.1.0.19:15085|client:10.1.0.19:15084|dataStream:10.1.0.19:15087|priority:0|startupRole:FOLLOWER, 2536bb46-c5d2-4252-aed1-a79348143fe8|rpc:10.1.0.19:15068|admin:10.1.0.19:15067|client:10.1.0.19:15066|dataStream:10.1.0.19:15069|priority:0|startupRole:FOLLOWER, afdb1d22-58a1-4785-9bfd-1bd49c8784e6|rpc:10.1.0.19:15077|admin:10.1.0.19:15076|client:10.1.0.19:15075|dataStream:10.1.0.19:15078|priority:1|startupRole:FOLLOWER]|listeners:[], old=null
2023-07-06 10:48:17,422 [30003da1-a7bf-44b2-b897-92f161ae05e1-groupManagement] INFO  server.RaftServer$Division (RaftServerImpl.java:setRole(329)) - 30003da1-a7bf-44b2-b897-92f161ae05e1@group-F800A58FFC0A: changes role from      null to FOLLOWER at term 0 for startAsFollower
2023-07-06 10:48:17,422 [30003da1-a7bf-44b2-b897-92f161ae05e1-groupManagement] INFO  impl.RoleInfo (RoleInfo.java:updateAndGet(139)) - 30003da1-a7bf-44b2-b897-92f161ae05e1: start 30003da1-a7bf-44b2-b897-92f161ae05e1@group-F800A58FFC0A-FollowerState
2023-07-06 10:48:17,422 [30003da1-a7bf-44b2-b897-92f161ae05e1@group-F800A58FFC0A-FollowerState] INFO  server.RaftServerConfigKeys (ConfUtils.java:logFallback(53)) - raft.server.rpc.first-election.timeout.min = 5s (fallback to raft.server.rpc.timeout.min)
2023-07-06 10:48:17,422 [30003da1-a7bf-44b2-b897-92f161ae05e1@group-F800A58FFC0A-FollowerState] INFO  server.RaftServerConfigKeys (ConfUtils.java:logFallback(53)) - raft.server.rpc.first-election.timeout.max = 5200ms (fallback to raft.server.rpc.timeout.max)
2023-07-06 10:48:17,422 [30003da1-a7bf-44b2-b897-92f161ae05e1-groupManagement] INFO  util.JmxRegister (JmxRegister.java:tryRegister(44)) - Successfully registered JMX Bean with object name Ratis:service=RaftServer,group=group-F800A58FFC0A,id=30003da1-a7bf-44b2-b897-92f161ae05e1
2023-07-06 10:48:17,423 [30003da1-a7bf-44b2-b897-92f161ae05e1-groupManagement] INFO  server.RaftServerConfigKeys (ConfUtils.java:logGet(46)) - raft.server.snapshot.auto.trigger.enabled = true (custom)
2023-07-06 10:48:17,423 [30003da1-a7bf-44b2-b897-92f161ae05e1-groupManagement] INFO  server.RaftServerConfigKeys (ConfUtils.java:logGet(46)) - raft.server.snapshot.auto.trigger.threshold = 10000 (custom)
2023-07-06 10:48:17,423 [30003da1-a7bf-44b2-b897-92f161ae05e1-groupManagement] INFO  server.RaftServerConfigKeys (ConfUtils.java:logGet(46)) - raft.server.snapshot.retention.file.num = 5 (custom)
2023-07-06 10:48:17,423 [30003da1-a7bf-44b2-b897-92f161ae05e1-groupManagement] INFO  server.RaftServerConfigKeys (ConfUtils.java:logGet(46)) - raft.server.log.purge.upto.snapshot.index = false (default)
2023-07-06 10:48:17,426 [PipelineCommandHandlerThread-0] INFO  server.RaftServer (RaftServerProxy.java:addNew(98)) - 30003da1-a7bf-44b2-b897-92f161ae05e1: addNew group-B4C0AA62A58B:[30003da1-a7bf-44b2-b897-92f161ae05e1|rpc:10.1.0.19:15086|admin:10.1.0.19:15085|client:10.1.0.19:15084|dataStream:10.1.0.19:15087|priority:1|startupRole:FOLLOWER] returns group-B4C0AA62A58B:java.util.concurrent.CompletableFuture@1c866659[Not completed]
2023-07-06 10:48:17,448 [30003da1-a7bf-44b2-b897-92f161ae05e1-groupManagement] INFO  server.RaftServer$Division (RaftServerImpl.java:<init>(198)) - 30003da1-a7bf-44b2-b897-92f161ae05e1: new RaftServerImpl for group-B4C0AA62A58B:[30003da1-a7bf-44b2-b897-92f161ae05e1|rpc:10.1.0.19:15086|admin:10.1.0.19:15085|client:10.1.0.19:15084|dataStream:10.1.0.19:15087|priority:1|startupRole:FOLLOWER] with ContainerStateMachine:uninitialized
2023-07-06 10:48:17,448 [30003da1-a7bf-44b2-b897-92f161ae05e1-groupManagement] INFO  server.RaftServerConfigKeys (ConfUtils.java:logGet(46)) - raft.server.rpc.timeout.min = 5s (custom)
2023-07-06 10:48:17,448 [30003da1-a7bf-44b2-b897-92f161ae05e1-groupManagement] INFO  server.RaftServerConfigKeys (ConfUtils.java:logGet(46)) - raft.server.rpc.timeout.max = 5200ms (custom)
2023-07-06 10:48:17,448 [30003da1-a7bf-44b2-b897-92f161ae05e1-groupManagement] INFO  server.RaftServerConfigKeys (ConfUtils.java:logGet(46)) - raft.server.rpc.sleep.time = 25ms (default)
2023-07-06 10:48:17,448 [30003da1-a7bf-44b2-b897-92f161ae05e1-groupManagement] INFO  server.RaftServerConfigKeys (ConfUtils.java:logGet(46)) - raft.server.rpc.slowness.timeout = 300s (custom)
2023-07-06 10:48:17,448 [30003da1-a7bf-44b2-b897-92f161ae05e1-groupManagement] INFO  server.RaftServerConfigKeys (ConfUtils.java:logGet(46)) - raft.server.leaderelection.leader.step-down.wait-time = 10s (default)
2023-07-06 10:48:17,448 [30003da1-a7bf-44b2-b897-92f161ae05e1-groupManagement] INFO  server.RaftServerConfigKeys (ConfUtils.java:logGet(46)) - raft.server.sleep.deviation.threshold = 300ms (default)
2023-07-06 10:48:17,448 [30003da1-a7bf-44b2-b897-92f161ae05e1-groupManagement] INFO  server.RaftServer$Division (ServerState.java:<init>(120)) - 30003da1-a7bf-44b2-b897-92f161ae05e1@group-B4C0AA62A58B: ConfigurationManager, init=-1: peers:[30003da1-a7bf-44b2-b897-92f161ae05e1|rpc:10.1.0.19:15086|admin:10.1.0.19:15085|client:10.1.0.19:15084|dataStream:10.1.0.19:15087|priority:1|startupRole:FOLLOWER]|listeners:[], old=null, confs=<EMPTY_MAP>
2023-07-06 10:48:17,448 [30003da1-a7bf-44b2-b897-92f161ae05e1-groupManagement] INFO  server.RaftServerConfigKeys (ConfUtils.java:logGet(46)) - raft.server.storage.dir = [/home/runner/work/ozone/ozone/hadoop-ozone/integration-test/target/test-dir/MiniOzoneClusterImpl-8ecce792-0b29-40a4-bcd2-9922915e3450/datanode-8/data/ratis] (custom)
2023-07-06 10:48:17,449 [30003da1-a7bf-44b2-b897-92f161ae05e1-groupManagement] INFO  server.RaftServerConfigKeys (ConfUtils.java:logGet(46)) - raft.server.log.corruption.policy = EXCEPTION (default)
2023-07-06 10:48:17,449 [30003da1-a7bf-44b2-b897-92f161ae05e1-groupManagement] INFO  server.RaftServerConfigKeys (ConfUtils.java:logGet(46)) - raft.server.storage.free-space.min = 0MB (=0) (default)
2023-07-06 10:48:17,449 [30003da1-a7bf-44b2-b897-92f161ae05e1-groupManagement] INFO  server.RaftServerConfigKeys (ConfUtils.java:logGet(46)) - raft.server.notification.no-leader.timeout = 300s (custom)
2023-07-06 10:48:17,449 [30003da1-a7bf-44b2-b897-92f161ae05e1-groupManagement] INFO  server.RaftServerConfigKeys (ConfUtils.java:logGet(46)) - raft.server.read.timeout = 10s (default)
2023-07-06 10:48:17,449 [30003da1-a7bf-44b2-b897-92f161ae05e1-groupManagement] INFO  server.RaftServerConfigKeys (ConfUtils.java:logGet(46)) - raft.server.retrycache.expirytime = 600000ms (custom)
2023-07-06 10:48:17,449 [30003da1-a7bf-44b2-b897-92f161ae05e1-groupManagement] INFO  server.RaftServerConfigKeys (ConfUtils.java:logGet(46)) - raft.server.retrycache.statistics.expirytime = 100μs (default)
2023-07-06 10:48:17,449 [30003da1-a7bf-44b2-b897-92f161ae05e1-groupManagement] INFO  server.RaftServerConfigKeys (ConfUtils.java:logGet(46)) - raft.server.read.option = DEFAULT (default)
2023-07-06 10:48:17,450 [30003da1-a7bf-44b2-b897-92f161ae05e1-groupManagement] INFO  server.RaftServerConfigKeys (ConfUtils.java:logGet(46)) - raft.server.rpc.request.timeout = 60s (custom)
2023-07-06 10:48:17,450 [30003da1-a7bf-44b2-b897-92f161ae05e1-groupManagement] INFO  server.RaftServerConfigKeys (ConfUtils.java:logGet(46)) - raft.server.log.appender.install.snapshot.enabled = false (custom)
2023-07-06 10:48:17,451 [30003da1-a7bf-44b2-b897-92f161ae05e1-groupManagement] INFO  server.RaftServerConfigKeys (ConfUtils.java:logGet(46)) - raft.server.threadpool.server.cached = true (default)
2023-07-06 10:48:17,451 [30003da1-a7bf-44b2-b897-92f161ae05e1-groupManagement] INFO  server.RaftServerConfigKeys (ConfUtils.java:logGet(46)) - raft.server.threadpool.server.size = 0 (default)
2023-07-06 10:48:17,451 [30003da1-a7bf-44b2-b897-92f161ae05e1-groupManagement] INFO  server.RaftServerConfigKeys (ConfUtils.java:logGet(46)) - raft.server.threadpool.client.cached = true (default)
2023-07-06 10:48:17,451 [30003da1-a7bf-44b2-b897-92f161ae05e1-groupManagement] INFO  server.RaftServerConfigKeys (ConfUtils.java:logGet(46)) - raft.server.threadpool.client.size = 0 (default)
2023-07-06 10:48:17,451 [30003da1-a7bf-44b2-b897-92f161ae05e1-groupManagement] INFO  storage.RaftStorageDirectory (RaftStorageDirectoryImpl.java:analyzeStorage(137)) - The storage directory /home/runner/work/ozone/ozone/hadoop-ozone/integration-test/target/test-dir/MiniOzoneClusterImpl-8ecce792-0b29-40a4-bcd2-9922915e3450/datanode-8/data/ratis/60c544b6-4bb0-4107-82eb-b4c0aa62a58b does not exist. Creating ...
2023-07-06 10:48:17,453 [30003da1-a7bf-44b2-b897-92f161ae05e1-groupManagement] INFO  storage.RaftStorageDirectory (RaftStorageDirectoryImpl.java:tryLock(231)) - Lock on /home/runner/work/ozone/ozone/hadoop-ozone/integration-test/target/test-dir/MiniOzoneClusterImpl-8ecce792-0b29-40a4-bcd2-9922915e3450/datanode-8/data/ratis/60c544b6-4bb0-4107-82eb-b4c0aa62a58b/in_use.lock acquired by nodename 110287@fv-az137-100
2023-07-06 10:48:17,460 [30003da1-a7bf-44b2-b897-92f161ae05e1-groupManagement] INFO  storage.RaftStorage (RaftStorageImpl.java:format(96)) - Storage directory /home/runner/work/ozone/ozone/hadoop-ozone/integration-test/target/test-dir/MiniOzoneClusterImpl-8ecce792-0b29-40a4-bcd2-9922915e3450/datanode-8/data/ratis/60c544b6-4bb0-4107-82eb-b4c0aa62a58b has been successfully formatted.
2023-07-06 10:48:17,464 [EventQueue-PipelineReportForPipelineReportHandler] INFO  pipeline.PipelineReportHandler (PipelineReportHandler.java:processPipelineReport(136)) - Opened pipeline PipelineID=60c544b6-4bb0-4107-82eb-b4c0aa62a58b
2023-07-06 10:48:17,464 [EventQueue-OpenPipelineForHealthyPipelineSafeModeRule] INFO  safemode.SCMSafeModeManager (HealthyPipelineSafeModeRule.java:process(137)) - SCM in safe mode. Healthy pipelines reported count is 0, required healthy pipeline reported count is 1
2023-07-06 10:48:17,464 [30003da1-a7bf-44b2-b897-92f161ae05e1-groupManagement] INFO  ratis.ContainerStateMachine (ContainerStateMachine.java:loadSnapshot(262)) - group-B4C0AA62A58B: The snapshot info is null. Setting the last applied indexto:(t:0, i:~)
2023-07-06 10:48:17,464 [30003da1-a7bf-44b2-b897-92f161ae05e1-groupManagement] INFO  server.RaftServerConfigKeys (ConfUtils.java:logGet(46)) - raft.server.log.use.memory = false (default)
2023-07-06 10:48:17,465 [30003da1-a7bf-44b2-b897-92f161ae05e1-groupManagement] INFO  server.RaftServerConfigKeys (ConfUtils.java:logGet(46)) - raft.server.log.purge.gap = 1000000 (custom)
2023-07-06 10:48:17,465 [30003da1-a7bf-44b2-b897-92f161ae05e1-groupManagement] INFO  server.RaftServerConfigKeys (ConfUtils.java:logGet(46)) - raft.server.log.appender.buffer.byte-limit = 33554432 (custom)
2023-07-06 10:48:17,465 [30003da1-a7bf-44b2-b897-92f161ae05e1-groupManagement] INFO  server.RaftServerConfigKeys (ConfUtils.java:logGet(46)) - raft.server.log.statemachine.data.read.timeout = 1000ms (default)
2023-07-06 10:48:17,465 [30003da1-a7bf-44b2-b897-92f161ae05e1-groupManagement] INFO  server.RaftServerConfigKeys (ConfUtils.java:logGet(46)) - raft.server.log.purge.preservation.log.num = 0 (default)
2023-07-06 10:48:17,466 [30003da1-a7bf-44b2-b897-92f161ae05e1-groupManagement] INFO  server.RaftServerConfigKeys (ConfUtils.java:logGet(46)) - raft.server.log.segment.size.max = 1048576 (custom)
2023-07-06 10:48:17,467 [30003da1-a7bf-44b2-b897-92f161ae05e1-groupManagement] INFO  server.RaftServerConfigKeys (ConfUtils.java:logGet(46)) - raft.server.log.segment.cache.num.max = 2 (custom)
2023-07-06 10:48:17,467 [30003da1-a7bf-44b2-b897-92f161ae05e1-groupManagement] INFO  server.RaftServerConfigKeys (ConfUtils.java:logGet(46)) - raft.server.log.segment.cache.size.max = 200MB (=209715200) (default)
2023-07-06 10:48:17,467 [30003da1-a7bf-44b2-b897-92f161ae05e1-groupManagement] INFO  server.RaftServerConfigKeys (ConfUtils.java:logGet(46)) - raft.server.log.appender.buffer.byte-limit = 33554432 (custom)
2023-07-06 10:48:17,467 [30003da1-a7bf-44b2-b897-92f161ae05e1-groupManagement] INFO  segmented.SegmentedRaftLogWorker (SegmentedRaftLogWorker.java:<init>(188)) - new 30003da1-a7bf-44b2-b897-92f161ae05e1@group-B4C0AA62A58B-SegmentedRaftLogWorker for RaftStorageImpl:Storage Directory /home/runner/work/ozone/ozone/hadoop-ozone/integration-test/target/test-dir/MiniOzoneClusterImpl-8ecce792-0b29-40a4-bcd2-9922915e3450/datanode-8/data/ratis/60c544b6-4bb0-4107-82eb-b4c0aa62a58b
2023-07-06 10:48:17,467 [30003da1-a7bf-44b2-b897-92f161ae05e1-groupManagement] INFO  server.RaftServerConfigKeys (ConfUtils.java:logGet(46)) - raft.server.log.queue.byte-limit = 4294967296 (custom)
2023-07-06 10:48:17,467 [30003da1-a7bf-44b2-b897-92f161ae05e1-groupManagement] INFO  server.RaftServerConfigKeys (ConfUtils.java:logGet(46)) - raft.server.log.queue.element-limit = 1024 (custom)
2023-07-06 10:48:17,467 [30003da1-a7bf-44b2-b897-92f161ae05e1-groupManagement] INFO  server.RaftServerConfigKeys (ConfUtils.java:logGet(46)) - raft.server.log.segment.size.max = 1048576 (custom)
2023-07-06 10:48:17,467 [30003da1-a7bf-44b2-b897-92f161ae05e1-groupManagement] INFO  server.RaftServerConfigKeys (ConfUtils.java:logGet(46)) - raft.server.log.preallocated.size = 16384 (custom)
2023-07-06 10:48:17,467 [30003da1-a7bf-44b2-b897-92f161ae05e1-groupManagement] INFO  server.RaftServerConfigKeys (ConfUtils.java:logGet(46)) - raft.server.log.force.sync.num = 128 (default)
2023-07-06 10:48:17,467 [30003da1-a7bf-44b2-b897-92f161ae05e1-groupManagement] INFO  server.RaftServerConfigKeys (ConfUtils.java:logGet(46)) - raft.server.log.statemachine.data.sync = true (default)
2023-07-06 10:48:17,467 [30003da1-a7bf-44b2-b897-92f161ae05e1-groupManagement] INFO  server.RaftServerConfigKeys (ConfUtils.java:logGet(46)) - raft.server.log.statemachine.data.sync.timeout = 10s (default)
2023-07-06 10:48:17,468 [30003da1-a7bf-44b2-b897-92f161ae05e1-groupManagement] INFO  server.RaftServerConfigKeys (ConfUtils.java:logGet(46)) - raft.server.log.statemachine.data.sync.timeout.retry = -1 (default)
2023-07-06 10:48:17,468 [30003da1-a7bf-44b2-b897-92f161ae05e1-groupManagement] INFO  server.RaftServerConfigKeys (ConfUtils.java:logGet(46)) - raft.server.log.write.buffer.size = 1048576 (custom)
2023-07-06 10:48:17,469 [30003da1-a7bf-44b2-b897-92f161ae05e1-groupManagement] INFO  server.RaftServerConfigKeys (ConfUtils.java:logGet(46)) - raft.server.log.appender.buffer.byte-limit = 33554432 (custom)
2023-07-06 10:48:17,479 [30003da1-a7bf-44b2-b897-92f161ae05e1-groupManagement] INFO  server.RaftServerConfigKeys (ConfUtils.java:logGet(46)) - raft.server.log.unsafe-flush.enabled = false (default)
2023-07-06 10:48:17,479 [30003da1-a7bf-44b2-b897-92f161ae05e1-groupManagement] INFO  server.RaftServerConfigKeys (ConfUtils.java:logGet(46)) - raft.server.log.async-flush.enabled = false (default)
2023-07-06 10:48:17,479 [30003da1-a7bf-44b2-b897-92f161ae05e1-groupManagement] INFO  server.RaftServerConfigKeys (ConfUtils.java:logGet(46)) - raft.server.log.statemachine.data.caching.enabled = true (custom)
2023-07-06 10:48:17,479 [30003da1-a7bf-44b2-b897-92f161ae05e1-groupManagement] INFO  segmented.SegmentedRaftLogWorker (SegmentedRaftLogWorker.java:lambda$new$0(135)) - 30003da1-a7bf-44b2-b897-92f161ae05e1@group-B4C0AA62A58B-SegmentedRaftLogWorker: flushIndex: setUnconditionally 0 -> -1
2023-07-06 10:48:17,479 [30003da1-a7bf-44b2-b897-92f161ae05e1-groupManagement] INFO  segmented.SegmentedRaftLogWorker (SegmentedRaftLogWorker.java:lambda$new$0(135)) - 30003da1-a7bf-44b2-b897-92f161ae05e1@group-B4C0AA62A58B-SegmentedRaftLogWorker: safeCacheEvictIndex: setUnconditionally 0 -> -1
2023-07-06 10:48:17,479 [30003da1-a7bf-44b2-b897-92f161ae05e1-groupManagement] INFO  server.RaftServer$Division (RaftServerImpl.java:start(342)) - 30003da1-a7bf-44b2-b897-92f161ae05e1@group-B4C0AA62A58B: start as a follower, conf=-1: peers:[30003da1-a7bf-44b2-b897-92f161ae05e1|rpc:10.1.0.19:15086|admin:10.1.0.19:15085|client:10.1.0.19:15084|dataStream:10.1.0.19:15087|priority:1|startupRole:FOLLOWER]|listeners:[], old=null
2023-07-06 10:48:17,480 [30003da1-a7bf-44b2-b897-92f161ae05e1-groupManagement] INFO  server.RaftServer$Division (RaftServerImpl.java:setRole(329)) - 30003da1-a7bf-44b2-b897-92f161ae05e1@group-B4C0AA62A58B: changes role from      null to FOLLOWER at term 0 for startAsFollower
2023-07-06 10:48:17,480 [30003da1-a7bf-44b2-b897-92f161ae05e1-groupManagement] INFO  impl.RoleInfo (RoleInfo.java:updateAndGet(139)) - 30003da1-a7bf-44b2-b897-92f161ae05e1: start 30003da1-a7bf-44b2-b897-92f161ae05e1@group-B4C0AA62A58B-FollowerState
2023-07-06 10:48:17,481 [PipelineCommandHandlerThread-0] INFO  commandhandler.CreatePipelineCommandHandler (CreatePipelineCommandHandler.java:lambda$handle$2(124)) - Created Pipeline RATIS THREE PipelineID=1d4f6905-e586-4554-9b7a-f800a58ffc0a.
2023-07-06 10:48:17,487 [30003da1-a7bf-44b2-b897-92f161ae05e1-groupManagement] INFO  util.JmxRegister (JmxRegister.java:tryRegister(44)) - Successfully registered JMX Bean with object name Ratis:service=RaftServer,group=group-B4C0AA62A58B,id=30003da1-a7bf-44b2-b897-92f161ae05e1
2023-07-06 10:48:17,487 [30003da1-a7bf-44b2-b897-92f161ae05e1-groupManagement] INFO  server.RaftServerConfigKeys (ConfUtils.java:logGet(46)) - raft.server.snapshot.auto.trigger.enabled = true (custom)
2023-07-06 10:48:17,487 [30003da1-a7bf-44b2-b897-92f161ae05e1-groupManagement] INFO  server.RaftServerConfigKeys (ConfUtils.java:logGet(46)) - raft.server.snapshot.auto.trigger.threshold = 10000 (custom)
2023-07-06 10:48:17,487 [30003da1-a7bf-44b2-b897-92f161ae05e1-groupManagement] INFO  server.RaftServerConfigKeys (ConfUtils.java:logGet(46)) - raft.server.snapshot.retention.file.num = 5 (custom)
2023-07-06 10:48:17,487 [30003da1-a7bf-44b2-b897-92f161ae05e1-groupManagement] INFO  server.RaftServerConfigKeys (ConfUtils.java:logGet(46)) - raft.server.log.purge.upto.snapshot.index = false (default)
2023-07-06 10:48:17,488 [30003da1-a7bf-44b2-b897-92f161ae05e1@group-B4C0AA62A58B-FollowerState] INFO  server.RaftServerConfigKeys (ConfUtils.java:logFallback(53)) - raft.server.rpc.first-election.timeout.min = 5s (fallback to raft.server.rpc.timeout.min)
2023-07-06 10:48:17,488 [30003da1-a7bf-44b2-b897-92f161ae05e1@group-B4C0AA62A58B-FollowerState] INFO  server.RaftServerConfigKeys (ConfUtils.java:logFallback(53)) - raft.server.rpc.first-election.timeout.max = 5200ms (fallback to raft.server.rpc.timeout.max)
2023-07-06 10:48:17,488 [PipelineCommandHandlerThread-0] INFO  ratis.XceiverServerRatis (XceiverServerRatis.java:addGroup(804)) - Created group PipelineID=60c544b6-4bb0-4107-82eb-b4c0aa62a58b
2023-07-06 10:48:17,489 [PipelineCommandHandlerThread-0] INFO  commandhandler.CreatePipelineCommandHandler (CreatePipelineCommandHandler.java:lambda$handle$2(124)) - Created Pipeline RATIS ONE PipelineID=60c544b6-4bb0-4107-82eb-b4c0aa62a58b.
2023-07-06 10:48:17,504 [PipelineCommandHandlerThread-0] INFO  commandhandler.CreatePipelineCommandHandler (CreatePipelineCommandHandler.java:lambda$handle$2(124)) - Created Pipeline RATIS THREE PipelineID=1d4f6905-e586-4554-9b7a-f800a58ffc0a.
2023-07-06 10:48:17,898 [PipelineCommandHandlerThread-0] INFO  server.RaftServer (RaftServerProxy.java:addNew(98)) - ae0f568f-b3d6-4872-b39b-16fcb0b48bc3: addNew group-9E0D56DA3FC4:[ae0f568f-b3d6-4872-b39b-16fcb0b48bc3|rpc:10.1.0.19:15095|admin:10.1.0.19:15094|client:10.1.0.19:15093|dataStream:10.1.0.19:15096|priority:1|startupRole:FOLLOWER] returns group-9E0D56DA3FC4:java.util.concurrent.CompletableFuture@3911fcbb[Not completed]
2023-07-06 10:48:17,899 [ae0f568f-b3d6-4872-b39b-16fcb0b48bc3-groupManagement] INFO  server.RaftServer$Division (RaftServerImpl.java:<init>(198)) - ae0f568f-b3d6-4872-b39b-16fcb0b48bc3: new RaftServerImpl for group-9E0D56DA3FC4:[ae0f568f-b3d6-4872-b39b-16fcb0b48bc3|rpc:10.1.0.19:15095|admin:10.1.0.19:15094|client:10.1.0.19:15093|dataStream:10.1.0.19:15096|priority:1|startupRole:FOLLOWER] with ContainerStateMachine:uninitialized
2023-07-06 10:48:17,899 [ae0f568f-b3d6-4872-b39b-16fcb0b48bc3-groupManagement] INFO  server.RaftServerConfigKeys (ConfUtils.java:logGet(46)) - raft.server.rpc.timeout.min = 5s (custom)
2023-07-06 10:48:17,899 [ae0f568f-b3d6-4872-b39b-16fcb0b48bc3-groupManagement] INFO  server.RaftServerConfigKeys (ConfUtils.java:logGet(46)) - raft.server.rpc.timeout.max = 5200ms (custom)
2023-07-06 10:48:17,899 [ae0f568f-b3d6-4872-b39b-16fcb0b48bc3-groupManagement] INFO  server.RaftServerConfigKeys (ConfUtils.java:logGet(46)) - raft.server.rpc.sleep.time = 25ms (default)
2023-07-06 10:48:17,899 [ae0f568f-b3d6-4872-b39b-16fcb0b48bc3-groupManagement] INFO  server.RaftServerConfigKeys (ConfUtils.java:logGet(46)) - raft.server.rpc.slowness.timeout = 300s (custom)
2023-07-06 10:48:17,899 [ae0f568f-b3d6-4872-b39b-16fcb0b48bc3-groupManagement] INFO  server.RaftServerConfigKeys (ConfUtils.java:logGet(46)) - raft.server.leaderelection.leader.step-down.wait-time = 10s (default)
2023-07-06 10:48:17,900 [ae0f568f-b3d6-4872-b39b-16fcb0b48bc3-groupManagement] INFO  server.RaftServerConfigKeys (ConfUtils.java:logGet(46)) - raft.server.sleep.deviation.threshold = 300ms (default)
2023-07-06 10:48:17,900 [ae0f568f-b3d6-4872-b39b-16fcb0b48bc3-groupManagement] INFO  server.RaftServer$Division (ServerState.java:<init>(120)) - ae0f568f-b3d6-4872-b39b-16fcb0b48bc3@group-9E0D56DA3FC4: ConfigurationManager, init=-1: peers:[ae0f568f-b3d6-4872-b39b-16fcb0b48bc3|rpc:10.1.0.19:15095|admin:10.1.0.19:15094|client:10.1.0.19:15093|dataStream:10.1.0.19:15096|priority:1|startupRole:FOLLOWER]|listeners:[], old=null, confs=<EMPTY_MAP>
2023-07-06 10:48:17,900 [ae0f568f-b3d6-4872-b39b-16fcb0b48bc3-groupManagement] INFO  server.RaftServerConfigKeys (ConfUtils.java:logGet(46)) - raft.server.storage.dir = [/home/runner/work/ozone/ozone/hadoop-ozone/integration-test/target/test-dir/MiniOzoneClusterImpl-8ecce792-0b29-40a4-bcd2-9922915e3450/datanode-9/data/ratis] (custom)
2023-07-06 10:48:17,900 [ae0f568f-b3d6-4872-b39b-16fcb0b48bc3-groupManagement] INFO  server.RaftServerConfigKeys (ConfUtils.java:logGet(46)) - raft.server.log.corruption.policy = EXCEPTION (default)
2023-07-06 10:48:17,900 [ae0f568f-b3d6-4872-b39b-16fcb0b48bc3-groupManagement] INFO  server.RaftServerConfigKeys (ConfUtils.java:logGet(46)) - raft.server.storage.free-space.min = 0MB (=0) (default)
2023-07-06 10:48:17,900 [ae0f568f-b3d6-4872-b39b-16fcb0b48bc3-groupManagement] INFO  server.RaftServerConfigKeys (ConfUtils.java:logGet(46)) - raft.server.notification.no-leader.timeout = 300s (custom)
2023-07-06 10:48:17,900 [ae0f568f-b3d6-4872-b39b-16fcb0b48bc3-groupManagement] INFO  server.RaftServerConfigKeys (ConfUtils.java:logGet(46)) - raft.server.read.timeout = 10s (default)
2023-07-06 10:48:17,900 [ae0f568f-b3d6-4872-b39b-16fcb0b48bc3-groupManagement] INFO  server.RaftServerConfigKeys (ConfUtils.java:logGet(46)) - raft.server.retrycache.expirytime = 600000ms (custom)
2023-07-06 10:48:17,901 [ae0f568f-b3d6-4872-b39b-16fcb0b48bc3-groupManagement] INFO  server.RaftServerConfigKeys (ConfUtils.java:logGet(46)) - raft.server.retrycache.statistics.expirytime = 100μs (default)
2023-07-06 10:48:17,901 [ae0f568f-b3d6-4872-b39b-16fcb0b48bc3-groupManagement] INFO  server.RaftServerConfigKeys (ConfUtils.java:logGet(46)) - raft.server.read.option = DEFAULT (default)
2023-07-06 10:48:17,902 [ae0f568f-b3d6-4872-b39b-16fcb0b48bc3-groupManagement] INFO  server.RaftServerConfigKeys (ConfUtils.java:logGet(46)) - raft.server.rpc.request.timeout = 60s (custom)
2023-07-06 10:48:17,902 [ae0f568f-b3d6-4872-b39b-16fcb0b48bc3-groupManagement] INFO  server.RaftServerConfigKeys (ConfUtils.java:logGet(46)) - raft.server.log.appender.install.snapshot.enabled = false (custom)
2023-07-06 10:48:17,902 [ae0f568f-b3d6-4872-b39b-16fcb0b48bc3-groupManagement] INFO  server.RaftServerConfigKeys (ConfUtils.java:logGet(46)) - raft.server.threadpool.server.cached = true (default)
2023-07-06 10:48:17,902 [ae0f568f-b3d6-4872-b39b-16fcb0b48bc3-groupManagement] INFO  server.RaftServerConfigKeys (ConfUtils.java:logGet(46)) - raft.server.threadpool.server.size = 0 (default)
2023-07-06 10:48:17,903 [ae0f568f-b3d6-4872-b39b-16fcb0b48bc3-groupManagement] INFO  server.RaftServerConfigKeys (ConfUtils.java:logGet(46)) - raft.server.threadpool.client.cached = true (default)
2023-07-06 10:48:17,903 [ae0f568f-b3d6-4872-b39b-16fcb0b48bc3-groupManagement] INFO  server.RaftServerConfigKeys (ConfUtils.java:logGet(46)) - raft.server.threadpool.client.size = 0 (default)
2023-07-06 10:48:17,903 [ae0f568f-b3d6-4872-b39b-16fcb0b48bc3-groupManagement] INFO  storage.RaftStorageDirectory (RaftStorageDirectoryImpl.java:analyzeStorage(137)) - The storage directory /home/runner/work/ozone/ozone/hadoop-ozone/integration-test/target/test-dir/MiniOzoneClusterImpl-8ecce792-0b29-40a4-bcd2-9922915e3450/datanode-9/data/ratis/100a5622-fdc8-46db-8391-9e0d56da3fc4 does not exist. Creating ...
2023-07-06 10:48:17,905 [ae0f568f-b3d6-4872-b39b-16fcb0b48bc3-groupManagement] INFO  storage.RaftStorageDirectory (RaftStorageDirectoryImpl.java:tryLock(231)) - Lock on /home/runner/work/ozone/ozone/hadoop-ozone/integration-test/target/test-dir/MiniOzoneClusterImpl-8ecce792-0b29-40a4-bcd2-9922915e3450/datanode-9/data/ratis/100a5622-fdc8-46db-8391-9e0d56da3fc4/in_use.lock acquired by nodename 110287@fv-az137-100
2023-07-06 10:48:17,907 [ae0f568f-b3d6-4872-b39b-16fcb0b48bc3-groupManagement] INFO  storage.RaftStorage (RaftStorageImpl.java:format(96)) - Storage directory /home/runner/work/ozone/ozone/hadoop-ozone/integration-test/target/test-dir/MiniOzoneClusterImpl-8ecce792-0b29-40a4-bcd2-9922915e3450/datanode-9/data/ratis/100a5622-fdc8-46db-8391-9e0d56da3fc4 has been successfully formatted.
2023-07-06 10:48:17,908 [ae0f568f-b3d6-4872-b39b-16fcb0b48bc3-groupManagement] INFO  ratis.ContainerStateMachine (ContainerStateMachine.java:loadSnapshot(262)) - group-9E0D56DA3FC4: The snapshot info is null. Setting the last applied indexto:(t:0, i:~)
2023-07-06 10:48:17,909 [ae0f568f-b3d6-4872-b39b-16fcb0b48bc3-groupManagement] INFO  server.RaftServerConfigKeys (ConfUtils.java:logGet(46)) - raft.server.log.use.memory = false (default)
2023-07-06 10:48:17,909 [ae0f568f-b3d6-4872-b39b-16fcb0b48bc3-groupManagement] INFO  server.RaftServerConfigKeys (ConfUtils.java:logGet(46)) - raft.server.log.purge.gap = 1000000 (custom)
2023-07-06 10:48:17,909 [ae0f568f-b3d6-4872-b39b-16fcb0b48bc3-groupManagement] INFO  server.RaftServerConfigKeys (ConfUtils.java:logGet(46)) - raft.server.log.appender.buffer.byte-limit = 33554432 (custom)
2023-07-06 10:48:17,909 [ae0f568f-b3d6-4872-b39b-16fcb0b48bc3-groupManagement] INFO  server.RaftServerConfigKeys (ConfUtils.java:logGet(46)) - raft.server.log.statemachine.data.read.timeout = 1000ms (default)
2023-07-06 10:48:17,909 [ae0f568f-b3d6-4872-b39b-16fcb0b48bc3-groupManagement] INFO  server.RaftServerConfigKeys (ConfUtils.java:logGet(46)) - raft.server.log.purge.preservation.log.num = 0 (default)
2023-07-06 10:48:17,909 [ae0f568f-b3d6-4872-b39b-16fcb0b48bc3-groupManagement] INFO  server.RaftServerConfigKeys (ConfUtils.java:logGet(46)) - raft.server.log.segment.size.max = 1048576 (custom)
2023-07-06 10:48:17,910 [ae0f568f-b3d6-4872-b39b-16fcb0b48bc3-groupManagement] INFO  server.RaftServerConfigKeys (ConfUtils.java:logGet(46)) - raft.server.log.segment.cache.num.max = 2 (custom)
2023-07-06 10:48:17,910 [ae0f568f-b3d6-4872-b39b-16fcb0b48bc3-groupManagement] INFO  server.RaftServerConfigKeys (ConfUtils.java:logGet(46)) - raft.server.log.segment.cache.size.max = 200MB (=209715200) (default)
2023-07-06 10:48:17,910 [ae0f568f-b3d6-4872-b39b-16fcb0b48bc3-groupManagement] INFO  server.RaftServerConfigKeys (ConfUtils.java:logGet(46)) - raft.server.log.appender.buffer.byte-limit = 33554432 (custom)
2023-07-06 10:48:17,910 [ae0f568f-b3d6-4872-b39b-16fcb0b48bc3-groupManagement] INFO  segmented.SegmentedRaftLogWorker (SegmentedRaftLogWorker.java:<init>(188)) - new ae0f568f-b3d6-4872-b39b-16fcb0b48bc3@group-9E0D56DA3FC4-SegmentedRaftLogWorker for RaftStorageImpl:Storage Directory /home/runner/work/ozone/ozone/hadoop-ozone/integration-test/target/test-dir/MiniOzoneClusterImpl-8ecce792-0b29-40a4-bcd2-9922915e3450/datanode-9/data/ratis/100a5622-fdc8-46db-8391-9e0d56da3fc4
2023-07-06 10:48:17,910 [ae0f568f-b3d6-4872-b39b-16fcb0b48bc3-groupManagement] INFO  server.RaftServerConfigKeys (ConfUtils.java:logGet(46)) - raft.server.log.queue.byte-limit = 4294967296 (custom)
2023-07-06 10:48:17,910 [ae0f568f-b3d6-4872-b39b-16fcb0b48bc3-groupManagement] INFO  server.RaftServerConfigKeys (ConfUtils.java:logGet(46)) - raft.server.log.queue.element-limit = 1024 (custom)
2023-07-06 10:48:17,910 [ae0f568f-b3d6-4872-b39b-16fcb0b48bc3-groupManagement] INFO  server.RaftServerConfigKeys (ConfUtils.java:logGet(46)) - raft.server.log.segment.size.max = 1048576 (custom)
2023-07-06 10:48:17,911 [ae0f568f-b3d6-4872-b39b-16fcb0b48bc3-groupManagement] INFO  server.RaftServerConfigKeys (ConfUtils.java:logGet(46)) - raft.server.log.preallocated.size = 16384 (custom)
2023-07-06 10:48:17,911 [ae0f568f-b3d6-4872-b39b-16fcb0b48bc3-groupManagement] INFO  server.RaftServerConfigKeys (ConfUtils.java:logGet(46)) - raft.server.log.force.sync.num = 128 (default)
2023-07-06 10:48:17,911 [ae0f568f-b3d6-4872-b39b-16fcb0b48bc3-groupManagement] INFO  server.RaftServerConfigKeys (ConfUtils.java:logGet(46)) - raft.server.log.statemachine.data.sync = true (default)
2023-07-06 10:48:17,911 [ae0f568f-b3d6-4872-b39b-16fcb0b48bc3-groupManagement] INFO  server.RaftServerConfigKeys (ConfUtils.java:logGet(46)) - raft.server.log.statemachine.data.sync.timeout = 10s (default)
2023-07-06 10:48:17,911 [ae0f568f-b3d6-4872-b39b-16fcb0b48bc3-groupManagement] INFO  server.RaftServerConfigKeys (ConfUtils.java:logGet(46)) - raft.server.log.statemachine.data.sync.timeout.retry = -1 (default)
2023-07-06 10:48:17,911 [EventQueue-PipelineReportForPipelineReportHandler] INFO  pipeline.PipelineReportHandler (PipelineReportHandler.java:processPipelineReport(136)) - Opened pipeline PipelineID=100a5622-fdc8-46db-8391-9e0d56da3fc4
2023-07-06 10:48:17,911 [EventQueue-OpenPipelineForHealthyPipelineSafeModeRule] INFO  safemode.SCMSafeModeManager (HealthyPipelineSafeModeRule.java:process(137)) - SCM in safe mode. Healthy pipelines reported count is 0, required healthy pipeline reported count is 1
2023-07-06 10:48:17,912 [ae0f568f-b3d6-4872-b39b-16fcb0b48bc3-groupManagement] INFO  server.RaftServerConfigKeys (ConfUtils.java:logGet(46)) - raft.server.log.write.buffer.size = 1048576 (custom)
2023-07-06 10:48:17,913 [ae0f568f-b3d6-4872-b39b-16fcb0b48bc3-groupManagement] INFO  server.RaftServerConfigKeys (ConfUtils.java:logGet(46)) - raft.server.log.appender.buffer.byte-limit = 33554432 (custom)
2023-07-06 10:48:17,920 [ae0f568f-b3d6-4872-b39b-16fcb0b48bc3-groupManagement] INFO  server.RaftServerConfigKeys (ConfUtils.java:logGet(46)) - raft.server.log.unsafe-flush.enabled = false (default)
2023-07-06 10:48:17,920 [ae0f568f-b3d6-4872-b39b-16fcb0b48bc3-groupManagement] INFO  server.RaftServerConfigKeys (ConfUtils.java:logGet(46)) - raft.server.log.async-flush.enabled = false (default)
2023-07-06 10:48:17,920 [ae0f568f-b3d6-4872-b39b-16fcb0b48bc3-groupManagement] INFO  server.RaftServerConfigKeys (ConfUtils.java:logGet(46)) - raft.server.log.statemachine.data.caching.enabled = true (custom)
2023-07-06 10:48:17,920 [ae0f568f-b3d6-4872-b39b-16fcb0b48bc3-groupManagement] INFO  segmented.SegmentedRaftLogWorker (SegmentedRaftLogWorker.java:lambda$new$0(135)) - ae0f568f-b3d6-4872-b39b-16fcb0b48bc3@group-9E0D56DA3FC4-SegmentedRaftLogWorker: flushIndex: setUnconditionally 0 -> -1
2023-07-06 10:48:17,920 [ae0f568f-b3d6-4872-b39b-16fcb0b48bc3-groupManagement] INFO  segmented.SegmentedRaftLogWorker (SegmentedRaftLogWorker.java:lambda$new$0(135)) - ae0f568f-b3d6-4872-b39b-16fcb0b48bc3@group-9E0D56DA3FC4-SegmentedRaftLogWorker: safeCacheEvictIndex: setUnconditionally 0 -> -1
2023-07-06 10:48:17,920 [ae0f568f-b3d6-4872-b39b-16fcb0b48bc3-groupManagement] INFO  server.RaftServer$Division (RaftServerImpl.java:start(342)) - ae0f568f-b3d6-4872-b39b-16fcb0b48bc3@group-9E0D56DA3FC4: start as a follower, conf=-1: peers:[ae0f568f-b3d6-4872-b39b-16fcb0b48bc3|rpc:10.1.0.19:15095|admin:10.1.0.19:15094|client:10.1.0.19:15093|dataStream:10.1.0.19:15096|priority:1|startupRole:FOLLOWER]|listeners:[], old=null
2023-07-06 10:48:17,920 [ae0f568f-b3d6-4872-b39b-16fcb0b48bc3-groupManagement] INFO  server.RaftServer$Division (RaftServerImpl.java:setRole(329)) - ae0f568f-b3d6-4872-b39b-16fcb0b48bc3@group-9E0D56DA3FC4: changes role from      null to FOLLOWER at term 0 for startAsFollower
2023-07-06 10:48:17,920 [ae0f568f-b3d6-4872-b39b-16fcb0b48bc3-groupManagement] INFO  impl.RoleInfo (RoleInfo.java:updateAndGet(139)) - ae0f568f-b3d6-4872-b39b-16fcb0b48bc3: start ae0f568f-b3d6-4872-b39b-16fcb0b48bc3@group-9E0D56DA3FC4-FollowerState
2023-07-06 10:48:17,921 [ae0f568f-b3d6-4872-b39b-16fcb0b48bc3-groupManagement] INFO  util.JmxRegister (JmxRegister.java:tryRegister(44)) - Successfully registered JMX Bean with object name Ratis:service=RaftServer,group=group-9E0D56DA3FC4,id=ae0f568f-b3d6-4872-b39b-16fcb0b48bc3
2023-07-06 10:48:17,921 [ae0f568f-b3d6-4872-b39b-16fcb0b48bc3-groupManagement] INFO  server.RaftServerConfigKeys (ConfUtils.java:logGet(46)) - raft.server.snapshot.auto.trigger.enabled = true (custom)
2023-07-06 10:48:17,921 [ae0f568f-b3d6-4872-b39b-16fcb0b48bc3-groupManagement] INFO  server.RaftServerConfigKeys (ConfUtils.java:logGet(46)) - raft.server.snapshot.auto.trigger.threshold = 10000 (custom)
2023-07-06 10:48:17,921 [ae0f568f-b3d6-4872-b39b-16fcb0b48bc3-groupManagement] INFO  server.RaftServerConfigKeys (ConfUtils.java:logGet(46)) - raft.server.snapshot.retention.file.num = 5 (custom)
2023-07-06 10:48:17,921 [ae0f568f-b3d6-4872-b39b-16fcb0b48bc3-groupManagement] INFO  server.RaftServerConfigKeys (ConfUtils.java:logGet(46)) - raft.server.log.purge.upto.snapshot.index = false (default)
2023-07-06 10:48:17,922 [ae0f568f-b3d6-4872-b39b-16fcb0b48bc3@group-9E0D56DA3FC4-FollowerState] INFO  server.RaftServerConfigKeys (ConfUtils.java:logFallback(53)) - raft.server.rpc.first-election.timeout.min = 5s (fallback to raft.server.rpc.timeout.min)
2023-07-06 10:48:17,922 [ae0f568f-b3d6-4872-b39b-16fcb0b48bc3@group-9E0D56DA3FC4-FollowerState] INFO  server.RaftServerConfigKeys (ConfUtils.java:logFallback(53)) - raft.server.rpc.first-election.timeout.max = 5200ms (fallback to raft.server.rpc.timeout.max)
2023-07-06 10:48:17,924 [PipelineCommandHandlerThread-0] INFO  ratis.XceiverServerRatis (XceiverServerRatis.java:addGroup(804)) - Created group PipelineID=100a5622-fdc8-46db-8391-9e0d56da3fc4
2023-07-06 10:48:17,924 [PipelineCommandHandlerThread-0] INFO  commandhandler.CreatePipelineCommandHandler (CreatePipelineCommandHandler.java:lambda$handle$2(124)) - Created Pipeline RATIS ONE PipelineID=100a5622-fdc8-46db-8391-9e0d56da3fc4.
2023-07-06 10:48:18,222 [main] INFO  ozone.MiniOzoneClusterImpl (MiniOzoneClusterImpl.java:lambda$waitForClusterToBeReady$0(224)) - Nodes are ready. Got 10 of 10 DN Heartbeats.
2023-07-06 10:48:18,223 [main] INFO  ozone.MiniOzoneClusterImpl (MiniOzoneClusterImpl.java:lambda$waitForClusterToBeReady$0(227)) - Waiting for cluster to exit safe mode
2023-07-06 10:48:18,223 [main] INFO  ozone.MiniOzoneClusterImpl (MiniOzoneClusterImpl.java:lambda$waitForClusterToBeReady$0(229)) - SCM became leader
2023-07-06 10:48:18,895 [c18b64c4-7b5c-4e0a-b26c-2daf5f5ffc53@group-E65C3E6314A1-FollowerState] INFO  impl.FollowerState (FollowerState.java:run(143)) - c18b64c4-7b5c-4e0a-b26c-2daf5f5ffc53@group-E65C3E6314A1-FollowerState: change to CANDIDATE, lastRpcElapsedTime:5123646170ns, electionTimeout:5121ms
2023-07-06 10:48:18,895 [c18b64c4-7b5c-4e0a-b26c-2daf5f5ffc53@group-E65C3E6314A1-FollowerState] INFO  impl.RoleInfo (RoleInfo.java:shutdownFollowerState(110)) - c18b64c4-7b5c-4e0a-b26c-2daf5f5ffc53: shutdown c18b64c4-7b5c-4e0a-b26c-2daf5f5ffc53@group-E65C3E6314A1-FollowerState
2023-07-06 10:48:18,895 [c18b64c4-7b5c-4e0a-b26c-2daf5f5ffc53@group-E65C3E6314A1-FollowerState] INFO  server.RaftServer$Division (RaftServerImpl.java:setRole(329)) - c18b64c4-7b5c-4e0a-b26c-2daf5f5ffc53@group-E65C3E6314A1: changes role from  FOLLOWER to CANDIDATE at term 0 for changeToCandidate
2023-07-06 10:48:18,896 [c18b64c4-7b5c-4e0a-b26c-2daf5f5ffc53@group-E65C3E6314A1-FollowerState] INFO  server.RaftServerConfigKeys (ConfUtils.java:logGet(46)) - raft.server.leaderelection.pre-vote = true (default)
2023-07-06 10:48:18,896 [c18b64c4-7b5c-4e0a-b26c-2daf5f5ffc53@group-E65C3E6314A1-FollowerState] INFO  impl.RoleInfo (RoleInfo.java:updateAndGet(139)) - c18b64c4-7b5c-4e0a-b26c-2daf5f5ffc53: start c18b64c4-7b5c-4e0a-b26c-2daf5f5ffc53@group-E65C3E6314A1-LeaderElection2
2023-07-06 10:48:18,899 [c18b64c4-7b5c-4e0a-b26c-2daf5f5ffc53@group-E65C3E6314A1-LeaderElection2] INFO  impl.LeaderElection (LeaderElection.java:askForVotes(321)) - c18b64c4-7b5c-4e0a-b26c-2daf5f5ffc53@group-E65C3E6314A1-LeaderElection2 PRE_VOTE round 0: submit vote requests at term 0 for -1: peers:[c18b64c4-7b5c-4e0a-b26c-2daf5f5ffc53|rpc:10.1.0.19:15014|admin:10.1.0.19:15013|client:10.1.0.19:15012|dataStream:10.1.0.19:15015|priority:1|startupRole:FOLLOWER]|listeners:[], old=null
2023-07-06 10:48:18,899 [c18b64c4-7b5c-4e0a-b26c-2daf5f5ffc53@group-E65C3E6314A1-LeaderElection2] INFO  impl.LeaderElection (LeaderElection.java:askForVotes(323)) - c18b64c4-7b5c-4e0a-b26c-2daf5f5ffc53@group-E65C3E6314A1-LeaderElection2 PRE_VOTE round 0: result PASSED (term=0)
2023-07-06 10:48:18,901 [c18b64c4-7b5c-4e0a-b26c-2daf5f5ffc53@group-E65C3E6314A1-LeaderElection2] INFO  impl.LeaderElection (LeaderElection.java:askForVotes(321)) - c18b64c4-7b5c-4e0a-b26c-2daf5f5ffc53@group-E65C3E6314A1-LeaderElection2 ELECTION round 0: submit vote requests at term 1 for -1: peers:[c18b64c4-7b5c-4e0a-b26c-2daf5f5ffc53|rpc:10.1.0.19:15014|admin:10.1.0.19:15013|client:10.1.0.19:15012|dataStream:10.1.0.19:15015|priority:1|startupRole:FOLLOWER]|listeners:[], old=null
2023-07-06 10:48:18,901 [c18b64c4-7b5c-4e0a-b26c-2daf5f5ffc53@group-E65C3E6314A1-LeaderElection2] INFO  impl.LeaderElection (LeaderElection.java:askForVotes(323)) - c18b64c4-7b5c-4e0a-b26c-2daf5f5ffc53@group-E65C3E6314A1-LeaderElection2 ELECTION round 0: result PASSED (term=1)
2023-07-06 10:48:18,902 [c18b64c4-7b5c-4e0a-b26c-2daf5f5ffc53@group-E65C3E6314A1-LeaderElection2] INFO  impl.RoleInfo (RoleInfo.java:shutdownLeaderElection(130)) - c18b64c4-7b5c-4e0a-b26c-2daf5f5ffc53: shutdown c18b64c4-7b5c-4e0a-b26c-2daf5f5ffc53@group-E65C3E6314A1-LeaderElection2
2023-07-06 10:48:18,902 [c18b64c4-7b5c-4e0a-b26c-2daf5f5ffc53@group-E65C3E6314A1-LeaderElection2] INFO  server.RaftServer$Division (RaftServerImpl.java:setRole(329)) - c18b64c4-7b5c-4e0a-b26c-2daf5f5ffc53@group-E65C3E6314A1: changes role from CANDIDATE to LEADER at term 1 for changeToLeader
2023-07-06 10:48:18,902 [c18b64c4-7b5c-4e0a-b26c-2daf5f5ffc53@group-E65C3E6314A1-LeaderElection2] INFO  ratis.XceiverServerRatis (XceiverServerRatis.java:handleLeaderChangedNotification(902)) - Leader change notification received for group: group-E65C3E6314A1 with new leaderId: c18b64c4-7b5c-4e0a-b26c-2daf5f5ffc53
2023-07-06 10:48:18,902 [c18b64c4-7b5c-4e0a-b26c-2daf5f5ffc53@group-E65C3E6314A1-LeaderElection2] INFO  server.RaftServer$Division (ServerState.java:setLeader(317)) - c18b64c4-7b5c-4e0a-b26c-2daf5f5ffc53@group-E65C3E6314A1: change Leader from null to c18b64c4-7b5c-4e0a-b26c-2daf5f5ffc53 at term 1 for becomeLeader, leader elected after 5183ms
2023-07-06 10:48:18,902 [c18b64c4-7b5c-4e0a-b26c-2daf5f5ffc53@group-E65C3E6314A1-LeaderElection2] INFO  server.RaftServerConfigKeys (ConfUtils.java:logGet(46)) - raft.server.staging.catchup.gap = 1000 (default)
2023-07-06 10:48:18,902 [c18b64c4-7b5c-4e0a-b26c-2daf5f5ffc53@group-E65C3E6314A1-LeaderElection2] INFO  server.RaftServerConfigKeys (ConfUtils.java:logGet(46)) - raft.server.write.element-limit = 1024 (custom)
2023-07-06 10:48:18,903 [c18b64c4-7b5c-4e0a-b26c-2daf5f5ffc53@group-E65C3E6314A1-LeaderElection2] INFO  server.RaftServerConfigKeys (ConfUtils.java:logGet(46)) - raft.server.write.byte-limit = 1024 M (=1073741824) (custom)
2023-07-06 10:48:18,903 [c18b64c4-7b5c-4e0a-b26c-2daf5f5ffc53@group-E65C3E6314A1-LeaderElection2] INFO  server.RaftServerConfigKeys (ConfUtils.java:logGet(46)) - raft.server.watch.timeout = 180s (custom)
2023-07-06 10:48:18,903 [c18b64c4-7b5c-4e0a-b26c-2daf5f5ffc53@group-E65C3E6314A1-LeaderElection2] INFO  server.RaftServerConfigKeys (ConfUtils.java:logGet(46)) - raft.server.watch.timeout.denomination = 1s (default)
2023-07-06 10:48:18,904 [c18b64c4-7b5c-4e0a-b26c-2daf5f5ffc53@group-E65C3E6314A1-LeaderElection2] INFO  server.RaftServerConfigKeys (ConfUtils.java:logGet(46)) - raft.server.watch.element-limit = 65536 (default)
2023-07-06 10:48:18,904 [c18b64c4-7b5c-4e0a-b26c-2daf5f5ffc53@group-E65C3E6314A1-LeaderElection2] INFO  server.RaftServerConfigKeys (ConfUtils.java:logGet(46)) - raft.server.write.element-limit = 1024 (custom)
2023-07-06 10:48:18,904 [c18b64c4-7b5c-4e0a-b26c-2daf5f5ffc53@group-E65C3E6314A1-LeaderElection2] INFO  server.RaftServerConfigKeys (ConfUtils.java:logGet(46)) - raft.server.write.follower.gap.ratio.max = -1.0 (default)
2023-07-06 10:48:18,904 [c18b64c4-7b5c-4e0a-b26c-2daf5f5ffc53@group-E65C3E6314A1-LeaderElection2] INFO  impl.RoleInfo (RoleInfo.java:updateAndGet(139)) - c18b64c4-7b5c-4e0a-b26c-2daf5f5ffc53: start c18b64c4-7b5c-4e0a-b26c-2daf5f5ffc53@group-E65C3E6314A1-LeaderStateImpl
2023-07-06 10:48:18,904 [EventQueue-OpenPipelineForHealthyPipelineSafeModeRule] INFO  safemode.SCMSafeModeManager (HealthyPipelineSafeModeRule.java:process(137)) - SCM in safe mode. Healthy pipelines reported count is 0, required healthy pipeline reported count is 1
2023-07-06 10:48:18,905 [c18b64c4-7b5c-4e0a-b26c-2daf5f5ffc53@group-E65C3E6314A1-LeaderElection2] INFO  segmented.SegmentedRaftLogWorker (SegmentedRaftLogWorker.java:startLogSegment(447)) - c18b64c4-7b5c-4e0a-b26c-2daf5f5ffc53@group-E65C3E6314A1-SegmentedRaftLogWorker: Starting segment from index:0
2023-07-06 10:48:18,910 [c18b64c4-7b5c-4e0a-b26c-2daf5f5ffc53@group-E65C3E6314A1-LeaderElection2] INFO  server.RaftServer$Division (ServerState.java:setRaftConf(434)) - c18b64c4-7b5c-4e0a-b26c-2daf5f5ffc53@group-E65C3E6314A1: set configuration 0: peers:[c18b64c4-7b5c-4e0a-b26c-2daf5f5ffc53|rpc:10.1.0.19:15014|admin:10.1.0.19:15013|client:10.1.0.19:15012|dataStream:10.1.0.19:15015|priority:1|startupRole:FOLLOWER]|listeners:[], old=null
2023-07-06 10:48:18,912 [c18b64c4-7b5c-4e0a-b26c-2daf5f5ffc53@group-E65C3E6314A1-SegmentedRaftLogWorker] INFO  segmented.SegmentedRaftLogWorker (SegmentedRaftLogWorker.java:execute(651)) - c18b64c4-7b5c-4e0a-b26c-2daf5f5ffc53@group-E65C3E6314A1-SegmentedRaftLogWorker: created new log segment /home/runner/work/ozone/ozone/hadoop-ozone/integration-test/target/test-dir/MiniOzoneClusterImpl-8ecce792-0b29-40a4-bcd2-9922915e3450/datanode-0/data/ratis/2225a4ca-84cd-4adc-acb9-e65c3e6314a1/current/log_inprogress_0
2023-07-06 10:48:18,983 [c18b64c4-7b5c-4e0a-b26c-2daf5f5ffc53@group-D2F834AC6072-FollowerState] INFO  impl.FollowerState (FollowerState.java:run(143)) - c18b64c4-7b5c-4e0a-b26c-2daf5f5ffc53@group-D2F834AC6072-FollowerState: change to CANDIDATE, lastRpcElapsedTime:5160889476ns, electionTimeout:5147ms
2023-07-06 10:48:18,985 [c18b64c4-7b5c-4e0a-b26c-2daf5f5ffc53@group-D2F834AC6072-FollowerState] INFO  impl.RoleInfo (RoleInfo.java:shutdownFollowerState(110)) - c18b64c4-7b5c-4e0a-b26c-2daf5f5ffc53: shutdown c18b64c4-7b5c-4e0a-b26c-2daf5f5ffc53@group-D2F834AC6072-FollowerState
2023-07-06 10:48:18,985 [c18b64c4-7b5c-4e0a-b26c-2daf5f5ffc53@group-D2F834AC6072-FollowerState] INFO  server.RaftServer$Division (RaftServerImpl.java:setRole(329)) - c18b64c4-7b5c-4e0a-b26c-2daf5f5ffc53@group-D2F834AC6072: changes role from  FOLLOWER to CANDIDATE at term 0 for changeToCandidate
2023-07-06 10:48:18,985 [c18b64c4-7b5c-4e0a-b26c-2daf5f5ffc53@group-D2F834AC6072-FollowerState] INFO  server.RaftServerConfigKeys (ConfUtils.java:logGet(46)) - raft.server.leaderelection.pre-vote = true (default)
2023-07-06 10:48:18,985 [c18b64c4-7b5c-4e0a-b26c-2daf5f5ffc53@group-D2F834AC6072-FollowerState] INFO  impl.RoleInfo (RoleInfo.java:updateAndGet(139)) - c18b64c4-7b5c-4e0a-b26c-2daf5f5ffc53: start c18b64c4-7b5c-4e0a-b26c-2daf5f5ffc53@group-D2F834AC6072-LeaderElection3
2023-07-06 10:48:18,987 [c18b64c4-7b5c-4e0a-b26c-2daf5f5ffc53@group-D2F834AC6072-LeaderElection3] INFO  impl.LeaderElection (LeaderElection.java:askForVotes(321)) - c18b64c4-7b5c-4e0a-b26c-2daf5f5ffc53@group-D2F834AC6072-LeaderElection3 PRE_VOTE round 0: submit vote requests at term 0 for -1: peers:[b02eaa79-f692-4c53-b57d-37cb88368c79|rpc:10.1.0.19:15032|admin:10.1.0.19:15031|client:10.1.0.19:15030|dataStream:10.1.0.19:15033|priority:0|startupRole:FOLLOWER, c18b64c4-7b5c-4e0a-b26c-2daf5f5ffc53|rpc:10.1.0.19:15014|admin:10.1.0.19:15013|client:10.1.0.19:15012|dataStream:10.1.0.19:15015|priority:0|startupRole:FOLLOWER, d927e26c-8fe2-4137-bd03-4653fe67c688|rpc:10.1.0.19:15023|admin:10.1.0.19:15022|client:10.1.0.19:15021|dataStream:10.1.0.19:15024|priority:1|startupRole:FOLLOWER]|listeners:[], old=null
2023-07-06 10:48:18,994 [c18b64c4-7b5c-4e0a-b26c-2daf5f5ffc53@group-D2F834AC6072-LeaderElection3] INFO  server.RaftServerConfigKeys (ConfUtils.java:logFallback(53)) - raft.server.rpc.first-election.timeout.min = 5s (fallback to raft.server.rpc.timeout.min)
2023-07-06 10:48:18,994 [c18b64c4-7b5c-4e0a-b26c-2daf5f5ffc53@group-D2F834AC6072-LeaderElection3] INFO  server.RaftServerConfigKeys (ConfUtils.java:logFallback(53)) - raft.server.rpc.first-election.timeout.max = 5200ms (fallback to raft.server.rpc.timeout.max)
2023-07-06 10:48:18,994 [c18b64c4-7b5c-4e0a-b26c-2daf5f5ffc53@group-D2F834AC6072-LeaderElection3-1] INFO  server.GrpcServerProtocolClient (GrpcServerProtocolClient.java:<init>(65)) - Build channel for b02eaa79-f692-4c53-b57d-37cb88368c79
2023-07-06 10:48:18,998 [c18b64c4-7b5c-4e0a-b26c-2daf5f5ffc53@group-D2F834AC6072-LeaderElection3-2] INFO  server.GrpcServerProtocolClient (GrpcServerProtocolClient.java:<init>(65)) - Build channel for d927e26c-8fe2-4137-bd03-4653fe67c688
2023-07-06 10:48:19,008 [grpc-default-executor-0] INFO  server.RaftServer$Division (RaftServerImpl.java:requestVote(1302)) - b02eaa79-f692-4c53-b57d-37cb88368c79@group-D2F834AC6072: receive requestVote(PRE_VOTE, c18b64c4-7b5c-4e0a-b26c-2daf5f5ffc53, group-D2F834AC6072, 0, (t:0, i:0))
2023-07-06 10:48:19,010 [grpc-default-executor-0] INFO  impl.VoteContext (VoteContext.java:log(49)) - b02eaa79-f692-4c53-b57d-37cb88368c79@group-D2F834AC6072-FOLLOWER: accept PRE_VOTE from c18b64c4-7b5c-4e0a-b26c-2daf5f5ffc53: our priority 0 <= candidate's priority 0
2023-07-06 10:48:19,020 [grpc-default-executor-0] INFO  server.RaftServer$Division (RaftServerImpl.java:requestVote(1335)) - b02eaa79-f692-4c53-b57d-37cb88368c79@group-D2F834AC6072 replies to PRE_VOTE vote request: c18b64c4-7b5c-4e0a-b26c-2daf5f5ffc53<-b02eaa79-f692-4c53-b57d-37cb88368c79#0:OK-t0. Peer's state: b02eaa79-f692-4c53-b57d-37cb88368c79@group-D2F834AC6072:t0, leader=null, voted=, raftlog=Memoized:b02eaa79-f692-4c53-b57d-37cb88368c79@group-D2F834AC6072-SegmentedRaftLog:OPENED:c-1, conf=-1: peers:[b02eaa79-f692-4c53-b57d-37cb88368c79|rpc:10.1.0.19:15032|admin:10.1.0.19:15031|client:10.1.0.19:15030|dataStream:10.1.0.19:15033|priority:0|startupRole:FOLLOWER, c18b64c4-7b5c-4e0a-b26c-2daf5f5ffc53|rpc:10.1.0.19:15014|admin:10.1.0.19:15013|client:10.1.0.19:15012|dataStream:10.1.0.19:15015|priority:0|startupRole:FOLLOWER, d927e26c-8fe2-4137-bd03-4653fe67c688|rpc:10.1.0.19:15023|admin:10.1.0.19:15022|client:10.1.0.19:15021|dataStream:10.1.0.19:15024|priority:1|startupRole:FOLLOWER]|listeners:[], old=null
2023-07-06 10:48:19,022 [grpc-default-executor-1] INFO  server.RaftServer$Division (RaftServerImpl.java:requestVote(1302)) - d927e26c-8fe2-4137-bd03-4653fe67c688@group-D2F834AC6072: receive requestVote(PRE_VOTE, c18b64c4-7b5c-4e0a-b26c-2daf5f5ffc53, group-D2F834AC6072, 0, (t:0, i:0))
2023-07-06 10:48:19,022 [grpc-default-executor-1] INFO  impl.VoteContext (VoteContext.java:log(49)) - d927e26c-8fe2-4137-bd03-4653fe67c688@group-D2F834AC6072-FOLLOWER: reject PRE_VOTE from c18b64c4-7b5c-4e0a-b26c-2daf5f5ffc53: our priority 1 > candidate's priority 0
2023-07-06 10:48:19,023 [grpc-default-executor-1] INFO  server.RaftServer$Division (RaftServerImpl.java:requestVote(1335)) - d927e26c-8fe2-4137-bd03-4653fe67c688@group-D2F834AC6072 replies to PRE_VOTE vote request: c18b64c4-7b5c-4e0a-b26c-2daf5f5ffc53<-d927e26c-8fe2-4137-bd03-4653fe67c688#0:FAIL-t0. Peer's state: d927e26c-8fe2-4137-bd03-4653fe67c688@group-D2F834AC6072:t0, leader=null, voted=, raftlog=Memoized:d927e26c-8fe2-4137-bd03-4653fe67c688@group-D2F834AC6072-SegmentedRaftLog:OPENED:c-1, conf=-1: peers:[b02eaa79-f692-4c53-b57d-37cb88368c79|rpc:10.1.0.19:15032|admin:10.1.0.19:15031|client:10.1.0.19:15030|dataStream:10.1.0.19:15033|priority:0|startupRole:FOLLOWER, c18b64c4-7b5c-4e0a-b26c-2daf5f5ffc53|rpc:10.1.0.19:15014|admin:10.1.0.19:15013|client:10.1.0.19:15012|dataStream:10.1.0.19:15015|priority:0|startupRole:FOLLOWER, d927e26c-8fe2-4137-bd03-4653fe67c688|rpc:10.1.0.19:15023|admin:10.1.0.19:15022|client:10.1.0.19:15021|dataStream:10.1.0.19:15024|priority:1|startupRole:FOLLOWER]|listeners:[], old=null
2023-07-06 10:48:19,026 [c18b64c4-7b5c-4e0a-b26c-2daf5f5ffc53@group-D2F834AC6072-LeaderElection3] INFO  impl.LeaderElection (LeaderElection.java:logAndReturn(90)) - c18b64c4-7b5c-4e0a-b26c-2daf5f5ffc53@group-D2F834AC6072-LeaderElection3: PRE_VOTE REJECTED received 2 response(s) and 0 exception(s):
2023-07-06 10:48:19,026 [c18b64c4-7b5c-4e0a-b26c-2daf5f5ffc53@group-D2F834AC6072-LeaderElection3] INFO  impl.LeaderElection (LeaderElection.java:logAndReturn(94)) -   Response 0: c18b64c4-7b5c-4e0a-b26c-2daf5f5ffc53<-b02eaa79-f692-4c53-b57d-37cb88368c79#0:OK-t0
2023-07-06 10:48:19,026 [c18b64c4-7b5c-4e0a-b26c-2daf5f5ffc53@group-D2F834AC6072-LeaderElection3] INFO  impl.LeaderElection (LeaderElection.java:logAndReturn(94)) -   Response 1: c18b64c4-7b5c-4e0a-b26c-2daf5f5ffc53<-d927e26c-8fe2-4137-bd03-4653fe67c688#0:FAIL-t0
2023-07-06 10:48:19,026 [c18b64c4-7b5c-4e0a-b26c-2daf5f5ffc53@group-D2F834AC6072-LeaderElection3] INFO  impl.LeaderElection (LeaderElection.java:askForVotes(323)) - c18b64c4-7b5c-4e0a-b26c-2daf5f5ffc53@group-D2F834AC6072-LeaderElection3 PRE_VOTE round 0: result REJECTED
2023-07-06 10:48:19,028 [c18b64c4-7b5c-4e0a-b26c-2daf5f5ffc53@group-D2F834AC6072-LeaderElection3] INFO  server.RaftServer$Division (RaftServerImpl.java:setRole(329)) - c18b64c4-7b5c-4e0a-b26c-2daf5f5ffc53@group-D2F834AC6072: changes role from CANDIDATE to FOLLOWER at term 0 for REJECTED
2023-07-06 10:48:19,028 [c18b64c4-7b5c-4e0a-b26c-2daf5f5ffc53@group-D2F834AC6072-LeaderElection3] INFO  impl.RoleInfo (RoleInfo.java:shutdownLeaderElection(130)) - c18b64c4-7b5c-4e0a-b26c-2daf5f5ffc53: shutdown c18b64c4-7b5c-4e0a-b26c-2daf5f5ffc53@group-D2F834AC6072-LeaderElection3
2023-07-06 10:48:19,028 [c18b64c4-7b5c-4e0a-b26c-2daf5f5ffc53@group-D2F834AC6072-LeaderElection3] INFO  impl.RoleInfo (RoleInfo.java:updateAndGet(139)) - c18b64c4-7b5c-4e0a-b26c-2daf5f5ffc53: start c18b64c4-7b5c-4e0a-b26c-2daf5f5ffc53@group-D2F834AC6072-FollowerState
2023-07-06 10:48:19,223 [main] INFO  ozone.MiniOzoneClusterImpl (MiniOzoneClusterImpl.java:lambda$waitForClusterToBeReady$0(224)) - Nodes are ready. Got 10 of 10 DN Heartbeats.
2023-07-06 10:48:19,223 [main] INFO  ozone.MiniOzoneClusterImpl (MiniOzoneClusterImpl.java:lambda$waitForClusterToBeReady$0(227)) - Waiting for cluster to exit safe mode
2023-07-06 10:48:19,223 [main] INFO  ozone.MiniOzoneClusterImpl (MiniOzoneClusterImpl.java:lambda$waitForClusterToBeReady$0(229)) - SCM became leader
2023-07-06 10:48:19,313 [d927e26c-8fe2-4137-bd03-4653fe67c688@group-324AF65D15C7-FollowerState] INFO  impl.FollowerState (FollowerState.java:run(143)) - d927e26c-8fe2-4137-bd03-4653fe67c688@group-324AF65D15C7-FollowerState: change to CANDIDATE, lastRpcElapsedTime:5078094322ns, electionTimeout:5077ms
2023-07-06 10:48:19,314 [d927e26c-8fe2-4137-bd03-4653fe67c688@group-324AF65D15C7-FollowerState] INFO  impl.RoleInfo (RoleInfo.java:shutdownFollowerState(110)) - d927e26c-8fe2-4137-bd03-4653fe67c688: shutdown d927e26c-8fe2-4137-bd03-4653fe67c688@group-324AF65D15C7-FollowerState
2023-07-06 10:48:19,314 [d927e26c-8fe2-4137-bd03-4653fe67c688@group-324AF65D15C7-FollowerState] INFO  server.RaftServer$Division (RaftServerImpl.java:setRole(329)) - d927e26c-8fe2-4137-bd03-4653fe67c688@group-324AF65D15C7: changes role from  FOLLOWER to CANDIDATE at term 0 for changeToCandidate
2023-07-06 10:48:19,314 [d927e26c-8fe2-4137-bd03-4653fe67c688@group-324AF65D15C7-FollowerState] INFO  server.RaftServerConfigKeys (ConfUtils.java:logGet(46)) - raft.server.leaderelection.pre-vote = true (default)
2023-07-06 10:48:19,314 [d927e26c-8fe2-4137-bd03-4653fe67c688@group-324AF65D15C7-FollowerState] INFO  impl.RoleInfo (RoleInfo.java:updateAndGet(139)) - d927e26c-8fe2-4137-bd03-4653fe67c688: start d927e26c-8fe2-4137-bd03-4653fe67c688@group-324AF65D15C7-LeaderElection4
2023-07-06 10:48:19,317 [d927e26c-8fe2-4137-bd03-4653fe67c688@group-324AF65D15C7-LeaderElection4] INFO  impl.LeaderElection (LeaderElection.java:askForVotes(321)) - d927e26c-8fe2-4137-bd03-4653fe67c688@group-324AF65D15C7-LeaderElection4 PRE_VOTE round 0: submit vote requests at term 0 for -1: peers:[d927e26c-8fe2-4137-bd03-4653fe67c688|rpc:10.1.0.19:15023|admin:10.1.0.19:15022|client:10.1.0.19:15021|dataStream:10.1.0.19:15024|priority:1|startupRole:FOLLOWER]|listeners:[], old=null
2023-07-06 10:48:19,317 [d927e26c-8fe2-4137-bd03-4653fe67c688@group-324AF65D15C7-LeaderElection4] INFO  impl.LeaderElection (LeaderElection.java:askForVotes(323)) - d927e26c-8fe2-4137-bd03-4653fe67c688@group-324AF65D15C7-LeaderElection4 PRE_VOTE round 0: result PASSED (term=0)
2023-07-06 10:48:19,319 [d927e26c-8fe2-4137-bd03-4653fe67c688@group-324AF65D15C7-LeaderElection4] INFO  impl.LeaderElection (LeaderElection.java:askForVotes(321)) - d927e26c-8fe2-4137-bd03-4653fe67c688@group-324AF65D15C7-LeaderElection4 ELECTION round 0: submit vote requests at term 1 for -1: peers:[d927e26c-8fe2-4137-bd03-4653fe67c688|rpc:10.1.0.19:15023|admin:10.1.0.19:15022|client:10.1.0.19:15021|dataStream:10.1.0.19:15024|priority:1|startupRole:FOLLOWER]|listeners:[], old=null
2023-07-06 10:48:19,319 [d927e26c-8fe2-4137-bd03-4653fe67c688@group-324AF65D15C7-LeaderElection4] INFO  impl.LeaderElection (LeaderElection.java:askForVotes(323)) - d927e26c-8fe2-4137-bd03-4653fe67c688@group-324AF65D15C7-LeaderElection4 ELECTION round 0: result PASSED (term=1)
2023-07-06 10:48:19,319 [d927e26c-8fe2-4137-bd03-4653fe67c688@group-324AF65D15C7-LeaderElection4] INFO  impl.RoleInfo (RoleInfo.java:shutdownLeaderElection(130)) - d927e26c-8fe2-4137-bd03-4653fe67c688: shutdown d927e26c-8fe2-4137-bd03-4653fe67c688@group-324AF65D15C7-LeaderElection4
2023-07-06 10:48:19,319 [d927e26c-8fe2-4137-bd03-4653fe67c688@group-324AF65D15C7-LeaderElection4] INFO  server.RaftServer$Division (RaftServerImpl.java:setRole(329)) - d927e26c-8fe2-4137-bd03-4653fe67c688@group-324AF65D15C7: changes role from CANDIDATE to LEADER at term 1 for changeToLeader
2023-07-06 10:48:19,319 [d927e26c-8fe2-4137-bd03-4653fe67c688@group-324AF65D15C7-LeaderElection4] INFO  ratis.XceiverServerRatis (XceiverServerRatis.java:handleLeaderChangedNotification(902)) - Leader change notification received for group: group-324AF65D15C7 with new leaderId: d927e26c-8fe2-4137-bd03-4653fe67c688
2023-07-06 10:48:19,322 [EventQueue-OpenPipelineForHealthyPipelineSafeModeRule] INFO  safemode.SCMSafeModeManager (HealthyPipelineSafeModeRule.java:process(137)) - SCM in safe mode. Healthy pipelines reported count is 0, required healthy pipeline reported count is 1
2023-07-06 10:48:19,322 [d927e26c-8fe2-4137-bd03-4653fe67c688@group-324AF65D15C7-LeaderElection4] INFO  server.RaftServer$Division (ServerState.java:setLeader(317)) - d927e26c-8fe2-4137-bd03-4653fe67c688@group-324AF65D15C7: change Leader from null to d927e26c-8fe2-4137-bd03-4653fe67c688 at term 1 for becomeLeader, leader elected after 5123ms
2023-07-06 10:48:19,322 [d927e26c-8fe2-4137-bd03-4653fe67c688@group-324AF65D15C7-LeaderElection4] INFO  server.RaftServerConfigKeys (ConfUtils.java:logGet(46)) - raft.server.staging.catchup.gap = 1000 (default)
2023-07-06 10:48:19,323 [d927e26c-8fe2-4137-bd03-4653fe67c688@group-324AF65D15C7-LeaderElection4] INFO  server.RaftServerConfigKeys (ConfUtils.java:logGet(46)) - raft.server.write.element-limit = 1024 (custom)
2023-07-06 10:48:19,323 [d927e26c-8fe2-4137-bd03-4653fe67c688@group-324AF65D15C7-LeaderElection4] INFO  server.RaftServerConfigKeys (ConfUtils.java:logGet(46)) - raft.server.write.byte-limit = 1024 M (=1073741824) (custom)
2023-07-06 10:48:19,324 [d927e26c-8fe2-4137-bd03-4653fe67c688@group-324AF65D15C7-LeaderElection4] INFO  server.RaftServerConfigKeys (ConfUtils.java:logGet(46)) - raft.server.watch.timeout = 180s (custom)
2023-07-06 10:48:19,324 [d927e26c-8fe2-4137-bd03-4653fe67c688@group-324AF65D15C7-LeaderElection4] INFO  server.RaftServerConfigKeys (ConfUtils.java:logGet(46)) - raft.server.watch.timeout.denomination = 1s (default)
2023-07-06 10:48:19,324 [d927e26c-8fe2-4137-bd03-4653fe67c688@group-324AF65D15C7-LeaderElection4] INFO  server.RaftServerConfigKeys (ConfUtils.java:logGet(46)) - raft.server.watch.element-limit = 65536 (default)
2023-07-06 10:48:19,324 [d927e26c-8fe2-4137-bd03-4653fe67c688@group-324AF65D15C7-LeaderElection4] INFO  server.RaftServerConfigKeys (ConfUtils.java:logGet(46)) - raft.server.write.element-limit = 1024 (custom)
2023-07-06 10:48:19,324 [d927e26c-8fe2-4137-bd03-4653fe67c688@group-324AF65D15C7-LeaderElection4] INFO  server.RaftServerConfigKeys (ConfUtils.java:logGet(46)) - raft.server.write.follower.gap.ratio.max = -1.0 (default)
2023-07-06 10:48:19,324 [d927e26c-8fe2-4137-bd03-4653fe67c688@group-324AF65D15C7-LeaderElection4] INFO  impl.RoleInfo (RoleInfo.java:updateAndGet(139)) - d927e26c-8fe2-4137-bd03-4653fe67c688: start d927e26c-8fe2-4137-bd03-4653fe67c688@group-324AF65D15C7-LeaderStateImpl
2023-07-06 10:48:19,325 [d927e26c-8fe2-4137-bd03-4653fe67c688@group-324AF65D15C7-LeaderElection4] INFO  segmented.SegmentedRaftLogWorker (SegmentedRaftLogWorker.java:startLogSegment(447)) - d927e26c-8fe2-4137-bd03-4653fe67c688@group-324AF65D15C7-SegmentedRaftLogWorker: Starting segment from index:0
2023-07-06 10:48:19,328 [d927e26c-8fe2-4137-bd03-4653fe67c688@group-324AF65D15C7-LeaderElection4] INFO  server.RaftServer$Division (ServerState.java:setRaftConf(434)) - d927e26c-8fe2-4137-bd03-4653fe67c688@group-324AF65D15C7: set configuration 0: peers:[d927e26c-8fe2-4137-bd03-4653fe67c688|rpc:10.1.0.19:15023|admin:10.1.0.19:15022|client:10.1.0.19:15021|dataStream:10.1.0.19:15024|priority:1|startupRole:FOLLOWER]|listeners:[], old=null
2023-07-06 10:48:19,329 [d927e26c-8fe2-4137-bd03-4653fe67c688@group-324AF65D15C7-SegmentedRaftLogWorker] INFO  segmented.SegmentedRaftLogWorker (SegmentedRaftLogWorker.java:execute(651)) - d927e26c-8fe2-4137-bd03-4653fe67c688@group-324AF65D15C7-SegmentedRaftLogWorker: created new log segment /home/runner/work/ozone/ozone/hadoop-ozone/integration-test/target/test-dir/MiniOzoneClusterImpl-8ecce792-0b29-40a4-bcd2-9922915e3450/datanode-1/data/ratis/497bc7bf-6667-4084-a1d5-324af65d15c7/current/log_inprogress_0
2023-07-06 10:48:19,436 [d927e26c-8fe2-4137-bd03-4653fe67c688@group-D2F834AC6072-FollowerState] INFO  impl.FollowerState (FollowerState.java:run(143)) - d927e26c-8fe2-4137-bd03-4653fe67c688@group-D2F834AC6072-FollowerState: change to CANDIDATE, lastRpcElapsedTime:5145546569ns, electionTimeout:5119ms
2023-07-06 10:48:19,437 [d927e26c-8fe2-4137-bd03-4653fe67c688@group-D2F834AC6072-FollowerState] INFO  impl.RoleInfo (RoleInfo.java:shutdownFollowerState(110)) - d927e26c-8fe2-4137-bd03-4653fe67c688: shutdown d927e26c-8fe2-4137-bd03-4653fe67c688@group-D2F834AC6072-FollowerState
2023-07-06 10:48:19,437 [d927e26c-8fe2-4137-bd03-4653fe67c688@group-D2F834AC6072-FollowerState] INFO  server.RaftServer$Division (RaftServerImpl.java:setRole(329)) - d927e26c-8fe2-4137-bd03-4653fe67c688@group-D2F834AC6072: changes role from  FOLLOWER to CANDIDATE at term 0 for changeToCandidate
2023-07-06 10:48:19,437 [d927e26c-8fe2-4137-bd03-4653fe67c688@group-D2F834AC6072-FollowerState] INFO  server.RaftServerConfigKeys (ConfUtils.java:logGet(46)) - raft.server.leaderelection.pre-vote = true (default)
2023-07-06 10:48:19,437 [d927e26c-8fe2-4137-bd03-4653fe67c688@group-D2F834AC6072-FollowerState] INFO  impl.RoleInfo (RoleInfo.java:updateAndGet(139)) - d927e26c-8fe2-4137-bd03-4653fe67c688: start d927e26c-8fe2-4137-bd03-4653fe67c688@group-D2F834AC6072-LeaderElection5
2023-07-06 10:48:19,443 [d927e26c-8fe2-4137-bd03-4653fe67c688@group-D2F834AC6072-LeaderElection5] INFO  impl.LeaderElection (LeaderElection.java:askForVotes(321)) - d927e26c-8fe2-4137-bd03-4653fe67c688@group-D2F834AC6072-LeaderElection5 PRE_VOTE round 0: submit vote requests at term 0 for -1: peers:[b02eaa79-f692-4c53-b57d-37cb88368c79|rpc:10.1.0.19:15032|admin:10.1.0.19:15031|client:10.1.0.19:15030|dataStream:10.1.0.19:15033|priority:0|startupRole:FOLLOWER, c18b64c4-7b5c-4e0a-b26c-2daf5f5ffc53|rpc:10.1.0.19:15014|admin:10.1.0.19:15013|client:10.1.0.19:15012|dataStream:10.1.0.19:15015|priority:0|startupRole:FOLLOWER, d927e26c-8fe2-4137-bd03-4653fe67c688|rpc:10.1.0.19:15023|admin:10.1.0.19:15022|client:10.1.0.19:15021|dataStream:10.1.0.19:15024|priority:1|startupRole:FOLLOWER]|listeners:[], old=null
2023-07-06 10:48:19,444 [d927e26c-8fe2-4137-bd03-4653fe67c688@group-D2F834AC6072-LeaderElection5-1] INFO  server.GrpcServerProtocolClient (GrpcServerProtocolClient.java:<init>(65)) - Build channel for b02eaa79-f692-4c53-b57d-37cb88368c79
2023-07-06 10:48:19,444 [d927e26c-8fe2-4137-bd03-4653fe67c688@group-D2F834AC6072-LeaderElection5] INFO  server.RaftServerConfigKeys (ConfUtils.java:logFallback(53)) - raft.server.rpc.first-election.timeout.min = 5s (fallback to raft.server.rpc.timeout.min)
2023-07-06 10:48:19,444 [d927e26c-8fe2-4137-bd03-4653fe67c688@group-D2F834AC6072-LeaderElection5] INFO  server.RaftServerConfigKeys (ConfUtils.java:logFallback(53)) - raft.server.rpc.first-election.timeout.max = 5200ms (fallback to raft.server.rpc.timeout.max)
2023-07-06 10:48:19,445 [d927e26c-8fe2-4137-bd03-4653fe67c688@group-D2F834AC6072-LeaderElection5-2] INFO  server.GrpcServerProtocolClient (GrpcServerProtocolClient.java:<init>(65)) - Build channel for c18b64c4-7b5c-4e0a-b26c-2daf5f5ffc53
2023-07-06 10:48:19,466 [grpc-default-executor-1] INFO  server.RaftServer$Division (RaftServerImpl.java:requestVote(1302)) - b02eaa79-f692-4c53-b57d-37cb88368c79@group-D2F834AC6072: receive requestVote(PRE_VOTE, d927e26c-8fe2-4137-bd03-4653fe67c688, group-D2F834AC6072, 0, (t:0, i:0))
2023-07-06 10:48:19,469 [grpc-default-executor-1] INFO  impl.VoteContext (VoteContext.java:log(49)) - b02eaa79-f692-4c53-b57d-37cb88368c79@group-D2F834AC6072-FOLLOWER: accept PRE_VOTE from d927e26c-8fe2-4137-bd03-4653fe67c688: our priority 0 <= candidate's priority 1
2023-07-06 10:48:19,469 [grpc-default-executor-1] INFO  server.RaftServer$Division (RaftServerImpl.java:requestVote(1335)) - b02eaa79-f692-4c53-b57d-37cb88368c79@group-D2F834AC6072 replies to PRE_VOTE vote request: d927e26c-8fe2-4137-bd03-4653fe67c688<-b02eaa79-f692-4c53-b57d-37cb88368c79#0:OK-t0. Peer's state: b02eaa79-f692-4c53-b57d-37cb88368c79@group-D2F834AC6072:t0, leader=null, voted=, raftlog=Memoized:b02eaa79-f692-4c53-b57d-37cb88368c79@group-D2F834AC6072-SegmentedRaftLog:OPENED:c-1, conf=-1: peers:[b02eaa79-f692-4c53-b57d-37cb88368c79|rpc:10.1.0.19:15032|admin:10.1.0.19:15031|client:10.1.0.19:15030|dataStream:10.1.0.19:15033|priority:0|startupRole:FOLLOWER, c18b64c4-7b5c-4e0a-b26c-2daf5f5ffc53|rpc:10.1.0.19:15014|admin:10.1.0.19:15013|client:10.1.0.19:15012|dataStream:10.1.0.19:15015|priority:0|startupRole:FOLLOWER, d927e26c-8fe2-4137-bd03-4653fe67c688|rpc:10.1.0.19:15023|admin:10.1.0.19:15022|client:10.1.0.19:15021|dataStream:10.1.0.19:15024|priority:1|startupRole:FOLLOWER]|listeners:[], old=null
2023-07-06 10:48:19,471 [d927e26c-8fe2-4137-bd03-4653fe67c688@group-D2F834AC6072-LeaderElection5] INFO  impl.LeaderElection (LeaderElection.java:logAndReturn(90)) - d927e26c-8fe2-4137-bd03-4653fe67c688@group-D2F834AC6072-LeaderElection5: PRE_VOTE PASSED received 1 response(s) and 0 exception(s):
2023-07-06 10:48:19,471 [d927e26c-8fe2-4137-bd03-4653fe67c688@group-D2F834AC6072-LeaderElection5] INFO  impl.LeaderElection (LeaderElection.java:logAndReturn(94)) -   Response 0: d927e26c-8fe2-4137-bd03-4653fe67c688<-b02eaa79-f692-4c53-b57d-37cb88368c79#0:OK-t0
2023-07-06 10:48:19,471 [d927e26c-8fe2-4137-bd03-4653fe67c688@group-D2F834AC6072-LeaderElection5] INFO  impl.LeaderElection (LeaderElection.java:askForVotes(323)) - d927e26c-8fe2-4137-bd03-4653fe67c688@group-D2F834AC6072-LeaderElection5 PRE_VOTE round 0: result PASSED
2023-07-06 10:48:19,474 [d927e26c-8fe2-4137-bd03-4653fe67c688@group-D2F834AC6072-LeaderElection5] INFO  impl.LeaderElection (LeaderElection.java:askForVotes(321)) - d927e26c-8fe2-4137-bd03-4653fe67c688@group-D2F834AC6072-LeaderElection5 ELECTION round 0: submit vote requests at term 1 for -1: peers:[b02eaa79-f692-4c53-b57d-37cb88368c79|rpc:10.1.0.19:15032|admin:10.1.0.19:15031|client:10.1.0.19:15030|dataStream:10.1.0.19:15033|priority:0|startupRole:FOLLOWER, c18b64c4-7b5c-4e0a-b26c-2daf5f5ffc53|rpc:10.1.0.19:15014|admin:10.1.0.19:15013|client:10.1.0.19:15012|dataStream:10.1.0.19:15015|priority:0|startupRole:FOLLOWER, d927e26c-8fe2-4137-bd03-4653fe67c688|rpc:10.1.0.19:15023|admin:10.1.0.19:15022|client:10.1.0.19:15021|dataStream:10.1.0.19:15024|priority:1|startupRole:FOLLOWER]|listeners:[], old=null
2023-07-06 10:48:19,478 [d927e26c-8fe2-4137-bd03-4653fe67c688@group-D2F834AC6072-LeaderElection5] INFO  server.RaftServerConfigKeys (ConfUtils.java:logFallback(53)) - raft.server.rpc.first-election.timeout.min = 5s (fallback to raft.server.rpc.timeout.min)
2023-07-06 10:48:19,478 [d927e26c-8fe2-4137-bd03-4653fe67c688@group-D2F834AC6072-LeaderElection5] INFO  server.RaftServerConfigKeys (ConfUtils.java:logFallback(53)) - raft.server.rpc.first-election.timeout.max = 5200ms (fallback to raft.server.rpc.timeout.max)
2023-07-06 10:48:19,482 [grpc-default-executor-1] INFO  server.RaftServer$Division (RaftServerImpl.java:requestVote(1302)) - b02eaa79-f692-4c53-b57d-37cb88368c79@group-D2F834AC6072: receive requestVote(ELECTION, d927e26c-8fe2-4137-bd03-4653fe67c688, group-D2F834AC6072, 1, (t:0, i:0))
2023-07-06 10:48:19,482 [grpc-default-executor-1] INFO  impl.VoteContext (VoteContext.java:log(49)) - b02eaa79-f692-4c53-b57d-37cb88368c79@group-D2F834AC6072-FOLLOWER: accept ELECTION from d927e26c-8fe2-4137-bd03-4653fe67c688: our priority 0 <= candidate's priority 1
2023-07-06 10:48:19,482 [grpc-default-executor-1] INFO  server.RaftServer$Division (RaftServerImpl.java:setRole(329)) - b02eaa79-f692-4c53-b57d-37cb88368c79@group-D2F834AC6072: changes role from  FOLLOWER to FOLLOWER at term 1 for candidate:d927e26c-8fe2-4137-bd03-4653fe67c688
2023-07-06 10:48:19,482 [grpc-default-executor-1] INFO  impl.RoleInfo (RoleInfo.java:shutdownFollowerState(110)) - b02eaa79-f692-4c53-b57d-37cb88368c79: shutdown b02eaa79-f692-4c53-b57d-37cb88368c79@group-D2F834AC6072-FollowerState
2023-07-06 10:48:19,482 [grpc-default-executor-1] INFO  impl.RoleInfo (RoleInfo.java:updateAndGet(139)) - b02eaa79-f692-4c53-b57d-37cb88368c79: start b02eaa79-f692-4c53-b57d-37cb88368c79@group-D2F834AC6072-FollowerState
2023-07-06 10:48:19,483 [b02eaa79-f692-4c53-b57d-37cb88368c79@group-D2F834AC6072-FollowerState] INFO  impl.FollowerState (FollowerState.java:run(152)) - b02eaa79-f692-4c53-b57d-37cb88368c79@group-D2F834AC6072-FollowerState was interrupted
2023-07-06 10:48:19,483 [grpc-default-executor-0] INFO  server.RaftServer$Division (RaftServerImpl.java:requestVote(1302)) - c18b64c4-7b5c-4e0a-b26c-2daf5f5ffc53@group-D2F834AC6072: receive requestVote(ELECTION, d927e26c-8fe2-4137-bd03-4653fe67c688, group-D2F834AC6072, 1, (t:0, i:0))
2023-07-06 10:48:19,483 [grpc-default-executor-0] INFO  impl.VoteContext (VoteContext.java:log(49)) - c18b64c4-7b5c-4e0a-b26c-2daf5f5ffc53@group-D2F834AC6072-FOLLOWER: accept ELECTION from d927e26c-8fe2-4137-bd03-4653fe67c688: our priority 0 <= candidate's priority 1
2023-07-06 10:48:19,483 [grpc-default-executor-0] INFO  server.RaftServer$Division (RaftServerImpl.java:setRole(329)) - c18b64c4-7b5c-4e0a-b26c-2daf5f5ffc53@group-D2F834AC6072: changes role from  FOLLOWER to FOLLOWER at term 1 for candidate:d927e26c-8fe2-4137-bd03-4653fe67c688
2023-07-06 10:48:19,483 [grpc-default-executor-0] INFO  impl.RoleInfo (RoleInfo.java:shutdownFollowerState(110)) - c18b64c4-7b5c-4e0a-b26c-2daf5f5ffc53: shutdown c18b64c4-7b5c-4e0a-b26c-2daf5f5ffc53@group-D2F834AC6072-FollowerState
2023-07-06 10:48:19,483 [grpc-default-executor-0] INFO  impl.RoleInfo (RoleInfo.java:updateAndGet(139)) - c18b64c4-7b5c-4e0a-b26c-2daf5f5ffc53: start c18b64c4-7b5c-4e0a-b26c-2daf5f5ffc53@group-D2F834AC6072-FollowerState
2023-07-06 10:48:19,483 [c18b64c4-7b5c-4e0a-b26c-2daf5f5ffc53@group-D2F834AC6072-FollowerState] INFO  impl.FollowerState (FollowerState.java:run(152)) - c18b64c4-7b5c-4e0a-b26c-2daf5f5ffc53@group-D2F834AC6072-FollowerState was interrupted
2023-07-06 10:48:19,484 [grpc-default-executor-1] INFO  server.RaftServer$Division (RaftServerImpl.java:requestVote(1335)) - b02eaa79-f692-4c53-b57d-37cb88368c79@group-D2F834AC6072 replies to ELECTION vote request: d927e26c-8fe2-4137-bd03-4653fe67c688<-b02eaa79-f692-4c53-b57d-37cb88368c79#0:OK-t1. Peer's state: b02eaa79-f692-4c53-b57d-37cb88368c79@group-D2F834AC6072:t1, leader=null, voted=d927e26c-8fe2-4137-bd03-4653fe67c688, raftlog=Memoized:b02eaa79-f692-4c53-b57d-37cb88368c79@group-D2F834AC6072-SegmentedRaftLog:OPENED:c-1, conf=-1: peers:[b02eaa79-f692-4c53-b57d-37cb88368c79|rpc:10.1.0.19:15032|admin:10.1.0.19:15031|client:10.1.0.19:15030|dataStream:10.1.0.19:15033|priority:0|startupRole:FOLLOWER, c18b64c4-7b5c-4e0a-b26c-2daf5f5ffc53|rpc:10.1.0.19:15014|admin:10.1.0.19:15013|client:10.1.0.19:15012|dataStream:10.1.0.19:15015|priority:0|startupRole:FOLLOWER, d927e26c-8fe2-4137-bd03-4653fe67c688|rpc:10.1.0.19:15023|admin:10.1.0.19:15022|client:10.1.0.19:15021|dataStream:10.1.0.19:15024|priority:1|startupRole:FOLLOWER]|listeners:[], old=null
2023-07-06 10:48:19,486 [d927e26c-8fe2-4137-bd03-4653fe67c688@group-D2F834AC6072-LeaderElection5] INFO  impl.LeaderElection (LeaderElection.java:logAndReturn(90)) - d927e26c-8fe2-4137-bd03-4653fe67c688@group-D2F834AC6072-LeaderElection5: ELECTION PASSED received 1 response(s) and 0 exception(s):
2023-07-06 10:48:19,486 [d927e26c-8fe2-4137-bd03-4653fe67c688@group-D2F834AC6072-LeaderElection5] INFO  impl.LeaderElection (LeaderElection.java:logAndReturn(94)) -   Response 0: d927e26c-8fe2-4137-bd03-4653fe67c688<-b02eaa79-f692-4c53-b57d-37cb88368c79#0:OK-t1
2023-07-06 10:48:19,487 [grpc-default-executor-0] INFO  server.RaftServer$Division (RaftServerImpl.java:requestVote(1335)) - c18b64c4-7b5c-4e0a-b26c-2daf5f5ffc53@group-D2F834AC6072 replies to ELECTION vote request: d927e26c-8fe2-4137-bd03-4653fe67c688<-c18b64c4-7b5c-4e0a-b26c-2daf5f5ffc53#0:OK-t1. Peer's state: c18b64c4-7b5c-4e0a-b26c-2daf5f5ffc53@group-D2F834AC6072:t1, leader=null, voted=d927e26c-8fe2-4137-bd03-4653fe67c688, raftlog=Memoized:c18b64c4-7b5c-4e0a-b26c-2daf5f5ffc53@group-D2F834AC6072-SegmentedRaftLog:OPENED:c-1, conf=-1: peers:[b02eaa79-f692-4c53-b57d-37cb88368c79|rpc:10.1.0.19:15032|admin:10.1.0.19:15031|client:10.1.0.19:15030|dataStream:10.1.0.19:15033|priority:0|startupRole:FOLLOWER, c18b64c4-7b5c-4e0a-b26c-2daf5f5ffc53|rpc:10.1.0.19:15014|admin:10.1.0.19:15013|client:10.1.0.19:15012|dataStream:10.1.0.19:15015|priority:0|startupRole:FOLLOWER, d927e26c-8fe2-4137-bd03-4653fe67c688|rpc:10.1.0.19:15023|admin:10.1.0.19:15022|client:10.1.0.19:15021|dataStream:10.1.0.19:15024|priority:1|startupRole:FOLLOWER]|listeners:[], old=null
2023-07-06 10:48:19,493 [d927e26c-8fe2-4137-bd03-4653fe67c688@group-D2F834AC6072-LeaderElection5] INFO  impl.LeaderElection (LeaderElection.java:askForVotes(323)) - d927e26c-8fe2-4137-bd03-4653fe67c688@group-D2F834AC6072-LeaderElection5 ELECTION round 0: result PASSED
2023-07-06 10:48:19,493 [d927e26c-8fe2-4137-bd03-4653fe67c688@group-D2F834AC6072-LeaderElection5] INFO  impl.RoleInfo (RoleInfo.java:shutdownLeaderElection(130)) - d927e26c-8fe2-4137-bd03-4653fe67c688: shutdown d927e26c-8fe2-4137-bd03-4653fe67c688@group-D2F834AC6072-LeaderElection5
2023-07-06 10:48:19,500 [grpc-default-executor-2] INFO  server.RaftServer$Division (RaftServerImpl.java:requestVote(1302)) - c18b64c4-7b5c-4e0a-b26c-2daf5f5ffc53@group-D2F834AC6072: receive requestVote(PRE_VOTE, d927e26c-8fe2-4137-bd03-4653fe67c688, group-D2F834AC6072, 0, (t:0, i:0))
2023-07-06 10:48:19,500 [d927e26c-8fe2-4137-bd03-4653fe67c688@group-D2F834AC6072-LeaderElection5] INFO  server.RaftServer$Division (RaftServerImpl.java:setRole(329)) - d927e26c-8fe2-4137-bd03-4653fe67c688@group-D2F834AC6072: changes role from CANDIDATE to LEADER at term 1 for changeToLeader
2023-07-06 10:48:19,501 [d927e26c-8fe2-4137-bd03-4653fe67c688@group-D2F834AC6072-LeaderElection5] INFO  ratis.XceiverServerRatis (XceiverServerRatis.java:handleLeaderChangedNotification(902)) - Leader change notification received for group: group-D2F834AC6072 with new leaderId: d927e26c-8fe2-4137-bd03-4653fe67c688
2023-07-06 10:48:19,501 [grpc-default-executor-2] INFO  impl.VoteContext (VoteContext.java:log(49)) - c18b64c4-7b5c-4e0a-b26c-2daf5f5ffc53@group-D2F834AC6072-FOLLOWER: accept PRE_VOTE from d927e26c-8fe2-4137-bd03-4653fe67c688: our priority 0 <= candidate's priority 1
2023-07-06 10:48:19,501 [grpc-default-executor-2] INFO  server.RaftServer$Division (RaftServerImpl.java:requestVote(1335)) - c18b64c4-7b5c-4e0a-b26c-2daf5f5ffc53@group-D2F834AC6072 replies to PRE_VOTE vote request: d927e26c-8fe2-4137-bd03-4653fe67c688<-c18b64c4-7b5c-4e0a-b26c-2daf5f5ffc53#0:OK-t1. Peer's state: c18b64c4-7b5c-4e0a-b26c-2daf5f5ffc53@group-D2F834AC6072:t1, leader=null, voted=d927e26c-8fe2-4137-bd03-4653fe67c688, raftlog=Memoized:c18b64c4-7b5c-4e0a-b26c-2daf5f5ffc53@group-D2F834AC6072-SegmentedRaftLog:OPENED:c-1, conf=-1: peers:[b02eaa79-f692-4c53-b57d-37cb88368c79|rpc:10.1.0.19:15032|admin:10.1.0.19:15031|client:10.1.0.19:15030|dataStream:10.1.0.19:15033|priority:0|startupRole:FOLLOWER, c18b64c4-7b5c-4e0a-b26c-2daf5f5ffc53|rpc:10.1.0.19:15014|admin:10.1.0.19:15013|client:10.1.0.19:15012|dataStream:10.1.0.19:15015|priority:0|startupRole:FOLLOWER, d927e26c-8fe2-4137-bd03-4653fe67c688|rpc:10.1.0.19:15023|admin:10.1.0.19:15022|client:10.1.0.19:15021|dataStream:10.1.0.19:15024|priority:1|startupRole:FOLLOWER]|listeners:[], old=null
2023-07-06 10:48:19,501 [d927e26c-8fe2-4137-bd03-4653fe67c688@group-D2F834AC6072-LeaderElection5] INFO  server.RaftServer$Division (ServerState.java:setLeader(317)) - d927e26c-8fe2-4137-bd03-4653fe67c688@group-D2F834AC6072: change Leader from null to d927e26c-8fe2-4137-bd03-4653fe67c688 at term 1 for becomeLeader, leader elected after 5250ms
2023-07-06 10:48:19,501 [d927e26c-8fe2-4137-bd03-4653fe67c688@group-D2F834AC6072-LeaderElection5] INFO  server.RaftServerConfigKeys (ConfUtils.java:logGet(46)) - raft.server.staging.catchup.gap = 1000 (default)
2023-07-06 10:48:19,502 [d927e26c-8fe2-4137-bd03-4653fe67c688@group-D2F834AC6072-LeaderElection5] INFO  server.RaftServerConfigKeys (ConfUtils.java:logGet(46)) - raft.server.write.element-limit = 1024 (custom)
2023-07-06 10:48:19,502 [d927e26c-8fe2-4137-bd03-4653fe67c688@group-D2F834AC6072-LeaderElection5] INFO  server.RaftServerConfigKeys (ConfUtils.java:logGet(46)) - raft.server.write.byte-limit = 1024 M (=1073741824) (custom)
2023-07-06 10:48:19,502 [d927e26c-8fe2-4137-bd03-4653fe67c688@group-D2F834AC6072-LeaderElection5] INFO  server.RaftServerConfigKeys (ConfUtils.java:logGet(46)) - raft.server.watch.timeout = 180s (custom)
2023-07-06 10:48:19,502 [d927e26c-8fe2-4137-bd03-4653fe67c688@group-D2F834AC6072-LeaderElection5] INFO  server.RaftServerConfigKeys (ConfUtils.java:logGet(46)) - raft.server.watch.timeout.denomination = 1s (default)
2023-07-06 10:48:19,502 [d927e26c-8fe2-4137-bd03-4653fe67c688@group-D2F834AC6072-LeaderElection5] INFO  server.RaftServerConfigKeys (ConfUtils.java:logGet(46)) - raft.server.watch.element-limit = 65536 (default)
2023-07-06 10:48:19,502 [d927e26c-8fe2-4137-bd03-4653fe67c688@group-D2F834AC6072-LeaderElection5] INFO  server.RaftServerConfigKeys (ConfUtils.java:logGet(46)) - raft.server.write.element-limit = 1024 (custom)
2023-07-06 10:48:19,502 [d927e26c-8fe2-4137-bd03-4653fe67c688@group-D2F834AC6072-LeaderElection5] INFO  server.RaftServerConfigKeys (ConfUtils.java:logGet(46)) - raft.server.write.follower.gap.ratio.max = -1.0 (default)
2023-07-06 10:48:19,508 [EventQueue-OpenPipelineForHealthyPipelineSafeModeRule] INFO  safemode.SCMSafeModeManager (HealthyPipelineSafeModeRule.java:process(137)) - SCM in safe mode. Healthy pipelines reported count is 0, required healthy pipeline reported count is 1
2023-07-06 10:48:19,508 [EventQueue-PipelineReportForPipelineReportHandler] INFO  pipeline.PipelineReportHandler (PipelineReportHandler.java:processPipelineReport(136)) - Opened pipeline PipelineID=2356d707-daad-4873-8cda-d2f834ac6072
2023-07-06 10:48:19,508 [EventQueue-OpenPipelineForHealthyPipelineSafeModeRule] INFO  safemode.SCMSafeModeManager (HealthyPipelineSafeModeRule.java:process(137)) - SCM in safe mode. Healthy pipelines reported count is 1, required healthy pipeline reported count is 1
2023-07-06 10:48:19,508 [EventQueue-OpenPipelineForHealthyPipelineSafeModeRule] INFO  safemode.SCMSafeModeManager (SCMSafeModeManager.java:validateSafeModeExitRules(200)) - HealthyPipelineSafeModeRule rule is successfully validated
2023-07-06 10:48:19,508 [EventQueue-OpenPipelineForHealthyPipelineSafeModeRule] INFO  safemode.SCMSafeModeManager (SCMSafeModeManager.java:validateSafeModeExitRules(215)) - ScmSafeModeManager, all rules are successfully validated
2023-07-06 10:48:19,508 [EventQueue-OpenPipelineForHealthyPipelineSafeModeRule] INFO  safemode.SCMSafeModeManager (SCMSafeModeManager.java:exitSafeMode(244)) - SCM exiting safe mode.
2023-07-06 10:48:19,509 [EventQueue-OpenPipelineForHealthyPipelineSafeModeRule] INFO  ha.SCMContext (SCMContext.java:updateSafeModeStatus(228)) - Update SafeModeStatus from SafeModeStatus{safeModeStatus=true, preCheckPassed=true} to SafeModeStatus{safeModeStatus=false, preCheckPassed=true}.
2023-07-06 10:48:19,512 [EventQueue-OpenPipelineForHealthyPipelineSafeModeRule] INFO  pipeline.BackgroundPipelineCreator (BackgroundPipelineCreator.java:notifyStatusChanged(255)) - Service BackgroundPipelineCreator transitions to RUNNING.
2023-07-06 10:48:19,512 [EventQueue-OpenPipelineForHealthyPipelineSafeModeRule] INFO  BackgroundPipelineScrubber (BackgroundSCMService.java:notifyStatusChanged(82)) - Service BackgroundPipelineScrubber transitions to RUNNING.
2023-07-06 10:48:19,513 [EventQueue-OpenPipelineForHealthyPipelineSafeModeRule] INFO  ExpiredContainerReplicaOpScrubber (BackgroundSCMService.java:notifyStatusChanged(82)) - Service ExpiredContainerReplicaOpScrubber transitions to RUNNING.
2023-07-06 10:48:19,513 [EventQueue-OpenPipelineForHealthyPipelineSafeModeRule] INFO  replication.ReplicationManager (ReplicationManager.java:notifyStatusChanged(1366)) - Service ReplicationManager transitions to RUNNING.
2023-07-06 10:48:19,516 [EventQueue-OpenPipelineForHealthyPipelineSafeModeRule] WARN  balancer.ContainerBalancer (ContainerBalancer.java:shouldRun(134)) - Could not find persisted configuration for ContainerBalancer when checking if ContainerBalancer should run. ContainerBalancer should not run now.
2023-07-06 10:48:19,523 [d927e26c-8fe2-4137-bd03-4653fe67c688@group-D2F834AC6072-LeaderElection5] INFO  server.RaftServerConfigKeys (ConfUtils.java:logGet(46)) - raft.server.log.appender.snapshot.chunk.size.max = 16MB (=16777216) (default)
2023-07-06 10:48:19,523 [d927e26c-8fe2-4137-bd03-4653fe67c688@group-D2F834AC6072-LeaderElection5] INFO  server.RaftServerConfigKeys (ConfUtils.java:logGet(46)) - raft.server.log.appender.buffer.byte-limit = 33554432 (custom)
2023-07-06 10:48:19,523 [d927e26c-8fe2-4137-bd03-4653fe67c688@group-D2F834AC6072-LeaderElection5] INFO  server.RaftServerConfigKeys (ConfUtils.java:logGet(46)) - raft.server.log.appender.buffer.element-limit = 1 (custom)
2023-07-06 10:48:19,525 [d927e26c-8fe2-4137-bd03-4653fe67c688@group-D2F834AC6072-LeaderElection5] INFO  server.RaftServerConfigKeys (ConfUtils.java:logGet(46)) - raft.server.log.appender.wait-time.min = 10ms (default)
2023-07-06 10:48:19,526 [d927e26c-8fe2-4137-bd03-4653fe67c688@group-D2F834AC6072-LeaderElection5] INFO  grpc.GrpcConfigKeys (ConfUtils.java:logGet(46)) - raft.grpc.server.leader.outstanding.appends.max = 128 (default)
2023-07-06 10:48:19,527 [d927e26c-8fe2-4137-bd03-4653fe67c688@group-D2F834AC6072-LeaderElection5] INFO  server.RaftServerConfigKeys (ConfUtils.java:logGet(46)) - raft.server.rpc.request.timeout = 60s (custom)
2023-07-06 10:48:19,528 [d927e26c-8fe2-4137-bd03-4653fe67c688@group-D2F834AC6072-LeaderElection5] INFO  grpc.GrpcConfigKeys (ConfUtils.java:logGet(46)) - raft.grpc.server.install_snapshot.request.element-limit = 8 (default)
2023-07-06 10:48:19,528 [d927e26c-8fe2-4137-bd03-4653fe67c688@group-D2F834AC6072-LeaderElection5] INFO  grpc.GrpcConfigKeys (ConfUtils.java:logGet(46)) - raft.grpc.server.install_snapshot.request.timeout = 3000ms (default)
2023-07-06 10:48:19,528 [d927e26c-8fe2-4137-bd03-4653fe67c688@group-D2F834AC6072-LeaderElection5] INFO  server.RaftServerConfigKeys (ConfUtils.java:logGet(46)) - raft.server.log.appender.install.snapshot.enabled = false (custom)
2023-07-06 10:48:19,528 [d927e26c-8fe2-4137-bd03-4653fe67c688@group-D2F834AC6072-LeaderElection5] INFO  grpc.GrpcConfigKeys (ConfUtils.java:logGet(46)) - raft.grpc.server.heartbeat.channel = true (default)
2023-07-06 10:48:19,531 [d927e26c-8fe2-4137-bd03-4653fe67c688@group-D2F834AC6072-LeaderElection5] INFO  server.RaftServerConfigKeys (ConfUtils.java:logGet(46)) - raft.server.log.appender.snapshot.chunk.size.max = 16MB (=16777216) (default)
2023-07-06 10:48:19,531 [d927e26c-8fe2-4137-bd03-4653fe67c688@group-D2F834AC6072-LeaderElection5] INFO  server.RaftServerConfigKeys (ConfUtils.java:logGet(46)) - raft.server.log.appender.buffer.byte-limit = 33554432 (custom)
2023-07-06 10:48:19,531 [d927e26c-8fe2-4137-bd03-4653fe67c688@group-D2F834AC6072-LeaderElection5] INFO  server.RaftServerConfigKeys (ConfUtils.java:logGet(46)) - raft.server.log.appender.buffer.element-limit = 1 (custom)
2023-07-06 10:48:19,531 [d927e26c-8fe2-4137-bd03-4653fe67c688@group-D2F834AC6072-LeaderElection5] INFO  server.RaftServerConfigKeys (ConfUtils.java:logGet(46)) - raft.server.log.appender.wait-time.min = 10ms (default)
2023-07-06 10:48:19,531 [d927e26c-8fe2-4137-bd03-4653fe67c688@group-D2F834AC6072-LeaderElection5] INFO  grpc.GrpcConfigKeys (ConfUtils.java:logGet(46)) - raft.grpc.server.leader.outstanding.appends.max = 128 (default)
2023-07-06 10:48:19,531 [d927e26c-8fe2-4137-bd03-4653fe67c688@group-D2F834AC6072-LeaderElection5] INFO  server.RaftServerConfigKeys (ConfUtils.java:logGet(46)) - raft.server.rpc.request.timeout = 60s (custom)
2023-07-06 10:48:19,532 [d927e26c-8fe2-4137-bd03-4653fe67c688@group-D2F834AC6072-LeaderElection5] INFO  grpc.GrpcConfigKeys (ConfUtils.java:logGet(46)) - raft.grpc.server.install_snapshot.request.element-limit = 8 (default)
2023-07-06 10:48:19,532 [d927e26c-8fe2-4137-bd03-4653fe67c688@group-D2F834AC6072-LeaderElection5] INFO  grpc.GrpcConfigKeys (ConfUtils.java:logGet(46)) - raft.grpc.server.install_snapshot.request.timeout = 3000ms (default)
2023-07-06 10:48:19,532 [d927e26c-8fe2-4137-bd03-4653fe67c688@group-D2F834AC6072-LeaderElection5] INFO  server.RaftServerConfigKeys (ConfUtils.java:logGet(46)) - raft.server.log.appender.install.snapshot.enabled = false (custom)
2023-07-06 10:48:19,532 [d927e26c-8fe2-4137-bd03-4653fe67c688@group-D2F834AC6072-LeaderElection5] INFO  grpc.GrpcConfigKeys (ConfUtils.java:logGet(46)) - raft.grpc.server.heartbeat.channel = true (default)
2023-07-06 10:48:19,533 [d927e26c-8fe2-4137-bd03-4653fe67c688@group-D2F834AC6072-LeaderElection5] INFO  impl.RoleInfo (RoleInfo.java:updateAndGet(139)) - d927e26c-8fe2-4137-bd03-4653fe67c688: start d927e26c-8fe2-4137-bd03-4653fe67c688@group-D2F834AC6072-LeaderStateImpl
2023-07-06 10:48:19,533 [d927e26c-8fe2-4137-bd03-4653fe67c688@group-D2F834AC6072-LeaderElection5] INFO  segmented.SegmentedRaftLogWorker (SegmentedRaftLogWorker.java:startLogSegment(447)) - d927e26c-8fe2-4137-bd03-4653fe67c688@group-D2F834AC6072-SegmentedRaftLogWorker: Starting segment from index:0
2023-07-06 10:48:19,535 [d927e26c-8fe2-4137-bd03-4653fe67c688@group-D2F834AC6072-SegmentedRaftLogWorker] INFO  segmented.SegmentedRaftLogWorker (SegmentedRaftLogWorker.java:execute(651)) - d927e26c-8fe2-4137-bd03-4653fe67c688@group-D2F834AC6072-SegmentedRaftLogWorker: created new log segment /home/runner/work/ozone/ozone/hadoop-ozone/integration-test/target/test-dir/MiniOzoneClusterImpl-8ecce792-0b29-40a4-bcd2-9922915e3450/datanode-1/data/ratis/2356d707-daad-4873-8cda-d2f834ac6072/current/log_inprogress_0
2023-07-06 10:48:19,545 [d927e26c-8fe2-4137-bd03-4653fe67c688@group-D2F834AC6072-LeaderElection5] INFO  server.RaftServer$Division (ServerState.java:setRaftConf(434)) - d927e26c-8fe2-4137-bd03-4653fe67c688@group-D2F834AC6072: set configuration 0: peers:[b02eaa79-f692-4c53-b57d-37cb88368c79|rpc:10.1.0.19:15032|admin:10.1.0.19:15031|client:10.1.0.19:15030|dataStream:10.1.0.19:15033|priority:0|startupRole:FOLLOWER, c18b64c4-7b5c-4e0a-b26c-2daf5f5ffc53|rpc:10.1.0.19:15014|admin:10.1.0.19:15013|client:10.1.0.19:15012|dataStream:10.1.0.19:15015|priority:0|startupRole:FOLLOWER, d927e26c-8fe2-4137-bd03-4653fe67c688|rpc:10.1.0.19:15023|admin:10.1.0.19:15022|client:10.1.0.19:15021|dataStream:10.1.0.19:15024|priority:1|startupRole:FOLLOWER]|listeners:[], old=null
2023-07-06 10:48:19,582 [c18b64c4-7b5c-4e0a-b26c-2daf5f5ffc53-server-thread1] INFO  ratis.XceiverServerRatis (XceiverServerRatis.java:handleLeaderChangedNotification(902)) - Leader change notification received for group: group-D2F834AC6072 with new leaderId: d927e26c-8fe2-4137-bd03-4653fe67c688
2023-07-06 10:48:19,582 [c18b64c4-7b5c-4e0a-b26c-2daf5f5ffc53-server-thread1] INFO  server.RaftServer$Division (ServerState.java:setLeader(317)) - c18b64c4-7b5c-4e0a-b26c-2daf5f5ffc53@group-D2F834AC6072: change Leader from null to d927e26c-8fe2-4137-bd03-4653fe67c688 at term 1 for appendEntries, leader elected after 5792ms
2023-07-06 10:48:19,599 [b02eaa79-f692-4c53-b57d-37cb88368c79-server-thread1] INFO  ratis.XceiverServerRatis (XceiverServerRatis.java:handleLeaderChangedNotification(902)) - Leader change notification received for group: group-D2F834AC6072 with new leaderId: d927e26c-8fe2-4137-bd03-4653fe67c688
2023-07-06 10:48:19,599 [b02eaa79-f692-4c53-b57d-37cb88368c79-server-thread1] INFO  server.RaftServer$Division (ServerState.java:setLeader(317)) - b02eaa79-f692-4c53-b57d-37cb88368c79@group-D2F834AC6072: change Leader from null to d927e26c-8fe2-4137-bd03-4653fe67c688 at term 1 for appendEntries, leader elected after 5137ms
2023-07-06 10:48:19,604 [b02eaa79-f692-4c53-b57d-37cb88368c79-server-thread1] INFO  server.RaftServer$Division (ServerState.java:setRaftConf(434)) - b02eaa79-f692-4c53-b57d-37cb88368c79@group-D2F834AC6072: set configuration 0: peers:[b02eaa79-f692-4c53-b57d-37cb88368c79|rpc:10.1.0.19:15032|admin:10.1.0.19:15031|client:10.1.0.19:15030|dataStream:10.1.0.19:15033|priority:0|startupRole:FOLLOWER, c18b64c4-7b5c-4e0a-b26c-2daf5f5ffc53|rpc:10.1.0.19:15014|admin:10.1.0.19:15013|client:10.1.0.19:15012|dataStream:10.1.0.19:15015|priority:0|startupRole:FOLLOWER, d927e26c-8fe2-4137-bd03-4653fe67c688|rpc:10.1.0.19:15023|admin:10.1.0.19:15022|client:10.1.0.19:15021|dataStream:10.1.0.19:15024|priority:1|startupRole:FOLLOWER]|listeners:[], old=null
2023-07-06 10:48:19,604 [b02eaa79-f692-4c53-b57d-37cb88368c79-server-thread1] INFO  segmented.SegmentedRaftLogWorker (SegmentedRaftLogWorker.java:startLogSegment(447)) - b02eaa79-f692-4c53-b57d-37cb88368c79@group-D2F834AC6072-SegmentedRaftLogWorker: Starting segment from index:0
2023-07-06 10:48:19,610 [c18b64c4-7b5c-4e0a-b26c-2daf5f5ffc53-server-thread2] INFO  server.RaftServer$Division (ServerState.java:setRaftConf(434)) - c18b64c4-7b5c-4e0a-b26c-2daf5f5ffc53@group-D2F834AC6072: set configuration 0: peers:[b02eaa79-f692-4c53-b57d-37cb88368c79|rpc:10.1.0.19:15032|admin:10.1.0.19:15031|client:10.1.0.19:15030|dataStream:10.1.0.19:15033|priority:0|startupRole:FOLLOWER, c18b64c4-7b5c-4e0a-b26c-2daf5f5ffc53|rpc:10.1.0.19:15014|admin:10.1.0.19:15013|client:10.1.0.19:15012|dataStream:10.1.0.19:15015|priority:0|startupRole:FOLLOWER, d927e26c-8fe2-4137-bd03-4653fe67c688|rpc:10.1.0.19:15023|admin:10.1.0.19:15022|client:10.1.0.19:15021|dataStream:10.1.0.19:15024|priority:1|startupRole:FOLLOWER]|listeners:[], old=null
2023-07-06 10:48:19,611 [c18b64c4-7b5c-4e0a-b26c-2daf5f5ffc53-server-thread2] INFO  segmented.SegmentedRaftLogWorker (SegmentedRaftLogWorker.java:startLogSegment(447)) - c18b64c4-7b5c-4e0a-b26c-2daf5f5ffc53@group-D2F834AC6072-SegmentedRaftLogWorker: Starting segment from index:0
2023-07-06 10:48:19,613 [c18b64c4-7b5c-4e0a-b26c-2daf5f5ffc53@group-D2F834AC6072-SegmentedRaftLogWorker] INFO  segmented.SegmentedRaftLogWorker (SegmentedRaftLogWorker.java:execute(651)) - c18b64c4-7b5c-4e0a-b26c-2daf5f5ffc53@group-D2F834AC6072-SegmentedRaftLogWorker: created new log segment /home/runner/work/ozone/ozone/hadoop-ozone/integration-test/target/test-dir/MiniOzoneClusterImpl-8ecce792-0b29-40a4-bcd2-9922915e3450/datanode-0/data/ratis/2356d707-daad-4873-8cda-d2f834ac6072/current/log_inprogress_0
2023-07-06 10:48:19,617 [b02eaa79-f692-4c53-b57d-37cb88368c79@group-D2F834AC6072-SegmentedRaftLogWorker] INFO  segmented.SegmentedRaftLogWorker (SegmentedRaftLogWorker.java:execute(651)) - b02eaa79-f692-4c53-b57d-37cb88368c79@group-D2F834AC6072-SegmentedRaftLogWorker: created new log segment /home/runner/work/ozone/ozone/hadoop-ozone/integration-test/target/test-dir/MiniOzoneClusterImpl-8ecce792-0b29-40a4-bcd2-9922915e3450/datanode-2/data/ratis/2356d707-daad-4873-8cda-d2f834ac6072/current/log_inprogress_0
2023-07-06 10:48:19,773 [b02eaa79-f692-4c53-b57d-37cb88368c79@group-656AAD0BEA11-FollowerState] INFO  impl.FollowerState (FollowerState.java:run(143)) - b02eaa79-f692-4c53-b57d-37cb88368c79@group-656AAD0BEA11-FollowerState: change to CANDIDATE, lastRpcElapsedTime:5064332035ns, electionTimeout:5057ms
2023-07-06 10:48:19,774 [b02eaa79-f692-4c53-b57d-37cb88368c79@group-656AAD0BEA11-FollowerState] INFO  impl.RoleInfo (RoleInfo.java:shutdownFollowerState(110)) - b02eaa79-f692-4c53-b57d-37cb88368c79: shutdown b02eaa79-f692-4c53-b57d-37cb88368c79@group-656AAD0BEA11-FollowerState
2023-07-06 10:48:19,774 [b02eaa79-f692-4c53-b57d-37cb88368c79@group-656AAD0BEA11-FollowerState] INFO  server.RaftServer$Division (RaftServerImpl.java:setRole(329)) - b02eaa79-f692-4c53-b57d-37cb88368c79@group-656AAD0BEA11: changes role from  FOLLOWER to CANDIDATE at term 0 for changeToCandidate
2023-07-06 10:48:19,774 [b02eaa79-f692-4c53-b57d-37cb88368c79@group-656AAD0BEA11-FollowerState] INFO  server.RaftServerConfigKeys (ConfUtils.java:logGet(46)) - raft.server.leaderelection.pre-vote = true (default)
2023-07-06 10:48:19,774 [b02eaa79-f692-4c53-b57d-37cb88368c79@group-656AAD0BEA11-FollowerState] INFO  impl.RoleInfo (RoleInfo.java:updateAndGet(139)) - b02eaa79-f692-4c53-b57d-37cb88368c79: start b02eaa79-f692-4c53-b57d-37cb88368c79@group-656AAD0BEA11-LeaderElection6
2023-07-06 10:48:19,778 [b02eaa79-f692-4c53-b57d-37cb88368c79@group-656AAD0BEA11-LeaderElection6] INFO  impl.LeaderElection (LeaderElection.java:askForVotes(321)) - b02eaa79-f692-4c53-b57d-37cb88368c79@group-656AAD0BEA11-LeaderElection6 PRE_VOTE round 0: submit vote requests at term 0 for -1: peers:[b02eaa79-f692-4c53-b57d-37cb88368c79|rpc:10.1.0.19:15032|admin:10.1.0.19:15031|client:10.1.0.19:15030|dataStream:10.1.0.19:15033|priority:0|startupRole:FOLLOWER, c18b64c4-7b5c-4e0a-b26c-2daf5f5ffc53|rpc:10.1.0.19:15014|admin:10.1.0.19:15013|client:10.1.0.19:15012|dataStream:10.1.0.19:15015|priority:1|startupRole:FOLLOWER, d927e26c-8fe2-4137-bd03-4653fe67c688|rpc:10.1.0.19:15023|admin:10.1.0.19:15022|client:10.1.0.19:15021|dataStream:10.1.0.19:15024|priority:0|startupRole:FOLLOWER]|listeners:[], old=null
2023-07-06 10:48:19,778 [b02eaa79-f692-4c53-b57d-37cb88368c79@group-656AAD0BEA11-LeaderElection6-1] INFO  server.GrpcServerProtocolClient (GrpcServerProtocolClient.java:<init>(65)) - Build channel for c18b64c4-7b5c-4e0a-b26c-2daf5f5ffc53
2023-07-06 10:48:19,778 [b02eaa79-f692-4c53-b57d-37cb88368c79@group-656AAD0BEA11-LeaderElection6] INFO  server.RaftServerConfigKeys (ConfUtils.java:logFallback(53)) - raft.server.rpc.first-election.timeout.min = 5s (fallback to raft.server.rpc.timeout.min)
2023-07-06 10:48:19,779 [b02eaa79-f692-4c53-b57d-37cb88368c79@group-656AAD0BEA11-LeaderElection6] INFO  server.RaftServerConfigKeys (ConfUtils.java:logFallback(53)) - raft.server.rpc.first-election.timeout.max = 5200ms (fallback to raft.server.rpc.timeout.max)
2023-07-06 10:48:19,779 [b02eaa79-f692-4c53-b57d-37cb88368c79@group-656AAD0BEA11-LeaderElection6-2] INFO  server.GrpcServerProtocolClient (GrpcServerProtocolClient.java:<init>(65)) - Build channel for d927e26c-8fe2-4137-bd03-4653fe67c688
2023-07-06 10:48:19,800 [grpc-default-executor-6] INFO  server.RaftServer$Division (RaftServerImpl.java:requestVote(1302)) - c18b64c4-7b5c-4e0a-b26c-2daf5f5ffc53@group-656AAD0BEA11: receive requestVote(PRE_VOTE, b02eaa79-f692-4c53-b57d-37cb88368c79, group-656AAD0BEA11, 0, (t:0, i:0))
2023-07-06 10:48:19,800 [grpc-default-executor-5] INFO  server.RaftServer$Division (RaftServerImpl.java:requestVote(1302)) - d927e26c-8fe2-4137-bd03-4653fe67c688@group-656AAD0BEA11: receive requestVote(PRE_VOTE, b02eaa79-f692-4c53-b57d-37cb88368c79, group-656AAD0BEA11, 0, (t:0, i:0))
2023-07-06 10:48:19,800 [grpc-default-executor-6] INFO  impl.VoteContext (VoteContext.java:log(49)) - c18b64c4-7b5c-4e0a-b26c-2daf5f5ffc53@group-656AAD0BEA11-FOLLOWER: reject PRE_VOTE from b02eaa79-f692-4c53-b57d-37cb88368c79: our priority 1 > candidate's priority 0
2023-07-06 10:48:19,801 [grpc-default-executor-5] INFO  impl.VoteContext (VoteContext.java:log(49)) - d927e26c-8fe2-4137-bd03-4653fe67c688@group-656AAD0BEA11-FOLLOWER: accept PRE_VOTE from b02eaa79-f692-4c53-b57d-37cb88368c79: our priority 0 <= candidate's priority 0
2023-07-06 10:48:19,801 [grpc-default-executor-6] INFO  server.RaftServer$Division (RaftServerImpl.java:requestVote(1335)) - c18b64c4-7b5c-4e0a-b26c-2daf5f5ffc53@group-656AAD0BEA11 replies to PRE_VOTE vote request: b02eaa79-f692-4c53-b57d-37cb88368c79<-c18b64c4-7b5c-4e0a-b26c-2daf5f5ffc53#0:FAIL-t0. Peer's state: c18b64c4-7b5c-4e0a-b26c-2daf5f5ffc53@group-656AAD0BEA11:t0, leader=null, voted=, raftlog=Memoized:c18b64c4-7b5c-4e0a-b26c-2daf5f5ffc53@group-656AAD0BEA11-SegmentedRaftLog:OPENED:c-1, conf=-1: peers:[b02eaa79-f692-4c53-b57d-37cb88368c79|rpc:10.1.0.19:15032|admin:10.1.0.19:15031|client:10.1.0.19:15030|dataStream:10.1.0.19:15033|priority:0|startupRole:FOLLOWER, c18b64c4-7b5c-4e0a-b26c-2daf5f5ffc53|rpc:10.1.0.19:15014|admin:10.1.0.19:15013|client:10.1.0.19:15012|dataStream:10.1.0.19:15015|priority:1|startupRole:FOLLOWER, d927e26c-8fe2-4137-bd03-4653fe67c688|rpc:10.1.0.19:15023|admin:10.1.0.19:15022|client:10.1.0.19:15021|dataStream:10.1.0.19:15024|priority:0|startupRole:FOLLOWER]|listeners:[], old=null
2023-07-06 10:48:19,801 [grpc-default-executor-5] INFO  server.RaftServer$Division (RaftServerImpl.java:requestVote(1335)) - d927e26c-8fe2-4137-bd03-4653fe67c688@group-656AAD0BEA11 replies to PRE_VOTE vote request: b02eaa79-f692-4c53-b57d-37cb88368c79<-d927e26c-8fe2-4137-bd03-4653fe67c688#0:OK-t0. Peer's state: d927e26c-8fe2-4137-bd03-4653fe67c688@group-656AAD0BEA11:t0, leader=null, voted=, raftlog=Memoized:d927e26c-8fe2-4137-bd03-4653fe67c688@group-656AAD0BEA11-SegmentedRaftLog:OPENED:c-1, conf=-1: peers:[b02eaa79-f692-4c53-b57d-37cb88368c79|rpc:10.1.0.19:15032|admin:10.1.0.19:15031|client:10.1.0.19:15030|dataStream:10.1.0.19:15033|priority:0|startupRole:FOLLOWER, c18b64c4-7b5c-4e0a-b26c-2daf5f5ffc53|rpc:10.1.0.19:15014|admin:10.1.0.19:15013|client:10.1.0.19:15012|dataStream:10.1.0.19:15015|priority:1|startupRole:FOLLOWER, d927e26c-8fe2-4137-bd03-4653fe67c688|rpc:10.1.0.19:15023|admin:10.1.0.19:15022|client:10.1.0.19:15021|dataStream:10.1.0.19:15024|priority:0|startupRole:FOLLOWER]|listeners:[], old=null
2023-07-06 10:48:19,804 [b02eaa79-f692-4c53-b57d-37cb88368c79@group-656AAD0BEA11-LeaderElection6] INFO  impl.LeaderElection (LeaderElection.java:logAndReturn(90)) - b02eaa79-f692-4c53-b57d-37cb88368c79@group-656AAD0BEA11-LeaderElection6: PRE_VOTE REJECTED received 1 response(s) and 0 exception(s):
2023-07-06 10:48:19,804 [b02eaa79-f692-4c53-b57d-37cb88368c79@group-656AAD0BEA11-LeaderElection6] INFO  impl.LeaderElection (LeaderElection.java:logAndReturn(94)) -   Response 0: b02eaa79-f692-4c53-b57d-37cb88368c79<-c18b64c4-7b5c-4e0a-b26c-2daf5f5ffc53#0:FAIL-t0
2023-07-06 10:48:19,804 [b02eaa79-f692-4c53-b57d-37cb88368c79@group-656AAD0BEA11-LeaderElection6] INFO  impl.LeaderElection (LeaderElection.java:askForVotes(323)) - b02eaa79-f692-4c53-b57d-37cb88368c79@group-656AAD0BEA11-LeaderElection6 PRE_VOTE round 0: result REJECTED
2023-07-06 10:48:19,804 [b02eaa79-f692-4c53-b57d-37cb88368c79@group-656AAD0BEA11-LeaderElection6] INFO  server.RaftServer$Division (RaftServerImpl.java:setRole(329)) - b02eaa79-f692-4c53-b57d-37cb88368c79@group-656AAD0BEA11: changes role from CANDIDATE to FOLLOWER at term 0 for REJECTED
2023-07-06 10:48:19,804 [b02eaa79-f692-4c53-b57d-37cb88368c79@group-656AAD0BEA11-LeaderElection6] INFO  impl.RoleInfo (RoleInfo.java:shutdownLeaderElection(130)) - b02eaa79-f692-4c53-b57d-37cb88368c79: shutdown b02eaa79-f692-4c53-b57d-37cb88368c79@group-656AAD0BEA11-LeaderElection6
2023-07-06 10:48:19,804 [b02eaa79-f692-4c53-b57d-37cb88368c79@group-656AAD0BEA11-LeaderElection6] INFO  impl.RoleInfo (RoleInfo.java:updateAndGet(139)) - b02eaa79-f692-4c53-b57d-37cb88368c79: start b02eaa79-f692-4c53-b57d-37cb88368c79@group-656AAD0BEA11-FollowerState
2023-07-06 10:48:19,847 [d927e26c-8fe2-4137-bd03-4653fe67c688@group-656AAD0BEA11-FollowerState] INFO  server.RaftServerConfigKeys (ConfUtils.java:logFallback(53)) - raft.server.rpc.first-election.timeout.min = 5s (fallback to raft.server.rpc.timeout.min)
2023-07-06 10:48:19,847 [d927e26c-8fe2-4137-bd03-4653fe67c688@group-656AAD0BEA11-FollowerState] INFO  server.RaftServerConfigKeys (ConfUtils.java:logFallback(53)) - raft.server.rpc.first-election.timeout.max = 5200ms (fallback to raft.server.rpc.timeout.max)
2023-07-06 10:48:19,867 [b02eaa79-f692-4c53-b57d-37cb88368c79@group-5769B473C51F-FollowerState] INFO  impl.FollowerState (FollowerState.java:run(143)) - b02eaa79-f692-4c53-b57d-37cb88368c79@group-5769B473C51F-FollowerState: change to CANDIDATE, lastRpcElapsedTime:5212134201ns, electionTimeout:5191ms
2023-07-06 10:48:19,867 [b02eaa79-f692-4c53-b57d-37cb88368c79@group-5769B473C51F-FollowerState] INFO  impl.RoleInfo (RoleInfo.java:shutdownFollowerState(110)) - b02eaa79-f692-4c53-b57d-37cb88368c79: shutdown b02eaa79-f692-4c53-b57d-37cb88368c79@group-5769B473C51F-FollowerState
2023-07-06 10:48:19,867 [b02eaa79-f692-4c53-b57d-37cb88368c79@group-5769B473C51F-FollowerState] INFO  server.RaftServer$Division (RaftServerImpl.java:setRole(329)) - b02eaa79-f692-4c53-b57d-37cb88368c79@group-5769B473C51F: changes role from  FOLLOWER to CANDIDATE at term 0 for changeToCandidate
2023-07-06 10:48:19,867 [b02eaa79-f692-4c53-b57d-37cb88368c79@group-5769B473C51F-FollowerState] INFO  server.RaftServerConfigKeys (ConfUtils.java:logGet(46)) - raft.server.leaderelection.pre-vote = true (default)
2023-07-06 10:48:19,867 [b02eaa79-f692-4c53-b57d-37cb88368c79@group-5769B473C51F-FollowerState] INFO  impl.RoleInfo (RoleInfo.java:updateAndGet(139)) - b02eaa79-f692-4c53-b57d-37cb88368c79: start b02eaa79-f692-4c53-b57d-37cb88368c79@group-5769B473C51F-LeaderElection7
2023-07-06 10:48:19,870 [b02eaa79-f692-4c53-b57d-37cb88368c79@group-5769B473C51F-LeaderElection7] INFO  impl.LeaderElection (LeaderElection.java:askForVotes(321)) - b02eaa79-f692-4c53-b57d-37cb88368c79@group-5769B473C51F-LeaderElection7 PRE_VOTE round 0: submit vote requests at term 0 for -1: peers:[b02eaa79-f692-4c53-b57d-37cb88368c79|rpc:10.1.0.19:15032|admin:10.1.0.19:15031|client:10.1.0.19:15030|dataStream:10.1.0.19:15033|priority:1|startupRole:FOLLOWER]|listeners:[], old=null
2023-07-06 10:48:19,870 [b02eaa79-f692-4c53-b57d-37cb88368c79@group-5769B473C51F-LeaderElection7] INFO  impl.LeaderElection (LeaderElection.java:askForVotes(323)) - b02eaa79-f692-4c53-b57d-37cb88368c79@group-5769B473C51F-LeaderElection7 PRE_VOTE round 0: result PASSED (term=0)
2023-07-06 10:48:19,872 [b02eaa79-f692-4c53-b57d-37cb88368c79@group-5769B473C51F-LeaderElection7] INFO  impl.LeaderElection (LeaderElection.java:askForVotes(321)) - b02eaa79-f692-4c53-b57d-37cb88368c79@group-5769B473C51F-LeaderElection7 ELECTION round 0: submit vote requests at term 1 for -1: peers:[b02eaa79-f692-4c53-b57d-37cb88368c79|rpc:10.1.0.19:15032|admin:10.1.0.19:15031|client:10.1.0.19:15030|dataStream:10.1.0.19:15033|priority:1|startupRole:FOLLOWER]|listeners:[], old=null
2023-07-06 10:48:19,872 [b02eaa79-f692-4c53-b57d-37cb88368c79@group-5769B473C51F-LeaderElection7] INFO  impl.LeaderElection (LeaderElection.java:askForVotes(323)) - b02eaa79-f692-4c53-b57d-37cb88368c79@group-5769B473C51F-LeaderElection7 ELECTION round 0: result PASSED (term=1)
2023-07-06 10:48:19,872 [b02eaa79-f692-4c53-b57d-37cb88368c79@group-5769B473C51F-LeaderElection7] INFO  impl.RoleInfo (RoleInfo.java:shutdownLeaderElection(130)) - b02eaa79-f692-4c53-b57d-37cb88368c79: shutdown b02eaa79-f692-4c53-b57d-37cb88368c79@group-5769B473C51F-LeaderElection7
2023-07-06 10:48:19,872 [b02eaa79-f692-4c53-b57d-37cb88368c79@group-5769B473C51F-LeaderElection7] INFO  server.RaftServer$Division (RaftServerImpl.java:setRole(329)) - b02eaa79-f692-4c53-b57d-37cb88368c79@group-5769B473C51F: changes role from CANDIDATE to LEADER at term 1 for changeToLeader
2023-07-06 10:48:19,873 [b02eaa79-f692-4c53-b57d-37cb88368c79@group-5769B473C51F-LeaderElection7] INFO  ratis.XceiverServerRatis (XceiverServerRatis.java:handleLeaderChangedNotification(902)) - Leader change notification received for group: group-5769B473C51F with new leaderId: b02eaa79-f692-4c53-b57d-37cb88368c79
2023-07-06 10:48:19,874 [b02eaa79-f692-4c53-b57d-37cb88368c79@group-5769B473C51F-LeaderElection7] INFO  server.RaftServer$Division (ServerState.java:setLeader(317)) - b02eaa79-f692-4c53-b57d-37cb88368c79@group-5769B473C51F: change Leader from null to b02eaa79-f692-4c53-b57d-37cb88368c79 at term 1 for becomeLeader, leader elected after 5262ms
2023-07-06 10:48:19,874 [b02eaa79-f692-4c53-b57d-37cb88368c79@group-5769B473C51F-LeaderElection7] INFO  server.RaftServerConfigKeys (ConfUtils.java:logGet(46)) - raft.server.staging.catchup.gap = 1000 (default)
2023-07-06 10:48:19,875 [b02eaa79-f692-4c53-b57d-37cb88368c79@group-5769B473C51F-LeaderElection7] INFO  server.RaftServerConfigKeys (ConfUtils.java:logGet(46)) - raft.server.write.element-limit = 1024 (custom)
2023-07-06 10:48:19,875 [b02eaa79-f692-4c53-b57d-37cb88368c79@group-5769B473C51F-LeaderElection7] INFO  server.RaftServerConfigKeys (ConfUtils.java:logGet(46)) - raft.server.write.byte-limit = 1024 M (=1073741824) (custom)
2023-07-06 10:48:19,876 [b02eaa79-f692-4c53-b57d-37cb88368c79@group-5769B473C51F-LeaderElection7] INFO  server.RaftServerConfigKeys (ConfUtils.java:logGet(46)) - raft.server.watch.timeout = 180s (custom)
2023-07-06 10:48:19,876 [b02eaa79-f692-4c53-b57d-37cb88368c79@group-5769B473C51F-LeaderElection7] INFO  server.RaftServerConfigKeys (ConfUtils.java:logGet(46)) - raft.server.watch.timeout.denomination = 1s (default)
2023-07-06 10:48:19,876 [b02eaa79-f692-4c53-b57d-37cb88368c79@group-5769B473C51F-LeaderElection7] INFO  server.RaftServerConfigKeys (ConfUtils.java:logGet(46)) - raft.server.watch.element-limit = 65536 (default)
2023-07-06 10:48:19,876 [b02eaa79-f692-4c53-b57d-37cb88368c79@group-5769B473C51F-LeaderElection7] INFO  server.RaftServerConfigKeys (ConfUtils.java:logGet(46)) - raft.server.write.element-limit = 1024 (custom)
2023-07-06 10:48:19,876 [b02eaa79-f692-4c53-b57d-37cb88368c79@group-5769B473C51F-LeaderElection7] INFO  server.RaftServerConfigKeys (ConfUtils.java:logGet(46)) - raft.server.write.follower.gap.ratio.max = -1.0 (default)
2023-07-06 10:48:19,876 [b02eaa79-f692-4c53-b57d-37cb88368c79@group-5769B473C51F-LeaderElection7] INFO  impl.RoleInfo (RoleInfo.java:updateAndGet(139)) - b02eaa79-f692-4c53-b57d-37cb88368c79: start b02eaa79-f692-4c53-b57d-37cb88368c79@group-5769B473C51F-LeaderStateImpl
2023-07-06 10:48:19,877 [b02eaa79-f692-4c53-b57d-37cb88368c79@group-5769B473C51F-LeaderElection7] INFO  segmented.SegmentedRaftLogWorker (SegmentedRaftLogWorker.java:startLogSegment(447)) - b02eaa79-f692-4c53-b57d-37cb88368c79@group-5769B473C51F-SegmentedRaftLogWorker: Starting segment from index:0
2023-07-06 10:48:19,882 [b02eaa79-f692-4c53-b57d-37cb88368c79@group-5769B473C51F-LeaderElection7] INFO  server.RaftServer$Division (ServerState.java:setRaftConf(434)) - b02eaa79-f692-4c53-b57d-37cb88368c79@group-5769B473C51F: set configuration 0: peers:[b02eaa79-f692-4c53-b57d-37cb88368c79|rpc:10.1.0.19:15032|admin:10.1.0.19:15031|client:10.1.0.19:15030|dataStream:10.1.0.19:15033|priority:1|startupRole:FOLLOWER]|listeners:[], old=null
2023-07-06 10:48:19,884 [b02eaa79-f692-4c53-b57d-37cb88368c79@group-5769B473C51F-SegmentedRaftLogWorker] INFO  segmented.SegmentedRaftLogWorker (SegmentedRaftLogWorker.java:execute(651)) - b02eaa79-f692-4c53-b57d-37cb88368c79@group-5769B473C51F-SegmentedRaftLogWorker: created new log segment /home/runner/work/ozone/ozone/hadoop-ozone/integration-test/target/test-dir/MiniOzoneClusterImpl-8ecce792-0b29-40a4-bcd2-9922915e3450/datanode-2/data/ratis/356591c7-60a5-4080-91e6-5769b473c51f/current/log_inprogress_0
2023-07-06 10:48:19,924 [c18b64c4-7b5c-4e0a-b26c-2daf5f5ffc53@group-656AAD0BEA11-FollowerState] INFO  impl.FollowerState (FollowerState.java:run(143)) - c18b64c4-7b5c-4e0a-b26c-2daf5f5ffc53@group-656AAD0BEA11-FollowerState: change to CANDIDATE, lastRpcElapsedTime:5124165232ns, electionTimeout:5114ms
2023-07-06 10:48:19,924 [c18b64c4-7b5c-4e0a-b26c-2daf5f5ffc53@group-656AAD0BEA11-FollowerState] INFO  impl.RoleInfo (RoleInfo.java:shutdownFollowerState(110)) - c18b64c4-7b5c-4e0a-b26c-2daf5f5ffc53: shutdown c18b64c4-7b5c-4e0a-b26c-2daf5f5ffc53@group-656AAD0BEA11-FollowerState
2023-07-06 10:48:19,924 [c18b64c4-7b5c-4e0a-b26c-2daf5f5ffc53@group-656AAD0BEA11-FollowerState] INFO  server.RaftServer$Division (RaftServerImpl.java:setRole(329)) - c18b64c4-7b5c-4e0a-b26c-2daf5f5ffc53@group-656AAD0BEA11: changes role from  FOLLOWER to CANDIDATE at term 0 for changeToCandidate
2023-07-06 10:48:19,924 [c18b64c4-7b5c-4e0a-b26c-2daf5f5ffc53@group-656AAD0BEA11-FollowerState] INFO  server.RaftServerConfigKeys (ConfUtils.java:logGet(46)) - raft.server.leaderelection.pre-vote = true (default)
2023-07-06 10:48:19,924 [c18b64c4-7b5c-4e0a-b26c-2daf5f5ffc53@group-656AAD0BEA11-FollowerState] INFO  impl.RoleInfo (RoleInfo.java:updateAndGet(139)) - c18b64c4-7b5c-4e0a-b26c-2daf5f5ffc53: start c18b64c4-7b5c-4e0a-b26c-2daf5f5ffc53@group-656AAD0BEA11-LeaderElection8
2023-07-06 10:48:19,932 [c18b64c4-7b5c-4e0a-b26c-2daf5f5ffc53@group-656AAD0BEA11-LeaderElection8] INFO  impl.LeaderElection (LeaderElection.java:askForVotes(321)) - c18b64c4-7b5c-4e0a-b26c-2daf5f5ffc53@group-656AAD0BEA11-LeaderElection8 PRE_VOTE round 0: submit vote requests at term 0 for -1: peers:[b02eaa79-f692-4c53-b57d-37cb88368c79|rpc:10.1.0.19:15032|admin:10.1.0.19:15031|client:10.1.0.19:15030|dataStream:10.1.0.19:15033|priority:0|startupRole:FOLLOWER, c18b64c4-7b5c-4e0a-b26c-2daf5f5ffc53|rpc:10.1.0.19:15014|admin:10.1.0.19:15013|client:10.1.0.19:15012|dataStream:10.1.0.19:15015|priority:1|startupRole:FOLLOWER, d927e26c-8fe2-4137-bd03-4653fe67c688|rpc:10.1.0.19:15023|admin:10.1.0.19:15022|client:10.1.0.19:15021|dataStream:10.1.0.19:15024|priority:0|startupRole:FOLLOWER]|listeners:[], old=null
2023-07-06 10:48:19,934 [c18b64c4-7b5c-4e0a-b26c-2daf5f5ffc53@group-656AAD0BEA11-LeaderElection8] INFO  server.RaftServerConfigKeys (ConfUtils.java:logFallback(53)) - raft.server.rpc.first-election.timeout.min = 5s (fallback to raft.server.rpc.timeout.min)
2023-07-06 10:48:19,935 [c18b64c4-7b5c-4e0a-b26c-2daf5f5ffc53@group-656AAD0BEA11-LeaderElection8] INFO  server.RaftServerConfigKeys (ConfUtils.java:logFallback(53)) - raft.server.rpc.first-election.timeout.max = 5200ms (fallback to raft.server.rpc.timeout.max)
2023-07-06 10:48:19,937 [grpc-default-executor-5] INFO  server.RaftServer$Division (RaftServerImpl.java:requestVote(1302)) - b02eaa79-f692-4c53-b57d-37cb88368c79@group-656AAD0BEA11: receive requestVote(PRE_VOTE, c18b64c4-7b5c-4e0a-b26c-2daf5f5ffc53, group-656AAD0BEA11, 0, (t:0, i:0))
2023-07-06 10:48:19,937 [grpc-default-executor-5] INFO  impl.VoteContext (VoteContext.java:log(49)) - b02eaa79-f692-4c53-b57d-37cb88368c79@group-656AAD0BEA11-FOLLOWER: accept PRE_VOTE from c18b64c4-7b5c-4e0a-b26c-2daf5f5ffc53: our priority 0 <= candidate's priority 1
2023-07-06 10:48:19,937 [grpc-default-executor-5] INFO  server.RaftServer$Division (RaftServerImpl.java:requestVote(1335)) - b02eaa79-f692-4c53-b57d-37cb88368c79@group-656AAD0BEA11 replies to PRE_VOTE vote request: c18b64c4-7b5c-4e0a-b26c-2daf5f5ffc53<-b02eaa79-f692-4c53-b57d-37cb88368c79#0:OK-t0. Peer's state: b02eaa79-f692-4c53-b57d-37cb88368c79@group-656AAD0BEA11:t0, leader=null, voted=, raftlog=Memoized:b02eaa79-f692-4c53-b57d-37cb88368c79@group-656AAD0BEA11-SegmentedRaftLog:OPENED:c-1, conf=-1: peers:[b02eaa79-f692-4c53-b57d-37cb88368c79|rpc:10.1.0.19:15032|admin:10.1.0.19:15031|client:10.1.0.19:15030|dataStream:10.1.0.19:15033|priority:0|startupRole:FOLLOWER, c18b64c4-7b5c-4e0a-b26c-2daf5f5ffc53|rpc:10.1.0.19:15014|admin:10.1.0.19:15013|client:10.1.0.19:15012|dataStream:10.1.0.19:15015|priority:1|startupRole:FOLLOWER, d927e26c-8fe2-4137-bd03-4653fe67c688|rpc:10.1.0.19:15023|admin:10.1.0.19:15022|client:10.1.0.19:15021|dataStream:10.1.0.19:15024|priority:0|startupRole:FOLLOWER]|listeners:[], old=null
2023-07-06 10:48:19,938 [c18b64c4-7b5c-4e0a-b26c-2daf5f5ffc53@group-656AAD0BEA11-LeaderElection8] INFO  impl.LeaderElection (LeaderElection.java:logAndReturn(90)) - c18b64c4-7b5c-4e0a-b26c-2daf5f5ffc53@group-656AAD0BEA11-LeaderElection8: PRE_VOTE PASSED received 1 response(s) and 0 exception(s):
2023-07-06 10:48:19,938 [c18b64c4-7b5c-4e0a-b26c-2daf5f5ffc53@group-656AAD0BEA11-LeaderElection8] INFO  impl.LeaderElection (LeaderElection.java:logAndReturn(94)) -   Response 0: c18b64c4-7b5c-4e0a-b26c-2daf5f5ffc53<-b02eaa79-f692-4c53-b57d-37cb88368c79#0:OK-t0
2023-07-06 10:48:19,938 [c18b64c4-7b5c-4e0a-b26c-2daf5f5ffc53@group-656AAD0BEA11-LeaderElection8] INFO  impl.LeaderElection (LeaderElection.java:askForVotes(323)) - c18b64c4-7b5c-4e0a-b26c-2daf5f5ffc53@group-656AAD0BEA11-LeaderElection8 PRE_VOTE round 0: result PASSED
2023-07-06 10:48:19,941 [c18b64c4-7b5c-4e0a-b26c-2daf5f5ffc53@group-656AAD0BEA11-LeaderElection8] INFO  impl.LeaderElection (LeaderElection.java:askForVotes(321)) - c18b64c4-7b5c-4e0a-b26c-2daf5f5ffc53@group-656AAD0BEA11-LeaderElection8 ELECTION round 0: submit vote requests at term 1 for -1: peers:[b02eaa79-f692-4c53-b57d-37cb88368c79|rpc:10.1.0.19:15032|admin:10.1.0.19:15031|client:10.1.0.19:15030|dataStream:10.1.0.19:15033|priority:0|startupRole:FOLLOWER, c18b64c4-7b5c-4e0a-b26c-2daf5f5ffc53|rpc:10.1.0.19:15014|admin:10.1.0.19:15013|client:10.1.0.19:15012|dataStream:10.1.0.19:15015|priority:1|startupRole:FOLLOWER, d927e26c-8fe2-4137-bd03-4653fe67c688|rpc:10.1.0.19:15023|admin:10.1.0.19:15022|client:10.1.0.19:15021|dataStream:10.1.0.19:15024|priority:0|startupRole:FOLLOWER]|listeners:[], old=null
2023-07-06 10:48:19,949 [c18b64c4-7b5c-4e0a-b26c-2daf5f5ffc53@group-656AAD0BEA11-LeaderElection8] INFO  server.RaftServerConfigKeys (ConfUtils.java:logFallback(53)) - raft.server.rpc.first-election.timeout.min = 5s (fallback to raft.server.rpc.timeout.min)
2023-07-06 10:48:19,949 [c18b64c4-7b5c-4e0a-b26c-2daf5f5ffc53@group-656AAD0BEA11-LeaderElection8] INFO  server.RaftServerConfigKeys (ConfUtils.java:logFallback(53)) - raft.server.rpc.first-election.timeout.max = 5200ms (fallback to raft.server.rpc.timeout.max)
2023-07-06 10:48:19,950 [grpc-default-executor-5] INFO  server.RaftServer$Division (RaftServerImpl.java:requestVote(1302)) - d927e26c-8fe2-4137-bd03-4653fe67c688@group-656AAD0BEA11: receive requestVote(PRE_VOTE, c18b64c4-7b5c-4e0a-b26c-2daf5f5ffc53, group-656AAD0BEA11, 0, (t:0, i:0))
2023-07-06 10:48:19,951 [grpc-default-executor-5] INFO  impl.VoteContext (VoteContext.java:log(49)) - d927e26c-8fe2-4137-bd03-4653fe67c688@group-656AAD0BEA11-FOLLOWER: accept PRE_VOTE from c18b64c4-7b5c-4e0a-b26c-2daf5f5ffc53: our priority 0 <= candidate's priority 1
2023-07-06 10:48:19,951 [grpc-default-executor-5] INFO  server.RaftServer$Division (RaftServerImpl.java:requestVote(1335)) - d927e26c-8fe2-4137-bd03-4653fe67c688@group-656AAD0BEA11 replies to PRE_VOTE vote request: c18b64c4-7b5c-4e0a-b26c-2daf5f5ffc53<-d927e26c-8fe2-4137-bd03-4653fe67c688#0:OK-t0. Peer's state: d927e26c-8fe2-4137-bd03-4653fe67c688@group-656AAD0BEA11:t0, leader=null, voted=, raftlog=Memoized:d927e26c-8fe2-4137-bd03-4653fe67c688@group-656AAD0BEA11-SegmentedRaftLog:OPENED:c-1, conf=-1: peers:[b02eaa79-f692-4c53-b57d-37cb88368c79|rpc:10.1.0.19:15032|admin:10.1.0.19:15031|client:10.1.0.19:15030|dataStream:10.1.0.19:15033|priority:0|startupRole:FOLLOWER, c18b64c4-7b5c-4e0a-b26c-2daf5f5ffc53|rpc:10.1.0.19:15014|admin:10.1.0.19:15013|client:10.1.0.19:15012|dataStream:10.1.0.19:15015|priority:1|startupRole:FOLLOWER, d927e26c-8fe2-4137-bd03-4653fe67c688|rpc:10.1.0.19:15023|admin:10.1.0.19:15022|client:10.1.0.19:15021|dataStream:10.1.0.19:15024|priority:0|startupRole:FOLLOWER]|listeners:[], old=null
2023-07-06 10:48:19,951 [grpc-default-executor-6] INFO  server.RaftServer$Division (RaftServerImpl.java:requestVote(1302)) - b02eaa79-f692-4c53-b57d-37cb88368c79@group-656AAD0BEA11: receive requestVote(ELECTION, c18b64c4-7b5c-4e0a-b26c-2daf5f5ffc53, group-656AAD0BEA11, 1, (t:0, i:0))
2023-07-06 10:48:19,951 [grpc-default-executor-6] INFO  impl.VoteContext (VoteContext.java:log(49)) - b02eaa79-f692-4c53-b57d-37cb88368c79@group-656AAD0BEA11-FOLLOWER: accept ELECTION from c18b64c4-7b5c-4e0a-b26c-2daf5f5ffc53: our priority 0 <= candidate's priority 1
2023-07-06 10:48:19,951 [grpc-default-executor-6] INFO  server.RaftServer$Division (RaftServerImpl.java:setRole(329)) - b02eaa79-f692-4c53-b57d-37cb88368c79@group-656AAD0BEA11: changes role from  FOLLOWER to FOLLOWER at term 1 for candidate:c18b64c4-7b5c-4e0a-b26c-2daf5f5ffc53
2023-07-06 10:48:19,951 [grpc-default-executor-6] INFO  impl.RoleInfo (RoleInfo.java:shutdownFollowerState(110)) - b02eaa79-f692-4c53-b57d-37cb88368c79: shutdown b02eaa79-f692-4c53-b57d-37cb88368c79@group-656AAD0BEA11-FollowerState
2023-07-06 10:48:19,952 [grpc-default-executor-6] INFO  impl.RoleInfo (RoleInfo.java:updateAndGet(139)) - b02eaa79-f692-4c53-b57d-37cb88368c79: start b02eaa79-f692-4c53-b57d-37cb88368c79@group-656AAD0BEA11-FollowerState
2023-07-06 10:48:19,952 [b02eaa79-f692-4c53-b57d-37cb88368c79@group-656AAD0BEA11-FollowerState] INFO  impl.FollowerState (FollowerState.java:run(152)) - b02eaa79-f692-4c53-b57d-37cb88368c79@group-656AAD0BEA11-FollowerState was interrupted
2023-07-06 10:48:19,957 [grpc-default-executor-5] INFO  server.RaftServer$Division (RaftServerImpl.java:requestVote(1302)) - d927e26c-8fe2-4137-bd03-4653fe67c688@group-656AAD0BEA11: receive requestVote(ELECTION, c18b64c4-7b5c-4e0a-b26c-2daf5f5ffc53, group-656AAD0BEA11, 1, (t:0, i:0))
2023-07-06 10:48:19,958 [grpc-default-executor-5] INFO  impl.VoteContext (VoteContext.java:log(49)) - d927e26c-8fe2-4137-bd03-4653fe67c688@group-656AAD0BEA11-FOLLOWER: accept ELECTION from c18b64c4-7b5c-4e0a-b26c-2daf5f5ffc53: our priority 0 <= candidate's priority 1
2023-07-06 10:48:19,958 [grpc-default-executor-5] INFO  server.RaftServer$Division (RaftServerImpl.java:setRole(329)) - d927e26c-8fe2-4137-bd03-4653fe67c688@group-656AAD0BEA11: changes role from  FOLLOWER to FOLLOWER at term 1 for candidate:c18b64c4-7b5c-4e0a-b26c-2daf5f5ffc53
2023-07-06 10:48:19,958 [grpc-default-executor-5] INFO  impl.RoleInfo (RoleInfo.java:shutdownFollowerState(110)) - d927e26c-8fe2-4137-bd03-4653fe67c688: shutdown d927e26c-8fe2-4137-bd03-4653fe67c688@group-656AAD0BEA11-FollowerState
2023-07-06 10:48:19,958 [grpc-default-executor-5] INFO  impl.RoleInfo (RoleInfo.java:updateAndGet(139)) - d927e26c-8fe2-4137-bd03-4653fe67c688: start d927e26c-8fe2-4137-bd03-4653fe67c688@group-656AAD0BEA11-FollowerState
2023-07-06 10:48:19,958 [d927e26c-8fe2-4137-bd03-4653fe67c688@group-656AAD0BEA11-FollowerState] INFO  impl.FollowerState (FollowerState.java:run(152)) - d927e26c-8fe2-4137-bd03-4653fe67c688@group-656AAD0BEA11-FollowerState was interrupted
2023-07-06 10:48:19,962 [grpc-default-executor-6] INFO  server.RaftServer$Division (RaftServerImpl.java:requestVote(1335)) - b02eaa79-f692-4c53-b57d-37cb88368c79@group-656AAD0BEA11 replies to ELECTION vote request: c18b64c4-7b5c-4e0a-b26c-2daf5f5ffc53<-b02eaa79-f692-4c53-b57d-37cb88368c79#0:OK-t1. Peer's state: b02eaa79-f692-4c53-b57d-37cb88368c79@group-656AAD0BEA11:t1, leader=null, voted=c18b64c4-7b5c-4e0a-b26c-2daf5f5ffc53, raftlog=Memoized:b02eaa79-f692-4c53-b57d-37cb88368c79@group-656AAD0BEA11-SegmentedRaftLog:OPENED:c-1, conf=-1: peers:[b02eaa79-f692-4c53-b57d-37cb88368c79|rpc:10.1.0.19:15032|admin:10.1.0.19:15031|client:10.1.0.19:15030|dataStream:10.1.0.19:15033|priority:0|startupRole:FOLLOWER, c18b64c4-7b5c-4e0a-b26c-2daf5f5ffc53|rpc:10.1.0.19:15014|admin:10.1.0.19:15013|client:10.1.0.19:15012|dataStream:10.1.0.19:15015|priority:1|startupRole:FOLLOWER, d927e26c-8fe2-4137-bd03-4653fe67c688|rpc:10.1.0.19:15023|admin:10.1.0.19:15022|client:10.1.0.19:15021|dataStream:10.1.0.19:15024|priority:0|startupRole:FOLLOWER]|listeners:[], old=null
2023-07-06 10:48:19,963 [c18b64c4-7b5c-4e0a-b26c-2daf5f5ffc53@group-656AAD0BEA11-LeaderElection8] INFO  impl.LeaderElection (LeaderElection.java:logAndReturn(90)) - c18b64c4-7b5c-4e0a-b26c-2daf5f5ffc53@group-656AAD0BEA11-LeaderElection8: ELECTION PASSED received 1 response(s) and 0 exception(s):
2023-07-06 10:48:19,963 [c18b64c4-7b5c-4e0a-b26c-2daf5f5ffc53@group-656AAD0BEA11-LeaderElection8] INFO  impl.LeaderElection (LeaderElection.java:logAndReturn(94)) -   Response 0: c18b64c4-7b5c-4e0a-b26c-2daf5f5ffc53<-b02eaa79-f692-4c53-b57d-37cb88368c79#0:OK-t1
2023-07-06 10:48:19,963 [c18b64c4-7b5c-4e0a-b26c-2daf5f5ffc53@group-656AAD0BEA11-LeaderElection8] INFO  impl.LeaderElection (LeaderElection.java:askForVotes(323)) - c18b64c4-7b5c-4e0a-b26c-2daf5f5ffc53@group-656AAD0BEA11-LeaderElection8 ELECTION round 0: result PASSED
2023-07-06 10:48:19,964 [c18b64c4-7b5c-4e0a-b26c-2daf5f5ffc53@group-656AAD0BEA11-LeaderElection8] INFO  impl.RoleInfo (RoleInfo.java:shutdownLeaderElection(130)) - c18b64c4-7b5c-4e0a-b26c-2daf5f5ffc53: shutdown c18b64c4-7b5c-4e0a-b26c-2daf5f5ffc53@group-656AAD0BEA11-LeaderElection8
2023-07-06 10:48:19,964 [c18b64c4-7b5c-4e0a-b26c-2daf5f5ffc53@group-656AAD0BEA11-LeaderElection8] INFO  server.RaftServer$Division (RaftServerImpl.java:setRole(329)) - c18b64c4-7b5c-4e0a-b26c-2daf5f5ffc53@group-656AAD0BEA11: changes role from CANDIDATE to LEADER at term 1 for changeToLeader
2023-07-06 10:48:19,964 [c18b64c4-7b5c-4e0a-b26c-2daf5f5ffc53@group-656AAD0BEA11-LeaderElection8] INFO  ratis.XceiverServerRatis (XceiverServerRatis.java:handleLeaderChangedNotification(902)) - Leader change notification received for group: group-656AAD0BEA11 with new leaderId: c18b64c4-7b5c-4e0a-b26c-2daf5f5ffc53
2023-07-06 10:48:19,964 [c18b64c4-7b5c-4e0a-b26c-2daf5f5ffc53@group-656AAD0BEA11-LeaderElection8] INFO  server.RaftServer$Division (ServerState.java:setLeader(317)) - c18b64c4-7b5c-4e0a-b26c-2daf5f5ffc53@group-656AAD0BEA11: change Leader from null to c18b64c4-7b5c-4e0a-b26c-2daf5f5ffc53 at term 1 for becomeLeader, leader elected after 5250ms
2023-07-06 10:48:19,964 [c18b64c4-7b5c-4e0a-b26c-2daf5f5ffc53@group-656AAD0BEA11-LeaderElection8] INFO  server.RaftServerConfigKeys (ConfUtils.java:logGet(46)) - raft.server.staging.catchup.gap = 1000 (default)
2023-07-06 10:48:19,964 [c18b64c4-7b5c-4e0a-b26c-2daf5f5ffc53@group-656AAD0BEA11-LeaderElection8] INFO  server.RaftServerConfigKeys (ConfUtils.java:logGet(46)) - raft.server.write.element-limit = 1024 (custom)
2023-07-06 10:48:19,964 [c18b64c4-7b5c-4e0a-b26c-2daf5f5ffc53@group-656AAD0BEA11-LeaderElection8] INFO  server.RaftServerConfigKeys (ConfUtils.java:logGet(46)) - raft.server.write.byte-limit = 1024 M (=1073741824) (custom)
2023-07-06 10:48:19,965 [grpc-default-executor-5] INFO  server.RaftServer$Division (RaftServerImpl.java:requestVote(1335)) - d927e26c-8fe2-4137-bd03-4653fe67c688@group-656AAD0BEA11 replies to ELECTION vote request: c18b64c4-7b5c-4e0a-b26c-2daf5f5ffc53<-d927e26c-8fe2-4137-bd03-4653fe67c688#0:OK-t1. Peer's state: d927e26c-8fe2-4137-bd03-4653fe67c688@group-656AAD0BEA11:t1, leader=null, voted=c18b64c4-7b5c-4e0a-b26c-2daf5f5ffc53, raftlog=Memoized:d927e26c-8fe2-4137-bd03-4653fe67c688@group-656AAD0BEA11-SegmentedRaftLog:OPENED:c-1, conf=-1: peers:[b02eaa79-f692-4c53-b57d-37cb88368c79|rpc:10.1.0.19:15032|admin:10.1.0.19:15031|client:10.1.0.19:15030|dataStream:10.1.0.19:15033|priority:0|startupRole:FOLLOWER, c18b64c4-7b5c-4e0a-b26c-2daf5f5ffc53|rpc:10.1.0.19:15014|admin:10.1.0.19:15013|client:10.1.0.19:15012|dataStream:10.1.0.19:15015|priority:1|startupRole:FOLLOWER, d927e26c-8fe2-4137-bd03-4653fe67c688|rpc:10.1.0.19:15023|admin:10.1.0.19:15022|client:10.1.0.19:15021|dataStream:10.1.0.19:15024|priority:0|startupRole:FOLLOWER]|listeners:[], old=null
2023-07-06 10:48:19,968 [c18b64c4-7b5c-4e0a-b26c-2daf5f5ffc53@group-656AAD0BEA11-LeaderElection8] INFO  server.RaftServerConfigKeys (ConfUtils.java:logGet(46)) - raft.server.watch.timeout = 180s (custom)
2023-07-06 10:48:19,968 [c18b64c4-7b5c-4e0a-b26c-2daf5f5ffc53@group-656AAD0BEA11-LeaderElection8] INFO  server.RaftServerConfigKeys (ConfUtils.java:logGet(46)) - raft.server.watch.timeout.denomination = 1s (default)
2023-07-06 10:48:19,968 [c18b64c4-7b5c-4e0a-b26c-2daf5f5ffc53@group-656AAD0BEA11-LeaderElection8] INFO  server.RaftServerConfigKeys (ConfUtils.java:logGet(46)) - raft.server.watch.element-limit = 65536 (default)
2023-07-06 10:48:19,968 [c18b64c4-7b5c-4e0a-b26c-2daf5f5ffc53@group-656AAD0BEA11-LeaderElection8] INFO  server.RaftServerConfigKeys (ConfUtils.java:logGet(46)) - raft.server.write.element-limit = 1024 (custom)
2023-07-06 10:48:19,968 [c18b64c4-7b5c-4e0a-b26c-2daf5f5ffc53@group-656AAD0BEA11-LeaderElection8] INFO  server.RaftServerConfigKeys (ConfUtils.java:logGet(46)) - raft.server.write.follower.gap.ratio.max = -1.0 (default)
2023-07-06 10:48:19,969 [EventQueue-PipelineReportForPipelineReportHandler] INFO  pipeline.PipelineReportHandler (PipelineReportHandler.java:processPipelineReport(136)) - Opened pipeline PipelineID=b3b9432e-b1ab-4d28-b8c7-656aad0bea11
2023-07-06 10:48:19,970 [c18b64c4-7b5c-4e0a-b26c-2daf5f5ffc53@group-656AAD0BEA11-LeaderElection8] INFO  server.RaftServerConfigKeys (ConfUtils.java:logGet(46)) - raft.server.log.appender.snapshot.chunk.size.max = 16MB (=16777216) (default)
2023-07-06 10:48:19,970 [c18b64c4-7b5c-4e0a-b26c-2daf5f5ffc53@group-656AAD0BEA11-LeaderElection8] INFO  server.RaftServerConfigKeys (ConfUtils.java:logGet(46)) - raft.server.log.appender.buffer.byte-limit = 33554432 (custom)
2023-07-06 10:48:19,970 [c18b64c4-7b5c-4e0a-b26c-2daf5f5ffc53@group-656AAD0BEA11-LeaderElection8] INFO  server.RaftServerConfigKeys (ConfUtils.java:logGet(46)) - raft.server.log.appender.buffer.element-limit = 1 (custom)
2023-07-06 10:48:19,970 [c18b64c4-7b5c-4e0a-b26c-2daf5f5ffc53@group-656AAD0BEA11-LeaderElection8] INFO  server.RaftServerConfigKeys (ConfUtils.java:logGet(46)) - raft.server.log.appender.wait-time.min = 10ms (default)
2023-07-06 10:48:19,970 [c18b64c4-7b5c-4e0a-b26c-2daf5f5ffc53@group-656AAD0BEA11-LeaderElection8] INFO  grpc.GrpcConfigKeys (ConfUtils.java:logGet(46)) - raft.grpc.server.leader.outstanding.appends.max = 128 (default)
2023-07-06 10:48:19,974 [c18b64c4-7b5c-4e0a-b26c-2daf5f5ffc53@group-656AAD0BEA11-LeaderElection8] INFO  server.RaftServerConfigKeys (ConfUtils.java:logGet(46)) - raft.server.rpc.request.timeout = 60s (custom)
2023-07-06 10:48:19,974 [c18b64c4-7b5c-4e0a-b26c-2daf5f5ffc53@group-656AAD0BEA11-LeaderElection8] INFO  grpc.GrpcConfigKeys (ConfUtils.java:logGet(46)) - raft.grpc.server.install_snapshot.request.element-limit = 8 (default)
2023-07-06 10:48:19,974 [c18b64c4-7b5c-4e0a-b26c-2daf5f5ffc53@group-656AAD0BEA11-LeaderElection8] INFO  grpc.GrpcConfigKeys (ConfUtils.java:logGet(46)) - raft.grpc.server.install_snapshot.request.timeout = 3000ms (default)
2023-07-06 10:48:19,974 [c18b64c4-7b5c-4e0a-b26c-2daf5f5ffc53@group-656AAD0BEA11-LeaderElection8] INFO  server.RaftServerConfigKeys (ConfUtils.java:logGet(46)) - raft.server.log.appender.install.snapshot.enabled = false (custom)
2023-07-06 10:48:19,974 [c18b64c4-7b5c-4e0a-b26c-2daf5f5ffc53@group-656AAD0BEA11-LeaderElection8] INFO  grpc.GrpcConfigKeys (ConfUtils.java:logGet(46)) - raft.grpc.server.heartbeat.channel = true (default)
2023-07-06 10:48:19,975 [c18b64c4-7b5c-4e0a-b26c-2daf5f5ffc53@group-656AAD0BEA11-LeaderElection8] INFO  server.RaftServerConfigKeys (ConfUtils.java:logGet(46)) - raft.server.log.appender.snapshot.chunk.size.max = 16MB (=16777216) (default)
2023-07-06 10:48:19,975 [c18b64c4-7b5c-4e0a-b26c-2daf5f5ffc53@group-656AAD0BEA11-LeaderElection8] INFO  server.RaftServerConfigKeys (ConfUtils.java:logGet(46)) - raft.server.log.appender.buffer.byte-limit = 33554432 (custom)
2023-07-06 10:48:19,975 [c18b64c4-7b5c-4e0a-b26c-2daf5f5ffc53@group-656AAD0BEA11-LeaderElection8] INFO  server.RaftServerConfigKeys (ConfUtils.java:logGet(46)) - raft.server.log.appender.buffer.element-limit = 1 (custom)
2023-07-06 10:48:19,975 [c18b64c4-7b5c-4e0a-b26c-2daf5f5ffc53@group-656AAD0BEA11-LeaderElection8] INFO  server.RaftServerConfigKeys (ConfUtils.java:logGet(46)) - raft.server.log.appender.wait-time.min = 10ms (default)
2023-07-06 10:48:19,976 [c18b64c4-7b5c-4e0a-b26c-2daf5f5ffc53@group-656AAD0BEA11-LeaderElection8] INFO  grpc.GrpcConfigKeys (ConfUtils.java:logGet(46)) - raft.grpc.server.leader.outstanding.appends.max = 128 (default)
2023-07-06 10:48:19,976 [c18b64c4-7b5c-4e0a-b26c-2daf5f5ffc53@group-656AAD0BEA11-LeaderElection8] INFO  server.RaftServerConfigKeys (ConfUtils.java:logGet(46)) - raft.server.rpc.request.timeout = 60s (custom)
2023-07-06 10:48:19,976 [c18b64c4-7b5c-4e0a-b26c-2daf5f5ffc53@group-656AAD0BEA11-LeaderElection8] INFO  grpc.GrpcConfigKeys (ConfUtils.java:logGet(46)) - raft.grpc.server.install_snapshot.request.element-limit = 8 (default)
2023-07-06 10:48:19,976 [c18b64c4-7b5c-4e0a-b26c-2daf5f5ffc53@group-656AAD0BEA11-LeaderElection8] INFO  grpc.GrpcConfigKeys (ConfUtils.java:logGet(46)) - raft.grpc.server.install_snapshot.request.timeout = 3000ms (default)
2023-07-06 10:48:19,976 [c18b64c4-7b5c-4e0a-b26c-2daf5f5ffc53@group-656AAD0BEA11-LeaderElection8] INFO  server.RaftServerConfigKeys (ConfUtils.java:logGet(46)) - raft.server.log.appender.install.snapshot.enabled = false (custom)
2023-07-06 10:48:19,976 [c18b64c4-7b5c-4e0a-b26c-2daf5f5ffc53@group-656AAD0BEA11-LeaderElection8] INFO  grpc.GrpcConfigKeys (ConfUtils.java:logGet(46)) - raft.grpc.server.heartbeat.channel = true (default)
2023-07-06 10:48:19,977 [c18b64c4-7b5c-4e0a-b26c-2daf5f5ffc53@group-656AAD0BEA11-LeaderElection8] INFO  impl.RoleInfo (RoleInfo.java:updateAndGet(139)) - c18b64c4-7b5c-4e0a-b26c-2daf5f5ffc53: start c18b64c4-7b5c-4e0a-b26c-2daf5f5ffc53@group-656AAD0BEA11-LeaderStateImpl
2023-07-06 10:48:19,977 [c18b64c4-7b5c-4e0a-b26c-2daf5f5ffc53@group-656AAD0BEA11-LeaderElection8] INFO  segmented.SegmentedRaftLogWorker (SegmentedRaftLogWorker.java:startLogSegment(447)) - c18b64c4-7b5c-4e0a-b26c-2daf5f5ffc53@group-656AAD0BEA11-SegmentedRaftLogWorker: Starting segment from index:0
2023-07-06 10:48:19,978 [c18b64c4-7b5c-4e0a-b26c-2daf5f5ffc53@group-656AAD0BEA11-SegmentedRaftLogWorker] INFO  segmented.SegmentedRaftLogWorker (SegmentedRaftLogWorker.java:execute(651)) - c18b64c4-7b5c-4e0a-b26c-2daf5f5ffc53@group-656AAD0BEA11-SegmentedRaftLogWorker: created new log segment /home/runner/work/ozone/ozone/hadoop-ozone/integration-test/target/test-dir/MiniOzoneClusterImpl-8ecce792-0b29-40a4-bcd2-9922915e3450/datanode-0/data/ratis/b3b9432e-b1ab-4d28-b8c7-656aad0bea11/current/log_inprogress_0
2023-07-06 10:48:19,986 [c18b64c4-7b5c-4e0a-b26c-2daf5f5ffc53@group-656AAD0BEA11-LeaderElection8] INFO  server.RaftServer$Division (ServerState.java:setRaftConf(434)) - c18b64c4-7b5c-4e0a-b26c-2daf5f5ffc53@group-656AAD0BEA11: set configuration 0: peers:[b02eaa79-f692-4c53-b57d-37cb88368c79|rpc:10.1.0.19:15032|admin:10.1.0.19:15031|client:10.1.0.19:15030|dataStream:10.1.0.19:15033|priority:0|startupRole:FOLLOWER, c18b64c4-7b5c-4e0a-b26c-2daf5f5ffc53|rpc:10.1.0.19:15014|admin:10.1.0.19:15013|client:10.1.0.19:15012|dataStream:10.1.0.19:15015|priority:1|startupRole:FOLLOWER, d927e26c-8fe2-4137-bd03-4653fe67c688|rpc:10.1.0.19:15023|admin:10.1.0.19:15022|client:10.1.0.19:15021|dataStream:10.1.0.19:15024|priority:0|startupRole:FOLLOWER]|listeners:[], old=null
2023-07-06 10:48:20,017 [b02eaa79-f692-4c53-b57d-37cb88368c79-server-thread1] INFO  ratis.XceiverServerRatis (XceiverServerRatis.java:handleLeaderChangedNotification(902)) - Leader change notification received for group: group-656AAD0BEA11 with new leaderId: c18b64c4-7b5c-4e0a-b26c-2daf5f5ffc53
2023-07-06 10:48:20,018 [b02eaa79-f692-4c53-b57d-37cb88368c79-server-thread1] INFO  server.RaftServer$Division (ServerState.java:setLeader(317)) - b02eaa79-f692-4c53-b57d-37cb88368c79@group-656AAD0BEA11: change Leader from null to c18b64c4-7b5c-4e0a-b26c-2daf5f5ffc53 at term 1 for appendEntries, leader elected after 5345ms
2023-07-06 10:48:20,030 [b02eaa79-f692-4c53-b57d-37cb88368c79-server-thread3] INFO  server.RaftServer$Division (ServerState.java:setRaftConf(434)) - b02eaa79-f692-4c53-b57d-37cb88368c79@group-656AAD0BEA11: set configuration 0: peers:[b02eaa79-f692-4c53-b57d-37cb88368c79|rpc:10.1.0.19:15032|admin:10.1.0.19:15031|client:10.1.0.19:15030|dataStream:10.1.0.19:15033|priority:0|startupRole:FOLLOWER, c18b64c4-7b5c-4e0a-b26c-2daf5f5ffc53|rpc:10.1.0.19:15014|admin:10.1.0.19:15013|client:10.1.0.19:15012|dataStream:10.1.0.19:15015|priority:1|startupRole:FOLLOWER, d927e26c-8fe2-4137-bd03-4653fe67c688|rpc:10.1.0.19:15023|admin:10.1.0.19:15022|client:10.1.0.19:15021|dataStream:10.1.0.19:15024|priority:0|startupRole:FOLLOWER]|listeners:[], old=null
2023-07-06 10:48:20,030 [d927e26c-8fe2-4137-bd03-4653fe67c688-server-thread1] INFO  ratis.XceiverServerRatis (XceiverServerRatis.java:handleLeaderChangedNotification(902)) - Leader change notification received for group: group-656AAD0BEA11 with new leaderId: c18b64c4-7b5c-4e0a-b26c-2daf5f5ffc53
2023-07-06 10:48:20,030 [d927e26c-8fe2-4137-bd03-4653fe67c688-server-thread1] INFO  server.RaftServer$Division (ServerState.java:setLeader(317)) - d927e26c-8fe2-4137-bd03-4653fe67c688@group-656AAD0BEA11: change Leader from null to c18b64c4-7b5c-4e0a-b26c-2daf5f5ffc53 at term 1 for appendEntries, leader elected after 5365ms
2023-07-06 10:48:20,030 [b02eaa79-f692-4c53-b57d-37cb88368c79-server-thread3] INFO  segmented.SegmentedRaftLogWorker (SegmentedRaftLogWorker.java:startLogSegment(447)) - b02eaa79-f692-4c53-b57d-37cb88368c79@group-656AAD0BEA11-SegmentedRaftLogWorker: Starting segment from index:0
2023-07-06 10:48:20,035 [b02eaa79-f692-4c53-b57d-37cb88368c79@group-656AAD0BEA11-SegmentedRaftLogWorker] INFO  segmented.SegmentedRaftLogWorker (SegmentedRaftLogWorker.java:execute(651)) - b02eaa79-f692-4c53-b57d-37cb88368c79@group-656AAD0BEA11-SegmentedRaftLogWorker: created new log segment /home/runner/work/ozone/ozone/hadoop-ozone/integration-test/target/test-dir/MiniOzoneClusterImpl-8ecce792-0b29-40a4-bcd2-9922915e3450/datanode-2/data/ratis/b3b9432e-b1ab-4d28-b8c7-656aad0bea11/current/log_inprogress_0
2023-07-06 10:48:20,044 [d927e26c-8fe2-4137-bd03-4653fe67c688-server-thread2] INFO  server.RaftServer$Division (ServerState.java:setRaftConf(434)) - d927e26c-8fe2-4137-bd03-4653fe67c688@group-656AAD0BEA11: set configuration 0: peers:[b02eaa79-f692-4c53-b57d-37cb88368c79|rpc:10.1.0.19:15032|admin:10.1.0.19:15031|client:10.1.0.19:15030|dataStream:10.1.0.19:15033|priority:0|startupRole:FOLLOWER, c18b64c4-7b5c-4e0a-b26c-2daf5f5ffc53|rpc:10.1.0.19:15014|admin:10.1.0.19:15013|client:10.1.0.19:15012|dataStream:10.1.0.19:15015|priority:1|startupRole:FOLLOWER, d927e26c-8fe2-4137-bd03-4653fe67c688|rpc:10.1.0.19:15023|admin:10.1.0.19:15022|client:10.1.0.19:15021|dataStream:10.1.0.19:15024|priority:0|startupRole:FOLLOWER]|listeners:[], old=null
2023-07-06 10:48:20,044 [d927e26c-8fe2-4137-bd03-4653fe67c688-server-thread2] INFO  segmented.SegmentedRaftLogWorker (SegmentedRaftLogWorker.java:startLogSegment(447)) - d927e26c-8fe2-4137-bd03-4653fe67c688@group-656AAD0BEA11-SegmentedRaftLogWorker: Starting segment from index:0
2023-07-06 10:48:20,046 [d927e26c-8fe2-4137-bd03-4653fe67c688@group-656AAD0BEA11-SegmentedRaftLogWorker] INFO  segmented.SegmentedRaftLogWorker (SegmentedRaftLogWorker.java:execute(651)) - d927e26c-8fe2-4137-bd03-4653fe67c688@group-656AAD0BEA11-SegmentedRaftLogWorker: created new log segment /home/runner/work/ozone/ozone/hadoop-ozone/integration-test/target/test-dir/MiniOzoneClusterImpl-8ecce792-0b29-40a4-bcd2-9922915e3450/datanode-1/data/ratis/b3b9432e-b1ab-4d28-b8c7-656aad0bea11/current/log_inprogress_0
2023-07-06 10:48:20,222 [d375daab-0aec-4ab2-a7ca-6760e990c046@group-0925DBA5EB13-FollowerState] INFO  impl.FollowerState (FollowerState.java:run(143)) - d375daab-0aec-4ab2-a7ca-6760e990c046@group-0925DBA5EB13-FollowerState: change to CANDIDATE, lastRpcElapsedTime:5158905262ns, electionTimeout:5131ms
2023-07-06 10:48:20,222 [d375daab-0aec-4ab2-a7ca-6760e990c046@group-0925DBA5EB13-FollowerState] INFO  impl.RoleInfo (RoleInfo.java:shutdownFollowerState(110)) - d375daab-0aec-4ab2-a7ca-6760e990c046: shutdown d375daab-0aec-4ab2-a7ca-6760e990c046@group-0925DBA5EB13-FollowerState
2023-07-06 10:48:20,223 [d375daab-0aec-4ab2-a7ca-6760e990c046@group-0925DBA5EB13-FollowerState] INFO  server.RaftServer$Division (RaftServerImpl.java:setRole(329)) - d375daab-0aec-4ab2-a7ca-6760e990c046@group-0925DBA5EB13: changes role from  FOLLOWER to CANDIDATE at term 0 for changeToCandidate
2023-07-06 10:48:20,223 [d375daab-0aec-4ab2-a7ca-6760e990c046@group-0925DBA5EB13-FollowerState] INFO  server.RaftServerConfigKeys (ConfUtils.java:logGet(46)) - raft.server.leaderelection.pre-vote = true (default)
2023-07-06 10:48:20,223 [d375daab-0aec-4ab2-a7ca-6760e990c046@group-0925DBA5EB13-FollowerState] INFO  impl.RoleInfo (RoleInfo.java:updateAndGet(139)) - d375daab-0aec-4ab2-a7ca-6760e990c046: start d375daab-0aec-4ab2-a7ca-6760e990c046@group-0925DBA5EB13-LeaderElection9
2023-07-06 10:48:20,225 [main] INFO  ozone.MiniOzoneClusterImpl (MiniOzoneClusterImpl.java:lambda$waitForClusterToBeReady$0(224)) - Nodes are ready. Got 10 of 10 DN Heartbeats.
2023-07-06 10:48:20,225 [main] INFO  ozone.MiniOzoneClusterImpl (MiniOzoneClusterImpl.java:lambda$waitForClusterToBeReady$0(227)) - Cluster exits safe mode
2023-07-06 10:48:20,225 [main] INFO  ozone.MiniOzoneClusterImpl (MiniOzoneClusterImpl.java:lambda$waitForClusterToBeReady$0(229)) - SCM became leader
2023-07-06 10:48:20,233 [5a53f96e-bd62-406a-bc4f-c3e0845cabf5@group-089AC4866917-FollowerState] INFO  impl.FollowerState (FollowerState.java:run(143)) - 5a53f96e-bd62-406a-bc4f-c3e0845cabf5@group-089AC4866917-FollowerState: change to CANDIDATE, lastRpcElapsedTime:5045012340ns, electionTimeout:5041ms
2023-07-06 10:48:20,233 [d375daab-0aec-4ab2-a7ca-6760e990c046@group-0925DBA5EB13-LeaderElection9] INFO  impl.LeaderElection (LeaderElection.java:askForVotes(321)) - d375daab-0aec-4ab2-a7ca-6760e990c046@group-0925DBA5EB13-LeaderElection9 PRE_VOTE round 0: submit vote requests at term 0 for -1: peers:[d375daab-0aec-4ab2-a7ca-6760e990c046|rpc:10.1.0.19:15041|admin:10.1.0.19:15040|client:10.1.0.19:15039|dataStream:10.1.0.19:15042|priority:1|startupRole:FOLLOWER]|listeners:[], old=null
2023-07-06 10:48:20,233 [d375daab-0aec-4ab2-a7ca-6760e990c046@group-0925DBA5EB13-LeaderElection9] INFO  impl.LeaderElection (LeaderElection.java:askForVotes(323)) - d375daab-0aec-4ab2-a7ca-6760e990c046@group-0925DBA5EB13-LeaderElection9 PRE_VOTE round 0: result PASSED (term=0)
2023-07-06 10:48:20,233 [5a53f96e-bd62-406a-bc4f-c3e0845cabf5@group-089AC4866917-FollowerState] INFO  impl.RoleInfo (RoleInfo.java:shutdownFollowerState(110)) - 5a53f96e-bd62-406a-bc4f-c3e0845cabf5: shutdown 5a53f96e-bd62-406a-bc4f-c3e0845cabf5@group-089AC4866917-FollowerState
2023-07-06 10:48:20,234 [5a53f96e-bd62-406a-bc4f-c3e0845cabf5@group-089AC4866917-FollowerState] INFO  server.RaftServer$Division (RaftServerImpl.java:setRole(329)) - 5a53f96e-bd62-406a-bc4f-c3e0845cabf5@group-089AC4866917: changes role from  FOLLOWER to CANDIDATE at term 0 for changeToCandidate
2023-07-06 10:48:20,234 [5a53f96e-bd62-406a-bc4f-c3e0845cabf5@group-089AC4866917-FollowerState] INFO  server.RaftServerConfigKeys (ConfUtils.java:logGet(46)) - raft.server.leaderelection.pre-vote = true (default)
2023-07-06 10:48:20,234 [5a53f96e-bd62-406a-bc4f-c3e0845cabf5@group-089AC4866917-FollowerState] INFO  impl.RoleInfo (RoleInfo.java:updateAndGet(139)) - 5a53f96e-bd62-406a-bc4f-c3e0845cabf5: start 5a53f96e-bd62-406a-bc4f-c3e0845cabf5@group-089AC4866917-LeaderElection10
2023-07-06 10:48:20,243 [5a53f96e-bd62-406a-bc4f-c3e0845cabf5@group-089AC4866917-LeaderElection10] INFO  impl.LeaderElection (LeaderElection.java:askForVotes(321)) - 5a53f96e-bd62-406a-bc4f-c3e0845cabf5@group-089AC4866917-LeaderElection10 PRE_VOTE round 0: submit vote requests at term 0 for -1: peers:[5a53f96e-bd62-406a-bc4f-c3e0845cabf5|rpc:10.1.0.19:15059|admin:10.1.0.19:15058|client:10.1.0.19:15057|dataStream:10.1.0.19:15060|priority:1|startupRole:FOLLOWER, 5390630e-efcd-4aa9-9191-8580c5ddb99b|rpc:10.1.0.19:15050|admin:10.1.0.19:15049|client:10.1.0.19:15048|dataStream:10.1.0.19:15051|priority:0|startupRole:FOLLOWER, d375daab-0aec-4ab2-a7ca-6760e990c046|rpc:10.1.0.19:15041|admin:10.1.0.19:15040|client:10.1.0.19:15039|dataStream:10.1.0.19:15042|priority:0|startupRole:FOLLOWER]|listeners:[], old=null
2023-07-06 10:48:20,244 [d375daab-0aec-4ab2-a7ca-6760e990c046@group-0925DBA5EB13-LeaderElection9] INFO  impl.LeaderElection (LeaderElection.java:askForVotes(321)) - d375daab-0aec-4ab2-a7ca-6760e990c046@group-0925DBA5EB13-LeaderElection9 ELECTION round 0: submit vote requests at term 1 for -1: peers:[d375daab-0aec-4ab2-a7ca-6760e990c046|rpc:10.1.0.19:15041|admin:10.1.0.19:15040|client:10.1.0.19:15039|dataStream:10.1.0.19:15042|priority:1|startupRole:FOLLOWER]|listeners:[], old=null
2023-07-06 10:48:20,244 [d375daab-0aec-4ab2-a7ca-6760e990c046@group-0925DBA5EB13-LeaderElection9] INFO  impl.LeaderElection (LeaderElection.java:askForVotes(323)) - d375daab-0aec-4ab2-a7ca-6760e990c046@group-0925DBA5EB13-LeaderElection9 ELECTION round 0: result PASSED (term=1)
2023-07-06 10:48:20,244 [d375daab-0aec-4ab2-a7ca-6760e990c046@group-0925DBA5EB13-LeaderElection9] INFO  impl.RoleInfo (RoleInfo.java:shutdownLeaderElection(130)) - d375daab-0aec-4ab2-a7ca-6760e990c046: shutdown d375daab-0aec-4ab2-a7ca-6760e990c046@group-0925DBA5EB13-LeaderElection9
2023-07-06 10:48:20,244 [d375daab-0aec-4ab2-a7ca-6760e990c046@group-0925DBA5EB13-LeaderElection9] INFO  server.RaftServer$Division (RaftServerImpl.java:setRole(329)) - d375daab-0aec-4ab2-a7ca-6760e990c046@group-0925DBA5EB13: changes role from CANDIDATE to LEADER at term 1 for changeToLeader
2023-07-06 10:48:20,244 [d375daab-0aec-4ab2-a7ca-6760e990c046@group-0925DBA5EB13-LeaderElection9] INFO  ratis.XceiverServerRatis (XceiverServerRatis.java:handleLeaderChangedNotification(902)) - Leader change notification received for group: group-0925DBA5EB13 with new leaderId: d375daab-0aec-4ab2-a7ca-6760e990c046
2023-07-06 10:48:20,248 [d375daab-0aec-4ab2-a7ca-6760e990c046@group-0925DBA5EB13-LeaderElection9] INFO  server.RaftServer$Division (ServerState.java:setLeader(317)) - d375daab-0aec-4ab2-a7ca-6760e990c046@group-0925DBA5EB13: change Leader from null to d375daab-0aec-4ab2-a7ca-6760e990c046 at term 1 for becomeLeader, leader elected after 5220ms
2023-07-06 10:48:20,248 [d375daab-0aec-4ab2-a7ca-6760e990c046@group-0925DBA5EB13-LeaderElection9] INFO  server.RaftServerConfigKeys (ConfUtils.java:logGet(46)) - raft.server.staging.catchup.gap = 1000 (default)
2023-07-06 10:48:20,248 [d375daab-0aec-4ab2-a7ca-6760e990c046@group-0925DBA5EB13-LeaderElection9] INFO  server.RaftServerConfigKeys (ConfUtils.java:logGet(46)) - raft.server.write.element-limit = 1024 (custom)
2023-07-06 10:48:20,248 [d375daab-0aec-4ab2-a7ca-6760e990c046@group-0925DBA5EB13-LeaderElection9] INFO  server.RaftServerConfigKeys (ConfUtils.java:logGet(46)) - raft.server.write.byte-limit = 1024 M (=1073741824) (custom)
2023-07-06 10:48:20,249 [d375daab-0aec-4ab2-a7ca-6760e990c046@group-0925DBA5EB13-LeaderElection9] INFO  server.RaftServerConfigKeys (ConfUtils.java:logGet(46)) - raft.server.watch.timeout = 180s (custom)
2023-07-06 10:48:20,249 [d375daab-0aec-4ab2-a7ca-6760e990c046@group-0925DBA5EB13-LeaderElection9] INFO  server.RaftServerConfigKeys (ConfUtils.java:logGet(46)) - raft.server.watch.timeout.denomination = 1s (default)
2023-07-06 10:48:20,249 [d375daab-0aec-4ab2-a7ca-6760e990c046@group-0925DBA5EB13-LeaderElection9] INFO  server.RaftServerConfigKeys (ConfUtils.java:logGet(46)) - raft.server.watch.element-limit = 65536 (default)
2023-07-06 10:48:20,249 [d375daab-0aec-4ab2-a7ca-6760e990c046@group-0925DBA5EB13-LeaderElection9] INFO  server.RaftServerConfigKeys (ConfUtils.java:logGet(46)) - raft.server.write.element-limit = 1024 (custom)
2023-07-06 10:48:20,249 [d375daab-0aec-4ab2-a7ca-6760e990c046@group-0925DBA5EB13-LeaderElection9] INFO  server.RaftServerConfigKeys (ConfUtils.java:logGet(46)) - raft.server.write.follower.gap.ratio.max = -1.0 (default)
2023-07-06 10:48:20,249 [d375daab-0aec-4ab2-a7ca-6760e990c046@group-0925DBA5EB13-LeaderElection9] INFO  impl.RoleInfo (RoleInfo.java:updateAndGet(139)) - d375daab-0aec-4ab2-a7ca-6760e990c046: start d375daab-0aec-4ab2-a7ca-6760e990c046@group-0925DBA5EB13-LeaderStateImpl
2023-07-06 10:48:20,250 [d375daab-0aec-4ab2-a7ca-6760e990c046@group-0925DBA5EB13-LeaderElection9] INFO  segmented.SegmentedRaftLogWorker (SegmentedRaftLogWorker.java:startLogSegment(447)) - d375daab-0aec-4ab2-a7ca-6760e990c046@group-0925DBA5EB13-SegmentedRaftLogWorker: Starting segment from index:0
2023-07-06 10:48:20,251 [d375daab-0aec-4ab2-a7ca-6760e990c046@group-0925DBA5EB13-SegmentedRaftLogWorker] INFO  segmented.SegmentedRaftLogWorker (SegmentedRaftLogWorker.java:execute(651)) - d375daab-0aec-4ab2-a7ca-6760e990c046@group-0925DBA5EB13-SegmentedRaftLogWorker: created new log segment /home/runner/work/ozone/ozone/hadoop-ozone/integration-test/target/test-dir/MiniOzoneClusterImpl-8ecce792-0b29-40a4-bcd2-9922915e3450/datanode-3/data/ratis/76dc61de-e2b7-45d8-a9e3-0925dba5eb13/current/log_inprogress_0
2023-07-06 10:48:20,252 [5a53f96e-bd62-406a-bc4f-c3e0845cabf5@group-089AC4866917-LeaderElection10-1] INFO  server.GrpcServerProtocolClient (GrpcServerProtocolClient.java:<init>(65)) - Build channel for 5390630e-efcd-4aa9-9191-8580c5ddb99b
2023-07-06 10:48:20,257 [5a53f96e-bd62-406a-bc4f-c3e0845cabf5@group-089AC4866917-LeaderElection10] INFO  server.RaftServerConfigKeys (ConfUtils.java:logFallback(53)) - raft.server.rpc.first-election.timeout.min = 5s (fallback to raft.server.rpc.timeout.min)
2023-07-06 10:48:20,257 [5a53f96e-bd62-406a-bc4f-c3e0845cabf5@group-089AC4866917-LeaderElection10] INFO  server.RaftServerConfigKeys (ConfUtils.java:logFallback(53)) - raft.server.rpc.first-election.timeout.max = 5200ms (fallback to raft.server.rpc.timeout.max)
2023-07-06 10:48:20,260 [d375daab-0aec-4ab2-a7ca-6760e990c046@group-0925DBA5EB13-LeaderElection9] INFO  server.RaftServer$Division (ServerState.java:setRaftConf(434)) - d375daab-0aec-4ab2-a7ca-6760e990c046@group-0925DBA5EB13: set configuration 0: peers:[d375daab-0aec-4ab2-a7ca-6760e990c046|rpc:10.1.0.19:15041|admin:10.1.0.19:15040|client:10.1.0.19:15039|dataStream:10.1.0.19:15042|priority:1|startupRole:FOLLOWER]|listeners:[], old=null
2023-07-06 10:48:20,261 [5a53f96e-bd62-406a-bc4f-c3e0845cabf5@group-089AC4866917-LeaderElection10-2] INFO  server.GrpcServerProtocolClient (GrpcServerProtocolClient.java:<init>(65)) - Build channel for d375daab-0aec-4ab2-a7ca-6760e990c046
2023-07-06 10:48:20,283 [grpc-default-executor-3] INFO  server.RaftServer$Division (RaftServerImpl.java:requestVote(1302)) - d375daab-0aec-4ab2-a7ca-6760e990c046@group-089AC4866917: receive requestVote(PRE_VOTE, 5a53f96e-bd62-406a-bc4f-c3e0845cabf5, group-089AC4866917, 0, (t:0, i:0))
2023-07-06 10:48:20,283 [grpc-default-executor-3] INFO  impl.VoteContext (VoteContext.java:log(49)) - d375daab-0aec-4ab2-a7ca-6760e990c046@group-089AC4866917-FOLLOWER: accept PRE_VOTE from 5a53f96e-bd62-406a-bc4f-c3e0845cabf5: our priority 0 <= candidate's priority 1
2023-07-06 10:48:20,283 [grpc-default-executor-3] INFO  server.RaftServer$Division (RaftServerImpl.java:requestVote(1335)) - d375daab-0aec-4ab2-a7ca-6760e990c046@group-089AC4866917 replies to PRE_VOTE vote request: 5a53f96e-bd62-406a-bc4f-c3e0845cabf5<-d375daab-0aec-4ab2-a7ca-6760e990c046#0:OK-t0. Peer's state: d375daab-0aec-4ab2-a7ca-6760e990c046@group-089AC4866917:t0, leader=null, voted=, raftlog=Memoized:d375daab-0aec-4ab2-a7ca-6760e990c046@group-089AC4866917-SegmentedRaftLog:OPENED:c-1, conf=-1: peers:[5a53f96e-bd62-406a-bc4f-c3e0845cabf5|rpc:10.1.0.19:15059|admin:10.1.0.19:15058|client:10.1.0.19:15057|dataStream:10.1.0.19:15060|priority:1|startupRole:FOLLOWER, 5390630e-efcd-4aa9-9191-8580c5ddb99b|rpc:10.1.0.19:15050|admin:10.1.0.19:15049|client:10.1.0.19:15048|dataStream:10.1.0.19:15051|priority:0|startupRole:FOLLOWER, d375daab-0aec-4ab2-a7ca-6760e990c046|rpc:10.1.0.19:15041|admin:10.1.0.19:15040|client:10.1.0.19:15039|dataStream:10.1.0.19:15042|priority:0|startupRole:FOLLOWER]|listeners:[], old=null
2023-07-06 10:48:20,285 [grpc-default-executor-3] INFO  server.RaftServer$Division (RaftServerImpl.java:requestVote(1302)) - 5390630e-efcd-4aa9-9191-8580c5ddb99b@group-089AC4866917: receive requestVote(PRE_VOTE, 5a53f96e-bd62-406a-bc4f-c3e0845cabf5, group-089AC4866917, 0, (t:0, i:0))
2023-07-06 10:48:20,286 [grpc-default-executor-3] INFO  impl.VoteContext (VoteContext.java:log(49)) - 5390630e-efcd-4aa9-9191-8580c5ddb99b@group-089AC4866917-FOLLOWER: accept PRE_VOTE from 5a53f96e-bd62-406a-bc4f-c3e0845cabf5: our priority 0 <= candidate's priority 1
2023-07-06 10:48:20,286 [grpc-default-executor-3] INFO  server.RaftServer$Division (RaftServerImpl.java:requestVote(1335)) - 5390630e-efcd-4aa9-9191-8580c5ddb99b@group-089AC4866917 replies to PRE_VOTE vote request: 5a53f96e-bd62-406a-bc4f-c3e0845cabf5<-5390630e-efcd-4aa9-9191-8580c5ddb99b#0:OK-t0. Peer's state: 5390630e-efcd-4aa9-9191-8580c5ddb99b@group-089AC4866917:t0, leader=null, voted=, raftlog=Memoized:5390630e-efcd-4aa9-9191-8580c5ddb99b@group-089AC4866917-SegmentedRaftLog:OPENED:c-1, conf=-1: peers:[5a53f96e-bd62-406a-bc4f-c3e0845cabf5|rpc:10.1.0.19:15059|admin:10.1.0.19:15058|client:10.1.0.19:15057|dataStream:10.1.0.19:15060|priority:1|startupRole:FOLLOWER, 5390630e-efcd-4aa9-9191-8580c5ddb99b|rpc:10.1.0.19:15050|admin:10.1.0.19:15049|client:10.1.0.19:15048|dataStream:10.1.0.19:15051|priority:0|startupRole:FOLLOWER, d375daab-0aec-4ab2-a7ca-6760e990c046|rpc:10.1.0.19:15041|admin:10.1.0.19:15040|client:10.1.0.19:15039|dataStream:10.1.0.19:15042|priority:0|startupRole:FOLLOWER]|listeners:[], old=null
2023-07-06 10:48:20,291 [5a53f96e-bd62-406a-bc4f-c3e0845cabf5@group-089AC4866917-LeaderElection10] INFO  impl.LeaderElection (LeaderElection.java:logAndReturn(90)) - 5a53f96e-bd62-406a-bc4f-c3e0845cabf5@group-089AC4866917-LeaderElection10: PRE_VOTE PASSED received 1 response(s) and 0 exception(s):
2023-07-06 10:48:20,292 [5a53f96e-bd62-406a-bc4f-c3e0845cabf5@group-089AC4866917-LeaderElection10] INFO  impl.LeaderElection (LeaderElection.java:logAndReturn(94)) -   Response 0: 5a53f96e-bd62-406a-bc4f-c3e0845cabf5<-d375daab-0aec-4ab2-a7ca-6760e990c046#0:OK-t0
2023-07-06 10:48:20,292 [5a53f96e-bd62-406a-bc4f-c3e0845cabf5@group-089AC4866917-LeaderElection10] INFO  impl.LeaderElection (LeaderElection.java:askForVotes(323)) - 5a53f96e-bd62-406a-bc4f-c3e0845cabf5@group-089AC4866917-LeaderElection10 PRE_VOTE round 0: result PASSED
2023-07-06 10:48:20,295 [5a53f96e-bd62-406a-bc4f-c3e0845cabf5@group-089AC4866917-LeaderElection10] INFO  impl.LeaderElection (LeaderElection.java:askForVotes(321)) - 5a53f96e-bd62-406a-bc4f-c3e0845cabf5@group-089AC4866917-LeaderElection10 ELECTION round 0: submit vote requests at term 1 for -1: peers:[5a53f96e-bd62-406a-bc4f-c3e0845cabf5|rpc:10.1.0.19:15059|admin:10.1.0.19:15058|client:10.1.0.19:15057|dataStream:10.1.0.19:15060|priority:1|startupRole:FOLLOWER, 5390630e-efcd-4aa9-9191-8580c5ddb99b|rpc:10.1.0.19:15050|admin:10.1.0.19:15049|client:10.1.0.19:15048|dataStream:10.1.0.19:15051|priority:0|startupRole:FOLLOWER, d375daab-0aec-4ab2-a7ca-6760e990c046|rpc:10.1.0.19:15041|admin:10.1.0.19:15040|client:10.1.0.19:15039|dataStream:10.1.0.19:15042|priority:0|startupRole:FOLLOWER]|listeners:[], old=null
2023-07-06 10:48:20,302 [5a53f96e-bd62-406a-bc4f-c3e0845cabf5@group-089AC4866917-LeaderElection10] INFO  server.RaftServerConfigKeys (ConfUtils.java:logFallback(53)) - raft.server.rpc.first-election.timeout.min = 5s (fallback to raft.server.rpc.timeout.min)
2023-07-06 10:48:20,302 [5a53f96e-bd62-406a-bc4f-c3e0845cabf5@group-089AC4866917-LeaderElection10] INFO  server.RaftServerConfigKeys (ConfUtils.java:logFallback(53)) - raft.server.rpc.first-election.timeout.max = 5200ms (fallback to raft.server.rpc.timeout.max)
2023-07-06 10:48:20,304 [grpc-default-executor-3] INFO  server.RaftServer$Division (RaftServerImpl.java:requestVote(1302)) - 5390630e-efcd-4aa9-9191-8580c5ddb99b@group-089AC4866917: receive requestVote(ELECTION, 5a53f96e-bd62-406a-bc4f-c3e0845cabf5, group-089AC4866917, 1, (t:0, i:0))
2023-07-06 10:48:20,304 [grpc-default-executor-3] INFO  impl.VoteContext (VoteContext.java:log(49)) - 5390630e-efcd-4aa9-9191-8580c5ddb99b@group-089AC4866917-FOLLOWER: accept ELECTION from 5a53f96e-bd62-406a-bc4f-c3e0845cabf5: our priority 0 <= candidate's priority 1
2023-07-06 10:48:20,304 [grpc-default-executor-3] INFO  server.RaftServer$Division (RaftServerImpl.java:setRole(329)) - 5390630e-efcd-4aa9-9191-8580c5ddb99b@group-089AC4866917: changes role from  FOLLOWER to FOLLOWER at term 1 for candidate:5a53f96e-bd62-406a-bc4f-c3e0845cabf5
2023-07-06 10:48:20,304 [grpc-default-executor-3] INFO  impl.RoleInfo (RoleInfo.java:shutdownFollowerState(110)) - 5390630e-efcd-4aa9-9191-8580c5ddb99b: shutdown 5390630e-efcd-4aa9-9191-8580c5ddb99b@group-089AC4866917-FollowerState
2023-07-06 10:48:20,304 [grpc-default-executor-3] INFO  impl.RoleInfo (RoleInfo.java:updateAndGet(139)) - 5390630e-efcd-4aa9-9191-8580c5ddb99b: start 5390630e-efcd-4aa9-9191-8580c5ddb99b@group-089AC4866917-FollowerState
2023-07-06 10:48:20,304 [5390630e-efcd-4aa9-9191-8580c5ddb99b@group-089AC4866917-FollowerState] INFO  impl.FollowerState (FollowerState.java:run(152)) - 5390630e-efcd-4aa9-9191-8580c5ddb99b@group-089AC4866917-FollowerState was interrupted
2023-07-06 10:48:20,327 [grpc-default-executor-3] INFO  server.RaftServer$Division (RaftServerImpl.java:requestVote(1335)) - 5390630e-efcd-4aa9-9191-8580c5ddb99b@group-089AC4866917 replies to ELECTION vote request: 5a53f96e-bd62-406a-bc4f-c3e0845cabf5<-5390630e-efcd-4aa9-9191-8580c5ddb99b#0:OK-t1. Peer's state: 5390630e-efcd-4aa9-9191-8580c5ddb99b@group-089AC4866917:t1, leader=null, voted=5a53f96e-bd62-406a-bc4f-c3e0845cabf5, raftlog=Memoized:5390630e-efcd-4aa9-9191-8580c5ddb99b@group-089AC4866917-SegmentedRaftLog:OPENED:c-1, conf=-1: peers:[5a53f96e-bd62-406a-bc4f-c3e0845cabf5|rpc:10.1.0.19:15059|admin:10.1.0.19:15058|client:10.1.0.19:15057|dataStream:10.1.0.19:15060|priority:1|startupRole:FOLLOWER, 5390630e-efcd-4aa9-9191-8580c5ddb99b|rpc:10.1.0.19:15050|admin:10.1.0.19:15049|client:10.1.0.19:15048|dataStream:10.1.0.19:15051|priority:0|startupRole:FOLLOWER, d375daab-0aec-4ab2-a7ca-6760e990c046|rpc:10.1.0.19:15041|admin:10.1.0.19:15040|client:10.1.0.19:15039|dataStream:10.1.0.19:15042|priority:0|startupRole:FOLLOWER]|listeners:[], old=null
2023-07-06 10:48:20,329 [5a53f96e-bd62-406a-bc4f-c3e0845cabf5@group-089AC4866917-LeaderElection10] INFO  impl.LeaderElection (LeaderElection.java:logAndReturn(90)) - 5a53f96e-bd62-406a-bc4f-c3e0845cabf5@group-089AC4866917-LeaderElection10: ELECTION PASSED received 1 response(s) and 0 exception(s):
2023-07-06 10:48:20,329 [5a53f96e-bd62-406a-bc4f-c3e0845cabf5@group-089AC4866917-LeaderElection10] INFO  impl.LeaderElection (LeaderElection.java:logAndReturn(94)) -   Response 0: 5a53f96e-bd62-406a-bc4f-c3e0845cabf5<-5390630e-efcd-4aa9-9191-8580c5ddb99b#0:OK-t1
2023-07-06 10:48:20,330 [5a53f96e-bd62-406a-bc4f-c3e0845cabf5@group-089AC4866917-LeaderElection10] INFO  impl.LeaderElection (LeaderElection.java:askForVotes(323)) - 5a53f96e-bd62-406a-bc4f-c3e0845cabf5@group-089AC4866917-LeaderElection10 ELECTION round 0: result PASSED
2023-07-06 10:48:20,330 [5a53f96e-bd62-406a-bc4f-c3e0845cabf5@group-089AC4866917-LeaderElection10] INFO  impl.RoleInfo (RoleInfo.java:shutdownLeaderElection(130)) - 5a53f96e-bd62-406a-bc4f-c3e0845cabf5: shutdown 5a53f96e-bd62-406a-bc4f-c3e0845cabf5@group-089AC4866917-LeaderElection10
2023-07-06 10:48:20,330 [5a53f96e-bd62-406a-bc4f-c3e0845cabf5@group-089AC4866917-LeaderElection10] INFO  server.RaftServer$Division (RaftServerImpl.java:setRole(329)) - 5a53f96e-bd62-406a-bc4f-c3e0845cabf5@group-089AC4866917: changes role from CANDIDATE to LEADER at term 1 for changeToLeader
2023-07-06 10:48:20,330 [5a53f96e-bd62-406a-bc4f-c3e0845cabf5@group-089AC4866917-LeaderElection10] INFO  ratis.XceiverServerRatis (XceiverServerRatis.java:handleLeaderChangedNotification(902)) - Leader change notification received for group: group-089AC4866917 with new leaderId: 5a53f96e-bd62-406a-bc4f-c3e0845cabf5
2023-07-06 10:48:20,330 [5a53f96e-bd62-406a-bc4f-c3e0845cabf5@group-089AC4866917-LeaderElection10] INFO  server.RaftServer$Division (ServerState.java:setLeader(317)) - 5a53f96e-bd62-406a-bc4f-c3e0845cabf5@group-089AC4866917: change Leader from null to 5a53f96e-bd62-406a-bc4f-c3e0845cabf5 at term 1 for becomeLeader, leader elected after 5174ms
2023-07-06 10:48:20,330 [5a53f96e-bd62-406a-bc4f-c3e0845cabf5@group-089AC4866917-LeaderElection10] INFO  server.RaftServerConfigKeys (ConfUtils.java:logGet(46)) - raft.server.staging.catchup.gap = 1000 (default)
2023-07-06 10:48:20,331 [d375daab-0aec-4ab2-a7ca-6760e990c046@group-089AC4866917-FollowerState] INFO  server.RaftServerConfigKeys (ConfUtils.java:logFallback(53)) - raft.server.rpc.first-election.timeout.min = 5s (fallback to raft.server.rpc.timeout.min)
2023-07-06 10:48:20,331 [d375daab-0aec-4ab2-a7ca-6760e990c046@group-089AC4866917-FollowerState] INFO  server.RaftServerConfigKeys (ConfUtils.java:logFallback(53)) - raft.server.rpc.first-election.timeout.max = 5200ms (fallback to raft.server.rpc.timeout.max)
2023-07-06 10:48:20,332 [grpc-default-executor-3] INFO  server.RaftServer$Division (RaftServerImpl.java:requestVote(1302)) - d375daab-0aec-4ab2-a7ca-6760e990c046@group-089AC4866917: receive requestVote(ELECTION, 5a53f96e-bd62-406a-bc4f-c3e0845cabf5, group-089AC4866917, 1, (t:0, i:0))
2023-07-06 10:48:20,332 [grpc-default-executor-3] INFO  impl.VoteContext (VoteContext.java:log(49)) - d375daab-0aec-4ab2-a7ca-6760e990c046@group-089AC4866917-FOLLOWER: accept ELECTION from 5a53f96e-bd62-406a-bc4f-c3e0845cabf5: our priority 0 <= candidate's priority 1
2023-07-06 10:48:20,332 [grpc-default-executor-3] INFO  server.RaftServer$Division (RaftServerImpl.java:setRole(329)) - d375daab-0aec-4ab2-a7ca-6760e990c046@group-089AC4866917: changes role from  FOLLOWER to FOLLOWER at term 1 for candidate:5a53f96e-bd62-406a-bc4f-c3e0845cabf5
2023-07-06 10:48:20,332 [5a53f96e-bd62-406a-bc4f-c3e0845cabf5@group-089AC4866917-LeaderElection10] INFO  server.RaftServerConfigKeys (ConfUtils.java:logGet(46)) - raft.server.write.element-limit = 1024 (custom)
2023-07-06 10:48:20,332 [grpc-default-executor-3] INFO  impl.RoleInfo (RoleInfo.java:shutdownFollowerState(110)) - d375daab-0aec-4ab2-a7ca-6760e990c046: shutdown d375daab-0aec-4ab2-a7ca-6760e990c046@group-089AC4866917-FollowerState
2023-07-06 10:48:20,332 [5a53f96e-bd62-406a-bc4f-c3e0845cabf5@group-089AC4866917-LeaderElection10] INFO  server.RaftServerConfigKeys (ConfUtils.java:logGet(46)) - raft.server.write.byte-limit = 1024 M (=1073741824) (custom)
2023-07-06 10:48:20,332 [grpc-default-executor-3] INFO  impl.RoleInfo (RoleInfo.java:updateAndGet(139)) - d375daab-0aec-4ab2-a7ca-6760e990c046: start d375daab-0aec-4ab2-a7ca-6760e990c046@group-089AC4866917-FollowerState
2023-07-06 10:48:20,332 [5a53f96e-bd62-406a-bc4f-c3e0845cabf5@group-089AC4866917-LeaderElection10] INFO  server.RaftServerConfigKeys (ConfUtils.java:logGet(46)) - raft.server.watch.timeout = 180s (custom)
2023-07-06 10:48:20,332 [5a53f96e-bd62-406a-bc4f-c3e0845cabf5@group-089AC4866917-LeaderElection10] INFO  server.RaftServerConfigKeys (ConfUtils.java:logGet(46)) - raft.server.watch.timeout.denomination = 1s (default)
2023-07-06 10:48:20,332 [5a53f96e-bd62-406a-bc4f-c3e0845cabf5@group-089AC4866917-LeaderElection10] INFO  server.RaftServerConfigKeys (ConfUtils.java:logGet(46)) - raft.server.watch.element-limit = 65536 (default)
2023-07-06 10:48:20,332 [5a53f96e-bd62-406a-bc4f-c3e0845cabf5@group-089AC4866917-LeaderElection10] INFO  server.RaftServerConfigKeys (ConfUtils.java:logGet(46)) - raft.server.write.element-limit = 1024 (custom)
2023-07-06 10:48:20,333 [5a53f96e-bd62-406a-bc4f-c3e0845cabf5@group-089AC4866917-LeaderElection10] INFO  server.RaftServerConfigKeys (ConfUtils.java:logGet(46)) - raft.server.write.follower.gap.ratio.max = -1.0 (default)
2023-07-06 10:48:20,333 [d375daab-0aec-4ab2-a7ca-6760e990c046@group-089AC4866917-FollowerState] INFO  impl.FollowerState (FollowerState.java:run(152)) - d375daab-0aec-4ab2-a7ca-6760e990c046@group-089AC4866917-FollowerState was interrupted
2023-07-06 10:48:20,334 [5a53f96e-bd62-406a-bc4f-c3e0845cabf5@group-089AC4866917-LeaderElection10] INFO  server.RaftServerConfigKeys (ConfUtils.java:logGet(46)) - raft.server.log.appender.snapshot.chunk.size.max = 16MB (=16777216) (default)
2023-07-06 10:48:20,334 [5a53f96e-bd62-406a-bc4f-c3e0845cabf5@group-089AC4866917-LeaderElection10] INFO  server.RaftServerConfigKeys (ConfUtils.java:logGet(46)) - raft.server.log.appender.buffer.byte-limit = 33554432 (custom)
2023-07-06 10:48:20,334 [5a53f96e-bd62-406a-bc4f-c3e0845cabf5@group-089AC4866917-LeaderElection10] INFO  server.RaftServerConfigKeys (ConfUtils.java:logGet(46)) - raft.server.log.appender.buffer.element-limit = 1 (custom)
2023-07-06 10:48:20,335 [EventQueue-PipelineReportForPipelineReportHandler] INFO  pipeline.PipelineReportHandler (PipelineReportHandler.java:processPipelineReport(136)) - Opened pipeline PipelineID=dc24a491-9a19-4a73-b0d6-089ac4866917
2023-07-06 10:48:20,336 [5a53f96e-bd62-406a-bc4f-c3e0845cabf5@group-089AC4866917-LeaderElection10] INFO  server.RaftServerConfigKeys (ConfUtils.java:logGet(46)) - raft.server.log.appender.wait-time.min = 10ms (default)
2023-07-06 10:48:20,336 [5a53f96e-bd62-406a-bc4f-c3e0845cabf5@group-089AC4866917-LeaderElection10] INFO  grpc.GrpcConfigKeys (ConfUtils.java:logGet(46)) - raft.grpc.server.leader.outstanding.appends.max = 128 (default)
2023-07-06 10:48:20,336 [5a53f96e-bd62-406a-bc4f-c3e0845cabf5@group-089AC4866917-LeaderElection10] INFO  server.RaftServerConfigKeys (ConfUtils.java:logGet(46)) - raft.server.rpc.request.timeout = 60s (custom)
2023-07-06 10:48:20,336 [5a53f96e-bd62-406a-bc4f-c3e0845cabf5@group-089AC4866917-LeaderElection10] INFO  grpc.GrpcConfigKeys (ConfUtils.java:logGet(46)) - raft.grpc.server.install_snapshot.request.element-limit = 8 (default)
2023-07-06 10:48:20,336 [5a53f96e-bd62-406a-bc4f-c3e0845cabf5@group-089AC4866917-LeaderElection10] INFO  grpc.GrpcConfigKeys (ConfUtils.java:logGet(46)) - raft.grpc.server.install_snapshot.request.timeout = 3000ms (default)
2023-07-06 10:48:20,336 [5a53f96e-bd62-406a-bc4f-c3e0845cabf5@group-089AC4866917-LeaderElection10] INFO  server.RaftServerConfigKeys (ConfUtils.java:logGet(46)) - raft.server.log.appender.install.snapshot.enabled = false (custom)
2023-07-06 10:48:20,336 [5a53f96e-bd62-406a-bc4f-c3e0845cabf5@group-089AC4866917-LeaderElection10] INFO  grpc.GrpcConfigKeys (ConfUtils.java:logGet(46)) - raft.grpc.server.heartbeat.channel = true (default)
2023-07-06 10:48:20,345 [5a53f96e-bd62-406a-bc4f-c3e0845cabf5@group-089AC4866917-LeaderElection10] INFO  server.RaftServerConfigKeys (ConfUtils.java:logGet(46)) - raft.server.log.appender.snapshot.chunk.size.max = 16MB (=16777216) (default)
2023-07-06 10:48:20,345 [5a53f96e-bd62-406a-bc4f-c3e0845cabf5@group-089AC4866917-LeaderElection10] INFO  server.RaftServerConfigKeys (ConfUtils.java:logGet(46)) - raft.server.log.appender.buffer.byte-limit = 33554432 (custom)
2023-07-06 10:48:20,345 [5a53f96e-bd62-406a-bc4f-c3e0845cabf5@group-089AC4866917-LeaderElection10] INFO  server.RaftServerConfigKeys (ConfUtils.java:logGet(46)) - raft.server.log.appender.buffer.element-limit = 1 (custom)
2023-07-06 10:48:20,345 [5a53f96e-bd62-406a-bc4f-c3e0845cabf5@group-089AC4866917-LeaderElection10] INFO  server.RaftServerConfigKeys (ConfUtils.java:logGet(46)) - raft.server.log.appender.wait-time.min = 10ms (default)
2023-07-06 10:48:20,346 [5a53f96e-bd62-406a-bc4f-c3e0845cabf5@group-089AC4866917-LeaderElection10] INFO  grpc.GrpcConfigKeys (ConfUtils.java:logGet(46)) - raft.grpc.server.leader.outstanding.appends.max = 128 (default)
2023-07-06 10:48:20,346 [5a53f96e-bd62-406a-bc4f-c3e0845cabf5@group-089AC4866917-LeaderElection10] INFO  server.RaftServerConfigKeys (ConfUtils.java:logGet(46)) - raft.server.rpc.request.timeout = 60s (custom)
2023-07-06 10:48:20,346 [5a53f96e-bd62-406a-bc4f-c3e0845cabf5@group-089AC4866917-LeaderElection10] INFO  grpc.GrpcConfigKeys (ConfUtils.java:logGet(46)) - raft.grpc.server.install_snapshot.request.element-limit = 8 (default)
2023-07-06 10:48:20,346 [5a53f96e-bd62-406a-bc4f-c3e0845cabf5@group-089AC4866917-LeaderElection10] INFO  grpc.GrpcConfigKeys (ConfUtils.java:logGet(46)) - raft.grpc.server.install_snapshot.request.timeout = 3000ms (default)
2023-07-06 10:48:20,346 [5a53f96e-bd62-406a-bc4f-c3e0845cabf5@group-089AC4866917-LeaderElection10] INFO  server.RaftServerConfigKeys (ConfUtils.java:logGet(46)) - raft.server.log.appender.install.snapshot.enabled = false (custom)
2023-07-06 10:48:20,346 [5a53f96e-bd62-406a-bc4f-c3e0845cabf5@group-089AC4866917-LeaderElection10] INFO  grpc.GrpcConfigKeys (ConfUtils.java:logGet(46)) - raft.grpc.server.heartbeat.channel = true (default)
2023-07-06 10:48:20,346 [5a53f96e-bd62-406a-bc4f-c3e0845cabf5@group-089AC4866917-LeaderElection10] INFO  impl.RoleInfo (RoleInfo.java:updateAndGet(139)) - 5a53f96e-bd62-406a-bc4f-c3e0845cabf5: start 5a53f96e-bd62-406a-bc4f-c3e0845cabf5@group-089AC4866917-LeaderStateImpl
2023-07-06 10:48:20,346 [5a53f96e-bd62-406a-bc4f-c3e0845cabf5@group-089AC4866917-LeaderElection10] INFO  segmented.SegmentedRaftLogWorker (SegmentedRaftLogWorker.java:startLogSegment(447)) - 5a53f96e-bd62-406a-bc4f-c3e0845cabf5@group-089AC4866917-SegmentedRaftLogWorker: Starting segment from index:0
2023-07-06 10:48:20,348 [5a53f96e-bd62-406a-bc4f-c3e0845cabf5@group-089AC4866917-SegmentedRaftLogWorker] INFO  segmented.SegmentedRaftLogWorker (SegmentedRaftLogWorker.java:execute(651)) - 5a53f96e-bd62-406a-bc4f-c3e0845cabf5@group-089AC4866917-SegmentedRaftLogWorker: created new log segment /home/runner/work/ozone/ozone/hadoop-ozone/integration-test/target/test-dir/MiniOzoneClusterImpl-8ecce792-0b29-40a4-bcd2-9922915e3450/datanode-5/data/ratis/dc24a491-9a19-4a73-b0d6-089ac4866917/current/log_inprogress_0
2023-07-06 10:48:20,373 [grpc-default-executor-3] INFO  server.RaftServer$Division (RaftServerImpl.java:requestVote(1335)) - d375daab-0aec-4ab2-a7ca-6760e990c046@group-089AC4866917 replies to ELECTION vote request: 5a53f96e-bd62-406a-bc4f-c3e0845cabf5<-d375daab-0aec-4ab2-a7ca-6760e990c046#0:OK-t1. Peer's state: d375daab-0aec-4ab2-a7ca-6760e990c046@group-089AC4866917:t1, leader=null, voted=5a53f96e-bd62-406a-bc4f-c3e0845cabf5, raftlog=Memoized:d375daab-0aec-4ab2-a7ca-6760e990c046@group-089AC4866917-SegmentedRaftLog:OPENED:c-1, conf=-1: peers:[5a53f96e-bd62-406a-bc4f-c3e0845cabf5|rpc:10.1.0.19:15059|admin:10.1.0.19:15058|client:10.1.0.19:15057|dataStream:10.1.0.19:15060|priority:1|startupRole:FOLLOWER, 5390630e-efcd-4aa9-9191-8580c5ddb99b|rpc:10.1.0.19:15050|admin:10.1.0.19:15049|client:10.1.0.19:15048|dataStream:10.1.0.19:15051|priority:0|startupRole:FOLLOWER, d375daab-0aec-4ab2-a7ca-6760e990c046|rpc:10.1.0.19:15041|admin:10.1.0.19:15040|client:10.1.0.19:15039|dataStream:10.1.0.19:15042|priority:0|startupRole:FOLLOWER]|listeners:[], old=null
2023-07-06 10:48:20,376 [5a53f96e-bd62-406a-bc4f-c3e0845cabf5@group-089AC4866917-LeaderElection10] INFO  server.RaftServer$Division (ServerState.java:setRaftConf(434)) - 5a53f96e-bd62-406a-bc4f-c3e0845cabf5@group-089AC4866917: set configuration 0: peers:[5a53f96e-bd62-406a-bc4f-c3e0845cabf5|rpc:10.1.0.19:15059|admin:10.1.0.19:15058|client:10.1.0.19:15057|dataStream:10.1.0.19:15060|priority:1|startupRole:FOLLOWER, 5390630e-efcd-4aa9-9191-8580c5ddb99b|rpc:10.1.0.19:15050|admin:10.1.0.19:15049|client:10.1.0.19:15048|dataStream:10.1.0.19:15051|priority:0|startupRole:FOLLOWER, d375daab-0aec-4ab2-a7ca-6760e990c046|rpc:10.1.0.19:15041|admin:10.1.0.19:15040|client:10.1.0.19:15039|dataStream:10.1.0.19:15042|priority:0|startupRole:FOLLOWER]|listeners:[], old=null
2023-07-06 10:48:20,399 [5390630e-efcd-4aa9-9191-8580c5ddb99b-server-thread1] INFO  ratis.XceiverServerRatis (XceiverServerRatis.java:handleLeaderChangedNotification(902)) - Leader change notification received for group: group-089AC4866917 with new leaderId: 5a53f96e-bd62-406a-bc4f-c3e0845cabf5
2023-07-06 10:48:20,399 [5390630e-efcd-4aa9-9191-8580c5ddb99b-server-thread1] INFO  server.RaftServer$Division (ServerState.java:setLeader(317)) - 5390630e-efcd-4aa9-9191-8580c5ddb99b@group-089AC4866917: change Leader from null to 5a53f96e-bd62-406a-bc4f-c3e0845cabf5 at term 1 for appendEntries, leader elected after 4779ms
2023-07-06 10:48:20,409 [5390630e-efcd-4aa9-9191-8580c5ddb99b-server-thread2] INFO  server.RaftServer$Division (ServerState.java:setRaftConf(434)) - 5390630e-efcd-4aa9-9191-8580c5ddb99b@group-089AC4866917: set configuration 0: peers:[5a53f96e-bd62-406a-bc4f-c3e0845cabf5|rpc:10.1.0.19:15059|admin:10.1.0.19:15058|client:10.1.0.19:15057|dataStream:10.1.0.19:15060|priority:1|startupRole:FOLLOWER, 5390630e-efcd-4aa9-9191-8580c5ddb99b|rpc:10.1.0.19:15050|admin:10.1.0.19:15049|client:10.1.0.19:15048|dataStream:10.1.0.19:15051|priority:0|startupRole:FOLLOWER, d375daab-0aec-4ab2-a7ca-6760e990c046|rpc:10.1.0.19:15041|admin:10.1.0.19:15040|client:10.1.0.19:15039|dataStream:10.1.0.19:15042|priority:0|startupRole:FOLLOWER]|listeners:[], old=null
2023-07-06 10:48:20,409 [5390630e-efcd-4aa9-9191-8580c5ddb99b-server-thread2] INFO  segmented.SegmentedRaftLogWorker (SegmentedRaftLogWorker.java:startLogSegment(447)) - 5390630e-efcd-4aa9-9191-8580c5ddb99b@group-089AC4866917-SegmentedRaftLogWorker: Starting segment from index:0
2023-07-06 10:48:20,413 [5390630e-efcd-4aa9-9191-8580c5ddb99b@group-089AC4866917-SegmentedRaftLogWorker] INFO  segmented.SegmentedRaftLogWorker (SegmentedRaftLogWorker.java:execute(651)) - 5390630e-efcd-4aa9-9191-8580c5ddb99b@group-089AC4866917-SegmentedRaftLogWorker: created new log segment /home/runner/work/ozone/ozone/hadoop-ozone/integration-test/target/test-dir/MiniOzoneClusterImpl-8ecce792-0b29-40a4-bcd2-9922915e3450/datanode-4/data/ratis/dc24a491-9a19-4a73-b0d6-089ac4866917/current/log_inprogress_0
2023-07-06 10:48:20,417 [d375daab-0aec-4ab2-a7ca-6760e990c046-server-thread1] INFO  ratis.XceiverServerRatis (XceiverServerRatis.java:handleLeaderChangedNotification(902)) - Leader change notification received for group: group-089AC4866917 with new leaderId: 5a53f96e-bd62-406a-bc4f-c3e0845cabf5
2023-07-06 10:48:20,417 [d375daab-0aec-4ab2-a7ca-6760e990c046-server-thread1] INFO  server.RaftServer$Division (ServerState.java:setLeader(317)) - d375daab-0aec-4ab2-a7ca-6760e990c046@group-089AC4866917: change Leader from null to 5a53f96e-bd62-406a-bc4f-c3e0845cabf5 at term 1 for appendEntries, leader elected after 5348ms
2023-07-06 10:48:20,429 [d375daab-0aec-4ab2-a7ca-6760e990c046-server-thread1] INFO  server.RaftServer$Division (ServerState.java:setRaftConf(434)) - d375daab-0aec-4ab2-a7ca-6760e990c046@group-089AC4866917: set configuration 0: peers:[5a53f96e-bd62-406a-bc4f-c3e0845cabf5|rpc:10.1.0.19:15059|admin:10.1.0.19:15058|client:10.1.0.19:15057|dataStream:10.1.0.19:15060|priority:1|startupRole:FOLLOWER, 5390630e-efcd-4aa9-9191-8580c5ddb99b|rpc:10.1.0.19:15050|admin:10.1.0.19:15049|client:10.1.0.19:15048|dataStream:10.1.0.19:15051|priority:0|startupRole:FOLLOWER, d375daab-0aec-4ab2-a7ca-6760e990c046|rpc:10.1.0.19:15041|admin:10.1.0.19:15040|client:10.1.0.19:15039|dataStream:10.1.0.19:15042|priority:0|startupRole:FOLLOWER]|listeners:[], old=null
2023-07-06 10:48:20,429 [d375daab-0aec-4ab2-a7ca-6760e990c046-server-thread1] INFO  segmented.SegmentedRaftLogWorker (SegmentedRaftLogWorker.java:startLogSegment(447)) - d375daab-0aec-4ab2-a7ca-6760e990c046@group-089AC4866917-SegmentedRaftLogWorker: Starting segment from index:0
2023-07-06 10:48:20,431 [d375daab-0aec-4ab2-a7ca-6760e990c046@group-089AC4866917-SegmentedRaftLogWorker] INFO  segmented.SegmentedRaftLogWorker (SegmentedRaftLogWorker.java:execute(651)) - d375daab-0aec-4ab2-a7ca-6760e990c046@group-089AC4866917-SegmentedRaftLogWorker: created new log segment /home/runner/work/ozone/ozone/hadoop-ozone/integration-test/target/test-dir/MiniOzoneClusterImpl-8ecce792-0b29-40a4-bcd2-9922915e3450/datanode-3/data/ratis/dc24a491-9a19-4a73-b0d6-089ac4866917/current/log_inprogress_0
2023-07-06 10:48:20,695 [5390630e-efcd-4aa9-9191-8580c5ddb99b@group-F60C51E40B02-FollowerState] INFO  impl.FollowerState (FollowerState.java:run(143)) - 5390630e-efcd-4aa9-9191-8580c5ddb99b@group-F60C51E40B02-FollowerState: change to CANDIDATE, lastRpcElapsedTime:5084437114ns, electionTimeout:5081ms
2023-07-06 10:48:20,696 [5390630e-efcd-4aa9-9191-8580c5ddb99b@group-F60C51E40B02-FollowerState] INFO  impl.RoleInfo (RoleInfo.java:shutdownFollowerState(110)) - 5390630e-efcd-4aa9-9191-8580c5ddb99b: shutdown 5390630e-efcd-4aa9-9191-8580c5ddb99b@group-F60C51E40B02-FollowerState
2023-07-06 10:48:20,696 [5390630e-efcd-4aa9-9191-8580c5ddb99b@group-F60C51E40B02-FollowerState] INFO  server.RaftServer$Division (RaftServerImpl.java:setRole(329)) - 5390630e-efcd-4aa9-9191-8580c5ddb99b@group-F60C51E40B02: changes role from  FOLLOWER to CANDIDATE at term 0 for changeToCandidate
2023-07-06 10:48:20,696 [5390630e-efcd-4aa9-9191-8580c5ddb99b@group-F60C51E40B02-FollowerState] INFO  server.RaftServerConfigKeys (ConfUtils.java:logGet(46)) - raft.server.leaderelection.pre-vote = true (default)
2023-07-06 10:48:20,696 [5390630e-efcd-4aa9-9191-8580c5ddb99b@group-F60C51E40B02-FollowerState] INFO  impl.RoleInfo (RoleInfo.java:updateAndGet(139)) - 5390630e-efcd-4aa9-9191-8580c5ddb99b: start 5390630e-efcd-4aa9-9191-8580c5ddb99b@group-F60C51E40B02-LeaderElection11
2023-07-06 10:48:20,708 [5390630e-efcd-4aa9-9191-8580c5ddb99b@group-F60C51E40B02-LeaderElection11] INFO  impl.LeaderElection (LeaderElection.java:askForVotes(321)) - 5390630e-efcd-4aa9-9191-8580c5ddb99b@group-F60C51E40B02-LeaderElection11 PRE_VOTE round 0: submit vote requests at term 0 for -1: peers:[5390630e-efcd-4aa9-9191-8580c5ddb99b|rpc:10.1.0.19:15050|admin:10.1.0.19:15049|client:10.1.0.19:15048|dataStream:10.1.0.19:15051|priority:1|startupRole:FOLLOWER]|listeners:[], old=null
2023-07-06 10:48:20,708 [5390630e-efcd-4aa9-9191-8580c5ddb99b@group-F60C51E40B02-LeaderElection11] INFO  impl.LeaderElection (LeaderElection.java:askForVotes(323)) - 5390630e-efcd-4aa9-9191-8580c5ddb99b@group-F60C51E40B02-LeaderElection11 PRE_VOTE round 0: result PASSED (term=0)
2023-07-06 10:48:20,710 [5390630e-efcd-4aa9-9191-8580c5ddb99b@group-F60C51E40B02-LeaderElection11] INFO  impl.LeaderElection (LeaderElection.java:askForVotes(321)) - 5390630e-efcd-4aa9-9191-8580c5ddb99b@group-F60C51E40B02-LeaderElection11 ELECTION round 0: submit vote requests at term 1 for -1: peers:[5390630e-efcd-4aa9-9191-8580c5ddb99b|rpc:10.1.0.19:15050|admin:10.1.0.19:15049|client:10.1.0.19:15048|dataStream:10.1.0.19:15051|priority:1|startupRole:FOLLOWER]|listeners:[], old=null
2023-07-06 10:48:20,711 [5390630e-efcd-4aa9-9191-8580c5ddb99b@group-F60C51E40B02-LeaderElection11] INFO  impl.LeaderElection (LeaderElection.java:askForVotes(323)) - 5390630e-efcd-4aa9-9191-8580c5ddb99b@group-F60C51E40B02-LeaderElection11 ELECTION round 0: result PASSED (term=1)
2023-07-06 10:48:20,711 [5390630e-efcd-4aa9-9191-8580c5ddb99b@group-F60C51E40B02-LeaderElection11] INFO  impl.RoleInfo (RoleInfo.java:shutdownLeaderElection(130)) - 5390630e-efcd-4aa9-9191-8580c5ddb99b: shutdown 5390630e-efcd-4aa9-9191-8580c5ddb99b@group-F60C51E40B02-LeaderElection11
2023-07-06 10:48:20,711 [5390630e-efcd-4aa9-9191-8580c5ddb99b@group-F60C51E40B02-LeaderElection11] INFO  server.RaftServer$Division (RaftServerImpl.java:setRole(329)) - 5390630e-efcd-4aa9-9191-8580c5ddb99b@group-F60C51E40B02: changes role from CANDIDATE to LEADER at term 1 for changeToLeader
2023-07-06 10:48:20,711 [5390630e-efcd-4aa9-9191-8580c5ddb99b@group-F60C51E40B02-LeaderElection11] INFO  ratis.XceiverServerRatis (XceiverServerRatis.java:handleLeaderChangedNotification(902)) - Leader change notification received for group: group-F60C51E40B02 with new leaderId: 5390630e-efcd-4aa9-9191-8580c5ddb99b
2023-07-06 10:48:20,726 [5390630e-efcd-4aa9-9191-8580c5ddb99b@group-F60C51E40B02-LeaderElection11] INFO  server.RaftServer$Division (ServerState.java:setLeader(317)) - 5390630e-efcd-4aa9-9191-8580c5ddb99b@group-F60C51E40B02: change Leader from null to 5390630e-efcd-4aa9-9191-8580c5ddb99b at term 1 for becomeLeader, leader elected after 5135ms
2023-07-06 10:48:20,726 [5390630e-efcd-4aa9-9191-8580c5ddb99b@group-F60C51E40B02-LeaderElection11] INFO  server.RaftServerConfigKeys (ConfUtils.java:logGet(46)) - raft.server.staging.catchup.gap = 1000 (default)
2023-07-06 10:48:20,727 [5390630e-efcd-4aa9-9191-8580c5ddb99b@group-F60C51E40B02-LeaderElection11] INFO  server.RaftServerConfigKeys (ConfUtils.java:logGet(46)) - raft.server.write.element-limit = 1024 (custom)
2023-07-06 10:48:20,727 [5390630e-efcd-4aa9-9191-8580c5ddb99b@group-F60C51E40B02-LeaderElection11] INFO  server.RaftServerConfigKeys (ConfUtils.java:logGet(46)) - raft.server.write.byte-limit = 1024 M (=1073741824) (custom)
2023-07-06 10:48:20,730 [5390630e-efcd-4aa9-9191-8580c5ddb99b@group-F60C51E40B02-LeaderElection11] INFO  server.RaftServerConfigKeys (ConfUtils.java:logGet(46)) - raft.server.watch.timeout = 180s (custom)
2023-07-06 10:48:20,730 [5390630e-efcd-4aa9-9191-8580c5ddb99b@group-F60C51E40B02-LeaderElection11] INFO  server.RaftServerConfigKeys (ConfUtils.java:logGet(46)) - raft.server.watch.timeout.denomination = 1s (default)
2023-07-06 10:48:20,730 [5390630e-efcd-4aa9-9191-8580c5ddb99b@group-F60C51E40B02-LeaderElection11] INFO  server.RaftServerConfigKeys (ConfUtils.java:logGet(46)) - raft.server.watch.element-limit = 65536 (default)
2023-07-06 10:48:20,731 [5390630e-efcd-4aa9-9191-8580c5ddb99b@group-F60C51E40B02-LeaderElection11] INFO  server.RaftServerConfigKeys (ConfUtils.java:logGet(46)) - raft.server.write.element-limit = 1024 (custom)
2023-07-06 10:48:20,731 [5390630e-efcd-4aa9-9191-8580c5ddb99b@group-F60C51E40B02-LeaderElection11] INFO  server.RaftServerConfigKeys (ConfUtils.java:logGet(46)) - raft.server.write.follower.gap.ratio.max = -1.0 (default)
2023-07-06 10:48:20,731 [5390630e-efcd-4aa9-9191-8580c5ddb99b@group-F60C51E40B02-LeaderElection11] INFO  impl.RoleInfo (RoleInfo.java:updateAndGet(139)) - 5390630e-efcd-4aa9-9191-8580c5ddb99b: start 5390630e-efcd-4aa9-9191-8580c5ddb99b@group-F60C51E40B02-LeaderStateImpl
2023-07-06 10:48:20,731 [5390630e-efcd-4aa9-9191-8580c5ddb99b@group-F60C51E40B02-LeaderElection11] INFO  segmented.SegmentedRaftLogWorker (SegmentedRaftLogWorker.java:startLogSegment(447)) - 5390630e-efcd-4aa9-9191-8580c5ddb99b@group-F60C51E40B02-SegmentedRaftLogWorker: Starting segment from index:0
2023-07-06 10:48:20,734 [5390630e-efcd-4aa9-9191-8580c5ddb99b@group-F60C51E40B02-SegmentedRaftLogWorker] INFO  segmented.SegmentedRaftLogWorker (SegmentedRaftLogWorker.java:execute(651)) - 5390630e-efcd-4aa9-9191-8580c5ddb99b@group-F60C51E40B02-SegmentedRaftLogWorker: created new log segment /home/runner/work/ozone/ozone/hadoop-ozone/integration-test/target/test-dir/MiniOzoneClusterImpl-8ecce792-0b29-40a4-bcd2-9922915e3450/datanode-4/data/ratis/723dedaf-31a7-485c-b332-f60c51e40b02/current/log_inprogress_0
2023-07-06 10:48:20,743 [5390630e-efcd-4aa9-9191-8580c5ddb99b@group-F60C51E40B02-LeaderElection11] INFO  server.RaftServer$Division (ServerState.java:setRaftConf(434)) - 5390630e-efcd-4aa9-9191-8580c5ddb99b@group-F60C51E40B02: set configuration 0: peers:[5390630e-efcd-4aa9-9191-8580c5ddb99b|rpc:10.1.0.19:15050|admin:10.1.0.19:15049|client:10.1.0.19:15048|dataStream:10.1.0.19:15051|priority:1|startupRole:FOLLOWER]|listeners:[], old=null
2023-07-06 10:48:20,802 [5390630e-efcd-4aa9-9191-8580c5ddb99b@group-A91D5C9319B3-FollowerState] INFO  impl.FollowerState (FollowerState.java:run(143)) - 5390630e-efcd-4aa9-9191-8580c5ddb99b@group-A91D5C9319B3-FollowerState: change to CANDIDATE, lastRpcElapsedTime:5078534833ns, electionTimeout:5064ms
2023-07-06 10:48:20,803 [5390630e-efcd-4aa9-9191-8580c5ddb99b@group-A91D5C9319B3-FollowerState] INFO  impl.RoleInfo (RoleInfo.java:shutdownFollowerState(110)) - 5390630e-efcd-4aa9-9191-8580c5ddb99b: shutdown 5390630e-efcd-4aa9-9191-8580c5ddb99b@group-A91D5C9319B3-FollowerState
2023-07-06 10:48:20,803 [5390630e-efcd-4aa9-9191-8580c5ddb99b@group-A91D5C9319B3-FollowerState] INFO  server.RaftServer$Division (RaftServerImpl.java:setRole(329)) - 5390630e-efcd-4aa9-9191-8580c5ddb99b@group-A91D5C9319B3: changes role from  FOLLOWER to CANDIDATE at term 0 for changeToCandidate
2023-07-06 10:48:20,803 [5390630e-efcd-4aa9-9191-8580c5ddb99b@group-A91D5C9319B3-FollowerState] INFO  server.RaftServerConfigKeys (ConfUtils.java:logGet(46)) - raft.server.leaderelection.pre-vote = true (default)
2023-07-06 10:48:20,803 [5390630e-efcd-4aa9-9191-8580c5ddb99b@group-A91D5C9319B3-FollowerState] INFO  impl.RoleInfo (RoleInfo.java:updateAndGet(139)) - 5390630e-efcd-4aa9-9191-8580c5ddb99b: start 5390630e-efcd-4aa9-9191-8580c5ddb99b@group-A91D5C9319B3-LeaderElection12
2023-07-06 10:48:20,816 [5390630e-efcd-4aa9-9191-8580c5ddb99b@group-A91D5C9319B3-LeaderElection12] INFO  impl.LeaderElection (LeaderElection.java:askForVotes(321)) - 5390630e-efcd-4aa9-9191-8580c5ddb99b@group-A91D5C9319B3-LeaderElection12 PRE_VOTE round 0: submit vote requests at term 0 for -1: peers:[5a53f96e-bd62-406a-bc4f-c3e0845cabf5|rpc:10.1.0.19:15059|admin:10.1.0.19:15058|client:10.1.0.19:15057|dataStream:10.1.0.19:15060|priority:0|startupRole:FOLLOWER, 5390630e-efcd-4aa9-9191-8580c5ddb99b|rpc:10.1.0.19:15050|admin:10.1.0.19:15049|client:10.1.0.19:15048|dataStream:10.1.0.19:15051|priority:0|startupRole:FOLLOWER, d375daab-0aec-4ab2-a7ca-6760e990c046|rpc:10.1.0.19:15041|admin:10.1.0.19:15040|client:10.1.0.19:15039|dataStream:10.1.0.19:15042|priority:1|startupRole:FOLLOWER]|listeners:[], old=null
2023-07-06 10:48:20,817 [5390630e-efcd-4aa9-9191-8580c5ddb99b@group-A91D5C9319B3-LeaderElection12-1] INFO  server.GrpcServerProtocolClient (GrpcServerProtocolClient.java:<init>(65)) - Build channel for 5a53f96e-bd62-406a-bc4f-c3e0845cabf5
2023-07-06 10:48:20,822 [5390630e-efcd-4aa9-9191-8580c5ddb99b@group-A91D5C9319B3-LeaderElection12-2] INFO  server.GrpcServerProtocolClient (GrpcServerProtocolClient.java:<init>(65)) - Build channel for d375daab-0aec-4ab2-a7ca-6760e990c046
2023-07-06 10:48:20,822 [5390630e-efcd-4aa9-9191-8580c5ddb99b@group-A91D5C9319B3-LeaderElection12] INFO  server.RaftServerConfigKeys (ConfUtils.java:logFallback(53)) - raft.server.rpc.first-election.timeout.min = 5s (fallback to raft.server.rpc.timeout.min)
2023-07-06 10:48:20,822 [5390630e-efcd-4aa9-9191-8580c5ddb99b@group-A91D5C9319B3-LeaderElection12] INFO  server.RaftServerConfigKeys (ConfUtils.java:logFallback(53)) - raft.server.rpc.first-election.timeout.max = 5200ms (fallback to raft.server.rpc.timeout.max)
2023-07-06 10:48:20,833 [grpc-default-executor-1] INFO  server.RaftServer$Division (RaftServerImpl.java:requestVote(1302)) - 5a53f96e-bd62-406a-bc4f-c3e0845cabf5@group-A91D5C9319B3: receive requestVote(PRE_VOTE, 5390630e-efcd-4aa9-9191-8580c5ddb99b, group-A91D5C9319B3, 0, (t:0, i:0))
2023-07-06 10:48:20,853 [grpc-default-executor-1] INFO  impl.VoteContext (VoteContext.java:log(49)) - 5a53f96e-bd62-406a-bc4f-c3e0845cabf5@group-A91D5C9319B3-FOLLOWER: accept PRE_VOTE from 5390630e-efcd-4aa9-9191-8580c5ddb99b: our priority 0 <= candidate's priority 0
2023-07-06 10:48:20,854 [grpc-default-executor-1] INFO  server.RaftServer$Division (RaftServerImpl.java:requestVote(1335)) - 5a53f96e-bd62-406a-bc4f-c3e0845cabf5@group-A91D5C9319B3 replies to PRE_VOTE vote request: 5390630e-efcd-4aa9-9191-8580c5ddb99b<-5a53f96e-bd62-406a-bc4f-c3e0845cabf5#0:OK-t0. Peer's state: 5a53f96e-bd62-406a-bc4f-c3e0845cabf5@group-A91D5C9319B3:t0, leader=null, voted=, raftlog=Memoized:5a53f96e-bd62-406a-bc4f-c3e0845cabf5@group-A91D5C9319B3-SegmentedRaftLog:OPENED:c-1, conf=-1: peers:[5a53f96e-bd62-406a-bc4f-c3e0845cabf5|rpc:10.1.0.19:15059|admin:10.1.0.19:15058|client:10.1.0.19:15057|dataStream:10.1.0.19:15060|priority:0|startupRole:FOLLOWER, 5390630e-efcd-4aa9-9191-8580c5ddb99b|rpc:10.1.0.19:15050|admin:10.1.0.19:15049|client:10.1.0.19:15048|dataStream:10.1.0.19:15051|priority:0|startupRole:FOLLOWER, d375daab-0aec-4ab2-a7ca-6760e990c046|rpc:10.1.0.19:15041|admin:10.1.0.19:15040|client:10.1.0.19:15039|dataStream:10.1.0.19:15042|priority:1|startupRole:FOLLOWER]|listeners:[], old=null
2023-07-06 10:48:20,854 [grpc-default-executor-5] INFO  server.RaftServer$Division (RaftServerImpl.java:requestVote(1302)) - d375daab-0aec-4ab2-a7ca-6760e990c046@group-A91D5C9319B3: receive requestVote(PRE_VOTE, 5390630e-efcd-4aa9-9191-8580c5ddb99b, group-A91D5C9319B3, 0, (t:0, i:0))
2023-07-06 10:48:20,854 [grpc-default-executor-5] INFO  impl.VoteContext (VoteContext.java:log(49)) - d375daab-0aec-4ab2-a7ca-6760e990c046@group-A91D5C9319B3-FOLLOWER: reject PRE_VOTE from 5390630e-efcd-4aa9-9191-8580c5ddb99b: our priority 1 > candidate's priority 0
2023-07-06 10:48:20,854 [grpc-default-executor-5] INFO  server.RaftServer$Division (RaftServerImpl.java:requestVote(1335)) - d375daab-0aec-4ab2-a7ca-6760e990c046@group-A91D5C9319B3 replies to PRE_VOTE vote request: 5390630e-efcd-4aa9-9191-8580c5ddb99b<-d375daab-0aec-4ab2-a7ca-6760e990c046#0:FAIL-t0. Peer's state: d375daab-0aec-4ab2-a7ca-6760e990c046@group-A91D5C9319B3:t0, leader=null, voted=, raftlog=Memoized:d375daab-0aec-4ab2-a7ca-6760e990c046@group-A91D5C9319B3-SegmentedRaftLog:OPENED:c-1, conf=-1: peers:[5a53f96e-bd62-406a-bc4f-c3e0845cabf5|rpc:10.1.0.19:15059|admin:10.1.0.19:15058|client:10.1.0.19:15057|dataStream:10.1.0.19:15060|priority:0|startupRole:FOLLOWER, 5390630e-efcd-4aa9-9191-8580c5ddb99b|rpc:10.1.0.19:15050|admin:10.1.0.19:15049|client:10.1.0.19:15048|dataStream:10.1.0.19:15051|priority:0|startupRole:FOLLOWER, d375daab-0aec-4ab2-a7ca-6760e990c046|rpc:10.1.0.19:15041|admin:10.1.0.19:15040|client:10.1.0.19:15039|dataStream:10.1.0.19:15042|priority:1|startupRole:FOLLOWER]|listeners:[], old=null
2023-07-06 10:48:20,858 [5390630e-efcd-4aa9-9191-8580c5ddb99b@group-A91D5C9319B3-LeaderElection12] INFO  impl.LeaderElection (LeaderElection.java:logAndReturn(90)) - 5390630e-efcd-4aa9-9191-8580c5ddb99b@group-A91D5C9319B3-LeaderElection12: PRE_VOTE REJECTED received 1 response(s) and 0 exception(s):
2023-07-06 10:48:20,858 [5390630e-efcd-4aa9-9191-8580c5ddb99b@group-A91D5C9319B3-LeaderElection12] INFO  impl.LeaderElection (LeaderElection.java:logAndReturn(94)) -   Response 0: 5390630e-efcd-4aa9-9191-8580c5ddb99b<-d375daab-0aec-4ab2-a7ca-6760e990c046#0:FAIL-t0
2023-07-06 10:48:20,858 [5390630e-efcd-4aa9-9191-8580c5ddb99b@group-A91D5C9319B3-LeaderElection12] INFO  impl.LeaderElection (LeaderElection.java:askForVotes(323)) - 5390630e-efcd-4aa9-9191-8580c5ddb99b@group-A91D5C9319B3-LeaderElection12 PRE_VOTE round 0: result REJECTED
2023-07-06 10:48:20,858 [5390630e-efcd-4aa9-9191-8580c5ddb99b@group-A91D5C9319B3-LeaderElection12] INFO  server.RaftServer$Division (RaftServerImpl.java:setRole(329)) - 5390630e-efcd-4aa9-9191-8580c5ddb99b@group-A91D5C9319B3: changes role from CANDIDATE to FOLLOWER at term 0 for REJECTED
2023-07-06 10:48:20,858 [5390630e-efcd-4aa9-9191-8580c5ddb99b@group-A91D5C9319B3-LeaderElection12] INFO  impl.RoleInfo (RoleInfo.java:shutdownLeaderElection(130)) - 5390630e-efcd-4aa9-9191-8580c5ddb99b: shutdown 5390630e-efcd-4aa9-9191-8580c5ddb99b@group-A91D5C9319B3-LeaderElection12
2023-07-06 10:48:20,858 [5390630e-efcd-4aa9-9191-8580c5ddb99b@group-A91D5C9319B3-LeaderElection12] INFO  impl.RoleInfo (RoleInfo.java:updateAndGet(139)) - 5390630e-efcd-4aa9-9191-8580c5ddb99b: start 5390630e-efcd-4aa9-9191-8580c5ddb99b@group-A91D5C9319B3-FollowerState
2023-07-06 10:48:20,878 [d375daab-0aec-4ab2-a7ca-6760e990c046@group-A91D5C9319B3-FollowerState] INFO  impl.FollowerState (FollowerState.java:run(143)) - d375daab-0aec-4ab2-a7ca-6760e990c046@group-A91D5C9319B3-FollowerState: change to CANDIDATE, lastRpcElapsedTime:5139574955ns, electionTimeout:5135ms
2023-07-06 10:48:20,878 [d375daab-0aec-4ab2-a7ca-6760e990c046@group-A91D5C9319B3-FollowerState] INFO  impl.RoleInfo (RoleInfo.java:shutdownFollowerState(110)) - d375daab-0aec-4ab2-a7ca-6760e990c046: shutdown d375daab-0aec-4ab2-a7ca-6760e990c046@group-A91D5C9319B3-FollowerState
2023-07-06 10:48:20,878 [d375daab-0aec-4ab2-a7ca-6760e990c046@group-A91D5C9319B3-FollowerState] INFO  server.RaftServer$Division (RaftServerImpl.java:setRole(329)) - d375daab-0aec-4ab2-a7ca-6760e990c046@group-A91D5C9319B3: changes role from  FOLLOWER to CANDIDATE at term 0 for changeToCandidate
2023-07-06 10:48:20,879 [d375daab-0aec-4ab2-a7ca-6760e990c046@group-A91D5C9319B3-FollowerState] INFO  server.RaftServerConfigKeys (ConfUtils.java:logGet(46)) - raft.server.leaderelection.pre-vote = true (default)
2023-07-06 10:48:20,879 [d375daab-0aec-4ab2-a7ca-6760e990c046@group-A91D5C9319B3-FollowerState] INFO  impl.RoleInfo (RoleInfo.java:updateAndGet(139)) - d375daab-0aec-4ab2-a7ca-6760e990c046: start d375daab-0aec-4ab2-a7ca-6760e990c046@group-A91D5C9319B3-LeaderElection13
2023-07-06 10:48:20,880 [d375daab-0aec-4ab2-a7ca-6760e990c046@group-A91D5C9319B3-LeaderElection13] INFO  impl.LeaderElection (LeaderElection.java:askForVotes(321)) - d375daab-0aec-4ab2-a7ca-6760e990c046@group-A91D5C9319B3-LeaderElection13 PRE_VOTE round 0: submit vote requests at term 0 for -1: peers:[5a53f96e-bd62-406a-bc4f-c3e0845cabf5|rpc:10.1.0.19:15059|admin:10.1.0.19:15058|client:10.1.0.19:15057|dataStream:10.1.0.19:15060|priority:0|startupRole:FOLLOWER, 5390630e-efcd-4aa9-9191-8580c5ddb99b|rpc:10.1.0.19:15050|admin:10.1.0.19:15049|client:10.1.0.19:15048|dataStream:10.1.0.19:15051|priority:0|startupRole:FOLLOWER, d375daab-0aec-4ab2-a7ca-6760e990c046|rpc:10.1.0.19:15041|admin:10.1.0.19:15040|client:10.1.0.19:15039|dataStream:10.1.0.19:15042|priority:1|startupRole:FOLLOWER]|listeners:[], old=null
2023-07-06 10:48:20,888 [d375daab-0aec-4ab2-a7ca-6760e990c046@group-A91D5C9319B3-LeaderElection13-1] INFO  server.GrpcServerProtocolClient (GrpcServerProtocolClient.java:<init>(65)) - Build channel for 5a53f96e-bd62-406a-bc4f-c3e0845cabf5
2023-07-06 10:48:20,898 [d375daab-0aec-4ab2-a7ca-6760e990c046@group-A91D5C9319B3-LeaderElection13] INFO  server.RaftServerConfigKeys (ConfUtils.java:logFallback(53)) - raft.server.rpc.first-election.timeout.min = 5s (fallback to raft.server.rpc.timeout.min)
2023-07-06 10:48:20,898 [d375daab-0aec-4ab2-a7ca-6760e990c046@group-A91D5C9319B3-LeaderElection13] INFO  server.RaftServerConfigKeys (ConfUtils.java:logFallback(53)) - raft.server.rpc.first-election.timeout.max = 5200ms (fallback to raft.server.rpc.timeout.max)
2023-07-06 10:48:20,898 [d375daab-0aec-4ab2-a7ca-6760e990c046@group-A91D5C9319B3-LeaderElection13-2] INFO  server.GrpcServerProtocolClient (GrpcServerProtocolClient.java:<init>(65)) - Build channel for 5390630e-efcd-4aa9-9191-8580c5ddb99b
2023-07-06 10:48:20,902 [grpc-default-executor-5] INFO  server.RaftServer$Division (RaftServerImpl.java:requestVote(1302)) - 5a53f96e-bd62-406a-bc4f-c3e0845cabf5@group-A91D5C9319B3: receive requestVote(PRE_VOTE, d375daab-0aec-4ab2-a7ca-6760e990c046, group-A91D5C9319B3, 0, (t:0, i:0))
2023-07-06 10:48:20,910 [grpc-default-executor-5] INFO  impl.VoteContext (VoteContext.java:log(49)) - 5a53f96e-bd62-406a-bc4f-c3e0845cabf5@group-A91D5C9319B3-FOLLOWER: accept PRE_VOTE from d375daab-0aec-4ab2-a7ca-6760e990c046: our priority 0 <= candidate's priority 1
2023-07-06 10:48:20,910 [grpc-default-executor-5] INFO  server.RaftServer$Division (RaftServerImpl.java:requestVote(1335)) - 5a53f96e-bd62-406a-bc4f-c3e0845cabf5@group-A91D5C9319B3 replies to PRE_VOTE vote request: d375daab-0aec-4ab2-a7ca-6760e990c046<-5a53f96e-bd62-406a-bc4f-c3e0845cabf5#0:OK-t0. Peer's state: 5a53f96e-bd62-406a-bc4f-c3e0845cabf5@group-A91D5C9319B3:t0, leader=null, voted=, raftlog=Memoized:5a53f96e-bd62-406a-bc4f-c3e0845cabf5@group-A91D5C9319B3-SegmentedRaftLog:OPENED:c-1, conf=-1: peers:[5a53f96e-bd62-406a-bc4f-c3e0845cabf5|rpc:10.1.0.19:15059|admin:10.1.0.19:15058|client:10.1.0.19:15057|dataStream:10.1.0.19:15060|priority:0|startupRole:FOLLOWER, 5390630e-efcd-4aa9-9191-8580c5ddb99b|rpc:10.1.0.19:15050|admin:10.1.0.19:15049|client:10.1.0.19:15048|dataStream:10.1.0.19:15051|priority:0|startupRole:FOLLOWER, d375daab-0aec-4ab2-a7ca-6760e990c046|rpc:10.1.0.19:15041|admin:10.1.0.19:15040|client:10.1.0.19:15039|dataStream:10.1.0.19:15042|priority:1|startupRole:FOLLOWER]|listeners:[], old=null
2023-07-06 10:48:20,919 [d375daab-0aec-4ab2-a7ca-6760e990c046@group-A91D5C9319B3-LeaderElection13] INFO  impl.LeaderElection (LeaderElection.java:logAndReturn(90)) - d375daab-0aec-4ab2-a7ca-6760e990c046@group-A91D5C9319B3-LeaderElection13: PRE_VOTE PASSED received 1 response(s) and 0 exception(s):
2023-07-06 10:48:20,920 [d375daab-0aec-4ab2-a7ca-6760e990c046@group-A91D5C9319B3-LeaderElection13] INFO  impl.LeaderElection (LeaderElection.java:logAndReturn(94)) -   Response 0: d375daab-0aec-4ab2-a7ca-6760e990c046<-5a53f96e-bd62-406a-bc4f-c3e0845cabf5#0:OK-t0
2023-07-06 10:48:20,920 [d375daab-0aec-4ab2-a7ca-6760e990c046@group-A91D5C9319B3-LeaderElection13] INFO  impl.LeaderElection (LeaderElection.java:askForVotes(323)) - d375daab-0aec-4ab2-a7ca-6760e990c046@group-A91D5C9319B3-LeaderElection13 PRE_VOTE round 0: result PASSED
2023-07-06 10:48:20,922 [d375daab-0aec-4ab2-a7ca-6760e990c046@group-A91D5C9319B3-LeaderElection13] INFO  impl.LeaderElection (LeaderElection.java:askForVotes(321)) - d375daab-0aec-4ab2-a7ca-6760e990c046@group-A91D5C9319B3-LeaderElection13 ELECTION round 0: submit vote requests at term 1 for -1: peers:[5a53f96e-bd62-406a-bc4f-c3e0845cabf5|rpc:10.1.0.19:15059|admin:10.1.0.19:15058|client:10.1.0.19:15057|dataStream:10.1.0.19:15060|priority:0|startupRole:FOLLOWER, 5390630e-efcd-4aa9-9191-8580c5ddb99b|rpc:10.1.0.19:15050|admin:10.1.0.19:15049|client:10.1.0.19:15048|dataStream:10.1.0.19:15051|priority:0|startupRole:FOLLOWER, d375daab-0aec-4ab2-a7ca-6760e990c046|rpc:10.1.0.19:15041|admin:10.1.0.19:15040|client:10.1.0.19:15039|dataStream:10.1.0.19:15042|priority:1|startupRole:FOLLOWER]|listeners:[], old=null
2023-07-06 10:48:20,934 [d375daab-0aec-4ab2-a7ca-6760e990c046@group-A91D5C9319B3-LeaderElection13] INFO  server.RaftServerConfigKeys (ConfUtils.java:logFallback(53)) - raft.server.rpc.first-election.timeout.min = 5s (fallback to raft.server.rpc.timeout.min)
2023-07-06 10:48:20,934 [d375daab-0aec-4ab2-a7ca-6760e990c046@group-A91D5C9319B3-LeaderElection13] INFO  server.RaftServerConfigKeys (ConfUtils.java:logFallback(53)) - raft.server.rpc.first-election.timeout.max = 5200ms (fallback to raft.server.rpc.timeout.max)
2023-07-06 10:48:20,940 [grpc-default-executor-1] INFO  server.RaftServer$Division (RaftServerImpl.java:requestVote(1302)) - 5a53f96e-bd62-406a-bc4f-c3e0845cabf5@group-A91D5C9319B3: receive requestVote(ELECTION, d375daab-0aec-4ab2-a7ca-6760e990c046, group-A91D5C9319B3, 1, (t:0, i:0))
2023-07-06 10:48:20,940 [grpc-default-executor-1] INFO  impl.VoteContext (VoteContext.java:log(49)) - 5a53f96e-bd62-406a-bc4f-c3e0845cabf5@group-A91D5C9319B3-FOLLOWER: accept ELECTION from d375daab-0aec-4ab2-a7ca-6760e990c046: our priority 0 <= candidate's priority 1
2023-07-06 10:48:20,940 [grpc-default-executor-1] INFO  server.RaftServer$Division (RaftServerImpl.java:setRole(329)) - 5a53f96e-bd62-406a-bc4f-c3e0845cabf5@group-A91D5C9319B3: changes role from  FOLLOWER to FOLLOWER at term 1 for candidate:d375daab-0aec-4ab2-a7ca-6760e990c046
2023-07-06 10:48:20,940 [grpc-default-executor-1] INFO  impl.RoleInfo (RoleInfo.java:shutdownFollowerState(110)) - 5a53f96e-bd62-406a-bc4f-c3e0845cabf5: shutdown 5a53f96e-bd62-406a-bc4f-c3e0845cabf5@group-A91D5C9319B3-FollowerState
2023-07-06 10:48:20,940 [grpc-default-executor-1] INFO  impl.RoleInfo (RoleInfo.java:updateAndGet(139)) - 5a53f96e-bd62-406a-bc4f-c3e0845cabf5: start 5a53f96e-bd62-406a-bc4f-c3e0845cabf5@group-A91D5C9319B3-FollowerState
2023-07-06 10:48:20,940 [5a53f96e-bd62-406a-bc4f-c3e0845cabf5@group-A91D5C9319B3-FollowerState] INFO  impl.FollowerState (FollowerState.java:run(152)) - 5a53f96e-bd62-406a-bc4f-c3e0845cabf5@group-A91D5C9319B3-FollowerState was interrupted
2023-07-06 10:48:20,941 [grpc-default-executor-5] INFO  server.RaftServer$Division (RaftServerImpl.java:requestVote(1302)) - 5390630e-efcd-4aa9-9191-8580c5ddb99b@group-A91D5C9319B3: receive requestVote(PRE_VOTE, d375daab-0aec-4ab2-a7ca-6760e990c046, group-A91D5C9319B3, 0, (t:0, i:0))
2023-07-06 10:48:20,942 [grpc-default-executor-5] INFO  impl.VoteContext (VoteContext.java:log(49)) - 5390630e-efcd-4aa9-9191-8580c5ddb99b@group-A91D5C9319B3-FOLLOWER: accept PRE_VOTE from d375daab-0aec-4ab2-a7ca-6760e990c046: our priority 0 <= candidate's priority 1
2023-07-06 10:48:20,942 [grpc-default-executor-5] INFO  server.RaftServer$Division (RaftServerImpl.java:requestVote(1335)) - 5390630e-efcd-4aa9-9191-8580c5ddb99b@group-A91D5C9319B3 replies to PRE_VOTE vote request: d375daab-0aec-4ab2-a7ca-6760e990c046<-5390630e-efcd-4aa9-9191-8580c5ddb99b#0:OK-t0. Peer's state: 5390630e-efcd-4aa9-9191-8580c5ddb99b@group-A91D5C9319B3:t0, leader=null, voted=, raftlog=Memoized:5390630e-efcd-4aa9-9191-8580c5ddb99b@group-A91D5C9319B3-SegmentedRaftLog:OPENED:c-1, conf=-1: peers:[5a53f96e-bd62-406a-bc4f-c3e0845cabf5|rpc:10.1.0.19:15059|admin:10.1.0.19:15058|client:10.1.0.19:15057|dataStream:10.1.0.19:15060|priority:0|startupRole:FOLLOWER, 5390630e-efcd-4aa9-9191-8580c5ddb99b|rpc:10.1.0.19:15050|admin:10.1.0.19:15049|client:10.1.0.19:15048|dataStream:10.1.0.19:15051|priority:0|startupRole:FOLLOWER, d375daab-0aec-4ab2-a7ca-6760e990c046|rpc:10.1.0.19:15041|admin:10.1.0.19:15040|client:10.1.0.19:15039|dataStream:10.1.0.19:15042|priority:1|startupRole:FOLLOWER]|listeners:[], old=null
2023-07-06 10:48:20,945 [grpc-default-executor-1] INFO  server.RaftServer$Division (RaftServerImpl.java:requestVote(1335)) - 5a53f96e-bd62-406a-bc4f-c3e0845cabf5@group-A91D5C9319B3 replies to ELECTION vote request: d375daab-0aec-4ab2-a7ca-6760e990c046<-5a53f96e-bd62-406a-bc4f-c3e0845cabf5#0:OK-t1. Peer's state: 5a53f96e-bd62-406a-bc4f-c3e0845cabf5@group-A91D5C9319B3:t1, leader=null, voted=d375daab-0aec-4ab2-a7ca-6760e990c046, raftlog=Memoized:5a53f96e-bd62-406a-bc4f-c3e0845cabf5@group-A91D5C9319B3-SegmentedRaftLog:OPENED:c-1, conf=-1: peers:[5a53f96e-bd62-406a-bc4f-c3e0845cabf5|rpc:10.1.0.19:15059|admin:10.1.0.19:15058|client:10.1.0.19:15057|dataStream:10.1.0.19:15060|priority:0|startupRole:FOLLOWER, 5390630e-efcd-4aa9-9191-8580c5ddb99b|rpc:10.1.0.19:15050|admin:10.1.0.19:15049|client:10.1.0.19:15048|dataStream:10.1.0.19:15051|priority:0|startupRole:FOLLOWER, d375daab-0aec-4ab2-a7ca-6760e990c046|rpc:10.1.0.19:15041|admin:10.1.0.19:15040|client:10.1.0.19:15039|dataStream:10.1.0.19:15042|priority:1|startupRole:FOLLOWER]|listeners:[], old=null
2023-07-06 10:48:20,954 [d375daab-0aec-4ab2-a7ca-6760e990c046@group-A91D5C9319B3-LeaderElection13] INFO  impl.LeaderElection (LeaderElection.java:logAndReturn(90)) - d375daab-0aec-4ab2-a7ca-6760e990c046@group-A91D5C9319B3-LeaderElection13: ELECTION PASSED received 1 response(s) and 0 exception(s):
2023-07-06 10:48:20,954 [grpc-default-executor-1] INFO  server.RaftServer$Division (RaftServerImpl.java:requestVote(1302)) - 5390630e-efcd-4aa9-9191-8580c5ddb99b@group-A91D5C9319B3: receive requestVote(ELECTION, d375daab-0aec-4ab2-a7ca-6760e990c046, group-A91D5C9319B3, 1, (t:0, i:0))
2023-07-06 10:48:20,955 [grpc-default-executor-1] INFO  impl.VoteContext (VoteContext.java:log(49)) - 5390630e-efcd-4aa9-9191-8580c5ddb99b@group-A91D5C9319B3-FOLLOWER: accept ELECTION from d375daab-0aec-4ab2-a7ca-6760e990c046: our priority 0 <= candidate's priority 1
2023-07-06 10:48:20,955 [grpc-default-executor-1] INFO  server.RaftServer$Division (RaftServerImpl.java:setRole(329)) - 5390630e-efcd-4aa9-9191-8580c5ddb99b@group-A91D5C9319B3: changes role from  FOLLOWER to FOLLOWER at term 1 for candidate:d375daab-0aec-4ab2-a7ca-6760e990c046
2023-07-06 10:48:20,955 [grpc-default-executor-1] INFO  impl.RoleInfo (RoleInfo.java:shutdownFollowerState(110)) - 5390630e-efcd-4aa9-9191-8580c5ddb99b: shutdown 5390630e-efcd-4aa9-9191-8580c5ddb99b@group-A91D5C9319B3-FollowerState
2023-07-06 10:48:20,955 [grpc-default-executor-1] INFO  impl.RoleInfo (RoleInfo.java:updateAndGet(139)) - 5390630e-efcd-4aa9-9191-8580c5ddb99b: start 5390630e-efcd-4aa9-9191-8580c5ddb99b@group-A91D5C9319B3-FollowerState
2023-07-06 10:48:20,955 [5390630e-efcd-4aa9-9191-8580c5ddb99b@group-A91D5C9319B3-FollowerState] INFO  impl.FollowerState (FollowerState.java:run(152)) - 5390630e-efcd-4aa9-9191-8580c5ddb99b@group-A91D5C9319B3-FollowerState was interrupted
2023-07-06 10:48:20,954 [d375daab-0aec-4ab2-a7ca-6760e990c046@group-A91D5C9319B3-LeaderElection13] INFO  impl.LeaderElection (LeaderElection.java:logAndReturn(94)) -   Response 0: d375daab-0aec-4ab2-a7ca-6760e990c046<-5a53f96e-bd62-406a-bc4f-c3e0845cabf5#0:OK-t1
2023-07-06 10:48:20,957 [d375daab-0aec-4ab2-a7ca-6760e990c046@group-A91D5C9319B3-LeaderElection13] INFO  impl.LeaderElection (LeaderElection.java:askForVotes(323)) - d375daab-0aec-4ab2-a7ca-6760e990c046@group-A91D5C9319B3-LeaderElection13 ELECTION round 0: result PASSED
2023-07-06 10:48:20,957 [d375daab-0aec-4ab2-a7ca-6760e990c046@group-A91D5C9319B3-LeaderElection13] INFO  impl.RoleInfo (RoleInfo.java:shutdownLeaderElection(130)) - d375daab-0aec-4ab2-a7ca-6760e990c046: shutdown d375daab-0aec-4ab2-a7ca-6760e990c046@group-A91D5C9319B3-LeaderElection13
2023-07-06 10:48:20,957 [d375daab-0aec-4ab2-a7ca-6760e990c046@group-A91D5C9319B3-LeaderElection13] INFO  server.RaftServer$Division (RaftServerImpl.java:setRole(329)) - d375daab-0aec-4ab2-a7ca-6760e990c046@group-A91D5C9319B3: changes role from CANDIDATE to LEADER at term 1 for changeToLeader
2023-07-06 10:48:20,957 [d375daab-0aec-4ab2-a7ca-6760e990c046@group-A91D5C9319B3-LeaderElection13] INFO  ratis.XceiverServerRatis (XceiverServerRatis.java:handleLeaderChangedNotification(902)) - Leader change notification received for group: group-A91D5C9319B3 with new leaderId: d375daab-0aec-4ab2-a7ca-6760e990c046
2023-07-06 10:48:20,958 [d375daab-0aec-4ab2-a7ca-6760e990c046@group-A91D5C9319B3-LeaderElection13] INFO  server.RaftServer$Division (ServerState.java:setLeader(317)) - d375daab-0aec-4ab2-a7ca-6760e990c046@group-A91D5C9319B3: change Leader from null to d375daab-0aec-4ab2-a7ca-6760e990c046 at term 1 for becomeLeader, leader elected after 5257ms
2023-07-06 10:48:20,958 [d375daab-0aec-4ab2-a7ca-6760e990c046@group-A91D5C9319B3-LeaderElection13] INFO  server.RaftServerConfigKeys (ConfUtils.java:logGet(46)) - raft.server.staging.catchup.gap = 1000 (default)
2023-07-06 10:48:20,958 [d375daab-0aec-4ab2-a7ca-6760e990c046@group-A91D5C9319B3-LeaderElection13] INFO  server.RaftServerConfigKeys (ConfUtils.java:logGet(46)) - raft.server.write.element-limit = 1024 (custom)
2023-07-06 10:48:20,958 [d375daab-0aec-4ab2-a7ca-6760e990c046@group-A91D5C9319B3-LeaderElection13] INFO  server.RaftServerConfigKeys (ConfUtils.java:logGet(46)) - raft.server.write.byte-limit = 1024 M (=1073741824) (custom)
2023-07-06 10:48:20,958 [d375daab-0aec-4ab2-a7ca-6760e990c046@group-A91D5C9319B3-LeaderElection13] INFO  server.RaftServerConfigKeys (ConfUtils.java:logGet(46)) - raft.server.watch.timeout = 180s (custom)
2023-07-06 10:48:20,958 [d375daab-0aec-4ab2-a7ca-6760e990c046@group-A91D5C9319B3-LeaderElection13] INFO  server.RaftServerConfigKeys (ConfUtils.java:logGet(46)) - raft.server.watch.timeout.denomination = 1s (default)
2023-07-06 10:48:20,958 [d375daab-0aec-4ab2-a7ca-6760e990c046@group-A91D5C9319B3-LeaderElection13] INFO  server.RaftServerConfigKeys (ConfUtils.java:logGet(46)) - raft.server.watch.element-limit = 65536 (default)
2023-07-06 10:48:20,959 [d375daab-0aec-4ab2-a7ca-6760e990c046@group-A91D5C9319B3-LeaderElection13] INFO  server.RaftServerConfigKeys (ConfUtils.java:logGet(46)) - raft.server.write.element-limit = 1024 (custom)
2023-07-06 10:48:20,959 [d375daab-0aec-4ab2-a7ca-6760e990c046@group-A91D5C9319B3-LeaderElection13] INFO  server.RaftServerConfigKeys (ConfUtils.java:logGet(46)) - raft.server.write.follower.gap.ratio.max = -1.0 (default)
2023-07-06 10:48:20,959 [grpc-default-executor-1] INFO  server.RaftServer$Division (RaftServerImpl.java:requestVote(1335)) - 5390630e-efcd-4aa9-9191-8580c5ddb99b@group-A91D5C9319B3 replies to ELECTION vote request: d375daab-0aec-4ab2-a7ca-6760e990c046<-5390630e-efcd-4aa9-9191-8580c5ddb99b#0:OK-t1. Peer's state: 5390630e-efcd-4aa9-9191-8580c5ddb99b@group-A91D5C9319B3:t1, leader=null, voted=d375daab-0aec-4ab2-a7ca-6760e990c046, raftlog=Memoized:5390630e-efcd-4aa9-9191-8580c5ddb99b@group-A91D5C9319B3-SegmentedRaftLog:OPENED:c-1, conf=-1: peers:[5a53f96e-bd62-406a-bc4f-c3e0845cabf5|rpc:10.1.0.19:15059|admin:10.1.0.19:15058|client:10.1.0.19:15057|dataStream:10.1.0.19:15060|priority:0|startupRole:FOLLOWER, 5390630e-efcd-4aa9-9191-8580c5ddb99b|rpc:10.1.0.19:15050|admin:10.1.0.19:15049|client:10.1.0.19:15048|dataStream:10.1.0.19:15051|priority:0|startupRole:FOLLOWER, d375daab-0aec-4ab2-a7ca-6760e990c046|rpc:10.1.0.19:15041|admin:10.1.0.19:15040|client:10.1.0.19:15039|dataStream:10.1.0.19:15042|priority:1|startupRole:FOLLOWER]|listeners:[], old=null
2023-07-06 10:48:20,959 [d375daab-0aec-4ab2-a7ca-6760e990c046@group-A91D5C9319B3-LeaderElection13] INFO  server.RaftServerConfigKeys (ConfUtils.java:logGet(46)) - raft.server.log.appender.snapshot.chunk.size.max = 16MB (=16777216) (default)
2023-07-06 10:48:20,959 [d375daab-0aec-4ab2-a7ca-6760e990c046@group-A91D5C9319B3-LeaderElection13] INFO  server.RaftServerConfigKeys (ConfUtils.java:logGet(46)) - raft.server.log.appender.buffer.byte-limit = 33554432 (custom)
2023-07-06 10:48:20,959 [d375daab-0aec-4ab2-a7ca-6760e990c046@group-A91D5C9319B3-LeaderElection13] INFO  server.RaftServerConfigKeys (ConfUtils.java:logGet(46)) - raft.server.log.appender.buffer.element-limit = 1 (custom)
2023-07-06 10:48:20,959 [d375daab-0aec-4ab2-a7ca-6760e990c046@group-A91D5C9319B3-LeaderElection13] INFO  server.RaftServerConfigKeys (ConfUtils.java:logGet(46)) - raft.server.log.appender.wait-time.min = 10ms (default)
2023-07-06 10:48:20,959 [d375daab-0aec-4ab2-a7ca-6760e990c046@group-A91D5C9319B3-LeaderElection13] INFO  grpc.GrpcConfigKeys (ConfUtils.java:logGet(46)) - raft.grpc.server.leader.outstanding.appends.max = 128 (default)
2023-07-06 10:48:20,960 [d375daab-0aec-4ab2-a7ca-6760e990c046@group-A91D5C9319B3-LeaderElection13] INFO  server.RaftServerConfigKeys (ConfUtils.java:logGet(46)) - raft.server.rpc.request.timeout = 60s (custom)
2023-07-06 10:48:20,960 [d375daab-0aec-4ab2-a7ca-6760e990c046@group-A91D5C9319B3-LeaderElection13] INFO  grpc.GrpcConfigKeys (ConfUtils.java:logGet(46)) - raft.grpc.server.install_snapshot.request.element-limit = 8 (default)
2023-07-06 10:48:20,960 [d375daab-0aec-4ab2-a7ca-6760e990c046@group-A91D5C9319B3-LeaderElection13] INFO  grpc.GrpcConfigKeys (ConfUtils.java:logGet(46)) - raft.grpc.server.install_snapshot.request.timeout = 3000ms (default)
2023-07-06 10:48:20,960 [d375daab-0aec-4ab2-a7ca-6760e990c046@group-A91D5C9319B3-LeaderElection13] INFO  server.RaftServerConfigKeys (ConfUtils.java:logGet(46)) - raft.server.log.appender.install.snapshot.enabled = false (custom)
2023-07-06 10:48:20,960 [d375daab-0aec-4ab2-a7ca-6760e990c046@group-A91D5C9319B3-LeaderElection13] INFO  grpc.GrpcConfigKeys (ConfUtils.java:logGet(46)) - raft.grpc.server.heartbeat.channel = true (default)
2023-07-06 10:48:20,960 [d375daab-0aec-4ab2-a7ca-6760e990c046@group-A91D5C9319B3-LeaderElection13] INFO  server.RaftServerConfigKeys (ConfUtils.java:logGet(46)) - raft.server.log.appender.snapshot.chunk.size.max = 16MB (=16777216) (default)
2023-07-06 10:48:20,960 [d375daab-0aec-4ab2-a7ca-6760e990c046@group-A91D5C9319B3-LeaderElection13] INFO  server.RaftServerConfigKeys (ConfUtils.java:logGet(46)) - raft.server.log.appender.buffer.byte-limit = 33554432 (custom)
2023-07-06 10:48:20,961 [d375daab-0aec-4ab2-a7ca-6760e990c046@group-A91D5C9319B3-LeaderElection13] INFO  server.RaftServerConfigKeys (ConfUtils.java:logGet(46)) - raft.server.log.appender.buffer.element-limit = 1 (custom)
2023-07-06 10:48:20,961 [d375daab-0aec-4ab2-a7ca-6760e990c046@group-A91D5C9319B3-LeaderElection13] INFO  server.RaftServerConfigKeys (ConfUtils.java:logGet(46)) - raft.server.log.appender.wait-time.min = 10ms (default)
2023-07-06 10:48:20,961 [d375daab-0aec-4ab2-a7ca-6760e990c046@group-A91D5C9319B3-LeaderElection13] INFO  grpc.GrpcConfigKeys (ConfUtils.java:logGet(46)) - raft.grpc.server.leader.outstanding.appends.max = 128 (default)
2023-07-06 10:48:20,961 [d375daab-0aec-4ab2-a7ca-6760e990c046@group-A91D5C9319B3-LeaderElection13] INFO  server.RaftServerConfigKeys (ConfUtils.java:logGet(46)) - raft.server.rpc.request.timeout = 60s (custom)
2023-07-06 10:48:20,961 [d375daab-0aec-4ab2-a7ca-6760e990c046@group-A91D5C9319B3-LeaderElection13] INFO  grpc.GrpcConfigKeys (ConfUtils.java:logGet(46)) - raft.grpc.server.install_snapshot.request.element-limit = 8 (default)
2023-07-06 10:48:20,963 [EventQueue-PipelineReportForPipelineReportHandler] INFO  pipeline.PipelineReportHandler (PipelineReportHandler.java:processPipelineReport(136)) - Opened pipeline PipelineID=440568b4-d166-4e63-9f40-a91d5c9319b3
2023-07-06 10:48:20,966 [d375daab-0aec-4ab2-a7ca-6760e990c046@group-A91D5C9319B3-LeaderElection13] INFO  grpc.GrpcConfigKeys (ConfUtils.java:logGet(46)) - raft.grpc.server.install_snapshot.request.timeout = 3000ms (default)
2023-07-06 10:48:20,966 [d375daab-0aec-4ab2-a7ca-6760e990c046@group-A91D5C9319B3-LeaderElection13] INFO  server.RaftServerConfigKeys (ConfUtils.java:logGet(46)) - raft.server.log.appender.install.snapshot.enabled = false (custom)
2023-07-06 10:48:20,967 [d375daab-0aec-4ab2-a7ca-6760e990c046@group-A91D5C9319B3-LeaderElection13] INFO  grpc.GrpcConfigKeys (ConfUtils.java:logGet(46)) - raft.grpc.server.heartbeat.channel = true (default)
2023-07-06 10:48:20,967 [d375daab-0aec-4ab2-a7ca-6760e990c046@group-A91D5C9319B3-LeaderElection13] INFO  impl.RoleInfo (RoleInfo.java:updateAndGet(139)) - d375daab-0aec-4ab2-a7ca-6760e990c046: start d375daab-0aec-4ab2-a7ca-6760e990c046@group-A91D5C9319B3-LeaderStateImpl
2023-07-06 10:48:20,967 [d375daab-0aec-4ab2-a7ca-6760e990c046@group-A91D5C9319B3-LeaderElection13] INFO  segmented.SegmentedRaftLogWorker (SegmentedRaftLogWorker.java:startLogSegment(447)) - d375daab-0aec-4ab2-a7ca-6760e990c046@group-A91D5C9319B3-SegmentedRaftLogWorker: Starting segment from index:0
2023-07-06 10:48:20,971 [d375daab-0aec-4ab2-a7ca-6760e990c046@group-A91D5C9319B3-SegmentedRaftLogWorker] INFO  segmented.SegmentedRaftLogWorker (SegmentedRaftLogWorker.java:execute(651)) - d375daab-0aec-4ab2-a7ca-6760e990c046@group-A91D5C9319B3-SegmentedRaftLogWorker: created new log segment /home/runner/work/ozone/ozone/hadoop-ozone/integration-test/target/test-dir/MiniOzoneClusterImpl-8ecce792-0b29-40a4-bcd2-9922915e3450/datanode-3/data/ratis/440568b4-d166-4e63-9f40-a91d5c9319b3/current/log_inprogress_0
2023-07-06 10:48:20,976 [d375daab-0aec-4ab2-a7ca-6760e990c046@group-A91D5C9319B3-LeaderElection13] INFO  server.RaftServer$Division (ServerState.java:setRaftConf(434)) - d375daab-0aec-4ab2-a7ca-6760e990c046@group-A91D5C9319B3: set configuration 0: peers:[5a53f96e-bd62-406a-bc4f-c3e0845cabf5|rpc:10.1.0.19:15059|admin:10.1.0.19:15058|client:10.1.0.19:15057|dataStream:10.1.0.19:15060|priority:0|startupRole:FOLLOWER, 5390630e-efcd-4aa9-9191-8580c5ddb99b|rpc:10.1.0.19:15050|admin:10.1.0.19:15049|client:10.1.0.19:15048|dataStream:10.1.0.19:15051|priority:0|startupRole:FOLLOWER, d375daab-0aec-4ab2-a7ca-6760e990c046|rpc:10.1.0.19:15041|admin:10.1.0.19:15040|client:10.1.0.19:15039|dataStream:10.1.0.19:15042|priority:1|startupRole:FOLLOWER]|listeners:[], old=null
2023-07-06 10:48:21,004 [5390630e-efcd-4aa9-9191-8580c5ddb99b-server-thread1] INFO  ratis.XceiverServerRatis (XceiverServerRatis.java:handleLeaderChangedNotification(902)) - Leader change notification received for group: group-A91D5C9319B3 with new leaderId: d375daab-0aec-4ab2-a7ca-6760e990c046
2023-07-06 10:48:21,004 [5390630e-efcd-4aa9-9191-8580c5ddb99b-server-thread1] INFO  server.RaftServer$Division (ServerState.java:setLeader(317)) - 5390630e-efcd-4aa9-9191-8580c5ddb99b@group-A91D5C9319B3: change Leader from null to d375daab-0aec-4ab2-a7ca-6760e990c046 at term 1 for appendEntries, leader elected after 5334ms
2023-07-06 10:48:21,010 [5a53f96e-bd62-406a-bc4f-c3e0845cabf5-server-thread2] INFO  ratis.XceiverServerRatis (XceiverServerRatis.java:handleLeaderChangedNotification(902)) - Leader change notification received for group: group-A91D5C9319B3 with new leaderId: d375daab-0aec-4ab2-a7ca-6760e990c046
2023-07-06 10:48:21,010 [5a53f96e-bd62-406a-bc4f-c3e0845cabf5-server-thread2] INFO  server.RaftServer$Division (ServerState.java:setLeader(317)) - 5a53f96e-bd62-406a-bc4f-c3e0845cabf5@group-A91D5C9319B3: change Leader from null to d375daab-0aec-4ab2-a7ca-6760e990c046 at term 1 for appendEntries, leader elected after 5181ms
2023-07-06 10:48:21,014 [5a53f96e-bd62-406a-bc4f-c3e0845cabf5-server-thread2] INFO  server.RaftServer$Division (ServerState.java:setRaftConf(434)) - 5a53f96e-bd62-406a-bc4f-c3e0845cabf5@group-A91D5C9319B3: set configuration 0: peers:[5a53f96e-bd62-406a-bc4f-c3e0845cabf5|rpc:10.1.0.19:15059|admin:10.1.0.19:15058|client:10.1.0.19:15057|dataStream:10.1.0.19:15060|priority:0|startupRole:FOLLOWER, 5390630e-efcd-4aa9-9191-8580c5ddb99b|rpc:10.1.0.19:15050|admin:10.1.0.19:15049|client:10.1.0.19:15048|dataStream:10.1.0.19:15051|priority:0|startupRole:FOLLOWER, d375daab-0aec-4ab2-a7ca-6760e990c046|rpc:10.1.0.19:15041|admin:10.1.0.19:15040|client:10.1.0.19:15039|dataStream:10.1.0.19:15042|priority:1|startupRole:FOLLOWER]|listeners:[], old=null
2023-07-06 10:48:21,014 [5a53f96e-bd62-406a-bc4f-c3e0845cabf5-server-thread2] INFO  segmented.SegmentedRaftLogWorker (SegmentedRaftLogWorker.java:startLogSegment(447)) - 5a53f96e-bd62-406a-bc4f-c3e0845cabf5@group-A91D5C9319B3-SegmentedRaftLogWorker: Starting segment from index:0
2023-07-06 10:48:21,014 [5390630e-efcd-4aa9-9191-8580c5ddb99b-server-thread2] INFO  server.RaftServer$Division (ServerState.java:setRaftConf(434)) - 5390630e-efcd-4aa9-9191-8580c5ddb99b@group-A91D5C9319B3: set configuration 0: peers:[5a53f96e-bd62-406a-bc4f-c3e0845cabf5|rpc:10.1.0.19:15059|admin:10.1.0.19:15058|client:10.1.0.19:15057|dataStream:10.1.0.19:15060|priority:0|startupRole:FOLLOWER, 5390630e-efcd-4aa9-9191-8580c5ddb99b|rpc:10.1.0.19:15050|admin:10.1.0.19:15049|client:10.1.0.19:15048|dataStream:10.1.0.19:15051|priority:0|startupRole:FOLLOWER, d375daab-0aec-4ab2-a7ca-6760e990c046|rpc:10.1.0.19:15041|admin:10.1.0.19:15040|client:10.1.0.19:15039|dataStream:10.1.0.19:15042|priority:1|startupRole:FOLLOWER]|listeners:[], old=null
2023-07-06 10:48:21,015 [5390630e-efcd-4aa9-9191-8580c5ddb99b-server-thread2] INFO  segmented.SegmentedRaftLogWorker (SegmentedRaftLogWorker.java:startLogSegment(447)) - 5390630e-efcd-4aa9-9191-8580c5ddb99b@group-A91D5C9319B3-SegmentedRaftLogWorker: Starting segment from index:0
2023-07-06 10:48:21,019 [5a53f96e-bd62-406a-bc4f-c3e0845cabf5@group-A91D5C9319B3-SegmentedRaftLogWorker] INFO  segmented.SegmentedRaftLogWorker (SegmentedRaftLogWorker.java:execute(651)) - 5a53f96e-bd62-406a-bc4f-c3e0845cabf5@group-A91D5C9319B3-SegmentedRaftLogWorker: created new log segment /home/runner/work/ozone/ozone/hadoop-ozone/integration-test/target/test-dir/MiniOzoneClusterImpl-8ecce792-0b29-40a4-bcd2-9922915e3450/datanode-5/data/ratis/440568b4-d166-4e63-9f40-a91d5c9319b3/current/log_inprogress_0
2023-07-06 10:48:21,019 [5390630e-efcd-4aa9-9191-8580c5ddb99b@group-A91D5C9319B3-SegmentedRaftLogWorker] INFO  segmented.SegmentedRaftLogWorker (SegmentedRaftLogWorker.java:execute(651)) - 5390630e-efcd-4aa9-9191-8580c5ddb99b@group-A91D5C9319B3-SegmentedRaftLogWorker: created new log segment /home/runner/work/ozone/ozone/hadoop-ozone/integration-test/target/test-dir/MiniOzoneClusterImpl-8ecce792-0b29-40a4-bcd2-9922915e3450/datanode-4/data/ratis/440568b4-d166-4e63-9f40-a91d5c9319b3/current/log_inprogress_0
2023-07-06 10:48:21,245 [qtp1221433900-15] ERROR generators.WadlGeneratorJAXBGrammarGenerator (WadlGeneratorJAXBGrammarGenerator.java:buildModelAndSchemas(207)) - Failed to generate the schema for the JAX-B elements
com.sun.xml.bind.v2.runtime.IllegalAnnotationsException: 1 counts of IllegalAnnotationExceptions
java.util.Map is an interface, and JAXB can't handle interfaces.
	this problem is related to the following location:
		at java.util.Map

	at com.sun.xml.bind.v2.runtime.IllegalAnnotationsException$Builder.check(IllegalAnnotationsException.java:106)
	at com.sun.xml.bind.v2.runtime.JAXBContextImpl.getTypeInfoSet(JAXBContextImpl.java:471)
	at com.sun.xml.bind.v2.runtime.JAXBContextImpl.<init>(JAXBContextImpl.java:303)
	at com.sun.xml.bind.v2.runtime.JAXBContextImpl.<init>(JAXBContextImpl.java:139)
	at com.sun.xml.bind.v2.runtime.JAXBContextImpl$JAXBContextBuilder.build(JAXBContextImpl.java:1156)
	at com.sun.xml.bind.v2.ContextFactory.createContext(ContextFactory.java:165)
	at sun.reflect.NativeMethodAccessorImpl.invoke0(Native Method)
	at sun.reflect.NativeMethodAccessorImpl.invoke(NativeMethodAccessorImpl.java:62)
	at sun.reflect.DelegatingMethodAccessorImpl.invoke(DelegatingMethodAccessorImpl.java:43)
	at java.lang.reflect.Method.invoke(Method.java:498)
	at javax.xml.bind.ContextFinder.newInstance(ContextFinder.java:247)
	at javax.xml.bind.ContextFinder.newInstance(ContextFinder.java:234)
	at javax.xml.bind.ContextFinder.find(ContextFinder.java:441)
	at javax.xml.bind.JAXBContext.newInstance(JAXBContext.java:641)
	at javax.xml.bind.JAXBContext.newInstance(JAXBContext.java:584)
	at com.sun.jersey.server.wadl.generators.WadlGeneratorJAXBGrammarGenerator.buildModelAndSchemas(WadlGeneratorJAXBGrammarGenerator.java:169)
	at com.sun.jersey.server.wadl.generators.AbstractWadlGeneratorGrammarGenerator.createExternalGrammar(AbstractWadlGeneratorGrammarGenerator.java:405)
	at com.sun.jersey.server.wadl.WadlBuilder.generate(WadlBuilder.java:149)
	at com.sun.jersey.server.impl.wadl.WadlApplicationContextImpl.getApplication(WadlApplicationContextImpl.java:119)
	at com.sun.jersey.server.impl.wadl.WadlApplicationContextImpl.getApplication(WadlApplicationContextImpl.java:138)
	at com.sun.jersey.server.impl.wadl.WadlMethodFactory$WadlOptionsMethodDispatcher.dispatch(WadlMethodFactory.java:110)
	at com.sun.jersey.server.impl.uri.rules.HttpMethodRule.accept(HttpMethodRule.java:302)
	at com.sun.jersey.server.impl.uri.rules.RightHandPathRule.accept(RightHandPathRule.java:147)
	at com.sun.jersey.server.impl.uri.rules.ResourceClassRule.accept(ResourceClassRule.java:108)
	at com.sun.jersey.server.impl.uri.rules.RightHandPathRule.accept(RightHandPathRule.java:147)
	at com.sun.jersey.server.impl.uri.rules.RootResourceClassesRule.accept(RootResourceClassesRule.java:84)
	at com.sun.jersey.server.impl.application.WebApplicationImpl._handleRequest(WebApplicationImpl.java:1542)
	at com.sun.jersey.server.impl.application.WebApplicationImpl._handleRequest(WebApplicationImpl.java:1473)
	at com.sun.jersey.server.impl.application.WebApplicationImpl.handleRequest(WebApplicationImpl.java:1419)
	at com.sun.jersey.server.impl.application.WebApplicationImpl.handleRequest(WebApplicationImpl.java:1409)
	at com.sun.jersey.spi.container.servlet.WebComponent.service(WebComponent.java:409)
	at com.sun.jersey.spi.container.servlet.ServletContainer.service(ServletContainer.java:558)
	at com.sun.jersey.spi.container.servlet.ServletContainer.service(ServletContainer.java:733)
	at javax.servlet.http.HttpServlet.service(HttpServlet.java:590)
	at org.eclipse.jetty.servlet.ServletHolder$NotAsync.service(ServletHolder.java:1459)
	at org.eclipse.jetty.servlet.ServletHolder.handle(ServletHolder.java:799)
	at org.eclipse.jetty.servlet.ServletHandler$ChainEnd.doFilter(ServletHandler.java:1656)
	at org.apache.hadoop.crypto.key.kms.server.KMSMDCFilter.doFilter(KMSMDCFilter.java:98)
	at org.eclipse.jetty.servlet.FilterHolder.doFilter(FilterHolder.java:193)
	at org.eclipse.jetty.servlet.ServletHandler$Chain.doFilter(ServletHandler.java:1626)
	at org.apache.hadoop.security.authentication.server.AuthenticationFilter.doFilter(AuthenticationFilter.java:650)
	at org.apache.hadoop.security.token.delegation.web.DelegationTokenAuthenticationFilter.doFilter(DelegationTokenAuthenticationFilter.java:305)
	at org.apache.hadoop.security.authentication.server.AuthenticationFilter.doFilter(AuthenticationFilter.java:592)
	at org.apache.hadoop.crypto.key.kms.server.KMSAuthenticationFilter.doFilter(KMSAuthenticationFilter.java:162)
	at org.eclipse.jetty.servlet.FilterHolder.doFilter(FilterHolder.java:201)
	at org.eclipse.jetty.servlet.ServletHandler$Chain.doFilter(ServletHandler.java:1626)
	at org.apache.hadoop.http.lib.StaticUserWebFilter$StaticUserFilter.doFilter(StaticUserWebFilter.java:110)
	at org.eclipse.jetty.servlet.FilterHolder.doFilter(FilterHolder.java:193)
	at org.eclipse.jetty.servlet.ServletHandler$Chain.doFilter(ServletHandler.java:1626)
	at org.apache.hadoop.http.HttpServer2$QuotingInputFilter.doFilter(HttpServer2.java:1794)
	at org.eclipse.jetty.servlet.FilterHolder.doFilter(FilterHolder.java:193)
	at org.eclipse.jetty.servlet.ServletHandler$Chain.doFilter(ServletHandler.java:1626)
	at org.apache.hadoop.http.NoCacheFilter.doFilter(NoCacheFilter.java:45)
	at org.eclipse.jetty.servlet.FilterHolder.doFilter(FilterHolder.java:193)
	at org.eclipse.jetty.servlet.ServletHandler$Chain.doFilter(ServletHandler.java:1626)
	at org.eclipse.jetty.servlet.ServletHandler.doHandle(ServletHandler.java:552)
	at org.eclipse.jetty.server.handler.ScopedHandler.handle(ScopedHandler.java:143)
	at org.eclipse.jetty.security.SecurityHandler.handle(SecurityHandler.java:600)
	at org.eclipse.jetty.server.handler.HandlerWrapper.handle(HandlerWrapper.java:127)
	at org.eclipse.jetty.server.handler.ScopedHandler.nextHandle(ScopedHandler.java:235)
	at org.eclipse.jetty.server.session.SessionHandler.doHandle(SessionHandler.java:1624)
	at org.eclipse.jetty.server.handler.ScopedHandler.nextHandle(ScopedHandler.java:233)
	at org.eclipse.jetty.server.handler.ContextHandler.doHandle(ContextHandler.java:1440)
	at org.eclipse.jetty.server.handler.ScopedHandler.nextScope(ScopedHandler.java:188)
	at org.eclipse.jetty.servlet.ServletHandler.doScope(ServletHandler.java:505)
	at org.eclipse.jetty.server.session.SessionHandler.doScope(SessionHandler.java:1594)
	at org.eclipse.jetty.server.handler.ScopedHandler.nextScope(ScopedHandler.java:186)
	at org.eclipse.jetty.server.handler.ContextHandler.doScope(ContextHandler.java:1355)
	at org.eclipse.jetty.server.handler.ScopedHandler.handle(ScopedHandler.java:141)
	at org.eclipse.jetty.server.handler.HandlerCollection.handle(HandlerCollection.java:146)
	at org.eclipse.jetty.server.handler.HandlerWrapper.handle(HandlerWrapper.java:127)
	at org.eclipse.jetty.server.Server.handle(Server.java:512)
	at org.eclipse.jetty.server.HttpChannel.lambda$handle$1(HttpChannel.java:487)
	at org.eclipse.jetty.server.HttpChannel.dispatch(HttpChannel.java:732)
	at org.eclipse.jetty.server.HttpChannel.handle(HttpChannel.java:479)
	at org.eclipse.jetty.server.HttpConnection.onFillable(HttpConnection.java:277)
	at org.eclipse.jetty.io.AbstractConnection$ReadCallback.succeeded(AbstractConnection.java:311)
	at org.eclipse.jetty.io.FillInterest.fillable(FillInterest.java:105)
	at org.eclipse.jetty.io.ChannelEndPoint$1.run(ChannelEndPoint.java:104)
	at org.eclipse.jetty.util.thread.strategy.EatWhatYouKill.runTask(EatWhatYouKill.java:338)
	at org.eclipse.jetty.util.thread.strategy.EatWhatYouKill.doProduce(EatWhatYouKill.java:315)
	at org.eclipse.jetty.util.thread.strategy.EatWhatYouKill.tryProduce(EatWhatYouKill.java:173)
	at org.eclipse.jetty.util.thread.strategy.EatWhatYouKill.produce(EatWhatYouKill.java:137)
	at org.eclipse.jetty.util.thread.QueuedThreadPool.runJob(QueuedThreadPool.java:883)
	at org.eclipse.jetty.util.thread.QueuedThreadPool$Runner.run(QueuedThreadPool.java:1034)
	at java.lang.Thread.run(Thread.java:750)
2023-07-06 10:48:21,249 [qtp1221433900-15] INFO  generators.AbstractWadlGeneratorGrammarGenerator (AbstractWadlGeneratorGrammarGenerator.java:attachTypes(479)) - Couldn't find grammar element for class javax.ws.rs.core.Response
2023-07-06 10:48:21,250 [qtp1221433900-15] INFO  generators.AbstractWadlGeneratorGrammarGenerator (AbstractWadlGeneratorGrammarGenerator.java:attachTypes(479)) - Couldn't find grammar element for class java.util.Map
2023-07-06 10:48:21,250 [qtp1221433900-15] INFO  generators.AbstractWadlGeneratorGrammarGenerator (AbstractWadlGeneratorGrammarGenerator.java:attachTypes(479)) - Couldn't find grammar element for class java.util.Map
2023-07-06 10:48:21,250 [qtp1221433900-15] INFO  generators.AbstractWadlGeneratorGrammarGenerator (AbstractWadlGeneratorGrammarGenerator.java:attachTypes(479)) - Couldn't find grammar element for class javax.ws.rs.core.Response
2023-07-06 10:48:21,251 [qtp1221433900-15] INFO  generators.AbstractWadlGeneratorGrammarGenerator (AbstractWadlGeneratorGrammarGenerator.java:attachTypes(479)) - Couldn't find grammar element for class java.util.Map
2023-07-06 10:48:21,251 [qtp1221433900-15] INFO  generators.AbstractWadlGeneratorGrammarGenerator (AbstractWadlGeneratorGrammarGenerator.java:attachTypes(479)) - Couldn't find grammar element for class java.util.Map
2023-07-06 10:48:21,251 [qtp1221433900-15] INFO  generators.AbstractWadlGeneratorGrammarGenerator (AbstractWadlGeneratorGrammarGenerator.java:attachTypes(479)) - Couldn't find grammar element for class javax.ws.rs.core.Response
2023-07-06 10:48:21,251 [qtp1221433900-15] INFO  generators.AbstractWadlGeneratorGrammarGenerator (AbstractWadlGeneratorGrammarGenerator.java:attachTypes(479)) - Couldn't find grammar element for class java.util.Map
2023-07-06 10:48:21,296 [5a53f96e-bd62-406a-bc4f-c3e0845cabf5@group-23B161878F94-FollowerState] INFO  impl.FollowerState (FollowerState.java:run(143)) - 5a53f96e-bd62-406a-bc4f-c3e0845cabf5@group-23B161878F94-FollowerState: change to CANDIDATE, lastRpcElapsedTime:5202362032ns, electionTimeout:5199ms
2023-07-06 10:48:21,296 [5a53f96e-bd62-406a-bc4f-c3e0845cabf5@group-23B161878F94-FollowerState] INFO  impl.RoleInfo (RoleInfo.java:shutdownFollowerState(110)) - 5a53f96e-bd62-406a-bc4f-c3e0845cabf5: shutdown 5a53f96e-bd62-406a-bc4f-c3e0845cabf5@group-23B161878F94-FollowerState
2023-07-06 10:48:21,297 [5a53f96e-bd62-406a-bc4f-c3e0845cabf5@group-23B161878F94-FollowerState] INFO  server.RaftServer$Division (RaftServerImpl.java:setRole(329)) - 5a53f96e-bd62-406a-bc4f-c3e0845cabf5@group-23B161878F94: changes role from  FOLLOWER to CANDIDATE at term 0 for changeToCandidate
2023-07-06 10:48:21,297 [5a53f96e-bd62-406a-bc4f-c3e0845cabf5@group-23B161878F94-FollowerState] INFO  server.RaftServerConfigKeys (ConfUtils.java:logGet(46)) - raft.server.leaderelection.pre-vote = true (default)
2023-07-06 10:48:21,297 [5a53f96e-bd62-406a-bc4f-c3e0845cabf5@group-23B161878F94-FollowerState] INFO  impl.RoleInfo (RoleInfo.java:updateAndGet(139)) - 5a53f96e-bd62-406a-bc4f-c3e0845cabf5: start 5a53f96e-bd62-406a-bc4f-c3e0845cabf5@group-23B161878F94-LeaderElection14
2023-07-06 10:48:21,301 [5a53f96e-bd62-406a-bc4f-c3e0845cabf5@group-23B161878F94-LeaderElection14] INFO  impl.LeaderElection (LeaderElection.java:askForVotes(321)) - 5a53f96e-bd62-406a-bc4f-c3e0845cabf5@group-23B161878F94-LeaderElection14 PRE_VOTE round 0: submit vote requests at term 0 for -1: peers:[5a53f96e-bd62-406a-bc4f-c3e0845cabf5|rpc:10.1.0.19:15059|admin:10.1.0.19:15058|client:10.1.0.19:15057|dataStream:10.1.0.19:15060|priority:1|startupRole:FOLLOWER]|listeners:[], old=null
2023-07-06 10:48:21,301 [5a53f96e-bd62-406a-bc4f-c3e0845cabf5@group-23B161878F94-LeaderElection14] INFO  impl.LeaderElection (LeaderElection.java:askForVotes(323)) - 5a53f96e-bd62-406a-bc4f-c3e0845cabf5@group-23B161878F94-LeaderElection14 PRE_VOTE round 0: result PASSED (term=0)
2023-07-06 10:48:21,303 [5a53f96e-bd62-406a-bc4f-c3e0845cabf5@group-23B161878F94-LeaderElection14] INFO  impl.LeaderElection (LeaderElection.java:askForVotes(321)) - 5a53f96e-bd62-406a-bc4f-c3e0845cabf5@group-23B161878F94-LeaderElection14 ELECTION round 0: submit vote requests at term 1 for -1: peers:[5a53f96e-bd62-406a-bc4f-c3e0845cabf5|rpc:10.1.0.19:15059|admin:10.1.0.19:15058|client:10.1.0.19:15057|dataStream:10.1.0.19:15060|priority:1|startupRole:FOLLOWER]|listeners:[], old=null
2023-07-06 10:48:21,303 [5a53f96e-bd62-406a-bc4f-c3e0845cabf5@group-23B161878F94-LeaderElection14] INFO  impl.LeaderElection (LeaderElection.java:askForVotes(323)) - 5a53f96e-bd62-406a-bc4f-c3e0845cabf5@group-23B161878F94-LeaderElection14 ELECTION round 0: result PASSED (term=1)
2023-07-06 10:48:21,303 [5a53f96e-bd62-406a-bc4f-c3e0845cabf5@group-23B161878F94-LeaderElection14] INFO  impl.RoleInfo (RoleInfo.java:shutdownLeaderElection(130)) - 5a53f96e-bd62-406a-bc4f-c3e0845cabf5: shutdown 5a53f96e-bd62-406a-bc4f-c3e0845cabf5@group-23B161878F94-LeaderElection14
2023-07-06 10:48:21,303 [5a53f96e-bd62-406a-bc4f-c3e0845cabf5@group-23B161878F94-LeaderElection14] INFO  server.RaftServer$Division (RaftServerImpl.java:setRole(329)) - 5a53f96e-bd62-406a-bc4f-c3e0845cabf5@group-23B161878F94: changes role from CANDIDATE to LEADER at term 1 for changeToLeader
2023-07-06 10:48:21,303 [5a53f96e-bd62-406a-bc4f-c3e0845cabf5@group-23B161878F94-LeaderElection14] INFO  ratis.XceiverServerRatis (XceiverServerRatis.java:handleLeaderChangedNotification(902)) - Leader change notification received for group: group-23B161878F94 with new leaderId: 5a53f96e-bd62-406a-bc4f-c3e0845cabf5
2023-07-06 10:48:21,303 [5a53f96e-bd62-406a-bc4f-c3e0845cabf5@group-23B161878F94-LeaderElection14] INFO  server.RaftServer$Division (ServerState.java:setLeader(317)) - 5a53f96e-bd62-406a-bc4f-c3e0845cabf5@group-23B161878F94: change Leader from null to 5a53f96e-bd62-406a-bc4f-c3e0845cabf5 at term 1 for becomeLeader, leader elected after 5229ms
2023-07-06 10:48:21,310 [5a53f96e-bd62-406a-bc4f-c3e0845cabf5@group-23B161878F94-LeaderElection14] INFO  server.RaftServerConfigKeys (ConfUtils.java:logGet(46)) - raft.server.staging.catchup.gap = 1000 (default)
2023-07-06 10:48:21,313 [5a53f96e-bd62-406a-bc4f-c3e0845cabf5@group-23B161878F94-LeaderElection14] INFO  server.RaftServerConfigKeys (ConfUtils.java:logGet(46)) - raft.server.write.element-limit = 1024 (custom)
2023-07-06 10:48:21,313 [5a53f96e-bd62-406a-bc4f-c3e0845cabf5@group-23B161878F94-LeaderElection14] INFO  server.RaftServerConfigKeys (ConfUtils.java:logGet(46)) - raft.server.write.byte-limit = 1024 M (=1073741824) (custom)
2023-07-06 10:48:21,314 [5a53f96e-bd62-406a-bc4f-c3e0845cabf5@group-23B161878F94-LeaderElection14] INFO  server.RaftServerConfigKeys (ConfUtils.java:logGet(46)) - raft.server.watch.timeout = 180s (custom)
2023-07-06 10:48:21,314 [5a53f96e-bd62-406a-bc4f-c3e0845cabf5@group-23B161878F94-LeaderElection14] INFO  server.RaftServerConfigKeys (ConfUtils.java:logGet(46)) - raft.server.watch.timeout.denomination = 1s (default)
2023-07-06 10:48:21,314 [5a53f96e-bd62-406a-bc4f-c3e0845cabf5@group-23B161878F94-LeaderElection14] INFO  server.RaftServerConfigKeys (ConfUtils.java:logGet(46)) - raft.server.watch.element-limit = 65536 (default)
2023-07-06 10:48:21,314 [5a53f96e-bd62-406a-bc4f-c3e0845cabf5@group-23B161878F94-LeaderElection14] INFO  server.RaftServerConfigKeys (ConfUtils.java:logGet(46)) - raft.server.write.element-limit = 1024 (custom)
2023-07-06 10:48:21,316 [5a53f96e-bd62-406a-bc4f-c3e0845cabf5@group-23B161878F94-LeaderElection14] INFO  server.RaftServerConfigKeys (ConfUtils.java:logGet(46)) - raft.server.write.follower.gap.ratio.max = -1.0 (default)
2023-07-06 10:48:21,316 [5a53f96e-bd62-406a-bc4f-c3e0845cabf5@group-23B161878F94-LeaderElection14] INFO  impl.RoleInfo (RoleInfo.java:updateAndGet(139)) - 5a53f96e-bd62-406a-bc4f-c3e0845cabf5: start 5a53f96e-bd62-406a-bc4f-c3e0845cabf5@group-23B161878F94-LeaderStateImpl
2023-07-06 10:48:21,316 [5a53f96e-bd62-406a-bc4f-c3e0845cabf5@group-23B161878F94-LeaderElection14] INFO  segmented.SegmentedRaftLogWorker (SegmentedRaftLogWorker.java:startLogSegment(447)) - 5a53f96e-bd62-406a-bc4f-c3e0845cabf5@group-23B161878F94-SegmentedRaftLogWorker: Starting segment from index:0
2023-07-06 10:48:21,320 [5a53f96e-bd62-406a-bc4f-c3e0845cabf5@group-23B161878F94-SegmentedRaftLogWorker] INFO  segmented.SegmentedRaftLogWorker (SegmentedRaftLogWorker.java:execute(651)) - 5a53f96e-bd62-406a-bc4f-c3e0845cabf5@group-23B161878F94-SegmentedRaftLogWorker: created new log segment /home/runner/work/ozone/ozone/hadoop-ozone/integration-test/target/test-dir/MiniOzoneClusterImpl-8ecce792-0b29-40a4-bcd2-9922915e3450/datanode-5/data/ratis/c6092d7d-cd6b-4ee1-84ad-23b161878f94/current/log_inprogress_0
2023-07-06 10:48:21,323 [5a53f96e-bd62-406a-bc4f-c3e0845cabf5@group-23B161878F94-LeaderElection14] INFO  server.RaftServer$Division (ServerState.java:setRaftConf(434)) - 5a53f96e-bd62-406a-bc4f-c3e0845cabf5@group-23B161878F94: set configuration 0: peers:[5a53f96e-bd62-406a-bc4f-c3e0845cabf5|rpc:10.1.0.19:15059|admin:10.1.0.19:15058|client:10.1.0.19:15057|dataStream:10.1.0.19:15060|priority:1|startupRole:FOLLOWER]|listeners:[], old=null
2023-07-06 10:48:21,639 [2536bb46-c5d2-4252-aed1-a79348143fe8@group-AF25AE18551F-FollowerState] INFO  impl.FollowerState (FollowerState.java:run(143)) - 2536bb46-c5d2-4252-aed1-a79348143fe8@group-AF25AE18551F-FollowerState: change to CANDIDATE, lastRpcElapsedTime:5061743198ns, electionTimeout:5056ms
2023-07-06 10:48:21,639 [2536bb46-c5d2-4252-aed1-a79348143fe8@group-AF25AE18551F-FollowerState] INFO  impl.RoleInfo (RoleInfo.java:shutdownFollowerState(110)) - 2536bb46-c5d2-4252-aed1-a79348143fe8: shutdown 2536bb46-c5d2-4252-aed1-a79348143fe8@group-AF25AE18551F-FollowerState
2023-07-06 10:48:21,639 [2536bb46-c5d2-4252-aed1-a79348143fe8@group-AF25AE18551F-FollowerState] INFO  server.RaftServer$Division (RaftServerImpl.java:setRole(329)) - 2536bb46-c5d2-4252-aed1-a79348143fe8@group-AF25AE18551F: changes role from  FOLLOWER to CANDIDATE at term 0 for changeToCandidate
2023-07-06 10:48:21,639 [2536bb46-c5d2-4252-aed1-a79348143fe8@group-AF25AE18551F-FollowerState] INFO  server.RaftServerConfigKeys (ConfUtils.java:logGet(46)) - raft.server.leaderelection.pre-vote = true (default)
2023-07-06 10:48:21,639 [2536bb46-c5d2-4252-aed1-a79348143fe8@group-AF25AE18551F-FollowerState] INFO  impl.RoleInfo (RoleInfo.java:updateAndGet(139)) - 2536bb46-c5d2-4252-aed1-a79348143fe8: start 2536bb46-c5d2-4252-aed1-a79348143fe8@group-AF25AE18551F-LeaderElection15
2023-07-06 10:48:21,648 [2536bb46-c5d2-4252-aed1-a79348143fe8@group-AF25AE18551F-LeaderElection15] INFO  impl.LeaderElection (LeaderElection.java:askForVotes(321)) - 2536bb46-c5d2-4252-aed1-a79348143fe8@group-AF25AE18551F-LeaderElection15 PRE_VOTE round 0: submit vote requests at term 0 for -1: peers:[2536bb46-c5d2-4252-aed1-a79348143fe8|rpc:10.1.0.19:15068|admin:10.1.0.19:15067|client:10.1.0.19:15066|dataStream:10.1.0.19:15069|priority:1|startupRole:FOLLOWER]|listeners:[], old=null
2023-07-06 10:48:21,648 [2536bb46-c5d2-4252-aed1-a79348143fe8@group-AF25AE18551F-LeaderElection15] INFO  impl.LeaderElection (LeaderElection.java:askForVotes(323)) - 2536bb46-c5d2-4252-aed1-a79348143fe8@group-AF25AE18551F-LeaderElection15 PRE_VOTE round 0: result PASSED (term=0)
2023-07-06 10:48:21,650 [2536bb46-c5d2-4252-aed1-a79348143fe8@group-AF25AE18551F-LeaderElection15] INFO  impl.LeaderElection (LeaderElection.java:askForVotes(321)) - 2536bb46-c5d2-4252-aed1-a79348143fe8@group-AF25AE18551F-LeaderElection15 ELECTION round 0: submit vote requests at term 1 for -1: peers:[2536bb46-c5d2-4252-aed1-a79348143fe8|rpc:10.1.0.19:15068|admin:10.1.0.19:15067|client:10.1.0.19:15066|dataStream:10.1.0.19:15069|priority:1|startupRole:FOLLOWER]|listeners:[], old=null
2023-07-06 10:48:21,650 [2536bb46-c5d2-4252-aed1-a79348143fe8@group-AF25AE18551F-LeaderElection15] INFO  impl.LeaderElection (LeaderElection.java:askForVotes(323)) - 2536bb46-c5d2-4252-aed1-a79348143fe8@group-AF25AE18551F-LeaderElection15 ELECTION round 0: result PASSED (term=1)
2023-07-06 10:48:21,650 [2536bb46-c5d2-4252-aed1-a79348143fe8@group-AF25AE18551F-LeaderElection15] INFO  impl.RoleInfo (RoleInfo.java:shutdownLeaderElection(130)) - 2536bb46-c5d2-4252-aed1-a79348143fe8: shutdown 2536bb46-c5d2-4252-aed1-a79348143fe8@group-AF25AE18551F-LeaderElection15
2023-07-06 10:48:21,650 [2536bb46-c5d2-4252-aed1-a79348143fe8@group-AF25AE18551F-LeaderElection15] INFO  server.RaftServer$Division (RaftServerImpl.java:setRole(329)) - 2536bb46-c5d2-4252-aed1-a79348143fe8@group-AF25AE18551F: changes role from CANDIDATE to LEADER at term 1 for changeToLeader
2023-07-06 10:48:21,651 [2536bb46-c5d2-4252-aed1-a79348143fe8@group-AF25AE18551F-LeaderElection15] INFO  ratis.XceiverServerRatis (XceiverServerRatis.java:handleLeaderChangedNotification(902)) - Leader change notification received for group: group-AF25AE18551F with new leaderId: 2536bb46-c5d2-4252-aed1-a79348143fe8
2023-07-06 10:48:21,651 [2536bb46-c5d2-4252-aed1-a79348143fe8@group-AF25AE18551F-LeaderElection15] INFO  server.RaftServer$Division (ServerState.java:setLeader(317)) - 2536bb46-c5d2-4252-aed1-a79348143fe8@group-AF25AE18551F: change Leader from null to 2536bb46-c5d2-4252-aed1-a79348143fe8 at term 1 for becomeLeader, leader elected after 5093ms
2023-07-06 10:48:21,651 [2536bb46-c5d2-4252-aed1-a79348143fe8@group-AF25AE18551F-LeaderElection15] INFO  server.RaftServerConfigKeys (ConfUtils.java:logGet(46)) - raft.server.staging.catchup.gap = 1000 (default)
2023-07-06 10:48:21,651 [2536bb46-c5d2-4252-aed1-a79348143fe8@group-AF25AE18551F-LeaderElection15] INFO  server.RaftServerConfigKeys (ConfUtils.java:logGet(46)) - raft.server.write.element-limit = 1024 (custom)
2023-07-06 10:48:21,655 [2536bb46-c5d2-4252-aed1-a79348143fe8@group-AF25AE18551F-LeaderElection15] INFO  server.RaftServerConfigKeys (ConfUtils.java:logGet(46)) - raft.server.write.byte-limit = 1024 M (=1073741824) (custom)
2023-07-06 10:48:21,655 [2536bb46-c5d2-4252-aed1-a79348143fe8@group-AF25AE18551F-LeaderElection15] INFO  server.RaftServerConfigKeys (ConfUtils.java:logGet(46)) - raft.server.watch.timeout = 180s (custom)
2023-07-06 10:48:21,656 [2536bb46-c5d2-4252-aed1-a79348143fe8@group-AF25AE18551F-LeaderElection15] INFO  server.RaftServerConfigKeys (ConfUtils.java:logGet(46)) - raft.server.watch.timeout.denomination = 1s (default)
2023-07-06 10:48:21,656 [2536bb46-c5d2-4252-aed1-a79348143fe8@group-AF25AE18551F-LeaderElection15] INFO  server.RaftServerConfigKeys (ConfUtils.java:logGet(46)) - raft.server.watch.element-limit = 65536 (default)
2023-07-06 10:48:21,656 [2536bb46-c5d2-4252-aed1-a79348143fe8@group-AF25AE18551F-LeaderElection15] INFO  server.RaftServerConfigKeys (ConfUtils.java:logGet(46)) - raft.server.write.element-limit = 1024 (custom)
2023-07-06 10:48:21,656 [2536bb46-c5d2-4252-aed1-a79348143fe8@group-AF25AE18551F-LeaderElection15] INFO  server.RaftServerConfigKeys (ConfUtils.java:logGet(46)) - raft.server.write.follower.gap.ratio.max = -1.0 (default)
2023-07-06 10:48:21,656 [2536bb46-c5d2-4252-aed1-a79348143fe8@group-AF25AE18551F-LeaderElection15] INFO  impl.RoleInfo (RoleInfo.java:updateAndGet(139)) - 2536bb46-c5d2-4252-aed1-a79348143fe8: start 2536bb46-c5d2-4252-aed1-a79348143fe8@group-AF25AE18551F-LeaderStateImpl
2023-07-06 10:48:21,656 [2536bb46-c5d2-4252-aed1-a79348143fe8@group-AF25AE18551F-LeaderElection15] INFO  segmented.SegmentedRaftLogWorker (SegmentedRaftLogWorker.java:startLogSegment(447)) - 2536bb46-c5d2-4252-aed1-a79348143fe8@group-AF25AE18551F-SegmentedRaftLogWorker: Starting segment from index:0
2023-07-06 10:48:21,661 [2536bb46-c5d2-4252-aed1-a79348143fe8@group-AF25AE18551F-LeaderElection15] INFO  server.RaftServer$Division (ServerState.java:setRaftConf(434)) - 2536bb46-c5d2-4252-aed1-a79348143fe8@group-AF25AE18551F: set configuration 0: peers:[2536bb46-c5d2-4252-aed1-a79348143fe8|rpc:10.1.0.19:15068|admin:10.1.0.19:15067|client:10.1.0.19:15066|dataStream:10.1.0.19:15069|priority:1|startupRole:FOLLOWER]|listeners:[], old=null
2023-07-06 10:48:21,662 [2536bb46-c5d2-4252-aed1-a79348143fe8@group-AF25AE18551F-SegmentedRaftLogWorker] INFO  segmented.SegmentedRaftLogWorker (SegmentedRaftLogWorker.java:execute(651)) - 2536bb46-c5d2-4252-aed1-a79348143fe8@group-AF25AE18551F-SegmentedRaftLogWorker: created new log segment /home/runner/work/ozone/ozone/hadoop-ozone/integration-test/target/test-dir/MiniOzoneClusterImpl-8ecce792-0b29-40a4-bcd2-9922915e3450/datanode-6/data/ratis/1f027ad1-4cc7-482d-af06-af25ae18551f/current/log_inprogress_0
2023-07-06 10:48:21,717 [30003da1-a7bf-44b2-b897-92f161ae05e1@group-744E734AE1C7-FollowerState] INFO  impl.FollowerState (FollowerState.java:run(143)) - 30003da1-a7bf-44b2-b897-92f161ae05e1@group-744E734AE1C7-FollowerState: change to CANDIDATE, lastRpcElapsedTime:5062634792ns, electionTimeout:5061ms
2023-07-06 10:48:21,717 [30003da1-a7bf-44b2-b897-92f161ae05e1@group-744E734AE1C7-FollowerState] INFO  impl.RoleInfo (RoleInfo.java:shutdownFollowerState(110)) - 30003da1-a7bf-44b2-b897-92f161ae05e1: shutdown 30003da1-a7bf-44b2-b897-92f161ae05e1@group-744E734AE1C7-FollowerState
2023-07-06 10:48:21,718 [30003da1-a7bf-44b2-b897-92f161ae05e1@group-744E734AE1C7-FollowerState] INFO  server.RaftServer$Division (RaftServerImpl.java:setRole(329)) - 30003da1-a7bf-44b2-b897-92f161ae05e1@group-744E734AE1C7: changes role from  FOLLOWER to CANDIDATE at term 0 for changeToCandidate
2023-07-06 10:48:21,718 [30003da1-a7bf-44b2-b897-92f161ae05e1@group-744E734AE1C7-FollowerState] INFO  server.RaftServerConfigKeys (ConfUtils.java:logGet(46)) - raft.server.leaderelection.pre-vote = true (default)
2023-07-06 10:48:21,718 [30003da1-a7bf-44b2-b897-92f161ae05e1@group-744E734AE1C7-FollowerState] INFO  impl.RoleInfo (RoleInfo.java:updateAndGet(139)) - 30003da1-a7bf-44b2-b897-92f161ae05e1: start 30003da1-a7bf-44b2-b897-92f161ae05e1@group-744E734AE1C7-LeaderElection16
2023-07-06 10:48:21,724 [30003da1-a7bf-44b2-b897-92f161ae05e1@group-744E734AE1C7-LeaderElection16] INFO  impl.LeaderElection (LeaderElection.java:askForVotes(321)) - 30003da1-a7bf-44b2-b897-92f161ae05e1@group-744E734AE1C7-LeaderElection16 PRE_VOTE round 0: submit vote requests at term 0 for -1: peers:[30003da1-a7bf-44b2-b897-92f161ae05e1|rpc:10.1.0.19:15086|admin:10.1.0.19:15085|client:10.1.0.19:15084|dataStream:10.1.0.19:15087|priority:1|startupRole:FOLLOWER, 2536bb46-c5d2-4252-aed1-a79348143fe8|rpc:10.1.0.19:15068|admin:10.1.0.19:15067|client:10.1.0.19:15066|dataStream:10.1.0.19:15069|priority:0|startupRole:FOLLOWER, afdb1d22-58a1-4785-9bfd-1bd49c8784e6|rpc:10.1.0.19:15077|admin:10.1.0.19:15076|client:10.1.0.19:15075|dataStream:10.1.0.19:15078|priority:0|startupRole:FOLLOWER]|listeners:[], old=null
2023-07-06 10:48:21,724 [30003da1-a7bf-44b2-b897-92f161ae05e1@group-744E734AE1C7-LeaderElection16-1] INFO  server.GrpcServerProtocolClient (GrpcServerProtocolClient.java:<init>(65)) - Build channel for 2536bb46-c5d2-4252-aed1-a79348143fe8
2023-07-06 10:48:21,729 [30003da1-a7bf-44b2-b897-92f161ae05e1@group-744E734AE1C7-LeaderElection16] INFO  server.RaftServerConfigKeys (ConfUtils.java:logFallback(53)) - raft.server.rpc.first-election.timeout.min = 5s (fallback to raft.server.rpc.timeout.min)
2023-07-06 10:48:21,729 [30003da1-a7bf-44b2-b897-92f161ae05e1@group-744E734AE1C7-LeaderElection16] INFO  server.RaftServerConfigKeys (ConfUtils.java:logFallback(53)) - raft.server.rpc.first-election.timeout.max = 5200ms (fallback to raft.server.rpc.timeout.max)
2023-07-06 10:48:21,732 [grpc-default-executor-1] INFO  server.RaftServer$Division (RaftServerImpl.java:requestVote(1302)) - 2536bb46-c5d2-4252-aed1-a79348143fe8@group-744E734AE1C7: receive requestVote(PRE_VOTE, 30003da1-a7bf-44b2-b897-92f161ae05e1, group-744E734AE1C7, 0, (t:0, i:0))
2023-07-06 10:48:21,732 [grpc-default-executor-1] INFO  impl.VoteContext (VoteContext.java:log(49)) - 2536bb46-c5d2-4252-aed1-a79348143fe8@group-744E734AE1C7-FOLLOWER: accept PRE_VOTE from 30003da1-a7bf-44b2-b897-92f161ae05e1: our priority 0 <= candidate's priority 1
2023-07-06 10:48:21,732 [grpc-default-executor-1] INFO  server.RaftServer$Division (RaftServerImpl.java:requestVote(1335)) - 2536bb46-c5d2-4252-aed1-a79348143fe8@group-744E734AE1C7 replies to PRE_VOTE vote request: 30003da1-a7bf-44b2-b897-92f161ae05e1<-2536bb46-c5d2-4252-aed1-a79348143fe8#0:OK-t0. Peer's state: 2536bb46-c5d2-4252-aed1-a79348143fe8@group-744E734AE1C7:t0, leader=null, voted=, raftlog=Memoized:2536bb46-c5d2-4252-aed1-a79348143fe8@group-744E734AE1C7-SegmentedRaftLog:OPENED:c-1, conf=-1: peers:[30003da1-a7bf-44b2-b897-92f161ae05e1|rpc:10.1.0.19:15086|admin:10.1.0.19:15085|client:10.1.0.19:15084|dataStream:10.1.0.19:15087|priority:1|startupRole:FOLLOWER, 2536bb46-c5d2-4252-aed1-a79348143fe8|rpc:10.1.0.19:15068|admin:10.1.0.19:15067|client:10.1.0.19:15066|dataStream:10.1.0.19:15069|priority:0|startupRole:FOLLOWER, afdb1d22-58a1-4785-9bfd-1bd49c8784e6|rpc:10.1.0.19:15077|admin:10.1.0.19:15076|client:10.1.0.19:15075|dataStream:10.1.0.19:15078|priority:0|startupRole:FOLLOWER]|listeners:[], old=null
2023-07-06 10:48:21,741 [30003da1-a7bf-44b2-b897-92f161ae05e1@group-744E734AE1C7-LeaderElection16] INFO  impl.LeaderElection (LeaderElection.java:logAndReturn(90)) - 30003da1-a7bf-44b2-b897-92f161ae05e1@group-744E734AE1C7-LeaderElection16: PRE_VOTE PASSED received 1 response(s) and 0 exception(s):
2023-07-06 10:48:21,741 [30003da1-a7bf-44b2-b897-92f161ae05e1@group-744E734AE1C7-LeaderElection16] INFO  impl.LeaderElection (LeaderElection.java:logAndReturn(94)) -   Response 0: 30003da1-a7bf-44b2-b897-92f161ae05e1<-2536bb46-c5d2-4252-aed1-a79348143fe8#0:OK-t0
2023-07-06 10:48:21,741 [30003da1-a7bf-44b2-b897-92f161ae05e1@group-744E734AE1C7-LeaderElection16] INFO  impl.LeaderElection (LeaderElection.java:askForVotes(323)) - 30003da1-a7bf-44b2-b897-92f161ae05e1@group-744E734AE1C7-LeaderElection16 PRE_VOTE round 0: result PASSED
2023-07-06 10:48:21,743 [30003da1-a7bf-44b2-b897-92f161ae05e1@group-744E734AE1C7-LeaderElection16] INFO  impl.LeaderElection (LeaderElection.java:askForVotes(321)) - 30003da1-a7bf-44b2-b897-92f161ae05e1@group-744E734AE1C7-LeaderElection16 ELECTION round 0: submit vote requests at term 1 for -1: peers:[30003da1-a7bf-44b2-b897-92f161ae05e1|rpc:10.1.0.19:15086|admin:10.1.0.19:15085|client:10.1.0.19:15084|dataStream:10.1.0.19:15087|priority:1|startupRole:FOLLOWER, 2536bb46-c5d2-4252-aed1-a79348143fe8|rpc:10.1.0.19:15068|admin:10.1.0.19:15067|client:10.1.0.19:15066|dataStream:10.1.0.19:15069|priority:0|startupRole:FOLLOWER, afdb1d22-58a1-4785-9bfd-1bd49c8784e6|rpc:10.1.0.19:15077|admin:10.1.0.19:15076|client:10.1.0.19:15075|dataStream:10.1.0.19:15078|priority:0|startupRole:FOLLOWER]|listeners:[], old=null
2023-07-06 10:48:21,744 [grpc-default-executor-1] INFO  server.RaftServer$Division (RaftServerImpl.java:requestVote(1302)) - 2536bb46-c5d2-4252-aed1-a79348143fe8@group-744E734AE1C7: receive requestVote(ELECTION, 30003da1-a7bf-44b2-b897-92f161ae05e1, group-744E734AE1C7, 1, (t:0, i:0))
2023-07-06 10:48:21,744 [grpc-default-executor-1] INFO  impl.VoteContext (VoteContext.java:log(49)) - 2536bb46-c5d2-4252-aed1-a79348143fe8@group-744E734AE1C7-FOLLOWER: accept ELECTION from 30003da1-a7bf-44b2-b897-92f161ae05e1: our priority 0 <= candidate's priority 1
2023-07-06 10:48:21,745 [grpc-default-executor-1] INFO  server.RaftServer$Division (RaftServerImpl.java:setRole(329)) - 2536bb46-c5d2-4252-aed1-a79348143fe8@group-744E734AE1C7: changes role from  FOLLOWER to FOLLOWER at term 1 for candidate:30003da1-a7bf-44b2-b897-92f161ae05e1
2023-07-06 10:48:21,745 [grpc-default-executor-1] INFO  impl.RoleInfo (RoleInfo.java:shutdownFollowerState(110)) - 2536bb46-c5d2-4252-aed1-a79348143fe8: shutdown 2536bb46-c5d2-4252-aed1-a79348143fe8@group-744E734AE1C7-FollowerState
2023-07-06 10:48:21,745 [30003da1-a7bf-44b2-b897-92f161ae05e1@group-744E734AE1C7-LeaderElection16] INFO  server.RaftServerConfigKeys (ConfUtils.java:logFallback(53)) - raft.server.rpc.first-election.timeout.min = 5s (fallback to raft.server.rpc.timeout.min)
2023-07-06 10:48:21,745 [30003da1-a7bf-44b2-b897-92f161ae05e1@group-744E734AE1C7-LeaderElection16] INFO  server.RaftServerConfigKeys (ConfUtils.java:logFallback(53)) - raft.server.rpc.first-election.timeout.max = 5200ms (fallback to raft.server.rpc.timeout.max)
2023-07-06 10:48:21,745 [30003da1-a7bf-44b2-b897-92f161ae05e1@group-744E734AE1C7-LeaderElection16-2] INFO  server.GrpcServerProtocolClient (GrpcServerProtocolClient.java:<init>(65)) - Build channel for afdb1d22-58a1-4785-9bfd-1bd49c8784e6
2023-07-06 10:48:21,748 [grpc-default-executor-1] INFO  impl.RoleInfo (RoleInfo.java:updateAndGet(139)) - 2536bb46-c5d2-4252-aed1-a79348143fe8: start 2536bb46-c5d2-4252-aed1-a79348143fe8@group-744E734AE1C7-FollowerState
2023-07-06 10:48:21,749 [2536bb46-c5d2-4252-aed1-a79348143fe8@group-744E734AE1C7-FollowerState] INFO  impl.FollowerState (FollowerState.java:run(152)) - 2536bb46-c5d2-4252-aed1-a79348143fe8@group-744E734AE1C7-FollowerState was interrupted
2023-07-06 10:48:21,754 [grpc-default-executor-1] INFO  server.RaftServer$Division (RaftServerImpl.java:requestVote(1335)) - 2536bb46-c5d2-4252-aed1-a79348143fe8@group-744E734AE1C7 replies to ELECTION vote request: 30003da1-a7bf-44b2-b897-92f161ae05e1<-2536bb46-c5d2-4252-aed1-a79348143fe8#0:OK-t1. Peer's state: 2536bb46-c5d2-4252-aed1-a79348143fe8@group-744E734AE1C7:t1, leader=null, voted=30003da1-a7bf-44b2-b897-92f161ae05e1, raftlog=Memoized:2536bb46-c5d2-4252-aed1-a79348143fe8@group-744E734AE1C7-SegmentedRaftLog:OPENED:c-1, conf=-1: peers:[30003da1-a7bf-44b2-b897-92f161ae05e1|rpc:10.1.0.19:15086|admin:10.1.0.19:15085|client:10.1.0.19:15084|dataStream:10.1.0.19:15087|priority:1|startupRole:FOLLOWER, 2536bb46-c5d2-4252-aed1-a79348143fe8|rpc:10.1.0.19:15068|admin:10.1.0.19:15067|client:10.1.0.19:15066|dataStream:10.1.0.19:15069|priority:0|startupRole:FOLLOWER, afdb1d22-58a1-4785-9bfd-1bd49c8784e6|rpc:10.1.0.19:15077|admin:10.1.0.19:15076|client:10.1.0.19:15075|dataStream:10.1.0.19:15078|priority:0|startupRole:FOLLOWER]|listeners:[], old=null
2023-07-06 10:48:21,760 [30003da1-a7bf-44b2-b897-92f161ae05e1@group-744E734AE1C7-LeaderElection16] INFO  impl.LeaderElection (LeaderElection.java:logAndReturn(90)) - 30003da1-a7bf-44b2-b897-92f161ae05e1@group-744E734AE1C7-LeaderElection16: ELECTION PASSED received 1 response(s) and 0 exception(s):
2023-07-06 10:48:21,760 [30003da1-a7bf-44b2-b897-92f161ae05e1@group-744E734AE1C7-LeaderElection16] INFO  impl.LeaderElection (LeaderElection.java:logAndReturn(94)) -   Response 0: 30003da1-a7bf-44b2-b897-92f161ae05e1<-2536bb46-c5d2-4252-aed1-a79348143fe8#0:OK-t1
2023-07-06 10:48:21,760 [30003da1-a7bf-44b2-b897-92f161ae05e1@group-744E734AE1C7-LeaderElection16] INFO  impl.LeaderElection (LeaderElection.java:askForVotes(323)) - 30003da1-a7bf-44b2-b897-92f161ae05e1@group-744E734AE1C7-LeaderElection16 ELECTION round 0: result PASSED
2023-07-06 10:48:21,760 [30003da1-a7bf-44b2-b897-92f161ae05e1@group-744E734AE1C7-LeaderElection16] INFO  impl.RoleInfo (RoleInfo.java:shutdownLeaderElection(130)) - 30003da1-a7bf-44b2-b897-92f161ae05e1: shutdown 30003da1-a7bf-44b2-b897-92f161ae05e1@group-744E734AE1C7-LeaderElection16
2023-07-06 10:48:21,760 [30003da1-a7bf-44b2-b897-92f161ae05e1@group-744E734AE1C7-LeaderElection16] INFO  server.RaftServer$Division (RaftServerImpl.java:setRole(329)) - 30003da1-a7bf-44b2-b897-92f161ae05e1@group-744E734AE1C7: changes role from CANDIDATE to LEADER at term 1 for changeToLeader
2023-07-06 10:48:21,760 [30003da1-a7bf-44b2-b897-92f161ae05e1@group-744E734AE1C7-LeaderElection16] INFO  ratis.XceiverServerRatis (XceiverServerRatis.java:handleLeaderChangedNotification(902)) - Leader change notification received for group: group-744E734AE1C7 with new leaderId: 30003da1-a7bf-44b2-b897-92f161ae05e1
2023-07-06 10:48:21,761 [30003da1-a7bf-44b2-b897-92f161ae05e1@group-744E734AE1C7-LeaderElection16] INFO  server.RaftServer$Division (ServerState.java:setLeader(317)) - 30003da1-a7bf-44b2-b897-92f161ae05e1@group-744E734AE1C7: change Leader from null to 30003da1-a7bf-44b2-b897-92f161ae05e1 at term 1 for becomeLeader, leader elected after 5129ms
2023-07-06 10:48:21,761 [30003da1-a7bf-44b2-b897-92f161ae05e1@group-744E734AE1C7-LeaderElection16] INFO  server.RaftServerConfigKeys (ConfUtils.java:logGet(46)) - raft.server.staging.catchup.gap = 1000 (default)
2023-07-06 10:48:21,761 [30003da1-a7bf-44b2-b897-92f161ae05e1@group-744E734AE1C7-LeaderElection16] INFO  server.RaftServerConfigKeys (ConfUtils.java:logGet(46)) - raft.server.write.element-limit = 1024 (custom)
2023-07-06 10:48:21,761 [30003da1-a7bf-44b2-b897-92f161ae05e1@group-744E734AE1C7-LeaderElection16] INFO  server.RaftServerConfigKeys (ConfUtils.java:logGet(46)) - raft.server.write.byte-limit = 1024 M (=1073741824) (custom)
2023-07-06 10:48:21,761 [30003da1-a7bf-44b2-b897-92f161ae05e1@group-744E734AE1C7-LeaderElection16] INFO  server.RaftServerConfigKeys (ConfUtils.java:logGet(46)) - raft.server.watch.timeout = 180s (custom)
2023-07-06 10:48:21,761 [30003da1-a7bf-44b2-b897-92f161ae05e1@group-744E734AE1C7-LeaderElection16] INFO  server.RaftServerConfigKeys (ConfUtils.java:logGet(46)) - raft.server.watch.timeout.denomination = 1s (default)
2023-07-06 10:48:21,761 [30003da1-a7bf-44b2-b897-92f161ae05e1@group-744E734AE1C7-LeaderElection16] INFO  server.RaftServerConfigKeys (ConfUtils.java:logGet(46)) - raft.server.watch.element-limit = 65536 (default)
2023-07-06 10:48:21,762 [30003da1-a7bf-44b2-b897-92f161ae05e1@group-744E734AE1C7-LeaderElection16] INFO  server.RaftServerConfigKeys (ConfUtils.java:logGet(46)) - raft.server.write.element-limit = 1024 (custom)
2023-07-06 10:48:21,762 [30003da1-a7bf-44b2-b897-92f161ae05e1@group-744E734AE1C7-LeaderElection16] INFO  server.RaftServerConfigKeys (ConfUtils.java:logGet(46)) - raft.server.write.follower.gap.ratio.max = -1.0 (default)
2023-07-06 10:48:21,762 [30003da1-a7bf-44b2-b897-92f161ae05e1@group-744E734AE1C7-LeaderElection16] INFO  server.RaftServerConfigKeys (ConfUtils.java:logGet(46)) - raft.server.log.appender.snapshot.chunk.size.max = 16MB (=16777216) (default)
2023-07-06 10:48:21,762 [30003da1-a7bf-44b2-b897-92f161ae05e1@group-744E734AE1C7-LeaderElection16] INFO  server.RaftServerConfigKeys (ConfUtils.java:logGet(46)) - raft.server.log.appender.buffer.byte-limit = 33554432 (custom)
2023-07-06 10:48:21,762 [30003da1-a7bf-44b2-b897-92f161ae05e1@group-744E734AE1C7-LeaderElection16] INFO  server.RaftServerConfigKeys (ConfUtils.java:logGet(46)) - raft.server.log.appender.buffer.element-limit = 1 (custom)
2023-07-06 10:48:21,763 [30003da1-a7bf-44b2-b897-92f161ae05e1@group-744E734AE1C7-LeaderElection16] INFO  server.RaftServerConfigKeys (ConfUtils.java:logGet(46)) - raft.server.log.appender.wait-time.min = 10ms (default)
2023-07-06 10:48:21,763 [30003da1-a7bf-44b2-b897-92f161ae05e1@group-744E734AE1C7-LeaderElection16] INFO  grpc.GrpcConfigKeys (ConfUtils.java:logGet(46)) - raft.grpc.server.leader.outstanding.appends.max = 128 (default)
2023-07-06 10:48:21,763 [30003da1-a7bf-44b2-b897-92f161ae05e1@group-744E734AE1C7-LeaderElection16] INFO  server.RaftServerConfigKeys (ConfUtils.java:logGet(46)) - raft.server.rpc.request.timeout = 60s (custom)
2023-07-06 10:48:21,763 [30003da1-a7bf-44b2-b897-92f161ae05e1@group-744E734AE1C7-LeaderElection16] INFO  grpc.GrpcConfigKeys (ConfUtils.java:logGet(46)) - raft.grpc.server.install_snapshot.request.element-limit = 8 (default)
2023-07-06 10:48:21,763 [30003da1-a7bf-44b2-b897-92f161ae05e1@group-744E734AE1C7-LeaderElection16] INFO  grpc.GrpcConfigKeys (ConfUtils.java:logGet(46)) - raft.grpc.server.install_snapshot.request.timeout = 3000ms (default)
2023-07-06 10:48:21,763 [30003da1-a7bf-44b2-b897-92f161ae05e1@group-744E734AE1C7-LeaderElection16] INFO  server.RaftServerConfigKeys (ConfUtils.java:logGet(46)) - raft.server.log.appender.install.snapshot.enabled = false (custom)
2023-07-06 10:48:21,763 [30003da1-a7bf-44b2-b897-92f161ae05e1@group-744E734AE1C7-LeaderElection16] INFO  grpc.GrpcConfigKeys (ConfUtils.java:logGet(46)) - raft.grpc.server.heartbeat.channel = true (default)
2023-07-06 10:48:21,763 [EventQueue-PipelineReportForPipelineReportHandler] INFO  pipeline.PipelineReportHandler (PipelineReportHandler.java:processPipelineReport(136)) - Opened pipeline PipelineID=4d64190f-4f00-4c76-8d10-744e734ae1c7
2023-07-06 10:48:21,764 [30003da1-a7bf-44b2-b897-92f161ae05e1@group-744E734AE1C7-LeaderElection16] INFO  server.RaftServerConfigKeys (ConfUtils.java:logGet(46)) - raft.server.log.appender.snapshot.chunk.size.max = 16MB (=16777216) (default)
2023-07-06 10:48:21,764 [30003da1-a7bf-44b2-b897-92f161ae05e1@group-744E734AE1C7-LeaderElection16] INFO  server.RaftServerConfigKeys (ConfUtils.java:logGet(46)) - raft.server.log.appender.buffer.byte-limit = 33554432 (custom)
2023-07-06 10:48:21,764 [30003da1-a7bf-44b2-b897-92f161ae05e1@group-744E734AE1C7-LeaderElection16] INFO  server.RaftServerConfigKeys (ConfUtils.java:logGet(46)) - raft.server.log.appender.buffer.element-limit = 1 (custom)
2023-07-06 10:48:21,764 [30003da1-a7bf-44b2-b897-92f161ae05e1@group-744E734AE1C7-LeaderElection16] INFO  server.RaftServerConfigKeys (ConfUtils.java:logGet(46)) - raft.server.log.appender.wait-time.min = 10ms (default)
2023-07-06 10:48:21,764 [30003da1-a7bf-44b2-b897-92f161ae05e1@group-744E734AE1C7-LeaderElection16] INFO  grpc.GrpcConfigKeys (ConfUtils.java:logGet(46)) - raft.grpc.server.leader.outstanding.appends.max = 128 (default)
2023-07-06 10:48:21,764 [30003da1-a7bf-44b2-b897-92f161ae05e1@group-744E734AE1C7-LeaderElection16] INFO  server.RaftServerConfigKeys (ConfUtils.java:logGet(46)) - raft.server.rpc.request.timeout = 60s (custom)
2023-07-06 10:48:21,764 [30003da1-a7bf-44b2-b897-92f161ae05e1@group-744E734AE1C7-LeaderElection16] INFO  grpc.GrpcConfigKeys (ConfUtils.java:logGet(46)) - raft.grpc.server.install_snapshot.request.element-limit = 8 (default)
2023-07-06 10:48:21,764 [30003da1-a7bf-44b2-b897-92f161ae05e1@group-744E734AE1C7-LeaderElection16] INFO  grpc.GrpcConfigKeys (ConfUtils.java:logGet(46)) - raft.grpc.server.install_snapshot.request.timeout = 3000ms (default)
2023-07-06 10:48:21,764 [30003da1-a7bf-44b2-b897-92f161ae05e1@group-744E734AE1C7-LeaderElection16] INFO  server.RaftServerConfigKeys (ConfUtils.java:logGet(46)) - raft.server.log.appender.install.snapshot.enabled = false (custom)
2023-07-06 10:48:21,764 [30003da1-a7bf-44b2-b897-92f161ae05e1@group-744E734AE1C7-LeaderElection16] INFO  grpc.GrpcConfigKeys (ConfUtils.java:logGet(46)) - raft.grpc.server.heartbeat.channel = true (default)
2023-07-06 10:48:21,765 [30003da1-a7bf-44b2-b897-92f161ae05e1@group-744E734AE1C7-LeaderElection16] INFO  impl.RoleInfo (RoleInfo.java:updateAndGet(139)) - 30003da1-a7bf-44b2-b897-92f161ae05e1: start 30003da1-a7bf-44b2-b897-92f161ae05e1@group-744E734AE1C7-LeaderStateImpl
2023-07-06 10:48:21,766 [grpc-default-executor-5] INFO  server.RaftServer$Division (RaftServerImpl.java:requestVote(1302)) - afdb1d22-58a1-4785-9bfd-1bd49c8784e6@group-744E734AE1C7: receive requestVote(PRE_VOTE, 30003da1-a7bf-44b2-b897-92f161ae05e1, group-744E734AE1C7, 0, (t:0, i:0))
2023-07-06 10:48:21,766 [grpc-default-executor-5] INFO  impl.VoteContext (VoteContext.java:log(49)) - afdb1d22-58a1-4785-9bfd-1bd49c8784e6@group-744E734AE1C7-FOLLOWER: accept PRE_VOTE from 30003da1-a7bf-44b2-b897-92f161ae05e1: our priority 0 <= candidate's priority 1
2023-07-06 10:48:21,766 [grpc-default-executor-5] INFO  server.RaftServer$Division (RaftServerImpl.java:requestVote(1335)) - afdb1d22-58a1-4785-9bfd-1bd49c8784e6@group-744E734AE1C7 replies to PRE_VOTE vote request: 30003da1-a7bf-44b2-b897-92f161ae05e1<-afdb1d22-58a1-4785-9bfd-1bd49c8784e6#0:OK-t0. Peer's state: afdb1d22-58a1-4785-9bfd-1bd49c8784e6@group-744E734AE1C7:t0, leader=null, voted=, raftlog=Memoized:afdb1d22-58a1-4785-9bfd-1bd49c8784e6@group-744E734AE1C7-SegmentedRaftLog:OPENED:c-1, conf=-1: peers:[30003da1-a7bf-44b2-b897-92f161ae05e1|rpc:10.1.0.19:15086|admin:10.1.0.19:15085|client:10.1.0.19:15084|dataStream:10.1.0.19:15087|priority:1|startupRole:FOLLOWER, 2536bb46-c5d2-4252-aed1-a79348143fe8|rpc:10.1.0.19:15068|admin:10.1.0.19:15067|client:10.1.0.19:15066|dataStream:10.1.0.19:15069|priority:0|startupRole:FOLLOWER, afdb1d22-58a1-4785-9bfd-1bd49c8784e6|rpc:10.1.0.19:15077|admin:10.1.0.19:15076|client:10.1.0.19:15075|dataStream:10.1.0.19:15078|priority:0|startupRole:FOLLOWER]|listeners:[], old=null
2023-07-06 10:48:21,770 [30003da1-a7bf-44b2-b897-92f161ae05e1@group-744E734AE1C7-LeaderElection16] INFO  segmented.SegmentedRaftLogWorker (SegmentedRaftLogWorker.java:startLogSegment(447)) - 30003da1-a7bf-44b2-b897-92f161ae05e1@group-744E734AE1C7-SegmentedRaftLogWorker: Starting segment from index:0
2023-07-06 10:48:21,770 [grpc-default-executor-1] INFO  server.RaftServer$Division (RaftServerImpl.java:requestVote(1302)) - afdb1d22-58a1-4785-9bfd-1bd49c8784e6@group-744E734AE1C7: receive requestVote(ELECTION, 30003da1-a7bf-44b2-b897-92f161ae05e1, group-744E734AE1C7, 1, (t:0, i:0))
2023-07-06 10:48:21,771 [grpc-default-executor-1] INFO  impl.VoteContext (VoteContext.java:log(49)) - afdb1d22-58a1-4785-9bfd-1bd49c8784e6@group-744E734AE1C7-FOLLOWER: accept ELECTION from 30003da1-a7bf-44b2-b897-92f161ae05e1: our priority 0 <= candidate's priority 1
2023-07-06 10:48:21,771 [grpc-default-executor-1] INFO  server.RaftServer$Division (RaftServerImpl.java:setRole(329)) - afdb1d22-58a1-4785-9bfd-1bd49c8784e6@group-744E734AE1C7: changes role from  FOLLOWER to FOLLOWER at term 1 for candidate:30003da1-a7bf-44b2-b897-92f161ae05e1
2023-07-06 10:48:21,771 [grpc-default-executor-1] INFO  impl.RoleInfo (RoleInfo.java:shutdownFollowerState(110)) - afdb1d22-58a1-4785-9bfd-1bd49c8784e6: shutdown afdb1d22-58a1-4785-9bfd-1bd49c8784e6@group-744E734AE1C7-FollowerState
2023-07-06 10:48:21,771 [grpc-default-executor-1] INFO  impl.RoleInfo (RoleInfo.java:updateAndGet(139)) - afdb1d22-58a1-4785-9bfd-1bd49c8784e6: start afdb1d22-58a1-4785-9bfd-1bd49c8784e6@group-744E734AE1C7-FollowerState
2023-07-06 10:48:21,772 [afdb1d22-58a1-4785-9bfd-1bd49c8784e6@group-744E734AE1C7-FollowerState] INFO  impl.FollowerState (FollowerState.java:run(152)) - afdb1d22-58a1-4785-9bfd-1bd49c8784e6@group-744E734AE1C7-FollowerState was interrupted
2023-07-06 10:48:21,773 [grpc-default-executor-1] INFO  server.RaftServer$Division (RaftServerImpl.java:requestVote(1335)) - afdb1d22-58a1-4785-9bfd-1bd49c8784e6@group-744E734AE1C7 replies to ELECTION vote request: 30003da1-a7bf-44b2-b897-92f161ae05e1<-afdb1d22-58a1-4785-9bfd-1bd49c8784e6#0:OK-t1. Peer's state: afdb1d22-58a1-4785-9bfd-1bd49c8784e6@group-744E734AE1C7:t1, leader=null, voted=30003da1-a7bf-44b2-b897-92f161ae05e1, raftlog=Memoized:afdb1d22-58a1-4785-9bfd-1bd49c8784e6@group-744E734AE1C7-SegmentedRaftLog:OPENED:c-1, conf=-1: peers:[30003da1-a7bf-44b2-b897-92f161ae05e1|rpc:10.1.0.19:15086|admin:10.1.0.19:15085|client:10.1.0.19:15084|dataStream:10.1.0.19:15087|priority:1|startupRole:FOLLOWER, 2536bb46-c5d2-4252-aed1-a79348143fe8|rpc:10.1.0.19:15068|admin:10.1.0.19:15067|client:10.1.0.19:15066|dataStream:10.1.0.19:15069|priority:0|startupRole:FOLLOWER, afdb1d22-58a1-4785-9bfd-1bd49c8784e6|rpc:10.1.0.19:15077|admin:10.1.0.19:15076|client:10.1.0.19:15075|dataStream:10.1.0.19:15078|priority:0|startupRole:FOLLOWER]|listeners:[], old=null
2023-07-06 10:48:21,780 [30003da1-a7bf-44b2-b897-92f161ae05e1@group-744E734AE1C7-SegmentedRaftLogWorker] INFO  segmented.SegmentedRaftLogWorker (SegmentedRaftLogWorker.java:execute(651)) - 30003da1-a7bf-44b2-b897-92f161ae05e1@group-744E734AE1C7-SegmentedRaftLogWorker: created new log segment /home/runner/work/ozone/ozone/hadoop-ozone/integration-test/target/test-dir/MiniOzoneClusterImpl-8ecce792-0b29-40a4-bcd2-9922915e3450/datanode-8/data/ratis/4d64190f-4f00-4c76-8d10-744e734ae1c7/current/log_inprogress_0
2023-07-06 10:48:21,791 [30003da1-a7bf-44b2-b897-92f161ae05e1@group-744E734AE1C7-LeaderElection16] INFO  server.RaftServer$Division (ServerState.java:setRaftConf(434)) - 30003da1-a7bf-44b2-b897-92f161ae05e1@group-744E734AE1C7: set configuration 0: peers:[30003da1-a7bf-44b2-b897-92f161ae05e1|rpc:10.1.0.19:15086|admin:10.1.0.19:15085|client:10.1.0.19:15084|dataStream:10.1.0.19:15087|priority:1|startupRole:FOLLOWER, 2536bb46-c5d2-4252-aed1-a79348143fe8|rpc:10.1.0.19:15068|admin:10.1.0.19:15067|client:10.1.0.19:15066|dataStream:10.1.0.19:15069|priority:0|startupRole:FOLLOWER, afdb1d22-58a1-4785-9bfd-1bd49c8784e6|rpc:10.1.0.19:15077|admin:10.1.0.19:15076|client:10.1.0.19:15075|dataStream:10.1.0.19:15078|priority:0|startupRole:FOLLOWER]|listeners:[], old=null
2023-07-06 10:48:21,813 [2536bb46-c5d2-4252-aed1-a79348143fe8-server-thread1] INFO  ratis.XceiverServerRatis (XceiverServerRatis.java:handleLeaderChangedNotification(902)) - Leader change notification received for group: group-744E734AE1C7 with new leaderId: 30003da1-a7bf-44b2-b897-92f161ae05e1
2023-07-06 10:48:21,813 [2536bb46-c5d2-4252-aed1-a79348143fe8-server-thread1] INFO  server.RaftServer$Division (ServerState.java:setLeader(317)) - 2536bb46-c5d2-4252-aed1-a79348143fe8@group-744E734AE1C7: change Leader from null to 30003da1-a7bf-44b2-b897-92f161ae05e1 at term 1 for appendEntries, leader elected after 5224ms
2023-07-06 10:48:21,813 [afdb1d22-58a1-4785-9bfd-1bd49c8784e6-server-thread1] INFO  ratis.XceiverServerRatis (XceiverServerRatis.java:handleLeaderChangedNotification(902)) - Leader change notification received for group: group-744E734AE1C7 with new leaderId: 30003da1-a7bf-44b2-b897-92f161ae05e1
2023-07-06 10:48:21,814 [afdb1d22-58a1-4785-9bfd-1bd49c8784e6-server-thread1] INFO  server.RaftServer$Division (ServerState.java:setLeader(317)) - afdb1d22-58a1-4785-9bfd-1bd49c8784e6@group-744E734AE1C7: change Leader from null to 30003da1-a7bf-44b2-b897-92f161ae05e1 at term 1 for appendEntries, leader elected after 5123ms
2023-07-06 10:48:21,829 [afdb1d22-58a1-4785-9bfd-1bd49c8784e6-server-thread2] INFO  server.RaftServer$Division (ServerState.java:setRaftConf(434)) - afdb1d22-58a1-4785-9bfd-1bd49c8784e6@group-744E734AE1C7: set configuration 0: peers:[30003da1-a7bf-44b2-b897-92f161ae05e1|rpc:10.1.0.19:15086|admin:10.1.0.19:15085|client:10.1.0.19:15084|dataStream:10.1.0.19:15087|priority:1|startupRole:FOLLOWER, 2536bb46-c5d2-4252-aed1-a79348143fe8|rpc:10.1.0.19:15068|admin:10.1.0.19:15067|client:10.1.0.19:15066|dataStream:10.1.0.19:15069|priority:0|startupRole:FOLLOWER, afdb1d22-58a1-4785-9bfd-1bd49c8784e6|rpc:10.1.0.19:15077|admin:10.1.0.19:15076|client:10.1.0.19:15075|dataStream:10.1.0.19:15078|priority:0|startupRole:FOLLOWER]|listeners:[], old=null
2023-07-06 10:48:21,829 [afdb1d22-58a1-4785-9bfd-1bd49c8784e6-server-thread2] INFO  segmented.SegmentedRaftLogWorker (SegmentedRaftLogWorker.java:startLogSegment(447)) - afdb1d22-58a1-4785-9bfd-1bd49c8784e6@group-744E734AE1C7-SegmentedRaftLogWorker: Starting segment from index:0
2023-07-06 10:48:21,830 [2536bb46-c5d2-4252-aed1-a79348143fe8-server-thread2] INFO  server.RaftServer$Division (ServerState.java:setRaftConf(434)) - 2536bb46-c5d2-4252-aed1-a79348143fe8@group-744E734AE1C7: set configuration 0: peers:[30003da1-a7bf-44b2-b897-92f161ae05e1|rpc:10.1.0.19:15086|admin:10.1.0.19:15085|client:10.1.0.19:15084|dataStream:10.1.0.19:15087|priority:1|startupRole:FOLLOWER, 2536bb46-c5d2-4252-aed1-a79348143fe8|rpc:10.1.0.19:15068|admin:10.1.0.19:15067|client:10.1.0.19:15066|dataStream:10.1.0.19:15069|priority:0|startupRole:FOLLOWER, afdb1d22-58a1-4785-9bfd-1bd49c8784e6|rpc:10.1.0.19:15077|admin:10.1.0.19:15076|client:10.1.0.19:15075|dataStream:10.1.0.19:15078|priority:0|startupRole:FOLLOWER]|listeners:[], old=null
2023-07-06 10:48:21,832 [afdb1d22-58a1-4785-9bfd-1bd49c8784e6@group-744E734AE1C7-SegmentedRaftLogWorker] INFO  segmented.SegmentedRaftLogWorker (SegmentedRaftLogWorker.java:execute(651)) - afdb1d22-58a1-4785-9bfd-1bd49c8784e6@group-744E734AE1C7-SegmentedRaftLogWorker: created new log segment /home/runner/work/ozone/ozone/hadoop-ozone/integration-test/target/test-dir/MiniOzoneClusterImpl-8ecce792-0b29-40a4-bcd2-9922915e3450/datanode-7/data/ratis/4d64190f-4f00-4c76-8d10-744e734ae1c7/current/log_inprogress_0
2023-07-06 10:48:21,832 [2536bb46-c5d2-4252-aed1-a79348143fe8-server-thread2] INFO  segmented.SegmentedRaftLogWorker (SegmentedRaftLogWorker.java:startLogSegment(447)) - 2536bb46-c5d2-4252-aed1-a79348143fe8@group-744E734AE1C7-SegmentedRaftLogWorker: Starting segment from index:0
2023-07-06 10:48:21,834 [2536bb46-c5d2-4252-aed1-a79348143fe8@group-744E734AE1C7-SegmentedRaftLogWorker] INFO  segmented.SegmentedRaftLogWorker (SegmentedRaftLogWorker.java:execute(651)) - 2536bb46-c5d2-4252-aed1-a79348143fe8@group-744E734AE1C7-SegmentedRaftLogWorker: created new log segment /home/runner/work/ozone/ozone/hadoop-ozone/integration-test/target/test-dir/MiniOzoneClusterImpl-8ecce792-0b29-40a4-bcd2-9922915e3450/datanode-6/data/ratis/4d64190f-4f00-4c76-8d10-744e734ae1c7/current/log_inprogress_0
2023-07-06 10:48:21,885 [qtp1221433900-18] INFO  kms-audit (SimpleKMSAuditLogger.java:logAuditSimpleFormat(93)) - OK[op=CREATE_KEY, key=key1, user=runner] UserProvidedMaterial:false Description:key1
2023-07-06 10:48:21,917 [main] INFO  rpc.RpcClient (RpcClient.java:createVolume(460)) - Creating Volume: 62616177-6bb7-4eda-9cfb-a4a8fb4e3351, with runner as owner and space quota set to -1 bytes, counts quota set to -1
2023-07-06 10:48:21,977 [OM StateMachine ApplyTransaction Thread - 0] INFO  volume.OMVolumeCreateRequest (OMVolumeCreateRequest.java:validateAndUpdateCache(196)) - created volume:62616177-6bb7-4eda-9cfb-a4a8fb4e3351 for user:runner
2023-07-06 10:48:22,014 [main] INFO  rpc.RpcClient (RpcClient.java:createBucket(687)) - Creating Bucket: 62616177-6bb7-4eda-9cfb-a4a8fb4e3351/efe52c9f-9178-47eb-be2a-0a6ead0f3137, with bucket layout FILE_SYSTEM_OPTIMIZED, runner as owner, Versioning false, Storage Type set to DISK and Encryption set to true, Replication Type set to server-side default replication type, Namespace Quota set to -1, Space Quota set to -1 
2023-07-06 10:48:22,049 [qtp1221433900-20] INFO  kms-audit (SimpleKMSAuditLogger.java:logAuditSimpleFormat(93)) - OK[op=GET_METADATA, key=key1, user=runner] 
2023-07-06 10:48:22,317 [qtp1221433900-18] INFO  kms-audit (SimpleKMSAuditLogger.java:logAuditEvent(59)) - OK[op=GENERATE_EEK, key=key1, user=runner, accessCount=1, interval=0ms] 
2023-07-06 10:48:22,342 [2536bb46-c5d2-4252-aed1-a79348143fe8@group-F800A58FFC0A-FollowerState] INFO  impl.FollowerState (FollowerState.java:run(143)) - 2536bb46-c5d2-4252-aed1-a79348143fe8@group-F800A58FFC0A-FollowerState: change to CANDIDATE, lastRpcElapsedTime:5026801699ns, electionTimeout:5024ms
2023-07-06 10:48:22,342 [2536bb46-c5d2-4252-aed1-a79348143fe8@group-F800A58FFC0A-FollowerState] INFO  impl.RoleInfo (RoleInfo.java:shutdownFollowerState(110)) - 2536bb46-c5d2-4252-aed1-a79348143fe8: shutdown 2536bb46-c5d2-4252-aed1-a79348143fe8@group-F800A58FFC0A-FollowerState
2023-07-06 10:48:22,342 [2536bb46-c5d2-4252-aed1-a79348143fe8@group-F800A58FFC0A-FollowerState] INFO  server.RaftServer$Division (RaftServerImpl.java:setRole(329)) - 2536bb46-c5d2-4252-aed1-a79348143fe8@group-F800A58FFC0A: changes role from  FOLLOWER to CANDIDATE at term 0 for changeToCandidate
2023-07-06 10:48:22,343 [2536bb46-c5d2-4252-aed1-a79348143fe8@group-F800A58FFC0A-FollowerState] INFO  server.RaftServerConfigKeys (ConfUtils.java:logGet(46)) - raft.server.leaderelection.pre-vote = true (default)
2023-07-06 10:48:22,343 [2536bb46-c5d2-4252-aed1-a79348143fe8@group-F800A58FFC0A-FollowerState] INFO  impl.RoleInfo (RoleInfo.java:updateAndGet(139)) - 2536bb46-c5d2-4252-aed1-a79348143fe8: start 2536bb46-c5d2-4252-aed1-a79348143fe8@group-F800A58FFC0A-LeaderElection17
2023-07-06 10:48:22,348 [OM StateMachine ApplyTransaction Thread - 0] INFO  bucket.OMBucketCreateRequest (OMBucketCreateRequest.java:validateAndUpdateCache(270)) - created bucket: efe52c9f-9178-47eb-be2a-0a6ead0f3137 of layout FILE_SYSTEM_OPTIMIZED in volume: 62616177-6bb7-4eda-9cfb-a4a8fb4e3351
2023-07-06 10:48:22,354 [2536bb46-c5d2-4252-aed1-a79348143fe8@group-F800A58FFC0A-LeaderElection17] INFO  impl.LeaderElection (LeaderElection.java:askForVotes(321)) - 2536bb46-c5d2-4252-aed1-a79348143fe8@group-F800A58FFC0A-LeaderElection17 PRE_VOTE round 0: submit vote requests at term 0 for -1: peers:[30003da1-a7bf-44b2-b897-92f161ae05e1|rpc:10.1.0.19:15086|admin:10.1.0.19:15085|client:10.1.0.19:15084|dataStream:10.1.0.19:15087|priority:0|startupRole:FOLLOWER, 2536bb46-c5d2-4252-aed1-a79348143fe8|rpc:10.1.0.19:15068|admin:10.1.0.19:15067|client:10.1.0.19:15066|dataStream:10.1.0.19:15069|priority:0|startupRole:FOLLOWER, afdb1d22-58a1-4785-9bfd-1bd49c8784e6|rpc:10.1.0.19:15077|admin:10.1.0.19:15076|client:10.1.0.19:15075|dataStream:10.1.0.19:15078|priority:1|startupRole:FOLLOWER]|listeners:[], old=null
2023-07-06 10:48:22,359 [2536bb46-c5d2-4252-aed1-a79348143fe8@group-F800A58FFC0A-LeaderElection17] INFO  server.RaftServerConfigKeys (ConfUtils.java:logFallback(53)) - raft.server.rpc.first-election.timeout.min = 5s (fallback to raft.server.rpc.timeout.min)
2023-07-06 10:48:22,359 [2536bb46-c5d2-4252-aed1-a79348143fe8@group-F800A58FFC0A-LeaderElection17] INFO  server.RaftServerConfigKeys (ConfUtils.java:logFallback(53)) - raft.server.rpc.first-election.timeout.max = 5200ms (fallback to raft.server.rpc.timeout.max)
2023-07-06 10:48:22,359 [2536bb46-c5d2-4252-aed1-a79348143fe8@group-F800A58FFC0A-LeaderElection17-1] INFO  server.GrpcServerProtocolClient (GrpcServerProtocolClient.java:<init>(65)) - Build channel for 30003da1-a7bf-44b2-b897-92f161ae05e1
2023-07-06 10:48:22,366 [grpc-default-executor-2] INFO  server.RaftServer$Division (RaftServerImpl.java:requestVote(1302)) - 30003da1-a7bf-44b2-b897-92f161ae05e1@group-F800A58FFC0A: receive requestVote(PRE_VOTE, 2536bb46-c5d2-4252-aed1-a79348143fe8, group-F800A58FFC0A, 0, (t:0, i:0))
2023-07-06 10:48:22,366 [grpc-default-executor-2] INFO  impl.VoteContext (VoteContext.java:log(49)) - 30003da1-a7bf-44b2-b897-92f161ae05e1@group-F800A58FFC0A-FOLLOWER: accept PRE_VOTE from 2536bb46-c5d2-4252-aed1-a79348143fe8: our priority 0 <= candidate's priority 0
2023-07-06 10:48:22,366 [grpc-default-executor-2] INFO  server.RaftServer$Division (RaftServerImpl.java:requestVote(1335)) - 30003da1-a7bf-44b2-b897-92f161ae05e1@group-F800A58FFC0A replies to PRE_VOTE vote request: 2536bb46-c5d2-4252-aed1-a79348143fe8<-30003da1-a7bf-44b2-b897-92f161ae05e1#0:OK-t0. Peer's state: 30003da1-a7bf-44b2-b897-92f161ae05e1@group-F800A58FFC0A:t0, leader=null, voted=, raftlog=Memoized:30003da1-a7bf-44b2-b897-92f161ae05e1@group-F800A58FFC0A-SegmentedRaftLog:OPENED:c-1, conf=-1: peers:[30003da1-a7bf-44b2-b897-92f161ae05e1|rpc:10.1.0.19:15086|admin:10.1.0.19:15085|client:10.1.0.19:15084|dataStream:10.1.0.19:15087|priority:0|startupRole:FOLLOWER, 2536bb46-c5d2-4252-aed1-a79348143fe8|rpc:10.1.0.19:15068|admin:10.1.0.19:15067|client:10.1.0.19:15066|dataStream:10.1.0.19:15069|priority:0|startupRole:FOLLOWER, afdb1d22-58a1-4785-9bfd-1bd49c8784e6|rpc:10.1.0.19:15077|admin:10.1.0.19:15076|client:10.1.0.19:15075|dataStream:10.1.0.19:15078|priority:1|startupRole:FOLLOWER]|listeners:[], old=null
2023-07-06 10:48:22,367 [2536bb46-c5d2-4252-aed1-a79348143fe8@group-F800A58FFC0A-LeaderElection17-2] INFO  server.GrpcServerProtocolClient (GrpcServerProtocolClient.java:<init>(65)) - Build channel for afdb1d22-58a1-4785-9bfd-1bd49c8784e6
2023-07-06 10:48:22,381 [grpc-default-executor-2] INFO  server.RaftServer$Division (RaftServerImpl.java:requestVote(1302)) - afdb1d22-58a1-4785-9bfd-1bd49c8784e6@group-F800A58FFC0A: receive requestVote(PRE_VOTE, 2536bb46-c5d2-4252-aed1-a79348143fe8, group-F800A58FFC0A, 0, (t:0, i:0))
2023-07-06 10:48:22,381 [grpc-default-executor-2] INFO  impl.VoteContext (VoteContext.java:log(49)) - afdb1d22-58a1-4785-9bfd-1bd49c8784e6@group-F800A58FFC0A-FOLLOWER: reject PRE_VOTE from 2536bb46-c5d2-4252-aed1-a79348143fe8: our priority 1 > candidate's priority 0
2023-07-06 10:48:22,381 [grpc-default-executor-2] INFO  server.RaftServer$Division (RaftServerImpl.java:requestVote(1335)) - afdb1d22-58a1-4785-9bfd-1bd49c8784e6@group-F800A58FFC0A replies to PRE_VOTE vote request: 2536bb46-c5d2-4252-aed1-a79348143fe8<-afdb1d22-58a1-4785-9bfd-1bd49c8784e6#0:FAIL-t0. Peer's state: afdb1d22-58a1-4785-9bfd-1bd49c8784e6@group-F800A58FFC0A:t0, leader=null, voted=, raftlog=Memoized:afdb1d22-58a1-4785-9bfd-1bd49c8784e6@group-F800A58FFC0A-SegmentedRaftLog:OPENED:c-1, conf=-1: peers:[30003da1-a7bf-44b2-b897-92f161ae05e1|rpc:10.1.0.19:15086|admin:10.1.0.19:15085|client:10.1.0.19:15084|dataStream:10.1.0.19:15087|priority:0|startupRole:FOLLOWER, 2536bb46-c5d2-4252-aed1-a79348143fe8|rpc:10.1.0.19:15068|admin:10.1.0.19:15067|client:10.1.0.19:15066|dataStream:10.1.0.19:15069|priority:0|startupRole:FOLLOWER, afdb1d22-58a1-4785-9bfd-1bd49c8784e6|rpc:10.1.0.19:15077|admin:10.1.0.19:15076|client:10.1.0.19:15075|dataStream:10.1.0.19:15078|priority:1|startupRole:FOLLOWER]|listeners:[], old=null
2023-07-06 10:48:22,383 [2536bb46-c5d2-4252-aed1-a79348143fe8@group-F800A58FFC0A-LeaderElection17] INFO  impl.LeaderElection (LeaderElection.java:logAndReturn(90)) - 2536bb46-c5d2-4252-aed1-a79348143fe8@group-F800A58FFC0A-LeaderElection17: PRE_VOTE REJECTED received 2 response(s) and 0 exception(s):
2023-07-06 10:48:22,383 [2536bb46-c5d2-4252-aed1-a79348143fe8@group-F800A58FFC0A-LeaderElection17] INFO  impl.LeaderElection (LeaderElection.java:logAndReturn(94)) -   Response 0: 2536bb46-c5d2-4252-aed1-a79348143fe8<-30003da1-a7bf-44b2-b897-92f161ae05e1#0:OK-t0
2023-07-06 10:48:22,383 [2536bb46-c5d2-4252-aed1-a79348143fe8@group-F800A58FFC0A-LeaderElection17] INFO  impl.LeaderElection (LeaderElection.java:logAndReturn(94)) -   Response 1: 2536bb46-c5d2-4252-aed1-a79348143fe8<-afdb1d22-58a1-4785-9bfd-1bd49c8784e6#0:FAIL-t0
2023-07-06 10:48:22,383 [2536bb46-c5d2-4252-aed1-a79348143fe8@group-F800A58FFC0A-LeaderElection17] INFO  impl.LeaderElection (LeaderElection.java:askForVotes(323)) - 2536bb46-c5d2-4252-aed1-a79348143fe8@group-F800A58FFC0A-LeaderElection17 PRE_VOTE round 0: result REJECTED
2023-07-06 10:48:22,383 [2536bb46-c5d2-4252-aed1-a79348143fe8@group-F800A58FFC0A-LeaderElection17] INFO  server.RaftServer$Division (RaftServerImpl.java:setRole(329)) - 2536bb46-c5d2-4252-aed1-a79348143fe8@group-F800A58FFC0A: changes role from CANDIDATE to FOLLOWER at term 0 for REJECTED
2023-07-06 10:48:22,383 [2536bb46-c5d2-4252-aed1-a79348143fe8@group-F800A58FFC0A-LeaderElection17] INFO  impl.RoleInfo (RoleInfo.java:shutdownLeaderElection(130)) - 2536bb46-c5d2-4252-aed1-a79348143fe8: shutdown 2536bb46-c5d2-4252-aed1-a79348143fe8@group-F800A58FFC0A-LeaderElection17
2023-07-06 10:48:22,383 [2536bb46-c5d2-4252-aed1-a79348143fe8@group-F800A58FFC0A-LeaderElection17] INFO  impl.RoleInfo (RoleInfo.java:updateAndGet(139)) - 2536bb46-c5d2-4252-aed1-a79348143fe8: start 2536bb46-c5d2-4252-aed1-a79348143fe8@group-F800A58FFC0A-FollowerState
2023-07-06 10:48:22,456 [afdb1d22-58a1-4785-9bfd-1bd49c8784e6@group-FBFD4010B7DC-FollowerState] INFO  impl.FollowerState (FollowerState.java:run(143)) - afdb1d22-58a1-4785-9bfd-1bd49c8784e6@group-FBFD4010B7DC-FollowerState: change to CANDIDATE, lastRpcElapsedTime:5159048358ns, electionTimeout:5156ms
2023-07-06 10:48:22,456 [afdb1d22-58a1-4785-9bfd-1bd49c8784e6@group-FBFD4010B7DC-FollowerState] INFO  impl.RoleInfo (RoleInfo.java:shutdownFollowerState(110)) - afdb1d22-58a1-4785-9bfd-1bd49c8784e6: shutdown afdb1d22-58a1-4785-9bfd-1bd49c8784e6@group-FBFD4010B7DC-FollowerState
2023-07-06 10:48:22,457 [afdb1d22-58a1-4785-9bfd-1bd49c8784e6@group-FBFD4010B7DC-FollowerState] INFO  server.RaftServer$Division (RaftServerImpl.java:setRole(329)) - afdb1d22-58a1-4785-9bfd-1bd49c8784e6@group-FBFD4010B7DC: changes role from  FOLLOWER to CANDIDATE at term 0 for changeToCandidate
2023-07-06 10:48:22,457 [afdb1d22-58a1-4785-9bfd-1bd49c8784e6@group-FBFD4010B7DC-FollowerState] INFO  server.RaftServerConfigKeys (ConfUtils.java:logGet(46)) - raft.server.leaderelection.pre-vote = true (default)
2023-07-06 10:48:22,457 [afdb1d22-58a1-4785-9bfd-1bd49c8784e6@group-FBFD4010B7DC-FollowerState] INFO  impl.RoleInfo (RoleInfo.java:updateAndGet(139)) - afdb1d22-58a1-4785-9bfd-1bd49c8784e6: start afdb1d22-58a1-4785-9bfd-1bd49c8784e6@group-FBFD4010B7DC-LeaderElection18
2023-07-06 10:48:22,465 [afdb1d22-58a1-4785-9bfd-1bd49c8784e6@group-F800A58FFC0A-FollowerState] INFO  impl.FollowerState (FollowerState.java:run(143)) - afdb1d22-58a1-4785-9bfd-1bd49c8784e6@group-F800A58FFC0A-FollowerState: change to CANDIDATE, lastRpcElapsedTime:5108065824ns, electionTimeout:5103ms
2023-07-06 10:48:22,466 [afdb1d22-58a1-4785-9bfd-1bd49c8784e6@group-F800A58FFC0A-FollowerState] INFO  impl.RoleInfo (RoleInfo.java:shutdownFollowerState(110)) - afdb1d22-58a1-4785-9bfd-1bd49c8784e6: shutdown afdb1d22-58a1-4785-9bfd-1bd49c8784e6@group-F800A58FFC0A-FollowerState
2023-07-06 10:48:22,466 [afdb1d22-58a1-4785-9bfd-1bd49c8784e6@group-F800A58FFC0A-FollowerState] INFO  server.RaftServer$Division (RaftServerImpl.java:setRole(329)) - afdb1d22-58a1-4785-9bfd-1bd49c8784e6@group-F800A58FFC0A: changes role from  FOLLOWER to CANDIDATE at term 0 for changeToCandidate
2023-07-06 10:48:22,466 [afdb1d22-58a1-4785-9bfd-1bd49c8784e6@group-F800A58FFC0A-FollowerState] INFO  server.RaftServerConfigKeys (ConfUtils.java:logGet(46)) - raft.server.leaderelection.pre-vote = true (default)
2023-07-06 10:48:22,466 [afdb1d22-58a1-4785-9bfd-1bd49c8784e6@group-F800A58FFC0A-FollowerState] INFO  impl.RoleInfo (RoleInfo.java:updateAndGet(139)) - afdb1d22-58a1-4785-9bfd-1bd49c8784e6: start afdb1d22-58a1-4785-9bfd-1bd49c8784e6@group-F800A58FFC0A-LeaderElection19
2023-07-06 10:48:22,467 [afdb1d22-58a1-4785-9bfd-1bd49c8784e6@group-FBFD4010B7DC-LeaderElection18] INFO  impl.LeaderElection (LeaderElection.java:askForVotes(321)) - afdb1d22-58a1-4785-9bfd-1bd49c8784e6@group-FBFD4010B7DC-LeaderElection18 PRE_VOTE round 0: submit vote requests at term 0 for -1: peers:[afdb1d22-58a1-4785-9bfd-1bd49c8784e6|rpc:10.1.0.19:15077|admin:10.1.0.19:15076|client:10.1.0.19:15075|dataStream:10.1.0.19:15078|priority:1|startupRole:FOLLOWER]|listeners:[], old=null
2023-07-06 10:48:22,468 [afdb1d22-58a1-4785-9bfd-1bd49c8784e6@group-FBFD4010B7DC-LeaderElection18] INFO  impl.LeaderElection (LeaderElection.java:askForVotes(323)) - afdb1d22-58a1-4785-9bfd-1bd49c8784e6@group-FBFD4010B7DC-LeaderElection18 PRE_VOTE round 0: result PASSED (term=0)
2023-07-06 10:48:22,470 [afdb1d22-58a1-4785-9bfd-1bd49c8784e6@group-FBFD4010B7DC-LeaderElection18] INFO  impl.LeaderElection (LeaderElection.java:askForVotes(321)) - afdb1d22-58a1-4785-9bfd-1bd49c8784e6@group-FBFD4010B7DC-LeaderElection18 ELECTION round 0: submit vote requests at term 1 for -1: peers:[afdb1d22-58a1-4785-9bfd-1bd49c8784e6|rpc:10.1.0.19:15077|admin:10.1.0.19:15076|client:10.1.0.19:15075|dataStream:10.1.0.19:15078|priority:1|startupRole:FOLLOWER]|listeners:[], old=null
2023-07-06 10:48:22,470 [afdb1d22-58a1-4785-9bfd-1bd49c8784e6@group-FBFD4010B7DC-LeaderElection18] INFO  impl.LeaderElection (LeaderElection.java:askForVotes(323)) - afdb1d22-58a1-4785-9bfd-1bd49c8784e6@group-FBFD4010B7DC-LeaderElection18 ELECTION round 0: result PASSED (term=1)
2023-07-06 10:48:22,470 [afdb1d22-58a1-4785-9bfd-1bd49c8784e6@group-FBFD4010B7DC-LeaderElection18] INFO  impl.RoleInfo (RoleInfo.java:shutdownLeaderElection(130)) - afdb1d22-58a1-4785-9bfd-1bd49c8784e6: shutdown afdb1d22-58a1-4785-9bfd-1bd49c8784e6@group-FBFD4010B7DC-LeaderElection18
2023-07-06 10:48:22,470 [afdb1d22-58a1-4785-9bfd-1bd49c8784e6@group-FBFD4010B7DC-LeaderElection18] INFO  server.RaftServer$Division (RaftServerImpl.java:setRole(329)) - afdb1d22-58a1-4785-9bfd-1bd49c8784e6@group-FBFD4010B7DC: changes role from CANDIDATE to LEADER at term 1 for changeToLeader
2023-07-06 10:48:22,470 [afdb1d22-58a1-4785-9bfd-1bd49c8784e6@group-FBFD4010B7DC-LeaderElection18] INFO  ratis.XceiverServerRatis (XceiverServerRatis.java:handleLeaderChangedNotification(902)) - Leader change notification received for group: group-FBFD4010B7DC with new leaderId: afdb1d22-58a1-4785-9bfd-1bd49c8784e6
2023-07-06 10:48:22,470 [afdb1d22-58a1-4785-9bfd-1bd49c8784e6@group-FBFD4010B7DC-LeaderElection18] INFO  server.RaftServer$Division (ServerState.java:setLeader(317)) - afdb1d22-58a1-4785-9bfd-1bd49c8784e6@group-FBFD4010B7DC: change Leader from null to afdb1d22-58a1-4785-9bfd-1bd49c8784e6 at term 1 for becomeLeader, leader elected after 5215ms
2023-07-06 10:48:22,470 [afdb1d22-58a1-4785-9bfd-1bd49c8784e6@group-FBFD4010B7DC-LeaderElection18] INFO  server.RaftServerConfigKeys (ConfUtils.java:logGet(46)) - raft.server.staging.catchup.gap = 1000 (default)
2023-07-06 10:48:22,470 [afdb1d22-58a1-4785-9bfd-1bd49c8784e6@group-F800A58FFC0A-LeaderElection19] INFO  impl.LeaderElection (LeaderElection.java:askForVotes(321)) - afdb1d22-58a1-4785-9bfd-1bd49c8784e6@group-F800A58FFC0A-LeaderElection19 PRE_VOTE round 0: submit vote requests at term 0 for -1: peers:[30003da1-a7bf-44b2-b897-92f161ae05e1|rpc:10.1.0.19:15086|admin:10.1.0.19:15085|client:10.1.0.19:15084|dataStream:10.1.0.19:15087|priority:0|startupRole:FOLLOWER, 2536bb46-c5d2-4252-aed1-a79348143fe8|rpc:10.1.0.19:15068|admin:10.1.0.19:15067|client:10.1.0.19:15066|dataStream:10.1.0.19:15069|priority:0|startupRole:FOLLOWER, afdb1d22-58a1-4785-9bfd-1bd49c8784e6|rpc:10.1.0.19:15077|admin:10.1.0.19:15076|client:10.1.0.19:15075|dataStream:10.1.0.19:15078|priority:1|startupRole:FOLLOWER]|listeners:[], old=null
2023-07-06 10:48:22,470 [afdb1d22-58a1-4785-9bfd-1bd49c8784e6@group-FBFD4010B7DC-LeaderElection18] INFO  server.RaftServerConfigKeys (ConfUtils.java:logGet(46)) - raft.server.write.element-limit = 1024 (custom)
2023-07-06 10:48:22,470 [afdb1d22-58a1-4785-9bfd-1bd49c8784e6@group-FBFD4010B7DC-LeaderElection18] INFO  server.RaftServerConfigKeys (ConfUtils.java:logGet(46)) - raft.server.write.byte-limit = 1024 M (=1073741824) (custom)
2023-07-06 10:48:22,471 [afdb1d22-58a1-4785-9bfd-1bd49c8784e6@group-FBFD4010B7DC-LeaderElection18] INFO  server.RaftServerConfigKeys (ConfUtils.java:logGet(46)) - raft.server.watch.timeout = 180s (custom)
2023-07-06 10:48:22,471 [afdb1d22-58a1-4785-9bfd-1bd49c8784e6@group-FBFD4010B7DC-LeaderElection18] INFO  server.RaftServerConfigKeys (ConfUtils.java:logGet(46)) - raft.server.watch.timeout.denomination = 1s (default)
2023-07-06 10:48:22,471 [afdb1d22-58a1-4785-9bfd-1bd49c8784e6@group-FBFD4010B7DC-LeaderElection18] INFO  server.RaftServerConfigKeys (ConfUtils.java:logGet(46)) - raft.server.watch.element-limit = 65536 (default)
2023-07-06 10:48:22,471 [afdb1d22-58a1-4785-9bfd-1bd49c8784e6@group-FBFD4010B7DC-LeaderElection18] INFO  server.RaftServerConfigKeys (ConfUtils.java:logGet(46)) - raft.server.write.element-limit = 1024 (custom)
2023-07-06 10:48:22,471 [afdb1d22-58a1-4785-9bfd-1bd49c8784e6@group-FBFD4010B7DC-LeaderElection18] INFO  server.RaftServerConfigKeys (ConfUtils.java:logGet(46)) - raft.server.write.follower.gap.ratio.max = -1.0 (default)
2023-07-06 10:48:22,471 [afdb1d22-58a1-4785-9bfd-1bd49c8784e6@group-FBFD4010B7DC-LeaderElection18] INFO  impl.RoleInfo (RoleInfo.java:updateAndGet(139)) - afdb1d22-58a1-4785-9bfd-1bd49c8784e6: start afdb1d22-58a1-4785-9bfd-1bd49c8784e6@group-FBFD4010B7DC-LeaderStateImpl
2023-07-06 10:48:22,471 [afdb1d22-58a1-4785-9bfd-1bd49c8784e6@group-FBFD4010B7DC-LeaderElection18] INFO  segmented.SegmentedRaftLogWorker (SegmentedRaftLogWorker.java:startLogSegment(447)) - afdb1d22-58a1-4785-9bfd-1bd49c8784e6@group-FBFD4010B7DC-SegmentedRaftLogWorker: Starting segment from index:0
2023-07-06 10:48:22,473 [IPC Server handler 13 on default port 15001] INFO  ha.SequenceIdGenerator (SequenceIdGenerator.java:getNextId(140)) - Allocate a batch for containerId, change lastId from 0 to 1000.
2023-07-06 10:48:22,476 [afdb1d22-58a1-4785-9bfd-1bd49c8784e6@group-F800A58FFC0A-LeaderElection19-1] INFO  server.GrpcServerProtocolClient (GrpcServerProtocolClient.java:<init>(65)) - Build channel for 30003da1-a7bf-44b2-b897-92f161ae05e1
2023-07-06 10:48:22,476 [afdb1d22-58a1-4785-9bfd-1bd49c8784e6@group-FBFD4010B7DC-SegmentedRaftLogWorker] INFO  segmented.SegmentedRaftLogWorker (SegmentedRaftLogWorker.java:execute(651)) - afdb1d22-58a1-4785-9bfd-1bd49c8784e6@group-FBFD4010B7DC-SegmentedRaftLogWorker: created new log segment /home/runner/work/ozone/ozone/hadoop-ozone/integration-test/target/test-dir/MiniOzoneClusterImpl-8ecce792-0b29-40a4-bcd2-9922915e3450/datanode-7/data/ratis/8df9f9fd-24df-4c85-9616-fbfd4010b7dc/current/log_inprogress_0
2023-07-06 10:48:22,480 [afdb1d22-58a1-4785-9bfd-1bd49c8784e6@group-FBFD4010B7DC-LeaderElection18] INFO  server.RaftServer$Division (ServerState.java:setRaftConf(434)) - afdb1d22-58a1-4785-9bfd-1bd49c8784e6@group-FBFD4010B7DC: set configuration 0: peers:[afdb1d22-58a1-4785-9bfd-1bd49c8784e6|rpc:10.1.0.19:15077|admin:10.1.0.19:15076|client:10.1.0.19:15075|dataStream:10.1.0.19:15078|priority:1|startupRole:FOLLOWER]|listeners:[], old=null
2023-07-06 10:48:22,484 [grpc-default-executor-2] INFO  server.RaftServer$Division (RaftServerImpl.java:requestVote(1302)) - 30003da1-a7bf-44b2-b897-92f161ae05e1@group-F800A58FFC0A: receive requestVote(PRE_VOTE, afdb1d22-58a1-4785-9bfd-1bd49c8784e6, group-F800A58FFC0A, 0, (t:0, i:0))
2023-07-06 10:48:22,484 [grpc-default-executor-2] INFO  impl.VoteContext (VoteContext.java:log(49)) - 30003da1-a7bf-44b2-b897-92f161ae05e1@group-F800A58FFC0A-FOLLOWER: accept PRE_VOTE from afdb1d22-58a1-4785-9bfd-1bd49c8784e6: our priority 0 <= candidate's priority 1
2023-07-06 10:48:22,484 [grpc-default-executor-2] INFO  server.RaftServer$Division (RaftServerImpl.java:requestVote(1335)) - 30003da1-a7bf-44b2-b897-92f161ae05e1@group-F800A58FFC0A replies to PRE_VOTE vote request: afdb1d22-58a1-4785-9bfd-1bd49c8784e6<-30003da1-a7bf-44b2-b897-92f161ae05e1#0:OK-t0. Peer's state: 30003da1-a7bf-44b2-b897-92f161ae05e1@group-F800A58FFC0A:t0, leader=null, voted=, raftlog=Memoized:30003da1-a7bf-44b2-b897-92f161ae05e1@group-F800A58FFC0A-SegmentedRaftLog:OPENED:c-1, conf=-1: peers:[30003da1-a7bf-44b2-b897-92f161ae05e1|rpc:10.1.0.19:15086|admin:10.1.0.19:15085|client:10.1.0.19:15084|dataStream:10.1.0.19:15087|priority:0|startupRole:FOLLOWER, 2536bb46-c5d2-4252-aed1-a79348143fe8|rpc:10.1.0.19:15068|admin:10.1.0.19:15067|client:10.1.0.19:15066|dataStream:10.1.0.19:15069|priority:0|startupRole:FOLLOWER, afdb1d22-58a1-4785-9bfd-1bd49c8784e6|rpc:10.1.0.19:15077|admin:10.1.0.19:15076|client:10.1.0.19:15075|dataStream:10.1.0.19:15078|priority:1|startupRole:FOLLOWER]|listeners:[], old=null
2023-07-06 10:48:22,486 [afdb1d22-58a1-4785-9bfd-1bd49c8784e6@group-F800A58FFC0A-LeaderElection19] INFO  server.RaftServerConfigKeys (ConfUtils.java:logFallback(53)) - raft.server.rpc.first-election.timeout.min = 5s (fallback to raft.server.rpc.timeout.min)
2023-07-06 10:48:22,486 [afdb1d22-58a1-4785-9bfd-1bd49c8784e6@group-F800A58FFC0A-LeaderElection19] INFO  server.RaftServerConfigKeys (ConfUtils.java:logFallback(53)) - raft.server.rpc.first-election.timeout.max = 5200ms (fallback to raft.server.rpc.timeout.max)
2023-07-06 10:48:22,486 [afdb1d22-58a1-4785-9bfd-1bd49c8784e6@group-F800A58FFC0A-LeaderElection19] INFO  impl.LeaderElection (LeaderElection.java:logAndReturn(90)) - afdb1d22-58a1-4785-9bfd-1bd49c8784e6@group-F800A58FFC0A-LeaderElection19: PRE_VOTE PASSED received 1 response(s) and 0 exception(s):
2023-07-06 10:48:22,486 [afdb1d22-58a1-4785-9bfd-1bd49c8784e6@group-F800A58FFC0A-LeaderElection19] INFO  impl.LeaderElection (LeaderElection.java:logAndReturn(94)) -   Response 0: afdb1d22-58a1-4785-9bfd-1bd49c8784e6<-30003da1-a7bf-44b2-b897-92f161ae05e1#0:OK-t0
2023-07-06 10:48:22,486 [afdb1d22-58a1-4785-9bfd-1bd49c8784e6@group-F800A58FFC0A-LeaderElection19] INFO  impl.LeaderElection (LeaderElection.java:askForVotes(323)) - afdb1d22-58a1-4785-9bfd-1bd49c8784e6@group-F800A58FFC0A-LeaderElection19 PRE_VOTE round 0: result PASSED
2023-07-06 10:48:22,487 [afdb1d22-58a1-4785-9bfd-1bd49c8784e6@group-F800A58FFC0A-LeaderElection19-2] INFO  server.GrpcServerProtocolClient (GrpcServerProtocolClient.java:<init>(65)) - Build channel for 2536bb46-c5d2-4252-aed1-a79348143fe8
2023-07-06 10:48:22,488 [afdb1d22-58a1-4785-9bfd-1bd49c8784e6@group-F800A58FFC0A-LeaderElection19] INFO  impl.LeaderElection (LeaderElection.java:askForVotes(321)) - afdb1d22-58a1-4785-9bfd-1bd49c8784e6@group-F800A58FFC0A-LeaderElection19 ELECTION round 0: submit vote requests at term 1 for -1: peers:[30003da1-a7bf-44b2-b897-92f161ae05e1|rpc:10.1.0.19:15086|admin:10.1.0.19:15085|client:10.1.0.19:15084|dataStream:10.1.0.19:15087|priority:0|startupRole:FOLLOWER, 2536bb46-c5d2-4252-aed1-a79348143fe8|rpc:10.1.0.19:15068|admin:10.1.0.19:15067|client:10.1.0.19:15066|dataStream:10.1.0.19:15069|priority:0|startupRole:FOLLOWER, afdb1d22-58a1-4785-9bfd-1bd49c8784e6|rpc:10.1.0.19:15077|admin:10.1.0.19:15076|client:10.1.0.19:15075|dataStream:10.1.0.19:15078|priority:1|startupRole:FOLLOWER]|listeners:[], old=null
2023-07-06 10:48:22,493 [IPC Server handler 13 on default port 15001] WARN  ha.SequenceIdGenerator (SequenceIdGenerator.java:allocateBatch(249)) - Failed to allocate a batch for localId, expected lastId is 0, actual lastId is 111677748019200000.
2023-07-06 10:48:22,494 [IPC Server handler 13 on default port 15001] INFO  ha.SequenceIdGenerator (SequenceIdGenerator.java:getNextId(140)) - Allocate a batch for localId, change lastId from 111677748019200000 to 111677748019201000.
2023-07-06 10:48:22,494 [afdb1d22-58a1-4785-9bfd-1bd49c8784e6@group-F800A58FFC0A-LeaderElection19] INFO  server.RaftServerConfigKeys (ConfUtils.java:logFallback(53)) - raft.server.rpc.first-election.timeout.min = 5s (fallback to raft.server.rpc.timeout.min)
2023-07-06 10:48:22,494 [afdb1d22-58a1-4785-9bfd-1bd49c8784e6@group-F800A58FFC0A-LeaderElection19] INFO  server.RaftServerConfigKeys (ConfUtils.java:logFallback(53)) - raft.server.rpc.first-election.timeout.max = 5200ms (fallback to raft.server.rpc.timeout.max)
2023-07-06 10:48:22,502 [grpc-default-executor-2] INFO  server.RaftServer$Division (RaftServerImpl.java:requestVote(1302)) - 30003da1-a7bf-44b2-b897-92f161ae05e1@group-F800A58FFC0A: receive requestVote(ELECTION, afdb1d22-58a1-4785-9bfd-1bd49c8784e6, group-F800A58FFC0A, 1, (t:0, i:0))
2023-07-06 10:48:22,502 [grpc-default-executor-2] INFO  impl.VoteContext (VoteContext.java:log(49)) - 30003da1-a7bf-44b2-b897-92f161ae05e1@group-F800A58FFC0A-FOLLOWER: accept ELECTION from afdb1d22-58a1-4785-9bfd-1bd49c8784e6: our priority 0 <= candidate's priority 1
2023-07-06 10:48:22,502 [grpc-default-executor-2] INFO  server.RaftServer$Division (RaftServerImpl.java:setRole(329)) - 30003da1-a7bf-44b2-b897-92f161ae05e1@group-F800A58FFC0A: changes role from  FOLLOWER to FOLLOWER at term 1 for candidate:afdb1d22-58a1-4785-9bfd-1bd49c8784e6
2023-07-06 10:48:22,502 [grpc-default-executor-2] INFO  impl.RoleInfo (RoleInfo.java:shutdownFollowerState(110)) - 30003da1-a7bf-44b2-b897-92f161ae05e1: shutdown 30003da1-a7bf-44b2-b897-92f161ae05e1@group-F800A58FFC0A-FollowerState
2023-07-06 10:48:22,502 [grpc-default-executor-2] INFO  impl.RoleInfo (RoleInfo.java:updateAndGet(139)) - 30003da1-a7bf-44b2-b897-92f161ae05e1: start 30003da1-a7bf-44b2-b897-92f161ae05e1@group-F800A58FFC0A-FollowerState
2023-07-06 10:48:22,502 [30003da1-a7bf-44b2-b897-92f161ae05e1@group-F800A58FFC0A-FollowerState] INFO  impl.FollowerState (FollowerState.java:run(152)) - 30003da1-a7bf-44b2-b897-92f161ae05e1@group-F800A58FFC0A-FollowerState was interrupted
2023-07-06 10:48:22,503 [grpc-default-executor-1] INFO  server.RaftServer$Division (RaftServerImpl.java:requestVote(1302)) - 2536bb46-c5d2-4252-aed1-a79348143fe8@group-F800A58FFC0A: receive requestVote(PRE_VOTE, afdb1d22-58a1-4785-9bfd-1bd49c8784e6, group-F800A58FFC0A, 0, (t:0, i:0))
2023-07-06 10:48:22,503 [grpc-default-executor-1] INFO  impl.VoteContext (VoteContext.java:log(49)) - 2536bb46-c5d2-4252-aed1-a79348143fe8@group-F800A58FFC0A-FOLLOWER: accept PRE_VOTE from afdb1d22-58a1-4785-9bfd-1bd49c8784e6: our priority 0 <= candidate's priority 1
2023-07-06 10:48:22,504 [grpc-default-executor-1] INFO  server.RaftServer$Division (RaftServerImpl.java:requestVote(1335)) - 2536bb46-c5d2-4252-aed1-a79348143fe8@group-F800A58FFC0A replies to PRE_VOTE vote request: afdb1d22-58a1-4785-9bfd-1bd49c8784e6<-2536bb46-c5d2-4252-aed1-a79348143fe8#0:OK-t0. Peer's state: 2536bb46-c5d2-4252-aed1-a79348143fe8@group-F800A58FFC0A:t0, leader=null, voted=, raftlog=Memoized:2536bb46-c5d2-4252-aed1-a79348143fe8@group-F800A58FFC0A-SegmentedRaftLog:OPENED:c-1, conf=-1: peers:[30003da1-a7bf-44b2-b897-92f161ae05e1|rpc:10.1.0.19:15086|admin:10.1.0.19:15085|client:10.1.0.19:15084|dataStream:10.1.0.19:15087|priority:0|startupRole:FOLLOWER, 2536bb46-c5d2-4252-aed1-a79348143fe8|rpc:10.1.0.19:15068|admin:10.1.0.19:15067|client:10.1.0.19:15066|dataStream:10.1.0.19:15069|priority:0|startupRole:FOLLOWER, afdb1d22-58a1-4785-9bfd-1bd49c8784e6|rpc:10.1.0.19:15077|admin:10.1.0.19:15076|client:10.1.0.19:15075|dataStream:10.1.0.19:15078|priority:1|startupRole:FOLLOWER]|listeners:[], old=null
2023-07-06 10:48:22,506 [grpc-default-executor-2] INFO  server.RaftServer$Division (RaftServerImpl.java:requestVote(1335)) - 30003da1-a7bf-44b2-b897-92f161ae05e1@group-F800A58FFC0A replies to ELECTION vote request: afdb1d22-58a1-4785-9bfd-1bd49c8784e6<-30003da1-a7bf-44b2-b897-92f161ae05e1#0:OK-t1. Peer's state: 30003da1-a7bf-44b2-b897-92f161ae05e1@group-F800A58FFC0A:t1, leader=null, voted=afdb1d22-58a1-4785-9bfd-1bd49c8784e6, raftlog=Memoized:30003da1-a7bf-44b2-b897-92f161ae05e1@group-F800A58FFC0A-SegmentedRaftLog:OPENED:c-1, conf=-1: peers:[30003da1-a7bf-44b2-b897-92f161ae05e1|rpc:10.1.0.19:15086|admin:10.1.0.19:15085|client:10.1.0.19:15084|dataStream:10.1.0.19:15087|priority:0|startupRole:FOLLOWER, 2536bb46-c5d2-4252-aed1-a79348143fe8|rpc:10.1.0.19:15068|admin:10.1.0.19:15067|client:10.1.0.19:15066|dataStream:10.1.0.19:15069|priority:0|startupRole:FOLLOWER, afdb1d22-58a1-4785-9bfd-1bd49c8784e6|rpc:10.1.0.19:15077|admin:10.1.0.19:15076|client:10.1.0.19:15075|dataStream:10.1.0.19:15078|priority:1|startupRole:FOLLOWER]|listeners:[], old=null
2023-07-06 10:48:22,509 [grpc-default-executor-2] INFO  server.RaftServer$Division (RaftServerImpl.java:requestVote(1302)) - 2536bb46-c5d2-4252-aed1-a79348143fe8@group-F800A58FFC0A: receive requestVote(ELECTION, afdb1d22-58a1-4785-9bfd-1bd49c8784e6, group-F800A58FFC0A, 1, (t:0, i:0))
2023-07-06 10:48:22,510 [grpc-default-executor-2] INFO  impl.VoteContext (VoteContext.java:log(49)) - 2536bb46-c5d2-4252-aed1-a79348143fe8@group-F800A58FFC0A-FOLLOWER: accept ELECTION from afdb1d22-58a1-4785-9bfd-1bd49c8784e6: our priority 0 <= candidate's priority 1
2023-07-06 10:48:22,510 [grpc-default-executor-2] INFO  server.RaftServer$Division (RaftServerImpl.java:setRole(329)) - 2536bb46-c5d2-4252-aed1-a79348143fe8@group-F800A58FFC0A: changes role from  FOLLOWER to FOLLOWER at term 1 for candidate:afdb1d22-58a1-4785-9bfd-1bd49c8784e6
2023-07-06 10:48:22,510 [grpc-default-executor-2] INFO  impl.RoleInfo (RoleInfo.java:shutdownFollowerState(110)) - 2536bb46-c5d2-4252-aed1-a79348143fe8: shutdown 2536bb46-c5d2-4252-aed1-a79348143fe8@group-F800A58FFC0A-FollowerState
2023-07-06 10:48:22,510 [grpc-default-executor-2] INFO  impl.RoleInfo (RoleInfo.java:updateAndGet(139)) - 2536bb46-c5d2-4252-aed1-a79348143fe8: start 2536bb46-c5d2-4252-aed1-a79348143fe8@group-F800A58FFC0A-FollowerState
2023-07-06 10:48:22,510 [2536bb46-c5d2-4252-aed1-a79348143fe8@group-F800A58FFC0A-FollowerState] INFO  impl.FollowerState (FollowerState.java:run(152)) - 2536bb46-c5d2-4252-aed1-a79348143fe8@group-F800A58FFC0A-FollowerState was interrupted
2023-07-06 10:48:22,516 [afdb1d22-58a1-4785-9bfd-1bd49c8784e6@group-F800A58FFC0A-LeaderElection19] INFO  impl.LeaderElection (LeaderElection.java:logAndReturn(90)) - afdb1d22-58a1-4785-9bfd-1bd49c8784e6@group-F800A58FFC0A-LeaderElection19: ELECTION PASSED received 1 response(s) and 0 exception(s):
2023-07-06 10:48:22,516 [afdb1d22-58a1-4785-9bfd-1bd49c8784e6@group-F800A58FFC0A-LeaderElection19] INFO  impl.LeaderElection (LeaderElection.java:logAndReturn(94)) -   Response 0: afdb1d22-58a1-4785-9bfd-1bd49c8784e6<-30003da1-a7bf-44b2-b897-92f161ae05e1#0:OK-t1
2023-07-06 10:48:22,516 [afdb1d22-58a1-4785-9bfd-1bd49c8784e6@group-F800A58FFC0A-LeaderElection19] INFO  impl.LeaderElection (LeaderElection.java:askForVotes(323)) - afdb1d22-58a1-4785-9bfd-1bd49c8784e6@group-F800A58FFC0A-LeaderElection19 ELECTION round 0: result PASSED
2023-07-06 10:48:22,516 [afdb1d22-58a1-4785-9bfd-1bd49c8784e6@group-F800A58FFC0A-LeaderElection19] INFO  impl.RoleInfo (RoleInfo.java:shutdownLeaderElection(130)) - afdb1d22-58a1-4785-9bfd-1bd49c8784e6: shutdown afdb1d22-58a1-4785-9bfd-1bd49c8784e6@group-F800A58FFC0A-LeaderElection19
2023-07-06 10:48:22,516 [afdb1d22-58a1-4785-9bfd-1bd49c8784e6@group-F800A58FFC0A-LeaderElection19] INFO  server.RaftServer$Division (RaftServerImpl.java:setRole(329)) - afdb1d22-58a1-4785-9bfd-1bd49c8784e6@group-F800A58FFC0A: changes role from CANDIDATE to LEADER at term 1 for changeToLeader
2023-07-06 10:48:22,517 [afdb1d22-58a1-4785-9bfd-1bd49c8784e6@group-F800A58FFC0A-LeaderElection19] INFO  ratis.XceiverServerRatis (XceiverServerRatis.java:handleLeaderChangedNotification(902)) - Leader change notification received for group: group-F800A58FFC0A with new leaderId: afdb1d22-58a1-4785-9bfd-1bd49c8784e6
2023-07-06 10:48:22,517 [grpc-default-executor-2] INFO  server.RaftServer$Division (RaftServerImpl.java:requestVote(1335)) - 2536bb46-c5d2-4252-aed1-a79348143fe8@group-F800A58FFC0A replies to ELECTION vote request: afdb1d22-58a1-4785-9bfd-1bd49c8784e6<-2536bb46-c5d2-4252-aed1-a79348143fe8#0:OK-t1. Peer's state: 2536bb46-c5d2-4252-aed1-a79348143fe8@group-F800A58FFC0A:t1, leader=null, voted=afdb1d22-58a1-4785-9bfd-1bd49c8784e6, raftlog=Memoized:2536bb46-c5d2-4252-aed1-a79348143fe8@group-F800A58FFC0A-SegmentedRaftLog:OPENED:c-1, conf=-1: peers:[30003da1-a7bf-44b2-b897-92f161ae05e1|rpc:10.1.0.19:15086|admin:10.1.0.19:15085|client:10.1.0.19:15084|dataStream:10.1.0.19:15087|priority:0|startupRole:FOLLOWER, 2536bb46-c5d2-4252-aed1-a79348143fe8|rpc:10.1.0.19:15068|admin:10.1.0.19:15067|client:10.1.0.19:15066|dataStream:10.1.0.19:15069|priority:0|startupRole:FOLLOWER, afdb1d22-58a1-4785-9bfd-1bd49c8784e6|rpc:10.1.0.19:15077|admin:10.1.0.19:15076|client:10.1.0.19:15075|dataStream:10.1.0.19:15078|priority:1|startupRole:FOLLOWER]|listeners:[], old=null
2023-07-06 10:48:22,517 [afdb1d22-58a1-4785-9bfd-1bd49c8784e6@group-F800A58FFC0A-LeaderElection19] INFO  server.RaftServer$Division (ServerState.java:setLeader(317)) - afdb1d22-58a1-4785-9bfd-1bd49c8784e6@group-F800A58FFC0A: change Leader from null to afdb1d22-58a1-4785-9bfd-1bd49c8784e6 at term 1 for becomeLeader, leader elected after 5209ms
2023-07-06 10:48:22,517 [afdb1d22-58a1-4785-9bfd-1bd49c8784e6@group-F800A58FFC0A-LeaderElection19] INFO  server.RaftServerConfigKeys (ConfUtils.java:logGet(46)) - raft.server.staging.catchup.gap = 1000 (default)
2023-07-06 10:48:22,517 [afdb1d22-58a1-4785-9bfd-1bd49c8784e6@group-F800A58FFC0A-LeaderElection19] INFO  server.RaftServerConfigKeys (ConfUtils.java:logGet(46)) - raft.server.write.element-limit = 1024 (custom)
2023-07-06 10:48:22,517 [afdb1d22-58a1-4785-9bfd-1bd49c8784e6@group-F800A58FFC0A-LeaderElection19] INFO  server.RaftServerConfigKeys (ConfUtils.java:logGet(46)) - raft.server.write.byte-limit = 1024 M (=1073741824) (custom)
2023-07-06 10:48:22,517 [afdb1d22-58a1-4785-9bfd-1bd49c8784e6@group-F800A58FFC0A-LeaderElection19] INFO  server.RaftServerConfigKeys (ConfUtils.java:logGet(46)) - raft.server.watch.timeout = 180s (custom)
2023-07-06 10:48:22,518 [afdb1d22-58a1-4785-9bfd-1bd49c8784e6@group-F800A58FFC0A-LeaderElection19] INFO  server.RaftServerConfigKeys (ConfUtils.java:logGet(46)) - raft.server.watch.timeout.denomination = 1s (default)
2023-07-06 10:48:22,518 [afdb1d22-58a1-4785-9bfd-1bd49c8784e6@group-F800A58FFC0A-LeaderElection19] INFO  server.RaftServerConfigKeys (ConfUtils.java:logGet(46)) - raft.server.watch.element-limit = 65536 (default)
2023-07-06 10:48:22,518 [afdb1d22-58a1-4785-9bfd-1bd49c8784e6@group-F800A58FFC0A-LeaderElection19] INFO  server.RaftServerConfigKeys (ConfUtils.java:logGet(46)) - raft.server.write.element-limit = 1024 (custom)
2023-07-06 10:48:22,518 [afdb1d22-58a1-4785-9bfd-1bd49c8784e6@group-F800A58FFC0A-LeaderElection19] INFO  server.RaftServerConfigKeys (ConfUtils.java:logGet(46)) - raft.server.write.follower.gap.ratio.max = -1.0 (default)
2023-07-06 10:48:22,518 [afdb1d22-58a1-4785-9bfd-1bd49c8784e6@group-F800A58FFC0A-LeaderElection19] INFO  server.RaftServerConfigKeys (ConfUtils.java:logGet(46)) - raft.server.log.appender.snapshot.chunk.size.max = 16MB (=16777216) (default)
2023-07-06 10:48:22,518 [afdb1d22-58a1-4785-9bfd-1bd49c8784e6@group-F800A58FFC0A-LeaderElection19] INFO  server.RaftServerConfigKeys (ConfUtils.java:logGet(46)) - raft.server.log.appender.buffer.byte-limit = 33554432 (custom)
2023-07-06 10:48:22,519 [afdb1d22-58a1-4785-9bfd-1bd49c8784e6@group-F800A58FFC0A-LeaderElection19] INFO  server.RaftServerConfigKeys (ConfUtils.java:logGet(46)) - raft.server.log.appender.buffer.element-limit = 1 (custom)
2023-07-06 10:48:22,519 [afdb1d22-58a1-4785-9bfd-1bd49c8784e6@group-F800A58FFC0A-LeaderElection19] INFO  server.RaftServerConfigKeys (ConfUtils.java:logGet(46)) - raft.server.log.appender.wait-time.min = 10ms (default)
2023-07-06 10:48:22,519 [afdb1d22-58a1-4785-9bfd-1bd49c8784e6@group-F800A58FFC0A-LeaderElection19] INFO  grpc.GrpcConfigKeys (ConfUtils.java:logGet(46)) - raft.grpc.server.leader.outstanding.appends.max = 128 (default)
2023-07-06 10:48:22,519 [afdb1d22-58a1-4785-9bfd-1bd49c8784e6@group-F800A58FFC0A-LeaderElection19] INFO  server.RaftServerConfigKeys (ConfUtils.java:logGet(46)) - raft.server.rpc.request.timeout = 60s (custom)
2023-07-06 10:48:22,519 [afdb1d22-58a1-4785-9bfd-1bd49c8784e6@group-F800A58FFC0A-LeaderElection19] INFO  grpc.GrpcConfigKeys (ConfUtils.java:logGet(46)) - raft.grpc.server.install_snapshot.request.element-limit = 8 (default)
2023-07-06 10:48:22,519 [afdb1d22-58a1-4785-9bfd-1bd49c8784e6@group-F800A58FFC0A-LeaderElection19] INFO  grpc.GrpcConfigKeys (ConfUtils.java:logGet(46)) - raft.grpc.server.install_snapshot.request.timeout = 3000ms (default)
2023-07-06 10:48:22,519 [afdb1d22-58a1-4785-9bfd-1bd49c8784e6@group-F800A58FFC0A-LeaderElection19] INFO  server.RaftServerConfigKeys (ConfUtils.java:logGet(46)) - raft.server.log.appender.install.snapshot.enabled = false (custom)
2023-07-06 10:48:22,519 [afdb1d22-58a1-4785-9bfd-1bd49c8784e6@group-F800A58FFC0A-LeaderElection19] INFO  grpc.GrpcConfigKeys (ConfUtils.java:logGet(46)) - raft.grpc.server.heartbeat.channel = true (default)
2023-07-06 10:48:22,520 [afdb1d22-58a1-4785-9bfd-1bd49c8784e6@group-F800A58FFC0A-LeaderElection19] INFO  server.RaftServerConfigKeys (ConfUtils.java:logGet(46)) - raft.server.log.appender.snapshot.chunk.size.max = 16MB (=16777216) (default)
2023-07-06 10:48:22,520 [afdb1d22-58a1-4785-9bfd-1bd49c8784e6@group-F800A58FFC0A-LeaderElection19] INFO  server.RaftServerConfigKeys (ConfUtils.java:logGet(46)) - raft.server.log.appender.buffer.byte-limit = 33554432 (custom)
2023-07-06 10:48:22,520 [afdb1d22-58a1-4785-9bfd-1bd49c8784e6@group-F800A58FFC0A-LeaderElection19] INFO  server.RaftServerConfigKeys (ConfUtils.java:logGet(46)) - raft.server.log.appender.buffer.element-limit = 1 (custom)
2023-07-06 10:48:22,520 [afdb1d22-58a1-4785-9bfd-1bd49c8784e6@group-F800A58FFC0A-LeaderElection19] INFO  server.RaftServerConfigKeys (ConfUtils.java:logGet(46)) - raft.server.log.appender.wait-time.min = 10ms (default)
2023-07-06 10:48:22,520 [afdb1d22-58a1-4785-9bfd-1bd49c8784e6@group-F800A58FFC0A-LeaderElection19] INFO  grpc.GrpcConfigKeys (ConfUtils.java:logGet(46)) - raft.grpc.server.leader.outstanding.appends.max = 128 (default)
2023-07-06 10:48:22,520 [afdb1d22-58a1-4785-9bfd-1bd49c8784e6@group-F800A58FFC0A-LeaderElection19] INFO  server.RaftServerConfigKeys (ConfUtils.java:logGet(46)) - raft.server.rpc.request.timeout = 60s (custom)
2023-07-06 10:48:22,520 [afdb1d22-58a1-4785-9bfd-1bd49c8784e6@group-F800A58FFC0A-LeaderElection19] INFO  grpc.GrpcConfigKeys (ConfUtils.java:logGet(46)) - raft.grpc.server.install_snapshot.request.element-limit = 8 (default)
2023-07-06 10:48:22,520 [afdb1d22-58a1-4785-9bfd-1bd49c8784e6@group-F800A58FFC0A-LeaderElection19] INFO  grpc.GrpcConfigKeys (ConfUtils.java:logGet(46)) - raft.grpc.server.install_snapshot.request.timeout = 3000ms (default)
2023-07-06 10:48:22,520 [afdb1d22-58a1-4785-9bfd-1bd49c8784e6@group-F800A58FFC0A-LeaderElection19] INFO  server.RaftServerConfigKeys (ConfUtils.java:logGet(46)) - raft.server.log.appender.install.snapshot.enabled = false (custom)
2023-07-06 10:48:22,520 [afdb1d22-58a1-4785-9bfd-1bd49c8784e6@group-F800A58FFC0A-LeaderElection19] INFO  grpc.GrpcConfigKeys (ConfUtils.java:logGet(46)) - raft.grpc.server.heartbeat.channel = true (default)
2023-07-06 10:48:22,520 [afdb1d22-58a1-4785-9bfd-1bd49c8784e6@group-F800A58FFC0A-LeaderElection19] INFO  impl.RoleInfo (RoleInfo.java:updateAndGet(139)) - afdb1d22-58a1-4785-9bfd-1bd49c8784e6: start afdb1d22-58a1-4785-9bfd-1bd49c8784e6@group-F800A58FFC0A-LeaderStateImpl
2023-07-06 10:48:22,521 [afdb1d22-58a1-4785-9bfd-1bd49c8784e6@group-F800A58FFC0A-LeaderElection19] INFO  segmented.SegmentedRaftLogWorker (SegmentedRaftLogWorker.java:startLogSegment(447)) - afdb1d22-58a1-4785-9bfd-1bd49c8784e6@group-F800A58FFC0A-SegmentedRaftLogWorker: Starting segment from index:0
2023-07-06 10:48:22,521 [30003da1-a7bf-44b2-b897-92f161ae05e1@group-B4C0AA62A58B-FollowerState] INFO  impl.FollowerState (FollowerState.java:run(143)) - 30003da1-a7bf-44b2-b897-92f161ae05e1@group-B4C0AA62A58B-FollowerState: change to CANDIDATE, lastRpcElapsedTime:5041321716ns, electionTimeout:5029ms
2023-07-06 10:48:22,521 [30003da1-a7bf-44b2-b897-92f161ae05e1@group-B4C0AA62A58B-FollowerState] INFO  impl.RoleInfo (RoleInfo.java:shutdownFollowerState(110)) - 30003da1-a7bf-44b2-b897-92f161ae05e1: shutdown 30003da1-a7bf-44b2-b897-92f161ae05e1@group-B4C0AA62A58B-FollowerState
2023-07-06 10:48:22,521 [30003da1-a7bf-44b2-b897-92f161ae05e1@group-B4C0AA62A58B-FollowerState] INFO  server.RaftServer$Division (RaftServerImpl.java:setRole(329)) - 30003da1-a7bf-44b2-b897-92f161ae05e1@group-B4C0AA62A58B: changes role from  FOLLOWER to CANDIDATE at term 0 for changeToCandidate
2023-07-06 10:48:22,521 [30003da1-a7bf-44b2-b897-92f161ae05e1@group-B4C0AA62A58B-FollowerState] INFO  server.RaftServerConfigKeys (ConfUtils.java:logGet(46)) - raft.server.leaderelection.pre-vote = true (default)
2023-07-06 10:48:22,521 [30003da1-a7bf-44b2-b897-92f161ae05e1@group-B4C0AA62A58B-FollowerState] INFO  impl.RoleInfo (RoleInfo.java:updateAndGet(139)) - 30003da1-a7bf-44b2-b897-92f161ae05e1: start 30003da1-a7bf-44b2-b897-92f161ae05e1@group-B4C0AA62A58B-LeaderElection20
2023-07-06 10:48:22,525 [EventQueue-PipelineReportForPipelineReportHandler] INFO  pipeline.PipelineReportHandler (PipelineReportHandler.java:processPipelineReport(136)) - Opened pipeline PipelineID=1d4f6905-e586-4554-9b7a-f800a58ffc0a
2023-07-06 10:48:22,525 [afdb1d22-58a1-4785-9bfd-1bd49c8784e6@group-F800A58FFC0A-SegmentedRaftLogWorker] INFO  segmented.SegmentedRaftLogWorker (SegmentedRaftLogWorker.java:execute(651)) - afdb1d22-58a1-4785-9bfd-1bd49c8784e6@group-F800A58FFC0A-SegmentedRaftLogWorker: created new log segment /home/runner/work/ozone/ozone/hadoop-ozone/integration-test/target/test-dir/MiniOzoneClusterImpl-8ecce792-0b29-40a4-bcd2-9922915e3450/datanode-7/data/ratis/1d4f6905-e586-4554-9b7a-f800a58ffc0a/current/log_inprogress_0
2023-07-06 10:48:22,527 [afdb1d22-58a1-4785-9bfd-1bd49c8784e6@group-F800A58FFC0A-LeaderElection19] INFO  server.RaftServer$Division (ServerState.java:setRaftConf(434)) - afdb1d22-58a1-4785-9bfd-1bd49c8784e6@group-F800A58FFC0A: set configuration 0: peers:[30003da1-a7bf-44b2-b897-92f161ae05e1|rpc:10.1.0.19:15086|admin:10.1.0.19:15085|client:10.1.0.19:15084|dataStream:10.1.0.19:15087|priority:0|startupRole:FOLLOWER, 2536bb46-c5d2-4252-aed1-a79348143fe8|rpc:10.1.0.19:15068|admin:10.1.0.19:15067|client:10.1.0.19:15066|dataStream:10.1.0.19:15069|priority:0|startupRole:FOLLOWER, afdb1d22-58a1-4785-9bfd-1bd49c8784e6|rpc:10.1.0.19:15077|admin:10.1.0.19:15076|client:10.1.0.19:15075|dataStream:10.1.0.19:15078|priority:1|startupRole:FOLLOWER]|listeners:[], old=null
2023-07-06 10:48:22,529 [30003da1-a7bf-44b2-b897-92f161ae05e1@group-B4C0AA62A58B-LeaderElection20] INFO  impl.LeaderElection (LeaderElection.java:askForVotes(321)) - 30003da1-a7bf-44b2-b897-92f161ae05e1@group-B4C0AA62A58B-LeaderElection20 PRE_VOTE round 0: submit vote requests at term 0 for -1: peers:[30003da1-a7bf-44b2-b897-92f161ae05e1|rpc:10.1.0.19:15086|admin:10.1.0.19:15085|client:10.1.0.19:15084|dataStream:10.1.0.19:15087|priority:1|startupRole:FOLLOWER]|listeners:[], old=null
2023-07-06 10:48:22,529 [30003da1-a7bf-44b2-b897-92f161ae05e1@group-B4C0AA62A58B-LeaderElection20] INFO  impl.LeaderElection (LeaderElection.java:askForVotes(323)) - 30003da1-a7bf-44b2-b897-92f161ae05e1@group-B4C0AA62A58B-LeaderElection20 PRE_VOTE round 0: result PASSED (term=0)
2023-07-06 10:48:22,534 [30003da1-a7bf-44b2-b897-92f161ae05e1@group-B4C0AA62A58B-LeaderElection20] INFO  impl.LeaderElection (LeaderElection.java:askForVotes(321)) - 30003da1-a7bf-44b2-b897-92f161ae05e1@group-B4C0AA62A58B-LeaderElection20 ELECTION round 0: submit vote requests at term 1 for -1: peers:[30003da1-a7bf-44b2-b897-92f161ae05e1|rpc:10.1.0.19:15086|admin:10.1.0.19:15085|client:10.1.0.19:15084|dataStream:10.1.0.19:15087|priority:1|startupRole:FOLLOWER]|listeners:[], old=null
2023-07-06 10:48:22,534 [30003da1-a7bf-44b2-b897-92f161ae05e1@group-B4C0AA62A58B-LeaderElection20] INFO  impl.LeaderElection (LeaderElection.java:askForVotes(323)) - 30003da1-a7bf-44b2-b897-92f161ae05e1@group-B4C0AA62A58B-LeaderElection20 ELECTION round 0: result PASSED (term=1)
2023-07-06 10:48:22,534 [30003da1-a7bf-44b2-b897-92f161ae05e1@group-B4C0AA62A58B-LeaderElection20] INFO  impl.RoleInfo (RoleInfo.java:shutdownLeaderElection(130)) - 30003da1-a7bf-44b2-b897-92f161ae05e1: shutdown 30003da1-a7bf-44b2-b897-92f161ae05e1@group-B4C0AA62A58B-LeaderElection20
2023-07-06 10:48:22,534 [30003da1-a7bf-44b2-b897-92f161ae05e1@group-B4C0AA62A58B-LeaderElection20] INFO  server.RaftServer$Division (RaftServerImpl.java:setRole(329)) - 30003da1-a7bf-44b2-b897-92f161ae05e1@group-B4C0AA62A58B: changes role from CANDIDATE to LEADER at term 1 for changeToLeader
2023-07-06 10:48:22,534 [30003da1-a7bf-44b2-b897-92f161ae05e1@group-B4C0AA62A58B-LeaderElection20] INFO  ratis.XceiverServerRatis (XceiverServerRatis.java:handleLeaderChangedNotification(902)) - Leader change notification received for group: group-B4C0AA62A58B with new leaderId: 30003da1-a7bf-44b2-b897-92f161ae05e1
2023-07-06 10:48:22,534 [30003da1-a7bf-44b2-b897-92f161ae05e1@group-B4C0AA62A58B-LeaderElection20] INFO  server.RaftServer$Division (ServerState.java:setLeader(317)) - 30003da1-a7bf-44b2-b897-92f161ae05e1@group-B4C0AA62A58B: change Leader from null to 30003da1-a7bf-44b2-b897-92f161ae05e1 at term 1 for becomeLeader, leader elected after 5085ms
2023-07-06 10:48:22,534 [30003da1-a7bf-44b2-b897-92f161ae05e1@group-B4C0AA62A58B-LeaderElection20] INFO  server.RaftServerConfigKeys (ConfUtils.java:logGet(46)) - raft.server.staging.catchup.gap = 1000 (default)
2023-07-06 10:48:22,535 [30003da1-a7bf-44b2-b897-92f161ae05e1@group-B4C0AA62A58B-LeaderElection20] INFO  server.RaftServerConfigKeys (ConfUtils.java:logGet(46)) - raft.server.write.element-limit = 1024 (custom)
2023-07-06 10:48:22,535 [30003da1-a7bf-44b2-b897-92f161ae05e1@group-B4C0AA62A58B-LeaderElection20] INFO  server.RaftServerConfigKeys (ConfUtils.java:logGet(46)) - raft.server.write.byte-limit = 1024 M (=1073741824) (custom)
2023-07-06 10:48:22,535 [30003da1-a7bf-44b2-b897-92f161ae05e1@group-B4C0AA62A58B-LeaderElection20] INFO  server.RaftServerConfigKeys (ConfUtils.java:logGet(46)) - raft.server.watch.timeout = 180s (custom)
2023-07-06 10:48:22,535 [30003da1-a7bf-44b2-b897-92f161ae05e1@group-B4C0AA62A58B-LeaderElection20] INFO  server.RaftServerConfigKeys (ConfUtils.java:logGet(46)) - raft.server.watch.timeout.denomination = 1s (default)
2023-07-06 10:48:22,535 [30003da1-a7bf-44b2-b897-92f161ae05e1@group-B4C0AA62A58B-LeaderElection20] INFO  server.RaftServerConfigKeys (ConfUtils.java:logGet(46)) - raft.server.watch.element-limit = 65536 (default)
2023-07-06 10:48:22,535 [30003da1-a7bf-44b2-b897-92f161ae05e1@group-B4C0AA62A58B-LeaderElection20] INFO  server.RaftServerConfigKeys (ConfUtils.java:logGet(46)) - raft.server.write.element-limit = 1024 (custom)
2023-07-06 10:48:22,535 [30003da1-a7bf-44b2-b897-92f161ae05e1@group-B4C0AA62A58B-LeaderElection20] INFO  server.RaftServerConfigKeys (ConfUtils.java:logGet(46)) - raft.server.write.follower.gap.ratio.max = -1.0 (default)
2023-07-06 10:48:22,535 [30003da1-a7bf-44b2-b897-92f161ae05e1@group-B4C0AA62A58B-LeaderElection20] INFO  impl.RoleInfo (RoleInfo.java:updateAndGet(139)) - 30003da1-a7bf-44b2-b897-92f161ae05e1: start 30003da1-a7bf-44b2-b897-92f161ae05e1@group-B4C0AA62A58B-LeaderStateImpl
2023-07-06 10:48:22,536 [30003da1-a7bf-44b2-b897-92f161ae05e1@group-B4C0AA62A58B-LeaderElection20] INFO  segmented.SegmentedRaftLogWorker (SegmentedRaftLogWorker.java:startLogSegment(447)) - 30003da1-a7bf-44b2-b897-92f161ae05e1@group-B4C0AA62A58B-SegmentedRaftLogWorker: Starting segment from index:0
2023-07-06 10:48:22,537 [30003da1-a7bf-44b2-b897-92f161ae05e1@group-B4C0AA62A58B-SegmentedRaftLogWorker] INFO  segmented.SegmentedRaftLogWorker (SegmentedRaftLogWorker.java:execute(651)) - 30003da1-a7bf-44b2-b897-92f161ae05e1@group-B4C0AA62A58B-SegmentedRaftLogWorker: created new log segment /home/runner/work/ozone/ozone/hadoop-ozone/integration-test/target/test-dir/MiniOzoneClusterImpl-8ecce792-0b29-40a4-bcd2-9922915e3450/datanode-8/data/ratis/60c544b6-4bb0-4107-82eb-b4c0aa62a58b/current/log_inprogress_0
2023-07-06 10:48:22,540 [30003da1-a7bf-44b2-b897-92f161ae05e1@group-B4C0AA62A58B-LeaderElection20] INFO  server.RaftServer$Division (ServerState.java:setRaftConf(434)) - 30003da1-a7bf-44b2-b897-92f161ae05e1@group-B4C0AA62A58B: set configuration 0: peers:[30003da1-a7bf-44b2-b897-92f161ae05e1|rpc:10.1.0.19:15086|admin:10.1.0.19:15085|client:10.1.0.19:15084|dataStream:10.1.0.19:15087|priority:1|startupRole:FOLLOWER]|listeners:[], old=null
2023-07-06 10:48:22,555 [30003da1-a7bf-44b2-b897-92f161ae05e1-server-thread1] INFO  ratis.XceiverServerRatis (XceiverServerRatis.java:handleLeaderChangedNotification(902)) - Leader change notification received for group: group-F800A58FFC0A with new leaderId: afdb1d22-58a1-4785-9bfd-1bd49c8784e6
2023-07-06 10:48:22,555 [30003da1-a7bf-44b2-b897-92f161ae05e1-server-thread1] INFO  server.RaftServer$Division (ServerState.java:setLeader(317)) - 30003da1-a7bf-44b2-b897-92f161ae05e1@group-F800A58FFC0A: change Leader from null to afdb1d22-58a1-4785-9bfd-1bd49c8784e6 at term 1 for appendEntries, leader elected after 5168ms
2023-07-06 10:48:22,561 [2536bb46-c5d2-4252-aed1-a79348143fe8-server-thread1] INFO  ratis.XceiverServerRatis (XceiverServerRatis.java:handleLeaderChangedNotification(902)) - Leader change notification received for group: group-F800A58FFC0A with new leaderId: afdb1d22-58a1-4785-9bfd-1bd49c8784e6
2023-07-06 10:48:22,561 [2536bb46-c5d2-4252-aed1-a79348143fe8-server-thread1] INFO  server.RaftServer$Division (ServerState.java:setLeader(317)) - 2536bb46-c5d2-4252-aed1-a79348143fe8@group-F800A58FFC0A: change Leader from null to afdb1d22-58a1-4785-9bfd-1bd49c8784e6 at term 1 for appendEntries, leader elected after 5282ms
2023-07-06 10:48:22,561 [2536bb46-c5d2-4252-aed1-a79348143fe8-server-thread1] INFO  server.RaftServer$Division (ServerState.java:setRaftConf(434)) - 2536bb46-c5d2-4252-aed1-a79348143fe8@group-F800A58FFC0A: set configuration 0: peers:[30003da1-a7bf-44b2-b897-92f161ae05e1|rpc:10.1.0.19:15086|admin:10.1.0.19:15085|client:10.1.0.19:15084|dataStream:10.1.0.19:15087|priority:0|startupRole:FOLLOWER, 2536bb46-c5d2-4252-aed1-a79348143fe8|rpc:10.1.0.19:15068|admin:10.1.0.19:15067|client:10.1.0.19:15066|dataStream:10.1.0.19:15069|priority:0|startupRole:FOLLOWER, afdb1d22-58a1-4785-9bfd-1bd49c8784e6|rpc:10.1.0.19:15077|admin:10.1.0.19:15076|client:10.1.0.19:15075|dataStream:10.1.0.19:15078|priority:1|startupRole:FOLLOWER]|listeners:[], old=null
2023-07-06 10:48:22,562 [2536bb46-c5d2-4252-aed1-a79348143fe8-server-thread1] INFO  segmented.SegmentedRaftLogWorker (SegmentedRaftLogWorker.java:startLogSegment(447)) - 2536bb46-c5d2-4252-aed1-a79348143fe8@group-F800A58FFC0A-SegmentedRaftLogWorker: Starting segment from index:0
2023-07-06 10:48:22,563 [2536bb46-c5d2-4252-aed1-a79348143fe8@group-F800A58FFC0A-SegmentedRaftLogWorker] INFO  segmented.SegmentedRaftLogWorker (SegmentedRaftLogWorker.java:execute(651)) - 2536bb46-c5d2-4252-aed1-a79348143fe8@group-F800A58FFC0A-SegmentedRaftLogWorker: created new log segment /home/runner/work/ozone/ozone/hadoop-ozone/integration-test/target/test-dir/MiniOzoneClusterImpl-8ecce792-0b29-40a4-bcd2-9922915e3450/datanode-6/data/ratis/1d4f6905-e586-4554-9b7a-f800a58ffc0a/current/log_inprogress_0
2023-07-06 10:48:22,570 [30003da1-a7bf-44b2-b897-92f161ae05e1-server-thread2] INFO  server.RaftServer$Division (ServerState.java:setRaftConf(434)) - 30003da1-a7bf-44b2-b897-92f161ae05e1@group-F800A58FFC0A: set configuration 0: peers:[30003da1-a7bf-44b2-b897-92f161ae05e1|rpc:10.1.0.19:15086|admin:10.1.0.19:15085|client:10.1.0.19:15084|dataStream:10.1.0.19:15087|priority:0|startupRole:FOLLOWER, 2536bb46-c5d2-4252-aed1-a79348143fe8|rpc:10.1.0.19:15068|admin:10.1.0.19:15067|client:10.1.0.19:15066|dataStream:10.1.0.19:15069|priority:0|startupRole:FOLLOWER, afdb1d22-58a1-4785-9bfd-1bd49c8784e6|rpc:10.1.0.19:15077|admin:10.1.0.19:15076|client:10.1.0.19:15075|dataStream:10.1.0.19:15078|priority:1|startupRole:FOLLOWER]|listeners:[], old=null
2023-07-06 10:48:22,570 [30003da1-a7bf-44b2-b897-92f161ae05e1-server-thread2] INFO  segmented.SegmentedRaftLogWorker (SegmentedRaftLogWorker.java:startLogSegment(447)) - 30003da1-a7bf-44b2-b897-92f161ae05e1@group-F800A58FFC0A-SegmentedRaftLogWorker: Starting segment from index:0
2023-07-06 10:48:22,575 [30003da1-a7bf-44b2-b897-92f161ae05e1@group-F800A58FFC0A-SegmentedRaftLogWorker] INFO  segmented.SegmentedRaftLogWorker (SegmentedRaftLogWorker.java:execute(651)) - 30003da1-a7bf-44b2-b897-92f161ae05e1@group-F800A58FFC0A-SegmentedRaftLogWorker: created new log segment /home/runner/work/ozone/ozone/hadoop-ozone/integration-test/target/test-dir/MiniOzoneClusterImpl-8ecce792-0b29-40a4-bcd2-9922915e3450/datanode-8/data/ratis/1d4f6905-e586-4554-9b7a-f800a58ffc0a/current/log_inprogress_0
2023-07-06 10:48:23,273 [ae0f568f-b3d6-4872-b39b-16fcb0b48bc3@group-9E0D56DA3FC4-FollowerState] INFO  impl.FollowerState (FollowerState.java:run(143)) - ae0f568f-b3d6-4872-b39b-16fcb0b48bc3@group-9E0D56DA3FC4-FollowerState: change to CANDIDATE, lastRpcElapsedTime:5352511923ns, electionTimeout:5160ms
2023-07-06 10:48:23,273 [ae0f568f-b3d6-4872-b39b-16fcb0b48bc3@group-9E0D56DA3FC4-FollowerState] INFO  impl.RoleInfo (RoleInfo.java:shutdownFollowerState(110)) - ae0f568f-b3d6-4872-b39b-16fcb0b48bc3: shutdown ae0f568f-b3d6-4872-b39b-16fcb0b48bc3@group-9E0D56DA3FC4-FollowerState
2023-07-06 10:48:23,274 [ae0f568f-b3d6-4872-b39b-16fcb0b48bc3@group-9E0D56DA3FC4-FollowerState] INFO  server.RaftServer$Division (RaftServerImpl.java:setRole(329)) - ae0f568f-b3d6-4872-b39b-16fcb0b48bc3@group-9E0D56DA3FC4: changes role from  FOLLOWER to CANDIDATE at term 0 for changeToCandidate
2023-07-06 10:48:23,274 [ae0f568f-b3d6-4872-b39b-16fcb0b48bc3@group-9E0D56DA3FC4-FollowerState] INFO  server.RaftServerConfigKeys (ConfUtils.java:logGet(46)) - raft.server.leaderelection.pre-vote = true (default)
2023-07-06 10:48:23,274 [ae0f568f-b3d6-4872-b39b-16fcb0b48bc3@group-9E0D56DA3FC4-FollowerState] INFO  impl.RoleInfo (RoleInfo.java:updateAndGet(139)) - ae0f568f-b3d6-4872-b39b-16fcb0b48bc3: start ae0f568f-b3d6-4872-b39b-16fcb0b48bc3@group-9E0D56DA3FC4-LeaderElection21
2023-07-06 10:48:23,280 [JvmPauseMonitor9] WARN  util.JvmPauseMonitor (JvmPauseMonitor.java:detectPause(124)) - JvmPauseMonitor-afdb1d22-58a1-4785-9bfd-1bd49c8784e6: Detected pause in JVM or host machine approximately 0.567s with 0.640s GC time.
GC pool 'PS MarkSweep' had collection(s): count=1 time=531ms
GC pool 'PS Scavenge' had collection(s): count=1 time=109ms
2023-07-06 10:48:23,280 [JvmPauseMonitor3] WARN  util.JvmPauseMonitor (JvmPauseMonitor.java:detectPause(124)) - JvmPauseMonitor-d927e26c-8fe2-4137-bd03-4653fe67c688: Detected pause in JVM or host machine approximately 0.567s with 0.640s GC time.
GC pool 'PS MarkSweep' had collection(s): count=1 time=531ms
GC pool 'PS Scavenge' had collection(s): count=1 time=109ms
2023-07-06 10:48:23,280 [JvmPauseMonitor4] WARN  util.JvmPauseMonitor (JvmPauseMonitor.java:detectPause(124)) - JvmPauseMonitor-b02eaa79-f692-4c53-b57d-37cb88368c79: Detected pause in JVM or host machine approximately 0.568s with 0.640s GC time.
GC pool 'PS MarkSweep' had collection(s): count=1 time=531ms
GC pool 'PS Scavenge' had collection(s): count=1 time=109ms
2023-07-06 10:48:23,281 [JvmPauseMonitor11] WARN  util.JvmPauseMonitor (JvmPauseMonitor.java:detectPause(124)) - JvmPauseMonitor-ae0f568f-b3d6-4872-b39b-16fcb0b48bc3: Detected pause in JVM or host machine approximately 0.568s with 0.640s GC time.
GC pool 'PS MarkSweep' had collection(s): count=1 time=531ms
GC pool 'PS Scavenge' had collection(s): count=1 time=109ms
2023-07-06 10:48:23,281 [JvmPauseMonitor2] WARN  util.JvmPauseMonitor (JvmPauseMonitor.java:detectPause(124)) - JvmPauseMonitor-c18b64c4-7b5c-4e0a-b26c-2daf5f5ffc53: Detected pause in JVM or host machine approximately 0.568s with 0.640s GC time.
GC pool 'PS MarkSweep' had collection(s): count=1 time=531ms
GC pool 'PS Scavenge' had collection(s): count=1 time=109ms
2023-07-06 10:48:23,281 [JvmPauseMonitor1] WARN  util.JvmPauseMonitor (JvmPauseMonitor.java:detectPause(124)) - JvmPauseMonitor-om1: Detected pause in JVM or host machine approximately 0.569s with 0.640s GC time.
GC pool 'PS MarkSweep' had collection(s): count=1 time=531ms
GC pool 'PS Scavenge' had collection(s): count=1 time=109ms
2023-07-06 10:48:23,281 [JvmPauseMonitor10] WARN  util.JvmPauseMonitor (JvmPauseMonitor.java:detectPause(124)) - JvmPauseMonitor-30003da1-a7bf-44b2-b897-92f161ae05e1: Detected pause in JVM or host machine approximately 0.569s with 0.640s GC time.
GC pool 'PS MarkSweep' had collection(s): count=1 time=531ms
GC pool 'PS Scavenge' had collection(s): count=1 time=109ms
2023-07-06 10:48:23,282 [JvmPauseMonitor0] WARN  util.JvmPauseMonitor (JvmPauseMonitor.java:detectPause(124)) - JvmPauseMonitor-fcc7a8d2-8e13-4204-a118-5fa6cc2a4a16: Detected pause in JVM or host machine approximately 0.569s with 0.640s GC time.
GC pool 'PS MarkSweep' had collection(s): count=1 time=531ms
GC pool 'PS Scavenge' had collection(s): count=1 time=109ms
2023-07-06 10:48:23,282 [JvmPauseMonitor7] WARN  util.JvmPauseMonitor (JvmPauseMonitor.java:detectPause(124)) - JvmPauseMonitor-5a53f96e-bd62-406a-bc4f-c3e0845cabf5: Detected pause in JVM or host machine approximately 0.571s with 0.640s GC time.
GC pool 'PS MarkSweep' had collection(s): count=1 time=531ms
GC pool 'PS Scavenge' had collection(s): count=1 time=109ms
2023-07-06 10:48:23,282 [JvmPauseMonitor8] WARN  util.JvmPauseMonitor (JvmPauseMonitor.java:detectPause(124)) - JvmPauseMonitor-2536bb46-c5d2-4252-aed1-a79348143fe8: Detected pause in JVM or host machine approximately 0.571s with 0.640s GC time.
GC pool 'PS MarkSweep' had collection(s): count=1 time=531ms
GC pool 'PS Scavenge' had collection(s): count=1 time=109ms
2023-07-06 10:48:23,282 [JvmPauseMonitor5] WARN  util.JvmPauseMonitor (JvmPauseMonitor.java:detectPause(124)) - JvmPauseMonitor-d375daab-0aec-4ab2-a7ca-6760e990c046: Detected pause in JVM or host machine approximately 0.572s with 0.640s GC time.
GC pool 'PS MarkSweep' had collection(s): count=1 time=531ms
GC pool 'PS Scavenge' had collection(s): count=1 time=109ms
2023-07-06 10:48:23,282 [JvmPauseMonitor6] WARN  util.JvmPauseMonitor (JvmPauseMonitor.java:detectPause(124)) - JvmPauseMonitor-5390630e-efcd-4aa9-9191-8580c5ddb99b: Detected pause in JVM or host machine approximately 0.572s with 0.640s GC time.
GC pool 'PS MarkSweep' had collection(s): count=1 time=531ms
GC pool 'PS Scavenge' had collection(s): count=1 time=109ms
2023-07-06 10:48:23,327 [ae0f568f-b3d6-4872-b39b-16fcb0b48bc3@group-9E0D56DA3FC4-LeaderElection21] INFO  impl.LeaderElection (LeaderElection.java:askForVotes(321)) - ae0f568f-b3d6-4872-b39b-16fcb0b48bc3@group-9E0D56DA3FC4-LeaderElection21 PRE_VOTE round 0: submit vote requests at term 0 for -1: peers:[ae0f568f-b3d6-4872-b39b-16fcb0b48bc3|rpc:10.1.0.19:15095|admin:10.1.0.19:15094|client:10.1.0.19:15093|dataStream:10.1.0.19:15096|priority:1|startupRole:FOLLOWER]|listeners:[], old=null
2023-07-06 10:48:23,327 [ae0f568f-b3d6-4872-b39b-16fcb0b48bc3@group-9E0D56DA3FC4-LeaderElection21] INFO  impl.LeaderElection (LeaderElection.java:askForVotes(323)) - ae0f568f-b3d6-4872-b39b-16fcb0b48bc3@group-9E0D56DA3FC4-LeaderElection21 PRE_VOTE round 0: result PASSED (term=0)
2023-07-06 10:48:23,329 [ae0f568f-b3d6-4872-b39b-16fcb0b48bc3@group-9E0D56DA3FC4-LeaderElection21] INFO  impl.LeaderElection (LeaderElection.java:askForVotes(321)) - ae0f568f-b3d6-4872-b39b-16fcb0b48bc3@group-9E0D56DA3FC4-LeaderElection21 ELECTION round 0: submit vote requests at term 1 for -1: peers:[ae0f568f-b3d6-4872-b39b-16fcb0b48bc3|rpc:10.1.0.19:15095|admin:10.1.0.19:15094|client:10.1.0.19:15093|dataStream:10.1.0.19:15096|priority:1|startupRole:FOLLOWER]|listeners:[], old=null
2023-07-06 10:48:23,329 [ae0f568f-b3d6-4872-b39b-16fcb0b48bc3@group-9E0D56DA3FC4-LeaderElection21] INFO  impl.LeaderElection (LeaderElection.java:askForVotes(323)) - ae0f568f-b3d6-4872-b39b-16fcb0b48bc3@group-9E0D56DA3FC4-LeaderElection21 ELECTION round 0: result PASSED (term=1)
2023-07-06 10:48:23,329 [ae0f568f-b3d6-4872-b39b-16fcb0b48bc3@group-9E0D56DA3FC4-LeaderElection21] INFO  impl.RoleInfo (RoleInfo.java:shutdownLeaderElection(130)) - ae0f568f-b3d6-4872-b39b-16fcb0b48bc3: shutdown ae0f568f-b3d6-4872-b39b-16fcb0b48bc3@group-9E0D56DA3FC4-LeaderElection21
2023-07-06 10:48:23,329 [ae0f568f-b3d6-4872-b39b-16fcb0b48bc3@group-9E0D56DA3FC4-LeaderElection21] INFO  server.RaftServer$Division (RaftServerImpl.java:setRole(329)) - ae0f568f-b3d6-4872-b39b-16fcb0b48bc3@group-9E0D56DA3FC4: changes role from CANDIDATE to LEADER at term 1 for changeToLeader
2023-07-06 10:48:23,329 [ae0f568f-b3d6-4872-b39b-16fcb0b48bc3@group-9E0D56DA3FC4-LeaderElection21] INFO  ratis.XceiverServerRatis (XceiverServerRatis.java:handleLeaderChangedNotification(902)) - Leader change notification received for group: group-9E0D56DA3FC4 with new leaderId: ae0f568f-b3d6-4872-b39b-16fcb0b48bc3
2023-07-06 10:48:23,331 [ae0f568f-b3d6-4872-b39b-16fcb0b48bc3@group-9E0D56DA3FC4-LeaderElection21] INFO  server.RaftServer$Division (ServerState.java:setLeader(317)) - ae0f568f-b3d6-4872-b39b-16fcb0b48bc3@group-9E0D56DA3FC4: change Leader from null to ae0f568f-b3d6-4872-b39b-16fcb0b48bc3 at term 1 for becomeLeader, leader elected after 5428ms
2023-07-06 10:48:23,331 [ae0f568f-b3d6-4872-b39b-16fcb0b48bc3@group-9E0D56DA3FC4-LeaderElection21] INFO  server.RaftServerConfigKeys (ConfUtils.java:logGet(46)) - raft.server.staging.catchup.gap = 1000 (default)
2023-07-06 10:48:23,332 [ae0f568f-b3d6-4872-b39b-16fcb0b48bc3@group-9E0D56DA3FC4-LeaderElection21] INFO  server.RaftServerConfigKeys (ConfUtils.java:logGet(46)) - raft.server.write.element-limit = 1024 (custom)
2023-07-06 10:48:23,332 [ae0f568f-b3d6-4872-b39b-16fcb0b48bc3@group-9E0D56DA3FC4-LeaderElection21] INFO  server.RaftServerConfigKeys (ConfUtils.java:logGet(46)) - raft.server.write.byte-limit = 1024 M (=1073741824) (custom)
2023-07-06 10:48:23,332 [ae0f568f-b3d6-4872-b39b-16fcb0b48bc3@group-9E0D56DA3FC4-LeaderElection21] INFO  server.RaftServerConfigKeys (ConfUtils.java:logGet(46)) - raft.server.watch.timeout = 180s (custom)
2023-07-06 10:48:23,332 [ae0f568f-b3d6-4872-b39b-16fcb0b48bc3@group-9E0D56DA3FC4-LeaderElection21] INFO  server.RaftServerConfigKeys (ConfUtils.java:logGet(46)) - raft.server.watch.timeout.denomination = 1s (default)
2023-07-06 10:48:23,333 [ae0f568f-b3d6-4872-b39b-16fcb0b48bc3@group-9E0D56DA3FC4-LeaderElection21] INFO  server.RaftServerConfigKeys (ConfUtils.java:logGet(46)) - raft.server.watch.element-limit = 65536 (default)
2023-07-06 10:48:23,333 [ae0f568f-b3d6-4872-b39b-16fcb0b48bc3@group-9E0D56DA3FC4-LeaderElection21] INFO  server.RaftServerConfigKeys (ConfUtils.java:logGet(46)) - raft.server.write.element-limit = 1024 (custom)
2023-07-06 10:48:23,333 [ae0f568f-b3d6-4872-b39b-16fcb0b48bc3@group-9E0D56DA3FC4-LeaderElection21] INFO  server.RaftServerConfigKeys (ConfUtils.java:logGet(46)) - raft.server.write.follower.gap.ratio.max = -1.0 (default)
2023-07-06 10:48:23,333 [ae0f568f-b3d6-4872-b39b-16fcb0b48bc3@group-9E0D56DA3FC4-LeaderElection21] INFO  impl.RoleInfo (RoleInfo.java:updateAndGet(139)) - ae0f568f-b3d6-4872-b39b-16fcb0b48bc3: start ae0f568f-b3d6-4872-b39b-16fcb0b48bc3@group-9E0D56DA3FC4-LeaderStateImpl
2023-07-06 10:48:23,333 [ae0f568f-b3d6-4872-b39b-16fcb0b48bc3@group-9E0D56DA3FC4-LeaderElection21] INFO  segmented.SegmentedRaftLogWorker (SegmentedRaftLogWorker.java:startLogSegment(447)) - ae0f568f-b3d6-4872-b39b-16fcb0b48bc3@group-9E0D56DA3FC4-SegmentedRaftLogWorker: Starting segment from index:0
2023-07-06 10:48:23,336 [ae0f568f-b3d6-4872-b39b-16fcb0b48bc3@group-9E0D56DA3FC4-SegmentedRaftLogWorker] INFO  segmented.SegmentedRaftLogWorker (SegmentedRaftLogWorker.java:execute(651)) - ae0f568f-b3d6-4872-b39b-16fcb0b48bc3@group-9E0D56DA3FC4-SegmentedRaftLogWorker: created new log segment /home/runner/work/ozone/ozone/hadoop-ozone/integration-test/target/test-dir/MiniOzoneClusterImpl-8ecce792-0b29-40a4-bcd2-9922915e3450/datanode-9/data/ratis/100a5622-fdc8-46db-8391-9e0d56da3fc4/current/log_inprogress_0
2023-07-06 10:48:23,337 [ae0f568f-b3d6-4872-b39b-16fcb0b48bc3@group-9E0D56DA3FC4-LeaderElection21] INFO  server.RaftServer$Division (ServerState.java:setRaftConf(434)) - ae0f568f-b3d6-4872-b39b-16fcb0b48bc3@group-9E0D56DA3FC4: set configuration 0: peers:[ae0f568f-b3d6-4872-b39b-16fcb0b48bc3|rpc:10.1.0.19:15095|admin:10.1.0.19:15094|client:10.1.0.19:15093|dataStream:10.1.0.19:15096|priority:1|startupRole:FOLLOWER]|listeners:[], old=null
2023-07-06 10:48:23,433 [qtp1221433900-17] ERROR generators.WadlGeneratorJAXBGrammarGenerator (WadlGeneratorJAXBGrammarGenerator.java:buildModelAndSchemas(207)) - Failed to generate the schema for the JAX-B elements
com.sun.xml.bind.v2.runtime.IllegalAnnotationsException: 1 counts of IllegalAnnotationExceptions
java.util.Map is an interface, and JAXB can't handle interfaces.
	this problem is related to the following location:
		at java.util.Map

	at com.sun.xml.bind.v2.runtime.IllegalAnnotationsException$Builder.check(IllegalAnnotationsException.java:106)
	at com.sun.xml.bind.v2.runtime.JAXBContextImpl.getTypeInfoSet(JAXBContextImpl.java:471)
	at com.sun.xml.bind.v2.runtime.JAXBContextImpl.<init>(JAXBContextImpl.java:303)
	at com.sun.xml.bind.v2.runtime.JAXBContextImpl.<init>(JAXBContextImpl.java:139)
	at com.sun.xml.bind.v2.runtime.JAXBContextImpl$JAXBContextBuilder.build(JAXBContextImpl.java:1156)
	at com.sun.xml.bind.v2.ContextFactory.createContext(ContextFactory.java:165)
	at sun.reflect.NativeMethodAccessorImpl.invoke0(Native Method)
	at sun.reflect.NativeMethodAccessorImpl.invoke(NativeMethodAccessorImpl.java:62)
	at sun.reflect.DelegatingMethodAccessorImpl.invoke(DelegatingMethodAccessorImpl.java:43)
	at java.lang.reflect.Method.invoke(Method.java:498)
	at javax.xml.bind.ContextFinder.newInstance(ContextFinder.java:247)
	at javax.xml.bind.ContextFinder.newInstance(ContextFinder.java:234)
	at javax.xml.bind.ContextFinder.find(ContextFinder.java:441)
	at javax.xml.bind.JAXBContext.newInstance(JAXBContext.java:641)
	at javax.xml.bind.JAXBContext.newInstance(JAXBContext.java:584)
	at com.sun.jersey.server.wadl.generators.WadlGeneratorJAXBGrammarGenerator.buildModelAndSchemas(WadlGeneratorJAXBGrammarGenerator.java:169)
	at com.sun.jersey.server.wadl.generators.AbstractWadlGeneratorGrammarGenerator.createExternalGrammar(AbstractWadlGeneratorGrammarGenerator.java:405)
	at com.sun.jersey.server.wadl.WadlBuilder.generate(WadlBuilder.java:149)
	at com.sun.jersey.server.impl.wadl.WadlApplicationContextImpl.getApplication(WadlApplicationContextImpl.java:119)
	at com.sun.jersey.server.impl.wadl.WadlApplicationContextImpl.getApplication(WadlApplicationContextImpl.java:138)
	at com.sun.jersey.server.impl.wadl.WadlMethodFactory$WadlOptionsMethodDispatcher.dispatch(WadlMethodFactory.java:110)
	at com.sun.jersey.server.impl.uri.rules.HttpMethodRule.accept(HttpMethodRule.java:302)
	at com.sun.jersey.server.impl.uri.rules.RightHandPathRule.accept(RightHandPathRule.java:147)
	at com.sun.jersey.server.impl.uri.rules.ResourceClassRule.accept(ResourceClassRule.java:108)
	at com.sun.jersey.server.impl.uri.rules.RightHandPathRule.accept(RightHandPathRule.java:147)
	at com.sun.jersey.server.impl.uri.rules.RootResourceClassesRule.accept(RootResourceClassesRule.java:84)
	at com.sun.jersey.server.impl.application.WebApplicationImpl._handleRequest(WebApplicationImpl.java:1542)
	at com.sun.jersey.server.impl.application.WebApplicationImpl._handleRequest(WebApplicationImpl.java:1473)
	at com.sun.jersey.server.impl.application.WebApplicationImpl.handleRequest(WebApplicationImpl.java:1419)
	at com.sun.jersey.server.impl.application.WebApplicationImpl.handleRequest(WebApplicationImpl.java:1409)
	at com.sun.jersey.spi.container.servlet.WebComponent.service(WebComponent.java:409)
	at com.sun.jersey.spi.container.servlet.ServletContainer.service(ServletContainer.java:558)
	at com.sun.jersey.spi.container.servlet.ServletContainer.service(ServletContainer.java:733)
	at javax.servlet.http.HttpServlet.service(HttpServlet.java:590)
	at org.eclipse.jetty.servlet.ServletHolder$NotAsync.service(ServletHolder.java:1459)
	at org.eclipse.jetty.servlet.ServletHolder.handle(ServletHolder.java:799)
	at org.eclipse.jetty.servlet.ServletHandler$ChainEnd.doFilter(ServletHandler.java:1656)
	at org.apache.hadoop.crypto.key.kms.server.KMSMDCFilter.doFilter(KMSMDCFilter.java:98)
	at org.eclipse.jetty.servlet.FilterHolder.doFilter(FilterHolder.java:193)
	at org.eclipse.jetty.servlet.ServletHandler$Chain.doFilter(ServletHandler.java:1626)
	at org.apache.hadoop.security.authentication.server.AuthenticationFilter.doFilter(AuthenticationFilter.java:650)
	at org.apache.hadoop.security.token.delegation.web.DelegationTokenAuthenticationFilter.doFilter(DelegationTokenAuthenticationFilter.java:305)
	at org.apache.hadoop.security.authentication.server.AuthenticationFilter.doFilter(AuthenticationFilter.java:592)
	at org.apache.hadoop.crypto.key.kms.server.KMSAuthenticationFilter.doFilter(KMSAuthenticationFilter.java:162)
	at org.eclipse.jetty.servlet.FilterHolder.doFilter(FilterHolder.java:201)
	at org.eclipse.jetty.servlet.ServletHandler$Chain.doFilter(ServletHandler.java:1626)
	at org.apache.hadoop.http.lib.StaticUserWebFilter$StaticUserFilter.doFilter(StaticUserWebFilter.java:110)
	at org.eclipse.jetty.servlet.FilterHolder.doFilter(FilterHolder.java:193)
	at org.eclipse.jetty.servlet.ServletHandler$Chain.doFilter(ServletHandler.java:1626)
	at org.apache.hadoop.http.HttpServer2$QuotingInputFilter.doFilter(HttpServer2.java:1794)
	at org.eclipse.jetty.servlet.FilterHolder.doFilter(FilterHolder.java:193)
	at org.eclipse.jetty.servlet.ServletHandler$Chain.doFilter(ServletHandler.java:1626)
	at org.apache.hadoop.http.NoCacheFilter.doFilter(NoCacheFilter.java:45)
	at org.eclipse.jetty.servlet.FilterHolder.doFilter(FilterHolder.java:193)
	at org.eclipse.jetty.servlet.ServletHandler$Chain.doFilter(ServletHandler.java:1626)
	at org.eclipse.jetty.servlet.ServletHandler.doHandle(ServletHandler.java:552)
	at org.eclipse.jetty.server.handler.ScopedHandler.handle(ScopedHandler.java:143)
	at org.eclipse.jetty.security.SecurityHandler.handle(SecurityHandler.java:600)
	at org.eclipse.jetty.server.handler.HandlerWrapper.handle(HandlerWrapper.java:127)
	at org.eclipse.jetty.server.handler.ScopedHandler.nextHandle(ScopedHandler.java:235)
	at org.eclipse.jetty.server.session.SessionHandler.doHandle(SessionHandler.java:1624)
	at org.eclipse.jetty.server.handler.ScopedHandler.nextHandle(ScopedHandler.java:233)
	at org.eclipse.jetty.server.handler.ContextHandler.doHandle(ContextHandler.java:1440)
	at org.eclipse.jetty.server.handler.ScopedHandler.nextScope(ScopedHandler.java:188)
	at org.eclipse.jetty.servlet.ServletHandler.doScope(ServletHandler.java:505)
	at org.eclipse.jetty.server.session.SessionHandler.doScope(SessionHandler.java:1594)
	at org.eclipse.jetty.server.handler.ScopedHandler.nextScope(ScopedHandler.java:186)
	at org.eclipse.jetty.server.handler.ContextHandler.doScope(ContextHandler.java:1355)
	at org.eclipse.jetty.server.handler.ScopedHandler.handle(ScopedHandler.java:141)
	at org.eclipse.jetty.server.handler.HandlerCollection.handle(HandlerCollection.java:146)
	at org.eclipse.jetty.server.handler.HandlerWrapper.handle(HandlerWrapper.java:127)
	at org.eclipse.jetty.server.Server.handle(Server.java:512)
	at org.eclipse.jetty.server.HttpChannel.lambda$handle$1(HttpChannel.java:487)
	at org.eclipse.jetty.server.HttpChannel.dispatch(HttpChannel.java:732)
	at org.eclipse.jetty.server.HttpChannel.handle(HttpChannel.java:479)
	at org.eclipse.jetty.server.HttpConnection.onFillable(HttpConnection.java:277)
	at org.eclipse.jetty.io.AbstractConnection$ReadCallback.succeeded(AbstractConnection.java:311)
	at org.eclipse.jetty.io.FillInterest.fillable(FillInterest.java:105)
	at org.eclipse.jetty.io.ChannelEndPoint$1.run(ChannelEndPoint.java:104)
	at org.eclipse.jetty.util.thread.strategy.EatWhatYouKill.runTask(EatWhatYouKill.java:338)
	at org.eclipse.jetty.util.thread.strategy.EatWhatYouKill.doProduce(EatWhatYouKill.java:315)
	at org.eclipse.jetty.util.thread.strategy.EatWhatYouKill.tryProduce(EatWhatYouKill.java:173)
	at org.eclipse.jetty.util.thread.strategy.EatWhatYouKill.run(EatWhatYouKill.java:131)
	at org.eclipse.jetty.util.thread.ReservedThreadExecutor$ReservedThread.run(ReservedThreadExecutor.java:409)
	at org.eclipse.jetty.util.thread.QueuedThreadPool.runJob(QueuedThreadPool.java:883)
	at org.eclipse.jetty.util.thread.QueuedThreadPool$Runner.run(QueuedThreadPool.java:1034)
	at java.lang.Thread.run(Thread.java:750)
2023-07-06 10:48:23,436 [qtp1221433900-17] INFO  generators.AbstractWadlGeneratorGrammarGenerator (AbstractWadlGeneratorGrammarGenerator.java:attachTypes(479)) - Couldn't find grammar element for class javax.ws.rs.core.Response
2023-07-06 10:48:23,437 [qtp1221433900-17] INFO  generators.AbstractWadlGeneratorGrammarGenerator (AbstractWadlGeneratorGrammarGenerator.java:attachTypes(479)) - Couldn't find grammar element for class java.util.Map
2023-07-06 10:48:23,437 [qtp1221433900-17] INFO  generators.AbstractWadlGeneratorGrammarGenerator (AbstractWadlGeneratorGrammarGenerator.java:attachTypes(479)) - Couldn't find grammar element for class java.util.Map
2023-07-06 10:48:23,437 [qtp1221433900-17] INFO  generators.AbstractWadlGeneratorGrammarGenerator (AbstractWadlGeneratorGrammarGenerator.java:attachTypes(479)) - Couldn't find grammar element for class javax.ws.rs.core.Response
2023-07-06 10:48:23,437 [qtp1221433900-17] INFO  generators.AbstractWadlGeneratorGrammarGenerator (AbstractWadlGeneratorGrammarGenerator.java:attachTypes(479)) - Couldn't find grammar element for class java.util.Map
2023-07-06 10:48:23,438 [qtp1221433900-17] INFO  generators.AbstractWadlGeneratorGrammarGenerator (AbstractWadlGeneratorGrammarGenerator.java:attachTypes(479)) - Couldn't find grammar element for class java.util.Map
2023-07-06 10:48:23,438 [qtp1221433900-17] INFO  generators.AbstractWadlGeneratorGrammarGenerator (AbstractWadlGeneratorGrammarGenerator.java:attachTypes(479)) - Couldn't find grammar element for class javax.ws.rs.core.Response
2023-07-06 10:48:23,438 [qtp1221433900-17] INFO  generators.AbstractWadlGeneratorGrammarGenerator (AbstractWadlGeneratorGrammarGenerator.java:attachTypes(479)) - Couldn't find grammar element for class java.util.Map
2023-07-06 10:48:23,589 [qtp1221433900-18] INFO  kms-audit (SimpleKMSAuditLogger.java:logAuditEvent(59)) - OK[op=DECRYPT_EEK, key=key1, user=runner, accessCount=1, interval=0ms] 
2023-07-06 10:48:23,625 [main] INFO  impl.MetricsSystemImpl (MetricsSystemImpl.java:init(158)) - XceiverClientMetrics metrics system started (again)
2023-07-06 10:48:23,626 [main] INFO  lib.Interns (Interns.java:removeEldestEntry(50)) - Metrics intern cache overflow at 2011 for MetricsSystem={MetricsSystem=MetricsInfoImpl{name=MetricsSystem, description=MetricsSystem}, MetricsSystem record=MetricsInfoImpl{name=MetricsSystem, description=MetricsSystem record}}
2023-07-06 10:48:24,171 [IPC Server handler 0 on default port 15001] WARN  node.SCMNodeManager (SCMNodeManager.java:getNodesByAddress(1373)) - Cannot find node for address 127.0.0.1
2023-07-06 10:48:24,188 [IPC Server handler 12 on default port 15001] WARN  node.SCMNodeManager (SCMNodeManager.java:getNodesByAddress(1373)) - Cannot find node for address 127.0.0.1
2023-07-06 10:48:24,374 [main] INFO  client.DataStreamClient (ConfUtils.java:logGet(46)) - raft.datastream.type = NETTY (custom)
2023-07-06 10:48:24,379 [main] INFO  netty.NettyConfigKeys$DataStream (ConfUtils.java:logGet(46)) - raft.netty.dataStream.client.tls.conf = null (default)
2023-07-06 10:48:24,380 [main] INFO  netty.NettyConfigKeys$DataStream (ConfUtils.java:logGet(46)) - raft.netty.dataStream.client.reply.queue.grace-period = 1s (default)
2023-07-06 10:48:24,384 [main] INFO  netty.NettyConfigKeys$DataStream (ConfUtils.java:logGet(46)) - raft.netty.dataStream.client.worker-group.share = false (default)
2023-07-06 10:48:24,385 [main] INFO  netty.NettyConfigKeys$DataStream (ConfUtils.java:logGet(46)) - raft.netty.dataStream.client.worker-group.size = 4 (default)
2023-07-06 10:48:24,417 [5a53f96e-bd62-406a-bc4f-c3e0845cabf5-NettyServerStreamRpc-bossGroup--thread1] INFO  logging.LoggingHandler (AbstractInternalLogger.java:log(148)) - [id: 0x1f45d2dc, L:/0:0:0:0:0:0:0:0:15060] READ: [id: 0x177edfa5, L:/10.1.0.19:15060 - R:/10.1.0.19:57066]
2023-07-06 10:48:24,417 [5a53f96e-bd62-406a-bc4f-c3e0845cabf5-NettyServerStreamRpc-bossGroup--thread1] INFO  logging.LoggingHandler (AbstractInternalLogger.java:log(148)) - [id: 0x1f45d2dc, L:/0:0:0:0:0:0:0:0:15060] READ COMPLETE
2023-07-06 10:48:24,619 [IPC Server handler 0 on default port 15001] WARN  node.SCMNodeManager (SCMNodeManager.java:getNodesByAddress(1373)) - Cannot find node for address 127.0.0.1
2023-07-06 10:48:24,624 [IPC Server handler 12 on default port 15001] WARN  node.SCMNodeManager (SCMNodeManager.java:getNodesByAddress(1373)) - Cannot find node for address 127.0.0.1
2023-07-06 10:48:24,641 [ChunkReader-0] WARN  keyvalue.KeyValueHandler (ContainerUtils.java:logAndReturnError(95)) - Operation: GetBlock , Trace ID:  , Message: Unable to find the block with bcsID 3 .Container 2 bcsId is 1. , Result: UNKNOWN_BCSID , StorageContainerException Occurred.
org.apache.hadoop.hdds.scm.container.common.helpers.StorageContainerException: Unable to find the block with bcsID 3 .Container 2 bcsId is 1.
	at org.apache.hadoop.ozone.container.keyvalue.impl.BlockManagerImpl.getBlock(BlockManagerImpl.java:248)
	at org.apache.hadoop.ozone.container.keyvalue.KeyValueHandler.handleGetBlock(KeyValueHandler.java:584)
	at org.apache.hadoop.ozone.container.keyvalue.KeyValueHandler.dispatchRequest(KeyValueHandler.java:255)
	at org.apache.hadoop.ozone.container.keyvalue.KeyValueHandler.handle(KeyValueHandler.java:224)
	at org.apache.hadoop.ozone.container.common.impl.HddsDispatcher.dispatchRequest(HddsDispatcher.java:322)
	at org.apache.hadoop.ozone.container.common.impl.HddsDispatcher.lambda$dispatch$0(HddsDispatcher.java:173)
	at org.apache.hadoop.hdds.server.OzoneProtocolMessageDispatcher.processRequest(OzoneProtocolMessageDispatcher.java:87)
	at org.apache.hadoop.ozone.container.common.impl.HddsDispatcher.dispatch(HddsDispatcher.java:172)
	at org.apache.hadoop.ozone.container.common.transport.server.GrpcXceiverService$1.onNext(GrpcXceiverService.java:57)
	at org.apache.hadoop.ozone.container.common.transport.server.GrpcXceiverService$1.onNext(GrpcXceiverService.java:50)
	at org.apache.ratis.thirdparty.io.grpc.stub.ServerCalls$StreamingServerCallHandler$StreamingServerCallListener.onMessage(ServerCalls.java:262)
	at org.apache.ratis.thirdparty.io.grpc.ForwardingServerCallListener.onMessage(ForwardingServerCallListener.java:33)
	at org.apache.hadoop.hdds.tracing.GrpcServerInterceptor$1.onMessage(GrpcServerInterceptor.java:49)
	at org.apache.ratis.thirdparty.io.grpc.internal.ServerCallImpl$ServerStreamListenerImpl.messagesAvailableInternal(ServerCallImpl.java:333)
	at org.apache.ratis.thirdparty.io.grpc.internal.ServerCallImpl$ServerStreamListenerImpl.messagesAvailable(ServerCallImpl.java:316)
	at org.apache.ratis.thirdparty.io.grpc.internal.ServerImpl$JumpToApplicationThreadServerStreamListener$1MessagesAvailable.runInContext(ServerImpl.java:835)
	at org.apache.ratis.thirdparty.io.grpc.internal.ContextRunnable.run(ContextRunnable.java:37)
	at org.apache.ratis.thirdparty.io.grpc.internal.SerializingExecutor.run(SerializingExecutor.java:133)
	at java.util.concurrent.ThreadPoolExecutor.runWorker(ThreadPoolExecutor.java:1149)
	at java.util.concurrent.ThreadPoolExecutor$Worker.run(ThreadPoolExecutor.java:624)
	at java.lang.Thread.run(Thread.java:750)
10:48:24.665 [ChunkReader-0] ERROR DNAudit - user=null | ip=null | op=GET_BLOCK {blockData=conID: 2 locID: 111677748019200002 bcsId: 3} | ret=FAILURE
java.lang.Exception: Unable to find the block with bcsID 3 .Container 2 bcsId is 1.
	at org.apache.hadoop.ozone.container.common.impl.HddsDispatcher.dispatchRequest(HddsDispatcher.java:392) ~[hdds-container-service-1.4.0-SNAPSHOT.jar:?]
	at org.apache.hadoop.ozone.container.common.impl.HddsDispatcher.lambda$dispatch$0(HddsDispatcher.java:173) ~[hdds-container-service-1.4.0-SNAPSHOT.jar:?]
	at org.apache.hadoop.hdds.server.OzoneProtocolMessageDispatcher.processRequest(OzoneProtocolMessageDispatcher.java:87) [hdds-server-framework-1.4.0-SNAPSHOT.jar:?]
	at org.apache.hadoop.ozone.container.common.impl.HddsDispatcher.dispatch(HddsDispatcher.java:172) [hdds-container-service-1.4.0-SNAPSHOT.jar:?]
	at org.apache.hadoop.ozone.container.common.transport.server.GrpcXceiverService$1.onNext(GrpcXceiverService.java:57) [hdds-container-service-1.4.0-SNAPSHOT.jar:?]
	at org.apache.hadoop.ozone.container.common.transport.server.GrpcXceiverService$1.onNext(GrpcXceiverService.java:50) [hdds-container-service-1.4.0-SNAPSHOT.jar:?]
	at org.apache.ratis.thirdparty.io.grpc.stub.ServerCalls$StreamingServerCallHandler$StreamingServerCallListener.onMessage(ServerCalls.java:262) [ratis-thirdparty-misc-1.0.4.jar:1.0.4]
	at org.apache.ratis.thirdparty.io.grpc.ForwardingServerCallListener.onMessage(ForwardingServerCallListener.java:33) [ratis-thirdparty-misc-1.0.4.jar:1.0.4]
	at org.apache.hadoop.hdds.tracing.GrpcServerInterceptor$1.onMessage(GrpcServerInterceptor.java:49) [hdds-common-1.4.0-SNAPSHOT.jar:?]
	at org.apache.ratis.thirdparty.io.grpc.internal.ServerCallImpl$ServerStreamListenerImpl.messagesAvailableInternal(ServerCallImpl.java:333) [ratis-thirdparty-misc-1.0.4.jar:1.0.4]
	at org.apache.ratis.thirdparty.io.grpc.internal.ServerCallImpl$ServerStreamListenerImpl.messagesAvailable(ServerCallImpl.java:316) [ratis-thirdparty-misc-1.0.4.jar:1.0.4]
	at org.apache.ratis.thirdparty.io.grpc.internal.ServerImpl$JumpToApplicationThreadServerStreamListener$1MessagesAvailable.runInContext(ServerImpl.java:835) [ratis-thirdparty-misc-1.0.4.jar:1.0.4]
	at org.apache.ratis.thirdparty.io.grpc.internal.ContextRunnable.run(ContextRunnable.java:37) [ratis-thirdparty-misc-1.0.4.jar:1.0.4]
	at org.apache.ratis.thirdparty.io.grpc.internal.SerializingExecutor.run(SerializingExecutor.java:133) [ratis-thirdparty-misc-1.0.4.jar:1.0.4]
	at java.util.concurrent.ThreadPoolExecutor.runWorker(ThreadPoolExecutor.java:1149) [?:1.8.0_372]
	at java.util.concurrent.ThreadPoolExecutor$Worker.run(ThreadPoolExecutor.java:624) [?:1.8.0_372]
	at java.lang.Thread.run(Thread.java:750) [?:1.8.0_372]
2023-07-06 10:48:24,683 [main] ERROR scm.XceiverClientGrpc (XceiverClientGrpc.java:sendCommandWithRetry(450)) - Failed to execute command GetBlock on the pipeline Pipeline[ Id: c6092d7d-cd6b-4ee1-84ad-23b161878f94, Nodes: 5a53f96e-bd62-406a-bc4f-c3e0845cabf5(fv-az137-100.aripajfx3awelhgv3otau1goqd.bx.internal.cloudapp.net/10.1.0.19), ReplicationConfig: STANDALONE/ONE, State:OPEN, leaderId:5a53f96e-bd62-406a-bc4f-c3e0845cabf5, CreationTimestamp2023-07-06T10:48:13.075Z[Etc/UTC]].
2023-07-06 10:48:24,683 [main] INFO  storage.BlockInputStream (BlockInputStream.java:refreshBlockInfo(205)) - Unable to read information for block conID: 2 locID: 111677748019200002 bcsId: 3 from pipeline PipelineID=c6092d7d-cd6b-4ee1-84ad-23b161878f94: Unable to find the block with bcsID 3 .Container 2 bcsId is 1.
2023-07-06 10:48:24,696 [IPC Server handler 9 on default port 15001] WARN  node.SCMNodeManager (SCMNodeManager.java:getNodesByAddress(1373)) - Cannot find node for address 127.0.0.1
2023-07-06 10:48:24,703 [ChunkReader-1] WARN  keyvalue.KeyValueHandler (ContainerUtils.java:logAndReturnError(95)) - Operation: GetBlock , Trace ID:  , Message: Unable to find the block with bcsID 3 .Container 2 bcsId is 1. , Result: UNKNOWN_BCSID , StorageContainerException Occurred.
org.apache.hadoop.hdds.scm.container.common.helpers.StorageContainerException: Unable to find the block with bcsID 3 .Container 2 bcsId is 1.
	at org.apache.hadoop.ozone.container.keyvalue.impl.BlockManagerImpl.getBlock(BlockManagerImpl.java:248)
	at org.apache.hadoop.ozone.container.keyvalue.KeyValueHandler.handleGetBlock(KeyValueHandler.java:584)
	at org.apache.hadoop.ozone.container.keyvalue.KeyValueHandler.dispatchRequest(KeyValueHandler.java:255)
	at org.apache.hadoop.ozone.container.keyvalue.KeyValueHandler.handle(KeyValueHandler.java:224)
	at org.apache.hadoop.ozone.container.common.impl.HddsDispatcher.dispatchRequest(HddsDispatcher.java:322)
	at org.apache.hadoop.ozone.container.common.impl.HddsDispatcher.lambda$dispatch$0(HddsDispatcher.java:173)
	at org.apache.hadoop.hdds.server.OzoneProtocolMessageDispatcher.processRequest(OzoneProtocolMessageDispatcher.java:87)
	at org.apache.hadoop.ozone.container.common.impl.HddsDispatcher.dispatch(HddsDispatcher.java:172)
	at org.apache.hadoop.ozone.container.common.transport.server.GrpcXceiverService$1.onNext(GrpcXceiverService.java:57)
	at org.apache.hadoop.ozone.container.common.transport.server.GrpcXceiverService$1.onNext(GrpcXceiverService.java:50)
	at org.apache.ratis.thirdparty.io.grpc.stub.ServerCalls$StreamingServerCallHandler$StreamingServerCallListener.onMessage(ServerCalls.java:262)
	at org.apache.ratis.thirdparty.io.grpc.ForwardingServerCallListener.onMessage(ForwardingServerCallListener.java:33)
	at org.apache.hadoop.hdds.tracing.GrpcServerInterceptor$1.onMessage(GrpcServerInterceptor.java:49)
	at org.apache.ratis.thirdparty.io.grpc.internal.ServerCallImpl$ServerStreamListenerImpl.messagesAvailableInternal(ServerCallImpl.java:333)
	at org.apache.ratis.thirdparty.io.grpc.internal.ServerCallImpl$ServerStreamListenerImpl.messagesAvailable(ServerCallImpl.java:316)
	at org.apache.ratis.thirdparty.io.grpc.internal.ServerImpl$JumpToApplicationThreadServerStreamListener$1MessagesAvailable.runInContext(ServerImpl.java:835)
	at org.apache.ratis.thirdparty.io.grpc.internal.ContextRunnable.run(ContextRunnable.java:37)
	at org.apache.ratis.thirdparty.io.grpc.internal.SerializingExecutor.run(SerializingExecutor.java:133)
	at java.util.concurrent.ThreadPoolExecutor.runWorker(ThreadPoolExecutor.java:1149)
	at java.util.concurrent.ThreadPoolExecutor$Worker.run(ThreadPoolExecutor.java:624)
	at java.lang.Thread.run(Thread.java:750)
10:48:24.709 [ChunkReader-1] ERROR DNAudit - user=null | ip=null | op=GET_BLOCK {blockData=conID: 2 locID: 111677748019200002 bcsId: 3} | ret=FAILURE
java.lang.Exception: Unable to find the block with bcsID 3 .Container 2 bcsId is 1.
	at org.apache.hadoop.ozone.container.common.impl.HddsDispatcher.dispatchRequest(HddsDispatcher.java:392) ~[hdds-container-service-1.4.0-SNAPSHOT.jar:?]
	at org.apache.hadoop.ozone.container.common.impl.HddsDispatcher.lambda$dispatch$0(HddsDispatcher.java:173) ~[hdds-container-service-1.4.0-SNAPSHOT.jar:?]
	at org.apache.hadoop.hdds.server.OzoneProtocolMessageDispatcher.processRequest(OzoneProtocolMessageDispatcher.java:87) [hdds-server-framework-1.4.0-SNAPSHOT.jar:?]
	at org.apache.hadoop.ozone.container.common.impl.HddsDispatcher.dispatch(HddsDispatcher.java:172) [hdds-container-service-1.4.0-SNAPSHOT.jar:?]
	at org.apache.hadoop.ozone.container.common.transport.server.GrpcXceiverService$1.onNext(GrpcXceiverService.java:57) [hdds-container-service-1.4.0-SNAPSHOT.jar:?]
	at org.apache.hadoop.ozone.container.common.transport.server.GrpcXceiverService$1.onNext(GrpcXceiverService.java:50) [hdds-container-service-1.4.0-SNAPSHOT.jar:?]
	at org.apache.ratis.thirdparty.io.grpc.stub.ServerCalls$StreamingServerCallHandler$StreamingServerCallListener.onMessage(ServerCalls.java:262) [ratis-thirdparty-misc-1.0.4.jar:1.0.4]
	at org.apache.ratis.thirdparty.io.grpc.ForwardingServerCallListener.onMessage(ForwardingServerCallListener.java:33) [ratis-thirdparty-misc-1.0.4.jar:1.0.4]
	at org.apache.hadoop.hdds.tracing.GrpcServerInterceptor$1.onMessage(GrpcServerInterceptor.java:49) [hdds-common-1.4.0-SNAPSHOT.jar:?]
	at org.apache.ratis.thirdparty.io.grpc.internal.ServerCallImpl$ServerStreamListenerImpl.messagesAvailableInternal(ServerCallImpl.java:333) [ratis-thirdparty-misc-1.0.4.jar:1.0.4]
	at org.apache.ratis.thirdparty.io.grpc.internal.ServerCallImpl$ServerStreamListenerImpl.messagesAvailable(ServerCallImpl.java:316) [ratis-thirdparty-misc-1.0.4.jar:1.0.4]
	at org.apache.ratis.thirdparty.io.grpc.internal.ServerImpl$JumpToApplicationThreadServerStreamListener$1MessagesAvailable.runInContext(ServerImpl.java:835) [ratis-thirdparty-misc-1.0.4.jar:1.0.4]
	at org.apache.ratis.thirdparty.io.grpc.internal.ContextRunnable.run(ContextRunnable.java:37) [ratis-thirdparty-misc-1.0.4.jar:1.0.4]
	at org.apache.ratis.thirdparty.io.grpc.internal.SerializingExecutor.run(SerializingExecutor.java:133) [ratis-thirdparty-misc-1.0.4.jar:1.0.4]
	at java.util.concurrent.ThreadPoolExecutor.runWorker(ThreadPoolExecutor.java:1149) [?:1.8.0_372]
	at java.util.concurrent.ThreadPoolExecutor$Worker.run(ThreadPoolExecutor.java:624) [?:1.8.0_372]
	at java.lang.Thread.run(Thread.java:750) [?:1.8.0_372]
2023-07-06 10:48:24,713 [main] ERROR scm.XceiverClientGrpc (XceiverClientGrpc.java:sendCommandWithRetry(450)) - Failed to execute command GetBlock on the pipeline Pipeline[ Id: c6092d7d-cd6b-4ee1-84ad-23b161878f94, Nodes: 5a53f96e-bd62-406a-bc4f-c3e0845cabf5(fv-az137-100.aripajfx3awelhgv3otau1goqd.bx.internal.cloudapp.net/10.1.0.19), ReplicationConfig: STANDALONE/ONE, State:OPEN, leaderId:5a53f96e-bd62-406a-bc4f-c3e0845cabf5, CreationTimestamp2023-07-06T10:48:13.075Z[Etc/UTC]].
2023-07-06 10:48:24,714 [main] INFO  storage.BlockInputStream (BlockInputStream.java:refreshBlockInfo(205)) - Unable to read information for block conID: 2 locID: 111677748019200002 bcsId: 3 from pipeline PipelineID=c6092d7d-cd6b-4ee1-84ad-23b161878f94: Unable to find the block with bcsID 3 .Container 2 bcsId is 1.
2023-07-06 10:48:24,721 [IPC Server handler 4 on default port 15001] WARN  node.SCMNodeManager (SCMNodeManager.java:getNodesByAddress(1373)) - Cannot find node for address 127.0.0.1
2023-07-06 10:48:24,730 [ChunkReader-3] WARN  keyvalue.KeyValueHandler (ContainerUtils.java:logAndReturnError(95)) - Operation: GetBlock , Trace ID:  , Message: Unable to find the block with bcsID 3 .Container 2 bcsId is 1. , Result: UNKNOWN_BCSID , StorageContainerException Occurred.
org.apache.hadoop.hdds.scm.container.common.helpers.StorageContainerException: Unable to find the block with bcsID 3 .Container 2 bcsId is 1.
	at org.apache.hadoop.ozone.container.keyvalue.impl.BlockManagerImpl.getBlock(BlockManagerImpl.java:248)
	at org.apache.hadoop.ozone.container.keyvalue.KeyValueHandler.handleGetBlock(KeyValueHandler.java:584)
	at org.apache.hadoop.ozone.container.keyvalue.KeyValueHandler.dispatchRequest(KeyValueHandler.java:255)
	at org.apache.hadoop.ozone.container.keyvalue.KeyValueHandler.handle(KeyValueHandler.java:224)
	at org.apache.hadoop.ozone.container.common.impl.HddsDispatcher.dispatchRequest(HddsDispatcher.java:322)
	at org.apache.hadoop.ozone.container.common.impl.HddsDispatcher.lambda$dispatch$0(HddsDispatcher.java:173)
	at org.apache.hadoop.hdds.server.OzoneProtocolMessageDispatcher.processRequest(OzoneProtocolMessageDispatcher.java:87)
	at org.apache.hadoop.ozone.container.common.impl.HddsDispatcher.dispatch(HddsDispatcher.java:172)
	at org.apache.hadoop.ozone.container.common.transport.server.GrpcXceiverService$1.onNext(GrpcXceiverService.java:57)
	at org.apache.hadoop.ozone.container.common.transport.server.GrpcXceiverService$1.onNext(GrpcXceiverService.java:50)
	at org.apache.ratis.thirdparty.io.grpc.stub.ServerCalls$StreamingServerCallHandler$StreamingServerCallListener.onMessage(ServerCalls.java:262)
	at org.apache.ratis.thirdparty.io.grpc.ForwardingServerCallListener.onMessage(ForwardingServerCallListener.java:33)
	at org.apache.hadoop.hdds.tracing.GrpcServerInterceptor$1.onMessage(GrpcServerInterceptor.java:49)
	at org.apache.ratis.thirdparty.io.grpc.internal.ServerCallImpl$ServerStreamListenerImpl.messagesAvailableInternal(ServerCallImpl.java:333)
	at org.apache.ratis.thirdparty.io.grpc.internal.ServerCallImpl$ServerStreamListenerImpl.messagesAvailable(ServerCallImpl.java:316)
	at org.apache.ratis.thirdparty.io.grpc.internal.ServerImpl$JumpToApplicationThreadServerStreamListener$1MessagesAvailable.runInContext(ServerImpl.java:835)
	at org.apache.ratis.thirdparty.io.grpc.internal.ContextRunnable.run(ContextRunnable.java:37)
	at org.apache.ratis.thirdparty.io.grpc.internal.SerializingExecutor.run(SerializingExecutor.java:133)
	at java.util.concurrent.ThreadPoolExecutor.runWorker(ThreadPoolExecutor.java:1149)
	at java.util.concurrent.ThreadPoolExecutor$Worker.run(ThreadPoolExecutor.java:624)
	at java.lang.Thread.run(Thread.java:750)
10:48:24.730 [ChunkReader-3] ERROR DNAudit - user=null | ip=null | op=GET_BLOCK {blockData=conID: 2 locID: 111677748019200002 bcsId: 3} | ret=FAILURE
java.lang.Exception: Unable to find the block with bcsID 3 .Container 2 bcsId is 1.
	at org.apache.hadoop.ozone.container.common.impl.HddsDispatcher.dispatchRequest(HddsDispatcher.java:392) ~[hdds-container-service-1.4.0-SNAPSHOT.jar:?]
	at org.apache.hadoop.ozone.container.common.impl.HddsDispatcher.lambda$dispatch$0(HddsDispatcher.java:173) ~[hdds-container-service-1.4.0-SNAPSHOT.jar:?]
	at org.apache.hadoop.hdds.server.OzoneProtocolMessageDispatcher.processRequest(OzoneProtocolMessageDispatcher.java:87) [hdds-server-framework-1.4.0-SNAPSHOT.jar:?]
	at org.apache.hadoop.ozone.container.common.impl.HddsDispatcher.dispatch(HddsDispatcher.java:172) [hdds-container-service-1.4.0-SNAPSHOT.jar:?]
	at org.apache.hadoop.ozone.container.common.transport.server.GrpcXceiverService$1.onNext(GrpcXceiverService.java:57) [hdds-container-service-1.4.0-SNAPSHOT.jar:?]
	at org.apache.hadoop.ozone.container.common.transport.server.GrpcXceiverService$1.onNext(GrpcXceiverService.java:50) [hdds-container-service-1.4.0-SNAPSHOT.jar:?]
	at org.apache.ratis.thirdparty.io.grpc.stub.ServerCalls$StreamingServerCallHandler$StreamingServerCallListener.onMessage(ServerCalls.java:262) [ratis-thirdparty-misc-1.0.4.jar:1.0.4]
	at org.apache.ratis.thirdparty.io.grpc.ForwardingServerCallListener.onMessage(ForwardingServerCallListener.java:33) [ratis-thirdparty-misc-1.0.4.jar:1.0.4]
	at org.apache.hadoop.hdds.tracing.GrpcServerInterceptor$1.onMessage(GrpcServerInterceptor.java:49) [hdds-common-1.4.0-SNAPSHOT.jar:?]
	at org.apache.ratis.thirdparty.io.grpc.internal.ServerCallImpl$ServerStreamListenerImpl.messagesAvailableInternal(ServerCallImpl.java:333) [ratis-thirdparty-misc-1.0.4.jar:1.0.4]
	at org.apache.ratis.thirdparty.io.grpc.internal.ServerCallImpl$ServerStreamListenerImpl.messagesAvailable(ServerCallImpl.java:316) [ratis-thirdparty-misc-1.0.4.jar:1.0.4]
	at org.apache.ratis.thirdparty.io.grpc.internal.ServerImpl$JumpToApplicationThreadServerStreamListener$1MessagesAvailable.runInContext(ServerImpl.java:835) [ratis-thirdparty-misc-1.0.4.jar:1.0.4]
	at org.apache.ratis.thirdparty.io.grpc.internal.ContextRunnable.run(ContextRunnable.java:37) [ratis-thirdparty-misc-1.0.4.jar:1.0.4]
	at org.apache.ratis.thirdparty.io.grpc.internal.SerializingExecutor.run(SerializingExecutor.java:133) [ratis-thirdparty-misc-1.0.4.jar:1.0.4]
	at java.util.concurrent.ThreadPoolExecutor.runWorker(ThreadPoolExecutor.java:1149) [?:1.8.0_372]
	at java.util.concurrent.ThreadPoolExecutor$Worker.run(ThreadPoolExecutor.java:624) [?:1.8.0_372]
	at java.lang.Thread.run(Thread.java:750) [?:1.8.0_372]
2023-07-06 10:48:24,732 [main] ERROR scm.XceiverClientGrpc (XceiverClientGrpc.java:sendCommandWithRetry(450)) - Failed to execute command GetBlock on the pipeline Pipeline[ Id: c6092d7d-cd6b-4ee1-84ad-23b161878f94, Nodes: 5a53f96e-bd62-406a-bc4f-c3e0845cabf5(fv-az137-100.aripajfx3awelhgv3otau1goqd.bx.internal.cloudapp.net/10.1.0.19), ReplicationConfig: STANDALONE/ONE, State:OPEN, leaderId:5a53f96e-bd62-406a-bc4f-c3e0845cabf5, CreationTimestamp2023-07-06T10:48:13.075Z[Etc/UTC]].
2023-07-06 10:48:24,735 [main] INFO  storage.BlockInputStream (BlockInputStream.java:refreshBlockInfo(205)) - Unable to read information for block conID: 2 locID: 111677748019200002 bcsId: 3 from pipeline PipelineID=c6092d7d-cd6b-4ee1-84ad-23b161878f94: Unable to find the block with bcsID 3 .Container 2 bcsId is 1.
2023-07-06 10:48:24,740 [IPC Server handler 7 on default port 15001] WARN  node.SCMNodeManager (SCMNodeManager.java:getNodesByAddress(1373)) - Cannot find node for address 127.0.0.1
]]></system-out>
    <system-err><![CDATA[ERROR StatusLogger Reconfiguration failed: No configuration found for '18b4aac2' at 'null' in 'null'
]]></system-err>
  </testcase>
  <testcase name="testPutKeyWithEncryption" classname="TestOzoneAtRestEncryption" time="0.11">
    <system-out><![CDATA[2023-07-06 10:48:51,053 [main] INFO  rpc.RpcClient (RpcClient.java:createVolume(460)) - Creating Volume: 621252e9-3e21-4670-b28a-980e6c7f190d, with runner as owner and space quota set to -1 bytes, counts quota set to -1
2023-07-06 10:48:51,057 [OM StateMachine ApplyTransaction Thread - 0] INFO  volume.OMVolumeCreateRequest (OMVolumeCreateRequest.java:validateAndUpdateCache(196)) - created volume:621252e9-3e21-4670-b28a-980e6c7f190d for user:runner
2023-07-06 10:48:51,061 [main] INFO  rpc.RpcClient (RpcClient.java:createBucket(687)) - Creating Bucket: 621252e9-3e21-4670-b28a-980e6c7f190d/d53397bb-29d6-4556-bf46-2d6134c3bc06, with bucket layout OBJECT_STORE, runner as owner, Versioning false, Storage Type set to DISK and Encryption set to true, Replication Type set to server-side default replication type, Namespace Quota set to -1, Space Quota set to -1 
2023-07-06 10:48:51,064 [qtp1221433900-17] INFO  kms-audit (SimpleKMSAuditLogger.java:logAuditSimpleFormat(93)) - OK[op=GET_METADATA, key=key1, user=runner] 
2023-07-06 10:48:51,069 [OM StateMachine ApplyTransaction Thread - 0] INFO  bucket.OMBucketCreateRequest (OMBucketCreateRequest.java:validateAndUpdateCache(270)) - created bucket: d53397bb-29d6-4556-bf46-2d6134c3bc06 of layout OBJECT_STORE in volume: 621252e9-3e21-4670-b28a-980e6c7f190d
2023-07-06 10:48:51,103 [IPC Server handler 16 on default port 15001] WARN  node.SCMNodeManager (SCMNodeManager.java:getNodesByAddress(1373)) - Cannot find node for address 127.0.0.1
2023-07-06 10:48:51,105 [IPC Server handler 13 on default port 15001] WARN  node.SCMNodeManager (SCMNodeManager.java:getNodesByAddress(1373)) - Cannot find node for address 127.0.0.1
2023-07-06 10:48:51,150 [IPC Server handler 6 on default port 15001] WARN  node.SCMNodeManager (SCMNodeManager.java:getNodesByAddress(1373)) - Cannot find node for address 127.0.0.1
2023-07-06 10:48:51,153 [IPC Server handler 11 on default port 15001] WARN  node.SCMNodeManager (SCMNodeManager.java:getNodesByAddress(1373)) - Cannot find node for address 127.0.0.1
]]></system-out>
  </testcase>
  <testcase name="testMPUwithOnePart" classname="TestOzoneAtRestEncryption" time="1.431">
    <system-out><![CDATA[2023-07-06 10:48:24,756 [main] INFO  rpc.RpcClient (RpcClient.java:createVolume(460)) - Creating Volume: 7d068410-1384-4229-8e71-7fbd7deafa4e, with runner as owner and space quota set to -1 bytes, counts quota set to -1
2023-07-06 10:48:24,760 [OM StateMachine ApplyTransaction Thread - 0] INFO  volume.OMVolumeCreateRequest (OMVolumeCreateRequest.java:validateAndUpdateCache(196)) - created volume:7d068410-1384-4229-8e71-7fbd7deafa4e for user:runner
2023-07-06 10:48:24,766 [main] INFO  rpc.RpcClient (RpcClient.java:createBucket(687)) - Creating Bucket: 7d068410-1384-4229-8e71-7fbd7deafa4e/d6e97e89-a0f1-41fd-b571-218aa84d9759, with bucket layout FILE_SYSTEM_OPTIMIZED, runner as owner, Versioning false, Storage Type set to DISK and Encryption set to true, Replication Type set to server-side default replication type, Namespace Quota set to -1, Space Quota set to -1 
2023-07-06 10:48:24,769 [qtp1221433900-17] INFO  kms-audit (SimpleKMSAuditLogger.java:logAuditSimpleFormat(93)) - OK[op=GET_METADATA, key=key1, user=runner] 
2023-07-06 10:48:24,773 [OM StateMachine ApplyTransaction Thread - 0] INFO  bucket.OMBucketCreateRequest (OMBucketCreateRequest.java:validateAndUpdateCache(270)) - created bucket: d6e97e89-a0f1-41fd-b571-218aa84d9759 of layout FILE_SYSTEM_OPTIMIZED in volume: 7d068410-1384-4229-8e71-7fbd7deafa4e
2023-07-06 10:48:25,343 [IPC Server handler 0 on default port 15001] WARN  node.SCMNodeManager (SCMNodeManager.java:getNodesByAddress(1373)) - Cannot find node for address 127.0.0.1
2023-07-06 10:48:25,344 [IPC Server handler 12 on default port 15001] WARN  node.SCMNodeManager (SCMNodeManager.java:getNodesByAddress(1373)) - Cannot find node for address 127.0.0.1
2023-07-06 10:48:25,345 [IPC Server handler 9 on default port 15001] WARN  node.SCMNodeManager (SCMNodeManager.java:getNodesByAddress(1373)) - Cannot find node for address 127.0.0.1
2023-07-06 10:48:25,346 [IPC Server handler 4 on default port 15001] WARN  node.SCMNodeManager (SCMNodeManager.java:getNodesByAddress(1373)) - Cannot find node for address 127.0.0.1
]]></system-out>
  </testcase>
  <testcase name="testMPUwithOnePart" classname="TestOzoneAtRestEncryption" time="0.394">
    <system-out><![CDATA[2023-07-06 10:48:51,164 [main] INFO  rpc.RpcClient (RpcClient.java:createVolume(460)) - Creating Volume: 40b2cdb9-0efe-445a-9722-5b7ca100976a, with runner as owner and space quota set to -1 bytes, counts quota set to -1
2023-07-06 10:48:51,166 [OM StateMachine ApplyTransaction Thread - 0] INFO  volume.OMVolumeCreateRequest (OMVolumeCreateRequest.java:validateAndUpdateCache(196)) - created volume:40b2cdb9-0efe-445a-9722-5b7ca100976a for user:runner
2023-07-06 10:48:51,168 [main] INFO  rpc.RpcClient (RpcClient.java:createBucket(687)) - Creating Bucket: 40b2cdb9-0efe-445a-9722-5b7ca100976a/48de5f91-f2bb-44a8-8fd5-a4e0fdc4bd1e, with bucket layout OBJECT_STORE, runner as owner, Versioning false, Storage Type set to DISK and Encryption set to true, Replication Type set to server-side default replication type, Namespace Quota set to -1, Space Quota set to -1 
2023-07-06 10:48:51,171 [qtp1221433900-17] INFO  kms-audit (SimpleKMSAuditLogger.java:logAuditSimpleFormat(93)) - OK[op=GET_METADATA, key=key1, user=runner] 
2023-07-06 10:48:51,173 [OM StateMachine ApplyTransaction Thread - 0] INFO  bucket.OMBucketCreateRequest (OMBucketCreateRequest.java:validateAndUpdateCache(270)) - created bucket: 48de5f91-f2bb-44a8-8fd5-a4e0fdc4bd1e of layout OBJECT_STORE in volume: 40b2cdb9-0efe-445a-9722-5b7ca100976a
2023-07-06 10:48:51,305 [IPC Server handler 15 on default port 15001] WARN  node.SCMNodeManager (SCMNodeManager.java:getNodesByAddress(1373)) - Cannot find node for address 127.0.0.1
2023-07-06 10:48:51,306 [IPC Server handler 19 on default port 15001] WARN  node.SCMNodeManager (SCMNodeManager.java:getNodesByAddress(1373)) - Cannot find node for address 127.0.0.1
2023-07-06 10:48:51,307 [IPC Server handler 7 on default port 15001] WARN  node.SCMNodeManager (SCMNodeManager.java:getNodesByAddress(1373)) - Cannot find node for address 127.0.0.1
2023-07-06 10:48:51,308 [IPC Server handler 4 on default port 15001] WARN  node.SCMNodeManager (SCMNodeManager.java:getNodesByAddress(1373)) - Cannot find node for address 127.0.0.1
]]></system-out>
  </testcase>
  <testcase name="testLinkEncryptedBuckets" classname="TestOzoneAtRestEncryption" time="0.307">
    <system-out><![CDATA[2023-07-06 10:48:26,187 [main] INFO  rpc.RpcClient (RpcClient.java:createVolume(460)) - Creating Volume: 65ae3a50-1100-4789-906f-a7f69b4ea36c, with runner as owner and space quota set to -1 bytes, counts quota set to -1
2023-07-06 10:48:26,193 [OM StateMachine ApplyTransaction Thread - 0] INFO  volume.OMVolumeCreateRequest (OMVolumeCreateRequest.java:validateAndUpdateCache(196)) - created volume:65ae3a50-1100-4789-906f-a7f69b4ea36c for user:runner
2023-07-06 10:48:26,195 [main] INFO  rpc.RpcClient (RpcClient.java:createBucket(687)) - Creating Bucket: 65ae3a50-1100-4789-906f-a7f69b4ea36c/3285bdaf-74e9-4055-9afe-c0079a178492, with bucket layout FILE_SYSTEM_OPTIMIZED, runner as owner, Versioning false, Storage Type set to DISK and Encryption set to true, Replication Type set to server-side default replication type, Namespace Quota set to -1, Space Quota set to -1 
2023-07-06 10:48:26,199 [qtp1221433900-17] INFO  kms-audit (SimpleKMSAuditLogger.java:logAuditSimpleFormat(93)) - OK[op=GET_METADATA, key=key1, user=runner] 
2023-07-06 10:48:26,203 [OM StateMachine ApplyTransaction Thread - 0] INFO  bucket.OMBucketCreateRequest (OMBucketCreateRequest.java:validateAndUpdateCache(270)) - created bucket: 3285bdaf-74e9-4055-9afe-c0079a178492 of layout FILE_SYSTEM_OPTIMIZED in volume: 65ae3a50-1100-4789-906f-a7f69b4ea36c
2023-07-06 10:48:26,206 [main] INFO  rpc.RpcClient (RpcClient.java:createVolume(460)) - Creating Volume: 06a47027-0fca-4e09-9966-8ee242c6c092, with runner as owner and space quota set to -1 bytes, counts quota set to -1
2023-07-06 10:48:26,210 [OM StateMachine ApplyTransaction Thread - 0] INFO  volume.OMVolumeCreateRequest (OMVolumeCreateRequest.java:validateAndUpdateCache(196)) - created volume:06a47027-0fca-4e09-9966-8ee242c6c092 for user:runner
2023-07-06 10:48:26,213 [main] INFO  rpc.RpcClient (RpcClient.java:createBucket(687)) - Creating Bucket: 06a47027-0fca-4e09-9966-8ee242c6c092/2c02cf8d-8a28-484f-8365-3a1f679e74aa, with bucket layout FILE_SYSTEM_OPTIMIZED, runner as owner, Versioning false, Storage Type set to DISK and Encryption set to false, Replication Type set to server-side default replication type, Namespace Quota set to -1, Space Quota set to -1 
2023-07-06 10:48:26,216 [OM StateMachine ApplyTransaction Thread - 0] INFO  bucket.OMBucketCreateRequest (OMBucketCreateRequest.java:validateAndUpdateCache(270)) - created bucket: 2c02cf8d-8a28-484f-8365-3a1f679e74aa of layout FILE_SYSTEM_OPTIMIZED in volume: 06a47027-0fca-4e09-9966-8ee242c6c092
2023-07-06 10:48:26,274 [IPC Server handler 13 on default port 15001] WARN  node.SCMNodeManager (SCMNodeManager.java:getNodesByAddress(1373)) - Cannot find node for address 127.0.0.1
2023-07-06 10:48:26,281 [IPC Server handler 0 on default port 15001] WARN  node.SCMNodeManager (SCMNodeManager.java:getNodesByAddress(1373)) - Cannot find node for address 127.0.0.1
2023-07-06 10:48:26,320 [main] INFO  client.DataStreamClient (ConfUtils.java:logGet(46)) - raft.datastream.type = NETTY (custom)
2023-07-06 10:48:26,321 [main] INFO  netty.NettyConfigKeys$DataStream (ConfUtils.java:logGet(46)) - raft.netty.dataStream.client.tls.conf = null (default)
2023-07-06 10:48:26,321 [main] INFO  netty.NettyConfigKeys$DataStream (ConfUtils.java:logGet(46)) - raft.netty.dataStream.client.reply.queue.grace-period = 1s (default)
2023-07-06 10:48:26,322 [main] INFO  netty.NettyConfigKeys$DataStream (ConfUtils.java:logGet(46)) - raft.netty.dataStream.client.worker-group.share = false (default)
2023-07-06 10:48:26,323 [main] INFO  netty.NettyConfigKeys$DataStream (ConfUtils.java:logGet(46)) - raft.netty.dataStream.client.worker-group.size = 4 (default)
2023-07-06 10:48:26,329 [d375daab-0aec-4ab2-a7ca-6760e990c046-NettyServerStreamRpc-bossGroup--thread1] INFO  logging.LoggingHandler (AbstractInternalLogger.java:log(148)) - [id: 0xf912f349, L:/0:0:0:0:0:0:0:0:15042] READ: [id: 0xbbbcba3f, L:/10.1.0.19:15042 - R:/10.1.0.19:47110]
2023-07-06 10:48:26,337 [d375daab-0aec-4ab2-a7ca-6760e990c046-NettyServerStreamRpc-bossGroup--thread1] INFO  logging.LoggingHandler (AbstractInternalLogger.java:log(148)) - [id: 0xf912f349, L:/0:0:0:0:0:0:0:0:15042] READ COMPLETE
2023-07-06 10:48:26,461 [IPC Server handler 7 on default port 15001] WARN  node.SCMNodeManager (SCMNodeManager.java:getNodesByAddress(1373)) - Cannot find node for address 127.0.0.1
2023-07-06 10:48:26,465 [IPC Server handler 17 on default port 15001] WARN  node.SCMNodeManager (SCMNodeManager.java:getNodesByAddress(1373)) - Cannot find node for address 127.0.0.1
]]></system-out>
  </testcase>
  <testcase name="testLinkEncryptedBuckets" classname="TestOzoneAtRestEncryption" time="0.1">
    <system-out><![CDATA[2023-07-06 10:48:51,558 [main] INFO  rpc.RpcClient (RpcClient.java:createVolume(460)) - Creating Volume: c8d1083a-ea2d-426e-b98b-3a9d8e93a480, with runner as owner and space quota set to -1 bytes, counts quota set to -1
2023-07-06 10:48:51,562 [OM StateMachine ApplyTransaction Thread - 0] INFO  volume.OMVolumeCreateRequest (OMVolumeCreateRequest.java:validateAndUpdateCache(196)) - created volume:c8d1083a-ea2d-426e-b98b-3a9d8e93a480 for user:runner
2023-07-06 10:48:51,564 [main] INFO  rpc.RpcClient (RpcClient.java:createBucket(687)) - Creating Bucket: c8d1083a-ea2d-426e-b98b-3a9d8e93a480/4d3dd89e-984c-47dd-a2a9-6a15f461afdb, with bucket layout OBJECT_STORE, runner as owner, Versioning false, Storage Type set to DISK and Encryption set to true, Replication Type set to server-side default replication type, Namespace Quota set to -1, Space Quota set to -1 
2023-07-06 10:48:51,567 [qtp1221433900-17] INFO  kms-audit (SimpleKMSAuditLogger.java:logAuditSimpleFormat(93)) - OK[op=GET_METADATA, key=key1, user=runner] 
2023-07-06 10:48:51,569 [OM StateMachine ApplyTransaction Thread - 0] INFO  bucket.OMBucketCreateRequest (OMBucketCreateRequest.java:validateAndUpdateCache(270)) - created bucket: 4d3dd89e-984c-47dd-a2a9-6a15f461afdb of layout OBJECT_STORE in volume: c8d1083a-ea2d-426e-b98b-3a9d8e93a480
2023-07-06 10:48:51,571 [main] INFO  rpc.RpcClient (RpcClient.java:createVolume(460)) - Creating Volume: 850378b7-2916-4f7f-8368-6bfe900864cc, with runner as owner and space quota set to -1 bytes, counts quota set to -1
2023-07-06 10:48:51,573 [OM StateMachine ApplyTransaction Thread - 0] INFO  volume.OMVolumeCreateRequest (OMVolumeCreateRequest.java:validateAndUpdateCache(196)) - created volume:850378b7-2916-4f7f-8368-6bfe900864cc for user:runner
2023-07-06 10:48:51,575 [main] INFO  rpc.RpcClient (RpcClient.java:createBucket(687)) - Creating Bucket: 850378b7-2916-4f7f-8368-6bfe900864cc/19616b0b-843c-4707-bfdc-2789516f5cf3, with bucket layout OBJECT_STORE, runner as owner, Versioning false, Storage Type set to DISK and Encryption set to false, Replication Type set to server-side default replication type, Namespace Quota set to -1, Space Quota set to -1 
2023-07-06 10:48:51,576 [OM StateMachine ApplyTransaction Thread - 0] INFO  bucket.OMBucketCreateRequest (OMBucketCreateRequest.java:validateAndUpdateCache(270)) - created bucket: 19616b0b-843c-4707-bfdc-2789516f5cf3 of layout OBJECT_STORE in volume: 850378b7-2916-4f7f-8368-6bfe900864cc
2023-07-06 10:48:51,603 [IPC Server handler 10 on default port 15001] WARN  node.SCMNodeManager (SCMNodeManager.java:getNodesByAddress(1373)) - Cannot find node for address 127.0.0.1
2023-07-06 10:48:51,605 [IPC Server handler 16 on default port 15001] WARN  node.SCMNodeManager (SCMNodeManager.java:getNodesByAddress(1373)) - Cannot find node for address 127.0.0.1
2023-07-06 10:48:51,643 [IPC Server handler 0 on default port 15001] WARN  node.SCMNodeManager (SCMNodeManager.java:getNodesByAddress(1373)) - Cannot find node for address 127.0.0.1
2023-07-06 10:48:51,646 [IPC Server handler 6 on default port 15001] WARN  node.SCMNodeManager (SCMNodeManager.java:getNodesByAddress(1373)) - Cannot find node for address 127.0.0.1
]]></system-out>
  </testcase>
  <testcase name="testMPUwithTwoParts" classname="TestOzoneAtRestEncryption" time="2.286">
    <system-out><![CDATA[2023-07-06 10:48:26,496 [main] INFO  rpc.RpcClient (RpcClient.java:createVolume(460)) - Creating Volume: 89beb9bc-0186-4bd8-9ddd-69efb4ebeb4f, with runner as owner and space quota set to -1 bytes, counts quota set to -1
2023-07-06 10:48:26,500 [OM StateMachine ApplyTransaction Thread - 0] INFO  volume.OMVolumeCreateRequest (OMVolumeCreateRequest.java:validateAndUpdateCache(196)) - created volume:89beb9bc-0186-4bd8-9ddd-69efb4ebeb4f for user:runner
2023-07-06 10:48:26,504 [main] INFO  rpc.RpcClient (RpcClient.java:createBucket(687)) - Creating Bucket: 89beb9bc-0186-4bd8-9ddd-69efb4ebeb4f/266f6265-cbdc-4b65-809b-8dd813972cfd, with bucket layout FILE_SYSTEM_OPTIMIZED, runner as owner, Versioning false, Storage Type set to DISK and Encryption set to true, Replication Type set to server-side default replication type, Namespace Quota set to -1, Space Quota set to -1 
2023-07-06 10:48:26,507 [qtp1221433900-18] INFO  kms-audit (SimpleKMSAuditLogger.java:logAuditSimpleFormat(93)) - OK[op=GET_METADATA, key=key1, user=runner] 
2023-07-06 10:48:26,511 [OM StateMachine ApplyTransaction Thread - 0] INFO  bucket.OMBucketCreateRequest (OMBucketCreateRequest.java:validateAndUpdateCache(270)) - created bucket: 266f6265-cbdc-4b65-809b-8dd813972cfd of layout FILE_SYSTEM_OPTIMIZED in volume: 89beb9bc-0186-4bd8-9ddd-69efb4ebeb4f
2023-07-06 10:48:27,523 [OM StateMachine ApplyTransaction Thread - 0] DEBUG db.CodecBuffer (CodecBuffer.java:setCapacity(212)) - setCapacity: 4096 -> 10920, max=2147483647
2023-07-06 10:48:27,539 [IPC Server handler 10 on default port 15001] WARN  node.SCMNodeManager (SCMNodeManager.java:getNodesByAddress(1373)) - Cannot find node for address 127.0.0.1
2023-07-06 10:48:27,540 [IPC Server handler 16 on default port 15001] WARN  node.SCMNodeManager (SCMNodeManager.java:getNodesByAddress(1373)) - Cannot find node for address 127.0.0.1
2023-07-06 10:48:27,541 [IPC Server handler 14 on default port 15001] WARN  node.SCMNodeManager (SCMNodeManager.java:getNodesByAddress(1373)) - Cannot find node for address 127.0.0.1
2023-07-06 10:48:27,542 [IPC Server handler 6 on default port 15001] WARN  node.SCMNodeManager (SCMNodeManager.java:getNodesByAddress(1373)) - Cannot find node for address 127.0.0.1
2023-07-06 10:48:27,543 [IPC Server handler 18 on default port 15001] WARN  node.SCMNodeManager (SCMNodeManager.java:getNodesByAddress(1373)) - Cannot find node for address 127.0.0.1
2023-07-06 10:48:27,544 [IPC Server handler 11 on default port 15001] WARN  node.SCMNodeManager (SCMNodeManager.java:getNodesByAddress(1373)) - Cannot find node for address 127.0.0.1
2023-07-06 10:48:27,545 [IPC Server handler 1 on default port 15001] WARN  node.SCMNodeManager (SCMNodeManager.java:getNodesByAddress(1373)) - Cannot find node for address 127.0.0.1
2023-07-06 10:48:27,546 [IPC Server handler 3 on default port 15001] WARN  node.SCMNodeManager (SCMNodeManager.java:getNodesByAddress(1373)) - Cannot find node for address 127.0.0.1
]]></system-out>
  </testcase>
  <testcase name="testMPUwithTwoParts" classname="TestOzoneAtRestEncryption" time="0.936">
    <system-out><![CDATA[2023-07-06 10:48:51,659 [main] INFO  rpc.RpcClient (RpcClient.java:createVolume(460)) - Creating Volume: c9f07f6e-4809-4442-8cde-1d80031600eb, with runner as owner and space quota set to -1 bytes, counts quota set to -1
2023-07-06 10:48:51,661 [OM StateMachine ApplyTransaction Thread - 0] INFO  volume.OMVolumeCreateRequest (OMVolumeCreateRequest.java:validateAndUpdateCache(196)) - created volume:c9f07f6e-4809-4442-8cde-1d80031600eb for user:runner
2023-07-06 10:48:51,663 [main] INFO  rpc.RpcClient (RpcClient.java:createBucket(687)) - Creating Bucket: c9f07f6e-4809-4442-8cde-1d80031600eb/a43b3d21-6a43-4f72-9f48-9559b59109d3, with bucket layout OBJECT_STORE, runner as owner, Versioning false, Storage Type set to DISK and Encryption set to true, Replication Type set to server-side default replication type, Namespace Quota set to -1, Space Quota set to -1 
2023-07-06 10:48:51,666 [qtp1221433900-17] INFO  kms-audit (SimpleKMSAuditLogger.java:logAuditSimpleFormat(93)) - OK[op=GET_METADATA, key=key1, user=runner] 
2023-07-06 10:48:51,668 [OM StateMachine ApplyTransaction Thread - 0] INFO  bucket.OMBucketCreateRequest (OMBucketCreateRequest.java:validateAndUpdateCache(270)) - created bucket: a43b3d21-6a43-4f72-9f48-9559b59109d3 of layout OBJECT_STORE in volume: c9f07f6e-4809-4442-8cde-1d80031600eb
2023-07-06 10:48:52,007 [OM StateMachine ApplyTransaction Thread - 0] DEBUG db.CodecBuffer (CodecBuffer.java:setCapacity(212)) - setCapacity: 4096 -> 10928, max=2147483647
2023-07-06 10:48:52,012 [IPC Server handler 2 on default port 15001] WARN  node.SCMNodeManager (SCMNodeManager.java:getNodesByAddress(1373)) - Cannot find node for address 127.0.0.1
2023-07-06 10:48:52,013 [IPC Server handler 10 on default port 15001] WARN  node.SCMNodeManager (SCMNodeManager.java:getNodesByAddress(1373)) - Cannot find node for address 127.0.0.1
2023-07-06 10:48:52,013 [IPC Server handler 16 on default port 15001] WARN  node.SCMNodeManager (SCMNodeManager.java:getNodesByAddress(1373)) - Cannot find node for address 127.0.0.1
2023-07-06 10:48:52,014 [IPC Server handler 13 on default port 15001] WARN  node.SCMNodeManager (SCMNodeManager.java:getNodesByAddress(1373)) - Cannot find node for address 127.0.0.1
2023-07-06 10:48:52,015 [IPC Server handler 0 on default port 15001] WARN  node.SCMNodeManager (SCMNodeManager.java:getNodesByAddress(1373)) - Cannot find node for address 127.0.0.1
2023-07-06 10:48:52,015 [IPC Server handler 6 on default port 15001] WARN  node.SCMNodeManager (SCMNodeManager.java:getNodesByAddress(1373)) - Cannot find node for address 127.0.0.1
2023-07-06 10:48:52,016 [IPC Server handler 11 on default port 15001] WARN  node.SCMNodeManager (SCMNodeManager.java:getNodesByAddress(1373)) - Cannot find node for address 127.0.0.1
]]></system-out>
  </testcase>
  <testcase name="testGetKeyProvider" classname="TestOzoneAtRestEncryption" time="2.247">
    <system-out><![CDATA[2023-07-06 10:48:30,532 [JvmPauseMonitor7] WARN  util.JvmPauseMonitor (JvmPauseMonitor.java:detectPause(124)) - JvmPauseMonitor-5a53f96e-bd62-406a-bc4f-c3e0845cabf5: Detected pause in JVM or host machine approximately 0.229s without any GCs.
2023-07-06 10:48:30,533 [JvmPauseMonitor6] WARN  util.JvmPauseMonitor (JvmPauseMonitor.java:detectPause(124)) - JvmPauseMonitor-5390630e-efcd-4aa9-9191-8580c5ddb99b: Detected pause in JVM or host machine approximately 0.228s without any GCs.
2023-07-06 10:48:30,533 [JvmPauseMonitor9] WARN  util.JvmPauseMonitor (JvmPauseMonitor.java:detectPause(124)) - JvmPauseMonitor-afdb1d22-58a1-4785-9bfd-1bd49c8784e6: Detected pause in JVM or host machine approximately 0.225s without any GCs.
2023-07-06 10:48:30,534 [JvmPauseMonitor4] WARN  util.JvmPauseMonitor (JvmPauseMonitor.java:detectPause(124)) - JvmPauseMonitor-b02eaa79-f692-4c53-b57d-37cb88368c79: Detected pause in JVM or host machine approximately 0.225s without any GCs.
2023-07-06 10:48:30,534 [JvmPauseMonitor3] WARN  util.JvmPauseMonitor (JvmPauseMonitor.java:detectPause(124)) - JvmPauseMonitor-d927e26c-8fe2-4137-bd03-4653fe67c688: Detected pause in JVM or host machine approximately 0.225s without any GCs.
2023-07-06 10:48:30,535 [JvmPauseMonitor11] WARN  util.JvmPauseMonitor (JvmPauseMonitor.java:detectPause(124)) - JvmPauseMonitor-ae0f568f-b3d6-4872-b39b-16fcb0b48bc3: Detected pause in JVM or host machine approximately 0.223s without any GCs.
2023-07-06 10:48:30,535 [JvmPauseMonitor1] WARN  util.JvmPauseMonitor (JvmPauseMonitor.java:detectPause(124)) - JvmPauseMonitor-om1: Detected pause in JVM or host machine approximately 0.220s without any GCs.
2023-07-06 10:48:30,532 [JvmPauseMonitor2] WARN  util.JvmPauseMonitor (JvmPauseMonitor.java:detectPause(124)) - JvmPauseMonitor-c18b64c4-7b5c-4e0a-b26c-2daf5f5ffc53: Detected pause in JVM or host machine approximately 0.227s without any GCs.
2023-07-06 10:48:30,535 [JvmPauseMonitor10] WARN  util.JvmPauseMonitor (JvmPauseMonitor.java:detectPause(124)) - JvmPauseMonitor-30003da1-a7bf-44b2-b897-92f161ae05e1: Detected pause in JVM or host machine approximately 0.220s without any GCs.
2023-07-06 10:48:30,535 [JvmPauseMonitor0] WARN  util.JvmPauseMonitor (JvmPauseMonitor.java:detectPause(124)) - JvmPauseMonitor-fcc7a8d2-8e13-4204-a118-5fa6cc2a4a16: Detected pause in JVM or host machine approximately 0.220s without any GCs.
2023-07-06 10:48:30,535 [JvmPauseMonitor5] WARN  util.JvmPauseMonitor (JvmPauseMonitor.java:detectPause(124)) - JvmPauseMonitor-d375daab-0aec-4ab2-a7ca-6760e990c046: Detected pause in JVM or host machine approximately 0.223s without any GCs.
2023-07-06 10:48:30,536 [JvmPauseMonitor8] WARN  util.JvmPauseMonitor (JvmPauseMonitor.java:detectPause(124)) - JvmPauseMonitor-2536bb46-c5d2-4252-aed1-a79348143fe8: Detected pause in JVM or host machine approximately 0.220s without any GCs.
]]></system-out>
  </testcase>
  <testcase name="testGetKeyProvider" classname="TestOzoneAtRestEncryption" time="0.158"/>
  <testcase name="testMPUwithOneStreamPart" classname="TestOzoneAtRestEncryption" time="4.32">
    <system-out><![CDATA[2023-07-06 10:48:31,030 [main] INFO  rpc.RpcClient (RpcClient.java:createVolume(460)) - Creating Volume: 8c3e4a97-e8b9-475c-9a86-b4d3ba92b725, with runner as owner and space quota set to -1 bytes, counts quota set to -1
2023-07-06 10:48:31,039 [OM StateMachine ApplyTransaction Thread - 0] INFO  volume.OMVolumeCreateRequest (OMVolumeCreateRequest.java:validateAndUpdateCache(196)) - created volume:8c3e4a97-e8b9-475c-9a86-b4d3ba92b725 for user:runner
2023-07-06 10:48:31,047 [main] INFO  rpc.RpcClient (RpcClient.java:createBucket(687)) - Creating Bucket: 8c3e4a97-e8b9-475c-9a86-b4d3ba92b725/94379b99-f1e6-447e-a817-796e8a7424d8, with bucket layout FILE_SYSTEM_OPTIMIZED, runner as owner, Versioning false, Storage Type set to DISK and Encryption set to true, Replication Type set to server-side default replication type, Namespace Quota set to -1, Space Quota set to -1 
2023-07-06 10:48:31,065 [qtp1221433900-17] INFO  kms-audit (SimpleKMSAuditLogger.java:logAuditSimpleFormat(93)) - OK[op=GET_METADATA, key=key1, user=runner] 
2023-07-06 10:48:31,074 [OM StateMachine ApplyTransaction Thread - 0] INFO  bucket.OMBucketCreateRequest (OMBucketCreateRequest.java:validateAndUpdateCache(270)) - created bucket: 94379b99-f1e6-447e-a817-796e8a7424d8 of layout FILE_SYSTEM_OPTIMIZED in volume: 8c3e4a97-e8b9-475c-9a86-b4d3ba92b725
2023-07-06 10:48:31,156 [qtp1221433900-18] ERROR generators.WadlGeneratorJAXBGrammarGenerator (WadlGeneratorJAXBGrammarGenerator.java:buildModelAndSchemas(207)) - Failed to generate the schema for the JAX-B elements
com.sun.xml.bind.v2.runtime.IllegalAnnotationsException: 1 counts of IllegalAnnotationExceptions
java.util.Map is an interface, and JAXB can't handle interfaces.
	this problem is related to the following location:
		at java.util.Map

	at com.sun.xml.bind.v2.runtime.IllegalAnnotationsException$Builder.check(IllegalAnnotationsException.java:106)
	at com.sun.xml.bind.v2.runtime.JAXBContextImpl.getTypeInfoSet(JAXBContextImpl.java:471)
	at com.sun.xml.bind.v2.runtime.JAXBContextImpl.<init>(JAXBContextImpl.java:303)
	at com.sun.xml.bind.v2.runtime.JAXBContextImpl.<init>(JAXBContextImpl.java:139)
	at com.sun.xml.bind.v2.runtime.JAXBContextImpl$JAXBContextBuilder.build(JAXBContextImpl.java:1156)
	at com.sun.xml.bind.v2.ContextFactory.createContext(ContextFactory.java:165)
	at sun.reflect.NativeMethodAccessorImpl.invoke0(Native Method)
	at sun.reflect.NativeMethodAccessorImpl.invoke(NativeMethodAccessorImpl.java:62)
	at sun.reflect.DelegatingMethodAccessorImpl.invoke(DelegatingMethodAccessorImpl.java:43)
	at java.lang.reflect.Method.invoke(Method.java:498)
	at javax.xml.bind.ContextFinder.newInstance(ContextFinder.java:247)
	at javax.xml.bind.ContextFinder.newInstance(ContextFinder.java:234)
	at javax.xml.bind.ContextFinder.find(ContextFinder.java:441)
	at javax.xml.bind.JAXBContext.newInstance(JAXBContext.java:641)
	at javax.xml.bind.JAXBContext.newInstance(JAXBContext.java:584)
	at com.sun.jersey.server.wadl.generators.WadlGeneratorJAXBGrammarGenerator.buildModelAndSchemas(WadlGeneratorJAXBGrammarGenerator.java:169)
	at com.sun.jersey.server.wadl.generators.AbstractWadlGeneratorGrammarGenerator.createExternalGrammar(AbstractWadlGeneratorGrammarGenerator.java:405)
	at com.sun.jersey.server.wadl.WadlBuilder.generate(WadlBuilder.java:149)
	at com.sun.jersey.server.impl.wadl.WadlApplicationContextImpl.getApplication(WadlApplicationContextImpl.java:119)
	at com.sun.jersey.server.impl.wadl.WadlApplicationContextImpl.getApplication(WadlApplicationContextImpl.java:138)
	at com.sun.jersey.server.impl.wadl.WadlMethodFactory$WadlOptionsMethodDispatcher.dispatch(WadlMethodFactory.java:110)
	at com.sun.jersey.server.impl.uri.rules.HttpMethodRule.accept(HttpMethodRule.java:302)
	at com.sun.jersey.server.impl.uri.rules.RightHandPathRule.accept(RightHandPathRule.java:147)
	at com.sun.jersey.server.impl.uri.rules.ResourceClassRule.accept(ResourceClassRule.java:108)
	at com.sun.jersey.server.impl.uri.rules.RightHandPathRule.accept(RightHandPathRule.java:147)
	at com.sun.jersey.server.impl.uri.rules.RootResourceClassesRule.accept(RootResourceClassesRule.java:84)
	at com.sun.jersey.server.impl.application.WebApplicationImpl._handleRequest(WebApplicationImpl.java:1542)
	at com.sun.jersey.server.impl.application.WebApplicationImpl._handleRequest(WebApplicationImpl.java:1473)
	at com.sun.jersey.server.impl.application.WebApplicationImpl.handleRequest(WebApplicationImpl.java:1419)
	at com.sun.jersey.server.impl.application.WebApplicationImpl.handleRequest(WebApplicationImpl.java:1409)
	at com.sun.jersey.spi.container.servlet.WebComponent.service(WebComponent.java:409)
	at com.sun.jersey.spi.container.servlet.ServletContainer.service(ServletContainer.java:558)
	at com.sun.jersey.spi.container.servlet.ServletContainer.service(ServletContainer.java:733)
	at javax.servlet.http.HttpServlet.service(HttpServlet.java:590)
	at org.eclipse.jetty.servlet.ServletHolder$NotAsync.service(ServletHolder.java:1459)
	at org.eclipse.jetty.servlet.ServletHolder.handle(ServletHolder.java:799)
	at org.eclipse.jetty.servlet.ServletHandler$ChainEnd.doFilter(ServletHandler.java:1656)
	at org.apache.hadoop.crypto.key.kms.server.KMSMDCFilter.doFilter(KMSMDCFilter.java:98)
	at org.eclipse.jetty.servlet.FilterHolder.doFilter(FilterHolder.java:193)
	at org.eclipse.jetty.servlet.ServletHandler$Chain.doFilter(ServletHandler.java:1626)
	at org.apache.hadoop.security.authentication.server.AuthenticationFilter.doFilter(AuthenticationFilter.java:650)
	at org.apache.hadoop.security.token.delegation.web.DelegationTokenAuthenticationFilter.doFilter(DelegationTokenAuthenticationFilter.java:305)
	at org.apache.hadoop.security.authentication.server.AuthenticationFilter.doFilter(AuthenticationFilter.java:592)
	at org.apache.hadoop.crypto.key.kms.server.KMSAuthenticationFilter.doFilter(KMSAuthenticationFilter.java:162)
	at org.eclipse.jetty.servlet.FilterHolder.doFilter(FilterHolder.java:201)
	at org.eclipse.jetty.servlet.ServletHandler$Chain.doFilter(ServletHandler.java:1626)
	at org.apache.hadoop.http.lib.StaticUserWebFilter$StaticUserFilter.doFilter(StaticUserWebFilter.java:110)
	at org.eclipse.jetty.servlet.FilterHolder.doFilter(FilterHolder.java:193)
	at org.eclipse.jetty.servlet.ServletHandler$Chain.doFilter(ServletHandler.java:1626)
	at org.apache.hadoop.http.HttpServer2$QuotingInputFilter.doFilter(HttpServer2.java:1794)
	at org.eclipse.jetty.servlet.FilterHolder.doFilter(FilterHolder.java:193)
	at org.eclipse.jetty.servlet.ServletHandler$Chain.doFilter(ServletHandler.java:1626)
	at org.apache.hadoop.http.NoCacheFilter.doFilter(NoCacheFilter.java:45)
	at org.eclipse.jetty.servlet.FilterHolder.doFilter(FilterHolder.java:193)
	at org.eclipse.jetty.servlet.ServletHandler$Chain.doFilter(ServletHandler.java:1626)
	at org.eclipse.jetty.servlet.ServletHandler.doHandle(ServletHandler.java:552)
	at org.eclipse.jetty.server.handler.ScopedHandler.handle(ScopedHandler.java:143)
	at org.eclipse.jetty.security.SecurityHandler.handle(SecurityHandler.java:600)
	at org.eclipse.jetty.server.handler.HandlerWrapper.handle(HandlerWrapper.java:127)
	at org.eclipse.jetty.server.handler.ScopedHandler.nextHandle(ScopedHandler.java:235)
	at org.eclipse.jetty.server.session.SessionHandler.doHandle(SessionHandler.java:1624)
	at org.eclipse.jetty.server.handler.ScopedHandler.nextHandle(ScopedHandler.java:233)
	at org.eclipse.jetty.server.handler.ContextHandler.doHandle(ContextHandler.java:1440)
	at org.eclipse.jetty.server.handler.ScopedHandler.nextScope(ScopedHandler.java:188)
	at org.eclipse.jetty.servlet.ServletHandler.doScope(ServletHandler.java:505)
	at org.eclipse.jetty.server.session.SessionHandler.doScope(SessionHandler.java:1594)
	at org.eclipse.jetty.server.handler.ScopedHandler.nextScope(ScopedHandler.java:186)
	at org.eclipse.jetty.server.handler.ContextHandler.doScope(ContextHandler.java:1355)
	at org.eclipse.jetty.server.handler.ScopedHandler.handle(ScopedHandler.java:141)
	at org.eclipse.jetty.server.handler.HandlerCollection.handle(HandlerCollection.java:146)
	at org.eclipse.jetty.server.handler.HandlerWrapper.handle(HandlerWrapper.java:127)
	at org.eclipse.jetty.server.Server.handle(Server.java:512)
	at org.eclipse.jetty.server.HttpChannel.lambda$handle$1(HttpChannel.java:487)
	at org.eclipse.jetty.server.HttpChannel.dispatch(HttpChannel.java:732)
	at org.eclipse.jetty.server.HttpChannel.handle(HttpChannel.java:479)
	at org.eclipse.jetty.server.HttpConnection.onFillable(HttpConnection.java:277)
	at org.eclipse.jetty.io.AbstractConnection$ReadCallback.succeeded(AbstractConnection.java:311)
	at org.eclipse.jetty.io.FillInterest.fillable(FillInterest.java:105)
	at org.eclipse.jetty.io.ChannelEndPoint$1.run(ChannelEndPoint.java:104)
	at org.eclipse.jetty.util.thread.strategy.EatWhatYouKill.runTask(EatWhatYouKill.java:338)
	at org.eclipse.jetty.util.thread.strategy.EatWhatYouKill.doProduce(EatWhatYouKill.java:315)
	at org.eclipse.jetty.util.thread.strategy.EatWhatYouKill.tryProduce(EatWhatYouKill.java:173)
	at org.eclipse.jetty.util.thread.strategy.EatWhatYouKill.run(EatWhatYouKill.java:131)
	at org.eclipse.jetty.util.thread.ReservedThreadExecutor$ReservedThread.run(ReservedThreadExecutor.java:409)
	at org.eclipse.jetty.util.thread.QueuedThreadPool.runJob(QueuedThreadPool.java:883)
	at org.eclipse.jetty.util.thread.QueuedThreadPool$Runner.run(QueuedThreadPool.java:1034)
	at java.lang.Thread.run(Thread.java:750)
2023-07-06 10:48:31,159 [qtp1221433900-18] INFO  generators.AbstractWadlGeneratorGrammarGenerator (AbstractWadlGeneratorGrammarGenerator.java:attachTypes(479)) - Couldn't find grammar element for class javax.ws.rs.core.Response
2023-07-06 10:48:31,159 [qtp1221433900-18] INFO  generators.AbstractWadlGeneratorGrammarGenerator (AbstractWadlGeneratorGrammarGenerator.java:attachTypes(479)) - Couldn't find grammar element for class java.util.Map
2023-07-06 10:48:31,160 [qtp1221433900-18] INFO  generators.AbstractWadlGeneratorGrammarGenerator (AbstractWadlGeneratorGrammarGenerator.java:attachTypes(479)) - Couldn't find grammar element for class java.util.Map
2023-07-06 10:48:31,160 [qtp1221433900-18] INFO  generators.AbstractWadlGeneratorGrammarGenerator (AbstractWadlGeneratorGrammarGenerator.java:attachTypes(479)) - Couldn't find grammar element for class javax.ws.rs.core.Response
2023-07-06 10:48:31,160 [qtp1221433900-18] INFO  generators.AbstractWadlGeneratorGrammarGenerator (AbstractWadlGeneratorGrammarGenerator.java:attachTypes(479)) - Couldn't find grammar element for class java.util.Map
2023-07-06 10:48:31,160 [qtp1221433900-18] INFO  generators.AbstractWadlGeneratorGrammarGenerator (AbstractWadlGeneratorGrammarGenerator.java:attachTypes(479)) - Couldn't find grammar element for class java.util.Map
2023-07-06 10:48:31,161 [qtp1221433900-18] INFO  generators.AbstractWadlGeneratorGrammarGenerator (AbstractWadlGeneratorGrammarGenerator.java:attachTypes(479)) - Couldn't find grammar element for class javax.ws.rs.core.Response
2023-07-06 10:48:31,161 [qtp1221433900-18] INFO  generators.AbstractWadlGeneratorGrammarGenerator (AbstractWadlGeneratorGrammarGenerator.java:attachTypes(479)) - Couldn't find grammar element for class java.util.Map
2023-07-06 10:48:31,207 [main] INFO  client.DataStreamClient (ConfUtils.java:logGet(46)) - raft.datastream.type = NETTY (custom)
2023-07-06 10:48:31,207 [main] INFO  netty.NettyConfigKeys$DataStream (ConfUtils.java:logGet(46)) - raft.netty.dataStream.client.tls.conf = null (default)
2023-07-06 10:48:31,207 [main] INFO  netty.NettyConfigKeys$DataStream (ConfUtils.java:logGet(46)) - raft.netty.dataStream.client.reply.queue.grace-period = 1s (default)
2023-07-06 10:48:31,209 [main] INFO  netty.NettyConfigKeys$DataStream (ConfUtils.java:logGet(46)) - raft.netty.dataStream.client.worker-group.share = false (default)
2023-07-06 10:48:31,210 [main] INFO  netty.NettyConfigKeys$DataStream (ConfUtils.java:logGet(46)) - raft.netty.dataStream.client.worker-group.size = 4 (default)
2023-07-06 10:48:31,228 [ae0f568f-b3d6-4872-b39b-16fcb0b48bc3-NettyServerStreamRpc-bossGroup--thread1] INFO  logging.LoggingHandler (AbstractInternalLogger.java:log(148)) - [id: 0xe2d144de, L:/0:0:0:0:0:0:0:0:15096] READ: [id: 0x86e08095, L:/10.1.0.19:15096 - R:/10.1.0.19:56530]
2023-07-06 10:48:31,238 [ae0f568f-b3d6-4872-b39b-16fcb0b48bc3-NettyServerStreamRpc-bossGroup--thread1] INFO  logging.LoggingHandler (AbstractInternalLogger.java:log(148)) - [id: 0xe2d144de, L:/0:0:0:0:0:0:0:0:15096] READ COMPLETE
2023-07-06 10:48:31,892 [main] INFO  client.DataStreamClient (ConfUtils.java:logGet(46)) - raft.datastream.type = NETTY (custom)
2023-07-06 10:48:31,893 [main] INFO  netty.NettyConfigKeys$DataStream (ConfUtils.java:logGet(46)) - raft.netty.dataStream.client.tls.conf = null (default)
2023-07-06 10:48:31,893 [main] INFO  netty.NettyConfigKeys$DataStream (ConfUtils.java:logGet(46)) - raft.netty.dataStream.client.reply.queue.grace-period = 1s (default)
2023-07-06 10:48:31,893 [main] INFO  netty.NettyConfigKeys$DataStream (ConfUtils.java:logGet(46)) - raft.netty.dataStream.client.worker-group.share = false (default)
2023-07-06 10:48:31,894 [main] INFO  netty.NettyConfigKeys$DataStream (ConfUtils.java:logGet(46)) - raft.netty.dataStream.client.worker-group.size = 4 (default)
2023-07-06 10:48:31,899 [d927e26c-8fe2-4137-bd03-4653fe67c688-NettyServerStreamRpc-bossGroup--thread1] INFO  logging.LoggingHandler (AbstractInternalLogger.java:log(148)) - [id: 0xe8150ced, L:/0:0:0:0:0:0:0:0:15024] READ: [id: 0xf31f6d11, L:/10.1.0.19:15024 - R:/10.1.0.19:35782]
2023-07-06 10:48:31,899 [d927e26c-8fe2-4137-bd03-4653fe67c688-NettyServerStreamRpc-bossGroup--thread1] INFO  logging.LoggingHandler (AbstractInternalLogger.java:log(148)) - [id: 0xe8150ced, L:/0:0:0:0:0:0:0:0:15024] READ COMPLETE
2023-07-06 10:48:32,215 [main] INFO  client.DataStreamClient (ConfUtils.java:logGet(46)) - raft.datastream.type = NETTY (custom)
2023-07-06 10:48:32,216 [main] INFO  netty.NettyConfigKeys$DataStream (ConfUtils.java:logGet(46)) - raft.netty.dataStream.client.tls.conf = null (default)
2023-07-06 10:48:32,216 [main] INFO  netty.NettyConfigKeys$DataStream (ConfUtils.java:logGet(46)) - raft.netty.dataStream.client.reply.queue.grace-period = 1s (default)
2023-07-06 10:48:32,217 [main] INFO  netty.NettyConfigKeys$DataStream (ConfUtils.java:logGet(46)) - raft.netty.dataStream.client.worker-group.share = false (default)
2023-07-06 10:48:32,217 [main] INFO  netty.NettyConfigKeys$DataStream (ConfUtils.java:logGet(46)) - raft.netty.dataStream.client.worker-group.size = 4 (default)
2023-07-06 10:48:32,227 [30003da1-a7bf-44b2-b897-92f161ae05e1-NettyServerStreamRpc-bossGroup--thread1] INFO  logging.LoggingHandler (AbstractInternalLogger.java:log(148)) - [id: 0xad565468, L:/0:0:0:0:0:0:0:0:15087] READ: [id: 0x90ad552d, L:/10.1.0.19:15087 - R:/10.1.0.19:60404]
2023-07-06 10:48:32,237 [30003da1-a7bf-44b2-b897-92f161ae05e1-NettyServerStreamRpc-bossGroup--thread1] INFO  logging.LoggingHandler (AbstractInternalLogger.java:log(148)) - [id: 0xad565468, L:/0:0:0:0:0:0:0:0:15087] READ COMPLETE
2023-07-06 10:48:32,440 [main] INFO  client.DataStreamClient (ConfUtils.java:logGet(46)) - raft.datastream.type = NETTY (custom)
2023-07-06 10:48:32,441 [main] INFO  netty.NettyConfigKeys$DataStream (ConfUtils.java:logGet(46)) - raft.netty.dataStream.client.tls.conf = null (default)
2023-07-06 10:48:32,442 [main] INFO  netty.NettyConfigKeys$DataStream (ConfUtils.java:logGet(46)) - raft.netty.dataStream.client.reply.queue.grace-period = 1s (default)
2023-07-06 10:48:32,442 [main] INFO  netty.NettyConfigKeys$DataStream (ConfUtils.java:logGet(46)) - raft.netty.dataStream.client.worker-group.share = false (default)
2023-07-06 10:48:32,442 [main] INFO  netty.NettyConfigKeys$DataStream (ConfUtils.java:logGet(46)) - raft.netty.dataStream.client.worker-group.size = 4 (default)
2023-07-06 10:48:32,460 [d375daab-0aec-4ab2-a7ca-6760e990c046-NettyServerStreamRpc-bossGroup--thread1] INFO  logging.LoggingHandler (AbstractInternalLogger.java:log(148)) - [id: 0xf912f349, L:/0:0:0:0:0:0:0:0:15042] READ: [id: 0xf5efb6ed, L:/10.1.0.19:15042 - R:/10.1.0.19:47118]
2023-07-06 10:48:32,472 [d375daab-0aec-4ab2-a7ca-6760e990c046-NettyServerStreamRpc-bossGroup--thread1] INFO  logging.LoggingHandler (AbstractInternalLogger.java:log(148)) - [id: 0xf912f349, L:/0:0:0:0:0:0:0:0:15042] READ COMPLETE
2023-07-06 10:48:32,692 [main] INFO  client.DataStreamClient (ConfUtils.java:logGet(46)) - raft.datastream.type = NETTY (custom)
2023-07-06 10:48:32,693 [main] INFO  netty.NettyConfigKeys$DataStream (ConfUtils.java:logGet(46)) - raft.netty.dataStream.client.tls.conf = null (default)
2023-07-06 10:48:32,693 [main] INFO  netty.NettyConfigKeys$DataStream (ConfUtils.java:logGet(46)) - raft.netty.dataStream.client.reply.queue.grace-period = 1s (default)
2023-07-06 10:48:32,694 [main] INFO  netty.NettyConfigKeys$DataStream (ConfUtils.java:logGet(46)) - raft.netty.dataStream.client.worker-group.share = false (default)
2023-07-06 10:48:32,694 [main] INFO  netty.NettyConfigKeys$DataStream (ConfUtils.java:logGet(46)) - raft.netty.dataStream.client.worker-group.size = 4 (default)
2023-07-06 10:48:32,703 [5390630e-efcd-4aa9-9191-8580c5ddb99b-NettyServerStreamRpc-bossGroup--thread1] INFO  logging.LoggingHandler (AbstractInternalLogger.java:log(148)) - [id: 0x8eddcaa8, L:/0:0:0:0:0:0:0:0:15051] READ: [id: 0x2aa5b7d1, L:/10.1.0.19:15051 - R:/10.1.0.19:57098]
2023-07-06 10:48:32,706 [5390630e-efcd-4aa9-9191-8580c5ddb99b-NettyServerStreamRpc-bossGroup--thread1] INFO  logging.LoggingHandler (AbstractInternalLogger.java:log(148)) - [id: 0x8eddcaa8, L:/0:0:0:0:0:0:0:0:15051] READ COMPLETE
2023-07-06 10:48:32,904 [IPC Server handler 15 on default port 15001] WARN  node.SCMNodeManager (SCMNodeManager.java:getNodesByAddress(1373)) - Cannot find node for address 127.0.0.1
2023-07-06 10:48:32,906 [IPC Server handler 19 on default port 15001] WARN  node.SCMNodeManager (SCMNodeManager.java:getNodesByAddress(1373)) - Cannot find node for address 127.0.0.1
2023-07-06 10:48:32,907 [IPC Server handler 7 on default port 15001] WARN  node.SCMNodeManager (SCMNodeManager.java:getNodesByAddress(1373)) - Cannot find node for address 127.0.0.1
2023-07-06 10:48:32,908 [IPC Server handler 4 on default port 15001] WARN  node.SCMNodeManager (SCMNodeManager.java:getNodesByAddress(1373)) - Cannot find node for address 127.0.0.1
2023-07-06 10:48:32,918 [IPC Server handler 12 on default port 15001] WARN  node.SCMNodeManager (SCMNodeManager.java:getNodesByAddress(1373)) - Cannot find node for address 127.0.0.1
2023-07-06 10:48:33,218 [kms-audit_thread] INFO  kms-audit (SimpleKMSAuditLogger.java:logAuditEvent(59)) - OK[op=GENERATE_EEK, key=key1, user=runner, accessCount=2, interval=10902ms] 
2023-07-06 10:48:34,214 [kms-audit_thread] INFO  kms-audit (SimpleKMSAuditLogger.java:logAuditEvent(59)) - OK[op=DECRYPT_EEK, key=key1, user=runner, accessCount=15, interval=10625ms] 
]]></system-out>
  </testcase>
  <testcase name="testMPUwithOneStreamPart" classname="TestOzoneAtRestEncryption" time="1.522">
    <system-out><![CDATA[2023-07-06 10:48:52,754 [main] INFO  rpc.RpcClient (RpcClient.java:createVolume(460)) - Creating Volume: 0ebebed4-32a9-474c-919e-0d049cbd1203, with runner as owner and space quota set to -1 bytes, counts quota set to -1
2023-07-06 10:48:52,758 [OM StateMachine ApplyTransaction Thread - 0] INFO  volume.OMVolumeCreateRequest (OMVolumeCreateRequest.java:validateAndUpdateCache(196)) - created volume:0ebebed4-32a9-474c-919e-0d049cbd1203 for user:runner
2023-07-06 10:48:52,761 [main] INFO  rpc.RpcClient (RpcClient.java:createBucket(687)) - Creating Bucket: 0ebebed4-32a9-474c-919e-0d049cbd1203/c63c8ebe-3110-4089-87ab-ea5ee20b7984, with bucket layout OBJECT_STORE, runner as owner, Versioning false, Storage Type set to DISK and Encryption set to true, Replication Type set to server-side default replication type, Namespace Quota set to -1, Space Quota set to -1 
2023-07-06 10:48:52,763 [qtp1221433900-18] INFO  kms-audit (SimpleKMSAuditLogger.java:logAuditSimpleFormat(93)) - OK[op=GET_METADATA, key=key1, user=runner] 
2023-07-06 10:48:52,766 [OM StateMachine ApplyTransaction Thread - 0] INFO  bucket.OMBucketCreateRequest (OMBucketCreateRequest.java:validateAndUpdateCache(270)) - created bucket: c63c8ebe-3110-4089-87ab-ea5ee20b7984 of layout OBJECT_STORE in volume: 0ebebed4-32a9-474c-919e-0d049cbd1203
2023-07-06 10:48:52,796 [qtp1221433900-17] ERROR generators.WadlGeneratorJAXBGrammarGenerator (WadlGeneratorJAXBGrammarGenerator.java:buildModelAndSchemas(207)) - Failed to generate the schema for the JAX-B elements
com.sun.xml.bind.v2.runtime.IllegalAnnotationsException: 1 counts of IllegalAnnotationExceptions
java.util.Map is an interface, and JAXB can't handle interfaces.
	this problem is related to the following location:
		at java.util.Map

	at com.sun.xml.bind.v2.runtime.IllegalAnnotationsException$Builder.check(IllegalAnnotationsException.java:106)
	at com.sun.xml.bind.v2.runtime.JAXBContextImpl.getTypeInfoSet(JAXBContextImpl.java:471)
	at com.sun.xml.bind.v2.runtime.JAXBContextImpl.<init>(JAXBContextImpl.java:303)
	at com.sun.xml.bind.v2.runtime.JAXBContextImpl.<init>(JAXBContextImpl.java:139)
	at com.sun.xml.bind.v2.runtime.JAXBContextImpl$JAXBContextBuilder.build(JAXBContextImpl.java:1156)
	at com.sun.xml.bind.v2.ContextFactory.createContext(ContextFactory.java:165)
	at sun.reflect.NativeMethodAccessorImpl.invoke0(Native Method)
	at sun.reflect.NativeMethodAccessorImpl.invoke(NativeMethodAccessorImpl.java:62)
	at sun.reflect.DelegatingMethodAccessorImpl.invoke(DelegatingMethodAccessorImpl.java:43)
	at java.lang.reflect.Method.invoke(Method.java:498)
	at javax.xml.bind.ContextFinder.newInstance(ContextFinder.java:247)
	at javax.xml.bind.ContextFinder.newInstance(ContextFinder.java:234)
	at javax.xml.bind.ContextFinder.find(ContextFinder.java:441)
	at javax.xml.bind.JAXBContext.newInstance(JAXBContext.java:641)
	at javax.xml.bind.JAXBContext.newInstance(JAXBContext.java:584)
	at com.sun.jersey.server.wadl.generators.WadlGeneratorJAXBGrammarGenerator.buildModelAndSchemas(WadlGeneratorJAXBGrammarGenerator.java:169)
	at com.sun.jersey.server.wadl.generators.AbstractWadlGeneratorGrammarGenerator.createExternalGrammar(AbstractWadlGeneratorGrammarGenerator.java:405)
	at com.sun.jersey.server.wadl.WadlBuilder.generate(WadlBuilder.java:149)
	at com.sun.jersey.server.impl.wadl.WadlApplicationContextImpl.getApplication(WadlApplicationContextImpl.java:119)
	at com.sun.jersey.server.impl.wadl.WadlApplicationContextImpl.getApplication(WadlApplicationContextImpl.java:138)
	at com.sun.jersey.server.impl.wadl.WadlMethodFactory$WadlOptionsMethodDispatcher.dispatch(WadlMethodFactory.java:110)
	at com.sun.jersey.server.impl.uri.rules.HttpMethodRule.accept(HttpMethodRule.java:302)
	at com.sun.jersey.server.impl.uri.rules.RightHandPathRule.accept(RightHandPathRule.java:147)
	at com.sun.jersey.server.impl.uri.rules.ResourceClassRule.accept(ResourceClassRule.java:108)
	at com.sun.jersey.server.impl.uri.rules.RightHandPathRule.accept(RightHandPathRule.java:147)
	at com.sun.jersey.server.impl.uri.rules.RootResourceClassesRule.accept(RootResourceClassesRule.java:84)
	at com.sun.jersey.server.impl.application.WebApplicationImpl._handleRequest(WebApplicationImpl.java:1542)
	at com.sun.jersey.server.impl.application.WebApplicationImpl._handleRequest(WebApplicationImpl.java:1473)
	at com.sun.jersey.server.impl.application.WebApplicationImpl.handleRequest(WebApplicationImpl.java:1419)
	at com.sun.jersey.server.impl.application.WebApplicationImpl.handleRequest(WebApplicationImpl.java:1409)
	at com.sun.jersey.spi.container.servlet.WebComponent.service(WebComponent.java:409)
	at com.sun.jersey.spi.container.servlet.ServletContainer.service(ServletContainer.java:558)
	at com.sun.jersey.spi.container.servlet.ServletContainer.service(ServletContainer.java:733)
	at javax.servlet.http.HttpServlet.service(HttpServlet.java:590)
	at org.eclipse.jetty.servlet.ServletHolder$NotAsync.service(ServletHolder.java:1459)
	at org.eclipse.jetty.servlet.ServletHolder.handle(ServletHolder.java:799)
	at org.eclipse.jetty.servlet.ServletHandler$ChainEnd.doFilter(ServletHandler.java:1656)
	at org.apache.hadoop.crypto.key.kms.server.KMSMDCFilter.doFilter(KMSMDCFilter.java:98)
	at org.eclipse.jetty.servlet.FilterHolder.doFilter(FilterHolder.java:193)
	at org.eclipse.jetty.servlet.ServletHandler$Chain.doFilter(ServletHandler.java:1626)
	at org.apache.hadoop.security.authentication.server.AuthenticationFilter.doFilter(AuthenticationFilter.java:650)
	at org.apache.hadoop.security.token.delegation.web.DelegationTokenAuthenticationFilter.doFilter(DelegationTokenAuthenticationFilter.java:305)
	at org.apache.hadoop.security.authentication.server.AuthenticationFilter.doFilter(AuthenticationFilter.java:592)
	at org.apache.hadoop.crypto.key.kms.server.KMSAuthenticationFilter.doFilter(KMSAuthenticationFilter.java:162)
	at org.eclipse.jetty.servlet.FilterHolder.doFilter(FilterHolder.java:201)
	at org.eclipse.jetty.servlet.ServletHandler$Chain.doFilter(ServletHandler.java:1626)
	at org.apache.hadoop.http.lib.StaticUserWebFilter$StaticUserFilter.doFilter(StaticUserWebFilter.java:110)
	at org.eclipse.jetty.servlet.FilterHolder.doFilter(FilterHolder.java:193)
	at org.eclipse.jetty.servlet.ServletHandler$Chain.doFilter(ServletHandler.java:1626)
	at org.apache.hadoop.http.HttpServer2$QuotingInputFilter.doFilter(HttpServer2.java:1794)
	at org.eclipse.jetty.servlet.FilterHolder.doFilter(FilterHolder.java:193)
	at org.eclipse.jetty.servlet.ServletHandler$Chain.doFilter(ServletHandler.java:1626)
	at org.apache.hadoop.http.NoCacheFilter.doFilter(NoCacheFilter.java:45)
	at org.eclipse.jetty.servlet.FilterHolder.doFilter(FilterHolder.java:193)
	at org.eclipse.jetty.servlet.ServletHandler$Chain.doFilter(ServletHandler.java:1626)
	at org.eclipse.jetty.servlet.ServletHandler.doHandle(ServletHandler.java:552)
	at org.eclipse.jetty.server.handler.ScopedHandler.handle(ScopedHandler.java:143)
	at org.eclipse.jetty.security.SecurityHandler.handle(SecurityHandler.java:600)
	at org.eclipse.jetty.server.handler.HandlerWrapper.handle(HandlerWrapper.java:127)
	at org.eclipse.jetty.server.handler.ScopedHandler.nextHandle(ScopedHandler.java:235)
	at org.eclipse.jetty.server.session.SessionHandler.doHandle(SessionHandler.java:1624)
	at org.eclipse.jetty.server.handler.ScopedHandler.nextHandle(ScopedHandler.java:233)
	at org.eclipse.jetty.server.handler.ContextHandler.doHandle(ContextHandler.java:1440)
	at org.eclipse.jetty.server.handler.ScopedHandler.nextScope(ScopedHandler.java:188)
	at org.eclipse.jetty.servlet.ServletHandler.doScope(ServletHandler.java:505)
	at org.eclipse.jetty.server.session.SessionHandler.doScope(SessionHandler.java:1594)
	at org.eclipse.jetty.server.handler.ScopedHandler.nextScope(ScopedHandler.java:186)
	at org.eclipse.jetty.server.handler.ContextHandler.doScope(ContextHandler.java:1355)
	at org.eclipse.jetty.server.handler.ScopedHandler.handle(ScopedHandler.java:141)
	at org.eclipse.jetty.server.handler.HandlerCollection.handle(HandlerCollection.java:146)
	at org.eclipse.jetty.server.handler.HandlerWrapper.handle(HandlerWrapper.java:127)
	at org.eclipse.jetty.server.Server.handle(Server.java:512)
	at org.eclipse.jetty.server.HttpChannel.lambda$handle$1(HttpChannel.java:487)
	at org.eclipse.jetty.server.HttpChannel.dispatch(HttpChannel.java:732)
	at org.eclipse.jetty.server.HttpChannel.handle(HttpChannel.java:479)
	at org.eclipse.jetty.server.HttpConnection.onFillable(HttpConnection.java:277)
	at org.eclipse.jetty.io.AbstractConnection$ReadCallback.succeeded(AbstractConnection.java:311)
	at org.eclipse.jetty.io.FillInterest.fillable(FillInterest.java:105)
	at org.eclipse.jetty.io.ChannelEndPoint$1.run(ChannelEndPoint.java:104)
	at org.eclipse.jetty.util.thread.strategy.EatWhatYouKill.runTask(EatWhatYouKill.java:338)
	at org.eclipse.jetty.util.thread.strategy.EatWhatYouKill.doProduce(EatWhatYouKill.java:315)
	at org.eclipse.jetty.util.thread.strategy.EatWhatYouKill.tryProduce(EatWhatYouKill.java:173)
	at org.eclipse.jetty.util.thread.strategy.EatWhatYouKill.run(EatWhatYouKill.java:131)
	at org.eclipse.jetty.util.thread.ReservedThreadExecutor$ReservedThread.run(ReservedThreadExecutor.java:409)
	at org.eclipse.jetty.util.thread.QueuedThreadPool.runJob(QueuedThreadPool.java:883)
	at org.eclipse.jetty.util.thread.QueuedThreadPool$Runner.run(QueuedThreadPool.java:1034)
	at java.lang.Thread.run(Thread.java:750)
2023-07-06 10:48:52,797 [qtp1221433900-17] INFO  generators.AbstractWadlGeneratorGrammarGenerator (AbstractWadlGeneratorGrammarGenerator.java:attachTypes(479)) - Couldn't find grammar element for class javax.ws.rs.core.Response
2023-07-06 10:48:52,798 [qtp1221433900-17] INFO  generators.AbstractWadlGeneratorGrammarGenerator (AbstractWadlGeneratorGrammarGenerator.java:attachTypes(479)) - Couldn't find grammar element for class java.util.Map
2023-07-06 10:48:52,798 [qtp1221433900-17] INFO  generators.AbstractWadlGeneratorGrammarGenerator (AbstractWadlGeneratorGrammarGenerator.java:attachTypes(479)) - Couldn't find grammar element for class java.util.Map
2023-07-06 10:48:52,798 [qtp1221433900-17] INFO  generators.AbstractWadlGeneratorGrammarGenerator (AbstractWadlGeneratorGrammarGenerator.java:attachTypes(479)) - Couldn't find grammar element for class javax.ws.rs.core.Response
2023-07-06 10:48:52,798 [qtp1221433900-17] INFO  generators.AbstractWadlGeneratorGrammarGenerator (AbstractWadlGeneratorGrammarGenerator.java:attachTypes(479)) - Couldn't find grammar element for class java.util.Map
2023-07-06 10:48:52,798 [qtp1221433900-17] INFO  generators.AbstractWadlGeneratorGrammarGenerator (AbstractWadlGeneratorGrammarGenerator.java:attachTypes(479)) - Couldn't find grammar element for class java.util.Map
2023-07-06 10:48:52,798 [qtp1221433900-17] INFO  generators.AbstractWadlGeneratorGrammarGenerator (AbstractWadlGeneratorGrammarGenerator.java:attachTypes(479)) - Couldn't find grammar element for class javax.ws.rs.core.Response
2023-07-06 10:48:52,802 [qtp1221433900-17] INFO  generators.AbstractWadlGeneratorGrammarGenerator (AbstractWadlGeneratorGrammarGenerator.java:attachTypes(479)) - Couldn't find grammar element for class java.util.Map
2023-07-06 10:48:52,831 [main] INFO  client.DataStreamClient (ConfUtils.java:logGet(46)) - raft.datastream.type = NETTY (custom)
2023-07-06 10:48:52,831 [main] INFO  netty.NettyConfigKeys$DataStream (ConfUtils.java:logGet(46)) - raft.netty.dataStream.client.tls.conf = null (default)
2023-07-06 10:48:52,831 [main] INFO  netty.NettyConfigKeys$DataStream (ConfUtils.java:logGet(46)) - raft.netty.dataStream.client.reply.queue.grace-period = 1s (default)
2023-07-06 10:48:52,831 [main] INFO  netty.NettyConfigKeys$DataStream (ConfUtils.java:logGet(46)) - raft.netty.dataStream.client.worker-group.share = false (default)
2023-07-06 10:48:52,832 [main] INFO  netty.NettyConfigKeys$DataStream (ConfUtils.java:logGet(46)) - raft.netty.dataStream.client.worker-group.size = 4 (default)
2023-07-06 10:48:52,840 [b02eaa79-f692-4c53-b57d-37cb88368c79-NettyServerStreamRpc-bossGroup--thread1] INFO  logging.LoggingHandler (AbstractInternalLogger.java:log(148)) - [id: 0x9d50eed5, L:/0:0:0:0:0:0:0:0:15033] READ: [id: 0xd5206593, L:/10.1.0.19:15033 - R:/10.1.0.19:55104]
2023-07-06 10:48:52,849 [b02eaa79-f692-4c53-b57d-37cb88368c79-NettyServerStreamRpc-bossGroup--thread1] INFO  logging.LoggingHandler (AbstractInternalLogger.java:log(148)) - [id: 0x9d50eed5, L:/0:0:0:0:0:0:0:0:15033] READ COMPLETE
2023-07-06 10:48:52,927 [main] INFO  client.DataStreamClient (ConfUtils.java:logGet(46)) - raft.datastream.type = NETTY (custom)
2023-07-06 10:48:52,927 [main] INFO  netty.NettyConfigKeys$DataStream (ConfUtils.java:logGet(46)) - raft.netty.dataStream.client.tls.conf = null (default)
2023-07-06 10:48:52,928 [main] INFO  netty.NettyConfigKeys$DataStream (ConfUtils.java:logGet(46)) - raft.netty.dataStream.client.reply.queue.grace-period = 1s (default)
2023-07-06 10:48:52,928 [main] INFO  netty.NettyConfigKeys$DataStream (ConfUtils.java:logGet(46)) - raft.netty.dataStream.client.worker-group.share = false (default)
2023-07-06 10:48:52,928 [main] INFO  netty.NettyConfigKeys$DataStream (ConfUtils.java:logGet(46)) - raft.netty.dataStream.client.worker-group.size = 4 (default)
2023-07-06 10:48:52,941 [c18b64c4-7b5c-4e0a-b26c-2daf5f5ffc53-NettyServerStreamRpc-bossGroup--thread1] INFO  logging.LoggingHandler (AbstractInternalLogger.java:log(148)) - [id: 0x9292a9eb, L:/0:0:0:0:0:0:0:0:15015] READ: [id: 0x439b4a16, L:/10.1.0.19:15015 - R:/10.1.0.19:51850]
2023-07-06 10:48:52,947 [c18b64c4-7b5c-4e0a-b26c-2daf5f5ffc53-NettyServerStreamRpc-bossGroup--thread1] INFO  logging.LoggingHandler (AbstractInternalLogger.java:log(148)) - [id: 0x9292a9eb, L:/0:0:0:0:0:0:0:0:15015] READ COMPLETE
2023-07-06 10:48:53,039 [main] INFO  client.DataStreamClient (ConfUtils.java:logGet(46)) - raft.datastream.type = NETTY (custom)
2023-07-06 10:48:53,043 [main] INFO  netty.NettyConfigKeys$DataStream (ConfUtils.java:logGet(46)) - raft.netty.dataStream.client.tls.conf = null (default)
2023-07-06 10:48:53,043 [main] INFO  netty.NettyConfigKeys$DataStream (ConfUtils.java:logGet(46)) - raft.netty.dataStream.client.reply.queue.grace-period = 1s (default)
2023-07-06 10:48:53,043 [main] INFO  netty.NettyConfigKeys$DataStream (ConfUtils.java:logGet(46)) - raft.netty.dataStream.client.worker-group.share = false (default)
2023-07-06 10:48:53,043 [main] INFO  netty.NettyConfigKeys$DataStream (ConfUtils.java:logGet(46)) - raft.netty.dataStream.client.worker-group.size = 4 (default)
2023-07-06 10:48:53,052 [d375daab-0aec-4ab2-a7ca-6760e990c046-NettyServerStreamRpc-bossGroup--thread1] INFO  logging.LoggingHandler (AbstractInternalLogger.java:log(148)) - [id: 0xf912f349, L:/0:0:0:0:0:0:0:0:15042] READ: [id: 0xf139a487, L:/10.1.0.19:15042 - R:/10.1.0.19:57602]
2023-07-06 10:48:53,053 [d375daab-0aec-4ab2-a7ca-6760e990c046-NettyServerStreamRpc-bossGroup--thread1] INFO  logging.LoggingHandler (AbstractInternalLogger.java:log(148)) - [id: 0xf912f349, L:/0:0:0:0:0:0:0:0:15042] READ COMPLETE
2023-07-06 10:48:53,117 [main] INFO  client.DataStreamClient (ConfUtils.java:logGet(46)) - raft.datastream.type = NETTY (custom)
2023-07-06 10:48:53,122 [main] INFO  netty.NettyConfigKeys$DataStream (ConfUtils.java:logGet(46)) - raft.netty.dataStream.client.tls.conf = null (default)
2023-07-06 10:48:53,122 [main] INFO  netty.NettyConfigKeys$DataStream (ConfUtils.java:logGet(46)) - raft.netty.dataStream.client.reply.queue.grace-period = 1s (default)
2023-07-06 10:48:53,122 [main] INFO  netty.NettyConfigKeys$DataStream (ConfUtils.java:logGet(46)) - raft.netty.dataStream.client.worker-group.share = false (default)
2023-07-06 10:48:53,122 [main] INFO  netty.NettyConfigKeys$DataStream (ConfUtils.java:logGet(46)) - raft.netty.dataStream.client.worker-group.size = 4 (default)
2023-07-06 10:48:53,132 [5a53f96e-bd62-406a-bc4f-c3e0845cabf5-NettyServerStreamRpc-bossGroup--thread1] INFO  logging.LoggingHandler (AbstractInternalLogger.java:log(148)) - [id: 0x1f45d2dc, L:/0:0:0:0:0:0:0:0:15060] READ: [id: 0xe2b313bc, L:/10.1.0.19:15060 - R:/10.1.0.19:34814]
2023-07-06 10:48:53,134 [5a53f96e-bd62-406a-bc4f-c3e0845cabf5-NettyServerStreamRpc-bossGroup--thread1] INFO  logging.LoggingHandler (AbstractInternalLogger.java:log(148)) - [id: 0x1f45d2dc, L:/0:0:0:0:0:0:0:0:15060] READ COMPLETE
2023-07-06 10:48:53,181 [IPC Server handler 3 on default port 15001] WARN  node.SCMNodeManager (SCMNodeManager.java:getNodesByAddress(1373)) - Cannot find node for address 127.0.0.1
2023-07-06 10:48:53,182 [IPC Server handler 18 on default port 15001] WARN  node.SCMNodeManager (SCMNodeManager.java:getNodesByAddress(1373)) - Cannot find node for address 127.0.0.1
2023-07-06 10:48:53,182 [IPC Server handler 5 on default port 15001] WARN  node.SCMNodeManager (SCMNodeManager.java:getNodesByAddress(1373)) - Cannot find node for address 127.0.0.1
2023-07-06 10:48:53,183 [IPC Server handler 15 on default port 15001] WARN  node.SCMNodeManager (SCMNodeManager.java:getNodesByAddress(1373)) - Cannot find node for address 127.0.0.1
]]></system-out>
  </testcase>
  <testcase name="testMPUwithThreePartsOverride" classname="TestOzoneAtRestEncryption" time="4.876">
    <system-out><![CDATA[2023-07-06 10:48:35,352 [main] INFO  rpc.RpcClient (RpcClient.java:createVolume(460)) - Creating Volume: 5a1d3417-a9e0-423d-8c30-1da0313e85f9, with runner as owner and space quota set to -1 bytes, counts quota set to -1
2023-07-06 10:48:35,357 [OM StateMachine ApplyTransaction Thread - 0] INFO  volume.OMVolumeCreateRequest (OMVolumeCreateRequest.java:validateAndUpdateCache(196)) - created volume:5a1d3417-a9e0-423d-8c30-1da0313e85f9 for user:runner
2023-07-06 10:48:35,360 [main] INFO  rpc.RpcClient (RpcClient.java:createBucket(687)) - Creating Bucket: 5a1d3417-a9e0-423d-8c30-1da0313e85f9/959f3d55-641a-4f88-8db7-6fffafefb8de, with bucket layout FILE_SYSTEM_OPTIMIZED, runner as owner, Versioning false, Storage Type set to DISK and Encryption set to true, Replication Type set to server-side default replication type, Namespace Quota set to -1, Space Quota set to -1 
2023-07-06 10:48:35,376 [qtp1221433900-18] INFO  kms-audit (SimpleKMSAuditLogger.java:logAuditSimpleFormat(93)) - OK[op=GET_METADATA, key=key1, user=runner] 
2023-07-06 10:48:35,381 [OM StateMachine ApplyTransaction Thread - 0] INFO  bucket.OMBucketCreateRequest (OMBucketCreateRequest.java:validateAndUpdateCache(270)) - created bucket: 959f3d55-641a-4f88-8db7-6fffafefb8de of layout FILE_SYSTEM_OPTIMIZED in volume: 5a1d3417-a9e0-423d-8c30-1da0313e85f9
2023-07-06 10:48:36,708 [OM StateMachine ApplyTransaction Thread - 0] DEBUG db.CodecBuffer (CodecBuffer.java:setCapacity(212)) - setCapacity: 4096 -> 10925, max=2147483647
2023-07-06 10:48:36,719 [OM StateMachine ApplyTransaction Thread - 0] DEBUG db.CodecBuffer (CodecBuffer.java:setCapacity(212)) - setCapacity: 4096 -> 20609, max=2147483647
2023-07-06 10:48:36,732 [IPC Server handler 12 on default port 15001] WARN  node.SCMNodeManager (SCMNodeManager.java:getNodesByAddress(1373)) - Cannot find node for address 127.0.0.1
2023-07-06 10:48:36,734 [IPC Server handler 9 on default port 15001] WARN  node.SCMNodeManager (SCMNodeManager.java:getNodesByAddress(1373)) - Cannot find node for address 127.0.0.1
2023-07-06 10:48:36,736 [IPC Server handler 0 on default port 15001] WARN  node.SCMNodeManager (SCMNodeManager.java:getNodesByAddress(1373)) - Cannot find node for address 127.0.0.1
2023-07-06 10:48:36,737 [IPC Server handler 13 on default port 15001] WARN  node.SCMNodeManager (SCMNodeManager.java:getNodesByAddress(1373)) - Cannot find node for address 127.0.0.1
2023-07-06 10:48:36,738 [IPC Server handler 2 on default port 15001] WARN  node.SCMNodeManager (SCMNodeManager.java:getNodesByAddress(1373)) - Cannot find node for address 127.0.0.1
2023-07-06 10:48:36,738 [IPC Server handler 8 on default port 15001] WARN  node.SCMNodeManager (SCMNodeManager.java:getNodesByAddress(1373)) - Cannot find node for address 127.0.0.1
2023-07-06 10:48:36,739 [IPC Server handler 10 on default port 15001] WARN  node.SCMNodeManager (SCMNodeManager.java:getNodesByAddress(1373)) - Cannot find node for address 127.0.0.1
2023-07-06 10:48:36,740 [IPC Server handler 16 on default port 15001] WARN  node.SCMNodeManager (SCMNodeManager.java:getNodesByAddress(1373)) - Cannot find node for address 127.0.0.1
2023-07-06 10:48:36,741 [IPC Server handler 14 on default port 15001] WARN  node.SCMNodeManager (SCMNodeManager.java:getNodesByAddress(1373)) - Cannot find node for address 127.0.0.1
2023-07-06 10:48:36,742 [IPC Server handler 6 on default port 15001] WARN  node.SCMNodeManager (SCMNodeManager.java:getNodesByAddress(1373)) - Cannot find node for address 127.0.0.1
2023-07-06 10:48:39,181 [OM StateMachine ApplyTransaction Thread - 0] DEBUG db.CodecBuffer (CodecBuffer.java:setCapacity(212)) - setCapacity: 4096 -> 10936, max=2147483647
2023-07-06 10:48:39,194 [OM StateMachine ApplyTransaction Thread - 0] DEBUG db.CodecBuffer (CodecBuffer.java:setCapacity(212)) - setCapacity: 4096 -> 20631, max=2147483647
2023-07-06 10:48:39,216 [IPC Server handler 13 on default port 15001] WARN  node.SCMNodeManager (SCMNodeManager.java:getNodesByAddress(1373)) - Cannot find node for address 127.0.0.1
2023-07-06 10:48:39,217 [IPC Server handler 2 on default port 15001] WARN  node.SCMNodeManager (SCMNodeManager.java:getNodesByAddress(1373)) - Cannot find node for address 127.0.0.1
2023-07-06 10:48:39,218 [IPC Server handler 8 on default port 15001] WARN  node.SCMNodeManager (SCMNodeManager.java:getNodesByAddress(1373)) - Cannot find node for address 127.0.0.1
2023-07-06 10:48:39,220 [IPC Server handler 10 on default port 15001] WARN  node.SCMNodeManager (SCMNodeManager.java:getNodesByAddress(1373)) - Cannot find node for address 127.0.0.1
2023-07-06 10:48:39,221 [IPC Server handler 16 on default port 15001] WARN  node.SCMNodeManager (SCMNodeManager.java:getNodesByAddress(1373)) - Cannot find node for address 127.0.0.1
2023-07-06 10:48:39,222 [IPC Server handler 14 on default port 15001] WARN  node.SCMNodeManager (SCMNodeManager.java:getNodesByAddress(1373)) - Cannot find node for address 127.0.0.1
2023-07-06 10:48:39,223 [IPC Server handler 6 on default port 15001] WARN  node.SCMNodeManager (SCMNodeManager.java:getNodesByAddress(1373)) - Cannot find node for address 127.0.0.1
2023-07-06 10:48:39,224 [IPC Server handler 17 on default port 15001] WARN  node.SCMNodeManager (SCMNodeManager.java:getNodesByAddress(1373)) - Cannot find node for address 127.0.0.1
2023-07-06 10:48:39,226 [IPC Server handler 11 on default port 15001] WARN  node.SCMNodeManager (SCMNodeManager.java:getNodesByAddress(1373)) - Cannot find node for address 127.0.0.1
]]></system-out>
  </testcase>
  <testcase name="testMPUwithThreePartsOverride" classname="TestOzoneAtRestEncryption" time="3.666">
    <system-out><![CDATA[2023-07-06 10:48:54,278 [main] INFO  rpc.RpcClient (RpcClient.java:createVolume(460)) - Creating Volume: 77b3e2dc-29c1-49a9-a3c2-262a7ee93a34, with runner as owner and space quota set to -1 bytes, counts quota set to -1
2023-07-06 10:48:54,282 [OM StateMachine ApplyTransaction Thread - 0] INFO  volume.OMVolumeCreateRequest (OMVolumeCreateRequest.java:validateAndUpdateCache(196)) - created volume:77b3e2dc-29c1-49a9-a3c2-262a7ee93a34 for user:runner
2023-07-06 10:48:54,287 [main] INFO  rpc.RpcClient (RpcClient.java:createBucket(687)) - Creating Bucket: 77b3e2dc-29c1-49a9-a3c2-262a7ee93a34/eab23f3d-9f05-4f5f-9e5f-23b03de2a80d, with bucket layout OBJECT_STORE, runner as owner, Versioning false, Storage Type set to DISK and Encryption set to true, Replication Type set to server-side default replication type, Namespace Quota set to -1, Space Quota set to -1 
2023-07-06 10:48:54,303 [qtp1221433900-18] INFO  kms-audit (SimpleKMSAuditLogger.java:logAuditSimpleFormat(93)) - OK[op=GET_METADATA, key=key1, user=runner] 
2023-07-06 10:48:54,310 [OM StateMachine ApplyTransaction Thread - 0] INFO  bucket.OMBucketCreateRequest (OMBucketCreateRequest.java:validateAndUpdateCache(270)) - created bucket: eab23f3d-9f05-4f5f-9e5f-23b03de2a80d of layout OBJECT_STORE in volume: 77b3e2dc-29c1-49a9-a3c2-262a7ee93a34
2023-07-06 10:48:55,124 [OM StateMachine ApplyTransaction Thread - 0] DEBUG db.CodecBuffer (CodecBuffer.java:setCapacity(212)) - setCapacity: 4096 -> 10923, max=2147483647
2023-07-06 10:48:55,130 [OM StateMachine ApplyTransaction Thread - 0] DEBUG db.CodecBuffer (CodecBuffer.java:setCapacity(212)) - setCapacity: 4096 -> 20614, max=2147483647
2023-07-06 10:48:55,136 [IPC Server handler 2 on default port 15001] WARN  node.SCMNodeManager (SCMNodeManager.java:getNodesByAddress(1373)) - Cannot find node for address 127.0.0.1
2023-07-06 10:48:55,136 [IPC Server handler 10 on default port 15001] WARN  node.SCMNodeManager (SCMNodeManager.java:getNodesByAddress(1373)) - Cannot find node for address 127.0.0.1
2023-07-06 10:48:55,137 [IPC Server handler 16 on default port 15001] WARN  node.SCMNodeManager (SCMNodeManager.java:getNodesByAddress(1373)) - Cannot find node for address 127.0.0.1
2023-07-06 10:48:55,138 [IPC Server handler 13 on default port 15001] WARN  node.SCMNodeManager (SCMNodeManager.java:getNodesByAddress(1373)) - Cannot find node for address 127.0.0.1
2023-07-06 10:48:55,138 [IPC Server handler 0 on default port 15001] WARN  node.SCMNodeManager (SCMNodeManager.java:getNodesByAddress(1373)) - Cannot find node for address 127.0.0.1
2023-07-06 10:48:55,139 [IPC Server handler 6 on default port 15001] WARN  node.SCMNodeManager (SCMNodeManager.java:getNodesByAddress(1373)) - Cannot find node for address 127.0.0.1
2023-07-06 10:48:55,140 [IPC Server handler 11 on default port 15001] WARN  node.SCMNodeManager (SCMNodeManager.java:getNodesByAddress(1373)) - Cannot find node for address 127.0.0.1
2023-07-06 10:48:55,140 [IPC Server handler 17 on default port 15001] WARN  node.SCMNodeManager (SCMNodeManager.java:getNodesByAddress(1373)) - Cannot find node for address 127.0.0.1
2023-07-06 10:48:55,141 [IPC Server handler 1 on default port 15001] WARN  node.SCMNodeManager (SCMNodeManager.java:getNodesByAddress(1373)) - Cannot find node for address 127.0.0.1
2023-07-06 10:48:55,142 [IPC Server handler 3 on default port 15001] WARN  node.SCMNodeManager (SCMNodeManager.java:getNodesByAddress(1373)) - Cannot find node for address 127.0.0.1
2023-07-06 10:48:55,147 [qtp1221433900-22] INFO  kms-audit (SimpleKMSAuditLogger.java:logAuditEvent(59)) - OK[op=DECRYPT_EEK, key=key1, user=runner, accessCount=26, interval=31558ms] 
2023-07-06 10:48:55,147 [qtp1221433900-22] INFO  kms-audit (SimpleKMSAuditLogger.java:logAuditEvent(59)) - OK[op=DECRYPT_EEK, key=key1, user=runner, accessCount=1, interval=0ms] 
2023-07-06 10:48:56,687 [OM StateMachine ApplyTransaction Thread - 0] DEBUG db.CodecBuffer (CodecBuffer.java:setCapacity(212)) - setCapacity: 4096 -> 10913, max=2147483647
2023-07-06 10:48:56,694 [OM StateMachine ApplyTransaction Thread - 0] DEBUG db.CodecBuffer (CodecBuffer.java:setCapacity(212)) - setCapacity: 4096 -> 20604, max=2147483647
2023-07-06 10:48:56,700 [IPC Server handler 15 on default port 15001] WARN  node.SCMNodeManager (SCMNodeManager.java:getNodesByAddress(1373)) - Cannot find node for address 127.0.0.1
2023-07-06 10:48:56,701 [IPC Server handler 19 on default port 15001] WARN  node.SCMNodeManager (SCMNodeManager.java:getNodesByAddress(1373)) - Cannot find node for address 127.0.0.1
2023-07-06 10:48:56,702 [IPC Server handler 7 on default port 15001] WARN  node.SCMNodeManager (SCMNodeManager.java:getNodesByAddress(1373)) - Cannot find node for address 127.0.0.1
2023-07-06 10:48:56,703 [IPC Server handler 4 on default port 15001] WARN  node.SCMNodeManager (SCMNodeManager.java:getNodesByAddress(1373)) - Cannot find node for address 127.0.0.1
2023-07-06 10:48:56,703 [IPC Server handler 12 on default port 15001] WARN  node.SCMNodeManager (SCMNodeManager.java:getNodesByAddress(1373)) - Cannot find node for address 127.0.0.1
2023-07-06 10:48:56,704 [IPC Server handler 9 on default port 15001] WARN  node.SCMNodeManager (SCMNodeManager.java:getNodesByAddress(1373)) - Cannot find node for address 127.0.0.1
2023-07-06 10:48:56,705 [IPC Server handler 8 on default port 15001] WARN  node.SCMNodeManager (SCMNodeManager.java:getNodesByAddress(1373)) - Cannot find node for address 127.0.0.1
2023-07-06 10:48:56,705 [IPC Server handler 14 on default port 15001] WARN  node.SCMNodeManager (SCMNodeManager.java:getNodesByAddress(1373)) - Cannot find node for address 127.0.0.1
2023-07-06 10:48:56,706 [IPC Server handler 2 on default port 15001] WARN  node.SCMNodeManager (SCMNodeManager.java:getNodesByAddress(1373)) - Cannot find node for address 127.0.0.1
2023-07-06 10:48:56,707 [IPC Server handler 10 on default port 15001] WARN  node.SCMNodeManager (SCMNodeManager.java:getNodesByAddress(1373)) - Cannot find node for address 127.0.0.1
]]></system-out>
  </testcase>
  <testcase name="testMPUwithTwoStreamParts" classname="TestOzoneAtRestEncryption" time="2.951">
    <system-out><![CDATA[2023-07-06 10:48:40,229 [main] INFO  rpc.RpcClient (RpcClient.java:createVolume(460)) - Creating Volume: 3ef6b7c6-221a-48d1-a689-9562ea5a2ed6, with runner as owner and space quota set to -1 bytes, counts quota set to -1
2023-07-06 10:48:40,236 [OM StateMachine ApplyTransaction Thread - 0] INFO  volume.OMVolumeCreateRequest (OMVolumeCreateRequest.java:validateAndUpdateCache(196)) - created volume:3ef6b7c6-221a-48d1-a689-9562ea5a2ed6 for user:runner
2023-07-06 10:48:40,239 [main] INFO  rpc.RpcClient (RpcClient.java:createBucket(687)) - Creating Bucket: 3ef6b7c6-221a-48d1-a689-9562ea5a2ed6/1c247796-9068-47cb-8b44-a9b43b013f41, with bucket layout FILE_SYSTEM_OPTIMIZED, runner as owner, Versioning false, Storage Type set to DISK and Encryption set to true, Replication Type set to server-side default replication type, Namespace Quota set to -1, Space Quota set to -1 
2023-07-06 10:48:40,242 [qtp1221433900-18] INFO  kms-audit (SimpleKMSAuditLogger.java:logAuditSimpleFormat(93)) - OK[op=GET_METADATA, key=key1, user=runner] 
2023-07-06 10:48:40,246 [OM StateMachine ApplyTransaction Thread - 0] INFO  bucket.OMBucketCreateRequest (OMBucketCreateRequest.java:validateAndUpdateCache(270)) - created bucket: 1c247796-9068-47cb-8b44-a9b43b013f41 of layout FILE_SYSTEM_OPTIMIZED in volume: 3ef6b7c6-221a-48d1-a689-9562ea5a2ed6
2023-07-06 10:48:40,434 [main] INFO  client.DataStreamClient (ConfUtils.java:logGet(46)) - raft.datastream.type = NETTY (custom)
2023-07-06 10:48:40,435 [main] INFO  netty.NettyConfigKeys$DataStream (ConfUtils.java:logGet(46)) - raft.netty.dataStream.client.tls.conf = null (default)
2023-07-06 10:48:40,435 [main] INFO  netty.NettyConfigKeys$DataStream (ConfUtils.java:logGet(46)) - raft.netty.dataStream.client.reply.queue.grace-period = 1s (default)
2023-07-06 10:48:40,435 [main] INFO  netty.NettyConfigKeys$DataStream (ConfUtils.java:logGet(46)) - raft.netty.dataStream.client.worker-group.share = false (default)
2023-07-06 10:48:40,436 [main] INFO  netty.NettyConfigKeys$DataStream (ConfUtils.java:logGet(46)) - raft.netty.dataStream.client.worker-group.size = 4 (default)
2023-07-06 10:48:40,447 [afdb1d22-58a1-4785-9bfd-1bd49c8784e6-NettyServerStreamRpc-bossGroup--thread1] INFO  logging.LoggingHandler (AbstractInternalLogger.java:log(148)) - [id: 0xaec098a8, L:/0:0:0:0:0:0:0:0:15078] READ: [id: 0xa1d63696, L:/10.1.0.19:15078 - R:/10.1.0.19:42034]
2023-07-06 10:48:40,455 [afdb1d22-58a1-4785-9bfd-1bd49c8784e6-NettyServerStreamRpc-bossGroup--thread1] INFO  logging.LoggingHandler (AbstractInternalLogger.java:log(148)) - [id: 0xaec098a8, L:/0:0:0:0:0:0:0:0:15078] READ COMPLETE
2023-07-06 10:48:40,917 [main] INFO  client.DataStreamClient (ConfUtils.java:logGet(46)) - raft.datastream.type = NETTY (custom)
2023-07-06 10:48:40,917 [main] INFO  netty.NettyConfigKeys$DataStream (ConfUtils.java:logGet(46)) - raft.netty.dataStream.client.tls.conf = null (default)
2023-07-06 10:48:40,917 [main] INFO  netty.NettyConfigKeys$DataStream (ConfUtils.java:logGet(46)) - raft.netty.dataStream.client.reply.queue.grace-period = 1s (default)
2023-07-06 10:48:40,918 [main] INFO  netty.NettyConfigKeys$DataStream (ConfUtils.java:logGet(46)) - raft.netty.dataStream.client.worker-group.share = false (default)
2023-07-06 10:48:40,918 [main] INFO  netty.NettyConfigKeys$DataStream (ConfUtils.java:logGet(46)) - raft.netty.dataStream.client.worker-group.size = 4 (default)
2023-07-06 10:48:40,928 [c18b64c4-7b5c-4e0a-b26c-2daf5f5ffc53-NettyServerStreamRpc-bossGroup--thread1] INFO  logging.LoggingHandler (AbstractInternalLogger.java:log(148)) - [id: 0x9292a9eb, L:/0:0:0:0:0:0:0:0:15015] READ: [id: 0x3a8b43af, L:/10.1.0.19:15015 - R:/10.1.0.19:49262]
2023-07-06 10:48:40,929 [c18b64c4-7b5c-4e0a-b26c-2daf5f5ffc53-NettyServerStreamRpc-bossGroup--thread1] INFO  logging.LoggingHandler (AbstractInternalLogger.java:log(148)) - [id: 0x9292a9eb, L:/0:0:0:0:0:0:0:0:15015] READ COMPLETE
2023-07-06 10:48:41,017 [main] INFO  client.DataStreamClient (ConfUtils.java:logGet(46)) - raft.datastream.type = NETTY (custom)
2023-07-06 10:48:41,018 [main] INFO  netty.NettyConfigKeys$DataStream (ConfUtils.java:logGet(46)) - raft.netty.dataStream.client.tls.conf = null (default)
2023-07-06 10:48:41,018 [main] INFO  netty.NettyConfigKeys$DataStream (ConfUtils.java:logGet(46)) - raft.netty.dataStream.client.reply.queue.grace-period = 1s (default)
2023-07-06 10:48:41,018 [main] INFO  netty.NettyConfigKeys$DataStream (ConfUtils.java:logGet(46)) - raft.netty.dataStream.client.worker-group.share = false (default)
2023-07-06 10:48:41,018 [main] INFO  netty.NettyConfigKeys$DataStream (ConfUtils.java:logGet(46)) - raft.netty.dataStream.client.worker-group.size = 4 (default)
2023-07-06 10:48:41,024 [5a53f96e-bd62-406a-bc4f-c3e0845cabf5-NettyServerStreamRpc-bossGroup--thread1] INFO  logging.LoggingHandler (AbstractInternalLogger.java:log(148)) - [id: 0x1f45d2dc, L:/0:0:0:0:0:0:0:0:15060] READ: [id: 0x083c6e75, L:/10.1.0.19:15060 - R:/10.1.0.19:46442]
2023-07-06 10:48:41,029 [5a53f96e-bd62-406a-bc4f-c3e0845cabf5-NettyServerStreamRpc-bossGroup--thread1] INFO  logging.LoggingHandler (AbstractInternalLogger.java:log(148)) - [id: 0x1f45d2dc, L:/0:0:0:0:0:0:0:0:15060] READ COMPLETE
2023-07-06 10:48:41,178 [main] INFO  client.DataStreamClient (ConfUtils.java:logGet(46)) - raft.datastream.type = NETTY (custom)
2023-07-06 10:48:41,178 [main] INFO  netty.NettyConfigKeys$DataStream (ConfUtils.java:logGet(46)) - raft.netty.dataStream.client.tls.conf = null (default)
2023-07-06 10:48:41,178 [main] INFO  netty.NettyConfigKeys$DataStream (ConfUtils.java:logGet(46)) - raft.netty.dataStream.client.reply.queue.grace-period = 1s (default)
2023-07-06 10:48:41,179 [main] INFO  netty.NettyConfigKeys$DataStream (ConfUtils.java:logGet(46)) - raft.netty.dataStream.client.worker-group.share = false (default)
2023-07-06 10:48:41,179 [main] INFO  netty.NettyConfigKeys$DataStream (ConfUtils.java:logGet(46)) - raft.netty.dataStream.client.worker-group.size = 4 (default)
2023-07-06 10:48:41,193 [2536bb46-c5d2-4252-aed1-a79348143fe8-NettyServerStreamRpc-bossGroup--thread1] INFO  logging.LoggingHandler (AbstractInternalLogger.java:log(148)) - [id: 0x542350ec, L:/0:0:0:0:0:0:0:0:15069] READ: [id: 0xdf5d4b01, L:/10.1.0.19:15069 - R:/10.1.0.19:42146]
2023-07-06 10:48:41,197 [2536bb46-c5d2-4252-aed1-a79348143fe8-NettyServerStreamRpc-bossGroup--thread1] INFO  logging.LoggingHandler (AbstractInternalLogger.java:log(148)) - [id: 0x542350ec, L:/0:0:0:0:0:0:0:0:15069] READ COMPLETE
2023-07-06 10:48:41,483 [OM StateMachine ApplyTransaction Thread - 0] DEBUG db.CodecBuffer (CodecBuffer.java:setCapacity(212)) - setCapacity: 4096 -> 10935, max=2147483647
2023-07-06 10:48:41,490 [IPC Server handler 15 on default port 15001] WARN  node.SCMNodeManager (SCMNodeManager.java:getNodesByAddress(1373)) - Cannot find node for address 127.0.0.1
2023-07-06 10:48:41,491 [IPC Server handler 19 on default port 15001] WARN  node.SCMNodeManager (SCMNodeManager.java:getNodesByAddress(1373)) - Cannot find node for address 127.0.0.1
2023-07-06 10:48:41,491 [IPC Server handler 7 on default port 15001] WARN  node.SCMNodeManager (SCMNodeManager.java:getNodesByAddress(1373)) - Cannot find node for address 127.0.0.1
2023-07-06 10:48:41,492 [IPC Server handler 4 on default port 15001] WARN  node.SCMNodeManager (SCMNodeManager.java:getNodesByAddress(1373)) - Cannot find node for address 127.0.0.1
2023-07-06 10:48:41,493 [IPC Server handler 12 on default port 15001] WARN  node.SCMNodeManager (SCMNodeManager.java:getNodesByAddress(1373)) - Cannot find node for address 127.0.0.1
2023-07-06 10:48:41,494 [IPC Server handler 9 on default port 15001] WARN  node.SCMNodeManager (SCMNodeManager.java:getNodesByAddress(1373)) - Cannot find node for address 127.0.0.1
2023-07-06 10:48:41,495 [IPC Server handler 0 on default port 15001] WARN  node.SCMNodeManager (SCMNodeManager.java:getNodesByAddress(1373)) - Cannot find node for address 127.0.0.1
2023-07-06 10:48:41,496 [IPC Server handler 13 on default port 15001] WARN  node.SCMNodeManager (SCMNodeManager.java:getNodesByAddress(1373)) - Cannot find node for address 127.0.0.1
2023-07-06 10:48:41,497 [IPC Server handler 8 on default port 15001] WARN  node.SCMNodeManager (SCMNodeManager.java:getNodesByAddress(1373)) - Cannot find node for address 127.0.0.1
]]></system-out>
  </testcase>
  <testcase name="testMPUwithTwoStreamParts" classname="TestOzoneAtRestEncryption" time="2.705">
    <system-out><![CDATA[2023-07-06 10:48:57,944 [main] INFO  rpc.RpcClient (RpcClient.java:createVolume(460)) - Creating Volume: bac985b5-c548-4e7f-ae52-818d46912b40, with runner as owner and space quota set to -1 bytes, counts quota set to -1
2023-07-06 10:48:57,951 [OM StateMachine ApplyTransaction Thread - 0] INFO  volume.OMVolumeCreateRequest (OMVolumeCreateRequest.java:validateAndUpdateCache(196)) - created volume:bac985b5-c548-4e7f-ae52-818d46912b40 for user:runner
2023-07-06 10:48:57,956 [main] INFO  rpc.RpcClient (RpcClient.java:createBucket(687)) - Creating Bucket: bac985b5-c548-4e7f-ae52-818d46912b40/61fb15bb-6023-4da3-88d9-b89510fa1dc6, with bucket layout OBJECT_STORE, runner as owner, Versioning false, Storage Type set to DISK and Encryption set to true, Replication Type set to server-side default replication type, Namespace Quota set to -1, Space Quota set to -1 
2023-07-06 10:48:57,959 [qtp1221433900-18] INFO  kms-audit (SimpleKMSAuditLogger.java:logAuditSimpleFormat(93)) - OK[op=GET_METADATA, key=key1, user=runner] 
2023-07-06 10:48:57,962 [OM StateMachine ApplyTransaction Thread - 0] INFO  bucket.OMBucketCreateRequest (OMBucketCreateRequest.java:validateAndUpdateCache(270)) - created bucket: 61fb15bb-6023-4da3-88d9-b89510fa1dc6 of layout OBJECT_STORE in volume: bac985b5-c548-4e7f-ae52-818d46912b40
2023-07-06 10:48:57,981 [main] INFO  client.DataStreamClient (ConfUtils.java:logGet(46)) - raft.datastream.type = NETTY (custom)
2023-07-06 10:48:57,982 [main] INFO  netty.NettyConfigKeys$DataStream (ConfUtils.java:logGet(46)) - raft.netty.dataStream.client.tls.conf = null (default)
2023-07-06 10:48:57,982 [main] INFO  netty.NettyConfigKeys$DataStream (ConfUtils.java:logGet(46)) - raft.netty.dataStream.client.reply.queue.grace-period = 1s (default)
2023-07-06 10:48:57,982 [main] INFO  netty.NettyConfigKeys$DataStream (ConfUtils.java:logGet(46)) - raft.netty.dataStream.client.worker-group.share = false (default)
2023-07-06 10:48:57,982 [main] INFO  netty.NettyConfigKeys$DataStream (ConfUtils.java:logGet(46)) - raft.netty.dataStream.client.worker-group.size = 4 (default)
2023-07-06 10:48:57,989 [5390630e-efcd-4aa9-9191-8580c5ddb99b-NettyServerStreamRpc-bossGroup--thread1] INFO  logging.LoggingHandler (AbstractInternalLogger.java:log(148)) - [id: 0x8eddcaa8, L:/0:0:0:0:0:0:0:0:15051] READ: [id: 0xcd9cfac0, L:/10.1.0.19:15051 - R:/10.1.0.19:50372]
2023-07-06 10:48:57,997 [5390630e-efcd-4aa9-9191-8580c5ddb99b-NettyServerStreamRpc-bossGroup--thread1] INFO  logging.LoggingHandler (AbstractInternalLogger.java:log(148)) - [id: 0x8eddcaa8, L:/0:0:0:0:0:0:0:0:15051] READ COMPLETE
2023-07-06 10:48:58,063 [main] INFO  client.DataStreamClient (ConfUtils.java:logGet(46)) - raft.datastream.type = NETTY (custom)
2023-07-06 10:48:58,064 [main] INFO  netty.NettyConfigKeys$DataStream (ConfUtils.java:logGet(46)) - raft.netty.dataStream.client.tls.conf = null (default)
2023-07-06 10:48:58,064 [main] INFO  netty.NettyConfigKeys$DataStream (ConfUtils.java:logGet(46)) - raft.netty.dataStream.client.reply.queue.grace-period = 1s (default)
2023-07-06 10:48:58,064 [main] INFO  netty.NettyConfigKeys$DataStream (ConfUtils.java:logGet(46)) - raft.netty.dataStream.client.worker-group.share = false (default)
2023-07-06 10:48:58,064 [main] INFO  netty.NettyConfigKeys$DataStream (ConfUtils.java:logGet(46)) - raft.netty.dataStream.client.worker-group.size = 4 (default)
2023-07-06 10:48:58,067 [afdb1d22-58a1-4785-9bfd-1bd49c8784e6-NettyServerStreamRpc-bossGroup--thread1] INFO  logging.LoggingHandler (AbstractInternalLogger.java:log(148)) - [id: 0xaec098a8, L:/0:0:0:0:0:0:0:0:15078] READ: [id: 0x337dab62, L:/10.1.0.19:15078 - R:/10.1.0.19:47940]
2023-07-06 10:48:58,078 [afdb1d22-58a1-4785-9bfd-1bd49c8784e6-NettyServerStreamRpc-bossGroup--thread1] INFO  logging.LoggingHandler (AbstractInternalLogger.java:log(148)) - [id: 0xaec098a8, L:/0:0:0:0:0:0:0:0:15078] READ COMPLETE
2023-07-06 10:48:58,148 [main] INFO  client.DataStreamClient (ConfUtils.java:logGet(46)) - raft.datastream.type = NETTY (custom)
2023-07-06 10:48:58,148 [main] INFO  netty.NettyConfigKeys$DataStream (ConfUtils.java:logGet(46)) - raft.netty.dataStream.client.tls.conf = null (default)
2023-07-06 10:48:58,148 [main] INFO  netty.NettyConfigKeys$DataStream (ConfUtils.java:logGet(46)) - raft.netty.dataStream.client.reply.queue.grace-period = 1s (default)
2023-07-06 10:48:58,149 [main] INFO  netty.NettyConfigKeys$DataStream (ConfUtils.java:logGet(46)) - raft.netty.dataStream.client.worker-group.share = false (default)
2023-07-06 10:48:58,149 [main] INFO  netty.NettyConfigKeys$DataStream (ConfUtils.java:logGet(46)) - raft.netty.dataStream.client.worker-group.size = 4 (default)
2023-07-06 10:48:58,215 [ae0f568f-b3d6-4872-b39b-16fcb0b48bc3-NettyServerStreamRpc-bossGroup--thread1] INFO  logging.LoggingHandler (AbstractInternalLogger.java:log(148)) - [id: 0xe2d144de, L:/0:0:0:0:0:0:0:0:15096] READ: [id: 0xcde4ba0d, L:/10.1.0.19:15096 - R:/10.1.0.19:49172]
2023-07-06 10:48:58,216 [ae0f568f-b3d6-4872-b39b-16fcb0b48bc3-NettyServerStreamRpc-bossGroup--thread1] INFO  logging.LoggingHandler (AbstractInternalLogger.java:log(148)) - [id: 0xe2d144de, L:/0:0:0:0:0:0:0:0:15096] READ COMPLETE
2023-07-06 10:48:58,406 [main] INFO  client.DataStreamClient (ConfUtils.java:logGet(46)) - raft.datastream.type = NETTY (custom)
2023-07-06 10:48:58,407 [main] INFO  netty.NettyConfigKeys$DataStream (ConfUtils.java:logGet(46)) - raft.netty.dataStream.client.tls.conf = null (default)
2023-07-06 10:48:58,407 [main] INFO  netty.NettyConfigKeys$DataStream (ConfUtils.java:logGet(46)) - raft.netty.dataStream.client.reply.queue.grace-period = 1s (default)
2023-07-06 10:48:58,407 [main] INFO  netty.NettyConfigKeys$DataStream (ConfUtils.java:logGet(46)) - raft.netty.dataStream.client.worker-group.share = false (default)
2023-07-06 10:48:58,407 [main] INFO  netty.NettyConfigKeys$DataStream (ConfUtils.java:logGet(46)) - raft.netty.dataStream.client.worker-group.size = 4 (default)
2023-07-06 10:48:58,423 [d927e26c-8fe2-4137-bd03-4653fe67c688-NettyServerStreamRpc-bossGroup--thread1] INFO  logging.LoggingHandler (AbstractInternalLogger.java:log(148)) - [id: 0xe8150ced, L:/0:0:0:0:0:0:0:0:15024] READ: [id: 0x44d9a0dc, L:/10.1.0.19:15024 - R:/10.1.0.19:58284]
2023-07-06 10:48:58,427 [d927e26c-8fe2-4137-bd03-4653fe67c688-NettyServerStreamRpc-bossGroup--thread1] INFO  logging.LoggingHandler (AbstractInternalLogger.java:log(148)) - [id: 0xe8150ced, L:/0:0:0:0:0:0:0:0:15024] READ COMPLETE
2023-07-06 10:48:58,461 [main] INFO  client.DataStreamClient (ConfUtils.java:logGet(46)) - raft.datastream.type = NETTY (custom)
2023-07-06 10:48:58,462 [main] INFO  netty.NettyConfigKeys$DataStream (ConfUtils.java:logGet(46)) - raft.netty.dataStream.client.tls.conf = null (default)
2023-07-06 10:48:58,462 [main] INFO  netty.NettyConfigKeys$DataStream (ConfUtils.java:logGet(46)) - raft.netty.dataStream.client.reply.queue.grace-period = 1s (default)
2023-07-06 10:48:58,462 [main] INFO  netty.NettyConfigKeys$DataStream (ConfUtils.java:logGet(46)) - raft.netty.dataStream.client.worker-group.share = false (default)
2023-07-06 10:48:58,462 [main] INFO  netty.NettyConfigKeys$DataStream (ConfUtils.java:logGet(46)) - raft.netty.dataStream.client.worker-group.size = 4 (default)
2023-07-06 10:48:58,467 [2536bb46-c5d2-4252-aed1-a79348143fe8-NettyServerStreamRpc-bossGroup--thread1] INFO  logging.LoggingHandler (AbstractInternalLogger.java:log(148)) - [id: 0x542350ec, L:/0:0:0:0:0:0:0:0:15069] READ: [id: 0x3562f29a, L:/10.1.0.19:15069 - R:/10.1.0.19:52206]
2023-07-06 10:48:58,469 [2536bb46-c5d2-4252-aed1-a79348143fe8-NettyServerStreamRpc-bossGroup--thread1] INFO  logging.LoggingHandler (AbstractInternalLogger.java:log(148)) - [id: 0x542350ec, L:/0:0:0:0:0:0:0:0:15069] READ COMPLETE
2023-07-06 10:48:58,581 [OM StateMachine ApplyTransaction Thread - 0] DEBUG db.CodecBuffer (CodecBuffer.java:setCapacity(212)) - setCapacity: 4096 -> 10920, max=2147483647
2023-07-06 10:48:58,585 [IPC Server handler 12 on default port 15001] WARN  node.SCMNodeManager (SCMNodeManager.java:getNodesByAddress(1373)) - Cannot find node for address 127.0.0.1
2023-07-06 10:48:58,586 [IPC Server handler 9 on default port 15001] WARN  node.SCMNodeManager (SCMNodeManager.java:getNodesByAddress(1373)) - Cannot find node for address 127.0.0.1
2023-07-06 10:48:58,586 [IPC Server handler 8 on default port 15001] WARN  node.SCMNodeManager (SCMNodeManager.java:getNodesByAddress(1373)) - Cannot find node for address 127.0.0.1
2023-07-06 10:48:58,587 [IPC Server handler 14 on default port 15001] WARN  node.SCMNodeManager (SCMNodeManager.java:getNodesByAddress(1373)) - Cannot find node for address 127.0.0.1
2023-07-06 10:48:58,588 [IPC Server handler 2 on default port 15001] WARN  node.SCMNodeManager (SCMNodeManager.java:getNodesByAddress(1373)) - Cannot find node for address 127.0.0.1
2023-07-06 10:48:58,588 [IPC Server handler 10 on default port 15001] WARN  node.SCMNodeManager (SCMNodeManager.java:getNodesByAddress(1373)) - Cannot find node for address 127.0.0.1
2023-07-06 10:48:58,589 [IPC Server handler 16 on default port 15001] WARN  node.SCMNodeManager (SCMNodeManager.java:getNodesByAddress(1373)) - Cannot find node for address 127.0.0.1
]]></system-out>
  </testcase>
  <testcase name="testMPUwithThreeStreamPartsOverride" classname="TestOzoneAtRestEncryption" time="6.715">
    <system-out><![CDATA[2023-07-06 10:48:43,182 [main] INFO  rpc.RpcClient (RpcClient.java:createVolume(460)) - Creating Volume: 53d34f18-66c4-4274-b63f-6f7cd8c730eb, with runner as owner and space quota set to -1 bytes, counts quota set to -1
2023-07-06 10:48:43,186 [OM StateMachine ApplyTransaction Thread - 0] INFO  volume.OMVolumeCreateRequest (OMVolumeCreateRequest.java:validateAndUpdateCache(196)) - created volume:53d34f18-66c4-4274-b63f-6f7cd8c730eb for user:runner
2023-07-06 10:48:43,192 [main] INFO  rpc.RpcClient (RpcClient.java:createBucket(687)) - Creating Bucket: 53d34f18-66c4-4274-b63f-6f7cd8c730eb/92dfa2ba-3225-43f0-b97f-6d615fc20332, with bucket layout FILE_SYSTEM_OPTIMIZED, runner as owner, Versioning false, Storage Type set to DISK and Encryption set to true, Replication Type set to server-side default replication type, Namespace Quota set to -1, Space Quota set to -1 
2023-07-06 10:48:43,196 [qtp1221433900-18] INFO  kms-audit (SimpleKMSAuditLogger.java:logAuditSimpleFormat(93)) - OK[op=GET_METADATA, key=key1, user=runner] 
2023-07-06 10:48:43,200 [OM StateMachine ApplyTransaction Thread - 0] INFO  bucket.OMBucketCreateRequest (OMBucketCreateRequest.java:validateAndUpdateCache(270)) - created bucket: 92dfa2ba-3225-43f0-b97f-6d615fc20332 of layout FILE_SYSTEM_OPTIMIZED in volume: 53d34f18-66c4-4274-b63f-6f7cd8c730eb
2023-07-06 10:48:44,022 [OM StateMachine ApplyTransaction Thread - 0] DEBUG db.CodecBuffer (CodecBuffer.java:setCapacity(212)) - setCapacity: 4096 -> 10936, max=2147483647
2023-07-06 10:48:44,029 [OM StateMachine ApplyTransaction Thread - 0] DEBUG db.CodecBuffer (CodecBuffer.java:setCapacity(212)) - setCapacity: 4096 -> 20640, max=2147483647
2023-07-06 10:48:44,036 [IPC Server handler 13 on default port 15001] WARN  node.SCMNodeManager (SCMNodeManager.java:getNodesByAddress(1373)) - Cannot find node for address 127.0.0.1
2023-07-06 10:48:44,037 [IPC Server handler 8 on default port 15001] WARN  node.SCMNodeManager (SCMNodeManager.java:getNodesByAddress(1373)) - Cannot find node for address 127.0.0.1
2023-07-06 10:48:44,038 [IPC Server handler 2 on default port 15001] WARN  node.SCMNodeManager (SCMNodeManager.java:getNodesByAddress(1373)) - Cannot find node for address 127.0.0.1
2023-07-06 10:48:44,039 [IPC Server handler 10 on default port 15001] WARN  node.SCMNodeManager (SCMNodeManager.java:getNodesByAddress(1373)) - Cannot find node for address 127.0.0.1
2023-07-06 10:48:44,039 [IPC Server handler 16 on default port 15001] WARN  node.SCMNodeManager (SCMNodeManager.java:getNodesByAddress(1373)) - Cannot find node for address 127.0.0.1
2023-07-06 10:48:44,040 [IPC Server handler 14 on default port 15001] WARN  node.SCMNodeManager (SCMNodeManager.java:getNodesByAddress(1373)) - Cannot find node for address 127.0.0.1
2023-07-06 10:48:44,041 [IPC Server handler 6 on default port 15001] WARN  node.SCMNodeManager (SCMNodeManager.java:getNodesByAddress(1373)) - Cannot find node for address 127.0.0.1
2023-07-06 10:48:44,042 [IPC Server handler 17 on default port 15001] WARN  node.SCMNodeManager (SCMNodeManager.java:getNodesByAddress(1373)) - Cannot find node for address 127.0.0.1
2023-07-06 10:48:44,043 [IPC Server handler 11 on default port 15001] WARN  node.SCMNodeManager (SCMNodeManager.java:getNodesByAddress(1373)) - Cannot find node for address 127.0.0.1
2023-07-06 10:48:44,043 [IPC Server handler 1 on default port 15001] WARN  node.SCMNodeManager (SCMNodeManager.java:getNodesByAddress(1373)) - Cannot find node for address 127.0.0.1
2023-07-06 10:48:44,919 [qtp1221433900-18] INFO  kms-audit (SimpleKMSAuditLogger.java:logAuditEvent(59)) - OK[op=DECRYPT_EEK, key=key1, user=runner, accessCount=15, interval=21330ms] 
2023-07-06 10:48:44,924 [qtp1221433900-18] INFO  kms-audit (SimpleKMSAuditLogger.java:logAuditEvent(59)) - OK[op=DECRYPT_EEK, key=key1, user=runner, accessCount=1, interval=4ms] 
2023-07-06 10:48:44,934 [main] INFO  client.DataStreamClient (ConfUtils.java:logGet(46)) - raft.datastream.type = NETTY (custom)
2023-07-06 10:48:44,934 [main] INFO  netty.NettyConfigKeys$DataStream (ConfUtils.java:logGet(46)) - raft.netty.dataStream.client.tls.conf = null (default)
2023-07-06 10:48:44,938 [main] INFO  netty.NettyConfigKeys$DataStream (ConfUtils.java:logGet(46)) - raft.netty.dataStream.client.reply.queue.grace-period = 1s (default)
2023-07-06 10:48:44,938 [main] INFO  netty.NettyConfigKeys$DataStream (ConfUtils.java:logGet(46)) - raft.netty.dataStream.client.worker-group.share = false (default)
2023-07-06 10:48:44,938 [main] INFO  netty.NettyConfigKeys$DataStream (ConfUtils.java:logGet(46)) - raft.netty.dataStream.client.worker-group.size = 4 (default)
2023-07-06 10:48:44,947 [b02eaa79-f692-4c53-b57d-37cb88368c79-NettyServerStreamRpc-bossGroup--thread1] INFO  logging.LoggingHandler (AbstractInternalLogger.java:log(148)) - [id: 0x9d50eed5, L:/0:0:0:0:0:0:0:0:15033] READ: [id: 0x000798ff, L:/10.1.0.19:15033 - R:/10.1.0.19:55102]
2023-07-06 10:48:44,961 [b02eaa79-f692-4c53-b57d-37cb88368c79-NettyServerStreamRpc-bossGroup--thread1] INFO  logging.LoggingHandler (AbstractInternalLogger.java:log(148)) - [id: 0x9d50eed5, L:/0:0:0:0:0:0:0:0:15033] READ COMPLETE
2023-07-06 10:48:46,287 [OM StateMachine ApplyTransaction Thread - 0] DEBUG db.CodecBuffer (CodecBuffer.java:setCapacity(212)) - setCapacity: 4096 -> 10942, max=2147483647
2023-07-06 10:48:46,295 [OM StateMachine ApplyTransaction Thread - 0] DEBUG db.CodecBuffer (CodecBuffer.java:setCapacity(212)) - setCapacity: 4096 -> 20622, max=2147483647
2023-07-06 10:48:46,309 [IPC Server handler 12 on default port 15001] WARN  node.SCMNodeManager (SCMNodeManager.java:getNodesByAddress(1373)) - Cannot find node for address 127.0.0.1
2023-07-06 10:48:46,310 [IPC Server handler 9 on default port 15001] WARN  node.SCMNodeManager (SCMNodeManager.java:getNodesByAddress(1373)) - Cannot find node for address 127.0.0.1
2023-07-06 10:48:46,311 [IPC Server handler 0 on default port 15001] WARN  node.SCMNodeManager (SCMNodeManager.java:getNodesByAddress(1373)) - Cannot find node for address 127.0.0.1
2023-07-06 10:48:46,312 [IPC Server handler 13 on default port 15001] WARN  node.SCMNodeManager (SCMNodeManager.java:getNodesByAddress(1373)) - Cannot find node for address 127.0.0.1
2023-07-06 10:48:46,313 [IPC Server handler 16 on default port 15001] WARN  node.SCMNodeManager (SCMNodeManager.java:getNodesByAddress(1373)) - Cannot find node for address 127.0.0.1
2023-07-06 10:48:46,314 [IPC Server handler 10 on default port 15001] WARN  node.SCMNodeManager (SCMNodeManager.java:getNodesByAddress(1373)) - Cannot find node for address 127.0.0.1
2023-07-06 10:48:46,315 [IPC Server handler 2 on default port 15001] WARN  node.SCMNodeManager (SCMNodeManager.java:getNodesByAddress(1373)) - Cannot find node for address 127.0.0.1
2023-07-06 10:48:46,316 [IPC Server handler 14 on default port 15001] WARN  node.SCMNodeManager (SCMNodeManager.java:getNodesByAddress(1373)) - Cannot find node for address 127.0.0.1
2023-07-06 10:48:46,316 [IPC Server handler 8 on default port 15001] WARN  node.SCMNodeManager (SCMNodeManager.java:getNodesByAddress(1373)) - Cannot find node for address 127.0.0.1
]]></system-out>
  </testcase>
  <testcase name="testMPUwithThreeStreamPartsOverride" classname="TestOzoneAtRestEncryption" time="5.838">
    <system-out><![CDATA[2023-07-06 10:49:00,649 [main] INFO  rpc.RpcClient (RpcClient.java:createVolume(460)) - Creating Volume: 1f66e1e0-e7e2-4076-a2af-765722f7e1cb, with runner as owner and space quota set to -1 bytes, counts quota set to -1
2023-07-06 10:49:00,653 [OM StateMachine ApplyTransaction Thread - 0] INFO  volume.OMVolumeCreateRequest (OMVolumeCreateRequest.java:validateAndUpdateCache(196)) - created volume:1f66e1e0-e7e2-4076-a2af-765722f7e1cb for user:runner
2023-07-06 10:49:00,656 [main] INFO  rpc.RpcClient (RpcClient.java:createBucket(687)) - Creating Bucket: 1f66e1e0-e7e2-4076-a2af-765722f7e1cb/d2bb0baf-518f-4ac7-816d-1455c8c991f0, with bucket layout OBJECT_STORE, runner as owner, Versioning false, Storage Type set to DISK and Encryption set to true, Replication Type set to server-side default replication type, Namespace Quota set to -1, Space Quota set to -1 
2023-07-06 10:49:00,658 [qtp1221433900-22] INFO  kms-audit (SimpleKMSAuditLogger.java:logAuditSimpleFormat(93)) - OK[op=GET_METADATA, key=key1, user=runner] 
2023-07-06 10:49:00,662 [OM StateMachine ApplyTransaction Thread - 0] INFO  bucket.OMBucketCreateRequest (OMBucketCreateRequest.java:validateAndUpdateCache(270)) - created bucket: d2bb0baf-518f-4ac7-816d-1455c8c991f0 of layout OBJECT_STORE in volume: 1f66e1e0-e7e2-4076-a2af-765722f7e1cb
2023-07-06 10:49:01,288 [OM StateMachine ApplyTransaction Thread - 0] DEBUG db.CodecBuffer (CodecBuffer.java:setCapacity(212)) - setCapacity: 4096 -> 10905, max=2147483647
2023-07-06 10:49:01,296 [OM StateMachine ApplyTransaction Thread - 0] DEBUG db.CodecBuffer (CodecBuffer.java:setCapacity(212)) - setCapacity: 4096 -> 20586, max=2147483647
2023-07-06 10:49:01,306 [IPC Server handler 18 on default port 15001] WARN  node.SCMNodeManager (SCMNodeManager.java:getNodesByAddress(1373)) - Cannot find node for address 127.0.0.1
2023-07-06 10:49:01,306 [IPC Server handler 5 on default port 15001] WARN  node.SCMNodeManager (SCMNodeManager.java:getNodesByAddress(1373)) - Cannot find node for address 127.0.0.1
2023-07-06 10:49:01,307 [IPC Server handler 15 on default port 15001] WARN  node.SCMNodeManager (SCMNodeManager.java:getNodesByAddress(1373)) - Cannot find node for address 127.0.0.1
2023-07-06 10:49:01,308 [IPC Server handler 19 on default port 15001] WARN  node.SCMNodeManager (SCMNodeManager.java:getNodesByAddress(1373)) - Cannot find node for address 127.0.0.1
2023-07-06 10:49:01,309 [IPC Server handler 7 on default port 15001] WARN  node.SCMNodeManager (SCMNodeManager.java:getNodesByAddress(1373)) - Cannot find node for address 127.0.0.1
2023-07-06 10:49:01,309 [IPC Server handler 4 on default port 15001] WARN  node.SCMNodeManager (SCMNodeManager.java:getNodesByAddress(1373)) - Cannot find node for address 127.0.0.1
2023-07-06 10:49:01,310 [IPC Server handler 12 on default port 15001] WARN  node.SCMNodeManager (SCMNodeManager.java:getNodesByAddress(1373)) - Cannot find node for address 127.0.0.1
2023-07-06 10:49:01,311 [IPC Server handler 9 on default port 15001] WARN  node.SCMNodeManager (SCMNodeManager.java:getNodesByAddress(1373)) - Cannot find node for address 127.0.0.1
2023-07-06 10:49:01,312 [IPC Server handler 8 on default port 15001] WARN  node.SCMNodeManager (SCMNodeManager.java:getNodesByAddress(1373)) - Cannot find node for address 127.0.0.1
2023-07-06 10:49:01,312 [IPC Server handler 14 on default port 15001] WARN  node.SCMNodeManager (SCMNodeManager.java:getNodesByAddress(1373)) - Cannot find node for address 127.0.0.1
2023-07-06 10:49:02,727 [main] INFO  client.DataStreamClient (ConfUtils.java:logGet(46)) - raft.datastream.type = NETTY (custom)
2023-07-06 10:49:02,727 [main] INFO  netty.NettyConfigKeys$DataStream (ConfUtils.java:logGet(46)) - raft.netty.dataStream.client.tls.conf = null (default)
2023-07-06 10:49:02,727 [main] INFO  netty.NettyConfigKeys$DataStream (ConfUtils.java:logGet(46)) - raft.netty.dataStream.client.reply.queue.grace-period = 1s (default)
2023-07-06 10:49:02,728 [main] INFO  netty.NettyConfigKeys$DataStream (ConfUtils.java:logGet(46)) - raft.netty.dataStream.client.worker-group.share = false (default)
2023-07-06 10:49:02,728 [main] INFO  netty.NettyConfigKeys$DataStream (ConfUtils.java:logGet(46)) - raft.netty.dataStream.client.worker-group.size = 4 (default)
2023-07-06 10:49:02,732 [30003da1-a7bf-44b2-b897-92f161ae05e1-NettyServerStreamRpc-bossGroup--thread1] INFO  logging.LoggingHandler (AbstractInternalLogger.java:log(148)) - [id: 0xad565468, L:/0:0:0:0:0:0:0:0:15087] READ: [id: 0x2726435a, L:/10.1.0.19:15087 - R:/10.1.0.19:48936]
2023-07-06 10:49:02,734 [30003da1-a7bf-44b2-b897-92f161ae05e1-NettyServerStreamRpc-bossGroup--thread1] INFO  logging.LoggingHandler (AbstractInternalLogger.java:log(148)) - [id: 0xad565468, L:/0:0:0:0:0:0:0:0:15087] READ COMPLETE
2023-07-06 10:49:03,234 [OM StateMachine ApplyTransaction Thread - 0] DEBUG db.CodecBuffer (CodecBuffer.java:setCapacity(212)) - setCapacity: 4096 -> 10924, max=2147483647
2023-07-06 10:49:03,242 [OM StateMachine ApplyTransaction Thread - 0] DEBUG db.CodecBuffer (CodecBuffer.java:setCapacity(212)) - setCapacity: 4096 -> 20605, max=2147483647
2023-07-06 10:49:03,247 [IPC Server handler 17 on default port 15001] WARN  node.SCMNodeManager (SCMNodeManager.java:getNodesByAddress(1373)) - Cannot find node for address 127.0.0.1
2023-07-06 10:49:03,248 [IPC Server handler 1 on default port 15001] WARN  node.SCMNodeManager (SCMNodeManager.java:getNodesByAddress(1373)) - Cannot find node for address 127.0.0.1
2023-07-06 10:49:03,249 [IPC Server handler 3 on default port 15001] WARN  node.SCMNodeManager (SCMNodeManager.java:getNodesByAddress(1373)) - Cannot find node for address 127.0.0.1
2023-07-06 10:49:03,250 [IPC Server handler 18 on default port 15001] WARN  node.SCMNodeManager (SCMNodeManager.java:getNodesByAddress(1373)) - Cannot find node for address 127.0.0.1
2023-07-06 10:49:03,251 [IPC Server handler 5 on default port 15001] WARN  node.SCMNodeManager (SCMNodeManager.java:getNodesByAddress(1373)) - Cannot find node for address 127.0.0.1
2023-07-06 10:49:03,251 [IPC Server handler 15 on default port 15001] WARN  node.SCMNodeManager (SCMNodeManager.java:getNodesByAddress(1373)) - Cannot find node for address 127.0.0.1
2023-07-06 10:49:03,252 [IPC Server handler 19 on default port 15001] WARN  node.SCMNodeManager (SCMNodeManager.java:getNodesByAddress(1373)) - Cannot find node for address 127.0.0.1
2023-07-06 10:49:03,253 [IPC Server handler 7 on default port 15001] WARN  node.SCMNodeManager (SCMNodeManager.java:getNodesByAddress(1373)) - Cannot find node for address 127.0.0.1
2023-07-06 10:49:03,254 [IPC Server handler 4 on default port 15001] WARN  node.SCMNodeManager (SCMNodeManager.java:getNodesByAddress(1373)) - Cannot find node for address 127.0.0.1
2023-07-06 10:49:03,255 [IPC Server handler 12 on default port 15001] WARN  node.SCMNodeManager (SCMNodeManager.java:getNodesByAddress(1373)) - Cannot find node for address 127.0.0.1
2023-07-06 10:49:05,214 [kms-audit_thread] INFO  kms-audit (SimpleKMSAuditLogger.java:logAuditEvent(59)) - OK[op=DECRYPT_EEK, key=key1, user=runner, accessCount=15, interval=41625ms] 
2023-07-06 10:49:05,217 [IPC Server handler 11 on default port 15001] INFO  ha.SequenceIdGenerator (SequenceIdGenerator.java:getNextId(140)) - Allocate a batch for delTxnId, change lastId from 0 to 1000.
]]></system-out>
  </testcase>
  <testcase name="testKeyWithEncryptionAndGdpr" classname="TestOzoneAtRestEncryption" time="0.173">
    <system-out><![CDATA[2023-07-06 10:48:49,897 [main] INFO  rpc.RpcClient (RpcClient.java:createVolume(460)) - Creating Volume: 4b7a8711-8c74-4854-af72-da1852ba33dd, with runner as owner and space quota set to -1 bytes, counts quota set to -1
2023-07-06 10:48:49,901 [OM StateMachine ApplyTransaction Thread - 0] INFO  volume.OMVolumeCreateRequest (OMVolumeCreateRequest.java:validateAndUpdateCache(196)) - created volume:4b7a8711-8c74-4854-af72-da1852ba33dd for user:runner
2023-07-06 10:48:49,905 [main] INFO  rpc.RpcClient (RpcClient.java:createBucket(687)) - Creating Bucket: 4b7a8711-8c74-4854-af72-da1852ba33dd/b8718c5c-4f65-4bcd-9c55-f4f1187deaa3, with bucket layout FILE_SYSTEM_OPTIMIZED, runner as owner, Versioning false, Storage Type set to DISK and Encryption set to true, Replication Type set to server-side default replication type, Namespace Quota set to -1, Space Quota set to -1 
2023-07-06 10:48:49,909 [qtp1221433900-17] INFO  kms-audit (SimpleKMSAuditLogger.java:logAuditSimpleFormat(93)) - OK[op=GET_METADATA, key=key1, user=runner] 
2023-07-06 10:48:49,912 [OM StateMachine ApplyTransaction Thread - 0] INFO  bucket.OMBucketCreateRequest (OMBucketCreateRequest.java:validateAndUpdateCache(270)) - created bucket: b8718c5c-4f65-4bcd-9c55-f4f1187deaa3 of layout FILE_SYSTEM_OPTIMIZED in volume: 4b7a8711-8c74-4854-af72-da1852ba33dd
2023-07-06 10:48:49,976 [IPC Server handler 1 on default port 15001] WARN  node.SCMNodeManager (SCMNodeManager.java:getNodesByAddress(1373)) - Cannot find node for address 127.0.0.1
2023-07-06 10:48:49,979 [IPC Server handler 3 on default port 15001] WARN  node.SCMNodeManager (SCMNodeManager.java:getNodesByAddress(1373)) - Cannot find node for address 127.0.0.1
]]></system-out>
  </testcase>
  <testcase name="testKeyWithEncryptionAndGdpr" classname="TestOzoneAtRestEncryption" time="0.085">
    <system-out><![CDATA[2023-07-06 10:49:06,490 [main] INFO  rpc.RpcClient (RpcClient.java:createVolume(460)) - Creating Volume: 84e3ecb4-33a0-4c6d-b9c3-2f6213bbb9eb, with runner as owner and space quota set to -1 bytes, counts quota set to -1
2023-07-06 10:49:06,493 [OM StateMachine ApplyTransaction Thread - 0] INFO  volume.OMVolumeCreateRequest (OMVolumeCreateRequest.java:validateAndUpdateCache(196)) - created volume:84e3ecb4-33a0-4c6d-b9c3-2f6213bbb9eb for user:runner
2023-07-06 10:49:06,495 [main] INFO  rpc.RpcClient (RpcClient.java:createBucket(687)) - Creating Bucket: 84e3ecb4-33a0-4c6d-b9c3-2f6213bbb9eb/53800e37-5fe2-4e21-962c-9540d633e783, with bucket layout OBJECT_STORE, runner as owner, Versioning false, Storage Type set to DISK and Encryption set to true, Replication Type set to server-side default replication type, Namespace Quota set to -1, Space Quota set to -1 
2023-07-06 10:49:06,499 [qtp1221433900-18] INFO  kms-audit (SimpleKMSAuditLogger.java:logAuditSimpleFormat(93)) - OK[op=GET_METADATA, key=key1, user=runner] 
2023-07-06 10:49:06,506 [OM StateMachine ApplyTransaction Thread - 0] INFO  bucket.OMBucketCreateRequest (OMBucketCreateRequest.java:validateAndUpdateCache(270)) - created bucket: 53800e37-5fe2-4e21-962c-9540d633e783 of layout OBJECT_STORE in volume: 84e3ecb4-33a0-4c6d-b9c3-2f6213bbb9eb
2023-07-06 10:49:06,530 [IPC Server handler 8 on default port 15001] WARN  node.SCMNodeManager (SCMNodeManager.java:getNodesByAddress(1373)) - Cannot find node for address 127.0.0.1
2023-07-06 10:49:06,533 [IPC Server handler 14 on default port 15001] WARN  node.SCMNodeManager (SCMNodeManager.java:getNodesByAddress(1373)) - Cannot find node for address 127.0.0.1
]]></system-out>
  </testcase>
  <testcase name="testMPUwithLinkBucket" classname="TestOzoneAtRestEncryption" time="0.976">
    <system-out><![CDATA[2023-07-06 10:48:50,070 [main] INFO  rpc.RpcClient (RpcClient.java:createVolume(460)) - Creating Volume: 642895b7-0a9e-4a36-bff6-da840d0d0926, with runner as owner and space quota set to -1 bytes, counts quota set to -1
2023-07-06 10:48:50,075 [OM StateMachine ApplyTransaction Thread - 0] INFO  volume.OMVolumeCreateRequest (OMVolumeCreateRequest.java:validateAndUpdateCache(196)) - created volume:642895b7-0a9e-4a36-bff6-da840d0d0926 for user:runner
2023-07-06 10:48:50,077 [main] INFO  rpc.RpcClient (RpcClient.java:createBucket(687)) - Creating Bucket: 642895b7-0a9e-4a36-bff6-da840d0d0926/8f0aa243-975c-4e54-8054-277cf79bded8, with bucket layout FILE_SYSTEM_OPTIMIZED, runner as owner, Versioning false, Storage Type set to DISK and Encryption set to true, Replication Type set to server-side default replication type, Namespace Quota set to -1, Space Quota set to -1 
2023-07-06 10:48:50,080 [qtp1221433900-18] INFO  kms-audit (SimpleKMSAuditLogger.java:logAuditSimpleFormat(93)) - OK[op=GET_METADATA, key=key1, user=runner] 
2023-07-06 10:48:50,083 [OM StateMachine ApplyTransaction Thread - 0] INFO  bucket.OMBucketCreateRequest (OMBucketCreateRequest.java:validateAndUpdateCache(270)) - created bucket: 8f0aa243-975c-4e54-8054-277cf79bded8 of layout FILE_SYSTEM_OPTIMIZED in volume: 642895b7-0a9e-4a36-bff6-da840d0d0926
2023-07-06 10:48:50,086 [main] INFO  rpc.RpcClient (RpcClient.java:createVolume(460)) - Creating Volume: db978617-65bf-4a63-9e33-49b86ca208ed, with runner as owner and space quota set to -1 bytes, counts quota set to -1
2023-07-06 10:48:50,088 [OM StateMachine ApplyTransaction Thread - 0] INFO  volume.OMVolumeCreateRequest (OMVolumeCreateRequest.java:validateAndUpdateCache(196)) - created volume:db978617-65bf-4a63-9e33-49b86ca208ed for user:runner
2023-07-06 10:48:50,090 [main] INFO  rpc.RpcClient (RpcClient.java:createBucket(687)) - Creating Bucket: db978617-65bf-4a63-9e33-49b86ca208ed/80e42afc-a8ba-40fd-bc3d-29734a8c61b8, with bucket layout FILE_SYSTEM_OPTIMIZED, runner as owner, Versioning false, Storage Type set to DISK and Encryption set to false, Replication Type set to server-side default replication type, Namespace Quota set to -1, Space Quota set to -1 
2023-07-06 10:48:50,093 [OM StateMachine ApplyTransaction Thread - 0] INFO  bucket.OMBucketCreateRequest (OMBucketCreateRequest.java:validateAndUpdateCache(270)) - created bucket: 80e42afc-a8ba-40fd-bc3d-29734a8c61b8 of layout FILE_SYSTEM_OPTIMIZED in volume: db978617-65bf-4a63-9e33-49b86ca208ed
2023-07-06 10:48:50,563 [OM StateMachine ApplyTransaction Thread - 0] DEBUG db.CodecBuffer (CodecBuffer.java:setCapacity(212)) - setCapacity: 4096 -> 4097, max=2147483647
2023-07-06 10:48:50,569 [OM StateMachine ApplyTransaction Thread - 0] DEBUG db.CodecBuffer (CodecBuffer.java:setCapacity(212)) - setCapacity: 4096 -> 10950, max=2147483647
2023-07-06 10:48:50,574 [IPC Server handler 19 on default port 15001] WARN  node.SCMNodeManager (SCMNodeManager.java:getNodesByAddress(1373)) - Cannot find node for address 127.0.0.1
2023-07-06 10:48:50,575 [IPC Server handler 7 on default port 15001] WARN  node.SCMNodeManager (SCMNodeManager.java:getNodesByAddress(1373)) - Cannot find node for address 127.0.0.1
2023-07-06 10:48:50,576 [IPC Server handler 4 on default port 15001] WARN  node.SCMNodeManager (SCMNodeManager.java:getNodesByAddress(1373)) - Cannot find node for address 127.0.0.1
2023-07-06 10:48:50,577 [IPC Server handler 12 on default port 15001] WARN  node.SCMNodeManager (SCMNodeManager.java:getNodesByAddress(1373)) - Cannot find node for address 127.0.0.1
2023-07-06 10:48:50,578 [IPC Server handler 9 on default port 15001] WARN  node.SCMNodeManager (SCMNodeManager.java:getNodesByAddress(1373)) - Cannot find node for address 127.0.0.1
2023-07-06 10:48:50,578 [IPC Server handler 8 on default port 15001] WARN  node.SCMNodeManager (SCMNodeManager.java:getNodesByAddress(1373)) - Cannot find node for address 127.0.0.1
2023-07-06 10:48:50,579 [IPC Server handler 14 on default port 15001] WARN  node.SCMNodeManager (SCMNodeManager.java:getNodesByAddress(1373)) - Cannot find node for address 127.0.0.1
2023-07-06 10:48:50,580 [IPC Server handler 2 on default port 15001] WARN  node.SCMNodeManager (SCMNodeManager.java:getNodesByAddress(1373)) - Cannot find node for address 127.0.0.1
]]></system-out>
  </testcase>
  <testcase name="testMPUwithLinkBucket" classname="TestOzoneAtRestEncryption" time="0.902">
    <system-out><![CDATA[2023-07-06 10:49:06,573 [main] INFO  rpc.RpcClient (RpcClient.java:createVolume(460)) - Creating Volume: ae884926-6017-4456-9381-4c40b77fc493, with runner as owner and space quota set to -1 bytes, counts quota set to -1
2023-07-06 10:49:06,575 [OM StateMachine ApplyTransaction Thread - 0] INFO  volume.OMVolumeCreateRequest (OMVolumeCreateRequest.java:validateAndUpdateCache(196)) - created volume:ae884926-6017-4456-9381-4c40b77fc493 for user:runner
2023-07-06 10:49:06,576 [main] INFO  rpc.RpcClient (RpcClient.java:createBucket(687)) - Creating Bucket: ae884926-6017-4456-9381-4c40b77fc493/abea9070-feef-4b11-a1ef-42bf70492214, with bucket layout OBJECT_STORE, runner as owner, Versioning false, Storage Type set to DISK and Encryption set to true, Replication Type set to server-side default replication type, Namespace Quota set to -1, Space Quota set to -1 
2023-07-06 10:49:06,578 [qtp1221433900-22] INFO  kms-audit (SimpleKMSAuditLogger.java:logAuditSimpleFormat(93)) - OK[op=GET_METADATA, key=key1, user=runner] 
2023-07-06 10:49:06,582 [OM StateMachine ApplyTransaction Thread - 0] INFO  bucket.OMBucketCreateRequest (OMBucketCreateRequest.java:validateAndUpdateCache(270)) - created bucket: abea9070-feef-4b11-a1ef-42bf70492214 of layout OBJECT_STORE in volume: ae884926-6017-4456-9381-4c40b77fc493
2023-07-06 10:49:06,584 [main] INFO  rpc.RpcClient (RpcClient.java:createVolume(460)) - Creating Volume: a85fa3a2-eccb-43d2-bfcb-3a4694e194ae, with runner as owner and space quota set to -1 bytes, counts quota set to -1
2023-07-06 10:49:06,586 [OM StateMachine ApplyTransaction Thread - 0] INFO  volume.OMVolumeCreateRequest (OMVolumeCreateRequest.java:validateAndUpdateCache(196)) - created volume:a85fa3a2-eccb-43d2-bfcb-3a4694e194ae for user:runner
2023-07-06 10:49:06,587 [main] INFO  rpc.RpcClient (RpcClient.java:createBucket(687)) - Creating Bucket: a85fa3a2-eccb-43d2-bfcb-3a4694e194ae/82e818df-9cf9-4bcf-b2c4-6d07dbdd15c1, with bucket layout OBJECT_STORE, runner as owner, Versioning false, Storage Type set to DISK and Encryption set to false, Replication Type set to server-side default replication type, Namespace Quota set to -1, Space Quota set to -1 
2023-07-06 10:49:06,589 [OM StateMachine ApplyTransaction Thread - 0] INFO  bucket.OMBucketCreateRequest (OMBucketCreateRequest.java:validateAndUpdateCache(270)) - created bucket: 82e818df-9cf9-4bcf-b2c4-6d07dbdd15c1 of layout OBJECT_STORE in volume: a85fa3a2-eccb-43d2-bfcb-3a4694e194ae
2023-07-06 10:49:06,924 [OM StateMachine ApplyTransaction Thread - 0] DEBUG db.CodecBuffer (CodecBuffer.java:setCapacity(212)) - setCapacity: 4096 -> 10900, max=2147483647
2023-07-06 10:49:06,930 [IPC Server handler 4 on default port 15001] WARN  node.SCMNodeManager (SCMNodeManager.java:getNodesByAddress(1373)) - Cannot find node for address 127.0.0.1
2023-07-06 10:49:06,931 [IPC Server handler 12 on default port 15001] WARN  node.SCMNodeManager (SCMNodeManager.java:getNodesByAddress(1373)) - Cannot find node for address 127.0.0.1
2023-07-06 10:49:06,931 [IPC Server handler 11 on default port 15001] WARN  node.SCMNodeManager (SCMNodeManager.java:getNodesByAddress(1373)) - Cannot find node for address 127.0.0.1
2023-07-06 10:49:06,932 [IPC Server handler 9 on default port 15001] WARN  node.SCMNodeManager (SCMNodeManager.java:getNodesByAddress(1373)) - Cannot find node for address 127.0.0.1
2023-07-06 10:49:06,933 [IPC Server handler 8 on default port 15001] WARN  node.SCMNodeManager (SCMNodeManager.java:getNodesByAddress(1373)) - Cannot find node for address 127.0.0.1
2023-07-06 10:49:06,934 [IPC Server handler 14 on default port 15001] WARN  node.SCMNodeManager (SCMNodeManager.java:getNodesByAddress(1373)) - Cannot find node for address 127.0.0.1
2023-07-06 10:49:06,935 [IPC Server handler 2 on default port 15001] WARN  node.SCMNodeManager (SCMNodeManager.java:getNodesByAddress(1373)) - Cannot find node for address 127.0.0.1
]]></system-out>
  </testcase>
</testsuite>