<?xml version="1.0" encoding="UTF-8"?>
<testsuite xmlns:xsi="http://www.w3.org/2001/XMLSchema-instance" xsi:noNamespaceSchemaLocation="https://maven.apache.org/surefire/maven-surefire-plugin/xsd/surefire-test-report.xsd" name="org.apache.hadoop.ozone.om.TestOzoneManagerPrepare" time="117.095" tests="6" errors="1" skipped="1" failures="0">
  <properties>
    <property name="awt.toolkit" value="sun.awt.X11.XToolkit"/>
    <property name="file.encoding.pkg" value="sun.io"/>
    <property name="java.specification.version" value="1.8"/>
    <property name="sun.cpu.isalist" value=""/>
    <property name="sun.jnu.encoding" value="UTF-8"/>
    <property name="java.class.path" value="/home/runner/work/ozone/ozone/hadoop-ozone/integration-test/target/test-classes:/home/runner/work/ozone/ozone/hadoop-ozone/integration-test/target/classes:/home/runner/.m2/repository/org/apache/ozone/ozone-common/1.3.0-SNAPSHOT/ozone-common-1.3.0-SNAPSHOT.jar:/home/runner/.m2/repository/org/apache/commons/commons-compress/1.21/commons-compress-1.21.jar:/home/runner/.m2/repository/org/apache/ozone/hdds-common/1.3.0-SNAPSHOT/hdds-common-1.3.0-SNAPSHOT.jar:/home/runner/.m2/repository/org/apache/ozone/hdds-client/1.3.0-SNAPSHOT/hdds-client-1.3.0-SNAPSHOT.jar:/home/runner/.m2/repository/org/apache/ozone/ozone-interface-client/1.3.0-SNAPSHOT/ozone-interface-client-1.3.0-SNAPSHOT.jar:/home/runner/.m2/repository/org/apache/ozone/hdds-test-utils/1.3.0-SNAPSHOT/hdds-test-utils-1.3.0-SNAPSHOT.jar:/home/runner/.m2/repository/com/google/guava/guava/30.1.1-jre/guava-30.1.1-jre.jar:/home/runner/.m2/repository/com/google/guava/failureaccess/1.0.1/failureaccess-1.0.1.jar:/home/runner/.m2/repository/com/google/guava/listenablefuture/9999.0-empty-to-avoid-conflict-with-guava/listenablefuture-9999.0-empty-to-avoid-conflict-with-guava.jar:/home/runner/.m2/repository/com/google/code/findbugs/jsr305/3.0.0/jsr305-3.0.0.jar:/home/runner/.m2/repository/org/checkerframework/checker-qual/3.8.0/checker-qual-3.8.0.jar:/home/runner/.m2/repository/com/google/errorprone/error_prone_annotations/2.2.0/error_prone_annotations-2.2.0.jar:/home/runner/.m2/repository/com/google/j2objc/j2objc-annotations/1.3/j2objc-annotations-1.3.jar:/home/runner/.m2/repository/commons-io/commons-io/2.11.0/commons-io-2.11.0.jar:/home/runner/.m2/repository/commons-logging/commons-logging/1.2/commons-logging-1.2.jar:/home/runner/.m2/repository/log4j/log4j/1.2.17/log4j-1.2.17.jar:/home/runner/.m2/repository/org/slf4j/slf4j-api/1.7.30/slf4j-api-1.7.30.jar:/home/runner/.m2/repository/org/apache/ozone/hdds-server-scm/1.3.0-SNAPSHOT/hdds-server-scm-1.3.0-SNAPSHOT.jar:/home/runner/.m2/repository/org/apache/ozone/hdds-container-service/1.3.0-SNAPSHOT/hdds-container-service-1.3.0-SNAPSHOT.jar:/home/runner/.m2/repository/org/apache/ozone/hdds-hadoop-dependency-server/1.3.0-SNAPSHOT/hdds-hadoop-dependency-server-1.3.0-SNAPSHOT.jar:/home/runner/.m2/repository/org/apache/hadoop/hadoop-hdfs/3.3.1/hadoop-hdfs-3.3.1.jar:/home/runner/.m2/repository/org/apache/ozone/hdds-server-framework/1.3.0-SNAPSHOT/hdds-server-framework-1.3.0-SNAPSHOT.jar:/home/runner/.m2/repository/org/apache/ozone/hdds-interface-server/1.3.0-SNAPSHOT/hdds-interface-server-1.3.0-SNAPSHOT.jar:/home/runner/.m2/repository/org/eclipse/jetty/jetty-servlet/9.4.43.v20210629/jetty-servlet-9.4.43.v20210629.jar:/home/runner/.m2/repository/org/eclipse/jetty/jetty-security/9.4.43.v20210629/jetty-security-9.4.43.v20210629.jar:/home/runner/.m2/repository/org/rocksdb/rocksdbjni/6.25.3/rocksdbjni-6.25.3.jar:/home/runner/.m2/repository/io/prometheus/simpleclient_dropwizard/0.7.0/simpleclient_dropwizard-0.7.0.jar:/home/runner/.m2/repository/io/prometheus/simpleclient/0.7.0/simpleclient-0.7.0.jar:/home/runner/.m2/repository/io/prometheus/simpleclient_common/0.7.0/simpleclient_common-0.7.0.jar:/home/runner/.m2/repository/com/fasterxml/jackson/datatype/jackson-datatype-jsr310/2.12.1/jackson-datatype-jsr310-2.12.1.jar:/home/runner/.m2/repository/io/dropwizard/metrics/metrics-core/3.2.4/metrics-core-3.2.4.jar:/home/runner/.m2/repository/org/apache/hadoop/hadoop-hdfs-client/3.3.1/hadoop-hdfs-client-3.3.1.jar:/home/runner/.m2/repository/org/bouncycastle/bcprov-jdk15on/1.67/bcprov-jdk15on-1.67.jar:/home/runner/.m2/repository/com/google/protobuf/protobuf-java/2.5.0/protobuf-java-2.5.0.jar:/home/runner/.m2/repository/org/apache/ozone/ozone-manager/1.3.0-SNAPSHOT/ozone-manager-1.3.0-SNAPSHOT.jar:/home/runner/.m2/repository/org/aspectj/aspectjrt/1.9.7/aspectjrt-1.9.7.jar:/home/runner/.m2/repository/org/aspectj/aspectjweaver/1.9.7/aspectjweaver-1.9.7.jar:/home/runner/.m2/repository/org/apache/ozone/hdds-interface-client/1.3.0-SNAPSHOT/hdds-interface-client-1.3.0-SNAPSHOT.jar:/home/runner/.m2/repository/org/apache/hadoop/thirdparty/hadoop-shaded-protobuf_3_7/1.1.1/hadoop-shaded-protobuf_3_7-1.1.1.jar:/home/runner/.m2/repository/org/apache/ozone/ozone-interface-storage/1.3.0-SNAPSHOT/ozone-interface-storage-1.3.0-SNAPSHOT.jar:/home/runner/.m2/repository/org/reflections/reflections/0.9.11/reflections-0.9.11.jar:/home/runner/.m2/repository/org/apache/hadoop/hadoop-minikdc/3.3.1/hadoop-minikdc-3.3.1.jar:/home/runner/.m2/repository/org/apache/kerby/kerb-simplekdc/1.0.1/kerb-simplekdc-1.0.1.jar:/home/runner/.m2/repository/org/apache/kerby/kerb-client/1.0.1/kerb-client-1.0.1.jar:/home/runner/.m2/repository/org/apache/kerby/kerby-config/1.0.1/kerby-config-1.0.1.jar:/home/runner/.m2/repository/org/apache/kerby/kerb-common/1.0.1/kerb-common-1.0.1.jar:/home/runner/.m2/repository/org/apache/kerby/kerb-crypto/1.0.1/kerb-crypto-1.0.1.jar:/home/runner/.m2/repository/org/apache/kerby/kerb-util/1.0.1/kerb-util-1.0.1.jar:/home/runner/.m2/repository/org/apache/kerby/token-provider/1.0.1/token-provider-1.0.1.jar:/home/runner/.m2/repository/org/apache/kerby/kerb-admin/1.0.1/kerb-admin-1.0.1.jar:/home/runner/.m2/repository/org/apache/kerby/kerb-server/1.0.1/kerb-server-1.0.1.jar:/home/runner/.m2/repository/org/apache/kerby/kerb-identity/1.0.1/kerb-identity-1.0.1.jar:/home/runner/.m2/repository/org/apache/kerby/kerby-xdr/1.0.1/kerby-xdr-1.0.1.jar:/home/runner/.m2/repository/org/slf4j/slf4j-log4j12/1.7.30/slf4j-log4j12-1.7.30.jar:/home/runner/.m2/repository/org/apache/ozone/ozone-s3gateway/1.3.0-SNAPSHOT/ozone-s3gateway-1.3.0-SNAPSHOT.jar:/home/runner/.m2/repository/org/javassist/javassist/3.21.0-GA/javassist-3.21.0-GA.jar:/home/runner/.m2/repository/org/jboss/weld/servlet/weld-servlet/2.4.7.Final/weld-servlet-2.4.7.Final.jar:/home/runner/.m2/repository/org/glassfish/jersey/containers/jersey-container-servlet-core/2.33/jersey-container-servlet-core-2.33.jar:/home/runner/.m2/repository/org/glassfish/hk2/external/jakarta.inject/2.6.1/jakarta.inject-2.6.1.jar:/home/runner/.m2/repository/org/glassfish/jersey/core/jersey-common/2.33/jersey-common-2.33.jar:/home/runner/.m2/repository/jakarta/ws/rs/jakarta.ws.rs-api/2.1.6/jakarta.ws.rs-api-2.1.6.jar:/home/runner/.m2/repository/org/glassfish/jersey/ext/cdi/jersey-cdi1x/2.33/jersey-cdi1x-2.33.jar:/home/runner/.m2/repository/org/glassfish/jersey/inject/jersey-hk2/2.33/jersey-hk2-2.33.jar:/home/runner/.m2/repository/org/glassfish/hk2/hk2-locator/2.6.1/hk2-locator-2.6.1.jar:/home/runner/.m2/repository/org/glassfish/jersey/media/jersey-media-jaxb/2.33/jersey-media-jaxb-2.33.jar:/home/runner/.m2/repository/org/glassfish/hk2/osgi-resource-locator/1.0.3/osgi-resource-locator-1.0.3.jar:/home/runner/.m2/repository/org/glassfish/hk2/hk2-api/2.5.0/hk2-api-2.5.0.jar:/home/runner/.m2/repository/org/glassfish/hk2/hk2-utils/2.5.0/hk2-utils-2.5.0.jar:/home/runner/.m2/repository/org/glassfish/hk2/external/aopalliance-repackaged/2.5.0/aopalliance-repackaged-2.5.0.jar:/home/runner/.m2/repository/com/fasterxml/jackson/dataformat/jackson-dataformat-xml/2.12.1/jackson-dataformat-xml-2.12.1.jar:/home/runner/.m2/repository/com/fasterxml/jackson/core/jackson-core/2.12.1/jackson-core-2.12.1.jar:/home/runner/.m2/repository/com/fasterxml/jackson/module/jackson-module-jaxb-annotations/2.12.1/jackson-module-jaxb-annotations-2.12.1.jar:/home/runner/.m2/repository/jakarta/xml/bind/jakarta.xml.bind-api/2.3.2/jakarta.xml.bind-api-2.3.2.jar:/home/runner/.m2/repository/org/codehaus/woodstox/stax2-api/3.1.4/stax2-api-3.1.4.jar:/home/runner/.m2/repository/com/fasterxml/woodstox/woodstox-core/5.0.3/woodstox-core-5.0.3.jar:/home/runner/.m2/repository/javax/enterprise/cdi-api/1.2/cdi-api-1.2.jar:/home/runner/.m2/repository/javax/el/javax.el-api/3.0.0/javax.el-api-3.0.0.jar:/home/runner/.m2/repository/javax/interceptor/javax.interceptor-api/1.2/javax.interceptor-api-1.2.jar:/home/runner/.m2/repository/javax/inject/javax.inject/1/javax.inject-1.jar:/home/runner/.m2/repository/javax/xml/bind/jaxb-api/2.3.0/jaxb-api-2.3.0.jar:/home/runner/.m2/repository/org/glassfish/jaxb/jaxb-runtime/2.3.0.1/jaxb-runtime-2.3.0.1.jar:/home/runner/.m2/repository/org/glassfish/jaxb/jaxb-core/2.3.0.1/jaxb-core-2.3.0.1.jar:/home/runner/.m2/repository/org/glassfish/jaxb/txw2/2.3.0.1/txw2-2.3.0.1.jar:/home/runner/.m2/repository/com/sun/istack/istack-commons-runtime/3.0.5/istack-commons-runtime-3.0.5.jar:/home/runner/.m2/repository/org/jvnet/staxex/stax-ex/1.7.8/stax-ex-1.7.8.jar:/home/runner/.m2/repository/com/sun/xml/fastinfoset/FastInfoset/1.2.13/FastInfoset-1.2.13.jar:/home/runner/.m2/repository/javax/activation/activation/1.1.1/activation-1.1.1.jar:/home/runner/.m2/repository/org/apache/ozone/ozone-csi/1.3.0-SNAPSHOT/ozone-csi-1.3.0-SNAPSHOT.jar:/home/runner/.m2/repository/com/google/protobuf/protobuf-java-util/3.12.0/protobuf-java-util-3.12.0.jar:/home/runner/.m2/repository/com/google/code/gson/gson/2.2.4/gson-2.2.4.jar:/home/runner/.m2/repository/org/apache/ozone/hdds-config/1.3.0-SNAPSHOT/hdds-config-1.3.0-SNAPSHOT.jar:/home/runner/.m2/repository/io/grpc/grpc-netty/1.33.0/grpc-netty-1.33.0.jar:/home/runner/.m2/repository/io/grpc/grpc-core/1.33.0/grpc-core-1.33.0.jar:/home/runner/.m2/repository/com/google/android/annotations/4.1.1.4/annotations-4.1.1.4.jar:/home/runner/.m2/repository/io/netty/netty-codec-http2/4.1.63.Final/netty-codec-http2-4.1.63.Final.jar:/home/runner/.m2/repository/io/netty/netty-codec-http/4.1.63.Final/netty-codec-http-4.1.63.Final.jar:/home/runner/.m2/repository/io/netty/netty-handler-proxy/4.1.63.Final/netty-handler-proxy-4.1.63.Final.jar:/home/runner/.m2/repository/io/netty/netty-codec-socks/4.1.63.Final/netty-codec-socks-4.1.63.Final.jar:/home/runner/.m2/repository/io/perfmark/perfmark-api/0.19.0/perfmark-api-0.19.0.jar:/home/runner/.m2/repository/org/codehaus/mojo/animal-sniffer-annotations/1.18/animal-sniffer-annotations-1.18.jar:/home/runner/.m2/repository/io/netty/netty-transport-native-epoll/4.1.63.Final/netty-transport-native-epoll-4.1.63.Final.jar:/home/runner/.m2/repository/io/netty/netty-common/4.1.63.Final/netty-common-4.1.63.Final.jar:/home/runner/.m2/repository/io/netty/netty-buffer/4.1.63.Final/netty-buffer-4.1.63.Final.jar:/home/runner/.m2/repository/io/netty/netty-transport-native-unix-common/4.1.63.Final/netty-transport-native-unix-common-4.1.63.Final.jar:/home/runner/.m2/repository/io/grpc/grpc-protobuf/1.33.0/grpc-protobuf-1.33.0.jar:/home/runner/.m2/repository/io/grpc/grpc-api/1.33.0/grpc-api-1.33.0.jar:/home/runner/.m2/repository/io/grpc/grpc-context/1.33.0/grpc-context-1.33.0.jar:/home/runner/.m2/repository/com/google/api/grpc/proto-google-common-protos/1.17.0/proto-google-common-protos-1.17.0.jar:/home/runner/.m2/repository/io/grpc/grpc-protobuf-lite/1.33.0/grpc-protobuf-lite-1.33.0.jar:/home/runner/.m2/repository/io/grpc/grpc-stub/1.33.0/grpc-stub-1.33.0.jar:/home/runner/.m2/repository/org/apache/ozone/ozone-recon/1.3.0-SNAPSHOT/ozone-recon-1.3.0-SNAPSHOT.jar:/home/runner/.m2/repository/org/apache/ozone/ozone-reconcodegen/1.3.0-SNAPSHOT/ozone-reconcodegen-1.3.0-SNAPSHOT.jar:/home/runner/.m2/repository/com/google/inject/extensions/guice-multibindings/4.0/guice-multibindings-4.0.jar:/home/runner/.m2/repository/com/google/inject/guice/4.0/guice-4.0.jar:/home/runner/.m2/repository/aopalliance/aopalliance/1.0/aopalliance-1.0.jar:/home/runner/.m2/repository/com/google/inject/extensions/guice-assistedinject/4.0/guice-assistedinject-4.0.jar:/home/runner/.m2/repository/com/google/inject/extensions/guice-servlet/4.0/guice-servlet-4.0.jar:/home/runner/.m2/repository/org/glassfish/jersey/containers/jersey-container-servlet/2.33/jersey-container-servlet-2.33.jar:/home/runner/.m2/repository/org/glassfish/hk2/guice-bridge/2.5.0/guice-bridge-2.5.0.jar:/home/runner/.m2/repository/org/glassfish/jersey/core/jersey-server/2.33/jersey-server-2.33.jar:/home/runner/.m2/repository/org/glassfish/jersey/core/jersey-client/2.33/jersey-client-2.33.jar:/home/runner/.m2/repository/jakarta/annotation/jakarta.annotation-api/1.3.5/jakarta.annotation-api-1.3.5.jar:/home/runner/.m2/repository/jakarta/validation/jakarta.validation-api/2.0.2/jakarta.validation-api-2.0.2.jar:/home/runner/.m2/repository/org/glassfish/jersey/media/jersey-media-json-jackson/2.33/jersey-media-json-jackson-2.33.jar:/home/runner/.m2/repository/org/glassfish/jersey/ext/jersey-entity-filtering/2.33/jersey-entity-filtering-2.33.jar:/home/runner/.m2/repository/org/jooq/jooq/3.11.10/jooq-3.11.10.jar:/home/runner/.m2/repository/org/jooq/jooq-meta/3.11.10/jooq-meta-3.11.10.jar:/home/runner/.m2/repository/org/jooq/jooq-codegen/3.11.10/jooq-codegen-3.11.10.jar:/home/runner/.m2/repository/com/jolbox/bonecp/0.8.0.RELEASE/bonecp-0.8.0.RELEASE.jar:/home/runner/.m2/repository/org/apache/derby/derby/10.14.2.0/derby-10.14.2.0.jar:/home/runner/.m2/repository/org/xerial/sqlite-jdbc/3.25.2/sqlite-jdbc-3.25.2.jar:/home/runner/.m2/repository/org/springframework/spring-jdbc/5.2.18.RELEASE/spring-jdbc-5.2.18.RELEASE.jar:/home/runner/.m2/repository/org/springframework/spring-beans/5.2.18.RELEASE/spring-beans-5.2.18.RELEASE.jar:/home/runner/.m2/repository/org/springframework/spring-core/5.2.18.RELEASE/spring-core-5.2.18.RELEASE.jar:/home/runner/.m2/repository/org/springframework/spring-jcl/5.2.18.RELEASE/spring-jcl-5.2.18.RELEASE.jar:/home/runner/.m2/repository/org/springframework/spring-tx/5.2.18.RELEASE/spring-tx-5.2.18.RELEASE.jar:/home/runner/.m2/repository/org/apache/ozone/ozone-client/1.3.0-SNAPSHOT/ozone-client-1.3.0-SNAPSHOT.jar:/home/runner/.m2/repository/org/apache/ozone/ozone-filesystem/1.3.0-SNAPSHOT/ozone-filesystem-1.3.0-SNAPSHOT.jar:/home/runner/.m2/repository/org/apache/ozone/ozone-filesystem-common/1.3.0-SNAPSHOT/ozone-filesystem-common-1.3.0-SNAPSHOT.jar:/home/runner/.m2/repository/org/apache/ozone/ozone-tools/1.3.0-SNAPSHOT/ozone-tools-1.3.0-SNAPSHOT.jar:/home/runner/.m2/repository/org/apache/ratis/ratis-tools/2.2.0/ratis-tools-2.2.0.jar:/home/runner/.m2/repository/com/amazonaws/aws-java-sdk-core/1.12.124/aws-java-sdk-core-1.12.124.jar:/home/runner/.m2/repository/org/apache/httpcomponents/httpclient/4.5.13/httpclient-4.5.13.jar:/home/runner/.m2/repository/org/apache/httpcomponents/httpcore/4.4.13/httpcore-4.4.13.jar:/home/runner/.m2/repository/software/amazon/ion/ion-java/1.0.2/ion-java-1.0.2.jar:/home/runner/.m2/repository/com/fasterxml/jackson/dataformat/jackson-dataformat-cbor/2.12.1/jackson-dataformat-cbor-2.12.1.jar:/home/runner/.m2/repository/joda-time/joda-time/2.8.1/joda-time-2.8.1.jar:/home/runner/.m2/repository/com/amazonaws/aws-java-sdk-s3/1.12.124/aws-java-sdk-s3-1.12.124.jar:/home/runner/.m2/repository/com/amazonaws/aws-java-sdk-kms/1.12.124/aws-java-sdk-kms-1.12.124.jar:/home/runner/.m2/repository/com/amazonaws/jmespath-java/1.12.124/jmespath-java-1.12.124.jar:/home/runner/.m2/repository/org/kohsuke/metainf-services/metainf-services/1.8/metainf-services-1.8.jar:/home/runner/.m2/repository/org/apache/ozone/hdds-tools/1.3.0-SNAPSHOT/hdds-tools-1.3.0-SNAPSHOT.jar:/home/runner/.m2/repository/commons-cli/commons-cli/1.2/commons-cli-1.2.jar:/home/runner/.m2/repository/org/apache/commons/commons-lang3/3.7/commons-lang3-3.7.jar:/home/runner/.m2/repository/org/apache/ozone/ozone-manager/1.3.0-SNAPSHOT/ozone-manager-1.3.0-SNAPSHOT-tests.jar:/home/runner/.m2/repository/org/apache/ozone/hdds-common/1.3.0-SNAPSHOT/hdds-common-1.3.0-SNAPSHOT-tests.jar:/home/runner/.m2/repository/org/apache/ozone/hdds-hadoop-dependency-client/1.3.0-SNAPSHOT/hdds-hadoop-dependency-client-1.3.0-SNAPSHOT.jar:/home/runner/.m2/repository/info/picocli/picocli/4.6.1/picocli-4.6.1.jar:/home/runner/.m2/repository/com/fasterxml/jackson/core/jackson-annotations/2.12.1/jackson-annotations-2.12.1.jar:/home/runner/.m2/repository/javax/annotation/javax.annotation-api/1.2/javax.annotation-api-1.2.jar:/home/runner/.m2/repository/org/apache/ratis/ratis-server/2.2.0/ratis-server-2.2.0.jar:/home/runner/.m2/repository/org/apache/ratis/ratis-client/2.2.0/ratis-client-2.2.0.jar:/home/runner/.m2/repository/org/apache/ratis/ratis-server-api/2.2.0/ratis-server-api-2.2.0.jar:/home/runner/.m2/repository/org/apache/ratis/ratis-metrics/2.2.0/ratis-metrics-2.2.0.jar:/home/runner/.m2/repository/org/apache/ratis/ratis-netty/2.2.0/ratis-netty-2.2.0.jar:/home/runner/.m2/repository/org/apache/ratis/ratis-grpc/2.2.0/ratis-grpc-2.2.0.jar:/home/runner/.m2/repository/org/apache/logging/log4j/log4j-api/2.17.1/log4j-api-2.17.1.jar:/home/runner/.m2/repository/org/apache/logging/log4j/log4j-core/2.17.1/log4j-core-2.17.1.jar:/home/runner/.m2/repository/com/lmax/disruptor/3.4.2/disruptor-3.4.2.jar:/home/runner/.m2/repository/org/apache/commons/commons-pool2/2.6.0/commons-pool2-2.6.0.jar:/home/runner/.m2/repository/org/bouncycastle/bcpkix-jdk15on/1.67/bcpkix-jdk15on-1.67.jar:/home/runner/.m2/repository/commons-validator/commons-validator/1.6/commons-validator-1.6.jar:/home/runner/.m2/repository/commons-beanutils/commons-beanutils/1.9.4/commons-beanutils-1.9.4.jar:/home/runner/.m2/repository/commons-digester/commons-digester/1.8.1/commons-digester-1.8.1.jar:/home/runner/.m2/repository/commons-collections/commons-collections/3.2.2/commons-collections-3.2.2.jar:/home/runner/.m2/repository/io/jaegertracing/jaeger-client/1.6.0/jaeger-client-1.6.0.jar:/home/runner/.m2/repository/io/jaegertracing/jaeger-thrift/1.6.0/jaeger-thrift-1.6.0.jar:/home/runner/.m2/repository/org/apache/thrift/libthrift/0.14.1/libthrift-0.14.1.jar:/home/runner/.m2/repository/com/squareup/okhttp3/okhttp/4.9.0/okhttp-4.9.0.jar:/home/runner/.m2/repository/com/squareup/okio/okio/2.8.0/okio-2.8.0.jar:/home/runner/.m2/repository/io/jaegertracing/jaeger-core/1.6.0/jaeger-core-1.6.0.jar:/home/runner/.m2/repository/io/jaegertracing/jaeger-tracerresolver/1.6.0/jaeger-tracerresolver-1.6.0.jar:/home/runner/.m2/repository/io/opentracing/contrib/opentracing-tracerresolver/0.1.8/opentracing-tracerresolver-0.1.8.jar:/home/runner/.m2/repository/org/jetbrains/kotlin/kotlin-stdlib/1.4.31/kotlin-stdlib-1.4.31.jar:/home/runner/.m2/repository/org/jetbrains/kotlin/kotlin-stdlib-common/1.4.31/kotlin-stdlib-common-1.4.31.jar:/home/runner/.m2/repository/org/jetbrains/annotations/13.0/annotations-13.0.jar:/home/runner/.m2/repository/io/opentracing/opentracing-util/0.33.0/opentracing-util-0.33.0.jar:/home/runner/.m2/repository/io/opentracing/opentracing-api/0.33.0/opentracing-api-0.33.0.jar:/home/runner/.m2/repository/io/opentracing/opentracing-noop/0.33.0/opentracing-noop-0.33.0.jar:/home/runner/.m2/repository/org/yaml/snakeyaml/1.26/snakeyaml-1.26.jar:/home/runner/.m2/repository/org/apache/ozone/hdds-interface-admin/1.3.0-SNAPSHOT/hdds-interface-admin-1.3.0-SNAPSHOT.jar:/home/runner/.m2/repository/junit/junit/4.13.1/junit-4.13.1.jar:/home/runner/.m2/repository/org/hamcrest/hamcrest-core/1.3/hamcrest-core-1.3.jar:/home/runner/.m2/repository/org/junit/jupiter/junit-jupiter-api/5.7.0/junit-jupiter-api-5.7.0.jar:/home/runner/.m2/repository/org/apiguardian/apiguardian-api/1.1.0/apiguardian-api-1.1.0.jar:/home/runner/.m2/repository/org/opentest4j/opentest4j/1.2.0/opentest4j-1.2.0.jar:/home/runner/.m2/repository/org/junit/platform/junit-platform-commons/1.7.0/junit-platform-commons-1.7.0.jar:/home/runner/.m2/repository/org/junit/jupiter/junit-jupiter-engine/5.7.0/junit-jupiter-engine-5.7.0.jar:/home/runner/.m2/repository/org/junit/platform/junit-platform-engine/1.7.0/junit-platform-engine-1.7.0.jar:/home/runner/.m2/repository/org/junit/vintage/junit-vintage-engine/5.7.0/junit-vintage-engine-5.7.0.jar:/home/runner/.m2/repository/org/junit/platform/junit-platform-launcher/1.7.0/junit-platform-launcher-1.7.0.jar:/home/runner/.m2/repository/org/openjdk/jmh/jmh-core/1.19/jmh-core-1.19.jar:/home/runner/.m2/repository/net/sf/jopt-simple/jopt-simple/4.6/jopt-simple-4.6.jar:/home/runner/.m2/repository/org/apache/commons/commons-math3/3.1.1/commons-math3-3.1.1.jar:/home/runner/.m2/repository/org/openjdk/jmh/jmh-generator-annprocess/1.19/jmh-generator-annprocess-1.19.jar:/home/runner/.m2/repository/org/mockito/mockito-core/2.28.2/mockito-core-2.28.2.jar:/home/runner/.m2/repository/net/bytebuddy/byte-buddy/1.9.10/byte-buddy-1.9.10.jar:/home/runner/.m2/repository/net/bytebuddy/byte-buddy-agent/1.9.10/byte-buddy-agent-1.9.10.jar:/home/runner/.m2/repository/org/objenesis/objenesis/1.0/objenesis-1.0.jar:/home/runner/.m2/repository/org/apache/hadoop/hadoop-kms/3.3.1/hadoop-kms-3.3.1.jar:/home/runner/.m2/repository/org/apache/hadoop/hadoop-auth/3.3.1/hadoop-auth-3.3.1.jar:/home/runner/.m2/repository/com/nimbusds/nimbus-jose-jwt/7.9/nimbus-jose-jwt-7.9.jar:/home/runner/.m2/repository/com/github/stephenc/jcip/jcip-annotations/1.0-1/jcip-annotations-1.0-1.jar:/home/runner/.m2/repository/net/minidev/json-smart/2.3.1/json-smart-2.3.1.jar:/home/runner/.m2/repository/net/minidev/accessors-smart/2.3.1/accessors-smart-2.3.1.jar:/home/runner/.m2/repository/org/ow2/asm/asm/5.0.4/asm-5.0.4.jar:/home/runner/.m2/repository/org/apache/zookeeper/zookeeper/3.5.6/zookeeper-3.5.6.jar:/home/runner/.m2/repository/org/apache/zookeeper/zookeeper-jute/3.5.6/zookeeper-jute-3.5.6.jar:/home/runner/.m2/repository/org/apache/yetus/audience-annotations/0.5.0/audience-annotations-0.5.0.jar:/home/runner/.m2/repository/org/apache/curator/curator-framework/4.2.0/curator-framework-4.2.0.jar:/home/runner/.m2/repository/org/apache/hadoop/thirdparty/hadoop-shaded-guava/1.1.1/hadoop-shaded-guava-1.1.1.jar:/home/runner/.m2/repository/com/sun/jersey/jersey-core/1.19/jersey-core-1.19.jar:/home/runner/.m2/repository/javax/ws/rs/jsr311-api/1.1.1/jsr311-api-1.1.1.jar:/home/runner/.m2/repository/com/sun/jersey/jersey-server/1.19/jersey-server-1.19.jar:/home/runner/.m2/repository/javax/servlet/javax.servlet-api/3.1.0/javax.servlet-api-3.1.0.jar:/home/runner/.m2/repository/org/eclipse/jetty/jetty-server/9.4.43.v20210629/jetty-server-9.4.43.v20210629.jar:/home/runner/.m2/repository/org/eclipse/jetty/jetty-http/9.4.43.v20210629/jetty-http-9.4.43.v20210629.jar:/home/runner/.m2/repository/org/eclipse/jetty/jetty-io/9.4.43.v20210629/jetty-io-9.4.43.v20210629.jar:/home/runner/.m2/repository/org/eclipse/jetty/jetty-webapp/9.4.43.v20210629/jetty-webapp-9.4.43.v20210629.jar:/home/runner/.m2/repository/org/eclipse/jetty/jetty-xml/9.4.43.v20210629/jetty-xml-9.4.43.v20210629.jar:/home/runner/.m2/repository/org/apache/hadoop/hadoop-common/3.3.1/hadoop-common-3.3.1.jar:/home/runner/.m2/repository/commons-net/commons-net/3.6/commons-net-3.6.jar:/home/runner/.m2/repository/jakarta/activation/jakarta.activation-api/1.2.1/jakarta.activation-api-1.2.1.jar:/home/runner/.m2/repository/com/sun/jersey/jersey-servlet/1.19/jersey-servlet-1.19.jar:/home/runner/.m2/repository/com/sun/jersey/jersey-json/1.19/jersey-json-1.19.jar:/home/runner/.m2/repository/org/codehaus/jettison/jettison/1.1/jettison-1.1.jar:/home/runner/.m2/repository/com/sun/xml/bind/jaxb-impl/2.2.3-1/jaxb-impl-2.2.3-1.jar:/home/runner/.m2/repository/org/codehaus/jackson/jackson-jaxrs/1.9.2/jackson-jaxrs-1.9.2.jar:/home/runner/.m2/repository/org/codehaus/jackson/jackson-xc/1.9.2/jackson-xc-1.9.2.jar:/home/runner/.m2/repository/org/apache/commons/commons-configuration2/2.1.1/commons-configuration2-2.1.1.jar:/home/runner/.m2/repository/org/apache/commons/commons-text/1.4/commons-text-1.4.jar:/home/runner/.m2/repository/com/google/re2j/re2j/1.1/re2j-1.1.jar:/home/runner/.m2/repository/com/jcraft/jsch/0.1.54/jsch-0.1.54.jar:/home/runner/.m2/repository/org/apache/curator/curator-client/4.2.0/curator-client-4.2.0.jar:/home/runner/.m2/repository/org/apache/curator/curator-recipes/4.2.0/curator-recipes-4.2.0.jar:/home/runner/.m2/repository/org/apache/kerby/kerb-core/1.0.1/kerb-core-1.0.1.jar:/home/runner/.m2/repository/org/apache/kerby/kerby-pkix/1.0.1/kerby-pkix-1.0.1.jar:/home/runner/.m2/repository/org/apache/kerby/kerby-asn1/1.0.1/kerby-asn1-1.0.1.jar:/home/runner/.m2/repository/org/apache/kerby/kerby-util/1.0.1/kerby-util-1.0.1.jar:/home/runner/.m2/repository/dnsjava/dnsjava/2.1.7/dnsjava-2.1.7.jar:/home/runner/.m2/repository/org/xerial/snappy/snappy-java/1.1.8.2/snappy-java-1.1.8.2.jar:/home/runner/.m2/repository/org/slf4j/jul-to-slf4j/1.7.30/jul-to-slf4j-1.7.30.jar:/home/runner/.m2/repository/org/eclipse/jetty/jetty-util/9.4.43.v20210629/jetty-util-9.4.43.v20210629.jar:/home/runner/.m2/repository/com/fasterxml/jackson/core/jackson-databind/2.12.1/jackson-databind-2.12.1.jar:/home/runner/.m2/repository/org/apache/hadoop/hadoop-kms/3.3.1/hadoop-kms-3.3.1-tests.jar:/home/runner/.m2/repository/org/apache/ozone/hdds-server-scm/1.3.0-SNAPSHOT/hdds-server-scm-1.3.0-SNAPSHOT-tests.jar:/home/runner/.m2/repository/org/apache/ozone/hdds-container-service/1.3.0-SNAPSHOT/hdds-container-service-1.3.0-SNAPSHOT-tests.jar:/home/runner/.m2/repository/commons-codec/commons-codec/1.11/commons-codec-1.11.jar:/home/runner/.m2/repository/io/netty/netty-transport/4.1.63.Final/netty-transport-4.1.63.Final.jar:/home/runner/.m2/repository/io/netty/netty-resolver/4.1.63.Final/netty-resolver-4.1.63.Final.jar:/home/runner/.m2/repository/io/netty/netty-codec/4.1.63.Final/netty-codec-4.1.63.Final.jar:/home/runner/.m2/repository/io/netty/netty-handler/4.1.63.Final/netty-handler-4.1.63.Final.jar:/home/runner/.m2/repository/org/apache/ozone/hdds-hadoop-dependency-test/1.3.0-SNAPSHOT/hdds-hadoop-dependency-test-1.3.0-SNAPSHOT.jar:/home/runner/.m2/repository/org/apache/hadoop/hadoop-common/3.3.1/hadoop-common-3.3.1-tests.jar:/home/runner/.m2/repository/org/assertj/assertj-core/3.12.2/assertj-core-3.12.2.jar:/home/runner/.m2/repository/org/apache/hadoop/hadoop-hdfs/3.3.1/hadoop-hdfs-3.3.1-tests.jar:/home/runner/.m2/repository/org/eclipse/jetty/jetty-util-ajax/9.4.43.v20210629/jetty-util-ajax-9.4.43.v20210629.jar:/home/runner/.m2/repository/commons-daemon/commons-daemon/1.0.13/commons-daemon-1.0.13.jar:/home/runner/.m2/repository/io/netty/netty/3.10.6.Final/netty-3.10.6.Final.jar:/home/runner/.m2/repository/io/netty/netty-all/4.1.63.Final/netty-all-4.1.63.Final.jar:/home/runner/.m2/repository/org/apache/htrace/htrace-core4/4.1.0-incubating/htrace-core4-4.1.0-incubating.jar:/home/runner/.m2/repository/org/fusesource/leveldbjni/leveldbjni-all/1.8/leveldbjni-all-1.8.jar:/home/runner/.m2/repository/org/apache/hadoop/hadoop-distcp/3.3.1/hadoop-distcp-3.3.1.jar:/home/runner/.m2/repository/org/apache/hadoop/hadoop-mapreduce-client-jobclient/3.3.1/hadoop-mapreduce-client-jobclient-3.3.1.jar:/home/runner/.m2/repository/org/apache/hadoop/hadoop-mapreduce-client-common/3.3.1/hadoop-mapreduce-client-common-3.3.1.jar:/home/runner/.m2/repository/org/apache/hadoop/hadoop-yarn-common/3.3.1/hadoop-yarn-common-3.3.1.jar:/home/runner/.m2/repository/org/apache/hadoop/hadoop-yarn-api/3.3.1/hadoop-yarn-api-3.3.1.jar:/home/runner/.m2/repository/com/sun/jersey/jersey-client/1.19/jersey-client-1.19.jar:/home/runner/.m2/repository/com/sun/jersey/contribs/jersey-guice/1.19/jersey-guice-1.19.jar:/home/runner/.m2/repository/com/fasterxml/jackson/jaxrs/jackson-jaxrs-json-provider/2.12.1/jackson-jaxrs-json-provider-2.12.1.jar:/home/runner/.m2/repository/com/fasterxml/jackson/jaxrs/jackson-jaxrs-base/2.12.1/jackson-jaxrs-base-2.12.1.jar:/home/runner/.m2/repository/org/apache/hadoop/hadoop-yarn-client/3.3.1/hadoop-yarn-client-3.3.1.jar:/home/runner/.m2/repository/org/eclipse/jetty/websocket/websocket-client/9.4.40.v20210413/websocket-client-9.4.40.v20210413.jar:/home/runner/.m2/repository/org/eclipse/jetty/jetty-client/9.4.40.v20210413/jetty-client-9.4.40.v20210413.jar:/home/runner/.m2/repository/org/eclipse/jetty/websocket/websocket-common/9.4.40.v20210413/websocket-common-9.4.40.v20210413.jar:/home/runner/.m2/repository/org/eclipse/jetty/websocket/websocket-api/9.4.40.v20210413/websocket-api-9.4.40.v20210413.jar:/home/runner/.m2/repository/org/jline/jline/3.9.0/jline-3.9.0.jar:/home/runner/.m2/repository/org/apache/hadoop/hadoop-mapreduce-client-core/3.3.1/hadoop-mapreduce-client-core-3.3.1.jar:/home/runner/.m2/repository/org/apache/avro/avro/1.7.7/avro-1.7.7.jar:/home/runner/.m2/repository/org/codehaus/jackson/jackson-core-asl/1.9.13/jackson-core-asl-1.9.13.jar:/home/runner/.m2/repository/org/codehaus/jackson/jackson-mapper-asl/1.9.13/jackson-mapper-asl-1.9.13.jar:/home/runner/.m2/repository/com/thoughtworks/paranamer/paranamer/2.3/paranamer-2.3.jar:/home/runner/.m2/repository/org/apache/hadoop/hadoop-annotations/3.3.1/hadoop-annotations-3.3.1.jar:/usr/lib/jvm/adoptopenjdk-8-hotspot-amd64/jre/../lib/tools.jar:/home/runner/.m2/repository/org/apache/hadoop/hadoop-distcp/3.3.1/hadoop-distcp-3.3.1-tests.jar:/home/runner/.m2/repository/org/apache/ratis/ratis-common/2.2.0/ratis-common-2.2.0.jar:/home/runner/.m2/repository/org/apache/ratis/ratis-thirdparty-misc/0.7.0/ratis-thirdparty-misc-0.7.0.jar:/home/runner/.m2/repository/org/apache/ratis/ratis-proto/2.2.0/ratis-proto-2.2.0.jar:"/>
    <property name="java.vm.vendor" value="AdoptOpenJDK"/>
    <property name="sun.arch.data.model" value="64"/>
    <property name="test.build.dir" value="/home/runner/work/ozone/ozone/hadoop-ozone/integration-test/target/test-dir"/>
    <property name="test.cache.data" value=""/>
    <property name="java.vendor.url" value="https://adoptopenjdk.net/"/>
    <property name="user.timezone" value=""/>
    <property name="java.vm.specification.version" value="1.8"/>
    <property name="os.name" value="Linux"/>
    <property name="test.build.data" value="/home/runner/work/ozone/ozone/hadoop-ozone/integration-test/target/test-dir"/>
    <property name="sun.java.launcher" value="SUN_STANDARD"/>
    <property name="sun.boot.library.path" value="/usr/lib/jvm/adoptopenjdk-8-hotspot-amd64/jre/lib/amd64"/>
    <property name="sun.java.command" value="/home/runner/work/ozone/ozone/hadoop-ozone/integration-test/target/surefire/surefirebooter1761483285819393087.jar /home/runner/work/ozone/ozone/hadoop-ozone/integration-test/target/surefire 2022-01-18T07-12-55_237-jvmRun1 surefire72678681238770979tmp surefire_225495612878693007660tmp"/>
    <property name="surefire.test.class.path" value="/home/runner/work/ozone/ozone/hadoop-ozone/integration-test/target/test-classes:/home/runner/work/ozone/ozone/hadoop-ozone/integration-test/target/classes:/home/runner/.m2/repository/org/apache/ozone/ozone-common/1.3.0-SNAPSHOT/ozone-common-1.3.0-SNAPSHOT.jar:/home/runner/.m2/repository/org/apache/commons/commons-compress/1.21/commons-compress-1.21.jar:/home/runner/.m2/repository/org/apache/ozone/hdds-common/1.3.0-SNAPSHOT/hdds-common-1.3.0-SNAPSHOT.jar:/home/runner/.m2/repository/org/apache/ozone/hdds-client/1.3.0-SNAPSHOT/hdds-client-1.3.0-SNAPSHOT.jar:/home/runner/.m2/repository/org/apache/ozone/ozone-interface-client/1.3.0-SNAPSHOT/ozone-interface-client-1.3.0-SNAPSHOT.jar:/home/runner/.m2/repository/org/apache/ozone/hdds-test-utils/1.3.0-SNAPSHOT/hdds-test-utils-1.3.0-SNAPSHOT.jar:/home/runner/.m2/repository/com/google/guava/guava/30.1.1-jre/guava-30.1.1-jre.jar:/home/runner/.m2/repository/com/google/guava/failureaccess/1.0.1/failureaccess-1.0.1.jar:/home/runner/.m2/repository/com/google/guava/listenablefuture/9999.0-empty-to-avoid-conflict-with-guava/listenablefuture-9999.0-empty-to-avoid-conflict-with-guava.jar:/home/runner/.m2/repository/com/google/code/findbugs/jsr305/3.0.0/jsr305-3.0.0.jar:/home/runner/.m2/repository/org/checkerframework/checker-qual/3.8.0/checker-qual-3.8.0.jar:/home/runner/.m2/repository/com/google/errorprone/error_prone_annotations/2.2.0/error_prone_annotations-2.2.0.jar:/home/runner/.m2/repository/com/google/j2objc/j2objc-annotations/1.3/j2objc-annotations-1.3.jar:/home/runner/.m2/repository/commons-io/commons-io/2.11.0/commons-io-2.11.0.jar:/home/runner/.m2/repository/commons-logging/commons-logging/1.2/commons-logging-1.2.jar:/home/runner/.m2/repository/log4j/log4j/1.2.17/log4j-1.2.17.jar:/home/runner/.m2/repository/org/slf4j/slf4j-api/1.7.30/slf4j-api-1.7.30.jar:/home/runner/.m2/repository/org/apache/ozone/hdds-server-scm/1.3.0-SNAPSHOT/hdds-server-scm-1.3.0-SNAPSHOT.jar:/home/runner/.m2/repository/org/apache/ozone/hdds-container-service/1.3.0-SNAPSHOT/hdds-container-service-1.3.0-SNAPSHOT.jar:/home/runner/.m2/repository/org/apache/ozone/hdds-hadoop-dependency-server/1.3.0-SNAPSHOT/hdds-hadoop-dependency-server-1.3.0-SNAPSHOT.jar:/home/runner/.m2/repository/org/apache/hadoop/hadoop-hdfs/3.3.1/hadoop-hdfs-3.3.1.jar:/home/runner/.m2/repository/org/apache/ozone/hdds-server-framework/1.3.0-SNAPSHOT/hdds-server-framework-1.3.0-SNAPSHOT.jar:/home/runner/.m2/repository/org/apache/ozone/hdds-interface-server/1.3.0-SNAPSHOT/hdds-interface-server-1.3.0-SNAPSHOT.jar:/home/runner/.m2/repository/org/eclipse/jetty/jetty-servlet/9.4.43.v20210629/jetty-servlet-9.4.43.v20210629.jar:/home/runner/.m2/repository/org/eclipse/jetty/jetty-security/9.4.43.v20210629/jetty-security-9.4.43.v20210629.jar:/home/runner/.m2/repository/org/rocksdb/rocksdbjni/6.25.3/rocksdbjni-6.25.3.jar:/home/runner/.m2/repository/io/prometheus/simpleclient_dropwizard/0.7.0/simpleclient_dropwizard-0.7.0.jar:/home/runner/.m2/repository/io/prometheus/simpleclient/0.7.0/simpleclient-0.7.0.jar:/home/runner/.m2/repository/io/prometheus/simpleclient_common/0.7.0/simpleclient_common-0.7.0.jar:/home/runner/.m2/repository/com/fasterxml/jackson/datatype/jackson-datatype-jsr310/2.12.1/jackson-datatype-jsr310-2.12.1.jar:/home/runner/.m2/repository/io/dropwizard/metrics/metrics-core/3.2.4/metrics-core-3.2.4.jar:/home/runner/.m2/repository/org/apache/hadoop/hadoop-hdfs-client/3.3.1/hadoop-hdfs-client-3.3.1.jar:/home/runner/.m2/repository/org/bouncycastle/bcprov-jdk15on/1.67/bcprov-jdk15on-1.67.jar:/home/runner/.m2/repository/com/google/protobuf/protobuf-java/2.5.0/protobuf-java-2.5.0.jar:/home/runner/.m2/repository/org/apache/ozone/ozone-manager/1.3.0-SNAPSHOT/ozone-manager-1.3.0-SNAPSHOT.jar:/home/runner/.m2/repository/org/aspectj/aspectjrt/1.9.7/aspectjrt-1.9.7.jar:/home/runner/.m2/repository/org/aspectj/aspectjweaver/1.9.7/aspectjweaver-1.9.7.jar:/home/runner/.m2/repository/org/apache/ozone/hdds-interface-client/1.3.0-SNAPSHOT/hdds-interface-client-1.3.0-SNAPSHOT.jar:/home/runner/.m2/repository/org/apache/hadoop/thirdparty/hadoop-shaded-protobuf_3_7/1.1.1/hadoop-shaded-protobuf_3_7-1.1.1.jar:/home/runner/.m2/repository/org/apache/ozone/ozone-interface-storage/1.3.0-SNAPSHOT/ozone-interface-storage-1.3.0-SNAPSHOT.jar:/home/runner/.m2/repository/org/reflections/reflections/0.9.11/reflections-0.9.11.jar:/home/runner/.m2/repository/org/apache/hadoop/hadoop-minikdc/3.3.1/hadoop-minikdc-3.3.1.jar:/home/runner/.m2/repository/org/apache/kerby/kerb-simplekdc/1.0.1/kerb-simplekdc-1.0.1.jar:/home/runner/.m2/repository/org/apache/kerby/kerb-client/1.0.1/kerb-client-1.0.1.jar:/home/runner/.m2/repository/org/apache/kerby/kerby-config/1.0.1/kerby-config-1.0.1.jar:/home/runner/.m2/repository/org/apache/kerby/kerb-common/1.0.1/kerb-common-1.0.1.jar:/home/runner/.m2/repository/org/apache/kerby/kerb-crypto/1.0.1/kerb-crypto-1.0.1.jar:/home/runner/.m2/repository/org/apache/kerby/kerb-util/1.0.1/kerb-util-1.0.1.jar:/home/runner/.m2/repository/org/apache/kerby/token-provider/1.0.1/token-provider-1.0.1.jar:/home/runner/.m2/repository/org/apache/kerby/kerb-admin/1.0.1/kerb-admin-1.0.1.jar:/home/runner/.m2/repository/org/apache/kerby/kerb-server/1.0.1/kerb-server-1.0.1.jar:/home/runner/.m2/repository/org/apache/kerby/kerb-identity/1.0.1/kerb-identity-1.0.1.jar:/home/runner/.m2/repository/org/apache/kerby/kerby-xdr/1.0.1/kerby-xdr-1.0.1.jar:/home/runner/.m2/repository/org/slf4j/slf4j-log4j12/1.7.30/slf4j-log4j12-1.7.30.jar:/home/runner/.m2/repository/org/apache/ozone/ozone-s3gateway/1.3.0-SNAPSHOT/ozone-s3gateway-1.3.0-SNAPSHOT.jar:/home/runner/.m2/repository/org/javassist/javassist/3.21.0-GA/javassist-3.21.0-GA.jar:/home/runner/.m2/repository/org/jboss/weld/servlet/weld-servlet/2.4.7.Final/weld-servlet-2.4.7.Final.jar:/home/runner/.m2/repository/org/glassfish/jersey/containers/jersey-container-servlet-core/2.33/jersey-container-servlet-core-2.33.jar:/home/runner/.m2/repository/org/glassfish/hk2/external/jakarta.inject/2.6.1/jakarta.inject-2.6.1.jar:/home/runner/.m2/repository/org/glassfish/jersey/core/jersey-common/2.33/jersey-common-2.33.jar:/home/runner/.m2/repository/jakarta/ws/rs/jakarta.ws.rs-api/2.1.6/jakarta.ws.rs-api-2.1.6.jar:/home/runner/.m2/repository/org/glassfish/jersey/ext/cdi/jersey-cdi1x/2.33/jersey-cdi1x-2.33.jar:/home/runner/.m2/repository/org/glassfish/jersey/inject/jersey-hk2/2.33/jersey-hk2-2.33.jar:/home/runner/.m2/repository/org/glassfish/hk2/hk2-locator/2.6.1/hk2-locator-2.6.1.jar:/home/runner/.m2/repository/org/glassfish/jersey/media/jersey-media-jaxb/2.33/jersey-media-jaxb-2.33.jar:/home/runner/.m2/repository/org/glassfish/hk2/osgi-resource-locator/1.0.3/osgi-resource-locator-1.0.3.jar:/home/runner/.m2/repository/org/glassfish/hk2/hk2-api/2.5.0/hk2-api-2.5.0.jar:/home/runner/.m2/repository/org/glassfish/hk2/hk2-utils/2.5.0/hk2-utils-2.5.0.jar:/home/runner/.m2/repository/org/glassfish/hk2/external/aopalliance-repackaged/2.5.0/aopalliance-repackaged-2.5.0.jar:/home/runner/.m2/repository/com/fasterxml/jackson/dataformat/jackson-dataformat-xml/2.12.1/jackson-dataformat-xml-2.12.1.jar:/home/runner/.m2/repository/com/fasterxml/jackson/core/jackson-core/2.12.1/jackson-core-2.12.1.jar:/home/runner/.m2/repository/com/fasterxml/jackson/module/jackson-module-jaxb-annotations/2.12.1/jackson-module-jaxb-annotations-2.12.1.jar:/home/runner/.m2/repository/jakarta/xml/bind/jakarta.xml.bind-api/2.3.2/jakarta.xml.bind-api-2.3.2.jar:/home/runner/.m2/repository/org/codehaus/woodstox/stax2-api/3.1.4/stax2-api-3.1.4.jar:/home/runner/.m2/repository/com/fasterxml/woodstox/woodstox-core/5.0.3/woodstox-core-5.0.3.jar:/home/runner/.m2/repository/javax/enterprise/cdi-api/1.2/cdi-api-1.2.jar:/home/runner/.m2/repository/javax/el/javax.el-api/3.0.0/javax.el-api-3.0.0.jar:/home/runner/.m2/repository/javax/interceptor/javax.interceptor-api/1.2/javax.interceptor-api-1.2.jar:/home/runner/.m2/repository/javax/inject/javax.inject/1/javax.inject-1.jar:/home/runner/.m2/repository/javax/xml/bind/jaxb-api/2.3.0/jaxb-api-2.3.0.jar:/home/runner/.m2/repository/org/glassfish/jaxb/jaxb-runtime/2.3.0.1/jaxb-runtime-2.3.0.1.jar:/home/runner/.m2/repository/org/glassfish/jaxb/jaxb-core/2.3.0.1/jaxb-core-2.3.0.1.jar:/home/runner/.m2/repository/org/glassfish/jaxb/txw2/2.3.0.1/txw2-2.3.0.1.jar:/home/runner/.m2/repository/com/sun/istack/istack-commons-runtime/3.0.5/istack-commons-runtime-3.0.5.jar:/home/runner/.m2/repository/org/jvnet/staxex/stax-ex/1.7.8/stax-ex-1.7.8.jar:/home/runner/.m2/repository/com/sun/xml/fastinfoset/FastInfoset/1.2.13/FastInfoset-1.2.13.jar:/home/runner/.m2/repository/javax/activation/activation/1.1.1/activation-1.1.1.jar:/home/runner/.m2/repository/org/apache/ozone/ozone-csi/1.3.0-SNAPSHOT/ozone-csi-1.3.0-SNAPSHOT.jar:/home/runner/.m2/repository/com/google/protobuf/protobuf-java-util/3.12.0/protobuf-java-util-3.12.0.jar:/home/runner/.m2/repository/com/google/code/gson/gson/2.2.4/gson-2.2.4.jar:/home/runner/.m2/repository/org/apache/ozone/hdds-config/1.3.0-SNAPSHOT/hdds-config-1.3.0-SNAPSHOT.jar:/home/runner/.m2/repository/io/grpc/grpc-netty/1.33.0/grpc-netty-1.33.0.jar:/home/runner/.m2/repository/io/grpc/grpc-core/1.33.0/grpc-core-1.33.0.jar:/home/runner/.m2/repository/com/google/android/annotations/4.1.1.4/annotations-4.1.1.4.jar:/home/runner/.m2/repository/io/netty/netty-codec-http2/4.1.63.Final/netty-codec-http2-4.1.63.Final.jar:/home/runner/.m2/repository/io/netty/netty-codec-http/4.1.63.Final/netty-codec-http-4.1.63.Final.jar:/home/runner/.m2/repository/io/netty/netty-handler-proxy/4.1.63.Final/netty-handler-proxy-4.1.63.Final.jar:/home/runner/.m2/repository/io/netty/netty-codec-socks/4.1.63.Final/netty-codec-socks-4.1.63.Final.jar:/home/runner/.m2/repository/io/perfmark/perfmark-api/0.19.0/perfmark-api-0.19.0.jar:/home/runner/.m2/repository/org/codehaus/mojo/animal-sniffer-annotations/1.18/animal-sniffer-annotations-1.18.jar:/home/runner/.m2/repository/io/netty/netty-transport-native-epoll/4.1.63.Final/netty-transport-native-epoll-4.1.63.Final.jar:/home/runner/.m2/repository/io/netty/netty-common/4.1.63.Final/netty-common-4.1.63.Final.jar:/home/runner/.m2/repository/io/netty/netty-buffer/4.1.63.Final/netty-buffer-4.1.63.Final.jar:/home/runner/.m2/repository/io/netty/netty-transport-native-unix-common/4.1.63.Final/netty-transport-native-unix-common-4.1.63.Final.jar:/home/runner/.m2/repository/io/grpc/grpc-protobuf/1.33.0/grpc-protobuf-1.33.0.jar:/home/runner/.m2/repository/io/grpc/grpc-api/1.33.0/grpc-api-1.33.0.jar:/home/runner/.m2/repository/io/grpc/grpc-context/1.33.0/grpc-context-1.33.0.jar:/home/runner/.m2/repository/com/google/api/grpc/proto-google-common-protos/1.17.0/proto-google-common-protos-1.17.0.jar:/home/runner/.m2/repository/io/grpc/grpc-protobuf-lite/1.33.0/grpc-protobuf-lite-1.33.0.jar:/home/runner/.m2/repository/io/grpc/grpc-stub/1.33.0/grpc-stub-1.33.0.jar:/home/runner/.m2/repository/org/apache/ozone/ozone-recon/1.3.0-SNAPSHOT/ozone-recon-1.3.0-SNAPSHOT.jar:/home/runner/.m2/repository/org/apache/ozone/ozone-reconcodegen/1.3.0-SNAPSHOT/ozone-reconcodegen-1.3.0-SNAPSHOT.jar:/home/runner/.m2/repository/com/google/inject/extensions/guice-multibindings/4.0/guice-multibindings-4.0.jar:/home/runner/.m2/repository/com/google/inject/guice/4.0/guice-4.0.jar:/home/runner/.m2/repository/aopalliance/aopalliance/1.0/aopalliance-1.0.jar:/home/runner/.m2/repository/com/google/inject/extensions/guice-assistedinject/4.0/guice-assistedinject-4.0.jar:/home/runner/.m2/repository/com/google/inject/extensions/guice-servlet/4.0/guice-servlet-4.0.jar:/home/runner/.m2/repository/org/glassfish/jersey/containers/jersey-container-servlet/2.33/jersey-container-servlet-2.33.jar:/home/runner/.m2/repository/org/glassfish/hk2/guice-bridge/2.5.0/guice-bridge-2.5.0.jar:/home/runner/.m2/repository/org/glassfish/jersey/core/jersey-server/2.33/jersey-server-2.33.jar:/home/runner/.m2/repository/org/glassfish/jersey/core/jersey-client/2.33/jersey-client-2.33.jar:/home/runner/.m2/repository/jakarta/annotation/jakarta.annotation-api/1.3.5/jakarta.annotation-api-1.3.5.jar:/home/runner/.m2/repository/jakarta/validation/jakarta.validation-api/2.0.2/jakarta.validation-api-2.0.2.jar:/home/runner/.m2/repository/org/glassfish/jersey/media/jersey-media-json-jackson/2.33/jersey-media-json-jackson-2.33.jar:/home/runner/.m2/repository/org/glassfish/jersey/ext/jersey-entity-filtering/2.33/jersey-entity-filtering-2.33.jar:/home/runner/.m2/repository/org/jooq/jooq/3.11.10/jooq-3.11.10.jar:/home/runner/.m2/repository/org/jooq/jooq-meta/3.11.10/jooq-meta-3.11.10.jar:/home/runner/.m2/repository/org/jooq/jooq-codegen/3.11.10/jooq-codegen-3.11.10.jar:/home/runner/.m2/repository/com/jolbox/bonecp/0.8.0.RELEASE/bonecp-0.8.0.RELEASE.jar:/home/runner/.m2/repository/org/apache/derby/derby/10.14.2.0/derby-10.14.2.0.jar:/home/runner/.m2/repository/org/xerial/sqlite-jdbc/3.25.2/sqlite-jdbc-3.25.2.jar:/home/runner/.m2/repository/org/springframework/spring-jdbc/5.2.18.RELEASE/spring-jdbc-5.2.18.RELEASE.jar:/home/runner/.m2/repository/org/springframework/spring-beans/5.2.18.RELEASE/spring-beans-5.2.18.RELEASE.jar:/home/runner/.m2/repository/org/springframework/spring-core/5.2.18.RELEASE/spring-core-5.2.18.RELEASE.jar:/home/runner/.m2/repository/org/springframework/spring-jcl/5.2.18.RELEASE/spring-jcl-5.2.18.RELEASE.jar:/home/runner/.m2/repository/org/springframework/spring-tx/5.2.18.RELEASE/spring-tx-5.2.18.RELEASE.jar:/home/runner/.m2/repository/org/apache/ozone/ozone-client/1.3.0-SNAPSHOT/ozone-client-1.3.0-SNAPSHOT.jar:/home/runner/.m2/repository/org/apache/ozone/ozone-filesystem/1.3.0-SNAPSHOT/ozone-filesystem-1.3.0-SNAPSHOT.jar:/home/runner/.m2/repository/org/apache/ozone/ozone-filesystem-common/1.3.0-SNAPSHOT/ozone-filesystem-common-1.3.0-SNAPSHOT.jar:/home/runner/.m2/repository/org/apache/ozone/ozone-tools/1.3.0-SNAPSHOT/ozone-tools-1.3.0-SNAPSHOT.jar:/home/runner/.m2/repository/org/apache/ratis/ratis-tools/2.2.0/ratis-tools-2.2.0.jar:/home/runner/.m2/repository/com/amazonaws/aws-java-sdk-core/1.12.124/aws-java-sdk-core-1.12.124.jar:/home/runner/.m2/repository/org/apache/httpcomponents/httpclient/4.5.13/httpclient-4.5.13.jar:/home/runner/.m2/repository/org/apache/httpcomponents/httpcore/4.4.13/httpcore-4.4.13.jar:/home/runner/.m2/repository/software/amazon/ion/ion-java/1.0.2/ion-java-1.0.2.jar:/home/runner/.m2/repository/com/fasterxml/jackson/dataformat/jackson-dataformat-cbor/2.12.1/jackson-dataformat-cbor-2.12.1.jar:/home/runner/.m2/repository/joda-time/joda-time/2.8.1/joda-time-2.8.1.jar:/home/runner/.m2/repository/com/amazonaws/aws-java-sdk-s3/1.12.124/aws-java-sdk-s3-1.12.124.jar:/home/runner/.m2/repository/com/amazonaws/aws-java-sdk-kms/1.12.124/aws-java-sdk-kms-1.12.124.jar:/home/runner/.m2/repository/com/amazonaws/jmespath-java/1.12.124/jmespath-java-1.12.124.jar:/home/runner/.m2/repository/org/kohsuke/metainf-services/metainf-services/1.8/metainf-services-1.8.jar:/home/runner/.m2/repository/org/apache/ozone/hdds-tools/1.3.0-SNAPSHOT/hdds-tools-1.3.0-SNAPSHOT.jar:/home/runner/.m2/repository/commons-cli/commons-cli/1.2/commons-cli-1.2.jar:/home/runner/.m2/repository/org/apache/commons/commons-lang3/3.7/commons-lang3-3.7.jar:/home/runner/.m2/repository/org/apache/ozone/ozone-manager/1.3.0-SNAPSHOT/ozone-manager-1.3.0-SNAPSHOT-tests.jar:/home/runner/.m2/repository/org/apache/ozone/hdds-common/1.3.0-SNAPSHOT/hdds-common-1.3.0-SNAPSHOT-tests.jar:/home/runner/.m2/repository/org/apache/ozone/hdds-hadoop-dependency-client/1.3.0-SNAPSHOT/hdds-hadoop-dependency-client-1.3.0-SNAPSHOT.jar:/home/runner/.m2/repository/info/picocli/picocli/4.6.1/picocli-4.6.1.jar:/home/runner/.m2/repository/com/fasterxml/jackson/core/jackson-annotations/2.12.1/jackson-annotations-2.12.1.jar:/home/runner/.m2/repository/javax/annotation/javax.annotation-api/1.2/javax.annotation-api-1.2.jar:/home/runner/.m2/repository/org/apache/ratis/ratis-server/2.2.0/ratis-server-2.2.0.jar:/home/runner/.m2/repository/org/apache/ratis/ratis-client/2.2.0/ratis-client-2.2.0.jar:/home/runner/.m2/repository/org/apache/ratis/ratis-server-api/2.2.0/ratis-server-api-2.2.0.jar:/home/runner/.m2/repository/org/apache/ratis/ratis-metrics/2.2.0/ratis-metrics-2.2.0.jar:/home/runner/.m2/repository/org/apache/ratis/ratis-netty/2.2.0/ratis-netty-2.2.0.jar:/home/runner/.m2/repository/org/apache/ratis/ratis-grpc/2.2.0/ratis-grpc-2.2.0.jar:/home/runner/.m2/repository/org/apache/logging/log4j/log4j-api/2.17.1/log4j-api-2.17.1.jar:/home/runner/.m2/repository/org/apache/logging/log4j/log4j-core/2.17.1/log4j-core-2.17.1.jar:/home/runner/.m2/repository/com/lmax/disruptor/3.4.2/disruptor-3.4.2.jar:/home/runner/.m2/repository/org/apache/commons/commons-pool2/2.6.0/commons-pool2-2.6.0.jar:/home/runner/.m2/repository/org/bouncycastle/bcpkix-jdk15on/1.67/bcpkix-jdk15on-1.67.jar:/home/runner/.m2/repository/commons-validator/commons-validator/1.6/commons-validator-1.6.jar:/home/runner/.m2/repository/commons-beanutils/commons-beanutils/1.9.4/commons-beanutils-1.9.4.jar:/home/runner/.m2/repository/commons-digester/commons-digester/1.8.1/commons-digester-1.8.1.jar:/home/runner/.m2/repository/commons-collections/commons-collections/3.2.2/commons-collections-3.2.2.jar:/home/runner/.m2/repository/io/jaegertracing/jaeger-client/1.6.0/jaeger-client-1.6.0.jar:/home/runner/.m2/repository/io/jaegertracing/jaeger-thrift/1.6.0/jaeger-thrift-1.6.0.jar:/home/runner/.m2/repository/org/apache/thrift/libthrift/0.14.1/libthrift-0.14.1.jar:/home/runner/.m2/repository/com/squareup/okhttp3/okhttp/4.9.0/okhttp-4.9.0.jar:/home/runner/.m2/repository/com/squareup/okio/okio/2.8.0/okio-2.8.0.jar:/home/runner/.m2/repository/io/jaegertracing/jaeger-core/1.6.0/jaeger-core-1.6.0.jar:/home/runner/.m2/repository/io/jaegertracing/jaeger-tracerresolver/1.6.0/jaeger-tracerresolver-1.6.0.jar:/home/runner/.m2/repository/io/opentracing/contrib/opentracing-tracerresolver/0.1.8/opentracing-tracerresolver-0.1.8.jar:/home/runner/.m2/repository/org/jetbrains/kotlin/kotlin-stdlib/1.4.31/kotlin-stdlib-1.4.31.jar:/home/runner/.m2/repository/org/jetbrains/kotlin/kotlin-stdlib-common/1.4.31/kotlin-stdlib-common-1.4.31.jar:/home/runner/.m2/repository/org/jetbrains/annotations/13.0/annotations-13.0.jar:/home/runner/.m2/repository/io/opentracing/opentracing-util/0.33.0/opentracing-util-0.33.0.jar:/home/runner/.m2/repository/io/opentracing/opentracing-api/0.33.0/opentracing-api-0.33.0.jar:/home/runner/.m2/repository/io/opentracing/opentracing-noop/0.33.0/opentracing-noop-0.33.0.jar:/home/runner/.m2/repository/org/yaml/snakeyaml/1.26/snakeyaml-1.26.jar:/home/runner/.m2/repository/org/apache/ozone/hdds-interface-admin/1.3.0-SNAPSHOT/hdds-interface-admin-1.3.0-SNAPSHOT.jar:/home/runner/.m2/repository/junit/junit/4.13.1/junit-4.13.1.jar:/home/runner/.m2/repository/org/hamcrest/hamcrest-core/1.3/hamcrest-core-1.3.jar:/home/runner/.m2/repository/org/junit/jupiter/junit-jupiter-api/5.7.0/junit-jupiter-api-5.7.0.jar:/home/runner/.m2/repository/org/apiguardian/apiguardian-api/1.1.0/apiguardian-api-1.1.0.jar:/home/runner/.m2/repository/org/opentest4j/opentest4j/1.2.0/opentest4j-1.2.0.jar:/home/runner/.m2/repository/org/junit/platform/junit-platform-commons/1.7.0/junit-platform-commons-1.7.0.jar:/home/runner/.m2/repository/org/junit/jupiter/junit-jupiter-engine/5.7.0/junit-jupiter-engine-5.7.0.jar:/home/runner/.m2/repository/org/junit/platform/junit-platform-engine/1.7.0/junit-platform-engine-1.7.0.jar:/home/runner/.m2/repository/org/junit/vintage/junit-vintage-engine/5.7.0/junit-vintage-engine-5.7.0.jar:/home/runner/.m2/repository/org/junit/platform/junit-platform-launcher/1.7.0/junit-platform-launcher-1.7.0.jar:/home/runner/.m2/repository/org/openjdk/jmh/jmh-core/1.19/jmh-core-1.19.jar:/home/runner/.m2/repository/net/sf/jopt-simple/jopt-simple/4.6/jopt-simple-4.6.jar:/home/runner/.m2/repository/org/apache/commons/commons-math3/3.1.1/commons-math3-3.1.1.jar:/home/runner/.m2/repository/org/openjdk/jmh/jmh-generator-annprocess/1.19/jmh-generator-annprocess-1.19.jar:/home/runner/.m2/repository/org/mockito/mockito-core/2.28.2/mockito-core-2.28.2.jar:/home/runner/.m2/repository/net/bytebuddy/byte-buddy/1.9.10/byte-buddy-1.9.10.jar:/home/runner/.m2/repository/net/bytebuddy/byte-buddy-agent/1.9.10/byte-buddy-agent-1.9.10.jar:/home/runner/.m2/repository/org/objenesis/objenesis/1.0/objenesis-1.0.jar:/home/runner/.m2/repository/org/apache/hadoop/hadoop-kms/3.3.1/hadoop-kms-3.3.1.jar:/home/runner/.m2/repository/org/apache/hadoop/hadoop-auth/3.3.1/hadoop-auth-3.3.1.jar:/home/runner/.m2/repository/com/nimbusds/nimbus-jose-jwt/7.9/nimbus-jose-jwt-7.9.jar:/home/runner/.m2/repository/com/github/stephenc/jcip/jcip-annotations/1.0-1/jcip-annotations-1.0-1.jar:/home/runner/.m2/repository/net/minidev/json-smart/2.3.1/json-smart-2.3.1.jar:/home/runner/.m2/repository/net/minidev/accessors-smart/2.3.1/accessors-smart-2.3.1.jar:/home/runner/.m2/repository/org/ow2/asm/asm/5.0.4/asm-5.0.4.jar:/home/runner/.m2/repository/org/apache/zookeeper/zookeeper/3.5.6/zookeeper-3.5.6.jar:/home/runner/.m2/repository/org/apache/zookeeper/zookeeper-jute/3.5.6/zookeeper-jute-3.5.6.jar:/home/runner/.m2/repository/org/apache/yetus/audience-annotations/0.5.0/audience-annotations-0.5.0.jar:/home/runner/.m2/repository/org/apache/curator/curator-framework/4.2.0/curator-framework-4.2.0.jar:/home/runner/.m2/repository/org/apache/hadoop/thirdparty/hadoop-shaded-guava/1.1.1/hadoop-shaded-guava-1.1.1.jar:/home/runner/.m2/repository/com/sun/jersey/jersey-core/1.19/jersey-core-1.19.jar:/home/runner/.m2/repository/javax/ws/rs/jsr311-api/1.1.1/jsr311-api-1.1.1.jar:/home/runner/.m2/repository/com/sun/jersey/jersey-server/1.19/jersey-server-1.19.jar:/home/runner/.m2/repository/javax/servlet/javax.servlet-api/3.1.0/javax.servlet-api-3.1.0.jar:/home/runner/.m2/repository/org/eclipse/jetty/jetty-server/9.4.43.v20210629/jetty-server-9.4.43.v20210629.jar:/home/runner/.m2/repository/org/eclipse/jetty/jetty-http/9.4.43.v20210629/jetty-http-9.4.43.v20210629.jar:/home/runner/.m2/repository/org/eclipse/jetty/jetty-io/9.4.43.v20210629/jetty-io-9.4.43.v20210629.jar:/home/runner/.m2/repository/org/eclipse/jetty/jetty-webapp/9.4.43.v20210629/jetty-webapp-9.4.43.v20210629.jar:/home/runner/.m2/repository/org/eclipse/jetty/jetty-xml/9.4.43.v20210629/jetty-xml-9.4.43.v20210629.jar:/home/runner/.m2/repository/org/apache/hadoop/hadoop-common/3.3.1/hadoop-common-3.3.1.jar:/home/runner/.m2/repository/commons-net/commons-net/3.6/commons-net-3.6.jar:/home/runner/.m2/repository/jakarta/activation/jakarta.activation-api/1.2.1/jakarta.activation-api-1.2.1.jar:/home/runner/.m2/repository/com/sun/jersey/jersey-servlet/1.19/jersey-servlet-1.19.jar:/home/runner/.m2/repository/com/sun/jersey/jersey-json/1.19/jersey-json-1.19.jar:/home/runner/.m2/repository/org/codehaus/jettison/jettison/1.1/jettison-1.1.jar:/home/runner/.m2/repository/com/sun/xml/bind/jaxb-impl/2.2.3-1/jaxb-impl-2.2.3-1.jar:/home/runner/.m2/repository/org/codehaus/jackson/jackson-jaxrs/1.9.2/jackson-jaxrs-1.9.2.jar:/home/runner/.m2/repository/org/codehaus/jackson/jackson-xc/1.9.2/jackson-xc-1.9.2.jar:/home/runner/.m2/repository/org/apache/commons/commons-configuration2/2.1.1/commons-configuration2-2.1.1.jar:/home/runner/.m2/repository/org/apache/commons/commons-text/1.4/commons-text-1.4.jar:/home/runner/.m2/repository/com/google/re2j/re2j/1.1/re2j-1.1.jar:/home/runner/.m2/repository/com/jcraft/jsch/0.1.54/jsch-0.1.54.jar:/home/runner/.m2/repository/org/apache/curator/curator-client/4.2.0/curator-client-4.2.0.jar:/home/runner/.m2/repository/org/apache/curator/curator-recipes/4.2.0/curator-recipes-4.2.0.jar:/home/runner/.m2/repository/org/apache/kerby/kerb-core/1.0.1/kerb-core-1.0.1.jar:/home/runner/.m2/repository/org/apache/kerby/kerby-pkix/1.0.1/kerby-pkix-1.0.1.jar:/home/runner/.m2/repository/org/apache/kerby/kerby-asn1/1.0.1/kerby-asn1-1.0.1.jar:/home/runner/.m2/repository/org/apache/kerby/kerby-util/1.0.1/kerby-util-1.0.1.jar:/home/runner/.m2/repository/dnsjava/dnsjava/2.1.7/dnsjava-2.1.7.jar:/home/runner/.m2/repository/org/xerial/snappy/snappy-java/1.1.8.2/snappy-java-1.1.8.2.jar:/home/runner/.m2/repository/org/slf4j/jul-to-slf4j/1.7.30/jul-to-slf4j-1.7.30.jar:/home/runner/.m2/repository/org/eclipse/jetty/jetty-util/9.4.43.v20210629/jetty-util-9.4.43.v20210629.jar:/home/runner/.m2/repository/com/fasterxml/jackson/core/jackson-databind/2.12.1/jackson-databind-2.12.1.jar:/home/runner/.m2/repository/org/apache/hadoop/hadoop-kms/3.3.1/hadoop-kms-3.3.1-tests.jar:/home/runner/.m2/repository/org/apache/ozone/hdds-server-scm/1.3.0-SNAPSHOT/hdds-server-scm-1.3.0-SNAPSHOT-tests.jar:/home/runner/.m2/repository/org/apache/ozone/hdds-container-service/1.3.0-SNAPSHOT/hdds-container-service-1.3.0-SNAPSHOT-tests.jar:/home/runner/.m2/repository/commons-codec/commons-codec/1.11/commons-codec-1.11.jar:/home/runner/.m2/repository/io/netty/netty-transport/4.1.63.Final/netty-transport-4.1.63.Final.jar:/home/runner/.m2/repository/io/netty/netty-resolver/4.1.63.Final/netty-resolver-4.1.63.Final.jar:/home/runner/.m2/repository/io/netty/netty-codec/4.1.63.Final/netty-codec-4.1.63.Final.jar:/home/runner/.m2/repository/io/netty/netty-handler/4.1.63.Final/netty-handler-4.1.63.Final.jar:/home/runner/.m2/repository/org/apache/ozone/hdds-hadoop-dependency-test/1.3.0-SNAPSHOT/hdds-hadoop-dependency-test-1.3.0-SNAPSHOT.jar:/home/runner/.m2/repository/org/apache/hadoop/hadoop-common/3.3.1/hadoop-common-3.3.1-tests.jar:/home/runner/.m2/repository/org/assertj/assertj-core/3.12.2/assertj-core-3.12.2.jar:/home/runner/.m2/repository/org/apache/hadoop/hadoop-hdfs/3.3.1/hadoop-hdfs-3.3.1-tests.jar:/home/runner/.m2/repository/org/eclipse/jetty/jetty-util-ajax/9.4.43.v20210629/jetty-util-ajax-9.4.43.v20210629.jar:/home/runner/.m2/repository/commons-daemon/commons-daemon/1.0.13/commons-daemon-1.0.13.jar:/home/runner/.m2/repository/io/netty/netty/3.10.6.Final/netty-3.10.6.Final.jar:/home/runner/.m2/repository/io/netty/netty-all/4.1.63.Final/netty-all-4.1.63.Final.jar:/home/runner/.m2/repository/org/apache/htrace/htrace-core4/4.1.0-incubating/htrace-core4-4.1.0-incubating.jar:/home/runner/.m2/repository/org/fusesource/leveldbjni/leveldbjni-all/1.8/leveldbjni-all-1.8.jar:/home/runner/.m2/repository/org/apache/hadoop/hadoop-distcp/3.3.1/hadoop-distcp-3.3.1.jar:/home/runner/.m2/repository/org/apache/hadoop/hadoop-mapreduce-client-jobclient/3.3.1/hadoop-mapreduce-client-jobclient-3.3.1.jar:/home/runner/.m2/repository/org/apache/hadoop/hadoop-mapreduce-client-common/3.3.1/hadoop-mapreduce-client-common-3.3.1.jar:/home/runner/.m2/repository/org/apache/hadoop/hadoop-yarn-common/3.3.1/hadoop-yarn-common-3.3.1.jar:/home/runner/.m2/repository/org/apache/hadoop/hadoop-yarn-api/3.3.1/hadoop-yarn-api-3.3.1.jar:/home/runner/.m2/repository/com/sun/jersey/jersey-client/1.19/jersey-client-1.19.jar:/home/runner/.m2/repository/com/sun/jersey/contribs/jersey-guice/1.19/jersey-guice-1.19.jar:/home/runner/.m2/repository/com/fasterxml/jackson/jaxrs/jackson-jaxrs-json-provider/2.12.1/jackson-jaxrs-json-provider-2.12.1.jar:/home/runner/.m2/repository/com/fasterxml/jackson/jaxrs/jackson-jaxrs-base/2.12.1/jackson-jaxrs-base-2.12.1.jar:/home/runner/.m2/repository/org/apache/hadoop/hadoop-yarn-client/3.3.1/hadoop-yarn-client-3.3.1.jar:/home/runner/.m2/repository/org/eclipse/jetty/websocket/websocket-client/9.4.40.v20210413/websocket-client-9.4.40.v20210413.jar:/home/runner/.m2/repository/org/eclipse/jetty/jetty-client/9.4.40.v20210413/jetty-client-9.4.40.v20210413.jar:/home/runner/.m2/repository/org/eclipse/jetty/websocket/websocket-common/9.4.40.v20210413/websocket-common-9.4.40.v20210413.jar:/home/runner/.m2/repository/org/eclipse/jetty/websocket/websocket-api/9.4.40.v20210413/websocket-api-9.4.40.v20210413.jar:/home/runner/.m2/repository/org/jline/jline/3.9.0/jline-3.9.0.jar:/home/runner/.m2/repository/org/apache/hadoop/hadoop-mapreduce-client-core/3.3.1/hadoop-mapreduce-client-core-3.3.1.jar:/home/runner/.m2/repository/org/apache/avro/avro/1.7.7/avro-1.7.7.jar:/home/runner/.m2/repository/org/codehaus/jackson/jackson-core-asl/1.9.13/jackson-core-asl-1.9.13.jar:/home/runner/.m2/repository/org/codehaus/jackson/jackson-mapper-asl/1.9.13/jackson-mapper-asl-1.9.13.jar:/home/runner/.m2/repository/com/thoughtworks/paranamer/paranamer/2.3/paranamer-2.3.jar:/home/runner/.m2/repository/org/apache/hadoop/hadoop-annotations/3.3.1/hadoop-annotations-3.3.1.jar:/usr/lib/jvm/adoptopenjdk-8-hotspot-amd64/jre/../lib/tools.jar:/home/runner/.m2/repository/org/apache/hadoop/hadoop-distcp/3.3.1/hadoop-distcp-3.3.1-tests.jar:/home/runner/.m2/repository/org/apache/ratis/ratis-common/2.2.0/ratis-common-2.2.0.jar:/home/runner/.m2/repository/org/apache/ratis/ratis-thirdparty-misc/0.7.0/ratis-thirdparty-misc-0.7.0.jar:/home/runner/.m2/repository/org/apache/ratis/ratis-proto/2.2.0/ratis-proto-2.2.0.jar:"/>
    <property name="sun.cpu.endian" value="little"/>
    <property name="user.home" value="/home/runner"/>
    <property name="user.language" value="en"/>
    <property name="java.specification.vendor" value="Oracle Corporation"/>
    <property name="java.home" value="/usr/lib/jvm/adoptopenjdk-8-hotspot-amd64/jre"/>
    <property name="java.security.krb5.conf" value="/home/runner/work/ozone/ozone/hadoop-ozone/integration-test/target/test-classes/krb5.conf"/>
    <property name="basedir" value="/home/runner/work/ozone/ozone/hadoop-ozone/integration-test"/>
    <property name="file.separator" value="/"/>
    <property name="line.separator" value="&#10;"/>
    <property name="java.vm.specification.vendor" value="Oracle Corporation"/>
    <property name="java.specification.name" value="Java Platform API Specification"/>
    <property name="java.awt.graphicsenv" value="sun.awt.X11GraphicsEnvironment"/>
    <property name="skip.installnpx" value="true"/>
    <property name="surefire.real.class.path" value="/home/runner/work/ozone/ozone/hadoop-ozone/integration-test/target/surefire/surefirebooter1761483285819393087.jar:/home/runner/.m2/repository/org/jacoco/org.jacoco.agent/0.8.5/org.jacoco.agent-0.8.5-runtime.jar"/>
    <property name="hadoop.log.dir" value="/home/runner/work/ozone/ozone/hadoop-ozone/integration-test/target/log"/>
    <property name="sun.boot.class.path" value="/usr/lib/jvm/adoptopenjdk-8-hotspot-amd64/jre/lib/resources.jar:/usr/lib/jvm/adoptopenjdk-8-hotspot-amd64/jre/lib/rt.jar:/usr/lib/jvm/adoptopenjdk-8-hotspot-amd64/jre/lib/sunrsasign.jar:/usr/lib/jvm/adoptopenjdk-8-hotspot-amd64/jre/lib/jsse.jar:/usr/lib/jvm/adoptopenjdk-8-hotspot-amd64/jre/lib/jce.jar:/usr/lib/jvm/adoptopenjdk-8-hotspot-amd64/jre/lib/charsets.jar:/usr/lib/jvm/adoptopenjdk-8-hotspot-amd64/jre/lib/jfr.jar:/usr/lib/jvm/adoptopenjdk-8-hotspot-amd64/jre/classes"/>
    <property name="sun.management.compiler" value="HotSpot 64-Bit Tiered Compilers"/>
    <property name="skip.npx" value="true"/>
    <property name="java.runtime.version" value="1.8.0_292-b10"/>
    <property name="java.net.preferIPv4Stack" value="true"/>
    <property name="user.name" value="runner"/>
    <property name="path.separator" value=":"/>
    <property name="java.security.egd" value="file:///dev/urandom"/>
    <property name="os.version" value="5.4.0-1065-azure"/>
    <property name="java.endorsed.dirs" value="/usr/lib/jvm/adoptopenjdk-8-hotspot-amd64/jre/lib/endorsed"/>
    <property name="java.runtime.name" value="OpenJDK Runtime Environment"/>
    <property name="file.encoding" value="UTF-8"/>
    <property name="java.vm.name" value="OpenJDK 64-Bit Server VM"/>
    <property name="test.build.webapps" value=""/>
    <property name="localRepository" value="/home/runner/.m2/repository"/>
    <property name="java.vendor.url.bug" value="https://github.com/AdoptOpenJDK/openjdk-support/issues"/>
    <property name="java.io.tmpdir" value="/tmp"/>
    <property name="require.test.libhadoop" value=""/>
    <property name="java.version" value="1.8.0_292"/>
    <property name="user.dir" value="/home/runner/work/ozone/ozone/hadoop-ozone/integration-test"/>
    <property name="os.arch" value="amd64"/>
    <property name="java.vm.specification.name" value="Java Virtual Machine Specification"/>
    <property name="test.build.classes" value="/home/runner/work/ozone/ozone/hadoop-ozone/integration-test/target/test-classes"/>
    <property name="java.awt.printerjob" value="sun.print.PSPrinterJob"/>
    <property name="sun.os.patch.level" value="unknown"/>
    <property name="hadoop.tmp.dir" value="/home/runner/work/ozone/ozone/hadoop-ozone/integration-test/target/tmp"/>
    <property name="java.library.path" value="/usr/java/packages/lib/amd64:/usr/lib64:/lib64:/lib:/usr/lib"/>
    <property name="java.vm.info" value="mixed mode"/>
    <property name="java.vendor" value="AdoptOpenJDK"/>
    <property name="java.vm.version" value="25.292-b10"/>
    <property name="java.ext.dirs" value="/usr/lib/jvm/adoptopenjdk-8-hotspot-amd64/jre/lib/ext:/usr/java/packages/lib/ext"/>
    <property name="sun.io.unicode.encoding" value="UnicodeLittle"/>
    <property name="java.class.version" value="52.0"/>
  </properties>
  <testcase name="testPrepareFailsWhenTwoOmsAreDown" classname="org.apache.hadoop.ozone.om.TestOzoneManagerPrepare" time="0">
    <skipped message="Saving on CI time since this is a pessimistic test. We should not be able to do anything with 2 OMs down."/>
    <system-out><![CDATA[2022-01-18 07:37:21,242 [main] WARN  server.ServerUtils (ServerUtils.java:getScmDbDir(148)) - ozone.scm.db.dirs is not configured. We recommend adding this setting. Falling back to ozone.metadata.dirs instead.
2022-01-18 07:37:21,297 [main] INFO  ha.SCMHANodeDetails (SCMHANodeDetails.java:loadSCMHAConfig(157)) - ServiceID for StorageContainerManager is null
2022-01-18 07:37:21,297 [main] INFO  ha.SCMHANodeDetails (SCMHANodeDetails.java:loadSCMHAConfig(162)) - ozone.scm.default.service.id is not defined, falling back to ozone.scm.service.ids to find serviceID for StorageContainerManager if it is HA enabled cluster
2022-01-18 07:37:21,486 [main] INFO  server.RaftServer (ConfUtils.java:logGet(44)) - raft.rpc.type = GRPC (default)
2022-01-18 07:37:21,592 [main] INFO  grpc.GrpcFactory (GrpcFactory.java:checkPooledByteBufAllocatorUseCacheForAllThreads(48)) - PERFORMANCE WARNING: useCacheForAllThreads is true that may cause Netty to create a lot garbage objects and, as a result, trigger GC.
	It is recommended to disable useCacheForAllThreads by setting -Dorg.apache.ratis.thirdparty.io.netty.allocator.useCacheForAllThreads=false in command line.
2022-01-18 07:37:21,598 [main] INFO  grpc.GrpcConfigKeys (ConfUtils.java:logGet(44)) - raft.grpc.admin.port = -1 (default)
2022-01-18 07:37:21,599 [main] INFO  grpc.GrpcConfigKeys (ConfUtils.java:logGet(44)) - raft.grpc.server.port = 9894 (custom)
2022-01-18 07:37:21,600 [main] INFO  grpc.GrpcConfigKeys (ConfUtils.java:logGet(44)) - raft.grpc.client.port = -1 (default)
2022-01-18 07:37:21,600 [main] INFO  grpc.GrpcConfigKeys (ConfUtils.java:logGet(44)) - raft.grpc.server.port = 9894 (custom)
2022-01-18 07:37:21,601 [main] INFO  grpc.GrpcConfigKeys (ConfUtils.java:logGet(44)) - raft.grpc.server.port = 9894 (custom)
2022-01-18 07:37:21,601 [main] INFO  server.GrpcService (ConfUtils.java:logGet(44)) - raft.grpc.message.size.max = 32m (=33554432) (custom)
2022-01-18 07:37:21,603 [main] INFO  server.RaftServerConfigKeys (ConfUtils.java:logGet(44)) - raft.server.log.appender.buffer.byte-limit = 33554432 (custom)
2022-01-18 07:37:21,604 [main] INFO  server.GrpcService (ConfUtils.java:logGet(44)) - raft.grpc.flow.control.window = 1MB (=1048576) (default)
2022-01-18 07:37:21,605 [main] INFO  server.RaftServerConfigKeys (ConfUtils.java:logGet(44)) - raft.server.rpc.request.timeout = 30000ms (custom)
2022-01-18 07:37:21,959 [main] INFO  impl.DataStreamServerImpl (ConfUtils.java:logGet(44)) - raft.datastream.type = DISABLED (default)
2022-01-18 07:37:21,961 [main] INFO  server.RaftServerConfigKeys (ConfUtils.java:logGet(44)) - raft.server.rpc.slowness.timeout = 120000ms (custom)
2022-01-18 07:37:21,963 [main] INFO  server.RaftServerConfigKeys (ConfUtils.java:logGet(44)) - raft.server.leaderelection.leader.step-down.wait-time = 10s (default)
2022-01-18 07:37:21,979 [main] INFO  server.RaftServerConfigKeys (ConfUtils.java:logGet(44)) - raft.server.storage.dir = [/home/runner/work/ozone/ozone/hadoop-ozone/integration-test/target/test-dir/MiniOzoneClusterImpl-b5dc639d-ec1c-4769-97cf-b7d3d1b0d53f/ozone-meta/scm-ha] (custom)
2022-01-18 07:37:21,986 [main] INFO  server.RaftServer (RaftServerProxy.java:addNew(95)) - 72d5b9e4-4958-4d9a-b931-603b7e0a3ea2: addNew group-B7D3D1B0D53F:[72d5b9e4-4958-4d9a-b931-603b7e0a3ea2|rpc:fv-az270-89:9894|priority:0] returns group-B7D3D1B0D53F:java.util.concurrent.CompletableFuture@5782d777[Not completed]
2022-01-18 07:37:22,009 [pool-1-thread-1] INFO  server.RaftServer$Division (RaftServerImpl.java:<init>(184)) - 72d5b9e4-4958-4d9a-b931-603b7e0a3ea2: new RaftServerImpl for group-B7D3D1B0D53F:[72d5b9e4-4958-4d9a-b931-603b7e0a3ea2|rpc:fv-az270-89:9894|priority:0] with SCMStateMachine:uninitialized
2022-01-18 07:37:22,012 [pool-1-thread-1] INFO  server.RaftServerConfigKeys (ConfUtils.java:logGet(44)) - raft.server.rpc.timeout.min = 5000ms (custom)
2022-01-18 07:37:22,012 [pool-1-thread-1] INFO  server.RaftServerConfigKeys (ConfUtils.java:logGet(44)) - raft.server.rpc.timeout.max = 5200ms (custom)
2022-01-18 07:37:22,012 [pool-1-thread-1] INFO  server.RaftServerConfigKeys (ConfUtils.java:logGet(44)) - raft.server.rpc.sleep.time = 25ms (default)
2022-01-18 07:37:22,013 [pool-1-thread-1] INFO  server.RaftServerConfigKeys (ConfUtils.java:logGet(44)) - raft.server.rpc.slowness.timeout = 120000ms (custom)
2022-01-18 07:37:22,014 [pool-1-thread-1] INFO  server.RaftServerConfigKeys (ConfUtils.java:logGet(44)) - raft.server.leaderelection.leader.step-down.wait-time = 10s (default)
2022-01-18 07:37:22,014 [pool-1-thread-1] INFO  server.RaftServerConfigKeys (ConfUtils.java:logGet(44)) - raft.server.sleep.deviation.threshold = 300ms (default)
2022-01-18 07:37:22,014 [pool-1-thread-1] INFO  server.RaftServerConfigKeys (ConfUtils.java:logGet(44)) - raft.server.log.appender.install.snapshot.enabled = false (custom)
2022-01-18 07:37:22,020 [pool-1-thread-1] INFO  server.RaftServer$Division (ServerState.java:<init>(105)) - 72d5b9e4-4958-4d9a-b931-603b7e0a3ea2@group-B7D3D1B0D53F: ConfigurationManager, init=-1: [72d5b9e4-4958-4d9a-b931-603b7e0a3ea2|rpc:fv-az270-89:9894|priority:0], old=null, confs=<EMPTY_MAP>
2022-01-18 07:37:22,020 [pool-1-thread-1] INFO  server.RaftServerConfigKeys (ConfUtils.java:logGet(44)) - raft.server.storage.dir = [/home/runner/work/ozone/ozone/hadoop-ozone/integration-test/target/test-dir/MiniOzoneClusterImpl-b5dc639d-ec1c-4769-97cf-b7d3d1b0d53f/ozone-meta/scm-ha] (custom)
2022-01-18 07:37:22,027 [pool-1-thread-1] INFO  server.RaftServerConfigKeys (ConfUtils.java:logGet(44)) - raft.server.log.corruption.policy = EXCEPTION (default)
2022-01-18 07:37:22,027 [pool-1-thread-1] INFO  server.RaftServerConfigKeys (ConfUtils.java:logGet(44)) - raft.server.storage.free-space.min = 0MB (=0) (default)
2022-01-18 07:37:22,029 [pool-1-thread-1] INFO  storage.RaftStorageDirectory (RaftStorageDirectoryImpl.java:analyzeStorage(135)) - The storage directory /home/runner/work/ozone/ozone/hadoop-ozone/integration-test/target/test-dir/MiniOzoneClusterImpl-b5dc639d-ec1c-4769-97cf-b7d3d1b0d53f/ozone-meta/scm-ha/b5dc639d-ec1c-4769-97cf-b7d3d1b0d53f does not exist. Creating ...
2022-01-18 07:37:22,035 [pool-1-thread-1] INFO  storage.RaftStorageDirectory (RaftStorageDirectoryImpl.java:tryLock(230)) - Lock on /home/runner/work/ozone/ozone/hadoop-ozone/integration-test/target/test-dir/MiniOzoneClusterImpl-b5dc639d-ec1c-4769-97cf-b7d3d1b0d53f/ozone-meta/scm-ha/b5dc639d-ec1c-4769-97cf-b7d3d1b0d53f/in_use.lock acquired by nodename 8507@fv-az270-89
2022-01-18 07:37:22,042 [pool-1-thread-1] INFO  storage.RaftStorage (RaftStorageImpl.java:format(89)) - Storage directory /home/runner/work/ozone/ozone/hadoop-ozone/integration-test/target/test-dir/MiniOzoneClusterImpl-b5dc639d-ec1c-4769-97cf-b7d3d1b0d53f/ozone-meta/scm-ha/b5dc639d-ec1c-4769-97cf-b7d3d1b0d53f has been successfully formatted.
2022-01-18 07:37:22,045 [pool-1-thread-1] INFO  server.RaftServerConfigKeys (ConfUtils.java:logGet(44)) - raft.server.notification.no-leader.timeout = 60s (default)
2022-01-18 07:37:22,047 [pool-1-thread-1] INFO  server.RaftServerConfigKeys (ConfUtils.java:logGet(44)) - raft.server.log.use.memory = false (default)
2022-01-18 07:37:22,056 [pool-1-thread-1] INFO  server.RaftServerConfigKeys (ConfUtils.java:logGet(44)) - raft.server.log.purge.gap = 1000000 (custom)
2022-01-18 07:37:22,059 [pool-1-thread-1] INFO  server.RaftServerConfigKeys (ConfUtils.java:logGet(44)) - raft.server.log.appender.buffer.byte-limit = 33554432 (custom)
2022-01-18 07:37:22,069 [pool-1-thread-1] INFO  metrics.MetricRegistries (MetricRegistriesLoader.java:load(64)) - Loaded MetricRegistries class org.apache.ratis.metrics.impl.MetricRegistriesImpl
2022-01-18 07:37:22,119 [pool-1-thread-1] INFO  server.RaftServerConfigKeys (ConfUtils.java:logGet(44)) - raft.server.log.segment.size.max = 4194304 (custom)
2022-01-18 07:37:22,127 [pool-1-thread-1] INFO  server.RaftServerConfigKeys (ConfUtils.java:logGet(44)) - raft.server.log.segment.cache.num.max = 2 (custom)
2022-01-18 07:37:22,128 [pool-1-thread-1] INFO  server.RaftServerConfigKeys (ConfUtils.java:logGet(44)) - raft.server.log.segment.cache.size.max = 200MB (=209715200) (default)
2022-01-18 07:37:22,134 [pool-1-thread-1] INFO  segmented.SegmentedRaftLogWorker (SegmentedRaftLogWorker.java:<init>(182)) - new 72d5b9e4-4958-4d9a-b931-603b7e0a3ea2@group-B7D3D1B0D53F-SegmentedRaftLogWorker for RaftStorageImpl:Storage Directory /home/runner/work/ozone/ozone/hadoop-ozone/integration-test/target/test-dir/MiniOzoneClusterImpl-b5dc639d-ec1c-4769-97cf-b7d3d1b0d53f/ozone-meta/scm-ha/b5dc639d-ec1c-4769-97cf-b7d3d1b0d53f
2022-01-18 07:37:22,134 [pool-1-thread-1] INFO  server.RaftServerConfigKeys (ConfUtils.java:logGet(44)) - raft.server.log.queue.byte-limit = 64MB (=67108864) (default)
2022-01-18 07:37:22,135 [pool-1-thread-1] INFO  server.RaftServerConfigKeys (ConfUtils.java:logGet(44)) - raft.server.log.queue.element-limit = 4096 (default)
2022-01-18 07:37:22,136 [pool-1-thread-1] INFO  server.RaftServerConfigKeys (ConfUtils.java:logGet(44)) - raft.server.log.segment.size.max = 4194304 (custom)
2022-01-18 07:37:22,137 [pool-1-thread-1] INFO  server.RaftServerConfigKeys (ConfUtils.java:logGet(44)) - raft.server.log.preallocated.size = 4194304 (custom)
2022-01-18 07:37:22,137 [pool-1-thread-1] INFO  server.RaftServerConfigKeys (ConfUtils.java:logGet(44)) - raft.server.log.force.sync.num = 128 (default)
2022-01-18 07:37:22,138 [pool-1-thread-1] INFO  server.RaftServerConfigKeys (ConfUtils.java:logGet(44)) - raft.server.log.statemachine.data.sync = true (default)
2022-01-18 07:37:22,139 [pool-1-thread-1] INFO  server.RaftServerConfigKeys (ConfUtils.java:logGet(44)) - raft.server.log.statemachine.data.sync.timeout = 10s (default)
2022-01-18 07:37:22,139 [pool-1-thread-1] INFO  server.RaftServerConfigKeys (ConfUtils.java:logGet(44)) - raft.server.log.statemachine.data.sync.timeout.retry = -1 (default)
2022-01-18 07:37:22,147 [pool-1-thread-1] INFO  server.RaftServerConfigKeys (ConfUtils.java:logGet(44)) - raft.server.log.write.buffer.size = 64KB (=65536) (default)
2022-01-18 07:37:22,148 [pool-1-thread-1] INFO  server.RaftServerConfigKeys (ConfUtils.java:logGet(44)) - raft.server.log.statemachine.data.caching.enabled = false (default)
2022-01-18 07:37:22,154 [pool-1-thread-1] INFO  segmented.SegmentedRaftLogWorker (SegmentedRaftLogWorker.java:lambda$new$0(133)) - 72d5b9e4-4958-4d9a-b931-603b7e0a3ea2@group-B7D3D1B0D53F-SegmentedRaftLogWorker: flushIndex: setUnconditionally 0 -> -1
2022-01-18 07:37:22,154 [pool-1-thread-1] INFO  segmented.SegmentedRaftLogWorker (SegmentedRaftLogWorker.java:lambda$new$0(133)) - 72d5b9e4-4958-4d9a-b931-603b7e0a3ea2@group-B7D3D1B0D53F-SegmentedRaftLogWorker: safeCacheEvictIndex: setUnconditionally 0 -> -1
2022-01-18 07:37:22,158 [pool-1-thread-1] INFO  server.RaftServerConfigKeys (ConfUtils.java:logGet(44)) - raft.server.snapshot.auto.trigger.enabled = true (custom)
2022-01-18 07:37:22,159 [pool-1-thread-1] INFO  server.RaftServerConfigKeys (ConfUtils.java:logGet(44)) - raft.server.snapshot.auto.trigger.threshold = 1000 (custom)
2022-01-18 07:37:22,159 [pool-1-thread-1] INFO  server.RaftServerConfigKeys (ConfUtils.java:logGet(44)) - raft.server.snapshot.retention.file.num = -1 (default)
2022-01-18 07:37:22,161 [pool-1-thread-1] INFO  server.RaftServerConfigKeys (ConfUtils.java:logGet(44)) - raft.server.log.purge.upto.snapshot.index = false (default)
2022-01-18 07:37:22,162 [pool-1-thread-1] INFO  server.RaftServerConfigKeys (ConfUtils.java:logGet(44)) - raft.server.retrycache.expirytime = 60000ms (default)
2022-01-18 07:37:22,163 [pool-1-thread-1] INFO  server.RaftServerConfigKeys (ConfUtils.java:logGet(44)) - raft.server.retrycache.statistics.expirytime = 100μs (default)
2022-01-18 07:37:22,202 [main] INFO  server.RaftServer$Division (RaftServerImpl.java:start(301)) - 72d5b9e4-4958-4d9a-b931-603b7e0a3ea2@group-B7D3D1B0D53F: start as a follower, conf=-1: [72d5b9e4-4958-4d9a-b931-603b7e0a3ea2|rpc:fv-az270-89:9894|priority:0], old=null
2022-01-18 07:37:22,203 [main] INFO  server.RaftServer$Division (RaftServerImpl.java:setRole(290)) - 72d5b9e4-4958-4d9a-b931-603b7e0a3ea2@group-B7D3D1B0D53F: changes role from      null to FOLLOWER at term 0 for startAsFollower
2022-01-18 07:37:22,205 [main] INFO  impl.RoleInfo (RoleInfo.java:updateAndGet(130)) - 72d5b9e4-4958-4d9a-b931-603b7e0a3ea2: start 72d5b9e4-4958-4d9a-b931-603b7e0a3ea2@group-B7D3D1B0D53F-FollowerState
2022-01-18 07:37:22,206 [main] INFO  util.JmxRegister (JmxRegister.java:tryRegister(44)) - Successfully registered JMX Bean with object name Ratis:service=RaftServer,group=group-B7D3D1B0D53F,id=72d5b9e4-4958-4d9a-b931-603b7e0a3ea2
2022-01-18 07:37:22,209 [main] INFO  server.RaftServer (RaftServerProxy.java:lambda$start$5(374)) - 72d5b9e4-4958-4d9a-b931-603b7e0a3ea2: start RPC server
2022-01-18 07:37:22,278 [main] INFO  server.GrpcService (GrpcService.java:startImpl(253)) - 72d5b9e4-4958-4d9a-b931-603b7e0a3ea2: GrpcService started, listening on 9894
2022-01-18 07:37:22,285 [org.apache.ratis.util.JvmPauseMonitor$$Lambda$422/1423507882@63716833] INFO  util.JvmPauseMonitor (JvmPauseMonitor.java:run(103)) - JvmPauseMonitor-72d5b9e4-4958-4d9a-b931-603b7e0a3ea2: Started
2022-01-18 07:37:27,395 [72d5b9e4-4958-4d9a-b931-603b7e0a3ea2@group-B7D3D1B0D53F-FollowerState] INFO  impl.FollowerState (FollowerState.java:run(134)) - 72d5b9e4-4958-4d9a-b931-603b7e0a3ea2@group-B7D3D1B0D53F-FollowerState: change to CANDIDATE, lastRpcElapsedTime:5190270699ns, electionTimeout:5184ms
2022-01-18 07:37:27,396 [72d5b9e4-4958-4d9a-b931-603b7e0a3ea2@group-B7D3D1B0D53F-FollowerState] INFO  impl.RoleInfo (RoleInfo.java:shutdownFollowerState(108)) - 72d5b9e4-4958-4d9a-b931-603b7e0a3ea2: shutdown 72d5b9e4-4958-4d9a-b931-603b7e0a3ea2@group-B7D3D1B0D53F-FollowerState
2022-01-18 07:37:27,401 [72d5b9e4-4958-4d9a-b931-603b7e0a3ea2@group-B7D3D1B0D53F-FollowerState] INFO  server.RaftServer$Division (RaftServerImpl.java:setRole(290)) - 72d5b9e4-4958-4d9a-b931-603b7e0a3ea2@group-B7D3D1B0D53F: changes role from  FOLLOWER to CANDIDATE at term 0 for changeToCandidate
2022-01-18 07:37:27,404 [72d5b9e4-4958-4d9a-b931-603b7e0a3ea2@group-B7D3D1B0D53F-FollowerState] INFO  server.RaftServerConfigKeys (ConfUtils.java:logGet(44)) - raft.server.leaderelection.pre-vote = false (custom)
2022-01-18 07:37:27,405 [72d5b9e4-4958-4d9a-b931-603b7e0a3ea2@group-B7D3D1B0D53F-FollowerState] INFO  impl.RoleInfo (RoleInfo.java:updateAndGet(130)) - 72d5b9e4-4958-4d9a-b931-603b7e0a3ea2: start 72d5b9e4-4958-4d9a-b931-603b7e0a3ea2@group-B7D3D1B0D53F-LeaderElection1
2022-01-18 07:37:27,409 [72d5b9e4-4958-4d9a-b931-603b7e0a3ea2@group-B7D3D1B0D53F-LeaderElection1] INFO  impl.LeaderElection (LeaderElection.java:askForVotes(306)) - 72d5b9e4-4958-4d9a-b931-603b7e0a3ea2@group-B7D3D1B0D53F-LeaderElection1 ELECTION round 0: submit vote requests at term 1 for -1: [72d5b9e4-4958-4d9a-b931-603b7e0a3ea2|rpc:fv-az270-89:9894|priority:0], old=null
2022-01-18 07:37:27,410 [72d5b9e4-4958-4d9a-b931-603b7e0a3ea2@group-B7D3D1B0D53F-LeaderElection1] INFO  impl.LeaderElection (LeaderElection.java:askForVotes(308)) - 72d5b9e4-4958-4d9a-b931-603b7e0a3ea2@group-B7D3D1B0D53F-LeaderElection1 ELECTION round 0: result PASSED (term=1)
2022-01-18 07:37:27,410 [72d5b9e4-4958-4d9a-b931-603b7e0a3ea2@group-B7D3D1B0D53F-LeaderElection1] INFO  impl.RoleInfo (RoleInfo.java:shutdownLeaderElection(121)) - 72d5b9e4-4958-4d9a-b931-603b7e0a3ea2: shutdown 72d5b9e4-4958-4d9a-b931-603b7e0a3ea2@group-B7D3D1B0D53F-LeaderElection1
2022-01-18 07:37:27,411 [72d5b9e4-4958-4d9a-b931-603b7e0a3ea2@group-B7D3D1B0D53F-LeaderElection1] INFO  server.RaftServer$Division (RaftServerImpl.java:setRole(290)) - 72d5b9e4-4958-4d9a-b931-603b7e0a3ea2@group-B7D3D1B0D53F: changes role from CANDIDATE to LEADER at term 1 for changeToLeader
2022-01-18 07:37:27,411 [72d5b9e4-4958-4d9a-b931-603b7e0a3ea2@group-B7D3D1B0D53F-LeaderElection1] INFO  server.RaftServer$Division (ServerState.java:setLeader(285)) - 72d5b9e4-4958-4d9a-b931-603b7e0a3ea2@group-B7D3D1B0D53F: change Leader from null to 72d5b9e4-4958-4d9a-b931-603b7e0a3ea2 at term 1 for becomeLeader, leader elected after 5366ms
2022-01-18 07:37:27,417 [72d5b9e4-4958-4d9a-b931-603b7e0a3ea2@group-B7D3D1B0D53F-LeaderElection1] INFO  server.RaftServerConfigKeys (ConfUtils.java:logGet(44)) - raft.server.staging.catchup.gap = 1000 (default)
2022-01-18 07:37:27,422 [72d5b9e4-4958-4d9a-b931-603b7e0a3ea2@group-B7D3D1B0D53F-LeaderElection1] INFO  server.RaftServerConfigKeys (ConfUtils.java:logGet(44)) - raft.server.write.element-limit = 4096 (default)
2022-01-18 07:37:27,423 [72d5b9e4-4958-4d9a-b931-603b7e0a3ea2@group-B7D3D1B0D53F-LeaderElection1] INFO  server.RaftServerConfigKeys (ConfUtils.java:logGet(44)) - raft.server.write.byte-limit = 64MB (=67108864) (default)
2022-01-18 07:37:27,430 [72d5b9e4-4958-4d9a-b931-603b7e0a3ea2@group-B7D3D1B0D53F-LeaderElection1] INFO  server.RaftServerConfigKeys (ConfUtils.java:logGet(44)) - raft.server.watch.timeout = 10s (default)
2022-01-18 07:37:27,430 [72d5b9e4-4958-4d9a-b931-603b7e0a3ea2@group-B7D3D1B0D53F-LeaderElection1] INFO  server.RaftServerConfigKeys (ConfUtils.java:logGet(44)) - raft.server.watch.timeout.denomination = 1s (default)
2022-01-18 07:37:27,431 [72d5b9e4-4958-4d9a-b931-603b7e0a3ea2@group-B7D3D1B0D53F-LeaderElection1] INFO  server.RaftServerConfigKeys (ConfUtils.java:logGet(44)) - raft.server.watch.element-limit = 65536 (default)
2022-01-18 07:37:27,435 [72d5b9e4-4958-4d9a-b931-603b7e0a3ea2@group-B7D3D1B0D53F-LeaderElection1] INFO  server.RaftServerConfigKeys (ConfUtils.java:logGet(44)) - raft.server.write.element-limit = 4096 (default)
2022-01-18 07:37:27,436 [72d5b9e4-4958-4d9a-b931-603b7e0a3ea2@group-B7D3D1B0D53F-LeaderElection1] INFO  server.RaftServerConfigKeys (ConfUtils.java:logGet(44)) - raft.server.write.follower.gap.ratio.max = -1.0 (default)
2022-01-18 07:37:27,439 [72d5b9e4-4958-4d9a-b931-603b7e0a3ea2@group-B7D3D1B0D53F-LeaderElection1] INFO  impl.RoleInfo (RoleInfo.java:updateAndGet(130)) - 72d5b9e4-4958-4d9a-b931-603b7e0a3ea2: start 72d5b9e4-4958-4d9a-b931-603b7e0a3ea2@group-B7D3D1B0D53F-LeaderStateImpl
2022-01-18 07:37:27,467 [72d5b9e4-4958-4d9a-b931-603b7e0a3ea2@group-B7D3D1B0D53F-LeaderElection1] INFO  segmented.SegmentedRaftLogWorker (SegmentedRaftLogWorker.java:startLogSegment(394)) - 72d5b9e4-4958-4d9a-b931-603b7e0a3ea2@group-B7D3D1B0D53F-SegmentedRaftLogWorker: Starting segment from index:0
2022-01-18 07:37:27,544 [72d5b9e4-4958-4d9a-b931-603b7e0a3ea2@group-B7D3D1B0D53F-LeaderElection1] INFO  server.RaftServer$Division (ServerState.java:setRaftConf(387)) - 72d5b9e4-4958-4d9a-b931-603b7e0a3ea2@group-B7D3D1B0D53F: set configuration 0: [72d5b9e4-4958-4d9a-b931-603b7e0a3ea2|rpc:fv-az270-89:9894|admin:|client:|dataStream:|priority:0], old=null
2022-01-18 07:37:27,571 [72d5b9e4-4958-4d9a-b931-603b7e0a3ea2@group-B7D3D1B0D53F-SegmentedRaftLogWorker] INFO  segmented.SegmentedRaftLogWorker (SegmentedRaftLogWorker.java:execute(601)) - 72d5b9e4-4958-4d9a-b931-603b7e0a3ea2@group-B7D3D1B0D53F-SegmentedRaftLogWorker: created new log segment /home/runner/work/ozone/ozone/hadoop-ozone/integration-test/target/test-dir/MiniOzoneClusterImpl-b5dc639d-ec1c-4769-97cf-b7d3d1b0d53f/ozone-meta/scm-ha/b5dc639d-ec1c-4769-97cf-b7d3d1b0d53f/current/log_inprogress_0
2022-01-18 07:37:28,288 [main] INFO  server.RaftServer (RaftServerProxy.java:lambda$close$6(391)) - 72d5b9e4-4958-4d9a-b931-603b7e0a3ea2: close
2022-01-18 07:37:28,289 [main] INFO  server.RaftServer$Division (RaftServerImpl.java:lambda$close$4(412)) - 72d5b9e4-4958-4d9a-b931-603b7e0a3ea2@group-B7D3D1B0D53F: shutdown
2022-01-18 07:37:28,290 [main] INFO  util.JmxRegister (JmxRegister.java:unregister(73)) - Successfully un-registered JMX Bean with object name Ratis:service=RaftServer,group=group-B7D3D1B0D53F,id=72d5b9e4-4958-4d9a-b931-603b7e0a3ea2
2022-01-18 07:37:28,290 [main] INFO  impl.RoleInfo (RoleInfo.java:shutdownLeaderState(91)) - 72d5b9e4-4958-4d9a-b931-603b7e0a3ea2: shutdown 72d5b9e4-4958-4d9a-b931-603b7e0a3ea2@group-B7D3D1B0D53F-LeaderStateImpl
2022-01-18 07:37:28,299 [main] INFO  impl.PendingRequests (PendingRequests.java:sendNotLeaderResponses(282)) - 72d5b9e4-4958-4d9a-b931-603b7e0a3ea2@group-B7D3D1B0D53F-PendingRequests: sendNotLeaderResponses
2022-01-18 07:37:28,301 [main] INFO  impl.StateMachineUpdater (StateMachineUpdater.java:stopAndJoin(149)) - 72d5b9e4-4958-4d9a-b931-603b7e0a3ea2@group-B7D3D1B0D53F-StateMachineUpdater: set stopIndex = 0
2022-01-18 07:37:28,301 [72d5b9e4-4958-4d9a-b931-603b7e0a3ea2@group-B7D3D1B0D53F-StateMachineUpdater] INFO  impl.StateMachineUpdater (StateMachineUpdater.java:takeSnapshot(281)) - 72d5b9e4-4958-4d9a-b931-603b7e0a3ea2@group-B7D3D1B0D53F-StateMachineUpdater: Took a snapshot at index 0
2022-01-18 07:37:28,302 [72d5b9e4-4958-4d9a-b931-603b7e0a3ea2@group-B7D3D1B0D53F-StateMachineUpdater] INFO  impl.StateMachineUpdater (StateMachineUpdater.java:lambda$new$0(89)) - 72d5b9e4-4958-4d9a-b931-603b7e0a3ea2@group-B7D3D1B0D53F-StateMachineUpdater: snapshotIndex: updateIncreasingly -1 -> 0
2022-01-18 07:37:28,306 [main] INFO  server.RaftServer$Division (ServerState.java:close(419)) - 72d5b9e4-4958-4d9a-b931-603b7e0a3ea2@group-B7D3D1B0D53F: closes. applyIndex: 0
2022-01-18 07:37:28,307 [72d5b9e4-4958-4d9a-b931-603b7e0a3ea2@group-B7D3D1B0D53F-SegmentedRaftLogWorker] INFO  segmented.SegmentedRaftLogWorker (SegmentedRaftLogWorker.java:run(327)) - 72d5b9e4-4958-4d9a-b931-603b7e0a3ea2@group-B7D3D1B0D53F-SegmentedRaftLogWorker was interrupted, exiting. There are 0 tasks remaining in the queue.
2022-01-18 07:37:28,312 [main] INFO  segmented.SegmentedRaftLogWorker (SegmentedRaftLogWorker.java:close(237)) - 72d5b9e4-4958-4d9a-b931-603b7e0a3ea2@group-B7D3D1B0D53F-SegmentedRaftLogWorker close()
2022-01-18 07:37:28,314 [main] INFO  server.GrpcService (GrpcService.java:closeImpl(262)) - 72d5b9e4-4958-4d9a-b931-603b7e0a3ea2: shutdown server with port 9894 now
2022-01-18 07:37:28,322 [main] INFO  server.GrpcService (GrpcService.java:closeImpl(271)) - 72d5b9e4-4958-4d9a-b931-603b7e0a3ea2: shutdown server with port 9894 successfully
2022-01-18 07:37:28,323 [org.apache.ratis.util.JvmPauseMonitor$$Lambda$422/1423507882@63716833] INFO  util.JvmPauseMonitor (JvmPauseMonitor.java:run(109)) - JvmPauseMonitor-72d5b9e4-4958-4d9a-b931-603b7e0a3ea2: Stopped
2022-01-18 07:37:28,351 [main] INFO  ha.SCMHANodeDetails (SCMHANodeDetails.java:loadSCMHAConfig(157)) - ServiceID for StorageContainerManager is null
2022-01-18 07:37:28,351 [main] INFO  ha.SCMHANodeDetails (SCMHANodeDetails.java:loadSCMHAConfig(162)) - ozone.scm.default.service.id is not defined, falling back to ozone.scm.service.ids to find serviceID for StorageContainerManager if it is HA enabled cluster
2022-01-18 07:37:28,373 [main] WARN  server.ServerUtils (ServerUtils.java:getScmDbDir(148)) - ozone.scm.db.dirs is not configured. We recommend adding this setting. Falling back to ozone.metadata.dirs instead.
2022-01-18 07:37:28,376 [main] INFO  upgrade.AbstractLayoutVersionManager (AbstractLayoutVersionManager.java:init(79)) - Initializing Layout version manager with metadata layout = SCM_HA (version = 2), software layout = SCM_HA (version = 2)
2022-01-18 07:37:28,513 [main] INFO  reflections.Reflections (Reflections.java:scan(232)) - Reflections took 110 ms to scan 7 urls, producing 119 keys and 279 values 
2022-01-18 07:37:29,001 [main] WARN  utils.HAUtils (HAUtils.java:getMetaDir(342)) - ozone.scm.db.dirs is not configured. We recommend adding this setting. Falling back to ozone.metadata.dirs instead.
2022-01-18 07:37:29,171 [main] WARN  db.DBStoreBuilder (DBStoreBuilder.java:applyDBDefinition(145)) - ozone.scm.db.dirs is not configured. We recommend adding this setting. Falling back to ozone.metadata.dirs instead.
2022-01-18 07:37:29,365 [main] INFO  net.NodeSchemaLoader (NodeSchemaLoader.java:loadSchemaFromFile(129)) - Loading schema from [jar:file:/home/runner/.m2/repository/org/apache/ozone/hdds-common/1.3.0-SNAPSHOT/hdds-common-1.3.0-SNAPSHOT.jar!/network-topology-default.xml]
2022-01-18 07:37:29,367 [main] INFO  net.NodeSchemaLoader (NodeSchemaLoader.java:loadSchema(176)) - Loading network topology layer schema file
2022-01-18 07:37:29,442 [main] INFO  ha.SCMRatisServerImpl (SCMRatisServerImpl.java:<init>(87)) - starting Raft server for scm:72d5b9e4-4958-4d9a-b931-603b7e0a3ea2
2022-01-18 07:37:29,447 [main] INFO  server.RaftServer (ConfUtils.java:logGet(44)) - raft.rpc.type = GRPC (default)
2022-01-18 07:37:29,448 [main] INFO  grpc.GrpcFactory (GrpcFactory.java:checkPooledByteBufAllocatorUseCacheForAllThreads(48)) - PERFORMANCE WARNING: useCacheForAllThreads is true that may cause Netty to create a lot garbage objects and, as a result, trigger GC.
	It is recommended to disable useCacheForAllThreads by setting -Dorg.apache.ratis.thirdparty.io.netty.allocator.useCacheForAllThreads=false in command line.
2022-01-18 07:37:29,448 [main] INFO  grpc.GrpcConfigKeys (ConfUtils.java:logGet(44)) - raft.grpc.admin.port = -1 (default)
2022-01-18 07:37:29,448 [main] INFO  grpc.GrpcConfigKeys (ConfUtils.java:logGet(44)) - raft.grpc.server.port = 9894 (custom)
2022-01-18 07:37:29,448 [main] INFO  grpc.GrpcConfigKeys (ConfUtils.java:logGet(44)) - raft.grpc.client.port = -1 (default)
2022-01-18 07:37:29,449 [main] INFO  grpc.GrpcConfigKeys (ConfUtils.java:logGet(44)) - raft.grpc.server.port = 9894 (custom)
2022-01-18 07:37:29,449 [main] INFO  grpc.GrpcConfigKeys (ConfUtils.java:logGet(44)) - raft.grpc.server.port = 9894 (custom)
2022-01-18 07:37:29,449 [main] INFO  server.GrpcService (ConfUtils.java:logGet(44)) - raft.grpc.message.size.max = 32m (=33554432) (custom)
2022-01-18 07:37:29,449 [main] INFO  server.RaftServerConfigKeys (ConfUtils.java:logGet(44)) - raft.server.log.appender.buffer.byte-limit = 33554432 (custom)
2022-01-18 07:37:29,450 [main] INFO  server.GrpcService (ConfUtils.java:logGet(44)) - raft.grpc.flow.control.window = 1MB (=1048576) (default)
2022-01-18 07:37:29,450 [main] INFO  server.RaftServerConfigKeys (ConfUtils.java:logGet(44)) - raft.server.rpc.request.timeout = 30000ms (custom)
2022-01-18 07:37:29,455 [main] INFO  impl.DataStreamServerImpl (ConfUtils.java:logGet(44)) - raft.datastream.type = DISABLED (default)
2022-01-18 07:37:29,455 [main] INFO  server.RaftServerConfigKeys (ConfUtils.java:logGet(44)) - raft.server.rpc.slowness.timeout = 120000ms (custom)
2022-01-18 07:37:29,456 [main] INFO  server.RaftServerConfigKeys (ConfUtils.java:logGet(44)) - raft.server.leaderelection.leader.step-down.wait-time = 10s (default)
2022-01-18 07:37:29,458 [main] INFO  server.RaftServerConfigKeys (ConfUtils.java:logGet(44)) - raft.server.storage.dir = [/home/runner/work/ozone/ozone/hadoop-ozone/integration-test/target/test-dir/MiniOzoneClusterImpl-b5dc639d-ec1c-4769-97cf-b7d3d1b0d53f/ozone-meta/scm-ha] (custom)
2022-01-18 07:37:29,458 [main] INFO  server.RaftServer (RaftServerProxy.java:lambda$null$1(235)) - 72d5b9e4-4958-4d9a-b931-603b7e0a3ea2: found a subdirectory /home/runner/work/ozone/ozone/hadoop-ozone/integration-test/target/test-dir/MiniOzoneClusterImpl-b5dc639d-ec1c-4769-97cf-b7d3d1b0d53f/ozone-meta/scm-ha/b5dc639d-ec1c-4769-97cf-b7d3d1b0d53f
2022-01-18 07:37:29,461 [main] INFO  server.RaftServer (RaftServerProxy.java:addNew(95)) - 72d5b9e4-4958-4d9a-b931-603b7e0a3ea2: addNew group-B7D3D1B0D53F:[] returns group-B7D3D1B0D53F:java.util.concurrent.CompletableFuture@6af87130[Not completed]
2022-01-18 07:37:29,465 [pool-16-thread-1] INFO  server.RaftServer$Division (RaftServerImpl.java:<init>(184)) - 72d5b9e4-4958-4d9a-b931-603b7e0a3ea2: new RaftServerImpl for group-B7D3D1B0D53F:[] with SCMStateMachine:uninitialized
2022-01-18 07:37:29,465 [pool-16-thread-1] INFO  server.RaftServerConfigKeys (ConfUtils.java:logGet(44)) - raft.server.rpc.timeout.min = 5000ms (custom)
2022-01-18 07:37:29,465 [pool-16-thread-1] INFO  server.RaftServerConfigKeys (ConfUtils.java:logGet(44)) - raft.server.rpc.timeout.max = 5200ms (custom)
2022-01-18 07:37:29,465 [pool-16-thread-1] INFO  server.RaftServerConfigKeys (ConfUtils.java:logGet(44)) - raft.server.rpc.sleep.time = 25ms (default)
2022-01-18 07:37:29,465 [pool-16-thread-1] INFO  server.RaftServerConfigKeys (ConfUtils.java:logGet(44)) - raft.server.rpc.slowness.timeout = 120000ms (custom)
2022-01-18 07:37:29,466 [pool-16-thread-1] INFO  server.RaftServerConfigKeys (ConfUtils.java:logGet(44)) - raft.server.leaderelection.leader.step-down.wait-time = 10s (default)
2022-01-18 07:37:29,466 [pool-16-thread-1] INFO  server.RaftServerConfigKeys (ConfUtils.java:logGet(44)) - raft.server.sleep.deviation.threshold = 300ms (default)
2022-01-18 07:37:29,466 [pool-16-thread-1] INFO  server.RaftServerConfigKeys (ConfUtils.java:logGet(44)) - raft.server.log.appender.install.snapshot.enabled = false (custom)
2022-01-18 07:37:29,466 [pool-16-thread-1] INFO  server.RaftServer$Division (ServerState.java:<init>(105)) - 72d5b9e4-4958-4d9a-b931-603b7e0a3ea2@group-B7D3D1B0D53F: ConfigurationManager, init=-1: [], old=null, confs=<EMPTY_MAP>
2022-01-18 07:37:29,466 [pool-16-thread-1] INFO  server.RaftServerConfigKeys (ConfUtils.java:logGet(44)) - raft.server.storage.dir = [/home/runner/work/ozone/ozone/hadoop-ozone/integration-test/target/test-dir/MiniOzoneClusterImpl-b5dc639d-ec1c-4769-97cf-b7d3d1b0d53f/ozone-meta/scm-ha] (custom)
2022-01-18 07:37:29,467 [pool-16-thread-1] INFO  server.RaftServerConfigKeys (ConfUtils.java:logGet(44)) - raft.server.log.corruption.policy = EXCEPTION (default)
2022-01-18 07:37:29,467 [pool-16-thread-1] INFO  server.RaftServerConfigKeys (ConfUtils.java:logGet(44)) - raft.server.storage.free-space.min = 0MB (=0) (default)
2022-01-18 07:37:29,471 [pool-16-thread-1] INFO  storage.RaftStorageDirectory (RaftStorageDirectoryImpl.java:tryLock(230)) - Lock on /home/runner/work/ozone/ozone/hadoop-ozone/integration-test/target/test-dir/MiniOzoneClusterImpl-b5dc639d-ec1c-4769-97cf-b7d3d1b0d53f/ozone-meta/scm-ha/b5dc639d-ec1c-4769-97cf-b7d3d1b0d53f/in_use.lock acquired by nodename 8507@fv-az270-89
2022-01-18 07:37:29,472 [pool-16-thread-1] INFO  storage.RaftStorage (RaftStorageImpl.java:analyzeAndRecoverStorage(110)) - Read RaftStorageMetadata{term=1, votedFor=72d5b9e4-4958-4d9a-b931-603b7e0a3ea2} from /home/runner/work/ozone/ozone/hadoop-ozone/integration-test/target/test-dir/MiniOzoneClusterImpl-b5dc639d-ec1c-4769-97cf-b7d3d1b0d53f/ozone-meta/scm-ha/b5dc639d-ec1c-4769-97cf-b7d3d1b0d53f/current/raft-meta
2022-01-18 07:37:29,483 [pool-16-thread-1] INFO  server.RaftServer$Division (ServerState.java:setRaftConf(387)) - 72d5b9e4-4958-4d9a-b931-603b7e0a3ea2@group-B7D3D1B0D53F: set configuration 0: [72d5b9e4-4958-4d9a-b931-603b7e0a3ea2|rpc:fv-az270-89:9894|admin:|client:|dataStream:|priority:0], old=null
2022-01-18 07:37:29,484 [pool-16-thread-1] INFO  server.RaftServerConfigKeys (ConfUtils.java:logGet(44)) - raft.server.notification.no-leader.timeout = 60s (default)
2022-01-18 07:37:29,484 [pool-16-thread-1] INFO  server.RaftServerConfigKeys (ConfUtils.java:logGet(44)) - raft.server.log.use.memory = false (default)
2022-01-18 07:37:29,484 [pool-16-thread-1] INFO  server.RaftServerConfigKeys (ConfUtils.java:logGet(44)) - raft.server.log.purge.gap = 1000000 (custom)
2022-01-18 07:37:29,484 [pool-16-thread-1] INFO  server.RaftServerConfigKeys (ConfUtils.java:logGet(44)) - raft.server.log.appender.buffer.byte-limit = 33554432 (custom)
2022-01-18 07:37:29,487 [pool-16-thread-1] INFO  server.RaftServerConfigKeys (ConfUtils.java:logGet(44)) - raft.server.log.segment.size.max = 4194304 (custom)
2022-01-18 07:37:29,489 [pool-16-thread-1] INFO  server.RaftServerConfigKeys (ConfUtils.java:logGet(44)) - raft.server.log.segment.cache.num.max = 2 (custom)
2022-01-18 07:37:29,489 [pool-16-thread-1] INFO  server.RaftServerConfigKeys (ConfUtils.java:logGet(44)) - raft.server.log.segment.cache.size.max = 200MB (=209715200) (default)
2022-01-18 07:37:29,489 [pool-16-thread-1] INFO  segmented.SegmentedRaftLogWorker (SegmentedRaftLogWorker.java:<init>(182)) - new 72d5b9e4-4958-4d9a-b931-603b7e0a3ea2@group-B7D3D1B0D53F-SegmentedRaftLogWorker for RaftStorageImpl:Storage Directory /home/runner/work/ozone/ozone/hadoop-ozone/integration-test/target/test-dir/MiniOzoneClusterImpl-b5dc639d-ec1c-4769-97cf-b7d3d1b0d53f/ozone-meta/scm-ha/b5dc639d-ec1c-4769-97cf-b7d3d1b0d53f
2022-01-18 07:37:29,489 [pool-16-thread-1] INFO  server.RaftServerConfigKeys (ConfUtils.java:logGet(44)) - raft.server.log.queue.byte-limit = 64MB (=67108864) (default)
2022-01-18 07:37:29,492 [pool-16-thread-1] INFO  server.RaftServerConfigKeys (ConfUtils.java:logGet(44)) - raft.server.log.queue.element-limit = 4096 (default)
2022-01-18 07:37:29,494 [pool-16-thread-1] INFO  server.RaftServerConfigKeys (ConfUtils.java:logGet(44)) - raft.server.log.segment.size.max = 4194304 (custom)
2022-01-18 07:37:29,495 [pool-16-thread-1] INFO  server.RaftServerConfigKeys (ConfUtils.java:logGet(44)) - raft.server.log.preallocated.size = 4194304 (custom)
2022-01-18 07:37:29,496 [pool-16-thread-1] INFO  server.RaftServerConfigKeys (ConfUtils.java:logGet(44)) - raft.server.log.force.sync.num = 128 (default)
2022-01-18 07:37:29,496 [pool-16-thread-1] INFO  server.RaftServerConfigKeys (ConfUtils.java:logGet(44)) - raft.server.log.statemachine.data.sync = true (default)
2022-01-18 07:37:29,496 [pool-16-thread-1] INFO  server.RaftServerConfigKeys (ConfUtils.java:logGet(44)) - raft.server.log.statemachine.data.sync.timeout = 10s (default)
2022-01-18 07:37:29,496 [pool-16-thread-1] INFO  server.RaftServerConfigKeys (ConfUtils.java:logGet(44)) - raft.server.log.statemachine.data.sync.timeout.retry = -1 (default)
2022-01-18 07:37:29,497 [pool-16-thread-1] INFO  server.RaftServerConfigKeys (ConfUtils.java:logGet(44)) - raft.server.log.write.buffer.size = 64KB (=65536) (default)
2022-01-18 07:37:29,497 [pool-16-thread-1] INFO  server.RaftServerConfigKeys (ConfUtils.java:logGet(44)) - raft.server.log.statemachine.data.caching.enabled = false (default)
2022-01-18 07:37:29,504 [pool-16-thread-1] INFO  server.RaftServer$Division (ServerState.java:setRaftConf(387)) - 72d5b9e4-4958-4d9a-b931-603b7e0a3ea2@group-B7D3D1B0D53F: set configuration 0: [72d5b9e4-4958-4d9a-b931-603b7e0a3ea2|rpc:fv-az270-89:9894|admin:|client:|dataStream:|priority:0], old=null
2022-01-18 07:37:29,504 [pool-16-thread-1] INFO  segmented.LogSegment (LogSegment.java:loadSegment(173)) - Successfully read 1 entries from segment file /home/runner/work/ozone/ozone/hadoop-ozone/integration-test/target/test-dir/MiniOzoneClusterImpl-b5dc639d-ec1c-4769-97cf-b7d3d1b0d53f/ozone-meta/scm-ha/b5dc639d-ec1c-4769-97cf-b7d3d1b0d53f/current/log_inprogress_0
2022-01-18 07:37:29,505 [pool-16-thread-1] INFO  segmented.SegmentedRaftLogWorker (SegmentedRaftLogWorker.java:lambda$new$0(133)) - 72d5b9e4-4958-4d9a-b931-603b7e0a3ea2@group-B7D3D1B0D53F-SegmentedRaftLogWorker: flushIndex: setUnconditionally 0 -> 0
2022-01-18 07:37:29,505 [pool-16-thread-1] INFO  segmented.SegmentedRaftLogWorker (SegmentedRaftLogWorker.java:lambda$new$0(133)) - 72d5b9e4-4958-4d9a-b931-603b7e0a3ea2@group-B7D3D1B0D53F-SegmentedRaftLogWorker: safeCacheEvictIndex: setUnconditionally 0 -> -1
2022-01-18 07:37:29,505 [pool-16-thread-1] INFO  server.RaftServerConfigKeys (ConfUtils.java:logGet(44)) - raft.server.snapshot.auto.trigger.enabled = true (custom)
2022-01-18 07:37:29,505 [pool-16-thread-1] INFO  server.RaftServerConfigKeys (ConfUtils.java:logGet(44)) - raft.server.snapshot.auto.trigger.threshold = 1000 (custom)
2022-01-18 07:37:29,505 [pool-16-thread-1] INFO  server.RaftServerConfigKeys (ConfUtils.java:logGet(44)) - raft.server.snapshot.retention.file.num = -1 (default)
2022-01-18 07:37:29,505 [pool-16-thread-1] INFO  server.RaftServerConfigKeys (ConfUtils.java:logGet(44)) - raft.server.log.purge.upto.snapshot.index = false (default)
2022-01-18 07:37:29,506 [pool-16-thread-1] INFO  server.RaftServerConfigKeys (ConfUtils.java:logGet(44)) - raft.server.retrycache.expirytime = 60000ms (default)
2022-01-18 07:37:29,506 [pool-16-thread-1] INFO  server.RaftServerConfigKeys (ConfUtils.java:logGet(44)) - raft.server.retrycache.statistics.expirytime = 100μs (default)
2022-01-18 07:37:29,508 [main] INFO  ha.SCMSnapshotProvider (SCMSnapshotProvider.java:<init>(66)) - Initializing SCM Snapshot Provider
2022-01-18 07:37:29,509 [main] WARN  server.ServerUtils (ServerUtils.java:getDefaultRatisDirectory(237)) - Storage directory for Ratis is not configured. It is a good idea to map this to an SSD disk. Falling back to ozone.metadata.dirs
2022-01-18 07:37:29,509 [main] WARN  ha.SCMHAUtils (SCMHAUtils.java:getSCMRatisSnapshotDirectory(146)) - SCM snapshot dir is not configured. Falling back to ozone.metadata.dirs config
2022-01-18 07:37:29,626 [main] INFO  ha.SequenceIdGenerator (SequenceIdGenerator.java:upgradeToSequenceId(347)) - upgrade localId to 109611004723200000
2022-01-18 07:37:29,626 [main] INFO  ha.SequenceIdGenerator (SequenceIdGenerator.java:upgradeToSequenceId(357)) - upgrade delTxnId to 0
2022-01-18 07:37:29,630 [main] INFO  ha.SequenceIdGenerator (SequenceIdGenerator.java:upgradeToSequenceId(371)) - upgrade containerId to 0
2022-01-18 07:37:29,632 [main] INFO  ha.SequenceIdGenerator (SequenceIdGenerator.java:<init>(218)) - Init the HA SequenceIdGenerator.
2022-01-18 07:37:29,675 [main] WARN  server.ServerUtils (ServerUtils.java:sanitizeUserArgs(73)) - ozone.scm.stale.node.interval value = 300000 is larger than max = 100000 based on the key value of ozone.scm.heartbeat.thread.interval, reset to the max value 100000.
2022-01-18 07:37:29,675 [main] WARN  server.ServerUtils (ServerUtils.java:sanitizeUserArgs(73)) - ozone.scm.stale.node.interval value = 300000 is larger than max = 100000 based on the key value of ozone.scm.heartbeat.thread.interval, reset to the max value 100000.
2022-01-18 07:37:29,679 [main] INFO  node.SCMNodeManager (SCMNodeManager.java:<init>(144)) - Entering startup safe mode.
2022-01-18 07:37:29,756 [main] INFO  algorithms.ContainerPlacementPolicyFactory (ContainerPlacementPolicyFactory.java:getPolicy(60)) - Create container placement policy of type org.apache.hadoop.hdds.scm.container.placement.algorithms.SCMContainerPlacementRandom
2022-01-18 07:37:29,766 [main] INFO  pipeline.PipelineStateManagerImpl (PipelineStateManagerImpl.java:initialize(78)) - No pipeline exists in current db
2022-01-18 07:37:29,801 [main] INFO  algorithms.LeaderChoosePolicyFactory (LeaderChoosePolicyFactory.java:getPolicy(57)) - Create leader choose policy of type org.apache.hadoop.hdds.scm.pipeline.leader.choose.algorithms.MinLeaderCountChoosePolicy
2022-01-18 07:37:29,810 [main] INFO  ha.SCMServiceManager (SCMServiceManager.java:register(43)) - Registering service BackgroundPipelineCreator.
2022-01-18 07:37:29,812 [main] INFO  pipeline.BackgroundPipelineCreator (BackgroundPipelineCreator.java:start(130)) - Starting RatisPipelineUtilsThread.
2022-01-18 07:37:29,847 [main] INFO  algorithms.PipelineChoosePolicyFactory (PipelineChoosePolicyFactory.java:createPipelineChoosePolicyFromClass(73)) - Create pipeline choose policy of type org.apache.hadoop.hdds.scm.pipeline.choose.algorithms.RandomPipelineChoosePolicy
2022-01-18 07:37:29,865 [main] INFO  ha.SCMServiceManager (SCMServiceManager.java:register(43)) - Registering service SCMBlockDeletingService.
2022-01-18 07:37:29,891 [main] INFO  ha.SCMServiceManager (SCMServiceManager.java:register(43)) - Registering service ReplicationManager.
2022-01-18 07:37:29,904 [main] INFO  container.ReplicationManager (ReplicationManager.java:start(326)) - Starting Replication Monitor Thread.
2022-01-18 07:37:29,918 [ReplicationMonitor] INFO  container.ReplicationManager (ReplicationManager.java:processAll(382)) - Replication Monitor Thread took 0 milliseconds for processing 0 containers.
2022-01-18 07:37:29,921 [main] INFO  safemode.ContainerSafeModeRule (ContainerSafeModeRule.java:<init>(89)) - containers with one replica threshold count 0
2022-01-18 07:37:29,929 [main] INFO  safemode.HealthyPipelineSafeModeRule (HealthyPipelineSafeModeRule.java:initializeRule(156)) - Total pipeline count is 0, healthy pipeline threshold count is 1
2022-01-18 07:37:29,936 [main] INFO  safemode.OneReplicaPipelineSafeModeRule (OneReplicaPipelineSafeModeRule.java:initializeRule(180)) - Total pipeline count is 0, pipeline's with at least one datanode reported threshold count is 0
2022-01-18 07:37:30,336 [main] INFO  ipc.CallQueueManager (CallQueueManager.java:<init>(90)) - Using callQueue: class java.util.concurrent.LinkedBlockingQueue, queueCapacity: 2000, scheduler: class org.apache.hadoop.ipc.DefaultRpcScheduler, ipcBackoff: false.
2022-01-18 07:37:30,379 [Socket Reader #1 for port 0] INFO  ipc.Server (Server.java:run(1265)) - Starting Socket Reader #1 for port 0
2022-01-18 07:37:30,422 [Listener at 0.0.0.0/44417] INFO  ipc.CallQueueManager (CallQueueManager.java:<init>(90)) - Using callQueue: class java.util.concurrent.LinkedBlockingQueue, queueCapacity: 2000, scheduler: class org.apache.hadoop.ipc.DefaultRpcScheduler, ipcBackoff: false.
2022-01-18 07:37:30,423 [Socket Reader #1 for port 0] INFO  ipc.Server (Server.java:run(1265)) - Starting Socket Reader #1 for port 0
2022-01-18 07:37:30,447 [Listener at 0.0.0.0/41993] INFO  ipc.CallQueueManager (CallQueueManager.java:<init>(90)) - Using callQueue: class java.util.concurrent.LinkedBlockingQueue, queueCapacity: 2000, scheduler: class org.apache.hadoop.ipc.DefaultRpcScheduler, ipcBackoff: false.
2022-01-18 07:37:30,454 [Socket Reader #1 for port 0] INFO  ipc.Server (Server.java:run(1265)) - Starting Socket Reader #1 for port 0
2022-01-18 07:37:30,503 [Listener at 0.0.0.0/35457] INFO  algorithms.ContainerPlacementPolicyFactory (ContainerPlacementPolicyFactory.java:getPolicy(60)) - Create container placement policy of type org.apache.hadoop.hdds.scm.container.placement.algorithms.SCMContainerPlacementRandom
2022-01-18 07:37:30,510 [Listener at 0.0.0.0/35457] INFO  server.StorageContainerManager (StorageContainerManager.java:<init>(388)) - 
Container Balancer status:
Key                            Value
Running                        false
Container Balancer Configuration values:
Key                                                Value
Threshold                                          10
Max Datanodes to Involve per Iteration(percent)    20
Max Size to Move per Iteration                     500GB
Max Size Entering Target per Iteration             26GB
Max Size Leaving Source per Iteration              26GB

2022-01-18 07:37:30,511 [Listener at 0.0.0.0/35457] WARN  events.EventQueue (EventQueue.java:fireEvent(194)) - No event handler registered for event TypedEvent{payloadType=SafeModeStatus, name='Safe mode status'}
2022-01-18 07:37:30,511 [Listener at 0.0.0.0/35457] INFO  ha.SCMContext (SCMContext.java:updateSafeModeStatus(211)) - Update SafeModeStatus from SafeModeStatus{safeModeStatus=true, preCheckPassed=false} to SafeModeStatus{safeModeStatus=true, preCheckPassed=false}.
2022-01-18 07:37:30,514 [Listener at 0.0.0.0/35457] INFO  server.StorageContainerManager (StorageContainerManager.java:start(1303)) - StorageContainerLocationProtocol RPC server is listening at /0.0.0.0:35457
2022-01-18 07:37:30,515 [Listener at 0.0.0.0/35457] INFO  ha.SCMRatisServerImpl (SCMRatisServerImpl.java:start(177)) - starting ratis server 0.0.0.0:9894
2022-01-18 07:37:30,515 [Listener at 0.0.0.0/35457] INFO  server.RaftServer$Division (RaftServerImpl.java:start(301)) - 72d5b9e4-4958-4d9a-b931-603b7e0a3ea2@group-B7D3D1B0D53F: start as a follower, conf=0: [72d5b9e4-4958-4d9a-b931-603b7e0a3ea2|rpc:fv-az270-89:9894|admin:|client:|dataStream:|priority:0], old=null
2022-01-18 07:37:30,516 [Listener at 0.0.0.0/35457] INFO  server.RaftServer$Division (RaftServerImpl.java:setRole(290)) - 72d5b9e4-4958-4d9a-b931-603b7e0a3ea2@group-B7D3D1B0D53F: changes role from      null to FOLLOWER at term 1 for startAsFollower
2022-01-18 07:37:30,516 [Listener at 0.0.0.0/35457] INFO  impl.RoleInfo (RoleInfo.java:updateAndGet(130)) - 72d5b9e4-4958-4d9a-b931-603b7e0a3ea2: start 72d5b9e4-4958-4d9a-b931-603b7e0a3ea2@group-B7D3D1B0D53F-FollowerState
2022-01-18 07:37:30,517 [Listener at 0.0.0.0/35457] INFO  util.JmxRegister (JmxRegister.java:tryRegister(44)) - Successfully registered JMX Bean with object name Ratis:service=RaftServer,group=group-B7D3D1B0D53F,id=72d5b9e4-4958-4d9a-b931-603b7e0a3ea2
2022-01-18 07:37:30,521 [Listener at 0.0.0.0/35457] INFO  server.RaftServer (RaftServerProxy.java:lambda$start$5(374)) - 72d5b9e4-4958-4d9a-b931-603b7e0a3ea2: start RPC server
2022-01-18 07:37:30,523 [Listener at 0.0.0.0/35457] INFO  server.GrpcService (GrpcService.java:startImpl(253)) - 72d5b9e4-4958-4d9a-b931-603b7e0a3ea2: GrpcService started, listening on 9894
2022-01-18 07:37:30,525 [Listener at 0.0.0.0/35457] INFO  ha.SCMHAManagerImpl (SCMHAManagerImpl.java:start(121)) -  scm role is FOLLOWER peers [72d5b9e4-4958-4d9a-b931-603b7e0a3ea2|rpc:fv-az270-89:9894|admin:|client:|dataStream:|priority:0]
2022-01-18 07:37:30,525 [Listener at 0.0.0.0/35457] INFO  ha.InterSCMGrpcService (InterSCMGrpcProtocolService.java:start(94)) - Starting SCM Grpc Service at port 9895
2022-01-18 07:37:30,534 [org.apache.ratis.util.JvmPauseMonitor$$Lambda$422/1423507882@1d38cdde] INFO  util.JvmPauseMonitor (JvmPauseMonitor.java:run(103)) - JvmPauseMonitor-72d5b9e4-4958-4d9a-b931-603b7e0a3ea2: Started
2022-01-18 07:37:30,600 [Listener at 0.0.0.0/35457] WARN  impl.MetricsConfig (MetricsConfig.java:loadFirst(136)) - Cannot locate configuration: tried hadoop-metrics2-storagecontainermanager.properties,hadoop-metrics2.properties
2022-01-18 07:37:30,614 [Listener at 0.0.0.0/35457] INFO  impl.MetricsSystemImpl (MetricsSystemImpl.java:startTimer(378)) - Scheduled Metric snapshot period at 10 second(s).
2022-01-18 07:37:30,614 [Listener at 0.0.0.0/35457] INFO  impl.MetricsSystemImpl (MetricsSystemImpl.java:start(191)) - StorageContainerManager metrics system started
2022-01-18 07:37:30,883 [Listener at 0.0.0.0/35457] INFO  server.SCMClientProtocolServer (SCMClientProtocolServer.java:start(164)) - RPC server for Client  is listening at /0.0.0.0:35457
2022-01-18 07:37:30,885 [IPC Server Responder] INFO  ipc.Server (Server.java:run(1507)) - IPC Server Responder: starting
2022-01-18 07:37:30,890 [IPC Server listener on 0] INFO  ipc.Server (Server.java:run(1344)) - IPC Server listener on 0: starting
2022-01-18 07:37:30,895 [Listener at 0.0.0.0/35457] INFO  server.StorageContainerManager (StorageContainerManager.java:start(1318)) - ScmBlockLocationProtocol RPC server is listening at /0.0.0.0:41993
2022-01-18 07:37:30,896 [Listener at 0.0.0.0/35457] INFO  server.SCMBlockProtocolServer (SCMBlockProtocolServer.java:start(151)) - RPC server for Block Protocol is listening at /0.0.0.0:41993
2022-01-18 07:37:30,897 [IPC Server Responder] INFO  ipc.Server (Server.java:run(1507)) - IPC Server Responder: starting
2022-01-18 07:37:30,898 [IPC Server listener on 0] INFO  ipc.Server (Server.java:run(1344)) - IPC Server listener on 0: starting
2022-01-18 07:37:30,918 [org.apache.hadoop.util.JvmPauseMonitor$Monitor@7d4135c9] INFO  util.JvmPauseMonitor (JvmPauseMonitor.java:run(188)) - Starting JVM pause monitor
2022-01-18 07:37:30,932 [Listener at 0.0.0.0/35457] INFO  http.BaseHttpServer (BaseHttpServer.java:newHttpServer2BuilderForOzone(209)) - Starting Web-server for scm at: http://0.0.0.0:0
2022-01-18 07:37:30,933 [Listener at 0.0.0.0/35457] INFO  http.BaseHttpServer (BaseHttpServer.java:<init>(107)) - Hadoop Security Enabled: false Ozone Security Enabled: false Ozone HTTP Security Enabled: false 
2022-01-18 07:37:30,962 [Listener at 0.0.0.0/35457] INFO  util.log (Log.java:initialized(170)) - Logging initialized @11314ms to org.eclipse.jetty.util.log.Slf4jLog
2022-01-18 07:37:31,076 [Listener at 0.0.0.0/35457] INFO  server.AuthenticationFilter (AuthenticationFilter.java:constructSecretProvider(240)) - Unable to initialize FileSignerSecretProvider, falling back to use random secrets.
2022-01-18 07:37:31,081 [Listener at 0.0.0.0/35457] WARN  http.HttpRequestLog (HttpRequestLog.java:getRequestLog(103)) - Jetty request log can only be enabled using Log4j
2022-01-18 07:37:31,086 [Listener at 0.0.0.0/35457] INFO  http.HttpServer2 (HttpServer2.java:addGlobalFilter(1030)) - Added global filter 'safety' (class=org.apache.hadoop.hdds.server.http.HttpServer2$QuotingInputFilter)
2022-01-18 07:37:31,089 [Listener at 0.0.0.0/35457] INFO  http.HttpServer2 (HttpServer2.java:addFilter(1006)) - Added filter static_user_filter (class=org.apache.hadoop.http.lib.StaticUserWebFilter$StaticUserFilter) to context scm
2022-01-18 07:37:31,089 [Listener at 0.0.0.0/35457] INFO  http.HttpServer2 (HttpServer2.java:addFilter(1014)) - Added filter static_user_filter (class=org.apache.hadoop.http.lib.StaticUserWebFilter$StaticUserFilter) to context static
2022-01-18 07:37:31,089 [Listener at 0.0.0.0/35457] INFO  http.HttpServer2 (HttpServer2.java:addFilter(1014)) - Added filter static_user_filter (class=org.apache.hadoop.http.lib.StaticUserWebFilter$StaticUserFilter) to context logs
2022-01-18 07:37:31,131 [Listener at 0.0.0.0/35457] INFO  http.HttpServer2 (HttpServer2.java:bindListener(1249)) - Jetty bound to port 45937
2022-01-18 07:37:31,132 [Listener at 0.0.0.0/35457] INFO  server.Server (Server.java:doStart(375)) - jetty-9.4.43.v20210629; built: 2021-06-30T11:07:22.254Z; git: 526006ecfa3af7f1a27ef3a288e2bef7ea9dd7e8; jvm 1.8.0_292-b10
2022-01-18 07:37:31,165 [Listener at 0.0.0.0/35457] INFO  server.session (DefaultSessionIdManager.java:doStart(334)) - DefaultSessionIdManager workerName=node0
2022-01-18 07:37:31,166 [Listener at 0.0.0.0/35457] INFO  server.session (DefaultSessionIdManager.java:doStart(339)) - No SessionScavenger set, using defaults
2022-01-18 07:37:31,168 [Listener at 0.0.0.0/35457] INFO  server.session (HouseKeeper.java:startScavenging(132)) - node0 Scavenging every 600000ms
2022-01-18 07:37:31,181 [Listener at 0.0.0.0/35457] INFO  handler.ContextHandler (ContextHandler.java:doStart(915)) - Started o.e.j.s.ServletContextHandler@68dbe225{logs,/logs,file:///home/runner/work/ozone/ozone/hadoop-ozone/integration-test/target/log,AVAILABLE}
2022-01-18 07:37:31,181 [Listener at 0.0.0.0/35457] INFO  handler.ContextHandler (ContextHandler.java:doStart(915)) - Started o.e.j.s.ServletContextHandler@18cb4ed1{static,/static,file:///home/runner/work/ozone/ozone/hadoop-ozone/integration-test/target/test-classes/webapps/static,AVAILABLE}
2022-01-18 07:37:31,224 [Listener at 0.0.0.0/35457] INFO  handler.ContextHandler (ContextHandler.java:doStart(915)) - Started o.e.j.w.WebAppContext@54cce500{scm,/,file:///home/runner/work/ozone/ozone/hadoop-ozone/integration-test/target/test-classes/webapps/scm/,AVAILABLE}{file:/home/runner/work/ozone/ozone/hadoop-ozone/integration-test/target/test-classes/webapps/scm}
2022-01-18 07:37:31,233 [Listener at 0.0.0.0/35457] INFO  server.AbstractConnector (AbstractConnector.java:doStart(331)) - Started ServerConnector@1bc1aa9e{HTTP/1.1, (http/1.1)}{0.0.0.0:45937}
2022-01-18 07:37:31,233 [Listener at 0.0.0.0/35457] INFO  server.Server (Server.java:doStart(415)) - Started @11586ms
2022-01-18 07:37:31,237 [Listener at 0.0.0.0/35457] INFO  impl.MetricsSinkAdapter (MetricsSinkAdapter.java:start(204)) - Sink prometheus started
2022-01-18 07:37:31,237 [Listener at 0.0.0.0/35457] INFO  impl.MetricsSystemImpl (MetricsSystemImpl.java:registerSink(305)) - Registered sink prometheus
2022-01-18 07:37:31,238 [Listener at 0.0.0.0/35457] INFO  http.BaseHttpServer (BaseHttpServer.java:updateConnectorAddress(329)) - HTTP server of scm listening at http://0.0.0.0:45937
2022-01-18 07:37:31,338 [Listener at 0.0.0.0/35457] INFO  ha.OMHANodeDetails (OMHANodeDetails.java:loadOMHAConfig(118)) - ServiceID for OzoneManager is om-service-test1
2022-01-18 07:37:31,343 [Listener at 0.0.0.0/35457] INFO  ha.OMHANodeDetails (OMHANodeDetails.java:loadOMHAConfig(193)) - Found matching OM address with OMServiceId: om-service-test1, OMNodeId: omNode-1, RPC Address: localhost:39603 and Ratis port: 37129
2022-01-18 07:37:31,343 [Listener at 0.0.0.0/35457] INFO  ha.OMHANodeDetails (ConfUtils.java:setNodeSpecificConfigs(108)) - Setting configuration key ozone.om.http-address with value of key ozone.om.http-address.om-service-test1.omNode-1: 127.0.0.1:38077
2022-01-18 07:37:31,344 [Listener at 0.0.0.0/35457] INFO  ha.OMHANodeDetails (ConfUtils.java:setNodeSpecificConfigs(108)) - Setting configuration key ozone.om.https-address with value of key ozone.om.https-address.om-service-test1.omNode-1: 127.0.0.1:45099
2022-01-18 07:37:31,344 [Listener at 0.0.0.0/35457] INFO  ha.OMHANodeDetails (ConfUtils.java:setNodeSpecificConfigs(108)) - Setting configuration key ozone.om.address with value of key ozone.om.address.om-service-test1.omNode-1: 127.0.0.1:39603
2022-01-18 07:37:31,344 [Listener at 0.0.0.0/35457] WARN  server.ServerUtils (ServerUtils.java:getDBPath(225)) - ozone.om.db.dirs is not configured. We recommend adding this setting. Falling back to ozone.metadata.dirs instead.
2022-01-18 07:37:33,611 [Listener at 0.0.0.0/35457] INFO  retry.RetryInvocationHandler (RetryInvocationHandler.java:log(411)) - com.google.protobuf.ServiceException: org.apache.hadoop.ipc.RemoteException(org.apache.hadoop.hdds.ratis.ServerNotLeaderException): Server:72d5b9e4-4958-4d9a-b931-603b7e0a3ea2 is not the leader. Could not determine the leader node.
	at org.apache.hadoop.hdds.ratis.ServerNotLeaderException.convertToNotLeaderException(ServerNotLeaderException.java:109)
	at org.apache.hadoop.hdds.scm.ha.RatisUtil.checkRatisException(RatisUtil.java:245)
	at org.apache.hadoop.hdds.scm.protocol.ScmBlockLocationProtocolServerSideTranslatorPB.send(ScmBlockLocationProtocolServerSideTranslatorPB.java:108)
	at org.apache.hadoop.hdds.protocol.proto.ScmBlockLocationProtocolProtos$ScmBlockLocationProtocolService$2.callBlockingMethod(ScmBlockLocationProtocolProtos.java:13937)
	at org.apache.hadoop.ipc.ProtobufRpcEngine$Server.processCall(ProtobufRpcEngine.java:466)
	at org.apache.hadoop.ipc.ProtobufRpcEngine2$Server$ProtoBufRpcInvoker.call(ProtobufRpcEngine2.java:574)
	at org.apache.hadoop.ipc.ProtobufRpcEngine2$Server$ProtoBufRpcInvoker.call(ProtobufRpcEngine2.java:552)
	at org.apache.hadoop.ipc.RPC$Server.call(RPC.java:1093)
	at org.apache.hadoop.ipc.Server$RpcCall.run(Server.java:1035)
	at org.apache.hadoop.ipc.Server$RpcCall.run(Server.java:963)
	at java.security.AccessController.doPrivileged(Native Method)
	at javax.security.auth.Subject.doAs(Subject.java:422)
	at org.apache.hadoop.security.UserGroupInformation.doAs(UserGroupInformation.java:1878)
	at org.apache.hadoop.ipc.Server$Handler.run(Server.java:2966)
, while invoking $Proxy44.send over nodeId=scmNodeId,nodeAddress=/0.0.0.0:41993 after 1 failover attempts. Trying to failover after sleeping for 2000ms.
2022-01-18 07:37:35,529 [72d5b9e4-4958-4d9a-b931-603b7e0a3ea2@group-B7D3D1B0D53F-FollowerState] INFO  impl.FollowerState (FollowerState.java:run(134)) - 72d5b9e4-4958-4d9a-b931-603b7e0a3ea2@group-B7D3D1B0D53F-FollowerState: change to CANDIDATE, lastRpcElapsedTime:5013250229ns, electionTimeout:5007ms
2022-01-18 07:37:35,530 [72d5b9e4-4958-4d9a-b931-603b7e0a3ea2@group-B7D3D1B0D53F-FollowerState] INFO  impl.RoleInfo (RoleInfo.java:shutdownFollowerState(108)) - 72d5b9e4-4958-4d9a-b931-603b7e0a3ea2: shutdown 72d5b9e4-4958-4d9a-b931-603b7e0a3ea2@group-B7D3D1B0D53F-FollowerState
2022-01-18 07:37:35,530 [72d5b9e4-4958-4d9a-b931-603b7e0a3ea2@group-B7D3D1B0D53F-FollowerState] INFO  server.RaftServer$Division (RaftServerImpl.java:setRole(290)) - 72d5b9e4-4958-4d9a-b931-603b7e0a3ea2@group-B7D3D1B0D53F: changes role from  FOLLOWER to CANDIDATE at term 1 for changeToCandidate
2022-01-18 07:37:35,530 [72d5b9e4-4958-4d9a-b931-603b7e0a3ea2@group-B7D3D1B0D53F-FollowerState] INFO  server.RaftServerConfigKeys (ConfUtils.java:logGet(44)) - raft.server.leaderelection.pre-vote = false (custom)
2022-01-18 07:37:35,530 [72d5b9e4-4958-4d9a-b931-603b7e0a3ea2@group-B7D3D1B0D53F-FollowerState] INFO  impl.RoleInfo (RoleInfo.java:updateAndGet(130)) - 72d5b9e4-4958-4d9a-b931-603b7e0a3ea2: start 72d5b9e4-4958-4d9a-b931-603b7e0a3ea2@group-B7D3D1B0D53F-LeaderElection2
2022-01-18 07:37:35,536 [72d5b9e4-4958-4d9a-b931-603b7e0a3ea2@group-B7D3D1B0D53F-LeaderElection2] INFO  impl.LeaderElection (LeaderElection.java:askForVotes(306)) - 72d5b9e4-4958-4d9a-b931-603b7e0a3ea2@group-B7D3D1B0D53F-LeaderElection2 ELECTION round 0: submit vote requests at term 2 for 0: [72d5b9e4-4958-4d9a-b931-603b7e0a3ea2|rpc:fv-az270-89:9894|admin:|client:|dataStream:|priority:0], old=null
2022-01-18 07:37:35,538 [72d5b9e4-4958-4d9a-b931-603b7e0a3ea2@group-B7D3D1B0D53F-LeaderElection2] INFO  impl.LeaderElection (LeaderElection.java:askForVotes(308)) - 72d5b9e4-4958-4d9a-b931-603b7e0a3ea2@group-B7D3D1B0D53F-LeaderElection2 ELECTION round 0: result PASSED (term=2)
2022-01-18 07:37:35,538 [72d5b9e4-4958-4d9a-b931-603b7e0a3ea2@group-B7D3D1B0D53F-LeaderElection2] INFO  impl.RoleInfo (RoleInfo.java:shutdownLeaderElection(121)) - 72d5b9e4-4958-4d9a-b931-603b7e0a3ea2: shutdown 72d5b9e4-4958-4d9a-b931-603b7e0a3ea2@group-B7D3D1B0D53F-LeaderElection2
2022-01-18 07:37:35,538 [72d5b9e4-4958-4d9a-b931-603b7e0a3ea2@group-B7D3D1B0D53F-LeaderElection2] INFO  server.RaftServer$Division (RaftServerImpl.java:setRole(290)) - 72d5b9e4-4958-4d9a-b931-603b7e0a3ea2@group-B7D3D1B0D53F: changes role from CANDIDATE to LEADER at term 2 for changeToLeader
2022-01-18 07:37:35,538 [72d5b9e4-4958-4d9a-b931-603b7e0a3ea2@group-B7D3D1B0D53F-LeaderElection2] INFO  ha.SCMStateMachine (SCMStateMachine.java:notifyLeaderChanged(259)) - current SCM becomes leader of term 2.
2022-01-18 07:37:35,538 [72d5b9e4-4958-4d9a-b931-603b7e0a3ea2@group-B7D3D1B0D53F-LeaderElection2] INFO  ha.SCMContext (SCMContext.java:updateLeaderAndTerm(90)) - update <isLeader,term> from <false,0> to <true,2>
2022-01-18 07:37:35,540 [72d5b9e4-4958-4d9a-b931-603b7e0a3ea2@group-B7D3D1B0D53F-LeaderElection2] INFO  server.RaftServer$Division (ServerState.java:setLeader(285)) - 72d5b9e4-4958-4d9a-b931-603b7e0a3ea2@group-B7D3D1B0D53F: change Leader from null to 72d5b9e4-4958-4d9a-b931-603b7e0a3ea2 at term 2 for becomeLeader, leader elected after 6054ms
2022-01-18 07:37:35,543 [72d5b9e4-4958-4d9a-b931-603b7e0a3ea2@group-B7D3D1B0D53F-LeaderElection2] INFO  server.RaftServerConfigKeys (ConfUtils.java:logGet(44)) - raft.server.staging.catchup.gap = 1000 (default)
2022-01-18 07:37:35,543 [72d5b9e4-4958-4d9a-b931-603b7e0a3ea2@group-B7D3D1B0D53F-LeaderElection2] INFO  server.RaftServerConfigKeys (ConfUtils.java:logGet(44)) - raft.server.write.element-limit = 4096 (default)
2022-01-18 07:37:35,544 [72d5b9e4-4958-4d9a-b931-603b7e0a3ea2@group-B7D3D1B0D53F-LeaderElection2] INFO  server.RaftServerConfigKeys (ConfUtils.java:logGet(44)) - raft.server.write.byte-limit = 64MB (=67108864) (default)
2022-01-18 07:37:35,544 [72d5b9e4-4958-4d9a-b931-603b7e0a3ea2@group-B7D3D1B0D53F-LeaderElection2] INFO  server.RaftServerConfigKeys (ConfUtils.java:logGet(44)) - raft.server.watch.timeout = 10s (default)
2022-01-18 07:37:35,546 [72d5b9e4-4958-4d9a-b931-603b7e0a3ea2@group-B7D3D1B0D53F-LeaderElection2] INFO  server.RaftServerConfigKeys (ConfUtils.java:logGet(44)) - raft.server.watch.timeout.denomination = 1s (default)
2022-01-18 07:37:35,546 [72d5b9e4-4958-4d9a-b931-603b7e0a3ea2@group-B7D3D1B0D53F-LeaderElection2] INFO  server.RaftServerConfigKeys (ConfUtils.java:logGet(44)) - raft.server.watch.element-limit = 65536 (default)
2022-01-18 07:37:35,546 [72d5b9e4-4958-4d9a-b931-603b7e0a3ea2@group-B7D3D1B0D53F-LeaderElection2] INFO  server.RaftServerConfigKeys (ConfUtils.java:logGet(44)) - raft.server.write.element-limit = 4096 (default)
2022-01-18 07:37:35,547 [72d5b9e4-4958-4d9a-b931-603b7e0a3ea2@group-B7D3D1B0D53F-LeaderElection2] INFO  server.RaftServerConfigKeys (ConfUtils.java:logGet(44)) - raft.server.write.follower.gap.ratio.max = -1.0 (default)
2022-01-18 07:37:35,547 [72d5b9e4-4958-4d9a-b931-603b7e0a3ea2@group-B7D3D1B0D53F-LeaderElection2] INFO  impl.RoleInfo (RoleInfo.java:updateAndGet(130)) - 72d5b9e4-4958-4d9a-b931-603b7e0a3ea2: start 72d5b9e4-4958-4d9a-b931-603b7e0a3ea2@group-B7D3D1B0D53F-LeaderStateImpl
2022-01-18 07:37:35,547 [72d5b9e4-4958-4d9a-b931-603b7e0a3ea2@group-B7D3D1B0D53F-LeaderElection2] INFO  segmented.SegmentedRaftLogWorker (SegmentedRaftLogWorker.java:rollLogSegment(399)) - 72d5b9e4-4958-4d9a-b931-603b7e0a3ea2@group-B7D3D1B0D53F-SegmentedRaftLogWorker: Rolling segment log-0_0 to index:0
2022-01-18 07:37:35,555 [72d5b9e4-4958-4d9a-b931-603b7e0a3ea2@group-B7D3D1B0D53F-LeaderElection2] INFO  server.RaftServer$Division (ServerState.java:setRaftConf(387)) - 72d5b9e4-4958-4d9a-b931-603b7e0a3ea2@group-B7D3D1B0D53F: set configuration 1: [72d5b9e4-4958-4d9a-b931-603b7e0a3ea2|rpc:fv-az270-89:9894|admin:|client:|dataStream:|priority:0], old=null
2022-01-18 07:37:35,555 [72d5b9e4-4958-4d9a-b931-603b7e0a3ea2@group-B7D3D1B0D53F-SegmentedRaftLogWorker] INFO  segmented.SegmentedRaftLogWorker (SegmentedRaftLogWorker.java:execute(558)) - 72d5b9e4-4958-4d9a-b931-603b7e0a3ea2@group-B7D3D1B0D53F-SegmentedRaftLogWorker: Rolled log segment from /home/runner/work/ozone/ozone/hadoop-ozone/integration-test/target/test-dir/MiniOzoneClusterImpl-b5dc639d-ec1c-4769-97cf-b7d3d1b0d53f/ozone-meta/scm-ha/b5dc639d-ec1c-4769-97cf-b7d3d1b0d53f/current/log_inprogress_0 to /home/runner/work/ozone/ozone/hadoop-ozone/integration-test/target/test-dir/MiniOzoneClusterImpl-b5dc639d-ec1c-4769-97cf-b7d3d1b0d53f/ozone-meta/scm-ha/b5dc639d-ec1c-4769-97cf-b7d3d1b0d53f/current/log_0-0
2022-01-18 07:37:35,572 [72d5b9e4-4958-4d9a-b931-603b7e0a3ea2@group-B7D3D1B0D53F-SegmentedRaftLogWorker] INFO  segmented.SegmentedRaftLogWorker (SegmentedRaftLogWorker.java:execute(601)) - 72d5b9e4-4958-4d9a-b931-603b7e0a3ea2@group-B7D3D1B0D53F-SegmentedRaftLogWorker: created new log segment /home/runner/work/ozone/ozone/hadoop-ozone/integration-test/target/test-dir/MiniOzoneClusterImpl-b5dc639d-ec1c-4769-97cf-b7d3d1b0d53f/ozone-meta/scm-ha/b5dc639d-ec1c-4769-97cf-b7d3d1b0d53f/current/log_inprogress_1
2022-01-18 07:37:35,577 [72d5b9e4-4958-4d9a-b931-603b7e0a3ea2@group-B7D3D1B0D53F-StateMachineUpdater] INFO  ha.SCMContext (SCMContext.java:setLeaderReady(117)) - update <isLeaderReady> from <false> to <true>
2022-01-18 07:37:35,582 [72d5b9e4-4958-4d9a-b931-603b7e0a3ea2@group-B7D3D1B0D53F-StateMachineUpdater] INFO  pipeline.BackgroundPipelineCreator (BackgroundPipelineCreator.java:notifyStatusChanged(264)) - Service BackgroundPipelineCreator transitions to RUNNING.
2022-01-18 07:37:35,583 [72d5b9e4-4958-4d9a-b931-603b7e0a3ea2@group-B7D3D1B0D53F-StateMachineUpdater] INFO  safemode.HealthyPipelineSafeModeRule (HealthyPipelineSafeModeRule.java:initializeRule(152)) - Refreshed total pipeline count is 0, healthy pipeline threshold count is 1
2022-01-18 07:37:35,584 [72d5b9e4-4958-4d9a-b931-603b7e0a3ea2@group-B7D3D1B0D53F-StateMachineUpdater] INFO  safemode.ContainerSafeModeRule (ContainerSafeModeRule.java:reInitializeRule(177)) - Refreshed one replica container threshold 0, currentThreshold 0
2022-01-18 07:37:35,584 [72d5b9e4-4958-4d9a-b931-603b7e0a3ea2@group-B7D3D1B0D53F-StateMachineUpdater] INFO  safemode.OneReplicaPipelineSafeModeRule (OneReplicaPipelineSafeModeRule.java:initializeRule(176)) - Refreshed Total pipeline count is 0, pipeline's with at least one datanode reported threshold count is 0
2022-01-18 07:37:35,585 [72d5b9e4-4958-4d9a-b931-603b7e0a3ea2@group-B7D3D1B0D53F-StateMachineUpdater] INFO  server.SCMDatanodeProtocolServer (SCMDatanodeProtocolServer.java:start(181)) - ScmDatanodeProtocol RPC server for DataNodes is listening at /0.0.0.0:44417
2022-01-18 07:37:35,591 [IPC Server Responder] INFO  ipc.Server (Server.java:run(1507)) - IPC Server Responder: starting
2022-01-18 07:37:35,592 [IPC Server listener on 0] INFO  ipc.Server (Server.java:run(1344)) - IPC Server listener on 0: starting
OM initialization succeeded.Current cluster id for sd=/home/runner/work/ozone/ozone/hadoop-ozone/integration-test/target/test-dir/MiniOzoneClusterImpl-b5dc639d-ec1c-4769-97cf-b7d3d1b0d53f/omNode-1/om;cid=b5dc639d-ec1c-4769-97cf-b7d3d1b0d53f;layoutVersion=0
2022-01-18 07:37:35,646 [Listener at 0.0.0.0/35457] INFO  ha.OMHANodeDetails (OMHANodeDetails.java:loadOMHAConfig(118)) - ServiceID for OzoneManager is om-service-test1
2022-01-18 07:37:35,647 [Listener at 0.0.0.0/35457] INFO  ha.OMHANodeDetails (OMHANodeDetails.java:loadOMHAConfig(193)) - Found matching OM address with OMServiceId: om-service-test1, OMNodeId: omNode-1, RPC Address: localhost:39603 and Ratis port: 37129
2022-01-18 07:37:35,647 [Listener at 0.0.0.0/35457] INFO  ha.OMHANodeDetails (ConfUtils.java:setNodeSpecificConfigs(108)) - Setting configuration key ozone.om.http-address with value of key ozone.om.http-address.om-service-test1.omNode-1: 127.0.0.1:38077
2022-01-18 07:37:35,648 [Listener at 0.0.0.0/35457] INFO  ha.OMHANodeDetails (ConfUtils.java:setNodeSpecificConfigs(108)) - Setting configuration key ozone.om.https-address with value of key ozone.om.https-address.om-service-test1.omNode-1: 127.0.0.1:45099
2022-01-18 07:37:35,648 [Listener at 0.0.0.0/35457] INFO  ha.OMHANodeDetails (ConfUtils.java:setNodeSpecificConfigs(108)) - Setting configuration key ozone.om.address with value of key ozone.om.address.om-service-test1.omNode-1: 127.0.0.1:39603
2022-01-18 07:37:35,648 [Listener at 0.0.0.0/35457] WARN  server.ServerUtils (ServerUtils.java:getDBPath(225)) - ozone.om.db.dirs is not configured. We recommend adding this setting. Falling back to ozone.metadata.dirs instead.
2022-01-18 07:37:35,650 [Listener at 0.0.0.0/35457] INFO  upgrade.AbstractLayoutVersionManager (AbstractLayoutVersionManager.java:init(79)) - Initializing Layout version manager with metadata layout = INITIAL_VERSION (version = 0), software layout = INITIAL_VERSION (version = 0)
2022-01-18 07:37:35,713 [Listener at 0.0.0.0/35457] INFO  reflections.Reflections (Reflections.java:scan(232)) - Reflections took 57 ms to scan 2 urls, producing 133 keys and 345 values [using 2 cores]
2022-01-18 07:37:35,718 [Listener at 0.0.0.0/35457] INFO  upgrade.OMLayoutVersionManager (OMLayoutVersionManager.java:lambda$0(115)) - Skipping Upgrade Action MockOmUpgradeAction since it has been finalized.
2022-01-18 07:37:35,719 [Listener at 0.0.0.0/35457] WARN  server.ServerUtils (ServerUtils.java:getDBPath(225)) - ozone.om.db.dirs is not configured. We recommend adding this setting. Falling back to ozone.metadata.dirs instead.
2022-01-18 07:37:35,884 [Listener at 0.0.0.0/35457] WARN  server.ServerUtils (ServerUtils.java:getDBPath(225)) - ozone.om.db.dirs is not configured. We recommend adding this setting. Falling back to ozone.metadata.dirs instead.
2022-01-18 07:37:35,891 [Listener at 0.0.0.0/35457] INFO  codec.OmKeyInfoCodec (OmKeyInfoCodec.java:<init>(50)) - OmKeyInfoCodec ignorePipeline = true
2022-01-18 07:37:35,892 [Listener at 0.0.0.0/35457] INFO  codec.RepeatedOmKeyInfoCodec (RepeatedOmKeyInfoCodec.java:<init>(42)) - RepeatedOmKeyInfoCodec ignorePipeline = true
2022-01-18 07:37:36,119 [Listener at 0.0.0.0/35457] INFO  om.OzoneManager (OzoneManager.java:addS3GVolumeToDB(3732)) - Created Volume s3v With Owner runner required for S3Gateway operations.
2022-01-18 07:37:36,161 [Listener at 0.0.0.0/35457] WARN  server.ServerUtils (ServerUtils.java:getDefaultRatisDirectory(237)) - Storage directory for Ratis is not configured. It is a good idea to map this to an SSD disk. Falling back to ozone.metadata.dirs
2022-01-18 07:37:36,162 [Listener at 0.0.0.0/35457] WARN  utils.OzoneManagerRatisUtils (OzoneManagerRatisUtils.java:getOMRatisSnapshotDirectory(323)) - ozone.om.ratis.snapshot.dir is not configured. Falling back to ozone.metadata.dirs config
2022-01-18 07:37:36,167 [Listener at 0.0.0.0/35457] INFO  snapshot.OzoneManagerSnapshotProvider (OzoneManagerSnapshotProvider.java:<init>(76)) - Initializing OM Snapshot Provider
2022-01-18 07:37:36,259 [Listener at 0.0.0.0/35457] WARN  impl.MetricRegistriesImpl (MetricRegistriesImpl.java:addReporterRegistration(111)) - New reporters are added after registries were created. Some metrics will be missing from the reporter. Please add reporter before adding any new registry.
2022-01-18 07:37:36,260 [Listener at 0.0.0.0/35457] WARN  impl.MetricRegistriesImpl (MetricRegistriesImpl.java:addReporterRegistration(111)) - New reporters are added after registries were created. Some metrics will be missing from the reporter. Please add reporter before adding any new registry.
2022-01-18 07:37:36,260 [Listener at 0.0.0.0/35457] WARN  server.ServerUtils (ServerUtils.java:getDefaultRatisDirectory(237)) - Storage directory for Ratis is not configured. It is a good idea to map this to an SSD disk. Falling back to ozone.metadata.dirs
2022-01-18 07:37:36,263 [Listener at 0.0.0.0/35457] INFO  ratis.OzoneManagerRatisServer (OzoneManagerRatisServer.java:<init>(159)) - Instantiating OM Ratis server with groupID: om-service-test1 and peers: localhost:37129, localhost:38999, localhost:34309
2022-01-18 07:37:36,266 [Listener at 0.0.0.0/35457] INFO  ratis.OzoneManagerStateMachine (OzoneManagerStateMachine.java:loadSnapshotInfoFromDB(605)) - LastAppliedIndex is set from TransactionInfo from OM DB as (t:0, i:~)
2022-01-18 07:37:36,279 [Listener at 0.0.0.0/35457] INFO  server.RaftServer (ConfUtils.java:logGet(44)) - raft.rpc.type = GRPC (default)
2022-01-18 07:37:36,279 [Listener at 0.0.0.0/35457] INFO  grpc.GrpcFactory (GrpcFactory.java:checkPooledByteBufAllocatorUseCacheForAllThreads(48)) - PERFORMANCE WARNING: useCacheForAllThreads is true that may cause Netty to create a lot garbage objects and, as a result, trigger GC.
	It is recommended to disable useCacheForAllThreads by setting -Dorg.apache.ratis.thirdparty.io.netty.allocator.useCacheForAllThreads=false in command line.
2022-01-18 07:37:36,279 [Listener at 0.0.0.0/35457] INFO  grpc.GrpcConfigKeys (ConfUtils.java:logGet(44)) - raft.grpc.admin.port = -1 (default)
2022-01-18 07:37:36,280 [Listener at 0.0.0.0/35457] INFO  grpc.GrpcConfigKeys (ConfUtils.java:logGet(44)) - raft.grpc.server.port = 37129 (custom)
2022-01-18 07:37:36,280 [Listener at 0.0.0.0/35457] INFO  grpc.GrpcConfigKeys (ConfUtils.java:logGet(44)) - raft.grpc.client.port = -1 (default)
2022-01-18 07:37:36,280 [Listener at 0.0.0.0/35457] INFO  grpc.GrpcConfigKeys (ConfUtils.java:logGet(44)) - raft.grpc.server.port = 37129 (custom)
2022-01-18 07:37:36,280 [Listener at 0.0.0.0/35457] INFO  grpc.GrpcConfigKeys (ConfUtils.java:logGet(44)) - raft.grpc.server.port = 37129 (custom)
2022-01-18 07:37:36,280 [Listener at 0.0.0.0/35457] INFO  server.GrpcService (ConfUtils.java:logGet(44)) - raft.grpc.message.size.max = 33554432 (custom)
2022-01-18 07:37:36,280 [Listener at 0.0.0.0/35457] INFO  server.RaftServerConfigKeys (ConfUtils.java:logGet(44)) - raft.server.log.appender.buffer.byte-limit = 33554432 (custom)
2022-01-18 07:37:36,281 [Listener at 0.0.0.0/35457] INFO  server.GrpcService (ConfUtils.java:logGet(44)) - raft.grpc.flow.control.window = 1MB (=1048576) (default)
2022-01-18 07:37:36,281 [Listener at 0.0.0.0/35457] INFO  server.RaftServerConfigKeys (ConfUtils.java:logGet(44)) - raft.server.rpc.request.timeout = 3000ms (default)
2022-01-18 07:37:36,282 [Listener at 0.0.0.0/35457] INFO  impl.DataStreamServerImpl (ConfUtils.java:logGet(44)) - raft.datastream.type = DISABLED (default)
2022-01-18 07:37:36,282 [Listener at 0.0.0.0/35457] INFO  server.RaftServerConfigKeys (ConfUtils.java:logGet(44)) - raft.server.rpc.slowness.timeout = 2s (custom)
2022-01-18 07:37:36,282 [Listener at 0.0.0.0/35457] INFO  server.RaftServerConfigKeys (ConfUtils.java:logGet(44)) - raft.server.leaderelection.leader.step-down.wait-time = 10s (default)
2022-01-18 07:37:36,283 [Listener at 0.0.0.0/35457] INFO  server.RaftServerConfigKeys (ConfUtils.java:logGet(44)) - raft.server.storage.dir = [/home/runner/work/ozone/ozone/hadoop-ozone/integration-test/target/test-dir/MiniOzoneClusterImpl-b5dc639d-ec1c-4769-97cf-b7d3d1b0d53f/omNode-1/ratis] (custom)
2022-01-18 07:37:36,285 [Listener at 0.0.0.0/35457] INFO  server.RaftServer (RaftServerProxy.java:addNew(95)) - omNode-1: addNew group-523986131536:[omNode-3|rpc:localhost:38999|priority:0, omNode-1|rpc:localhost:37129|priority:0, omNode-2|rpc:localhost:34309|priority:0] returns group-523986131536:java.util.concurrent.CompletableFuture@31b70b2a[Not completed]
2022-01-18 07:37:36,285 [Listener at 0.0.0.0/35457] INFO  om.OzoneManager (OzoneManager.java:initializeRatisServer(1834)) - OzoneManager Ratis server initialized at port 37129
2022-01-18 07:37:36,292 [pool-45-thread-1] INFO  server.RaftServer$Division (RaftServerImpl.java:<init>(184)) - omNode-1: new RaftServerImpl for group-523986131536:[omNode-3|rpc:localhost:38999|priority:0, omNode-1|rpc:localhost:37129|priority:0, omNode-2|rpc:localhost:34309|priority:0] with OzoneManagerStateMachine:uninitialized
2022-01-18 07:37:36,294 [pool-45-thread-1] INFO  server.RaftServerConfigKeys (ConfUtils.java:logGet(44)) - raft.server.rpc.timeout.min = 1s (custom)
2022-01-18 07:37:36,294 [pool-45-thread-1] INFO  server.RaftServerConfigKeys (ConfUtils.java:logGet(44)) - raft.server.rpc.timeout.max = 1200ms (custom)
2022-01-18 07:37:36,294 [pool-45-thread-1] INFO  server.RaftServerConfigKeys (ConfUtils.java:logGet(44)) - raft.server.rpc.sleep.time = 25ms (default)
2022-01-18 07:37:36,294 [pool-45-thread-1] INFO  server.RaftServerConfigKeys (ConfUtils.java:logGet(44)) - raft.server.rpc.slowness.timeout = 2s (custom)
2022-01-18 07:37:36,294 [pool-45-thread-1] INFO  server.RaftServerConfigKeys (ConfUtils.java:logGet(44)) - raft.server.leaderelection.leader.step-down.wait-time = 10s (default)
2022-01-18 07:37:36,294 [pool-45-thread-1] INFO  server.RaftServerConfigKeys (ConfUtils.java:logGet(44)) - raft.server.sleep.deviation.threshold = 300ms (default)
2022-01-18 07:37:36,295 [pool-45-thread-1] INFO  server.RaftServerConfigKeys (ConfUtils.java:logGet(44)) - raft.server.log.appender.install.snapshot.enabled = false (custom)
2022-01-18 07:37:36,295 [pool-45-thread-1] INFO  server.RaftServer$Division (ServerState.java:<init>(105)) - omNode-1@group-523986131536: ConfigurationManager, init=-1: [omNode-3|rpc:localhost:38999|priority:0, omNode-1|rpc:localhost:37129|priority:0, omNode-2|rpc:localhost:34309|priority:0], old=null, confs=<EMPTY_MAP>
2022-01-18 07:37:36,295 [pool-45-thread-1] INFO  server.RaftServerConfigKeys (ConfUtils.java:logGet(44)) - raft.server.storage.dir = [/home/runner/work/ozone/ozone/hadoop-ozone/integration-test/target/test-dir/MiniOzoneClusterImpl-b5dc639d-ec1c-4769-97cf-b7d3d1b0d53f/omNode-1/ratis] (custom)
2022-01-18 07:37:36,295 [pool-45-thread-1] INFO  server.RaftServerConfigKeys (ConfUtils.java:logGet(44)) - raft.server.log.corruption.policy = EXCEPTION (default)
2022-01-18 07:37:36,295 [pool-45-thread-1] INFO  server.RaftServerConfigKeys (ConfUtils.java:logGet(44)) - raft.server.storage.free-space.min = 0MB (=0) (default)
2022-01-18 07:37:36,295 [pool-45-thread-1] INFO  storage.RaftStorageDirectory (RaftStorageDirectoryImpl.java:analyzeStorage(135)) - The storage directory /home/runner/work/ozone/ozone/hadoop-ozone/integration-test/target/test-dir/MiniOzoneClusterImpl-b5dc639d-ec1c-4769-97cf-b7d3d1b0d53f/omNode-1/ratis/c9bc4cf4-3bc3-3c60-a66b-523986131536 does not exist. Creating ...
2022-01-18 07:37:36,297 [pool-45-thread-1] INFO  storage.RaftStorageDirectory (RaftStorageDirectoryImpl.java:tryLock(230)) - Lock on /home/runner/work/ozone/ozone/hadoop-ozone/integration-test/target/test-dir/MiniOzoneClusterImpl-b5dc639d-ec1c-4769-97cf-b7d3d1b0d53f/omNode-1/ratis/c9bc4cf4-3bc3-3c60-a66b-523986131536/in_use.lock acquired by nodename 8507@fv-az270-89
2022-01-18 07:37:36,299 [pool-45-thread-1] INFO  storage.RaftStorage (RaftStorageImpl.java:format(89)) - Storage directory /home/runner/work/ozone/ozone/hadoop-ozone/integration-test/target/test-dir/MiniOzoneClusterImpl-b5dc639d-ec1c-4769-97cf-b7d3d1b0d53f/omNode-1/ratis/c9bc4cf4-3bc3-3c60-a66b-523986131536 has been successfully formatted.
2022-01-18 07:37:36,299 [pool-45-thread-1] INFO  server.RaftServerConfigKeys (ConfUtils.java:logGet(44)) - raft.server.notification.no-leader.timeout = 2s (custom)
2022-01-18 07:37:36,300 [pool-45-thread-1] INFO  server.RaftServerConfigKeys (ConfUtils.java:logGet(44)) - raft.server.log.use.memory = false (default)
2022-01-18 07:37:36,300 [pool-45-thread-1] INFO  server.RaftServerConfigKeys (ConfUtils.java:logGet(44)) - raft.server.log.purge.gap = 50 (custom)
2022-01-18 07:37:36,300 [pool-45-thread-1] INFO  server.RaftServerConfigKeys (ConfUtils.java:logGet(44)) - raft.server.log.appender.buffer.byte-limit = 33554432 (custom)
2022-01-18 07:37:36,300 [pool-45-thread-1] INFO  server.RaftServerConfigKeys (ConfUtils.java:logGet(44)) - raft.server.log.segment.size.max = 4194304 (custom)
2022-01-18 07:37:36,301 [pool-45-thread-1] INFO  server.RaftServerConfigKeys (ConfUtils.java:logGet(44)) - raft.server.log.segment.cache.num.max = 2 (custom)
2022-01-18 07:37:36,301 [pool-45-thread-1] INFO  server.RaftServerConfigKeys (ConfUtils.java:logGet(44)) - raft.server.log.segment.cache.size.max = 200MB (=209715200) (default)
2022-01-18 07:37:36,301 [pool-45-thread-1] INFO  segmented.SegmentedRaftLogWorker (SegmentedRaftLogWorker.java:<init>(182)) - new omNode-1@group-523986131536-SegmentedRaftLogWorker for RaftStorageImpl:Storage Directory /home/runner/work/ozone/ozone/hadoop-ozone/integration-test/target/test-dir/MiniOzoneClusterImpl-b5dc639d-ec1c-4769-97cf-b7d3d1b0d53f/omNode-1/ratis/c9bc4cf4-3bc3-3c60-a66b-523986131536
2022-01-18 07:37:36,301 [pool-45-thread-1] INFO  server.RaftServerConfigKeys (ConfUtils.java:logGet(44)) - raft.server.log.queue.byte-limit = 64MB (=67108864) (default)
2022-01-18 07:37:36,301 [pool-45-thread-1] INFO  server.RaftServerConfigKeys (ConfUtils.java:logGet(44)) - raft.server.log.queue.element-limit = 4096 (default)
2022-01-18 07:37:36,301 [pool-45-thread-1] INFO  server.RaftServerConfigKeys (ConfUtils.java:logGet(44)) - raft.server.log.segment.size.max = 4194304 (custom)
2022-01-18 07:37:36,301 [pool-45-thread-1] INFO  server.RaftServerConfigKeys (ConfUtils.java:logGet(44)) - raft.server.log.preallocated.size = 4194304 (custom)
2022-01-18 07:37:36,301 [pool-45-thread-1] INFO  server.RaftServerConfigKeys (ConfUtils.java:logGet(44)) - raft.server.log.force.sync.num = 128 (default)
2022-01-18 07:37:36,301 [pool-45-thread-1] INFO  server.RaftServerConfigKeys (ConfUtils.java:logGet(44)) - raft.server.log.statemachine.data.sync = true (default)
2022-01-18 07:37:36,301 [pool-45-thread-1] INFO  server.RaftServerConfigKeys (ConfUtils.java:logGet(44)) - raft.server.log.statemachine.data.sync.timeout = 10s (default)
2022-01-18 07:37:36,302 [pool-45-thread-1] INFO  server.RaftServerConfigKeys (ConfUtils.java:logGet(44)) - raft.server.log.statemachine.data.sync.timeout.retry = -1 (default)
2022-01-18 07:37:36,303 [pool-45-thread-1] INFO  server.RaftServerConfigKeys (ConfUtils.java:logGet(44)) - raft.server.log.write.buffer.size = 64KB (=65536) (default)
2022-01-18 07:37:36,303 [pool-45-thread-1] INFO  server.RaftServerConfigKeys (ConfUtils.java:logGet(44)) - raft.server.log.statemachine.data.caching.enabled = false (default)
2022-01-18 07:37:36,313 [pool-45-thread-1] INFO  segmented.SegmentedRaftLogWorker (SegmentedRaftLogWorker.java:lambda$new$0(133)) - omNode-1@group-523986131536-SegmentedRaftLogWorker: flushIndex: setUnconditionally 0 -> -1
2022-01-18 07:37:36,313 [pool-45-thread-1] INFO  segmented.SegmentedRaftLogWorker (SegmentedRaftLogWorker.java:lambda$new$0(133)) - omNode-1@group-523986131536-SegmentedRaftLogWorker: safeCacheEvictIndex: setUnconditionally 0 -> -1
2022-01-18 07:37:36,314 [Listener at 0.0.0.0/35457] INFO  ipc.CallQueueManager (CallQueueManager.java:<init>(90)) - Using callQueue: class java.util.concurrent.LinkedBlockingQueue, queueCapacity: 2000, scheduler: class org.apache.hadoop.ipc.DefaultRpcScheduler, ipcBackoff: false.
2022-01-18 07:37:36,314 [pool-45-thread-1] INFO  server.RaftServerConfigKeys (ConfUtils.java:logGet(44)) - raft.server.snapshot.auto.trigger.enabled = true (custom)
2022-01-18 07:37:36,314 [pool-45-thread-1] INFO  server.RaftServerConfigKeys (ConfUtils.java:logGet(44)) - raft.server.snapshot.auto.trigger.threshold = 50 (custom)
2022-01-18 07:37:36,314 [pool-45-thread-1] INFO  server.RaftServerConfigKeys (ConfUtils.java:logGet(44)) - raft.server.snapshot.retention.file.num = -1 (default)
2022-01-18 07:37:36,314 [pool-45-thread-1] INFO  server.RaftServerConfigKeys (ConfUtils.java:logGet(44)) - raft.server.log.purge.upto.snapshot.index = true (custom)
2022-01-18 07:37:36,315 [pool-45-thread-1] INFO  server.RaftServerConfigKeys (ConfUtils.java:logGet(44)) - raft.server.retrycache.expirytime = 30000ms (custom)
2022-01-18 07:37:36,315 [pool-45-thread-1] INFO  server.RaftServerConfigKeys (ConfUtils.java:logGet(44)) - raft.server.retrycache.statistics.expirytime = 100μs (default)
2022-01-18 07:37:36,315 [Socket Reader #1 for port 39603] INFO  ipc.Server (Server.java:run(1265)) - Starting Socket Reader #1 for port 39603
2022-01-18 07:37:36,344 [Listener at 127.0.0.1/39603] INFO  impl.MetricsSystemImpl (MetricsSystemImpl.java:init(158)) - OzoneManager metrics system started (again)
2022-01-18 07:37:36,357 [Listener at 127.0.0.1/39603] INFO  om.OzoneManager (OzoneManager.java:start(1365)) - OzoneManager RPC server is listening at localhost/127.0.0.1:39603
2022-01-18 07:37:36,357 [Listener at 127.0.0.1/39603] INFO  ratis.OzoneManagerRatisServer (OzoneManagerRatisServer.java:start(554)) - Starting OzoneManagerRatisServer omNode-1 at port 37129
2022-01-18 07:37:36,358 [Listener at 127.0.0.1/39603] INFO  server.RaftServer$Division (RaftServerImpl.java:start(301)) - omNode-1@group-523986131536: start as a follower, conf=-1: [omNode-3|rpc:localhost:38999|priority:0, omNode-1|rpc:localhost:37129|priority:0, omNode-2|rpc:localhost:34309|priority:0], old=null
2022-01-18 07:37:36,358 [Listener at 127.0.0.1/39603] INFO  server.RaftServer$Division (RaftServerImpl.java:setRole(290)) - omNode-1@group-523986131536: changes role from      null to FOLLOWER at term 0 for startAsFollower
2022-01-18 07:37:36,358 [Listener at 127.0.0.1/39603] INFO  impl.RoleInfo (RoleInfo.java:updateAndGet(130)) - omNode-1: start omNode-1@group-523986131536-FollowerState
2022-01-18 07:37:36,359 [Listener at 127.0.0.1/39603] INFO  util.JmxRegister (JmxRegister.java:tryRegister(44)) - Successfully registered JMX Bean with object name Ratis:service=RaftServer,group=group-523986131536,id=omNode-1
2022-01-18 07:37:36,360 [Listener at 127.0.0.1/39603] INFO  server.RaftServer (RaftServerProxy.java:lambda$start$5(374)) - omNode-1: start RPC server
2022-01-18 07:37:36,362 [Listener at 127.0.0.1/39603] INFO  server.GrpcService (GrpcService.java:startImpl(253)) - omNode-1: GrpcService started, listening on 37129
2022-01-18 07:37:36,365 [Listener at 127.0.0.1/39603] INFO  om.OzoneManager (OzoneManager.java:start(1381)) - Version File has different layout version (0) than OM DB (null). That is expected if this OM has never been finalized to a newer layout version.
2022-01-18 07:37:36,367 [org.apache.ratis.util.JvmPauseMonitor$$Lambda$422/1423507882@68fac558] INFO  util.JvmPauseMonitor (JvmPauseMonitor.java:run(103)) - JvmPauseMonitor-omNode-1: Started
2022-01-18 07:37:36,378 [Listener at 127.0.0.1/39603] INFO  http.BaseHttpServer (BaseHttpServer.java:newHttpServer2BuilderForOzone(209)) - Starting Web-server for ozoneManager at: http://0.0.0.0:38077
2022-01-18 07:37:36,379 [Listener at 127.0.0.1/39603] INFO  http.BaseHttpServer (BaseHttpServer.java:<init>(107)) - Hadoop Security Enabled: false Ozone Security Enabled: false Ozone HTTP Security Enabled: false 
2022-01-18 07:37:36,380 [Listener at 127.0.0.1/39603] INFO  server.AuthenticationFilter (AuthenticationFilter.java:constructSecretProvider(240)) - Unable to initialize FileSignerSecretProvider, falling back to use random secrets.
2022-01-18 07:37:36,387 [Listener at 127.0.0.1/39603] WARN  http.HttpRequestLog (HttpRequestLog.java:getRequestLog(103)) - Jetty request log can only be enabled using Log4j
2022-01-18 07:37:36,389 [Listener at 127.0.0.1/39603] INFO  http.HttpServer2 (HttpServer2.java:addGlobalFilter(1030)) - Added global filter 'safety' (class=org.apache.hadoop.hdds.server.http.HttpServer2$QuotingInputFilter)
2022-01-18 07:37:36,390 [Listener at 127.0.0.1/39603] INFO  http.HttpServer2 (HttpServer2.java:addFilter(1006)) - Added filter static_user_filter (class=org.apache.hadoop.http.lib.StaticUserWebFilter$StaticUserFilter) to context ozoneManager
2022-01-18 07:37:36,390 [Listener at 127.0.0.1/39603] INFO  http.HttpServer2 (HttpServer2.java:addFilter(1014)) - Added filter static_user_filter (class=org.apache.hadoop.http.lib.StaticUserWebFilter$StaticUserFilter) to context logs
2022-01-18 07:37:36,390 [Listener at 127.0.0.1/39603] INFO  http.HttpServer2 (HttpServer2.java:addFilter(1014)) - Added filter static_user_filter (class=org.apache.hadoop.http.lib.StaticUserWebFilter$StaticUserFilter) to context static
2022-01-18 07:37:36,392 [Listener at 127.0.0.1/39603] INFO  http.HttpServer2 (HttpServer2.java:bindListener(1249)) - Jetty bound to port 38077
2022-01-18 07:37:36,392 [Listener at 127.0.0.1/39603] INFO  server.Server (Server.java:doStart(375)) - jetty-9.4.43.v20210629; built: 2021-06-30T11:07:22.254Z; git: 526006ecfa3af7f1a27ef3a288e2bef7ea9dd7e8; jvm 1.8.0_292-b10
2022-01-18 07:37:36,399 [Listener at 127.0.0.1/39603] INFO  server.session (DefaultSessionIdManager.java:doStart(334)) - DefaultSessionIdManager workerName=node0
2022-01-18 07:37:36,400 [Listener at 127.0.0.1/39603] INFO  server.session (DefaultSessionIdManager.java:doStart(339)) - No SessionScavenger set, using defaults
2022-01-18 07:37:36,400 [Listener at 127.0.0.1/39603] INFO  server.session (HouseKeeper.java:startScavenging(132)) - node0 Scavenging every 660000ms
2022-01-18 07:37:36,401 [Listener at 127.0.0.1/39603] INFO  handler.ContextHandler (ContextHandler.java:doStart(915)) - Started o.e.j.s.ServletContextHandler@2b4b3918{logs,/logs,file:///home/runner/work/ozone/ozone/hadoop-ozone/integration-test/target/log,AVAILABLE}
2022-01-18 07:37:36,401 [Listener at 127.0.0.1/39603] INFO  handler.ContextHandler (ContextHandler.java:doStart(915)) - Started o.e.j.s.ServletContextHandler@2e61695b{static,/static,file:///home/runner/work/ozone/ozone/hadoop-ozone/integration-test/target/test-classes/webapps/static,AVAILABLE}
2022-01-18 07:37:36,405 [Listener at 127.0.0.1/39603] INFO  handler.ContextHandler (ContextHandler.java:doStart(915)) - Started o.e.j.w.WebAppContext@42010bc8{ozoneManager,/,file:///home/runner/work/ozone/ozone/hadoop-ozone/integration-test/target/test-classes/webapps/ozoneManager/,AVAILABLE}{file:/home/runner/work/ozone/ozone/hadoop-ozone/integration-test/target/test-classes/webapps/ozoneManager}
2022-01-18 07:37:36,406 [Listener at 127.0.0.1/39603] INFO  server.AbstractConnector (AbstractConnector.java:doStart(331)) - Started ServerConnector@71103416{HTTP/1.1, (http/1.1)}{0.0.0.0:38077}
2022-01-18 07:37:36,406 [Listener at 127.0.0.1/39603] INFO  server.Server (Server.java:doStart(415)) - Started @16758ms
2022-01-18 07:37:36,406 [Listener at 127.0.0.1/39603] WARN  impl.MetricsSystemImpl (MetricsSystemImpl.java:register(279)) - Sink prometheus already exists!
2022-01-18 07:37:36,407 [Listener at 127.0.0.1/39603] INFO  http.BaseHttpServer (BaseHttpServer.java:updateConnectorAddress(329)) - HTTP server of ozoneManager listening at http://0.0.0.0:38077
2022-01-18 07:37:36,407 [IPC Server Responder] INFO  ipc.Server (Server.java:run(1507)) - IPC Server Responder: starting
2022-01-18 07:37:36,407 [IPC Server listener on 39603] INFO  ipc.Server (Server.java:run(1344)) - IPC Server listener on 39603: starting
2022-01-18 07:37:36,414 [Listener at 127.0.0.1/39603] INFO  om.OzoneManager (OzoneManager.java:startTrashEmptier(1792)) - Trash Interval set to 0. Files deleted will not move to trash
2022-01-18 07:37:36,415 [Listener at 127.0.0.1/39603] INFO  ozone.MiniOzoneHAClusterImpl (MiniOzoneHAClusterImpl.java:createOMService(522)) - Started OzoneManager omNode-1 RPC server at localhost/127.0.0.1:39603
2022-01-18 07:37:36,416 [Listener at 127.0.0.1/39603] INFO  ha.OMHANodeDetails (OMHANodeDetails.java:loadOMHAConfig(118)) - ServiceID for OzoneManager is om-service-test1
2022-01-18 07:37:36,417 [Listener at 127.0.0.1/39603] INFO  ha.OMHANodeDetails (OMHANodeDetails.java:loadOMHAConfig(193)) - Found matching OM address with OMServiceId: om-service-test1, OMNodeId: omNode-2, RPC Address: localhost:32993 and Ratis port: 34309
2022-01-18 07:37:36,417 [Listener at 127.0.0.1/39603] INFO  ha.OMHANodeDetails (ConfUtils.java:setNodeSpecificConfigs(108)) - Setting configuration key ozone.om.http-address with value of key ozone.om.http-address.om-service-test1.omNode-2: 127.0.0.1:34999
2022-01-18 07:37:36,417 [Listener at 127.0.0.1/39603] INFO  ha.OMHANodeDetails (ConfUtils.java:setNodeSpecificConfigs(108)) - Setting configuration key ozone.om.https-address with value of key ozone.om.https-address.om-service-test1.omNode-2: 127.0.0.1:42739
2022-01-18 07:37:36,417 [Listener at 127.0.0.1/39603] INFO  ha.OMHANodeDetails (ConfUtils.java:setNodeSpecificConfigs(108)) - Setting configuration key ozone.om.address with value of key ozone.om.address.om-service-test1.omNode-2: 127.0.0.1:32993
2022-01-18 07:37:36,417 [Listener at 127.0.0.1/39603] WARN  server.ServerUtils (ServerUtils.java:getDBPath(225)) - ozone.om.db.dirs is not configured. We recommend adding this setting. Falling back to ozone.metadata.dirs instead.
2022-01-18 07:37:36,420 [org.apache.hadoop.util.JvmPauseMonitor$Monitor@4ff2ac2d] INFO  util.JvmPauseMonitor (JvmPauseMonitor.java:run(188)) - Starting JVM pause monitor
OM initialization succeeded.Current cluster id for sd=/home/runner/work/ozone/ozone/hadoop-ozone/integration-test/target/test-dir/MiniOzoneClusterImpl-b5dc639d-ec1c-4769-97cf-b7d3d1b0d53f/omNode-2/om;cid=b5dc639d-ec1c-4769-97cf-b7d3d1b0d53f;layoutVersion=0
2022-01-18 07:37:36,424 [Listener at 127.0.0.1/39603] INFO  ha.OMHANodeDetails (OMHANodeDetails.java:loadOMHAConfig(118)) - ServiceID for OzoneManager is om-service-test1
2022-01-18 07:37:36,425 [Listener at 127.0.0.1/39603] INFO  ha.OMHANodeDetails (OMHANodeDetails.java:loadOMHAConfig(193)) - Found matching OM address with OMServiceId: om-service-test1, OMNodeId: omNode-2, RPC Address: localhost:32993 and Ratis port: 34309
2022-01-18 07:37:36,425 [Listener at 127.0.0.1/39603] INFO  ha.OMHANodeDetails (ConfUtils.java:setNodeSpecificConfigs(108)) - Setting configuration key ozone.om.http-address with value of key ozone.om.http-address.om-service-test1.omNode-2: 127.0.0.1:34999
2022-01-18 07:37:36,425 [Listener at 127.0.0.1/39603] INFO  ha.OMHANodeDetails (ConfUtils.java:setNodeSpecificConfigs(108)) - Setting configuration key ozone.om.https-address with value of key ozone.om.https-address.om-service-test1.omNode-2: 127.0.0.1:42739
2022-01-18 07:37:36,426 [Listener at 127.0.0.1/39603] INFO  ha.OMHANodeDetails (ConfUtils.java:setNodeSpecificConfigs(108)) - Setting configuration key ozone.om.address with value of key ozone.om.address.om-service-test1.omNode-2: 127.0.0.1:32993
2022-01-18 07:37:36,426 [Listener at 127.0.0.1/39603] WARN  server.ServerUtils (ServerUtils.java:getDBPath(225)) - ozone.om.db.dirs is not configured. We recommend adding this setting. Falling back to ozone.metadata.dirs instead.
2022-01-18 07:37:36,426 [Listener at 127.0.0.1/39603] INFO  upgrade.AbstractLayoutVersionManager (AbstractLayoutVersionManager.java:init(79)) - Initializing Layout version manager with metadata layout = INITIAL_VERSION (version = 0), software layout = INITIAL_VERSION (version = 0)
2022-01-18 07:37:36,506 [Listener at 127.0.0.1/39603] INFO  reflections.Reflections (Reflections.java:scan(232)) - Reflections took 78 ms to scan 2 urls, producing 133 keys and 345 values [using 2 cores]
2022-01-18 07:37:36,506 [Listener at 127.0.0.1/39603] INFO  upgrade.OMLayoutVersionManager (OMLayoutVersionManager.java:lambda$0(115)) - Skipping Upgrade Action MockOmUpgradeAction since it has been finalized.
2022-01-18 07:37:36,507 [Listener at 127.0.0.1/39603] WARN  server.ServerUtils (ServerUtils.java:getDBPath(225)) - ozone.om.db.dirs is not configured. We recommend adding this setting. Falling back to ozone.metadata.dirs instead.
2022-01-18 07:37:36,521 [Listener at 127.0.0.1/39603] WARN  server.ServerUtils (ServerUtils.java:getDBPath(225)) - ozone.om.db.dirs is not configured. We recommend adding this setting. Falling back to ozone.metadata.dirs instead.
2022-01-18 07:37:36,521 [Listener at 127.0.0.1/39603] INFO  codec.OmKeyInfoCodec (OmKeyInfoCodec.java:<init>(50)) - OmKeyInfoCodec ignorePipeline = true
2022-01-18 07:37:36,521 [Listener at 127.0.0.1/39603] INFO  codec.RepeatedOmKeyInfoCodec (RepeatedOmKeyInfoCodec.java:<init>(42)) - RepeatedOmKeyInfoCodec ignorePipeline = true
2022-01-18 07:37:36,654 [Listener at 127.0.0.1/39603] INFO  om.OzoneManager (OzoneManager.java:addS3GVolumeToDB(3732)) - Created Volume s3v With Owner runner required for S3Gateway operations.
2022-01-18 07:37:36,654 [Listener at 127.0.0.1/39603] WARN  server.ServerUtils (ServerUtils.java:getDefaultRatisDirectory(237)) - Storage directory for Ratis is not configured. It is a good idea to map this to an SSD disk. Falling back to ozone.metadata.dirs
2022-01-18 07:37:36,655 [Listener at 127.0.0.1/39603] WARN  utils.OzoneManagerRatisUtils (OzoneManagerRatisUtils.java:getOMRatisSnapshotDirectory(323)) - ozone.om.ratis.snapshot.dir is not configured. Falling back to ozone.metadata.dirs config
2022-01-18 07:37:36,655 [Listener at 127.0.0.1/39603] INFO  snapshot.OzoneManagerSnapshotProvider (OzoneManagerSnapshotProvider.java:<init>(76)) - Initializing OM Snapshot Provider
2022-01-18 07:37:36,665 [Listener at 127.0.0.1/39603] WARN  impl.MetricRegistriesImpl (MetricRegistriesImpl.java:addReporterRegistration(111)) - New reporters are added after registries were created. Some metrics will be missing from the reporter. Please add reporter before adding any new registry.
2022-01-18 07:37:36,665 [Listener at 127.0.0.1/39603] WARN  impl.MetricRegistriesImpl (MetricRegistriesImpl.java:addReporterRegistration(111)) - New reporters are added after registries were created. Some metrics will be missing from the reporter. Please add reporter before adding any new registry.
2022-01-18 07:37:36,665 [Listener at 127.0.0.1/39603] WARN  server.ServerUtils (ServerUtils.java:getDefaultRatisDirectory(237)) - Storage directory for Ratis is not configured. It is a good idea to map this to an SSD disk. Falling back to ozone.metadata.dirs
2022-01-18 07:37:36,667 [Listener at 127.0.0.1/39603] INFO  ratis.OzoneManagerRatisServer (OzoneManagerRatisServer.java:<init>(159)) - Instantiating OM Ratis server with groupID: om-service-test1 and peers: localhost:34309, localhost:38999, localhost:37129
2022-01-18 07:37:36,667 [Listener at 127.0.0.1/39603] INFO  ratis.OzoneManagerStateMachine (OzoneManagerStateMachine.java:loadSnapshotInfoFromDB(605)) - LastAppliedIndex is set from TransactionInfo from OM DB as (t:0, i:~)
2022-01-18 07:37:36,667 [Listener at 127.0.0.1/39603] INFO  server.RaftServer (ConfUtils.java:logGet(44)) - raft.rpc.type = GRPC (default)
2022-01-18 07:37:36,668 [Listener at 127.0.0.1/39603] INFO  grpc.GrpcFactory (GrpcFactory.java:checkPooledByteBufAllocatorUseCacheForAllThreads(48)) - PERFORMANCE WARNING: useCacheForAllThreads is true that may cause Netty to create a lot garbage objects and, as a result, trigger GC.
	It is recommended to disable useCacheForAllThreads by setting -Dorg.apache.ratis.thirdparty.io.netty.allocator.useCacheForAllThreads=false in command line.
2022-01-18 07:37:36,668 [Listener at 127.0.0.1/39603] INFO  grpc.GrpcConfigKeys (ConfUtils.java:logGet(44)) - raft.grpc.admin.port = -1 (default)
2022-01-18 07:37:36,668 [Listener at 127.0.0.1/39603] INFO  grpc.GrpcConfigKeys (ConfUtils.java:logGet(44)) - raft.grpc.server.port = 34309 (custom)
2022-01-18 07:37:36,668 [Listener at 127.0.0.1/39603] INFO  grpc.GrpcConfigKeys (ConfUtils.java:logGet(44)) - raft.grpc.client.port = -1 (default)
2022-01-18 07:37:36,668 [Listener at 127.0.0.1/39603] INFO  grpc.GrpcConfigKeys (ConfUtils.java:logGet(44)) - raft.grpc.server.port = 34309 (custom)
2022-01-18 07:37:36,668 [Listener at 127.0.0.1/39603] INFO  grpc.GrpcConfigKeys (ConfUtils.java:logGet(44)) - raft.grpc.server.port = 34309 (custom)
2022-01-18 07:37:36,668 [Listener at 127.0.0.1/39603] INFO  server.GrpcService (ConfUtils.java:logGet(44)) - raft.grpc.message.size.max = 33554432 (custom)
2022-01-18 07:37:36,668 [Listener at 127.0.0.1/39603] INFO  server.RaftServerConfigKeys (ConfUtils.java:logGet(44)) - raft.server.log.appender.buffer.byte-limit = 33554432 (custom)
2022-01-18 07:37:36,669 [Listener at 127.0.0.1/39603] INFO  server.GrpcService (ConfUtils.java:logGet(44)) - raft.grpc.flow.control.window = 1MB (=1048576) (default)
2022-01-18 07:37:36,669 [Listener at 127.0.0.1/39603] INFO  server.RaftServerConfigKeys (ConfUtils.java:logGet(44)) - raft.server.rpc.request.timeout = 3000ms (default)
2022-01-18 07:37:36,670 [Listener at 127.0.0.1/39603] INFO  impl.DataStreamServerImpl (ConfUtils.java:logGet(44)) - raft.datastream.type = DISABLED (default)
2022-01-18 07:37:36,670 [Listener at 127.0.0.1/39603] INFO  server.RaftServerConfigKeys (ConfUtils.java:logGet(44)) - raft.server.rpc.slowness.timeout = 2s (custom)
2022-01-18 07:37:36,670 [Listener at 127.0.0.1/39603] INFO  server.RaftServerConfigKeys (ConfUtils.java:logGet(44)) - raft.server.leaderelection.leader.step-down.wait-time = 10s (default)
2022-01-18 07:37:36,671 [Listener at 127.0.0.1/39603] INFO  server.RaftServerConfigKeys (ConfUtils.java:logGet(44)) - raft.server.storage.dir = [/home/runner/work/ozone/ozone/hadoop-ozone/integration-test/target/test-dir/MiniOzoneClusterImpl-b5dc639d-ec1c-4769-97cf-b7d3d1b0d53f/omNode-2/ratis] (custom)
2022-01-18 07:37:36,671 [Listener at 127.0.0.1/39603] INFO  server.RaftServer (RaftServerProxy.java:addNew(95)) - omNode-2: addNew group-523986131536:[omNode-3|rpc:localhost:38999|priority:0, omNode-1|rpc:localhost:37129|priority:0, omNode-2|rpc:localhost:34309|priority:0] returns group-523986131536:java.util.concurrent.CompletableFuture@6f1af8c3[Not completed]
2022-01-18 07:37:36,671 [Listener at 127.0.0.1/39603] INFO  om.OzoneManager (OzoneManager.java:initializeRatisServer(1834)) - OzoneManager Ratis server initialized at port 34309
2022-01-18 07:37:36,673 [Listener at 127.0.0.1/39603] INFO  ipc.CallQueueManager (CallQueueManager.java:<init>(90)) - Using callQueue: class java.util.concurrent.LinkedBlockingQueue, queueCapacity: 2000, scheduler: class org.apache.hadoop.ipc.DefaultRpcScheduler, ipcBackoff: false.
2022-01-18 07:37:36,674 [pool-67-thread-1] INFO  server.RaftServer$Division (RaftServerImpl.java:<init>(184)) - omNode-2: new RaftServerImpl for group-523986131536:[omNode-3|rpc:localhost:38999|priority:0, omNode-1|rpc:localhost:37129|priority:0, omNode-2|rpc:localhost:34309|priority:0] with OzoneManagerStateMachine:uninitialized
2022-01-18 07:37:36,681 [pool-67-thread-1] INFO  server.RaftServerConfigKeys (ConfUtils.java:logGet(44)) - raft.server.rpc.timeout.min = 1s (custom)
2022-01-18 07:37:36,681 [pool-67-thread-1] INFO  server.RaftServerConfigKeys (ConfUtils.java:logGet(44)) - raft.server.rpc.timeout.max = 1200ms (custom)
2022-01-18 07:37:36,681 [pool-67-thread-1] INFO  server.RaftServerConfigKeys (ConfUtils.java:logGet(44)) - raft.server.rpc.sleep.time = 25ms (default)
2022-01-18 07:37:36,682 [pool-67-thread-1] INFO  server.RaftServerConfigKeys (ConfUtils.java:logGet(44)) - raft.server.rpc.slowness.timeout = 2s (custom)
2022-01-18 07:37:36,682 [pool-67-thread-1] INFO  server.RaftServerConfigKeys (ConfUtils.java:logGet(44)) - raft.server.leaderelection.leader.step-down.wait-time = 10s (default)
2022-01-18 07:37:36,682 [pool-67-thread-1] INFO  server.RaftServerConfigKeys (ConfUtils.java:logGet(44)) - raft.server.sleep.deviation.threshold = 300ms (default)
2022-01-18 07:37:36,682 [pool-67-thread-1] INFO  server.RaftServerConfigKeys (ConfUtils.java:logGet(44)) - raft.server.log.appender.install.snapshot.enabled = false (custom)
2022-01-18 07:37:36,682 [pool-67-thread-1] INFO  server.RaftServer$Division (ServerState.java:<init>(105)) - omNode-2@group-523986131536: ConfigurationManager, init=-1: [omNode-3|rpc:localhost:38999|priority:0, omNode-1|rpc:localhost:37129|priority:0, omNode-2|rpc:localhost:34309|priority:0], old=null, confs=<EMPTY_MAP>
2022-01-18 07:37:36,682 [pool-67-thread-1] INFO  server.RaftServerConfigKeys (ConfUtils.java:logGet(44)) - raft.server.storage.dir = [/home/runner/work/ozone/ozone/hadoop-ozone/integration-test/target/test-dir/MiniOzoneClusterImpl-b5dc639d-ec1c-4769-97cf-b7d3d1b0d53f/omNode-2/ratis] (custom)
2022-01-18 07:37:36,682 [pool-67-thread-1] INFO  server.RaftServerConfigKeys (ConfUtils.java:logGet(44)) - raft.server.log.corruption.policy = EXCEPTION (default)
2022-01-18 07:37:36,682 [pool-67-thread-1] INFO  server.RaftServerConfigKeys (ConfUtils.java:logGet(44)) - raft.server.storage.free-space.min = 0MB (=0) (default)
2022-01-18 07:37:36,682 [pool-67-thread-1] INFO  storage.RaftStorageDirectory (RaftStorageDirectoryImpl.java:analyzeStorage(135)) - The storage directory /home/runner/work/ozone/ozone/hadoop-ozone/integration-test/target/test-dir/MiniOzoneClusterImpl-b5dc639d-ec1c-4769-97cf-b7d3d1b0d53f/omNode-2/ratis/c9bc4cf4-3bc3-3c60-a66b-523986131536 does not exist. Creating ...
2022-01-18 07:37:36,683 [Socket Reader #1 for port 32993] INFO  ipc.Server (Server.java:run(1265)) - Starting Socket Reader #1 for port 32993
2022-01-18 07:37:36,685 [pool-67-thread-1] INFO  storage.RaftStorageDirectory (RaftStorageDirectoryImpl.java:tryLock(230)) - Lock on /home/runner/work/ozone/ozone/hadoop-ozone/integration-test/target/test-dir/MiniOzoneClusterImpl-b5dc639d-ec1c-4769-97cf-b7d3d1b0d53f/omNode-2/ratis/c9bc4cf4-3bc3-3c60-a66b-523986131536/in_use.lock acquired by nodename 8507@fv-az270-89
2022-01-18 07:37:36,686 [pool-67-thread-1] INFO  storage.RaftStorage (RaftStorageImpl.java:format(89)) - Storage directory /home/runner/work/ozone/ozone/hadoop-ozone/integration-test/target/test-dir/MiniOzoneClusterImpl-b5dc639d-ec1c-4769-97cf-b7d3d1b0d53f/omNode-2/ratis/c9bc4cf4-3bc3-3c60-a66b-523986131536 has been successfully formatted.
2022-01-18 07:37:36,687 [pool-67-thread-1] INFO  server.RaftServerConfigKeys (ConfUtils.java:logGet(44)) - raft.server.notification.no-leader.timeout = 2s (custom)
2022-01-18 07:37:36,687 [pool-67-thread-1] INFO  server.RaftServerConfigKeys (ConfUtils.java:logGet(44)) - raft.server.log.use.memory = false (default)
2022-01-18 07:37:36,687 [pool-67-thread-1] INFO  server.RaftServerConfigKeys (ConfUtils.java:logGet(44)) - raft.server.log.purge.gap = 50 (custom)
2022-01-18 07:37:36,687 [pool-67-thread-1] INFO  server.RaftServerConfigKeys (ConfUtils.java:logGet(44)) - raft.server.log.appender.buffer.byte-limit = 33554432 (custom)
2022-01-18 07:37:36,687 [pool-67-thread-1] INFO  server.RaftServerConfigKeys (ConfUtils.java:logGet(44)) - raft.server.log.segment.size.max = 4194304 (custom)
2022-01-18 07:37:36,688 [pool-67-thread-1] INFO  server.RaftServerConfigKeys (ConfUtils.java:logGet(44)) - raft.server.log.segment.cache.num.max = 2 (custom)
2022-01-18 07:37:36,688 [pool-67-thread-1] INFO  server.RaftServerConfigKeys (ConfUtils.java:logGet(44)) - raft.server.log.segment.cache.size.max = 200MB (=209715200) (default)
2022-01-18 07:37:36,688 [pool-67-thread-1] INFO  segmented.SegmentedRaftLogWorker (SegmentedRaftLogWorker.java:<init>(182)) - new omNode-2@group-523986131536-SegmentedRaftLogWorker for RaftStorageImpl:Storage Directory /home/runner/work/ozone/ozone/hadoop-ozone/integration-test/target/test-dir/MiniOzoneClusterImpl-b5dc639d-ec1c-4769-97cf-b7d3d1b0d53f/omNode-2/ratis/c9bc4cf4-3bc3-3c60-a66b-523986131536
2022-01-18 07:37:36,688 [pool-67-thread-1] INFO  server.RaftServerConfigKeys (ConfUtils.java:logGet(44)) - raft.server.log.queue.byte-limit = 64MB (=67108864) (default)
2022-01-18 07:37:36,688 [pool-67-thread-1] INFO  server.RaftServerConfigKeys (ConfUtils.java:logGet(44)) - raft.server.log.queue.element-limit = 4096 (default)
2022-01-18 07:37:36,688 [pool-67-thread-1] INFO  server.RaftServerConfigKeys (ConfUtils.java:logGet(44)) - raft.server.log.segment.size.max = 4194304 (custom)
2022-01-18 07:37:36,688 [pool-67-thread-1] INFO  server.RaftServerConfigKeys (ConfUtils.java:logGet(44)) - raft.server.log.preallocated.size = 4194304 (custom)
2022-01-18 07:37:36,688 [pool-67-thread-1] INFO  server.RaftServerConfigKeys (ConfUtils.java:logGet(44)) - raft.server.log.force.sync.num = 128 (default)
2022-01-18 07:37:36,688 [pool-67-thread-1] INFO  server.RaftServerConfigKeys (ConfUtils.java:logGet(44)) - raft.server.log.statemachine.data.sync = true (default)
2022-01-18 07:37:36,688 [pool-67-thread-1] INFO  server.RaftServerConfigKeys (ConfUtils.java:logGet(44)) - raft.server.log.statemachine.data.sync.timeout = 10s (default)
2022-01-18 07:37:36,688 [pool-67-thread-1] INFO  server.RaftServerConfigKeys (ConfUtils.java:logGet(44)) - raft.server.log.statemachine.data.sync.timeout.retry = -1 (default)
2022-01-18 07:37:36,689 [pool-67-thread-1] INFO  server.RaftServerConfigKeys (ConfUtils.java:logGet(44)) - raft.server.log.write.buffer.size = 64KB (=65536) (default)
2022-01-18 07:37:36,689 [pool-67-thread-1] INFO  server.RaftServerConfigKeys (ConfUtils.java:logGet(44)) - raft.server.log.statemachine.data.caching.enabled = false (default)
2022-01-18 07:37:36,690 [pool-67-thread-1] INFO  segmented.SegmentedRaftLogWorker (SegmentedRaftLogWorker.java:lambda$new$0(133)) - omNode-2@group-523986131536-SegmentedRaftLogWorker: flushIndex: setUnconditionally 0 -> -1
2022-01-18 07:37:36,690 [pool-67-thread-1] INFO  segmented.SegmentedRaftLogWorker (SegmentedRaftLogWorker.java:lambda$new$0(133)) - omNode-2@group-523986131536-SegmentedRaftLogWorker: safeCacheEvictIndex: setUnconditionally 0 -> -1
2022-01-18 07:37:36,697 [pool-67-thread-1] INFO  server.RaftServerConfigKeys (ConfUtils.java:logGet(44)) - raft.server.snapshot.auto.trigger.enabled = true (custom)
2022-01-18 07:37:36,697 [pool-67-thread-1] INFO  server.RaftServerConfigKeys (ConfUtils.java:logGet(44)) - raft.server.snapshot.auto.trigger.threshold = 50 (custom)
2022-01-18 07:37:36,697 [pool-67-thread-1] INFO  server.RaftServerConfigKeys (ConfUtils.java:logGet(44)) - raft.server.snapshot.retention.file.num = -1 (default)
2022-01-18 07:37:36,697 [pool-67-thread-1] INFO  server.RaftServerConfigKeys (ConfUtils.java:logGet(44)) - raft.server.log.purge.upto.snapshot.index = true (custom)
2022-01-18 07:37:36,697 [pool-67-thread-1] INFO  server.RaftServerConfigKeys (ConfUtils.java:logGet(44)) - raft.server.retrycache.expirytime = 30000ms (custom)
2022-01-18 07:37:36,697 [pool-67-thread-1] INFO  server.RaftServerConfigKeys (ConfUtils.java:logGet(44)) - raft.server.retrycache.statistics.expirytime = 100μs (default)
2022-01-18 07:37:36,714 [Listener at 127.0.0.1/32993] INFO  impl.MetricsSystemImpl (MetricsSystemImpl.java:init(158)) - OzoneManager metrics system started (again)
2022-01-18 07:37:36,729 [Listener at 127.0.0.1/32993] INFO  om.OzoneManager (OzoneManager.java:start(1365)) - OzoneManager RPC server is listening at localhost/127.0.0.1:32993
2022-01-18 07:37:36,730 [Listener at 127.0.0.1/32993] INFO  ratis.OzoneManagerRatisServer (OzoneManagerRatisServer.java:start(554)) - Starting OzoneManagerRatisServer omNode-2 at port 34309
2022-01-18 07:37:36,730 [Listener at 127.0.0.1/32993] INFO  server.RaftServer$Division (RaftServerImpl.java:start(301)) - omNode-2@group-523986131536: start as a follower, conf=-1: [omNode-3|rpc:localhost:38999|priority:0, omNode-1|rpc:localhost:37129|priority:0, omNode-2|rpc:localhost:34309|priority:0], old=null
2022-01-18 07:37:36,730 [Listener at 127.0.0.1/32993] INFO  server.RaftServer$Division (RaftServerImpl.java:setRole(290)) - omNode-2@group-523986131536: changes role from      null to FOLLOWER at term 0 for startAsFollower
2022-01-18 07:37:36,731 [Listener at 127.0.0.1/32993] INFO  impl.RoleInfo (RoleInfo.java:updateAndGet(130)) - omNode-2: start omNode-2@group-523986131536-FollowerState
2022-01-18 07:37:36,731 [Listener at 127.0.0.1/32993] INFO  util.JmxRegister (JmxRegister.java:tryRegister(44)) - Successfully registered JMX Bean with object name Ratis:service=RaftServer,group=group-523986131536,id=omNode-2
2022-01-18 07:37:36,736 [Listener at 127.0.0.1/32993] INFO  server.RaftServer (RaftServerProxy.java:lambda$start$5(374)) - omNode-2: start RPC server
2022-01-18 07:37:36,740 [Listener at 127.0.0.1/32993] INFO  server.GrpcService (GrpcService.java:startImpl(253)) - omNode-2: GrpcService started, listening on 34309
2022-01-18 07:37:36,745 [Listener at 127.0.0.1/32993] INFO  om.OzoneManager (OzoneManager.java:start(1381)) - Version File has different layout version (0) than OM DB (null). That is expected if this OM has never been finalized to a newer layout version.
2022-01-18 07:37:36,745 [org.apache.ratis.util.JvmPauseMonitor$$Lambda$422/1423507882@37930f48] INFO  util.JvmPauseMonitor (JvmPauseMonitor.java:run(103)) - JvmPauseMonitor-omNode-2: Started
2022-01-18 07:37:36,753 [Listener at 127.0.0.1/32993] INFO  http.BaseHttpServer (BaseHttpServer.java:newHttpServer2BuilderForOzone(209)) - Starting Web-server for ozoneManager at: http://0.0.0.0:34999
2022-01-18 07:37:36,753 [Listener at 127.0.0.1/32993] INFO  http.BaseHttpServer (BaseHttpServer.java:<init>(107)) - Hadoop Security Enabled: false Ozone Security Enabled: false Ozone HTTP Security Enabled: false 
2022-01-18 07:37:36,755 [Listener at 127.0.0.1/32993] INFO  server.AuthenticationFilter (AuthenticationFilter.java:constructSecretProvider(240)) - Unable to initialize FileSignerSecretProvider, falling back to use random secrets.
2022-01-18 07:37:36,756 [Listener at 127.0.0.1/32993] WARN  http.HttpRequestLog (HttpRequestLog.java:getRequestLog(103)) - Jetty request log can only be enabled using Log4j
2022-01-18 07:37:36,757 [Listener at 127.0.0.1/32993] INFO  http.HttpServer2 (HttpServer2.java:addGlobalFilter(1030)) - Added global filter 'safety' (class=org.apache.hadoop.hdds.server.http.HttpServer2$QuotingInputFilter)
2022-01-18 07:37:36,762 [Listener at 127.0.0.1/32993] INFO  http.HttpServer2 (HttpServer2.java:addFilter(1006)) - Added filter static_user_filter (class=org.apache.hadoop.http.lib.StaticUserWebFilter$StaticUserFilter) to context ozoneManager
2022-01-18 07:37:36,762 [Listener at 127.0.0.1/32993] INFO  http.HttpServer2 (HttpServer2.java:addFilter(1014)) - Added filter static_user_filter (class=org.apache.hadoop.http.lib.StaticUserWebFilter$StaticUserFilter) to context logs
2022-01-18 07:37:36,762 [Listener at 127.0.0.1/32993] INFO  http.HttpServer2 (HttpServer2.java:addFilter(1014)) - Added filter static_user_filter (class=org.apache.hadoop.http.lib.StaticUserWebFilter$StaticUserFilter) to context static
2022-01-18 07:37:36,763 [Listener at 127.0.0.1/32993] INFO  http.HttpServer2 (HttpServer2.java:bindListener(1249)) - Jetty bound to port 34999
2022-01-18 07:37:36,763 [Listener at 127.0.0.1/32993] INFO  server.Server (Server.java:doStart(375)) - jetty-9.4.43.v20210629; built: 2021-06-30T11:07:22.254Z; git: 526006ecfa3af7f1a27ef3a288e2bef7ea9dd7e8; jvm 1.8.0_292-b10
2022-01-18 07:37:36,767 [Listener at 127.0.0.1/32993] INFO  server.session (DefaultSessionIdManager.java:doStart(334)) - DefaultSessionIdManager workerName=node0
2022-01-18 07:37:36,768 [Listener at 127.0.0.1/32993] INFO  server.session (DefaultSessionIdManager.java:doStart(339)) - No SessionScavenger set, using defaults
2022-01-18 07:37:36,768 [Listener at 127.0.0.1/32993] INFO  server.session (HouseKeeper.java:startScavenging(132)) - node0 Scavenging every 660000ms
2022-01-18 07:37:36,769 [Listener at 127.0.0.1/32993] INFO  handler.ContextHandler (ContextHandler.java:doStart(915)) - Started o.e.j.s.ServletContextHandler@3d2162c5{logs,/logs,file:///home/runner/work/ozone/ozone/hadoop-ozone/integration-test/target/log,AVAILABLE}
2022-01-18 07:37:36,769 [Listener at 127.0.0.1/32993] INFO  handler.ContextHandler (ContextHandler.java:doStart(915)) - Started o.e.j.s.ServletContextHandler@606cb314{static,/static,file:///home/runner/work/ozone/ozone/hadoop-ozone/integration-test/target/test-classes/webapps/static,AVAILABLE}
2022-01-18 07:37:36,773 [Listener at 127.0.0.1/32993] INFO  handler.ContextHandler (ContextHandler.java:doStart(915)) - Started o.e.j.w.WebAppContext@49d94d67{ozoneManager,/,file:///home/runner/work/ozone/ozone/hadoop-ozone/integration-test/target/test-classes/webapps/ozoneManager/,AVAILABLE}{file:/home/runner/work/ozone/ozone/hadoop-ozone/integration-test/target/test-classes/webapps/ozoneManager}
2022-01-18 07:37:36,774 [Listener at 127.0.0.1/32993] INFO  server.AbstractConnector (AbstractConnector.java:doStart(331)) - Started ServerConnector@5c085d4a{HTTP/1.1, (http/1.1)}{0.0.0.0:34999}
2022-01-18 07:37:36,774 [Listener at 127.0.0.1/32993] INFO  server.Server (Server.java:doStart(415)) - Started @17126ms
2022-01-18 07:37:36,774 [Listener at 127.0.0.1/32993] WARN  impl.MetricsSystemImpl (MetricsSystemImpl.java:register(279)) - Sink prometheus already exists!
2022-01-18 07:37:36,775 [Listener at 127.0.0.1/32993] INFO  http.BaseHttpServer (BaseHttpServer.java:updateConnectorAddress(329)) - HTTP server of ozoneManager listening at http://0.0.0.0:34999
2022-01-18 07:37:36,775 [IPC Server Responder] INFO  ipc.Server (Server.java:run(1507)) - IPC Server Responder: starting
2022-01-18 07:37:36,776 [IPC Server listener on 32993] INFO  ipc.Server (Server.java:run(1344)) - IPC Server listener on 32993: starting
2022-01-18 07:37:36,779 [Listener at 127.0.0.1/32993] INFO  om.OzoneManager (OzoneManager.java:startTrashEmptier(1792)) - Trash Interval set to 0. Files deleted will not move to trash
2022-01-18 07:37:36,780 [Listener at 127.0.0.1/32993] INFO  ozone.MiniOzoneHAClusterImpl (MiniOzoneHAClusterImpl.java:createOMService(522)) - Started OzoneManager omNode-2 RPC server at localhost/127.0.0.1:32993
2022-01-18 07:37:36,780 [org.apache.hadoop.util.JvmPauseMonitor$Monitor@7d7be366] INFO  util.JvmPauseMonitor (JvmPauseMonitor.java:run(188)) - Starting JVM pause monitor
2022-01-18 07:37:36,781 [Listener at 127.0.0.1/32993] INFO  ha.OMHANodeDetails (OMHANodeDetails.java:loadOMHAConfig(118)) - ServiceID for OzoneManager is om-service-test1
2022-01-18 07:37:36,785 [Listener at 127.0.0.1/32993] INFO  ha.OMHANodeDetails (OMHANodeDetails.java:loadOMHAConfig(193)) - Found matching OM address with OMServiceId: om-service-test1, OMNodeId: omNode-3, RPC Address: localhost:33823 and Ratis port: 38999
2022-01-18 07:37:36,786 [Listener at 127.0.0.1/32993] INFO  ha.OMHANodeDetails (ConfUtils.java:setNodeSpecificConfigs(108)) - Setting configuration key ozone.om.http-address with value of key ozone.om.http-address.om-service-test1.omNode-3: 127.0.0.1:35099
2022-01-18 07:37:36,786 [Listener at 127.0.0.1/32993] INFO  ha.OMHANodeDetails (ConfUtils.java:setNodeSpecificConfigs(108)) - Setting configuration key ozone.om.https-address with value of key ozone.om.https-address.om-service-test1.omNode-3: 127.0.0.1:36267
2022-01-18 07:37:36,786 [Listener at 127.0.0.1/32993] INFO  ha.OMHANodeDetails (ConfUtils.java:setNodeSpecificConfigs(108)) - Setting configuration key ozone.om.address with value of key ozone.om.address.om-service-test1.omNode-3: 127.0.0.1:33823
2022-01-18 07:37:36,786 [Listener at 127.0.0.1/32993] WARN  server.ServerUtils (ServerUtils.java:getDBPath(225)) - ozone.om.db.dirs is not configured. We recommend adding this setting. Falling back to ozone.metadata.dirs instead.
OM initialization succeeded.Current cluster id for sd=/home/runner/work/ozone/ozone/hadoop-ozone/integration-test/target/test-dir/MiniOzoneClusterImpl-b5dc639d-ec1c-4769-97cf-b7d3d1b0d53f/omNode-3/om;cid=b5dc639d-ec1c-4769-97cf-b7d3d1b0d53f;layoutVersion=0
2022-01-18 07:37:36,800 [Listener at 127.0.0.1/32993] INFO  ha.OMHANodeDetails (OMHANodeDetails.java:loadOMHAConfig(118)) - ServiceID for OzoneManager is om-service-test1
2022-01-18 07:37:36,800 [Listener at 127.0.0.1/32993] INFO  ha.OMHANodeDetails (OMHANodeDetails.java:loadOMHAConfig(193)) - Found matching OM address with OMServiceId: om-service-test1, OMNodeId: omNode-3, RPC Address: localhost:33823 and Ratis port: 38999
2022-01-18 07:37:36,800 [Listener at 127.0.0.1/32993] INFO  ha.OMHANodeDetails (ConfUtils.java:setNodeSpecificConfigs(108)) - Setting configuration key ozone.om.http-address with value of key ozone.om.http-address.om-service-test1.omNode-3: 127.0.0.1:35099
2022-01-18 07:37:36,800 [Listener at 127.0.0.1/32993] INFO  ha.OMHANodeDetails (ConfUtils.java:setNodeSpecificConfigs(108)) - Setting configuration key ozone.om.https-address with value of key ozone.om.https-address.om-service-test1.omNode-3: 127.0.0.1:36267
2022-01-18 07:37:36,800 [Listener at 127.0.0.1/32993] INFO  ha.OMHANodeDetails (ConfUtils.java:setNodeSpecificConfigs(108)) - Setting configuration key ozone.om.address with value of key ozone.om.address.om-service-test1.omNode-3: 127.0.0.1:33823
2022-01-18 07:37:36,801 [Listener at 127.0.0.1/32993] WARN  server.ServerUtils (ServerUtils.java:getDBPath(225)) - ozone.om.db.dirs is not configured. We recommend adding this setting. Falling back to ozone.metadata.dirs instead.
2022-01-18 07:37:36,801 [Listener at 127.0.0.1/32993] INFO  upgrade.AbstractLayoutVersionManager (AbstractLayoutVersionManager.java:init(79)) - Initializing Layout version manager with metadata layout = INITIAL_VERSION (version = 0), software layout = INITIAL_VERSION (version = 0)
2022-01-18 07:37:36,844 [Listener at 127.0.0.1/32993] INFO  reflections.Reflections (Reflections.java:scan(232)) - Reflections took 42 ms to scan 2 urls, producing 133 keys and 345 values [using 2 cores]
2022-01-18 07:37:36,845 [Listener at 127.0.0.1/32993] INFO  upgrade.OMLayoutVersionManager (OMLayoutVersionManager.java:lambda$0(115)) - Skipping Upgrade Action MockOmUpgradeAction since it has been finalized.
2022-01-18 07:37:36,845 [Listener at 127.0.0.1/32993] WARN  server.ServerUtils (ServerUtils.java:getDBPath(225)) - ozone.om.db.dirs is not configured. We recommend adding this setting. Falling back to ozone.metadata.dirs instead.
2022-01-18 07:37:36,854 [Listener at 127.0.0.1/32993] WARN  server.ServerUtils (ServerUtils.java:getDBPath(225)) - ozone.om.db.dirs is not configured. We recommend adding this setting. Falling back to ozone.metadata.dirs instead.
2022-01-18 07:37:36,855 [Listener at 127.0.0.1/32993] INFO  codec.OmKeyInfoCodec (OmKeyInfoCodec.java:<init>(50)) - OmKeyInfoCodec ignorePipeline = true
2022-01-18 07:37:36,855 [Listener at 127.0.0.1/32993] INFO  codec.RepeatedOmKeyInfoCodec (RepeatedOmKeyInfoCodec.java:<init>(42)) - RepeatedOmKeyInfoCodec ignorePipeline = true
2022-01-18 07:37:36,989 [Listener at 127.0.0.1/32993] INFO  om.OzoneManager (OzoneManager.java:addS3GVolumeToDB(3732)) - Created Volume s3v With Owner runner required for S3Gateway operations.
2022-01-18 07:37:36,990 [Listener at 127.0.0.1/32993] WARN  server.ServerUtils (ServerUtils.java:getDefaultRatisDirectory(237)) - Storage directory for Ratis is not configured. It is a good idea to map this to an SSD disk. Falling back to ozone.metadata.dirs
2022-01-18 07:37:36,990 [Listener at 127.0.0.1/32993] WARN  utils.OzoneManagerRatisUtils (OzoneManagerRatisUtils.java:getOMRatisSnapshotDirectory(323)) - ozone.om.ratis.snapshot.dir is not configured. Falling back to ozone.metadata.dirs config
2022-01-18 07:37:36,990 [Listener at 127.0.0.1/32993] INFO  snapshot.OzoneManagerSnapshotProvider (OzoneManagerSnapshotProvider.java:<init>(76)) - Initializing OM Snapshot Provider
2022-01-18 07:37:36,992 [Listener at 127.0.0.1/32993] WARN  impl.MetricRegistriesImpl (MetricRegistriesImpl.java:addReporterRegistration(111)) - New reporters are added after registries were created. Some metrics will be missing from the reporter. Please add reporter before adding any new registry.
2022-01-18 07:37:36,992 [Listener at 127.0.0.1/32993] WARN  impl.MetricRegistriesImpl (MetricRegistriesImpl.java:addReporterRegistration(111)) - New reporters are added after registries were created. Some metrics will be missing from the reporter. Please add reporter before adding any new registry.
2022-01-18 07:37:36,992 [Listener at 127.0.0.1/32993] WARN  server.ServerUtils (ServerUtils.java:getDefaultRatisDirectory(237)) - Storage directory for Ratis is not configured. It is a good idea to map this to an SSD disk. Falling back to ozone.metadata.dirs
2022-01-18 07:37:36,993 [Listener at 127.0.0.1/32993] INFO  ratis.OzoneManagerRatisServer (OzoneManagerRatisServer.java:<init>(159)) - Instantiating OM Ratis server with groupID: om-service-test1 and peers: localhost:38999, localhost:37129, localhost:34309
2022-01-18 07:37:36,994 [Listener at 127.0.0.1/32993] INFO  ratis.OzoneManagerStateMachine (OzoneManagerStateMachine.java:loadSnapshotInfoFromDB(605)) - LastAppliedIndex is set from TransactionInfo from OM DB as (t:0, i:~)
2022-01-18 07:37:36,994 [Listener at 127.0.0.1/32993] INFO  server.RaftServer (ConfUtils.java:logGet(44)) - raft.rpc.type = GRPC (default)
2022-01-18 07:37:36,994 [Listener at 127.0.0.1/32993] INFO  grpc.GrpcFactory (GrpcFactory.java:checkPooledByteBufAllocatorUseCacheForAllThreads(48)) - PERFORMANCE WARNING: useCacheForAllThreads is true that may cause Netty to create a lot garbage objects and, as a result, trigger GC.
	It is recommended to disable useCacheForAllThreads by setting -Dorg.apache.ratis.thirdparty.io.netty.allocator.useCacheForAllThreads=false in command line.
2022-01-18 07:37:36,994 [Listener at 127.0.0.1/32993] INFO  grpc.GrpcConfigKeys (ConfUtils.java:logGet(44)) - raft.grpc.admin.port = -1 (default)
2022-01-18 07:37:36,994 [Listener at 127.0.0.1/32993] INFO  grpc.GrpcConfigKeys (ConfUtils.java:logGet(44)) - raft.grpc.server.port = 38999 (custom)
2022-01-18 07:37:36,995 [Listener at 127.0.0.1/32993] INFO  grpc.GrpcConfigKeys (ConfUtils.java:logGet(44)) - raft.grpc.client.port = -1 (default)
2022-01-18 07:37:36,995 [Listener at 127.0.0.1/32993] INFO  grpc.GrpcConfigKeys (ConfUtils.java:logGet(44)) - raft.grpc.server.port = 38999 (custom)
2022-01-18 07:37:36,995 [Listener at 127.0.0.1/32993] INFO  grpc.GrpcConfigKeys (ConfUtils.java:logGet(44)) - raft.grpc.server.port = 38999 (custom)
2022-01-18 07:37:36,995 [Listener at 127.0.0.1/32993] INFO  server.GrpcService (ConfUtils.java:logGet(44)) - raft.grpc.message.size.max = 33554432 (custom)
2022-01-18 07:37:36,995 [Listener at 127.0.0.1/32993] INFO  server.RaftServerConfigKeys (ConfUtils.java:logGet(44)) - raft.server.log.appender.buffer.byte-limit = 33554432 (custom)
2022-01-18 07:37:36,995 [Listener at 127.0.0.1/32993] INFO  server.GrpcService (ConfUtils.java:logGet(44)) - raft.grpc.flow.control.window = 1MB (=1048576) (default)
2022-01-18 07:37:36,995 [Listener at 127.0.0.1/32993] INFO  server.RaftServerConfigKeys (ConfUtils.java:logGet(44)) - raft.server.rpc.request.timeout = 3000ms (default)
2022-01-18 07:37:36,997 [Listener at 127.0.0.1/32993] INFO  impl.DataStreamServerImpl (ConfUtils.java:logGet(44)) - raft.datastream.type = DISABLED (default)
2022-01-18 07:37:36,997 [Listener at 127.0.0.1/32993] INFO  server.RaftServerConfigKeys (ConfUtils.java:logGet(44)) - raft.server.rpc.slowness.timeout = 2s (custom)
2022-01-18 07:37:36,997 [Listener at 127.0.0.1/32993] INFO  server.RaftServerConfigKeys (ConfUtils.java:logGet(44)) - raft.server.leaderelection.leader.step-down.wait-time = 10s (default)
2022-01-18 07:37:36,997 [Listener at 127.0.0.1/32993] INFO  server.RaftServerConfigKeys (ConfUtils.java:logGet(44)) - raft.server.storage.dir = [/home/runner/work/ozone/ozone/hadoop-ozone/integration-test/target/test-dir/MiniOzoneClusterImpl-b5dc639d-ec1c-4769-97cf-b7d3d1b0d53f/omNode-3/ratis] (custom)
2022-01-18 07:37:36,998 [Listener at 127.0.0.1/32993] INFO  server.RaftServer (RaftServerProxy.java:addNew(95)) - omNode-3: addNew group-523986131536:[omNode-3|rpc:localhost:38999|priority:0, omNode-1|rpc:localhost:37129|priority:0, omNode-2|rpc:localhost:34309|priority:0] returns group-523986131536:java.util.concurrent.CompletableFuture@5d08bc22[Not completed]
2022-01-18 07:37:36,998 [Listener at 127.0.0.1/32993] INFO  om.OzoneManager (OzoneManager.java:initializeRatisServer(1834)) - OzoneManager Ratis server initialized at port 38999
2022-01-18 07:37:36,998 [pool-88-thread-1] INFO  server.RaftServer$Division (RaftServerImpl.java:<init>(184)) - omNode-3: new RaftServerImpl for group-523986131536:[omNode-3|rpc:localhost:38999|priority:0, omNode-1|rpc:localhost:37129|priority:0, omNode-2|rpc:localhost:34309|priority:0] with OzoneManagerStateMachine:uninitialized
2022-01-18 07:37:37,000 [Listener at 127.0.0.1/32993] INFO  ipc.CallQueueManager (CallQueueManager.java:<init>(90)) - Using callQueue: class java.util.concurrent.LinkedBlockingQueue, queueCapacity: 2000, scheduler: class org.apache.hadoop.ipc.DefaultRpcScheduler, ipcBackoff: false.
2022-01-18 07:37:37,006 [pool-88-thread-1] INFO  server.RaftServerConfigKeys (ConfUtils.java:logGet(44)) - raft.server.rpc.timeout.min = 1s (custom)
2022-01-18 07:37:37,006 [pool-88-thread-1] INFO  server.RaftServerConfigKeys (ConfUtils.java:logGet(44)) - raft.server.rpc.timeout.max = 1200ms (custom)
2022-01-18 07:37:37,006 [pool-88-thread-1] INFO  server.RaftServerConfigKeys (ConfUtils.java:logGet(44)) - raft.server.rpc.sleep.time = 25ms (default)
2022-01-18 07:37:37,006 [pool-88-thread-1] INFO  server.RaftServerConfigKeys (ConfUtils.java:logGet(44)) - raft.server.rpc.slowness.timeout = 2s (custom)
2022-01-18 07:37:37,007 [pool-88-thread-1] INFO  server.RaftServerConfigKeys (ConfUtils.java:logGet(44)) - raft.server.leaderelection.leader.step-down.wait-time = 10s (default)
2022-01-18 07:37:37,007 [pool-88-thread-1] INFO  server.RaftServerConfigKeys (ConfUtils.java:logGet(44)) - raft.server.sleep.deviation.threshold = 300ms (default)
2022-01-18 07:37:37,007 [pool-88-thread-1] INFO  server.RaftServerConfigKeys (ConfUtils.java:logGet(44)) - raft.server.log.appender.install.snapshot.enabled = false (custom)
2022-01-18 07:37:37,007 [pool-88-thread-1] INFO  server.RaftServer$Division (ServerState.java:<init>(105)) - omNode-3@group-523986131536: ConfigurationManager, init=-1: [omNode-3|rpc:localhost:38999|priority:0, omNode-1|rpc:localhost:37129|priority:0, omNode-2|rpc:localhost:34309|priority:0], old=null, confs=<EMPTY_MAP>
2022-01-18 07:37:37,007 [pool-88-thread-1] INFO  server.RaftServerConfigKeys (ConfUtils.java:logGet(44)) - raft.server.storage.dir = [/home/runner/work/ozone/ozone/hadoop-ozone/integration-test/target/test-dir/MiniOzoneClusterImpl-b5dc639d-ec1c-4769-97cf-b7d3d1b0d53f/omNode-3/ratis] (custom)
2022-01-18 07:37:37,021 [pool-88-thread-1] INFO  server.RaftServerConfigKeys (ConfUtils.java:logGet(44)) - raft.server.log.corruption.policy = EXCEPTION (default)
2022-01-18 07:37:37,021 [pool-88-thread-1] INFO  server.RaftServerConfigKeys (ConfUtils.java:logGet(44)) - raft.server.storage.free-space.min = 0MB (=0) (default)
2022-01-18 07:37:37,021 [pool-88-thread-1] INFO  storage.RaftStorageDirectory (RaftStorageDirectoryImpl.java:analyzeStorage(135)) - The storage directory /home/runner/work/ozone/ozone/hadoop-ozone/integration-test/target/test-dir/MiniOzoneClusterImpl-b5dc639d-ec1c-4769-97cf-b7d3d1b0d53f/omNode-3/ratis/c9bc4cf4-3bc3-3c60-a66b-523986131536 does not exist. Creating ...
2022-01-18 07:37:37,022 [Socket Reader #1 for port 33823] INFO  ipc.Server (Server.java:run(1265)) - Starting Socket Reader #1 for port 33823
2022-01-18 07:37:37,036 [pool-88-thread-1] INFO  storage.RaftStorageDirectory (RaftStorageDirectoryImpl.java:tryLock(230)) - Lock on /home/runner/work/ozone/ozone/hadoop-ozone/integration-test/target/test-dir/MiniOzoneClusterImpl-b5dc639d-ec1c-4769-97cf-b7d3d1b0d53f/omNode-3/ratis/c9bc4cf4-3bc3-3c60-a66b-523986131536/in_use.lock acquired by nodename 8507@fv-az270-89
2022-01-18 07:37:37,037 [pool-88-thread-1] INFO  storage.RaftStorage (RaftStorageImpl.java:format(89)) - Storage directory /home/runner/work/ozone/ozone/hadoop-ozone/integration-test/target/test-dir/MiniOzoneClusterImpl-b5dc639d-ec1c-4769-97cf-b7d3d1b0d53f/omNode-3/ratis/c9bc4cf4-3bc3-3c60-a66b-523986131536 has been successfully formatted.
2022-01-18 07:37:37,038 [pool-88-thread-1] INFO  server.RaftServerConfigKeys (ConfUtils.java:logGet(44)) - raft.server.notification.no-leader.timeout = 2s (custom)
2022-01-18 07:37:37,038 [pool-88-thread-1] INFO  server.RaftServerConfigKeys (ConfUtils.java:logGet(44)) - raft.server.log.use.memory = false (default)
2022-01-18 07:37:37,038 [pool-88-thread-1] INFO  server.RaftServerConfigKeys (ConfUtils.java:logGet(44)) - raft.server.log.purge.gap = 50 (custom)
2022-01-18 07:37:37,038 [pool-88-thread-1] INFO  server.RaftServerConfigKeys (ConfUtils.java:logGet(44)) - raft.server.log.appender.buffer.byte-limit = 33554432 (custom)
2022-01-18 07:37:37,038 [pool-88-thread-1] INFO  server.RaftServerConfigKeys (ConfUtils.java:logGet(44)) - raft.server.log.segment.size.max = 4194304 (custom)
2022-01-18 07:37:37,039 [pool-88-thread-1] INFO  server.RaftServerConfigKeys (ConfUtils.java:logGet(44)) - raft.server.log.segment.cache.num.max = 2 (custom)
2022-01-18 07:37:37,039 [pool-88-thread-1] INFO  server.RaftServerConfigKeys (ConfUtils.java:logGet(44)) - raft.server.log.segment.cache.size.max = 200MB (=209715200) (default)
2022-01-18 07:37:37,039 [pool-88-thread-1] INFO  segmented.SegmentedRaftLogWorker (SegmentedRaftLogWorker.java:<init>(182)) - new omNode-3@group-523986131536-SegmentedRaftLogWorker for RaftStorageImpl:Storage Directory /home/runner/work/ozone/ozone/hadoop-ozone/integration-test/target/test-dir/MiniOzoneClusterImpl-b5dc639d-ec1c-4769-97cf-b7d3d1b0d53f/omNode-3/ratis/c9bc4cf4-3bc3-3c60-a66b-523986131536
2022-01-18 07:37:37,039 [pool-88-thread-1] INFO  server.RaftServerConfigKeys (ConfUtils.java:logGet(44)) - raft.server.log.queue.byte-limit = 64MB (=67108864) (default)
2022-01-18 07:37:37,039 [pool-88-thread-1] INFO  server.RaftServerConfigKeys (ConfUtils.java:logGet(44)) - raft.server.log.queue.element-limit = 4096 (default)
2022-01-18 07:37:37,039 [pool-88-thread-1] INFO  server.RaftServerConfigKeys (ConfUtils.java:logGet(44)) - raft.server.log.segment.size.max = 4194304 (custom)
2022-01-18 07:37:37,039 [pool-88-thread-1] INFO  server.RaftServerConfigKeys (ConfUtils.java:logGet(44)) - raft.server.log.preallocated.size = 4194304 (custom)
2022-01-18 07:37:37,039 [pool-88-thread-1] INFO  server.RaftServerConfigKeys (ConfUtils.java:logGet(44)) - raft.server.log.force.sync.num = 128 (default)
2022-01-18 07:37:37,039 [pool-88-thread-1] INFO  server.RaftServerConfigKeys (ConfUtils.java:logGet(44)) - raft.server.log.statemachine.data.sync = true (default)
2022-01-18 07:37:37,039 [pool-88-thread-1] INFO  server.RaftServerConfigKeys (ConfUtils.java:logGet(44)) - raft.server.log.statemachine.data.sync.timeout = 10s (default)
2022-01-18 07:37:37,039 [pool-88-thread-1] INFO  server.RaftServerConfigKeys (ConfUtils.java:logGet(44)) - raft.server.log.statemachine.data.sync.timeout.retry = -1 (default)
2022-01-18 07:37:37,041 [pool-88-thread-1] INFO  server.RaftServerConfigKeys (ConfUtils.java:logGet(44)) - raft.server.log.write.buffer.size = 64KB (=65536) (default)
2022-01-18 07:37:37,041 [pool-88-thread-1] INFO  server.RaftServerConfigKeys (ConfUtils.java:logGet(44)) - raft.server.log.statemachine.data.caching.enabled = false (default)
2022-01-18 07:37:37,041 [pool-88-thread-1] INFO  segmented.SegmentedRaftLogWorker (SegmentedRaftLogWorker.java:lambda$new$0(133)) - omNode-3@group-523986131536-SegmentedRaftLogWorker: flushIndex: setUnconditionally 0 -> -1
2022-01-18 07:37:37,041 [pool-88-thread-1] INFO  segmented.SegmentedRaftLogWorker (SegmentedRaftLogWorker.java:lambda$new$0(133)) - omNode-3@group-523986131536-SegmentedRaftLogWorker: safeCacheEvictIndex: setUnconditionally 0 -> -1
2022-01-18 07:37:37,042 [pool-88-thread-1] INFO  server.RaftServerConfigKeys (ConfUtils.java:logGet(44)) - raft.server.snapshot.auto.trigger.enabled = true (custom)
2022-01-18 07:37:37,042 [pool-88-thread-1] INFO  server.RaftServerConfigKeys (ConfUtils.java:logGet(44)) - raft.server.snapshot.auto.trigger.threshold = 50 (custom)
2022-01-18 07:37:37,042 [pool-88-thread-1] INFO  server.RaftServerConfigKeys (ConfUtils.java:logGet(44)) - raft.server.snapshot.retention.file.num = -1 (default)
2022-01-18 07:37:37,042 [pool-88-thread-1] INFO  server.RaftServerConfigKeys (ConfUtils.java:logGet(44)) - raft.server.log.purge.upto.snapshot.index = true (custom)
2022-01-18 07:37:37,042 [pool-88-thread-1] INFO  server.RaftServerConfigKeys (ConfUtils.java:logGet(44)) - raft.server.retrycache.expirytime = 30000ms (custom)
2022-01-18 07:37:37,042 [pool-88-thread-1] INFO  server.RaftServerConfigKeys (ConfUtils.java:logGet(44)) - raft.server.retrycache.statistics.expirytime = 100μs (default)
2022-01-18 07:37:37,055 [Listener at 127.0.0.1/33823] INFO  impl.MetricsSystemImpl (MetricsSystemImpl.java:init(158)) - OzoneManager metrics system started (again)
2022-01-18 07:37:37,067 [Listener at 127.0.0.1/33823] INFO  om.OzoneManager (OzoneManager.java:start(1365)) - OzoneManager RPC server is listening at localhost/127.0.0.1:33823
2022-01-18 07:37:37,067 [Listener at 127.0.0.1/33823] INFO  ratis.OzoneManagerRatisServer (OzoneManagerRatisServer.java:start(554)) - Starting OzoneManagerRatisServer omNode-3 at port 38999
2022-01-18 07:37:37,067 [Listener at 127.0.0.1/33823] INFO  server.RaftServer$Division (RaftServerImpl.java:start(301)) - omNode-3@group-523986131536: start as a follower, conf=-1: [omNode-3|rpc:localhost:38999|priority:0, omNode-1|rpc:localhost:37129|priority:0, omNode-2|rpc:localhost:34309|priority:0], old=null
2022-01-18 07:37:37,067 [Listener at 127.0.0.1/33823] INFO  server.RaftServer$Division (RaftServerImpl.java:setRole(290)) - omNode-3@group-523986131536: changes role from      null to FOLLOWER at term 0 for startAsFollower
2022-01-18 07:37:37,067 [Listener at 127.0.0.1/33823] INFO  impl.RoleInfo (RoleInfo.java:updateAndGet(130)) - omNode-3: start omNode-3@group-523986131536-FollowerState
2022-01-18 07:37:37,068 [Listener at 127.0.0.1/33823] INFO  util.JmxRegister (JmxRegister.java:tryRegister(44)) - Successfully registered JMX Bean with object name Ratis:service=RaftServer,group=group-523986131536,id=omNode-3
2022-01-18 07:37:37,069 [Listener at 127.0.0.1/33823] INFO  server.RaftServer (RaftServerProxy.java:lambda$start$5(374)) - omNode-3: start RPC server
2022-01-18 07:37:37,070 [Listener at 127.0.0.1/33823] INFO  server.GrpcService (GrpcService.java:startImpl(253)) - omNode-3: GrpcService started, listening on 38999
2022-01-18 07:37:37,071 [Listener at 127.0.0.1/33823] INFO  om.OzoneManager (OzoneManager.java:start(1381)) - Version File has different layout version (0) than OM DB (null). That is expected if this OM has never been finalized to a newer layout version.
2022-01-18 07:37:37,071 [org.apache.ratis.util.JvmPauseMonitor$$Lambda$422/1423507882@3d7fc4b3] INFO  util.JvmPauseMonitor (JvmPauseMonitor.java:run(103)) - JvmPauseMonitor-omNode-3: Started
2022-01-18 07:37:37,073 [Listener at 127.0.0.1/33823] INFO  http.BaseHttpServer (BaseHttpServer.java:newHttpServer2BuilderForOzone(209)) - Starting Web-server for ozoneManager at: http://0.0.0.0:35099
2022-01-18 07:37:37,073 [Listener at 127.0.0.1/33823] INFO  http.BaseHttpServer (BaseHttpServer.java:<init>(107)) - Hadoop Security Enabled: false Ozone Security Enabled: false Ozone HTTP Security Enabled: false 
2022-01-18 07:37:37,075 [Listener at 127.0.0.1/33823] INFO  server.AuthenticationFilter (AuthenticationFilter.java:constructSecretProvider(240)) - Unable to initialize FileSignerSecretProvider, falling back to use random secrets.
2022-01-18 07:37:37,075 [Listener at 127.0.0.1/33823] WARN  http.HttpRequestLog (HttpRequestLog.java:getRequestLog(103)) - Jetty request log can only be enabled using Log4j
2022-01-18 07:37:37,076 [Listener at 127.0.0.1/33823] INFO  http.HttpServer2 (HttpServer2.java:addGlobalFilter(1030)) - Added global filter 'safety' (class=org.apache.hadoop.hdds.server.http.HttpServer2$QuotingInputFilter)
2022-01-18 07:37:37,077 [Listener at 127.0.0.1/33823] INFO  http.HttpServer2 (HttpServer2.java:addFilter(1006)) - Added filter static_user_filter (class=org.apache.hadoop.http.lib.StaticUserWebFilter$StaticUserFilter) to context ozoneManager
2022-01-18 07:37:37,077 [Listener at 127.0.0.1/33823] INFO  http.HttpServer2 (HttpServer2.java:addFilter(1014)) - Added filter static_user_filter (class=org.apache.hadoop.http.lib.StaticUserWebFilter$StaticUserFilter) to context static
2022-01-18 07:37:37,077 [Listener at 127.0.0.1/33823] INFO  http.HttpServer2 (HttpServer2.java:addFilter(1014)) - Added filter static_user_filter (class=org.apache.hadoop.http.lib.StaticUserWebFilter$StaticUserFilter) to context logs
2022-01-18 07:37:37,078 [Listener at 127.0.0.1/33823] INFO  http.HttpServer2 (HttpServer2.java:bindListener(1249)) - Jetty bound to port 35099
2022-01-18 07:37:37,078 [Listener at 127.0.0.1/33823] INFO  server.Server (Server.java:doStart(375)) - jetty-9.4.43.v20210629; built: 2021-06-30T11:07:22.254Z; git: 526006ecfa3af7f1a27ef3a288e2bef7ea9dd7e8; jvm 1.8.0_292-b10
2022-01-18 07:37:37,083 [Listener at 127.0.0.1/33823] INFO  server.session (DefaultSessionIdManager.java:doStart(334)) - DefaultSessionIdManager workerName=node0
2022-01-18 07:37:37,083 [Listener at 127.0.0.1/33823] INFO  server.session (DefaultSessionIdManager.java:doStart(339)) - No SessionScavenger set, using defaults
2022-01-18 07:37:37,083 [Listener at 127.0.0.1/33823] INFO  server.session (HouseKeeper.java:startScavenging(132)) - node0 Scavenging every 600000ms
2022-01-18 07:37:37,085 [Listener at 127.0.0.1/33823] INFO  handler.ContextHandler (ContextHandler.java:doStart(915)) - Started o.e.j.s.ServletContextHandler@72b92ce6{logs,/logs,file:///home/runner/work/ozone/ozone/hadoop-ozone/integration-test/target/log,AVAILABLE}
2022-01-18 07:37:37,086 [Listener at 127.0.0.1/33823] INFO  handler.ContextHandler (ContextHandler.java:doStart(915)) - Started o.e.j.s.ServletContextHandler@6f215ff3{static,/static,file:///home/runner/work/ozone/ozone/hadoop-ozone/integration-test/target/test-classes/webapps/static,AVAILABLE}
2022-01-18 07:37:37,090 [Listener at 127.0.0.1/33823] INFO  handler.ContextHandler (ContextHandler.java:doStart(915)) - Started o.e.j.w.WebAppContext@4e2860d3{ozoneManager,/,file:///home/runner/work/ozone/ozone/hadoop-ozone/integration-test/target/test-classes/webapps/ozoneManager/,AVAILABLE}{file:/home/runner/work/ozone/ozone/hadoop-ozone/integration-test/target/test-classes/webapps/ozoneManager}
2022-01-18 07:37:37,093 [Listener at 127.0.0.1/33823] INFO  server.AbstractConnector (AbstractConnector.java:doStart(331)) - Started ServerConnector@22128b73{HTTP/1.1, (http/1.1)}{0.0.0.0:35099}
2022-01-18 07:37:37,093 [Listener at 127.0.0.1/33823] INFO  server.Server (Server.java:doStart(415)) - Started @17445ms
2022-01-18 07:37:37,093 [Listener at 127.0.0.1/33823] WARN  impl.MetricsSystemImpl (MetricsSystemImpl.java:register(279)) - Sink prometheus already exists!
2022-01-18 07:37:37,094 [Listener at 127.0.0.1/33823] INFO  http.BaseHttpServer (BaseHttpServer.java:updateConnectorAddress(329)) - HTTP server of ozoneManager listening at http://0.0.0.0:35099
2022-01-18 07:37:37,094 [IPC Server Responder] INFO  ipc.Server (Server.java:run(1507)) - IPC Server Responder: starting
2022-01-18 07:37:37,096 [IPC Server listener on 33823] INFO  ipc.Server (Server.java:run(1344)) - IPC Server listener on 33823: starting
2022-01-18 07:37:37,108 [Listener at 127.0.0.1/33823] INFO  om.OzoneManager (OzoneManager.java:startTrashEmptier(1792)) - Trash Interval set to 0. Files deleted will not move to trash
2022-01-18 07:37:37,108 [Listener at 127.0.0.1/33823] INFO  ozone.MiniOzoneHAClusterImpl (MiniOzoneHAClusterImpl.java:createOMService(522)) - Started OzoneManager omNode-3 RPC server at localhost/127.0.0.1:33823
2022-01-18 07:37:37,109 [org.apache.hadoop.util.JvmPauseMonitor$Monitor@52ac4878] INFO  util.JvmPauseMonitor (JvmPauseMonitor.java:run(188)) - Starting JVM pause monitor
2022-01-18 07:37:37,391 [omNode-1@group-523986131536-FollowerState] INFO  impl.FollowerState (FollowerState.java:run(134)) - omNode-1@group-523986131536-FollowerState: change to CANDIDATE, lastRpcElapsedTime:1032766216ns, electionTimeout:1021ms
2022-01-18 07:37:37,391 [omNode-1@group-523986131536-FollowerState] INFO  impl.RoleInfo (RoleInfo.java:shutdownFollowerState(108)) - omNode-1: shutdown omNode-1@group-523986131536-FollowerState
2022-01-18 07:37:37,391 [omNode-1@group-523986131536-FollowerState] INFO  server.RaftServer$Division (RaftServerImpl.java:setRole(290)) - omNode-1@group-523986131536: changes role from  FOLLOWER to CANDIDATE at term 0 for changeToCandidate
2022-01-18 07:37:37,391 [omNode-1@group-523986131536-FollowerState] INFO  server.RaftServerConfigKeys (ConfUtils.java:logGet(44)) - raft.server.leaderelection.pre-vote = false (custom)
2022-01-18 07:37:37,392 [omNode-1@group-523986131536-FollowerState] INFO  impl.RoleInfo (RoleInfo.java:updateAndGet(130)) - omNode-1: start omNode-1@group-523986131536-LeaderElection3
2022-01-18 07:37:37,408 [omNode-1@group-523986131536-LeaderElection3] INFO  impl.LeaderElection (LeaderElection.java:askForVotes(306)) - omNode-1@group-523986131536-LeaderElection3 ELECTION round 0: submit vote requests at term 1 for -1: [omNode-3|rpc:localhost:38999|priority:0, omNode-1|rpc:localhost:37129|priority:0, omNode-2|rpc:localhost:34309|priority:0], old=null
2022-01-18 07:37:37,430 [Listener at 127.0.0.1/33823] WARN  impl.MetricRegistriesImpl (MetricRegistriesImpl.java:addReporterRegistration(111)) - New reporters are added after registries were created. Some metrics will be missing from the reporter. Please add reporter before adding any new registry.
2022-01-18 07:37:37,430 [Listener at 127.0.0.1/33823] WARN  impl.MetricRegistriesImpl (MetricRegistriesImpl.java:addReporterRegistration(111)) - New reporters are added after registries were created. Some metrics will be missing from the reporter. Please add reporter before adding any new registry.
2022-01-18 07:37:37,430 [Listener at 127.0.0.1/33823] INFO  impl.MetricsSystemImpl (MetricsSystemImpl.java:init(158)) - HddsDatanode metrics system started (again)
2022-01-18 07:37:37,452 [Listener at 127.0.0.1/33823] INFO  ozone.HddsDatanodeService (HddsDatanodeService.java:start(234)) - HddsDatanodeService host:fv-az270-89.tacnzluakwdehk1hpragurqkma.bx.internal.cloudapp.net ip:10.1.0.52
2022-01-18 07:37:37,513 [Listener at 127.0.0.1/33823] INFO  upgrade.AbstractLayoutVersionManager (AbstractLayoutVersionManager.java:init(79)) - Initializing Layout version manager with metadata layout = SCM_HA (version = 2), software layout = SCM_HA (version = 2)
2022-01-18 07:37:37,626 [Listener at 127.0.0.1/33823] INFO  reflections.Reflections (Reflections.java:scan(232)) - Reflections took 105 ms to scan 7 urls, producing 119 keys and 279 values 
2022-01-18 07:37:37,635 [Listener at 127.0.0.1/33823] INFO  statemachine.DatanodeStateMachine (DatanodeStateMachine.java:getEndPointTaskThreadPoolSize(222)) - Datanode State Machine Task Thread Pool size 2
2022-01-18 07:37:37,747 [Listener at 127.0.0.1/33823] INFO  volume.HddsVolume (HddsVolume.java:<init>(120)) - Creating HddsVolume: /home/runner/work/ozone/ozone/hadoop-ozone/integration-test/target/test-dir/MiniOzoneClusterImpl-b5dc639d-ec1c-4769-97cf-b7d3d1b0d53f/datanode-0/data-0/containers/hdds of storage type : DISK capacity : 9223372036854775807
2022-01-18 07:37:37,749 [Listener at 127.0.0.1/33823] INFO  volume.MutableVolumeSet (MutableVolumeSet.java:initializeVolumeSet(168)) - Added Volume : /home/runner/work/ozone/ozone/hadoop-ozone/integration-test/target/test-dir/MiniOzoneClusterImpl-b5dc639d-ec1c-4769-97cf-b7d3d1b0d53f/datanode-0/data-0/containers/hdds to VolumeSet
2022-01-18 07:37:37,750 [Listener at 127.0.0.1/33823] INFO  volume.ThrottledAsyncChecker (ThrottledAsyncChecker.java:schedule(141)) - Scheduling a check for /home/runner/work/ozone/ozone/hadoop-ozone/integration-test/target/test-dir/MiniOzoneClusterImpl-b5dc639d-ec1c-4769-97cf-b7d3d1b0d53f/datanode-0/data-0/containers/hdds
2022-01-18 07:37:37,797 [Listener at 127.0.0.1/33823] INFO  volume.StorageVolumeChecker (StorageVolumeChecker.java:checkAllVolumes(202)) - Scheduled health check for volume /home/runner/work/ozone/ozone/hadoop-ozone/integration-test/target/test-dir/MiniOzoneClusterImpl-b5dc639d-ec1c-4769-97cf-b7d3d1b0d53f/datanode-0/data-0/containers/hdds
2022-01-18 07:37:37,845 [Listener at 127.0.0.1/33823] INFO  volume.MutableVolumeSet (MutableVolumeSet.java:initializeVolumeSet(168)) - Added Volume : /home/runner/work/ozone/ozone/hadoop-ozone/integration-test/target/test-dir/MiniOzoneClusterImpl-b5dc639d-ec1c-4769-97cf-b7d3d1b0d53f/datanode-0/data/ratis to VolumeSet
2022-01-18 07:37:37,845 [Listener at 127.0.0.1/33823] INFO  volume.ThrottledAsyncChecker (ThrottledAsyncChecker.java:schedule(141)) - Scheduling a check for /home/runner/work/ozone/ozone/hadoop-ozone/integration-test/target/test-dir/MiniOzoneClusterImpl-b5dc639d-ec1c-4769-97cf-b7d3d1b0d53f/datanode-0/data/ratis
2022-01-18 07:37:37,845 [Listener at 127.0.0.1/33823] INFO  volume.StorageVolumeChecker (StorageVolumeChecker.java:checkAllVolumes(202)) - Scheduled health check for volume /home/runner/work/ozone/ozone/hadoop-ozone/integration-test/target/test-dir/MiniOzoneClusterImpl-b5dc639d-ec1c-4769-97cf-b7d3d1b0d53f/datanode-0/data/ratis
2022-01-18 07:37:37,868 [omNode-2@group-523986131536-FollowerState] INFO  impl.FollowerState (FollowerState.java:run(134)) - omNode-2@group-523986131536-FollowerState: change to CANDIDATE, lastRpcElapsedTime:1137543284ns, electionTimeout:1127ms
2022-01-18 07:37:37,868 [omNode-2@group-523986131536-FollowerState] INFO  impl.RoleInfo (RoleInfo.java:shutdownFollowerState(108)) - omNode-2: shutdown omNode-2@group-523986131536-FollowerState
2022-01-18 07:37:37,869 [omNode-2@group-523986131536-FollowerState] INFO  server.RaftServer$Division (RaftServerImpl.java:setRole(290)) - omNode-2@group-523986131536: changes role from  FOLLOWER to CANDIDATE at term 0 for changeToCandidate
2022-01-18 07:37:37,869 [omNode-2@group-523986131536-FollowerState] INFO  server.RaftServerConfigKeys (ConfUtils.java:logGet(44)) - raft.server.leaderelection.pre-vote = false (custom)
2022-01-18 07:37:37,869 [omNode-2@group-523986131536-FollowerState] INFO  impl.RoleInfo (RoleInfo.java:updateAndGet(130)) - omNode-2: start omNode-2@group-523986131536-LeaderElection4
2022-01-18 07:37:37,888 [Thread-229] INFO  ozoneimpl.ContainerReader (ContainerReader.java:readVolume(172)) - Finish verifying containers on volume /home/runner/work/ozone/ozone/hadoop-ozone/integration-test/target/test-dir/MiniOzoneClusterImpl-b5dc639d-ec1c-4769-97cf-b7d3d1b0d53f/datanode-0/data-0/containers/hdds
2022-01-18 07:37:37,891 [omNode-2@group-523986131536-LeaderElection4] INFO  impl.LeaderElection (LeaderElection.java:askForVotes(306)) - omNode-2@group-523986131536-LeaderElection4 ELECTION round 0: submit vote requests at term 1 for -1: [omNode-3|rpc:localhost:38999|priority:0, omNode-1|rpc:localhost:37129|priority:0, omNode-2|rpc:localhost:34309|priority:0], old=null
2022-01-18 07:37:37,893 [Listener at 127.0.0.1/33823] INFO  ozoneimpl.OzoneContainer (OzoneContainer.java:buildContainerSet(237)) - Build ContainerSet costs 0s
2022-01-18 07:37:38,062 [Listener at 127.0.0.1/33823] INFO  server.RaftServer (ConfUtils.java:logGet(44)) - raft.rpc.type = GRPC (default)
2022-01-18 07:37:38,066 [Listener at 127.0.0.1/33823] INFO  grpc.GrpcFactory (GrpcFactory.java:checkPooledByteBufAllocatorUseCacheForAllThreads(48)) - PERFORMANCE WARNING: useCacheForAllThreads is true that may cause Netty to create a lot garbage objects and, as a result, trigger GC.
	It is recommended to disable useCacheForAllThreads by setting -Dorg.apache.ratis.thirdparty.io.netty.allocator.useCacheForAllThreads=false in command line.
2022-01-18 07:37:38,068 [Listener at 127.0.0.1/33823] INFO  grpc.GrpcConfigKeys (ConfUtils.java:logGet(44)) - raft.grpc.admin.port = 0 (custom)
2022-01-18 07:37:38,069 [Listener at 127.0.0.1/33823] INFO  grpc.GrpcConfigKeys (ConfUtils.java:logGet(44)) - raft.grpc.client.port = 0 (custom)
2022-01-18 07:37:38,069 [Listener at 127.0.0.1/33823] INFO  grpc.GrpcConfigKeys (ConfUtils.java:logGet(44)) - raft.grpc.server.port = 0 (default)
2022-01-18 07:37:38,069 [Listener at 127.0.0.1/33823] INFO  server.GrpcService (ConfUtils.java:logGet(44)) - raft.grpc.message.size.max = 32MB (=33554432) (custom)
2022-01-18 07:37:38,069 [Listener at 127.0.0.1/33823] INFO  server.RaftServerConfigKeys (ConfUtils.java:logGet(44)) - raft.server.log.appender.buffer.byte-limit = 33554432 (custom)
2022-01-18 07:37:38,069 [Listener at 127.0.0.1/33823] INFO  server.GrpcService (ConfUtils.java:logGet(44)) - raft.grpc.flow.control.window = 5MB (=5242880) (custom)
2022-01-18 07:37:38,069 [Listener at 127.0.0.1/33823] INFO  server.RaftServerConfigKeys (ConfUtils.java:logGet(44)) - raft.server.rpc.request.timeout = 60s (custom)
2022-01-18 07:37:38,071 [Listener at 127.0.0.1/33823] INFO  impl.DataStreamServerImpl (ConfUtils.java:logGet(44)) - raft.datastream.type = DISABLED (default)
2022-01-18 07:37:38,071 [Listener at 127.0.0.1/33823] INFO  server.RaftServerConfigKeys (ConfUtils.java:logGet(44)) - raft.server.rpc.slowness.timeout = 300s (custom)
2022-01-18 07:37:38,072 [Listener at 127.0.0.1/33823] INFO  server.RaftServerConfigKeys (ConfUtils.java:logGet(44)) - raft.server.leaderelection.leader.step-down.wait-time = 10s (default)
2022-01-18 07:37:38,074 [Listener at 127.0.0.1/33823] INFO  server.RaftServerConfigKeys (ConfUtils.java:logGet(44)) - raft.server.storage.dir = [/home/runner/work/ozone/ozone/hadoop-ozone/integration-test/target/test-dir/MiniOzoneClusterImpl-b5dc639d-ec1c-4769-97cf-b7d3d1b0d53f/datanode-0/data/ratis] (custom)
2022-01-18 07:37:38,140 [Listener at 127.0.0.1/33823] INFO  server.XceiverServerGrpc (XceiverServerGrpc.java:<init>(132)) - GrpcServer channel type EpollServerSocketChannel
2022-01-18 07:37:38,201 [omNode-3@group-523986131536-FollowerState] INFO  impl.FollowerState (FollowerState.java:run(134)) - omNode-3@group-523986131536-FollowerState: change to CANDIDATE, lastRpcElapsedTime:1133805456ns, electionTimeout:1107ms
2022-01-18 07:37:38,202 [omNode-3@group-523986131536-FollowerState] INFO  impl.RoleInfo (RoleInfo.java:shutdownFollowerState(108)) - omNode-3: shutdown omNode-3@group-523986131536-FollowerState
2022-01-18 07:37:38,202 [omNode-3@group-523986131536-FollowerState] INFO  server.RaftServer$Division (RaftServerImpl.java:setRole(290)) - omNode-3@group-523986131536: changes role from  FOLLOWER to CANDIDATE at term 0 for changeToCandidate
2022-01-18 07:37:38,202 [omNode-3@group-523986131536-FollowerState] INFO  server.RaftServerConfigKeys (ConfUtils.java:logGet(44)) - raft.server.leaderelection.pre-vote = false (custom)
2022-01-18 07:37:38,202 [omNode-3@group-523986131536-FollowerState] INFO  impl.RoleInfo (RoleInfo.java:updateAndGet(130)) - omNode-3: start omNode-3@group-523986131536-LeaderElection5
2022-01-18 07:37:38,213 [grpc-default-executor-2] INFO  server.RaftServer$Division (RaftServerImpl.java:requestVote(1046)) - omNode-3@group-523986131536: receive requestVote(ELECTION, omNode-1, group-523986131536, 1, (t:0, i:~))
2022-01-18 07:37:38,214 [grpc-default-executor-0] INFO  server.RaftServer$Division (RaftServerImpl.java:requestVote(1046)) - omNode-1@group-523986131536: receive requestVote(ELECTION, omNode-2, group-523986131536, 1, (t:0, i:~))
2022-01-18 07:37:38,215 [grpc-default-executor-0] INFO  impl.VoteContext (VoteContext.java:log(48)) - omNode-1@group-523986131536-CANDIDATE: reject ELECTION from omNode-2: already has voted for omNode-1 at current term 1
2022-01-18 07:37:38,221 [grpc-default-executor-1] INFO  server.RaftServer$Division (RaftServerImpl.java:requestVote(1046)) - omNode-3@group-523986131536: receive requestVote(ELECTION, omNode-2, group-523986131536, 1, (t:0, i:~))
2022-01-18 07:37:38,225 [grpc-default-executor-3] INFO  server.RaftServer$Division (RaftServerImpl.java:requestVote(1046)) - omNode-2@group-523986131536: receive requestVote(ELECTION, omNode-1, group-523986131536, 1, (t:0, i:~))
2022-01-18 07:37:38,225 [grpc-default-executor-3] INFO  impl.VoteContext (VoteContext.java:log(48)) - omNode-2@group-523986131536-CANDIDATE: reject ELECTION from omNode-1: already has voted for omNode-2 at current term 1
2022-01-18 07:37:38,226 [grpc-default-executor-3] INFO  server.RaftServer$Division (RaftServerImpl.java:requestVote(1078)) - omNode-2@group-523986131536 replies to ELECTION vote request: omNode-1<-omNode-2#0:FAIL-t1. Peer's state: omNode-2@group-523986131536:t1, leader=null, voted=omNode-2, raftlog=omNode-2@group-523986131536-SegmentedRaftLog:OPENED:c-1, conf=-1: [omNode-3|rpc:localhost:38999|priority:0, omNode-1|rpc:localhost:37129|priority:0, omNode-2|rpc:localhost:34309|priority:0], old=null
2022-01-18 07:37:38,223 [grpc-default-executor-2] INFO  impl.VoteContext (VoteContext.java:log(48)) - omNode-3@group-523986131536-CANDIDATE: accept ELECTION from omNode-1: our priority 0 <= candidate's priority 0
2022-01-18 07:37:38,227 [grpc-default-executor-2] INFO  server.RaftServer$Division (RaftServerImpl.java:setRole(290)) - omNode-3@group-523986131536: changes role from CANDIDATE to FOLLOWER at term 1 for candidate:omNode-1
2022-01-18 07:37:38,227 [grpc-default-executor-2] INFO  impl.RoleInfo (RoleInfo.java:shutdownLeaderElection(121)) - omNode-3: shutdown omNode-3@group-523986131536-LeaderElection5
2022-01-18 07:37:38,227 [grpc-default-executor-2] INFO  impl.RoleInfo (RoleInfo.java:updateAndGet(130)) - omNode-3: start omNode-3@group-523986131536-FollowerState
2022-01-18 07:37:38,234 [grpc-default-executor-0] INFO  server.RaftServer$Division (RaftServerImpl.java:requestVote(1078)) - omNode-1@group-523986131536 replies to ELECTION vote request: omNode-2<-omNode-1#0:FAIL-t1. Peer's state: omNode-1@group-523986131536:t1, leader=null, voted=omNode-1, raftlog=omNode-1@group-523986131536-SegmentedRaftLog:OPENED:c-1, conf=-1: [omNode-3|rpc:localhost:38999|priority:0, omNode-1|rpc:localhost:37129|priority:0, omNode-2|rpc:localhost:34309|priority:0], old=null
2022-01-18 07:37:38,266 [grpc-default-executor-2] INFO  server.RaftServer$Division (RaftServerImpl.java:requestVote(1078)) - omNode-3@group-523986131536 replies to ELECTION vote request: omNode-1<-omNode-3#0:OK-t1. Peer's state: omNode-3@group-523986131536:t1, leader=null, voted=omNode-1, raftlog=omNode-3@group-523986131536-SegmentedRaftLog:OPENED:c-1, conf=-1: [omNode-3|rpc:localhost:38999|priority:0, omNode-1|rpc:localhost:37129|priority:0, omNode-2|rpc:localhost:34309|priority:0], old=null
2022-01-18 07:37:38,268 [grpc-default-executor-1] INFO  impl.VoteContext (VoteContext.java:log(48)) - omNode-3@group-523986131536-FOLLOWER: reject ELECTION from omNode-2: already has voted for omNode-1 at current term 1
2022-01-18 07:37:38,269 [grpc-default-executor-1] INFO  server.RaftServer$Division (RaftServerImpl.java:requestVote(1078)) - omNode-3@group-523986131536 replies to ELECTION vote request: omNode-2<-omNode-3#0:FAIL-t1. Peer's state: omNode-3@group-523986131536:t1, leader=null, voted=omNode-1, raftlog=omNode-3@group-523986131536-SegmentedRaftLog:OPENED:c-1, conf=-1: [omNode-3|rpc:localhost:38999|priority:0, omNode-1|rpc:localhost:37129|priority:0, omNode-2|rpc:localhost:34309|priority:0], old=null
2022-01-18 07:37:38,275 [Listener at 127.0.0.1/33823] INFO  http.BaseHttpServer (BaseHttpServer.java:newHttpServer2BuilderForOzone(209)) - Starting Web-server for hddsDatanode at: http://0.0.0.0:0
2022-01-18 07:37:38,275 [Listener at 127.0.0.1/33823] INFO  http.BaseHttpServer (BaseHttpServer.java:<init>(107)) - Hadoop Security Enabled: false Ozone Security Enabled: false Ozone HTTP Security Enabled: false 
2022-01-18 07:37:38,282 [omNode-1@group-523986131536-LeaderElection3] INFO  impl.LeaderElection (LeaderElection.java:logAndReturn(89)) - omNode-1@group-523986131536-LeaderElection3: ELECTION PASSED received 2 response(s) and 0 exception(s):
2022-01-18 07:37:38,282 [omNode-1@group-523986131536-LeaderElection3] INFO  impl.LeaderElection (LeaderElection.java:logAndReturn(93)) -   Response 0: omNode-1<-omNode-3#0:OK-t1
2022-01-18 07:37:38,282 [omNode-1@group-523986131536-LeaderElection3] INFO  impl.LeaderElection (LeaderElection.java:logAndReturn(93)) -   Response 1: omNode-1<-omNode-2#0:FAIL-t1
2022-01-18 07:37:38,282 [omNode-1@group-523986131536-LeaderElection3] INFO  impl.LeaderElection (LeaderElection.java:askForVotes(308)) - omNode-1@group-523986131536-LeaderElection3 ELECTION round 0: result PASSED
2022-01-18 07:37:38,282 [omNode-1@group-523986131536-LeaderElection3] INFO  impl.RoleInfo (RoleInfo.java:shutdownLeaderElection(121)) - omNode-1: shutdown omNode-1@group-523986131536-LeaderElection3
2022-01-18 07:37:38,282 [omNode-1@group-523986131536-LeaderElection3] INFO  server.RaftServer$Division (RaftServerImpl.java:setRole(290)) - omNode-1@group-523986131536: changes role from CANDIDATE to LEADER at term 1 for changeToLeader
2022-01-18 07:37:38,282 [omNode-1@group-523986131536-LeaderElection3] INFO  server.RaftServer$Division (ServerState.java:setLeader(285)) - omNode-1@group-523986131536: change Leader from null to omNode-1 at term 1 for becomeLeader, leader elected after 1982ms
2022-01-18 07:37:38,282 [omNode-1@group-523986131536-LeaderElection3] INFO  server.RaftServerConfigKeys (ConfUtils.java:logGet(44)) - raft.server.staging.catchup.gap = 1000 (default)
2022-01-18 07:37:38,283 [omNode-1@group-523986131536-LeaderElection3] INFO  server.RaftServerConfigKeys (ConfUtils.java:logGet(44)) - raft.server.write.element-limit = 4096 (default)
2022-01-18 07:37:38,283 [omNode-1@group-523986131536-LeaderElection3] INFO  server.RaftServerConfigKeys (ConfUtils.java:logGet(44)) - raft.server.write.byte-limit = 64MB (=67108864) (default)
2022-01-18 07:37:38,283 [omNode-1@group-523986131536-LeaderElection3] INFO  server.RaftServerConfigKeys (ConfUtils.java:logGet(44)) - raft.server.watch.timeout = 10s (default)
2022-01-18 07:37:38,283 [omNode-1@group-523986131536-LeaderElection3] INFO  server.RaftServerConfigKeys (ConfUtils.java:logGet(44)) - raft.server.watch.timeout.denomination = 1s (default)
2022-01-18 07:37:38,283 [omNode-1@group-523986131536-LeaderElection3] INFO  server.RaftServerConfigKeys (ConfUtils.java:logGet(44)) - raft.server.watch.element-limit = 65536 (default)
2022-01-18 07:37:38,283 [omNode-1@group-523986131536-LeaderElection3] INFO  server.RaftServerConfigKeys (ConfUtils.java:logGet(44)) - raft.server.write.element-limit = 4096 (default)
2022-01-18 07:37:38,283 [omNode-1@group-523986131536-LeaderElection3] INFO  server.RaftServerConfigKeys (ConfUtils.java:logGet(44)) - raft.server.write.follower.gap.ratio.max = -1.0 (default)
2022-01-18 07:37:38,286 [omNode-2@group-523986131536-LeaderElection4] INFO  impl.LeaderElection (LeaderElection.java:logAndReturn(89)) - omNode-2@group-523986131536-LeaderElection4: ELECTION REJECTED received 2 response(s) and 0 exception(s):
2022-01-18 07:37:38,286 [omNode-2@group-523986131536-LeaderElection4] INFO  impl.LeaderElection (LeaderElection.java:logAndReturn(93)) -   Response 0: omNode-2<-omNode-3#0:FAIL-t1
2022-01-18 07:37:38,286 [omNode-2@group-523986131536-LeaderElection4] INFO  impl.LeaderElection (LeaderElection.java:logAndReturn(93)) -   Response 1: omNode-2<-omNode-1#0:FAIL-t1
2022-01-18 07:37:38,286 [omNode-2@group-523986131536-LeaderElection4] INFO  impl.LeaderElection (LeaderElection.java:askForVotes(308)) - omNode-2@group-523986131536-LeaderElection4 ELECTION round 0: result REJECTED
2022-01-18 07:37:38,286 [omNode-2@group-523986131536-LeaderElection4] INFO  server.RaftServer$Division (RaftServerImpl.java:setRole(290)) - omNode-2@group-523986131536: changes role from CANDIDATE to FOLLOWER at term 1 for REJECTED
2022-01-18 07:37:38,286 [omNode-2@group-523986131536-LeaderElection4] INFO  impl.RoleInfo (RoleInfo.java:shutdownLeaderElection(121)) - omNode-2: shutdown omNode-2@group-523986131536-LeaderElection4
2022-01-18 07:37:38,287 [omNode-2@group-523986131536-LeaderElection4] INFO  impl.RoleInfo (RoleInfo.java:updateAndGet(130)) - omNode-2: start omNode-2@group-523986131536-FollowerState
2022-01-18 07:37:38,290 [omNode-1@group-523986131536-LeaderElection3] INFO  server.RaftServerConfigKeys (ConfUtils.java:logGet(44)) - raft.server.log.appender.snapshot.chunk.size.max = 16MB (=16777216) (default)
2022-01-18 07:37:38,291 [omNode-1@group-523986131536-LeaderElection3] INFO  server.RaftServerConfigKeys (ConfUtils.java:logGet(44)) - raft.server.log.appender.buffer.byte-limit = 33554432 (custom)
2022-01-18 07:37:38,291 [omNode-1@group-523986131536-LeaderElection3] INFO  server.RaftServerConfigKeys (ConfUtils.java:logGet(44)) - raft.server.log.appender.buffer.element-limit = 1024 (custom)
2022-01-18 07:37:38,299 [Listener at 127.0.0.1/33823] INFO  server.AuthenticationFilter (AuthenticationFilter.java:constructSecretProvider(240)) - Unable to initialize FileSignerSecretProvider, falling back to use random secrets.
2022-01-18 07:37:38,300 [Listener at 127.0.0.1/33823] WARN  http.HttpRequestLog (HttpRequestLog.java:getRequestLog(103)) - Jetty request log can only be enabled using Log4j
2022-01-18 07:37:38,301 [Listener at 127.0.0.1/33823] INFO  http.HttpServer2 (HttpServer2.java:addGlobalFilter(1030)) - Added global filter 'safety' (class=org.apache.hadoop.hdds.server.http.HttpServer2$QuotingInputFilter)
2022-01-18 07:37:38,302 [Listener at 127.0.0.1/33823] INFO  http.HttpServer2 (HttpServer2.java:addFilter(1006)) - Added filter static_user_filter (class=org.apache.hadoop.http.lib.StaticUserWebFilter$StaticUserFilter) to context hddsDatanode
2022-01-18 07:37:38,302 [Listener at 127.0.0.1/33823] INFO  http.HttpServer2 (HttpServer2.java:addFilter(1014)) - Added filter static_user_filter (class=org.apache.hadoop.http.lib.StaticUserWebFilter$StaticUserFilter) to context logs
2022-01-18 07:37:38,302 [Listener at 127.0.0.1/33823] INFO  http.HttpServer2 (HttpServer2.java:addFilter(1014)) - Added filter static_user_filter (class=org.apache.hadoop.http.lib.StaticUserWebFilter$StaticUserFilter) to context static
2022-01-18 07:37:38,303 [omNode-1@group-523986131536-LeaderElection3] INFO  grpc.GrpcConfigKeys (ConfUtils.java:logGet(44)) - raft.grpc.server.leader.outstanding.appends.max = 128 (default)
2022-01-18 07:37:38,304 [omNode-1@group-523986131536-LeaderElection3] INFO  server.RaftServerConfigKeys (ConfUtils.java:logGet(44)) - raft.server.rpc.request.timeout = 3000ms (default)
2022-01-18 07:37:38,304 [omNode-1@group-523986131536-LeaderElection3] INFO  server.RaftServerConfigKeys (ConfUtils.java:logGet(44)) - raft.server.log.appender.install.snapshot.enabled = false (custom)
2022-01-18 07:37:38,303 [Listener at 127.0.0.1/33823] INFO  http.HttpServer2 (HttpServer2.java:bindListener(1249)) - Jetty bound to port 46109
2022-01-18 07:37:38,305 [Listener at 127.0.0.1/33823] INFO  server.Server (Server.java:doStart(375)) - jetty-9.4.43.v20210629; built: 2021-06-30T11:07:22.254Z; git: 526006ecfa3af7f1a27ef3a288e2bef7ea9dd7e8; jvm 1.8.0_292-b10
2022-01-18 07:37:38,308 [omNode-1@group-523986131536-LeaderElection3] INFO  server.RaftServerConfigKeys (ConfUtils.java:logGet(44)) - raft.server.log.appender.snapshot.chunk.size.max = 16MB (=16777216) (default)
2022-01-18 07:37:38,309 [omNode-1@group-523986131536-LeaderElection3] INFO  server.RaftServerConfigKeys (ConfUtils.java:logGet(44)) - raft.server.log.appender.buffer.byte-limit = 33554432 (custom)
2022-01-18 07:37:38,309 [omNode-1@group-523986131536-LeaderElection3] INFO  server.RaftServerConfigKeys (ConfUtils.java:logGet(44)) - raft.server.log.appender.buffer.element-limit = 1024 (custom)
2022-01-18 07:37:38,310 [Listener at 127.0.0.1/33823] INFO  server.session (DefaultSessionIdManager.java:doStart(334)) - DefaultSessionIdManager workerName=node0
2022-01-18 07:37:38,310 [Listener at 127.0.0.1/33823] INFO  server.session (DefaultSessionIdManager.java:doStart(339)) - No SessionScavenger set, using defaults
2022-01-18 07:37:38,310 [Listener at 127.0.0.1/33823] INFO  server.session (HouseKeeper.java:startScavenging(132)) - node0 Scavenging every 660000ms
2022-01-18 07:37:38,311 [Listener at 127.0.0.1/33823] INFO  handler.ContextHandler (ContextHandler.java:doStart(915)) - Started o.e.j.s.ServletContextHandler@6e32eea5{logs,/logs,file:///home/runner/work/ozone/ozone/hadoop-ozone/integration-test/target/log,AVAILABLE}
2022-01-18 07:37:38,312 [Listener at 127.0.0.1/33823] INFO  handler.ContextHandler (ContextHandler.java:doStart(915)) - Started o.e.j.s.ServletContextHandler@aa24615{static,/static,jar:file:/home/runner/.m2/repository/org/apache/ozone/hdds-container-service/1.3.0-SNAPSHOT/hdds-container-service-1.3.0-SNAPSHOT.jar!/webapps/static,AVAILABLE}
2022-01-18 07:37:38,314 [omNode-1@group-523986131536-LeaderElection3] INFO  grpc.GrpcConfigKeys (ConfUtils.java:logGet(44)) - raft.grpc.server.leader.outstanding.appends.max = 128 (default)
2022-01-18 07:37:38,315 [omNode-1@group-523986131536-LeaderElection3] INFO  server.RaftServerConfigKeys (ConfUtils.java:logGet(44)) - raft.server.rpc.request.timeout = 3000ms (default)
2022-01-18 07:37:38,315 [omNode-1@group-523986131536-LeaderElection3] INFO  server.RaftServerConfigKeys (ConfUtils.java:logGet(44)) - raft.server.log.appender.install.snapshot.enabled = false (custom)
2022-01-18 07:37:38,317 [omNode-1@group-523986131536-LeaderElection3] INFO  impl.RoleInfo (RoleInfo.java:updateAndGet(130)) - omNode-1: start omNode-1@group-523986131536-LeaderStateImpl
2022-01-18 07:37:38,317 [omNode-1@group-523986131536-LeaderElection3] INFO  segmented.SegmentedRaftLogWorker (SegmentedRaftLogWorker.java:startLogSegment(394)) - omNode-1@group-523986131536-SegmentedRaftLogWorker: Starting segment from index:0
2022-01-18 07:37:38,331 [omNode-1@group-523986131536-SegmentedRaftLogWorker] INFO  segmented.SegmentedRaftLogWorker (SegmentedRaftLogWorker.java:execute(601)) - omNode-1@group-523986131536-SegmentedRaftLogWorker: created new log segment /home/runner/work/ozone/ozone/hadoop-ozone/integration-test/target/test-dir/MiniOzoneClusterImpl-b5dc639d-ec1c-4769-97cf-b7d3d1b0d53f/omNode-1/ratis/c9bc4cf4-3bc3-3c60-a66b-523986131536/current/log_inprogress_0
2022-01-18 07:37:38,380 [omNode-1@group-523986131536-LeaderElection3] INFO  server.RaftServer$Division (ServerState.java:setRaftConf(387)) - omNode-1@group-523986131536: set configuration 0: [omNode-3|rpc:localhost:38999|admin:|client:|dataStream:|priority:0, omNode-1|rpc:localhost:37129|admin:|client:|dataStream:|priority:0, omNode-2|rpc:localhost:34309|admin:|client:|dataStream:|priority:0], old=null
2022-01-18 07:37:38,392 [grpc-default-executor-1] INFO  server.RaftServer$Division (ServerState.java:setLeader(285)) - omNode-2@group-523986131536: change Leader from null to omNode-1 at term 1 for appendEntries, leader elected after 1705ms
2022-01-18 07:37:38,394 [grpc-default-executor-2] INFO  server.RaftServer$Division (ServerState.java:setLeader(285)) - omNode-3@group-523986131536: change Leader from null to omNode-1 at term 1 for appendEntries, leader elected after 1356ms
2022-01-18 07:37:38,405 [Listener at 127.0.0.1/33823] INFO  handler.ContextHandler (ContextHandler.java:doStart(915)) - Started o.e.j.w.WebAppContext@3d1f6213{hddsDatanode,/,file:///tmp/jetty-0_0_0_0-46109-hdds-container-service-1_3_0-SNAPSHOT_jar-_-any-6678554427591684030/webapp/,AVAILABLE}{jar:file:/home/runner/.m2/repository/org/apache/ozone/hdds-container-service/1.3.0-SNAPSHOT/hdds-container-service-1.3.0-SNAPSHOT.jar!/webapps/hddsDatanode}
2022-01-18 07:37:38,430 [Listener at 127.0.0.1/33823] INFO  server.AbstractConnector (AbstractConnector.java:doStart(331)) - Started ServerConnector@52ebb73a{HTTP/1.1, (http/1.1)}{0.0.0.0:46109}
2022-01-18 07:37:38,430 [Listener at 127.0.0.1/33823] INFO  server.Server (Server.java:doStart(415)) - Started @18782ms
2022-01-18 07:37:38,430 [Listener at 127.0.0.1/33823] WARN  impl.MetricsSystemImpl (MetricsSystemImpl.java:register(279)) - Sink prometheus already exists!
2022-01-18 07:37:38,434 [Listener at 127.0.0.1/33823] INFO  http.BaseHttpServer (BaseHttpServer.java:updateConnectorAddress(329)) - HTTP server of hddsDatanode listening at http://0.0.0.0:46109
2022-01-18 07:37:38,436 [grpc-default-executor-2] INFO  server.RaftServer$Division (ServerState.java:setRaftConf(387)) - omNode-3@group-523986131536: set configuration 0: [omNode-3|rpc:localhost:38999|admin:|client:|dataStream:|priority:0, omNode-1|rpc:localhost:37129|admin:|client:|dataStream:|priority:0, omNode-2|rpc:localhost:34309|admin:|client:|dataStream:|priority:0], old=null
2022-01-18 07:37:38,437 [grpc-default-executor-2] INFO  segmented.SegmentedRaftLogWorker (SegmentedRaftLogWorker.java:startLogSegment(394)) - omNode-3@group-523986131536-SegmentedRaftLogWorker: Starting segment from index:0
2022-01-18 07:37:38,437 [grpc-default-executor-0] INFO  server.RaftServer$Division (ServerState.java:setRaftConf(387)) - omNode-2@group-523986131536: set configuration 0: [omNode-3|rpc:localhost:38999|admin:|client:|dataStream:|priority:0, omNode-1|rpc:localhost:37129|admin:|client:|dataStream:|priority:0, omNode-2|rpc:localhost:34309|admin:|client:|dataStream:|priority:0], old=null
2022-01-18 07:37:38,437 [grpc-default-executor-0] INFO  segmented.SegmentedRaftLogWorker (SegmentedRaftLogWorker.java:startLogSegment(394)) - omNode-2@group-523986131536-SegmentedRaftLogWorker: Starting segment from index:0
2022-01-18 07:37:38,441 [Listener at 127.0.0.1/33823] WARN  impl.MetricRegistriesImpl (MetricRegistriesImpl.java:addReporterRegistration(111)) - New reporters are added after registries were created. Some metrics will be missing from the reporter. Please add reporter before adding any new registry.
2022-01-18 07:37:38,442 [Listener at 127.0.0.1/33823] WARN  impl.MetricRegistriesImpl (MetricRegistriesImpl.java:addReporterRegistration(111)) - New reporters are added after registries were created. Some metrics will be missing from the reporter. Please add reporter before adding any new registry.
2022-01-18 07:37:38,442 [Listener at 127.0.0.1/33823] INFO  impl.MetricsSystemImpl (MetricsSystemImpl.java:init(158)) - HddsDatanode metrics system started (again)
2022-01-18 07:37:38,458 [Datanode State Machine Daemon Thread] INFO  statemachine.DatanodeStateMachine (DatanodeStateMachine.java:lambda$startDaemon$0(470)) - Ozone container server started.
2022-01-18 07:37:38,464 [omNode-2@group-523986131536-SegmentedRaftLogWorker] INFO  segmented.SegmentedRaftLogWorker (SegmentedRaftLogWorker.java:execute(601)) - omNode-2@group-523986131536-SegmentedRaftLogWorker: created new log segment /home/runner/work/ozone/ozone/hadoop-ozone/integration-test/target/test-dir/MiniOzoneClusterImpl-b5dc639d-ec1c-4769-97cf-b7d3d1b0d53f/omNode-2/ratis/c9bc4cf4-3bc3-3c60-a66b-523986131536/current/log_inprogress_0
2022-01-18 07:37:38,489 [omNode-3@group-523986131536-SegmentedRaftLogWorker] INFO  segmented.SegmentedRaftLogWorker (SegmentedRaftLogWorker.java:execute(601)) - omNode-3@group-523986131536-SegmentedRaftLogWorker: created new log segment /home/runner/work/ozone/ozone/hadoop-ozone/integration-test/target/test-dir/MiniOzoneClusterImpl-b5dc639d-ec1c-4769-97cf-b7d3d1b0d53f/omNode-3/ratis/c9bc4cf4-3bc3-3c60-a66b-523986131536/current/log_inprogress_0
2022-01-18 07:37:38,497 [Listener at 127.0.0.1/33823] INFO  ozone.HddsDatanodeService (HddsDatanodeService.java:start(234)) - HddsDatanodeService host:fv-az270-89.tacnzluakwdehk1hpragurqkma.bx.internal.cloudapp.net ip:10.1.0.52
2022-01-18 07:37:38,506 [org.apache.hadoop.util.JvmPauseMonitor$Monitor@10a74d7d] INFO  util.JvmPauseMonitor (JvmPauseMonitor.java:run(188)) - Starting JVM pause monitor
2022-01-18 07:37:38,546 [Listener at 127.0.0.1/33823] INFO  upgrade.AbstractLayoutVersionManager (AbstractLayoutVersionManager.java:init(79)) - Initializing Layout version manager with metadata layout = SCM_HA (version = 2), software layout = SCM_HA (version = 2)
2022-01-18 07:37:38,631 [omNode-1@group-523986131536-StateMachineUpdater] INFO  ratis.OzoneManagerStateMachine (OzoneManagerStateMachine.java:notifyConfigurationChanged(188)) - Received Configuration change notification from Ratis. New Peer list:
[id: "omNode-3"
address: "localhost:38999"
, id: "omNode-1"
address: "localhost:37129"
, id: "omNode-2"
address: "localhost:34309"
]
2022-01-18 07:37:38,628 [omNode-3@group-523986131536-StateMachineUpdater] INFO  ratis.OzoneManagerStateMachine (OzoneManagerStateMachine.java:notifyConfigurationChanged(188)) - Received Configuration change notification from Ratis. New Peer list:
[id: "omNode-3"
address: "localhost:38999"
, id: "omNode-1"
address: "localhost:37129"
, id: "omNode-2"
address: "localhost:34309"
]
2022-01-18 07:37:38,628 [omNode-2@group-523986131536-StateMachineUpdater] INFO  ratis.OzoneManagerStateMachine (OzoneManagerStateMachine.java:notifyConfigurationChanged(188)) - Received Configuration change notification from Ratis. New Peer list:
[id: "omNode-3"
address: "localhost:38999"
, id: "omNode-1"
address: "localhost:37129"
, id: "omNode-2"
address: "localhost:34309"
]
2022-01-18 07:37:38,650 [Listener at 127.0.0.1/33823] INFO  reflections.Reflections (Reflections.java:scan(232)) - Reflections took 97 ms to scan 7 urls, producing 119 keys and 279 values 
2022-01-18 07:37:38,652 [Listener at 127.0.0.1/33823] INFO  statemachine.DatanodeStateMachine (DatanodeStateMachine.java:getEndPointTaskThreadPoolSize(222)) - Datanode State Machine Task Thread Pool size 2
2022-01-18 07:37:38,654 [Listener at 127.0.0.1/33823] INFO  volume.HddsVolume (HddsVolume.java:<init>(120)) - Creating HddsVolume: /home/runner/work/ozone/ozone/hadoop-ozone/integration-test/target/test-dir/MiniOzoneClusterImpl-b5dc639d-ec1c-4769-97cf-b7d3d1b0d53f/datanode-1/data-0/containers/hdds of storage type : DISK capacity : 9223372036854775807
2022-01-18 07:37:38,654 [Listener at 127.0.0.1/33823] INFO  volume.MutableVolumeSet (MutableVolumeSet.java:initializeVolumeSet(168)) - Added Volume : /home/runner/work/ozone/ozone/hadoop-ozone/integration-test/target/test-dir/MiniOzoneClusterImpl-b5dc639d-ec1c-4769-97cf-b7d3d1b0d53f/datanode-1/data-0/containers/hdds to VolumeSet
2022-01-18 07:37:38,654 [Listener at 127.0.0.1/33823] INFO  volume.ThrottledAsyncChecker (ThrottledAsyncChecker.java:schedule(141)) - Scheduling a check for /home/runner/work/ozone/ozone/hadoop-ozone/integration-test/target/test-dir/MiniOzoneClusterImpl-b5dc639d-ec1c-4769-97cf-b7d3d1b0d53f/datanode-1/data-0/containers/hdds
2022-01-18 07:37:38,655 [Listener at 127.0.0.1/33823] INFO  volume.StorageVolumeChecker (StorageVolumeChecker.java:checkAllVolumes(202)) - Scheduled health check for volume /home/runner/work/ozone/ozone/hadoop-ozone/integration-test/target/test-dir/MiniOzoneClusterImpl-b5dc639d-ec1c-4769-97cf-b7d3d1b0d53f/datanode-1/data-0/containers/hdds
2022-01-18 07:37:38,667 [Listener at 127.0.0.1/33823] INFO  volume.MutableVolumeSet (MutableVolumeSet.java:initializeVolumeSet(168)) - Added Volume : /home/runner/work/ozone/ozone/hadoop-ozone/integration-test/target/test-dir/MiniOzoneClusterImpl-b5dc639d-ec1c-4769-97cf-b7d3d1b0d53f/datanode-1/data/ratis to VolumeSet
2022-01-18 07:37:38,668 [Listener at 127.0.0.1/33823] INFO  volume.ThrottledAsyncChecker (ThrottledAsyncChecker.java:schedule(141)) - Scheduling a check for /home/runner/work/ozone/ozone/hadoop-ozone/integration-test/target/test-dir/MiniOzoneClusterImpl-b5dc639d-ec1c-4769-97cf-b7d3d1b0d53f/datanode-1/data/ratis
2022-01-18 07:37:38,668 [Listener at 127.0.0.1/33823] INFO  volume.StorageVolumeChecker (StorageVolumeChecker.java:checkAllVolumes(202)) - Scheduled health check for volume /home/runner/work/ozone/ozone/hadoop-ozone/integration-test/target/test-dir/MiniOzoneClusterImpl-b5dc639d-ec1c-4769-97cf-b7d3d1b0d53f/datanode-1/data/ratis
2022-01-18 07:37:38,679 [Thread-254] INFO  ozoneimpl.ContainerReader (ContainerReader.java:readVolume(172)) - Finish verifying containers on volume /home/runner/work/ozone/ozone/hadoop-ozone/integration-test/target/test-dir/MiniOzoneClusterImpl-b5dc639d-ec1c-4769-97cf-b7d3d1b0d53f/datanode-1/data-0/containers/hdds
2022-01-18 07:37:38,689 [Listener at 127.0.0.1/33823] INFO  ozoneimpl.OzoneContainer (OzoneContainer.java:buildContainerSet(237)) - Build ContainerSet costs 0s
2022-01-18 07:37:38,692 [Listener at 127.0.0.1/33823] INFO  server.RaftServer (ConfUtils.java:logGet(44)) - raft.rpc.type = GRPC (default)
2022-01-18 07:37:38,692 [Listener at 127.0.0.1/33823] INFO  grpc.GrpcFactory (GrpcFactory.java:checkPooledByteBufAllocatorUseCacheForAllThreads(48)) - PERFORMANCE WARNING: useCacheForAllThreads is true that may cause Netty to create a lot garbage objects and, as a result, trigger GC.
	It is recommended to disable useCacheForAllThreads by setting -Dorg.apache.ratis.thirdparty.io.netty.allocator.useCacheForAllThreads=false in command line.
2022-01-18 07:37:38,693 [Listener at 127.0.0.1/33823] INFO  grpc.GrpcConfigKeys (ConfUtils.java:logGet(44)) - raft.grpc.admin.port = 0 (custom)
2022-01-18 07:37:38,693 [Listener at 127.0.0.1/33823] INFO  grpc.GrpcConfigKeys (ConfUtils.java:logGet(44)) - raft.grpc.client.port = 0 (custom)
2022-01-18 07:37:38,693 [Listener at 127.0.0.1/33823] INFO  grpc.GrpcConfigKeys (ConfUtils.java:logGet(44)) - raft.grpc.server.port = 0 (default)
2022-01-18 07:37:38,693 [Listener at 127.0.0.1/33823] INFO  server.GrpcService (ConfUtils.java:logGet(44)) - raft.grpc.message.size.max = 32MB (=33554432) (custom)
2022-01-18 07:37:38,693 [Listener at 127.0.0.1/33823] INFO  server.RaftServerConfigKeys (ConfUtils.java:logGet(44)) - raft.server.log.appender.buffer.byte-limit = 33554432 (custom)
2022-01-18 07:37:38,693 [Listener at 127.0.0.1/33823] INFO  server.GrpcService (ConfUtils.java:logGet(44)) - raft.grpc.flow.control.window = 5MB (=5242880) (custom)
2022-01-18 07:37:38,694 [Listener at 127.0.0.1/33823] INFO  server.RaftServerConfigKeys (ConfUtils.java:logGet(44)) - raft.server.rpc.request.timeout = 60s (custom)
2022-01-18 07:37:38,695 [Listener at 127.0.0.1/33823] INFO  impl.DataStreamServerImpl (ConfUtils.java:logGet(44)) - raft.datastream.type = DISABLED (default)
2022-01-18 07:37:38,695 [Listener at 127.0.0.1/33823] INFO  server.RaftServerConfigKeys (ConfUtils.java:logGet(44)) - raft.server.rpc.slowness.timeout = 300s (custom)
2022-01-18 07:37:38,695 [Listener at 127.0.0.1/33823] INFO  server.RaftServerConfigKeys (ConfUtils.java:logGet(44)) - raft.server.leaderelection.leader.step-down.wait-time = 10s (default)
2022-01-18 07:37:38,696 [Listener at 127.0.0.1/33823] INFO  server.RaftServerConfigKeys (ConfUtils.java:logGet(44)) - raft.server.storage.dir = [/home/runner/work/ozone/ozone/hadoop-ozone/integration-test/target/test-dir/MiniOzoneClusterImpl-b5dc639d-ec1c-4769-97cf-b7d3d1b0d53f/datanode-1/data/ratis] (custom)
2022-01-18 07:37:38,697 [Listener at 127.0.0.1/33823] INFO  server.XceiverServerGrpc (XceiverServerGrpc.java:<init>(132)) - GrpcServer channel type EpollServerSocketChannel
2022-01-18 07:37:38,701 [Listener at 127.0.0.1/33823] INFO  http.BaseHttpServer (BaseHttpServer.java:newHttpServer2BuilderForOzone(209)) - Starting Web-server for hddsDatanode at: http://0.0.0.0:0
2022-01-18 07:37:38,701 [Listener at 127.0.0.1/33823] INFO  http.BaseHttpServer (BaseHttpServer.java:<init>(107)) - Hadoop Security Enabled: false Ozone Security Enabled: false Ozone HTTP Security Enabled: false 
2022-01-18 07:37:38,702 [Listener at 127.0.0.1/33823] INFO  server.AuthenticationFilter (AuthenticationFilter.java:constructSecretProvider(240)) - Unable to initialize FileSignerSecretProvider, falling back to use random secrets.
2022-01-18 07:37:38,703 [Listener at 127.0.0.1/33823] WARN  http.HttpRequestLog (HttpRequestLog.java:getRequestLog(103)) - Jetty request log can only be enabled using Log4j
2022-01-18 07:37:38,704 [Listener at 127.0.0.1/33823] INFO  http.HttpServer2 (HttpServer2.java:addGlobalFilter(1030)) - Added global filter 'safety' (class=org.apache.hadoop.hdds.server.http.HttpServer2$QuotingInputFilter)
2022-01-18 07:37:38,704 [Listener at 127.0.0.1/33823] INFO  http.HttpServer2 (HttpServer2.java:addFilter(1006)) - Added filter static_user_filter (class=org.apache.hadoop.http.lib.StaticUserWebFilter$StaticUserFilter) to context hddsDatanode
2022-01-18 07:37:38,704 [Listener at 127.0.0.1/33823] INFO  http.HttpServer2 (HttpServer2.java:addFilter(1014)) - Added filter static_user_filter (class=org.apache.hadoop.http.lib.StaticUserWebFilter$StaticUserFilter) to context static
2022-01-18 07:37:38,705 [Listener at 127.0.0.1/33823] INFO  http.HttpServer2 (HttpServer2.java:addFilter(1014)) - Added filter static_user_filter (class=org.apache.hadoop.http.lib.StaticUserWebFilter$StaticUserFilter) to context logs
2022-01-18 07:37:38,705 [Listener at 127.0.0.1/33823] INFO  http.HttpServer2 (HttpServer2.java:bindListener(1249)) - Jetty bound to port 43365
2022-01-18 07:37:38,705 [Listener at 127.0.0.1/33823] INFO  server.Server (Server.java:doStart(375)) - jetty-9.4.43.v20210629; built: 2021-06-30T11:07:22.254Z; git: 526006ecfa3af7f1a27ef3a288e2bef7ea9dd7e8; jvm 1.8.0_292-b10
2022-01-18 07:37:38,710 [Listener at 127.0.0.1/33823] INFO  server.session (DefaultSessionIdManager.java:doStart(334)) - DefaultSessionIdManager workerName=node0
2022-01-18 07:37:38,710 [Listener at 127.0.0.1/33823] INFO  server.session (DefaultSessionIdManager.java:doStart(339)) - No SessionScavenger set, using defaults
2022-01-18 07:37:38,710 [Listener at 127.0.0.1/33823] INFO  server.session (HouseKeeper.java:startScavenging(132)) - node0 Scavenging every 660000ms
2022-01-18 07:37:38,711 [Listener at 127.0.0.1/33823] INFO  handler.ContextHandler (ContextHandler.java:doStart(915)) - Started o.e.j.s.ServletContextHandler@78bbc584{logs,/logs,file:///home/runner/work/ozone/ozone/hadoop-ozone/integration-test/target/log,AVAILABLE}
2022-01-18 07:37:38,712 [Listener at 127.0.0.1/33823] INFO  handler.ContextHandler (ContextHandler.java:doStart(915)) - Started o.e.j.s.ServletContextHandler@11d16eb8{static,/static,jar:file:/home/runner/.m2/repository/org/apache/ozone/hdds-container-service/1.3.0-SNAPSHOT/hdds-container-service-1.3.0-SNAPSHOT.jar!/webapps/static,AVAILABLE}
2022-01-18 07:37:38,750 [Datanode State Machine Task Thread - 0] INFO  datanode.InitDatanodeState (InitDatanodeState.java:persistContainerDatanodeDetails(145)) - DatanodeDetails is persisted to /home/runner/work/ozone/ozone/hadoop-ozone/integration-test/target/test-dir/MiniOzoneClusterImpl-b5dc639d-ec1c-4769-97cf-b7d3d1b0d53f/datanode-0/meta/datanode.id
2022-01-18 07:37:38,776 [Listener at 127.0.0.1/33823] INFO  handler.ContextHandler (ContextHandler.java:doStart(915)) - Started o.e.j.w.WebAppContext@31caf651{hddsDatanode,/,file:///tmp/jetty-0_0_0_0-43365-hdds-container-service-1_3_0-SNAPSHOT_jar-_-any-77232489132142482/webapp/,AVAILABLE}{jar:file:/home/runner/.m2/repository/org/apache/ozone/hdds-container-service/1.3.0-SNAPSHOT/hdds-container-service-1.3.0-SNAPSHOT.jar!/webapps/hddsDatanode}
2022-01-18 07:37:38,778 [Listener at 127.0.0.1/33823] INFO  server.AbstractConnector (AbstractConnector.java:doStart(331)) - Started ServerConnector@7459002d{HTTP/1.1, (http/1.1)}{0.0.0.0:43365}
2022-01-18 07:37:38,778 [Listener at 127.0.0.1/33823] INFO  server.Server (Server.java:doStart(415)) - Started @19130ms
2022-01-18 07:37:38,778 [Listener at 127.0.0.1/33823] WARN  impl.MetricsSystemImpl (MetricsSystemImpl.java:register(279)) - Sink prometheus already exists!
2022-01-18 07:37:38,779 [Listener at 127.0.0.1/33823] INFO  http.BaseHttpServer (BaseHttpServer.java:updateConnectorAddress(329)) - HTTP server of hddsDatanode listening at http://0.0.0.0:43365
2022-01-18 07:37:38,780 [Listener at 127.0.0.1/33823] WARN  impl.MetricRegistriesImpl (MetricRegistriesImpl.java:addReporterRegistration(111)) - New reporters are added after registries were created. Some metrics will be missing from the reporter. Please add reporter before adding any new registry.
2022-01-18 07:37:38,780 [Listener at 127.0.0.1/33823] WARN  impl.MetricRegistriesImpl (MetricRegistriesImpl.java:addReporterRegistration(111)) - New reporters are added after registries were created. Some metrics will be missing from the reporter. Please add reporter before adding any new registry.
2022-01-18 07:37:38,780 [Listener at 127.0.0.1/33823] INFO  impl.MetricsSystemImpl (MetricsSystemImpl.java:init(158)) - HddsDatanode metrics system started (again)
2022-01-18 07:37:38,782 [Datanode State Machine Daemon Thread] INFO  statemachine.DatanodeStateMachine (DatanodeStateMachine.java:lambda$startDaemon$0(470)) - Ozone container server started.
2022-01-18 07:37:38,796 [Listener at 127.0.0.1/33823] INFO  ozone.HddsDatanodeService (HddsDatanodeService.java:start(234)) - HddsDatanodeService host:fv-az270-89.tacnzluakwdehk1hpragurqkma.bx.internal.cloudapp.net ip:10.1.0.52
2022-01-18 07:37:38,797 [org.apache.hadoop.util.JvmPauseMonitor$Monitor@5bbf2509] INFO  util.JvmPauseMonitor (JvmPauseMonitor.java:run(188)) - Starting JVM pause monitor
2022-01-18 07:37:38,808 [Datanode State Machine Task Thread - 0] INFO  datanode.InitDatanodeState (InitDatanodeState.java:persistContainerDatanodeDetails(145)) - DatanodeDetails is persisted to /home/runner/work/ozone/ozone/hadoop-ozone/integration-test/target/test-dir/MiniOzoneClusterImpl-b5dc639d-ec1c-4769-97cf-b7d3d1b0d53f/datanode-1/meta/datanode.id
2022-01-18 07:37:38,822 [Listener at 127.0.0.1/33823] INFO  upgrade.AbstractLayoutVersionManager (AbstractLayoutVersionManager.java:init(79)) - Initializing Layout version manager with metadata layout = SCM_HA (version = 2), software layout = SCM_HA (version = 2)
2022-01-18 07:37:38,871 [Listener at 127.0.0.1/33823] INFO  reflections.Reflections (Reflections.java:scan(232)) - Reflections took 46 ms to scan 7 urls, producing 119 keys and 279 values 
2022-01-18 07:37:38,877 [Listener at 127.0.0.1/33823] INFO  statemachine.DatanodeStateMachine (DatanodeStateMachine.java:getEndPointTaskThreadPoolSize(222)) - Datanode State Machine Task Thread Pool size 2
2022-01-18 07:37:38,878 [Listener at 127.0.0.1/33823] INFO  volume.HddsVolume (HddsVolume.java:<init>(120)) - Creating HddsVolume: /home/runner/work/ozone/ozone/hadoop-ozone/integration-test/target/test-dir/MiniOzoneClusterImpl-b5dc639d-ec1c-4769-97cf-b7d3d1b0d53f/datanode-2/data-0/containers/hdds of storage type : DISK capacity : 9223372036854775807
2022-01-18 07:37:38,879 [Listener at 127.0.0.1/33823] INFO  volume.MutableVolumeSet (MutableVolumeSet.java:initializeVolumeSet(168)) - Added Volume : /home/runner/work/ozone/ozone/hadoop-ozone/integration-test/target/test-dir/MiniOzoneClusterImpl-b5dc639d-ec1c-4769-97cf-b7d3d1b0d53f/datanode-2/data-0/containers/hdds to VolumeSet
2022-01-18 07:37:38,879 [Listener at 127.0.0.1/33823] INFO  volume.ThrottledAsyncChecker (ThrottledAsyncChecker.java:schedule(141)) - Scheduling a check for /home/runner/work/ozone/ozone/hadoop-ozone/integration-test/target/test-dir/MiniOzoneClusterImpl-b5dc639d-ec1c-4769-97cf-b7d3d1b0d53f/datanode-2/data-0/containers/hdds
2022-01-18 07:37:38,880 [Listener at 127.0.0.1/33823] INFO  volume.StorageVolumeChecker (StorageVolumeChecker.java:checkAllVolumes(202)) - Scheduled health check for volume /home/runner/work/ozone/ozone/hadoop-ozone/integration-test/target/test-dir/MiniOzoneClusterImpl-b5dc639d-ec1c-4769-97cf-b7d3d1b0d53f/datanode-2/data-0/containers/hdds
2022-01-18 07:37:38,893 [Listener at 127.0.0.1/33823] INFO  volume.MutableVolumeSet (MutableVolumeSet.java:initializeVolumeSet(168)) - Added Volume : /home/runner/work/ozone/ozone/hadoop-ozone/integration-test/target/test-dir/MiniOzoneClusterImpl-b5dc639d-ec1c-4769-97cf-b7d3d1b0d53f/datanode-2/data/ratis to VolumeSet
2022-01-18 07:37:38,894 [Listener at 127.0.0.1/33823] INFO  volume.ThrottledAsyncChecker (ThrottledAsyncChecker.java:schedule(141)) - Scheduling a check for /home/runner/work/ozone/ozone/hadoop-ozone/integration-test/target/test-dir/MiniOzoneClusterImpl-b5dc639d-ec1c-4769-97cf-b7d3d1b0d53f/datanode-2/data/ratis
2022-01-18 07:37:38,894 [Listener at 127.0.0.1/33823] INFO  volume.StorageVolumeChecker (StorageVolumeChecker.java:checkAllVolumes(202)) - Scheduled health check for volume /home/runner/work/ozone/ozone/hadoop-ozone/integration-test/target/test-dir/MiniOzoneClusterImpl-b5dc639d-ec1c-4769-97cf-b7d3d1b0d53f/datanode-2/data/ratis
2022-01-18 07:37:38,906 [Thread-266] INFO  ozoneimpl.ContainerReader (ContainerReader.java:readVolume(172)) - Finish verifying containers on volume /home/runner/work/ozone/ozone/hadoop-ozone/integration-test/target/test-dir/MiniOzoneClusterImpl-b5dc639d-ec1c-4769-97cf-b7d3d1b0d53f/datanode-2/data-0/containers/hdds
2022-01-18 07:37:38,906 [Listener at 127.0.0.1/33823] INFO  ozoneimpl.OzoneContainer (OzoneContainer.java:buildContainerSet(237)) - Build ContainerSet costs 0s
2022-01-18 07:37:38,909 [Listener at 127.0.0.1/33823] INFO  server.RaftServer (ConfUtils.java:logGet(44)) - raft.rpc.type = GRPC (default)
2022-01-18 07:37:38,909 [Listener at 127.0.0.1/33823] INFO  grpc.GrpcFactory (GrpcFactory.java:checkPooledByteBufAllocatorUseCacheForAllThreads(48)) - PERFORMANCE WARNING: useCacheForAllThreads is true that may cause Netty to create a lot garbage objects and, as a result, trigger GC.
	It is recommended to disable useCacheForAllThreads by setting -Dorg.apache.ratis.thirdparty.io.netty.allocator.useCacheForAllThreads=false in command line.
2022-01-18 07:37:38,909 [Listener at 127.0.0.1/33823] INFO  grpc.GrpcConfigKeys (ConfUtils.java:logGet(44)) - raft.grpc.admin.port = 0 (custom)
2022-01-18 07:37:38,910 [Listener at 127.0.0.1/33823] INFO  grpc.GrpcConfigKeys (ConfUtils.java:logGet(44)) - raft.grpc.client.port = 0 (custom)
2022-01-18 07:37:38,910 [Listener at 127.0.0.1/33823] INFO  grpc.GrpcConfigKeys (ConfUtils.java:logGet(44)) - raft.grpc.server.port = 0 (default)
2022-01-18 07:37:38,910 [Listener at 127.0.0.1/33823] INFO  server.GrpcService (ConfUtils.java:logGet(44)) - raft.grpc.message.size.max = 32MB (=33554432) (custom)
2022-01-18 07:37:38,910 [Listener at 127.0.0.1/33823] INFO  server.RaftServerConfigKeys (ConfUtils.java:logGet(44)) - raft.server.log.appender.buffer.byte-limit = 33554432 (custom)
2022-01-18 07:37:38,910 [Listener at 127.0.0.1/33823] INFO  server.GrpcService (ConfUtils.java:logGet(44)) - raft.grpc.flow.control.window = 5MB (=5242880) (custom)
2022-01-18 07:37:38,910 [Listener at 127.0.0.1/33823] INFO  server.RaftServerConfigKeys (ConfUtils.java:logGet(44)) - raft.server.rpc.request.timeout = 60s (custom)
2022-01-18 07:37:38,911 [Listener at 127.0.0.1/33823] INFO  impl.DataStreamServerImpl (ConfUtils.java:logGet(44)) - raft.datastream.type = DISABLED (default)
2022-01-18 07:37:38,911 [Listener at 127.0.0.1/33823] INFO  server.RaftServerConfigKeys (ConfUtils.java:logGet(44)) - raft.server.rpc.slowness.timeout = 300s (custom)
2022-01-18 07:37:38,911 [Listener at 127.0.0.1/33823] INFO  server.RaftServerConfigKeys (ConfUtils.java:logGet(44)) - raft.server.leaderelection.leader.step-down.wait-time = 10s (default)
2022-01-18 07:37:38,912 [Listener at 127.0.0.1/33823] INFO  server.RaftServerConfigKeys (ConfUtils.java:logGet(44)) - raft.server.storage.dir = [/home/runner/work/ozone/ozone/hadoop-ozone/integration-test/target/test-dir/MiniOzoneClusterImpl-b5dc639d-ec1c-4769-97cf-b7d3d1b0d53f/datanode-2/data/ratis] (custom)
2022-01-18 07:37:38,913 [Listener at 127.0.0.1/33823] INFO  server.XceiverServerGrpc (XceiverServerGrpc.java:<init>(132)) - GrpcServer channel type EpollServerSocketChannel
2022-01-18 07:37:38,916 [Listener at 127.0.0.1/33823] INFO  http.BaseHttpServer (BaseHttpServer.java:newHttpServer2BuilderForOzone(209)) - Starting Web-server for hddsDatanode at: http://0.0.0.0:0
2022-01-18 07:37:38,916 [Listener at 127.0.0.1/33823] INFO  http.BaseHttpServer (BaseHttpServer.java:<init>(107)) - Hadoop Security Enabled: false Ozone Security Enabled: false Ozone HTTP Security Enabled: false 
2022-01-18 07:37:38,917 [Listener at 127.0.0.1/33823] INFO  server.AuthenticationFilter (AuthenticationFilter.java:constructSecretProvider(240)) - Unable to initialize FileSignerSecretProvider, falling back to use random secrets.
2022-01-18 07:37:38,918 [Listener at 127.0.0.1/33823] WARN  http.HttpRequestLog (HttpRequestLog.java:getRequestLog(103)) - Jetty request log can only be enabled using Log4j
2022-01-18 07:37:38,918 [Listener at 127.0.0.1/33823] INFO  http.HttpServer2 (HttpServer2.java:addGlobalFilter(1030)) - Added global filter 'safety' (class=org.apache.hadoop.hdds.server.http.HttpServer2$QuotingInputFilter)
2022-01-18 07:37:38,919 [Listener at 127.0.0.1/33823] INFO  http.HttpServer2 (HttpServer2.java:addFilter(1006)) - Added filter static_user_filter (class=org.apache.hadoop.http.lib.StaticUserWebFilter$StaticUserFilter) to context hddsDatanode
2022-01-18 07:37:38,919 [Listener at 127.0.0.1/33823] INFO  http.HttpServer2 (HttpServer2.java:addFilter(1014)) - Added filter static_user_filter (class=org.apache.hadoop.http.lib.StaticUserWebFilter$StaticUserFilter) to context logs
2022-01-18 07:37:38,919 [Listener at 127.0.0.1/33823] INFO  http.HttpServer2 (HttpServer2.java:addFilter(1014)) - Added filter static_user_filter (class=org.apache.hadoop.http.lib.StaticUserWebFilter$StaticUserFilter) to context static
2022-01-18 07:37:38,920 [Listener at 127.0.0.1/33823] INFO  http.HttpServer2 (HttpServer2.java:bindListener(1249)) - Jetty bound to port 41779
2022-01-18 07:37:38,920 [Listener at 127.0.0.1/33823] INFO  server.Server (Server.java:doStart(375)) - jetty-9.4.43.v20210629; built: 2021-06-30T11:07:22.254Z; git: 526006ecfa3af7f1a27ef3a288e2bef7ea9dd7e8; jvm 1.8.0_292-b10
2022-01-18 07:37:38,921 [Listener at 127.0.0.1/33823] INFO  server.session (DefaultSessionIdManager.java:doStart(334)) - DefaultSessionIdManager workerName=node0
2022-01-18 07:37:38,922 [Listener at 127.0.0.1/33823] INFO  server.session (DefaultSessionIdManager.java:doStart(339)) - No SessionScavenger set, using defaults
2022-01-18 07:37:38,922 [Listener at 127.0.0.1/33823] INFO  server.session (HouseKeeper.java:startScavenging(132)) - node0 Scavenging every 660000ms
2022-01-18 07:37:38,922 [Listener at 127.0.0.1/33823] INFO  handler.ContextHandler (ContextHandler.java:doStart(915)) - Started o.e.j.s.ServletContextHandler@2a155c1c{logs,/logs,file:///home/runner/work/ozone/ozone/hadoop-ozone/integration-test/target/log,AVAILABLE}
2022-01-18 07:37:38,923 [Listener at 127.0.0.1/33823] INFO  handler.ContextHandler (ContextHandler.java:doStart(915)) - Started o.e.j.s.ServletContextHandler@393ca457{static,/static,jar:file:/home/runner/.m2/repository/org/apache/ozone/hdds-container-service/1.3.0-SNAPSHOT/hdds-container-service-1.3.0-SNAPSHOT.jar!/webapps/static,AVAILABLE}
2022-01-18 07:37:38,970 [Listener at 127.0.0.1/33823] INFO  handler.ContextHandler (ContextHandler.java:doStart(915)) - Started o.e.j.w.WebAppContext@6586b4e3{hddsDatanode,/,file:///tmp/jetty-0_0_0_0-41779-hdds-container-service-1_3_0-SNAPSHOT_jar-_-any-6172934215464806872/webapp/,AVAILABLE}{jar:file:/home/runner/.m2/repository/org/apache/ozone/hdds-container-service/1.3.0-SNAPSHOT/hdds-container-service-1.3.0-SNAPSHOT.jar!/webapps/hddsDatanode}
2022-01-18 07:37:38,972 [Listener at 127.0.0.1/33823] INFO  server.AbstractConnector (AbstractConnector.java:doStart(331)) - Started ServerConnector@436d140d{HTTP/1.1, (http/1.1)}{0.0.0.0:41779}
2022-01-18 07:37:38,972 [Listener at 127.0.0.1/33823] INFO  server.Server (Server.java:doStart(415)) - Started @19325ms
2022-01-18 07:37:38,973 [Listener at 127.0.0.1/33823] WARN  impl.MetricsSystemImpl (MetricsSystemImpl.java:register(279)) - Sink prometheus already exists!
2022-01-18 07:37:38,973 [Listener at 127.0.0.1/33823] INFO  http.BaseHttpServer (BaseHttpServer.java:updateConnectorAddress(329)) - HTTP server of hddsDatanode listening at http://0.0.0.0:41779
2022-01-18 07:37:38,978 [Listener at 127.0.0.1/33823] INFO  ozone.MiniOzoneClusterImpl (MiniOzoneClusterImpl.java:lambda$waitForClusterToBeReady$0(219)) - Waiting for nodes to be ready. Got 0 of 3 DN Heartbeats.
2022-01-18 07:37:38,978 [Listener at 127.0.0.1/33823] INFO  ozone.MiniOzoneClusterImpl (MiniOzoneClusterImpl.java:lambda$waitForClusterToBeReady$0(222)) - Waiting for cluster to exit safe mode
2022-01-18 07:37:38,978 [Listener at 127.0.0.1/33823] INFO  ozone.MiniOzoneClusterImpl (MiniOzoneClusterImpl.java:lambda$waitForClusterToBeReady$0(224)) - SCM became leader
2022-01-18 07:37:38,978 [Datanode State Machine Daemon Thread] INFO  statemachine.DatanodeStateMachine (DatanodeStateMachine.java:lambda$startDaemon$0(470)) - Ozone container server started.
2022-01-18 07:37:38,995 [org.apache.hadoop.util.JvmPauseMonitor$Monitor@d444885] INFO  util.JvmPauseMonitor (JvmPauseMonitor.java:run(188)) - Starting JVM pause monitor
2022-01-18 07:37:38,998 [Datanode State Machine Task Thread - 0] INFO  datanode.InitDatanodeState (InitDatanodeState.java:persistContainerDatanodeDetails(145)) - DatanodeDetails is persisted to /home/runner/work/ozone/ozone/hadoop-ozone/integration-test/target/test-dir/MiniOzoneClusterImpl-b5dc639d-ec1c-4769-97cf-b7d3d1b0d53f/datanode-2/meta/datanode.id
2022-01-18 07:37:39,978 [Listener at 127.0.0.1/33823] INFO  ozone.MiniOzoneClusterImpl (MiniOzoneClusterImpl.java:lambda$waitForClusterToBeReady$0(219)) - Waiting for nodes to be ready. Got 0 of 3 DN Heartbeats.
2022-01-18 07:37:39,979 [Listener at 127.0.0.1/33823] INFO  ozone.MiniOzoneClusterImpl (MiniOzoneClusterImpl.java:lambda$waitForClusterToBeReady$0(222)) - Waiting for cluster to exit safe mode
2022-01-18 07:37:39,979 [Listener at 127.0.0.1/33823] INFO  ozone.MiniOzoneClusterImpl (MiniOzoneClusterImpl.java:lambda$waitForClusterToBeReady$0(224)) - SCM became leader
2022-01-18 07:37:40,589 [EndpointStateMachine task thread for /0.0.0.0:44417 - 0 ] INFO  ozoneimpl.OzoneContainer (OzoneContainer.java:start(315)) - Attempting to start container services.
2022-01-18 07:37:40,591 [EndpointStateMachine task thread for /0.0.0.0:44417 - 0 ] INFO  ozoneimpl.OzoneContainer (OzoneContainer.java:startContainerScrub(250)) - Background container scanner has been disabled.
2022-01-18 07:37:40,594 [EndpointStateMachine task thread for /0.0.0.0:44417 - 0 ] INFO  replication.ReplicationServer (ReplicationServer.java:start(111)) - ReplicationServer is started using port 44799
2022-01-18 07:37:40,596 [EndpointStateMachine task thread for /0.0.0.0:44417 - 0 ] INFO  ratis.XceiverServerRatis (XceiverServerRatis.java:start(484)) - Starting XceiverServerRatis 89559d84-1b16-4899-8ec4-ad06327206a5
2022-01-18 07:37:40,601 [EndpointStateMachine task thread for /0.0.0.0:44417 - 0 ] INFO  server.RaftServer (RaftServerProxy.java:lambda$start$5(374)) - 89559d84-1b16-4899-8ec4-ad06327206a5: start RPC server
2022-01-18 07:37:40,605 [EndpointStateMachine task thread for /0.0.0.0:44417 - 0 ] INFO  server.GrpcService (GrpcService.java:startImpl(253)) - 89559d84-1b16-4899-8ec4-ad06327206a5: GrpcService started, listening on 36661
2022-01-18 07:37:40,606 [EndpointStateMachine task thread for /0.0.0.0:44417 - 0 ] INFO  ratis.XceiverServerRatis (XceiverServerRatis.java:getRealPort(505)) - XceiverServerRatis 89559d84-1b16-4899-8ec4-ad06327206a5 is started using port 36661 for RATIS
2022-01-18 07:37:40,606 [EndpointStateMachine task thread for /0.0.0.0:44417 - 0 ] INFO  ratis.XceiverServerRatis (XceiverServerRatis.java:getRealPort(505)) - XceiverServerRatis 89559d84-1b16-4899-8ec4-ad06327206a5 is started using port 36661 for RATIS_ADMIN
2022-01-18 07:37:40,606 [EndpointStateMachine task thread for /0.0.0.0:44417 - 0 ] INFO  ratis.XceiverServerRatis (XceiverServerRatis.java:getRealPort(505)) - XceiverServerRatis 89559d84-1b16-4899-8ec4-ad06327206a5 is started using port 36661 for RATIS_SERVER
2022-01-18 07:37:40,607 [org.apache.ratis.util.JvmPauseMonitor$$Lambda$422/1423507882@56af550f] INFO  util.JvmPauseMonitor (JvmPauseMonitor.java:run(103)) - JvmPauseMonitor-89559d84-1b16-4899-8ec4-ad06327206a5: Started
2022-01-18 07:37:40,608 [EndpointStateMachine task thread for /0.0.0.0:44417 - 0 ] INFO  server.XceiverServerGrpc (XceiverServerGrpc.java:start(180)) - XceiverServerGrpc 89559d84-1b16-4899-8ec4-ad06327206a5 is started using port 39245
2022-01-18 07:37:40,802 [EndpointStateMachine task thread for /0.0.0.0:44417 - 0 ] INFO  ozoneimpl.OzoneContainer (OzoneContainer.java:start(315)) - Attempting to start container services.
2022-01-18 07:37:40,802 [EndpointStateMachine task thread for /0.0.0.0:44417 - 0 ] INFO  ozoneimpl.OzoneContainer (OzoneContainer.java:startContainerScrub(250)) - Background container scanner has been disabled.
2022-01-18 07:37:40,804 [EndpointStateMachine task thread for /0.0.0.0:44417 - 0 ] INFO  replication.ReplicationServer (ReplicationServer.java:start(111)) - ReplicationServer is started using port 37273
2022-01-18 07:37:40,805 [EndpointStateMachine task thread for /0.0.0.0:44417 - 0 ] INFO  ratis.XceiverServerRatis (XceiverServerRatis.java:start(484)) - Starting XceiverServerRatis 2dd6a96c-ac22-495a-916b-5475a07e9ac1
2022-01-18 07:37:40,807 [EndpointStateMachine task thread for /0.0.0.0:44417 - 0 ] INFO  server.RaftServer (RaftServerProxy.java:lambda$start$5(374)) - 2dd6a96c-ac22-495a-916b-5475a07e9ac1: start RPC server
2022-01-18 07:37:40,812 [EndpointStateMachine task thread for /0.0.0.0:44417 - 0 ] INFO  server.GrpcService (GrpcService.java:startImpl(253)) - 2dd6a96c-ac22-495a-916b-5475a07e9ac1: GrpcService started, listening on 37121
2022-01-18 07:37:40,812 [EndpointStateMachine task thread for /0.0.0.0:44417 - 0 ] INFO  ratis.XceiverServerRatis (XceiverServerRatis.java:getRealPort(505)) - XceiverServerRatis 2dd6a96c-ac22-495a-916b-5475a07e9ac1 is started using port 37121 for RATIS
2022-01-18 07:37:40,812 [EndpointStateMachine task thread for /0.0.0.0:44417 - 0 ] INFO  ratis.XceiverServerRatis (XceiverServerRatis.java:getRealPort(505)) - XceiverServerRatis 2dd6a96c-ac22-495a-916b-5475a07e9ac1 is started using port 37121 for RATIS_ADMIN
2022-01-18 07:37:40,812 [EndpointStateMachine task thread for /0.0.0.0:44417 - 0 ] INFO  ratis.XceiverServerRatis (XceiverServerRatis.java:getRealPort(505)) - XceiverServerRatis 2dd6a96c-ac22-495a-916b-5475a07e9ac1 is started using port 37121 for RATIS_SERVER
2022-01-18 07:37:40,812 [org.apache.ratis.util.JvmPauseMonitor$$Lambda$422/1423507882@3065e376] INFO  util.JvmPauseMonitor (JvmPauseMonitor.java:run(103)) - JvmPauseMonitor-2dd6a96c-ac22-495a-916b-5475a07e9ac1: Started
2022-01-18 07:37:40,813 [EndpointStateMachine task thread for /0.0.0.0:44417 - 0 ] INFO  server.XceiverServerGrpc (XceiverServerGrpc.java:start(180)) - XceiverServerGrpc 2dd6a96c-ac22-495a-916b-5475a07e9ac1 is started using port 38601
2022-01-18 07:37:40,980 [Listener at 127.0.0.1/33823] INFO  ozone.MiniOzoneClusterImpl (MiniOzoneClusterImpl.java:lambda$waitForClusterToBeReady$0(219)) - Waiting for nodes to be ready. Got 0 of 3 DN Heartbeats.
2022-01-18 07:37:40,980 [Listener at 127.0.0.1/33823] INFO  ozone.MiniOzoneClusterImpl (MiniOzoneClusterImpl.java:lambda$waitForClusterToBeReady$0(222)) - Waiting for cluster to exit safe mode
2022-01-18 07:37:40,980 [Listener at 127.0.0.1/33823] INFO  ozone.MiniOzoneClusterImpl (MiniOzoneClusterImpl.java:lambda$waitForClusterToBeReady$0(224)) - SCM became leader
2022-01-18 07:37:41,000 [EndpointStateMachine task thread for /0.0.0.0:44417 - 0 ] INFO  ozoneimpl.OzoneContainer (OzoneContainer.java:start(315)) - Attempting to start container services.
2022-01-18 07:37:41,001 [EndpointStateMachine task thread for /0.0.0.0:44417 - 0 ] INFO  ozoneimpl.OzoneContainer (OzoneContainer.java:startContainerScrub(250)) - Background container scanner has been disabled.
2022-01-18 07:37:41,003 [EndpointStateMachine task thread for /0.0.0.0:44417 - 0 ] INFO  replication.ReplicationServer (ReplicationServer.java:start(111)) - ReplicationServer is started using port 34523
2022-01-18 07:37:41,003 [EndpointStateMachine task thread for /0.0.0.0:44417 - 0 ] INFO  ratis.XceiverServerRatis (XceiverServerRatis.java:start(484)) - Starting XceiverServerRatis 193ec444-8619-4e61-8099-b3665cc77475
2022-01-18 07:37:41,012 [EndpointStateMachine task thread for /0.0.0.0:44417 - 0 ] INFO  server.RaftServer (RaftServerProxy.java:lambda$start$5(374)) - 193ec444-8619-4e61-8099-b3665cc77475: start RPC server
2022-01-18 07:37:41,013 [EndpointStateMachine task thread for /0.0.0.0:44417 - 0 ] INFO  server.GrpcService (GrpcService.java:startImpl(253)) - 193ec444-8619-4e61-8099-b3665cc77475: GrpcService started, listening on 38791
2022-01-18 07:37:41,013 [EndpointStateMachine task thread for /0.0.0.0:44417 - 0 ] INFO  ratis.XceiverServerRatis (XceiverServerRatis.java:getRealPort(505)) - XceiverServerRatis 193ec444-8619-4e61-8099-b3665cc77475 is started using port 38791 for RATIS
2022-01-18 07:37:41,013 [EndpointStateMachine task thread for /0.0.0.0:44417 - 0 ] INFO  ratis.XceiverServerRatis (XceiverServerRatis.java:getRealPort(505)) - XceiverServerRatis 193ec444-8619-4e61-8099-b3665cc77475 is started using port 38791 for RATIS_ADMIN
2022-01-18 07:37:41,013 [org.apache.ratis.util.JvmPauseMonitor$$Lambda$422/1423507882@767fd9bc] INFO  util.JvmPauseMonitor (JvmPauseMonitor.java:run(103)) - JvmPauseMonitor-193ec444-8619-4e61-8099-b3665cc77475: Started
2022-01-18 07:37:41,013 [EndpointStateMachine task thread for /0.0.0.0:44417 - 0 ] INFO  ratis.XceiverServerRatis (XceiverServerRatis.java:getRealPort(505)) - XceiverServerRatis 193ec444-8619-4e61-8099-b3665cc77475 is started using port 38791 for RATIS_SERVER
2022-01-18 07:37:41,015 [EndpointStateMachine task thread for /0.0.0.0:44417 - 0 ] INFO  server.XceiverServerGrpc (XceiverServerGrpc.java:start(180)) - XceiverServerGrpc 193ec444-8619-4e61-8099-b3665cc77475 is started using port 36665
2022-01-18 07:37:41,981 [Listener at 127.0.0.1/33823] INFO  ozone.MiniOzoneClusterImpl (MiniOzoneClusterImpl.java:lambda$waitForClusterToBeReady$0(219)) - Waiting for nodes to be ready. Got 0 of 3 DN Heartbeats.
2022-01-18 07:37:41,981 [Listener at 127.0.0.1/33823] INFO  ozone.MiniOzoneClusterImpl (MiniOzoneClusterImpl.java:lambda$waitForClusterToBeReady$0(222)) - Waiting for cluster to exit safe mode
2022-01-18 07:37:41,981 [Listener at 127.0.0.1/33823] INFO  ozone.MiniOzoneClusterImpl (MiniOzoneClusterImpl.java:lambda$waitForClusterToBeReady$0(224)) - SCM became leader
2022-01-18 07:37:42,548 [IPC Server handler 3 on default port 44417] INFO  net.NetworkTopologyImpl (NetworkTopologyImpl.java:add(112)) - Added a new node: /default-rack/89559d84-1b16-4899-8ec4-ad06327206a5
2022-01-18 07:37:42,551 [IPC Server handler 3 on default port 44417] INFO  node.SCMNodeManager (SCMNodeManager.java:register(389)) - Registered Data node : 89559d84-1b16-4899-8ec4-ad06327206a5{ip: 10.1.0.52, host: fv-az270-89.tacnzluakwdehk1hpragurqkma.bx.internal.cloudapp.net, ports: [REPLICATION=44799, RATIS=36661, RATIS_ADMIN=36661, RATIS_SERVER=36661, STANDALONE=39245], networkLocation: /default-rack, certSerialId: null, persistedOpState: null, persistedOpStateExpiryEpochSec: 0}
2022-01-18 07:37:42,556 [EventQueue-NewNodeForNewNodeHandler] INFO  pipeline.BackgroundPipelineCreator (BackgroundPipelineCreator.java:notifyEventTriggered(285)) - trigger a one-shot run on RatisPipelineUtilsThread.
2022-01-18 07:37:42,561 [EventQueue-NodeRegistrationContainerReportForDataNodeSafeModeRule] INFO  safemode.SCMSafeModeManager (DataNodeSafeModeRule.java:process(71)) - SCM in safe mode. 1 DataNodes registered, 3 required.
2022-01-18 07:37:42,570 [EventQueue-NodeRegistrationContainerReportForContainerSafeModeRule] INFO  safemode.SCMSafeModeManager (SCMSafeModeManager.java:validateSafeModeExitRules(204)) - ContainerSafeModeRule rule is successfully validated
2022-01-18 07:37:42,572 [EventQueue-PipelineReportForOneReplicaPipelineSafeModeRule] INFO  safemode.SCMSafeModeManager (SCMSafeModeManager.java:validateSafeModeExitRules(204)) - AtleastOneDatanodeReportedRule rule is successfully validated
2022-01-18 07:37:42,580 [RatisPipelineUtilsThread - 0] INFO  pipeline.RatisPipelineProvider (RatisPipelineProvider.java:lambda$create$0(183)) - Sending CreatePipelineCommand for pipeline:PipelineID=52bf6b66-a8a7-48bc-b7dd-1a31f4c35fed to datanode:89559d84-1b16-4899-8ec4-ad06327206a5
2022-01-18 07:37:42,663 [72d5b9e4-4958-4d9a-b931-603b7e0a3ea2@group-B7D3D1B0D53F-StateMachineUpdater] INFO  pipeline.PipelineStateManagerImpl (PipelineStateManagerImpl.java:addPipeline(101)) - Created pipeline Pipeline[ Id: 52bf6b66-a8a7-48bc-b7dd-1a31f4c35fed, Nodes: 89559d84-1b16-4899-8ec4-ad06327206a5{ip: 10.1.0.52, host: fv-az270-89.tacnzluakwdehk1hpragurqkma.bx.internal.cloudapp.net, ports: [REPLICATION=44799, RATIS=36661, RATIS_ADMIN=36661, RATIS_SERVER=36661, STANDALONE=39245], networkLocation: /default-rack, certSerialId: null, persistedOpState: IN_SERVICE, persistedOpStateExpiryEpochSec: 0}, ReplicationConfig: RATIS/ONE, State:ALLOCATED, leaderId:, CreationTimestamp2022-01-18T07:37:42.573Z[Etc/UTC]].
2022-01-18 07:37:42,664 [72d5b9e4-4958-4d9a-b931-603b7e0a3ea2@group-B7D3D1B0D53F-StateMachineUpdater] INFO  safemode.HealthyPipelineSafeModeRule (HealthyPipelineSafeModeRule.java:initializeRule(152)) - Refreshed total pipeline count is 0, healthy pipeline threshold count is 1
2022-01-18 07:37:42,668 [RatisPipelineUtilsThread - 0] INFO  ha.SCMHAInvocationHandler (SCMHAInvocationHandler.java:invokeRatis(113)) - Invoking method public abstract void org.apache.hadoop.hdds.scm.pipeline.PipelineStateManager.addPipeline(org.apache.hadoop.hdds.protocol.proto.HddsProtos$Pipeline) throws java.io.IOException on target org.apache.hadoop.hdds.scm.ha.SCMRatisServerImpl@51815d37, cost 81113.051us
2022-01-18 07:37:42,800 [IPC Server handler 1 on default port 44417] INFO  net.NetworkTopologyImpl (NetworkTopologyImpl.java:add(112)) - Added a new node: /default-rack/2dd6a96c-ac22-495a-916b-5475a07e9ac1
2022-01-18 07:37:42,800 [IPC Server handler 1 on default port 44417] INFO  node.SCMNodeManager (SCMNodeManager.java:register(389)) - Registered Data node : 2dd6a96c-ac22-495a-916b-5475a07e9ac1{ip: 10.1.0.52, host: fv-az270-89.tacnzluakwdehk1hpragurqkma.bx.internal.cloudapp.net, ports: [REPLICATION=37273, RATIS=37121, RATIS_ADMIN=37121, RATIS_SERVER=37121, STANDALONE=38601], networkLocation: /default-rack, certSerialId: null, persistedOpState: null, persistedOpStateExpiryEpochSec: 0}
2022-01-18 07:37:42,801 [EventQueue-NewNodeForNewNodeHandler] INFO  pipeline.BackgroundPipelineCreator (BackgroundPipelineCreator.java:notifyEventTriggered(285)) - trigger a one-shot run on RatisPipelineUtilsThread.
2022-01-18 07:37:42,803 [EventQueue-NodeRegistrationContainerReportForDataNodeSafeModeRule] INFO  safemode.SCMSafeModeManager (DataNodeSafeModeRule.java:process(71)) - SCM in safe mode. 2 DataNodes registered, 3 required.
2022-01-18 07:37:42,803 [RatisPipelineUtilsThread - 0] INFO  pipeline.RatisPipelineProvider (RatisPipelineProvider.java:lambda$create$0(183)) - Sending CreatePipelineCommand for pipeline:PipelineID=b9eecab3-77f7-4350-a230-4369a09ff0f6 to datanode:2dd6a96c-ac22-495a-916b-5475a07e9ac1
2022-01-18 07:37:42,808 [72d5b9e4-4958-4d9a-b931-603b7e0a3ea2@group-B7D3D1B0D53F-StateMachineUpdater] INFO  pipeline.PipelineStateManagerImpl (PipelineStateManagerImpl.java:addPipeline(101)) - Created pipeline Pipeline[ Id: b9eecab3-77f7-4350-a230-4369a09ff0f6, Nodes: 2dd6a96c-ac22-495a-916b-5475a07e9ac1{ip: 10.1.0.52, host: fv-az270-89.tacnzluakwdehk1hpragurqkma.bx.internal.cloudapp.net, ports: [REPLICATION=37273, RATIS=37121, RATIS_ADMIN=37121, RATIS_SERVER=37121, STANDALONE=38601], networkLocation: /default-rack, certSerialId: null, persistedOpState: IN_SERVICE, persistedOpStateExpiryEpochSec: 0}, ReplicationConfig: RATIS/ONE, State:ALLOCATED, leaderId:, CreationTimestamp2022-01-18T07:37:42.803Z[Etc/UTC]].
2022-01-18 07:37:42,808 [72d5b9e4-4958-4d9a-b931-603b7e0a3ea2@group-B7D3D1B0D53F-StateMachineUpdater] INFO  safemode.HealthyPipelineSafeModeRule (HealthyPipelineSafeModeRule.java:initializeRule(152)) - Refreshed total pipeline count is 0, healthy pipeline threshold count is 1
2022-01-18 07:37:42,808 [RatisPipelineUtilsThread - 0] INFO  ha.SCMHAInvocationHandler (SCMHAInvocationHandler.java:invokeRatis(113)) - Invoking method public abstract void org.apache.hadoop.hdds.scm.pipeline.PipelineStateManager.addPipeline(org.apache.hadoop.hdds.protocol.proto.HddsProtos$Pipeline) throws java.io.IOException on target org.apache.hadoop.hdds.scm.ha.SCMRatisServerImpl@51815d37, cost 4865.791us
2022-01-18 07:37:42,982 [Listener at 127.0.0.1/33823] INFO  ozone.MiniOzoneClusterImpl (MiniOzoneClusterImpl.java:lambda$waitForClusterToBeReady$0(219)) - Waiting for nodes to be ready. Got 2 of 3 DN Heartbeats.
2022-01-18 07:37:42,982 [Listener at 127.0.0.1/33823] INFO  ozone.MiniOzoneClusterImpl (MiniOzoneClusterImpl.java:lambda$waitForClusterToBeReady$0(222)) - Waiting for cluster to exit safe mode
2022-01-18 07:37:42,982 [Listener at 127.0.0.1/33823] INFO  ozone.MiniOzoneClusterImpl (MiniOzoneClusterImpl.java:lambda$waitForClusterToBeReady$0(224)) - SCM became leader
2022-01-18 07:37:42,998 [IPC Server handler 0 on default port 44417] INFO  net.NetworkTopologyImpl (NetworkTopologyImpl.java:add(112)) - Added a new node: /default-rack/193ec444-8619-4e61-8099-b3665cc77475
2022-01-18 07:37:42,999 [IPC Server handler 0 on default port 44417] INFO  node.SCMNodeManager (SCMNodeManager.java:register(389)) - Registered Data node : 193ec444-8619-4e61-8099-b3665cc77475{ip: 10.1.0.52, host: fv-az270-89.tacnzluakwdehk1hpragurqkma.bx.internal.cloudapp.net, ports: [REPLICATION=34523, RATIS=38791, RATIS_ADMIN=38791, RATIS_SERVER=38791, STANDALONE=36665], networkLocation: /default-rack, certSerialId: null, persistedOpState: null, persistedOpStateExpiryEpochSec: 0}
2022-01-18 07:37:42,999 [EventQueue-NewNodeForNewNodeHandler] INFO  pipeline.BackgroundPipelineCreator (BackgroundPipelineCreator.java:notifyEventTriggered(285)) - trigger a one-shot run on RatisPipelineUtilsThread.
2022-01-18 07:37:42,999 [EventQueue-NodeRegistrationContainerReportForDataNodeSafeModeRule] INFO  safemode.SCMSafeModeManager (DataNodeSafeModeRule.java:process(71)) - SCM in safe mode. 3 DataNodes registered, 3 required.
2022-01-18 07:37:43,000 [EventQueue-NodeRegistrationContainerReportForDataNodeSafeModeRule] INFO  safemode.SCMSafeModeManager (SCMSafeModeManager.java:validateSafeModeExitRules(204)) - DataNodeSafeModeRule rule is successfully validated
2022-01-18 07:37:43,000 [EventQueue-NodeRegistrationContainerReportForDataNodeSafeModeRule] INFO  safemode.SCMSafeModeManager (SCMSafeModeManager.java:completePreCheck(233)) - All SCM safe mode pre check rules have passed
2022-01-18 07:37:43,000 [EventQueue-NodeRegistrationContainerReportForDataNodeSafeModeRule] WARN  events.EventQueue (EventQueue.java:fireEvent(194)) - No event handler registered for event TypedEvent{payloadType=SafeModeStatus, name='Safe mode status'}
2022-01-18 07:37:43,000 [EventQueue-NodeRegistrationContainerReportForDataNodeSafeModeRule] INFO  ha.SCMContext (SCMContext.java:updateSafeModeStatus(211)) - Update SafeModeStatus from SafeModeStatus{safeModeStatus=true, preCheckPassed=false} to SafeModeStatus{safeModeStatus=true, preCheckPassed=true}.
2022-01-18 07:37:43,000 [EventQueue-NodeRegistrationContainerReportForDataNodeSafeModeRule] INFO  pipeline.BackgroundPipelineCreator (BackgroundPipelineCreator.java:notifyEventTriggered(285)) - trigger a one-shot run on RatisPipelineUtilsThread.
2022-01-18 07:37:43,000 [RatisPipelineUtilsThread - 0] INFO  pipeline.RatisPipelineProvider (RatisPipelineProvider.java:lambda$create$0(183)) - Sending CreatePipelineCommand for pipeline:PipelineID=9e2ce4a7-8f2d-47f7-9e8d-565f448fe9ae to datanode:193ec444-8619-4e61-8099-b3665cc77475
2022-01-18 07:37:43,004 [72d5b9e4-4958-4d9a-b931-603b7e0a3ea2@group-B7D3D1B0D53F-StateMachineUpdater] INFO  pipeline.PipelineStateManagerImpl (PipelineStateManagerImpl.java:addPipeline(101)) - Created pipeline Pipeline[ Id: 9e2ce4a7-8f2d-47f7-9e8d-565f448fe9ae, Nodes: 193ec444-8619-4e61-8099-b3665cc77475{ip: 10.1.0.52, host: fv-az270-89.tacnzluakwdehk1hpragurqkma.bx.internal.cloudapp.net, ports: [REPLICATION=34523, RATIS=38791, RATIS_ADMIN=38791, RATIS_SERVER=38791, STANDALONE=36665], networkLocation: /default-rack, certSerialId: null, persistedOpState: IN_SERVICE, persistedOpStateExpiryEpochSec: 0}, ReplicationConfig: RATIS/ONE, State:ALLOCATED, leaderId:, CreationTimestamp2022-01-18T07:37:43Z[Etc/UTC]].
2022-01-18 07:37:43,004 [72d5b9e4-4958-4d9a-b931-603b7e0a3ea2@group-B7D3D1B0D53F-StateMachineUpdater] INFO  safemode.HealthyPipelineSafeModeRule (HealthyPipelineSafeModeRule.java:initializeRule(152)) - Refreshed total pipeline count is 0, healthy pipeline threshold count is 1
2022-01-18 07:37:43,004 [RatisPipelineUtilsThread - 0] INFO  ha.SCMHAInvocationHandler (SCMHAInvocationHandler.java:invokeRatis(113)) - Invoking method public abstract void org.apache.hadoop.hdds.scm.pipeline.PipelineStateManager.addPipeline(org.apache.hadoop.hdds.protocol.proto.HddsProtos$Pipeline) throws java.io.IOException on target org.apache.hadoop.hdds.scm.ha.SCMRatisServerImpl@51815d37, cost 3872.631us
2022-01-18 07:37:43,008 [RatisPipelineUtilsThread - 0] INFO  pipeline.RatisPipelineProvider (RatisPipelineProvider.java:lambda$create$0(183)) - Sending CreatePipelineCommand for pipeline:PipelineID=acc491ae-3d0c-41d7-9808-37e1343de0f0 to datanode:89559d84-1b16-4899-8ec4-ad06327206a5
2022-01-18 07:37:43,008 [RatisPipelineUtilsThread - 0] INFO  pipeline.RatisPipelineProvider (RatisPipelineProvider.java:lambda$create$0(183)) - Sending CreatePipelineCommand for pipeline:PipelineID=acc491ae-3d0c-41d7-9808-37e1343de0f0 to datanode:193ec444-8619-4e61-8099-b3665cc77475
2022-01-18 07:37:43,008 [RatisPipelineUtilsThread - 0] INFO  pipeline.RatisPipelineProvider (RatisPipelineProvider.java:lambda$create$0(183)) - Sending CreatePipelineCommand for pipeline:PipelineID=acc491ae-3d0c-41d7-9808-37e1343de0f0 to datanode:2dd6a96c-ac22-495a-916b-5475a07e9ac1
2022-01-18 07:37:43,017 [72d5b9e4-4958-4d9a-b931-603b7e0a3ea2@group-B7D3D1B0D53F-StateMachineUpdater] INFO  pipeline.PipelineStateManagerImpl (PipelineStateManagerImpl.java:addPipeline(101)) - Created pipeline Pipeline[ Id: acc491ae-3d0c-41d7-9808-37e1343de0f0, Nodes: 89559d84-1b16-4899-8ec4-ad06327206a5{ip: 10.1.0.52, host: fv-az270-89.tacnzluakwdehk1hpragurqkma.bx.internal.cloudapp.net, ports: [REPLICATION=44799, RATIS=36661, RATIS_ADMIN=36661, RATIS_SERVER=36661, STANDALONE=39245], networkLocation: /default-rack, certSerialId: null, persistedOpState: IN_SERVICE, persistedOpStateExpiryEpochSec: 0}193ec444-8619-4e61-8099-b3665cc77475{ip: 10.1.0.52, host: fv-az270-89.tacnzluakwdehk1hpragurqkma.bx.internal.cloudapp.net, ports: [REPLICATION=34523, RATIS=38791, RATIS_ADMIN=38791, RATIS_SERVER=38791, STANDALONE=36665], networkLocation: /default-rack, certSerialId: null, persistedOpState: IN_SERVICE, persistedOpStateExpiryEpochSec: 0}2dd6a96c-ac22-495a-916b-5475a07e9ac1{ip: 10.1.0.52, host: fv-az270-89.tacnzluakwdehk1hpragurqkma.bx.internal.cloudapp.net, ports: [REPLICATION=37273, RATIS=37121, RATIS_ADMIN=37121, RATIS_SERVER=37121, STANDALONE=38601], networkLocation: /default-rack, certSerialId: null, persistedOpState: IN_SERVICE, persistedOpStateExpiryEpochSec: 0}, ReplicationConfig: RATIS/THREE, State:ALLOCATED, leaderId:, CreationTimestamp2022-01-18T07:37:43.008Z[Etc/UTC]].
2022-01-18 07:37:43,018 [72d5b9e4-4958-4d9a-b931-603b7e0a3ea2@group-B7D3D1B0D53F-StateMachineUpdater] INFO  safemode.HealthyPipelineSafeModeRule (HealthyPipelineSafeModeRule.java:initializeRule(152)) - Refreshed total pipeline count is 0, healthy pipeline threshold count is 1
2022-01-18 07:37:43,018 [RatisPipelineUtilsThread - 0] INFO  ha.SCMHAInvocationHandler (SCMHAInvocationHandler.java:invokeRatis(113)) - Invoking method public abstract void org.apache.hadoop.hdds.scm.pipeline.PipelineStateManager.addPipeline(org.apache.hadoop.hdds.protocol.proto.HddsProtos$Pipeline) throws java.io.IOException on target org.apache.hadoop.hdds.scm.ha.SCMRatisServerImpl@51815d37, cost 9311.856us
2022-01-18 07:37:43,020 [RatisPipelineUtilsThread - 0] INFO  pipeline.RatisPipelineProvider (RatisPipelineProvider.java:lambda$create$0(183)) - Sending CreatePipelineCommand for pipeline:PipelineID=125ff3de-0135-4f45-b44c-e25d9de8fcd1 to datanode:2dd6a96c-ac22-495a-916b-5475a07e9ac1
2022-01-18 07:37:43,021 [RatisPipelineUtilsThread - 0] INFO  pipeline.RatisPipelineProvider (RatisPipelineProvider.java:lambda$create$0(183)) - Sending CreatePipelineCommand for pipeline:PipelineID=125ff3de-0135-4f45-b44c-e25d9de8fcd1 to datanode:193ec444-8619-4e61-8099-b3665cc77475
2022-01-18 07:37:43,021 [RatisPipelineUtilsThread - 0] INFO  pipeline.RatisPipelineProvider (RatisPipelineProvider.java:lambda$create$0(183)) - Sending CreatePipelineCommand for pipeline:PipelineID=125ff3de-0135-4f45-b44c-e25d9de8fcd1 to datanode:89559d84-1b16-4899-8ec4-ad06327206a5
2022-01-18 07:37:43,024 [72d5b9e4-4958-4d9a-b931-603b7e0a3ea2@group-B7D3D1B0D53F-StateMachineUpdater] INFO  pipeline.PipelineStateManagerImpl (PipelineStateManagerImpl.java:addPipeline(101)) - Created pipeline Pipeline[ Id: 125ff3de-0135-4f45-b44c-e25d9de8fcd1, Nodes: 2dd6a96c-ac22-495a-916b-5475a07e9ac1{ip: 10.1.0.52, host: fv-az270-89.tacnzluakwdehk1hpragurqkma.bx.internal.cloudapp.net, ports: [REPLICATION=37273, RATIS=37121, RATIS_ADMIN=37121, RATIS_SERVER=37121, STANDALONE=38601], networkLocation: /default-rack, certSerialId: null, persistedOpState: IN_SERVICE, persistedOpStateExpiryEpochSec: 0}193ec444-8619-4e61-8099-b3665cc77475{ip: 10.1.0.52, host: fv-az270-89.tacnzluakwdehk1hpragurqkma.bx.internal.cloudapp.net, ports: [REPLICATION=34523, RATIS=38791, RATIS_ADMIN=38791, RATIS_SERVER=38791, STANDALONE=36665], networkLocation: /default-rack, certSerialId: null, persistedOpState: IN_SERVICE, persistedOpStateExpiryEpochSec: 0}89559d84-1b16-4899-8ec4-ad06327206a5{ip: 10.1.0.52, host: fv-az270-89.tacnzluakwdehk1hpragurqkma.bx.internal.cloudapp.net, ports: [REPLICATION=44799, RATIS=36661, RATIS_ADMIN=36661, RATIS_SERVER=36661, STANDALONE=39245], networkLocation: /default-rack, certSerialId: null, persistedOpState: IN_SERVICE, persistedOpStateExpiryEpochSec: 0}, ReplicationConfig: RATIS/THREE, State:ALLOCATED, leaderId:, CreationTimestamp2022-01-18T07:37:43.020Z[Etc/UTC]].
2022-01-18 07:37:43,024 [72d5b9e4-4958-4d9a-b931-603b7e0a3ea2@group-B7D3D1B0D53F-StateMachineUpdater] INFO  safemode.HealthyPipelineSafeModeRule (HealthyPipelineSafeModeRule.java:initializeRule(152)) - Refreshed total pipeline count is 0, healthy pipeline threshold count is 1
2022-01-18 07:37:43,025 [RatisPipelineUtilsThread - 0] INFO  ha.SCMHAInvocationHandler (SCMHAInvocationHandler.java:invokeRatis(113)) - Invoking method public abstract void org.apache.hadoop.hdds.scm.pipeline.PipelineStateManager.addPipeline(org.apache.hadoop.hdds.protocol.proto.HddsProtos$Pipeline) throws java.io.IOException on target org.apache.hadoop.hdds.scm.ha.SCMRatisServerImpl@51815d37, cost 3454.006us
2022-01-18 07:37:43,026 [RatisPipelineUtilsThread - 0] INFO  pipeline.PipelineManagerImpl (PipelineManagerImpl.java:recordMetricsForPipeline(639)) - Pipeline: PipelineID=125ff3de-0135-4f45-b44c-e25d9de8fcd1 contains same datanodes as previous pipelines: PipelineID=acc491ae-3d0c-41d7-9808-37e1343de0f0 nodeIds: 2dd6a96c-ac22-495a-916b-5475a07e9ac1, 193ec444-8619-4e61-8099-b3665cc77475, 89559d84-1b16-4899-8ec4-ad06327206a5
2022-01-18 07:37:43,983 [Listener at 127.0.0.1/33823] INFO  ozone.MiniOzoneClusterImpl (MiniOzoneClusterImpl.java:lambda$waitForClusterToBeReady$0(219)) - Nodes are ready. Got 3 of 3 DN Heartbeats.
2022-01-18 07:37:43,983 [Listener at 127.0.0.1/33823] INFO  ozone.MiniOzoneClusterImpl (MiniOzoneClusterImpl.java:lambda$waitForClusterToBeReady$0(222)) - Waiting for cluster to exit safe mode
2022-01-18 07:37:43,983 [Listener at 127.0.0.1/33823] INFO  ozone.MiniOzoneClusterImpl (MiniOzoneClusterImpl.java:lambda$waitForClusterToBeReady$0(224)) - SCM became leader
2022-01-18 07:37:44,984 [Listener at 127.0.0.1/33823] INFO  ozone.MiniOzoneClusterImpl (MiniOzoneClusterImpl.java:lambda$waitForClusterToBeReady$0(219)) - Nodes are ready. Got 3 of 3 DN Heartbeats.
2022-01-18 07:37:44,984 [Listener at 127.0.0.1/33823] INFO  ozone.MiniOzoneClusterImpl (MiniOzoneClusterImpl.java:lambda$waitForClusterToBeReady$0(222)) - Waiting for cluster to exit safe mode
2022-01-18 07:37:44,984 [Listener at 127.0.0.1/33823] INFO  ozone.MiniOzoneClusterImpl (MiniOzoneClusterImpl.java:lambda$waitForClusterToBeReady$0(224)) - SCM became leader
2022-01-18 07:37:45,512 [Command processor thread] INFO  server.RaftServer (RaftServerProxy.java:addNew(95)) - 89559d84-1b16-4899-8ec4-ad06327206a5: addNew group-1A31F4C35FED:[89559d84-1b16-4899-8ec4-ad06327206a5|rpc:10.1.0.52:36661|priority:1] returns group-1A31F4C35FED:java.util.concurrent.CompletableFuture@2de48914[Not completed]
2022-01-18 07:37:45,525 [pool-102-thread-1] INFO  server.RaftServer$Division (RaftServerImpl.java:<init>(184)) - 89559d84-1b16-4899-8ec4-ad06327206a5: new RaftServerImpl for group-1A31F4C35FED:[89559d84-1b16-4899-8ec4-ad06327206a5|rpc:10.1.0.52:36661|priority:1] with ContainerStateMachine:uninitialized
2022-01-18 07:37:45,526 [pool-102-thread-1] INFO  server.RaftServerConfigKeys (ConfUtils.java:logGet(44)) - raft.server.rpc.timeout.min = 5s (custom)
2022-01-18 07:37:45,526 [pool-102-thread-1] INFO  server.RaftServerConfigKeys (ConfUtils.java:logGet(44)) - raft.server.rpc.timeout.max = 5200ms (custom)
2022-01-18 07:37:45,526 [pool-102-thread-1] INFO  server.RaftServerConfigKeys (ConfUtils.java:logGet(44)) - raft.server.rpc.sleep.time = 25ms (default)
2022-01-18 07:37:45,526 [pool-102-thread-1] INFO  server.RaftServerConfigKeys (ConfUtils.java:logGet(44)) - raft.server.rpc.slowness.timeout = 300s (custom)
2022-01-18 07:37:45,526 [pool-102-thread-1] INFO  server.RaftServerConfigKeys (ConfUtils.java:logGet(44)) - raft.server.leaderelection.leader.step-down.wait-time = 10s (default)
2022-01-18 07:37:45,527 [pool-102-thread-1] INFO  server.RaftServerConfigKeys (ConfUtils.java:logGet(44)) - raft.server.sleep.deviation.threshold = 300ms (default)
2022-01-18 07:37:45,527 [pool-102-thread-1] INFO  server.RaftServerConfigKeys (ConfUtils.java:logGet(44)) - raft.server.log.appender.install.snapshot.enabled = false (custom)
2022-01-18 07:37:45,527 [pool-102-thread-1] INFO  server.RaftServer$Division (ServerState.java:<init>(105)) - 89559d84-1b16-4899-8ec4-ad06327206a5@group-1A31F4C35FED: ConfigurationManager, init=-1: [89559d84-1b16-4899-8ec4-ad06327206a5|rpc:10.1.0.52:36661|priority:1], old=null, confs=<EMPTY_MAP>
2022-01-18 07:37:45,527 [pool-102-thread-1] INFO  server.RaftServerConfigKeys (ConfUtils.java:logGet(44)) - raft.server.storage.dir = [/home/runner/work/ozone/ozone/hadoop-ozone/integration-test/target/test-dir/MiniOzoneClusterImpl-b5dc639d-ec1c-4769-97cf-b7d3d1b0d53f/datanode-0/data/ratis] (custom)
2022-01-18 07:37:45,527 [pool-102-thread-1] INFO  server.RaftServerConfigKeys (ConfUtils.java:logGet(44)) - raft.server.log.corruption.policy = EXCEPTION (default)
2022-01-18 07:37:45,527 [pool-102-thread-1] INFO  server.RaftServerConfigKeys (ConfUtils.java:logGet(44)) - raft.server.storage.free-space.min = 0MB (=0) (default)
2022-01-18 07:37:45,527 [pool-102-thread-1] INFO  storage.RaftStorageDirectory (RaftStorageDirectoryImpl.java:analyzeStorage(135)) - The storage directory /home/runner/work/ozone/ozone/hadoop-ozone/integration-test/target/test-dir/MiniOzoneClusterImpl-b5dc639d-ec1c-4769-97cf-b7d3d1b0d53f/datanode-0/data/ratis/52bf6b66-a8a7-48bc-b7dd-1a31f4c35fed does not exist. Creating ...
2022-01-18 07:37:45,537 [pool-102-thread-1] INFO  storage.RaftStorageDirectory (RaftStorageDirectoryImpl.java:tryLock(230)) - Lock on /home/runner/work/ozone/ozone/hadoop-ozone/integration-test/target/test-dir/MiniOzoneClusterImpl-b5dc639d-ec1c-4769-97cf-b7d3d1b0d53f/datanode-0/data/ratis/52bf6b66-a8a7-48bc-b7dd-1a31f4c35fed/in_use.lock acquired by nodename 8507@fv-az270-89
2022-01-18 07:37:45,539 [pool-102-thread-1] INFO  storage.RaftStorage (RaftStorageImpl.java:format(89)) - Storage directory /home/runner/work/ozone/ozone/hadoop-ozone/integration-test/target/test-dir/MiniOzoneClusterImpl-b5dc639d-ec1c-4769-97cf-b7d3d1b0d53f/datanode-0/data/ratis/52bf6b66-a8a7-48bc-b7dd-1a31f4c35fed has been successfully formatted.
2022-01-18 07:37:45,544 [pool-102-thread-1] INFO  ratis.ContainerStateMachine (ContainerStateMachine.java:loadSnapshot(231)) - group-1A31F4C35FED: The snapshot info is null. Setting the last applied indexto:(t:0, i:~)
2022-01-18 07:37:45,544 [pool-102-thread-1] INFO  server.RaftServerConfigKeys (ConfUtils.java:logGet(44)) - raft.server.notification.no-leader.timeout = 300s (custom)
2022-01-18 07:37:45,544 [pool-102-thread-1] INFO  server.RaftServerConfigKeys (ConfUtils.java:logGet(44)) - raft.server.log.use.memory = false (default)
2022-01-18 07:37:45,544 [pool-102-thread-1] INFO  server.RaftServerConfigKeys (ConfUtils.java:logGet(44)) - raft.server.log.purge.gap = 1000000 (custom)
2022-01-18 07:37:45,545 [pool-102-thread-1] INFO  server.RaftServerConfigKeys (ConfUtils.java:logGet(44)) - raft.server.log.appender.buffer.byte-limit = 33554432 (custom)
2022-01-18 07:37:45,545 [pool-102-thread-1] INFO  server.RaftServerConfigKeys (ConfUtils.java:logGet(44)) - raft.server.log.segment.size.max = 1048576 (custom)
2022-01-18 07:37:45,545 [pool-102-thread-1] INFO  server.RaftServerConfigKeys (ConfUtils.java:logGet(44)) - raft.server.log.segment.cache.num.max = 2 (custom)
2022-01-18 07:37:45,546 [pool-102-thread-1] INFO  server.RaftServerConfigKeys (ConfUtils.java:logGet(44)) - raft.server.log.segment.cache.size.max = 200MB (=209715200) (default)
2022-01-18 07:37:45,546 [pool-102-thread-1] INFO  segmented.SegmentedRaftLogWorker (SegmentedRaftLogWorker.java:<init>(182)) - new 89559d84-1b16-4899-8ec4-ad06327206a5@group-1A31F4C35FED-SegmentedRaftLogWorker for RaftStorageImpl:Storage Directory /home/runner/work/ozone/ozone/hadoop-ozone/integration-test/target/test-dir/MiniOzoneClusterImpl-b5dc639d-ec1c-4769-97cf-b7d3d1b0d53f/datanode-0/data/ratis/52bf6b66-a8a7-48bc-b7dd-1a31f4c35fed
2022-01-18 07:37:45,546 [pool-102-thread-1] INFO  server.RaftServerConfigKeys (ConfUtils.java:logGet(44)) - raft.server.log.queue.byte-limit = 2147483647 (custom)
2022-01-18 07:37:45,546 [pool-102-thread-1] INFO  server.RaftServerConfigKeys (ConfUtils.java:logGet(44)) - raft.server.log.queue.element-limit = 1024 (custom)
2022-01-18 07:37:45,546 [pool-102-thread-1] INFO  server.RaftServerConfigKeys (ConfUtils.java:logGet(44)) - raft.server.log.segment.size.max = 1048576 (custom)
2022-01-18 07:37:45,546 [pool-102-thread-1] INFO  server.RaftServerConfigKeys (ConfUtils.java:logGet(44)) - raft.server.log.preallocated.size = 16384 (custom)
2022-01-18 07:37:45,546 [pool-102-thread-1] INFO  server.RaftServerConfigKeys (ConfUtils.java:logGet(44)) - raft.server.log.force.sync.num = 128 (default)
2022-01-18 07:37:45,546 [pool-102-thread-1] INFO  server.RaftServerConfigKeys (ConfUtils.java:logGet(44)) - raft.server.log.statemachine.data.sync = true (default)
2022-01-18 07:37:45,546 [pool-102-thread-1] INFO  server.RaftServerConfigKeys (ConfUtils.java:logGet(44)) - raft.server.log.statemachine.data.sync.timeout = 10s (default)
2022-01-18 07:37:45,546 [pool-102-thread-1] INFO  server.RaftServerConfigKeys (ConfUtils.java:logGet(44)) - raft.server.log.statemachine.data.sync.timeout.retry = -1 (default)
2022-01-18 07:37:45,547 [pool-102-thread-1] INFO  server.RaftServerConfigKeys (ConfUtils.java:logGet(44)) - raft.server.log.write.buffer.size = 1048576 (custom)
2022-01-18 07:37:45,547 [pool-102-thread-1] INFO  server.RaftServerConfigKeys (ConfUtils.java:logGet(44)) - raft.server.log.statemachine.data.caching.enabled = true (custom)
2022-01-18 07:37:45,548 [pool-102-thread-1] INFO  segmented.SegmentedRaftLogWorker (SegmentedRaftLogWorker.java:lambda$new$0(133)) - 89559d84-1b16-4899-8ec4-ad06327206a5@group-1A31F4C35FED-SegmentedRaftLogWorker: flushIndex: setUnconditionally 0 -> -1
2022-01-18 07:37:45,548 [pool-102-thread-1] INFO  segmented.SegmentedRaftLogWorker (SegmentedRaftLogWorker.java:lambda$new$0(133)) - 89559d84-1b16-4899-8ec4-ad06327206a5@group-1A31F4C35FED-SegmentedRaftLogWorker: safeCacheEvictIndex: setUnconditionally 0 -> -1
2022-01-18 07:37:45,548 [pool-102-thread-1] INFO  server.RaftServerConfigKeys (ConfUtils.java:logGet(44)) - raft.server.snapshot.auto.trigger.enabled = true (custom)
2022-01-18 07:37:45,549 [pool-102-thread-1] INFO  server.RaftServerConfigKeys (ConfUtils.java:logGet(44)) - raft.server.snapshot.auto.trigger.threshold = 10000 (custom)
2022-01-18 07:37:45,549 [pool-102-thread-1] INFO  server.RaftServerConfigKeys (ConfUtils.java:logGet(44)) - raft.server.snapshot.retention.file.num = 5 (custom)
2022-01-18 07:37:45,549 [pool-102-thread-1] INFO  server.RaftServerConfigKeys (ConfUtils.java:logGet(44)) - raft.server.log.purge.upto.snapshot.index = false (default)
2022-01-18 07:37:45,549 [pool-102-thread-1] INFO  server.RaftServerConfigKeys (ConfUtils.java:logGet(44)) - raft.server.retrycache.expirytime = 600000ms (custom)
2022-01-18 07:37:45,549 [pool-102-thread-1] INFO  server.RaftServerConfigKeys (ConfUtils.java:logGet(44)) - raft.server.retrycache.statistics.expirytime = 100μs (default)
2022-01-18 07:37:45,550 [pool-102-thread-1] INFO  server.RaftServer$Division (RaftServerImpl.java:start(301)) - 89559d84-1b16-4899-8ec4-ad06327206a5@group-1A31F4C35FED: start as a follower, conf=-1: [89559d84-1b16-4899-8ec4-ad06327206a5|rpc:10.1.0.52:36661|priority:1], old=null
2022-01-18 07:37:45,550 [pool-102-thread-1] INFO  server.RaftServer$Division (RaftServerImpl.java:setRole(290)) - 89559d84-1b16-4899-8ec4-ad06327206a5@group-1A31F4C35FED: changes role from      null to FOLLOWER at term 0 for startAsFollower
2022-01-18 07:37:45,550 [pool-102-thread-1] INFO  impl.RoleInfo (RoleInfo.java:updateAndGet(130)) - 89559d84-1b16-4899-8ec4-ad06327206a5: start 89559d84-1b16-4899-8ec4-ad06327206a5@group-1A31F4C35FED-FollowerState
2022-01-18 07:37:45,550 [pool-102-thread-1] INFO  util.JmxRegister (JmxRegister.java:tryRegister(44)) - Successfully registered JMX Bean with object name Ratis:service=RaftServer,group=group-1A31F4C35FED,id=89559d84-1b16-4899-8ec4-ad06327206a5
2022-01-18 07:37:45,556 [Command processor thread] INFO  ratis.XceiverServerRatis (XceiverServerRatis.java:addGroup(768)) - Created group PipelineID=52bf6b66-a8a7-48bc-b7dd-1a31f4c35fed
2022-01-18 07:37:45,557 [Command processor thread] INFO  commandhandler.CreatePipelineCommandHandler (CreatePipelineCommandHandler.java:handle(106)) - Created Pipeline RATIS ONE PipelineID=52bf6b66-a8a7-48bc-b7dd-1a31f4c35fed.
2022-01-18 07:37:45,557 [Command processor thread] INFO  server.RaftServer (RaftServerProxy.java:addNew(95)) - 89559d84-1b16-4899-8ec4-ad06327206a5: addNew group-37E1343DE0F0:[2dd6a96c-ac22-495a-916b-5475a07e9ac1|rpc:10.1.0.52:37121|priority:1, 89559d84-1b16-4899-8ec4-ad06327206a5|rpc:10.1.0.52:36661|priority:0, 193ec444-8619-4e61-8099-b3665cc77475|rpc:10.1.0.52:38791|priority:0] returns group-37E1343DE0F0:java.util.concurrent.CompletableFuture@233a3434[Not completed]
2022-01-18 07:37:45,558 [pool-102-thread-1] INFO  server.RaftServer$Division (RaftServerImpl.java:<init>(184)) - 89559d84-1b16-4899-8ec4-ad06327206a5: new RaftServerImpl for group-37E1343DE0F0:[2dd6a96c-ac22-495a-916b-5475a07e9ac1|rpc:10.1.0.52:37121|priority:1, 89559d84-1b16-4899-8ec4-ad06327206a5|rpc:10.1.0.52:36661|priority:0, 193ec444-8619-4e61-8099-b3665cc77475|rpc:10.1.0.52:38791|priority:0] with ContainerStateMachine:uninitialized
2022-01-18 07:37:45,558 [pool-102-thread-1] INFO  server.RaftServerConfigKeys (ConfUtils.java:logGet(44)) - raft.server.rpc.timeout.min = 5s (custom)
2022-01-18 07:37:45,559 [pool-102-thread-1] INFO  server.RaftServerConfigKeys (ConfUtils.java:logGet(44)) - raft.server.rpc.timeout.max = 5200ms (custom)
2022-01-18 07:37:45,559 [pool-102-thread-1] INFO  server.RaftServerConfigKeys (ConfUtils.java:logGet(44)) - raft.server.rpc.sleep.time = 25ms (default)
2022-01-18 07:37:45,559 [pool-102-thread-1] INFO  server.RaftServerConfigKeys (ConfUtils.java:logGet(44)) - raft.server.rpc.slowness.timeout = 300s (custom)
2022-01-18 07:37:45,559 [pool-102-thread-1] INFO  server.RaftServerConfigKeys (ConfUtils.java:logGet(44)) - raft.server.leaderelection.leader.step-down.wait-time = 10s (default)
2022-01-18 07:37:45,559 [pool-102-thread-1] INFO  server.RaftServerConfigKeys (ConfUtils.java:logGet(44)) - raft.server.sleep.deviation.threshold = 300ms (default)
2022-01-18 07:37:45,559 [pool-102-thread-1] INFO  server.RaftServerConfigKeys (ConfUtils.java:logGet(44)) - raft.server.log.appender.install.snapshot.enabled = false (custom)
2022-01-18 07:37:45,561 [pool-102-thread-1] INFO  server.RaftServer$Division (ServerState.java:<init>(105)) - 89559d84-1b16-4899-8ec4-ad06327206a5@group-37E1343DE0F0: ConfigurationManager, init=-1: [2dd6a96c-ac22-495a-916b-5475a07e9ac1|rpc:10.1.0.52:37121|priority:1, 89559d84-1b16-4899-8ec4-ad06327206a5|rpc:10.1.0.52:36661|priority:0, 193ec444-8619-4e61-8099-b3665cc77475|rpc:10.1.0.52:38791|priority:0], old=null, confs=<EMPTY_MAP>
2022-01-18 07:37:45,561 [pool-102-thread-1] INFO  server.RaftServerConfigKeys (ConfUtils.java:logGet(44)) - raft.server.storage.dir = [/home/runner/work/ozone/ozone/hadoop-ozone/integration-test/target/test-dir/MiniOzoneClusterImpl-b5dc639d-ec1c-4769-97cf-b7d3d1b0d53f/datanode-0/data/ratis] (custom)
2022-01-18 07:37:45,561 [pool-102-thread-1] INFO  server.RaftServerConfigKeys (ConfUtils.java:logGet(44)) - raft.server.log.corruption.policy = EXCEPTION (default)
2022-01-18 07:37:45,561 [pool-102-thread-1] INFO  server.RaftServerConfigKeys (ConfUtils.java:logGet(44)) - raft.server.storage.free-space.min = 0MB (=0) (default)
2022-01-18 07:37:45,562 [EventQueue-PipelineReportForPipelineReportHandler] INFO  pipeline.PipelineManagerImpl (PipelineManagerImpl.java:openPipeline(291)) - Pipeline Pipeline[ Id: 52bf6b66-a8a7-48bc-b7dd-1a31f4c35fed, Nodes: 89559d84-1b16-4899-8ec4-ad06327206a5{ip: 10.1.0.52, host: fv-az270-89.tacnzluakwdehk1hpragurqkma.bx.internal.cloudapp.net, ports: [REPLICATION=44799, RATIS=36661, RATIS_ADMIN=36661, RATIS_SERVER=36661, STANDALONE=39245], networkLocation: /default-rack, certSerialId: null, persistedOpState: IN_SERVICE, persistedOpStateExpiryEpochSec: 0}, ReplicationConfig: RATIS/ONE, State:ALLOCATED, leaderId:89559d84-1b16-4899-8ec4-ad06327206a5, CreationTimestamp2022-01-18T07:37:42.573Z[Etc/UTC]] moved to OPEN state
2022-01-18 07:37:45,567 [pool-102-thread-1] INFO  storage.RaftStorageDirectory (RaftStorageDirectoryImpl.java:analyzeStorage(135)) - The storage directory /home/runner/work/ozone/ozone/hadoop-ozone/integration-test/target/test-dir/MiniOzoneClusterImpl-b5dc639d-ec1c-4769-97cf-b7d3d1b0d53f/datanode-0/data/ratis/acc491ae-3d0c-41d7-9808-37e1343de0f0 does not exist. Creating ...
2022-01-18 07:37:45,569 [pool-102-thread-1] INFO  storage.RaftStorageDirectory (RaftStorageDirectoryImpl.java:tryLock(230)) - Lock on /home/runner/work/ozone/ozone/hadoop-ozone/integration-test/target/test-dir/MiniOzoneClusterImpl-b5dc639d-ec1c-4769-97cf-b7d3d1b0d53f/datanode-0/data/ratis/acc491ae-3d0c-41d7-9808-37e1343de0f0/in_use.lock acquired by nodename 8507@fv-az270-89
2022-01-18 07:37:45,571 [72d5b9e4-4958-4d9a-b931-603b7e0a3ea2@group-B7D3D1B0D53F-StateMachineUpdater] INFO  safemode.HealthyPipelineSafeModeRule (HealthyPipelineSafeModeRule.java:initializeRule(152)) - Refreshed total pipeline count is 0, healthy pipeline threshold count is 1
2022-01-18 07:37:45,572 [pool-102-thread-1] INFO  storage.RaftStorage (RaftStorageImpl.java:format(89)) - Storage directory /home/runner/work/ozone/ozone/hadoop-ozone/integration-test/target/test-dir/MiniOzoneClusterImpl-b5dc639d-ec1c-4769-97cf-b7d3d1b0d53f/datanode-0/data/ratis/acc491ae-3d0c-41d7-9808-37e1343de0f0 has been successfully formatted.
2022-01-18 07:37:45,573 [pool-102-thread-1] INFO  ratis.ContainerStateMachine (ContainerStateMachine.java:loadSnapshot(231)) - group-37E1343DE0F0: The snapshot info is null. Setting the last applied indexto:(t:0, i:~)
2022-01-18 07:37:45,573 [pool-102-thread-1] INFO  server.RaftServerConfigKeys (ConfUtils.java:logGet(44)) - raft.server.notification.no-leader.timeout = 300s (custom)
2022-01-18 07:37:45,573 [pool-102-thread-1] INFO  server.RaftServerConfigKeys (ConfUtils.java:logGet(44)) - raft.server.log.use.memory = false (default)
2022-01-18 07:37:45,573 [pool-102-thread-1] INFO  server.RaftServerConfigKeys (ConfUtils.java:logGet(44)) - raft.server.log.purge.gap = 1000000 (custom)
2022-01-18 07:37:45,573 [pool-102-thread-1] INFO  server.RaftServerConfigKeys (ConfUtils.java:logGet(44)) - raft.server.log.appender.buffer.byte-limit = 33554432 (custom)
2022-01-18 07:37:45,573 [pool-102-thread-1] INFO  server.RaftServerConfigKeys (ConfUtils.java:logGet(44)) - raft.server.log.segment.size.max = 1048576 (custom)
2022-01-18 07:37:45,574 [pool-102-thread-1] INFO  server.RaftServerConfigKeys (ConfUtils.java:logGet(44)) - raft.server.log.segment.cache.num.max = 2 (custom)
2022-01-18 07:37:45,574 [pool-102-thread-1] INFO  server.RaftServerConfigKeys (ConfUtils.java:logGet(44)) - raft.server.log.segment.cache.size.max = 200MB (=209715200) (default)
2022-01-18 07:37:45,574 [pool-102-thread-1] INFO  segmented.SegmentedRaftLogWorker (SegmentedRaftLogWorker.java:<init>(182)) - new 89559d84-1b16-4899-8ec4-ad06327206a5@group-37E1343DE0F0-SegmentedRaftLogWorker for RaftStorageImpl:Storage Directory /home/runner/work/ozone/ozone/hadoop-ozone/integration-test/target/test-dir/MiniOzoneClusterImpl-b5dc639d-ec1c-4769-97cf-b7d3d1b0d53f/datanode-0/data/ratis/acc491ae-3d0c-41d7-9808-37e1343de0f0
2022-01-18 07:37:45,574 [pool-102-thread-1] INFO  server.RaftServerConfigKeys (ConfUtils.java:logGet(44)) - raft.server.log.queue.byte-limit = 2147483647 (custom)
2022-01-18 07:37:45,574 [pool-102-thread-1] INFO  server.RaftServerConfigKeys (ConfUtils.java:logGet(44)) - raft.server.log.queue.element-limit = 1024 (custom)
2022-01-18 07:37:45,574 [pool-102-thread-1] INFO  server.RaftServerConfigKeys (ConfUtils.java:logGet(44)) - raft.server.log.segment.size.max = 1048576 (custom)
2022-01-18 07:37:45,574 [pool-102-thread-1] INFO  server.RaftServerConfigKeys (ConfUtils.java:logGet(44)) - raft.server.log.preallocated.size = 16384 (custom)
2022-01-18 07:37:45,574 [pool-102-thread-1] INFO  server.RaftServerConfigKeys (ConfUtils.java:logGet(44)) - raft.server.log.force.sync.num = 128 (default)
2022-01-18 07:37:45,574 [pool-102-thread-1] INFO  server.RaftServerConfigKeys (ConfUtils.java:logGet(44)) - raft.server.log.statemachine.data.sync = true (default)
2022-01-18 07:37:45,574 [pool-102-thread-1] INFO  server.RaftServerConfigKeys (ConfUtils.java:logGet(44)) - raft.server.log.statemachine.data.sync.timeout = 10s (default)
2022-01-18 07:37:45,574 [pool-102-thread-1] INFO  server.RaftServerConfigKeys (ConfUtils.java:logGet(44)) - raft.server.log.statemachine.data.sync.timeout.retry = -1 (default)
2022-01-18 07:37:45,573 [EventQueue-PipelineReportForPipelineReportHandler] INFO  ha.SCMHAInvocationHandler (SCMHAInvocationHandler.java:invokeRatis(113)) - Invoking method public abstract void org.apache.hadoop.hdds.scm.pipeline.PipelineStateManager.updatePipelineState(org.apache.hadoop.hdds.protocol.proto.HddsProtos$PipelineID,org.apache.hadoop.hdds.protocol.proto.HddsProtos$PipelineState) throws java.io.IOException on target org.apache.hadoop.hdds.scm.ha.SCMRatisServerImpl@51815d37, cost 5908.753us
2022-01-18 07:37:45,578 [pool-102-thread-1] INFO  server.RaftServerConfigKeys (ConfUtils.java:logGet(44)) - raft.server.log.write.buffer.size = 1048576 (custom)
2022-01-18 07:37:45,578 [pool-102-thread-1] INFO  server.RaftServerConfigKeys (ConfUtils.java:logGet(44)) - raft.server.log.statemachine.data.caching.enabled = true (custom)
2022-01-18 07:37:45,578 [pool-102-thread-1] INFO  segmented.SegmentedRaftLogWorker (SegmentedRaftLogWorker.java:lambda$new$0(133)) - 89559d84-1b16-4899-8ec4-ad06327206a5@group-37E1343DE0F0-SegmentedRaftLogWorker: flushIndex: setUnconditionally 0 -> -1
2022-01-18 07:37:45,578 [pool-102-thread-1] INFO  segmented.SegmentedRaftLogWorker (SegmentedRaftLogWorker.java:lambda$new$0(133)) - 89559d84-1b16-4899-8ec4-ad06327206a5@group-37E1343DE0F0-SegmentedRaftLogWorker: safeCacheEvictIndex: setUnconditionally 0 -> -1
2022-01-18 07:37:45,580 [pool-102-thread-1] INFO  server.RaftServerConfigKeys (ConfUtils.java:logGet(44)) - raft.server.snapshot.auto.trigger.enabled = true (custom)
2022-01-18 07:37:45,580 [pool-102-thread-1] INFO  server.RaftServerConfigKeys (ConfUtils.java:logGet(44)) - raft.server.snapshot.auto.trigger.threshold = 10000 (custom)
2022-01-18 07:37:45,580 [pool-102-thread-1] INFO  server.RaftServerConfigKeys (ConfUtils.java:logGet(44)) - raft.server.snapshot.retention.file.num = 5 (custom)
2022-01-18 07:37:45,580 [pool-102-thread-1] INFO  server.RaftServerConfigKeys (ConfUtils.java:logGet(44)) - raft.server.log.purge.upto.snapshot.index = false (default)
2022-01-18 07:37:45,580 [pool-102-thread-1] INFO  server.RaftServerConfigKeys (ConfUtils.java:logGet(44)) - raft.server.retrycache.expirytime = 600000ms (custom)
2022-01-18 07:37:45,580 [pool-102-thread-1] INFO  server.RaftServerConfigKeys (ConfUtils.java:logGet(44)) - raft.server.retrycache.statistics.expirytime = 100μs (default)
2022-01-18 07:37:45,581 [pool-102-thread-1] INFO  server.RaftServer$Division (RaftServerImpl.java:start(301)) - 89559d84-1b16-4899-8ec4-ad06327206a5@group-37E1343DE0F0: start as a follower, conf=-1: [2dd6a96c-ac22-495a-916b-5475a07e9ac1|rpc:10.1.0.52:37121|priority:1, 89559d84-1b16-4899-8ec4-ad06327206a5|rpc:10.1.0.52:36661|priority:0, 193ec444-8619-4e61-8099-b3665cc77475|rpc:10.1.0.52:38791|priority:0], old=null
2022-01-18 07:37:45,581 [pool-102-thread-1] INFO  server.RaftServer$Division (RaftServerImpl.java:setRole(290)) - 89559d84-1b16-4899-8ec4-ad06327206a5@group-37E1343DE0F0: changes role from      null to FOLLOWER at term 0 for startAsFollower
2022-01-18 07:37:45,581 [pool-102-thread-1] INFO  impl.RoleInfo (RoleInfo.java:updateAndGet(130)) - 89559d84-1b16-4899-8ec4-ad06327206a5: start 89559d84-1b16-4899-8ec4-ad06327206a5@group-37E1343DE0F0-FollowerState
2022-01-18 07:37:45,586 [pool-102-thread-1] INFO  util.JmxRegister (JmxRegister.java:tryRegister(44)) - Successfully registered JMX Bean with object name Ratis:service=RaftServer,group=group-37E1343DE0F0,id=89559d84-1b16-4899-8ec4-ad06327206a5
2022-01-18 07:37:45,586 [EventQueue-OpenPipelineForHealthyPipelineSafeModeRule] INFO  safemode.SCMSafeModeManager (HealthyPipelineSafeModeRule.java:process(124)) - SCM in safe mode. Healthy pipelines reported count is 0, required healthy pipeline reported count is 1
2022-01-18 07:37:45,586 [EventQueue-OpenPipelineForHealthyPipelineSafeModeRule] INFO  safemode.SCMSafeModeManager (HealthyPipelineSafeModeRule.java:process(124)) - SCM in safe mode. Healthy pipelines reported count is 0, required healthy pipeline reported count is 1
2022-01-18 07:37:45,597 [Command processor thread] INFO  ratis.XceiverServerRatis (XceiverServerRatis.java:addGroup(768)) - Created group PipelineID=acc491ae-3d0c-41d7-9808-37e1343de0f0
2022-01-18 07:37:45,671 [grpc-default-executor-1] INFO  server.RaftServer (RaftServerProxy.java:addNew(95)) - 193ec444-8619-4e61-8099-b3665cc77475: addNew group-37E1343DE0F0:[2dd6a96c-ac22-495a-916b-5475a07e9ac1|rpc:10.1.0.52:37121|dataStream:|priority:1, 89559d84-1b16-4899-8ec4-ad06327206a5|rpc:10.1.0.52:36661|dataStream:|priority:0, 193ec444-8619-4e61-8099-b3665cc77475|rpc:10.1.0.52:38791|dataStream:|priority:0] returns group-37E1343DE0F0:java.util.concurrent.CompletableFuture@2768ed63[Not completed]
2022-01-18 07:37:45,673 [pool-144-thread-1] INFO  server.RaftServer$Division (RaftServerImpl.java:<init>(184)) - 193ec444-8619-4e61-8099-b3665cc77475: new RaftServerImpl for group-37E1343DE0F0:[2dd6a96c-ac22-495a-916b-5475a07e9ac1|rpc:10.1.0.52:37121|dataStream:|priority:1, 89559d84-1b16-4899-8ec4-ad06327206a5|rpc:10.1.0.52:36661|dataStream:|priority:0, 193ec444-8619-4e61-8099-b3665cc77475|rpc:10.1.0.52:38791|dataStream:|priority:0] with ContainerStateMachine:uninitialized
2022-01-18 07:37:45,674 [pool-144-thread-1] INFO  server.RaftServerConfigKeys (ConfUtils.java:logGet(44)) - raft.server.rpc.timeout.min = 5s (custom)
2022-01-18 07:37:45,674 [pool-144-thread-1] INFO  server.RaftServerConfigKeys (ConfUtils.java:logGet(44)) - raft.server.rpc.timeout.max = 5200ms (custom)
2022-01-18 07:37:45,674 [pool-144-thread-1] INFO  server.RaftServerConfigKeys (ConfUtils.java:logGet(44)) - raft.server.rpc.sleep.time = 25ms (default)
2022-01-18 07:37:45,674 [pool-144-thread-1] INFO  server.RaftServerConfigKeys (ConfUtils.java:logGet(44)) - raft.server.rpc.slowness.timeout = 300s (custom)
2022-01-18 07:37:45,674 [pool-144-thread-1] INFO  server.RaftServerConfigKeys (ConfUtils.java:logGet(44)) - raft.server.leaderelection.leader.step-down.wait-time = 10s (default)
2022-01-18 07:37:45,674 [pool-144-thread-1] INFO  server.RaftServerConfigKeys (ConfUtils.java:logGet(44)) - raft.server.sleep.deviation.threshold = 300ms (default)
2022-01-18 07:37:45,674 [pool-144-thread-1] INFO  server.RaftServerConfigKeys (ConfUtils.java:logGet(44)) - raft.server.log.appender.install.snapshot.enabled = false (custom)
2022-01-18 07:37:45,674 [pool-144-thread-1] INFO  server.RaftServer$Division (ServerState.java:<init>(105)) - 193ec444-8619-4e61-8099-b3665cc77475@group-37E1343DE0F0: ConfigurationManager, init=-1: [2dd6a96c-ac22-495a-916b-5475a07e9ac1|rpc:10.1.0.52:37121|dataStream:|priority:1, 89559d84-1b16-4899-8ec4-ad06327206a5|rpc:10.1.0.52:36661|dataStream:|priority:0, 193ec444-8619-4e61-8099-b3665cc77475|rpc:10.1.0.52:38791|dataStream:|priority:0], old=null, confs=<EMPTY_MAP>
2022-01-18 07:37:45,675 [pool-144-thread-1] INFO  server.RaftServerConfigKeys (ConfUtils.java:logGet(44)) - raft.server.storage.dir = [/home/runner/work/ozone/ozone/hadoop-ozone/integration-test/target/test-dir/MiniOzoneClusterImpl-b5dc639d-ec1c-4769-97cf-b7d3d1b0d53f/datanode-2/data/ratis] (custom)
2022-01-18 07:37:45,675 [pool-144-thread-1] INFO  server.RaftServerConfigKeys (ConfUtils.java:logGet(44)) - raft.server.log.corruption.policy = EXCEPTION (default)
2022-01-18 07:37:45,675 [pool-144-thread-1] INFO  server.RaftServerConfigKeys (ConfUtils.java:logGet(44)) - raft.server.storage.free-space.min = 0MB (=0) (default)
2022-01-18 07:37:45,675 [pool-144-thread-1] INFO  storage.RaftStorageDirectory (RaftStorageDirectoryImpl.java:analyzeStorage(135)) - The storage directory /home/runner/work/ozone/ozone/hadoop-ozone/integration-test/target/test-dir/MiniOzoneClusterImpl-b5dc639d-ec1c-4769-97cf-b7d3d1b0d53f/datanode-2/data/ratis/acc491ae-3d0c-41d7-9808-37e1343de0f0 does not exist. Creating ...
2022-01-18 07:37:45,677 [pool-144-thread-1] INFO  storage.RaftStorageDirectory (RaftStorageDirectoryImpl.java:tryLock(230)) - Lock on /home/runner/work/ozone/ozone/hadoop-ozone/integration-test/target/test-dir/MiniOzoneClusterImpl-b5dc639d-ec1c-4769-97cf-b7d3d1b0d53f/datanode-2/data/ratis/acc491ae-3d0c-41d7-9808-37e1343de0f0/in_use.lock acquired by nodename 8507@fv-az270-89
2022-01-18 07:37:45,679 [pool-144-thread-1] INFO  storage.RaftStorage (RaftStorageImpl.java:format(89)) - Storage directory /home/runner/work/ozone/ozone/hadoop-ozone/integration-test/target/test-dir/MiniOzoneClusterImpl-b5dc639d-ec1c-4769-97cf-b7d3d1b0d53f/datanode-2/data/ratis/acc491ae-3d0c-41d7-9808-37e1343de0f0 has been successfully formatted.
2022-01-18 07:37:45,682 [pool-144-thread-1] INFO  ratis.ContainerStateMachine (ContainerStateMachine.java:loadSnapshot(231)) - group-37E1343DE0F0: The snapshot info is null. Setting the last applied indexto:(t:0, i:~)
2022-01-18 07:37:45,688 [pool-144-thread-1] INFO  server.RaftServerConfigKeys (ConfUtils.java:logGet(44)) - raft.server.notification.no-leader.timeout = 300s (custom)
2022-01-18 07:37:45,688 [pool-144-thread-1] INFO  server.RaftServerConfigKeys (ConfUtils.java:logGet(44)) - raft.server.log.use.memory = false (default)
2022-01-18 07:37:45,688 [pool-144-thread-1] INFO  server.RaftServerConfigKeys (ConfUtils.java:logGet(44)) - raft.server.log.purge.gap = 1000000 (custom)
2022-01-18 07:37:45,688 [pool-144-thread-1] INFO  server.RaftServerConfigKeys (ConfUtils.java:logGet(44)) - raft.server.log.appender.buffer.byte-limit = 33554432 (custom)
2022-01-18 07:37:45,688 [pool-144-thread-1] INFO  server.RaftServerConfigKeys (ConfUtils.java:logGet(44)) - raft.server.log.segment.size.max = 1048576 (custom)
2022-01-18 07:37:45,689 [pool-144-thread-1] INFO  server.RaftServerConfigKeys (ConfUtils.java:logGet(44)) - raft.server.log.segment.cache.num.max = 2 (custom)
2022-01-18 07:37:45,690 [pool-144-thread-1] INFO  server.RaftServerConfigKeys (ConfUtils.java:logGet(44)) - raft.server.log.segment.cache.size.max = 200MB (=209715200) (default)
2022-01-18 07:37:45,690 [pool-144-thread-1] INFO  segmented.SegmentedRaftLogWorker (SegmentedRaftLogWorker.java:<init>(182)) - new 193ec444-8619-4e61-8099-b3665cc77475@group-37E1343DE0F0-SegmentedRaftLogWorker for RaftStorageImpl:Storage Directory /home/runner/work/ozone/ozone/hadoop-ozone/integration-test/target/test-dir/MiniOzoneClusterImpl-b5dc639d-ec1c-4769-97cf-b7d3d1b0d53f/datanode-2/data/ratis/acc491ae-3d0c-41d7-9808-37e1343de0f0
2022-01-18 07:37:45,691 [pool-144-thread-1] INFO  server.RaftServerConfigKeys (ConfUtils.java:logGet(44)) - raft.server.log.queue.byte-limit = 2147483647 (custom)
2022-01-18 07:37:45,691 [pool-144-thread-1] INFO  server.RaftServerConfigKeys (ConfUtils.java:logGet(44)) - raft.server.log.queue.element-limit = 1024 (custom)
2022-01-18 07:37:45,691 [pool-144-thread-1] INFO  server.RaftServerConfigKeys (ConfUtils.java:logGet(44)) - raft.server.log.segment.size.max = 1048576 (custom)
2022-01-18 07:37:45,691 [pool-144-thread-1] INFO  server.RaftServerConfigKeys (ConfUtils.java:logGet(44)) - raft.server.log.preallocated.size = 16384 (custom)
2022-01-18 07:37:45,691 [pool-144-thread-1] INFO  server.RaftServerConfigKeys (ConfUtils.java:logGet(44)) - raft.server.log.force.sync.num = 128 (default)
2022-01-18 07:37:45,691 [pool-144-thread-1] INFO  server.RaftServerConfigKeys (ConfUtils.java:logGet(44)) - raft.server.log.statemachine.data.sync = true (default)
2022-01-18 07:37:45,691 [pool-144-thread-1] INFO  server.RaftServerConfigKeys (ConfUtils.java:logGet(44)) - raft.server.log.statemachine.data.sync.timeout = 10s (default)
2022-01-18 07:37:45,691 [pool-144-thread-1] INFO  server.RaftServerConfigKeys (ConfUtils.java:logGet(44)) - raft.server.log.statemachine.data.sync.timeout.retry = -1 (default)
2022-01-18 07:37:45,692 [pool-144-thread-1] INFO  server.RaftServerConfigKeys (ConfUtils.java:logGet(44)) - raft.server.log.write.buffer.size = 1048576 (custom)
2022-01-18 07:37:45,695 [pool-144-thread-1] INFO  server.RaftServerConfigKeys (ConfUtils.java:logGet(44)) - raft.server.log.statemachine.data.caching.enabled = true (custom)
2022-01-18 07:37:45,695 [pool-144-thread-1] INFO  segmented.SegmentedRaftLogWorker (SegmentedRaftLogWorker.java:lambda$new$0(133)) - 193ec444-8619-4e61-8099-b3665cc77475@group-37E1343DE0F0-SegmentedRaftLogWorker: flushIndex: setUnconditionally 0 -> -1
2022-01-18 07:37:45,695 [pool-144-thread-1] INFO  segmented.SegmentedRaftLogWorker (SegmentedRaftLogWorker.java:lambda$new$0(133)) - 193ec444-8619-4e61-8099-b3665cc77475@group-37E1343DE0F0-SegmentedRaftLogWorker: safeCacheEvictIndex: setUnconditionally 0 -> -1
2022-01-18 07:37:45,696 [pool-144-thread-1] INFO  server.RaftServerConfigKeys (ConfUtils.java:logGet(44)) - raft.server.snapshot.auto.trigger.enabled = true (custom)
2022-01-18 07:37:45,696 [pool-144-thread-1] INFO  server.RaftServerConfigKeys (ConfUtils.java:logGet(44)) - raft.server.snapshot.auto.trigger.threshold = 10000 (custom)
2022-01-18 07:37:45,696 [pool-144-thread-1] INFO  server.RaftServerConfigKeys (ConfUtils.java:logGet(44)) - raft.server.snapshot.retention.file.num = 5 (custom)
2022-01-18 07:37:45,696 [pool-144-thread-1] INFO  server.RaftServerConfigKeys (ConfUtils.java:logGet(44)) - raft.server.log.purge.upto.snapshot.index = false (default)
2022-01-18 07:37:45,696 [pool-144-thread-1] INFO  server.RaftServerConfigKeys (ConfUtils.java:logGet(44)) - raft.server.retrycache.expirytime = 600000ms (custom)
2022-01-18 07:37:45,696 [pool-144-thread-1] INFO  server.RaftServerConfigKeys (ConfUtils.java:logGet(44)) - raft.server.retrycache.statistics.expirytime = 100μs (default)
2022-01-18 07:37:45,697 [pool-144-thread-1] INFO  server.RaftServer$Division (RaftServerImpl.java:start(301)) - 193ec444-8619-4e61-8099-b3665cc77475@group-37E1343DE0F0: start as a follower, conf=-1: [2dd6a96c-ac22-495a-916b-5475a07e9ac1|rpc:10.1.0.52:37121|dataStream:|priority:1, 89559d84-1b16-4899-8ec4-ad06327206a5|rpc:10.1.0.52:36661|dataStream:|priority:0, 193ec444-8619-4e61-8099-b3665cc77475|rpc:10.1.0.52:38791|dataStream:|priority:0], old=null
2022-01-18 07:37:45,697 [pool-144-thread-1] INFO  server.RaftServer$Division (RaftServerImpl.java:setRole(290)) - 193ec444-8619-4e61-8099-b3665cc77475@group-37E1343DE0F0: changes role from      null to FOLLOWER at term 0 for startAsFollower
2022-01-18 07:37:45,697 [pool-144-thread-1] INFO  impl.RoleInfo (RoleInfo.java:updateAndGet(130)) - 193ec444-8619-4e61-8099-b3665cc77475: start 193ec444-8619-4e61-8099-b3665cc77475@group-37E1343DE0F0-FollowerState
2022-01-18 07:37:45,701 [pool-144-thread-1] INFO  util.JmxRegister (JmxRegister.java:tryRegister(44)) - Successfully registered JMX Bean with object name Ratis:service=RaftServer,group=group-37E1343DE0F0,id=193ec444-8619-4e61-8099-b3665cc77475
2022-01-18 07:37:45,765 [grpc-default-executor-1] INFO  server.RaftServer (RaftServerProxy.java:addNew(95)) - 2dd6a96c-ac22-495a-916b-5475a07e9ac1: addNew group-37E1343DE0F0:[2dd6a96c-ac22-495a-916b-5475a07e9ac1|rpc:10.1.0.52:37121|dataStream:|priority:1, 89559d84-1b16-4899-8ec4-ad06327206a5|rpc:10.1.0.52:36661|dataStream:|priority:0, 193ec444-8619-4e61-8099-b3665cc77475|rpc:10.1.0.52:38791|dataStream:|priority:0] returns group-37E1343DE0F0:java.util.concurrent.CompletableFuture@77acfe61[Not completed]
2022-01-18 07:37:45,772 [pool-123-thread-1] INFO  server.RaftServer$Division (RaftServerImpl.java:<init>(184)) - 2dd6a96c-ac22-495a-916b-5475a07e9ac1: new RaftServerImpl for group-37E1343DE0F0:[2dd6a96c-ac22-495a-916b-5475a07e9ac1|rpc:10.1.0.52:37121|dataStream:|priority:1, 89559d84-1b16-4899-8ec4-ad06327206a5|rpc:10.1.0.52:36661|dataStream:|priority:0, 193ec444-8619-4e61-8099-b3665cc77475|rpc:10.1.0.52:38791|dataStream:|priority:0] with ContainerStateMachine:uninitialized
2022-01-18 07:37:45,773 [pool-123-thread-1] INFO  server.RaftServerConfigKeys (ConfUtils.java:logGet(44)) - raft.server.rpc.timeout.min = 5s (custom)
2022-01-18 07:37:45,774 [pool-123-thread-1] INFO  server.RaftServerConfigKeys (ConfUtils.java:logGet(44)) - raft.server.rpc.timeout.max = 5200ms (custom)
2022-01-18 07:37:45,774 [pool-123-thread-1] INFO  server.RaftServerConfigKeys (ConfUtils.java:logGet(44)) - raft.server.rpc.sleep.time = 25ms (default)
2022-01-18 07:37:45,774 [pool-123-thread-1] INFO  server.RaftServerConfigKeys (ConfUtils.java:logGet(44)) - raft.server.rpc.slowness.timeout = 300s (custom)
2022-01-18 07:37:45,774 [pool-123-thread-1] INFO  server.RaftServerConfigKeys (ConfUtils.java:logGet(44)) - raft.server.leaderelection.leader.step-down.wait-time = 10s (default)
2022-01-18 07:37:45,774 [pool-123-thread-1] INFO  server.RaftServerConfigKeys (ConfUtils.java:logGet(44)) - raft.server.sleep.deviation.threshold = 300ms (default)
2022-01-18 07:37:45,774 [pool-123-thread-1] INFO  server.RaftServerConfigKeys (ConfUtils.java:logGet(44)) - raft.server.log.appender.install.snapshot.enabled = false (custom)
2022-01-18 07:37:45,774 [pool-123-thread-1] INFO  server.RaftServer$Division (ServerState.java:<init>(105)) - 2dd6a96c-ac22-495a-916b-5475a07e9ac1@group-37E1343DE0F0: ConfigurationManager, init=-1: [2dd6a96c-ac22-495a-916b-5475a07e9ac1|rpc:10.1.0.52:37121|dataStream:|priority:1, 89559d84-1b16-4899-8ec4-ad06327206a5|rpc:10.1.0.52:36661|dataStream:|priority:0, 193ec444-8619-4e61-8099-b3665cc77475|rpc:10.1.0.52:38791|dataStream:|priority:0], old=null, confs=<EMPTY_MAP>
2022-01-18 07:37:45,774 [pool-123-thread-1] INFO  server.RaftServerConfigKeys (ConfUtils.java:logGet(44)) - raft.server.storage.dir = [/home/runner/work/ozone/ozone/hadoop-ozone/integration-test/target/test-dir/MiniOzoneClusterImpl-b5dc639d-ec1c-4769-97cf-b7d3d1b0d53f/datanode-1/data/ratis] (custom)
2022-01-18 07:37:45,774 [pool-123-thread-1] INFO  server.RaftServerConfigKeys (ConfUtils.java:logGet(44)) - raft.server.log.corruption.policy = EXCEPTION (default)
2022-01-18 07:37:45,775 [pool-123-thread-1] INFO  server.RaftServerConfigKeys (ConfUtils.java:logGet(44)) - raft.server.storage.free-space.min = 0MB (=0) (default)
2022-01-18 07:37:45,775 [pool-123-thread-1] INFO  storage.RaftStorageDirectory (RaftStorageDirectoryImpl.java:analyzeStorage(135)) - The storage directory /home/runner/work/ozone/ozone/hadoop-ozone/integration-test/target/test-dir/MiniOzoneClusterImpl-b5dc639d-ec1c-4769-97cf-b7d3d1b0d53f/datanode-1/data/ratis/acc491ae-3d0c-41d7-9808-37e1343de0f0 does not exist. Creating ...
2022-01-18 07:37:45,776 [pool-123-thread-1] INFO  storage.RaftStorageDirectory (RaftStorageDirectoryImpl.java:tryLock(230)) - Lock on /home/runner/work/ozone/ozone/hadoop-ozone/integration-test/target/test-dir/MiniOzoneClusterImpl-b5dc639d-ec1c-4769-97cf-b7d3d1b0d53f/datanode-1/data/ratis/acc491ae-3d0c-41d7-9808-37e1343de0f0/in_use.lock acquired by nodename 8507@fv-az270-89
2022-01-18 07:37:45,778 [pool-123-thread-1] INFO  storage.RaftStorage (RaftStorageImpl.java:format(89)) - Storage directory /home/runner/work/ozone/ozone/hadoop-ozone/integration-test/target/test-dir/MiniOzoneClusterImpl-b5dc639d-ec1c-4769-97cf-b7d3d1b0d53f/datanode-1/data/ratis/acc491ae-3d0c-41d7-9808-37e1343de0f0 has been successfully formatted.
2022-01-18 07:37:45,781 [pool-123-thread-1] INFO  ratis.ContainerStateMachine (ContainerStateMachine.java:loadSnapshot(231)) - group-37E1343DE0F0: The snapshot info is null. Setting the last applied indexto:(t:0, i:~)
2022-01-18 07:37:45,783 [pool-123-thread-1] INFO  server.RaftServerConfigKeys (ConfUtils.java:logGet(44)) - raft.server.notification.no-leader.timeout = 300s (custom)
2022-01-18 07:37:45,783 [pool-123-thread-1] INFO  server.RaftServerConfigKeys (ConfUtils.java:logGet(44)) - raft.server.log.use.memory = false (default)
2022-01-18 07:37:45,783 [pool-123-thread-1] INFO  server.RaftServerConfigKeys (ConfUtils.java:logGet(44)) - raft.server.log.purge.gap = 1000000 (custom)
2022-01-18 07:37:45,783 [pool-123-thread-1] INFO  server.RaftServerConfigKeys (ConfUtils.java:logGet(44)) - raft.server.log.appender.buffer.byte-limit = 33554432 (custom)
2022-01-18 07:37:45,784 [pool-123-thread-1] INFO  server.RaftServerConfigKeys (ConfUtils.java:logGet(44)) - raft.server.log.segment.size.max = 1048576 (custom)
2022-01-18 07:37:45,785 [pool-123-thread-1] INFO  server.RaftServerConfigKeys (ConfUtils.java:logGet(44)) - raft.server.log.segment.cache.num.max = 2 (custom)
2022-01-18 07:37:45,785 [pool-123-thread-1] INFO  server.RaftServerConfigKeys (ConfUtils.java:logGet(44)) - raft.server.log.segment.cache.size.max = 200MB (=209715200) (default)
2022-01-18 07:37:45,785 [pool-123-thread-1] INFO  segmented.SegmentedRaftLogWorker (SegmentedRaftLogWorker.java:<init>(182)) - new 2dd6a96c-ac22-495a-916b-5475a07e9ac1@group-37E1343DE0F0-SegmentedRaftLogWorker for RaftStorageImpl:Storage Directory /home/runner/work/ozone/ozone/hadoop-ozone/integration-test/target/test-dir/MiniOzoneClusterImpl-b5dc639d-ec1c-4769-97cf-b7d3d1b0d53f/datanode-1/data/ratis/acc491ae-3d0c-41d7-9808-37e1343de0f0
2022-01-18 07:37:45,785 [pool-123-thread-1] INFO  server.RaftServerConfigKeys (ConfUtils.java:logGet(44)) - raft.server.log.queue.byte-limit = 2147483647 (custom)
2022-01-18 07:37:45,785 [pool-123-thread-1] INFO  server.RaftServerConfigKeys (ConfUtils.java:logGet(44)) - raft.server.log.queue.element-limit = 1024 (custom)
2022-01-18 07:37:45,785 [pool-123-thread-1] INFO  server.RaftServerConfigKeys (ConfUtils.java:logGet(44)) - raft.server.log.segment.size.max = 1048576 (custom)
2022-01-18 07:37:45,785 [pool-123-thread-1] INFO  server.RaftServerConfigKeys (ConfUtils.java:logGet(44)) - raft.server.log.preallocated.size = 16384 (custom)
2022-01-18 07:37:45,785 [pool-123-thread-1] INFO  server.RaftServerConfigKeys (ConfUtils.java:logGet(44)) - raft.server.log.force.sync.num = 128 (default)
2022-01-18 07:37:45,785 [pool-123-thread-1] INFO  server.RaftServerConfigKeys (ConfUtils.java:logGet(44)) - raft.server.log.statemachine.data.sync = true (default)
2022-01-18 07:37:45,785 [pool-123-thread-1] INFO  server.RaftServerConfigKeys (ConfUtils.java:logGet(44)) - raft.server.log.statemachine.data.sync.timeout = 10s (default)
2022-01-18 07:37:45,785 [pool-123-thread-1] INFO  server.RaftServerConfigKeys (ConfUtils.java:logGet(44)) - raft.server.log.statemachine.data.sync.timeout.retry = -1 (default)
2022-01-18 07:37:45,787 [pool-123-thread-1] INFO  server.RaftServerConfigKeys (ConfUtils.java:logGet(44)) - raft.server.log.write.buffer.size = 1048576 (custom)
2022-01-18 07:37:45,788 [pool-123-thread-1] INFO  server.RaftServerConfigKeys (ConfUtils.java:logGet(44)) - raft.server.log.statemachine.data.caching.enabled = true (custom)
2022-01-18 07:37:45,788 [pool-123-thread-1] INFO  segmented.SegmentedRaftLogWorker (SegmentedRaftLogWorker.java:lambda$new$0(133)) - 2dd6a96c-ac22-495a-916b-5475a07e9ac1@group-37E1343DE0F0-SegmentedRaftLogWorker: flushIndex: setUnconditionally 0 -> -1
2022-01-18 07:37:45,788 [pool-123-thread-1] INFO  segmented.SegmentedRaftLogWorker (SegmentedRaftLogWorker.java:lambda$new$0(133)) - 2dd6a96c-ac22-495a-916b-5475a07e9ac1@group-37E1343DE0F0-SegmentedRaftLogWorker: safeCacheEvictIndex: setUnconditionally 0 -> -1
2022-01-18 07:37:45,788 [pool-123-thread-1] INFO  server.RaftServerConfigKeys (ConfUtils.java:logGet(44)) - raft.server.snapshot.auto.trigger.enabled = true (custom)
2022-01-18 07:37:45,789 [pool-123-thread-1] INFO  server.RaftServerConfigKeys (ConfUtils.java:logGet(44)) - raft.server.snapshot.auto.trigger.threshold = 10000 (custom)
2022-01-18 07:37:45,789 [pool-123-thread-1] INFO  server.RaftServerConfigKeys (ConfUtils.java:logGet(44)) - raft.server.snapshot.retention.file.num = 5 (custom)
2022-01-18 07:37:45,789 [pool-123-thread-1] INFO  server.RaftServerConfigKeys (ConfUtils.java:logGet(44)) - raft.server.log.purge.upto.snapshot.index = false (default)
2022-01-18 07:37:45,789 [pool-123-thread-1] INFO  server.RaftServerConfigKeys (ConfUtils.java:logGet(44)) - raft.server.retrycache.expirytime = 600000ms (custom)
2022-01-18 07:37:45,789 [pool-123-thread-1] INFO  server.RaftServerConfigKeys (ConfUtils.java:logGet(44)) - raft.server.retrycache.statistics.expirytime = 100μs (default)
2022-01-18 07:37:45,790 [pool-123-thread-1] INFO  server.RaftServer$Division (RaftServerImpl.java:start(301)) - 2dd6a96c-ac22-495a-916b-5475a07e9ac1@group-37E1343DE0F0: start as a follower, conf=-1: [2dd6a96c-ac22-495a-916b-5475a07e9ac1|rpc:10.1.0.52:37121|dataStream:|priority:1, 89559d84-1b16-4899-8ec4-ad06327206a5|rpc:10.1.0.52:36661|dataStream:|priority:0, 193ec444-8619-4e61-8099-b3665cc77475|rpc:10.1.0.52:38791|dataStream:|priority:0], old=null
2022-01-18 07:37:45,790 [pool-123-thread-1] INFO  server.RaftServer$Division (RaftServerImpl.java:setRole(290)) - 2dd6a96c-ac22-495a-916b-5475a07e9ac1@group-37E1343DE0F0: changes role from      null to FOLLOWER at term 0 for startAsFollower
2022-01-18 07:37:45,790 [pool-123-thread-1] INFO  impl.RoleInfo (RoleInfo.java:updateAndGet(130)) - 2dd6a96c-ac22-495a-916b-5475a07e9ac1: start 2dd6a96c-ac22-495a-916b-5475a07e9ac1@group-37E1343DE0F0-FollowerState
2022-01-18 07:37:45,793 [pool-123-thread-1] INFO  util.JmxRegister (JmxRegister.java:tryRegister(44)) - Successfully registered JMX Bean with object name Ratis:service=RaftServer,group=group-37E1343DE0F0,id=2dd6a96c-ac22-495a-916b-5475a07e9ac1
2022-01-18 07:37:45,798 [Command processor thread] INFO  commandhandler.CreatePipelineCommandHandler (CreatePipelineCommandHandler.java:handle(106)) - Created Pipeline RATIS THREE PipelineID=acc491ae-3d0c-41d7-9808-37e1343de0f0.
2022-01-18 07:37:45,798 [Command processor thread] INFO  server.RaftServer (RaftServerProxy.java:addNew(95)) - 89559d84-1b16-4899-8ec4-ad06327206a5: addNew group-E25D9DE8FCD1:[2dd6a96c-ac22-495a-916b-5475a07e9ac1|rpc:10.1.0.52:37121|priority:0, 89559d84-1b16-4899-8ec4-ad06327206a5|rpc:10.1.0.52:36661|priority:1, 193ec444-8619-4e61-8099-b3665cc77475|rpc:10.1.0.52:38791|priority:0] returns group-E25D9DE8FCD1:java.util.concurrent.CompletableFuture@7820f8a6[Not completed]
2022-01-18 07:37:45,799 [pool-102-thread-1] INFO  server.RaftServer$Division (RaftServerImpl.java:<init>(184)) - 89559d84-1b16-4899-8ec4-ad06327206a5: new RaftServerImpl for group-E25D9DE8FCD1:[2dd6a96c-ac22-495a-916b-5475a07e9ac1|rpc:10.1.0.52:37121|priority:0, 89559d84-1b16-4899-8ec4-ad06327206a5|rpc:10.1.0.52:36661|priority:1, 193ec444-8619-4e61-8099-b3665cc77475|rpc:10.1.0.52:38791|priority:0] with ContainerStateMachine:uninitialized
2022-01-18 07:37:45,799 [pool-102-thread-1] INFO  server.RaftServerConfigKeys (ConfUtils.java:logGet(44)) - raft.server.rpc.timeout.min = 5s (custom)
2022-01-18 07:37:45,799 [pool-102-thread-1] INFO  server.RaftServerConfigKeys (ConfUtils.java:logGet(44)) - raft.server.rpc.timeout.max = 5200ms (custom)
2022-01-18 07:37:45,799 [pool-102-thread-1] INFO  server.RaftServerConfigKeys (ConfUtils.java:logGet(44)) - raft.server.rpc.sleep.time = 25ms (default)
2022-01-18 07:37:45,799 [pool-102-thread-1] INFO  server.RaftServerConfigKeys (ConfUtils.java:logGet(44)) - raft.server.rpc.slowness.timeout = 300s (custom)
2022-01-18 07:37:45,799 [pool-102-thread-1] INFO  server.RaftServerConfigKeys (ConfUtils.java:logGet(44)) - raft.server.leaderelection.leader.step-down.wait-time = 10s (default)
2022-01-18 07:37:45,799 [pool-102-thread-1] INFO  server.RaftServerConfigKeys (ConfUtils.java:logGet(44)) - raft.server.sleep.deviation.threshold = 300ms (default)
2022-01-18 07:37:45,799 [pool-102-thread-1] INFO  server.RaftServerConfigKeys (ConfUtils.java:logGet(44)) - raft.server.log.appender.install.snapshot.enabled = false (custom)
2022-01-18 07:37:45,799 [pool-102-thread-1] INFO  server.RaftServer$Division (ServerState.java:<init>(105)) - 89559d84-1b16-4899-8ec4-ad06327206a5@group-E25D9DE8FCD1: ConfigurationManager, init=-1: [2dd6a96c-ac22-495a-916b-5475a07e9ac1|rpc:10.1.0.52:37121|priority:0, 89559d84-1b16-4899-8ec4-ad06327206a5|rpc:10.1.0.52:36661|priority:1, 193ec444-8619-4e61-8099-b3665cc77475|rpc:10.1.0.52:38791|priority:0], old=null, confs=<EMPTY_MAP>
2022-01-18 07:37:45,799 [pool-102-thread-1] INFO  server.RaftServerConfigKeys (ConfUtils.java:logGet(44)) - raft.server.storage.dir = [/home/runner/work/ozone/ozone/hadoop-ozone/integration-test/target/test-dir/MiniOzoneClusterImpl-b5dc639d-ec1c-4769-97cf-b7d3d1b0d53f/datanode-0/data/ratis] (custom)
2022-01-18 07:37:45,800 [pool-102-thread-1] INFO  server.RaftServerConfigKeys (ConfUtils.java:logGet(44)) - raft.server.log.corruption.policy = EXCEPTION (default)
2022-01-18 07:37:45,800 [pool-102-thread-1] INFO  server.RaftServerConfigKeys (ConfUtils.java:logGet(44)) - raft.server.storage.free-space.min = 0MB (=0) (default)
2022-01-18 07:37:45,800 [pool-102-thread-1] INFO  storage.RaftStorageDirectory (RaftStorageDirectoryImpl.java:analyzeStorage(135)) - The storage directory /home/runner/work/ozone/ozone/hadoop-ozone/integration-test/target/test-dir/MiniOzoneClusterImpl-b5dc639d-ec1c-4769-97cf-b7d3d1b0d53f/datanode-0/data/ratis/125ff3de-0135-4f45-b44c-e25d9de8fcd1 does not exist. Creating ...
2022-01-18 07:37:45,800 [Command processor thread] INFO  server.RaftServer (RaftServerProxy.java:addNew(95)) - 2dd6a96c-ac22-495a-916b-5475a07e9ac1: addNew group-4369A09FF0F6:[2dd6a96c-ac22-495a-916b-5475a07e9ac1|rpc:10.1.0.52:37121|priority:1] returns group-4369A09FF0F6:java.util.concurrent.CompletableFuture@6d156084[Not completed]
2022-01-18 07:37:45,801 [pool-123-thread-1] INFO  server.RaftServer$Division (RaftServerImpl.java:<init>(184)) - 2dd6a96c-ac22-495a-916b-5475a07e9ac1: new RaftServerImpl for group-4369A09FF0F6:[2dd6a96c-ac22-495a-916b-5475a07e9ac1|rpc:10.1.0.52:37121|priority:1] with ContainerStateMachine:uninitialized
2022-01-18 07:37:45,801 [pool-123-thread-1] INFO  server.RaftServerConfigKeys (ConfUtils.java:logGet(44)) - raft.server.rpc.timeout.min = 5s (custom)
2022-01-18 07:37:45,802 [pool-123-thread-1] INFO  server.RaftServerConfigKeys (ConfUtils.java:logGet(44)) - raft.server.rpc.timeout.max = 5200ms (custom)
2022-01-18 07:37:45,802 [pool-123-thread-1] INFO  server.RaftServerConfigKeys (ConfUtils.java:logGet(44)) - raft.server.rpc.sleep.time = 25ms (default)
2022-01-18 07:37:45,802 [pool-123-thread-1] INFO  server.RaftServerConfigKeys (ConfUtils.java:logGet(44)) - raft.server.rpc.slowness.timeout = 300s (custom)
2022-01-18 07:37:45,802 [pool-123-thread-1] INFO  server.RaftServerConfigKeys (ConfUtils.java:logGet(44)) - raft.server.leaderelection.leader.step-down.wait-time = 10s (default)
2022-01-18 07:37:45,802 [pool-123-thread-1] INFO  server.RaftServerConfigKeys (ConfUtils.java:logGet(44)) - raft.server.sleep.deviation.threshold = 300ms (default)
2022-01-18 07:37:45,802 [pool-123-thread-1] INFO  server.RaftServerConfigKeys (ConfUtils.java:logGet(44)) - raft.server.log.appender.install.snapshot.enabled = false (custom)
2022-01-18 07:37:45,802 [pool-123-thread-1] INFO  server.RaftServer$Division (ServerState.java:<init>(105)) - 2dd6a96c-ac22-495a-916b-5475a07e9ac1@group-4369A09FF0F6: ConfigurationManager, init=-1: [2dd6a96c-ac22-495a-916b-5475a07e9ac1|rpc:10.1.0.52:37121|priority:1], old=null, confs=<EMPTY_MAP>
2022-01-18 07:37:45,802 [pool-102-thread-1] INFO  storage.RaftStorageDirectory (RaftStorageDirectoryImpl.java:tryLock(230)) - Lock on /home/runner/work/ozone/ozone/hadoop-ozone/integration-test/target/test-dir/MiniOzoneClusterImpl-b5dc639d-ec1c-4769-97cf-b7d3d1b0d53f/datanode-0/data/ratis/125ff3de-0135-4f45-b44c-e25d9de8fcd1/in_use.lock acquired by nodename 8507@fv-az270-89
2022-01-18 07:37:45,802 [pool-123-thread-1] INFO  server.RaftServerConfigKeys (ConfUtils.java:logGet(44)) - raft.server.storage.dir = [/home/runner/work/ozone/ozone/hadoop-ozone/integration-test/target/test-dir/MiniOzoneClusterImpl-b5dc639d-ec1c-4769-97cf-b7d3d1b0d53f/datanode-1/data/ratis] (custom)
2022-01-18 07:37:45,802 [pool-123-thread-1] INFO  server.RaftServerConfigKeys (ConfUtils.java:logGet(44)) - raft.server.log.corruption.policy = EXCEPTION (default)
2022-01-18 07:37:45,802 [pool-123-thread-1] INFO  server.RaftServerConfigKeys (ConfUtils.java:logGet(44)) - raft.server.storage.free-space.min = 0MB (=0) (default)
2022-01-18 07:37:45,803 [pool-123-thread-1] INFO  storage.RaftStorageDirectory (RaftStorageDirectoryImpl.java:analyzeStorage(135)) - The storage directory /home/runner/work/ozone/ozone/hadoop-ozone/integration-test/target/test-dir/MiniOzoneClusterImpl-b5dc639d-ec1c-4769-97cf-b7d3d1b0d53f/datanode-1/data/ratis/b9eecab3-77f7-4350-a230-4369a09ff0f6 does not exist. Creating ...
2022-01-18 07:37:45,804 [pool-123-thread-1] INFO  storage.RaftStorageDirectory (RaftStorageDirectoryImpl.java:tryLock(230)) - Lock on /home/runner/work/ozone/ozone/hadoop-ozone/integration-test/target/test-dir/MiniOzoneClusterImpl-b5dc639d-ec1c-4769-97cf-b7d3d1b0d53f/datanode-1/data/ratis/b9eecab3-77f7-4350-a230-4369a09ff0f6/in_use.lock acquired by nodename 8507@fv-az270-89
2022-01-18 07:37:45,804 [pool-102-thread-1] INFO  storage.RaftStorage (RaftStorageImpl.java:format(89)) - Storage directory /home/runner/work/ozone/ozone/hadoop-ozone/integration-test/target/test-dir/MiniOzoneClusterImpl-b5dc639d-ec1c-4769-97cf-b7d3d1b0d53f/datanode-0/data/ratis/125ff3de-0135-4f45-b44c-e25d9de8fcd1 has been successfully formatted.
2022-01-18 07:37:45,804 [pool-102-thread-1] INFO  ratis.ContainerStateMachine (ContainerStateMachine.java:loadSnapshot(231)) - group-E25D9DE8FCD1: The snapshot info is null. Setting the last applied indexto:(t:0, i:~)
2022-01-18 07:37:45,804 [pool-102-thread-1] INFO  server.RaftServerConfigKeys (ConfUtils.java:logGet(44)) - raft.server.notification.no-leader.timeout = 300s (custom)
2022-01-18 07:37:45,804 [pool-102-thread-1] INFO  server.RaftServerConfigKeys (ConfUtils.java:logGet(44)) - raft.server.log.use.memory = false (default)
2022-01-18 07:37:45,804 [pool-102-thread-1] INFO  server.RaftServerConfigKeys (ConfUtils.java:logGet(44)) - raft.server.log.purge.gap = 1000000 (custom)
2022-01-18 07:37:45,804 [pool-102-thread-1] INFO  server.RaftServerConfigKeys (ConfUtils.java:logGet(44)) - raft.server.log.appender.buffer.byte-limit = 33554432 (custom)
2022-01-18 07:37:45,805 [pool-102-thread-1] INFO  server.RaftServerConfigKeys (ConfUtils.java:logGet(44)) - raft.server.log.segment.size.max = 1048576 (custom)
2022-01-18 07:37:45,806 [pool-102-thread-1] INFO  server.RaftServerConfigKeys (ConfUtils.java:logGet(44)) - raft.server.log.segment.cache.num.max = 2 (custom)
2022-01-18 07:37:45,806 [pool-102-thread-1] INFO  server.RaftServerConfigKeys (ConfUtils.java:logGet(44)) - raft.server.log.segment.cache.size.max = 200MB (=209715200) (default)
2022-01-18 07:37:45,806 [pool-102-thread-1] INFO  segmented.SegmentedRaftLogWorker (SegmentedRaftLogWorker.java:<init>(182)) - new 89559d84-1b16-4899-8ec4-ad06327206a5@group-E25D9DE8FCD1-SegmentedRaftLogWorker for RaftStorageImpl:Storage Directory /home/runner/work/ozone/ozone/hadoop-ozone/integration-test/target/test-dir/MiniOzoneClusterImpl-b5dc639d-ec1c-4769-97cf-b7d3d1b0d53f/datanode-0/data/ratis/125ff3de-0135-4f45-b44c-e25d9de8fcd1
2022-01-18 07:37:45,806 [pool-102-thread-1] INFO  server.RaftServerConfigKeys (ConfUtils.java:logGet(44)) - raft.server.log.queue.byte-limit = 2147483647 (custom)
2022-01-18 07:37:45,806 [pool-102-thread-1] INFO  server.RaftServerConfigKeys (ConfUtils.java:logGet(44)) - raft.server.log.queue.element-limit = 1024 (custom)
2022-01-18 07:37:45,807 [pool-123-thread-1] INFO  storage.RaftStorage (RaftStorageImpl.java:format(89)) - Storage directory /home/runner/work/ozone/ozone/hadoop-ozone/integration-test/target/test-dir/MiniOzoneClusterImpl-b5dc639d-ec1c-4769-97cf-b7d3d1b0d53f/datanode-1/data/ratis/b9eecab3-77f7-4350-a230-4369a09ff0f6 has been successfully formatted.
2022-01-18 07:37:45,807 [pool-123-thread-1] INFO  ratis.ContainerStateMachine (ContainerStateMachine.java:loadSnapshot(231)) - group-4369A09FF0F6: The snapshot info is null. Setting the last applied indexto:(t:0, i:~)
2022-01-18 07:37:45,807 [pool-123-thread-1] INFO  server.RaftServerConfigKeys (ConfUtils.java:logGet(44)) - raft.server.notification.no-leader.timeout = 300s (custom)
2022-01-18 07:37:45,807 [pool-123-thread-1] INFO  server.RaftServerConfigKeys (ConfUtils.java:logGet(44)) - raft.server.log.use.memory = false (default)
2022-01-18 07:37:45,807 [pool-123-thread-1] INFO  server.RaftServerConfigKeys (ConfUtils.java:logGet(44)) - raft.server.log.purge.gap = 1000000 (custom)
2022-01-18 07:37:45,807 [pool-123-thread-1] INFO  server.RaftServerConfigKeys (ConfUtils.java:logGet(44)) - raft.server.log.appender.buffer.byte-limit = 33554432 (custom)
2022-01-18 07:37:45,807 [pool-123-thread-1] INFO  server.RaftServerConfigKeys (ConfUtils.java:logGet(44)) - raft.server.log.segment.size.max = 1048576 (custom)
2022-01-18 07:37:45,808 [pool-123-thread-1] INFO  server.RaftServerConfigKeys (ConfUtils.java:logGet(44)) - raft.server.log.segment.cache.num.max = 2 (custom)
2022-01-18 07:37:45,808 [pool-123-thread-1] INFO  server.RaftServerConfigKeys (ConfUtils.java:logGet(44)) - raft.server.log.segment.cache.size.max = 200MB (=209715200) (default)
2022-01-18 07:37:45,808 [pool-123-thread-1] INFO  segmented.SegmentedRaftLogWorker (SegmentedRaftLogWorker.java:<init>(182)) - new 2dd6a96c-ac22-495a-916b-5475a07e9ac1@group-4369A09FF0F6-SegmentedRaftLogWorker for RaftStorageImpl:Storage Directory /home/runner/work/ozone/ozone/hadoop-ozone/integration-test/target/test-dir/MiniOzoneClusterImpl-b5dc639d-ec1c-4769-97cf-b7d3d1b0d53f/datanode-1/data/ratis/b9eecab3-77f7-4350-a230-4369a09ff0f6
2022-01-18 07:37:45,808 [pool-123-thread-1] INFO  server.RaftServerConfigKeys (ConfUtils.java:logGet(44)) - raft.server.log.queue.byte-limit = 2147483647 (custom)
2022-01-18 07:37:45,808 [pool-123-thread-1] INFO  server.RaftServerConfigKeys (ConfUtils.java:logGet(44)) - raft.server.log.queue.element-limit = 1024 (custom)
2022-01-18 07:37:45,808 [pool-123-thread-1] INFO  server.RaftServerConfigKeys (ConfUtils.java:logGet(44)) - raft.server.log.segment.size.max = 1048576 (custom)
2022-01-18 07:37:45,808 [pool-123-thread-1] INFO  server.RaftServerConfigKeys (ConfUtils.java:logGet(44)) - raft.server.log.preallocated.size = 16384 (custom)
2022-01-18 07:37:45,808 [pool-123-thread-1] INFO  server.RaftServerConfigKeys (ConfUtils.java:logGet(44)) - raft.server.log.force.sync.num = 128 (default)
2022-01-18 07:37:45,808 [pool-123-thread-1] INFO  server.RaftServerConfigKeys (ConfUtils.java:logGet(44)) - raft.server.log.statemachine.data.sync = true (default)
2022-01-18 07:37:45,808 [pool-123-thread-1] INFO  server.RaftServerConfigKeys (ConfUtils.java:logGet(44)) - raft.server.log.statemachine.data.sync.timeout = 10s (default)
2022-01-18 07:37:45,808 [pool-123-thread-1] INFO  server.RaftServerConfigKeys (ConfUtils.java:logGet(44)) - raft.server.log.statemachine.data.sync.timeout.retry = -1 (default)
2022-01-18 07:37:45,806 [EventQueue-OpenPipelineForHealthyPipelineSafeModeRule] INFO  safemode.SCMSafeModeManager (HealthyPipelineSafeModeRule.java:process(124)) - SCM in safe mode. Healthy pipelines reported count is 0, required healthy pipeline reported count is 1
2022-01-18 07:37:45,809 [pool-123-thread-1] INFO  server.RaftServerConfigKeys (ConfUtils.java:logGet(44)) - raft.server.log.write.buffer.size = 1048576 (custom)
2022-01-18 07:37:45,807 [pool-102-thread-1] INFO  server.RaftServerConfigKeys (ConfUtils.java:logGet(44)) - raft.server.log.segment.size.max = 1048576 (custom)
2022-01-18 07:37:45,811 [pool-102-thread-1] INFO  server.RaftServerConfigKeys (ConfUtils.java:logGet(44)) - raft.server.log.preallocated.size = 16384 (custom)
2022-01-18 07:37:45,811 [pool-102-thread-1] INFO  server.RaftServerConfigKeys (ConfUtils.java:logGet(44)) - raft.server.log.force.sync.num = 128 (default)
2022-01-18 07:37:45,811 [pool-102-thread-1] INFO  server.RaftServerConfigKeys (ConfUtils.java:logGet(44)) - raft.server.log.statemachine.data.sync = true (default)
2022-01-18 07:37:45,811 [pool-102-thread-1] INFO  server.RaftServerConfigKeys (ConfUtils.java:logGet(44)) - raft.server.log.statemachine.data.sync.timeout = 10s (default)
2022-01-18 07:37:45,811 [pool-102-thread-1] INFO  server.RaftServerConfigKeys (ConfUtils.java:logGet(44)) - raft.server.log.statemachine.data.sync.timeout.retry = -1 (default)
2022-01-18 07:37:45,812 [EventQueue-PipelineReportForPipelineReportHandler] INFO  pipeline.PipelineManagerImpl (PipelineManagerImpl.java:openPipeline(291)) - Pipeline Pipeline[ Id: b9eecab3-77f7-4350-a230-4369a09ff0f6, Nodes: 2dd6a96c-ac22-495a-916b-5475a07e9ac1{ip: 10.1.0.52, host: fv-az270-89.tacnzluakwdehk1hpragurqkma.bx.internal.cloudapp.net, ports: [REPLICATION=37273, RATIS=37121, RATIS_ADMIN=37121, RATIS_SERVER=37121, STANDALONE=38601], networkLocation: /default-rack, certSerialId: null, persistedOpState: IN_SERVICE, persistedOpStateExpiryEpochSec: 0}, ReplicationConfig: RATIS/ONE, State:ALLOCATED, leaderId:2dd6a96c-ac22-495a-916b-5475a07e9ac1, CreationTimestamp2022-01-18T07:37:42.803Z[Etc/UTC]] moved to OPEN state
2022-01-18 07:37:45,812 [pool-102-thread-1] INFO  server.RaftServerConfigKeys (ConfUtils.java:logGet(44)) - raft.server.log.write.buffer.size = 1048576 (custom)
2022-01-18 07:37:45,821 [pool-102-thread-1] INFO  server.RaftServerConfigKeys (ConfUtils.java:logGet(44)) - raft.server.log.statemachine.data.caching.enabled = true (custom)
2022-01-18 07:37:45,821 [pool-102-thread-1] INFO  segmented.SegmentedRaftLogWorker (SegmentedRaftLogWorker.java:lambda$new$0(133)) - 89559d84-1b16-4899-8ec4-ad06327206a5@group-E25D9DE8FCD1-SegmentedRaftLogWorker: flushIndex: setUnconditionally 0 -> -1
2022-01-18 07:37:45,821 [pool-102-thread-1] INFO  segmented.SegmentedRaftLogWorker (SegmentedRaftLogWorker.java:lambda$new$0(133)) - 89559d84-1b16-4899-8ec4-ad06327206a5@group-E25D9DE8FCD1-SegmentedRaftLogWorker: safeCacheEvictIndex: setUnconditionally 0 -> -1
2022-01-18 07:37:45,822 [pool-123-thread-1] INFO  server.RaftServerConfigKeys (ConfUtils.java:logGet(44)) - raft.server.log.statemachine.data.caching.enabled = true (custom)
2022-01-18 07:37:45,824 [72d5b9e4-4958-4d9a-b931-603b7e0a3ea2@group-B7D3D1B0D53F-StateMachineUpdater] INFO  safemode.HealthyPipelineSafeModeRule (HealthyPipelineSafeModeRule.java:initializeRule(152)) - Refreshed total pipeline count is 0, healthy pipeline threshold count is 1
2022-01-18 07:37:45,828 [pool-123-thread-1] INFO  segmented.SegmentedRaftLogWorker (SegmentedRaftLogWorker.java:lambda$new$0(133)) - 2dd6a96c-ac22-495a-916b-5475a07e9ac1@group-4369A09FF0F6-SegmentedRaftLogWorker: flushIndex: setUnconditionally 0 -> -1
2022-01-18 07:37:45,828 [pool-123-thread-1] INFO  segmented.SegmentedRaftLogWorker (SegmentedRaftLogWorker.java:lambda$new$0(133)) - 2dd6a96c-ac22-495a-916b-5475a07e9ac1@group-4369A09FF0F6-SegmentedRaftLogWorker: safeCacheEvictIndex: setUnconditionally 0 -> -1
2022-01-18 07:37:45,822 [pool-102-thread-1] INFO  server.RaftServerConfigKeys (ConfUtils.java:logGet(44)) - raft.server.snapshot.auto.trigger.enabled = true (custom)
2022-01-18 07:37:45,828 [pool-102-thread-1] INFO  server.RaftServerConfigKeys (ConfUtils.java:logGet(44)) - raft.server.snapshot.auto.trigger.threshold = 10000 (custom)
2022-01-18 07:37:45,828 [pool-102-thread-1] INFO  server.RaftServerConfigKeys (ConfUtils.java:logGet(44)) - raft.server.snapshot.retention.file.num = 5 (custom)
2022-01-18 07:37:45,828 [pool-102-thread-1] INFO  server.RaftServerConfigKeys (ConfUtils.java:logGet(44)) - raft.server.log.purge.upto.snapshot.index = false (default)
2022-01-18 07:37:45,828 [EventQueue-PipelineReportForPipelineReportHandler] INFO  ha.SCMHAInvocationHandler (SCMHAInvocationHandler.java:invokeRatis(113)) - Invoking method public abstract void org.apache.hadoop.hdds.scm.pipeline.PipelineStateManager.updatePipelineState(org.apache.hadoop.hdds.protocol.proto.HddsProtos$PipelineID,org.apache.hadoop.hdds.protocol.proto.HddsProtos$PipelineState) throws java.io.IOException on target org.apache.hadoop.hdds.scm.ha.SCMRatisServerImpl@51815d37, cost 16040.059us
2022-01-18 07:37:45,828 [EventQueue-OpenPipelineForHealthyPipelineSafeModeRule] INFO  safemode.SCMSafeModeManager (HealthyPipelineSafeModeRule.java:process(124)) - SCM in safe mode. Healthy pipelines reported count is 0, required healthy pipeline reported count is 1
2022-01-18 07:37:45,828 [pool-123-thread-1] INFO  server.RaftServerConfigKeys (ConfUtils.java:logGet(44)) - raft.server.snapshot.auto.trigger.enabled = true (custom)
2022-01-18 07:37:45,828 [pool-123-thread-1] INFO  server.RaftServerConfigKeys (ConfUtils.java:logGet(44)) - raft.server.snapshot.auto.trigger.threshold = 10000 (custom)
2022-01-18 07:37:45,837 [pool-123-thread-1] INFO  server.RaftServerConfigKeys (ConfUtils.java:logGet(44)) - raft.server.snapshot.retention.file.num = 5 (custom)
2022-01-18 07:37:45,838 [pool-123-thread-1] INFO  server.RaftServerConfigKeys (ConfUtils.java:logGet(44)) - raft.server.log.purge.upto.snapshot.index = false (default)
2022-01-18 07:37:45,838 [pool-123-thread-1] INFO  server.RaftServerConfigKeys (ConfUtils.java:logGet(44)) - raft.server.retrycache.expirytime = 600000ms (custom)
2022-01-18 07:37:45,838 [pool-123-thread-1] INFO  server.RaftServerConfigKeys (ConfUtils.java:logGet(44)) - raft.server.retrycache.statistics.expirytime = 100μs (default)
2022-01-18 07:37:45,839 [pool-123-thread-1] INFO  server.RaftServer$Division (RaftServerImpl.java:start(301)) - 2dd6a96c-ac22-495a-916b-5475a07e9ac1@group-4369A09FF0F6: start as a follower, conf=-1: [2dd6a96c-ac22-495a-916b-5475a07e9ac1|rpc:10.1.0.52:37121|priority:1], old=null
2022-01-18 07:37:45,839 [pool-123-thread-1] INFO  server.RaftServer$Division (RaftServerImpl.java:setRole(290)) - 2dd6a96c-ac22-495a-916b-5475a07e9ac1@group-4369A09FF0F6: changes role from      null to FOLLOWER at term 0 for startAsFollower
2022-01-18 07:37:45,839 [pool-123-thread-1] INFO  impl.RoleInfo (RoleInfo.java:updateAndGet(130)) - 2dd6a96c-ac22-495a-916b-5475a07e9ac1: start 2dd6a96c-ac22-495a-916b-5475a07e9ac1@group-4369A09FF0F6-FollowerState
2022-01-18 07:37:45,828 [pool-102-thread-1] INFO  server.RaftServerConfigKeys (ConfUtils.java:logGet(44)) - raft.server.retrycache.expirytime = 600000ms (custom)
2022-01-18 07:37:45,839 [pool-102-thread-1] INFO  server.RaftServerConfigKeys (ConfUtils.java:logGet(44)) - raft.server.retrycache.statistics.expirytime = 100μs (default)
2022-01-18 07:37:45,840 [pool-102-thread-1] INFO  server.RaftServer$Division (RaftServerImpl.java:start(301)) - 89559d84-1b16-4899-8ec4-ad06327206a5@group-E25D9DE8FCD1: start as a follower, conf=-1: [2dd6a96c-ac22-495a-916b-5475a07e9ac1|rpc:10.1.0.52:37121|priority:0, 89559d84-1b16-4899-8ec4-ad06327206a5|rpc:10.1.0.52:36661|priority:1, 193ec444-8619-4e61-8099-b3665cc77475|rpc:10.1.0.52:38791|priority:0], old=null
2022-01-18 07:37:45,840 [pool-102-thread-1] INFO  server.RaftServer$Division (RaftServerImpl.java:setRole(290)) - 89559d84-1b16-4899-8ec4-ad06327206a5@group-E25D9DE8FCD1: changes role from      null to FOLLOWER at term 0 for startAsFollower
2022-01-18 07:37:45,841 [pool-123-thread-1] INFO  util.JmxRegister (JmxRegister.java:tryRegister(44)) - Successfully registered JMX Bean with object name Ratis:service=RaftServer,group=group-4369A09FF0F6,id=2dd6a96c-ac22-495a-916b-5475a07e9ac1
2022-01-18 07:37:45,842 [pool-102-thread-1] INFO  impl.RoleInfo (RoleInfo.java:updateAndGet(130)) - 89559d84-1b16-4899-8ec4-ad06327206a5: start 89559d84-1b16-4899-8ec4-ad06327206a5@group-E25D9DE8FCD1-FollowerState
2022-01-18 07:37:45,842 [Command processor thread] INFO  ratis.XceiverServerRatis (XceiverServerRatis.java:addGroup(768)) - Created group PipelineID=b9eecab3-77f7-4350-a230-4369a09ff0f6
2022-01-18 07:37:45,843 [pool-102-thread-1] INFO  util.JmxRegister (JmxRegister.java:tryRegister(44)) - Successfully registered JMX Bean with object name Ratis:service=RaftServer,group=group-E25D9DE8FCD1,id=89559d84-1b16-4899-8ec4-ad06327206a5
2022-01-18 07:37:45,853 [Command processor thread] INFO  ratis.XceiverServerRatis (XceiverServerRatis.java:addGroup(768)) - Created group PipelineID=125ff3de-0135-4f45-b44c-e25d9de8fcd1
2022-01-18 07:37:45,843 [Command processor thread] INFO  commandhandler.CreatePipelineCommandHandler (CreatePipelineCommandHandler.java:handle(106)) - Created Pipeline RATIS ONE PipelineID=b9eecab3-77f7-4350-a230-4369a09ff0f6.
2022-01-18 07:37:45,853 [Command processor thread] INFO  server.RaftServer (RaftServerProxy.java:addNew(95)) - 2dd6a96c-ac22-495a-916b-5475a07e9ac1: addNew group-E25D9DE8FCD1:[2dd6a96c-ac22-495a-916b-5475a07e9ac1|rpc:10.1.0.52:37121|priority:0, 89559d84-1b16-4899-8ec4-ad06327206a5|rpc:10.1.0.52:36661|priority:1, 193ec444-8619-4e61-8099-b3665cc77475|rpc:10.1.0.52:38791|priority:0] returns group-E25D9DE8FCD1:java.util.concurrent.CompletableFuture@63d29356[Not completed]
2022-01-18 07:37:45,854 [pool-123-thread-1] INFO  server.RaftServer$Division (RaftServerImpl.java:<init>(184)) - 2dd6a96c-ac22-495a-916b-5475a07e9ac1: new RaftServerImpl for group-E25D9DE8FCD1:[2dd6a96c-ac22-495a-916b-5475a07e9ac1|rpc:10.1.0.52:37121|priority:0, 89559d84-1b16-4899-8ec4-ad06327206a5|rpc:10.1.0.52:36661|priority:1, 193ec444-8619-4e61-8099-b3665cc77475|rpc:10.1.0.52:38791|priority:0] with ContainerStateMachine:uninitialized
2022-01-18 07:37:45,855 [pool-123-thread-1] INFO  server.RaftServerConfigKeys (ConfUtils.java:logGet(44)) - raft.server.rpc.timeout.min = 5s (custom)
2022-01-18 07:37:45,855 [pool-123-thread-1] INFO  server.RaftServerConfigKeys (ConfUtils.java:logGet(44)) - raft.server.rpc.timeout.max = 5200ms (custom)
2022-01-18 07:37:45,855 [pool-123-thread-1] INFO  server.RaftServerConfigKeys (ConfUtils.java:logGet(44)) - raft.server.rpc.sleep.time = 25ms (default)
2022-01-18 07:37:45,855 [pool-123-thread-1] INFO  server.RaftServerConfigKeys (ConfUtils.java:logGet(44)) - raft.server.rpc.slowness.timeout = 300s (custom)
2022-01-18 07:37:45,855 [pool-123-thread-1] INFO  server.RaftServerConfigKeys (ConfUtils.java:logGet(44)) - raft.server.leaderelection.leader.step-down.wait-time = 10s (default)
2022-01-18 07:37:45,855 [pool-123-thread-1] INFO  server.RaftServerConfigKeys (ConfUtils.java:logGet(44)) - raft.server.sleep.deviation.threshold = 300ms (default)
2022-01-18 07:37:45,855 [pool-123-thread-1] INFO  server.RaftServerConfigKeys (ConfUtils.java:logGet(44)) - raft.server.log.appender.install.snapshot.enabled = false (custom)
2022-01-18 07:37:45,855 [pool-123-thread-1] INFO  server.RaftServer$Division (ServerState.java:<init>(105)) - 2dd6a96c-ac22-495a-916b-5475a07e9ac1@group-E25D9DE8FCD1: ConfigurationManager, init=-1: [2dd6a96c-ac22-495a-916b-5475a07e9ac1|rpc:10.1.0.52:37121|priority:0, 89559d84-1b16-4899-8ec4-ad06327206a5|rpc:10.1.0.52:36661|priority:1, 193ec444-8619-4e61-8099-b3665cc77475|rpc:10.1.0.52:38791|priority:0], old=null, confs=<EMPTY_MAP>
2022-01-18 07:37:45,855 [pool-123-thread-1] INFO  server.RaftServerConfigKeys (ConfUtils.java:logGet(44)) - raft.server.storage.dir = [/home/runner/work/ozone/ozone/hadoop-ozone/integration-test/target/test-dir/MiniOzoneClusterImpl-b5dc639d-ec1c-4769-97cf-b7d3d1b0d53f/datanode-1/data/ratis] (custom)
2022-01-18 07:37:45,855 [pool-123-thread-1] INFO  server.RaftServerConfigKeys (ConfUtils.java:logGet(44)) - raft.server.log.corruption.policy = EXCEPTION (default)
2022-01-18 07:37:45,855 [pool-123-thread-1] INFO  server.RaftServerConfigKeys (ConfUtils.java:logGet(44)) - raft.server.storage.free-space.min = 0MB (=0) (default)
2022-01-18 07:37:45,855 [pool-123-thread-1] INFO  storage.RaftStorageDirectory (RaftStorageDirectoryImpl.java:analyzeStorage(135)) - The storage directory /home/runner/work/ozone/ozone/hadoop-ozone/integration-test/target/test-dir/MiniOzoneClusterImpl-b5dc639d-ec1c-4769-97cf-b7d3d1b0d53f/datanode-1/data/ratis/125ff3de-0135-4f45-b44c-e25d9de8fcd1 does not exist. Creating ...
2022-01-18 07:37:45,859 [pool-123-thread-1] INFO  storage.RaftStorageDirectory (RaftStorageDirectoryImpl.java:tryLock(230)) - Lock on /home/runner/work/ozone/ozone/hadoop-ozone/integration-test/target/test-dir/MiniOzoneClusterImpl-b5dc639d-ec1c-4769-97cf-b7d3d1b0d53f/datanode-1/data/ratis/125ff3de-0135-4f45-b44c-e25d9de8fcd1/in_use.lock acquired by nodename 8507@fv-az270-89
2022-01-18 07:37:45,861 [pool-123-thread-1] INFO  storage.RaftStorage (RaftStorageImpl.java:format(89)) - Storage directory /home/runner/work/ozone/ozone/hadoop-ozone/integration-test/target/test-dir/MiniOzoneClusterImpl-b5dc639d-ec1c-4769-97cf-b7d3d1b0d53f/datanode-1/data/ratis/125ff3de-0135-4f45-b44c-e25d9de8fcd1 has been successfully formatted.
2022-01-18 07:37:45,862 [pool-123-thread-1] INFO  ratis.ContainerStateMachine (ContainerStateMachine.java:loadSnapshot(231)) - group-E25D9DE8FCD1: The snapshot info is null. Setting the last applied indexto:(t:0, i:~)
2022-01-18 07:37:45,863 [pool-123-thread-1] INFO  server.RaftServerConfigKeys (ConfUtils.java:logGet(44)) - raft.server.notification.no-leader.timeout = 300s (custom)
2022-01-18 07:37:45,863 [pool-123-thread-1] INFO  server.RaftServerConfigKeys (ConfUtils.java:logGet(44)) - raft.server.log.use.memory = false (default)
2022-01-18 07:37:45,863 [pool-123-thread-1] INFO  server.RaftServerConfigKeys (ConfUtils.java:logGet(44)) - raft.server.log.purge.gap = 1000000 (custom)
2022-01-18 07:37:45,863 [pool-123-thread-1] INFO  server.RaftServerConfigKeys (ConfUtils.java:logGet(44)) - raft.server.log.appender.buffer.byte-limit = 33554432 (custom)
2022-01-18 07:37:45,863 [pool-123-thread-1] INFO  server.RaftServerConfigKeys (ConfUtils.java:logGet(44)) - raft.server.log.segment.size.max = 1048576 (custom)
2022-01-18 07:37:45,864 [pool-123-thread-1] INFO  server.RaftServerConfigKeys (ConfUtils.java:logGet(44)) - raft.server.log.segment.cache.num.max = 2 (custom)
2022-01-18 07:37:45,864 [pool-123-thread-1] INFO  server.RaftServerConfigKeys (ConfUtils.java:logGet(44)) - raft.server.log.segment.cache.size.max = 200MB (=209715200) (default)
2022-01-18 07:37:45,864 [pool-123-thread-1] INFO  segmented.SegmentedRaftLogWorker (SegmentedRaftLogWorker.java:<init>(182)) - new 2dd6a96c-ac22-495a-916b-5475a07e9ac1@group-E25D9DE8FCD1-SegmentedRaftLogWorker for RaftStorageImpl:Storage Directory /home/runner/work/ozone/ozone/hadoop-ozone/integration-test/target/test-dir/MiniOzoneClusterImpl-b5dc639d-ec1c-4769-97cf-b7d3d1b0d53f/datanode-1/data/ratis/125ff3de-0135-4f45-b44c-e25d9de8fcd1
2022-01-18 07:37:45,864 [pool-123-thread-1] INFO  server.RaftServerConfigKeys (ConfUtils.java:logGet(44)) - raft.server.log.queue.byte-limit = 2147483647 (custom)
2022-01-18 07:37:45,864 [pool-123-thread-1] INFO  server.RaftServerConfigKeys (ConfUtils.java:logGet(44)) - raft.server.log.queue.element-limit = 1024 (custom)
2022-01-18 07:37:45,864 [pool-123-thread-1] INFO  server.RaftServerConfigKeys (ConfUtils.java:logGet(44)) - raft.server.log.segment.size.max = 1048576 (custom)
2022-01-18 07:37:45,864 [pool-123-thread-1] INFO  server.RaftServerConfigKeys (ConfUtils.java:logGet(44)) - raft.server.log.preallocated.size = 16384 (custom)
2022-01-18 07:37:45,864 [pool-123-thread-1] INFO  server.RaftServerConfigKeys (ConfUtils.java:logGet(44)) - raft.server.log.force.sync.num = 128 (default)
2022-01-18 07:37:45,864 [pool-123-thread-1] INFO  server.RaftServerConfigKeys (ConfUtils.java:logGet(44)) - raft.server.log.statemachine.data.sync = true (default)
2022-01-18 07:37:45,864 [pool-123-thread-1] INFO  server.RaftServerConfigKeys (ConfUtils.java:logGet(44)) - raft.server.log.statemachine.data.sync.timeout = 10s (default)
2022-01-18 07:37:45,864 [pool-123-thread-1] INFO  server.RaftServerConfigKeys (ConfUtils.java:logGet(44)) - raft.server.log.statemachine.data.sync.timeout.retry = -1 (default)
2022-01-18 07:37:45,867 [pool-123-thread-1] INFO  server.RaftServerConfigKeys (ConfUtils.java:logGet(44)) - raft.server.log.write.buffer.size = 1048576 (custom)
2022-01-18 07:37:45,867 [pool-123-thread-1] INFO  server.RaftServerConfigKeys (ConfUtils.java:logGet(44)) - raft.server.log.statemachine.data.caching.enabled = true (custom)
2022-01-18 07:37:45,868 [pool-123-thread-1] INFO  segmented.SegmentedRaftLogWorker (SegmentedRaftLogWorker.java:lambda$new$0(133)) - 2dd6a96c-ac22-495a-916b-5475a07e9ac1@group-E25D9DE8FCD1-SegmentedRaftLogWorker: flushIndex: setUnconditionally 0 -> -1
2022-01-18 07:37:45,868 [pool-123-thread-1] INFO  segmented.SegmentedRaftLogWorker (SegmentedRaftLogWorker.java:lambda$new$0(133)) - 2dd6a96c-ac22-495a-916b-5475a07e9ac1@group-E25D9DE8FCD1-SegmentedRaftLogWorker: safeCacheEvictIndex: setUnconditionally 0 -> -1
2022-01-18 07:37:45,877 [pool-123-thread-1] INFO  server.RaftServerConfigKeys (ConfUtils.java:logGet(44)) - raft.server.snapshot.auto.trigger.enabled = true (custom)
2022-01-18 07:37:45,877 [pool-123-thread-1] INFO  server.RaftServerConfigKeys (ConfUtils.java:logGet(44)) - raft.server.snapshot.auto.trigger.threshold = 10000 (custom)
2022-01-18 07:37:45,877 [pool-123-thread-1] INFO  server.RaftServerConfigKeys (ConfUtils.java:logGet(44)) - raft.server.snapshot.retention.file.num = 5 (custom)
2022-01-18 07:37:45,877 [pool-123-thread-1] INFO  server.RaftServerConfigKeys (ConfUtils.java:logGet(44)) - raft.server.log.purge.upto.snapshot.index = false (default)
2022-01-18 07:37:45,877 [pool-123-thread-1] INFO  server.RaftServerConfigKeys (ConfUtils.java:logGet(44)) - raft.server.retrycache.expirytime = 600000ms (custom)
2022-01-18 07:37:45,877 [pool-123-thread-1] INFO  server.RaftServerConfigKeys (ConfUtils.java:logGet(44)) - raft.server.retrycache.statistics.expirytime = 100μs (default)
2022-01-18 07:37:45,878 [pool-123-thread-1] INFO  server.RaftServer$Division (RaftServerImpl.java:start(301)) - 2dd6a96c-ac22-495a-916b-5475a07e9ac1@group-E25D9DE8FCD1: start as a follower, conf=-1: [2dd6a96c-ac22-495a-916b-5475a07e9ac1|rpc:10.1.0.52:37121|priority:0, 89559d84-1b16-4899-8ec4-ad06327206a5|rpc:10.1.0.52:36661|priority:1, 193ec444-8619-4e61-8099-b3665cc77475|rpc:10.1.0.52:38791|priority:0], old=null
2022-01-18 07:37:45,878 [pool-123-thread-1] INFO  server.RaftServer$Division (RaftServerImpl.java:setRole(290)) - 2dd6a96c-ac22-495a-916b-5475a07e9ac1@group-E25D9DE8FCD1: changes role from      null to FOLLOWER at term 0 for startAsFollower
2022-01-18 07:37:45,878 [pool-123-thread-1] INFO  impl.RoleInfo (RoleInfo.java:updateAndGet(130)) - 2dd6a96c-ac22-495a-916b-5475a07e9ac1: start 2dd6a96c-ac22-495a-916b-5475a07e9ac1@group-E25D9DE8FCD1-FollowerState
2022-01-18 07:37:45,881 [pool-123-thread-1] INFO  util.JmxRegister (JmxRegister.java:tryRegister(44)) - Successfully registered JMX Bean with object name Ratis:service=RaftServer,group=group-E25D9DE8FCD1,id=2dd6a96c-ac22-495a-916b-5475a07e9ac1
2022-01-18 07:37:45,891 [Command processor thread] INFO  ratis.XceiverServerRatis (XceiverServerRatis.java:addGroup(768)) - Created group PipelineID=125ff3de-0135-4f45-b44c-e25d9de8fcd1
2022-01-18 07:37:45,904 [EventQueue-OpenPipelineForHealthyPipelineSafeModeRule] INFO  safemode.SCMSafeModeManager (HealthyPipelineSafeModeRule.java:process(124)) - SCM in safe mode. Healthy pipelines reported count is 0, required healthy pipeline reported count is 1
2022-01-18 07:37:45,916 [grpc-default-executor-1] INFO  server.RaftServer (RaftServerProxy.java:addNew(95)) - 193ec444-8619-4e61-8099-b3665cc77475: addNew group-E25D9DE8FCD1:[2dd6a96c-ac22-495a-916b-5475a07e9ac1|rpc:10.1.0.52:37121|dataStream:|priority:0, 89559d84-1b16-4899-8ec4-ad06327206a5|rpc:10.1.0.52:36661|dataStream:|priority:1, 193ec444-8619-4e61-8099-b3665cc77475|rpc:10.1.0.52:38791|dataStream:|priority:0] returns group-E25D9DE8FCD1:java.util.concurrent.CompletableFuture@58120468[Not completed]
2022-01-18 07:37:45,918 [pool-144-thread-1] INFO  server.RaftServer$Division (RaftServerImpl.java:<init>(184)) - 193ec444-8619-4e61-8099-b3665cc77475: new RaftServerImpl for group-E25D9DE8FCD1:[2dd6a96c-ac22-495a-916b-5475a07e9ac1|rpc:10.1.0.52:37121|dataStream:|priority:0, 89559d84-1b16-4899-8ec4-ad06327206a5|rpc:10.1.0.52:36661|dataStream:|priority:1, 193ec444-8619-4e61-8099-b3665cc77475|rpc:10.1.0.52:38791|dataStream:|priority:0] with ContainerStateMachine:uninitialized
2022-01-18 07:37:45,918 [pool-144-thread-1] INFO  server.RaftServerConfigKeys (ConfUtils.java:logGet(44)) - raft.server.rpc.timeout.min = 5s (custom)
2022-01-18 07:37:45,918 [pool-144-thread-1] INFO  server.RaftServerConfigKeys (ConfUtils.java:logGet(44)) - raft.server.rpc.timeout.max = 5200ms (custom)
2022-01-18 07:37:45,918 [pool-144-thread-1] INFO  server.RaftServerConfigKeys (ConfUtils.java:logGet(44)) - raft.server.rpc.sleep.time = 25ms (default)
2022-01-18 07:37:45,918 [pool-144-thread-1] INFO  server.RaftServerConfigKeys (ConfUtils.java:logGet(44)) - raft.server.rpc.slowness.timeout = 300s (custom)
2022-01-18 07:37:45,918 [pool-144-thread-1] INFO  server.RaftServerConfigKeys (ConfUtils.java:logGet(44)) - raft.server.leaderelection.leader.step-down.wait-time = 10s (default)
2022-01-18 07:37:45,918 [pool-144-thread-1] INFO  server.RaftServerConfigKeys (ConfUtils.java:logGet(44)) - raft.server.sleep.deviation.threshold = 300ms (default)
2022-01-18 07:37:45,918 [pool-144-thread-1] INFO  server.RaftServerConfigKeys (ConfUtils.java:logGet(44)) - raft.server.log.appender.install.snapshot.enabled = false (custom)
2022-01-18 07:37:45,918 [pool-144-thread-1] INFO  server.RaftServer$Division (ServerState.java:<init>(105)) - 193ec444-8619-4e61-8099-b3665cc77475@group-E25D9DE8FCD1: ConfigurationManager, init=-1: [2dd6a96c-ac22-495a-916b-5475a07e9ac1|rpc:10.1.0.52:37121|dataStream:|priority:0, 89559d84-1b16-4899-8ec4-ad06327206a5|rpc:10.1.0.52:36661|dataStream:|priority:1, 193ec444-8619-4e61-8099-b3665cc77475|rpc:10.1.0.52:38791|dataStream:|priority:0], old=null, confs=<EMPTY_MAP>
2022-01-18 07:37:45,919 [pool-144-thread-1] INFO  server.RaftServerConfigKeys (ConfUtils.java:logGet(44)) - raft.server.storage.dir = [/home/runner/work/ozone/ozone/hadoop-ozone/integration-test/target/test-dir/MiniOzoneClusterImpl-b5dc639d-ec1c-4769-97cf-b7d3d1b0d53f/datanode-2/data/ratis] (custom)
2022-01-18 07:37:45,919 [pool-144-thread-1] INFO  server.RaftServerConfigKeys (ConfUtils.java:logGet(44)) - raft.server.log.corruption.policy = EXCEPTION (default)
2022-01-18 07:37:45,919 [pool-144-thread-1] INFO  server.RaftServerConfigKeys (ConfUtils.java:logGet(44)) - raft.server.storage.free-space.min = 0MB (=0) (default)
2022-01-18 07:37:45,919 [pool-144-thread-1] INFO  storage.RaftStorageDirectory (RaftStorageDirectoryImpl.java:analyzeStorage(135)) - The storage directory /home/runner/work/ozone/ozone/hadoop-ozone/integration-test/target/test-dir/MiniOzoneClusterImpl-b5dc639d-ec1c-4769-97cf-b7d3d1b0d53f/datanode-2/data/ratis/125ff3de-0135-4f45-b44c-e25d9de8fcd1 does not exist. Creating ...
2022-01-18 07:37:45,921 [pool-144-thread-1] INFO  storage.RaftStorageDirectory (RaftStorageDirectoryImpl.java:tryLock(230)) - Lock on /home/runner/work/ozone/ozone/hadoop-ozone/integration-test/target/test-dir/MiniOzoneClusterImpl-b5dc639d-ec1c-4769-97cf-b7d3d1b0d53f/datanode-2/data/ratis/125ff3de-0135-4f45-b44c-e25d9de8fcd1/in_use.lock acquired by nodename 8507@fv-az270-89
2022-01-18 07:37:45,924 [pool-144-thread-1] INFO  storage.RaftStorage (RaftStorageImpl.java:format(89)) - Storage directory /home/runner/work/ozone/ozone/hadoop-ozone/integration-test/target/test-dir/MiniOzoneClusterImpl-b5dc639d-ec1c-4769-97cf-b7d3d1b0d53f/datanode-2/data/ratis/125ff3de-0135-4f45-b44c-e25d9de8fcd1 has been successfully formatted.
2022-01-18 07:37:45,925 [pool-144-thread-1] INFO  ratis.ContainerStateMachine (ContainerStateMachine.java:loadSnapshot(231)) - group-E25D9DE8FCD1: The snapshot info is null. Setting the last applied indexto:(t:0, i:~)
2022-01-18 07:37:45,925 [pool-144-thread-1] INFO  server.RaftServerConfigKeys (ConfUtils.java:logGet(44)) - raft.server.notification.no-leader.timeout = 300s (custom)
2022-01-18 07:37:45,925 [pool-144-thread-1] INFO  server.RaftServerConfigKeys (ConfUtils.java:logGet(44)) - raft.server.log.use.memory = false (default)
2022-01-18 07:37:45,925 [pool-144-thread-1] INFO  server.RaftServerConfigKeys (ConfUtils.java:logGet(44)) - raft.server.log.purge.gap = 1000000 (custom)
2022-01-18 07:37:45,925 [pool-144-thread-1] INFO  server.RaftServerConfigKeys (ConfUtils.java:logGet(44)) - raft.server.log.appender.buffer.byte-limit = 33554432 (custom)
2022-01-18 07:37:45,926 [pool-144-thread-1] INFO  server.RaftServerConfigKeys (ConfUtils.java:logGet(44)) - raft.server.log.segment.size.max = 1048576 (custom)
2022-01-18 07:37:45,926 [pool-144-thread-1] INFO  server.RaftServerConfigKeys (ConfUtils.java:logGet(44)) - raft.server.log.segment.cache.num.max = 2 (custom)
2022-01-18 07:37:45,926 [pool-144-thread-1] INFO  server.RaftServerConfigKeys (ConfUtils.java:logGet(44)) - raft.server.log.segment.cache.size.max = 200MB (=209715200) (default)
2022-01-18 07:37:45,926 [pool-144-thread-1] INFO  segmented.SegmentedRaftLogWorker (SegmentedRaftLogWorker.java:<init>(182)) - new 193ec444-8619-4e61-8099-b3665cc77475@group-E25D9DE8FCD1-SegmentedRaftLogWorker for RaftStorageImpl:Storage Directory /home/runner/work/ozone/ozone/hadoop-ozone/integration-test/target/test-dir/MiniOzoneClusterImpl-b5dc639d-ec1c-4769-97cf-b7d3d1b0d53f/datanode-2/data/ratis/125ff3de-0135-4f45-b44c-e25d9de8fcd1
2022-01-18 07:37:45,926 [pool-144-thread-1] INFO  server.RaftServerConfigKeys (ConfUtils.java:logGet(44)) - raft.server.log.queue.byte-limit = 2147483647 (custom)
2022-01-18 07:37:45,926 [pool-144-thread-1] INFO  server.RaftServerConfigKeys (ConfUtils.java:logGet(44)) - raft.server.log.queue.element-limit = 1024 (custom)
2022-01-18 07:37:45,926 [pool-144-thread-1] INFO  server.RaftServerConfigKeys (ConfUtils.java:logGet(44)) - raft.server.log.segment.size.max = 1048576 (custom)
2022-01-18 07:37:45,927 [pool-144-thread-1] INFO  server.RaftServerConfigKeys (ConfUtils.java:logGet(44)) - raft.server.log.preallocated.size = 16384 (custom)
2022-01-18 07:37:45,927 [pool-144-thread-1] INFO  server.RaftServerConfigKeys (ConfUtils.java:logGet(44)) - raft.server.log.force.sync.num = 128 (default)
2022-01-18 07:37:45,927 [pool-144-thread-1] INFO  server.RaftServerConfigKeys (ConfUtils.java:logGet(44)) - raft.server.log.statemachine.data.sync = true (default)
2022-01-18 07:37:45,928 [pool-144-thread-1] INFO  server.RaftServerConfigKeys (ConfUtils.java:logGet(44)) - raft.server.log.statemachine.data.sync.timeout = 10s (default)
2022-01-18 07:37:45,928 [pool-144-thread-1] INFO  server.RaftServerConfigKeys (ConfUtils.java:logGet(44)) - raft.server.log.statemachine.data.sync.timeout.retry = -1 (default)
2022-01-18 07:37:45,929 [pool-144-thread-1] INFO  server.RaftServerConfigKeys (ConfUtils.java:logGet(44)) - raft.server.log.write.buffer.size = 1048576 (custom)
2022-01-18 07:37:45,930 [pool-144-thread-1] INFO  server.RaftServerConfigKeys (ConfUtils.java:logGet(44)) - raft.server.log.statemachine.data.caching.enabled = true (custom)
2022-01-18 07:37:45,930 [pool-144-thread-1] INFO  segmented.SegmentedRaftLogWorker (SegmentedRaftLogWorker.java:lambda$new$0(133)) - 193ec444-8619-4e61-8099-b3665cc77475@group-E25D9DE8FCD1-SegmentedRaftLogWorker: flushIndex: setUnconditionally 0 -> -1
2022-01-18 07:37:45,931 [pool-144-thread-1] INFO  segmented.SegmentedRaftLogWorker (SegmentedRaftLogWorker.java:lambda$new$0(133)) - 193ec444-8619-4e61-8099-b3665cc77475@group-E25D9DE8FCD1-SegmentedRaftLogWorker: safeCacheEvictIndex: setUnconditionally 0 -> -1
2022-01-18 07:37:45,937 [pool-144-thread-1] INFO  server.RaftServerConfigKeys (ConfUtils.java:logGet(44)) - raft.server.snapshot.auto.trigger.enabled = true (custom)
2022-01-18 07:37:45,944 [pool-144-thread-1] INFO  server.RaftServerConfigKeys (ConfUtils.java:logGet(44)) - raft.server.snapshot.auto.trigger.threshold = 10000 (custom)
2022-01-18 07:37:45,944 [pool-144-thread-1] INFO  server.RaftServerConfigKeys (ConfUtils.java:logGet(44)) - raft.server.snapshot.retention.file.num = 5 (custom)
2022-01-18 07:37:45,945 [pool-144-thread-1] INFO  server.RaftServerConfigKeys (ConfUtils.java:logGet(44)) - raft.server.log.purge.upto.snapshot.index = false (default)
2022-01-18 07:37:45,945 [pool-144-thread-1] INFO  server.RaftServerConfigKeys (ConfUtils.java:logGet(44)) - raft.server.retrycache.expirytime = 600000ms (custom)
2022-01-18 07:37:45,945 [pool-144-thread-1] INFO  server.RaftServerConfigKeys (ConfUtils.java:logGet(44)) - raft.server.retrycache.statistics.expirytime = 100μs (default)
2022-01-18 07:37:45,947 [pool-144-thread-1] INFO  server.RaftServer$Division (RaftServerImpl.java:start(301)) - 193ec444-8619-4e61-8099-b3665cc77475@group-E25D9DE8FCD1: start as a follower, conf=-1: [2dd6a96c-ac22-495a-916b-5475a07e9ac1|rpc:10.1.0.52:37121|dataStream:|priority:0, 89559d84-1b16-4899-8ec4-ad06327206a5|rpc:10.1.0.52:36661|dataStream:|priority:1, 193ec444-8619-4e61-8099-b3665cc77475|rpc:10.1.0.52:38791|dataStream:|priority:0], old=null
2022-01-18 07:37:45,947 [pool-144-thread-1] INFO  server.RaftServer$Division (RaftServerImpl.java:setRole(290)) - 193ec444-8619-4e61-8099-b3665cc77475@group-E25D9DE8FCD1: changes role from      null to FOLLOWER at term 0 for startAsFollower
2022-01-18 07:37:45,950 [pool-144-thread-1] INFO  impl.RoleInfo (RoleInfo.java:updateAndGet(130)) - 193ec444-8619-4e61-8099-b3665cc77475: start 193ec444-8619-4e61-8099-b3665cc77475@group-E25D9DE8FCD1-FollowerState
2022-01-18 07:37:45,950 [pool-144-thread-1] INFO  util.JmxRegister (JmxRegister.java:tryRegister(44)) - Successfully registered JMX Bean with object name Ratis:service=RaftServer,group=group-E25D9DE8FCD1,id=193ec444-8619-4e61-8099-b3665cc77475
2022-01-18 07:37:45,984 [Listener at 127.0.0.1/33823] INFO  ozone.MiniOzoneClusterImpl (MiniOzoneClusterImpl.java:lambda$waitForClusterToBeReady$0(219)) - Nodes are ready. Got 3 of 3 DN Heartbeats.
2022-01-18 07:37:45,985 [Listener at 127.0.0.1/33823] INFO  ozone.MiniOzoneClusterImpl (MiniOzoneClusterImpl.java:lambda$waitForClusterToBeReady$0(222)) - Waiting for cluster to exit safe mode
2022-01-18 07:37:45,985 [Listener at 127.0.0.1/33823] INFO  ozone.MiniOzoneClusterImpl (MiniOzoneClusterImpl.java:lambda$waitForClusterToBeReady$0(224)) - SCM became leader
2022-01-18 07:37:45,995 [Command processor thread] INFO  server.RaftServer (RaftServerProxy.java:addNew(95)) - 193ec444-8619-4e61-8099-b3665cc77475: addNew group-565F448FE9AE:[193ec444-8619-4e61-8099-b3665cc77475|rpc:10.1.0.52:38791|priority:1] returns group-565F448FE9AE:java.util.concurrent.CompletableFuture@2fd5e84[Not completed]
2022-01-18 07:37:45,996 [pool-144-thread-1] INFO  server.RaftServer$Division (RaftServerImpl.java:<init>(184)) - 193ec444-8619-4e61-8099-b3665cc77475: new RaftServerImpl for group-565F448FE9AE:[193ec444-8619-4e61-8099-b3665cc77475|rpc:10.1.0.52:38791|priority:1] with ContainerStateMachine:uninitialized
2022-01-18 07:37:45,996 [pool-144-thread-1] INFO  server.RaftServerConfigKeys (ConfUtils.java:logGet(44)) - raft.server.rpc.timeout.min = 5s (custom)
2022-01-18 07:37:45,996 [pool-144-thread-1] INFO  server.RaftServerConfigKeys (ConfUtils.java:logGet(44)) - raft.server.rpc.timeout.max = 5200ms (custom)
2022-01-18 07:37:45,996 [pool-144-thread-1] INFO  server.RaftServerConfigKeys (ConfUtils.java:logGet(44)) - raft.server.rpc.sleep.time = 25ms (default)
2022-01-18 07:37:45,996 [pool-144-thread-1] INFO  server.RaftServerConfigKeys (ConfUtils.java:logGet(44)) - raft.server.rpc.slowness.timeout = 300s (custom)
2022-01-18 07:37:45,996 [pool-144-thread-1] INFO  server.RaftServerConfigKeys (ConfUtils.java:logGet(44)) - raft.server.leaderelection.leader.step-down.wait-time = 10s (default)
2022-01-18 07:37:45,996 [pool-144-thread-1] INFO  server.RaftServerConfigKeys (ConfUtils.java:logGet(44)) - raft.server.sleep.deviation.threshold = 300ms (default)
2022-01-18 07:37:45,996 [pool-144-thread-1] INFO  server.RaftServerConfigKeys (ConfUtils.java:logGet(44)) - raft.server.log.appender.install.snapshot.enabled = false (custom)
2022-01-18 07:37:45,996 [pool-144-thread-1] INFO  server.RaftServer$Division (ServerState.java:<init>(105)) - 193ec444-8619-4e61-8099-b3665cc77475@group-565F448FE9AE: ConfigurationManager, init=-1: [193ec444-8619-4e61-8099-b3665cc77475|rpc:10.1.0.52:38791|priority:1], old=null, confs=<EMPTY_MAP>
2022-01-18 07:37:45,997 [pool-144-thread-1] INFO  server.RaftServerConfigKeys (ConfUtils.java:logGet(44)) - raft.server.storage.dir = [/home/runner/work/ozone/ozone/hadoop-ozone/integration-test/target/test-dir/MiniOzoneClusterImpl-b5dc639d-ec1c-4769-97cf-b7d3d1b0d53f/datanode-2/data/ratis] (custom)
2022-01-18 07:37:45,997 [pool-144-thread-1] INFO  server.RaftServerConfigKeys (ConfUtils.java:logGet(44)) - raft.server.log.corruption.policy = EXCEPTION (default)
2022-01-18 07:37:45,997 [pool-144-thread-1] INFO  server.RaftServerConfigKeys (ConfUtils.java:logGet(44)) - raft.server.storage.free-space.min = 0MB (=0) (default)
2022-01-18 07:37:45,997 [pool-144-thread-1] INFO  storage.RaftStorageDirectory (RaftStorageDirectoryImpl.java:analyzeStorage(135)) - The storage directory /home/runner/work/ozone/ozone/hadoop-ozone/integration-test/target/test-dir/MiniOzoneClusterImpl-b5dc639d-ec1c-4769-97cf-b7d3d1b0d53f/datanode-2/data/ratis/9e2ce4a7-8f2d-47f7-9e8d-565f448fe9ae does not exist. Creating ...
2022-01-18 07:37:45,998 [pool-144-thread-1] INFO  storage.RaftStorageDirectory (RaftStorageDirectoryImpl.java:tryLock(230)) - Lock on /home/runner/work/ozone/ozone/hadoop-ozone/integration-test/target/test-dir/MiniOzoneClusterImpl-b5dc639d-ec1c-4769-97cf-b7d3d1b0d53f/datanode-2/data/ratis/9e2ce4a7-8f2d-47f7-9e8d-565f448fe9ae/in_use.lock acquired by nodename 8507@fv-az270-89
2022-01-18 07:37:46,000 [pool-144-thread-1] INFO  storage.RaftStorage (RaftStorageImpl.java:format(89)) - Storage directory /home/runner/work/ozone/ozone/hadoop-ozone/integration-test/target/test-dir/MiniOzoneClusterImpl-b5dc639d-ec1c-4769-97cf-b7d3d1b0d53f/datanode-2/data/ratis/9e2ce4a7-8f2d-47f7-9e8d-565f448fe9ae has been successfully formatted.
2022-01-18 07:37:46,001 [pool-144-thread-1] INFO  ratis.ContainerStateMachine (ContainerStateMachine.java:loadSnapshot(231)) - group-565F448FE9AE: The snapshot info is null. Setting the last applied indexto:(t:0, i:~)
2022-01-18 07:37:46,001 [pool-144-thread-1] INFO  server.RaftServerConfigKeys (ConfUtils.java:logGet(44)) - raft.server.notification.no-leader.timeout = 300s (custom)
2022-01-18 07:37:46,001 [pool-144-thread-1] INFO  server.RaftServerConfigKeys (ConfUtils.java:logGet(44)) - raft.server.log.use.memory = false (default)
2022-01-18 07:37:46,001 [pool-144-thread-1] INFO  server.RaftServerConfigKeys (ConfUtils.java:logGet(44)) - raft.server.log.purge.gap = 1000000 (custom)
2022-01-18 07:37:46,001 [pool-144-thread-1] INFO  server.RaftServerConfigKeys (ConfUtils.java:logGet(44)) - raft.server.log.appender.buffer.byte-limit = 33554432 (custom)
2022-01-18 07:37:46,002 [pool-144-thread-1] INFO  server.RaftServerConfigKeys (ConfUtils.java:logGet(44)) - raft.server.log.segment.size.max = 1048576 (custom)
2022-01-18 07:37:46,002 [pool-144-thread-1] INFO  server.RaftServerConfigKeys (ConfUtils.java:logGet(44)) - raft.server.log.segment.cache.num.max = 2 (custom)
2022-01-18 07:37:46,003 [pool-144-thread-1] INFO  server.RaftServerConfigKeys (ConfUtils.java:logGet(44)) - raft.server.log.segment.cache.size.max = 200MB (=209715200) (default)
2022-01-18 07:37:46,003 [pool-144-thread-1] INFO  segmented.SegmentedRaftLogWorker (SegmentedRaftLogWorker.java:<init>(182)) - new 193ec444-8619-4e61-8099-b3665cc77475@group-565F448FE9AE-SegmentedRaftLogWorker for RaftStorageImpl:Storage Directory /home/runner/work/ozone/ozone/hadoop-ozone/integration-test/target/test-dir/MiniOzoneClusterImpl-b5dc639d-ec1c-4769-97cf-b7d3d1b0d53f/datanode-2/data/ratis/9e2ce4a7-8f2d-47f7-9e8d-565f448fe9ae
2022-01-18 07:37:46,003 [pool-144-thread-1] INFO  server.RaftServerConfigKeys (ConfUtils.java:logGet(44)) - raft.server.log.queue.byte-limit = 2147483647 (custom)
2022-01-18 07:37:46,003 [pool-144-thread-1] INFO  server.RaftServerConfigKeys (ConfUtils.java:logGet(44)) - raft.server.log.queue.element-limit = 1024 (custom)
2022-01-18 07:37:46,003 [pool-144-thread-1] INFO  server.RaftServerConfigKeys (ConfUtils.java:logGet(44)) - raft.server.log.segment.size.max = 1048576 (custom)
2022-01-18 07:37:46,003 [pool-144-thread-1] INFO  server.RaftServerConfigKeys (ConfUtils.java:logGet(44)) - raft.server.log.preallocated.size = 16384 (custom)
2022-01-18 07:37:46,003 [pool-144-thread-1] INFO  server.RaftServerConfigKeys (ConfUtils.java:logGet(44)) - raft.server.log.force.sync.num = 128 (default)
2022-01-18 07:37:46,003 [EventQueue-PipelineReportForPipelineReportHandler] INFO  pipeline.PipelineManagerImpl (PipelineManagerImpl.java:openPipeline(291)) - Pipeline Pipeline[ Id: 9e2ce4a7-8f2d-47f7-9e8d-565f448fe9ae, Nodes: 193ec444-8619-4e61-8099-b3665cc77475{ip: 10.1.0.52, host: fv-az270-89.tacnzluakwdehk1hpragurqkma.bx.internal.cloudapp.net, ports: [REPLICATION=34523, RATIS=38791, RATIS_ADMIN=38791, RATIS_SERVER=38791, STANDALONE=36665], networkLocation: /default-rack, certSerialId: null, persistedOpState: IN_SERVICE, persistedOpStateExpiryEpochSec: 0}, ReplicationConfig: RATIS/ONE, State:ALLOCATED, leaderId:193ec444-8619-4e61-8099-b3665cc77475, CreationTimestamp2022-01-18T07:37:43Z[Etc/UTC]] moved to OPEN state
2022-01-18 07:37:46,003 [pool-144-thread-1] INFO  server.RaftServerConfigKeys (ConfUtils.java:logGet(44)) - raft.server.log.statemachine.data.sync = true (default)
2022-01-18 07:37:46,004 [pool-144-thread-1] INFO  server.RaftServerConfigKeys (ConfUtils.java:logGet(44)) - raft.server.log.statemachine.data.sync.timeout = 10s (default)
2022-01-18 07:37:46,006 [pool-144-thread-1] INFO  server.RaftServerConfigKeys (ConfUtils.java:logGet(44)) - raft.server.log.statemachine.data.sync.timeout.retry = -1 (default)
2022-01-18 07:37:46,009 [72d5b9e4-4958-4d9a-b931-603b7e0a3ea2@group-B7D3D1B0D53F-StateMachineUpdater] INFO  safemode.HealthyPipelineSafeModeRule (HealthyPipelineSafeModeRule.java:initializeRule(152)) - Refreshed total pipeline count is 0, healthy pipeline threshold count is 1
2022-01-18 07:37:46,014 [EventQueue-PipelineReportForPipelineReportHandler] INFO  ha.SCMHAInvocationHandler (SCMHAInvocationHandler.java:invokeRatis(113)) - Invoking method public abstract void org.apache.hadoop.hdds.scm.pipeline.PipelineStateManager.updatePipelineState(org.apache.hadoop.hdds.protocol.proto.HddsProtos$PipelineID,org.apache.hadoop.hdds.protocol.proto.HddsProtos$PipelineState) throws java.io.IOException on target org.apache.hadoop.hdds.scm.ha.SCMRatisServerImpl@51815d37, cost 10939.854us
2022-01-18 07:37:46,015 [EventQueue-OpenPipelineForHealthyPipelineSafeModeRule] INFO  safemode.SCMSafeModeManager (HealthyPipelineSafeModeRule.java:process(124)) - SCM in safe mode. Healthy pipelines reported count is 0, required healthy pipeline reported count is 1
2022-01-18 07:37:46,016 [pool-144-thread-1] INFO  server.RaftServerConfigKeys (ConfUtils.java:logGet(44)) - raft.server.log.write.buffer.size = 1048576 (custom)
2022-01-18 07:37:46,019 [pool-144-thread-1] INFO  server.RaftServerConfigKeys (ConfUtils.java:logGet(44)) - raft.server.log.statemachine.data.caching.enabled = true (custom)
2022-01-18 07:37:46,019 [pool-144-thread-1] INFO  segmented.SegmentedRaftLogWorker (SegmentedRaftLogWorker.java:lambda$new$0(133)) - 193ec444-8619-4e61-8099-b3665cc77475@group-565F448FE9AE-SegmentedRaftLogWorker: flushIndex: setUnconditionally 0 -> -1
2022-01-18 07:37:46,019 [pool-144-thread-1] INFO  segmented.SegmentedRaftLogWorker (SegmentedRaftLogWorker.java:lambda$new$0(133)) - 193ec444-8619-4e61-8099-b3665cc77475@group-565F448FE9AE-SegmentedRaftLogWorker: safeCacheEvictIndex: setUnconditionally 0 -> -1
2022-01-18 07:37:46,020 [pool-144-thread-1] INFO  server.RaftServerConfigKeys (ConfUtils.java:logGet(44)) - raft.server.snapshot.auto.trigger.enabled = true (custom)
2022-01-18 07:37:46,020 [pool-144-thread-1] INFO  server.RaftServerConfigKeys (ConfUtils.java:logGet(44)) - raft.server.snapshot.auto.trigger.threshold = 10000 (custom)
2022-01-18 07:37:46,020 [pool-144-thread-1] INFO  server.RaftServerConfigKeys (ConfUtils.java:logGet(44)) - raft.server.snapshot.retention.file.num = 5 (custom)
2022-01-18 07:37:46,020 [pool-144-thread-1] INFO  server.RaftServerConfigKeys (ConfUtils.java:logGet(44)) - raft.server.log.purge.upto.snapshot.index = false (default)
2022-01-18 07:37:46,020 [pool-144-thread-1] INFO  server.RaftServerConfigKeys (ConfUtils.java:logGet(44)) - raft.server.retrycache.expirytime = 600000ms (custom)
2022-01-18 07:37:46,020 [pool-144-thread-1] INFO  server.RaftServerConfigKeys (ConfUtils.java:logGet(44)) - raft.server.retrycache.statistics.expirytime = 100μs (default)
2022-01-18 07:37:46,021 [pool-144-thread-1] INFO  server.RaftServer$Division (RaftServerImpl.java:start(301)) - 193ec444-8619-4e61-8099-b3665cc77475@group-565F448FE9AE: start as a follower, conf=-1: [193ec444-8619-4e61-8099-b3665cc77475|rpc:10.1.0.52:38791|priority:1], old=null
2022-01-18 07:37:46,021 [pool-144-thread-1] INFO  server.RaftServer$Division (RaftServerImpl.java:setRole(290)) - 193ec444-8619-4e61-8099-b3665cc77475@group-565F448FE9AE: changes role from      null to FOLLOWER at term 0 for startAsFollower
2022-01-18 07:37:46,021 [pool-144-thread-1] INFO  impl.RoleInfo (RoleInfo.java:updateAndGet(130)) - 193ec444-8619-4e61-8099-b3665cc77475: start 193ec444-8619-4e61-8099-b3665cc77475@group-565F448FE9AE-FollowerState
2022-01-18 07:37:46,021 [pool-144-thread-1] INFO  util.JmxRegister (JmxRegister.java:tryRegister(44)) - Successfully registered JMX Bean with object name Ratis:service=RaftServer,group=group-565F448FE9AE,id=193ec444-8619-4e61-8099-b3665cc77475
2022-01-18 07:37:46,029 [Command processor thread] INFO  ratis.XceiverServerRatis (XceiverServerRatis.java:addGroup(768)) - Created group PipelineID=9e2ce4a7-8f2d-47f7-9e8d-565f448fe9ae
2022-01-18 07:37:46,029 [Command processor thread] INFO  commandhandler.CreatePipelineCommandHandler (CreatePipelineCommandHandler.java:handle(106)) - Created Pipeline RATIS ONE PipelineID=9e2ce4a7-8f2d-47f7-9e8d-565f448fe9ae.
2022-01-18 07:37:46,061 [Command processor thread] INFO  commandhandler.CreatePipelineCommandHandler (CreatePipelineCommandHandler.java:handle(106)) - Created Pipeline RATIS THREE PipelineID=125ff3de-0135-4f45-b44c-e25d9de8fcd1.
2022-01-18 07:37:46,074 [Command processor thread] INFO  commandhandler.CreatePipelineCommandHandler (CreatePipelineCommandHandler.java:handle(106)) - Created Pipeline RATIS THREE PipelineID=125ff3de-0135-4f45-b44c-e25d9de8fcd1.
2022-01-18 07:37:46,985 [Listener at 127.0.0.1/33823] INFO  ozone.MiniOzoneClusterImpl (MiniOzoneClusterImpl.java:lambda$waitForClusterToBeReady$0(219)) - Nodes are ready. Got 3 of 3 DN Heartbeats.
2022-01-18 07:37:46,986 [Listener at 127.0.0.1/33823] INFO  ozone.MiniOzoneClusterImpl (MiniOzoneClusterImpl.java:lambda$waitForClusterToBeReady$0(222)) - Waiting for cluster to exit safe mode
2022-01-18 07:37:46,986 [Listener at 127.0.0.1/33823] INFO  ozone.MiniOzoneClusterImpl (MiniOzoneClusterImpl.java:lambda$waitForClusterToBeReady$0(224)) - SCM became leader
2022-01-18 07:37:47,986 [Listener at 127.0.0.1/33823] INFO  ozone.MiniOzoneClusterImpl (MiniOzoneClusterImpl.java:lambda$waitForClusterToBeReady$0(219)) - Nodes are ready. Got 3 of 3 DN Heartbeats.
2022-01-18 07:37:47,987 [Listener at 127.0.0.1/33823] INFO  ozone.MiniOzoneClusterImpl (MiniOzoneClusterImpl.java:lambda$waitForClusterToBeReady$0(222)) - Waiting for cluster to exit safe mode
2022-01-18 07:37:47,987 [Listener at 127.0.0.1/33823] INFO  ozone.MiniOzoneClusterImpl (MiniOzoneClusterImpl.java:lambda$waitForClusterToBeReady$0(224)) - SCM became leader
2022-01-18 07:37:48,987 [Listener at 127.0.0.1/33823] INFO  ozone.MiniOzoneClusterImpl (MiniOzoneClusterImpl.java:lambda$waitForClusterToBeReady$0(219)) - Nodes are ready. Got 3 of 3 DN Heartbeats.
2022-01-18 07:37:48,988 [Listener at 127.0.0.1/33823] INFO  ozone.MiniOzoneClusterImpl (MiniOzoneClusterImpl.java:lambda$waitForClusterToBeReady$0(222)) - Waiting for cluster to exit safe mode
2022-01-18 07:37:48,988 [Listener at 127.0.0.1/33823] INFO  ozone.MiniOzoneClusterImpl (MiniOzoneClusterImpl.java:lambda$waitForClusterToBeReady$0(224)) - SCM became leader
2022-01-18 07:37:49,988 [Listener at 127.0.0.1/33823] INFO  ozone.MiniOzoneClusterImpl (MiniOzoneClusterImpl.java:lambda$waitForClusterToBeReady$0(219)) - Nodes are ready. Got 3 of 3 DN Heartbeats.
2022-01-18 07:37:49,989 [Listener at 127.0.0.1/33823] INFO  ozone.MiniOzoneClusterImpl (MiniOzoneClusterImpl.java:lambda$waitForClusterToBeReady$0(222)) - Waiting for cluster to exit safe mode
2022-01-18 07:37:49,989 [Listener at 127.0.0.1/33823] INFO  ozone.MiniOzoneClusterImpl (MiniOzoneClusterImpl.java:lambda$waitForClusterToBeReady$0(224)) - SCM became leader
2022-01-18 07:37:50,655 [89559d84-1b16-4899-8ec4-ad06327206a5@group-1A31F4C35FED-FollowerState] INFO  impl.FollowerState (FollowerState.java:run(134)) - 89559d84-1b16-4899-8ec4-ad06327206a5@group-1A31F4C35FED-FollowerState: change to CANDIDATE, lastRpcElapsedTime:5105221901ns, electionTimeout:5104ms
2022-01-18 07:37:50,656 [89559d84-1b16-4899-8ec4-ad06327206a5@group-1A31F4C35FED-FollowerState] INFO  impl.RoleInfo (RoleInfo.java:shutdownFollowerState(108)) - 89559d84-1b16-4899-8ec4-ad06327206a5: shutdown 89559d84-1b16-4899-8ec4-ad06327206a5@group-1A31F4C35FED-FollowerState
2022-01-18 07:37:50,656 [89559d84-1b16-4899-8ec4-ad06327206a5@group-1A31F4C35FED-FollowerState] INFO  server.RaftServer$Division (RaftServerImpl.java:setRole(290)) - 89559d84-1b16-4899-8ec4-ad06327206a5@group-1A31F4C35FED: changes role from  FOLLOWER to CANDIDATE at term 0 for changeToCandidate
2022-01-18 07:37:50,656 [89559d84-1b16-4899-8ec4-ad06327206a5@group-1A31F4C35FED-FollowerState] INFO  server.RaftServerConfigKeys (ConfUtils.java:logGet(44)) - raft.server.leaderelection.pre-vote = false (custom)
2022-01-18 07:37:50,656 [89559d84-1b16-4899-8ec4-ad06327206a5@group-1A31F4C35FED-FollowerState] INFO  impl.RoleInfo (RoleInfo.java:updateAndGet(130)) - 89559d84-1b16-4899-8ec4-ad06327206a5: start 89559d84-1b16-4899-8ec4-ad06327206a5@group-1A31F4C35FED-LeaderElection6
2022-01-18 07:37:50,694 [89559d84-1b16-4899-8ec4-ad06327206a5@group-1A31F4C35FED-LeaderElection6] INFO  impl.LeaderElection (LeaderElection.java:askForVotes(306)) - 89559d84-1b16-4899-8ec4-ad06327206a5@group-1A31F4C35FED-LeaderElection6 ELECTION round 0: submit vote requests at term 1 for -1: [89559d84-1b16-4899-8ec4-ad06327206a5|rpc:10.1.0.52:36661|priority:1], old=null
2022-01-18 07:37:50,694 [89559d84-1b16-4899-8ec4-ad06327206a5@group-1A31F4C35FED-LeaderElection6] INFO  impl.LeaderElection (LeaderElection.java:askForVotes(308)) - 89559d84-1b16-4899-8ec4-ad06327206a5@group-1A31F4C35FED-LeaderElection6 ELECTION round 0: result PASSED (term=1)
2022-01-18 07:37:50,694 [89559d84-1b16-4899-8ec4-ad06327206a5@group-1A31F4C35FED-LeaderElection6] INFO  impl.RoleInfo (RoleInfo.java:shutdownLeaderElection(121)) - 89559d84-1b16-4899-8ec4-ad06327206a5: shutdown 89559d84-1b16-4899-8ec4-ad06327206a5@group-1A31F4C35FED-LeaderElection6
2022-01-18 07:37:50,694 [89559d84-1b16-4899-8ec4-ad06327206a5@group-1A31F4C35FED-LeaderElection6] INFO  server.RaftServer$Division (RaftServerImpl.java:setRole(290)) - 89559d84-1b16-4899-8ec4-ad06327206a5@group-1A31F4C35FED: changes role from CANDIDATE to LEADER at term 1 for changeToLeader
2022-01-18 07:37:50,694 [89559d84-1b16-4899-8ec4-ad06327206a5@group-1A31F4C35FED-LeaderElection6] INFO  ratis.XceiverServerRatis (XceiverServerRatis.java:handleLeaderChangedNotification(866)) - Leader change notification received for group: group-1A31F4C35FED with new leaderId: 89559d84-1b16-4899-8ec4-ad06327206a5
2022-01-18 07:37:50,695 [89559d84-1b16-4899-8ec4-ad06327206a5@group-1A31F4C35FED-LeaderElection6] INFO  server.RaftServer$Division (ServerState.java:setLeader(285)) - 89559d84-1b16-4899-8ec4-ad06327206a5@group-1A31F4C35FED: change Leader from null to 89559d84-1b16-4899-8ec4-ad06327206a5 at term 1 for becomeLeader, leader elected after 5150ms
2022-01-18 07:37:50,695 [89559d84-1b16-4899-8ec4-ad06327206a5@group-1A31F4C35FED-LeaderElection6] INFO  server.RaftServerConfigKeys (ConfUtils.java:logGet(44)) - raft.server.staging.catchup.gap = 1000 (default)
2022-01-18 07:37:50,695 [89559d84-1b16-4899-8ec4-ad06327206a5@group-1A31F4C35FED-LeaderElection6] INFO  server.RaftServerConfigKeys (ConfUtils.java:logGet(44)) - raft.server.write.element-limit = 1024 (custom)
2022-01-18 07:37:50,695 [89559d84-1b16-4899-8ec4-ad06327206a5@group-1A31F4C35FED-LeaderElection6] INFO  server.RaftServerConfigKeys (ConfUtils.java:logGet(44)) - raft.server.write.byte-limit = 1024 M (=1073741824) (custom)
2022-01-18 07:37:50,695 [89559d84-1b16-4899-8ec4-ad06327206a5@group-1A31F4C35FED-LeaderElection6] INFO  server.RaftServerConfigKeys (ConfUtils.java:logGet(44)) - raft.server.watch.timeout = 180s (custom)
2022-01-18 07:37:50,695 [89559d84-1b16-4899-8ec4-ad06327206a5@group-1A31F4C35FED-LeaderElection6] INFO  server.RaftServerConfigKeys (ConfUtils.java:logGet(44)) - raft.server.watch.timeout.denomination = 1s (default)
2022-01-18 07:37:50,695 [89559d84-1b16-4899-8ec4-ad06327206a5@group-1A31F4C35FED-LeaderElection6] INFO  server.RaftServerConfigKeys (ConfUtils.java:logGet(44)) - raft.server.watch.element-limit = 65536 (default)
2022-01-18 07:37:50,696 [89559d84-1b16-4899-8ec4-ad06327206a5@group-1A31F4C35FED-LeaderElection6] INFO  server.RaftServerConfigKeys (ConfUtils.java:logGet(44)) - raft.server.write.element-limit = 1024 (custom)
2022-01-18 07:37:50,696 [89559d84-1b16-4899-8ec4-ad06327206a5@group-1A31F4C35FED-LeaderElection6] INFO  server.RaftServerConfigKeys (ConfUtils.java:logGet(44)) - raft.server.write.follower.gap.ratio.max = -1.0 (default)
2022-01-18 07:37:50,696 [89559d84-1b16-4899-8ec4-ad06327206a5@group-1A31F4C35FED-LeaderElection6] INFO  impl.RoleInfo (RoleInfo.java:updateAndGet(130)) - 89559d84-1b16-4899-8ec4-ad06327206a5: start 89559d84-1b16-4899-8ec4-ad06327206a5@group-1A31F4C35FED-LeaderStateImpl
2022-01-18 07:37:50,699 [EventQueue-OpenPipelineForHealthyPipelineSafeModeRule] INFO  safemode.SCMSafeModeManager (HealthyPipelineSafeModeRule.java:process(124)) - SCM in safe mode. Healthy pipelines reported count is 0, required healthy pipeline reported count is 1
2022-01-18 07:37:50,702 [89559d84-1b16-4899-8ec4-ad06327206a5@group-1A31F4C35FED-LeaderElection6] INFO  segmented.SegmentedRaftLogWorker (SegmentedRaftLogWorker.java:startLogSegment(394)) - 89559d84-1b16-4899-8ec4-ad06327206a5@group-1A31F4C35FED-SegmentedRaftLogWorker: Starting segment from index:0
2022-01-18 07:37:50,705 [89559d84-1b16-4899-8ec4-ad06327206a5@group-1A31F4C35FED-SegmentedRaftLogWorker] INFO  segmented.SegmentedRaftLogWorker (SegmentedRaftLogWorker.java:execute(601)) - 89559d84-1b16-4899-8ec4-ad06327206a5@group-1A31F4C35FED-SegmentedRaftLogWorker: created new log segment /home/runner/work/ozone/ozone/hadoop-ozone/integration-test/target/test-dir/MiniOzoneClusterImpl-b5dc639d-ec1c-4769-97cf-b7d3d1b0d53f/datanode-0/data/ratis/52bf6b66-a8a7-48bc-b7dd-1a31f4c35fed/current/log_inprogress_0
2022-01-18 07:37:50,707 [89559d84-1b16-4899-8ec4-ad06327206a5@group-1A31F4C35FED-LeaderElection6] INFO  server.RaftServer$Division (ServerState.java:setRaftConf(387)) - 89559d84-1b16-4899-8ec4-ad06327206a5@group-1A31F4C35FED: set configuration 0: [89559d84-1b16-4899-8ec4-ad06327206a5|rpc:10.1.0.52:36661|dataStream:|priority:1], old=null
2022-01-18 07:37:50,709 [193ec444-8619-4e61-8099-b3665cc77475@group-37E1343DE0F0-FollowerState] INFO  impl.FollowerState (FollowerState.java:run(134)) - 193ec444-8619-4e61-8099-b3665cc77475@group-37E1343DE0F0-FollowerState: change to CANDIDATE, lastRpcElapsedTime:5011561000ns, electionTimeout:5006ms
2022-01-18 07:37:50,709 [193ec444-8619-4e61-8099-b3665cc77475@group-37E1343DE0F0-FollowerState] INFO  impl.RoleInfo (RoleInfo.java:shutdownFollowerState(108)) - 193ec444-8619-4e61-8099-b3665cc77475: shutdown 193ec444-8619-4e61-8099-b3665cc77475@group-37E1343DE0F0-FollowerState
2022-01-18 07:37:50,709 [193ec444-8619-4e61-8099-b3665cc77475@group-37E1343DE0F0-FollowerState] INFO  server.RaftServer$Division (RaftServerImpl.java:setRole(290)) - 193ec444-8619-4e61-8099-b3665cc77475@group-37E1343DE0F0: changes role from  FOLLOWER to CANDIDATE at term 0 for changeToCandidate
2022-01-18 07:37:50,709 [193ec444-8619-4e61-8099-b3665cc77475@group-37E1343DE0F0-FollowerState] INFO  server.RaftServerConfigKeys (ConfUtils.java:logGet(44)) - raft.server.leaderelection.pre-vote = false (custom)
2022-01-18 07:37:50,709 [193ec444-8619-4e61-8099-b3665cc77475@group-37E1343DE0F0-FollowerState] INFO  impl.RoleInfo (RoleInfo.java:updateAndGet(130)) - 193ec444-8619-4e61-8099-b3665cc77475: start 193ec444-8619-4e61-8099-b3665cc77475@group-37E1343DE0F0-LeaderElection7
2022-01-18 07:37:50,716 [89559d84-1b16-4899-8ec4-ad06327206a5@group-37E1343DE0F0-FollowerState] INFO  impl.FollowerState (FollowerState.java:run(134)) - 89559d84-1b16-4899-8ec4-ad06327206a5@group-37E1343DE0F0-FollowerState: change to CANDIDATE, lastRpcElapsedTime:5135032481ns, electionTimeout:5130ms
2022-01-18 07:37:50,716 [89559d84-1b16-4899-8ec4-ad06327206a5@group-37E1343DE0F0-FollowerState] INFO  impl.RoleInfo (RoleInfo.java:shutdownFollowerState(108)) - 89559d84-1b16-4899-8ec4-ad06327206a5: shutdown 89559d84-1b16-4899-8ec4-ad06327206a5@group-37E1343DE0F0-FollowerState
2022-01-18 07:37:50,717 [89559d84-1b16-4899-8ec4-ad06327206a5@group-37E1343DE0F0-FollowerState] INFO  server.RaftServer$Division (RaftServerImpl.java:setRole(290)) - 89559d84-1b16-4899-8ec4-ad06327206a5@group-37E1343DE0F0: changes role from  FOLLOWER to CANDIDATE at term 0 for changeToCandidate
2022-01-18 07:37:50,717 [89559d84-1b16-4899-8ec4-ad06327206a5@group-37E1343DE0F0-FollowerState] INFO  server.RaftServerConfigKeys (ConfUtils.java:logGet(44)) - raft.server.leaderelection.pre-vote = false (custom)
2022-01-18 07:37:50,717 [89559d84-1b16-4899-8ec4-ad06327206a5@group-37E1343DE0F0-FollowerState] INFO  impl.RoleInfo (RoleInfo.java:updateAndGet(130)) - 89559d84-1b16-4899-8ec4-ad06327206a5: start 89559d84-1b16-4899-8ec4-ad06327206a5@group-37E1343DE0F0-LeaderElection8
2022-01-18 07:37:50,718 [193ec444-8619-4e61-8099-b3665cc77475@group-37E1343DE0F0-LeaderElection7] INFO  impl.LeaderElection (LeaderElection.java:askForVotes(306)) - 193ec444-8619-4e61-8099-b3665cc77475@group-37E1343DE0F0-LeaderElection7 ELECTION round 0: submit vote requests at term 1 for -1: [2dd6a96c-ac22-495a-916b-5475a07e9ac1|rpc:10.1.0.52:37121|dataStream:|priority:1, 89559d84-1b16-4899-8ec4-ad06327206a5|rpc:10.1.0.52:36661|dataStream:|priority:0, 193ec444-8619-4e61-8099-b3665cc77475|rpc:10.1.0.52:38791|dataStream:|priority:0], old=null
2022-01-18 07:37:50,726 [89559d84-1b16-4899-8ec4-ad06327206a5@group-37E1343DE0F0-LeaderElection8] INFO  impl.LeaderElection (LeaderElection.java:askForVotes(306)) - 89559d84-1b16-4899-8ec4-ad06327206a5@group-37E1343DE0F0-LeaderElection8 ELECTION round 0: submit vote requests at term 1 for -1: [2dd6a96c-ac22-495a-916b-5475a07e9ac1|rpc:10.1.0.52:37121|priority:1, 89559d84-1b16-4899-8ec4-ad06327206a5|rpc:10.1.0.52:36661|priority:0, 193ec444-8619-4e61-8099-b3665cc77475|rpc:10.1.0.52:38791|priority:0], old=null
2022-01-18 07:37:50,734 [grpc-default-executor-2] INFO  server.RaftServer$Division (RaftServerImpl.java:requestVote(1046)) - 2dd6a96c-ac22-495a-916b-5475a07e9ac1@group-37E1343DE0F0: receive requestVote(ELECTION, 193ec444-8619-4e61-8099-b3665cc77475, group-37E1343DE0F0, 1, (t:0, i:0))
2022-01-18 07:37:50,735 [grpc-default-executor-2] INFO  impl.VoteContext (VoteContext.java:log(48)) - 2dd6a96c-ac22-495a-916b-5475a07e9ac1@group-37E1343DE0F0-FOLLOWER: reject ELECTION from 193ec444-8619-4e61-8099-b3665cc77475: our priority 1 > candidate's priority 0
2022-01-18 07:37:50,735 [grpc-default-executor-2] INFO  server.RaftServer$Division (RaftServerImpl.java:setRole(290)) - 2dd6a96c-ac22-495a-916b-5475a07e9ac1@group-37E1343DE0F0: changes role from  FOLLOWER to FOLLOWER at term 1 for candidate:193ec444-8619-4e61-8099-b3665cc77475
2022-01-18 07:37:50,735 [grpc-default-executor-2] INFO  impl.RoleInfo (RoleInfo.java:shutdownFollowerState(108)) - 2dd6a96c-ac22-495a-916b-5475a07e9ac1: shutdown 2dd6a96c-ac22-495a-916b-5475a07e9ac1@group-37E1343DE0F0-FollowerState
2022-01-18 07:37:50,735 [grpc-default-executor-2] INFO  impl.RoleInfo (RoleInfo.java:updateAndGet(130)) - 2dd6a96c-ac22-495a-916b-5475a07e9ac1: start 2dd6a96c-ac22-495a-916b-5475a07e9ac1@group-37E1343DE0F0-FollowerState
2022-01-18 07:37:50,737 [2dd6a96c-ac22-495a-916b-5475a07e9ac1@group-37E1343DE0F0-FollowerState] INFO  impl.FollowerState (FollowerState.java:run(143)) - 2dd6a96c-ac22-495a-916b-5475a07e9ac1@group-37E1343DE0F0-FollowerState was interrupted: {}
java.lang.InterruptedException: sleep interrupted
	at java.lang.Thread.sleep(Native Method)
	at java.lang.Thread.sleep(Thread.java:340)
	at java.util.concurrent.TimeUnit.sleep(TimeUnit.java:386)
	at org.apache.ratis.util.TimeDuration.sleep(TimeDuration.java:324)
	at org.apache.ratis.util.TimeDuration.sleep(TimeDuration.java:309)
	at org.apache.ratis.server.impl.FollowerState.run(FollowerState.java:118)
2022-01-18 07:37:50,746 [grpc-default-executor-2] INFO  server.RaftServer$Division (RaftServerImpl.java:requestVote(1078)) - 2dd6a96c-ac22-495a-916b-5475a07e9ac1@group-37E1343DE0F0 replies to ELECTION vote request: 193ec444-8619-4e61-8099-b3665cc77475<-2dd6a96c-ac22-495a-916b-5475a07e9ac1#0:FAIL-t1. Peer's state: 2dd6a96c-ac22-495a-916b-5475a07e9ac1@group-37E1343DE0F0:t1, leader=null, voted=null, raftlog=2dd6a96c-ac22-495a-916b-5475a07e9ac1@group-37E1343DE0F0-SegmentedRaftLog:OPENED:c-1, conf=-1: [2dd6a96c-ac22-495a-916b-5475a07e9ac1|rpc:10.1.0.52:37121|dataStream:|priority:1, 89559d84-1b16-4899-8ec4-ad06327206a5|rpc:10.1.0.52:36661|dataStream:|priority:0, 193ec444-8619-4e61-8099-b3665cc77475|rpc:10.1.0.52:38791|dataStream:|priority:0], old=null
2022-01-18 07:37:50,751 [193ec444-8619-4e61-8099-b3665cc77475@group-37E1343DE0F0-LeaderElection7] INFO  impl.LeaderElection (LeaderElection.java:logAndReturn(89)) - 193ec444-8619-4e61-8099-b3665cc77475@group-37E1343DE0F0-LeaderElection7: ELECTION REJECTED received 1 response(s) and 0 exception(s):
2022-01-18 07:37:50,751 [193ec444-8619-4e61-8099-b3665cc77475@group-37E1343DE0F0-LeaderElection7] INFO  impl.LeaderElection (LeaderElection.java:logAndReturn(93)) -   Response 0: 193ec444-8619-4e61-8099-b3665cc77475<-2dd6a96c-ac22-495a-916b-5475a07e9ac1#0:FAIL-t1
2022-01-18 07:37:50,751 [193ec444-8619-4e61-8099-b3665cc77475@group-37E1343DE0F0-LeaderElection7] INFO  impl.LeaderElection (LeaderElection.java:askForVotes(308)) - 193ec444-8619-4e61-8099-b3665cc77475@group-37E1343DE0F0-LeaderElection7 ELECTION round 0: result REJECTED
2022-01-18 07:37:50,751 [193ec444-8619-4e61-8099-b3665cc77475@group-37E1343DE0F0-LeaderElection7] INFO  server.RaftServer$Division (RaftServerImpl.java:setRole(290)) - 193ec444-8619-4e61-8099-b3665cc77475@group-37E1343DE0F0: changes role from CANDIDATE to FOLLOWER at term 1 for REJECTED
2022-01-18 07:37:50,751 [193ec444-8619-4e61-8099-b3665cc77475@group-37E1343DE0F0-LeaderElection7] INFO  impl.RoleInfo (RoleInfo.java:shutdownLeaderElection(121)) - 193ec444-8619-4e61-8099-b3665cc77475: shutdown 193ec444-8619-4e61-8099-b3665cc77475@group-37E1343DE0F0-LeaderElection7
2022-01-18 07:37:50,752 [193ec444-8619-4e61-8099-b3665cc77475@group-37E1343DE0F0-LeaderElection7] INFO  impl.RoleInfo (RoleInfo.java:updateAndGet(130)) - 193ec444-8619-4e61-8099-b3665cc77475: start 193ec444-8619-4e61-8099-b3665cc77475@group-37E1343DE0F0-FollowerState
2022-01-18 07:37:50,756 [grpc-default-executor-1] INFO  server.RaftServer$Division (RaftServerImpl.java:requestVote(1046)) - 2dd6a96c-ac22-495a-916b-5475a07e9ac1@group-37E1343DE0F0: receive requestVote(ELECTION, 89559d84-1b16-4899-8ec4-ad06327206a5, group-37E1343DE0F0, 1, (t:0, i:0))
2022-01-18 07:37:50,758 [grpc-default-executor-1] INFO  impl.VoteContext (VoteContext.java:log(48)) - 2dd6a96c-ac22-495a-916b-5475a07e9ac1@group-37E1343DE0F0-FOLLOWER: reject ELECTION from 89559d84-1b16-4899-8ec4-ad06327206a5: our priority 1 > candidate's priority 0
2022-01-18 07:37:50,758 [grpc-default-executor-1] INFO  server.RaftServer$Division (RaftServerImpl.java:setRole(290)) - 2dd6a96c-ac22-495a-916b-5475a07e9ac1@group-37E1343DE0F0: changes role from  FOLLOWER to FOLLOWER at term 1 for candidate:89559d84-1b16-4899-8ec4-ad06327206a5
2022-01-18 07:37:50,758 [grpc-default-executor-1] INFO  impl.RoleInfo (RoleInfo.java:shutdownFollowerState(108)) - 2dd6a96c-ac22-495a-916b-5475a07e9ac1: shutdown 2dd6a96c-ac22-495a-916b-5475a07e9ac1@group-37E1343DE0F0-FollowerState
2022-01-18 07:37:50,758 [grpc-default-executor-1] INFO  impl.RoleInfo (RoleInfo.java:updateAndGet(130)) - 2dd6a96c-ac22-495a-916b-5475a07e9ac1: start 2dd6a96c-ac22-495a-916b-5475a07e9ac1@group-37E1343DE0F0-FollowerState
2022-01-18 07:37:50,763 [2dd6a96c-ac22-495a-916b-5475a07e9ac1@group-37E1343DE0F0-FollowerState] INFO  impl.FollowerState (FollowerState.java:run(143)) - 2dd6a96c-ac22-495a-916b-5475a07e9ac1@group-37E1343DE0F0-FollowerState was interrupted: {}
java.lang.InterruptedException: sleep interrupted
	at java.lang.Thread.sleep(Native Method)
	at java.lang.Thread.sleep(Thread.java:340)
	at java.util.concurrent.TimeUnit.sleep(TimeUnit.java:386)
	at org.apache.ratis.util.TimeDuration.sleep(TimeDuration.java:324)
	at org.apache.ratis.util.TimeDuration.sleep(TimeDuration.java:309)
	at org.apache.ratis.server.impl.FollowerState.run(FollowerState.java:118)
2022-01-18 07:37:50,763 [grpc-default-executor-1] INFO  server.RaftServer$Division (RaftServerImpl.java:requestVote(1078)) - 2dd6a96c-ac22-495a-916b-5475a07e9ac1@group-37E1343DE0F0 replies to ELECTION vote request: 89559d84-1b16-4899-8ec4-ad06327206a5<-2dd6a96c-ac22-495a-916b-5475a07e9ac1#0:FAIL-t1. Peer's state: 2dd6a96c-ac22-495a-916b-5475a07e9ac1@group-37E1343DE0F0:t1, leader=null, voted=null, raftlog=2dd6a96c-ac22-495a-916b-5475a07e9ac1@group-37E1343DE0F0-SegmentedRaftLog:OPENED:c-1, conf=-1: [2dd6a96c-ac22-495a-916b-5475a07e9ac1|rpc:10.1.0.52:37121|dataStream:|priority:1, 89559d84-1b16-4899-8ec4-ad06327206a5|rpc:10.1.0.52:36661|dataStream:|priority:0, 193ec444-8619-4e61-8099-b3665cc77475|rpc:10.1.0.52:38791|dataStream:|priority:0], old=null
2022-01-18 07:37:50,770 [grpc-default-executor-1] INFO  server.RaftServer$Division (RaftServerImpl.java:requestVote(1046)) - 193ec444-8619-4e61-8099-b3665cc77475@group-37E1343DE0F0: receive requestVote(ELECTION, 89559d84-1b16-4899-8ec4-ad06327206a5, group-37E1343DE0F0, 1, (t:0, i:0))
2022-01-18 07:37:50,770 [grpc-default-executor-1] INFO  impl.VoteContext (VoteContext.java:log(48)) - 193ec444-8619-4e61-8099-b3665cc77475@group-37E1343DE0F0-FOLLOWER: reject ELECTION from 89559d84-1b16-4899-8ec4-ad06327206a5: already has voted for 193ec444-8619-4e61-8099-b3665cc77475 at current term 1
2022-01-18 07:37:50,770 [grpc-default-executor-1] INFO  server.RaftServer$Division (RaftServerImpl.java:requestVote(1078)) - 193ec444-8619-4e61-8099-b3665cc77475@group-37E1343DE0F0 replies to ELECTION vote request: 89559d84-1b16-4899-8ec4-ad06327206a5<-193ec444-8619-4e61-8099-b3665cc77475#0:FAIL-t1. Peer's state: 193ec444-8619-4e61-8099-b3665cc77475@group-37E1343DE0F0:t1, leader=null, voted=193ec444-8619-4e61-8099-b3665cc77475, raftlog=193ec444-8619-4e61-8099-b3665cc77475@group-37E1343DE0F0-SegmentedRaftLog:OPENED:c-1, conf=-1: [2dd6a96c-ac22-495a-916b-5475a07e9ac1|rpc:10.1.0.52:37121|dataStream:|priority:1, 89559d84-1b16-4899-8ec4-ad06327206a5|rpc:10.1.0.52:36661|dataStream:|priority:0, 193ec444-8619-4e61-8099-b3665cc77475|rpc:10.1.0.52:38791|dataStream:|priority:0], old=null
2022-01-18 07:37:50,771 [89559d84-1b16-4899-8ec4-ad06327206a5@group-37E1343DE0F0-LeaderElection8] INFO  impl.LeaderElection (LeaderElection.java:logAndReturn(89)) - 89559d84-1b16-4899-8ec4-ad06327206a5@group-37E1343DE0F0-LeaderElection8: ELECTION REJECTED received 1 response(s) and 0 exception(s):
2022-01-18 07:37:50,773 [89559d84-1b16-4899-8ec4-ad06327206a5@group-37E1343DE0F0-LeaderElection8] INFO  impl.LeaderElection (LeaderElection.java:logAndReturn(93)) -   Response 0: 89559d84-1b16-4899-8ec4-ad06327206a5<-2dd6a96c-ac22-495a-916b-5475a07e9ac1#0:FAIL-t1
2022-01-18 07:37:50,774 [89559d84-1b16-4899-8ec4-ad06327206a5@group-37E1343DE0F0-LeaderElection8] INFO  impl.LeaderElection (LeaderElection.java:askForVotes(308)) - 89559d84-1b16-4899-8ec4-ad06327206a5@group-37E1343DE0F0-LeaderElection8 ELECTION round 0: result REJECTED
2022-01-18 07:37:50,774 [89559d84-1b16-4899-8ec4-ad06327206a5@group-37E1343DE0F0-LeaderElection8] INFO  server.RaftServer$Division (RaftServerImpl.java:setRole(290)) - 89559d84-1b16-4899-8ec4-ad06327206a5@group-37E1343DE0F0: changes role from CANDIDATE to FOLLOWER at term 1 for REJECTED
2022-01-18 07:37:50,774 [89559d84-1b16-4899-8ec4-ad06327206a5@group-37E1343DE0F0-LeaderElection8] INFO  impl.RoleInfo (RoleInfo.java:shutdownLeaderElection(121)) - 89559d84-1b16-4899-8ec4-ad06327206a5: shutdown 89559d84-1b16-4899-8ec4-ad06327206a5@group-37E1343DE0F0-LeaderElection8
2022-01-18 07:37:50,774 [89559d84-1b16-4899-8ec4-ad06327206a5@group-37E1343DE0F0-LeaderElection8] INFO  impl.RoleInfo (RoleInfo.java:updateAndGet(130)) - 89559d84-1b16-4899-8ec4-ad06327206a5: start 89559d84-1b16-4899-8ec4-ad06327206a5@group-37E1343DE0F0-FollowerState
2022-01-18 07:37:50,774 [grpc-default-executor-2] INFO  server.RaftServer$Division (RaftServerImpl.java:requestVote(1046)) - 89559d84-1b16-4899-8ec4-ad06327206a5@group-37E1343DE0F0: receive requestVote(ELECTION, 193ec444-8619-4e61-8099-b3665cc77475, group-37E1343DE0F0, 1, (t:0, i:0))
2022-01-18 07:37:50,778 [grpc-default-executor-2] INFO  impl.VoteContext (VoteContext.java:log(48)) - 89559d84-1b16-4899-8ec4-ad06327206a5@group-37E1343DE0F0-FOLLOWER: reject ELECTION from 193ec444-8619-4e61-8099-b3665cc77475: already has voted for 89559d84-1b16-4899-8ec4-ad06327206a5 at current term 1
2022-01-18 07:37:50,778 [grpc-default-executor-2] INFO  server.RaftServer$Division (RaftServerImpl.java:requestVote(1078)) - 89559d84-1b16-4899-8ec4-ad06327206a5@group-37E1343DE0F0 replies to ELECTION vote request: 193ec444-8619-4e61-8099-b3665cc77475<-89559d84-1b16-4899-8ec4-ad06327206a5#0:FAIL-t1. Peer's state: 89559d84-1b16-4899-8ec4-ad06327206a5@group-37E1343DE0F0:t1, leader=null, voted=89559d84-1b16-4899-8ec4-ad06327206a5, raftlog=89559d84-1b16-4899-8ec4-ad06327206a5@group-37E1343DE0F0-SegmentedRaftLog:OPENED:c-1, conf=-1: [2dd6a96c-ac22-495a-916b-5475a07e9ac1|rpc:10.1.0.52:37121|priority:1, 89559d84-1b16-4899-8ec4-ad06327206a5|rpc:10.1.0.52:36661|priority:0, 193ec444-8619-4e61-8099-b3665cc77475|rpc:10.1.0.52:38791|priority:0], old=null
2022-01-18 07:37:50,917 [2dd6a96c-ac22-495a-916b-5475a07e9ac1@group-4369A09FF0F6-FollowerState] INFO  impl.FollowerState (FollowerState.java:run(134)) - 2dd6a96c-ac22-495a-916b-5475a07e9ac1@group-4369A09FF0F6-FollowerState: change to CANDIDATE, lastRpcElapsedTime:5078402687ns, electionTimeout:5075ms
2022-01-18 07:37:50,918 [2dd6a96c-ac22-495a-916b-5475a07e9ac1@group-4369A09FF0F6-FollowerState] INFO  impl.RoleInfo (RoleInfo.java:shutdownFollowerState(108)) - 2dd6a96c-ac22-495a-916b-5475a07e9ac1: shutdown 2dd6a96c-ac22-495a-916b-5475a07e9ac1@group-4369A09FF0F6-FollowerState
2022-01-18 07:37:50,918 [2dd6a96c-ac22-495a-916b-5475a07e9ac1@group-4369A09FF0F6-FollowerState] INFO  server.RaftServer$Division (RaftServerImpl.java:setRole(290)) - 2dd6a96c-ac22-495a-916b-5475a07e9ac1@group-4369A09FF0F6: changes role from  FOLLOWER to CANDIDATE at term 0 for changeToCandidate
2022-01-18 07:37:50,918 [2dd6a96c-ac22-495a-916b-5475a07e9ac1@group-4369A09FF0F6-FollowerState] INFO  server.RaftServerConfigKeys (ConfUtils.java:logGet(44)) - raft.server.leaderelection.pre-vote = false (custom)
2022-01-18 07:37:50,918 [2dd6a96c-ac22-495a-916b-5475a07e9ac1@group-4369A09FF0F6-FollowerState] INFO  impl.RoleInfo (RoleInfo.java:updateAndGet(130)) - 2dd6a96c-ac22-495a-916b-5475a07e9ac1: start 2dd6a96c-ac22-495a-916b-5475a07e9ac1@group-4369A09FF0F6-LeaderElection9
2022-01-18 07:37:50,922 [2dd6a96c-ac22-495a-916b-5475a07e9ac1@group-4369A09FF0F6-LeaderElection9] INFO  impl.LeaderElection (LeaderElection.java:askForVotes(306)) - 2dd6a96c-ac22-495a-916b-5475a07e9ac1@group-4369A09FF0F6-LeaderElection9 ELECTION round 0: submit vote requests at term 1 for -1: [2dd6a96c-ac22-495a-916b-5475a07e9ac1|rpc:10.1.0.52:37121|priority:1], old=null
2022-01-18 07:37:50,923 [2dd6a96c-ac22-495a-916b-5475a07e9ac1@group-4369A09FF0F6-LeaderElection9] INFO  impl.LeaderElection (LeaderElection.java:askForVotes(308)) - 2dd6a96c-ac22-495a-916b-5475a07e9ac1@group-4369A09FF0F6-LeaderElection9 ELECTION round 0: result PASSED (term=1)
2022-01-18 07:37:50,923 [2dd6a96c-ac22-495a-916b-5475a07e9ac1@group-4369A09FF0F6-LeaderElection9] INFO  impl.RoleInfo (RoleInfo.java:shutdownLeaderElection(121)) - 2dd6a96c-ac22-495a-916b-5475a07e9ac1: shutdown 2dd6a96c-ac22-495a-916b-5475a07e9ac1@group-4369A09FF0F6-LeaderElection9
2022-01-18 07:37:50,923 [2dd6a96c-ac22-495a-916b-5475a07e9ac1@group-4369A09FF0F6-LeaderElection9] INFO  server.RaftServer$Division (RaftServerImpl.java:setRole(290)) - 2dd6a96c-ac22-495a-916b-5475a07e9ac1@group-4369A09FF0F6: changes role from CANDIDATE to LEADER at term 1 for changeToLeader
2022-01-18 07:37:50,923 [2dd6a96c-ac22-495a-916b-5475a07e9ac1@group-4369A09FF0F6-LeaderElection9] INFO  ratis.XceiverServerRatis (XceiverServerRatis.java:handleLeaderChangedNotification(866)) - Leader change notification received for group: group-4369A09FF0F6 with new leaderId: 2dd6a96c-ac22-495a-916b-5475a07e9ac1
2022-01-18 07:37:50,924 [2dd6a96c-ac22-495a-916b-5475a07e9ac1@group-4369A09FF0F6-LeaderElection9] INFO  server.RaftServer$Division (ServerState.java:setLeader(285)) - 2dd6a96c-ac22-495a-916b-5475a07e9ac1@group-4369A09FF0F6: change Leader from null to 2dd6a96c-ac22-495a-916b-5475a07e9ac1 at term 1 for becomeLeader, leader elected after 5116ms
2022-01-18 07:37:50,924 [2dd6a96c-ac22-495a-916b-5475a07e9ac1@group-4369A09FF0F6-LeaderElection9] INFO  server.RaftServerConfigKeys (ConfUtils.java:logGet(44)) - raft.server.staging.catchup.gap = 1000 (default)
2022-01-18 07:37:50,924 [2dd6a96c-ac22-495a-916b-5475a07e9ac1@group-4369A09FF0F6-LeaderElection9] INFO  server.RaftServerConfigKeys (ConfUtils.java:logGet(44)) - raft.server.write.element-limit = 1024 (custom)
2022-01-18 07:37:50,924 [2dd6a96c-ac22-495a-916b-5475a07e9ac1@group-4369A09FF0F6-LeaderElection9] INFO  server.RaftServerConfigKeys (ConfUtils.java:logGet(44)) - raft.server.write.byte-limit = 1024 M (=1073741824) (custom)
2022-01-18 07:37:50,926 [2dd6a96c-ac22-495a-916b-5475a07e9ac1@group-4369A09FF0F6-LeaderElection9] INFO  server.RaftServerConfigKeys (ConfUtils.java:logGet(44)) - raft.server.watch.timeout = 180s (custom)
2022-01-18 07:37:50,926 [2dd6a96c-ac22-495a-916b-5475a07e9ac1@group-4369A09FF0F6-LeaderElection9] INFO  server.RaftServerConfigKeys (ConfUtils.java:logGet(44)) - raft.server.watch.timeout.denomination = 1s (default)
2022-01-18 07:37:50,926 [2dd6a96c-ac22-495a-916b-5475a07e9ac1@group-4369A09FF0F6-LeaderElection9] INFO  server.RaftServerConfigKeys (ConfUtils.java:logGet(44)) - raft.server.watch.element-limit = 65536 (default)
2022-01-18 07:37:50,926 [2dd6a96c-ac22-495a-916b-5475a07e9ac1@group-4369A09FF0F6-LeaderElection9] INFO  server.RaftServerConfigKeys (ConfUtils.java:logGet(44)) - raft.server.write.element-limit = 1024 (custom)
2022-01-18 07:37:50,926 [2dd6a96c-ac22-495a-916b-5475a07e9ac1@group-4369A09FF0F6-LeaderElection9] INFO  server.RaftServerConfigKeys (ConfUtils.java:logGet(44)) - raft.server.write.follower.gap.ratio.max = -1.0 (default)
2022-01-18 07:37:50,926 [2dd6a96c-ac22-495a-916b-5475a07e9ac1@group-4369A09FF0F6-LeaderElection9] INFO  impl.RoleInfo (RoleInfo.java:updateAndGet(130)) - 2dd6a96c-ac22-495a-916b-5475a07e9ac1: start 2dd6a96c-ac22-495a-916b-5475a07e9ac1@group-4369A09FF0F6-LeaderStateImpl
2022-01-18 07:37:50,926 [2dd6a96c-ac22-495a-916b-5475a07e9ac1@group-4369A09FF0F6-LeaderElection9] INFO  segmented.SegmentedRaftLogWorker (SegmentedRaftLogWorker.java:startLogSegment(394)) - 2dd6a96c-ac22-495a-916b-5475a07e9ac1@group-4369A09FF0F6-SegmentedRaftLogWorker: Starting segment from index:0
2022-01-18 07:37:50,927 [EventQueue-OpenPipelineForHealthyPipelineSafeModeRule] INFO  safemode.SCMSafeModeManager (HealthyPipelineSafeModeRule.java:process(124)) - SCM in safe mode. Healthy pipelines reported count is 0, required healthy pipeline reported count is 1
2022-01-18 07:37:50,928 [2dd6a96c-ac22-495a-916b-5475a07e9ac1@group-4369A09FF0F6-SegmentedRaftLogWorker] INFO  segmented.SegmentedRaftLogWorker (SegmentedRaftLogWorker.java:execute(601)) - 2dd6a96c-ac22-495a-916b-5475a07e9ac1@group-4369A09FF0F6-SegmentedRaftLogWorker: created new log segment /home/runner/work/ozone/ozone/hadoop-ozone/integration-test/target/test-dir/MiniOzoneClusterImpl-b5dc639d-ec1c-4769-97cf-b7d3d1b0d53f/datanode-1/data/ratis/b9eecab3-77f7-4350-a230-4369a09ff0f6/current/log_inprogress_0
2022-01-18 07:37:50,931 [2dd6a96c-ac22-495a-916b-5475a07e9ac1@group-4369A09FF0F6-LeaderElection9] INFO  server.RaftServer$Division (ServerState.java:setRaftConf(387)) - 2dd6a96c-ac22-495a-916b-5475a07e9ac1@group-4369A09FF0F6: set configuration 0: [2dd6a96c-ac22-495a-916b-5475a07e9ac1|rpc:10.1.0.52:37121|dataStream:|priority:1], old=null
2022-01-18 07:37:50,989 [Listener at 127.0.0.1/33823] INFO  ozone.MiniOzoneClusterImpl (MiniOzoneClusterImpl.java:lambda$waitForClusterToBeReady$0(219)) - Nodes are ready. Got 3 of 3 DN Heartbeats.
2022-01-18 07:37:50,990 [Listener at 127.0.0.1/33823] INFO  ozone.MiniOzoneClusterImpl (MiniOzoneClusterImpl.java:lambda$waitForClusterToBeReady$0(222)) - Waiting for cluster to exit safe mode
2022-01-18 07:37:50,990 [Listener at 127.0.0.1/33823] INFO  ozone.MiniOzoneClusterImpl (MiniOzoneClusterImpl.java:lambda$waitForClusterToBeReady$0(224)) - SCM became leader
2022-01-18 07:37:51,003 [193ec444-8619-4e61-8099-b3665cc77475@group-E25D9DE8FCD1-FollowerState] INFO  impl.FollowerState (FollowerState.java:run(134)) - 193ec444-8619-4e61-8099-b3665cc77475@group-E25D9DE8FCD1-FollowerState: change to CANDIDATE, lastRpcElapsedTime:5053365687ns, electionTimeout:5040ms
2022-01-18 07:37:51,004 [193ec444-8619-4e61-8099-b3665cc77475@group-E25D9DE8FCD1-FollowerState] INFO  impl.RoleInfo (RoleInfo.java:shutdownFollowerState(108)) - 193ec444-8619-4e61-8099-b3665cc77475: shutdown 193ec444-8619-4e61-8099-b3665cc77475@group-E25D9DE8FCD1-FollowerState
2022-01-18 07:37:51,004 [193ec444-8619-4e61-8099-b3665cc77475@group-E25D9DE8FCD1-FollowerState] INFO  server.RaftServer$Division (RaftServerImpl.java:setRole(290)) - 193ec444-8619-4e61-8099-b3665cc77475@group-E25D9DE8FCD1: changes role from  FOLLOWER to CANDIDATE at term 0 for changeToCandidate
2022-01-18 07:37:51,004 [193ec444-8619-4e61-8099-b3665cc77475@group-E25D9DE8FCD1-FollowerState] INFO  server.RaftServerConfigKeys (ConfUtils.java:logGet(44)) - raft.server.leaderelection.pre-vote = false (custom)
2022-01-18 07:37:51,004 [193ec444-8619-4e61-8099-b3665cc77475@group-E25D9DE8FCD1-FollowerState] INFO  impl.RoleInfo (RoleInfo.java:updateAndGet(130)) - 193ec444-8619-4e61-8099-b3665cc77475: start 193ec444-8619-4e61-8099-b3665cc77475@group-E25D9DE8FCD1-LeaderElection10
2022-01-18 07:37:51,008 [193ec444-8619-4e61-8099-b3665cc77475@group-E25D9DE8FCD1-LeaderElection10] INFO  impl.LeaderElection (LeaderElection.java:askForVotes(306)) - 193ec444-8619-4e61-8099-b3665cc77475@group-E25D9DE8FCD1-LeaderElection10 ELECTION round 0: submit vote requests at term 1 for -1: [2dd6a96c-ac22-495a-916b-5475a07e9ac1|rpc:10.1.0.52:37121|dataStream:|priority:0, 89559d84-1b16-4899-8ec4-ad06327206a5|rpc:10.1.0.52:36661|dataStream:|priority:1, 193ec444-8619-4e61-8099-b3665cc77475|rpc:10.1.0.52:38791|dataStream:|priority:0], old=null
2022-01-18 07:37:51,009 [89559d84-1b16-4899-8ec4-ad06327206a5@group-E25D9DE8FCD1-FollowerState] INFO  impl.FollowerState (FollowerState.java:run(134)) - 89559d84-1b16-4899-8ec4-ad06327206a5@group-E25D9DE8FCD1-FollowerState: change to CANDIDATE, lastRpcElapsedTime:5166762066ns, electionTimeout:5165ms
2022-01-18 07:37:51,009 [89559d84-1b16-4899-8ec4-ad06327206a5@group-E25D9DE8FCD1-FollowerState] INFO  impl.RoleInfo (RoleInfo.java:shutdownFollowerState(108)) - 89559d84-1b16-4899-8ec4-ad06327206a5: shutdown 89559d84-1b16-4899-8ec4-ad06327206a5@group-E25D9DE8FCD1-FollowerState
2022-01-18 07:37:51,009 [89559d84-1b16-4899-8ec4-ad06327206a5@group-E25D9DE8FCD1-FollowerState] INFO  server.RaftServer$Division (RaftServerImpl.java:setRole(290)) - 89559d84-1b16-4899-8ec4-ad06327206a5@group-E25D9DE8FCD1: changes role from  FOLLOWER to CANDIDATE at term 0 for changeToCandidate
2022-01-18 07:37:51,010 [89559d84-1b16-4899-8ec4-ad06327206a5@group-E25D9DE8FCD1-FollowerState] INFO  server.RaftServerConfigKeys (ConfUtils.java:logGet(44)) - raft.server.leaderelection.pre-vote = false (custom)
2022-01-18 07:37:51,010 [89559d84-1b16-4899-8ec4-ad06327206a5@group-E25D9DE8FCD1-FollowerState] INFO  impl.RoleInfo (RoleInfo.java:updateAndGet(130)) - 89559d84-1b16-4899-8ec4-ad06327206a5: start 89559d84-1b16-4899-8ec4-ad06327206a5@group-E25D9DE8FCD1-LeaderElection11
2022-01-18 07:37:51,022 [grpc-default-executor-2] INFO  server.RaftServer$Division (RaftServerImpl.java:requestVote(1046)) - 89559d84-1b16-4899-8ec4-ad06327206a5@group-E25D9DE8FCD1: receive requestVote(ELECTION, 193ec444-8619-4e61-8099-b3665cc77475, group-E25D9DE8FCD1, 1, (t:0, i:0))
2022-01-18 07:37:51,033 [193ec444-8619-4e61-8099-b3665cc77475@group-565F448FE9AE-FollowerState] INFO  impl.FollowerState (FollowerState.java:run(134)) - 193ec444-8619-4e61-8099-b3665cc77475@group-565F448FE9AE-FollowerState: change to CANDIDATE, lastRpcElapsedTime:5011642791ns, electionTimeout:5000ms
2022-01-18 07:37:51,034 [193ec444-8619-4e61-8099-b3665cc77475@group-565F448FE9AE-FollowerState] INFO  impl.RoleInfo (RoleInfo.java:shutdownFollowerState(108)) - 193ec444-8619-4e61-8099-b3665cc77475: shutdown 193ec444-8619-4e61-8099-b3665cc77475@group-565F448FE9AE-FollowerState
2022-01-18 07:37:51,034 [193ec444-8619-4e61-8099-b3665cc77475@group-565F448FE9AE-FollowerState] INFO  server.RaftServer$Division (RaftServerImpl.java:setRole(290)) - 193ec444-8619-4e61-8099-b3665cc77475@group-565F448FE9AE: changes role from  FOLLOWER to CANDIDATE at term 0 for changeToCandidate
2022-01-18 07:37:51,034 [193ec444-8619-4e61-8099-b3665cc77475@group-565F448FE9AE-FollowerState] INFO  server.RaftServerConfigKeys (ConfUtils.java:logGet(44)) - raft.server.leaderelection.pre-vote = false (custom)
2022-01-18 07:37:51,034 [193ec444-8619-4e61-8099-b3665cc77475@group-565F448FE9AE-FollowerState] INFO  impl.RoleInfo (RoleInfo.java:updateAndGet(130)) - 193ec444-8619-4e61-8099-b3665cc77475: start 193ec444-8619-4e61-8099-b3665cc77475@group-565F448FE9AE-LeaderElection12
2022-01-18 07:37:51,023 [grpc-default-executor-1] INFO  server.RaftServer$Division (RaftServerImpl.java:requestVote(1046)) - 2dd6a96c-ac22-495a-916b-5475a07e9ac1@group-E25D9DE8FCD1: receive requestVote(ELECTION, 193ec444-8619-4e61-8099-b3665cc77475, group-E25D9DE8FCD1, 1, (t:0, i:0))
2022-01-18 07:37:51,034 [grpc-default-executor-1] INFO  impl.VoteContext (VoteContext.java:log(48)) - 2dd6a96c-ac22-495a-916b-5475a07e9ac1@group-E25D9DE8FCD1-FOLLOWER: accept ELECTION from 193ec444-8619-4e61-8099-b3665cc77475: our priority 0 <= candidate's priority 0
2022-01-18 07:37:51,034 [grpc-default-executor-1] INFO  server.RaftServer$Division (RaftServerImpl.java:setRole(290)) - 2dd6a96c-ac22-495a-916b-5475a07e9ac1@group-E25D9DE8FCD1: changes role from  FOLLOWER to FOLLOWER at term 1 for candidate:193ec444-8619-4e61-8099-b3665cc77475
2022-01-18 07:37:51,035 [grpc-default-executor-1] INFO  impl.RoleInfo (RoleInfo.java:shutdownFollowerState(108)) - 2dd6a96c-ac22-495a-916b-5475a07e9ac1: shutdown 2dd6a96c-ac22-495a-916b-5475a07e9ac1@group-E25D9DE8FCD1-FollowerState
2022-01-18 07:37:51,037 [grpc-default-executor-1] INFO  impl.RoleInfo (RoleInfo.java:updateAndGet(130)) - 2dd6a96c-ac22-495a-916b-5475a07e9ac1: start 2dd6a96c-ac22-495a-916b-5475a07e9ac1@group-E25D9DE8FCD1-FollowerState
2022-01-18 07:37:51,037 [2dd6a96c-ac22-495a-916b-5475a07e9ac1@group-E25D9DE8FCD1-FollowerState] INFO  impl.FollowerState (FollowerState.java:run(143)) - 2dd6a96c-ac22-495a-916b-5475a07e9ac1@group-E25D9DE8FCD1-FollowerState was interrupted: {}
java.lang.InterruptedException: sleep interrupted
	at java.lang.Thread.sleep(Native Method)
	at java.lang.Thread.sleep(Thread.java:340)
	at java.util.concurrent.TimeUnit.sleep(TimeUnit.java:386)
	at org.apache.ratis.util.TimeDuration.sleep(TimeDuration.java:324)
	at org.apache.ratis.util.TimeDuration.sleep(TimeDuration.java:309)
	at org.apache.ratis.server.impl.FollowerState.run(FollowerState.java:118)
2022-01-18 07:37:51,044 [89559d84-1b16-4899-8ec4-ad06327206a5@group-E25D9DE8FCD1-LeaderElection11] INFO  impl.LeaderElection (LeaderElection.java:askForVotes(306)) - 89559d84-1b16-4899-8ec4-ad06327206a5@group-E25D9DE8FCD1-LeaderElection11 ELECTION round 0: submit vote requests at term 1 for -1: [2dd6a96c-ac22-495a-916b-5475a07e9ac1|rpc:10.1.0.52:37121|priority:0, 89559d84-1b16-4899-8ec4-ad06327206a5|rpc:10.1.0.52:36661|priority:1, 193ec444-8619-4e61-8099-b3665cc77475|rpc:10.1.0.52:38791|priority:0], old=null
2022-01-18 07:37:51,044 [grpc-default-executor-2] INFO  impl.VoteContext (VoteContext.java:log(48)) - 89559d84-1b16-4899-8ec4-ad06327206a5@group-E25D9DE8FCD1-CANDIDATE: reject ELECTION from 193ec444-8619-4e61-8099-b3665cc77475: already has voted for 89559d84-1b16-4899-8ec4-ad06327206a5 at current term 1
2022-01-18 07:37:51,044 [grpc-default-executor-2] INFO  server.RaftServer$Division (RaftServerImpl.java:requestVote(1078)) - 89559d84-1b16-4899-8ec4-ad06327206a5@group-E25D9DE8FCD1 replies to ELECTION vote request: 193ec444-8619-4e61-8099-b3665cc77475<-89559d84-1b16-4899-8ec4-ad06327206a5#0:FAIL-t1. Peer's state: 89559d84-1b16-4899-8ec4-ad06327206a5@group-E25D9DE8FCD1:t1, leader=null, voted=89559d84-1b16-4899-8ec4-ad06327206a5, raftlog=89559d84-1b16-4899-8ec4-ad06327206a5@group-E25D9DE8FCD1-SegmentedRaftLog:OPENED:c-1, conf=-1: [2dd6a96c-ac22-495a-916b-5475a07e9ac1|rpc:10.1.0.52:37121|priority:0, 89559d84-1b16-4899-8ec4-ad06327206a5|rpc:10.1.0.52:36661|priority:1, 193ec444-8619-4e61-8099-b3665cc77475|rpc:10.1.0.52:38791|priority:0], old=null
2022-01-18 07:37:51,048 [193ec444-8619-4e61-8099-b3665cc77475@group-565F448FE9AE-LeaderElection12] INFO  impl.LeaderElection (LeaderElection.java:askForVotes(306)) - 193ec444-8619-4e61-8099-b3665cc77475@group-565F448FE9AE-LeaderElection12 ELECTION round 0: submit vote requests at term 1 for -1: [193ec444-8619-4e61-8099-b3665cc77475|rpc:10.1.0.52:38791|priority:1], old=null
2022-01-18 07:37:51,048 [193ec444-8619-4e61-8099-b3665cc77475@group-565F448FE9AE-LeaderElection12] INFO  impl.LeaderElection (LeaderElection.java:askForVotes(308)) - 193ec444-8619-4e61-8099-b3665cc77475@group-565F448FE9AE-LeaderElection12 ELECTION round 0: result PASSED (term=1)
2022-01-18 07:37:51,048 [193ec444-8619-4e61-8099-b3665cc77475@group-565F448FE9AE-LeaderElection12] INFO  impl.RoleInfo (RoleInfo.java:shutdownLeaderElection(121)) - 193ec444-8619-4e61-8099-b3665cc77475: shutdown 193ec444-8619-4e61-8099-b3665cc77475@group-565F448FE9AE-LeaderElection12
2022-01-18 07:37:51,048 [193ec444-8619-4e61-8099-b3665cc77475@group-565F448FE9AE-LeaderElection12] INFO  server.RaftServer$Division (RaftServerImpl.java:setRole(290)) - 193ec444-8619-4e61-8099-b3665cc77475@group-565F448FE9AE: changes role from CANDIDATE to LEADER at term 1 for changeToLeader
2022-01-18 07:37:51,048 [193ec444-8619-4e61-8099-b3665cc77475@group-565F448FE9AE-LeaderElection12] INFO  ratis.XceiverServerRatis (XceiverServerRatis.java:handleLeaderChangedNotification(866)) - Leader change notification received for group: group-565F448FE9AE with new leaderId: 193ec444-8619-4e61-8099-b3665cc77475
2022-01-18 07:37:51,048 [193ec444-8619-4e61-8099-b3665cc77475@group-565F448FE9AE-LeaderElection12] INFO  server.RaftServer$Division (ServerState.java:setLeader(285)) - 193ec444-8619-4e61-8099-b3665cc77475@group-565F448FE9AE: change Leader from null to 193ec444-8619-4e61-8099-b3665cc77475 at term 1 for becomeLeader, leader elected after 5047ms
2022-01-18 07:37:51,049 [193ec444-8619-4e61-8099-b3665cc77475@group-565F448FE9AE-LeaderElection12] INFO  server.RaftServerConfigKeys (ConfUtils.java:logGet(44)) - raft.server.staging.catchup.gap = 1000 (default)
2022-01-18 07:37:51,049 [193ec444-8619-4e61-8099-b3665cc77475@group-565F448FE9AE-LeaderElection12] INFO  server.RaftServerConfigKeys (ConfUtils.java:logGet(44)) - raft.server.write.element-limit = 1024 (custom)
2022-01-18 07:37:51,049 [193ec444-8619-4e61-8099-b3665cc77475@group-565F448FE9AE-LeaderElection12] INFO  server.RaftServerConfigKeys (ConfUtils.java:logGet(44)) - raft.server.write.byte-limit = 1024 M (=1073741824) (custom)
2022-01-18 07:37:51,049 [193ec444-8619-4e61-8099-b3665cc77475@group-565F448FE9AE-LeaderElection12] INFO  server.RaftServerConfigKeys (ConfUtils.java:logGet(44)) - raft.server.watch.timeout = 180s (custom)
2022-01-18 07:37:51,049 [193ec444-8619-4e61-8099-b3665cc77475@group-565F448FE9AE-LeaderElection12] INFO  server.RaftServerConfigKeys (ConfUtils.java:logGet(44)) - raft.server.watch.timeout.denomination = 1s (default)
2022-01-18 07:37:51,049 [193ec444-8619-4e61-8099-b3665cc77475@group-565F448FE9AE-LeaderElection12] INFO  server.RaftServerConfigKeys (ConfUtils.java:logGet(44)) - raft.server.watch.element-limit = 65536 (default)
2022-01-18 07:37:51,049 [193ec444-8619-4e61-8099-b3665cc77475@group-565F448FE9AE-LeaderElection12] INFO  server.RaftServerConfigKeys (ConfUtils.java:logGet(44)) - raft.server.write.element-limit = 1024 (custom)
2022-01-18 07:37:51,049 [193ec444-8619-4e61-8099-b3665cc77475@group-565F448FE9AE-LeaderElection12] INFO  server.RaftServerConfigKeys (ConfUtils.java:logGet(44)) - raft.server.write.follower.gap.ratio.max = -1.0 (default)
2022-01-18 07:37:51,049 [193ec444-8619-4e61-8099-b3665cc77475@group-565F448FE9AE-LeaderElection12] INFO  impl.RoleInfo (RoleInfo.java:updateAndGet(130)) - 193ec444-8619-4e61-8099-b3665cc77475: start 193ec444-8619-4e61-8099-b3665cc77475@group-565F448FE9AE-LeaderStateImpl
2022-01-18 07:37:51,050 [193ec444-8619-4e61-8099-b3665cc77475@group-565F448FE9AE-LeaderElection12] INFO  segmented.SegmentedRaftLogWorker (SegmentedRaftLogWorker.java:startLogSegment(394)) - 193ec444-8619-4e61-8099-b3665cc77475@group-565F448FE9AE-SegmentedRaftLogWorker: Starting segment from index:0
2022-01-18 07:37:51,048 [193ec444-8619-4e61-8099-b3665cc77475@group-E25D9DE8FCD1-LeaderElection10] INFO  impl.LeaderElection (LeaderElection.java:logAndReturn(89)) - 193ec444-8619-4e61-8099-b3665cc77475@group-E25D9DE8FCD1-LeaderElection10: ELECTION REJECTED received 1 response(s) and 0 exception(s):
2022-01-18 07:37:51,059 [193ec444-8619-4e61-8099-b3665cc77475@group-E25D9DE8FCD1-LeaderElection10] INFO  impl.LeaderElection (LeaderElection.java:logAndReturn(93)) -   Response 0: 193ec444-8619-4e61-8099-b3665cc77475<-89559d84-1b16-4899-8ec4-ad06327206a5#0:FAIL-t1
2022-01-18 07:37:51,059 [193ec444-8619-4e61-8099-b3665cc77475@group-E25D9DE8FCD1-LeaderElection10] INFO  impl.LeaderElection (LeaderElection.java:askForVotes(308)) - 193ec444-8619-4e61-8099-b3665cc77475@group-E25D9DE8FCD1-LeaderElection10 ELECTION round 0: result REJECTED
2022-01-18 07:37:51,059 [193ec444-8619-4e61-8099-b3665cc77475@group-E25D9DE8FCD1-LeaderElection10] INFO  server.RaftServer$Division (RaftServerImpl.java:setRole(290)) - 193ec444-8619-4e61-8099-b3665cc77475@group-E25D9DE8FCD1: changes role from CANDIDATE to FOLLOWER at term 1 for REJECTED
2022-01-18 07:37:51,059 [193ec444-8619-4e61-8099-b3665cc77475@group-E25D9DE8FCD1-LeaderElection10] INFO  impl.RoleInfo (RoleInfo.java:shutdownLeaderElection(121)) - 193ec444-8619-4e61-8099-b3665cc77475: shutdown 193ec444-8619-4e61-8099-b3665cc77475@group-E25D9DE8FCD1-LeaderElection10
2022-01-18 07:37:51,059 [193ec444-8619-4e61-8099-b3665cc77475@group-E25D9DE8FCD1-LeaderElection10] INFO  impl.RoleInfo (RoleInfo.java:updateAndGet(130)) - 193ec444-8619-4e61-8099-b3665cc77475: start 193ec444-8619-4e61-8099-b3665cc77475@group-E25D9DE8FCD1-FollowerState
2022-01-18 07:37:51,048 [grpc-default-executor-1] INFO  server.RaftServer$Division (RaftServerImpl.java:requestVote(1078)) - 2dd6a96c-ac22-495a-916b-5475a07e9ac1@group-E25D9DE8FCD1 replies to ELECTION vote request: 193ec444-8619-4e61-8099-b3665cc77475<-2dd6a96c-ac22-495a-916b-5475a07e9ac1#0:OK-t1. Peer's state: 2dd6a96c-ac22-495a-916b-5475a07e9ac1@group-E25D9DE8FCD1:t1, leader=null, voted=193ec444-8619-4e61-8099-b3665cc77475, raftlog=2dd6a96c-ac22-495a-916b-5475a07e9ac1@group-E25D9DE8FCD1-SegmentedRaftLog:OPENED:c-1, conf=-1: [2dd6a96c-ac22-495a-916b-5475a07e9ac1|rpc:10.1.0.52:37121|priority:0, 89559d84-1b16-4899-8ec4-ad06327206a5|rpc:10.1.0.52:36661|priority:1, 193ec444-8619-4e61-8099-b3665cc77475|rpc:10.1.0.52:38791|priority:0], old=null
2022-01-18 07:37:51,059 [grpc-default-executor-2] INFO  server.RaftServer$Division (RaftServerImpl.java:requestVote(1046)) - 2dd6a96c-ac22-495a-916b-5475a07e9ac1@group-E25D9DE8FCD1: receive requestVote(ELECTION, 89559d84-1b16-4899-8ec4-ad06327206a5, group-E25D9DE8FCD1, 1, (t:0, i:0))
2022-01-18 07:37:51,054 [193ec444-8619-4e61-8099-b3665cc77475@group-565F448FE9AE-SegmentedRaftLogWorker] INFO  segmented.SegmentedRaftLogWorker (SegmentedRaftLogWorker.java:execute(601)) - 193ec444-8619-4e61-8099-b3665cc77475@group-565F448FE9AE-SegmentedRaftLogWorker: created new log segment /home/runner/work/ozone/ozone/hadoop-ozone/integration-test/target/test-dir/MiniOzoneClusterImpl-b5dc639d-ec1c-4769-97cf-b7d3d1b0d53f/datanode-2/data/ratis/9e2ce4a7-8f2d-47f7-9e8d-565f448fe9ae/current/log_inprogress_0
2022-01-18 07:37:51,054 [EventQueue-OpenPipelineForHealthyPipelineSafeModeRule] INFO  safemode.SCMSafeModeManager (HealthyPipelineSafeModeRule.java:process(124)) - SCM in safe mode. Healthy pipelines reported count is 0, required healthy pipeline reported count is 1
2022-01-18 07:37:51,052 [grpc-default-executor-0] INFO  server.RaftServer$Division (RaftServerImpl.java:requestVote(1046)) - 193ec444-8619-4e61-8099-b3665cc77475@group-E25D9DE8FCD1: receive requestVote(ELECTION, 89559d84-1b16-4899-8ec4-ad06327206a5, group-E25D9DE8FCD1, 1, (t:0, i:0))
2022-01-18 07:37:51,063 [grpc-default-executor-0] INFO  impl.VoteContext (VoteContext.java:log(48)) - 193ec444-8619-4e61-8099-b3665cc77475@group-E25D9DE8FCD1-FOLLOWER: reject ELECTION from 89559d84-1b16-4899-8ec4-ad06327206a5: already has voted for 193ec444-8619-4e61-8099-b3665cc77475 at current term 1
2022-01-18 07:37:51,063 [grpc-default-executor-0] INFO  server.RaftServer$Division (RaftServerImpl.java:requestVote(1078)) - 193ec444-8619-4e61-8099-b3665cc77475@group-E25D9DE8FCD1 replies to ELECTION vote request: 89559d84-1b16-4899-8ec4-ad06327206a5<-193ec444-8619-4e61-8099-b3665cc77475#0:FAIL-t1. Peer's state: 193ec444-8619-4e61-8099-b3665cc77475@group-E25D9DE8FCD1:t1, leader=null, voted=193ec444-8619-4e61-8099-b3665cc77475, raftlog=193ec444-8619-4e61-8099-b3665cc77475@group-E25D9DE8FCD1-SegmentedRaftLog:OPENED:c-1, conf=-1: [2dd6a96c-ac22-495a-916b-5475a07e9ac1|rpc:10.1.0.52:37121|dataStream:|priority:0, 89559d84-1b16-4899-8ec4-ad06327206a5|rpc:10.1.0.52:36661|dataStream:|priority:1, 193ec444-8619-4e61-8099-b3665cc77475|rpc:10.1.0.52:38791|dataStream:|priority:0], old=null
2022-01-18 07:37:51,052 [193ec444-8619-4e61-8099-b3665cc77475@group-565F448FE9AE-LeaderElection12] INFO  server.RaftServer$Division (ServerState.java:setRaftConf(387)) - 193ec444-8619-4e61-8099-b3665cc77475@group-565F448FE9AE: set configuration 0: [193ec444-8619-4e61-8099-b3665cc77475|rpc:10.1.0.52:38791|dataStream:|priority:1], old=null
2022-01-18 07:37:51,062 [grpc-default-executor-2] INFO  impl.VoteContext (VoteContext.java:log(48)) - 2dd6a96c-ac22-495a-916b-5475a07e9ac1@group-E25D9DE8FCD1-FOLLOWER: reject ELECTION from 89559d84-1b16-4899-8ec4-ad06327206a5: already has voted for 193ec444-8619-4e61-8099-b3665cc77475 at current term 1
2022-01-18 07:37:51,066 [grpc-default-executor-2] INFO  server.RaftServer$Division (RaftServerImpl.java:requestVote(1078)) - 2dd6a96c-ac22-495a-916b-5475a07e9ac1@group-E25D9DE8FCD1 replies to ELECTION vote request: 89559d84-1b16-4899-8ec4-ad06327206a5<-2dd6a96c-ac22-495a-916b-5475a07e9ac1#0:FAIL-t1. Peer's state: 2dd6a96c-ac22-495a-916b-5475a07e9ac1@group-E25D9DE8FCD1:t1, leader=null, voted=193ec444-8619-4e61-8099-b3665cc77475, raftlog=2dd6a96c-ac22-495a-916b-5475a07e9ac1@group-E25D9DE8FCD1-SegmentedRaftLog:OPENED:c-1, conf=-1: [2dd6a96c-ac22-495a-916b-5475a07e9ac1|rpc:10.1.0.52:37121|priority:0, 89559d84-1b16-4899-8ec4-ad06327206a5|rpc:10.1.0.52:36661|priority:1, 193ec444-8619-4e61-8099-b3665cc77475|rpc:10.1.0.52:38791|priority:0], old=null
2022-01-18 07:37:51,067 [89559d84-1b16-4899-8ec4-ad06327206a5@group-E25D9DE8FCD1-LeaderElection11] INFO  impl.LeaderElection (LeaderElection.java:logAndReturn(89)) - 89559d84-1b16-4899-8ec4-ad06327206a5@group-E25D9DE8FCD1-LeaderElection11: ELECTION REJECTED received 2 response(s) and 0 exception(s):
2022-01-18 07:37:51,069 [89559d84-1b16-4899-8ec4-ad06327206a5@group-E25D9DE8FCD1-LeaderElection11] INFO  impl.LeaderElection (LeaderElection.java:logAndReturn(93)) -   Response 0: 89559d84-1b16-4899-8ec4-ad06327206a5<-2dd6a96c-ac22-495a-916b-5475a07e9ac1#0:FAIL-t1
2022-01-18 07:37:51,069 [89559d84-1b16-4899-8ec4-ad06327206a5@group-E25D9DE8FCD1-LeaderElection11] INFO  impl.LeaderElection (LeaderElection.java:logAndReturn(93)) -   Response 1: 89559d84-1b16-4899-8ec4-ad06327206a5<-193ec444-8619-4e61-8099-b3665cc77475#0:FAIL-t1
2022-01-18 07:37:51,069 [89559d84-1b16-4899-8ec4-ad06327206a5@group-E25D9DE8FCD1-LeaderElection11] INFO  impl.LeaderElection (LeaderElection.java:askForVotes(308)) - 89559d84-1b16-4899-8ec4-ad06327206a5@group-E25D9DE8FCD1-LeaderElection11 ELECTION round 0: result REJECTED
2022-01-18 07:37:51,069 [89559d84-1b16-4899-8ec4-ad06327206a5@group-E25D9DE8FCD1-LeaderElection11] INFO  server.RaftServer$Division (RaftServerImpl.java:setRole(290)) - 89559d84-1b16-4899-8ec4-ad06327206a5@group-E25D9DE8FCD1: changes role from CANDIDATE to FOLLOWER at term 1 for REJECTED
2022-01-18 07:37:51,070 [89559d84-1b16-4899-8ec4-ad06327206a5@group-E25D9DE8FCD1-LeaderElection11] INFO  impl.RoleInfo (RoleInfo.java:shutdownLeaderElection(121)) - 89559d84-1b16-4899-8ec4-ad06327206a5: shutdown 89559d84-1b16-4899-8ec4-ad06327206a5@group-E25D9DE8FCD1-LeaderElection11
2022-01-18 07:37:51,070 [89559d84-1b16-4899-8ec4-ad06327206a5@group-E25D9DE8FCD1-LeaderElection11] INFO  impl.RoleInfo (RoleInfo.java:updateAndGet(130)) - 89559d84-1b16-4899-8ec4-ad06327206a5: start 89559d84-1b16-4899-8ec4-ad06327206a5@group-E25D9DE8FCD1-FollowerState
2022-01-18 07:37:51,990 [Listener at 127.0.0.1/33823] INFO  ozone.MiniOzoneClusterImpl (MiniOzoneClusterImpl.java:lambda$waitForClusterToBeReady$0(219)) - Nodes are ready. Got 3 of 3 DN Heartbeats.
2022-01-18 07:37:51,992 [Listener at 127.0.0.1/33823] INFO  ozone.MiniOzoneClusterImpl (MiniOzoneClusterImpl.java:lambda$waitForClusterToBeReady$0(222)) - Waiting for cluster to exit safe mode
2022-01-18 07:37:51,992 [Listener at 127.0.0.1/33823] INFO  ozone.MiniOzoneClusterImpl (MiniOzoneClusterImpl.java:lambda$waitForClusterToBeReady$0(224)) - SCM became leader
2022-01-18 07:37:52,992 [Listener at 127.0.0.1/33823] INFO  ozone.MiniOzoneClusterImpl (MiniOzoneClusterImpl.java:lambda$waitForClusterToBeReady$0(219)) - Nodes are ready. Got 3 of 3 DN Heartbeats.
2022-01-18 07:37:52,993 [Listener at 127.0.0.1/33823] INFO  ozone.MiniOzoneClusterImpl (MiniOzoneClusterImpl.java:lambda$waitForClusterToBeReady$0(222)) - Waiting for cluster to exit safe mode
2022-01-18 07:37:52,993 [Listener at 127.0.0.1/33823] INFO  ozone.MiniOzoneClusterImpl (MiniOzoneClusterImpl.java:lambda$waitForClusterToBeReady$0(224)) - SCM became leader
2022-01-18 07:37:53,993 [Listener at 127.0.0.1/33823] INFO  ozone.MiniOzoneClusterImpl (MiniOzoneClusterImpl.java:lambda$waitForClusterToBeReady$0(219)) - Nodes are ready. Got 3 of 3 DN Heartbeats.
2022-01-18 07:37:53,993 [Listener at 127.0.0.1/33823] INFO  ozone.MiniOzoneClusterImpl (MiniOzoneClusterImpl.java:lambda$waitForClusterToBeReady$0(222)) - Waiting for cluster to exit safe mode
2022-01-18 07:37:53,993 [Listener at 127.0.0.1/33823] INFO  ozone.MiniOzoneClusterImpl (MiniOzoneClusterImpl.java:lambda$waitForClusterToBeReady$0(224)) - SCM became leader
2022-01-18 07:37:54,994 [Listener at 127.0.0.1/33823] INFO  ozone.MiniOzoneClusterImpl (MiniOzoneClusterImpl.java:lambda$waitForClusterToBeReady$0(219)) - Nodes are ready. Got 3 of 3 DN Heartbeats.
2022-01-18 07:37:54,994 [Listener at 127.0.0.1/33823] INFO  ozone.MiniOzoneClusterImpl (MiniOzoneClusterImpl.java:lambda$waitForClusterToBeReady$0(222)) - Waiting for cluster to exit safe mode
2022-01-18 07:37:54,994 [Listener at 127.0.0.1/33823] INFO  ozone.MiniOzoneClusterImpl (MiniOzoneClusterImpl.java:lambda$waitForClusterToBeReady$0(224)) - SCM became leader
2022-01-18 07:37:55,754 [193ec444-8619-4e61-8099-b3665cc77475@group-37E1343DE0F0-FollowerState] INFO  impl.FollowerState (FollowerState.java:run(134)) - 193ec444-8619-4e61-8099-b3665cc77475@group-37E1343DE0F0-FollowerState: change to CANDIDATE, lastRpcElapsedTime:5002406953ns, electionTimeout:5002ms
2022-01-18 07:37:55,754 [193ec444-8619-4e61-8099-b3665cc77475@group-37E1343DE0F0-FollowerState] INFO  impl.RoleInfo (RoleInfo.java:shutdownFollowerState(108)) - 193ec444-8619-4e61-8099-b3665cc77475: shutdown 193ec444-8619-4e61-8099-b3665cc77475@group-37E1343DE0F0-FollowerState
2022-01-18 07:37:55,754 [193ec444-8619-4e61-8099-b3665cc77475@group-37E1343DE0F0-FollowerState] INFO  server.RaftServer$Division (RaftServerImpl.java:setRole(290)) - 193ec444-8619-4e61-8099-b3665cc77475@group-37E1343DE0F0: changes role from  FOLLOWER to CANDIDATE at term 1 for changeToCandidate
2022-01-18 07:37:55,754 [193ec444-8619-4e61-8099-b3665cc77475@group-37E1343DE0F0-FollowerState] INFO  server.RaftServerConfigKeys (ConfUtils.java:logGet(44)) - raft.server.leaderelection.pre-vote = false (custom)
2022-01-18 07:37:55,754 [193ec444-8619-4e61-8099-b3665cc77475@group-37E1343DE0F0-FollowerState] INFO  impl.RoleInfo (RoleInfo.java:updateAndGet(130)) - 193ec444-8619-4e61-8099-b3665cc77475: start 193ec444-8619-4e61-8099-b3665cc77475@group-37E1343DE0F0-LeaderElection13
2022-01-18 07:37:55,759 [193ec444-8619-4e61-8099-b3665cc77475@group-37E1343DE0F0-LeaderElection13] INFO  impl.LeaderElection (LeaderElection.java:askForVotes(306)) - 193ec444-8619-4e61-8099-b3665cc77475@group-37E1343DE0F0-LeaderElection13 ELECTION round 0: submit vote requests at term 2 for -1: [2dd6a96c-ac22-495a-916b-5475a07e9ac1|rpc:10.1.0.52:37121|dataStream:|priority:1, 89559d84-1b16-4899-8ec4-ad06327206a5|rpc:10.1.0.52:36661|dataStream:|priority:0, 193ec444-8619-4e61-8099-b3665cc77475|rpc:10.1.0.52:38791|dataStream:|priority:0], old=null
2022-01-18 07:37:55,763 [grpc-default-executor-2] INFO  server.RaftServer$Division (RaftServerImpl.java:requestVote(1046)) - 89559d84-1b16-4899-8ec4-ad06327206a5@group-37E1343DE0F0: receive requestVote(ELECTION, 193ec444-8619-4e61-8099-b3665cc77475, group-37E1343DE0F0, 2, (t:0, i:0))
2022-01-18 07:37:55,764 [grpc-default-executor-2] INFO  impl.VoteContext (VoteContext.java:log(48)) - 89559d84-1b16-4899-8ec4-ad06327206a5@group-37E1343DE0F0-FOLLOWER: accept ELECTION from 193ec444-8619-4e61-8099-b3665cc77475: our priority 0 <= candidate's priority 0
2022-01-18 07:37:55,764 [grpc-default-executor-2] INFO  server.RaftServer$Division (RaftServerImpl.java:setRole(290)) - 89559d84-1b16-4899-8ec4-ad06327206a5@group-37E1343DE0F0: changes role from  FOLLOWER to FOLLOWER at term 2 for candidate:193ec444-8619-4e61-8099-b3665cc77475
2022-01-18 07:37:55,764 [grpc-default-executor-2] INFO  impl.RoleInfo (RoleInfo.java:shutdownFollowerState(108)) - 89559d84-1b16-4899-8ec4-ad06327206a5: shutdown 89559d84-1b16-4899-8ec4-ad06327206a5@group-37E1343DE0F0-FollowerState
2022-01-18 07:37:55,764 [grpc-default-executor-2] INFO  impl.RoleInfo (RoleInfo.java:updateAndGet(130)) - 89559d84-1b16-4899-8ec4-ad06327206a5: start 89559d84-1b16-4899-8ec4-ad06327206a5@group-37E1343DE0F0-FollowerState
2022-01-18 07:37:55,764 [89559d84-1b16-4899-8ec4-ad06327206a5@group-37E1343DE0F0-FollowerState] INFO  impl.FollowerState (FollowerState.java:run(143)) - 89559d84-1b16-4899-8ec4-ad06327206a5@group-37E1343DE0F0-FollowerState was interrupted: {}
java.lang.InterruptedException: sleep interrupted
	at java.lang.Thread.sleep(Native Method)
	at java.lang.Thread.sleep(Thread.java:340)
	at java.util.concurrent.TimeUnit.sleep(TimeUnit.java:386)
	at org.apache.ratis.util.TimeDuration.sleep(TimeDuration.java:324)
	at org.apache.ratis.util.TimeDuration.sleep(TimeDuration.java:309)
	at org.apache.ratis.server.impl.FollowerState.run(FollowerState.java:118)
2022-01-18 07:37:55,768 [grpc-default-executor-0] INFO  server.RaftServer$Division (RaftServerImpl.java:requestVote(1046)) - 2dd6a96c-ac22-495a-916b-5475a07e9ac1@group-37E1343DE0F0: receive requestVote(ELECTION, 193ec444-8619-4e61-8099-b3665cc77475, group-37E1343DE0F0, 2, (t:0, i:0))
2022-01-18 07:37:55,768 [grpc-default-executor-0] INFO  impl.VoteContext (VoteContext.java:log(48)) - 2dd6a96c-ac22-495a-916b-5475a07e9ac1@group-37E1343DE0F0-FOLLOWER: reject ELECTION from 193ec444-8619-4e61-8099-b3665cc77475: our priority 1 > candidate's priority 0
2022-01-18 07:37:55,768 [grpc-default-executor-0] INFO  server.RaftServer$Division (RaftServerImpl.java:setRole(290)) - 2dd6a96c-ac22-495a-916b-5475a07e9ac1@group-37E1343DE0F0: changes role from  FOLLOWER to FOLLOWER at term 2 for candidate:193ec444-8619-4e61-8099-b3665cc77475
2022-01-18 07:37:55,768 [grpc-default-executor-0] INFO  impl.RoleInfo (RoleInfo.java:shutdownFollowerState(108)) - 2dd6a96c-ac22-495a-916b-5475a07e9ac1: shutdown 2dd6a96c-ac22-495a-916b-5475a07e9ac1@group-37E1343DE0F0-FollowerState
2022-01-18 07:37:55,768 [grpc-default-executor-0] INFO  impl.RoleInfo (RoleInfo.java:updateAndGet(130)) - 2dd6a96c-ac22-495a-916b-5475a07e9ac1: start 2dd6a96c-ac22-495a-916b-5475a07e9ac1@group-37E1343DE0F0-FollowerState
2022-01-18 07:37:55,768 [2dd6a96c-ac22-495a-916b-5475a07e9ac1@group-37E1343DE0F0-FollowerState] INFO  impl.FollowerState (FollowerState.java:run(143)) - 2dd6a96c-ac22-495a-916b-5475a07e9ac1@group-37E1343DE0F0-FollowerState was interrupted: {}
java.lang.InterruptedException: sleep interrupted
	at java.lang.Thread.sleep(Native Method)
	at java.lang.Thread.sleep(Thread.java:340)
	at java.util.concurrent.TimeUnit.sleep(TimeUnit.java:386)
	at org.apache.ratis.util.TimeDuration.sleep(TimeDuration.java:324)
	at org.apache.ratis.util.TimeDuration.sleep(TimeDuration.java:309)
	at org.apache.ratis.server.impl.FollowerState.run(FollowerState.java:118)
2022-01-18 07:37:55,769 [grpc-default-executor-2] INFO  server.RaftServer$Division (RaftServerImpl.java:requestVote(1078)) - 89559d84-1b16-4899-8ec4-ad06327206a5@group-37E1343DE0F0 replies to ELECTION vote request: 193ec444-8619-4e61-8099-b3665cc77475<-89559d84-1b16-4899-8ec4-ad06327206a5#0:OK-t2. Peer's state: 89559d84-1b16-4899-8ec4-ad06327206a5@group-37E1343DE0F0:t2, leader=null, voted=193ec444-8619-4e61-8099-b3665cc77475, raftlog=89559d84-1b16-4899-8ec4-ad06327206a5@group-37E1343DE0F0-SegmentedRaftLog:OPENED:c-1, conf=-1: [2dd6a96c-ac22-495a-916b-5475a07e9ac1|rpc:10.1.0.52:37121|priority:1, 89559d84-1b16-4899-8ec4-ad06327206a5|rpc:10.1.0.52:36661|priority:0, 193ec444-8619-4e61-8099-b3665cc77475|rpc:10.1.0.52:38791|priority:0], old=null
2022-01-18 07:37:55,771 [grpc-default-executor-0] INFO  server.RaftServer$Division (RaftServerImpl.java:requestVote(1078)) - 2dd6a96c-ac22-495a-916b-5475a07e9ac1@group-37E1343DE0F0 replies to ELECTION vote request: 193ec444-8619-4e61-8099-b3665cc77475<-2dd6a96c-ac22-495a-916b-5475a07e9ac1#0:FAIL-t2. Peer's state: 2dd6a96c-ac22-495a-916b-5475a07e9ac1@group-37E1343DE0F0:t2, leader=null, voted=null, raftlog=2dd6a96c-ac22-495a-916b-5475a07e9ac1@group-37E1343DE0F0-SegmentedRaftLog:OPENED:c-1, conf=-1: [2dd6a96c-ac22-495a-916b-5475a07e9ac1|rpc:10.1.0.52:37121|dataStream:|priority:1, 89559d84-1b16-4899-8ec4-ad06327206a5|rpc:10.1.0.52:36661|dataStream:|priority:0, 193ec444-8619-4e61-8099-b3665cc77475|rpc:10.1.0.52:38791|dataStream:|priority:0], old=null
2022-01-18 07:37:55,773 [193ec444-8619-4e61-8099-b3665cc77475@group-37E1343DE0F0-LeaderElection13] INFO  impl.LeaderElection (LeaderElection.java:logAndReturn(89)) - 193ec444-8619-4e61-8099-b3665cc77475@group-37E1343DE0F0-LeaderElection13: ELECTION REJECTED received 2 response(s) and 0 exception(s):
2022-01-18 07:37:55,774 [193ec444-8619-4e61-8099-b3665cc77475@group-37E1343DE0F0-LeaderElection13] INFO  impl.LeaderElection (LeaderElection.java:logAndReturn(93)) -   Response 0: 193ec444-8619-4e61-8099-b3665cc77475<-2dd6a96c-ac22-495a-916b-5475a07e9ac1#0:FAIL-t2
2022-01-18 07:37:55,774 [193ec444-8619-4e61-8099-b3665cc77475@group-37E1343DE0F0-LeaderElection13] INFO  impl.LeaderElection (LeaderElection.java:logAndReturn(93)) -   Response 1: 193ec444-8619-4e61-8099-b3665cc77475<-89559d84-1b16-4899-8ec4-ad06327206a5#0:OK-t2
2022-01-18 07:37:55,774 [193ec444-8619-4e61-8099-b3665cc77475@group-37E1343DE0F0-LeaderElection13] INFO  impl.LeaderElection (LeaderElection.java:askForVotes(308)) - 193ec444-8619-4e61-8099-b3665cc77475@group-37E1343DE0F0-LeaderElection13 ELECTION round 0: result REJECTED
2022-01-18 07:37:55,774 [193ec444-8619-4e61-8099-b3665cc77475@group-37E1343DE0F0-LeaderElection13] INFO  server.RaftServer$Division (RaftServerImpl.java:setRole(290)) - 193ec444-8619-4e61-8099-b3665cc77475@group-37E1343DE0F0: changes role from CANDIDATE to FOLLOWER at term 2 for REJECTED
2022-01-18 07:37:55,774 [193ec444-8619-4e61-8099-b3665cc77475@group-37E1343DE0F0-LeaderElection13] INFO  impl.RoleInfo (RoleInfo.java:shutdownLeaderElection(121)) - 193ec444-8619-4e61-8099-b3665cc77475: shutdown 193ec444-8619-4e61-8099-b3665cc77475@group-37E1343DE0F0-LeaderElection13
2022-01-18 07:37:55,774 [193ec444-8619-4e61-8099-b3665cc77475@group-37E1343DE0F0-LeaderElection13] INFO  impl.RoleInfo (RoleInfo.java:updateAndGet(130)) - 193ec444-8619-4e61-8099-b3665cc77475: start 193ec444-8619-4e61-8099-b3665cc77475@group-37E1343DE0F0-FollowerState
2022-01-18 07:37:55,995 [Listener at 127.0.0.1/33823] INFO  ozone.MiniOzoneClusterImpl (MiniOzoneClusterImpl.java:lambda$waitForClusterToBeReady$0(219)) - Nodes are ready. Got 3 of 3 DN Heartbeats.
2022-01-18 07:37:55,997 [Listener at 127.0.0.1/33823] INFO  ozone.MiniOzoneClusterImpl (MiniOzoneClusterImpl.java:lambda$waitForClusterToBeReady$0(222)) - Waiting for cluster to exit safe mode
2022-01-18 07:37:55,997 [Listener at 127.0.0.1/33823] INFO  ozone.MiniOzoneClusterImpl (MiniOzoneClusterImpl.java:lambda$waitForClusterToBeReady$0(224)) - SCM became leader
2022-01-18 07:37:56,087 [89559d84-1b16-4899-8ec4-ad06327206a5@group-E25D9DE8FCD1-FollowerState] INFO  impl.FollowerState (FollowerState.java:run(134)) - 89559d84-1b16-4899-8ec4-ad06327206a5@group-E25D9DE8FCD1-FollowerState: change to CANDIDATE, lastRpcElapsedTime:5016193963ns, electionTimeout:5009ms
2022-01-18 07:37:56,087 [89559d84-1b16-4899-8ec4-ad06327206a5@group-E25D9DE8FCD1-FollowerState] INFO  impl.RoleInfo (RoleInfo.java:shutdownFollowerState(108)) - 89559d84-1b16-4899-8ec4-ad06327206a5: shutdown 89559d84-1b16-4899-8ec4-ad06327206a5@group-E25D9DE8FCD1-FollowerState
2022-01-18 07:37:56,087 [89559d84-1b16-4899-8ec4-ad06327206a5@group-E25D9DE8FCD1-FollowerState] INFO  server.RaftServer$Division (RaftServerImpl.java:setRole(290)) - 89559d84-1b16-4899-8ec4-ad06327206a5@group-E25D9DE8FCD1: changes role from  FOLLOWER to CANDIDATE at term 1 for changeToCandidate
2022-01-18 07:37:56,087 [89559d84-1b16-4899-8ec4-ad06327206a5@group-E25D9DE8FCD1-FollowerState] INFO  server.RaftServerConfigKeys (ConfUtils.java:logGet(44)) - raft.server.leaderelection.pre-vote = false (custom)
2022-01-18 07:37:56,087 [89559d84-1b16-4899-8ec4-ad06327206a5@group-E25D9DE8FCD1-FollowerState] INFO  impl.RoleInfo (RoleInfo.java:updateAndGet(130)) - 89559d84-1b16-4899-8ec4-ad06327206a5: start 89559d84-1b16-4899-8ec4-ad06327206a5@group-E25D9DE8FCD1-LeaderElection14
2022-01-18 07:37:56,089 [193ec444-8619-4e61-8099-b3665cc77475@group-E25D9DE8FCD1-FollowerState] INFO  impl.FollowerState (FollowerState.java:run(134)) - 193ec444-8619-4e61-8099-b3665cc77475@group-E25D9DE8FCD1-FollowerState: change to CANDIDATE, lastRpcElapsedTime:5030500518ns, electionTimeout:5029ms
2022-01-18 07:37:56,090 [193ec444-8619-4e61-8099-b3665cc77475@group-E25D9DE8FCD1-FollowerState] INFO  impl.RoleInfo (RoleInfo.java:shutdownFollowerState(108)) - 193ec444-8619-4e61-8099-b3665cc77475: shutdown 193ec444-8619-4e61-8099-b3665cc77475@group-E25D9DE8FCD1-FollowerState
2022-01-18 07:37:56,090 [193ec444-8619-4e61-8099-b3665cc77475@group-E25D9DE8FCD1-FollowerState] INFO  server.RaftServer$Division (RaftServerImpl.java:setRole(290)) - 193ec444-8619-4e61-8099-b3665cc77475@group-E25D9DE8FCD1: changes role from  FOLLOWER to CANDIDATE at term 1 for changeToCandidate
2022-01-18 07:37:56,090 [193ec444-8619-4e61-8099-b3665cc77475@group-E25D9DE8FCD1-FollowerState] INFO  server.RaftServerConfigKeys (ConfUtils.java:logGet(44)) - raft.server.leaderelection.pre-vote = false (custom)
2022-01-18 07:37:56,090 [193ec444-8619-4e61-8099-b3665cc77475@group-E25D9DE8FCD1-FollowerState] INFO  impl.RoleInfo (RoleInfo.java:updateAndGet(130)) - 193ec444-8619-4e61-8099-b3665cc77475: start 193ec444-8619-4e61-8099-b3665cc77475@group-E25D9DE8FCD1-LeaderElection15
2022-01-18 07:37:56,093 [89559d84-1b16-4899-8ec4-ad06327206a5@group-E25D9DE8FCD1-LeaderElection14] INFO  impl.LeaderElection (LeaderElection.java:askForVotes(306)) - 89559d84-1b16-4899-8ec4-ad06327206a5@group-E25D9DE8FCD1-LeaderElection14 ELECTION round 0: submit vote requests at term 2 for -1: [2dd6a96c-ac22-495a-916b-5475a07e9ac1|rpc:10.1.0.52:37121|priority:0, 89559d84-1b16-4899-8ec4-ad06327206a5|rpc:10.1.0.52:36661|priority:1, 193ec444-8619-4e61-8099-b3665cc77475|rpc:10.1.0.52:38791|priority:0], old=null
2022-01-18 07:37:56,095 [193ec444-8619-4e61-8099-b3665cc77475@group-E25D9DE8FCD1-LeaderElection15] INFO  impl.LeaderElection (LeaderElection.java:askForVotes(306)) - 193ec444-8619-4e61-8099-b3665cc77475@group-E25D9DE8FCD1-LeaderElection15 ELECTION round 0: submit vote requests at term 2 for -1: [2dd6a96c-ac22-495a-916b-5475a07e9ac1|rpc:10.1.0.52:37121|dataStream:|priority:0, 89559d84-1b16-4899-8ec4-ad06327206a5|rpc:10.1.0.52:36661|dataStream:|priority:1, 193ec444-8619-4e61-8099-b3665cc77475|rpc:10.1.0.52:38791|dataStream:|priority:0], old=null
2022-01-18 07:37:56,100 [grpc-default-executor-0] INFO  server.RaftServer$Division (RaftServerImpl.java:requestVote(1046)) - 193ec444-8619-4e61-8099-b3665cc77475@group-E25D9DE8FCD1: receive requestVote(ELECTION, 89559d84-1b16-4899-8ec4-ad06327206a5, group-E25D9DE8FCD1, 2, (t:0, i:0))
2022-01-18 07:37:56,100 [grpc-default-executor-2] INFO  server.RaftServer$Division (RaftServerImpl.java:requestVote(1046)) - 2dd6a96c-ac22-495a-916b-5475a07e9ac1@group-E25D9DE8FCD1: receive requestVote(ELECTION, 89559d84-1b16-4899-8ec4-ad06327206a5, group-E25D9DE8FCD1, 2, (t:0, i:0))
2022-01-18 07:37:56,101 [grpc-default-executor-2] INFO  impl.VoteContext (VoteContext.java:log(48)) - 2dd6a96c-ac22-495a-916b-5475a07e9ac1@group-E25D9DE8FCD1-FOLLOWER: accept ELECTION from 89559d84-1b16-4899-8ec4-ad06327206a5: our priority 0 <= candidate's priority 1
2022-01-18 07:37:56,101 [grpc-default-executor-2] INFO  server.RaftServer$Division (RaftServerImpl.java:setRole(290)) - 2dd6a96c-ac22-495a-916b-5475a07e9ac1@group-E25D9DE8FCD1: changes role from  FOLLOWER to FOLLOWER at term 2 for candidate:89559d84-1b16-4899-8ec4-ad06327206a5
2022-01-18 07:37:56,101 [grpc-default-executor-2] INFO  impl.RoleInfo (RoleInfo.java:shutdownFollowerState(108)) - 2dd6a96c-ac22-495a-916b-5475a07e9ac1: shutdown 2dd6a96c-ac22-495a-916b-5475a07e9ac1@group-E25D9DE8FCD1-FollowerState
2022-01-18 07:37:56,101 [grpc-default-executor-2] INFO  impl.RoleInfo (RoleInfo.java:updateAndGet(130)) - 2dd6a96c-ac22-495a-916b-5475a07e9ac1: start 2dd6a96c-ac22-495a-916b-5475a07e9ac1@group-E25D9DE8FCD1-FollowerState
2022-01-18 07:37:56,100 [grpc-default-executor-0] INFO  impl.VoteContext (VoteContext.java:log(48)) - 193ec444-8619-4e61-8099-b3665cc77475@group-E25D9DE8FCD1-CANDIDATE: reject ELECTION from 89559d84-1b16-4899-8ec4-ad06327206a5: already has voted for 193ec444-8619-4e61-8099-b3665cc77475 at current term 2
2022-01-18 07:37:56,102 [grpc-default-executor-0] INFO  server.RaftServer$Division (RaftServerImpl.java:requestVote(1078)) - 193ec444-8619-4e61-8099-b3665cc77475@group-E25D9DE8FCD1 replies to ELECTION vote request: 89559d84-1b16-4899-8ec4-ad06327206a5<-193ec444-8619-4e61-8099-b3665cc77475#0:FAIL-t2. Peer's state: 193ec444-8619-4e61-8099-b3665cc77475@group-E25D9DE8FCD1:t2, leader=null, voted=193ec444-8619-4e61-8099-b3665cc77475, raftlog=193ec444-8619-4e61-8099-b3665cc77475@group-E25D9DE8FCD1-SegmentedRaftLog:OPENED:c-1, conf=-1: [2dd6a96c-ac22-495a-916b-5475a07e9ac1|rpc:10.1.0.52:37121|dataStream:|priority:0, 89559d84-1b16-4899-8ec4-ad06327206a5|rpc:10.1.0.52:36661|dataStream:|priority:1, 193ec444-8619-4e61-8099-b3665cc77475|rpc:10.1.0.52:38791|dataStream:|priority:0], old=null
2022-01-18 07:37:56,101 [2dd6a96c-ac22-495a-916b-5475a07e9ac1@group-E25D9DE8FCD1-FollowerState] INFO  impl.FollowerState (FollowerState.java:run(143)) - 2dd6a96c-ac22-495a-916b-5475a07e9ac1@group-E25D9DE8FCD1-FollowerState was interrupted: {}
java.lang.InterruptedException: sleep interrupted
	at java.lang.Thread.sleep(Native Method)
	at java.lang.Thread.sleep(Thread.java:340)
	at java.util.concurrent.TimeUnit.sleep(TimeUnit.java:386)
	at org.apache.ratis.util.TimeDuration.sleep(TimeDuration.java:324)
	at org.apache.ratis.util.TimeDuration.sleep(TimeDuration.java:309)
	at org.apache.ratis.server.impl.FollowerState.run(FollowerState.java:118)
2022-01-18 07:37:56,108 [grpc-default-executor-1] INFO  server.RaftServer$Division (RaftServerImpl.java:requestVote(1046)) - 2dd6a96c-ac22-495a-916b-5475a07e9ac1@group-E25D9DE8FCD1: receive requestVote(ELECTION, 193ec444-8619-4e61-8099-b3665cc77475, group-E25D9DE8FCD1, 2, (t:0, i:0))
2022-01-18 07:37:56,109 [grpc-default-executor-2] INFO  server.RaftServer$Division (RaftServerImpl.java:requestVote(1078)) - 2dd6a96c-ac22-495a-916b-5475a07e9ac1@group-E25D9DE8FCD1 replies to ELECTION vote request: 89559d84-1b16-4899-8ec4-ad06327206a5<-2dd6a96c-ac22-495a-916b-5475a07e9ac1#0:OK-t2. Peer's state: 2dd6a96c-ac22-495a-916b-5475a07e9ac1@group-E25D9DE8FCD1:t2, leader=null, voted=89559d84-1b16-4899-8ec4-ad06327206a5, raftlog=2dd6a96c-ac22-495a-916b-5475a07e9ac1@group-E25D9DE8FCD1-SegmentedRaftLog:OPENED:c-1, conf=-1: [2dd6a96c-ac22-495a-916b-5475a07e9ac1|rpc:10.1.0.52:37121|priority:0, 89559d84-1b16-4899-8ec4-ad06327206a5|rpc:10.1.0.52:36661|priority:1, 193ec444-8619-4e61-8099-b3665cc77475|rpc:10.1.0.52:38791|priority:0], old=null
2022-01-18 07:37:56,111 [89559d84-1b16-4899-8ec4-ad06327206a5@group-E25D9DE8FCD1-LeaderElection14] INFO  impl.LeaderElection (LeaderElection.java:logAndReturn(89)) - 89559d84-1b16-4899-8ec4-ad06327206a5@group-E25D9DE8FCD1-LeaderElection14: ELECTION PASSED received 2 response(s) and 0 exception(s):
2022-01-18 07:37:56,111 [89559d84-1b16-4899-8ec4-ad06327206a5@group-E25D9DE8FCD1-LeaderElection14] INFO  impl.LeaderElection (LeaderElection.java:logAndReturn(93)) -   Response 0: 89559d84-1b16-4899-8ec4-ad06327206a5<-2dd6a96c-ac22-495a-916b-5475a07e9ac1#0:OK-t2
2022-01-18 07:37:56,111 [89559d84-1b16-4899-8ec4-ad06327206a5@group-E25D9DE8FCD1-LeaderElection14] INFO  impl.LeaderElection (LeaderElection.java:logAndReturn(93)) -   Response 1: 89559d84-1b16-4899-8ec4-ad06327206a5<-193ec444-8619-4e61-8099-b3665cc77475#0:FAIL-t2
2022-01-18 07:37:56,111 [89559d84-1b16-4899-8ec4-ad06327206a5@group-E25D9DE8FCD1-LeaderElection14] INFO  impl.LeaderElection (LeaderElection.java:askForVotes(308)) - 89559d84-1b16-4899-8ec4-ad06327206a5@group-E25D9DE8FCD1-LeaderElection14 ELECTION round 0: result PASSED
2022-01-18 07:37:56,111 [89559d84-1b16-4899-8ec4-ad06327206a5@group-E25D9DE8FCD1-LeaderElection14] INFO  impl.RoleInfo (RoleInfo.java:shutdownLeaderElection(121)) - 89559d84-1b16-4899-8ec4-ad06327206a5: shutdown 89559d84-1b16-4899-8ec4-ad06327206a5@group-E25D9DE8FCD1-LeaderElection14
2022-01-18 07:37:56,111 [89559d84-1b16-4899-8ec4-ad06327206a5@group-E25D9DE8FCD1-LeaderElection14] INFO  server.RaftServer$Division (RaftServerImpl.java:setRole(290)) - 89559d84-1b16-4899-8ec4-ad06327206a5@group-E25D9DE8FCD1: changes role from CANDIDATE to LEADER at term 2 for changeToLeader
2022-01-18 07:37:56,111 [89559d84-1b16-4899-8ec4-ad06327206a5@group-E25D9DE8FCD1-LeaderElection14] INFO  ratis.XceiverServerRatis (XceiverServerRatis.java:handleLeaderChangedNotification(866)) - Leader change notification received for group: group-E25D9DE8FCD1 with new leaderId: 89559d84-1b16-4899-8ec4-ad06327206a5
2022-01-18 07:37:56,111 [grpc-default-executor-1] INFO  impl.VoteContext (VoteContext.java:log(48)) - 2dd6a96c-ac22-495a-916b-5475a07e9ac1@group-E25D9DE8FCD1-FOLLOWER: reject ELECTION from 193ec444-8619-4e61-8099-b3665cc77475: already has voted for 89559d84-1b16-4899-8ec4-ad06327206a5 at current term 2
2022-01-18 07:37:56,114 [grpc-default-executor-1] INFO  server.RaftServer$Division (RaftServerImpl.java:requestVote(1078)) - 2dd6a96c-ac22-495a-916b-5475a07e9ac1@group-E25D9DE8FCD1 replies to ELECTION vote request: 193ec444-8619-4e61-8099-b3665cc77475<-2dd6a96c-ac22-495a-916b-5475a07e9ac1#0:FAIL-t2. Peer's state: 2dd6a96c-ac22-495a-916b-5475a07e9ac1@group-E25D9DE8FCD1:t2, leader=null, voted=89559d84-1b16-4899-8ec4-ad06327206a5, raftlog=2dd6a96c-ac22-495a-916b-5475a07e9ac1@group-E25D9DE8FCD1-SegmentedRaftLog:OPENED:c-1, conf=-1: [2dd6a96c-ac22-495a-916b-5475a07e9ac1|rpc:10.1.0.52:37121|priority:0, 89559d84-1b16-4899-8ec4-ad06327206a5|rpc:10.1.0.52:36661|priority:1, 193ec444-8619-4e61-8099-b3665cc77475|rpc:10.1.0.52:38791|priority:0], old=null
2022-01-18 07:37:56,113 [EventQueue-PipelineReportForPipelineReportHandler] INFO  pipeline.PipelineManagerImpl (PipelineManagerImpl.java:openPipeline(291)) - Pipeline Pipeline[ Id: 125ff3de-0135-4f45-b44c-e25d9de8fcd1, Nodes: 2dd6a96c-ac22-495a-916b-5475a07e9ac1{ip: 10.1.0.52, host: fv-az270-89.tacnzluakwdehk1hpragurqkma.bx.internal.cloudapp.net, ports: [REPLICATION=37273, RATIS=37121, RATIS_ADMIN=37121, RATIS_SERVER=37121, STANDALONE=38601], networkLocation: /default-rack, certSerialId: null, persistedOpState: IN_SERVICE, persistedOpStateExpiryEpochSec: 0}193ec444-8619-4e61-8099-b3665cc77475{ip: 10.1.0.52, host: fv-az270-89.tacnzluakwdehk1hpragurqkma.bx.internal.cloudapp.net, ports: [REPLICATION=34523, RATIS=38791, RATIS_ADMIN=38791, RATIS_SERVER=38791, STANDALONE=36665], networkLocation: /default-rack, certSerialId: null, persistedOpState: IN_SERVICE, persistedOpStateExpiryEpochSec: 0}89559d84-1b16-4899-8ec4-ad06327206a5{ip: 10.1.0.52, host: fv-az270-89.tacnzluakwdehk1hpragurqkma.bx.internal.cloudapp.net, ports: [REPLICATION=44799, RATIS=36661, RATIS_ADMIN=36661, RATIS_SERVER=36661, STANDALONE=39245], networkLocation: /default-rack, certSerialId: null, persistedOpState: IN_SERVICE, persistedOpStateExpiryEpochSec: 0}, ReplicationConfig: RATIS/THREE, State:ALLOCATED, leaderId:89559d84-1b16-4899-8ec4-ad06327206a5, CreationTimestamp2022-01-18T07:37:43.020Z[Etc/UTC]] moved to OPEN state
2022-01-18 07:37:56,113 [EventQueue-OpenPipelineForHealthyPipelineSafeModeRule] INFO  safemode.SCMSafeModeManager (HealthyPipelineSafeModeRule.java:process(124)) - SCM in safe mode. Healthy pipelines reported count is 0, required healthy pipeline reported count is 1
2022-01-18 07:37:56,118 [72d5b9e4-4958-4d9a-b931-603b7e0a3ea2@group-B7D3D1B0D53F-StateMachineUpdater] INFO  safemode.HealthyPipelineSafeModeRule (HealthyPipelineSafeModeRule.java:initializeRule(152)) - Refreshed total pipeline count is 1, healthy pipeline threshold count is 1
2022-01-18 07:37:56,111 [89559d84-1b16-4899-8ec4-ad06327206a5@group-E25D9DE8FCD1-LeaderElection14] INFO  server.RaftServer$Division (ServerState.java:setLeader(285)) - 89559d84-1b16-4899-8ec4-ad06327206a5@group-E25D9DE8FCD1: change Leader from null to 89559d84-1b16-4899-8ec4-ad06327206a5 at term 2 for becomeLeader, leader elected after 10306ms
2022-01-18 07:37:56,118 [89559d84-1b16-4899-8ec4-ad06327206a5@group-E25D9DE8FCD1-LeaderElection14] INFO  server.RaftServerConfigKeys (ConfUtils.java:logGet(44)) - raft.server.staging.catchup.gap = 1000 (default)
2022-01-18 07:37:56,119 [89559d84-1b16-4899-8ec4-ad06327206a5@group-E25D9DE8FCD1-LeaderElection14] INFO  server.RaftServerConfigKeys (ConfUtils.java:logGet(44)) - raft.server.write.element-limit = 1024 (custom)
2022-01-18 07:37:56,119 [89559d84-1b16-4899-8ec4-ad06327206a5@group-E25D9DE8FCD1-LeaderElection14] INFO  server.RaftServerConfigKeys (ConfUtils.java:logGet(44)) - raft.server.write.byte-limit = 1024 M (=1073741824) (custom)
2022-01-18 07:37:56,119 [89559d84-1b16-4899-8ec4-ad06327206a5@group-E25D9DE8FCD1-LeaderElection14] INFO  server.RaftServerConfigKeys (ConfUtils.java:logGet(44)) - raft.server.watch.timeout = 180s (custom)
2022-01-18 07:37:56,119 [89559d84-1b16-4899-8ec4-ad06327206a5@group-E25D9DE8FCD1-LeaderElection14] INFO  server.RaftServerConfigKeys (ConfUtils.java:logGet(44)) - raft.server.watch.timeout.denomination = 1s (default)
2022-01-18 07:37:56,119 [89559d84-1b16-4899-8ec4-ad06327206a5@group-E25D9DE8FCD1-LeaderElection14] INFO  server.RaftServerConfigKeys (ConfUtils.java:logGet(44)) - raft.server.watch.element-limit = 65536 (default)
2022-01-18 07:37:56,119 [89559d84-1b16-4899-8ec4-ad06327206a5@group-E25D9DE8FCD1-LeaderElection14] INFO  server.RaftServerConfigKeys (ConfUtils.java:logGet(44)) - raft.server.write.element-limit = 1024 (custom)
2022-01-18 07:37:56,119 [89559d84-1b16-4899-8ec4-ad06327206a5@group-E25D9DE8FCD1-LeaderElection14] INFO  server.RaftServerConfigKeys (ConfUtils.java:logGet(44)) - raft.server.write.follower.gap.ratio.max = -1.0 (default)
2022-01-18 07:37:56,119 [89559d84-1b16-4899-8ec4-ad06327206a5@group-E25D9DE8FCD1-LeaderElection14] INFO  server.RaftServerConfigKeys (ConfUtils.java:logGet(44)) - raft.server.log.appender.snapshot.chunk.size.max = 16MB (=16777216) (default)
2022-01-18 07:37:56,119 [89559d84-1b16-4899-8ec4-ad06327206a5@group-E25D9DE8FCD1-LeaderElection14] INFO  server.RaftServerConfigKeys (ConfUtils.java:logGet(44)) - raft.server.log.appender.buffer.byte-limit = 33554432 (custom)
2022-01-18 07:37:56,119 [89559d84-1b16-4899-8ec4-ad06327206a5@group-E25D9DE8FCD1-LeaderElection14] INFO  server.RaftServerConfigKeys (ConfUtils.java:logGet(44)) - raft.server.log.appender.buffer.element-limit = 1 (custom)
2022-01-18 07:37:56,119 [89559d84-1b16-4899-8ec4-ad06327206a5@group-E25D9DE8FCD1-LeaderElection14] INFO  grpc.GrpcConfigKeys (ConfUtils.java:logGet(44)) - raft.grpc.server.leader.outstanding.appends.max = 128 (default)
2022-01-18 07:37:56,120 [89559d84-1b16-4899-8ec4-ad06327206a5@group-E25D9DE8FCD1-LeaderElection14] INFO  server.RaftServerConfigKeys (ConfUtils.java:logGet(44)) - raft.server.rpc.request.timeout = 60s (custom)
2022-01-18 07:37:56,120 [89559d84-1b16-4899-8ec4-ad06327206a5@group-E25D9DE8FCD1-LeaderElection14] INFO  server.RaftServerConfigKeys (ConfUtils.java:logGet(44)) - raft.server.log.appender.install.snapshot.enabled = false (custom)
2022-01-18 07:37:56,120 [89559d84-1b16-4899-8ec4-ad06327206a5@group-E25D9DE8FCD1-LeaderElection14] INFO  server.RaftServerConfigKeys (ConfUtils.java:logGet(44)) - raft.server.log.appender.snapshot.chunk.size.max = 16MB (=16777216) (default)
2022-01-18 07:37:56,116 [grpc-default-executor-2] INFO  server.RaftServer$Division (RaftServerImpl.java:requestVote(1046)) - 89559d84-1b16-4899-8ec4-ad06327206a5@group-E25D9DE8FCD1: receive requestVote(ELECTION, 193ec444-8619-4e61-8099-b3665cc77475, group-E25D9DE8FCD1, 2, (t:0, i:0))
2022-01-18 07:37:56,120 [EventQueue-PipelineReportForPipelineReportHandler] INFO  ha.SCMHAInvocationHandler (SCMHAInvocationHandler.java:invokeRatis(113)) - Invoking method public abstract void org.apache.hadoop.hdds.scm.pipeline.PipelineStateManager.updatePipelineState(org.apache.hadoop.hdds.protocol.proto.HddsProtos$PipelineID,org.apache.hadoop.hdds.protocol.proto.HddsProtos$PipelineState) throws java.io.IOException on target org.apache.hadoop.hdds.scm.ha.SCMRatisServerImpl@51815d37, cost 5340.619us
2022-01-18 07:37:56,121 [89559d84-1b16-4899-8ec4-ad06327206a5@group-E25D9DE8FCD1-LeaderElection14] INFO  server.RaftServerConfigKeys (ConfUtils.java:logGet(44)) - raft.server.log.appender.buffer.byte-limit = 33554432 (custom)
2022-01-18 07:37:56,121 [EventQueue-OpenPipelineForHealthyPipelineSafeModeRule] INFO  safemode.SCMSafeModeManager (HealthyPipelineSafeModeRule.java:process(124)) - SCM in safe mode. Healthy pipelines reported count is 1, required healthy pipeline reported count is 1
2022-01-18 07:37:56,121 [EventQueue-OpenPipelineForHealthyPipelineSafeModeRule] INFO  safemode.SCMSafeModeManager (SCMSafeModeManager.java:validateSafeModeExitRules(204)) - HealthyPipelineSafeModeRule rule is successfully validated
2022-01-18 07:37:56,121 [EventQueue-OpenPipelineForHealthyPipelineSafeModeRule] INFO  safemode.SCMSafeModeManager (SCMSafeModeManager.java:validateSafeModeExitRules(219)) - ScmSafeModeManager, all rules are successfully validated
2022-01-18 07:37:56,121 [EventQueue-OpenPipelineForHealthyPipelineSafeModeRule] INFO  safemode.SCMSafeModeManager (SCMSafeModeManager.java:exitSafeMode(248)) - SCM exiting safe mode.
2022-01-18 07:37:56,121 [89559d84-1b16-4899-8ec4-ad06327206a5@group-E25D9DE8FCD1-LeaderElection14] INFO  server.RaftServerConfigKeys (ConfUtils.java:logGet(44)) - raft.server.log.appender.buffer.element-limit = 1 (custom)
2022-01-18 07:37:56,122 [89559d84-1b16-4899-8ec4-ad06327206a5@group-E25D9DE8FCD1-LeaderElection14] INFO  grpc.GrpcConfigKeys (ConfUtils.java:logGet(44)) - raft.grpc.server.leader.outstanding.appends.max = 128 (default)
2022-01-18 07:37:56,122 [89559d84-1b16-4899-8ec4-ad06327206a5@group-E25D9DE8FCD1-LeaderElection14] INFO  server.RaftServerConfigKeys (ConfUtils.java:logGet(44)) - raft.server.rpc.request.timeout = 60s (custom)
2022-01-18 07:37:56,121 [EventQueue-OpenPipelineForHealthyPipelineSafeModeRule] WARN  events.EventQueue (EventQueue.java:fireEvent(194)) - No event handler registered for event TypedEvent{payloadType=SafeModeStatus, name='Safe mode status'}
2022-01-18 07:37:56,122 [89559d84-1b16-4899-8ec4-ad06327206a5@group-E25D9DE8FCD1-LeaderElection14] INFO  server.RaftServerConfigKeys (ConfUtils.java:logGet(44)) - raft.server.log.appender.install.snapshot.enabled = false (custom)
2022-01-18 07:37:56,122 [EventQueue-OpenPipelineForHealthyPipelineSafeModeRule] INFO  ha.SCMContext (SCMContext.java:updateSafeModeStatus(211)) - Update SafeModeStatus from SafeModeStatus{safeModeStatus=true, preCheckPassed=true} to SafeModeStatus{safeModeStatus=false, preCheckPassed=true}.
2022-01-18 07:37:56,123 [EventQueue-OpenPipelineForHealthyPipelineSafeModeRule] INFO  container.ReplicationManager (ReplicationManager.java:notifyStatusChanged(1802)) - Service ReplicationManager transitions to RUNNING.
2022-01-18 07:37:56,123 [89559d84-1b16-4899-8ec4-ad06327206a5@group-E25D9DE8FCD1-LeaderElection14] INFO  impl.RoleInfo (RoleInfo.java:updateAndGet(130)) - 89559d84-1b16-4899-8ec4-ad06327206a5: start 89559d84-1b16-4899-8ec4-ad06327206a5@group-E25D9DE8FCD1-LeaderStateImpl
2022-01-18 07:37:56,123 [89559d84-1b16-4899-8ec4-ad06327206a5@group-E25D9DE8FCD1-LeaderElection14] INFO  segmented.SegmentedRaftLogWorker (SegmentedRaftLogWorker.java:startLogSegment(394)) - 89559d84-1b16-4899-8ec4-ad06327206a5@group-E25D9DE8FCD1-SegmentedRaftLogWorker: Starting segment from index:0
2022-01-18 07:37:56,125 [89559d84-1b16-4899-8ec4-ad06327206a5@group-E25D9DE8FCD1-SegmentedRaftLogWorker] INFO  segmented.SegmentedRaftLogWorker (SegmentedRaftLogWorker.java:execute(601)) - 89559d84-1b16-4899-8ec4-ad06327206a5@group-E25D9DE8FCD1-SegmentedRaftLogWorker: created new log segment /home/runner/work/ozone/ozone/hadoop-ozone/integration-test/target/test-dir/MiniOzoneClusterImpl-b5dc639d-ec1c-4769-97cf-b7d3d1b0d53f/datanode-0/data/ratis/125ff3de-0135-4f45-b44c-e25d9de8fcd1/current/log_inprogress_0
2022-01-18 07:37:56,133 [89559d84-1b16-4899-8ec4-ad06327206a5@group-E25D9DE8FCD1-LeaderElection14] INFO  server.RaftServer$Division (ServerState.java:setRaftConf(387)) - 89559d84-1b16-4899-8ec4-ad06327206a5@group-E25D9DE8FCD1: set configuration 0: [2dd6a96c-ac22-495a-916b-5475a07e9ac1|rpc:10.1.0.52:37121|dataStream:|priority:0, 89559d84-1b16-4899-8ec4-ad06327206a5|rpc:10.1.0.52:36661|dataStream:|priority:1, 193ec444-8619-4e61-8099-b3665cc77475|rpc:10.1.0.52:38791|dataStream:|priority:0], old=null
2022-01-18 07:37:56,140 [grpc-default-executor-1] INFO  server.RaftServer$Division (RaftServerImpl.java:setRole(290)) - 193ec444-8619-4e61-8099-b3665cc77475@group-E25D9DE8FCD1: changes role from CANDIDATE to FOLLOWER at term 2 for appendEntries
2022-01-18 07:37:56,141 [grpc-default-executor-1] INFO  impl.RoleInfo (RoleInfo.java:shutdownLeaderElection(121)) - 193ec444-8619-4e61-8099-b3665cc77475: shutdown 193ec444-8619-4e61-8099-b3665cc77475@group-E25D9DE8FCD1-LeaderElection15
2022-01-18 07:37:56,141 [grpc-default-executor-1] INFO  impl.RoleInfo (RoleInfo.java:updateAndGet(130)) - 193ec444-8619-4e61-8099-b3665cc77475: start 193ec444-8619-4e61-8099-b3665cc77475@group-E25D9DE8FCD1-FollowerState
2022-01-18 07:37:56,143 [grpc-default-executor-1] INFO  ratis.XceiverServerRatis (XceiverServerRatis.java:handleLeaderChangedNotification(866)) - Leader change notification received for group: group-E25D9DE8FCD1 with new leaderId: 89559d84-1b16-4899-8ec4-ad06327206a5
2022-01-18 07:37:56,144 [grpc-default-executor-1] INFO  server.RaftServer$Division (ServerState.java:setLeader(285)) - 193ec444-8619-4e61-8099-b3665cc77475@group-E25D9DE8FCD1: change Leader from null to 89559d84-1b16-4899-8ec4-ad06327206a5 at term 2 for appendEntries, leader elected after 10218ms
2022-01-18 07:37:56,144 [grpc-default-executor-2] INFO  impl.VoteContext (VoteContext.java:log(48)) - 89559d84-1b16-4899-8ec4-ad06327206a5@group-E25D9DE8FCD1-LEADER: reject ELECTION from 193ec444-8619-4e61-8099-b3665cc77475: already has voted for 89559d84-1b16-4899-8ec4-ad06327206a5 at current term 2
2022-01-18 07:37:56,144 [grpc-default-executor-2] INFO  server.RaftServer$Division (RaftServerImpl.java:requestVote(1078)) - 89559d84-1b16-4899-8ec4-ad06327206a5@group-E25D9DE8FCD1 replies to ELECTION vote request: 193ec444-8619-4e61-8099-b3665cc77475<-89559d84-1b16-4899-8ec4-ad06327206a5#0:FAIL-t2. Peer's state: 89559d84-1b16-4899-8ec4-ad06327206a5@group-E25D9DE8FCD1:t2, leader=89559d84-1b16-4899-8ec4-ad06327206a5, voted=89559d84-1b16-4899-8ec4-ad06327206a5, raftlog=89559d84-1b16-4899-8ec4-ad06327206a5@group-E25D9DE8FCD1-SegmentedRaftLog:OPENED:c-1, conf=0: [2dd6a96c-ac22-495a-916b-5475a07e9ac1|rpc:10.1.0.52:37121|dataStream:|priority:0, 89559d84-1b16-4899-8ec4-ad06327206a5|rpc:10.1.0.52:36661|dataStream:|priority:1, 193ec444-8619-4e61-8099-b3665cc77475|rpc:10.1.0.52:38791|dataStream:|priority:0], old=null
2022-01-18 07:37:56,145 [193ec444-8619-4e61-8099-b3665cc77475@group-E25D9DE8FCD1-LeaderElection15] INFO  impl.LeaderElection (LeaderElection.java:logAndReturn(89)) - 193ec444-8619-4e61-8099-b3665cc77475@group-E25D9DE8FCD1-LeaderElection15: ELECTION REJECTED received 2 response(s) and 0 exception(s):
2022-01-18 07:37:56,145 [193ec444-8619-4e61-8099-b3665cc77475@group-E25D9DE8FCD1-LeaderElection15] INFO  impl.LeaderElection (LeaderElection.java:logAndReturn(93)) -   Response 0: 193ec444-8619-4e61-8099-b3665cc77475<-2dd6a96c-ac22-495a-916b-5475a07e9ac1#0:FAIL-t2
2022-01-18 07:37:56,145 [193ec444-8619-4e61-8099-b3665cc77475@group-E25D9DE8FCD1-LeaderElection15] INFO  impl.LeaderElection (LeaderElection.java:logAndReturn(93)) -   Response 1: 193ec444-8619-4e61-8099-b3665cc77475<-89559d84-1b16-4899-8ec4-ad06327206a5#0:FAIL-t2
2022-01-18 07:37:56,145 [193ec444-8619-4e61-8099-b3665cc77475@group-E25D9DE8FCD1-LeaderElection15] INFO  impl.LeaderElection (LeaderElection.java:askForVotes(308)) - 193ec444-8619-4e61-8099-b3665cc77475@group-E25D9DE8FCD1-LeaderElection15 ELECTION round 0: result REJECTED
2022-01-18 07:37:56,153 [grpc-default-executor-2] INFO  ratis.XceiverServerRatis (XceiverServerRatis.java:handleLeaderChangedNotification(866)) - Leader change notification received for group: group-E25D9DE8FCD1 with new leaderId: 89559d84-1b16-4899-8ec4-ad06327206a5
2022-01-18 07:37:56,154 [grpc-default-executor-1] INFO  server.RaftServer$Division (ServerState.java:setRaftConf(387)) - 193ec444-8619-4e61-8099-b3665cc77475@group-E25D9DE8FCD1: set configuration 0: [2dd6a96c-ac22-495a-916b-5475a07e9ac1|rpc:10.1.0.52:37121|dataStream:|priority:0, 89559d84-1b16-4899-8ec4-ad06327206a5|rpc:10.1.0.52:36661|dataStream:|priority:1, 193ec444-8619-4e61-8099-b3665cc77475|rpc:10.1.0.52:38791|dataStream:|priority:0], old=null
2022-01-18 07:37:56,154 [grpc-default-executor-2] INFO  server.RaftServer$Division (ServerState.java:setLeader(285)) - 2dd6a96c-ac22-495a-916b-5475a07e9ac1@group-E25D9DE8FCD1: change Leader from null to 89559d84-1b16-4899-8ec4-ad06327206a5 at term 2 for appendEntries, leader elected after 10290ms
2022-01-18 07:37:56,154 [grpc-default-executor-1] INFO  segmented.SegmentedRaftLogWorker (SegmentedRaftLogWorker.java:startLogSegment(394)) - 193ec444-8619-4e61-8099-b3665cc77475@group-E25D9DE8FCD1-SegmentedRaftLogWorker: Starting segment from index:0
2022-01-18 07:37:56,156 [grpc-default-executor-2] INFO  server.RaftServer$Division (ServerState.java:setRaftConf(387)) - 2dd6a96c-ac22-495a-916b-5475a07e9ac1@group-E25D9DE8FCD1: set configuration 0: [2dd6a96c-ac22-495a-916b-5475a07e9ac1|rpc:10.1.0.52:37121|dataStream:|priority:0, 89559d84-1b16-4899-8ec4-ad06327206a5|rpc:10.1.0.52:36661|dataStream:|priority:1, 193ec444-8619-4e61-8099-b3665cc77475|rpc:10.1.0.52:38791|dataStream:|priority:0], old=null
2022-01-18 07:37:56,157 [grpc-default-executor-2] INFO  segmented.SegmentedRaftLogWorker (SegmentedRaftLogWorker.java:startLogSegment(394)) - 2dd6a96c-ac22-495a-916b-5475a07e9ac1@group-E25D9DE8FCD1-SegmentedRaftLogWorker: Starting segment from index:0
2022-01-18 07:37:56,160 [2dd6a96c-ac22-495a-916b-5475a07e9ac1@group-E25D9DE8FCD1-SegmentedRaftLogWorker] INFO  segmented.SegmentedRaftLogWorker (SegmentedRaftLogWorker.java:execute(601)) - 2dd6a96c-ac22-495a-916b-5475a07e9ac1@group-E25D9DE8FCD1-SegmentedRaftLogWorker: created new log segment /home/runner/work/ozone/ozone/hadoop-ozone/integration-test/target/test-dir/MiniOzoneClusterImpl-b5dc639d-ec1c-4769-97cf-b7d3d1b0d53f/datanode-1/data/ratis/125ff3de-0135-4f45-b44c-e25d9de8fcd1/current/log_inprogress_0
2022-01-18 07:37:56,160 [193ec444-8619-4e61-8099-b3665cc77475@group-E25D9DE8FCD1-SegmentedRaftLogWorker] INFO  segmented.SegmentedRaftLogWorker (SegmentedRaftLogWorker.java:execute(601)) - 193ec444-8619-4e61-8099-b3665cc77475@group-E25D9DE8FCD1-SegmentedRaftLogWorker: created new log segment /home/runner/work/ozone/ozone/hadoop-ozone/integration-test/target/test-dir/MiniOzoneClusterImpl-b5dc639d-ec1c-4769-97cf-b7d3d1b0d53f/datanode-2/data/ratis/125ff3de-0135-4f45-b44c-e25d9de8fcd1/current/log_inprogress_0
2022-01-18 07:37:56,997 [Listener at 127.0.0.1/33823] INFO  ozone.MiniOzoneClusterImpl (MiniOzoneClusterImpl.java:lambda$waitForClusterToBeReady$0(219)) - Nodes are ready. Got 3 of 3 DN Heartbeats.
2022-01-18 07:37:56,997 [Listener at 127.0.0.1/33823] INFO  ozone.MiniOzoneClusterImpl (MiniOzoneClusterImpl.java:lambda$waitForClusterToBeReady$0(222)) - Cluster exits safe mode
2022-01-18 07:37:56,998 [Listener at 127.0.0.1/33823] INFO  ozone.MiniOzoneClusterImpl (MiniOzoneClusterImpl.java:lambda$waitForClusterToBeReady$0(224)) - SCM became leader
]]></system-out>
  </testcase>
  <testcase name="testPrepareWithMultipleThreads" classname="org.apache.hadoop.ozone.om.TestOzoneManagerPrepare" time="7.066"/>
  <testcase name="testCancelPrepare" classname="org.apache.hadoop.ozone.om.TestOzoneManagerPrepare" time="12.298"/>
  <testcase name="testPrepareWithTransactions" classname="org.apache.hadoop.ozone.om.TestOzoneManagerPrepare" time="22.608"/>
  <testcase name="testPrepareDownedOM" classname="org.apache.hadoop.ozone.om.TestOzoneManagerPrepare" time="13.786"/>
  <testcase name="testPrepareWithRestart" classname="org.apache.hadoop.ozone.om.TestOzoneManagerPrepare" time="4.51">
    <error message="Could not determine or connect to OM Leader." type="java.io.IOException">java.io.IOException: Could not determine or connect to OM Leader.
	at org.apache.hadoop.ozone.om.protocolPB.Hadoop3OmTransport.submitRequest(Hadoop3OmTransport.java:96)
	at org.apache.hadoop.ozone.om.protocolPB.OzoneManagerProtocolClientSideTranslatorPB.submitRequest(OzoneManagerProtocolClientSideTranslatorPB.java:247)
	at org.apache.hadoop.ozone.om.protocolPB.OzoneManagerProtocolClientSideTranslatorPB.cancelOzoneManagerPrepare(OzoneManagerProtocolClientSideTranslatorPB.java:1673)
	at org.apache.hadoop.ozone.om.TestOzoneManagerPrepare.submitCancelPrepareRequest(TestOzoneManagerPrepare.java:430)
	at org.apache.hadoop.ozone.om.TestOzoneManagerPrepare.initOM(TestOzoneManagerPrepare.java:90)
	at sun.reflect.NativeMethodAccessorImpl.invoke0(Native Method)
	at sun.reflect.NativeMethodAccessorImpl.invoke(NativeMethodAccessorImpl.java:62)
	at sun.reflect.DelegatingMethodAccessorImpl.invoke(DelegatingMethodAccessorImpl.java:43)
	at java.lang.reflect.Method.invoke(Method.java:498)
	at org.junit.runners.model.FrameworkMethod$1.runReflectiveCall(FrameworkMethod.java:59)
	at org.junit.internal.runners.model.ReflectiveCallable.run(ReflectiveCallable.java:12)
	at org.junit.runners.model.FrameworkMethod.invokeExplosively(FrameworkMethod.java:56)
	at org.junit.internal.runners.statements.RunBefores.invokeMethod(RunBefores.java:33)
	at org.junit.internal.runners.statements.RunBefores.evaluate(RunBefores.java:24)
	at org.junit.internal.runners.statements.RunAfters.evaluate(RunAfters.java:27)
	at org.junit.rules.ExpectedException$ExpectedExceptionStatement.evaluate(ExpectedException.java:258)
	at org.junit.internal.runners.statements.FailOnTimeout$CallableStatement.call(FailOnTimeout.java:288)
	at org.junit.internal.runners.statements.FailOnTimeout$CallableStatement.call(FailOnTimeout.java:282)
	at java.util.concurrent.FutureTask.run(FutureTask.java:266)
	at java.lang.Thread.run(Thread.java:748)
</error>
    <system-out><![CDATA[2022-01-18 07:38:53,054 [Time-limited test] INFO  retry.RetryInvocationHandler (RetryInvocationHandler.java:log(411)) - com.google.protobuf.ServiceException: java.io.EOFException: End of File Exception between local host is: "fv-az270-89/10.1.0.52"; destination host is: "localhost":33823; : java.io.EOFException; For more details see:  http://wiki.apache.org/hadoop/EOFException, while invoking $Proxy53.submitRequest over nodeId=omNode-3,nodeAddress=127.0.0.1:33823. Trying to failover after sleeping for 2000ms.
2022-01-18 07:38:53,909 [omNode-3@group-523986131536-FollowerState] INFO  impl.FollowerState (FollowerState.java:run(134)) - omNode-3@group-523986131536-FollowerState: change to CANDIDATE, lastRpcElapsedTime:1194348027ns, electionTimeout:1193ms
2022-01-18 07:38:53,910 [omNode-3@group-523986131536-FollowerState] INFO  impl.RoleInfo (RoleInfo.java:shutdownFollowerState(108)) - omNode-3: shutdown omNode-3@group-523986131536-FollowerState
2022-01-18 07:38:53,910 [omNode-3@group-523986131536-FollowerState] INFO  server.RaftServer$Division (RaftServerImpl.java:setRole(290)) - omNode-3@group-523986131536: changes role from  FOLLOWER to CANDIDATE at term 4 for changeToCandidate
2022-01-18 07:38:53,910 [omNode-3@group-523986131536-FollowerState] INFO  server.RaftServerConfigKeys (ConfUtils.java:logGet(44)) - raft.server.leaderelection.pre-vote = false (custom)
2022-01-18 07:38:53,910 [omNode-3@group-523986131536-FollowerState] INFO  impl.RoleInfo (RoleInfo.java:updateAndGet(130)) - omNode-3: start omNode-3@group-523986131536-LeaderElection22
2022-01-18 07:38:53,916 [omNode-3@group-523986131536-LeaderElection22] INFO  impl.LeaderElection (LeaderElection.java:askForVotes(306)) - omNode-3@group-523986131536-LeaderElection22 ELECTION round 0: submit vote requests at term 5 for 363: [omNode-3|rpc:localhost:38999|admin:|client:|dataStream:|priority:0, omNode-1|rpc:localhost:37129|admin:|client:|dataStream:|priority:0, omNode-2|rpc:localhost:34309|admin:|client:|dataStream:|priority:0], old=null
2022-01-18 07:38:53,927 [grpc-default-executor-2] INFO  server.RaftServer$Division (RaftServerImpl.java:requestVote(1046)) - omNode-1@group-523986131536: receive requestVote(ELECTION, omNode-3, group-523986131536, 5, (t:4, i:468))
2022-01-18 07:38:53,927 [grpc-default-executor-2] INFO  impl.VoteContext (VoteContext.java:log(48)) - omNode-1@group-523986131536-FOLLOWER: accept ELECTION from omNode-3: our priority 0 <= candidate's priority 0
2022-01-18 07:38:53,928 [grpc-default-executor-2] INFO  server.RaftServer$Division (RaftServerImpl.java:setRole(290)) - omNode-1@group-523986131536: changes role from  FOLLOWER to FOLLOWER at term 5 for candidate:omNode-3
2022-01-18 07:38:53,928 [grpc-default-executor-2] INFO  impl.RoleInfo (RoleInfo.java:shutdownFollowerState(108)) - omNode-1: shutdown omNode-1@group-523986131536-FollowerState
2022-01-18 07:38:53,929 [grpc-default-executor-2] INFO  impl.RoleInfo (RoleInfo.java:updateAndGet(130)) - omNode-1: start omNode-1@group-523986131536-FollowerState
2022-01-18 07:38:53,931 [grpc-default-executor-0] INFO  server.RaftServer$Division (RaftServerImpl.java:requestVote(1046)) - omNode-2@group-523986131536: receive requestVote(ELECTION, omNode-3, group-523986131536, 5, (t:4, i:468))
2022-01-18 07:38:53,931 [grpc-default-executor-0] INFO  impl.VoteContext (VoteContext.java:log(48)) - omNode-2@group-523986131536-FOLLOWER: accept ELECTION from omNode-3: our priority 0 <= candidate's priority 0
2022-01-18 07:38:53,931 [grpc-default-executor-0] INFO  server.RaftServer$Division (RaftServerImpl.java:setRole(290)) - omNode-2@group-523986131536: changes role from  FOLLOWER to FOLLOWER at term 5 for candidate:omNode-3
2022-01-18 07:38:53,931 [grpc-default-executor-0] INFO  impl.RoleInfo (RoleInfo.java:shutdownFollowerState(108)) - omNode-2: shutdown omNode-2@group-523986131536-FollowerState
2022-01-18 07:38:53,931 [grpc-default-executor-0] INFO  impl.RoleInfo (RoleInfo.java:updateAndGet(130)) - omNode-2: start omNode-2@group-523986131536-FollowerState
2022-01-18 07:38:53,931 [omNode-2@group-523986131536-FollowerState] INFO  impl.FollowerState (FollowerState.java:run(143)) - omNode-2@group-523986131536-FollowerState was interrupted: {}
java.lang.InterruptedException: sleep interrupted
	at java.lang.Thread.sleep(Native Method)
	at java.lang.Thread.sleep(Thread.java:340)
	at java.util.concurrent.TimeUnit.sleep(TimeUnit.java:386)
	at org.apache.ratis.util.TimeDuration.sleep(TimeDuration.java:324)
	at org.apache.ratis.util.TimeDuration.sleep(TimeDuration.java:309)
	at org.apache.ratis.server.impl.FollowerState.run(FollowerState.java:118)
2022-01-18 07:38:53,931 [grpc-default-executor-2] INFO  server.RaftServer$Division (RaftServerImpl.java:requestVote(1078)) - omNode-1@group-523986131536 replies to ELECTION vote request: omNode-3<-omNode-1#0:OK-t5. Peer's state: omNode-1@group-523986131536:t5, leader=null, voted=omNode-3, raftlog=omNode-1@group-523986131536-SegmentedRaftLog:OPENED:c468, conf=363: [omNode-3|rpc:localhost:38999|admin:|client:|dataStream:|priority:0, omNode-1|rpc:localhost:37129|admin:|client:|dataStream:|priority:0, omNode-2|rpc:localhost:34309|admin:|client:|dataStream:|priority:0], old=null
2022-01-18 07:38:53,935 [omNode-1@group-523986131536-FollowerState] INFO  impl.FollowerState (FollowerState.java:run(134)) - omNode-1@group-523986131536-FollowerState: change to CANDIDATE, lastRpcElapsedTime:1064585231ns, electionTimeout:1056ms
2022-01-18 07:38:53,940 [omNode-1@group-523986131536-FollowerState] INFO  impl.RoleInfo (RoleInfo.java:shutdownFollowerState(108)) - omNode-1: shutdown omNode-1@group-523986131536-FollowerState
2022-01-18 07:38:53,940 [omNode-1@group-523986131536-FollowerState] INFO  server.RaftServer$Division (RaftServerImpl.java:setRole(290)) - omNode-1@group-523986131536: changes role from  FOLLOWER to CANDIDATE at term 5 for changeToCandidate
2022-01-18 07:38:53,941 [omNode-1@group-523986131536-FollowerState] INFO  server.RaftServerConfigKeys (ConfUtils.java:logGet(44)) - raft.server.leaderelection.pre-vote = false (custom)
2022-01-18 07:38:53,941 [omNode-1@group-523986131536-FollowerState] INFO  impl.FollowerState (FollowerState.java:run(143)) - omNode-1@group-523986131536-FollowerState was interrupted: {}
java.lang.InterruptedException: sleep interrupted
	at java.lang.Thread.sleep(Native Method)
	at java.lang.Thread.sleep(Thread.java:340)
	at java.util.concurrent.TimeUnit.sleep(TimeUnit.java:386)
	at org.apache.ratis.util.TimeDuration.sleep(TimeDuration.java:324)
	at org.apache.ratis.util.TimeDuration.sleep(TimeDuration.java:309)
	at org.apache.ratis.server.impl.FollowerState.run(FollowerState.java:118)
2022-01-18 07:38:53,941 [omNode-1@group-523986131536-FollowerState] INFO  impl.RoleInfo (RoleInfo.java:updateAndGet(130)) - omNode-1: start omNode-1@group-523986131536-LeaderElection23
2022-01-18 07:38:53,941 [grpc-default-executor-0] INFO  server.RaftServer$Division (RaftServerImpl.java:requestVote(1078)) - omNode-2@group-523986131536 replies to ELECTION vote request: omNode-3<-omNode-2#0:OK-t5. Peer's state: omNode-2@group-523986131536:t5, leader=null, voted=omNode-3, raftlog=omNode-2@group-523986131536-SegmentedRaftLog:OPENED:c468, conf=363: [omNode-3|rpc:localhost:38999|admin:|client:|dataStream:|priority:0, omNode-1|rpc:localhost:37129|admin:|client:|dataStream:|priority:0, omNode-2|rpc:localhost:34309|admin:|client:|dataStream:|priority:0], old=null
2022-01-18 07:38:53,950 [omNode-3@group-523986131536-LeaderElection22] INFO  impl.LeaderElection (LeaderElection.java:logAndReturn(89)) - omNode-3@group-523986131536-LeaderElection22: ELECTION PASSED received 1 response(s) and 0 exception(s):
2022-01-18 07:38:53,950 [omNode-3@group-523986131536-LeaderElection22] INFO  impl.LeaderElection (LeaderElection.java:logAndReturn(93)) -   Response 0: omNode-3<-omNode-1#0:OK-t5
2022-01-18 07:38:53,950 [omNode-3@group-523986131536-LeaderElection22] INFO  impl.LeaderElection (LeaderElection.java:askForVotes(308)) - omNode-3@group-523986131536-LeaderElection22 ELECTION round 0: result PASSED
2022-01-18 07:38:53,950 [omNode-3@group-523986131536-LeaderElection22] INFO  impl.RoleInfo (RoleInfo.java:shutdownLeaderElection(121)) - omNode-3: shutdown omNode-3@group-523986131536-LeaderElection22
2022-01-18 07:38:53,950 [omNode-3@group-523986131536-LeaderElection22] INFO  server.RaftServer$Division (RaftServerImpl.java:setRole(290)) - omNode-3@group-523986131536: changes role from CANDIDATE to LEADER at term 5 for changeToLeader
2022-01-18 07:38:53,950 [omNode-3@group-523986131536-LeaderElection22] INFO  server.RaftServer$Division (ServerState.java:setLeader(285)) - omNode-3@group-523986131536: change Leader from null to omNode-3 at term 5 for becomeLeader, leader elected after 1242ms
2022-01-18 07:38:53,950 [omNode-3@group-523986131536-LeaderElection22] INFO  server.RaftServerConfigKeys (ConfUtils.java:logGet(44)) - raft.server.staging.catchup.gap = 1000 (default)
2022-01-18 07:38:53,950 [omNode-3@group-523986131536-LeaderElection22] INFO  server.RaftServerConfigKeys (ConfUtils.java:logGet(44)) - raft.server.write.element-limit = 4096 (default)
2022-01-18 07:38:53,950 [omNode-3@group-523986131536-LeaderElection22] INFO  server.RaftServerConfigKeys (ConfUtils.java:logGet(44)) - raft.server.write.byte-limit = 64MB (=67108864) (default)
2022-01-18 07:38:53,951 [omNode-3@group-523986131536-LeaderElection22] INFO  server.RaftServerConfigKeys (ConfUtils.java:logGet(44)) - raft.server.watch.timeout = 10s (default)
2022-01-18 07:38:53,951 [omNode-3@group-523986131536-LeaderElection22] INFO  server.RaftServerConfigKeys (ConfUtils.java:logGet(44)) - raft.server.watch.timeout.denomination = 1s (default)
2022-01-18 07:38:53,951 [omNode-3@group-523986131536-LeaderElection22] INFO  server.RaftServerConfigKeys (ConfUtils.java:logGet(44)) - raft.server.watch.element-limit = 65536 (default)
2022-01-18 07:38:53,951 [omNode-3@group-523986131536-LeaderElection22] INFO  server.RaftServerConfigKeys (ConfUtils.java:logGet(44)) - raft.server.write.element-limit = 4096 (default)
2022-01-18 07:38:53,951 [omNode-3@group-523986131536-LeaderElection22] INFO  server.RaftServerConfigKeys (ConfUtils.java:logGet(44)) - raft.server.write.follower.gap.ratio.max = -1.0 (default)
2022-01-18 07:38:53,951 [omNode-3@group-523986131536-LeaderElection22] INFO  server.RaftServerConfigKeys (ConfUtils.java:logGet(44)) - raft.server.log.appender.snapshot.chunk.size.max = 16MB (=16777216) (default)
2022-01-18 07:38:53,951 [omNode-3@group-523986131536-LeaderElection22] INFO  server.RaftServerConfigKeys (ConfUtils.java:logGet(44)) - raft.server.log.appender.buffer.byte-limit = 33554432 (custom)
2022-01-18 07:38:53,951 [omNode-3@group-523986131536-LeaderElection22] INFO  server.RaftServerConfigKeys (ConfUtils.java:logGet(44)) - raft.server.log.appender.buffer.element-limit = 1024 (custom)
2022-01-18 07:38:53,951 [omNode-3@group-523986131536-LeaderElection22] INFO  grpc.GrpcConfigKeys (ConfUtils.java:logGet(44)) - raft.grpc.server.leader.outstanding.appends.max = 128 (default)
2022-01-18 07:38:53,951 [omNode-3@group-523986131536-LeaderElection22] INFO  server.RaftServerConfigKeys (ConfUtils.java:logGet(44)) - raft.server.rpc.request.timeout = 3000ms (default)
2022-01-18 07:38:53,951 [omNode-3@group-523986131536-LeaderElection22] INFO  server.RaftServerConfigKeys (ConfUtils.java:logGet(44)) - raft.server.log.appender.install.snapshot.enabled = false (custom)
2022-01-18 07:38:53,952 [omNode-3@group-523986131536-LeaderElection22] INFO  server.RaftServerConfigKeys (ConfUtils.java:logGet(44)) - raft.server.log.appender.snapshot.chunk.size.max = 16MB (=16777216) (default)
2022-01-18 07:38:53,952 [omNode-3@group-523986131536-LeaderElection22] INFO  server.RaftServerConfigKeys (ConfUtils.java:logGet(44)) - raft.server.log.appender.buffer.byte-limit = 33554432 (custom)
2022-01-18 07:38:53,952 [omNode-3@group-523986131536-LeaderElection22] INFO  server.RaftServerConfigKeys (ConfUtils.java:logGet(44)) - raft.server.log.appender.buffer.element-limit = 1024 (custom)
2022-01-18 07:38:53,953 [omNode-3@group-523986131536-LeaderElection22] INFO  grpc.GrpcConfigKeys (ConfUtils.java:logGet(44)) - raft.grpc.server.leader.outstanding.appends.max = 128 (default)
2022-01-18 07:38:53,953 [omNode-3@group-523986131536-LeaderElection22] INFO  server.RaftServerConfigKeys (ConfUtils.java:logGet(44)) - raft.server.rpc.request.timeout = 3000ms (default)
2022-01-18 07:38:53,953 [omNode-3@group-523986131536-LeaderElection22] INFO  server.RaftServerConfigKeys (ConfUtils.java:logGet(44)) - raft.server.log.appender.install.snapshot.enabled = false (custom)
2022-01-18 07:38:53,954 [omNode-3@group-523986131536-LeaderElection22] INFO  impl.RoleInfo (RoleInfo.java:updateAndGet(130)) - omNode-3: start omNode-3@group-523986131536-LeaderStateImpl
2022-01-18 07:38:53,954 [omNode-3@group-523986131536-LeaderElection22] INFO  segmented.SegmentedRaftLogWorker (SegmentedRaftLogWorker.java:rollLogSegment(399)) - omNode-3@group-523986131536-SegmentedRaftLogWorker: Rolling segment log-461_468 to index:468
2022-01-18 07:38:53,955 [omNode-3@group-523986131536-SegmentedRaftLogWorker] INFO  segmented.SegmentedRaftLogWorker (SegmentedRaftLogWorker.java:execute(558)) - omNode-3@group-523986131536-SegmentedRaftLogWorker: Rolled log segment from /home/runner/work/ozone/ozone/hadoop-ozone/integration-test/target/test-dir/MiniOzoneClusterImpl-b5dc639d-ec1c-4769-97cf-b7d3d1b0d53f/omNode-3/ratis/c9bc4cf4-3bc3-3c60-a66b-523986131536/current/log_inprogress_461 to /home/runner/work/ozone/ozone/hadoop-ozone/integration-test/target/test-dir/MiniOzoneClusterImpl-b5dc639d-ec1c-4769-97cf-b7d3d1b0d53f/omNode-3/ratis/c9bc4cf4-3bc3-3c60-a66b-523986131536/current/log_461-468
2022-01-18 07:38:53,961 [grpc-default-executor-0] INFO  server.RaftServer$Division (ServerState.java:setLeader(285)) - omNode-2@group-523986131536: change Leader from null to omNode-3 at term 5 for appendEntries, leader elected after 961ms
2022-01-18 07:38:53,967 [omNode-3@group-523986131536-LeaderElection22] INFO  server.RaftServer$Division (ServerState.java:setRaftConf(387)) - omNode-3@group-523986131536: set configuration 469: [omNode-3|rpc:localhost:38999|admin:|client:|dataStream:|priority:0, omNode-1|rpc:localhost:37129|admin:|client:|dataStream:|priority:0, omNode-2|rpc:localhost:34309|admin:|client:|dataStream:|priority:0], old=null
2022-01-18 07:38:53,967 [omNode-1@group-523986131536-LeaderElection23] INFO  impl.LeaderElection (LeaderElection.java:askForVotes(306)) - omNode-1@group-523986131536-LeaderElection23 ELECTION round 0: submit vote requests at term 6 for 363: [omNode-3|rpc:localhost:38999|admin:|client:|dataStream:|priority:0, omNode-1|rpc:localhost:37129|admin:|client:|dataStream:|priority:0, omNode-2|rpc:localhost:34309|admin:|client:|dataStream:|priority:0], old=null
2022-01-18 07:38:53,970 [omNode-3@group-523986131536-SegmentedRaftLogWorker] INFO  segmented.SegmentedRaftLogWorker (SegmentedRaftLogWorker.java:execute(601)) - omNode-3@group-523986131536-SegmentedRaftLogWorker: created new log segment /home/runner/work/ozone/ozone/hadoop-ozone/integration-test/target/test-dir/MiniOzoneClusterImpl-b5dc639d-ec1c-4769-97cf-b7d3d1b0d53f/omNode-3/ratis/c9bc4cf4-3bc3-3c60-a66b-523986131536/current/log_inprogress_469
2022-01-18 07:38:53,976 [grpc-default-executor-0] INFO  server.RaftServer$Division (ServerState.java:setRaftConf(387)) - omNode-2@group-523986131536: set configuration 469: [omNode-3|rpc:localhost:38999|admin:|client:|dataStream:|priority:0, omNode-1|rpc:localhost:37129|admin:|client:|dataStream:|priority:0, omNode-2|rpc:localhost:34309|admin:|client:|dataStream:|priority:0], old=null
2022-01-18 07:38:54,043 [omNode-3@group-523986131536-LeaderStateImpl] INFO  server.RaftServer$Division (ServerState.java:setLeader(285)) - omNode-3@group-523986131536: change Leader from omNode-3 to null at term 6 for updateCurrentTerm
2022-01-18 07:38:54,044 [omNode-3@group-523986131536-LeaderStateImpl] INFO  server.RaftServer$Division (RaftServerImpl.java:setRole(290)) - omNode-3@group-523986131536: changes role from    LEADER to FOLLOWER at term 6 for StepDownReason:HIGHER_TERM
2022-01-18 07:38:54,044 [omNode-3@group-523986131536-LeaderStateImpl] INFO  impl.RoleInfo (RoleInfo.java:shutdownLeaderState(91)) - omNode-3: shutdown omNode-3@group-523986131536-LeaderStateImpl
2022-01-18 07:38:54,044 [omNode-3@group-523986131536-LeaderStateImpl] INFO  impl.PendingRequests (PendingRequests.java:sendNotLeaderResponses(282)) - omNode-3@group-523986131536-PendingRequests: sendNotLeaderResponses
2022-01-18 07:38:54,046 [omNode-3@group-523986131536->omNode-1-GrpcLogAppender-LogAppenderDaemon] WARN  server.GrpcLogAppender (GrpcLogAppender.java:mayWait(177)) - omNode-3@group-523986131536->omNode-1-GrpcLogAppender: Wait interrupted by java.lang.InterruptedException
2022-01-18 07:38:54,046 [omNode-3@group-523986131536->omNode-2-GrpcLogAppender-LogAppenderDaemon] WARN  server.GrpcLogAppender (GrpcLogAppender.java:mayWait(177)) - omNode-3@group-523986131536->omNode-2-GrpcLogAppender: Wait interrupted by java.lang.InterruptedException
2022-01-18 07:38:54,046 [grpc-default-executor-3] INFO  server.GrpcServerProtocolService (GrpcServerProtocolService.java:onCompleted(140)) - omNode-1: Completed APPEND_ENTRIES, lastRequest: omNode-3->omNode-1#1-t5,previous=(t:4, i:468),leaderCommit=468,initializing? true,entries: size=1, first=(t:5, i:469), CONFIGURATIONENTRY
2022-01-18 07:38:54,049 [grpc-default-executor-0] INFO  segmented.SegmentedRaftLogWorker (SegmentedRaftLogWorker.java:rollLogSegment(399)) - omNode-2@group-523986131536-SegmentedRaftLogWorker: Rolling segment log-461_468 to index:468
2022-01-18 07:38:54,052 [grpc-default-executor-3] INFO  server.RaftServer$Division (RaftServerImpl.java:requestVote(1046)) - omNode-3@group-523986131536: receive requestVote(ELECTION, omNode-1, group-523986131536, 6, (t:4, i:468))
2022-01-18 07:38:54,053 [omNode-3@group-523986131536-LeaderStateImpl] INFO  impl.RoleInfo (RoleInfo.java:updateAndGet(130)) - omNode-3: start omNode-3@group-523986131536-FollowerState
2022-01-18 07:38:54,053 [grpc-default-executor-0] INFO  server.GrpcServerProtocolService (GrpcServerProtocolService.java:onCompleted(140)) - omNode-2: Completed APPEND_ENTRIES, lastRequest: omNode-3->omNode-2#1-t5,previous=(t:4, i:468),leaderCommit=468,initializing? true,entries: size=1, first=(t:5, i:469), CONFIGURATIONENTRY
2022-01-18 07:38:54,054 [omNode-2@group-523986131536-SegmentedRaftLogWorker] INFO  segmented.SegmentedRaftLogWorker (SegmentedRaftLogWorker.java:execute(558)) - omNode-2@group-523986131536-SegmentedRaftLogWorker: Rolled log segment from /home/runner/work/ozone/ozone/hadoop-ozone/integration-test/target/test-dir/MiniOzoneClusterImpl-b5dc639d-ec1c-4769-97cf-b7d3d1b0d53f/omNode-2/ratis/c9bc4cf4-3bc3-3c60-a66b-523986131536/current/log_inprogress_461 to /home/runner/work/ozone/ozone/hadoop-ozone/integration-test/target/test-dir/MiniOzoneClusterImpl-b5dc639d-ec1c-4769-97cf-b7d3d1b0d53f/omNode-2/ratis/c9bc4cf4-3bc3-3c60-a66b-523986131536/current/log_461-468
2022-01-18 07:38:54,057 [grpc-default-executor-2] INFO  server.GrpcLogAppender (GrpcLogAppender.java:onCompleted(346)) - omNode-3@group-523986131536->omNode-2-AppendLogResponseHandler: follower responses appendEntries COMPLETED
2022-01-18 07:38:54,057 [grpc-default-executor-2] INFO  leader.FollowerInfo (FollowerInfoImpl.java:lambda$new$0(47)) - omNode-3@group-523986131536->omNode-2: nextIndex: updateUnconditionally 470 -> 1
2022-01-18 07:38:54,057 [grpc-default-executor-3] INFO  impl.VoteContext (VoteContext.java:log(48)) - omNode-3@group-523986131536-FOLLOWER: reject ELECTION from omNode-1: our last entry (t:5, i:469) > candidate's last entry (t:4, i:468)
2022-01-18 07:38:54,057 [grpc-default-executor-3] INFO  server.RaftServer$Division (RaftServerImpl.java:setRole(290)) - omNode-3@group-523986131536: changes role from  FOLLOWER to FOLLOWER at term 6 for candidate:omNode-1
2022-01-18 07:38:54,057 [grpc-default-executor-3] INFO  impl.RoleInfo (RoleInfo.java:shutdownFollowerState(108)) - omNode-3: shutdown omNode-3@group-523986131536-FollowerState
2022-01-18 07:38:54,057 [grpc-default-executor-3] INFO  impl.RoleInfo (RoleInfo.java:updateAndGet(130)) - omNode-3: start omNode-3@group-523986131536-FollowerState
2022-01-18 07:38:54,058 [omNode-3@group-523986131536-FollowerState] INFO  impl.FollowerState (FollowerState.java:run(143)) - omNode-3@group-523986131536-FollowerState was interrupted: {}
java.lang.InterruptedException: sleep interrupted
	at java.lang.Thread.sleep(Native Method)
	at java.lang.Thread.sleep(Thread.java:340)
	at java.util.concurrent.TimeUnit.sleep(TimeUnit.java:386)
	at org.apache.ratis.util.TimeDuration.sleep(TimeDuration.java:324)
	at org.apache.ratis.util.TimeDuration.sleep(TimeDuration.java:309)
	at org.apache.ratis.server.impl.FollowerState.run(FollowerState.java:118)
2022-01-18 07:38:54,063 [grpc-default-executor-3] INFO  server.RaftServer$Division (RaftServerImpl.java:requestVote(1078)) - omNode-3@group-523986131536 replies to ELECTION vote request: omNode-1<-omNode-3#0:FAIL-t6. Peer's state: omNode-3@group-523986131536:t6, leader=null, voted=null, raftlog=omNode-3@group-523986131536-SegmentedRaftLog:OPENED:c468, conf=469: [omNode-3|rpc:localhost:38999|admin:|client:|dataStream:|priority:0, omNode-1|rpc:localhost:37129|admin:|client:|dataStream:|priority:0, omNode-2|rpc:localhost:34309|admin:|client:|dataStream:|priority:0], old=null
2022-01-18 07:38:54,064 [grpc-default-executor-4] INFO  server.GrpcLogAppender (GrpcLogAppender.java:onCompleted(346)) - omNode-3@group-523986131536->omNode-1-AppendLogResponseHandler: follower responses appendEntries COMPLETED
2022-01-18 07:38:54,064 [grpc-default-executor-4] INFO  leader.FollowerInfo (FollowerInfoImpl.java:lambda$new$0(47)) - omNode-3@group-523986131536->omNode-1: nextIndex: updateUnconditionally 470 -> 1
2022-01-18 07:38:54,069 [grpc-default-executor-5] INFO  server.RaftServer$Division (RaftServerImpl.java:requestVote(1046)) - omNode-2@group-523986131536: receive requestVote(ELECTION, omNode-1, group-523986131536, 6, (t:4, i:468))
2022-01-18 07:38:54,069 [grpc-default-executor-5] INFO  impl.VoteContext (VoteContext.java:log(48)) - omNode-2@group-523986131536-FOLLOWER: reject ELECTION from omNode-1: our last entry (t:5, i:469) > candidate's last entry (t:4, i:468)
2022-01-18 07:38:54,069 [grpc-default-executor-5] INFO  server.RaftServer$Division (ServerState.java:setLeader(285)) - omNode-2@group-523986131536: change Leader from omNode-3 to null at term 6 for updateCurrentTerm
2022-01-18 07:38:54,069 [grpc-default-executor-5] INFO  server.RaftServer$Division (RaftServerImpl.java:setRole(290)) - omNode-2@group-523986131536: changes role from  FOLLOWER to FOLLOWER at term 6 for candidate:omNode-1
2022-01-18 07:38:54,069 [grpc-default-executor-5] INFO  impl.RoleInfo (RoleInfo.java:shutdownFollowerState(108)) - omNode-2: shutdown omNode-2@group-523986131536-FollowerState
2022-01-18 07:38:54,069 [omNode-2@group-523986131536-SegmentedRaftLogWorker] INFO  segmented.SegmentedRaftLogWorker (SegmentedRaftLogWorker.java:execute(601)) - omNode-2@group-523986131536-SegmentedRaftLogWorker: created new log segment /home/runner/work/ozone/ozone/hadoop-ozone/integration-test/target/test-dir/MiniOzoneClusterImpl-b5dc639d-ec1c-4769-97cf-b7d3d1b0d53f/omNode-2/ratis/c9bc4cf4-3bc3-3c60-a66b-523986131536/current/log_inprogress_469
2022-01-18 07:38:54,070 [grpc-default-executor-5] INFO  impl.RoleInfo (RoleInfo.java:updateAndGet(130)) - omNode-2: start omNode-2@group-523986131536-FollowerState
2022-01-18 07:38:54,070 [omNode-2@group-523986131536-FollowerState] INFO  impl.FollowerState (FollowerState.java:run(143)) - omNode-2@group-523986131536-FollowerState was interrupted: {}
java.lang.InterruptedException: sleep interrupted
	at java.lang.Thread.sleep(Native Method)
	at java.lang.Thread.sleep(Thread.java:340)
	at java.util.concurrent.TimeUnit.sleep(TimeUnit.java:386)
	at org.apache.ratis.util.TimeDuration.sleep(TimeDuration.java:324)
	at org.apache.ratis.util.TimeDuration.sleep(TimeDuration.java:309)
	at org.apache.ratis.server.impl.FollowerState.run(FollowerState.java:118)
2022-01-18 07:38:54,078 [grpc-default-executor-5] INFO  server.RaftServer$Division (RaftServerImpl.java:requestVote(1078)) - omNode-2@group-523986131536 replies to ELECTION vote request: omNode-1<-omNode-2#0:FAIL-t6. Peer's state: omNode-2@group-523986131536:t6, leader=null, voted=null, raftlog=omNode-2@group-523986131536-SegmentedRaftLog:OPENED:c468, conf=469: [omNode-3|rpc:localhost:38999|admin:|client:|dataStream:|priority:0, omNode-1|rpc:localhost:37129|admin:|client:|dataStream:|priority:0, omNode-2|rpc:localhost:34309|admin:|client:|dataStream:|priority:0], old=null
2022-01-18 07:38:54,080 [omNode-1@group-523986131536-LeaderElection23] INFO  impl.LeaderElection (LeaderElection.java:logAndReturn(89)) - omNode-1@group-523986131536-LeaderElection23: ELECTION REJECTED received 2 response(s) and 0 exception(s):
2022-01-18 07:38:54,080 [omNode-1@group-523986131536-LeaderElection23] INFO  impl.LeaderElection (LeaderElection.java:logAndReturn(93)) -   Response 0: omNode-1<-omNode-3#0:FAIL-t6
2022-01-18 07:38:54,080 [omNode-1@group-523986131536-LeaderElection23] INFO  impl.LeaderElection (LeaderElection.java:logAndReturn(93)) -   Response 1: omNode-1<-omNode-2#0:FAIL-t6
2022-01-18 07:38:54,080 [omNode-1@group-523986131536-LeaderElection23] INFO  impl.LeaderElection (LeaderElection.java:askForVotes(308)) - omNode-1@group-523986131536-LeaderElection23 ELECTION round 0: result REJECTED
2022-01-18 07:38:54,081 [omNode-1@group-523986131536-LeaderElection23] INFO  server.RaftServer$Division (RaftServerImpl.java:setRole(290)) - omNode-1@group-523986131536: changes role from CANDIDATE to FOLLOWER at term 6 for REJECTED
2022-01-18 07:38:54,081 [omNode-1@group-523986131536-LeaderElection23] INFO  impl.RoleInfo (RoleInfo.java:shutdownLeaderElection(121)) - omNode-1: shutdown omNode-1@group-523986131536-LeaderElection23
2022-01-18 07:38:54,081 [omNode-1@group-523986131536-LeaderElection23] INFO  impl.RoleInfo (RoleInfo.java:updateAndGet(130)) - omNode-1: start omNode-1@group-523986131536-FollowerState
2022-01-18 07:38:55,069 [Time-limited test] INFO  retry.RetryInvocationHandler (RetryInvocationHandler.java:log(411)) - com.google.protobuf.ServiceException: org.apache.hadoop.ipc.RemoteException(org.apache.hadoop.ozone.om.exceptions.OMNotLeaderException): OM:omNode-1 is not the leader. Could not determine the leader node.
	at org.apache.hadoop.ozone.om.ratis.utils.OzoneManagerRatisUtils.createNotLeaderException(OzoneManagerRatisUtils.java:353)
	at org.apache.hadoop.ozone.om.ratis.utils.OzoneManagerRatisUtils.checkLeaderStatus(OzoneManagerRatisUtils.java:339)
	at org.apache.hadoop.ozone.protocolPB.OzoneManagerProtocolServerSideTranslatorPB.checkLeaderStatus(OzoneManagerProtocolServerSideTranslatorPB.java:279)
	at org.apache.hadoop.ozone.protocolPB.OzoneManagerProtocolServerSideTranslatorPB.processRequest(OzoneManagerProtocolServerSideTranslatorPB.java:158)
	at org.apache.hadoop.hdds.server.OzoneProtocolMessageDispatcher.processRequest(OzoneProtocolMessageDispatcher.java:87)
	at org.apache.hadoop.ozone.protocolPB.OzoneManagerProtocolServerSideTranslatorPB.submitRequest(OzoneManagerProtocolServerSideTranslatorPB.java:124)
	at org.apache.hadoop.ozone.protocol.proto.OzoneManagerProtocolProtos$OzoneManagerService$2.callBlockingMethod(OzoneManagerProtocolProtos.java)
	at org.apache.hadoop.ipc.ProtobufRpcEngine$Server.processCall(ProtobufRpcEngine.java:466)
	at org.apache.hadoop.ipc.ProtobufRpcEngine2$Server$ProtoBufRpcInvoker.call(ProtobufRpcEngine2.java:574)
	at org.apache.hadoop.ipc.ProtobufRpcEngine2$Server$ProtoBufRpcInvoker.call(ProtobufRpcEngine2.java:552)
	at org.apache.hadoop.ipc.RPC$Server.call(RPC.java:1093)
	at org.apache.hadoop.ipc.Server$RpcCall.run(Server.java:1035)
	at org.apache.hadoop.ipc.Server$RpcCall.run(Server.java:963)
	at java.security.AccessController.doPrivileged(Native Method)
	at javax.security.auth.Subject.doAs(Subject.java:422)
	at org.apache.hadoop.security.UserGroupInformation.doAs(UserGroupInformation.java:1878)
	at org.apache.hadoop.ipc.Server$Handler.run(Server.java:2966)
, while invoking $Proxy53.submitRequest over nodeId=omNode-1,nodeAddress=127.0.0.1:39603 after 1 failover attempts. Trying to failover immediately.
2022-01-18 07:38:55,082 [Time-limited test] INFO  retry.RetryInvocationHandler (RetryInvocationHandler.java:log(411)) - com.google.protobuf.ServiceException: org.apache.hadoop.ipc.RemoteException(org.apache.hadoop.ozone.om.exceptions.OMNotLeaderException): OM:omNode-2 is not the leader. Could not determine the leader node.
	at org.apache.hadoop.ozone.om.ratis.utils.OzoneManagerRatisUtils.createNotLeaderException(OzoneManagerRatisUtils.java:353)
	at org.apache.hadoop.ozone.om.ratis.utils.OzoneManagerRatisUtils.checkLeaderStatus(OzoneManagerRatisUtils.java:339)
	at org.apache.hadoop.ozone.protocolPB.OzoneManagerProtocolServerSideTranslatorPB.checkLeaderStatus(OzoneManagerProtocolServerSideTranslatorPB.java:279)
	at org.apache.hadoop.ozone.protocolPB.OzoneManagerProtocolServerSideTranslatorPB.processRequest(OzoneManagerProtocolServerSideTranslatorPB.java:158)
	at org.apache.hadoop.hdds.server.OzoneProtocolMessageDispatcher.processRequest(OzoneProtocolMessageDispatcher.java:87)
	at org.apache.hadoop.ozone.protocolPB.OzoneManagerProtocolServerSideTranslatorPB.submitRequest(OzoneManagerProtocolServerSideTranslatorPB.java:124)
	at org.apache.hadoop.ozone.protocol.proto.OzoneManagerProtocolProtos$OzoneManagerService$2.callBlockingMethod(OzoneManagerProtocolProtos.java)
	at org.apache.hadoop.ipc.ProtobufRpcEngine$Server.processCall(ProtobufRpcEngine.java:466)
	at org.apache.hadoop.ipc.ProtobufRpcEngine2$Server$ProtoBufRpcInvoker.call(ProtobufRpcEngine2.java:574)
	at org.apache.hadoop.ipc.ProtobufRpcEngine2$Server$ProtoBufRpcInvoker.call(ProtobufRpcEngine2.java:552)
	at org.apache.hadoop.ipc.RPC$Server.call(RPC.java:1093)
	at org.apache.hadoop.ipc.Server$RpcCall.run(Server.java:1035)
	at org.apache.hadoop.ipc.Server$RpcCall.run(Server.java:963)
	at java.security.AccessController.doPrivileged(Native Method)
	at javax.security.auth.Subject.doAs(Subject.java:422)
	at org.apache.hadoop.security.UserGroupInformation.doAs(UserGroupInformation.java:1878)
	at org.apache.hadoop.ipc.Server$Handler.run(Server.java:2966)
, while invoking $Proxy53.submitRequest over nodeId=omNode-2,nodeAddress=127.0.0.1:32993 after 2 failover attempts. Trying to failover immediately.
2022-01-18 07:38:55,088 [omNode-3@group-523986131536-FollowerState] INFO  impl.FollowerState (FollowerState.java:run(134)) - omNode-3@group-523986131536-FollowerState: change to CANDIDATE, lastRpcElapsedTime:1030196684ns, electionTimeout:1022ms
2022-01-18 07:38:55,088 [Time-limited test] INFO  retry.RetryInvocationHandler (RetryInvocationHandler.java:log(411)) - com.google.protobuf.ServiceException: org.apache.hadoop.ipc.RemoteException(org.apache.hadoop.ozone.om.exceptions.OMNotLeaderException): OM:omNode-3 is not the leader. Could not determine the leader node.
	at org.apache.hadoop.ozone.om.ratis.utils.OzoneManagerRatisUtils.createNotLeaderException(OzoneManagerRatisUtils.java:353)
	at org.apache.hadoop.ozone.om.ratis.utils.OzoneManagerRatisUtils.checkLeaderStatus(OzoneManagerRatisUtils.java:339)
	at org.apache.hadoop.ozone.protocolPB.OzoneManagerProtocolServerSideTranslatorPB.checkLeaderStatus(OzoneManagerProtocolServerSideTranslatorPB.java:279)
	at org.apache.hadoop.ozone.protocolPB.OzoneManagerProtocolServerSideTranslatorPB.processRequest(OzoneManagerProtocolServerSideTranslatorPB.java:158)
	at org.apache.hadoop.hdds.server.OzoneProtocolMessageDispatcher.processRequest(OzoneProtocolMessageDispatcher.java:87)
	at org.apache.hadoop.ozone.protocolPB.OzoneManagerProtocolServerSideTranslatorPB.submitRequest(OzoneManagerProtocolServerSideTranslatorPB.java:124)
	at org.apache.hadoop.ozone.protocol.proto.OzoneManagerProtocolProtos$OzoneManagerService$2.callBlockingMethod(OzoneManagerProtocolProtos.java)
	at org.apache.hadoop.ipc.ProtobufRpcEngine$Server.processCall(ProtobufRpcEngine.java:466)
	at org.apache.hadoop.ipc.ProtobufRpcEngine2$Server$ProtoBufRpcInvoker.call(ProtobufRpcEngine2.java:574)
	at org.apache.hadoop.ipc.ProtobufRpcEngine2$Server$ProtoBufRpcInvoker.call(ProtobufRpcEngine2.java:552)
	at org.apache.hadoop.ipc.RPC$Server.call(RPC.java:1093)
	at org.apache.hadoop.ipc.Server$RpcCall.run(Server.java:1035)
	at org.apache.hadoop.ipc.Server$RpcCall.run(Server.java:963)
	at java.security.AccessController.doPrivileged(Native Method)
	at javax.security.auth.Subject.doAs(Subject.java:422)
	at org.apache.hadoop.security.UserGroupInformation.doAs(UserGroupInformation.java:1878)
	at org.apache.hadoop.ipc.Server$Handler.run(Server.java:2966)
, while invoking $Proxy53.submitRequest over nodeId=omNode-3,nodeAddress=127.0.0.1:33823 after 3 failover attempts. Trying to failover after sleeping for 2000ms.
2022-01-18 07:38:55,088 [omNode-3@group-523986131536-FollowerState] INFO  impl.RoleInfo (RoleInfo.java:shutdownFollowerState(108)) - omNode-3: shutdown omNode-3@group-523986131536-FollowerState
2022-01-18 07:38:55,088 [omNode-3@group-523986131536-FollowerState] INFO  server.RaftServer$Division (RaftServerImpl.java:setRole(290)) - omNode-3@group-523986131536: changes role from  FOLLOWER to CANDIDATE at term 6 for changeToCandidate
2022-01-18 07:38:55,088 [omNode-3@group-523986131536-FollowerState] INFO  server.RaftServerConfigKeys (ConfUtils.java:logGet(44)) - raft.server.leaderelection.pre-vote = false (custom)
2022-01-18 07:38:55,088 [omNode-3@group-523986131536-FollowerState] INFO  impl.RoleInfo (RoleInfo.java:updateAndGet(130)) - omNode-3: start omNode-3@group-523986131536-LeaderElection24
2022-01-18 07:38:55,092 [omNode-3@group-523986131536-LeaderElection24] INFO  impl.LeaderElection (LeaderElection.java:askForVotes(306)) - omNode-3@group-523986131536-LeaderElection24 ELECTION round 0: submit vote requests at term 7 for 469: [omNode-3|rpc:localhost:38999|admin:|client:|dataStream:|priority:0, omNode-1|rpc:localhost:37129|admin:|client:|dataStream:|priority:0, omNode-2|rpc:localhost:34309|admin:|client:|dataStream:|priority:0], old=null
2022-01-18 07:38:55,094 [grpc-default-executor-5] INFO  server.RaftServer$Division (RaftServerImpl.java:requestVote(1046)) - omNode-1@group-523986131536: receive requestVote(ELECTION, omNode-3, group-523986131536, 7, (t:5, i:469))
2022-01-18 07:38:55,094 [grpc-default-executor-5] INFO  impl.VoteContext (VoteContext.java:log(48)) - omNode-1@group-523986131536-FOLLOWER: accept ELECTION from omNode-3: our last entry (t:4, i:468) < candidate's last entry (t:5, i:469)
2022-01-18 07:38:55,094 [grpc-default-executor-5] INFO  server.RaftServer$Division (RaftServerImpl.java:setRole(290)) - omNode-1@group-523986131536: changes role from  FOLLOWER to FOLLOWER at term 7 for candidate:omNode-3
2022-01-18 07:38:55,094 [grpc-default-executor-5] INFO  impl.RoleInfo (RoleInfo.java:shutdownFollowerState(108)) - omNode-1: shutdown omNode-1@group-523986131536-FollowerState
2022-01-18 07:38:55,094 [grpc-default-executor-5] INFO  impl.RoleInfo (RoleInfo.java:updateAndGet(130)) - omNode-1: start omNode-1@group-523986131536-FollowerState
2022-01-18 07:38:55,094 [omNode-1@group-523986131536-FollowerState] INFO  impl.FollowerState (FollowerState.java:run(143)) - omNode-1@group-523986131536-FollowerState was interrupted: {}
java.lang.InterruptedException: sleep interrupted
	at java.lang.Thread.sleep(Native Method)
	at java.lang.Thread.sleep(Thread.java:340)
	at java.util.concurrent.TimeUnit.sleep(TimeUnit.java:386)
	at org.apache.ratis.util.TimeDuration.sleep(TimeDuration.java:324)
	at org.apache.ratis.util.TimeDuration.sleep(TimeDuration.java:309)
	at org.apache.ratis.server.impl.FollowerState.run(FollowerState.java:118)
2022-01-18 07:38:55,097 [grpc-default-executor-3] INFO  server.RaftServer$Division (RaftServerImpl.java:requestVote(1046)) - omNode-2@group-523986131536: receive requestVote(ELECTION, omNode-3, group-523986131536, 7, (t:5, i:469))
2022-01-18 07:38:55,097 [grpc-default-executor-3] INFO  impl.VoteContext (VoteContext.java:log(48)) - omNode-2@group-523986131536-FOLLOWER: accept ELECTION from omNode-3: our priority 0 <= candidate's priority 0
2022-01-18 07:38:55,097 [grpc-default-executor-3] INFO  server.RaftServer$Division (RaftServerImpl.java:setRole(290)) - omNode-2@group-523986131536: changes role from  FOLLOWER to FOLLOWER at term 7 for candidate:omNode-3
2022-01-18 07:38:55,097 [grpc-default-executor-3] INFO  impl.RoleInfo (RoleInfo.java:shutdownFollowerState(108)) - omNode-2: shutdown omNode-2@group-523986131536-FollowerState
2022-01-18 07:38:55,099 [grpc-default-executor-3] INFO  impl.RoleInfo (RoleInfo.java:updateAndGet(130)) - omNode-2: start omNode-2@group-523986131536-FollowerState
2022-01-18 07:38:55,099 [omNode-2@group-523986131536-FollowerState] INFO  impl.FollowerState (FollowerState.java:run(143)) - omNode-2@group-523986131536-FollowerState was interrupted: {}
java.lang.InterruptedException: sleep interrupted
	at java.lang.Thread.sleep(Native Method)
	at java.lang.Thread.sleep(Thread.java:340)
	at java.util.concurrent.TimeUnit.sleep(TimeUnit.java:386)
	at org.apache.ratis.util.TimeDuration.sleep(TimeDuration.java:324)
	at org.apache.ratis.util.TimeDuration.sleep(TimeDuration.java:309)
	at org.apache.ratis.server.impl.FollowerState.run(FollowerState.java:118)
2022-01-18 07:38:55,101 [grpc-default-executor-3] INFO  server.RaftServer$Division (RaftServerImpl.java:requestVote(1078)) - omNode-2@group-523986131536 replies to ELECTION vote request: omNode-3<-omNode-2#0:OK-t7. Peer's state: omNode-2@group-523986131536:t7, leader=null, voted=omNode-3, raftlog=omNode-2@group-523986131536-SegmentedRaftLog:OPENED:c468, conf=469: [omNode-3|rpc:localhost:38999|admin:|client:|dataStream:|priority:0, omNode-1|rpc:localhost:37129|admin:|client:|dataStream:|priority:0, omNode-2|rpc:localhost:34309|admin:|client:|dataStream:|priority:0], old=null
2022-01-18 07:38:55,101 [grpc-default-executor-5] INFO  server.RaftServer$Division (RaftServerImpl.java:requestVote(1078)) - omNode-1@group-523986131536 replies to ELECTION vote request: omNode-3<-omNode-1#0:OK-t7. Peer's state: omNode-1@group-523986131536:t7, leader=null, voted=omNode-3, raftlog=omNode-1@group-523986131536-SegmentedRaftLog:OPENED:c468, conf=363: [omNode-3|rpc:localhost:38999|admin:|client:|dataStream:|priority:0, omNode-1|rpc:localhost:37129|admin:|client:|dataStream:|priority:0, omNode-2|rpc:localhost:34309|admin:|client:|dataStream:|priority:0], old=null
2022-01-18 07:38:55,102 [omNode-3@group-523986131536-LeaderElection24] INFO  impl.LeaderElection (LeaderElection.java:logAndReturn(89)) - omNode-3@group-523986131536-LeaderElection24: ELECTION PASSED received 1 response(s) and 0 exception(s):
2022-01-18 07:38:55,102 [omNode-3@group-523986131536-LeaderElection24] INFO  impl.LeaderElection (LeaderElection.java:logAndReturn(93)) -   Response 0: omNode-3<-omNode-1#0:OK-t7
2022-01-18 07:38:55,102 [omNode-3@group-523986131536-LeaderElection24] INFO  impl.LeaderElection (LeaderElection.java:askForVotes(308)) - omNode-3@group-523986131536-LeaderElection24 ELECTION round 0: result PASSED
2022-01-18 07:38:55,102 [omNode-3@group-523986131536-LeaderElection24] INFO  impl.RoleInfo (RoleInfo.java:shutdownLeaderElection(121)) - omNode-3: shutdown omNode-3@group-523986131536-LeaderElection24
2022-01-18 07:38:55,102 [omNode-3@group-523986131536-LeaderElection24] INFO  server.RaftServer$Division (RaftServerImpl.java:setRole(290)) - omNode-3@group-523986131536: changes role from CANDIDATE to LEADER at term 7 for changeToLeader
2022-01-18 07:38:55,102 [omNode-3@group-523986131536-LeaderElection24] INFO  server.RaftServer$Division (ServerState.java:setLeader(285)) - omNode-3@group-523986131536: change Leader from null to omNode-3 at term 7 for becomeLeader, leader elected after 1058ms
2022-01-18 07:38:55,102 [omNode-3@group-523986131536-LeaderElection24] INFO  server.RaftServerConfigKeys (ConfUtils.java:logGet(44)) - raft.server.staging.catchup.gap = 1000 (default)
2022-01-18 07:38:55,102 [omNode-3@group-523986131536-LeaderElection24] INFO  server.RaftServerConfigKeys (ConfUtils.java:logGet(44)) - raft.server.write.element-limit = 4096 (default)
2022-01-18 07:38:55,102 [omNode-3@group-523986131536-LeaderElection24] INFO  server.RaftServerConfigKeys (ConfUtils.java:logGet(44)) - raft.server.write.byte-limit = 64MB (=67108864) (default)
2022-01-18 07:38:55,103 [omNode-3@group-523986131536-LeaderElection24] INFO  server.RaftServerConfigKeys (ConfUtils.java:logGet(44)) - raft.server.watch.timeout = 10s (default)
2022-01-18 07:38:55,103 [omNode-3@group-523986131536-LeaderElection24] INFO  server.RaftServerConfigKeys (ConfUtils.java:logGet(44)) - raft.server.watch.timeout.denomination = 1s (default)
2022-01-18 07:38:55,103 [omNode-3@group-523986131536-LeaderElection24] INFO  server.RaftServerConfigKeys (ConfUtils.java:logGet(44)) - raft.server.watch.element-limit = 65536 (default)
2022-01-18 07:38:55,103 [omNode-3@group-523986131536-LeaderElection24] INFO  server.RaftServerConfigKeys (ConfUtils.java:logGet(44)) - raft.server.write.element-limit = 4096 (default)
2022-01-18 07:38:55,103 [omNode-3@group-523986131536-LeaderElection24] INFO  server.RaftServerConfigKeys (ConfUtils.java:logGet(44)) - raft.server.write.follower.gap.ratio.max = -1.0 (default)
2022-01-18 07:38:55,103 [omNode-3@group-523986131536-LeaderElection24] INFO  server.RaftServerConfigKeys (ConfUtils.java:logGet(44)) - raft.server.log.appender.snapshot.chunk.size.max = 16MB (=16777216) (default)
2022-01-18 07:38:55,103 [omNode-3@group-523986131536-LeaderElection24] INFO  server.RaftServerConfigKeys (ConfUtils.java:logGet(44)) - raft.server.log.appender.buffer.byte-limit = 33554432 (custom)
2022-01-18 07:38:55,103 [omNode-3@group-523986131536-LeaderElection24] INFO  server.RaftServerConfigKeys (ConfUtils.java:logGet(44)) - raft.server.log.appender.buffer.element-limit = 1024 (custom)
2022-01-18 07:38:55,103 [omNode-3@group-523986131536-LeaderElection24] INFO  grpc.GrpcConfigKeys (ConfUtils.java:logGet(44)) - raft.grpc.server.leader.outstanding.appends.max = 128 (default)
2022-01-18 07:38:55,103 [omNode-3@group-523986131536-LeaderElection24] INFO  server.RaftServerConfigKeys (ConfUtils.java:logGet(44)) - raft.server.rpc.request.timeout = 3000ms (default)
2022-01-18 07:38:55,103 [omNode-3@group-523986131536-LeaderElection24] INFO  server.RaftServerConfigKeys (ConfUtils.java:logGet(44)) - raft.server.log.appender.install.snapshot.enabled = false (custom)
2022-01-18 07:38:55,104 [omNode-3@group-523986131536-LeaderElection24] INFO  server.RaftServerConfigKeys (ConfUtils.java:logGet(44)) - raft.server.log.appender.snapshot.chunk.size.max = 16MB (=16777216) (default)
2022-01-18 07:38:55,104 [omNode-3@group-523986131536-LeaderElection24] INFO  server.RaftServerConfigKeys (ConfUtils.java:logGet(44)) - raft.server.log.appender.buffer.byte-limit = 33554432 (custom)
2022-01-18 07:38:55,104 [omNode-3@group-523986131536-LeaderElection24] INFO  server.RaftServerConfigKeys (ConfUtils.java:logGet(44)) - raft.server.log.appender.buffer.element-limit = 1024 (custom)
2022-01-18 07:38:55,104 [omNode-3@group-523986131536-LeaderElection24] INFO  grpc.GrpcConfigKeys (ConfUtils.java:logGet(44)) - raft.grpc.server.leader.outstanding.appends.max = 128 (default)
2022-01-18 07:38:55,104 [omNode-3@group-523986131536-LeaderElection24] INFO  server.RaftServerConfigKeys (ConfUtils.java:logGet(44)) - raft.server.rpc.request.timeout = 3000ms (default)
2022-01-18 07:38:55,104 [omNode-3@group-523986131536-LeaderElection24] INFO  server.RaftServerConfigKeys (ConfUtils.java:logGet(44)) - raft.server.log.appender.install.snapshot.enabled = false (custom)
2022-01-18 07:38:55,105 [omNode-3@group-523986131536-LeaderElection24] INFO  impl.RoleInfo (RoleInfo.java:updateAndGet(130)) - omNode-3: start omNode-3@group-523986131536-LeaderStateImpl
2022-01-18 07:38:55,105 [omNode-3@group-523986131536-LeaderElection24] INFO  segmented.SegmentedRaftLogWorker (SegmentedRaftLogWorker.java:rollLogSegment(399)) - omNode-3@group-523986131536-SegmentedRaftLogWorker: Rolling segment log-469_469 to index:469
2022-01-18 07:38:55,107 [omNode-3@group-523986131536-SegmentedRaftLogWorker] INFO  segmented.SegmentedRaftLogWorker (SegmentedRaftLogWorker.java:execute(558)) - omNode-3@group-523986131536-SegmentedRaftLogWorker: Rolled log segment from /home/runner/work/ozone/ozone/hadoop-ozone/integration-test/target/test-dir/MiniOzoneClusterImpl-b5dc639d-ec1c-4769-97cf-b7d3d1b0d53f/omNode-3/ratis/c9bc4cf4-3bc3-3c60-a66b-523986131536/current/log_inprogress_469 to /home/runner/work/ozone/ozone/hadoop-ozone/integration-test/target/test-dir/MiniOzoneClusterImpl-b5dc639d-ec1c-4769-97cf-b7d3d1b0d53f/omNode-3/ratis/c9bc4cf4-3bc3-3c60-a66b-523986131536/current/log_469-469
2022-01-18 07:38:55,115 [omNode-3@group-523986131536-LeaderElection24] INFO  server.RaftServer$Division (ServerState.java:setRaftConf(387)) - omNode-3@group-523986131536: set configuration 470: [omNode-3|rpc:localhost:38999|admin:|client:|dataStream:|priority:0, omNode-1|rpc:localhost:37129|admin:|client:|dataStream:|priority:0, omNode-2|rpc:localhost:34309|admin:|client:|dataStream:|priority:0], old=null
2022-01-18 07:38:55,117 [grpc-default-executor-5] INFO  server.RaftServer$Division (ServerState.java:setLeader(285)) - omNode-1@group-523986131536: change Leader from null to omNode-3 at term 7 for appendEntries, leader elected after 2266ms
2022-01-18 07:38:55,117 [grpc-default-executor-5] INFO  server.RaftServer$Division (RaftServerImpl.java:checkInconsistentAppendEntries(1322)) - omNode-1@group-523986131536: Failed appendEntries as previous log entry ((t:5, i:469)) is not found
2022-01-18 07:38:55,117 [grpc-default-executor-5] INFO  server.RaftServer$Division (RaftServerImpl.java:checkInconsistentAppendEntries(1288)) - omNode-1@group-523986131536: inconsistency entries. Reply:omNode-3<-omNode-1#0:FAIL-t7,INCONSISTENCY,nextIndex=469,followerCommit=468
2022-01-18 07:38:55,119 [grpc-default-executor-3] INFO  leader.FollowerInfo (FollowerInfoImpl.java:lambda$new$0(47)) - omNode-3@group-523986131536->omNode-1: nextIndex: updateUnconditionally 471 -> 469
2022-01-18 07:38:55,120 [grpc-default-executor-5] INFO  server.RaftServer$Division (RaftServerImpl.java:checkInconsistentAppendEntries(1322)) - omNode-1@group-523986131536: Failed appendEntries as previous log entry ((t:5, i:469)) is not found
2022-01-18 07:38:55,120 [grpc-default-executor-5] INFO  server.RaftServer$Division (RaftServerImpl.java:checkInconsistentAppendEntries(1288)) - omNode-1@group-523986131536: inconsistency entries. Reply:omNode-3<-omNode-1#1:FAIL-t7,INCONSISTENCY,nextIndex=469,followerCommit=468
2022-01-18 07:38:55,120 [grpc-default-executor-3] INFO  leader.FollowerInfo (FollowerInfoImpl.java:lambda$new$0(47)) - omNode-3@group-523986131536->omNode-1: nextIndex: updateUnconditionally 469 -> 469
2022-01-18 07:38:55,122 [omNode-3@group-523986131536-SegmentedRaftLogWorker] INFO  segmented.SegmentedRaftLogWorker (SegmentedRaftLogWorker.java:execute(601)) - omNode-3@group-523986131536-SegmentedRaftLogWorker: created new log segment /home/runner/work/ozone/ozone/hadoop-ozone/integration-test/target/test-dir/MiniOzoneClusterImpl-b5dc639d-ec1c-4769-97cf-b7d3d1b0d53f/omNode-3/ratis/c9bc4cf4-3bc3-3c60-a66b-523986131536/current/log_inprogress_470
2022-01-18 07:38:55,122 [grpc-default-executor-5] INFO  server.RaftServer$Division (ServerState.java:setRaftConf(387)) - omNode-1@group-523986131536: set configuration 469: [omNode-3|rpc:localhost:38999|admin:|client:|dataStream:|priority:0, omNode-1|rpc:localhost:37129|admin:|client:|dataStream:|priority:0, omNode-2|rpc:localhost:34309|admin:|client:|dataStream:|priority:0], old=null
2022-01-18 07:38:55,122 [grpc-default-executor-5] INFO  server.RaftServer$Division (ServerState.java:setRaftConf(387)) - omNode-1@group-523986131536: set configuration 470: [omNode-3|rpc:localhost:38999|admin:|client:|dataStream:|priority:0, omNode-1|rpc:localhost:37129|admin:|client:|dataStream:|priority:0, omNode-2|rpc:localhost:34309|admin:|client:|dataStream:|priority:0], old=null
2022-01-18 07:38:55,122 [grpc-default-executor-5] INFO  segmented.SegmentedRaftLogWorker (SegmentedRaftLogWorker.java:rollLogSegment(399)) - omNode-1@group-523986131536-SegmentedRaftLogWorker: Rolling segment log-461_468 to index:468
2022-01-18 07:38:55,123 [grpc-default-executor-5] INFO  segmented.SegmentedRaftLogWorker (SegmentedRaftLogWorker.java:rollLogSegment(399)) - omNode-1@group-523986131536-SegmentedRaftLogWorker: Rolling segment log-469_469 to index:469
2022-01-18 07:38:55,123 [omNode-1@group-523986131536-SegmentedRaftLogWorker] INFO  segmented.SegmentedRaftLogWorker (SegmentedRaftLogWorker.java:execute(558)) - omNode-1@group-523986131536-SegmentedRaftLogWorker: Rolled log segment from /home/runner/work/ozone/ozone/hadoop-ozone/integration-test/target/test-dir/MiniOzoneClusterImpl-b5dc639d-ec1c-4769-97cf-b7d3d1b0d53f/omNode-1/ratis/c9bc4cf4-3bc3-3c60-a66b-523986131536/current/log_inprogress_461 to /home/runner/work/ozone/ozone/hadoop-ozone/integration-test/target/test-dir/MiniOzoneClusterImpl-b5dc639d-ec1c-4769-97cf-b7d3d1b0d53f/omNode-1/ratis/c9bc4cf4-3bc3-3c60-a66b-523986131536/current/log_461-468
2022-01-18 07:38:55,128 [grpc-default-executor-5] INFO  server.RaftServer$Division (ServerState.java:setLeader(285)) - omNode-2@group-523986131536: change Leader from null to omNode-3 at term 7 for appendEntries, leader elected after 1058ms
2022-01-18 07:38:55,128 [grpc-default-executor-3] INFO  server.RaftServer$Division (ServerState.java:setRaftConf(387)) - omNode-2@group-523986131536: set configuration 470: [omNode-3|rpc:localhost:38999|admin:|client:|dataStream:|priority:0, omNode-1|rpc:localhost:37129|admin:|client:|dataStream:|priority:0, omNode-2|rpc:localhost:34309|admin:|client:|dataStream:|priority:0], old=null
2022-01-18 07:38:55,129 [grpc-default-executor-3] INFO  segmented.SegmentedRaftLogWorker (SegmentedRaftLogWorker.java:rollLogSegment(399)) - omNode-2@group-523986131536-SegmentedRaftLogWorker: Rolling segment log-469_469 to index:469
2022-01-18 07:38:55,129 [omNode-2@group-523986131536-SegmentedRaftLogWorker] INFO  segmented.SegmentedRaftLogWorker (SegmentedRaftLogWorker.java:execute(558)) - omNode-2@group-523986131536-SegmentedRaftLogWorker: Rolled log segment from /home/runner/work/ozone/ozone/hadoop-ozone/integration-test/target/test-dir/MiniOzoneClusterImpl-b5dc639d-ec1c-4769-97cf-b7d3d1b0d53f/omNode-2/ratis/c9bc4cf4-3bc3-3c60-a66b-523986131536/current/log_inprogress_469 to /home/runner/work/ozone/ozone/hadoop-ozone/integration-test/target/test-dir/MiniOzoneClusterImpl-b5dc639d-ec1c-4769-97cf-b7d3d1b0d53f/omNode-2/ratis/c9bc4cf4-3bc3-3c60-a66b-523986131536/current/log_469-469
2022-01-18 07:38:55,159 [omNode-1@group-523986131536-SegmentedRaftLogWorker] INFO  segmented.SegmentedRaftLogWorker (SegmentedRaftLogWorker.java:execute(601)) - omNode-1@group-523986131536-SegmentedRaftLogWorker: created new log segment /home/runner/work/ozone/ozone/hadoop-ozone/integration-test/target/test-dir/MiniOzoneClusterImpl-b5dc639d-ec1c-4769-97cf-b7d3d1b0d53f/omNode-1/ratis/c9bc4cf4-3bc3-3c60-a66b-523986131536/current/log_inprogress_469
2022-01-18 07:38:55,160 [omNode-2@group-523986131536-SegmentedRaftLogWorker] INFO  segmented.SegmentedRaftLogWorker (SegmentedRaftLogWorker.java:execute(601)) - omNode-2@group-523986131536-SegmentedRaftLogWorker: created new log segment /home/runner/work/ozone/ozone/hadoop-ozone/integration-test/target/test-dir/MiniOzoneClusterImpl-b5dc639d-ec1c-4769-97cf-b7d3d1b0d53f/omNode-2/ratis/c9bc4cf4-3bc3-3c60-a66b-523986131536/current/log_inprogress_470
2022-01-18 07:38:55,161 [omNode-1@group-523986131536-SegmentedRaftLogWorker] INFO  segmented.SegmentedRaftLogWorker (SegmentedRaftLogWorker.java:execute(558)) - omNode-1@group-523986131536-SegmentedRaftLogWorker: Rolled log segment from /home/runner/work/ozone/ozone/hadoop-ozone/integration-test/target/test-dir/MiniOzoneClusterImpl-b5dc639d-ec1c-4769-97cf-b7d3d1b0d53f/omNode-1/ratis/c9bc4cf4-3bc3-3c60-a66b-523986131536/current/log_inprogress_469 to /home/runner/work/ozone/ozone/hadoop-ozone/integration-test/target/test-dir/MiniOzoneClusterImpl-b5dc639d-ec1c-4769-97cf-b7d3d1b0d53f/omNode-1/ratis/c9bc4cf4-3bc3-3c60-a66b-523986131536/current/log_469-469
2022-01-18 07:38:55,170 [omNode-3@group-523986131536-StateMachineUpdater] INFO  ratis.OzoneManagerStateMachine (OzoneManagerStateMachine.java:notifyConfigurationChanged(188)) - Received Configuration change notification from Ratis. New Peer list:
[id: "omNode-3"
address: "localhost:38999"
, id: "omNode-1"
address: "localhost:37129"
, id: "omNode-2"
address: "localhost:34309"
]
2022-01-18 07:38:55,173 [omNode-3@group-523986131536-StateMachineUpdater] INFO  ratis.OzoneManagerStateMachine (OzoneManagerStateMachine.java:notifyConfigurationChanged(188)) - Received Configuration change notification from Ratis. New Peer list:
[id: "omNode-3"
address: "localhost:38999"
, id: "omNode-1"
address: "localhost:37129"
, id: "omNode-2"
address: "localhost:34309"
]
2022-01-18 07:38:55,174 [omNode-1@group-523986131536-SegmentedRaftLogWorker] INFO  segmented.SegmentedRaftLogWorker (SegmentedRaftLogWorker.java:execute(601)) - omNode-1@group-523986131536-SegmentedRaftLogWorker: created new log segment /home/runner/work/ozone/ozone/hadoop-ozone/integration-test/target/test-dir/MiniOzoneClusterImpl-b5dc639d-ec1c-4769-97cf-b7d3d1b0d53f/omNode-1/ratis/c9bc4cf4-3bc3-3c60-a66b-523986131536/current/log_inprogress_470
2022-01-18 07:38:55,177 [omNode-2@group-523986131536-StateMachineUpdater] INFO  ratis.OzoneManagerStateMachine (OzoneManagerStateMachine.java:notifyConfigurationChanged(188)) - Received Configuration change notification from Ratis. New Peer list:
[id: "omNode-3"
address: "localhost:38999"
, id: "omNode-1"
address: "localhost:37129"
, id: "omNode-2"
address: "localhost:34309"
]
2022-01-18 07:38:55,178 [omNode-2@group-523986131536-StateMachineUpdater] INFO  ratis.OzoneManagerStateMachine (OzoneManagerStateMachine.java:notifyConfigurationChanged(188)) - Received Configuration change notification from Ratis. New Peer list:
[id: "omNode-3"
address: "localhost:38999"
, id: "omNode-1"
address: "localhost:37129"
, id: "omNode-2"
address: "localhost:34309"
]
2022-01-18 07:38:55,185 [omNode-1@group-523986131536-StateMachineUpdater] INFO  ratis.OzoneManagerStateMachine (OzoneManagerStateMachine.java:notifyConfigurationChanged(188)) - Received Configuration change notification from Ratis. New Peer list:
[id: "omNode-3"
address: "localhost:38999"
, id: "omNode-1"
address: "localhost:37129"
, id: "omNode-2"
address: "localhost:34309"
]
2022-01-18 07:38:55,185 [omNode-1@group-523986131536-StateMachineUpdater] INFO  ratis.OzoneManagerStateMachine (OzoneManagerStateMachine.java:notifyConfigurationChanged(188)) - Received Configuration change notification from Ratis. New Peer list:
[id: "omNode-3"
address: "localhost:38999"
, id: "omNode-1"
address: "localhost:37129"
, id: "omNode-2"
address: "localhost:34309"
]
2022-01-18 07:38:57,094 [Time-limited test] INFO  retry.RetryInvocationHandler (RetryInvocationHandler.java:log(411)) - com.google.protobuf.ServiceException: org.apache.hadoop.ipc.RemoteException(org.apache.hadoop.ozone.om.exceptions.OMNotLeaderException): OM:omNode-1 is not the leader. Could not determine the leader node.
	at org.apache.hadoop.ozone.om.ratis.utils.OzoneManagerRatisUtils.createNotLeaderException(OzoneManagerRatisUtils.java:353)
	at org.apache.hadoop.ozone.om.ratis.utils.OzoneManagerRatisUtils.checkLeaderStatus(OzoneManagerRatisUtils.java:339)
	at org.apache.hadoop.ozone.protocolPB.OzoneManagerProtocolServerSideTranslatorPB.checkLeaderStatus(OzoneManagerProtocolServerSideTranslatorPB.java:279)
	at org.apache.hadoop.ozone.protocolPB.OzoneManagerProtocolServerSideTranslatorPB.processRequest(OzoneManagerProtocolServerSideTranslatorPB.java:158)
	at org.apache.hadoop.hdds.server.OzoneProtocolMessageDispatcher.processRequest(OzoneProtocolMessageDispatcher.java:87)
	at org.apache.hadoop.ozone.protocolPB.OzoneManagerProtocolServerSideTranslatorPB.submitRequest(OzoneManagerProtocolServerSideTranslatorPB.java:124)
	at org.apache.hadoop.ozone.protocol.proto.OzoneManagerProtocolProtos$OzoneManagerService$2.callBlockingMethod(OzoneManagerProtocolProtos.java)
	at org.apache.hadoop.ipc.ProtobufRpcEngine$Server.processCall(ProtobufRpcEngine.java:466)
	at org.apache.hadoop.ipc.ProtobufRpcEngine2$Server$ProtoBufRpcInvoker.call(ProtobufRpcEngine2.java:574)
	at org.apache.hadoop.ipc.ProtobufRpcEngine2$Server$ProtoBufRpcInvoker.call(ProtobufRpcEngine2.java:552)
	at org.apache.hadoop.ipc.RPC$Server.call(RPC.java:1093)
	at org.apache.hadoop.ipc.Server$RpcCall.run(Server.java:1035)
	at org.apache.hadoop.ipc.Server$RpcCall.run(Server.java:963)
	at java.security.AccessController.doPrivileged(Native Method)
	at javax.security.auth.Subject.doAs(Subject.java:422)
	at org.apache.hadoop.security.UserGroupInformation.doAs(UserGroupInformation.java:1878)
	at org.apache.hadoop.ipc.Server$Handler.run(Server.java:2966)
, while invoking $Proxy53.submitRequest over nodeId=omNode-1,nodeAddress=127.0.0.1:39603 after 4 failover attempts. Trying to failover immediately.
2022-01-18 07:38:57,097 [Time-limited test] ERROR ha.OMFailoverProxyProvider (OMFailoverProxyProvider.java:getRetryAction(296)) - Failed to connect to OMs: [nodeId=omNode-3,nodeAddress=127.0.0.1:33823, nodeId=omNode-1,nodeAddress=127.0.0.1:39603, nodeId=omNode-2,nodeAddress=127.0.0.1:32993]. Attempted 5 failovers.
2022-01-18 07:38:57,097 [Time-limited test] INFO  om.OzoneManager (OzoneManager.java:stop(1893)) - omNode-3[localhost:33823]: Stopping Ozone Manager
2022-01-18 07:38:57,097 [Time-limited test] INFO  ipc.Server (Server.java:stop(3414)) - Stopping server on 33823
2022-01-18 07:38:57,099 [IPC Server Responder] INFO  ipc.Server (Server.java:run(1512)) - Stopping IPC Server Responder
2022-01-18 07:38:57,099 [IPC Server listener on 33823] INFO  ipc.Server (Server.java:run(1376)) - Stopping IPC Server listener on 33823
2022-01-18 07:38:57,100 [Time-limited test] INFO  server.RaftServer (RaftServerProxy.java:lambda$close$6(391)) - omNode-3: close
2022-01-18 07:38:57,100 [Time-limited test] INFO  server.RaftServer$Division (RaftServerImpl.java:lambda$close$4(412)) - omNode-3@group-523986131536: shutdown
2022-01-18 07:38:57,100 [Time-limited test] INFO  util.JmxRegister (JmxRegister.java:unregister(73)) - Successfully un-registered JMX Bean with object name Ratis:service=RaftServer,group=group-523986131536,id=omNode-3
2022-01-18 07:38:57,100 [Time-limited test] INFO  impl.RoleInfo (RoleInfo.java:shutdownLeaderState(91)) - omNode-3: shutdown omNode-3@group-523986131536-LeaderStateImpl
2022-01-18 07:38:57,101 [omNode-3@group-523986131536->omNode-1-GrpcLogAppender-LogAppenderDaemon] WARN  server.GrpcLogAppender (GrpcLogAppender.java:mayWait(177)) - omNode-3@group-523986131536->omNode-1-GrpcLogAppender: Wait interrupted by java.lang.InterruptedException
2022-01-18 07:38:57,101 [omNode-3@group-523986131536->omNode-2-GrpcLogAppender-LogAppenderDaemon] WARN  server.GrpcLogAppender (GrpcLogAppender.java:mayWait(177)) - omNode-3@group-523986131536->omNode-2-GrpcLogAppender: Wait interrupted by java.lang.InterruptedException
2022-01-18 07:38:57,101 [Time-limited test] INFO  impl.PendingRequests (PendingRequests.java:sendNotLeaderResponses(282)) - omNode-3@group-523986131536-PendingRequests: sendNotLeaderResponses
2022-01-18 07:38:57,101 [grpc-default-executor-5] INFO  server.GrpcServerProtocolService (GrpcServerProtocolService.java:onCompleted(140)) - omNode-1: Completed APPEND_ENTRIES, lastRequest: omNode-3->omNode-1#7-t7,previous=(t:7, i:470),leaderCommit=470,initializing? true,entries: size=1, first=(t:7, i:471), METADATAENTRY(c:470)
2022-01-18 07:38:57,101 [grpc-default-executor-3] INFO  server.GrpcServerProtocolService (GrpcServerProtocolService.java:onCompleted(140)) - omNode-2: Completed APPEND_ENTRIES, lastRequest: omNode-3->omNode-2#2-t7,previous=(t:7, i:470),leaderCommit=470,initializing? true,entries: size=1, first=(t:7, i:471), METADATAENTRY(c:470)
2022-01-18 07:38:57,102 [grpc-default-executor-5] INFO  server.GrpcLogAppender (GrpcLogAppender.java:onCompleted(346)) - omNode-3@group-523986131536->omNode-2-AppendLogResponseHandler: follower responses appendEntries COMPLETED
2022-01-18 07:38:57,103 [grpc-default-executor-5] INFO  leader.FollowerInfo (FollowerInfoImpl.java:lambda$new$0(47)) - omNode-3@group-523986131536->omNode-2: nextIndex: updateUnconditionally 472 -> 471
2022-01-18 07:38:57,103 [grpc-default-executor-4] INFO  server.GrpcLogAppender (GrpcLogAppender.java:onCompleted(346)) - omNode-3@group-523986131536->omNode-1-AppendLogResponseHandler: follower responses appendEntries COMPLETED
2022-01-18 07:38:57,103 [grpc-default-executor-4] INFO  leader.FollowerInfo (FollowerInfoImpl.java:lambda$new$0(47)) - omNode-3@group-523986131536->omNode-1: nextIndex: updateUnconditionally 472 -> 471
2022-01-18 07:38:57,104 [omNode-3@group-523986131536-StateMachineUpdater] INFO  ratis.OzoneManagerStateMachine (OzoneManagerStateMachine.java:takeSnapshot(417)) - Current Snapshot Index (t:7, i:471)
2022-01-18 07:38:57,105 [omNode-3@group-523986131536-StateMachineUpdater] INFO  impl.StateMachineUpdater (StateMachineUpdater.java:takeSnapshot(281)) - omNode-3@group-523986131536-StateMachineUpdater: Took a snapshot at index 471
2022-01-18 07:38:57,105 [omNode-3@group-523986131536-StateMachineUpdater] INFO  impl.StateMachineUpdater (StateMachineUpdater.java:lambda$new$0(89)) - omNode-3@group-523986131536-StateMachineUpdater: snapshotIndex: updateIncreasingly 468 -> 471
2022-01-18 07:38:57,105 [omNode-3@group-523986131536-StateMachineUpdater] INFO  ratis.OzoneManagerStateMachine (OzoneManagerStateMachine.java:close(471)) - StateMachine has shutdown. Shutdown OzoneManager if not already shutdown.
2022-01-18 07:38:57,105 [Time-limited test] INFO  impl.StateMachineUpdater (StateMachineUpdater.java:stopAndJoin(149)) - omNode-3@group-523986131536-StateMachineUpdater: set stopIndex = 471
2022-01-18 07:38:57,105 [Time-limited test] INFO  server.RaftServer$Division (ServerState.java:close(419)) - omNode-3@group-523986131536: closes. applyIndex: 471
2022-01-18 07:38:57,105 [omNode-3@group-523986131536-SegmentedRaftLogWorker] INFO  segmented.SegmentedRaftLogWorker (SegmentedRaftLogWorker.java:run(327)) - omNode-3@group-523986131536-SegmentedRaftLogWorker was interrupted, exiting. There are 0 tasks remaining in the queue.
2022-01-18 07:38:57,106 [Time-limited test] INFO  segmented.SegmentedRaftLogWorker (SegmentedRaftLogWorker.java:close(237)) - omNode-3@group-523986131536-SegmentedRaftLogWorker close()
2022-01-18 07:38:57,107 [Time-limited test] INFO  server.GrpcService (GrpcService.java:closeImpl(262)) - omNode-3: shutdown server with port 38999 now
2022-01-18 07:38:57,114 [Time-limited test] INFO  server.GrpcService (GrpcService.java:closeImpl(271)) - omNode-3: shutdown server with port 38999 successfully
2022-01-18 07:38:57,114 [org.apache.ratis.util.JvmPauseMonitor$$Lambda$422/1423507882@3fde5b98] INFO  util.JvmPauseMonitor (JvmPauseMonitor.java:run(109)) - JvmPauseMonitor-omNode-3: Stopped
2022-01-18 07:38:57,115 [Time-limited test] INFO  ratis.OzoneManagerDoubleBuffer (OzoneManagerDoubleBuffer.java:stop(437)) - Stopping OMDoubleBuffer flush thread
2022-01-18 07:38:57,115 [OMDoubleBufferFlushThread] INFO  ratis.OzoneManagerDoubleBuffer (OzoneManagerDoubleBuffer.java:flushTransactions(356)) - OMDoubleBuffer flush thread OMDoubleBufferFlushThread is interrupted and will exit. OMDoubleBufferFlushThread
2022-01-18 07:38:57,118 [Time-limited test] INFO  handler.ContextHandler (ContextHandler.java:doStop(1153)) - Stopped o.e.j.w.WebAppContext@39480390{ozoneManager,/,null,STOPPED}{file:/home/runner/work/ozone/ozone/hadoop-ozone/integration-test/target/test-classes/webapps/ozoneManager}
2022-01-18 07:38:57,119 [Time-limited test] INFO  server.AbstractConnector (AbstractConnector.java:doStop(381)) - Stopped ServerConnector@3a35cfc4{HTTP/1.1, (http/1.1)}{0.0.0.0:35099}
2022-01-18 07:38:57,119 [Time-limited test] INFO  server.session (HouseKeeper.java:stopScavenging(149)) - node0 Stopped scavenging
2022-01-18 07:38:57,119 [Time-limited test] INFO  handler.ContextHandler (ContextHandler.java:doStop(1153)) - Stopped o.e.j.s.ServletContextHandler@52015ddc{static,/static,file:///home/runner/work/ozone/ozone/hadoop-ozone/integration-test/target/test-classes/webapps/static,STOPPED}
2022-01-18 07:38:57,120 [Time-limited test] INFO  handler.ContextHandler (ContextHandler.java:doStop(1153)) - Stopped o.e.j.s.ServletContextHandler@639cf236{logs,/logs,file:///home/runner/work/ozone/ozone/hadoop-ozone/integration-test/target/log,STOPPED}
2022-01-18 07:38:57,122 [Time-limited test] INFO  om.OzoneManager (OzoneManager.java:restart(1451)) - OzoneManager RPC server is listening at localhost/127.0.0.1:33823
2022-01-18 07:38:57,122 [Time-limited test] INFO  impl.MetricsSystemImpl (MetricsSystemImpl.java:init(158)) - OzoneManager metrics system started (again)
2022-01-18 07:38:57,136 [Time-limited test] WARN  server.ServerUtils (ServerUtils.java:getDBPath(225)) - ozone.om.db.dirs is not configured. We recommend adding this setting. Falling back to ozone.metadata.dirs instead.
2022-01-18 07:38:57,137 [Time-limited test] INFO  codec.OmKeyInfoCodec (OmKeyInfoCodec.java:<init>(50)) - OmKeyInfoCodec ignorePipeline = true
2022-01-18 07:38:57,137 [Time-limited test] INFO  codec.RepeatedOmKeyInfoCodec (RepeatedOmKeyInfoCodec.java:<init>(42)) - RepeatedOmKeyInfoCodec ignorePipeline = true
2022-01-18 07:38:57,178 [Time-limited test] WARN  impl.MetricRegistriesImpl (MetricRegistriesImpl.java:addReporterRegistration(111)) - New reporters are added after registries were created. Some metrics will be missing from the reporter. Please add reporter before adding any new registry.
2022-01-18 07:38:57,179 [Time-limited test] WARN  impl.MetricRegistriesImpl (MetricRegistriesImpl.java:addReporterRegistration(111)) - New reporters are added after registries were created. Some metrics will be missing from the reporter. Please add reporter before adding any new registry.
2022-01-18 07:38:57,179 [Time-limited test] WARN  server.ServerUtils (ServerUtils.java:getDefaultRatisDirectory(237)) - Storage directory for Ratis is not configured. It is a good idea to map this to an SSD disk. Falling back to ozone.metadata.dirs
2022-01-18 07:38:57,180 [Time-limited test] INFO  ratis.OzoneManagerRatisServer (OzoneManagerRatisServer.java:<init>(159)) - Instantiating OM Ratis server with groupID: om-service-test1 and peers: localhost:38999, localhost:37129, localhost:34309
2022-01-18 07:38:57,180 [Time-limited test] INFO  ratis.OzoneManagerStateMachine (OzoneManagerStateMachine.java:loadSnapshotInfoFromDB(605)) - LastAppliedIndex is set from TransactionInfo from OM DB as (t:7, i:471)
2022-01-18 07:38:57,180 [Time-limited test] INFO  server.RaftServer (ConfUtils.java:logGet(44)) - raft.rpc.type = GRPC (default)
2022-01-18 07:38:57,180 [Time-limited test] INFO  grpc.GrpcFactory (GrpcFactory.java:checkPooledByteBufAllocatorUseCacheForAllThreads(48)) - PERFORMANCE WARNING: useCacheForAllThreads is true that may cause Netty to create a lot garbage objects and, as a result, trigger GC.
	It is recommended to disable useCacheForAllThreads by setting -Dorg.apache.ratis.thirdparty.io.netty.allocator.useCacheForAllThreads=false in command line.
2022-01-18 07:38:57,181 [Time-limited test] INFO  grpc.GrpcConfigKeys (ConfUtils.java:logGet(44)) - raft.grpc.admin.port = -1 (default)
2022-01-18 07:38:57,181 [Time-limited test] INFO  grpc.GrpcConfigKeys (ConfUtils.java:logGet(44)) - raft.grpc.server.port = 38999 (custom)
2022-01-18 07:38:57,181 [Time-limited test] INFO  grpc.GrpcConfigKeys (ConfUtils.java:logGet(44)) - raft.grpc.client.port = -1 (default)
2022-01-18 07:38:57,181 [Time-limited test] INFO  grpc.GrpcConfigKeys (ConfUtils.java:logGet(44)) - raft.grpc.server.port = 38999 (custom)
2022-01-18 07:38:57,181 [Time-limited test] INFO  grpc.GrpcConfigKeys (ConfUtils.java:logGet(44)) - raft.grpc.server.port = 38999 (custom)
2022-01-18 07:38:57,181 [Time-limited test] INFO  server.GrpcService (ConfUtils.java:logGet(44)) - raft.grpc.message.size.max = 33554432 (custom)
2022-01-18 07:38:57,181 [Time-limited test] INFO  server.RaftServerConfigKeys (ConfUtils.java:logGet(44)) - raft.server.log.appender.buffer.byte-limit = 33554432 (custom)
2022-01-18 07:38:57,181 [Time-limited test] INFO  server.GrpcService (ConfUtils.java:logGet(44)) - raft.grpc.flow.control.window = 1MB (=1048576) (default)
2022-01-18 07:38:57,181 [Time-limited test] INFO  server.RaftServerConfigKeys (ConfUtils.java:logGet(44)) - raft.server.rpc.request.timeout = 3000ms (default)
2022-01-18 07:38:57,182 [Time-limited test] INFO  impl.DataStreamServerImpl (ConfUtils.java:logGet(44)) - raft.datastream.type = DISABLED (default)
2022-01-18 07:38:57,183 [Time-limited test] INFO  server.RaftServerConfigKeys (ConfUtils.java:logGet(44)) - raft.server.rpc.slowness.timeout = 2s (custom)
2022-01-18 07:38:57,183 [Time-limited test] INFO  server.RaftServerConfigKeys (ConfUtils.java:logGet(44)) - raft.server.leaderelection.leader.step-down.wait-time = 10s (default)
2022-01-18 07:38:57,183 [Time-limited test] INFO  server.RaftServerConfigKeys (ConfUtils.java:logGet(44)) - raft.server.storage.dir = [/home/runner/work/ozone/ozone/hadoop-ozone/integration-test/target/test-dir/MiniOzoneClusterImpl-b5dc639d-ec1c-4769-97cf-b7d3d1b0d53f/omNode-3/ratis] (custom)
2022-01-18 07:38:57,183 [Time-limited test] INFO  server.RaftServer (RaftServerProxy.java:lambda$null$1(235)) - omNode-3: found a subdirectory /home/runner/work/ozone/ozone/hadoop-ozone/integration-test/target/test-dir/MiniOzoneClusterImpl-b5dc639d-ec1c-4769-97cf-b7d3d1b0d53f/omNode-3/ratis/c9bc4cf4-3bc3-3c60-a66b-523986131536
2022-01-18 07:38:57,183 [Time-limited test] INFO  server.RaftServer (RaftServerProxy.java:addNew(95)) - omNode-3: addNew group-523986131536:[omNode-3|rpc:localhost:38999|priority:0, omNode-1|rpc:localhost:37129|priority:0, omNode-2|rpc:localhost:34309|priority:0] returns group-523986131536:java.util.concurrent.CompletableFuture@71380e73[Not completed]
2022-01-18 07:38:57,183 [Time-limited test] INFO  om.OzoneManager (OzoneManager.java:initializeRatisServer(1834)) - OzoneManager Ratis server initialized at port 38999
2022-01-18 07:38:57,183 [Time-limited test] INFO  ratis.OzoneManagerRatisServer (OzoneManagerRatisServer.java:start(554)) - Starting OzoneManagerRatisServer omNode-3 at port 38999
2022-01-18 07:38:57,183 [pool-565-thread-1] INFO  server.RaftServer$Division (RaftServerImpl.java:<init>(184)) - omNode-3: new RaftServerImpl for group-523986131536:[omNode-3|rpc:localhost:38999|priority:0, omNode-1|rpc:localhost:37129|priority:0, omNode-2|rpc:localhost:34309|priority:0] with OzoneManagerStateMachine:uninitialized
2022-01-18 07:38:57,185 [pool-565-thread-1] INFO  server.RaftServerConfigKeys (ConfUtils.java:logGet(44)) - raft.server.rpc.timeout.min = 1s (custom)
2022-01-18 07:38:57,185 [pool-565-thread-1] INFO  server.RaftServerConfigKeys (ConfUtils.java:logGet(44)) - raft.server.rpc.timeout.max = 1200ms (custom)
2022-01-18 07:38:57,185 [pool-565-thread-1] INFO  server.RaftServerConfigKeys (ConfUtils.java:logGet(44)) - raft.server.rpc.sleep.time = 25ms (default)
2022-01-18 07:38:57,185 [pool-565-thread-1] INFO  server.RaftServerConfigKeys (ConfUtils.java:logGet(44)) - raft.server.rpc.slowness.timeout = 2s (custom)
2022-01-18 07:38:57,185 [pool-565-thread-1] INFO  server.RaftServerConfigKeys (ConfUtils.java:logGet(44)) - raft.server.leaderelection.leader.step-down.wait-time = 10s (default)
2022-01-18 07:38:57,185 [pool-565-thread-1] INFO  server.RaftServerConfigKeys (ConfUtils.java:logGet(44)) - raft.server.sleep.deviation.threshold = 300ms (default)
2022-01-18 07:38:57,185 [pool-565-thread-1] INFO  server.RaftServerConfigKeys (ConfUtils.java:logGet(44)) - raft.server.log.appender.install.snapshot.enabled = false (custom)
2022-01-18 07:38:57,185 [pool-565-thread-1] INFO  server.RaftServer$Division (ServerState.java:<init>(105)) - omNode-3@group-523986131536: ConfigurationManager, init=-1: [omNode-3|rpc:localhost:38999|priority:0, omNode-1|rpc:localhost:37129|priority:0, omNode-2|rpc:localhost:34309|priority:0], old=null, confs=<EMPTY_MAP>
2022-01-18 07:38:57,185 [pool-565-thread-1] INFO  server.RaftServerConfigKeys (ConfUtils.java:logGet(44)) - raft.server.storage.dir = [/home/runner/work/ozone/ozone/hadoop-ozone/integration-test/target/test-dir/MiniOzoneClusterImpl-b5dc639d-ec1c-4769-97cf-b7d3d1b0d53f/omNode-3/ratis] (custom)
2022-01-18 07:38:57,185 [pool-565-thread-1] INFO  server.RaftServerConfigKeys (ConfUtils.java:logGet(44)) - raft.server.log.corruption.policy = EXCEPTION (default)
2022-01-18 07:38:57,185 [pool-565-thread-1] INFO  server.RaftServerConfigKeys (ConfUtils.java:logGet(44)) - raft.server.storage.free-space.min = 0MB (=0) (default)
2022-01-18 07:38:57,188 [pool-565-thread-1] INFO  storage.RaftStorageDirectory (RaftStorageDirectoryImpl.java:tryLock(230)) - Lock on /home/runner/work/ozone/ozone/hadoop-ozone/integration-test/target/test-dir/MiniOzoneClusterImpl-b5dc639d-ec1c-4769-97cf-b7d3d1b0d53f/omNode-3/ratis/c9bc4cf4-3bc3-3c60-a66b-523986131536/in_use.lock acquired by nodename 8507@fv-az270-89
2022-01-18 07:38:57,188 [pool-565-thread-1] INFO  storage.RaftStorage (RaftStorageImpl.java:analyzeAndRecoverStorage(110)) - Read RaftStorageMetadata{term=7, votedFor=omNode-3} from /home/runner/work/ozone/ozone/hadoop-ozone/integration-test/target/test-dir/MiniOzoneClusterImpl-b5dc639d-ec1c-4769-97cf-b7d3d1b0d53f/omNode-3/ratis/c9bc4cf4-3bc3-3c60-a66b-523986131536/current/raft-meta
2022-01-18 07:38:57,189 [pool-565-thread-1] INFO  server.RaftServer$Division (ServerState.java:setRaftConf(387)) - omNode-3@group-523986131536: set configuration 470: [omNode-3|rpc:localhost:38999|admin:|client:|dataStream:|priority:0, omNode-1|rpc:localhost:37129|admin:|client:|dataStream:|priority:0, omNode-2|rpc:localhost:34309|admin:|client:|dataStream:|priority:0], old=null
2022-01-18 07:38:57,189 [pool-565-thread-1] INFO  server.RaftServerConfigKeys (ConfUtils.java:logGet(44)) - raft.server.notification.no-leader.timeout = 2s (custom)
2022-01-18 07:38:57,189 [pool-565-thread-1] INFO  server.RaftServerConfigKeys (ConfUtils.java:logGet(44)) - raft.server.log.use.memory = false (default)
2022-01-18 07:38:57,189 [pool-565-thread-1] INFO  server.RaftServerConfigKeys (ConfUtils.java:logGet(44)) - raft.server.log.purge.gap = 50 (custom)
2022-01-18 07:38:57,189 [pool-565-thread-1] INFO  server.RaftServerConfigKeys (ConfUtils.java:logGet(44)) - raft.server.log.appender.buffer.byte-limit = 33554432 (custom)
2022-01-18 07:38:57,189 [pool-565-thread-1] INFO  server.RaftServerConfigKeys (ConfUtils.java:logGet(44)) - raft.server.log.segment.size.max = 4194304 (custom)
2022-01-18 07:38:57,190 [pool-565-thread-1] INFO  server.RaftServerConfigKeys (ConfUtils.java:logGet(44)) - raft.server.log.segment.cache.num.max = 2 (custom)
2022-01-18 07:38:57,190 [pool-565-thread-1] INFO  server.RaftServerConfigKeys (ConfUtils.java:logGet(44)) - raft.server.log.segment.cache.size.max = 200MB (=209715200) (default)
2022-01-18 07:38:57,190 [pool-565-thread-1] INFO  segmented.SegmentedRaftLogWorker (SegmentedRaftLogWorker.java:<init>(182)) - new omNode-3@group-523986131536-SegmentedRaftLogWorker for RaftStorageImpl:Storage Directory /home/runner/work/ozone/ozone/hadoop-ozone/integration-test/target/test-dir/MiniOzoneClusterImpl-b5dc639d-ec1c-4769-97cf-b7d3d1b0d53f/omNode-3/ratis/c9bc4cf4-3bc3-3c60-a66b-523986131536
2022-01-18 07:38:57,190 [pool-565-thread-1] INFO  server.RaftServerConfigKeys (ConfUtils.java:logGet(44)) - raft.server.log.queue.byte-limit = 64MB (=67108864) (default)
2022-01-18 07:38:57,190 [pool-565-thread-1] INFO  server.RaftServerConfigKeys (ConfUtils.java:logGet(44)) - raft.server.log.queue.element-limit = 4096 (default)
2022-01-18 07:38:57,190 [pool-565-thread-1] INFO  server.RaftServerConfigKeys (ConfUtils.java:logGet(44)) - raft.server.log.segment.size.max = 4194304 (custom)
2022-01-18 07:38:57,190 [pool-565-thread-1] INFO  server.RaftServerConfigKeys (ConfUtils.java:logGet(44)) - raft.server.log.preallocated.size = 4194304 (custom)
2022-01-18 07:38:57,195 [pool-565-thread-1] INFO  server.RaftServerConfigKeys (ConfUtils.java:logGet(44)) - raft.server.log.force.sync.num = 128 (default)
2022-01-18 07:38:57,195 [pool-565-thread-1] INFO  server.RaftServerConfigKeys (ConfUtils.java:logGet(44)) - raft.server.log.statemachine.data.sync = true (default)
2022-01-18 07:38:57,195 [pool-565-thread-1] INFO  server.RaftServerConfigKeys (ConfUtils.java:logGet(44)) - raft.server.log.statemachine.data.sync.timeout = 10s (default)
2022-01-18 07:38:57,195 [pool-565-thread-1] INFO  server.RaftServerConfigKeys (ConfUtils.java:logGet(44)) - raft.server.log.statemachine.data.sync.timeout.retry = -1 (default)
2022-01-18 07:38:57,196 [pool-565-thread-1] INFO  server.RaftServerConfigKeys (ConfUtils.java:logGet(44)) - raft.server.log.write.buffer.size = 64KB (=65536) (default)
2022-01-18 07:38:57,197 [pool-565-thread-1] INFO  server.RaftServerConfigKeys (ConfUtils.java:logGet(44)) - raft.server.log.statemachine.data.caching.enabled = false (default)
2022-01-18 07:38:57,200 [pool-565-thread-1] INFO  segmented.LogSegment (LogSegment.java:loadSegment(173)) - Successfully read 8 entries from segment file /home/runner/work/ozone/ozone/hadoop-ozone/integration-test/target/test-dir/MiniOzoneClusterImpl-b5dc639d-ec1c-4769-97cf-b7d3d1b0d53f/omNode-3/ratis/c9bc4cf4-3bc3-3c60-a66b-523986131536/current/log_461-468
2022-01-18 07:38:57,203 [pool-565-thread-1] INFO  server.RaftServer$Division (ServerState.java:setRaftConf(387)) - omNode-3@group-523986131536: set configuration 469: [omNode-3|rpc:localhost:38999|admin:|client:|dataStream:|priority:0, omNode-1|rpc:localhost:37129|admin:|client:|dataStream:|priority:0, omNode-2|rpc:localhost:34309|admin:|client:|dataStream:|priority:0], old=null
2022-01-18 07:38:57,203 [pool-565-thread-1] INFO  segmented.LogSegment (LogSegment.java:loadSegment(173)) - Successfully read 1 entries from segment file /home/runner/work/ozone/ozone/hadoop-ozone/integration-test/target/test-dir/MiniOzoneClusterImpl-b5dc639d-ec1c-4769-97cf-b7d3d1b0d53f/omNode-3/ratis/c9bc4cf4-3bc3-3c60-a66b-523986131536/current/log_469-469
2022-01-18 07:38:57,203 [pool-565-thread-1] INFO  server.RaftServer$Division (ServerState.java:setRaftConf(387)) - omNode-3@group-523986131536: set configuration 470: [omNode-3|rpc:localhost:38999|admin:|client:|dataStream:|priority:0, omNode-1|rpc:localhost:37129|admin:|client:|dataStream:|priority:0, omNode-2|rpc:localhost:34309|admin:|client:|dataStream:|priority:0], old=null
2022-01-18 07:38:57,203 [pool-565-thread-1] INFO  segmented.LogSegment (LogSegment.java:loadSegment(173)) - Successfully read 2 entries from segment file /home/runner/work/ozone/ozone/hadoop-ozone/integration-test/target/test-dir/MiniOzoneClusterImpl-b5dc639d-ec1c-4769-97cf-b7d3d1b0d53f/omNode-3/ratis/c9bc4cf4-3bc3-3c60-a66b-523986131536/current/log_inprogress_470
2022-01-18 07:38:57,203 [pool-565-thread-1] INFO  segmented.SegmentedRaftLogWorker (SegmentedRaftLogWorker.java:lambda$new$0(133)) - omNode-3@group-523986131536-SegmentedRaftLogWorker: flushIndex: setUnconditionally 0 -> 471
2022-01-18 07:38:57,204 [pool-565-thread-1] INFO  segmented.SegmentedRaftLogWorker (SegmentedRaftLogWorker.java:lambda$new$0(133)) - omNode-3@group-523986131536-SegmentedRaftLogWorker: safeCacheEvictIndex: setUnconditionally 0 -> 469
2022-01-18 07:38:57,204 [pool-565-thread-1] INFO  raftlog.RaftLog (RaftLogBase.java:lambda$new$0(53)) - omNode-3@group-523986131536-SegmentedRaftLog: commitIndex: updateToMax old=471, new=470, updated? false
2022-01-18 07:38:57,204 [pool-565-thread-1] INFO  raftlog.RaftLog (RaftLogBase.java:lambda$new$0(53)) - omNode-3@group-523986131536-SegmentedRaftLog: purgeIndex: updateIncreasingly -1 -> 460
2022-01-18 07:38:57,204 [pool-565-thread-1] INFO  server.RaftServerConfigKeys (ConfUtils.java:logGet(44)) - raft.server.snapshot.auto.trigger.enabled = true (custom)
2022-01-18 07:38:57,204 [pool-565-thread-1] INFO  server.RaftServerConfigKeys (ConfUtils.java:logGet(44)) - raft.server.snapshot.auto.trigger.threshold = 50 (custom)
2022-01-18 07:38:57,204 [pool-565-thread-1] INFO  server.RaftServerConfigKeys (ConfUtils.java:logGet(44)) - raft.server.snapshot.retention.file.num = -1 (default)
2022-01-18 07:38:57,204 [pool-565-thread-1] INFO  server.RaftServerConfigKeys (ConfUtils.java:logGet(44)) - raft.server.log.purge.upto.snapshot.index = true (custom)
2022-01-18 07:38:57,204 [pool-565-thread-1] INFO  server.RaftServerConfigKeys (ConfUtils.java:logGet(44)) - raft.server.retrycache.expirytime = 30000ms (custom)
2022-01-18 07:38:57,204 [pool-565-thread-1] INFO  server.RaftServerConfigKeys (ConfUtils.java:logGet(44)) - raft.server.retrycache.statistics.expirytime = 100μs (default)
2022-01-18 07:38:57,208 [Time-limited test] INFO  server.RaftServer$Division (RaftServerImpl.java:start(301)) - omNode-3@group-523986131536: start as a follower, conf=470: [omNode-3|rpc:localhost:38999|admin:|client:|dataStream:|priority:0, omNode-1|rpc:localhost:37129|admin:|client:|dataStream:|priority:0, omNode-2|rpc:localhost:34309|admin:|client:|dataStream:|priority:0], old=null
2022-01-18 07:38:57,208 [Time-limited test] INFO  server.RaftServer$Division (RaftServerImpl.java:setRole(290)) - omNode-3@group-523986131536: changes role from      null to FOLLOWER at term 7 for startAsFollower
2022-01-18 07:38:57,208 [Time-limited test] INFO  impl.RoleInfo (RoleInfo.java:updateAndGet(130)) - omNode-3: start omNode-3@group-523986131536-FollowerState
2022-01-18 07:38:57,208 [Time-limited test] INFO  util.JmxRegister (JmxRegister.java:tryRegister(44)) - Successfully registered JMX Bean with object name Ratis:service=RaftServer,group=group-523986131536,id=omNode-3
2022-01-18 07:38:57,212 [Time-limited test] INFO  server.RaftServer (RaftServerProxy.java:lambda$start$5(374)) - omNode-3: start RPC server
2022-01-18 07:38:57,212 [Time-limited test] INFO  server.GrpcService (GrpcService.java:startImpl(253)) - omNode-3: GrpcService started, listening on 38999
2022-01-18 07:38:57,214 [Time-limited test] INFO  ipc.CallQueueManager (CallQueueManager.java:<init>(90)) - Using callQueue: class java.util.concurrent.LinkedBlockingQueue, queueCapacity: 2000, scheduler: class org.apache.hadoop.ipc.DefaultRpcScheduler, ipcBackoff: false.
2022-01-18 07:38:57,215 [org.apache.ratis.util.JvmPauseMonitor$$Lambda$422/1423507882@11df6c02] INFO  util.JvmPauseMonitor (JvmPauseMonitor.java:run(103)) - JvmPauseMonitor-omNode-3: Started
2022-01-18 07:38:57,215 [Socket Reader #1 for port 33823] INFO  ipc.Server (Server.java:run(1265)) - Starting Socket Reader #1 for port 33823
2022-01-18 07:38:57,231 [Listener at localhost/33823] INFO  http.BaseHttpServer (BaseHttpServer.java:newHttpServer2BuilderForOzone(209)) - Starting Web-server for ozoneManager at: http://0.0.0.0:35099
2022-01-18 07:38:57,231 [Listener at localhost/33823] INFO  http.BaseHttpServer (BaseHttpServer.java:<init>(107)) - Hadoop Security Enabled: false Ozone Security Enabled: false Ozone HTTP Security Enabled: false 
2022-01-18 07:38:57,233 [Listener at localhost/33823] INFO  server.AuthenticationFilter (AuthenticationFilter.java:constructSecretProvider(240)) - Unable to initialize FileSignerSecretProvider, falling back to use random secrets.
2022-01-18 07:38:57,237 [Listener at localhost/33823] WARN  http.HttpRequestLog (HttpRequestLog.java:getRequestLog(103)) - Jetty request log can only be enabled using Log4j
2022-01-18 07:38:57,240 [Listener at localhost/33823] INFO  http.HttpServer2 (HttpServer2.java:addGlobalFilter(1030)) - Added global filter 'safety' (class=org.apache.hadoop.hdds.server.http.HttpServer2$QuotingInputFilter)
2022-01-18 07:38:57,242 [Listener at localhost/33823] INFO  http.HttpServer2 (HttpServer2.java:addFilter(1006)) - Added filter static_user_filter (class=org.apache.hadoop.http.lib.StaticUserWebFilter$StaticUserFilter) to context ozoneManager
2022-01-18 07:38:57,242 [Listener at localhost/33823] INFO  http.HttpServer2 (HttpServer2.java:addFilter(1014)) - Added filter static_user_filter (class=org.apache.hadoop.http.lib.StaticUserWebFilter$StaticUserFilter) to context static
2022-01-18 07:38:57,242 [Listener at localhost/33823] INFO  http.HttpServer2 (HttpServer2.java:addFilter(1014)) - Added filter static_user_filter (class=org.apache.hadoop.http.lib.StaticUserWebFilter$StaticUserFilter) to context logs
2022-01-18 07:38:57,242 [Listener at localhost/33823] INFO  http.HttpServer2 (HttpServer2.java:bindListener(1249)) - Jetty bound to port 35099
2022-01-18 07:38:57,243 [Listener at localhost/33823] INFO  server.Server (Server.java:doStart(375)) - jetty-9.4.43.v20210629; built: 2021-06-30T11:07:22.254Z; git: 526006ecfa3af7f1a27ef3a288e2bef7ea9dd7e8; jvm 1.8.0_292-b10
2022-01-18 07:38:57,245 [Listener at localhost/33823] INFO  server.session (DefaultSessionIdManager.java:doStart(334)) - DefaultSessionIdManager workerName=node0
2022-01-18 07:38:57,245 [Listener at localhost/33823] INFO  server.session (DefaultSessionIdManager.java:doStart(339)) - No SessionScavenger set, using defaults
2022-01-18 07:38:57,245 [Listener at localhost/33823] INFO  server.session (HouseKeeper.java:startScavenging(132)) - node0 Scavenging every 600000ms
2022-01-18 07:38:57,246 [Listener at localhost/33823] INFO  handler.ContextHandler (ContextHandler.java:doStart(915)) - Started o.e.j.s.ServletContextHandler@7c3e9599{logs,/logs,file:///home/runner/work/ozone/ozone/hadoop-ozone/integration-test/target/log,AVAILABLE}
2022-01-18 07:38:57,246 [Listener at localhost/33823] INFO  handler.ContextHandler (ContextHandler.java:doStart(915)) - Started o.e.j.s.ServletContextHandler@38067ee0{static,/static,file:///home/runner/work/ozone/ozone/hadoop-ozone/integration-test/target/test-classes/webapps/static,AVAILABLE}
2022-01-18 07:38:57,248 [Listener at localhost/33823] INFO  handler.ContextHandler (ContextHandler.java:doStart(915)) - Started o.e.j.w.WebAppContext@7b35929e{ozoneManager,/,file:///home/runner/work/ozone/ozone/hadoop-ozone/integration-test/target/test-classes/webapps/ozoneManager/,AVAILABLE}{file:/home/runner/work/ozone/ozone/hadoop-ozone/integration-test/target/test-classes/webapps/ozoneManager}
2022-01-18 07:38:57,254 [Listener at localhost/33823] INFO  server.AbstractConnector (AbstractConnector.java:doStart(331)) - Started ServerConnector@722e986d{HTTP/1.1, (http/1.1)}{0.0.0.0:35099}
2022-01-18 07:38:57,254 [Listener at localhost/33823] INFO  server.Server (Server.java:doStart(415)) - Started @97606ms
2022-01-18 07:38:57,254 [Listener at localhost/33823] WARN  impl.MetricsSystemImpl (MetricsSystemImpl.java:register(279)) - Sink prometheus already exists!
2022-01-18 07:38:57,257 [Listener at localhost/33823] INFO  http.BaseHttpServer (BaseHttpServer.java:updateConnectorAddress(329)) - HTTP server of ozoneManager listening at http://0.0.0.0:35099
2022-01-18 07:38:57,259 [IPC Server Responder] INFO  ipc.Server (Server.java:run(1507)) - IPC Server Responder: starting
2022-01-18 07:38:57,259 [IPC Server listener on 33823] INFO  ipc.Server (Server.java:run(1344)) - IPC Server listener on 33823: starting
2022-01-18 07:38:57,272 [Listener at localhost/33823] INFO  om.OzoneManager (OzoneManager.java:startTrashEmptier(1792)) - Trash Interval set to 0. Files deleted will not move to trash
2022-01-18 07:38:57,272 [Listener at localhost/33823] INFO  om.OzoneManager (OzoneManager.java:stop(1893)) - omNode-1[localhost:39603]: Stopping Ozone Manager
2022-01-18 07:38:57,272 [Listener at localhost/33823] INFO  ipc.Server (Server.java:stop(3414)) - Stopping server on 39603
2022-01-18 07:38:57,279 [IPC Server listener on 39603] INFO  ipc.Server (Server.java:run(1376)) - Stopping IPC Server listener on 39603
2022-01-18 07:38:57,279 [IPC Server Responder] INFO  ipc.Server (Server.java:run(1512)) - Stopping IPC Server Responder
2022-01-18 07:38:57,279 [Listener at localhost/33823] INFO  server.RaftServer (RaftServerProxy.java:lambda$close$6(391)) - omNode-1: close
2022-01-18 07:38:57,280 [Listener at localhost/33823] INFO  server.RaftServer$Division (RaftServerImpl.java:lambda$close$4(412)) - omNode-1@group-523986131536: shutdown
2022-01-18 07:38:57,280 [Listener at localhost/33823] INFO  util.JmxRegister (JmxRegister.java:unregister(73)) - Successfully un-registered JMX Bean with object name Ratis:service=RaftServer,group=group-523986131536,id=omNode-1
2022-01-18 07:38:57,280 [Listener at localhost/33823] INFO  impl.RoleInfo (RoleInfo.java:shutdownFollowerState(108)) - omNode-1: shutdown omNode-1@group-523986131536-FollowerState
2022-01-18 07:38:57,280 [Listener at localhost/33823] INFO  impl.StateMachineUpdater (StateMachineUpdater.java:stopAndJoin(149)) - omNode-1@group-523986131536-StateMachineUpdater: set stopIndex = 471
2022-01-18 07:38:57,280 [omNode-1@group-523986131536-FollowerState] INFO  impl.FollowerState (FollowerState.java:run(143)) - omNode-1@group-523986131536-FollowerState was interrupted: {}
java.lang.InterruptedException: sleep interrupted
	at java.lang.Thread.sleep(Native Method)
	at java.lang.Thread.sleep(Thread.java:340)
	at java.util.concurrent.TimeUnit.sleep(TimeUnit.java:386)
	at org.apache.ratis.util.TimeDuration.sleep(TimeDuration.java:324)
	at org.apache.ratis.util.TimeDuration.sleep(TimeDuration.java:309)
	at org.apache.ratis.server.impl.FollowerState.run(FollowerState.java:118)
2022-01-18 07:38:57,281 [org.apache.hadoop.util.JvmPauseMonitor$Monitor@1bd37009] INFO  util.JvmPauseMonitor (JvmPauseMonitor.java:run(188)) - Starting JVM pause monitor
2022-01-18 07:38:57,281 [omNode-1@group-523986131536-StateMachineUpdater] INFO  ratis.OzoneManagerStateMachine (OzoneManagerStateMachine.java:takeSnapshot(417)) - Current Snapshot Index (t:7, i:471)
2022-01-18 07:38:57,281 [omNode-1@group-523986131536-StateMachineUpdater] INFO  impl.StateMachineUpdater (StateMachineUpdater.java:takeSnapshot(281)) - omNode-1@group-523986131536-StateMachineUpdater: Took a snapshot at index 471
2022-01-18 07:38:57,281 [omNode-1@group-523986131536-StateMachineUpdater] INFO  impl.StateMachineUpdater (StateMachineUpdater.java:lambda$new$0(89)) - omNode-1@group-523986131536-StateMachineUpdater: snapshotIndex: updateIncreasingly 468 -> 471
2022-01-18 07:38:57,281 [omNode-1@group-523986131536-StateMachineUpdater] INFO  ratis.OzoneManagerStateMachine (OzoneManagerStateMachine.java:close(471)) - StateMachine has shutdown. Shutdown OzoneManager if not already shutdown.
2022-01-18 07:38:57,281 [Listener at localhost/33823] INFO  server.RaftServer$Division (ServerState.java:close(419)) - omNode-1@group-523986131536: closes. applyIndex: 471
2022-01-18 07:38:57,282 [omNode-1@group-523986131536-SegmentedRaftLogWorker] INFO  segmented.SegmentedRaftLogWorker (SegmentedRaftLogWorker.java:run(327)) - omNode-1@group-523986131536-SegmentedRaftLogWorker was interrupted, exiting. There are 0 tasks remaining in the queue.
2022-01-18 07:38:57,282 [Listener at localhost/33823] INFO  segmented.SegmentedRaftLogWorker (SegmentedRaftLogWorker.java:close(237)) - omNode-1@group-523986131536-SegmentedRaftLogWorker close()
2022-01-18 07:38:57,283 [Listener at localhost/33823] INFO  server.GrpcService (GrpcService.java:closeImpl(262)) - omNode-1: shutdown server with port 37129 now
2022-01-18 07:38:57,289 [Listener at localhost/33823] INFO  server.GrpcService (GrpcService.java:closeImpl(271)) - omNode-1: shutdown server with port 37129 successfully
2022-01-18 07:38:57,289 [org.apache.ratis.util.JvmPauseMonitor$$Lambda$422/1423507882@704b2653] INFO  util.JvmPauseMonitor (JvmPauseMonitor.java:run(109)) - JvmPauseMonitor-omNode-1: Stopped
2022-01-18 07:38:57,289 [Listener at localhost/33823] INFO  ratis.OzoneManagerDoubleBuffer (OzoneManagerDoubleBuffer.java:stop(437)) - Stopping OMDoubleBuffer flush thread
2022-01-18 07:38:57,289 [OMDoubleBufferFlushThread] INFO  ratis.OzoneManagerDoubleBuffer (OzoneManagerDoubleBuffer.java:flushTransactions(356)) - OMDoubleBuffer flush thread OMDoubleBufferFlushThread is interrupted and will exit. OMDoubleBufferFlushThread
2022-01-18 07:38:57,290 [Listener at localhost/33823] INFO  handler.ContextHandler (ContextHandler.java:doStop(1153)) - Stopped o.e.j.w.WebAppContext@3ddf6634{ozoneManager,/,null,STOPPED}{file:/home/runner/work/ozone/ozone/hadoop-ozone/integration-test/target/test-classes/webapps/ozoneManager}
2022-01-18 07:38:57,290 [Listener at localhost/33823] INFO  server.AbstractConnector (AbstractConnector.java:doStop(381)) - Stopped ServerConnector@50401e24{HTTP/1.1, (http/1.1)}{0.0.0.0:38077}
2022-01-18 07:38:57,290 [Listener at localhost/33823] INFO  server.session (HouseKeeper.java:stopScavenging(149)) - node0 Stopped scavenging
2022-01-18 07:38:57,291 [Listener at localhost/33823] INFO  handler.ContextHandler (ContextHandler.java:doStop(1153)) - Stopped o.e.j.s.ServletContextHandler@6b316485{static,/static,file:///home/runner/work/ozone/ozone/hadoop-ozone/integration-test/target/test-classes/webapps/static,STOPPED}
2022-01-18 07:38:57,291 [Listener at localhost/33823] INFO  handler.ContextHandler (ContextHandler.java:doStop(1153)) - Stopped o.e.j.s.ServletContextHandler@4442362e{logs,/logs,file:///home/runner/work/ozone/ozone/hadoop-ozone/integration-test/target/log,STOPPED}
2022-01-18 07:38:57,293 [Listener at localhost/33823] INFO  om.OzoneManager (OzoneManager.java:restart(1451)) - OzoneManager RPC server is listening at localhost/127.0.0.1:39603
2022-01-18 07:38:57,293 [Listener at localhost/33823] INFO  impl.MetricsSystemImpl (MetricsSystemImpl.java:init(158)) - OzoneManager metrics system started (again)
2022-01-18 07:38:57,306 [Listener at localhost/33823] WARN  server.ServerUtils (ServerUtils.java:getDBPath(225)) - ozone.om.db.dirs is not configured. We recommend adding this setting. Falling back to ozone.metadata.dirs instead.
2022-01-18 07:38:57,307 [Listener at localhost/33823] INFO  codec.OmKeyInfoCodec (OmKeyInfoCodec.java:<init>(50)) - OmKeyInfoCodec ignorePipeline = true
2022-01-18 07:38:57,307 [Listener at localhost/33823] INFO  codec.RepeatedOmKeyInfoCodec (RepeatedOmKeyInfoCodec.java:<init>(42)) - RepeatedOmKeyInfoCodec ignorePipeline = true
2022-01-18 07:38:57,357 [Listener at localhost/33823] WARN  impl.MetricRegistriesImpl (MetricRegistriesImpl.java:addReporterRegistration(111)) - New reporters are added after registries were created. Some metrics will be missing from the reporter. Please add reporter before adding any new registry.
2022-01-18 07:38:57,357 [Listener at localhost/33823] WARN  impl.MetricRegistriesImpl (MetricRegistriesImpl.java:addReporterRegistration(111)) - New reporters are added after registries were created. Some metrics will be missing from the reporter. Please add reporter before adding any new registry.
2022-01-18 07:38:57,358 [Listener at localhost/33823] WARN  server.ServerUtils (ServerUtils.java:getDefaultRatisDirectory(237)) - Storage directory for Ratis is not configured. It is a good idea to map this to an SSD disk. Falling back to ozone.metadata.dirs
2022-01-18 07:38:57,358 [Listener at localhost/33823] INFO  ratis.OzoneManagerRatisServer (OzoneManagerRatisServer.java:<init>(159)) - Instantiating OM Ratis server with groupID: om-service-test1 and peers: localhost:37129, localhost:38999, localhost:34309
2022-01-18 07:38:57,359 [Listener at localhost/33823] INFO  ratis.OzoneManagerStateMachine (OzoneManagerStateMachine.java:loadSnapshotInfoFromDB(605)) - LastAppliedIndex is set from TransactionInfo from OM DB as (t:7, i:471)
2022-01-18 07:38:57,359 [Listener at localhost/33823] INFO  server.RaftServer (ConfUtils.java:logGet(44)) - raft.rpc.type = GRPC (default)
2022-01-18 07:38:57,359 [Listener at localhost/33823] INFO  grpc.GrpcFactory (GrpcFactory.java:checkPooledByteBufAllocatorUseCacheForAllThreads(48)) - PERFORMANCE WARNING: useCacheForAllThreads is true that may cause Netty to create a lot garbage objects and, as a result, trigger GC.
	It is recommended to disable useCacheForAllThreads by setting -Dorg.apache.ratis.thirdparty.io.netty.allocator.useCacheForAllThreads=false in command line.
2022-01-18 07:38:57,359 [Listener at localhost/33823] INFO  grpc.GrpcConfigKeys (ConfUtils.java:logGet(44)) - raft.grpc.admin.port = -1 (default)
2022-01-18 07:38:57,359 [Listener at localhost/33823] INFO  grpc.GrpcConfigKeys (ConfUtils.java:logGet(44)) - raft.grpc.server.port = 37129 (custom)
2022-01-18 07:38:57,359 [Listener at localhost/33823] INFO  grpc.GrpcConfigKeys (ConfUtils.java:logGet(44)) - raft.grpc.client.port = -1 (default)
2022-01-18 07:38:57,359 [Listener at localhost/33823] INFO  grpc.GrpcConfigKeys (ConfUtils.java:logGet(44)) - raft.grpc.server.port = 37129 (custom)
2022-01-18 07:38:57,359 [Listener at localhost/33823] INFO  grpc.GrpcConfigKeys (ConfUtils.java:logGet(44)) - raft.grpc.server.port = 37129 (custom)
2022-01-18 07:38:57,359 [Listener at localhost/33823] INFO  server.GrpcService (ConfUtils.java:logGet(44)) - raft.grpc.message.size.max = 33554432 (custom)
2022-01-18 07:38:57,360 [Listener at localhost/33823] INFO  server.RaftServerConfigKeys (ConfUtils.java:logGet(44)) - raft.server.log.appender.buffer.byte-limit = 33554432 (custom)
2022-01-18 07:38:57,360 [Listener at localhost/33823] INFO  server.GrpcService (ConfUtils.java:logGet(44)) - raft.grpc.flow.control.window = 1MB (=1048576) (default)
2022-01-18 07:38:57,360 [Listener at localhost/33823] INFO  server.RaftServerConfigKeys (ConfUtils.java:logGet(44)) - raft.server.rpc.request.timeout = 3000ms (default)
2022-01-18 07:38:57,361 [Listener at localhost/33823] INFO  impl.DataStreamServerImpl (ConfUtils.java:logGet(44)) - raft.datastream.type = DISABLED (default)
2022-01-18 07:38:57,361 [Listener at localhost/33823] INFO  server.RaftServerConfigKeys (ConfUtils.java:logGet(44)) - raft.server.rpc.slowness.timeout = 2s (custom)
2022-01-18 07:38:57,361 [Listener at localhost/33823] INFO  server.RaftServerConfigKeys (ConfUtils.java:logGet(44)) - raft.server.leaderelection.leader.step-down.wait-time = 10s (default)
2022-01-18 07:38:57,361 [Listener at localhost/33823] INFO  server.RaftServerConfigKeys (ConfUtils.java:logGet(44)) - raft.server.storage.dir = [/home/runner/work/ozone/ozone/hadoop-ozone/integration-test/target/test-dir/MiniOzoneClusterImpl-b5dc639d-ec1c-4769-97cf-b7d3d1b0d53f/omNode-1/ratis] (custom)
2022-01-18 07:38:57,361 [Listener at localhost/33823] INFO  server.RaftServer (RaftServerProxy.java:lambda$null$1(235)) - omNode-1: found a subdirectory /home/runner/work/ozone/ozone/hadoop-ozone/integration-test/target/test-dir/MiniOzoneClusterImpl-b5dc639d-ec1c-4769-97cf-b7d3d1b0d53f/omNode-1/ratis/c9bc4cf4-3bc3-3c60-a66b-523986131536
2022-01-18 07:38:57,361 [Listener at localhost/33823] INFO  server.RaftServer (RaftServerProxy.java:addNew(95)) - omNode-1: addNew group-523986131536:[omNode-3|rpc:localhost:38999|priority:0, omNode-1|rpc:localhost:37129|priority:0, omNode-2|rpc:localhost:34309|priority:0] returns group-523986131536:java.util.concurrent.CompletableFuture@c6ce91a[Not completed]
2022-01-18 07:38:57,362 [Listener at localhost/33823] INFO  om.OzoneManager (OzoneManager.java:initializeRatisServer(1834)) - OzoneManager Ratis server initialized at port 37129
2022-01-18 07:38:57,362 [Listener at localhost/33823] INFO  ratis.OzoneManagerRatisServer (OzoneManagerRatisServer.java:start(554)) - Starting OzoneManagerRatisServer omNode-1 at port 37129
2022-01-18 07:38:57,362 [pool-585-thread-1] INFO  server.RaftServer$Division (RaftServerImpl.java:<init>(184)) - omNode-1: new RaftServerImpl for group-523986131536:[omNode-3|rpc:localhost:38999|priority:0, omNode-1|rpc:localhost:37129|priority:0, omNode-2|rpc:localhost:34309|priority:0] with OzoneManagerStateMachine:uninitialized
2022-01-18 07:38:57,363 [pool-585-thread-1] INFO  server.RaftServerConfigKeys (ConfUtils.java:logGet(44)) - raft.server.rpc.timeout.min = 1s (custom)
2022-01-18 07:38:57,363 [pool-585-thread-1] INFO  server.RaftServerConfigKeys (ConfUtils.java:logGet(44)) - raft.server.rpc.timeout.max = 1200ms (custom)
2022-01-18 07:38:57,363 [pool-585-thread-1] INFO  server.RaftServerConfigKeys (ConfUtils.java:logGet(44)) - raft.server.rpc.sleep.time = 25ms (default)
2022-01-18 07:38:57,363 [pool-585-thread-1] INFO  server.RaftServerConfigKeys (ConfUtils.java:logGet(44)) - raft.server.rpc.slowness.timeout = 2s (custom)
2022-01-18 07:38:57,363 [pool-585-thread-1] INFO  server.RaftServerConfigKeys (ConfUtils.java:logGet(44)) - raft.server.leaderelection.leader.step-down.wait-time = 10s (default)
2022-01-18 07:38:57,363 [pool-585-thread-1] INFO  server.RaftServerConfigKeys (ConfUtils.java:logGet(44)) - raft.server.sleep.deviation.threshold = 300ms (default)
2022-01-18 07:38:57,363 [pool-585-thread-1] INFO  server.RaftServerConfigKeys (ConfUtils.java:logGet(44)) - raft.server.log.appender.install.snapshot.enabled = false (custom)
2022-01-18 07:38:57,363 [pool-585-thread-1] INFO  server.RaftServer$Division (ServerState.java:<init>(105)) - omNode-1@group-523986131536: ConfigurationManager, init=-1: [omNode-3|rpc:localhost:38999|priority:0, omNode-1|rpc:localhost:37129|priority:0, omNode-2|rpc:localhost:34309|priority:0], old=null, confs=<EMPTY_MAP>
2022-01-18 07:38:57,364 [pool-585-thread-1] INFO  server.RaftServerConfigKeys (ConfUtils.java:logGet(44)) - raft.server.storage.dir = [/home/runner/work/ozone/ozone/hadoop-ozone/integration-test/target/test-dir/MiniOzoneClusterImpl-b5dc639d-ec1c-4769-97cf-b7d3d1b0d53f/omNode-1/ratis] (custom)
2022-01-18 07:38:57,364 [pool-585-thread-1] INFO  server.RaftServerConfigKeys (ConfUtils.java:logGet(44)) - raft.server.log.corruption.policy = EXCEPTION (default)
2022-01-18 07:38:57,364 [pool-585-thread-1] INFO  server.RaftServerConfigKeys (ConfUtils.java:logGet(44)) - raft.server.storage.free-space.min = 0MB (=0) (default)
2022-01-18 07:38:57,365 [pool-585-thread-1] INFO  storage.RaftStorageDirectory (RaftStorageDirectoryImpl.java:tryLock(230)) - Lock on /home/runner/work/ozone/ozone/hadoop-ozone/integration-test/target/test-dir/MiniOzoneClusterImpl-b5dc639d-ec1c-4769-97cf-b7d3d1b0d53f/omNode-1/ratis/c9bc4cf4-3bc3-3c60-a66b-523986131536/in_use.lock acquired by nodename 8507@fv-az270-89
2022-01-18 07:38:57,365 [pool-585-thread-1] INFO  storage.RaftStorage (RaftStorageImpl.java:analyzeAndRecoverStorage(110)) - Read RaftStorageMetadata{term=7, votedFor=omNode-3} from /home/runner/work/ozone/ozone/hadoop-ozone/integration-test/target/test-dir/MiniOzoneClusterImpl-b5dc639d-ec1c-4769-97cf-b7d3d1b0d53f/omNode-1/ratis/c9bc4cf4-3bc3-3c60-a66b-523986131536/current/raft-meta
2022-01-18 07:38:57,366 [pool-585-thread-1] INFO  server.RaftServer$Division (ServerState.java:setRaftConf(387)) - omNode-1@group-523986131536: set configuration 470: [omNode-3|rpc:localhost:38999|admin:|client:|dataStream:|priority:0, omNode-1|rpc:localhost:37129|admin:|client:|dataStream:|priority:0, omNode-2|rpc:localhost:34309|admin:|client:|dataStream:|priority:0], old=null
2022-01-18 07:38:57,366 [pool-585-thread-1] INFO  server.RaftServerConfigKeys (ConfUtils.java:logGet(44)) - raft.server.notification.no-leader.timeout = 2s (custom)
2022-01-18 07:38:57,366 [pool-585-thread-1] INFO  server.RaftServerConfigKeys (ConfUtils.java:logGet(44)) - raft.server.log.use.memory = false (default)
2022-01-18 07:38:57,366 [pool-585-thread-1] INFO  server.RaftServerConfigKeys (ConfUtils.java:logGet(44)) - raft.server.log.purge.gap = 50 (custom)
2022-01-18 07:38:57,366 [pool-585-thread-1] INFO  server.RaftServerConfigKeys (ConfUtils.java:logGet(44)) - raft.server.log.appender.buffer.byte-limit = 33554432 (custom)
2022-01-18 07:38:57,366 [pool-585-thread-1] INFO  server.RaftServerConfigKeys (ConfUtils.java:logGet(44)) - raft.server.log.segment.size.max = 4194304 (custom)
2022-01-18 07:38:57,367 [pool-585-thread-1] INFO  server.RaftServerConfigKeys (ConfUtils.java:logGet(44)) - raft.server.log.segment.cache.num.max = 2 (custom)
2022-01-18 07:38:57,367 [pool-585-thread-1] INFO  server.RaftServerConfigKeys (ConfUtils.java:logGet(44)) - raft.server.log.segment.cache.size.max = 200MB (=209715200) (default)
2022-01-18 07:38:57,367 [pool-585-thread-1] INFO  segmented.SegmentedRaftLogWorker (SegmentedRaftLogWorker.java:<init>(182)) - new omNode-1@group-523986131536-SegmentedRaftLogWorker for RaftStorageImpl:Storage Directory /home/runner/work/ozone/ozone/hadoop-ozone/integration-test/target/test-dir/MiniOzoneClusterImpl-b5dc639d-ec1c-4769-97cf-b7d3d1b0d53f/omNode-1/ratis/c9bc4cf4-3bc3-3c60-a66b-523986131536
2022-01-18 07:38:57,367 [pool-585-thread-1] INFO  server.RaftServerConfigKeys (ConfUtils.java:logGet(44)) - raft.server.log.queue.byte-limit = 64MB (=67108864) (default)
2022-01-18 07:38:57,367 [pool-585-thread-1] INFO  server.RaftServerConfigKeys (ConfUtils.java:logGet(44)) - raft.server.log.queue.element-limit = 4096 (default)
2022-01-18 07:38:57,367 [pool-585-thread-1] INFO  server.RaftServerConfigKeys (ConfUtils.java:logGet(44)) - raft.server.log.segment.size.max = 4194304 (custom)
2022-01-18 07:38:57,367 [pool-585-thread-1] INFO  server.RaftServerConfigKeys (ConfUtils.java:logGet(44)) - raft.server.log.preallocated.size = 4194304 (custom)
2022-01-18 07:38:57,367 [pool-585-thread-1] INFO  server.RaftServerConfigKeys (ConfUtils.java:logGet(44)) - raft.server.log.force.sync.num = 128 (default)
2022-01-18 07:38:57,367 [pool-585-thread-1] INFO  server.RaftServerConfigKeys (ConfUtils.java:logGet(44)) - raft.server.log.statemachine.data.sync = true (default)
2022-01-18 07:38:57,367 [pool-585-thread-1] INFO  server.RaftServerConfigKeys (ConfUtils.java:logGet(44)) - raft.server.log.statemachine.data.sync.timeout = 10s (default)
2022-01-18 07:38:57,367 [pool-585-thread-1] INFO  server.RaftServerConfigKeys (ConfUtils.java:logGet(44)) - raft.server.log.statemachine.data.sync.timeout.retry = -1 (default)
2022-01-18 07:38:57,368 [pool-585-thread-1] INFO  server.RaftServerConfigKeys (ConfUtils.java:logGet(44)) - raft.server.log.write.buffer.size = 64KB (=65536) (default)
2022-01-18 07:38:57,368 [pool-585-thread-1] INFO  server.RaftServerConfigKeys (ConfUtils.java:logGet(44)) - raft.server.log.statemachine.data.caching.enabled = false (default)
2022-01-18 07:38:57,369 [pool-585-thread-1] INFO  segmented.LogSegment (LogSegment.java:loadSegment(173)) - Successfully read 8 entries from segment file /home/runner/work/ozone/ozone/hadoop-ozone/integration-test/target/test-dir/MiniOzoneClusterImpl-b5dc639d-ec1c-4769-97cf-b7d3d1b0d53f/omNode-1/ratis/c9bc4cf4-3bc3-3c60-a66b-523986131536/current/log_461-468
2022-01-18 07:38:57,369 [pool-585-thread-1] INFO  server.RaftServer$Division (ServerState.java:setRaftConf(387)) - omNode-1@group-523986131536: set configuration 469: [omNode-3|rpc:localhost:38999|admin:|client:|dataStream:|priority:0, omNode-1|rpc:localhost:37129|admin:|client:|dataStream:|priority:0, omNode-2|rpc:localhost:34309|admin:|client:|dataStream:|priority:0], old=null
2022-01-18 07:38:57,369 [pool-585-thread-1] INFO  segmented.LogSegment (LogSegment.java:loadSegment(173)) - Successfully read 1 entries from segment file /home/runner/work/ozone/ozone/hadoop-ozone/integration-test/target/test-dir/MiniOzoneClusterImpl-b5dc639d-ec1c-4769-97cf-b7d3d1b0d53f/omNode-1/ratis/c9bc4cf4-3bc3-3c60-a66b-523986131536/current/log_469-469
2022-01-18 07:38:57,369 [pool-585-thread-1] INFO  server.RaftServer$Division (ServerState.java:setRaftConf(387)) - omNode-1@group-523986131536: set configuration 470: [omNode-3|rpc:localhost:38999|admin:|client:|dataStream:|priority:0, omNode-1|rpc:localhost:37129|admin:|client:|dataStream:|priority:0, omNode-2|rpc:localhost:34309|admin:|client:|dataStream:|priority:0], old=null
2022-01-18 07:38:57,369 [pool-585-thread-1] INFO  segmented.LogSegment (LogSegment.java:loadSegment(173)) - Successfully read 2 entries from segment file /home/runner/work/ozone/ozone/hadoop-ozone/integration-test/target/test-dir/MiniOzoneClusterImpl-b5dc639d-ec1c-4769-97cf-b7d3d1b0d53f/omNode-1/ratis/c9bc4cf4-3bc3-3c60-a66b-523986131536/current/log_inprogress_470
2022-01-18 07:38:57,369 [pool-585-thread-1] INFO  segmented.SegmentedRaftLogWorker (SegmentedRaftLogWorker.java:lambda$new$0(133)) - omNode-1@group-523986131536-SegmentedRaftLogWorker: flushIndex: setUnconditionally 0 -> 471
2022-01-18 07:38:57,370 [pool-585-thread-1] INFO  segmented.SegmentedRaftLogWorker (SegmentedRaftLogWorker.java:lambda$new$0(133)) - omNode-1@group-523986131536-SegmentedRaftLogWorker: safeCacheEvictIndex: setUnconditionally 0 -> 469
2022-01-18 07:38:57,370 [pool-585-thread-1] INFO  raftlog.RaftLog (RaftLogBase.java:lambda$new$0(53)) - omNode-1@group-523986131536-SegmentedRaftLog: commitIndex: updateToMax old=471, new=470, updated? false
2022-01-18 07:38:57,370 [pool-585-thread-1] INFO  raftlog.RaftLog (RaftLogBase.java:lambda$new$0(53)) - omNode-1@group-523986131536-SegmentedRaftLog: purgeIndex: updateIncreasingly -1 -> 460
2022-01-18 07:38:57,370 [pool-585-thread-1] INFO  server.RaftServerConfigKeys (ConfUtils.java:logGet(44)) - raft.server.snapshot.auto.trigger.enabled = true (custom)
2022-01-18 07:38:57,370 [pool-585-thread-1] INFO  server.RaftServerConfigKeys (ConfUtils.java:logGet(44)) - raft.server.snapshot.auto.trigger.threshold = 50 (custom)
2022-01-18 07:38:57,370 [pool-585-thread-1] INFO  server.RaftServerConfigKeys (ConfUtils.java:logGet(44)) - raft.server.snapshot.retention.file.num = -1 (default)
2022-01-18 07:38:57,370 [pool-585-thread-1] INFO  server.RaftServerConfigKeys (ConfUtils.java:logGet(44)) - raft.server.log.purge.upto.snapshot.index = true (custom)
2022-01-18 07:38:57,370 [pool-585-thread-1] INFO  server.RaftServerConfigKeys (ConfUtils.java:logGet(44)) - raft.server.retrycache.expirytime = 30000ms (custom)
2022-01-18 07:38:57,370 [pool-585-thread-1] INFO  server.RaftServerConfigKeys (ConfUtils.java:logGet(44)) - raft.server.retrycache.statistics.expirytime = 100μs (default)
2022-01-18 07:38:57,371 [Listener at localhost/33823] INFO  server.RaftServer$Division (RaftServerImpl.java:start(301)) - omNode-1@group-523986131536: start as a follower, conf=470: [omNode-3|rpc:localhost:38999|admin:|client:|dataStream:|priority:0, omNode-1|rpc:localhost:37129|admin:|client:|dataStream:|priority:0, omNode-2|rpc:localhost:34309|admin:|client:|dataStream:|priority:0], old=null
2022-01-18 07:38:57,371 [Listener at localhost/33823] INFO  server.RaftServer$Division (RaftServerImpl.java:setRole(290)) - omNode-1@group-523986131536: changes role from      null to FOLLOWER at term 7 for startAsFollower
2022-01-18 07:38:57,372 [Listener at localhost/33823] INFO  impl.RoleInfo (RoleInfo.java:updateAndGet(130)) - omNode-1: start omNode-1@group-523986131536-FollowerState
2022-01-18 07:38:57,372 [Listener at localhost/33823] INFO  util.JmxRegister (JmxRegister.java:tryRegister(44)) - Successfully registered JMX Bean with object name Ratis:service=RaftServer,group=group-523986131536,id=omNode-1
2022-01-18 07:38:57,373 [Listener at localhost/33823] INFO  server.RaftServer (RaftServerProxy.java:lambda$start$5(374)) - omNode-1: start RPC server
2022-01-18 07:38:57,373 [Listener at localhost/33823] INFO  server.GrpcService (GrpcService.java:startImpl(253)) - omNode-1: GrpcService started, listening on 37129
2022-01-18 07:38:57,374 [Listener at localhost/33823] INFO  ipc.CallQueueManager (CallQueueManager.java:<init>(90)) - Using callQueue: class java.util.concurrent.LinkedBlockingQueue, queueCapacity: 2000, scheduler: class org.apache.hadoop.ipc.DefaultRpcScheduler, ipcBackoff: false.
2022-01-18 07:38:57,374 [org.apache.ratis.util.JvmPauseMonitor$$Lambda$422/1423507882@2c4005fc] INFO  util.JvmPauseMonitor (JvmPauseMonitor.java:run(103)) - JvmPauseMonitor-omNode-1: Started
2022-01-18 07:38:57,374 [Socket Reader #1 for port 39603] INFO  ipc.Server (Server.java:run(1265)) - Starting Socket Reader #1 for port 39603
2022-01-18 07:38:57,378 [Listener at localhost/39603] INFO  http.BaseHttpServer (BaseHttpServer.java:newHttpServer2BuilderForOzone(209)) - Starting Web-server for ozoneManager at: http://0.0.0.0:38077
2022-01-18 07:38:57,378 [Listener at localhost/39603] INFO  http.BaseHttpServer (BaseHttpServer.java:<init>(107)) - Hadoop Security Enabled: false Ozone Security Enabled: false Ozone HTTP Security Enabled: false 
2022-01-18 07:38:57,379 [Listener at localhost/39603] INFO  server.AuthenticationFilter (AuthenticationFilter.java:constructSecretProvider(240)) - Unable to initialize FileSignerSecretProvider, falling back to use random secrets.
2022-01-18 07:38:57,381 [Listener at localhost/39603] WARN  http.HttpRequestLog (HttpRequestLog.java:getRequestLog(103)) - Jetty request log can only be enabled using Log4j
2022-01-18 07:38:57,382 [Listener at localhost/39603] INFO  http.HttpServer2 (HttpServer2.java:addGlobalFilter(1030)) - Added global filter 'safety' (class=org.apache.hadoop.hdds.server.http.HttpServer2$QuotingInputFilter)
2022-01-18 07:38:57,382 [Listener at localhost/39603] INFO  http.HttpServer2 (HttpServer2.java:addFilter(1006)) - Added filter static_user_filter (class=org.apache.hadoop.http.lib.StaticUserWebFilter$StaticUserFilter) to context ozoneManager
2022-01-18 07:38:57,383 [Listener at localhost/39603] INFO  http.HttpServer2 (HttpServer2.java:addFilter(1014)) - Added filter static_user_filter (class=org.apache.hadoop.http.lib.StaticUserWebFilter$StaticUserFilter) to context logs
2022-01-18 07:38:57,383 [Listener at localhost/39603] INFO  http.HttpServer2 (HttpServer2.java:addFilter(1014)) - Added filter static_user_filter (class=org.apache.hadoop.http.lib.StaticUserWebFilter$StaticUserFilter) to context static
2022-01-18 07:38:57,383 [Listener at localhost/39603] INFO  http.HttpServer2 (HttpServer2.java:bindListener(1249)) - Jetty bound to port 38077
2022-01-18 07:38:57,383 [Listener at localhost/39603] INFO  server.Server (Server.java:doStart(375)) - jetty-9.4.43.v20210629; built: 2021-06-30T11:07:22.254Z; git: 526006ecfa3af7f1a27ef3a288e2bef7ea9dd7e8; jvm 1.8.0_292-b10
2022-01-18 07:38:57,394 [Listener at localhost/39603] INFO  server.session (DefaultSessionIdManager.java:doStart(334)) - DefaultSessionIdManager workerName=node0
2022-01-18 07:38:57,394 [Listener at localhost/39603] INFO  server.session (DefaultSessionIdManager.java:doStart(339)) - No SessionScavenger set, using defaults
2022-01-18 07:38:57,394 [Listener at localhost/39603] INFO  server.session (HouseKeeper.java:startScavenging(132)) - node0 Scavenging every 660000ms
2022-01-18 07:38:57,395 [Listener at localhost/39603] INFO  handler.ContextHandler (ContextHandler.java:doStart(915)) - Started o.e.j.s.ServletContextHandler@62e73bbe{logs,/logs,file:///home/runner/work/ozone/ozone/hadoop-ozone/integration-test/target/log,AVAILABLE}
2022-01-18 07:38:57,395 [Listener at localhost/39603] INFO  handler.ContextHandler (ContextHandler.java:doStart(915)) - Started o.e.j.s.ServletContextHandler@529af641{static,/static,file:///home/runner/work/ozone/ozone/hadoop-ozone/integration-test/target/test-classes/webapps/static,AVAILABLE}
2022-01-18 07:38:57,400 [Listener at localhost/39603] INFO  handler.ContextHandler (ContextHandler.java:doStart(915)) - Started o.e.j.w.WebAppContext@17804ba2{ozoneManager,/,file:///home/runner/work/ozone/ozone/hadoop-ozone/integration-test/target/test-classes/webapps/ozoneManager/,AVAILABLE}{file:/home/runner/work/ozone/ozone/hadoop-ozone/integration-test/target/test-classes/webapps/ozoneManager}
2022-01-18 07:38:57,401 [Listener at localhost/39603] INFO  server.AbstractConnector (AbstractConnector.java:doStart(331)) - Started ServerConnector@12170ee9{HTTP/1.1, (http/1.1)}{0.0.0.0:38077}
2022-01-18 07:38:57,401 [Listener at localhost/39603] INFO  server.Server (Server.java:doStart(415)) - Started @97754ms
2022-01-18 07:38:57,401 [Listener at localhost/39603] WARN  impl.MetricsSystemImpl (MetricsSystemImpl.java:register(279)) - Sink prometheus already exists!
2022-01-18 07:38:57,402 [Listener at localhost/39603] INFO  http.BaseHttpServer (BaseHttpServer.java:updateConnectorAddress(329)) - HTTP server of ozoneManager listening at http://0.0.0.0:38077
2022-01-18 07:38:57,402 [IPC Server Responder] INFO  ipc.Server (Server.java:run(1507)) - IPC Server Responder: starting
2022-01-18 07:38:57,402 [IPC Server listener on 39603] INFO  ipc.Server (Server.java:run(1344)) - IPC Server listener on 39603: starting
2022-01-18 07:38:57,404 [Listener at localhost/39603] INFO  om.OzoneManager (OzoneManager.java:startTrashEmptier(1792)) - Trash Interval set to 0. Files deleted will not move to trash
2022-01-18 07:38:57,404 [Listener at localhost/39603] INFO  om.OzoneManager (OzoneManager.java:stop(1893)) - omNode-2[localhost:32993]: Stopping Ozone Manager
2022-01-18 07:38:57,404 [Listener at localhost/39603] INFO  ipc.Server (Server.java:stop(3414)) - Stopping server on 32993
2022-01-18 07:38:57,408 [org.apache.hadoop.util.JvmPauseMonitor$Monitor@1629e382] INFO  util.JvmPauseMonitor (JvmPauseMonitor.java:run(188)) - Starting JVM pause monitor
2022-01-18 07:38:57,409 [Listener at localhost/39603] INFO  server.RaftServer (RaftServerProxy.java:lambda$close$6(391)) - omNode-2: close
2022-01-18 07:38:57,409 [Listener at localhost/39603] INFO  server.RaftServer$Division (RaftServerImpl.java:lambda$close$4(412)) - omNode-2@group-523986131536: shutdown
2022-01-18 07:38:57,409 [Listener at localhost/39603] INFO  util.JmxRegister (JmxRegister.java:unregister(73)) - Successfully un-registered JMX Bean with object name Ratis:service=RaftServer,group=group-523986131536,id=omNode-2
2022-01-18 07:38:57,409 [Listener at localhost/39603] INFO  impl.RoleInfo (RoleInfo.java:shutdownFollowerState(108)) - omNode-2: shutdown omNode-2@group-523986131536-FollowerState
2022-01-18 07:38:57,409 [Listener at localhost/39603] INFO  impl.StateMachineUpdater (StateMachineUpdater.java:stopAndJoin(149)) - omNode-2@group-523986131536-StateMachineUpdater: set stopIndex = 471
2022-01-18 07:38:57,409 [omNode-2@group-523986131536-StateMachineUpdater] INFO  ratis.OzoneManagerStateMachine (OzoneManagerStateMachine.java:takeSnapshot(417)) - Current Snapshot Index (t:7, i:471)
2022-01-18 07:38:57,410 [omNode-2@group-523986131536-StateMachineUpdater] INFO  impl.StateMachineUpdater (StateMachineUpdater.java:takeSnapshot(281)) - omNode-2@group-523986131536-StateMachineUpdater: Took a snapshot at index 471
2022-01-18 07:38:57,410 [omNode-2@group-523986131536-StateMachineUpdater] INFO  impl.StateMachineUpdater (StateMachineUpdater.java:lambda$new$0(89)) - omNode-2@group-523986131536-StateMachineUpdater: snapshotIndex: updateIncreasingly 468 -> 471
2022-01-18 07:38:57,410 [omNode-2@group-523986131536-StateMachineUpdater] INFO  ratis.OzoneManagerStateMachine (OzoneManagerStateMachine.java:close(471)) - StateMachine has shutdown. Shutdown OzoneManager if not already shutdown.
2022-01-18 07:38:57,410 [omNode-2@group-523986131536-FollowerState] INFO  impl.FollowerState (FollowerState.java:run(143)) - omNode-2@group-523986131536-FollowerState was interrupted: {}
java.lang.InterruptedException: sleep interrupted
	at java.lang.Thread.sleep(Native Method)
	at java.lang.Thread.sleep(Thread.java:340)
	at java.util.concurrent.TimeUnit.sleep(TimeUnit.java:386)
	at org.apache.ratis.util.TimeDuration.sleep(TimeDuration.java:324)
	at org.apache.ratis.util.TimeDuration.sleep(TimeDuration.java:309)
	at org.apache.ratis.server.impl.FollowerState.run(FollowerState.java:118)
2022-01-18 07:38:57,408 [IPC Server Responder] INFO  ipc.Server (Server.java:run(1512)) - Stopping IPC Server Responder
2022-01-18 07:38:57,408 [IPC Server listener on 32993] INFO  ipc.Server (Server.java:run(1376)) - Stopping IPC Server listener on 32993
2022-01-18 07:38:57,410 [Listener at localhost/39603] INFO  server.RaftServer$Division (ServerState.java:close(419)) - omNode-2@group-523986131536: closes. applyIndex: 471
2022-01-18 07:38:57,412 [omNode-2@group-523986131536-SegmentedRaftLogWorker] INFO  segmented.SegmentedRaftLogWorker (SegmentedRaftLogWorker.java:run(327)) - omNode-2@group-523986131536-SegmentedRaftLogWorker was interrupted, exiting. There are 0 tasks remaining in the queue.
2022-01-18 07:38:57,412 [Listener at localhost/39603] INFO  segmented.SegmentedRaftLogWorker (SegmentedRaftLogWorker.java:close(237)) - omNode-2@group-523986131536-SegmentedRaftLogWorker close()
2022-01-18 07:38:57,413 [Listener at localhost/39603] INFO  server.GrpcService (GrpcService.java:closeImpl(262)) - omNode-2: shutdown server with port 34309 now
2022-01-18 07:38:57,414 [Listener at localhost/39603] INFO  server.GrpcService (GrpcService.java:closeImpl(271)) - omNode-2: shutdown server with port 34309 successfully
2022-01-18 07:38:57,414 [org.apache.ratis.util.JvmPauseMonitor$$Lambda$422/1423507882@31ddc7aa] INFO  util.JvmPauseMonitor (JvmPauseMonitor.java:run(109)) - JvmPauseMonitor-omNode-2: Stopped
2022-01-18 07:38:57,414 [Listener at localhost/39603] INFO  ratis.OzoneManagerDoubleBuffer (OzoneManagerDoubleBuffer.java:stop(437)) - Stopping OMDoubleBuffer flush thread
2022-01-18 07:38:57,414 [OMDoubleBufferFlushThread] INFO  ratis.OzoneManagerDoubleBuffer (OzoneManagerDoubleBuffer.java:flushTransactions(356)) - OMDoubleBuffer flush thread OMDoubleBufferFlushThread is interrupted and will exit. OMDoubleBufferFlushThread
2022-01-18 07:38:57,415 [Listener at localhost/39603] INFO  handler.ContextHandler (ContextHandler.java:doStop(1153)) - Stopped o.e.j.w.WebAppContext@3435ec63{ozoneManager,/,null,STOPPED}{file:/home/runner/work/ozone/ozone/hadoop-ozone/integration-test/target/test-classes/webapps/ozoneManager}
2022-01-18 07:38:57,416 [Listener at localhost/39603] INFO  server.AbstractConnector (AbstractConnector.java:doStop(381)) - Stopped ServerConnector@23ce1ef8{HTTP/1.1, (http/1.1)}{0.0.0.0:34999}
2022-01-18 07:38:57,416 [Listener at localhost/39603] INFO  server.session (HouseKeeper.java:stopScavenging(149)) - node0 Stopped scavenging
2022-01-18 07:38:57,417 [Listener at localhost/39603] INFO  handler.ContextHandler (ContextHandler.java:doStop(1153)) - Stopped o.e.j.s.ServletContextHandler@732ee71b{static,/static,file:///home/runner/work/ozone/ozone/hadoop-ozone/integration-test/target/test-classes/webapps/static,STOPPED}
2022-01-18 07:38:57,417 [Listener at localhost/39603] INFO  handler.ContextHandler (ContextHandler.java:doStop(1153)) - Stopped o.e.j.s.ServletContextHandler@57f1e7a0{logs,/logs,file:///home/runner/work/ozone/ozone/hadoop-ozone/integration-test/target/log,STOPPED}
2022-01-18 07:38:57,419 [Listener at localhost/39603] INFO  om.OzoneManager (OzoneManager.java:restart(1451)) - OzoneManager RPC server is listening at localhost/127.0.0.1:32993
2022-01-18 07:38:57,419 [Listener at localhost/39603] INFO  impl.MetricsSystemImpl (MetricsSystemImpl.java:init(158)) - OzoneManager metrics system started (again)
2022-01-18 07:38:57,434 [Listener at localhost/39603] WARN  server.ServerUtils (ServerUtils.java:getDBPath(225)) - ozone.om.db.dirs is not configured. We recommend adding this setting. Falling back to ozone.metadata.dirs instead.
2022-01-18 07:38:57,435 [Listener at localhost/39603] INFO  codec.OmKeyInfoCodec (OmKeyInfoCodec.java:<init>(50)) - OmKeyInfoCodec ignorePipeline = true
2022-01-18 07:38:57,436 [Listener at localhost/39603] INFO  codec.RepeatedOmKeyInfoCodec (RepeatedOmKeyInfoCodec.java:<init>(42)) - RepeatedOmKeyInfoCodec ignorePipeline = true
2022-01-18 07:38:57,479 [Listener at localhost/39603] WARN  impl.MetricRegistriesImpl (MetricRegistriesImpl.java:addReporterRegistration(111)) - New reporters are added after registries were created. Some metrics will be missing from the reporter. Please add reporter before adding any new registry.
2022-01-18 07:38:57,479 [Listener at localhost/39603] WARN  impl.MetricRegistriesImpl (MetricRegistriesImpl.java:addReporterRegistration(111)) - New reporters are added after registries were created. Some metrics will be missing from the reporter. Please add reporter before adding any new registry.
2022-01-18 07:38:57,480 [Listener at localhost/39603] WARN  server.ServerUtils (ServerUtils.java:getDefaultRatisDirectory(237)) - Storage directory for Ratis is not configured. It is a good idea to map this to an SSD disk. Falling back to ozone.metadata.dirs
2022-01-18 07:38:57,481 [Listener at localhost/39603] INFO  ratis.OzoneManagerRatisServer (OzoneManagerRatisServer.java:<init>(159)) - Instantiating OM Ratis server with groupID: om-service-test1 and peers: localhost:34309, localhost:38999, localhost:37129
2022-01-18 07:38:57,481 [Listener at localhost/39603] INFO  ratis.OzoneManagerStateMachine (OzoneManagerStateMachine.java:loadSnapshotInfoFromDB(605)) - LastAppliedIndex is set from TransactionInfo from OM DB as (t:7, i:471)
2022-01-18 07:38:57,482 [Listener at localhost/39603] INFO  server.RaftServer (ConfUtils.java:logGet(44)) - raft.rpc.type = GRPC (default)
2022-01-18 07:38:57,485 [Listener at localhost/39603] INFO  grpc.GrpcFactory (GrpcFactory.java:checkPooledByteBufAllocatorUseCacheForAllThreads(48)) - PERFORMANCE WARNING: useCacheForAllThreads is true that may cause Netty to create a lot garbage objects and, as a result, trigger GC.
	It is recommended to disable useCacheForAllThreads by setting -Dorg.apache.ratis.thirdparty.io.netty.allocator.useCacheForAllThreads=false in command line.
2022-01-18 07:38:57,485 [Listener at localhost/39603] INFO  grpc.GrpcConfigKeys (ConfUtils.java:logGet(44)) - raft.grpc.admin.port = -1 (default)
2022-01-18 07:38:57,485 [Listener at localhost/39603] INFO  grpc.GrpcConfigKeys (ConfUtils.java:logGet(44)) - raft.grpc.server.port = 34309 (custom)
2022-01-18 07:38:57,485 [Listener at localhost/39603] INFO  grpc.GrpcConfigKeys (ConfUtils.java:logGet(44)) - raft.grpc.client.port = -1 (default)
2022-01-18 07:38:57,485 [Listener at localhost/39603] INFO  grpc.GrpcConfigKeys (ConfUtils.java:logGet(44)) - raft.grpc.server.port = 34309 (custom)
2022-01-18 07:38:57,485 [Listener at localhost/39603] INFO  grpc.GrpcConfigKeys (ConfUtils.java:logGet(44)) - raft.grpc.server.port = 34309 (custom)
2022-01-18 07:38:57,485 [Listener at localhost/39603] INFO  server.GrpcService (ConfUtils.java:logGet(44)) - raft.grpc.message.size.max = 33554432 (custom)
2022-01-18 07:38:57,485 [Listener at localhost/39603] INFO  server.RaftServerConfigKeys (ConfUtils.java:logGet(44)) - raft.server.log.appender.buffer.byte-limit = 33554432 (custom)
2022-01-18 07:38:57,485 [Listener at localhost/39603] INFO  server.GrpcService (ConfUtils.java:logGet(44)) - raft.grpc.flow.control.window = 1MB (=1048576) (default)
2022-01-18 07:38:57,485 [Listener at localhost/39603] INFO  server.RaftServerConfigKeys (ConfUtils.java:logGet(44)) - raft.server.rpc.request.timeout = 3000ms (default)
2022-01-18 07:38:57,487 [Listener at localhost/39603] INFO  impl.DataStreamServerImpl (ConfUtils.java:logGet(44)) - raft.datastream.type = DISABLED (default)
2022-01-18 07:38:57,487 [Listener at localhost/39603] INFO  server.RaftServerConfigKeys (ConfUtils.java:logGet(44)) - raft.server.rpc.slowness.timeout = 2s (custom)
2022-01-18 07:38:57,487 [Listener at localhost/39603] INFO  server.RaftServerConfigKeys (ConfUtils.java:logGet(44)) - raft.server.leaderelection.leader.step-down.wait-time = 10s (default)
2022-01-18 07:38:57,487 [Listener at localhost/39603] INFO  server.RaftServerConfigKeys (ConfUtils.java:logGet(44)) - raft.server.storage.dir = [/home/runner/work/ozone/ozone/hadoop-ozone/integration-test/target/test-dir/MiniOzoneClusterImpl-b5dc639d-ec1c-4769-97cf-b7d3d1b0d53f/omNode-2/ratis] (custom)
2022-01-18 07:38:57,487 [Listener at localhost/39603] INFO  server.RaftServer (RaftServerProxy.java:lambda$null$1(235)) - omNode-2: found a subdirectory /home/runner/work/ozone/ozone/hadoop-ozone/integration-test/target/test-dir/MiniOzoneClusterImpl-b5dc639d-ec1c-4769-97cf-b7d3d1b0d53f/omNode-2/ratis/c9bc4cf4-3bc3-3c60-a66b-523986131536
2022-01-18 07:38:57,487 [Listener at localhost/39603] INFO  server.RaftServer (RaftServerProxy.java:addNew(95)) - omNode-2: addNew group-523986131536:[omNode-3|rpc:localhost:38999|priority:0, omNode-1|rpc:localhost:37129|priority:0, omNode-2|rpc:localhost:34309|priority:0] returns group-523986131536:java.util.concurrent.CompletableFuture@2b2d9556[Not completed]
2022-01-18 07:38:57,488 [Listener at localhost/39603] INFO  om.OzoneManager (OzoneManager.java:initializeRatisServer(1834)) - OzoneManager Ratis server initialized at port 34309
2022-01-18 07:38:57,488 [Listener at localhost/39603] INFO  ratis.OzoneManagerRatisServer (OzoneManagerRatisServer.java:start(554)) - Starting OzoneManagerRatisServer omNode-2 at port 34309
2022-01-18 07:38:57,488 [pool-605-thread-1] INFO  server.RaftServer$Division (RaftServerImpl.java:<init>(184)) - omNode-2: new RaftServerImpl for group-523986131536:[omNode-3|rpc:localhost:38999|priority:0, omNode-1|rpc:localhost:37129|priority:0, omNode-2|rpc:localhost:34309|priority:0] with OzoneManagerStateMachine:uninitialized
2022-01-18 07:38:57,489 [pool-605-thread-1] INFO  server.RaftServerConfigKeys (ConfUtils.java:logGet(44)) - raft.server.rpc.timeout.min = 1s (custom)
2022-01-18 07:38:57,489 [pool-605-thread-1] INFO  server.RaftServerConfigKeys (ConfUtils.java:logGet(44)) - raft.server.rpc.timeout.max = 1200ms (custom)
2022-01-18 07:38:57,489 [pool-605-thread-1] INFO  server.RaftServerConfigKeys (ConfUtils.java:logGet(44)) - raft.server.rpc.sleep.time = 25ms (default)
2022-01-18 07:38:57,489 [pool-605-thread-1] INFO  server.RaftServerConfigKeys (ConfUtils.java:logGet(44)) - raft.server.rpc.slowness.timeout = 2s (custom)
2022-01-18 07:38:57,489 [pool-605-thread-1] INFO  server.RaftServerConfigKeys (ConfUtils.java:logGet(44)) - raft.server.leaderelection.leader.step-down.wait-time = 10s (default)
2022-01-18 07:38:57,489 [pool-605-thread-1] INFO  server.RaftServerConfigKeys (ConfUtils.java:logGet(44)) - raft.server.sleep.deviation.threshold = 300ms (default)
2022-01-18 07:38:57,489 [pool-605-thread-1] INFO  server.RaftServerConfigKeys (ConfUtils.java:logGet(44)) - raft.server.log.appender.install.snapshot.enabled = false (custom)
2022-01-18 07:38:57,489 [pool-605-thread-1] INFO  server.RaftServer$Division (ServerState.java:<init>(105)) - omNode-2@group-523986131536: ConfigurationManager, init=-1: [omNode-3|rpc:localhost:38999|priority:0, omNode-1|rpc:localhost:37129|priority:0, omNode-2|rpc:localhost:34309|priority:0], old=null, confs=<EMPTY_MAP>
2022-01-18 07:38:57,489 [pool-605-thread-1] INFO  server.RaftServerConfigKeys (ConfUtils.java:logGet(44)) - raft.server.storage.dir = [/home/runner/work/ozone/ozone/hadoop-ozone/integration-test/target/test-dir/MiniOzoneClusterImpl-b5dc639d-ec1c-4769-97cf-b7d3d1b0d53f/omNode-2/ratis] (custom)
2022-01-18 07:38:57,489 [pool-605-thread-1] INFO  server.RaftServerConfigKeys (ConfUtils.java:logGet(44)) - raft.server.log.corruption.policy = EXCEPTION (default)
2022-01-18 07:38:57,489 [pool-605-thread-1] INFO  server.RaftServerConfigKeys (ConfUtils.java:logGet(44)) - raft.server.storage.free-space.min = 0MB (=0) (default)
2022-01-18 07:38:57,491 [pool-605-thread-1] INFO  storage.RaftStorageDirectory (RaftStorageDirectoryImpl.java:tryLock(230)) - Lock on /home/runner/work/ozone/ozone/hadoop-ozone/integration-test/target/test-dir/MiniOzoneClusterImpl-b5dc639d-ec1c-4769-97cf-b7d3d1b0d53f/omNode-2/ratis/c9bc4cf4-3bc3-3c60-a66b-523986131536/in_use.lock acquired by nodename 8507@fv-az270-89
2022-01-18 07:38:57,491 [pool-605-thread-1] INFO  storage.RaftStorage (RaftStorageImpl.java:analyzeAndRecoverStorage(110)) - Read RaftStorageMetadata{term=7, votedFor=omNode-3} from /home/runner/work/ozone/ozone/hadoop-ozone/integration-test/target/test-dir/MiniOzoneClusterImpl-b5dc639d-ec1c-4769-97cf-b7d3d1b0d53f/omNode-2/ratis/c9bc4cf4-3bc3-3c60-a66b-523986131536/current/raft-meta
2022-01-18 07:38:57,491 [pool-605-thread-1] INFO  server.RaftServer$Division (ServerState.java:setRaftConf(387)) - omNode-2@group-523986131536: set configuration 470: [omNode-3|rpc:localhost:38999|admin:|client:|dataStream:|priority:0, omNode-1|rpc:localhost:37129|admin:|client:|dataStream:|priority:0, omNode-2|rpc:localhost:34309|admin:|client:|dataStream:|priority:0], old=null
2022-01-18 07:38:57,491 [pool-605-thread-1] INFO  server.RaftServerConfigKeys (ConfUtils.java:logGet(44)) - raft.server.notification.no-leader.timeout = 2s (custom)
2022-01-18 07:38:57,491 [pool-605-thread-1] INFO  server.RaftServerConfigKeys (ConfUtils.java:logGet(44)) - raft.server.log.use.memory = false (default)
2022-01-18 07:38:57,491 [pool-605-thread-1] INFO  server.RaftServerConfigKeys (ConfUtils.java:logGet(44)) - raft.server.log.purge.gap = 50 (custom)
2022-01-18 07:38:57,492 [pool-605-thread-1] INFO  server.RaftServerConfigKeys (ConfUtils.java:logGet(44)) - raft.server.log.appender.buffer.byte-limit = 33554432 (custom)
2022-01-18 07:38:57,492 [pool-605-thread-1] INFO  server.RaftServerConfigKeys (ConfUtils.java:logGet(44)) - raft.server.log.segment.size.max = 4194304 (custom)
2022-01-18 07:38:57,492 [pool-605-thread-1] INFO  server.RaftServerConfigKeys (ConfUtils.java:logGet(44)) - raft.server.log.segment.cache.num.max = 2 (custom)
2022-01-18 07:38:57,492 [pool-605-thread-1] INFO  server.RaftServerConfigKeys (ConfUtils.java:logGet(44)) - raft.server.log.segment.cache.size.max = 200MB (=209715200) (default)
2022-01-18 07:38:57,492 [pool-605-thread-1] INFO  segmented.SegmentedRaftLogWorker (SegmentedRaftLogWorker.java:<init>(182)) - new omNode-2@group-523986131536-SegmentedRaftLogWorker for RaftStorageImpl:Storage Directory /home/runner/work/ozone/ozone/hadoop-ozone/integration-test/target/test-dir/MiniOzoneClusterImpl-b5dc639d-ec1c-4769-97cf-b7d3d1b0d53f/omNode-2/ratis/c9bc4cf4-3bc3-3c60-a66b-523986131536
2022-01-18 07:38:57,492 [pool-605-thread-1] INFO  server.RaftServerConfigKeys (ConfUtils.java:logGet(44)) - raft.server.log.queue.byte-limit = 64MB (=67108864) (default)
2022-01-18 07:38:57,492 [pool-605-thread-1] INFO  server.RaftServerConfigKeys (ConfUtils.java:logGet(44)) - raft.server.log.queue.element-limit = 4096 (default)
2022-01-18 07:38:57,492 [pool-605-thread-1] INFO  server.RaftServerConfigKeys (ConfUtils.java:logGet(44)) - raft.server.log.segment.size.max = 4194304 (custom)
2022-01-18 07:38:57,492 [pool-605-thread-1] INFO  server.RaftServerConfigKeys (ConfUtils.java:logGet(44)) - raft.server.log.preallocated.size = 4194304 (custom)
2022-01-18 07:38:57,493 [pool-605-thread-1] INFO  server.RaftServerConfigKeys (ConfUtils.java:logGet(44)) - raft.server.log.force.sync.num = 128 (default)
2022-01-18 07:38:57,493 [pool-605-thread-1] INFO  server.RaftServerConfigKeys (ConfUtils.java:logGet(44)) - raft.server.log.statemachine.data.sync = true (default)
2022-01-18 07:38:57,493 [pool-605-thread-1] INFO  server.RaftServerConfigKeys (ConfUtils.java:logGet(44)) - raft.server.log.statemachine.data.sync.timeout = 10s (default)
2022-01-18 07:38:57,493 [pool-605-thread-1] INFO  server.RaftServerConfigKeys (ConfUtils.java:logGet(44)) - raft.server.log.statemachine.data.sync.timeout.retry = -1 (default)
2022-01-18 07:38:57,494 [pool-605-thread-1] INFO  server.RaftServerConfigKeys (ConfUtils.java:logGet(44)) - raft.server.log.write.buffer.size = 64KB (=65536) (default)
2022-01-18 07:38:57,494 [pool-605-thread-1] INFO  server.RaftServerConfigKeys (ConfUtils.java:logGet(44)) - raft.server.log.statemachine.data.caching.enabled = false (default)
2022-01-18 07:38:57,495 [pool-605-thread-1] INFO  segmented.LogSegment (LogSegment.java:loadSegment(173)) - Successfully read 8 entries from segment file /home/runner/work/ozone/ozone/hadoop-ozone/integration-test/target/test-dir/MiniOzoneClusterImpl-b5dc639d-ec1c-4769-97cf-b7d3d1b0d53f/omNode-2/ratis/c9bc4cf4-3bc3-3c60-a66b-523986131536/current/log_461-468
2022-01-18 07:38:57,495 [pool-605-thread-1] INFO  server.RaftServer$Division (ServerState.java:setRaftConf(387)) - omNode-2@group-523986131536: set configuration 469: [omNode-3|rpc:localhost:38999|admin:|client:|dataStream:|priority:0, omNode-1|rpc:localhost:37129|admin:|client:|dataStream:|priority:0, omNode-2|rpc:localhost:34309|admin:|client:|dataStream:|priority:0], old=null
2022-01-18 07:38:57,495 [pool-605-thread-1] INFO  segmented.LogSegment (LogSegment.java:loadSegment(173)) - Successfully read 1 entries from segment file /home/runner/work/ozone/ozone/hadoop-ozone/integration-test/target/test-dir/MiniOzoneClusterImpl-b5dc639d-ec1c-4769-97cf-b7d3d1b0d53f/omNode-2/ratis/c9bc4cf4-3bc3-3c60-a66b-523986131536/current/log_469-469
2022-01-18 07:38:57,495 [pool-605-thread-1] INFO  server.RaftServer$Division (ServerState.java:setRaftConf(387)) - omNode-2@group-523986131536: set configuration 470: [omNode-3|rpc:localhost:38999|admin:|client:|dataStream:|priority:0, omNode-1|rpc:localhost:37129|admin:|client:|dataStream:|priority:0, omNode-2|rpc:localhost:34309|admin:|client:|dataStream:|priority:0], old=null
2022-01-18 07:38:57,495 [pool-605-thread-1] INFO  segmented.LogSegment (LogSegment.java:loadSegment(173)) - Successfully read 2 entries from segment file /home/runner/work/ozone/ozone/hadoop-ozone/integration-test/target/test-dir/MiniOzoneClusterImpl-b5dc639d-ec1c-4769-97cf-b7d3d1b0d53f/omNode-2/ratis/c9bc4cf4-3bc3-3c60-a66b-523986131536/current/log_inprogress_470
2022-01-18 07:38:57,495 [pool-605-thread-1] INFO  segmented.SegmentedRaftLogWorker (SegmentedRaftLogWorker.java:lambda$new$0(133)) - omNode-2@group-523986131536-SegmentedRaftLogWorker: flushIndex: setUnconditionally 0 -> 471
2022-01-18 07:38:57,495 [pool-605-thread-1] INFO  segmented.SegmentedRaftLogWorker (SegmentedRaftLogWorker.java:lambda$new$0(133)) - omNode-2@group-523986131536-SegmentedRaftLogWorker: safeCacheEvictIndex: setUnconditionally 0 -> 469
2022-01-18 07:38:57,496 [pool-605-thread-1] INFO  raftlog.RaftLog (RaftLogBase.java:lambda$new$0(53)) - omNode-2@group-523986131536-SegmentedRaftLog: commitIndex: updateToMax old=471, new=470, updated? false
2022-01-18 07:38:57,496 [pool-605-thread-1] INFO  raftlog.RaftLog (RaftLogBase.java:lambda$new$0(53)) - omNode-2@group-523986131536-SegmentedRaftLog: purgeIndex: updateIncreasingly -1 -> 460
2022-01-18 07:38:57,496 [pool-605-thread-1] INFO  server.RaftServerConfigKeys (ConfUtils.java:logGet(44)) - raft.server.snapshot.auto.trigger.enabled = true (custom)
2022-01-18 07:38:57,496 [pool-605-thread-1] INFO  server.RaftServerConfigKeys (ConfUtils.java:logGet(44)) - raft.server.snapshot.auto.trigger.threshold = 50 (custom)
2022-01-18 07:38:57,496 [pool-605-thread-1] INFO  server.RaftServerConfigKeys (ConfUtils.java:logGet(44)) - raft.server.snapshot.retention.file.num = -1 (default)
2022-01-18 07:38:57,496 [pool-605-thread-1] INFO  server.RaftServerConfigKeys (ConfUtils.java:logGet(44)) - raft.server.log.purge.upto.snapshot.index = true (custom)
2022-01-18 07:38:57,496 [pool-605-thread-1] INFO  server.RaftServerConfigKeys (ConfUtils.java:logGet(44)) - raft.server.retrycache.expirytime = 30000ms (custom)
2022-01-18 07:38:57,496 [pool-605-thread-1] INFO  server.RaftServerConfigKeys (ConfUtils.java:logGet(44)) - raft.server.retrycache.statistics.expirytime = 100μs (default)
2022-01-18 07:38:57,501 [Listener at localhost/39603] INFO  server.RaftServer$Division (RaftServerImpl.java:start(301)) - omNode-2@group-523986131536: start as a follower, conf=470: [omNode-3|rpc:localhost:38999|admin:|client:|dataStream:|priority:0, omNode-1|rpc:localhost:37129|admin:|client:|dataStream:|priority:0, omNode-2|rpc:localhost:34309|admin:|client:|dataStream:|priority:0], old=null
2022-01-18 07:38:57,501 [Listener at localhost/39603] INFO  server.RaftServer$Division (RaftServerImpl.java:setRole(290)) - omNode-2@group-523986131536: changes role from      null to FOLLOWER at term 7 for startAsFollower
2022-01-18 07:38:57,501 [Listener at localhost/39603] INFO  impl.RoleInfo (RoleInfo.java:updateAndGet(130)) - omNode-2: start omNode-2@group-523986131536-FollowerState
2022-01-18 07:38:57,501 [Listener at localhost/39603] INFO  util.JmxRegister (JmxRegister.java:tryRegister(44)) - Successfully registered JMX Bean with object name Ratis:service=RaftServer,group=group-523986131536,id=omNode-2
2022-01-18 07:38:57,502 [Listener at localhost/39603] INFO  server.RaftServer (RaftServerProxy.java:lambda$start$5(374)) - omNode-2: start RPC server
2022-01-18 07:38:57,502 [Listener at localhost/39603] INFO  server.GrpcService (GrpcService.java:startImpl(253)) - omNode-2: GrpcService started, listening on 34309
2022-01-18 07:38:57,503 [org.apache.ratis.util.JvmPauseMonitor$$Lambda$422/1423507882@637cae5f] INFO  util.JvmPauseMonitor (JvmPauseMonitor.java:run(103)) - JvmPauseMonitor-omNode-2: Started
2022-01-18 07:38:57,503 [Listener at localhost/39603] INFO  ipc.CallQueueManager (CallQueueManager.java:<init>(90)) - Using callQueue: class java.util.concurrent.LinkedBlockingQueue, queueCapacity: 2000, scheduler: class org.apache.hadoop.ipc.DefaultRpcScheduler, ipcBackoff: false.
2022-01-18 07:38:57,503 [Socket Reader #1 for port 32993] INFO  ipc.Server (Server.java:run(1265)) - Starting Socket Reader #1 for port 32993
2022-01-18 07:38:57,507 [Listener at localhost/32993] INFO  http.BaseHttpServer (BaseHttpServer.java:newHttpServer2BuilderForOzone(209)) - Starting Web-server for ozoneManager at: http://0.0.0.0:34999
2022-01-18 07:38:57,507 [Listener at localhost/32993] INFO  http.BaseHttpServer (BaseHttpServer.java:<init>(107)) - Hadoop Security Enabled: false Ozone Security Enabled: false Ozone HTTP Security Enabled: false 
2022-01-18 07:38:57,508 [Listener at localhost/32993] INFO  server.AuthenticationFilter (AuthenticationFilter.java:constructSecretProvider(240)) - Unable to initialize FileSignerSecretProvider, falling back to use random secrets.
2022-01-18 07:38:57,509 [Listener at localhost/32993] WARN  http.HttpRequestLog (HttpRequestLog.java:getRequestLog(103)) - Jetty request log can only be enabled using Log4j
2022-01-18 07:38:57,511 [Listener at localhost/32993] INFO  http.HttpServer2 (HttpServer2.java:addGlobalFilter(1030)) - Added global filter 'safety' (class=org.apache.hadoop.hdds.server.http.HttpServer2$QuotingInputFilter)
2022-01-18 07:38:57,512 [Listener at localhost/32993] INFO  http.HttpServer2 (HttpServer2.java:addFilter(1006)) - Added filter static_user_filter (class=org.apache.hadoop.http.lib.StaticUserWebFilter$StaticUserFilter) to context ozoneManager
2022-01-18 07:38:57,512 [Listener at localhost/32993] INFO  http.HttpServer2 (HttpServer2.java:addFilter(1014)) - Added filter static_user_filter (class=org.apache.hadoop.http.lib.StaticUserWebFilter$StaticUserFilter) to context static
2022-01-18 07:38:57,513 [Listener at localhost/32993] INFO  http.HttpServer2 (HttpServer2.java:addFilter(1014)) - Added filter static_user_filter (class=org.apache.hadoop.http.lib.StaticUserWebFilter$StaticUserFilter) to context logs
2022-01-18 07:38:57,513 [Listener at localhost/32993] INFO  http.HttpServer2 (HttpServer2.java:bindListener(1249)) - Jetty bound to port 34999
2022-01-18 07:38:57,513 [Listener at localhost/32993] INFO  server.Server (Server.java:doStart(375)) - jetty-9.4.43.v20210629; built: 2021-06-30T11:07:22.254Z; git: 526006ecfa3af7f1a27ef3a288e2bef7ea9dd7e8; jvm 1.8.0_292-b10
2022-01-18 07:38:57,521 [Listener at localhost/32993] INFO  server.session (DefaultSessionIdManager.java:doStart(334)) - DefaultSessionIdManager workerName=node0
2022-01-18 07:38:57,521 [Listener at localhost/32993] INFO  server.session (DefaultSessionIdManager.java:doStart(339)) - No SessionScavenger set, using defaults
2022-01-18 07:38:57,522 [Listener at localhost/32993] INFO  server.session (HouseKeeper.java:startScavenging(132)) - node0 Scavenging every 660000ms
2022-01-18 07:38:57,522 [Listener at localhost/32993] INFO  handler.ContextHandler (ContextHandler.java:doStart(915)) - Started o.e.j.s.ServletContextHandler@7b726e21{logs,/logs,file:///home/runner/work/ozone/ozone/hadoop-ozone/integration-test/target/log,AVAILABLE}
2022-01-18 07:38:57,523 [Listener at localhost/32993] INFO  handler.ContextHandler (ContextHandler.java:doStart(915)) - Started o.e.j.s.ServletContextHandler@3ffd348d{static,/static,file:///home/runner/work/ozone/ozone/hadoop-ozone/integration-test/target/test-classes/webapps/static,AVAILABLE}
2022-01-18 07:38:57,525 [Listener at localhost/32993] INFO  handler.ContextHandler (ContextHandler.java:doStart(915)) - Started o.e.j.w.WebAppContext@6bf441f3{ozoneManager,/,file:///home/runner/work/ozone/ozone/hadoop-ozone/integration-test/target/test-classes/webapps/ozoneManager/,AVAILABLE}{file:/home/runner/work/ozone/ozone/hadoop-ozone/integration-test/target/test-classes/webapps/ozoneManager}
2022-01-18 07:38:57,534 [Listener at localhost/32993] INFO  server.AbstractConnector (AbstractConnector.java:doStart(331)) - Started ServerConnector@1ab6c644{HTTP/1.1, (http/1.1)}{0.0.0.0:34999}
2022-01-18 07:38:57,534 [Listener at localhost/32993] INFO  server.Server (Server.java:doStart(415)) - Started @97887ms
2022-01-18 07:38:57,534 [Listener at localhost/32993] WARN  impl.MetricsSystemImpl (MetricsSystemImpl.java:register(279)) - Sink prometheus already exists!
2022-01-18 07:38:57,535 [Listener at localhost/32993] INFO  http.BaseHttpServer (BaseHttpServer.java:updateConnectorAddress(329)) - HTTP server of ozoneManager listening at http://0.0.0.0:34999
2022-01-18 07:38:57,537 [IPC Server Responder] INFO  ipc.Server (Server.java:run(1507)) - IPC Server Responder: starting
2022-01-18 07:38:57,546 [Listener at localhost/32993] INFO  om.OzoneManager (OzoneManager.java:startTrashEmptier(1792)) - Trash Interval set to 0. Files deleted will not move to trash
2022-01-18 07:38:57,547 [IPC Server listener on 32993] INFO  ipc.Server (Server.java:run(1344)) - IPC Server listener on 32993: starting
2022-01-18 07:38:57,550 [org.apache.hadoop.util.JvmPauseMonitor$Monitor@58fa42cb] INFO  util.JvmPauseMonitor (JvmPauseMonitor.java:run(188)) - Starting JVM pause monitor
]]></system-out>
  </testcase>
</testsuite>