<?xml version="1.0" encoding="UTF-8"?>
<testsuite xmlns:xsi="http://www.w3.org/2001/XMLSchema-instance" xsi:noNamespaceSchemaLocation="https://maven.apache.org/surefire/maven-surefire-plugin/xsd/surefire-test-report-3.0.xsd" version="3.0" name="org.apache.hadoop.ozone.om.TestOzoneManagerHAWithAllRunning" time="68.446" tests="30" errors="0" skipped="0" failures="1">
  <properties>
    <property name="awt.toolkit" value="sun.awt.X11.XToolkit"/>
    <property name="file.encoding.pkg" value="sun.io"/>
    <property name="java.specification.version" value="1.8"/>
    <property name="sun.cpu.isalist" value=""/>
    <property name="sun.jnu.encoding" value="UTF-8"/>
    <property name="gradle.enterprise.listener.surefire.forkId" value="1"/>
    <property name="java.class.path" value="/home/runner/work/ozone/ozone/hadoop-ozone/integration-test/target/test-classes:/home/runner/work/ozone/ozone/hadoop-ozone/integration-test/target/classes:/home/runner/work/ozone/ozone/hadoop-ozone/common/target/classes:/home/runner/.m2/repository/io/grpc/grpc-netty/1.58.0/grpc-netty-1.58.0.jar:/home/runner/.m2/repository/io/grpc/grpc-core/1.58.0/grpc-core-1.58.0.jar:/home/runner/.m2/repository/com/google/android/annotations/4.1.1.4/annotations-4.1.1.4.jar:/home/runner/.m2/repository/org/codehaus/mojo/animal-sniffer-annotations/1.23/animal-sniffer-annotations-1.23.jar:/home/runner/.m2/repository/io/grpc/grpc-context/1.58.0/grpc-context-1.58.0.jar:/home/runner/.m2/repository/io/grpc/grpc-util/1.58.0/grpc-util-1.58.0.jar:/home/runner/.m2/repository/com/google/errorprone/error_prone_annotations/2.2.0/error_prone_annotations-2.2.0.jar:/home/runner/.m2/repository/io/perfmark/perfmark-api/0.26.0/perfmark-api-0.26.0.jar:/home/runner/.m2/repository/io/netty/netty-codec-http2/4.1.100.Final/netty-codec-http2-4.1.100.Final.jar:/home/runner/.m2/repository/io/netty/netty-common/4.1.100.Final/netty-common-4.1.100.Final.jar:/home/runner/.m2/repository/io/netty/netty-buffer/4.1.100.Final/netty-buffer-4.1.100.Final.jar:/home/runner/.m2/repository/io/netty/netty-codec-http/4.1.100.Final/netty-codec-http-4.1.100.Final.jar:/home/runner/.m2/repository/io/netty/netty-handler-proxy/4.1.100.Final/netty-handler-proxy-4.1.100.Final.jar:/home/runner/.m2/repository/io/netty/netty-codec-socks/4.1.100.Final/netty-codec-socks-4.1.100.Final.jar:/home/runner/.m2/repository/io/netty/netty-tcnative-boringssl-static/2.0.61.Final/netty-tcnative-boringssl-static-2.0.61.Final.jar:/home/runner/.m2/repository/io/netty/netty-tcnative-classes/2.0.61.Final/netty-tcnative-classes-2.0.61.Final.jar:/home/runner/.m2/repository/io/netty/netty-tcnative-boringssl-static/2.0.61.Final/netty-tcnative-boringssl-static-2.0.61.Final-linux-x86_64.jar:/home/runner/.m2/repository/io/netty/netty-tcnative-boringssl-static/2.0.61.Final/netty-tcnative-boringssl-static-2.0.61.Final-linux-aarch_64.jar:/home/runner/.m2/repository/io/netty/netty-tcnative-boringssl-static/2.0.61.Final/netty-tcnative-boringssl-static-2.0.61.Final-osx-x86_64.jar:/home/runner/.m2/repository/io/netty/netty-tcnative-boringssl-static/2.0.61.Final/netty-tcnative-boringssl-static-2.0.61.Final-osx-aarch_64.jar:/home/runner/.m2/repository/io/netty/netty-tcnative-boringssl-static/2.0.61.Final/netty-tcnative-boringssl-static-2.0.61.Final-windows-x86_64.jar:/home/runner/.m2/repository/org/apache/commons/commons-compress/1.26.0/commons-compress-1.26.0.jar:/home/runner/work/ozone/ozone/hadoop-hdds/common/target/classes:/home/runner/work/ozone/ozone/hadoop-hdds/client/target/classes:/home/runner/work/ozone/ozone/hadoop-ozone/interface-client/target/classes:/home/runner/.m2/repository/org/apache/hadoop/hadoop-hdfs-client/3.3.6/hadoop-hdfs-client-3.3.6.jar:/home/runner/.m2/repository/com/squareup/okhttp3/okhttp/4.12.0/okhttp-4.12.0.jar:/home/runner/.m2/repository/com/squareup/okio/okio/3.6.0/okio-3.6.0.jar:/home/runner/.m2/repository/com/squareup/okio/okio-jvm/3.6.0/okio-jvm-3.6.0.jar:/home/runner/.m2/repository/org/jetbrains/kotlin/kotlin-stdlib-jdk8/1.9.22/kotlin-stdlib-jdk8-1.9.22.jar:/home/runner/.m2/repository/org/jetbrains/kotlin/kotlin-stdlib-jdk7/1.9.22/kotlin-stdlib-jdk7-1.9.22.jar:/home/runner/.m2/repository/org/jetbrains/kotlin/kotlin-stdlib-common/1.9.22/kotlin-stdlib-common-1.9.22.jar:/home/runner/work/ozone/ozone/hadoop-hdds/test-utils/target/classes:/home/runner/.m2/repository/org/assertj/assertj-core/3.12.2/assertj-core-3.12.2.jar:/home/runner/.m2/repository/com/google/guava/guava/32.0.0-jre/guava-32.0.0-jre.jar:/home/runner/.m2/repository/com/google/guava/failureaccess/1.0.1/failureaccess-1.0.1.jar:/home/runner/.m2/repository/com/google/guava/listenablefuture/9999.0-empty-to-avoid-conflict-with-guava/listenablefuture-9999.0-empty-to-avoid-conflict-with-guava.jar:/home/runner/.m2/repository/org/checkerframework/checker-qual/3.33.0/checker-qual-3.33.0.jar:/home/runner/.m2/repository/com/google/j2objc/j2objc-annotations/2.8/j2objc-annotations-2.8.jar:/home/runner/.m2/repository/commons-io/commons-io/2.15.1/commons-io-2.15.1.jar:/home/runner/.m2/repository/commons-logging/commons-logging/1.2/commons-logging-1.2.jar:/home/runner/.m2/repository/org/junit/jupiter/junit-jupiter-api/5.10.2/junit-jupiter-api-5.10.2.jar:/home/runner/.m2/repository/org/opentest4j/opentest4j/1.3.0/opentest4j-1.3.0.jar:/home/runner/.m2/repository/org/junit/platform/junit-platform-commons/1.10.2/junit-platform-commons-1.10.2.jar:/home/runner/.m2/repository/ch/qos/reload4j/reload4j/1.2.25/reload4j-1.2.25.jar:/home/runner/.m2/repository/jakarta/annotation/jakarta.annotation-api/2.1.1/jakarta.annotation-api-2.1.1.jar:/home/runner/.m2/repository/org/slf4j/slf4j-api/2.0.12/slf4j-api-2.0.12.jar:/home/runner/.m2/repository/org/apache/logging/log4j/log4j-api/2.17.1/log4j-api-2.17.1.jar:/home/runner/work/ozone/ozone/hadoop-hdds/server-scm/target/classes:/home/runner/.m2/repository/com/google/protobuf/protobuf-java/2.5.0/protobuf-java-2.5.0.jar:/home/runner/work/ozone/ozone/hadoop-hdds/container-service/target/classes:/home/runner/work/ozone/ozone/hadoop-hdds/hadoop-dependency-server/target/classes:/home/runner/.m2/repository/com/nimbusds/nimbus-jose-jwt/9.37.2/nimbus-jose-jwt-9.37.2.jar:/home/runner/.m2/repository/com/github/stephenc/jcip/jcip-annotations/1.0-1/jcip-annotations-1.0-1.jar:/home/runner/.m2/repository/org/apache/hadoop/hadoop-hdfs/3.3.6/hadoop-hdfs-3.3.6.jar:/home/runner/.m2/repository/commons-daemon/commons-daemon/1.0.13/commons-daemon-1.0.13.jar:/home/runner/.m2/repository/org/xerial/snappy/snappy-java/1.1.10.5/snappy-java-1.1.10.5.jar:/home/runner/work/ozone/ozone/hadoop-hdds/framework/target/classes:/home/runner/.m2/repository/org/bouncycastle/bcprov-jdk18on/1.77/bcprov-jdk18on-1.77.jar:/home/runner/.m2/repository/io/dropwizard/metrics/metrics-core/3.2.4/metrics-core-3.2.4.jar:/home/runner/.m2/repository/org/apache/commons/commons-text/1.11.0/commons-text-1.11.0.jar:/home/runner/work/ozone/ozone/hadoop-hdds/framework/target/test-classes:/home/runner/work/ozone/ozone/hadoop-hdds/interface-server/target/classes:/home/runner/work/ozone/ozone/hadoop-hdds/interface-admin/target/classes:/home/runner/work/ozone/ozone/hadoop-hdds/managed-rocksdb/target/classes:/home/runner/.m2/repository/org/rocksdb/rocksdbjni/7.7.3/rocksdbjni-7.7.3.jar:/home/runner/.m2/repository/org/slf4j/slf4j-reload4j/2.0.12/slf4j-reload4j-2.0.12.jar:/home/runner/.m2/repository/org/apache/commons/commons-configuration2/2.10.1/commons-configuration2-2.10.1.jar:/home/runner/.m2/repository/commons-fileupload/commons-fileupload/1.5/commons-fileupload-1.5.jar:/home/runner/.m2/repository/org/apache/logging/log4j/log4j-core/2.17.1/log4j-core-2.17.1.jar:/home/runner/.m2/repository/com/lmax/disruptor/3.4.4/disruptor-3.4.4.jar:/home/runner/.m2/repository/org/eclipse/jetty/jetty-util/9.4.53.v20231009/jetty-util-9.4.53.v20231009.jar:/home/runner/.m2/repository/org/eclipse/jetty/jetty-server/9.4.53.v20231009/jetty-server-9.4.53.v20231009.jar:/home/runner/.m2/repository/org/eclipse/jetty/jetty-http/9.4.53.v20231009/jetty-http-9.4.53.v20231009.jar:/home/runner/.m2/repository/org/eclipse/jetty/jetty-io/9.4.53.v20231009/jetty-io-9.4.53.v20231009.jar:/home/runner/.m2/repository/org/eclipse/jetty/jetty-servlet/9.4.53.v20231009/jetty-servlet-9.4.53.v20231009.jar:/home/runner/.m2/repository/org/eclipse/jetty/jetty-security/9.4.53.v20231009/jetty-security-9.4.53.v20231009.jar:/home/runner/.m2/repository/org/eclipse/jetty/jetty-util-ajax/9.4.53.v20231009/jetty-util-ajax-9.4.53.v20231009.jar:/home/runner/.m2/repository/org/eclipse/jetty/jetty-webapp/9.4.53.v20231009/jetty-webapp-9.4.53.v20231009.jar:/home/runner/.m2/repository/org/eclipse/jetty/jetty-xml/9.4.53.v20231009/jetty-xml-9.4.53.v20231009.jar:/home/runner/.m2/repository/org/apache/ratis/ratis-server/3.0.1/ratis-server-3.0.1.jar:/home/runner/.m2/repository/org/apache/ratis/ratis-thirdparty-misc/1.0.5/ratis-thirdparty-misc-1.0.5.jar:/home/runner/.m2/repository/org/apache/ratis/ratis-proto/3.0.1/ratis-proto-3.0.1.jar:/home/runner/.m2/repository/org/apache/ratis/ratis-common/3.0.1/ratis-common-3.0.1.jar:/home/runner/.m2/repository/org/apache/ratis/ratis-client/3.0.1/ratis-client-3.0.1.jar:/home/runner/.m2/repository/org/apache/ratis/ratis-server-api/3.0.1/ratis-server-api-3.0.1.jar:/home/runner/.m2/repository/org/apache/ratis/ratis-metrics-api/3.0.1/ratis-metrics-api-3.0.1.jar:/home/runner/.m2/repository/org/apache/ratis/ratis-metrics-dropwizard3/3.0.1/ratis-metrics-dropwizard3-3.0.1.jar:/home/runner/.m2/repository/io/prometheus/simpleclient_dropwizard/0.16.0/simpleclient_dropwizard-0.16.0.jar:/home/runner/.m2/repository/io/prometheus/simpleclient/0.16.0/simpleclient-0.16.0.jar:/home/runner/.m2/repository/io/prometheus/simpleclient_common/0.16.0/simpleclient_common-0.16.0.jar:/home/runner/.m2/repository/com/fasterxml/jackson/datatype/jackson-datatype-jsr310/2.16.1/jackson-datatype-jsr310-2.16.1.jar:/home/runner/.m2/repository/com/fasterxml/jackson/core/jackson-core/2.16.1/jackson-core-2.16.1.jar:/home/runner/work/ozone/ozone/hadoop-hdds/rocksdb-checkpoint-differ/target/classes:/home/runner/.m2/repository/org/jgrapht/jgrapht-core/1.4.0/jgrapht-core-1.4.0.jar:/home/runner/.m2/repository/org/jheaps/jheaps/0.11/jheaps-0.11.jar:/home/runner/.m2/repository/org/jgrapht/jgrapht-ext/1.4.0/jgrapht-ext-1.4.0.jar:/home/runner/.m2/repository/com/github/vlsi/mxgraph/jgraphx/3.9.8.1/jgraphx-3.9.8.1.jar:/home/runner/work/ozone/ozone/hadoop-ozone/ozone-manager/target/classes:/home/runner/.m2/repository/org/aspectj/aspectjrt/1.9.7/aspectjrt-1.9.7.jar:/home/runner/.m2/repository/org/aspectj/aspectjweaver/1.9.7/aspectjweaver-1.9.7.jar:/home/runner/work/ozone/ozone/hadoop-hdds/interface-client/target/classes:/home/runner/.m2/repository/org/apache/hadoop/thirdparty/hadoop-shaded-protobuf_3_7/1.1.1/hadoop-shaded-protobuf_3_7-1.1.1.jar:/home/runner/work/ozone/ozone/hadoop-ozone/interface-storage/target/classes:/home/runner/.m2/repository/org/reflections/reflections/0.9.11/reflections-0.9.11.jar:/home/runner/.m2/repository/com/sun/jersey/jersey-client/1.19.4/jersey-client-1.19.4.jar:/home/runner/.m2/repository/org/codehaus/jackson/jackson-core-asl/1.9.13/jackson-core-asl-1.9.13.jar:/home/runner/.m2/repository/org/codehaus/jackson/jackson-mapper-asl/1.9.13/jackson-mapper-asl-1.9.13.jar:/home/runner/.m2/repository/org/codehaus/jackson/jackson-jaxrs/1.9.13/jackson-jaxrs-1.9.13.jar:/home/runner/.m2/repository/org/apache/ranger/ranger-intg/2.3.0/ranger-intg-2.3.0.jar:/home/runner/.m2/repository/org/apache/ranger/ranger-plugins-common/2.3.0/ranger-plugins-common-2.3.0.jar:/home/runner/.m2/repository/commons-lang/commons-lang/2.6/commons-lang-2.6.jar:/home/runner/.m2/repository/org/apache/ranger/ranger-plugins-cred/2.3.0/ranger-plugins-cred-2.3.0.jar:/home/runner/.m2/repository/org/apache/ranger/ranger-plugins-audit/2.3.0/ranger-plugins-audit-2.3.0.jar:/home/runner/.m2/repository/org/eclipse/jetty/jetty-client/9.4.53.v20231009/jetty-client-9.4.53.v20231009.jar:/home/runner/.m2/repository/org/apache/httpcomponents/httpmime/4.5.6/httpmime-4.5.6.jar:/home/runner/.m2/repository/org/apache/httpcomponents/httpcore-nio/4.4.16/httpcore-nio-4.4.16.jar:/home/runner/.m2/repository/org/apache/httpcomponents/httpasyncclient/4.1.3/httpasyncclient-4.1.3.jar:/home/runner/.m2/repository/com/carrotsearch/hppc/0.8.0/hppc-0.8.0.jar:/home/runner/.m2/repository/org/apache/orc/orc-core/1.5.8/orc-core-1.5.8.jar:/home/runner/.m2/repository/net/java/dev/jna/jna/5.2.0/jna-5.2.0.jar:/home/runner/.m2/repository/net/java/dev/jna/jna-platform/5.2.0/jna-platform-5.2.0.jar:/home/runner/.m2/repository/com/kstruct/gethostname4j/0.0.2/gethostname4j-0.0.2.jar:/home/runner/.m2/repository/org/apache/ranger/ranger-plugin-classloader/2.3.0/ranger-plugin-classloader-2.3.0.jar:/home/runner/work/ozone/ozone/hadoop-hdds/rocks-native/target/classes:/home/runner/.m2/repository/org/apache/hadoop/hadoop-minikdc/3.3.6/hadoop-minikdc-3.3.6.jar:/home/runner/.m2/repository/org/apache/kerby/kerb-simplekdc/1.0.1/kerb-simplekdc-1.0.1.jar:/home/runner/.m2/repository/org/apache/kerby/kerb-client/1.0.1/kerb-client-1.0.1.jar:/home/runner/.m2/repository/org/apache/kerby/kerby-config/1.0.1/kerby-config-1.0.1.jar:/home/runner/.m2/repository/org/apache/kerby/kerb-common/1.0.1/kerb-common-1.0.1.jar:/home/runner/.m2/repository/org/apache/kerby/kerb-crypto/1.0.1/kerb-crypto-1.0.1.jar:/home/runner/.m2/repository/org/apache/kerby/kerb-util/1.0.1/kerb-util-1.0.1.jar:/home/runner/.m2/repository/org/apache/kerby/token-provider/1.0.1/token-provider-1.0.1.jar:/home/runner/.m2/repository/org/apache/kerby/kerb-admin/1.0.1/kerb-admin-1.0.1.jar:/home/runner/.m2/repository/org/apache/kerby/kerb-server/1.0.1/kerb-server-1.0.1.jar:/home/runner/.m2/repository/org/apache/kerby/kerb-identity/1.0.1/kerb-identity-1.0.1.jar:/home/runner/.m2/repository/org/apache/kerby/kerby-xdr/1.0.1/kerby-xdr-1.0.1.jar:/home/runner/.m2/repository/junit/junit/4.13.2/junit-4.13.2.jar:/home/runner/.m2/repository/org/hamcrest/hamcrest-core/1.3/hamcrest-core-1.3.jar:/home/runner/work/ozone/ozone/hadoop-ozone/s3gateway/target/classes:/home/runner/.m2/repository/org/javassist/javassist/3.21.0-GA/javassist-3.21.0-GA.jar:/home/runner/.m2/repository/org/jboss/weld/servlet/weld-servlet-shaded/3.1.9.Final/weld-servlet-shaded-3.1.9.Final.jar:/home/runner/.m2/repository/org/glassfish/jersey/containers/jersey-container-servlet-core/2.42/jersey-container-servlet-core-2.42.jar:/home/runner/.m2/repository/org/glassfish/hk2/external/jakarta.inject/2.6.1/jakarta.inject-2.6.1.jar:/home/runner/.m2/repository/org/glassfish/jersey/core/jersey-common/2.42/jersey-common-2.42.jar:/home/runner/.m2/repository/jakarta/ws/rs/jakarta.ws.rs-api/2.1.6/jakarta.ws.rs-api-2.1.6.jar:/home/runner/.m2/repository/org/glassfish/jersey/ext/cdi/jersey-cdi1x/2.42/jersey-cdi1x-2.42.jar:/home/runner/.m2/repository/org/glassfish/jersey/inject/jersey-hk2/2.42/jersey-hk2-2.42.jar:/home/runner/.m2/repository/org/glassfish/hk2/hk2-locator/2.6.1/hk2-locator-2.6.1.jar:/home/runner/.m2/repository/org/glassfish/jersey/media/jersey-media-jaxb/2.42/jersey-media-jaxb-2.42.jar:/home/runner/.m2/repository/org/glassfish/hk2/osgi-resource-locator/1.0.3/osgi-resource-locator-1.0.3.jar:/home/runner/.m2/repository/org/glassfish/hk2/hk2-api/2.6.1/hk2-api-2.6.1.jar:/home/runner/.m2/repository/org/glassfish/hk2/hk2-utils/2.6.1/hk2-utils-2.6.1.jar:/home/runner/.m2/repository/org/glassfish/hk2/external/aopalliance-repackaged/2.6.1/aopalliance-repackaged-2.6.1.jar:/home/runner/.m2/repository/com/fasterxml/jackson/dataformat/jackson-dataformat-xml/2.16.1/jackson-dataformat-xml-2.16.1.jar:/home/runner/.m2/repository/org/codehaus/woodstox/stax2-api/4.2.2/stax2-api-4.2.2.jar:/home/runner/.m2/repository/com/fasterxml/woodstox/woodstox-core/5.4.0/woodstox-core-5.4.0.jar:/home/runner/.m2/repository/com/fasterxml/jackson/module/jackson-module-jaxb-annotations/2.16.1/jackson-module-jaxb-annotations-2.16.1.jar:/home/runner/.m2/repository/javax/enterprise/cdi-api/2.0/cdi-api-2.0.jar:/home/runner/.m2/repository/javax/el/javax.el-api/3.0.0/javax.el-api-3.0.0.jar:/home/runner/.m2/repository/javax/interceptor/javax.interceptor-api/1.2/javax.interceptor-api-1.2.jar:/home/runner/.m2/repository/javax/inject/javax.inject/1/javax.inject-1.jar:/home/runner/.m2/repository/jakarta/xml/bind/jakarta.xml.bind-api/2.3.3/jakarta.xml.bind-api-2.3.3.jar:/home/runner/.m2/repository/org/glassfish/jaxb/jaxb-runtime/2.3.9/jaxb-runtime-2.3.9.jar:/home/runner/.m2/repository/org/glassfish/jaxb/txw2/2.3.9/txw2-2.3.9.jar:/home/runner/.m2/repository/com/sun/istack/istack-commons-runtime/3.0.12/istack-commons-runtime-3.0.12.jar:/home/runner/.m2/repository/com/sun/activation/jakarta.activation/1.2.2/jakarta.activation-1.2.2.jar:/home/runner/.m2/repository/jakarta/activation/jakarta.activation-api/1.2.2/jakarta.activation-api-1.2.2.jar:/home/runner/.m2/repository/io/grpc/grpc-protobuf/1.58.0/grpc-protobuf-1.58.0.jar:/home/runner/.m2/repository/com/google/api/grpc/proto-google-common-protos/2.22.0/proto-google-common-protos-2.22.0.jar:/home/runner/.m2/repository/io/grpc/grpc-protobuf-lite/1.58.0/grpc-protobuf-lite-1.58.0.jar:/home/runner/.m2/repository/io/grpc/grpc-stub/1.58.0/grpc-stub-1.58.0.jar:/home/runner/.m2/repository/io/netty/netty-transport/4.1.100.Final/netty-transport-4.1.100.Final.jar:/home/runner/.m2/repository/io/netty/netty-resolver/4.1.100.Final/netty-resolver-4.1.100.Final.jar:/home/runner/work/ozone/ozone/hadoop-ozone/csi/target/classes:/home/runner/.m2/repository/com/google/protobuf/protobuf-java-util/3.19.6/protobuf-java-util-3.19.6.jar:/home/runner/.m2/repository/com/google/code/gson/gson/2.9.0/gson-2.9.0.jar:/home/runner/work/ozone/ozone/hadoop-hdds/config/target/classes:/home/runner/.m2/repository/io/netty/netty-transport-native-epoll/4.1.100.Final/netty-transport-native-epoll-4.1.100.Final-linux-x86_64.jar:/home/runner/.m2/repository/io/netty/netty-transport-classes-epoll/4.1.100.Final/netty-transport-classes-epoll-4.1.100.Final.jar:/home/runner/.m2/repository/io/netty/netty-transport-native-unix-common/4.1.100.Final/netty-transport-native-unix-common-4.1.100.Final.jar:/home/runner/work/ozone/ozone/hadoop-ozone/recon/target/classes:/home/runner/work/ozone/ozone/hadoop-ozone/recon-codegen/target/classes:/home/runner/.m2/repository/com/google/inject/guice/6.0.0/guice-6.0.0.jar:/home/runner/.m2/repository/jakarta/inject/jakarta.inject-api/2.0.1/jakarta.inject-api-2.0.1.jar:/home/runner/.m2/repository/aopalliance/aopalliance/1.0/aopalliance-1.0.jar:/home/runner/.m2/repository/com/google/inject/extensions/guice-assistedinject/6.0.0/guice-assistedinject-6.0.0.jar:/home/runner/.m2/repository/com/google/inject/extensions/guice-servlet/6.0.0/guice-servlet-6.0.0.jar:/home/runner/.m2/repository/org/glassfish/jersey/containers/jersey-container-servlet/2.42/jersey-container-servlet-2.42.jar:/home/runner/.m2/repository/org/glassfish/hk2/guice-bridge/2.6.1/guice-bridge-2.6.1.jar:/home/runner/.m2/repository/org/glassfish/jersey/core/jersey-server/2.42/jersey-server-2.42.jar:/home/runner/.m2/repository/org/glassfish/jersey/core/jersey-client/2.42/jersey-client-2.42.jar:/home/runner/.m2/repository/jakarta/validation/jakarta.validation-api/2.0.2/jakarta.validation-api-2.0.2.jar:/home/runner/.m2/repository/org/glassfish/jersey/media/jersey-media-json-jackson/2.42/jersey-media-json-jackson-2.42.jar:/home/runner/.m2/repository/org/glassfish/jersey/ext/jersey-entity-filtering/2.42/jersey-entity-filtering-2.42.jar:/home/runner/.m2/repository/org/jooq/jooq/3.11.10/jooq-3.11.10.jar:/home/runner/.m2/repository/org/jooq/jooq-meta/3.11.10/jooq-meta-3.11.10.jar:/home/runner/.m2/repository/org/jooq/jooq-codegen/3.11.10/jooq-codegen-3.11.10.jar:/home/runner/.m2/repository/com/jolbox/bonecp/0.8.0.RELEASE/bonecp-0.8.0.RELEASE.jar:/home/runner/.m2/repository/org/apache/derby/derby/10.14.2.0/derby-10.14.2.0.jar:/home/runner/.m2/repository/org/xerial/sqlite-jdbc/3.44.1.0/sqlite-jdbc-3.44.1.0.jar:/home/runner/.m2/repository/org/springframework/spring-jdbc/5.3.27/spring-jdbc-5.3.27.jar:/home/runner/.m2/repository/org/springframework/spring-beans/5.3.27/spring-beans-5.3.27.jar:/home/runner/.m2/repository/org/springframework/spring-core/5.3.27/spring-core-5.3.27.jar:/home/runner/.m2/repository/org/springframework/spring-tx/5.3.27/spring-tx-5.3.27.jar:/home/runner/work/ozone/ozone/hadoop-ozone/client/target/classes:/home/runner/work/ozone/ozone/hadoop-hdds/erasurecode/target/classes:/home/runner/work/ozone/ozone/hadoop-ozone/ozonefs/target/classes:/home/runner/work/ozone/ozone/hadoop-ozone/ozonefs-common/target/classes:/home/runner/work/ozone/ozone/hadoop-ozone/tools/target/classes:/home/runner/.m2/repository/com/amazonaws/aws-java-sdk-core/1.12.661/aws-java-sdk-core-1.12.661.jar:/home/runner/.m2/repository/org/apache/httpcomponents/httpclient/4.5.14/httpclient-4.5.14.jar:/home/runner/.m2/repository/org/apache/httpcomponents/httpcore/4.4.16/httpcore-4.4.16.jar:/home/runner/.m2/repository/com/fasterxml/jackson/dataformat/jackson-dataformat-cbor/2.16.1/jackson-dataformat-cbor-2.16.1.jar:/home/runner/.m2/repository/joda-time/joda-time/2.12.7/joda-time-2.12.7.jar:/home/runner/.m2/repository/com/amazonaws/aws-java-sdk-s3/1.12.661/aws-java-sdk-s3-1.12.661.jar:/home/runner/.m2/repository/com/amazonaws/aws-java-sdk-kms/1.12.661/aws-java-sdk-kms-1.12.661.jar:/home/runner/.m2/repository/com/amazonaws/jmespath-java/1.12.661/jmespath-java-1.12.661.jar:/home/runner/.m2/repository/org/kohsuke/metainf-services/metainf-services/1.11/metainf-services-1.11.jar:/home/runner/work/ozone/ozone/hadoop-hdds/tools/target/classes:/home/runner/.m2/repository/org/apache/ratis/ratis-tools/3.0.1/ratis-tools-3.0.1.jar:/home/runner/.m2/repository/commons-cli/commons-cli/1.6.0/commons-cli-1.6.0.jar:/home/runner/.m2/repository/org/apache/commons/commons-lang3/3.14.0/commons-lang3-3.14.0.jar:/home/runner/work/ozone/ozone/hadoop-ozone/ozone-manager/target/test-classes:/home/runner/work/ozone/ozone/hadoop-hdds/common/target/test-classes:/home/runner/work/ozone/ozone/hadoop-hdds/hadoop-dependency-client/target/classes:/home/runner/.m2/repository/info/picocli/picocli/4.7.5/picocli-4.7.5.jar:/home/runner/.m2/repository/com/fasterxml/jackson/core/jackson-annotations/2.16.1/jackson-annotations-2.16.1.jar:/home/runner/work/ozone/ozone/hadoop-hdds/annotations/target/classes:/home/runner/.m2/repository/javax/annotation/javax.annotation-api/1.3.2/javax.annotation-api-1.3.2.jar:/home/runner/.m2/repository/org/apache/ratis/ratis-netty/3.0.1/ratis-netty-3.0.1.jar:/home/runner/.m2/repository/org/apache/ratis/ratis-grpc/3.0.1/ratis-grpc-3.0.1.jar:/home/runner/.m2/repository/org/bouncycastle/bcpkix-jdk18on/1.77/bcpkix-jdk18on-1.77.jar:/home/runner/.m2/repository/org/bouncycastle/bcutil-jdk18on/1.77/bcutil-jdk18on-1.77.jar:/home/runner/.m2/repository/commons-validator/commons-validator/1.6/commons-validator-1.6.jar:/home/runner/.m2/repository/commons-beanutils/commons-beanutils/1.9.4/commons-beanutils-1.9.4.jar:/home/runner/.m2/repository/commons-digester/commons-digester/1.8.1/commons-digester-1.8.1.jar:/home/runner/.m2/repository/commons-collections/commons-collections/3.2.2/commons-collections-3.2.2.jar:/home/runner/.m2/repository/io/jaegertracing/jaeger-client/1.8.1/jaeger-client-1.8.1.jar:/home/runner/.m2/repository/io/jaegertracing/jaeger-thrift/1.8.1/jaeger-thrift-1.8.1.jar:/home/runner/.m2/repository/org/apache/thrift/libthrift/0.15.0/libthrift-0.15.0.jar:/home/runner/.m2/repository/io/jaegertracing/jaeger-core/1.8.1/jaeger-core-1.8.1.jar:/home/runner/.m2/repository/io/jaegertracing/jaeger-tracerresolver/1.8.1/jaeger-tracerresolver-1.8.1.jar:/home/runner/.m2/repository/io/opentracing/contrib/opentracing-tracerresolver/0.1.8/opentracing-tracerresolver-0.1.8.jar:/home/runner/.m2/repository/org/jetbrains/kotlin/kotlin-stdlib/1.9.22/kotlin-stdlib-1.9.22.jar:/home/runner/.m2/repository/org/jetbrains/annotations/13.0/annotations-13.0.jar:/home/runner/.m2/repository/io/opentracing/opentracing-util/0.33.0/opentracing-util-0.33.0.jar:/home/runner/.m2/repository/io/opentracing/opentracing-api/0.33.0/opentracing-api-0.33.0.jar:/home/runner/.m2/repository/io/opentracing/opentracing-noop/0.33.0/opentracing-noop-0.33.0.jar:/home/runner/.m2/repository/org/yaml/snakeyaml/2.0/snakeyaml-2.0.jar:/home/runner/.m2/repository/io/grpc/grpc-api/1.58.0/grpc-api-1.58.0.jar:/home/runner/.m2/repository/org/junit/platform/junit-platform-launcher/1.10.2/junit-platform-launcher-1.10.2.jar:/home/runner/.m2/repository/org/junit/platform/junit-platform-engine/1.10.2/junit-platform-engine-1.10.2.jar:/home/runner/.m2/repository/org/apiguardian/apiguardian-api/1.1.2/apiguardian-api-1.1.2.jar:/home/runner/.m2/repository/org/apache/hadoop/hadoop-kms/3.3.6/hadoop-kms-3.3.6.jar:/home/runner/.m2/repository/org/apache/hadoop/hadoop-auth/3.3.6/hadoop-auth-3.3.6.jar:/home/runner/.m2/repository/org/apache/zookeeper/zookeeper/3.8.4/zookeeper-3.8.4.jar:/home/runner/.m2/repository/org/apache/zookeeper/zookeeper-jute/3.8.4/zookeeper-jute-3.8.4.jar:/home/runner/.m2/repository/org/apache/yetus/audience-annotations/0.12.0/audience-annotations-0.12.0.jar:/home/runner/.m2/repository/org/apache/curator/curator-framework/4.2.0/curator-framework-4.2.0.jar:/home/runner/.m2/repository/org/apache/hadoop/thirdparty/hadoop-shaded-guava/1.2.0/hadoop-shaded-guava-1.2.0.jar:/home/runner/.m2/repository/com/sun/jersey/jersey-core/1.19.4/jersey-core-1.19.4.jar:/home/runner/.m2/repository/javax/ws/rs/jsr311-api/1.1.1/jsr311-api-1.1.1.jar:/home/runner/.m2/repository/com/sun/jersey/jersey-server/1.19.4/jersey-server-1.19.4.jar:/home/runner/.m2/repository/javax/servlet/javax.servlet-api/3.1.0/javax.servlet-api-3.1.0.jar:/home/runner/.m2/repository/org/apache/hadoop/hadoop-common/3.3.6/hadoop-common-3.3.6.jar:/home/runner/.m2/repository/org/apache/commons/commons-math3/3.6.1/commons-math3-3.6.1.jar:/home/runner/.m2/repository/commons-net/commons-net/3.10.0/commons-net-3.10.0.jar:/home/runner/.m2/repository/com/sun/jersey/jersey-servlet/1.19.4/jersey-servlet-1.19.4.jar:/home/runner/.m2/repository/com/github/pjfanning/jersey-json/1.20/jersey-json-1.20.jar:/home/runner/.m2/repository/org/codehaus/jettison/jettison/1.1/jettison-1.1.jar:/home/runner/.m2/repository/com/sun/xml/bind/jaxb-impl/2.2.3-1/jaxb-impl-2.2.3-1.jar:/home/runner/.m2/repository/com/google/re2j/re2j/1.7/re2j-1.7.jar:/home/runner/.m2/repository/com/jcraft/jsch/0.1.54/jsch-0.1.54.jar:/home/runner/.m2/repository/org/apache/curator/curator-client/4.2.0/curator-client-4.2.0.jar:/home/runner/.m2/repository/org/apache/curator/curator-recipes/5.2.0/curator-recipes-5.2.0.jar:/home/runner/.m2/repository/com/google/code/findbugs/jsr305/3.0.2/jsr305-3.0.2.jar:/home/runner/.m2/repository/org/apache/kerby/kerb-core/1.0.1/kerb-core-1.0.1.jar:/home/runner/.m2/repository/org/apache/kerby/kerby-pkix/1.0.1/kerby-pkix-1.0.1.jar:/home/runner/.m2/repository/org/apache/kerby/kerby-asn1/1.0.1/kerby-asn1-1.0.1.jar:/home/runner/.m2/repository/org/apache/kerby/kerby-util/1.0.1/kerby-util-1.0.1.jar:/home/runner/.m2/repository/dnsjava/dnsjava/2.1.7/dnsjava-2.1.7.jar:/home/runner/.m2/repository/com/fasterxml/jackson/core/jackson-databind/2.16.1/jackson-databind-2.16.1.jar:/home/runner/.m2/repository/org/apache/hadoop/hadoop-kms/3.3.6/hadoop-kms-3.3.6-tests.jar:/home/runner/work/ozone/ozone/hadoop-hdds/server-scm/target/test-classes:/home/runner/work/ozone/ozone/hadoop-hdds/container-service/target/test-classes:/home/runner/.m2/repository/com/github/luben/zstd-jni/1.5.2-5/zstd-jni-1.5.2-5.jar:/home/runner/.m2/repository/commons-codec/commons-codec/1.15/commons-codec-1.15.jar:/home/runner/.m2/repository/io/netty/netty-codec/4.1.100.Final/netty-codec-4.1.100.Final.jar:/home/runner/.m2/repository/io/netty/netty-handler/4.1.100.Final/netty-handler-4.1.100.Final.jar:/home/runner/work/ozone/ozone/hadoop-hdds/hadoop-dependency-test/target/classes:/home/runner/.m2/repository/org/apache/hadoop/hadoop-common/3.3.6/hadoop-common-3.3.6-tests.jar:/home/runner/.m2/repository/org/apache/hadoop/hadoop-hdfs/3.3.6/hadoop-hdfs-3.3.6-tests.jar:/home/runner/.m2/repository/org/junit/jupiter/junit-jupiter-engine/5.10.2/junit-jupiter-engine-5.10.2.jar:/home/runner/.m2/repository/org/junit/jupiter/junit-jupiter-params/5.10.2/junit-jupiter-params-5.10.2.jar:/home/runner/.m2/repository/org/mockito/mockito-core/4.11.0/mockito-core-4.11.0.jar:/home/runner/.m2/repository/net/bytebuddy/byte-buddy/1.12.19/byte-buddy-1.12.19.jar:/home/runner/.m2/repository/net/bytebuddy/byte-buddy-agent/1.12.19/byte-buddy-agent-1.12.19.jar:/home/runner/.m2/repository/org/objenesis/objenesis/3.3/objenesis-3.3.jar:/home/runner/.m2/repository/org/mockito/mockito-junit-jupiter/4.11.0/mockito-junit-jupiter-4.11.0.jar:/home/runner/.m2/repository/org/apache/hadoop/hadoop-distcp/3.3.6/hadoop-distcp-3.3.6.jar:/home/runner/.m2/repository/org/apache/hadoop/hadoop-mapreduce-client-jobclient/3.3.6/hadoop-mapreduce-client-jobclient-3.3.6.jar:/home/runner/.m2/repository/org/apache/hadoop/hadoop-mapreduce-client-common/3.3.6/hadoop-mapreduce-client-common-3.3.6.jar:/home/runner/.m2/repository/org/apache/hadoop/hadoop-yarn-common/3.3.6/hadoop-yarn-common-3.3.6.jar:/home/runner/.m2/repository/org/apache/hadoop/hadoop-yarn-api/3.3.6/hadoop-yarn-api-3.3.6.jar:/home/runner/.m2/repository/javax/xml/bind/jaxb-api/2.2.11/jaxb-api-2.2.11.jar:/home/runner/.m2/repository/com/sun/jersey/contribs/jersey-guice/1.19.4/jersey-guice-1.19.4.jar:/home/runner/.m2/repository/com/fasterxml/jackson/jaxrs/jackson-jaxrs-json-provider/2.16.1/jackson-jaxrs-json-provider-2.16.1.jar:/home/runner/.m2/repository/com/fasterxml/jackson/jaxrs/jackson-jaxrs-base/2.16.1/jackson-jaxrs-base-2.16.1.jar:/home/runner/.m2/repository/org/apache/hadoop/hadoop-yarn-client/3.3.6/hadoop-yarn-client-3.3.6.jar:/home/runner/.m2/repository/org/eclipse/jetty/websocket/websocket-client/9.4.51.v20230217/websocket-client-9.4.51.v20230217.jar:/home/runner/.m2/repository/org/eclipse/jetty/websocket/websocket-common/9.4.51.v20230217/websocket-common-9.4.51.v20230217.jar:/home/runner/.m2/repository/org/eclipse/jetty/websocket/websocket-api/9.4.51.v20230217/websocket-api-9.4.51.v20230217.jar:/home/runner/.m2/repository/org/jline/jline/3.9.0/jline-3.9.0.jar:/home/runner/.m2/repository/org/apache/hadoop/hadoop-mapreduce-client-core/3.3.6/hadoop-mapreduce-client-core-3.3.6.jar:/home/runner/.m2/repository/org/apache/avro/avro/1.7.7/avro-1.7.7.jar:/home/runner/.m2/repository/com/thoughtworks/paranamer/paranamer/2.3/paranamer-2.3.jar:/home/runner/.m2/repository/org/apache/hadoop/hadoop-annotations/3.3.6/hadoop-annotations-3.3.6.jar:/usr/lib/jvm/temurin-8-jdk-amd64/jre/../lib/tools.jar:/home/runner/.m2/repository/io/netty/netty/3.10.6.Final/netty-3.10.6.Final.jar:/home/runner/.m2/repository/org/apache/hadoop/hadoop-distcp/3.3.6/hadoop-distcp-3.3.6-tests.jar:/home/runner/.m2/repository/org/hamcrest/hamcrest/2.2/hamcrest-2.2.jar:/home/runner/.m2/repository/org/slf4j/jul-to-slf4j/2.0.12/jul-to-slf4j-2.0.12.jar:/home/runner/work/ozone/ozone/hadoop-ozone/integration-test/target/gradle-enterprise/test-listeners.jar:"/>
    <property name="java.vm.vendor" value="Temurin"/>
    <property name="sun.arch.data.model" value="64"/>
    <property name="test.build.dir" value="/home/runner/work/ozone/ozone/hadoop-ozone/integration-test/target/test-dir"/>
    <property name="test.cache.data" value=""/>
    <property name="java.vendor.url" value="https://adoptium.net/"/>
    <property name="user.timezone" value="Etc/UTC"/>
    <property name="maven-surefire-plugin.argLineAccessArgs" value=""/>
    <property name="os.name" value="Linux"/>
    <property name="java.vm.specification.version" value="1.8"/>
    <property name="test.build.data" value="/home/runner/work/ozone/ozone/hadoop-ozone/integration-test/target/test-dir"/>
    <property name="sun.java.launcher" value="SUN_STANDARD"/>
    <property name="sun.boot.library.path" value="/usr/lib/jvm/temurin-8-jdk-amd64/jre/lib/amd64"/>
    <property name="sun.java.command" value="/home/runner/work/ozone/ozone/hadoop-ozone/integration-test/target/surefire/surefirebooter3115945306474057373.jar /home/runner/work/ozone/ozone/hadoop-ozone/integration-test/target/surefire 2024-03-29T08-49-12_546-jvmRun1 surefire7995380022161689353tmp surefire_1923942052120038074770tmp"/>
    <property name="native.lib.tmp.dir" value="/tmp"/>
    <property name="surefire.test.class.path" value="/home/runner/work/ozone/ozone/hadoop-ozone/integration-test/target/test-classes:/home/runner/work/ozone/ozone/hadoop-ozone/integration-test/target/classes:/home/runner/work/ozone/ozone/hadoop-ozone/common/target/classes:/home/runner/.m2/repository/io/grpc/grpc-netty/1.58.0/grpc-netty-1.58.0.jar:/home/runner/.m2/repository/io/grpc/grpc-core/1.58.0/grpc-core-1.58.0.jar:/home/runner/.m2/repository/com/google/android/annotations/4.1.1.4/annotations-4.1.1.4.jar:/home/runner/.m2/repository/org/codehaus/mojo/animal-sniffer-annotations/1.23/animal-sniffer-annotations-1.23.jar:/home/runner/.m2/repository/io/grpc/grpc-context/1.58.0/grpc-context-1.58.0.jar:/home/runner/.m2/repository/io/grpc/grpc-util/1.58.0/grpc-util-1.58.0.jar:/home/runner/.m2/repository/com/google/errorprone/error_prone_annotations/2.2.0/error_prone_annotations-2.2.0.jar:/home/runner/.m2/repository/io/perfmark/perfmark-api/0.26.0/perfmark-api-0.26.0.jar:/home/runner/.m2/repository/io/netty/netty-codec-http2/4.1.100.Final/netty-codec-http2-4.1.100.Final.jar:/home/runner/.m2/repository/io/netty/netty-common/4.1.100.Final/netty-common-4.1.100.Final.jar:/home/runner/.m2/repository/io/netty/netty-buffer/4.1.100.Final/netty-buffer-4.1.100.Final.jar:/home/runner/.m2/repository/io/netty/netty-codec-http/4.1.100.Final/netty-codec-http-4.1.100.Final.jar:/home/runner/.m2/repository/io/netty/netty-handler-proxy/4.1.100.Final/netty-handler-proxy-4.1.100.Final.jar:/home/runner/.m2/repository/io/netty/netty-codec-socks/4.1.100.Final/netty-codec-socks-4.1.100.Final.jar:/home/runner/.m2/repository/io/netty/netty-tcnative-boringssl-static/2.0.61.Final/netty-tcnative-boringssl-static-2.0.61.Final.jar:/home/runner/.m2/repository/io/netty/netty-tcnative-classes/2.0.61.Final/netty-tcnative-classes-2.0.61.Final.jar:/home/runner/.m2/repository/io/netty/netty-tcnative-boringssl-static/2.0.61.Final/netty-tcnative-boringssl-static-2.0.61.Final-linux-x86_64.jar:/home/runner/.m2/repository/io/netty/netty-tcnative-boringssl-static/2.0.61.Final/netty-tcnative-boringssl-static-2.0.61.Final-linux-aarch_64.jar:/home/runner/.m2/repository/io/netty/netty-tcnative-boringssl-static/2.0.61.Final/netty-tcnative-boringssl-static-2.0.61.Final-osx-x86_64.jar:/home/runner/.m2/repository/io/netty/netty-tcnative-boringssl-static/2.0.61.Final/netty-tcnative-boringssl-static-2.0.61.Final-osx-aarch_64.jar:/home/runner/.m2/repository/io/netty/netty-tcnative-boringssl-static/2.0.61.Final/netty-tcnative-boringssl-static-2.0.61.Final-windows-x86_64.jar:/home/runner/.m2/repository/org/apache/commons/commons-compress/1.26.0/commons-compress-1.26.0.jar:/home/runner/work/ozone/ozone/hadoop-hdds/common/target/classes:/home/runner/work/ozone/ozone/hadoop-hdds/client/target/classes:/home/runner/work/ozone/ozone/hadoop-ozone/interface-client/target/classes:/home/runner/.m2/repository/org/apache/hadoop/hadoop-hdfs-client/3.3.6/hadoop-hdfs-client-3.3.6.jar:/home/runner/.m2/repository/com/squareup/okhttp3/okhttp/4.12.0/okhttp-4.12.0.jar:/home/runner/.m2/repository/com/squareup/okio/okio/3.6.0/okio-3.6.0.jar:/home/runner/.m2/repository/com/squareup/okio/okio-jvm/3.6.0/okio-jvm-3.6.0.jar:/home/runner/.m2/repository/org/jetbrains/kotlin/kotlin-stdlib-jdk8/1.9.22/kotlin-stdlib-jdk8-1.9.22.jar:/home/runner/.m2/repository/org/jetbrains/kotlin/kotlin-stdlib-jdk7/1.9.22/kotlin-stdlib-jdk7-1.9.22.jar:/home/runner/.m2/repository/org/jetbrains/kotlin/kotlin-stdlib-common/1.9.22/kotlin-stdlib-common-1.9.22.jar:/home/runner/work/ozone/ozone/hadoop-hdds/test-utils/target/classes:/home/runner/.m2/repository/org/assertj/assertj-core/3.12.2/assertj-core-3.12.2.jar:/home/runner/.m2/repository/com/google/guava/guava/32.0.0-jre/guava-32.0.0-jre.jar:/home/runner/.m2/repository/com/google/guava/failureaccess/1.0.1/failureaccess-1.0.1.jar:/home/runner/.m2/repository/com/google/guava/listenablefuture/9999.0-empty-to-avoid-conflict-with-guava/listenablefuture-9999.0-empty-to-avoid-conflict-with-guava.jar:/home/runner/.m2/repository/org/checkerframework/checker-qual/3.33.0/checker-qual-3.33.0.jar:/home/runner/.m2/repository/com/google/j2objc/j2objc-annotations/2.8/j2objc-annotations-2.8.jar:/home/runner/.m2/repository/commons-io/commons-io/2.15.1/commons-io-2.15.1.jar:/home/runner/.m2/repository/commons-logging/commons-logging/1.2/commons-logging-1.2.jar:/home/runner/.m2/repository/org/junit/jupiter/junit-jupiter-api/5.10.2/junit-jupiter-api-5.10.2.jar:/home/runner/.m2/repository/org/opentest4j/opentest4j/1.3.0/opentest4j-1.3.0.jar:/home/runner/.m2/repository/org/junit/platform/junit-platform-commons/1.10.2/junit-platform-commons-1.10.2.jar:/home/runner/.m2/repository/ch/qos/reload4j/reload4j/1.2.25/reload4j-1.2.25.jar:/home/runner/.m2/repository/jakarta/annotation/jakarta.annotation-api/2.1.1/jakarta.annotation-api-2.1.1.jar:/home/runner/.m2/repository/org/slf4j/slf4j-api/2.0.12/slf4j-api-2.0.12.jar:/home/runner/.m2/repository/org/apache/logging/log4j/log4j-api/2.17.1/log4j-api-2.17.1.jar:/home/runner/work/ozone/ozone/hadoop-hdds/server-scm/target/classes:/home/runner/.m2/repository/com/google/protobuf/protobuf-java/2.5.0/protobuf-java-2.5.0.jar:/home/runner/work/ozone/ozone/hadoop-hdds/container-service/target/classes:/home/runner/work/ozone/ozone/hadoop-hdds/hadoop-dependency-server/target/classes:/home/runner/.m2/repository/com/nimbusds/nimbus-jose-jwt/9.37.2/nimbus-jose-jwt-9.37.2.jar:/home/runner/.m2/repository/com/github/stephenc/jcip/jcip-annotations/1.0-1/jcip-annotations-1.0-1.jar:/home/runner/.m2/repository/org/apache/hadoop/hadoop-hdfs/3.3.6/hadoop-hdfs-3.3.6.jar:/home/runner/.m2/repository/commons-daemon/commons-daemon/1.0.13/commons-daemon-1.0.13.jar:/home/runner/.m2/repository/org/xerial/snappy/snappy-java/1.1.10.5/snappy-java-1.1.10.5.jar:/home/runner/work/ozone/ozone/hadoop-hdds/framework/target/classes:/home/runner/.m2/repository/org/bouncycastle/bcprov-jdk18on/1.77/bcprov-jdk18on-1.77.jar:/home/runner/.m2/repository/io/dropwizard/metrics/metrics-core/3.2.4/metrics-core-3.2.4.jar:/home/runner/.m2/repository/org/apache/commons/commons-text/1.11.0/commons-text-1.11.0.jar:/home/runner/work/ozone/ozone/hadoop-hdds/framework/target/test-classes:/home/runner/work/ozone/ozone/hadoop-hdds/interface-server/target/classes:/home/runner/work/ozone/ozone/hadoop-hdds/interface-admin/target/classes:/home/runner/work/ozone/ozone/hadoop-hdds/managed-rocksdb/target/classes:/home/runner/.m2/repository/org/rocksdb/rocksdbjni/7.7.3/rocksdbjni-7.7.3.jar:/home/runner/.m2/repository/org/slf4j/slf4j-reload4j/2.0.12/slf4j-reload4j-2.0.12.jar:/home/runner/.m2/repository/org/apache/commons/commons-configuration2/2.10.1/commons-configuration2-2.10.1.jar:/home/runner/.m2/repository/commons-fileupload/commons-fileupload/1.5/commons-fileupload-1.5.jar:/home/runner/.m2/repository/org/apache/logging/log4j/log4j-core/2.17.1/log4j-core-2.17.1.jar:/home/runner/.m2/repository/com/lmax/disruptor/3.4.4/disruptor-3.4.4.jar:/home/runner/.m2/repository/org/eclipse/jetty/jetty-util/9.4.53.v20231009/jetty-util-9.4.53.v20231009.jar:/home/runner/.m2/repository/org/eclipse/jetty/jetty-server/9.4.53.v20231009/jetty-server-9.4.53.v20231009.jar:/home/runner/.m2/repository/org/eclipse/jetty/jetty-http/9.4.53.v20231009/jetty-http-9.4.53.v20231009.jar:/home/runner/.m2/repository/org/eclipse/jetty/jetty-io/9.4.53.v20231009/jetty-io-9.4.53.v20231009.jar:/home/runner/.m2/repository/org/eclipse/jetty/jetty-servlet/9.4.53.v20231009/jetty-servlet-9.4.53.v20231009.jar:/home/runner/.m2/repository/org/eclipse/jetty/jetty-security/9.4.53.v20231009/jetty-security-9.4.53.v20231009.jar:/home/runner/.m2/repository/org/eclipse/jetty/jetty-util-ajax/9.4.53.v20231009/jetty-util-ajax-9.4.53.v20231009.jar:/home/runner/.m2/repository/org/eclipse/jetty/jetty-webapp/9.4.53.v20231009/jetty-webapp-9.4.53.v20231009.jar:/home/runner/.m2/repository/org/eclipse/jetty/jetty-xml/9.4.53.v20231009/jetty-xml-9.4.53.v20231009.jar:/home/runner/.m2/repository/org/apache/ratis/ratis-server/3.0.1/ratis-server-3.0.1.jar:/home/runner/.m2/repository/org/apache/ratis/ratis-thirdparty-misc/1.0.5/ratis-thirdparty-misc-1.0.5.jar:/home/runner/.m2/repository/org/apache/ratis/ratis-proto/3.0.1/ratis-proto-3.0.1.jar:/home/runner/.m2/repository/org/apache/ratis/ratis-common/3.0.1/ratis-common-3.0.1.jar:/home/runner/.m2/repository/org/apache/ratis/ratis-client/3.0.1/ratis-client-3.0.1.jar:/home/runner/.m2/repository/org/apache/ratis/ratis-server-api/3.0.1/ratis-server-api-3.0.1.jar:/home/runner/.m2/repository/org/apache/ratis/ratis-metrics-api/3.0.1/ratis-metrics-api-3.0.1.jar:/home/runner/.m2/repository/org/apache/ratis/ratis-metrics-dropwizard3/3.0.1/ratis-metrics-dropwizard3-3.0.1.jar:/home/runner/.m2/repository/io/prometheus/simpleclient_dropwizard/0.16.0/simpleclient_dropwizard-0.16.0.jar:/home/runner/.m2/repository/io/prometheus/simpleclient/0.16.0/simpleclient-0.16.0.jar:/home/runner/.m2/repository/io/prometheus/simpleclient_common/0.16.0/simpleclient_common-0.16.0.jar:/home/runner/.m2/repository/com/fasterxml/jackson/datatype/jackson-datatype-jsr310/2.16.1/jackson-datatype-jsr310-2.16.1.jar:/home/runner/.m2/repository/com/fasterxml/jackson/core/jackson-core/2.16.1/jackson-core-2.16.1.jar:/home/runner/work/ozone/ozone/hadoop-hdds/rocksdb-checkpoint-differ/target/classes:/home/runner/.m2/repository/org/jgrapht/jgrapht-core/1.4.0/jgrapht-core-1.4.0.jar:/home/runner/.m2/repository/org/jheaps/jheaps/0.11/jheaps-0.11.jar:/home/runner/.m2/repository/org/jgrapht/jgrapht-ext/1.4.0/jgrapht-ext-1.4.0.jar:/home/runner/.m2/repository/com/github/vlsi/mxgraph/jgraphx/3.9.8.1/jgraphx-3.9.8.1.jar:/home/runner/work/ozone/ozone/hadoop-ozone/ozone-manager/target/classes:/home/runner/.m2/repository/org/aspectj/aspectjrt/1.9.7/aspectjrt-1.9.7.jar:/home/runner/.m2/repository/org/aspectj/aspectjweaver/1.9.7/aspectjweaver-1.9.7.jar:/home/runner/work/ozone/ozone/hadoop-hdds/interface-client/target/classes:/home/runner/.m2/repository/org/apache/hadoop/thirdparty/hadoop-shaded-protobuf_3_7/1.1.1/hadoop-shaded-protobuf_3_7-1.1.1.jar:/home/runner/work/ozone/ozone/hadoop-ozone/interface-storage/target/classes:/home/runner/.m2/repository/org/reflections/reflections/0.9.11/reflections-0.9.11.jar:/home/runner/.m2/repository/com/sun/jersey/jersey-client/1.19.4/jersey-client-1.19.4.jar:/home/runner/.m2/repository/org/codehaus/jackson/jackson-core-asl/1.9.13/jackson-core-asl-1.9.13.jar:/home/runner/.m2/repository/org/codehaus/jackson/jackson-mapper-asl/1.9.13/jackson-mapper-asl-1.9.13.jar:/home/runner/.m2/repository/org/codehaus/jackson/jackson-jaxrs/1.9.13/jackson-jaxrs-1.9.13.jar:/home/runner/.m2/repository/org/apache/ranger/ranger-intg/2.3.0/ranger-intg-2.3.0.jar:/home/runner/.m2/repository/org/apache/ranger/ranger-plugins-common/2.3.0/ranger-plugins-common-2.3.0.jar:/home/runner/.m2/repository/commons-lang/commons-lang/2.6/commons-lang-2.6.jar:/home/runner/.m2/repository/org/apache/ranger/ranger-plugins-cred/2.3.0/ranger-plugins-cred-2.3.0.jar:/home/runner/.m2/repository/org/apache/ranger/ranger-plugins-audit/2.3.0/ranger-plugins-audit-2.3.0.jar:/home/runner/.m2/repository/org/eclipse/jetty/jetty-client/9.4.53.v20231009/jetty-client-9.4.53.v20231009.jar:/home/runner/.m2/repository/org/apache/httpcomponents/httpmime/4.5.6/httpmime-4.5.6.jar:/home/runner/.m2/repository/org/apache/httpcomponents/httpcore-nio/4.4.16/httpcore-nio-4.4.16.jar:/home/runner/.m2/repository/org/apache/httpcomponents/httpasyncclient/4.1.3/httpasyncclient-4.1.3.jar:/home/runner/.m2/repository/com/carrotsearch/hppc/0.8.0/hppc-0.8.0.jar:/home/runner/.m2/repository/org/apache/orc/orc-core/1.5.8/orc-core-1.5.8.jar:/home/runner/.m2/repository/net/java/dev/jna/jna/5.2.0/jna-5.2.0.jar:/home/runner/.m2/repository/net/java/dev/jna/jna-platform/5.2.0/jna-platform-5.2.0.jar:/home/runner/.m2/repository/com/kstruct/gethostname4j/0.0.2/gethostname4j-0.0.2.jar:/home/runner/.m2/repository/org/apache/ranger/ranger-plugin-classloader/2.3.0/ranger-plugin-classloader-2.3.0.jar:/home/runner/work/ozone/ozone/hadoop-hdds/rocks-native/target/classes:/home/runner/.m2/repository/org/apache/hadoop/hadoop-minikdc/3.3.6/hadoop-minikdc-3.3.6.jar:/home/runner/.m2/repository/org/apache/kerby/kerb-simplekdc/1.0.1/kerb-simplekdc-1.0.1.jar:/home/runner/.m2/repository/org/apache/kerby/kerb-client/1.0.1/kerb-client-1.0.1.jar:/home/runner/.m2/repository/org/apache/kerby/kerby-config/1.0.1/kerby-config-1.0.1.jar:/home/runner/.m2/repository/org/apache/kerby/kerb-common/1.0.1/kerb-common-1.0.1.jar:/home/runner/.m2/repository/org/apache/kerby/kerb-crypto/1.0.1/kerb-crypto-1.0.1.jar:/home/runner/.m2/repository/org/apache/kerby/kerb-util/1.0.1/kerb-util-1.0.1.jar:/home/runner/.m2/repository/org/apache/kerby/token-provider/1.0.1/token-provider-1.0.1.jar:/home/runner/.m2/repository/org/apache/kerby/kerb-admin/1.0.1/kerb-admin-1.0.1.jar:/home/runner/.m2/repository/org/apache/kerby/kerb-server/1.0.1/kerb-server-1.0.1.jar:/home/runner/.m2/repository/org/apache/kerby/kerb-identity/1.0.1/kerb-identity-1.0.1.jar:/home/runner/.m2/repository/org/apache/kerby/kerby-xdr/1.0.1/kerby-xdr-1.0.1.jar:/home/runner/.m2/repository/junit/junit/4.13.2/junit-4.13.2.jar:/home/runner/.m2/repository/org/hamcrest/hamcrest-core/1.3/hamcrest-core-1.3.jar:/home/runner/work/ozone/ozone/hadoop-ozone/s3gateway/target/classes:/home/runner/.m2/repository/org/javassist/javassist/3.21.0-GA/javassist-3.21.0-GA.jar:/home/runner/.m2/repository/org/jboss/weld/servlet/weld-servlet-shaded/3.1.9.Final/weld-servlet-shaded-3.1.9.Final.jar:/home/runner/.m2/repository/org/glassfish/jersey/containers/jersey-container-servlet-core/2.42/jersey-container-servlet-core-2.42.jar:/home/runner/.m2/repository/org/glassfish/hk2/external/jakarta.inject/2.6.1/jakarta.inject-2.6.1.jar:/home/runner/.m2/repository/org/glassfish/jersey/core/jersey-common/2.42/jersey-common-2.42.jar:/home/runner/.m2/repository/jakarta/ws/rs/jakarta.ws.rs-api/2.1.6/jakarta.ws.rs-api-2.1.6.jar:/home/runner/.m2/repository/org/glassfish/jersey/ext/cdi/jersey-cdi1x/2.42/jersey-cdi1x-2.42.jar:/home/runner/.m2/repository/org/glassfish/jersey/inject/jersey-hk2/2.42/jersey-hk2-2.42.jar:/home/runner/.m2/repository/org/glassfish/hk2/hk2-locator/2.6.1/hk2-locator-2.6.1.jar:/home/runner/.m2/repository/org/glassfish/jersey/media/jersey-media-jaxb/2.42/jersey-media-jaxb-2.42.jar:/home/runner/.m2/repository/org/glassfish/hk2/osgi-resource-locator/1.0.3/osgi-resource-locator-1.0.3.jar:/home/runner/.m2/repository/org/glassfish/hk2/hk2-api/2.6.1/hk2-api-2.6.1.jar:/home/runner/.m2/repository/org/glassfish/hk2/hk2-utils/2.6.1/hk2-utils-2.6.1.jar:/home/runner/.m2/repository/org/glassfish/hk2/external/aopalliance-repackaged/2.6.1/aopalliance-repackaged-2.6.1.jar:/home/runner/.m2/repository/com/fasterxml/jackson/dataformat/jackson-dataformat-xml/2.16.1/jackson-dataformat-xml-2.16.1.jar:/home/runner/.m2/repository/org/codehaus/woodstox/stax2-api/4.2.2/stax2-api-4.2.2.jar:/home/runner/.m2/repository/com/fasterxml/woodstox/woodstox-core/5.4.0/woodstox-core-5.4.0.jar:/home/runner/.m2/repository/com/fasterxml/jackson/module/jackson-module-jaxb-annotations/2.16.1/jackson-module-jaxb-annotations-2.16.1.jar:/home/runner/.m2/repository/javax/enterprise/cdi-api/2.0/cdi-api-2.0.jar:/home/runner/.m2/repository/javax/el/javax.el-api/3.0.0/javax.el-api-3.0.0.jar:/home/runner/.m2/repository/javax/interceptor/javax.interceptor-api/1.2/javax.interceptor-api-1.2.jar:/home/runner/.m2/repository/javax/inject/javax.inject/1/javax.inject-1.jar:/home/runner/.m2/repository/jakarta/xml/bind/jakarta.xml.bind-api/2.3.3/jakarta.xml.bind-api-2.3.3.jar:/home/runner/.m2/repository/org/glassfish/jaxb/jaxb-runtime/2.3.9/jaxb-runtime-2.3.9.jar:/home/runner/.m2/repository/org/glassfish/jaxb/txw2/2.3.9/txw2-2.3.9.jar:/home/runner/.m2/repository/com/sun/istack/istack-commons-runtime/3.0.12/istack-commons-runtime-3.0.12.jar:/home/runner/.m2/repository/com/sun/activation/jakarta.activation/1.2.2/jakarta.activation-1.2.2.jar:/home/runner/.m2/repository/jakarta/activation/jakarta.activation-api/1.2.2/jakarta.activation-api-1.2.2.jar:/home/runner/.m2/repository/io/grpc/grpc-protobuf/1.58.0/grpc-protobuf-1.58.0.jar:/home/runner/.m2/repository/com/google/api/grpc/proto-google-common-protos/2.22.0/proto-google-common-protos-2.22.0.jar:/home/runner/.m2/repository/io/grpc/grpc-protobuf-lite/1.58.0/grpc-protobuf-lite-1.58.0.jar:/home/runner/.m2/repository/io/grpc/grpc-stub/1.58.0/grpc-stub-1.58.0.jar:/home/runner/.m2/repository/io/netty/netty-transport/4.1.100.Final/netty-transport-4.1.100.Final.jar:/home/runner/.m2/repository/io/netty/netty-resolver/4.1.100.Final/netty-resolver-4.1.100.Final.jar:/home/runner/work/ozone/ozone/hadoop-ozone/csi/target/classes:/home/runner/.m2/repository/com/google/protobuf/protobuf-java-util/3.19.6/protobuf-java-util-3.19.6.jar:/home/runner/.m2/repository/com/google/code/gson/gson/2.9.0/gson-2.9.0.jar:/home/runner/work/ozone/ozone/hadoop-hdds/config/target/classes:/home/runner/.m2/repository/io/netty/netty-transport-native-epoll/4.1.100.Final/netty-transport-native-epoll-4.1.100.Final-linux-x86_64.jar:/home/runner/.m2/repository/io/netty/netty-transport-classes-epoll/4.1.100.Final/netty-transport-classes-epoll-4.1.100.Final.jar:/home/runner/.m2/repository/io/netty/netty-transport-native-unix-common/4.1.100.Final/netty-transport-native-unix-common-4.1.100.Final.jar:/home/runner/work/ozone/ozone/hadoop-ozone/recon/target/classes:/home/runner/work/ozone/ozone/hadoop-ozone/recon-codegen/target/classes:/home/runner/.m2/repository/com/google/inject/guice/6.0.0/guice-6.0.0.jar:/home/runner/.m2/repository/jakarta/inject/jakarta.inject-api/2.0.1/jakarta.inject-api-2.0.1.jar:/home/runner/.m2/repository/aopalliance/aopalliance/1.0/aopalliance-1.0.jar:/home/runner/.m2/repository/com/google/inject/extensions/guice-assistedinject/6.0.0/guice-assistedinject-6.0.0.jar:/home/runner/.m2/repository/com/google/inject/extensions/guice-servlet/6.0.0/guice-servlet-6.0.0.jar:/home/runner/.m2/repository/org/glassfish/jersey/containers/jersey-container-servlet/2.42/jersey-container-servlet-2.42.jar:/home/runner/.m2/repository/org/glassfish/hk2/guice-bridge/2.6.1/guice-bridge-2.6.1.jar:/home/runner/.m2/repository/org/glassfish/jersey/core/jersey-server/2.42/jersey-server-2.42.jar:/home/runner/.m2/repository/org/glassfish/jersey/core/jersey-client/2.42/jersey-client-2.42.jar:/home/runner/.m2/repository/jakarta/validation/jakarta.validation-api/2.0.2/jakarta.validation-api-2.0.2.jar:/home/runner/.m2/repository/org/glassfish/jersey/media/jersey-media-json-jackson/2.42/jersey-media-json-jackson-2.42.jar:/home/runner/.m2/repository/org/glassfish/jersey/ext/jersey-entity-filtering/2.42/jersey-entity-filtering-2.42.jar:/home/runner/.m2/repository/org/jooq/jooq/3.11.10/jooq-3.11.10.jar:/home/runner/.m2/repository/org/jooq/jooq-meta/3.11.10/jooq-meta-3.11.10.jar:/home/runner/.m2/repository/org/jooq/jooq-codegen/3.11.10/jooq-codegen-3.11.10.jar:/home/runner/.m2/repository/com/jolbox/bonecp/0.8.0.RELEASE/bonecp-0.8.0.RELEASE.jar:/home/runner/.m2/repository/org/apache/derby/derby/10.14.2.0/derby-10.14.2.0.jar:/home/runner/.m2/repository/org/xerial/sqlite-jdbc/3.44.1.0/sqlite-jdbc-3.44.1.0.jar:/home/runner/.m2/repository/org/springframework/spring-jdbc/5.3.27/spring-jdbc-5.3.27.jar:/home/runner/.m2/repository/org/springframework/spring-beans/5.3.27/spring-beans-5.3.27.jar:/home/runner/.m2/repository/org/springframework/spring-core/5.3.27/spring-core-5.3.27.jar:/home/runner/.m2/repository/org/springframework/spring-tx/5.3.27/spring-tx-5.3.27.jar:/home/runner/work/ozone/ozone/hadoop-ozone/client/target/classes:/home/runner/work/ozone/ozone/hadoop-hdds/erasurecode/target/classes:/home/runner/work/ozone/ozone/hadoop-ozone/ozonefs/target/classes:/home/runner/work/ozone/ozone/hadoop-ozone/ozonefs-common/target/classes:/home/runner/work/ozone/ozone/hadoop-ozone/tools/target/classes:/home/runner/.m2/repository/com/amazonaws/aws-java-sdk-core/1.12.661/aws-java-sdk-core-1.12.661.jar:/home/runner/.m2/repository/org/apache/httpcomponents/httpclient/4.5.14/httpclient-4.5.14.jar:/home/runner/.m2/repository/org/apache/httpcomponents/httpcore/4.4.16/httpcore-4.4.16.jar:/home/runner/.m2/repository/com/fasterxml/jackson/dataformat/jackson-dataformat-cbor/2.16.1/jackson-dataformat-cbor-2.16.1.jar:/home/runner/.m2/repository/joda-time/joda-time/2.12.7/joda-time-2.12.7.jar:/home/runner/.m2/repository/com/amazonaws/aws-java-sdk-s3/1.12.661/aws-java-sdk-s3-1.12.661.jar:/home/runner/.m2/repository/com/amazonaws/aws-java-sdk-kms/1.12.661/aws-java-sdk-kms-1.12.661.jar:/home/runner/.m2/repository/com/amazonaws/jmespath-java/1.12.661/jmespath-java-1.12.661.jar:/home/runner/.m2/repository/org/kohsuke/metainf-services/metainf-services/1.11/metainf-services-1.11.jar:/home/runner/work/ozone/ozone/hadoop-hdds/tools/target/classes:/home/runner/.m2/repository/org/apache/ratis/ratis-tools/3.0.1/ratis-tools-3.0.1.jar:/home/runner/.m2/repository/commons-cli/commons-cli/1.6.0/commons-cli-1.6.0.jar:/home/runner/.m2/repository/org/apache/commons/commons-lang3/3.14.0/commons-lang3-3.14.0.jar:/home/runner/work/ozone/ozone/hadoop-ozone/ozone-manager/target/test-classes:/home/runner/work/ozone/ozone/hadoop-hdds/common/target/test-classes:/home/runner/work/ozone/ozone/hadoop-hdds/hadoop-dependency-client/target/classes:/home/runner/.m2/repository/info/picocli/picocli/4.7.5/picocli-4.7.5.jar:/home/runner/.m2/repository/com/fasterxml/jackson/core/jackson-annotations/2.16.1/jackson-annotations-2.16.1.jar:/home/runner/work/ozone/ozone/hadoop-hdds/annotations/target/classes:/home/runner/.m2/repository/javax/annotation/javax.annotation-api/1.3.2/javax.annotation-api-1.3.2.jar:/home/runner/.m2/repository/org/apache/ratis/ratis-netty/3.0.1/ratis-netty-3.0.1.jar:/home/runner/.m2/repository/org/apache/ratis/ratis-grpc/3.0.1/ratis-grpc-3.0.1.jar:/home/runner/.m2/repository/org/bouncycastle/bcpkix-jdk18on/1.77/bcpkix-jdk18on-1.77.jar:/home/runner/.m2/repository/org/bouncycastle/bcutil-jdk18on/1.77/bcutil-jdk18on-1.77.jar:/home/runner/.m2/repository/commons-validator/commons-validator/1.6/commons-validator-1.6.jar:/home/runner/.m2/repository/commons-beanutils/commons-beanutils/1.9.4/commons-beanutils-1.9.4.jar:/home/runner/.m2/repository/commons-digester/commons-digester/1.8.1/commons-digester-1.8.1.jar:/home/runner/.m2/repository/commons-collections/commons-collections/3.2.2/commons-collections-3.2.2.jar:/home/runner/.m2/repository/io/jaegertracing/jaeger-client/1.8.1/jaeger-client-1.8.1.jar:/home/runner/.m2/repository/io/jaegertracing/jaeger-thrift/1.8.1/jaeger-thrift-1.8.1.jar:/home/runner/.m2/repository/org/apache/thrift/libthrift/0.15.0/libthrift-0.15.0.jar:/home/runner/.m2/repository/io/jaegertracing/jaeger-core/1.8.1/jaeger-core-1.8.1.jar:/home/runner/.m2/repository/io/jaegertracing/jaeger-tracerresolver/1.8.1/jaeger-tracerresolver-1.8.1.jar:/home/runner/.m2/repository/io/opentracing/contrib/opentracing-tracerresolver/0.1.8/opentracing-tracerresolver-0.1.8.jar:/home/runner/.m2/repository/org/jetbrains/kotlin/kotlin-stdlib/1.9.22/kotlin-stdlib-1.9.22.jar:/home/runner/.m2/repository/org/jetbrains/annotations/13.0/annotations-13.0.jar:/home/runner/.m2/repository/io/opentracing/opentracing-util/0.33.0/opentracing-util-0.33.0.jar:/home/runner/.m2/repository/io/opentracing/opentracing-api/0.33.0/opentracing-api-0.33.0.jar:/home/runner/.m2/repository/io/opentracing/opentracing-noop/0.33.0/opentracing-noop-0.33.0.jar:/home/runner/.m2/repository/org/yaml/snakeyaml/2.0/snakeyaml-2.0.jar:/home/runner/.m2/repository/io/grpc/grpc-api/1.58.0/grpc-api-1.58.0.jar:/home/runner/.m2/repository/org/junit/platform/junit-platform-launcher/1.10.2/junit-platform-launcher-1.10.2.jar:/home/runner/.m2/repository/org/junit/platform/junit-platform-engine/1.10.2/junit-platform-engine-1.10.2.jar:/home/runner/.m2/repository/org/apiguardian/apiguardian-api/1.1.2/apiguardian-api-1.1.2.jar:/home/runner/.m2/repository/org/apache/hadoop/hadoop-kms/3.3.6/hadoop-kms-3.3.6.jar:/home/runner/.m2/repository/org/apache/hadoop/hadoop-auth/3.3.6/hadoop-auth-3.3.6.jar:/home/runner/.m2/repository/org/apache/zookeeper/zookeeper/3.8.4/zookeeper-3.8.4.jar:/home/runner/.m2/repository/org/apache/zookeeper/zookeeper-jute/3.8.4/zookeeper-jute-3.8.4.jar:/home/runner/.m2/repository/org/apache/yetus/audience-annotations/0.12.0/audience-annotations-0.12.0.jar:/home/runner/.m2/repository/org/apache/curator/curator-framework/4.2.0/curator-framework-4.2.0.jar:/home/runner/.m2/repository/org/apache/hadoop/thirdparty/hadoop-shaded-guava/1.2.0/hadoop-shaded-guava-1.2.0.jar:/home/runner/.m2/repository/com/sun/jersey/jersey-core/1.19.4/jersey-core-1.19.4.jar:/home/runner/.m2/repository/javax/ws/rs/jsr311-api/1.1.1/jsr311-api-1.1.1.jar:/home/runner/.m2/repository/com/sun/jersey/jersey-server/1.19.4/jersey-server-1.19.4.jar:/home/runner/.m2/repository/javax/servlet/javax.servlet-api/3.1.0/javax.servlet-api-3.1.0.jar:/home/runner/.m2/repository/org/apache/hadoop/hadoop-common/3.3.6/hadoop-common-3.3.6.jar:/home/runner/.m2/repository/org/apache/commons/commons-math3/3.6.1/commons-math3-3.6.1.jar:/home/runner/.m2/repository/commons-net/commons-net/3.10.0/commons-net-3.10.0.jar:/home/runner/.m2/repository/com/sun/jersey/jersey-servlet/1.19.4/jersey-servlet-1.19.4.jar:/home/runner/.m2/repository/com/github/pjfanning/jersey-json/1.20/jersey-json-1.20.jar:/home/runner/.m2/repository/org/codehaus/jettison/jettison/1.1/jettison-1.1.jar:/home/runner/.m2/repository/com/sun/xml/bind/jaxb-impl/2.2.3-1/jaxb-impl-2.2.3-1.jar:/home/runner/.m2/repository/com/google/re2j/re2j/1.7/re2j-1.7.jar:/home/runner/.m2/repository/com/jcraft/jsch/0.1.54/jsch-0.1.54.jar:/home/runner/.m2/repository/org/apache/curator/curator-client/4.2.0/curator-client-4.2.0.jar:/home/runner/.m2/repository/org/apache/curator/curator-recipes/5.2.0/curator-recipes-5.2.0.jar:/home/runner/.m2/repository/com/google/code/findbugs/jsr305/3.0.2/jsr305-3.0.2.jar:/home/runner/.m2/repository/org/apache/kerby/kerb-core/1.0.1/kerb-core-1.0.1.jar:/home/runner/.m2/repository/org/apache/kerby/kerby-pkix/1.0.1/kerby-pkix-1.0.1.jar:/home/runner/.m2/repository/org/apache/kerby/kerby-asn1/1.0.1/kerby-asn1-1.0.1.jar:/home/runner/.m2/repository/org/apache/kerby/kerby-util/1.0.1/kerby-util-1.0.1.jar:/home/runner/.m2/repository/dnsjava/dnsjava/2.1.7/dnsjava-2.1.7.jar:/home/runner/.m2/repository/com/fasterxml/jackson/core/jackson-databind/2.16.1/jackson-databind-2.16.1.jar:/home/runner/.m2/repository/org/apache/hadoop/hadoop-kms/3.3.6/hadoop-kms-3.3.6-tests.jar:/home/runner/work/ozone/ozone/hadoop-hdds/server-scm/target/test-classes:/home/runner/work/ozone/ozone/hadoop-hdds/container-service/target/test-classes:/home/runner/.m2/repository/com/github/luben/zstd-jni/1.5.2-5/zstd-jni-1.5.2-5.jar:/home/runner/.m2/repository/commons-codec/commons-codec/1.15/commons-codec-1.15.jar:/home/runner/.m2/repository/io/netty/netty-codec/4.1.100.Final/netty-codec-4.1.100.Final.jar:/home/runner/.m2/repository/io/netty/netty-handler/4.1.100.Final/netty-handler-4.1.100.Final.jar:/home/runner/work/ozone/ozone/hadoop-hdds/hadoop-dependency-test/target/classes:/home/runner/.m2/repository/org/apache/hadoop/hadoop-common/3.3.6/hadoop-common-3.3.6-tests.jar:/home/runner/.m2/repository/org/apache/hadoop/hadoop-hdfs/3.3.6/hadoop-hdfs-3.3.6-tests.jar:/home/runner/.m2/repository/org/junit/jupiter/junit-jupiter-engine/5.10.2/junit-jupiter-engine-5.10.2.jar:/home/runner/.m2/repository/org/junit/jupiter/junit-jupiter-params/5.10.2/junit-jupiter-params-5.10.2.jar:/home/runner/.m2/repository/org/mockito/mockito-core/4.11.0/mockito-core-4.11.0.jar:/home/runner/.m2/repository/net/bytebuddy/byte-buddy/1.12.19/byte-buddy-1.12.19.jar:/home/runner/.m2/repository/net/bytebuddy/byte-buddy-agent/1.12.19/byte-buddy-agent-1.12.19.jar:/home/runner/.m2/repository/org/objenesis/objenesis/3.3/objenesis-3.3.jar:/home/runner/.m2/repository/org/mockito/mockito-junit-jupiter/4.11.0/mockito-junit-jupiter-4.11.0.jar:/home/runner/.m2/repository/org/apache/hadoop/hadoop-distcp/3.3.6/hadoop-distcp-3.3.6.jar:/home/runner/.m2/repository/org/apache/hadoop/hadoop-mapreduce-client-jobclient/3.3.6/hadoop-mapreduce-client-jobclient-3.3.6.jar:/home/runner/.m2/repository/org/apache/hadoop/hadoop-mapreduce-client-common/3.3.6/hadoop-mapreduce-client-common-3.3.6.jar:/home/runner/.m2/repository/org/apache/hadoop/hadoop-yarn-common/3.3.6/hadoop-yarn-common-3.3.6.jar:/home/runner/.m2/repository/org/apache/hadoop/hadoop-yarn-api/3.3.6/hadoop-yarn-api-3.3.6.jar:/home/runner/.m2/repository/javax/xml/bind/jaxb-api/2.2.11/jaxb-api-2.2.11.jar:/home/runner/.m2/repository/com/sun/jersey/contribs/jersey-guice/1.19.4/jersey-guice-1.19.4.jar:/home/runner/.m2/repository/com/fasterxml/jackson/jaxrs/jackson-jaxrs-json-provider/2.16.1/jackson-jaxrs-json-provider-2.16.1.jar:/home/runner/.m2/repository/com/fasterxml/jackson/jaxrs/jackson-jaxrs-base/2.16.1/jackson-jaxrs-base-2.16.1.jar:/home/runner/.m2/repository/org/apache/hadoop/hadoop-yarn-client/3.3.6/hadoop-yarn-client-3.3.6.jar:/home/runner/.m2/repository/org/eclipse/jetty/websocket/websocket-client/9.4.51.v20230217/websocket-client-9.4.51.v20230217.jar:/home/runner/.m2/repository/org/eclipse/jetty/websocket/websocket-common/9.4.51.v20230217/websocket-common-9.4.51.v20230217.jar:/home/runner/.m2/repository/org/eclipse/jetty/websocket/websocket-api/9.4.51.v20230217/websocket-api-9.4.51.v20230217.jar:/home/runner/.m2/repository/org/jline/jline/3.9.0/jline-3.9.0.jar:/home/runner/.m2/repository/org/apache/hadoop/hadoop-mapreduce-client-core/3.3.6/hadoop-mapreduce-client-core-3.3.6.jar:/home/runner/.m2/repository/org/apache/avro/avro/1.7.7/avro-1.7.7.jar:/home/runner/.m2/repository/com/thoughtworks/paranamer/paranamer/2.3/paranamer-2.3.jar:/home/runner/.m2/repository/org/apache/hadoop/hadoop-annotations/3.3.6/hadoop-annotations-3.3.6.jar:/usr/lib/jvm/temurin-8-jdk-amd64/jre/../lib/tools.jar:/home/runner/.m2/repository/io/netty/netty/3.10.6.Final/netty-3.10.6.Final.jar:/home/runner/.m2/repository/org/apache/hadoop/hadoop-distcp/3.3.6/hadoop-distcp-3.3.6-tests.jar:/home/runner/.m2/repository/org/hamcrest/hamcrest/2.2/hamcrest-2.2.jar:/home/runner/.m2/repository/org/slf4j/jul-to-slf4j/2.0.12/jul-to-slf4j-2.0.12.jar:/home/runner/work/ozone/ozone/hadoop-ozone/integration-test/target/gradle-enterprise/test-listeners.jar:"/>
    <property name="sun.cpu.endian" value="little"/>
    <property name="user.home" value="/home/runner"/>
    <property name="user.language" value="en"/>
    <property name="java.specification.vendor" value="Oracle Corporation"/>
    <property name="java.home" value="/usr/lib/jvm/temurin-8-jdk-amd64/jre"/>
    <property name="java.security.krb5.conf" value="/home/runner/work/ozone/ozone/hadoop-ozone/integration-test/target/test-classes/krb5.conf"/>
    <property name="file.separator" value="/"/>
    <property name="basedir" value="/home/runner/work/ozone/ozone/hadoop-ozone/integration-test"/>
    <property name="line.separator" value="&#10;"/>
    <property name="java.vm.specification.vendor" value="Oracle Corporation"/>
    <property name="java.specification.name" value="Java Platform API Specification"/>
    <property name="skip.installnpx" value="true"/>
    <property name="java.awt.graphicsenv" value="sun.awt.X11GraphicsEnvironment"/>
    <property name="surefire.real.class.path" value="/home/runner/work/ozone/ozone/hadoop-ozone/integration-test/target/surefire/surefirebooter3115945306474057373.jar:/home/runner/.m2/repository/org/jacoco/org.jacoco.agent/0.8.11/org.jacoco.agent-0.8.11-runtime.jar"/>
    <property name="sun.boot.class.path" value="/usr/lib/jvm/temurin-8-jdk-amd64/jre/lib/resources.jar:/usr/lib/jvm/temurin-8-jdk-amd64/jre/lib/rt.jar:/usr/lib/jvm/temurin-8-jdk-amd64/jre/lib/sunrsasign.jar:/usr/lib/jvm/temurin-8-jdk-amd64/jre/lib/jsse.jar:/usr/lib/jvm/temurin-8-jdk-amd64/jre/lib/jce.jar:/usr/lib/jvm/temurin-8-jdk-amd64/jre/lib/charsets.jar:/usr/lib/jvm/temurin-8-jdk-amd64/jre/lib/jfr.jar:/usr/lib/jvm/temurin-8-jdk-amd64/jre/classes"/>
    <property name="hadoop.log.dir" value="/home/runner/work/ozone/ozone/hadoop-ozone/integration-test/target/log"/>
    <property name="sun.management.compiler" value="HotSpot 64-Bit Tiered Compilers"/>
    <property name="java.runtime.version" value="1.8.0_402-b06"/>
    <property name="skip.npx" value="true"/>
    <property name="user.name" value="runner"/>
    <property name="java.net.preferIPv4Stack" value="true"/>
    <property name="path.separator" value=":"/>
    <property name="java.security.egd" value="file:///dev/urandom"/>
    <property name="os.version" value="5.15.0-1059-azure"/>
    <property name="java.endorsed.dirs" value="/usr/lib/jvm/temurin-8-jdk-amd64/jre/lib/endorsed"/>
    <property name="java.runtime.name" value="OpenJDK Runtime Environment"/>
    <property name="com.gradle.maven.scan.extension.test.listener.junitplatform.NestedExecutionSafeDelegatingTestExecutionListener" value="1bf0f6f6"/>
    <property name="file.encoding" value="UTF-8"/>
    <property name="java.vm.name" value="OpenJDK 64-Bit Server VM"/>
    <property name="test.build.webapps" value=""/>
    <property name="localRepository" value="/home/runner/.m2/repository"/>
    <property name="gradle.enterprise.listener.port" value="35805"/>
    <property name="jetty.git.hash" value="27bde00a0b95a1d5bbee0eae7984f891d2d0f8c9"/>
    <property name="java.vendor.url.bug" value="https://github.com/adoptium/adoptium-support/issues"/>
    <property name="require.test.libhadoop" value=""/>
    <property name="java.io.tmpdir" value="/tmp"/>
    <property name="java.version" value="1.8.0_402"/>
    <property name="user.dir" value="/home/runner/work/ozone/ozone/hadoop-ozone/integration-test"/>
    <property name="os.arch" value="amd64"/>
    <property name="test.build.classes" value="/home/runner/work/ozone/ozone/hadoop-ozone/integration-test/target/test-classes"/>
    <property name="java.vm.specification.name" value="Java Virtual Machine Specification"/>
    <property name="java.awt.printerjob" value="sun.print.PSPrinterJob"/>
    <property name="sun.os.patch.level" value="unknown"/>
    <property name="org.apache.ratis.thirdparty.io.netty.allocator.useCacheForAllThreads" value="false"/>
    <property name="hadoop.tmp.dir" value="/home/runner/work/ozone/ozone/hadoop-ozone/integration-test/target/tmp"/>
    <property name="java.library.path" value="/usr/java/packages/lib/amd64:/usr/lib64:/lib64:/lib:/usr/lib"/>
    <property name="java.vendor" value="Temurin"/>
    <property name="java.vm.info" value="mixed mode"/>
    <property name="java.vm.version" value="25.402-b06"/>
    <property name="java.specification.maintenance.version" value="5"/>
    <property name="sun.io.unicode.encoding" value="UnicodeLittle"/>
    <property name="java.ext.dirs" value="/usr/lib/jvm/temurin-8-jdk-amd64/jre/lib/ext:/usr/java/packages/lib/ext"/>
    <property name="java.class.version" value="52.0"/>
  </properties>
  <testcase name="testOMRatisSnapshot" classname="org.apache.hadoop.ozone.om.TestOzoneManagerHAWithAllRunning" time="1.918">
    <failure type="org.opentest4j.AssertionFailedError"><![CDATA[org.opentest4j.AssertionFailedError: LastAppliedIndex on OM State Machine (51) is less than the saved snapshot index(52). ==> expected: <true> but was: <false>
	at org.junit.jupiter.api.AssertionFailureBuilder.build(AssertionFailureBuilder.java:151)
	at org.junit.jupiter.api.AssertionFailureBuilder.buildAndThrow(AssertionFailureBuilder.java:132)
	at org.junit.jupiter.api.AssertTrue.failNotTrue(AssertTrue.java:63)
	at org.junit.jupiter.api.AssertTrue.assertTrue(AssertTrue.java:36)
	at org.junit.jupiter.api.Assertions.assertTrue(Assertions.java:214)
	at org.apache.hadoop.ozone.om.TestOzoneManagerHAWithAllRunning.testOMRatisSnapshot(TestOzoneManagerHAWithAllRunning.java:1153)
	at java.lang.reflect.Method.invoke(Method.java:498)
	at java.util.ArrayList.forEach(ArrayList.java:1259)
	at java.util.ArrayList.forEach(ArrayList.java:1259)
]]></failure>
    <system-out><![CDATA[2024-03-29 09:27:48,411 [main] WARN  server.ServerUtils (ServerUtils.java:getScmDbDir(143)) - ozone.scm.db.dirs is not configured. We recommend adding this setting. Falling back to ozone.metadata.dirs instead.
2024-03-29 09:27:48,732 [main] WARN  server.ServerUtils (ServerUtils.java:getScmDbDir(143)) - ozone.scm.db.dirs is not configured. We recommend adding this setting. Falling back to ozone.metadata.dirs instead.
2024-03-29 09:27:48,736 [main] INFO  ha.SCMHANodeDetails (SCMHANodeDetails.java:loadSCMHAConfig(207)) - ServiceID for StorageContainerManager is null
2024-03-29 09:27:48,745 [main] WARN  ha.SCMHANodeDetails (SCMHANodeDetails.java:validateSCMHAConfig(180)) - Default/Configured value of config ozone.scm.ratis.enable conflicts with the expected value. Default/Configured: true. Expected: false. Falling back to the expected value. Current State of SCM: SCM is running without Ratis. Ratis SCM -> Non Ratis SCM is not supported.
2024-03-29 09:27:48,745 [main] INFO  ha.SCMHANodeDetails (SCMHANodeDetails.java:loadSCMHAConfig(212)) - ozone.scm.default.service.id is not defined, falling back to ozone.scm.service.ids to find serviceID for StorageContainerManager if it is HA enabled cluster
2024-03-29 09:27:49,306 [main] WARN  utils.HAUtils (HAUtils.java:getMetaDir(339)) - ozone.scm.db.dirs is not configured. We recommend adding this setting. Falling back to ozone.metadata.dirs instead.
2024-03-29 09:27:49,440 [main] WARN  db.DBStoreBuilder (DBStoreBuilder.java:applyDBDefinition(171)) - ozone.scm.db.dirs is not configured. We recommend adding this setting. Falling back to ozone.metadata.dirs instead.
2024-03-29 09:27:49,452 [main] INFO  utils.LeakDetector (LeakDetector.java:start(73)) - Starting leak detector thread ManagedRocksObject0.
2024-03-29 09:27:49,645 [main] INFO  net.NodeSchemaLoader (NodeSchemaLoader.java:loadSchemaFromFile(129)) - Loading schema from [file:/home/runner/work/ozone/ozone/hadoop-hdds/common/target/classes/network-topology-default.xml]
2024-03-29 09:27:49,646 [main] INFO  net.NodeSchemaLoader (NodeSchemaLoader.java:loadSchema(176)) - Loading network topology layer schema file
2024-03-29 09:27:49,678 [main] INFO  metrics.MetricRegistries (MetricRegistriesLoader.java:load(64)) - Loaded MetricRegistries class org.apache.ratis.metrics.dropwizard3.Dm3MetricRegistriesImpl
2024-03-29 09:27:49,689 [main] INFO  upgrade.AbstractLayoutVersionManager (AbstractLayoutVersionManager.java:init(83)) - Initializing Layout version manager with metadata layout = HADOOP_PRC_PORTS_IN_DATANODEDETAILS (version = 7), software layout = HADOOP_PRC_PORTS_IN_DATANODEDETAILS (version = 7)
2024-03-29 09:27:49,825 [main] INFO  ha.SequenceIdGenerator (SequenceIdGenerator.java:upgradeToSequenceId(370)) - upgrade localId to 113750153625600000
2024-03-29 09:27:49,828 [main] INFO  ha.SequenceIdGenerator (SequenceIdGenerator.java:upgradeToSequenceId(380)) - upgrade delTxnId to 0
2024-03-29 09:27:49,834 [main] INFO  ha.SequenceIdGenerator (SequenceIdGenerator.java:upgradeToSequenceId(397)) - upgrade containerId to 0
2024-03-29 09:27:49,837 [main] INFO  ha.SequenceIdGenerator (SequenceIdGenerator.java:upgradeToCertificateSequenceId(444)) - upgrade CertificateId to 2
2024-03-29 09:27:49,839 [main] INFO  ha.SequenceIdGenerator (SequenceIdGenerator.java:<init>(241)) - Init the HA SequenceIdGenerator.
2024-03-29 09:27:49,877 [main] WARN  server.ServerUtils (ServerUtils.java:sanitizeUserArgs(79)) - ozone.scm.stale.node.interval value = 300000 is larger than max = 100000 based on the key value of ozone.scm.heartbeat.thread.interval, reset to the max value 100000.
2024-03-29 09:27:49,878 [main] WARN  server.ServerUtils (ServerUtils.java:sanitizeUserArgs(79)) - ozone.scm.stale.node.interval value = 300000 is larger than max = 100000 based on the key value of ozone.scm.heartbeat.thread.interval, reset to the max value 100000.
2024-03-29 09:27:49,882 [main] INFO  node.SCMNodeManager (SCMNodeManager.java:<init>(177)) - Entering startup safe mode.
2024-03-29 09:27:49,900 [main] INFO  algorithms.ContainerPlacementPolicyFactory (ContainerPlacementPolicyFactory.java:getPolicyInternal(86)) - Create container placement policy of type org.apache.hadoop.hdds.scm.container.placement.algorithms.SCMContainerPlacementRackAware
2024-03-29 09:27:49,903 [main] INFO  algorithms.ContainerPlacementPolicyFactory (ContainerPlacementPolicyFactory.java:getPolicyInternal(86)) - Create container placement policy of type org.apache.hadoop.hdds.scm.container.placement.algorithms.SCMContainerPlacementRackScatter
2024-03-29 09:27:49,911 [main] INFO  pipeline.PipelineStateManagerImpl (PipelineStateManagerImpl.java:initialize(78)) - No pipeline exists in current db
2024-03-29 09:27:49,923 [main] INFO  algorithms.LeaderChoosePolicyFactory (LeaderChoosePolicyFactory.java:getPolicy(57)) - Create leader choose policy of type org.apache.hadoop.hdds.scm.pipeline.leader.choose.algorithms.MinLeaderCountChoosePolicy
2024-03-29 09:27:49,923 [main] INFO  algorithms.ContainerPlacementPolicyFactory (ContainerPlacementPolicyFactory.java:getPolicyInternal(86)) - Create container placement policy of type org.apache.hadoop.hdds.scm.container.placement.algorithms.SCMContainerPlacementRackScatter
2024-03-29 09:27:49,929 [main] INFO  ha.SCMServiceManager (SCMServiceManager.java:register(42)) - Registering service BackgroundPipelineCreator.
2024-03-29 09:27:49,930 [main] INFO  pipeline.BackgroundPipelineCreator (BackgroundPipelineCreator.java:start(127)) - Starting RatisPipelineUtilsThread.
2024-03-29 09:27:49,933 [main] INFO  BackgroundPipelineScrubber (BackgroundSCMService.java:start(65)) - Starting BackgroundPipelineScrubber Service.
2024-03-29 09:27:49,935 [main] INFO  ha.SCMServiceManager (SCMServiceManager.java:register(42)) - Registering service BackgroundPipelineScrubber.
2024-03-29 09:27:49,953 [main] INFO  ExpiredContainerReplicaOpScrubber (BackgroundSCMService.java:start(65)) - Starting ExpiredContainerReplicaOpScrubber Service.
2024-03-29 09:27:49,954 [main] INFO  ha.SCMServiceManager (SCMServiceManager.java:register(42)) - Registering service ExpiredContainerReplicaOpScrubber.
2024-03-29 09:27:49,976 [main] INFO  algorithms.PipelineChoosePolicyFactory (PipelineChoosePolicyFactory.java:createPipelineChoosePolicyFromClass(80)) - Create pipeline choose policy of type org.apache.hadoop.hdds.scm.pipeline.choose.algorithms.RandomPipelineChoosePolicy
2024-03-29 09:27:49,976 [main] INFO  algorithms.PipelineChoosePolicyFactory (PipelineChoosePolicyFactory.java:createPipelineChoosePolicyFromClass(80)) - Create pipeline choose policy of type org.apache.hadoop.hdds.scm.pipeline.choose.algorithms.RandomPipelineChoosePolicy
2024-03-29 09:27:50,001 [main] INFO  ha.SCMServiceManager (SCMServiceManager.java:register(42)) - Registering service SCMBlockDeletingService.
2024-03-29 09:27:50,059 [main] INFO  replication.ReplicationManager (ReplicationManager.java:start(295)) - Starting Replication Monitor Thread.
2024-03-29 09:27:50,061 [ReplicationMonitor] INFO  replication.ReplicationManager (ReplicationManager.java:processAll(371)) - Replication Manager is not ready to run until 3000ms after safemode exit
2024-03-29 09:27:50,061 [main] INFO  ha.SCMServiceManager (SCMServiceManager.java:register(42)) - Registering service ReplicationManager.
2024-03-29 09:27:50,070 [main] INFO  safemode.ContainerSafeModeRule (ContainerSafeModeRule.java:<init>(91)) - containers with one replica threshold count 0
2024-03-29 09:27:50,074 [main] INFO  safemode.HealthyPipelineSafeModeRule (HealthyPipelineSafeModeRule.java:initializeRule(176)) - Total pipeline count is 0, healthy pipeline threshold count is 1
2024-03-29 09:27:50,076 [main] INFO  safemode.OneReplicaPipelineSafeModeRule (OneReplicaPipelineSafeModeRule.java:initializeRule(193)) - Total pipeline count is 0, pipeline's with at least one datanode reported threshold count is 0
2024-03-29 09:27:50,118 [main] INFO  server.StorageContainerManager (StorageContainerManager.java:<init>(440)) - SCM start with adminUsers: [*, runner]
2024-03-29 09:27:50,438 [main] INFO  audit.AuditLogger (AuditLogger.java:refreshDebugCmdSet(135)) - Refresh DebugCmdSet for SCMAudit to [].
2024-03-29 09:27:50,473 [main] INFO  ipc.CallQueueManager (CallQueueManager.java:<init>(90)) - Using callQueue: class java.util.concurrent.LinkedBlockingQueue, queueCapacity: 10000, scheduler: class org.apache.hadoop.ipc.DefaultRpcScheduler, ipcBackoff: false.
2024-03-29 09:27:50,510 [main] INFO  ipc.Server (Server.java:<init>(1287)) - Listener at 0.0.0.0:15002
2024-03-29 09:27:50,512 [Socket Reader #1 for port 15002] INFO  ipc.Server (Server.java:run(1323)) - Starting Socket Reader #1 for port 15002
2024-03-29 09:27:50,554 [main] INFO  audit.AuditLogger (AuditLogger.java:refreshDebugCmdSet(135)) - Refresh DebugCmdSet for SCMAudit to [].
2024-03-29 09:27:50,559 [main] INFO  ipc.CallQueueManager (CallQueueManager.java:<init>(90)) - Using callQueue: class java.util.concurrent.LinkedBlockingQueue, queueCapacity: 10000, scheduler: class org.apache.hadoop.ipc.DefaultRpcScheduler, ipcBackoff: false.
2024-03-29 09:27:50,559 [main] INFO  ipc.Server (Server.java:<init>(1287)) - Listener at 0.0.0.0:15001
2024-03-29 09:27:50,560 [Socket Reader #1 for port 15001] INFO  ipc.Server (Server.java:run(1323)) - Starting Socket Reader #1 for port 15001
2024-03-29 09:27:50,580 [main] INFO  audit.AuditLogger (AuditLogger.java:refreshDebugCmdSet(135)) - Refresh DebugCmdSet for SCMAudit to [].
2024-03-29 09:27:50,587 [main] INFO  ipc.CallQueueManager (CallQueueManager.java:<init>(90)) - Using callQueue: class java.util.concurrent.LinkedBlockingQueue, queueCapacity: 10000, scheduler: class org.apache.hadoop.ipc.DefaultRpcScheduler, ipcBackoff: false.
2024-03-29 09:27:50,587 [main] INFO  ipc.Server (Server.java:<init>(1287)) - Listener at 0.0.0.0:15000
2024-03-29 09:27:50,588 [Socket Reader #1 for port 15000] INFO  ipc.Server (Server.java:run(1323)) - Starting Socket Reader #1 for port 15000
2024-03-29 09:27:50,649 [main] INFO  ha.SCMServiceManager (SCMServiceManager.java:register(42)) - Registering service ContainerBalancer.
2024-03-29 09:27:50,649 [main] INFO  ha.SCMContext (SCMContext.java:updateSafeModeStatus(225)) - Update SafeModeStatus from SafeModeStatus{safeModeStatus=true, preCheckPassed=false} to SafeModeStatus{safeModeStatus=true, preCheckPassed=false}.
2024-03-29 09:27:50,652 [main] INFO  server.StorageContainerManager (StorageContainerManager.java:start(1545)) - StorageContainerLocationProtocol RPC server is listening at /0.0.0.0:15000
2024-03-29 09:27:50,709 [main] WARN  impl.MetricsConfig (MetricsConfig.java:loadFirst(136)) - Cannot locate configuration: tried hadoop-metrics2-storagecontainermanager.properties,hadoop-metrics2.properties
2024-03-29 09:27:50,720 [main] INFO  impl.MetricsSystemImpl (MetricsSystemImpl.java:startTimer(378)) - Scheduled Metric snapshot period at 10 second(s).
2024-03-29 09:27:50,720 [main] INFO  impl.MetricsSystemImpl (MetricsSystemImpl.java:start(191)) - StorageContainerManager metrics system started
2024-03-29 09:27:50,924 [main] INFO  server.SCMClientProtocolServer (SCMClientProtocolServer.java:start(204)) - RPC server for Client  is listening at /0.0.0.0:15000
2024-03-29 09:27:50,925 [IPC Server Responder] INFO  ipc.Server (Server.java:run(1562)) - IPC Server Responder: starting
2024-03-29 09:27:50,925 [IPC Server listener on 15000] INFO  ipc.Server (Server.java:run(1402)) - IPC Server listener on 15000: starting
2024-03-29 09:27:50,963 [main] INFO  server.StorageContainerManager (StorageContainerManager.java:start(1558)) - ScmBlockLocationProtocol RPC server is listening at /0.0.0.0:15001
2024-03-29 09:27:50,963 [main] INFO  server.SCMBlockProtocolServer (SCMBlockProtocolServer.java:start(162)) - RPC server for Block Protocol is listening at /0.0.0.0:15001
2024-03-29 09:27:50,965 [IPC Server Responder] INFO  ipc.Server (Server.java:run(1562)) - IPC Server Responder: starting
2024-03-29 09:27:50,965 [IPC Server listener on 15001] INFO  ipc.Server (Server.java:run(1402)) - IPC Server listener on 15001: starting
2024-03-29 09:27:50,974 [main] INFO  server.SCMDatanodeProtocolServer (SCMDatanodeProtocolServer.java:start(194)) - ScmDatanodeProtocol RPC server for DataNodes is listening at /0.0.0.0:15002
2024-03-29 09:27:50,975 [IPC Server Responder] INFO  ipc.Server (Server.java:run(1562)) - IPC Server Responder: starting
2024-03-29 09:27:50,975 [IPC Server listener on 15002] INFO  ipc.Server (Server.java:run(1402)) - IPC Server listener on 15002: starting
2024-03-29 09:27:50,995 [JvmPauseMonitor0] INFO  util.JvmPauseMonitor (JvmPauseMonitor.java:run(146)) - JvmPauseMonitor-aec18f65-536a-4ac0-ad7f-5cecab5efd34: Started
2024-03-29 09:27:51,003 [main] INFO  http.BaseHttpServer (BaseHttpServer.java:newHttpServer2BuilderForOzone(223)) - Starting Web-server for scm at: http://0.0.0.0:15003
2024-03-29 09:27:51,003 [main] INFO  http.BaseHttpServer (BaseHttpServer.java:<init>(110)) - Hadoop Security Enabled: false Ozone Security Enabled: false Ozone HTTP Security Enabled: false 
2024-03-29 09:27:51,020 [main] INFO  util.log (Log.java:initialized(170)) - Logging initialized @4044ms to org.eclipse.jetty.util.log.Slf4jLog
2024-03-29 09:27:51,089 [main] WARN  server.AuthenticationFilter (AuthenticationFilter.java:constructSecretProvider(240)) - Unable to initialize FileSignerSecretProvider, falling back to use random secrets. Reason: Could not read signature secret file: /home/runner/hadoop-http-auth-signature-secret
2024-03-29 09:27:51,093 [main] INFO  http.HttpRequestLog (HttpRequestLog.java:getRequestLog(86)) - Http request log for http.requests.scm is not defined
2024-03-29 09:27:51,097 [main] INFO  http.HttpServer2 (HttpServer2.java:addGlobalFilter(1036)) - Added global filter 'safety' (class=org.apache.hadoop.hdds.server.http.HttpServer2$QuotingInputFilter)
2024-03-29 09:27:51,099 [main] INFO  http.HttpServer2 (HttpServer2.java:addFilter(1012)) - Added filter static_user_filter (class=org.apache.hadoop.http.lib.StaticUserWebFilter$StaticUserFilter) to context scm
2024-03-29 09:27:51,100 [main] INFO  http.HttpServer2 (HttpServer2.java:addFilter(1020)) - Added filter static_user_filter (class=org.apache.hadoop.http.lib.StaticUserWebFilter$StaticUserFilter) to context logs
2024-03-29 09:27:51,101 [main] INFO  http.HttpServer2 (HttpServer2.java:addFilter(1020)) - Added filter static_user_filter (class=org.apache.hadoop.http.lib.StaticUserWebFilter$StaticUserFilter) to context static
2024-03-29 09:27:51,124 [main] INFO  http.BaseHttpServer (BaseHttpServer.java:<init>(189)) - HTTP server of scm uses base directory /home/runner/work/ozone/ozone/hadoop-ozone/integration-test/target/test-dir/MiniOzoneClusterImpl-2686784a-6a4a-436e-9d81-be1eb39caf3e/ozone-meta/webserver
2024-03-29 09:27:51,124 [main] INFO  http.HttpServer2 (HttpServer2.java:bindListener(1236)) - Jetty bound to port 15003
2024-03-29 09:27:51,125 [main] INFO  server.Server (Server.java:doStart(375)) - jetty-9.4.53.v20231009; built: 2023-10-09T12:29:09.265Z; git: 27bde00a0b95a1d5bbee0eae7984f891d2d0f8c9; jvm 1.8.0_402-b06
2024-03-29 09:27:51,142 [main] INFO  server.session (DefaultSessionIdManager.java:doStart(334)) - DefaultSessionIdManager workerName=node0
2024-03-29 09:27:51,142 [main] INFO  server.session (DefaultSessionIdManager.java:doStart(339)) - No SessionScavenger set, using defaults
2024-03-29 09:27:51,144 [main] INFO  server.session (HouseKeeper.java:startScavenging(132)) - node0 Scavenging every 600000ms
2024-03-29 09:27:51,152 [main] INFO  handler.ContextHandler (ContextHandler.java:doStart(921)) - Started o.e.j.s.ServletContextHandler@7d0bbc49{logs,/logs,file:///home/runner/work/ozone/ozone/hadoop-ozone/integration-test/target/log,AVAILABLE}
2024-03-29 09:27:51,152 [main] INFO  handler.ContextHandler (ContextHandler.java:doStart(921)) - Started o.e.j.s.ServletContextHandler@9198fe3{static,/static,file:///home/runner/work/ozone/ozone/hadoop-ozone/integration-test/target/test-classes/webapps/static,AVAILABLE}
2024-03-29 09:27:51,181 [main] INFO  handler.ContextHandler (ContextHandler.java:doStart(921)) - Started o.e.j.w.WebAppContext@689504b1{scm,/,file:///home/runner/work/ozone/ozone/hadoop-ozone/integration-test/target/test-classes/webapps/scm/,AVAILABLE}{file:/home/runner/work/ozone/ozone/hadoop-ozone/integration-test/target/test-classes/webapps/scm}
2024-03-29 09:27:51,185 [main] INFO  server.AbstractConnector (AbstractConnector.java:doStart(333)) - Started ServerConnector@2fba15c5{HTTP/1.1, (http/1.1)}{0.0.0.0:15003}
2024-03-29 09:27:51,186 [main] INFO  server.Server (Server.java:doStart(415)) - Started @4210ms
2024-03-29 09:27:51,188 [main] INFO  impl.MetricsSinkAdapter (MetricsSinkAdapter.java:start(204)) - Sink prometheus started
2024-03-29 09:27:51,188 [main] INFO  impl.MetricsSystemImpl (MetricsSystemImpl.java:registerSink(305)) - Registered sink prometheus
2024-03-29 09:27:51,189 [main] INFO  http.BaseHttpServer (BaseHttpServer.java:updateConnectorAddress(354)) - HTTP server of scm listening at http://0.0.0.0:15003
2024-03-29 09:27:51,194 [main] INFO  db.CodecBuffer (CodecBuffer.java:set(63)) - Successfully set constructor to org.apache.hadoop.hdds.utils.db.CodecBuffer$$Lambda$597/1339727838@3df2f4ab
2024-03-29 09:27:51,224 [main] INFO  audit.AuditLogger (AuditLogger.java:refreshDebugCmdSet(135)) - Refresh DebugCmdSet for OMAudit to [].
2024-03-29 09:27:51,280 [main] INFO  ha.OMHANodeDetails (OMHANodeDetails.java:loadOMHAConfig(121)) - ServiceID for OzoneManager is om-service-test1
2024-03-29 09:27:51,285 [main] INFO  ha.OMHANodeDetails (OMHANodeDetails.java:loadOMHAConfig(201)) - Found matching OM address with OMServiceId: om-service-test1, OMNodeId: omNode-1, RPC Address: localhost:15004 and Ratis port: 15007
2024-03-29 09:27:51,285 [main] INFO  ha.OMHANodeDetails (ConfUtils.java:setNodeSpecificConfigs(97)) - Setting configuration key ozone.om.http-address with value of key ozone.om.http-address.om-service-test1.omNode-1: 127.0.0.1:15005
2024-03-29 09:27:51,285 [main] INFO  ha.OMHANodeDetails (ConfUtils.java:setNodeSpecificConfigs(97)) - Setting configuration key ozone.om.https-address with value of key ozone.om.https-address.om-service-test1.omNode-1: 127.0.0.1:15006
2024-03-29 09:27:51,285 [main] INFO  ha.OMHANodeDetails (ConfUtils.java:setNodeSpecificConfigs(97)) - Setting configuration key ozone.om.address with value of key ozone.om.address.om-service-test1.omNode-1: 127.0.0.1:15004
2024-03-29 09:27:51,286 [main] WARN  server.ServerUtils (ServerUtils.java:getDBPath(299)) - ozone.om.db.dirs is not configured. We recommend adding this setting. Falling back to ozone.metadata.dirs instead.
2024-03-29 09:27:51,293 [main] INFO  proxy.SCMBlockLocationFailoverProxyProvider (SCMBlockLocationFailoverProxyProvider.java:<init>(115)) - Created block location fail-over proxy with 1 nodes: [nodeId=scmNodeId,nodeAddress=/0.0.0.0:15001]
OM initialization succeeded.Current cluster id for sd=/home/runner/work/ozone/ozone/hadoop-ozone/integration-test/target/test-dir/MiniOzoneClusterImpl-2686784a-6a4a-436e-9d81-be1eb39caf3e/omNode-1/om;cid=2686784a-6a4a-436e-9d81-be1eb39caf3e;layoutVersion=6
2024-03-29 09:27:51,460 [main] INFO  ha.OMHANodeDetails (OMHANodeDetails.java:loadOMHAConfig(121)) - ServiceID for OzoneManager is om-service-test1
2024-03-29 09:27:51,460 [main] INFO  ha.OMHANodeDetails (OMHANodeDetails.java:loadOMHAConfig(201)) - Found matching OM address with OMServiceId: om-service-test1, OMNodeId: omNode-1, RPC Address: localhost:15004 and Ratis port: 15007
2024-03-29 09:27:51,461 [main] INFO  ha.OMHANodeDetails (ConfUtils.java:setNodeSpecificConfigs(97)) - Setting configuration key ozone.om.http-address with value of key ozone.om.http-address.om-service-test1.omNode-1: 127.0.0.1:15005
2024-03-29 09:27:51,461 [main] INFO  ha.OMHANodeDetails (ConfUtils.java:setNodeSpecificConfigs(97)) - Setting configuration key ozone.om.https-address with value of key ozone.om.https-address.om-service-test1.omNode-1: 127.0.0.1:15006
2024-03-29 09:27:51,461 [main] INFO  ha.OMHANodeDetails (ConfUtils.java:setNodeSpecificConfigs(97)) - Setting configuration key ozone.om.address with value of key ozone.om.address.om-service-test1.omNode-1: 127.0.0.1:15004
2024-03-29 09:27:51,462 [main] WARN  server.ServerUtils (ServerUtils.java:getDBPath(299)) - ozone.om.db.dirs is not configured. We recommend adding this setting. Falling back to ozone.metadata.dirs instead.
2024-03-29 09:27:51,465 [main] INFO  upgrade.AbstractLayoutVersionManager (AbstractLayoutVersionManager.java:init(83)) - Initializing Layout version manager with metadata layout = QUOTA (version = 6), software layout = QUOTA (version = 6)
2024-03-29 09:27:51,520 [main] INFO  upgrade.OMLayoutVersionManager (OMLayoutVersionManager.java:lambda$0(113)) - Skipping Upgrade Action MockOmUpgradeAction since it has been finalized.
2024-03-29 09:27:51,520 [main] INFO  upgrade.OMLayoutVersionManager (OMLayoutVersionManager.java:lambda$0(113)) - Skipping Upgrade Action QuotaRepairUpgradeAction since it has been finalized.
2024-03-29 09:27:51,523 [main] WARN  server.ServerUtils (ServerUtils.java:getDBPath(299)) - ozone.om.db.dirs is not configured. We recommend adding this setting. Falling back to ozone.metadata.dirs instead.
2024-03-29 09:27:51,648 [main] INFO  proxy.SCMBlockLocationFailoverProxyProvider (SCMBlockLocationFailoverProxyProvider.java:<init>(115)) - Created block location fail-over proxy with 1 nodes: [nodeId=scmNodeId,nodeAddress=/0.0.0.0:15001]
2024-03-29 09:27:51,659 [main] INFO  proxy.SCMBlockLocationFailoverProxyProvider (SCMBlockLocationFailoverProxyProvider.java:<init>(115)) - Created block location fail-over proxy with 1 nodes: [nodeId=scmNodeId,nodeAddress=/0.0.0.0:15001]
2024-03-29 09:27:51,690 [main] INFO  om.OzoneManager (OzoneManager.java:<init>(677)) - OM start with adminUsers: [*, runner]
2024-03-29 09:27:51,702 [main] WARN  server.ServerUtils (ServerUtils.java:getDBPath(299)) - ozone.om.db.dirs is not configured. We recommend adding this setting. Falling back to ozone.metadata.dirs instead.
2024-03-29 09:27:51,726 [main] INFO  helpers.OmKeyInfo (OmKeyInfo.java:getCodec(71)) - OmKeyInfo.getCodec ignorePipeline = true
2024-03-29 09:27:51,937 [main] INFO  om.OzoneManager (OzoneManager.java:instantiateServices(811)) - S3 Multi-Tenancy is disabled
2024-03-29 09:27:51,972 [main] INFO  om.OmSnapshotManager (OmSnapshotManager.java:<init>(177)) - Ozone filesystem snapshot feature is enabled.
2024-03-29 09:27:51,978 [main] WARN  server.ServerUtils (ServerUtils.java:getDBPath(299)) - ozone.om.snapshot.diff.db.dir is not configured. We recommend adding this setting. Falling back to ozone.metadata.dirs instead.
2024-03-29 09:27:52,001 [main] INFO  utils.NativeLibraryLoader (NativeLibraryLoader.java:loadLibrary(108)) - Loading Library: ozone_rocksdb_tools
2024-03-29 09:27:52,002 [main] ERROR snapshot.SnapshotDiffManager (SnapshotDiffManager.java:initNativeLibraryForEfficientDiff(287)) - Native Library for raw sst file reading loading failed.
org.apache.hadoop.hdds.utils.NativeLibraryNotLoadedException: Unable to load library ozone_rocksdb_tools from both java.library.path & resource file libozone_rocksdb_tools.so from jar.
	at org.apache.hadoop.hdds.utils.db.managed.ManagedRawSSTFileReader.loadLibrary(ManagedRawSSTFileReader.java:38)
	at org.apache.hadoop.ozone.om.snapshot.SnapshotDiffManager.initNativeLibraryForEfficientDiff(SnapshotDiffManager.java:285)
	at org.apache.hadoop.ozone.om.snapshot.SnapshotDiffManager.<init>(SnapshotDiffManager.java:259)
	at org.apache.hadoop.ozone.om.OmSnapshotManager.<init>(OmSnapshotManager.java:279)
	at org.apache.hadoop.ozone.om.OzoneManager.instantiateServices(OzoneManager.java:863)
	at org.apache.hadoop.ozone.om.OzoneManager.<init>(OzoneManager.java:687)
	at org.apache.hadoop.ozone.om.OzoneManager.createOm(OzoneManager.java:774)
	at org.apache.hadoop.ozone.MiniOzoneHAClusterImpl$Builder.createOMService(MiniOzoneHAClusterImpl.java:510)
	at org.apache.hadoop.ozone.MiniOzoneHAClusterImpl$Builder.build(MiniOzoneHAClusterImpl.java:425)
	at org.apache.hadoop.ozone.om.TestOzoneManagerHA.init(TestOzoneManagerHA.java:182)
	at sun.reflect.NativeMethodAccessorImpl.invoke0(Native Method)
	at sun.reflect.NativeMethodAccessorImpl.invoke(NativeMethodAccessorImpl.java:62)
	at sun.reflect.DelegatingMethodAccessorImpl.invoke(DelegatingMethodAccessorImpl.java:43)
	at java.lang.reflect.Method.invoke(Method.java:498)
	at org.junit.platform.commons.util.ReflectionUtils.invokeMethod(ReflectionUtils.java:728)
	at org.junit.jupiter.engine.execution.MethodInvocation.proceed(MethodInvocation.java:60)
	at org.junit.jupiter.engine.execution.InvocationInterceptorChain$ValidatingInvocation.proceed(InvocationInterceptorChain.java:131)
	at org.junit.jupiter.engine.extension.TimeoutExtension.intercept(TimeoutExtension.java:156)
	at org.junit.jupiter.engine.extension.TimeoutExtension.interceptLifecycleMethod(TimeoutExtension.java:128)
	at org.junit.jupiter.engine.extension.TimeoutExtension.interceptBeforeAllMethod(TimeoutExtension.java:70)
	at org.junit.jupiter.engine.execution.InterceptingExecutableInvoker$ReflectiveInterceptorCall.lambda$ofVoidMethod$0(InterceptingExecutableInvoker.java:103)
	at org.junit.jupiter.engine.execution.InterceptingExecutableInvoker.lambda$invoke$0(InterceptingExecutableInvoker.java:93)
	at org.junit.jupiter.engine.execution.InvocationInterceptorChain$InterceptedInvocation.proceed(InvocationInterceptorChain.java:106)
	at org.junit.jupiter.engine.execution.InvocationInterceptorChain.proceed(InvocationInterceptorChain.java:64)
	at org.junit.jupiter.engine.execution.InvocationInterceptorChain.chainAndInvoke(InvocationInterceptorChain.java:45)
	at org.junit.jupiter.engine.execution.InvocationInterceptorChain.invoke(InvocationInterceptorChain.java:37)
	at org.junit.jupiter.engine.execution.InterceptingExecutableInvoker.invoke(InterceptingExecutableInvoker.java:92)
	at org.junit.jupiter.engine.execution.InterceptingExecutableInvoker.invoke(InterceptingExecutableInvoker.java:86)
	at org.junit.jupiter.engine.descriptor.ClassBasedTestDescriptor.lambda$invokeBeforeAllMethods$13(ClassBasedTestDescriptor.java:412)
	at org.junit.platform.engine.support.hierarchical.ThrowableCollector.execute(ThrowableCollector.java:73)
	at org.junit.jupiter.engine.descriptor.ClassBasedTestDescriptor.invokeBeforeAllMethods(ClassBasedTestDescriptor.java:410)
	at org.junit.jupiter.engine.descriptor.ClassBasedTestDescriptor.before(ClassBasedTestDescriptor.java:216)
	at org.junit.jupiter.engine.descriptor.ClassBasedTestDescriptor.before(ClassBasedTestDescriptor.java:85)
	at org.junit.platform.engine.support.hierarchical.NodeTestTask.lambda$executeRecursively$6(NodeTestTask.java:148)
	at org.junit.platform.engine.support.hierarchical.ThrowableCollector.execute(ThrowableCollector.java:73)
	at org.junit.platform.engine.support.hierarchical.NodeTestTask.lambda$executeRecursively$8(NodeTestTask.java:141)
	at org.junit.platform.engine.support.hierarchical.Node.around(Node.java:137)
	at org.junit.platform.engine.support.hierarchical.NodeTestTask.lambda$executeRecursively$9(NodeTestTask.java:139)
	at org.junit.platform.engine.support.hierarchical.ThrowableCollector.execute(ThrowableCollector.java:73)
	at org.junit.platform.engine.support.hierarchical.NodeTestTask.executeRecursively(NodeTestTask.java:138)
	at org.junit.platform.engine.support.hierarchical.NodeTestTask.execute(NodeTestTask.java:95)
	at java.util.ArrayList.forEach(ArrayList.java:1259)
	at org.junit.platform.engine.support.hierarchical.SameThreadHierarchicalTestExecutorService.invokeAll(SameThreadHierarchicalTestExecutorService.java:41)
	at org.junit.platform.engine.support.hierarchical.NodeTestTask.lambda$executeRecursively$6(NodeTestTask.java:155)
	at org.junit.platform.engine.support.hierarchical.ThrowableCollector.execute(ThrowableCollector.java:73)
	at org.junit.platform.engine.support.hierarchical.NodeTestTask.lambda$executeRecursively$8(NodeTestTask.java:141)
	at org.junit.platform.engine.support.hierarchical.Node.around(Node.java:137)
	at org.junit.platform.engine.support.hierarchical.NodeTestTask.lambda$executeRecursively$9(NodeTestTask.java:139)
	at org.junit.platform.engine.support.hierarchical.ThrowableCollector.execute(ThrowableCollector.java:73)
	at org.junit.platform.engine.support.hierarchical.NodeTestTask.executeRecursively(NodeTestTask.java:138)
	at org.junit.platform.engine.support.hierarchical.NodeTestTask.execute(NodeTestTask.java:95)
	at org.junit.platform.engine.support.hierarchical.SameThreadHierarchicalTestExecutorService.submit(SameThreadHierarchicalTestExecutorService.java:35)
	at org.junit.platform.engine.support.hierarchical.HierarchicalTestExecutor.execute(HierarchicalTestExecutor.java:57)
	at org.junit.platform.engine.support.hierarchical.HierarchicalTestEngine.execute(HierarchicalTestEngine.java:54)
	at org.junit.platform.launcher.core.EngineExecutionOrchestrator.execute(EngineExecutionOrchestrator.java:198)
	at org.junit.platform.launcher.core.EngineExecutionOrchestrator.execute(EngineExecutionOrchestrator.java:169)
	at org.junit.platform.launcher.core.EngineExecutionOrchestrator.execute(EngineExecutionOrchestrator.java:93)
	at org.junit.platform.launcher.core.EngineExecutionOrchestrator.lambda$execute$0(EngineExecutionOrchestrator.java:58)
	at org.junit.platform.launcher.core.EngineExecutionOrchestrator.withInterceptedStreams(EngineExecutionOrchestrator.java:141)
	at org.junit.platform.launcher.core.EngineExecutionOrchestrator.execute(EngineExecutionOrchestrator.java:57)
	at org.junit.platform.launcher.core.DefaultLauncher.execute(DefaultLauncher.java:103)
	at org.junit.platform.launcher.core.DefaultLauncher.execute(DefaultLauncher.java:85)
	at org.junit.platform.launcher.core.DelegatingLauncher.execute(DelegatingLauncher.java:47)
	at org.junit.platform.launcher.core.SessionPerRequestLauncher.execute(SessionPerRequestLauncher.java:63)
	at org.apache.maven.surefire.junitplatform.JUnitPlatformProvider.invokeAllTests(JUnitPlatformProvider.java:154)
	at org.apache.maven.surefire.junitplatform.JUnitPlatformProvider.invoke(JUnitPlatformProvider.java:123)
	at org.apache.maven.surefire.booter.ForkedBooter.runSuitesInProcess(ForkedBooter.java:377)
	at org.apache.maven.surefire.booter.ForkedBooter.execute(ForkedBooter.java:138)
	at org.apache.maven.surefire.booter.ForkedBooter.run(ForkedBooter.java:465)
	at org.apache.maven.surefire.booter.ForkedBooter.main(ForkedBooter.java:451)
2024-03-29 09:27:52,046 [main] INFO  om.OzoneManager (OzoneManager.java:addS3GVolumeToDB(4463)) - Created Volume s3v With Owner runner required for S3Gateway operations.
2024-03-29 09:27:52,089 [main] WARN  server.ServerUtils (ServerUtils.java:getDefaultRatisDirectory(311)) - Storage directory for Ratis is not configured. It is a good idea to map this to an SSD disk. Falling back to ozone.metadata.dirs
2024-03-29 09:27:52,090 [main] WARN  utils.OzoneManagerRatisUtils (OzoneManagerRatisUtils.java:getOMRatisSnapshotDirectory(476)) - ozone.om.ratis.snapshot.dir is not configured. Falling back to ozone.metadata.dirs config
2024-03-29 09:27:52,095 [main] INFO  utils.RDBSnapshotProvider (RDBSnapshotProvider.java:init(87)) - Cleaning up the candidate dir: /home/runner/work/ozone/ozone/hadoop-ozone/integration-test/target/test-dir/MiniOzoneClusterImpl-2686784a-6a4a-436e-9d81-be1eb39caf3e/omNode-1/snapshot/om.db.candidate
2024-03-29 09:27:52,095 [main] INFO  ratis_snapshot.OmRatisSnapshotProvider (OmRatisSnapshotProvider.java:<init>(99)) - Initializing OM Snapshot Provider
2024-03-29 09:27:52,305 [main] WARN  server.ServerUtils (ServerUtils.java:getDefaultRatisDirectory(311)) - Storage directory for Ratis is not configured. It is a good idea to map this to an SSD disk. Falling back to ozone.metadata.dirs
2024-03-29 09:27:52,329 [main] INFO  ratis.OzoneManagerRatisServer (OzoneManagerRatisServer.java:<init>(167)) - Instantiating OM Ratis server with groupID: om-service-test1 and peers: localhost:15007, localhost:15015, localhost:15011
2024-03-29 09:27:52,337 [main] INFO  ratis.OzoneManagerStateMachine (OzoneManagerStateMachine.java:loadSnapshotInfoFromDB(589)) - TransactionInfo not found in OM DB.
2024-03-29 09:27:52,383 [main] INFO  server.RaftServer (ConfUtils.java:logGet(46)) - raft.rpc.type = GRPC (default)
2024-03-29 09:27:52,391 [main] INFO  grpc.GrpcConfigKeys (ConfUtils.java:logFallback(53)) - raft.grpc.admin.host = null (fallback to raft.grpc.server.host)
2024-03-29 09:27:52,392 [main] INFO  grpc.GrpcConfigKeys (ConfUtils.java:logFallback(53)) - raft.grpc.admin.port = 15007 (fallback to raft.grpc.server.port)
2024-03-29 09:27:52,392 [main] INFO  grpc.GrpcConfigKeys (ConfUtils.java:logFallback(53)) - raft.grpc.client.host = null (fallback to raft.grpc.server.host)
2024-03-29 09:27:52,393 [main] INFO  grpc.GrpcConfigKeys (ConfUtils.java:logFallback(53)) - raft.grpc.client.port = 15007 (fallback to raft.grpc.server.port)
2024-03-29 09:27:52,393 [main] INFO  grpc.GrpcConfigKeys (ConfUtils.java:logGet(46)) - raft.grpc.server.host = null (default)
2024-03-29 09:27:52,393 [main] INFO  grpc.GrpcConfigKeys (ConfUtils.java:logGet(46)) - raft.grpc.server.port = 15007 (custom)
2024-03-29 09:27:52,394 [main] INFO  server.GrpcService (ConfUtils.java:logGet(46)) - raft.grpc.message.size.max = 4194304 (custom)
2024-03-29 09:27:52,395 [main] INFO  server.RaftServerConfigKeys (ConfUtils.java:logGet(46)) - raft.server.log.appender.buffer.byte-limit = 4194304 (custom)
2024-03-29 09:27:52,395 [main] INFO  server.GrpcService (ConfUtils.java:logGet(46)) - raft.grpc.flow.control.window = 1MB (=1048576) (default)
2024-03-29 09:27:52,396 [main] INFO  server.RaftServerConfigKeys (ConfUtils.java:logGet(46)) - raft.server.rpc.request.timeout = 3000ms (default)
2024-03-29 09:27:52,406 [main] INFO  grpc.GrpcConfigKeys (ConfUtils.java:logGet(46)) - raft.grpc.server.heartbeat.channel = true (default)
2024-03-29 09:27:52,408 [main] INFO  grpc.GrpcConfigKeys (ConfUtils.java:logGet(46)) - raft.grpc.server.async.request.thread.pool.cached = true (default)
2024-03-29 09:27:52,409 [main] INFO  grpc.GrpcConfigKeys (ConfUtils.java:logGet(46)) - raft.grpc.server.async.request.thread.pool.size = 32 (default)
2024-03-29 09:27:52,583 [main] INFO  impl.DataStreamServerImpl (ConfUtils.java:logGet(46)) - raft.datastream.type = DISABLED (default)
2024-03-29 09:27:52,585 [main] INFO  server.RaftServerConfigKeys (ConfUtils.java:logGet(46)) - raft.server.sleep.deviation.threshold = 300ms (default)
2024-03-29 09:27:52,585 [main] INFO  server.RaftServerConfigKeys (ConfUtils.java:logGet(46)) - raft.server.close.threshold = 60s (default)
2024-03-29 09:27:52,585 [main] INFO  server.RaftServerConfigKeys (ConfUtils.java:logGet(46)) - raft.server.leaderelection.leader.step-down.wait-time = 10s (default)
2024-03-29 09:27:52,587 [main] INFO  server.RaftServerConfigKeys (ConfUtils.java:logGet(46)) - raft.server.storage.dir = [/home/runner/work/ozone/ozone/hadoop-ozone/integration-test/target/test-dir/MiniOzoneClusterImpl-2686784a-6a4a-436e-9d81-be1eb39caf3e/omNode-1/ratis] (custom)
2024-03-29 09:27:52,588 [main] INFO  server.RaftServerConfigKeys (ConfUtils.java:logGet(46)) - raft.server.threadpool.proxy.cached = true (default)
2024-03-29 09:27:52,588 [main] INFO  server.RaftServerConfigKeys (ConfUtils.java:logGet(46)) - raft.server.threadpool.proxy.size = 0 (default)
2024-03-29 09:27:52,596 [main] INFO  server.RaftServer (RaftServerProxy.java:addNew(100)) - omNode-1: addNew group-523986131536:[omNode-3|localhost:15015, omNode-1|localhost:15007, omNode-2|localhost:15011] returns group-523986131536:java.util.concurrent.CompletableFuture@131fa25c[Not completed]
2024-03-29 09:27:52,597 [main] INFO  om.OzoneManager (OzoneManager.java:initializeRatisServer(2168)) - OzoneManager Ratis server initialized at port 15007
2024-03-29 09:27:52,604 [main] INFO  om.OzoneManager (OzoneManager.java:getRpcServer(1227)) - Creating RPC Server
2024-03-29 09:27:52,610 [omNode-1-groupManagement] INFO  server.RaftServer$Division (RaftServerImpl.java:<init>(256)) - omNode-1: new RaftServerImpl for group-523986131536:[omNode-3|localhost:15015, omNode-1|localhost:15007, omNode-2|localhost:15011] with OzoneManagerStateMachine:uninitialized
2024-03-29 09:27:52,611 [omNode-1-groupManagement] INFO  server.RaftServerConfigKeys (ConfUtils.java:logGet(46)) - raft.server.rpc.timeout.min = 1s (custom)
2024-03-29 09:27:52,615 [omNode-1-groupManagement] INFO  server.RaftServerConfigKeys (ConfUtils.java:logGet(46)) - raft.server.rpc.timeout.max = 1200ms (custom)
2024-03-29 09:27:52,616 [omNode-1-groupManagement] INFO  server.RaftServerConfigKeys (ConfUtils.java:logGet(46)) - raft.server.rpc.sleep.time = 25ms (default)
2024-03-29 09:27:52,616 [omNode-1-groupManagement] INFO  server.RaftServerConfigKeys (ConfUtils.java:logGet(46)) - raft.server.rpc.slowness.timeout = 2s (custom)
2024-03-29 09:27:52,617 [omNode-1-groupManagement] INFO  server.RaftServerConfigKeys (ConfUtils.java:logGet(46)) - raft.server.leaderelection.leader.step-down.wait-time = 10s (default)
2024-03-29 09:27:52,618 [omNode-1-groupManagement] INFO  server.RaftServerConfigKeys (ConfUtils.java:logGet(46)) - raft.server.leaderelection.member.majority-add = false (default)
2024-03-29 09:27:52,618 [omNode-1-groupManagement] INFO  server.RaftServerConfigKeys (ConfUtils.java:logGet(46)) - raft.server.sleep.deviation.threshold = 300ms (default)
2024-03-29 09:27:52,627 [omNode-1-groupManagement] INFO  server.RaftServer$Division (ServerState.java:<init>(113)) - omNode-1@group-523986131536: ConfigurationManager, init=-1: peers:[omNode-3|localhost:15015, omNode-1|localhost:15007, omNode-2|localhost:15011]|listeners:[], old=null, confs=<EMPTY_MAP>
2024-03-29 09:27:52,633 [omNode-1-groupManagement] INFO  server.RaftServerConfigKeys (ConfUtils.java:logGet(46)) - raft.server.notification.no-leader.timeout = 2s (custom)
2024-03-29 09:27:52,637 [omNode-1-groupManagement] INFO  server.RaftServerConfigKeys (ConfUtils.java:logGet(46)) - raft.server.read.timeout = 10s (default)
2024-03-29 09:27:52,646 [omNode-1-groupManagement] INFO  server.RaftServerConfigKeys (ConfUtils.java:logGet(46)) - raft.server.retrycache.expirytime = 30000ms (custom)
2024-03-29 09:27:52,646 [omNode-1-groupManagement] INFO  server.RaftServerConfigKeys (ConfUtils.java:logGet(46)) - raft.server.retrycache.statistics.expirytime = 100ms (default)
2024-03-29 09:27:52,650 [omNode-1-groupManagement] INFO  server.RaftServerConfigKeys (ConfUtils.java:logGet(46)) - raft.server.read.option = DEFAULT (default)
2024-03-29 09:27:52,651 [omNode-1-groupManagement] INFO  server.RaftServerConfigKeys (ConfUtils.java:logGet(46)) - raft.server.read.read-after-write-consistent.write-index-cache.expiry-time = 60s (default)
2024-03-29 09:27:52,724 [omNode-1-groupManagement] INFO  server.RaftServerConfigKeys (ConfUtils.java:logGet(46)) - raft.server.rpc.request.timeout = 3000ms (default)
2024-03-29 09:27:52,731 [omNode-1-groupManagement] INFO  server.RaftServerConfigKeys (ConfUtils.java:logGet(46)) - raft.server.log.appender.install.snapshot.enabled = false (custom)
2024-03-29 09:27:52,732 [omNode-1-groupManagement] INFO  server.RaftServerConfigKeys (ConfUtils.java:logGet(46)) - raft.server.threadpool.server.cached = true (default)
2024-03-29 09:27:52,733 [omNode-1-groupManagement] INFO  server.RaftServerConfigKeys (ConfUtils.java:logGet(46)) - raft.server.threadpool.server.size = 0 (default)
2024-03-29 09:27:52,734 [omNode-1-groupManagement] INFO  server.RaftServerConfigKeys (ConfUtils.java:logGet(46)) - raft.server.threadpool.client.cached = true (default)
2024-03-29 09:27:52,735 [omNode-1-groupManagement] INFO  server.RaftServerConfigKeys (ConfUtils.java:logGet(46)) - raft.server.threadpool.client.size = 0 (default)
2024-03-29 09:27:53,126 [main] INFO  ipc.CallQueueManager (CallQueueManager.java:<init>(90)) - Using callQueue: class java.util.concurrent.LinkedBlockingQueue, queueCapacity: 2000, scheduler: class org.apache.hadoop.ipc.DefaultRpcScheduler, ipcBackoff: false.
2024-03-29 09:27:53,127 [main] INFO  ipc.Server (Server.java:<init>(1287)) - Listener at 127.0.0.1:15004
2024-03-29 09:27:53,128 [Socket Reader #1 for port 15004] INFO  ipc.Server (Server.java:run(1323)) - Starting Socket Reader #1 for port 15004
2024-03-29 09:27:53,159 [main] INFO  impl.MetricsSystemImpl (MetricsSystemImpl.java:init(158)) - OzoneManager metrics system started (again)
2024-03-29 09:27:53,171 [main] INFO  om.OzoneManager (OzoneManager.java:start(1649)) - OzoneManager RPC server is listening at localhost/127.0.0.1:15004
2024-03-29 09:27:53,172 [main] INFO  ratis.OzoneManagerRatisServer (OzoneManagerRatisServer.java:start(588)) - Starting OzoneManagerRatisServer omNode-1 at port 15007
2024-03-29 09:27:53,176 [omNode-1-impl-thread1] INFO  server.RaftServerConfigKeys (ConfUtils.java:logGet(46)) - raft.server.storage.free-space.min = 0MB (=0) (default)
2024-03-29 09:27:53,176 [omNode-1-impl-thread1] INFO  server.RaftServerConfigKeys (ConfUtils.java:logGet(46)) - raft.server.log.corruption.policy = EXCEPTION (default)
2024-03-29 09:27:53,176 [omNode-1-impl-thread1] INFO  server.RaftServerConfigKeys (ConfUtils.java:logGet(46)) - raft.server.storage.dir = [/home/runner/work/ozone/ozone/hadoop-ozone/integration-test/target/test-dir/MiniOzoneClusterImpl-2686784a-6a4a-436e-9d81-be1eb39caf3e/omNode-1/ratis] (custom)
2024-03-29 09:27:53,181 [omNode-1-impl-thread1] INFO  storage.RaftStorageDirectory (RaftStorageDirectoryImpl.java:analyzeStorage(138)) - The storage directory /home/runner/work/ozone/ozone/hadoop-ozone/integration-test/target/test-dir/MiniOzoneClusterImpl-2686784a-6a4a-436e-9d81-be1eb39caf3e/omNode-1/ratis/c9bc4cf4-3bc3-3c60-a66b-523986131536 does not exist. Creating ...
2024-03-29 09:27:53,185 [omNode-1-impl-thread1] INFO  storage.RaftStorageDirectory (RaftStorageDirectoryImpl.java:tryLock(228)) - Lock on /home/runner/work/ozone/ozone/hadoop-ozone/integration-test/target/test-dir/MiniOzoneClusterImpl-2686784a-6a4a-436e-9d81-be1eb39caf3e/omNode-1/ratis/c9bc4cf4-3bc3-3c60-a66b-523986131536/in_use.lock acquired by nodename 134834@fv-az771-813
2024-03-29 09:27:53,190 [omNode-1-impl-thread1] INFO  storage.RaftStorage (RaftStorageImpl.java:format(99)) - Storage directory /home/runner/work/ozone/ozone/hadoop-ozone/integration-test/target/test-dir/MiniOzoneClusterImpl-2686784a-6a4a-436e-9d81-be1eb39caf3e/omNode-1/ratis/c9bc4cf4-3bc3-3c60-a66b-523986131536 has been successfully formatted.
2024-03-29 09:27:53,190 [omNode-1-impl-thread1] WARN  util.FileUtils (LogUtils.java:supplyAndLog(63)) - Failed to Files.newInputStream /home/runner/work/ozone/ozone/hadoop-ozone/integration-test/target/test-dir/MiniOzoneClusterImpl-2686784a-6a4a-436e-9d81-be1eb39caf3e/omNode-1/ratis/c9bc4cf4-3bc3-3c60-a66b-523986131536/current/raft-meta.conf with options []: java.nio.file.NoSuchFileException: /home/runner/work/ozone/ozone/hadoop-ozone/integration-test/target/test-dir/MiniOzoneClusterImpl-2686784a-6a4a-436e-9d81-be1eb39caf3e/omNode-1/ratis/c9bc4cf4-3bc3-3c60-a66b-523986131536/current/raft-meta.conf
2024-03-29 09:27:53,193 [omNode-1-impl-thread1] INFO  server.RaftServerConfigKeys (ConfUtils.java:logGet(46)) - raft.server.log.use.memory = false (default)
2024-03-29 09:27:53,199 [omNode-1-impl-thread1] INFO  server.RaftServerConfigKeys (ConfUtils.java:logGet(46)) - raft.server.log.purge.gap = 50 (custom)
2024-03-29 09:27:53,208 [omNode-1-impl-thread1] INFO  server.RaftServerConfigKeys (ConfUtils.java:logGet(46)) - raft.server.log.appender.buffer.byte-limit = 4194304 (custom)
2024-03-29 09:27:53,211 [omNode-1-impl-thread1] INFO  server.RaftServerConfigKeys (ConfUtils.java:logGet(46)) - raft.server.log.statemachine.data.read.timeout = 1000ms (default)
2024-03-29 09:27:53,212 [omNode-1-impl-thread1] INFO  server.RaftServerConfigKeys (ConfUtils.java:logGet(46)) - raft.server.log.purge.preservation.log.num = 0 (default)
2024-03-29 09:27:53,216 [omNode-1-impl-thread1] INFO  server.RaftServerConfigKeys (ConfUtils.java:logGet(46)) - raft.server.log.segment.size.max = 4194304 (custom)
2024-03-29 09:27:53,220 [omNode-1-impl-thread1] INFO  server.RaftServerConfigKeys (ConfUtils.java:logGet(46)) - raft.server.log.segment.cache.num.max = 2 (custom)
2024-03-29 09:27:53,220 [omNode-1-impl-thread1] INFO  server.RaftServerConfigKeys (ConfUtils.java:logGet(46)) - raft.server.log.segment.cache.size.max = 200MB (=209715200) (default)
2024-03-29 09:27:53,221 [omNode-1-impl-thread1] INFO  server.RaftServerConfigKeys (ConfUtils.java:logGet(46)) - raft.server.log.appender.buffer.byte-limit = 4194304 (custom)
2024-03-29 09:27:53,222 [omNode-1-impl-thread1] INFO  util.AwaitToRun (AwaitToRun.java:start(81)) - Thread[omNode-1@group-523986131536-cacheEviction-AwaitToRun,5,main] started
2024-03-29 09:27:53,226 [omNode-1-impl-thread1] INFO  segmented.SegmentedRaftLogWorker (SegmentedRaftLogWorker.java:<init>(182)) - new omNode-1@group-523986131536-SegmentedRaftLogWorker for RaftStorageImpl:Storage Directory /home/runner/work/ozone/ozone/hadoop-ozone/integration-test/target/test-dir/MiniOzoneClusterImpl-2686784a-6a4a-436e-9d81-be1eb39caf3e/omNode-1/ratis/c9bc4cf4-3bc3-3c60-a66b-523986131536
2024-03-29 09:27:53,226 [omNode-1-impl-thread1] INFO  server.RaftServerConfigKeys (ConfUtils.java:logGet(46)) - raft.server.log.queue.byte-limit = 64MB (=67108864) (default)
2024-03-29 09:27:53,227 [omNode-1-impl-thread1] INFO  server.RaftServerConfigKeys (ConfUtils.java:logGet(46)) - raft.server.log.queue.element-limit = 4096 (default)
2024-03-29 09:27:53,228 [omNode-1-impl-thread1] INFO  server.RaftServerConfigKeys (ConfUtils.java:logGet(46)) - raft.server.log.segment.size.max = 4194304 (custom)
2024-03-29 09:27:53,228 [omNode-1-impl-thread1] INFO  server.RaftServerConfigKeys (ConfUtils.java:logGet(46)) - raft.server.log.preallocated.size = 4194304 (custom)
2024-03-29 09:27:53,229 [omNode-1-impl-thread1] INFO  server.RaftServerConfigKeys (ConfUtils.java:logGet(46)) - raft.server.log.force.sync.num = 128 (default)
2024-03-29 09:27:53,229 [omNode-1-impl-thread1] INFO  server.RaftServerConfigKeys (ConfUtils.java:logGet(46)) - raft.server.log.statemachine.data.sync = true (default)
2024-03-29 09:27:53,229 [omNode-1-impl-thread1] INFO  server.RaftServerConfigKeys (ConfUtils.java:logGet(46)) - raft.server.log.statemachine.data.sync.timeout = 10s (default)
2024-03-29 09:27:53,230 [omNode-1-impl-thread1] INFO  server.RaftServerConfigKeys (ConfUtils.java:logGet(46)) - raft.server.log.statemachine.data.sync.timeout.retry = -1 (default)
2024-03-29 09:27:53,231 [omNode-1-impl-thread1] INFO  server.RaftServerConfigKeys (ConfUtils.java:logGet(46)) - raft.server.log.write.buffer.size = 4194312 (custom)
2024-03-29 09:27:53,232 [omNode-1-impl-thread1] INFO  server.RaftServerConfigKeys (ConfUtils.java:logGet(46)) - raft.server.log.appender.buffer.byte-limit = 4194304 (custom)
2024-03-29 09:27:53,233 [omNode-1-impl-thread1] INFO  server.RaftServerConfigKeys (ConfUtils.java:logGet(46)) - raft.server.log.unsafe-flush.enabled = false (default)
2024-03-29 09:27:53,233 [omNode-1-impl-thread1] INFO  server.RaftServerConfigKeys (ConfUtils.java:logGet(46)) - raft.server.log.async-flush.enabled = false (default)
2024-03-29 09:27:53,233 [omNode-1-impl-thread1] INFO  server.RaftServerConfigKeys (ConfUtils.java:logGet(46)) - raft.server.log.statemachine.data.caching.enabled = false (default)
2024-03-29 09:27:53,238 [omNode-1-impl-thread1] INFO  segmented.SegmentedRaftLogWorker (SegmentedRaftLogWorker.java:lambda$new$0(134)) - omNode-1@group-523986131536-SegmentedRaftLogWorker: flushIndex: setUnconditionally 0 -> -1
2024-03-29 09:27:53,238 [omNode-1-impl-thread1] INFO  segmented.SegmentedRaftLogWorker (SegmentedRaftLogWorker.java:lambda$new$0(134)) - omNode-1@group-523986131536-SegmentedRaftLogWorker: safeCacheEvictIndex: setUnconditionally 0 -> -1
2024-03-29 09:27:53,240 [omNode-1-impl-thread1] INFO  server.RaftServer$Division (RaftServerImpl.java:start(396)) - omNode-1@group-523986131536: start as a follower, conf=-1: peers:[omNode-3|localhost:15015, omNode-1|localhost:15007, omNode-2|localhost:15011]|listeners:[], old=null
2024-03-29 09:27:53,241 [omNode-1-impl-thread1] INFO  server.RaftServer$Division (RaftServerImpl.java:setRole(383)) - omNode-1@group-523986131536: changes role from      null to FOLLOWER at term 0 for startAsFollower
2024-03-29 09:27:53,242 [omNode-1-impl-thread1] INFO  impl.RoleInfo (RoleInfo.java:updateAndGet(139)) - omNode-1: start omNode-1@group-523986131536-FollowerState
2024-03-29 09:27:53,243 [omNode-1@group-523986131536-FollowerState] INFO  server.RaftServerConfigKeys (ConfUtils.java:logFallback(53)) - raft.server.rpc.first-election.timeout.min = 1s (fallback to raft.server.rpc.timeout.min)
2024-03-29 09:27:53,244 [omNode-1@group-523986131536-FollowerState] INFO  server.RaftServerConfigKeys (ConfUtils.java:logFallback(53)) - raft.server.rpc.first-election.timeout.max = 1200ms (fallback to raft.server.rpc.timeout.max)
2024-03-29 09:27:53,244 [omNode-1-impl-thread1] INFO  util.JmxRegister (JmxRegister.java:tryRegister(44)) - Successfully registered JMX Bean with object name Ratis:service=RaftServer,group=group-523986131536,id=omNode-1
2024-03-29 09:27:53,247 [omNode-1-impl-thread1] INFO  server.RaftServerConfigKeys (ConfUtils.java:logGet(46)) - raft.server.snapshot.trigger-when-stop.enabled = true (default)
2024-03-29 09:27:53,247 [omNode-1-impl-thread1] INFO  server.RaftServerConfigKeys (ConfUtils.java:logGet(46)) - raft.server.snapshot.auto.trigger.enabled = true (custom)
2024-03-29 09:27:53,247 [omNode-1-impl-thread1] INFO  server.RaftServerConfigKeys (ConfUtils.java:logGet(46)) - raft.server.snapshot.auto.trigger.threshold = 50 (custom)
2024-03-29 09:27:53,248 [omNode-1-impl-thread1] INFO  server.RaftServerConfigKeys (ConfUtils.java:logGet(46)) - raft.server.snapshot.retention.file.num = -1 (default)
2024-03-29 09:27:53,249 [omNode-1-impl-thread1] INFO  server.RaftServerConfigKeys (ConfUtils.java:logGet(46)) - raft.server.log.purge.upto.snapshot.index = true (custom)
2024-03-29 09:27:53,254 [main] INFO  server.RaftServer (RaftServerProxy.java:startImpl(406)) - omNode-1: start RPC server
2024-03-29 09:27:53,296 [main] INFO  server.GrpcService (GrpcService.java:startImpl(302)) - omNode-1: GrpcService started, listening on 15007
2024-03-29 09:27:53,297 [main] INFO  om.OzoneManager (OzoneManager.java:start(1665)) - Version File has different layout version (6) than OM DB (null). That is expected if this OM has never been finalized to a newer layout version.
2024-03-29 09:27:53,300 [JvmPauseMonitor1] INFO  util.JvmPauseMonitor (JvmPauseMonitor.java:run(146)) - JvmPauseMonitor-omNode-1: Started
2024-03-29 09:27:53,326 [main] INFO  client.ScmTopologyClient (ScmTopologyClient.java:start(72)) - Initial network topology fetched from SCM: /.
2024-03-29 09:27:53,327 [main] INFO  net.NodeSchemaLoader (NodeSchemaLoader.java:loadSchemaFromFile(129)) - Loading schema from [file:/home/runner/work/ozone/ozone/hadoop-hdds/common/target/classes/network-topology-default.xml]
2024-03-29 09:27:53,327 [main] INFO  net.NodeSchemaLoader (NodeSchemaLoader.java:loadSchema(176)) - Loading network topology layer schema file
2024-03-29 09:27:53,345 [main] INFO  http.BaseHttpServer (BaseHttpServer.java:newHttpServer2BuilderForOzone(223)) - Starting Web-server for ozoneManager at: http://0.0.0.0:15005
2024-03-29 09:27:53,346 [main] INFO  http.BaseHttpServer (BaseHttpServer.java:<init>(110)) - Hadoop Security Enabled: false Ozone Security Enabled: false Ozone HTTP Security Enabled: false 
2024-03-29 09:27:53,348 [main] WARN  server.AuthenticationFilter (AuthenticationFilter.java:constructSecretProvider(240)) - Unable to initialize FileSignerSecretProvider, falling back to use random secrets. Reason: Could not read signature secret file: /home/runner/hadoop-http-auth-signature-secret
2024-03-29 09:27:53,350 [main] INFO  http.HttpRequestLog (HttpRequestLog.java:getRequestLog(86)) - Http request log for http.requests.ozoneManager is not defined
2024-03-29 09:27:53,352 [main] INFO  http.HttpServer2 (HttpServer2.java:addGlobalFilter(1036)) - Added global filter 'safety' (class=org.apache.hadoop.hdds.server.http.HttpServer2$QuotingInputFilter)
2024-03-29 09:27:53,353 [main] INFO  http.HttpServer2 (HttpServer2.java:addFilter(1012)) - Added filter static_user_filter (class=org.apache.hadoop.http.lib.StaticUserWebFilter$StaticUserFilter) to context ozoneManager
2024-03-29 09:27:53,353 [main] INFO  http.HttpServer2 (HttpServer2.java:addFilter(1020)) - Added filter static_user_filter (class=org.apache.hadoop.http.lib.StaticUserWebFilter$StaticUserFilter) to context static
2024-03-29 09:27:53,353 [main] INFO  http.HttpServer2 (HttpServer2.java:addFilter(1020)) - Added filter static_user_filter (class=org.apache.hadoop.http.lib.StaticUserWebFilter$StaticUserFilter) to context logs
2024-03-29 09:27:53,354 [main] INFO  http.BaseHttpServer (BaseHttpServer.java:<init>(189)) - HTTP server of ozoneManager uses base directory /home/runner/work/ozone/ozone/hadoop-ozone/integration-test/target/test-dir/MiniOzoneClusterImpl-2686784a-6a4a-436e-9d81-be1eb39caf3e/omNode-1/webserver
2024-03-29 09:27:53,357 [main] INFO  http.HttpServer2 (HttpServer2.java:bindListener(1236)) - Jetty bound to port 15005
2024-03-29 09:27:53,357 [main] INFO  server.Server (Server.java:doStart(375)) - jetty-9.4.53.v20231009; built: 2023-10-09T12:29:09.265Z; git: 27bde00a0b95a1d5bbee0eae7984f891d2d0f8c9; jvm 1.8.0_402-b06
2024-03-29 09:27:53,359 [main] INFO  server.session (DefaultSessionIdManager.java:doStart(334)) - DefaultSessionIdManager workerName=node0
2024-03-29 09:27:53,359 [main] INFO  server.session (DefaultSessionIdManager.java:doStart(339)) - No SessionScavenger set, using defaults
2024-03-29 09:27:53,359 [main] INFO  server.session (HouseKeeper.java:startScavenging(132)) - node0 Scavenging every 600000ms
2024-03-29 09:27:53,360 [main] INFO  handler.ContextHandler (ContextHandler.java:doStart(921)) - Started o.e.j.s.ServletContextHandler@1f678943{logs,/logs,file:///home/runner/work/ozone/ozone/hadoop-ozone/integration-test/target/log,AVAILABLE}
2024-03-29 09:27:53,360 [main] INFO  handler.ContextHandler (ContextHandler.java:doStart(921)) - Started o.e.j.s.ServletContextHandler@7eee26ae{static,/static,file:///home/runner/work/ozone/ozone/hadoop-ozone/integration-test/target/test-classes/webapps/static,AVAILABLE}
2024-03-29 09:27:53,365 [main] INFO  handler.ContextHandler (ContextHandler.java:doStart(921)) - Started o.e.j.w.WebAppContext@2a60a7f0{ozoneManager,/,file:///home/runner/work/ozone/ozone/hadoop-ozone/integration-test/target/test-classes/webapps/ozoneManager/,AVAILABLE}{file:/home/runner/work/ozone/ozone/hadoop-ozone/integration-test/target/test-classes/webapps/ozoneManager}
2024-03-29 09:27:53,366 [main] INFO  server.AbstractConnector (AbstractConnector.java:doStart(333)) - Started ServerConnector@623efc15{HTTP/1.1, (http/1.1)}{0.0.0.0:15005}
2024-03-29 09:27:53,367 [main] INFO  server.Server (Server.java:doStart(415)) - Started @6391ms
2024-03-29 09:27:53,370 [main] WARN  impl.MetricsSystemImpl (MetricsSystemImpl.java:register(279)) - Sink prometheus already exists!
2024-03-29 09:27:53,373 [main] INFO  http.BaseHttpServer (BaseHttpServer.java:updateConnectorAddress(354)) - HTTP server of ozoneManager listening at http://0.0.0.0:15005
2024-03-29 09:27:53,374 [IPC Server Responder] INFO  ipc.Server (Server.java:run(1562)) - IPC Server Responder: starting
2024-03-29 09:27:53,374 [IPC Server listener on 15004] INFO  ipc.Server (Server.java:run(1402)) - IPC Server listener on 15004: starting
2024-03-29 09:27:53,381 [main] INFO  om.OzoneManager (OzoneManager.java:startTrashEmptier(2121)) - Trash Interval set to 0. Files deleted won't move to trash
2024-03-29 09:27:53,382 [main] INFO  ozone.MiniOzoneHAClusterImpl (MiniOzoneHAClusterImpl.java:createOMService(517)) - Started OzoneManager omNode-1 RPC server at localhost/127.0.0.1:15004
2024-03-29 09:27:53,384 [main] INFO  ha.OMHANodeDetails (OMHANodeDetails.java:loadOMHAConfig(121)) - ServiceID for OzoneManager is om-service-test1
2024-03-29 09:27:53,384 [main] INFO  ha.OMHANodeDetails (OMHANodeDetails.java:loadOMHAConfig(201)) - Found matching OM address with OMServiceId: om-service-test1, OMNodeId: omNode-2, RPC Address: localhost:15008 and Ratis port: 15011
2024-03-29 09:27:53,384 [main] INFO  ha.OMHANodeDetails (ConfUtils.java:setNodeSpecificConfigs(97)) - Setting configuration key ozone.om.http-address with value of key ozone.om.http-address.om-service-test1.omNode-2: 127.0.0.1:15009
2024-03-29 09:27:53,385 [main] INFO  ha.OMHANodeDetails (ConfUtils.java:setNodeSpecificConfigs(97)) - Setting configuration key ozone.om.https-address with value of key ozone.om.https-address.om-service-test1.omNode-2: 127.0.0.1:15010
2024-03-29 09:27:53,385 [main] INFO  ha.OMHANodeDetails (ConfUtils.java:setNodeSpecificConfigs(97)) - Setting configuration key ozone.om.address with value of key ozone.om.address.om-service-test1.omNode-2: 127.0.0.1:15008
2024-03-29 09:27:53,385 [main] WARN  server.ServerUtils (ServerUtils.java:getDBPath(299)) - ozone.om.db.dirs is not configured. We recommend adding this setting. Falling back to ozone.metadata.dirs instead.
2024-03-29 09:27:53,387 [main] INFO  proxy.SCMBlockLocationFailoverProxyProvider (SCMBlockLocationFailoverProxyProvider.java:<init>(115)) - Created block location fail-over proxy with 1 nodes: [nodeId=scmNodeId,nodeAddress=/0.0.0.0:15001]
OM initialization succeeded.Current cluster id for sd=/home/runner/work/ozone/ozone/hadoop-ozone/integration-test/target/test-dir/MiniOzoneClusterImpl-2686784a-6a4a-436e-9d81-be1eb39caf3e/omNode-2/om;cid=2686784a-6a4a-436e-9d81-be1eb39caf3e;layoutVersion=6
2024-03-29 09:27:53,392 [main] INFO  ha.OMHANodeDetails (OMHANodeDetails.java:loadOMHAConfig(121)) - ServiceID for OzoneManager is om-service-test1
2024-03-29 09:27:53,393 [main] INFO  ha.OMHANodeDetails (OMHANodeDetails.java:loadOMHAConfig(201)) - Found matching OM address with OMServiceId: om-service-test1, OMNodeId: omNode-2, RPC Address: localhost:15008 and Ratis port: 15011
2024-03-29 09:27:53,393 [main] INFO  ha.OMHANodeDetails (ConfUtils.java:setNodeSpecificConfigs(97)) - Setting configuration key ozone.om.http-address with value of key ozone.om.http-address.om-service-test1.omNode-2: 127.0.0.1:15009
2024-03-29 09:27:53,393 [main] INFO  ha.OMHANodeDetails (ConfUtils.java:setNodeSpecificConfigs(97)) - Setting configuration key ozone.om.https-address with value of key ozone.om.https-address.om-service-test1.omNode-2: 127.0.0.1:15010
2024-03-29 09:27:53,393 [main] INFO  ha.OMHANodeDetails (ConfUtils.java:setNodeSpecificConfigs(97)) - Setting configuration key ozone.om.address with value of key ozone.om.address.om-service-test1.omNode-2: 127.0.0.1:15008
2024-03-29 09:27:53,394 [main] WARN  server.ServerUtils (ServerUtils.java:getDBPath(299)) - ozone.om.db.dirs is not configured. We recommend adding this setting. Falling back to ozone.metadata.dirs instead.
2024-03-29 09:27:53,395 [main] INFO  upgrade.AbstractLayoutVersionManager (AbstractLayoutVersionManager.java:init(83)) - Initializing Layout version manager with metadata layout = QUOTA (version = 6), software layout = QUOTA (version = 6)
2024-03-29 09:27:53,442 [main] INFO  upgrade.OMLayoutVersionManager (OMLayoutVersionManager.java:lambda$0(113)) - Skipping Upgrade Action MockOmUpgradeAction since it has been finalized.
2024-03-29 09:27:53,443 [main] INFO  upgrade.OMLayoutVersionManager (OMLayoutVersionManager.java:lambda$0(113)) - Skipping Upgrade Action QuotaRepairUpgradeAction since it has been finalized.
2024-03-29 09:27:53,443 [main] WARN  server.ServerUtils (ServerUtils.java:getDBPath(299)) - ozone.om.db.dirs is not configured. We recommend adding this setting. Falling back to ozone.metadata.dirs instead.
2024-03-29 09:27:53,448 [main] INFO  proxy.SCMBlockLocationFailoverProxyProvider (SCMBlockLocationFailoverProxyProvider.java:<init>(115)) - Created block location fail-over proxy with 1 nodes: [nodeId=scmNodeId,nodeAddress=/0.0.0.0:15001]
2024-03-29 09:27:53,450 [main] INFO  proxy.SCMBlockLocationFailoverProxyProvider (SCMBlockLocationFailoverProxyProvider.java:<init>(115)) - Created block location fail-over proxy with 1 nodes: [nodeId=scmNodeId,nodeAddress=/0.0.0.0:15001]
2024-03-29 09:27:53,460 [main] INFO  om.OzoneManager (OzoneManager.java:<init>(677)) - OM start with adminUsers: [*, runner]
2024-03-29 09:27:53,461 [main] WARN  server.ServerUtils (ServerUtils.java:getDBPath(299)) - ozone.om.db.dirs is not configured. We recommend adding this setting. Falling back to ozone.metadata.dirs instead.
2024-03-29 09:27:53,462 [main] INFO  helpers.OmKeyInfo (OmKeyInfo.java:getCodec(71)) - OmKeyInfo.getCodec ignorePipeline = true
2024-03-29 09:27:53,603 [main] INFO  om.OzoneManager (OzoneManager.java:instantiateServices(811)) - S3 Multi-Tenancy is disabled
2024-03-29 09:27:53,603 [main] INFO  om.OmSnapshotManager (OmSnapshotManager.java:<init>(177)) - Ozone filesystem snapshot feature is enabled.
2024-03-29 09:27:53,604 [main] WARN  server.ServerUtils (ServerUtils.java:getDBPath(299)) - ozone.om.snapshot.diff.db.dir is not configured. We recommend adding this setting. Falling back to ozone.metadata.dirs instead.
2024-03-29 09:27:53,619 [main] INFO  utils.NativeLibraryLoader (NativeLibraryLoader.java:loadLibrary(108)) - Loading Library: ozone_rocksdb_tools
2024-03-29 09:27:53,619 [main] ERROR snapshot.SnapshotDiffManager (SnapshotDiffManager.java:initNativeLibraryForEfficientDiff(287)) - Native Library for raw sst file reading loading failed.
org.apache.hadoop.hdds.utils.NativeLibraryNotLoadedException: Unable to load library ozone_rocksdb_tools from both java.library.path & resource file libozone_rocksdb_tools.so from jar.
	at org.apache.hadoop.hdds.utils.db.managed.ManagedRawSSTFileReader.loadLibrary(ManagedRawSSTFileReader.java:38)
	at org.apache.hadoop.ozone.om.snapshot.SnapshotDiffManager.initNativeLibraryForEfficientDiff(SnapshotDiffManager.java:285)
	at org.apache.hadoop.ozone.om.snapshot.SnapshotDiffManager.<init>(SnapshotDiffManager.java:259)
	at org.apache.hadoop.ozone.om.OmSnapshotManager.<init>(OmSnapshotManager.java:279)
	at org.apache.hadoop.ozone.om.OzoneManager.instantiateServices(OzoneManager.java:863)
	at org.apache.hadoop.ozone.om.OzoneManager.<init>(OzoneManager.java:687)
	at org.apache.hadoop.ozone.om.OzoneManager.createOm(OzoneManager.java:774)
	at org.apache.hadoop.ozone.MiniOzoneHAClusterImpl$Builder.createOMService(MiniOzoneHAClusterImpl.java:510)
	at org.apache.hadoop.ozone.MiniOzoneHAClusterImpl$Builder.build(MiniOzoneHAClusterImpl.java:425)
	at org.apache.hadoop.ozone.om.TestOzoneManagerHA.init(TestOzoneManagerHA.java:182)
	at sun.reflect.NativeMethodAccessorImpl.invoke0(Native Method)
	at sun.reflect.NativeMethodAccessorImpl.invoke(NativeMethodAccessorImpl.java:62)
	at sun.reflect.DelegatingMethodAccessorImpl.invoke(DelegatingMethodAccessorImpl.java:43)
	at java.lang.reflect.Method.invoke(Method.java:498)
	at org.junit.platform.commons.util.ReflectionUtils.invokeMethod(ReflectionUtils.java:728)
	at org.junit.jupiter.engine.execution.MethodInvocation.proceed(MethodInvocation.java:60)
	at org.junit.jupiter.engine.execution.InvocationInterceptorChain$ValidatingInvocation.proceed(InvocationInterceptorChain.java:131)
	at org.junit.jupiter.engine.extension.TimeoutExtension.intercept(TimeoutExtension.java:156)
	at org.junit.jupiter.engine.extension.TimeoutExtension.interceptLifecycleMethod(TimeoutExtension.java:128)
	at org.junit.jupiter.engine.extension.TimeoutExtension.interceptBeforeAllMethod(TimeoutExtension.java:70)
	at org.junit.jupiter.engine.execution.InterceptingExecutableInvoker$ReflectiveInterceptorCall.lambda$ofVoidMethod$0(InterceptingExecutableInvoker.java:103)
	at org.junit.jupiter.engine.execution.InterceptingExecutableInvoker.lambda$invoke$0(InterceptingExecutableInvoker.java:93)
	at org.junit.jupiter.engine.execution.InvocationInterceptorChain$InterceptedInvocation.proceed(InvocationInterceptorChain.java:106)
	at org.junit.jupiter.engine.execution.InvocationInterceptorChain.proceed(InvocationInterceptorChain.java:64)
	at org.junit.jupiter.engine.execution.InvocationInterceptorChain.chainAndInvoke(InvocationInterceptorChain.java:45)
	at org.junit.jupiter.engine.execution.InvocationInterceptorChain.invoke(InvocationInterceptorChain.java:37)
	at org.junit.jupiter.engine.execution.InterceptingExecutableInvoker.invoke(InterceptingExecutableInvoker.java:92)
	at org.junit.jupiter.engine.execution.InterceptingExecutableInvoker.invoke(InterceptingExecutableInvoker.java:86)
	at org.junit.jupiter.engine.descriptor.ClassBasedTestDescriptor.lambda$invokeBeforeAllMethods$13(ClassBasedTestDescriptor.java:412)
	at org.junit.platform.engine.support.hierarchical.ThrowableCollector.execute(ThrowableCollector.java:73)
	at org.junit.jupiter.engine.descriptor.ClassBasedTestDescriptor.invokeBeforeAllMethods(ClassBasedTestDescriptor.java:410)
	at org.junit.jupiter.engine.descriptor.ClassBasedTestDescriptor.before(ClassBasedTestDescriptor.java:216)
	at org.junit.jupiter.engine.descriptor.ClassBasedTestDescriptor.before(ClassBasedTestDescriptor.java:85)
	at org.junit.platform.engine.support.hierarchical.NodeTestTask.lambda$executeRecursively$6(NodeTestTask.java:148)
	at org.junit.platform.engine.support.hierarchical.ThrowableCollector.execute(ThrowableCollector.java:73)
	at org.junit.platform.engine.support.hierarchical.NodeTestTask.lambda$executeRecursively$8(NodeTestTask.java:141)
	at org.junit.platform.engine.support.hierarchical.Node.around(Node.java:137)
	at org.junit.platform.engine.support.hierarchical.NodeTestTask.lambda$executeRecursively$9(NodeTestTask.java:139)
	at org.junit.platform.engine.support.hierarchical.ThrowableCollector.execute(ThrowableCollector.java:73)
	at org.junit.platform.engine.support.hierarchical.NodeTestTask.executeRecursively(NodeTestTask.java:138)
	at org.junit.platform.engine.support.hierarchical.NodeTestTask.execute(NodeTestTask.java:95)
	at java.util.ArrayList.forEach(ArrayList.java:1259)
	at org.junit.platform.engine.support.hierarchical.SameThreadHierarchicalTestExecutorService.invokeAll(SameThreadHierarchicalTestExecutorService.java:41)
	at org.junit.platform.engine.support.hierarchical.NodeTestTask.lambda$executeRecursively$6(NodeTestTask.java:155)
	at org.junit.platform.engine.support.hierarchical.ThrowableCollector.execute(ThrowableCollector.java:73)
	at org.junit.platform.engine.support.hierarchical.NodeTestTask.lambda$executeRecursively$8(NodeTestTask.java:141)
	at org.junit.platform.engine.support.hierarchical.Node.around(Node.java:137)
	at org.junit.platform.engine.support.hierarchical.NodeTestTask.lambda$executeRecursively$9(NodeTestTask.java:139)
	at org.junit.platform.engine.support.hierarchical.ThrowableCollector.execute(ThrowableCollector.java:73)
	at org.junit.platform.engine.support.hierarchical.NodeTestTask.executeRecursively(NodeTestTask.java:138)
	at org.junit.platform.engine.support.hierarchical.NodeTestTask.execute(NodeTestTask.java:95)
	at org.junit.platform.engine.support.hierarchical.SameThreadHierarchicalTestExecutorService.submit(SameThreadHierarchicalTestExecutorService.java:35)
	at org.junit.platform.engine.support.hierarchical.HierarchicalTestExecutor.execute(HierarchicalTestExecutor.java:57)
	at org.junit.platform.engine.support.hierarchical.HierarchicalTestEngine.execute(HierarchicalTestEngine.java:54)
	at org.junit.platform.launcher.core.EngineExecutionOrchestrator.execute(EngineExecutionOrchestrator.java:198)
	at org.junit.platform.launcher.core.EngineExecutionOrchestrator.execute(EngineExecutionOrchestrator.java:169)
	at org.junit.platform.launcher.core.EngineExecutionOrchestrator.execute(EngineExecutionOrchestrator.java:93)
	at org.junit.platform.launcher.core.EngineExecutionOrchestrator.lambda$execute$0(EngineExecutionOrchestrator.java:58)
	at org.junit.platform.launcher.core.EngineExecutionOrchestrator.withInterceptedStreams(EngineExecutionOrchestrator.java:141)
	at org.junit.platform.launcher.core.EngineExecutionOrchestrator.execute(EngineExecutionOrchestrator.java:57)
	at org.junit.platform.launcher.core.DefaultLauncher.execute(DefaultLauncher.java:103)
	at org.junit.platform.launcher.core.DefaultLauncher.execute(DefaultLauncher.java:85)
	at org.junit.platform.launcher.core.DelegatingLauncher.execute(DelegatingLauncher.java:47)
	at org.junit.platform.launcher.core.SessionPerRequestLauncher.execute(SessionPerRequestLauncher.java:63)
	at org.apache.maven.surefire.junitplatform.JUnitPlatformProvider.invokeAllTests(JUnitPlatformProvider.java:154)
	at org.apache.maven.surefire.junitplatform.JUnitPlatformProvider.invoke(JUnitPlatformProvider.java:123)
	at org.apache.maven.surefire.booter.ForkedBooter.runSuitesInProcess(ForkedBooter.java:377)
	at org.apache.maven.surefire.booter.ForkedBooter.execute(ForkedBooter.java:138)
	at org.apache.maven.surefire.booter.ForkedBooter.run(ForkedBooter.java:465)
	at org.apache.maven.surefire.booter.ForkedBooter.main(ForkedBooter.java:451)
2024-03-29 09:27:53,623 [main] INFO  om.OzoneManager (OzoneManager.java:addS3GVolumeToDB(4463)) - Created Volume s3v With Owner runner required for S3Gateway operations.
2024-03-29 09:27:53,624 [main] WARN  server.ServerUtils (ServerUtils.java:getDefaultRatisDirectory(311)) - Storage directory for Ratis is not configured. It is a good idea to map this to an SSD disk. Falling back to ozone.metadata.dirs
2024-03-29 09:27:53,624 [main] WARN  utils.OzoneManagerRatisUtils (OzoneManagerRatisUtils.java:getOMRatisSnapshotDirectory(476)) - ozone.om.ratis.snapshot.dir is not configured. Falling back to ozone.metadata.dirs config
2024-03-29 09:27:53,624 [main] INFO  utils.RDBSnapshotProvider (RDBSnapshotProvider.java:init(87)) - Cleaning up the candidate dir: /home/runner/work/ozone/ozone/hadoop-ozone/integration-test/target/test-dir/MiniOzoneClusterImpl-2686784a-6a4a-436e-9d81-be1eb39caf3e/omNode-2/snapshot/om.db.candidate
2024-03-29 09:27:53,624 [main] INFO  ratis_snapshot.OmRatisSnapshotProvider (OmRatisSnapshotProvider.java:<init>(99)) - Initializing OM Snapshot Provider
2024-03-29 09:27:53,625 [main] WARN  dropwizard3.Dm3MetricRegistriesImpl (Dm3MetricRegistriesImpl.java:addReporterRegistration(113)) - New reporters are added after registries were created. Some metrics will be missing from the reporter. Please add reporter before adding any new registry.
2024-03-29 09:27:53,626 [main] WARN  dropwizard3.Dm3MetricRegistriesImpl (Dm3MetricRegistriesImpl.java:addReporterRegistration(113)) - New reporters are added after registries were created. Some metrics will be missing from the reporter. Please add reporter before adding any new registry.
2024-03-29 09:27:53,626 [main] WARN  server.ServerUtils (ServerUtils.java:getDefaultRatisDirectory(311)) - Storage directory for Ratis is not configured. It is a good idea to map this to an SSD disk. Falling back to ozone.metadata.dirs
2024-03-29 09:27:53,627 [main] INFO  ratis.OzoneManagerRatisServer (OzoneManagerRatisServer.java:<init>(167)) - Instantiating OM Ratis server with groupID: om-service-test1 and peers: localhost:15011, localhost:15015, localhost:15007
2024-03-29 09:27:53,628 [main] INFO  ratis.OzoneManagerStateMachine (OzoneManagerStateMachine.java:loadSnapshotInfoFromDB(589)) - TransactionInfo not found in OM DB.
2024-03-29 09:27:53,628 [main] INFO  server.RaftServer (ConfUtils.java:logGet(46)) - raft.rpc.type = GRPC (default)
2024-03-29 09:27:53,628 [main] INFO  grpc.GrpcConfigKeys (ConfUtils.java:logFallback(53)) - raft.grpc.admin.host = null (fallback to raft.grpc.server.host)
2024-03-29 09:27:53,629 [main] INFO  grpc.GrpcConfigKeys (ConfUtils.java:logFallback(53)) - raft.grpc.admin.port = 15011 (fallback to raft.grpc.server.port)
2024-03-29 09:27:53,629 [main] INFO  grpc.GrpcConfigKeys (ConfUtils.java:logFallback(53)) - raft.grpc.client.host = null (fallback to raft.grpc.server.host)
2024-03-29 09:27:53,629 [main] INFO  grpc.GrpcConfigKeys (ConfUtils.java:logFallback(53)) - raft.grpc.client.port = 15011 (fallback to raft.grpc.server.port)
2024-03-29 09:27:53,629 [main] INFO  grpc.GrpcConfigKeys (ConfUtils.java:logGet(46)) - raft.grpc.server.host = null (default)
2024-03-29 09:27:53,629 [main] INFO  grpc.GrpcConfigKeys (ConfUtils.java:logGet(46)) - raft.grpc.server.port = 15011 (custom)
2024-03-29 09:27:53,629 [main] INFO  server.GrpcService (ConfUtils.java:logGet(46)) - raft.grpc.message.size.max = 4194304 (custom)
2024-03-29 09:27:53,630 [main] INFO  server.RaftServerConfigKeys (ConfUtils.java:logGet(46)) - raft.server.log.appender.buffer.byte-limit = 4194304 (custom)
2024-03-29 09:27:53,630 [main] INFO  server.GrpcService (ConfUtils.java:logGet(46)) - raft.grpc.flow.control.window = 1MB (=1048576) (default)
2024-03-29 09:27:53,630 [main] INFO  server.RaftServerConfigKeys (ConfUtils.java:logGet(46)) - raft.server.rpc.request.timeout = 3000ms (default)
2024-03-29 09:27:53,630 [main] INFO  grpc.GrpcConfigKeys (ConfUtils.java:logGet(46)) - raft.grpc.server.heartbeat.channel = true (default)
2024-03-29 09:27:53,630 [main] INFO  grpc.GrpcConfigKeys (ConfUtils.java:logGet(46)) - raft.grpc.server.async.request.thread.pool.cached = true (default)
2024-03-29 09:27:53,630 [main] INFO  grpc.GrpcConfigKeys (ConfUtils.java:logGet(46)) - raft.grpc.server.async.request.thread.pool.size = 32 (default)
2024-03-29 09:27:53,632 [main] INFO  impl.DataStreamServerImpl (ConfUtils.java:logGet(46)) - raft.datastream.type = DISABLED (default)
2024-03-29 09:27:53,632 [main] INFO  server.RaftServerConfigKeys (ConfUtils.java:logGet(46)) - raft.server.sleep.deviation.threshold = 300ms (default)
2024-03-29 09:27:53,632 [main] INFO  server.RaftServerConfigKeys (ConfUtils.java:logGet(46)) - raft.server.close.threshold = 60s (default)
2024-03-29 09:27:53,632 [main] INFO  server.RaftServerConfigKeys (ConfUtils.java:logGet(46)) - raft.server.leaderelection.leader.step-down.wait-time = 10s (default)
2024-03-29 09:27:53,632 [main] INFO  server.RaftServerConfigKeys (ConfUtils.java:logGet(46)) - raft.server.storage.dir = [/home/runner/work/ozone/ozone/hadoop-ozone/integration-test/target/test-dir/MiniOzoneClusterImpl-2686784a-6a4a-436e-9d81-be1eb39caf3e/omNode-2/ratis] (custom)
2024-03-29 09:27:53,632 [main] INFO  server.RaftServerConfigKeys (ConfUtils.java:logGet(46)) - raft.server.threadpool.proxy.cached = true (default)
2024-03-29 09:27:53,633 [main] INFO  server.RaftServerConfigKeys (ConfUtils.java:logGet(46)) - raft.server.threadpool.proxy.size = 0 (default)
2024-03-29 09:27:53,633 [main] INFO  server.RaftServer (RaftServerProxy.java:addNew(100)) - omNode-2: addNew group-523986131536:[omNode-3|localhost:15015, omNode-1|localhost:15007, omNode-2|localhost:15011] returns group-523986131536:java.util.concurrent.CompletableFuture@2a835bde[Not completed]
2024-03-29 09:27:53,633 [main] INFO  om.OzoneManager (OzoneManager.java:initializeRatisServer(2168)) - OzoneManager Ratis server initialized at port 15011
2024-03-29 09:27:53,634 [main] INFO  om.OzoneManager (OzoneManager.java:getRpcServer(1227)) - Creating RPC Server
2024-03-29 09:27:53,633 [omNode-2-groupManagement] INFO  server.RaftServer$Division (RaftServerImpl.java:<init>(256)) - omNode-2: new RaftServerImpl for group-523986131536:[omNode-3|localhost:15015, omNode-1|localhost:15007, omNode-2|localhost:15011] with OzoneManagerStateMachine:uninitialized
2024-03-29 09:27:53,635 [omNode-2-groupManagement] INFO  server.RaftServerConfigKeys (ConfUtils.java:logGet(46)) - raft.server.rpc.timeout.min = 1s (custom)
2024-03-29 09:27:53,635 [omNode-2-groupManagement] INFO  server.RaftServerConfigKeys (ConfUtils.java:logGet(46)) - raft.server.rpc.timeout.max = 1200ms (custom)
2024-03-29 09:27:53,635 [omNode-2-groupManagement] INFO  server.RaftServerConfigKeys (ConfUtils.java:logGet(46)) - raft.server.rpc.sleep.time = 25ms (default)
2024-03-29 09:27:53,635 [omNode-2-groupManagement] INFO  server.RaftServerConfigKeys (ConfUtils.java:logGet(46)) - raft.server.rpc.slowness.timeout = 2s (custom)
2024-03-29 09:27:53,635 [omNode-2-groupManagement] INFO  server.RaftServerConfigKeys (ConfUtils.java:logGet(46)) - raft.server.leaderelection.leader.step-down.wait-time = 10s (default)
2024-03-29 09:27:53,635 [omNode-2-groupManagement] INFO  server.RaftServerConfigKeys (ConfUtils.java:logGet(46)) - raft.server.leaderelection.member.majority-add = false (default)
2024-03-29 09:27:53,635 [omNode-2-groupManagement] INFO  server.RaftServerConfigKeys (ConfUtils.java:logGet(46)) - raft.server.sleep.deviation.threshold = 300ms (default)
2024-03-29 09:27:53,635 [omNode-2-groupManagement] INFO  server.RaftServer$Division (ServerState.java:<init>(113)) - omNode-2@group-523986131536: ConfigurationManager, init=-1: peers:[omNode-3|localhost:15015, omNode-1|localhost:15007, omNode-2|localhost:15011]|listeners:[], old=null, confs=<EMPTY_MAP>
2024-03-29 09:27:53,636 [omNode-2-groupManagement] INFO  server.RaftServerConfigKeys (ConfUtils.java:logGet(46)) - raft.server.notification.no-leader.timeout = 2s (custom)
2024-03-29 09:27:53,636 [omNode-2-groupManagement] INFO  server.RaftServerConfigKeys (ConfUtils.java:logGet(46)) - raft.server.read.timeout = 10s (default)
2024-03-29 09:27:53,636 [omNode-2-groupManagement] INFO  server.RaftServerConfigKeys (ConfUtils.java:logGet(46)) - raft.server.retrycache.expirytime = 30000ms (custom)
2024-03-29 09:27:53,636 [omNode-2-groupManagement] INFO  server.RaftServerConfigKeys (ConfUtils.java:logGet(46)) - raft.server.retrycache.statistics.expirytime = 100ms (default)
2024-03-29 09:27:53,636 [omNode-2-groupManagement] INFO  server.RaftServerConfigKeys (ConfUtils.java:logGet(46)) - raft.server.read.option = DEFAULT (default)
2024-03-29 09:27:53,636 [omNode-2-groupManagement] INFO  server.RaftServerConfigKeys (ConfUtils.java:logGet(46)) - raft.server.read.read-after-write-consistent.write-index-cache.expiry-time = 60s (default)
2024-03-29 09:27:53,639 [omNode-2-groupManagement] INFO  server.RaftServerConfigKeys (ConfUtils.java:logGet(46)) - raft.server.rpc.request.timeout = 3000ms (default)
2024-03-29 09:27:53,639 [omNode-2-groupManagement] INFO  server.RaftServerConfigKeys (ConfUtils.java:logGet(46)) - raft.server.log.appender.install.snapshot.enabled = false (custom)
2024-03-29 09:27:53,640 [omNode-2-groupManagement] INFO  server.RaftServerConfigKeys (ConfUtils.java:logGet(46)) - raft.server.threadpool.server.cached = true (default)
2024-03-29 09:27:53,640 [omNode-2-groupManagement] INFO  server.RaftServerConfigKeys (ConfUtils.java:logGet(46)) - raft.server.threadpool.server.size = 0 (default)
2024-03-29 09:27:53,640 [omNode-2-groupManagement] INFO  server.RaftServerConfigKeys (ConfUtils.java:logGet(46)) - raft.server.threadpool.client.cached = true (default)
2024-03-29 09:27:53,640 [omNode-2-groupManagement] INFO  server.RaftServerConfigKeys (ConfUtils.java:logGet(46)) - raft.server.threadpool.client.size = 0 (default)
2024-03-29 09:27:53,874 [main] INFO  ipc.CallQueueManager (CallQueueManager.java:<init>(90)) - Using callQueue: class java.util.concurrent.LinkedBlockingQueue, queueCapacity: 2000, scheduler: class org.apache.hadoop.ipc.DefaultRpcScheduler, ipcBackoff: false.
2024-03-29 09:27:53,875 [main] INFO  ipc.Server (Server.java:<init>(1287)) - Listener at 127.0.0.1:15008
2024-03-29 09:27:53,875 [Socket Reader #1 for port 15008] INFO  ipc.Server (Server.java:run(1323)) - Starting Socket Reader #1 for port 15008
2024-03-29 09:27:53,891 [main] INFO  impl.MetricsSystemImpl (MetricsSystemImpl.java:init(158)) - OzoneManager metrics system started (again)
2024-03-29 09:27:53,902 [main] INFO  om.OzoneManager (OzoneManager.java:start(1649)) - OzoneManager RPC server is listening at localhost/127.0.0.1:15008
2024-03-29 09:27:53,903 [main] INFO  ratis.OzoneManagerRatisServer (OzoneManagerRatisServer.java:start(588)) - Starting OzoneManagerRatisServer omNode-2 at port 15011
2024-03-29 09:27:53,903 [omNode-2-impl-thread1] INFO  server.RaftServerConfigKeys (ConfUtils.java:logGet(46)) - raft.server.storage.free-space.min = 0MB (=0) (default)
2024-03-29 09:27:53,904 [omNode-2-impl-thread1] INFO  server.RaftServerConfigKeys (ConfUtils.java:logGet(46)) - raft.server.log.corruption.policy = EXCEPTION (default)
2024-03-29 09:27:53,904 [omNode-2-impl-thread1] INFO  server.RaftServerConfigKeys (ConfUtils.java:logGet(46)) - raft.server.storage.dir = [/home/runner/work/ozone/ozone/hadoop-ozone/integration-test/target/test-dir/MiniOzoneClusterImpl-2686784a-6a4a-436e-9d81-be1eb39caf3e/omNode-2/ratis] (custom)
2024-03-29 09:27:53,904 [omNode-2-impl-thread1] INFO  storage.RaftStorageDirectory (RaftStorageDirectoryImpl.java:analyzeStorage(138)) - The storage directory /home/runner/work/ozone/ozone/hadoop-ozone/integration-test/target/test-dir/MiniOzoneClusterImpl-2686784a-6a4a-436e-9d81-be1eb39caf3e/omNode-2/ratis/c9bc4cf4-3bc3-3c60-a66b-523986131536 does not exist. Creating ...
2024-03-29 09:27:53,905 [omNode-2-impl-thread1] INFO  storage.RaftStorageDirectory (RaftStorageDirectoryImpl.java:tryLock(228)) - Lock on /home/runner/work/ozone/ozone/hadoop-ozone/integration-test/target/test-dir/MiniOzoneClusterImpl-2686784a-6a4a-436e-9d81-be1eb39caf3e/omNode-2/ratis/c9bc4cf4-3bc3-3c60-a66b-523986131536/in_use.lock acquired by nodename 134834@fv-az771-813
2024-03-29 09:27:53,906 [omNode-2-impl-thread1] INFO  storage.RaftStorage (RaftStorageImpl.java:format(99)) - Storage directory /home/runner/work/ozone/ozone/hadoop-ozone/integration-test/target/test-dir/MiniOzoneClusterImpl-2686784a-6a4a-436e-9d81-be1eb39caf3e/omNode-2/ratis/c9bc4cf4-3bc3-3c60-a66b-523986131536 has been successfully formatted.
2024-03-29 09:27:53,907 [omNode-2-impl-thread1] WARN  util.FileUtils (LogUtils.java:supplyAndLog(63)) - Failed to Files.newInputStream /home/runner/work/ozone/ozone/hadoop-ozone/integration-test/target/test-dir/MiniOzoneClusterImpl-2686784a-6a4a-436e-9d81-be1eb39caf3e/omNode-2/ratis/c9bc4cf4-3bc3-3c60-a66b-523986131536/current/raft-meta.conf with options []: java.nio.file.NoSuchFileException: /home/runner/work/ozone/ozone/hadoop-ozone/integration-test/target/test-dir/MiniOzoneClusterImpl-2686784a-6a4a-436e-9d81-be1eb39caf3e/omNode-2/ratis/c9bc4cf4-3bc3-3c60-a66b-523986131536/current/raft-meta.conf
2024-03-29 09:27:53,907 [omNode-2-impl-thread1] INFO  server.RaftServerConfigKeys (ConfUtils.java:logGet(46)) - raft.server.log.use.memory = false (default)
2024-03-29 09:27:53,908 [omNode-2-impl-thread1] INFO  server.RaftServerConfigKeys (ConfUtils.java:logGet(46)) - raft.server.log.purge.gap = 50 (custom)
2024-03-29 09:27:53,908 [omNode-2-impl-thread1] INFO  server.RaftServerConfigKeys (ConfUtils.java:logGet(46)) - raft.server.log.appender.buffer.byte-limit = 4194304 (custom)
2024-03-29 09:27:53,908 [omNode-2-impl-thread1] INFO  server.RaftServerConfigKeys (ConfUtils.java:logGet(46)) - raft.server.log.statemachine.data.read.timeout = 1000ms (default)
2024-03-29 09:27:53,908 [omNode-2-impl-thread1] INFO  server.RaftServerConfigKeys (ConfUtils.java:logGet(46)) - raft.server.log.purge.preservation.log.num = 0 (default)
2024-03-29 09:27:53,910 [omNode-2-impl-thread1] INFO  server.RaftServerConfigKeys (ConfUtils.java:logGet(46)) - raft.server.log.segment.size.max = 4194304 (custom)
2024-03-29 09:27:53,911 [omNode-2-impl-thread1] INFO  server.RaftServerConfigKeys (ConfUtils.java:logGet(46)) - raft.server.log.segment.cache.num.max = 2 (custom)
2024-03-29 09:27:53,911 [omNode-2-impl-thread1] INFO  server.RaftServerConfigKeys (ConfUtils.java:logGet(46)) - raft.server.log.segment.cache.size.max = 200MB (=209715200) (default)
2024-03-29 09:27:53,911 [omNode-2-impl-thread1] INFO  server.RaftServerConfigKeys (ConfUtils.java:logGet(46)) - raft.server.log.appender.buffer.byte-limit = 4194304 (custom)
2024-03-29 09:27:53,911 [omNode-2-impl-thread1] INFO  util.AwaitToRun (AwaitToRun.java:start(81)) - Thread[omNode-2@group-523986131536-cacheEviction-AwaitToRun,5,main] started
2024-03-29 09:27:53,912 [omNode-2-impl-thread1] INFO  segmented.SegmentedRaftLogWorker (SegmentedRaftLogWorker.java:<init>(182)) - new omNode-2@group-523986131536-SegmentedRaftLogWorker for RaftStorageImpl:Storage Directory /home/runner/work/ozone/ozone/hadoop-ozone/integration-test/target/test-dir/MiniOzoneClusterImpl-2686784a-6a4a-436e-9d81-be1eb39caf3e/omNode-2/ratis/c9bc4cf4-3bc3-3c60-a66b-523986131536
2024-03-29 09:27:53,912 [omNode-2-impl-thread1] INFO  server.RaftServerConfigKeys (ConfUtils.java:logGet(46)) - raft.server.log.queue.byte-limit = 64MB (=67108864) (default)
2024-03-29 09:27:53,913 [omNode-2-impl-thread1] INFO  server.RaftServerConfigKeys (ConfUtils.java:logGet(46)) - raft.server.log.queue.element-limit = 4096 (default)
2024-03-29 09:27:53,913 [omNode-2-impl-thread1] INFO  server.RaftServerConfigKeys (ConfUtils.java:logGet(46)) - raft.server.log.segment.size.max = 4194304 (custom)
2024-03-29 09:27:53,913 [omNode-2-impl-thread1] INFO  server.RaftServerConfigKeys (ConfUtils.java:logGet(46)) - raft.server.log.preallocated.size = 4194304 (custom)
2024-03-29 09:27:53,913 [omNode-2-impl-thread1] INFO  server.RaftServerConfigKeys (ConfUtils.java:logGet(46)) - raft.server.log.force.sync.num = 128 (default)
2024-03-29 09:27:53,913 [omNode-2-impl-thread1] INFO  server.RaftServerConfigKeys (ConfUtils.java:logGet(46)) - raft.server.log.statemachine.data.sync = true (default)
2024-03-29 09:27:53,913 [omNode-2-impl-thread1] INFO  server.RaftServerConfigKeys (ConfUtils.java:logGet(46)) - raft.server.log.statemachine.data.sync.timeout = 10s (default)
2024-03-29 09:27:53,913 [omNode-2-impl-thread1] INFO  server.RaftServerConfigKeys (ConfUtils.java:logGet(46)) - raft.server.log.statemachine.data.sync.timeout.retry = -1 (default)
2024-03-29 09:27:53,914 [omNode-2-impl-thread1] INFO  server.RaftServerConfigKeys (ConfUtils.java:logGet(46)) - raft.server.log.write.buffer.size = 4194312 (custom)
2024-03-29 09:27:53,915 [omNode-2-impl-thread1] INFO  server.RaftServerConfigKeys (ConfUtils.java:logGet(46)) - raft.server.log.appender.buffer.byte-limit = 4194304 (custom)
2024-03-29 09:27:53,915 [omNode-2-impl-thread1] INFO  server.RaftServerConfigKeys (ConfUtils.java:logGet(46)) - raft.server.log.unsafe-flush.enabled = false (default)
2024-03-29 09:27:53,915 [omNode-2-impl-thread1] INFO  server.RaftServerConfigKeys (ConfUtils.java:logGet(46)) - raft.server.log.async-flush.enabled = false (default)
2024-03-29 09:27:53,915 [omNode-2-impl-thread1] INFO  server.RaftServerConfigKeys (ConfUtils.java:logGet(46)) - raft.server.log.statemachine.data.caching.enabled = false (default)
2024-03-29 09:27:53,916 [omNode-2-impl-thread1] INFO  segmented.SegmentedRaftLogWorker (SegmentedRaftLogWorker.java:lambda$new$0(134)) - omNode-2@group-523986131536-SegmentedRaftLogWorker: flushIndex: setUnconditionally 0 -> -1
2024-03-29 09:27:53,916 [omNode-2-impl-thread1] INFO  segmented.SegmentedRaftLogWorker (SegmentedRaftLogWorker.java:lambda$new$0(134)) - omNode-2@group-523986131536-SegmentedRaftLogWorker: safeCacheEvictIndex: setUnconditionally 0 -> -1
2024-03-29 09:27:53,916 [omNode-2-impl-thread1] INFO  server.RaftServer$Division (RaftServerImpl.java:start(396)) - omNode-2@group-523986131536: start as a follower, conf=-1: peers:[omNode-3|localhost:15015, omNode-1|localhost:15007, omNode-2|localhost:15011]|listeners:[], old=null
2024-03-29 09:27:53,917 [omNode-2-impl-thread1] INFO  server.RaftServer$Division (RaftServerImpl.java:setRole(383)) - omNode-2@group-523986131536: changes role from      null to FOLLOWER at term 0 for startAsFollower
2024-03-29 09:27:53,917 [omNode-2-impl-thread1] INFO  impl.RoleInfo (RoleInfo.java:updateAndGet(139)) - omNode-2: start omNode-2@group-523986131536-FollowerState
2024-03-29 09:27:53,918 [omNode-2@group-523986131536-FollowerState] INFO  server.RaftServerConfigKeys (ConfUtils.java:logFallback(53)) - raft.server.rpc.first-election.timeout.min = 1s (fallback to raft.server.rpc.timeout.min)
2024-03-29 09:27:53,918 [omNode-2-impl-thread1] INFO  util.JmxRegister (JmxRegister.java:tryRegister(44)) - Successfully registered JMX Bean with object name Ratis:service=RaftServer,group=group-523986131536,id=omNode-2
2024-03-29 09:27:53,919 [omNode-2-impl-thread1] INFO  server.RaftServerConfigKeys (ConfUtils.java:logGet(46)) - raft.server.snapshot.trigger-when-stop.enabled = true (default)
2024-03-29 09:27:53,919 [omNode-2-impl-thread1] INFO  server.RaftServerConfigKeys (ConfUtils.java:logGet(46)) - raft.server.snapshot.auto.trigger.enabled = true (custom)
2024-03-29 09:27:53,919 [omNode-2-impl-thread1] INFO  server.RaftServerConfigKeys (ConfUtils.java:logGet(46)) - raft.server.snapshot.auto.trigger.threshold = 50 (custom)
2024-03-29 09:27:53,919 [omNode-2-impl-thread1] INFO  server.RaftServerConfigKeys (ConfUtils.java:logGet(46)) - raft.server.snapshot.retention.file.num = -1 (default)
2024-03-29 09:27:53,919 [omNode-2-impl-thread1] INFO  server.RaftServerConfigKeys (ConfUtils.java:logGet(46)) - raft.server.log.purge.upto.snapshot.index = true (custom)
2024-03-29 09:27:53,920 [main] INFO  server.RaftServer (RaftServerProxy.java:startImpl(406)) - omNode-2: start RPC server
2024-03-29 09:27:53,921 [main] INFO  server.GrpcService (GrpcService.java:startImpl(302)) - omNode-2: GrpcService started, listening on 15011
2024-03-29 09:27:53,927 [JvmPauseMonitor2] INFO  util.JvmPauseMonitor (JvmPauseMonitor.java:run(146)) - JvmPauseMonitor-omNode-2: Started
2024-03-29 09:27:53,929 [omNode-2@group-523986131536-FollowerState] INFO  server.RaftServerConfigKeys (ConfUtils.java:logFallback(53)) - raft.server.rpc.first-election.timeout.max = 1200ms (fallback to raft.server.rpc.timeout.max)
2024-03-29 09:27:53,928 [main] INFO  om.OzoneManager (OzoneManager.java:start(1665)) - Version File has different layout version (6) than OM DB (null). That is expected if this OM has never been finalized to a newer layout version.
2024-03-29 09:27:53,948 [main] INFO  client.ScmTopologyClient (ScmTopologyClient.java:start(72)) - Initial network topology fetched from SCM: /.
2024-03-29 09:27:53,949 [main] INFO  net.NodeSchemaLoader (NodeSchemaLoader.java:loadSchemaFromFile(129)) - Loading schema from [file:/home/runner/work/ozone/ozone/hadoop-hdds/common/target/classes/network-topology-default.xml]
2024-03-29 09:27:53,949 [main] INFO  net.NodeSchemaLoader (NodeSchemaLoader.java:loadSchema(176)) - Loading network topology layer schema file
2024-03-29 09:27:53,954 [main] INFO  http.BaseHttpServer (BaseHttpServer.java:newHttpServer2BuilderForOzone(223)) - Starting Web-server for ozoneManager at: http://0.0.0.0:15009
2024-03-29 09:27:53,954 [main] INFO  http.BaseHttpServer (BaseHttpServer.java:<init>(110)) - Hadoop Security Enabled: false Ozone Security Enabled: false Ozone HTTP Security Enabled: false 
2024-03-29 09:27:53,955 [main] WARN  server.AuthenticationFilter (AuthenticationFilter.java:constructSecretProvider(240)) - Unable to initialize FileSignerSecretProvider, falling back to use random secrets. Reason: Could not read signature secret file: /home/runner/hadoop-http-auth-signature-secret
2024-03-29 09:27:53,956 [main] INFO  http.HttpRequestLog (HttpRequestLog.java:getRequestLog(86)) - Http request log for http.requests.ozoneManager is not defined
2024-03-29 09:27:53,959 [main] INFO  http.HttpServer2 (HttpServer2.java:addGlobalFilter(1036)) - Added global filter 'safety' (class=org.apache.hadoop.hdds.server.http.HttpServer2$QuotingInputFilter)
2024-03-29 09:27:53,960 [main] INFO  http.HttpServer2 (HttpServer2.java:addFilter(1012)) - Added filter static_user_filter (class=org.apache.hadoop.http.lib.StaticUserWebFilter$StaticUserFilter) to context ozoneManager
2024-03-29 09:27:53,960 [main] INFO  http.HttpServer2 (HttpServer2.java:addFilter(1020)) - Added filter static_user_filter (class=org.apache.hadoop.http.lib.StaticUserWebFilter$StaticUserFilter) to context static
2024-03-29 09:27:53,960 [main] INFO  http.HttpServer2 (HttpServer2.java:addFilter(1020)) - Added filter static_user_filter (class=org.apache.hadoop.http.lib.StaticUserWebFilter$StaticUserFilter) to context logs
2024-03-29 09:27:53,962 [main] INFO  http.BaseHttpServer (BaseHttpServer.java:<init>(189)) - HTTP server of ozoneManager uses base directory /home/runner/work/ozone/ozone/hadoop-ozone/integration-test/target/test-dir/MiniOzoneClusterImpl-2686784a-6a4a-436e-9d81-be1eb39caf3e/omNode-2/webserver
2024-03-29 09:27:53,962 [main] INFO  http.HttpServer2 (HttpServer2.java:bindListener(1236)) - Jetty bound to port 15009
2024-03-29 09:27:53,963 [main] INFO  server.Server (Server.java:doStart(375)) - jetty-9.4.53.v20231009; built: 2023-10-09T12:29:09.265Z; git: 27bde00a0b95a1d5bbee0eae7984f891d2d0f8c9; jvm 1.8.0_402-b06
2024-03-29 09:27:53,964 [main] INFO  server.session (DefaultSessionIdManager.java:doStart(334)) - DefaultSessionIdManager workerName=node0
2024-03-29 09:27:53,964 [main] INFO  server.session (DefaultSessionIdManager.java:doStart(339)) - No SessionScavenger set, using defaults
2024-03-29 09:27:53,964 [main] INFO  server.session (HouseKeeper.java:startScavenging(132)) - node0 Scavenging every 660000ms
2024-03-29 09:27:53,965 [main] INFO  handler.ContextHandler (ContextHandler.java:doStart(921)) - Started o.e.j.s.ServletContextHandler@4946ce3{logs,/logs,file:///home/runner/work/ozone/ozone/hadoop-ozone/integration-test/target/log,AVAILABLE}
2024-03-29 09:27:53,965 [main] INFO  handler.ContextHandler (ContextHandler.java:doStart(921)) - Started o.e.j.s.ServletContextHandler@7cde748f{static,/static,file:///home/runner/work/ozone/ozone/hadoop-ozone/integration-test/target/test-classes/webapps/static,AVAILABLE}
2024-03-29 09:27:53,971 [main] INFO  handler.ContextHandler (ContextHandler.java:doStart(921)) - Started o.e.j.w.WebAppContext@6943732d{ozoneManager,/,file:///home/runner/work/ozone/ozone/hadoop-ozone/integration-test/target/test-classes/webapps/ozoneManager/,AVAILABLE}{file:/home/runner/work/ozone/ozone/hadoop-ozone/integration-test/target/test-classes/webapps/ozoneManager}
2024-03-29 09:27:53,972 [main] INFO  server.AbstractConnector (AbstractConnector.java:doStart(333)) - Started ServerConnector@657c5b20{HTTP/1.1, (http/1.1)}{0.0.0.0:15009}
2024-03-29 09:27:53,972 [main] INFO  server.Server (Server.java:doStart(415)) - Started @6996ms
2024-03-29 09:27:53,972 [main] WARN  impl.MetricsSystemImpl (MetricsSystemImpl.java:register(279)) - Sink prometheus already exists!
2024-03-29 09:27:53,973 [main] INFO  http.BaseHttpServer (BaseHttpServer.java:updateConnectorAddress(354)) - HTTP server of ozoneManager listening at http://0.0.0.0:15009
2024-03-29 09:27:53,973 [IPC Server Responder] INFO  ipc.Server (Server.java:run(1562)) - IPC Server Responder: starting
2024-03-29 09:27:53,973 [IPC Server listener on 15008] INFO  ipc.Server (Server.java:run(1402)) - IPC Server listener on 15008: starting
2024-03-29 09:27:53,977 [main] INFO  om.OzoneManager (OzoneManager.java:startTrashEmptier(2121)) - Trash Interval set to 0. Files deleted won't move to trash
2024-03-29 09:27:53,977 [main] INFO  ozone.MiniOzoneHAClusterImpl (MiniOzoneHAClusterImpl.java:createOMService(517)) - Started OzoneManager omNode-2 RPC server at localhost/127.0.0.1:15008
2024-03-29 09:27:53,978 [main] INFO  ha.OMHANodeDetails (OMHANodeDetails.java:loadOMHAConfig(121)) - ServiceID for OzoneManager is om-service-test1
2024-03-29 09:27:53,979 [main] INFO  ha.OMHANodeDetails (OMHANodeDetails.java:loadOMHAConfig(201)) - Found matching OM address with OMServiceId: om-service-test1, OMNodeId: omNode-3, RPC Address: localhost:15012 and Ratis port: 15015
2024-03-29 09:27:53,979 [main] INFO  ha.OMHANodeDetails (ConfUtils.java:setNodeSpecificConfigs(97)) - Setting configuration key ozone.om.http-address with value of key ozone.om.http-address.om-service-test1.omNode-3: 127.0.0.1:15013
2024-03-29 09:27:53,979 [main] INFO  ha.OMHANodeDetails (ConfUtils.java:setNodeSpecificConfigs(97)) - Setting configuration key ozone.om.https-address with value of key ozone.om.https-address.om-service-test1.omNode-3: 127.0.0.1:15014
2024-03-29 09:27:53,980 [main] INFO  ha.OMHANodeDetails (ConfUtils.java:setNodeSpecificConfigs(97)) - Setting configuration key ozone.om.address with value of key ozone.om.address.om-service-test1.omNode-3: 127.0.0.1:15012
2024-03-29 09:27:53,980 [main] WARN  server.ServerUtils (ServerUtils.java:getDBPath(299)) - ozone.om.db.dirs is not configured. We recommend adding this setting. Falling back to ozone.metadata.dirs instead.
2024-03-29 09:27:53,981 [main] INFO  proxy.SCMBlockLocationFailoverProxyProvider (SCMBlockLocationFailoverProxyProvider.java:<init>(115)) - Created block location fail-over proxy with 1 nodes: [nodeId=scmNodeId,nodeAddress=/0.0.0.0:15001]
OM initialization succeeded.Current cluster id for sd=/home/runner/work/ozone/ozone/hadoop-ozone/integration-test/target/test-dir/MiniOzoneClusterImpl-2686784a-6a4a-436e-9d81-be1eb39caf3e/omNode-3/om;cid=2686784a-6a4a-436e-9d81-be1eb39caf3e;layoutVersion=6
2024-03-29 09:27:53,985 [main] INFO  ha.OMHANodeDetails (OMHANodeDetails.java:loadOMHAConfig(121)) - ServiceID for OzoneManager is om-service-test1
2024-03-29 09:27:53,986 [main] INFO  ha.OMHANodeDetails (OMHANodeDetails.java:loadOMHAConfig(201)) - Found matching OM address with OMServiceId: om-service-test1, OMNodeId: omNode-3, RPC Address: localhost:15012 and Ratis port: 15015
2024-03-29 09:27:53,986 [main] INFO  ha.OMHANodeDetails (ConfUtils.java:setNodeSpecificConfigs(97)) - Setting configuration key ozone.om.http-address with value of key ozone.om.http-address.om-service-test1.omNode-3: 127.0.0.1:15013
2024-03-29 09:27:53,986 [main] INFO  ha.OMHANodeDetails (ConfUtils.java:setNodeSpecificConfigs(97)) - Setting configuration key ozone.om.https-address with value of key ozone.om.https-address.om-service-test1.omNode-3: 127.0.0.1:15014
2024-03-29 09:27:53,986 [main] INFO  ha.OMHANodeDetails (ConfUtils.java:setNodeSpecificConfigs(97)) - Setting configuration key ozone.om.address with value of key ozone.om.address.om-service-test1.omNode-3: 127.0.0.1:15012
2024-03-29 09:27:53,986 [main] WARN  server.ServerUtils (ServerUtils.java:getDBPath(299)) - ozone.om.db.dirs is not configured. We recommend adding this setting. Falling back to ozone.metadata.dirs instead.
2024-03-29 09:27:53,987 [main] INFO  upgrade.AbstractLayoutVersionManager (AbstractLayoutVersionManager.java:init(83)) - Initializing Layout version manager with metadata layout = QUOTA (version = 6), software layout = QUOTA (version = 6)
2024-03-29 09:27:54,012 [main] INFO  upgrade.OMLayoutVersionManager (OMLayoutVersionManager.java:lambda$0(113)) - Skipping Upgrade Action MockOmUpgradeAction since it has been finalized.
2024-03-29 09:27:54,012 [main] INFO  upgrade.OMLayoutVersionManager (OMLayoutVersionManager.java:lambda$0(113)) - Skipping Upgrade Action QuotaRepairUpgradeAction since it has been finalized.
2024-03-29 09:27:54,012 [main] WARN  server.ServerUtils (ServerUtils.java:getDBPath(299)) - ozone.om.db.dirs is not configured. We recommend adding this setting. Falling back to ozone.metadata.dirs instead.
2024-03-29 09:27:54,014 [main] INFO  proxy.SCMBlockLocationFailoverProxyProvider (SCMBlockLocationFailoverProxyProvider.java:<init>(115)) - Created block location fail-over proxy with 1 nodes: [nodeId=scmNodeId,nodeAddress=/0.0.0.0:15001]
2024-03-29 09:27:54,015 [main] INFO  proxy.SCMBlockLocationFailoverProxyProvider (SCMBlockLocationFailoverProxyProvider.java:<init>(115)) - Created block location fail-over proxy with 1 nodes: [nodeId=scmNodeId,nodeAddress=/0.0.0.0:15001]
2024-03-29 09:27:54,024 [main] INFO  om.OzoneManager (OzoneManager.java:<init>(677)) - OM start with adminUsers: [*, runner]
2024-03-29 09:27:54,025 [main] WARN  server.ServerUtils (ServerUtils.java:getDBPath(299)) - ozone.om.db.dirs is not configured. We recommend adding this setting. Falling back to ozone.metadata.dirs instead.
2024-03-29 09:27:54,025 [main] INFO  helpers.OmKeyInfo (OmKeyInfo.java:getCodec(71)) - OmKeyInfo.getCodec ignorePipeline = true
2024-03-29 09:27:54,155 [main] INFO  om.OzoneManager (OzoneManager.java:instantiateServices(811)) - S3 Multi-Tenancy is disabled
2024-03-29 09:27:54,155 [main] INFO  om.OmSnapshotManager (OmSnapshotManager.java:<init>(177)) - Ozone filesystem snapshot feature is enabled.
2024-03-29 09:27:54,156 [main] WARN  server.ServerUtils (ServerUtils.java:getDBPath(299)) - ozone.om.snapshot.diff.db.dir is not configured. We recommend adding this setting. Falling back to ozone.metadata.dirs instead.
2024-03-29 09:27:54,167 [main] INFO  utils.NativeLibraryLoader (NativeLibraryLoader.java:loadLibrary(108)) - Loading Library: ozone_rocksdb_tools
2024-03-29 09:27:54,168 [main] ERROR snapshot.SnapshotDiffManager (SnapshotDiffManager.java:initNativeLibraryForEfficientDiff(287)) - Native Library for raw sst file reading loading failed.
org.apache.hadoop.hdds.utils.NativeLibraryNotLoadedException: Unable to load library ozone_rocksdb_tools from both java.library.path & resource file libozone_rocksdb_tools.so from jar.
	at org.apache.hadoop.hdds.utils.db.managed.ManagedRawSSTFileReader.loadLibrary(ManagedRawSSTFileReader.java:38)
	at org.apache.hadoop.ozone.om.snapshot.SnapshotDiffManager.initNativeLibraryForEfficientDiff(SnapshotDiffManager.java:285)
	at org.apache.hadoop.ozone.om.snapshot.SnapshotDiffManager.<init>(SnapshotDiffManager.java:259)
	at org.apache.hadoop.ozone.om.OmSnapshotManager.<init>(OmSnapshotManager.java:279)
	at org.apache.hadoop.ozone.om.OzoneManager.instantiateServices(OzoneManager.java:863)
	at org.apache.hadoop.ozone.om.OzoneManager.<init>(OzoneManager.java:687)
	at org.apache.hadoop.ozone.om.OzoneManager.createOm(OzoneManager.java:774)
	at org.apache.hadoop.ozone.MiniOzoneHAClusterImpl$Builder.createOMService(MiniOzoneHAClusterImpl.java:510)
	at org.apache.hadoop.ozone.MiniOzoneHAClusterImpl$Builder.build(MiniOzoneHAClusterImpl.java:425)
	at org.apache.hadoop.ozone.om.TestOzoneManagerHA.init(TestOzoneManagerHA.java:182)
	at sun.reflect.NativeMethodAccessorImpl.invoke0(Native Method)
	at sun.reflect.NativeMethodAccessorImpl.invoke(NativeMethodAccessorImpl.java:62)
	at sun.reflect.DelegatingMethodAccessorImpl.invoke(DelegatingMethodAccessorImpl.java:43)
	at java.lang.reflect.Method.invoke(Method.java:498)
	at org.junit.platform.commons.util.ReflectionUtils.invokeMethod(ReflectionUtils.java:728)
	at org.junit.jupiter.engine.execution.MethodInvocation.proceed(MethodInvocation.java:60)
	at org.junit.jupiter.engine.execution.InvocationInterceptorChain$ValidatingInvocation.proceed(InvocationInterceptorChain.java:131)
	at org.junit.jupiter.engine.extension.TimeoutExtension.intercept(TimeoutExtension.java:156)
	at org.junit.jupiter.engine.extension.TimeoutExtension.interceptLifecycleMethod(TimeoutExtension.java:128)
	at org.junit.jupiter.engine.extension.TimeoutExtension.interceptBeforeAllMethod(TimeoutExtension.java:70)
	at org.junit.jupiter.engine.execution.InterceptingExecutableInvoker$ReflectiveInterceptorCall.lambda$ofVoidMethod$0(InterceptingExecutableInvoker.java:103)
	at org.junit.jupiter.engine.execution.InterceptingExecutableInvoker.lambda$invoke$0(InterceptingExecutableInvoker.java:93)
	at org.junit.jupiter.engine.execution.InvocationInterceptorChain$InterceptedInvocation.proceed(InvocationInterceptorChain.java:106)
	at org.junit.jupiter.engine.execution.InvocationInterceptorChain.proceed(InvocationInterceptorChain.java:64)
	at org.junit.jupiter.engine.execution.InvocationInterceptorChain.chainAndInvoke(InvocationInterceptorChain.java:45)
	at org.junit.jupiter.engine.execution.InvocationInterceptorChain.invoke(InvocationInterceptorChain.java:37)
	at org.junit.jupiter.engine.execution.InterceptingExecutableInvoker.invoke(InterceptingExecutableInvoker.java:92)
	at org.junit.jupiter.engine.execution.InterceptingExecutableInvoker.invoke(InterceptingExecutableInvoker.java:86)
	at org.junit.jupiter.engine.descriptor.ClassBasedTestDescriptor.lambda$invokeBeforeAllMethods$13(ClassBasedTestDescriptor.java:412)
	at org.junit.platform.engine.support.hierarchical.ThrowableCollector.execute(ThrowableCollector.java:73)
	at org.junit.jupiter.engine.descriptor.ClassBasedTestDescriptor.invokeBeforeAllMethods(ClassBasedTestDescriptor.java:410)
	at org.junit.jupiter.engine.descriptor.ClassBasedTestDescriptor.before(ClassBasedTestDescriptor.java:216)
	at org.junit.jupiter.engine.descriptor.ClassBasedTestDescriptor.before(ClassBasedTestDescriptor.java:85)
	at org.junit.platform.engine.support.hierarchical.NodeTestTask.lambda$executeRecursively$6(NodeTestTask.java:148)
	at org.junit.platform.engine.support.hierarchical.ThrowableCollector.execute(ThrowableCollector.java:73)
	at org.junit.platform.engine.support.hierarchical.NodeTestTask.lambda$executeRecursively$8(NodeTestTask.java:141)
	at org.junit.platform.engine.support.hierarchical.Node.around(Node.java:137)
	at org.junit.platform.engine.support.hierarchical.NodeTestTask.lambda$executeRecursively$9(NodeTestTask.java:139)
	at org.junit.platform.engine.support.hierarchical.ThrowableCollector.execute(ThrowableCollector.java:73)
	at org.junit.platform.engine.support.hierarchical.NodeTestTask.executeRecursively(NodeTestTask.java:138)
	at org.junit.platform.engine.support.hierarchical.NodeTestTask.execute(NodeTestTask.java:95)
	at java.util.ArrayList.forEach(ArrayList.java:1259)
	at org.junit.platform.engine.support.hierarchical.SameThreadHierarchicalTestExecutorService.invokeAll(SameThreadHierarchicalTestExecutorService.java:41)
	at org.junit.platform.engine.support.hierarchical.NodeTestTask.lambda$executeRecursively$6(NodeTestTask.java:155)
	at org.junit.platform.engine.support.hierarchical.ThrowableCollector.execute(ThrowableCollector.java:73)
	at org.junit.platform.engine.support.hierarchical.NodeTestTask.lambda$executeRecursively$8(NodeTestTask.java:141)
	at org.junit.platform.engine.support.hierarchical.Node.around(Node.java:137)
	at org.junit.platform.engine.support.hierarchical.NodeTestTask.lambda$executeRecursively$9(NodeTestTask.java:139)
	at org.junit.platform.engine.support.hierarchical.ThrowableCollector.execute(ThrowableCollector.java:73)
	at org.junit.platform.engine.support.hierarchical.NodeTestTask.executeRecursively(NodeTestTask.java:138)
	at org.junit.platform.engine.support.hierarchical.NodeTestTask.execute(NodeTestTask.java:95)
	at org.junit.platform.engine.support.hierarchical.SameThreadHierarchicalTestExecutorService.submit(SameThreadHierarchicalTestExecutorService.java:35)
	at org.junit.platform.engine.support.hierarchical.HierarchicalTestExecutor.execute(HierarchicalTestExecutor.java:57)
	at org.junit.platform.engine.support.hierarchical.HierarchicalTestEngine.execute(HierarchicalTestEngine.java:54)
	at org.junit.platform.launcher.core.EngineExecutionOrchestrator.execute(EngineExecutionOrchestrator.java:198)
	at org.junit.platform.launcher.core.EngineExecutionOrchestrator.execute(EngineExecutionOrchestrator.java:169)
	at org.junit.platform.launcher.core.EngineExecutionOrchestrator.execute(EngineExecutionOrchestrator.java:93)
	at org.junit.platform.launcher.core.EngineExecutionOrchestrator.lambda$execute$0(EngineExecutionOrchestrator.java:58)
	at org.junit.platform.launcher.core.EngineExecutionOrchestrator.withInterceptedStreams(EngineExecutionOrchestrator.java:141)
	at org.junit.platform.launcher.core.EngineExecutionOrchestrator.execute(EngineExecutionOrchestrator.java:57)
	at org.junit.platform.launcher.core.DefaultLauncher.execute(DefaultLauncher.java:103)
	at org.junit.platform.launcher.core.DefaultLauncher.execute(DefaultLauncher.java:85)
	at org.junit.platform.launcher.core.DelegatingLauncher.execute(DelegatingLauncher.java:47)
	at org.junit.platform.launcher.core.SessionPerRequestLauncher.execute(SessionPerRequestLauncher.java:63)
	at org.apache.maven.surefire.junitplatform.JUnitPlatformProvider.invokeAllTests(JUnitPlatformProvider.java:154)
	at org.apache.maven.surefire.junitplatform.JUnitPlatformProvider.invoke(JUnitPlatformProvider.java:123)
	at org.apache.maven.surefire.booter.ForkedBooter.runSuitesInProcess(ForkedBooter.java:377)
	at org.apache.maven.surefire.booter.ForkedBooter.execute(ForkedBooter.java:138)
	at org.apache.maven.surefire.booter.ForkedBooter.run(ForkedBooter.java:465)
	at org.apache.maven.surefire.booter.ForkedBooter.main(ForkedBooter.java:451)
2024-03-29 09:27:54,171 [main] INFO  om.OzoneManager (OzoneManager.java:addS3GVolumeToDB(4463)) - Created Volume s3v With Owner runner required for S3Gateway operations.
2024-03-29 09:27:54,171 [main] WARN  server.ServerUtils (ServerUtils.java:getDefaultRatisDirectory(311)) - Storage directory for Ratis is not configured. It is a good idea to map this to an SSD disk. Falling back to ozone.metadata.dirs
2024-03-29 09:27:54,171 [main] WARN  utils.OzoneManagerRatisUtils (OzoneManagerRatisUtils.java:getOMRatisSnapshotDirectory(476)) - ozone.om.ratis.snapshot.dir is not configured. Falling back to ozone.metadata.dirs config
2024-03-29 09:27:54,171 [main] INFO  utils.RDBSnapshotProvider (RDBSnapshotProvider.java:init(87)) - Cleaning up the candidate dir: /home/runner/work/ozone/ozone/hadoop-ozone/integration-test/target/test-dir/MiniOzoneClusterImpl-2686784a-6a4a-436e-9d81-be1eb39caf3e/omNode-3/snapshot/om.db.candidate
2024-03-29 09:27:54,172 [main] INFO  ratis_snapshot.OmRatisSnapshotProvider (OmRatisSnapshotProvider.java:<init>(99)) - Initializing OM Snapshot Provider
2024-03-29 09:27:54,173 [main] WARN  dropwizard3.Dm3MetricRegistriesImpl (Dm3MetricRegistriesImpl.java:addReporterRegistration(113)) - New reporters are added after registries were created. Some metrics will be missing from the reporter. Please add reporter before adding any new registry.
2024-03-29 09:27:54,173 [main] WARN  dropwizard3.Dm3MetricRegistriesImpl (Dm3MetricRegistriesImpl.java:addReporterRegistration(113)) - New reporters are added after registries were created. Some metrics will be missing from the reporter. Please add reporter before adding any new registry.
2024-03-29 09:27:54,173 [main] WARN  server.ServerUtils (ServerUtils.java:getDefaultRatisDirectory(311)) - Storage directory for Ratis is not configured. It is a good idea to map this to an SSD disk. Falling back to ozone.metadata.dirs
2024-03-29 09:27:54,175 [main] INFO  ratis.OzoneManagerRatisServer (OzoneManagerRatisServer.java:<init>(167)) - Instantiating OM Ratis server with groupID: om-service-test1 and peers: localhost:15015, localhost:15007, localhost:15011
2024-03-29 09:27:54,175 [main] INFO  ratis.OzoneManagerStateMachine (OzoneManagerStateMachine.java:loadSnapshotInfoFromDB(589)) - TransactionInfo not found in OM DB.
2024-03-29 09:27:54,176 [main] INFO  server.RaftServer (ConfUtils.java:logGet(46)) - raft.rpc.type = GRPC (default)
2024-03-29 09:27:54,176 [main] INFO  grpc.GrpcConfigKeys (ConfUtils.java:logFallback(53)) - raft.grpc.admin.host = null (fallback to raft.grpc.server.host)
2024-03-29 09:27:54,176 [main] INFO  grpc.GrpcConfigKeys (ConfUtils.java:logFallback(53)) - raft.grpc.admin.port = 15015 (fallback to raft.grpc.server.port)
2024-03-29 09:27:54,177 [main] INFO  grpc.GrpcConfigKeys (ConfUtils.java:logFallback(53)) - raft.grpc.client.host = null (fallback to raft.grpc.server.host)
2024-03-29 09:27:54,177 [main] INFO  grpc.GrpcConfigKeys (ConfUtils.java:logFallback(53)) - raft.grpc.client.port = 15015 (fallback to raft.grpc.server.port)
2024-03-29 09:27:54,177 [main] INFO  grpc.GrpcConfigKeys (ConfUtils.java:logGet(46)) - raft.grpc.server.host = null (default)
2024-03-29 09:27:54,177 [main] INFO  grpc.GrpcConfigKeys (ConfUtils.java:logGet(46)) - raft.grpc.server.port = 15015 (custom)
2024-03-29 09:27:54,177 [main] INFO  server.GrpcService (ConfUtils.java:logGet(46)) - raft.grpc.message.size.max = 4194304 (custom)
2024-03-29 09:27:54,178 [main] INFO  server.RaftServerConfigKeys (ConfUtils.java:logGet(46)) - raft.server.log.appender.buffer.byte-limit = 4194304 (custom)
2024-03-29 09:27:54,178 [main] INFO  server.GrpcService (ConfUtils.java:logGet(46)) - raft.grpc.flow.control.window = 1MB (=1048576) (default)
2024-03-29 09:27:54,178 [main] INFO  server.RaftServerConfigKeys (ConfUtils.java:logGet(46)) - raft.server.rpc.request.timeout = 3000ms (default)
2024-03-29 09:27:54,178 [main] INFO  grpc.GrpcConfigKeys (ConfUtils.java:logGet(46)) - raft.grpc.server.heartbeat.channel = true (default)
2024-03-29 09:27:54,179 [main] INFO  grpc.GrpcConfigKeys (ConfUtils.java:logGet(46)) - raft.grpc.server.async.request.thread.pool.cached = true (default)
2024-03-29 09:27:54,179 [main] INFO  grpc.GrpcConfigKeys (ConfUtils.java:logGet(46)) - raft.grpc.server.async.request.thread.pool.size = 32 (default)
2024-03-29 09:27:54,180 [main] INFO  impl.DataStreamServerImpl (ConfUtils.java:logGet(46)) - raft.datastream.type = DISABLED (default)
2024-03-29 09:27:54,181 [main] INFO  server.RaftServerConfigKeys (ConfUtils.java:logGet(46)) - raft.server.sleep.deviation.threshold = 300ms (default)
2024-03-29 09:27:54,181 [main] INFO  server.RaftServerConfigKeys (ConfUtils.java:logGet(46)) - raft.server.close.threshold = 60s (default)
2024-03-29 09:27:54,181 [main] INFO  server.RaftServerConfigKeys (ConfUtils.java:logGet(46)) - raft.server.leaderelection.leader.step-down.wait-time = 10s (default)
2024-03-29 09:27:54,181 [main] INFO  server.RaftServerConfigKeys (ConfUtils.java:logGet(46)) - raft.server.storage.dir = [/home/runner/work/ozone/ozone/hadoop-ozone/integration-test/target/test-dir/MiniOzoneClusterImpl-2686784a-6a4a-436e-9d81-be1eb39caf3e/omNode-3/ratis] (custom)
2024-03-29 09:27:54,182 [main] INFO  server.RaftServerConfigKeys (ConfUtils.java:logGet(46)) - raft.server.threadpool.proxy.cached = true (default)
2024-03-29 09:27:54,182 [main] INFO  server.RaftServerConfigKeys (ConfUtils.java:logGet(46)) - raft.server.threadpool.proxy.size = 0 (default)
2024-03-29 09:27:54,184 [main] INFO  server.RaftServer (RaftServerProxy.java:addNew(100)) - omNode-3: addNew group-523986131536:[omNode-3|localhost:15015, omNode-1|localhost:15007, omNode-2|localhost:15011] returns group-523986131536:java.util.concurrent.CompletableFuture@7ce6c004[Not completed]
2024-03-29 09:27:54,184 [main] INFO  om.OzoneManager (OzoneManager.java:initializeRatisServer(2168)) - OzoneManager Ratis server initialized at port 15015
2024-03-29 09:27:54,184 [omNode-3-groupManagement] INFO  server.RaftServer$Division (RaftServerImpl.java:<init>(256)) - omNode-3: new RaftServerImpl for group-523986131536:[omNode-3|localhost:15015, omNode-1|localhost:15007, omNode-2|localhost:15011] with OzoneManagerStateMachine:uninitialized
2024-03-29 09:27:54,184 [omNode-3-groupManagement] INFO  server.RaftServerConfigKeys (ConfUtils.java:logGet(46)) - raft.server.rpc.timeout.min = 1s (custom)
2024-03-29 09:27:54,185 [omNode-3-groupManagement] INFO  server.RaftServerConfigKeys (ConfUtils.java:logGet(46)) - raft.server.rpc.timeout.max = 1200ms (custom)
2024-03-29 09:27:54,185 [omNode-3-groupManagement] INFO  server.RaftServerConfigKeys (ConfUtils.java:logGet(46)) - raft.server.rpc.sleep.time = 25ms (default)
2024-03-29 09:27:54,185 [omNode-3-groupManagement] INFO  server.RaftServerConfigKeys (ConfUtils.java:logGet(46)) - raft.server.rpc.slowness.timeout = 2s (custom)
2024-03-29 09:27:54,185 [omNode-3-groupManagement] INFO  server.RaftServerConfigKeys (ConfUtils.java:logGet(46)) - raft.server.leaderelection.leader.step-down.wait-time = 10s (default)
2024-03-29 09:27:54,185 [omNode-3-groupManagement] INFO  server.RaftServerConfigKeys (ConfUtils.java:logGet(46)) - raft.server.leaderelection.member.majority-add = false (default)
2024-03-29 09:27:54,185 [omNode-3-groupManagement] INFO  server.RaftServerConfigKeys (ConfUtils.java:logGet(46)) - raft.server.sleep.deviation.threshold = 300ms (default)
2024-03-29 09:27:54,185 [omNode-3-groupManagement] INFO  server.RaftServer$Division (ServerState.java:<init>(113)) - omNode-3@group-523986131536: ConfigurationManager, init=-1: peers:[omNode-3|localhost:15015, omNode-1|localhost:15007, omNode-2|localhost:15011]|listeners:[], old=null, confs=<EMPTY_MAP>
2024-03-29 09:27:54,185 [omNode-3-groupManagement] INFO  server.RaftServerConfigKeys (ConfUtils.java:logGet(46)) - raft.server.notification.no-leader.timeout = 2s (custom)
2024-03-29 09:27:54,185 [omNode-3-groupManagement] INFO  server.RaftServerConfigKeys (ConfUtils.java:logGet(46)) - raft.server.read.timeout = 10s (default)
2024-03-29 09:27:54,186 [omNode-3-groupManagement] INFO  server.RaftServerConfigKeys (ConfUtils.java:logGet(46)) - raft.server.retrycache.expirytime = 30000ms (custom)
2024-03-29 09:27:54,186 [omNode-3-groupManagement] INFO  server.RaftServerConfigKeys (ConfUtils.java:logGet(46)) - raft.server.retrycache.statistics.expirytime = 100ms (default)
2024-03-29 09:27:54,186 [omNode-3-groupManagement] INFO  server.RaftServerConfigKeys (ConfUtils.java:logGet(46)) - raft.server.read.option = DEFAULT (default)
2024-03-29 09:27:54,186 [omNode-3-groupManagement] INFO  server.RaftServerConfigKeys (ConfUtils.java:logGet(46)) - raft.server.read.read-after-write-consistent.write-index-cache.expiry-time = 60s (default)
2024-03-29 09:27:54,191 [omNode-3-groupManagement] INFO  server.RaftServerConfigKeys (ConfUtils.java:logGet(46)) - raft.server.rpc.request.timeout = 3000ms (default)
2024-03-29 09:27:54,191 [omNode-3-groupManagement] INFO  server.RaftServerConfigKeys (ConfUtils.java:logGet(46)) - raft.server.log.appender.install.snapshot.enabled = false (custom)
2024-03-29 09:27:54,191 [omNode-3-groupManagement] INFO  server.RaftServerConfigKeys (ConfUtils.java:logGet(46)) - raft.server.threadpool.server.cached = true (default)
2024-03-29 09:27:54,191 [omNode-3-groupManagement] INFO  server.RaftServerConfigKeys (ConfUtils.java:logGet(46)) - raft.server.threadpool.server.size = 0 (default)
2024-03-29 09:27:54,191 [omNode-3-groupManagement] INFO  server.RaftServerConfigKeys (ConfUtils.java:logGet(46)) - raft.server.threadpool.client.cached = true (default)
2024-03-29 09:27:54,191 [omNode-3-groupManagement] INFO  server.RaftServerConfigKeys (ConfUtils.java:logGet(46)) - raft.server.threadpool.client.size = 0 (default)
2024-03-29 09:27:54,184 [main] INFO  om.OzoneManager (OzoneManager.java:getRpcServer(1227)) - Creating RPC Server
2024-03-29 09:27:54,389 [main] INFO  ipc.CallQueueManager (CallQueueManager.java:<init>(90)) - Using callQueue: class java.util.concurrent.LinkedBlockingQueue, queueCapacity: 2000, scheduler: class org.apache.hadoop.ipc.DefaultRpcScheduler, ipcBackoff: false.
2024-03-29 09:27:54,389 [main] INFO  ipc.Server (Server.java:<init>(1287)) - Listener at 127.0.0.1:15012
2024-03-29 09:27:54,390 [Socket Reader #1 for port 15012] INFO  ipc.Server (Server.java:run(1323)) - Starting Socket Reader #1 for port 15012
2024-03-29 09:27:54,406 [main] INFO  impl.MetricsSystemImpl (MetricsSystemImpl.java:init(158)) - OzoneManager metrics system started (again)
2024-03-29 09:27:54,414 [main] INFO  om.OzoneManager (OzoneManager.java:start(1649)) - OzoneManager RPC server is listening at localhost/127.0.0.1:15012
2024-03-29 09:27:54,414 [main] INFO  ratis.OzoneManagerRatisServer (OzoneManagerRatisServer.java:start(588)) - Starting OzoneManagerRatisServer omNode-3 at port 15015
2024-03-29 09:27:54,414 [omNode-3-impl-thread1] INFO  server.RaftServerConfigKeys (ConfUtils.java:logGet(46)) - raft.server.storage.free-space.min = 0MB (=0) (default)
2024-03-29 09:27:54,415 [omNode-3-impl-thread1] INFO  server.RaftServerConfigKeys (ConfUtils.java:logGet(46)) - raft.server.log.corruption.policy = EXCEPTION (default)
2024-03-29 09:27:54,415 [omNode-3-impl-thread1] INFO  server.RaftServerConfigKeys (ConfUtils.java:logGet(46)) - raft.server.storage.dir = [/home/runner/work/ozone/ozone/hadoop-ozone/integration-test/target/test-dir/MiniOzoneClusterImpl-2686784a-6a4a-436e-9d81-be1eb39caf3e/omNode-3/ratis] (custom)
2024-03-29 09:27:54,415 [omNode-3-impl-thread1] INFO  storage.RaftStorageDirectory (RaftStorageDirectoryImpl.java:analyzeStorage(138)) - The storage directory /home/runner/work/ozone/ozone/hadoop-ozone/integration-test/target/test-dir/MiniOzoneClusterImpl-2686784a-6a4a-436e-9d81-be1eb39caf3e/omNode-3/ratis/c9bc4cf4-3bc3-3c60-a66b-523986131536 does not exist. Creating ...
2024-03-29 09:27:54,417 [omNode-3-impl-thread1] INFO  storage.RaftStorageDirectory (RaftStorageDirectoryImpl.java:tryLock(228)) - Lock on /home/runner/work/ozone/ozone/hadoop-ozone/integration-test/target/test-dir/MiniOzoneClusterImpl-2686784a-6a4a-436e-9d81-be1eb39caf3e/omNode-3/ratis/c9bc4cf4-3bc3-3c60-a66b-523986131536/in_use.lock acquired by nodename 134834@fv-az771-813
2024-03-29 09:27:54,418 [omNode-3-impl-thread1] INFO  storage.RaftStorage (RaftStorageImpl.java:format(99)) - Storage directory /home/runner/work/ozone/ozone/hadoop-ozone/integration-test/target/test-dir/MiniOzoneClusterImpl-2686784a-6a4a-436e-9d81-be1eb39caf3e/omNode-3/ratis/c9bc4cf4-3bc3-3c60-a66b-523986131536 has been successfully formatted.
2024-03-29 09:27:54,418 [omNode-3-impl-thread1] WARN  util.FileUtils (LogUtils.java:supplyAndLog(63)) - Failed to Files.newInputStream /home/runner/work/ozone/ozone/hadoop-ozone/integration-test/target/test-dir/MiniOzoneClusterImpl-2686784a-6a4a-436e-9d81-be1eb39caf3e/omNode-3/ratis/c9bc4cf4-3bc3-3c60-a66b-523986131536/current/raft-meta.conf with options []: java.nio.file.NoSuchFileException: /home/runner/work/ozone/ozone/hadoop-ozone/integration-test/target/test-dir/MiniOzoneClusterImpl-2686784a-6a4a-436e-9d81-be1eb39caf3e/omNode-3/ratis/c9bc4cf4-3bc3-3c60-a66b-523986131536/current/raft-meta.conf
2024-03-29 09:27:54,418 [omNode-3-impl-thread1] INFO  server.RaftServerConfigKeys (ConfUtils.java:logGet(46)) - raft.server.log.use.memory = false (default)
2024-03-29 09:27:54,418 [omNode-3-impl-thread1] INFO  server.RaftServerConfigKeys (ConfUtils.java:logGet(46)) - raft.server.log.purge.gap = 50 (custom)
2024-03-29 09:27:54,418 [omNode-3-impl-thread1] INFO  server.RaftServerConfigKeys (ConfUtils.java:logGet(46)) - raft.server.log.appender.buffer.byte-limit = 4194304 (custom)
2024-03-29 09:27:54,419 [omNode-3-impl-thread1] INFO  server.RaftServerConfigKeys (ConfUtils.java:logGet(46)) - raft.server.log.statemachine.data.read.timeout = 1000ms (default)
2024-03-29 09:27:54,419 [omNode-3-impl-thread1] INFO  server.RaftServerConfigKeys (ConfUtils.java:logGet(46)) - raft.server.log.purge.preservation.log.num = 0 (default)
2024-03-29 09:27:54,421 [omNode-3-impl-thread1] INFO  server.RaftServerConfigKeys (ConfUtils.java:logGet(46)) - raft.server.log.segment.size.max = 4194304 (custom)
2024-03-29 09:27:54,421 [omNode-3-impl-thread1] INFO  server.RaftServerConfigKeys (ConfUtils.java:logGet(46)) - raft.server.log.segment.cache.num.max = 2 (custom)
2024-03-29 09:27:54,421 [omNode-3-impl-thread1] INFO  server.RaftServerConfigKeys (ConfUtils.java:logGet(46)) - raft.server.log.segment.cache.size.max = 200MB (=209715200) (default)
2024-03-29 09:27:54,421 [omNode-3-impl-thread1] INFO  server.RaftServerConfigKeys (ConfUtils.java:logGet(46)) - raft.server.log.appender.buffer.byte-limit = 4194304 (custom)
2024-03-29 09:27:54,422 [omNode-3-impl-thread1] INFO  util.AwaitToRun (AwaitToRun.java:start(81)) - Thread[omNode-3@group-523986131536-cacheEviction-AwaitToRun,5,main] started
2024-03-29 09:27:54,422 [omNode-3-impl-thread1] INFO  segmented.SegmentedRaftLogWorker (SegmentedRaftLogWorker.java:<init>(182)) - new omNode-3@group-523986131536-SegmentedRaftLogWorker for RaftStorageImpl:Storage Directory /home/runner/work/ozone/ozone/hadoop-ozone/integration-test/target/test-dir/MiniOzoneClusterImpl-2686784a-6a4a-436e-9d81-be1eb39caf3e/omNode-3/ratis/c9bc4cf4-3bc3-3c60-a66b-523986131536
2024-03-29 09:27:54,422 [omNode-3-impl-thread1] INFO  server.RaftServerConfigKeys (ConfUtils.java:logGet(46)) - raft.server.log.queue.byte-limit = 64MB (=67108864) (default)
2024-03-29 09:27:54,422 [omNode-3-impl-thread1] INFO  server.RaftServerConfigKeys (ConfUtils.java:logGet(46)) - raft.server.log.queue.element-limit = 4096 (default)
2024-03-29 09:27:54,422 [omNode-3-impl-thread1] INFO  server.RaftServerConfigKeys (ConfUtils.java:logGet(46)) - raft.server.log.segment.size.max = 4194304 (custom)
2024-03-29 09:27:54,422 [omNode-3-impl-thread1] INFO  server.RaftServerConfigKeys (ConfUtils.java:logGet(46)) - raft.server.log.preallocated.size = 4194304 (custom)
2024-03-29 09:27:54,422 [omNode-3-impl-thread1] INFO  server.RaftServerConfigKeys (ConfUtils.java:logGet(46)) - raft.server.log.force.sync.num = 128 (default)
2024-03-29 09:27:54,422 [omNode-3-impl-thread1] INFO  server.RaftServerConfigKeys (ConfUtils.java:logGet(46)) - raft.server.log.statemachine.data.sync = true (default)
2024-03-29 09:27:54,422 [omNode-3-impl-thread1] INFO  server.RaftServerConfigKeys (ConfUtils.java:logGet(46)) - raft.server.log.statemachine.data.sync.timeout = 10s (default)
2024-03-29 09:27:54,423 [omNode-3-impl-thread1] INFO  server.RaftServerConfigKeys (ConfUtils.java:logGet(46)) - raft.server.log.statemachine.data.sync.timeout.retry = -1 (default)
2024-03-29 09:27:54,423 [omNode-3-impl-thread1] INFO  server.RaftServerConfigKeys (ConfUtils.java:logGet(46)) - raft.server.log.write.buffer.size = 4194312 (custom)
2024-03-29 09:27:54,424 [omNode-3-impl-thread1] INFO  server.RaftServerConfigKeys (ConfUtils.java:logGet(46)) - raft.server.log.appender.buffer.byte-limit = 4194304 (custom)
2024-03-29 09:27:54,424 [omNode-3-impl-thread1] INFO  server.RaftServerConfigKeys (ConfUtils.java:logGet(46)) - raft.server.log.unsafe-flush.enabled = false (default)
2024-03-29 09:27:54,424 [omNode-3-impl-thread1] INFO  server.RaftServerConfigKeys (ConfUtils.java:logGet(46)) - raft.server.log.async-flush.enabled = false (default)
2024-03-29 09:27:54,424 [omNode-3-impl-thread1] INFO  server.RaftServerConfigKeys (ConfUtils.java:logGet(46)) - raft.server.log.statemachine.data.caching.enabled = false (default)
2024-03-29 09:27:54,425 [omNode-3-impl-thread1] INFO  segmented.SegmentedRaftLogWorker (SegmentedRaftLogWorker.java:lambda$new$0(134)) - omNode-3@group-523986131536-SegmentedRaftLogWorker: flushIndex: setUnconditionally 0 -> -1
2024-03-29 09:27:54,425 [omNode-3-impl-thread1] INFO  segmented.SegmentedRaftLogWorker (SegmentedRaftLogWorker.java:lambda$new$0(134)) - omNode-3@group-523986131536-SegmentedRaftLogWorker: safeCacheEvictIndex: setUnconditionally 0 -> -1
2024-03-29 09:27:54,425 [omNode-3-impl-thread1] INFO  server.RaftServer$Division (RaftServerImpl.java:start(396)) - omNode-3@group-523986131536: start as a follower, conf=-1: peers:[omNode-3|localhost:15015, omNode-1|localhost:15007, omNode-2|localhost:15011]|listeners:[], old=null
2024-03-29 09:27:54,425 [omNode-3-impl-thread1] INFO  server.RaftServer$Division (RaftServerImpl.java:setRole(383)) - omNode-3@group-523986131536: changes role from      null to FOLLOWER at term 0 for startAsFollower
2024-03-29 09:27:54,428 [omNode-3-impl-thread1] INFO  impl.RoleInfo (RoleInfo.java:updateAndGet(139)) - omNode-3: start omNode-3@group-523986131536-FollowerState
2024-03-29 09:27:54,428 [omNode-3-impl-thread1] INFO  util.JmxRegister (JmxRegister.java:tryRegister(44)) - Successfully registered JMX Bean with object name Ratis:service=RaftServer,group=group-523986131536,id=omNode-3
2024-03-29 09:27:54,428 [omNode-3-impl-thread1] INFO  server.RaftServerConfigKeys (ConfUtils.java:logGet(46)) - raft.server.snapshot.trigger-when-stop.enabled = true (default)
2024-03-29 09:27:54,428 [omNode-3-impl-thread1] INFO  server.RaftServerConfigKeys (ConfUtils.java:logGet(46)) - raft.server.snapshot.auto.trigger.enabled = true (custom)
2024-03-29 09:27:54,428 [omNode-3-impl-thread1] INFO  server.RaftServerConfigKeys (ConfUtils.java:logGet(46)) - raft.server.snapshot.auto.trigger.threshold = 50 (custom)
2024-03-29 09:27:54,428 [omNode-3-impl-thread1] INFO  server.RaftServerConfigKeys (ConfUtils.java:logGet(46)) - raft.server.snapshot.retention.file.num = -1 (default)
2024-03-29 09:27:54,428 [omNode-3-impl-thread1] INFO  server.RaftServerConfigKeys (ConfUtils.java:logGet(46)) - raft.server.log.purge.upto.snapshot.index = true (custom)
2024-03-29 09:27:54,429 [omNode-3@group-523986131536-FollowerState] INFO  server.RaftServerConfigKeys (ConfUtils.java:logFallback(53)) - raft.server.rpc.first-election.timeout.min = 1s (fallback to raft.server.rpc.timeout.min)
2024-03-29 09:27:54,435 [omNode-3@group-523986131536-FollowerState] INFO  server.RaftServerConfigKeys (ConfUtils.java:logFallback(53)) - raft.server.rpc.first-election.timeout.max = 1200ms (fallback to raft.server.rpc.timeout.max)
2024-03-29 09:27:54,435 [main] INFO  server.RaftServer (RaftServerProxy.java:startImpl(406)) - omNode-3: start RPC server
2024-03-29 09:27:54,430 [omNode-1@group-523986131536-FollowerState] INFO  impl.FollowerState (FollowerState.java:run(143)) - omNode-1@group-523986131536-FollowerState: change to CANDIDATE, lastRpcElapsedTime:1188093739ns, electionTimeout:1185ms
2024-03-29 09:27:54,435 [omNode-1@group-523986131536-FollowerState] INFO  impl.RoleInfo (RoleInfo.java:shutdownFollowerState(110)) - omNode-1: shutdown omNode-1@group-523986131536-FollowerState
2024-03-29 09:27:54,435 [omNode-1@group-523986131536-FollowerState] INFO  server.RaftServer$Division (RaftServerImpl.java:setRole(383)) - omNode-1@group-523986131536: changes role from  FOLLOWER to CANDIDATE at term 0 for changeToCandidate
2024-03-29 09:27:54,436 [main] INFO  server.GrpcService (GrpcService.java:startImpl(302)) - omNode-3: GrpcService started, listening on 15015
2024-03-29 09:27:54,437 [JvmPauseMonitor3] INFO  util.JvmPauseMonitor (JvmPauseMonitor.java:run(146)) - JvmPauseMonitor-omNode-3: Started
2024-03-29 09:27:54,437 [main] INFO  om.OzoneManager (OzoneManager.java:start(1665)) - Version File has different layout version (6) than OM DB (null). That is expected if this OM has never been finalized to a newer layout version.
2024-03-29 09:27:54,439 [omNode-1@group-523986131536-FollowerState] INFO  server.RaftServerConfigKeys (ConfUtils.java:logGet(46)) - raft.server.leaderelection.pre-vote = true (default)
2024-03-29 09:27:54,439 [omNode-1@group-523986131536-FollowerState] INFO  impl.RoleInfo (RoleInfo.java:updateAndGet(139)) - omNode-1: start omNode-1@group-523986131536-LeaderElection1
2024-03-29 09:27:54,449 [main] INFO  client.ScmTopologyClient (ScmTopologyClient.java:start(72)) - Initial network topology fetched from SCM: /.
2024-03-29 09:27:54,450 [main] INFO  net.NodeSchemaLoader (NodeSchemaLoader.java:loadSchemaFromFile(129)) - Loading schema from [file:/home/runner/work/ozone/ozone/hadoop-hdds/common/target/classes/network-topology-default.xml]
2024-03-29 09:27:54,450 [main] INFO  net.NodeSchemaLoader (NodeSchemaLoader.java:loadSchema(176)) - Loading network topology layer schema file
2024-03-29 09:27:54,452 [omNode-1@group-523986131536-LeaderElection1] INFO  impl.LeaderElection (LeaderElection.java:askForVotes(321)) - omNode-1@group-523986131536-LeaderElection1 PRE_VOTE round 0: submit vote requests at term 0 for -1: peers:[omNode-3|localhost:15015, omNode-1|localhost:15007, omNode-2|localhost:15011]|listeners:[], old=null
2024-03-29 09:27:54,467 [main] INFO  http.BaseHttpServer (BaseHttpServer.java:newHttpServer2BuilderForOzone(223)) - Starting Web-server for ozoneManager at: http://0.0.0.0:15013
2024-03-29 09:27:54,467 [main] INFO  http.BaseHttpServer (BaseHttpServer.java:<init>(110)) - Hadoop Security Enabled: false Ozone Security Enabled: false Ozone HTTP Security Enabled: false 
2024-03-29 09:27:54,468 [main] WARN  server.AuthenticationFilter (AuthenticationFilter.java:constructSecretProvider(240)) - Unable to initialize FileSignerSecretProvider, falling back to use random secrets. Reason: Could not read signature secret file: /home/runner/hadoop-http-auth-signature-secret
2024-03-29 09:27:54,472 [main] INFO  http.HttpRequestLog (HttpRequestLog.java:getRequestLog(86)) - Http request log for http.requests.ozoneManager is not defined
2024-03-29 09:27:54,473 [main] INFO  http.HttpServer2 (HttpServer2.java:addGlobalFilter(1036)) - Added global filter 'safety' (class=org.apache.hadoop.hdds.server.http.HttpServer2$QuotingInputFilter)
2024-03-29 09:27:54,474 [main] INFO  http.HttpServer2 (HttpServer2.java:addFilter(1012)) - Added filter static_user_filter (class=org.apache.hadoop.http.lib.StaticUserWebFilter$StaticUserFilter) to context ozoneManager
2024-03-29 09:27:54,474 [main] INFO  http.HttpServer2 (HttpServer2.java:addFilter(1020)) - Added filter static_user_filter (class=org.apache.hadoop.http.lib.StaticUserWebFilter$StaticUserFilter) to context static
2024-03-29 09:27:54,474 [main] INFO  http.HttpServer2 (HttpServer2.java:addFilter(1020)) - Added filter static_user_filter (class=org.apache.hadoop.http.lib.StaticUserWebFilter$StaticUserFilter) to context logs
2024-03-29 09:27:54,475 [main] INFO  http.BaseHttpServer (BaseHttpServer.java:<init>(189)) - HTTP server of ozoneManager uses base directory /home/runner/work/ozone/ozone/hadoop-ozone/integration-test/target/test-dir/MiniOzoneClusterImpl-2686784a-6a4a-436e-9d81-be1eb39caf3e/omNode-3/webserver
2024-03-29 09:27:54,475 [main] INFO  http.HttpServer2 (HttpServer2.java:bindListener(1236)) - Jetty bound to port 15013
2024-03-29 09:27:54,476 [main] INFO  server.Server (Server.java:doStart(375)) - jetty-9.4.53.v20231009; built: 2023-10-09T12:29:09.265Z; git: 27bde00a0b95a1d5bbee0eae7984f891d2d0f8c9; jvm 1.8.0_402-b06
2024-03-29 09:27:54,480 [main] INFO  server.session (DefaultSessionIdManager.java:doStart(334)) - DefaultSessionIdManager workerName=node0
2024-03-29 09:27:54,480 [main] INFO  server.session (DefaultSessionIdManager.java:doStart(339)) - No SessionScavenger set, using defaults
2024-03-29 09:27:54,480 [main] INFO  server.session (HouseKeeper.java:startScavenging(132)) - node0 Scavenging every 660000ms
2024-03-29 09:27:54,487 [omNode-1@group-523986131536-LeaderElection1] INFO  server.RaftServerConfigKeys (ConfUtils.java:logFallback(53)) - raft.server.rpc.first-election.timeout.min = 1s (fallback to raft.server.rpc.timeout.min)
2024-03-29 09:27:54,487 [omNode-1@group-523986131536-LeaderElection1] INFO  server.RaftServerConfigKeys (ConfUtils.java:logFallback(53)) - raft.server.rpc.first-election.timeout.max = 1200ms (fallback to raft.server.rpc.timeout.max)
2024-03-29 09:27:54,487 [main] INFO  handler.ContextHandler (ContextHandler.java:doStart(921)) - Started o.e.j.s.ServletContextHandler@40ca5e32{logs,/logs,file:///home/runner/work/ozone/ozone/hadoop-ozone/integration-test/target/log,AVAILABLE}
2024-03-29 09:27:54,488 [main] INFO  handler.ContextHandler (ContextHandler.java:doStart(921)) - Started o.e.j.s.ServletContextHandler@7ed86bcf{static,/static,file:///home/runner/work/ozone/ozone/hadoop-ozone/integration-test/target/test-classes/webapps/static,AVAILABLE}
2024-03-29 09:27:54,490 [omNode-1@group-523986131536-LeaderElection1-1] INFO  server.GrpcServerProtocolClient (GrpcServerProtocolClient.java:<init>(65)) - Build channel for omNode-3|localhost:15015
2024-03-29 09:27:54,490 [omNode-1@group-523986131536-LeaderElection1-2] INFO  server.GrpcServerProtocolClient (GrpcServerProtocolClient.java:<init>(65)) - Build channel for omNode-2|localhost:15011
2024-03-29 09:27:54,493 [main] INFO  handler.ContextHandler (ContextHandler.java:doStart(921)) - Started o.e.j.w.WebAppContext@18f4947f{ozoneManager,/,file:///home/runner/work/ozone/ozone/hadoop-ozone/integration-test/target/test-classes/webapps/ozoneManager/,AVAILABLE}{file:/home/runner/work/ozone/ozone/hadoop-ozone/integration-test/target/test-classes/webapps/ozoneManager}
2024-03-29 09:27:54,494 [main] INFO  server.AbstractConnector (AbstractConnector.java:doStart(333)) - Started ServerConnector@11767557{HTTP/1.1, (http/1.1)}{0.0.0.0:15013}
2024-03-29 09:27:54,494 [main] INFO  server.Server (Server.java:doStart(415)) - Started @7518ms
2024-03-29 09:27:54,495 [main] WARN  impl.MetricsSystemImpl (MetricsSystemImpl.java:register(279)) - Sink prometheus already exists!
2024-03-29 09:27:54,495 [main] INFO  http.BaseHttpServer (BaseHttpServer.java:updateConnectorAddress(354)) - HTTP server of ozoneManager listening at http://0.0.0.0:15013
2024-03-29 09:27:54,496 [IPC Server listener on 15012] INFO  ipc.Server (Server.java:run(1402)) - IPC Server listener on 15012: starting
2024-03-29 09:27:54,496 [IPC Server Responder] INFO  ipc.Server (Server.java:run(1562)) - IPC Server Responder: starting
2024-03-29 09:27:54,509 [main] INFO  om.OzoneManager (OzoneManager.java:startTrashEmptier(2121)) - Trash Interval set to 0. Files deleted won't move to trash
2024-03-29 09:27:54,509 [main] INFO  ozone.MiniOzoneHAClusterImpl (MiniOzoneHAClusterImpl.java:createOMService(517)) - Started OzoneManager omNode-3 RPC server at localhost/127.0.0.1:15012
2024-03-29 09:27:54,667 [main] WARN  dropwizard3.Dm3MetricRegistriesImpl (Dm3MetricRegistriesImpl.java:addReporterRegistration(113)) - New reporters are added after registries were created. Some metrics will be missing from the reporter. Please add reporter before adding any new registry.
2024-03-29 09:27:54,668 [main] WARN  dropwizard3.Dm3MetricRegistriesImpl (Dm3MetricRegistriesImpl.java:addReporterRegistration(113)) - New reporters are added after registries were created. Some metrics will be missing from the reporter. Please add reporter before adding any new registry.
2024-03-29 09:27:54,668 [main] INFO  impl.MetricsSystemImpl (MetricsSystemImpl.java:init(158)) - HddsDatanode metrics system started (again)
2024-03-29 09:27:54,698 [main] INFO  ozone.HddsDatanodeService (HddsDatanodeService.java:start(240)) - HddsDatanodeService host:fv-az771-813 ip:10.1.0.26
2024-03-29 09:27:54,726 [main] INFO  upgrade.AbstractLayoutVersionManager (AbstractLayoutVersionManager.java:init(83)) - Initializing Layout version manager with metadata layout = HADOOP_PRC_PORTS_IN_DATANODEDETAILS (version = 7), software layout = HADOOP_PRC_PORTS_IN_DATANODEDETAILS (version = 7)
2024-03-29 09:27:54,729 [main] INFO  statemachine.DatanodeStateMachine (DatanodeStateMachine.java:getEndPointTaskThreadPoolSize(299)) - Datanode State Machine Task Thread Pool size 2
2024-03-29 09:27:54,796 [main] INFO  volume.HddsVolume (HddsVolume.java:<init>(125)) - Creating HddsVolume: /home/runner/work/ozone/ozone/hadoop-ozone/integration-test/target/test-dir/MiniOzoneClusterImpl-2686784a-6a4a-436e-9d81-be1eb39caf3e/ozone-meta/datanode-1/data-0/hdds of storage type : DISK capacity : 9223372036854775807
2024-03-29 09:27:54,798 [main] INFO  volume.MutableVolumeSet (MutableVolumeSet.java:initializeVolumeSet(173)) - Added Volume : /home/runner/work/ozone/ozone/hadoop-ozone/integration-test/target/test-dir/MiniOzoneClusterImpl-2686784a-6a4a-436e-9d81-be1eb39caf3e/ozone-meta/datanode-1/data-0/hdds to VolumeSet
2024-03-29 09:27:54,802 [main] INFO  volume.MutableVolumeSet (MutableVolumeSet.java:initializeVolumeSet(173)) - Added Volume : /home/runner/work/ozone/ozone/hadoop-ozone/integration-test/target/test-dir/MiniOzoneClusterImpl-2686784a-6a4a-436e-9d81-be1eb39caf3e/ozone-meta/datanode-1/ratis to VolumeSet
2024-03-29 09:27:54,806 [main] INFO  ozoneimpl.OzoneContainer (HddsVolumeUtil.java:loadAllHddsVolumeDbStore(103)) - Load 1 volumes DbStore cost: 1ms
2024-03-29 09:27:54,847 [grpc-default-executor-1] INFO  server.RaftServer$Division (RaftServerImpl.java:requestVote(1389)) - omNode-3@group-523986131536: receive requestVote(PRE_VOTE, omNode-1, group-523986131536, 0, (t:0, i:~))
2024-03-29 09:27:54,849 [grpc-default-executor-1] INFO  impl.VoteContext (VoteContext.java:log(49)) - omNode-3@group-523986131536-FOLLOWER: accept PRE_VOTE from omNode-1: our priority 0 <= candidate's priority 0
2024-03-29 09:27:54,854 [grpc-default-executor-0] INFO  server.RaftServer$Division (RaftServerImpl.java:requestVote(1389)) - omNode-2@group-523986131536: receive requestVote(PRE_VOTE, omNode-1, group-523986131536, 0, (t:0, i:~))
2024-03-29 09:27:54,854 [grpc-default-executor-0] INFO  impl.VoteContext (VoteContext.java:log(49)) - omNode-2@group-523986131536-FOLLOWER: accept PRE_VOTE from omNode-1: our priority 0 <= candidate's priority 0
2024-03-29 09:27:54,856 [grpc-default-executor-0] INFO  server.RaftServer$Division (RaftServerImpl.java:requestVote(1422)) - omNode-2@group-523986131536 replies to PRE_VOTE vote request: omNode-1<-omNode-2#0:OK-t0. Peer's state: omNode-2@group-523986131536:t0, leader=null, voted=, raftlog=Memoized:omNode-2@group-523986131536-SegmentedRaftLog:OPENED:c-1, conf=-1: peers:[omNode-3|localhost:15015, omNode-1|localhost:15007, omNode-2|localhost:15011]|listeners:[], old=null
2024-03-29 09:27:54,856 [grpc-default-executor-1] INFO  server.RaftServer$Division (RaftServerImpl.java:requestVote(1422)) - omNode-3@group-523986131536 replies to PRE_VOTE vote request: omNode-1<-omNode-3#0:OK-t0. Peer's state: omNode-3@group-523986131536:t0, leader=null, voted=, raftlog=Memoized:omNode-3@group-523986131536-SegmentedRaftLog:OPENED:c-1, conf=-1: peers:[omNode-3|localhost:15015, omNode-1|localhost:15007, omNode-2|localhost:15011]|listeners:[], old=null
2024-03-29 09:27:54,865 [main] INFO  audit.AuditLogger (AuditLogger.java:refreshDebugCmdSet(135)) - Refresh DebugCmdSet for DNAudit to [].
2024-03-29 09:27:54,866 [omNode-1@group-523986131536-LeaderElection1] INFO  impl.LeaderElection (LeaderElection.java:logAndReturn(89)) - omNode-1@group-523986131536-LeaderElection1: PRE_VOTE PASSED received 1 response(s) and 0 exception(s):
2024-03-29 09:27:54,866 [omNode-1@group-523986131536-LeaderElection1] INFO  impl.LeaderElection (LeaderElection.java:logAndReturn(93)) -   Response 0: omNode-1<-omNode-2#0:OK-t0
2024-03-29 09:27:54,866 [omNode-1@group-523986131536-LeaderElection1] INFO  impl.LeaderElection (LeaderElection.java:askForVotes(323)) - omNode-1@group-523986131536-LeaderElection1 PRE_VOTE round 0: result PASSED
2024-03-29 09:27:54,868 [omNode-1@group-523986131536-LeaderElection1] INFO  impl.LeaderElection (LeaderElection.java:askForVotes(321)) - omNode-1@group-523986131536-LeaderElection1 ELECTION round 0: submit vote requests at term 1 for -1: peers:[omNode-3|localhost:15015, omNode-1|localhost:15007, omNode-2|localhost:15011]|listeners:[], old=null
2024-03-29 09:27:54,869 [omNode-1@group-523986131536-LeaderElection1] INFO  server.RaftServerConfigKeys (ConfUtils.java:logFallback(53)) - raft.server.rpc.first-election.timeout.min = 1s (fallback to raft.server.rpc.timeout.min)
2024-03-29 09:27:54,869 [omNode-1@group-523986131536-LeaderElection1] INFO  server.RaftServerConfigKeys (ConfUtils.java:logFallback(53)) - raft.server.rpc.first-election.timeout.max = 1200ms (fallback to raft.server.rpc.timeout.max)
2024-03-29 09:27:54,872 [grpc-default-executor-1] INFO  server.RaftServer$Division (RaftServerImpl.java:requestVote(1389)) - omNode-2@group-523986131536: receive requestVote(ELECTION, omNode-1, group-523986131536, 1, (t:0, i:~))
2024-03-29 09:27:54,872 [grpc-default-executor-0] INFO  server.RaftServer$Division (RaftServerImpl.java:requestVote(1389)) - omNode-3@group-523986131536: receive requestVote(ELECTION, omNode-1, group-523986131536, 1, (t:0, i:~))
2024-03-29 09:27:54,873 [grpc-default-executor-1] INFO  impl.VoteContext (VoteContext.java:log(49)) - omNode-2@group-523986131536-FOLLOWER: accept ELECTION from omNode-1: our priority 0 <= candidate's priority 0
2024-03-29 09:27:54,874 [grpc-default-executor-0] INFO  impl.VoteContext (VoteContext.java:log(49)) - omNode-3@group-523986131536-FOLLOWER: accept ELECTION from omNode-1: our priority 0 <= candidate's priority 0
2024-03-29 09:27:54,874 [grpc-default-executor-0] INFO  server.RaftServer$Division (RaftServerImpl.java:setRole(383)) - omNode-3@group-523986131536: changes role from  FOLLOWER to FOLLOWER at term 1 for candidate:omNode-1
2024-03-29 09:27:54,874 [grpc-default-executor-0] INFO  impl.RoleInfo (RoleInfo.java:shutdownFollowerState(110)) - omNode-3: shutdown omNode-3@group-523986131536-FollowerState
2024-03-29 09:27:54,874 [grpc-default-executor-0] INFO  impl.RoleInfo (RoleInfo.java:updateAndGet(139)) - omNode-3: start omNode-3@group-523986131536-FollowerState
2024-03-29 09:27:54,874 [grpc-default-executor-1] INFO  server.RaftServer$Division (RaftServerImpl.java:setRole(383)) - omNode-2@group-523986131536: changes role from  FOLLOWER to FOLLOWER at term 1 for candidate:omNode-1
2024-03-29 09:27:54,875 [grpc-default-executor-1] INFO  impl.RoleInfo (RoleInfo.java:shutdownFollowerState(110)) - omNode-2: shutdown omNode-2@group-523986131536-FollowerState
2024-03-29 09:27:54,874 [omNode-3@group-523986131536-FollowerState] INFO  impl.FollowerState (FollowerState.java:run(152)) - omNode-3@group-523986131536-FollowerState was interrupted
2024-03-29 09:27:54,877 [omNode-2@group-523986131536-FollowerState] INFO  impl.FollowerState (FollowerState.java:run(152)) - omNode-2@group-523986131536-FollowerState was interrupted
2024-03-29 09:27:54,877 [grpc-default-executor-1] INFO  impl.RoleInfo (RoleInfo.java:updateAndGet(139)) - omNode-2: start omNode-2@group-523986131536-FollowerState
2024-03-29 09:27:54,877 [grpc-default-executor-0] INFO  server.RaftServer$Division (RaftServerImpl.java:setFirstElection(574)) - omNode-3@group-523986131536: set firstElectionSinceStartup to false for candidate:omNode-1
2024-03-29 09:27:54,883 [grpc-default-executor-1] INFO  server.RaftServer$Division (RaftServerImpl.java:setFirstElection(574)) - omNode-2@group-523986131536: set firstElectionSinceStartup to false for candidate:omNode-1
2024-03-29 09:27:54,886 [grpc-default-executor-0] INFO  server.RaftServer$Division (RaftServerImpl.java:requestVote(1422)) - omNode-3@group-523986131536 replies to ELECTION vote request: omNode-1<-omNode-3#0:OK-t1. Peer's state: omNode-3@group-523986131536:t1, leader=null, voted=omNode-1, raftlog=Memoized:omNode-3@group-523986131536-SegmentedRaftLog:OPENED:c-1, conf=-1: peers:[omNode-3|localhost:15015, omNode-1|localhost:15007, omNode-2|localhost:15011]|listeners:[], old=null
2024-03-29 09:27:54,886 [grpc-default-executor-1] INFO  server.RaftServer$Division (RaftServerImpl.java:requestVote(1422)) - omNode-2@group-523986131536 replies to ELECTION vote request: omNode-1<-omNode-2#0:OK-t1. Peer's state: omNode-2@group-523986131536:t1, leader=null, voted=omNode-1, raftlog=Memoized:omNode-2@group-523986131536-SegmentedRaftLog:OPENED:c-1, conf=-1: peers:[omNode-3|localhost:15015, omNode-1|localhost:15007, omNode-2|localhost:15011]|listeners:[], old=null
2024-03-29 09:27:54,887 [omNode-1@group-523986131536-LeaderElection1] INFO  impl.LeaderElection (LeaderElection.java:logAndReturn(89)) - omNode-1@group-523986131536-LeaderElection1: ELECTION PASSED received 1 response(s) and 0 exception(s):
2024-03-29 09:27:54,887 [omNode-1@group-523986131536-LeaderElection1] INFO  impl.LeaderElection (LeaderElection.java:logAndReturn(93)) -   Response 0: omNode-1<-omNode-3#0:OK-t1
2024-03-29 09:27:54,887 [omNode-1@group-523986131536-LeaderElection1] INFO  impl.LeaderElection (LeaderElection.java:askForVotes(323)) - omNode-1@group-523986131536-LeaderElection1 ELECTION round 0: result PASSED
2024-03-29 09:27:54,888 [omNode-1@group-523986131536-LeaderElection1] INFO  impl.RoleInfo (RoleInfo.java:shutdownLeaderElection(130)) - omNode-1: shutdown omNode-1@group-523986131536-LeaderElection1
2024-03-29 09:27:54,888 [omNode-1@group-523986131536-LeaderElection1] INFO  server.RaftServer$Division (RaftServerImpl.java:setRole(383)) - omNode-1@group-523986131536: changes role from CANDIDATE to LEADER at term 1 for changeToLeader
2024-03-29 09:27:54,894 [omNode-1@group-523986131536-LeaderElection1] INFO  server.RaftServerConfigKeys (ConfUtils.java:logGet(46)) - raft.server.staging.catchup.gap = 1000 (default)
2024-03-29 09:27:54,898 [omNode-1@group-523986131536-LeaderElection1] INFO  server.RaftServerConfigKeys (ConfUtils.java:logGet(46)) - raft.server.write.element-limit = 4096 (default)
2024-03-29 09:27:54,898 [omNode-1@group-523986131536-LeaderElection1] INFO  server.RaftServerConfigKeys (ConfUtils.java:logGet(46)) - raft.server.write.byte-limit = 64MB (=67108864) (default)
2024-03-29 09:27:54,901 [omNode-1@group-523986131536-LeaderElection1] INFO  server.RaftServerConfigKeys (ConfUtils.java:logGet(46)) - raft.server.watch.timeout = 10s (default)
2024-03-29 09:27:54,902 [omNode-1@group-523986131536-LeaderElection1] INFO  server.RaftServerConfigKeys (ConfUtils.java:logGet(46)) - raft.server.watch.timeout.denomination = 1s (default)
2024-03-29 09:27:54,902 [omNode-1@group-523986131536-LeaderElection1] INFO  server.RaftServerConfigKeys (ConfUtils.java:logGet(46)) - raft.server.watch.element-limit = 65536 (default)
2024-03-29 09:27:54,905 [main] INFO  server.RaftServer (ConfUtils.java:logGet(46)) - raft.rpc.type = GRPC (default)
2024-03-29 09:27:54,905 [main] INFO  grpc.GrpcConfigKeys (ConfUtils.java:logFallback(53)) - raft.grpc.admin.host = null (fallback to raft.grpc.server.host)
2024-03-29 09:27:54,905 [main] INFO  grpc.GrpcConfigKeys (ConfUtils.java:logGet(46)) - raft.grpc.admin.port = 15021 (custom)
2024-03-29 09:27:54,905 [main] INFO  grpc.GrpcConfigKeys (ConfUtils.java:logFallback(53)) - raft.grpc.client.host = null (fallback to raft.grpc.server.host)
2024-03-29 09:27:54,906 [main] INFO  grpc.GrpcConfigKeys (ConfUtils.java:logGet(46)) - raft.grpc.client.port = 15020 (custom)
2024-03-29 09:27:54,906 [main] INFO  grpc.GrpcConfigKeys (ConfUtils.java:logGet(46)) - raft.grpc.server.host = null (default)
2024-03-29 09:27:54,906 [main] INFO  grpc.GrpcConfigKeys (ConfUtils.java:logGet(46)) - raft.grpc.server.port = 15022 (custom)
2024-03-29 09:27:54,906 [main] INFO  server.GrpcService (ConfUtils.java:logGet(46)) - raft.grpc.message.size.max = 32MB (=33554432) (custom)
2024-03-29 09:27:54,907 [main] INFO  server.RaftServerConfigKeys (ConfUtils.java:logGet(46)) - raft.server.log.appender.buffer.byte-limit = 8388608 (custom)
2024-03-29 09:27:54,907 [main] INFO  server.GrpcService (ConfUtils.java:logGet(46)) - raft.grpc.flow.control.window = 5MB (=5242880) (custom)
2024-03-29 09:27:54,907 [main] INFO  server.RaftServerConfigKeys (ConfUtils.java:logGet(46)) - raft.server.rpc.request.timeout = 60s (custom)
2024-03-29 09:27:54,907 [main] INFO  grpc.GrpcConfigKeys (ConfUtils.java:logGet(46)) - raft.grpc.server.heartbeat.channel = true (default)
2024-03-29 09:27:54,908 [main] INFO  grpc.GrpcConfigKeys (ConfUtils.java:logGet(46)) - raft.grpc.server.async.request.thread.pool.cached = true (default)
2024-03-29 09:27:54,908 [main] INFO  grpc.GrpcConfigKeys (ConfUtils.java:logGet(46)) - raft.grpc.server.async.request.thread.pool.size = 32 (default)
2024-03-29 09:27:54,908 [omNode-1@group-523986131536-LeaderElection1] INFO  server.RaftServerConfigKeys (ConfUtils.java:logGet(46)) - raft.server.read.leader.lease.enabled = false (default)
2024-03-29 09:27:54,910 [omNode-1@group-523986131536-LeaderElection1] INFO  server.RaftServerConfigKeys (ConfUtils.java:logGet(46)) - raft.server.read.leader.lease.timeout.ratio = 0.9 (default)
2024-03-29 09:27:54,910 [omNode-1@group-523986131536-LeaderElection1] INFO  server.RaftServerConfigKeys (ConfUtils.java:logGet(46)) - raft.server.rpc.timeout.min = 1s (custom)
2024-03-29 09:27:54,910 [omNode-1@group-523986131536-LeaderElection1] INFO  server.RaftServerConfigKeys (ConfUtils.java:logGet(46)) - raft.server.write.element-limit = 4096 (default)
2024-03-29 09:27:54,911 [omNode-1@group-523986131536-LeaderElection1] INFO  server.RaftServerConfigKeys (ConfUtils.java:logGet(46)) - raft.server.write.follower.gap.ratio.max = -1.0 (default)
2024-03-29 09:27:54,912 [main] INFO  impl.DataStreamServerImpl (ConfUtils.java:logGet(46)) - raft.datastream.type = NETTY (custom)
2024-03-29 09:27:54,920 [omNode-1@group-523986131536-LeaderElection1] INFO  server.RaftServerConfigKeys (ConfUtils.java:logGet(46)) - raft.server.log.appender.snapshot.chunk.size.max = 16MB (=16777216) (default)
2024-03-29 09:27:54,920 [omNode-1@group-523986131536-LeaderElection1] INFO  server.RaftServerConfigKeys (ConfUtils.java:logGet(46)) - raft.server.log.appender.buffer.byte-limit = 4194304 (custom)
2024-03-29 09:27:54,921 [omNode-1@group-523986131536-LeaderElection1] INFO  server.RaftServerConfigKeys (ConfUtils.java:logGet(46)) - raft.server.log.appender.buffer.element-limit = 1024 (custom)
2024-03-29 09:27:54,922 [omNode-1@group-523986131536-LeaderElection1] INFO  server.RaftServerConfigKeys (ConfUtils.java:logGet(46)) - raft.server.log.appender.wait-time.min = 0ms (custom)
2024-03-29 09:27:54,924 [omNode-1@group-523986131536-LeaderElection1] INFO  grpc.GrpcConfigKeys (ConfUtils.java:logGet(46)) - raft.grpc.server.leader.outstanding.appends.max = 8 (default)
2024-03-29 09:27:54,925 [omNode-1@group-523986131536-LeaderElection1] INFO  server.RaftServerConfigKeys (ConfUtils.java:logGet(46)) - raft.server.rpc.request.timeout = 3000ms (default)
2024-03-29 09:27:54,925 [omNode-1@group-523986131536-LeaderElection1] INFO  grpc.GrpcConfigKeys (ConfUtils.java:logGet(46)) - raft.grpc.server.install_snapshot.request.element-limit = 8 (default)
2024-03-29 09:27:54,925 [omNode-1@group-523986131536-LeaderElection1] INFO  grpc.GrpcConfigKeys (ConfUtils.java:logGet(46)) - raft.grpc.server.install_snapshot.request.timeout = 3000ms (default)
2024-03-29 09:27:54,925 [omNode-1@group-523986131536-LeaderElection1] INFO  grpc.GrpcConfigKeys (ConfUtils.java:logGet(46)) - raft.grpc.server.log-message.batch.duration = 5s (default)
2024-03-29 09:27:54,926 [main] INFO  server.RaftServerConfigKeys (ConfUtils.java:logGet(46)) - raft.server.data-stream.async.request.thread.pool.cached = false (default)
2024-03-29 09:27:54,926 [omNode-1@group-523986131536-LeaderElection1] INFO  server.RaftServerConfigKeys (ConfUtils.java:logGet(46)) - raft.server.log.appender.install.snapshot.enabled = false (custom)
2024-03-29 09:27:54,926 [omNode-1@group-523986131536-LeaderElection1] INFO  grpc.GrpcConfigKeys (ConfUtils.java:logGet(46)) - raft.grpc.server.heartbeat.channel = true (default)
2024-03-29 09:27:54,926 [main] INFO  server.RaftServerConfigKeys (ConfUtils.java:logGet(46)) - raft.server.data-stream.async.request.thread.pool.size = 20 (custom)
2024-03-29 09:27:54,927 [main] INFO  server.RaftServerConfigKeys (ConfUtils.java:logGet(46)) - raft.server.data-stream.async.write.thread.pool.size = 16 (default)
2024-03-29 09:27:54,928 [main] INFO  netty.NettyConfigKeys$DataStream (ConfUtils.java:logGet(46)) - raft.netty.dataStream.server.channel.inactive.grace-period = 10min (default)
2024-03-29 09:27:54,929 [main] INFO  server.RaftServerConfigKeys (ConfUtils.java:logGet(46)) - raft.server.data-stream.client.pool.size = 10 (default)
2024-03-29 09:27:54,930 [omNode-1@group-523986131536-LeaderElection1] INFO  server.RaftServerConfigKeys (ConfUtils.java:logGet(46)) - raft.server.log.appender.snapshot.chunk.size.max = 16MB (=16777216) (default)
2024-03-29 09:27:54,930 [main] INFO  netty.NettyConfigKeys$DataStream (ConfUtils.java:logGet(46)) - raft.netty.dataStream.server.use-epoll = true (default)
2024-03-29 09:27:54,930 [omNode-1@group-523986131536-LeaderElection1] INFO  server.RaftServerConfigKeys (ConfUtils.java:logGet(46)) - raft.server.log.appender.buffer.byte-limit = 4194304 (custom)
2024-03-29 09:27:54,931 [omNode-1@group-523986131536-LeaderElection1] INFO  server.RaftServerConfigKeys (ConfUtils.java:logGet(46)) - raft.server.log.appender.buffer.element-limit = 1024 (custom)
2024-03-29 09:27:54,931 [main] INFO  netty.NettyConfigKeys$DataStream (ConfUtils.java:logGet(46)) - raft.netty.dataStream.server.boss-group.size = 0 (default)
2024-03-29 09:27:54,931 [omNode-1@group-523986131536-LeaderElection1] INFO  server.RaftServerConfigKeys (ConfUtils.java:logGet(46)) - raft.server.log.appender.wait-time.min = 0ms (custom)
2024-03-29 09:27:54,931 [omNode-1@group-523986131536-LeaderElection1] INFO  grpc.GrpcConfigKeys (ConfUtils.java:logGet(46)) - raft.grpc.server.leader.outstanding.appends.max = 8 (default)
2024-03-29 09:27:54,931 [omNode-1@group-523986131536-LeaderElection1] INFO  server.RaftServerConfigKeys (ConfUtils.java:logGet(46)) - raft.server.rpc.request.timeout = 3000ms (default)
2024-03-29 09:27:54,931 [omNode-1@group-523986131536-LeaderElection1] INFO  grpc.GrpcConfigKeys (ConfUtils.java:logGet(46)) - raft.grpc.server.install_snapshot.request.element-limit = 8 (default)
2024-03-29 09:27:54,931 [omNode-1@group-523986131536-LeaderElection1] INFO  grpc.GrpcConfigKeys (ConfUtils.java:logGet(46)) - raft.grpc.server.install_snapshot.request.timeout = 3000ms (default)
2024-03-29 09:27:54,931 [omNode-1@group-523986131536-LeaderElection1] INFO  grpc.GrpcConfigKeys (ConfUtils.java:logGet(46)) - raft.grpc.server.log-message.batch.duration = 5s (default)
2024-03-29 09:27:54,931 [omNode-1@group-523986131536-LeaderElection1] INFO  server.RaftServerConfigKeys (ConfUtils.java:logGet(46)) - raft.server.log.appender.install.snapshot.enabled = false (custom)
2024-03-29 09:27:54,931 [omNode-1@group-523986131536-LeaderElection1] INFO  grpc.GrpcConfigKeys (ConfUtils.java:logGet(46)) - raft.grpc.server.heartbeat.channel = true (default)
2024-03-29 09:27:54,931 [main] INFO  netty.NettyUtils (NettyUtils.java:newEventLoopGroup(69)) - Create EpollEventLoopGroup for ac45a72a-98f1-49f1-9186-9900cebd9eb6-NettyServerStreamRpc-bossGroup; Thread size is 0.
2024-03-29 09:27:54,932 [main] INFO  netty.NettyConfigKeys$DataStream (ConfUtils.java:logGet(46)) - raft.netty.dataStream.server.worker-group.size = 0 (default)
2024-03-29 09:27:54,932 [main] INFO  netty.NettyUtils (NettyUtils.java:newEventLoopGroup(69)) - Create EpollEventLoopGroup for ac45a72a-98f1-49f1-9186-9900cebd9eb6-NettyServerStreamRpc-workerGroup; Thread size is 0.
2024-03-29 09:27:54,933 [omNode-1@group-523986131536-LeaderElection1] INFO  impl.RoleInfo (RoleInfo.java:updateAndGet(139)) - omNode-1: start omNode-1@group-523986131536-LeaderStateImpl
2024-03-29 09:27:54,933 [omNode-1@group-523986131536-LeaderElection1] INFO  server.RaftServer$Division (RaftServerImpl.java:setFirstElection(574)) - omNode-1@group-523986131536: set firstElectionSinceStartup to false for becomeLeader
2024-03-29 09:27:54,933 [main] INFO  netty.NettyConfigKeys$DataStream (ConfUtils.java:logGet(46)) - raft.netty.dataStream.server.tls.conf = null (default)
2024-03-29 09:27:54,934 [omNode-1@group-523986131536-LeaderElection1] INFO  server.RaftServer$Division (ServerState.java:setLeader(269)) - omNode-1@group-523986131536: change Leader from null to omNode-1 at term 1 for becomeLeader, leader elected after 2299ms
2024-03-29 09:27:54,935 [main] INFO  netty.NettyConfigKeys$DataStream (ConfUtils.java:logGet(46)) - raft.netty.dataStream.host = null (default)
2024-03-29 09:27:54,935 [main] INFO  netty.NettyConfigKeys$DataStream (ConfUtils.java:logGet(46)) - raft.netty.dataStream.port = 15023 (custom)
2024-03-29 09:27:54,939 [main] INFO  server.RaftServerConfigKeys (ConfUtils.java:logGet(46)) - raft.server.sleep.deviation.threshold = 300ms (default)
2024-03-29 09:27:54,939 [main] INFO  server.RaftServerConfigKeys (ConfUtils.java:logGet(46)) - raft.server.close.threshold = 60s (default)
2024-03-29 09:27:54,940 [main] INFO  server.RaftServerConfigKeys (ConfUtils.java:logGet(46)) - raft.server.leaderelection.leader.step-down.wait-time = 10s (default)
2024-03-29 09:27:54,940 [main] INFO  server.RaftServerConfigKeys (ConfUtils.java:logGet(46)) - raft.server.storage.dir = [/home/runner/work/ozone/ozone/hadoop-ozone/integration-test/target/test-dir/MiniOzoneClusterImpl-2686784a-6a4a-436e-9d81-be1eb39caf3e/ozone-meta/datanode-1/ratis] (custom)
2024-03-29 09:27:54,940 [main] INFO  server.RaftServerConfigKeys (ConfUtils.java:logGet(46)) - raft.server.threadpool.proxy.cached = true (default)
2024-03-29 09:27:54,940 [main] INFO  server.RaftServerConfigKeys (ConfUtils.java:logGet(46)) - raft.server.threadpool.proxy.size = 0 (default)
2024-03-29 09:27:54,942 [ac45a72a-98f1-49f1-9186-9900cebd9eb6-impl-thread1] INFO  server.RaftServer (RaftServerProxy.java:initGroupDir(264)) - ac45a72a-98f1-49f1-9186-9900cebd9eb6: found a subdirectory /home/runner/work/ozone/ozone/hadoop-ozone/integration-test/target/test-dir/MiniOzoneClusterImpl-2686784a-6a4a-436e-9d81-be1eb39caf3e/ozone-meta/datanode-1/ratis/tmp
2024-03-29 09:27:54,948 [ac45a72a-98f1-49f1-9186-9900cebd9eb6-impl-thread1] INFO  server.RaftServer (RaftServerProxy.java:initGroupDir(269)) - ac45a72a-98f1-49f1-9186-9900cebd9eb6: The directory /home/runner/work/ozone/ozone/hadoop-ozone/integration-test/target/test-dir/MiniOzoneClusterImpl-2686784a-6a4a-436e-9d81-be1eb39caf3e/ozone-meta/datanode-1/ratis/tmp is not a group directory; ignoring it. 
2024-03-29 09:27:54,950 [main] INFO  replication.ReplicationServer (ReplicationServer.java:<init>(86)) - Initializing replication server with thread count = 10 queue length = 4096
2024-03-29 09:27:54,954 [ac45a72a-98f1-49f1-9186-9900cebd9eb6-NettyServerStreamRpc-bossGroup--thread1] INFO  logging.LoggingHandler (AbstractInternalLogger.java:log(148)) - [id: 0x95b13fc3] REGISTERED
2024-03-29 09:27:54,954 [ac45a72a-98f1-49f1-9186-9900cebd9eb6-NettyServerStreamRpc-bossGroup--thread1] INFO  logging.LoggingHandler (AbstractInternalLogger.java:log(148)) - [id: 0x95b13fc3] BIND: 0.0.0.0/0.0.0.0:15023
2024-03-29 09:27:54,954 [ac45a72a-98f1-49f1-9186-9900cebd9eb6-NettyServerStreamRpc-bossGroup--thread1] INFO  logging.LoggingHandler (AbstractInternalLogger.java:log(148)) - [id: 0x95b13fc3, L:/0.0.0.0:15023] ACTIVE
2024-03-29 09:27:54,957 [omNode-1@group-523986131536-LeaderElection1] INFO  segmented.SegmentedRaftLogWorker (SegmentedRaftLogWorker.java:startLogSegment(430)) - omNode-1@group-523986131536-SegmentedRaftLogWorker: Starting segment from index:0
2024-03-29 09:27:54,968 [omNode-1@group-523986131536-LeaderElection1] INFO  server.RaftServer$Division (ServerState.java:setRaftConf(386)) - omNode-1@group-523986131536: set configuration 0: peers:[omNode-3|localhost:15015, omNode-1|localhost:15007, omNode-2|localhost:15011]|listeners:[], old=null
2024-03-29 09:27:54,974 [main] INFO  server.XceiverServerGrpc (XceiverServerGrpc.java:<init>(141)) - GrpcServer channel type EpollServerSocketChannel
2024-03-29 09:27:54,975 [omNode-1@group-523986131536-SegmentedRaftLogWorker] INFO  segmented.BufferedWriteChannel (BufferedWriteChannel.java:open(62)) - open log_inprogress_0 at position 0
2024-03-29 09:27:54,996 [omNode-1@group-523986131536-SegmentedRaftLogWorker] INFO  segmented.SegmentedRaftLogWorker (SegmentedRaftLogWorker.java:execute(634)) - omNode-1@group-523986131536-SegmentedRaftLogWorker: created new log segment /home/runner/work/ozone/ozone/hadoop-ozone/integration-test/target/test-dir/MiniOzoneClusterImpl-2686784a-6a4a-436e-9d81-be1eb39caf3e/omNode-1/ratis/c9bc4cf4-3bc3-3c60-a66b-523986131536/current/log_inprogress_0
2024-03-29 09:27:55,028 [omNode-3-server-thread1] INFO  server.RaftServer$Division (ServerState.java:setLeader(269)) - omNode-3@group-523986131536: change Leader from null to omNode-1 at term 1 for appendEntries, leader elected after 836ms
2024-03-29 09:27:55,040 [omNode-2-server-thread1] INFO  server.RaftServer$Division (ServerState.java:setLeader(269)) - omNode-2@group-523986131536: change Leader from null to omNode-1 at term 1 for appendEntries, leader elected after 1397ms
2024-03-29 09:27:55,042 [omNode-3-server-thread3] INFO  server.RaftServer$Division (ServerState.java:setRaftConf(386)) - omNode-3@group-523986131536: set configuration 0: peers:[omNode-3|localhost:15015, omNode-1|localhost:15007, omNode-2|localhost:15011]|listeners:[], old=null
2024-03-29 09:27:55,043 [omNode-3-server-thread3] INFO  segmented.SegmentedRaftLogWorker (SegmentedRaftLogWorker.java:startLogSegment(430)) - omNode-3@group-523986131536-SegmentedRaftLogWorker: Starting segment from index:0
2024-03-29 09:27:55,044 [omNode-3@group-523986131536-SegmentedRaftLogWorker] INFO  segmented.BufferedWriteChannel (BufferedWriteChannel.java:open(62)) - open log_inprogress_0 at position 0
2024-03-29 09:27:55,056 [omNode-2-server-thread2] INFO  server.RaftServer$Division (ServerState.java:setRaftConf(386)) - omNode-2@group-523986131536: set configuration 0: peers:[omNode-3|localhost:15015, omNode-1|localhost:15007, omNode-2|localhost:15011]|listeners:[], old=null
2024-03-29 09:27:55,056 [omNode-2-server-thread2] INFO  segmented.SegmentedRaftLogWorker (SegmentedRaftLogWorker.java:startLogSegment(430)) - omNode-2@group-523986131536-SegmentedRaftLogWorker: Starting segment from index:0
2024-03-29 09:27:55,060 [omNode-2@group-523986131536-SegmentedRaftLogWorker] INFO  segmented.BufferedWriteChannel (BufferedWriteChannel.java:open(62)) - open log_inprogress_0 at position 0
2024-03-29 09:27:55,063 [omNode-3@group-523986131536-SegmentedRaftLogWorker] INFO  segmented.SegmentedRaftLogWorker (SegmentedRaftLogWorker.java:execute(634)) - omNode-3@group-523986131536-SegmentedRaftLogWorker: created new log segment /home/runner/work/ozone/ozone/hadoop-ozone/integration-test/target/test-dir/MiniOzoneClusterImpl-2686784a-6a4a-436e-9d81-be1eb39caf3e/omNode-3/ratis/c9bc4cf4-3bc3-3c60-a66b-523986131536/current/log_inprogress_0
2024-03-29 09:27:55,069 [omNode-2@group-523986131536-SegmentedRaftLogWorker] INFO  segmented.SegmentedRaftLogWorker (SegmentedRaftLogWorker.java:execute(634)) - omNode-2@group-523986131536-SegmentedRaftLogWorker: created new log segment /home/runner/work/ozone/ozone/hadoop-ozone/integration-test/target/test-dir/MiniOzoneClusterImpl-2686784a-6a4a-436e-9d81-be1eb39caf3e/omNode-2/ratis/c9bc4cf4-3bc3-3c60-a66b-523986131536/current/log_inprogress_0
2024-03-29 09:27:55,112 [main] INFO  replication.ReplicationSupervisor (ReplicationSupervisor.java:build(157)) - Initializing replication supervisor with thread count = 10
2024-03-29 09:27:55,113 [main] INFO  replication.ReplicationSupervisor (ReplicationSupervisor.java:nodeStateUpdated(312)) - Node state updated to IN_SERVICE, scaling executor pool size to 10
2024-03-29 09:27:55,150 [omNode-1@group-523986131536-StateMachineUpdater] INFO  ratis.OzoneManagerStateMachine (OzoneManagerStateMachine.java:notifyConfigurationChanged(212)) - Received Configuration change notification from Ratis. New Peer list:
[id: "omNode-3"
address: "localhost:15015"
startupRole: FOLLOWER
, id: "omNode-1"
address: "localhost:15007"
startupRole: FOLLOWER
, id: "omNode-2"
address: "localhost:15011"
startupRole: FOLLOWER
]
2024-03-29 09:27:55,151 [omNode-1@group-523986131536-StateMachineUpdater] INFO  server.RaftServer$Division (LeaderStateImpl.java:isApplied(320)) - leader is ready since appliedIndex == 0 >= startIndex == 0
2024-03-29 09:27:55,154 [main] INFO  http.BaseHttpServer (BaseHttpServer.java:newHttpServer2BuilderForOzone(223)) - Starting Web-server for hddsDatanode at: http://0.0.0.0:15017
2024-03-29 09:27:55,154 [main] INFO  http.BaseHttpServer (BaseHttpServer.java:<init>(110)) - Hadoop Security Enabled: false Ozone Security Enabled: false Ozone HTTP Security Enabled: false 
2024-03-29 09:27:55,156 [main] WARN  server.AuthenticationFilter (AuthenticationFilter.java:constructSecretProvider(240)) - Unable to initialize FileSignerSecretProvider, falling back to use random secrets. Reason: Could not read signature secret file: /home/runner/hadoop-http-auth-signature-secret
2024-03-29 09:27:55,157 [main] INFO  http.HttpRequestLog (HttpRequestLog.java:getRequestLog(86)) - Http request log for http.requests.hddsDatanode is not defined
2024-03-29 09:27:55,158 [main] INFO  http.HttpServer2 (HttpServer2.java:addGlobalFilter(1036)) - Added global filter 'safety' (class=org.apache.hadoop.hdds.server.http.HttpServer2$QuotingInputFilter)
2024-03-29 09:27:55,159 [main] INFO  http.HttpServer2 (HttpServer2.java:addFilter(1012)) - Added filter static_user_filter (class=org.apache.hadoop.http.lib.StaticUserWebFilter$StaticUserFilter) to context hddsDatanode
2024-03-29 09:27:55,159 [main] INFO  http.HttpServer2 (HttpServer2.java:addFilter(1020)) - Added filter static_user_filter (class=org.apache.hadoop.http.lib.StaticUserWebFilter$StaticUserFilter) to context static
2024-03-29 09:27:55,159 [main] INFO  http.HttpServer2 (HttpServer2.java:addFilter(1020)) - Added filter static_user_filter (class=org.apache.hadoop.http.lib.StaticUserWebFilter$StaticUserFilter) to context logs
2024-03-29 09:27:55,160 [main] INFO  http.BaseHttpServer (BaseHttpServer.java:<init>(189)) - HTTP server of hddsDatanode uses base directory /home/runner/work/ozone/ozone/hadoop-ozone/integration-test/target/test-dir/MiniOzoneClusterImpl-2686784a-6a4a-436e-9d81-be1eb39caf3e/ozone-meta/datanode-1/meta/webserver
2024-03-29 09:27:55,160 [main] INFO  http.HttpServer2 (HttpServer2.java:bindListener(1236)) - Jetty bound to port 15017
2024-03-29 09:27:55,160 [main] INFO  server.Server (Server.java:doStart(375)) - jetty-9.4.53.v20231009; built: 2023-10-09T12:29:09.265Z; git: 27bde00a0b95a1d5bbee0eae7984f891d2d0f8c9; jvm 1.8.0_402-b06
2024-03-29 09:27:55,161 [main] INFO  server.session (DefaultSessionIdManager.java:doStart(334)) - DefaultSessionIdManager workerName=node0
2024-03-29 09:27:55,162 [main] INFO  server.session (DefaultSessionIdManager.java:doStart(339)) - No SessionScavenger set, using defaults
2024-03-29 09:27:55,162 [main] INFO  server.session (HouseKeeper.java:startScavenging(132)) - node0 Scavenging every 660000ms
2024-03-29 09:27:55,162 [main] INFO  handler.ContextHandler (ContextHandler.java:doStart(921)) - Started o.e.j.s.ServletContextHandler@4b52e709{logs,/logs,file:///home/runner/work/ozone/ozone/hadoop-ozone/integration-test/target/log,AVAILABLE}
2024-03-29 09:27:55,163 [main] INFO  handler.ContextHandler (ContextHandler.java:doStart(921)) - Started o.e.j.s.ServletContextHandler@77600663{static,/static,file:///home/runner/work/ozone/ozone/hadoop-hdds/container-service/target/classes/webapps/static,AVAILABLE}
2024-03-29 09:27:55,166 [main] INFO  handler.ContextHandler (ContextHandler.java:doStart(921)) - Started o.e.j.w.WebAppContext@738132d6{hddsDatanode,/,file:///home/runner/work/ozone/ozone/hadoop-hdds/container-service/target/classes/webapps/hddsDatanode/,AVAILABLE}{file:/home/runner/work/ozone/ozone/hadoop-hdds/container-service/target/classes/webapps/hddsDatanode}
2024-03-29 09:27:55,168 [main] INFO  server.AbstractConnector (AbstractConnector.java:doStart(333)) - Started ServerConnector@34afdb84{HTTP/1.1, (http/1.1)}{0.0.0.0:15017}
2024-03-29 09:27:55,168 [main] INFO  server.Server (Server.java:doStart(415)) - Started @8192ms
2024-03-29 09:27:55,168 [main] WARN  impl.MetricsSystemImpl (MetricsSystemImpl.java:register(279)) - Sink prometheus already exists!
2024-03-29 09:27:55,169 [main] INFO  http.BaseHttpServer (BaseHttpServer.java:updateConnectorAddress(354)) - HTTP server of hddsDatanode listening at http://0.0.0.0:15017
2024-03-29 09:27:55,171 [main] INFO  ipc.CallQueueManager (CallQueueManager.java:<init>(90)) - Using callQueue: class java.util.concurrent.LinkedBlockingQueue, queueCapacity: 100, scheduler: class org.apache.hadoop.ipc.DefaultRpcScheduler, ipcBackoff: false.
2024-03-29 09:27:55,171 [main] INFO  ipc.Server (Server.java:<init>(1287)) - Listener at 0.0.0.0:15018
2024-03-29 09:27:55,171 [Socket Reader #1 for port 15018] INFO  ipc.Server (Server.java:run(1323)) - Starting Socket Reader #1 for port 15018
2024-03-29 09:27:55,173 [main] INFO  ozone.HddsDatanodeService (HddsDatanodeService.java:start(327)) - Datanode start with admins: [*, runner]
2024-03-29 09:27:55,173 [main] INFO  ozone.HddsDatanodeClientProtocolServer (HddsDatanodeClientProtocolServer.java:start(77)) - RPC server for Client /0.0.0.0:15018
2024-03-29 09:27:55,174 [IPC Server Responder] INFO  ipc.Server (Server.java:run(1562)) - IPC Server Responder: starting
2024-03-29 09:27:55,174 [IPC Server listener on 15018] INFO  ipc.Server (Server.java:run(1402)) - IPC Server listener on 15018: starting
2024-03-29 09:27:55,176 [ac45a72a-98f1-49f1-9186-9900cebd9eb6-DatanodeStateMachineDaemonThread] INFO  statemachine.DatanodeStateMachine (DatanodeStateMachine.java:lambda$startDaemon$1(555)) - Ozone container server started.
2024-03-29 09:27:55,178 [main] WARN  dropwizard3.Dm3MetricRegistriesImpl (Dm3MetricRegistriesImpl.java:addReporterRegistration(113)) - New reporters are added after registries were created. Some metrics will be missing from the reporter. Please add reporter before adding any new registry.
2024-03-29 09:27:55,178 [main] WARN  dropwizard3.Dm3MetricRegistriesImpl (Dm3MetricRegistriesImpl.java:addReporterRegistration(113)) - New reporters are added after registries were created. Some metrics will be missing from the reporter. Please add reporter before adding any new registry.
2024-03-29 09:27:55,179 [main] INFO  impl.MetricsSystemImpl (MetricsSystemImpl.java:init(158)) - HddsDatanode metrics system started (again)
2024-03-29 09:27:55,188 [main] INFO  ozone.HddsDatanodeService (HddsDatanodeService.java:start(240)) - HddsDatanodeService host:fv-az771-813 ip:10.1.0.26
2024-03-29 09:27:55,202 [main] INFO  upgrade.AbstractLayoutVersionManager (AbstractLayoutVersionManager.java:init(83)) - Initializing Layout version manager with metadata layout = HADOOP_PRC_PORTS_IN_DATANODEDETAILS (version = 7), software layout = HADOOP_PRC_PORTS_IN_DATANODEDETAILS (version = 7)
2024-03-29 09:27:55,212 [main] INFO  statemachine.DatanodeStateMachine (DatanodeStateMachine.java:getEndPointTaskThreadPoolSize(299)) - Datanode State Machine Task Thread Pool size 2
2024-03-29 09:27:55,217 [main] INFO  volume.HddsVolume (HddsVolume.java:<init>(125)) - Creating HddsVolume: /home/runner/work/ozone/ozone/hadoop-ozone/integration-test/target/test-dir/MiniOzoneClusterImpl-2686784a-6a4a-436e-9d81-be1eb39caf3e/ozone-meta/datanode-2/data-0/hdds of storage type : DISK capacity : 9223372036854775807
2024-03-29 09:27:55,217 [main] INFO  volume.MutableVolumeSet (MutableVolumeSet.java:initializeVolumeSet(173)) - Added Volume : /home/runner/work/ozone/ozone/hadoop-ozone/integration-test/target/test-dir/MiniOzoneClusterImpl-2686784a-6a4a-436e-9d81-be1eb39caf3e/ozone-meta/datanode-2/data-0/hdds to VolumeSet
2024-03-29 09:27:55,219 [main] INFO  volume.MutableVolumeSet (MutableVolumeSet.java:initializeVolumeSet(173)) - Added Volume : /home/runner/work/ozone/ozone/hadoop-ozone/integration-test/target/test-dir/MiniOzoneClusterImpl-2686784a-6a4a-436e-9d81-be1eb39caf3e/ozone-meta/datanode-2/ratis to VolumeSet
2024-03-29 09:27:55,219 [main] INFO  ozoneimpl.OzoneContainer (HddsVolumeUtil.java:loadAllHddsVolumeDbStore(103)) - Load 1 volumes DbStore cost: 0ms
2024-03-29 09:27:55,223 [main] INFO  server.RaftServer (ConfUtils.java:logGet(46)) - raft.rpc.type = GRPC (default)
2024-03-29 09:27:55,223 [main] INFO  grpc.GrpcConfigKeys (ConfUtils.java:logFallback(53)) - raft.grpc.admin.host = null (fallback to raft.grpc.server.host)
2024-03-29 09:27:55,223 [main] INFO  grpc.GrpcConfigKeys (ConfUtils.java:logGet(46)) - raft.grpc.admin.port = 15030 (custom)
2024-03-29 09:27:55,224 [main] INFO  grpc.GrpcConfigKeys (ConfUtils.java:logFallback(53)) - raft.grpc.client.host = null (fallback to raft.grpc.server.host)
2024-03-29 09:27:55,224 [main] INFO  grpc.GrpcConfigKeys (ConfUtils.java:logGet(46)) - raft.grpc.client.port = 15029 (custom)
2024-03-29 09:27:55,224 [main] INFO  grpc.GrpcConfigKeys (ConfUtils.java:logGet(46)) - raft.grpc.server.host = null (default)
2024-03-29 09:27:55,224 [main] INFO  grpc.GrpcConfigKeys (ConfUtils.java:logGet(46)) - raft.grpc.server.port = 15031 (custom)
2024-03-29 09:27:55,224 [main] INFO  server.GrpcService (ConfUtils.java:logGet(46)) - raft.grpc.message.size.max = 32MB (=33554432) (custom)
2024-03-29 09:27:55,225 [main] INFO  server.RaftServerConfigKeys (ConfUtils.java:logGet(46)) - raft.server.log.appender.buffer.byte-limit = 8388608 (custom)
2024-03-29 09:27:55,225 [main] INFO  server.GrpcService (ConfUtils.java:logGet(46)) - raft.grpc.flow.control.window = 5MB (=5242880) (custom)
2024-03-29 09:27:55,225 [main] INFO  server.RaftServerConfigKeys (ConfUtils.java:logGet(46)) - raft.server.rpc.request.timeout = 60s (custom)
2024-03-29 09:27:55,225 [main] INFO  grpc.GrpcConfigKeys (ConfUtils.java:logGet(46)) - raft.grpc.server.heartbeat.channel = true (default)
2024-03-29 09:27:55,226 [main] INFO  grpc.GrpcConfigKeys (ConfUtils.java:logGet(46)) - raft.grpc.server.async.request.thread.pool.cached = true (default)
2024-03-29 09:27:55,226 [main] INFO  grpc.GrpcConfigKeys (ConfUtils.java:logGet(46)) - raft.grpc.server.async.request.thread.pool.size = 32 (default)
2024-03-29 09:27:55,229 [main] INFO  impl.DataStreamServerImpl (ConfUtils.java:logGet(46)) - raft.datastream.type = NETTY (custom)
2024-03-29 09:27:55,230 [main] INFO  server.RaftServerConfigKeys (ConfUtils.java:logGet(46)) - raft.server.data-stream.async.request.thread.pool.cached = false (default)
2024-03-29 09:27:55,230 [main] INFO  server.RaftServerConfigKeys (ConfUtils.java:logGet(46)) - raft.server.data-stream.async.request.thread.pool.size = 20 (custom)
2024-03-29 09:27:55,230 [main] INFO  server.RaftServerConfigKeys (ConfUtils.java:logGet(46)) - raft.server.data-stream.async.write.thread.pool.size = 16 (default)
2024-03-29 09:27:55,230 [main] INFO  netty.NettyConfigKeys$DataStream (ConfUtils.java:logGet(46)) - raft.netty.dataStream.server.channel.inactive.grace-period = 10min (default)
2024-03-29 09:27:55,230 [main] INFO  server.RaftServerConfigKeys (ConfUtils.java:logGet(46)) - raft.server.data-stream.client.pool.size = 10 (default)
2024-03-29 09:27:55,231 [main] INFO  netty.NettyConfigKeys$DataStream (ConfUtils.java:logGet(46)) - raft.netty.dataStream.server.use-epoll = true (default)
2024-03-29 09:27:55,231 [main] INFO  netty.NettyConfigKeys$DataStream (ConfUtils.java:logGet(46)) - raft.netty.dataStream.server.boss-group.size = 0 (default)
2024-03-29 09:27:55,231 [main] INFO  netty.NettyUtils (NettyUtils.java:newEventLoopGroup(69)) - Create EpollEventLoopGroup for 9f689a4b-3525-432c-897a-89bebd88635c-NettyServerStreamRpc-bossGroup; Thread size is 0.
2024-03-29 09:27:55,232 [main] INFO  netty.NettyConfigKeys$DataStream (ConfUtils.java:logGet(46)) - raft.netty.dataStream.server.worker-group.size = 0 (default)
2024-03-29 09:27:55,232 [main] INFO  netty.NettyUtils (NettyUtils.java:newEventLoopGroup(69)) - Create EpollEventLoopGroup for 9f689a4b-3525-432c-897a-89bebd88635c-NettyServerStreamRpc-workerGroup; Thread size is 0.
2024-03-29 09:27:55,232 [main] INFO  netty.NettyConfigKeys$DataStream (ConfUtils.java:logGet(46)) - raft.netty.dataStream.server.tls.conf = null (default)
2024-03-29 09:27:55,233 [main] INFO  netty.NettyConfigKeys$DataStream (ConfUtils.java:logGet(46)) - raft.netty.dataStream.host = null (default)
2024-03-29 09:27:55,233 [main] INFO  netty.NettyConfigKeys$DataStream (ConfUtils.java:logGet(46)) - raft.netty.dataStream.port = 15032 (custom)
2024-03-29 09:27:55,235 [main] INFO  server.RaftServerConfigKeys (ConfUtils.java:logGet(46)) - raft.server.sleep.deviation.threshold = 300ms (default)
2024-03-29 09:27:55,236 [main] INFO  server.RaftServerConfigKeys (ConfUtils.java:logGet(46)) - raft.server.close.threshold = 60s (default)
2024-03-29 09:27:55,236 [main] INFO  server.RaftServerConfigKeys (ConfUtils.java:logGet(46)) - raft.server.leaderelection.leader.step-down.wait-time = 10s (default)
2024-03-29 09:27:55,236 [main] INFO  server.RaftServerConfigKeys (ConfUtils.java:logGet(46)) - raft.server.storage.dir = [/home/runner/work/ozone/ozone/hadoop-ozone/integration-test/target/test-dir/MiniOzoneClusterImpl-2686784a-6a4a-436e-9d81-be1eb39caf3e/ozone-meta/datanode-2/ratis] (custom)
2024-03-29 09:27:55,236 [main] INFO  server.RaftServerConfigKeys (ConfUtils.java:logGet(46)) - raft.server.threadpool.proxy.cached = true (default)
2024-03-29 09:27:55,236 [main] INFO  server.RaftServerConfigKeys (ConfUtils.java:logGet(46)) - raft.server.threadpool.proxy.size = 0 (default)
2024-03-29 09:27:55,240 [9f689a4b-3525-432c-897a-89bebd88635c-NettyServerStreamRpc-bossGroup--thread1] INFO  logging.LoggingHandler (AbstractInternalLogger.java:log(148)) - [id: 0x13f3a2eb] REGISTERED
2024-03-29 09:27:55,241 [9f689a4b-3525-432c-897a-89bebd88635c-impl-thread1] INFO  server.RaftServer (RaftServerProxy.java:initGroupDir(264)) - 9f689a4b-3525-432c-897a-89bebd88635c: found a subdirectory /home/runner/work/ozone/ozone/hadoop-ozone/integration-test/target/test-dir/MiniOzoneClusterImpl-2686784a-6a4a-436e-9d81-be1eb39caf3e/ozone-meta/datanode-2/ratis/tmp
2024-03-29 09:27:55,241 [9f689a4b-3525-432c-897a-89bebd88635c-impl-thread1] INFO  server.RaftServer (RaftServerProxy.java:initGroupDir(269)) - 9f689a4b-3525-432c-897a-89bebd88635c: The directory /home/runner/work/ozone/ozone/hadoop-ozone/integration-test/target/test-dir/MiniOzoneClusterImpl-2686784a-6a4a-436e-9d81-be1eb39caf3e/ozone-meta/datanode-2/ratis/tmp is not a group directory; ignoring it. 
2024-03-29 09:27:55,241 [9f689a4b-3525-432c-897a-89bebd88635c-NettyServerStreamRpc-bossGroup--thread1] INFO  logging.LoggingHandler (AbstractInternalLogger.java:log(148)) - [id: 0x13f3a2eb] BIND: 0.0.0.0/0.0.0.0:15032
2024-03-29 09:27:55,241 [9f689a4b-3525-432c-897a-89bebd88635c-NettyServerStreamRpc-bossGroup--thread1] INFO  logging.LoggingHandler (AbstractInternalLogger.java:log(148)) - [id: 0x13f3a2eb, L:/0.0.0.0:15032] ACTIVE
2024-03-29 09:27:55,242 [main] INFO  replication.ReplicationServer (ReplicationServer.java:<init>(86)) - Initializing replication server with thread count = 10 queue length = 4096
2024-03-29 09:27:55,243 [main] INFO  server.XceiverServerGrpc (XceiverServerGrpc.java:<init>(141)) - GrpcServer channel type EpollServerSocketChannel
2024-03-29 09:27:55,246 [main] INFO  replication.ReplicationSupervisor (ReplicationSupervisor.java:build(157)) - Initializing replication supervisor with thread count = 10
2024-03-29 09:27:55,246 [main] INFO  replication.ReplicationSupervisor (ReplicationSupervisor.java:nodeStateUpdated(312)) - Node state updated to IN_SERVICE, scaling executor pool size to 10
2024-03-29 09:27:55,253 [main] INFO  http.BaseHttpServer (BaseHttpServer.java:newHttpServer2BuilderForOzone(223)) - Starting Web-server for hddsDatanode at: http://0.0.0.0:15026
2024-03-29 09:27:55,253 [main] INFO  http.BaseHttpServer (BaseHttpServer.java:<init>(110)) - Hadoop Security Enabled: false Ozone Security Enabled: false Ozone HTTP Security Enabled: false 
2024-03-29 09:27:55,255 [main] WARN  server.AuthenticationFilter (AuthenticationFilter.java:constructSecretProvider(240)) - Unable to initialize FileSignerSecretProvider, falling back to use random secrets. Reason: Could not read signature secret file: /home/runner/hadoop-http-auth-signature-secret
2024-03-29 09:27:55,258 [main] INFO  http.HttpRequestLog (HttpRequestLog.java:getRequestLog(86)) - Http request log for http.requests.hddsDatanode is not defined
2024-03-29 09:27:55,261 [main] INFO  http.HttpServer2 (HttpServer2.java:addGlobalFilter(1036)) - Added global filter 'safety' (class=org.apache.hadoop.hdds.server.http.HttpServer2$QuotingInputFilter)
2024-03-29 09:27:55,262 [main] INFO  http.HttpServer2 (HttpServer2.java:addFilter(1012)) - Added filter static_user_filter (class=org.apache.hadoop.http.lib.StaticUserWebFilter$StaticUserFilter) to context hddsDatanode
2024-03-29 09:27:55,262 [main] INFO  http.HttpServer2 (HttpServer2.java:addFilter(1020)) - Added filter static_user_filter (class=org.apache.hadoop.http.lib.StaticUserWebFilter$StaticUserFilter) to context logs
2024-03-29 09:27:55,262 [main] INFO  http.HttpServer2 (HttpServer2.java:addFilter(1020)) - Added filter static_user_filter (class=org.apache.hadoop.http.lib.StaticUserWebFilter$StaticUserFilter) to context static
2024-03-29 09:27:55,263 [main] INFO  http.BaseHttpServer (BaseHttpServer.java:<init>(189)) - HTTP server of hddsDatanode uses base directory /home/runner/work/ozone/ozone/hadoop-ozone/integration-test/target/test-dir/MiniOzoneClusterImpl-2686784a-6a4a-436e-9d81-be1eb39caf3e/ozone-meta/datanode-2/meta/webserver
2024-03-29 09:27:55,263 [main] INFO  http.HttpServer2 (HttpServer2.java:bindListener(1236)) - Jetty bound to port 15026
2024-03-29 09:27:55,263 [main] INFO  server.Server (Server.java:doStart(375)) - jetty-9.4.53.v20231009; built: 2023-10-09T12:29:09.265Z; git: 27bde00a0b95a1d5bbee0eae7984f891d2d0f8c9; jvm 1.8.0_402-b06
2024-03-29 09:27:55,275 [main] INFO  server.session (DefaultSessionIdManager.java:doStart(334)) - DefaultSessionIdManager workerName=node0
2024-03-29 09:27:55,276 [main] INFO  server.session (DefaultSessionIdManager.java:doStart(339)) - No SessionScavenger set, using defaults
2024-03-29 09:27:55,276 [main] INFO  server.session (HouseKeeper.java:startScavenging(132)) - node0 Scavenging every 660000ms
2024-03-29 09:27:55,277 [main] INFO  handler.ContextHandler (ContextHandler.java:doStart(921)) - Started o.e.j.s.ServletContextHandler@468347e3{logs,/logs,file:///home/runner/work/ozone/ozone/hadoop-ozone/integration-test/target/log,AVAILABLE}
2024-03-29 09:27:55,277 [main] INFO  handler.ContextHandler (ContextHandler.java:doStart(921)) - Started o.e.j.s.ServletContextHandler@756b424a{static,/static,file:///home/runner/work/ozone/ozone/hadoop-hdds/container-service/target/classes/webapps/static,AVAILABLE}
2024-03-29 09:27:55,282 [main] INFO  handler.ContextHandler (ContextHandler.java:doStart(921)) - Started o.e.j.w.WebAppContext@c32d8f1{hddsDatanode,/,file:///home/runner/work/ozone/ozone/hadoop-hdds/container-service/target/classes/webapps/hddsDatanode/,AVAILABLE}{file:/home/runner/work/ozone/ozone/hadoop-hdds/container-service/target/classes/webapps/hddsDatanode}
2024-03-29 09:27:55,285 [main] INFO  server.AbstractConnector (AbstractConnector.java:doStart(333)) - Started ServerConnector@2119e4d2{HTTP/1.1, (http/1.1)}{0.0.0.0:15026}
2024-03-29 09:27:55,285 [main] INFO  server.Server (Server.java:doStart(415)) - Started @8309ms
2024-03-29 09:27:55,286 [main] WARN  impl.MetricsSystemImpl (MetricsSystemImpl.java:register(279)) - Sink prometheus already exists!
2024-03-29 09:27:55,286 [main] INFO  http.BaseHttpServer (BaseHttpServer.java:updateConnectorAddress(354)) - HTTP server of hddsDatanode listening at http://0.0.0.0:15026
2024-03-29 09:27:55,286 [main] INFO  ipc.CallQueueManager (CallQueueManager.java:<init>(90)) - Using callQueue: class java.util.concurrent.LinkedBlockingQueue, queueCapacity: 100, scheduler: class org.apache.hadoop.ipc.DefaultRpcScheduler, ipcBackoff: false.
2024-03-29 09:27:55,287 [main] INFO  ipc.Server (Server.java:<init>(1287)) - Listener at 0.0.0.0:15027
2024-03-29 09:27:55,287 [Socket Reader #1 for port 15027] INFO  ipc.Server (Server.java:run(1323)) - Starting Socket Reader #1 for port 15027
2024-03-29 09:27:55,289 [main] INFO  ozone.HddsDatanodeService (HddsDatanodeService.java:start(327)) - Datanode start with admins: [*, runner]
2024-03-29 09:27:55,289 [main] INFO  ozone.HddsDatanodeClientProtocolServer (HddsDatanodeClientProtocolServer.java:start(77)) - RPC server for Client /0.0.0.0:15027
2024-03-29 09:27:55,291 [IPC Server listener on 15027] INFO  ipc.Server (Server.java:run(1402)) - IPC Server listener on 15027: starting
2024-03-29 09:27:55,296 [IPC Server Responder] INFO  ipc.Server (Server.java:run(1562)) - IPC Server Responder: starting
2024-03-29 09:27:55,296 [main] WARN  dropwizard3.Dm3MetricRegistriesImpl (Dm3MetricRegistriesImpl.java:addReporterRegistration(113)) - New reporters are added after registries were created. Some metrics will be missing from the reporter. Please add reporter before adding any new registry.
2024-03-29 09:27:55,297 [main] WARN  dropwizard3.Dm3MetricRegistriesImpl (Dm3MetricRegistriesImpl.java:addReporterRegistration(113)) - New reporters are added after registries were created. Some metrics will be missing from the reporter. Please add reporter before adding any new registry.
2024-03-29 09:27:55,297 [main] INFO  impl.MetricsSystemImpl (MetricsSystemImpl.java:init(158)) - HddsDatanode metrics system started (again)
2024-03-29 09:27:55,296 [9f689a4b-3525-432c-897a-89bebd88635c-DatanodeStateMachineDaemonThread] INFO  statemachine.DatanodeStateMachine (DatanodeStateMachine.java:lambda$startDaemon$1(555)) - Ozone container server started.
2024-03-29 09:27:55,320 [main] INFO  ozone.HddsDatanodeService (HddsDatanodeService.java:start(240)) - HddsDatanodeService host:fv-az771-813 ip:10.1.0.26
2024-03-29 09:27:55,325 [ac45a72a-98f1-49f1-9186-9900cebd9eb6-DatanodeStateMachineTaskThread-0] INFO  datanode.InitDatanodeState (InitDatanodeState.java:persistContainerDatanodeDetails(139)) - DatanodeDetails is persisted to /home/runner/work/ozone/ozone/hadoop-ozone/integration-test/target/test-dir/MiniOzoneClusterImpl-2686784a-6a4a-436e-9d81-be1eb39caf3e/ozone-meta/datanode-1/meta/datanode.id
2024-03-29 09:27:55,330 [9f689a4b-3525-432c-897a-89bebd88635c-DatanodeStateMachineTaskThread-0] INFO  datanode.InitDatanodeState (InitDatanodeState.java:persistContainerDatanodeDetails(139)) - DatanodeDetails is persisted to /home/runner/work/ozone/ozone/hadoop-ozone/integration-test/target/test-dir/MiniOzoneClusterImpl-2686784a-6a4a-436e-9d81-be1eb39caf3e/ozone-meta/datanode-2/meta/datanode.id
2024-03-29 09:27:55,343 [main] INFO  upgrade.AbstractLayoutVersionManager (AbstractLayoutVersionManager.java:init(83)) - Initializing Layout version manager with metadata layout = HADOOP_PRC_PORTS_IN_DATANODEDETAILS (version = 7), software layout = HADOOP_PRC_PORTS_IN_DATANODEDETAILS (version = 7)
2024-03-29 09:27:55,344 [main] INFO  statemachine.DatanodeStateMachine (DatanodeStateMachine.java:getEndPointTaskThreadPoolSize(299)) - Datanode State Machine Task Thread Pool size 2
2024-03-29 09:27:55,347 [main] INFO  volume.HddsVolume (HddsVolume.java:<init>(125)) - Creating HddsVolume: /home/runner/work/ozone/ozone/hadoop-ozone/integration-test/target/test-dir/MiniOzoneClusterImpl-2686784a-6a4a-436e-9d81-be1eb39caf3e/ozone-meta/datanode-3/data-0/hdds of storage type : DISK capacity : 9223372036854775807
2024-03-29 09:27:55,347 [main] INFO  volume.MutableVolumeSet (MutableVolumeSet.java:initializeVolumeSet(173)) - Added Volume : /home/runner/work/ozone/ozone/hadoop-ozone/integration-test/target/test-dir/MiniOzoneClusterImpl-2686784a-6a4a-436e-9d81-be1eb39caf3e/ozone-meta/datanode-3/data-0/hdds to VolumeSet
2024-03-29 09:27:55,348 [main] INFO  volume.MutableVolumeSet (MutableVolumeSet.java:initializeVolumeSet(173)) - Added Volume : /home/runner/work/ozone/ozone/hadoop-ozone/integration-test/target/test-dir/MiniOzoneClusterImpl-2686784a-6a4a-436e-9d81-be1eb39caf3e/ozone-meta/datanode-3/ratis to VolumeSet
2024-03-29 09:27:55,349 [main] INFO  ozoneimpl.OzoneContainer (HddsVolumeUtil.java:loadAllHddsVolumeDbStore(103)) - Load 1 volumes DbStore cost: 0ms
2024-03-29 09:27:55,352 [main] INFO  server.RaftServer (ConfUtils.java:logGet(46)) - raft.rpc.type = GRPC (default)
2024-03-29 09:27:55,352 [main] INFO  grpc.GrpcConfigKeys (ConfUtils.java:logFallback(53)) - raft.grpc.admin.host = null (fallback to raft.grpc.server.host)
2024-03-29 09:27:55,353 [main] INFO  grpc.GrpcConfigKeys (ConfUtils.java:logGet(46)) - raft.grpc.admin.port = 15039 (custom)
2024-03-29 09:27:55,353 [main] INFO  grpc.GrpcConfigKeys (ConfUtils.java:logFallback(53)) - raft.grpc.client.host = null (fallback to raft.grpc.server.host)
2024-03-29 09:27:55,353 [main] INFO  grpc.GrpcConfigKeys (ConfUtils.java:logGet(46)) - raft.grpc.client.port = 15038 (custom)
2024-03-29 09:27:55,354 [main] INFO  grpc.GrpcConfigKeys (ConfUtils.java:logGet(46)) - raft.grpc.server.host = null (default)
2024-03-29 09:27:55,355 [main] INFO  grpc.GrpcConfigKeys (ConfUtils.java:logGet(46)) - raft.grpc.server.port = 15040 (custom)
2024-03-29 09:27:55,355 [main] INFO  server.GrpcService (ConfUtils.java:logGet(46)) - raft.grpc.message.size.max = 32MB (=33554432) (custom)
2024-03-29 09:27:55,355 [main] INFO  server.RaftServerConfigKeys (ConfUtils.java:logGet(46)) - raft.server.log.appender.buffer.byte-limit = 8388608 (custom)
2024-03-29 09:27:55,355 [main] INFO  server.GrpcService (ConfUtils.java:logGet(46)) - raft.grpc.flow.control.window = 5MB (=5242880) (custom)
2024-03-29 09:27:55,356 [main] INFO  server.RaftServerConfigKeys (ConfUtils.java:logGet(46)) - raft.server.rpc.request.timeout = 60s (custom)
2024-03-29 09:27:55,356 [main] INFO  grpc.GrpcConfigKeys (ConfUtils.java:logGet(46)) - raft.grpc.server.heartbeat.channel = true (default)
2024-03-29 09:27:55,356 [main] INFO  grpc.GrpcConfigKeys (ConfUtils.java:logGet(46)) - raft.grpc.server.async.request.thread.pool.cached = true (default)
2024-03-29 09:27:55,356 [main] INFO  grpc.GrpcConfigKeys (ConfUtils.java:logGet(46)) - raft.grpc.server.async.request.thread.pool.size = 32 (default)
2024-03-29 09:27:55,358 [main] INFO  impl.DataStreamServerImpl (ConfUtils.java:logGet(46)) - raft.datastream.type = NETTY (custom)
2024-03-29 09:27:55,359 [main] INFO  server.RaftServerConfigKeys (ConfUtils.java:logGet(46)) - raft.server.data-stream.async.request.thread.pool.cached = false (default)
2024-03-29 09:27:55,359 [main] INFO  server.RaftServerConfigKeys (ConfUtils.java:logGet(46)) - raft.server.data-stream.async.request.thread.pool.size = 20 (custom)
2024-03-29 09:27:55,359 [main] INFO  server.RaftServerConfigKeys (ConfUtils.java:logGet(46)) - raft.server.data-stream.async.write.thread.pool.size = 16 (default)
2024-03-29 09:27:55,359 [main] INFO  netty.NettyConfigKeys$DataStream (ConfUtils.java:logGet(46)) - raft.netty.dataStream.server.channel.inactive.grace-period = 10min (default)
2024-03-29 09:27:55,360 [main] INFO  server.RaftServerConfigKeys (ConfUtils.java:logGet(46)) - raft.server.data-stream.client.pool.size = 10 (default)
2024-03-29 09:27:55,360 [main] INFO  netty.NettyConfigKeys$DataStream (ConfUtils.java:logGet(46)) - raft.netty.dataStream.server.use-epoll = true (default)
2024-03-29 09:27:55,360 [main] INFO  netty.NettyConfigKeys$DataStream (ConfUtils.java:logGet(46)) - raft.netty.dataStream.server.boss-group.size = 0 (default)
2024-03-29 09:27:55,360 [main] INFO  netty.NettyUtils (NettyUtils.java:newEventLoopGroup(69)) - Create EpollEventLoopGroup for 21cc794e-90c3-4d38-9905-a833a32dcd6c-NettyServerStreamRpc-bossGroup; Thread size is 0.
2024-03-29 09:27:55,361 [main] INFO  netty.NettyConfigKeys$DataStream (ConfUtils.java:logGet(46)) - raft.netty.dataStream.server.worker-group.size = 0 (default)
2024-03-29 09:27:55,361 [main] INFO  netty.NettyUtils (NettyUtils.java:newEventLoopGroup(69)) - Create EpollEventLoopGroup for 21cc794e-90c3-4d38-9905-a833a32dcd6c-NettyServerStreamRpc-workerGroup; Thread size is 0.
2024-03-29 09:27:55,361 [main] INFO  netty.NettyConfigKeys$DataStream (ConfUtils.java:logGet(46)) - raft.netty.dataStream.server.tls.conf = null (default)
2024-03-29 09:27:55,362 [main] INFO  netty.NettyConfigKeys$DataStream (ConfUtils.java:logGet(46)) - raft.netty.dataStream.host = null (default)
2024-03-29 09:27:55,362 [main] INFO  netty.NettyConfigKeys$DataStream (ConfUtils.java:logGet(46)) - raft.netty.dataStream.port = 15041 (custom)
2024-03-29 09:27:55,362 [main] INFO  server.RaftServerConfigKeys (ConfUtils.java:logGet(46)) - raft.server.sleep.deviation.threshold = 300ms (default)
2024-03-29 09:27:55,363 [main] INFO  server.RaftServerConfigKeys (ConfUtils.java:logGet(46)) - raft.server.close.threshold = 60s (default)
2024-03-29 09:27:55,363 [main] INFO  server.RaftServerConfigKeys (ConfUtils.java:logGet(46)) - raft.server.leaderelection.leader.step-down.wait-time = 10s (default)
2024-03-29 09:27:55,363 [main] INFO  server.RaftServerConfigKeys (ConfUtils.java:logGet(46)) - raft.server.storage.dir = [/home/runner/work/ozone/ozone/hadoop-ozone/integration-test/target/test-dir/MiniOzoneClusterImpl-2686784a-6a4a-436e-9d81-be1eb39caf3e/ozone-meta/datanode-3/ratis] (custom)
2024-03-29 09:27:55,363 [main] INFO  server.RaftServerConfigKeys (ConfUtils.java:logGet(46)) - raft.server.threadpool.proxy.cached = true (default)
2024-03-29 09:27:55,363 [main] INFO  server.RaftServerConfigKeys (ConfUtils.java:logGet(46)) - raft.server.threadpool.proxy.size = 0 (default)
2024-03-29 09:27:55,365 [21cc794e-90c3-4d38-9905-a833a32dcd6c-NettyServerStreamRpc-bossGroup--thread1] INFO  logging.LoggingHandler (AbstractInternalLogger.java:log(148)) - [id: 0xeb42c6cd] REGISTERED
2024-03-29 09:27:55,365 [21cc794e-90c3-4d38-9905-a833a32dcd6c-NettyServerStreamRpc-bossGroup--thread1] INFO  logging.LoggingHandler (AbstractInternalLogger.java:log(148)) - [id: 0xeb42c6cd] BIND: 0.0.0.0/0.0.0.0:15041
2024-03-29 09:27:55,365 [21cc794e-90c3-4d38-9905-a833a32dcd6c-NettyServerStreamRpc-bossGroup--thread1] INFO  logging.LoggingHandler (AbstractInternalLogger.java:log(148)) - [id: 0xeb42c6cd, L:/0.0.0.0:15041] ACTIVE
2024-03-29 09:27:55,366 [21cc794e-90c3-4d38-9905-a833a32dcd6c-impl-thread1] INFO  server.RaftServer (RaftServerProxy.java:initGroupDir(264)) - 21cc794e-90c3-4d38-9905-a833a32dcd6c: found a subdirectory /home/runner/work/ozone/ozone/hadoop-ozone/integration-test/target/test-dir/MiniOzoneClusterImpl-2686784a-6a4a-436e-9d81-be1eb39caf3e/ozone-meta/datanode-3/ratis/tmp
2024-03-29 09:27:55,366 [21cc794e-90c3-4d38-9905-a833a32dcd6c-impl-thread1] INFO  server.RaftServer (RaftServerProxy.java:initGroupDir(269)) - 21cc794e-90c3-4d38-9905-a833a32dcd6c: The directory /home/runner/work/ozone/ozone/hadoop-ozone/integration-test/target/test-dir/MiniOzoneClusterImpl-2686784a-6a4a-436e-9d81-be1eb39caf3e/ozone-meta/datanode-3/ratis/tmp is not a group directory; ignoring it. 
2024-03-29 09:27:55,366 [main] INFO  replication.ReplicationServer (ReplicationServer.java:<init>(86)) - Initializing replication server with thread count = 10 queue length = 4096
2024-03-29 09:27:55,368 [main] INFO  server.XceiverServerGrpc (XceiverServerGrpc.java:<init>(141)) - GrpcServer channel type EpollServerSocketChannel
2024-03-29 09:27:55,370 [main] INFO  replication.ReplicationSupervisor (ReplicationSupervisor.java:build(157)) - Initializing replication supervisor with thread count = 10
2024-03-29 09:27:55,370 [main] INFO  replication.ReplicationSupervisor (ReplicationSupervisor.java:nodeStateUpdated(312)) - Node state updated to IN_SERVICE, scaling executor pool size to 10
2024-03-29 09:27:55,376 [main] INFO  http.BaseHttpServer (BaseHttpServer.java:newHttpServer2BuilderForOzone(223)) - Starting Web-server for hddsDatanode at: http://0.0.0.0:15035
2024-03-29 09:27:55,376 [main] INFO  http.BaseHttpServer (BaseHttpServer.java:<init>(110)) - Hadoop Security Enabled: false Ozone Security Enabled: false Ozone HTTP Security Enabled: false 
2024-03-29 09:27:55,377 [main] WARN  server.AuthenticationFilter (AuthenticationFilter.java:constructSecretProvider(240)) - Unable to initialize FileSignerSecretProvider, falling back to use random secrets. Reason: Could not read signature secret file: /home/runner/hadoop-http-auth-signature-secret
2024-03-29 09:27:55,378 [main] INFO  http.HttpRequestLog (HttpRequestLog.java:getRequestLog(86)) - Http request log for http.requests.hddsDatanode is not defined
2024-03-29 09:27:55,380 [main] INFO  http.HttpServer2 (HttpServer2.java:addGlobalFilter(1036)) - Added global filter 'safety' (class=org.apache.hadoop.hdds.server.http.HttpServer2$QuotingInputFilter)
2024-03-29 09:27:55,381 [main] INFO  http.HttpServer2 (HttpServer2.java:addFilter(1012)) - Added filter static_user_filter (class=org.apache.hadoop.http.lib.StaticUserWebFilter$StaticUserFilter) to context hddsDatanode
2024-03-29 09:27:55,381 [main] INFO  http.HttpServer2 (HttpServer2.java:addFilter(1020)) - Added filter static_user_filter (class=org.apache.hadoop.http.lib.StaticUserWebFilter$StaticUserFilter) to context static
2024-03-29 09:27:55,381 [main] INFO  http.HttpServer2 (HttpServer2.java:addFilter(1020)) - Added filter static_user_filter (class=org.apache.hadoop.http.lib.StaticUserWebFilter$StaticUserFilter) to context logs
2024-03-29 09:27:55,381 [main] INFO  http.BaseHttpServer (BaseHttpServer.java:<init>(189)) - HTTP server of hddsDatanode uses base directory /home/runner/work/ozone/ozone/hadoop-ozone/integration-test/target/test-dir/MiniOzoneClusterImpl-2686784a-6a4a-436e-9d81-be1eb39caf3e/ozone-meta/datanode-3/meta/webserver
2024-03-29 09:27:55,382 [main] INFO  http.HttpServer2 (HttpServer2.java:bindListener(1236)) - Jetty bound to port 15035
2024-03-29 09:27:55,382 [main] INFO  server.Server (Server.java:doStart(375)) - jetty-9.4.53.v20231009; built: 2023-10-09T12:29:09.265Z; git: 27bde00a0b95a1d5bbee0eae7984f891d2d0f8c9; jvm 1.8.0_402-b06
2024-03-29 09:27:55,385 [main] INFO  server.session (DefaultSessionIdManager.java:doStart(334)) - DefaultSessionIdManager workerName=node0
2024-03-29 09:27:55,385 [main] INFO  server.session (DefaultSessionIdManager.java:doStart(339)) - No SessionScavenger set, using defaults
2024-03-29 09:27:55,385 [main] INFO  server.session (HouseKeeper.java:startScavenging(132)) - node0 Scavenging every 600000ms
2024-03-29 09:27:55,388 [main] INFO  handler.ContextHandler (ContextHandler.java:doStart(921)) - Started o.e.j.s.ServletContextHandler@10a4570a{logs,/logs,file:///home/runner/work/ozone/ozone/hadoop-ozone/integration-test/target/log,AVAILABLE}
2024-03-29 09:27:55,388 [main] INFO  handler.ContextHandler (ContextHandler.java:doStart(921)) - Started o.e.j.s.ServletContextHandler@7f121bd5{static,/static,file:///home/runner/work/ozone/ozone/hadoop-hdds/container-service/target/classes/webapps/static,AVAILABLE}
2024-03-29 09:27:55,391 [main] INFO  handler.ContextHandler (ContextHandler.java:doStart(921)) - Started o.e.j.w.WebAppContext@10de4140{hddsDatanode,/,file:///home/runner/work/ozone/ozone/hadoop-hdds/container-service/target/classes/webapps/hddsDatanode/,AVAILABLE}{file:/home/runner/work/ozone/ozone/hadoop-hdds/container-service/target/classes/webapps/hddsDatanode}
2024-03-29 09:27:55,395 [main] INFO  server.AbstractConnector (AbstractConnector.java:doStart(333)) - Started ServerConnector@5f7b2b38{HTTP/1.1, (http/1.1)}{0.0.0.0:15035}
2024-03-29 09:27:55,395 [main] INFO  server.Server (Server.java:doStart(415)) - Started @8419ms
2024-03-29 09:27:55,395 [main] WARN  impl.MetricsSystemImpl (MetricsSystemImpl.java:register(279)) - Sink prometheus already exists!
2024-03-29 09:27:55,396 [main] INFO  http.BaseHttpServer (BaseHttpServer.java:updateConnectorAddress(354)) - HTTP server of hddsDatanode listening at http://0.0.0.0:15035
2024-03-29 09:27:55,396 [main] INFO  ipc.CallQueueManager (CallQueueManager.java:<init>(90)) - Using callQueue: class java.util.concurrent.LinkedBlockingQueue, queueCapacity: 100, scheduler: class org.apache.hadoop.ipc.DefaultRpcScheduler, ipcBackoff: false.
2024-03-29 09:27:55,397 [main] INFO  ipc.Server (Server.java:<init>(1287)) - Listener at 0.0.0.0:15036
2024-03-29 09:27:55,397 [Socket Reader #1 for port 15036] INFO  ipc.Server (Server.java:run(1323)) - Starting Socket Reader #1 for port 15036
2024-03-29 09:27:55,399 [main] INFO  ozone.HddsDatanodeService (HddsDatanodeService.java:start(327)) - Datanode start with admins: [*, runner]
2024-03-29 09:27:55,399 [main] INFO  ozone.HddsDatanodeClientProtocolServer (HddsDatanodeClientProtocolServer.java:start(77)) - RPC server for Client /0.0.0.0:15036
2024-03-29 09:27:55,399 [IPC Server listener on 15036] INFO  ipc.Server (Server.java:run(1402)) - IPC Server listener on 15036: starting
2024-03-29 09:27:55,399 [IPC Server Responder] INFO  ipc.Server (Server.java:run(1562)) - IPC Server Responder: starting
2024-03-29 09:27:55,405 [main] INFO  ozone.MiniOzoneClusterImpl (MiniOzoneClusterImpl.java:lambda$waitForClusterToBeReady$0(194)) - Waiting for nodes to be ready. Got 0 of 3 DN Heartbeats.
2024-03-29 09:27:55,406 [main] INFO  ozone.MiniOzoneClusterImpl (MiniOzoneClusterImpl.java:lambda$waitForClusterToBeReady$0(197)) - Waiting for cluster to exit safe mode
2024-03-29 09:27:55,406 [main] INFO  ozone.MiniOzoneClusterImpl (MiniOzoneClusterImpl.java:lambda$waitForClusterToBeReady$0(199)) - SCM became leader
2024-03-29 09:27:55,406 [21cc794e-90c3-4d38-9905-a833a32dcd6c-DatanodeStateMachineDaemonThread] INFO  statemachine.DatanodeStateMachine (DatanodeStateMachine.java:lambda$startDaemon$1(555)) - Ozone container server started.
2024-03-29 09:27:55,413 [21cc794e-90c3-4d38-9905-a833a32dcd6c-DatanodeStateMachineTaskThread-0] INFO  datanode.InitDatanodeState (InitDatanodeState.java:persistContainerDatanodeDetails(139)) - DatanodeDetails is persisted to /home/runner/work/ozone/ozone/hadoop-ozone/integration-test/target/test-dir/MiniOzoneClusterImpl-2686784a-6a4a-436e-9d81-be1eb39caf3e/ozone-meta/datanode-3/meta/datanode.id
2024-03-29 09:27:55,573 [omNode-3@group-523986131536-StateMachineUpdater] INFO  ratis.OzoneManagerStateMachine (OzoneManagerStateMachine.java:notifyConfigurationChanged(212)) - Received Configuration change notification from Ratis. New Peer list:
[id: "omNode-3"
address: "localhost:15015"
startupRole: FOLLOWER
, id: "omNode-1"
address: "localhost:15007"
startupRole: FOLLOWER
, id: "omNode-2"
address: "localhost:15011"
startupRole: FOLLOWER
]
2024-03-29 09:27:55,578 [omNode-2@group-523986131536-StateMachineUpdater] INFO  ratis.OzoneManagerStateMachine (OzoneManagerStateMachine.java:notifyConfigurationChanged(212)) - Received Configuration change notification from Ratis. New Peer list:
[id: "omNode-3"
address: "localhost:15015"
startupRole: FOLLOWER
, id: "omNode-1"
address: "localhost:15007"
startupRole: FOLLOWER
, id: "omNode-2"
address: "localhost:15011"
startupRole: FOLLOWER
]
2024-03-29 09:27:56,406 [main] INFO  ozone.MiniOzoneClusterImpl (MiniOzoneClusterImpl.java:lambda$waitForClusterToBeReady$0(194)) - Waiting for nodes to be ready. Got 0 of 3 DN Heartbeats.
2024-03-29 09:27:56,406 [main] INFO  ozone.MiniOzoneClusterImpl (MiniOzoneClusterImpl.java:lambda$waitForClusterToBeReady$0(197)) - Waiting for cluster to exit safe mode
2024-03-29 09:27:56,406 [main] INFO  ozone.MiniOzoneClusterImpl (MiniOzoneClusterImpl.java:lambda$waitForClusterToBeReady$0(199)) - SCM became leader
2024-03-29 09:27:57,250 [ac45a72a-98f1-49f1-9186-9900cebd9eb6-EndpointStateMachineTaskThread-/0.0.0.0:15002-0 ] INFO  utils.DatanodeStoreCache (DatanodeStoreCache.java:addDB(72)) - Added db /home/runner/work/ozone/ozone/hadoop-ozone/integration-test/target/test-dir/MiniOzoneClusterImpl-2686784a-6a4a-436e-9d81-be1eb39caf3e/ozone-meta/datanode-1/data-0/hdds/2686784a-6a4a-436e-9d81-be1eb39caf3e/DS-b6258083-8542-4b6e-aca6-88d439860956/container.db to cache
2024-03-29 09:27:57,251 [ac45a72a-98f1-49f1-9186-9900cebd9eb6-EndpointStateMachineTaskThread-/0.0.0.0:15002-0 ] INFO  volume.HddsVolume (HddsVolume.java:createDbStore(420)) - SchemaV3 db is created and loaded at /home/runner/work/ozone/ozone/hadoop-ozone/integration-test/target/test-dir/MiniOzoneClusterImpl-2686784a-6a4a-436e-9d81-be1eb39caf3e/ozone-meta/datanode-1/data-0/hdds/2686784a-6a4a-436e-9d81-be1eb39caf3e/DS-b6258083-8542-4b6e-aca6-88d439860956/container.db for volume DS-b6258083-8542-4b6e-aca6-88d439860956
2024-03-29 09:27:57,260 [ac45a72a-98f1-49f1-9186-9900cebd9eb6-ContainerReader-0] INFO  ozoneimpl.ContainerReader (ContainerReader.java:readVolume(148)) - Start to verify containers on volume /home/runner/work/ozone/ozone/hadoop-ozone/integration-test/target/test-dir/MiniOzoneClusterImpl-2686784a-6a4a-436e-9d81-be1eb39caf3e/ozone-meta/datanode-1/data-0/hdds
2024-03-29 09:27:57,261 [ac45a72a-98f1-49f1-9186-9900cebd9eb6-ContainerReader-0] INFO  ozoneimpl.ContainerReader (ContainerReader.java:readVolume(178)) - Finish verifying containers on volume /home/runner/work/ozone/ozone/hadoop-ozone/integration-test/target/test-dir/MiniOzoneClusterImpl-2686784a-6a4a-436e-9d81-be1eb39caf3e/ozone-meta/datanode-1/data-0/hdds
2024-03-29 09:27:57,261 [ac45a72a-98f1-49f1-9186-9900cebd9eb6-EndpointStateMachineTaskThread-/0.0.0.0:15002-0 ] INFO  ozoneimpl.OzoneContainer (OzoneContainer.java:buildContainerSet(328)) - Build ContainerSet costs 0s
2024-03-29 09:27:57,262 [ac45a72a-98f1-49f1-9186-9900cebd9eb6-EndpointStateMachineTaskThread-/0.0.0.0:15002-0 ] INFO  volume.ThrottledAsyncChecker (ThrottledAsyncChecker.java:schedule(141)) - Scheduling a check for /home/runner/work/ozone/ozone/hadoop-ozone/integration-test/target/test-dir/MiniOzoneClusterImpl-2686784a-6a4a-436e-9d81-be1eb39caf3e/ozone-meta/datanode-1/data-0/hdds
2024-03-29 09:27:57,273 [ac45a72a-98f1-49f1-9186-9900cebd9eb6-EndpointStateMachineTaskThread-/0.0.0.0:15002-0 ] INFO  volume.StorageVolumeChecker (StorageVolumeChecker.java:checkAllVolumes(218)) - Scheduled health check for volume /home/runner/work/ozone/ozone/hadoop-ozone/integration-test/target/test-dir/MiniOzoneClusterImpl-2686784a-6a4a-436e-9d81-be1eb39caf3e/ozone-meta/datanode-1/data-0/hdds
2024-03-29 09:27:57,280 [ac45a72a-98f1-49f1-9186-9900cebd9eb6-EndpointStateMachineTaskThread-/0.0.0.0:15002-0 ] INFO  volume.ThrottledAsyncChecker (ThrottledAsyncChecker.java:schedule(141)) - Scheduling a check for /home/runner/work/ozone/ozone/hadoop-ozone/integration-test/target/test-dir/MiniOzoneClusterImpl-2686784a-6a4a-436e-9d81-be1eb39caf3e/ozone-meta/datanode-1/ratis
2024-03-29 09:27:57,280 [ac45a72a-98f1-49f1-9186-9900cebd9eb6-EndpointStateMachineTaskThread-/0.0.0.0:15002-0 ] INFO  volume.StorageVolumeChecker (StorageVolumeChecker.java:checkAllVolumes(218)) - Scheduled health check for volume /home/runner/work/ozone/ozone/hadoop-ozone/integration-test/target/test-dir/MiniOzoneClusterImpl-2686784a-6a4a-436e-9d81-be1eb39caf3e/ozone-meta/datanode-1/ratis
2024-03-29 09:27:57,282 [ac45a72a-98f1-49f1-9186-9900cebd9eb6-EndpointStateMachineTaskThread-/0.0.0.0:15002-0 ] INFO  ozoneimpl.OzoneContainer (OzoneContainer.java:start(459)) - Attempting to start container services.
2024-03-29 09:27:57,287 [ContainerMetadataScanner] INFO  ozoneimpl.AbstractBackgroundContainerScanner (AbstractBackgroundContainerScanner.java:runIteration(87)) - Completed an iteration in 0 minutes. Number of iterations (since the data-node restart) : 1, Number of containers scanned in this iteration : 0, Number of unhealthy containers found in this iteration : 0
2024-03-29 09:27:57,290 [ac45a72a-98f1-49f1-9186-9900cebd9eb6-EndpointStateMachineTaskThread-/0.0.0.0:15002-0 ] INFO  replication.ReplicationServer (ReplicationServer.java:start(142)) - ReplicationServer is started using port 15024
2024-03-29 09:27:57,290 [ac45a72a-98f1-49f1-9186-9900cebd9eb6-EndpointStateMachineTaskThread-/0.0.0.0:15002-0 ] INFO  ratis.XceiverServerRatis (XceiverServerRatis.java:start(566)) - Starting XceiverServerRatis ac45a72a-98f1-49f1-9186-9900cebd9eb6
2024-03-29 09:27:57,304 [ac45a72a-98f1-49f1-9186-9900cebd9eb6-EndpointStateMachineTaskThread-/0.0.0.0:15002-0 ] INFO  server.RaftServer (RaftServerProxy.java:startImpl(406)) - ac45a72a-98f1-49f1-9186-9900cebd9eb6: start RPC server
2024-03-29 09:27:57,291 [ContainerDataScanner(/home/runner/work/ozone/ozone/hadoop-ozone/integration-test/target/test-dir/MiniOzoneClusterImpl-2686784a-6a4a-436e-9d81-be1eb39caf3e/ozone-meta/datanode-1/data-0/hdds)] INFO  ozoneimpl.AbstractBackgroundContainerScanner (AbstractBackgroundContainerScanner.java:runIteration(87)) - Completed an iteration in 0 minutes. Number of iterations (since the data-node restart) : 1, Number of containers scanned in this iteration : 0, Number of unhealthy containers found in this iteration : 0
2024-03-29 09:27:57,306 [ac45a72a-98f1-49f1-9186-9900cebd9eb6-EndpointStateMachineTaskThread-/0.0.0.0:15002-0 ] INFO  server.GrpcService (GrpcService.java:startImpl(302)) - ac45a72a-98f1-49f1-9186-9900cebd9eb6: GrpcService started, listening on 15020
2024-03-29 09:27:57,308 [ac45a72a-98f1-49f1-9186-9900cebd9eb6-EndpointStateMachineTaskThread-/0.0.0.0:15002-0 ] INFO  server.GrpcService (GrpcService.java:startImpl(302)) - ac45a72a-98f1-49f1-9186-9900cebd9eb6: GrpcService started, listening on 15022
2024-03-29 09:27:57,309 [ac45a72a-98f1-49f1-9186-9900cebd9eb6-EndpointStateMachineTaskThread-/0.0.0.0:15002-0 ] INFO  server.GrpcService (GrpcService.java:startImpl(302)) - ac45a72a-98f1-49f1-9186-9900cebd9eb6: GrpcService started, listening on 15021
2024-03-29 09:27:57,309 [JvmPauseMonitor4] INFO  util.JvmPauseMonitor (JvmPauseMonitor.java:run(146)) - JvmPauseMonitor-ac45a72a-98f1-49f1-9186-9900cebd9eb6: Started
2024-03-29 09:27:57,309 [ac45a72a-98f1-49f1-9186-9900cebd9eb6-EndpointStateMachineTaskThread-/0.0.0.0:15002-0 ] INFO  ratis.XceiverServerRatis (XceiverServerRatis.java:getRealPort(592)) - XceiverServerRatis ac45a72a-98f1-49f1-9186-9900cebd9eb6 is started using port 15020 for RATIS
2024-03-29 09:27:57,310 [ac45a72a-98f1-49f1-9186-9900cebd9eb6-EndpointStateMachineTaskThread-/0.0.0.0:15002-0 ] INFO  ratis.XceiverServerRatis (XceiverServerRatis.java:getRealPort(592)) - XceiverServerRatis ac45a72a-98f1-49f1-9186-9900cebd9eb6 is started using port 15021 for RATIS_ADMIN
2024-03-29 09:27:57,310 [ac45a72a-98f1-49f1-9186-9900cebd9eb6-EndpointStateMachineTaskThread-/0.0.0.0:15002-0 ] INFO  ratis.XceiverServerRatis (XceiverServerRatis.java:getRealPort(592)) - XceiverServerRatis ac45a72a-98f1-49f1-9186-9900cebd9eb6 is started using port 15022 for RATIS_SERVER
2024-03-29 09:27:57,310 [ac45a72a-98f1-49f1-9186-9900cebd9eb6-EndpointStateMachineTaskThread-/0.0.0.0:15002-0 ] INFO  ratis.XceiverServerRatis (XceiverServerRatis.java:getRealPort(592)) - XceiverServerRatis ac45a72a-98f1-49f1-9186-9900cebd9eb6 is started using port 15023 for RATIS_DATASTREAM
2024-03-29 09:27:57,316 [ac45a72a-98f1-49f1-9186-9900cebd9eb6-BlockDeletingService#0] INFO  interfaces.ContainerDeletionChoosingPolicyTemplate (ContainerDeletionChoosingPolicyTemplate.java:chooseContainerForBlockDeletion(85)) - Chosen 0/5000 blocks from 0 candidate containers.
2024-03-29 09:27:57,341 [9f689a4b-3525-432c-897a-89bebd88635c-EndpointStateMachineTaskThread-/0.0.0.0:15002-0 ] INFO  utils.DatanodeStoreCache (DatanodeStoreCache.java:addDB(72)) - Added db /home/runner/work/ozone/ozone/hadoop-ozone/integration-test/target/test-dir/MiniOzoneClusterImpl-2686784a-6a4a-436e-9d81-be1eb39caf3e/ozone-meta/datanode-2/data-0/hdds/2686784a-6a4a-436e-9d81-be1eb39caf3e/DS-63f3221d-1ebd-45a0-9ca5-b349be0d87d1/container.db to cache
2024-03-29 09:27:57,341 [9f689a4b-3525-432c-897a-89bebd88635c-EndpointStateMachineTaskThread-/0.0.0.0:15002-0 ] INFO  volume.HddsVolume (HddsVolume.java:createDbStore(420)) - SchemaV3 db is created and loaded at /home/runner/work/ozone/ozone/hadoop-ozone/integration-test/target/test-dir/MiniOzoneClusterImpl-2686784a-6a4a-436e-9d81-be1eb39caf3e/ozone-meta/datanode-2/data-0/hdds/2686784a-6a4a-436e-9d81-be1eb39caf3e/DS-63f3221d-1ebd-45a0-9ca5-b349be0d87d1/container.db for volume DS-63f3221d-1ebd-45a0-9ca5-b349be0d87d1
2024-03-29 09:27:57,343 [9f689a4b-3525-432c-897a-89bebd88635c-ContainerReader-0] INFO  ozoneimpl.ContainerReader (ContainerReader.java:readVolume(148)) - Start to verify containers on volume /home/runner/work/ozone/ozone/hadoop-ozone/integration-test/target/test-dir/MiniOzoneClusterImpl-2686784a-6a4a-436e-9d81-be1eb39caf3e/ozone-meta/datanode-2/data-0/hdds
2024-03-29 09:27:57,344 [9f689a4b-3525-432c-897a-89bebd88635c-ContainerReader-0] INFO  ozoneimpl.ContainerReader (ContainerReader.java:readVolume(178)) - Finish verifying containers on volume /home/runner/work/ozone/ozone/hadoop-ozone/integration-test/target/test-dir/MiniOzoneClusterImpl-2686784a-6a4a-436e-9d81-be1eb39caf3e/ozone-meta/datanode-2/data-0/hdds
2024-03-29 09:27:57,344 [9f689a4b-3525-432c-897a-89bebd88635c-EndpointStateMachineTaskThread-/0.0.0.0:15002-0 ] INFO  ozoneimpl.OzoneContainer (OzoneContainer.java:buildContainerSet(328)) - Build ContainerSet costs 0s
2024-03-29 09:27:57,346 [9f689a4b-3525-432c-897a-89bebd88635c-EndpointStateMachineTaskThread-/0.0.0.0:15002-0 ] INFO  volume.ThrottledAsyncChecker (ThrottledAsyncChecker.java:schedule(141)) - Scheduling a check for /home/runner/work/ozone/ozone/hadoop-ozone/integration-test/target/test-dir/MiniOzoneClusterImpl-2686784a-6a4a-436e-9d81-be1eb39caf3e/ozone-meta/datanode-2/data-0/hdds
2024-03-29 09:27:57,355 [9f689a4b-3525-432c-897a-89bebd88635c-EndpointStateMachineTaskThread-/0.0.0.0:15002-0 ] INFO  volume.StorageVolumeChecker (StorageVolumeChecker.java:checkAllVolumes(218)) - Scheduled health check for volume /home/runner/work/ozone/ozone/hadoop-ozone/integration-test/target/test-dir/MiniOzoneClusterImpl-2686784a-6a4a-436e-9d81-be1eb39caf3e/ozone-meta/datanode-2/data-0/hdds
2024-03-29 09:27:57,356 [9f689a4b-3525-432c-897a-89bebd88635c-EndpointStateMachineTaskThread-/0.0.0.0:15002-0 ] INFO  volume.ThrottledAsyncChecker (ThrottledAsyncChecker.java:schedule(141)) - Scheduling a check for /home/runner/work/ozone/ozone/hadoop-ozone/integration-test/target/test-dir/MiniOzoneClusterImpl-2686784a-6a4a-436e-9d81-be1eb39caf3e/ozone-meta/datanode-2/ratis
2024-03-29 09:27:57,356 [9f689a4b-3525-432c-897a-89bebd88635c-EndpointStateMachineTaskThread-/0.0.0.0:15002-0 ] INFO  volume.StorageVolumeChecker (StorageVolumeChecker.java:checkAllVolumes(218)) - Scheduled health check for volume /home/runner/work/ozone/ozone/hadoop-ozone/integration-test/target/test-dir/MiniOzoneClusterImpl-2686784a-6a4a-436e-9d81-be1eb39caf3e/ozone-meta/datanode-2/ratis
2024-03-29 09:27:57,358 [9f689a4b-3525-432c-897a-89bebd88635c-EndpointStateMachineTaskThread-/0.0.0.0:15002-0 ] INFO  ozoneimpl.OzoneContainer (OzoneContainer.java:start(459)) - Attempting to start container services.
2024-03-29 09:27:57,359 [9f689a4b-3525-432c-897a-89bebd88635c-EndpointStateMachineTaskThread-/0.0.0.0:15002-0 ] WARN  ozoneimpl.OnDemandContainerDataScanner (OnDemandContainerDataScanner.java:init(75)) - Trying to initialize on demand scanner a second time on a datanode.
2024-03-29 09:27:57,359 [ContainerMetadataScanner] INFO  ozoneimpl.AbstractBackgroundContainerScanner (AbstractBackgroundContainerScanner.java:runIteration(87)) - Completed an iteration in 0 minutes. Number of iterations (since the data-node restart) : 1, Number of containers scanned in this iteration : 0, Number of unhealthy containers found in this iteration : 0
2024-03-29 09:27:57,361 [9f689a4b-3525-432c-897a-89bebd88635c-EndpointStateMachineTaskThread-/0.0.0.0:15002-0 ] INFO  replication.ReplicationServer (ReplicationServer.java:start(142)) - ReplicationServer is started using port 15033
2024-03-29 09:27:57,362 [9f689a4b-3525-432c-897a-89bebd88635c-EndpointStateMachineTaskThread-/0.0.0.0:15002-0 ] INFO  ratis.XceiverServerRatis (XceiverServerRatis.java:start(566)) - Starting XceiverServerRatis 9f689a4b-3525-432c-897a-89bebd88635c
2024-03-29 09:27:57,362 [ContainerDataScanner(/home/runner/work/ozone/ozone/hadoop-ozone/integration-test/target/test-dir/MiniOzoneClusterImpl-2686784a-6a4a-436e-9d81-be1eb39caf3e/ozone-meta/datanode-2/data-0/hdds)] INFO  ozoneimpl.AbstractBackgroundContainerScanner (AbstractBackgroundContainerScanner.java:runIteration(87)) - Completed an iteration in 0 minutes. Number of iterations (since the data-node restart) : 1, Number of containers scanned in this iteration : 0, Number of unhealthy containers found in this iteration : 0
2024-03-29 09:27:57,367 [9f689a4b-3525-432c-897a-89bebd88635c-EndpointStateMachineTaskThread-/0.0.0.0:15002-0 ] INFO  server.RaftServer (RaftServerProxy.java:startImpl(406)) - 9f689a4b-3525-432c-897a-89bebd88635c: start RPC server
2024-03-29 09:27:57,370 [9f689a4b-3525-432c-897a-89bebd88635c-EndpointStateMachineTaskThread-/0.0.0.0:15002-0 ] INFO  server.GrpcService (GrpcService.java:startImpl(302)) - 9f689a4b-3525-432c-897a-89bebd88635c: GrpcService started, listening on 15029
2024-03-29 09:27:57,372 [9f689a4b-3525-432c-897a-89bebd88635c-EndpointStateMachineTaskThread-/0.0.0.0:15002-0 ] INFO  server.GrpcService (GrpcService.java:startImpl(302)) - 9f689a4b-3525-432c-897a-89bebd88635c: GrpcService started, listening on 15031
2024-03-29 09:27:57,374 [9f689a4b-3525-432c-897a-89bebd88635c-EndpointStateMachineTaskThread-/0.0.0.0:15002-0 ] INFO  server.GrpcService (GrpcService.java:startImpl(302)) - 9f689a4b-3525-432c-897a-89bebd88635c: GrpcService started, listening on 15030
2024-03-29 09:27:57,375 [9f689a4b-3525-432c-897a-89bebd88635c-EndpointStateMachineTaskThread-/0.0.0.0:15002-0 ] INFO  ratis.XceiverServerRatis (XceiverServerRatis.java:getRealPort(592)) - XceiverServerRatis 9f689a4b-3525-432c-897a-89bebd88635c is started using port 15029 for RATIS
2024-03-29 09:27:57,375 [9f689a4b-3525-432c-897a-89bebd88635c-EndpointStateMachineTaskThread-/0.0.0.0:15002-0 ] INFO  ratis.XceiverServerRatis (XceiverServerRatis.java:getRealPort(592)) - XceiverServerRatis 9f689a4b-3525-432c-897a-89bebd88635c is started using port 15030 for RATIS_ADMIN
2024-03-29 09:27:57,375 [9f689a4b-3525-432c-897a-89bebd88635c-EndpointStateMachineTaskThread-/0.0.0.0:15002-0 ] INFO  ratis.XceiverServerRatis (XceiverServerRatis.java:getRealPort(592)) - XceiverServerRatis 9f689a4b-3525-432c-897a-89bebd88635c is started using port 15031 for RATIS_SERVER
2024-03-29 09:27:57,375 [9f689a4b-3525-432c-897a-89bebd88635c-EndpointStateMachineTaskThread-/0.0.0.0:15002-0 ] INFO  ratis.XceiverServerRatis (XceiverServerRatis.java:getRealPort(592)) - XceiverServerRatis 9f689a4b-3525-432c-897a-89bebd88635c is started using port 15032 for RATIS_DATASTREAM
2024-03-29 09:27:57,375 [JvmPauseMonitor5] INFO  util.JvmPauseMonitor (JvmPauseMonitor.java:run(146)) - JvmPauseMonitor-9f689a4b-3525-432c-897a-89bebd88635c: Started
2024-03-29 09:27:57,380 [9f689a4b-3525-432c-897a-89bebd88635c-BlockDeletingService#0] INFO  interfaces.ContainerDeletionChoosingPolicyTemplate (ContainerDeletionChoosingPolicyTemplate.java:chooseContainerForBlockDeletion(85)) - Chosen 0/5000 blocks from 0 candidate containers.
2024-03-29 09:27:57,406 [main] INFO  ozone.MiniOzoneClusterImpl (MiniOzoneClusterImpl.java:lambda$waitForClusterToBeReady$0(194)) - Waiting for nodes to be ready. Got 0 of 3 DN Heartbeats.
2024-03-29 09:27:57,407 [main] INFO  ozone.MiniOzoneClusterImpl (MiniOzoneClusterImpl.java:lambda$waitForClusterToBeReady$0(197)) - Waiting for cluster to exit safe mode
2024-03-29 09:27:57,407 [main] INFO  ozone.MiniOzoneClusterImpl (MiniOzoneClusterImpl.java:lambda$waitForClusterToBeReady$0(199)) - SCM became leader
2024-03-29 09:27:57,425 [21cc794e-90c3-4d38-9905-a833a32dcd6c-EndpointStateMachineTaskThread-/0.0.0.0:15002-0 ] INFO  utils.DatanodeStoreCache (DatanodeStoreCache.java:addDB(72)) - Added db /home/runner/work/ozone/ozone/hadoop-ozone/integration-test/target/test-dir/MiniOzoneClusterImpl-2686784a-6a4a-436e-9d81-be1eb39caf3e/ozone-meta/datanode-3/data-0/hdds/2686784a-6a4a-436e-9d81-be1eb39caf3e/DS-52b27586-cb58-426c-bef3-1f2fc06a9381/container.db to cache
2024-03-29 09:27:57,425 [21cc794e-90c3-4d38-9905-a833a32dcd6c-EndpointStateMachineTaskThread-/0.0.0.0:15002-0 ] INFO  volume.HddsVolume (HddsVolume.java:createDbStore(420)) - SchemaV3 db is created and loaded at /home/runner/work/ozone/ozone/hadoop-ozone/integration-test/target/test-dir/MiniOzoneClusterImpl-2686784a-6a4a-436e-9d81-be1eb39caf3e/ozone-meta/datanode-3/data-0/hdds/2686784a-6a4a-436e-9d81-be1eb39caf3e/DS-52b27586-cb58-426c-bef3-1f2fc06a9381/container.db for volume DS-52b27586-cb58-426c-bef3-1f2fc06a9381
2024-03-29 09:27:57,427 [21cc794e-90c3-4d38-9905-a833a32dcd6c-ContainerReader-0] INFO  ozoneimpl.ContainerReader (ContainerReader.java:readVolume(148)) - Start to verify containers on volume /home/runner/work/ozone/ozone/hadoop-ozone/integration-test/target/test-dir/MiniOzoneClusterImpl-2686784a-6a4a-436e-9d81-be1eb39caf3e/ozone-meta/datanode-3/data-0/hdds
2024-03-29 09:27:57,427 [21cc794e-90c3-4d38-9905-a833a32dcd6c-ContainerReader-0] INFO  ozoneimpl.ContainerReader (ContainerReader.java:readVolume(178)) - Finish verifying containers on volume /home/runner/work/ozone/ozone/hadoop-ozone/integration-test/target/test-dir/MiniOzoneClusterImpl-2686784a-6a4a-436e-9d81-be1eb39caf3e/ozone-meta/datanode-3/data-0/hdds
2024-03-29 09:27:57,427 [21cc794e-90c3-4d38-9905-a833a32dcd6c-EndpointStateMachineTaskThread-/0.0.0.0:15002-0 ] INFO  ozoneimpl.OzoneContainer (OzoneContainer.java:buildContainerSet(328)) - Build ContainerSet costs 0s
2024-03-29 09:27:57,428 [21cc794e-90c3-4d38-9905-a833a32dcd6c-EndpointStateMachineTaskThread-/0.0.0.0:15002-0 ] INFO  volume.ThrottledAsyncChecker (ThrottledAsyncChecker.java:schedule(141)) - Scheduling a check for /home/runner/work/ozone/ozone/hadoop-ozone/integration-test/target/test-dir/MiniOzoneClusterImpl-2686784a-6a4a-436e-9d81-be1eb39caf3e/ozone-meta/datanode-3/data-0/hdds
2024-03-29 09:27:57,429 [21cc794e-90c3-4d38-9905-a833a32dcd6c-EndpointStateMachineTaskThread-/0.0.0.0:15002-0 ] INFO  volume.StorageVolumeChecker (StorageVolumeChecker.java:checkAllVolumes(218)) - Scheduled health check for volume /home/runner/work/ozone/ozone/hadoop-ozone/integration-test/target/test-dir/MiniOzoneClusterImpl-2686784a-6a4a-436e-9d81-be1eb39caf3e/ozone-meta/datanode-3/data-0/hdds
2024-03-29 09:27:57,430 [21cc794e-90c3-4d38-9905-a833a32dcd6c-EndpointStateMachineTaskThread-/0.0.0.0:15002-0 ] INFO  volume.ThrottledAsyncChecker (ThrottledAsyncChecker.java:schedule(141)) - Scheduling a check for /home/runner/work/ozone/ozone/hadoop-ozone/integration-test/target/test-dir/MiniOzoneClusterImpl-2686784a-6a4a-436e-9d81-be1eb39caf3e/ozone-meta/datanode-3/ratis
2024-03-29 09:27:57,430 [21cc794e-90c3-4d38-9905-a833a32dcd6c-EndpointStateMachineTaskThread-/0.0.0.0:15002-0 ] INFO  volume.StorageVolumeChecker (StorageVolumeChecker.java:checkAllVolumes(218)) - Scheduled health check for volume /home/runner/work/ozone/ozone/hadoop-ozone/integration-test/target/test-dir/MiniOzoneClusterImpl-2686784a-6a4a-436e-9d81-be1eb39caf3e/ozone-meta/datanode-3/ratis
2024-03-29 09:27:57,431 [21cc794e-90c3-4d38-9905-a833a32dcd6c-EndpointStateMachineTaskThread-/0.0.0.0:15002-0 ] INFO  ozoneimpl.OzoneContainer (OzoneContainer.java:start(459)) - Attempting to start container services.
2024-03-29 09:27:57,431 [21cc794e-90c3-4d38-9905-a833a32dcd6c-EndpointStateMachineTaskThread-/0.0.0.0:15002-0 ] WARN  ozoneimpl.OnDemandContainerDataScanner (OnDemandContainerDataScanner.java:init(75)) - Trying to initialize on demand scanner a second time on a datanode.
2024-03-29 09:27:57,436 [ContainerMetadataScanner] INFO  ozoneimpl.AbstractBackgroundContainerScanner (AbstractBackgroundContainerScanner.java:runIteration(87)) - Completed an iteration in 0 minutes. Number of iterations (since the data-node restart) : 1, Number of containers scanned in this iteration : 0, Number of unhealthy containers found in this iteration : 0
2024-03-29 09:27:57,443 [ContainerDataScanner(/home/runner/work/ozone/ozone/hadoop-ozone/integration-test/target/test-dir/MiniOzoneClusterImpl-2686784a-6a4a-436e-9d81-be1eb39caf3e/ozone-meta/datanode-3/data-0/hdds)] INFO  ozoneimpl.AbstractBackgroundContainerScanner (AbstractBackgroundContainerScanner.java:runIteration(87)) - Completed an iteration in 0 minutes. Number of iterations (since the data-node restart) : 1, Number of containers scanned in this iteration : 0, Number of unhealthy containers found in this iteration : 0
2024-03-29 09:27:57,441 [21cc794e-90c3-4d38-9905-a833a32dcd6c-EndpointStateMachineTaskThread-/0.0.0.0:15002-0 ] INFO  replication.ReplicationServer (ReplicationServer.java:start(142)) - ReplicationServer is started using port 15042
2024-03-29 09:27:57,444 [21cc794e-90c3-4d38-9905-a833a32dcd6c-EndpointStateMachineTaskThread-/0.0.0.0:15002-0 ] INFO  ratis.XceiverServerRatis (XceiverServerRatis.java:start(566)) - Starting XceiverServerRatis 21cc794e-90c3-4d38-9905-a833a32dcd6c
2024-03-29 09:27:57,449 [21cc794e-90c3-4d38-9905-a833a32dcd6c-EndpointStateMachineTaskThread-/0.0.0.0:15002-0 ] INFO  server.RaftServer (RaftServerProxy.java:startImpl(406)) - 21cc794e-90c3-4d38-9905-a833a32dcd6c: start RPC server
2024-03-29 09:27:57,451 [21cc794e-90c3-4d38-9905-a833a32dcd6c-EndpointStateMachineTaskThread-/0.0.0.0:15002-0 ] INFO  server.GrpcService (GrpcService.java:startImpl(302)) - 21cc794e-90c3-4d38-9905-a833a32dcd6c: GrpcService started, listening on 15038
2024-03-29 09:27:57,453 [21cc794e-90c3-4d38-9905-a833a32dcd6c-EndpointStateMachineTaskThread-/0.0.0.0:15002-0 ] INFO  server.GrpcService (GrpcService.java:startImpl(302)) - 21cc794e-90c3-4d38-9905-a833a32dcd6c: GrpcService started, listening on 15040
2024-03-29 09:27:57,455 [21cc794e-90c3-4d38-9905-a833a32dcd6c-EndpointStateMachineTaskThread-/0.0.0.0:15002-0 ] INFO  server.GrpcService (GrpcService.java:startImpl(302)) - 21cc794e-90c3-4d38-9905-a833a32dcd6c: GrpcService started, listening on 15039
2024-03-29 09:27:57,455 [21cc794e-90c3-4d38-9905-a833a32dcd6c-EndpointStateMachineTaskThread-/0.0.0.0:15002-0 ] INFO  ratis.XceiverServerRatis (XceiverServerRatis.java:getRealPort(592)) - XceiverServerRatis 21cc794e-90c3-4d38-9905-a833a32dcd6c is started using port 15038 for RATIS
2024-03-29 09:27:57,455 [JvmPauseMonitor6] INFO  util.JvmPauseMonitor (JvmPauseMonitor.java:run(146)) - JvmPauseMonitor-21cc794e-90c3-4d38-9905-a833a32dcd6c: Started
2024-03-29 09:27:57,455 [21cc794e-90c3-4d38-9905-a833a32dcd6c-EndpointStateMachineTaskThread-/0.0.0.0:15002-0 ] INFO  ratis.XceiverServerRatis (XceiverServerRatis.java:getRealPort(592)) - XceiverServerRatis 21cc794e-90c3-4d38-9905-a833a32dcd6c is started using port 15039 for RATIS_ADMIN
2024-03-29 09:27:57,456 [21cc794e-90c3-4d38-9905-a833a32dcd6c-EndpointStateMachineTaskThread-/0.0.0.0:15002-0 ] INFO  ratis.XceiverServerRatis (XceiverServerRatis.java:getRealPort(592)) - XceiverServerRatis 21cc794e-90c3-4d38-9905-a833a32dcd6c is started using port 15040 for RATIS_SERVER
2024-03-29 09:27:57,456 [21cc794e-90c3-4d38-9905-a833a32dcd6c-EndpointStateMachineTaskThread-/0.0.0.0:15002-0 ] INFO  ratis.XceiverServerRatis (XceiverServerRatis.java:getRealPort(592)) - XceiverServerRatis 21cc794e-90c3-4d38-9905-a833a32dcd6c is started using port 15041 for RATIS_DATASTREAM
2024-03-29 09:27:57,463 [21cc794e-90c3-4d38-9905-a833a32dcd6c-BlockDeletingService#0] INFO  interfaces.ContainerDeletionChoosingPolicyTemplate (ContainerDeletionChoosingPolicyTemplate.java:chooseContainerForBlockDeletion(85)) - Chosen 0/5000 blocks from 0 candidate containers.
2024-03-29 09:27:58,407 [main] INFO  ozone.MiniOzoneClusterImpl (MiniOzoneClusterImpl.java:lambda$waitForClusterToBeReady$0(194)) - Waiting for nodes to be ready. Got 0 of 3 DN Heartbeats.
2024-03-29 09:27:58,407 [main] INFO  ozone.MiniOzoneClusterImpl (MiniOzoneClusterImpl.java:lambda$waitForClusterToBeReady$0(197)) - Waiting for cluster to exit safe mode
2024-03-29 09:27:58,407 [main] INFO  ozone.MiniOzoneClusterImpl (MiniOzoneClusterImpl.java:lambda$waitForClusterToBeReady$0(199)) - SCM became leader
2024-03-29 09:27:59,206 [IPC Server handler 0 on default port 15002] INFO  net.NetworkTopologyImpl (NetworkTopologyImpl.java:add(133)) - Added a new node: /default-rack/ac45a72a-98f1-49f1-9186-9900cebd9eb6
2024-03-29 09:27:59,209 [IPC Server handler 0 on default port 15002] INFO  node.SCMNodeManager (SCMNodeManager.java:register(421)) - Registered datanode: ac45a72a-98f1-49f1-9186-9900cebd9eb6{ip: 10.1.0.26, host: fv-az771-813, ports: [HTTP=15017, CLIENT_RPC=15018, REPLICATION=15024, RATIS=15020, RATIS_ADMIN=15021, RATIS_SERVER=15022, RATIS_DATASTREAM=15023, STANDALONE=15019], networkLocation: /default-rack, certSerialId: null, persistedOpState: null, persistedOpStateExpiryEpochSec: 0}
2024-03-29 09:27:59,211 [EventQueue-NewNodeForNewNodeHandler] INFO  pipeline.BackgroundPipelineCreator (BackgroundPipelineCreator.java:notifyEventTriggered(280)) - trigger a one-shot run on RatisPipelineUtilsThread.
2024-03-29 09:27:59,214 [EventQueue-NodeRegistrationContainerReportForContainerSafeModeRule] INFO  safemode.SCMSafeModeManager (SCMSafeModeManager.java:validateSafeModeExitRules(200)) - ContainerSafeModeRule rule is successfully validated
2024-03-29 09:27:59,215 [EventQueue-NodeRegistrationContainerReportForDataNodeSafeModeRule] INFO  safemode.SCMSafeModeManager (DataNodeSafeModeRule.java:process(71)) - SCM in safe mode. 1 DataNodes registered, 3 required.
2024-03-29 09:27:59,215 [EventQueue-PipelineReportForOneReplicaPipelineSafeModeRule] INFO  safemode.SCMSafeModeManager (SCMSafeModeManager.java:validateSafeModeExitRules(200)) - AtleastOneDatanodeReportedRule rule is successfully validated
2024-03-29 09:27:59,217 [RatisPipelineUtilsThread-0] INFO  pipeline.RatisPipelineProvider (RatisPipelineProvider.java:lambda$create$0(205)) - Sending CreatePipelineCommand for pipeline:PipelineID=30faa9bb-1dc5-4956-ac54-3d5f132f2b8b to datanode:ac45a72a-98f1-49f1-9186-9900cebd9eb6
2024-03-29 09:27:59,224 [RatisPipelineUtilsThread-0] INFO  pipeline.BackgroundPipelineCreator (BackgroundPipelineCreator.java:createPipelines(236)) - Created new pipeline Pipeline[ Id: 30faa9bb-1dc5-4956-ac54-3d5f132f2b8b, Nodes: ac45a72a-98f1-49f1-9186-9900cebd9eb6(fv-az771-813/10.1.0.26), ReplicationConfig: RATIS/ONE, State:ALLOCATED, leaderId:, CreationTimestamp2024-03-29T09:27:59.216Z[Etc/UTC]]
2024-03-29 09:27:59,321 [IPC Server handler 1 on default port 15002] INFO  net.NetworkTopologyImpl (NetworkTopologyImpl.java:add(133)) - Added a new node: /default-rack/9f689a4b-3525-432c-897a-89bebd88635c
2024-03-29 09:27:59,321 [IPC Server handler 1 on default port 15002] INFO  node.SCMNodeManager (SCMNodeManager.java:register(421)) - Registered datanode: 9f689a4b-3525-432c-897a-89bebd88635c{ip: 10.1.0.26, host: fv-az771-813, ports: [HTTP=15026, CLIENT_RPC=15027, REPLICATION=15033, RATIS=15029, RATIS_ADMIN=15030, RATIS_SERVER=15031, RATIS_DATASTREAM=15032, STANDALONE=15028], networkLocation: /default-rack, certSerialId: null, persistedOpState: null, persistedOpStateExpiryEpochSec: 0}
2024-03-29 09:27:59,322 [EventQueue-NodeRegistrationContainerReportForDataNodeSafeModeRule] INFO  safemode.SCMSafeModeManager (DataNodeSafeModeRule.java:process(71)) - SCM in safe mode. 2 DataNodes registered, 3 required.
2024-03-29 09:27:59,322 [EventQueue-NewNodeForNewNodeHandler] INFO  pipeline.BackgroundPipelineCreator (BackgroundPipelineCreator.java:notifyEventTriggered(280)) - trigger a one-shot run on RatisPipelineUtilsThread.
2024-03-29 09:27:59,322 [RatisPipelineUtilsThread-0] INFO  pipeline.RatisPipelineProvider (RatisPipelineProvider.java:lambda$create$0(205)) - Sending CreatePipelineCommand for pipeline:PipelineID=0d42177e-ebf1-441e-9528-7c8350d9fd15 to datanode:9f689a4b-3525-432c-897a-89bebd88635c
2024-03-29 09:27:59,323 [RatisPipelineUtilsThread-0] INFO  pipeline.BackgroundPipelineCreator (BackgroundPipelineCreator.java:createPipelines(236)) - Created new pipeline Pipeline[ Id: 0d42177e-ebf1-441e-9528-7c8350d9fd15, Nodes: 9f689a4b-3525-432c-897a-89bebd88635c(fv-az771-813/10.1.0.26), ReplicationConfig: RATIS/ONE, State:ALLOCATED, leaderId:, CreationTimestamp2024-03-29T09:27:59.322Z[Etc/UTC]]
2024-03-29 09:27:59,407 [main] INFO  ozone.MiniOzoneClusterImpl (MiniOzoneClusterImpl.java:lambda$waitForClusterToBeReady$0(194)) - Waiting for nodes to be ready. Got 2 of 3 DN Heartbeats.
2024-03-29 09:27:59,408 [main] INFO  ozone.MiniOzoneClusterImpl (MiniOzoneClusterImpl.java:lambda$waitForClusterToBeReady$0(197)) - Waiting for cluster to exit safe mode
2024-03-29 09:27:59,408 [main] INFO  ozone.MiniOzoneClusterImpl (MiniOzoneClusterImpl.java:lambda$waitForClusterToBeReady$0(199)) - SCM became leader
2024-03-29 09:27:59,409 [IPC Server handler 3 on default port 15002] INFO  net.NetworkTopologyImpl (NetworkTopologyImpl.java:add(133)) - Added a new node: /default-rack/21cc794e-90c3-4d38-9905-a833a32dcd6c
2024-03-29 09:27:59,410 [IPC Server handler 3 on default port 15002] INFO  node.SCMNodeManager (SCMNodeManager.java:register(421)) - Registered datanode: 21cc794e-90c3-4d38-9905-a833a32dcd6c{ip: 10.1.0.26, host: fv-az771-813, ports: [HTTP=15035, CLIENT_RPC=15036, REPLICATION=15042, RATIS=15038, RATIS_ADMIN=15039, RATIS_SERVER=15040, RATIS_DATASTREAM=15041, STANDALONE=15037], networkLocation: /default-rack, certSerialId: null, persistedOpState: null, persistedOpStateExpiryEpochSec: 0}
2024-03-29 09:27:59,410 [EventQueue-NodeRegistrationContainerReportForDataNodeSafeModeRule] INFO  safemode.SCMSafeModeManager (DataNodeSafeModeRule.java:process(71)) - SCM in safe mode. 3 DataNodes registered, 3 required.
2024-03-29 09:27:59,410 [EventQueue-NodeRegistrationContainerReportForDataNodeSafeModeRule] INFO  safemode.SCMSafeModeManager (SCMSafeModeManager.java:validateSafeModeExitRules(200)) - DataNodeSafeModeRule rule is successfully validated
2024-03-29 09:27:59,410 [EventQueue-NodeRegistrationContainerReportForDataNodeSafeModeRule] INFO  safemode.SCMSafeModeManager (SCMSafeModeManager.java:completePreCheck(229)) - All SCM safe mode pre check rules have passed
2024-03-29 09:27:59,410 [EventQueue-NodeRegistrationContainerReportForDataNodeSafeModeRule] INFO  ha.SCMContext (SCMContext.java:updateSafeModeStatus(225)) - Update SafeModeStatus from SafeModeStatus{safeModeStatus=true, preCheckPassed=false} to SafeModeStatus{safeModeStatus=true, preCheckPassed=true}.
2024-03-29 09:27:59,410 [EventQueue-NewNodeForNewNodeHandler] INFO  pipeline.BackgroundPipelineCreator (BackgroundPipelineCreator.java:notifyEventTriggered(280)) - trigger a one-shot run on RatisPipelineUtilsThread.
2024-03-29 09:27:59,410 [EventQueue-NodeRegistrationContainerReportForDataNodeSafeModeRule] INFO  pipeline.BackgroundPipelineCreator (BackgroundPipelineCreator.java:notifyEventTriggered(280)) - trigger a one-shot run on RatisPipelineUtilsThread.
2024-03-29 09:27:59,410 [RatisPipelineUtilsThread-0] INFO  pipeline.RatisPipelineProvider (RatisPipelineProvider.java:lambda$create$0(205)) - Sending CreatePipelineCommand for pipeline:PipelineID=420de7a1-34d0-4dc2-879f-6f22c8d50b7b to datanode:21cc794e-90c3-4d38-9905-a833a32dcd6c
2024-03-29 09:27:59,411 [RatisPipelineUtilsThread-0] INFO  pipeline.BackgroundPipelineCreator (BackgroundPipelineCreator.java:createPipelines(236)) - Created new pipeline Pipeline[ Id: 420de7a1-34d0-4dc2-879f-6f22c8d50b7b, Nodes: 21cc794e-90c3-4d38-9905-a833a32dcd6c(fv-az771-813/10.1.0.26), ReplicationConfig: RATIS/ONE, State:ALLOCATED, leaderId:, CreationTimestamp2024-03-29T09:27:59.410Z[Etc/UTC]]
2024-03-29 09:27:59,413 [RatisPipelineUtilsThread-0] INFO  pipeline.RatisPipelineProvider (RatisPipelineProvider.java:lambda$create$0(205)) - Sending CreatePipelineCommand for pipeline:PipelineID=feb43b08-226c-484d-a820-e3cba6535e02 to datanode:21cc794e-90c3-4d38-9905-a833a32dcd6c
2024-03-29 09:27:59,414 [RatisPipelineUtilsThread-0] INFO  pipeline.RatisPipelineProvider (RatisPipelineProvider.java:lambda$create$0(205)) - Sending CreatePipelineCommand for pipeline:PipelineID=feb43b08-226c-484d-a820-e3cba6535e02 to datanode:9f689a4b-3525-432c-897a-89bebd88635c
2024-03-29 09:27:59,414 [RatisPipelineUtilsThread-0] INFO  pipeline.RatisPipelineProvider (RatisPipelineProvider.java:lambda$create$0(205)) - Sending CreatePipelineCommand for pipeline:PipelineID=feb43b08-226c-484d-a820-e3cba6535e02 to datanode:ac45a72a-98f1-49f1-9186-9900cebd9eb6
2024-03-29 09:27:59,415 [RatisPipelineUtilsThread-0] INFO  pipeline.BackgroundPipelineCreator (BackgroundPipelineCreator.java:createPipelines(236)) - Created new pipeline Pipeline[ Id: feb43b08-226c-484d-a820-e3cba6535e02, Nodes: 21cc794e-90c3-4d38-9905-a833a32dcd6c(fv-az771-813/10.1.0.26)9f689a4b-3525-432c-897a-89bebd88635c(fv-az771-813/10.1.0.26)ac45a72a-98f1-49f1-9186-9900cebd9eb6(fv-az771-813/10.1.0.26), ReplicationConfig: RATIS/THREE, State:ALLOCATED, leaderId:, CreationTimestamp2024-03-29T09:27:59.413Z[Etc/UTC]]
2024-03-29 09:27:59,416 [RatisPipelineUtilsThread-0] INFO  pipeline.RatisPipelineProvider (RatisPipelineProvider.java:lambda$create$0(205)) - Sending CreatePipelineCommand for pipeline:PipelineID=b53a8654-7c03-4f96-974e-54e1e8cc5b49 to datanode:21cc794e-90c3-4d38-9905-a833a32dcd6c
2024-03-29 09:27:59,416 [RatisPipelineUtilsThread-0] INFO  pipeline.RatisPipelineProvider (RatisPipelineProvider.java:lambda$create$0(205)) - Sending CreatePipelineCommand for pipeline:PipelineID=b53a8654-7c03-4f96-974e-54e1e8cc5b49 to datanode:9f689a4b-3525-432c-897a-89bebd88635c
2024-03-29 09:27:59,416 [RatisPipelineUtilsThread-0] INFO  pipeline.RatisPipelineProvider (RatisPipelineProvider.java:lambda$create$0(205)) - Sending CreatePipelineCommand for pipeline:PipelineID=b53a8654-7c03-4f96-974e-54e1e8cc5b49 to datanode:ac45a72a-98f1-49f1-9186-9900cebd9eb6
2024-03-29 09:27:59,417 [RatisPipelineUtilsThread-0] INFO  pipeline.PipelineManagerImpl (PipelineManagerImpl.java:recordMetricsForPipeline(916)) - Pipeline: PipelineID=b53a8654-7c03-4f96-974e-54e1e8cc5b49 contains same datanodes as previous pipelines: PipelineID=feb43b08-226c-484d-a820-e3cba6535e02 nodeIds: 21cc794e-90c3-4d38-9905-a833a32dcd6c, 9f689a4b-3525-432c-897a-89bebd88635c, ac45a72a-98f1-49f1-9186-9900cebd9eb6
2024-03-29 09:27:59,417 [RatisPipelineUtilsThread-0] INFO  pipeline.BackgroundPipelineCreator (BackgroundPipelineCreator.java:createPipelines(236)) - Created new pipeline Pipeline[ Id: b53a8654-7c03-4f96-974e-54e1e8cc5b49, Nodes: 21cc794e-90c3-4d38-9905-a833a32dcd6c(fv-az771-813/10.1.0.26)9f689a4b-3525-432c-897a-89bebd88635c(fv-az771-813/10.1.0.26)ac45a72a-98f1-49f1-9186-9900cebd9eb6(fv-az771-813/10.1.0.26), ReplicationConfig: RATIS/THREE, State:ALLOCATED, leaderId:, CreationTimestamp2024-03-29T09:27:59.416Z[Etc/UTC]]
2024-03-29 09:28:00,408 [main] INFO  ozone.MiniOzoneClusterImpl (MiniOzoneClusterImpl.java:lambda$waitForClusterToBeReady$0(194)) - Nodes are ready. Got 3 of 3 DN Heartbeats.
2024-03-29 09:28:00,409 [main] INFO  ozone.MiniOzoneClusterImpl (MiniOzoneClusterImpl.java:lambda$waitForClusterToBeReady$0(197)) - Waiting for cluster to exit safe mode
2024-03-29 09:28:00,409 [main] INFO  ozone.MiniOzoneClusterImpl (MiniOzoneClusterImpl.java:lambda$waitForClusterToBeReady$0(199)) - SCM became leader
2024-03-29 09:28:01,409 [main] INFO  ozone.MiniOzoneClusterImpl (MiniOzoneClusterImpl.java:lambda$waitForClusterToBeReady$0(194)) - Nodes are ready. Got 3 of 3 DN Heartbeats.
2024-03-29 09:28:01,409 [main] INFO  ozone.MiniOzoneClusterImpl (MiniOzoneClusterImpl.java:lambda$waitForClusterToBeReady$0(197)) - Waiting for cluster to exit safe mode
2024-03-29 09:28:01,410 [main] INFO  ozone.MiniOzoneClusterImpl (MiniOzoneClusterImpl.java:lambda$waitForClusterToBeReady$0(199)) - SCM became leader
2024-03-29 09:28:02,206 [ac45a72a-98f1-49f1-9186-9900cebd9eb6-PipelineCommandHandlerThread-0] INFO  server.RaftServer (RaftServerProxy.java:addNew(100)) - ac45a72a-98f1-49f1-9186-9900cebd9eb6: addNew group-3D5F132F2B8B:[ac45a72a-98f1-49f1-9186-9900cebd9eb6|10.1.0.26:15022] returns group-3D5F132F2B8B:java.util.concurrent.CompletableFuture@4da775a8[Not completed]
2024-03-29 09:28:02,213 [ac45a72a-98f1-49f1-9186-9900cebd9eb6-groupManagement] INFO  server.RaftServer$Division (RaftServerImpl.java:<init>(256)) - ac45a72a-98f1-49f1-9186-9900cebd9eb6: new RaftServerImpl for group-3D5F132F2B8B:[ac45a72a-98f1-49f1-9186-9900cebd9eb6|10.1.0.26:15022] with ContainerStateMachine:uninitialized
2024-03-29 09:28:02,213 [ac45a72a-98f1-49f1-9186-9900cebd9eb6-groupManagement] INFO  server.RaftServerConfigKeys (ConfUtils.java:logGet(46)) - raft.server.rpc.timeout.min = 5s (custom)
2024-03-29 09:28:02,213 [ac45a72a-98f1-49f1-9186-9900cebd9eb6-groupManagement] INFO  server.RaftServerConfigKeys (ConfUtils.java:logGet(46)) - raft.server.rpc.timeout.max = 5200ms (custom)
2024-03-29 09:28:02,213 [ac45a72a-98f1-49f1-9186-9900cebd9eb6-groupManagement] INFO  server.RaftServerConfigKeys (ConfUtils.java:logGet(46)) - raft.server.rpc.sleep.time = 25ms (default)
2024-03-29 09:28:02,213 [ac45a72a-98f1-49f1-9186-9900cebd9eb6-groupManagement] INFO  server.RaftServerConfigKeys (ConfUtils.java:logGet(46)) - raft.server.rpc.slowness.timeout = 300s (custom)
2024-03-29 09:28:02,213 [ac45a72a-98f1-49f1-9186-9900cebd9eb6-groupManagement] INFO  server.RaftServerConfigKeys (ConfUtils.java:logGet(46)) - raft.server.leaderelection.leader.step-down.wait-time = 10s (default)
2024-03-29 09:28:02,214 [ac45a72a-98f1-49f1-9186-9900cebd9eb6-groupManagement] INFO  server.RaftServerConfigKeys (ConfUtils.java:logGet(46)) - raft.server.leaderelection.member.majority-add = false (default)
2024-03-29 09:28:02,214 [ac45a72a-98f1-49f1-9186-9900cebd9eb6-groupManagement] INFO  server.RaftServerConfigKeys (ConfUtils.java:logGet(46)) - raft.server.sleep.deviation.threshold = 300ms (default)
2024-03-29 09:28:02,214 [ac45a72a-98f1-49f1-9186-9900cebd9eb6-groupManagement] INFO  server.RaftServer$Division (ServerState.java:<init>(113)) - ac45a72a-98f1-49f1-9186-9900cebd9eb6@group-3D5F132F2B8B: ConfigurationManager, init=-1: peers:[ac45a72a-98f1-49f1-9186-9900cebd9eb6|10.1.0.26:15022]|listeners:[], old=null, confs=<EMPTY_MAP>
2024-03-29 09:28:02,214 [ac45a72a-98f1-49f1-9186-9900cebd9eb6-groupManagement] INFO  server.RaftServerConfigKeys (ConfUtils.java:logGet(46)) - raft.server.notification.no-leader.timeout = 300s (custom)
2024-03-29 09:28:02,214 [ac45a72a-98f1-49f1-9186-9900cebd9eb6-groupManagement] INFO  server.RaftServerConfigKeys (ConfUtils.java:logGet(46)) - raft.server.read.timeout = 10s (default)
2024-03-29 09:28:02,214 [ac45a72a-98f1-49f1-9186-9900cebd9eb6-groupManagement] INFO  server.RaftServerConfigKeys (ConfUtils.java:logGet(46)) - raft.server.retrycache.expirytime = 600000ms (custom)
2024-03-29 09:28:02,214 [ac45a72a-98f1-49f1-9186-9900cebd9eb6-groupManagement] INFO  server.RaftServerConfigKeys (ConfUtils.java:logGet(46)) - raft.server.retrycache.statistics.expirytime = 100ms (default)
2024-03-29 09:28:02,214 [ac45a72a-98f1-49f1-9186-9900cebd9eb6-groupManagement] INFO  server.RaftServerConfigKeys (ConfUtils.java:logGet(46)) - raft.server.read.option = DEFAULT (default)
2024-03-29 09:28:02,214 [ac45a72a-98f1-49f1-9186-9900cebd9eb6-groupManagement] INFO  server.RaftServerConfigKeys (ConfUtils.java:logGet(46)) - raft.server.read.read-after-write-consistent.write-index-cache.expiry-time = 60s (default)
2024-03-29 09:28:02,218 [ac45a72a-98f1-49f1-9186-9900cebd9eb6-groupManagement] INFO  server.RaftServerConfigKeys (ConfUtils.java:logGet(46)) - raft.server.rpc.request.timeout = 60s (custom)
2024-03-29 09:28:02,218 [ac45a72a-98f1-49f1-9186-9900cebd9eb6-groupManagement] INFO  server.RaftServerConfigKeys (ConfUtils.java:logGet(46)) - raft.server.log.appender.install.snapshot.enabled = false (custom)
2024-03-29 09:28:02,218 [ac45a72a-98f1-49f1-9186-9900cebd9eb6-groupManagement] INFO  server.RaftServerConfigKeys (ConfUtils.java:logGet(46)) - raft.server.threadpool.server.cached = true (default)
2024-03-29 09:28:02,218 [ac45a72a-98f1-49f1-9186-9900cebd9eb6-groupManagement] INFO  server.RaftServerConfigKeys (ConfUtils.java:logGet(46)) - raft.server.threadpool.server.size = 0 (default)
2024-03-29 09:28:02,218 [ac45a72a-98f1-49f1-9186-9900cebd9eb6-groupManagement] INFO  server.RaftServerConfigKeys (ConfUtils.java:logGet(46)) - raft.server.threadpool.client.cached = true (default)
2024-03-29 09:28:02,218 [ac45a72a-98f1-49f1-9186-9900cebd9eb6-groupManagement] INFO  server.RaftServerConfigKeys (ConfUtils.java:logGet(46)) - raft.server.threadpool.client.size = 0 (default)
2024-03-29 09:28:02,218 [ac45a72a-98f1-49f1-9186-9900cebd9eb6-groupManagement] INFO  server.RaftServerConfigKeys (ConfUtils.java:logGet(46)) - raft.server.storage.free-space.min = 0MB (=0) (default)
2024-03-29 09:28:02,218 [ac45a72a-98f1-49f1-9186-9900cebd9eb6-groupManagement] INFO  server.RaftServerConfigKeys (ConfUtils.java:logGet(46)) - raft.server.log.corruption.policy = EXCEPTION (default)
2024-03-29 09:28:02,218 [ac45a72a-98f1-49f1-9186-9900cebd9eb6-groupManagement] INFO  server.RaftServerConfigKeys (ConfUtils.java:logGet(46)) - raft.server.storage.dir = [/home/runner/work/ozone/ozone/hadoop-ozone/integration-test/target/test-dir/MiniOzoneClusterImpl-2686784a-6a4a-436e-9d81-be1eb39caf3e/ozone-meta/datanode-1/ratis] (custom)
2024-03-29 09:28:02,219 [ac45a72a-98f1-49f1-9186-9900cebd9eb6-groupManagement] INFO  storage.RaftStorageDirectory (RaftStorageDirectoryImpl.java:analyzeStorage(138)) - The storage directory /home/runner/work/ozone/ozone/hadoop-ozone/integration-test/target/test-dir/MiniOzoneClusterImpl-2686784a-6a4a-436e-9d81-be1eb39caf3e/ozone-meta/datanode-1/ratis/30faa9bb-1dc5-4956-ac54-3d5f132f2b8b does not exist. Creating ...
2024-03-29 09:28:02,220 [ac45a72a-98f1-49f1-9186-9900cebd9eb6-groupManagement] INFO  storage.RaftStorageDirectory (RaftStorageDirectoryImpl.java:tryLock(228)) - Lock on /home/runner/work/ozone/ozone/hadoop-ozone/integration-test/target/test-dir/MiniOzoneClusterImpl-2686784a-6a4a-436e-9d81-be1eb39caf3e/ozone-meta/datanode-1/ratis/30faa9bb-1dc5-4956-ac54-3d5f132f2b8b/in_use.lock acquired by nodename 134834@fv-az771-813
2024-03-29 09:28:02,221 [ac45a72a-98f1-49f1-9186-9900cebd9eb6-groupManagement] INFO  storage.RaftStorage (RaftStorageImpl.java:format(99)) - Storage directory /home/runner/work/ozone/ozone/hadoop-ozone/integration-test/target/test-dir/MiniOzoneClusterImpl-2686784a-6a4a-436e-9d81-be1eb39caf3e/ozone-meta/datanode-1/ratis/30faa9bb-1dc5-4956-ac54-3d5f132f2b8b has been successfully formatted.
2024-03-29 09:28:02,221 [ac45a72a-98f1-49f1-9186-9900cebd9eb6-groupManagement] WARN  util.FileUtils (LogUtils.java:supplyAndLog(63)) - Failed to Files.newInputStream /home/runner/work/ozone/ozone/hadoop-ozone/integration-test/target/test-dir/MiniOzoneClusterImpl-2686784a-6a4a-436e-9d81-be1eb39caf3e/ozone-meta/datanode-1/ratis/30faa9bb-1dc5-4956-ac54-3d5f132f2b8b/current/raft-meta.conf with options []: java.nio.file.NoSuchFileException: /home/runner/work/ozone/ozone/hadoop-ozone/integration-test/target/test-dir/MiniOzoneClusterImpl-2686784a-6a4a-436e-9d81-be1eb39caf3e/ozone-meta/datanode-1/ratis/30faa9bb-1dc5-4956-ac54-3d5f132f2b8b/current/raft-meta.conf
2024-03-29 09:28:02,225 [ac45a72a-98f1-49f1-9186-9900cebd9eb6-groupManagement] INFO  ratis.ContainerStateMachine (ContainerStateMachine.java:loadSnapshot(287)) - group-3D5F132F2B8B: The snapshot info is null. Setting the last applied index to:(t:0, i:~)
2024-03-29 09:28:02,225 [ac45a72a-98f1-49f1-9186-9900cebd9eb6-groupManagement] INFO  server.RaftServerConfigKeys (ConfUtils.java:logGet(46)) - raft.server.log.use.memory = false (default)
2024-03-29 09:28:02,225 [ac45a72a-98f1-49f1-9186-9900cebd9eb6-groupManagement] INFO  server.RaftServerConfigKeys (ConfUtils.java:logGet(46)) - raft.server.log.purge.gap = 1000000 (custom)
2024-03-29 09:28:02,225 [ac45a72a-98f1-49f1-9186-9900cebd9eb6-groupManagement] INFO  server.RaftServerConfigKeys (ConfUtils.java:logGet(46)) - raft.server.log.appender.buffer.byte-limit = 8388608 (custom)
2024-03-29 09:28:02,225 [ac45a72a-98f1-49f1-9186-9900cebd9eb6-groupManagement] INFO  server.RaftServerConfigKeys (ConfUtils.java:logGet(46)) - raft.server.log.statemachine.data.read.timeout = 1000ms (default)
2024-03-29 09:28:02,225 [ac45a72a-98f1-49f1-9186-9900cebd9eb6-groupManagement] INFO  server.RaftServerConfigKeys (ConfUtils.java:logGet(46)) - raft.server.log.purge.preservation.log.num = 0 (default)
2024-03-29 09:28:02,232 [ac45a72a-98f1-49f1-9186-9900cebd9eb6-groupManagement] INFO  server.RaftServerConfigKeys (ConfUtils.java:logGet(46)) - raft.server.log.segment.size.max = 67108864 (custom)
2024-03-29 09:28:02,232 [ac45a72a-98f1-49f1-9186-9900cebd9eb6-groupManagement] INFO  server.RaftServerConfigKeys (ConfUtils.java:logGet(46)) - raft.server.log.segment.cache.num.max = 2 (custom)
2024-03-29 09:28:02,232 [ac45a72a-98f1-49f1-9186-9900cebd9eb6-groupManagement] INFO  server.RaftServerConfigKeys (ConfUtils.java:logGet(46)) - raft.server.log.segment.cache.size.max = 200MB (=209715200) (default)
2024-03-29 09:28:02,233 [ac45a72a-98f1-49f1-9186-9900cebd9eb6-groupManagement] INFO  server.RaftServerConfigKeys (ConfUtils.java:logGet(46)) - raft.server.log.appender.buffer.byte-limit = 8388608 (custom)
2024-03-29 09:28:02,237 [ac45a72a-98f1-49f1-9186-9900cebd9eb6-groupManagement] INFO  util.AwaitToRun (AwaitToRun.java:start(81)) - Thread[ac45a72a-98f1-49f1-9186-9900cebd9eb6@group-3D5F132F2B8B-cacheEviction-AwaitToRun,5,main] started
2024-03-29 09:28:02,237 [ac45a72a-98f1-49f1-9186-9900cebd9eb6-groupManagement] INFO  segmented.SegmentedRaftLogWorker (SegmentedRaftLogWorker.java:<init>(182)) - new ac45a72a-98f1-49f1-9186-9900cebd9eb6@group-3D5F132F2B8B-SegmentedRaftLogWorker for RaftStorageImpl:Storage Directory /home/runner/work/ozone/ozone/hadoop-ozone/integration-test/target/test-dir/MiniOzoneClusterImpl-2686784a-6a4a-436e-9d81-be1eb39caf3e/ozone-meta/datanode-1/ratis/30faa9bb-1dc5-4956-ac54-3d5f132f2b8b
2024-03-29 09:28:02,237 [ac45a72a-98f1-49f1-9186-9900cebd9eb6-groupManagement] INFO  server.RaftServerConfigKeys (ConfUtils.java:logGet(46)) - raft.server.log.queue.byte-limit = 4294967296 (custom)
2024-03-29 09:28:02,237 [ac45a72a-98f1-49f1-9186-9900cebd9eb6-groupManagement] INFO  server.RaftServerConfigKeys (ConfUtils.java:logGet(46)) - raft.server.log.queue.element-limit = 1024 (custom)
2024-03-29 09:28:02,238 [ac45a72a-98f1-49f1-9186-9900cebd9eb6-groupManagement] INFO  server.RaftServerConfigKeys (ConfUtils.java:logGet(46)) - raft.server.log.segment.size.max = 67108864 (custom)
2024-03-29 09:28:02,238 [ac45a72a-98f1-49f1-9186-9900cebd9eb6-groupManagement] INFO  server.RaftServerConfigKeys (ConfUtils.java:logGet(46)) - raft.server.log.preallocated.size = 4194304 (custom)
2024-03-29 09:28:02,238 [ac45a72a-98f1-49f1-9186-9900cebd9eb6-groupManagement] INFO  server.RaftServerConfigKeys (ConfUtils.java:logGet(46)) - raft.server.log.force.sync.num = 128 (default)
2024-03-29 09:28:02,238 [ac45a72a-98f1-49f1-9186-9900cebd9eb6-groupManagement] INFO  server.RaftServerConfigKeys (ConfUtils.java:logGet(46)) - raft.server.log.statemachine.data.sync = true (default)
2024-03-29 09:28:02,238 [ac45a72a-98f1-49f1-9186-9900cebd9eb6-groupManagement] INFO  server.RaftServerConfigKeys (ConfUtils.java:logGet(46)) - raft.server.log.statemachine.data.sync.timeout = 10s (default)
2024-03-29 09:28:02,238 [ac45a72a-98f1-49f1-9186-9900cebd9eb6-groupManagement] INFO  server.RaftServerConfigKeys (ConfUtils.java:logGet(46)) - raft.server.log.statemachine.data.sync.timeout.retry = 0 (custom)
2024-03-29 09:28:02,239 [ac45a72a-98f1-49f1-9186-9900cebd9eb6-groupManagement] INFO  server.RaftServerConfigKeys (ConfUtils.java:logGet(46)) - raft.server.log.write.buffer.size = 8388616 (custom)
2024-03-29 09:28:02,240 [EventQueue-PipelineReportForPipelineReportHandler] INFO  pipeline.PipelineReportHandler (PipelineReportHandler.java:processPipelineReport(136)) - Opened pipeline PipelineID=30faa9bb-1dc5-4956-ac54-3d5f132f2b8b
2024-03-29 09:28:02,241 [ac45a72a-98f1-49f1-9186-9900cebd9eb6-groupManagement] INFO  server.RaftServerConfigKeys (ConfUtils.java:logGet(46)) - raft.server.log.appender.buffer.byte-limit = 8388608 (custom)
2024-03-29 09:28:02,243 [ac45a72a-98f1-49f1-9186-9900cebd9eb6-groupManagement] INFO  server.RaftServerConfigKeys (ConfUtils.java:logGet(46)) - raft.server.log.unsafe-flush.enabled = false (default)
2024-03-29 09:28:02,243 [ac45a72a-98f1-49f1-9186-9900cebd9eb6-groupManagement] INFO  server.RaftServerConfigKeys (ConfUtils.java:logGet(46)) - raft.server.log.async-flush.enabled = false (default)
2024-03-29 09:28:02,243 [ac45a72a-98f1-49f1-9186-9900cebd9eb6-groupManagement] INFO  server.RaftServerConfigKeys (ConfUtils.java:logGet(46)) - raft.server.log.statemachine.data.caching.enabled = true (custom)
2024-03-29 09:28:02,243 [ac45a72a-98f1-49f1-9186-9900cebd9eb6-groupManagement] INFO  segmented.SegmentedRaftLogWorker (SegmentedRaftLogWorker.java:lambda$new$0(134)) - ac45a72a-98f1-49f1-9186-9900cebd9eb6@group-3D5F132F2B8B-SegmentedRaftLogWorker: flushIndex: setUnconditionally 0 -> -1
2024-03-29 09:28:02,243 [ac45a72a-98f1-49f1-9186-9900cebd9eb6-groupManagement] INFO  segmented.SegmentedRaftLogWorker (SegmentedRaftLogWorker.java:lambda$new$0(134)) - ac45a72a-98f1-49f1-9186-9900cebd9eb6@group-3D5F132F2B8B-SegmentedRaftLogWorker: safeCacheEvictIndex: setUnconditionally 0 -> -1
2024-03-29 09:28:02,244 [ac45a72a-98f1-49f1-9186-9900cebd9eb6-groupManagement] INFO  server.RaftServer$Division (RaftServerImpl.java:start(396)) - ac45a72a-98f1-49f1-9186-9900cebd9eb6@group-3D5F132F2B8B: start as a follower, conf=-1: peers:[ac45a72a-98f1-49f1-9186-9900cebd9eb6|10.1.0.26:15022]|listeners:[], old=null
2024-03-29 09:28:02,244 [ac45a72a-98f1-49f1-9186-9900cebd9eb6-groupManagement] INFO  server.RaftServer$Division (RaftServerImpl.java:setRole(383)) - ac45a72a-98f1-49f1-9186-9900cebd9eb6@group-3D5F132F2B8B: changes role from      null to FOLLOWER at term 0 for startAsFollower
2024-03-29 09:28:02,242 [EventQueue-OpenPipelineForHealthyPipelineSafeModeRule] INFO  safemode.SCMSafeModeManager (HealthyPipelineSafeModeRule.java:process(140)) - SCM in safe mode. Healthy pipelines reported count is 0, required healthy pipeline reported count is 1
2024-03-29 09:28:02,245 [ac45a72a-98f1-49f1-9186-9900cebd9eb6-groupManagement] INFO  impl.RoleInfo (RoleInfo.java:updateAndGet(139)) - ac45a72a-98f1-49f1-9186-9900cebd9eb6: start ac45a72a-98f1-49f1-9186-9900cebd9eb6@group-3D5F132F2B8B-FollowerState
2024-03-29 09:28:02,246 [ac45a72a-98f1-49f1-9186-9900cebd9eb6@group-3D5F132F2B8B-FollowerState] INFO  server.RaftServerConfigKeys (ConfUtils.java:logFallback(53)) - raft.server.rpc.first-election.timeout.min = 5s (fallback to raft.server.rpc.timeout.min)
2024-03-29 09:28:02,246 [ac45a72a-98f1-49f1-9186-9900cebd9eb6-groupManagement] INFO  util.JmxRegister (JmxRegister.java:tryRegister(44)) - Successfully registered JMX Bean with object name Ratis:service=RaftServer,group=group-3D5F132F2B8B,id=ac45a72a-98f1-49f1-9186-9900cebd9eb6
2024-03-29 09:28:02,246 [ac45a72a-98f1-49f1-9186-9900cebd9eb6@group-3D5F132F2B8B-FollowerState] INFO  server.RaftServerConfigKeys (ConfUtils.java:logFallback(53)) - raft.server.rpc.first-election.timeout.max = 5200ms (fallback to raft.server.rpc.timeout.max)
2024-03-29 09:28:02,246 [ac45a72a-98f1-49f1-9186-9900cebd9eb6-groupManagement] INFO  server.RaftServerConfigKeys (ConfUtils.java:logGet(46)) - raft.server.snapshot.trigger-when-stop.enabled = true (default)
2024-03-29 09:28:02,246 [ac45a72a-98f1-49f1-9186-9900cebd9eb6-groupManagement] INFO  server.RaftServerConfigKeys (ConfUtils.java:logGet(46)) - raft.server.snapshot.auto.trigger.enabled = true (custom)
2024-03-29 09:28:02,247 [ac45a72a-98f1-49f1-9186-9900cebd9eb6-groupManagement] INFO  server.RaftServerConfigKeys (ConfUtils.java:logGet(46)) - raft.server.snapshot.auto.trigger.threshold = 10000 (custom)
2024-03-29 09:28:02,247 [ac45a72a-98f1-49f1-9186-9900cebd9eb6-groupManagement] INFO  server.RaftServerConfigKeys (ConfUtils.java:logGet(46)) - raft.server.snapshot.retention.file.num = 5 (custom)
2024-03-29 09:28:02,247 [ac45a72a-98f1-49f1-9186-9900cebd9eb6-groupManagement] INFO  server.RaftServerConfigKeys (ConfUtils.java:logGet(46)) - raft.server.log.purge.upto.snapshot.index = false (default)
2024-03-29 09:28:02,249 [ac45a72a-98f1-49f1-9186-9900cebd9eb6-PipelineCommandHandlerThread-0] INFO  ratis.XceiverServerRatis (XceiverServerRatis.java:addGroup(864)) - Created group PipelineID=30faa9bb-1dc5-4956-ac54-3d5f132f2b8b
2024-03-29 09:28:02,250 [ac45a72a-98f1-49f1-9186-9900cebd9eb6-PipelineCommandHandlerThread-0] INFO  commandhandler.CreatePipelineCommandHandler (CreatePipelineCommandHandler.java:lambda$handle$2(124)) - Created Pipeline RATIS ONE PipelineID=30faa9bb-1dc5-4956-ac54-3d5f132f2b8b.
2024-03-29 09:28:02,250 [ac45a72a-98f1-49f1-9186-9900cebd9eb6-PipelineCommandHandlerThread-0] INFO  server.RaftServer (RaftServerProxy.java:addNew(100)) - ac45a72a-98f1-49f1-9186-9900cebd9eb6: addNew group-E3CBA6535E02:[ac45a72a-98f1-49f1-9186-9900cebd9eb6|10.1.0.26:15022, 21cc794e-90c3-4d38-9905-a833a32dcd6c|10.1.0.26:15040, 9f689a4b-3525-432c-897a-89bebd88635c|10.1.0.26:15031] returns group-E3CBA6535E02:java.util.concurrent.CompletableFuture@66517ee3[Not completed]
2024-03-29 09:28:02,252 [ac45a72a-98f1-49f1-9186-9900cebd9eb6-groupManagement] INFO  server.RaftServer$Division (RaftServerImpl.java:<init>(256)) - ac45a72a-98f1-49f1-9186-9900cebd9eb6: new RaftServerImpl for group-E3CBA6535E02:[ac45a72a-98f1-49f1-9186-9900cebd9eb6|10.1.0.26:15022, 21cc794e-90c3-4d38-9905-a833a32dcd6c|10.1.0.26:15040, 9f689a4b-3525-432c-897a-89bebd88635c|10.1.0.26:15031] with ContainerStateMachine:uninitialized
2024-03-29 09:28:02,252 [ac45a72a-98f1-49f1-9186-9900cebd9eb6-groupManagement] INFO  server.RaftServerConfigKeys (ConfUtils.java:logGet(46)) - raft.server.rpc.timeout.min = 5s (custom)
2024-03-29 09:28:02,252 [ac45a72a-98f1-49f1-9186-9900cebd9eb6-groupManagement] INFO  server.RaftServerConfigKeys (ConfUtils.java:logGet(46)) - raft.server.rpc.timeout.max = 5200ms (custom)
2024-03-29 09:28:02,252 [ac45a72a-98f1-49f1-9186-9900cebd9eb6-groupManagement] INFO  server.RaftServerConfigKeys (ConfUtils.java:logGet(46)) - raft.server.rpc.sleep.time = 25ms (default)
2024-03-29 09:28:02,252 [ac45a72a-98f1-49f1-9186-9900cebd9eb6-groupManagement] INFO  server.RaftServerConfigKeys (ConfUtils.java:logGet(46)) - raft.server.rpc.slowness.timeout = 300s (custom)
2024-03-29 09:28:02,253 [ac45a72a-98f1-49f1-9186-9900cebd9eb6-groupManagement] INFO  server.RaftServerConfigKeys (ConfUtils.java:logGet(46)) - raft.server.leaderelection.leader.step-down.wait-time = 10s (default)
2024-03-29 09:28:02,253 [ac45a72a-98f1-49f1-9186-9900cebd9eb6-groupManagement] INFO  server.RaftServerConfigKeys (ConfUtils.java:logGet(46)) - raft.server.leaderelection.member.majority-add = false (default)
2024-03-29 09:28:02,253 [ac45a72a-98f1-49f1-9186-9900cebd9eb6-groupManagement] INFO  server.RaftServerConfigKeys (ConfUtils.java:logGet(46)) - raft.server.sleep.deviation.threshold = 300ms (default)
2024-03-29 09:28:02,253 [ac45a72a-98f1-49f1-9186-9900cebd9eb6-groupManagement] INFO  server.RaftServer$Division (ServerState.java:<init>(113)) - ac45a72a-98f1-49f1-9186-9900cebd9eb6@group-E3CBA6535E02: ConfigurationManager, init=-1: peers:[ac45a72a-98f1-49f1-9186-9900cebd9eb6|10.1.0.26:15022, 21cc794e-90c3-4d38-9905-a833a32dcd6c|10.1.0.26:15040, 9f689a4b-3525-432c-897a-89bebd88635c|10.1.0.26:15031]|listeners:[], old=null, confs=<EMPTY_MAP>
2024-03-29 09:28:02,253 [ac45a72a-98f1-49f1-9186-9900cebd9eb6-groupManagement] INFO  server.RaftServerConfigKeys (ConfUtils.java:logGet(46)) - raft.server.notification.no-leader.timeout = 300s (custom)
2024-03-29 09:28:02,254 [ac45a72a-98f1-49f1-9186-9900cebd9eb6-groupManagement] INFO  server.RaftServerConfigKeys (ConfUtils.java:logGet(46)) - raft.server.read.timeout = 10s (default)
2024-03-29 09:28:02,254 [ac45a72a-98f1-49f1-9186-9900cebd9eb6-groupManagement] INFO  server.RaftServerConfigKeys (ConfUtils.java:logGet(46)) - raft.server.retrycache.expirytime = 600000ms (custom)
2024-03-29 09:28:02,254 [ac45a72a-98f1-49f1-9186-9900cebd9eb6-groupManagement] INFO  server.RaftServerConfigKeys (ConfUtils.java:logGet(46)) - raft.server.retrycache.statistics.expirytime = 100ms (default)
2024-03-29 09:28:02,254 [ac45a72a-98f1-49f1-9186-9900cebd9eb6-groupManagement] INFO  server.RaftServerConfigKeys (ConfUtils.java:logGet(46)) - raft.server.read.option = DEFAULT (default)
2024-03-29 09:28:02,254 [ac45a72a-98f1-49f1-9186-9900cebd9eb6-groupManagement] INFO  server.RaftServerConfigKeys (ConfUtils.java:logGet(46)) - raft.server.read.read-after-write-consistent.write-index-cache.expiry-time = 60s (default)
2024-03-29 09:28:02,258 [ac45a72a-98f1-49f1-9186-9900cebd9eb6-groupManagement] INFO  server.RaftServerConfigKeys (ConfUtils.java:logGet(46)) - raft.server.rpc.request.timeout = 60s (custom)
2024-03-29 09:28:02,258 [ac45a72a-98f1-49f1-9186-9900cebd9eb6-groupManagement] INFO  server.RaftServerConfigKeys (ConfUtils.java:logGet(46)) - raft.server.log.appender.install.snapshot.enabled = false (custom)
2024-03-29 09:28:02,258 [ac45a72a-98f1-49f1-9186-9900cebd9eb6-groupManagement] INFO  server.RaftServerConfigKeys (ConfUtils.java:logGet(46)) - raft.server.threadpool.server.cached = true (default)
2024-03-29 09:28:02,258 [ac45a72a-98f1-49f1-9186-9900cebd9eb6-groupManagement] INFO  server.RaftServerConfigKeys (ConfUtils.java:logGet(46)) - raft.server.threadpool.server.size = 0 (default)
2024-03-29 09:28:02,258 [ac45a72a-98f1-49f1-9186-9900cebd9eb6-groupManagement] INFO  server.RaftServerConfigKeys (ConfUtils.java:logGet(46)) - raft.server.threadpool.client.cached = true (default)
2024-03-29 09:28:02,258 [ac45a72a-98f1-49f1-9186-9900cebd9eb6-groupManagement] INFO  server.RaftServerConfigKeys (ConfUtils.java:logGet(46)) - raft.server.threadpool.client.size = 0 (default)
2024-03-29 09:28:02,259 [ac45a72a-98f1-49f1-9186-9900cebd9eb6-groupManagement] INFO  server.RaftServerConfigKeys (ConfUtils.java:logGet(46)) - raft.server.storage.free-space.min = 0MB (=0) (default)
2024-03-29 09:28:02,259 [ac45a72a-98f1-49f1-9186-9900cebd9eb6-groupManagement] INFO  server.RaftServerConfigKeys (ConfUtils.java:logGet(46)) - raft.server.log.corruption.policy = EXCEPTION (default)
2024-03-29 09:28:02,259 [ac45a72a-98f1-49f1-9186-9900cebd9eb6-groupManagement] INFO  server.RaftServerConfigKeys (ConfUtils.java:logGet(46)) - raft.server.storage.dir = [/home/runner/work/ozone/ozone/hadoop-ozone/integration-test/target/test-dir/MiniOzoneClusterImpl-2686784a-6a4a-436e-9d81-be1eb39caf3e/ozone-meta/datanode-1/ratis] (custom)
2024-03-29 09:28:02,260 [ac45a72a-98f1-49f1-9186-9900cebd9eb6-groupManagement] INFO  storage.RaftStorageDirectory (RaftStorageDirectoryImpl.java:analyzeStorage(138)) - The storage directory /home/runner/work/ozone/ozone/hadoop-ozone/integration-test/target/test-dir/MiniOzoneClusterImpl-2686784a-6a4a-436e-9d81-be1eb39caf3e/ozone-meta/datanode-1/ratis/feb43b08-226c-484d-a820-e3cba6535e02 does not exist. Creating ...
2024-03-29 09:28:02,261 [ac45a72a-98f1-49f1-9186-9900cebd9eb6-groupManagement] INFO  storage.RaftStorageDirectory (RaftStorageDirectoryImpl.java:tryLock(228)) - Lock on /home/runner/work/ozone/ozone/hadoop-ozone/integration-test/target/test-dir/MiniOzoneClusterImpl-2686784a-6a4a-436e-9d81-be1eb39caf3e/ozone-meta/datanode-1/ratis/feb43b08-226c-484d-a820-e3cba6535e02/in_use.lock acquired by nodename 134834@fv-az771-813
2024-03-29 09:28:02,262 [ac45a72a-98f1-49f1-9186-9900cebd9eb6-groupManagement] INFO  storage.RaftStorage (RaftStorageImpl.java:format(99)) - Storage directory /home/runner/work/ozone/ozone/hadoop-ozone/integration-test/target/test-dir/MiniOzoneClusterImpl-2686784a-6a4a-436e-9d81-be1eb39caf3e/ozone-meta/datanode-1/ratis/feb43b08-226c-484d-a820-e3cba6535e02 has been successfully formatted.
2024-03-29 09:28:02,262 [ac45a72a-98f1-49f1-9186-9900cebd9eb6-groupManagement] WARN  util.FileUtils (LogUtils.java:supplyAndLog(63)) - Failed to Files.newInputStream /home/runner/work/ozone/ozone/hadoop-ozone/integration-test/target/test-dir/MiniOzoneClusterImpl-2686784a-6a4a-436e-9d81-be1eb39caf3e/ozone-meta/datanode-1/ratis/feb43b08-226c-484d-a820-e3cba6535e02/current/raft-meta.conf with options []: java.nio.file.NoSuchFileException: /home/runner/work/ozone/ozone/hadoop-ozone/integration-test/target/test-dir/MiniOzoneClusterImpl-2686784a-6a4a-436e-9d81-be1eb39caf3e/ozone-meta/datanode-1/ratis/feb43b08-226c-484d-a820-e3cba6535e02/current/raft-meta.conf
2024-03-29 09:28:02,262 [ac45a72a-98f1-49f1-9186-9900cebd9eb6-groupManagement] INFO  ratis.ContainerStateMachine (ContainerStateMachine.java:loadSnapshot(287)) - group-E3CBA6535E02: The snapshot info is null. Setting the last applied index to:(t:0, i:~)
2024-03-29 09:28:02,263 [ac45a72a-98f1-49f1-9186-9900cebd9eb6-groupManagement] INFO  server.RaftServerConfigKeys (ConfUtils.java:logGet(46)) - raft.server.log.use.memory = false (default)
2024-03-29 09:28:02,263 [ac45a72a-98f1-49f1-9186-9900cebd9eb6-groupManagement] INFO  server.RaftServerConfigKeys (ConfUtils.java:logGet(46)) - raft.server.log.purge.gap = 1000000 (custom)
2024-03-29 09:28:02,263 [ac45a72a-98f1-49f1-9186-9900cebd9eb6-groupManagement] INFO  server.RaftServerConfigKeys (ConfUtils.java:logGet(46)) - raft.server.log.appender.buffer.byte-limit = 8388608 (custom)
2024-03-29 09:28:02,266 [ac45a72a-98f1-49f1-9186-9900cebd9eb6-groupManagement] INFO  server.RaftServerConfigKeys (ConfUtils.java:logGet(46)) - raft.server.log.statemachine.data.read.timeout = 1000ms (default)
2024-03-29 09:28:02,266 [ac45a72a-98f1-49f1-9186-9900cebd9eb6-groupManagement] INFO  server.RaftServerConfigKeys (ConfUtils.java:logGet(46)) - raft.server.log.purge.preservation.log.num = 0 (default)
2024-03-29 09:28:02,267 [EventQueue-OpenPipelineForHealthyPipelineSafeModeRule] INFO  safemode.SCMSafeModeManager (HealthyPipelineSafeModeRule.java:process(140)) - SCM in safe mode. Healthy pipelines reported count is 0, required healthy pipeline reported count is 1
2024-03-29 09:28:02,269 [ac45a72a-98f1-49f1-9186-9900cebd9eb6-groupManagement] INFO  server.RaftServerConfigKeys (ConfUtils.java:logGet(46)) - raft.server.log.segment.size.max = 67108864 (custom)
2024-03-29 09:28:02,269 [ac45a72a-98f1-49f1-9186-9900cebd9eb6-groupManagement] INFO  server.RaftServerConfigKeys (ConfUtils.java:logGet(46)) - raft.server.log.segment.cache.num.max = 2 (custom)
2024-03-29 09:28:02,269 [ac45a72a-98f1-49f1-9186-9900cebd9eb6-groupManagement] INFO  server.RaftServerConfigKeys (ConfUtils.java:logGet(46)) - raft.server.log.segment.cache.size.max = 200MB (=209715200) (default)
2024-03-29 09:28:02,270 [ac45a72a-98f1-49f1-9186-9900cebd9eb6-groupManagement] INFO  server.RaftServerConfigKeys (ConfUtils.java:logGet(46)) - raft.server.log.appender.buffer.byte-limit = 8388608 (custom)
2024-03-29 09:28:02,270 [ac45a72a-98f1-49f1-9186-9900cebd9eb6-groupManagement] INFO  util.AwaitToRun (AwaitToRun.java:start(81)) - Thread[ac45a72a-98f1-49f1-9186-9900cebd9eb6@group-E3CBA6535E02-cacheEviction-AwaitToRun,5,main] started
2024-03-29 09:28:02,270 [ac45a72a-98f1-49f1-9186-9900cebd9eb6-groupManagement] INFO  segmented.SegmentedRaftLogWorker (SegmentedRaftLogWorker.java:<init>(182)) - new ac45a72a-98f1-49f1-9186-9900cebd9eb6@group-E3CBA6535E02-SegmentedRaftLogWorker for RaftStorageImpl:Storage Directory /home/runner/work/ozone/ozone/hadoop-ozone/integration-test/target/test-dir/MiniOzoneClusterImpl-2686784a-6a4a-436e-9d81-be1eb39caf3e/ozone-meta/datanode-1/ratis/feb43b08-226c-484d-a820-e3cba6535e02
2024-03-29 09:28:02,270 [ac45a72a-98f1-49f1-9186-9900cebd9eb6-groupManagement] INFO  server.RaftServerConfigKeys (ConfUtils.java:logGet(46)) - raft.server.log.queue.byte-limit = 4294967296 (custom)
2024-03-29 09:28:02,270 [ac45a72a-98f1-49f1-9186-9900cebd9eb6-groupManagement] INFO  server.RaftServerConfigKeys (ConfUtils.java:logGet(46)) - raft.server.log.queue.element-limit = 1024 (custom)
2024-03-29 09:28:02,270 [ac45a72a-98f1-49f1-9186-9900cebd9eb6-groupManagement] INFO  server.RaftServerConfigKeys (ConfUtils.java:logGet(46)) - raft.server.log.segment.size.max = 67108864 (custom)
2024-03-29 09:28:02,270 [ac45a72a-98f1-49f1-9186-9900cebd9eb6-groupManagement] INFO  server.RaftServerConfigKeys (ConfUtils.java:logGet(46)) - raft.server.log.preallocated.size = 4194304 (custom)
2024-03-29 09:28:02,270 [ac45a72a-98f1-49f1-9186-9900cebd9eb6-groupManagement] INFO  server.RaftServerConfigKeys (ConfUtils.java:logGet(46)) - raft.server.log.force.sync.num = 128 (default)
2024-03-29 09:28:02,271 [ac45a72a-98f1-49f1-9186-9900cebd9eb6-groupManagement] INFO  server.RaftServerConfigKeys (ConfUtils.java:logGet(46)) - raft.server.log.statemachine.data.sync = true (default)
2024-03-29 09:28:02,271 [ac45a72a-98f1-49f1-9186-9900cebd9eb6-groupManagement] INFO  server.RaftServerConfigKeys (ConfUtils.java:logGet(46)) - raft.server.log.statemachine.data.sync.timeout = 10s (default)
2024-03-29 09:28:02,271 [ac45a72a-98f1-49f1-9186-9900cebd9eb6-groupManagement] INFO  server.RaftServerConfigKeys (ConfUtils.java:logGet(46)) - raft.server.log.statemachine.data.sync.timeout.retry = 0 (custom)
2024-03-29 09:28:02,271 [ac45a72a-98f1-49f1-9186-9900cebd9eb6-groupManagement] INFO  server.RaftServerConfigKeys (ConfUtils.java:logGet(46)) - raft.server.log.write.buffer.size = 8388616 (custom)
2024-03-29 09:28:02,272 [ac45a72a-98f1-49f1-9186-9900cebd9eb6-groupManagement] INFO  server.RaftServerConfigKeys (ConfUtils.java:logGet(46)) - raft.server.log.appender.buffer.byte-limit = 8388608 (custom)
2024-03-29 09:28:02,272 [ac45a72a-98f1-49f1-9186-9900cebd9eb6-groupManagement] INFO  server.RaftServerConfigKeys (ConfUtils.java:logGet(46)) - raft.server.log.unsafe-flush.enabled = false (default)
2024-03-29 09:28:02,273 [ac45a72a-98f1-49f1-9186-9900cebd9eb6-groupManagement] INFO  server.RaftServerConfigKeys (ConfUtils.java:logGet(46)) - raft.server.log.async-flush.enabled = false (default)
2024-03-29 09:28:02,273 [ac45a72a-98f1-49f1-9186-9900cebd9eb6-groupManagement] INFO  server.RaftServerConfigKeys (ConfUtils.java:logGet(46)) - raft.server.log.statemachine.data.caching.enabled = true (custom)
2024-03-29 09:28:02,273 [ac45a72a-98f1-49f1-9186-9900cebd9eb6-groupManagement] INFO  segmented.SegmentedRaftLogWorker (SegmentedRaftLogWorker.java:lambda$new$0(134)) - ac45a72a-98f1-49f1-9186-9900cebd9eb6@group-E3CBA6535E02-SegmentedRaftLogWorker: flushIndex: setUnconditionally 0 -> -1
2024-03-29 09:28:02,273 [ac45a72a-98f1-49f1-9186-9900cebd9eb6-groupManagement] INFO  segmented.SegmentedRaftLogWorker (SegmentedRaftLogWorker.java:lambda$new$0(134)) - ac45a72a-98f1-49f1-9186-9900cebd9eb6@group-E3CBA6535E02-SegmentedRaftLogWorker: safeCacheEvictIndex: setUnconditionally 0 -> -1
2024-03-29 09:28:02,273 [ac45a72a-98f1-49f1-9186-9900cebd9eb6-groupManagement] INFO  server.RaftServer$Division (RaftServerImpl.java:start(396)) - ac45a72a-98f1-49f1-9186-9900cebd9eb6@group-E3CBA6535E02: start as a follower, conf=-1: peers:[ac45a72a-98f1-49f1-9186-9900cebd9eb6|10.1.0.26:15022, 21cc794e-90c3-4d38-9905-a833a32dcd6c|10.1.0.26:15040, 9f689a4b-3525-432c-897a-89bebd88635c|10.1.0.26:15031]|listeners:[], old=null
2024-03-29 09:28:02,273 [ac45a72a-98f1-49f1-9186-9900cebd9eb6-groupManagement] INFO  server.RaftServer$Division (RaftServerImpl.java:setRole(383)) - ac45a72a-98f1-49f1-9186-9900cebd9eb6@group-E3CBA6535E02: changes role from      null to FOLLOWER at term 0 for startAsFollower
2024-03-29 09:28:02,274 [ac45a72a-98f1-49f1-9186-9900cebd9eb6-groupManagement] INFO  impl.RoleInfo (RoleInfo.java:updateAndGet(139)) - ac45a72a-98f1-49f1-9186-9900cebd9eb6: start ac45a72a-98f1-49f1-9186-9900cebd9eb6@group-E3CBA6535E02-FollowerState
2024-03-29 09:28:02,274 [ac45a72a-98f1-49f1-9186-9900cebd9eb6@group-E3CBA6535E02-FollowerState] INFO  server.RaftServerConfigKeys (ConfUtils.java:logFallback(53)) - raft.server.rpc.first-election.timeout.min = 5s (fallback to raft.server.rpc.timeout.min)
2024-03-29 09:28:02,274 [ac45a72a-98f1-49f1-9186-9900cebd9eb6@group-E3CBA6535E02-FollowerState] INFO  server.RaftServerConfigKeys (ConfUtils.java:logFallback(53)) - raft.server.rpc.first-election.timeout.max = 5200ms (fallback to raft.server.rpc.timeout.max)
2024-03-29 09:28:02,274 [ac45a72a-98f1-49f1-9186-9900cebd9eb6-groupManagement] INFO  util.JmxRegister (JmxRegister.java:tryRegister(44)) - Successfully registered JMX Bean with object name Ratis:service=RaftServer,group=group-E3CBA6535E02,id=ac45a72a-98f1-49f1-9186-9900cebd9eb6
2024-03-29 09:28:02,274 [ac45a72a-98f1-49f1-9186-9900cebd9eb6-groupManagement] INFO  server.RaftServerConfigKeys (ConfUtils.java:logGet(46)) - raft.server.snapshot.trigger-when-stop.enabled = true (default)
2024-03-29 09:28:02,274 [ac45a72a-98f1-49f1-9186-9900cebd9eb6-groupManagement] INFO  server.RaftServerConfigKeys (ConfUtils.java:logGet(46)) - raft.server.snapshot.auto.trigger.enabled = true (custom)
2024-03-29 09:28:02,275 [ac45a72a-98f1-49f1-9186-9900cebd9eb6-groupManagement] INFO  server.RaftServerConfigKeys (ConfUtils.java:logGet(46)) - raft.server.snapshot.auto.trigger.threshold = 10000 (custom)
2024-03-29 09:28:02,275 [ac45a72a-98f1-49f1-9186-9900cebd9eb6-groupManagement] INFO  server.RaftServerConfigKeys (ConfUtils.java:logGet(46)) - raft.server.snapshot.retention.file.num = 5 (custom)
2024-03-29 09:28:02,275 [ac45a72a-98f1-49f1-9186-9900cebd9eb6-groupManagement] INFO  server.RaftServerConfigKeys (ConfUtils.java:logGet(46)) - raft.server.log.purge.upto.snapshot.index = false (default)
2024-03-29 09:28:02,280 [ac45a72a-98f1-49f1-9186-9900cebd9eb6-PipelineCommandHandlerThread-0] INFO  ratis.XceiverServerRatis (XceiverServerRatis.java:addGroup(864)) - Created group PipelineID=feb43b08-226c-484d-a820-e3cba6535e02
2024-03-29 09:28:02,321 [9f689a4b-3525-432c-897a-89bebd88635c-PipelineCommandHandlerThread-0] INFO  server.RaftServer (RaftServerProxy.java:addNew(100)) - 9f689a4b-3525-432c-897a-89bebd88635c: addNew group-7C8350D9FD15:[9f689a4b-3525-432c-897a-89bebd88635c|10.1.0.26:15031] returns group-7C8350D9FD15:java.util.concurrent.CompletableFuture@351eed1f[Not completed]
2024-03-29 09:28:02,326 [9f689a4b-3525-432c-897a-89bebd88635c-groupManagement] INFO  server.RaftServer$Division (RaftServerImpl.java:<init>(256)) - 9f689a4b-3525-432c-897a-89bebd88635c: new RaftServerImpl for group-7C8350D9FD15:[9f689a4b-3525-432c-897a-89bebd88635c|10.1.0.26:15031] with ContainerStateMachine:uninitialized
2024-03-29 09:28:02,327 [9f689a4b-3525-432c-897a-89bebd88635c-groupManagement] INFO  server.RaftServerConfigKeys (ConfUtils.java:logGet(46)) - raft.server.rpc.timeout.min = 5s (custom)
2024-03-29 09:28:02,327 [9f689a4b-3525-432c-897a-89bebd88635c-groupManagement] INFO  server.RaftServerConfigKeys (ConfUtils.java:logGet(46)) - raft.server.rpc.timeout.max = 5200ms (custom)
2024-03-29 09:28:02,327 [9f689a4b-3525-432c-897a-89bebd88635c-groupManagement] INFO  server.RaftServerConfigKeys (ConfUtils.java:logGet(46)) - raft.server.rpc.sleep.time = 25ms (default)
2024-03-29 09:28:02,327 [9f689a4b-3525-432c-897a-89bebd88635c-groupManagement] INFO  server.RaftServerConfigKeys (ConfUtils.java:logGet(46)) - raft.server.rpc.slowness.timeout = 300s (custom)
2024-03-29 09:28:02,327 [9f689a4b-3525-432c-897a-89bebd88635c-groupManagement] INFO  server.RaftServerConfigKeys (ConfUtils.java:logGet(46)) - raft.server.leaderelection.leader.step-down.wait-time = 10s (default)
2024-03-29 09:28:02,328 [9f689a4b-3525-432c-897a-89bebd88635c-groupManagement] INFO  server.RaftServerConfigKeys (ConfUtils.java:logGet(46)) - raft.server.leaderelection.member.majority-add = false (default)
2024-03-29 09:28:02,328 [9f689a4b-3525-432c-897a-89bebd88635c-groupManagement] INFO  server.RaftServerConfigKeys (ConfUtils.java:logGet(46)) - raft.server.sleep.deviation.threshold = 300ms (default)
2024-03-29 09:28:02,328 [9f689a4b-3525-432c-897a-89bebd88635c-groupManagement] INFO  server.RaftServer$Division (ServerState.java:<init>(113)) - 9f689a4b-3525-432c-897a-89bebd88635c@group-7C8350D9FD15: ConfigurationManager, init=-1: peers:[9f689a4b-3525-432c-897a-89bebd88635c|10.1.0.26:15031]|listeners:[], old=null, confs=<EMPTY_MAP>
2024-03-29 09:28:02,328 [9f689a4b-3525-432c-897a-89bebd88635c-groupManagement] INFO  server.RaftServerConfigKeys (ConfUtils.java:logGet(46)) - raft.server.notification.no-leader.timeout = 300s (custom)
2024-03-29 09:28:02,329 [9f689a4b-3525-432c-897a-89bebd88635c-groupManagement] INFO  server.RaftServerConfigKeys (ConfUtils.java:logGet(46)) - raft.server.read.timeout = 10s (default)
2024-03-29 09:28:02,329 [9f689a4b-3525-432c-897a-89bebd88635c-groupManagement] INFO  server.RaftServerConfigKeys (ConfUtils.java:logGet(46)) - raft.server.retrycache.expirytime = 600000ms (custom)
2024-03-29 09:28:02,329 [9f689a4b-3525-432c-897a-89bebd88635c-groupManagement] INFO  server.RaftServerConfigKeys (ConfUtils.java:logGet(46)) - raft.server.retrycache.statistics.expirytime = 100ms (default)
2024-03-29 09:28:02,329 [9f689a4b-3525-432c-897a-89bebd88635c-groupManagement] INFO  server.RaftServerConfigKeys (ConfUtils.java:logGet(46)) - raft.server.read.option = DEFAULT (default)
2024-03-29 09:28:02,330 [9f689a4b-3525-432c-897a-89bebd88635c-groupManagement] INFO  server.RaftServerConfigKeys (ConfUtils.java:logGet(46)) - raft.server.read.read-after-write-consistent.write-index-cache.expiry-time = 60s (default)
2024-03-29 09:28:02,332 [9f689a4b-3525-432c-897a-89bebd88635c-groupManagement] INFO  server.RaftServerConfigKeys (ConfUtils.java:logGet(46)) - raft.server.rpc.request.timeout = 60s (custom)
2024-03-29 09:28:02,332 [9f689a4b-3525-432c-897a-89bebd88635c-groupManagement] INFO  server.RaftServerConfigKeys (ConfUtils.java:logGet(46)) - raft.server.log.appender.install.snapshot.enabled = false (custom)
2024-03-29 09:28:02,332 [9f689a4b-3525-432c-897a-89bebd88635c-groupManagement] INFO  server.RaftServerConfigKeys (ConfUtils.java:logGet(46)) - raft.server.threadpool.server.cached = true (default)
2024-03-29 09:28:02,333 [9f689a4b-3525-432c-897a-89bebd88635c-groupManagement] INFO  server.RaftServerConfigKeys (ConfUtils.java:logGet(46)) - raft.server.threadpool.server.size = 0 (default)
2024-03-29 09:28:02,333 [9f689a4b-3525-432c-897a-89bebd88635c-groupManagement] INFO  server.RaftServerConfigKeys (ConfUtils.java:logGet(46)) - raft.server.threadpool.client.cached = true (default)
2024-03-29 09:28:02,333 [9f689a4b-3525-432c-897a-89bebd88635c-groupManagement] INFO  server.RaftServerConfigKeys (ConfUtils.java:logGet(46)) - raft.server.threadpool.client.size = 0 (default)
2024-03-29 09:28:02,333 [9f689a4b-3525-432c-897a-89bebd88635c-groupManagement] INFO  server.RaftServerConfigKeys (ConfUtils.java:logGet(46)) - raft.server.storage.free-space.min = 0MB (=0) (default)
2024-03-29 09:28:02,333 [9f689a4b-3525-432c-897a-89bebd88635c-groupManagement] INFO  server.RaftServerConfigKeys (ConfUtils.java:logGet(46)) - raft.server.log.corruption.policy = EXCEPTION (default)
2024-03-29 09:28:02,334 [9f689a4b-3525-432c-897a-89bebd88635c-groupManagement] INFO  server.RaftServerConfigKeys (ConfUtils.java:logGet(46)) - raft.server.storage.dir = [/home/runner/work/ozone/ozone/hadoop-ozone/integration-test/target/test-dir/MiniOzoneClusterImpl-2686784a-6a4a-436e-9d81-be1eb39caf3e/ozone-meta/datanode-2/ratis] (custom)
2024-03-29 09:28:02,334 [9f689a4b-3525-432c-897a-89bebd88635c-groupManagement] INFO  storage.RaftStorageDirectory (RaftStorageDirectoryImpl.java:analyzeStorage(138)) - The storage directory /home/runner/work/ozone/ozone/hadoop-ozone/integration-test/target/test-dir/MiniOzoneClusterImpl-2686784a-6a4a-436e-9d81-be1eb39caf3e/ozone-meta/datanode-2/ratis/0d42177e-ebf1-441e-9528-7c8350d9fd15 does not exist. Creating ...
2024-03-29 09:28:02,335 [9f689a4b-3525-432c-897a-89bebd88635c-groupManagement] INFO  storage.RaftStorageDirectory (RaftStorageDirectoryImpl.java:tryLock(228)) - Lock on /home/runner/work/ozone/ozone/hadoop-ozone/integration-test/target/test-dir/MiniOzoneClusterImpl-2686784a-6a4a-436e-9d81-be1eb39caf3e/ozone-meta/datanode-2/ratis/0d42177e-ebf1-441e-9528-7c8350d9fd15/in_use.lock acquired by nodename 134834@fv-az771-813
2024-03-29 09:28:02,336 [9f689a4b-3525-432c-897a-89bebd88635c-groupManagement] INFO  storage.RaftStorage (RaftStorageImpl.java:format(99)) - Storage directory /home/runner/work/ozone/ozone/hadoop-ozone/integration-test/target/test-dir/MiniOzoneClusterImpl-2686784a-6a4a-436e-9d81-be1eb39caf3e/ozone-meta/datanode-2/ratis/0d42177e-ebf1-441e-9528-7c8350d9fd15 has been successfully formatted.
2024-03-29 09:28:02,336 [9f689a4b-3525-432c-897a-89bebd88635c-groupManagement] WARN  util.FileUtils (LogUtils.java:supplyAndLog(63)) - Failed to Files.newInputStream /home/runner/work/ozone/ozone/hadoop-ozone/integration-test/target/test-dir/MiniOzoneClusterImpl-2686784a-6a4a-436e-9d81-be1eb39caf3e/ozone-meta/datanode-2/ratis/0d42177e-ebf1-441e-9528-7c8350d9fd15/current/raft-meta.conf with options []: java.nio.file.NoSuchFileException: /home/runner/work/ozone/ozone/hadoop-ozone/integration-test/target/test-dir/MiniOzoneClusterImpl-2686784a-6a4a-436e-9d81-be1eb39caf3e/ozone-meta/datanode-2/ratis/0d42177e-ebf1-441e-9528-7c8350d9fd15/current/raft-meta.conf
2024-03-29 09:28:02,337 [9f689a4b-3525-432c-897a-89bebd88635c-groupManagement] INFO  ratis.ContainerStateMachine (ContainerStateMachine.java:loadSnapshot(287)) - group-7C8350D9FD15: The snapshot info is null. Setting the last applied index to:(t:0, i:~)
2024-03-29 09:28:02,338 [9f689a4b-3525-432c-897a-89bebd88635c-groupManagement] INFO  server.RaftServerConfigKeys (ConfUtils.java:logGet(46)) - raft.server.log.use.memory = false (default)
2024-03-29 09:28:02,339 [9f689a4b-3525-432c-897a-89bebd88635c-groupManagement] INFO  server.RaftServerConfigKeys (ConfUtils.java:logGet(46)) - raft.server.log.purge.gap = 1000000 (custom)
2024-03-29 09:28:02,339 [9f689a4b-3525-432c-897a-89bebd88635c-groupManagement] INFO  server.RaftServerConfigKeys (ConfUtils.java:logGet(46)) - raft.server.log.appender.buffer.byte-limit = 8388608 (custom)
2024-03-29 09:28:02,339 [9f689a4b-3525-432c-897a-89bebd88635c-groupManagement] INFO  server.RaftServerConfigKeys (ConfUtils.java:logGet(46)) - raft.server.log.statemachine.data.read.timeout = 1000ms (default)
2024-03-29 09:28:02,339 [9f689a4b-3525-432c-897a-89bebd88635c-groupManagement] INFO  server.RaftServerConfigKeys (ConfUtils.java:logGet(46)) - raft.server.log.purge.preservation.log.num = 0 (default)
2024-03-29 09:28:02,340 [EventQueue-PipelineReportForPipelineReportHandler] INFO  pipeline.PipelineReportHandler (PipelineReportHandler.java:processPipelineReport(136)) - Opened pipeline PipelineID=0d42177e-ebf1-441e-9528-7c8350d9fd15
2024-03-29 09:28:02,342 [EventQueue-OpenPipelineForHealthyPipelineSafeModeRule] INFO  safemode.SCMSafeModeManager (HealthyPipelineSafeModeRule.java:process(140)) - SCM in safe mode. Healthy pipelines reported count is 0, required healthy pipeline reported count is 1
2024-03-29 09:28:02,342 [9f689a4b-3525-432c-897a-89bebd88635c-groupManagement] INFO  server.RaftServerConfigKeys (ConfUtils.java:logGet(46)) - raft.server.log.segment.size.max = 67108864 (custom)
2024-03-29 09:28:02,343 [9f689a4b-3525-432c-897a-89bebd88635c-groupManagement] INFO  server.RaftServerConfigKeys (ConfUtils.java:logGet(46)) - raft.server.log.segment.cache.num.max = 2 (custom)
2024-03-29 09:28:02,346 [9f689a4b-3525-432c-897a-89bebd88635c-groupManagement] INFO  server.RaftServerConfigKeys (ConfUtils.java:logGet(46)) - raft.server.log.segment.cache.size.max = 200MB (=209715200) (default)
2024-03-29 09:28:02,346 [9f689a4b-3525-432c-897a-89bebd88635c-groupManagement] INFO  server.RaftServerConfigKeys (ConfUtils.java:logGet(46)) - raft.server.log.appender.buffer.byte-limit = 8388608 (custom)
2024-03-29 09:28:02,347 [9f689a4b-3525-432c-897a-89bebd88635c-groupManagement] INFO  util.AwaitToRun (AwaitToRun.java:start(81)) - Thread[9f689a4b-3525-432c-897a-89bebd88635c@group-7C8350D9FD15-cacheEviction-AwaitToRun,5,main] started
2024-03-29 09:28:02,347 [9f689a4b-3525-432c-897a-89bebd88635c-groupManagement] INFO  segmented.SegmentedRaftLogWorker (SegmentedRaftLogWorker.java:<init>(182)) - new 9f689a4b-3525-432c-897a-89bebd88635c@group-7C8350D9FD15-SegmentedRaftLogWorker for RaftStorageImpl:Storage Directory /home/runner/work/ozone/ozone/hadoop-ozone/integration-test/target/test-dir/MiniOzoneClusterImpl-2686784a-6a4a-436e-9d81-be1eb39caf3e/ozone-meta/datanode-2/ratis/0d42177e-ebf1-441e-9528-7c8350d9fd15
2024-03-29 09:28:02,347 [9f689a4b-3525-432c-897a-89bebd88635c-groupManagement] INFO  server.RaftServerConfigKeys (ConfUtils.java:logGet(46)) - raft.server.log.queue.byte-limit = 4294967296 (custom)
2024-03-29 09:28:02,347 [9f689a4b-3525-432c-897a-89bebd88635c-groupManagement] INFO  server.RaftServerConfigKeys (ConfUtils.java:logGet(46)) - raft.server.log.queue.element-limit = 1024 (custom)
2024-03-29 09:28:02,347 [9f689a4b-3525-432c-897a-89bebd88635c-groupManagement] INFO  server.RaftServerConfigKeys (ConfUtils.java:logGet(46)) - raft.server.log.segment.size.max = 67108864 (custom)
2024-03-29 09:28:02,347 [9f689a4b-3525-432c-897a-89bebd88635c-groupManagement] INFO  server.RaftServerConfigKeys (ConfUtils.java:logGet(46)) - raft.server.log.preallocated.size = 4194304 (custom)
2024-03-29 09:28:02,347 [9f689a4b-3525-432c-897a-89bebd88635c-groupManagement] INFO  server.RaftServerConfigKeys (ConfUtils.java:logGet(46)) - raft.server.log.force.sync.num = 128 (default)
2024-03-29 09:28:02,347 [9f689a4b-3525-432c-897a-89bebd88635c-groupManagement] INFO  server.RaftServerConfigKeys (ConfUtils.java:logGet(46)) - raft.server.log.statemachine.data.sync = true (default)
2024-03-29 09:28:02,348 [9f689a4b-3525-432c-897a-89bebd88635c-groupManagement] INFO  server.RaftServerConfigKeys (ConfUtils.java:logGet(46)) - raft.server.log.statemachine.data.sync.timeout = 10s (default)
2024-03-29 09:28:02,348 [9f689a4b-3525-432c-897a-89bebd88635c-groupManagement] INFO  server.RaftServerConfigKeys (ConfUtils.java:logGet(46)) - raft.server.log.statemachine.data.sync.timeout.retry = 0 (custom)
2024-03-29 09:28:02,348 [9f689a4b-3525-432c-897a-89bebd88635c-groupManagement] INFO  server.RaftServerConfigKeys (ConfUtils.java:logGet(46)) - raft.server.log.write.buffer.size = 8388616 (custom)
2024-03-29 09:28:02,351 [9f689a4b-3525-432c-897a-89bebd88635c-groupManagement] INFO  server.RaftServerConfigKeys (ConfUtils.java:logGet(46)) - raft.server.log.appender.buffer.byte-limit = 8388608 (custom)
2024-03-29 09:28:02,351 [9f689a4b-3525-432c-897a-89bebd88635c-groupManagement] INFO  server.RaftServerConfigKeys (ConfUtils.java:logGet(46)) - raft.server.log.unsafe-flush.enabled = false (default)
2024-03-29 09:28:02,351 [9f689a4b-3525-432c-897a-89bebd88635c-groupManagement] INFO  server.RaftServerConfigKeys (ConfUtils.java:logGet(46)) - raft.server.log.async-flush.enabled = false (default)
2024-03-29 09:28:02,351 [9f689a4b-3525-432c-897a-89bebd88635c-groupManagement] INFO  server.RaftServerConfigKeys (ConfUtils.java:logGet(46)) - raft.server.log.statemachine.data.caching.enabled = true (custom)
2024-03-29 09:28:02,351 [9f689a4b-3525-432c-897a-89bebd88635c-groupManagement] INFO  segmented.SegmentedRaftLogWorker (SegmentedRaftLogWorker.java:lambda$new$0(134)) - 9f689a4b-3525-432c-897a-89bebd88635c@group-7C8350D9FD15-SegmentedRaftLogWorker: flushIndex: setUnconditionally 0 -> -1
2024-03-29 09:28:02,351 [9f689a4b-3525-432c-897a-89bebd88635c-groupManagement] INFO  segmented.SegmentedRaftLogWorker (SegmentedRaftLogWorker.java:lambda$new$0(134)) - 9f689a4b-3525-432c-897a-89bebd88635c@group-7C8350D9FD15-SegmentedRaftLogWorker: safeCacheEvictIndex: setUnconditionally 0 -> -1
2024-03-29 09:28:02,351 [grpc-default-executor-4] INFO  server.RaftServer (RaftServerProxy.java:addNew(100)) - 21cc794e-90c3-4d38-9905-a833a32dcd6c: addNew group-E3CBA6535E02:[ac45a72a-98f1-49f1-9186-9900cebd9eb6|10.1.0.26:15022, 21cc794e-90c3-4d38-9905-a833a32dcd6c|10.1.0.26:15040, 9f689a4b-3525-432c-897a-89bebd88635c|10.1.0.26:15031] returns group-E3CBA6535E02:java.util.concurrent.CompletableFuture@155f3672[Not completed]
2024-03-29 09:28:02,353 [21cc794e-90c3-4d38-9905-a833a32dcd6c-groupManagement] INFO  server.RaftServer$Division (RaftServerImpl.java:<init>(256)) - 21cc794e-90c3-4d38-9905-a833a32dcd6c: new RaftServerImpl for group-E3CBA6535E02:[ac45a72a-98f1-49f1-9186-9900cebd9eb6|10.1.0.26:15022, 21cc794e-90c3-4d38-9905-a833a32dcd6c|10.1.0.26:15040, 9f689a4b-3525-432c-897a-89bebd88635c|10.1.0.26:15031] with ContainerStateMachine:uninitialized
2024-03-29 09:28:02,353 [21cc794e-90c3-4d38-9905-a833a32dcd6c-groupManagement] INFO  server.RaftServerConfigKeys (ConfUtils.java:logGet(46)) - raft.server.rpc.timeout.min = 5s (custom)
2024-03-29 09:28:02,353 [21cc794e-90c3-4d38-9905-a833a32dcd6c-groupManagement] INFO  server.RaftServerConfigKeys (ConfUtils.java:logGet(46)) - raft.server.rpc.timeout.max = 5200ms (custom)
2024-03-29 09:28:02,353 [21cc794e-90c3-4d38-9905-a833a32dcd6c-groupManagement] INFO  server.RaftServerConfigKeys (ConfUtils.java:logGet(46)) - raft.server.rpc.sleep.time = 25ms (default)
2024-03-29 09:28:02,354 [21cc794e-90c3-4d38-9905-a833a32dcd6c-groupManagement] INFO  server.RaftServerConfigKeys (ConfUtils.java:logGet(46)) - raft.server.rpc.slowness.timeout = 300s (custom)
2024-03-29 09:28:02,354 [21cc794e-90c3-4d38-9905-a833a32dcd6c-groupManagement] INFO  server.RaftServerConfigKeys (ConfUtils.java:logGet(46)) - raft.server.leaderelection.leader.step-down.wait-time = 10s (default)
2024-03-29 09:28:02,354 [21cc794e-90c3-4d38-9905-a833a32dcd6c-groupManagement] INFO  server.RaftServerConfigKeys (ConfUtils.java:logGet(46)) - raft.server.leaderelection.member.majority-add = false (default)
2024-03-29 09:28:02,354 [21cc794e-90c3-4d38-9905-a833a32dcd6c-groupManagement] INFO  server.RaftServerConfigKeys (ConfUtils.java:logGet(46)) - raft.server.sleep.deviation.threshold = 300ms (default)
2024-03-29 09:28:02,354 [21cc794e-90c3-4d38-9905-a833a32dcd6c-groupManagement] INFO  server.RaftServer$Division (ServerState.java:<init>(113)) - 21cc794e-90c3-4d38-9905-a833a32dcd6c@group-E3CBA6535E02: ConfigurationManager, init=-1: peers:[ac45a72a-98f1-49f1-9186-9900cebd9eb6|10.1.0.26:15022, 21cc794e-90c3-4d38-9905-a833a32dcd6c|10.1.0.26:15040, 9f689a4b-3525-432c-897a-89bebd88635c|10.1.0.26:15031]|listeners:[], old=null, confs=<EMPTY_MAP>
2024-03-29 09:28:02,354 [21cc794e-90c3-4d38-9905-a833a32dcd6c-groupManagement] INFO  server.RaftServerConfigKeys (ConfUtils.java:logGet(46)) - raft.server.notification.no-leader.timeout = 300s (custom)
2024-03-29 09:28:02,354 [21cc794e-90c3-4d38-9905-a833a32dcd6c-groupManagement] INFO  server.RaftServerConfigKeys (ConfUtils.java:logGet(46)) - raft.server.read.timeout = 10s (default)
2024-03-29 09:28:02,354 [21cc794e-90c3-4d38-9905-a833a32dcd6c-groupManagement] INFO  server.RaftServerConfigKeys (ConfUtils.java:logGet(46)) - raft.server.retrycache.expirytime = 600000ms (custom)
2024-03-29 09:28:02,354 [21cc794e-90c3-4d38-9905-a833a32dcd6c-groupManagement] INFO  server.RaftServerConfigKeys (ConfUtils.java:logGet(46)) - raft.server.retrycache.statistics.expirytime = 100ms (default)
2024-03-29 09:28:02,354 [21cc794e-90c3-4d38-9905-a833a32dcd6c-groupManagement] INFO  server.RaftServerConfigKeys (ConfUtils.java:logGet(46)) - raft.server.read.option = DEFAULT (default)
2024-03-29 09:28:02,354 [21cc794e-90c3-4d38-9905-a833a32dcd6c-groupManagement] INFO  server.RaftServerConfigKeys (ConfUtils.java:logGet(46)) - raft.server.read.read-after-write-consistent.write-index-cache.expiry-time = 60s (default)
2024-03-29 09:28:02,357 [21cc794e-90c3-4d38-9905-a833a32dcd6c-groupManagement] INFO  server.RaftServerConfigKeys (ConfUtils.java:logGet(46)) - raft.server.rpc.request.timeout = 60s (custom)
2024-03-29 09:28:02,358 [21cc794e-90c3-4d38-9905-a833a32dcd6c-groupManagement] INFO  server.RaftServerConfigKeys (ConfUtils.java:logGet(46)) - raft.server.log.appender.install.snapshot.enabled = false (custom)
2024-03-29 09:28:02,358 [21cc794e-90c3-4d38-9905-a833a32dcd6c-groupManagement] INFO  server.RaftServerConfigKeys (ConfUtils.java:logGet(46)) - raft.server.threadpool.server.cached = true (default)
2024-03-29 09:28:02,358 [21cc794e-90c3-4d38-9905-a833a32dcd6c-groupManagement] INFO  server.RaftServerConfigKeys (ConfUtils.java:logGet(46)) - raft.server.threadpool.server.size = 0 (default)
2024-03-29 09:28:02,358 [21cc794e-90c3-4d38-9905-a833a32dcd6c-groupManagement] INFO  server.RaftServerConfigKeys (ConfUtils.java:logGet(46)) - raft.server.threadpool.client.cached = true (default)
2024-03-29 09:28:02,358 [21cc794e-90c3-4d38-9905-a833a32dcd6c-groupManagement] INFO  server.RaftServerConfigKeys (ConfUtils.java:logGet(46)) - raft.server.threadpool.client.size = 0 (default)
2024-03-29 09:28:02,358 [21cc794e-90c3-4d38-9905-a833a32dcd6c-groupManagement] INFO  server.RaftServerConfigKeys (ConfUtils.java:logGet(46)) - raft.server.storage.free-space.min = 0MB (=0) (default)
2024-03-29 09:28:02,358 [21cc794e-90c3-4d38-9905-a833a32dcd6c-groupManagement] INFO  server.RaftServerConfigKeys (ConfUtils.java:logGet(46)) - raft.server.log.corruption.policy = EXCEPTION (default)
2024-03-29 09:28:02,358 [21cc794e-90c3-4d38-9905-a833a32dcd6c-groupManagement] INFO  server.RaftServerConfigKeys (ConfUtils.java:logGet(46)) - raft.server.storage.dir = [/home/runner/work/ozone/ozone/hadoop-ozone/integration-test/target/test-dir/MiniOzoneClusterImpl-2686784a-6a4a-436e-9d81-be1eb39caf3e/ozone-meta/datanode-3/ratis] (custom)
2024-03-29 09:28:02,358 [21cc794e-90c3-4d38-9905-a833a32dcd6c-groupManagement] INFO  storage.RaftStorageDirectory (RaftStorageDirectoryImpl.java:analyzeStorage(138)) - The storage directory /home/runner/work/ozone/ozone/hadoop-ozone/integration-test/target/test-dir/MiniOzoneClusterImpl-2686784a-6a4a-436e-9d81-be1eb39caf3e/ozone-meta/datanode-3/ratis/feb43b08-226c-484d-a820-e3cba6535e02 does not exist. Creating ...
2024-03-29 09:28:02,359 [9f689a4b-3525-432c-897a-89bebd88635c-groupManagement] INFO  server.RaftServer$Division (RaftServerImpl.java:start(396)) - 9f689a4b-3525-432c-897a-89bebd88635c@group-7C8350D9FD15: start as a follower, conf=-1: peers:[9f689a4b-3525-432c-897a-89bebd88635c|10.1.0.26:15031]|listeners:[], old=null
2024-03-29 09:28:02,359 [9f689a4b-3525-432c-897a-89bebd88635c-groupManagement] INFO  server.RaftServer$Division (RaftServerImpl.java:setRole(383)) - 9f689a4b-3525-432c-897a-89bebd88635c@group-7C8350D9FD15: changes role from      null to FOLLOWER at term 0 for startAsFollower
2024-03-29 09:28:02,359 [9f689a4b-3525-432c-897a-89bebd88635c-groupManagement] INFO  impl.RoleInfo (RoleInfo.java:updateAndGet(139)) - 9f689a4b-3525-432c-897a-89bebd88635c: start 9f689a4b-3525-432c-897a-89bebd88635c@group-7C8350D9FD15-FollowerState
2024-03-29 09:28:02,359 [21cc794e-90c3-4d38-9905-a833a32dcd6c-groupManagement] INFO  storage.RaftStorageDirectory (RaftStorageDirectoryImpl.java:tryLock(228)) - Lock on /home/runner/work/ozone/ozone/hadoop-ozone/integration-test/target/test-dir/MiniOzoneClusterImpl-2686784a-6a4a-436e-9d81-be1eb39caf3e/ozone-meta/datanode-3/ratis/feb43b08-226c-484d-a820-e3cba6535e02/in_use.lock acquired by nodename 134834@fv-az771-813
2024-03-29 09:28:02,360 [21cc794e-90c3-4d38-9905-a833a32dcd6c-groupManagement] INFO  storage.RaftStorage (RaftStorageImpl.java:format(99)) - Storage directory /home/runner/work/ozone/ozone/hadoop-ozone/integration-test/target/test-dir/MiniOzoneClusterImpl-2686784a-6a4a-436e-9d81-be1eb39caf3e/ozone-meta/datanode-3/ratis/feb43b08-226c-484d-a820-e3cba6535e02 has been successfully formatted.
2024-03-29 09:28:02,361 [21cc794e-90c3-4d38-9905-a833a32dcd6c-groupManagement] WARN  util.FileUtils (LogUtils.java:supplyAndLog(63)) - Failed to Files.newInputStream /home/runner/work/ozone/ozone/hadoop-ozone/integration-test/target/test-dir/MiniOzoneClusterImpl-2686784a-6a4a-436e-9d81-be1eb39caf3e/ozone-meta/datanode-3/ratis/feb43b08-226c-484d-a820-e3cba6535e02/current/raft-meta.conf with options []: java.nio.file.NoSuchFileException: /home/runner/work/ozone/ozone/hadoop-ozone/integration-test/target/test-dir/MiniOzoneClusterImpl-2686784a-6a4a-436e-9d81-be1eb39caf3e/ozone-meta/datanode-3/ratis/feb43b08-226c-484d-a820-e3cba6535e02/current/raft-meta.conf
2024-03-29 09:28:02,371 [9f689a4b-3525-432c-897a-89bebd88635c-groupManagement] INFO  util.JmxRegister (JmxRegister.java:tryRegister(44)) - Successfully registered JMX Bean with object name Ratis:service=RaftServer,group=group-7C8350D9FD15,id=9f689a4b-3525-432c-897a-89bebd88635c
2024-03-29 09:28:02,371 [9f689a4b-3525-432c-897a-89bebd88635c-groupManagement] INFO  server.RaftServerConfigKeys (ConfUtils.java:logGet(46)) - raft.server.snapshot.trigger-when-stop.enabled = true (default)
2024-03-29 09:28:02,372 [9f689a4b-3525-432c-897a-89bebd88635c-groupManagement] INFO  server.RaftServerConfigKeys (ConfUtils.java:logGet(46)) - raft.server.snapshot.auto.trigger.enabled = true (custom)
2024-03-29 09:28:02,372 [9f689a4b-3525-432c-897a-89bebd88635c-groupManagement] INFO  server.RaftServerConfigKeys (ConfUtils.java:logGet(46)) - raft.server.snapshot.auto.trigger.threshold = 10000 (custom)
2024-03-29 09:28:02,372 [9f689a4b-3525-432c-897a-89bebd88635c-groupManagement] INFO  server.RaftServerConfigKeys (ConfUtils.java:logGet(46)) - raft.server.snapshot.retention.file.num = 5 (custom)
2024-03-29 09:28:02,372 [9f689a4b-3525-432c-897a-89bebd88635c-groupManagement] INFO  server.RaftServerConfigKeys (ConfUtils.java:logGet(46)) - raft.server.log.purge.upto.snapshot.index = false (default)
2024-03-29 09:28:02,373 [9f689a4b-3525-432c-897a-89bebd88635c@group-7C8350D9FD15-FollowerState] INFO  server.RaftServerConfigKeys (ConfUtils.java:logFallback(53)) - raft.server.rpc.first-election.timeout.min = 5s (fallback to raft.server.rpc.timeout.min)
2024-03-29 09:28:02,376 [21cc794e-90c3-4d38-9905-a833a32dcd6c-groupManagement] INFO  ratis.ContainerStateMachine (ContainerStateMachine.java:loadSnapshot(287)) - group-E3CBA6535E02: The snapshot info is null. Setting the last applied index to:(t:0, i:~)
2024-03-29 09:28:02,376 [21cc794e-90c3-4d38-9905-a833a32dcd6c-groupManagement] INFO  server.RaftServerConfigKeys (ConfUtils.java:logGet(46)) - raft.server.log.use.memory = false (default)
2024-03-29 09:28:02,376 [21cc794e-90c3-4d38-9905-a833a32dcd6c-groupManagement] INFO  server.RaftServerConfigKeys (ConfUtils.java:logGet(46)) - raft.server.log.purge.gap = 1000000 (custom)
2024-03-29 09:28:02,376 [9f689a4b-3525-432c-897a-89bebd88635c-PipelineCommandHandlerThread-0] INFO  ratis.XceiverServerRatis (XceiverServerRatis.java:addGroup(864)) - Created group PipelineID=0d42177e-ebf1-441e-9528-7c8350d9fd15
2024-03-29 09:28:02,376 [21cc794e-90c3-4d38-9905-a833a32dcd6c-groupManagement] INFO  server.RaftServerConfigKeys (ConfUtils.java:logGet(46)) - raft.server.log.appender.buffer.byte-limit = 8388608 (custom)
2024-03-29 09:28:02,380 [21cc794e-90c3-4d38-9905-a833a32dcd6c-groupManagement] INFO  server.RaftServerConfigKeys (ConfUtils.java:logGet(46)) - raft.server.log.statemachine.data.read.timeout = 1000ms (default)
2024-03-29 09:28:02,380 [21cc794e-90c3-4d38-9905-a833a32dcd6c-groupManagement] INFO  server.RaftServerConfigKeys (ConfUtils.java:logGet(46)) - raft.server.log.purge.preservation.log.num = 0 (default)
2024-03-29 09:28:02,377 [9f689a4b-3525-432c-897a-89bebd88635c-PipelineCommandHandlerThread-0] INFO  commandhandler.CreatePipelineCommandHandler (CreatePipelineCommandHandler.java:lambda$handle$2(124)) - Created Pipeline RATIS ONE PipelineID=0d42177e-ebf1-441e-9528-7c8350d9fd15.
2024-03-29 09:28:02,381 [9f689a4b-3525-432c-897a-89bebd88635c-PipelineCommandHandlerThread-0] INFO  server.RaftServer (RaftServerProxy.java:addNew(100)) - 9f689a4b-3525-432c-897a-89bebd88635c: addNew group-E3CBA6535E02:[ac45a72a-98f1-49f1-9186-9900cebd9eb6|10.1.0.26:15022, 21cc794e-90c3-4d38-9905-a833a32dcd6c|10.1.0.26:15040, 9f689a4b-3525-432c-897a-89bebd88635c|10.1.0.26:15031] returns group-E3CBA6535E02:java.util.concurrent.CompletableFuture@31217f64[Not completed]
2024-03-29 09:28:02,381 [9f689a4b-3525-432c-897a-89bebd88635c@group-7C8350D9FD15-FollowerState] INFO  server.RaftServerConfigKeys (ConfUtils.java:logFallback(53)) - raft.server.rpc.first-election.timeout.max = 5200ms (fallback to raft.server.rpc.timeout.max)
2024-03-29 09:28:02,383 [9f689a4b-3525-432c-897a-89bebd88635c-groupManagement] INFO  server.RaftServer$Division (RaftServerImpl.java:<init>(256)) - 9f689a4b-3525-432c-897a-89bebd88635c: new RaftServerImpl for group-E3CBA6535E02:[ac45a72a-98f1-49f1-9186-9900cebd9eb6|10.1.0.26:15022, 21cc794e-90c3-4d38-9905-a833a32dcd6c|10.1.0.26:15040, 9f689a4b-3525-432c-897a-89bebd88635c|10.1.0.26:15031] with ContainerStateMachine:uninitialized
2024-03-29 09:28:02,383 [9f689a4b-3525-432c-897a-89bebd88635c-groupManagement] INFO  server.RaftServerConfigKeys (ConfUtils.java:logGet(46)) - raft.server.rpc.timeout.min = 5s (custom)
2024-03-29 09:28:02,383 [9f689a4b-3525-432c-897a-89bebd88635c-groupManagement] INFO  server.RaftServerConfigKeys (ConfUtils.java:logGet(46)) - raft.server.rpc.timeout.max = 5200ms (custom)
2024-03-29 09:28:02,383 [9f689a4b-3525-432c-897a-89bebd88635c-groupManagement] INFO  server.RaftServerConfigKeys (ConfUtils.java:logGet(46)) - raft.server.rpc.sleep.time = 25ms (default)
2024-03-29 09:28:02,383 [9f689a4b-3525-432c-897a-89bebd88635c-groupManagement] INFO  server.RaftServerConfigKeys (ConfUtils.java:logGet(46)) - raft.server.rpc.slowness.timeout = 300s (custom)
2024-03-29 09:28:02,383 [9f689a4b-3525-432c-897a-89bebd88635c-groupManagement] INFO  server.RaftServerConfigKeys (ConfUtils.java:logGet(46)) - raft.server.leaderelection.leader.step-down.wait-time = 10s (default)
2024-03-29 09:28:02,384 [9f689a4b-3525-432c-897a-89bebd88635c-groupManagement] INFO  server.RaftServerConfigKeys (ConfUtils.java:logGet(46)) - raft.server.leaderelection.member.majority-add = false (default)
2024-03-29 09:28:02,384 [9f689a4b-3525-432c-897a-89bebd88635c-groupManagement] INFO  server.RaftServerConfigKeys (ConfUtils.java:logGet(46)) - raft.server.sleep.deviation.threshold = 300ms (default)
2024-03-29 09:28:02,384 [9f689a4b-3525-432c-897a-89bebd88635c-groupManagement] INFO  server.RaftServer$Division (ServerState.java:<init>(113)) - 9f689a4b-3525-432c-897a-89bebd88635c@group-E3CBA6535E02: ConfigurationManager, init=-1: peers:[ac45a72a-98f1-49f1-9186-9900cebd9eb6|10.1.0.26:15022, 21cc794e-90c3-4d38-9905-a833a32dcd6c|10.1.0.26:15040, 9f689a4b-3525-432c-897a-89bebd88635c|10.1.0.26:15031]|listeners:[], old=null, confs=<EMPTY_MAP>
2024-03-29 09:28:02,384 [9f689a4b-3525-432c-897a-89bebd88635c-groupManagement] INFO  server.RaftServerConfigKeys (ConfUtils.java:logGet(46)) - raft.server.notification.no-leader.timeout = 300s (custom)
2024-03-29 09:28:02,384 [9f689a4b-3525-432c-897a-89bebd88635c-groupManagement] INFO  server.RaftServerConfigKeys (ConfUtils.java:logGet(46)) - raft.server.read.timeout = 10s (default)
2024-03-29 09:28:02,384 [21cc794e-90c3-4d38-9905-a833a32dcd6c-groupManagement] INFO  server.RaftServerConfigKeys (ConfUtils.java:logGet(46)) - raft.server.log.segment.size.max = 67108864 (custom)
2024-03-29 09:28:02,385 [21cc794e-90c3-4d38-9905-a833a32dcd6c-groupManagement] INFO  server.RaftServerConfigKeys (ConfUtils.java:logGet(46)) - raft.server.log.segment.cache.num.max = 2 (custom)
2024-03-29 09:28:02,385 [21cc794e-90c3-4d38-9905-a833a32dcd6c-groupManagement] INFO  server.RaftServerConfigKeys (ConfUtils.java:logGet(46)) - raft.server.log.segment.cache.size.max = 200MB (=209715200) (default)
2024-03-29 09:28:02,384 [9f689a4b-3525-432c-897a-89bebd88635c-groupManagement] INFO  server.RaftServerConfigKeys (ConfUtils.java:logGet(46)) - raft.server.retrycache.expirytime = 600000ms (custom)
2024-03-29 09:28:02,385 [21cc794e-90c3-4d38-9905-a833a32dcd6c-groupManagement] INFO  server.RaftServerConfigKeys (ConfUtils.java:logGet(46)) - raft.server.log.appender.buffer.byte-limit = 8388608 (custom)
2024-03-29 09:28:02,385 [9f689a4b-3525-432c-897a-89bebd88635c-groupManagement] INFO  server.RaftServerConfigKeys (ConfUtils.java:logGet(46)) - raft.server.retrycache.statistics.expirytime = 100ms (default)
2024-03-29 09:28:02,385 [9f689a4b-3525-432c-897a-89bebd88635c-groupManagement] INFO  server.RaftServerConfigKeys (ConfUtils.java:logGet(46)) - raft.server.read.option = DEFAULT (default)
2024-03-29 09:28:02,385 [9f689a4b-3525-432c-897a-89bebd88635c-groupManagement] INFO  server.RaftServerConfigKeys (ConfUtils.java:logGet(46)) - raft.server.read.read-after-write-consistent.write-index-cache.expiry-time = 60s (default)
2024-03-29 09:28:02,386 [21cc794e-90c3-4d38-9905-a833a32dcd6c-groupManagement] INFO  util.AwaitToRun (AwaitToRun.java:start(81)) - Thread[21cc794e-90c3-4d38-9905-a833a32dcd6c@group-E3CBA6535E02-cacheEviction-AwaitToRun,5,main] started
2024-03-29 09:28:02,386 [21cc794e-90c3-4d38-9905-a833a32dcd6c-groupManagement] INFO  segmented.SegmentedRaftLogWorker (SegmentedRaftLogWorker.java:<init>(182)) - new 21cc794e-90c3-4d38-9905-a833a32dcd6c@group-E3CBA6535E02-SegmentedRaftLogWorker for RaftStorageImpl:Storage Directory /home/runner/work/ozone/ozone/hadoop-ozone/integration-test/target/test-dir/MiniOzoneClusterImpl-2686784a-6a4a-436e-9d81-be1eb39caf3e/ozone-meta/datanode-3/ratis/feb43b08-226c-484d-a820-e3cba6535e02
2024-03-29 09:28:02,386 [21cc794e-90c3-4d38-9905-a833a32dcd6c-groupManagement] INFO  server.RaftServerConfigKeys (ConfUtils.java:logGet(46)) - raft.server.log.queue.byte-limit = 4294967296 (custom)
2024-03-29 09:28:02,386 [21cc794e-90c3-4d38-9905-a833a32dcd6c-groupManagement] INFO  server.RaftServerConfigKeys (ConfUtils.java:logGet(46)) - raft.server.log.queue.element-limit = 1024 (custom)
2024-03-29 09:28:02,386 [21cc794e-90c3-4d38-9905-a833a32dcd6c-groupManagement] INFO  server.RaftServerConfigKeys (ConfUtils.java:logGet(46)) - raft.server.log.segment.size.max = 67108864 (custom)
2024-03-29 09:28:02,387 [21cc794e-90c3-4d38-9905-a833a32dcd6c-groupManagement] INFO  server.RaftServerConfigKeys (ConfUtils.java:logGet(46)) - raft.server.log.preallocated.size = 4194304 (custom)
2024-03-29 09:28:02,387 [21cc794e-90c3-4d38-9905-a833a32dcd6c-groupManagement] INFO  server.RaftServerConfigKeys (ConfUtils.java:logGet(46)) - raft.server.log.force.sync.num = 128 (default)
2024-03-29 09:28:02,387 [21cc794e-90c3-4d38-9905-a833a32dcd6c-groupManagement] INFO  server.RaftServerConfigKeys (ConfUtils.java:logGet(46)) - raft.server.log.statemachine.data.sync = true (default)
2024-03-29 09:28:02,387 [21cc794e-90c3-4d38-9905-a833a32dcd6c-groupManagement] INFO  server.RaftServerConfigKeys (ConfUtils.java:logGet(46)) - raft.server.log.statemachine.data.sync.timeout = 10s (default)
2024-03-29 09:28:02,387 [21cc794e-90c3-4d38-9905-a833a32dcd6c-groupManagement] INFO  server.RaftServerConfigKeys (ConfUtils.java:logGet(46)) - raft.server.log.statemachine.data.sync.timeout.retry = 0 (custom)
2024-03-29 09:28:02,388 [21cc794e-90c3-4d38-9905-a833a32dcd6c-groupManagement] INFO  server.RaftServerConfigKeys (ConfUtils.java:logGet(46)) - raft.server.log.write.buffer.size = 8388616 (custom)
2024-03-29 09:28:02,389 [9f689a4b-3525-432c-897a-89bebd88635c-groupManagement] INFO  server.RaftServerConfigKeys (ConfUtils.java:logGet(46)) - raft.server.rpc.request.timeout = 60s (custom)
2024-03-29 09:28:02,389 [9f689a4b-3525-432c-897a-89bebd88635c-groupManagement] INFO  server.RaftServerConfigKeys (ConfUtils.java:logGet(46)) - raft.server.log.appender.install.snapshot.enabled = false (custom)
2024-03-29 09:28:02,389 [9f689a4b-3525-432c-897a-89bebd88635c-groupManagement] INFO  server.RaftServerConfigKeys (ConfUtils.java:logGet(46)) - raft.server.threadpool.server.cached = true (default)
2024-03-29 09:28:02,389 [9f689a4b-3525-432c-897a-89bebd88635c-groupManagement] INFO  server.RaftServerConfigKeys (ConfUtils.java:logGet(46)) - raft.server.threadpool.server.size = 0 (default)
2024-03-29 09:28:02,389 [9f689a4b-3525-432c-897a-89bebd88635c-groupManagement] INFO  server.RaftServerConfigKeys (ConfUtils.java:logGet(46)) - raft.server.threadpool.client.cached = true (default)
2024-03-29 09:28:02,389 [9f689a4b-3525-432c-897a-89bebd88635c-groupManagement] INFO  server.RaftServerConfigKeys (ConfUtils.java:logGet(46)) - raft.server.threadpool.client.size = 0 (default)
2024-03-29 09:28:02,389 [9f689a4b-3525-432c-897a-89bebd88635c-groupManagement] INFO  server.RaftServerConfigKeys (ConfUtils.java:logGet(46)) - raft.server.storage.free-space.min = 0MB (=0) (default)
2024-03-29 09:28:02,389 [9f689a4b-3525-432c-897a-89bebd88635c-groupManagement] INFO  server.RaftServerConfigKeys (ConfUtils.java:logGet(46)) - raft.server.log.corruption.policy = EXCEPTION (default)
2024-03-29 09:28:02,389 [9f689a4b-3525-432c-897a-89bebd88635c-groupManagement] INFO  server.RaftServerConfigKeys (ConfUtils.java:logGet(46)) - raft.server.storage.dir = [/home/runner/work/ozone/ozone/hadoop-ozone/integration-test/target/test-dir/MiniOzoneClusterImpl-2686784a-6a4a-436e-9d81-be1eb39caf3e/ozone-meta/datanode-2/ratis] (custom)
2024-03-29 09:28:02,390 [9f689a4b-3525-432c-897a-89bebd88635c-groupManagement] INFO  storage.RaftStorageDirectory (RaftStorageDirectoryImpl.java:analyzeStorage(138)) - The storage directory /home/runner/work/ozone/ozone/hadoop-ozone/integration-test/target/test-dir/MiniOzoneClusterImpl-2686784a-6a4a-436e-9d81-be1eb39caf3e/ozone-meta/datanode-2/ratis/feb43b08-226c-484d-a820-e3cba6535e02 does not exist. Creating ...
2024-03-29 09:28:02,390 [21cc794e-90c3-4d38-9905-a833a32dcd6c-groupManagement] INFO  server.RaftServerConfigKeys (ConfUtils.java:logGet(46)) - raft.server.log.appender.buffer.byte-limit = 8388608 (custom)
2024-03-29 09:28:02,390 [21cc794e-90c3-4d38-9905-a833a32dcd6c-groupManagement] INFO  server.RaftServerConfigKeys (ConfUtils.java:logGet(46)) - raft.server.log.unsafe-flush.enabled = false (default)
2024-03-29 09:28:02,390 [21cc794e-90c3-4d38-9905-a833a32dcd6c-groupManagement] INFO  server.RaftServerConfigKeys (ConfUtils.java:logGet(46)) - raft.server.log.async-flush.enabled = false (default)
2024-03-29 09:28:02,390 [21cc794e-90c3-4d38-9905-a833a32dcd6c-groupManagement] INFO  server.RaftServerConfigKeys (ConfUtils.java:logGet(46)) - raft.server.log.statemachine.data.caching.enabled = true (custom)
2024-03-29 09:28:02,391 [21cc794e-90c3-4d38-9905-a833a32dcd6c-groupManagement] INFO  segmented.SegmentedRaftLogWorker (SegmentedRaftLogWorker.java:lambda$new$0(134)) - 21cc794e-90c3-4d38-9905-a833a32dcd6c@group-E3CBA6535E02-SegmentedRaftLogWorker: flushIndex: setUnconditionally 0 -> -1
2024-03-29 09:28:02,391 [9f689a4b-3525-432c-897a-89bebd88635c-groupManagement] INFO  storage.RaftStorageDirectory (RaftStorageDirectoryImpl.java:tryLock(228)) - Lock on /home/runner/work/ozone/ozone/hadoop-ozone/integration-test/target/test-dir/MiniOzoneClusterImpl-2686784a-6a4a-436e-9d81-be1eb39caf3e/ozone-meta/datanode-2/ratis/feb43b08-226c-484d-a820-e3cba6535e02/in_use.lock acquired by nodename 134834@fv-az771-813
2024-03-29 09:28:02,391 [21cc794e-90c3-4d38-9905-a833a32dcd6c-groupManagement] INFO  segmented.SegmentedRaftLogWorker (SegmentedRaftLogWorker.java:lambda$new$0(134)) - 21cc794e-90c3-4d38-9905-a833a32dcd6c@group-E3CBA6535E02-SegmentedRaftLogWorker: safeCacheEvictIndex: setUnconditionally 0 -> -1
2024-03-29 09:28:02,391 [21cc794e-90c3-4d38-9905-a833a32dcd6c-groupManagement] INFO  server.RaftServer$Division (RaftServerImpl.java:start(396)) - 21cc794e-90c3-4d38-9905-a833a32dcd6c@group-E3CBA6535E02: start as a follower, conf=-1: peers:[ac45a72a-98f1-49f1-9186-9900cebd9eb6|10.1.0.26:15022, 21cc794e-90c3-4d38-9905-a833a32dcd6c|10.1.0.26:15040, 9f689a4b-3525-432c-897a-89bebd88635c|10.1.0.26:15031]|listeners:[], old=null
2024-03-29 09:28:02,392 [21cc794e-90c3-4d38-9905-a833a32dcd6c-groupManagement] INFO  server.RaftServer$Division (RaftServerImpl.java:setRole(383)) - 21cc794e-90c3-4d38-9905-a833a32dcd6c@group-E3CBA6535E02: changes role from      null to FOLLOWER at term 0 for startAsFollower
2024-03-29 09:28:02,392 [21cc794e-90c3-4d38-9905-a833a32dcd6c-groupManagement] INFO  impl.RoleInfo (RoleInfo.java:updateAndGet(139)) - 21cc794e-90c3-4d38-9905-a833a32dcd6c: start 21cc794e-90c3-4d38-9905-a833a32dcd6c@group-E3CBA6535E02-FollowerState
2024-03-29 09:28:02,392 [21cc794e-90c3-4d38-9905-a833a32dcd6c@group-E3CBA6535E02-FollowerState] INFO  server.RaftServerConfigKeys (ConfUtils.java:logFallback(53)) - raft.server.rpc.first-election.timeout.min = 5s (fallback to raft.server.rpc.timeout.min)
2024-03-29 09:28:02,392 [9f689a4b-3525-432c-897a-89bebd88635c-groupManagement] INFO  storage.RaftStorage (RaftStorageImpl.java:format(99)) - Storage directory /home/runner/work/ozone/ozone/hadoop-ozone/integration-test/target/test-dir/MiniOzoneClusterImpl-2686784a-6a4a-436e-9d81-be1eb39caf3e/ozone-meta/datanode-2/ratis/feb43b08-226c-484d-a820-e3cba6535e02 has been successfully formatted.
2024-03-29 09:28:02,392 [21cc794e-90c3-4d38-9905-a833a32dcd6c-groupManagement] INFO  util.JmxRegister (JmxRegister.java:tryRegister(44)) - Successfully registered JMX Bean with object name Ratis:service=RaftServer,group=group-E3CBA6535E02,id=21cc794e-90c3-4d38-9905-a833a32dcd6c
2024-03-29 09:28:02,392 [21cc794e-90c3-4d38-9905-a833a32dcd6c@group-E3CBA6535E02-FollowerState] INFO  server.RaftServerConfigKeys (ConfUtils.java:logFallback(53)) - raft.server.rpc.first-election.timeout.max = 5200ms (fallback to raft.server.rpc.timeout.max)
2024-03-29 09:28:02,392 [21cc794e-90c3-4d38-9905-a833a32dcd6c-groupManagement] INFO  server.RaftServerConfigKeys (ConfUtils.java:logGet(46)) - raft.server.snapshot.trigger-when-stop.enabled = true (default)
2024-03-29 09:28:02,392 [9f689a4b-3525-432c-897a-89bebd88635c-groupManagement] WARN  util.FileUtils (LogUtils.java:supplyAndLog(63)) - Failed to Files.newInputStream /home/runner/work/ozone/ozone/hadoop-ozone/integration-test/target/test-dir/MiniOzoneClusterImpl-2686784a-6a4a-436e-9d81-be1eb39caf3e/ozone-meta/datanode-2/ratis/feb43b08-226c-484d-a820-e3cba6535e02/current/raft-meta.conf with options []: java.nio.file.NoSuchFileException: /home/runner/work/ozone/ozone/hadoop-ozone/integration-test/target/test-dir/MiniOzoneClusterImpl-2686784a-6a4a-436e-9d81-be1eb39caf3e/ozone-meta/datanode-2/ratis/feb43b08-226c-484d-a820-e3cba6535e02/current/raft-meta.conf
2024-03-29 09:28:02,392 [21cc794e-90c3-4d38-9905-a833a32dcd6c-groupManagement] INFO  server.RaftServerConfigKeys (ConfUtils.java:logGet(46)) - raft.server.snapshot.auto.trigger.enabled = true (custom)
2024-03-29 09:28:02,393 [21cc794e-90c3-4d38-9905-a833a32dcd6c-groupManagement] INFO  server.RaftServerConfigKeys (ConfUtils.java:logGet(46)) - raft.server.snapshot.auto.trigger.threshold = 10000 (custom)
2024-03-29 09:28:02,393 [21cc794e-90c3-4d38-9905-a833a32dcd6c-groupManagement] INFO  server.RaftServerConfigKeys (ConfUtils.java:logGet(46)) - raft.server.snapshot.retention.file.num = 5 (custom)
2024-03-29 09:28:02,393 [21cc794e-90c3-4d38-9905-a833a32dcd6c-groupManagement] INFO  server.RaftServerConfigKeys (ConfUtils.java:logGet(46)) - raft.server.log.purge.upto.snapshot.index = false (default)
2024-03-29 09:28:02,393 [9f689a4b-3525-432c-897a-89bebd88635c-groupManagement] INFO  ratis.ContainerStateMachine (ContainerStateMachine.java:loadSnapshot(287)) - group-E3CBA6535E02: The snapshot info is null. Setting the last applied index to:(t:0, i:~)
2024-03-29 09:28:02,394 [9f689a4b-3525-432c-897a-89bebd88635c-groupManagement] INFO  server.RaftServerConfigKeys (ConfUtils.java:logGet(46)) - raft.server.log.use.memory = false (default)
2024-03-29 09:28:02,395 [9f689a4b-3525-432c-897a-89bebd88635c-groupManagement] INFO  server.RaftServerConfigKeys (ConfUtils.java:logGet(46)) - raft.server.log.purge.gap = 1000000 (custom)
2024-03-29 09:28:02,395 [9f689a4b-3525-432c-897a-89bebd88635c-groupManagement] INFO  server.RaftServerConfigKeys (ConfUtils.java:logGet(46)) - raft.server.log.appender.buffer.byte-limit = 8388608 (custom)
2024-03-29 09:28:02,395 [9f689a4b-3525-432c-897a-89bebd88635c-groupManagement] INFO  server.RaftServerConfigKeys (ConfUtils.java:logGet(46)) - raft.server.log.statemachine.data.read.timeout = 1000ms (default)
2024-03-29 09:28:02,395 [9f689a4b-3525-432c-897a-89bebd88635c-groupManagement] INFO  server.RaftServerConfigKeys (ConfUtils.java:logGet(46)) - raft.server.log.purge.preservation.log.num = 0 (default)
2024-03-29 09:28:02,396 [EventQueue-OpenPipelineForHealthyPipelineSafeModeRule] INFO  safemode.SCMSafeModeManager (HealthyPipelineSafeModeRule.java:process(140)) - SCM in safe mode. Healthy pipelines reported count is 0, required healthy pipeline reported count is 1
2024-03-29 09:28:02,397 [9f689a4b-3525-432c-897a-89bebd88635c-groupManagement] INFO  server.RaftServerConfigKeys (ConfUtils.java:logGet(46)) - raft.server.log.segment.size.max = 67108864 (custom)
2024-03-29 09:28:02,397 [9f689a4b-3525-432c-897a-89bebd88635c-groupManagement] INFO  server.RaftServerConfigKeys (ConfUtils.java:logGet(46)) - raft.server.log.segment.cache.num.max = 2 (custom)
2024-03-29 09:28:02,397 [9f689a4b-3525-432c-897a-89bebd88635c-groupManagement] INFO  server.RaftServerConfigKeys (ConfUtils.java:logGet(46)) - raft.server.log.segment.cache.size.max = 200MB (=209715200) (default)
2024-03-29 09:28:02,398 [9f689a4b-3525-432c-897a-89bebd88635c-groupManagement] INFO  server.RaftServerConfigKeys (ConfUtils.java:logGet(46)) - raft.server.log.appender.buffer.byte-limit = 8388608 (custom)
2024-03-29 09:28:02,399 [9f689a4b-3525-432c-897a-89bebd88635c-groupManagement] INFO  util.AwaitToRun (AwaitToRun.java:start(81)) - Thread[9f689a4b-3525-432c-897a-89bebd88635c@group-E3CBA6535E02-cacheEviction-AwaitToRun,5,main] started
2024-03-29 09:28:02,399 [9f689a4b-3525-432c-897a-89bebd88635c-groupManagement] INFO  segmented.SegmentedRaftLogWorker (SegmentedRaftLogWorker.java:<init>(182)) - new 9f689a4b-3525-432c-897a-89bebd88635c@group-E3CBA6535E02-SegmentedRaftLogWorker for RaftStorageImpl:Storage Directory /home/runner/work/ozone/ozone/hadoop-ozone/integration-test/target/test-dir/MiniOzoneClusterImpl-2686784a-6a4a-436e-9d81-be1eb39caf3e/ozone-meta/datanode-2/ratis/feb43b08-226c-484d-a820-e3cba6535e02
2024-03-29 09:28:02,399 [9f689a4b-3525-432c-897a-89bebd88635c-groupManagement] INFO  server.RaftServerConfigKeys (ConfUtils.java:logGet(46)) - raft.server.log.queue.byte-limit = 4294967296 (custom)
2024-03-29 09:28:02,400 [9f689a4b-3525-432c-897a-89bebd88635c-groupManagement] INFO  server.RaftServerConfigKeys (ConfUtils.java:logGet(46)) - raft.server.log.queue.element-limit = 1024 (custom)
2024-03-29 09:28:02,400 [9f689a4b-3525-432c-897a-89bebd88635c-groupManagement] INFO  server.RaftServerConfigKeys (ConfUtils.java:logGet(46)) - raft.server.log.segment.size.max = 67108864 (custom)
2024-03-29 09:28:02,400 [9f689a4b-3525-432c-897a-89bebd88635c-groupManagement] INFO  server.RaftServerConfigKeys (ConfUtils.java:logGet(46)) - raft.server.log.preallocated.size = 4194304 (custom)
2024-03-29 09:28:02,400 [9f689a4b-3525-432c-897a-89bebd88635c-groupManagement] INFO  server.RaftServerConfigKeys (ConfUtils.java:logGet(46)) - raft.server.log.force.sync.num = 128 (default)
2024-03-29 09:28:02,400 [9f689a4b-3525-432c-897a-89bebd88635c-groupManagement] INFO  server.RaftServerConfigKeys (ConfUtils.java:logGet(46)) - raft.server.log.statemachine.data.sync = true (default)
2024-03-29 09:28:02,400 [9f689a4b-3525-432c-897a-89bebd88635c-groupManagement] INFO  server.RaftServerConfigKeys (ConfUtils.java:logGet(46)) - raft.server.log.statemachine.data.sync.timeout = 10s (default)
2024-03-29 09:28:02,400 [9f689a4b-3525-432c-897a-89bebd88635c-groupManagement] INFO  server.RaftServerConfigKeys (ConfUtils.java:logGet(46)) - raft.server.log.statemachine.data.sync.timeout.retry = 0 (custom)
2024-03-29 09:28:02,400 [9f689a4b-3525-432c-897a-89bebd88635c-groupManagement] INFO  server.RaftServerConfigKeys (ConfUtils.java:logGet(46)) - raft.server.log.write.buffer.size = 8388616 (custom)
2024-03-29 09:28:02,405 [9f689a4b-3525-432c-897a-89bebd88635c-groupManagement] INFO  server.RaftServerConfigKeys (ConfUtils.java:logGet(46)) - raft.server.log.appender.buffer.byte-limit = 8388608 (custom)
2024-03-29 09:28:02,405 [9f689a4b-3525-432c-897a-89bebd88635c-groupManagement] INFO  server.RaftServerConfigKeys (ConfUtils.java:logGet(46)) - raft.server.log.unsafe-flush.enabled = false (default)
2024-03-29 09:28:02,405 [9f689a4b-3525-432c-897a-89bebd88635c-groupManagement] INFO  server.RaftServerConfigKeys (ConfUtils.java:logGet(46)) - raft.server.log.async-flush.enabled = false (default)
2024-03-29 09:28:02,405 [9f689a4b-3525-432c-897a-89bebd88635c-groupManagement] INFO  server.RaftServerConfigKeys (ConfUtils.java:logGet(46)) - raft.server.log.statemachine.data.caching.enabled = true (custom)
2024-03-29 09:28:02,406 [9f689a4b-3525-432c-897a-89bebd88635c-groupManagement] INFO  segmented.SegmentedRaftLogWorker (SegmentedRaftLogWorker.java:lambda$new$0(134)) - 9f689a4b-3525-432c-897a-89bebd88635c@group-E3CBA6535E02-SegmentedRaftLogWorker: flushIndex: setUnconditionally 0 -> -1
2024-03-29 09:28:02,406 [9f689a4b-3525-432c-897a-89bebd88635c-groupManagement] INFO  segmented.SegmentedRaftLogWorker (SegmentedRaftLogWorker.java:lambda$new$0(134)) - 9f689a4b-3525-432c-897a-89bebd88635c@group-E3CBA6535E02-SegmentedRaftLogWorker: safeCacheEvictIndex: setUnconditionally 0 -> -1
2024-03-29 09:28:02,407 [9f689a4b-3525-432c-897a-89bebd88635c-groupManagement] INFO  server.RaftServer$Division (RaftServerImpl.java:start(396)) - 9f689a4b-3525-432c-897a-89bebd88635c@group-E3CBA6535E02: start as a follower, conf=-1: peers:[ac45a72a-98f1-49f1-9186-9900cebd9eb6|10.1.0.26:15022, 21cc794e-90c3-4d38-9905-a833a32dcd6c|10.1.0.26:15040, 9f689a4b-3525-432c-897a-89bebd88635c|10.1.0.26:15031]|listeners:[], old=null
2024-03-29 09:28:02,407 [9f689a4b-3525-432c-897a-89bebd88635c-groupManagement] INFO  server.RaftServer$Division (RaftServerImpl.java:setRole(383)) - 9f689a4b-3525-432c-897a-89bebd88635c@group-E3CBA6535E02: changes role from      null to FOLLOWER at term 0 for startAsFollower
2024-03-29 09:28:02,408 [9f689a4b-3525-432c-897a-89bebd88635c-groupManagement] INFO  impl.RoleInfo (RoleInfo.java:updateAndGet(139)) - 9f689a4b-3525-432c-897a-89bebd88635c: start 9f689a4b-3525-432c-897a-89bebd88635c@group-E3CBA6535E02-FollowerState
2024-03-29 09:28:02,408 [9f689a4b-3525-432c-897a-89bebd88635c-groupManagement] INFO  util.JmxRegister (JmxRegister.java:tryRegister(44)) - Successfully registered JMX Bean with object name Ratis:service=RaftServer,group=group-E3CBA6535E02,id=9f689a4b-3525-432c-897a-89bebd88635c
2024-03-29 09:28:02,408 [9f689a4b-3525-432c-897a-89bebd88635c-groupManagement] INFO  server.RaftServerConfigKeys (ConfUtils.java:logGet(46)) - raft.server.snapshot.trigger-when-stop.enabled = true (default)
2024-03-29 09:28:02,408 [9f689a4b-3525-432c-897a-89bebd88635c-groupManagement] INFO  server.RaftServerConfigKeys (ConfUtils.java:logGet(46)) - raft.server.snapshot.auto.trigger.enabled = true (custom)
2024-03-29 09:28:02,408 [9f689a4b-3525-432c-897a-89bebd88635c-groupManagement] INFO  server.RaftServerConfigKeys (ConfUtils.java:logGet(46)) - raft.server.snapshot.auto.trigger.threshold = 10000 (custom)
2024-03-29 09:28:02,408 [9f689a4b-3525-432c-897a-89bebd88635c-groupManagement] INFO  server.RaftServerConfigKeys (ConfUtils.java:logGet(46)) - raft.server.snapshot.retention.file.num = 5 (custom)
2024-03-29 09:28:02,409 [9f689a4b-3525-432c-897a-89bebd88635c-groupManagement] INFO  server.RaftServerConfigKeys (ConfUtils.java:logGet(46)) - raft.server.log.purge.upto.snapshot.index = false (default)
2024-03-29 09:28:02,409 [9f689a4b-3525-432c-897a-89bebd88635c@group-E3CBA6535E02-FollowerState] INFO  server.RaftServerConfigKeys (ConfUtils.java:logFallback(53)) - raft.server.rpc.first-election.timeout.min = 5s (fallback to raft.server.rpc.timeout.min)
2024-03-29 09:28:02,409 [9f689a4b-3525-432c-897a-89bebd88635c@group-E3CBA6535E02-FollowerState] INFO  server.RaftServerConfigKeys (ConfUtils.java:logFallback(53)) - raft.server.rpc.first-election.timeout.max = 5200ms (fallback to raft.server.rpc.timeout.max)
2024-03-29 09:28:02,410 [main] INFO  ozone.MiniOzoneClusterImpl (MiniOzoneClusterImpl.java:lambda$waitForClusterToBeReady$0(194)) - Nodes are ready. Got 3 of 3 DN Heartbeats.
2024-03-29 09:28:02,410 [main] INFO  ozone.MiniOzoneClusterImpl (MiniOzoneClusterImpl.java:lambda$waitForClusterToBeReady$0(197)) - Waiting for cluster to exit safe mode
2024-03-29 09:28:02,410 [main] INFO  ozone.MiniOzoneClusterImpl (MiniOzoneClusterImpl.java:lambda$waitForClusterToBeReady$0(199)) - SCM became leader
2024-03-29 09:28:02,412 [21cc794e-90c3-4d38-9905-a833a32dcd6c-PipelineCommandHandlerThread-0] INFO  server.RaftServer (RaftServerProxy.java:addNew(100)) - 21cc794e-90c3-4d38-9905-a833a32dcd6c: addNew group-6F22C8D50B7B:[21cc794e-90c3-4d38-9905-a833a32dcd6c|10.1.0.26:15040] returns group-6F22C8D50B7B:java.util.concurrent.CompletableFuture@50fca90c[Not completed]
2024-03-29 09:28:02,413 [21cc794e-90c3-4d38-9905-a833a32dcd6c-groupManagement] INFO  server.RaftServer$Division (RaftServerImpl.java:<init>(256)) - 21cc794e-90c3-4d38-9905-a833a32dcd6c: new RaftServerImpl for group-6F22C8D50B7B:[21cc794e-90c3-4d38-9905-a833a32dcd6c|10.1.0.26:15040] with ContainerStateMachine:uninitialized
2024-03-29 09:28:02,413 [21cc794e-90c3-4d38-9905-a833a32dcd6c-groupManagement] INFO  server.RaftServerConfigKeys (ConfUtils.java:logGet(46)) - raft.server.rpc.timeout.min = 5s (custom)
2024-03-29 09:28:02,413 [21cc794e-90c3-4d38-9905-a833a32dcd6c-groupManagement] INFO  server.RaftServerConfigKeys (ConfUtils.java:logGet(46)) - raft.server.rpc.timeout.max = 5200ms (custom)
2024-03-29 09:28:02,413 [21cc794e-90c3-4d38-9905-a833a32dcd6c-groupManagement] INFO  server.RaftServerConfigKeys (ConfUtils.java:logGet(46)) - raft.server.rpc.sleep.time = 25ms (default)
2024-03-29 09:28:02,413 [21cc794e-90c3-4d38-9905-a833a32dcd6c-groupManagement] INFO  server.RaftServerConfigKeys (ConfUtils.java:logGet(46)) - raft.server.rpc.slowness.timeout = 300s (custom)
2024-03-29 09:28:02,413 [21cc794e-90c3-4d38-9905-a833a32dcd6c-groupManagement] INFO  server.RaftServerConfigKeys (ConfUtils.java:logGet(46)) - raft.server.leaderelection.leader.step-down.wait-time = 10s (default)
2024-03-29 09:28:02,413 [9f689a4b-3525-432c-897a-89bebd88635c-PipelineCommandHandlerThread-0] INFO  ratis.XceiverServerRatis (XceiverServerRatis.java:addGroup(864)) - Created group PipelineID=feb43b08-226c-484d-a820-e3cba6535e02
2024-03-29 09:28:02,413 [21cc794e-90c3-4d38-9905-a833a32dcd6c-groupManagement] INFO  server.RaftServerConfigKeys (ConfUtils.java:logGet(46)) - raft.server.leaderelection.member.majority-add = false (default)
2024-03-29 09:28:02,417 [21cc794e-90c3-4d38-9905-a833a32dcd6c-groupManagement] INFO  server.RaftServerConfigKeys (ConfUtils.java:logGet(46)) - raft.server.sleep.deviation.threshold = 300ms (default)
2024-03-29 09:28:02,417 [21cc794e-90c3-4d38-9905-a833a32dcd6c-groupManagement] INFO  server.RaftServer$Division (ServerState.java:<init>(113)) - 21cc794e-90c3-4d38-9905-a833a32dcd6c@group-6F22C8D50B7B: ConfigurationManager, init=-1: peers:[21cc794e-90c3-4d38-9905-a833a32dcd6c|10.1.0.26:15040]|listeners:[], old=null, confs=<EMPTY_MAP>
2024-03-29 09:28:02,417 [21cc794e-90c3-4d38-9905-a833a32dcd6c-groupManagement] INFO  server.RaftServerConfigKeys (ConfUtils.java:logGet(46)) - raft.server.notification.no-leader.timeout = 300s (custom)
2024-03-29 09:28:02,417 [21cc794e-90c3-4d38-9905-a833a32dcd6c-groupManagement] INFO  server.RaftServerConfigKeys (ConfUtils.java:logGet(46)) - raft.server.read.timeout = 10s (default)
2024-03-29 09:28:02,417 [21cc794e-90c3-4d38-9905-a833a32dcd6c-groupManagement] INFO  server.RaftServerConfigKeys (ConfUtils.java:logGet(46)) - raft.server.retrycache.expirytime = 600000ms (custom)
2024-03-29 09:28:02,417 [21cc794e-90c3-4d38-9905-a833a32dcd6c-groupManagement] INFO  server.RaftServerConfigKeys (ConfUtils.java:logGet(46)) - raft.server.retrycache.statistics.expirytime = 100ms (default)
2024-03-29 09:28:02,417 [21cc794e-90c3-4d38-9905-a833a32dcd6c-groupManagement] INFO  server.RaftServerConfigKeys (ConfUtils.java:logGet(46)) - raft.server.read.option = DEFAULT (default)
2024-03-29 09:28:02,417 [21cc794e-90c3-4d38-9905-a833a32dcd6c-groupManagement] INFO  server.RaftServerConfigKeys (ConfUtils.java:logGet(46)) - raft.server.read.read-after-write-consistent.write-index-cache.expiry-time = 60s (default)
2024-03-29 09:28:02,434 [21cc794e-90c3-4d38-9905-a833a32dcd6c-groupManagement] INFO  server.RaftServerConfigKeys (ConfUtils.java:logGet(46)) - raft.server.rpc.request.timeout = 60s (custom)
2024-03-29 09:28:02,434 [21cc794e-90c3-4d38-9905-a833a32dcd6c-groupManagement] INFO  server.RaftServerConfigKeys (ConfUtils.java:logGet(46)) - raft.server.log.appender.install.snapshot.enabled = false (custom)
2024-03-29 09:28:02,434 [21cc794e-90c3-4d38-9905-a833a32dcd6c-groupManagement] INFO  server.RaftServerConfigKeys (ConfUtils.java:logGet(46)) - raft.server.threadpool.server.cached = true (default)
2024-03-29 09:28:02,434 [21cc794e-90c3-4d38-9905-a833a32dcd6c-groupManagement] INFO  server.RaftServerConfigKeys (ConfUtils.java:logGet(46)) - raft.server.threadpool.server.size = 0 (default)
2024-03-29 09:28:02,434 [21cc794e-90c3-4d38-9905-a833a32dcd6c-groupManagement] INFO  server.RaftServerConfigKeys (ConfUtils.java:logGet(46)) - raft.server.threadpool.client.cached = true (default)
2024-03-29 09:28:02,434 [21cc794e-90c3-4d38-9905-a833a32dcd6c-groupManagement] INFO  server.RaftServerConfigKeys (ConfUtils.java:logGet(46)) - raft.server.threadpool.client.size = 0 (default)
2024-03-29 09:28:02,435 [21cc794e-90c3-4d38-9905-a833a32dcd6c-groupManagement] INFO  server.RaftServerConfigKeys (ConfUtils.java:logGet(46)) - raft.server.storage.free-space.min = 0MB (=0) (default)
2024-03-29 09:28:02,435 [21cc794e-90c3-4d38-9905-a833a32dcd6c-groupManagement] INFO  server.RaftServerConfigKeys (ConfUtils.java:logGet(46)) - raft.server.log.corruption.policy = EXCEPTION (default)
2024-03-29 09:28:02,435 [21cc794e-90c3-4d38-9905-a833a32dcd6c-groupManagement] INFO  server.RaftServerConfigKeys (ConfUtils.java:logGet(46)) - raft.server.storage.dir = [/home/runner/work/ozone/ozone/hadoop-ozone/integration-test/target/test-dir/MiniOzoneClusterImpl-2686784a-6a4a-436e-9d81-be1eb39caf3e/ozone-meta/datanode-3/ratis] (custom)
2024-03-29 09:28:02,435 [21cc794e-90c3-4d38-9905-a833a32dcd6c-groupManagement] INFO  storage.RaftStorageDirectory (RaftStorageDirectoryImpl.java:analyzeStorage(138)) - The storage directory /home/runner/work/ozone/ozone/hadoop-ozone/integration-test/target/test-dir/MiniOzoneClusterImpl-2686784a-6a4a-436e-9d81-be1eb39caf3e/ozone-meta/datanode-3/ratis/420de7a1-34d0-4dc2-879f-6f22c8d50b7b does not exist. Creating ...
2024-03-29 09:28:02,439 [21cc794e-90c3-4d38-9905-a833a32dcd6c-groupManagement] INFO  storage.RaftStorageDirectory (RaftStorageDirectoryImpl.java:tryLock(228)) - Lock on /home/runner/work/ozone/ozone/hadoop-ozone/integration-test/target/test-dir/MiniOzoneClusterImpl-2686784a-6a4a-436e-9d81-be1eb39caf3e/ozone-meta/datanode-3/ratis/420de7a1-34d0-4dc2-879f-6f22c8d50b7b/in_use.lock acquired by nodename 134834@fv-az771-813
2024-03-29 09:28:02,440 [21cc794e-90c3-4d38-9905-a833a32dcd6c-groupManagement] INFO  storage.RaftStorage (RaftStorageImpl.java:format(99)) - Storage directory /home/runner/work/ozone/ozone/hadoop-ozone/integration-test/target/test-dir/MiniOzoneClusterImpl-2686784a-6a4a-436e-9d81-be1eb39caf3e/ozone-meta/datanode-3/ratis/420de7a1-34d0-4dc2-879f-6f22c8d50b7b has been successfully formatted.
2024-03-29 09:28:02,441 [21cc794e-90c3-4d38-9905-a833a32dcd6c-groupManagement] WARN  util.FileUtils (LogUtils.java:supplyAndLog(63)) - Failed to Files.newInputStream /home/runner/work/ozone/ozone/hadoop-ozone/integration-test/target/test-dir/MiniOzoneClusterImpl-2686784a-6a4a-436e-9d81-be1eb39caf3e/ozone-meta/datanode-3/ratis/420de7a1-34d0-4dc2-879f-6f22c8d50b7b/current/raft-meta.conf with options []: java.nio.file.NoSuchFileException: /home/runner/work/ozone/ozone/hadoop-ozone/integration-test/target/test-dir/MiniOzoneClusterImpl-2686784a-6a4a-436e-9d81-be1eb39caf3e/ozone-meta/datanode-3/ratis/420de7a1-34d0-4dc2-879f-6f22c8d50b7b/current/raft-meta.conf
2024-03-29 09:28:02,444 [21cc794e-90c3-4d38-9905-a833a32dcd6c-groupManagement] INFO  ratis.ContainerStateMachine (ContainerStateMachine.java:loadSnapshot(287)) - group-6F22C8D50B7B: The snapshot info is null. Setting the last applied index to:(t:0, i:~)
2024-03-29 09:28:02,444 [21cc794e-90c3-4d38-9905-a833a32dcd6c-groupManagement] INFO  server.RaftServerConfigKeys (ConfUtils.java:logGet(46)) - raft.server.log.use.memory = false (default)
2024-03-29 09:28:02,444 [21cc794e-90c3-4d38-9905-a833a32dcd6c-groupManagement] INFO  server.RaftServerConfigKeys (ConfUtils.java:logGet(46)) - raft.server.log.purge.gap = 1000000 (custom)
2024-03-29 09:28:02,444 [21cc794e-90c3-4d38-9905-a833a32dcd6c-groupManagement] INFO  server.RaftServerConfigKeys (ConfUtils.java:logGet(46)) - raft.server.log.appender.buffer.byte-limit = 8388608 (custom)
2024-03-29 09:28:02,444 [21cc794e-90c3-4d38-9905-a833a32dcd6c-groupManagement] INFO  server.RaftServerConfigKeys (ConfUtils.java:logGet(46)) - raft.server.log.statemachine.data.read.timeout = 1000ms (default)
2024-03-29 09:28:02,444 [21cc794e-90c3-4d38-9905-a833a32dcd6c-groupManagement] INFO  server.RaftServerConfigKeys (ConfUtils.java:logGet(46)) - raft.server.log.purge.preservation.log.num = 0 (default)
2024-03-29 09:28:02,446 [21cc794e-90c3-4d38-9905-a833a32dcd6c-groupManagement] INFO  server.RaftServerConfigKeys (ConfUtils.java:logGet(46)) - raft.server.log.segment.size.max = 67108864 (custom)
2024-03-29 09:28:02,447 [EventQueue-PipelineReportForPipelineReportHandler] INFO  pipeline.PipelineReportHandler (PipelineReportHandler.java:processPipelineReport(136)) - Opened pipeline PipelineID=420de7a1-34d0-4dc2-879f-6f22c8d50b7b
2024-03-29 09:28:02,448 [EventQueue-OpenPipelineForHealthyPipelineSafeModeRule] INFO  safemode.SCMSafeModeManager (HealthyPipelineSafeModeRule.java:process(140)) - SCM in safe mode. Healthy pipelines reported count is 0, required healthy pipeline reported count is 1
2024-03-29 09:28:02,447 [21cc794e-90c3-4d38-9905-a833a32dcd6c-groupManagement] INFO  server.RaftServerConfigKeys (ConfUtils.java:logGet(46)) - raft.server.log.segment.cache.num.max = 2 (custom)
2024-03-29 09:28:02,449 [21cc794e-90c3-4d38-9905-a833a32dcd6c-groupManagement] INFO  server.RaftServerConfigKeys (ConfUtils.java:logGet(46)) - raft.server.log.segment.cache.size.max = 200MB (=209715200) (default)
2024-03-29 09:28:02,449 [21cc794e-90c3-4d38-9905-a833a32dcd6c-groupManagement] INFO  server.RaftServerConfigKeys (ConfUtils.java:logGet(46)) - raft.server.log.appender.buffer.byte-limit = 8388608 (custom)
2024-03-29 09:28:02,449 [21cc794e-90c3-4d38-9905-a833a32dcd6c-groupManagement] INFO  util.AwaitToRun (AwaitToRun.java:start(81)) - Thread[21cc794e-90c3-4d38-9905-a833a32dcd6c@group-6F22C8D50B7B-cacheEviction-AwaitToRun,5,main] started
2024-03-29 09:28:02,449 [21cc794e-90c3-4d38-9905-a833a32dcd6c-groupManagement] INFO  segmented.SegmentedRaftLogWorker (SegmentedRaftLogWorker.java:<init>(182)) - new 21cc794e-90c3-4d38-9905-a833a32dcd6c@group-6F22C8D50B7B-SegmentedRaftLogWorker for RaftStorageImpl:Storage Directory /home/runner/work/ozone/ozone/hadoop-ozone/integration-test/target/test-dir/MiniOzoneClusterImpl-2686784a-6a4a-436e-9d81-be1eb39caf3e/ozone-meta/datanode-3/ratis/420de7a1-34d0-4dc2-879f-6f22c8d50b7b
2024-03-29 09:28:02,449 [21cc794e-90c3-4d38-9905-a833a32dcd6c-groupManagement] INFO  server.RaftServerConfigKeys (ConfUtils.java:logGet(46)) - raft.server.log.queue.byte-limit = 4294967296 (custom)
2024-03-29 09:28:02,449 [21cc794e-90c3-4d38-9905-a833a32dcd6c-groupManagement] INFO  server.RaftServerConfigKeys (ConfUtils.java:logGet(46)) - raft.server.log.queue.element-limit = 1024 (custom)
2024-03-29 09:28:02,449 [21cc794e-90c3-4d38-9905-a833a32dcd6c-groupManagement] INFO  server.RaftServerConfigKeys (ConfUtils.java:logGet(46)) - raft.server.log.segment.size.max = 67108864 (custom)
2024-03-29 09:28:02,449 [21cc794e-90c3-4d38-9905-a833a32dcd6c-groupManagement] INFO  server.RaftServerConfigKeys (ConfUtils.java:logGet(46)) - raft.server.log.preallocated.size = 4194304 (custom)
2024-03-29 09:28:02,450 [21cc794e-90c3-4d38-9905-a833a32dcd6c-groupManagement] INFO  server.RaftServerConfigKeys (ConfUtils.java:logGet(46)) - raft.server.log.force.sync.num = 128 (default)
2024-03-29 09:28:02,450 [21cc794e-90c3-4d38-9905-a833a32dcd6c-groupManagement] INFO  server.RaftServerConfigKeys (ConfUtils.java:logGet(46)) - raft.server.log.statemachine.data.sync = true (default)
2024-03-29 09:28:02,450 [21cc794e-90c3-4d38-9905-a833a32dcd6c-groupManagement] INFO  server.RaftServerConfigKeys (ConfUtils.java:logGet(46)) - raft.server.log.statemachine.data.sync.timeout = 10s (default)
2024-03-29 09:28:02,450 [21cc794e-90c3-4d38-9905-a833a32dcd6c-groupManagement] INFO  server.RaftServerConfigKeys (ConfUtils.java:logGet(46)) - raft.server.log.statemachine.data.sync.timeout.retry = 0 (custom)
2024-03-29 09:28:02,450 [21cc794e-90c3-4d38-9905-a833a32dcd6c-groupManagement] INFO  server.RaftServerConfigKeys (ConfUtils.java:logGet(46)) - raft.server.log.write.buffer.size = 8388616 (custom)
2024-03-29 09:28:02,452 [21cc794e-90c3-4d38-9905-a833a32dcd6c-groupManagement] INFO  server.RaftServerConfigKeys (ConfUtils.java:logGet(46)) - raft.server.log.appender.buffer.byte-limit = 8388608 (custom)
2024-03-29 09:28:02,452 [21cc794e-90c3-4d38-9905-a833a32dcd6c-groupManagement] INFO  server.RaftServerConfigKeys (ConfUtils.java:logGet(46)) - raft.server.log.unsafe-flush.enabled = false (default)
2024-03-29 09:28:02,452 [21cc794e-90c3-4d38-9905-a833a32dcd6c-groupManagement] INFO  server.RaftServerConfigKeys (ConfUtils.java:logGet(46)) - raft.server.log.async-flush.enabled = false (default)
2024-03-29 09:28:02,452 [21cc794e-90c3-4d38-9905-a833a32dcd6c-groupManagement] INFO  server.RaftServerConfigKeys (ConfUtils.java:logGet(46)) - raft.server.log.statemachine.data.caching.enabled = true (custom)
2024-03-29 09:28:02,452 [21cc794e-90c3-4d38-9905-a833a32dcd6c-groupManagement] INFO  segmented.SegmentedRaftLogWorker (SegmentedRaftLogWorker.java:lambda$new$0(134)) - 21cc794e-90c3-4d38-9905-a833a32dcd6c@group-6F22C8D50B7B-SegmentedRaftLogWorker: flushIndex: setUnconditionally 0 -> -1
2024-03-29 09:28:02,452 [21cc794e-90c3-4d38-9905-a833a32dcd6c-groupManagement] INFO  segmented.SegmentedRaftLogWorker (SegmentedRaftLogWorker.java:lambda$new$0(134)) - 21cc794e-90c3-4d38-9905-a833a32dcd6c@group-6F22C8D50B7B-SegmentedRaftLogWorker: safeCacheEvictIndex: setUnconditionally 0 -> -1
2024-03-29 09:28:02,459 [21cc794e-90c3-4d38-9905-a833a32dcd6c-groupManagement] INFO  server.RaftServer$Division (RaftServerImpl.java:start(396)) - 21cc794e-90c3-4d38-9905-a833a32dcd6c@group-6F22C8D50B7B: start as a follower, conf=-1: peers:[21cc794e-90c3-4d38-9905-a833a32dcd6c|10.1.0.26:15040]|listeners:[], old=null
2024-03-29 09:28:02,459 [21cc794e-90c3-4d38-9905-a833a32dcd6c-groupManagement] INFO  server.RaftServer$Division (RaftServerImpl.java:setRole(383)) - 21cc794e-90c3-4d38-9905-a833a32dcd6c@group-6F22C8D50B7B: changes role from      null to FOLLOWER at term 0 for startAsFollower
2024-03-29 09:28:02,464 [21cc794e-90c3-4d38-9905-a833a32dcd6c-groupManagement] INFO  impl.RoleInfo (RoleInfo.java:updateAndGet(139)) - 21cc794e-90c3-4d38-9905-a833a32dcd6c: start 21cc794e-90c3-4d38-9905-a833a32dcd6c@group-6F22C8D50B7B-FollowerState
2024-03-29 09:28:02,464 [21cc794e-90c3-4d38-9905-a833a32dcd6c@group-6F22C8D50B7B-FollowerState] INFO  server.RaftServerConfigKeys (ConfUtils.java:logFallback(53)) - raft.server.rpc.first-election.timeout.min = 5s (fallback to raft.server.rpc.timeout.min)
2024-03-29 09:28:02,464 [21cc794e-90c3-4d38-9905-a833a32dcd6c-groupManagement] INFO  util.JmxRegister (JmxRegister.java:tryRegister(44)) - Successfully registered JMX Bean with object name Ratis:service=RaftServer,group=group-6F22C8D50B7B,id=21cc794e-90c3-4d38-9905-a833a32dcd6c
2024-03-29 09:28:02,464 [21cc794e-90c3-4d38-9905-a833a32dcd6c@group-6F22C8D50B7B-FollowerState] INFO  server.RaftServerConfigKeys (ConfUtils.java:logFallback(53)) - raft.server.rpc.first-election.timeout.max = 5200ms (fallback to raft.server.rpc.timeout.max)
2024-03-29 09:28:02,464 [21cc794e-90c3-4d38-9905-a833a32dcd6c-groupManagement] INFO  server.RaftServerConfigKeys (ConfUtils.java:logGet(46)) - raft.server.snapshot.trigger-when-stop.enabled = true (default)
2024-03-29 09:28:02,470 [21cc794e-90c3-4d38-9905-a833a32dcd6c-groupManagement] INFO  server.RaftServerConfigKeys (ConfUtils.java:logGet(46)) - raft.server.snapshot.auto.trigger.enabled = true (custom)
2024-03-29 09:28:02,470 [21cc794e-90c3-4d38-9905-a833a32dcd6c-groupManagement] INFO  server.RaftServerConfigKeys (ConfUtils.java:logGet(46)) - raft.server.snapshot.auto.trigger.threshold = 10000 (custom)
2024-03-29 09:28:02,471 [21cc794e-90c3-4d38-9905-a833a32dcd6c-groupManagement] INFO  server.RaftServerConfigKeys (ConfUtils.java:logGet(46)) - raft.server.snapshot.retention.file.num = 5 (custom)
2024-03-29 09:28:02,471 [21cc794e-90c3-4d38-9905-a833a32dcd6c-groupManagement] INFO  server.RaftServerConfigKeys (ConfUtils.java:logGet(46)) - raft.server.log.purge.upto.snapshot.index = false (default)
2024-03-29 09:28:02,471 [21cc794e-90c3-4d38-9905-a833a32dcd6c-PipelineCommandHandlerThread-0] INFO  ratis.XceiverServerRatis (XceiverServerRatis.java:addGroup(864)) - Created group PipelineID=420de7a1-34d0-4dc2-879f-6f22c8d50b7b
2024-03-29 09:28:02,471 [21cc794e-90c3-4d38-9905-a833a32dcd6c-PipelineCommandHandlerThread-0] INFO  commandhandler.CreatePipelineCommandHandler (CreatePipelineCommandHandler.java:lambda$handle$2(124)) - Created Pipeline RATIS ONE PipelineID=420de7a1-34d0-4dc2-879f-6f22c8d50b7b.
2024-03-29 09:28:02,472 [21cc794e-90c3-4d38-9905-a833a32dcd6c-PipelineCommandHandlerThread-0] INFO  server.RaftServer (RaftServerProxy.java:addNew(100)) - 21cc794e-90c3-4d38-9905-a833a32dcd6c: addNew group-54E1E8CC5B49:[ac45a72a-98f1-49f1-9186-9900cebd9eb6|10.1.0.26:15022, 21cc794e-90c3-4d38-9905-a833a32dcd6c|10.1.0.26:15040, 9f689a4b-3525-432c-897a-89bebd88635c|10.1.0.26:15031] returns group-54E1E8CC5B49:java.util.concurrent.CompletableFuture@5e3b4d63[Not completed]
2024-03-29 09:28:02,473 [21cc794e-90c3-4d38-9905-a833a32dcd6c-groupManagement] INFO  server.RaftServer$Division (RaftServerImpl.java:<init>(256)) - 21cc794e-90c3-4d38-9905-a833a32dcd6c: new RaftServerImpl for group-54E1E8CC5B49:[ac45a72a-98f1-49f1-9186-9900cebd9eb6|10.1.0.26:15022, 21cc794e-90c3-4d38-9905-a833a32dcd6c|10.1.0.26:15040, 9f689a4b-3525-432c-897a-89bebd88635c|10.1.0.26:15031] with ContainerStateMachine:uninitialized
2024-03-29 09:28:02,473 [21cc794e-90c3-4d38-9905-a833a32dcd6c-groupManagement] INFO  server.RaftServerConfigKeys (ConfUtils.java:logGet(46)) - raft.server.rpc.timeout.min = 5s (custom)
2024-03-29 09:28:02,473 [21cc794e-90c3-4d38-9905-a833a32dcd6c-groupManagement] INFO  server.RaftServerConfigKeys (ConfUtils.java:logGet(46)) - raft.server.rpc.timeout.max = 5200ms (custom)
2024-03-29 09:28:02,473 [21cc794e-90c3-4d38-9905-a833a32dcd6c-groupManagement] INFO  server.RaftServerConfigKeys (ConfUtils.java:logGet(46)) - raft.server.rpc.sleep.time = 25ms (default)
2024-03-29 09:28:02,473 [21cc794e-90c3-4d38-9905-a833a32dcd6c-groupManagement] INFO  server.RaftServerConfigKeys (ConfUtils.java:logGet(46)) - raft.server.rpc.slowness.timeout = 300s (custom)
2024-03-29 09:28:02,473 [21cc794e-90c3-4d38-9905-a833a32dcd6c-groupManagement] INFO  server.RaftServerConfigKeys (ConfUtils.java:logGet(46)) - raft.server.leaderelection.leader.step-down.wait-time = 10s (default)
2024-03-29 09:28:02,473 [21cc794e-90c3-4d38-9905-a833a32dcd6c-groupManagement] INFO  server.RaftServerConfigKeys (ConfUtils.java:logGet(46)) - raft.server.leaderelection.member.majority-add = false (default)
2024-03-29 09:28:02,473 [21cc794e-90c3-4d38-9905-a833a32dcd6c-groupManagement] INFO  server.RaftServerConfigKeys (ConfUtils.java:logGet(46)) - raft.server.sleep.deviation.threshold = 300ms (default)
2024-03-29 09:28:02,473 [21cc794e-90c3-4d38-9905-a833a32dcd6c-groupManagement] INFO  server.RaftServer$Division (ServerState.java:<init>(113)) - 21cc794e-90c3-4d38-9905-a833a32dcd6c@group-54E1E8CC5B49: ConfigurationManager, init=-1: peers:[ac45a72a-98f1-49f1-9186-9900cebd9eb6|10.1.0.26:15022, 21cc794e-90c3-4d38-9905-a833a32dcd6c|10.1.0.26:15040, 9f689a4b-3525-432c-897a-89bebd88635c|10.1.0.26:15031]|listeners:[], old=null, confs=<EMPTY_MAP>
2024-03-29 09:28:02,473 [21cc794e-90c3-4d38-9905-a833a32dcd6c-groupManagement] INFO  server.RaftServerConfigKeys (ConfUtils.java:logGet(46)) - raft.server.notification.no-leader.timeout = 300s (custom)
2024-03-29 09:28:02,473 [21cc794e-90c3-4d38-9905-a833a32dcd6c-groupManagement] INFO  server.RaftServerConfigKeys (ConfUtils.java:logGet(46)) - raft.server.read.timeout = 10s (default)
2024-03-29 09:28:02,473 [21cc794e-90c3-4d38-9905-a833a32dcd6c-groupManagement] INFO  server.RaftServerConfigKeys (ConfUtils.java:logGet(46)) - raft.server.retrycache.expirytime = 600000ms (custom)
2024-03-29 09:28:02,473 [21cc794e-90c3-4d38-9905-a833a32dcd6c-groupManagement] INFO  server.RaftServerConfigKeys (ConfUtils.java:logGet(46)) - raft.server.retrycache.statistics.expirytime = 100ms (default)
2024-03-29 09:28:02,473 [21cc794e-90c3-4d38-9905-a833a32dcd6c-groupManagement] INFO  server.RaftServerConfigKeys (ConfUtils.java:logGet(46)) - raft.server.read.option = DEFAULT (default)
2024-03-29 09:28:02,473 [21cc794e-90c3-4d38-9905-a833a32dcd6c-groupManagement] INFO  server.RaftServerConfigKeys (ConfUtils.java:logGet(46)) - raft.server.read.read-after-write-consistent.write-index-cache.expiry-time = 60s (default)
2024-03-29 09:28:02,475 [21cc794e-90c3-4d38-9905-a833a32dcd6c-groupManagement] INFO  server.RaftServerConfigKeys (ConfUtils.java:logGet(46)) - raft.server.rpc.request.timeout = 60s (custom)
2024-03-29 09:28:02,476 [21cc794e-90c3-4d38-9905-a833a32dcd6c-groupManagement] INFO  server.RaftServerConfigKeys (ConfUtils.java:logGet(46)) - raft.server.log.appender.install.snapshot.enabled = false (custom)
2024-03-29 09:28:02,476 [21cc794e-90c3-4d38-9905-a833a32dcd6c-groupManagement] INFO  server.RaftServerConfigKeys (ConfUtils.java:logGet(46)) - raft.server.threadpool.server.cached = true (default)
2024-03-29 09:28:02,476 [21cc794e-90c3-4d38-9905-a833a32dcd6c-groupManagement] INFO  server.RaftServerConfigKeys (ConfUtils.java:logGet(46)) - raft.server.threadpool.server.size = 0 (default)
2024-03-29 09:28:02,476 [21cc794e-90c3-4d38-9905-a833a32dcd6c-groupManagement] INFO  server.RaftServerConfigKeys (ConfUtils.java:logGet(46)) - raft.server.threadpool.client.cached = true (default)
2024-03-29 09:28:02,476 [21cc794e-90c3-4d38-9905-a833a32dcd6c-groupManagement] INFO  server.RaftServerConfigKeys (ConfUtils.java:logGet(46)) - raft.server.threadpool.client.size = 0 (default)
2024-03-29 09:28:02,476 [21cc794e-90c3-4d38-9905-a833a32dcd6c-groupManagement] INFO  server.RaftServerConfigKeys (ConfUtils.java:logGet(46)) - raft.server.storage.free-space.min = 0MB (=0) (default)
2024-03-29 09:28:02,476 [21cc794e-90c3-4d38-9905-a833a32dcd6c-groupManagement] INFO  server.RaftServerConfigKeys (ConfUtils.java:logGet(46)) - raft.server.log.corruption.policy = EXCEPTION (default)
2024-03-29 09:28:02,476 [21cc794e-90c3-4d38-9905-a833a32dcd6c-groupManagement] INFO  server.RaftServerConfigKeys (ConfUtils.java:logGet(46)) - raft.server.storage.dir = [/home/runner/work/ozone/ozone/hadoop-ozone/integration-test/target/test-dir/MiniOzoneClusterImpl-2686784a-6a4a-436e-9d81-be1eb39caf3e/ozone-meta/datanode-3/ratis] (custom)
2024-03-29 09:28:02,479 [ac45a72a-98f1-49f1-9186-9900cebd9eb6-PipelineCommandHandlerThread-0] INFO  commandhandler.CreatePipelineCommandHandler (CreatePipelineCommandHandler.java:lambda$handle$2(124)) - Created Pipeline RATIS THREE PipelineID=feb43b08-226c-484d-a820-e3cba6535e02.
2024-03-29 09:28:02,480 [ac45a72a-98f1-49f1-9186-9900cebd9eb6-PipelineCommandHandlerThread-0] INFO  server.RaftServer (RaftServerProxy.java:addNew(100)) - ac45a72a-98f1-49f1-9186-9900cebd9eb6: addNew group-54E1E8CC5B49:[ac45a72a-98f1-49f1-9186-9900cebd9eb6|10.1.0.26:15022, 21cc794e-90c3-4d38-9905-a833a32dcd6c|10.1.0.26:15040, 9f689a4b-3525-432c-897a-89bebd88635c|10.1.0.26:15031] returns group-54E1E8CC5B49:java.util.concurrent.CompletableFuture@91d55c8[Not completed]
2024-03-29 09:28:02,481 [ac45a72a-98f1-49f1-9186-9900cebd9eb6-groupManagement] INFO  server.RaftServer$Division (RaftServerImpl.java:<init>(256)) - ac45a72a-98f1-49f1-9186-9900cebd9eb6: new RaftServerImpl for group-54E1E8CC5B49:[ac45a72a-98f1-49f1-9186-9900cebd9eb6|10.1.0.26:15022, 21cc794e-90c3-4d38-9905-a833a32dcd6c|10.1.0.26:15040, 9f689a4b-3525-432c-897a-89bebd88635c|10.1.0.26:15031] with ContainerStateMachine:uninitialized
2024-03-29 09:28:02,481 [ac45a72a-98f1-49f1-9186-9900cebd9eb6-groupManagement] INFO  server.RaftServerConfigKeys (ConfUtils.java:logGet(46)) - raft.server.rpc.timeout.min = 5s (custom)
2024-03-29 09:28:02,481 [ac45a72a-98f1-49f1-9186-9900cebd9eb6-groupManagement] INFO  server.RaftServerConfigKeys (ConfUtils.java:logGet(46)) - raft.server.rpc.timeout.max = 5200ms (custom)
2024-03-29 09:28:02,481 [ac45a72a-98f1-49f1-9186-9900cebd9eb6-groupManagement] INFO  server.RaftServerConfigKeys (ConfUtils.java:logGet(46)) - raft.server.rpc.sleep.time = 25ms (default)
2024-03-29 09:28:02,481 [ac45a72a-98f1-49f1-9186-9900cebd9eb6-groupManagement] INFO  server.RaftServerConfigKeys (ConfUtils.java:logGet(46)) - raft.server.rpc.slowness.timeout = 300s (custom)
2024-03-29 09:28:02,481 [ac45a72a-98f1-49f1-9186-9900cebd9eb6-groupManagement] INFO  server.RaftServerConfigKeys (ConfUtils.java:logGet(46)) - raft.server.leaderelection.leader.step-down.wait-time = 10s (default)
2024-03-29 09:28:02,481 [ac45a72a-98f1-49f1-9186-9900cebd9eb6-groupManagement] INFO  server.RaftServerConfigKeys (ConfUtils.java:logGet(46)) - raft.server.leaderelection.member.majority-add = false (default)
2024-03-29 09:28:02,481 [ac45a72a-98f1-49f1-9186-9900cebd9eb6-groupManagement] INFO  server.RaftServerConfigKeys (ConfUtils.java:logGet(46)) - raft.server.sleep.deviation.threshold = 300ms (default)
2024-03-29 09:28:02,481 [ac45a72a-98f1-49f1-9186-9900cebd9eb6-groupManagement] INFO  server.RaftServer$Division (ServerState.java:<init>(113)) - ac45a72a-98f1-49f1-9186-9900cebd9eb6@group-54E1E8CC5B49: ConfigurationManager, init=-1: peers:[ac45a72a-98f1-49f1-9186-9900cebd9eb6|10.1.0.26:15022, 21cc794e-90c3-4d38-9905-a833a32dcd6c|10.1.0.26:15040, 9f689a4b-3525-432c-897a-89bebd88635c|10.1.0.26:15031]|listeners:[], old=null, confs=<EMPTY_MAP>
2024-03-29 09:28:02,481 [ac45a72a-98f1-49f1-9186-9900cebd9eb6-groupManagement] INFO  server.RaftServerConfigKeys (ConfUtils.java:logGet(46)) - raft.server.notification.no-leader.timeout = 300s (custom)
2024-03-29 09:28:02,481 [ac45a72a-98f1-49f1-9186-9900cebd9eb6-groupManagement] INFO  server.RaftServerConfigKeys (ConfUtils.java:logGet(46)) - raft.server.read.timeout = 10s (default)
2024-03-29 09:28:02,481 [ac45a72a-98f1-49f1-9186-9900cebd9eb6-groupManagement] INFO  server.RaftServerConfigKeys (ConfUtils.java:logGet(46)) - raft.server.retrycache.expirytime = 600000ms (custom)
2024-03-29 09:28:02,482 [ac45a72a-98f1-49f1-9186-9900cebd9eb6-groupManagement] INFO  server.RaftServerConfigKeys (ConfUtils.java:logGet(46)) - raft.server.retrycache.statistics.expirytime = 100ms (default)
2024-03-29 09:28:02,482 [ac45a72a-98f1-49f1-9186-9900cebd9eb6-groupManagement] INFO  server.RaftServerConfigKeys (ConfUtils.java:logGet(46)) - raft.server.read.option = DEFAULT (default)
2024-03-29 09:28:02,482 [ac45a72a-98f1-49f1-9186-9900cebd9eb6-groupManagement] INFO  server.RaftServerConfigKeys (ConfUtils.java:logGet(46)) - raft.server.read.read-after-write-consistent.write-index-cache.expiry-time = 60s (default)
2024-03-29 09:28:02,484 [ac45a72a-98f1-49f1-9186-9900cebd9eb6-groupManagement] INFO  server.RaftServerConfigKeys (ConfUtils.java:logGet(46)) - raft.server.rpc.request.timeout = 60s (custom)
2024-03-29 09:28:02,484 [ac45a72a-98f1-49f1-9186-9900cebd9eb6-groupManagement] INFO  server.RaftServerConfigKeys (ConfUtils.java:logGet(46)) - raft.server.log.appender.install.snapshot.enabled = false (custom)
2024-03-29 09:28:02,484 [ac45a72a-98f1-49f1-9186-9900cebd9eb6-groupManagement] INFO  server.RaftServerConfigKeys (ConfUtils.java:logGet(46)) - raft.server.threadpool.server.cached = true (default)
2024-03-29 09:28:02,486 [ac45a72a-98f1-49f1-9186-9900cebd9eb6-groupManagement] INFO  server.RaftServerConfigKeys (ConfUtils.java:logGet(46)) - raft.server.threadpool.server.size = 0 (default)
2024-03-29 09:28:02,487 [ac45a72a-98f1-49f1-9186-9900cebd9eb6-groupManagement] INFO  server.RaftServerConfigKeys (ConfUtils.java:logGet(46)) - raft.server.threadpool.client.cached = true (default)
2024-03-29 09:28:02,487 [ac45a72a-98f1-49f1-9186-9900cebd9eb6-groupManagement] INFO  server.RaftServerConfigKeys (ConfUtils.java:logGet(46)) - raft.server.threadpool.client.size = 0 (default)
2024-03-29 09:28:02,487 [ac45a72a-98f1-49f1-9186-9900cebd9eb6-groupManagement] INFO  server.RaftServerConfigKeys (ConfUtils.java:logGet(46)) - raft.server.storage.free-space.min = 0MB (=0) (default)
2024-03-29 09:28:02,485 [21cc794e-90c3-4d38-9905-a833a32dcd6c-groupManagement] INFO  storage.RaftStorageDirectory (RaftStorageDirectoryImpl.java:analyzeStorage(138)) - The storage directory /home/runner/work/ozone/ozone/hadoop-ozone/integration-test/target/test-dir/MiniOzoneClusterImpl-2686784a-6a4a-436e-9d81-be1eb39caf3e/ozone-meta/datanode-3/ratis/b53a8654-7c03-4f96-974e-54e1e8cc5b49 does not exist. Creating ...
2024-03-29 09:28:02,494 [21cc794e-90c3-4d38-9905-a833a32dcd6c-groupManagement] INFO  storage.RaftStorageDirectory (RaftStorageDirectoryImpl.java:tryLock(228)) - Lock on /home/runner/work/ozone/ozone/hadoop-ozone/integration-test/target/test-dir/MiniOzoneClusterImpl-2686784a-6a4a-436e-9d81-be1eb39caf3e/ozone-meta/datanode-3/ratis/b53a8654-7c03-4f96-974e-54e1e8cc5b49/in_use.lock acquired by nodename 134834@fv-az771-813
2024-03-29 09:28:02,491 [ac45a72a-98f1-49f1-9186-9900cebd9eb6-groupManagement] INFO  server.RaftServerConfigKeys (ConfUtils.java:logGet(46)) - raft.server.log.corruption.policy = EXCEPTION (default)
2024-03-29 09:28:02,496 [ac45a72a-98f1-49f1-9186-9900cebd9eb6-groupManagement] INFO  server.RaftServerConfigKeys (ConfUtils.java:logGet(46)) - raft.server.storage.dir = [/home/runner/work/ozone/ozone/hadoop-ozone/integration-test/target/test-dir/MiniOzoneClusterImpl-2686784a-6a4a-436e-9d81-be1eb39caf3e/ozone-meta/datanode-1/ratis] (custom)
2024-03-29 09:28:02,497 [ac45a72a-98f1-49f1-9186-9900cebd9eb6-groupManagement] INFO  storage.RaftStorageDirectory (RaftStorageDirectoryImpl.java:analyzeStorage(138)) - The storage directory /home/runner/work/ozone/ozone/hadoop-ozone/integration-test/target/test-dir/MiniOzoneClusterImpl-2686784a-6a4a-436e-9d81-be1eb39caf3e/ozone-meta/datanode-1/ratis/b53a8654-7c03-4f96-974e-54e1e8cc5b49 does not exist. Creating ...
2024-03-29 09:28:02,497 [21cc794e-90c3-4d38-9905-a833a32dcd6c-groupManagement] INFO  storage.RaftStorage (RaftStorageImpl.java:format(99)) - Storage directory /home/runner/work/ozone/ozone/hadoop-ozone/integration-test/target/test-dir/MiniOzoneClusterImpl-2686784a-6a4a-436e-9d81-be1eb39caf3e/ozone-meta/datanode-3/ratis/b53a8654-7c03-4f96-974e-54e1e8cc5b49 has been successfully formatted.
2024-03-29 09:28:02,498 [21cc794e-90c3-4d38-9905-a833a32dcd6c-groupManagement] WARN  util.FileUtils (LogUtils.java:supplyAndLog(63)) - Failed to Files.newInputStream /home/runner/work/ozone/ozone/hadoop-ozone/integration-test/target/test-dir/MiniOzoneClusterImpl-2686784a-6a4a-436e-9d81-be1eb39caf3e/ozone-meta/datanode-3/ratis/b53a8654-7c03-4f96-974e-54e1e8cc5b49/current/raft-meta.conf with options []: java.nio.file.NoSuchFileException: /home/runner/work/ozone/ozone/hadoop-ozone/integration-test/target/test-dir/MiniOzoneClusterImpl-2686784a-6a4a-436e-9d81-be1eb39caf3e/ozone-meta/datanode-3/ratis/b53a8654-7c03-4f96-974e-54e1e8cc5b49/current/raft-meta.conf
2024-03-29 09:28:02,498 [ac45a72a-98f1-49f1-9186-9900cebd9eb6-groupManagement] INFO  storage.RaftStorageDirectory (RaftStorageDirectoryImpl.java:tryLock(228)) - Lock on /home/runner/work/ozone/ozone/hadoop-ozone/integration-test/target/test-dir/MiniOzoneClusterImpl-2686784a-6a4a-436e-9d81-be1eb39caf3e/ozone-meta/datanode-1/ratis/b53a8654-7c03-4f96-974e-54e1e8cc5b49/in_use.lock acquired by nodename 134834@fv-az771-813
2024-03-29 09:28:02,499 [21cc794e-90c3-4d38-9905-a833a32dcd6c-groupManagement] INFO  ratis.ContainerStateMachine (ContainerStateMachine.java:loadSnapshot(287)) - group-54E1E8CC5B49: The snapshot info is null. Setting the last applied index to:(t:0, i:~)
2024-03-29 09:28:02,499 [21cc794e-90c3-4d38-9905-a833a32dcd6c-groupManagement] INFO  server.RaftServerConfigKeys (ConfUtils.java:logGet(46)) - raft.server.log.use.memory = false (default)
2024-03-29 09:28:02,499 [21cc794e-90c3-4d38-9905-a833a32dcd6c-groupManagement] INFO  server.RaftServerConfigKeys (ConfUtils.java:logGet(46)) - raft.server.log.purge.gap = 1000000 (custom)
2024-03-29 09:28:02,499 [21cc794e-90c3-4d38-9905-a833a32dcd6c-groupManagement] INFO  server.RaftServerConfigKeys (ConfUtils.java:logGet(46)) - raft.server.log.appender.buffer.byte-limit = 8388608 (custom)
2024-03-29 09:28:02,500 [21cc794e-90c3-4d38-9905-a833a32dcd6c-groupManagement] INFO  server.RaftServerConfigKeys (ConfUtils.java:logGet(46)) - raft.server.log.statemachine.data.read.timeout = 1000ms (default)
2024-03-29 09:28:02,500 [21cc794e-90c3-4d38-9905-a833a32dcd6c-groupManagement] INFO  server.RaftServerConfigKeys (ConfUtils.java:logGet(46)) - raft.server.log.purge.preservation.log.num = 0 (default)
2024-03-29 09:28:02,501 [21cc794e-90c3-4d38-9905-a833a32dcd6c-groupManagement] INFO  server.RaftServerConfigKeys (ConfUtils.java:logGet(46)) - raft.server.log.segment.size.max = 67108864 (custom)
2024-03-29 09:28:02,501 [21cc794e-90c3-4d38-9905-a833a32dcd6c-groupManagement] INFO  server.RaftServerConfigKeys (ConfUtils.java:logGet(46)) - raft.server.log.segment.cache.num.max = 2 (custom)
2024-03-29 09:28:02,504 [21cc794e-90c3-4d38-9905-a833a32dcd6c-groupManagement] INFO  server.RaftServerConfigKeys (ConfUtils.java:logGet(46)) - raft.server.log.segment.cache.size.max = 200MB (=209715200) (default)
2024-03-29 09:28:02,504 [21cc794e-90c3-4d38-9905-a833a32dcd6c-groupManagement] INFO  server.RaftServerConfigKeys (ConfUtils.java:logGet(46)) - raft.server.log.appender.buffer.byte-limit = 8388608 (custom)
2024-03-29 09:28:02,504 [21cc794e-90c3-4d38-9905-a833a32dcd6c-groupManagement] INFO  util.AwaitToRun (AwaitToRun.java:start(81)) - Thread[21cc794e-90c3-4d38-9905-a833a32dcd6c@group-54E1E8CC5B49-cacheEviction-AwaitToRun,5,main] started
2024-03-29 09:28:02,504 [21cc794e-90c3-4d38-9905-a833a32dcd6c-groupManagement] INFO  segmented.SegmentedRaftLogWorker (SegmentedRaftLogWorker.java:<init>(182)) - new 21cc794e-90c3-4d38-9905-a833a32dcd6c@group-54E1E8CC5B49-SegmentedRaftLogWorker for RaftStorageImpl:Storage Directory /home/runner/work/ozone/ozone/hadoop-ozone/integration-test/target/test-dir/MiniOzoneClusterImpl-2686784a-6a4a-436e-9d81-be1eb39caf3e/ozone-meta/datanode-3/ratis/b53a8654-7c03-4f96-974e-54e1e8cc5b49
2024-03-29 09:28:02,504 [21cc794e-90c3-4d38-9905-a833a32dcd6c-groupManagement] INFO  server.RaftServerConfigKeys (ConfUtils.java:logGet(46)) - raft.server.log.queue.byte-limit = 4294967296 (custom)
2024-03-29 09:28:02,504 [21cc794e-90c3-4d38-9905-a833a32dcd6c-groupManagement] INFO  server.RaftServerConfigKeys (ConfUtils.java:logGet(46)) - raft.server.log.queue.element-limit = 1024 (custom)
2024-03-29 09:28:02,504 [21cc794e-90c3-4d38-9905-a833a32dcd6c-groupManagement] INFO  server.RaftServerConfigKeys (ConfUtils.java:logGet(46)) - raft.server.log.segment.size.max = 67108864 (custom)
2024-03-29 09:28:02,505 [21cc794e-90c3-4d38-9905-a833a32dcd6c-groupManagement] INFO  server.RaftServerConfigKeys (ConfUtils.java:logGet(46)) - raft.server.log.preallocated.size = 4194304 (custom)
2024-03-29 09:28:02,506 [ac45a72a-98f1-49f1-9186-9900cebd9eb6-groupManagement] INFO  storage.RaftStorage (RaftStorageImpl.java:format(99)) - Storage directory /home/runner/work/ozone/ozone/hadoop-ozone/integration-test/target/test-dir/MiniOzoneClusterImpl-2686784a-6a4a-436e-9d81-be1eb39caf3e/ozone-meta/datanode-1/ratis/b53a8654-7c03-4f96-974e-54e1e8cc5b49 has been successfully formatted.
2024-03-29 09:28:02,507 [ac45a72a-98f1-49f1-9186-9900cebd9eb6-groupManagement] WARN  util.FileUtils (LogUtils.java:supplyAndLog(63)) - Failed to Files.newInputStream /home/runner/work/ozone/ozone/hadoop-ozone/integration-test/target/test-dir/MiniOzoneClusterImpl-2686784a-6a4a-436e-9d81-be1eb39caf3e/ozone-meta/datanode-1/ratis/b53a8654-7c03-4f96-974e-54e1e8cc5b49/current/raft-meta.conf with options []: java.nio.file.NoSuchFileException: /home/runner/work/ozone/ozone/hadoop-ozone/integration-test/target/test-dir/MiniOzoneClusterImpl-2686784a-6a4a-436e-9d81-be1eb39caf3e/ozone-meta/datanode-1/ratis/b53a8654-7c03-4f96-974e-54e1e8cc5b49/current/raft-meta.conf
2024-03-29 09:28:02,505 [9f689a4b-3525-432c-897a-89bebd88635c-PipelineCommandHandlerThread-0] INFO  commandhandler.CreatePipelineCommandHandler (CreatePipelineCommandHandler.java:lambda$handle$2(124)) - Created Pipeline RATIS THREE PipelineID=feb43b08-226c-484d-a820-e3cba6535e02.
2024-03-29 09:28:02,507 [ac45a72a-98f1-49f1-9186-9900cebd9eb6-groupManagement] INFO  ratis.ContainerStateMachine (ContainerStateMachine.java:loadSnapshot(287)) - group-54E1E8CC5B49: The snapshot info is null. Setting the last applied index to:(t:0, i:~)
2024-03-29 09:28:02,511 [ac45a72a-98f1-49f1-9186-9900cebd9eb6-groupManagement] INFO  server.RaftServerConfigKeys (ConfUtils.java:logGet(46)) - raft.server.log.use.memory = false (default)
2024-03-29 09:28:02,505 [EventQueue-OpenPipelineForHealthyPipelineSafeModeRule] INFO  safemode.SCMSafeModeManager (HealthyPipelineSafeModeRule.java:process(140)) - SCM in safe mode. Healthy pipelines reported count is 0, required healthy pipeline reported count is 1
2024-03-29 09:28:02,512 [9f689a4b-3525-432c-897a-89bebd88635c-PipelineCommandHandlerThread-0] INFO  server.RaftServer (RaftServerProxy.java:addNew(100)) - 9f689a4b-3525-432c-897a-89bebd88635c: addNew group-54E1E8CC5B49:[ac45a72a-98f1-49f1-9186-9900cebd9eb6|10.1.0.26:15022, 21cc794e-90c3-4d38-9905-a833a32dcd6c|10.1.0.26:15040, 9f689a4b-3525-432c-897a-89bebd88635c|10.1.0.26:15031] returns group-54E1E8CC5B49:java.util.concurrent.CompletableFuture@2f3c872c[Not completed]
2024-03-29 09:28:02,512 [ac45a72a-98f1-49f1-9186-9900cebd9eb6-groupManagement] INFO  server.RaftServerConfigKeys (ConfUtils.java:logGet(46)) - raft.server.log.purge.gap = 1000000 (custom)
2024-03-29 09:28:02,512 [ac45a72a-98f1-49f1-9186-9900cebd9eb6-groupManagement] INFO  server.RaftServerConfigKeys (ConfUtils.java:logGet(46)) - raft.server.log.appender.buffer.byte-limit = 8388608 (custom)
2024-03-29 09:28:02,512 [ac45a72a-98f1-49f1-9186-9900cebd9eb6-groupManagement] INFO  server.RaftServerConfigKeys (ConfUtils.java:logGet(46)) - raft.server.log.statemachine.data.read.timeout = 1000ms (default)
2024-03-29 09:28:02,512 [ac45a72a-98f1-49f1-9186-9900cebd9eb6-groupManagement] INFO  server.RaftServerConfigKeys (ConfUtils.java:logGet(46)) - raft.server.log.purge.preservation.log.num = 0 (default)
2024-03-29 09:28:02,512 [21cc794e-90c3-4d38-9905-a833a32dcd6c-groupManagement] INFO  server.RaftServerConfigKeys (ConfUtils.java:logGet(46)) - raft.server.log.force.sync.num = 128 (default)
2024-03-29 09:28:02,512 [21cc794e-90c3-4d38-9905-a833a32dcd6c-groupManagement] INFO  server.RaftServerConfigKeys (ConfUtils.java:logGet(46)) - raft.server.log.statemachine.data.sync = true (default)
2024-03-29 09:28:02,512 [21cc794e-90c3-4d38-9905-a833a32dcd6c-groupManagement] INFO  server.RaftServerConfigKeys (ConfUtils.java:logGet(46)) - raft.server.log.statemachine.data.sync.timeout = 10s (default)
2024-03-29 09:28:02,512 [21cc794e-90c3-4d38-9905-a833a32dcd6c-groupManagement] INFO  server.RaftServerConfigKeys (ConfUtils.java:logGet(46)) - raft.server.log.statemachine.data.sync.timeout.retry = 0 (custom)
2024-03-29 09:28:02,513 [21cc794e-90c3-4d38-9905-a833a32dcd6c-groupManagement] INFO  server.RaftServerConfigKeys (ConfUtils.java:logGet(46)) - raft.server.log.write.buffer.size = 8388616 (custom)
2024-03-29 09:28:02,515 [21cc794e-90c3-4d38-9905-a833a32dcd6c-groupManagement] INFO  server.RaftServerConfigKeys (ConfUtils.java:logGet(46)) - raft.server.log.appender.buffer.byte-limit = 8388608 (custom)
2024-03-29 09:28:02,515 [21cc794e-90c3-4d38-9905-a833a32dcd6c-groupManagement] INFO  server.RaftServerConfigKeys (ConfUtils.java:logGet(46)) - raft.server.log.unsafe-flush.enabled = false (default)
2024-03-29 09:28:02,515 [21cc794e-90c3-4d38-9905-a833a32dcd6c-groupManagement] INFO  server.RaftServerConfigKeys (ConfUtils.java:logGet(46)) - raft.server.log.async-flush.enabled = false (default)
2024-03-29 09:28:02,515 [21cc794e-90c3-4d38-9905-a833a32dcd6c-groupManagement] INFO  server.RaftServerConfigKeys (ConfUtils.java:logGet(46)) - raft.server.log.statemachine.data.caching.enabled = true (custom)
2024-03-29 09:28:02,515 [21cc794e-90c3-4d38-9905-a833a32dcd6c-groupManagement] INFO  segmented.SegmentedRaftLogWorker (SegmentedRaftLogWorker.java:lambda$new$0(134)) - 21cc794e-90c3-4d38-9905-a833a32dcd6c@group-54E1E8CC5B49-SegmentedRaftLogWorker: flushIndex: setUnconditionally 0 -> -1
2024-03-29 09:28:02,516 [21cc794e-90c3-4d38-9905-a833a32dcd6c-groupManagement] INFO  segmented.SegmentedRaftLogWorker (SegmentedRaftLogWorker.java:lambda$new$0(134)) - 21cc794e-90c3-4d38-9905-a833a32dcd6c@group-54E1E8CC5B49-SegmentedRaftLogWorker: safeCacheEvictIndex: setUnconditionally 0 -> -1
2024-03-29 09:28:02,516 [21cc794e-90c3-4d38-9905-a833a32dcd6c-groupManagement] INFO  server.RaftServer$Division (RaftServerImpl.java:start(396)) - 21cc794e-90c3-4d38-9905-a833a32dcd6c@group-54E1E8CC5B49: start as a follower, conf=-1: peers:[ac45a72a-98f1-49f1-9186-9900cebd9eb6|10.1.0.26:15022, 21cc794e-90c3-4d38-9905-a833a32dcd6c|10.1.0.26:15040, 9f689a4b-3525-432c-897a-89bebd88635c|10.1.0.26:15031]|listeners:[], old=null
2024-03-29 09:28:02,516 [21cc794e-90c3-4d38-9905-a833a32dcd6c-groupManagement] INFO  server.RaftServer$Division (RaftServerImpl.java:setRole(383)) - 21cc794e-90c3-4d38-9905-a833a32dcd6c@group-54E1E8CC5B49: changes role from      null to FOLLOWER at term 0 for startAsFollower
2024-03-29 09:28:02,516 [21cc794e-90c3-4d38-9905-a833a32dcd6c-groupManagement] INFO  impl.RoleInfo (RoleInfo.java:updateAndGet(139)) - 21cc794e-90c3-4d38-9905-a833a32dcd6c: start 21cc794e-90c3-4d38-9905-a833a32dcd6c@group-54E1E8CC5B49-FollowerState
2024-03-29 09:28:02,517 [ac45a72a-98f1-49f1-9186-9900cebd9eb6-groupManagement] INFO  server.RaftServerConfigKeys (ConfUtils.java:logGet(46)) - raft.server.log.segment.size.max = 67108864 (custom)
2024-03-29 09:28:02,517 [EventQueue-OpenPipelineForHealthyPipelineSafeModeRule] INFO  safemode.SCMSafeModeManager (HealthyPipelineSafeModeRule.java:process(140)) - SCM in safe mode. Healthy pipelines reported count is 0, required healthy pipeline reported count is 1
2024-03-29 09:28:02,517 [ac45a72a-98f1-49f1-9186-9900cebd9eb6-groupManagement] INFO  server.RaftServerConfigKeys (ConfUtils.java:logGet(46)) - raft.server.log.segment.cache.num.max = 2 (custom)
2024-03-29 09:28:02,517 [ac45a72a-98f1-49f1-9186-9900cebd9eb6-groupManagement] INFO  server.RaftServerConfigKeys (ConfUtils.java:logGet(46)) - raft.server.log.segment.cache.size.max = 200MB (=209715200) (default)
2024-03-29 09:28:02,517 [ac45a72a-98f1-49f1-9186-9900cebd9eb6-groupManagement] INFO  server.RaftServerConfigKeys (ConfUtils.java:logGet(46)) - raft.server.log.appender.buffer.byte-limit = 8388608 (custom)
2024-03-29 09:28:02,517 [21cc794e-90c3-4d38-9905-a833a32dcd6c-groupManagement] INFO  util.JmxRegister (JmxRegister.java:tryRegister(44)) - Successfully registered JMX Bean with object name Ratis:service=RaftServer,group=group-54E1E8CC5B49,id=21cc794e-90c3-4d38-9905-a833a32dcd6c
2024-03-29 09:28:02,517 [21cc794e-90c3-4d38-9905-a833a32dcd6c-groupManagement] INFO  server.RaftServerConfigKeys (ConfUtils.java:logGet(46)) - raft.server.snapshot.trigger-when-stop.enabled = true (default)
2024-03-29 09:28:02,518 [21cc794e-90c3-4d38-9905-a833a32dcd6c-groupManagement] INFO  server.RaftServerConfigKeys (ConfUtils.java:logGet(46)) - raft.server.snapshot.auto.trigger.enabled = true (custom)
2024-03-29 09:28:02,518 [21cc794e-90c3-4d38-9905-a833a32dcd6c-groupManagement] INFO  server.RaftServerConfigKeys (ConfUtils.java:logGet(46)) - raft.server.snapshot.auto.trigger.threshold = 10000 (custom)
2024-03-29 09:28:02,518 [21cc794e-90c3-4d38-9905-a833a32dcd6c-groupManagement] INFO  server.RaftServerConfigKeys (ConfUtils.java:logGet(46)) - raft.server.snapshot.retention.file.num = 5 (custom)
2024-03-29 09:28:02,518 [21cc794e-90c3-4d38-9905-a833a32dcd6c-groupManagement] INFO  server.RaftServerConfigKeys (ConfUtils.java:logGet(46)) - raft.server.log.purge.upto.snapshot.index = false (default)
2024-03-29 09:28:02,518 [21cc794e-90c3-4d38-9905-a833a32dcd6c@group-54E1E8CC5B49-FollowerState] INFO  server.RaftServerConfigKeys (ConfUtils.java:logFallback(53)) - raft.server.rpc.first-election.timeout.min = 5s (fallback to raft.server.rpc.timeout.min)
2024-03-29 09:28:02,519 [21cc794e-90c3-4d38-9905-a833a32dcd6c@group-54E1E8CC5B49-FollowerState] INFO  server.RaftServerConfigKeys (ConfUtils.java:logFallback(53)) - raft.server.rpc.first-election.timeout.max = 5200ms (fallback to raft.server.rpc.timeout.max)
2024-03-29 09:28:02,519 [21cc794e-90c3-4d38-9905-a833a32dcd6c-PipelineCommandHandlerThread-0] INFO  ratis.XceiverServerRatis (XceiverServerRatis.java:addGroup(864)) - Created group PipelineID=b53a8654-7c03-4f96-974e-54e1e8cc5b49
2024-03-29 09:28:02,519 [9f689a4b-3525-432c-897a-89bebd88635c-groupManagement] INFO  server.RaftServer$Division (RaftServerImpl.java:<init>(256)) - 9f689a4b-3525-432c-897a-89bebd88635c: new RaftServerImpl for group-54E1E8CC5B49:[ac45a72a-98f1-49f1-9186-9900cebd9eb6|10.1.0.26:15022, 21cc794e-90c3-4d38-9905-a833a32dcd6c|10.1.0.26:15040, 9f689a4b-3525-432c-897a-89bebd88635c|10.1.0.26:15031] with ContainerStateMachine:uninitialized
2024-03-29 09:28:02,519 [9f689a4b-3525-432c-897a-89bebd88635c-groupManagement] INFO  server.RaftServerConfigKeys (ConfUtils.java:logGet(46)) - raft.server.rpc.timeout.min = 5s (custom)
2024-03-29 09:28:02,520 [9f689a4b-3525-432c-897a-89bebd88635c-groupManagement] INFO  server.RaftServerConfigKeys (ConfUtils.java:logGet(46)) - raft.server.rpc.timeout.max = 5200ms (custom)
2024-03-29 09:28:02,520 [9f689a4b-3525-432c-897a-89bebd88635c-groupManagement] INFO  server.RaftServerConfigKeys (ConfUtils.java:logGet(46)) - raft.server.rpc.sleep.time = 25ms (default)
2024-03-29 09:28:02,520 [9f689a4b-3525-432c-897a-89bebd88635c-groupManagement] INFO  server.RaftServerConfigKeys (ConfUtils.java:logGet(46)) - raft.server.rpc.slowness.timeout = 300s (custom)
2024-03-29 09:28:02,520 [9f689a4b-3525-432c-897a-89bebd88635c-groupManagement] INFO  server.RaftServerConfigKeys (ConfUtils.java:logGet(46)) - raft.server.leaderelection.leader.step-down.wait-time = 10s (default)
2024-03-29 09:28:02,520 [9f689a4b-3525-432c-897a-89bebd88635c-groupManagement] INFO  server.RaftServerConfigKeys (ConfUtils.java:logGet(46)) - raft.server.leaderelection.member.majority-add = false (default)
2024-03-29 09:28:02,520 [9f689a4b-3525-432c-897a-89bebd88635c-groupManagement] INFO  server.RaftServerConfigKeys (ConfUtils.java:logGet(46)) - raft.server.sleep.deviation.threshold = 300ms (default)
2024-03-29 09:28:02,520 [9f689a4b-3525-432c-897a-89bebd88635c-groupManagement] INFO  server.RaftServer$Division (ServerState.java:<init>(113)) - 9f689a4b-3525-432c-897a-89bebd88635c@group-54E1E8CC5B49: ConfigurationManager, init=-1: peers:[ac45a72a-98f1-49f1-9186-9900cebd9eb6|10.1.0.26:15022, 21cc794e-90c3-4d38-9905-a833a32dcd6c|10.1.0.26:15040, 9f689a4b-3525-432c-897a-89bebd88635c|10.1.0.26:15031]|listeners:[], old=null, confs=<EMPTY_MAP>
2024-03-29 09:28:02,520 [9f689a4b-3525-432c-897a-89bebd88635c-groupManagement] INFO  server.RaftServerConfigKeys (ConfUtils.java:logGet(46)) - raft.server.notification.no-leader.timeout = 300s (custom)
2024-03-29 09:28:02,520 [9f689a4b-3525-432c-897a-89bebd88635c-groupManagement] INFO  server.RaftServerConfigKeys (ConfUtils.java:logGet(46)) - raft.server.read.timeout = 10s (default)
2024-03-29 09:28:02,520 [9f689a4b-3525-432c-897a-89bebd88635c-groupManagement] INFO  server.RaftServerConfigKeys (ConfUtils.java:logGet(46)) - raft.server.retrycache.expirytime = 600000ms (custom)
2024-03-29 09:28:02,520 [9f689a4b-3525-432c-897a-89bebd88635c-groupManagement] INFO  server.RaftServerConfigKeys (ConfUtils.java:logGet(46)) - raft.server.retrycache.statistics.expirytime = 100ms (default)
2024-03-29 09:28:02,520 [9f689a4b-3525-432c-897a-89bebd88635c-groupManagement] INFO  server.RaftServerConfigKeys (ConfUtils.java:logGet(46)) - raft.server.read.option = DEFAULT (default)
2024-03-29 09:28:02,520 [9f689a4b-3525-432c-897a-89bebd88635c-groupManagement] INFO  server.RaftServerConfigKeys (ConfUtils.java:logGet(46)) - raft.server.read.read-after-write-consistent.write-index-cache.expiry-time = 60s (default)
2024-03-29 09:28:02,523 [9f689a4b-3525-432c-897a-89bebd88635c-groupManagement] INFO  server.RaftServerConfigKeys (ConfUtils.java:logGet(46)) - raft.server.rpc.request.timeout = 60s (custom)
2024-03-29 09:28:02,523 [9f689a4b-3525-432c-897a-89bebd88635c-groupManagement] INFO  server.RaftServerConfigKeys (ConfUtils.java:logGet(46)) - raft.server.log.appender.install.snapshot.enabled = false (custom)
2024-03-29 09:28:02,523 [9f689a4b-3525-432c-897a-89bebd88635c-groupManagement] INFO  server.RaftServerConfigKeys (ConfUtils.java:logGet(46)) - raft.server.threadpool.server.cached = true (default)
2024-03-29 09:28:02,523 [9f689a4b-3525-432c-897a-89bebd88635c-groupManagement] INFO  server.RaftServerConfigKeys (ConfUtils.java:logGet(46)) - raft.server.threadpool.server.size = 0 (default)
2024-03-29 09:28:02,523 [9f689a4b-3525-432c-897a-89bebd88635c-groupManagement] INFO  server.RaftServerConfigKeys (ConfUtils.java:logGet(46)) - raft.server.threadpool.client.cached = true (default)
2024-03-29 09:28:02,523 [9f689a4b-3525-432c-897a-89bebd88635c-groupManagement] INFO  server.RaftServerConfigKeys (ConfUtils.java:logGet(46)) - raft.server.threadpool.client.size = 0 (default)
2024-03-29 09:28:02,524 [9f689a4b-3525-432c-897a-89bebd88635c-groupManagement] INFO  server.RaftServerConfigKeys (ConfUtils.java:logGet(46)) - raft.server.storage.free-space.min = 0MB (=0) (default)
2024-03-29 09:28:02,524 [9f689a4b-3525-432c-897a-89bebd88635c-groupManagement] INFO  server.RaftServerConfigKeys (ConfUtils.java:logGet(46)) - raft.server.log.corruption.policy = EXCEPTION (default)
2024-03-29 09:28:02,524 [9f689a4b-3525-432c-897a-89bebd88635c-groupManagement] INFO  server.RaftServerConfigKeys (ConfUtils.java:logGet(46)) - raft.server.storage.dir = [/home/runner/work/ozone/ozone/hadoop-ozone/integration-test/target/test-dir/MiniOzoneClusterImpl-2686784a-6a4a-436e-9d81-be1eb39caf3e/ozone-meta/datanode-2/ratis] (custom)
2024-03-29 09:28:02,524 [9f689a4b-3525-432c-897a-89bebd88635c-groupManagement] INFO  storage.RaftStorageDirectory (RaftStorageDirectoryImpl.java:analyzeStorage(138)) - The storage directory /home/runner/work/ozone/ozone/hadoop-ozone/integration-test/target/test-dir/MiniOzoneClusterImpl-2686784a-6a4a-436e-9d81-be1eb39caf3e/ozone-meta/datanode-2/ratis/b53a8654-7c03-4f96-974e-54e1e8cc5b49 does not exist. Creating ...
2024-03-29 09:28:02,524 [ac45a72a-98f1-49f1-9186-9900cebd9eb6-groupManagement] INFO  util.AwaitToRun (AwaitToRun.java:start(81)) - Thread[ac45a72a-98f1-49f1-9186-9900cebd9eb6@group-54E1E8CC5B49-cacheEviction-AwaitToRun,5,main] started
2024-03-29 09:28:02,524 [ac45a72a-98f1-49f1-9186-9900cebd9eb6-groupManagement] INFO  segmented.SegmentedRaftLogWorker (SegmentedRaftLogWorker.java:<init>(182)) - new ac45a72a-98f1-49f1-9186-9900cebd9eb6@group-54E1E8CC5B49-SegmentedRaftLogWorker for RaftStorageImpl:Storage Directory /home/runner/work/ozone/ozone/hadoop-ozone/integration-test/target/test-dir/MiniOzoneClusterImpl-2686784a-6a4a-436e-9d81-be1eb39caf3e/ozone-meta/datanode-1/ratis/b53a8654-7c03-4f96-974e-54e1e8cc5b49
2024-03-29 09:28:02,524 [ac45a72a-98f1-49f1-9186-9900cebd9eb6-groupManagement] INFO  server.RaftServerConfigKeys (ConfUtils.java:logGet(46)) - raft.server.log.queue.byte-limit = 4294967296 (custom)
2024-03-29 09:28:02,525 [ac45a72a-98f1-49f1-9186-9900cebd9eb6-groupManagement] INFO  server.RaftServerConfigKeys (ConfUtils.java:logGet(46)) - raft.server.log.queue.element-limit = 1024 (custom)
2024-03-29 09:28:02,525 [ac45a72a-98f1-49f1-9186-9900cebd9eb6-groupManagement] INFO  server.RaftServerConfigKeys (ConfUtils.java:logGet(46)) - raft.server.log.segment.size.max = 67108864 (custom)
2024-03-29 09:28:02,525 [ac45a72a-98f1-49f1-9186-9900cebd9eb6-groupManagement] INFO  server.RaftServerConfigKeys (ConfUtils.java:logGet(46)) - raft.server.log.preallocated.size = 4194304 (custom)
2024-03-29 09:28:02,525 [ac45a72a-98f1-49f1-9186-9900cebd9eb6-groupManagement] INFO  server.RaftServerConfigKeys (ConfUtils.java:logGet(46)) - raft.server.log.force.sync.num = 128 (default)
2024-03-29 09:28:02,525 [ac45a72a-98f1-49f1-9186-9900cebd9eb6-groupManagement] INFO  server.RaftServerConfigKeys (ConfUtils.java:logGet(46)) - raft.server.log.statemachine.data.sync = true (default)
2024-03-29 09:28:02,525 [ac45a72a-98f1-49f1-9186-9900cebd9eb6-groupManagement] INFO  server.RaftServerConfigKeys (ConfUtils.java:logGet(46)) - raft.server.log.statemachine.data.sync.timeout = 10s (default)
2024-03-29 09:28:02,525 [ac45a72a-98f1-49f1-9186-9900cebd9eb6-groupManagement] INFO  server.RaftServerConfigKeys (ConfUtils.java:logGet(46)) - raft.server.log.statemachine.data.sync.timeout.retry = 0 (custom)
2024-03-29 09:28:02,525 [ac45a72a-98f1-49f1-9186-9900cebd9eb6-groupManagement] INFO  server.RaftServerConfigKeys (ConfUtils.java:logGet(46)) - raft.server.log.write.buffer.size = 8388616 (custom)
2024-03-29 09:28:02,527 [ac45a72a-98f1-49f1-9186-9900cebd9eb6-groupManagement] INFO  server.RaftServerConfigKeys (ConfUtils.java:logGet(46)) - raft.server.log.appender.buffer.byte-limit = 8388608 (custom)
2024-03-29 09:28:02,527 [ac45a72a-98f1-49f1-9186-9900cebd9eb6-groupManagement] INFO  server.RaftServerConfigKeys (ConfUtils.java:logGet(46)) - raft.server.log.unsafe-flush.enabled = false (default)
2024-03-29 09:28:02,529 [ac45a72a-98f1-49f1-9186-9900cebd9eb6-groupManagement] INFO  server.RaftServerConfigKeys (ConfUtils.java:logGet(46)) - raft.server.log.async-flush.enabled = false (default)
2024-03-29 09:28:02,529 [ac45a72a-98f1-49f1-9186-9900cebd9eb6-groupManagement] INFO  server.RaftServerConfigKeys (ConfUtils.java:logGet(46)) - raft.server.log.statemachine.data.caching.enabled = true (custom)
2024-03-29 09:28:02,530 [ac45a72a-98f1-49f1-9186-9900cebd9eb6-groupManagement] INFO  segmented.SegmentedRaftLogWorker (SegmentedRaftLogWorker.java:lambda$new$0(134)) - ac45a72a-98f1-49f1-9186-9900cebd9eb6@group-54E1E8CC5B49-SegmentedRaftLogWorker: flushIndex: setUnconditionally 0 -> -1
2024-03-29 09:28:02,531 [ac45a72a-98f1-49f1-9186-9900cebd9eb6-groupManagement] INFO  segmented.SegmentedRaftLogWorker (SegmentedRaftLogWorker.java:lambda$new$0(134)) - ac45a72a-98f1-49f1-9186-9900cebd9eb6@group-54E1E8CC5B49-SegmentedRaftLogWorker: safeCacheEvictIndex: setUnconditionally 0 -> -1
2024-03-29 09:28:02,529 [9f689a4b-3525-432c-897a-89bebd88635c-groupManagement] INFO  storage.RaftStorageDirectory (RaftStorageDirectoryImpl.java:tryLock(228)) - Lock on /home/runner/work/ozone/ozone/hadoop-ozone/integration-test/target/test-dir/MiniOzoneClusterImpl-2686784a-6a4a-436e-9d81-be1eb39caf3e/ozone-meta/datanode-2/ratis/b53a8654-7c03-4f96-974e-54e1e8cc5b49/in_use.lock acquired by nodename 134834@fv-az771-813
2024-03-29 09:28:02,531 [ac45a72a-98f1-49f1-9186-9900cebd9eb6-groupManagement] INFO  server.RaftServer$Division (RaftServerImpl.java:start(396)) - ac45a72a-98f1-49f1-9186-9900cebd9eb6@group-54E1E8CC5B49: start as a follower, conf=-1: peers:[ac45a72a-98f1-49f1-9186-9900cebd9eb6|10.1.0.26:15022, 21cc794e-90c3-4d38-9905-a833a32dcd6c|10.1.0.26:15040, 9f689a4b-3525-432c-897a-89bebd88635c|10.1.0.26:15031]|listeners:[], old=null
2024-03-29 09:28:02,531 [ac45a72a-98f1-49f1-9186-9900cebd9eb6-groupManagement] INFO  server.RaftServer$Division (RaftServerImpl.java:setRole(383)) - ac45a72a-98f1-49f1-9186-9900cebd9eb6@group-54E1E8CC5B49: changes role from      null to FOLLOWER at term 0 for startAsFollower
2024-03-29 09:28:02,531 [ac45a72a-98f1-49f1-9186-9900cebd9eb6-groupManagement] INFO  impl.RoleInfo (RoleInfo.java:updateAndGet(139)) - ac45a72a-98f1-49f1-9186-9900cebd9eb6: start ac45a72a-98f1-49f1-9186-9900cebd9eb6@group-54E1E8CC5B49-FollowerState
2024-03-29 09:28:02,532 [ac45a72a-98f1-49f1-9186-9900cebd9eb6-groupManagement] INFO  util.JmxRegister (JmxRegister.java:tryRegister(44)) - Successfully registered JMX Bean with object name Ratis:service=RaftServer,group=group-54E1E8CC5B49,id=ac45a72a-98f1-49f1-9186-9900cebd9eb6
2024-03-29 09:28:02,532 [ac45a72a-98f1-49f1-9186-9900cebd9eb6@group-54E1E8CC5B49-FollowerState] INFO  server.RaftServerConfigKeys (ConfUtils.java:logFallback(53)) - raft.server.rpc.first-election.timeout.min = 5s (fallback to raft.server.rpc.timeout.min)
2024-03-29 09:28:02,532 [ac45a72a-98f1-49f1-9186-9900cebd9eb6-groupManagement] INFO  server.RaftServerConfigKeys (ConfUtils.java:logGet(46)) - raft.server.snapshot.trigger-when-stop.enabled = true (default)
2024-03-29 09:28:02,532 [ac45a72a-98f1-49f1-9186-9900cebd9eb6@group-54E1E8CC5B49-FollowerState] INFO  server.RaftServerConfigKeys (ConfUtils.java:logFallback(53)) - raft.server.rpc.first-election.timeout.max = 5200ms (fallback to raft.server.rpc.timeout.max)
2024-03-29 09:28:02,532 [ac45a72a-98f1-49f1-9186-9900cebd9eb6-groupManagement] INFO  server.RaftServerConfigKeys (ConfUtils.java:logGet(46)) - raft.server.snapshot.auto.trigger.enabled = true (custom)
2024-03-29 09:28:02,532 [ac45a72a-98f1-49f1-9186-9900cebd9eb6-groupManagement] INFO  server.RaftServerConfigKeys (ConfUtils.java:logGet(46)) - raft.server.snapshot.auto.trigger.threshold = 10000 (custom)
2024-03-29 09:28:02,532 [ac45a72a-98f1-49f1-9186-9900cebd9eb6-groupManagement] INFO  server.RaftServerConfigKeys (ConfUtils.java:logGet(46)) - raft.server.snapshot.retention.file.num = 5 (custom)
2024-03-29 09:28:02,532 [ac45a72a-98f1-49f1-9186-9900cebd9eb6-groupManagement] INFO  server.RaftServerConfigKeys (ConfUtils.java:logGet(46)) - raft.server.log.purge.upto.snapshot.index = false (default)
2024-03-29 09:28:02,534 [ac45a72a-98f1-49f1-9186-9900cebd9eb6-PipelineCommandHandlerThread-0] INFO  ratis.XceiverServerRatis (XceiverServerRatis.java:addGroup(864)) - Created group PipelineID=b53a8654-7c03-4f96-974e-54e1e8cc5b49
2024-03-29 09:28:02,534 [9f689a4b-3525-432c-897a-89bebd88635c-groupManagement] INFO  storage.RaftStorage (RaftStorageImpl.java:format(99)) - Storage directory /home/runner/work/ozone/ozone/hadoop-ozone/integration-test/target/test-dir/MiniOzoneClusterImpl-2686784a-6a4a-436e-9d81-be1eb39caf3e/ozone-meta/datanode-2/ratis/b53a8654-7c03-4f96-974e-54e1e8cc5b49 has been successfully formatted.
2024-03-29 09:28:02,535 [9f689a4b-3525-432c-897a-89bebd88635c-groupManagement] WARN  util.FileUtils (LogUtils.java:supplyAndLog(63)) - Failed to Files.newInputStream /home/runner/work/ozone/ozone/hadoop-ozone/integration-test/target/test-dir/MiniOzoneClusterImpl-2686784a-6a4a-436e-9d81-be1eb39caf3e/ozone-meta/datanode-2/ratis/b53a8654-7c03-4f96-974e-54e1e8cc5b49/current/raft-meta.conf with options []: java.nio.file.NoSuchFileException: /home/runner/work/ozone/ozone/hadoop-ozone/integration-test/target/test-dir/MiniOzoneClusterImpl-2686784a-6a4a-436e-9d81-be1eb39caf3e/ozone-meta/datanode-2/ratis/b53a8654-7c03-4f96-974e-54e1e8cc5b49/current/raft-meta.conf
2024-03-29 09:28:02,535 [9f689a4b-3525-432c-897a-89bebd88635c-groupManagement] INFO  ratis.ContainerStateMachine (ContainerStateMachine.java:loadSnapshot(287)) - group-54E1E8CC5B49: The snapshot info is null. Setting the last applied index to:(t:0, i:~)
2024-03-29 09:28:02,536 [9f689a4b-3525-432c-897a-89bebd88635c-groupManagement] INFO  server.RaftServerConfigKeys (ConfUtils.java:logGet(46)) - raft.server.log.use.memory = false (default)
2024-03-29 09:28:02,536 [9f689a4b-3525-432c-897a-89bebd88635c-groupManagement] INFO  server.RaftServerConfigKeys (ConfUtils.java:logGet(46)) - raft.server.log.purge.gap = 1000000 (custom)
2024-03-29 09:28:02,540 [9f689a4b-3525-432c-897a-89bebd88635c-groupManagement] INFO  server.RaftServerConfigKeys (ConfUtils.java:logGet(46)) - raft.server.log.appender.buffer.byte-limit = 8388608 (custom)
2024-03-29 09:28:02,540 [9f689a4b-3525-432c-897a-89bebd88635c-groupManagement] INFO  server.RaftServerConfigKeys (ConfUtils.java:logGet(46)) - raft.server.log.statemachine.data.read.timeout = 1000ms (default)
2024-03-29 09:28:02,540 [9f689a4b-3525-432c-897a-89bebd88635c-groupManagement] INFO  server.RaftServerConfigKeys (ConfUtils.java:logGet(46)) - raft.server.log.purge.preservation.log.num = 0 (default)
2024-03-29 09:28:02,541 [EventQueue-OpenPipelineForHealthyPipelineSafeModeRule] INFO  safemode.SCMSafeModeManager (HealthyPipelineSafeModeRule.java:process(140)) - SCM in safe mode. Healthy pipelines reported count is 0, required healthy pipeline reported count is 1
2024-03-29 09:28:02,544 [9f689a4b-3525-432c-897a-89bebd88635c-groupManagement] INFO  server.RaftServerConfigKeys (ConfUtils.java:logGet(46)) - raft.server.log.segment.size.max = 67108864 (custom)
2024-03-29 09:28:02,545 [9f689a4b-3525-432c-897a-89bebd88635c-groupManagement] INFO  server.RaftServerConfigKeys (ConfUtils.java:logGet(46)) - raft.server.log.segment.cache.num.max = 2 (custom)
2024-03-29 09:28:02,545 [9f689a4b-3525-432c-897a-89bebd88635c-groupManagement] INFO  server.RaftServerConfigKeys (ConfUtils.java:logGet(46)) - raft.server.log.segment.cache.size.max = 200MB (=209715200) (default)
2024-03-29 09:28:02,546 [9f689a4b-3525-432c-897a-89bebd88635c-groupManagement] INFO  server.RaftServerConfigKeys (ConfUtils.java:logGet(46)) - raft.server.log.appender.buffer.byte-limit = 8388608 (custom)
2024-03-29 09:28:02,546 [9f689a4b-3525-432c-897a-89bebd88635c-groupManagement] INFO  util.AwaitToRun (AwaitToRun.java:start(81)) - Thread[9f689a4b-3525-432c-897a-89bebd88635c@group-54E1E8CC5B49-cacheEviction-AwaitToRun,5,main] started
2024-03-29 09:28:02,546 [9f689a4b-3525-432c-897a-89bebd88635c-groupManagement] INFO  segmented.SegmentedRaftLogWorker (SegmentedRaftLogWorker.java:<init>(182)) - new 9f689a4b-3525-432c-897a-89bebd88635c@group-54E1E8CC5B49-SegmentedRaftLogWorker for RaftStorageImpl:Storage Directory /home/runner/work/ozone/ozone/hadoop-ozone/integration-test/target/test-dir/MiniOzoneClusterImpl-2686784a-6a4a-436e-9d81-be1eb39caf3e/ozone-meta/datanode-2/ratis/b53a8654-7c03-4f96-974e-54e1e8cc5b49
2024-03-29 09:28:02,546 [9f689a4b-3525-432c-897a-89bebd88635c-groupManagement] INFO  server.RaftServerConfigKeys (ConfUtils.java:logGet(46)) - raft.server.log.queue.byte-limit = 4294967296 (custom)
2024-03-29 09:28:02,547 [9f689a4b-3525-432c-897a-89bebd88635c-groupManagement] INFO  server.RaftServerConfigKeys (ConfUtils.java:logGet(46)) - raft.server.log.queue.element-limit = 1024 (custom)
2024-03-29 09:28:02,547 [9f689a4b-3525-432c-897a-89bebd88635c-groupManagement] INFO  server.RaftServerConfigKeys (ConfUtils.java:logGet(46)) - raft.server.log.segment.size.max = 67108864 (custom)
2024-03-29 09:28:02,549 [9f689a4b-3525-432c-897a-89bebd88635c-groupManagement] INFO  server.RaftServerConfigKeys (ConfUtils.java:logGet(46)) - raft.server.log.preallocated.size = 4194304 (custom)
2024-03-29 09:28:02,549 [9f689a4b-3525-432c-897a-89bebd88635c-groupManagement] INFO  server.RaftServerConfigKeys (ConfUtils.java:logGet(46)) - raft.server.log.force.sync.num = 128 (default)
2024-03-29 09:28:02,550 [9f689a4b-3525-432c-897a-89bebd88635c-groupManagement] INFO  server.RaftServerConfigKeys (ConfUtils.java:logGet(46)) - raft.server.log.statemachine.data.sync = true (default)
2024-03-29 09:28:02,550 [9f689a4b-3525-432c-897a-89bebd88635c-groupManagement] INFO  server.RaftServerConfigKeys (ConfUtils.java:logGet(46)) - raft.server.log.statemachine.data.sync.timeout = 10s (default)
2024-03-29 09:28:02,550 [9f689a4b-3525-432c-897a-89bebd88635c-groupManagement] INFO  server.RaftServerConfigKeys (ConfUtils.java:logGet(46)) - raft.server.log.statemachine.data.sync.timeout.retry = 0 (custom)
2024-03-29 09:28:02,550 [9f689a4b-3525-432c-897a-89bebd88635c-groupManagement] INFO  server.RaftServerConfigKeys (ConfUtils.java:logGet(46)) - raft.server.log.write.buffer.size = 8388616 (custom)
2024-03-29 09:28:02,552 [9f689a4b-3525-432c-897a-89bebd88635c-groupManagement] INFO  server.RaftServerConfigKeys (ConfUtils.java:logGet(46)) - raft.server.log.appender.buffer.byte-limit = 8388608 (custom)
2024-03-29 09:28:02,552 [9f689a4b-3525-432c-897a-89bebd88635c-groupManagement] INFO  server.RaftServerConfigKeys (ConfUtils.java:logGet(46)) - raft.server.log.unsafe-flush.enabled = false (default)
2024-03-29 09:28:02,552 [9f689a4b-3525-432c-897a-89bebd88635c-groupManagement] INFO  server.RaftServerConfigKeys (ConfUtils.java:logGet(46)) - raft.server.log.async-flush.enabled = false (default)
2024-03-29 09:28:02,552 [9f689a4b-3525-432c-897a-89bebd88635c-groupManagement] INFO  server.RaftServerConfigKeys (ConfUtils.java:logGet(46)) - raft.server.log.statemachine.data.caching.enabled = true (custom)
2024-03-29 09:28:02,553 [9f689a4b-3525-432c-897a-89bebd88635c-groupManagement] INFO  segmented.SegmentedRaftLogWorker (SegmentedRaftLogWorker.java:lambda$new$0(134)) - 9f689a4b-3525-432c-897a-89bebd88635c@group-54E1E8CC5B49-SegmentedRaftLogWorker: flushIndex: setUnconditionally 0 -> -1
2024-03-29 09:28:02,553 [9f689a4b-3525-432c-897a-89bebd88635c-groupManagement] INFO  segmented.SegmentedRaftLogWorker (SegmentedRaftLogWorker.java:lambda$new$0(134)) - 9f689a4b-3525-432c-897a-89bebd88635c@group-54E1E8CC5B49-SegmentedRaftLogWorker: safeCacheEvictIndex: setUnconditionally 0 -> -1
2024-03-29 09:28:02,553 [9f689a4b-3525-432c-897a-89bebd88635c-groupManagement] INFO  server.RaftServer$Division (RaftServerImpl.java:start(396)) - 9f689a4b-3525-432c-897a-89bebd88635c@group-54E1E8CC5B49: start as a follower, conf=-1: peers:[ac45a72a-98f1-49f1-9186-9900cebd9eb6|10.1.0.26:15022, 21cc794e-90c3-4d38-9905-a833a32dcd6c|10.1.0.26:15040, 9f689a4b-3525-432c-897a-89bebd88635c|10.1.0.26:15031]|listeners:[], old=null
2024-03-29 09:28:02,553 [9f689a4b-3525-432c-897a-89bebd88635c-groupManagement] INFO  server.RaftServer$Division (RaftServerImpl.java:setRole(383)) - 9f689a4b-3525-432c-897a-89bebd88635c@group-54E1E8CC5B49: changes role from      null to FOLLOWER at term 0 for startAsFollower
2024-03-29 09:28:02,554 [9f689a4b-3525-432c-897a-89bebd88635c-groupManagement] INFO  impl.RoleInfo (RoleInfo.java:updateAndGet(139)) - 9f689a4b-3525-432c-897a-89bebd88635c: start 9f689a4b-3525-432c-897a-89bebd88635c@group-54E1E8CC5B49-FollowerState
2024-03-29 09:28:02,556 [9f689a4b-3525-432c-897a-89bebd88635c-groupManagement] INFO  util.JmxRegister (JmxRegister.java:tryRegister(44)) - Successfully registered JMX Bean with object name Ratis:service=RaftServer,group=group-54E1E8CC5B49,id=9f689a4b-3525-432c-897a-89bebd88635c
2024-03-29 09:28:02,557 [9f689a4b-3525-432c-897a-89bebd88635c-groupManagement] INFO  server.RaftServerConfigKeys (ConfUtils.java:logGet(46)) - raft.server.snapshot.trigger-when-stop.enabled = true (default)
2024-03-29 09:28:02,557 [9f689a4b-3525-432c-897a-89bebd88635c-groupManagement] INFO  server.RaftServerConfigKeys (ConfUtils.java:logGet(46)) - raft.server.snapshot.auto.trigger.enabled = true (custom)
2024-03-29 09:28:02,557 [9f689a4b-3525-432c-897a-89bebd88635c-groupManagement] INFO  server.RaftServerConfigKeys (ConfUtils.java:logGet(46)) - raft.server.snapshot.auto.trigger.threshold = 10000 (custom)
2024-03-29 09:28:02,557 [9f689a4b-3525-432c-897a-89bebd88635c-groupManagement] INFO  server.RaftServerConfigKeys (ConfUtils.java:logGet(46)) - raft.server.snapshot.retention.file.num = 5 (custom)
2024-03-29 09:28:02,557 [9f689a4b-3525-432c-897a-89bebd88635c-groupManagement] INFO  server.RaftServerConfigKeys (ConfUtils.java:logGet(46)) - raft.server.log.purge.upto.snapshot.index = false (default)
2024-03-29 09:28:02,558 [9f689a4b-3525-432c-897a-89bebd88635c@group-54E1E8CC5B49-FollowerState] INFO  server.RaftServerConfigKeys (ConfUtils.java:logFallback(53)) - raft.server.rpc.first-election.timeout.min = 5s (fallback to raft.server.rpc.timeout.min)
2024-03-29 09:28:02,558 [9f689a4b-3525-432c-897a-89bebd88635c@group-54E1E8CC5B49-FollowerState] INFO  server.RaftServerConfigKeys (ConfUtils.java:logFallback(53)) - raft.server.rpc.first-election.timeout.max = 5200ms (fallback to raft.server.rpc.timeout.max)
2024-03-29 09:28:02,566 [9f689a4b-3525-432c-897a-89bebd88635c-PipelineCommandHandlerThread-0] INFO  ratis.XceiverServerRatis (XceiverServerRatis.java:addGroup(864)) - Created group PipelineID=b53a8654-7c03-4f96-974e-54e1e8cc5b49
2024-03-29 09:28:02,596 [ac45a72a-98f1-49f1-9186-9900cebd9eb6-PipelineCommandHandlerThread-0] INFO  commandhandler.CreatePipelineCommandHandler (CreatePipelineCommandHandler.java:lambda$handle$2(124)) - Created Pipeline RATIS THREE PipelineID=b53a8654-7c03-4f96-974e-54e1e8cc5b49.
2024-03-29 09:28:02,603 [21cc794e-90c3-4d38-9905-a833a32dcd6c-PipelineCommandHandlerThread-0] INFO  commandhandler.CreatePipelineCommandHandler (CreatePipelineCommandHandler.java:lambda$handle$2(124)) - Created Pipeline RATIS THREE PipelineID=b53a8654-7c03-4f96-974e-54e1e8cc5b49.
2024-03-29 09:28:02,612 [9f689a4b-3525-432c-897a-89bebd88635c-PipelineCommandHandlerThread-0] INFO  commandhandler.CreatePipelineCommandHandler (CreatePipelineCommandHandler.java:lambda$handle$2(124)) - Created Pipeline RATIS THREE PipelineID=b53a8654-7c03-4f96-974e-54e1e8cc5b49.
2024-03-29 09:28:03,410 [main] INFO  ozone.MiniOzoneClusterImpl (MiniOzoneClusterImpl.java:lambda$waitForClusterToBeReady$0(194)) - Nodes are ready. Got 3 of 3 DN Heartbeats.
2024-03-29 09:28:03,411 [main] INFO  ozone.MiniOzoneClusterImpl (MiniOzoneClusterImpl.java:lambda$waitForClusterToBeReady$0(197)) - Waiting for cluster to exit safe mode
2024-03-29 09:28:03,411 [main] INFO  ozone.MiniOzoneClusterImpl (MiniOzoneClusterImpl.java:lambda$waitForClusterToBeReady$0(199)) - SCM became leader
2024-03-29 09:28:04,411 [main] INFO  ozone.MiniOzoneClusterImpl (MiniOzoneClusterImpl.java:lambda$waitForClusterToBeReady$0(194)) - Nodes are ready. Got 3 of 3 DN Heartbeats.
2024-03-29 09:28:04,411 [main] INFO  ozone.MiniOzoneClusterImpl (MiniOzoneClusterImpl.java:lambda$waitForClusterToBeReady$0(197)) - Waiting for cluster to exit safe mode
2024-03-29 09:28:04,411 [main] INFO  ozone.MiniOzoneClusterImpl (MiniOzoneClusterImpl.java:lambda$waitForClusterToBeReady$0(199)) - SCM became leader
2024-03-29 09:28:05,412 [main] INFO  ozone.MiniOzoneClusterImpl (MiniOzoneClusterImpl.java:lambda$waitForClusterToBeReady$0(194)) - Nodes are ready. Got 3 of 3 DN Heartbeats.
2024-03-29 09:28:05,412 [main] INFO  ozone.MiniOzoneClusterImpl (MiniOzoneClusterImpl.java:lambda$waitForClusterToBeReady$0(197)) - Waiting for cluster to exit safe mode
2024-03-29 09:28:05,412 [main] INFO  ozone.MiniOzoneClusterImpl (MiniOzoneClusterImpl.java:lambda$waitForClusterToBeReady$0(199)) - SCM became leader
2024-03-29 09:28:06,412 [main] INFO  ozone.MiniOzoneClusterImpl (MiniOzoneClusterImpl.java:lambda$waitForClusterToBeReady$0(194)) - Nodes are ready. Got 3 of 3 DN Heartbeats.
2024-03-29 09:28:06,412 [main] INFO  ozone.MiniOzoneClusterImpl (MiniOzoneClusterImpl.java:lambda$waitForClusterToBeReady$0(197)) - Waiting for cluster to exit safe mode
2024-03-29 09:28:06,412 [main] INFO  ozone.MiniOzoneClusterImpl (MiniOzoneClusterImpl.java:lambda$waitForClusterToBeReady$0(199)) - SCM became leader
2024-03-29 09:28:07,350 [ac45a72a-98f1-49f1-9186-9900cebd9eb6@group-3D5F132F2B8B-FollowerState] INFO  impl.FollowerState (FollowerState.java:run(143)) - ac45a72a-98f1-49f1-9186-9900cebd9eb6@group-3D5F132F2B8B-FollowerState: change to CANDIDATE, lastRpcElapsedTime:5104870978ns, electionTimeout:5104ms
2024-03-29 09:28:07,350 [ac45a72a-98f1-49f1-9186-9900cebd9eb6@group-3D5F132F2B8B-FollowerState] INFO  impl.RoleInfo (RoleInfo.java:shutdownFollowerState(110)) - ac45a72a-98f1-49f1-9186-9900cebd9eb6: shutdown ac45a72a-98f1-49f1-9186-9900cebd9eb6@group-3D5F132F2B8B-FollowerState
2024-03-29 09:28:07,351 [ac45a72a-98f1-49f1-9186-9900cebd9eb6@group-3D5F132F2B8B-FollowerState] INFO  server.RaftServer$Division (RaftServerImpl.java:setRole(383)) - ac45a72a-98f1-49f1-9186-9900cebd9eb6@group-3D5F132F2B8B: changes role from  FOLLOWER to CANDIDATE at term 0 for changeToCandidate
2024-03-29 09:28:07,351 [ac45a72a-98f1-49f1-9186-9900cebd9eb6@group-3D5F132F2B8B-FollowerState] INFO  server.RaftServerConfigKeys (ConfUtils.java:logGet(46)) - raft.server.leaderelection.pre-vote = true (default)
2024-03-29 09:28:07,351 [ac45a72a-98f1-49f1-9186-9900cebd9eb6@group-3D5F132F2B8B-FollowerState] INFO  impl.RoleInfo (RoleInfo.java:updateAndGet(139)) - ac45a72a-98f1-49f1-9186-9900cebd9eb6: start ac45a72a-98f1-49f1-9186-9900cebd9eb6@group-3D5F132F2B8B-LeaderElection2
2024-03-29 09:28:07,352 [ac45a72a-98f1-49f1-9186-9900cebd9eb6@group-3D5F132F2B8B-LeaderElection2] INFO  impl.LeaderElection (LeaderElection.java:askForVotes(321)) - ac45a72a-98f1-49f1-9186-9900cebd9eb6@group-3D5F132F2B8B-LeaderElection2 PRE_VOTE round 0: submit vote requests at term 0 for -1: peers:[ac45a72a-98f1-49f1-9186-9900cebd9eb6|10.1.0.26:15022]|listeners:[], old=null
2024-03-29 09:28:07,353 [ac45a72a-98f1-49f1-9186-9900cebd9eb6@group-3D5F132F2B8B-LeaderElection2] INFO  impl.LeaderElection (LeaderElection.java:askForVotes(323)) - ac45a72a-98f1-49f1-9186-9900cebd9eb6@group-3D5F132F2B8B-LeaderElection2 PRE_VOTE round 0: result PASSED (term=0)
2024-03-29 09:28:07,354 [ac45a72a-98f1-49f1-9186-9900cebd9eb6@group-3D5F132F2B8B-LeaderElection2] INFO  impl.LeaderElection (LeaderElection.java:askForVotes(321)) - ac45a72a-98f1-49f1-9186-9900cebd9eb6@group-3D5F132F2B8B-LeaderElection2 ELECTION round 0: submit vote requests at term 1 for -1: peers:[ac45a72a-98f1-49f1-9186-9900cebd9eb6|10.1.0.26:15022]|listeners:[], old=null
2024-03-29 09:28:07,354 [ac45a72a-98f1-49f1-9186-9900cebd9eb6@group-3D5F132F2B8B-LeaderElection2] INFO  impl.LeaderElection (LeaderElection.java:askForVotes(323)) - ac45a72a-98f1-49f1-9186-9900cebd9eb6@group-3D5F132F2B8B-LeaderElection2 ELECTION round 0: result PASSED (term=1)
2024-03-29 09:28:07,354 [ac45a72a-98f1-49f1-9186-9900cebd9eb6@group-3D5F132F2B8B-LeaderElection2] INFO  impl.RoleInfo (RoleInfo.java:shutdownLeaderElection(130)) - ac45a72a-98f1-49f1-9186-9900cebd9eb6: shutdown ac45a72a-98f1-49f1-9186-9900cebd9eb6@group-3D5F132F2B8B-LeaderElection2
2024-03-29 09:28:07,354 [ac45a72a-98f1-49f1-9186-9900cebd9eb6@group-3D5F132F2B8B-LeaderElection2] INFO  server.RaftServer$Division (RaftServerImpl.java:setRole(383)) - ac45a72a-98f1-49f1-9186-9900cebd9eb6@group-3D5F132F2B8B: changes role from CANDIDATE to LEADER at term 1 for changeToLeader
2024-03-29 09:28:07,354 [ac45a72a-98f1-49f1-9186-9900cebd9eb6@group-3D5F132F2B8B-LeaderElection2] INFO  server.RaftServerConfigKeys (ConfUtils.java:logGet(46)) - raft.server.staging.catchup.gap = 1000 (default)
2024-03-29 09:28:07,354 [ac45a72a-98f1-49f1-9186-9900cebd9eb6@group-3D5F132F2B8B-LeaderElection2] INFO  server.RaftServerConfigKeys (ConfUtils.java:logGet(46)) - raft.server.write.element-limit = 1024 (custom)
2024-03-29 09:28:07,354 [ac45a72a-98f1-49f1-9186-9900cebd9eb6@group-3D5F132F2B8B-LeaderElection2] INFO  server.RaftServerConfigKeys (ConfUtils.java:logGet(46)) - raft.server.write.byte-limit = 1024 M (=1073741824) (custom)
2024-03-29 09:28:07,355 [ac45a72a-98f1-49f1-9186-9900cebd9eb6@group-3D5F132F2B8B-LeaderElection2] INFO  server.RaftServerConfigKeys (ConfUtils.java:logGet(46)) - raft.server.watch.timeout = 180s (custom)
2024-03-29 09:28:07,355 [ac45a72a-98f1-49f1-9186-9900cebd9eb6@group-3D5F132F2B8B-LeaderElection2] INFO  server.RaftServerConfigKeys (ConfUtils.java:logGet(46)) - raft.server.watch.timeout.denomination = 1s (default)
2024-03-29 09:28:07,355 [ac45a72a-98f1-49f1-9186-9900cebd9eb6@group-3D5F132F2B8B-LeaderElection2] INFO  server.RaftServerConfigKeys (ConfUtils.java:logGet(46)) - raft.server.watch.element-limit = 65536 (default)
2024-03-29 09:28:07,355 [ac45a72a-98f1-49f1-9186-9900cebd9eb6@group-3D5F132F2B8B-LeaderElection2] INFO  server.RaftServerConfigKeys (ConfUtils.java:logGet(46)) - raft.server.read.leader.lease.enabled = false (default)
2024-03-29 09:28:07,355 [ac45a72a-98f1-49f1-9186-9900cebd9eb6@group-3D5F132F2B8B-LeaderElection2] INFO  server.RaftServerConfigKeys (ConfUtils.java:logGet(46)) - raft.server.read.leader.lease.timeout.ratio = 0.9 (default)
2024-03-29 09:28:07,355 [ac45a72a-98f1-49f1-9186-9900cebd9eb6@group-3D5F132F2B8B-LeaderElection2] INFO  server.RaftServerConfigKeys (ConfUtils.java:logGet(46)) - raft.server.rpc.timeout.min = 5s (custom)
2024-03-29 09:28:07,355 [ac45a72a-98f1-49f1-9186-9900cebd9eb6@group-3D5F132F2B8B-LeaderElection2] INFO  server.RaftServerConfigKeys (ConfUtils.java:logGet(46)) - raft.server.write.element-limit = 1024 (custom)
2024-03-29 09:28:07,355 [ac45a72a-98f1-49f1-9186-9900cebd9eb6@group-3D5F132F2B8B-LeaderElection2] INFO  server.RaftServerConfigKeys (ConfUtils.java:logGet(46)) - raft.server.write.follower.gap.ratio.max = -1.0 (default)
2024-03-29 09:28:07,355 [ac45a72a-98f1-49f1-9186-9900cebd9eb6@group-3D5F132F2B8B-LeaderElection2] INFO  impl.RoleInfo (RoleInfo.java:updateAndGet(139)) - ac45a72a-98f1-49f1-9186-9900cebd9eb6: start ac45a72a-98f1-49f1-9186-9900cebd9eb6@group-3D5F132F2B8B-LeaderStateImpl
2024-03-29 09:28:07,355 [ac45a72a-98f1-49f1-9186-9900cebd9eb6@group-3D5F132F2B8B-LeaderElection2] INFO  server.RaftServer$Division (RaftServerImpl.java:setFirstElection(574)) - ac45a72a-98f1-49f1-9186-9900cebd9eb6@group-3D5F132F2B8B: set firstElectionSinceStartup to false for becomeLeader
2024-03-29 09:28:07,355 [ac45a72a-98f1-49f1-9186-9900cebd9eb6@group-3D5F132F2B8B-LeaderElection2] INFO  ratis.XceiverServerRatis (XceiverServerRatis.java:handleLeaderChangedNotification(966)) - Leader change notification received for group: group-3D5F132F2B8B with new leaderId: ac45a72a-98f1-49f1-9186-9900cebd9eb6
2024-03-29 09:28:07,356 [ac45a72a-98f1-49f1-9186-9900cebd9eb6@group-3D5F132F2B8B-LeaderElection2] INFO  server.RaftServer$Division (ServerState.java:setLeader(269)) - ac45a72a-98f1-49f1-9186-9900cebd9eb6@group-3D5F132F2B8B: change Leader from null to ac45a72a-98f1-49f1-9186-9900cebd9eb6 at term 1 for becomeLeader, leader elected after 5141ms
2024-03-29 09:28:07,356 [ac45a72a-98f1-49f1-9186-9900cebd9eb6@group-3D5F132F2B8B-LeaderElection2] INFO  segmented.SegmentedRaftLogWorker (SegmentedRaftLogWorker.java:startLogSegment(430)) - ac45a72a-98f1-49f1-9186-9900cebd9eb6@group-3D5F132F2B8B-SegmentedRaftLogWorker: Starting segment from index:0
2024-03-29 09:28:07,360 [ac45a72a-98f1-49f1-9186-9900cebd9eb6@group-3D5F132F2B8B-SegmentedRaftLogWorker] INFO  segmented.BufferedWriteChannel (BufferedWriteChannel.java:open(62)) - open log_inprogress_0 at position 0
2024-03-29 09:28:07,363 [EventQueue-OpenPipelineForHealthyPipelineSafeModeRule] INFO  safemode.SCMSafeModeManager (HealthyPipelineSafeModeRule.java:process(140)) - SCM in safe mode. Healthy pipelines reported count is 0, required healthy pipeline reported count is 1
2024-03-29 09:28:07,363 [ac45a72a-98f1-49f1-9186-9900cebd9eb6@group-3D5F132F2B8B-LeaderElection2] INFO  server.RaftServer$Division (ServerState.java:setRaftConf(386)) - ac45a72a-98f1-49f1-9186-9900cebd9eb6@group-3D5F132F2B8B: set configuration 0: peers:[ac45a72a-98f1-49f1-9186-9900cebd9eb6|10.1.0.26:15022]|listeners:[], old=null
2024-03-29 09:28:07,367 [ac45a72a-98f1-49f1-9186-9900cebd9eb6@group-3D5F132F2B8B-SegmentedRaftLogWorker] INFO  segmented.SegmentedRaftLogWorker (SegmentedRaftLogWorker.java:execute(634)) - ac45a72a-98f1-49f1-9186-9900cebd9eb6@group-3D5F132F2B8B-SegmentedRaftLogWorker: created new log segment /home/runner/work/ozone/ozone/hadoop-ozone/integration-test/target/test-dir/MiniOzoneClusterImpl-2686784a-6a4a-436e-9d81-be1eb39caf3e/ozone-meta/datanode-1/ratis/30faa9bb-1dc5-4956-ac54-3d5f132f2b8b/current/log_inprogress_0
2024-03-29 09:28:07,369 [ac45a72a-98f1-49f1-9186-9900cebd9eb6@group-3D5F132F2B8B-StateMachineUpdater] INFO  server.RaftServer$Division (LeaderStateImpl.java:isApplied(320)) - leader is ready since appliedIndex == 0 >= startIndex == 0
2024-03-29 09:28:07,404 [ac45a72a-98f1-49f1-9186-9900cebd9eb6@group-E3CBA6535E02-FollowerState] INFO  impl.FollowerState (FollowerState.java:run(143)) - ac45a72a-98f1-49f1-9186-9900cebd9eb6@group-E3CBA6535E02-FollowerState: change to CANDIDATE, lastRpcElapsedTime:5130583749ns, electionTimeout:5130ms
2024-03-29 09:28:07,405 [ac45a72a-98f1-49f1-9186-9900cebd9eb6@group-E3CBA6535E02-FollowerState] INFO  impl.RoleInfo (RoleInfo.java:shutdownFollowerState(110)) - ac45a72a-98f1-49f1-9186-9900cebd9eb6: shutdown ac45a72a-98f1-49f1-9186-9900cebd9eb6@group-E3CBA6535E02-FollowerState
2024-03-29 09:28:07,405 [ac45a72a-98f1-49f1-9186-9900cebd9eb6@group-E3CBA6535E02-FollowerState] INFO  server.RaftServer$Division (RaftServerImpl.java:setRole(383)) - ac45a72a-98f1-49f1-9186-9900cebd9eb6@group-E3CBA6535E02: changes role from  FOLLOWER to CANDIDATE at term 0 for changeToCandidate
2024-03-29 09:28:07,405 [ac45a72a-98f1-49f1-9186-9900cebd9eb6@group-E3CBA6535E02-FollowerState] INFO  server.RaftServerConfigKeys (ConfUtils.java:logGet(46)) - raft.server.leaderelection.pre-vote = true (default)
2024-03-29 09:28:07,405 [ac45a72a-98f1-49f1-9186-9900cebd9eb6@group-E3CBA6535E02-FollowerState] INFO  impl.RoleInfo (RoleInfo.java:updateAndGet(139)) - ac45a72a-98f1-49f1-9186-9900cebd9eb6: start ac45a72a-98f1-49f1-9186-9900cebd9eb6@group-E3CBA6535E02-LeaderElection3
2024-03-29 09:28:07,406 [ac45a72a-98f1-49f1-9186-9900cebd9eb6@group-E3CBA6535E02-LeaderElection3] INFO  impl.LeaderElection (LeaderElection.java:askForVotes(321)) - ac45a72a-98f1-49f1-9186-9900cebd9eb6@group-E3CBA6535E02-LeaderElection3 PRE_VOTE round 0: submit vote requests at term 0 for -1: peers:[ac45a72a-98f1-49f1-9186-9900cebd9eb6|10.1.0.26:15022, 21cc794e-90c3-4d38-9905-a833a32dcd6c|10.1.0.26:15040, 9f689a4b-3525-432c-897a-89bebd88635c|10.1.0.26:15031]|listeners:[], old=null
2024-03-29 09:28:07,407 [ac45a72a-98f1-49f1-9186-9900cebd9eb6@group-E3CBA6535E02-LeaderElection3-1] INFO  server.GrpcServerProtocolClient (GrpcServerProtocolClient.java:<init>(65)) - Build channel for 21cc794e-90c3-4d38-9905-a833a32dcd6c|10.1.0.26:15040
2024-03-29 09:28:07,407 [ac45a72a-98f1-49f1-9186-9900cebd9eb6@group-E3CBA6535E02-LeaderElection3] INFO  server.RaftServerConfigKeys (ConfUtils.java:logFallback(53)) - raft.server.rpc.first-election.timeout.min = 5s (fallback to raft.server.rpc.timeout.min)
2024-03-29 09:28:07,407 [ac45a72a-98f1-49f1-9186-9900cebd9eb6@group-E3CBA6535E02-LeaderElection3] INFO  server.RaftServerConfigKeys (ConfUtils.java:logFallback(53)) - raft.server.rpc.first-election.timeout.max = 5200ms (fallback to raft.server.rpc.timeout.max)
2024-03-29 09:28:07,407 [ac45a72a-98f1-49f1-9186-9900cebd9eb6@group-E3CBA6535E02-LeaderElection3-2] INFO  server.GrpcServerProtocolClient (GrpcServerProtocolClient.java:<init>(65)) - Build channel for 9f689a4b-3525-432c-897a-89bebd88635c|10.1.0.26:15031
2024-03-29 09:28:07,416 [main] INFO  ozone.MiniOzoneClusterImpl (MiniOzoneClusterImpl.java:lambda$waitForClusterToBeReady$0(194)) - Nodes are ready. Got 3 of 3 DN Heartbeats.
2024-03-29 09:28:07,416 [main] INFO  ozone.MiniOzoneClusterImpl (MiniOzoneClusterImpl.java:lambda$waitForClusterToBeReady$0(197)) - Waiting for cluster to exit safe mode
2024-03-29 09:28:07,416 [main] INFO  ozone.MiniOzoneClusterImpl (MiniOzoneClusterImpl.java:lambda$waitForClusterToBeReady$0(199)) - SCM became leader
2024-03-29 09:28:07,418 [grpc-default-executor-4] INFO  server.RaftServer$Division (RaftServerImpl.java:requestVote(1389)) - 21cc794e-90c3-4d38-9905-a833a32dcd6c@group-E3CBA6535E02: receive requestVote(PRE_VOTE, ac45a72a-98f1-49f1-9186-9900cebd9eb6, group-E3CBA6535E02, 0, (t:0, i:0))
2024-03-29 09:28:07,418 [grpc-default-executor-4] INFO  impl.VoteContext (VoteContext.java:log(49)) - 21cc794e-90c3-4d38-9905-a833a32dcd6c@group-E3CBA6535E02-FOLLOWER: accept PRE_VOTE from ac45a72a-98f1-49f1-9186-9900cebd9eb6: our priority 0 <= candidate's priority 1
2024-03-29 09:28:07,418 [grpc-default-executor-4] INFO  server.RaftServer$Division (RaftServerImpl.java:requestVote(1422)) - 21cc794e-90c3-4d38-9905-a833a32dcd6c@group-E3CBA6535E02 replies to PRE_VOTE vote request: ac45a72a-98f1-49f1-9186-9900cebd9eb6<-21cc794e-90c3-4d38-9905-a833a32dcd6c#0:OK-t0. Peer's state: 21cc794e-90c3-4d38-9905-a833a32dcd6c@group-E3CBA6535E02:t0, leader=null, voted=, raftlog=Memoized:21cc794e-90c3-4d38-9905-a833a32dcd6c@group-E3CBA6535E02-SegmentedRaftLog:OPENED:c-1, conf=-1: peers:[ac45a72a-98f1-49f1-9186-9900cebd9eb6|10.1.0.26:15022, 21cc794e-90c3-4d38-9905-a833a32dcd6c|10.1.0.26:15040, 9f689a4b-3525-432c-897a-89bebd88635c|10.1.0.26:15031]|listeners:[], old=null
2024-03-29 09:28:07,420 [grpc-default-executor-1] INFO  server.RaftServer$Division (RaftServerImpl.java:requestVote(1389)) - 9f689a4b-3525-432c-897a-89bebd88635c@group-E3CBA6535E02: receive requestVote(PRE_VOTE, ac45a72a-98f1-49f1-9186-9900cebd9eb6, group-E3CBA6535E02, 0, (t:0, i:0))
2024-03-29 09:28:07,420 [grpc-default-executor-1] INFO  impl.VoteContext (VoteContext.java:log(49)) - 9f689a4b-3525-432c-897a-89bebd88635c@group-E3CBA6535E02-FOLLOWER: accept PRE_VOTE from ac45a72a-98f1-49f1-9186-9900cebd9eb6: our priority 0 <= candidate's priority 1
2024-03-29 09:28:07,420 [grpc-default-executor-1] INFO  server.RaftServer$Division (RaftServerImpl.java:requestVote(1422)) - 9f689a4b-3525-432c-897a-89bebd88635c@group-E3CBA6535E02 replies to PRE_VOTE vote request: ac45a72a-98f1-49f1-9186-9900cebd9eb6<-9f689a4b-3525-432c-897a-89bebd88635c#0:OK-t0. Peer's state: 9f689a4b-3525-432c-897a-89bebd88635c@group-E3CBA6535E02:t0, leader=null, voted=, raftlog=Memoized:9f689a4b-3525-432c-897a-89bebd88635c@group-E3CBA6535E02-SegmentedRaftLog:OPENED:c-1, conf=-1: peers:[ac45a72a-98f1-49f1-9186-9900cebd9eb6|10.1.0.26:15022, 21cc794e-90c3-4d38-9905-a833a32dcd6c|10.1.0.26:15040, 9f689a4b-3525-432c-897a-89bebd88635c|10.1.0.26:15031]|listeners:[], old=null
2024-03-29 09:28:07,421 [ac45a72a-98f1-49f1-9186-9900cebd9eb6@group-E3CBA6535E02-LeaderElection3] INFO  impl.LeaderElection (LeaderElection.java:logAndReturn(89)) - ac45a72a-98f1-49f1-9186-9900cebd9eb6@group-E3CBA6535E02-LeaderElection3: PRE_VOTE PASSED received 1 response(s) and 0 exception(s):
2024-03-29 09:28:07,421 [ac45a72a-98f1-49f1-9186-9900cebd9eb6@group-E3CBA6535E02-LeaderElection3] INFO  impl.LeaderElection (LeaderElection.java:logAndReturn(93)) -   Response 0: ac45a72a-98f1-49f1-9186-9900cebd9eb6<-21cc794e-90c3-4d38-9905-a833a32dcd6c#0:OK-t0
2024-03-29 09:28:07,421 [ac45a72a-98f1-49f1-9186-9900cebd9eb6@group-E3CBA6535E02-LeaderElection3] INFO  impl.LeaderElection (LeaderElection.java:askForVotes(323)) - ac45a72a-98f1-49f1-9186-9900cebd9eb6@group-E3CBA6535E02-LeaderElection3 PRE_VOTE round 0: result PASSED
2024-03-29 09:28:07,423 [ac45a72a-98f1-49f1-9186-9900cebd9eb6@group-E3CBA6535E02-LeaderElection3] INFO  impl.LeaderElection (LeaderElection.java:askForVotes(321)) - ac45a72a-98f1-49f1-9186-9900cebd9eb6@group-E3CBA6535E02-LeaderElection3 ELECTION round 0: submit vote requests at term 1 for -1: peers:[ac45a72a-98f1-49f1-9186-9900cebd9eb6|10.1.0.26:15022, 21cc794e-90c3-4d38-9905-a833a32dcd6c|10.1.0.26:15040, 9f689a4b-3525-432c-897a-89bebd88635c|10.1.0.26:15031]|listeners:[], old=null
2024-03-29 09:28:07,424 [ac45a72a-98f1-49f1-9186-9900cebd9eb6@group-E3CBA6535E02-LeaderElection3] INFO  server.RaftServerConfigKeys (ConfUtils.java:logFallback(53)) - raft.server.rpc.first-election.timeout.min = 5s (fallback to raft.server.rpc.timeout.min)
2024-03-29 09:28:07,424 [ac45a72a-98f1-49f1-9186-9900cebd9eb6@group-E3CBA6535E02-LeaderElection3] INFO  server.RaftServerConfigKeys (ConfUtils.java:logFallback(53)) - raft.server.rpc.first-election.timeout.max = 5200ms (fallback to raft.server.rpc.timeout.max)
2024-03-29 09:28:07,425 [grpc-default-executor-1] INFO  server.RaftServer$Division (RaftServerImpl.java:requestVote(1389)) - 21cc794e-90c3-4d38-9905-a833a32dcd6c@group-E3CBA6535E02: receive requestVote(ELECTION, ac45a72a-98f1-49f1-9186-9900cebd9eb6, group-E3CBA6535E02, 1, (t:0, i:0))
2024-03-29 09:28:07,428 [grpc-default-executor-1] INFO  impl.VoteContext (VoteContext.java:log(49)) - 21cc794e-90c3-4d38-9905-a833a32dcd6c@group-E3CBA6535E02-FOLLOWER: accept ELECTION from ac45a72a-98f1-49f1-9186-9900cebd9eb6: our priority 0 <= candidate's priority 1
2024-03-29 09:28:07,428 [grpc-default-executor-1] INFO  server.RaftServer$Division (RaftServerImpl.java:setRole(383)) - 21cc794e-90c3-4d38-9905-a833a32dcd6c@group-E3CBA6535E02: changes role from  FOLLOWER to FOLLOWER at term 1 for candidate:ac45a72a-98f1-49f1-9186-9900cebd9eb6
2024-03-29 09:28:07,428 [grpc-default-executor-4] INFO  server.RaftServer$Division (RaftServerImpl.java:requestVote(1389)) - 9f689a4b-3525-432c-897a-89bebd88635c@group-E3CBA6535E02: receive requestVote(ELECTION, ac45a72a-98f1-49f1-9186-9900cebd9eb6, group-E3CBA6535E02, 1, (t:0, i:0))
2024-03-29 09:28:07,428 [grpc-default-executor-1] INFO  impl.RoleInfo (RoleInfo.java:shutdownFollowerState(110)) - 21cc794e-90c3-4d38-9905-a833a32dcd6c: shutdown 21cc794e-90c3-4d38-9905-a833a32dcd6c@group-E3CBA6535E02-FollowerState
2024-03-29 09:28:07,428 [grpc-default-executor-4] INFO  impl.VoteContext (VoteContext.java:log(49)) - 9f689a4b-3525-432c-897a-89bebd88635c@group-E3CBA6535E02-FOLLOWER: accept ELECTION from ac45a72a-98f1-49f1-9186-9900cebd9eb6: our priority 0 <= candidate's priority 1
2024-03-29 09:28:07,429 [21cc794e-90c3-4d38-9905-a833a32dcd6c@group-E3CBA6535E02-FollowerState] INFO  impl.FollowerState (FollowerState.java:run(152)) - 21cc794e-90c3-4d38-9905-a833a32dcd6c@group-E3CBA6535E02-FollowerState was interrupted
2024-03-29 09:28:07,429 [grpc-default-executor-1] INFO  impl.RoleInfo (RoleInfo.java:updateAndGet(139)) - 21cc794e-90c3-4d38-9905-a833a32dcd6c: start 21cc794e-90c3-4d38-9905-a833a32dcd6c@group-E3CBA6535E02-FollowerState
2024-03-29 09:28:07,429 [grpc-default-executor-4] INFO  server.RaftServer$Division (RaftServerImpl.java:setRole(383)) - 9f689a4b-3525-432c-897a-89bebd88635c@group-E3CBA6535E02: changes role from  FOLLOWER to FOLLOWER at term 1 for candidate:ac45a72a-98f1-49f1-9186-9900cebd9eb6
2024-03-29 09:28:07,430 [grpc-default-executor-1] INFO  server.RaftServer$Division (RaftServerImpl.java:setFirstElection(574)) - 21cc794e-90c3-4d38-9905-a833a32dcd6c@group-E3CBA6535E02: set firstElectionSinceStartup to false for candidate:ac45a72a-98f1-49f1-9186-9900cebd9eb6
2024-03-29 09:28:07,430 [grpc-default-executor-4] INFO  impl.RoleInfo (RoleInfo.java:shutdownFollowerState(110)) - 9f689a4b-3525-432c-897a-89bebd88635c: shutdown 9f689a4b-3525-432c-897a-89bebd88635c@group-E3CBA6535E02-FollowerState
2024-03-29 09:28:07,430 [9f689a4b-3525-432c-897a-89bebd88635c@group-E3CBA6535E02-FollowerState] INFO  impl.FollowerState (FollowerState.java:run(152)) - 9f689a4b-3525-432c-897a-89bebd88635c@group-E3CBA6535E02-FollowerState was interrupted
2024-03-29 09:28:07,430 [grpc-default-executor-4] INFO  impl.RoleInfo (RoleInfo.java:updateAndGet(139)) - 9f689a4b-3525-432c-897a-89bebd88635c: start 9f689a4b-3525-432c-897a-89bebd88635c@group-E3CBA6535E02-FollowerState
2024-03-29 09:28:07,431 [grpc-default-executor-4] INFO  server.RaftServer$Division (RaftServerImpl.java:setFirstElection(574)) - 9f689a4b-3525-432c-897a-89bebd88635c@group-E3CBA6535E02: set firstElectionSinceStartup to false for candidate:ac45a72a-98f1-49f1-9186-9900cebd9eb6
2024-03-29 09:28:07,432 [grpc-default-executor-1] INFO  server.RaftServer$Division (RaftServerImpl.java:requestVote(1422)) - 21cc794e-90c3-4d38-9905-a833a32dcd6c@group-E3CBA6535E02 replies to ELECTION vote request: ac45a72a-98f1-49f1-9186-9900cebd9eb6<-21cc794e-90c3-4d38-9905-a833a32dcd6c#0:OK-t1. Peer's state: 21cc794e-90c3-4d38-9905-a833a32dcd6c@group-E3CBA6535E02:t1, leader=null, voted=ac45a72a-98f1-49f1-9186-9900cebd9eb6, raftlog=Memoized:21cc794e-90c3-4d38-9905-a833a32dcd6c@group-E3CBA6535E02-SegmentedRaftLog:OPENED:c-1, conf=-1: peers:[ac45a72a-98f1-49f1-9186-9900cebd9eb6|10.1.0.26:15022, 21cc794e-90c3-4d38-9905-a833a32dcd6c|10.1.0.26:15040, 9f689a4b-3525-432c-897a-89bebd88635c|10.1.0.26:15031]|listeners:[], old=null
2024-03-29 09:28:07,432 [ac45a72a-98f1-49f1-9186-9900cebd9eb6@group-E3CBA6535E02-LeaderElection3] INFO  impl.LeaderElection (LeaderElection.java:logAndReturn(89)) - ac45a72a-98f1-49f1-9186-9900cebd9eb6@group-E3CBA6535E02-LeaderElection3: ELECTION PASSED received 1 response(s) and 0 exception(s):
2024-03-29 09:28:07,432 [ac45a72a-98f1-49f1-9186-9900cebd9eb6@group-E3CBA6535E02-LeaderElection3] INFO  impl.LeaderElection (LeaderElection.java:logAndReturn(93)) -   Response 0: ac45a72a-98f1-49f1-9186-9900cebd9eb6<-21cc794e-90c3-4d38-9905-a833a32dcd6c#0:OK-t1
2024-03-29 09:28:07,432 [ac45a72a-98f1-49f1-9186-9900cebd9eb6@group-E3CBA6535E02-LeaderElection3] INFO  impl.LeaderElection (LeaderElection.java:askForVotes(323)) - ac45a72a-98f1-49f1-9186-9900cebd9eb6@group-E3CBA6535E02-LeaderElection3 ELECTION round 0: result PASSED
2024-03-29 09:28:07,433 [ac45a72a-98f1-49f1-9186-9900cebd9eb6@group-E3CBA6535E02-LeaderElection3] INFO  impl.RoleInfo (RoleInfo.java:shutdownLeaderElection(130)) - ac45a72a-98f1-49f1-9186-9900cebd9eb6: shutdown ac45a72a-98f1-49f1-9186-9900cebd9eb6@group-E3CBA6535E02-LeaderElection3
2024-03-29 09:28:07,433 [ac45a72a-98f1-49f1-9186-9900cebd9eb6@group-E3CBA6535E02-LeaderElection3] INFO  server.RaftServer$Division (RaftServerImpl.java:setRole(383)) - ac45a72a-98f1-49f1-9186-9900cebd9eb6@group-E3CBA6535E02: changes role from CANDIDATE to LEADER at term 1 for changeToLeader
2024-03-29 09:28:07,433 [ac45a72a-98f1-49f1-9186-9900cebd9eb6@group-E3CBA6535E02-LeaderElection3] INFO  server.RaftServerConfigKeys (ConfUtils.java:logGet(46)) - raft.server.staging.catchup.gap = 1000 (default)
2024-03-29 09:28:07,432 [grpc-default-executor-4] INFO  server.RaftServer$Division (RaftServerImpl.java:requestVote(1422)) - 9f689a4b-3525-432c-897a-89bebd88635c@group-E3CBA6535E02 replies to ELECTION vote request: ac45a72a-98f1-49f1-9186-9900cebd9eb6<-9f689a4b-3525-432c-897a-89bebd88635c#0:OK-t1. Peer's state: 9f689a4b-3525-432c-897a-89bebd88635c@group-E3CBA6535E02:t1, leader=null, voted=ac45a72a-98f1-49f1-9186-9900cebd9eb6, raftlog=Memoized:9f689a4b-3525-432c-897a-89bebd88635c@group-E3CBA6535E02-SegmentedRaftLog:OPENED:c-1, conf=-1: peers:[ac45a72a-98f1-49f1-9186-9900cebd9eb6|10.1.0.26:15022, 21cc794e-90c3-4d38-9905-a833a32dcd6c|10.1.0.26:15040, 9f689a4b-3525-432c-897a-89bebd88635c|10.1.0.26:15031]|listeners:[], old=null
2024-03-29 09:28:07,433 [ac45a72a-98f1-49f1-9186-9900cebd9eb6@group-E3CBA6535E02-LeaderElection3] INFO  server.RaftServerConfigKeys (ConfUtils.java:logGet(46)) - raft.server.write.element-limit = 1024 (custom)
2024-03-29 09:28:07,434 [ac45a72a-98f1-49f1-9186-9900cebd9eb6@group-E3CBA6535E02-LeaderElection3] INFO  server.RaftServerConfigKeys (ConfUtils.java:logGet(46)) - raft.server.write.byte-limit = 1024 M (=1073741824) (custom)
2024-03-29 09:28:07,434 [ac45a72a-98f1-49f1-9186-9900cebd9eb6@group-E3CBA6535E02-LeaderElection3] INFO  server.RaftServerConfigKeys (ConfUtils.java:logGet(46)) - raft.server.watch.timeout = 180s (custom)
2024-03-29 09:28:07,434 [ac45a72a-98f1-49f1-9186-9900cebd9eb6@group-E3CBA6535E02-LeaderElection3] INFO  server.RaftServerConfigKeys (ConfUtils.java:logGet(46)) - raft.server.watch.timeout.denomination = 1s (default)
2024-03-29 09:28:07,434 [ac45a72a-98f1-49f1-9186-9900cebd9eb6@group-E3CBA6535E02-LeaderElection3] INFO  server.RaftServerConfigKeys (ConfUtils.java:logGet(46)) - raft.server.watch.element-limit = 65536 (default)
2024-03-29 09:28:07,434 [ac45a72a-98f1-49f1-9186-9900cebd9eb6@group-E3CBA6535E02-LeaderElection3] INFO  server.RaftServerConfigKeys (ConfUtils.java:logGet(46)) - raft.server.read.leader.lease.enabled = false (default)
2024-03-29 09:28:07,434 [ac45a72a-98f1-49f1-9186-9900cebd9eb6@group-E3CBA6535E02-LeaderElection3] INFO  server.RaftServerConfigKeys (ConfUtils.java:logGet(46)) - raft.server.read.leader.lease.timeout.ratio = 0.9 (default)
2024-03-29 09:28:07,434 [ac45a72a-98f1-49f1-9186-9900cebd9eb6@group-E3CBA6535E02-LeaderElection3] INFO  server.RaftServerConfigKeys (ConfUtils.java:logGet(46)) - raft.server.rpc.timeout.min = 5s (custom)
2024-03-29 09:28:07,435 [ac45a72a-98f1-49f1-9186-9900cebd9eb6@group-E3CBA6535E02-LeaderElection3] INFO  server.RaftServerConfigKeys (ConfUtils.java:logGet(46)) - raft.server.write.element-limit = 1024 (custom)
2024-03-29 09:28:07,435 [ac45a72a-98f1-49f1-9186-9900cebd9eb6@group-E3CBA6535E02-LeaderElection3] INFO  server.RaftServerConfigKeys (ConfUtils.java:logGet(46)) - raft.server.write.follower.gap.ratio.max = -1.0 (default)
2024-03-29 09:28:07,435 [ac45a72a-98f1-49f1-9186-9900cebd9eb6@group-E3CBA6535E02-LeaderElection3] INFO  server.RaftServerConfigKeys (ConfUtils.java:logGet(46)) - raft.server.log.appender.snapshot.chunk.size.max = 16MB (=16777216) (default)
2024-03-29 09:28:07,435 [ac45a72a-98f1-49f1-9186-9900cebd9eb6@group-E3CBA6535E02-LeaderElection3] INFO  server.RaftServerConfigKeys (ConfUtils.java:logGet(46)) - raft.server.log.appender.buffer.byte-limit = 8388608 (custom)
2024-03-29 09:28:07,435 [ac45a72a-98f1-49f1-9186-9900cebd9eb6@group-E3CBA6535E02-LeaderElection3] INFO  server.RaftServerConfigKeys (ConfUtils.java:logGet(46)) - raft.server.log.appender.buffer.element-limit = 1 (custom)
2024-03-29 09:28:07,436 [ac45a72a-98f1-49f1-9186-9900cebd9eb6@group-E3CBA6535E02-LeaderElection3] INFO  server.RaftServerConfigKeys (ConfUtils.java:logGet(46)) - raft.server.log.appender.wait-time.min = 0μs (custom)
2024-03-29 09:28:07,436 [ac45a72a-98f1-49f1-9186-9900cebd9eb6@group-E3CBA6535E02-LeaderElection3] INFO  grpc.GrpcConfigKeys (ConfUtils.java:logGet(46)) - raft.grpc.server.leader.outstanding.appends.max = 8 (default)
2024-03-29 09:28:07,436 [ac45a72a-98f1-49f1-9186-9900cebd9eb6@group-E3CBA6535E02-LeaderElection3] INFO  server.RaftServerConfigKeys (ConfUtils.java:logGet(46)) - raft.server.rpc.request.timeout = 60s (custom)
2024-03-29 09:28:07,436 [ac45a72a-98f1-49f1-9186-9900cebd9eb6@group-E3CBA6535E02-LeaderElection3] INFO  grpc.GrpcConfigKeys (ConfUtils.java:logGet(46)) - raft.grpc.server.install_snapshot.request.element-limit = 8 (default)
2024-03-29 09:28:07,437 [ac45a72a-98f1-49f1-9186-9900cebd9eb6@group-E3CBA6535E02-LeaderElection3] INFO  grpc.GrpcConfigKeys (ConfUtils.java:logGet(46)) - raft.grpc.server.install_snapshot.request.timeout = 3000ms (default)
2024-03-29 09:28:07,437 [ac45a72a-98f1-49f1-9186-9900cebd9eb6@group-E3CBA6535E02-LeaderElection3] INFO  grpc.GrpcConfigKeys (ConfUtils.java:logGet(46)) - raft.grpc.server.log-message.batch.duration = 5s (default)
2024-03-29 09:28:07,437 [ac45a72a-98f1-49f1-9186-9900cebd9eb6@group-E3CBA6535E02-LeaderElection3] INFO  server.RaftServerConfigKeys (ConfUtils.java:logGet(46)) - raft.server.log.appender.install.snapshot.enabled = false (custom)
2024-03-29 09:28:07,437 [ac45a72a-98f1-49f1-9186-9900cebd9eb6@group-E3CBA6535E02-LeaderElection3] INFO  grpc.GrpcConfigKeys (ConfUtils.java:logGet(46)) - raft.grpc.server.heartbeat.channel = true (default)
2024-03-29 09:28:07,438 [ac45a72a-98f1-49f1-9186-9900cebd9eb6@group-E3CBA6535E02-LeaderElection3] INFO  server.RaftServerConfigKeys (ConfUtils.java:logGet(46)) - raft.server.log.appender.snapshot.chunk.size.max = 16MB (=16777216) (default)
2024-03-29 09:28:07,438 [ac45a72a-98f1-49f1-9186-9900cebd9eb6@group-E3CBA6535E02-LeaderElection3] INFO  server.RaftServerConfigKeys (ConfUtils.java:logGet(46)) - raft.server.log.appender.buffer.byte-limit = 8388608 (custom)
2024-03-29 09:28:07,438 [ac45a72a-98f1-49f1-9186-9900cebd9eb6@group-E3CBA6535E02-LeaderElection3] INFO  server.RaftServerConfigKeys (ConfUtils.java:logGet(46)) - raft.server.log.appender.buffer.element-limit = 1 (custom)
2024-03-29 09:28:07,439 [ac45a72a-98f1-49f1-9186-9900cebd9eb6@group-E3CBA6535E02-LeaderElection3] INFO  server.RaftServerConfigKeys (ConfUtils.java:logGet(46)) - raft.server.log.appender.wait-time.min = 0μs (custom)
2024-03-29 09:28:07,439 [ac45a72a-98f1-49f1-9186-9900cebd9eb6@group-E3CBA6535E02-LeaderElection3] INFO  grpc.GrpcConfigKeys (ConfUtils.java:logGet(46)) - raft.grpc.server.leader.outstanding.appends.max = 8 (default)
2024-03-29 09:28:07,439 [ac45a72a-98f1-49f1-9186-9900cebd9eb6@group-E3CBA6535E02-LeaderElection3] INFO  server.RaftServerConfigKeys (ConfUtils.java:logGet(46)) - raft.server.rpc.request.timeout = 60s (custom)
2024-03-29 09:28:07,439 [ac45a72a-98f1-49f1-9186-9900cebd9eb6@group-E3CBA6535E02-LeaderElection3] INFO  grpc.GrpcConfigKeys (ConfUtils.java:logGet(46)) - raft.grpc.server.install_snapshot.request.element-limit = 8 (default)
2024-03-29 09:28:07,440 [ac45a72a-98f1-49f1-9186-9900cebd9eb6@group-E3CBA6535E02-LeaderElection3] INFO  grpc.GrpcConfigKeys (ConfUtils.java:logGet(46)) - raft.grpc.server.install_snapshot.request.timeout = 3000ms (default)
2024-03-29 09:28:07,440 [ac45a72a-98f1-49f1-9186-9900cebd9eb6@group-E3CBA6535E02-LeaderElection3] INFO  grpc.GrpcConfigKeys (ConfUtils.java:logGet(46)) - raft.grpc.server.log-message.batch.duration = 5s (default)
2024-03-29 09:28:07,440 [ac45a72a-98f1-49f1-9186-9900cebd9eb6@group-E3CBA6535E02-LeaderElection3] INFO  server.RaftServerConfigKeys (ConfUtils.java:logGet(46)) - raft.server.log.appender.install.snapshot.enabled = false (custom)
2024-03-29 09:28:07,440 [ac45a72a-98f1-49f1-9186-9900cebd9eb6@group-E3CBA6535E02-LeaderElection3] INFO  grpc.GrpcConfigKeys (ConfUtils.java:logGet(46)) - raft.grpc.server.heartbeat.channel = true (default)
2024-03-29 09:28:07,441 [ac45a72a-98f1-49f1-9186-9900cebd9eb6@group-E3CBA6535E02-LeaderElection3] INFO  impl.RoleInfo (RoleInfo.java:updateAndGet(139)) - ac45a72a-98f1-49f1-9186-9900cebd9eb6: start ac45a72a-98f1-49f1-9186-9900cebd9eb6@group-E3CBA6535E02-LeaderStateImpl
2024-03-29 09:28:07,441 [ac45a72a-98f1-49f1-9186-9900cebd9eb6@group-E3CBA6535E02-LeaderElection3] INFO  server.RaftServer$Division (RaftServerImpl.java:setFirstElection(574)) - ac45a72a-98f1-49f1-9186-9900cebd9eb6@group-E3CBA6535E02: set firstElectionSinceStartup to false for becomeLeader
2024-03-29 09:28:07,441 [ac45a72a-98f1-49f1-9186-9900cebd9eb6@group-E3CBA6535E02-LeaderElection3] INFO  ratis.XceiverServerRatis (XceiverServerRatis.java:handleLeaderChangedNotification(966)) - Leader change notification received for group: group-E3CBA6535E02 with new leaderId: ac45a72a-98f1-49f1-9186-9900cebd9eb6
2024-03-29 09:28:07,441 [ac45a72a-98f1-49f1-9186-9900cebd9eb6@group-E3CBA6535E02-LeaderElection3] INFO  server.RaftServer$Division (ServerState.java:setLeader(269)) - ac45a72a-98f1-49f1-9186-9900cebd9eb6@group-E3CBA6535E02: change Leader from null to ac45a72a-98f1-49f1-9186-9900cebd9eb6 at term 1 for becomeLeader, leader elected after 5187ms
2024-03-29 09:28:07,442 [ac45a72a-98f1-49f1-9186-9900cebd9eb6@group-E3CBA6535E02-LeaderElection3] INFO  segmented.SegmentedRaftLogWorker (SegmentedRaftLogWorker.java:startLogSegment(430)) - ac45a72a-98f1-49f1-9186-9900cebd9eb6@group-E3CBA6535E02-SegmentedRaftLogWorker: Starting segment from index:0
2024-03-29 09:28:07,442 [ac45a72a-98f1-49f1-9186-9900cebd9eb6@group-E3CBA6535E02-SegmentedRaftLogWorker] INFO  segmented.BufferedWriteChannel (BufferedWriteChannel.java:open(62)) - open log_inprogress_0 at position 0
2024-03-29 09:28:07,444 [ac45a72a-98f1-49f1-9186-9900cebd9eb6@group-E3CBA6535E02-LeaderElection3] INFO  server.RaftServer$Division (ServerState.java:setRaftConf(386)) - ac45a72a-98f1-49f1-9186-9900cebd9eb6@group-E3CBA6535E02: set configuration 0: peers:[ac45a72a-98f1-49f1-9186-9900cebd9eb6|10.1.0.26:15022, 21cc794e-90c3-4d38-9905-a833a32dcd6c|10.1.0.26:15040, 9f689a4b-3525-432c-897a-89bebd88635c|10.1.0.26:15031]|listeners:[], old=null
2024-03-29 09:28:07,450 [ac45a72a-98f1-49f1-9186-9900cebd9eb6@group-E3CBA6535E02-SegmentedRaftLogWorker] INFO  segmented.SegmentedRaftLogWorker (SegmentedRaftLogWorker.java:execute(634)) - ac45a72a-98f1-49f1-9186-9900cebd9eb6@group-E3CBA6535E02-SegmentedRaftLogWorker: created new log segment /home/runner/work/ozone/ozone/hadoop-ozone/integration-test/target/test-dir/MiniOzoneClusterImpl-2686784a-6a4a-436e-9d81-be1eb39caf3e/ozone-meta/datanode-1/ratis/feb43b08-226c-484d-a820-e3cba6535e02/current/log_inprogress_0
2024-03-29 09:28:07,452 [EventQueue-PipelineReportForPipelineReportHandler] INFO  pipeline.PipelineReportHandler (PipelineReportHandler.java:processPipelineReport(136)) - Opened pipeline PipelineID=feb43b08-226c-484d-a820-e3cba6535e02
2024-03-29 09:28:07,452 [EventQueue-OpenPipelineForHealthyPipelineSafeModeRule] INFO  safemode.SCMSafeModeManager (HealthyPipelineSafeModeRule.java:process(140)) - SCM in safe mode. Healthy pipelines reported count is 1, required healthy pipeline reported count is 1
2024-03-29 09:28:07,456 [EventQueue-OpenPipelineForHealthyPipelineSafeModeRule] INFO  safemode.SCMSafeModeManager (SCMSafeModeManager.java:validateSafeModeExitRules(200)) - HealthyPipelineSafeModeRule rule is successfully validated
2024-03-29 09:28:07,456 [EventQueue-OpenPipelineForHealthyPipelineSafeModeRule] INFO  safemode.SCMSafeModeManager (SCMSafeModeManager.java:validateSafeModeExitRules(215)) - ScmSafeModeManager, all rules are successfully validated
2024-03-29 09:28:07,456 [EventQueue-OpenPipelineForHealthyPipelineSafeModeRule] INFO  safemode.SCMSafeModeManager (SCMSafeModeManager.java:exitSafeMode(244)) - SCM exiting safe mode.
2024-03-29 09:28:07,456 [EventQueue-OpenPipelineForHealthyPipelineSafeModeRule] INFO  ha.SCMContext (SCMContext.java:updateSafeModeStatus(225)) - Update SafeModeStatus from SafeModeStatus{safeModeStatus=true, preCheckPassed=true} to SafeModeStatus{safeModeStatus=false, preCheckPassed=true}.
2024-03-29 09:28:07,456 [EventQueue-OpenPipelineForHealthyPipelineSafeModeRule] INFO  pipeline.BackgroundPipelineCreator (BackgroundPipelineCreator.java:notifyStatusChanged(258)) - Service BackgroundPipelineCreator transitions to RUNNING.
2024-03-29 09:28:07,456 [EventQueue-OpenPipelineForHealthyPipelineSafeModeRule] INFO  BackgroundPipelineScrubber (BackgroundSCMService.java:notifyStatusChanged(79)) - Service BackgroundPipelineScrubber transitions to RUNNING.
2024-03-29 09:28:07,456 [EventQueue-OpenPipelineForHealthyPipelineSafeModeRule] INFO  ExpiredContainerReplicaOpScrubber (BackgroundSCMService.java:notifyStatusChanged(79)) - Service ExpiredContainerReplicaOpScrubber transitions to RUNNING.
2024-03-29 09:28:07,456 [EventQueue-OpenPipelineForHealthyPipelineSafeModeRule] INFO  block.SCMBlockDeletingService (SCMBlockDeletingService.java:notifyStatusChanged(247)) - notifyStatusChanged:RUNNING
2024-03-29 09:28:07,457 [EventQueue-OpenPipelineForHealthyPipelineSafeModeRule] INFO  replication.ReplicationManager (ReplicationManager.java:notifyStatusChanged(1403)) - Service ReplicationManager transitions to RUNNING.
2024-03-29 09:28:07,460 [9f689a4b-3525-432c-897a-89bebd88635c@group-7C8350D9FD15-FollowerState] INFO  impl.FollowerState (FollowerState.java:run(143)) - 9f689a4b-3525-432c-897a-89bebd88635c@group-7C8350D9FD15-FollowerState: change to CANDIDATE, lastRpcElapsedTime:5100907633ns, electionTimeout:5073ms
2024-03-29 09:28:07,462 [9f689a4b-3525-432c-897a-89bebd88635c@group-7C8350D9FD15-FollowerState] INFO  impl.RoleInfo (RoleInfo.java:shutdownFollowerState(110)) - 9f689a4b-3525-432c-897a-89bebd88635c: shutdown 9f689a4b-3525-432c-897a-89bebd88635c@group-7C8350D9FD15-FollowerState
2024-03-29 09:28:07,462 [EventQueue-OpenPipelineForHealthyPipelineSafeModeRule] WARN  balancer.ContainerBalancer (ContainerBalancer.java:shouldRun(134)) - Could not find persisted configuration for ContainerBalancer when checking if ContainerBalancer should run. ContainerBalancer should not run now.
2024-03-29 09:28:07,465 [9f689a4b-3525-432c-897a-89bebd88635c@group-7C8350D9FD15-FollowerState] INFO  server.RaftServer$Division (RaftServerImpl.java:setRole(383)) - 9f689a4b-3525-432c-897a-89bebd88635c@group-7C8350D9FD15: changes role from  FOLLOWER to CANDIDATE at term 0 for changeToCandidate
2024-03-29 09:28:07,465 [21cc794e-90c3-4d38-9905-a833a32dcd6c-server-thread1] INFO  ratis.XceiverServerRatis (XceiverServerRatis.java:handleLeaderChangedNotification(966)) - Leader change notification received for group: group-E3CBA6535E02 with new leaderId: ac45a72a-98f1-49f1-9186-9900cebd9eb6
2024-03-29 09:28:07,466 [21cc794e-90c3-4d38-9905-a833a32dcd6c-server-thread1] INFO  server.RaftServer$Division (ServerState.java:setLeader(269)) - 21cc794e-90c3-4d38-9905-a833a32dcd6c@group-E3CBA6535E02: change Leader from null to ac45a72a-98f1-49f1-9186-9900cebd9eb6 at term 1 for appendEntries, leader elected after 5111ms
2024-03-29 09:28:07,467 [9f689a4b-3525-432c-897a-89bebd88635c@group-7C8350D9FD15-FollowerState] INFO  server.RaftServerConfigKeys (ConfUtils.java:logGet(46)) - raft.server.leaderelection.pre-vote = true (default)
2024-03-29 09:28:07,467 [9f689a4b-3525-432c-897a-89bebd88635c@group-7C8350D9FD15-FollowerState] INFO  impl.RoleInfo (RoleInfo.java:updateAndGet(139)) - 9f689a4b-3525-432c-897a-89bebd88635c: start 9f689a4b-3525-432c-897a-89bebd88635c@group-7C8350D9FD15-LeaderElection4
2024-03-29 09:28:07,467 [9f689a4b-3525-432c-897a-89bebd88635c-server-thread1] INFO  ratis.XceiverServerRatis (XceiverServerRatis.java:handleLeaderChangedNotification(966)) - Leader change notification received for group: group-E3CBA6535E02 with new leaderId: ac45a72a-98f1-49f1-9186-9900cebd9eb6
2024-03-29 09:28:07,467 [9f689a4b-3525-432c-897a-89bebd88635c-server-thread1] INFO  server.RaftServer$Division (ServerState.java:setLeader(269)) - 9f689a4b-3525-432c-897a-89bebd88635c@group-E3CBA6535E02: change Leader from null to ac45a72a-98f1-49f1-9186-9900cebd9eb6 at term 1 for appendEntries, leader elected after 5083ms
2024-03-29 09:28:07,472 [21cc794e-90c3-4d38-9905-a833a32dcd6c-server-thread2] INFO  server.RaftServer$Division (ServerState.java:setRaftConf(386)) - 21cc794e-90c3-4d38-9905-a833a32dcd6c@group-E3CBA6535E02: set configuration 0: peers:[ac45a72a-98f1-49f1-9186-9900cebd9eb6|10.1.0.26:15022, 21cc794e-90c3-4d38-9905-a833a32dcd6c|10.1.0.26:15040, 9f689a4b-3525-432c-897a-89bebd88635c|10.1.0.26:15031]|listeners:[], old=null
2024-03-29 09:28:07,472 [21cc794e-90c3-4d38-9905-a833a32dcd6c-server-thread2] INFO  segmented.SegmentedRaftLogWorker (SegmentedRaftLogWorker.java:startLogSegment(430)) - 21cc794e-90c3-4d38-9905-a833a32dcd6c@group-E3CBA6535E02-SegmentedRaftLogWorker: Starting segment from index:0
2024-03-29 09:28:07,471 [9f689a4b-3525-432c-897a-89bebd88635c@group-7C8350D9FD15-LeaderElection4] INFO  impl.LeaderElection (LeaderElection.java:askForVotes(321)) - 9f689a4b-3525-432c-897a-89bebd88635c@group-7C8350D9FD15-LeaderElection4 PRE_VOTE round 0: submit vote requests at term 0 for -1: peers:[9f689a4b-3525-432c-897a-89bebd88635c|10.1.0.26:15031]|listeners:[], old=null
2024-03-29 09:28:07,473 [9f689a4b-3525-432c-897a-89bebd88635c@group-7C8350D9FD15-LeaderElection4] INFO  impl.LeaderElection (LeaderElection.java:askForVotes(323)) - 9f689a4b-3525-432c-897a-89bebd88635c@group-7C8350D9FD15-LeaderElection4 PRE_VOTE round 0: result PASSED (term=0)
2024-03-29 09:28:07,473 [21cc794e-90c3-4d38-9905-a833a32dcd6c@group-E3CBA6535E02-SegmentedRaftLogWorker] INFO  segmented.BufferedWriteChannel (BufferedWriteChannel.java:open(62)) - open log_inprogress_0 at position 0
2024-03-29 09:28:07,477 [9f689a4b-3525-432c-897a-89bebd88635c@group-7C8350D9FD15-LeaderElection4] INFO  impl.LeaderElection (LeaderElection.java:askForVotes(321)) - 9f689a4b-3525-432c-897a-89bebd88635c@group-7C8350D9FD15-LeaderElection4 ELECTION round 0: submit vote requests at term 1 for -1: peers:[9f689a4b-3525-432c-897a-89bebd88635c|10.1.0.26:15031]|listeners:[], old=null
2024-03-29 09:28:07,477 [9f689a4b-3525-432c-897a-89bebd88635c@group-7C8350D9FD15-LeaderElection4] INFO  impl.LeaderElection (LeaderElection.java:askForVotes(323)) - 9f689a4b-3525-432c-897a-89bebd88635c@group-7C8350D9FD15-LeaderElection4 ELECTION round 0: result PASSED (term=1)
2024-03-29 09:28:07,477 [9f689a4b-3525-432c-897a-89bebd88635c@group-7C8350D9FD15-LeaderElection4] INFO  impl.RoleInfo (RoleInfo.java:shutdownLeaderElection(130)) - 9f689a4b-3525-432c-897a-89bebd88635c: shutdown 9f689a4b-3525-432c-897a-89bebd88635c@group-7C8350D9FD15-LeaderElection4
2024-03-29 09:28:07,477 [9f689a4b-3525-432c-897a-89bebd88635c@group-7C8350D9FD15-LeaderElection4] INFO  server.RaftServer$Division (RaftServerImpl.java:setRole(383)) - 9f689a4b-3525-432c-897a-89bebd88635c@group-7C8350D9FD15: changes role from CANDIDATE to LEADER at term 1 for changeToLeader
2024-03-29 09:28:07,477 [9f689a4b-3525-432c-897a-89bebd88635c@group-7C8350D9FD15-LeaderElection4] INFO  server.RaftServerConfigKeys (ConfUtils.java:logGet(46)) - raft.server.staging.catchup.gap = 1000 (default)
2024-03-29 09:28:07,478 [9f689a4b-3525-432c-897a-89bebd88635c@group-7C8350D9FD15-LeaderElection4] INFO  server.RaftServerConfigKeys (ConfUtils.java:logGet(46)) - raft.server.write.element-limit = 1024 (custom)
2024-03-29 09:28:07,478 [9f689a4b-3525-432c-897a-89bebd88635c@group-7C8350D9FD15-LeaderElection4] INFO  server.RaftServerConfigKeys (ConfUtils.java:logGet(46)) - raft.server.write.byte-limit = 1024 M (=1073741824) (custom)
2024-03-29 09:28:07,478 [9f689a4b-3525-432c-897a-89bebd88635c@group-7C8350D9FD15-LeaderElection4] INFO  server.RaftServerConfigKeys (ConfUtils.java:logGet(46)) - raft.server.watch.timeout = 180s (custom)
2024-03-29 09:28:07,478 [9f689a4b-3525-432c-897a-89bebd88635c@group-7C8350D9FD15-LeaderElection4] INFO  server.RaftServerConfigKeys (ConfUtils.java:logGet(46)) - raft.server.watch.timeout.denomination = 1s (default)
2024-03-29 09:28:07,478 [9f689a4b-3525-432c-897a-89bebd88635c@group-7C8350D9FD15-LeaderElection4] INFO  server.RaftServerConfigKeys (ConfUtils.java:logGet(46)) - raft.server.watch.element-limit = 65536 (default)
2024-03-29 09:28:07,478 [9f689a4b-3525-432c-897a-89bebd88635c@group-7C8350D9FD15-LeaderElection4] INFO  server.RaftServerConfigKeys (ConfUtils.java:logGet(46)) - raft.server.read.leader.lease.enabled = false (default)
2024-03-29 09:28:07,479 [9f689a4b-3525-432c-897a-89bebd88635c@group-7C8350D9FD15-LeaderElection4] INFO  server.RaftServerConfigKeys (ConfUtils.java:logGet(46)) - raft.server.read.leader.lease.timeout.ratio = 0.9 (default)
2024-03-29 09:28:07,479 [9f689a4b-3525-432c-897a-89bebd88635c@group-7C8350D9FD15-LeaderElection4] INFO  server.RaftServerConfigKeys (ConfUtils.java:logGet(46)) - raft.server.rpc.timeout.min = 5s (custom)
2024-03-29 09:28:07,479 [9f689a4b-3525-432c-897a-89bebd88635c@group-7C8350D9FD15-LeaderElection4] INFO  server.RaftServerConfigKeys (ConfUtils.java:logGet(46)) - raft.server.write.element-limit = 1024 (custom)
2024-03-29 09:28:07,479 [9f689a4b-3525-432c-897a-89bebd88635c@group-7C8350D9FD15-LeaderElection4] INFO  server.RaftServerConfigKeys (ConfUtils.java:logGet(46)) - raft.server.write.follower.gap.ratio.max = -1.0 (default)
2024-03-29 09:28:07,479 [9f689a4b-3525-432c-897a-89bebd88635c@group-7C8350D9FD15-LeaderElection4] INFO  impl.RoleInfo (RoleInfo.java:updateAndGet(139)) - 9f689a4b-3525-432c-897a-89bebd88635c: start 9f689a4b-3525-432c-897a-89bebd88635c@group-7C8350D9FD15-LeaderStateImpl
2024-03-29 09:28:07,479 [9f689a4b-3525-432c-897a-89bebd88635c@group-7C8350D9FD15-LeaderElection4] INFO  server.RaftServer$Division (RaftServerImpl.java:setFirstElection(574)) - 9f689a4b-3525-432c-897a-89bebd88635c@group-7C8350D9FD15: set firstElectionSinceStartup to false for becomeLeader
2024-03-29 09:28:07,479 [9f689a4b-3525-432c-897a-89bebd88635c@group-7C8350D9FD15-LeaderElection4] INFO  ratis.XceiverServerRatis (XceiverServerRatis.java:handleLeaderChangedNotification(966)) - Leader change notification received for group: group-7C8350D9FD15 with new leaderId: 9f689a4b-3525-432c-897a-89bebd88635c
2024-03-29 09:28:07,480 [9f689a4b-3525-432c-897a-89bebd88635c@group-7C8350D9FD15-LeaderElection4] INFO  server.RaftServer$Division (ServerState.java:setLeader(269)) - 9f689a4b-3525-432c-897a-89bebd88635c@group-7C8350D9FD15: change Leader from null to 9f689a4b-3525-432c-897a-89bebd88635c at term 1 for becomeLeader, leader elected after 5150ms
2024-03-29 09:28:07,480 [9f689a4b-3525-432c-897a-89bebd88635c@group-7C8350D9FD15-LeaderElection4] INFO  segmented.SegmentedRaftLogWorker (SegmentedRaftLogWorker.java:startLogSegment(430)) - 9f689a4b-3525-432c-897a-89bebd88635c@group-7C8350D9FD15-SegmentedRaftLogWorker: Starting segment from index:0
2024-03-29 09:28:07,482 [21cc794e-90c3-4d38-9905-a833a32dcd6c@group-E3CBA6535E02-SegmentedRaftLogWorker] INFO  segmented.SegmentedRaftLogWorker (SegmentedRaftLogWorker.java:execute(634)) - 21cc794e-90c3-4d38-9905-a833a32dcd6c@group-E3CBA6535E02-SegmentedRaftLogWorker: created new log segment /home/runner/work/ozone/ozone/hadoop-ozone/integration-test/target/test-dir/MiniOzoneClusterImpl-2686784a-6a4a-436e-9d81-be1eb39caf3e/ozone-meta/datanode-3/ratis/feb43b08-226c-484d-a820-e3cba6535e02/current/log_inprogress_0
2024-03-29 09:28:07,484 [9f689a4b-3525-432c-897a-89bebd88635c@group-7C8350D9FD15-SegmentedRaftLogWorker] INFO  segmented.BufferedWriteChannel (BufferedWriteChannel.java:open(62)) - open log_inprogress_0 at position 0
2024-03-29 09:28:07,485 [9f689a4b-3525-432c-897a-89bebd88635c@group-7C8350D9FD15-LeaderElection4] INFO  server.RaftServer$Division (ServerState.java:setRaftConf(386)) - 9f689a4b-3525-432c-897a-89bebd88635c@group-7C8350D9FD15: set configuration 0: peers:[9f689a4b-3525-432c-897a-89bebd88635c|10.1.0.26:15031]|listeners:[], old=null
2024-03-29 09:28:07,485 [9f689a4b-3525-432c-897a-89bebd88635c-server-thread3] INFO  server.RaftServer$Division (ServerState.java:setRaftConf(386)) - 9f689a4b-3525-432c-897a-89bebd88635c@group-E3CBA6535E02: set configuration 0: peers:[ac45a72a-98f1-49f1-9186-9900cebd9eb6|10.1.0.26:15022, 21cc794e-90c3-4d38-9905-a833a32dcd6c|10.1.0.26:15040, 9f689a4b-3525-432c-897a-89bebd88635c|10.1.0.26:15031]|listeners:[], old=null
2024-03-29 09:28:07,488 [9f689a4b-3525-432c-897a-89bebd88635c-server-thread3] INFO  segmented.SegmentedRaftLogWorker (SegmentedRaftLogWorker.java:startLogSegment(430)) - 9f689a4b-3525-432c-897a-89bebd88635c@group-E3CBA6535E02-SegmentedRaftLogWorker: Starting segment from index:0
2024-03-29 09:28:07,491 [9f689a4b-3525-432c-897a-89bebd88635c@group-7C8350D9FD15-SegmentedRaftLogWorker] INFO  segmented.SegmentedRaftLogWorker (SegmentedRaftLogWorker.java:execute(634)) - 9f689a4b-3525-432c-897a-89bebd88635c@group-7C8350D9FD15-SegmentedRaftLogWorker: created new log segment /home/runner/work/ozone/ozone/hadoop-ozone/integration-test/target/test-dir/MiniOzoneClusterImpl-2686784a-6a4a-436e-9d81-be1eb39caf3e/ozone-meta/datanode-2/ratis/0d42177e-ebf1-441e-9528-7c8350d9fd15/current/log_inprogress_0
2024-03-29 09:28:07,491 [9f689a4b-3525-432c-897a-89bebd88635c@group-E3CBA6535E02-SegmentedRaftLogWorker] INFO  segmented.BufferedWriteChannel (BufferedWriteChannel.java:open(62)) - open log_inprogress_0 at position 0
2024-03-29 09:28:07,493 [ac45a72a-98f1-49f1-9186-9900cebd9eb6@group-E3CBA6535E02-StateMachineUpdater] INFO  server.RaftServer$Division (LeaderStateImpl.java:isApplied(320)) - leader is ready since appliedIndex == 0 >= startIndex == 0
2024-03-29 09:28:07,495 [9f689a4b-3525-432c-897a-89bebd88635c@group-7C8350D9FD15-StateMachineUpdater] INFO  server.RaftServer$Division (LeaderStateImpl.java:isApplied(320)) - leader is ready since appliedIndex == 0 >= startIndex == 0
2024-03-29 09:28:07,500 [9f689a4b-3525-432c-897a-89bebd88635c@group-E3CBA6535E02-SegmentedRaftLogWorker] INFO  segmented.SegmentedRaftLogWorker (SegmentedRaftLogWorker.java:execute(634)) - 9f689a4b-3525-432c-897a-89bebd88635c@group-E3CBA6535E02-SegmentedRaftLogWorker: created new log segment /home/runner/work/ozone/ozone/hadoop-ozone/integration-test/target/test-dir/MiniOzoneClusterImpl-2686784a-6a4a-436e-9d81-be1eb39caf3e/ozone-meta/datanode-2/ratis/feb43b08-226c-484d-a820-e3cba6535e02/current/log_inprogress_0
2024-03-29 09:28:07,576 [21cc794e-90c3-4d38-9905-a833a32dcd6c@group-54E1E8CC5B49-FollowerState] INFO  impl.FollowerState (FollowerState.java:run(143)) - 21cc794e-90c3-4d38-9905-a833a32dcd6c@group-54E1E8CC5B49-FollowerState: change to CANDIDATE, lastRpcElapsedTime:5059808758ns, electionTimeout:5057ms
2024-03-29 09:28:07,576 [21cc794e-90c3-4d38-9905-a833a32dcd6c@group-54E1E8CC5B49-FollowerState] INFO  impl.RoleInfo (RoleInfo.java:shutdownFollowerState(110)) - 21cc794e-90c3-4d38-9905-a833a32dcd6c: shutdown 21cc794e-90c3-4d38-9905-a833a32dcd6c@group-54E1E8CC5B49-FollowerState
2024-03-29 09:28:07,576 [21cc794e-90c3-4d38-9905-a833a32dcd6c@group-54E1E8CC5B49-FollowerState] INFO  server.RaftServer$Division (RaftServerImpl.java:setRole(383)) - 21cc794e-90c3-4d38-9905-a833a32dcd6c@group-54E1E8CC5B49: changes role from  FOLLOWER to CANDIDATE at term 0 for changeToCandidate
2024-03-29 09:28:07,577 [21cc794e-90c3-4d38-9905-a833a32dcd6c@group-54E1E8CC5B49-FollowerState] INFO  server.RaftServerConfigKeys (ConfUtils.java:logGet(46)) - raft.server.leaderelection.pre-vote = true (default)
2024-03-29 09:28:07,577 [21cc794e-90c3-4d38-9905-a833a32dcd6c@group-54E1E8CC5B49-FollowerState] INFO  impl.RoleInfo (RoleInfo.java:updateAndGet(139)) - 21cc794e-90c3-4d38-9905-a833a32dcd6c: start 21cc794e-90c3-4d38-9905-a833a32dcd6c@group-54E1E8CC5B49-LeaderElection5
2024-03-29 09:28:07,578 [21cc794e-90c3-4d38-9905-a833a32dcd6c@group-54E1E8CC5B49-LeaderElection5] INFO  impl.LeaderElection (LeaderElection.java:askForVotes(321)) - 21cc794e-90c3-4d38-9905-a833a32dcd6c@group-54E1E8CC5B49-LeaderElection5 PRE_VOTE round 0: submit vote requests at term 0 for -1: peers:[ac45a72a-98f1-49f1-9186-9900cebd9eb6|10.1.0.26:15022, 21cc794e-90c3-4d38-9905-a833a32dcd6c|10.1.0.26:15040, 9f689a4b-3525-432c-897a-89bebd88635c|10.1.0.26:15031]|listeners:[], old=null
2024-03-29 09:28:07,579 [21cc794e-90c3-4d38-9905-a833a32dcd6c@group-54E1E8CC5B49-LeaderElection5-1] INFO  server.GrpcServerProtocolClient (GrpcServerProtocolClient.java:<init>(65)) - Build channel for ac45a72a-98f1-49f1-9186-9900cebd9eb6|10.1.0.26:15022
2024-03-29 09:28:07,579 [21cc794e-90c3-4d38-9905-a833a32dcd6c@group-54E1E8CC5B49-LeaderElection5] INFO  server.RaftServerConfigKeys (ConfUtils.java:logFallback(53)) - raft.server.rpc.first-election.timeout.min = 5s (fallback to raft.server.rpc.timeout.min)
2024-03-29 09:28:07,579 [21cc794e-90c3-4d38-9905-a833a32dcd6c@group-54E1E8CC5B49-LeaderElection5] INFO  server.RaftServerConfigKeys (ConfUtils.java:logFallback(53)) - raft.server.rpc.first-election.timeout.max = 5200ms (fallback to raft.server.rpc.timeout.max)
2024-03-29 09:28:07,579 [21cc794e-90c3-4d38-9905-a833a32dcd6c@group-54E1E8CC5B49-LeaderElection5-2] INFO  server.GrpcServerProtocolClient (GrpcServerProtocolClient.java:<init>(65)) - Build channel for 9f689a4b-3525-432c-897a-89bebd88635c|10.1.0.26:15031
2024-03-29 09:28:07,589 [grpc-default-executor-3] INFO  server.RaftServer$Division (RaftServerImpl.java:requestVote(1389)) - ac45a72a-98f1-49f1-9186-9900cebd9eb6@group-54E1E8CC5B49: receive requestVote(PRE_VOTE, 21cc794e-90c3-4d38-9905-a833a32dcd6c, group-54E1E8CC5B49, 0, (t:0, i:0))
2024-03-29 09:28:07,589 [grpc-default-executor-3] INFO  impl.VoteContext (VoteContext.java:log(49)) - ac45a72a-98f1-49f1-9186-9900cebd9eb6@group-54E1E8CC5B49-FOLLOWER: accept PRE_VOTE from 21cc794e-90c3-4d38-9905-a833a32dcd6c: our priority 0 <= candidate's priority 0
2024-03-29 09:28:07,589 [grpc-default-executor-3] INFO  server.RaftServer$Division (RaftServerImpl.java:requestVote(1422)) - ac45a72a-98f1-49f1-9186-9900cebd9eb6@group-54E1E8CC5B49 replies to PRE_VOTE vote request: 21cc794e-90c3-4d38-9905-a833a32dcd6c<-ac45a72a-98f1-49f1-9186-9900cebd9eb6#0:OK-t0. Peer's state: ac45a72a-98f1-49f1-9186-9900cebd9eb6@group-54E1E8CC5B49:t0, leader=null, voted=, raftlog=Memoized:ac45a72a-98f1-49f1-9186-9900cebd9eb6@group-54E1E8CC5B49-SegmentedRaftLog:OPENED:c-1, conf=-1: peers:[ac45a72a-98f1-49f1-9186-9900cebd9eb6|10.1.0.26:15022, 21cc794e-90c3-4d38-9905-a833a32dcd6c|10.1.0.26:15040, 9f689a4b-3525-432c-897a-89bebd88635c|10.1.0.26:15031]|listeners:[], old=null
2024-03-29 09:28:07,590 [grpc-default-executor-4] INFO  server.RaftServer$Division (RaftServerImpl.java:requestVote(1389)) - 9f689a4b-3525-432c-897a-89bebd88635c@group-54E1E8CC5B49: receive requestVote(PRE_VOTE, 21cc794e-90c3-4d38-9905-a833a32dcd6c, group-54E1E8CC5B49, 0, (t:0, i:0))
2024-03-29 09:28:07,590 [grpc-default-executor-4] INFO  impl.VoteContext (VoteContext.java:log(49)) - 9f689a4b-3525-432c-897a-89bebd88635c@group-54E1E8CC5B49-FOLLOWER: reject PRE_VOTE from 21cc794e-90c3-4d38-9905-a833a32dcd6c: our priority 1 > candidate's priority 0
2024-03-29 09:28:07,590 [grpc-default-executor-4] INFO  server.RaftServer$Division (RaftServerImpl.java:requestVote(1422)) - 9f689a4b-3525-432c-897a-89bebd88635c@group-54E1E8CC5B49 replies to PRE_VOTE vote request: 21cc794e-90c3-4d38-9905-a833a32dcd6c<-9f689a4b-3525-432c-897a-89bebd88635c#0:FAIL-t0. Peer's state: 9f689a4b-3525-432c-897a-89bebd88635c@group-54E1E8CC5B49:t0, leader=null, voted=, raftlog=Memoized:9f689a4b-3525-432c-897a-89bebd88635c@group-54E1E8CC5B49-SegmentedRaftLog:OPENED:c-1, conf=-1: peers:[ac45a72a-98f1-49f1-9186-9900cebd9eb6|10.1.0.26:15022, 21cc794e-90c3-4d38-9905-a833a32dcd6c|10.1.0.26:15040, 9f689a4b-3525-432c-897a-89bebd88635c|10.1.0.26:15031]|listeners:[], old=null
2024-03-29 09:28:07,591 [21cc794e-90c3-4d38-9905-a833a32dcd6c@group-54E1E8CC5B49-LeaderElection5] INFO  impl.LeaderElection (LeaderElection.java:logAndReturn(89)) - 21cc794e-90c3-4d38-9905-a833a32dcd6c@group-54E1E8CC5B49-LeaderElection5: PRE_VOTE REJECTED received 2 response(s) and 0 exception(s):
2024-03-29 09:28:07,593 [21cc794e-90c3-4d38-9905-a833a32dcd6c@group-54E1E8CC5B49-LeaderElection5] INFO  impl.LeaderElection (LeaderElection.java:logAndReturn(93)) -   Response 0: 21cc794e-90c3-4d38-9905-a833a32dcd6c<-ac45a72a-98f1-49f1-9186-9900cebd9eb6#0:OK-t0
2024-03-29 09:28:07,593 [21cc794e-90c3-4d38-9905-a833a32dcd6c@group-54E1E8CC5B49-LeaderElection5] INFO  impl.LeaderElection (LeaderElection.java:logAndReturn(93)) -   Response 1: 21cc794e-90c3-4d38-9905-a833a32dcd6c<-9f689a4b-3525-432c-897a-89bebd88635c#0:FAIL-t0
2024-03-29 09:28:07,593 [21cc794e-90c3-4d38-9905-a833a32dcd6c@group-54E1E8CC5B49-LeaderElection5] INFO  impl.LeaderElection (LeaderElection.java:askForVotes(323)) - 21cc794e-90c3-4d38-9905-a833a32dcd6c@group-54E1E8CC5B49-LeaderElection5 PRE_VOTE round 0: result REJECTED
2024-03-29 09:28:07,593 [21cc794e-90c3-4d38-9905-a833a32dcd6c@group-54E1E8CC5B49-LeaderElection5] INFO  server.RaftServer$Division (RaftServerImpl.java:setRole(383)) - 21cc794e-90c3-4d38-9905-a833a32dcd6c@group-54E1E8CC5B49: changes role from CANDIDATE to FOLLOWER at term 0 for REJECTED
2024-03-29 09:28:07,593 [21cc794e-90c3-4d38-9905-a833a32dcd6c@group-54E1E8CC5B49-LeaderElection5] INFO  impl.RoleInfo (RoleInfo.java:shutdownLeaderElection(130)) - 21cc794e-90c3-4d38-9905-a833a32dcd6c: shutdown 21cc794e-90c3-4d38-9905-a833a32dcd6c@group-54E1E8CC5B49-LeaderElection5
2024-03-29 09:28:07,593 [21cc794e-90c3-4d38-9905-a833a32dcd6c@group-54E1E8CC5B49-LeaderElection5] INFO  impl.RoleInfo (RoleInfo.java:updateAndGet(139)) - 21cc794e-90c3-4d38-9905-a833a32dcd6c: start 21cc794e-90c3-4d38-9905-a833a32dcd6c@group-54E1E8CC5B49-FollowerState
2024-03-29 09:28:07,594 [21cc794e-90c3-4d38-9905-a833a32dcd6c@group-54E1E8CC5B49-LeaderElection5] INFO  server.RaftServer$Division (RaftServerImpl.java:setFirstElection(574)) - 21cc794e-90c3-4d38-9905-a833a32dcd6c@group-54E1E8CC5B49: set firstElectionSinceStartup to false for REJECTED
2024-03-29 09:28:07,601 [21cc794e-90c3-4d38-9905-a833a32dcd6c@group-6F22C8D50B7B-FollowerState] INFO  impl.FollowerState (FollowerState.java:run(143)) - 21cc794e-90c3-4d38-9905-a833a32dcd6c@group-6F22C8D50B7B-FollowerState: change to CANDIDATE, lastRpcElapsedTime:5137397579ns, electionTimeout:5131ms
2024-03-29 09:28:07,602 [21cc794e-90c3-4d38-9905-a833a32dcd6c@group-6F22C8D50B7B-FollowerState] INFO  impl.RoleInfo (RoleInfo.java:shutdownFollowerState(110)) - 21cc794e-90c3-4d38-9905-a833a32dcd6c: shutdown 21cc794e-90c3-4d38-9905-a833a32dcd6c@group-6F22C8D50B7B-FollowerState
2024-03-29 09:28:07,602 [21cc794e-90c3-4d38-9905-a833a32dcd6c@group-6F22C8D50B7B-FollowerState] INFO  server.RaftServer$Division (RaftServerImpl.java:setRole(383)) - 21cc794e-90c3-4d38-9905-a833a32dcd6c@group-6F22C8D50B7B: changes role from  FOLLOWER to CANDIDATE at term 0 for changeToCandidate
2024-03-29 09:28:07,603 [21cc794e-90c3-4d38-9905-a833a32dcd6c@group-6F22C8D50B7B-FollowerState] INFO  server.RaftServerConfigKeys (ConfUtils.java:logGet(46)) - raft.server.leaderelection.pre-vote = true (default)
2024-03-29 09:28:07,603 [21cc794e-90c3-4d38-9905-a833a32dcd6c@group-6F22C8D50B7B-FollowerState] INFO  impl.RoleInfo (RoleInfo.java:updateAndGet(139)) - 21cc794e-90c3-4d38-9905-a833a32dcd6c: start 21cc794e-90c3-4d38-9905-a833a32dcd6c@group-6F22C8D50B7B-LeaderElection6
2024-03-29 09:28:07,608 [21cc794e-90c3-4d38-9905-a833a32dcd6c@group-6F22C8D50B7B-LeaderElection6] INFO  impl.LeaderElection (LeaderElection.java:askForVotes(321)) - 21cc794e-90c3-4d38-9905-a833a32dcd6c@group-6F22C8D50B7B-LeaderElection6 PRE_VOTE round 0: submit vote requests at term 0 for -1: peers:[21cc794e-90c3-4d38-9905-a833a32dcd6c|10.1.0.26:15040]|listeners:[], old=null
2024-03-29 09:28:07,608 [21cc794e-90c3-4d38-9905-a833a32dcd6c@group-6F22C8D50B7B-LeaderElection6] INFO  impl.LeaderElection (LeaderElection.java:askForVotes(323)) - 21cc794e-90c3-4d38-9905-a833a32dcd6c@group-6F22C8D50B7B-LeaderElection6 PRE_VOTE round 0: result PASSED (term=0)
2024-03-29 09:28:07,609 [21cc794e-90c3-4d38-9905-a833a32dcd6c@group-6F22C8D50B7B-LeaderElection6] INFO  impl.LeaderElection (LeaderElection.java:askForVotes(321)) - 21cc794e-90c3-4d38-9905-a833a32dcd6c@group-6F22C8D50B7B-LeaderElection6 ELECTION round 0: submit vote requests at term 1 for -1: peers:[21cc794e-90c3-4d38-9905-a833a32dcd6c|10.1.0.26:15040]|listeners:[], old=null
2024-03-29 09:28:07,609 [21cc794e-90c3-4d38-9905-a833a32dcd6c@group-6F22C8D50B7B-LeaderElection6] INFO  impl.LeaderElection (LeaderElection.java:askForVotes(323)) - 21cc794e-90c3-4d38-9905-a833a32dcd6c@group-6F22C8D50B7B-LeaderElection6 ELECTION round 0: result PASSED (term=1)
2024-03-29 09:28:07,609 [21cc794e-90c3-4d38-9905-a833a32dcd6c@group-6F22C8D50B7B-LeaderElection6] INFO  impl.RoleInfo (RoleInfo.java:shutdownLeaderElection(130)) - 21cc794e-90c3-4d38-9905-a833a32dcd6c: shutdown 21cc794e-90c3-4d38-9905-a833a32dcd6c@group-6F22C8D50B7B-LeaderElection6
2024-03-29 09:28:07,609 [21cc794e-90c3-4d38-9905-a833a32dcd6c@group-6F22C8D50B7B-LeaderElection6] INFO  server.RaftServer$Division (RaftServerImpl.java:setRole(383)) - 21cc794e-90c3-4d38-9905-a833a32dcd6c@group-6F22C8D50B7B: changes role from CANDIDATE to LEADER at term 1 for changeToLeader
2024-03-29 09:28:07,609 [21cc794e-90c3-4d38-9905-a833a32dcd6c@group-6F22C8D50B7B-LeaderElection6] INFO  server.RaftServerConfigKeys (ConfUtils.java:logGet(46)) - raft.server.staging.catchup.gap = 1000 (default)
2024-03-29 09:28:07,610 [21cc794e-90c3-4d38-9905-a833a32dcd6c@group-6F22C8D50B7B-LeaderElection6] INFO  server.RaftServerConfigKeys (ConfUtils.java:logGet(46)) - raft.server.write.element-limit = 1024 (custom)
2024-03-29 09:28:07,610 [21cc794e-90c3-4d38-9905-a833a32dcd6c@group-6F22C8D50B7B-LeaderElection6] INFO  server.RaftServerConfigKeys (ConfUtils.java:logGet(46)) - raft.server.write.byte-limit = 1024 M (=1073741824) (custom)
2024-03-29 09:28:07,610 [21cc794e-90c3-4d38-9905-a833a32dcd6c@group-6F22C8D50B7B-LeaderElection6] INFO  server.RaftServerConfigKeys (ConfUtils.java:logGet(46)) - raft.server.watch.timeout = 180s (custom)
2024-03-29 09:28:07,610 [21cc794e-90c3-4d38-9905-a833a32dcd6c@group-6F22C8D50B7B-LeaderElection6] INFO  server.RaftServerConfigKeys (ConfUtils.java:logGet(46)) - raft.server.watch.timeout.denomination = 1s (default)
2024-03-29 09:28:07,610 [21cc794e-90c3-4d38-9905-a833a32dcd6c@group-6F22C8D50B7B-LeaderElection6] INFO  server.RaftServerConfigKeys (ConfUtils.java:logGet(46)) - raft.server.watch.element-limit = 65536 (default)
2024-03-29 09:28:07,610 [21cc794e-90c3-4d38-9905-a833a32dcd6c@group-6F22C8D50B7B-LeaderElection6] INFO  server.RaftServerConfigKeys (ConfUtils.java:logGet(46)) - raft.server.read.leader.lease.enabled = false (default)
2024-03-29 09:28:07,610 [21cc794e-90c3-4d38-9905-a833a32dcd6c@group-6F22C8D50B7B-LeaderElection6] INFO  server.RaftServerConfigKeys (ConfUtils.java:logGet(46)) - raft.server.read.leader.lease.timeout.ratio = 0.9 (default)
2024-03-29 09:28:07,611 [21cc794e-90c3-4d38-9905-a833a32dcd6c@group-6F22C8D50B7B-LeaderElection6] INFO  server.RaftServerConfigKeys (ConfUtils.java:logGet(46)) - raft.server.rpc.timeout.min = 5s (custom)
2024-03-29 09:28:07,611 [21cc794e-90c3-4d38-9905-a833a32dcd6c@group-6F22C8D50B7B-LeaderElection6] INFO  server.RaftServerConfigKeys (ConfUtils.java:logGet(46)) - raft.server.write.element-limit = 1024 (custom)
2024-03-29 09:28:07,611 [21cc794e-90c3-4d38-9905-a833a32dcd6c@group-6F22C8D50B7B-LeaderElection6] INFO  server.RaftServerConfigKeys (ConfUtils.java:logGet(46)) - raft.server.write.follower.gap.ratio.max = -1.0 (default)
2024-03-29 09:28:07,611 [21cc794e-90c3-4d38-9905-a833a32dcd6c@group-6F22C8D50B7B-LeaderElection6] INFO  impl.RoleInfo (RoleInfo.java:updateAndGet(139)) - 21cc794e-90c3-4d38-9905-a833a32dcd6c: start 21cc794e-90c3-4d38-9905-a833a32dcd6c@group-6F22C8D50B7B-LeaderStateImpl
2024-03-29 09:28:07,611 [21cc794e-90c3-4d38-9905-a833a32dcd6c@group-6F22C8D50B7B-LeaderElection6] INFO  server.RaftServer$Division (RaftServerImpl.java:setFirstElection(574)) - 21cc794e-90c3-4d38-9905-a833a32dcd6c@group-6F22C8D50B7B: set firstElectionSinceStartup to false for becomeLeader
2024-03-29 09:28:07,611 [21cc794e-90c3-4d38-9905-a833a32dcd6c@group-6F22C8D50B7B-LeaderElection6] INFO  ratis.XceiverServerRatis (XceiverServerRatis.java:handleLeaderChangedNotification(966)) - Leader change notification received for group: group-6F22C8D50B7B with new leaderId: 21cc794e-90c3-4d38-9905-a833a32dcd6c
2024-03-29 09:28:07,611 [21cc794e-90c3-4d38-9905-a833a32dcd6c@group-6F22C8D50B7B-LeaderElection6] INFO  server.RaftServer$Division (ServerState.java:setLeader(269)) - 21cc794e-90c3-4d38-9905-a833a32dcd6c@group-6F22C8D50B7B: change Leader from null to 21cc794e-90c3-4d38-9905-a833a32dcd6c at term 1 for becomeLeader, leader elected after 5194ms
2024-03-29 09:28:07,612 [21cc794e-90c3-4d38-9905-a833a32dcd6c@group-6F22C8D50B7B-LeaderElection6] INFO  segmented.SegmentedRaftLogWorker (SegmentedRaftLogWorker.java:startLogSegment(430)) - 21cc794e-90c3-4d38-9905-a833a32dcd6c@group-6F22C8D50B7B-SegmentedRaftLogWorker: Starting segment from index:0
2024-03-29 09:28:07,612 [21cc794e-90c3-4d38-9905-a833a32dcd6c@group-6F22C8D50B7B-SegmentedRaftLogWorker] INFO  segmented.BufferedWriteChannel (BufferedWriteChannel.java:open(62)) - open log_inprogress_0 at position 0
2024-03-29 09:28:07,616 [21cc794e-90c3-4d38-9905-a833a32dcd6c@group-6F22C8D50B7B-LeaderElection6] INFO  server.RaftServer$Division (ServerState.java:setRaftConf(386)) - 21cc794e-90c3-4d38-9905-a833a32dcd6c@group-6F22C8D50B7B: set configuration 0: peers:[21cc794e-90c3-4d38-9905-a833a32dcd6c|10.1.0.26:15040]|listeners:[], old=null
2024-03-29 09:28:07,619 [21cc794e-90c3-4d38-9905-a833a32dcd6c@group-6F22C8D50B7B-SegmentedRaftLogWorker] INFO  segmented.SegmentedRaftLogWorker (SegmentedRaftLogWorker.java:execute(634)) - 21cc794e-90c3-4d38-9905-a833a32dcd6c@group-6F22C8D50B7B-SegmentedRaftLogWorker: created new log segment /home/runner/work/ozone/ozone/hadoop-ozone/integration-test/target/test-dir/MiniOzoneClusterImpl-2686784a-6a4a-436e-9d81-be1eb39caf3e/ozone-meta/datanode-3/ratis/420de7a1-34d0-4dc2-879f-6f22c8d50b7b/current/log_inprogress_0
2024-03-29 09:28:07,620 [21cc794e-90c3-4d38-9905-a833a32dcd6c@group-6F22C8D50B7B-StateMachineUpdater] INFO  server.RaftServer$Division (LeaderStateImpl.java:isApplied(320)) - leader is ready since appliedIndex == 0 >= startIndex == 0
2024-03-29 09:28:07,648 [ac45a72a-98f1-49f1-9186-9900cebd9eb6@group-54E1E8CC5B49-FollowerState] INFO  server.RaftServerConfigKeys (ConfUtils.java:logFallback(53)) - raft.server.rpc.first-election.timeout.min = 5s (fallback to raft.server.rpc.timeout.min)
2024-03-29 09:28:07,648 [ac45a72a-98f1-49f1-9186-9900cebd9eb6@group-54E1E8CC5B49-FollowerState] INFO  server.RaftServerConfigKeys (ConfUtils.java:logFallback(53)) - raft.server.rpc.first-election.timeout.max = 5200ms (fallback to raft.server.rpc.timeout.max)
2024-03-29 09:28:07,753 [9f689a4b-3525-432c-897a-89bebd88635c@group-54E1E8CC5B49-FollowerState] INFO  impl.FollowerState (FollowerState.java:run(143)) - 9f689a4b-3525-432c-897a-89bebd88635c@group-54E1E8CC5B49-FollowerState: change to CANDIDATE, lastRpcElapsedTime:5199912106ns, electionTimeout:5195ms
2024-03-29 09:28:07,754 [9f689a4b-3525-432c-897a-89bebd88635c@group-54E1E8CC5B49-FollowerState] INFO  impl.RoleInfo (RoleInfo.java:shutdownFollowerState(110)) - 9f689a4b-3525-432c-897a-89bebd88635c: shutdown 9f689a4b-3525-432c-897a-89bebd88635c@group-54E1E8CC5B49-FollowerState
2024-03-29 09:28:07,754 [9f689a4b-3525-432c-897a-89bebd88635c@group-54E1E8CC5B49-FollowerState] INFO  server.RaftServer$Division (RaftServerImpl.java:setRole(383)) - 9f689a4b-3525-432c-897a-89bebd88635c@group-54E1E8CC5B49: changes role from  FOLLOWER to CANDIDATE at term 0 for changeToCandidate
2024-03-29 09:28:07,754 [9f689a4b-3525-432c-897a-89bebd88635c@group-54E1E8CC5B49-FollowerState] INFO  server.RaftServerConfigKeys (ConfUtils.java:logGet(46)) - raft.server.leaderelection.pre-vote = true (default)
2024-03-29 09:28:07,754 [9f689a4b-3525-432c-897a-89bebd88635c@group-54E1E8CC5B49-FollowerState] INFO  impl.RoleInfo (RoleInfo.java:updateAndGet(139)) - 9f689a4b-3525-432c-897a-89bebd88635c: start 9f689a4b-3525-432c-897a-89bebd88635c@group-54E1E8CC5B49-LeaderElection7
2024-03-29 09:28:07,755 [9f689a4b-3525-432c-897a-89bebd88635c@group-54E1E8CC5B49-LeaderElection7] INFO  impl.LeaderElection (LeaderElection.java:askForVotes(321)) - 9f689a4b-3525-432c-897a-89bebd88635c@group-54E1E8CC5B49-LeaderElection7 PRE_VOTE round 0: submit vote requests at term 0 for -1: peers:[ac45a72a-98f1-49f1-9186-9900cebd9eb6|10.1.0.26:15022, 21cc794e-90c3-4d38-9905-a833a32dcd6c|10.1.0.26:15040, 9f689a4b-3525-432c-897a-89bebd88635c|10.1.0.26:15031]|listeners:[], old=null
2024-03-29 09:28:07,755 [9f689a4b-3525-432c-897a-89bebd88635c@group-54E1E8CC5B49-LeaderElection7-1] INFO  server.GrpcServerProtocolClient (GrpcServerProtocolClient.java:<init>(65)) - Build channel for ac45a72a-98f1-49f1-9186-9900cebd9eb6|10.1.0.26:15022
2024-03-29 09:28:07,755 [9f689a4b-3525-432c-897a-89bebd88635c@group-54E1E8CC5B49-LeaderElection7] INFO  server.RaftServerConfigKeys (ConfUtils.java:logFallback(53)) - raft.server.rpc.first-election.timeout.min = 5s (fallback to raft.server.rpc.timeout.min)
2024-03-29 09:28:07,755 [9f689a4b-3525-432c-897a-89bebd88635c@group-54E1E8CC5B49-LeaderElection7-2] INFO  server.GrpcServerProtocolClient (GrpcServerProtocolClient.java:<init>(65)) - Build channel for 21cc794e-90c3-4d38-9905-a833a32dcd6c|10.1.0.26:15040
2024-03-29 09:28:07,756 [9f689a4b-3525-432c-897a-89bebd88635c@group-54E1E8CC5B49-LeaderElection7] INFO  server.RaftServerConfigKeys (ConfUtils.java:logFallback(53)) - raft.server.rpc.first-election.timeout.max = 5200ms (fallback to raft.server.rpc.timeout.max)
2024-03-29 09:28:07,762 [grpc-default-executor-4] INFO  server.RaftServer$Division (RaftServerImpl.java:requestVote(1389)) - 21cc794e-90c3-4d38-9905-a833a32dcd6c@group-54E1E8CC5B49: receive requestVote(PRE_VOTE, 9f689a4b-3525-432c-897a-89bebd88635c, group-54E1E8CC5B49, 0, (t:0, i:0))
2024-03-29 09:28:07,762 [grpc-default-executor-3] INFO  server.RaftServer$Division (RaftServerImpl.java:requestVote(1389)) - ac45a72a-98f1-49f1-9186-9900cebd9eb6@group-54E1E8CC5B49: receive requestVote(PRE_VOTE, 9f689a4b-3525-432c-897a-89bebd88635c, group-54E1E8CC5B49, 0, (t:0, i:0))
2024-03-29 09:28:07,762 [grpc-default-executor-3] INFO  impl.VoteContext (VoteContext.java:log(49)) - ac45a72a-98f1-49f1-9186-9900cebd9eb6@group-54E1E8CC5B49-FOLLOWER: accept PRE_VOTE from 9f689a4b-3525-432c-897a-89bebd88635c: our priority 0 <= candidate's priority 1
2024-03-29 09:28:07,762 [grpc-default-executor-4] INFO  impl.VoteContext (VoteContext.java:log(49)) - 21cc794e-90c3-4d38-9905-a833a32dcd6c@group-54E1E8CC5B49-FOLLOWER: accept PRE_VOTE from 9f689a4b-3525-432c-897a-89bebd88635c: our priority 0 <= candidate's priority 1
2024-03-29 09:28:07,762 [grpc-default-executor-4] INFO  server.RaftServer$Division (RaftServerImpl.java:requestVote(1422)) - 21cc794e-90c3-4d38-9905-a833a32dcd6c@group-54E1E8CC5B49 replies to PRE_VOTE vote request: 9f689a4b-3525-432c-897a-89bebd88635c<-21cc794e-90c3-4d38-9905-a833a32dcd6c#0:OK-t0. Peer's state: 21cc794e-90c3-4d38-9905-a833a32dcd6c@group-54E1E8CC5B49:t0, leader=null, voted=, raftlog=Memoized:21cc794e-90c3-4d38-9905-a833a32dcd6c@group-54E1E8CC5B49-SegmentedRaftLog:OPENED:c-1, conf=-1: peers:[ac45a72a-98f1-49f1-9186-9900cebd9eb6|10.1.0.26:15022, 21cc794e-90c3-4d38-9905-a833a32dcd6c|10.1.0.26:15040, 9f689a4b-3525-432c-897a-89bebd88635c|10.1.0.26:15031]|listeners:[], old=null
2024-03-29 09:28:07,763 [grpc-default-executor-3] INFO  server.RaftServer$Division (RaftServerImpl.java:requestVote(1422)) - ac45a72a-98f1-49f1-9186-9900cebd9eb6@group-54E1E8CC5B49 replies to PRE_VOTE vote request: 9f689a4b-3525-432c-897a-89bebd88635c<-ac45a72a-98f1-49f1-9186-9900cebd9eb6#0:OK-t0. Peer's state: ac45a72a-98f1-49f1-9186-9900cebd9eb6@group-54E1E8CC5B49:t0, leader=null, voted=, raftlog=Memoized:ac45a72a-98f1-49f1-9186-9900cebd9eb6@group-54E1E8CC5B49-SegmentedRaftLog:OPENED:c-1, conf=-1: peers:[ac45a72a-98f1-49f1-9186-9900cebd9eb6|10.1.0.26:15022, 21cc794e-90c3-4d38-9905-a833a32dcd6c|10.1.0.26:15040, 9f689a4b-3525-432c-897a-89bebd88635c|10.1.0.26:15031]|listeners:[], old=null
2024-03-29 09:28:07,764 [9f689a4b-3525-432c-897a-89bebd88635c@group-54E1E8CC5B49-LeaderElection7] INFO  impl.LeaderElection (LeaderElection.java:logAndReturn(89)) - 9f689a4b-3525-432c-897a-89bebd88635c@group-54E1E8CC5B49-LeaderElection7: PRE_VOTE PASSED received 1 response(s) and 0 exception(s):
2024-03-29 09:28:07,765 [9f689a4b-3525-432c-897a-89bebd88635c@group-54E1E8CC5B49-LeaderElection7] INFO  impl.LeaderElection (LeaderElection.java:logAndReturn(93)) -   Response 0: 9f689a4b-3525-432c-897a-89bebd88635c<-21cc794e-90c3-4d38-9905-a833a32dcd6c#0:OK-t0
2024-03-29 09:28:07,765 [9f689a4b-3525-432c-897a-89bebd88635c@group-54E1E8CC5B49-LeaderElection7] INFO  impl.LeaderElection (LeaderElection.java:askForVotes(323)) - 9f689a4b-3525-432c-897a-89bebd88635c@group-54E1E8CC5B49-LeaderElection7 PRE_VOTE round 0: result PASSED
2024-03-29 09:28:07,768 [9f689a4b-3525-432c-897a-89bebd88635c@group-54E1E8CC5B49-LeaderElection7] INFO  impl.LeaderElection (LeaderElection.java:askForVotes(321)) - 9f689a4b-3525-432c-897a-89bebd88635c@group-54E1E8CC5B49-LeaderElection7 ELECTION round 0: submit vote requests at term 1 for -1: peers:[ac45a72a-98f1-49f1-9186-9900cebd9eb6|10.1.0.26:15022, 21cc794e-90c3-4d38-9905-a833a32dcd6c|10.1.0.26:15040, 9f689a4b-3525-432c-897a-89bebd88635c|10.1.0.26:15031]|listeners:[], old=null
2024-03-29 09:28:07,768 [9f689a4b-3525-432c-897a-89bebd88635c@group-54E1E8CC5B49-LeaderElection7] INFO  server.RaftServerConfigKeys (ConfUtils.java:logFallback(53)) - raft.server.rpc.first-election.timeout.min = 5s (fallback to raft.server.rpc.timeout.min)
2024-03-29 09:28:07,768 [9f689a4b-3525-432c-897a-89bebd88635c@group-54E1E8CC5B49-LeaderElection7] INFO  server.RaftServerConfigKeys (ConfUtils.java:logFallback(53)) - raft.server.rpc.first-election.timeout.max = 5200ms (fallback to raft.server.rpc.timeout.max)
2024-03-29 09:28:07,770 [grpc-default-executor-3] INFO  server.RaftServer$Division (RaftServerImpl.java:requestVote(1389)) - ac45a72a-98f1-49f1-9186-9900cebd9eb6@group-54E1E8CC5B49: receive requestVote(ELECTION, 9f689a4b-3525-432c-897a-89bebd88635c, group-54E1E8CC5B49, 1, (t:0, i:0))
2024-03-29 09:28:07,770 [grpc-default-executor-4] INFO  server.RaftServer$Division (RaftServerImpl.java:requestVote(1389)) - 21cc794e-90c3-4d38-9905-a833a32dcd6c@group-54E1E8CC5B49: receive requestVote(ELECTION, 9f689a4b-3525-432c-897a-89bebd88635c, group-54E1E8CC5B49, 1, (t:0, i:0))
2024-03-29 09:28:07,770 [grpc-default-executor-3] INFO  impl.VoteContext (VoteContext.java:log(49)) - ac45a72a-98f1-49f1-9186-9900cebd9eb6@group-54E1E8CC5B49-FOLLOWER: accept ELECTION from 9f689a4b-3525-432c-897a-89bebd88635c: our priority 0 <= candidate's priority 1
2024-03-29 09:28:07,770 [grpc-default-executor-3] INFO  server.RaftServer$Division (RaftServerImpl.java:setRole(383)) - ac45a72a-98f1-49f1-9186-9900cebd9eb6@group-54E1E8CC5B49: changes role from  FOLLOWER to FOLLOWER at term 1 for candidate:9f689a4b-3525-432c-897a-89bebd88635c
2024-03-29 09:28:07,770 [grpc-default-executor-3] INFO  impl.RoleInfo (RoleInfo.java:shutdownFollowerState(110)) - ac45a72a-98f1-49f1-9186-9900cebd9eb6: shutdown ac45a72a-98f1-49f1-9186-9900cebd9eb6@group-54E1E8CC5B49-FollowerState
2024-03-29 09:28:07,771 [ac45a72a-98f1-49f1-9186-9900cebd9eb6@group-54E1E8CC5B49-FollowerState] INFO  impl.FollowerState (FollowerState.java:run(152)) - ac45a72a-98f1-49f1-9186-9900cebd9eb6@group-54E1E8CC5B49-FollowerState was interrupted
2024-03-29 09:28:07,770 [grpc-default-executor-4] INFO  impl.VoteContext (VoteContext.java:log(49)) - 21cc794e-90c3-4d38-9905-a833a32dcd6c@group-54E1E8CC5B49-FOLLOWER: accept ELECTION from 9f689a4b-3525-432c-897a-89bebd88635c: our priority 0 <= candidate's priority 1
2024-03-29 09:28:07,771 [grpc-default-executor-4] INFO  server.RaftServer$Division (RaftServerImpl.java:setRole(383)) - 21cc794e-90c3-4d38-9905-a833a32dcd6c@group-54E1E8CC5B49: changes role from  FOLLOWER to FOLLOWER at term 1 for candidate:9f689a4b-3525-432c-897a-89bebd88635c
2024-03-29 09:28:07,771 [grpc-default-executor-4] INFO  impl.RoleInfo (RoleInfo.java:shutdownFollowerState(110)) - 21cc794e-90c3-4d38-9905-a833a32dcd6c: shutdown 21cc794e-90c3-4d38-9905-a833a32dcd6c@group-54E1E8CC5B49-FollowerState
2024-03-29 09:28:07,771 [grpc-default-executor-4] INFO  impl.RoleInfo (RoleInfo.java:updateAndGet(139)) - 21cc794e-90c3-4d38-9905-a833a32dcd6c: start 21cc794e-90c3-4d38-9905-a833a32dcd6c@group-54E1E8CC5B49-FollowerState
2024-03-29 09:28:07,771 [21cc794e-90c3-4d38-9905-a833a32dcd6c@group-54E1E8CC5B49-FollowerState] INFO  impl.FollowerState (FollowerState.java:run(152)) - 21cc794e-90c3-4d38-9905-a833a32dcd6c@group-54E1E8CC5B49-FollowerState was interrupted
2024-03-29 09:28:07,772 [grpc-default-executor-3] INFO  impl.RoleInfo (RoleInfo.java:updateAndGet(139)) - ac45a72a-98f1-49f1-9186-9900cebd9eb6: start ac45a72a-98f1-49f1-9186-9900cebd9eb6@group-54E1E8CC5B49-FollowerState
2024-03-29 09:28:07,772 [grpc-default-executor-3] INFO  server.RaftServer$Division (RaftServerImpl.java:setFirstElection(574)) - ac45a72a-98f1-49f1-9186-9900cebd9eb6@group-54E1E8CC5B49: set firstElectionSinceStartup to false for candidate:9f689a4b-3525-432c-897a-89bebd88635c
2024-03-29 09:28:07,773 [grpc-default-executor-4] INFO  server.RaftServer$Division (RaftServerImpl.java:requestVote(1422)) - 21cc794e-90c3-4d38-9905-a833a32dcd6c@group-54E1E8CC5B49 replies to ELECTION vote request: 9f689a4b-3525-432c-897a-89bebd88635c<-21cc794e-90c3-4d38-9905-a833a32dcd6c#0:OK-t1. Peer's state: 21cc794e-90c3-4d38-9905-a833a32dcd6c@group-54E1E8CC5B49:t1, leader=null, voted=9f689a4b-3525-432c-897a-89bebd88635c, raftlog=Memoized:21cc794e-90c3-4d38-9905-a833a32dcd6c@group-54E1E8CC5B49-SegmentedRaftLog:OPENED:c-1, conf=-1: peers:[ac45a72a-98f1-49f1-9186-9900cebd9eb6|10.1.0.26:15022, 21cc794e-90c3-4d38-9905-a833a32dcd6c|10.1.0.26:15040, 9f689a4b-3525-432c-897a-89bebd88635c|10.1.0.26:15031]|listeners:[], old=null
2024-03-29 09:28:07,774 [9f689a4b-3525-432c-897a-89bebd88635c@group-54E1E8CC5B49-LeaderElection7] INFO  impl.LeaderElection (LeaderElection.java:logAndReturn(89)) - 9f689a4b-3525-432c-897a-89bebd88635c@group-54E1E8CC5B49-LeaderElection7: ELECTION PASSED received 1 response(s) and 0 exception(s):
2024-03-29 09:28:07,774 [9f689a4b-3525-432c-897a-89bebd88635c@group-54E1E8CC5B49-LeaderElection7] INFO  impl.LeaderElection (LeaderElection.java:logAndReturn(93)) -   Response 0: 9f689a4b-3525-432c-897a-89bebd88635c<-21cc794e-90c3-4d38-9905-a833a32dcd6c#0:OK-t1
2024-03-29 09:28:07,774 [9f689a4b-3525-432c-897a-89bebd88635c@group-54E1E8CC5B49-LeaderElection7] INFO  impl.LeaderElection (LeaderElection.java:askForVotes(323)) - 9f689a4b-3525-432c-897a-89bebd88635c@group-54E1E8CC5B49-LeaderElection7 ELECTION round 0: result PASSED
2024-03-29 09:28:07,774 [grpc-default-executor-3] INFO  server.RaftServer$Division (RaftServerImpl.java:requestVote(1422)) - ac45a72a-98f1-49f1-9186-9900cebd9eb6@group-54E1E8CC5B49 replies to ELECTION vote request: 9f689a4b-3525-432c-897a-89bebd88635c<-ac45a72a-98f1-49f1-9186-9900cebd9eb6#0:OK-t1. Peer's state: ac45a72a-98f1-49f1-9186-9900cebd9eb6@group-54E1E8CC5B49:t1, leader=null, voted=9f689a4b-3525-432c-897a-89bebd88635c, raftlog=Memoized:ac45a72a-98f1-49f1-9186-9900cebd9eb6@group-54E1E8CC5B49-SegmentedRaftLog:OPENED:c-1, conf=-1: peers:[ac45a72a-98f1-49f1-9186-9900cebd9eb6|10.1.0.26:15022, 21cc794e-90c3-4d38-9905-a833a32dcd6c|10.1.0.26:15040, 9f689a4b-3525-432c-897a-89bebd88635c|10.1.0.26:15031]|listeners:[], old=null
2024-03-29 09:28:07,774 [9f689a4b-3525-432c-897a-89bebd88635c@group-54E1E8CC5B49-LeaderElection7] INFO  impl.RoleInfo (RoleInfo.java:shutdownLeaderElection(130)) - 9f689a4b-3525-432c-897a-89bebd88635c: shutdown 9f689a4b-3525-432c-897a-89bebd88635c@group-54E1E8CC5B49-LeaderElection7
2024-03-29 09:28:07,776 [9f689a4b-3525-432c-897a-89bebd88635c@group-54E1E8CC5B49-LeaderElection7] INFO  server.RaftServer$Division (RaftServerImpl.java:setRole(383)) - 9f689a4b-3525-432c-897a-89bebd88635c@group-54E1E8CC5B49: changes role from CANDIDATE to LEADER at term 1 for changeToLeader
2024-03-29 09:28:07,777 [9f689a4b-3525-432c-897a-89bebd88635c@group-54E1E8CC5B49-LeaderElection7] INFO  server.RaftServerConfigKeys (ConfUtils.java:logGet(46)) - raft.server.staging.catchup.gap = 1000 (default)
2024-03-29 09:28:07,777 [9f689a4b-3525-432c-897a-89bebd88635c@group-54E1E8CC5B49-LeaderElection7] INFO  server.RaftServerConfigKeys (ConfUtils.java:logGet(46)) - raft.server.write.element-limit = 1024 (custom)
2024-03-29 09:28:07,777 [9f689a4b-3525-432c-897a-89bebd88635c@group-54E1E8CC5B49-LeaderElection7] INFO  server.RaftServerConfigKeys (ConfUtils.java:logGet(46)) - raft.server.write.byte-limit = 1024 M (=1073741824) (custom)
2024-03-29 09:28:07,777 [9f689a4b-3525-432c-897a-89bebd88635c@group-54E1E8CC5B49-LeaderElection7] INFO  server.RaftServerConfigKeys (ConfUtils.java:logGet(46)) - raft.server.watch.timeout = 180s (custom)
2024-03-29 09:28:07,777 [9f689a4b-3525-432c-897a-89bebd88635c@group-54E1E8CC5B49-LeaderElection7] INFO  server.RaftServerConfigKeys (ConfUtils.java:logGet(46)) - raft.server.watch.timeout.denomination = 1s (default)
2024-03-29 09:28:07,777 [9f689a4b-3525-432c-897a-89bebd88635c@group-54E1E8CC5B49-LeaderElection7] INFO  server.RaftServerConfigKeys (ConfUtils.java:logGet(46)) - raft.server.watch.element-limit = 65536 (default)
2024-03-29 09:28:07,777 [9f689a4b-3525-432c-897a-89bebd88635c@group-54E1E8CC5B49-LeaderElection7] INFO  server.RaftServerConfigKeys (ConfUtils.java:logGet(46)) - raft.server.read.leader.lease.enabled = false (default)
2024-03-29 09:28:07,778 [9f689a4b-3525-432c-897a-89bebd88635c@group-54E1E8CC5B49-LeaderElection7] INFO  server.RaftServerConfigKeys (ConfUtils.java:logGet(46)) - raft.server.read.leader.lease.timeout.ratio = 0.9 (default)
2024-03-29 09:28:07,778 [9f689a4b-3525-432c-897a-89bebd88635c@group-54E1E8CC5B49-LeaderElection7] INFO  server.RaftServerConfigKeys (ConfUtils.java:logGet(46)) - raft.server.rpc.timeout.min = 5s (custom)
2024-03-29 09:28:07,778 [9f689a4b-3525-432c-897a-89bebd88635c@group-54E1E8CC5B49-LeaderElection7] INFO  server.RaftServerConfigKeys (ConfUtils.java:logGet(46)) - raft.server.write.element-limit = 1024 (custom)
2024-03-29 09:28:07,778 [9f689a4b-3525-432c-897a-89bebd88635c@group-54E1E8CC5B49-LeaderElection7] INFO  server.RaftServerConfigKeys (ConfUtils.java:logGet(46)) - raft.server.write.follower.gap.ratio.max = -1.0 (default)
2024-03-29 09:28:07,778 [9f689a4b-3525-432c-897a-89bebd88635c@group-54E1E8CC5B49-LeaderElection7] INFO  server.RaftServerConfigKeys (ConfUtils.java:logGet(46)) - raft.server.log.appender.snapshot.chunk.size.max = 16MB (=16777216) (default)
2024-03-29 09:28:07,778 [9f689a4b-3525-432c-897a-89bebd88635c@group-54E1E8CC5B49-LeaderElection7] INFO  server.RaftServerConfigKeys (ConfUtils.java:logGet(46)) - raft.server.log.appender.buffer.byte-limit = 8388608 (custom)
2024-03-29 09:28:07,779 [9f689a4b-3525-432c-897a-89bebd88635c@group-54E1E8CC5B49-LeaderElection7] INFO  server.RaftServerConfigKeys (ConfUtils.java:logGet(46)) - raft.server.log.appender.buffer.element-limit = 1 (custom)
2024-03-29 09:28:07,779 [9f689a4b-3525-432c-897a-89bebd88635c@group-54E1E8CC5B49-LeaderElection7] INFO  server.RaftServerConfigKeys (ConfUtils.java:logGet(46)) - raft.server.log.appender.wait-time.min = 0μs (custom)
2024-03-29 09:28:07,779 [9f689a4b-3525-432c-897a-89bebd88635c@group-54E1E8CC5B49-LeaderElection7] INFO  grpc.GrpcConfigKeys (ConfUtils.java:logGet(46)) - raft.grpc.server.leader.outstanding.appends.max = 8 (default)
2024-03-29 09:28:07,779 [9f689a4b-3525-432c-897a-89bebd88635c@group-54E1E8CC5B49-LeaderElection7] INFO  server.RaftServerConfigKeys (ConfUtils.java:logGet(46)) - raft.server.rpc.request.timeout = 60s (custom)
2024-03-29 09:28:07,779 [9f689a4b-3525-432c-897a-89bebd88635c@group-54E1E8CC5B49-LeaderElection7] INFO  grpc.GrpcConfigKeys (ConfUtils.java:logGet(46)) - raft.grpc.server.install_snapshot.request.element-limit = 8 (default)
2024-03-29 09:28:07,779 [9f689a4b-3525-432c-897a-89bebd88635c@group-54E1E8CC5B49-LeaderElection7] INFO  grpc.GrpcConfigKeys (ConfUtils.java:logGet(46)) - raft.grpc.server.install_snapshot.request.timeout = 3000ms (default)
2024-03-29 09:28:07,779 [9f689a4b-3525-432c-897a-89bebd88635c@group-54E1E8CC5B49-LeaderElection7] INFO  grpc.GrpcConfigKeys (ConfUtils.java:logGet(46)) - raft.grpc.server.log-message.batch.duration = 5s (default)
2024-03-29 09:28:07,779 [9f689a4b-3525-432c-897a-89bebd88635c@group-54E1E8CC5B49-LeaderElection7] INFO  server.RaftServerConfigKeys (ConfUtils.java:logGet(46)) - raft.server.log.appender.install.snapshot.enabled = false (custom)
2024-03-29 09:28:07,779 [9f689a4b-3525-432c-897a-89bebd88635c@group-54E1E8CC5B49-LeaderElection7] INFO  grpc.GrpcConfigKeys (ConfUtils.java:logGet(46)) - raft.grpc.server.heartbeat.channel = true (default)
2024-03-29 09:28:07,780 [9f689a4b-3525-432c-897a-89bebd88635c@group-54E1E8CC5B49-LeaderElection7] INFO  server.RaftServerConfigKeys (ConfUtils.java:logGet(46)) - raft.server.log.appender.snapshot.chunk.size.max = 16MB (=16777216) (default)
2024-03-29 09:28:07,780 [9f689a4b-3525-432c-897a-89bebd88635c@group-54E1E8CC5B49-LeaderElection7] INFO  server.RaftServerConfigKeys (ConfUtils.java:logGet(46)) - raft.server.log.appender.buffer.byte-limit = 8388608 (custom)
2024-03-29 09:28:07,780 [9f689a4b-3525-432c-897a-89bebd88635c@group-54E1E8CC5B49-LeaderElection7] INFO  server.RaftServerConfigKeys (ConfUtils.java:logGet(46)) - raft.server.log.appender.buffer.element-limit = 1 (custom)
2024-03-29 09:28:07,781 [9f689a4b-3525-432c-897a-89bebd88635c@group-54E1E8CC5B49-LeaderElection7] INFO  server.RaftServerConfigKeys (ConfUtils.java:logGet(46)) - raft.server.log.appender.wait-time.min = 0μs (custom)
2024-03-29 09:28:07,781 [9f689a4b-3525-432c-897a-89bebd88635c@group-54E1E8CC5B49-LeaderElection7] INFO  grpc.GrpcConfigKeys (ConfUtils.java:logGet(46)) - raft.grpc.server.leader.outstanding.appends.max = 8 (default)
2024-03-29 09:28:07,781 [9f689a4b-3525-432c-897a-89bebd88635c@group-54E1E8CC5B49-LeaderElection7] INFO  server.RaftServerConfigKeys (ConfUtils.java:logGet(46)) - raft.server.rpc.request.timeout = 60s (custom)
2024-03-29 09:28:07,781 [9f689a4b-3525-432c-897a-89bebd88635c@group-54E1E8CC5B49-LeaderElection7] INFO  grpc.GrpcConfigKeys (ConfUtils.java:logGet(46)) - raft.grpc.server.install_snapshot.request.element-limit = 8 (default)
2024-03-29 09:28:07,781 [9f689a4b-3525-432c-897a-89bebd88635c@group-54E1E8CC5B49-LeaderElection7] INFO  grpc.GrpcConfigKeys (ConfUtils.java:logGet(46)) - raft.grpc.server.install_snapshot.request.timeout = 3000ms (default)
2024-03-29 09:28:07,781 [9f689a4b-3525-432c-897a-89bebd88635c@group-54E1E8CC5B49-LeaderElection7] INFO  grpc.GrpcConfigKeys (ConfUtils.java:logGet(46)) - raft.grpc.server.log-message.batch.duration = 5s (default)
2024-03-29 09:28:07,781 [9f689a4b-3525-432c-897a-89bebd88635c@group-54E1E8CC5B49-LeaderElection7] INFO  server.RaftServerConfigKeys (ConfUtils.java:logGet(46)) - raft.server.log.appender.install.snapshot.enabled = false (custom)
2024-03-29 09:28:07,781 [9f689a4b-3525-432c-897a-89bebd88635c@group-54E1E8CC5B49-LeaderElection7] INFO  grpc.GrpcConfigKeys (ConfUtils.java:logGet(46)) - raft.grpc.server.heartbeat.channel = true (default)
2024-03-29 09:28:07,781 [9f689a4b-3525-432c-897a-89bebd88635c@group-54E1E8CC5B49-LeaderElection7] INFO  impl.RoleInfo (RoleInfo.java:updateAndGet(139)) - 9f689a4b-3525-432c-897a-89bebd88635c: start 9f689a4b-3525-432c-897a-89bebd88635c@group-54E1E8CC5B49-LeaderStateImpl
2024-03-29 09:28:07,781 [9f689a4b-3525-432c-897a-89bebd88635c@group-54E1E8CC5B49-LeaderElection7] INFO  server.RaftServer$Division (RaftServerImpl.java:setFirstElection(574)) - 9f689a4b-3525-432c-897a-89bebd88635c@group-54E1E8CC5B49: set firstElectionSinceStartup to false for becomeLeader
2024-03-29 09:28:07,781 [9f689a4b-3525-432c-897a-89bebd88635c@group-54E1E8CC5B49-LeaderElection7] INFO  ratis.XceiverServerRatis (XceiverServerRatis.java:handleLeaderChangedNotification(966)) - Leader change notification received for group: group-54E1E8CC5B49 with new leaderId: 9f689a4b-3525-432c-897a-89bebd88635c
2024-03-29 09:28:07,782 [9f689a4b-3525-432c-897a-89bebd88635c@group-54E1E8CC5B49-LeaderElection7] INFO  server.RaftServer$Division (ServerState.java:setLeader(269)) - 9f689a4b-3525-432c-897a-89bebd88635c@group-54E1E8CC5B49: change Leader from null to 9f689a4b-3525-432c-897a-89bebd88635c at term 1 for becomeLeader, leader elected after 5261ms
2024-03-29 09:28:07,782 [9f689a4b-3525-432c-897a-89bebd88635c@group-54E1E8CC5B49-LeaderElection7] INFO  segmented.SegmentedRaftLogWorker (SegmentedRaftLogWorker.java:startLogSegment(430)) - 9f689a4b-3525-432c-897a-89bebd88635c@group-54E1E8CC5B49-SegmentedRaftLogWorker: Starting segment from index:0
2024-03-29 09:28:07,782 [9f689a4b-3525-432c-897a-89bebd88635c@group-54E1E8CC5B49-SegmentedRaftLogWorker] INFO  segmented.BufferedWriteChannel (BufferedWriteChannel.java:open(62)) - open log_inprogress_0 at position 0
2024-03-29 09:28:07,785 [9f689a4b-3525-432c-897a-89bebd88635c@group-54E1E8CC5B49-LeaderElection7] INFO  server.RaftServer$Division (ServerState.java:setRaftConf(386)) - 9f689a4b-3525-432c-897a-89bebd88635c@group-54E1E8CC5B49: set configuration 0: peers:[ac45a72a-98f1-49f1-9186-9900cebd9eb6|10.1.0.26:15022, 21cc794e-90c3-4d38-9905-a833a32dcd6c|10.1.0.26:15040, 9f689a4b-3525-432c-897a-89bebd88635c|10.1.0.26:15031]|listeners:[], old=null
2024-03-29 09:28:07,786 [EventQueue-PipelineReportForPipelineReportHandler] INFO  pipeline.PipelineReportHandler (PipelineReportHandler.java:processPipelineReport(136)) - Opened pipeline PipelineID=b53a8654-7c03-4f96-974e-54e1e8cc5b49
2024-03-29 09:28:07,793 [9f689a4b-3525-432c-897a-89bebd88635c@group-54E1E8CC5B49-SegmentedRaftLogWorker] INFO  segmented.SegmentedRaftLogWorker (SegmentedRaftLogWorker.java:execute(634)) - 9f689a4b-3525-432c-897a-89bebd88635c@group-54E1E8CC5B49-SegmentedRaftLogWorker: created new log segment /home/runner/work/ozone/ozone/hadoop-ozone/integration-test/target/test-dir/MiniOzoneClusterImpl-2686784a-6a4a-436e-9d81-be1eb39caf3e/ozone-meta/datanode-2/ratis/b53a8654-7c03-4f96-974e-54e1e8cc5b49/current/log_inprogress_0
2024-03-29 09:28:07,795 [ac45a72a-98f1-49f1-9186-9900cebd9eb6-server-thread1] INFO  ratis.XceiverServerRatis (XceiverServerRatis.java:handleLeaderChangedNotification(966)) - Leader change notification received for group: group-54E1E8CC5B49 with new leaderId: 9f689a4b-3525-432c-897a-89bebd88635c
2024-03-29 09:28:07,795 [ac45a72a-98f1-49f1-9186-9900cebd9eb6-server-thread1] INFO  server.RaftServer$Division (ServerState.java:setLeader(269)) - ac45a72a-98f1-49f1-9186-9900cebd9eb6@group-54E1E8CC5B49: change Leader from null to 9f689a4b-3525-432c-897a-89bebd88635c at term 1 for appendEntries, leader elected after 5313ms
2024-03-29 09:28:07,796 [ac45a72a-98f1-49f1-9186-9900cebd9eb6-server-thread2] INFO  server.RaftServer$Division (ServerState.java:setRaftConf(386)) - ac45a72a-98f1-49f1-9186-9900cebd9eb6@group-54E1E8CC5B49: set configuration 0: peers:[ac45a72a-98f1-49f1-9186-9900cebd9eb6|10.1.0.26:15022, 21cc794e-90c3-4d38-9905-a833a32dcd6c|10.1.0.26:15040, 9f689a4b-3525-432c-897a-89bebd88635c|10.1.0.26:15031]|listeners:[], old=null
2024-03-29 09:28:07,800 [ac45a72a-98f1-49f1-9186-9900cebd9eb6-server-thread2] INFO  segmented.SegmentedRaftLogWorker (SegmentedRaftLogWorker.java:startLogSegment(430)) - ac45a72a-98f1-49f1-9186-9900cebd9eb6@group-54E1E8CC5B49-SegmentedRaftLogWorker: Starting segment from index:0
2024-03-29 09:28:07,800 [21cc794e-90c3-4d38-9905-a833a32dcd6c-server-thread1] INFO  ratis.XceiverServerRatis (XceiverServerRatis.java:handleLeaderChangedNotification(966)) - Leader change notification received for group: group-54E1E8CC5B49 with new leaderId: 9f689a4b-3525-432c-897a-89bebd88635c
2024-03-29 09:28:07,800 [ac45a72a-98f1-49f1-9186-9900cebd9eb6@group-54E1E8CC5B49-SegmentedRaftLogWorker] INFO  segmented.BufferedWriteChannel (BufferedWriteChannel.java:open(62)) - open log_inprogress_0 at position 0
2024-03-29 09:28:07,800 [21cc794e-90c3-4d38-9905-a833a32dcd6c-server-thread1] INFO  server.RaftServer$Division (ServerState.java:setLeader(269)) - 21cc794e-90c3-4d38-9905-a833a32dcd6c@group-54E1E8CC5B49: change Leader from null to 9f689a4b-3525-432c-897a-89bebd88635c at term 1 for appendEntries, leader elected after 5326ms
2024-03-29 09:28:07,804 [21cc794e-90c3-4d38-9905-a833a32dcd6c-server-thread2] INFO  server.RaftServer$Division (ServerState.java:setRaftConf(386)) - 21cc794e-90c3-4d38-9905-a833a32dcd6c@group-54E1E8CC5B49: set configuration 0: peers:[ac45a72a-98f1-49f1-9186-9900cebd9eb6|10.1.0.26:15022, 21cc794e-90c3-4d38-9905-a833a32dcd6c|10.1.0.26:15040, 9f689a4b-3525-432c-897a-89bebd88635c|10.1.0.26:15031]|listeners:[], old=null
2024-03-29 09:28:07,806 [21cc794e-90c3-4d38-9905-a833a32dcd6c-server-thread2] INFO  segmented.SegmentedRaftLogWorker (SegmentedRaftLogWorker.java:startLogSegment(430)) - 21cc794e-90c3-4d38-9905-a833a32dcd6c@group-54E1E8CC5B49-SegmentedRaftLogWorker: Starting segment from index:0
2024-03-29 09:28:07,806 [ac45a72a-98f1-49f1-9186-9900cebd9eb6@group-54E1E8CC5B49-SegmentedRaftLogWorker] INFO  segmented.SegmentedRaftLogWorker (SegmentedRaftLogWorker.java:execute(634)) - ac45a72a-98f1-49f1-9186-9900cebd9eb6@group-54E1E8CC5B49-SegmentedRaftLogWorker: created new log segment /home/runner/work/ozone/ozone/hadoop-ozone/integration-test/target/test-dir/MiniOzoneClusterImpl-2686784a-6a4a-436e-9d81-be1eb39caf3e/ozone-meta/datanode-1/ratis/b53a8654-7c03-4f96-974e-54e1e8cc5b49/current/log_inprogress_0
2024-03-29 09:28:07,808 [21cc794e-90c3-4d38-9905-a833a32dcd6c@group-54E1E8CC5B49-SegmentedRaftLogWorker] INFO  segmented.BufferedWriteChannel (BufferedWriteChannel.java:open(62)) - open log_inprogress_0 at position 0
2024-03-29 09:28:07,812 [9f689a4b-3525-432c-897a-89bebd88635c@group-54E1E8CC5B49-StateMachineUpdater] INFO  server.RaftServer$Division (LeaderStateImpl.java:isApplied(320)) - leader is ready since appliedIndex == 0 >= startIndex == 0
2024-03-29 09:28:07,814 [21cc794e-90c3-4d38-9905-a833a32dcd6c@group-54E1E8CC5B49-SegmentedRaftLogWorker] INFO  segmented.SegmentedRaftLogWorker (SegmentedRaftLogWorker.java:execute(634)) - 21cc794e-90c3-4d38-9905-a833a32dcd6c@group-54E1E8CC5B49-SegmentedRaftLogWorker: created new log segment /home/runner/work/ozone/ozone/hadoop-ozone/integration-test/target/test-dir/MiniOzoneClusterImpl-2686784a-6a4a-436e-9d81-be1eb39caf3e/ozone-meta/datanode-3/ratis/b53a8654-7c03-4f96-974e-54e1e8cc5b49/current/log_inprogress_0
2024-03-29 09:28:08,416 [main] INFO  ozone.MiniOzoneClusterImpl (MiniOzoneClusterImpl.java:lambda$waitForClusterToBeReady$0(194)) - Nodes are ready. Got 3 of 3 DN Heartbeats.
2024-03-29 09:28:08,417 [main] INFO  ozone.MiniOzoneClusterImpl (MiniOzoneClusterImpl.java:lambda$waitForClusterToBeReady$0(197)) - Cluster exits safe mode
2024-03-29 09:28:08,417 [main] INFO  ozone.MiniOzoneClusterImpl (MiniOzoneClusterImpl.java:lambda$waitForClusterToBeReady$0(199)) - SCM became leader
2024-03-29 09:28:08,434 [main] INFO  protocolPB.OmTransportFactory (OmTransportFactory.java:createFactory(62)) - Loading OM transport implementation org.apache.hadoop.ozone.om.protocolPB.Hadoop3OmTransportFactory as specified by configuration.
2024-03-29 09:28:08,789 [main] INFO  rpc.RpcClient (RpcClient.java:createVolume(464)) - Creating Volume: volume92889, with user54228 as owner and space quota set to -1 bytes, counts quota set to -1
2024-03-29 09:28:08,849 [omNode-1-OMStateMachineApplyTransactionThread - 0] INFO  volume.OMVolumeCreateRequest (OMVolumeCreateRequest.java:validateAndUpdateCache(198)) - created volume:volume92889 for user:user54228
2024-03-29 09:28:08,849 [omNode-2-OMStateMachineApplyTransactionThread - 0] INFO  volume.OMVolumeCreateRequest (OMVolumeCreateRequest.java:validateAndUpdateCache(198)) - created volume:volume92889 for user:user54228
2024-03-29 09:28:08,849 [omNode-3-OMStateMachineApplyTransactionThread - 0] INFO  volume.OMVolumeCreateRequest (OMVolumeCreateRequest.java:validateAndUpdateCache(198)) - created volume:volume92889 for user:user54228
2024-03-29 09:28:08,859 [omNode-2-OMDoubleBufferFlushThread] INFO  helpers.OmKeyInfo (OmKeyInfo.java:getCodec(71)) - OmKeyInfo.getCodec ignorePipeline = true
2024-03-29 09:28:08,860 [omNode-2-OMDoubleBufferFlushThread] INFO  helpers.OmKeyInfo (OmKeyInfo.java:getCodec(71)) - OmKeyInfo.getCodec ignorePipeline = true
2024-03-29 09:28:08,860 [omNode-2-OMDoubleBufferFlushThread] INFO  helpers.OmKeyInfo (OmKeyInfo.java:getCodec(71)) - OmKeyInfo.getCodec ignorePipeline = true
2024-03-29 09:28:08,860 [omNode-2-OMDoubleBufferFlushThread] INFO  helpers.OmKeyInfo (OmKeyInfo.java:getCodec(71)) - OmKeyInfo.getCodec ignorePipeline = true
2024-03-29 09:28:08,860 [omNode-2-OMDoubleBufferFlushThread] INFO  helpers.OmKeyInfo (OmKeyInfo.java:getCodec(71)) - OmKeyInfo.getCodec ignorePipeline = true
2024-03-29 09:28:08,869 [main] INFO  rpc.RpcClient (RpcClient.java:createBucket(690)) - Creating Bucket: volume92889/bucket97524, with server-side default bucket layout, runner as owner, Versioning false, Storage Type set to DISK and Encryption set to false, Replication Type set to server-side default replication type, Namespace Quota set to -1, Space Quota set to -1 
2024-03-29 09:28:08,882 [omNode-3-OMStateMachineApplyTransactionThread - 0] INFO  bucket.OMBucketCreateRequest (OMBucketCreateRequest.java:validateAndUpdateCache(293)) - created bucket: bucket97524 of layout OBJECT_STORE in volume: volume92889
2024-03-29 09:28:08,882 [omNode-1-OMStateMachineApplyTransactionThread - 0] INFO  bucket.OMBucketCreateRequest (OMBucketCreateRequest.java:validateAndUpdateCache(293)) - created bucket: bucket97524 of layout OBJECT_STORE in volume: volume92889
2024-03-29 09:28:08,885 [omNode-2-OMStateMachineApplyTransactionThread - 0] INFO  bucket.OMBucketCreateRequest (OMBucketCreateRequest.java:validateAndUpdateCache(293)) - created bucket: bucket97524 of layout OBJECT_STORE in volume: volume92889
2024-03-29 09:28:08,921 [IPC Server handler 5 on default port 15001] INFO  ha.SequenceIdGenerator (SequenceIdGenerator.java:getNextId(145)) - Allocate a batch for containerId, change lastId from 0 to 1000.
2024-03-29 09:28:08,927 [IPC Server handler 5 on default port 15001] WARN  ha.SequenceIdGenerator (SequenceIdGenerator.java:allocateBatch(258)) - Failed to allocate a batch for localId, expected lastId is 0, actual lastId is 113750153625600000.
2024-03-29 09:28:08,927 [IPC Server handler 5 on default port 15001] INFO  ha.SequenceIdGenerator (SequenceIdGenerator.java:getNextId(145)) - Allocate a batch for localId, change lastId from 113750153625600000 to 113750153625601000.
2024-03-29 09:28:08,991 [main] INFO  impl.MetricsSystemImpl (MetricsSystemImpl.java:init(158)) - XceiverClientMetrics metrics system started (again)
2024-03-29 09:28:09,007 [main] INFO  lib.Interns (Interns.java:removeEldestEntry(50)) - Metrics intern cache overflow at 2011 for MetricsSystem={MetricsSystem=MetricsInfoImpl{name=MetricsSystem, description=MetricsSystem}, MetricsSystem record=MetricsInfoImpl{name=MetricsSystem, description=MetricsSystem record}}
2024-03-29 09:28:09,666 [omNode-2@group-523986131536-StateMachineUpdater] INFO  ratis.OzoneManagerStateMachine (OzoneManagerStateMachine.java:takeSnapshotImpl(481)) -  applied = (t:1, i:50)
2024-03-29 09:28:09,666 [omNode-2@group-523986131536-StateMachineUpdater] INFO  ratis.OzoneManagerStateMachine (OzoneManagerStateMachine.java:takeSnapshotImpl(482)) -  skipped = 49
2024-03-29 09:28:09,666 [omNode-2@group-523986131536-StateMachineUpdater] INFO  ratis.OzoneManagerStateMachine (OzoneManagerStateMachine.java:takeSnapshotImpl(483)) - notified = (t:1, i:50)
2024-03-29 09:28:09,666 [omNode-2@group-523986131536-StateMachineUpdater] INFO  ratis.OzoneManagerStateMachine (OzoneManagerStateMachine.java:takeSnapshotImpl(484)) - snapshot = (t:1, i:50)
2024-03-29 09:28:09,672 [omNode-1@group-523986131536-StateMachineUpdater] INFO  ratis.OzoneManagerStateMachine (OzoneManagerStateMachine.java:takeSnapshotImpl(481)) -  applied = (t:1, i:51)
2024-03-29 09:28:09,672 [omNode-1@group-523986131536-StateMachineUpdater] INFO  ratis.OzoneManagerStateMachine (OzoneManagerStateMachine.java:takeSnapshotImpl(482)) -  skipped = 51
2024-03-29 09:28:09,672 [omNode-1@group-523986131536-StateMachineUpdater] INFO  ratis.OzoneManagerStateMachine (OzoneManagerStateMachine.java:takeSnapshotImpl(483)) - notified = (t:1, i:52)
2024-03-29 09:28:09,672 [omNode-1@group-523986131536-StateMachineUpdater] INFO  ratis.OzoneManagerStateMachine (OzoneManagerStateMachine.java:takeSnapshotImpl(484)) - snapshot = (t:1, i:52)
2024-03-29 09:28:09,675 [omNode-3@group-523986131536-StateMachineUpdater] INFO  ratis.OzoneManagerStateMachine (OzoneManagerStateMachine.java:takeSnapshotImpl(481)) -  applied = (t:1, i:51)
2024-03-29 09:28:09,675 [omNode-3@group-523986131536-StateMachineUpdater] INFO  ratis.OzoneManagerStateMachine (OzoneManagerStateMachine.java:takeSnapshotImpl(482)) -  skipped = 49
2024-03-29 09:28:09,675 [omNode-3@group-523986131536-StateMachineUpdater] INFO  ratis.OzoneManagerStateMachine (OzoneManagerStateMachine.java:takeSnapshotImpl(483)) - notified = (t:1, i:50)
2024-03-29 09:28:09,675 [omNode-3@group-523986131536-StateMachineUpdater] INFO  ratis.OzoneManagerStateMachine (OzoneManagerStateMachine.java:takeSnapshotImpl(484)) - snapshot = (t:1, i:51)
2024-03-29 09:28:09,694 [omNode-2@group-523986131536-StateMachineUpdater] INFO  impl.StateMachineUpdater (StateMachineUpdater.java:takeSnapshot(295)) - omNode-2@group-523986131536-StateMachineUpdater: Took a snapshot at index 50
2024-03-29 09:28:09,694 [omNode-2@group-523986131536-StateMachineUpdater] INFO  impl.StateMachineUpdater (StateMachineUpdater.java:lambda$new$0(98)) - omNode-2@group-523986131536-StateMachineUpdater: snapshotIndex: updateIncreasingly -1 -> 50
2024-03-29 09:28:09,694 [omNode-2@group-523986131536-StateMachineUpdater] INFO  raftlog.RaftLog (RaftLogBase.java:purge(330)) - omNode-2@group-523986131536-SegmentedRaftLog: purge 50
2024-03-29 09:28:09,694 [omNode-2@group-523986131536-StateMachineUpdater] INFO  raftlog.RaftLog (RaftLogBase.java:lambda$new$0(54)) - omNode-2@group-523986131536-SegmentedRaftLog: snapshotIndex: updateIncreasingly -1 -> 50
2024-03-29 09:28:09,695 [omNode-2@group-523986131536-StateMachineUpdater] INFO  raftlog.RaftLog (RaftLogBase.java:lambda$new$0(54)) - omNode-2@group-523986131536-SegmentedRaftLog: purgeIndex: updateToMax old=-1, new=50, updated? true
2024-03-29 09:28:09,696 [omNode-1@group-523986131536-StateMachineUpdater] INFO  impl.StateMachineUpdater (StateMachineUpdater.java:takeSnapshot(295)) - omNode-1@group-523986131536-StateMachineUpdater: Took a snapshot at index 52
2024-03-29 09:28:09,697 [omNode-1@group-523986131536-StateMachineUpdater] INFO  impl.StateMachineUpdater (StateMachineUpdater.java:lambda$new$0(98)) - omNode-1@group-523986131536-StateMachineUpdater: snapshotIndex: updateIncreasingly -1 -> 52
2024-03-29 09:28:09,697 [omNode-1@group-523986131536-StateMachineUpdater] INFO  raftlog.RaftLog (RaftLogBase.java:purge(330)) - omNode-1@group-523986131536-SegmentedRaftLog: purge 52
2024-03-29 09:28:09,698 [omNode-1@group-523986131536-StateMachineUpdater] INFO  raftlog.RaftLog (RaftLogBase.java:lambda$new$0(54)) - omNode-1@group-523986131536-SegmentedRaftLog: snapshotIndex: updateIncreasingly -1 -> 52
2024-03-29 09:28:09,698 [omNode-1@group-523986131536-StateMachineUpdater] INFO  raftlog.RaftLog (RaftLogBase.java:lambda$new$0(54)) - omNode-1@group-523986131536-SegmentedRaftLog: purgeIndex: updateToMax old=-1, new=52, updated? true
2024-03-29 09:28:09,700 [omNode-3@group-523986131536-StateMachineUpdater] INFO  impl.StateMachineUpdater (StateMachineUpdater.java:takeSnapshot(295)) - omNode-3@group-523986131536-StateMachineUpdater: Took a snapshot at index 51
2024-03-29 09:28:09,700 [omNode-3@group-523986131536-StateMachineUpdater] INFO  impl.StateMachineUpdater (StateMachineUpdater.java:lambda$new$0(98)) - omNode-3@group-523986131536-StateMachineUpdater: snapshotIndex: updateIncreasingly -1 -> 51
2024-03-29 09:28:09,700 [omNode-3@group-523986131536-StateMachineUpdater] INFO  raftlog.RaftLog (RaftLogBase.java:purge(330)) - omNode-3@group-523986131536-SegmentedRaftLog: purge 51
2024-03-29 09:28:09,700 [omNode-3@group-523986131536-StateMachineUpdater] INFO  raftlog.RaftLog (RaftLogBase.java:lambda$new$0(54)) - omNode-3@group-523986131536-SegmentedRaftLog: snapshotIndex: updateIncreasingly -1 -> 51
2024-03-29 09:28:09,701 [omNode-3@group-523986131536-StateMachineUpdater] INFO  raftlog.RaftLog (RaftLogBase.java:lambda$new$0(54)) - omNode-3@group-523986131536-SegmentedRaftLog: purgeIndex: updateToMax old=-1, new=51, updated? true
]]></system-out>
  </testcase>
  <testcase name="testFileOperationsWithRecursive" classname="org.apache.hadoop.ozone.om.TestOzoneManagerHAWithAllRunning" time="0.529"/>
  <testcase name="testOMRetryCache" classname="org.apache.hadoop.ozone.om.TestOzoneManagerHAWithAllRunning" time="35.017"/>
  <testcase name="testLinkBucketRemoveBucketAcl" classname="org.apache.hadoop.ozone.om.TestOzoneManagerHAWithAllRunning" time="0.175"/>
  <testcase name="testFailoverWithSuggestedLeader" classname="org.apache.hadoop.ozone.om.TestOzoneManagerHAWithAllRunning" time="0.089"/>
  <testcase name="testOMProxyProviderFailoverToCurrentLeader" classname="org.apache.hadoop.ozone.om.TestOzoneManagerHAWithAllRunning" time="2.056"/>
  <testcase name="testLinkBucketAddKeyAcl" classname="org.apache.hadoop.ozone.om.TestOzoneManagerHAWithAllRunning" time="0.136"/>
  <testcase name="testAddBucketAcl" classname="org.apache.hadoop.ozone.om.TestOzoneManagerHAWithAllRunning" time="0.036"/>
  <testcase name="testLinkBucketAddPrefixAcl" classname="org.apache.hadoop.ozone.om.TestOzoneManagerHAWithAllRunning" time="0.129"/>
  <testcase name="testLinkBucketRemoveKeyAcl" classname="org.apache.hadoop.ozone.om.TestOzoneManagerHAWithAllRunning" time="0.312"/>
  <testcase name="testAllBucketOperations" classname="org.apache.hadoop.ozone.om.TestOzoneManagerHAWithAllRunning" time="0.056"/>
  <testcase name="testLinkBucketSetBucketAcl" classname="org.apache.hadoop.ozone.om.TestOzoneManagerHAWithAllRunning" time="0.058"/>
  <testcase name="testLinkBucketSetKeyAcl" classname="org.apache.hadoop.ozone.om.TestOzoneManagerHAWithAllRunning" time="0.109"/>
  <testcase name="testKeysDelete" classname="org.apache.hadoop.ozone.om.TestOzoneManagerHAWithAllRunning" time="0.251"/>
  <testcase name="testLinkBucketRemovePrefixAcl" classname="org.apache.hadoop.ozone.om.TestOzoneManagerHAWithAllRunning" time="0.188"/>
  <testcase name="testRemoveBucketAcl" classname="org.apache.hadoop.ozone.om.TestOzoneManagerHAWithAllRunning" time="0.042"/>
  <testcase name="testJMXMetrics" classname="org.apache.hadoop.ozone.om.TestOzoneManagerHAWithAllRunning" time="0.004"/>
  <testcase name="testAddPrefixAcl" classname="org.apache.hadoop.ozone.om.TestOzoneManagerHAWithAllRunning" time="0.06"/>
  <testcase name="testReadRequest" classname="org.apache.hadoop.ozone.om.TestOzoneManagerHAWithAllRunning" time="0.009"/>
  <testcase name="testRemoveKeyAcl" classname="org.apache.hadoop.ozone.om.TestOzoneManagerHAWithAllRunning" time="0.066"/>
  <testcase name="testAllVolumeOperations" classname="org.apache.hadoop.ozone.om.TestOzoneManagerHAWithAllRunning" time="0.031"/>
  <testcase name="testSetBucketAcl" classname="org.apache.hadoop.ozone.om.TestOzoneManagerHAWithAllRunning" time="0.023"/>
  <testcase name="testLinkBucketSetPrefixAcl" classname="org.apache.hadoop.ozone.om.TestOzoneManagerHAWithAllRunning" time="0.084"/>
  <testcase name="testAddKeyAcl" classname="org.apache.hadoop.ozone.om.TestOzoneManagerHAWithAllRunning" time="0.066"/>
  <testcase name="testFileOperationsWithNonRecursive" classname="org.apache.hadoop.ozone.om.TestOzoneManagerHAWithAllRunning" time="0.236"/>
  <testcase name="testOMProxyProviderInitialization" classname="org.apache.hadoop.ozone.om.TestOzoneManagerHAWithAllRunning" time="0.001"/>
  <testcase name="testRemovePrefixAcl" classname="org.apache.hadoop.ozone.om.TestOzoneManagerHAWithAllRunning" time="0.039"/>
  <testcase name="testSetKeyAcl" classname="org.apache.hadoop.ozone.om.TestOzoneManagerHAWithAllRunning" time="0.05"/>
  <testcase name="testSetPrefixAcl" classname="org.apache.hadoop.ozone.om.TestOzoneManagerHAWithAllRunning" time="0.023"/>
  <testcase name="testLinkBucketAddBucketAcl" classname="org.apache.hadoop.ozone.om.TestOzoneManagerHAWithAllRunning" time="0.047"/>
</testsuite>