<?xml version="1.0" encoding="UTF-8"?>
<testsuite xmlns:xsi="http://www.w3.org/2001/XMLSchema-instance" xsi:noNamespaceSchemaLocation="https://maven.apache.org/surefire/maven-surefire-plugin/xsd/surefire-test-report.xsd" name="org.apache.hadoop.hdds.scm.node.TestSCMNodeManager" time="87.618" tests="22" errors="0" skipped="1" failures="1">
  <properties>
    <property name="awt.toolkit" value="sun.awt.X11.XToolkit"/>
    <property name="file.encoding.pkg" value="sun.io"/>
    <property name="java.specification.version" value="1.8"/>
    <property name="sun.cpu.isalist" value=""/>
    <property name="sun.jnu.encoding" value="ANSI_X3.4-1968"/>
    <property name="java.class.path" value="/github/workspace/hadoop-hdds/server-scm/target/test-classes:/github/workspace/hadoop-hdds/server-scm/target/classes:/github/workspace/hadoop-hdds/test-utils/target/classes:/home/user/.m2/repository/com/google/guava/guava/28.2-jre/guava-28.2-jre.jar:/home/user/.m2/repository/com/google/guava/failureaccess/1.0.1/failureaccess-1.0.1.jar:/home/user/.m2/repository/com/google/guava/listenablefuture/9999.0-empty-to-avoid-conflict-with-guava/listenablefuture-9999.0-empty-to-avoid-conflict-with-guava.jar:/home/user/.m2/repository/com/google/code/findbugs/jsr305/3.0.0/jsr305-3.0.0.jar:/home/user/.m2/repository/org/checkerframework/checker-qual/2.10.0/checker-qual-2.10.0.jar:/home/user/.m2/repository/com/google/errorprone/error_prone_annotations/2.2.0/error_prone_annotations-2.2.0.jar:/home/user/.m2/repository/com/google/j2objc/j2objc-annotations/1.3/j2objc-annotations-1.3.jar:/home/user/.m2/repository/commons-io/commons-io/2.5/commons-io-2.5.jar:/home/user/.m2/repository/commons-logging/commons-logging/1.2/commons-logging-1.2.jar:/home/user/.m2/repository/log4j/log4j/1.2.17/log4j-1.2.17.jar:/home/user/.m2/repository/org/apache/commons/commons-lang3/3.7/commons-lang3-3.7.jar:/home/user/.m2/repository/org/slf4j/slf4j-api/1.7.30/slf4j-api-1.7.30.jar:/github/workspace/hadoop-hdds/common/target/classes:/github/workspace/hadoop-hdds/hadoop-dependency-client/target/classes:/home/user/.m2/repository/info/picocli/picocli/4.4.0/picocli-4.4.0.jar:/home/user/.m2/repository/com/fasterxml/jackson/core/jackson-annotations/2.12.1/jackson-annotations-2.12.1.jar:/github/workspace/hadoop-hdds/config/target/classes:/home/user/.m2/repository/javax/annotation/javax.annotation-api/1.2/javax.annotation-api-1.2.jar:/home/user/.m2/repository/org/fusesource/leveldbjni/leveldbjni-all/1.8/leveldbjni-all-1.8.jar:/home/user/.m2/repository/org/apache/ratis/ratis-server/2.0.0/ratis-server-2.0.0.jar:/home/user/.m2/repository/org/apache/ratis/ratis-thirdparty-misc/0.6.0/ratis-thirdparty-misc-0.6.0.jar:/home/user/.m2/repository/org/apache/ratis/ratis-proto/2.0.0/ratis-proto-2.0.0.jar:/home/user/.m2/repository/org/apache/ratis/ratis-common/2.0.0/ratis-common-2.0.0.jar:/home/user/.m2/repository/org/apache/ratis/ratis-client/2.0.0/ratis-client-2.0.0.jar:/home/user/.m2/repository/org/apache/ratis/ratis-server-api/2.0.0/ratis-server-api-2.0.0.jar:/home/user/.m2/repository/org/apache/ratis/ratis-metrics/2.0.0/ratis-metrics-2.0.0.jar:/home/user/.m2/repository/org/apache/ratis/ratis-netty/2.0.0/ratis-netty-2.0.0.jar:/home/user/.m2/repository/org/apache/ratis/ratis-grpc/2.0.0/ratis-grpc-2.0.0.jar:/home/user/.m2/repository/org/apache/logging/log4j/log4j-api/2.13.3/log4j-api-2.13.3.jar:/home/user/.m2/repository/org/apache/logging/log4j/log4j-core/2.13.3/log4j-core-2.13.3.jar:/home/user/.m2/repository/com/lmax/disruptor/3.4.2/disruptor-3.4.2.jar:/home/user/.m2/repository/org/apache/commons/commons-pool2/2.6.0/commons-pool2-2.6.0.jar:/home/user/.m2/repository/org/bouncycastle/bcpkix-jdk15on/1.67/bcpkix-jdk15on-1.67.jar:/home/user/.m2/repository/commons-validator/commons-validator/1.6/commons-validator-1.6.jar:/home/user/.m2/repository/commons-beanutils/commons-beanutils/1.9.4/commons-beanutils-1.9.4.jar:/home/user/.m2/repository/commons-digester/commons-digester/1.8.1/commons-digester-1.8.1.jar:/home/user/.m2/repository/commons-collections/commons-collections/3.2.2/commons-collections-3.2.2.jar:/home/user/.m2/repository/io/jaegertracing/jaeger-client/1.2.0/jaeger-client-1.2.0.jar:/home/user/.m2/repository/io/jaegertracing/jaeger-thrift/1.2.0/jaeger-thrift-1.2.0.jar:/home/user/.m2/repository/org/apache/thrift/libthrift/0.13.0/libthrift-0.13.0.jar:/home/user/.m2/repository/com/squareup/okhttp3/okhttp/4.2.2/okhttp-4.2.2.jar:/home/user/.m2/repository/com/squareup/okio/okio/2.2.2/okio-2.2.2.jar:/home/user/.m2/repository/io/jaegertracing/jaeger-core/1.2.0/jaeger-core-1.2.0.jar:/home/user/.m2/repository/io/jaegertracing/jaeger-tracerresolver/1.2.0/jaeger-tracerresolver-1.2.0.jar:/home/user/.m2/repository/io/opentracing/contrib/opentracing-tracerresolver/0.1.8/opentracing-tracerresolver-0.1.8.jar:/home/user/.m2/repository/org/jetbrains/kotlin/kotlin-stdlib/1.4.31/kotlin-stdlib-1.4.31.jar:/home/user/.m2/repository/org/jetbrains/kotlin/kotlin-stdlib-common/1.4.31/kotlin-stdlib-common-1.4.31.jar:/home/user/.m2/repository/org/jetbrains/annotations/13.0/annotations-13.0.jar:/home/user/.m2/repository/io/opentracing/opentracing-util/0.33.0/opentracing-util-0.33.0.jar:/home/user/.m2/repository/io/opentracing/opentracing-api/0.33.0/opentracing-api-0.33.0.jar:/home/user/.m2/repository/io/opentracing/opentracing-noop/0.33.0/opentracing-noop-0.33.0.jar:/home/user/.m2/repository/org/yaml/snakeyaml/1.26/snakeyaml-1.26.jar:/github/workspace/hadoop-hdds/interface-client/target/classes:/github/workspace/hadoop-hdds/interface-admin/target/classes:/github/workspace/hadoop-hdds/container-service/target/classes:/home/user/.m2/repository/org/apache/commons/commons-compress/1.4.1/commons-compress-1.4.1.jar:/home/user/.m2/repository/org/tukaani/xz/1.0/xz-1.0.jar:/home/user/.m2/repository/commons-codec/commons-codec/1.11/commons-codec-1.11.jar:/github/workspace/hadoop-hdds/client/target/classes:/github/workspace/hadoop-hdds/hadoop-dependency-server/target/classes:/home/user/.m2/repository/org/apache/hadoop/hadoop-annotations/3.2.2/hadoop-annotations-3.2.2.jar:/usr/lib/jvm/java-1.8.0-openjdk-1.8.0.232.b09-0.el7_7.x86_64/jre/../lib/tools.jar:/home/user/.m2/repository/org/apache/hadoop/hadoop-common/3.2.2/hadoop-common-3.2.2.jar:/home/user/.m2/repository/org/apache/httpcomponents/httpclient/4.5.13/httpclient-4.5.13.jar:/home/user/.m2/repository/org/apache/httpcomponents/httpcore/4.4.13/httpcore-4.4.13.jar:/home/user/.m2/repository/commons-net/commons-net/3.6/commons-net-3.6.jar:/home/user/.m2/repository/javax/servlet/javax.servlet-api/3.1.0/javax.servlet-api-3.1.0.jar:/home/user/.m2/repository/javax/activation/javax.activation-api/1.2.0/javax.activation-api-1.2.0.jar:/home/user/.m2/repository/javax/servlet/jsp/jsp-api/2.1/jsp-api-2.1.jar:/home/user/.m2/repository/com/sun/jersey/jersey-core/1.19/jersey-core-1.19.jar:/home/user/.m2/repository/javax/ws/rs/jsr311-api/1.1.1/jsr311-api-1.1.1.jar:/home/user/.m2/repository/com/sun/jersey/jersey-servlet/1.19/jersey-servlet-1.19.jar:/home/user/.m2/repository/com/sun/jersey/jersey-server/1.19/jersey-server-1.19.jar:/home/user/.m2/repository/org/apache/commons/commons-configuration2/2.1.1/commons-configuration2-2.1.1.jar:/home/user/.m2/repository/org/apache/commons/commons-text/1.4/commons-text-1.4.jar:/home/user/.m2/repository/org/slf4j/slf4j-log4j12/1.7.30/slf4j-log4j12-1.7.30.jar:/home/user/.m2/repository/com/google/re2j/re2j/1.1/re2j-1.1.jar:/home/user/.m2/repository/com/google/code/gson/gson/2.2.4/gson-2.2.4.jar:/home/user/.m2/repository/org/apache/hadoop/hadoop-auth/3.2.2/hadoop-auth-3.2.2.jar:/home/user/.m2/repository/com/nimbusds/nimbus-jose-jwt/7.9/nimbus-jose-jwt-7.9.jar:/home/user/.m2/repository/com/github/stephenc/jcip/jcip-annotations/1.0-1/jcip-annotations-1.0-1.jar:/home/user/.m2/repository/net/minidev/json-smart/2.3/json-smart-2.3.jar:/home/user/.m2/repository/net/minidev/accessors-smart/1.2/accessors-smart-1.2.jar:/home/user/.m2/repository/com/jcraft/jsch/0.1.54/jsch-0.1.54.jar:/home/user/.m2/repository/org/apache/htrace/htrace-core4/4.1.0-incubating/htrace-core4-4.1.0-incubating.jar:/home/user/.m2/repository/org/apache/kerby/kerb-simplekdc/1.0.1/kerb-simplekdc-1.0.1.jar:/home/user/.m2/repository/org/apache/kerby/kerb-client/1.0.1/kerb-client-1.0.1.jar:/home/user/.m2/repository/org/apache/kerby/kerby-config/1.0.1/kerby-config-1.0.1.jar:/home/user/.m2/repository/org/apache/kerby/kerb-core/1.0.1/kerb-core-1.0.1.jar:/home/user/.m2/repository/org/apache/kerby/kerby-pkix/1.0.1/kerby-pkix-1.0.1.jar:/home/user/.m2/repository/org/apache/kerby/kerby-asn1/1.0.1/kerby-asn1-1.0.1.jar:/home/user/.m2/repository/org/apache/kerby/kerby-util/1.0.1/kerby-util-1.0.1.jar:/home/user/.m2/repository/org/apache/kerby/kerb-common/1.0.1/kerb-common-1.0.1.jar:/home/user/.m2/repository/org/apache/kerby/kerb-crypto/1.0.1/kerb-crypto-1.0.1.jar:/home/user/.m2/repository/org/apache/kerby/kerb-util/1.0.1/kerb-util-1.0.1.jar:/home/user/.m2/repository/org/apache/kerby/token-provider/1.0.1/token-provider-1.0.1.jar:/home/user/.m2/repository/org/apache/kerby/kerb-admin/1.0.1/kerb-admin-1.0.1.jar:/home/user/.m2/repository/org/apache/kerby/kerb-server/1.0.1/kerb-server-1.0.1.jar:/home/user/.m2/repository/org/apache/kerby/kerb-identity/1.0.1/kerb-identity-1.0.1.jar:/home/user/.m2/repository/org/apache/kerby/kerby-xdr/1.0.1/kerby-xdr-1.0.1.jar:/home/user/.m2/repository/org/codehaus/woodstox/stax2-api/3.1.4/stax2-api-3.1.4.jar:/home/user/.m2/repository/com/fasterxml/woodstox/woodstox-core/5.0.3/woodstox-core-5.0.3.jar:/home/user/.m2/repository/dnsjava/dnsjava/2.1.7/dnsjava-2.1.7.jar:/home/user/.m2/repository/commons-cli/commons-cli/1.2/commons-cli-1.2.jar:/home/user/.m2/repository/org/apache/hadoop/hadoop-hdfs/3.2.2/hadoop-hdfs-3.2.2.jar:/home/user/.m2/repository/org/eclipse/jetty/jetty-util-ajax/9.4.35.v20201120/jetty-util-ajax-9.4.35.v20201120.jar:/home/user/.m2/repository/commons-daemon/commons-daemon/1.0.13/commons-daemon-1.0.13.jar:/github/workspace/hadoop-hdds/framework/target/classes:/github/workspace/hadoop-hdds/interface-server/target/classes:/home/user/.m2/repository/org/eclipse/jetty/jetty-util/9.4.35.v20201120/jetty-util-9.4.35.v20201120.jar:/home/user/.m2/repository/org/eclipse/jetty/jetty-server/9.4.35.v20201120/jetty-server-9.4.35.v20201120.jar:/home/user/.m2/repository/org/eclipse/jetty/jetty-http/9.4.35.v20201120/jetty-http-9.4.35.v20201120.jar:/home/user/.m2/repository/org/eclipse/jetty/jetty-io/9.4.35.v20201120/jetty-io-9.4.35.v20201120.jar:/home/user/.m2/repository/org/eclipse/jetty/jetty-servlet/9.4.35.v20201120/jetty-servlet-9.4.35.v20201120.jar:/home/user/.m2/repository/org/eclipse/jetty/jetty-security/9.4.35.v20201120/jetty-security-9.4.35.v20201120.jar:/home/user/.m2/repository/org/eclipse/jetty/jetty-webapp/9.4.35.v20201120/jetty-webapp-9.4.35.v20201120.jar:/home/user/.m2/repository/org/eclipse/jetty/jetty-xml/9.4.35.v20201120/jetty-xml-9.4.35.v20201120.jar:/home/user/.m2/repository/org/rocksdb/rocksdbjni/6.8.1/rocksdbjni-6.8.1.jar:/home/user/.m2/repository/io/prometheus/simpleclient_dropwizard/0.7.0/simpleclient_dropwizard-0.7.0.jar:/home/user/.m2/repository/io/prometheus/simpleclient/0.7.0/simpleclient-0.7.0.jar:/home/user/.m2/repository/io/prometheus/simpleclient_common/0.7.0/simpleclient_common-0.7.0.jar:/home/user/.m2/repository/com/fasterxml/jackson/datatype/jackson-datatype-jsr310/2.12.1/jackson-datatype-jsr310-2.12.1.jar:/home/user/.m2/repository/com/fasterxml/jackson/core/jackson-core/2.12.1/jackson-core-2.12.1.jar:/github/workspace/hadoop-hdds/docs/target/classes:/home/user/.m2/repository/io/dropwizard/metrics/metrics-core/3.2.4/metrics-core-3.2.4.jar:/home/user/.m2/repository/com/github/spotbugs/spotbugs/3.1.12/spotbugs-3.1.12.jar:/home/user/.m2/repository/org/ow2/asm/asm/5.0.4/asm-5.0.4.jar:/home/user/.m2/repository/org/ow2/asm/asm-analysis/7.0/asm-analysis-7.0.jar:/home/user/.m2/repository/org/ow2/asm/asm-commons/7.0/asm-commons-7.0.jar:/home/user/.m2/repository/org/ow2/asm/asm-tree/7.0/asm-tree-7.0.jar:/home/user/.m2/repository/org/ow2/asm/asm-util/7.0/asm-util-7.0.jar:/home/user/.m2/repository/org/apache/bcel/bcel/6.3/bcel-6.3.jar:/home/user/.m2/repository/net/jcip/jcip-annotations/1.0/jcip-annotations-1.0.jar:/home/user/.m2/repository/org/dom4j/dom4j/2.1.1/dom4j-2.1.1.jar:/home/user/.m2/repository/jaxen/jaxen/1.1.6/jaxen-1.1.6.jar:/home/user/.m2/repository/commons-lang/commons-lang/2.6/commons-lang-2.6.jar:/home/user/.m2/repository/com/github/spotbugs/spotbugs-annotations/3.1.12/spotbugs-annotations-3.1.12.jar:/home/user/.m2/repository/org/apache/hadoop/hadoop-hdfs-client/3.2.2/hadoop-hdfs-client-3.2.2.jar:/home/user/.m2/repository/com/fasterxml/jackson/core/jackson-databind/2.12.1/jackson-databind-2.12.1.jar:/github/workspace/hadoop-hdds/container-service/target/test-classes:/github/workspace/hadoop-hdds/common/target/test-classes:/home/user/.m2/repository/org/hamcrest/hamcrest-core/1.3/hamcrest-core-1.3.jar:/home/user/.m2/repository/org/assertj/assertj-core/3.8.0/assertj-core-3.8.0.jar:/home/user/.m2/repository/org/openjdk/jmh/jmh-core/1.19/jmh-core-1.19.jar:/home/user/.m2/repository/net/sf/jopt-simple/jopt-simple/4.6/jopt-simple-4.6.jar:/home/user/.m2/repository/org/apache/commons/commons-math3/3.1.1/commons-math3-3.1.1.jar:/home/user/.m2/repository/org/openjdk/jmh/jmh-generator-annprocess/1.19/jmh-generator-annprocess-1.19.jar:/home/user/.m2/repository/org/mockito/mockito-all/1.8.5/mockito-all-1.8.5.jar:/home/user/.m2/repository/org/hamcrest/hamcrest-all/1.3/hamcrest-all-1.3.jar:/home/user/.m2/repository/org/bouncycastle/bcprov-jdk15on/1.67/bcprov-jdk15on-1.67.jar:/github/workspace/hadoop-hdds/hadoop-dependency-test/target/classes:/home/user/.m2/repository/org/apache/hadoop/hadoop-common/3.2.2/hadoop-common-3.2.2-tests.jar:/home/user/.m2/repository/org/apache/hadoop/hadoop-hdfs/3.2.2/hadoop-hdfs-3.2.2-tests.jar:/home/user/.m2/repository/com/google/protobuf/protobuf-java/2.5.0/protobuf-java-2.5.0.jar:/home/user/.m2/repository/junit/junit/4.13.1/junit-4.13.1.jar:"/>
    <property name="java.vm.vendor" value="Oracle Corporation"/>
    <property name="sun.arch.data.model" value="64"/>
    <property name="test.build.dir" value="/github/workspace/hadoop-hdds/server-scm/target/test-dir"/>
    <property name="test.cache.data" value=""/>
    <property name="java.vendor.url" value="http://java.oracle.com/"/>
    <property name="user.timezone" value=""/>
    <property name="java.vm.specification.version" value="1.8"/>
    <property name="os.name" value="Linux"/>
    <property name="test.build.data" value="/github/workspace/hadoop-hdds/server-scm/target/test-dir"/>
    <property name="user.country" value="US"/>
    <property name="sun.java.launcher" value="SUN_STANDARD"/>
    <property name="sun.boot.library.path" value="/usr/lib/jvm/java-1.8.0-openjdk-1.8.0.232.b09-0.el7_7.x86_64/jre/lib/amd64"/>
    <property name="sun.java.command" value="/github/workspace/hadoop-hdds/server-scm/target/surefire/surefirebooter3591006792336135249.jar /github/workspace/hadoop-hdds/server-scm/target/surefire 2021-04-12T17-10-53_576-jvmRun1 surefire8814617826660336079tmp surefire_1787051233614828501290tmp"/>
    <property name="surefire.test.class.path" value="/github/workspace/hadoop-hdds/server-scm/target/test-classes:/github/workspace/hadoop-hdds/server-scm/target/classes:/github/workspace/hadoop-hdds/test-utils/target/classes:/home/user/.m2/repository/com/google/guava/guava/28.2-jre/guava-28.2-jre.jar:/home/user/.m2/repository/com/google/guava/failureaccess/1.0.1/failureaccess-1.0.1.jar:/home/user/.m2/repository/com/google/guava/listenablefuture/9999.0-empty-to-avoid-conflict-with-guava/listenablefuture-9999.0-empty-to-avoid-conflict-with-guava.jar:/home/user/.m2/repository/com/google/code/findbugs/jsr305/3.0.0/jsr305-3.0.0.jar:/home/user/.m2/repository/org/checkerframework/checker-qual/2.10.0/checker-qual-2.10.0.jar:/home/user/.m2/repository/com/google/errorprone/error_prone_annotations/2.2.0/error_prone_annotations-2.2.0.jar:/home/user/.m2/repository/com/google/j2objc/j2objc-annotations/1.3/j2objc-annotations-1.3.jar:/home/user/.m2/repository/commons-io/commons-io/2.5/commons-io-2.5.jar:/home/user/.m2/repository/commons-logging/commons-logging/1.2/commons-logging-1.2.jar:/home/user/.m2/repository/log4j/log4j/1.2.17/log4j-1.2.17.jar:/home/user/.m2/repository/org/apache/commons/commons-lang3/3.7/commons-lang3-3.7.jar:/home/user/.m2/repository/org/slf4j/slf4j-api/1.7.30/slf4j-api-1.7.30.jar:/github/workspace/hadoop-hdds/common/target/classes:/github/workspace/hadoop-hdds/hadoop-dependency-client/target/classes:/home/user/.m2/repository/info/picocli/picocli/4.4.0/picocli-4.4.0.jar:/home/user/.m2/repository/com/fasterxml/jackson/core/jackson-annotations/2.12.1/jackson-annotations-2.12.1.jar:/github/workspace/hadoop-hdds/config/target/classes:/home/user/.m2/repository/javax/annotation/javax.annotation-api/1.2/javax.annotation-api-1.2.jar:/home/user/.m2/repository/org/fusesource/leveldbjni/leveldbjni-all/1.8/leveldbjni-all-1.8.jar:/home/user/.m2/repository/org/apache/ratis/ratis-server/2.0.0/ratis-server-2.0.0.jar:/home/user/.m2/repository/org/apache/ratis/ratis-thirdparty-misc/0.6.0/ratis-thirdparty-misc-0.6.0.jar:/home/user/.m2/repository/org/apache/ratis/ratis-proto/2.0.0/ratis-proto-2.0.0.jar:/home/user/.m2/repository/org/apache/ratis/ratis-common/2.0.0/ratis-common-2.0.0.jar:/home/user/.m2/repository/org/apache/ratis/ratis-client/2.0.0/ratis-client-2.0.0.jar:/home/user/.m2/repository/org/apache/ratis/ratis-server-api/2.0.0/ratis-server-api-2.0.0.jar:/home/user/.m2/repository/org/apache/ratis/ratis-metrics/2.0.0/ratis-metrics-2.0.0.jar:/home/user/.m2/repository/org/apache/ratis/ratis-netty/2.0.0/ratis-netty-2.0.0.jar:/home/user/.m2/repository/org/apache/ratis/ratis-grpc/2.0.0/ratis-grpc-2.0.0.jar:/home/user/.m2/repository/org/apache/logging/log4j/log4j-api/2.13.3/log4j-api-2.13.3.jar:/home/user/.m2/repository/org/apache/logging/log4j/log4j-core/2.13.3/log4j-core-2.13.3.jar:/home/user/.m2/repository/com/lmax/disruptor/3.4.2/disruptor-3.4.2.jar:/home/user/.m2/repository/org/apache/commons/commons-pool2/2.6.0/commons-pool2-2.6.0.jar:/home/user/.m2/repository/org/bouncycastle/bcpkix-jdk15on/1.67/bcpkix-jdk15on-1.67.jar:/home/user/.m2/repository/commons-validator/commons-validator/1.6/commons-validator-1.6.jar:/home/user/.m2/repository/commons-beanutils/commons-beanutils/1.9.4/commons-beanutils-1.9.4.jar:/home/user/.m2/repository/commons-digester/commons-digester/1.8.1/commons-digester-1.8.1.jar:/home/user/.m2/repository/commons-collections/commons-collections/3.2.2/commons-collections-3.2.2.jar:/home/user/.m2/repository/io/jaegertracing/jaeger-client/1.2.0/jaeger-client-1.2.0.jar:/home/user/.m2/repository/io/jaegertracing/jaeger-thrift/1.2.0/jaeger-thrift-1.2.0.jar:/home/user/.m2/repository/org/apache/thrift/libthrift/0.13.0/libthrift-0.13.0.jar:/home/user/.m2/repository/com/squareup/okhttp3/okhttp/4.2.2/okhttp-4.2.2.jar:/home/user/.m2/repository/com/squareup/okio/okio/2.2.2/okio-2.2.2.jar:/home/user/.m2/repository/io/jaegertracing/jaeger-core/1.2.0/jaeger-core-1.2.0.jar:/home/user/.m2/repository/io/jaegertracing/jaeger-tracerresolver/1.2.0/jaeger-tracerresolver-1.2.0.jar:/home/user/.m2/repository/io/opentracing/contrib/opentracing-tracerresolver/0.1.8/opentracing-tracerresolver-0.1.8.jar:/home/user/.m2/repository/org/jetbrains/kotlin/kotlin-stdlib/1.4.31/kotlin-stdlib-1.4.31.jar:/home/user/.m2/repository/org/jetbrains/kotlin/kotlin-stdlib-common/1.4.31/kotlin-stdlib-common-1.4.31.jar:/home/user/.m2/repository/org/jetbrains/annotations/13.0/annotations-13.0.jar:/home/user/.m2/repository/io/opentracing/opentracing-util/0.33.0/opentracing-util-0.33.0.jar:/home/user/.m2/repository/io/opentracing/opentracing-api/0.33.0/opentracing-api-0.33.0.jar:/home/user/.m2/repository/io/opentracing/opentracing-noop/0.33.0/opentracing-noop-0.33.0.jar:/home/user/.m2/repository/org/yaml/snakeyaml/1.26/snakeyaml-1.26.jar:/github/workspace/hadoop-hdds/interface-client/target/classes:/github/workspace/hadoop-hdds/interface-admin/target/classes:/github/workspace/hadoop-hdds/container-service/target/classes:/home/user/.m2/repository/org/apache/commons/commons-compress/1.4.1/commons-compress-1.4.1.jar:/home/user/.m2/repository/org/tukaani/xz/1.0/xz-1.0.jar:/home/user/.m2/repository/commons-codec/commons-codec/1.11/commons-codec-1.11.jar:/github/workspace/hadoop-hdds/client/target/classes:/github/workspace/hadoop-hdds/hadoop-dependency-server/target/classes:/home/user/.m2/repository/org/apache/hadoop/hadoop-annotations/3.2.2/hadoop-annotations-3.2.2.jar:/usr/lib/jvm/java-1.8.0-openjdk-1.8.0.232.b09-0.el7_7.x86_64/jre/../lib/tools.jar:/home/user/.m2/repository/org/apache/hadoop/hadoop-common/3.2.2/hadoop-common-3.2.2.jar:/home/user/.m2/repository/org/apache/httpcomponents/httpclient/4.5.13/httpclient-4.5.13.jar:/home/user/.m2/repository/org/apache/httpcomponents/httpcore/4.4.13/httpcore-4.4.13.jar:/home/user/.m2/repository/commons-net/commons-net/3.6/commons-net-3.6.jar:/home/user/.m2/repository/javax/servlet/javax.servlet-api/3.1.0/javax.servlet-api-3.1.0.jar:/home/user/.m2/repository/javax/activation/javax.activation-api/1.2.0/javax.activation-api-1.2.0.jar:/home/user/.m2/repository/javax/servlet/jsp/jsp-api/2.1/jsp-api-2.1.jar:/home/user/.m2/repository/com/sun/jersey/jersey-core/1.19/jersey-core-1.19.jar:/home/user/.m2/repository/javax/ws/rs/jsr311-api/1.1.1/jsr311-api-1.1.1.jar:/home/user/.m2/repository/com/sun/jersey/jersey-servlet/1.19/jersey-servlet-1.19.jar:/home/user/.m2/repository/com/sun/jersey/jersey-server/1.19/jersey-server-1.19.jar:/home/user/.m2/repository/org/apache/commons/commons-configuration2/2.1.1/commons-configuration2-2.1.1.jar:/home/user/.m2/repository/org/apache/commons/commons-text/1.4/commons-text-1.4.jar:/home/user/.m2/repository/org/slf4j/slf4j-log4j12/1.7.30/slf4j-log4j12-1.7.30.jar:/home/user/.m2/repository/com/google/re2j/re2j/1.1/re2j-1.1.jar:/home/user/.m2/repository/com/google/code/gson/gson/2.2.4/gson-2.2.4.jar:/home/user/.m2/repository/org/apache/hadoop/hadoop-auth/3.2.2/hadoop-auth-3.2.2.jar:/home/user/.m2/repository/com/nimbusds/nimbus-jose-jwt/7.9/nimbus-jose-jwt-7.9.jar:/home/user/.m2/repository/com/github/stephenc/jcip/jcip-annotations/1.0-1/jcip-annotations-1.0-1.jar:/home/user/.m2/repository/net/minidev/json-smart/2.3/json-smart-2.3.jar:/home/user/.m2/repository/net/minidev/accessors-smart/1.2/accessors-smart-1.2.jar:/home/user/.m2/repository/com/jcraft/jsch/0.1.54/jsch-0.1.54.jar:/home/user/.m2/repository/org/apache/htrace/htrace-core4/4.1.0-incubating/htrace-core4-4.1.0-incubating.jar:/home/user/.m2/repository/org/apache/kerby/kerb-simplekdc/1.0.1/kerb-simplekdc-1.0.1.jar:/home/user/.m2/repository/org/apache/kerby/kerb-client/1.0.1/kerb-client-1.0.1.jar:/home/user/.m2/repository/org/apache/kerby/kerby-config/1.0.1/kerby-config-1.0.1.jar:/home/user/.m2/repository/org/apache/kerby/kerb-core/1.0.1/kerb-core-1.0.1.jar:/home/user/.m2/repository/org/apache/kerby/kerby-pkix/1.0.1/kerby-pkix-1.0.1.jar:/home/user/.m2/repository/org/apache/kerby/kerby-asn1/1.0.1/kerby-asn1-1.0.1.jar:/home/user/.m2/repository/org/apache/kerby/kerby-util/1.0.1/kerby-util-1.0.1.jar:/home/user/.m2/repository/org/apache/kerby/kerb-common/1.0.1/kerb-common-1.0.1.jar:/home/user/.m2/repository/org/apache/kerby/kerb-crypto/1.0.1/kerb-crypto-1.0.1.jar:/home/user/.m2/repository/org/apache/kerby/kerb-util/1.0.1/kerb-util-1.0.1.jar:/home/user/.m2/repository/org/apache/kerby/token-provider/1.0.1/token-provider-1.0.1.jar:/home/user/.m2/repository/org/apache/kerby/kerb-admin/1.0.1/kerb-admin-1.0.1.jar:/home/user/.m2/repository/org/apache/kerby/kerb-server/1.0.1/kerb-server-1.0.1.jar:/home/user/.m2/repository/org/apache/kerby/kerb-identity/1.0.1/kerb-identity-1.0.1.jar:/home/user/.m2/repository/org/apache/kerby/kerby-xdr/1.0.1/kerby-xdr-1.0.1.jar:/home/user/.m2/repository/org/codehaus/woodstox/stax2-api/3.1.4/stax2-api-3.1.4.jar:/home/user/.m2/repository/com/fasterxml/woodstox/woodstox-core/5.0.3/woodstox-core-5.0.3.jar:/home/user/.m2/repository/dnsjava/dnsjava/2.1.7/dnsjava-2.1.7.jar:/home/user/.m2/repository/commons-cli/commons-cli/1.2/commons-cli-1.2.jar:/home/user/.m2/repository/org/apache/hadoop/hadoop-hdfs/3.2.2/hadoop-hdfs-3.2.2.jar:/home/user/.m2/repository/org/eclipse/jetty/jetty-util-ajax/9.4.35.v20201120/jetty-util-ajax-9.4.35.v20201120.jar:/home/user/.m2/repository/commons-daemon/commons-daemon/1.0.13/commons-daemon-1.0.13.jar:/github/workspace/hadoop-hdds/framework/target/classes:/github/workspace/hadoop-hdds/interface-server/target/classes:/home/user/.m2/repository/org/eclipse/jetty/jetty-util/9.4.35.v20201120/jetty-util-9.4.35.v20201120.jar:/home/user/.m2/repository/org/eclipse/jetty/jetty-server/9.4.35.v20201120/jetty-server-9.4.35.v20201120.jar:/home/user/.m2/repository/org/eclipse/jetty/jetty-http/9.4.35.v20201120/jetty-http-9.4.35.v20201120.jar:/home/user/.m2/repository/org/eclipse/jetty/jetty-io/9.4.35.v20201120/jetty-io-9.4.35.v20201120.jar:/home/user/.m2/repository/org/eclipse/jetty/jetty-servlet/9.4.35.v20201120/jetty-servlet-9.4.35.v20201120.jar:/home/user/.m2/repository/org/eclipse/jetty/jetty-security/9.4.35.v20201120/jetty-security-9.4.35.v20201120.jar:/home/user/.m2/repository/org/eclipse/jetty/jetty-webapp/9.4.35.v20201120/jetty-webapp-9.4.35.v20201120.jar:/home/user/.m2/repository/org/eclipse/jetty/jetty-xml/9.4.35.v20201120/jetty-xml-9.4.35.v20201120.jar:/home/user/.m2/repository/org/rocksdb/rocksdbjni/6.8.1/rocksdbjni-6.8.1.jar:/home/user/.m2/repository/io/prometheus/simpleclient_dropwizard/0.7.0/simpleclient_dropwizard-0.7.0.jar:/home/user/.m2/repository/io/prometheus/simpleclient/0.7.0/simpleclient-0.7.0.jar:/home/user/.m2/repository/io/prometheus/simpleclient_common/0.7.0/simpleclient_common-0.7.0.jar:/home/user/.m2/repository/com/fasterxml/jackson/datatype/jackson-datatype-jsr310/2.12.1/jackson-datatype-jsr310-2.12.1.jar:/home/user/.m2/repository/com/fasterxml/jackson/core/jackson-core/2.12.1/jackson-core-2.12.1.jar:/github/workspace/hadoop-hdds/docs/target/classes:/home/user/.m2/repository/io/dropwizard/metrics/metrics-core/3.2.4/metrics-core-3.2.4.jar:/home/user/.m2/repository/com/github/spotbugs/spotbugs/3.1.12/spotbugs-3.1.12.jar:/home/user/.m2/repository/org/ow2/asm/asm/5.0.4/asm-5.0.4.jar:/home/user/.m2/repository/org/ow2/asm/asm-analysis/7.0/asm-analysis-7.0.jar:/home/user/.m2/repository/org/ow2/asm/asm-commons/7.0/asm-commons-7.0.jar:/home/user/.m2/repository/org/ow2/asm/asm-tree/7.0/asm-tree-7.0.jar:/home/user/.m2/repository/org/ow2/asm/asm-util/7.0/asm-util-7.0.jar:/home/user/.m2/repository/org/apache/bcel/bcel/6.3/bcel-6.3.jar:/home/user/.m2/repository/net/jcip/jcip-annotations/1.0/jcip-annotations-1.0.jar:/home/user/.m2/repository/org/dom4j/dom4j/2.1.1/dom4j-2.1.1.jar:/home/user/.m2/repository/jaxen/jaxen/1.1.6/jaxen-1.1.6.jar:/home/user/.m2/repository/commons-lang/commons-lang/2.6/commons-lang-2.6.jar:/home/user/.m2/repository/com/github/spotbugs/spotbugs-annotations/3.1.12/spotbugs-annotations-3.1.12.jar:/home/user/.m2/repository/org/apache/hadoop/hadoop-hdfs-client/3.2.2/hadoop-hdfs-client-3.2.2.jar:/home/user/.m2/repository/com/fasterxml/jackson/core/jackson-databind/2.12.1/jackson-databind-2.12.1.jar:/github/workspace/hadoop-hdds/container-service/target/test-classes:/github/workspace/hadoop-hdds/common/target/test-classes:/home/user/.m2/repository/org/hamcrest/hamcrest-core/1.3/hamcrest-core-1.3.jar:/home/user/.m2/repository/org/assertj/assertj-core/3.8.0/assertj-core-3.8.0.jar:/home/user/.m2/repository/org/openjdk/jmh/jmh-core/1.19/jmh-core-1.19.jar:/home/user/.m2/repository/net/sf/jopt-simple/jopt-simple/4.6/jopt-simple-4.6.jar:/home/user/.m2/repository/org/apache/commons/commons-math3/3.1.1/commons-math3-3.1.1.jar:/home/user/.m2/repository/org/openjdk/jmh/jmh-generator-annprocess/1.19/jmh-generator-annprocess-1.19.jar:/home/user/.m2/repository/org/mockito/mockito-all/1.8.5/mockito-all-1.8.5.jar:/home/user/.m2/repository/org/hamcrest/hamcrest-all/1.3/hamcrest-all-1.3.jar:/home/user/.m2/repository/org/bouncycastle/bcprov-jdk15on/1.67/bcprov-jdk15on-1.67.jar:/github/workspace/hadoop-hdds/hadoop-dependency-test/target/classes:/home/user/.m2/repository/org/apache/hadoop/hadoop-common/3.2.2/hadoop-common-3.2.2-tests.jar:/home/user/.m2/repository/org/apache/hadoop/hadoop-hdfs/3.2.2/hadoop-hdfs-3.2.2-tests.jar:/home/user/.m2/repository/com/google/protobuf/protobuf-java/2.5.0/protobuf-java-2.5.0.jar:/home/user/.m2/repository/junit/junit/4.13.1/junit-4.13.1.jar:"/>
    <property name="sun.cpu.endian" value="little"/>
    <property name="user.home" value="/home/user"/>
    <property name="user.language" value="en"/>
    <property name="java.specification.vendor" value="Oracle Corporation"/>
    <property name="java.home" value="/usr/lib/jvm/java-1.8.0-openjdk-1.8.0.232.b09-0.el7_7.x86_64/jre"/>
    <property name="java.security.krb5.conf" value="/github/workspace/hadoop-hdds/server-scm/target/test-classes/krb5.conf"/>
    <property name="basedir" value="/github/workspace/hadoop-hdds/server-scm"/>
    <property name="file.separator" value="/"/>
    <property name="line.separator" value="&#10;"/>
    <property name="java.vm.specification.vendor" value="Oracle Corporation"/>
    <property name="java.specification.name" value="Java Platform API Specification"/>
    <property name="java.awt.graphicsenv" value="sun.awt.X11GraphicsEnvironment"/>
    <property name="skip.installnpx" value="true"/>
    <property name="surefire.real.class.path" value="/github/workspace/hadoop-hdds/server-scm/target/surefire/surefirebooter3591006792336135249.jar:/home/user/.m2/repository/org/jacoco/org.jacoco.agent/0.8.5/org.jacoco.agent-0.8.5-runtime.jar"/>
    <property name="hadoop.log.dir" value="/github/workspace/hadoop-hdds/server-scm/target/log"/>
    <property name="sun.boot.class.path" value="/usr/lib/jvm/java-1.8.0-openjdk-1.8.0.232.b09-0.el7_7.x86_64/jre/lib/resources.jar:/usr/lib/jvm/java-1.8.0-openjdk-1.8.0.232.b09-0.el7_7.x86_64/jre/lib/rt.jar:/usr/lib/jvm/java-1.8.0-openjdk-1.8.0.232.b09-0.el7_7.x86_64/jre/lib/sunrsasign.jar:/usr/lib/jvm/java-1.8.0-openjdk-1.8.0.232.b09-0.el7_7.x86_64/jre/lib/jsse.jar:/usr/lib/jvm/java-1.8.0-openjdk-1.8.0.232.b09-0.el7_7.x86_64/jre/lib/jce.jar:/usr/lib/jvm/java-1.8.0-openjdk-1.8.0.232.b09-0.el7_7.x86_64/jre/lib/charsets.jar:/usr/lib/jvm/java-1.8.0-openjdk-1.8.0.232.b09-0.el7_7.x86_64/jre/lib/jfr.jar:/usr/lib/jvm/java-1.8.0-openjdk-1.8.0.232.b09-0.el7_7.x86_64/jre/classes"/>
    <property name="sun.management.compiler" value="HotSpot 64-Bit Tiered Compilers"/>
    <property name="skip.npx" value="true"/>
    <property name="java.runtime.version" value="1.8.0_232-b09"/>
    <property name="java.net.preferIPv4Stack" value="true"/>
    <property name="user.name" value="jenkins1001"/>
    <property name="path.separator" value=":"/>
    <property name="java.security.egd" value="file:///dev/urandom"/>
    <property name="os.version" value="5.4.0-1043-azure"/>
    <property name="java.endorsed.dirs" value="/usr/lib/jvm/java-1.8.0-openjdk-1.8.0.232.b09-0.el7_7.x86_64/jre/lib/endorsed"/>
    <property name="java.runtime.name" value="OpenJDK Runtime Environment"/>
    <property name="file.encoding" value="ANSI_X3.4-1968"/>
    <property name="java.vm.name" value="OpenJDK 64-Bit Server VM"/>
    <property name="test.build.webapps" value=""/>
    <property name="localRepository" value="/home/user/.m2/repository"/>
    <property name="java.vendor.url.bug" value="http://bugreport.sun.com/bugreport/"/>
    <property name="java.io.tmpdir" value="/tmp"/>
    <property name="require.test.libhadoop" value=""/>
    <property name="java.version" value="1.8.0_232"/>
    <property name="user.dir" value="/github/workspace/hadoop-hdds/server-scm"/>
    <property name="os.arch" value="amd64"/>
    <property name="java.vm.specification.name" value="Java Virtual Machine Specification"/>
    <property name="test.build.classes" value="/github/workspace/hadoop-hdds/server-scm/target/test-classes"/>
    <property name="java.awt.printerjob" value="sun.print.PSPrinterJob"/>
    <property name="sun.os.patch.level" value="unknown"/>
    <property name="hadoop.tmp.dir" value="/github/workspace/hadoop-hdds/server-scm/target/tmp"/>
    <property name="java.library.path" value="/usr/lib:/usr/java/packages/lib/amd64:/usr/lib64:/lib64:/lib:/usr/lib"/>
    <property name="java.vm.info" value="mixed mode"/>
    <property name="java.vendor" value="Oracle Corporation"/>
    <property name="java.vm.version" value="25.232-b09"/>
    <property name="java.ext.dirs" value="/usr/lib/jvm/java-1.8.0-openjdk-1.8.0.232.b09-0.el7_7.x86_64/jre/lib/ext:/usr/java/packages/lib/ext"/>
    <property name="sun.io.unicode.encoding" value="UnicodeLittle"/>
    <property name="java.class.version" value="52.0"/>
  </properties>
  <testcase name="testScmDetectStaleAndDeadNode" classname="org.apache.hadoop.hdds.scm.node.TestSCMNodeManager" time="6.775">
    <failure message="expected:&lt;1&gt; but was:&lt;6&gt;" type="java.lang.AssertionError"><![CDATA[java.lang.AssertionError: expected:<1> but was:<6>
	at org.junit.Assert.fail(Assert.java:89)
	at org.junit.Assert.failNotEquals(Assert.java:835)
	at org.junit.Assert.assertEquals(Assert.java:647)
	at org.junit.Assert.assertEquals(Assert.java:633)
	at org.apache.hadoop.hdds.scm.node.TestSCMNodeManager.testScmDetectStaleAndDeadNode(TestSCMNodeManager.java:368)
	at sun.reflect.NativeMethodAccessorImpl.invoke0(Native Method)
	at sun.reflect.NativeMethodAccessorImpl.invoke(NativeMethodAccessorImpl.java:62)
	at sun.reflect.DelegatingMethodAccessorImpl.invoke(DelegatingMethodAccessorImpl.java:43)
	at java.lang.reflect.Method.invoke(Method.java:498)
	at org.junit.runners.model.FrameworkMethod$1.runReflectiveCall(FrameworkMethod.java:59)
	at org.junit.internal.runners.model.ReflectiveCallable.run(ReflectiveCallable.java:12)
	at org.junit.runners.model.FrameworkMethod.invokeExplosively(FrameworkMethod.java:56)
	at org.junit.internal.runners.statements.InvokeMethod.evaluate(InvokeMethod.java:17)
	at org.junit.internal.runners.statements.RunBefores.evaluate(RunBefores.java:26)
	at org.junit.internal.runners.statements.RunAfters.evaluate(RunAfters.java:27)
	at org.junit.rules.ExpectedException$ExpectedExceptionStatement.evaluate(ExpectedException.java:258)
	at org.junit.runners.ParentRunner$3.evaluate(ParentRunner.java:306)
	at org.junit.runners.BlockJUnit4ClassRunner$1.evaluate(BlockJUnit4ClassRunner.java:100)
	at org.junit.runners.ParentRunner.runLeaf(ParentRunner.java:366)
	at org.junit.runners.BlockJUnit4ClassRunner.runChild(BlockJUnit4ClassRunner.java:103)
	at org.junit.runners.BlockJUnit4ClassRunner.runChild(BlockJUnit4ClassRunner.java:63)
	at org.junit.runners.ParentRunner$4.run(ParentRunner.java:331)
	at org.junit.runners.ParentRunner$1.schedule(ParentRunner.java:79)
	at org.junit.runners.ParentRunner.runChildren(ParentRunner.java:329)
	at org.junit.runners.ParentRunner.access$100(ParentRunner.java:66)
	at org.junit.runners.ParentRunner$2.evaluate(ParentRunner.java:293)
	at org.junit.internal.runners.statements.RunBefores.evaluate(RunBefores.java:26)
	at org.junit.runners.ParentRunner$3.evaluate(ParentRunner.java:306)
	at org.junit.runners.ParentRunner.run(ParentRunner.java:413)
	at org.apache.maven.surefire.junit4.JUnit4Provider.execute(JUnit4Provider.java:365)
	at org.apache.maven.surefire.junit4.JUnit4Provider.executeWithRerun(JUnit4Provider.java:273)
	at org.apache.maven.surefire.junit4.JUnit4Provider.executeTestSet(JUnit4Provider.java:238)
	at org.apache.maven.surefire.junit4.JUnit4Provider.invoke(JUnit4Provider.java:159)
	at org.apache.maven.surefire.booter.ForkedBooter.invokeProviderInSameClassLoader(ForkedBooter.java:384)
	at org.apache.maven.surefire.booter.ForkedBooter.runSuitesInProcess(ForkedBooter.java:345)
	at org.apache.maven.surefire.booter.ForkedBooter.execute(ForkedBooter.java:126)
	at org.apache.maven.surefire.booter.ForkedBooter.main(ForkedBooter.java:418)
]]></failure>
    <system-out><![CDATA[2021-04-12 17:22:14,002 [main] WARN  server.ServerUtils (ServerUtils.java:getScmDbDir(148)) - ozone.scm.db.dirs is not configured. We recommend adding this setting. Falling back to ozone.metadata.dirs instead.
2021-04-12 17:22:14,081 [main] INFO  ha.SCMHANodeDetails (SCMHANodeDetails.java:loadSCMHAConfig(149)) - ServiceID for StorageContainerManager is null
2021-04-12 17:22:14,082 [main] INFO  ha.SCMHANodeDetails (SCMHANodeDetails.java:loadSCMHAConfig(154)) - ozone.scm.default.service.id is not defined, falling back to ozone.scm.service.ids to find serviceID for StorageContainerManager if it is HA enabled cluster
2021-04-12 17:22:14,163 [main] WARN  server.ServerUtils (ServerUtils.java:getScmDbDir(148)) - ozone.scm.db.dirs is not configured. We recommend adding this setting. Falling back to ozone.metadata.dirs instead.
2021-04-12 17:22:14,194 [main] WARN  utils.HAUtils (HAUtils.java:getMetaDir(331)) - ozone.scm.db.dirs is not configured. We recommend adding this setting. Falling back to ozone.metadata.dirs instead.
2021-04-12 17:22:14,340 [main] WARN  db.DBStoreBuilder (DBStoreBuilder.java:applyDBDefinition(145)) - ozone.scm.db.dirs is not configured. We recommend adding this setting. Falling back to ozone.metadata.dirs instead.
2021-04-12 17:22:14,515 [main] INFO  net.NodeSchemaLoader (NodeSchemaLoader.java:loadSchemaFromFile(129)) - Loading schema from [file:/github/workspace/hadoop-hdds/server-scm/target/test-classes/network-topology-default.xml, file:/github/workspace/hadoop-hdds/common/target/classes/network-topology-default.xml]
2021-04-12 17:22:14,517 [main] INFO  net.NodeSchemaLoader (NodeSchemaLoader.java:loadSchema(176)) - Loading network topology layer schema file
2021-04-12 17:22:14,569 [main] INFO  ha.SequenceIdGenerator (SequenceIdGenerator.java:upgradeToSequenceId(300)) - upgrade localId to 107544261427200000
2021-04-12 17:22:14,570 [main] INFO  ha.SequenceIdGenerator (SequenceIdGenerator.java:upgradeToSequenceId(310)) - upgrade delTxnId to 0
2021-04-12 17:22:14,574 [main] INFO  ha.SequenceIdGenerator (SequenceIdGenerator.java:upgradeToSequenceId(324)) - upgrade containerId to 0
2021-04-12 17:22:14,577 [main] INFO  ha.SequenceIdGenerator (SequenceIdGenerator.java:<init>(196)) - Init the HA SequenceIdGenerator.
2021-04-12 17:22:14,618 [main] INFO  node.SCMNodeManager (SCMNodeManager.java:<init>(125)) - Entering startup safe mode.
2021-04-12 17:22:14,674 [main] INFO  algorithms.ContainerPlacementPolicyFactory (ContainerPlacementPolicyFactory.java:getPolicy(60)) - Create container placement policy of type org.apache.hadoop.hdds.scm.container.placement.algorithms.SCMContainerPlacementRandom
2021-04-12 17:22:14,688 [main] INFO  pipeline.PipelineStateManager (PipelineStateManagerV2Impl.java:initialize(77)) - No pipeline exists in current db
2021-04-12 17:22:14,719 [main] INFO  algorithms.LeaderChoosePolicyFactory (LeaderChoosePolicyFactory.java:getPolicy(57)) - Create leader choose policy of type org.apache.hadoop.hdds.scm.pipeline.leader.choose.algorithms.MinLeaderCountChoosePolicy
2021-04-12 17:22:14,727 [main] INFO  ha.SCMServiceManager (SCMServiceManager.java:register(43)) - Registering service BackgroundPipelineCreator.
2021-04-12 17:22:14,727 [main] INFO  pipeline.BackgroundPipelineCreator (BackgroundPipelineCreatorV2.java:start(124)) - Starting RatisPipelineUtilsThread.
2021-04-12 17:22:14,755 [main] INFO  algorithms.PipelineChoosePolicyFactory (PipelineChoosePolicyFactory.java:createPipelineChoosePolicyFromClass(73)) - Create pipeline choose policy of type org.apache.hadoop.hdds.scm.pipeline.choose.algorithms.RandomPipelineChoosePolicy
2021-04-12 17:22:14,787 [main] INFO  ha.SCMServiceManager (SCMServiceManager.java:register(43)) - Registering service SCMBlockDeletingService.
2021-04-12 17:22:14,806 [main] INFO  ha.SCMServiceManager (SCMServiceManager.java:register(43)) - Registering service ReplicationManager.
2021-04-12 17:22:14,811 [main] INFO  container.ReplicationManager (ReplicationManager.java:start(226)) - Starting Replication Monitor Thread.
2021-04-12 17:22:14,819 [ReplicationMonitor] INFO  container.ReplicationManager (ReplicationManager.java:run(290)) - Replication Monitor Thread took 1 milliseconds for processing 0 containers.
2021-04-12 17:22:14,831 [main] INFO  safemode.HealthyPipelineSafeModeRule (HealthyPipelineSafeModeRule.java:<init>(89)) - Total pipeline count is 0, healthy pipeline threshold count is 0
2021-04-12 17:22:14,836 [main] INFO  safemode.OneReplicaPipelineSafeModeRule (OneReplicaPipelineSafeModeRule.java:<init>(85)) - Total pipeline count is 0, pipeline's with at least one datanode reported threshold count is 0
2021-04-12 17:22:14,881 [main] WARN  util.NativeCodeLoader (NativeCodeLoader.java:<clinit>(60)) - Unable to load native-hadoop library for your platform... using builtin-java classes where applicable
2021-04-12 17:22:15,210 [main] INFO  ipc.CallQueueManager (CallQueueManager.java:<init>(85)) - Using callQueue: class java.util.concurrent.LinkedBlockingQueue, queueCapacity: 10000, scheduler: class org.apache.hadoop.ipc.DefaultRpcScheduler, ipcBackoff: false.
2021-04-12 17:22:15,228 [Socket Reader #1 for port 0] INFO  ipc.Server (Server.java:run(1255)) - Starting Socket Reader #1 for port 0
2021-04-12 17:22:15,254 [Listener at 0.0.0.0/39527] INFO  ipc.CallQueueManager (CallQueueManager.java:<init>(85)) - Using callQueue: class java.util.concurrent.LinkedBlockingQueue, queueCapacity: 10000, scheduler: class org.apache.hadoop.ipc.DefaultRpcScheduler, ipcBackoff: false.
2021-04-12 17:22:15,257 [Socket Reader #1 for port 0] INFO  ipc.Server (Server.java:run(1255)) - Starting Socket Reader #1 for port 0
2021-04-12 17:22:15,269 [Listener at 0.0.0.0/42929] INFO  ipc.CallQueueManager (CallQueueManager.java:<init>(85)) - Using callQueue: class java.util.concurrent.LinkedBlockingQueue, queueCapacity: 10000, scheduler: class org.apache.hadoop.ipc.DefaultRpcScheduler, ipcBackoff: false.
2021-04-12 17:22:15,270 [Socket Reader #1 for port 0] INFO  ipc.Server (Server.java:run(1255)) - Starting Socket Reader #1 for port 0
2021-04-12 17:22:15,275 [Listener at 0.0.0.0/36493] INFO  server.StorageContainerManager (StorageContainerManager.java:<init>(408)) - Container Balancer status:
Key                            Value
Running                        false
Container Balancer Configuration values:
Key                            Value
Threshold                      0.100000
Max Datanodes to Balance       5
Max Size to Move               10737418240B

2021-04-12 17:22:15,275 [Listener at 0.0.0.0/36493] WARN  events.EventQueue (EventQueue.java:fireEvent(185)) - No event handler registered for event TypedEvent{payloadType=SafeModeStatus, name='Safe mode status'}
2021-04-12 17:22:15,275 [Listener at 0.0.0.0/36493] INFO  ha.SCMContext (SCMContext.java:updateSafeModeStatus(147)) - Update SafeModeStatus from SafeModeStatus{safeModeStatus=false, preCheckPassed=true} to SafeModeStatus{safeModeStatus=true, preCheckPassed=false}.
2021-04-12 17:22:15,294 [Listener at 0.0.0.0/36493] INFO  net.NetworkTopologyImpl (NetworkTopologyImpl.java:add(112)) - Added a new node: /default-rack/ec19ca1d-14c7-4a78-a33a-4d83e4e7b4cb
2021-04-12 17:22:15,297 [Listener at 0.0.0.0/36493] INFO  node.SCMNodeManager (SCMNodeManager.java:register(348)) - Registered Data node : ec19ca1d-14c7-4a78-a33a-4d83e4e7b4cb{ip: 66.187.41.126, host: localhost-66.187.41.126, ports: [STANDALONE=0, RATIS=0, REST=0, REPLICATION=0, RATIS_ADMIN=0, RATIS_SERVER=0], networkLocation: /default-rack, certSerialId: null, persistedOpState: IN_SERVICE, persistedOpStateExpiryEpochSec: 0}
2021-04-12 17:22:15,298 [EventQueue-NewNodeForNewNodeHandler] INFO  pipeline.BackgroundPipelineCreator (BackgroundPipelineCreatorV2.java:notifyEventTriggered(272)) - trigger a one-shot run on RatisPipelineUtilsThread.
2021-04-12 17:22:15,309 [Listener at 0.0.0.0/36493] INFO  net.NetworkTopologyImpl (NetworkTopologyImpl.java:add(112)) - Added a new node: /default-rack/5e127781-721e-419d-8eb8-52e38e5b8412
2021-04-12 17:22:15,314 [EventQueue-NewNodeForNewNodeHandler] INFO  pipeline.BackgroundPipelineCreator (BackgroundPipelineCreatorV2.java:notifyEventTriggered(272)) - trigger a one-shot run on RatisPipelineUtilsThread.
2021-04-12 17:22:15,314 [Listener at 0.0.0.0/36493] INFO  node.SCMNodeManager (SCMNodeManager.java:register(348)) - Registered Data node : 5e127781-721e-419d-8eb8-52e38e5b8412{ip: 122.60.45.4, host: localhost-122.60.45.4, ports: [STANDALONE=0, RATIS=0, REST=0, REPLICATION=0, RATIS_ADMIN=0, RATIS_SERVER=0], networkLocation: /default-rack, certSerialId: null, persistedOpState: IN_SERVICE, persistedOpStateExpiryEpochSec: 0}
2021-04-12 17:22:15,315 [Listener at 0.0.0.0/36493] INFO  net.NetworkTopologyImpl (NetworkTopologyImpl.java:add(112)) - Added a new node: /default-rack/40ed06f0-68f3-493a-94a2-7cebbd89e0a0
2021-04-12 17:22:15,315 [EventQueue-NewNodeForNewNodeHandler] INFO  pipeline.BackgroundPipelineCreator (BackgroundPipelineCreatorV2.java:notifyEventTriggered(272)) - trigger a one-shot run on RatisPipelineUtilsThread.
2021-04-12 17:22:15,315 [Listener at 0.0.0.0/36493] INFO  node.SCMNodeManager (SCMNodeManager.java:register(348)) - Registered Data node : 40ed06f0-68f3-493a-94a2-7cebbd89e0a0{ip: 160.228.74.31, host: localhost-160.228.74.31, ports: [STANDALONE=0, RATIS=0, REST=0, REPLICATION=0, RATIS_ADMIN=0, RATIS_SERVER=0], networkLocation: /default-rack, certSerialId: null, persistedOpState: IN_SERVICE, persistedOpStateExpiryEpochSec: 0}
2021-04-12 17:22:15,315 [Listener at 0.0.0.0/36493] INFO  net.NetworkTopologyImpl (NetworkTopologyImpl.java:add(112)) - Added a new node: /default-rack/ece3d306-3aa6-4c2e-8045-645fe296bfab
2021-04-12 17:22:15,316 [EventQueue-NewNodeForNewNodeHandler] INFO  pipeline.BackgroundPipelineCreator (BackgroundPipelineCreatorV2.java:notifyEventTriggered(272)) - trigger a one-shot run on RatisPipelineUtilsThread.
2021-04-12 17:22:15,316 [Listener at 0.0.0.0/36493] INFO  node.SCMNodeManager (SCMNodeManager.java:register(348)) - Registered Data node : ece3d306-3aa6-4c2e-8045-645fe296bfab{ip: 95.107.90.36, host: localhost-95.107.90.36, ports: [STANDALONE=0, RATIS=0, REST=0, REPLICATION=0, RATIS_ADMIN=0, RATIS_SERVER=0], networkLocation: /default-rack, certSerialId: null, persistedOpState: IN_SERVICE, persistedOpStateExpiryEpochSec: 0}
2021-04-12 17:22:15,316 [Listener at 0.0.0.0/36493] INFO  net.NetworkTopologyImpl (NetworkTopologyImpl.java:add(112)) - Added a new node: /default-rack/39a433aa-c97e-41aa-9053-1c44f3310c8d
2021-04-12 17:22:15,316 [EventQueue-NewNodeForNewNodeHandler] INFO  pipeline.BackgroundPipelineCreator (BackgroundPipelineCreatorV2.java:notifyEventTriggered(272)) - trigger a one-shot run on RatisPipelineUtilsThread.
2021-04-12 17:22:15,316 [Listener at 0.0.0.0/36493] INFO  node.SCMNodeManager (SCMNodeManager.java:register(348)) - Registered Data node : 39a433aa-c97e-41aa-9053-1c44f3310c8d{ip: 136.88.175.47, host: localhost-136.88.175.47, ports: [STANDALONE=0, RATIS=0, REST=0, REPLICATION=0, RATIS_ADMIN=0, RATIS_SERVER=0], networkLocation: /default-rack, certSerialId: null, persistedOpState: IN_SERVICE, persistedOpStateExpiryEpochSec: 0}
2021-04-12 17:22:15,317 [Listener at 0.0.0.0/36493] INFO  net.NetworkTopologyImpl (NetworkTopologyImpl.java:add(112)) - Added a new node: /default-rack/790ed9d2-fd46-43a7-844e-1949e8ddc639
2021-04-12 17:22:15,317 [EventQueue-NewNodeForNewNodeHandler] INFO  pipeline.BackgroundPipelineCreator (BackgroundPipelineCreatorV2.java:notifyEventTriggered(272)) - trigger a one-shot run on RatisPipelineUtilsThread.
2021-04-12 17:22:15,317 [Listener at 0.0.0.0/36493] INFO  node.SCMNodeManager (SCMNodeManager.java:register(348)) - Registered Data node : 790ed9d2-fd46-43a7-844e-1949e8ddc639{ip: 111.55.132.117, host: localhost-111.55.132.117, ports: [STANDALONE=0, RATIS=0, REST=0, REPLICATION=0, RATIS_ADMIN=0, RATIS_SERVER=0], networkLocation: /default-rack, certSerialId: null, persistedOpState: IN_SERVICE, persistedOpStateExpiryEpochSec: 0}
2021-04-12 17:22:15,318 [Listener at 0.0.0.0/36493] INFO  net.NetworkTopologyImpl (NetworkTopologyImpl.java:add(112)) - Added a new node: /default-rack/ee35bb6c-b112-4576-afb2-048487064766
2021-04-12 17:22:15,323 [EventQueue-NewNodeForNewNodeHandler] INFO  pipeline.BackgroundPipelineCreator (BackgroundPipelineCreatorV2.java:notifyEventTriggered(272)) - trigger a one-shot run on RatisPipelineUtilsThread.
2021-04-12 17:22:15,323 [Listener at 0.0.0.0/36493] INFO  node.SCMNodeManager (SCMNodeManager.java:register(348)) - Registered Data node : ee35bb6c-b112-4576-afb2-048487064766{ip: 126.219.0.95, host: localhost-126.219.0.95, ports: [STANDALONE=0, RATIS=0, REST=0, REPLICATION=0, RATIS_ADMIN=0, RATIS_SERVER=0], networkLocation: /default-rack, certSerialId: null, persistedOpState: IN_SERVICE, persistedOpStateExpiryEpochSec: 0}
2021-04-12 17:22:15,323 [Listener at 0.0.0.0/36493] INFO  net.NetworkTopologyImpl (NetworkTopologyImpl.java:add(112)) - Added a new node: /default-rack/bf9377cb-1b60-4e7b-b4d5-3b52eb228df6
2021-04-12 17:22:15,329 [EventQueue-NewNodeForNewNodeHandler] INFO  pipeline.BackgroundPipelineCreator (BackgroundPipelineCreatorV2.java:notifyEventTriggered(272)) - trigger a one-shot run on RatisPipelineUtilsThread.
2021-04-12 17:22:15,329 [Listener at 0.0.0.0/36493] INFO  node.SCMNodeManager (SCMNodeManager.java:register(348)) - Registered Data node : bf9377cb-1b60-4e7b-b4d5-3b52eb228df6{ip: 16.178.231.26, host: localhost-16.178.231.26, ports: [STANDALONE=0, RATIS=0, REST=0, REPLICATION=0, RATIS_ADMIN=0, RATIS_SERVER=0], networkLocation: /default-rack, certSerialId: null, persistedOpState: IN_SERVICE, persistedOpStateExpiryEpochSec: 0}
2021-04-12 17:22:15,330 [Listener at 0.0.0.0/36493] INFO  net.NetworkTopologyImpl (NetworkTopologyImpl.java:add(112)) - Added a new node: /default-rack/64125609-7629-4d29-b703-7157e50b0614
2021-04-12 17:22:15,330 [EventQueue-NewNodeForNewNodeHandler] INFO  pipeline.BackgroundPipelineCreator (BackgroundPipelineCreatorV2.java:notifyEventTriggered(272)) - trigger a one-shot run on RatisPipelineUtilsThread.
2021-04-12 17:22:15,331 [Listener at 0.0.0.0/36493] INFO  node.SCMNodeManager (SCMNodeManager.java:register(348)) - Registered Data node : 64125609-7629-4d29-b703-7157e50b0614{ip: 160.113.214.111, host: localhost-160.113.214.111, ports: [STANDALONE=0, RATIS=0, REST=0, REPLICATION=0, RATIS_ADMIN=0, RATIS_SERVER=0], networkLocation: /default-rack, certSerialId: null, persistedOpState: IN_SERVICE, persistedOpStateExpiryEpochSec: 0}
2021-04-12 17:22:15,331 [Listener at 0.0.0.0/36493] INFO  net.NetworkTopologyImpl (NetworkTopologyImpl.java:add(112)) - Added a new node: /default-rack/ca482c89-afb1-4452-a1f3-c9fc02ff5b0d
2021-04-12 17:22:15,332 [EventQueue-NewNodeForNewNodeHandler] INFO  pipeline.BackgroundPipelineCreator (BackgroundPipelineCreatorV2.java:notifyEventTriggered(272)) - trigger a one-shot run on RatisPipelineUtilsThread.
2021-04-12 17:22:15,332 [Listener at 0.0.0.0/36493] INFO  node.SCMNodeManager (SCMNodeManager.java:register(348)) - Registered Data node : ca482c89-afb1-4452-a1f3-c9fc02ff5b0d{ip: 173.60.10.154, host: localhost-173.60.10.154, ports: [STANDALONE=0, RATIS=0, REST=0, REPLICATION=0, RATIS_ADMIN=0, RATIS_SERVER=0], networkLocation: /default-rack, certSerialId: null, persistedOpState: IN_SERVICE, persistedOpStateExpiryEpochSec: 0}
2021-04-12 17:22:15,333 [Listener at 0.0.0.0/36493] INFO  net.NetworkTopologyImpl (NetworkTopologyImpl.java:add(112)) - Added a new node: /default-rack/475aa845-5e91-4150-a10b-92331288425e
2021-04-12 17:22:15,335 [EventQueue-NewNodeForNewNodeHandler] INFO  pipeline.BackgroundPipelineCreator (BackgroundPipelineCreatorV2.java:notifyEventTriggered(272)) - trigger a one-shot run on RatisPipelineUtilsThread.
2021-04-12 17:22:15,335 [Listener at 0.0.0.0/36493] INFO  node.SCMNodeManager (SCMNodeManager.java:register(348)) - Registered Data node : 475aa845-5e91-4150-a10b-92331288425e{ip: 41.194.129.116, host: localhost-41.194.129.116, ports: [STANDALONE=0, RATIS=0, REST=0, REPLICATION=0, RATIS_ADMIN=0, RATIS_SERVER=0], networkLocation: /default-rack, certSerialId: null, persistedOpState: IN_SERVICE, persistedOpStateExpiryEpochSec: 0}
2021-04-12 17:22:15,341 [RatisPipelineUtilsThread - 0] INFO  pipeline.RatisPipelineProvider (RatisPipelineProvider.java:lambda$create$0(169)) - Sending CreatePipelineCommand for pipeline:PipelineID=b8a758a5-7b27-4a4c-ae66-81129224b4ae to datanode:5e127781-721e-419d-8eb8-52e38e5b8412
2021-04-12 17:22:15,425 [RatisPipelineUtilsThread - 0] INFO  pipeline.PipelineStateManager (PipelineStateManagerV2Impl.java:addPipeline(100)) - Created pipeline Pipeline[ Id: b8a758a5-7b27-4a4c-ae66-81129224b4ae, Nodes: 5e127781-721e-419d-8eb8-52e38e5b8412{ip: 122.60.45.4, host: localhost-122.60.45.4, ports: [STANDALONE=0, RATIS=0, REST=0, REPLICATION=0, RATIS_ADMIN=0, RATIS_SERVER=0], networkLocation: /default-rack, certSerialId: null, persistedOpState: IN_SERVICE, persistedOpStateExpiryEpochSec: 0}, Type:RATIS, Factor:ONE, State:ALLOCATED, leaderId:, CreationTimestamp2021-04-12T17:22:15.338Z].
2021-04-12 17:22:15,429 [RatisPipelineUtilsThread - 0] INFO  ha.SCMHAInvocationHandler (SCMHAInvocationHandler.java:invokeRatis(113)) - Invoking method public abstract void org.apache.hadoop.hdds.scm.pipeline.StateManager.addPipeline(org.apache.hadoop.hdds.protocol.proto.HddsProtos$Pipeline) throws java.io.IOException on target org.apache.hadoop.hdds.scm.ha.MockSCMHAManager$MockRatisServer@6d9a1aef, cost 60815.15us
2021-04-12 17:22:15,433 [RatisPipelineUtilsThread - 0] INFO  pipeline.RatisPipelineProvider (RatisPipelineProvider.java:lambda$create$0(169)) - Sending CreatePipelineCommand for pipeline:PipelineID=814a3132-58ea-4d9b-801a-71ee274f4d23 to datanode:bf9377cb-1b60-4e7b-b4d5-3b52eb228df6
2021-04-12 17:22:15,434 [RatisPipelineUtilsThread - 0] INFO  pipeline.PipelineStateManager (PipelineStateManagerV2Impl.java:addPipeline(100)) - Created pipeline Pipeline[ Id: 814a3132-58ea-4d9b-801a-71ee274f4d23, Nodes: bf9377cb-1b60-4e7b-b4d5-3b52eb228df6{ip: 16.178.231.26, host: localhost-16.178.231.26, ports: [STANDALONE=0, RATIS=0, REST=0, REPLICATION=0, RATIS_ADMIN=0, RATIS_SERVER=0], networkLocation: /default-rack, certSerialId: null, persistedOpState: IN_SERVICE, persistedOpStateExpiryEpochSec: 0}, Type:RATIS, Factor:ONE, State:ALLOCATED, leaderId:, CreationTimestamp2021-04-12T17:22:15.433Z].
2021-04-12 17:22:15,435 [RatisPipelineUtilsThread - 0] INFO  ha.SCMHAInvocationHandler (SCMHAInvocationHandler.java:invokeRatis(113)) - Invoking method public abstract void org.apache.hadoop.hdds.scm.pipeline.StateManager.addPipeline(org.apache.hadoop.hdds.protocol.proto.HddsProtos$Pipeline) throws java.io.IOException on target org.apache.hadoop.hdds.scm.ha.MockSCMHAManager$MockRatisServer@6d9a1aef, cost 1263.228us
2021-04-12 17:22:15,435 [RatisPipelineUtilsThread - 0] INFO  pipeline.RatisPipelineProvider (RatisPipelineProvider.java:lambda$create$0(169)) - Sending CreatePipelineCommand for pipeline:PipelineID=0cf3f6cc-24fa-44a5-be29-ef4095ae860e to datanode:64125609-7629-4d29-b703-7157e50b0614
2021-04-12 17:22:15,438 [RatisPipelineUtilsThread - 0] INFO  pipeline.PipelineStateManager (PipelineStateManagerV2Impl.java:addPipeline(100)) - Created pipeline Pipeline[ Id: 0cf3f6cc-24fa-44a5-be29-ef4095ae860e, Nodes: 64125609-7629-4d29-b703-7157e50b0614{ip: 160.113.214.111, host: localhost-160.113.214.111, ports: [STANDALONE=0, RATIS=0, REST=0, REPLICATION=0, RATIS_ADMIN=0, RATIS_SERVER=0], networkLocation: /default-rack, certSerialId: null, persistedOpState: IN_SERVICE, persistedOpStateExpiryEpochSec: 0}, Type:RATIS, Factor:ONE, State:ALLOCATED, leaderId:, CreationTimestamp2021-04-12T17:22:15.435Z].
2021-04-12 17:22:15,438 [RatisPipelineUtilsThread - 0] INFO  ha.SCMHAInvocationHandler (SCMHAInvocationHandler.java:invokeRatis(113)) - Invoking method public abstract void org.apache.hadoop.hdds.scm.pipeline.StateManager.addPipeline(org.apache.hadoop.hdds.protocol.proto.HddsProtos$Pipeline) throws java.io.IOException on target org.apache.hadoop.hdds.scm.ha.MockSCMHAManager$MockRatisServer@6d9a1aef, cost 2366.453us
2021-04-12 17:22:15,440 [RatisPipelineUtilsThread - 0] INFO  pipeline.RatisPipelineProvider (RatisPipelineProvider.java:lambda$create$0(169)) - Sending CreatePipelineCommand for pipeline:PipelineID=4dde545e-e361-4635-94e0-67fb0d509281 to datanode:475aa845-5e91-4150-a10b-92331288425e
2021-04-12 17:22:15,441 [RatisPipelineUtilsThread - 0] INFO  pipeline.PipelineStateManager (PipelineStateManagerV2Impl.java:addPipeline(100)) - Created pipeline Pipeline[ Id: 4dde545e-e361-4635-94e0-67fb0d509281, Nodes: 475aa845-5e91-4150-a10b-92331288425e{ip: 41.194.129.116, host: localhost-41.194.129.116, ports: [STANDALONE=0, RATIS=0, REST=0, REPLICATION=0, RATIS_ADMIN=0, RATIS_SERVER=0], networkLocation: /default-rack, certSerialId: null, persistedOpState: IN_SERVICE, persistedOpStateExpiryEpochSec: 0}, Type:RATIS, Factor:ONE, State:ALLOCATED, leaderId:, CreationTimestamp2021-04-12T17:22:15.440Z].
2021-04-12 17:22:15,442 [RatisPipelineUtilsThread - 0] INFO  ha.SCMHAInvocationHandler (SCMHAInvocationHandler.java:invokeRatis(113)) - Invoking method public abstract void org.apache.hadoop.hdds.scm.pipeline.StateManager.addPipeline(org.apache.hadoop.hdds.protocol.proto.HddsProtos$Pipeline) throws java.io.IOException on target org.apache.hadoop.hdds.scm.ha.MockSCMHAManager$MockRatisServer@6d9a1aef, cost 1469.733us
2021-04-12 17:22:15,442 [RatisPipelineUtilsThread - 0] INFO  pipeline.RatisPipelineProvider (RatisPipelineProvider.java:lambda$create$0(169)) - Sending CreatePipelineCommand for pipeline:PipelineID=983fb534-7e11-482f-ae8e-4eb65ff0568b to datanode:39a433aa-c97e-41aa-9053-1c44f3310c8d
2021-04-12 17:22:15,444 [RatisPipelineUtilsThread - 0] INFO  pipeline.PipelineStateManager (PipelineStateManagerV2Impl.java:addPipeline(100)) - Created pipeline Pipeline[ Id: 983fb534-7e11-482f-ae8e-4eb65ff0568b, Nodes: 39a433aa-c97e-41aa-9053-1c44f3310c8d{ip: 136.88.175.47, host: localhost-136.88.175.47, ports: [STANDALONE=0, RATIS=0, REST=0, REPLICATION=0, RATIS_ADMIN=0, RATIS_SERVER=0], networkLocation: /default-rack, certSerialId: null, persistedOpState: IN_SERVICE, persistedOpStateExpiryEpochSec: 0}, Type:RATIS, Factor:ONE, State:ALLOCATED, leaderId:, CreationTimestamp2021-04-12T17:22:15.442Z].
2021-04-12 17:22:15,444 [RatisPipelineUtilsThread - 0] INFO  ha.SCMHAInvocationHandler (SCMHAInvocationHandler.java:invokeRatis(113)) - Invoking method public abstract void org.apache.hadoop.hdds.scm.pipeline.StateManager.addPipeline(org.apache.hadoop.hdds.protocol.proto.HddsProtos$Pipeline) throws java.io.IOException on target org.apache.hadoop.hdds.scm.ha.MockSCMHAManager$MockRatisServer@6d9a1aef, cost 1340.43us
2021-04-12 17:22:15,445 [RatisPipelineUtilsThread - 0] INFO  pipeline.RatisPipelineProvider (RatisPipelineProvider.java:lambda$create$0(169)) - Sending CreatePipelineCommand for pipeline:PipelineID=2b454681-11dc-408f-8a63-5ee5c7e0c8db to datanode:40ed06f0-68f3-493a-94a2-7cebbd89e0a0
2021-04-12 17:22:15,446 [RatisPipelineUtilsThread - 0] INFO  pipeline.PipelineStateManager (PipelineStateManagerV2Impl.java:addPipeline(100)) - Created pipeline Pipeline[ Id: 2b454681-11dc-408f-8a63-5ee5c7e0c8db, Nodes: 40ed06f0-68f3-493a-94a2-7cebbd89e0a0{ip: 160.228.74.31, host: localhost-160.228.74.31, ports: [STANDALONE=0, RATIS=0, REST=0, REPLICATION=0, RATIS_ADMIN=0, RATIS_SERVER=0], networkLocation: /default-rack, certSerialId: null, persistedOpState: IN_SERVICE, persistedOpStateExpiryEpochSec: 0}, Type:RATIS, Factor:ONE, State:ALLOCATED, leaderId:, CreationTimestamp2021-04-12T17:22:15.445Z].
2021-04-12 17:22:15,446 [RatisPipelineUtilsThread - 0] INFO  ha.SCMHAInvocationHandler (SCMHAInvocationHandler.java:invokeRatis(113)) - Invoking method public abstract void org.apache.hadoop.hdds.scm.pipeline.StateManager.addPipeline(org.apache.hadoop.hdds.protocol.proto.HddsProtos$Pipeline) throws java.io.IOException on target org.apache.hadoop.hdds.scm.ha.MockSCMHAManager$MockRatisServer@6d9a1aef, cost 756.117us
2021-04-12 17:22:15,448 [RatisPipelineUtilsThread - 0] INFO  pipeline.RatisPipelineProvider (RatisPipelineProvider.java:lambda$create$0(169)) - Sending CreatePipelineCommand for pipeline:PipelineID=418a56c9-0a91-48e5-8b10-ed7da32b1d8e to datanode:ece3d306-3aa6-4c2e-8045-645fe296bfab
2021-04-12 17:22:15,450 [RatisPipelineUtilsThread - 0] INFO  pipeline.PipelineStateManager (PipelineStateManagerV2Impl.java:addPipeline(100)) - Created pipeline Pipeline[ Id: 418a56c9-0a91-48e5-8b10-ed7da32b1d8e, Nodes: ece3d306-3aa6-4c2e-8045-645fe296bfab{ip: 95.107.90.36, host: localhost-95.107.90.36, ports: [STANDALONE=0, RATIS=0, REST=0, REPLICATION=0, RATIS_ADMIN=0, RATIS_SERVER=0], networkLocation: /default-rack, certSerialId: null, persistedOpState: IN_SERVICE, persistedOpStateExpiryEpochSec: 0}, Type:RATIS, Factor:ONE, State:ALLOCATED, leaderId:, CreationTimestamp2021-04-12T17:22:15.448Z].
2021-04-12 17:22:15,451 [RatisPipelineUtilsThread - 0] INFO  ha.SCMHAInvocationHandler (SCMHAInvocationHandler.java:invokeRatis(113)) - Invoking method public abstract void org.apache.hadoop.hdds.scm.pipeline.StateManager.addPipeline(org.apache.hadoop.hdds.protocol.proto.HddsProtos$Pipeline) throws java.io.IOException on target org.apache.hadoop.hdds.scm.ha.MockSCMHAManager$MockRatisServer@6d9a1aef, cost 2139.248us
2021-04-12 17:22:15,454 [RatisPipelineUtilsThread - 0] INFO  pipeline.RatisPipelineProvider (RatisPipelineProvider.java:lambda$create$0(169)) - Sending CreatePipelineCommand for pipeline:PipelineID=cd801d1a-0caa-4039-8882-df71c45a89d1 to datanode:ee35bb6c-b112-4576-afb2-048487064766
2021-04-12 17:22:15,455 [RatisPipelineUtilsThread - 0] INFO  pipeline.PipelineStateManager (PipelineStateManagerV2Impl.java:addPipeline(100)) - Created pipeline Pipeline[ Id: cd801d1a-0caa-4039-8882-df71c45a89d1, Nodes: ee35bb6c-b112-4576-afb2-048487064766{ip: 126.219.0.95, host: localhost-126.219.0.95, ports: [STANDALONE=0, RATIS=0, REST=0, REPLICATION=0, RATIS_ADMIN=0, RATIS_SERVER=0], networkLocation: /default-rack, certSerialId: null, persistedOpState: IN_SERVICE, persistedOpStateExpiryEpochSec: 0}, Type:RATIS, Factor:ONE, State:ALLOCATED, leaderId:, CreationTimestamp2021-04-12T17:22:15.454Z].
2021-04-12 17:22:15,455 [RatisPipelineUtilsThread - 0] INFO  ha.SCMHAInvocationHandler (SCMHAInvocationHandler.java:invokeRatis(113)) - Invoking method public abstract void org.apache.hadoop.hdds.scm.pipeline.StateManager.addPipeline(org.apache.hadoop.hdds.protocol.proto.HddsProtos$Pipeline) throws java.io.IOException on target org.apache.hadoop.hdds.scm.ha.MockSCMHAManager$MockRatisServer@6d9a1aef, cost 1398.531us
2021-04-12 17:22:15,457 [RatisPipelineUtilsThread - 0] INFO  pipeline.RatisPipelineProvider (RatisPipelineProvider.java:lambda$create$0(169)) - Sending CreatePipelineCommand for pipeline:PipelineID=ddfd55d4-1d6b-48e6-8956-0b112d5c3767 to datanode:ec19ca1d-14c7-4a78-a33a-4d83e4e7b4cb
2021-04-12 17:22:15,460 [RatisPipelineUtilsThread - 0] INFO  pipeline.PipelineStateManager (PipelineStateManagerV2Impl.java:addPipeline(100)) - Created pipeline Pipeline[ Id: ddfd55d4-1d6b-48e6-8956-0b112d5c3767, Nodes: ec19ca1d-14c7-4a78-a33a-4d83e4e7b4cb{ip: 66.187.41.126, host: localhost-66.187.41.126, ports: [STANDALONE=0, RATIS=0, REST=0, REPLICATION=0, RATIS_ADMIN=0, RATIS_SERVER=0], networkLocation: /default-rack, certSerialId: null, persistedOpState: IN_SERVICE, persistedOpStateExpiryEpochSec: 0}, Type:RATIS, Factor:ONE, State:ALLOCATED, leaderId:, CreationTimestamp2021-04-12T17:22:15.457Z].
2021-04-12 17:22:15,461 [RatisPipelineUtilsThread - 0] INFO  ha.SCMHAInvocationHandler (SCMHAInvocationHandler.java:invokeRatis(113)) - Invoking method public abstract void org.apache.hadoop.hdds.scm.pipeline.StateManager.addPipeline(org.apache.hadoop.hdds.protocol.proto.HddsProtos$Pipeline) throws java.io.IOException on target org.apache.hadoop.hdds.scm.ha.MockSCMHAManager$MockRatisServer@6d9a1aef, cost 1141.725us
2021-04-12 17:22:15,463 [RatisPipelineUtilsThread - 0] INFO  pipeline.RatisPipelineProvider (RatisPipelineProvider.java:lambda$create$0(169)) - Sending CreatePipelineCommand for pipeline:PipelineID=b45d0c60-578a-40d9-bb17-4bfcee15b6ee to datanode:790ed9d2-fd46-43a7-844e-1949e8ddc639
2021-04-12 17:22:15,464 [RatisPipelineUtilsThread - 0] INFO  pipeline.PipelineStateManager (PipelineStateManagerV2Impl.java:addPipeline(100)) - Created pipeline Pipeline[ Id: b45d0c60-578a-40d9-bb17-4bfcee15b6ee, Nodes: 790ed9d2-fd46-43a7-844e-1949e8ddc639{ip: 111.55.132.117, host: localhost-111.55.132.117, ports: [STANDALONE=0, RATIS=0, REST=0, REPLICATION=0, RATIS_ADMIN=0, RATIS_SERVER=0], networkLocation: /default-rack, certSerialId: null, persistedOpState: IN_SERVICE, persistedOpStateExpiryEpochSec: 0}, Type:RATIS, Factor:ONE, State:ALLOCATED, leaderId:, CreationTimestamp2021-04-12T17:22:15.463Z].
2021-04-12 17:22:15,464 [RatisPipelineUtilsThread - 0] INFO  ha.SCMHAInvocationHandler (SCMHAInvocationHandler.java:invokeRatis(113)) - Invoking method public abstract void org.apache.hadoop.hdds.scm.pipeline.StateManager.addPipeline(org.apache.hadoop.hdds.protocol.proto.HddsProtos$Pipeline) throws java.io.IOException on target org.apache.hadoop.hdds.scm.ha.MockSCMHAManager$MockRatisServer@6d9a1aef, cost 1435.232us
2021-04-12 17:22:15,467 [RatisPipelineUtilsThread - 0] INFO  pipeline.RatisPipelineProvider (RatisPipelineProvider.java:lambda$create$0(169)) - Sending CreatePipelineCommand for pipeline:PipelineID=c256a69e-1983-4db4-a4f3-635eb044e61f to datanode:ca482c89-afb1-4452-a1f3-c9fc02ff5b0d
2021-04-12 17:22:15,470 [RatisPipelineUtilsThread - 0] INFO  pipeline.PipelineStateManager (PipelineStateManagerV2Impl.java:addPipeline(100)) - Created pipeline Pipeline[ Id: c256a69e-1983-4db4-a4f3-635eb044e61f, Nodes: ca482c89-afb1-4452-a1f3-c9fc02ff5b0d{ip: 173.60.10.154, host: localhost-173.60.10.154, ports: [STANDALONE=0, RATIS=0, REST=0, REPLICATION=0, RATIS_ADMIN=0, RATIS_SERVER=0], networkLocation: /default-rack, certSerialId: null, persistedOpState: IN_SERVICE, persistedOpStateExpiryEpochSec: 0}, Type:RATIS, Factor:ONE, State:ALLOCATED, leaderId:, CreationTimestamp2021-04-12T17:22:15.467Z].
2021-04-12 17:22:15,470 [RatisPipelineUtilsThread - 0] INFO  ha.SCMHAInvocationHandler (SCMHAInvocationHandler.java:invokeRatis(113)) - Invoking method public abstract void org.apache.hadoop.hdds.scm.pipeline.StateManager.addPipeline(org.apache.hadoop.hdds.protocol.proto.HddsProtos$Pipeline) throws java.io.IOException on target org.apache.hadoop.hdds.scm.ha.MockSCMHAManager$MockRatisServer@6d9a1aef, cost 2178.849us
2021-04-12 17:22:18,432 [EventQueue-StaleNodeForStaleNodeHandler] INFO  node.StaleNodeHandler (StaleNodeHandler.java:onMessage(58)) - Datanode 475aa845-5e91-4150-a10b-92331288425e{ip: 41.194.129.116, host: localhost-41.194.129.116, ports: [STANDALONE=0, RATIS=0, REST=0, REPLICATION=0, RATIS_ADMIN=0, RATIS_SERVER=0], networkLocation: /default-rack, certSerialId: null, persistedOpState: IN_SERVICE, persistedOpStateExpiryEpochSec: 0} moved to stale state. Finalizing its pipelines [PipelineID=4dde545e-e361-4635-94e0-67fb0d509281]
2021-04-12 17:22:18,435 [EventQueue-StaleNodeForStaleNodeHandler] INFO  ha.SCMHAInvocationHandler (SCMHAInvocationHandler.java:invokeRatis(113)) - Invoking method public abstract void org.apache.hadoop.hdds.scm.pipeline.StateManager.updatePipelineState(org.apache.hadoop.hdds.protocol.proto.HddsProtos$PipelineID,org.apache.hadoop.hdds.protocol.proto.HddsProtos$PipelineState) throws java.io.IOException on target org.apache.hadoop.hdds.scm.ha.MockSCMHAManager$MockRatisServer@6d9a1aef, cost 1666.937us
2021-04-12 17:22:18,435 [EventQueue-StaleNodeForStaleNodeHandler] INFO  pipeline.PipelineManagerV2Impl (PipelineManagerV2Impl.java:closePipeline(323)) - Pipeline Pipeline[ Id: 4dde545e-e361-4635-94e0-67fb0d509281, Nodes: 475aa845-5e91-4150-a10b-92331288425e{ip: 41.194.129.116, host: localhost-41.194.129.116, ports: [STANDALONE=0, RATIS=0, REST=0, REPLICATION=0, RATIS_ADMIN=0, RATIS_SERVER=0], networkLocation: /default-rack, certSerialId: null, persistedOpState: IN_SERVICE, persistedOpStateExpiryEpochSec: 0}, Type:RATIS, Factor:ONE, State:ALLOCATED, leaderId:, CreationTimestamp2021-04-12T17:22:15.440Z] moved to CLOSED state
2021-04-12 17:22:20,338 [EventQueue-StaleNodeForStaleNodeHandler] INFO  node.StaleNodeHandler (StaleNodeHandler.java:onMessage(58)) - Datanode bf9377cb-1b60-4e7b-b4d5-3b52eb228df6{ip: 16.178.231.26, host: localhost-16.178.231.26, ports: [STANDALONE=0, RATIS=0, REST=0, REPLICATION=0, RATIS_ADMIN=0, RATIS_SERVER=0], networkLocation: /default-rack, certSerialId: null, persistedOpState: IN_SERVICE, persistedOpStateExpiryEpochSec: 0} moved to stale state. Finalizing its pipelines [PipelineID=814a3132-58ea-4d9b-801a-71ee274f4d23]
2021-04-12 17:22:20,339 [EventQueue-StaleNodeForStaleNodeHandler] INFO  ha.SCMHAInvocationHandler (SCMHAInvocationHandler.java:invokeRatis(113)) - Invoking method public abstract void org.apache.hadoop.hdds.scm.pipeline.StateManager.updatePipelineState(org.apache.hadoop.hdds.protocol.proto.HddsProtos$PipelineID,org.apache.hadoop.hdds.protocol.proto.HddsProtos$PipelineState) throws java.io.IOException on target org.apache.hadoop.hdds.scm.ha.MockSCMHAManager$MockRatisServer@6d9a1aef, cost 623.113us
2021-04-12 17:22:20,340 [EventQueue-StaleNodeForStaleNodeHandler] INFO  pipeline.PipelineManagerV2Impl (PipelineManagerV2Impl.java:closePipeline(323)) - Pipeline Pipeline[ Id: 814a3132-58ea-4d9b-801a-71ee274f4d23, Nodes: bf9377cb-1b60-4e7b-b4d5-3b52eb228df6{ip: 16.178.231.26, host: localhost-16.178.231.26, ports: [STANDALONE=0, RATIS=0, REST=0, REPLICATION=0, RATIS_ADMIN=0, RATIS_SERVER=0], networkLocation: /default-rack, certSerialId: null, persistedOpState: IN_SERVICE, persistedOpStateExpiryEpochSec: 0}, Type:RATIS, Factor:ONE, State:ALLOCATED, leaderId:, CreationTimestamp2021-04-12T17:22:15.433Z] moved to CLOSED state
2021-04-12 17:22:20,340 [EventQueue-StaleNodeForStaleNodeHandler] INFO  node.StaleNodeHandler (StaleNodeHandler.java:onMessage(58)) - Datanode 64125609-7629-4d29-b703-7157e50b0614{ip: 160.113.214.111, host: localhost-160.113.214.111, ports: [STANDALONE=0, RATIS=0, REST=0, REPLICATION=0, RATIS_ADMIN=0, RATIS_SERVER=0], networkLocation: /default-rack, certSerialId: null, persistedOpState: IN_SERVICE, persistedOpStateExpiryEpochSec: 0} moved to stale state. Finalizing its pipelines [PipelineID=0cf3f6cc-24fa-44a5-be29-ef4095ae860e]
2021-04-12 17:22:20,340 [EventQueue-StaleNodeForStaleNodeHandler] INFO  ha.SCMHAInvocationHandler (SCMHAInvocationHandler.java:invokeRatis(113)) - Invoking method public abstract void org.apache.hadoop.hdds.scm.pipeline.StateManager.updatePipelineState(org.apache.hadoop.hdds.protocol.proto.HddsProtos$PipelineID,org.apache.hadoop.hdds.protocol.proto.HddsProtos$PipelineState) throws java.io.IOException on target org.apache.hadoop.hdds.scm.ha.MockSCMHAManager$MockRatisServer@6d9a1aef, cost 330.808us
2021-04-12 17:22:20,341 [EventQueue-StaleNodeForStaleNodeHandler] INFO  pipeline.PipelineManagerV2Impl (PipelineManagerV2Impl.java:closePipeline(323)) - Pipeline Pipeline[ Id: 0cf3f6cc-24fa-44a5-be29-ef4095ae860e, Nodes: 64125609-7629-4d29-b703-7157e50b0614{ip: 160.113.214.111, host: localhost-160.113.214.111, ports: [STANDALONE=0, RATIS=0, REST=0, REPLICATION=0, RATIS_ADMIN=0, RATIS_SERVER=0], networkLocation: /default-rack, certSerialId: null, persistedOpState: IN_SERVICE, persistedOpStateExpiryEpochSec: 0}, Type:RATIS, Factor:ONE, State:ALLOCATED, leaderId:, CreationTimestamp2021-04-12T17:22:15.435Z] moved to CLOSED state
2021-04-12 17:22:20,341 [EventQueue-StaleNodeForStaleNodeHandler] INFO  node.StaleNodeHandler (StaleNodeHandler.java:onMessage(58)) - Datanode 39a433aa-c97e-41aa-9053-1c44f3310c8d{ip: 136.88.175.47, host: localhost-136.88.175.47, ports: [STANDALONE=0, RATIS=0, REST=0, REPLICATION=0, RATIS_ADMIN=0, RATIS_SERVER=0], networkLocation: /default-rack, certSerialId: null, persistedOpState: IN_SERVICE, persistedOpStateExpiryEpochSec: 0} moved to stale state. Finalizing its pipelines [PipelineID=983fb534-7e11-482f-ae8e-4eb65ff0568b]
2021-04-12 17:22:20,341 [EventQueue-StaleNodeForStaleNodeHandler] INFO  ha.SCMHAInvocationHandler (SCMHAInvocationHandler.java:invokeRatis(113)) - Invoking method public abstract void org.apache.hadoop.hdds.scm.pipeline.StateManager.updatePipelineState(org.apache.hadoop.hdds.protocol.proto.HddsProtos$PipelineID,org.apache.hadoop.hdds.protocol.proto.HddsProtos$PipelineState) throws java.io.IOException on target org.apache.hadoop.hdds.scm.ha.MockSCMHAManager$MockRatisServer@6d9a1aef, cost 449.409us
2021-04-12 17:22:20,342 [EventQueue-StaleNodeForStaleNodeHandler] INFO  pipeline.PipelineManagerV2Impl (PipelineManagerV2Impl.java:closePipeline(323)) - Pipeline Pipeline[ Id: 983fb534-7e11-482f-ae8e-4eb65ff0568b, Nodes: 39a433aa-c97e-41aa-9053-1c44f3310c8d{ip: 136.88.175.47, host: localhost-136.88.175.47, ports: [STANDALONE=0, RATIS=0, REST=0, REPLICATION=0, RATIS_ADMIN=0, RATIS_SERVER=0], networkLocation: /default-rack, certSerialId: null, persistedOpState: IN_SERVICE, persistedOpStateExpiryEpochSec: 0}, Type:RATIS, Factor:ONE, State:ALLOCATED, leaderId:, CreationTimestamp2021-04-12T17:22:15.442Z] moved to CLOSED state
2021-04-12 17:22:20,342 [EventQueue-StaleNodeForStaleNodeHandler] INFO  node.StaleNodeHandler (StaleNodeHandler.java:onMessage(58)) - Datanode 5e127781-721e-419d-8eb8-52e38e5b8412{ip: 122.60.45.4, host: localhost-122.60.45.4, ports: [STANDALONE=0, RATIS=0, REST=0, REPLICATION=0, RATIS_ADMIN=0, RATIS_SERVER=0], networkLocation: /default-rack, certSerialId: null, persistedOpState: IN_SERVICE, persistedOpStateExpiryEpochSec: 0} moved to stale state. Finalizing its pipelines [PipelineID=b8a758a5-7b27-4a4c-ae66-81129224b4ae]
2021-04-12 17:22:20,343 [EventQueue-StaleNodeForStaleNodeHandler] INFO  ha.SCMHAInvocationHandler (SCMHAInvocationHandler.java:invokeRatis(113)) - Invoking method public abstract void org.apache.hadoop.hdds.scm.pipeline.StateManager.updatePipelineState(org.apache.hadoop.hdds.protocol.proto.HddsProtos$PipelineID,org.apache.hadoop.hdds.protocol.proto.HddsProtos$PipelineState) throws java.io.IOException on target org.apache.hadoop.hdds.scm.ha.MockSCMHAManager$MockRatisServer@6d9a1aef, cost 821.718us
2021-04-12 17:22:20,344 [EventQueue-StaleNodeForStaleNodeHandler] INFO  pipeline.PipelineManagerV2Impl (PipelineManagerV2Impl.java:closePipeline(323)) - Pipeline Pipeline[ Id: b8a758a5-7b27-4a4c-ae66-81129224b4ae, Nodes: 5e127781-721e-419d-8eb8-52e38e5b8412{ip: 122.60.45.4, host: localhost-122.60.45.4, ports: [STANDALONE=0, RATIS=0, REST=0, REPLICATION=0, RATIS_ADMIN=0, RATIS_SERVER=0], networkLocation: /default-rack, certSerialId: null, persistedOpState: IN_SERVICE, persistedOpStateExpiryEpochSec: 0}, Type:RATIS, Factor:ONE, State:ALLOCATED, leaderId:, CreationTimestamp2021-04-12T17:22:15.338Z] moved to CLOSED state
2021-04-12 17:22:20,344 [EventQueue-StaleNodeForStaleNodeHandler] INFO  node.StaleNodeHandler (StaleNodeHandler.java:onMessage(58)) - Datanode 40ed06f0-68f3-493a-94a2-7cebbd89e0a0{ip: 160.228.74.31, host: localhost-160.228.74.31, ports: [STANDALONE=0, RATIS=0, REST=0, REPLICATION=0, RATIS_ADMIN=0, RATIS_SERVER=0], networkLocation: /default-rack, certSerialId: null, persistedOpState: IN_SERVICE, persistedOpStateExpiryEpochSec: 0} moved to stale state. Finalizing its pipelines [PipelineID=2b454681-11dc-408f-8a63-5ee5c7e0c8db]
2021-04-12 17:22:20,345 [EventQueue-StaleNodeForStaleNodeHandler] INFO  ha.SCMHAInvocationHandler (SCMHAInvocationHandler.java:invokeRatis(113)) - Invoking method public abstract void org.apache.hadoop.hdds.scm.pipeline.StateManager.updatePipelineState(org.apache.hadoop.hdds.protocol.proto.HddsProtos$PipelineID,org.apache.hadoop.hdds.protocol.proto.HddsProtos$PipelineState) throws java.io.IOException on target org.apache.hadoop.hdds.scm.ha.MockSCMHAManager$MockRatisServer@6d9a1aef, cost 513.611us
2021-04-12 17:22:20,345 [EventQueue-StaleNodeForStaleNodeHandler] INFO  pipeline.PipelineManagerV2Impl (PipelineManagerV2Impl.java:closePipeline(323)) - Pipeline Pipeline[ Id: 2b454681-11dc-408f-8a63-5ee5c7e0c8db, Nodes: 40ed06f0-68f3-493a-94a2-7cebbd89e0a0{ip: 160.228.74.31, host: localhost-160.228.74.31, ports: [STANDALONE=0, RATIS=0, REST=0, REPLICATION=0, RATIS_ADMIN=0, RATIS_SERVER=0], networkLocation: /default-rack, certSerialId: null, persistedOpState: IN_SERVICE, persistedOpStateExpiryEpochSec: 0}, Type:RATIS, Factor:ONE, State:ALLOCATED, leaderId:, CreationTimestamp2021-04-12T17:22:15.445Z] moved to CLOSED state
2021-04-12 17:22:20,345 [EventQueue-StaleNodeForStaleNodeHandler] INFO  node.StaleNodeHandler (StaleNodeHandler.java:onMessage(58)) - Datanode ece3d306-3aa6-4c2e-8045-645fe296bfab{ip: 95.107.90.36, host: localhost-95.107.90.36, ports: [STANDALONE=0, RATIS=0, REST=0, REPLICATION=0, RATIS_ADMIN=0, RATIS_SERVER=0], networkLocation: /default-rack, certSerialId: null, persistedOpState: IN_SERVICE, persistedOpStateExpiryEpochSec: 0} moved to stale state. Finalizing its pipelines [PipelineID=418a56c9-0a91-48e5-8b10-ed7da32b1d8e]
2021-04-12 17:22:20,346 [EventQueue-StaleNodeForStaleNodeHandler] INFO  ha.SCMHAInvocationHandler (SCMHAInvocationHandler.java:invokeRatis(113)) - Invoking method public abstract void org.apache.hadoop.hdds.scm.pipeline.StateManager.updatePipelineState(org.apache.hadoop.hdds.protocol.proto.HddsProtos$PipelineID,org.apache.hadoop.hdds.protocol.proto.HddsProtos$PipelineState) throws java.io.IOException on target org.apache.hadoop.hdds.scm.ha.MockSCMHAManager$MockRatisServer@6d9a1aef, cost 352.708us
2021-04-12 17:22:20,346 [EventQueue-StaleNodeForStaleNodeHandler] INFO  pipeline.PipelineManagerV2Impl (PipelineManagerV2Impl.java:closePipeline(323)) - Pipeline Pipeline[ Id: 418a56c9-0a91-48e5-8b10-ed7da32b1d8e, Nodes: ece3d306-3aa6-4c2e-8045-645fe296bfab{ip: 95.107.90.36, host: localhost-95.107.90.36, ports: [STANDALONE=0, RATIS=0, REST=0, REPLICATION=0, RATIS_ADMIN=0, RATIS_SERVER=0], networkLocation: /default-rack, certSerialId: null, persistedOpState: IN_SERVICE, persistedOpStateExpiryEpochSec: 0}, Type:RATIS, Factor:ONE, State:ALLOCATED, leaderId:, CreationTimestamp2021-04-12T17:22:15.448Z] moved to CLOSED state
2021-04-12 17:22:20,347 [EventQueue-StaleNodeForStaleNodeHandler] INFO  node.StaleNodeHandler (StaleNodeHandler.java:onMessage(58)) - Datanode ee35bb6c-b112-4576-afb2-048487064766{ip: 126.219.0.95, host: localhost-126.219.0.95, ports: [STANDALONE=0, RATIS=0, REST=0, REPLICATION=0, RATIS_ADMIN=0, RATIS_SERVER=0], networkLocation: /default-rack, certSerialId: null, persistedOpState: IN_SERVICE, persistedOpStateExpiryEpochSec: 0} moved to stale state. Finalizing its pipelines [PipelineID=cd801d1a-0caa-4039-8882-df71c45a89d1]
2021-04-12 17:22:20,347 [EventQueue-StaleNodeForStaleNodeHandler] INFO  ha.SCMHAInvocationHandler (SCMHAInvocationHandler.java:invokeRatis(113)) - Invoking method public abstract void org.apache.hadoop.hdds.scm.pipeline.StateManager.updatePipelineState(org.apache.hadoop.hdds.protocol.proto.HddsProtos$PipelineID,org.apache.hadoop.hdds.protocol.proto.HddsProtos$PipelineState) throws java.io.IOException on target org.apache.hadoop.hdds.scm.ha.MockSCMHAManager$MockRatisServer@6d9a1aef, cost 354.608us
2021-04-12 17:22:20,347 [EventQueue-StaleNodeForStaleNodeHandler] INFO  pipeline.PipelineManagerV2Impl (PipelineManagerV2Impl.java:closePipeline(323)) - Pipeline Pipeline[ Id: cd801d1a-0caa-4039-8882-df71c45a89d1, Nodes: ee35bb6c-b112-4576-afb2-048487064766{ip: 126.219.0.95, host: localhost-126.219.0.95, ports: [STANDALONE=0, RATIS=0, REST=0, REPLICATION=0, RATIS_ADMIN=0, RATIS_SERVER=0], networkLocation: /default-rack, certSerialId: null, persistedOpState: IN_SERVICE, persistedOpStateExpiryEpochSec: 0}, Type:RATIS, Factor:ONE, State:ALLOCATED, leaderId:, CreationTimestamp2021-04-12T17:22:15.454Z] moved to CLOSED state
2021-04-12 17:22:20,348 [EventQueue-StaleNodeForStaleNodeHandler] INFO  node.StaleNodeHandler (StaleNodeHandler.java:onMessage(58)) - Datanode ec19ca1d-14c7-4a78-a33a-4d83e4e7b4cb{ip: 66.187.41.126, host: localhost-66.187.41.126, ports: [STANDALONE=0, RATIS=0, REST=0, REPLICATION=0, RATIS_ADMIN=0, RATIS_SERVER=0], networkLocation: /default-rack, certSerialId: null, persistedOpState: IN_SERVICE, persistedOpStateExpiryEpochSec: 0} moved to stale state. Finalizing its pipelines [PipelineID=ddfd55d4-1d6b-48e6-8956-0b112d5c3767]
2021-04-12 17:22:20,348 [EventQueue-StaleNodeForStaleNodeHandler] INFO  ha.SCMHAInvocationHandler (SCMHAInvocationHandler.java:invokeRatis(113)) - Invoking method public abstract void org.apache.hadoop.hdds.scm.pipeline.StateManager.updatePipelineState(org.apache.hadoop.hdds.protocol.proto.HddsProtos$PipelineID,org.apache.hadoop.hdds.protocol.proto.HddsProtos$PipelineState) throws java.io.IOException on target org.apache.hadoop.hdds.scm.ha.MockSCMHAManager$MockRatisServer@6d9a1aef, cost 400.409us
2021-04-12 17:22:20,348 [EventQueue-StaleNodeForStaleNodeHandler] INFO  pipeline.PipelineManagerV2Impl (PipelineManagerV2Impl.java:closePipeline(323)) - Pipeline Pipeline[ Id: ddfd55d4-1d6b-48e6-8956-0b112d5c3767, Nodes: ec19ca1d-14c7-4a78-a33a-4d83e4e7b4cb{ip: 66.187.41.126, host: localhost-66.187.41.126, ports: [STANDALONE=0, RATIS=0, REST=0, REPLICATION=0, RATIS_ADMIN=0, RATIS_SERVER=0], networkLocation: /default-rack, certSerialId: null, persistedOpState: IN_SERVICE, persistedOpStateExpiryEpochSec: 0}, Type:RATIS, Factor:ONE, State:ALLOCATED, leaderId:, CreationTimestamp2021-04-12T17:22:15.457Z] moved to CLOSED state
2021-04-12 17:22:20,349 [EventQueue-StaleNodeForStaleNodeHandler] INFO  node.StaleNodeHandler (StaleNodeHandler.java:onMessage(58)) - Datanode 790ed9d2-fd46-43a7-844e-1949e8ddc639{ip: 111.55.132.117, host: localhost-111.55.132.117, ports: [STANDALONE=0, RATIS=0, REST=0, REPLICATION=0, RATIS_ADMIN=0, RATIS_SERVER=0], networkLocation: /default-rack, certSerialId: null, persistedOpState: IN_SERVICE, persistedOpStateExpiryEpochSec: 0} moved to stale state. Finalizing its pipelines [PipelineID=b45d0c60-578a-40d9-bb17-4bfcee15b6ee]
2021-04-12 17:22:20,350 [EventQueue-StaleNodeForStaleNodeHandler] INFO  ha.SCMHAInvocationHandler (SCMHAInvocationHandler.java:invokeRatis(113)) - Invoking method public abstract void org.apache.hadoop.hdds.scm.pipeline.StateManager.updatePipelineState(org.apache.hadoop.hdds.protocol.proto.HddsProtos$PipelineID,org.apache.hadoop.hdds.protocol.proto.HddsProtos$PipelineState) throws java.io.IOException on target org.apache.hadoop.hdds.scm.ha.MockSCMHAManager$MockRatisServer@6d9a1aef, cost 356.408us
2021-04-12 17:22:20,350 [EventQueue-StaleNodeForStaleNodeHandler] INFO  pipeline.PipelineManagerV2Impl (PipelineManagerV2Impl.java:closePipeline(323)) - Pipeline Pipeline[ Id: b45d0c60-578a-40d9-bb17-4bfcee15b6ee, Nodes: 790ed9d2-fd46-43a7-844e-1949e8ddc639{ip: 111.55.132.117, host: localhost-111.55.132.117, ports: [STANDALONE=0, RATIS=0, REST=0, REPLICATION=0, RATIS_ADMIN=0, RATIS_SERVER=0], networkLocation: /default-rack, certSerialId: null, persistedOpState: IN_SERVICE, persistedOpStateExpiryEpochSec: 0}, Type:RATIS, Factor:ONE, State:ALLOCATED, leaderId:, CreationTimestamp2021-04-12T17:22:15.463Z] moved to CLOSED state
2021-04-12 17:22:20,350 [EventQueue-StaleNodeForStaleNodeHandler] INFO  node.StaleNodeHandler (StaleNodeHandler.java:onMessage(58)) - Datanode ca482c89-afb1-4452-a1f3-c9fc02ff5b0d{ip: 173.60.10.154, host: localhost-173.60.10.154, ports: [STANDALONE=0, RATIS=0, REST=0, REPLICATION=0, RATIS_ADMIN=0, RATIS_SERVER=0], networkLocation: /default-rack, certSerialId: null, persistedOpState: IN_SERVICE, persistedOpStateExpiryEpochSec: 0} moved to stale state. Finalizing its pipelines [PipelineID=c256a69e-1983-4db4-a4f3-635eb044e61f]
2021-04-12 17:22:20,351 [EventQueue-StaleNodeForStaleNodeHandler] INFO  ha.SCMHAInvocationHandler (SCMHAInvocationHandler.java:invokeRatis(113)) - Invoking method public abstract void org.apache.hadoop.hdds.scm.pipeline.StateManager.updatePipelineState(org.apache.hadoop.hdds.protocol.proto.HddsProtos$PipelineID,org.apache.hadoop.hdds.protocol.proto.HddsProtos$PipelineState) throws java.io.IOException on target org.apache.hadoop.hdds.scm.ha.MockSCMHAManager$MockRatisServer@6d9a1aef, cost 339.308us
2021-04-12 17:22:20,351 [EventQueue-StaleNodeForStaleNodeHandler] INFO  pipeline.PipelineManagerV2Impl (PipelineManagerV2Impl.java:closePipeline(323)) - Pipeline Pipeline[ Id: c256a69e-1983-4db4-a4f3-635eb044e61f, Nodes: ca482c89-afb1-4452-a1f3-c9fc02ff5b0d{ip: 173.60.10.154, host: localhost-173.60.10.154, ports: [STANDALONE=0, RATIS=0, REST=0, REPLICATION=0, RATIS_ADMIN=0, RATIS_SERVER=0], networkLocation: /default-rack, certSerialId: null, persistedOpState: IN_SERVICE, persistedOpStateExpiryEpochSec: 0}, Type:RATIS, Factor:ONE, State:ALLOCATED, leaderId:, CreationTimestamp2021-04-12T17:22:15.467Z] moved to CLOSED state
2021-04-12 17:22:20,440 [SCM Heartbeat Processing Thread - 0] WARN  node.NodeStateManager (NodeStateManager.java:scheduleNextHealthCheck(688)) - Current Thread is interrupted, shutting down HB processing thread for Node Manager.
2021-04-12 17:22:20,441 [Listener at 0.0.0.0/36493] INFO  server.StorageContainerManager (StorageContainerManager.java:stop(1208)) - Stopping Replication Manager Service.
2021-04-12 17:22:20,441 [Listener at 0.0.0.0/36493] INFO  container.ReplicationManager (ReplicationManager.java:stop(267)) - Stopping Replication Monitor Thread.
2021-04-12 17:22:20,441 [Listener at 0.0.0.0/36493] INFO  server.StorageContainerManager (StorageContainerManager.java:stop(1215)) - Stopping the Datanode Admin Monitor.
2021-04-12 17:22:20,442 [Listener at 0.0.0.0/36493] INFO  server.StorageContainerManager (StorageContainerManager.java:stop(1222)) - Stopping Lease Manager of the command watchers
2021-04-12 17:22:20,442 [Listener at 0.0.0.0/36493] ERROR server.StorageContainerManager (StorageContainerManager.java:stop(1225)) - Lease Manager of the command watchers stop failed
2021-04-12 17:22:20,442 [Listener at 0.0.0.0/36493] INFO  server.StorageContainerManager (StorageContainerManager.java:stop(1229)) - Stopping datanode service RPC server
2021-04-12 17:22:20,442 [Listener at 0.0.0.0/36493] INFO  server.SCMDatanodeProtocolServer (SCMDatanodeProtocolServer.java:stop(374)) - Stopping the RPC server for DataNodes
2021-04-12 17:22:20,442 [Listener at 0.0.0.0/36493] INFO  ipc.Server (Server.java:stop(3403)) - Stopping server on 39527
2021-04-12 17:22:20,443 [Listener at 0.0.0.0/36493] INFO  server.StorageContainerManager (StorageContainerManager.java:stop(1237)) - Stopping block service RPC server
2021-04-12 17:22:20,443 [Listener at 0.0.0.0/36493] INFO  server.SCMBlockProtocolServer (SCMBlockProtocolServer.java:stop(158)) - Stopping the RPC server for Block Protocol
2021-04-12 17:22:20,443 [Listener at 0.0.0.0/36493] INFO  ipc.Server (Server.java:stop(3403)) - Stopping server on 42929
2021-04-12 17:22:20,444 [Listener at 0.0.0.0/36493] INFO  server.StorageContainerManager (StorageContainerManager.java:stop(1244)) - Stopping the StorageContainerLocationProtocol RPC server
2021-04-12 17:22:20,444 [Listener at 0.0.0.0/36493] INFO  server.SCMClientProtocolServer (SCMClientProtocolServer.java:stop(164)) - Stopping the RPC server for Client Protocol
2021-04-12 17:22:20,444 [Listener at 0.0.0.0/36493] INFO  ipc.Server (Server.java:stop(3403)) - Stopping server on 36493
2021-04-12 17:22:20,445 [Listener at 0.0.0.0/36493] INFO  server.StorageContainerManager (StorageContainerManager.java:stop(1251)) - Stopping Storage Container Manager HTTP server.
2021-04-12 17:22:20,449 [Listener at 0.0.0.0/36493] ERROR server.StorageContainerManager (StorageContainerManager.java:stop(1254)) - Storage Container Manager HTTP server stop failed.
java.lang.NullPointerException
	at org.apache.hadoop.hdds.scm.server.StorageContainerManager.stop(StorageContainerManager.java:1252)
	at org.apache.hadoop.hdds.scm.node.TestSCMNodeManager.cleanup(TestSCMNodeManager.java:112)
	at sun.reflect.NativeMethodAccessorImpl.invoke0(Native Method)
	at sun.reflect.NativeMethodAccessorImpl.invoke(NativeMethodAccessorImpl.java:62)
	at sun.reflect.DelegatingMethodAccessorImpl.invoke(DelegatingMethodAccessorImpl.java:43)
	at java.lang.reflect.Method.invoke(Method.java:498)
	at org.junit.runners.model.FrameworkMethod$1.runReflectiveCall(FrameworkMethod.java:59)
	at org.junit.internal.runners.model.ReflectiveCallable.run(ReflectiveCallable.java:12)
	at org.junit.runners.model.FrameworkMethod.invokeExplosively(FrameworkMethod.java:56)
	at org.junit.internal.runners.statements.RunAfters.invokeMethod(RunAfters.java:46)
	at org.junit.internal.runners.statements.RunAfters.evaluate(RunAfters.java:33)
	at org.junit.rules.ExpectedException$ExpectedExceptionStatement.evaluate(ExpectedException.java:258)
	at org.junit.runners.ParentRunner$3.evaluate(ParentRunner.java:306)
	at org.junit.runners.BlockJUnit4ClassRunner$1.evaluate(BlockJUnit4ClassRunner.java:100)
	at org.junit.runners.ParentRunner.runLeaf(ParentRunner.java:366)
	at org.junit.runners.BlockJUnit4ClassRunner.runChild(BlockJUnit4ClassRunner.java:103)
	at org.junit.runners.BlockJUnit4ClassRunner.runChild(BlockJUnit4ClassRunner.java:63)
	at org.junit.runners.ParentRunner$4.run(ParentRunner.java:331)
	at org.junit.runners.ParentRunner$1.schedule(ParentRunner.java:79)
	at org.junit.runners.ParentRunner.runChildren(ParentRunner.java:329)
	at org.junit.runners.ParentRunner.access$100(ParentRunner.java:66)
	at org.junit.runners.ParentRunner$2.evaluate(ParentRunner.java:293)
	at org.junit.internal.runners.statements.RunBefores.evaluate(RunBefores.java:26)
	at org.junit.runners.ParentRunner$3.evaluate(ParentRunner.java:306)
	at org.junit.runners.ParentRunner.run(ParentRunner.java:413)
	at org.apache.maven.surefire.junit4.JUnit4Provider.execute(JUnit4Provider.java:365)
	at org.apache.maven.surefire.junit4.JUnit4Provider.executeWithRerun(JUnit4Provider.java:273)
	at org.apache.maven.surefire.junit4.JUnit4Provider.executeTestSet(JUnit4Provider.java:238)
	at org.apache.maven.surefire.junit4.JUnit4Provider.invoke(JUnit4Provider.java:159)
	at org.apache.maven.surefire.booter.ForkedBooter.invokeProviderInSameClassLoader(ForkedBooter.java:384)
	at org.apache.maven.surefire.booter.ForkedBooter.runSuitesInProcess(ForkedBooter.java:345)
	at org.apache.maven.surefire.booter.ForkedBooter.execute(ForkedBooter.java:126)
	at org.apache.maven.surefire.booter.ForkedBooter.main(ForkedBooter.java:418)
2021-04-12 17:22:20,451 [Listener at 0.0.0.0/36493] INFO  server.StorageContainerManager (StorageContainerManager.java:stop(1262)) - Stopping Block Manager Service.
2021-04-12 17:22:20,452 [Listener at 0.0.0.0/36493] INFO  utils.BackgroundService (BackgroundService.java:shutdown(132)) - Shutting down service SCMBlockDeletingService
2021-04-12 17:22:20,452 [Listener at 0.0.0.0/36493] INFO  utils.BackgroundService (BackgroundService.java:shutdown(132)) - Shutting down service SCMBlockDeletingService
2021-04-12 17:22:20,453 [Listener at 0.0.0.0/36493] INFO  server.StorageContainerManager (StorageContainerManager.java:stop(1287)) - Stopping SCM Event Queue.
2021-04-12 17:22:20,455 [Listener at 0.0.0.0/36493] WARN  pipeline.BackgroundPipelineCreator (BackgroundPipelineCreatorV2.java:stop(148)) - RatisPipelineUtilsThread is not running, just ignore.
]]></system-out>
  </testcase>
  <testcase name="testScmNodeReportUpdate" classname="org.apache.hadoop.hdds.scm.node.TestSCMNodeManager" time="6.913"/>
  <testcase name="testScmRegisterNodeWithHostname" classname="org.apache.hadoop.hdds.scm.node.TestSCMNodeManager" time="5.091"/>
  <testcase name="testGetNodeInfo" classname="org.apache.hadoop.hdds.scm.node.TestSCMNodeManager" time="0.305"/>
  <testcase name="testScmCanHandleScale" classname="org.apache.hadoop.hdds.scm.node.TestSCMNodeManager" time="6.928"/>
  <testcase name="testScmHeartbeat" classname="org.apache.hadoop.hdds.scm.node.TestSCMNodeManager" time="4.335"/>
  <testcase name="testScmCheckForErrorOnNullDatanodeDetails" classname="org.apache.hadoop.hdds.scm.node.TestSCMNodeManager" time="0.212"/>
  <testcase name="testScmClusterIsInExpectedState1" classname="org.apache.hadoop.hdds.scm.node.TestSCMNodeManager" time="11.223"/>
  <testcase name="testScmClusterIsInExpectedState2" classname="org.apache.hadoop.hdds.scm.node.TestSCMNodeManager" time="14.468"/>
  <testcase name="testScmSanityOfUserConfig2" classname="org.apache.hadoop.hdds.scm.node.TestSCMNodeManager" time="0.199"/>
  <testcase name="testScmRegisterNodeWith4LayerNetworkTopology" classname="org.apache.hadoop.hdds.scm.node.TestSCMNodeManager" time="5.102"/>
  <testcase name="testScmNoHeartbeats" classname="org.apache.hadoop.hdds.scm.node.TestSCMNodeManager" time="4.188"/>
  <testcase name="tesVolumeInfoFromNodeReport" classname="org.apache.hadoop.hdds.scm.node.TestSCMNodeManager" time="1.094"/>
  <testcase name="testScmStatsFromNodeReport" classname="org.apache.hadoop.hdds.scm.node.TestSCMNodeManager" time="1.284"/>
  <testcase name="testScmHandleJvmPause" classname="org.apache.hadoop.hdds.scm.node.TestSCMNodeManager" time="5.308"/>
  <testcase name="testSetNodeOpStateAndCommandFired" classname="org.apache.hadoop.hdds.scm.node.TestSCMNodeManager" time="0">
    <skipped/>
  </testcase>
  <testcase name="testHandlingSCMCommandEvent" classname="org.apache.hadoop.hdds.scm.node.TestSCMNodeManager" time="0.322"/>
  <testcase name="testScmShutdown" classname="org.apache.hadoop.hdds.scm.node.TestSCMNodeManager" time="2.189"/>
  <testcase name="testgetNodesByAddressWithHostname" classname="org.apache.hadoop.hdds.scm.node.TestSCMNodeManager" time="1.095"/>
  <testcase name="testgetNodesByAddressWithIpAddress" classname="org.apache.hadoop.hdds.scm.node.TestSCMNodeManager" time="1.139"/>
  <testcase name="testScmHealthyNodeCount" classname="org.apache.hadoop.hdds.scm.node.TestSCMNodeManager" time="4.196"/>
  <testcase name="testScmRegisterNodeWithIpAddress" classname="org.apache.hadoop.hdds.scm.node.TestSCMNodeManager" time="5.107"/>
</testsuite>