<?xml version="1.0" encoding="UTF-8"?>
<testsuite xmlns:xsi="http://www.w3.org/2001/XMLSchema-instance" xsi:noNamespaceSchemaLocation="https://maven.apache.org/surefire/maven-surefire-plugin/xsd/surefire-test-report.xsd" name="org.apache.hadoop.ozone.TestMiniOzoneCluster" time="223.019" tests="5" errors="1" skipped="0" failures="0">
  <properties>
    <property name="awt.toolkit" value="sun.awt.X11.XToolkit"/>
    <property name="file.encoding.pkg" value="sun.io"/>
    <property name="java.specification.version" value="1.8"/>
    <property name="sun.cpu.isalist" value=""/>
    <property name="sun.jnu.encoding" value="UTF-8"/>
    <property name="java.class.path" value="/home/runner/work/ozone/ozone/hadoop-ozone/integration-test/target/test-classes:/home/runner/work/ozone/ozone/hadoop-ozone/integration-test/target/classes:/home/runner/.m2/repository/org/apache/ozone/ozone-common/1.3.0-SNAPSHOT/ozone-common-1.3.0-SNAPSHOT.jar:/home/runner/.m2/repository/org/apache/commons/commons-compress/1.21/commons-compress-1.21.jar:/home/runner/.m2/repository/org/apache/ozone/hdds-common/1.3.0-SNAPSHOT/hdds-common-1.3.0-SNAPSHOT.jar:/home/runner/.m2/repository/org/apache/ozone/hdds-client/1.3.0-SNAPSHOT/hdds-client-1.3.0-SNAPSHOT.jar:/home/runner/.m2/repository/org/apache/ozone/ozone-interface-client/1.3.0-SNAPSHOT/ozone-interface-client-1.3.0-SNAPSHOT.jar:/home/runner/.m2/repository/org/apache/ozone/hdds-test-utils/1.3.0-SNAPSHOT/hdds-test-utils-1.3.0-SNAPSHOT.jar:/home/runner/.m2/repository/com/google/guava/guava/30.1.1-jre/guava-30.1.1-jre.jar:/home/runner/.m2/repository/com/google/guava/failureaccess/1.0.1/failureaccess-1.0.1.jar:/home/runner/.m2/repository/com/google/guava/listenablefuture/9999.0-empty-to-avoid-conflict-with-guava/listenablefuture-9999.0-empty-to-avoid-conflict-with-guava.jar:/home/runner/.m2/repository/com/google/code/findbugs/jsr305/3.0.0/jsr305-3.0.0.jar:/home/runner/.m2/repository/org/checkerframework/checker-qual/3.8.0/checker-qual-3.8.0.jar:/home/runner/.m2/repository/com/google/errorprone/error_prone_annotations/2.2.0/error_prone_annotations-2.2.0.jar:/home/runner/.m2/repository/com/google/j2objc/j2objc-annotations/1.3/j2objc-annotations-1.3.jar:/home/runner/.m2/repository/commons-io/commons-io/2.11.0/commons-io-2.11.0.jar:/home/runner/.m2/repository/commons-logging/commons-logging/1.2/commons-logging-1.2.jar:/home/runner/.m2/repository/log4j/log4j/1.2.17/log4j-1.2.17.jar:/home/runner/.m2/repository/org/slf4j/slf4j-api/1.7.30/slf4j-api-1.7.30.jar:/home/runner/.m2/repository/org/apache/ozone/hdds-server-scm/1.3.0-SNAPSHOT/hdds-server-scm-1.3.0-SNAPSHOT.jar:/home/runner/.m2/repository/org/apache/ozone/hdds-container-service/1.3.0-SNAPSHOT/hdds-container-service-1.3.0-SNAPSHOT.jar:/home/runner/.m2/repository/org/apache/ozone/hdds-hadoop-dependency-server/1.3.0-SNAPSHOT/hdds-hadoop-dependency-server-1.3.0-SNAPSHOT.jar:/home/runner/.m2/repository/org/apache/hadoop/hadoop-hdfs/3.3.1/hadoop-hdfs-3.3.1.jar:/home/runner/.m2/repository/org/apache/ozone/hdds-server-framework/1.3.0-SNAPSHOT/hdds-server-framework-1.3.0-SNAPSHOT.jar:/home/runner/.m2/repository/org/apache/ozone/hdds-interface-server/1.3.0-SNAPSHOT/hdds-interface-server-1.3.0-SNAPSHOT.jar:/home/runner/.m2/repository/org/eclipse/jetty/jetty-servlet/9.4.43.v20210629/jetty-servlet-9.4.43.v20210629.jar:/home/runner/.m2/repository/org/eclipse/jetty/jetty-security/9.4.43.v20210629/jetty-security-9.4.43.v20210629.jar:/home/runner/.m2/repository/org/rocksdb/rocksdbjni/6.25.3/rocksdbjni-6.25.3.jar:/home/runner/.m2/repository/io/prometheus/simpleclient_dropwizard/0.7.0/simpleclient_dropwizard-0.7.0.jar:/home/runner/.m2/repository/io/prometheus/simpleclient/0.7.0/simpleclient-0.7.0.jar:/home/runner/.m2/repository/io/prometheus/simpleclient_common/0.7.0/simpleclient_common-0.7.0.jar:/home/runner/.m2/repository/com/fasterxml/jackson/datatype/jackson-datatype-jsr310/2.12.1/jackson-datatype-jsr310-2.12.1.jar:/home/runner/.m2/repository/io/dropwizard/metrics/metrics-core/3.2.4/metrics-core-3.2.4.jar:/home/runner/.m2/repository/org/apache/hadoop/hadoop-hdfs-client/3.3.1/hadoop-hdfs-client-3.3.1.jar:/home/runner/.m2/repository/org/bouncycastle/bcprov-jdk15on/1.67/bcprov-jdk15on-1.67.jar:/home/runner/.m2/repository/com/google/protobuf/protobuf-java/2.5.0/protobuf-java-2.5.0.jar:/home/runner/.m2/repository/org/apache/ozone/ozone-manager/1.3.0-SNAPSHOT/ozone-manager-1.3.0-SNAPSHOT.jar:/home/runner/.m2/repository/org/aspectj/aspectjrt/1.9.7/aspectjrt-1.9.7.jar:/home/runner/.m2/repository/org/aspectj/aspectjweaver/1.9.7/aspectjweaver-1.9.7.jar:/home/runner/.m2/repository/org/apache/ozone/hdds-interface-client/1.3.0-SNAPSHOT/hdds-interface-client-1.3.0-SNAPSHOT.jar:/home/runner/.m2/repository/org/apache/hadoop/thirdparty/hadoop-shaded-protobuf_3_7/1.1.1/hadoop-shaded-protobuf_3_7-1.1.1.jar:/home/runner/.m2/repository/org/apache/ozone/ozone-interface-storage/1.3.0-SNAPSHOT/ozone-interface-storage-1.3.0-SNAPSHOT.jar:/home/runner/.m2/repository/org/reflections/reflections/0.9.11/reflections-0.9.11.jar:/home/runner/.m2/repository/org/apache/hadoop/hadoop-minikdc/3.3.1/hadoop-minikdc-3.3.1.jar:/home/runner/.m2/repository/org/apache/kerby/kerb-simplekdc/1.0.1/kerb-simplekdc-1.0.1.jar:/home/runner/.m2/repository/org/apache/kerby/kerb-client/1.0.1/kerb-client-1.0.1.jar:/home/runner/.m2/repository/org/apache/kerby/kerby-config/1.0.1/kerby-config-1.0.1.jar:/home/runner/.m2/repository/org/apache/kerby/kerb-common/1.0.1/kerb-common-1.0.1.jar:/home/runner/.m2/repository/org/apache/kerby/kerb-crypto/1.0.1/kerb-crypto-1.0.1.jar:/home/runner/.m2/repository/org/apache/kerby/kerb-util/1.0.1/kerb-util-1.0.1.jar:/home/runner/.m2/repository/org/apache/kerby/token-provider/1.0.1/token-provider-1.0.1.jar:/home/runner/.m2/repository/org/apache/kerby/kerb-admin/1.0.1/kerb-admin-1.0.1.jar:/home/runner/.m2/repository/org/apache/kerby/kerb-server/1.0.1/kerb-server-1.0.1.jar:/home/runner/.m2/repository/org/apache/kerby/kerb-identity/1.0.1/kerb-identity-1.0.1.jar:/home/runner/.m2/repository/org/apache/kerby/kerby-xdr/1.0.1/kerby-xdr-1.0.1.jar:/home/runner/.m2/repository/org/slf4j/slf4j-log4j12/1.7.30/slf4j-log4j12-1.7.30.jar:/home/runner/.m2/repository/org/apache/ozone/ozone-s3gateway/1.3.0-SNAPSHOT/ozone-s3gateway-1.3.0-SNAPSHOT.jar:/home/runner/.m2/repository/org/javassist/javassist/3.21.0-GA/javassist-3.21.0-GA.jar:/home/runner/.m2/repository/org/jboss/weld/servlet/weld-servlet/2.4.7.Final/weld-servlet-2.4.7.Final.jar:/home/runner/.m2/repository/org/glassfish/jersey/containers/jersey-container-servlet-core/2.33/jersey-container-servlet-core-2.33.jar:/home/runner/.m2/repository/org/glassfish/hk2/external/jakarta.inject/2.6.1/jakarta.inject-2.6.1.jar:/home/runner/.m2/repository/org/glassfish/jersey/core/jersey-common/2.33/jersey-common-2.33.jar:/home/runner/.m2/repository/jakarta/ws/rs/jakarta.ws.rs-api/2.1.6/jakarta.ws.rs-api-2.1.6.jar:/home/runner/.m2/repository/org/glassfish/jersey/ext/cdi/jersey-cdi1x/2.33/jersey-cdi1x-2.33.jar:/home/runner/.m2/repository/org/glassfish/jersey/inject/jersey-hk2/2.33/jersey-hk2-2.33.jar:/home/runner/.m2/repository/org/glassfish/hk2/hk2-locator/2.6.1/hk2-locator-2.6.1.jar:/home/runner/.m2/repository/org/glassfish/jersey/media/jersey-media-jaxb/2.33/jersey-media-jaxb-2.33.jar:/home/runner/.m2/repository/org/glassfish/hk2/osgi-resource-locator/1.0.3/osgi-resource-locator-1.0.3.jar:/home/runner/.m2/repository/org/glassfish/hk2/hk2-api/2.5.0/hk2-api-2.5.0.jar:/home/runner/.m2/repository/org/glassfish/hk2/hk2-utils/2.5.0/hk2-utils-2.5.0.jar:/home/runner/.m2/repository/org/glassfish/hk2/external/aopalliance-repackaged/2.5.0/aopalliance-repackaged-2.5.0.jar:/home/runner/.m2/repository/com/fasterxml/jackson/dataformat/jackson-dataformat-xml/2.12.1/jackson-dataformat-xml-2.12.1.jar:/home/runner/.m2/repository/com/fasterxml/jackson/core/jackson-core/2.12.1/jackson-core-2.12.1.jar:/home/runner/.m2/repository/com/fasterxml/jackson/module/jackson-module-jaxb-annotations/2.12.1/jackson-module-jaxb-annotations-2.12.1.jar:/home/runner/.m2/repository/jakarta/xml/bind/jakarta.xml.bind-api/2.3.2/jakarta.xml.bind-api-2.3.2.jar:/home/runner/.m2/repository/org/codehaus/woodstox/stax2-api/3.1.4/stax2-api-3.1.4.jar:/home/runner/.m2/repository/com/fasterxml/woodstox/woodstox-core/5.0.3/woodstox-core-5.0.3.jar:/home/runner/.m2/repository/javax/enterprise/cdi-api/1.2/cdi-api-1.2.jar:/home/runner/.m2/repository/javax/el/javax.el-api/3.0.0/javax.el-api-3.0.0.jar:/home/runner/.m2/repository/javax/interceptor/javax.interceptor-api/1.2/javax.interceptor-api-1.2.jar:/home/runner/.m2/repository/javax/inject/javax.inject/1/javax.inject-1.jar:/home/runner/.m2/repository/javax/xml/bind/jaxb-api/2.3.0/jaxb-api-2.3.0.jar:/home/runner/.m2/repository/org/glassfish/jaxb/jaxb-runtime/2.3.0.1/jaxb-runtime-2.3.0.1.jar:/home/runner/.m2/repository/org/glassfish/jaxb/jaxb-core/2.3.0.1/jaxb-core-2.3.0.1.jar:/home/runner/.m2/repository/org/glassfish/jaxb/txw2/2.3.0.1/txw2-2.3.0.1.jar:/home/runner/.m2/repository/com/sun/istack/istack-commons-runtime/3.0.5/istack-commons-runtime-3.0.5.jar:/home/runner/.m2/repository/org/jvnet/staxex/stax-ex/1.7.8/stax-ex-1.7.8.jar:/home/runner/.m2/repository/com/sun/xml/fastinfoset/FastInfoset/1.2.13/FastInfoset-1.2.13.jar:/home/runner/.m2/repository/javax/activation/activation/1.1.1/activation-1.1.1.jar:/home/runner/.m2/repository/org/apache/ozone/ozone-csi/1.3.0-SNAPSHOT/ozone-csi-1.3.0-SNAPSHOT.jar:/home/runner/.m2/repository/com/google/protobuf/protobuf-java-util/3.12.0/protobuf-java-util-3.12.0.jar:/home/runner/.m2/repository/com/google/code/gson/gson/2.2.4/gson-2.2.4.jar:/home/runner/.m2/repository/org/apache/ozone/hdds-config/1.3.0-SNAPSHOT/hdds-config-1.3.0-SNAPSHOT.jar:/home/runner/.m2/repository/io/grpc/grpc-netty/1.33.0/grpc-netty-1.33.0.jar:/home/runner/.m2/repository/io/grpc/grpc-core/1.33.0/grpc-core-1.33.0.jar:/home/runner/.m2/repository/com/google/android/annotations/4.1.1.4/annotations-4.1.1.4.jar:/home/runner/.m2/repository/io/netty/netty-codec-http2/4.1.63.Final/netty-codec-http2-4.1.63.Final.jar:/home/runner/.m2/repository/io/netty/netty-codec-http/4.1.63.Final/netty-codec-http-4.1.63.Final.jar:/home/runner/.m2/repository/io/netty/netty-handler-proxy/4.1.63.Final/netty-handler-proxy-4.1.63.Final.jar:/home/runner/.m2/repository/io/netty/netty-codec-socks/4.1.63.Final/netty-codec-socks-4.1.63.Final.jar:/home/runner/.m2/repository/io/perfmark/perfmark-api/0.19.0/perfmark-api-0.19.0.jar:/home/runner/.m2/repository/org/codehaus/mojo/animal-sniffer-annotations/1.18/animal-sniffer-annotations-1.18.jar:/home/runner/.m2/repository/io/netty/netty-transport-native-epoll/4.1.63.Final/netty-transport-native-epoll-4.1.63.Final.jar:/home/runner/.m2/repository/io/netty/netty-common/4.1.63.Final/netty-common-4.1.63.Final.jar:/home/runner/.m2/repository/io/netty/netty-buffer/4.1.63.Final/netty-buffer-4.1.63.Final.jar:/home/runner/.m2/repository/io/netty/netty-transport-native-unix-common/4.1.63.Final/netty-transport-native-unix-common-4.1.63.Final.jar:/home/runner/.m2/repository/io/grpc/grpc-protobuf/1.33.0/grpc-protobuf-1.33.0.jar:/home/runner/.m2/repository/io/grpc/grpc-api/1.33.0/grpc-api-1.33.0.jar:/home/runner/.m2/repository/io/grpc/grpc-context/1.33.0/grpc-context-1.33.0.jar:/home/runner/.m2/repository/com/google/api/grpc/proto-google-common-protos/1.17.0/proto-google-common-protos-1.17.0.jar:/home/runner/.m2/repository/io/grpc/grpc-protobuf-lite/1.33.0/grpc-protobuf-lite-1.33.0.jar:/home/runner/.m2/repository/io/grpc/grpc-stub/1.33.0/grpc-stub-1.33.0.jar:/home/runner/.m2/repository/org/apache/ozone/ozone-recon/1.3.0-SNAPSHOT/ozone-recon-1.3.0-SNAPSHOT.jar:/home/runner/.m2/repository/org/apache/ozone/ozone-reconcodegen/1.3.0-SNAPSHOT/ozone-reconcodegen-1.3.0-SNAPSHOT.jar:/home/runner/.m2/repository/com/google/inject/extensions/guice-multibindings/4.0/guice-multibindings-4.0.jar:/home/runner/.m2/repository/com/google/inject/guice/4.0/guice-4.0.jar:/home/runner/.m2/repository/aopalliance/aopalliance/1.0/aopalliance-1.0.jar:/home/runner/.m2/repository/com/google/inject/extensions/guice-assistedinject/4.0/guice-assistedinject-4.0.jar:/home/runner/.m2/repository/com/google/inject/extensions/guice-servlet/4.0/guice-servlet-4.0.jar:/home/runner/.m2/repository/org/glassfish/jersey/containers/jersey-container-servlet/2.33/jersey-container-servlet-2.33.jar:/home/runner/.m2/repository/org/glassfish/hk2/guice-bridge/2.5.0/guice-bridge-2.5.0.jar:/home/runner/.m2/repository/org/glassfish/jersey/core/jersey-server/2.33/jersey-server-2.33.jar:/home/runner/.m2/repository/org/glassfish/jersey/core/jersey-client/2.33/jersey-client-2.33.jar:/home/runner/.m2/repository/jakarta/annotation/jakarta.annotation-api/1.3.5/jakarta.annotation-api-1.3.5.jar:/home/runner/.m2/repository/jakarta/validation/jakarta.validation-api/2.0.2/jakarta.validation-api-2.0.2.jar:/home/runner/.m2/repository/org/glassfish/jersey/media/jersey-media-json-jackson/2.33/jersey-media-json-jackson-2.33.jar:/home/runner/.m2/repository/org/glassfish/jersey/ext/jersey-entity-filtering/2.33/jersey-entity-filtering-2.33.jar:/home/runner/.m2/repository/org/jooq/jooq/3.11.10/jooq-3.11.10.jar:/home/runner/.m2/repository/org/jooq/jooq-meta/3.11.10/jooq-meta-3.11.10.jar:/home/runner/.m2/repository/org/jooq/jooq-codegen/3.11.10/jooq-codegen-3.11.10.jar:/home/runner/.m2/repository/com/jolbox/bonecp/0.8.0.RELEASE/bonecp-0.8.0.RELEASE.jar:/home/runner/.m2/repository/org/apache/derby/derby/10.14.2.0/derby-10.14.2.0.jar:/home/runner/.m2/repository/org/xerial/sqlite-jdbc/3.25.2/sqlite-jdbc-3.25.2.jar:/home/runner/.m2/repository/org/springframework/spring-jdbc/5.2.18.RELEASE/spring-jdbc-5.2.18.RELEASE.jar:/home/runner/.m2/repository/org/springframework/spring-beans/5.2.18.RELEASE/spring-beans-5.2.18.RELEASE.jar:/home/runner/.m2/repository/org/springframework/spring-core/5.2.18.RELEASE/spring-core-5.2.18.RELEASE.jar:/home/runner/.m2/repository/org/springframework/spring-jcl/5.2.18.RELEASE/spring-jcl-5.2.18.RELEASE.jar:/home/runner/.m2/repository/org/springframework/spring-tx/5.2.18.RELEASE/spring-tx-5.2.18.RELEASE.jar:/home/runner/.m2/repository/org/apache/ozone/ozone-client/1.3.0-SNAPSHOT/ozone-client-1.3.0-SNAPSHOT.jar:/home/runner/.m2/repository/org/apache/ozone/ozone-filesystem/1.3.0-SNAPSHOT/ozone-filesystem-1.3.0-SNAPSHOT.jar:/home/runner/.m2/repository/org/apache/ozone/ozone-filesystem-common/1.3.0-SNAPSHOT/ozone-filesystem-common-1.3.0-SNAPSHOT.jar:/home/runner/.m2/repository/org/apache/ozone/ozone-tools/1.3.0-SNAPSHOT/ozone-tools-1.3.0-SNAPSHOT.jar:/home/runner/.m2/repository/org/apache/ratis/ratis-tools/2.2.0/ratis-tools-2.2.0.jar:/home/runner/.m2/repository/com/amazonaws/aws-java-sdk-core/1.12.124/aws-java-sdk-core-1.12.124.jar:/home/runner/.m2/repository/org/apache/httpcomponents/httpclient/4.5.13/httpclient-4.5.13.jar:/home/runner/.m2/repository/org/apache/httpcomponents/httpcore/4.4.13/httpcore-4.4.13.jar:/home/runner/.m2/repository/software/amazon/ion/ion-java/1.0.2/ion-java-1.0.2.jar:/home/runner/.m2/repository/com/fasterxml/jackson/dataformat/jackson-dataformat-cbor/2.12.1/jackson-dataformat-cbor-2.12.1.jar:/home/runner/.m2/repository/joda-time/joda-time/2.8.1/joda-time-2.8.1.jar:/home/runner/.m2/repository/com/amazonaws/aws-java-sdk-s3/1.12.124/aws-java-sdk-s3-1.12.124.jar:/home/runner/.m2/repository/com/amazonaws/aws-java-sdk-kms/1.12.124/aws-java-sdk-kms-1.12.124.jar:/home/runner/.m2/repository/com/amazonaws/jmespath-java/1.12.124/jmespath-java-1.12.124.jar:/home/runner/.m2/repository/org/kohsuke/metainf-services/metainf-services/1.8/metainf-services-1.8.jar:/home/runner/.m2/repository/org/apache/ozone/hdds-tools/1.3.0-SNAPSHOT/hdds-tools-1.3.0-SNAPSHOT.jar:/home/runner/.m2/repository/commons-cli/commons-cli/1.2/commons-cli-1.2.jar:/home/runner/.m2/repository/org/apache/commons/commons-lang3/3.7/commons-lang3-3.7.jar:/home/runner/.m2/repository/org/apache/ozone/ozone-manager/1.3.0-SNAPSHOT/ozone-manager-1.3.0-SNAPSHOT-tests.jar:/home/runner/.m2/repository/org/apache/ozone/hdds-common/1.3.0-SNAPSHOT/hdds-common-1.3.0-SNAPSHOT-tests.jar:/home/runner/.m2/repository/org/apache/ozone/hdds-hadoop-dependency-client/1.3.0-SNAPSHOT/hdds-hadoop-dependency-client-1.3.0-SNAPSHOT.jar:/home/runner/.m2/repository/info/picocli/picocli/4.6.1/picocli-4.6.1.jar:/home/runner/.m2/repository/com/fasterxml/jackson/core/jackson-annotations/2.12.1/jackson-annotations-2.12.1.jar:/home/runner/.m2/repository/javax/annotation/javax.annotation-api/1.2/javax.annotation-api-1.2.jar:/home/runner/.m2/repository/org/apache/ratis/ratis-server/2.2.0/ratis-server-2.2.0.jar:/home/runner/.m2/repository/org/apache/ratis/ratis-client/2.2.0/ratis-client-2.2.0.jar:/home/runner/.m2/repository/org/apache/ratis/ratis-server-api/2.2.0/ratis-server-api-2.2.0.jar:/home/runner/.m2/repository/org/apache/ratis/ratis-metrics/2.2.0/ratis-metrics-2.2.0.jar:/home/runner/.m2/repository/org/apache/ratis/ratis-netty/2.2.0/ratis-netty-2.2.0.jar:/home/runner/.m2/repository/org/apache/ratis/ratis-grpc/2.2.0/ratis-grpc-2.2.0.jar:/home/runner/.m2/repository/org/apache/logging/log4j/log4j-api/2.17.1/log4j-api-2.17.1.jar:/home/runner/.m2/repository/org/apache/logging/log4j/log4j-core/2.17.1/log4j-core-2.17.1.jar:/home/runner/.m2/repository/com/lmax/disruptor/3.4.2/disruptor-3.4.2.jar:/home/runner/.m2/repository/org/apache/commons/commons-pool2/2.6.0/commons-pool2-2.6.0.jar:/home/runner/.m2/repository/org/bouncycastle/bcpkix-jdk15on/1.67/bcpkix-jdk15on-1.67.jar:/home/runner/.m2/repository/commons-validator/commons-validator/1.6/commons-validator-1.6.jar:/home/runner/.m2/repository/commons-beanutils/commons-beanutils/1.9.4/commons-beanutils-1.9.4.jar:/home/runner/.m2/repository/commons-digester/commons-digester/1.8.1/commons-digester-1.8.1.jar:/home/runner/.m2/repository/commons-collections/commons-collections/3.2.2/commons-collections-3.2.2.jar:/home/runner/.m2/repository/io/jaegertracing/jaeger-client/1.6.0/jaeger-client-1.6.0.jar:/home/runner/.m2/repository/io/jaegertracing/jaeger-thrift/1.6.0/jaeger-thrift-1.6.0.jar:/home/runner/.m2/repository/org/apache/thrift/libthrift/0.14.1/libthrift-0.14.1.jar:/home/runner/.m2/repository/com/squareup/okhttp3/okhttp/4.9.0/okhttp-4.9.0.jar:/home/runner/.m2/repository/com/squareup/okio/okio/2.8.0/okio-2.8.0.jar:/home/runner/.m2/repository/io/jaegertracing/jaeger-core/1.6.0/jaeger-core-1.6.0.jar:/home/runner/.m2/repository/io/jaegertracing/jaeger-tracerresolver/1.6.0/jaeger-tracerresolver-1.6.0.jar:/home/runner/.m2/repository/io/opentracing/contrib/opentracing-tracerresolver/0.1.8/opentracing-tracerresolver-0.1.8.jar:/home/runner/.m2/repository/org/jetbrains/kotlin/kotlin-stdlib/1.4.31/kotlin-stdlib-1.4.31.jar:/home/runner/.m2/repository/org/jetbrains/kotlin/kotlin-stdlib-common/1.4.31/kotlin-stdlib-common-1.4.31.jar:/home/runner/.m2/repository/org/jetbrains/annotations/13.0/annotations-13.0.jar:/home/runner/.m2/repository/io/opentracing/opentracing-util/0.33.0/opentracing-util-0.33.0.jar:/home/runner/.m2/repository/io/opentracing/opentracing-api/0.33.0/opentracing-api-0.33.0.jar:/home/runner/.m2/repository/io/opentracing/opentracing-noop/0.33.0/opentracing-noop-0.33.0.jar:/home/runner/.m2/repository/org/yaml/snakeyaml/1.26/snakeyaml-1.26.jar:/home/runner/.m2/repository/org/apache/ozone/hdds-interface-admin/1.3.0-SNAPSHOT/hdds-interface-admin-1.3.0-SNAPSHOT.jar:/home/runner/.m2/repository/junit/junit/4.13.1/junit-4.13.1.jar:/home/runner/.m2/repository/org/hamcrest/hamcrest-core/1.3/hamcrest-core-1.3.jar:/home/runner/.m2/repository/org/junit/jupiter/junit-jupiter-api/5.7.0/junit-jupiter-api-5.7.0.jar:/home/runner/.m2/repository/org/apiguardian/apiguardian-api/1.1.0/apiguardian-api-1.1.0.jar:/home/runner/.m2/repository/org/opentest4j/opentest4j/1.2.0/opentest4j-1.2.0.jar:/home/runner/.m2/repository/org/junit/platform/junit-platform-commons/1.7.0/junit-platform-commons-1.7.0.jar:/home/runner/.m2/repository/org/junit/jupiter/junit-jupiter-engine/5.7.0/junit-jupiter-engine-5.7.0.jar:/home/runner/.m2/repository/org/junit/platform/junit-platform-engine/1.7.0/junit-platform-engine-1.7.0.jar:/home/runner/.m2/repository/org/junit/vintage/junit-vintage-engine/5.7.0/junit-vintage-engine-5.7.0.jar:/home/runner/.m2/repository/org/junit/platform/junit-platform-launcher/1.7.0/junit-platform-launcher-1.7.0.jar:/home/runner/.m2/repository/org/mockito/mockito-core/2.28.2/mockito-core-2.28.2.jar:/home/runner/.m2/repository/net/bytebuddy/byte-buddy/1.9.10/byte-buddy-1.9.10.jar:/home/runner/.m2/repository/net/bytebuddy/byte-buddy-agent/1.9.10/byte-buddy-agent-1.9.10.jar:/home/runner/.m2/repository/org/objenesis/objenesis/1.0/objenesis-1.0.jar:/home/runner/.m2/repository/org/apache/hadoop/hadoop-kms/3.3.1/hadoop-kms-3.3.1.jar:/home/runner/.m2/repository/org/apache/hadoop/hadoop-auth/3.3.1/hadoop-auth-3.3.1.jar:/home/runner/.m2/repository/com/nimbusds/nimbus-jose-jwt/7.9/nimbus-jose-jwt-7.9.jar:/home/runner/.m2/repository/com/github/stephenc/jcip/jcip-annotations/1.0-1/jcip-annotations-1.0-1.jar:/home/runner/.m2/repository/net/minidev/json-smart/2.4.7/json-smart-2.4.7.jar:/home/runner/.m2/repository/net/minidev/accessors-smart/2.4.7/accessors-smart-2.4.7.jar:/home/runner/.m2/repository/org/ow2/asm/asm/5.0.4/asm-5.0.4.jar:/home/runner/.m2/repository/org/apache/zookeeper/zookeeper/3.5.6/zookeeper-3.5.6.jar:/home/runner/.m2/repository/org/apache/zookeeper/zookeeper-jute/3.5.6/zookeeper-jute-3.5.6.jar:/home/runner/.m2/repository/org/apache/yetus/audience-annotations/0.5.0/audience-annotations-0.5.0.jar:/home/runner/.m2/repository/org/apache/curator/curator-framework/4.2.0/curator-framework-4.2.0.jar:/home/runner/.m2/repository/org/apache/hadoop/thirdparty/hadoop-shaded-guava/1.1.1/hadoop-shaded-guava-1.1.1.jar:/home/runner/.m2/repository/com/sun/jersey/jersey-core/1.19/jersey-core-1.19.jar:/home/runner/.m2/repository/javax/ws/rs/jsr311-api/1.1.1/jsr311-api-1.1.1.jar:/home/runner/.m2/repository/com/sun/jersey/jersey-server/1.19/jersey-server-1.19.jar:/home/runner/.m2/repository/javax/servlet/javax.servlet-api/3.1.0/javax.servlet-api-3.1.0.jar:/home/runner/.m2/repository/org/eclipse/jetty/jetty-server/9.4.43.v20210629/jetty-server-9.4.43.v20210629.jar:/home/runner/.m2/repository/org/eclipse/jetty/jetty-http/9.4.43.v20210629/jetty-http-9.4.43.v20210629.jar:/home/runner/.m2/repository/org/eclipse/jetty/jetty-io/9.4.43.v20210629/jetty-io-9.4.43.v20210629.jar:/home/runner/.m2/repository/org/eclipse/jetty/jetty-webapp/9.4.43.v20210629/jetty-webapp-9.4.43.v20210629.jar:/home/runner/.m2/repository/org/eclipse/jetty/jetty-xml/9.4.43.v20210629/jetty-xml-9.4.43.v20210629.jar:/home/runner/.m2/repository/org/apache/hadoop/hadoop-common/3.3.1/hadoop-common-3.3.1.jar:/home/runner/.m2/repository/org/apache/commons/commons-math3/3.1.1/commons-math3-3.1.1.jar:/home/runner/.m2/repository/commons-net/commons-net/3.6/commons-net-3.6.jar:/home/runner/.m2/repository/jakarta/activation/jakarta.activation-api/1.2.1/jakarta.activation-api-1.2.1.jar:/home/runner/.m2/repository/com/sun/jersey/jersey-servlet/1.19/jersey-servlet-1.19.jar:/home/runner/.m2/repository/com/sun/jersey/jersey-json/1.19/jersey-json-1.19.jar:/home/runner/.m2/repository/org/codehaus/jettison/jettison/1.1/jettison-1.1.jar:/home/runner/.m2/repository/com/sun/xml/bind/jaxb-impl/2.2.3-1/jaxb-impl-2.2.3-1.jar:/home/runner/.m2/repository/org/codehaus/jackson/jackson-jaxrs/1.9.2/jackson-jaxrs-1.9.2.jar:/home/runner/.m2/repository/org/codehaus/jackson/jackson-xc/1.9.2/jackson-xc-1.9.2.jar:/home/runner/.m2/repository/org/apache/commons/commons-configuration2/2.1.1/commons-configuration2-2.1.1.jar:/home/runner/.m2/repository/org/apache/commons/commons-text/1.4/commons-text-1.4.jar:/home/runner/.m2/repository/com/google/re2j/re2j/1.1/re2j-1.1.jar:/home/runner/.m2/repository/com/jcraft/jsch/0.1.54/jsch-0.1.54.jar:/home/runner/.m2/repository/org/apache/curator/curator-client/4.2.0/curator-client-4.2.0.jar:/home/runner/.m2/repository/org/apache/curator/curator-recipes/4.2.0/curator-recipes-4.2.0.jar:/home/runner/.m2/repository/org/apache/kerby/kerb-core/1.0.1/kerb-core-1.0.1.jar:/home/runner/.m2/repository/org/apache/kerby/kerby-pkix/1.0.1/kerby-pkix-1.0.1.jar:/home/runner/.m2/repository/org/apache/kerby/kerby-asn1/1.0.1/kerby-asn1-1.0.1.jar:/home/runner/.m2/repository/org/apache/kerby/kerby-util/1.0.1/kerby-util-1.0.1.jar:/home/runner/.m2/repository/dnsjava/dnsjava/2.1.7/dnsjava-2.1.7.jar:/home/runner/.m2/repository/org/xerial/snappy/snappy-java/1.1.8.2/snappy-java-1.1.8.2.jar:/home/runner/.m2/repository/org/slf4j/jul-to-slf4j/1.7.30/jul-to-slf4j-1.7.30.jar:/home/runner/.m2/repository/org/eclipse/jetty/jetty-util/9.4.43.v20210629/jetty-util-9.4.43.v20210629.jar:/home/runner/.m2/repository/com/fasterxml/jackson/core/jackson-databind/2.12.1/jackson-databind-2.12.1.jar:/home/runner/.m2/repository/org/apache/hadoop/hadoop-kms/3.3.1/hadoop-kms-3.3.1-tests.jar:/home/runner/.m2/repository/org/apache/ozone/hdds-server-scm/1.3.0-SNAPSHOT/hdds-server-scm-1.3.0-SNAPSHOT-tests.jar:/home/runner/.m2/repository/org/apache/ozone/hdds-container-service/1.3.0-SNAPSHOT/hdds-container-service-1.3.0-SNAPSHOT-tests.jar:/home/runner/.m2/repository/commons-codec/commons-codec/1.11/commons-codec-1.11.jar:/home/runner/.m2/repository/io/netty/netty-transport/4.1.63.Final/netty-transport-4.1.63.Final.jar:/home/runner/.m2/repository/io/netty/netty-resolver/4.1.63.Final/netty-resolver-4.1.63.Final.jar:/home/runner/.m2/repository/io/netty/netty-codec/4.1.63.Final/netty-codec-4.1.63.Final.jar:/home/runner/.m2/repository/io/netty/netty-handler/4.1.63.Final/netty-handler-4.1.63.Final.jar:/home/runner/.m2/repository/org/apache/ozone/hdds-hadoop-dependency-test/1.3.0-SNAPSHOT/hdds-hadoop-dependency-test-1.3.0-SNAPSHOT.jar:/home/runner/.m2/repository/org/apache/hadoop/hadoop-common/3.3.1/hadoop-common-3.3.1-tests.jar:/home/runner/.m2/repository/org/assertj/assertj-core/3.12.2/assertj-core-3.12.2.jar:/home/runner/.m2/repository/org/apache/hadoop/hadoop-hdfs/3.3.1/hadoop-hdfs-3.3.1-tests.jar:/home/runner/.m2/repository/org/eclipse/jetty/jetty-util-ajax/9.4.43.v20210629/jetty-util-ajax-9.4.43.v20210629.jar:/home/runner/.m2/repository/commons-daemon/commons-daemon/1.0.13/commons-daemon-1.0.13.jar:/home/runner/.m2/repository/io/netty/netty/3.10.6.Final/netty-3.10.6.Final.jar:/home/runner/.m2/repository/io/netty/netty-all/4.1.63.Final/netty-all-4.1.63.Final.jar:/home/runner/.m2/repository/org/apache/htrace/htrace-core4/4.1.0-incubating/htrace-core4-4.1.0-incubating.jar:/home/runner/.m2/repository/org/fusesource/leveldbjni/leveldbjni-all/1.8/leveldbjni-all-1.8.jar:/home/runner/.m2/repository/org/apache/hadoop/hadoop-distcp/3.3.1/hadoop-distcp-3.3.1.jar:/home/runner/.m2/repository/org/apache/hadoop/hadoop-mapreduce-client-jobclient/3.3.1/hadoop-mapreduce-client-jobclient-3.3.1.jar:/home/runner/.m2/repository/org/apache/hadoop/hadoop-mapreduce-client-common/3.3.1/hadoop-mapreduce-client-common-3.3.1.jar:/home/runner/.m2/repository/org/apache/hadoop/hadoop-yarn-common/3.3.1/hadoop-yarn-common-3.3.1.jar:/home/runner/.m2/repository/org/apache/hadoop/hadoop-yarn-api/3.3.1/hadoop-yarn-api-3.3.1.jar:/home/runner/.m2/repository/com/sun/jersey/jersey-client/1.19/jersey-client-1.19.jar:/home/runner/.m2/repository/com/sun/jersey/contribs/jersey-guice/1.19/jersey-guice-1.19.jar:/home/runner/.m2/repository/com/fasterxml/jackson/jaxrs/jackson-jaxrs-json-provider/2.12.1/jackson-jaxrs-json-provider-2.12.1.jar:/home/runner/.m2/repository/com/fasterxml/jackson/jaxrs/jackson-jaxrs-base/2.12.1/jackson-jaxrs-base-2.12.1.jar:/home/runner/.m2/repository/org/apache/hadoop/hadoop-yarn-client/3.3.1/hadoop-yarn-client-3.3.1.jar:/home/runner/.m2/repository/org/eclipse/jetty/websocket/websocket-client/9.4.40.v20210413/websocket-client-9.4.40.v20210413.jar:/home/runner/.m2/repository/org/eclipse/jetty/jetty-client/9.4.40.v20210413/jetty-client-9.4.40.v20210413.jar:/home/runner/.m2/repository/org/eclipse/jetty/websocket/websocket-common/9.4.40.v20210413/websocket-common-9.4.40.v20210413.jar:/home/runner/.m2/repository/org/eclipse/jetty/websocket/websocket-api/9.4.40.v20210413/websocket-api-9.4.40.v20210413.jar:/home/runner/.m2/repository/org/jline/jline/3.9.0/jline-3.9.0.jar:/home/runner/.m2/repository/org/apache/hadoop/hadoop-mapreduce-client-core/3.3.1/hadoop-mapreduce-client-core-3.3.1.jar:/home/runner/.m2/repository/org/apache/avro/avro/1.7.7/avro-1.7.7.jar:/home/runner/.m2/repository/org/codehaus/jackson/jackson-core-asl/1.9.13/jackson-core-asl-1.9.13.jar:/home/runner/.m2/repository/org/codehaus/jackson/jackson-mapper-asl/1.9.13/jackson-mapper-asl-1.9.13.jar:/home/runner/.m2/repository/com/thoughtworks/paranamer/paranamer/2.3/paranamer-2.3.jar:/home/runner/.m2/repository/org/apache/hadoop/hadoop-annotations/3.3.1/hadoop-annotations-3.3.1.jar:/usr/lib/jvm/temurin-8-jdk-amd64/jre/../lib/tools.jar:/home/runner/.m2/repository/org/apache/hadoop/hadoop-distcp/3.3.1/hadoop-distcp-3.3.1-tests.jar:/home/runner/.m2/repository/org/apache/ratis/ratis-common/2.2.0/ratis-common-2.2.0.jar:/home/runner/.m2/repository/org/apache/ratis/ratis-thirdparty-misc/0.7.0/ratis-thirdparty-misc-0.7.0.jar:/home/runner/.m2/repository/org/apache/ratis/ratis-proto/2.2.0/ratis-proto-2.2.0.jar:"/>
    <property name="java.vm.vendor" value="Temurin"/>
    <property name="sun.arch.data.model" value="64"/>
    <property name="test.build.dir" value="/home/runner/work/ozone/ozone/hadoop-ozone/integration-test/target/test-dir"/>
    <property name="test.cache.data" value=""/>
    <property name="java.vendor.url" value="https://adoptium.net/"/>
    <property name="user.timezone" value=""/>
    <property name="java.vm.specification.version" value="1.8"/>
    <property name="os.name" value="Linux"/>
    <property name="test.build.data" value="/home/runner/work/ozone/ozone/hadoop-ozone/integration-test/target/test-dir"/>
    <property name="sun.java.launcher" value="SUN_STANDARD"/>
    <property name="sun.boot.library.path" value="/usr/lib/jvm/temurin-8-jdk-amd64/jre/lib/amd64"/>
    <property name="sun.java.command" value="/home/runner/work/ozone/ozone/hadoop-ozone/integration-test/target/surefire/surefirebooter1010769734262316773.jar /home/runner/work/ozone/ozone/hadoop-ozone/integration-test/target/surefire 2022-03-07T08-57-46_972-jvmRun1 surefire1191355513893434204tmp surefire_902958669550810553167tmp"/>
    <property name="surefire.test.class.path" value="/home/runner/work/ozone/ozone/hadoop-ozone/integration-test/target/test-classes:/home/runner/work/ozone/ozone/hadoop-ozone/integration-test/target/classes:/home/runner/.m2/repository/org/apache/ozone/ozone-common/1.3.0-SNAPSHOT/ozone-common-1.3.0-SNAPSHOT.jar:/home/runner/.m2/repository/org/apache/commons/commons-compress/1.21/commons-compress-1.21.jar:/home/runner/.m2/repository/org/apache/ozone/hdds-common/1.3.0-SNAPSHOT/hdds-common-1.3.0-SNAPSHOT.jar:/home/runner/.m2/repository/org/apache/ozone/hdds-client/1.3.0-SNAPSHOT/hdds-client-1.3.0-SNAPSHOT.jar:/home/runner/.m2/repository/org/apache/ozone/ozone-interface-client/1.3.0-SNAPSHOT/ozone-interface-client-1.3.0-SNAPSHOT.jar:/home/runner/.m2/repository/org/apache/ozone/hdds-test-utils/1.3.0-SNAPSHOT/hdds-test-utils-1.3.0-SNAPSHOT.jar:/home/runner/.m2/repository/com/google/guava/guava/30.1.1-jre/guava-30.1.1-jre.jar:/home/runner/.m2/repository/com/google/guava/failureaccess/1.0.1/failureaccess-1.0.1.jar:/home/runner/.m2/repository/com/google/guava/listenablefuture/9999.0-empty-to-avoid-conflict-with-guava/listenablefuture-9999.0-empty-to-avoid-conflict-with-guava.jar:/home/runner/.m2/repository/com/google/code/findbugs/jsr305/3.0.0/jsr305-3.0.0.jar:/home/runner/.m2/repository/org/checkerframework/checker-qual/3.8.0/checker-qual-3.8.0.jar:/home/runner/.m2/repository/com/google/errorprone/error_prone_annotations/2.2.0/error_prone_annotations-2.2.0.jar:/home/runner/.m2/repository/com/google/j2objc/j2objc-annotations/1.3/j2objc-annotations-1.3.jar:/home/runner/.m2/repository/commons-io/commons-io/2.11.0/commons-io-2.11.0.jar:/home/runner/.m2/repository/commons-logging/commons-logging/1.2/commons-logging-1.2.jar:/home/runner/.m2/repository/log4j/log4j/1.2.17/log4j-1.2.17.jar:/home/runner/.m2/repository/org/slf4j/slf4j-api/1.7.30/slf4j-api-1.7.30.jar:/home/runner/.m2/repository/org/apache/ozone/hdds-server-scm/1.3.0-SNAPSHOT/hdds-server-scm-1.3.0-SNAPSHOT.jar:/home/runner/.m2/repository/org/apache/ozone/hdds-container-service/1.3.0-SNAPSHOT/hdds-container-service-1.3.0-SNAPSHOT.jar:/home/runner/.m2/repository/org/apache/ozone/hdds-hadoop-dependency-server/1.3.0-SNAPSHOT/hdds-hadoop-dependency-server-1.3.0-SNAPSHOT.jar:/home/runner/.m2/repository/org/apache/hadoop/hadoop-hdfs/3.3.1/hadoop-hdfs-3.3.1.jar:/home/runner/.m2/repository/org/apache/ozone/hdds-server-framework/1.3.0-SNAPSHOT/hdds-server-framework-1.3.0-SNAPSHOT.jar:/home/runner/.m2/repository/org/apache/ozone/hdds-interface-server/1.3.0-SNAPSHOT/hdds-interface-server-1.3.0-SNAPSHOT.jar:/home/runner/.m2/repository/org/eclipse/jetty/jetty-servlet/9.4.43.v20210629/jetty-servlet-9.4.43.v20210629.jar:/home/runner/.m2/repository/org/eclipse/jetty/jetty-security/9.4.43.v20210629/jetty-security-9.4.43.v20210629.jar:/home/runner/.m2/repository/org/rocksdb/rocksdbjni/6.25.3/rocksdbjni-6.25.3.jar:/home/runner/.m2/repository/io/prometheus/simpleclient_dropwizard/0.7.0/simpleclient_dropwizard-0.7.0.jar:/home/runner/.m2/repository/io/prometheus/simpleclient/0.7.0/simpleclient-0.7.0.jar:/home/runner/.m2/repository/io/prometheus/simpleclient_common/0.7.0/simpleclient_common-0.7.0.jar:/home/runner/.m2/repository/com/fasterxml/jackson/datatype/jackson-datatype-jsr310/2.12.1/jackson-datatype-jsr310-2.12.1.jar:/home/runner/.m2/repository/io/dropwizard/metrics/metrics-core/3.2.4/metrics-core-3.2.4.jar:/home/runner/.m2/repository/org/apache/hadoop/hadoop-hdfs-client/3.3.1/hadoop-hdfs-client-3.3.1.jar:/home/runner/.m2/repository/org/bouncycastle/bcprov-jdk15on/1.67/bcprov-jdk15on-1.67.jar:/home/runner/.m2/repository/com/google/protobuf/protobuf-java/2.5.0/protobuf-java-2.5.0.jar:/home/runner/.m2/repository/org/apache/ozone/ozone-manager/1.3.0-SNAPSHOT/ozone-manager-1.3.0-SNAPSHOT.jar:/home/runner/.m2/repository/org/aspectj/aspectjrt/1.9.7/aspectjrt-1.9.7.jar:/home/runner/.m2/repository/org/aspectj/aspectjweaver/1.9.7/aspectjweaver-1.9.7.jar:/home/runner/.m2/repository/org/apache/ozone/hdds-interface-client/1.3.0-SNAPSHOT/hdds-interface-client-1.3.0-SNAPSHOT.jar:/home/runner/.m2/repository/org/apache/hadoop/thirdparty/hadoop-shaded-protobuf_3_7/1.1.1/hadoop-shaded-protobuf_3_7-1.1.1.jar:/home/runner/.m2/repository/org/apache/ozone/ozone-interface-storage/1.3.0-SNAPSHOT/ozone-interface-storage-1.3.0-SNAPSHOT.jar:/home/runner/.m2/repository/org/reflections/reflections/0.9.11/reflections-0.9.11.jar:/home/runner/.m2/repository/org/apache/hadoop/hadoop-minikdc/3.3.1/hadoop-minikdc-3.3.1.jar:/home/runner/.m2/repository/org/apache/kerby/kerb-simplekdc/1.0.1/kerb-simplekdc-1.0.1.jar:/home/runner/.m2/repository/org/apache/kerby/kerb-client/1.0.1/kerb-client-1.0.1.jar:/home/runner/.m2/repository/org/apache/kerby/kerby-config/1.0.1/kerby-config-1.0.1.jar:/home/runner/.m2/repository/org/apache/kerby/kerb-common/1.0.1/kerb-common-1.0.1.jar:/home/runner/.m2/repository/org/apache/kerby/kerb-crypto/1.0.1/kerb-crypto-1.0.1.jar:/home/runner/.m2/repository/org/apache/kerby/kerb-util/1.0.1/kerb-util-1.0.1.jar:/home/runner/.m2/repository/org/apache/kerby/token-provider/1.0.1/token-provider-1.0.1.jar:/home/runner/.m2/repository/org/apache/kerby/kerb-admin/1.0.1/kerb-admin-1.0.1.jar:/home/runner/.m2/repository/org/apache/kerby/kerb-server/1.0.1/kerb-server-1.0.1.jar:/home/runner/.m2/repository/org/apache/kerby/kerb-identity/1.0.1/kerb-identity-1.0.1.jar:/home/runner/.m2/repository/org/apache/kerby/kerby-xdr/1.0.1/kerby-xdr-1.0.1.jar:/home/runner/.m2/repository/org/slf4j/slf4j-log4j12/1.7.30/slf4j-log4j12-1.7.30.jar:/home/runner/.m2/repository/org/apache/ozone/ozone-s3gateway/1.3.0-SNAPSHOT/ozone-s3gateway-1.3.0-SNAPSHOT.jar:/home/runner/.m2/repository/org/javassist/javassist/3.21.0-GA/javassist-3.21.0-GA.jar:/home/runner/.m2/repository/org/jboss/weld/servlet/weld-servlet/2.4.7.Final/weld-servlet-2.4.7.Final.jar:/home/runner/.m2/repository/org/glassfish/jersey/containers/jersey-container-servlet-core/2.33/jersey-container-servlet-core-2.33.jar:/home/runner/.m2/repository/org/glassfish/hk2/external/jakarta.inject/2.6.1/jakarta.inject-2.6.1.jar:/home/runner/.m2/repository/org/glassfish/jersey/core/jersey-common/2.33/jersey-common-2.33.jar:/home/runner/.m2/repository/jakarta/ws/rs/jakarta.ws.rs-api/2.1.6/jakarta.ws.rs-api-2.1.6.jar:/home/runner/.m2/repository/org/glassfish/jersey/ext/cdi/jersey-cdi1x/2.33/jersey-cdi1x-2.33.jar:/home/runner/.m2/repository/org/glassfish/jersey/inject/jersey-hk2/2.33/jersey-hk2-2.33.jar:/home/runner/.m2/repository/org/glassfish/hk2/hk2-locator/2.6.1/hk2-locator-2.6.1.jar:/home/runner/.m2/repository/org/glassfish/jersey/media/jersey-media-jaxb/2.33/jersey-media-jaxb-2.33.jar:/home/runner/.m2/repository/org/glassfish/hk2/osgi-resource-locator/1.0.3/osgi-resource-locator-1.0.3.jar:/home/runner/.m2/repository/org/glassfish/hk2/hk2-api/2.5.0/hk2-api-2.5.0.jar:/home/runner/.m2/repository/org/glassfish/hk2/hk2-utils/2.5.0/hk2-utils-2.5.0.jar:/home/runner/.m2/repository/org/glassfish/hk2/external/aopalliance-repackaged/2.5.0/aopalliance-repackaged-2.5.0.jar:/home/runner/.m2/repository/com/fasterxml/jackson/dataformat/jackson-dataformat-xml/2.12.1/jackson-dataformat-xml-2.12.1.jar:/home/runner/.m2/repository/com/fasterxml/jackson/core/jackson-core/2.12.1/jackson-core-2.12.1.jar:/home/runner/.m2/repository/com/fasterxml/jackson/module/jackson-module-jaxb-annotations/2.12.1/jackson-module-jaxb-annotations-2.12.1.jar:/home/runner/.m2/repository/jakarta/xml/bind/jakarta.xml.bind-api/2.3.2/jakarta.xml.bind-api-2.3.2.jar:/home/runner/.m2/repository/org/codehaus/woodstox/stax2-api/3.1.4/stax2-api-3.1.4.jar:/home/runner/.m2/repository/com/fasterxml/woodstox/woodstox-core/5.0.3/woodstox-core-5.0.3.jar:/home/runner/.m2/repository/javax/enterprise/cdi-api/1.2/cdi-api-1.2.jar:/home/runner/.m2/repository/javax/el/javax.el-api/3.0.0/javax.el-api-3.0.0.jar:/home/runner/.m2/repository/javax/interceptor/javax.interceptor-api/1.2/javax.interceptor-api-1.2.jar:/home/runner/.m2/repository/javax/inject/javax.inject/1/javax.inject-1.jar:/home/runner/.m2/repository/javax/xml/bind/jaxb-api/2.3.0/jaxb-api-2.3.0.jar:/home/runner/.m2/repository/org/glassfish/jaxb/jaxb-runtime/2.3.0.1/jaxb-runtime-2.3.0.1.jar:/home/runner/.m2/repository/org/glassfish/jaxb/jaxb-core/2.3.0.1/jaxb-core-2.3.0.1.jar:/home/runner/.m2/repository/org/glassfish/jaxb/txw2/2.3.0.1/txw2-2.3.0.1.jar:/home/runner/.m2/repository/com/sun/istack/istack-commons-runtime/3.0.5/istack-commons-runtime-3.0.5.jar:/home/runner/.m2/repository/org/jvnet/staxex/stax-ex/1.7.8/stax-ex-1.7.8.jar:/home/runner/.m2/repository/com/sun/xml/fastinfoset/FastInfoset/1.2.13/FastInfoset-1.2.13.jar:/home/runner/.m2/repository/javax/activation/activation/1.1.1/activation-1.1.1.jar:/home/runner/.m2/repository/org/apache/ozone/ozone-csi/1.3.0-SNAPSHOT/ozone-csi-1.3.0-SNAPSHOT.jar:/home/runner/.m2/repository/com/google/protobuf/protobuf-java-util/3.12.0/protobuf-java-util-3.12.0.jar:/home/runner/.m2/repository/com/google/code/gson/gson/2.2.4/gson-2.2.4.jar:/home/runner/.m2/repository/org/apache/ozone/hdds-config/1.3.0-SNAPSHOT/hdds-config-1.3.0-SNAPSHOT.jar:/home/runner/.m2/repository/io/grpc/grpc-netty/1.33.0/grpc-netty-1.33.0.jar:/home/runner/.m2/repository/io/grpc/grpc-core/1.33.0/grpc-core-1.33.0.jar:/home/runner/.m2/repository/com/google/android/annotations/4.1.1.4/annotations-4.1.1.4.jar:/home/runner/.m2/repository/io/netty/netty-codec-http2/4.1.63.Final/netty-codec-http2-4.1.63.Final.jar:/home/runner/.m2/repository/io/netty/netty-codec-http/4.1.63.Final/netty-codec-http-4.1.63.Final.jar:/home/runner/.m2/repository/io/netty/netty-handler-proxy/4.1.63.Final/netty-handler-proxy-4.1.63.Final.jar:/home/runner/.m2/repository/io/netty/netty-codec-socks/4.1.63.Final/netty-codec-socks-4.1.63.Final.jar:/home/runner/.m2/repository/io/perfmark/perfmark-api/0.19.0/perfmark-api-0.19.0.jar:/home/runner/.m2/repository/org/codehaus/mojo/animal-sniffer-annotations/1.18/animal-sniffer-annotations-1.18.jar:/home/runner/.m2/repository/io/netty/netty-transport-native-epoll/4.1.63.Final/netty-transport-native-epoll-4.1.63.Final.jar:/home/runner/.m2/repository/io/netty/netty-common/4.1.63.Final/netty-common-4.1.63.Final.jar:/home/runner/.m2/repository/io/netty/netty-buffer/4.1.63.Final/netty-buffer-4.1.63.Final.jar:/home/runner/.m2/repository/io/netty/netty-transport-native-unix-common/4.1.63.Final/netty-transport-native-unix-common-4.1.63.Final.jar:/home/runner/.m2/repository/io/grpc/grpc-protobuf/1.33.0/grpc-protobuf-1.33.0.jar:/home/runner/.m2/repository/io/grpc/grpc-api/1.33.0/grpc-api-1.33.0.jar:/home/runner/.m2/repository/io/grpc/grpc-context/1.33.0/grpc-context-1.33.0.jar:/home/runner/.m2/repository/com/google/api/grpc/proto-google-common-protos/1.17.0/proto-google-common-protos-1.17.0.jar:/home/runner/.m2/repository/io/grpc/grpc-protobuf-lite/1.33.0/grpc-protobuf-lite-1.33.0.jar:/home/runner/.m2/repository/io/grpc/grpc-stub/1.33.0/grpc-stub-1.33.0.jar:/home/runner/.m2/repository/org/apache/ozone/ozone-recon/1.3.0-SNAPSHOT/ozone-recon-1.3.0-SNAPSHOT.jar:/home/runner/.m2/repository/org/apache/ozone/ozone-reconcodegen/1.3.0-SNAPSHOT/ozone-reconcodegen-1.3.0-SNAPSHOT.jar:/home/runner/.m2/repository/com/google/inject/extensions/guice-multibindings/4.0/guice-multibindings-4.0.jar:/home/runner/.m2/repository/com/google/inject/guice/4.0/guice-4.0.jar:/home/runner/.m2/repository/aopalliance/aopalliance/1.0/aopalliance-1.0.jar:/home/runner/.m2/repository/com/google/inject/extensions/guice-assistedinject/4.0/guice-assistedinject-4.0.jar:/home/runner/.m2/repository/com/google/inject/extensions/guice-servlet/4.0/guice-servlet-4.0.jar:/home/runner/.m2/repository/org/glassfish/jersey/containers/jersey-container-servlet/2.33/jersey-container-servlet-2.33.jar:/home/runner/.m2/repository/org/glassfish/hk2/guice-bridge/2.5.0/guice-bridge-2.5.0.jar:/home/runner/.m2/repository/org/glassfish/jersey/core/jersey-server/2.33/jersey-server-2.33.jar:/home/runner/.m2/repository/org/glassfish/jersey/core/jersey-client/2.33/jersey-client-2.33.jar:/home/runner/.m2/repository/jakarta/annotation/jakarta.annotation-api/1.3.5/jakarta.annotation-api-1.3.5.jar:/home/runner/.m2/repository/jakarta/validation/jakarta.validation-api/2.0.2/jakarta.validation-api-2.0.2.jar:/home/runner/.m2/repository/org/glassfish/jersey/media/jersey-media-json-jackson/2.33/jersey-media-json-jackson-2.33.jar:/home/runner/.m2/repository/org/glassfish/jersey/ext/jersey-entity-filtering/2.33/jersey-entity-filtering-2.33.jar:/home/runner/.m2/repository/org/jooq/jooq/3.11.10/jooq-3.11.10.jar:/home/runner/.m2/repository/org/jooq/jooq-meta/3.11.10/jooq-meta-3.11.10.jar:/home/runner/.m2/repository/org/jooq/jooq-codegen/3.11.10/jooq-codegen-3.11.10.jar:/home/runner/.m2/repository/com/jolbox/bonecp/0.8.0.RELEASE/bonecp-0.8.0.RELEASE.jar:/home/runner/.m2/repository/org/apache/derby/derby/10.14.2.0/derby-10.14.2.0.jar:/home/runner/.m2/repository/org/xerial/sqlite-jdbc/3.25.2/sqlite-jdbc-3.25.2.jar:/home/runner/.m2/repository/org/springframework/spring-jdbc/5.2.18.RELEASE/spring-jdbc-5.2.18.RELEASE.jar:/home/runner/.m2/repository/org/springframework/spring-beans/5.2.18.RELEASE/spring-beans-5.2.18.RELEASE.jar:/home/runner/.m2/repository/org/springframework/spring-core/5.2.18.RELEASE/spring-core-5.2.18.RELEASE.jar:/home/runner/.m2/repository/org/springframework/spring-jcl/5.2.18.RELEASE/spring-jcl-5.2.18.RELEASE.jar:/home/runner/.m2/repository/org/springframework/spring-tx/5.2.18.RELEASE/spring-tx-5.2.18.RELEASE.jar:/home/runner/.m2/repository/org/apache/ozone/ozone-client/1.3.0-SNAPSHOT/ozone-client-1.3.0-SNAPSHOT.jar:/home/runner/.m2/repository/org/apache/ozone/ozone-filesystem/1.3.0-SNAPSHOT/ozone-filesystem-1.3.0-SNAPSHOT.jar:/home/runner/.m2/repository/org/apache/ozone/ozone-filesystem-common/1.3.0-SNAPSHOT/ozone-filesystem-common-1.3.0-SNAPSHOT.jar:/home/runner/.m2/repository/org/apache/ozone/ozone-tools/1.3.0-SNAPSHOT/ozone-tools-1.3.0-SNAPSHOT.jar:/home/runner/.m2/repository/org/apache/ratis/ratis-tools/2.2.0/ratis-tools-2.2.0.jar:/home/runner/.m2/repository/com/amazonaws/aws-java-sdk-core/1.12.124/aws-java-sdk-core-1.12.124.jar:/home/runner/.m2/repository/org/apache/httpcomponents/httpclient/4.5.13/httpclient-4.5.13.jar:/home/runner/.m2/repository/org/apache/httpcomponents/httpcore/4.4.13/httpcore-4.4.13.jar:/home/runner/.m2/repository/software/amazon/ion/ion-java/1.0.2/ion-java-1.0.2.jar:/home/runner/.m2/repository/com/fasterxml/jackson/dataformat/jackson-dataformat-cbor/2.12.1/jackson-dataformat-cbor-2.12.1.jar:/home/runner/.m2/repository/joda-time/joda-time/2.8.1/joda-time-2.8.1.jar:/home/runner/.m2/repository/com/amazonaws/aws-java-sdk-s3/1.12.124/aws-java-sdk-s3-1.12.124.jar:/home/runner/.m2/repository/com/amazonaws/aws-java-sdk-kms/1.12.124/aws-java-sdk-kms-1.12.124.jar:/home/runner/.m2/repository/com/amazonaws/jmespath-java/1.12.124/jmespath-java-1.12.124.jar:/home/runner/.m2/repository/org/kohsuke/metainf-services/metainf-services/1.8/metainf-services-1.8.jar:/home/runner/.m2/repository/org/apache/ozone/hdds-tools/1.3.0-SNAPSHOT/hdds-tools-1.3.0-SNAPSHOT.jar:/home/runner/.m2/repository/commons-cli/commons-cli/1.2/commons-cli-1.2.jar:/home/runner/.m2/repository/org/apache/commons/commons-lang3/3.7/commons-lang3-3.7.jar:/home/runner/.m2/repository/org/apache/ozone/ozone-manager/1.3.0-SNAPSHOT/ozone-manager-1.3.0-SNAPSHOT-tests.jar:/home/runner/.m2/repository/org/apache/ozone/hdds-common/1.3.0-SNAPSHOT/hdds-common-1.3.0-SNAPSHOT-tests.jar:/home/runner/.m2/repository/org/apache/ozone/hdds-hadoop-dependency-client/1.3.0-SNAPSHOT/hdds-hadoop-dependency-client-1.3.0-SNAPSHOT.jar:/home/runner/.m2/repository/info/picocli/picocli/4.6.1/picocli-4.6.1.jar:/home/runner/.m2/repository/com/fasterxml/jackson/core/jackson-annotations/2.12.1/jackson-annotations-2.12.1.jar:/home/runner/.m2/repository/javax/annotation/javax.annotation-api/1.2/javax.annotation-api-1.2.jar:/home/runner/.m2/repository/org/apache/ratis/ratis-server/2.2.0/ratis-server-2.2.0.jar:/home/runner/.m2/repository/org/apache/ratis/ratis-client/2.2.0/ratis-client-2.2.0.jar:/home/runner/.m2/repository/org/apache/ratis/ratis-server-api/2.2.0/ratis-server-api-2.2.0.jar:/home/runner/.m2/repository/org/apache/ratis/ratis-metrics/2.2.0/ratis-metrics-2.2.0.jar:/home/runner/.m2/repository/org/apache/ratis/ratis-netty/2.2.0/ratis-netty-2.2.0.jar:/home/runner/.m2/repository/org/apache/ratis/ratis-grpc/2.2.0/ratis-grpc-2.2.0.jar:/home/runner/.m2/repository/org/apache/logging/log4j/log4j-api/2.17.1/log4j-api-2.17.1.jar:/home/runner/.m2/repository/org/apache/logging/log4j/log4j-core/2.17.1/log4j-core-2.17.1.jar:/home/runner/.m2/repository/com/lmax/disruptor/3.4.2/disruptor-3.4.2.jar:/home/runner/.m2/repository/org/apache/commons/commons-pool2/2.6.0/commons-pool2-2.6.0.jar:/home/runner/.m2/repository/org/bouncycastle/bcpkix-jdk15on/1.67/bcpkix-jdk15on-1.67.jar:/home/runner/.m2/repository/commons-validator/commons-validator/1.6/commons-validator-1.6.jar:/home/runner/.m2/repository/commons-beanutils/commons-beanutils/1.9.4/commons-beanutils-1.9.4.jar:/home/runner/.m2/repository/commons-digester/commons-digester/1.8.1/commons-digester-1.8.1.jar:/home/runner/.m2/repository/commons-collections/commons-collections/3.2.2/commons-collections-3.2.2.jar:/home/runner/.m2/repository/io/jaegertracing/jaeger-client/1.6.0/jaeger-client-1.6.0.jar:/home/runner/.m2/repository/io/jaegertracing/jaeger-thrift/1.6.0/jaeger-thrift-1.6.0.jar:/home/runner/.m2/repository/org/apache/thrift/libthrift/0.14.1/libthrift-0.14.1.jar:/home/runner/.m2/repository/com/squareup/okhttp3/okhttp/4.9.0/okhttp-4.9.0.jar:/home/runner/.m2/repository/com/squareup/okio/okio/2.8.0/okio-2.8.0.jar:/home/runner/.m2/repository/io/jaegertracing/jaeger-core/1.6.0/jaeger-core-1.6.0.jar:/home/runner/.m2/repository/io/jaegertracing/jaeger-tracerresolver/1.6.0/jaeger-tracerresolver-1.6.0.jar:/home/runner/.m2/repository/io/opentracing/contrib/opentracing-tracerresolver/0.1.8/opentracing-tracerresolver-0.1.8.jar:/home/runner/.m2/repository/org/jetbrains/kotlin/kotlin-stdlib/1.4.31/kotlin-stdlib-1.4.31.jar:/home/runner/.m2/repository/org/jetbrains/kotlin/kotlin-stdlib-common/1.4.31/kotlin-stdlib-common-1.4.31.jar:/home/runner/.m2/repository/org/jetbrains/annotations/13.0/annotations-13.0.jar:/home/runner/.m2/repository/io/opentracing/opentracing-util/0.33.0/opentracing-util-0.33.0.jar:/home/runner/.m2/repository/io/opentracing/opentracing-api/0.33.0/opentracing-api-0.33.0.jar:/home/runner/.m2/repository/io/opentracing/opentracing-noop/0.33.0/opentracing-noop-0.33.0.jar:/home/runner/.m2/repository/org/yaml/snakeyaml/1.26/snakeyaml-1.26.jar:/home/runner/.m2/repository/org/apache/ozone/hdds-interface-admin/1.3.0-SNAPSHOT/hdds-interface-admin-1.3.0-SNAPSHOT.jar:/home/runner/.m2/repository/junit/junit/4.13.1/junit-4.13.1.jar:/home/runner/.m2/repository/org/hamcrest/hamcrest-core/1.3/hamcrest-core-1.3.jar:/home/runner/.m2/repository/org/junit/jupiter/junit-jupiter-api/5.7.0/junit-jupiter-api-5.7.0.jar:/home/runner/.m2/repository/org/apiguardian/apiguardian-api/1.1.0/apiguardian-api-1.1.0.jar:/home/runner/.m2/repository/org/opentest4j/opentest4j/1.2.0/opentest4j-1.2.0.jar:/home/runner/.m2/repository/org/junit/platform/junit-platform-commons/1.7.0/junit-platform-commons-1.7.0.jar:/home/runner/.m2/repository/org/junit/jupiter/junit-jupiter-engine/5.7.0/junit-jupiter-engine-5.7.0.jar:/home/runner/.m2/repository/org/junit/platform/junit-platform-engine/1.7.0/junit-platform-engine-1.7.0.jar:/home/runner/.m2/repository/org/junit/vintage/junit-vintage-engine/5.7.0/junit-vintage-engine-5.7.0.jar:/home/runner/.m2/repository/org/junit/platform/junit-platform-launcher/1.7.0/junit-platform-launcher-1.7.0.jar:/home/runner/.m2/repository/org/mockito/mockito-core/2.28.2/mockito-core-2.28.2.jar:/home/runner/.m2/repository/net/bytebuddy/byte-buddy/1.9.10/byte-buddy-1.9.10.jar:/home/runner/.m2/repository/net/bytebuddy/byte-buddy-agent/1.9.10/byte-buddy-agent-1.9.10.jar:/home/runner/.m2/repository/org/objenesis/objenesis/1.0/objenesis-1.0.jar:/home/runner/.m2/repository/org/apache/hadoop/hadoop-kms/3.3.1/hadoop-kms-3.3.1.jar:/home/runner/.m2/repository/org/apache/hadoop/hadoop-auth/3.3.1/hadoop-auth-3.3.1.jar:/home/runner/.m2/repository/com/nimbusds/nimbus-jose-jwt/7.9/nimbus-jose-jwt-7.9.jar:/home/runner/.m2/repository/com/github/stephenc/jcip/jcip-annotations/1.0-1/jcip-annotations-1.0-1.jar:/home/runner/.m2/repository/net/minidev/json-smart/2.4.7/json-smart-2.4.7.jar:/home/runner/.m2/repository/net/minidev/accessors-smart/2.4.7/accessors-smart-2.4.7.jar:/home/runner/.m2/repository/org/ow2/asm/asm/5.0.4/asm-5.0.4.jar:/home/runner/.m2/repository/org/apache/zookeeper/zookeeper/3.5.6/zookeeper-3.5.6.jar:/home/runner/.m2/repository/org/apache/zookeeper/zookeeper-jute/3.5.6/zookeeper-jute-3.5.6.jar:/home/runner/.m2/repository/org/apache/yetus/audience-annotations/0.5.0/audience-annotations-0.5.0.jar:/home/runner/.m2/repository/org/apache/curator/curator-framework/4.2.0/curator-framework-4.2.0.jar:/home/runner/.m2/repository/org/apache/hadoop/thirdparty/hadoop-shaded-guava/1.1.1/hadoop-shaded-guava-1.1.1.jar:/home/runner/.m2/repository/com/sun/jersey/jersey-core/1.19/jersey-core-1.19.jar:/home/runner/.m2/repository/javax/ws/rs/jsr311-api/1.1.1/jsr311-api-1.1.1.jar:/home/runner/.m2/repository/com/sun/jersey/jersey-server/1.19/jersey-server-1.19.jar:/home/runner/.m2/repository/javax/servlet/javax.servlet-api/3.1.0/javax.servlet-api-3.1.0.jar:/home/runner/.m2/repository/org/eclipse/jetty/jetty-server/9.4.43.v20210629/jetty-server-9.4.43.v20210629.jar:/home/runner/.m2/repository/org/eclipse/jetty/jetty-http/9.4.43.v20210629/jetty-http-9.4.43.v20210629.jar:/home/runner/.m2/repository/org/eclipse/jetty/jetty-io/9.4.43.v20210629/jetty-io-9.4.43.v20210629.jar:/home/runner/.m2/repository/org/eclipse/jetty/jetty-webapp/9.4.43.v20210629/jetty-webapp-9.4.43.v20210629.jar:/home/runner/.m2/repository/org/eclipse/jetty/jetty-xml/9.4.43.v20210629/jetty-xml-9.4.43.v20210629.jar:/home/runner/.m2/repository/org/apache/hadoop/hadoop-common/3.3.1/hadoop-common-3.3.1.jar:/home/runner/.m2/repository/org/apache/commons/commons-math3/3.1.1/commons-math3-3.1.1.jar:/home/runner/.m2/repository/commons-net/commons-net/3.6/commons-net-3.6.jar:/home/runner/.m2/repository/jakarta/activation/jakarta.activation-api/1.2.1/jakarta.activation-api-1.2.1.jar:/home/runner/.m2/repository/com/sun/jersey/jersey-servlet/1.19/jersey-servlet-1.19.jar:/home/runner/.m2/repository/com/sun/jersey/jersey-json/1.19/jersey-json-1.19.jar:/home/runner/.m2/repository/org/codehaus/jettison/jettison/1.1/jettison-1.1.jar:/home/runner/.m2/repository/com/sun/xml/bind/jaxb-impl/2.2.3-1/jaxb-impl-2.2.3-1.jar:/home/runner/.m2/repository/org/codehaus/jackson/jackson-jaxrs/1.9.2/jackson-jaxrs-1.9.2.jar:/home/runner/.m2/repository/org/codehaus/jackson/jackson-xc/1.9.2/jackson-xc-1.9.2.jar:/home/runner/.m2/repository/org/apache/commons/commons-configuration2/2.1.1/commons-configuration2-2.1.1.jar:/home/runner/.m2/repository/org/apache/commons/commons-text/1.4/commons-text-1.4.jar:/home/runner/.m2/repository/com/google/re2j/re2j/1.1/re2j-1.1.jar:/home/runner/.m2/repository/com/jcraft/jsch/0.1.54/jsch-0.1.54.jar:/home/runner/.m2/repository/org/apache/curator/curator-client/4.2.0/curator-client-4.2.0.jar:/home/runner/.m2/repository/org/apache/curator/curator-recipes/4.2.0/curator-recipes-4.2.0.jar:/home/runner/.m2/repository/org/apache/kerby/kerb-core/1.0.1/kerb-core-1.0.1.jar:/home/runner/.m2/repository/org/apache/kerby/kerby-pkix/1.0.1/kerby-pkix-1.0.1.jar:/home/runner/.m2/repository/org/apache/kerby/kerby-asn1/1.0.1/kerby-asn1-1.0.1.jar:/home/runner/.m2/repository/org/apache/kerby/kerby-util/1.0.1/kerby-util-1.0.1.jar:/home/runner/.m2/repository/dnsjava/dnsjava/2.1.7/dnsjava-2.1.7.jar:/home/runner/.m2/repository/org/xerial/snappy/snappy-java/1.1.8.2/snappy-java-1.1.8.2.jar:/home/runner/.m2/repository/org/slf4j/jul-to-slf4j/1.7.30/jul-to-slf4j-1.7.30.jar:/home/runner/.m2/repository/org/eclipse/jetty/jetty-util/9.4.43.v20210629/jetty-util-9.4.43.v20210629.jar:/home/runner/.m2/repository/com/fasterxml/jackson/core/jackson-databind/2.12.1/jackson-databind-2.12.1.jar:/home/runner/.m2/repository/org/apache/hadoop/hadoop-kms/3.3.1/hadoop-kms-3.3.1-tests.jar:/home/runner/.m2/repository/org/apache/ozone/hdds-server-scm/1.3.0-SNAPSHOT/hdds-server-scm-1.3.0-SNAPSHOT-tests.jar:/home/runner/.m2/repository/org/apache/ozone/hdds-container-service/1.3.0-SNAPSHOT/hdds-container-service-1.3.0-SNAPSHOT-tests.jar:/home/runner/.m2/repository/commons-codec/commons-codec/1.11/commons-codec-1.11.jar:/home/runner/.m2/repository/io/netty/netty-transport/4.1.63.Final/netty-transport-4.1.63.Final.jar:/home/runner/.m2/repository/io/netty/netty-resolver/4.1.63.Final/netty-resolver-4.1.63.Final.jar:/home/runner/.m2/repository/io/netty/netty-codec/4.1.63.Final/netty-codec-4.1.63.Final.jar:/home/runner/.m2/repository/io/netty/netty-handler/4.1.63.Final/netty-handler-4.1.63.Final.jar:/home/runner/.m2/repository/org/apache/ozone/hdds-hadoop-dependency-test/1.3.0-SNAPSHOT/hdds-hadoop-dependency-test-1.3.0-SNAPSHOT.jar:/home/runner/.m2/repository/org/apache/hadoop/hadoop-common/3.3.1/hadoop-common-3.3.1-tests.jar:/home/runner/.m2/repository/org/assertj/assertj-core/3.12.2/assertj-core-3.12.2.jar:/home/runner/.m2/repository/org/apache/hadoop/hadoop-hdfs/3.3.1/hadoop-hdfs-3.3.1-tests.jar:/home/runner/.m2/repository/org/eclipse/jetty/jetty-util-ajax/9.4.43.v20210629/jetty-util-ajax-9.4.43.v20210629.jar:/home/runner/.m2/repository/commons-daemon/commons-daemon/1.0.13/commons-daemon-1.0.13.jar:/home/runner/.m2/repository/io/netty/netty/3.10.6.Final/netty-3.10.6.Final.jar:/home/runner/.m2/repository/io/netty/netty-all/4.1.63.Final/netty-all-4.1.63.Final.jar:/home/runner/.m2/repository/org/apache/htrace/htrace-core4/4.1.0-incubating/htrace-core4-4.1.0-incubating.jar:/home/runner/.m2/repository/org/fusesource/leveldbjni/leveldbjni-all/1.8/leveldbjni-all-1.8.jar:/home/runner/.m2/repository/org/apache/hadoop/hadoop-distcp/3.3.1/hadoop-distcp-3.3.1.jar:/home/runner/.m2/repository/org/apache/hadoop/hadoop-mapreduce-client-jobclient/3.3.1/hadoop-mapreduce-client-jobclient-3.3.1.jar:/home/runner/.m2/repository/org/apache/hadoop/hadoop-mapreduce-client-common/3.3.1/hadoop-mapreduce-client-common-3.3.1.jar:/home/runner/.m2/repository/org/apache/hadoop/hadoop-yarn-common/3.3.1/hadoop-yarn-common-3.3.1.jar:/home/runner/.m2/repository/org/apache/hadoop/hadoop-yarn-api/3.3.1/hadoop-yarn-api-3.3.1.jar:/home/runner/.m2/repository/com/sun/jersey/jersey-client/1.19/jersey-client-1.19.jar:/home/runner/.m2/repository/com/sun/jersey/contribs/jersey-guice/1.19/jersey-guice-1.19.jar:/home/runner/.m2/repository/com/fasterxml/jackson/jaxrs/jackson-jaxrs-json-provider/2.12.1/jackson-jaxrs-json-provider-2.12.1.jar:/home/runner/.m2/repository/com/fasterxml/jackson/jaxrs/jackson-jaxrs-base/2.12.1/jackson-jaxrs-base-2.12.1.jar:/home/runner/.m2/repository/org/apache/hadoop/hadoop-yarn-client/3.3.1/hadoop-yarn-client-3.3.1.jar:/home/runner/.m2/repository/org/eclipse/jetty/websocket/websocket-client/9.4.40.v20210413/websocket-client-9.4.40.v20210413.jar:/home/runner/.m2/repository/org/eclipse/jetty/jetty-client/9.4.40.v20210413/jetty-client-9.4.40.v20210413.jar:/home/runner/.m2/repository/org/eclipse/jetty/websocket/websocket-common/9.4.40.v20210413/websocket-common-9.4.40.v20210413.jar:/home/runner/.m2/repository/org/eclipse/jetty/websocket/websocket-api/9.4.40.v20210413/websocket-api-9.4.40.v20210413.jar:/home/runner/.m2/repository/org/jline/jline/3.9.0/jline-3.9.0.jar:/home/runner/.m2/repository/org/apache/hadoop/hadoop-mapreduce-client-core/3.3.1/hadoop-mapreduce-client-core-3.3.1.jar:/home/runner/.m2/repository/org/apache/avro/avro/1.7.7/avro-1.7.7.jar:/home/runner/.m2/repository/org/codehaus/jackson/jackson-core-asl/1.9.13/jackson-core-asl-1.9.13.jar:/home/runner/.m2/repository/org/codehaus/jackson/jackson-mapper-asl/1.9.13/jackson-mapper-asl-1.9.13.jar:/home/runner/.m2/repository/com/thoughtworks/paranamer/paranamer/2.3/paranamer-2.3.jar:/home/runner/.m2/repository/org/apache/hadoop/hadoop-annotations/3.3.1/hadoop-annotations-3.3.1.jar:/usr/lib/jvm/temurin-8-jdk-amd64/jre/../lib/tools.jar:/home/runner/.m2/repository/org/apache/hadoop/hadoop-distcp/3.3.1/hadoop-distcp-3.3.1-tests.jar:/home/runner/.m2/repository/org/apache/ratis/ratis-common/2.2.0/ratis-common-2.2.0.jar:/home/runner/.m2/repository/org/apache/ratis/ratis-thirdparty-misc/0.7.0/ratis-thirdparty-misc-0.7.0.jar:/home/runner/.m2/repository/org/apache/ratis/ratis-proto/2.2.0/ratis-proto-2.2.0.jar:"/>
    <property name="sun.cpu.endian" value="little"/>
    <property name="user.home" value="/home/runner"/>
    <property name="user.language" value="en"/>
    <property name="java.specification.vendor" value="Oracle Corporation"/>
    <property name="java.home" value="/usr/lib/jvm/temurin-8-jdk-amd64/jre"/>
    <property name="java.security.krb5.conf" value="/home/runner/work/ozone/ozone/hadoop-ozone/integration-test/target/test-classes/krb5.conf"/>
    <property name="basedir" value="/home/runner/work/ozone/ozone/hadoop-ozone/integration-test"/>
    <property name="file.separator" value="/"/>
    <property name="line.separator" value="&#10;"/>
    <property name="java.vm.specification.vendor" value="Oracle Corporation"/>
    <property name="java.specification.name" value="Java Platform API Specification"/>
    <property name="java.awt.graphicsenv" value="sun.awt.X11GraphicsEnvironment"/>
    <property name="skip.installnpx" value="true"/>
    <property name="surefire.real.class.path" value="/home/runner/work/ozone/ozone/hadoop-ozone/integration-test/target/surefire/surefirebooter1010769734262316773.jar:/home/runner/.m2/repository/org/jacoco/org.jacoco.agent/0.8.5/org.jacoco.agent-0.8.5-runtime.jar"/>
    <property name="hadoop.log.dir" value="/home/runner/work/ozone/ozone/hadoop-ozone/integration-test/target/log"/>
    <property name="sun.boot.class.path" value="/usr/lib/jvm/temurin-8-jdk-amd64/jre/lib/resources.jar:/usr/lib/jvm/temurin-8-jdk-amd64/jre/lib/rt.jar:/usr/lib/jvm/temurin-8-jdk-amd64/jre/lib/sunrsasign.jar:/usr/lib/jvm/temurin-8-jdk-amd64/jre/lib/jsse.jar:/usr/lib/jvm/temurin-8-jdk-amd64/jre/lib/jce.jar:/usr/lib/jvm/temurin-8-jdk-amd64/jre/lib/charsets.jar:/usr/lib/jvm/temurin-8-jdk-amd64/jre/lib/jfr.jar:/usr/lib/jvm/temurin-8-jdk-amd64/jre/classes"/>
    <property name="sun.management.compiler" value="HotSpot 64-Bit Tiered Compilers"/>
    <property name="skip.npx" value="true"/>
    <property name="java.runtime.version" value="1.8.0_322-b06"/>
    <property name="java.net.preferIPv4Stack" value="true"/>
    <property name="user.name" value="runner"/>
    <property name="path.separator" value=":"/>
    <property name="java.security.egd" value="file:///dev/urandom"/>
    <property name="os.version" value="5.4.0-1070-azure"/>
    <property name="java.endorsed.dirs" value="/usr/lib/jvm/temurin-8-jdk-amd64/jre/lib/endorsed"/>
    <property name="java.runtime.name" value="OpenJDK Runtime Environment"/>
    <property name="file.encoding" value="UTF-8"/>
    <property name="java.vm.name" value="OpenJDK 64-Bit Server VM"/>
    <property name="test.build.webapps" value=""/>
    <property name="localRepository" value="/home/runner/.m2/repository"/>
    <property name="java.vendor.url.bug" value="https://github.com/adoptium/adoptium-support/issues"/>
    <property name="java.io.tmpdir" value="/tmp"/>
    <property name="require.test.libhadoop" value=""/>
    <property name="java.version" value="1.8.0_322"/>
    <property name="user.dir" value="/home/runner/work/ozone/ozone/hadoop-ozone/integration-test"/>
    <property name="os.arch" value="amd64"/>
    <property name="java.vm.specification.name" value="Java Virtual Machine Specification"/>
    <property name="test.build.classes" value="/home/runner/work/ozone/ozone/hadoop-ozone/integration-test/target/test-classes"/>
    <property name="java.awt.printerjob" value="sun.print.PSPrinterJob"/>
    <property name="sun.os.patch.level" value="unknown"/>
    <property name="hadoop.tmp.dir" value="/home/runner/work/ozone/ozone/hadoop-ozone/integration-test/target/tmp"/>
    <property name="java.library.path" value="/usr/java/packages/lib/amd64:/usr/lib64:/lib64:/lib:/usr/lib"/>
    <property name="java.vm.info" value="mixed mode"/>
    <property name="java.vendor" value="Temurin"/>
    <property name="java.vm.version" value="25.322-b06"/>
    <property name="java.ext.dirs" value="/usr/lib/jvm/temurin-8-jdk-amd64/jre/lib/ext:/usr/java/packages/lib/ext"/>
    <property name="sun.io.unicode.encoding" value="UnicodeLittle"/>
    <property name="java.class.version" value="52.0"/>
  </properties>
  <testcase name="testMultipleDataDirs" classname="org.apache.hadoop.ozone.TestMiniOzoneCluster" time="30.809"/>
  <testcase name="testStartMultipleDatanodes" classname="org.apache.hadoop.ozone.TestMiniOzoneCluster" time="80.484">
    <error message="test timed out after 60000 milliseconds" type="org.junit.runners.model.TestTimedOutException">org.junit.runners.model.TestTimedOutException: test timed out after 60000 milliseconds
	at java.lang.Thread.sleep(Native Method)
	at org.apache.ozone.test.GenericTestUtils.waitFor(GenericTestUtils.java:218)
	at org.apache.hadoop.ozone.MiniOzoneClusterImpl.waitForClusterToBeReady(MiniOzoneClusterImpl.java:212)
	at org.apache.hadoop.ozone.TestMiniOzoneCluster.testStartMultipleDatanodes(TestMiniOzoneCluster.java:119)
	at sun.reflect.NativeMethodAccessorImpl.invoke0(Native Method)
	at sun.reflect.NativeMethodAccessorImpl.invoke(NativeMethodAccessorImpl.java:62)
	at sun.reflect.DelegatingMethodAccessorImpl.invoke(DelegatingMethodAccessorImpl.java:43)
	at java.lang.reflect.Method.invoke(Method.java:498)
	at org.junit.runners.model.FrameworkMethod$1.runReflectiveCall(FrameworkMethod.java:59)
	at org.junit.internal.runners.model.ReflectiveCallable.run(ReflectiveCallable.java:12)
	at org.junit.runners.model.FrameworkMethod.invokeExplosively(FrameworkMethod.java:56)
	at org.junit.internal.runners.statements.InvokeMethod.evaluate(InvokeMethod.java:17)
	at org.junit.internal.runners.statements.FailOnTimeout$CallableStatement.call(FailOnTimeout.java:288)
	at org.junit.internal.runners.statements.FailOnTimeout$CallableStatement.call(FailOnTimeout.java:282)
	at java.util.concurrent.FutureTask.run(FutureTask.java:266)
	at java.lang.Thread.run(Thread.java:750)
</error>
    <system-out><![CDATA[2022-03-07 10:45:03,311 [Time-limited test] WARN  server.ServerUtils (ServerUtils.java:getScmDbDir(148)) - ozone.scm.db.dirs is not configured. We recommend adding this setting. Falling back to ozone.metadata.dirs instead.
2022-03-07 10:45:03,317 [Time-limited test] INFO  ha.SCMHANodeDetails (SCMHANodeDetails.java:loadSCMHAConfig(157)) - ServiceID for StorageContainerManager is null
2022-03-07 10:45:03,318 [Time-limited test] INFO  ha.SCMHANodeDetails (SCMHANodeDetails.java:loadSCMHAConfig(162)) - ozone.scm.default.service.id is not defined, falling back to ozone.scm.service.ids to find serviceID for StorageContainerManager if it is HA enabled cluster
2022-03-07 10:45:03,319 [Time-limited test] INFO  server.RaftServer (ConfUtils.java:logGet(44)) - raft.rpc.type = GRPC (default)
2022-03-07 10:45:03,319 [Time-limited test] INFO  grpc.GrpcFactory (GrpcFactory.java:checkPooledByteBufAllocatorUseCacheForAllThreads(48)) - PERFORMANCE WARNING: useCacheForAllThreads is true that may cause Netty to create a lot garbage objects and, as a result, trigger GC.
	It is recommended to disable useCacheForAllThreads by setting -Dorg.apache.ratis.thirdparty.io.netty.allocator.useCacheForAllThreads=false in command line.
2022-03-07 10:45:03,319 [Time-limited test] INFO  grpc.GrpcConfigKeys (ConfUtils.java:logGet(44)) - raft.grpc.admin.port = -1 (default)
2022-03-07 10:45:03,319 [Time-limited test] INFO  grpc.GrpcConfigKeys (ConfUtils.java:logGet(44)) - raft.grpc.server.port = 9894 (custom)
2022-03-07 10:45:03,319 [Time-limited test] INFO  grpc.GrpcConfigKeys (ConfUtils.java:logGet(44)) - raft.grpc.client.port = -1 (default)
2022-03-07 10:45:03,319 [Time-limited test] INFO  grpc.GrpcConfigKeys (ConfUtils.java:logGet(44)) - raft.grpc.server.port = 9894 (custom)
2022-03-07 10:45:03,319 [Time-limited test] INFO  grpc.GrpcConfigKeys (ConfUtils.java:logGet(44)) - raft.grpc.server.port = 9894 (custom)
2022-03-07 10:45:03,319 [Time-limited test] INFO  server.GrpcService (ConfUtils.java:logGet(44)) - raft.grpc.message.size.max = 32m (=33554432) (custom)
2022-03-07 10:45:03,319 [Time-limited test] INFO  server.RaftServerConfigKeys (ConfUtils.java:logGet(44)) - raft.server.log.appender.buffer.byte-limit = 33554432 (custom)
2022-03-07 10:45:03,320 [Time-limited test] INFO  server.GrpcService (ConfUtils.java:logGet(44)) - raft.grpc.flow.control.window = 1MB (=1048576) (default)
2022-03-07 10:45:03,320 [Time-limited test] INFO  server.RaftServerConfigKeys (ConfUtils.java:logGet(44)) - raft.server.rpc.request.timeout = 30000ms (custom)
2022-03-07 10:45:03,321 [Time-limited test] INFO  impl.DataStreamServerImpl (ConfUtils.java:logGet(44)) - raft.datastream.type = DISABLED (default)
2022-03-07 10:45:03,321 [Time-limited test] INFO  server.RaftServerConfigKeys (ConfUtils.java:logGet(44)) - raft.server.rpc.slowness.timeout = 120000ms (custom)
2022-03-07 10:45:03,321 [Time-limited test] INFO  server.RaftServerConfigKeys (ConfUtils.java:logGet(44)) - raft.server.leaderelection.leader.step-down.wait-time = 10s (default)
2022-03-07 10:45:03,321 [Time-limited test] INFO  server.RaftServerConfigKeys (ConfUtils.java:logGet(44)) - raft.server.storage.dir = [/home/runner/work/ozone/ozone/hadoop-ozone/integration-test/target/test-dir/MiniOzoneClusterImpl-6216e668-73b2-4868-9d6f-465a6cf4cf6e/ozone-meta/scm-ha] (custom)
2022-03-07 10:45:03,324 [Time-limited test] INFO  server.RaftServer (RaftServerProxy.java:addNew(95)) - 8cdc92c8-e5a2-4182-899c-4bf352b29a2f: addNew group-465A6CF4CF6E:[8cdc92c8-e5a2-4182-899c-4bf352b29a2f|rpc:fv-az59-81:9894|priority:0] returns group-465A6CF4CF6E:java.util.concurrent.CompletableFuture@d84b21d[Not completed]
2022-03-07 10:45:03,324 [pool-88-thread-1] INFO  server.RaftServer$Division (RaftServerImpl.java:<init>(184)) - 8cdc92c8-e5a2-4182-899c-4bf352b29a2f: new RaftServerImpl for group-465A6CF4CF6E:[8cdc92c8-e5a2-4182-899c-4bf352b29a2f|rpc:fv-az59-81:9894|priority:0] with SCMStateMachine:uninitialized
2022-03-07 10:45:03,325 [pool-88-thread-1] INFO  server.RaftServerConfigKeys (ConfUtils.java:logGet(44)) - raft.server.rpc.timeout.min = 5000ms (custom)
2022-03-07 10:45:03,325 [pool-88-thread-1] INFO  server.RaftServerConfigKeys (ConfUtils.java:logGet(44)) - raft.server.rpc.timeout.max = 5200ms (custom)
2022-03-07 10:45:03,325 [pool-88-thread-1] INFO  server.RaftServerConfigKeys (ConfUtils.java:logGet(44)) - raft.server.rpc.sleep.time = 25ms (default)
2022-03-07 10:45:03,325 [pool-88-thread-1] INFO  server.RaftServerConfigKeys (ConfUtils.java:logGet(44)) - raft.server.rpc.slowness.timeout = 120000ms (custom)
2022-03-07 10:45:03,325 [pool-88-thread-1] INFO  server.RaftServerConfigKeys (ConfUtils.java:logGet(44)) - raft.server.leaderelection.leader.step-down.wait-time = 10s (default)
2022-03-07 10:45:03,325 [pool-88-thread-1] INFO  server.RaftServerConfigKeys (ConfUtils.java:logGet(44)) - raft.server.sleep.deviation.threshold = 300ms (default)
2022-03-07 10:45:03,325 [pool-88-thread-1] INFO  server.RaftServerConfigKeys (ConfUtils.java:logGet(44)) - raft.server.log.appender.install.snapshot.enabled = false (custom)
2022-03-07 10:45:03,325 [pool-88-thread-1] INFO  server.RaftServer$Division (ServerState.java:<init>(105)) - 8cdc92c8-e5a2-4182-899c-4bf352b29a2f@group-465A6CF4CF6E: ConfigurationManager, init=-1: [8cdc92c8-e5a2-4182-899c-4bf352b29a2f|rpc:fv-az59-81:9894|priority:0], old=null, confs=<EMPTY_MAP>
2022-03-07 10:45:03,326 [pool-88-thread-1] INFO  server.RaftServerConfigKeys (ConfUtils.java:logGet(44)) - raft.server.storage.dir = [/home/runner/work/ozone/ozone/hadoop-ozone/integration-test/target/test-dir/MiniOzoneClusterImpl-6216e668-73b2-4868-9d6f-465a6cf4cf6e/ozone-meta/scm-ha] (custom)
2022-03-07 10:45:03,326 [pool-88-thread-1] INFO  server.RaftServerConfigKeys (ConfUtils.java:logGet(44)) - raft.server.log.corruption.policy = EXCEPTION (default)
2022-03-07 10:45:03,326 [pool-88-thread-1] INFO  server.RaftServerConfigKeys (ConfUtils.java:logGet(44)) - raft.server.storage.free-space.min = 0MB (=0) (default)
2022-03-07 10:45:03,326 [pool-88-thread-1] INFO  storage.RaftStorageDirectory (RaftStorageDirectoryImpl.java:analyzeStorage(135)) - The storage directory /home/runner/work/ozone/ozone/hadoop-ozone/integration-test/target/test-dir/MiniOzoneClusterImpl-6216e668-73b2-4868-9d6f-465a6cf4cf6e/ozone-meta/scm-ha/6216e668-73b2-4868-9d6f-465a6cf4cf6e does not exist. Creating ...
2022-03-07 10:45:03,327 [pool-88-thread-1] INFO  storage.RaftStorageDirectory (RaftStorageDirectoryImpl.java:tryLock(230)) - Lock on /home/runner/work/ozone/ozone/hadoop-ozone/integration-test/target/test-dir/MiniOzoneClusterImpl-6216e668-73b2-4868-9d6f-465a6cf4cf6e/ozone-meta/scm-ha/6216e668-73b2-4868-9d6f-465a6cf4cf6e/in_use.lock acquired by nodename 21425@fv-az59-81
2022-03-07 10:45:03,329 [pool-88-thread-1] INFO  storage.RaftStorage (RaftStorageImpl.java:format(89)) - Storage directory /home/runner/work/ozone/ozone/hadoop-ozone/integration-test/target/test-dir/MiniOzoneClusterImpl-6216e668-73b2-4868-9d6f-465a6cf4cf6e/ozone-meta/scm-ha/6216e668-73b2-4868-9d6f-465a6cf4cf6e has been successfully formatted.
2022-03-07 10:45:03,329 [pool-88-thread-1] INFO  server.RaftServerConfigKeys (ConfUtils.java:logGet(44)) - raft.server.notification.no-leader.timeout = 60s (default)
2022-03-07 10:45:03,329 [pool-88-thread-1] INFO  server.RaftServerConfigKeys (ConfUtils.java:logGet(44)) - raft.server.log.use.memory = false (default)
2022-03-07 10:45:03,330 [pool-88-thread-1] INFO  server.RaftServerConfigKeys (ConfUtils.java:logGet(44)) - raft.server.log.purge.gap = 1000000 (custom)
2022-03-07 10:45:03,330 [pool-88-thread-1] INFO  server.RaftServerConfigKeys (ConfUtils.java:logGet(44)) - raft.server.log.appender.buffer.byte-limit = 33554432 (custom)
2022-03-07 10:45:03,331 [pool-88-thread-1] INFO  server.RaftServerConfigKeys (ConfUtils.java:logGet(44)) - raft.server.log.segment.size.max = 4194304 (custom)
2022-03-07 10:45:03,334 [pool-88-thread-1] INFO  server.RaftServerConfigKeys (ConfUtils.java:logGet(44)) - raft.server.log.segment.cache.num.max = 2 (custom)
2022-03-07 10:45:03,334 [pool-88-thread-1] INFO  server.RaftServerConfigKeys (ConfUtils.java:logGet(44)) - raft.server.log.segment.cache.size.max = 200MB (=209715200) (default)
2022-03-07 10:45:03,335 [pool-88-thread-1] INFO  segmented.SegmentedRaftLogWorker (SegmentedRaftLogWorker.java:<init>(182)) - new 8cdc92c8-e5a2-4182-899c-4bf352b29a2f@group-465A6CF4CF6E-SegmentedRaftLogWorker for RaftStorageImpl:Storage Directory /home/runner/work/ozone/ozone/hadoop-ozone/integration-test/target/test-dir/MiniOzoneClusterImpl-6216e668-73b2-4868-9d6f-465a6cf4cf6e/ozone-meta/scm-ha/6216e668-73b2-4868-9d6f-465a6cf4cf6e
2022-03-07 10:45:03,335 [pool-88-thread-1] INFO  server.RaftServerConfigKeys (ConfUtils.java:logGet(44)) - raft.server.log.queue.byte-limit = 64MB (=67108864) (default)
2022-03-07 10:45:03,335 [pool-88-thread-1] INFO  server.RaftServerConfigKeys (ConfUtils.java:logGet(44)) - raft.server.log.queue.element-limit = 4096 (default)
2022-03-07 10:45:03,335 [pool-88-thread-1] INFO  server.RaftServerConfigKeys (ConfUtils.java:logGet(44)) - raft.server.log.segment.size.max = 4194304 (custom)
2022-03-07 10:45:03,335 [pool-88-thread-1] INFO  server.RaftServerConfigKeys (ConfUtils.java:logGet(44)) - raft.server.log.preallocated.size = 4194304 (custom)
2022-03-07 10:45:03,335 [pool-88-thread-1] INFO  server.RaftServerConfigKeys (ConfUtils.java:logGet(44)) - raft.server.log.force.sync.num = 128 (default)
2022-03-07 10:45:03,335 [pool-88-thread-1] INFO  server.RaftServerConfigKeys (ConfUtils.java:logGet(44)) - raft.server.log.statemachine.data.sync = true (default)
2022-03-07 10:45:03,335 [pool-88-thread-1] INFO  server.RaftServerConfigKeys (ConfUtils.java:logGet(44)) - raft.server.log.statemachine.data.sync.timeout = 10s (default)
2022-03-07 10:45:03,335 [pool-88-thread-1] INFO  server.RaftServerConfigKeys (ConfUtils.java:logGet(44)) - raft.server.log.statemachine.data.sync.timeout.retry = -1 (default)
2022-03-07 10:45:03,340 [pool-88-thread-1] INFO  server.RaftServerConfigKeys (ConfUtils.java:logGet(44)) - raft.server.log.write.buffer.size = 64KB (=65536) (default)
2022-03-07 10:45:03,340 [pool-88-thread-1] INFO  server.RaftServerConfigKeys (ConfUtils.java:logGet(44)) - raft.server.log.statemachine.data.caching.enabled = false (default)
2022-03-07 10:45:03,341 [pool-88-thread-1] INFO  segmented.SegmentedRaftLogWorker (SegmentedRaftLogWorker.java:lambda$new$0(133)) - 8cdc92c8-e5a2-4182-899c-4bf352b29a2f@group-465A6CF4CF6E-SegmentedRaftLogWorker: flushIndex: setUnconditionally 0 -> -1
2022-03-07 10:45:03,343 [pool-88-thread-1] INFO  segmented.SegmentedRaftLogWorker (SegmentedRaftLogWorker.java:lambda$new$0(133)) - 8cdc92c8-e5a2-4182-899c-4bf352b29a2f@group-465A6CF4CF6E-SegmentedRaftLogWorker: safeCacheEvictIndex: setUnconditionally 0 -> -1
2022-03-07 10:45:03,343 [pool-88-thread-1] INFO  server.RaftServerConfigKeys (ConfUtils.java:logGet(44)) - raft.server.snapshot.auto.trigger.enabled = true (custom)
2022-03-07 10:45:03,343 [pool-88-thread-1] INFO  server.RaftServerConfigKeys (ConfUtils.java:logGet(44)) - raft.server.snapshot.auto.trigger.threshold = 1000 (custom)
2022-03-07 10:45:03,343 [pool-88-thread-1] INFO  server.RaftServerConfigKeys (ConfUtils.java:logGet(44)) - raft.server.snapshot.retention.file.num = -1 (default)
2022-03-07 10:45:03,343 [pool-88-thread-1] INFO  server.RaftServerConfigKeys (ConfUtils.java:logGet(44)) - raft.server.log.purge.upto.snapshot.index = false (default)
2022-03-07 10:45:03,343 [pool-88-thread-1] INFO  server.RaftServerConfigKeys (ConfUtils.java:logGet(44)) - raft.server.retrycache.expirytime = 60000ms (default)
2022-03-07 10:45:03,343 [pool-88-thread-1] INFO  server.RaftServerConfigKeys (ConfUtils.java:logGet(44)) - raft.server.retrycache.statistics.expirytime = 100μs (default)
2022-03-07 10:45:03,346 [Time-limited test] INFO  server.RaftServer$Division (RaftServerImpl.java:start(301)) - 8cdc92c8-e5a2-4182-899c-4bf352b29a2f@group-465A6CF4CF6E: start as a follower, conf=-1: [8cdc92c8-e5a2-4182-899c-4bf352b29a2f|rpc:fv-az59-81:9894|priority:0], old=null
2022-03-07 10:45:03,346 [Time-limited test] INFO  server.RaftServer$Division (RaftServerImpl.java:setRole(290)) - 8cdc92c8-e5a2-4182-899c-4bf352b29a2f@group-465A6CF4CF6E: changes role from      null to FOLLOWER at term 0 for startAsFollower
2022-03-07 10:45:03,346 [Time-limited test] INFO  impl.RoleInfo (RoleInfo.java:updateAndGet(130)) - 8cdc92c8-e5a2-4182-899c-4bf352b29a2f: start 8cdc92c8-e5a2-4182-899c-4bf352b29a2f@group-465A6CF4CF6E-FollowerState
2022-03-07 10:45:03,350 [Time-limited test] INFO  util.JmxRegister (JmxRegister.java:tryRegister(44)) - Successfully registered JMX Bean with object name Ratis:service=RaftServer,group=group-465A6CF4CF6E,id=8cdc92c8-e5a2-4182-899c-4bf352b29a2f
2022-03-07 10:45:03,364 [Time-limited test] INFO  server.RaftServer (RaftServerProxy.java:lambda$start$5(374)) - 8cdc92c8-e5a2-4182-899c-4bf352b29a2f: start RPC server
2022-03-07 10:45:03,367 [Time-limited test] INFO  server.GrpcService (GrpcService.java:startImpl(253)) - 8cdc92c8-e5a2-4182-899c-4bf352b29a2f: GrpcService started, listening on 9894
2022-03-07 10:45:03,368 [org.apache.ratis.util.JvmPauseMonitor$$Lambda$431/661007587@28a9c286] INFO  util.JvmPauseMonitor (JvmPauseMonitor.java:run(103)) - JvmPauseMonitor-8cdc92c8-e5a2-4182-899c-4bf352b29a2f: Started
2022-03-07 10:45:08,530 [8cdc92c8-e5a2-4182-899c-4bf352b29a2f@group-465A6CF4CF6E-FollowerState] INFO  impl.FollowerState (FollowerState.java:run(134)) - 8cdc92c8-e5a2-4182-899c-4bf352b29a2f@group-465A6CF4CF6E-FollowerState: change to CANDIDATE, lastRpcElapsedTime:5184102227ns, electionTimeout:5169ms
2022-03-07 10:45:08,531 [8cdc92c8-e5a2-4182-899c-4bf352b29a2f@group-465A6CF4CF6E-FollowerState] INFO  impl.RoleInfo (RoleInfo.java:shutdownFollowerState(108)) - 8cdc92c8-e5a2-4182-899c-4bf352b29a2f: shutdown 8cdc92c8-e5a2-4182-899c-4bf352b29a2f@group-465A6CF4CF6E-FollowerState
2022-03-07 10:45:08,531 [8cdc92c8-e5a2-4182-899c-4bf352b29a2f@group-465A6CF4CF6E-FollowerState] INFO  server.RaftServer$Division (RaftServerImpl.java:setRole(290)) - 8cdc92c8-e5a2-4182-899c-4bf352b29a2f@group-465A6CF4CF6E: changes role from  FOLLOWER to CANDIDATE at term 0 for changeToCandidate
2022-03-07 10:45:08,531 [8cdc92c8-e5a2-4182-899c-4bf352b29a2f@group-465A6CF4CF6E-FollowerState] INFO  server.RaftServerConfigKeys (ConfUtils.java:logGet(44)) - raft.server.leaderelection.pre-vote = false (custom)
2022-03-07 10:45:08,531 [8cdc92c8-e5a2-4182-899c-4bf352b29a2f@group-465A6CF4CF6E-FollowerState] INFO  impl.RoleInfo (RoleInfo.java:updateAndGet(130)) - 8cdc92c8-e5a2-4182-899c-4bf352b29a2f: start 8cdc92c8-e5a2-4182-899c-4bf352b29a2f@group-465A6CF4CF6E-LeaderElection4
2022-03-07 10:45:08,538 [8cdc92c8-e5a2-4182-899c-4bf352b29a2f@group-465A6CF4CF6E-LeaderElection4] INFO  impl.LeaderElection (LeaderElection.java:askForVotes(306)) - 8cdc92c8-e5a2-4182-899c-4bf352b29a2f@group-465A6CF4CF6E-LeaderElection4 ELECTION round 0: submit vote requests at term 1 for -1: [8cdc92c8-e5a2-4182-899c-4bf352b29a2f|rpc:fv-az59-81:9894|priority:0], old=null
2022-03-07 10:45:08,538 [8cdc92c8-e5a2-4182-899c-4bf352b29a2f@group-465A6CF4CF6E-LeaderElection4] INFO  impl.LeaderElection (LeaderElection.java:askForVotes(308)) - 8cdc92c8-e5a2-4182-899c-4bf352b29a2f@group-465A6CF4CF6E-LeaderElection4 ELECTION round 0: result PASSED (term=1)
2022-03-07 10:45:08,538 [8cdc92c8-e5a2-4182-899c-4bf352b29a2f@group-465A6CF4CF6E-LeaderElection4] INFO  impl.RoleInfo (RoleInfo.java:shutdownLeaderElection(121)) - 8cdc92c8-e5a2-4182-899c-4bf352b29a2f: shutdown 8cdc92c8-e5a2-4182-899c-4bf352b29a2f@group-465A6CF4CF6E-LeaderElection4
2022-03-07 10:45:08,538 [8cdc92c8-e5a2-4182-899c-4bf352b29a2f@group-465A6CF4CF6E-LeaderElection4] INFO  server.RaftServer$Division (RaftServerImpl.java:setRole(290)) - 8cdc92c8-e5a2-4182-899c-4bf352b29a2f@group-465A6CF4CF6E: changes role from CANDIDATE to LEADER at term 1 for changeToLeader
2022-03-07 10:45:08,538 [8cdc92c8-e5a2-4182-899c-4bf352b29a2f@group-465A6CF4CF6E-LeaderElection4] INFO  server.RaftServer$Division (ServerState.java:setLeader(285)) - 8cdc92c8-e5a2-4182-899c-4bf352b29a2f@group-465A6CF4CF6E: change Leader from null to 8cdc92c8-e5a2-4182-899c-4bf352b29a2f at term 1 for becomeLeader, leader elected after 5208ms
2022-03-07 10:45:08,538 [8cdc92c8-e5a2-4182-899c-4bf352b29a2f@group-465A6CF4CF6E-LeaderElection4] INFO  server.RaftServerConfigKeys (ConfUtils.java:logGet(44)) - raft.server.staging.catchup.gap = 1000 (default)
2022-03-07 10:45:08,539 [8cdc92c8-e5a2-4182-899c-4bf352b29a2f@group-465A6CF4CF6E-LeaderElection4] INFO  server.RaftServerConfigKeys (ConfUtils.java:logGet(44)) - raft.server.write.element-limit = 4096 (default)
2022-03-07 10:45:08,539 [8cdc92c8-e5a2-4182-899c-4bf352b29a2f@group-465A6CF4CF6E-LeaderElection4] INFO  server.RaftServerConfigKeys (ConfUtils.java:logGet(44)) - raft.server.write.byte-limit = 64MB (=67108864) (default)
2022-03-07 10:45:08,540 [8cdc92c8-e5a2-4182-899c-4bf352b29a2f@group-465A6CF4CF6E-LeaderElection4] INFO  server.RaftServerConfigKeys (ConfUtils.java:logGet(44)) - raft.server.watch.timeout = 10s (default)
2022-03-07 10:45:08,541 [8cdc92c8-e5a2-4182-899c-4bf352b29a2f@group-465A6CF4CF6E-LeaderElection4] INFO  server.RaftServerConfigKeys (ConfUtils.java:logGet(44)) - raft.server.watch.timeout.denomination = 1s (default)
2022-03-07 10:45:08,541 [8cdc92c8-e5a2-4182-899c-4bf352b29a2f@group-465A6CF4CF6E-LeaderElection4] INFO  server.RaftServerConfigKeys (ConfUtils.java:logGet(44)) - raft.server.watch.element-limit = 65536 (default)
2022-03-07 10:45:08,541 [8cdc92c8-e5a2-4182-899c-4bf352b29a2f@group-465A6CF4CF6E-LeaderElection4] INFO  server.RaftServerConfigKeys (ConfUtils.java:logGet(44)) - raft.server.write.element-limit = 4096 (default)
2022-03-07 10:45:08,541 [8cdc92c8-e5a2-4182-899c-4bf352b29a2f@group-465A6CF4CF6E-LeaderElection4] INFO  server.RaftServerConfigKeys (ConfUtils.java:logGet(44)) - raft.server.write.follower.gap.ratio.max = -1.0 (default)
2022-03-07 10:45:08,541 [8cdc92c8-e5a2-4182-899c-4bf352b29a2f@group-465A6CF4CF6E-LeaderElection4] INFO  impl.RoleInfo (RoleInfo.java:updateAndGet(130)) - 8cdc92c8-e5a2-4182-899c-4bf352b29a2f: start 8cdc92c8-e5a2-4182-899c-4bf352b29a2f@group-465A6CF4CF6E-LeaderStateImpl
2022-03-07 10:45:08,541 [8cdc92c8-e5a2-4182-899c-4bf352b29a2f@group-465A6CF4CF6E-LeaderElection4] INFO  segmented.SegmentedRaftLogWorker (SegmentedRaftLogWorker.java:startLogSegment(394)) - 8cdc92c8-e5a2-4182-899c-4bf352b29a2f@group-465A6CF4CF6E-SegmentedRaftLogWorker: Starting segment from index:0
2022-03-07 10:45:08,552 [8cdc92c8-e5a2-4182-899c-4bf352b29a2f@group-465A6CF4CF6E-LeaderElection4] INFO  server.RaftServer$Division (ServerState.java:setRaftConf(387)) - 8cdc92c8-e5a2-4182-899c-4bf352b29a2f@group-465A6CF4CF6E: set configuration 0: [8cdc92c8-e5a2-4182-899c-4bf352b29a2f|rpc:fv-az59-81:9894|admin:|client:|dataStream:|priority:0], old=null
2022-03-07 10:45:08,553 [8cdc92c8-e5a2-4182-899c-4bf352b29a2f@group-465A6CF4CF6E-SegmentedRaftLogWorker] INFO  segmented.SegmentedRaftLogWorker (SegmentedRaftLogWorker.java:execute(601)) - 8cdc92c8-e5a2-4182-899c-4bf352b29a2f@group-465A6CF4CF6E-SegmentedRaftLogWorker: created new log segment /home/runner/work/ozone/ozone/hadoop-ozone/integration-test/target/test-dir/MiniOzoneClusterImpl-6216e668-73b2-4868-9d6f-465a6cf4cf6e/ozone-meta/scm-ha/6216e668-73b2-4868-9d6f-465a6cf4cf6e/current/log_inprogress_0
2022-03-07 10:45:09,369 [Time-limited test] INFO  server.RaftServer (RaftServerProxy.java:lambda$close$6(391)) - 8cdc92c8-e5a2-4182-899c-4bf352b29a2f: close
2022-03-07 10:45:09,369 [Time-limited test] INFO  server.RaftServer$Division (RaftServerImpl.java:lambda$close$4(412)) - 8cdc92c8-e5a2-4182-899c-4bf352b29a2f@group-465A6CF4CF6E: shutdown
2022-03-07 10:45:09,370 [Time-limited test] INFO  util.JmxRegister (JmxRegister.java:unregister(73)) - Successfully un-registered JMX Bean with object name Ratis:service=RaftServer,group=group-465A6CF4CF6E,id=8cdc92c8-e5a2-4182-899c-4bf352b29a2f
2022-03-07 10:45:09,370 [Time-limited test] INFO  impl.RoleInfo (RoleInfo.java:shutdownLeaderState(91)) - 8cdc92c8-e5a2-4182-899c-4bf352b29a2f: shutdown 8cdc92c8-e5a2-4182-899c-4bf352b29a2f@group-465A6CF4CF6E-LeaderStateImpl
2022-03-07 10:45:09,370 [Time-limited test] INFO  impl.PendingRequests (PendingRequests.java:sendNotLeaderResponses(282)) - 8cdc92c8-e5a2-4182-899c-4bf352b29a2f@group-465A6CF4CF6E-PendingRequests: sendNotLeaderResponses
2022-03-07 10:45:09,371 [Time-limited test] INFO  impl.StateMachineUpdater (StateMachineUpdater.java:stopAndJoin(149)) - 8cdc92c8-e5a2-4182-899c-4bf352b29a2f@group-465A6CF4CF6E-StateMachineUpdater: set stopIndex = 0
2022-03-07 10:45:09,376 [8cdc92c8-e5a2-4182-899c-4bf352b29a2f@group-465A6CF4CF6E-StateMachineUpdater] INFO  impl.StateMachineUpdater (StateMachineUpdater.java:takeSnapshot(281)) - 8cdc92c8-e5a2-4182-899c-4bf352b29a2f@group-465A6CF4CF6E-StateMachineUpdater: Took a snapshot at index 0
2022-03-07 10:45:09,376 [8cdc92c8-e5a2-4182-899c-4bf352b29a2f@group-465A6CF4CF6E-StateMachineUpdater] INFO  impl.StateMachineUpdater (StateMachineUpdater.java:lambda$new$0(89)) - 8cdc92c8-e5a2-4182-899c-4bf352b29a2f@group-465A6CF4CF6E-StateMachineUpdater: snapshotIndex: updateIncreasingly -1 -> 0
2022-03-07 10:45:09,376 [Time-limited test] INFO  server.RaftServer$Division (ServerState.java:close(419)) - 8cdc92c8-e5a2-4182-899c-4bf352b29a2f@group-465A6CF4CF6E: closes. applyIndex: 0
2022-03-07 10:45:09,376 [8cdc92c8-e5a2-4182-899c-4bf352b29a2f@group-465A6CF4CF6E-SegmentedRaftLogWorker] INFO  segmented.SegmentedRaftLogWorker (SegmentedRaftLogWorker.java:run(327)) - 8cdc92c8-e5a2-4182-899c-4bf352b29a2f@group-465A6CF4CF6E-SegmentedRaftLogWorker was interrupted, exiting. There are 0 tasks remaining in the queue.
2022-03-07 10:45:09,377 [Time-limited test] INFO  segmented.SegmentedRaftLogWorker (SegmentedRaftLogWorker.java:close(237)) - 8cdc92c8-e5a2-4182-899c-4bf352b29a2f@group-465A6CF4CF6E-SegmentedRaftLogWorker close()
2022-03-07 10:45:09,378 [Time-limited test] INFO  server.GrpcService (GrpcService.java:closeImpl(262)) - 8cdc92c8-e5a2-4182-899c-4bf352b29a2f: shutdown server with port 9894 now
2022-03-07 10:45:09,380 [Time-limited test] INFO  server.GrpcService (GrpcService.java:closeImpl(271)) - 8cdc92c8-e5a2-4182-899c-4bf352b29a2f: shutdown server with port 9894 successfully
2022-03-07 10:45:09,380 [org.apache.ratis.util.JvmPauseMonitor$$Lambda$431/661007587@28a9c286] INFO  util.JvmPauseMonitor (JvmPauseMonitor.java:run(109)) - JvmPauseMonitor-8cdc92c8-e5a2-4182-899c-4bf352b29a2f: Stopped
2022-03-07 10:45:09,380 [Time-limited test] INFO  ha.SCMHANodeDetails (SCMHANodeDetails.java:loadSCMHAConfig(157)) - ServiceID for StorageContainerManager is null
2022-03-07 10:45:09,380 [Time-limited test] INFO  ha.SCMHANodeDetails (SCMHANodeDetails.java:loadSCMHAConfig(162)) - ozone.scm.default.service.id is not defined, falling back to ozone.scm.service.ids to find serviceID for StorageContainerManager if it is HA enabled cluster
2022-03-07 10:45:09,381 [Time-limited test] WARN  server.ServerUtils (ServerUtils.java:getScmDbDir(148)) - ozone.scm.db.dirs is not configured. We recommend adding this setting. Falling back to ozone.metadata.dirs instead.
2022-03-07 10:45:09,382 [Time-limited test] INFO  upgrade.AbstractLayoutVersionManager (AbstractLayoutVersionManager.java:init(79)) - Initializing Layout version manager with metadata layout = SCM_HA (version = 2), software layout = SCM_HA (version = 2)
2022-03-07 10:45:09,472 [Time-limited test] INFO  reflections.Reflections (Reflections.java:scan(232)) - Reflections took 87 ms to scan 7 urls, producing 122 keys and 286 values 
2022-03-07 10:45:09,474 [Time-limited test] WARN  utils.HAUtils (HAUtils.java:getMetaDir(342)) - ozone.scm.db.dirs is not configured. We recommend adding this setting. Falling back to ozone.metadata.dirs instead.
2022-03-07 10:45:09,475 [Time-limited test] WARN  db.DBStoreBuilder (DBStoreBuilder.java:applyDBDefinition(145)) - ozone.scm.db.dirs is not configured. We recommend adding this setting. Falling back to ozone.metadata.dirs instead.
2022-03-07 10:45:09,553 [Time-limited test] INFO  net.NodeSchemaLoader (NodeSchemaLoader.java:loadSchemaFromFile(129)) - Loading schema from [jar:file:/home/runner/.m2/repository/org/apache/ozone/hdds-common/1.3.0-SNAPSHOT/hdds-common-1.3.0-SNAPSHOT.jar!/network-topology-default.xml]
2022-03-07 10:45:09,553 [Time-limited test] INFO  net.NodeSchemaLoader (NodeSchemaLoader.java:loadSchema(176)) - Loading network topology layer schema file
2022-03-07 10:45:09,560 [Time-limited test] INFO  ha.SCMRatisServerImpl (SCMRatisServerImpl.java:<init>(87)) - starting Raft server for scm:8cdc92c8-e5a2-4182-899c-4bf352b29a2f
2022-03-07 10:45:09,561 [Time-limited test] INFO  server.RaftServer (ConfUtils.java:logGet(44)) - raft.rpc.type = GRPC (default)
2022-03-07 10:45:09,562 [Time-limited test] INFO  grpc.GrpcFactory (GrpcFactory.java:checkPooledByteBufAllocatorUseCacheForAllThreads(48)) - PERFORMANCE WARNING: useCacheForAllThreads is true that may cause Netty to create a lot garbage objects and, as a result, trigger GC.
	It is recommended to disable useCacheForAllThreads by setting -Dorg.apache.ratis.thirdparty.io.netty.allocator.useCacheForAllThreads=false in command line.
2022-03-07 10:45:09,562 [Time-limited test] INFO  grpc.GrpcConfigKeys (ConfUtils.java:logGet(44)) - raft.grpc.admin.port = -1 (default)
2022-03-07 10:45:09,562 [Time-limited test] INFO  grpc.GrpcConfigKeys (ConfUtils.java:logGet(44)) - raft.grpc.server.port = 9894 (custom)
2022-03-07 10:45:09,562 [Time-limited test] INFO  grpc.GrpcConfigKeys (ConfUtils.java:logGet(44)) - raft.grpc.client.port = -1 (default)
2022-03-07 10:45:09,562 [Time-limited test] INFO  grpc.GrpcConfigKeys (ConfUtils.java:logGet(44)) - raft.grpc.server.port = 9894 (custom)
2022-03-07 10:45:09,562 [Time-limited test] INFO  grpc.GrpcConfigKeys (ConfUtils.java:logGet(44)) - raft.grpc.server.port = 9894 (custom)
2022-03-07 10:45:09,562 [Time-limited test] INFO  server.GrpcService (ConfUtils.java:logGet(44)) - raft.grpc.message.size.max = 32m (=33554432) (custom)
2022-03-07 10:45:09,563 [Time-limited test] INFO  server.RaftServerConfigKeys (ConfUtils.java:logGet(44)) - raft.server.log.appender.buffer.byte-limit = 33554432 (custom)
2022-03-07 10:45:09,563 [Time-limited test] INFO  server.GrpcService (ConfUtils.java:logGet(44)) - raft.grpc.flow.control.window = 1MB (=1048576) (default)
2022-03-07 10:45:09,563 [Time-limited test] INFO  server.RaftServerConfigKeys (ConfUtils.java:logGet(44)) - raft.server.rpc.request.timeout = 30000ms (custom)
2022-03-07 10:45:09,564 [Time-limited test] INFO  impl.DataStreamServerImpl (ConfUtils.java:logGet(44)) - raft.datastream.type = DISABLED (default)
2022-03-07 10:45:09,564 [Time-limited test] INFO  server.RaftServerConfigKeys (ConfUtils.java:logGet(44)) - raft.server.rpc.slowness.timeout = 120000ms (custom)
2022-03-07 10:45:09,565 [Time-limited test] INFO  server.RaftServerConfigKeys (ConfUtils.java:logGet(44)) - raft.server.leaderelection.leader.step-down.wait-time = 10s (default)
2022-03-07 10:45:09,565 [Time-limited test] INFO  server.RaftServerConfigKeys (ConfUtils.java:logGet(44)) - raft.server.storage.dir = [/home/runner/work/ozone/ozone/hadoop-ozone/integration-test/target/test-dir/MiniOzoneClusterImpl-6216e668-73b2-4868-9d6f-465a6cf4cf6e/ozone-meta/scm-ha] (custom)
2022-03-07 10:45:09,565 [Time-limited test] INFO  server.RaftServer (RaftServerProxy.java:lambda$null$1(235)) - 8cdc92c8-e5a2-4182-899c-4bf352b29a2f: found a subdirectory /home/runner/work/ozone/ozone/hadoop-ozone/integration-test/target/test-dir/MiniOzoneClusterImpl-6216e668-73b2-4868-9d6f-465a6cf4cf6e/ozone-meta/scm-ha/6216e668-73b2-4868-9d6f-465a6cf4cf6e
2022-03-07 10:45:09,566 [Time-limited test] INFO  server.RaftServer (RaftServerProxy.java:addNew(95)) - 8cdc92c8-e5a2-4182-899c-4bf352b29a2f: addNew group-465A6CF4CF6E:[] returns group-465A6CF4CF6E:java.util.concurrent.CompletableFuture@ffc0126[Not completed]
2022-03-07 10:45:09,566 [pool-101-thread-1] INFO  server.RaftServer$Division (RaftServerImpl.java:<init>(184)) - 8cdc92c8-e5a2-4182-899c-4bf352b29a2f: new RaftServerImpl for group-465A6CF4CF6E:[] with SCMStateMachine:uninitialized
2022-03-07 10:45:09,567 [pool-101-thread-1] INFO  server.RaftServerConfigKeys (ConfUtils.java:logGet(44)) - raft.server.rpc.timeout.min = 5000ms (custom)
2022-03-07 10:45:09,567 [pool-101-thread-1] INFO  server.RaftServerConfigKeys (ConfUtils.java:logGet(44)) - raft.server.rpc.timeout.max = 5200ms (custom)
2022-03-07 10:45:09,567 [pool-101-thread-1] INFO  server.RaftServerConfigKeys (ConfUtils.java:logGet(44)) - raft.server.rpc.sleep.time = 25ms (default)
2022-03-07 10:45:09,567 [pool-101-thread-1] INFO  server.RaftServerConfigKeys (ConfUtils.java:logGet(44)) - raft.server.rpc.slowness.timeout = 120000ms (custom)
2022-03-07 10:45:09,567 [pool-101-thread-1] INFO  server.RaftServerConfigKeys (ConfUtils.java:logGet(44)) - raft.server.leaderelection.leader.step-down.wait-time = 10s (default)
2022-03-07 10:45:09,571 [pool-101-thread-1] INFO  server.RaftServerConfigKeys (ConfUtils.java:logGet(44)) - raft.server.sleep.deviation.threshold = 300ms (default)
2022-03-07 10:45:09,571 [pool-101-thread-1] INFO  server.RaftServerConfigKeys (ConfUtils.java:logGet(44)) - raft.server.log.appender.install.snapshot.enabled = false (custom)
2022-03-07 10:45:09,571 [pool-101-thread-1] INFO  server.RaftServer$Division (ServerState.java:<init>(105)) - 8cdc92c8-e5a2-4182-899c-4bf352b29a2f@group-465A6CF4CF6E: ConfigurationManager, init=-1: [], old=null, confs=<EMPTY_MAP>
2022-03-07 10:45:09,571 [pool-101-thread-1] INFO  server.RaftServerConfigKeys (ConfUtils.java:logGet(44)) - raft.server.storage.dir = [/home/runner/work/ozone/ozone/hadoop-ozone/integration-test/target/test-dir/MiniOzoneClusterImpl-6216e668-73b2-4868-9d6f-465a6cf4cf6e/ozone-meta/scm-ha] (custom)
2022-03-07 10:45:09,572 [pool-101-thread-1] INFO  server.RaftServerConfigKeys (ConfUtils.java:logGet(44)) - raft.server.log.corruption.policy = EXCEPTION (default)
2022-03-07 10:45:09,572 [pool-101-thread-1] INFO  server.RaftServerConfigKeys (ConfUtils.java:logGet(44)) - raft.server.storage.free-space.min = 0MB (=0) (default)
2022-03-07 10:45:09,573 [pool-101-thread-1] INFO  storage.RaftStorageDirectory (RaftStorageDirectoryImpl.java:tryLock(230)) - Lock on /home/runner/work/ozone/ozone/hadoop-ozone/integration-test/target/test-dir/MiniOzoneClusterImpl-6216e668-73b2-4868-9d6f-465a6cf4cf6e/ozone-meta/scm-ha/6216e668-73b2-4868-9d6f-465a6cf4cf6e/in_use.lock acquired by nodename 21425@fv-az59-81
2022-03-07 10:45:09,573 [pool-101-thread-1] INFO  storage.RaftStorage (RaftStorageImpl.java:analyzeAndRecoverStorage(110)) - Read RaftStorageMetadata{term=1, votedFor=8cdc92c8-e5a2-4182-899c-4bf352b29a2f} from /home/runner/work/ozone/ozone/hadoop-ozone/integration-test/target/test-dir/MiniOzoneClusterImpl-6216e668-73b2-4868-9d6f-465a6cf4cf6e/ozone-meta/scm-ha/6216e668-73b2-4868-9d6f-465a6cf4cf6e/current/raft-meta
2022-03-07 10:45:09,574 [pool-101-thread-1] INFO  server.RaftServer$Division (ServerState.java:setRaftConf(387)) - 8cdc92c8-e5a2-4182-899c-4bf352b29a2f@group-465A6CF4CF6E: set configuration 0: [8cdc92c8-e5a2-4182-899c-4bf352b29a2f|rpc:fv-az59-81:9894|admin:|client:|dataStream:|priority:0], old=null
2022-03-07 10:45:09,574 [pool-101-thread-1] INFO  server.RaftServerConfigKeys (ConfUtils.java:logGet(44)) - raft.server.notification.no-leader.timeout = 60s (default)
2022-03-07 10:45:09,574 [pool-101-thread-1] INFO  server.RaftServerConfigKeys (ConfUtils.java:logGet(44)) - raft.server.log.use.memory = false (default)
2022-03-07 10:45:09,574 [pool-101-thread-1] INFO  server.RaftServerConfigKeys (ConfUtils.java:logGet(44)) - raft.server.log.purge.gap = 1000000 (custom)
2022-03-07 10:45:09,574 [pool-101-thread-1] INFO  server.RaftServerConfigKeys (ConfUtils.java:logGet(44)) - raft.server.log.appender.buffer.byte-limit = 33554432 (custom)
2022-03-07 10:45:09,574 [pool-101-thread-1] INFO  server.RaftServerConfigKeys (ConfUtils.java:logGet(44)) - raft.server.log.segment.size.max = 4194304 (custom)
2022-03-07 10:45:09,575 [pool-101-thread-1] INFO  server.RaftServerConfigKeys (ConfUtils.java:logGet(44)) - raft.server.log.segment.cache.num.max = 2 (custom)
2022-03-07 10:45:09,575 [pool-101-thread-1] INFO  server.RaftServerConfigKeys (ConfUtils.java:logGet(44)) - raft.server.log.segment.cache.size.max = 200MB (=209715200) (default)
2022-03-07 10:45:09,576 [pool-101-thread-1] INFO  segmented.SegmentedRaftLogWorker (SegmentedRaftLogWorker.java:<init>(182)) - new 8cdc92c8-e5a2-4182-899c-4bf352b29a2f@group-465A6CF4CF6E-SegmentedRaftLogWorker for RaftStorageImpl:Storage Directory /home/runner/work/ozone/ozone/hadoop-ozone/integration-test/target/test-dir/MiniOzoneClusterImpl-6216e668-73b2-4868-9d6f-465a6cf4cf6e/ozone-meta/scm-ha/6216e668-73b2-4868-9d6f-465a6cf4cf6e
2022-03-07 10:45:09,576 [pool-101-thread-1] INFO  server.RaftServerConfigKeys (ConfUtils.java:logGet(44)) - raft.server.log.queue.byte-limit = 64MB (=67108864) (default)
2022-03-07 10:45:09,576 [pool-101-thread-1] INFO  server.RaftServerConfigKeys (ConfUtils.java:logGet(44)) - raft.server.log.queue.element-limit = 4096 (default)
2022-03-07 10:45:09,576 [pool-101-thread-1] INFO  server.RaftServerConfigKeys (ConfUtils.java:logGet(44)) - raft.server.log.segment.size.max = 4194304 (custom)
2022-03-07 10:45:09,576 [pool-101-thread-1] INFO  server.RaftServerConfigKeys (ConfUtils.java:logGet(44)) - raft.server.log.preallocated.size = 4194304 (custom)
2022-03-07 10:45:09,576 [pool-101-thread-1] INFO  server.RaftServerConfigKeys (ConfUtils.java:logGet(44)) - raft.server.log.force.sync.num = 128 (default)
2022-03-07 10:45:09,576 [pool-101-thread-1] INFO  server.RaftServerConfigKeys (ConfUtils.java:logGet(44)) - raft.server.log.statemachine.data.sync = true (default)
2022-03-07 10:45:09,577 [pool-101-thread-1] INFO  server.RaftServerConfigKeys (ConfUtils.java:logGet(44)) - raft.server.log.statemachine.data.sync.timeout = 10s (default)
2022-03-07 10:45:09,577 [pool-101-thread-1] INFO  server.RaftServerConfigKeys (ConfUtils.java:logGet(44)) - raft.server.log.statemachine.data.sync.timeout.retry = -1 (default)
2022-03-07 10:45:09,583 [pool-101-thread-1] INFO  server.RaftServerConfigKeys (ConfUtils.java:logGet(44)) - raft.server.log.write.buffer.size = 64KB (=65536) (default)
2022-03-07 10:45:09,583 [pool-101-thread-1] INFO  server.RaftServerConfigKeys (ConfUtils.java:logGet(44)) - raft.server.log.statemachine.data.caching.enabled = false (default)
2022-03-07 10:45:09,584 [pool-101-thread-1] INFO  server.RaftServer$Division (ServerState.java:setRaftConf(387)) - 8cdc92c8-e5a2-4182-899c-4bf352b29a2f@group-465A6CF4CF6E: set configuration 0: [8cdc92c8-e5a2-4182-899c-4bf352b29a2f|rpc:fv-az59-81:9894|admin:|client:|dataStream:|priority:0], old=null
2022-03-07 10:45:09,584 [pool-101-thread-1] INFO  segmented.LogSegment (LogSegment.java:loadSegment(173)) - Successfully read 1 entries from segment file /home/runner/work/ozone/ozone/hadoop-ozone/integration-test/target/test-dir/MiniOzoneClusterImpl-6216e668-73b2-4868-9d6f-465a6cf4cf6e/ozone-meta/scm-ha/6216e668-73b2-4868-9d6f-465a6cf4cf6e/current/log_inprogress_0
2022-03-07 10:45:09,584 [pool-101-thread-1] INFO  segmented.SegmentedRaftLogWorker (SegmentedRaftLogWorker.java:lambda$new$0(133)) - 8cdc92c8-e5a2-4182-899c-4bf352b29a2f@group-465A6CF4CF6E-SegmentedRaftLogWorker: flushIndex: setUnconditionally 0 -> 0
2022-03-07 10:45:09,584 [pool-101-thread-1] INFO  segmented.SegmentedRaftLogWorker (SegmentedRaftLogWorker.java:lambda$new$0(133)) - 8cdc92c8-e5a2-4182-899c-4bf352b29a2f@group-465A6CF4CF6E-SegmentedRaftLogWorker: safeCacheEvictIndex: setUnconditionally 0 -> -1
2022-03-07 10:45:09,584 [pool-101-thread-1] INFO  server.RaftServerConfigKeys (ConfUtils.java:logGet(44)) - raft.server.snapshot.auto.trigger.enabled = true (custom)
2022-03-07 10:45:09,585 [pool-101-thread-1] INFO  server.RaftServerConfigKeys (ConfUtils.java:logGet(44)) - raft.server.snapshot.auto.trigger.threshold = 1000 (custom)
2022-03-07 10:45:09,585 [pool-101-thread-1] INFO  server.RaftServerConfigKeys (ConfUtils.java:logGet(44)) - raft.server.snapshot.retention.file.num = -1 (default)
2022-03-07 10:45:09,585 [pool-101-thread-1] INFO  server.RaftServerConfigKeys (ConfUtils.java:logGet(44)) - raft.server.log.purge.upto.snapshot.index = false (default)
2022-03-07 10:45:09,585 [pool-101-thread-1] INFO  server.RaftServerConfigKeys (ConfUtils.java:logGet(44)) - raft.server.retrycache.expirytime = 60000ms (default)
2022-03-07 10:45:09,585 [pool-101-thread-1] INFO  server.RaftServerConfigKeys (ConfUtils.java:logGet(44)) - raft.server.retrycache.statistics.expirytime = 100μs (default)
2022-03-07 10:45:09,586 [Time-limited test] INFO  ha.SCMSnapshotProvider (SCMSnapshotProvider.java:<init>(66)) - Initializing SCM Snapshot Provider
2022-03-07 10:45:09,586 [Time-limited test] WARN  server.ServerUtils (ServerUtils.java:getDefaultRatisDirectory(237)) - Storage directory for Ratis is not configured. It is a good idea to map this to an SSD disk. Falling back to ozone.metadata.dirs
2022-03-07 10:45:09,586 [Time-limited test] WARN  ha.SCMHAUtils (SCMHAUtils.java:getSCMRatisSnapshotDirectory(151)) - SCM snapshot dir is not configured. Falling back to ozone.metadata.dirs config
2022-03-07 10:45:09,592 [Time-limited test] INFO  ha.SequenceIdGenerator (SequenceIdGenerator.java:upgradeToSequenceId(347)) - upgrade localId to 109611004723200000
2022-03-07 10:45:09,592 [Time-limited test] INFO  ha.SequenceIdGenerator (SequenceIdGenerator.java:upgradeToSequenceId(357)) - upgrade delTxnId to 0
2022-03-07 10:45:09,592 [Time-limited test] INFO  ha.SequenceIdGenerator (SequenceIdGenerator.java:upgradeToSequenceId(371)) - upgrade containerId to 0
2022-03-07 10:45:09,592 [Time-limited test] INFO  ha.SequenceIdGenerator (SequenceIdGenerator.java:<init>(218)) - Init the HA SequenceIdGenerator.
2022-03-07 10:45:09,592 [Time-limited test] WARN  server.ServerUtils (ServerUtils.java:sanitizeUserArgs(73)) - ozone.scm.stale.node.interval value = 300000 is larger than max = 100000 based on the key value of ozone.scm.heartbeat.thread.interval, reset to the max value 100000.
2022-03-07 10:45:09,592 [Time-limited test] WARN  server.ServerUtils (ServerUtils.java:sanitizeUserArgs(73)) - ozone.scm.stale.node.interval value = 300000 is larger than max = 100000 based on the key value of ozone.scm.heartbeat.thread.interval, reset to the max value 100000.
2022-03-07 10:45:09,594 [Time-limited test] INFO  node.SCMNodeManager (SCMNodeManager.java:<init>(146)) - Entering startup safe mode.
2022-03-07 10:45:09,595 [Time-limited test] INFO  algorithms.ContainerPlacementPolicyFactory (ContainerPlacementPolicyFactory.java:getPolicy(60)) - Create container placement policy of type org.apache.hadoop.hdds.scm.container.placement.algorithms.SCMContainerPlacementRandom
2022-03-07 10:45:09,595 [Time-limited test] INFO  pipeline.PipelineStateManagerImpl (PipelineStateManagerImpl.java:initialize(78)) - No pipeline exists in current db
2022-03-07 10:45:09,596 [Time-limited test] INFO  algorithms.LeaderChoosePolicyFactory (LeaderChoosePolicyFactory.java:getPolicy(57)) - Create leader choose policy of type org.apache.hadoop.hdds.scm.pipeline.leader.choose.algorithms.MinLeaderCountChoosePolicy
2022-03-07 10:45:09,596 [Time-limited test] INFO  ha.SCMServiceManager (SCMServiceManager.java:register(42)) - Registering service BackgroundPipelineCreator.
2022-03-07 10:45:09,596 [Time-limited test] INFO  pipeline.BackgroundPipelineCreator (BackgroundPipelineCreator.java:start(130)) - Starting RatisPipelineUtilsThread.
2022-03-07 10:45:09,597 [Time-limited test] INFO  algorithms.PipelineChoosePolicyFactory (PipelineChoosePolicyFactory.java:createPipelineChoosePolicyFromClass(73)) - Create pipeline choose policy of type org.apache.hadoop.hdds.scm.pipeline.choose.algorithms.RandomPipelineChoosePolicy
2022-03-07 10:45:09,597 [Time-limited test] INFO  ha.SCMServiceManager (SCMServiceManager.java:register(42)) - Registering service SCMBlockDeletingService.
2022-03-07 10:45:09,598 [Time-limited test] INFO  ha.SCMServiceManager (SCMServiceManager.java:register(42)) - Registering service ReplicationManager.
2022-03-07 10:45:09,598 [Time-limited test] INFO  container.ReplicationManager (ReplicationManager.java:start(326)) - Starting Replication Monitor Thread.
2022-03-07 10:45:09,600 [Time-limited test] INFO  safemode.ContainerSafeModeRule (ContainerSafeModeRule.java:<init>(89)) - containers with one replica threshold count 0
2022-03-07 10:45:09,601 [Time-limited test] INFO  safemode.HealthyPipelineSafeModeRule (HealthyPipelineSafeModeRule.java:initializeRule(156)) - Total pipeline count is 0, healthy pipeline threshold count is 1
2022-03-07 10:45:09,601 [Time-limited test] INFO  safemode.OneReplicaPipelineSafeModeRule (OneReplicaPipelineSafeModeRule.java:initializeRule(180)) - Total pipeline count is 0, pipeline's with at least one datanode reported threshold count is 0
2022-03-07 10:45:09,604 [Time-limited test] INFO  ipc.CallQueueManager (CallQueueManager.java:<init>(90)) - Using callQueue: class java.util.concurrent.LinkedBlockingQueue, queueCapacity: 2000, scheduler: class org.apache.hadoop.ipc.DefaultRpcScheduler, ipcBackoff: false.
2022-03-07 10:45:09,607 [ReplicationMonitor] INFO  container.ReplicationManager (ReplicationManager.java:processAll(374)) - Replication Manager is not ready to run until 3000ms after safemode exit
2022-03-07 10:45:09,624 [Socket Reader #1 for port 0] INFO  ipc.Server (Server.java:run(1265)) - Starting Socket Reader #1 for port 0
2022-03-07 10:45:09,631 [Listener at 0.0.0.0/44927] INFO  ipc.CallQueueManager (CallQueueManager.java:<init>(90)) - Using callQueue: class java.util.concurrent.LinkedBlockingQueue, queueCapacity: 2000, scheduler: class org.apache.hadoop.ipc.DefaultRpcScheduler, ipcBackoff: false.
2022-03-07 10:45:09,632 [Socket Reader #1 for port 0] INFO  ipc.Server (Server.java:run(1265)) - Starting Socket Reader #1 for port 0
2022-03-07 10:45:09,633 [Listener at 0.0.0.0/37521] INFO  ipc.CallQueueManager (CallQueueManager.java:<init>(90)) - Using callQueue: class java.util.concurrent.LinkedBlockingQueue, queueCapacity: 2000, scheduler: class org.apache.hadoop.ipc.DefaultRpcScheduler, ipcBackoff: false.
2022-03-07 10:45:09,633 [Socket Reader #1 for port 0] INFO  ipc.Server (Server.java:run(1265)) - Starting Socket Reader #1 for port 0
2022-03-07 10:45:09,674 [Listener at 0.0.0.0/43749] INFO  server.StorageContainerManager (StorageContainerManager.java:<init>(389)) - 
Container Balancer status:
Key                            Value
Running                        false
Container Balancer Configuration values:
Key                                                Value
Threshold                                          10
Max Datanodes to Involve per Iteration(percent)    20
Max Size to Move per Iteration                     500GB
Max Size Entering Target per Iteration             26GB
Max Size Leaving Source per Iteration              26GB

2022-03-07 10:45:09,675 [Listener at 0.0.0.0/43749] WARN  events.EventQueue (EventQueue.java:fireEvent(194)) - No event handler registered for event TypedEvent{payloadType=SafeModeStatus, name='Safe mode status'}
2022-03-07 10:45:09,675 [Listener at 0.0.0.0/43749] INFO  ha.SCMContext (SCMContext.java:updateSafeModeStatus(211)) - Update SafeModeStatus from SafeModeStatus{safeModeStatus=true, preCheckPassed=false} to SafeModeStatus{safeModeStatus=true, preCheckPassed=false}.
2022-03-07 10:45:09,676 [Listener at 0.0.0.0/43749] INFO  server.StorageContainerManager (StorageContainerManager.java:start(1327)) - StorageContainerLocationProtocol RPC server is listening at /0.0.0.0:43749
2022-03-07 10:45:09,676 [Listener at 0.0.0.0/43749] INFO  ha.SCMRatisServerImpl (SCMRatisServerImpl.java:start(177)) - starting ratis server 0.0.0.0:9894
2022-03-07 10:45:09,676 [Listener at 0.0.0.0/43749] INFO  server.RaftServer$Division (RaftServerImpl.java:start(301)) - 8cdc92c8-e5a2-4182-899c-4bf352b29a2f@group-465A6CF4CF6E: start as a follower, conf=0: [8cdc92c8-e5a2-4182-899c-4bf352b29a2f|rpc:fv-az59-81:9894|admin:|client:|dataStream:|priority:0], old=null
2022-03-07 10:45:09,676 [Listener at 0.0.0.0/43749] INFO  server.RaftServer$Division (RaftServerImpl.java:setRole(290)) - 8cdc92c8-e5a2-4182-899c-4bf352b29a2f@group-465A6CF4CF6E: changes role from      null to FOLLOWER at term 1 for startAsFollower
2022-03-07 10:45:09,676 [Listener at 0.0.0.0/43749] INFO  impl.RoleInfo (RoleInfo.java:updateAndGet(130)) - 8cdc92c8-e5a2-4182-899c-4bf352b29a2f: start 8cdc92c8-e5a2-4182-899c-4bf352b29a2f@group-465A6CF4CF6E-FollowerState
2022-03-07 10:45:09,678 [Listener at 0.0.0.0/43749] INFO  util.JmxRegister (JmxRegister.java:tryRegister(44)) - Successfully registered JMX Bean with object name Ratis:service=RaftServer,group=group-465A6CF4CF6E,id=8cdc92c8-e5a2-4182-899c-4bf352b29a2f
2022-03-07 10:45:09,680 [Listener at 0.0.0.0/43749] INFO  server.RaftServer (RaftServerProxy.java:lambda$start$5(374)) - 8cdc92c8-e5a2-4182-899c-4bf352b29a2f: start RPC server
2022-03-07 10:45:09,681 [Listener at 0.0.0.0/43749] INFO  server.GrpcService (GrpcService.java:startImpl(253)) - 8cdc92c8-e5a2-4182-899c-4bf352b29a2f: GrpcService started, listening on 9894
2022-03-07 10:45:09,682 [Listener at 0.0.0.0/43749] INFO  ha.SCMHAManagerImpl (SCMHAManagerImpl.java:start(121)) -  scm role is FOLLOWER peers [8cdc92c8-e5a2-4182-899c-4bf352b29a2f|rpc:fv-az59-81:9894|admin:|client:|dataStream:|priority:0]
2022-03-07 10:45:09,682 [Listener at 0.0.0.0/43749] INFO  ha.InterSCMGrpcService (InterSCMGrpcProtocolService.java:start(94)) - Starting SCM Grpc Service at port 9895
2022-03-07 10:45:09,685 [org.apache.ratis.util.JvmPauseMonitor$$Lambda$431/661007587@38046110] INFO  util.JvmPauseMonitor (JvmPauseMonitor.java:run(103)) - JvmPauseMonitor-8cdc92c8-e5a2-4182-899c-4bf352b29a2f: Started
2022-03-07 10:45:09,686 [Listener at 0.0.0.0/43749] WARN  impl.MetricsConfig (MetricsConfig.java:loadFirst(136)) - Cannot locate configuration: tried hadoop-metrics2-storagecontainermanager.properties,hadoop-metrics2.properties
2022-03-07 10:45:09,687 [Listener at 0.0.0.0/43749] INFO  impl.MetricsSystemImpl (MetricsSystemImpl.java:startTimer(378)) - Scheduled Metric snapshot period at 10 second(s).
2022-03-07 10:45:09,687 [Listener at 0.0.0.0/43749] INFO  impl.MetricsSystemImpl (MetricsSystemImpl.java:start(191)) - StorageContainerManager metrics system started
2022-03-07 10:45:09,694 [Listener at 0.0.0.0/43749] INFO  impl.MetricsSinkAdapter (MetricsSinkAdapter.java:start(204)) - Sink prometheus started
2022-03-07 10:45:09,694 [Listener at 0.0.0.0/43749] INFO  impl.MetricsSystemImpl (MetricsSystemImpl.java:registerSink(305)) - Registered sink prometheus
2022-03-07 10:45:09,721 [Listener at 0.0.0.0/43749] INFO  server.SCMClientProtocolServer (SCMClientProtocolServer.java:start(165)) - RPC server for Client  is listening at /0.0.0.0:43749
2022-03-07 10:45:09,728 [IPC Server Responder] INFO  ipc.Server (Server.java:run(1507)) - IPC Server Responder: starting
2022-03-07 10:45:09,729 [IPC Server listener on 0] INFO  ipc.Server (Server.java:run(1344)) - IPC Server listener on 0: starting
2022-03-07 10:45:09,734 [Listener at 0.0.0.0/43749] INFO  server.StorageContainerManager (StorageContainerManager.java:start(1342)) - ScmBlockLocationProtocol RPC server is listening at /0.0.0.0:37521
2022-03-07 10:45:09,735 [Listener at 0.0.0.0/43749] INFO  server.SCMBlockProtocolServer (SCMBlockProtocolServer.java:start(151)) - RPC server for Block Protocol is listening at /0.0.0.0:37521
2022-03-07 10:45:09,740 [IPC Server Responder] INFO  ipc.Server (Server.java:run(1507)) - IPC Server Responder: starting
2022-03-07 10:45:09,740 [IPC Server listener on 0] INFO  ipc.Server (Server.java:run(1344)) - IPC Server listener on 0: starting
2022-03-07 10:45:09,748 [Listener at 0.0.0.0/43749] INFO  http.BaseHttpServer (BaseHttpServer.java:newHttpServer2BuilderForOzone(209)) - Starting Web-server for scm at: http://0.0.0.0:0
2022-03-07 10:45:09,749 [Listener at 0.0.0.0/43749] INFO  http.BaseHttpServer (BaseHttpServer.java:<init>(107)) - Hadoop Security Enabled: false Ozone Security Enabled: false Ozone HTTP Security Enabled: false 
2022-03-07 10:45:09,750 [Listener at 0.0.0.0/43749] INFO  server.AuthenticationFilter (AuthenticationFilter.java:constructSecretProvider(240)) - Unable to initialize FileSignerSecretProvider, falling back to use random secrets.
2022-03-07 10:45:09,750 [org.apache.hadoop.util.JvmPauseMonitor$Monitor@3a1e09bd] INFO  util.JvmPauseMonitor (JvmPauseMonitor.java:run(188)) - Starting JVM pause monitor
2022-03-07 10:45:09,752 [Listener at 0.0.0.0/43749] WARN  http.HttpRequestLog (HttpRequestLog.java:getRequestLog(103)) - Jetty request log can only be enabled using Log4j
2022-03-07 10:45:09,753 [Listener at 0.0.0.0/43749] INFO  http.HttpServer2 (HttpServer2.java:addGlobalFilter(1030)) - Added global filter 'safety' (class=org.apache.hadoop.hdds.server.http.HttpServer2$QuotingInputFilter)
2022-03-07 10:45:09,754 [Listener at 0.0.0.0/43749] INFO  http.HttpServer2 (HttpServer2.java:addFilter(1006)) - Added filter static_user_filter (class=org.apache.hadoop.http.lib.StaticUserWebFilter$StaticUserFilter) to context scm
2022-03-07 10:45:09,754 [Listener at 0.0.0.0/43749] INFO  http.HttpServer2 (HttpServer2.java:addFilter(1014)) - Added filter static_user_filter (class=org.apache.hadoop.http.lib.StaticUserWebFilter$StaticUserFilter) to context static
2022-03-07 10:45:09,754 [Listener at 0.0.0.0/43749] INFO  http.HttpServer2 (HttpServer2.java:addFilter(1014)) - Added filter static_user_filter (class=org.apache.hadoop.http.lib.StaticUserWebFilter$StaticUserFilter) to context logs
2022-03-07 10:45:09,754 [Listener at 0.0.0.0/43749] INFO  http.HttpServer2 (HttpServer2.java:bindListener(1249)) - Jetty bound to port 36741
2022-03-07 10:45:09,755 [Listener at 0.0.0.0/43749] INFO  server.Server (Server.java:doStart(375)) - jetty-9.4.43.v20210629; built: 2021-06-30T11:07:22.254Z; git: 526006ecfa3af7f1a27ef3a288e2bef7ea9dd7e8; jvm 1.8.0_322-b06
2022-03-07 10:45:09,764 [Listener at 0.0.0.0/43749] INFO  server.session (DefaultSessionIdManager.java:doStart(334)) - DefaultSessionIdManager workerName=node0
2022-03-07 10:45:09,765 [Listener at 0.0.0.0/43749] INFO  server.session (DefaultSessionIdManager.java:doStart(339)) - No SessionScavenger set, using defaults
2022-03-07 10:45:09,765 [Listener at 0.0.0.0/43749] INFO  server.session (HouseKeeper.java:startScavenging(132)) - node0 Scavenging every 600000ms
2022-03-07 10:45:09,769 [Listener at 0.0.0.0/43749] INFO  handler.ContextHandler (ContextHandler.java:doStart(915)) - Started o.e.j.s.ServletContextHandler@5e72772{logs,/logs,file:///home/runner/work/ozone/ozone/hadoop-ozone/integration-test/target/log,AVAILABLE}
2022-03-07 10:45:09,773 [Listener at 0.0.0.0/43749] INFO  handler.ContextHandler (ContextHandler.java:doStart(915)) - Started o.e.j.s.ServletContextHandler@7a42bc22{static,/static,file:///home/runner/work/ozone/ozone/hadoop-ozone/integration-test/target/test-classes/webapps/static,AVAILABLE}
2022-03-07 10:45:09,785 [Listener at 0.0.0.0/43749] INFO  handler.ContextHandler (ContextHandler.java:doStart(915)) - Started o.e.j.w.WebAppContext@4b5db551{scm,/,file:///home/runner/work/ozone/ozone/hadoop-ozone/integration-test/target/test-classes/webapps/scm/,AVAILABLE}{file:/home/runner/work/ozone/ozone/hadoop-ozone/integration-test/target/test-classes/webapps/scm}
2022-03-07 10:45:09,786 [Listener at 0.0.0.0/43749] INFO  server.AbstractConnector (AbstractConnector.java:doStart(331)) - Started ServerConnector@682c272d{HTTP/1.1, (http/1.1)}{0.0.0.0:36741}
2022-03-07 10:45:09,786 [Listener at 0.0.0.0/43749] INFO  server.Server (Server.java:doStart(415)) - Started @38485ms
2022-03-07 10:45:09,786 [Listener at 0.0.0.0/43749] WARN  impl.MetricsSystemImpl (MetricsSystemImpl.java:register(279)) - Sink prometheus already exists!
2022-03-07 10:45:09,787 [Listener at 0.0.0.0/43749] INFO  http.BaseHttpServer (BaseHttpServer.java:updateConnectorAddress(329)) - HTTP server of scm listening at http://0.0.0.0:36741
2022-03-07 10:45:09,787 [Listener at 0.0.0.0/43749] WARN  server.ServerUtils (ServerUtils.java:getDBPath(225)) - ozone.om.db.dirs is not configured. We recommend adding this setting. Falling back to ozone.metadata.dirs instead.
2022-03-07 10:45:09,788 [Listener at 0.0.0.0/43749] INFO  ha.OMHANodeDetails (OMHANodeDetails.java:loadOMHAConfig(112)) - ozone.om.internal.service.id is not defined, falling back to ozone.om.service.ids to find serviceID for OzoneManager if it is HA enabled cluster
2022-03-07 10:45:09,789 [Listener at 0.0.0.0/43749] INFO  ha.OMHANodeDetails (OMHANodeDetails.java:loadOMHAConfig(218)) - Configuration does not have ozone.om.address set. Falling back to the default OM address /127.0.0.1:0
2022-03-07 10:45:09,789 [Listener at 0.0.0.0/43749] INFO  ha.OMHANodeDetails (OMHANodeDetails.java:getOMNodeDetailsForNonHA(246)) - OM Service ID is not set. Setting it to the default ID: omServiceIdDefault
2022-03-07 10:45:09,789 [Listener at 0.0.0.0/43749] INFO  ha.OMHANodeDetails (OMHANodeDetails.java:getOMNodeDetailsForNonHA(253)) - OM Node ID is not set. Setting it to the default ID: om1
2022-03-07 10:45:09,789 [Listener at 0.0.0.0/43749] WARN  server.ServerUtils (ServerUtils.java:getDBPath(225)) - ozone.om.db.dirs is not configured. We recommend adding this setting. Falling back to ozone.metadata.dirs instead.
2022-03-07 10:45:09,789 [Listener at 0.0.0.0/43749] INFO  upgrade.AbstractLayoutVersionManager (AbstractLayoutVersionManager.java:init(79)) - Initializing Layout version manager with metadata layout = INITIAL_VERSION (version = 0), software layout = INITIAL_VERSION (version = 0)
2022-03-07 10:45:09,839 [Listener at 0.0.0.0/43749] INFO  reflections.Reflections (Reflections.java:scan(232)) - Reflections took 49 ms to scan 2 urls, producing 134 keys and 349 values [using 2 cores]
2022-03-07 10:45:09,839 [Listener at 0.0.0.0/43749] INFO  upgrade.OMLayoutVersionManager (OMLayoutVersionManager.java:lambda$0(115)) - Skipping Upgrade Action MockOmUpgradeAction since it has been finalized.
2022-03-07 10:45:09,839 [Listener at 0.0.0.0/43749] WARN  server.ServerUtils (ServerUtils.java:getDBPath(225)) - ozone.om.db.dirs is not configured. We recommend adding this setting. Falling back to ozone.metadata.dirs instead.
2022-03-07 10:45:11,865 [Listener at 0.0.0.0/43749] INFO  retry.RetryInvocationHandler (RetryInvocationHandler.java:log(411)) - com.google.protobuf.ServiceException: org.apache.hadoop.ipc.RemoteException(org.apache.hadoop.hdds.ratis.ServerNotLeaderException): Server:8cdc92c8-e5a2-4182-899c-4bf352b29a2f is not the leader. Could not determine the leader node.
	at org.apache.hadoop.hdds.ratis.ServerNotLeaderException.convertToNotLeaderException(ServerNotLeaderException.java:109)
	at org.apache.hadoop.hdds.scm.ha.RatisUtil.checkRatisException(RatisUtil.java:246)
	at org.apache.hadoop.hdds.scm.protocol.ScmBlockLocationProtocolServerSideTranslatorPB.send(ScmBlockLocationProtocolServerSideTranslatorPB.java:108)
	at org.apache.hadoop.hdds.protocol.proto.ScmBlockLocationProtocolProtos$ScmBlockLocationProtocolService$2.callBlockingMethod(ScmBlockLocationProtocolProtos.java:13937)
	at org.apache.hadoop.ipc.ProtobufRpcEngine$Server.processCall(ProtobufRpcEngine.java:466)
	at org.apache.hadoop.ipc.ProtobufRpcEngine2$Server$ProtoBufRpcInvoker.call(ProtobufRpcEngine2.java:574)
	at org.apache.hadoop.ipc.ProtobufRpcEngine2$Server$ProtoBufRpcInvoker.call(ProtobufRpcEngine2.java:552)
	at org.apache.hadoop.ipc.RPC$Server.call(RPC.java:1093)
	at org.apache.hadoop.ipc.Server$RpcCall.run(Server.java:1035)
	at org.apache.hadoop.ipc.Server$RpcCall.run(Server.java:963)
	at java.security.AccessController.doPrivileged(Native Method)
	at javax.security.auth.Subject.doAs(Subject.java:422)
	at org.apache.hadoop.security.UserGroupInformation.doAs(UserGroupInformation.java:1878)
	at org.apache.hadoop.ipc.Server$Handler.run(Server.java:2966)
, while invoking $Proxy44.send over nodeId=scmNodeId,nodeAddress=/0.0.0.0:37521 after 1 failover attempts. Trying to failover after sleeping for 2000ms.
2022-03-07 10:45:13,872 [Listener at 0.0.0.0/43749] INFO  retry.RetryInvocationHandler (RetryInvocationHandler.java:log(411)) - com.google.protobuf.ServiceException: org.apache.hadoop.ipc.RemoteException(org.apache.hadoop.hdds.ratis.ServerNotLeaderException): Server:8cdc92c8-e5a2-4182-899c-4bf352b29a2f is not the leader. Could not determine the leader node.
	at org.apache.hadoop.hdds.ratis.ServerNotLeaderException.convertToNotLeaderException(ServerNotLeaderException.java:109)
	at org.apache.hadoop.hdds.scm.ha.RatisUtil.checkRatisException(RatisUtil.java:246)
	at org.apache.hadoop.hdds.scm.protocol.ScmBlockLocationProtocolServerSideTranslatorPB.send(ScmBlockLocationProtocolServerSideTranslatorPB.java:108)
	at org.apache.hadoop.hdds.protocol.proto.ScmBlockLocationProtocolProtos$ScmBlockLocationProtocolService$2.callBlockingMethod(ScmBlockLocationProtocolProtos.java:13937)
	at org.apache.hadoop.ipc.ProtobufRpcEngine$Server.processCall(ProtobufRpcEngine.java:466)
	at org.apache.hadoop.ipc.ProtobufRpcEngine2$Server$ProtoBufRpcInvoker.call(ProtobufRpcEngine2.java:574)
	at org.apache.hadoop.ipc.ProtobufRpcEngine2$Server$ProtoBufRpcInvoker.call(ProtobufRpcEngine2.java:552)
	at org.apache.hadoop.ipc.RPC$Server.call(RPC.java:1093)
	at org.apache.hadoop.ipc.Server$RpcCall.run(Server.java:1035)
	at org.apache.hadoop.ipc.Server$RpcCall.run(Server.java:963)
	at java.security.AccessController.doPrivileged(Native Method)
	at javax.security.auth.Subject.doAs(Subject.java:422)
	at org.apache.hadoop.security.UserGroupInformation.doAs(UserGroupInformation.java:1878)
	at org.apache.hadoop.ipc.Server$Handler.run(Server.java:2966)
, while invoking $Proxy44.send over nodeId=scmNodeId,nodeAddress=/0.0.0.0:37521 after 2 failover attempts. Trying to failover after sleeping for 2000ms.
2022-03-07 10:45:14,797 [8cdc92c8-e5a2-4182-899c-4bf352b29a2f@group-465A6CF4CF6E-FollowerState] INFO  impl.FollowerState (FollowerState.java:run(134)) - 8cdc92c8-e5a2-4182-899c-4bf352b29a2f@group-465A6CF4CF6E-FollowerState: change to CANDIDATE, lastRpcElapsedTime:5120379333ns, electionTimeout:5116ms
2022-03-07 10:45:14,797 [8cdc92c8-e5a2-4182-899c-4bf352b29a2f@group-465A6CF4CF6E-FollowerState] INFO  impl.RoleInfo (RoleInfo.java:shutdownFollowerState(108)) - 8cdc92c8-e5a2-4182-899c-4bf352b29a2f: shutdown 8cdc92c8-e5a2-4182-899c-4bf352b29a2f@group-465A6CF4CF6E-FollowerState
2022-03-07 10:45:14,798 [8cdc92c8-e5a2-4182-899c-4bf352b29a2f@group-465A6CF4CF6E-FollowerState] INFO  server.RaftServer$Division (RaftServerImpl.java:setRole(290)) - 8cdc92c8-e5a2-4182-899c-4bf352b29a2f@group-465A6CF4CF6E: changes role from  FOLLOWER to CANDIDATE at term 1 for changeToCandidate
2022-03-07 10:45:14,798 [8cdc92c8-e5a2-4182-899c-4bf352b29a2f@group-465A6CF4CF6E-FollowerState] INFO  server.RaftServerConfigKeys (ConfUtils.java:logGet(44)) - raft.server.leaderelection.pre-vote = false (custom)
2022-03-07 10:45:14,798 [8cdc92c8-e5a2-4182-899c-4bf352b29a2f@group-465A6CF4CF6E-FollowerState] INFO  impl.RoleInfo (RoleInfo.java:updateAndGet(130)) - 8cdc92c8-e5a2-4182-899c-4bf352b29a2f: start 8cdc92c8-e5a2-4182-899c-4bf352b29a2f@group-465A6CF4CF6E-LeaderElection5
2022-03-07 10:45:14,807 [8cdc92c8-e5a2-4182-899c-4bf352b29a2f@group-465A6CF4CF6E-LeaderElection5] INFO  impl.LeaderElection (LeaderElection.java:askForVotes(306)) - 8cdc92c8-e5a2-4182-899c-4bf352b29a2f@group-465A6CF4CF6E-LeaderElection5 ELECTION round 0: submit vote requests at term 2 for 0: [8cdc92c8-e5a2-4182-899c-4bf352b29a2f|rpc:fv-az59-81:9894|admin:|client:|dataStream:|priority:0], old=null
2022-03-07 10:45:14,807 [8cdc92c8-e5a2-4182-899c-4bf352b29a2f@group-465A6CF4CF6E-LeaderElection5] INFO  impl.LeaderElection (LeaderElection.java:askForVotes(308)) - 8cdc92c8-e5a2-4182-899c-4bf352b29a2f@group-465A6CF4CF6E-LeaderElection5 ELECTION round 0: result PASSED (term=2)
2022-03-07 10:45:14,807 [8cdc92c8-e5a2-4182-899c-4bf352b29a2f@group-465A6CF4CF6E-LeaderElection5] INFO  impl.RoleInfo (RoleInfo.java:shutdownLeaderElection(121)) - 8cdc92c8-e5a2-4182-899c-4bf352b29a2f: shutdown 8cdc92c8-e5a2-4182-899c-4bf352b29a2f@group-465A6CF4CF6E-LeaderElection5
2022-03-07 10:45:14,808 [8cdc92c8-e5a2-4182-899c-4bf352b29a2f@group-465A6CF4CF6E-LeaderElection5] INFO  server.RaftServer$Division (RaftServerImpl.java:setRole(290)) - 8cdc92c8-e5a2-4182-899c-4bf352b29a2f@group-465A6CF4CF6E: changes role from CANDIDATE to LEADER at term 2 for changeToLeader
2022-03-07 10:45:14,808 [8cdc92c8-e5a2-4182-899c-4bf352b29a2f@group-465A6CF4CF6E-LeaderElection5] INFO  ha.SCMStateMachine (SCMStateMachine.java:notifyLeaderChanged(259)) - current SCM becomes leader of term 2.
2022-03-07 10:45:14,808 [8cdc92c8-e5a2-4182-899c-4bf352b29a2f@group-465A6CF4CF6E-LeaderElection5] INFO  ha.SCMContext (SCMContext.java:updateLeaderAndTerm(90)) - update <isLeader,term> from <false,0> to <true,2>
2022-03-07 10:45:14,810 [8cdc92c8-e5a2-4182-899c-4bf352b29a2f@group-465A6CF4CF6E-LeaderElection5] INFO  server.RaftServer$Division (ServerState.java:setLeader(285)) - 8cdc92c8-e5a2-4182-899c-4bf352b29a2f@group-465A6CF4CF6E: change Leader from null to 8cdc92c8-e5a2-4182-899c-4bf352b29a2f at term 2 for becomeLeader, leader elected after 5233ms
2022-03-07 10:45:14,811 [8cdc92c8-e5a2-4182-899c-4bf352b29a2f@group-465A6CF4CF6E-LeaderElection5] INFO  server.RaftServerConfigKeys (ConfUtils.java:logGet(44)) - raft.server.staging.catchup.gap = 1000 (default)
2022-03-07 10:45:14,811 [8cdc92c8-e5a2-4182-899c-4bf352b29a2f@group-465A6CF4CF6E-LeaderElection5] INFO  server.RaftServerConfigKeys (ConfUtils.java:logGet(44)) - raft.server.write.element-limit = 4096 (default)
2022-03-07 10:45:14,811 [8cdc92c8-e5a2-4182-899c-4bf352b29a2f@group-465A6CF4CF6E-LeaderElection5] INFO  server.RaftServerConfigKeys (ConfUtils.java:logGet(44)) - raft.server.write.byte-limit = 64MB (=67108864) (default)
2022-03-07 10:45:14,811 [8cdc92c8-e5a2-4182-899c-4bf352b29a2f@group-465A6CF4CF6E-LeaderElection5] INFO  server.RaftServerConfigKeys (ConfUtils.java:logGet(44)) - raft.server.watch.timeout = 10s (default)
2022-03-07 10:45:14,811 [8cdc92c8-e5a2-4182-899c-4bf352b29a2f@group-465A6CF4CF6E-LeaderElection5] INFO  server.RaftServerConfigKeys (ConfUtils.java:logGet(44)) - raft.server.watch.timeout.denomination = 1s (default)
2022-03-07 10:45:14,812 [8cdc92c8-e5a2-4182-899c-4bf352b29a2f@group-465A6CF4CF6E-LeaderElection5] INFO  server.RaftServerConfigKeys (ConfUtils.java:logGet(44)) - raft.server.watch.element-limit = 65536 (default)
2022-03-07 10:45:14,812 [8cdc92c8-e5a2-4182-899c-4bf352b29a2f@group-465A6CF4CF6E-LeaderElection5] INFO  server.RaftServerConfigKeys (ConfUtils.java:logGet(44)) - raft.server.write.element-limit = 4096 (default)
2022-03-07 10:45:14,812 [8cdc92c8-e5a2-4182-899c-4bf352b29a2f@group-465A6CF4CF6E-LeaderElection5] INFO  server.RaftServerConfigKeys (ConfUtils.java:logGet(44)) - raft.server.write.follower.gap.ratio.max = -1.0 (default)
2022-03-07 10:45:14,812 [8cdc92c8-e5a2-4182-899c-4bf352b29a2f@group-465A6CF4CF6E-LeaderElection5] INFO  impl.RoleInfo (RoleInfo.java:updateAndGet(130)) - 8cdc92c8-e5a2-4182-899c-4bf352b29a2f: start 8cdc92c8-e5a2-4182-899c-4bf352b29a2f@group-465A6CF4CF6E-LeaderStateImpl
2022-03-07 10:45:14,812 [8cdc92c8-e5a2-4182-899c-4bf352b29a2f@group-465A6CF4CF6E-LeaderElection5] INFO  segmented.SegmentedRaftLogWorker (SegmentedRaftLogWorker.java:rollLogSegment(399)) - 8cdc92c8-e5a2-4182-899c-4bf352b29a2f@group-465A6CF4CF6E-SegmentedRaftLogWorker: Rolling segment log-0_0 to index:0
2022-03-07 10:45:14,820 [8cdc92c8-e5a2-4182-899c-4bf352b29a2f@group-465A6CF4CF6E-SegmentedRaftLogWorker] INFO  segmented.SegmentedRaftLogWorker (SegmentedRaftLogWorker.java:execute(558)) - 8cdc92c8-e5a2-4182-899c-4bf352b29a2f@group-465A6CF4CF6E-SegmentedRaftLogWorker: Rolled log segment from /home/runner/work/ozone/ozone/hadoop-ozone/integration-test/target/test-dir/MiniOzoneClusterImpl-6216e668-73b2-4868-9d6f-465a6cf4cf6e/ozone-meta/scm-ha/6216e668-73b2-4868-9d6f-465a6cf4cf6e/current/log_inprogress_0 to /home/runner/work/ozone/ozone/hadoop-ozone/integration-test/target/test-dir/MiniOzoneClusterImpl-6216e668-73b2-4868-9d6f-465a6cf4cf6e/ozone-meta/scm-ha/6216e668-73b2-4868-9d6f-465a6cf4cf6e/current/log_0-0
2022-03-07 10:45:14,830 [8cdc92c8-e5a2-4182-899c-4bf352b29a2f@group-465A6CF4CF6E-LeaderElection5] INFO  server.RaftServer$Division (ServerState.java:setRaftConf(387)) - 8cdc92c8-e5a2-4182-899c-4bf352b29a2f@group-465A6CF4CF6E: set configuration 1: [8cdc92c8-e5a2-4182-899c-4bf352b29a2f|rpc:fv-az59-81:9894|admin:|client:|dataStream:|priority:0], old=null
2022-03-07 10:45:14,836 [8cdc92c8-e5a2-4182-899c-4bf352b29a2f@group-465A6CF4CF6E-SegmentedRaftLogWorker] INFO  segmented.SegmentedRaftLogWorker (SegmentedRaftLogWorker.java:execute(601)) - 8cdc92c8-e5a2-4182-899c-4bf352b29a2f@group-465A6CF4CF6E-SegmentedRaftLogWorker: created new log segment /home/runner/work/ozone/ozone/hadoop-ozone/integration-test/target/test-dir/MiniOzoneClusterImpl-6216e668-73b2-4868-9d6f-465a6cf4cf6e/ozone-meta/scm-ha/6216e668-73b2-4868-9d6f-465a6cf4cf6e/current/log_inprogress_1
2022-03-07 10:45:14,837 [8cdc92c8-e5a2-4182-899c-4bf352b29a2f@group-465A6CF4CF6E-StateMachineUpdater] INFO  ha.SCMContext (SCMContext.java:setLeaderReady(117)) - update <isLeaderReady> from <false> to <true>
2022-03-07 10:45:14,838 [8cdc92c8-e5a2-4182-899c-4bf352b29a2f@group-465A6CF4CF6E-StateMachineUpdater] INFO  pipeline.BackgroundPipelineCreator (BackgroundPipelineCreator.java:notifyStatusChanged(264)) - Service BackgroundPipelineCreator transitions to RUNNING.
2022-03-07 10:45:14,838 [8cdc92c8-e5a2-4182-899c-4bf352b29a2f@group-465A6CF4CF6E-StateMachineUpdater] INFO  safemode.HealthyPipelineSafeModeRule (HealthyPipelineSafeModeRule.java:initializeRule(152)) - Refreshed total pipeline count is 0, healthy pipeline threshold count is 1
2022-03-07 10:45:14,838 [8cdc92c8-e5a2-4182-899c-4bf352b29a2f@group-465A6CF4CF6E-StateMachineUpdater] INFO  safemode.ContainerSafeModeRule (ContainerSafeModeRule.java:reInitializeRule(177)) - Refreshed one replica container threshold 0, currentThreshold 0
2022-03-07 10:45:14,839 [8cdc92c8-e5a2-4182-899c-4bf352b29a2f@group-465A6CF4CF6E-StateMachineUpdater] INFO  safemode.OneReplicaPipelineSafeModeRule (OneReplicaPipelineSafeModeRule.java:initializeRule(176)) - Refreshed Total pipeline count is 0, pipeline's with at least one datanode reported threshold count is 0
2022-03-07 10:45:14,839 [8cdc92c8-e5a2-4182-899c-4bf352b29a2f@group-465A6CF4CF6E-StateMachineUpdater] INFO  server.SCMDatanodeProtocolServer (SCMDatanodeProtocolServer.java:start(183)) - ScmDatanodeProtocol RPC server for DataNodes is listening at /0.0.0.0:44927
2022-03-07 10:45:14,847 [IPC Server listener on 0] INFO  ipc.Server (Server.java:run(1344)) - IPC Server listener on 0: starting
2022-03-07 10:45:14,853 [IPC Server Responder] INFO  ipc.Server (Server.java:run(1507)) - IPC Server Responder: starting
2022-03-07 10:45:15,876 [Listener at 0.0.0.0/43749] WARN  server.ServerUtils (ServerUtils.java:getDBPath(225)) - ozone.om.db.dirs is not configured. We recommend adding this setting. Falling back to ozone.metadata.dirs instead.
2022-03-07 10:45:15,877 [Listener at 0.0.0.0/43749] INFO  codec.OmKeyInfoCodec (OmKeyInfoCodec.java:<init>(50)) - OmKeyInfoCodec ignorePipeline = true
2022-03-07 10:45:15,878 [Listener at 0.0.0.0/43749] INFO  codec.RepeatedOmKeyInfoCodec (RepeatedOmKeyInfoCodec.java:<init>(42)) - RepeatedOmKeyInfoCodec ignorePipeline = true
2022-03-07 10:45:16,001 [Listener at 0.0.0.0/43749] INFO  om.OzoneManager (OzoneManager.java:addS3GVolumeToDB(3733)) - Created Volume s3v With Owner runner required for S3Gateway operations.
2022-03-07 10:45:16,002 [Listener at 0.0.0.0/43749] WARN  server.ServerUtils (ServerUtils.java:getDefaultRatisDirectory(237)) - Storage directory for Ratis is not configured. It is a good idea to map this to an SSD disk. Falling back to ozone.metadata.dirs
2022-03-07 10:45:16,002 [Listener at 0.0.0.0/43749] WARN  utils.OzoneManagerRatisUtils (OzoneManagerRatisUtils.java:getOMRatisSnapshotDirectory(330)) - ozone.om.ratis.snapshot.dir is not configured. Falling back to ozone.metadata.dirs config
2022-03-07 10:45:16,003 [Listener at 0.0.0.0/43749] WARN  impl.MetricRegistriesImpl (MetricRegistriesImpl.java:addReporterRegistration(111)) - New reporters are added after registries were created. Some metrics will be missing from the reporter. Please add reporter before adding any new registry.
2022-03-07 10:45:16,003 [Listener at 0.0.0.0/43749] WARN  impl.MetricRegistriesImpl (MetricRegistriesImpl.java:addReporterRegistration(111)) - New reporters are added after registries were created. Some metrics will be missing from the reporter. Please add reporter before adding any new registry.
2022-03-07 10:45:16,003 [Listener at 0.0.0.0/43749] WARN  server.ServerUtils (ServerUtils.java:getDefaultRatisDirectory(237)) - Storage directory for Ratis is not configured. It is a good idea to map this to an SSD disk. Falling back to ozone.metadata.dirs
2022-03-07 10:45:16,005 [Listener at 0.0.0.0/43749] INFO  ratis.OzoneManagerRatisServer (OzoneManagerRatisServer.java:<init>(159)) - Instantiating OM Ratis server with groupID: omServiceIdDefault and peers: localhost:9872
2022-03-07 10:45:16,005 [Listener at 0.0.0.0/43749] INFO  ratis.OzoneManagerStateMachine (OzoneManagerStateMachine.java:loadSnapshotInfoFromDB(605)) - LastAppliedIndex is set from TransactionInfo from OM DB as (t:0, i:~)
2022-03-07 10:45:16,008 [Listener at 0.0.0.0/43749] INFO  server.RaftServer (ConfUtils.java:logGet(44)) - raft.rpc.type = GRPC (default)
2022-03-07 10:45:16,008 [Listener at 0.0.0.0/43749] INFO  grpc.GrpcFactory (GrpcFactory.java:checkPooledByteBufAllocatorUseCacheForAllThreads(48)) - PERFORMANCE WARNING: useCacheForAllThreads is true that may cause Netty to create a lot garbage objects and, as a result, trigger GC.
	It is recommended to disable useCacheForAllThreads by setting -Dorg.apache.ratis.thirdparty.io.netty.allocator.useCacheForAllThreads=false in command line.
2022-03-07 10:45:16,008 [Listener at 0.0.0.0/43749] INFO  grpc.GrpcConfigKeys (ConfUtils.java:logGet(44)) - raft.grpc.admin.port = -1 (default)
2022-03-07 10:45:16,009 [Listener at 0.0.0.0/43749] INFO  grpc.GrpcConfigKeys (ConfUtils.java:logGet(44)) - raft.grpc.server.port = 9872 (custom)
2022-03-07 10:45:16,009 [Listener at 0.0.0.0/43749] INFO  grpc.GrpcConfigKeys (ConfUtils.java:logGet(44)) - raft.grpc.client.port = -1 (default)
2022-03-07 10:45:16,009 [Listener at 0.0.0.0/43749] INFO  grpc.GrpcConfigKeys (ConfUtils.java:logGet(44)) - raft.grpc.server.port = 9872 (custom)
2022-03-07 10:45:16,009 [Listener at 0.0.0.0/43749] INFO  grpc.GrpcConfigKeys (ConfUtils.java:logGet(44)) - raft.grpc.server.port = 9872 (custom)
2022-03-07 10:45:16,009 [Listener at 0.0.0.0/43749] INFO  server.GrpcService (ConfUtils.java:logGet(44)) - raft.grpc.message.size.max = 33554432 (custom)
2022-03-07 10:45:16,009 [Listener at 0.0.0.0/43749] INFO  server.RaftServerConfigKeys (ConfUtils.java:logGet(44)) - raft.server.log.appender.buffer.byte-limit = 33554432 (custom)
2022-03-07 10:45:16,009 [Listener at 0.0.0.0/43749] INFO  server.GrpcService (ConfUtils.java:logGet(44)) - raft.grpc.flow.control.window = 1MB (=1048576) (default)
2022-03-07 10:45:16,010 [Listener at 0.0.0.0/43749] INFO  server.RaftServerConfigKeys (ConfUtils.java:logGet(44)) - raft.server.rpc.request.timeout = 3000ms (default)
2022-03-07 10:45:16,011 [Listener at 0.0.0.0/43749] INFO  impl.DataStreamServerImpl (ConfUtils.java:logGet(44)) - raft.datastream.type = DISABLED (default)
2022-03-07 10:45:16,012 [Listener at 0.0.0.0/43749] INFO  server.RaftServerConfigKeys (ConfUtils.java:logGet(44)) - raft.server.rpc.slowness.timeout = 120s (custom)
2022-03-07 10:45:16,012 [Listener at 0.0.0.0/43749] INFO  server.RaftServerConfigKeys (ConfUtils.java:logGet(44)) - raft.server.leaderelection.leader.step-down.wait-time = 10s (default)
2022-03-07 10:45:16,012 [Listener at 0.0.0.0/43749] INFO  server.RaftServerConfigKeys (ConfUtils.java:logGet(44)) - raft.server.storage.dir = [/home/runner/work/ozone/ozone/hadoop-ozone/integration-test/target/test-dir/MiniOzoneClusterImpl-6216e668-73b2-4868-9d6f-465a6cf4cf6e/ozone-meta/ratis] (custom)
2022-03-07 10:45:16,012 [Listener at 0.0.0.0/43749] INFO  server.RaftServer (RaftServerProxy.java:addNew(95)) - om1: addNew group-C5BA1605619E:[om1|rpc:localhost:9872|priority:0] returns group-C5BA1605619E:java.util.concurrent.CompletableFuture@54ac5097[Not completed]
2022-03-07 10:45:16,016 [Listener at 0.0.0.0/43749] INFO  om.OzoneManager (OzoneManager.java:initializeRatisServer(1834)) - OzoneManager Ratis server initialized at port 9872
2022-03-07 10:45:16,017 [Listener at 0.0.0.0/43749] INFO  ipc.CallQueueManager (CallQueueManager.java:<init>(90)) - Using callQueue: class java.util.concurrent.LinkedBlockingQueue, queueCapacity: 2000, scheduler: class org.apache.hadoop.ipc.DefaultRpcScheduler, ipcBackoff: false.
2022-03-07 10:45:16,029 [pool-137-thread-1] INFO  server.RaftServer$Division (RaftServerImpl.java:<init>(184)) - om1: new RaftServerImpl for group-C5BA1605619E:[om1|rpc:localhost:9872|priority:0] with OzoneManagerStateMachine:uninitialized
2022-03-07 10:45:16,030 [pool-137-thread-1] INFO  server.RaftServerConfigKeys (ConfUtils.java:logGet(44)) - raft.server.rpc.timeout.min = 1s (custom)
2022-03-07 10:45:16,030 [pool-137-thread-1] INFO  server.RaftServerConfigKeys (ConfUtils.java:logGet(44)) - raft.server.rpc.timeout.max = 1200ms (custom)
2022-03-07 10:45:16,030 [pool-137-thread-1] INFO  server.RaftServerConfigKeys (ConfUtils.java:logGet(44)) - raft.server.rpc.sleep.time = 25ms (default)
2022-03-07 10:45:16,030 [pool-137-thread-1] INFO  server.RaftServerConfigKeys (ConfUtils.java:logGet(44)) - raft.server.rpc.slowness.timeout = 120s (custom)
2022-03-07 10:45:16,030 [pool-137-thread-1] INFO  server.RaftServerConfigKeys (ConfUtils.java:logGet(44)) - raft.server.leaderelection.leader.step-down.wait-time = 10s (default)
2022-03-07 10:45:16,030 [pool-137-thread-1] INFO  server.RaftServerConfigKeys (ConfUtils.java:logGet(44)) - raft.server.sleep.deviation.threshold = 300ms (default)
2022-03-07 10:45:16,030 [pool-137-thread-1] INFO  server.RaftServerConfigKeys (ConfUtils.java:logGet(44)) - raft.server.log.appender.install.snapshot.enabled = false (custom)
2022-03-07 10:45:16,030 [pool-137-thread-1] INFO  server.RaftServer$Division (ServerState.java:<init>(105)) - om1@group-C5BA1605619E: ConfigurationManager, init=-1: [om1|rpc:localhost:9872|priority:0], old=null, confs=<EMPTY_MAP>
2022-03-07 10:45:16,030 [pool-137-thread-1] INFO  server.RaftServerConfigKeys (ConfUtils.java:logGet(44)) - raft.server.storage.dir = [/home/runner/work/ozone/ozone/hadoop-ozone/integration-test/target/test-dir/MiniOzoneClusterImpl-6216e668-73b2-4868-9d6f-465a6cf4cf6e/ozone-meta/ratis] (custom)
2022-03-07 10:45:16,030 [pool-137-thread-1] INFO  server.RaftServerConfigKeys (ConfUtils.java:logGet(44)) - raft.server.log.corruption.policy = EXCEPTION (default)
2022-03-07 10:45:16,030 [pool-137-thread-1] INFO  server.RaftServerConfigKeys (ConfUtils.java:logGet(44)) - raft.server.storage.free-space.min = 0MB (=0) (default)
2022-03-07 10:45:16,030 [pool-137-thread-1] INFO  storage.RaftStorageDirectory (RaftStorageDirectoryImpl.java:analyzeStorage(135)) - The storage directory /home/runner/work/ozone/ozone/hadoop-ozone/integration-test/target/test-dir/MiniOzoneClusterImpl-6216e668-73b2-4868-9d6f-465a6cf4cf6e/ozone-meta/ratis/bf265839-605b-3f16-9796-c5ba1605619e does not exist. Creating ...
2022-03-07 10:45:16,031 [Socket Reader #1 for port 0] INFO  ipc.Server (Server.java:run(1265)) - Starting Socket Reader #1 for port 0
2022-03-07 10:45:16,032 [pool-137-thread-1] INFO  storage.RaftStorageDirectory (RaftStorageDirectoryImpl.java:tryLock(230)) - Lock on /home/runner/work/ozone/ozone/hadoop-ozone/integration-test/target/test-dir/MiniOzoneClusterImpl-6216e668-73b2-4868-9d6f-465a6cf4cf6e/ozone-meta/ratis/bf265839-605b-3f16-9796-c5ba1605619e/in_use.lock acquired by nodename 21425@fv-az59-81
2022-03-07 10:45:16,033 [pool-137-thread-1] INFO  storage.RaftStorage (RaftStorageImpl.java:format(89)) - Storage directory /home/runner/work/ozone/ozone/hadoop-ozone/integration-test/target/test-dir/MiniOzoneClusterImpl-6216e668-73b2-4868-9d6f-465a6cf4cf6e/ozone-meta/ratis/bf265839-605b-3f16-9796-c5ba1605619e has been successfully formatted.
2022-03-07 10:45:16,033 [pool-137-thread-1] INFO  server.RaftServerConfigKeys (ConfUtils.java:logGet(44)) - raft.server.notification.no-leader.timeout = 120s (custom)
2022-03-07 10:45:16,033 [pool-137-thread-1] INFO  server.RaftServerConfigKeys (ConfUtils.java:logGet(44)) - raft.server.log.use.memory = false (default)
2022-03-07 10:45:16,033 [pool-137-thread-1] INFO  server.RaftServerConfigKeys (ConfUtils.java:logGet(44)) - raft.server.log.purge.gap = 1000000 (custom)
2022-03-07 10:45:16,033 [pool-137-thread-1] INFO  server.RaftServerConfigKeys (ConfUtils.java:logGet(44)) - raft.server.log.appender.buffer.byte-limit = 33554432 (custom)
2022-03-07 10:45:16,034 [pool-137-thread-1] INFO  server.RaftServerConfigKeys (ConfUtils.java:logGet(44)) - raft.server.log.segment.size.max = 4194304 (custom)
2022-03-07 10:45:16,034 [pool-137-thread-1] INFO  server.RaftServerConfigKeys (ConfUtils.java:logGet(44)) - raft.server.log.segment.cache.num.max = 2 (custom)
2022-03-07 10:45:16,040 [pool-137-thread-1] INFO  server.RaftServerConfigKeys (ConfUtils.java:logGet(44)) - raft.server.log.segment.cache.size.max = 200MB (=209715200) (default)
2022-03-07 10:45:16,041 [pool-137-thread-1] INFO  segmented.SegmentedRaftLogWorker (SegmentedRaftLogWorker.java:<init>(182)) - new om1@group-C5BA1605619E-SegmentedRaftLogWorker for RaftStorageImpl:Storage Directory /home/runner/work/ozone/ozone/hadoop-ozone/integration-test/target/test-dir/MiniOzoneClusterImpl-6216e668-73b2-4868-9d6f-465a6cf4cf6e/ozone-meta/ratis/bf265839-605b-3f16-9796-c5ba1605619e
2022-03-07 10:45:16,041 [pool-137-thread-1] INFO  server.RaftServerConfigKeys (ConfUtils.java:logGet(44)) - raft.server.log.queue.byte-limit = 64MB (=67108864) (default)
2022-03-07 10:45:16,041 [pool-137-thread-1] INFO  server.RaftServerConfigKeys (ConfUtils.java:logGet(44)) - raft.server.log.queue.element-limit = 4096 (default)
2022-03-07 10:45:16,041 [pool-137-thread-1] INFO  server.RaftServerConfigKeys (ConfUtils.java:logGet(44)) - raft.server.log.segment.size.max = 4194304 (custom)
2022-03-07 10:45:16,041 [pool-137-thread-1] INFO  server.RaftServerConfigKeys (ConfUtils.java:logGet(44)) - raft.server.log.preallocated.size = 4194304 (custom)
2022-03-07 10:45:16,046 [pool-137-thread-1] INFO  server.RaftServerConfigKeys (ConfUtils.java:logGet(44)) - raft.server.log.force.sync.num = 128 (default)
2022-03-07 10:45:16,050 [pool-137-thread-1] INFO  server.RaftServerConfigKeys (ConfUtils.java:logGet(44)) - raft.server.log.statemachine.data.sync = true (default)
2022-03-07 10:45:16,050 [pool-137-thread-1] INFO  server.RaftServerConfigKeys (ConfUtils.java:logGet(44)) - raft.server.log.statemachine.data.sync.timeout = 10s (default)
2022-03-07 10:45:16,050 [pool-137-thread-1] INFO  server.RaftServerConfigKeys (ConfUtils.java:logGet(44)) - raft.server.log.statemachine.data.sync.timeout.retry = -1 (default)
2022-03-07 10:45:16,050 [pool-137-thread-1] INFO  server.RaftServerConfigKeys (ConfUtils.java:logGet(44)) - raft.server.log.write.buffer.size = 64KB (=65536) (default)
2022-03-07 10:45:16,051 [pool-137-thread-1] INFO  server.RaftServerConfigKeys (ConfUtils.java:logGet(44)) - raft.server.log.statemachine.data.caching.enabled = false (default)
2022-03-07 10:45:16,051 [pool-137-thread-1] INFO  segmented.SegmentedRaftLogWorker (SegmentedRaftLogWorker.java:lambda$new$0(133)) - om1@group-C5BA1605619E-SegmentedRaftLogWorker: flushIndex: setUnconditionally 0 -> -1
2022-03-07 10:45:16,051 [pool-137-thread-1] INFO  segmented.SegmentedRaftLogWorker (SegmentedRaftLogWorker.java:lambda$new$0(133)) - om1@group-C5BA1605619E-SegmentedRaftLogWorker: safeCacheEvictIndex: setUnconditionally 0 -> -1
2022-03-07 10:45:16,058 [pool-137-thread-1] INFO  server.RaftServerConfigKeys (ConfUtils.java:logGet(44)) - raft.server.snapshot.auto.trigger.enabled = true (custom)
2022-03-07 10:45:16,059 [pool-137-thread-1] INFO  server.RaftServerConfigKeys (ConfUtils.java:logGet(44)) - raft.server.snapshot.auto.trigger.threshold = 400000 (default)
2022-03-07 10:45:16,059 [pool-137-thread-1] INFO  server.RaftServerConfigKeys (ConfUtils.java:logGet(44)) - raft.server.snapshot.retention.file.num = -1 (default)
2022-03-07 10:45:16,059 [pool-137-thread-1] INFO  server.RaftServerConfigKeys (ConfUtils.java:logGet(44)) - raft.server.log.purge.upto.snapshot.index = true (custom)
2022-03-07 10:45:16,059 [pool-137-thread-1] INFO  server.RaftServerConfigKeys (ConfUtils.java:logGet(44)) - raft.server.retrycache.expirytime = 300s (custom)
2022-03-07 10:45:16,059 [pool-137-thread-1] INFO  server.RaftServerConfigKeys (ConfUtils.java:logGet(44)) - raft.server.retrycache.statistics.expirytime = 100μs (default)
2022-03-07 10:45:16,069 [Listener at 127.0.0.1/46693] INFO  impl.MetricsSystemImpl (MetricsSystemImpl.java:init(158)) - OzoneManager metrics system started (again)
2022-03-07 10:45:16,080 [Listener at 127.0.0.1/46693] INFO  om.OzoneManager (OzoneManager.java:start(1365)) - OzoneManager RPC server is listening at localhost/127.0.0.1:46693
2022-03-07 10:45:16,080 [Listener at 127.0.0.1/46693] INFO  ratis.OzoneManagerRatisServer (OzoneManagerRatisServer.java:start(554)) - Starting OzoneManagerRatisServer om1 at port 9872
2022-03-07 10:45:16,080 [Listener at 127.0.0.1/46693] INFO  server.RaftServer$Division (RaftServerImpl.java:start(301)) - om1@group-C5BA1605619E: start as a follower, conf=-1: [om1|rpc:localhost:9872|priority:0], old=null
2022-03-07 10:45:16,080 [Listener at 127.0.0.1/46693] INFO  server.RaftServer$Division (RaftServerImpl.java:setRole(290)) - om1@group-C5BA1605619E: changes role from      null to FOLLOWER at term 0 for startAsFollower
2022-03-07 10:45:16,080 [Listener at 127.0.0.1/46693] INFO  impl.RoleInfo (RoleInfo.java:updateAndGet(130)) - om1: start om1@group-C5BA1605619E-FollowerState
2022-03-07 10:45:16,081 [Listener at 127.0.0.1/46693] INFO  util.JmxRegister (JmxRegister.java:tryRegister(44)) - Successfully registered JMX Bean with object name Ratis:service=RaftServer,group=group-C5BA1605619E,id=om1
2022-03-07 10:45:16,082 [Listener at 127.0.0.1/46693] INFO  server.RaftServer (RaftServerProxy.java:lambda$start$5(374)) - om1: start RPC server
2022-03-07 10:45:16,085 [Listener at 127.0.0.1/46693] INFO  server.GrpcService (GrpcService.java:startImpl(253)) - om1: GrpcService started, listening on 9872
2022-03-07 10:45:16,085 [Listener at 127.0.0.1/46693] INFO  om.OzoneManager (OzoneManager.java:start(1381)) - Version File has different layout version (0) than OM DB (null). That is expected if this OM has never been finalized to a newer layout version.
2022-03-07 10:45:16,086 [org.apache.ratis.util.JvmPauseMonitor$$Lambda$431/661007587@9ff548c] INFO  util.JvmPauseMonitor (JvmPauseMonitor.java:run(103)) - JvmPauseMonitor-om1: Started
2022-03-07 10:45:16,094 [Listener at 127.0.0.1/46693] INFO  http.BaseHttpServer (BaseHttpServer.java:newHttpServer2BuilderForOzone(209)) - Starting Web-server for ozoneManager at: http://0.0.0.0:0
2022-03-07 10:45:16,094 [Listener at 127.0.0.1/46693] INFO  http.BaseHttpServer (BaseHttpServer.java:<init>(107)) - Hadoop Security Enabled: false Ozone Security Enabled: false Ozone HTTP Security Enabled: false 
2022-03-07 10:45:16,095 [Listener at 127.0.0.1/46693] INFO  server.AuthenticationFilter (AuthenticationFilter.java:constructSecretProvider(240)) - Unable to initialize FileSignerSecretProvider, falling back to use random secrets.
2022-03-07 10:45:16,097 [Listener at 127.0.0.1/46693] WARN  http.HttpRequestLog (HttpRequestLog.java:getRequestLog(103)) - Jetty request log can only be enabled using Log4j
2022-03-07 10:45:16,098 [Listener at 127.0.0.1/46693] INFO  http.HttpServer2 (HttpServer2.java:addGlobalFilter(1030)) - Added global filter 'safety' (class=org.apache.hadoop.hdds.server.http.HttpServer2$QuotingInputFilter)
2022-03-07 10:45:16,099 [Listener at 127.0.0.1/46693] INFO  http.HttpServer2 (HttpServer2.java:addFilter(1006)) - Added filter static_user_filter (class=org.apache.hadoop.http.lib.StaticUserWebFilter$StaticUserFilter) to context ozoneManager
2022-03-07 10:45:16,099 [Listener at 127.0.0.1/46693] INFO  http.HttpServer2 (HttpServer2.java:addFilter(1014)) - Added filter static_user_filter (class=org.apache.hadoop.http.lib.StaticUserWebFilter$StaticUserFilter) to context logs
2022-03-07 10:45:16,099 [Listener at 127.0.0.1/46693] INFO  http.HttpServer2 (HttpServer2.java:addFilter(1014)) - Added filter static_user_filter (class=org.apache.hadoop.http.lib.StaticUserWebFilter$StaticUserFilter) to context static
2022-03-07 10:45:16,100 [Listener at 127.0.0.1/46693] INFO  http.HttpServer2 (HttpServer2.java:bindListener(1249)) - Jetty bound to port 41715
2022-03-07 10:45:16,100 [Listener at 127.0.0.1/46693] INFO  server.Server (Server.java:doStart(375)) - jetty-9.4.43.v20210629; built: 2021-06-30T11:07:22.254Z; git: 526006ecfa3af7f1a27ef3a288e2bef7ea9dd7e8; jvm 1.8.0_322-b06
2022-03-07 10:45:16,112 [Listener at 127.0.0.1/46693] INFO  server.session (DefaultSessionIdManager.java:doStart(334)) - DefaultSessionIdManager workerName=node0
2022-03-07 10:45:16,112 [Listener at 127.0.0.1/46693] INFO  server.session (DefaultSessionIdManager.java:doStart(339)) - No SessionScavenger set, using defaults
2022-03-07 10:45:16,113 [Listener at 127.0.0.1/46693] INFO  server.session (HouseKeeper.java:startScavenging(132)) - node0 Scavenging every 660000ms
2022-03-07 10:45:16,113 [Listener at 127.0.0.1/46693] INFO  handler.ContextHandler (ContextHandler.java:doStart(915)) - Started o.e.j.s.ServletContextHandler@79ce7066{logs,/logs,file:///home/runner/work/ozone/ozone/hadoop-ozone/integration-test/target/log,AVAILABLE}
2022-03-07 10:45:16,114 [Listener at 127.0.0.1/46693] INFO  handler.ContextHandler (ContextHandler.java:doStart(915)) - Started o.e.j.s.ServletContextHandler@683fa314{static,/static,file:///home/runner/work/ozone/ozone/hadoop-ozone/integration-test/target/test-classes/webapps/static,AVAILABLE}
2022-03-07 10:45:16,117 [Listener at 127.0.0.1/46693] INFO  handler.ContextHandler (ContextHandler.java:doStart(915)) - Started o.e.j.w.WebAppContext@26fedda0{ozoneManager,/,file:///home/runner/work/ozone/ozone/hadoop-ozone/integration-test/target/test-classes/webapps/ozoneManager/,AVAILABLE}{file:/home/runner/work/ozone/ozone/hadoop-ozone/integration-test/target/test-classes/webapps/ozoneManager}
2022-03-07 10:45:16,124 [Listener at 127.0.0.1/46693] INFO  server.AbstractConnector (AbstractConnector.java:doStart(331)) - Started ServerConnector@50d9d4e{HTTP/1.1, (http/1.1)}{0.0.0.0:41715}
2022-03-07 10:45:16,124 [Listener at 127.0.0.1/46693] INFO  server.Server (Server.java:doStart(415)) - Started @44824ms
2022-03-07 10:45:16,124 [Listener at 127.0.0.1/46693] WARN  impl.MetricsSystemImpl (MetricsSystemImpl.java:register(279)) - Sink prometheus already exists!
2022-03-07 10:45:16,125 [Listener at 127.0.0.1/46693] INFO  http.BaseHttpServer (BaseHttpServer.java:updateConnectorAddress(329)) - HTTP server of ozoneManager listening at http://0.0.0.0:41715
2022-03-07 10:45:16,125 [IPC Server Responder] INFO  ipc.Server (Server.java:run(1507)) - IPC Server Responder: starting
2022-03-07 10:45:16,136 [IPC Server listener on 0] INFO  ipc.Server (Server.java:run(1344)) - IPC Server listener on 0: starting
2022-03-07 10:45:16,144 [Listener at 127.0.0.1/46693] INFO  om.OzoneManager (OzoneManager.java:startTrashEmptier(1792)) - Trash Interval set to 0. Files deleted will not move to trash
2022-03-07 10:45:16,161 [Listener at 127.0.0.1/46693] WARN  impl.MetricRegistriesImpl (MetricRegistriesImpl.java:addReporterRegistration(111)) - New reporters are added after registries were created. Some metrics will be missing from the reporter. Please add reporter before adding any new registry.
2022-03-07 10:45:16,161 [org.apache.hadoop.util.JvmPauseMonitor$Monitor@75cac2c6] INFO  util.JvmPauseMonitor (JvmPauseMonitor.java:run(188)) - Starting JVM pause monitor
2022-03-07 10:45:16,167 [Listener at 127.0.0.1/46693] WARN  impl.MetricRegistriesImpl (MetricRegistriesImpl.java:addReporterRegistration(111)) - New reporters are added after registries were created. Some metrics will be missing from the reporter. Please add reporter before adding any new registry.
2022-03-07 10:45:16,167 [Listener at 127.0.0.1/46693] INFO  impl.MetricsSystemImpl (MetricsSystemImpl.java:init(158)) - HddsDatanode metrics system started (again)
2022-03-07 10:45:16,181 [Listener at 127.0.0.1/46693] INFO  ozone.HddsDatanodeService (HddsDatanodeService.java:start(233)) - HddsDatanodeService host:fv-az59-81.csjynl4pkq3e1pkirw3ssqjfoh.cx.internal.cloudapp.net ip:10.1.0.23
2022-03-07 10:45:16,204 [Listener at 127.0.0.1/46693] INFO  upgrade.AbstractLayoutVersionManager (AbstractLayoutVersionManager.java:init(79)) - Initializing Layout version manager with metadata layout = SCM_HA (version = 2), software layout = SCM_HA (version = 2)
2022-03-07 10:45:16,276 [Listener at 127.0.0.1/46693] INFO  reflections.Reflections (Reflections.java:scan(232)) - Reflections took 71 ms to scan 7 urls, producing 122 keys and 286 values 
2022-03-07 10:45:16,278 [Listener at 127.0.0.1/46693] INFO  statemachine.DatanodeStateMachine (DatanodeStateMachine.java:getEndPointTaskThreadPoolSize(222)) - Datanode State Machine Task Thread Pool size 2
2022-03-07 10:45:16,297 [Listener at 127.0.0.1/46693] INFO  volume.HddsVolume (HddsVolume.java:<init>(120)) - Creating HddsVolume: /home/runner/work/ozone/ozone/hadoop-ozone/integration-test/target/test-dir/MiniOzoneClusterImpl-6216e668-73b2-4868-9d6f-465a6cf4cf6e/datanode-0/data-0/containers/hdds of storage type : DISK capacity : 9223372036854775807
2022-03-07 10:45:16,297 [Listener at 127.0.0.1/46693] INFO  volume.MutableVolumeSet (MutableVolumeSet.java:initializeVolumeSet(168)) - Added Volume : /home/runner/work/ozone/ozone/hadoop-ozone/integration-test/target/test-dir/MiniOzoneClusterImpl-6216e668-73b2-4868-9d6f-465a6cf4cf6e/datanode-0/data-0/containers/hdds to VolumeSet
2022-03-07 10:45:16,297 [Listener at 127.0.0.1/46693] INFO  volume.ThrottledAsyncChecker (ThrottledAsyncChecker.java:schedule(141)) - Scheduling a check for /home/runner/work/ozone/ozone/hadoop-ozone/integration-test/target/test-dir/MiniOzoneClusterImpl-6216e668-73b2-4868-9d6f-465a6cf4cf6e/datanode-0/data-0/containers/hdds
2022-03-07 10:45:16,312 [Listener at 127.0.0.1/46693] INFO  volume.StorageVolumeChecker (StorageVolumeChecker.java:checkAllVolumes(202)) - Scheduled health check for volume /home/runner/work/ozone/ozone/hadoop-ozone/integration-test/target/test-dir/MiniOzoneClusterImpl-6216e668-73b2-4868-9d6f-465a6cf4cf6e/datanode-0/data-0/containers/hdds
2022-03-07 10:45:16,333 [Listener at 127.0.0.1/46693] INFO  volume.MutableVolumeSet (MutableVolumeSet.java:initializeVolumeSet(168)) - Added Volume : /home/runner/work/ozone/ozone/hadoop-ozone/integration-test/target/test-dir/MiniOzoneClusterImpl-6216e668-73b2-4868-9d6f-465a6cf4cf6e/datanode-0/data/ratis to VolumeSet
2022-03-07 10:45:16,340 [Listener at 127.0.0.1/46693] INFO  volume.ThrottledAsyncChecker (ThrottledAsyncChecker.java:schedule(141)) - Scheduling a check for /home/runner/work/ozone/ozone/hadoop-ozone/integration-test/target/test-dir/MiniOzoneClusterImpl-6216e668-73b2-4868-9d6f-465a6cf4cf6e/datanode-0/data/ratis
2022-03-07 10:45:16,340 [Listener at 127.0.0.1/46693] INFO  volume.StorageVolumeChecker (StorageVolumeChecker.java:checkAllVolumes(202)) - Scheduled health check for volume /home/runner/work/ozone/ozone/hadoop-ozone/integration-test/target/test-dir/MiniOzoneClusterImpl-6216e668-73b2-4868-9d6f-465a6cf4cf6e/datanode-0/data/ratis
2022-03-07 10:45:16,360 [Thread-298] INFO  ozoneimpl.ContainerReader (ContainerReader.java:readVolume(172)) - Finish verifying containers on volume /home/runner/work/ozone/ozone/hadoop-ozone/integration-test/target/test-dir/MiniOzoneClusterImpl-6216e668-73b2-4868-9d6f-465a6cf4cf6e/datanode-0/data-0/containers/hdds
2022-03-07 10:45:16,361 [Listener at 127.0.0.1/46693] INFO  ozoneimpl.OzoneContainer (OzoneContainer.java:buildContainerSet(257)) - Build ContainerSet costs 0s
2022-03-07 10:45:16,364 [Listener at 127.0.0.1/46693] INFO  server.RaftServer (ConfUtils.java:logGet(44)) - raft.rpc.type = GRPC (default)
2022-03-07 10:45:16,364 [Listener at 127.0.0.1/46693] INFO  grpc.GrpcFactory (GrpcFactory.java:checkPooledByteBufAllocatorUseCacheForAllThreads(48)) - PERFORMANCE WARNING: useCacheForAllThreads is true that may cause Netty to create a lot garbage objects and, as a result, trigger GC.
	It is recommended to disable useCacheForAllThreads by setting -Dorg.apache.ratis.thirdparty.io.netty.allocator.useCacheForAllThreads=false in command line.
2022-03-07 10:45:16,364 [Listener at 127.0.0.1/46693] INFO  grpc.GrpcConfigKeys (ConfUtils.java:logGet(44)) - raft.grpc.admin.port = 0 (custom)
2022-03-07 10:45:16,364 [Listener at 127.0.0.1/46693] INFO  grpc.GrpcConfigKeys (ConfUtils.java:logGet(44)) - raft.grpc.client.port = 0 (custom)
2022-03-07 10:45:16,364 [Listener at 127.0.0.1/46693] INFO  grpc.GrpcConfigKeys (ConfUtils.java:logGet(44)) - raft.grpc.server.port = 0 (default)
2022-03-07 10:45:16,364 [Listener at 127.0.0.1/46693] INFO  server.GrpcService (ConfUtils.java:logGet(44)) - raft.grpc.message.size.max = 32MB (=33554432) (custom)
2022-03-07 10:45:16,364 [Listener at 127.0.0.1/46693] INFO  server.RaftServerConfigKeys (ConfUtils.java:logGet(44)) - raft.server.log.appender.buffer.byte-limit = 33554432 (custom)
2022-03-07 10:45:16,364 [Listener at 127.0.0.1/46693] INFO  server.GrpcService (ConfUtils.java:logGet(44)) - raft.grpc.flow.control.window = 5MB (=5242880) (custom)
2022-03-07 10:45:16,365 [Listener at 127.0.0.1/46693] INFO  server.RaftServerConfigKeys (ConfUtils.java:logGet(44)) - raft.server.rpc.request.timeout = 60s (custom)
2022-03-07 10:45:16,366 [Listener at 127.0.0.1/46693] INFO  impl.DataStreamServerImpl (ConfUtils.java:logGet(44)) - raft.datastream.type = DISABLED (default)
2022-03-07 10:45:16,366 [Listener at 127.0.0.1/46693] INFO  server.RaftServerConfigKeys (ConfUtils.java:logGet(44)) - raft.server.rpc.slowness.timeout = 300s (custom)
2022-03-07 10:45:16,366 [Listener at 127.0.0.1/46693] INFO  server.RaftServerConfigKeys (ConfUtils.java:logGet(44)) - raft.server.leaderelection.leader.step-down.wait-time = 10s (default)
2022-03-07 10:45:16,366 [Listener at 127.0.0.1/46693] INFO  server.RaftServerConfigKeys (ConfUtils.java:logGet(44)) - raft.server.storage.dir = [/home/runner/work/ozone/ozone/hadoop-ozone/integration-test/target/test-dir/MiniOzoneClusterImpl-6216e668-73b2-4868-9d6f-465a6cf4cf6e/datanode-0/data/ratis] (custom)
2022-03-07 10:45:16,367 [Listener at 127.0.0.1/46693] INFO  server.XceiverServerGrpc (XceiverServerGrpc.java:<init>(132)) - GrpcServer channel type EpollServerSocketChannel
2022-03-07 10:45:16,371 [Listener at 127.0.0.1/46693] INFO  http.BaseHttpServer (BaseHttpServer.java:newHttpServer2BuilderForOzone(209)) - Starting Web-server for hddsDatanode at: http://0.0.0.0:0
2022-03-07 10:45:16,371 [Listener at 127.0.0.1/46693] INFO  http.BaseHttpServer (BaseHttpServer.java:<init>(107)) - Hadoop Security Enabled: false Ozone Security Enabled: false Ozone HTTP Security Enabled: false 
2022-03-07 10:45:16,372 [Listener at 127.0.0.1/46693] INFO  server.AuthenticationFilter (AuthenticationFilter.java:constructSecretProvider(240)) - Unable to initialize FileSignerSecretProvider, falling back to use random secrets.
2022-03-07 10:45:16,373 [Listener at 127.0.0.1/46693] WARN  http.HttpRequestLog (HttpRequestLog.java:getRequestLog(103)) - Jetty request log can only be enabled using Log4j
2022-03-07 10:45:16,373 [Listener at 127.0.0.1/46693] INFO  http.HttpServer2 (HttpServer2.java:addGlobalFilter(1030)) - Added global filter 'safety' (class=org.apache.hadoop.hdds.server.http.HttpServer2$QuotingInputFilter)
2022-03-07 10:45:16,374 [Listener at 127.0.0.1/46693] INFO  http.HttpServer2 (HttpServer2.java:addFilter(1006)) - Added filter static_user_filter (class=org.apache.hadoop.http.lib.StaticUserWebFilter$StaticUserFilter) to context hddsDatanode
2022-03-07 10:45:16,374 [Listener at 127.0.0.1/46693] INFO  http.HttpServer2 (HttpServer2.java:addFilter(1014)) - Added filter static_user_filter (class=org.apache.hadoop.http.lib.StaticUserWebFilter$StaticUserFilter) to context static
2022-03-07 10:45:16,374 [Listener at 127.0.0.1/46693] INFO  http.HttpServer2 (HttpServer2.java:addFilter(1014)) - Added filter static_user_filter (class=org.apache.hadoop.http.lib.StaticUserWebFilter$StaticUserFilter) to context logs
2022-03-07 10:45:16,375 [Listener at 127.0.0.1/46693] INFO  http.HttpServer2 (HttpServer2.java:bindListener(1249)) - Jetty bound to port 43969
2022-03-07 10:45:16,375 [Listener at 127.0.0.1/46693] INFO  server.Server (Server.java:doStart(375)) - jetty-9.4.43.v20210629; built: 2021-06-30T11:07:22.254Z; git: 526006ecfa3af7f1a27ef3a288e2bef7ea9dd7e8; jvm 1.8.0_322-b06
2022-03-07 10:45:16,381 [Listener at 127.0.0.1/46693] INFO  server.session (DefaultSessionIdManager.java:doStart(334)) - DefaultSessionIdManager workerName=node0
2022-03-07 10:45:16,381 [Listener at 127.0.0.1/46693] INFO  server.session (DefaultSessionIdManager.java:doStart(339)) - No SessionScavenger set, using defaults
2022-03-07 10:45:16,381 [Listener at 127.0.0.1/46693] INFO  server.session (HouseKeeper.java:startScavenging(132)) - node0 Scavenging every 600000ms
2022-03-07 10:45:16,382 [Listener at 127.0.0.1/46693] INFO  handler.ContextHandler (ContextHandler.java:doStart(915)) - Started o.e.j.s.ServletContextHandler@5ed794d8{logs,/logs,file:///home/runner/work/ozone/ozone/hadoop-ozone/integration-test/target/log,AVAILABLE}
2022-03-07 10:45:16,382 [Listener at 127.0.0.1/46693] INFO  handler.ContextHandler (ContextHandler.java:doStart(915)) - Started o.e.j.s.ServletContextHandler@39e3c180{static,/static,jar:file:/home/runner/.m2/repository/org/apache/ozone/hdds-container-service/1.3.0-SNAPSHOT/hdds-container-service-1.3.0-SNAPSHOT.jar!/webapps/static,AVAILABLE}
2022-03-07 10:45:16,436 [Listener at 127.0.0.1/46693] INFO  handler.ContextHandler (ContextHandler.java:doStart(915)) - Started o.e.j.w.WebAppContext@7a5568a1{hddsDatanode,/,file:///tmp/jetty-0_0_0_0-43969-hdds-container-service-1_3_0-SNAPSHOT_jar-_-any-5381718440027991198/webapp/,AVAILABLE}{jar:file:/home/runner/.m2/repository/org/apache/ozone/hdds-container-service/1.3.0-SNAPSHOT/hdds-container-service-1.3.0-SNAPSHOT.jar!/webapps/hddsDatanode}
2022-03-07 10:45:16,437 [Listener at 127.0.0.1/46693] INFO  server.AbstractConnector (AbstractConnector.java:doStart(331)) - Started ServerConnector@7b259acc{HTTP/1.1, (http/1.1)}{0.0.0.0:43969}
2022-03-07 10:45:16,437 [Listener at 127.0.0.1/46693] INFO  server.Server (Server.java:doStart(415)) - Started @45137ms
2022-03-07 10:45:16,437 [Listener at 127.0.0.1/46693] WARN  impl.MetricsSystemImpl (MetricsSystemImpl.java:register(279)) - Sink prometheus already exists!
2022-03-07 10:45:16,438 [Listener at 127.0.0.1/46693] INFO  http.BaseHttpServer (BaseHttpServer.java:updateConnectorAddress(329)) - HTTP server of hddsDatanode listening at http://0.0.0.0:43969
2022-03-07 10:45:16,440 [Listener at 127.0.0.1/46693] WARN  impl.MetricRegistriesImpl (MetricRegistriesImpl.java:addReporterRegistration(111)) - New reporters are added after registries were created. Some metrics will be missing from the reporter. Please add reporter before adding any new registry.
2022-03-07 10:45:16,441 [Listener at 127.0.0.1/46693] WARN  impl.MetricRegistriesImpl (MetricRegistriesImpl.java:addReporterRegistration(111)) - New reporters are added after registries were created. Some metrics will be missing from the reporter. Please add reporter before adding any new registry.
2022-03-07 10:45:16,441 [Listener at 127.0.0.1/46693] INFO  impl.MetricsSystemImpl (MetricsSystemImpl.java:init(158)) - HddsDatanode metrics system started (again)
2022-03-07 10:45:16,448 [Datanode State Machine Daemon Thread] INFO  statemachine.DatanodeStateMachine (DatanodeStateMachine.java:lambda$startDaemon$0(470)) - Ozone container server started.
2022-03-07 10:45:16,456 [Listener at 127.0.0.1/46693] INFO  ozone.HddsDatanodeService (HddsDatanodeService.java:start(233)) - HddsDatanodeService host:fv-az59-81.csjynl4pkq3e1pkirw3ssqjfoh.cx.internal.cloudapp.net ip:10.1.0.23
2022-03-07 10:45:16,464 [org.apache.hadoop.util.JvmPauseMonitor$Monitor@11fa18d6] INFO  util.JvmPauseMonitor (JvmPauseMonitor.java:run(188)) - Starting JVM pause monitor
2022-03-07 10:45:16,477 [Datanode State Machine Task Thread - 0] INFO  datanode.InitDatanodeState (InitDatanodeState.java:persistContainerDatanodeDetails(138)) - DatanodeDetails is persisted to /home/runner/work/ozone/ozone/hadoop-ozone/integration-test/target/test-dir/MiniOzoneClusterImpl-6216e668-73b2-4868-9d6f-465a6cf4cf6e/datanode-0/meta/datanode.id
2022-03-07 10:45:16,485 [Listener at 127.0.0.1/46693] INFO  upgrade.AbstractLayoutVersionManager (AbstractLayoutVersionManager.java:init(79)) - Initializing Layout version manager with metadata layout = SCM_HA (version = 2), software layout = SCM_HA (version = 2)
2022-03-07 10:45:16,556 [Listener at 127.0.0.1/46693] INFO  reflections.Reflections (Reflections.java:scan(232)) - Reflections took 70 ms to scan 7 urls, producing 122 keys and 286 values 
2022-03-07 10:45:16,558 [Listener at 127.0.0.1/46693] INFO  statemachine.DatanodeStateMachine (DatanodeStateMachine.java:getEndPointTaskThreadPoolSize(222)) - Datanode State Machine Task Thread Pool size 2
2022-03-07 10:45:16,568 [Listener at 127.0.0.1/46693] INFO  volume.HddsVolume (HddsVolume.java:<init>(120)) - Creating HddsVolume: /home/runner/work/ozone/ozone/hadoop-ozone/integration-test/target/test-dir/MiniOzoneClusterImpl-6216e668-73b2-4868-9d6f-465a6cf4cf6e/datanode-1/data-0/containers/hdds of storage type : DISK capacity : 9223372036854775807
2022-03-07 10:45:16,568 [Listener at 127.0.0.1/46693] INFO  volume.MutableVolumeSet (MutableVolumeSet.java:initializeVolumeSet(168)) - Added Volume : /home/runner/work/ozone/ozone/hadoop-ozone/integration-test/target/test-dir/MiniOzoneClusterImpl-6216e668-73b2-4868-9d6f-465a6cf4cf6e/datanode-1/data-0/containers/hdds to VolumeSet
2022-03-07 10:45:16,568 [Listener at 127.0.0.1/46693] INFO  volume.ThrottledAsyncChecker (ThrottledAsyncChecker.java:schedule(141)) - Scheduling a check for /home/runner/work/ozone/ozone/hadoop-ozone/integration-test/target/test-dir/MiniOzoneClusterImpl-6216e668-73b2-4868-9d6f-465a6cf4cf6e/datanode-1/data-0/containers/hdds
2022-03-07 10:45:16,573 [Listener at 127.0.0.1/46693] INFO  volume.StorageVolumeChecker (StorageVolumeChecker.java:checkAllVolumes(202)) - Scheduled health check for volume /home/runner/work/ozone/ozone/hadoop-ozone/integration-test/target/test-dir/MiniOzoneClusterImpl-6216e668-73b2-4868-9d6f-465a6cf4cf6e/datanode-1/data-0/containers/hdds
2022-03-07 10:45:16,594 [Listener at 127.0.0.1/46693] INFO  volume.MutableVolumeSet (MutableVolumeSet.java:initializeVolumeSet(168)) - Added Volume : /home/runner/work/ozone/ozone/hadoop-ozone/integration-test/target/test-dir/MiniOzoneClusterImpl-6216e668-73b2-4868-9d6f-465a6cf4cf6e/datanode-1/data/ratis to VolumeSet
2022-03-07 10:45:16,595 [Listener at 127.0.0.1/46693] INFO  volume.ThrottledAsyncChecker (ThrottledAsyncChecker.java:schedule(141)) - Scheduling a check for /home/runner/work/ozone/ozone/hadoop-ozone/integration-test/target/test-dir/MiniOzoneClusterImpl-6216e668-73b2-4868-9d6f-465a6cf4cf6e/datanode-1/data/ratis
2022-03-07 10:45:16,595 [Listener at 127.0.0.1/46693] INFO  volume.StorageVolumeChecker (StorageVolumeChecker.java:checkAllVolumes(202)) - Scheduled health check for volume /home/runner/work/ozone/ozone/hadoop-ozone/integration-test/target/test-dir/MiniOzoneClusterImpl-6216e668-73b2-4868-9d6f-465a6cf4cf6e/datanode-1/data/ratis
2022-03-07 10:45:16,619 [Thread-310] INFO  ozoneimpl.ContainerReader (ContainerReader.java:readVolume(172)) - Finish verifying containers on volume /home/runner/work/ozone/ozone/hadoop-ozone/integration-test/target/test-dir/MiniOzoneClusterImpl-6216e668-73b2-4868-9d6f-465a6cf4cf6e/datanode-1/data-0/containers/hdds
2022-03-07 10:45:16,619 [Listener at 127.0.0.1/46693] INFO  ozoneimpl.OzoneContainer (OzoneContainer.java:buildContainerSet(257)) - Build ContainerSet costs 0s
2022-03-07 10:45:16,623 [Listener at 127.0.0.1/46693] INFO  server.RaftServer (ConfUtils.java:logGet(44)) - raft.rpc.type = GRPC (default)
2022-03-07 10:45:16,624 [Listener at 127.0.0.1/46693] INFO  grpc.GrpcFactory (GrpcFactory.java:checkPooledByteBufAllocatorUseCacheForAllThreads(48)) - PERFORMANCE WARNING: useCacheForAllThreads is true that may cause Netty to create a lot garbage objects and, as a result, trigger GC.
	It is recommended to disable useCacheForAllThreads by setting -Dorg.apache.ratis.thirdparty.io.netty.allocator.useCacheForAllThreads=false in command line.
2022-03-07 10:45:16,624 [Listener at 127.0.0.1/46693] INFO  grpc.GrpcConfigKeys (ConfUtils.java:logGet(44)) - raft.grpc.admin.port = 0 (custom)
2022-03-07 10:45:16,624 [Listener at 127.0.0.1/46693] INFO  grpc.GrpcConfigKeys (ConfUtils.java:logGet(44)) - raft.grpc.client.port = 0 (custom)
2022-03-07 10:45:16,624 [Listener at 127.0.0.1/46693] INFO  grpc.GrpcConfigKeys (ConfUtils.java:logGet(44)) - raft.grpc.server.port = 0 (default)
2022-03-07 10:45:16,624 [Listener at 127.0.0.1/46693] INFO  server.GrpcService (ConfUtils.java:logGet(44)) - raft.grpc.message.size.max = 32MB (=33554432) (custom)
2022-03-07 10:45:16,625 [Listener at 127.0.0.1/46693] INFO  server.RaftServerConfigKeys (ConfUtils.java:logGet(44)) - raft.server.log.appender.buffer.byte-limit = 33554432 (custom)
2022-03-07 10:45:16,625 [Listener at 127.0.0.1/46693] INFO  server.GrpcService (ConfUtils.java:logGet(44)) - raft.grpc.flow.control.window = 5MB (=5242880) (custom)
2022-03-07 10:45:16,625 [Listener at 127.0.0.1/46693] INFO  server.RaftServerConfigKeys (ConfUtils.java:logGet(44)) - raft.server.rpc.request.timeout = 60s (custom)
2022-03-07 10:45:16,626 [Listener at 127.0.0.1/46693] INFO  impl.DataStreamServerImpl (ConfUtils.java:logGet(44)) - raft.datastream.type = DISABLED (default)
2022-03-07 10:45:16,627 [Listener at 127.0.0.1/46693] INFO  server.RaftServerConfigKeys (ConfUtils.java:logGet(44)) - raft.server.rpc.slowness.timeout = 300s (custom)
2022-03-07 10:45:16,627 [Listener at 127.0.0.1/46693] INFO  server.RaftServerConfigKeys (ConfUtils.java:logGet(44)) - raft.server.leaderelection.leader.step-down.wait-time = 10s (default)
2022-03-07 10:45:16,627 [Listener at 127.0.0.1/46693] INFO  server.RaftServerConfigKeys (ConfUtils.java:logGet(44)) - raft.server.storage.dir = [/home/runner/work/ozone/ozone/hadoop-ozone/integration-test/target/test-dir/MiniOzoneClusterImpl-6216e668-73b2-4868-9d6f-465a6cf4cf6e/datanode-1/data/ratis] (custom)
2022-03-07 10:45:16,628 [Listener at 127.0.0.1/46693] INFO  server.XceiverServerGrpc (XceiverServerGrpc.java:<init>(132)) - GrpcServer channel type EpollServerSocketChannel
2022-03-07 10:45:16,634 [Listener at 127.0.0.1/46693] INFO  http.BaseHttpServer (BaseHttpServer.java:newHttpServer2BuilderForOzone(209)) - Starting Web-server for hddsDatanode at: http://0.0.0.0:0
2022-03-07 10:45:16,634 [Listener at 127.0.0.1/46693] INFO  http.BaseHttpServer (BaseHttpServer.java:<init>(107)) - Hadoop Security Enabled: false Ozone Security Enabled: false Ozone HTTP Security Enabled: false 
2022-03-07 10:45:16,635 [Listener at 127.0.0.1/46693] INFO  server.AuthenticationFilter (AuthenticationFilter.java:constructSecretProvider(240)) - Unable to initialize FileSignerSecretProvider, falling back to use random secrets.
2022-03-07 10:45:16,637 [Listener at 127.0.0.1/46693] WARN  http.HttpRequestLog (HttpRequestLog.java:getRequestLog(103)) - Jetty request log can only be enabled using Log4j
2022-03-07 10:45:16,638 [Listener at 127.0.0.1/46693] INFO  http.HttpServer2 (HttpServer2.java:addGlobalFilter(1030)) - Added global filter 'safety' (class=org.apache.hadoop.hdds.server.http.HttpServer2$QuotingInputFilter)
2022-03-07 10:45:16,639 [Listener at 127.0.0.1/46693] INFO  http.HttpServer2 (HttpServer2.java:addFilter(1006)) - Added filter static_user_filter (class=org.apache.hadoop.http.lib.StaticUserWebFilter$StaticUserFilter) to context hddsDatanode
2022-03-07 10:45:16,639 [Listener at 127.0.0.1/46693] INFO  http.HttpServer2 (HttpServer2.java:addFilter(1014)) - Added filter static_user_filter (class=org.apache.hadoop.http.lib.StaticUserWebFilter$StaticUserFilter) to context static
2022-03-07 10:45:16,639 [Listener at 127.0.0.1/46693] INFO  http.HttpServer2 (HttpServer2.java:addFilter(1014)) - Added filter static_user_filter (class=org.apache.hadoop.http.lib.StaticUserWebFilter$StaticUserFilter) to context logs
2022-03-07 10:45:16,639 [Listener at 127.0.0.1/46693] INFO  http.HttpServer2 (HttpServer2.java:bindListener(1249)) - Jetty bound to port 39609
2022-03-07 10:45:16,640 [Listener at 127.0.0.1/46693] INFO  server.Server (Server.java:doStart(375)) - jetty-9.4.43.v20210629; built: 2021-06-30T11:07:22.254Z; git: 526006ecfa3af7f1a27ef3a288e2bef7ea9dd7e8; jvm 1.8.0_322-b06
2022-03-07 10:45:16,643 [Listener at 127.0.0.1/46693] INFO  server.session (DefaultSessionIdManager.java:doStart(334)) - DefaultSessionIdManager workerName=node0
2022-03-07 10:45:16,643 [Listener at 127.0.0.1/46693] INFO  server.session (DefaultSessionIdManager.java:doStart(339)) - No SessionScavenger set, using defaults
2022-03-07 10:45:16,644 [Listener at 127.0.0.1/46693] INFO  server.session (HouseKeeper.java:startScavenging(132)) - node0 Scavenging every 660000ms
2022-03-07 10:45:16,644 [Listener at 127.0.0.1/46693] INFO  handler.ContextHandler (ContextHandler.java:doStart(915)) - Started o.e.j.s.ServletContextHandler@39f917bf{logs,/logs,file:///home/runner/work/ozone/ozone/hadoop-ozone/integration-test/target/log,AVAILABLE}
2022-03-07 10:45:16,645 [Listener at 127.0.0.1/46693] INFO  handler.ContextHandler (ContextHandler.java:doStart(915)) - Started o.e.j.s.ServletContextHandler@5019cbba{static,/static,jar:file:/home/runner/.m2/repository/org/apache/ozone/hdds-container-service/1.3.0-SNAPSHOT/hdds-container-service-1.3.0-SNAPSHOT.jar!/webapps/static,AVAILABLE}
2022-03-07 10:45:16,701 [Listener at 127.0.0.1/46693] INFO  handler.ContextHandler (ContextHandler.java:doStart(915)) - Started o.e.j.w.WebAppContext@3526ec9b{hddsDatanode,/,file:///tmp/jetty-0_0_0_0-39609-hdds-container-service-1_3_0-SNAPSHOT_jar-_-any-2164303318821698861/webapp/,AVAILABLE}{jar:file:/home/runner/.m2/repository/org/apache/ozone/hdds-container-service/1.3.0-SNAPSHOT/hdds-container-service-1.3.0-SNAPSHOT.jar!/webapps/hddsDatanode}
2022-03-07 10:45:16,703 [Listener at 127.0.0.1/46693] INFO  server.AbstractConnector (AbstractConnector.java:doStart(331)) - Started ServerConnector@31adc2bb{HTTP/1.1, (http/1.1)}{0.0.0.0:39609}
2022-03-07 10:45:16,703 [Listener at 127.0.0.1/46693] INFO  server.Server (Server.java:doStart(415)) - Started @45402ms
2022-03-07 10:45:16,703 [Listener at 127.0.0.1/46693] WARN  impl.MetricsSystemImpl (MetricsSystemImpl.java:register(279)) - Sink prometheus already exists!
2022-03-07 10:45:16,704 [Listener at 127.0.0.1/46693] INFO  http.BaseHttpServer (BaseHttpServer.java:updateConnectorAddress(329)) - HTTP server of hddsDatanode listening at http://0.0.0.0:39609
2022-03-07 10:45:16,704 [Listener at 127.0.0.1/46693] WARN  impl.MetricRegistriesImpl (MetricRegistriesImpl.java:addReporterRegistration(111)) - New reporters are added after registries were created. Some metrics will be missing from the reporter. Please add reporter before adding any new registry.
2022-03-07 10:45:16,704 [Listener at 127.0.0.1/46693] WARN  impl.MetricRegistriesImpl (MetricRegistriesImpl.java:addReporterRegistration(111)) - New reporters are added after registries were created. Some metrics will be missing from the reporter. Please add reporter before adding any new registry.
2022-03-07 10:45:16,704 [Listener at 127.0.0.1/46693] INFO  impl.MetricsSystemImpl (MetricsSystemImpl.java:init(158)) - HddsDatanode metrics system started (again)
2022-03-07 10:45:16,716 [Datanode State Machine Daemon Thread] INFO  statemachine.DatanodeStateMachine (DatanodeStateMachine.java:lambda$startDaemon$0(470)) - Ozone container server started.
2022-03-07 10:45:16,728 [org.apache.hadoop.util.JvmPauseMonitor$Monitor@7c47a763] INFO  util.JvmPauseMonitor (JvmPauseMonitor.java:run(188)) - Starting JVM pause monitor
2022-03-07 10:45:16,730 [Listener at 127.0.0.1/46693] INFO  ozone.HddsDatanodeService (HddsDatanodeService.java:start(233)) - HddsDatanodeService host:fv-az59-81.csjynl4pkq3e1pkirw3ssqjfoh.cx.internal.cloudapp.net ip:10.1.0.23
2022-03-07 10:45:16,743 [Datanode State Machine Task Thread - 0] INFO  datanode.InitDatanodeState (InitDatanodeState.java:persistContainerDatanodeDetails(138)) - DatanodeDetails is persisted to /home/runner/work/ozone/ozone/hadoop-ozone/integration-test/target/test-dir/MiniOzoneClusterImpl-6216e668-73b2-4868-9d6f-465a6cf4cf6e/datanode-1/meta/datanode.id
2022-03-07 10:45:16,756 [Listener at 127.0.0.1/46693] INFO  upgrade.AbstractLayoutVersionManager (AbstractLayoutVersionManager.java:init(79)) - Initializing Layout version manager with metadata layout = SCM_HA (version = 2), software layout = SCM_HA (version = 2)
2022-03-07 10:45:16,827 [Listener at 127.0.0.1/46693] INFO  reflections.Reflections (Reflections.java:scan(232)) - Reflections took 70 ms to scan 7 urls, producing 122 keys and 286 values 
2022-03-07 10:45:16,828 [Listener at 127.0.0.1/46693] INFO  statemachine.DatanodeStateMachine (DatanodeStateMachine.java:getEndPointTaskThreadPoolSize(222)) - Datanode State Machine Task Thread Pool size 2
2022-03-07 10:45:16,841 [Listener at 127.0.0.1/46693] INFO  volume.HddsVolume (HddsVolume.java:<init>(120)) - Creating HddsVolume: /home/runner/work/ozone/ozone/hadoop-ozone/integration-test/target/test-dir/MiniOzoneClusterImpl-6216e668-73b2-4868-9d6f-465a6cf4cf6e/datanode-2/data-0/containers/hdds of storage type : DISK capacity : 9223372036854775807
2022-03-07 10:45:16,841 [Listener at 127.0.0.1/46693] INFO  volume.MutableVolumeSet (MutableVolumeSet.java:initializeVolumeSet(168)) - Added Volume : /home/runner/work/ozone/ozone/hadoop-ozone/integration-test/target/test-dir/MiniOzoneClusterImpl-6216e668-73b2-4868-9d6f-465a6cf4cf6e/datanode-2/data-0/containers/hdds to VolumeSet
2022-03-07 10:45:16,841 [Listener at 127.0.0.1/46693] INFO  volume.ThrottledAsyncChecker (ThrottledAsyncChecker.java:schedule(141)) - Scheduling a check for /home/runner/work/ozone/ozone/hadoop-ozone/integration-test/target/test-dir/MiniOzoneClusterImpl-6216e668-73b2-4868-9d6f-465a6cf4cf6e/datanode-2/data-0/containers/hdds
2022-03-07 10:45:16,853 [Listener at 127.0.0.1/46693] INFO  volume.StorageVolumeChecker (StorageVolumeChecker.java:checkAllVolumes(202)) - Scheduled health check for volume /home/runner/work/ozone/ozone/hadoop-ozone/integration-test/target/test-dir/MiniOzoneClusterImpl-6216e668-73b2-4868-9d6f-465a6cf4cf6e/datanode-2/data-0/containers/hdds
2022-03-07 10:45:16,873 [Listener at 127.0.0.1/46693] INFO  volume.MutableVolumeSet (MutableVolumeSet.java:initializeVolumeSet(168)) - Added Volume : /home/runner/work/ozone/ozone/hadoop-ozone/integration-test/target/test-dir/MiniOzoneClusterImpl-6216e668-73b2-4868-9d6f-465a6cf4cf6e/datanode-2/data/ratis to VolumeSet
2022-03-07 10:45:16,873 [Listener at 127.0.0.1/46693] INFO  volume.ThrottledAsyncChecker (ThrottledAsyncChecker.java:schedule(141)) - Scheduling a check for /home/runner/work/ozone/ozone/hadoop-ozone/integration-test/target/test-dir/MiniOzoneClusterImpl-6216e668-73b2-4868-9d6f-465a6cf4cf6e/datanode-2/data/ratis
2022-03-07 10:45:16,873 [Listener at 127.0.0.1/46693] INFO  volume.StorageVolumeChecker (StorageVolumeChecker.java:checkAllVolumes(202)) - Scheduled health check for volume /home/runner/work/ozone/ozone/hadoop-ozone/integration-test/target/test-dir/MiniOzoneClusterImpl-6216e668-73b2-4868-9d6f-465a6cf4cf6e/datanode-2/data/ratis
2022-03-07 10:45:16,904 [Thread-322] INFO  ozoneimpl.ContainerReader (ContainerReader.java:readVolume(172)) - Finish verifying containers on volume /home/runner/work/ozone/ozone/hadoop-ozone/integration-test/target/test-dir/MiniOzoneClusterImpl-6216e668-73b2-4868-9d6f-465a6cf4cf6e/datanode-2/data-0/containers/hdds
2022-03-07 10:45:16,904 [Listener at 127.0.0.1/46693] INFO  ozoneimpl.OzoneContainer (OzoneContainer.java:buildContainerSet(257)) - Build ContainerSet costs 0s
2022-03-07 10:45:16,907 [Listener at 127.0.0.1/46693] INFO  server.RaftServer (ConfUtils.java:logGet(44)) - raft.rpc.type = GRPC (default)
2022-03-07 10:45:16,907 [Listener at 127.0.0.1/46693] INFO  grpc.GrpcFactory (GrpcFactory.java:checkPooledByteBufAllocatorUseCacheForAllThreads(48)) - PERFORMANCE WARNING: useCacheForAllThreads is true that may cause Netty to create a lot garbage objects and, as a result, trigger GC.
	It is recommended to disable useCacheForAllThreads by setting -Dorg.apache.ratis.thirdparty.io.netty.allocator.useCacheForAllThreads=false in command line.
2022-03-07 10:45:16,907 [Listener at 127.0.0.1/46693] INFO  grpc.GrpcConfigKeys (ConfUtils.java:logGet(44)) - raft.grpc.admin.port = 0 (custom)
2022-03-07 10:45:16,907 [Listener at 127.0.0.1/46693] INFO  grpc.GrpcConfigKeys (ConfUtils.java:logGet(44)) - raft.grpc.client.port = 0 (custom)
2022-03-07 10:45:16,908 [Listener at 127.0.0.1/46693] INFO  grpc.GrpcConfigKeys (ConfUtils.java:logGet(44)) - raft.grpc.server.port = 0 (default)
2022-03-07 10:45:16,908 [Listener at 127.0.0.1/46693] INFO  server.GrpcService (ConfUtils.java:logGet(44)) - raft.grpc.message.size.max = 32MB (=33554432) (custom)
2022-03-07 10:45:16,908 [Listener at 127.0.0.1/46693] INFO  server.RaftServerConfigKeys (ConfUtils.java:logGet(44)) - raft.server.log.appender.buffer.byte-limit = 33554432 (custom)
2022-03-07 10:45:16,908 [Listener at 127.0.0.1/46693] INFO  server.GrpcService (ConfUtils.java:logGet(44)) - raft.grpc.flow.control.window = 5MB (=5242880) (custom)
2022-03-07 10:45:16,908 [Listener at 127.0.0.1/46693] INFO  server.RaftServerConfigKeys (ConfUtils.java:logGet(44)) - raft.server.rpc.request.timeout = 60s (custom)
2022-03-07 10:45:16,909 [Listener at 127.0.0.1/46693] INFO  impl.DataStreamServerImpl (ConfUtils.java:logGet(44)) - raft.datastream.type = DISABLED (default)
2022-03-07 10:45:16,909 [Listener at 127.0.0.1/46693] INFO  server.RaftServerConfigKeys (ConfUtils.java:logGet(44)) - raft.server.rpc.slowness.timeout = 300s (custom)
2022-03-07 10:45:16,909 [Listener at 127.0.0.1/46693] INFO  server.RaftServerConfigKeys (ConfUtils.java:logGet(44)) - raft.server.leaderelection.leader.step-down.wait-time = 10s (default)
2022-03-07 10:45:16,910 [Listener at 127.0.0.1/46693] INFO  server.RaftServerConfigKeys (ConfUtils.java:logGet(44)) - raft.server.storage.dir = [/home/runner/work/ozone/ozone/hadoop-ozone/integration-test/target/test-dir/MiniOzoneClusterImpl-6216e668-73b2-4868-9d6f-465a6cf4cf6e/datanode-2/data/ratis] (custom)
2022-03-07 10:45:16,911 [Listener at 127.0.0.1/46693] INFO  server.XceiverServerGrpc (XceiverServerGrpc.java:<init>(132)) - GrpcServer channel type EpollServerSocketChannel
2022-03-07 10:45:16,933 [Listener at 127.0.0.1/46693] INFO  http.BaseHttpServer (BaseHttpServer.java:newHttpServer2BuilderForOzone(209)) - Starting Web-server for hddsDatanode at: http://0.0.0.0:0
2022-03-07 10:45:16,933 [Listener at 127.0.0.1/46693] INFO  http.BaseHttpServer (BaseHttpServer.java:<init>(107)) - Hadoop Security Enabled: false Ozone Security Enabled: false Ozone HTTP Security Enabled: false 
2022-03-07 10:45:16,934 [Listener at 127.0.0.1/46693] INFO  server.AuthenticationFilter (AuthenticationFilter.java:constructSecretProvider(240)) - Unable to initialize FileSignerSecretProvider, falling back to use random secrets.
2022-03-07 10:45:16,940 [Listener at 127.0.0.1/46693] WARN  http.HttpRequestLog (HttpRequestLog.java:getRequestLog(103)) - Jetty request log can only be enabled using Log4j
2022-03-07 10:45:16,941 [Listener at 127.0.0.1/46693] INFO  http.HttpServer2 (HttpServer2.java:addGlobalFilter(1030)) - Added global filter 'safety' (class=org.apache.hadoop.hdds.server.http.HttpServer2$QuotingInputFilter)
2022-03-07 10:45:16,942 [Listener at 127.0.0.1/46693] INFO  http.HttpServer2 (HttpServer2.java:addFilter(1006)) - Added filter static_user_filter (class=org.apache.hadoop.http.lib.StaticUserWebFilter$StaticUserFilter) to context hddsDatanode
2022-03-07 10:45:16,942 [Listener at 127.0.0.1/46693] INFO  http.HttpServer2 (HttpServer2.java:addFilter(1014)) - Added filter static_user_filter (class=org.apache.hadoop.http.lib.StaticUserWebFilter$StaticUserFilter) to context logs
2022-03-07 10:45:16,942 [Listener at 127.0.0.1/46693] INFO  http.HttpServer2 (HttpServer2.java:addFilter(1014)) - Added filter static_user_filter (class=org.apache.hadoop.http.lib.StaticUserWebFilter$StaticUserFilter) to context static
2022-03-07 10:45:16,942 [Listener at 127.0.0.1/46693] INFO  http.HttpServer2 (HttpServer2.java:bindListener(1249)) - Jetty bound to port 34933
2022-03-07 10:45:16,942 [Listener at 127.0.0.1/46693] INFO  server.Server (Server.java:doStart(375)) - jetty-9.4.43.v20210629; built: 2021-06-30T11:07:22.254Z; git: 526006ecfa3af7f1a27ef3a288e2bef7ea9dd7e8; jvm 1.8.0_322-b06
2022-03-07 10:45:16,992 [Listener at 127.0.0.1/46693] INFO  server.session (DefaultSessionIdManager.java:doStart(334)) - DefaultSessionIdManager workerName=node0
2022-03-07 10:45:16,992 [Listener at 127.0.0.1/46693] INFO  server.session (DefaultSessionIdManager.java:doStart(339)) - No SessionScavenger set, using defaults
2022-03-07 10:45:16,993 [Listener at 127.0.0.1/46693] INFO  server.session (HouseKeeper.java:startScavenging(132)) - node0 Scavenging every 660000ms
2022-03-07 10:45:16,997 [Listener at 127.0.0.1/46693] INFO  handler.ContextHandler (ContextHandler.java:doStart(915)) - Started o.e.j.s.ServletContextHandler@146958e9{logs,/logs,file:///home/runner/work/ozone/ozone/hadoop-ozone/integration-test/target/log,AVAILABLE}
2022-03-07 10:45:16,997 [Listener at 127.0.0.1/46693] INFO  handler.ContextHandler (ContextHandler.java:doStart(915)) - Started o.e.j.s.ServletContextHandler@3b245bc5{static,/static,jar:file:/home/runner/.m2/repository/org/apache/ozone/hdds-container-service/1.3.0-SNAPSHOT/hdds-container-service-1.3.0-SNAPSHOT.jar!/webapps/static,AVAILABLE}
2022-03-07 10:45:17,060 [Listener at 127.0.0.1/46693] INFO  handler.ContextHandler (ContextHandler.java:doStart(915)) - Started o.e.j.w.WebAppContext@282a21bd{hddsDatanode,/,file:///tmp/jetty-0_0_0_0-34933-hdds-container-service-1_3_0-SNAPSHOT_jar-_-any-4755386684287103390/webapp/,AVAILABLE}{jar:file:/home/runner/.m2/repository/org/apache/ozone/hdds-container-service/1.3.0-SNAPSHOT/hdds-container-service-1.3.0-SNAPSHOT.jar!/webapps/hddsDatanode}
2022-03-07 10:45:17,066 [Listener at 127.0.0.1/46693] INFO  server.AbstractConnector (AbstractConnector.java:doStart(331)) - Started ServerConnector@28666dd2{HTTP/1.1, (http/1.1)}{0.0.0.0:34933}
2022-03-07 10:45:17,066 [Listener at 127.0.0.1/46693] INFO  server.Server (Server.java:doStart(415)) - Started @45766ms
2022-03-07 10:45:17,066 [Listener at 127.0.0.1/46693] WARN  impl.MetricsSystemImpl (MetricsSystemImpl.java:register(279)) - Sink prometheus already exists!
2022-03-07 10:45:17,067 [Listener at 127.0.0.1/46693] INFO  http.BaseHttpServer (BaseHttpServer.java:updateConnectorAddress(329)) - HTTP server of hddsDatanode listening at http://0.0.0.0:34933
2022-03-07 10:45:17,076 [Listener at 127.0.0.1/46693] INFO  ozone.MiniOzoneClusterImpl (MiniOzoneClusterImpl.java:lambda$waitForClusterToBeReady$0(219)) - Waiting for nodes to be ready. Got 0 of 3 DN Heartbeats.
2022-03-07 10:45:17,077 [Listener at 127.0.0.1/46693] INFO  ozone.MiniOzoneClusterImpl (MiniOzoneClusterImpl.java:lambda$waitForClusterToBeReady$0(222)) - Waiting for cluster to exit safe mode
2022-03-07 10:45:17,077 [Listener at 127.0.0.1/46693] INFO  ozone.MiniOzoneClusterImpl (MiniOzoneClusterImpl.java:lambda$waitForClusterToBeReady$0(224)) - SCM became leader
2022-03-07 10:45:17,077 [Datanode State Machine Daemon Thread] INFO  statemachine.DatanodeStateMachine (DatanodeStateMachine.java:lambda$startDaemon$0(470)) - Ozone container server started.
2022-03-07 10:45:17,084 [org.apache.hadoop.util.JvmPauseMonitor$Monitor@509417d2] INFO  util.JvmPauseMonitor (JvmPauseMonitor.java:run(188)) - Starting JVM pause monitor
2022-03-07 10:45:17,094 [Datanode State Machine Task Thread - 0] INFO  datanode.InitDatanodeState (InitDatanodeState.java:persistContainerDatanodeDetails(138)) - DatanodeDetails is persisted to /home/runner/work/ozone/ozone/hadoop-ozone/integration-test/target/test-dir/MiniOzoneClusterImpl-6216e668-73b2-4868-9d6f-465a6cf4cf6e/datanode-2/meta/datanode.id
2022-03-07 10:45:17,132 [om1@group-C5BA1605619E-FollowerState] INFO  impl.FollowerState (FollowerState.java:run(134)) - om1@group-C5BA1605619E-FollowerState: change to CANDIDATE, lastRpcElapsedTime:1051389375ns, electionTimeout:1047ms
2022-03-07 10:45:17,132 [om1@group-C5BA1605619E-FollowerState] INFO  impl.RoleInfo (RoleInfo.java:shutdownFollowerState(108)) - om1: shutdown om1@group-C5BA1605619E-FollowerState
2022-03-07 10:45:17,132 [om1@group-C5BA1605619E-FollowerState] INFO  server.RaftServer$Division (RaftServerImpl.java:setRole(290)) - om1@group-C5BA1605619E: changes role from  FOLLOWER to CANDIDATE at term 0 for changeToCandidate
2022-03-07 10:45:17,132 [om1@group-C5BA1605619E-FollowerState] INFO  server.RaftServerConfigKeys (ConfUtils.java:logGet(44)) - raft.server.leaderelection.pre-vote = false (custom)
2022-03-07 10:45:17,132 [om1@group-C5BA1605619E-FollowerState] INFO  impl.RoleInfo (RoleInfo.java:updateAndGet(130)) - om1: start om1@group-C5BA1605619E-LeaderElection6
2022-03-07 10:45:17,143 [om1@group-C5BA1605619E-LeaderElection6] INFO  impl.LeaderElection (LeaderElection.java:askForVotes(306)) - om1@group-C5BA1605619E-LeaderElection6 ELECTION round 0: submit vote requests at term 1 for -1: [om1|rpc:localhost:9872|priority:0], old=null
2022-03-07 10:45:17,143 [om1@group-C5BA1605619E-LeaderElection6] INFO  impl.LeaderElection (LeaderElection.java:askForVotes(308)) - om1@group-C5BA1605619E-LeaderElection6 ELECTION round 0: result PASSED (term=1)
2022-03-07 10:45:17,143 [om1@group-C5BA1605619E-LeaderElection6] INFO  impl.RoleInfo (RoleInfo.java:shutdownLeaderElection(121)) - om1: shutdown om1@group-C5BA1605619E-LeaderElection6
2022-03-07 10:45:17,143 [om1@group-C5BA1605619E-LeaderElection6] INFO  server.RaftServer$Division (RaftServerImpl.java:setRole(290)) - om1@group-C5BA1605619E: changes role from CANDIDATE to LEADER at term 1 for changeToLeader
2022-03-07 10:45:17,143 [om1@group-C5BA1605619E-LeaderElection6] INFO  server.RaftServer$Division (ServerState.java:setLeader(285)) - om1@group-C5BA1605619E: change Leader from null to om1 at term 1 for becomeLeader, leader elected after 1110ms
2022-03-07 10:45:17,143 [om1@group-C5BA1605619E-LeaderElection6] INFO  server.RaftServerConfigKeys (ConfUtils.java:logGet(44)) - raft.server.staging.catchup.gap = 1000 (default)
2022-03-07 10:45:17,144 [om1@group-C5BA1605619E-LeaderElection6] INFO  server.RaftServerConfigKeys (ConfUtils.java:logGet(44)) - raft.server.write.element-limit = 4096 (default)
2022-03-07 10:45:17,144 [om1@group-C5BA1605619E-LeaderElection6] INFO  server.RaftServerConfigKeys (ConfUtils.java:logGet(44)) - raft.server.write.byte-limit = 64MB (=67108864) (default)
2022-03-07 10:45:17,144 [om1@group-C5BA1605619E-LeaderElection6] INFO  server.RaftServerConfigKeys (ConfUtils.java:logGet(44)) - raft.server.watch.timeout = 10s (default)
2022-03-07 10:45:17,144 [om1@group-C5BA1605619E-LeaderElection6] INFO  server.RaftServerConfigKeys (ConfUtils.java:logGet(44)) - raft.server.watch.timeout.denomination = 1s (default)
2022-03-07 10:45:17,144 [om1@group-C5BA1605619E-LeaderElection6] INFO  server.RaftServerConfigKeys (ConfUtils.java:logGet(44)) - raft.server.watch.element-limit = 65536 (default)
2022-03-07 10:45:17,145 [om1@group-C5BA1605619E-LeaderElection6] INFO  server.RaftServerConfigKeys (ConfUtils.java:logGet(44)) - raft.server.write.element-limit = 4096 (default)
2022-03-07 10:45:17,146 [om1@group-C5BA1605619E-LeaderElection6] INFO  server.RaftServerConfigKeys (ConfUtils.java:logGet(44)) - raft.server.write.follower.gap.ratio.max = -1.0 (default)
2022-03-07 10:45:17,146 [om1@group-C5BA1605619E-LeaderElection6] INFO  impl.RoleInfo (RoleInfo.java:updateAndGet(130)) - om1: start om1@group-C5BA1605619E-LeaderStateImpl
2022-03-07 10:45:17,146 [om1@group-C5BA1605619E-LeaderElection6] INFO  segmented.SegmentedRaftLogWorker (SegmentedRaftLogWorker.java:startLogSegment(394)) - om1@group-C5BA1605619E-SegmentedRaftLogWorker: Starting segment from index:0
2022-03-07 10:45:17,155 [om1@group-C5BA1605619E-LeaderElection6] INFO  server.RaftServer$Division (ServerState.java:setRaftConf(387)) - om1@group-C5BA1605619E: set configuration 0: [om1|rpc:localhost:9872|admin:|client:|dataStream:|priority:0], old=null
2022-03-07 10:45:17,157 [om1@group-C5BA1605619E-SegmentedRaftLogWorker] INFO  segmented.SegmentedRaftLogWorker (SegmentedRaftLogWorker.java:execute(601)) - om1@group-C5BA1605619E-SegmentedRaftLogWorker: created new log segment /home/runner/work/ozone/ozone/hadoop-ozone/integration-test/target/test-dir/MiniOzoneClusterImpl-6216e668-73b2-4868-9d6f-465a6cf4cf6e/ozone-meta/ratis/bf265839-605b-3f16-9796-c5ba1605619e/current/log_inprogress_0
2022-03-07 10:45:17,158 [om1@group-C5BA1605619E-StateMachineUpdater] INFO  ratis.OzoneManagerStateMachine (OzoneManagerStateMachine.java:notifyConfigurationChanged(188)) - Received Configuration change notification from Ratis. New Peer list:
[id: "om1"
address: "localhost:9872"
]
2022-03-07 10:45:18,077 [Listener at 127.0.0.1/46693] INFO  ozone.MiniOzoneClusterImpl (MiniOzoneClusterImpl.java:lambda$waitForClusterToBeReady$0(219)) - Waiting for nodes to be ready. Got 0 of 3 DN Heartbeats.
2022-03-07 10:45:18,077 [Listener at 127.0.0.1/46693] INFO  ozone.MiniOzoneClusterImpl (MiniOzoneClusterImpl.java:lambda$waitForClusterToBeReady$0(222)) - Waiting for cluster to exit safe mode
2022-03-07 10:45:18,077 [Listener at 127.0.0.1/46693] INFO  ozone.MiniOzoneClusterImpl (MiniOzoneClusterImpl.java:lambda$waitForClusterToBeReady$0(224)) - SCM became leader
2022-03-07 10:45:18,481 [EndpointStateMachine task thread for /0.0.0.0:44927 - 0 ] INFO  ozoneimpl.OzoneContainer (OzoneContainer.java:start(335)) - Attempting to start container services.
2022-03-07 10:45:18,481 [EndpointStateMachine task thread for /0.0.0.0:44927 - 0 ] INFO  ozoneimpl.OzoneContainer (OzoneContainer.java:startContainerScrub(270)) - Background container scanner has been disabled.
2022-03-07 10:45:18,482 [EndpointStateMachine task thread for /0.0.0.0:44927 - 0 ] INFO  replication.ReplicationServer (ReplicationServer.java:start(111)) - ReplicationServer is started using port 41117
2022-03-07 10:45:18,483 [EndpointStateMachine task thread for /0.0.0.0:44927 - 0 ] INFO  ratis.XceiverServerRatis (XceiverServerRatis.java:start(485)) - Starting XceiverServerRatis f24af16f-2d45-4c53-94ff-fd2a7b172da9
2022-03-07 10:45:18,489 [EndpointStateMachine task thread for /0.0.0.0:44927 - 0 ] INFO  server.RaftServer (RaftServerProxy.java:lambda$start$5(374)) - f24af16f-2d45-4c53-94ff-fd2a7b172da9: start RPC server
2022-03-07 10:45:18,495 [EndpointStateMachine task thread for /0.0.0.0:44927 - 0 ] INFO  server.GrpcService (GrpcService.java:startImpl(253)) - f24af16f-2d45-4c53-94ff-fd2a7b172da9: GrpcService started, listening on 46799
2022-03-07 10:45:18,496 [EndpointStateMachine task thread for /0.0.0.0:44927 - 0 ] INFO  ratis.XceiverServerRatis (XceiverServerRatis.java:getRealPort(506)) - XceiverServerRatis f24af16f-2d45-4c53-94ff-fd2a7b172da9 is started using port 46799 for RATIS
2022-03-07 10:45:18,496 [EndpointStateMachine task thread for /0.0.0.0:44927 - 0 ] INFO  ratis.XceiverServerRatis (XceiverServerRatis.java:getRealPort(506)) - XceiverServerRatis f24af16f-2d45-4c53-94ff-fd2a7b172da9 is started using port 46799 for RATIS_ADMIN
2022-03-07 10:45:18,496 [EndpointStateMachine task thread for /0.0.0.0:44927 - 0 ] INFO  ratis.XceiverServerRatis (XceiverServerRatis.java:getRealPort(506)) - XceiverServerRatis f24af16f-2d45-4c53-94ff-fd2a7b172da9 is started using port 46799 for RATIS_SERVER
2022-03-07 10:45:18,496 [org.apache.ratis.util.JvmPauseMonitor$$Lambda$431/661007587@7b556736] INFO  util.JvmPauseMonitor (JvmPauseMonitor.java:run(103)) - JvmPauseMonitor-f24af16f-2d45-4c53-94ff-fd2a7b172da9: Started
2022-03-07 10:45:18,499 [EndpointStateMachine task thread for /0.0.0.0:44927 - 0 ] INFO  server.XceiverServerGrpc (XceiverServerGrpc.java:start(180)) - XceiverServerGrpc f24af16f-2d45-4c53-94ff-fd2a7b172da9 is started using port 34285
2022-03-07 10:45:18,738 [EndpointStateMachine task thread for /0.0.0.0:44927 - 0 ] INFO  ozoneimpl.OzoneContainer (OzoneContainer.java:start(335)) - Attempting to start container services.
2022-03-07 10:45:18,738 [EndpointStateMachine task thread for /0.0.0.0:44927 - 0 ] INFO  ozoneimpl.OzoneContainer (OzoneContainer.java:startContainerScrub(270)) - Background container scanner has been disabled.
2022-03-07 10:45:18,740 [EndpointStateMachine task thread for /0.0.0.0:44927 - 0 ] INFO  replication.ReplicationServer (ReplicationServer.java:start(111)) - ReplicationServer is started using port 36947
2022-03-07 10:45:18,741 [EndpointStateMachine task thread for /0.0.0.0:44927 - 0 ] INFO  ratis.XceiverServerRatis (XceiverServerRatis.java:start(485)) - Starting XceiverServerRatis 87b6de07-8797-4cbf-b451-3e4ee2b0e0ce
2022-03-07 10:45:18,749 [EndpointStateMachine task thread for /0.0.0.0:44927 - 0 ] INFO  server.RaftServer (RaftServerProxy.java:lambda$start$5(374)) - 87b6de07-8797-4cbf-b451-3e4ee2b0e0ce: start RPC server
2022-03-07 10:45:18,754 [EndpointStateMachine task thread for /0.0.0.0:44927 - 0 ] INFO  server.GrpcService (GrpcService.java:startImpl(253)) - 87b6de07-8797-4cbf-b451-3e4ee2b0e0ce: GrpcService started, listening on 33427
2022-03-07 10:45:18,756 [EndpointStateMachine task thread for /0.0.0.0:44927 - 0 ] INFO  ratis.XceiverServerRatis (XceiverServerRatis.java:getRealPort(506)) - XceiverServerRatis 87b6de07-8797-4cbf-b451-3e4ee2b0e0ce is started using port 33427 for RATIS
2022-03-07 10:45:18,756 [EndpointStateMachine task thread for /0.0.0.0:44927 - 0 ] INFO  ratis.XceiverServerRatis (XceiverServerRatis.java:getRealPort(506)) - XceiverServerRatis 87b6de07-8797-4cbf-b451-3e4ee2b0e0ce is started using port 33427 for RATIS_ADMIN
2022-03-07 10:45:18,756 [EndpointStateMachine task thread for /0.0.0.0:44927 - 0 ] INFO  ratis.XceiverServerRatis (XceiverServerRatis.java:getRealPort(506)) - XceiverServerRatis 87b6de07-8797-4cbf-b451-3e4ee2b0e0ce is started using port 33427 for RATIS_SERVER
2022-03-07 10:45:18,762 [org.apache.ratis.util.JvmPauseMonitor$$Lambda$431/661007587@5d26413c] INFO  util.JvmPauseMonitor (JvmPauseMonitor.java:run(103)) - JvmPauseMonitor-87b6de07-8797-4cbf-b451-3e4ee2b0e0ce: Started
2022-03-07 10:45:18,765 [EndpointStateMachine task thread for /0.0.0.0:44927 - 0 ] INFO  server.XceiverServerGrpc (XceiverServerGrpc.java:start(180)) - XceiverServerGrpc 87b6de07-8797-4cbf-b451-3e4ee2b0e0ce is started using port 45343
2022-03-07 10:45:19,078 [Listener at 127.0.0.1/46693] INFO  ozone.MiniOzoneClusterImpl (MiniOzoneClusterImpl.java:lambda$waitForClusterToBeReady$0(219)) - Waiting for nodes to be ready. Got 0 of 3 DN Heartbeats.
2022-03-07 10:45:19,078 [Listener at 127.0.0.1/46693] INFO  ozone.MiniOzoneClusterImpl (MiniOzoneClusterImpl.java:lambda$waitForClusterToBeReady$0(222)) - Waiting for cluster to exit safe mode
2022-03-07 10:45:19,078 [Listener at 127.0.0.1/46693] INFO  ozone.MiniOzoneClusterImpl (MiniOzoneClusterImpl.java:lambda$waitForClusterToBeReady$0(224)) - SCM became leader
2022-03-07 10:45:19,089 [EndpointStateMachine task thread for /0.0.0.0:44927 - 0 ] INFO  ozoneimpl.OzoneContainer (OzoneContainer.java:start(335)) - Attempting to start container services.
2022-03-07 10:45:19,090 [EndpointStateMachine task thread for /0.0.0.0:44927 - 0 ] INFO  ozoneimpl.OzoneContainer (OzoneContainer.java:startContainerScrub(270)) - Background container scanner has been disabled.
2022-03-07 10:45:19,091 [EndpointStateMachine task thread for /0.0.0.0:44927 - 0 ] INFO  replication.ReplicationServer (ReplicationServer.java:start(111)) - ReplicationServer is started using port 39565
2022-03-07 10:45:19,092 [EndpointStateMachine task thread for /0.0.0.0:44927 - 0 ] INFO  ratis.XceiverServerRatis (XceiverServerRatis.java:start(485)) - Starting XceiverServerRatis 52f36989-14f1-4f78-bbcf-b5a9e40c92fe
2022-03-07 10:45:19,097 [EndpointStateMachine task thread for /0.0.0.0:44927 - 0 ] INFO  server.RaftServer (RaftServerProxy.java:lambda$start$5(374)) - 52f36989-14f1-4f78-bbcf-b5a9e40c92fe: start RPC server
2022-03-07 10:45:19,101 [EndpointStateMachine task thread for /0.0.0.0:44927 - 0 ] INFO  server.GrpcService (GrpcService.java:startImpl(253)) - 52f36989-14f1-4f78-bbcf-b5a9e40c92fe: GrpcService started, listening on 36491
2022-03-07 10:45:19,102 [EndpointStateMachine task thread for /0.0.0.0:44927 - 0 ] INFO  ratis.XceiverServerRatis (XceiverServerRatis.java:getRealPort(506)) - XceiverServerRatis 52f36989-14f1-4f78-bbcf-b5a9e40c92fe is started using port 36491 for RATIS
2022-03-07 10:45:19,102 [EndpointStateMachine task thread for /0.0.0.0:44927 - 0 ] INFO  ratis.XceiverServerRatis (XceiverServerRatis.java:getRealPort(506)) - XceiverServerRatis 52f36989-14f1-4f78-bbcf-b5a9e40c92fe is started using port 36491 for RATIS_ADMIN
2022-03-07 10:45:19,102 [EndpointStateMachine task thread for /0.0.0.0:44927 - 0 ] INFO  ratis.XceiverServerRatis (XceiverServerRatis.java:getRealPort(506)) - XceiverServerRatis 52f36989-14f1-4f78-bbcf-b5a9e40c92fe is started using port 36491 for RATIS_SERVER
2022-03-07 10:45:19,103 [org.apache.ratis.util.JvmPauseMonitor$$Lambda$431/661007587@2614c101] INFO  util.JvmPauseMonitor (JvmPauseMonitor.java:run(103)) - JvmPauseMonitor-52f36989-14f1-4f78-bbcf-b5a9e40c92fe: Started
2022-03-07 10:45:19,105 [EndpointStateMachine task thread for /0.0.0.0:44927 - 0 ] INFO  server.XceiverServerGrpc (XceiverServerGrpc.java:start(180)) - XceiverServerGrpc 52f36989-14f1-4f78-bbcf-b5a9e40c92fe is started using port 35249
2022-03-07 10:45:20,078 [Listener at 127.0.0.1/46693] INFO  ozone.MiniOzoneClusterImpl (MiniOzoneClusterImpl.java:lambda$waitForClusterToBeReady$0(219)) - Waiting for nodes to be ready. Got 0 of 3 DN Heartbeats.
2022-03-07 10:45:20,079 [Listener at 127.0.0.1/46693] INFO  ozone.MiniOzoneClusterImpl (MiniOzoneClusterImpl.java:lambda$waitForClusterToBeReady$0(222)) - Waiting for cluster to exit safe mode
2022-03-07 10:45:20,079 [Listener at 127.0.0.1/46693] INFO  ozone.MiniOzoneClusterImpl (MiniOzoneClusterImpl.java:lambda$waitForClusterToBeReady$0(224)) - SCM became leader
2022-03-07 10:45:20,468 [IPC Server handler 1 on default port 44927] INFO  net.NetworkTopologyImpl (NetworkTopologyImpl.java:add(112)) - Added a new node: /default-rack/f24af16f-2d45-4c53-94ff-fd2a7b172da9
2022-03-07 10:45:20,468 [IPC Server handler 1 on default port 44927] INFO  node.SCMNodeManager (SCMNodeManager.java:register(391)) - Registered Data node : f24af16f-2d45-4c53-94ff-fd2a7b172da9{ip: 10.1.0.23, host: fv-az59-81.csjynl4pkq3e1pkirw3ssqjfoh.cx.internal.cloudapp.net, ports: [REPLICATION=41117, RATIS=46799, RATIS_ADMIN=46799, RATIS_SERVER=46799, STANDALONE=34285], networkLocation: /default-rack, certSerialId: null, persistedOpState: null, persistedOpStateExpiryEpochSec: 0}
2022-03-07 10:45:20,470 [EventQueue-NewNodeForNewNodeHandler] INFO  pipeline.BackgroundPipelineCreator (BackgroundPipelineCreator.java:notifyEventTriggered(285)) - trigger a one-shot run on RatisPipelineUtilsThread.
2022-03-07 10:45:20,471 [RatisPipelineUtilsThread - 0] INFO  pipeline.RatisPipelineProvider (RatisPipelineProvider.java:lambda$create$0(183)) - Sending CreatePipelineCommand for pipeline:PipelineID=f7e90688-035f-4d00-acd5-ee28e507cb31 to datanode:f24af16f-2d45-4c53-94ff-fd2a7b172da9
2022-03-07 10:45:20,485 [EventQueue-NodeRegistrationContainerReportForDataNodeSafeModeRule] INFO  safemode.SCMSafeModeManager (DataNodeSafeModeRule.java:process(71)) - SCM in safe mode. 1 DataNodes registered, 3 required.
2022-03-07 10:45:20,497 [EventQueue-NodeRegistrationContainerReportForContainerSafeModeRule] INFO  safemode.SCMSafeModeManager (SCMSafeModeManager.java:validateSafeModeExitRules(204)) - ContainerSafeModeRule rule is successfully validated
2022-03-07 10:45:20,497 [EventQueue-PipelineReportForOneReplicaPipelineSafeModeRule] INFO  safemode.SCMSafeModeManager (SCMSafeModeManager.java:validateSafeModeExitRules(204)) - AtleastOneDatanodeReportedRule rule is successfully validated
2022-03-07 10:45:20,518 [8cdc92c8-e5a2-4182-899c-4bf352b29a2f@group-465A6CF4CF6E-StateMachineUpdater] INFO  pipeline.PipelineStateManagerImpl (PipelineStateManagerImpl.java:addPipeline(101)) - Created pipeline Pipeline[ Id: f7e90688-035f-4d00-acd5-ee28e507cb31, Nodes: f24af16f-2d45-4c53-94ff-fd2a7b172da9{ip: 10.1.0.23, host: fv-az59-81.csjynl4pkq3e1pkirw3ssqjfoh.cx.internal.cloudapp.net, ports: [REPLICATION=41117, RATIS=46799, RATIS_ADMIN=46799, RATIS_SERVER=46799, STANDALONE=34285], networkLocation: /default-rack, certSerialId: null, persistedOpState: IN_SERVICE, persistedOpStateExpiryEpochSec: 0}, ReplicationConfig: RATIS/ONE, State:ALLOCATED, leaderId:, CreationTimestamp2022-03-07T10:45:20.471Z[Etc/UTC]].
2022-03-07 10:45:20,518 [8cdc92c8-e5a2-4182-899c-4bf352b29a2f@group-465A6CF4CF6E-StateMachineUpdater] INFO  safemode.HealthyPipelineSafeModeRule (HealthyPipelineSafeModeRule.java:initializeRule(152)) - Refreshed total pipeline count is 0, healthy pipeline threshold count is 1
2022-03-07 10:45:20,732 [IPC Server handler 2 on default port 44927] INFO  net.NetworkTopologyImpl (NetworkTopologyImpl.java:add(112)) - Added a new node: /default-rack/87b6de07-8797-4cbf-b451-3e4ee2b0e0ce
2022-03-07 10:45:20,734 [IPC Server handler 2 on default port 44927] INFO  node.SCMNodeManager (SCMNodeManager.java:register(391)) - Registered Data node : 87b6de07-8797-4cbf-b451-3e4ee2b0e0ce{ip: 10.1.0.23, host: fv-az59-81.csjynl4pkq3e1pkirw3ssqjfoh.cx.internal.cloudapp.net, ports: [REPLICATION=36947, RATIS=33427, RATIS_ADMIN=33427, RATIS_SERVER=33427, STANDALONE=45343], networkLocation: /default-rack, certSerialId: null, persistedOpState: null, persistedOpStateExpiryEpochSec: 0}
2022-03-07 10:45:20,734 [EventQueue-NewNodeForNewNodeHandler] INFO  pipeline.BackgroundPipelineCreator (BackgroundPipelineCreator.java:notifyEventTriggered(285)) - trigger a one-shot run on RatisPipelineUtilsThread.
2022-03-07 10:45:20,735 [EventQueue-NodeRegistrationContainerReportForDataNodeSafeModeRule] INFO  safemode.SCMSafeModeManager (DataNodeSafeModeRule.java:process(71)) - SCM in safe mode. 2 DataNodes registered, 3 required.
2022-03-07 10:45:20,737 [RatisPipelineUtilsThread - 0] INFO  pipeline.RatisPipelineProvider (RatisPipelineProvider.java:lambda$create$0(183)) - Sending CreatePipelineCommand for pipeline:PipelineID=024ce651-23bf-4ece-9216-7650fa64e760 to datanode:87b6de07-8797-4cbf-b451-3e4ee2b0e0ce
2022-03-07 10:45:20,740 [8cdc92c8-e5a2-4182-899c-4bf352b29a2f@group-465A6CF4CF6E-StateMachineUpdater] INFO  pipeline.PipelineStateManagerImpl (PipelineStateManagerImpl.java:addPipeline(101)) - Created pipeline Pipeline[ Id: 024ce651-23bf-4ece-9216-7650fa64e760, Nodes: 87b6de07-8797-4cbf-b451-3e4ee2b0e0ce{ip: 10.1.0.23, host: fv-az59-81.csjynl4pkq3e1pkirw3ssqjfoh.cx.internal.cloudapp.net, ports: [REPLICATION=36947, RATIS=33427, RATIS_ADMIN=33427, RATIS_SERVER=33427, STANDALONE=45343], networkLocation: /default-rack, certSerialId: null, persistedOpState: IN_SERVICE, persistedOpStateExpiryEpochSec: 0}, ReplicationConfig: RATIS/ONE, State:ALLOCATED, leaderId:, CreationTimestamp2022-03-07T10:45:20.737Z[Etc/UTC]].
2022-03-07 10:45:20,740 [8cdc92c8-e5a2-4182-899c-4bf352b29a2f@group-465A6CF4CF6E-StateMachineUpdater] INFO  safemode.HealthyPipelineSafeModeRule (HealthyPipelineSafeModeRule.java:initializeRule(152)) - Refreshed total pipeline count is 0, healthy pipeline threshold count is 1
2022-03-07 10:45:21,079 [Listener at 127.0.0.1/46693] INFO  ozone.MiniOzoneClusterImpl (MiniOzoneClusterImpl.java:lambda$waitForClusterToBeReady$0(219)) - Waiting for nodes to be ready. Got 2 of 3 DN Heartbeats.
2022-03-07 10:45:21,080 [Listener at 127.0.0.1/46693] INFO  ozone.MiniOzoneClusterImpl (MiniOzoneClusterImpl.java:lambda$waitForClusterToBeReady$0(222)) - Waiting for cluster to exit safe mode
2022-03-07 10:45:21,080 [Listener at 127.0.0.1/46693] INFO  ozone.MiniOzoneClusterImpl (MiniOzoneClusterImpl.java:lambda$waitForClusterToBeReady$0(224)) - SCM became leader
2022-03-07 10:45:21,086 [IPC Server handler 0 on default port 44927] INFO  net.NetworkTopologyImpl (NetworkTopologyImpl.java:add(112)) - Added a new node: /default-rack/52f36989-14f1-4f78-bbcf-b5a9e40c92fe
2022-03-07 10:45:21,086 [IPC Server handler 0 on default port 44927] INFO  node.SCMNodeManager (SCMNodeManager.java:register(391)) - Registered Data node : 52f36989-14f1-4f78-bbcf-b5a9e40c92fe{ip: 10.1.0.23, host: fv-az59-81.csjynl4pkq3e1pkirw3ssqjfoh.cx.internal.cloudapp.net, ports: [REPLICATION=39565, RATIS=36491, RATIS_ADMIN=36491, RATIS_SERVER=36491, STANDALONE=35249], networkLocation: /default-rack, certSerialId: null, persistedOpState: null, persistedOpStateExpiryEpochSec: 0}
2022-03-07 10:45:21,086 [EventQueue-NewNodeForNewNodeHandler] INFO  pipeline.BackgroundPipelineCreator (BackgroundPipelineCreator.java:notifyEventTriggered(285)) - trigger a one-shot run on RatisPipelineUtilsThread.
2022-03-07 10:45:21,087 [RatisPipelineUtilsThread - 0] INFO  pipeline.RatisPipelineProvider (RatisPipelineProvider.java:lambda$create$0(183)) - Sending CreatePipelineCommand for pipeline:PipelineID=1debe691-fd3e-49ec-81a9-b1ccc4c645f7 to datanode:52f36989-14f1-4f78-bbcf-b5a9e40c92fe
2022-03-07 10:45:21,089 [EventQueue-NodeRegistrationContainerReportForDataNodeSafeModeRule] INFO  safemode.SCMSafeModeManager (DataNodeSafeModeRule.java:process(71)) - SCM in safe mode. 3 DataNodes registered, 3 required.
2022-03-07 10:45:21,089 [EventQueue-NodeRegistrationContainerReportForDataNodeSafeModeRule] INFO  safemode.SCMSafeModeManager (SCMSafeModeManager.java:validateSafeModeExitRules(204)) - DataNodeSafeModeRule rule is successfully validated
2022-03-07 10:45:21,089 [EventQueue-NodeRegistrationContainerReportForDataNodeSafeModeRule] INFO  safemode.SCMSafeModeManager (SCMSafeModeManager.java:completePreCheck(233)) - All SCM safe mode pre check rules have passed
2022-03-07 10:45:21,089 [EventQueue-NodeRegistrationContainerReportForDataNodeSafeModeRule] WARN  events.EventQueue (EventQueue.java:fireEvent(194)) - No event handler registered for event TypedEvent{payloadType=SafeModeStatus, name='Safe mode status'}
2022-03-07 10:45:21,089 [EventQueue-NodeRegistrationContainerReportForDataNodeSafeModeRule] INFO  ha.SCMContext (SCMContext.java:updateSafeModeStatus(211)) - Update SafeModeStatus from SafeModeStatus{safeModeStatus=true, preCheckPassed=false} to SafeModeStatus{safeModeStatus=true, preCheckPassed=true}.
2022-03-07 10:45:21,089 [EventQueue-NodeRegistrationContainerReportForDataNodeSafeModeRule] INFO  pipeline.BackgroundPipelineCreator (BackgroundPipelineCreator.java:notifyEventTriggered(285)) - trigger a one-shot run on RatisPipelineUtilsThread.
2022-03-07 10:45:21,090 [8cdc92c8-e5a2-4182-899c-4bf352b29a2f@group-465A6CF4CF6E-StateMachineUpdater] INFO  pipeline.PipelineStateManagerImpl (PipelineStateManagerImpl.java:addPipeline(101)) - Created pipeline Pipeline[ Id: 1debe691-fd3e-49ec-81a9-b1ccc4c645f7, Nodes: 52f36989-14f1-4f78-bbcf-b5a9e40c92fe{ip: 10.1.0.23, host: fv-az59-81.csjynl4pkq3e1pkirw3ssqjfoh.cx.internal.cloudapp.net, ports: [REPLICATION=39565, RATIS=36491, RATIS_ADMIN=36491, RATIS_SERVER=36491, STANDALONE=35249], networkLocation: /default-rack, certSerialId: null, persistedOpState: IN_SERVICE, persistedOpStateExpiryEpochSec: 0}, ReplicationConfig: RATIS/ONE, State:ALLOCATED, leaderId:, CreationTimestamp2022-03-07T10:45:21.087Z[Etc/UTC]].
2022-03-07 10:45:21,090 [8cdc92c8-e5a2-4182-899c-4bf352b29a2f@group-465A6CF4CF6E-StateMachineUpdater] INFO  safemode.HealthyPipelineSafeModeRule (HealthyPipelineSafeModeRule.java:initializeRule(152)) - Refreshed total pipeline count is 0, healthy pipeline threshold count is 1
2022-03-07 10:45:21,093 [RatisPipelineUtilsThread - 0] INFO  pipeline.RatisPipelineProvider (RatisPipelineProvider.java:lambda$create$0(183)) - Sending CreatePipelineCommand for pipeline:PipelineID=68bae65b-948e-4761-b77a-36bab0eb5d8e to datanode:87b6de07-8797-4cbf-b451-3e4ee2b0e0ce
2022-03-07 10:45:21,097 [RatisPipelineUtilsThread - 0] INFO  pipeline.RatisPipelineProvider (RatisPipelineProvider.java:lambda$create$0(183)) - Sending CreatePipelineCommand for pipeline:PipelineID=68bae65b-948e-4761-b77a-36bab0eb5d8e to datanode:f24af16f-2d45-4c53-94ff-fd2a7b172da9
2022-03-07 10:45:21,097 [RatisPipelineUtilsThread - 0] INFO  pipeline.RatisPipelineProvider (RatisPipelineProvider.java:lambda$create$0(183)) - Sending CreatePipelineCommand for pipeline:PipelineID=68bae65b-948e-4761-b77a-36bab0eb5d8e to datanode:52f36989-14f1-4f78-bbcf-b5a9e40c92fe
2022-03-07 10:45:21,100 [8cdc92c8-e5a2-4182-899c-4bf352b29a2f@group-465A6CF4CF6E-StateMachineUpdater] INFO  pipeline.PipelineStateManagerImpl (PipelineStateManagerImpl.java:addPipeline(101)) - Created pipeline Pipeline[ Id: 68bae65b-948e-4761-b77a-36bab0eb5d8e, Nodes: 87b6de07-8797-4cbf-b451-3e4ee2b0e0ce{ip: 10.1.0.23, host: fv-az59-81.csjynl4pkq3e1pkirw3ssqjfoh.cx.internal.cloudapp.net, ports: [REPLICATION=36947, RATIS=33427, RATIS_ADMIN=33427, RATIS_SERVER=33427, STANDALONE=45343], networkLocation: /default-rack, certSerialId: null, persistedOpState: IN_SERVICE, persistedOpStateExpiryEpochSec: 0}f24af16f-2d45-4c53-94ff-fd2a7b172da9{ip: 10.1.0.23, host: fv-az59-81.csjynl4pkq3e1pkirw3ssqjfoh.cx.internal.cloudapp.net, ports: [REPLICATION=41117, RATIS=46799, RATIS_ADMIN=46799, RATIS_SERVER=46799, STANDALONE=34285], networkLocation: /default-rack, certSerialId: null, persistedOpState: IN_SERVICE, persistedOpStateExpiryEpochSec: 0}52f36989-14f1-4f78-bbcf-b5a9e40c92fe{ip: 10.1.0.23, host: fv-az59-81.csjynl4pkq3e1pkirw3ssqjfoh.cx.internal.cloudapp.net, ports: [REPLICATION=39565, RATIS=36491, RATIS_ADMIN=36491, RATIS_SERVER=36491, STANDALONE=35249], networkLocation: /default-rack, certSerialId: null, persistedOpState: IN_SERVICE, persistedOpStateExpiryEpochSec: 0}, ReplicationConfig: RATIS/THREE, State:ALLOCATED, leaderId:, CreationTimestamp2022-03-07T10:45:21.093Z[Etc/UTC]].
2022-03-07 10:45:21,100 [8cdc92c8-e5a2-4182-899c-4bf352b29a2f@group-465A6CF4CF6E-StateMachineUpdater] INFO  safemode.HealthyPipelineSafeModeRule (HealthyPipelineSafeModeRule.java:initializeRule(152)) - Refreshed total pipeline count is 0, healthy pipeline threshold count is 1
2022-03-07 10:45:22,081 [Listener at 127.0.0.1/46693] INFO  ozone.MiniOzoneClusterImpl (MiniOzoneClusterImpl.java:lambda$waitForClusterToBeReady$0(219)) - Nodes are ready. Got 3 of 3 DN Heartbeats.
2022-03-07 10:45:22,082 [Listener at 127.0.0.1/46693] INFO  ozone.MiniOzoneClusterImpl (MiniOzoneClusterImpl.java:lambda$waitForClusterToBeReady$0(222)) - Waiting for cluster to exit safe mode
2022-03-07 10:45:22,082 [Listener at 127.0.0.1/46693] INFO  ozone.MiniOzoneClusterImpl (MiniOzoneClusterImpl.java:lambda$waitForClusterToBeReady$0(224)) - SCM became leader
2022-03-07 10:45:23,082 [Listener at 127.0.0.1/46693] INFO  ozone.MiniOzoneClusterImpl (MiniOzoneClusterImpl.java:lambda$waitForClusterToBeReady$0(219)) - Nodes are ready. Got 3 of 3 DN Heartbeats.
2022-03-07 10:45:23,083 [Listener at 127.0.0.1/46693] INFO  ozone.MiniOzoneClusterImpl (MiniOzoneClusterImpl.java:lambda$waitForClusterToBeReady$0(222)) - Waiting for cluster to exit safe mode
2022-03-07 10:45:23,083 [Listener at 127.0.0.1/46693] INFO  ozone.MiniOzoneClusterImpl (MiniOzoneClusterImpl.java:lambda$waitForClusterToBeReady$0(224)) - SCM became leader
2022-03-07 10:45:23,471 [Command processor thread] INFO  server.RaftServer (RaftServerProxy.java:addNew(95)) - f24af16f-2d45-4c53-94ff-fd2a7b172da9: addNew group-EE28E507CB31:[f24af16f-2d45-4c53-94ff-fd2a7b172da9|rpc:10.1.0.23:46799|priority:1] returns group-EE28E507CB31:java.util.concurrent.CompletableFuture@f14ae5a[Not completed]
2022-03-07 10:45:23,485 [pool-150-thread-1] INFO  server.RaftServer$Division (RaftServerImpl.java:<init>(184)) - f24af16f-2d45-4c53-94ff-fd2a7b172da9: new RaftServerImpl for group-EE28E507CB31:[f24af16f-2d45-4c53-94ff-fd2a7b172da9|rpc:10.1.0.23:46799|priority:1] with ContainerStateMachine:uninitialized
2022-03-07 10:45:23,486 [pool-150-thread-1] INFO  server.RaftServerConfigKeys (ConfUtils.java:logGet(44)) - raft.server.rpc.timeout.min = 5s (custom)
2022-03-07 10:45:23,489 [pool-150-thread-1] INFO  server.RaftServerConfigKeys (ConfUtils.java:logGet(44)) - raft.server.rpc.timeout.max = 5200ms (custom)
2022-03-07 10:45:23,489 [pool-150-thread-1] INFO  server.RaftServerConfigKeys (ConfUtils.java:logGet(44)) - raft.server.rpc.sleep.time = 25ms (default)
2022-03-07 10:45:23,489 [pool-150-thread-1] INFO  server.RaftServerConfigKeys (ConfUtils.java:logGet(44)) - raft.server.rpc.slowness.timeout = 300s (custom)
2022-03-07 10:45:23,489 [pool-150-thread-1] INFO  server.RaftServerConfigKeys (ConfUtils.java:logGet(44)) - raft.server.leaderelection.leader.step-down.wait-time = 10s (default)
2022-03-07 10:45:23,489 [pool-150-thread-1] INFO  server.RaftServerConfigKeys (ConfUtils.java:logGet(44)) - raft.server.sleep.deviation.threshold = 300ms (default)
2022-03-07 10:45:23,489 [pool-150-thread-1] INFO  server.RaftServerConfigKeys (ConfUtils.java:logGet(44)) - raft.server.log.appender.install.snapshot.enabled = false (custom)
2022-03-07 10:45:23,489 [pool-150-thread-1] INFO  server.RaftServer$Division (ServerState.java:<init>(105)) - f24af16f-2d45-4c53-94ff-fd2a7b172da9@group-EE28E507CB31: ConfigurationManager, init=-1: [f24af16f-2d45-4c53-94ff-fd2a7b172da9|rpc:10.1.0.23:46799|priority:1], old=null, confs=<EMPTY_MAP>
2022-03-07 10:45:23,489 [pool-150-thread-1] INFO  server.RaftServerConfigKeys (ConfUtils.java:logGet(44)) - raft.server.storage.dir = [/home/runner/work/ozone/ozone/hadoop-ozone/integration-test/target/test-dir/MiniOzoneClusterImpl-6216e668-73b2-4868-9d6f-465a6cf4cf6e/datanode-0/data/ratis] (custom)
2022-03-07 10:45:23,489 [pool-150-thread-1] INFO  server.RaftServerConfigKeys (ConfUtils.java:logGet(44)) - raft.server.log.corruption.policy = EXCEPTION (default)
2022-03-07 10:45:23,489 [pool-150-thread-1] INFO  server.RaftServerConfigKeys (ConfUtils.java:logGet(44)) - raft.server.storage.free-space.min = 0MB (=0) (default)
2022-03-07 10:45:23,490 [pool-150-thread-1] INFO  storage.RaftStorageDirectory (RaftStorageDirectoryImpl.java:analyzeStorage(135)) - The storage directory /home/runner/work/ozone/ozone/hadoop-ozone/integration-test/target/test-dir/MiniOzoneClusterImpl-6216e668-73b2-4868-9d6f-465a6cf4cf6e/datanode-0/data/ratis/f7e90688-035f-4d00-acd5-ee28e507cb31 does not exist. Creating ...
2022-03-07 10:45:23,491 [pool-150-thread-1] INFO  storage.RaftStorageDirectory (RaftStorageDirectoryImpl.java:tryLock(230)) - Lock on /home/runner/work/ozone/ozone/hadoop-ozone/integration-test/target/test-dir/MiniOzoneClusterImpl-6216e668-73b2-4868-9d6f-465a6cf4cf6e/datanode-0/data/ratis/f7e90688-035f-4d00-acd5-ee28e507cb31/in_use.lock acquired by nodename 21425@fv-az59-81
2022-03-07 10:45:23,492 [pool-150-thread-1] INFO  storage.RaftStorage (RaftStorageImpl.java:format(89)) - Storage directory /home/runner/work/ozone/ozone/hadoop-ozone/integration-test/target/test-dir/MiniOzoneClusterImpl-6216e668-73b2-4868-9d6f-465a6cf4cf6e/datanode-0/data/ratis/f7e90688-035f-4d00-acd5-ee28e507cb31 has been successfully formatted.
2022-03-07 10:45:23,505 [pool-150-thread-1] INFO  ratis.ContainerStateMachine (ContainerStateMachine.java:loadSnapshot(236)) - group-EE28E507CB31: The snapshot info is null. Setting the last applied indexto:(t:0, i:~)
2022-03-07 10:45:23,505 [pool-150-thread-1] INFO  server.RaftServerConfigKeys (ConfUtils.java:logGet(44)) - raft.server.notification.no-leader.timeout = 300s (custom)
2022-03-07 10:45:23,505 [pool-150-thread-1] INFO  server.RaftServerConfigKeys (ConfUtils.java:logGet(44)) - raft.server.log.use.memory = false (default)
2022-03-07 10:45:23,505 [pool-150-thread-1] INFO  server.RaftServerConfigKeys (ConfUtils.java:logGet(44)) - raft.server.log.purge.gap = 1000000 (custom)
2022-03-07 10:45:23,506 [pool-150-thread-1] INFO  server.RaftServerConfigKeys (ConfUtils.java:logGet(44)) - raft.server.log.appender.buffer.byte-limit = 33554432 (custom)
2022-03-07 10:45:23,506 [pool-150-thread-1] INFO  server.RaftServerConfigKeys (ConfUtils.java:logGet(44)) - raft.server.log.segment.size.max = 1048576 (custom)
2022-03-07 10:45:23,506 [pool-150-thread-1] INFO  server.RaftServerConfigKeys (ConfUtils.java:logGet(44)) - raft.server.log.segment.cache.num.max = 2 (custom)
2022-03-07 10:45:23,506 [pool-150-thread-1] INFO  server.RaftServerConfigKeys (ConfUtils.java:logGet(44)) - raft.server.log.segment.cache.size.max = 200MB (=209715200) (default)
2022-03-07 10:45:23,506 [pool-150-thread-1] INFO  segmented.SegmentedRaftLogWorker (SegmentedRaftLogWorker.java:<init>(182)) - new f24af16f-2d45-4c53-94ff-fd2a7b172da9@group-EE28E507CB31-SegmentedRaftLogWorker for RaftStorageImpl:Storage Directory /home/runner/work/ozone/ozone/hadoop-ozone/integration-test/target/test-dir/MiniOzoneClusterImpl-6216e668-73b2-4868-9d6f-465a6cf4cf6e/datanode-0/data/ratis/f7e90688-035f-4d00-acd5-ee28e507cb31
2022-03-07 10:45:23,507 [pool-150-thread-1] INFO  server.RaftServerConfigKeys (ConfUtils.java:logGet(44)) - raft.server.log.queue.byte-limit = 4294967296 (custom)
2022-03-07 10:45:23,507 [pool-150-thread-1] INFO  server.RaftServerConfigKeys (ConfUtils.java:logGet(44)) - raft.server.log.queue.element-limit = 1024 (custom)
2022-03-07 10:45:23,507 [pool-150-thread-1] INFO  server.RaftServerConfigKeys (ConfUtils.java:logGet(44)) - raft.server.log.segment.size.max = 1048576 (custom)
2022-03-07 10:45:23,507 [pool-150-thread-1] INFO  server.RaftServerConfigKeys (ConfUtils.java:logGet(44)) - raft.server.log.preallocated.size = 16384 (custom)
2022-03-07 10:45:23,507 [pool-150-thread-1] INFO  server.RaftServerConfigKeys (ConfUtils.java:logGet(44)) - raft.server.log.force.sync.num = 128 (default)
2022-03-07 10:45:23,507 [pool-150-thread-1] INFO  server.RaftServerConfigKeys (ConfUtils.java:logGet(44)) - raft.server.log.statemachine.data.sync = true (default)
2022-03-07 10:45:23,507 [pool-150-thread-1] INFO  server.RaftServerConfigKeys (ConfUtils.java:logGet(44)) - raft.server.log.statemachine.data.sync.timeout = 10s (default)
2022-03-07 10:45:23,507 [pool-150-thread-1] INFO  server.RaftServerConfigKeys (ConfUtils.java:logGet(44)) - raft.server.log.statemachine.data.sync.timeout.retry = -1 (default)
2022-03-07 10:45:23,508 [pool-150-thread-1] INFO  server.RaftServerConfigKeys (ConfUtils.java:logGet(44)) - raft.server.log.write.buffer.size = 1048576 (custom)
2022-03-07 10:45:23,520 [pool-150-thread-1] INFO  server.RaftServerConfigKeys (ConfUtils.java:logGet(44)) - raft.server.log.statemachine.data.caching.enabled = true (custom)
2022-03-07 10:45:23,520 [pool-150-thread-1] INFO  segmented.SegmentedRaftLogWorker (SegmentedRaftLogWorker.java:lambda$new$0(133)) - f24af16f-2d45-4c53-94ff-fd2a7b172da9@group-EE28E507CB31-SegmentedRaftLogWorker: flushIndex: setUnconditionally 0 -> -1
2022-03-07 10:45:23,520 [pool-150-thread-1] INFO  segmented.SegmentedRaftLogWorker (SegmentedRaftLogWorker.java:lambda$new$0(133)) - f24af16f-2d45-4c53-94ff-fd2a7b172da9@group-EE28E507CB31-SegmentedRaftLogWorker: safeCacheEvictIndex: setUnconditionally 0 -> -1
2022-03-07 10:45:23,530 [EventQueue-PipelineReportForPipelineReportHandler] INFO  pipeline.PipelineManagerImpl (PipelineManagerImpl.java:openPipeline(291)) - Pipeline Pipeline[ Id: f7e90688-035f-4d00-acd5-ee28e507cb31, Nodes: f24af16f-2d45-4c53-94ff-fd2a7b172da9{ip: 10.1.0.23, host: fv-az59-81.csjynl4pkq3e1pkirw3ssqjfoh.cx.internal.cloudapp.net, ports: [REPLICATION=41117, RATIS=46799, RATIS_ADMIN=46799, RATIS_SERVER=46799, STANDALONE=34285], networkLocation: /default-rack, certSerialId: null, persistedOpState: IN_SERVICE, persistedOpStateExpiryEpochSec: 0}, ReplicationConfig: RATIS/ONE, State:ALLOCATED, leaderId:f24af16f-2d45-4c53-94ff-fd2a7b172da9, CreationTimestamp2022-03-07T10:45:20.471Z[Etc/UTC]] moved to OPEN state
2022-03-07 10:45:23,532 [pool-150-thread-1] INFO  server.RaftServerConfigKeys (ConfUtils.java:logGet(44)) - raft.server.snapshot.auto.trigger.enabled = true (custom)
2022-03-07 10:45:23,532 [pool-150-thread-1] INFO  server.RaftServerConfigKeys (ConfUtils.java:logGet(44)) - raft.server.snapshot.auto.trigger.threshold = 10000 (custom)
2022-03-07 10:45:23,532 [pool-150-thread-1] INFO  server.RaftServerConfigKeys (ConfUtils.java:logGet(44)) - raft.server.snapshot.retention.file.num = 5 (custom)
2022-03-07 10:45:23,532 [pool-150-thread-1] INFO  server.RaftServerConfigKeys (ConfUtils.java:logGet(44)) - raft.server.log.purge.upto.snapshot.index = false (default)
2022-03-07 10:45:23,532 [pool-150-thread-1] INFO  server.RaftServerConfigKeys (ConfUtils.java:logGet(44)) - raft.server.retrycache.expirytime = 600000ms (custom)
2022-03-07 10:45:23,532 [pool-150-thread-1] INFO  server.RaftServerConfigKeys (ConfUtils.java:logGet(44)) - raft.server.retrycache.statistics.expirytime = 100μs (default)
2022-03-07 10:45:23,534 [pool-150-thread-1] INFO  server.RaftServer$Division (RaftServerImpl.java:start(301)) - f24af16f-2d45-4c53-94ff-fd2a7b172da9@group-EE28E507CB31: start as a follower, conf=-1: [f24af16f-2d45-4c53-94ff-fd2a7b172da9|rpc:10.1.0.23:46799|priority:1], old=null
2022-03-07 10:45:23,534 [pool-150-thread-1] INFO  server.RaftServer$Division (RaftServerImpl.java:setRole(290)) - f24af16f-2d45-4c53-94ff-fd2a7b172da9@group-EE28E507CB31: changes role from      null to FOLLOWER at term 0 for startAsFollower
2022-03-07 10:45:23,534 [pool-150-thread-1] INFO  impl.RoleInfo (RoleInfo.java:updateAndGet(130)) - f24af16f-2d45-4c53-94ff-fd2a7b172da9: start f24af16f-2d45-4c53-94ff-fd2a7b172da9@group-EE28E507CB31-FollowerState
2022-03-07 10:45:23,534 [pool-150-thread-1] INFO  util.JmxRegister (JmxRegister.java:tryRegister(44)) - Successfully registered JMX Bean with object name Ratis:service=RaftServer,group=group-EE28E507CB31,id=f24af16f-2d45-4c53-94ff-fd2a7b172da9
2022-03-07 10:45:23,538 [Command processor thread] INFO  ratis.XceiverServerRatis (XceiverServerRatis.java:addGroup(769)) - Created group PipelineID=f7e90688-035f-4d00-acd5-ee28e507cb31
2022-03-07 10:45:23,539 [Command processor thread] INFO  commandhandler.CreatePipelineCommandHandler (CreatePipelineCommandHandler.java:handle(106)) - Created Pipeline RATIS ONE PipelineID=f7e90688-035f-4d00-acd5-ee28e507cb31.
2022-03-07 10:45:23,539 [Command processor thread] INFO  server.RaftServer (RaftServerProxy.java:addNew(95)) - f24af16f-2d45-4c53-94ff-fd2a7b172da9: addNew group-36BAB0EB5D8E:[87b6de07-8797-4cbf-b451-3e4ee2b0e0ce|rpc:10.1.0.23:33427|priority:0, 52f36989-14f1-4f78-bbcf-b5a9e40c92fe|rpc:10.1.0.23:36491|priority:1, f24af16f-2d45-4c53-94ff-fd2a7b172da9|rpc:10.1.0.23:46799|priority:0] returns group-36BAB0EB5D8E:java.util.concurrent.CompletableFuture@4ead7f04[Not completed]
2022-03-07 10:45:23,542 [8cdc92c8-e5a2-4182-899c-4bf352b29a2f@group-465A6CF4CF6E-StateMachineUpdater] INFO  safemode.HealthyPipelineSafeModeRule (HealthyPipelineSafeModeRule.java:initializeRule(152)) - Refreshed total pipeline count is 0, healthy pipeline threshold count is 1
2022-03-07 10:45:23,545 [EventQueue-OpenPipelineForHealthyPipelineSafeModeRule] INFO  safemode.SCMSafeModeManager (HealthyPipelineSafeModeRule.java:process(124)) - SCM in safe mode. Healthy pipelines reported count is 0, required healthy pipeline reported count is 1
2022-03-07 10:45:23,546 [pool-150-thread-1] INFO  server.RaftServer$Division (RaftServerImpl.java:<init>(184)) - f24af16f-2d45-4c53-94ff-fd2a7b172da9: new RaftServerImpl for group-36BAB0EB5D8E:[87b6de07-8797-4cbf-b451-3e4ee2b0e0ce|rpc:10.1.0.23:33427|priority:0, 52f36989-14f1-4f78-bbcf-b5a9e40c92fe|rpc:10.1.0.23:36491|priority:1, f24af16f-2d45-4c53-94ff-fd2a7b172da9|rpc:10.1.0.23:46799|priority:0] with ContainerStateMachine:uninitialized
2022-03-07 10:45:23,546 [pool-150-thread-1] INFO  server.RaftServerConfigKeys (ConfUtils.java:logGet(44)) - raft.server.rpc.timeout.min = 5s (custom)
2022-03-07 10:45:23,546 [pool-150-thread-1] INFO  server.RaftServerConfigKeys (ConfUtils.java:logGet(44)) - raft.server.rpc.timeout.max = 5200ms (custom)
2022-03-07 10:45:23,546 [pool-150-thread-1] INFO  server.RaftServerConfigKeys (ConfUtils.java:logGet(44)) - raft.server.rpc.sleep.time = 25ms (default)
2022-03-07 10:45:23,546 [pool-150-thread-1] INFO  server.RaftServerConfigKeys (ConfUtils.java:logGet(44)) - raft.server.rpc.slowness.timeout = 300s (custom)
2022-03-07 10:45:23,546 [pool-150-thread-1] INFO  server.RaftServerConfigKeys (ConfUtils.java:logGet(44)) - raft.server.leaderelection.leader.step-down.wait-time = 10s (default)
2022-03-07 10:45:23,546 [pool-150-thread-1] INFO  server.RaftServerConfigKeys (ConfUtils.java:logGet(44)) - raft.server.sleep.deviation.threshold = 300ms (default)
2022-03-07 10:45:23,546 [pool-150-thread-1] INFO  server.RaftServerConfigKeys (ConfUtils.java:logGet(44)) - raft.server.log.appender.install.snapshot.enabled = false (custom)
2022-03-07 10:45:23,546 [pool-150-thread-1] INFO  server.RaftServer$Division (ServerState.java:<init>(105)) - f24af16f-2d45-4c53-94ff-fd2a7b172da9@group-36BAB0EB5D8E: ConfigurationManager, init=-1: [87b6de07-8797-4cbf-b451-3e4ee2b0e0ce|rpc:10.1.0.23:33427|priority:0, 52f36989-14f1-4f78-bbcf-b5a9e40c92fe|rpc:10.1.0.23:36491|priority:1, f24af16f-2d45-4c53-94ff-fd2a7b172da9|rpc:10.1.0.23:46799|priority:0], old=null, confs=<EMPTY_MAP>
2022-03-07 10:45:23,546 [pool-150-thread-1] INFO  server.RaftServerConfigKeys (ConfUtils.java:logGet(44)) - raft.server.storage.dir = [/home/runner/work/ozone/ozone/hadoop-ozone/integration-test/target/test-dir/MiniOzoneClusterImpl-6216e668-73b2-4868-9d6f-465a6cf4cf6e/datanode-0/data/ratis] (custom)
2022-03-07 10:45:23,546 [pool-150-thread-1] INFO  server.RaftServerConfigKeys (ConfUtils.java:logGet(44)) - raft.server.log.corruption.policy = EXCEPTION (default)
2022-03-07 10:45:23,546 [pool-150-thread-1] INFO  server.RaftServerConfigKeys (ConfUtils.java:logGet(44)) - raft.server.storage.free-space.min = 0MB (=0) (default)
2022-03-07 10:45:23,546 [pool-150-thread-1] INFO  storage.RaftStorageDirectory (RaftStorageDirectoryImpl.java:analyzeStorage(135)) - The storage directory /home/runner/work/ozone/ozone/hadoop-ozone/integration-test/target/test-dir/MiniOzoneClusterImpl-6216e668-73b2-4868-9d6f-465a6cf4cf6e/datanode-0/data/ratis/68bae65b-948e-4761-b77a-36bab0eb5d8e does not exist. Creating ...
2022-03-07 10:45:23,548 [pool-150-thread-1] INFO  storage.RaftStorageDirectory (RaftStorageDirectoryImpl.java:tryLock(230)) - Lock on /home/runner/work/ozone/ozone/hadoop-ozone/integration-test/target/test-dir/MiniOzoneClusterImpl-6216e668-73b2-4868-9d6f-465a6cf4cf6e/datanode-0/data/ratis/68bae65b-948e-4761-b77a-36bab0eb5d8e/in_use.lock acquired by nodename 21425@fv-az59-81
2022-03-07 10:45:23,549 [pool-150-thread-1] INFO  storage.RaftStorage (RaftStorageImpl.java:format(89)) - Storage directory /home/runner/work/ozone/ozone/hadoop-ozone/integration-test/target/test-dir/MiniOzoneClusterImpl-6216e668-73b2-4868-9d6f-465a6cf4cf6e/datanode-0/data/ratis/68bae65b-948e-4761-b77a-36bab0eb5d8e has been successfully formatted.
2022-03-07 10:45:23,549 [pool-150-thread-1] INFO  ratis.ContainerStateMachine (ContainerStateMachine.java:loadSnapshot(236)) - group-36BAB0EB5D8E: The snapshot info is null. Setting the last applied indexto:(t:0, i:~)
2022-03-07 10:45:23,550 [pool-150-thread-1] INFO  server.RaftServerConfigKeys (ConfUtils.java:logGet(44)) - raft.server.notification.no-leader.timeout = 300s (custom)
2022-03-07 10:45:23,550 [pool-150-thread-1] INFO  server.RaftServerConfigKeys (ConfUtils.java:logGet(44)) - raft.server.log.use.memory = false (default)
2022-03-07 10:45:23,550 [pool-150-thread-1] INFO  server.RaftServerConfigKeys (ConfUtils.java:logGet(44)) - raft.server.log.purge.gap = 1000000 (custom)
2022-03-07 10:45:23,550 [pool-150-thread-1] INFO  server.RaftServerConfigKeys (ConfUtils.java:logGet(44)) - raft.server.log.appender.buffer.byte-limit = 33554432 (custom)
2022-03-07 10:45:23,550 [pool-150-thread-1] INFO  server.RaftServerConfigKeys (ConfUtils.java:logGet(44)) - raft.server.log.segment.size.max = 1048576 (custom)
2022-03-07 10:45:23,550 [pool-150-thread-1] INFO  server.RaftServerConfigKeys (ConfUtils.java:logGet(44)) - raft.server.log.segment.cache.num.max = 2 (custom)
2022-03-07 10:45:23,550 [pool-150-thread-1] INFO  server.RaftServerConfigKeys (ConfUtils.java:logGet(44)) - raft.server.log.segment.cache.size.max = 200MB (=209715200) (default)
2022-03-07 10:45:23,550 [pool-150-thread-1] INFO  segmented.SegmentedRaftLogWorker (SegmentedRaftLogWorker.java:<init>(182)) - new f24af16f-2d45-4c53-94ff-fd2a7b172da9@group-36BAB0EB5D8E-SegmentedRaftLogWorker for RaftStorageImpl:Storage Directory /home/runner/work/ozone/ozone/hadoop-ozone/integration-test/target/test-dir/MiniOzoneClusterImpl-6216e668-73b2-4868-9d6f-465a6cf4cf6e/datanode-0/data/ratis/68bae65b-948e-4761-b77a-36bab0eb5d8e
2022-03-07 10:45:23,550 [pool-150-thread-1] INFO  server.RaftServerConfigKeys (ConfUtils.java:logGet(44)) - raft.server.log.queue.byte-limit = 4294967296 (custom)
2022-03-07 10:45:23,550 [pool-150-thread-1] INFO  server.RaftServerConfigKeys (ConfUtils.java:logGet(44)) - raft.server.log.queue.element-limit = 1024 (custom)
2022-03-07 10:45:23,551 [pool-150-thread-1] INFO  server.RaftServerConfigKeys (ConfUtils.java:logGet(44)) - raft.server.log.segment.size.max = 1048576 (custom)
2022-03-07 10:45:23,551 [pool-150-thread-1] INFO  server.RaftServerConfigKeys (ConfUtils.java:logGet(44)) - raft.server.log.preallocated.size = 16384 (custom)
2022-03-07 10:45:23,551 [pool-150-thread-1] INFO  server.RaftServerConfigKeys (ConfUtils.java:logGet(44)) - raft.server.log.force.sync.num = 128 (default)
2022-03-07 10:45:23,551 [pool-150-thread-1] INFO  server.RaftServerConfigKeys (ConfUtils.java:logGet(44)) - raft.server.log.statemachine.data.sync = true (default)
2022-03-07 10:45:23,551 [pool-150-thread-1] INFO  server.RaftServerConfigKeys (ConfUtils.java:logGet(44)) - raft.server.log.statemachine.data.sync.timeout = 10s (default)
2022-03-07 10:45:23,551 [pool-150-thread-1] INFO  server.RaftServerConfigKeys (ConfUtils.java:logGet(44)) - raft.server.log.statemachine.data.sync.timeout.retry = -1 (default)
2022-03-07 10:45:23,552 [pool-150-thread-1] INFO  server.RaftServerConfigKeys (ConfUtils.java:logGet(44)) - raft.server.log.write.buffer.size = 1048576 (custom)
2022-03-07 10:45:23,553 [pool-150-thread-1] INFO  server.RaftServerConfigKeys (ConfUtils.java:logGet(44)) - raft.server.log.statemachine.data.caching.enabled = true (custom)
2022-03-07 10:45:23,554 [EventQueue-OpenPipelineForHealthyPipelineSafeModeRule] INFO  safemode.SCMSafeModeManager (HealthyPipelineSafeModeRule.java:process(124)) - SCM in safe mode. Healthy pipelines reported count is 0, required healthy pipeline reported count is 1
2022-03-07 10:45:23,558 [pool-150-thread-1] INFO  segmented.SegmentedRaftLogWorker (SegmentedRaftLogWorker.java:lambda$new$0(133)) - f24af16f-2d45-4c53-94ff-fd2a7b172da9@group-36BAB0EB5D8E-SegmentedRaftLogWorker: flushIndex: setUnconditionally 0 -> -1
2022-03-07 10:45:23,559 [pool-150-thread-1] INFO  segmented.SegmentedRaftLogWorker (SegmentedRaftLogWorker.java:lambda$new$0(133)) - f24af16f-2d45-4c53-94ff-fd2a7b172da9@group-36BAB0EB5D8E-SegmentedRaftLogWorker: safeCacheEvictIndex: setUnconditionally 0 -> -1
2022-03-07 10:45:23,559 [pool-150-thread-1] INFO  server.RaftServerConfigKeys (ConfUtils.java:logGet(44)) - raft.server.snapshot.auto.trigger.enabled = true (custom)
2022-03-07 10:45:23,559 [pool-150-thread-1] INFO  server.RaftServerConfigKeys (ConfUtils.java:logGet(44)) - raft.server.snapshot.auto.trigger.threshold = 10000 (custom)
2022-03-07 10:45:23,559 [pool-150-thread-1] INFO  server.RaftServerConfigKeys (ConfUtils.java:logGet(44)) - raft.server.snapshot.retention.file.num = 5 (custom)
2022-03-07 10:45:23,559 [pool-150-thread-1] INFO  server.RaftServerConfigKeys (ConfUtils.java:logGet(44)) - raft.server.log.purge.upto.snapshot.index = false (default)
2022-03-07 10:45:23,560 [pool-150-thread-1] INFO  server.RaftServerConfigKeys (ConfUtils.java:logGet(44)) - raft.server.retrycache.expirytime = 600000ms (custom)
2022-03-07 10:45:23,560 [pool-150-thread-1] INFO  server.RaftServerConfigKeys (ConfUtils.java:logGet(44)) - raft.server.retrycache.statistics.expirytime = 100μs (default)
2022-03-07 10:45:23,565 [pool-150-thread-1] INFO  server.RaftServer$Division (RaftServerImpl.java:start(301)) - f24af16f-2d45-4c53-94ff-fd2a7b172da9@group-36BAB0EB5D8E: start as a follower, conf=-1: [87b6de07-8797-4cbf-b451-3e4ee2b0e0ce|rpc:10.1.0.23:33427|priority:0, 52f36989-14f1-4f78-bbcf-b5a9e40c92fe|rpc:10.1.0.23:36491|priority:1, f24af16f-2d45-4c53-94ff-fd2a7b172da9|rpc:10.1.0.23:46799|priority:0], old=null
2022-03-07 10:45:23,565 [pool-150-thread-1] INFO  server.RaftServer$Division (RaftServerImpl.java:setRole(290)) - f24af16f-2d45-4c53-94ff-fd2a7b172da9@group-36BAB0EB5D8E: changes role from      null to FOLLOWER at term 0 for startAsFollower
2022-03-07 10:45:23,565 [pool-150-thread-1] INFO  impl.RoleInfo (RoleInfo.java:updateAndGet(130)) - f24af16f-2d45-4c53-94ff-fd2a7b172da9: start f24af16f-2d45-4c53-94ff-fd2a7b172da9@group-36BAB0EB5D8E-FollowerState
2022-03-07 10:45:23,568 [pool-150-thread-1] INFO  util.JmxRegister (JmxRegister.java:tryRegister(44)) - Successfully registered JMX Bean with object name Ratis:service=RaftServer,group=group-36BAB0EB5D8E,id=f24af16f-2d45-4c53-94ff-fd2a7b172da9
2022-03-07 10:45:23,572 [Command processor thread] INFO  ratis.XceiverServerRatis (XceiverServerRatis.java:addGroup(769)) - Created group PipelineID=68bae65b-948e-4761-b77a-36bab0eb5d8e
2022-03-07 10:45:23,730 [Command processor thread] INFO  server.RaftServer (RaftServerProxy.java:addNew(95)) - 87b6de07-8797-4cbf-b451-3e4ee2b0e0ce: addNew group-7650FA64E760:[87b6de07-8797-4cbf-b451-3e4ee2b0e0ce|rpc:10.1.0.23:33427|priority:1] returns group-7650FA64E760:java.util.concurrent.CompletableFuture@103f6da0[Not completed]
2022-03-07 10:45:23,740 [pool-171-thread-1] INFO  server.RaftServer$Division (RaftServerImpl.java:<init>(184)) - 87b6de07-8797-4cbf-b451-3e4ee2b0e0ce: new RaftServerImpl for group-7650FA64E760:[87b6de07-8797-4cbf-b451-3e4ee2b0e0ce|rpc:10.1.0.23:33427|priority:1] with ContainerStateMachine:uninitialized
2022-03-07 10:45:23,740 [pool-171-thread-1] INFO  server.RaftServerConfigKeys (ConfUtils.java:logGet(44)) - raft.server.rpc.timeout.min = 5s (custom)
2022-03-07 10:45:23,740 [pool-171-thread-1] INFO  server.RaftServerConfigKeys (ConfUtils.java:logGet(44)) - raft.server.rpc.timeout.max = 5200ms (custom)
2022-03-07 10:45:23,740 [pool-171-thread-1] INFO  server.RaftServerConfigKeys (ConfUtils.java:logGet(44)) - raft.server.rpc.sleep.time = 25ms (default)
2022-03-07 10:45:23,741 [pool-171-thread-1] INFO  server.RaftServerConfigKeys (ConfUtils.java:logGet(44)) - raft.server.rpc.slowness.timeout = 300s (custom)
2022-03-07 10:45:23,741 [pool-171-thread-1] INFO  server.RaftServerConfigKeys (ConfUtils.java:logGet(44)) - raft.server.leaderelection.leader.step-down.wait-time = 10s (default)
2022-03-07 10:45:23,741 [pool-171-thread-1] INFO  server.RaftServerConfigKeys (ConfUtils.java:logGet(44)) - raft.server.sleep.deviation.threshold = 300ms (default)
2022-03-07 10:45:23,741 [pool-171-thread-1] INFO  server.RaftServerConfigKeys (ConfUtils.java:logGet(44)) - raft.server.log.appender.install.snapshot.enabled = false (custom)
2022-03-07 10:45:23,741 [pool-171-thread-1] INFO  server.RaftServer$Division (ServerState.java:<init>(105)) - 87b6de07-8797-4cbf-b451-3e4ee2b0e0ce@group-7650FA64E760: ConfigurationManager, init=-1: [87b6de07-8797-4cbf-b451-3e4ee2b0e0ce|rpc:10.1.0.23:33427|priority:1], old=null, confs=<EMPTY_MAP>
2022-03-07 10:45:23,741 [pool-171-thread-1] INFO  server.RaftServerConfigKeys (ConfUtils.java:logGet(44)) - raft.server.storage.dir = [/home/runner/work/ozone/ozone/hadoop-ozone/integration-test/target/test-dir/MiniOzoneClusterImpl-6216e668-73b2-4868-9d6f-465a6cf4cf6e/datanode-1/data/ratis] (custom)
2022-03-07 10:45:23,741 [pool-171-thread-1] INFO  server.RaftServerConfigKeys (ConfUtils.java:logGet(44)) - raft.server.log.corruption.policy = EXCEPTION (default)
2022-03-07 10:45:23,741 [pool-171-thread-1] INFO  server.RaftServerConfigKeys (ConfUtils.java:logGet(44)) - raft.server.storage.free-space.min = 0MB (=0) (default)
2022-03-07 10:45:23,741 [pool-171-thread-1] INFO  storage.RaftStorageDirectory (RaftStorageDirectoryImpl.java:analyzeStorage(135)) - The storage directory /home/runner/work/ozone/ozone/hadoop-ozone/integration-test/target/test-dir/MiniOzoneClusterImpl-6216e668-73b2-4868-9d6f-465a6cf4cf6e/datanode-1/data/ratis/024ce651-23bf-4ece-9216-7650fa64e760 does not exist. Creating ...
2022-03-07 10:45:23,742 [pool-171-thread-1] INFO  storage.RaftStorageDirectory (RaftStorageDirectoryImpl.java:tryLock(230)) - Lock on /home/runner/work/ozone/ozone/hadoop-ozone/integration-test/target/test-dir/MiniOzoneClusterImpl-6216e668-73b2-4868-9d6f-465a6cf4cf6e/datanode-1/data/ratis/024ce651-23bf-4ece-9216-7650fa64e760/in_use.lock acquired by nodename 21425@fv-az59-81
2022-03-07 10:45:23,744 [pool-171-thread-1] INFO  storage.RaftStorage (RaftStorageImpl.java:format(89)) - Storage directory /home/runner/work/ozone/ozone/hadoop-ozone/integration-test/target/test-dir/MiniOzoneClusterImpl-6216e668-73b2-4868-9d6f-465a6cf4cf6e/datanode-1/data/ratis/024ce651-23bf-4ece-9216-7650fa64e760 has been successfully formatted.
2022-03-07 10:45:23,752 [pool-171-thread-1] INFO  ratis.ContainerStateMachine (ContainerStateMachine.java:loadSnapshot(236)) - group-7650FA64E760: The snapshot info is null. Setting the last applied indexto:(t:0, i:~)
2022-03-07 10:45:23,753 [pool-171-thread-1] INFO  server.RaftServerConfigKeys (ConfUtils.java:logGet(44)) - raft.server.notification.no-leader.timeout = 300s (custom)
2022-03-07 10:45:23,753 [pool-171-thread-1] INFO  server.RaftServerConfigKeys (ConfUtils.java:logGet(44)) - raft.server.log.use.memory = false (default)
2022-03-07 10:45:23,753 [pool-171-thread-1] INFO  server.RaftServerConfigKeys (ConfUtils.java:logGet(44)) - raft.server.log.purge.gap = 1000000 (custom)
2022-03-07 10:45:23,753 [pool-171-thread-1] INFO  server.RaftServerConfigKeys (ConfUtils.java:logGet(44)) - raft.server.log.appender.buffer.byte-limit = 33554432 (custom)
2022-03-07 10:45:23,753 [pool-171-thread-1] INFO  server.RaftServerConfigKeys (ConfUtils.java:logGet(44)) - raft.server.log.segment.size.max = 1048576 (custom)
2022-03-07 10:45:23,755 [pool-171-thread-1] INFO  server.RaftServerConfigKeys (ConfUtils.java:logGet(44)) - raft.server.log.segment.cache.num.max = 2 (custom)
2022-03-07 10:45:23,756 [pool-171-thread-1] INFO  server.RaftServerConfigKeys (ConfUtils.java:logGet(44)) - raft.server.log.segment.cache.size.max = 200MB (=209715200) (default)
2022-03-07 10:45:23,756 [pool-171-thread-1] INFO  segmented.SegmentedRaftLogWorker (SegmentedRaftLogWorker.java:<init>(182)) - new 87b6de07-8797-4cbf-b451-3e4ee2b0e0ce@group-7650FA64E760-SegmentedRaftLogWorker for RaftStorageImpl:Storage Directory /home/runner/work/ozone/ozone/hadoop-ozone/integration-test/target/test-dir/MiniOzoneClusterImpl-6216e668-73b2-4868-9d6f-465a6cf4cf6e/datanode-1/data/ratis/024ce651-23bf-4ece-9216-7650fa64e760
2022-03-07 10:45:23,756 [pool-171-thread-1] INFO  server.RaftServerConfigKeys (ConfUtils.java:logGet(44)) - raft.server.log.queue.byte-limit = 4294967296 (custom)
2022-03-07 10:45:23,756 [pool-171-thread-1] INFO  server.RaftServerConfigKeys (ConfUtils.java:logGet(44)) - raft.server.log.queue.element-limit = 1024 (custom)
2022-03-07 10:45:23,756 [pool-171-thread-1] INFO  server.RaftServerConfigKeys (ConfUtils.java:logGet(44)) - raft.server.log.segment.size.max = 1048576 (custom)
2022-03-07 10:45:23,756 [pool-171-thread-1] INFO  server.RaftServerConfigKeys (ConfUtils.java:logGet(44)) - raft.server.log.preallocated.size = 16384 (custom)
2022-03-07 10:45:23,756 [pool-171-thread-1] INFO  server.RaftServerConfigKeys (ConfUtils.java:logGet(44)) - raft.server.log.force.sync.num = 128 (default)
2022-03-07 10:45:23,756 [pool-171-thread-1] INFO  server.RaftServerConfigKeys (ConfUtils.java:logGet(44)) - raft.server.log.statemachine.data.sync = true (default)
2022-03-07 10:45:23,756 [pool-171-thread-1] INFO  server.RaftServerConfigKeys (ConfUtils.java:logGet(44)) - raft.server.log.statemachine.data.sync.timeout = 10s (default)
2022-03-07 10:45:23,756 [pool-171-thread-1] INFO  server.RaftServerConfigKeys (ConfUtils.java:logGet(44)) - raft.server.log.statemachine.data.sync.timeout.retry = -1 (default)
2022-03-07 10:45:23,757 [pool-171-thread-1] INFO  server.RaftServerConfigKeys (ConfUtils.java:logGet(44)) - raft.server.log.write.buffer.size = 1048576 (custom)
2022-03-07 10:45:23,758 [pool-171-thread-1] INFO  server.RaftServerConfigKeys (ConfUtils.java:logGet(44)) - raft.server.log.statemachine.data.caching.enabled = true (custom)
2022-03-07 10:45:23,758 [pool-171-thread-1] INFO  segmented.SegmentedRaftLogWorker (SegmentedRaftLogWorker.java:lambda$new$0(133)) - 87b6de07-8797-4cbf-b451-3e4ee2b0e0ce@group-7650FA64E760-SegmentedRaftLogWorker: flushIndex: setUnconditionally 0 -> -1
2022-03-07 10:45:23,758 [pool-171-thread-1] INFO  segmented.SegmentedRaftLogWorker (SegmentedRaftLogWorker.java:lambda$new$0(133)) - 87b6de07-8797-4cbf-b451-3e4ee2b0e0ce@group-7650FA64E760-SegmentedRaftLogWorker: safeCacheEvictIndex: setUnconditionally 0 -> -1
2022-03-07 10:45:23,770 [pool-171-thread-1] INFO  server.RaftServerConfigKeys (ConfUtils.java:logGet(44)) - raft.server.snapshot.auto.trigger.enabled = true (custom)
2022-03-07 10:45:23,770 [pool-171-thread-1] INFO  server.RaftServerConfigKeys (ConfUtils.java:logGet(44)) - raft.server.snapshot.auto.trigger.threshold = 10000 (custom)
2022-03-07 10:45:23,770 [pool-171-thread-1] INFO  server.RaftServerConfigKeys (ConfUtils.java:logGet(44)) - raft.server.snapshot.retention.file.num = 5 (custom)
2022-03-07 10:45:23,770 [pool-171-thread-1] INFO  server.RaftServerConfigKeys (ConfUtils.java:logGet(44)) - raft.server.log.purge.upto.snapshot.index = false (default)
2022-03-07 10:45:23,770 [pool-171-thread-1] INFO  server.RaftServerConfigKeys (ConfUtils.java:logGet(44)) - raft.server.retrycache.expirytime = 600000ms (custom)
2022-03-07 10:45:23,770 [pool-171-thread-1] INFO  server.RaftServerConfigKeys (ConfUtils.java:logGet(44)) - raft.server.retrycache.statistics.expirytime = 100μs (default)
2022-03-07 10:45:23,771 [EventQueue-PipelineReportForPipelineReportHandler] INFO  pipeline.PipelineManagerImpl (PipelineManagerImpl.java:openPipeline(291)) - Pipeline Pipeline[ Id: 024ce651-23bf-4ece-9216-7650fa64e760, Nodes: 87b6de07-8797-4cbf-b451-3e4ee2b0e0ce{ip: 10.1.0.23, host: fv-az59-81.csjynl4pkq3e1pkirw3ssqjfoh.cx.internal.cloudapp.net, ports: [REPLICATION=36947, RATIS=33427, RATIS_ADMIN=33427, RATIS_SERVER=33427, STANDALONE=45343], networkLocation: /default-rack, certSerialId: null, persistedOpState: IN_SERVICE, persistedOpStateExpiryEpochSec: 0}, ReplicationConfig: RATIS/ONE, State:ALLOCATED, leaderId:87b6de07-8797-4cbf-b451-3e4ee2b0e0ce, CreationTimestamp2022-03-07T10:45:20.737Z[Etc/UTC]] moved to OPEN state
2022-03-07 10:45:23,772 [pool-171-thread-1] INFO  server.RaftServer$Division (RaftServerImpl.java:start(301)) - 87b6de07-8797-4cbf-b451-3e4ee2b0e0ce@group-7650FA64E760: start as a follower, conf=-1: [87b6de07-8797-4cbf-b451-3e4ee2b0e0ce|rpc:10.1.0.23:33427|priority:1], old=null
2022-03-07 10:45:23,772 [pool-171-thread-1] INFO  server.RaftServer$Division (RaftServerImpl.java:setRole(290)) - 87b6de07-8797-4cbf-b451-3e4ee2b0e0ce@group-7650FA64E760: changes role from      null to FOLLOWER at term 0 for startAsFollower
2022-03-07 10:45:23,772 [pool-171-thread-1] INFO  impl.RoleInfo (RoleInfo.java:updateAndGet(130)) - 87b6de07-8797-4cbf-b451-3e4ee2b0e0ce: start 87b6de07-8797-4cbf-b451-3e4ee2b0e0ce@group-7650FA64E760-FollowerState
2022-03-07 10:45:23,773 [pool-171-thread-1] INFO  util.JmxRegister (JmxRegister.java:tryRegister(44)) - Successfully registered JMX Bean with object name Ratis:service=RaftServer,group=group-7650FA64E760,id=87b6de07-8797-4cbf-b451-3e4ee2b0e0ce
2022-03-07 10:45:23,774 [Command processor thread] INFO  ratis.XceiverServerRatis (XceiverServerRatis.java:addGroup(769)) - Created group PipelineID=024ce651-23bf-4ece-9216-7650fa64e760
2022-03-07 10:45:23,774 [8cdc92c8-e5a2-4182-899c-4bf352b29a2f@group-465A6CF4CF6E-StateMachineUpdater] INFO  safemode.HealthyPipelineSafeModeRule (HealthyPipelineSafeModeRule.java:initializeRule(152)) - Refreshed total pipeline count is 0, healthy pipeline threshold count is 1
2022-03-07 10:45:23,789 [Command processor thread] INFO  commandhandler.CreatePipelineCommandHandler (CreatePipelineCommandHandler.java:handle(106)) - Created Pipeline RATIS ONE PipelineID=024ce651-23bf-4ece-9216-7650fa64e760.
2022-03-07 10:45:23,794 [Command processor thread] INFO  server.RaftServer (RaftServerProxy.java:addNew(95)) - 87b6de07-8797-4cbf-b451-3e4ee2b0e0ce: addNew group-36BAB0EB5D8E:[87b6de07-8797-4cbf-b451-3e4ee2b0e0ce|rpc:10.1.0.23:33427|priority:0, 52f36989-14f1-4f78-bbcf-b5a9e40c92fe|rpc:10.1.0.23:36491|priority:1, f24af16f-2d45-4c53-94ff-fd2a7b172da9|rpc:10.1.0.23:46799|priority:0] returns group-36BAB0EB5D8E:java.util.concurrent.CompletableFuture@1400fb7f[Not completed]
2022-03-07 10:45:23,796 [pool-171-thread-1] INFO  server.RaftServer$Division (RaftServerImpl.java:<init>(184)) - 87b6de07-8797-4cbf-b451-3e4ee2b0e0ce: new RaftServerImpl for group-36BAB0EB5D8E:[87b6de07-8797-4cbf-b451-3e4ee2b0e0ce|rpc:10.1.0.23:33427|priority:0, 52f36989-14f1-4f78-bbcf-b5a9e40c92fe|rpc:10.1.0.23:36491|priority:1, f24af16f-2d45-4c53-94ff-fd2a7b172da9|rpc:10.1.0.23:46799|priority:0] with ContainerStateMachine:uninitialized
2022-03-07 10:45:23,796 [pool-171-thread-1] INFO  server.RaftServerConfigKeys (ConfUtils.java:logGet(44)) - raft.server.rpc.timeout.min = 5s (custom)
2022-03-07 10:45:23,796 [pool-171-thread-1] INFO  server.RaftServerConfigKeys (ConfUtils.java:logGet(44)) - raft.server.rpc.timeout.max = 5200ms (custom)
2022-03-07 10:45:23,796 [pool-171-thread-1] INFO  server.RaftServerConfigKeys (ConfUtils.java:logGet(44)) - raft.server.rpc.sleep.time = 25ms (default)
2022-03-07 10:45:23,797 [pool-171-thread-1] INFO  server.RaftServerConfigKeys (ConfUtils.java:logGet(44)) - raft.server.rpc.slowness.timeout = 300s (custom)
2022-03-07 10:45:23,797 [pool-171-thread-1] INFO  server.RaftServerConfigKeys (ConfUtils.java:logGet(44)) - raft.server.leaderelection.leader.step-down.wait-time = 10s (default)
2022-03-07 10:45:23,797 [pool-171-thread-1] INFO  server.RaftServerConfigKeys (ConfUtils.java:logGet(44)) - raft.server.sleep.deviation.threshold = 300ms (default)
2022-03-07 10:45:23,797 [pool-171-thread-1] INFO  server.RaftServerConfigKeys (ConfUtils.java:logGet(44)) - raft.server.log.appender.install.snapshot.enabled = false (custom)
2022-03-07 10:45:23,797 [pool-171-thread-1] INFO  server.RaftServer$Division (ServerState.java:<init>(105)) - 87b6de07-8797-4cbf-b451-3e4ee2b0e0ce@group-36BAB0EB5D8E: ConfigurationManager, init=-1: [87b6de07-8797-4cbf-b451-3e4ee2b0e0ce|rpc:10.1.0.23:33427|priority:0, 52f36989-14f1-4f78-bbcf-b5a9e40c92fe|rpc:10.1.0.23:36491|priority:1, f24af16f-2d45-4c53-94ff-fd2a7b172da9|rpc:10.1.0.23:46799|priority:0], old=null, confs=<EMPTY_MAP>
2022-03-07 10:45:23,797 [pool-171-thread-1] INFO  server.RaftServerConfigKeys (ConfUtils.java:logGet(44)) - raft.server.storage.dir = [/home/runner/work/ozone/ozone/hadoop-ozone/integration-test/target/test-dir/MiniOzoneClusterImpl-6216e668-73b2-4868-9d6f-465a6cf4cf6e/datanode-1/data/ratis] (custom)
2022-03-07 10:45:23,797 [pool-171-thread-1] INFO  server.RaftServerConfigKeys (ConfUtils.java:logGet(44)) - raft.server.log.corruption.policy = EXCEPTION (default)
2022-03-07 10:45:23,797 [pool-171-thread-1] INFO  server.RaftServerConfigKeys (ConfUtils.java:logGet(44)) - raft.server.storage.free-space.min = 0MB (=0) (default)
2022-03-07 10:45:23,798 [pool-171-thread-1] INFO  storage.RaftStorageDirectory (RaftStorageDirectoryImpl.java:analyzeStorage(135)) - The storage directory /home/runner/work/ozone/ozone/hadoop-ozone/integration-test/target/test-dir/MiniOzoneClusterImpl-6216e668-73b2-4868-9d6f-465a6cf4cf6e/datanode-1/data/ratis/68bae65b-948e-4761-b77a-36bab0eb5d8e does not exist. Creating ...
2022-03-07 10:45:23,797 [EventQueue-OpenPipelineForHealthyPipelineSafeModeRule] INFO  safemode.SCMSafeModeManager (HealthyPipelineSafeModeRule.java:process(124)) - SCM in safe mode. Healthy pipelines reported count is 0, required healthy pipeline reported count is 1
2022-03-07 10:45:23,801 [pool-171-thread-1] INFO  storage.RaftStorageDirectory (RaftStorageDirectoryImpl.java:tryLock(230)) - Lock on /home/runner/work/ozone/ozone/hadoop-ozone/integration-test/target/test-dir/MiniOzoneClusterImpl-6216e668-73b2-4868-9d6f-465a6cf4cf6e/datanode-1/data/ratis/68bae65b-948e-4761-b77a-36bab0eb5d8e/in_use.lock acquired by nodename 21425@fv-az59-81
2022-03-07 10:45:23,802 [pool-171-thread-1] INFO  storage.RaftStorage (RaftStorageImpl.java:format(89)) - Storage directory /home/runner/work/ozone/ozone/hadoop-ozone/integration-test/target/test-dir/MiniOzoneClusterImpl-6216e668-73b2-4868-9d6f-465a6cf4cf6e/datanode-1/data/ratis/68bae65b-948e-4761-b77a-36bab0eb5d8e has been successfully formatted.
2022-03-07 10:45:23,803 [pool-171-thread-1] INFO  ratis.ContainerStateMachine (ContainerStateMachine.java:loadSnapshot(236)) - group-36BAB0EB5D8E: The snapshot info is null. Setting the last applied indexto:(t:0, i:~)
2022-03-07 10:45:23,808 [pool-171-thread-1] INFO  server.RaftServerConfigKeys (ConfUtils.java:logGet(44)) - raft.server.notification.no-leader.timeout = 300s (custom)
2022-03-07 10:45:23,808 [pool-171-thread-1] INFO  server.RaftServerConfigKeys (ConfUtils.java:logGet(44)) - raft.server.log.use.memory = false (default)
2022-03-07 10:45:23,808 [pool-171-thread-1] INFO  server.RaftServerConfigKeys (ConfUtils.java:logGet(44)) - raft.server.log.purge.gap = 1000000 (custom)
2022-03-07 10:45:23,808 [pool-171-thread-1] INFO  server.RaftServerConfigKeys (ConfUtils.java:logGet(44)) - raft.server.log.appender.buffer.byte-limit = 33554432 (custom)
2022-03-07 10:45:23,809 [pool-171-thread-1] INFO  server.RaftServerConfigKeys (ConfUtils.java:logGet(44)) - raft.server.log.segment.size.max = 1048576 (custom)
2022-03-07 10:45:23,809 [pool-171-thread-1] INFO  server.RaftServerConfigKeys (ConfUtils.java:logGet(44)) - raft.server.log.segment.cache.num.max = 2 (custom)
2022-03-07 10:45:23,809 [pool-171-thread-1] INFO  server.RaftServerConfigKeys (ConfUtils.java:logGet(44)) - raft.server.log.segment.cache.size.max = 200MB (=209715200) (default)
2022-03-07 10:45:23,809 [pool-171-thread-1] INFO  segmented.SegmentedRaftLogWorker (SegmentedRaftLogWorker.java:<init>(182)) - new 87b6de07-8797-4cbf-b451-3e4ee2b0e0ce@group-36BAB0EB5D8E-SegmentedRaftLogWorker for RaftStorageImpl:Storage Directory /home/runner/work/ozone/ozone/hadoop-ozone/integration-test/target/test-dir/MiniOzoneClusterImpl-6216e668-73b2-4868-9d6f-465a6cf4cf6e/datanode-1/data/ratis/68bae65b-948e-4761-b77a-36bab0eb5d8e
2022-03-07 10:45:23,809 [pool-171-thread-1] INFO  server.RaftServerConfigKeys (ConfUtils.java:logGet(44)) - raft.server.log.queue.byte-limit = 4294967296 (custom)
2022-03-07 10:45:23,810 [pool-171-thread-1] INFO  server.RaftServerConfigKeys (ConfUtils.java:logGet(44)) - raft.server.log.queue.element-limit = 1024 (custom)
2022-03-07 10:45:23,810 [pool-171-thread-1] INFO  server.RaftServerConfigKeys (ConfUtils.java:logGet(44)) - raft.server.log.segment.size.max = 1048576 (custom)
2022-03-07 10:45:23,810 [pool-171-thread-1] INFO  server.RaftServerConfigKeys (ConfUtils.java:logGet(44)) - raft.server.log.preallocated.size = 16384 (custom)
2022-03-07 10:45:23,810 [pool-171-thread-1] INFO  server.RaftServerConfigKeys (ConfUtils.java:logGet(44)) - raft.server.log.force.sync.num = 128 (default)
2022-03-07 10:45:23,810 [pool-171-thread-1] INFO  server.RaftServerConfigKeys (ConfUtils.java:logGet(44)) - raft.server.log.statemachine.data.sync = true (default)
2022-03-07 10:45:23,810 [pool-171-thread-1] INFO  server.RaftServerConfigKeys (ConfUtils.java:logGet(44)) - raft.server.log.statemachine.data.sync.timeout = 10s (default)
2022-03-07 10:45:23,810 [pool-171-thread-1] INFO  server.RaftServerConfigKeys (ConfUtils.java:logGet(44)) - raft.server.log.statemachine.data.sync.timeout.retry = -1 (default)
2022-03-07 10:45:23,811 [pool-171-thread-1] INFO  server.RaftServerConfigKeys (ConfUtils.java:logGet(44)) - raft.server.log.write.buffer.size = 1048576 (custom)
2022-03-07 10:45:23,812 [pool-171-thread-1] INFO  server.RaftServerConfigKeys (ConfUtils.java:logGet(44)) - raft.server.log.statemachine.data.caching.enabled = true (custom)
2022-03-07 10:45:23,816 [pool-171-thread-1] INFO  segmented.SegmentedRaftLogWorker (SegmentedRaftLogWorker.java:lambda$new$0(133)) - 87b6de07-8797-4cbf-b451-3e4ee2b0e0ce@group-36BAB0EB5D8E-SegmentedRaftLogWorker: flushIndex: setUnconditionally 0 -> -1
2022-03-07 10:45:23,816 [pool-171-thread-1] INFO  segmented.SegmentedRaftLogWorker (SegmentedRaftLogWorker.java:lambda$new$0(133)) - 87b6de07-8797-4cbf-b451-3e4ee2b0e0ce@group-36BAB0EB5D8E-SegmentedRaftLogWorker: safeCacheEvictIndex: setUnconditionally 0 -> -1
2022-03-07 10:45:23,817 [pool-171-thread-1] INFO  server.RaftServerConfigKeys (ConfUtils.java:logGet(44)) - raft.server.snapshot.auto.trigger.enabled = true (custom)
2022-03-07 10:45:23,817 [pool-171-thread-1] INFO  server.RaftServerConfigKeys (ConfUtils.java:logGet(44)) - raft.server.snapshot.auto.trigger.threshold = 10000 (custom)
2022-03-07 10:45:23,817 [pool-171-thread-1] INFO  server.RaftServerConfigKeys (ConfUtils.java:logGet(44)) - raft.server.snapshot.retention.file.num = 5 (custom)
2022-03-07 10:45:23,817 [pool-171-thread-1] INFO  server.RaftServerConfigKeys (ConfUtils.java:logGet(44)) - raft.server.log.purge.upto.snapshot.index = false (default)
2022-03-07 10:45:23,817 [pool-171-thread-1] INFO  server.RaftServerConfigKeys (ConfUtils.java:logGet(44)) - raft.server.retrycache.expirytime = 600000ms (custom)
2022-03-07 10:45:23,817 [pool-171-thread-1] INFO  server.RaftServerConfigKeys (ConfUtils.java:logGet(44)) - raft.server.retrycache.statistics.expirytime = 100μs (default)
2022-03-07 10:45:23,818 [EventQueue-OpenPipelineForHealthyPipelineSafeModeRule] INFO  safemode.SCMSafeModeManager (HealthyPipelineSafeModeRule.java:process(124)) - SCM in safe mode. Healthy pipelines reported count is 0, required healthy pipeline reported count is 1
2022-03-07 10:45:23,818 [pool-171-thread-1] INFO  server.RaftServer$Division (RaftServerImpl.java:start(301)) - 87b6de07-8797-4cbf-b451-3e4ee2b0e0ce@group-36BAB0EB5D8E: start as a follower, conf=-1: [87b6de07-8797-4cbf-b451-3e4ee2b0e0ce|rpc:10.1.0.23:33427|priority:0, 52f36989-14f1-4f78-bbcf-b5a9e40c92fe|rpc:10.1.0.23:36491|priority:1, f24af16f-2d45-4c53-94ff-fd2a7b172da9|rpc:10.1.0.23:46799|priority:0], old=null
2022-03-07 10:45:23,818 [pool-171-thread-1] INFO  server.RaftServer$Division (RaftServerImpl.java:setRole(290)) - 87b6de07-8797-4cbf-b451-3e4ee2b0e0ce@group-36BAB0EB5D8E: changes role from      null to FOLLOWER at term 0 for startAsFollower
2022-03-07 10:45:23,818 [pool-171-thread-1] INFO  impl.RoleInfo (RoleInfo.java:updateAndGet(130)) - 87b6de07-8797-4cbf-b451-3e4ee2b0e0ce: start 87b6de07-8797-4cbf-b451-3e4ee2b0e0ce@group-36BAB0EB5D8E-FollowerState
2022-03-07 10:45:23,828 [pool-171-thread-1] INFO  util.JmxRegister (JmxRegister.java:tryRegister(44)) - Successfully registered JMX Bean with object name Ratis:service=RaftServer,group=group-36BAB0EB5D8E,id=87b6de07-8797-4cbf-b451-3e4ee2b0e0ce
2022-03-07 10:45:23,836 [Command processor thread] INFO  ratis.XceiverServerRatis (XceiverServerRatis.java:addGroup(769)) - Created group PipelineID=68bae65b-948e-4761-b77a-36bab0eb5d8e
2022-03-07 10:45:24,085 [Listener at 127.0.0.1/46693] INFO  ozone.MiniOzoneClusterImpl (MiniOzoneClusterImpl.java:lambda$waitForClusterToBeReady$0(219)) - Nodes are ready. Got 3 of 3 DN Heartbeats.
2022-03-07 10:45:24,085 [Listener at 127.0.0.1/46693] INFO  ozone.MiniOzoneClusterImpl (MiniOzoneClusterImpl.java:lambda$waitForClusterToBeReady$0(222)) - Waiting for cluster to exit safe mode
2022-03-07 10:45:24,085 [Listener at 127.0.0.1/46693] INFO  ozone.MiniOzoneClusterImpl (MiniOzoneClusterImpl.java:lambda$waitForClusterToBeReady$0(224)) - SCM became leader
2022-03-07 10:45:24,093 [Command processor thread] INFO  server.RaftServer (RaftServerProxy.java:addNew(95)) - 52f36989-14f1-4f78-bbcf-b5a9e40c92fe: addNew group-B1CCC4C645F7:[52f36989-14f1-4f78-bbcf-b5a9e40c92fe|rpc:10.1.0.23:36491|priority:1] returns group-B1CCC4C645F7:java.util.concurrent.CompletableFuture@2bea3181[Not completed]
2022-03-07 10:45:24,096 [pool-192-thread-1] INFO  server.RaftServer$Division (RaftServerImpl.java:<init>(184)) - 52f36989-14f1-4f78-bbcf-b5a9e40c92fe: new RaftServerImpl for group-B1CCC4C645F7:[52f36989-14f1-4f78-bbcf-b5a9e40c92fe|rpc:10.1.0.23:36491|priority:1] with ContainerStateMachine:uninitialized
2022-03-07 10:45:24,096 [pool-192-thread-1] INFO  server.RaftServerConfigKeys (ConfUtils.java:logGet(44)) - raft.server.rpc.timeout.min = 5s (custom)
2022-03-07 10:45:24,096 [pool-192-thread-1] INFO  server.RaftServerConfigKeys (ConfUtils.java:logGet(44)) - raft.server.rpc.timeout.max = 5200ms (custom)
2022-03-07 10:45:24,096 [pool-192-thread-1] INFO  server.RaftServerConfigKeys (ConfUtils.java:logGet(44)) - raft.server.rpc.sleep.time = 25ms (default)
2022-03-07 10:45:24,097 [pool-192-thread-1] INFO  server.RaftServerConfigKeys (ConfUtils.java:logGet(44)) - raft.server.rpc.slowness.timeout = 300s (custom)
2022-03-07 10:45:24,097 [pool-192-thread-1] INFO  server.RaftServerConfigKeys (ConfUtils.java:logGet(44)) - raft.server.leaderelection.leader.step-down.wait-time = 10s (default)
2022-03-07 10:45:24,097 [pool-192-thread-1] INFO  server.RaftServerConfigKeys (ConfUtils.java:logGet(44)) - raft.server.sleep.deviation.threshold = 300ms (default)
2022-03-07 10:45:24,097 [pool-192-thread-1] INFO  server.RaftServerConfigKeys (ConfUtils.java:logGet(44)) - raft.server.log.appender.install.snapshot.enabled = false (custom)
2022-03-07 10:45:24,097 [pool-192-thread-1] INFO  server.RaftServer$Division (ServerState.java:<init>(105)) - 52f36989-14f1-4f78-bbcf-b5a9e40c92fe@group-B1CCC4C645F7: ConfigurationManager, init=-1: [52f36989-14f1-4f78-bbcf-b5a9e40c92fe|rpc:10.1.0.23:36491|priority:1], old=null, confs=<EMPTY_MAP>
2022-03-07 10:45:24,097 [pool-192-thread-1] INFO  server.RaftServerConfigKeys (ConfUtils.java:logGet(44)) - raft.server.storage.dir = [/home/runner/work/ozone/ozone/hadoop-ozone/integration-test/target/test-dir/MiniOzoneClusterImpl-6216e668-73b2-4868-9d6f-465a6cf4cf6e/datanode-2/data/ratis] (custom)
2022-03-07 10:45:24,105 [pool-192-thread-1] INFO  server.RaftServerConfigKeys (ConfUtils.java:logGet(44)) - raft.server.log.corruption.policy = EXCEPTION (default)
2022-03-07 10:45:24,105 [pool-192-thread-1] INFO  server.RaftServerConfigKeys (ConfUtils.java:logGet(44)) - raft.server.storage.free-space.min = 0MB (=0) (default)
2022-03-07 10:45:24,105 [pool-192-thread-1] INFO  storage.RaftStorageDirectory (RaftStorageDirectoryImpl.java:analyzeStorage(135)) - The storage directory /home/runner/work/ozone/ozone/hadoop-ozone/integration-test/target/test-dir/MiniOzoneClusterImpl-6216e668-73b2-4868-9d6f-465a6cf4cf6e/datanode-2/data/ratis/1debe691-fd3e-49ec-81a9-b1ccc4c645f7 does not exist. Creating ...
2022-03-07 10:45:24,113 [pool-192-thread-1] INFO  storage.RaftStorageDirectory (RaftStorageDirectoryImpl.java:tryLock(230)) - Lock on /home/runner/work/ozone/ozone/hadoop-ozone/integration-test/target/test-dir/MiniOzoneClusterImpl-6216e668-73b2-4868-9d6f-465a6cf4cf6e/datanode-2/data/ratis/1debe691-fd3e-49ec-81a9-b1ccc4c645f7/in_use.lock acquired by nodename 21425@fv-az59-81
2022-03-07 10:45:24,121 [pool-192-thread-1] INFO  storage.RaftStorage (RaftStorageImpl.java:format(89)) - Storage directory /home/runner/work/ozone/ozone/hadoop-ozone/integration-test/target/test-dir/MiniOzoneClusterImpl-6216e668-73b2-4868-9d6f-465a6cf4cf6e/datanode-2/data/ratis/1debe691-fd3e-49ec-81a9-b1ccc4c645f7 has been successfully formatted.
2022-03-07 10:45:24,122 [pool-192-thread-1] INFO  ratis.ContainerStateMachine (ContainerStateMachine.java:loadSnapshot(236)) - group-B1CCC4C645F7: The snapshot info is null. Setting the last applied indexto:(t:0, i:~)
2022-03-07 10:45:24,122 [pool-192-thread-1] INFO  server.RaftServerConfigKeys (ConfUtils.java:logGet(44)) - raft.server.notification.no-leader.timeout = 300s (custom)
2022-03-07 10:45:24,123 [pool-192-thread-1] INFO  server.RaftServerConfigKeys (ConfUtils.java:logGet(44)) - raft.server.log.use.memory = false (default)
2022-03-07 10:45:24,123 [pool-192-thread-1] INFO  server.RaftServerConfigKeys (ConfUtils.java:logGet(44)) - raft.server.log.purge.gap = 1000000 (custom)
2022-03-07 10:45:24,123 [pool-192-thread-1] INFO  server.RaftServerConfigKeys (ConfUtils.java:logGet(44)) - raft.server.log.appender.buffer.byte-limit = 33554432 (custom)
2022-03-07 10:45:24,123 [pool-192-thread-1] INFO  server.RaftServerConfigKeys (ConfUtils.java:logGet(44)) - raft.server.log.segment.size.max = 1048576 (custom)
2022-03-07 10:45:24,124 [pool-192-thread-1] INFO  server.RaftServerConfigKeys (ConfUtils.java:logGet(44)) - raft.server.log.segment.cache.num.max = 2 (custom)
2022-03-07 10:45:24,124 [pool-192-thread-1] INFO  server.RaftServerConfigKeys (ConfUtils.java:logGet(44)) - raft.server.log.segment.cache.size.max = 200MB (=209715200) (default)
2022-03-07 10:45:24,124 [pool-192-thread-1] INFO  segmented.SegmentedRaftLogWorker (SegmentedRaftLogWorker.java:<init>(182)) - new 52f36989-14f1-4f78-bbcf-b5a9e40c92fe@group-B1CCC4C645F7-SegmentedRaftLogWorker for RaftStorageImpl:Storage Directory /home/runner/work/ozone/ozone/hadoop-ozone/integration-test/target/test-dir/MiniOzoneClusterImpl-6216e668-73b2-4868-9d6f-465a6cf4cf6e/datanode-2/data/ratis/1debe691-fd3e-49ec-81a9-b1ccc4c645f7
2022-03-07 10:45:24,124 [pool-192-thread-1] INFO  server.RaftServerConfigKeys (ConfUtils.java:logGet(44)) - raft.server.log.queue.byte-limit = 4294967296 (custom)
2022-03-07 10:45:24,124 [pool-192-thread-1] INFO  server.RaftServerConfigKeys (ConfUtils.java:logGet(44)) - raft.server.log.queue.element-limit = 1024 (custom)
2022-03-07 10:45:24,124 [pool-192-thread-1] INFO  server.RaftServerConfigKeys (ConfUtils.java:logGet(44)) - raft.server.log.segment.size.max = 1048576 (custom)
2022-03-07 10:45:24,124 [pool-192-thread-1] INFO  server.RaftServerConfigKeys (ConfUtils.java:logGet(44)) - raft.server.log.preallocated.size = 16384 (custom)
2022-03-07 10:45:24,124 [pool-192-thread-1] INFO  server.RaftServerConfigKeys (ConfUtils.java:logGet(44)) - raft.server.log.force.sync.num = 128 (default)
2022-03-07 10:45:24,124 [pool-192-thread-1] INFO  server.RaftServerConfigKeys (ConfUtils.java:logGet(44)) - raft.server.log.statemachine.data.sync = true (default)
2022-03-07 10:45:24,124 [pool-192-thread-1] INFO  server.RaftServerConfigKeys (ConfUtils.java:logGet(44)) - raft.server.log.statemachine.data.sync.timeout = 10s (default)
2022-03-07 10:45:24,124 [pool-192-thread-1] INFO  server.RaftServerConfigKeys (ConfUtils.java:logGet(44)) - raft.server.log.statemachine.data.sync.timeout.retry = -1 (default)
2022-03-07 10:45:24,125 [pool-192-thread-1] INFO  server.RaftServerConfigKeys (ConfUtils.java:logGet(44)) - raft.server.log.write.buffer.size = 1048576 (custom)
2022-03-07 10:45:24,126 [pool-192-thread-1] INFO  server.RaftServerConfigKeys (ConfUtils.java:logGet(44)) - raft.server.log.statemachine.data.caching.enabled = true (custom)
2022-03-07 10:45:24,126 [pool-192-thread-1] INFO  segmented.SegmentedRaftLogWorker (SegmentedRaftLogWorker.java:lambda$new$0(133)) - 52f36989-14f1-4f78-bbcf-b5a9e40c92fe@group-B1CCC4C645F7-SegmentedRaftLogWorker: flushIndex: setUnconditionally 0 -> -1
2022-03-07 10:45:24,126 [pool-192-thread-1] INFO  segmented.SegmentedRaftLogWorker (SegmentedRaftLogWorker.java:lambda$new$0(133)) - 52f36989-14f1-4f78-bbcf-b5a9e40c92fe@group-B1CCC4C645F7-SegmentedRaftLogWorker: safeCacheEvictIndex: setUnconditionally 0 -> -1
2022-03-07 10:45:24,140 [pool-192-thread-1] INFO  server.RaftServerConfigKeys (ConfUtils.java:logGet(44)) - raft.server.snapshot.auto.trigger.enabled = true (custom)
2022-03-07 10:45:24,140 [pool-192-thread-1] INFO  server.RaftServerConfigKeys (ConfUtils.java:logGet(44)) - raft.server.snapshot.auto.trigger.threshold = 10000 (custom)
2022-03-07 10:45:24,140 [pool-192-thread-1] INFO  server.RaftServerConfigKeys (ConfUtils.java:logGet(44)) - raft.server.snapshot.retention.file.num = 5 (custom)
2022-03-07 10:45:24,140 [pool-192-thread-1] INFO  server.RaftServerConfigKeys (ConfUtils.java:logGet(44)) - raft.server.log.purge.upto.snapshot.index = false (default)
2022-03-07 10:45:24,141 [pool-192-thread-1] INFO  server.RaftServerConfigKeys (ConfUtils.java:logGet(44)) - raft.server.retrycache.expirytime = 600000ms (custom)
2022-03-07 10:45:24,141 [pool-192-thread-1] INFO  server.RaftServerConfigKeys (ConfUtils.java:logGet(44)) - raft.server.retrycache.statistics.expirytime = 100μs (default)
2022-03-07 10:45:24,142 [pool-192-thread-1] INFO  server.RaftServer$Division (RaftServerImpl.java:start(301)) - 52f36989-14f1-4f78-bbcf-b5a9e40c92fe@group-B1CCC4C645F7: start as a follower, conf=-1: [52f36989-14f1-4f78-bbcf-b5a9e40c92fe|rpc:10.1.0.23:36491|priority:1], old=null
2022-03-07 10:45:24,142 [pool-192-thread-1] INFO  server.RaftServer$Division (RaftServerImpl.java:setRole(290)) - 52f36989-14f1-4f78-bbcf-b5a9e40c92fe@group-B1CCC4C645F7: changes role from      null to FOLLOWER at term 0 for startAsFollower
2022-03-07 10:45:24,142 [pool-192-thread-1] INFO  impl.RoleInfo (RoleInfo.java:updateAndGet(130)) - 52f36989-14f1-4f78-bbcf-b5a9e40c92fe: start 52f36989-14f1-4f78-bbcf-b5a9e40c92fe@group-B1CCC4C645F7-FollowerState
2022-03-07 10:45:24,145 [pool-192-thread-1] INFO  util.JmxRegister (JmxRegister.java:tryRegister(44)) - Successfully registered JMX Bean with object name Ratis:service=RaftServer,group=group-B1CCC4C645F7,id=52f36989-14f1-4f78-bbcf-b5a9e40c92fe
2022-03-07 10:45:24,146 [EventQueue-PipelineReportForPipelineReportHandler] INFO  pipeline.PipelineManagerImpl (PipelineManagerImpl.java:openPipeline(291)) - Pipeline Pipeline[ Id: 1debe691-fd3e-49ec-81a9-b1ccc4c645f7, Nodes: 52f36989-14f1-4f78-bbcf-b5a9e40c92fe{ip: 10.1.0.23, host: fv-az59-81.csjynl4pkq3e1pkirw3ssqjfoh.cx.internal.cloudapp.net, ports: [REPLICATION=39565, RATIS=36491, RATIS_ADMIN=36491, RATIS_SERVER=36491, STANDALONE=35249], networkLocation: /default-rack, certSerialId: null, persistedOpState: IN_SERVICE, persistedOpStateExpiryEpochSec: 0}, ReplicationConfig: RATIS/ONE, State:ALLOCATED, leaderId:52f36989-14f1-4f78-bbcf-b5a9e40c92fe, CreationTimestamp2022-03-07T10:45:21.087Z[Etc/UTC]] moved to OPEN state
2022-03-07 10:45:24,151 [8cdc92c8-e5a2-4182-899c-4bf352b29a2f@group-465A6CF4CF6E-StateMachineUpdater] INFO  safemode.HealthyPipelineSafeModeRule (HealthyPipelineSafeModeRule.java:initializeRule(152)) - Refreshed total pipeline count is 0, healthy pipeline threshold count is 1
2022-03-07 10:45:24,153 [EventQueue-OpenPipelineForHealthyPipelineSafeModeRule] INFO  safemode.SCMSafeModeManager (HealthyPipelineSafeModeRule.java:process(124)) - SCM in safe mode. Healthy pipelines reported count is 0, required healthy pipeline reported count is 1
2022-03-07 10:45:24,165 [Command processor thread] INFO  ratis.XceiverServerRatis (XceiverServerRatis.java:addGroup(769)) - Created group PipelineID=1debe691-fd3e-49ec-81a9-b1ccc4c645f7
2022-03-07 10:45:24,165 [Command processor thread] INFO  commandhandler.CreatePipelineCommandHandler (CreatePipelineCommandHandler.java:handle(106)) - Created Pipeline RATIS ONE PipelineID=1debe691-fd3e-49ec-81a9-b1ccc4c645f7.
2022-03-07 10:45:24,165 [Command processor thread] INFO  server.RaftServer (RaftServerProxy.java:addNew(95)) - 52f36989-14f1-4f78-bbcf-b5a9e40c92fe: addNew group-36BAB0EB5D8E:[87b6de07-8797-4cbf-b451-3e4ee2b0e0ce|rpc:10.1.0.23:33427|priority:0, 52f36989-14f1-4f78-bbcf-b5a9e40c92fe|rpc:10.1.0.23:36491|priority:1, f24af16f-2d45-4c53-94ff-fd2a7b172da9|rpc:10.1.0.23:46799|priority:0] returns group-36BAB0EB5D8E:java.util.concurrent.CompletableFuture@2fd5a024[Not completed]
2022-03-07 10:45:24,166 [pool-192-thread-1] INFO  server.RaftServer$Division (RaftServerImpl.java:<init>(184)) - 52f36989-14f1-4f78-bbcf-b5a9e40c92fe: new RaftServerImpl for group-36BAB0EB5D8E:[87b6de07-8797-4cbf-b451-3e4ee2b0e0ce|rpc:10.1.0.23:33427|priority:0, 52f36989-14f1-4f78-bbcf-b5a9e40c92fe|rpc:10.1.0.23:36491|priority:1, f24af16f-2d45-4c53-94ff-fd2a7b172da9|rpc:10.1.0.23:46799|priority:0] with ContainerStateMachine:uninitialized
2022-03-07 10:45:24,166 [pool-192-thread-1] INFO  server.RaftServerConfigKeys (ConfUtils.java:logGet(44)) - raft.server.rpc.timeout.min = 5s (custom)
2022-03-07 10:45:24,166 [pool-192-thread-1] INFO  server.RaftServerConfigKeys (ConfUtils.java:logGet(44)) - raft.server.rpc.timeout.max = 5200ms (custom)
2022-03-07 10:45:24,166 [pool-192-thread-1] INFO  server.RaftServerConfigKeys (ConfUtils.java:logGet(44)) - raft.server.rpc.sleep.time = 25ms (default)
2022-03-07 10:45:24,166 [pool-192-thread-1] INFO  server.RaftServerConfigKeys (ConfUtils.java:logGet(44)) - raft.server.rpc.slowness.timeout = 300s (custom)
2022-03-07 10:45:24,166 [pool-192-thread-1] INFO  server.RaftServerConfigKeys (ConfUtils.java:logGet(44)) - raft.server.leaderelection.leader.step-down.wait-time = 10s (default)
2022-03-07 10:45:24,166 [pool-192-thread-1] INFO  server.RaftServerConfigKeys (ConfUtils.java:logGet(44)) - raft.server.sleep.deviation.threshold = 300ms (default)
2022-03-07 10:45:24,166 [pool-192-thread-1] INFO  server.RaftServerConfigKeys (ConfUtils.java:logGet(44)) - raft.server.log.appender.install.snapshot.enabled = false (custom)
2022-03-07 10:45:24,166 [pool-192-thread-1] INFO  server.RaftServer$Division (ServerState.java:<init>(105)) - 52f36989-14f1-4f78-bbcf-b5a9e40c92fe@group-36BAB0EB5D8E: ConfigurationManager, init=-1: [87b6de07-8797-4cbf-b451-3e4ee2b0e0ce|rpc:10.1.0.23:33427|priority:0, 52f36989-14f1-4f78-bbcf-b5a9e40c92fe|rpc:10.1.0.23:36491|priority:1, f24af16f-2d45-4c53-94ff-fd2a7b172da9|rpc:10.1.0.23:46799|priority:0], old=null, confs=<EMPTY_MAP>
2022-03-07 10:45:24,166 [pool-192-thread-1] INFO  server.RaftServerConfigKeys (ConfUtils.java:logGet(44)) - raft.server.storage.dir = [/home/runner/work/ozone/ozone/hadoop-ozone/integration-test/target/test-dir/MiniOzoneClusterImpl-6216e668-73b2-4868-9d6f-465a6cf4cf6e/datanode-2/data/ratis] (custom)
2022-03-07 10:45:24,167 [pool-192-thread-1] INFO  server.RaftServerConfigKeys (ConfUtils.java:logGet(44)) - raft.server.log.corruption.policy = EXCEPTION (default)
2022-03-07 10:45:24,167 [pool-192-thread-1] INFO  server.RaftServerConfigKeys (ConfUtils.java:logGet(44)) - raft.server.storage.free-space.min = 0MB (=0) (default)
2022-03-07 10:45:24,167 [pool-192-thread-1] INFO  storage.RaftStorageDirectory (RaftStorageDirectoryImpl.java:analyzeStorage(135)) - The storage directory /home/runner/work/ozone/ozone/hadoop-ozone/integration-test/target/test-dir/MiniOzoneClusterImpl-6216e668-73b2-4868-9d6f-465a6cf4cf6e/datanode-2/data/ratis/68bae65b-948e-4761-b77a-36bab0eb5d8e does not exist. Creating ...
2022-03-07 10:45:24,168 [pool-192-thread-1] INFO  storage.RaftStorageDirectory (RaftStorageDirectoryImpl.java:tryLock(230)) - Lock on /home/runner/work/ozone/ozone/hadoop-ozone/integration-test/target/test-dir/MiniOzoneClusterImpl-6216e668-73b2-4868-9d6f-465a6cf4cf6e/datanode-2/data/ratis/68bae65b-948e-4761-b77a-36bab0eb5d8e/in_use.lock acquired by nodename 21425@fv-az59-81
2022-03-07 10:45:24,169 [pool-192-thread-1] INFO  storage.RaftStorage (RaftStorageImpl.java:format(89)) - Storage directory /home/runner/work/ozone/ozone/hadoop-ozone/integration-test/target/test-dir/MiniOzoneClusterImpl-6216e668-73b2-4868-9d6f-465a6cf4cf6e/datanode-2/data/ratis/68bae65b-948e-4761-b77a-36bab0eb5d8e has been successfully formatted.
2022-03-07 10:45:24,170 [pool-192-thread-1] INFO  ratis.ContainerStateMachine (ContainerStateMachine.java:loadSnapshot(236)) - group-36BAB0EB5D8E: The snapshot info is null. Setting the last applied indexto:(t:0, i:~)
2022-03-07 10:45:24,170 [pool-192-thread-1] INFO  server.RaftServerConfigKeys (ConfUtils.java:logGet(44)) - raft.server.notification.no-leader.timeout = 300s (custom)
2022-03-07 10:45:24,170 [pool-192-thread-1] INFO  server.RaftServerConfigKeys (ConfUtils.java:logGet(44)) - raft.server.log.use.memory = false (default)
2022-03-07 10:45:24,170 [pool-192-thread-1] INFO  server.RaftServerConfigKeys (ConfUtils.java:logGet(44)) - raft.server.log.purge.gap = 1000000 (custom)
2022-03-07 10:45:24,170 [pool-192-thread-1] INFO  server.RaftServerConfigKeys (ConfUtils.java:logGet(44)) - raft.server.log.appender.buffer.byte-limit = 33554432 (custom)
2022-03-07 10:45:24,170 [pool-192-thread-1] INFO  server.RaftServerConfigKeys (ConfUtils.java:logGet(44)) - raft.server.log.segment.size.max = 1048576 (custom)
2022-03-07 10:45:24,170 [pool-192-thread-1] INFO  server.RaftServerConfigKeys (ConfUtils.java:logGet(44)) - raft.server.log.segment.cache.num.max = 2 (custom)
2022-03-07 10:45:24,171 [pool-192-thread-1] INFO  server.RaftServerConfigKeys (ConfUtils.java:logGet(44)) - raft.server.log.segment.cache.size.max = 200MB (=209715200) (default)
2022-03-07 10:45:24,171 [pool-192-thread-1] INFO  segmented.SegmentedRaftLogWorker (SegmentedRaftLogWorker.java:<init>(182)) - new 52f36989-14f1-4f78-bbcf-b5a9e40c92fe@group-36BAB0EB5D8E-SegmentedRaftLogWorker for RaftStorageImpl:Storage Directory /home/runner/work/ozone/ozone/hadoop-ozone/integration-test/target/test-dir/MiniOzoneClusterImpl-6216e668-73b2-4868-9d6f-465a6cf4cf6e/datanode-2/data/ratis/68bae65b-948e-4761-b77a-36bab0eb5d8e
2022-03-07 10:45:24,171 [pool-192-thread-1] INFO  server.RaftServerConfigKeys (ConfUtils.java:logGet(44)) - raft.server.log.queue.byte-limit = 4294967296 (custom)
2022-03-07 10:45:24,171 [pool-192-thread-1] INFO  server.RaftServerConfigKeys (ConfUtils.java:logGet(44)) - raft.server.log.queue.element-limit = 1024 (custom)
2022-03-07 10:45:24,171 [pool-192-thread-1] INFO  server.RaftServerConfigKeys (ConfUtils.java:logGet(44)) - raft.server.log.segment.size.max = 1048576 (custom)
2022-03-07 10:45:24,171 [pool-192-thread-1] INFO  server.RaftServerConfigKeys (ConfUtils.java:logGet(44)) - raft.server.log.preallocated.size = 16384 (custom)
2022-03-07 10:45:24,171 [pool-192-thread-1] INFO  server.RaftServerConfigKeys (ConfUtils.java:logGet(44)) - raft.server.log.force.sync.num = 128 (default)
2022-03-07 10:45:24,171 [pool-192-thread-1] INFO  server.RaftServerConfigKeys (ConfUtils.java:logGet(44)) - raft.server.log.statemachine.data.sync = true (default)
2022-03-07 10:45:24,171 [pool-192-thread-1] INFO  server.RaftServerConfigKeys (ConfUtils.java:logGet(44)) - raft.server.log.statemachine.data.sync.timeout = 10s (default)
2022-03-07 10:45:24,171 [pool-192-thread-1] INFO  server.RaftServerConfigKeys (ConfUtils.java:logGet(44)) - raft.server.log.statemachine.data.sync.timeout.retry = -1 (default)
2022-03-07 10:45:24,172 [pool-192-thread-1] INFO  server.RaftServerConfigKeys (ConfUtils.java:logGet(44)) - raft.server.log.write.buffer.size = 1048576 (custom)
2022-03-07 10:45:24,173 [pool-192-thread-1] INFO  server.RaftServerConfigKeys (ConfUtils.java:logGet(44)) - raft.server.log.statemachine.data.caching.enabled = true (custom)
2022-03-07 10:45:24,173 [pool-192-thread-1] INFO  segmented.SegmentedRaftLogWorker (SegmentedRaftLogWorker.java:lambda$new$0(133)) - 52f36989-14f1-4f78-bbcf-b5a9e40c92fe@group-36BAB0EB5D8E-SegmentedRaftLogWorker: flushIndex: setUnconditionally 0 -> -1
2022-03-07 10:45:24,173 [pool-192-thread-1] INFO  segmented.SegmentedRaftLogWorker (SegmentedRaftLogWorker.java:lambda$new$0(133)) - 52f36989-14f1-4f78-bbcf-b5a9e40c92fe@group-36BAB0EB5D8E-SegmentedRaftLogWorker: safeCacheEvictIndex: setUnconditionally 0 -> -1
2022-03-07 10:45:24,173 [pool-192-thread-1] INFO  server.RaftServerConfigKeys (ConfUtils.java:logGet(44)) - raft.server.snapshot.auto.trigger.enabled = true (custom)
2022-03-07 10:45:24,173 [pool-192-thread-1] INFO  server.RaftServerConfigKeys (ConfUtils.java:logGet(44)) - raft.server.snapshot.auto.trigger.threshold = 10000 (custom)
2022-03-07 10:45:24,173 [pool-192-thread-1] INFO  server.RaftServerConfigKeys (ConfUtils.java:logGet(44)) - raft.server.snapshot.retention.file.num = 5 (custom)
2022-03-07 10:45:24,173 [pool-192-thread-1] INFO  server.RaftServerConfigKeys (ConfUtils.java:logGet(44)) - raft.server.log.purge.upto.snapshot.index = false (default)
2022-03-07 10:45:24,173 [pool-192-thread-1] INFO  server.RaftServerConfigKeys (ConfUtils.java:logGet(44)) - raft.server.retrycache.expirytime = 600000ms (custom)
2022-03-07 10:45:24,173 [pool-192-thread-1] INFO  server.RaftServerConfigKeys (ConfUtils.java:logGet(44)) - raft.server.retrycache.statistics.expirytime = 100μs (default)
2022-03-07 10:45:24,174 [pool-192-thread-1] INFO  server.RaftServer$Division (RaftServerImpl.java:start(301)) - 52f36989-14f1-4f78-bbcf-b5a9e40c92fe@group-36BAB0EB5D8E: start as a follower, conf=-1: [87b6de07-8797-4cbf-b451-3e4ee2b0e0ce|rpc:10.1.0.23:33427|priority:0, 52f36989-14f1-4f78-bbcf-b5a9e40c92fe|rpc:10.1.0.23:36491|priority:1, f24af16f-2d45-4c53-94ff-fd2a7b172da9|rpc:10.1.0.23:46799|priority:0], old=null
2022-03-07 10:45:24,175 [pool-192-thread-1] INFO  server.RaftServer$Division (RaftServerImpl.java:setRole(290)) - 52f36989-14f1-4f78-bbcf-b5a9e40c92fe@group-36BAB0EB5D8E: changes role from      null to FOLLOWER at term 0 for startAsFollower
2022-03-07 10:45:24,175 [pool-192-thread-1] INFO  impl.RoleInfo (RoleInfo.java:updateAndGet(130)) - 52f36989-14f1-4f78-bbcf-b5a9e40c92fe: start 52f36989-14f1-4f78-bbcf-b5a9e40c92fe@group-36BAB0EB5D8E-FollowerState
2022-03-07 10:45:24,176 [pool-192-thread-1] INFO  util.JmxRegister (JmxRegister.java:tryRegister(44)) - Successfully registered JMX Bean with object name Ratis:service=RaftServer,group=group-36BAB0EB5D8E,id=52f36989-14f1-4f78-bbcf-b5a9e40c92fe
2022-03-07 10:45:24,182 [Command processor thread] INFO  ratis.XceiverServerRatis (XceiverServerRatis.java:addGroup(769)) - Created group PipelineID=68bae65b-948e-4761-b77a-36bab0eb5d8e
2022-03-07 10:45:24,201 [EventQueue-OpenPipelineForHealthyPipelineSafeModeRule] INFO  safemode.SCMSafeModeManager (HealthyPipelineSafeModeRule.java:process(124)) - SCM in safe mode. Healthy pipelines reported count is 0, required healthy pipeline reported count is 1
2022-03-07 10:45:24,363 [Command processor thread] INFO  commandhandler.CreatePipelineCommandHandler (CreatePipelineCommandHandler.java:handle(106)) - Created Pipeline RATIS THREE PipelineID=68bae65b-948e-4761-b77a-36bab0eb5d8e.
2022-03-07 10:45:24,369 [Command processor thread] INFO  commandhandler.CreatePipelineCommandHandler (CreatePipelineCommandHandler.java:handle(106)) - Created Pipeline RATIS THREE PipelineID=68bae65b-948e-4761-b77a-36bab0eb5d8e.
2022-03-07 10:45:24,369 [Command processor thread] INFO  commandhandler.CreatePipelineCommandHandler (CreatePipelineCommandHandler.java:handle(106)) - Created Pipeline RATIS THREE PipelineID=68bae65b-948e-4761-b77a-36bab0eb5d8e.
2022-03-07 10:45:25,085 [Listener at 127.0.0.1/46693] INFO  ozone.MiniOzoneClusterImpl (MiniOzoneClusterImpl.java:lambda$waitForClusterToBeReady$0(219)) - Nodes are ready. Got 3 of 3 DN Heartbeats.
2022-03-07 10:45:25,085 [Listener at 127.0.0.1/46693] INFO  ozone.MiniOzoneClusterImpl (MiniOzoneClusterImpl.java:lambda$waitForClusterToBeReady$0(222)) - Waiting for cluster to exit safe mode
2022-03-07 10:45:25,085 [Listener at 127.0.0.1/46693] INFO  ozone.MiniOzoneClusterImpl (MiniOzoneClusterImpl.java:lambda$waitForClusterToBeReady$0(224)) - SCM became leader
2022-03-07 10:45:26,086 [Listener at 127.0.0.1/46693] INFO  ozone.MiniOzoneClusterImpl (MiniOzoneClusterImpl.java:lambda$waitForClusterToBeReady$0(219)) - Nodes are ready. Got 3 of 3 DN Heartbeats.
2022-03-07 10:45:26,086 [Listener at 127.0.0.1/46693] INFO  ozone.MiniOzoneClusterImpl (MiniOzoneClusterImpl.java:lambda$waitForClusterToBeReady$0(222)) - Waiting for cluster to exit safe mode
2022-03-07 10:45:26,086 [Listener at 127.0.0.1/46693] INFO  ozone.MiniOzoneClusterImpl (MiniOzoneClusterImpl.java:lambda$waitForClusterToBeReady$0(224)) - SCM became leader
2022-03-07 10:45:27,087 [Listener at 127.0.0.1/46693] INFO  ozone.MiniOzoneClusterImpl (MiniOzoneClusterImpl.java:lambda$waitForClusterToBeReady$0(219)) - Nodes are ready. Got 3 of 3 DN Heartbeats.
2022-03-07 10:45:27,087 [Listener at 127.0.0.1/46693] INFO  ozone.MiniOzoneClusterImpl (MiniOzoneClusterImpl.java:lambda$waitForClusterToBeReady$0(222)) - Waiting for cluster to exit safe mode
2022-03-07 10:45:27,087 [Listener at 127.0.0.1/46693] INFO  ozone.MiniOzoneClusterImpl (MiniOzoneClusterImpl.java:lambda$waitForClusterToBeReady$0(224)) - SCM became leader
2022-03-07 10:45:28,087 [Listener at 127.0.0.1/46693] INFO  ozone.MiniOzoneClusterImpl (MiniOzoneClusterImpl.java:lambda$waitForClusterToBeReady$0(219)) - Nodes are ready. Got 3 of 3 DN Heartbeats.
2022-03-07 10:45:28,088 [Listener at 127.0.0.1/46693] INFO  ozone.MiniOzoneClusterImpl (MiniOzoneClusterImpl.java:lambda$waitForClusterToBeReady$0(222)) - Waiting for cluster to exit safe mode
2022-03-07 10:45:28,088 [Listener at 127.0.0.1/46693] INFO  ozone.MiniOzoneClusterImpl (MiniOzoneClusterImpl.java:lambda$waitForClusterToBeReady$0(224)) - SCM became leader
2022-03-07 10:45:28,636 [f24af16f-2d45-4c53-94ff-fd2a7b172da9@group-EE28E507CB31-FollowerState] INFO  impl.FollowerState (FollowerState.java:run(134)) - f24af16f-2d45-4c53-94ff-fd2a7b172da9@group-EE28E507CB31-FollowerState: change to CANDIDATE, lastRpcElapsedTime:5101831572ns, electionTimeout:5100ms
2022-03-07 10:45:28,636 [f24af16f-2d45-4c53-94ff-fd2a7b172da9@group-EE28E507CB31-FollowerState] INFO  impl.RoleInfo (RoleInfo.java:shutdownFollowerState(108)) - f24af16f-2d45-4c53-94ff-fd2a7b172da9: shutdown f24af16f-2d45-4c53-94ff-fd2a7b172da9@group-EE28E507CB31-FollowerState
2022-03-07 10:45:28,636 [f24af16f-2d45-4c53-94ff-fd2a7b172da9@group-EE28E507CB31-FollowerState] INFO  server.RaftServer$Division (RaftServerImpl.java:setRole(290)) - f24af16f-2d45-4c53-94ff-fd2a7b172da9@group-EE28E507CB31: changes role from  FOLLOWER to CANDIDATE at term 0 for changeToCandidate
2022-03-07 10:45:28,637 [f24af16f-2d45-4c53-94ff-fd2a7b172da9@group-EE28E507CB31-FollowerState] INFO  server.RaftServerConfigKeys (ConfUtils.java:logGet(44)) - raft.server.leaderelection.pre-vote = false (custom)
2022-03-07 10:45:28,638 [f24af16f-2d45-4c53-94ff-fd2a7b172da9@group-EE28E507CB31-FollowerState] INFO  impl.RoleInfo (RoleInfo.java:updateAndGet(130)) - f24af16f-2d45-4c53-94ff-fd2a7b172da9: start f24af16f-2d45-4c53-94ff-fd2a7b172da9@group-EE28E507CB31-LeaderElection7
2022-03-07 10:45:28,645 [f24af16f-2d45-4c53-94ff-fd2a7b172da9@group-EE28E507CB31-LeaderElection7] INFO  impl.LeaderElection (LeaderElection.java:askForVotes(306)) - f24af16f-2d45-4c53-94ff-fd2a7b172da9@group-EE28E507CB31-LeaderElection7 ELECTION round 0: submit vote requests at term 1 for -1: [f24af16f-2d45-4c53-94ff-fd2a7b172da9|rpc:10.1.0.23:46799|priority:1], old=null
2022-03-07 10:45:28,646 [f24af16f-2d45-4c53-94ff-fd2a7b172da9@group-EE28E507CB31-LeaderElection7] INFO  impl.LeaderElection (LeaderElection.java:askForVotes(308)) - f24af16f-2d45-4c53-94ff-fd2a7b172da9@group-EE28E507CB31-LeaderElection7 ELECTION round 0: result PASSED (term=1)
2022-03-07 10:45:28,646 [f24af16f-2d45-4c53-94ff-fd2a7b172da9@group-EE28E507CB31-LeaderElection7] INFO  impl.RoleInfo (RoleInfo.java:shutdownLeaderElection(121)) - f24af16f-2d45-4c53-94ff-fd2a7b172da9: shutdown f24af16f-2d45-4c53-94ff-fd2a7b172da9@group-EE28E507CB31-LeaderElection7
2022-03-07 10:45:28,646 [f24af16f-2d45-4c53-94ff-fd2a7b172da9@group-EE28E507CB31-LeaderElection7] INFO  server.RaftServer$Division (RaftServerImpl.java:setRole(290)) - f24af16f-2d45-4c53-94ff-fd2a7b172da9@group-EE28E507CB31: changes role from CANDIDATE to LEADER at term 1 for changeToLeader
2022-03-07 10:45:28,646 [f24af16f-2d45-4c53-94ff-fd2a7b172da9@group-EE28E507CB31-LeaderElection7] INFO  ratis.XceiverServerRatis (XceiverServerRatis.java:handleLeaderChangedNotification(867)) - Leader change notification received for group: group-EE28E507CB31 with new leaderId: f24af16f-2d45-4c53-94ff-fd2a7b172da9
2022-03-07 10:45:28,648 [f24af16f-2d45-4c53-94ff-fd2a7b172da9@group-EE28E507CB31-LeaderElection7] INFO  server.RaftServer$Division (ServerState.java:setLeader(285)) - f24af16f-2d45-4c53-94ff-fd2a7b172da9@group-EE28E507CB31: change Leader from null to f24af16f-2d45-4c53-94ff-fd2a7b172da9 at term 1 for becomeLeader, leader elected after 5141ms
2022-03-07 10:45:28,649 [f24af16f-2d45-4c53-94ff-fd2a7b172da9@group-EE28E507CB31-LeaderElection7] INFO  server.RaftServerConfigKeys (ConfUtils.java:logGet(44)) - raft.server.staging.catchup.gap = 1000 (default)
2022-03-07 10:45:28,649 [EventQueue-OpenPipelineForHealthyPipelineSafeModeRule] INFO  safemode.SCMSafeModeManager (HealthyPipelineSafeModeRule.java:process(124)) - SCM in safe mode. Healthy pipelines reported count is 0, required healthy pipeline reported count is 1
2022-03-07 10:45:28,649 [f24af16f-2d45-4c53-94ff-fd2a7b172da9@group-EE28E507CB31-LeaderElection7] INFO  server.RaftServerConfigKeys (ConfUtils.java:logGet(44)) - raft.server.write.element-limit = 1024 (custom)
2022-03-07 10:45:28,650 [f24af16f-2d45-4c53-94ff-fd2a7b172da9@group-EE28E507CB31-LeaderElection7] INFO  server.RaftServerConfigKeys (ConfUtils.java:logGet(44)) - raft.server.write.byte-limit = 1024 M (=1073741824) (custom)
2022-03-07 10:45:28,650 [f24af16f-2d45-4c53-94ff-fd2a7b172da9@group-EE28E507CB31-LeaderElection7] INFO  server.RaftServerConfigKeys (ConfUtils.java:logGet(44)) - raft.server.watch.timeout = 180s (custom)
2022-03-07 10:45:28,650 [f24af16f-2d45-4c53-94ff-fd2a7b172da9@group-EE28E507CB31-LeaderElection7] INFO  server.RaftServerConfigKeys (ConfUtils.java:logGet(44)) - raft.server.watch.timeout.denomination = 1s (default)
2022-03-07 10:45:28,650 [f24af16f-2d45-4c53-94ff-fd2a7b172da9@group-EE28E507CB31-LeaderElection7] INFO  server.RaftServerConfigKeys (ConfUtils.java:logGet(44)) - raft.server.watch.element-limit = 65536 (default)
2022-03-07 10:45:28,650 [f24af16f-2d45-4c53-94ff-fd2a7b172da9@group-EE28E507CB31-LeaderElection7] INFO  server.RaftServerConfigKeys (ConfUtils.java:logGet(44)) - raft.server.write.element-limit = 1024 (custom)
2022-03-07 10:45:28,650 [f24af16f-2d45-4c53-94ff-fd2a7b172da9@group-EE28E507CB31-LeaderElection7] INFO  server.RaftServerConfigKeys (ConfUtils.java:logGet(44)) - raft.server.write.follower.gap.ratio.max = -1.0 (default)
2022-03-07 10:45:28,650 [f24af16f-2d45-4c53-94ff-fd2a7b172da9@group-EE28E507CB31-LeaderElection7] INFO  impl.RoleInfo (RoleInfo.java:updateAndGet(130)) - f24af16f-2d45-4c53-94ff-fd2a7b172da9: start f24af16f-2d45-4c53-94ff-fd2a7b172da9@group-EE28E507CB31-LeaderStateImpl
2022-03-07 10:45:28,652 [f24af16f-2d45-4c53-94ff-fd2a7b172da9@group-EE28E507CB31-LeaderElection7] INFO  segmented.SegmentedRaftLogWorker (SegmentedRaftLogWorker.java:startLogSegment(394)) - f24af16f-2d45-4c53-94ff-fd2a7b172da9@group-EE28E507CB31-SegmentedRaftLogWorker: Starting segment from index:0
2022-03-07 10:45:28,660 [f24af16f-2d45-4c53-94ff-fd2a7b172da9@group-EE28E507CB31-LeaderElection7] INFO  server.RaftServer$Division (ServerState.java:setRaftConf(387)) - f24af16f-2d45-4c53-94ff-fd2a7b172da9@group-EE28E507CB31: set configuration 0: [f24af16f-2d45-4c53-94ff-fd2a7b172da9|rpc:10.1.0.23:46799|dataStream:|priority:1], old=null
2022-03-07 10:45:28,661 [f24af16f-2d45-4c53-94ff-fd2a7b172da9@group-EE28E507CB31-SegmentedRaftLogWorker] INFO  segmented.SegmentedRaftLogWorker (SegmentedRaftLogWorker.java:execute(601)) - f24af16f-2d45-4c53-94ff-fd2a7b172da9@group-EE28E507CB31-SegmentedRaftLogWorker: created new log segment /home/runner/work/ozone/ozone/hadoop-ozone/integration-test/target/test-dir/MiniOzoneClusterImpl-6216e668-73b2-4868-9d6f-465a6cf4cf6e/datanode-0/data/ratis/f7e90688-035f-4d00-acd5-ee28e507cb31/current/log_inprogress_0
2022-03-07 10:45:28,700 [f24af16f-2d45-4c53-94ff-fd2a7b172da9@group-36BAB0EB5D8E-FollowerState] INFO  impl.FollowerState (FollowerState.java:run(134)) - f24af16f-2d45-4c53-94ff-fd2a7b172da9@group-36BAB0EB5D8E-FollowerState: change to CANDIDATE, lastRpcElapsedTime:5135168976ns, electionTimeout:5128ms
2022-03-07 10:45:28,701 [f24af16f-2d45-4c53-94ff-fd2a7b172da9@group-36BAB0EB5D8E-FollowerState] INFO  impl.RoleInfo (RoleInfo.java:shutdownFollowerState(108)) - f24af16f-2d45-4c53-94ff-fd2a7b172da9: shutdown f24af16f-2d45-4c53-94ff-fd2a7b172da9@group-36BAB0EB5D8E-FollowerState
2022-03-07 10:45:28,701 [f24af16f-2d45-4c53-94ff-fd2a7b172da9@group-36BAB0EB5D8E-FollowerState] INFO  server.RaftServer$Division (RaftServerImpl.java:setRole(290)) - f24af16f-2d45-4c53-94ff-fd2a7b172da9@group-36BAB0EB5D8E: changes role from  FOLLOWER to CANDIDATE at term 0 for changeToCandidate
2022-03-07 10:45:28,701 [f24af16f-2d45-4c53-94ff-fd2a7b172da9@group-36BAB0EB5D8E-FollowerState] INFO  server.RaftServerConfigKeys (ConfUtils.java:logGet(44)) - raft.server.leaderelection.pre-vote = false (custom)
2022-03-07 10:45:28,701 [f24af16f-2d45-4c53-94ff-fd2a7b172da9@group-36BAB0EB5D8E-FollowerState] INFO  impl.RoleInfo (RoleInfo.java:updateAndGet(130)) - f24af16f-2d45-4c53-94ff-fd2a7b172da9: start f24af16f-2d45-4c53-94ff-fd2a7b172da9@group-36BAB0EB5D8E-LeaderElection8
2022-03-07 10:45:28,706 [f24af16f-2d45-4c53-94ff-fd2a7b172da9@group-36BAB0EB5D8E-LeaderElection8] INFO  impl.LeaderElection (LeaderElection.java:askForVotes(306)) - f24af16f-2d45-4c53-94ff-fd2a7b172da9@group-36BAB0EB5D8E-LeaderElection8 ELECTION round 0: submit vote requests at term 1 for -1: [87b6de07-8797-4cbf-b451-3e4ee2b0e0ce|rpc:10.1.0.23:33427|priority:0, 52f36989-14f1-4f78-bbcf-b5a9e40c92fe|rpc:10.1.0.23:36491|priority:1, f24af16f-2d45-4c53-94ff-fd2a7b172da9|rpc:10.1.0.23:46799|priority:0], old=null
2022-03-07 10:45:28,736 [grpc-default-executor-2] INFO  server.RaftServer$Division (RaftServerImpl.java:requestVote(1046)) - 52f36989-14f1-4f78-bbcf-b5a9e40c92fe@group-36BAB0EB5D8E: receive requestVote(ELECTION, f24af16f-2d45-4c53-94ff-fd2a7b172da9, group-36BAB0EB5D8E, 1, (t:0, i:0))
2022-03-07 10:45:28,738 [grpc-default-executor-2] INFO  impl.VoteContext (VoteContext.java:log(48)) - 52f36989-14f1-4f78-bbcf-b5a9e40c92fe@group-36BAB0EB5D8E-FOLLOWER: reject ELECTION from f24af16f-2d45-4c53-94ff-fd2a7b172da9: our priority 1 > candidate's priority 0
2022-03-07 10:45:28,739 [grpc-default-executor-1] INFO  server.RaftServer$Division (RaftServerImpl.java:requestVote(1046)) - 87b6de07-8797-4cbf-b451-3e4ee2b0e0ce@group-36BAB0EB5D8E: receive requestVote(ELECTION, f24af16f-2d45-4c53-94ff-fd2a7b172da9, group-36BAB0EB5D8E, 1, (t:0, i:0))
2022-03-07 10:45:28,739 [grpc-default-executor-2] INFO  server.RaftServer$Division (RaftServerImpl.java:setRole(290)) - 52f36989-14f1-4f78-bbcf-b5a9e40c92fe@group-36BAB0EB5D8E: changes role from  FOLLOWER to FOLLOWER at term 1 for candidate:f24af16f-2d45-4c53-94ff-fd2a7b172da9
2022-03-07 10:45:28,739 [grpc-default-executor-1] INFO  impl.VoteContext (VoteContext.java:log(48)) - 87b6de07-8797-4cbf-b451-3e4ee2b0e0ce@group-36BAB0EB5D8E-FOLLOWER: accept ELECTION from f24af16f-2d45-4c53-94ff-fd2a7b172da9: our priority 0 <= candidate's priority 0
2022-03-07 10:45:28,739 [grpc-default-executor-1] INFO  server.RaftServer$Division (RaftServerImpl.java:setRole(290)) - 87b6de07-8797-4cbf-b451-3e4ee2b0e0ce@group-36BAB0EB5D8E: changes role from  FOLLOWER to FOLLOWER at term 1 for candidate:f24af16f-2d45-4c53-94ff-fd2a7b172da9
2022-03-07 10:45:28,739 [grpc-default-executor-1] INFO  impl.RoleInfo (RoleInfo.java:shutdownFollowerState(108)) - 87b6de07-8797-4cbf-b451-3e4ee2b0e0ce: shutdown 87b6de07-8797-4cbf-b451-3e4ee2b0e0ce@group-36BAB0EB5D8E-FollowerState
2022-03-07 10:45:28,739 [grpc-default-executor-1] INFO  impl.RoleInfo (RoleInfo.java:updateAndGet(130)) - 87b6de07-8797-4cbf-b451-3e4ee2b0e0ce: start 87b6de07-8797-4cbf-b451-3e4ee2b0e0ce@group-36BAB0EB5D8E-FollowerState
2022-03-07 10:45:28,740 [grpc-default-executor-2] INFO  impl.RoleInfo (RoleInfo.java:shutdownFollowerState(108)) - 52f36989-14f1-4f78-bbcf-b5a9e40c92fe: shutdown 52f36989-14f1-4f78-bbcf-b5a9e40c92fe@group-36BAB0EB5D8E-FollowerState
2022-03-07 10:45:28,740 [87b6de07-8797-4cbf-b451-3e4ee2b0e0ce@group-36BAB0EB5D8E-FollowerState] INFO  impl.FollowerState (FollowerState.java:run(143)) - 87b6de07-8797-4cbf-b451-3e4ee2b0e0ce@group-36BAB0EB5D8E-FollowerState was interrupted: {}
java.lang.InterruptedException: sleep interrupted
	at java.lang.Thread.sleep(Native Method)
	at java.lang.Thread.sleep(Thread.java:342)
	at java.util.concurrent.TimeUnit.sleep(TimeUnit.java:386)
	at org.apache.ratis.util.TimeDuration.sleep(TimeDuration.java:324)
	at org.apache.ratis.util.TimeDuration.sleep(TimeDuration.java:309)
	at org.apache.ratis.server.impl.FollowerState.run(FollowerState.java:118)
2022-03-07 10:45:28,740 [52f36989-14f1-4f78-bbcf-b5a9e40c92fe@group-36BAB0EB5D8E-FollowerState] INFO  impl.FollowerState (FollowerState.java:run(143)) - 52f36989-14f1-4f78-bbcf-b5a9e40c92fe@group-36BAB0EB5D8E-FollowerState was interrupted: {}
java.lang.InterruptedException: sleep interrupted
	at java.lang.Thread.sleep(Native Method)
	at java.lang.Thread.sleep(Thread.java:342)
	at java.util.concurrent.TimeUnit.sleep(TimeUnit.java:386)
	at org.apache.ratis.util.TimeDuration.sleep(TimeDuration.java:324)
	at org.apache.ratis.util.TimeDuration.sleep(TimeDuration.java:309)
	at org.apache.ratis.server.impl.FollowerState.run(FollowerState.java:118)
2022-03-07 10:45:28,740 [grpc-default-executor-2] INFO  impl.RoleInfo (RoleInfo.java:updateAndGet(130)) - 52f36989-14f1-4f78-bbcf-b5a9e40c92fe: start 52f36989-14f1-4f78-bbcf-b5a9e40c92fe@group-36BAB0EB5D8E-FollowerState
2022-03-07 10:45:28,750 [grpc-default-executor-1] INFO  server.RaftServer$Division (RaftServerImpl.java:requestVote(1078)) - 87b6de07-8797-4cbf-b451-3e4ee2b0e0ce@group-36BAB0EB5D8E replies to ELECTION vote request: f24af16f-2d45-4c53-94ff-fd2a7b172da9<-87b6de07-8797-4cbf-b451-3e4ee2b0e0ce#0:OK-t1. Peer's state: 87b6de07-8797-4cbf-b451-3e4ee2b0e0ce@group-36BAB0EB5D8E:t1, leader=null, voted=f24af16f-2d45-4c53-94ff-fd2a7b172da9, raftlog=87b6de07-8797-4cbf-b451-3e4ee2b0e0ce@group-36BAB0EB5D8E-SegmentedRaftLog:OPENED:c-1, conf=-1: [87b6de07-8797-4cbf-b451-3e4ee2b0e0ce|rpc:10.1.0.23:33427|priority:0, 52f36989-14f1-4f78-bbcf-b5a9e40c92fe|rpc:10.1.0.23:36491|priority:1, f24af16f-2d45-4c53-94ff-fd2a7b172da9|rpc:10.1.0.23:46799|priority:0], old=null
2022-03-07 10:45:28,761 [grpc-default-executor-2] INFO  server.RaftServer$Division (RaftServerImpl.java:requestVote(1078)) - 52f36989-14f1-4f78-bbcf-b5a9e40c92fe@group-36BAB0EB5D8E replies to ELECTION vote request: f24af16f-2d45-4c53-94ff-fd2a7b172da9<-52f36989-14f1-4f78-bbcf-b5a9e40c92fe#0:FAIL-t1. Peer's state: 52f36989-14f1-4f78-bbcf-b5a9e40c92fe@group-36BAB0EB5D8E:t1, leader=null, voted=null, raftlog=52f36989-14f1-4f78-bbcf-b5a9e40c92fe@group-36BAB0EB5D8E-SegmentedRaftLog:OPENED:c-1, conf=-1: [87b6de07-8797-4cbf-b451-3e4ee2b0e0ce|rpc:10.1.0.23:33427|priority:0, 52f36989-14f1-4f78-bbcf-b5a9e40c92fe|rpc:10.1.0.23:36491|priority:1, f24af16f-2d45-4c53-94ff-fd2a7b172da9|rpc:10.1.0.23:46799|priority:0], old=null
2022-03-07 10:45:28,763 [f24af16f-2d45-4c53-94ff-fd2a7b172da9@group-36BAB0EB5D8E-LeaderElection8] INFO  impl.LeaderElection (LeaderElection.java:logAndReturn(89)) - f24af16f-2d45-4c53-94ff-fd2a7b172da9@group-36BAB0EB5D8E-LeaderElection8: ELECTION REJECTED received 2 response(s) and 0 exception(s):
2022-03-07 10:45:28,769 [f24af16f-2d45-4c53-94ff-fd2a7b172da9@group-36BAB0EB5D8E-LeaderElection8] INFO  impl.LeaderElection (LeaderElection.java:logAndReturn(93)) -   Response 0: f24af16f-2d45-4c53-94ff-fd2a7b172da9<-87b6de07-8797-4cbf-b451-3e4ee2b0e0ce#0:OK-t1
2022-03-07 10:45:28,769 [f24af16f-2d45-4c53-94ff-fd2a7b172da9@group-36BAB0EB5D8E-LeaderElection8] INFO  impl.LeaderElection (LeaderElection.java:logAndReturn(93)) -   Response 1: f24af16f-2d45-4c53-94ff-fd2a7b172da9<-52f36989-14f1-4f78-bbcf-b5a9e40c92fe#0:FAIL-t1
2022-03-07 10:45:28,769 [f24af16f-2d45-4c53-94ff-fd2a7b172da9@group-36BAB0EB5D8E-LeaderElection8] INFO  impl.LeaderElection (LeaderElection.java:askForVotes(308)) - f24af16f-2d45-4c53-94ff-fd2a7b172da9@group-36BAB0EB5D8E-LeaderElection8 ELECTION round 0: result REJECTED
2022-03-07 10:45:28,769 [f24af16f-2d45-4c53-94ff-fd2a7b172da9@group-36BAB0EB5D8E-LeaderElection8] INFO  server.RaftServer$Division (RaftServerImpl.java:setRole(290)) - f24af16f-2d45-4c53-94ff-fd2a7b172da9@group-36BAB0EB5D8E: changes role from CANDIDATE to FOLLOWER at term 1 for REJECTED
2022-03-07 10:45:28,769 [f24af16f-2d45-4c53-94ff-fd2a7b172da9@group-36BAB0EB5D8E-LeaderElection8] INFO  impl.RoleInfo (RoleInfo.java:shutdownLeaderElection(121)) - f24af16f-2d45-4c53-94ff-fd2a7b172da9: shutdown f24af16f-2d45-4c53-94ff-fd2a7b172da9@group-36BAB0EB5D8E-LeaderElection8
2022-03-07 10:45:28,769 [f24af16f-2d45-4c53-94ff-fd2a7b172da9@group-36BAB0EB5D8E-LeaderElection8] INFO  impl.RoleInfo (RoleInfo.java:updateAndGet(130)) - f24af16f-2d45-4c53-94ff-fd2a7b172da9: start f24af16f-2d45-4c53-94ff-fd2a7b172da9@group-36BAB0EB5D8E-FollowerState
2022-03-07 10:45:28,919 [87b6de07-8797-4cbf-b451-3e4ee2b0e0ce@group-7650FA64E760-FollowerState] INFO  impl.FollowerState (FollowerState.java:run(134)) - 87b6de07-8797-4cbf-b451-3e4ee2b0e0ce@group-7650FA64E760-FollowerState: change to CANDIDATE, lastRpcElapsedTime:5146935872ns, electionTimeout:5138ms
2022-03-07 10:45:28,920 [87b6de07-8797-4cbf-b451-3e4ee2b0e0ce@group-7650FA64E760-FollowerState] INFO  impl.RoleInfo (RoleInfo.java:shutdownFollowerState(108)) - 87b6de07-8797-4cbf-b451-3e4ee2b0e0ce: shutdown 87b6de07-8797-4cbf-b451-3e4ee2b0e0ce@group-7650FA64E760-FollowerState
2022-03-07 10:45:28,920 [87b6de07-8797-4cbf-b451-3e4ee2b0e0ce@group-7650FA64E760-FollowerState] INFO  server.RaftServer$Division (RaftServerImpl.java:setRole(290)) - 87b6de07-8797-4cbf-b451-3e4ee2b0e0ce@group-7650FA64E760: changes role from  FOLLOWER to CANDIDATE at term 0 for changeToCandidate
2022-03-07 10:45:28,921 [87b6de07-8797-4cbf-b451-3e4ee2b0e0ce@group-7650FA64E760-FollowerState] INFO  server.RaftServerConfigKeys (ConfUtils.java:logGet(44)) - raft.server.leaderelection.pre-vote = false (custom)
2022-03-07 10:45:28,921 [87b6de07-8797-4cbf-b451-3e4ee2b0e0ce@group-7650FA64E760-FollowerState] INFO  impl.RoleInfo (RoleInfo.java:updateAndGet(130)) - 87b6de07-8797-4cbf-b451-3e4ee2b0e0ce: start 87b6de07-8797-4cbf-b451-3e4ee2b0e0ce@group-7650FA64E760-LeaderElection9
2022-03-07 10:45:28,932 [87b6de07-8797-4cbf-b451-3e4ee2b0e0ce@group-7650FA64E760-LeaderElection9] INFO  impl.LeaderElection (LeaderElection.java:askForVotes(306)) - 87b6de07-8797-4cbf-b451-3e4ee2b0e0ce@group-7650FA64E760-LeaderElection9 ELECTION round 0: submit vote requests at term 1 for -1: [87b6de07-8797-4cbf-b451-3e4ee2b0e0ce|rpc:10.1.0.23:33427|priority:1], old=null
2022-03-07 10:45:28,932 [87b6de07-8797-4cbf-b451-3e4ee2b0e0ce@group-7650FA64E760-LeaderElection9] INFO  impl.LeaderElection (LeaderElection.java:askForVotes(308)) - 87b6de07-8797-4cbf-b451-3e4ee2b0e0ce@group-7650FA64E760-LeaderElection9 ELECTION round 0: result PASSED (term=1)
2022-03-07 10:45:28,932 [87b6de07-8797-4cbf-b451-3e4ee2b0e0ce@group-7650FA64E760-LeaderElection9] INFO  impl.RoleInfo (RoleInfo.java:shutdownLeaderElection(121)) - 87b6de07-8797-4cbf-b451-3e4ee2b0e0ce: shutdown 87b6de07-8797-4cbf-b451-3e4ee2b0e0ce@group-7650FA64E760-LeaderElection9
2022-03-07 10:45:28,932 [87b6de07-8797-4cbf-b451-3e4ee2b0e0ce@group-7650FA64E760-LeaderElection9] INFO  server.RaftServer$Division (RaftServerImpl.java:setRole(290)) - 87b6de07-8797-4cbf-b451-3e4ee2b0e0ce@group-7650FA64E760: changes role from CANDIDATE to LEADER at term 1 for changeToLeader
2022-03-07 10:45:28,932 [87b6de07-8797-4cbf-b451-3e4ee2b0e0ce@group-7650FA64E760-LeaderElection9] INFO  ratis.XceiverServerRatis (XceiverServerRatis.java:handleLeaderChangedNotification(867)) - Leader change notification received for group: group-7650FA64E760 with new leaderId: 87b6de07-8797-4cbf-b451-3e4ee2b0e0ce
2022-03-07 10:45:28,932 [87b6de07-8797-4cbf-b451-3e4ee2b0e0ce@group-7650FA64E760-LeaderElection9] INFO  server.RaftServer$Division (ServerState.java:setLeader(285)) - 87b6de07-8797-4cbf-b451-3e4ee2b0e0ce@group-7650FA64E760: change Leader from null to 87b6de07-8797-4cbf-b451-3e4ee2b0e0ce at term 1 for becomeLeader, leader elected after 5179ms
2022-03-07 10:45:28,934 [87b6de07-8797-4cbf-b451-3e4ee2b0e0ce@group-7650FA64E760-LeaderElection9] INFO  server.RaftServerConfigKeys (ConfUtils.java:logGet(44)) - raft.server.staging.catchup.gap = 1000 (default)
2022-03-07 10:45:28,934 [87b6de07-8797-4cbf-b451-3e4ee2b0e0ce@group-7650FA64E760-LeaderElection9] INFO  server.RaftServerConfigKeys (ConfUtils.java:logGet(44)) - raft.server.write.element-limit = 1024 (custom)
2022-03-07 10:45:28,934 [87b6de07-8797-4cbf-b451-3e4ee2b0e0ce@group-7650FA64E760-LeaderElection9] INFO  server.RaftServerConfigKeys (ConfUtils.java:logGet(44)) - raft.server.write.byte-limit = 1024 M (=1073741824) (custom)
2022-03-07 10:45:28,934 [EventQueue-OpenPipelineForHealthyPipelineSafeModeRule] INFO  safemode.SCMSafeModeManager (HealthyPipelineSafeModeRule.java:process(124)) - SCM in safe mode. Healthy pipelines reported count is 0, required healthy pipeline reported count is 1
2022-03-07 10:45:28,935 [87b6de07-8797-4cbf-b451-3e4ee2b0e0ce@group-7650FA64E760-LeaderElection9] INFO  server.RaftServerConfigKeys (ConfUtils.java:logGet(44)) - raft.server.watch.timeout = 180s (custom)
2022-03-07 10:45:28,935 [87b6de07-8797-4cbf-b451-3e4ee2b0e0ce@group-7650FA64E760-LeaderElection9] INFO  server.RaftServerConfigKeys (ConfUtils.java:logGet(44)) - raft.server.watch.timeout.denomination = 1s (default)
2022-03-07 10:45:28,935 [87b6de07-8797-4cbf-b451-3e4ee2b0e0ce@group-7650FA64E760-LeaderElection9] INFO  server.RaftServerConfigKeys (ConfUtils.java:logGet(44)) - raft.server.watch.element-limit = 65536 (default)
2022-03-07 10:45:28,936 [87b6de07-8797-4cbf-b451-3e4ee2b0e0ce@group-7650FA64E760-LeaderElection9] INFO  server.RaftServerConfigKeys (ConfUtils.java:logGet(44)) - raft.server.write.element-limit = 1024 (custom)
2022-03-07 10:45:28,936 [87b6de07-8797-4cbf-b451-3e4ee2b0e0ce@group-7650FA64E760-LeaderElection9] INFO  server.RaftServerConfigKeys (ConfUtils.java:logGet(44)) - raft.server.write.follower.gap.ratio.max = -1.0 (default)
2022-03-07 10:45:28,937 [87b6de07-8797-4cbf-b451-3e4ee2b0e0ce@group-7650FA64E760-LeaderElection9] INFO  impl.RoleInfo (RoleInfo.java:updateAndGet(130)) - 87b6de07-8797-4cbf-b451-3e4ee2b0e0ce: start 87b6de07-8797-4cbf-b451-3e4ee2b0e0ce@group-7650FA64E760-LeaderStateImpl
2022-03-07 10:45:28,937 [87b6de07-8797-4cbf-b451-3e4ee2b0e0ce@group-7650FA64E760-LeaderElection9] INFO  segmented.SegmentedRaftLogWorker (SegmentedRaftLogWorker.java:startLogSegment(394)) - 87b6de07-8797-4cbf-b451-3e4ee2b0e0ce@group-7650FA64E760-SegmentedRaftLogWorker: Starting segment from index:0
2022-03-07 10:45:28,944 [87b6de07-8797-4cbf-b451-3e4ee2b0e0ce@group-7650FA64E760-LeaderElection9] INFO  server.RaftServer$Division (ServerState.java:setRaftConf(387)) - 87b6de07-8797-4cbf-b451-3e4ee2b0e0ce@group-7650FA64E760: set configuration 0: [87b6de07-8797-4cbf-b451-3e4ee2b0e0ce|rpc:10.1.0.23:33427|dataStream:|priority:1], old=null
2022-03-07 10:45:28,944 [87b6de07-8797-4cbf-b451-3e4ee2b0e0ce@group-7650FA64E760-SegmentedRaftLogWorker] INFO  segmented.SegmentedRaftLogWorker (SegmentedRaftLogWorker.java:execute(601)) - 87b6de07-8797-4cbf-b451-3e4ee2b0e0ce@group-7650FA64E760-SegmentedRaftLogWorker: created new log segment /home/runner/work/ozone/ozone/hadoop-ozone/integration-test/target/test-dir/MiniOzoneClusterImpl-6216e668-73b2-4868-9d6f-465a6cf4cf6e/datanode-1/data/ratis/024ce651-23bf-4ece-9216-7650fa64e760/current/log_inprogress_0
2022-03-07 10:45:29,088 [Listener at 127.0.0.1/46693] INFO  ozone.MiniOzoneClusterImpl (MiniOzoneClusterImpl.java:lambda$waitForClusterToBeReady$0(219)) - Nodes are ready. Got 3 of 3 DN Heartbeats.
2022-03-07 10:45:29,089 [Listener at 127.0.0.1/46693] INFO  ozone.MiniOzoneClusterImpl (MiniOzoneClusterImpl.java:lambda$waitForClusterToBeReady$0(222)) - Waiting for cluster to exit safe mode
2022-03-07 10:45:29,089 [Listener at 127.0.0.1/46693] INFO  ozone.MiniOzoneClusterImpl (MiniOzoneClusterImpl.java:lambda$waitForClusterToBeReady$0(224)) - SCM became leader
2022-03-07 10:45:29,297 [52f36989-14f1-4f78-bbcf-b5a9e40c92fe@group-B1CCC4C645F7-FollowerState] INFO  impl.FollowerState (FollowerState.java:run(134)) - 52f36989-14f1-4f78-bbcf-b5a9e40c92fe@group-B1CCC4C645F7-FollowerState: change to CANDIDATE, lastRpcElapsedTime:5154948028ns, electionTimeout:5147ms
2022-03-07 10:45:29,297 [52f36989-14f1-4f78-bbcf-b5a9e40c92fe@group-B1CCC4C645F7-FollowerState] INFO  impl.RoleInfo (RoleInfo.java:shutdownFollowerState(108)) - 52f36989-14f1-4f78-bbcf-b5a9e40c92fe: shutdown 52f36989-14f1-4f78-bbcf-b5a9e40c92fe@group-B1CCC4C645F7-FollowerState
2022-03-07 10:45:29,297 [52f36989-14f1-4f78-bbcf-b5a9e40c92fe@group-B1CCC4C645F7-FollowerState] INFO  server.RaftServer$Division (RaftServerImpl.java:setRole(290)) - 52f36989-14f1-4f78-bbcf-b5a9e40c92fe@group-B1CCC4C645F7: changes role from  FOLLOWER to CANDIDATE at term 0 for changeToCandidate
2022-03-07 10:45:29,299 [52f36989-14f1-4f78-bbcf-b5a9e40c92fe@group-B1CCC4C645F7-FollowerState] INFO  server.RaftServerConfigKeys (ConfUtils.java:logGet(44)) - raft.server.leaderelection.pre-vote = false (custom)
2022-03-07 10:45:29,299 [52f36989-14f1-4f78-bbcf-b5a9e40c92fe@group-B1CCC4C645F7-FollowerState] INFO  impl.RoleInfo (RoleInfo.java:updateAndGet(130)) - 52f36989-14f1-4f78-bbcf-b5a9e40c92fe: start 52f36989-14f1-4f78-bbcf-b5a9e40c92fe@group-B1CCC4C645F7-LeaderElection10
2022-03-07 10:45:29,313 [52f36989-14f1-4f78-bbcf-b5a9e40c92fe@group-B1CCC4C645F7-LeaderElection10] INFO  impl.LeaderElection (LeaderElection.java:askForVotes(306)) - 52f36989-14f1-4f78-bbcf-b5a9e40c92fe@group-B1CCC4C645F7-LeaderElection10 ELECTION round 0: submit vote requests at term 1 for -1: [52f36989-14f1-4f78-bbcf-b5a9e40c92fe|rpc:10.1.0.23:36491|priority:1], old=null
2022-03-07 10:45:29,313 [52f36989-14f1-4f78-bbcf-b5a9e40c92fe@group-B1CCC4C645F7-LeaderElection10] INFO  impl.LeaderElection (LeaderElection.java:askForVotes(308)) - 52f36989-14f1-4f78-bbcf-b5a9e40c92fe@group-B1CCC4C645F7-LeaderElection10 ELECTION round 0: result PASSED (term=1)
2022-03-07 10:45:29,313 [52f36989-14f1-4f78-bbcf-b5a9e40c92fe@group-B1CCC4C645F7-LeaderElection10] INFO  impl.RoleInfo (RoleInfo.java:shutdownLeaderElection(121)) - 52f36989-14f1-4f78-bbcf-b5a9e40c92fe: shutdown 52f36989-14f1-4f78-bbcf-b5a9e40c92fe@group-B1CCC4C645F7-LeaderElection10
2022-03-07 10:45:29,313 [52f36989-14f1-4f78-bbcf-b5a9e40c92fe@group-B1CCC4C645F7-LeaderElection10] INFO  server.RaftServer$Division (RaftServerImpl.java:setRole(290)) - 52f36989-14f1-4f78-bbcf-b5a9e40c92fe@group-B1CCC4C645F7: changes role from CANDIDATE to LEADER at term 1 for changeToLeader
2022-03-07 10:45:29,313 [52f36989-14f1-4f78-bbcf-b5a9e40c92fe@group-B1CCC4C645F7-LeaderElection10] INFO  ratis.XceiverServerRatis (XceiverServerRatis.java:handleLeaderChangedNotification(867)) - Leader change notification received for group: group-B1CCC4C645F7 with new leaderId: 52f36989-14f1-4f78-bbcf-b5a9e40c92fe
2022-03-07 10:45:29,313 [52f36989-14f1-4f78-bbcf-b5a9e40c92fe@group-B1CCC4C645F7-LeaderElection10] INFO  server.RaftServer$Division (ServerState.java:setLeader(285)) - 52f36989-14f1-4f78-bbcf-b5a9e40c92fe@group-B1CCC4C645F7: change Leader from null to 52f36989-14f1-4f78-bbcf-b5a9e40c92fe at term 1 for becomeLeader, leader elected after 5190ms
2022-03-07 10:45:29,313 [52f36989-14f1-4f78-bbcf-b5a9e40c92fe@group-B1CCC4C645F7-LeaderElection10] INFO  server.RaftServerConfigKeys (ConfUtils.java:logGet(44)) - raft.server.staging.catchup.gap = 1000 (default)
2022-03-07 10:45:29,314 [52f36989-14f1-4f78-bbcf-b5a9e40c92fe@group-B1CCC4C645F7-LeaderElection10] INFO  server.RaftServerConfigKeys (ConfUtils.java:logGet(44)) - raft.server.write.element-limit = 1024 (custom)
2022-03-07 10:45:29,314 [52f36989-14f1-4f78-bbcf-b5a9e40c92fe@group-B1CCC4C645F7-LeaderElection10] INFO  server.RaftServerConfigKeys (ConfUtils.java:logGet(44)) - raft.server.write.byte-limit = 1024 M (=1073741824) (custom)
2022-03-07 10:45:29,314 [52f36989-14f1-4f78-bbcf-b5a9e40c92fe@group-B1CCC4C645F7-LeaderElection10] INFO  server.RaftServerConfigKeys (ConfUtils.java:logGet(44)) - raft.server.watch.timeout = 180s (custom)
2022-03-07 10:45:29,314 [52f36989-14f1-4f78-bbcf-b5a9e40c92fe@group-B1CCC4C645F7-LeaderElection10] INFO  server.RaftServerConfigKeys (ConfUtils.java:logGet(44)) - raft.server.watch.timeout.denomination = 1s (default)
2022-03-07 10:45:29,314 [52f36989-14f1-4f78-bbcf-b5a9e40c92fe@group-B1CCC4C645F7-LeaderElection10] INFO  server.RaftServerConfigKeys (ConfUtils.java:logGet(44)) - raft.server.watch.element-limit = 65536 (default)
2022-03-07 10:45:29,314 [52f36989-14f1-4f78-bbcf-b5a9e40c92fe@group-B1CCC4C645F7-LeaderElection10] INFO  server.RaftServerConfigKeys (ConfUtils.java:logGet(44)) - raft.server.write.element-limit = 1024 (custom)
2022-03-07 10:45:29,314 [52f36989-14f1-4f78-bbcf-b5a9e40c92fe@group-B1CCC4C645F7-LeaderElection10] INFO  server.RaftServerConfigKeys (ConfUtils.java:logGet(44)) - raft.server.write.follower.gap.ratio.max = -1.0 (default)
2022-03-07 10:45:29,314 [52f36989-14f1-4f78-bbcf-b5a9e40c92fe@group-B1CCC4C645F7-LeaderElection10] INFO  impl.RoleInfo (RoleInfo.java:updateAndGet(130)) - 52f36989-14f1-4f78-bbcf-b5a9e40c92fe: start 52f36989-14f1-4f78-bbcf-b5a9e40c92fe@group-B1CCC4C645F7-LeaderStateImpl
2022-03-07 10:45:29,315 [52f36989-14f1-4f78-bbcf-b5a9e40c92fe@group-B1CCC4C645F7-LeaderElection10] INFO  segmented.SegmentedRaftLogWorker (SegmentedRaftLogWorker.java:startLogSegment(394)) - 52f36989-14f1-4f78-bbcf-b5a9e40c92fe@group-B1CCC4C645F7-SegmentedRaftLogWorker: Starting segment from index:0
2022-03-07 10:45:29,317 [EventQueue-OpenPipelineForHealthyPipelineSafeModeRule] INFO  safemode.SCMSafeModeManager (HealthyPipelineSafeModeRule.java:process(124)) - SCM in safe mode. Healthy pipelines reported count is 0, required healthy pipeline reported count is 1
2022-03-07 10:45:29,321 [52f36989-14f1-4f78-bbcf-b5a9e40c92fe@group-B1CCC4C645F7-SegmentedRaftLogWorker] INFO  segmented.SegmentedRaftLogWorker (SegmentedRaftLogWorker.java:execute(601)) - 52f36989-14f1-4f78-bbcf-b5a9e40c92fe@group-B1CCC4C645F7-SegmentedRaftLogWorker: created new log segment /home/runner/work/ozone/ozone/hadoop-ozone/integration-test/target/test-dir/MiniOzoneClusterImpl-6216e668-73b2-4868-9d6f-465a6cf4cf6e/datanode-2/data/ratis/1debe691-fd3e-49ec-81a9-b1ccc4c645f7/current/log_inprogress_0
2022-03-07 10:45:29,329 [52f36989-14f1-4f78-bbcf-b5a9e40c92fe@group-B1CCC4C645F7-LeaderElection10] INFO  server.RaftServer$Division (ServerState.java:setRaftConf(387)) - 52f36989-14f1-4f78-bbcf-b5a9e40c92fe@group-B1CCC4C645F7: set configuration 0: [52f36989-14f1-4f78-bbcf-b5a9e40c92fe|rpc:10.1.0.23:36491|dataStream:|priority:1], old=null
2022-03-07 10:45:30,089 [Listener at 127.0.0.1/46693] INFO  ozone.MiniOzoneClusterImpl (MiniOzoneClusterImpl.java:lambda$waitForClusterToBeReady$0(219)) - Nodes are ready. Got 3 of 3 DN Heartbeats.
2022-03-07 10:45:30,089 [Listener at 127.0.0.1/46693] INFO  ozone.MiniOzoneClusterImpl (MiniOzoneClusterImpl.java:lambda$waitForClusterToBeReady$0(222)) - Waiting for cluster to exit safe mode
2022-03-07 10:45:30,089 [Listener at 127.0.0.1/46693] INFO  ozone.MiniOzoneClusterImpl (MiniOzoneClusterImpl.java:lambda$waitForClusterToBeReady$0(224)) - SCM became leader
2022-03-07 10:45:31,090 [Listener at 127.0.0.1/46693] INFO  ozone.MiniOzoneClusterImpl (MiniOzoneClusterImpl.java:lambda$waitForClusterToBeReady$0(219)) - Nodes are ready. Got 3 of 3 DN Heartbeats.
2022-03-07 10:45:31,090 [Listener at 127.0.0.1/46693] INFO  ozone.MiniOzoneClusterImpl (MiniOzoneClusterImpl.java:lambda$waitForClusterToBeReady$0(222)) - Waiting for cluster to exit safe mode
2022-03-07 10:45:31,090 [Listener at 127.0.0.1/46693] INFO  ozone.MiniOzoneClusterImpl (MiniOzoneClusterImpl.java:lambda$waitForClusterToBeReady$0(224)) - SCM became leader
2022-03-07 10:45:32,091 [Listener at 127.0.0.1/46693] INFO  ozone.MiniOzoneClusterImpl (MiniOzoneClusterImpl.java:lambda$waitForClusterToBeReady$0(219)) - Nodes are ready. Got 3 of 3 DN Heartbeats.
2022-03-07 10:45:32,091 [Listener at 127.0.0.1/46693] INFO  ozone.MiniOzoneClusterImpl (MiniOzoneClusterImpl.java:lambda$waitForClusterToBeReady$0(222)) - Waiting for cluster to exit safe mode
2022-03-07 10:45:32,091 [Listener at 127.0.0.1/46693] INFO  ozone.MiniOzoneClusterImpl (MiniOzoneClusterImpl.java:lambda$waitForClusterToBeReady$0(224)) - SCM became leader
2022-03-07 10:45:33,091 [Listener at 127.0.0.1/46693] INFO  ozone.MiniOzoneClusterImpl (MiniOzoneClusterImpl.java:lambda$waitForClusterToBeReady$0(219)) - Nodes are ready. Got 3 of 3 DN Heartbeats.
2022-03-07 10:45:33,092 [Listener at 127.0.0.1/46693] INFO  ozone.MiniOzoneClusterImpl (MiniOzoneClusterImpl.java:lambda$waitForClusterToBeReady$0(222)) - Waiting for cluster to exit safe mode
2022-03-07 10:45:33,092 [Listener at 127.0.0.1/46693] INFO  ozone.MiniOzoneClusterImpl (MiniOzoneClusterImpl.java:lambda$waitForClusterToBeReady$0(224)) - SCM became leader
2022-03-07 10:45:33,854 [87b6de07-8797-4cbf-b451-3e4ee2b0e0ce@group-36BAB0EB5D8E-FollowerState] INFO  impl.FollowerState (FollowerState.java:run(134)) - 87b6de07-8797-4cbf-b451-3e4ee2b0e0ce@group-36BAB0EB5D8E-FollowerState: change to CANDIDATE, lastRpcElapsedTime:5110998876ns, electionTimeout:5104ms
2022-03-07 10:45:33,854 [87b6de07-8797-4cbf-b451-3e4ee2b0e0ce@group-36BAB0EB5D8E-FollowerState] INFO  impl.RoleInfo (RoleInfo.java:shutdownFollowerState(108)) - 87b6de07-8797-4cbf-b451-3e4ee2b0e0ce: shutdown 87b6de07-8797-4cbf-b451-3e4ee2b0e0ce@group-36BAB0EB5D8E-FollowerState
2022-03-07 10:45:33,854 [87b6de07-8797-4cbf-b451-3e4ee2b0e0ce@group-36BAB0EB5D8E-FollowerState] INFO  server.RaftServer$Division (RaftServerImpl.java:setRole(290)) - 87b6de07-8797-4cbf-b451-3e4ee2b0e0ce@group-36BAB0EB5D8E: changes role from  FOLLOWER to CANDIDATE at term 1 for changeToCandidate
2022-03-07 10:45:33,854 [87b6de07-8797-4cbf-b451-3e4ee2b0e0ce@group-36BAB0EB5D8E-FollowerState] INFO  server.RaftServerConfigKeys (ConfUtils.java:logGet(44)) - raft.server.leaderelection.pre-vote = false (custom)
2022-03-07 10:45:33,854 [87b6de07-8797-4cbf-b451-3e4ee2b0e0ce@group-36BAB0EB5D8E-FollowerState] INFO  impl.RoleInfo (RoleInfo.java:updateAndGet(130)) - 87b6de07-8797-4cbf-b451-3e4ee2b0e0ce: start 87b6de07-8797-4cbf-b451-3e4ee2b0e0ce@group-36BAB0EB5D8E-LeaderElection11
2022-03-07 10:45:33,859 [87b6de07-8797-4cbf-b451-3e4ee2b0e0ce@group-36BAB0EB5D8E-LeaderElection11] INFO  impl.LeaderElection (LeaderElection.java:askForVotes(306)) - 87b6de07-8797-4cbf-b451-3e4ee2b0e0ce@group-36BAB0EB5D8E-LeaderElection11 ELECTION round 0: submit vote requests at term 2 for -1: [87b6de07-8797-4cbf-b451-3e4ee2b0e0ce|rpc:10.1.0.23:33427|priority:0, 52f36989-14f1-4f78-bbcf-b5a9e40c92fe|rpc:10.1.0.23:36491|priority:1, f24af16f-2d45-4c53-94ff-fd2a7b172da9|rpc:10.1.0.23:46799|priority:0], old=null
2022-03-07 10:45:33,871 [grpc-default-executor-2] INFO  server.RaftServer$Division (RaftServerImpl.java:requestVote(1046)) - 52f36989-14f1-4f78-bbcf-b5a9e40c92fe@group-36BAB0EB5D8E: receive requestVote(ELECTION, 87b6de07-8797-4cbf-b451-3e4ee2b0e0ce, group-36BAB0EB5D8E, 2, (t:0, i:0))
2022-03-07 10:45:33,871 [grpc-default-executor-2] INFO  impl.VoteContext (VoteContext.java:log(48)) - 52f36989-14f1-4f78-bbcf-b5a9e40c92fe@group-36BAB0EB5D8E-FOLLOWER: reject ELECTION from 87b6de07-8797-4cbf-b451-3e4ee2b0e0ce: our priority 1 > candidate's priority 0
2022-03-07 10:45:33,871 [grpc-default-executor-2] INFO  server.RaftServer$Division (RaftServerImpl.java:setRole(290)) - 52f36989-14f1-4f78-bbcf-b5a9e40c92fe@group-36BAB0EB5D8E: changes role from  FOLLOWER to FOLLOWER at term 2 for candidate:87b6de07-8797-4cbf-b451-3e4ee2b0e0ce
2022-03-07 10:45:33,871 [grpc-default-executor-2] INFO  impl.RoleInfo (RoleInfo.java:shutdownFollowerState(108)) - 52f36989-14f1-4f78-bbcf-b5a9e40c92fe: shutdown 52f36989-14f1-4f78-bbcf-b5a9e40c92fe@group-36BAB0EB5D8E-FollowerState
2022-03-07 10:45:33,871 [grpc-default-executor-2] INFO  impl.RoleInfo (RoleInfo.java:updateAndGet(130)) - 52f36989-14f1-4f78-bbcf-b5a9e40c92fe: start 52f36989-14f1-4f78-bbcf-b5a9e40c92fe@group-36BAB0EB5D8E-FollowerState
2022-03-07 10:45:33,871 [52f36989-14f1-4f78-bbcf-b5a9e40c92fe@group-36BAB0EB5D8E-FollowerState] INFO  impl.FollowerState (FollowerState.java:run(143)) - 52f36989-14f1-4f78-bbcf-b5a9e40c92fe@group-36BAB0EB5D8E-FollowerState was interrupted: {}
java.lang.InterruptedException: sleep interrupted
	at java.lang.Thread.sleep(Native Method)
	at java.lang.Thread.sleep(Thread.java:342)
	at java.util.concurrent.TimeUnit.sleep(TimeUnit.java:386)
	at org.apache.ratis.util.TimeDuration.sleep(TimeDuration.java:324)
	at org.apache.ratis.util.TimeDuration.sleep(TimeDuration.java:309)
	at org.apache.ratis.server.impl.FollowerState.run(FollowerState.java:118)
2022-03-07 10:45:33,877 [grpc-default-executor-2] INFO  server.RaftServer$Division (RaftServerImpl.java:requestVote(1078)) - 52f36989-14f1-4f78-bbcf-b5a9e40c92fe@group-36BAB0EB5D8E replies to ELECTION vote request: 87b6de07-8797-4cbf-b451-3e4ee2b0e0ce<-52f36989-14f1-4f78-bbcf-b5a9e40c92fe#0:FAIL-t2. Peer's state: 52f36989-14f1-4f78-bbcf-b5a9e40c92fe@group-36BAB0EB5D8E:t2, leader=null, voted=null, raftlog=52f36989-14f1-4f78-bbcf-b5a9e40c92fe@group-36BAB0EB5D8E-SegmentedRaftLog:OPENED:c-1, conf=-1: [87b6de07-8797-4cbf-b451-3e4ee2b0e0ce|rpc:10.1.0.23:33427|priority:0, 52f36989-14f1-4f78-bbcf-b5a9e40c92fe|rpc:10.1.0.23:36491|priority:1, f24af16f-2d45-4c53-94ff-fd2a7b172da9|rpc:10.1.0.23:46799|priority:0], old=null
2022-03-07 10:45:33,880 [f24af16f-2d45-4c53-94ff-fd2a7b172da9@group-36BAB0EB5D8E-FollowerState] INFO  impl.FollowerState (FollowerState.java:run(134)) - f24af16f-2d45-4c53-94ff-fd2a7b172da9@group-36BAB0EB5D8E-FollowerState: change to CANDIDATE, lastRpcElapsedTime:5111413299ns, electionTimeout:5095ms
2022-03-07 10:45:33,880 [f24af16f-2d45-4c53-94ff-fd2a7b172da9@group-36BAB0EB5D8E-FollowerState] INFO  impl.RoleInfo (RoleInfo.java:shutdownFollowerState(108)) - f24af16f-2d45-4c53-94ff-fd2a7b172da9: shutdown f24af16f-2d45-4c53-94ff-fd2a7b172da9@group-36BAB0EB5D8E-FollowerState
2022-03-07 10:45:33,881 [f24af16f-2d45-4c53-94ff-fd2a7b172da9@group-36BAB0EB5D8E-FollowerState] INFO  server.RaftServer$Division (RaftServerImpl.java:setRole(290)) - f24af16f-2d45-4c53-94ff-fd2a7b172da9@group-36BAB0EB5D8E: changes role from  FOLLOWER to CANDIDATE at term 1 for changeToCandidate
2022-03-07 10:45:33,881 [f24af16f-2d45-4c53-94ff-fd2a7b172da9@group-36BAB0EB5D8E-FollowerState] INFO  server.RaftServerConfigKeys (ConfUtils.java:logGet(44)) - raft.server.leaderelection.pre-vote = false (custom)
2022-03-07 10:45:33,881 [f24af16f-2d45-4c53-94ff-fd2a7b172da9@group-36BAB0EB5D8E-FollowerState] INFO  impl.RoleInfo (RoleInfo.java:updateAndGet(130)) - f24af16f-2d45-4c53-94ff-fd2a7b172da9: start f24af16f-2d45-4c53-94ff-fd2a7b172da9@group-36BAB0EB5D8E-LeaderElection12
2022-03-07 10:45:33,886 [87b6de07-8797-4cbf-b451-3e4ee2b0e0ce@group-36BAB0EB5D8E-LeaderElection11] INFO  impl.LeaderElection (LeaderElection.java:logAndReturn(89)) - 87b6de07-8797-4cbf-b451-3e4ee2b0e0ce@group-36BAB0EB5D8E-LeaderElection11: ELECTION REJECTED received 1 response(s) and 0 exception(s):
2022-03-07 10:45:33,887 [87b6de07-8797-4cbf-b451-3e4ee2b0e0ce@group-36BAB0EB5D8E-LeaderElection11] INFO  impl.LeaderElection (LeaderElection.java:logAndReturn(93)) -   Response 0: 87b6de07-8797-4cbf-b451-3e4ee2b0e0ce<-52f36989-14f1-4f78-bbcf-b5a9e40c92fe#0:FAIL-t2
2022-03-07 10:45:33,887 [87b6de07-8797-4cbf-b451-3e4ee2b0e0ce@group-36BAB0EB5D8E-LeaderElection11] INFO  impl.LeaderElection (LeaderElection.java:askForVotes(308)) - 87b6de07-8797-4cbf-b451-3e4ee2b0e0ce@group-36BAB0EB5D8E-LeaderElection11 ELECTION round 0: result REJECTED
2022-03-07 10:45:33,887 [87b6de07-8797-4cbf-b451-3e4ee2b0e0ce@group-36BAB0EB5D8E-LeaderElection11] INFO  server.RaftServer$Division (RaftServerImpl.java:setRole(290)) - 87b6de07-8797-4cbf-b451-3e4ee2b0e0ce@group-36BAB0EB5D8E: changes role from CANDIDATE to FOLLOWER at term 2 for REJECTED
2022-03-07 10:45:33,887 [87b6de07-8797-4cbf-b451-3e4ee2b0e0ce@group-36BAB0EB5D8E-LeaderElection11] INFO  impl.RoleInfo (RoleInfo.java:shutdownLeaderElection(121)) - 87b6de07-8797-4cbf-b451-3e4ee2b0e0ce: shutdown 87b6de07-8797-4cbf-b451-3e4ee2b0e0ce@group-36BAB0EB5D8E-LeaderElection11
2022-03-07 10:45:33,887 [87b6de07-8797-4cbf-b451-3e4ee2b0e0ce@group-36BAB0EB5D8E-LeaderElection11] INFO  impl.RoleInfo (RoleInfo.java:updateAndGet(130)) - 87b6de07-8797-4cbf-b451-3e4ee2b0e0ce: start 87b6de07-8797-4cbf-b451-3e4ee2b0e0ce@group-36BAB0EB5D8E-FollowerState
2022-03-07 10:45:33,887 [f24af16f-2d45-4c53-94ff-fd2a7b172da9@group-36BAB0EB5D8E-LeaderElection12] INFO  impl.LeaderElection (LeaderElection.java:askForVotes(306)) - f24af16f-2d45-4c53-94ff-fd2a7b172da9@group-36BAB0EB5D8E-LeaderElection12 ELECTION round 0: submit vote requests at term 2 for -1: [87b6de07-8797-4cbf-b451-3e4ee2b0e0ce|rpc:10.1.0.23:33427|priority:0, 52f36989-14f1-4f78-bbcf-b5a9e40c92fe|rpc:10.1.0.23:36491|priority:1, f24af16f-2d45-4c53-94ff-fd2a7b172da9|rpc:10.1.0.23:46799|priority:0], old=null
2022-03-07 10:45:33,896 [grpc-default-executor-2] INFO  server.RaftServer$Division (RaftServerImpl.java:requestVote(1046)) - f24af16f-2d45-4c53-94ff-fd2a7b172da9@group-36BAB0EB5D8E: receive requestVote(ELECTION, 87b6de07-8797-4cbf-b451-3e4ee2b0e0ce, group-36BAB0EB5D8E, 2, (t:0, i:0))
2022-03-07 10:45:33,897 [grpc-default-executor-2] INFO  impl.VoteContext (VoteContext.java:log(48)) - f24af16f-2d45-4c53-94ff-fd2a7b172da9@group-36BAB0EB5D8E-CANDIDATE: reject ELECTION from 87b6de07-8797-4cbf-b451-3e4ee2b0e0ce: already has voted for f24af16f-2d45-4c53-94ff-fd2a7b172da9 at current term 2
2022-03-07 10:45:33,897 [grpc-default-executor-2] INFO  server.RaftServer$Division (RaftServerImpl.java:requestVote(1078)) - f24af16f-2d45-4c53-94ff-fd2a7b172da9@group-36BAB0EB5D8E replies to ELECTION vote request: 87b6de07-8797-4cbf-b451-3e4ee2b0e0ce<-f24af16f-2d45-4c53-94ff-fd2a7b172da9#0:FAIL-t2. Peer's state: f24af16f-2d45-4c53-94ff-fd2a7b172da9@group-36BAB0EB5D8E:t2, leader=null, voted=f24af16f-2d45-4c53-94ff-fd2a7b172da9, raftlog=f24af16f-2d45-4c53-94ff-fd2a7b172da9@group-36BAB0EB5D8E-SegmentedRaftLog:OPENED:c-1, conf=-1: [87b6de07-8797-4cbf-b451-3e4ee2b0e0ce|rpc:10.1.0.23:33427|priority:0, 52f36989-14f1-4f78-bbcf-b5a9e40c92fe|rpc:10.1.0.23:36491|priority:1, f24af16f-2d45-4c53-94ff-fd2a7b172da9|rpc:10.1.0.23:46799|priority:0], old=null
2022-03-07 10:45:33,917 [grpc-default-executor-2] INFO  server.RaftServer$Division (RaftServerImpl.java:requestVote(1046)) - 52f36989-14f1-4f78-bbcf-b5a9e40c92fe@group-36BAB0EB5D8E: receive requestVote(ELECTION, f24af16f-2d45-4c53-94ff-fd2a7b172da9, group-36BAB0EB5D8E, 2, (t:0, i:0))
2022-03-07 10:45:33,917 [grpc-default-executor-2] INFO  impl.VoteContext (VoteContext.java:log(48)) - 52f36989-14f1-4f78-bbcf-b5a9e40c92fe@group-36BAB0EB5D8E-FOLLOWER: reject ELECTION from f24af16f-2d45-4c53-94ff-fd2a7b172da9: our priority 1 > candidate's priority 0
2022-03-07 10:45:33,917 [grpc-default-executor-2] INFO  server.RaftServer$Division (RaftServerImpl.java:setRole(290)) - 52f36989-14f1-4f78-bbcf-b5a9e40c92fe@group-36BAB0EB5D8E: changes role from  FOLLOWER to FOLLOWER at term 2 for candidate:f24af16f-2d45-4c53-94ff-fd2a7b172da9
2022-03-07 10:45:33,917 [grpc-default-executor-2] INFO  impl.RoleInfo (RoleInfo.java:shutdownFollowerState(108)) - 52f36989-14f1-4f78-bbcf-b5a9e40c92fe: shutdown 52f36989-14f1-4f78-bbcf-b5a9e40c92fe@group-36BAB0EB5D8E-FollowerState
2022-03-07 10:45:33,917 [grpc-default-executor-2] INFO  impl.RoleInfo (RoleInfo.java:updateAndGet(130)) - 52f36989-14f1-4f78-bbcf-b5a9e40c92fe: start 52f36989-14f1-4f78-bbcf-b5a9e40c92fe@group-36BAB0EB5D8E-FollowerState
2022-03-07 10:45:33,918 [grpc-default-executor-1] INFO  server.RaftServer$Division (RaftServerImpl.java:requestVote(1046)) - 87b6de07-8797-4cbf-b451-3e4ee2b0e0ce@group-36BAB0EB5D8E: receive requestVote(ELECTION, f24af16f-2d45-4c53-94ff-fd2a7b172da9, group-36BAB0EB5D8E, 2, (t:0, i:0))
2022-03-07 10:45:33,925 [grpc-default-executor-1] INFO  impl.VoteContext (VoteContext.java:log(48)) - 87b6de07-8797-4cbf-b451-3e4ee2b0e0ce@group-36BAB0EB5D8E-FOLLOWER: reject ELECTION from f24af16f-2d45-4c53-94ff-fd2a7b172da9: already has voted for 87b6de07-8797-4cbf-b451-3e4ee2b0e0ce at current term 2
2022-03-07 10:45:33,925 [grpc-default-executor-1] INFO  server.RaftServer$Division (RaftServerImpl.java:requestVote(1078)) - 87b6de07-8797-4cbf-b451-3e4ee2b0e0ce@group-36BAB0EB5D8E replies to ELECTION vote request: f24af16f-2d45-4c53-94ff-fd2a7b172da9<-87b6de07-8797-4cbf-b451-3e4ee2b0e0ce#0:FAIL-t2. Peer's state: 87b6de07-8797-4cbf-b451-3e4ee2b0e0ce@group-36BAB0EB5D8E:t2, leader=null, voted=87b6de07-8797-4cbf-b451-3e4ee2b0e0ce, raftlog=87b6de07-8797-4cbf-b451-3e4ee2b0e0ce@group-36BAB0EB5D8E-SegmentedRaftLog:OPENED:c-1, conf=-1: [87b6de07-8797-4cbf-b451-3e4ee2b0e0ce|rpc:10.1.0.23:33427|priority:0, 52f36989-14f1-4f78-bbcf-b5a9e40c92fe|rpc:10.1.0.23:36491|priority:1, f24af16f-2d45-4c53-94ff-fd2a7b172da9|rpc:10.1.0.23:46799|priority:0], old=null
2022-03-07 10:45:33,924 [grpc-default-executor-2] INFO  server.RaftServer$Division (RaftServerImpl.java:requestVote(1078)) - 52f36989-14f1-4f78-bbcf-b5a9e40c92fe@group-36BAB0EB5D8E replies to ELECTION vote request: f24af16f-2d45-4c53-94ff-fd2a7b172da9<-52f36989-14f1-4f78-bbcf-b5a9e40c92fe#0:FAIL-t2. Peer's state: 52f36989-14f1-4f78-bbcf-b5a9e40c92fe@group-36BAB0EB5D8E:t2, leader=null, voted=null, raftlog=52f36989-14f1-4f78-bbcf-b5a9e40c92fe@group-36BAB0EB5D8E-SegmentedRaftLog:OPENED:c-1, conf=-1: [87b6de07-8797-4cbf-b451-3e4ee2b0e0ce|rpc:10.1.0.23:33427|priority:0, 52f36989-14f1-4f78-bbcf-b5a9e40c92fe|rpc:10.1.0.23:36491|priority:1, f24af16f-2d45-4c53-94ff-fd2a7b172da9|rpc:10.1.0.23:46799|priority:0], old=null
2022-03-07 10:45:33,918 [52f36989-14f1-4f78-bbcf-b5a9e40c92fe@group-36BAB0EB5D8E-FollowerState] INFO  impl.FollowerState (FollowerState.java:run(143)) - 52f36989-14f1-4f78-bbcf-b5a9e40c92fe@group-36BAB0EB5D8E-FollowerState was interrupted: {}
java.lang.InterruptedException: sleep interrupted
	at java.lang.Thread.sleep(Native Method)
	at java.lang.Thread.sleep(Thread.java:342)
	at java.util.concurrent.TimeUnit.sleep(TimeUnit.java:386)
	at org.apache.ratis.util.TimeDuration.sleep(TimeDuration.java:324)
	at org.apache.ratis.util.TimeDuration.sleep(TimeDuration.java:309)
	at org.apache.ratis.server.impl.FollowerState.run(FollowerState.java:118)
2022-03-07 10:45:33,929 [f24af16f-2d45-4c53-94ff-fd2a7b172da9@group-36BAB0EB5D8E-LeaderElection12] INFO  impl.LeaderElection (LeaderElection.java:logAndReturn(89)) - f24af16f-2d45-4c53-94ff-fd2a7b172da9@group-36BAB0EB5D8E-LeaderElection12: ELECTION REJECTED received 1 response(s) and 0 exception(s):
2022-03-07 10:45:33,930 [f24af16f-2d45-4c53-94ff-fd2a7b172da9@group-36BAB0EB5D8E-LeaderElection12] INFO  impl.LeaderElection (LeaderElection.java:logAndReturn(93)) -   Response 0: f24af16f-2d45-4c53-94ff-fd2a7b172da9<-52f36989-14f1-4f78-bbcf-b5a9e40c92fe#0:FAIL-t2
2022-03-07 10:45:33,930 [f24af16f-2d45-4c53-94ff-fd2a7b172da9@group-36BAB0EB5D8E-LeaderElection12] INFO  impl.LeaderElection (LeaderElection.java:askForVotes(308)) - f24af16f-2d45-4c53-94ff-fd2a7b172da9@group-36BAB0EB5D8E-LeaderElection12 ELECTION round 0: result REJECTED
2022-03-07 10:45:33,930 [f24af16f-2d45-4c53-94ff-fd2a7b172da9@group-36BAB0EB5D8E-LeaderElection12] INFO  server.RaftServer$Division (RaftServerImpl.java:setRole(290)) - f24af16f-2d45-4c53-94ff-fd2a7b172da9@group-36BAB0EB5D8E: changes role from CANDIDATE to FOLLOWER at term 2 for REJECTED
2022-03-07 10:45:33,930 [f24af16f-2d45-4c53-94ff-fd2a7b172da9@group-36BAB0EB5D8E-LeaderElection12] INFO  impl.RoleInfo (RoleInfo.java:shutdownLeaderElection(121)) - f24af16f-2d45-4c53-94ff-fd2a7b172da9: shutdown f24af16f-2d45-4c53-94ff-fd2a7b172da9@group-36BAB0EB5D8E-LeaderElection12
2022-03-07 10:45:33,930 [f24af16f-2d45-4c53-94ff-fd2a7b172da9@group-36BAB0EB5D8E-LeaderElection12] INFO  impl.RoleInfo (RoleInfo.java:updateAndGet(130)) - f24af16f-2d45-4c53-94ff-fd2a7b172da9: start f24af16f-2d45-4c53-94ff-fd2a7b172da9@group-36BAB0EB5D8E-FollowerState
2022-03-07 10:45:34,092 [Listener at 127.0.0.1/46693] INFO  ozone.MiniOzoneClusterImpl (MiniOzoneClusterImpl.java:lambda$waitForClusterToBeReady$0(219)) - Nodes are ready. Got 3 of 3 DN Heartbeats.
2022-03-07 10:45:34,092 [Listener at 127.0.0.1/46693] INFO  ozone.MiniOzoneClusterImpl (MiniOzoneClusterImpl.java:lambda$waitForClusterToBeReady$0(222)) - Waiting for cluster to exit safe mode
2022-03-07 10:45:34,092 [Listener at 127.0.0.1/46693] INFO  ozone.MiniOzoneClusterImpl (MiniOzoneClusterImpl.java:lambda$waitForClusterToBeReady$0(224)) - SCM became leader
2022-03-07 10:45:35,093 [Listener at 127.0.0.1/46693] INFO  ozone.MiniOzoneClusterImpl (MiniOzoneClusterImpl.java:lambda$waitForClusterToBeReady$0(219)) - Nodes are ready. Got 3 of 3 DN Heartbeats.
2022-03-07 10:45:35,093 [Listener at 127.0.0.1/46693] INFO  ozone.MiniOzoneClusterImpl (MiniOzoneClusterImpl.java:lambda$waitForClusterToBeReady$0(222)) - Waiting for cluster to exit safe mode
2022-03-07 10:45:35,093 [Listener at 127.0.0.1/46693] INFO  ozone.MiniOzoneClusterImpl (MiniOzoneClusterImpl.java:lambda$waitForClusterToBeReady$0(224)) - SCM became leader
2022-03-07 10:45:36,094 [Listener at 127.0.0.1/46693] INFO  ozone.MiniOzoneClusterImpl (MiniOzoneClusterImpl.java:lambda$waitForClusterToBeReady$0(219)) - Nodes are ready. Got 3 of 3 DN Heartbeats.
2022-03-07 10:45:36,094 [Listener at 127.0.0.1/46693] INFO  ozone.MiniOzoneClusterImpl (MiniOzoneClusterImpl.java:lambda$waitForClusterToBeReady$0(222)) - Waiting for cluster to exit safe mode
2022-03-07 10:45:36,094 [Listener at 127.0.0.1/46693] INFO  ozone.MiniOzoneClusterImpl (MiniOzoneClusterImpl.java:lambda$waitForClusterToBeReady$0(224)) - SCM became leader
2022-03-07 10:45:37,094 [Listener at 127.0.0.1/46693] INFO  ozone.MiniOzoneClusterImpl (MiniOzoneClusterImpl.java:lambda$waitForClusterToBeReady$0(219)) - Nodes are ready. Got 3 of 3 DN Heartbeats.
2022-03-07 10:45:37,095 [Listener at 127.0.0.1/46693] INFO  ozone.MiniOzoneClusterImpl (MiniOzoneClusterImpl.java:lambda$waitForClusterToBeReady$0(222)) - Waiting for cluster to exit safe mode
2022-03-07 10:45:37,095 [Listener at 127.0.0.1/46693] INFO  ozone.MiniOzoneClusterImpl (MiniOzoneClusterImpl.java:lambda$waitForClusterToBeReady$0(224)) - SCM became leader
2022-03-07 10:45:38,095 [Listener at 127.0.0.1/46693] INFO  ozone.MiniOzoneClusterImpl (MiniOzoneClusterImpl.java:lambda$waitForClusterToBeReady$0(219)) - Nodes are ready. Got 3 of 3 DN Heartbeats.
2022-03-07 10:45:38,095 [Listener at 127.0.0.1/46693] INFO  ozone.MiniOzoneClusterImpl (MiniOzoneClusterImpl.java:lambda$waitForClusterToBeReady$0(222)) - Waiting for cluster to exit safe mode
2022-03-07 10:45:38,096 [Listener at 127.0.0.1/46693] INFO  ozone.MiniOzoneClusterImpl (MiniOzoneClusterImpl.java:lambda$waitForClusterToBeReady$0(224)) - SCM became leader
2022-03-07 10:45:38,944 [f24af16f-2d45-4c53-94ff-fd2a7b172da9@group-36BAB0EB5D8E-FollowerState] INFO  impl.FollowerState (FollowerState.java:run(134)) - f24af16f-2d45-4c53-94ff-fd2a7b172da9@group-36BAB0EB5D8E-FollowerState: change to CANDIDATE, lastRpcElapsedTime:5013702287ns, electionTimeout:5003ms
2022-03-07 10:45:38,944 [f24af16f-2d45-4c53-94ff-fd2a7b172da9@group-36BAB0EB5D8E-FollowerState] INFO  impl.RoleInfo (RoleInfo.java:shutdownFollowerState(108)) - f24af16f-2d45-4c53-94ff-fd2a7b172da9: shutdown f24af16f-2d45-4c53-94ff-fd2a7b172da9@group-36BAB0EB5D8E-FollowerState
2022-03-07 10:45:38,944 [f24af16f-2d45-4c53-94ff-fd2a7b172da9@group-36BAB0EB5D8E-FollowerState] INFO  server.RaftServer$Division (RaftServerImpl.java:setRole(290)) - f24af16f-2d45-4c53-94ff-fd2a7b172da9@group-36BAB0EB5D8E: changes role from  FOLLOWER to CANDIDATE at term 2 for changeToCandidate
2022-03-07 10:45:38,944 [f24af16f-2d45-4c53-94ff-fd2a7b172da9@group-36BAB0EB5D8E-FollowerState] INFO  server.RaftServerConfigKeys (ConfUtils.java:logGet(44)) - raft.server.leaderelection.pre-vote = false (custom)
2022-03-07 10:45:38,944 [f24af16f-2d45-4c53-94ff-fd2a7b172da9@group-36BAB0EB5D8E-FollowerState] INFO  impl.RoleInfo (RoleInfo.java:updateAndGet(130)) - f24af16f-2d45-4c53-94ff-fd2a7b172da9: start f24af16f-2d45-4c53-94ff-fd2a7b172da9@group-36BAB0EB5D8E-LeaderElection13
2022-03-07 10:45:38,950 [f24af16f-2d45-4c53-94ff-fd2a7b172da9@group-36BAB0EB5D8E-LeaderElection13] INFO  impl.LeaderElection (LeaderElection.java:askForVotes(306)) - f24af16f-2d45-4c53-94ff-fd2a7b172da9@group-36BAB0EB5D8E-LeaderElection13 ELECTION round 0: submit vote requests at term 3 for -1: [87b6de07-8797-4cbf-b451-3e4ee2b0e0ce|rpc:10.1.0.23:33427|priority:0, 52f36989-14f1-4f78-bbcf-b5a9e40c92fe|rpc:10.1.0.23:36491|priority:1, f24af16f-2d45-4c53-94ff-fd2a7b172da9|rpc:10.1.0.23:46799|priority:0], old=null
2022-03-07 10:45:38,959 [grpc-default-executor-1] INFO  server.RaftServer$Division (RaftServerImpl.java:requestVote(1046)) - 87b6de07-8797-4cbf-b451-3e4ee2b0e0ce@group-36BAB0EB5D8E: receive requestVote(ELECTION, f24af16f-2d45-4c53-94ff-fd2a7b172da9, group-36BAB0EB5D8E, 3, (t:0, i:0))
2022-03-07 10:45:38,959 [grpc-default-executor-1] INFO  impl.VoteContext (VoteContext.java:log(48)) - 87b6de07-8797-4cbf-b451-3e4ee2b0e0ce@group-36BAB0EB5D8E-FOLLOWER: accept ELECTION from f24af16f-2d45-4c53-94ff-fd2a7b172da9: our priority 0 <= candidate's priority 0
2022-03-07 10:45:38,959 [grpc-default-executor-1] INFO  server.RaftServer$Division (RaftServerImpl.java:setRole(290)) - 87b6de07-8797-4cbf-b451-3e4ee2b0e0ce@group-36BAB0EB5D8E: changes role from  FOLLOWER to FOLLOWER at term 3 for candidate:f24af16f-2d45-4c53-94ff-fd2a7b172da9
2022-03-07 10:45:38,959 [grpc-default-executor-1] INFO  impl.RoleInfo (RoleInfo.java:shutdownFollowerState(108)) - 87b6de07-8797-4cbf-b451-3e4ee2b0e0ce: shutdown 87b6de07-8797-4cbf-b451-3e4ee2b0e0ce@group-36BAB0EB5D8E-FollowerState
2022-03-07 10:45:38,959 [grpc-default-executor-1] INFO  impl.RoleInfo (RoleInfo.java:updateAndGet(130)) - 87b6de07-8797-4cbf-b451-3e4ee2b0e0ce: start 87b6de07-8797-4cbf-b451-3e4ee2b0e0ce@group-36BAB0EB5D8E-FollowerState
2022-03-07 10:45:38,959 [87b6de07-8797-4cbf-b451-3e4ee2b0e0ce@group-36BAB0EB5D8E-FollowerState] INFO  impl.FollowerState (FollowerState.java:run(143)) - 87b6de07-8797-4cbf-b451-3e4ee2b0e0ce@group-36BAB0EB5D8E-FollowerState was interrupted: {}
java.lang.InterruptedException: sleep interrupted
	at java.lang.Thread.sleep(Native Method)
	at java.lang.Thread.sleep(Thread.java:342)
	at java.util.concurrent.TimeUnit.sleep(TimeUnit.java:386)
	at org.apache.ratis.util.TimeDuration.sleep(TimeDuration.java:324)
	at org.apache.ratis.util.TimeDuration.sleep(TimeDuration.java:309)
	at org.apache.ratis.server.impl.FollowerState.run(FollowerState.java:118)
2022-03-07 10:45:38,965 [grpc-default-executor-2] INFO  server.RaftServer$Division (RaftServerImpl.java:requestVote(1046)) - 52f36989-14f1-4f78-bbcf-b5a9e40c92fe@group-36BAB0EB5D8E: receive requestVote(ELECTION, f24af16f-2d45-4c53-94ff-fd2a7b172da9, group-36BAB0EB5D8E, 3, (t:0, i:0))
2022-03-07 10:45:38,965 [grpc-default-executor-2] INFO  impl.VoteContext (VoteContext.java:log(48)) - 52f36989-14f1-4f78-bbcf-b5a9e40c92fe@group-36BAB0EB5D8E-FOLLOWER: reject ELECTION from f24af16f-2d45-4c53-94ff-fd2a7b172da9: our priority 1 > candidate's priority 0
2022-03-07 10:45:38,965 [grpc-default-executor-2] INFO  server.RaftServer$Division (RaftServerImpl.java:setRole(290)) - 52f36989-14f1-4f78-bbcf-b5a9e40c92fe@group-36BAB0EB5D8E: changes role from  FOLLOWER to FOLLOWER at term 3 for candidate:f24af16f-2d45-4c53-94ff-fd2a7b172da9
2022-03-07 10:45:38,965 [grpc-default-executor-2] INFO  impl.RoleInfo (RoleInfo.java:shutdownFollowerState(108)) - 52f36989-14f1-4f78-bbcf-b5a9e40c92fe: shutdown 52f36989-14f1-4f78-bbcf-b5a9e40c92fe@group-36BAB0EB5D8E-FollowerState
2022-03-07 10:45:38,965 [grpc-default-executor-2] INFO  impl.RoleInfo (RoleInfo.java:updateAndGet(130)) - 52f36989-14f1-4f78-bbcf-b5a9e40c92fe: start 52f36989-14f1-4f78-bbcf-b5a9e40c92fe@group-36BAB0EB5D8E-FollowerState
2022-03-07 10:45:38,966 [52f36989-14f1-4f78-bbcf-b5a9e40c92fe@group-36BAB0EB5D8E-FollowerState] INFO  impl.FollowerState (FollowerState.java:run(143)) - 52f36989-14f1-4f78-bbcf-b5a9e40c92fe@group-36BAB0EB5D8E-FollowerState was interrupted: {}
java.lang.InterruptedException: sleep interrupted
	at java.lang.Thread.sleep(Native Method)
	at java.lang.Thread.sleep(Thread.java:342)
	at java.util.concurrent.TimeUnit.sleep(TimeUnit.java:386)
	at org.apache.ratis.util.TimeDuration.sleep(TimeDuration.java:324)
	at org.apache.ratis.util.TimeDuration.sleep(TimeDuration.java:309)
	at org.apache.ratis.server.impl.FollowerState.run(FollowerState.java:118)
2022-03-07 10:45:38,966 [grpc-default-executor-1] INFO  server.RaftServer$Division (RaftServerImpl.java:requestVote(1078)) - 87b6de07-8797-4cbf-b451-3e4ee2b0e0ce@group-36BAB0EB5D8E replies to ELECTION vote request: f24af16f-2d45-4c53-94ff-fd2a7b172da9<-87b6de07-8797-4cbf-b451-3e4ee2b0e0ce#0:OK-t3. Peer's state: 87b6de07-8797-4cbf-b451-3e4ee2b0e0ce@group-36BAB0EB5D8E:t3, leader=null, voted=f24af16f-2d45-4c53-94ff-fd2a7b172da9, raftlog=87b6de07-8797-4cbf-b451-3e4ee2b0e0ce@group-36BAB0EB5D8E-SegmentedRaftLog:OPENED:c-1, conf=-1: [87b6de07-8797-4cbf-b451-3e4ee2b0e0ce|rpc:10.1.0.23:33427|priority:0, 52f36989-14f1-4f78-bbcf-b5a9e40c92fe|rpc:10.1.0.23:36491|priority:1, f24af16f-2d45-4c53-94ff-fd2a7b172da9|rpc:10.1.0.23:46799|priority:0], old=null
2022-03-07 10:45:38,981 [grpc-default-executor-2] INFO  server.RaftServer$Division (RaftServerImpl.java:requestVote(1078)) - 52f36989-14f1-4f78-bbcf-b5a9e40c92fe@group-36BAB0EB5D8E replies to ELECTION vote request: f24af16f-2d45-4c53-94ff-fd2a7b172da9<-52f36989-14f1-4f78-bbcf-b5a9e40c92fe#0:FAIL-t3. Peer's state: 52f36989-14f1-4f78-bbcf-b5a9e40c92fe@group-36BAB0EB5D8E:t3, leader=null, voted=null, raftlog=52f36989-14f1-4f78-bbcf-b5a9e40c92fe@group-36BAB0EB5D8E-SegmentedRaftLog:OPENED:c-1, conf=-1: [87b6de07-8797-4cbf-b451-3e4ee2b0e0ce|rpc:10.1.0.23:33427|priority:0, 52f36989-14f1-4f78-bbcf-b5a9e40c92fe|rpc:10.1.0.23:36491|priority:1, f24af16f-2d45-4c53-94ff-fd2a7b172da9|rpc:10.1.0.23:46799|priority:0], old=null
2022-03-07 10:45:38,983 [f24af16f-2d45-4c53-94ff-fd2a7b172da9@group-36BAB0EB5D8E-LeaderElection13] INFO  impl.LeaderElection (LeaderElection.java:logAndReturn(89)) - f24af16f-2d45-4c53-94ff-fd2a7b172da9@group-36BAB0EB5D8E-LeaderElection13: ELECTION REJECTED received 2 response(s) and 0 exception(s):
2022-03-07 10:45:38,983 [f24af16f-2d45-4c53-94ff-fd2a7b172da9@group-36BAB0EB5D8E-LeaderElection13] INFO  impl.LeaderElection (LeaderElection.java:logAndReturn(93)) -   Response 0: f24af16f-2d45-4c53-94ff-fd2a7b172da9<-87b6de07-8797-4cbf-b451-3e4ee2b0e0ce#0:OK-t3
2022-03-07 10:45:38,983 [f24af16f-2d45-4c53-94ff-fd2a7b172da9@group-36BAB0EB5D8E-LeaderElection13] INFO  impl.LeaderElection (LeaderElection.java:logAndReturn(93)) -   Response 1: f24af16f-2d45-4c53-94ff-fd2a7b172da9<-52f36989-14f1-4f78-bbcf-b5a9e40c92fe#0:FAIL-t3
2022-03-07 10:45:38,983 [f24af16f-2d45-4c53-94ff-fd2a7b172da9@group-36BAB0EB5D8E-LeaderElection13] INFO  impl.LeaderElection (LeaderElection.java:askForVotes(308)) - f24af16f-2d45-4c53-94ff-fd2a7b172da9@group-36BAB0EB5D8E-LeaderElection13 ELECTION round 0: result REJECTED
2022-03-07 10:45:38,984 [f24af16f-2d45-4c53-94ff-fd2a7b172da9@group-36BAB0EB5D8E-LeaderElection13] INFO  server.RaftServer$Division (RaftServerImpl.java:setRole(290)) - f24af16f-2d45-4c53-94ff-fd2a7b172da9@group-36BAB0EB5D8E: changes role from CANDIDATE to FOLLOWER at term 3 for REJECTED
2022-03-07 10:45:38,984 [f24af16f-2d45-4c53-94ff-fd2a7b172da9@group-36BAB0EB5D8E-LeaderElection13] INFO  impl.RoleInfo (RoleInfo.java:shutdownLeaderElection(121)) - f24af16f-2d45-4c53-94ff-fd2a7b172da9: shutdown f24af16f-2d45-4c53-94ff-fd2a7b172da9@group-36BAB0EB5D8E-LeaderElection13
2022-03-07 10:45:38,984 [f24af16f-2d45-4c53-94ff-fd2a7b172da9@group-36BAB0EB5D8E-LeaderElection13] INFO  impl.RoleInfo (RoleInfo.java:updateAndGet(130)) - f24af16f-2d45-4c53-94ff-fd2a7b172da9: start f24af16f-2d45-4c53-94ff-fd2a7b172da9@group-36BAB0EB5D8E-FollowerState
2022-03-07 10:45:39,096 [Listener at 127.0.0.1/46693] INFO  ozone.MiniOzoneClusterImpl (MiniOzoneClusterImpl.java:lambda$waitForClusterToBeReady$0(219)) - Nodes are ready. Got 3 of 3 DN Heartbeats.
2022-03-07 10:45:39,097 [Listener at 127.0.0.1/46693] INFO  ozone.MiniOzoneClusterImpl (MiniOzoneClusterImpl.java:lambda$waitForClusterToBeReady$0(222)) - Waiting for cluster to exit safe mode
2022-03-07 10:45:39,097 [Listener at 127.0.0.1/46693] INFO  ozone.MiniOzoneClusterImpl (MiniOzoneClusterImpl.java:lambda$waitForClusterToBeReady$0(224)) - SCM became leader
2022-03-07 10:45:40,097 [Listener at 127.0.0.1/46693] INFO  ozone.MiniOzoneClusterImpl (MiniOzoneClusterImpl.java:lambda$waitForClusterToBeReady$0(219)) - Nodes are ready. Got 3 of 3 DN Heartbeats.
2022-03-07 10:45:40,098 [Listener at 127.0.0.1/46693] INFO  ozone.MiniOzoneClusterImpl (MiniOzoneClusterImpl.java:lambda$waitForClusterToBeReady$0(222)) - Waiting for cluster to exit safe mode
2022-03-07 10:45:40,098 [Listener at 127.0.0.1/46693] INFO  ozone.MiniOzoneClusterImpl (MiniOzoneClusterImpl.java:lambda$waitForClusterToBeReady$0(224)) - SCM became leader
2022-03-07 10:45:41,098 [Listener at 127.0.0.1/46693] INFO  ozone.MiniOzoneClusterImpl (MiniOzoneClusterImpl.java:lambda$waitForClusterToBeReady$0(219)) - Nodes are ready. Got 3 of 3 DN Heartbeats.
2022-03-07 10:45:41,098 [Listener at 127.0.0.1/46693] INFO  ozone.MiniOzoneClusterImpl (MiniOzoneClusterImpl.java:lambda$waitForClusterToBeReady$0(222)) - Waiting for cluster to exit safe mode
2022-03-07 10:45:41,099 [Listener at 127.0.0.1/46693] INFO  ozone.MiniOzoneClusterImpl (MiniOzoneClusterImpl.java:lambda$waitForClusterToBeReady$0(224)) - SCM became leader
2022-03-07 10:45:42,099 [Listener at 127.0.0.1/46693] INFO  ozone.MiniOzoneClusterImpl (MiniOzoneClusterImpl.java:lambda$waitForClusterToBeReady$0(219)) - Nodes are ready. Got 3 of 3 DN Heartbeats.
2022-03-07 10:45:42,099 [Listener at 127.0.0.1/46693] INFO  ozone.MiniOzoneClusterImpl (MiniOzoneClusterImpl.java:lambda$waitForClusterToBeReady$0(222)) - Waiting for cluster to exit safe mode
2022-03-07 10:45:42,099 [Listener at 127.0.0.1/46693] INFO  ozone.MiniOzoneClusterImpl (MiniOzoneClusterImpl.java:lambda$waitForClusterToBeReady$0(224)) - SCM became leader
2022-03-07 10:45:43,100 [Listener at 127.0.0.1/46693] INFO  ozone.MiniOzoneClusterImpl (MiniOzoneClusterImpl.java:lambda$waitForClusterToBeReady$0(219)) - Nodes are ready. Got 3 of 3 DN Heartbeats.
2022-03-07 10:45:43,100 [Listener at 127.0.0.1/46693] INFO  ozone.MiniOzoneClusterImpl (MiniOzoneClusterImpl.java:lambda$waitForClusterToBeReady$0(222)) - Waiting for cluster to exit safe mode
2022-03-07 10:45:43,100 [Listener at 127.0.0.1/46693] INFO  ozone.MiniOzoneClusterImpl (MiniOzoneClusterImpl.java:lambda$waitForClusterToBeReady$0(224)) - SCM became leader
2022-03-07 10:45:44,017 [87b6de07-8797-4cbf-b451-3e4ee2b0e0ce@group-36BAB0EB5D8E-FollowerState] INFO  impl.FollowerState (FollowerState.java:run(134)) - 87b6de07-8797-4cbf-b451-3e4ee2b0e0ce@group-36BAB0EB5D8E-FollowerState: change to CANDIDATE, lastRpcElapsedTime:5050293060ns, electionTimeout:5036ms
2022-03-07 10:45:44,017 [87b6de07-8797-4cbf-b451-3e4ee2b0e0ce@group-36BAB0EB5D8E-FollowerState] INFO  impl.RoleInfo (RoleInfo.java:shutdownFollowerState(108)) - 87b6de07-8797-4cbf-b451-3e4ee2b0e0ce: shutdown 87b6de07-8797-4cbf-b451-3e4ee2b0e0ce@group-36BAB0EB5D8E-FollowerState
2022-03-07 10:45:44,017 [87b6de07-8797-4cbf-b451-3e4ee2b0e0ce@group-36BAB0EB5D8E-FollowerState] INFO  server.RaftServer$Division (RaftServerImpl.java:setRole(290)) - 87b6de07-8797-4cbf-b451-3e4ee2b0e0ce@group-36BAB0EB5D8E: changes role from  FOLLOWER to CANDIDATE at term 3 for changeToCandidate
2022-03-07 10:45:44,017 [87b6de07-8797-4cbf-b451-3e4ee2b0e0ce@group-36BAB0EB5D8E-FollowerState] INFO  server.RaftServerConfigKeys (ConfUtils.java:logGet(44)) - raft.server.leaderelection.pre-vote = false (custom)
2022-03-07 10:45:44,017 [87b6de07-8797-4cbf-b451-3e4ee2b0e0ce@group-36BAB0EB5D8E-FollowerState] INFO  impl.RoleInfo (RoleInfo.java:updateAndGet(130)) - 87b6de07-8797-4cbf-b451-3e4ee2b0e0ce: start 87b6de07-8797-4cbf-b451-3e4ee2b0e0ce@group-36BAB0EB5D8E-LeaderElection14
2022-03-07 10:45:44,028 [87b6de07-8797-4cbf-b451-3e4ee2b0e0ce@group-36BAB0EB5D8E-LeaderElection14] INFO  impl.LeaderElection (LeaderElection.java:askForVotes(306)) - 87b6de07-8797-4cbf-b451-3e4ee2b0e0ce@group-36BAB0EB5D8E-LeaderElection14 ELECTION round 0: submit vote requests at term 4 for -1: [87b6de07-8797-4cbf-b451-3e4ee2b0e0ce|rpc:10.1.0.23:33427|priority:0, 52f36989-14f1-4f78-bbcf-b5a9e40c92fe|rpc:10.1.0.23:36491|priority:1, f24af16f-2d45-4c53-94ff-fd2a7b172da9|rpc:10.1.0.23:46799|priority:0], old=null
2022-03-07 10:45:44,037 [grpc-default-executor-2] INFO  server.RaftServer$Division (RaftServerImpl.java:requestVote(1046)) - 52f36989-14f1-4f78-bbcf-b5a9e40c92fe@group-36BAB0EB5D8E: receive requestVote(ELECTION, 87b6de07-8797-4cbf-b451-3e4ee2b0e0ce, group-36BAB0EB5D8E, 4, (t:0, i:0))
2022-03-07 10:45:44,037 [grpc-default-executor-2] INFO  impl.VoteContext (VoteContext.java:log(48)) - 52f36989-14f1-4f78-bbcf-b5a9e40c92fe@group-36BAB0EB5D8E-FOLLOWER: reject ELECTION from 87b6de07-8797-4cbf-b451-3e4ee2b0e0ce: our priority 1 > candidate's priority 0
2022-03-07 10:45:44,037 [grpc-default-executor-2] INFO  server.RaftServer$Division (RaftServerImpl.java:setRole(290)) - 52f36989-14f1-4f78-bbcf-b5a9e40c92fe@group-36BAB0EB5D8E: changes role from  FOLLOWER to FOLLOWER at term 4 for candidate:87b6de07-8797-4cbf-b451-3e4ee2b0e0ce
2022-03-07 10:45:44,037 [grpc-default-executor-2] INFO  impl.RoleInfo (RoleInfo.java:shutdownFollowerState(108)) - 52f36989-14f1-4f78-bbcf-b5a9e40c92fe: shutdown 52f36989-14f1-4f78-bbcf-b5a9e40c92fe@group-36BAB0EB5D8E-FollowerState
2022-03-07 10:45:44,037 [grpc-default-executor-2] INFO  impl.RoleInfo (RoleInfo.java:updateAndGet(130)) - 52f36989-14f1-4f78-bbcf-b5a9e40c92fe: start 52f36989-14f1-4f78-bbcf-b5a9e40c92fe@group-36BAB0EB5D8E-FollowerState
2022-03-07 10:45:44,037 [52f36989-14f1-4f78-bbcf-b5a9e40c92fe@group-36BAB0EB5D8E-FollowerState] INFO  impl.FollowerState (FollowerState.java:run(143)) - 52f36989-14f1-4f78-bbcf-b5a9e40c92fe@group-36BAB0EB5D8E-FollowerState was interrupted: {}
java.lang.InterruptedException: sleep interrupted
	at java.lang.Thread.sleep(Native Method)
	at java.lang.Thread.sleep(Thread.java:342)
	at java.util.concurrent.TimeUnit.sleep(TimeUnit.java:386)
	at org.apache.ratis.util.TimeDuration.sleep(TimeDuration.java:324)
	at org.apache.ratis.util.TimeDuration.sleep(TimeDuration.java:309)
	at org.apache.ratis.server.impl.FollowerState.run(FollowerState.java:118)
2022-03-07 10:45:44,045 [grpc-default-executor-2] INFO  server.RaftServer$Division (RaftServerImpl.java:requestVote(1078)) - 52f36989-14f1-4f78-bbcf-b5a9e40c92fe@group-36BAB0EB5D8E replies to ELECTION vote request: 87b6de07-8797-4cbf-b451-3e4ee2b0e0ce<-52f36989-14f1-4f78-bbcf-b5a9e40c92fe#0:FAIL-t4. Peer's state: 52f36989-14f1-4f78-bbcf-b5a9e40c92fe@group-36BAB0EB5D8E:t4, leader=null, voted=null, raftlog=52f36989-14f1-4f78-bbcf-b5a9e40c92fe@group-36BAB0EB5D8E-SegmentedRaftLog:OPENED:c-1, conf=-1: [87b6de07-8797-4cbf-b451-3e4ee2b0e0ce|rpc:10.1.0.23:33427|priority:0, 52f36989-14f1-4f78-bbcf-b5a9e40c92fe|rpc:10.1.0.23:36491|priority:1, f24af16f-2d45-4c53-94ff-fd2a7b172da9|rpc:10.1.0.23:46799|priority:0], old=null
2022-03-07 10:45:44,047 [87b6de07-8797-4cbf-b451-3e4ee2b0e0ce@group-36BAB0EB5D8E-LeaderElection14] INFO  impl.LeaderElection (LeaderElection.java:logAndReturn(89)) - 87b6de07-8797-4cbf-b451-3e4ee2b0e0ce@group-36BAB0EB5D8E-LeaderElection14: ELECTION REJECTED received 1 response(s) and 0 exception(s):
2022-03-07 10:45:44,047 [87b6de07-8797-4cbf-b451-3e4ee2b0e0ce@group-36BAB0EB5D8E-LeaderElection14] INFO  impl.LeaderElection (LeaderElection.java:logAndReturn(93)) -   Response 0: 87b6de07-8797-4cbf-b451-3e4ee2b0e0ce<-52f36989-14f1-4f78-bbcf-b5a9e40c92fe#0:FAIL-t4
2022-03-07 10:45:44,047 [87b6de07-8797-4cbf-b451-3e4ee2b0e0ce@group-36BAB0EB5D8E-LeaderElection14] INFO  impl.LeaderElection (LeaderElection.java:askForVotes(308)) - 87b6de07-8797-4cbf-b451-3e4ee2b0e0ce@group-36BAB0EB5D8E-LeaderElection14 ELECTION round 0: result REJECTED
2022-03-07 10:45:44,047 [87b6de07-8797-4cbf-b451-3e4ee2b0e0ce@group-36BAB0EB5D8E-LeaderElection14] INFO  server.RaftServer$Division (RaftServerImpl.java:setRole(290)) - 87b6de07-8797-4cbf-b451-3e4ee2b0e0ce@group-36BAB0EB5D8E: changes role from CANDIDATE to FOLLOWER at term 4 for REJECTED
2022-03-07 10:45:44,047 [87b6de07-8797-4cbf-b451-3e4ee2b0e0ce@group-36BAB0EB5D8E-LeaderElection14] INFO  impl.RoleInfo (RoleInfo.java:shutdownLeaderElection(121)) - 87b6de07-8797-4cbf-b451-3e4ee2b0e0ce: shutdown 87b6de07-8797-4cbf-b451-3e4ee2b0e0ce@group-36BAB0EB5D8E-LeaderElection14
2022-03-07 10:45:44,047 [87b6de07-8797-4cbf-b451-3e4ee2b0e0ce@group-36BAB0EB5D8E-LeaderElection14] INFO  impl.RoleInfo (RoleInfo.java:updateAndGet(130)) - 87b6de07-8797-4cbf-b451-3e4ee2b0e0ce: start 87b6de07-8797-4cbf-b451-3e4ee2b0e0ce@group-36BAB0EB5D8E-FollowerState
2022-03-07 10:45:44,064 [grpc-default-executor-2] INFO  server.RaftServer$Division (RaftServerImpl.java:requestVote(1046)) - f24af16f-2d45-4c53-94ff-fd2a7b172da9@group-36BAB0EB5D8E: receive requestVote(ELECTION, 87b6de07-8797-4cbf-b451-3e4ee2b0e0ce, group-36BAB0EB5D8E, 4, (t:0, i:0))
2022-03-07 10:45:44,064 [grpc-default-executor-2] INFO  impl.VoteContext (VoteContext.java:log(48)) - f24af16f-2d45-4c53-94ff-fd2a7b172da9@group-36BAB0EB5D8E-FOLLOWER: accept ELECTION from 87b6de07-8797-4cbf-b451-3e4ee2b0e0ce: our priority 0 <= candidate's priority 0
2022-03-07 10:45:44,065 [grpc-default-executor-2] INFO  server.RaftServer$Division (RaftServerImpl.java:setRole(290)) - f24af16f-2d45-4c53-94ff-fd2a7b172da9@group-36BAB0EB5D8E: changes role from  FOLLOWER to FOLLOWER at term 4 for candidate:87b6de07-8797-4cbf-b451-3e4ee2b0e0ce
2022-03-07 10:45:44,065 [grpc-default-executor-2] INFO  impl.RoleInfo (RoleInfo.java:shutdownFollowerState(108)) - f24af16f-2d45-4c53-94ff-fd2a7b172da9: shutdown f24af16f-2d45-4c53-94ff-fd2a7b172da9@group-36BAB0EB5D8E-FollowerState
2022-03-07 10:45:44,065 [grpc-default-executor-2] INFO  impl.RoleInfo (RoleInfo.java:updateAndGet(130)) - f24af16f-2d45-4c53-94ff-fd2a7b172da9: start f24af16f-2d45-4c53-94ff-fd2a7b172da9@group-36BAB0EB5D8E-FollowerState
2022-03-07 10:45:44,065 [f24af16f-2d45-4c53-94ff-fd2a7b172da9@group-36BAB0EB5D8E-FollowerState] INFO  impl.FollowerState (FollowerState.java:run(143)) - f24af16f-2d45-4c53-94ff-fd2a7b172da9@group-36BAB0EB5D8E-FollowerState was interrupted: {}
java.lang.InterruptedException: sleep interrupted
	at java.lang.Thread.sleep(Native Method)
	at java.lang.Thread.sleep(Thread.java:342)
	at java.util.concurrent.TimeUnit.sleep(TimeUnit.java:386)
	at org.apache.ratis.util.TimeDuration.sleep(TimeDuration.java:324)
	at org.apache.ratis.util.TimeDuration.sleep(TimeDuration.java:309)
	at org.apache.ratis.server.impl.FollowerState.run(FollowerState.java:118)
2022-03-07 10:45:44,070 [grpc-default-executor-2] INFO  server.RaftServer$Division (RaftServerImpl.java:requestVote(1078)) - f24af16f-2d45-4c53-94ff-fd2a7b172da9@group-36BAB0EB5D8E replies to ELECTION vote request: 87b6de07-8797-4cbf-b451-3e4ee2b0e0ce<-f24af16f-2d45-4c53-94ff-fd2a7b172da9#0:OK-t4. Peer's state: f24af16f-2d45-4c53-94ff-fd2a7b172da9@group-36BAB0EB5D8E:t4, leader=null, voted=87b6de07-8797-4cbf-b451-3e4ee2b0e0ce, raftlog=f24af16f-2d45-4c53-94ff-fd2a7b172da9@group-36BAB0EB5D8E-SegmentedRaftLog:OPENED:c-1, conf=-1: [87b6de07-8797-4cbf-b451-3e4ee2b0e0ce|rpc:10.1.0.23:33427|priority:0, 52f36989-14f1-4f78-bbcf-b5a9e40c92fe|rpc:10.1.0.23:36491|priority:1, f24af16f-2d45-4c53-94ff-fd2a7b172da9|rpc:10.1.0.23:46799|priority:0], old=null
2022-03-07 10:45:44,100 [Listener at 127.0.0.1/46693] INFO  ozone.MiniOzoneClusterImpl (MiniOzoneClusterImpl.java:lambda$waitForClusterToBeReady$0(219)) - Nodes are ready. Got 3 of 3 DN Heartbeats.
2022-03-07 10:45:44,101 [Listener at 127.0.0.1/46693] INFO  ozone.MiniOzoneClusterImpl (MiniOzoneClusterImpl.java:lambda$waitForClusterToBeReady$0(222)) - Waiting for cluster to exit safe mode
2022-03-07 10:45:44,101 [Listener at 127.0.0.1/46693] INFO  ozone.MiniOzoneClusterImpl (MiniOzoneClusterImpl.java:lambda$waitForClusterToBeReady$0(224)) - SCM became leader
2022-03-07 10:45:45,101 [Listener at 127.0.0.1/46693] INFO  ozone.MiniOzoneClusterImpl (MiniOzoneClusterImpl.java:lambda$waitForClusterToBeReady$0(219)) - Nodes are ready. Got 3 of 3 DN Heartbeats.
2022-03-07 10:45:45,101 [Listener at 127.0.0.1/46693] INFO  ozone.MiniOzoneClusterImpl (MiniOzoneClusterImpl.java:lambda$waitForClusterToBeReady$0(222)) - Waiting for cluster to exit safe mode
2022-03-07 10:45:45,101 [Listener at 127.0.0.1/46693] INFO  ozone.MiniOzoneClusterImpl (MiniOzoneClusterImpl.java:lambda$waitForClusterToBeReady$0(224)) - SCM became leader
2022-03-07 10:45:46,102 [Listener at 127.0.0.1/46693] INFO  ozone.MiniOzoneClusterImpl (MiniOzoneClusterImpl.java:lambda$waitForClusterToBeReady$0(219)) - Nodes are ready. Got 3 of 3 DN Heartbeats.
2022-03-07 10:45:46,102 [Listener at 127.0.0.1/46693] INFO  ozone.MiniOzoneClusterImpl (MiniOzoneClusterImpl.java:lambda$waitForClusterToBeReady$0(222)) - Waiting for cluster to exit safe mode
2022-03-07 10:45:46,102 [Listener at 127.0.0.1/46693] INFO  ozone.MiniOzoneClusterImpl (MiniOzoneClusterImpl.java:lambda$waitForClusterToBeReady$0(224)) - SCM became leader
2022-03-07 10:45:47,103 [Listener at 127.0.0.1/46693] INFO  ozone.MiniOzoneClusterImpl (MiniOzoneClusterImpl.java:lambda$waitForClusterToBeReady$0(219)) - Nodes are ready. Got 3 of 3 DN Heartbeats.
2022-03-07 10:45:47,103 [Listener at 127.0.0.1/46693] INFO  ozone.MiniOzoneClusterImpl (MiniOzoneClusterImpl.java:lambda$waitForClusterToBeReady$0(222)) - Waiting for cluster to exit safe mode
2022-03-07 10:45:47,103 [Listener at 127.0.0.1/46693] INFO  ozone.MiniOzoneClusterImpl (MiniOzoneClusterImpl.java:lambda$waitForClusterToBeReady$0(224)) - SCM became leader
2022-03-07 10:45:48,103 [Listener at 127.0.0.1/46693] INFO  ozone.MiniOzoneClusterImpl (MiniOzoneClusterImpl.java:lambda$waitForClusterToBeReady$0(219)) - Nodes are ready. Got 3 of 3 DN Heartbeats.
2022-03-07 10:45:48,104 [Listener at 127.0.0.1/46693] INFO  ozone.MiniOzoneClusterImpl (MiniOzoneClusterImpl.java:lambda$waitForClusterToBeReady$0(222)) - Waiting for cluster to exit safe mode
2022-03-07 10:45:48,104 [Listener at 127.0.0.1/46693] INFO  ozone.MiniOzoneClusterImpl (MiniOzoneClusterImpl.java:lambda$waitForClusterToBeReady$0(224)) - SCM became leader
2022-03-07 10:45:49,104 [Listener at 127.0.0.1/46693] INFO  ozone.MiniOzoneClusterImpl (MiniOzoneClusterImpl.java:lambda$waitForClusterToBeReady$0(219)) - Nodes are ready. Got 3 of 3 DN Heartbeats.
2022-03-07 10:45:49,104 [Listener at 127.0.0.1/46693] INFO  ozone.MiniOzoneClusterImpl (MiniOzoneClusterImpl.java:lambda$waitForClusterToBeReady$0(222)) - Waiting for cluster to exit safe mode
2022-03-07 10:45:49,105 [Listener at 127.0.0.1/46693] INFO  ozone.MiniOzoneClusterImpl (MiniOzoneClusterImpl.java:lambda$waitForClusterToBeReady$0(224)) - SCM became leader
2022-03-07 10:45:49,147 [52f36989-14f1-4f78-bbcf-b5a9e40c92fe@group-36BAB0EB5D8E-FollowerState] INFO  impl.FollowerState (FollowerState.java:run(134)) - 52f36989-14f1-4f78-bbcf-b5a9e40c92fe@group-36BAB0EB5D8E-FollowerState: change to CANDIDATE, lastRpcElapsedTime:5109380877ns, electionTimeout:5093ms
2022-03-07 10:45:49,148 [52f36989-14f1-4f78-bbcf-b5a9e40c92fe@group-36BAB0EB5D8E-FollowerState] INFO  impl.RoleInfo (RoleInfo.java:shutdownFollowerState(108)) - 52f36989-14f1-4f78-bbcf-b5a9e40c92fe: shutdown 52f36989-14f1-4f78-bbcf-b5a9e40c92fe@group-36BAB0EB5D8E-FollowerState
2022-03-07 10:45:49,159 [f24af16f-2d45-4c53-94ff-fd2a7b172da9@group-36BAB0EB5D8E-FollowerState] INFO  impl.FollowerState (FollowerState.java:run(134)) - f24af16f-2d45-4c53-94ff-fd2a7b172da9@group-36BAB0EB5D8E-FollowerState: change to CANDIDATE, lastRpcElapsedTime:5089121360ns, electionTimeout:5080ms
2022-03-07 10:45:49,159 [f24af16f-2d45-4c53-94ff-fd2a7b172da9@group-36BAB0EB5D8E-FollowerState] INFO  impl.RoleInfo (RoleInfo.java:shutdownFollowerState(108)) - f24af16f-2d45-4c53-94ff-fd2a7b172da9: shutdown f24af16f-2d45-4c53-94ff-fd2a7b172da9@group-36BAB0EB5D8E-FollowerState
2022-03-07 10:45:49,159 [f24af16f-2d45-4c53-94ff-fd2a7b172da9@group-36BAB0EB5D8E-FollowerState] INFO  server.RaftServer$Division (RaftServerImpl.java:setRole(290)) - f24af16f-2d45-4c53-94ff-fd2a7b172da9@group-36BAB0EB5D8E: changes role from  FOLLOWER to CANDIDATE at term 4 for changeToCandidate
2022-03-07 10:45:49,159 [f24af16f-2d45-4c53-94ff-fd2a7b172da9@group-36BAB0EB5D8E-FollowerState] INFO  server.RaftServerConfigKeys (ConfUtils.java:logGet(44)) - raft.server.leaderelection.pre-vote = false (custom)
2022-03-07 10:45:49,159 [f24af16f-2d45-4c53-94ff-fd2a7b172da9@group-36BAB0EB5D8E-FollowerState] INFO  impl.RoleInfo (RoleInfo.java:updateAndGet(130)) - f24af16f-2d45-4c53-94ff-fd2a7b172da9: start f24af16f-2d45-4c53-94ff-fd2a7b172da9@group-36BAB0EB5D8E-LeaderElection15
2022-03-07 10:45:49,159 [52f36989-14f1-4f78-bbcf-b5a9e40c92fe@group-36BAB0EB5D8E-FollowerState] INFO  server.RaftServer$Division (RaftServerImpl.java:setRole(290)) - 52f36989-14f1-4f78-bbcf-b5a9e40c92fe@group-36BAB0EB5D8E: changes role from  FOLLOWER to CANDIDATE at term 4 for changeToCandidate
2022-03-07 10:45:49,161 [52f36989-14f1-4f78-bbcf-b5a9e40c92fe@group-36BAB0EB5D8E-FollowerState] INFO  server.RaftServerConfigKeys (ConfUtils.java:logGet(44)) - raft.server.leaderelection.pre-vote = false (custom)
2022-03-07 10:45:49,161 [52f36989-14f1-4f78-bbcf-b5a9e40c92fe@group-36BAB0EB5D8E-FollowerState] INFO  impl.RoleInfo (RoleInfo.java:updateAndGet(130)) - 52f36989-14f1-4f78-bbcf-b5a9e40c92fe: start 52f36989-14f1-4f78-bbcf-b5a9e40c92fe@group-36BAB0EB5D8E-LeaderElection16
2022-03-07 10:45:49,163 [f24af16f-2d45-4c53-94ff-fd2a7b172da9@group-36BAB0EB5D8E-LeaderElection15] INFO  impl.LeaderElection (LeaderElection.java:askForVotes(306)) - f24af16f-2d45-4c53-94ff-fd2a7b172da9@group-36BAB0EB5D8E-LeaderElection15 ELECTION round 0: submit vote requests at term 5 for -1: [87b6de07-8797-4cbf-b451-3e4ee2b0e0ce|rpc:10.1.0.23:33427|priority:0, 52f36989-14f1-4f78-bbcf-b5a9e40c92fe|rpc:10.1.0.23:36491|priority:1, f24af16f-2d45-4c53-94ff-fd2a7b172da9|rpc:10.1.0.23:46799|priority:0], old=null
2022-03-07 10:45:49,163 [52f36989-14f1-4f78-bbcf-b5a9e40c92fe@group-36BAB0EB5D8E-LeaderElection16] INFO  impl.LeaderElection (LeaderElection.java:askForVotes(306)) - 52f36989-14f1-4f78-bbcf-b5a9e40c92fe@group-36BAB0EB5D8E-LeaderElection16 ELECTION round 0: submit vote requests at term 5 for -1: [87b6de07-8797-4cbf-b451-3e4ee2b0e0ce|rpc:10.1.0.23:33427|priority:0, 52f36989-14f1-4f78-bbcf-b5a9e40c92fe|rpc:10.1.0.23:36491|priority:1, f24af16f-2d45-4c53-94ff-fd2a7b172da9|rpc:10.1.0.23:46799|priority:0], old=null
2022-03-07 10:45:49,178 [grpc-default-executor-2] INFO  server.RaftServer$Division (RaftServerImpl.java:requestVote(1046)) - 87b6de07-8797-4cbf-b451-3e4ee2b0e0ce@group-36BAB0EB5D8E: receive requestVote(ELECTION, f24af16f-2d45-4c53-94ff-fd2a7b172da9, group-36BAB0EB5D8E, 5, (t:0, i:0))
2022-03-07 10:45:49,178 [grpc-default-executor-2] INFO  impl.VoteContext (VoteContext.java:log(48)) - 87b6de07-8797-4cbf-b451-3e4ee2b0e0ce@group-36BAB0EB5D8E-FOLLOWER: accept ELECTION from f24af16f-2d45-4c53-94ff-fd2a7b172da9: our priority 0 <= candidate's priority 0
2022-03-07 10:45:49,179 [grpc-default-executor-2] INFO  server.RaftServer$Division (RaftServerImpl.java:setRole(290)) - 87b6de07-8797-4cbf-b451-3e4ee2b0e0ce@group-36BAB0EB5D8E: changes role from  FOLLOWER to FOLLOWER at term 5 for candidate:f24af16f-2d45-4c53-94ff-fd2a7b172da9
2022-03-07 10:45:49,179 [grpc-default-executor-2] INFO  impl.RoleInfo (RoleInfo.java:shutdownFollowerState(108)) - 87b6de07-8797-4cbf-b451-3e4ee2b0e0ce: shutdown 87b6de07-8797-4cbf-b451-3e4ee2b0e0ce@group-36BAB0EB5D8E-FollowerState
2022-03-07 10:45:49,179 [grpc-default-executor-2] INFO  impl.RoleInfo (RoleInfo.java:updateAndGet(130)) - 87b6de07-8797-4cbf-b451-3e4ee2b0e0ce: start 87b6de07-8797-4cbf-b451-3e4ee2b0e0ce@group-36BAB0EB5D8E-FollowerState
2022-03-07 10:45:49,179 [87b6de07-8797-4cbf-b451-3e4ee2b0e0ce@group-36BAB0EB5D8E-FollowerState] INFO  impl.FollowerState (FollowerState.java:run(143)) - 87b6de07-8797-4cbf-b451-3e4ee2b0e0ce@group-36BAB0EB5D8E-FollowerState was interrupted: {}
java.lang.InterruptedException: sleep interrupted
	at java.lang.Thread.sleep(Native Method)
	at java.lang.Thread.sleep(Thread.java:342)
	at java.util.concurrent.TimeUnit.sleep(TimeUnit.java:386)
	at org.apache.ratis.util.TimeDuration.sleep(TimeDuration.java:324)
	at org.apache.ratis.util.TimeDuration.sleep(TimeDuration.java:309)
	at org.apache.ratis.server.impl.FollowerState.run(FollowerState.java:118)
2022-03-07 10:45:49,179 [grpc-default-executor-1] INFO  server.RaftServer$Division (RaftServerImpl.java:requestVote(1046)) - 52f36989-14f1-4f78-bbcf-b5a9e40c92fe@group-36BAB0EB5D8E: receive requestVote(ELECTION, f24af16f-2d45-4c53-94ff-fd2a7b172da9, group-36BAB0EB5D8E, 5, (t:0, i:0))
2022-03-07 10:45:49,179 [grpc-default-executor-1] INFO  impl.VoteContext (VoteContext.java:log(48)) - 52f36989-14f1-4f78-bbcf-b5a9e40c92fe@group-36BAB0EB5D8E-CANDIDATE: reject ELECTION from f24af16f-2d45-4c53-94ff-fd2a7b172da9: already has voted for 52f36989-14f1-4f78-bbcf-b5a9e40c92fe at current term 5
2022-03-07 10:45:49,179 [grpc-default-executor-1] INFO  server.RaftServer$Division (RaftServerImpl.java:requestVote(1078)) - 52f36989-14f1-4f78-bbcf-b5a9e40c92fe@group-36BAB0EB5D8E replies to ELECTION vote request: f24af16f-2d45-4c53-94ff-fd2a7b172da9<-52f36989-14f1-4f78-bbcf-b5a9e40c92fe#0:FAIL-t5. Peer's state: 52f36989-14f1-4f78-bbcf-b5a9e40c92fe@group-36BAB0EB5D8E:t5, leader=null, voted=52f36989-14f1-4f78-bbcf-b5a9e40c92fe, raftlog=52f36989-14f1-4f78-bbcf-b5a9e40c92fe@group-36BAB0EB5D8E-SegmentedRaftLog:OPENED:c-1, conf=-1: [87b6de07-8797-4cbf-b451-3e4ee2b0e0ce|rpc:10.1.0.23:33427|priority:0, 52f36989-14f1-4f78-bbcf-b5a9e40c92fe|rpc:10.1.0.23:36491|priority:1, f24af16f-2d45-4c53-94ff-fd2a7b172da9|rpc:10.1.0.23:46799|priority:0], old=null
2022-03-07 10:45:49,199 [f24af16f-2d45-4c53-94ff-fd2a7b172da9@group-36BAB0EB5D8E-LeaderElection15] INFO  impl.LeaderElection (LeaderElection.java:logAndReturn(89)) - f24af16f-2d45-4c53-94ff-fd2a7b172da9@group-36BAB0EB5D8E-LeaderElection15: ELECTION REJECTED received 1 response(s) and 0 exception(s):
2022-03-07 10:45:49,199 [f24af16f-2d45-4c53-94ff-fd2a7b172da9@group-36BAB0EB5D8E-LeaderElection15] INFO  impl.LeaderElection (LeaderElection.java:logAndReturn(93)) -   Response 0: f24af16f-2d45-4c53-94ff-fd2a7b172da9<-52f36989-14f1-4f78-bbcf-b5a9e40c92fe#0:FAIL-t5
2022-03-07 10:45:49,199 [f24af16f-2d45-4c53-94ff-fd2a7b172da9@group-36BAB0EB5D8E-LeaderElection15] INFO  impl.LeaderElection (LeaderElection.java:askForVotes(308)) - f24af16f-2d45-4c53-94ff-fd2a7b172da9@group-36BAB0EB5D8E-LeaderElection15 ELECTION round 0: result REJECTED
2022-03-07 10:45:49,200 [f24af16f-2d45-4c53-94ff-fd2a7b172da9@group-36BAB0EB5D8E-LeaderElection15] INFO  server.RaftServer$Division (RaftServerImpl.java:setRole(290)) - f24af16f-2d45-4c53-94ff-fd2a7b172da9@group-36BAB0EB5D8E: changes role from CANDIDATE to FOLLOWER at term 5 for REJECTED
2022-03-07 10:45:49,200 [f24af16f-2d45-4c53-94ff-fd2a7b172da9@group-36BAB0EB5D8E-LeaderElection15] INFO  impl.RoleInfo (RoleInfo.java:shutdownLeaderElection(121)) - f24af16f-2d45-4c53-94ff-fd2a7b172da9: shutdown f24af16f-2d45-4c53-94ff-fd2a7b172da9@group-36BAB0EB5D8E-LeaderElection15
2022-03-07 10:45:49,200 [f24af16f-2d45-4c53-94ff-fd2a7b172da9@group-36BAB0EB5D8E-LeaderElection15] INFO  impl.RoleInfo (RoleInfo.java:updateAndGet(130)) - f24af16f-2d45-4c53-94ff-fd2a7b172da9: start f24af16f-2d45-4c53-94ff-fd2a7b172da9@group-36BAB0EB5D8E-FollowerState
2022-03-07 10:45:49,200 [grpc-default-executor-2] INFO  server.RaftServer$Division (RaftServerImpl.java:requestVote(1078)) - 87b6de07-8797-4cbf-b451-3e4ee2b0e0ce@group-36BAB0EB5D8E replies to ELECTION vote request: f24af16f-2d45-4c53-94ff-fd2a7b172da9<-87b6de07-8797-4cbf-b451-3e4ee2b0e0ce#0:OK-t5. Peer's state: 87b6de07-8797-4cbf-b451-3e4ee2b0e0ce@group-36BAB0EB5D8E:t5, leader=null, voted=f24af16f-2d45-4c53-94ff-fd2a7b172da9, raftlog=87b6de07-8797-4cbf-b451-3e4ee2b0e0ce@group-36BAB0EB5D8E-SegmentedRaftLog:OPENED:c-1, conf=-1: [87b6de07-8797-4cbf-b451-3e4ee2b0e0ce|rpc:10.1.0.23:33427|priority:0, 52f36989-14f1-4f78-bbcf-b5a9e40c92fe|rpc:10.1.0.23:36491|priority:1, f24af16f-2d45-4c53-94ff-fd2a7b172da9|rpc:10.1.0.23:46799|priority:0], old=null
2022-03-07 10:45:49,216 [grpc-default-executor-2] INFO  server.RaftServer$Division (RaftServerImpl.java:requestVote(1046)) - 87b6de07-8797-4cbf-b451-3e4ee2b0e0ce@group-36BAB0EB5D8E: receive requestVote(ELECTION, 52f36989-14f1-4f78-bbcf-b5a9e40c92fe, group-36BAB0EB5D8E, 5, (t:0, i:0))
2022-03-07 10:45:49,216 [grpc-default-executor-2] INFO  impl.VoteContext (VoteContext.java:log(48)) - 87b6de07-8797-4cbf-b451-3e4ee2b0e0ce@group-36BAB0EB5D8E-FOLLOWER: reject ELECTION from 52f36989-14f1-4f78-bbcf-b5a9e40c92fe: already has voted for f24af16f-2d45-4c53-94ff-fd2a7b172da9 at current term 5
2022-03-07 10:45:49,216 [grpc-default-executor-2] INFO  server.RaftServer$Division (RaftServerImpl.java:requestVote(1078)) - 87b6de07-8797-4cbf-b451-3e4ee2b0e0ce@group-36BAB0EB5D8E replies to ELECTION vote request: 52f36989-14f1-4f78-bbcf-b5a9e40c92fe<-87b6de07-8797-4cbf-b451-3e4ee2b0e0ce#0:FAIL-t5. Peer's state: 87b6de07-8797-4cbf-b451-3e4ee2b0e0ce@group-36BAB0EB5D8E:t5, leader=null, voted=f24af16f-2d45-4c53-94ff-fd2a7b172da9, raftlog=87b6de07-8797-4cbf-b451-3e4ee2b0e0ce@group-36BAB0EB5D8E-SegmentedRaftLog:OPENED:c-1, conf=-1: [87b6de07-8797-4cbf-b451-3e4ee2b0e0ce|rpc:10.1.0.23:33427|priority:0, 52f36989-14f1-4f78-bbcf-b5a9e40c92fe|rpc:10.1.0.23:36491|priority:1, f24af16f-2d45-4c53-94ff-fd2a7b172da9|rpc:10.1.0.23:46799|priority:0], old=null
2022-03-07 10:45:49,235 [grpc-default-executor-2] INFO  server.RaftServer$Division (RaftServerImpl.java:requestVote(1046)) - f24af16f-2d45-4c53-94ff-fd2a7b172da9@group-36BAB0EB5D8E: receive requestVote(ELECTION, 52f36989-14f1-4f78-bbcf-b5a9e40c92fe, group-36BAB0EB5D8E, 5, (t:0, i:0))
2022-03-07 10:45:49,235 [grpc-default-executor-2] INFO  impl.VoteContext (VoteContext.java:log(48)) - f24af16f-2d45-4c53-94ff-fd2a7b172da9@group-36BAB0EB5D8E-FOLLOWER: reject ELECTION from 52f36989-14f1-4f78-bbcf-b5a9e40c92fe: already has voted for f24af16f-2d45-4c53-94ff-fd2a7b172da9 at current term 5
2022-03-07 10:45:49,235 [grpc-default-executor-2] INFO  server.RaftServer$Division (RaftServerImpl.java:requestVote(1078)) - f24af16f-2d45-4c53-94ff-fd2a7b172da9@group-36BAB0EB5D8E replies to ELECTION vote request: 52f36989-14f1-4f78-bbcf-b5a9e40c92fe<-f24af16f-2d45-4c53-94ff-fd2a7b172da9#0:FAIL-t5. Peer's state: f24af16f-2d45-4c53-94ff-fd2a7b172da9@group-36BAB0EB5D8E:t5, leader=null, voted=f24af16f-2d45-4c53-94ff-fd2a7b172da9, raftlog=f24af16f-2d45-4c53-94ff-fd2a7b172da9@group-36BAB0EB5D8E-SegmentedRaftLog:OPENED:c-1, conf=-1: [87b6de07-8797-4cbf-b451-3e4ee2b0e0ce|rpc:10.1.0.23:33427|priority:0, 52f36989-14f1-4f78-bbcf-b5a9e40c92fe|rpc:10.1.0.23:36491|priority:1, f24af16f-2d45-4c53-94ff-fd2a7b172da9|rpc:10.1.0.23:46799|priority:0], old=null
2022-03-07 10:45:49,239 [52f36989-14f1-4f78-bbcf-b5a9e40c92fe@group-36BAB0EB5D8E-LeaderElection16] INFO  impl.LeaderElection (LeaderElection.java:logAndReturn(89)) - 52f36989-14f1-4f78-bbcf-b5a9e40c92fe@group-36BAB0EB5D8E-LeaderElection16: ELECTION REJECTED received 2 response(s) and 0 exception(s):
2022-03-07 10:45:49,249 [52f36989-14f1-4f78-bbcf-b5a9e40c92fe@group-36BAB0EB5D8E-LeaderElection16] INFO  impl.LeaderElection (LeaderElection.java:logAndReturn(93)) -   Response 0: 52f36989-14f1-4f78-bbcf-b5a9e40c92fe<-87b6de07-8797-4cbf-b451-3e4ee2b0e0ce#0:FAIL-t5
2022-03-07 10:45:49,249 [52f36989-14f1-4f78-bbcf-b5a9e40c92fe@group-36BAB0EB5D8E-LeaderElection16] INFO  impl.LeaderElection (LeaderElection.java:logAndReturn(93)) -   Response 1: 52f36989-14f1-4f78-bbcf-b5a9e40c92fe<-f24af16f-2d45-4c53-94ff-fd2a7b172da9#0:FAIL-t5
2022-03-07 10:45:49,249 [52f36989-14f1-4f78-bbcf-b5a9e40c92fe@group-36BAB0EB5D8E-LeaderElection16] INFO  impl.LeaderElection (LeaderElection.java:askForVotes(308)) - 52f36989-14f1-4f78-bbcf-b5a9e40c92fe@group-36BAB0EB5D8E-LeaderElection16 ELECTION round 0: result REJECTED
2022-03-07 10:45:49,249 [52f36989-14f1-4f78-bbcf-b5a9e40c92fe@group-36BAB0EB5D8E-LeaderElection16] INFO  server.RaftServer$Division (RaftServerImpl.java:setRole(290)) - 52f36989-14f1-4f78-bbcf-b5a9e40c92fe@group-36BAB0EB5D8E: changes role from CANDIDATE to FOLLOWER at term 5 for REJECTED
2022-03-07 10:45:49,249 [52f36989-14f1-4f78-bbcf-b5a9e40c92fe@group-36BAB0EB5D8E-LeaderElection16] INFO  impl.RoleInfo (RoleInfo.java:shutdownLeaderElection(121)) - 52f36989-14f1-4f78-bbcf-b5a9e40c92fe: shutdown 52f36989-14f1-4f78-bbcf-b5a9e40c92fe@group-36BAB0EB5D8E-LeaderElection16
2022-03-07 10:45:49,249 [52f36989-14f1-4f78-bbcf-b5a9e40c92fe@group-36BAB0EB5D8E-LeaderElection16] INFO  impl.RoleInfo (RoleInfo.java:updateAndGet(130)) - 52f36989-14f1-4f78-bbcf-b5a9e40c92fe: start 52f36989-14f1-4f78-bbcf-b5a9e40c92fe@group-36BAB0EB5D8E-FollowerState
2022-03-07 10:45:50,105 [Listener at 127.0.0.1/46693] INFO  ozone.MiniOzoneClusterImpl (MiniOzoneClusterImpl.java:lambda$waitForClusterToBeReady$0(219)) - Nodes are ready. Got 3 of 3 DN Heartbeats.
2022-03-07 10:45:50,106 [Listener at 127.0.0.1/46693] INFO  ozone.MiniOzoneClusterImpl (MiniOzoneClusterImpl.java:lambda$waitForClusterToBeReady$0(222)) - Waiting for cluster to exit safe mode
2022-03-07 10:45:50,107 [Listener at 127.0.0.1/46693] INFO  ozone.MiniOzoneClusterImpl (MiniOzoneClusterImpl.java:lambda$waitForClusterToBeReady$0(224)) - SCM became leader
2022-03-07 10:45:51,107 [Listener at 127.0.0.1/46693] INFO  ozone.MiniOzoneClusterImpl (MiniOzoneClusterImpl.java:lambda$waitForClusterToBeReady$0(219)) - Nodes are ready. Got 3 of 3 DN Heartbeats.
2022-03-07 10:45:51,107 [Listener at 127.0.0.1/46693] INFO  ozone.MiniOzoneClusterImpl (MiniOzoneClusterImpl.java:lambda$waitForClusterToBeReady$0(222)) - Waiting for cluster to exit safe mode
2022-03-07 10:45:51,107 [Listener at 127.0.0.1/46693] INFO  ozone.MiniOzoneClusterImpl (MiniOzoneClusterImpl.java:lambda$waitForClusterToBeReady$0(224)) - SCM became leader
2022-03-07 10:45:52,107 [Listener at 127.0.0.1/46693] INFO  ozone.MiniOzoneClusterImpl (MiniOzoneClusterImpl.java:lambda$waitForClusterToBeReady$0(219)) - Nodes are ready. Got 3 of 3 DN Heartbeats.
2022-03-07 10:45:52,108 [Listener at 127.0.0.1/46693] INFO  ozone.MiniOzoneClusterImpl (MiniOzoneClusterImpl.java:lambda$waitForClusterToBeReady$0(222)) - Waiting for cluster to exit safe mode
2022-03-07 10:45:52,108 [Listener at 127.0.0.1/46693] INFO  ozone.MiniOzoneClusterImpl (MiniOzoneClusterImpl.java:lambda$waitForClusterToBeReady$0(224)) - SCM became leader
2022-03-07 10:45:53,108 [Listener at 127.0.0.1/46693] INFO  ozone.MiniOzoneClusterImpl (MiniOzoneClusterImpl.java:lambda$waitForClusterToBeReady$0(219)) - Nodes are ready. Got 3 of 3 DN Heartbeats.
2022-03-07 10:45:53,108 [Listener at 127.0.0.1/46693] INFO  ozone.MiniOzoneClusterImpl (MiniOzoneClusterImpl.java:lambda$waitForClusterToBeReady$0(222)) - Waiting for cluster to exit safe mode
2022-03-07 10:45:53,108 [Listener at 127.0.0.1/46693] INFO  ozone.MiniOzoneClusterImpl (MiniOzoneClusterImpl.java:lambda$waitForClusterToBeReady$0(224)) - SCM became leader
2022-03-07 10:45:54,109 [Listener at 127.0.0.1/46693] INFO  ozone.MiniOzoneClusterImpl (MiniOzoneClusterImpl.java:lambda$waitForClusterToBeReady$0(219)) - Nodes are ready. Got 3 of 3 DN Heartbeats.
2022-03-07 10:45:54,109 [Listener at 127.0.0.1/46693] INFO  ozone.MiniOzoneClusterImpl (MiniOzoneClusterImpl.java:lambda$waitForClusterToBeReady$0(222)) - Waiting for cluster to exit safe mode
2022-03-07 10:45:54,109 [Listener at 127.0.0.1/46693] INFO  ozone.MiniOzoneClusterImpl (MiniOzoneClusterImpl.java:lambda$waitForClusterToBeReady$0(224)) - SCM became leader
2022-03-07 10:45:54,217 [87b6de07-8797-4cbf-b451-3e4ee2b0e0ce@group-36BAB0EB5D8E-FollowerState] INFO  impl.FollowerState (FollowerState.java:run(134)) - 87b6de07-8797-4cbf-b451-3e4ee2b0e0ce@group-36BAB0EB5D8E-FollowerState: change to CANDIDATE, lastRpcElapsedTime:5019335154ns, electionTimeout:5018ms
2022-03-07 10:45:54,217 [87b6de07-8797-4cbf-b451-3e4ee2b0e0ce@group-36BAB0EB5D8E-FollowerState] INFO  impl.RoleInfo (RoleInfo.java:shutdownFollowerState(108)) - 87b6de07-8797-4cbf-b451-3e4ee2b0e0ce: shutdown 87b6de07-8797-4cbf-b451-3e4ee2b0e0ce@group-36BAB0EB5D8E-FollowerState
2022-03-07 10:45:54,217 [87b6de07-8797-4cbf-b451-3e4ee2b0e0ce@group-36BAB0EB5D8E-FollowerState] INFO  server.RaftServer$Division (RaftServerImpl.java:setRole(290)) - 87b6de07-8797-4cbf-b451-3e4ee2b0e0ce@group-36BAB0EB5D8E: changes role from  FOLLOWER to CANDIDATE at term 5 for changeToCandidate
2022-03-07 10:45:54,217 [87b6de07-8797-4cbf-b451-3e4ee2b0e0ce@group-36BAB0EB5D8E-FollowerState] INFO  server.RaftServerConfigKeys (ConfUtils.java:logGet(44)) - raft.server.leaderelection.pre-vote = false (custom)
2022-03-07 10:45:54,217 [87b6de07-8797-4cbf-b451-3e4ee2b0e0ce@group-36BAB0EB5D8E-FollowerState] INFO  impl.RoleInfo (RoleInfo.java:updateAndGet(130)) - 87b6de07-8797-4cbf-b451-3e4ee2b0e0ce: start 87b6de07-8797-4cbf-b451-3e4ee2b0e0ce@group-36BAB0EB5D8E-LeaderElection17
2022-03-07 10:45:54,226 [87b6de07-8797-4cbf-b451-3e4ee2b0e0ce@group-36BAB0EB5D8E-LeaderElection17] INFO  impl.LeaderElection (LeaderElection.java:askForVotes(306)) - 87b6de07-8797-4cbf-b451-3e4ee2b0e0ce@group-36BAB0EB5D8E-LeaderElection17 ELECTION round 0: submit vote requests at term 6 for -1: [87b6de07-8797-4cbf-b451-3e4ee2b0e0ce|rpc:10.1.0.23:33427|priority:0, 52f36989-14f1-4f78-bbcf-b5a9e40c92fe|rpc:10.1.0.23:36491|priority:1, f24af16f-2d45-4c53-94ff-fd2a7b172da9|rpc:10.1.0.23:46799|priority:0], old=null
2022-03-07 10:45:54,232 [grpc-default-executor-2] INFO  server.RaftServer$Division (RaftServerImpl.java:requestVote(1046)) - 52f36989-14f1-4f78-bbcf-b5a9e40c92fe@group-36BAB0EB5D8E: receive requestVote(ELECTION, 87b6de07-8797-4cbf-b451-3e4ee2b0e0ce, group-36BAB0EB5D8E, 6, (t:0, i:0))
2022-03-07 10:45:54,232 [grpc-default-executor-2] INFO  impl.VoteContext (VoteContext.java:log(48)) - 52f36989-14f1-4f78-bbcf-b5a9e40c92fe@group-36BAB0EB5D8E-FOLLOWER: reject ELECTION from 87b6de07-8797-4cbf-b451-3e4ee2b0e0ce: our priority 1 > candidate's priority 0
2022-03-07 10:45:54,232 [grpc-default-executor-2] INFO  server.RaftServer$Division (RaftServerImpl.java:setRole(290)) - 52f36989-14f1-4f78-bbcf-b5a9e40c92fe@group-36BAB0EB5D8E: changes role from  FOLLOWER to FOLLOWER at term 6 for candidate:87b6de07-8797-4cbf-b451-3e4ee2b0e0ce
2022-03-07 10:45:54,232 [grpc-default-executor-2] INFO  impl.RoleInfo (RoleInfo.java:shutdownFollowerState(108)) - 52f36989-14f1-4f78-bbcf-b5a9e40c92fe: shutdown 52f36989-14f1-4f78-bbcf-b5a9e40c92fe@group-36BAB0EB5D8E-FollowerState
2022-03-07 10:45:54,232 [grpc-default-executor-2] INFO  impl.RoleInfo (RoleInfo.java:updateAndGet(130)) - 52f36989-14f1-4f78-bbcf-b5a9e40c92fe: start 52f36989-14f1-4f78-bbcf-b5a9e40c92fe@group-36BAB0EB5D8E-FollowerState
2022-03-07 10:45:54,232 [52f36989-14f1-4f78-bbcf-b5a9e40c92fe@group-36BAB0EB5D8E-FollowerState] INFO  impl.FollowerState (FollowerState.java:run(143)) - 52f36989-14f1-4f78-bbcf-b5a9e40c92fe@group-36BAB0EB5D8E-FollowerState was interrupted: {}
java.lang.InterruptedException: sleep interrupted
	at java.lang.Thread.sleep(Native Method)
	at java.lang.Thread.sleep(Thread.java:342)
	at java.util.concurrent.TimeUnit.sleep(TimeUnit.java:386)
	at org.apache.ratis.util.TimeDuration.sleep(TimeDuration.java:324)
	at org.apache.ratis.util.TimeDuration.sleep(TimeDuration.java:309)
	at org.apache.ratis.server.impl.FollowerState.run(FollowerState.java:118)
2022-03-07 10:45:54,238 [grpc-default-executor-2] INFO  server.RaftServer$Division (RaftServerImpl.java:requestVote(1078)) - 52f36989-14f1-4f78-bbcf-b5a9e40c92fe@group-36BAB0EB5D8E replies to ELECTION vote request: 87b6de07-8797-4cbf-b451-3e4ee2b0e0ce<-52f36989-14f1-4f78-bbcf-b5a9e40c92fe#0:FAIL-t6. Peer's state: 52f36989-14f1-4f78-bbcf-b5a9e40c92fe@group-36BAB0EB5D8E:t6, leader=null, voted=null, raftlog=52f36989-14f1-4f78-bbcf-b5a9e40c92fe@group-36BAB0EB5D8E-SegmentedRaftLog:OPENED:c-1, conf=-1: [87b6de07-8797-4cbf-b451-3e4ee2b0e0ce|rpc:10.1.0.23:33427|priority:0, 52f36989-14f1-4f78-bbcf-b5a9e40c92fe|rpc:10.1.0.23:36491|priority:1, f24af16f-2d45-4c53-94ff-fd2a7b172da9|rpc:10.1.0.23:46799|priority:0], old=null
2022-03-07 10:45:54,242 [grpc-default-executor-2] INFO  server.RaftServer$Division (RaftServerImpl.java:requestVote(1046)) - f24af16f-2d45-4c53-94ff-fd2a7b172da9@group-36BAB0EB5D8E: receive requestVote(ELECTION, 87b6de07-8797-4cbf-b451-3e4ee2b0e0ce, group-36BAB0EB5D8E, 6, (t:0, i:0))
2022-03-07 10:45:54,243 [grpc-default-executor-2] INFO  impl.VoteContext (VoteContext.java:log(48)) - f24af16f-2d45-4c53-94ff-fd2a7b172da9@group-36BAB0EB5D8E-FOLLOWER: accept ELECTION from 87b6de07-8797-4cbf-b451-3e4ee2b0e0ce: our priority 0 <= candidate's priority 0
2022-03-07 10:45:54,243 [grpc-default-executor-2] INFO  server.RaftServer$Division (RaftServerImpl.java:setRole(290)) - f24af16f-2d45-4c53-94ff-fd2a7b172da9@group-36BAB0EB5D8E: changes role from  FOLLOWER to FOLLOWER at term 6 for candidate:87b6de07-8797-4cbf-b451-3e4ee2b0e0ce
2022-03-07 10:45:54,243 [grpc-default-executor-2] INFO  impl.RoleInfo (RoleInfo.java:shutdownFollowerState(108)) - f24af16f-2d45-4c53-94ff-fd2a7b172da9: shutdown f24af16f-2d45-4c53-94ff-fd2a7b172da9@group-36BAB0EB5D8E-FollowerState
2022-03-07 10:45:54,243 [grpc-default-executor-2] INFO  impl.RoleInfo (RoleInfo.java:updateAndGet(130)) - f24af16f-2d45-4c53-94ff-fd2a7b172da9: start f24af16f-2d45-4c53-94ff-fd2a7b172da9@group-36BAB0EB5D8E-FollowerState
2022-03-07 10:45:54,243 [f24af16f-2d45-4c53-94ff-fd2a7b172da9@group-36BAB0EB5D8E-FollowerState] INFO  impl.FollowerState (FollowerState.java:run(143)) - f24af16f-2d45-4c53-94ff-fd2a7b172da9@group-36BAB0EB5D8E-FollowerState was interrupted: {}
java.lang.InterruptedException: sleep interrupted
	at java.lang.Thread.sleep(Native Method)
	at java.lang.Thread.sleep(Thread.java:342)
	at java.util.concurrent.TimeUnit.sleep(TimeUnit.java:386)
	at org.apache.ratis.util.TimeDuration.sleep(TimeDuration.java:324)
	at org.apache.ratis.util.TimeDuration.sleep(TimeDuration.java:309)
	at org.apache.ratis.server.impl.FollowerState.run(FollowerState.java:118)
2022-03-07 10:45:54,244 [87b6de07-8797-4cbf-b451-3e4ee2b0e0ce@group-36BAB0EB5D8E-LeaderElection17] INFO  impl.LeaderElection (LeaderElection.java:logAndReturn(89)) - 87b6de07-8797-4cbf-b451-3e4ee2b0e0ce@group-36BAB0EB5D8E-LeaderElection17: ELECTION REJECTED received 1 response(s) and 0 exception(s):
2022-03-07 10:45:54,245 [87b6de07-8797-4cbf-b451-3e4ee2b0e0ce@group-36BAB0EB5D8E-LeaderElection17] INFO  impl.LeaderElection (LeaderElection.java:logAndReturn(93)) -   Response 0: 87b6de07-8797-4cbf-b451-3e4ee2b0e0ce<-52f36989-14f1-4f78-bbcf-b5a9e40c92fe#0:FAIL-t6
2022-03-07 10:45:54,245 [87b6de07-8797-4cbf-b451-3e4ee2b0e0ce@group-36BAB0EB5D8E-LeaderElection17] INFO  impl.LeaderElection (LeaderElection.java:askForVotes(308)) - 87b6de07-8797-4cbf-b451-3e4ee2b0e0ce@group-36BAB0EB5D8E-LeaderElection17 ELECTION round 0: result REJECTED
2022-03-07 10:45:54,245 [87b6de07-8797-4cbf-b451-3e4ee2b0e0ce@group-36BAB0EB5D8E-LeaderElection17] INFO  server.RaftServer$Division (RaftServerImpl.java:setRole(290)) - 87b6de07-8797-4cbf-b451-3e4ee2b0e0ce@group-36BAB0EB5D8E: changes role from CANDIDATE to FOLLOWER at term 6 for REJECTED
2022-03-07 10:45:54,245 [87b6de07-8797-4cbf-b451-3e4ee2b0e0ce@group-36BAB0EB5D8E-LeaderElection17] INFO  impl.RoleInfo (RoleInfo.java:shutdownLeaderElection(121)) - 87b6de07-8797-4cbf-b451-3e4ee2b0e0ce: shutdown 87b6de07-8797-4cbf-b451-3e4ee2b0e0ce@group-36BAB0EB5D8E-LeaderElection17
2022-03-07 10:45:54,245 [87b6de07-8797-4cbf-b451-3e4ee2b0e0ce@group-36BAB0EB5D8E-LeaderElection17] INFO  impl.RoleInfo (RoleInfo.java:updateAndGet(130)) - 87b6de07-8797-4cbf-b451-3e4ee2b0e0ce: start 87b6de07-8797-4cbf-b451-3e4ee2b0e0ce@group-36BAB0EB5D8E-FollowerState
2022-03-07 10:45:54,244 [grpc-default-executor-2] INFO  server.RaftServer$Division (RaftServerImpl.java:requestVote(1078)) - f24af16f-2d45-4c53-94ff-fd2a7b172da9@group-36BAB0EB5D8E replies to ELECTION vote request: 87b6de07-8797-4cbf-b451-3e4ee2b0e0ce<-f24af16f-2d45-4c53-94ff-fd2a7b172da9#0:OK-t6. Peer's state: f24af16f-2d45-4c53-94ff-fd2a7b172da9@group-36BAB0EB5D8E:t6, leader=null, voted=87b6de07-8797-4cbf-b451-3e4ee2b0e0ce, raftlog=f24af16f-2d45-4c53-94ff-fd2a7b172da9@group-36BAB0EB5D8E-SegmentedRaftLog:OPENED:c-1, conf=-1: [87b6de07-8797-4cbf-b451-3e4ee2b0e0ce|rpc:10.1.0.23:33427|priority:0, 52f36989-14f1-4f78-bbcf-b5a9e40c92fe|rpc:10.1.0.23:36491|priority:1, f24af16f-2d45-4c53-94ff-fd2a7b172da9|rpc:10.1.0.23:46799|priority:0], old=null
2022-03-07 10:45:55,109 [Listener at 127.0.0.1/46693] INFO  ozone.MiniOzoneClusterImpl (MiniOzoneClusterImpl.java:lambda$waitForClusterToBeReady$0(219)) - Nodes are ready. Got 3 of 3 DN Heartbeats.
2022-03-07 10:45:55,110 [Listener at 127.0.0.1/46693] INFO  ozone.MiniOzoneClusterImpl (MiniOzoneClusterImpl.java:lambda$waitForClusterToBeReady$0(222)) - Waiting for cluster to exit safe mode
2022-03-07 10:45:55,110 [Listener at 127.0.0.1/46693] INFO  ozone.MiniOzoneClusterImpl (MiniOzoneClusterImpl.java:lambda$waitForClusterToBeReady$0(224)) - SCM became leader
2022-03-07 10:45:56,110 [Listener at 127.0.0.1/46693] INFO  ozone.MiniOzoneClusterImpl (MiniOzoneClusterImpl.java:lambda$waitForClusterToBeReady$0(219)) - Nodes are ready. Got 3 of 3 DN Heartbeats.
2022-03-07 10:45:56,110 [Listener at 127.0.0.1/46693] INFO  ozone.MiniOzoneClusterImpl (MiniOzoneClusterImpl.java:lambda$waitForClusterToBeReady$0(222)) - Waiting for cluster to exit safe mode
2022-03-07 10:45:56,110 [Listener at 127.0.0.1/46693] INFO  ozone.MiniOzoneClusterImpl (MiniOzoneClusterImpl.java:lambda$waitForClusterToBeReady$0(224)) - SCM became leader
2022-03-07 10:45:57,111 [Listener at 127.0.0.1/46693] INFO  ozone.MiniOzoneClusterImpl (MiniOzoneClusterImpl.java:lambda$waitForClusterToBeReady$0(219)) - Nodes are ready. Got 3 of 3 DN Heartbeats.
2022-03-07 10:45:57,111 [Listener at 127.0.0.1/46693] INFO  ozone.MiniOzoneClusterImpl (MiniOzoneClusterImpl.java:lambda$waitForClusterToBeReady$0(222)) - Waiting for cluster to exit safe mode
2022-03-07 10:45:57,111 [Listener at 127.0.0.1/46693] INFO  ozone.MiniOzoneClusterImpl (MiniOzoneClusterImpl.java:lambda$waitForClusterToBeReady$0(224)) - SCM became leader
2022-03-07 10:45:58,111 [Listener at 127.0.0.1/46693] INFO  ozone.MiniOzoneClusterImpl (MiniOzoneClusterImpl.java:lambda$waitForClusterToBeReady$0(219)) - Nodes are ready. Got 3 of 3 DN Heartbeats.
2022-03-07 10:45:58,112 [Listener at 127.0.0.1/46693] INFO  ozone.MiniOzoneClusterImpl (MiniOzoneClusterImpl.java:lambda$waitForClusterToBeReady$0(222)) - Waiting for cluster to exit safe mode
2022-03-07 10:45:58,112 [Listener at 127.0.0.1/46693] INFO  ozone.MiniOzoneClusterImpl (MiniOzoneClusterImpl.java:lambda$waitForClusterToBeReady$0(224)) - SCM became leader
2022-03-07 10:45:59,112 [Listener at 127.0.0.1/46693] INFO  ozone.MiniOzoneClusterImpl (MiniOzoneClusterImpl.java:lambda$waitForClusterToBeReady$0(219)) - Nodes are ready. Got 3 of 3 DN Heartbeats.
2022-03-07 10:45:59,112 [Listener at 127.0.0.1/46693] INFO  ozone.MiniOzoneClusterImpl (MiniOzoneClusterImpl.java:lambda$waitForClusterToBeReady$0(222)) - Waiting for cluster to exit safe mode
2022-03-07 10:45:59,112 [Listener at 127.0.0.1/46693] INFO  ozone.MiniOzoneClusterImpl (MiniOzoneClusterImpl.java:lambda$waitForClusterToBeReady$0(224)) - SCM became leader
2022-03-07 10:45:59,358 [87b6de07-8797-4cbf-b451-3e4ee2b0e0ce@group-36BAB0EB5D8E-FollowerState] INFO  impl.FollowerState (FollowerState.java:run(134)) - 87b6de07-8797-4cbf-b451-3e4ee2b0e0ce@group-36BAB0EB5D8E-FollowerState: change to CANDIDATE, lastRpcElapsedTime:5113036945ns, electionTimeout:5106ms
2022-03-07 10:45:59,359 [87b6de07-8797-4cbf-b451-3e4ee2b0e0ce@group-36BAB0EB5D8E-FollowerState] INFO  impl.RoleInfo (RoleInfo.java:shutdownFollowerState(108)) - 87b6de07-8797-4cbf-b451-3e4ee2b0e0ce: shutdown 87b6de07-8797-4cbf-b451-3e4ee2b0e0ce@group-36BAB0EB5D8E-FollowerState
2022-03-07 10:45:59,359 [87b6de07-8797-4cbf-b451-3e4ee2b0e0ce@group-36BAB0EB5D8E-FollowerState] INFO  server.RaftServer$Division (RaftServerImpl.java:setRole(290)) - 87b6de07-8797-4cbf-b451-3e4ee2b0e0ce@group-36BAB0EB5D8E: changes role from  FOLLOWER to CANDIDATE at term 6 for changeToCandidate
2022-03-07 10:45:59,360 [87b6de07-8797-4cbf-b451-3e4ee2b0e0ce@group-36BAB0EB5D8E-FollowerState] INFO  server.RaftServerConfigKeys (ConfUtils.java:logGet(44)) - raft.server.leaderelection.pre-vote = false (custom)
2022-03-07 10:45:59,360 [87b6de07-8797-4cbf-b451-3e4ee2b0e0ce@group-36BAB0EB5D8E-FollowerState] INFO  impl.RoleInfo (RoleInfo.java:updateAndGet(130)) - 87b6de07-8797-4cbf-b451-3e4ee2b0e0ce: start 87b6de07-8797-4cbf-b451-3e4ee2b0e0ce@group-36BAB0EB5D8E-LeaderElection18
2022-03-07 10:45:59,367 [87b6de07-8797-4cbf-b451-3e4ee2b0e0ce@group-36BAB0EB5D8E-LeaderElection18] INFO  impl.LeaderElection (LeaderElection.java:askForVotes(306)) - 87b6de07-8797-4cbf-b451-3e4ee2b0e0ce@group-36BAB0EB5D8E-LeaderElection18 ELECTION round 0: submit vote requests at term 7 for -1: [87b6de07-8797-4cbf-b451-3e4ee2b0e0ce|rpc:10.1.0.23:33427|priority:0, 52f36989-14f1-4f78-bbcf-b5a9e40c92fe|rpc:10.1.0.23:36491|priority:1, f24af16f-2d45-4c53-94ff-fd2a7b172da9|rpc:10.1.0.23:46799|priority:0], old=null
2022-03-07 10:45:59,377 [grpc-default-executor-2] INFO  server.RaftServer$Division (RaftServerImpl.java:requestVote(1046)) - 52f36989-14f1-4f78-bbcf-b5a9e40c92fe@group-36BAB0EB5D8E: receive requestVote(ELECTION, 87b6de07-8797-4cbf-b451-3e4ee2b0e0ce, group-36BAB0EB5D8E, 7, (t:0, i:0))
2022-03-07 10:45:59,377 [grpc-default-executor-2] INFO  impl.VoteContext (VoteContext.java:log(48)) - 52f36989-14f1-4f78-bbcf-b5a9e40c92fe@group-36BAB0EB5D8E-FOLLOWER: reject ELECTION from 87b6de07-8797-4cbf-b451-3e4ee2b0e0ce: our priority 1 > candidate's priority 0
2022-03-07 10:45:59,377 [grpc-default-executor-2] INFO  server.RaftServer$Division (RaftServerImpl.java:setRole(290)) - 52f36989-14f1-4f78-bbcf-b5a9e40c92fe@group-36BAB0EB5D8E: changes role from  FOLLOWER to FOLLOWER at term 7 for candidate:87b6de07-8797-4cbf-b451-3e4ee2b0e0ce
2022-03-07 10:45:59,377 [grpc-default-executor-2] INFO  impl.RoleInfo (RoleInfo.java:shutdownFollowerState(108)) - 52f36989-14f1-4f78-bbcf-b5a9e40c92fe: shutdown 52f36989-14f1-4f78-bbcf-b5a9e40c92fe@group-36BAB0EB5D8E-FollowerState
2022-03-07 10:45:59,377 [grpc-default-executor-2] INFO  impl.RoleInfo (RoleInfo.java:updateAndGet(130)) - 52f36989-14f1-4f78-bbcf-b5a9e40c92fe: start 52f36989-14f1-4f78-bbcf-b5a9e40c92fe@group-36BAB0EB5D8E-FollowerState
2022-03-07 10:45:59,377 [52f36989-14f1-4f78-bbcf-b5a9e40c92fe@group-36BAB0EB5D8E-FollowerState] INFO  impl.FollowerState (FollowerState.java:run(143)) - 52f36989-14f1-4f78-bbcf-b5a9e40c92fe@group-36BAB0EB5D8E-FollowerState was interrupted: {}
java.lang.InterruptedException: sleep interrupted
	at java.lang.Thread.sleep(Native Method)
	at java.lang.Thread.sleep(Thread.java:342)
	at java.util.concurrent.TimeUnit.sleep(TimeUnit.java:386)
	at org.apache.ratis.util.TimeDuration.sleep(TimeDuration.java:324)
	at org.apache.ratis.util.TimeDuration.sleep(TimeDuration.java:309)
	at org.apache.ratis.server.impl.FollowerState.run(FollowerState.java:118)
2022-03-07 10:45:59,387 [grpc-default-executor-2] INFO  server.RaftServer$Division (RaftServerImpl.java:requestVote(1078)) - 52f36989-14f1-4f78-bbcf-b5a9e40c92fe@group-36BAB0EB5D8E replies to ELECTION vote request: 87b6de07-8797-4cbf-b451-3e4ee2b0e0ce<-52f36989-14f1-4f78-bbcf-b5a9e40c92fe#0:FAIL-t7. Peer's state: 52f36989-14f1-4f78-bbcf-b5a9e40c92fe@group-36BAB0EB5D8E:t7, leader=null, voted=null, raftlog=52f36989-14f1-4f78-bbcf-b5a9e40c92fe@group-36BAB0EB5D8E-SegmentedRaftLog:OPENED:c-1, conf=-1: [87b6de07-8797-4cbf-b451-3e4ee2b0e0ce|rpc:10.1.0.23:33427|priority:0, 52f36989-14f1-4f78-bbcf-b5a9e40c92fe|rpc:10.1.0.23:36491|priority:1, f24af16f-2d45-4c53-94ff-fd2a7b172da9|rpc:10.1.0.23:46799|priority:0], old=null
2022-03-07 10:45:59,389 [87b6de07-8797-4cbf-b451-3e4ee2b0e0ce@group-36BAB0EB5D8E-LeaderElection18] INFO  impl.LeaderElection (LeaderElection.java:logAndReturn(89)) - 87b6de07-8797-4cbf-b451-3e4ee2b0e0ce@group-36BAB0EB5D8E-LeaderElection18: ELECTION REJECTED received 1 response(s) and 0 exception(s):
2022-03-07 10:45:59,389 [87b6de07-8797-4cbf-b451-3e4ee2b0e0ce@group-36BAB0EB5D8E-LeaderElection18] INFO  impl.LeaderElection (LeaderElection.java:logAndReturn(93)) -   Response 0: 87b6de07-8797-4cbf-b451-3e4ee2b0e0ce<-52f36989-14f1-4f78-bbcf-b5a9e40c92fe#0:FAIL-t7
2022-03-07 10:45:59,389 [87b6de07-8797-4cbf-b451-3e4ee2b0e0ce@group-36BAB0EB5D8E-LeaderElection18] INFO  impl.LeaderElection (LeaderElection.java:askForVotes(308)) - 87b6de07-8797-4cbf-b451-3e4ee2b0e0ce@group-36BAB0EB5D8E-LeaderElection18 ELECTION round 0: result REJECTED
2022-03-07 10:45:59,389 [87b6de07-8797-4cbf-b451-3e4ee2b0e0ce@group-36BAB0EB5D8E-LeaderElection18] INFO  server.RaftServer$Division (RaftServerImpl.java:setRole(290)) - 87b6de07-8797-4cbf-b451-3e4ee2b0e0ce@group-36BAB0EB5D8E: changes role from CANDIDATE to FOLLOWER at term 7 for REJECTED
2022-03-07 10:45:59,389 [87b6de07-8797-4cbf-b451-3e4ee2b0e0ce@group-36BAB0EB5D8E-LeaderElection18] INFO  impl.RoleInfo (RoleInfo.java:shutdownLeaderElection(121)) - 87b6de07-8797-4cbf-b451-3e4ee2b0e0ce: shutdown 87b6de07-8797-4cbf-b451-3e4ee2b0e0ce@group-36BAB0EB5D8E-LeaderElection18
2022-03-07 10:45:59,389 [87b6de07-8797-4cbf-b451-3e4ee2b0e0ce@group-36BAB0EB5D8E-LeaderElection18] INFO  impl.RoleInfo (RoleInfo.java:updateAndGet(130)) - 87b6de07-8797-4cbf-b451-3e4ee2b0e0ce: start 87b6de07-8797-4cbf-b451-3e4ee2b0e0ce@group-36BAB0EB5D8E-FollowerState
2022-03-07 10:45:59,393 [grpc-default-executor-2] INFO  server.RaftServer$Division (RaftServerImpl.java:requestVote(1046)) - f24af16f-2d45-4c53-94ff-fd2a7b172da9@group-36BAB0EB5D8E: receive requestVote(ELECTION, 87b6de07-8797-4cbf-b451-3e4ee2b0e0ce, group-36BAB0EB5D8E, 7, (t:0, i:0))
2022-03-07 10:45:59,395 [grpc-default-executor-2] INFO  impl.VoteContext (VoteContext.java:log(48)) - f24af16f-2d45-4c53-94ff-fd2a7b172da9@group-36BAB0EB5D8E-FOLLOWER: accept ELECTION from 87b6de07-8797-4cbf-b451-3e4ee2b0e0ce: our priority 0 <= candidate's priority 0
2022-03-07 10:45:59,395 [grpc-default-executor-2] INFO  server.RaftServer$Division (RaftServerImpl.java:setRole(290)) - f24af16f-2d45-4c53-94ff-fd2a7b172da9@group-36BAB0EB5D8E: changes role from  FOLLOWER to FOLLOWER at term 7 for candidate:87b6de07-8797-4cbf-b451-3e4ee2b0e0ce
2022-03-07 10:45:59,395 [grpc-default-executor-2] INFO  impl.RoleInfo (RoleInfo.java:shutdownFollowerState(108)) - f24af16f-2d45-4c53-94ff-fd2a7b172da9: shutdown f24af16f-2d45-4c53-94ff-fd2a7b172da9@group-36BAB0EB5D8E-FollowerState
2022-03-07 10:45:59,395 [grpc-default-executor-2] INFO  impl.RoleInfo (RoleInfo.java:updateAndGet(130)) - f24af16f-2d45-4c53-94ff-fd2a7b172da9: start f24af16f-2d45-4c53-94ff-fd2a7b172da9@group-36BAB0EB5D8E-FollowerState
2022-03-07 10:45:59,395 [f24af16f-2d45-4c53-94ff-fd2a7b172da9@group-36BAB0EB5D8E-FollowerState] INFO  impl.FollowerState (FollowerState.java:run(143)) - f24af16f-2d45-4c53-94ff-fd2a7b172da9@group-36BAB0EB5D8E-FollowerState was interrupted: {}
java.lang.InterruptedException: sleep interrupted
	at java.lang.Thread.sleep(Native Method)
	at java.lang.Thread.sleep(Thread.java:342)
	at java.util.concurrent.TimeUnit.sleep(TimeUnit.java:386)
	at org.apache.ratis.util.TimeDuration.sleep(TimeDuration.java:324)
	at org.apache.ratis.util.TimeDuration.sleep(TimeDuration.java:309)
	at org.apache.ratis.server.impl.FollowerState.run(FollowerState.java:118)
2022-03-07 10:45:59,402 [grpc-default-executor-2] INFO  server.RaftServer$Division (RaftServerImpl.java:requestVote(1078)) - f24af16f-2d45-4c53-94ff-fd2a7b172da9@group-36BAB0EB5D8E replies to ELECTION vote request: 87b6de07-8797-4cbf-b451-3e4ee2b0e0ce<-f24af16f-2d45-4c53-94ff-fd2a7b172da9#0:OK-t7. Peer's state: f24af16f-2d45-4c53-94ff-fd2a7b172da9@group-36BAB0EB5D8E:t7, leader=null, voted=87b6de07-8797-4cbf-b451-3e4ee2b0e0ce, raftlog=f24af16f-2d45-4c53-94ff-fd2a7b172da9@group-36BAB0EB5D8E-SegmentedRaftLog:OPENED:c-1, conf=-1: [87b6de07-8797-4cbf-b451-3e4ee2b0e0ce|rpc:10.1.0.23:33427|priority:0, 52f36989-14f1-4f78-bbcf-b5a9e40c92fe|rpc:10.1.0.23:36491|priority:1, f24af16f-2d45-4c53-94ff-fd2a7b172da9|rpc:10.1.0.23:46799|priority:0], old=null
2022-03-07 10:46:00,113 [Listener at 127.0.0.1/46693] INFO  ozone.MiniOzoneClusterImpl (MiniOzoneClusterImpl.java:lambda$waitForClusterToBeReady$0(219)) - Nodes are ready. Got 3 of 3 DN Heartbeats.
2022-03-07 10:46:00,113 [Listener at 127.0.0.1/46693] INFO  ozone.MiniOzoneClusterImpl (MiniOzoneClusterImpl.java:lambda$waitForClusterToBeReady$0(222)) - Waiting for cluster to exit safe mode
2022-03-07 10:46:00,113 [Listener at 127.0.0.1/46693] INFO  ozone.MiniOzoneClusterImpl (MiniOzoneClusterImpl.java:lambda$waitForClusterToBeReady$0(224)) - SCM became leader
2022-03-07 10:46:01,114 [Listener at 127.0.0.1/46693] INFO  ozone.MiniOzoneClusterImpl (MiniOzoneClusterImpl.java:lambda$waitForClusterToBeReady$0(219)) - Nodes are ready. Got 3 of 3 DN Heartbeats.
2022-03-07 10:46:01,114 [Listener at 127.0.0.1/46693] INFO  ozone.MiniOzoneClusterImpl (MiniOzoneClusterImpl.java:lambda$waitForClusterToBeReady$0(222)) - Waiting for cluster to exit safe mode
2022-03-07 10:46:01,114 [Listener at 127.0.0.1/46693] INFO  ozone.MiniOzoneClusterImpl (MiniOzoneClusterImpl.java:lambda$waitForClusterToBeReady$0(224)) - SCM became leader
2022-03-07 10:46:02,114 [Listener at 127.0.0.1/46693] INFO  ozone.MiniOzoneClusterImpl (MiniOzoneClusterImpl.java:lambda$waitForClusterToBeReady$0(219)) - Nodes are ready. Got 3 of 3 DN Heartbeats.
2022-03-07 10:46:02,114 [Listener at 127.0.0.1/46693] INFO  ozone.MiniOzoneClusterImpl (MiniOzoneClusterImpl.java:lambda$waitForClusterToBeReady$0(222)) - Waiting for cluster to exit safe mode
2022-03-07 10:46:02,114 [Listener at 127.0.0.1/46693] INFO  ozone.MiniOzoneClusterImpl (MiniOzoneClusterImpl.java:lambda$waitForClusterToBeReady$0(224)) - SCM became leader
2022-03-07 10:46:03,115 [Listener at 127.0.0.1/46693] INFO  ozone.MiniOzoneClusterImpl (MiniOzoneClusterImpl.java:lambda$waitForClusterToBeReady$0(219)) - Nodes are ready. Got 3 of 3 DN Heartbeats.
2022-03-07 10:46:03,115 [Listener at 127.0.0.1/46693] INFO  ozone.MiniOzoneClusterImpl (MiniOzoneClusterImpl.java:lambda$waitForClusterToBeReady$0(222)) - Waiting for cluster to exit safe mode
2022-03-07 10:46:03,115 [Listener at 127.0.0.1/46693] INFO  ozone.MiniOzoneClusterImpl (MiniOzoneClusterImpl.java:lambda$waitForClusterToBeReady$0(224)) - SCM became leader
2022-03-07 10:46:03,313 [Time-limited test] INFO  ozone.MiniOzoneClusterImpl (MiniOzoneClusterImpl.java:shutdown(449)) - Shutting down the Mini Ozone Cluster
2022-03-07 10:46:03,314 [Time-limited test] INFO  ozone.MiniOzoneClusterImpl (MiniOzoneClusterImpl.java:stop(464)) - Stopping the Mini Ozone Cluster
2022-03-07 10:46:03,314 [Time-limited test] INFO  ozone.MiniOzoneClusterImpl (MiniOzoneClusterImpl.java:stopOM(546)) - Stopping the OzoneManager
2022-03-07 10:46:03,314 [Time-limited test] INFO  om.OzoneManager (OzoneManager.java:stop(1893)) - om1[localhost:0]: Stopping Ozone Manager
2022-03-07 10:46:03,315 [Time-limited test] INFO  ipc.Server (Server.java:stop(3414)) - Stopping server on 46693
2022-03-07 10:46:03,322 [IPC Server listener on 0] INFO  ipc.Server (Server.java:run(1376)) - Stopping IPC Server listener on 0
2022-03-07 10:46:03,323 [IPC Server Responder] INFO  ipc.Server (Server.java:run(1512)) - Stopping IPC Server Responder
2022-03-07 10:46:03,324 [Time-limited test] INFO  server.RaftServer (RaftServerProxy.java:lambda$close$6(391)) - om1: close
2022-03-07 10:46:03,324 [Time-limited test] INFO  server.RaftServer$Division (RaftServerImpl.java:lambda$close$4(412)) - om1@group-C5BA1605619E: shutdown
2022-03-07 10:46:03,325 [Time-limited test] INFO  util.JmxRegister (JmxRegister.java:unregister(73)) - Successfully un-registered JMX Bean with object name Ratis:service=RaftServer,group=group-C5BA1605619E,id=om1
2022-03-07 10:46:03,325 [Time-limited test] INFO  impl.RoleInfo (RoleInfo.java:shutdownLeaderState(91)) - om1: shutdown om1@group-C5BA1605619E-LeaderStateImpl
2022-03-07 10:46:03,326 [Time-limited test] INFO  impl.PendingRequests (PendingRequests.java:sendNotLeaderResponses(282)) - om1@group-C5BA1605619E-PendingRequests: sendNotLeaderResponses
2022-03-07 10:46:03,328 [om1@group-C5BA1605619E-StateMachineUpdater] INFO  ratis.OzoneManagerStateMachine (OzoneManagerStateMachine.java:takeSnapshot(417)) - Current Snapshot Index (t:1, i:0)
2022-03-07 10:46:03,328 [om1@group-C5BA1605619E-StateMachineUpdater] INFO  impl.StateMachineUpdater (StateMachineUpdater.java:takeSnapshot(281)) - om1@group-C5BA1605619E-StateMachineUpdater: Took a snapshot at index 0
2022-03-07 10:46:03,328 [om1@group-C5BA1605619E-StateMachineUpdater] INFO  impl.StateMachineUpdater (StateMachineUpdater.java:lambda$new$0(89)) - om1@group-C5BA1605619E-StateMachineUpdater: snapshotIndex: updateIncreasingly -1 -> 0
2022-03-07 10:46:03,328 [om1@group-C5BA1605619E-StateMachineUpdater] INFO  ratis.OzoneManagerStateMachine (OzoneManagerStateMachine.java:close(471)) - StateMachine has shutdown. Shutdown OzoneManager if not already shutdown.
2022-03-07 10:46:03,329 [Time-limited test] INFO  impl.StateMachineUpdater (StateMachineUpdater.java:stopAndJoin(149)) - om1@group-C5BA1605619E-StateMachineUpdater: set stopIndex = 0
2022-03-07 10:46:03,329 [Time-limited test] INFO  server.RaftServer$Division (ServerState.java:close(419)) - om1@group-C5BA1605619E: closes. applyIndex: 0
2022-03-07 10:46:03,330 [om1@group-C5BA1605619E-SegmentedRaftLogWorker] INFO  segmented.SegmentedRaftLogWorker (SegmentedRaftLogWorker.java:run(327)) - om1@group-C5BA1605619E-SegmentedRaftLogWorker was interrupted, exiting. There are 0 tasks remaining in the queue.
2022-03-07 10:46:03,331 [Time-limited test] INFO  segmented.SegmentedRaftLogWorker (SegmentedRaftLogWorker.java:close(237)) - om1@group-C5BA1605619E-SegmentedRaftLogWorker close()
2022-03-07 10:46:03,332 [Time-limited test] INFO  server.GrpcService (GrpcService.java:closeImpl(262)) - om1: shutdown server with port 9872 now
2022-03-07 10:46:03,332 [Time-limited test] INFO  server.GrpcService (GrpcService.java:closeImpl(271)) - om1: shutdown server with port 9872 successfully
2022-03-07 10:46:03,332 [org.apache.ratis.util.JvmPauseMonitor$$Lambda$431/661007587@9ff548c] INFO  util.JvmPauseMonitor (JvmPauseMonitor.java:run(109)) - JvmPauseMonitor-om1: Stopped
2022-03-07 10:46:03,332 [Time-limited test] INFO  ratis.OzoneManagerDoubleBuffer (OzoneManagerDoubleBuffer.java:stop(437)) - Stopping OMDoubleBuffer flush thread
2022-03-07 10:46:03,333 [OMDoubleBufferFlushThread] INFO  ratis.OzoneManagerDoubleBuffer (OzoneManagerDoubleBuffer.java:flushTransactions(356)) - OMDoubleBuffer flush thread OMDoubleBufferFlushThread is interrupted and will exit. OMDoubleBufferFlushThread
2022-03-07 10:46:03,336 [Time-limited test] INFO  utils.BackgroundService (BackgroundService.java:shutdown(132)) - Shutting down service KeyDeletingService
2022-03-07 10:46:03,337 [Time-limited test] INFO  utils.BackgroundService (BackgroundService.java:shutdown(132)) - Shutting down service DirectoryDeletingService
2022-03-07 10:46:03,339 [Time-limited test] INFO  handler.ContextHandler (ContextHandler.java:doStop(1153)) - Stopped o.e.j.w.WebAppContext@26fedda0{ozoneManager,/,null,STOPPED}{file:/home/runner/work/ozone/ozone/hadoop-ozone/integration-test/target/test-classes/webapps/ozoneManager}
2022-03-07 10:46:03,341 [Time-limited test] INFO  server.AbstractConnector (AbstractConnector.java:doStop(381)) - Stopped ServerConnector@50d9d4e{HTTP/1.1, (http/1.1)}{0.0.0.0:0}
2022-03-07 10:46:03,341 [Time-limited test] INFO  server.session (HouseKeeper.java:stopScavenging(149)) - node0 Stopped scavenging
2022-03-07 10:46:03,341 [Time-limited test] INFO  handler.ContextHandler (ContextHandler.java:doStop(1153)) - Stopped o.e.j.s.ServletContextHandler@683fa314{static,/static,file:///home/runner/work/ozone/ozone/hadoop-ozone/integration-test/target/test-classes/webapps/static,STOPPED}
2022-03-07 10:46:03,343 [Time-limited test] INFO  handler.ContextHandler (ContextHandler.java:doStop(1153)) - Stopped o.e.j.s.ServletContextHandler@79ce7066{logs,/logs,file:///home/runner/work/ozone/ozone/hadoop-ozone/integration-test/target/log,STOPPED}
2022-03-07 10:46:03,347 [Time-limited test] INFO  ozone.MiniOzoneClusterImpl (MiniOzoneClusterImpl.java:stopDatanodes(523)) - Stopping the HddsDatanodes
2022-03-07 10:46:04,435 [87b6de07-8797-4cbf-b451-3e4ee2b0e0ce@group-36BAB0EB5D8E-FollowerState] INFO  impl.FollowerState (FollowerState.java:run(134)) - 87b6de07-8797-4cbf-b451-3e4ee2b0e0ce@group-36BAB0EB5D8E-FollowerState: change to CANDIDATE, lastRpcElapsedTime:5045636993ns, electionTimeout:5040ms
2022-03-07 10:46:04,435 [87b6de07-8797-4cbf-b451-3e4ee2b0e0ce@group-36BAB0EB5D8E-FollowerState] INFO  impl.RoleInfo (RoleInfo.java:shutdownFollowerState(108)) - 87b6de07-8797-4cbf-b451-3e4ee2b0e0ce: shutdown 87b6de07-8797-4cbf-b451-3e4ee2b0e0ce@group-36BAB0EB5D8E-FollowerState
2022-03-07 10:46:04,435 [87b6de07-8797-4cbf-b451-3e4ee2b0e0ce@group-36BAB0EB5D8E-FollowerState] INFO  server.RaftServer$Division (RaftServerImpl.java:setRole(290)) - 87b6de07-8797-4cbf-b451-3e4ee2b0e0ce@group-36BAB0EB5D8E: changes role from  FOLLOWER to CANDIDATE at term 7 for changeToCandidate
2022-03-07 10:46:04,435 [87b6de07-8797-4cbf-b451-3e4ee2b0e0ce@group-36BAB0EB5D8E-FollowerState] INFO  server.RaftServerConfigKeys (ConfUtils.java:logGet(44)) - raft.server.leaderelection.pre-vote = false (custom)
2022-03-07 10:46:04,435 [87b6de07-8797-4cbf-b451-3e4ee2b0e0ce@group-36BAB0EB5D8E-FollowerState] INFO  impl.RoleInfo (RoleInfo.java:updateAndGet(130)) - 87b6de07-8797-4cbf-b451-3e4ee2b0e0ce: start 87b6de07-8797-4cbf-b451-3e4ee2b0e0ce@group-36BAB0EB5D8E-LeaderElection19
2022-03-07 10:46:04,448 [87b6de07-8797-4cbf-b451-3e4ee2b0e0ce@group-36BAB0EB5D8E-LeaderElection19] INFO  impl.LeaderElection (LeaderElection.java:askForVotes(306)) - 87b6de07-8797-4cbf-b451-3e4ee2b0e0ce@group-36BAB0EB5D8E-LeaderElection19 ELECTION round 0: submit vote requests at term 8 for -1: [87b6de07-8797-4cbf-b451-3e4ee2b0e0ce|rpc:10.1.0.23:33427|priority:0, 52f36989-14f1-4f78-bbcf-b5a9e40c92fe|rpc:10.1.0.23:36491|priority:1, f24af16f-2d45-4c53-94ff-fd2a7b172da9|rpc:10.1.0.23:46799|priority:0], old=null
2022-03-07 10:46:04,456 [grpc-default-executor-2] INFO  server.RaftServer$Division (RaftServerImpl.java:requestVote(1046)) - 52f36989-14f1-4f78-bbcf-b5a9e40c92fe@group-36BAB0EB5D8E: receive requestVote(ELECTION, 87b6de07-8797-4cbf-b451-3e4ee2b0e0ce, group-36BAB0EB5D8E, 8, (t:0, i:0))
2022-03-07 10:46:04,457 [grpc-default-executor-2] INFO  impl.VoteContext (VoteContext.java:log(48)) - 52f36989-14f1-4f78-bbcf-b5a9e40c92fe@group-36BAB0EB5D8E-FOLLOWER: reject ELECTION from 87b6de07-8797-4cbf-b451-3e4ee2b0e0ce: our priority 1 > candidate's priority 0
2022-03-07 10:46:04,457 [grpc-default-executor-2] INFO  server.RaftServer$Division (RaftServerImpl.java:setRole(290)) - 52f36989-14f1-4f78-bbcf-b5a9e40c92fe@group-36BAB0EB5D8E: changes role from  FOLLOWER to FOLLOWER at term 8 for candidate:87b6de07-8797-4cbf-b451-3e4ee2b0e0ce
2022-03-07 10:46:04,457 [grpc-default-executor-2] INFO  impl.RoleInfo (RoleInfo.java:shutdownFollowerState(108)) - 52f36989-14f1-4f78-bbcf-b5a9e40c92fe: shutdown 52f36989-14f1-4f78-bbcf-b5a9e40c92fe@group-36BAB0EB5D8E-FollowerState
2022-03-07 10:46:04,457 [grpc-default-executor-2] INFO  impl.RoleInfo (RoleInfo.java:updateAndGet(130)) - 52f36989-14f1-4f78-bbcf-b5a9e40c92fe: start 52f36989-14f1-4f78-bbcf-b5a9e40c92fe@group-36BAB0EB5D8E-FollowerState
2022-03-07 10:46:04,457 [52f36989-14f1-4f78-bbcf-b5a9e40c92fe@group-36BAB0EB5D8E-FollowerState] INFO  impl.FollowerState (FollowerState.java:run(143)) - 52f36989-14f1-4f78-bbcf-b5a9e40c92fe@group-36BAB0EB5D8E-FollowerState was interrupted: {}
java.lang.InterruptedException: sleep interrupted
	at java.lang.Thread.sleep(Native Method)
	at java.lang.Thread.sleep(Thread.java:342)
	at java.util.concurrent.TimeUnit.sleep(TimeUnit.java:386)
	at org.apache.ratis.util.TimeDuration.sleep(TimeDuration.java:324)
	at org.apache.ratis.util.TimeDuration.sleep(TimeDuration.java:309)
	at org.apache.ratis.server.impl.FollowerState.run(FollowerState.java:118)
2022-03-07 10:46:04,459 [grpc-default-executor-2] INFO  server.RaftServer$Division (RaftServerImpl.java:requestVote(1078)) - 52f36989-14f1-4f78-bbcf-b5a9e40c92fe@group-36BAB0EB5D8E replies to ELECTION vote request: 87b6de07-8797-4cbf-b451-3e4ee2b0e0ce<-52f36989-14f1-4f78-bbcf-b5a9e40c92fe#0:FAIL-t8. Peer's state: 52f36989-14f1-4f78-bbcf-b5a9e40c92fe@group-36BAB0EB5D8E:t8, leader=null, voted=null, raftlog=52f36989-14f1-4f78-bbcf-b5a9e40c92fe@group-36BAB0EB5D8E-SegmentedRaftLog:OPENED:c-1, conf=-1: [87b6de07-8797-4cbf-b451-3e4ee2b0e0ce|rpc:10.1.0.23:33427|priority:0, 52f36989-14f1-4f78-bbcf-b5a9e40c92fe|rpc:10.1.0.23:36491|priority:1, f24af16f-2d45-4c53-94ff-fd2a7b172da9|rpc:10.1.0.23:46799|priority:0], old=null
2022-03-07 10:46:04,463 [87b6de07-8797-4cbf-b451-3e4ee2b0e0ce@group-36BAB0EB5D8E-LeaderElection19] INFO  impl.LeaderElection (LeaderElection.java:logAndReturn(89)) - 87b6de07-8797-4cbf-b451-3e4ee2b0e0ce@group-36BAB0EB5D8E-LeaderElection19: ELECTION REJECTED received 1 response(s) and 0 exception(s):
2022-03-07 10:46:04,463 [87b6de07-8797-4cbf-b451-3e4ee2b0e0ce@group-36BAB0EB5D8E-LeaderElection19] INFO  impl.LeaderElection (LeaderElection.java:logAndReturn(93)) -   Response 0: 87b6de07-8797-4cbf-b451-3e4ee2b0e0ce<-52f36989-14f1-4f78-bbcf-b5a9e40c92fe#0:FAIL-t8
2022-03-07 10:46:04,463 [87b6de07-8797-4cbf-b451-3e4ee2b0e0ce@group-36BAB0EB5D8E-LeaderElection19] INFO  impl.LeaderElection (LeaderElection.java:askForVotes(308)) - 87b6de07-8797-4cbf-b451-3e4ee2b0e0ce@group-36BAB0EB5D8E-LeaderElection19 ELECTION round 0: result REJECTED
2022-03-07 10:46:04,463 [87b6de07-8797-4cbf-b451-3e4ee2b0e0ce@group-36BAB0EB5D8E-LeaderElection19] INFO  server.RaftServer$Division (RaftServerImpl.java:setRole(290)) - 87b6de07-8797-4cbf-b451-3e4ee2b0e0ce@group-36BAB0EB5D8E: changes role from CANDIDATE to FOLLOWER at term 8 for REJECTED
2022-03-07 10:46:04,463 [87b6de07-8797-4cbf-b451-3e4ee2b0e0ce@group-36BAB0EB5D8E-LeaderElection19] INFO  impl.RoleInfo (RoleInfo.java:shutdownLeaderElection(121)) - 87b6de07-8797-4cbf-b451-3e4ee2b0e0ce: shutdown 87b6de07-8797-4cbf-b451-3e4ee2b0e0ce@group-36BAB0EB5D8E-LeaderElection19
2022-03-07 10:46:04,463 [87b6de07-8797-4cbf-b451-3e4ee2b0e0ce@group-36BAB0EB5D8E-LeaderElection19] INFO  impl.RoleInfo (RoleInfo.java:updateAndGet(130)) - 87b6de07-8797-4cbf-b451-3e4ee2b0e0ce: start 87b6de07-8797-4cbf-b451-3e4ee2b0e0ce@group-36BAB0EB5D8E-FollowerState
2022-03-07 10:46:04,465 [grpc-default-executor-3] INFO  server.RaftServer$Division (RaftServerImpl.java:requestVote(1046)) - f24af16f-2d45-4c53-94ff-fd2a7b172da9@group-36BAB0EB5D8E: receive requestVote(ELECTION, 87b6de07-8797-4cbf-b451-3e4ee2b0e0ce, group-36BAB0EB5D8E, 8, (t:0, i:0))
2022-03-07 10:46:04,465 [grpc-default-executor-3] INFO  impl.VoteContext (VoteContext.java:log(48)) - f24af16f-2d45-4c53-94ff-fd2a7b172da9@group-36BAB0EB5D8E-FOLLOWER: accept ELECTION from 87b6de07-8797-4cbf-b451-3e4ee2b0e0ce: our priority 0 <= candidate's priority 0
2022-03-07 10:46:04,465 [grpc-default-executor-3] INFO  server.RaftServer$Division (RaftServerImpl.java:setRole(290)) - f24af16f-2d45-4c53-94ff-fd2a7b172da9@group-36BAB0EB5D8E: changes role from  FOLLOWER to FOLLOWER at term 8 for candidate:87b6de07-8797-4cbf-b451-3e4ee2b0e0ce
2022-03-07 10:46:04,465 [grpc-default-executor-3] INFO  impl.RoleInfo (RoleInfo.java:shutdownFollowerState(108)) - f24af16f-2d45-4c53-94ff-fd2a7b172da9: shutdown f24af16f-2d45-4c53-94ff-fd2a7b172da9@group-36BAB0EB5D8E-FollowerState
2022-03-07 10:46:04,465 [grpc-default-executor-3] INFO  impl.RoleInfo (RoleInfo.java:updateAndGet(130)) - f24af16f-2d45-4c53-94ff-fd2a7b172da9: start f24af16f-2d45-4c53-94ff-fd2a7b172da9@group-36BAB0EB5D8E-FollowerState
2022-03-07 10:46:04,465 [f24af16f-2d45-4c53-94ff-fd2a7b172da9@group-36BAB0EB5D8E-FollowerState] INFO  impl.FollowerState (FollowerState.java:run(143)) - f24af16f-2d45-4c53-94ff-fd2a7b172da9@group-36BAB0EB5D8E-FollowerState was interrupted: {}
java.lang.InterruptedException: sleep interrupted
	at java.lang.Thread.sleep(Native Method)
	at java.lang.Thread.sleep(Thread.java:342)
	at java.util.concurrent.TimeUnit.sleep(TimeUnit.java:386)
	at org.apache.ratis.util.TimeDuration.sleep(TimeDuration.java:324)
	at org.apache.ratis.util.TimeDuration.sleep(TimeDuration.java:309)
	at org.apache.ratis.server.impl.FollowerState.run(FollowerState.java:118)
2022-03-07 10:46:04,471 [grpc-default-executor-3] INFO  server.RaftServer$Division (RaftServerImpl.java:requestVote(1078)) - f24af16f-2d45-4c53-94ff-fd2a7b172da9@group-36BAB0EB5D8E replies to ELECTION vote request: 87b6de07-8797-4cbf-b451-3e4ee2b0e0ce<-f24af16f-2d45-4c53-94ff-fd2a7b172da9#0:OK-t8. Peer's state: f24af16f-2d45-4c53-94ff-fd2a7b172da9@group-36BAB0EB5D8E:t8, leader=null, voted=87b6de07-8797-4cbf-b451-3e4ee2b0e0ce, raftlog=f24af16f-2d45-4c53-94ff-fd2a7b172da9@group-36BAB0EB5D8E-SegmentedRaftLog:OPENED:c-1, conf=-1: [87b6de07-8797-4cbf-b451-3e4ee2b0e0ce|rpc:10.1.0.23:33427|priority:0, 52f36989-14f1-4f78-bbcf-b5a9e40c92fe|rpc:10.1.0.23:36491|priority:1, f24af16f-2d45-4c53-94ff-fd2a7b172da9|rpc:10.1.0.23:46799|priority:0], old=null
2022-03-07 10:46:08,354 [ForkJoinPool.commonPool-worker-1] INFO  ozoneimpl.OzoneContainer (OzoneContainer.java:stop(356)) - Attempting to stop container services.
2022-03-07 10:46:08,355 [Time-limited test] INFO  ozoneimpl.OzoneContainer (OzoneContainer.java:stop(356)) - Attempting to stop container services.
2022-03-07 10:46:08,356 [ForkJoinPool.commonPool-worker-1] INFO  server.RaftServer (RaftServerProxy.java:lambda$close$6(391)) - f24af16f-2d45-4c53-94ff-fd2a7b172da9: close
2022-03-07 10:46:08,357 [ForkJoinPool.commonPool-worker-1] INFO  server.RaftServer$Division (RaftServerImpl.java:lambda$close$4(412)) - f24af16f-2d45-4c53-94ff-fd2a7b172da9@group-EE28E507CB31: shutdown
2022-03-07 10:46:08,357 [ForkJoinPool.commonPool-worker-1] INFO  util.JmxRegister (JmxRegister.java:unregister(73)) - Successfully un-registered JMX Bean with object name Ratis:service=RaftServer,group=group-EE28E507CB31,id=f24af16f-2d45-4c53-94ff-fd2a7b172da9
2022-03-07 10:46:08,357 [ForkJoinPool.commonPool-worker-1] INFO  impl.RoleInfo (RoleInfo.java:shutdownLeaderState(91)) - f24af16f-2d45-4c53-94ff-fd2a7b172da9: shutdown f24af16f-2d45-4c53-94ff-fd2a7b172da9@group-EE28E507CB31-LeaderStateImpl
2022-03-07 10:46:08,357 [ForkJoinPool.commonPool-worker-1] INFO  impl.PendingRequests (PendingRequests.java:sendNotLeaderResponses(282)) - f24af16f-2d45-4c53-94ff-fd2a7b172da9@group-EE28E507CB31-PendingRequests: sendNotLeaderResponses
2022-03-07 10:46:08,357 [ForkJoinPool.commonPool-worker-1] INFO  impl.StateMachineUpdater (StateMachineUpdater.java:stopAndJoin(149)) - f24af16f-2d45-4c53-94ff-fd2a7b172da9@group-EE28E507CB31-StateMachineUpdater: set stopIndex = 0
2022-03-07 10:46:08,358 [f24af16f-2d45-4c53-94ff-fd2a7b172da9@group-EE28E507CB31-StateMachineUpdater] INFO  ratis.ContainerStateMachine (ContainerStateMachine.java:takeSnapshot(304)) - group-EE28E507CB31: Taking a snapshot at:(t:1, i:0) file /home/runner/work/ozone/ozone/hadoop-ozone/integration-test/target/test-dir/MiniOzoneClusterImpl-6216e668-73b2-4868-9d6f-465a6cf4cf6e/datanode-0/data/ratis/f7e90688-035f-4d00-acd5-ee28e507cb31/sm/snapshot.1_0
2022-03-07 10:46:08,362 [Time-limited test] INFO  server.RaftServer (RaftServerProxy.java:lambda$close$6(391)) - 87b6de07-8797-4cbf-b451-3e4ee2b0e0ce: close
2022-03-07 10:46:08,362 [Time-limited test] INFO  server.RaftServer$Division (RaftServerImpl.java:lambda$close$4(412)) - 87b6de07-8797-4cbf-b451-3e4ee2b0e0ce@group-36BAB0EB5D8E: shutdown
2022-03-07 10:46:08,362 [Time-limited test] INFO  util.JmxRegister (JmxRegister.java:unregister(73)) - Successfully un-registered JMX Bean with object name Ratis:service=RaftServer,group=group-36BAB0EB5D8E,id=87b6de07-8797-4cbf-b451-3e4ee2b0e0ce
2022-03-07 10:46:08,362 [Time-limited test] INFO  impl.RoleInfo (RoleInfo.java:shutdownFollowerState(108)) - 87b6de07-8797-4cbf-b451-3e4ee2b0e0ce: shutdown 87b6de07-8797-4cbf-b451-3e4ee2b0e0ce@group-36BAB0EB5D8E-FollowerState
2022-03-07 10:46:08,362 [Time-limited test] INFO  impl.StateMachineUpdater (StateMachineUpdater.java:stopAndJoin(149)) - 87b6de07-8797-4cbf-b451-3e4ee2b0e0ce@group-36BAB0EB5D8E-StateMachineUpdater: set stopIndex = -1
2022-03-07 10:46:08,362 [87b6de07-8797-4cbf-b451-3e4ee2b0e0ce@group-36BAB0EB5D8E-FollowerState] INFO  impl.FollowerState (FollowerState.java:run(143)) - 87b6de07-8797-4cbf-b451-3e4ee2b0e0ce@group-36BAB0EB5D8E-FollowerState was interrupted: {}
java.lang.InterruptedException: sleep interrupted
	at java.lang.Thread.sleep(Native Method)
	at java.lang.Thread.sleep(Thread.java:342)
	at java.util.concurrent.TimeUnit.sleep(TimeUnit.java:386)
	at org.apache.ratis.util.TimeDuration.sleep(TimeDuration.java:324)
	at org.apache.ratis.util.TimeDuration.sleep(TimeDuration.java:309)
	at org.apache.ratis.server.impl.FollowerState.run(FollowerState.java:118)
2022-03-07 10:46:08,365 [Time-limited test] INFO  server.RaftServer$Division (ServerState.java:close(419)) - 87b6de07-8797-4cbf-b451-3e4ee2b0e0ce@group-36BAB0EB5D8E: closes. applyIndex: -1
2022-03-07 10:46:08,366 [87b6de07-8797-4cbf-b451-3e4ee2b0e0ce@group-36BAB0EB5D8E-SegmentedRaftLogWorker] INFO  segmented.SegmentedRaftLogWorker (SegmentedRaftLogWorker.java:run(327)) - 87b6de07-8797-4cbf-b451-3e4ee2b0e0ce@group-36BAB0EB5D8E-SegmentedRaftLogWorker was interrupted, exiting. There are 0 tasks remaining in the queue.
2022-03-07 10:46:08,367 [Time-limited test] INFO  segmented.SegmentedRaftLogWorker (SegmentedRaftLogWorker.java:close(237)) - 87b6de07-8797-4cbf-b451-3e4ee2b0e0ce@group-36BAB0EB5D8E-SegmentedRaftLogWorker close()
2022-03-07 10:46:08,368 [Time-limited test] INFO  server.RaftServer$Division (RaftServerImpl.java:lambda$close$4(412)) - 87b6de07-8797-4cbf-b451-3e4ee2b0e0ce@group-7650FA64E760: shutdown
2022-03-07 10:46:08,368 [Time-limited test] INFO  util.JmxRegister (JmxRegister.java:unregister(73)) - Successfully un-registered JMX Bean with object name Ratis:service=RaftServer,group=group-7650FA64E760,id=87b6de07-8797-4cbf-b451-3e4ee2b0e0ce
2022-03-07 10:46:08,368 [Time-limited test] INFO  impl.RoleInfo (RoleInfo.java:shutdownLeaderState(91)) - 87b6de07-8797-4cbf-b451-3e4ee2b0e0ce: shutdown 87b6de07-8797-4cbf-b451-3e4ee2b0e0ce@group-7650FA64E760-LeaderStateImpl
2022-03-07 10:46:08,369 [Time-limited test] INFO  impl.PendingRequests (PendingRequests.java:sendNotLeaderResponses(282)) - 87b6de07-8797-4cbf-b451-3e4ee2b0e0ce@group-7650FA64E760-PendingRequests: sendNotLeaderResponses
2022-03-07 10:46:08,369 [87b6de07-8797-4cbf-b451-3e4ee2b0e0ce@group-7650FA64E760-StateMachineUpdater] INFO  ratis.ContainerStateMachine (ContainerStateMachine.java:takeSnapshot(304)) - group-7650FA64E760: Taking a snapshot at:(t:1, i:0) file /home/runner/work/ozone/ozone/hadoop-ozone/integration-test/target/test-dir/MiniOzoneClusterImpl-6216e668-73b2-4868-9d6f-465a6cf4cf6e/datanode-1/data/ratis/024ce651-23bf-4ece-9216-7650fa64e760/sm/snapshot.1_0
2022-03-07 10:46:08,370 [Time-limited test] INFO  impl.StateMachineUpdater (StateMachineUpdater.java:stopAndJoin(149)) - 87b6de07-8797-4cbf-b451-3e4ee2b0e0ce@group-7650FA64E760-StateMachineUpdater: set stopIndex = 0
2022-03-07 10:46:08,419 [87b6de07-8797-4cbf-b451-3e4ee2b0e0ce@group-7650FA64E760-StateMachineUpdater] INFO  ratis.ContainerStateMachine (ContainerStateMachine.java:takeSnapshot(315)) - group-7650FA64E760: Finished taking a snapshot at:(t:1, i:0) file:/home/runner/work/ozone/ozone/hadoop-ozone/integration-test/target/test-dir/MiniOzoneClusterImpl-6216e668-73b2-4868-9d6f-465a6cf4cf6e/datanode-1/data/ratis/024ce651-23bf-4ece-9216-7650fa64e760/sm/snapshot.1_0 took: 49 ms
2022-03-07 10:46:08,420 [87b6de07-8797-4cbf-b451-3e4ee2b0e0ce@group-7650FA64E760-StateMachineUpdater] INFO  impl.StateMachineUpdater (StateMachineUpdater.java:takeSnapshot(281)) - 87b6de07-8797-4cbf-b451-3e4ee2b0e0ce@group-7650FA64E760-StateMachineUpdater: Took a snapshot at index 0
2022-03-07 10:46:08,420 [87b6de07-8797-4cbf-b451-3e4ee2b0e0ce@group-7650FA64E760-StateMachineUpdater] INFO  impl.StateMachineUpdater (StateMachineUpdater.java:lambda$new$0(89)) - 87b6de07-8797-4cbf-b451-3e4ee2b0e0ce@group-7650FA64E760-StateMachineUpdater: snapshotIndex: updateIncreasingly -1 -> 0
2022-03-07 10:46:08,421 [f24af16f-2d45-4c53-94ff-fd2a7b172da9@group-EE28E507CB31-StateMachineUpdater] INFO  ratis.ContainerStateMachine (ContainerStateMachine.java:takeSnapshot(315)) - group-EE28E507CB31: Finished taking a snapshot at:(t:1, i:0) file:/home/runner/work/ozone/ozone/hadoop-ozone/integration-test/target/test-dir/MiniOzoneClusterImpl-6216e668-73b2-4868-9d6f-465a6cf4cf6e/datanode-0/data/ratis/f7e90688-035f-4d00-acd5-ee28e507cb31/sm/snapshot.1_0 took: 63 ms
2022-03-07 10:46:08,421 [f24af16f-2d45-4c53-94ff-fd2a7b172da9@group-EE28E507CB31-StateMachineUpdater] INFO  impl.StateMachineUpdater (StateMachineUpdater.java:takeSnapshot(281)) - f24af16f-2d45-4c53-94ff-fd2a7b172da9@group-EE28E507CB31-StateMachineUpdater: Took a snapshot at index 0
2022-03-07 10:46:08,421 [Time-limited test] INFO  server.RaftServer$Division (ServerState.java:close(419)) - 87b6de07-8797-4cbf-b451-3e4ee2b0e0ce@group-7650FA64E760: closes. applyIndex: 0
2022-03-07 10:46:08,421 [87b6de07-8797-4cbf-b451-3e4ee2b0e0ce@group-7650FA64E760-SegmentedRaftLogWorker] INFO  segmented.SegmentedRaftLogWorker (SegmentedRaftLogWorker.java:run(327)) - 87b6de07-8797-4cbf-b451-3e4ee2b0e0ce@group-7650FA64E760-SegmentedRaftLogWorker was interrupted, exiting. There are 0 tasks remaining in the queue.
2022-03-07 10:46:08,422 [f24af16f-2d45-4c53-94ff-fd2a7b172da9@group-EE28E507CB31-StateMachineUpdater] INFO  impl.StateMachineUpdater (StateMachineUpdater.java:lambda$new$0(89)) - f24af16f-2d45-4c53-94ff-fd2a7b172da9@group-EE28E507CB31-StateMachineUpdater: snapshotIndex: updateIncreasingly -1 -> 0
2022-03-07 10:46:08,422 [Time-limited test] INFO  segmented.SegmentedRaftLogWorker (SegmentedRaftLogWorker.java:close(237)) - 87b6de07-8797-4cbf-b451-3e4ee2b0e0ce@group-7650FA64E760-SegmentedRaftLogWorker close()
2022-03-07 10:46:08,427 [Time-limited test] INFO  server.GrpcService (GrpcService.java:closeImpl(262)) - 87b6de07-8797-4cbf-b451-3e4ee2b0e0ce: shutdown server with port 33427 now
2022-03-07 10:46:08,430 [ForkJoinPool.commonPool-worker-1] INFO  server.RaftServer$Division (ServerState.java:close(419)) - f24af16f-2d45-4c53-94ff-fd2a7b172da9@group-EE28E507CB31: closes. applyIndex: 0
2022-03-07 10:46:08,430 [f24af16f-2d45-4c53-94ff-fd2a7b172da9@group-EE28E507CB31-SegmentedRaftLogWorker] INFO  segmented.SegmentedRaftLogWorker (SegmentedRaftLogWorker.java:run(327)) - f24af16f-2d45-4c53-94ff-fd2a7b172da9@group-EE28E507CB31-SegmentedRaftLogWorker was interrupted, exiting. There are 0 tasks remaining in the queue.
2022-03-07 10:46:08,440 [ForkJoinPool.commonPool-worker-1] INFO  segmented.SegmentedRaftLogWorker (SegmentedRaftLogWorker.java:close(237)) - f24af16f-2d45-4c53-94ff-fd2a7b172da9@group-EE28E507CB31-SegmentedRaftLogWorker close()
2022-03-07 10:46:08,444 [ForkJoinPool.commonPool-worker-1] INFO  server.RaftServer$Division (RaftServerImpl.java:lambda$close$4(412)) - f24af16f-2d45-4c53-94ff-fd2a7b172da9@group-36BAB0EB5D8E: shutdown
2022-03-07 10:46:08,445 [ForkJoinPool.commonPool-worker-1] INFO  util.JmxRegister (JmxRegister.java:unregister(73)) - Successfully un-registered JMX Bean with object name Ratis:service=RaftServer,group=group-36BAB0EB5D8E,id=f24af16f-2d45-4c53-94ff-fd2a7b172da9
2022-03-07 10:46:08,445 [ForkJoinPool.commonPool-worker-1] INFO  impl.RoleInfo (RoleInfo.java:shutdownFollowerState(108)) - f24af16f-2d45-4c53-94ff-fd2a7b172da9: shutdown f24af16f-2d45-4c53-94ff-fd2a7b172da9@group-36BAB0EB5D8E-FollowerState
2022-03-07 10:46:08,445 [ForkJoinPool.commonPool-worker-1] INFO  impl.StateMachineUpdater (StateMachineUpdater.java:stopAndJoin(149)) - f24af16f-2d45-4c53-94ff-fd2a7b172da9@group-36BAB0EB5D8E-StateMachineUpdater: set stopIndex = -1
2022-03-07 10:46:08,445 [f24af16f-2d45-4c53-94ff-fd2a7b172da9@group-36BAB0EB5D8E-FollowerState] INFO  impl.FollowerState (FollowerState.java:run(143)) - f24af16f-2d45-4c53-94ff-fd2a7b172da9@group-36BAB0EB5D8E-FollowerState was interrupted: {}
java.lang.InterruptedException: sleep interrupted
	at java.lang.Thread.sleep(Native Method)
	at java.lang.Thread.sleep(Thread.java:342)
	at java.util.concurrent.TimeUnit.sleep(TimeUnit.java:386)
	at org.apache.ratis.util.TimeDuration.sleep(TimeDuration.java:324)
	at org.apache.ratis.util.TimeDuration.sleep(TimeDuration.java:309)
	at org.apache.ratis.server.impl.FollowerState.run(FollowerState.java:118)
2022-03-07 10:46:08,445 [ForkJoinPool.commonPool-worker-1] INFO  server.RaftServer$Division (ServerState.java:close(419)) - f24af16f-2d45-4c53-94ff-fd2a7b172da9@group-36BAB0EB5D8E: closes. applyIndex: -1
2022-03-07 10:46:08,445 [f24af16f-2d45-4c53-94ff-fd2a7b172da9@group-36BAB0EB5D8E-SegmentedRaftLogWorker] INFO  segmented.SegmentedRaftLogWorker (SegmentedRaftLogWorker.java:run(327)) - f24af16f-2d45-4c53-94ff-fd2a7b172da9@group-36BAB0EB5D8E-SegmentedRaftLogWorker was interrupted, exiting. There are 0 tasks remaining in the queue.
2022-03-07 10:46:08,446 [ForkJoinPool.commonPool-worker-1] INFO  segmented.SegmentedRaftLogWorker (SegmentedRaftLogWorker.java:close(237)) - f24af16f-2d45-4c53-94ff-fd2a7b172da9@group-36BAB0EB5D8E-SegmentedRaftLogWorker close()
2022-03-07 10:46:08,447 [ForkJoinPool.commonPool-worker-1] INFO  server.GrpcService (GrpcService.java:closeImpl(262)) - f24af16f-2d45-4c53-94ff-fd2a7b172da9: shutdown server with port 46799 now
2022-03-07 10:46:08,447 [Time-limited test] INFO  server.GrpcService (GrpcService.java:closeImpl(271)) - 87b6de07-8797-4cbf-b451-3e4ee2b0e0ce: shutdown server with port 33427 successfully
2022-03-07 10:46:08,447 [org.apache.ratis.util.JvmPauseMonitor$$Lambda$431/661007587@5d26413c] INFO  util.JvmPauseMonitor (JvmPauseMonitor.java:run(109)) - JvmPauseMonitor-87b6de07-8797-4cbf-b451-3e4ee2b0e0ce: Stopped
2022-03-07 10:46:08,450 [ForkJoinPool.commonPool-worker-1] INFO  server.GrpcService (GrpcService.java:closeImpl(271)) - f24af16f-2d45-4c53-94ff-fd2a7b172da9: shutdown server with port 46799 successfully
2022-03-07 10:46:08,450 [org.apache.ratis.util.JvmPauseMonitor$$Lambda$431/661007587@7b556736] INFO  util.JvmPauseMonitor (JvmPauseMonitor.java:run(109)) - JvmPauseMonitor-f24af16f-2d45-4c53-94ff-fd2a7b172da9: Stopped
2022-03-07 10:46:09,486 [52f36989-14f1-4f78-bbcf-b5a9e40c92fe@group-36BAB0EB5D8E-FollowerState] INFO  impl.FollowerState (FollowerState.java:run(134)) - 52f36989-14f1-4f78-bbcf-b5a9e40c92fe@group-36BAB0EB5D8E-FollowerState: change to CANDIDATE, lastRpcElapsedTime:5029623426ns, electionTimeout:5022ms
2022-03-07 10:46:09,487 [52f36989-14f1-4f78-bbcf-b5a9e40c92fe@group-36BAB0EB5D8E-FollowerState] INFO  impl.RoleInfo (RoleInfo.java:shutdownFollowerState(108)) - 52f36989-14f1-4f78-bbcf-b5a9e40c92fe: shutdown 52f36989-14f1-4f78-bbcf-b5a9e40c92fe@group-36BAB0EB5D8E-FollowerState
2022-03-07 10:46:09,487 [52f36989-14f1-4f78-bbcf-b5a9e40c92fe@group-36BAB0EB5D8E-FollowerState] INFO  server.RaftServer$Division (RaftServerImpl.java:setRole(290)) - 52f36989-14f1-4f78-bbcf-b5a9e40c92fe@group-36BAB0EB5D8E: changes role from  FOLLOWER to CANDIDATE at term 8 for changeToCandidate
2022-03-07 10:46:09,487 [52f36989-14f1-4f78-bbcf-b5a9e40c92fe@group-36BAB0EB5D8E-FollowerState] INFO  server.RaftServerConfigKeys (ConfUtils.java:logGet(44)) - raft.server.leaderelection.pre-vote = false (custom)
2022-03-07 10:46:09,487 [52f36989-14f1-4f78-bbcf-b5a9e40c92fe@group-36BAB0EB5D8E-FollowerState] INFO  impl.RoleInfo (RoleInfo.java:updateAndGet(130)) - 52f36989-14f1-4f78-bbcf-b5a9e40c92fe: start 52f36989-14f1-4f78-bbcf-b5a9e40c92fe@group-36BAB0EB5D8E-LeaderElection20
2022-03-07 10:46:09,496 [52f36989-14f1-4f78-bbcf-b5a9e40c92fe@group-36BAB0EB5D8E-LeaderElection20] INFO  impl.LeaderElection (LeaderElection.java:askForVotes(306)) - 52f36989-14f1-4f78-bbcf-b5a9e40c92fe@group-36BAB0EB5D8E-LeaderElection20 ELECTION round 0: submit vote requests at term 9 for -1: [87b6de07-8797-4cbf-b451-3e4ee2b0e0ce|rpc:10.1.0.23:33427|priority:0, 52f36989-14f1-4f78-bbcf-b5a9e40c92fe|rpc:10.1.0.23:36491|priority:1, f24af16f-2d45-4c53-94ff-fd2a7b172da9|rpc:10.1.0.23:46799|priority:0], old=null
2022-03-07 10:46:09,508 [52f36989-14f1-4f78-bbcf-b5a9e40c92fe@group-36BAB0EB5D8E-LeaderElection20] INFO  impl.LeaderElection (LogUtils.java:infoOrTrace(137)) - 52f36989-14f1-4f78-bbcf-b5a9e40c92fe@group-36BAB0EB5D8E-LeaderElection20 got exception when requesting votes: java.util.concurrent.ExecutionException: org.apache.ratis.thirdparty.io.grpc.StatusRuntimeException: UNAVAILABLE: io exception
2022-03-07 10:46:09,511 [52f36989-14f1-4f78-bbcf-b5a9e40c92fe@group-36BAB0EB5D8E-LeaderElection20] INFO  impl.LeaderElection (LogUtils.java:infoOrTrace(137)) - 52f36989-14f1-4f78-bbcf-b5a9e40c92fe@group-36BAB0EB5D8E-LeaderElection20 got exception when requesting votes: java.util.concurrent.ExecutionException: org.apache.ratis.thirdparty.io.grpc.StatusRuntimeException: UNAVAILABLE: io exception
2022-03-07 10:46:09,511 [52f36989-14f1-4f78-bbcf-b5a9e40c92fe@group-36BAB0EB5D8E-LeaderElection20] INFO  impl.LeaderElection (LeaderElection.java:logAndReturn(89)) - 52f36989-14f1-4f78-bbcf-b5a9e40c92fe@group-36BAB0EB5D8E-LeaderElection20: ELECTION REJECTED received 0 response(s) and 2 exception(s):
2022-03-07 10:46:09,511 [52f36989-14f1-4f78-bbcf-b5a9e40c92fe@group-36BAB0EB5D8E-LeaderElection20] INFO  impl.LeaderElection (LogUtils.java:infoOrTrace(137)) -   Exception 0: java.util.concurrent.ExecutionException: org.apache.ratis.thirdparty.io.grpc.StatusRuntimeException: UNAVAILABLE: io exception
2022-03-07 10:46:09,512 [52f36989-14f1-4f78-bbcf-b5a9e40c92fe@group-36BAB0EB5D8E-LeaderElection20] INFO  impl.LeaderElection (LogUtils.java:infoOrTrace(137)) -   Exception 1: java.util.concurrent.ExecutionException: org.apache.ratis.thirdparty.io.grpc.StatusRuntimeException: UNAVAILABLE: io exception
2022-03-07 10:46:09,512 [52f36989-14f1-4f78-bbcf-b5a9e40c92fe@group-36BAB0EB5D8E-LeaderElection20] INFO  impl.LeaderElection (LeaderElection.java:askForVotes(308)) - 52f36989-14f1-4f78-bbcf-b5a9e40c92fe@group-36BAB0EB5D8E-LeaderElection20 ELECTION round 0: result REJECTED
2022-03-07 10:46:09,512 [52f36989-14f1-4f78-bbcf-b5a9e40c92fe@group-36BAB0EB5D8E-LeaderElection20] INFO  server.RaftServer$Division (RaftServerImpl.java:setRole(290)) - 52f36989-14f1-4f78-bbcf-b5a9e40c92fe@group-36BAB0EB5D8E: changes role from CANDIDATE to FOLLOWER at term 9 for REJECTED
2022-03-07 10:46:09,512 [52f36989-14f1-4f78-bbcf-b5a9e40c92fe@group-36BAB0EB5D8E-LeaderElection20] INFO  impl.RoleInfo (RoleInfo.java:shutdownLeaderElection(121)) - 52f36989-14f1-4f78-bbcf-b5a9e40c92fe: shutdown 52f36989-14f1-4f78-bbcf-b5a9e40c92fe@group-36BAB0EB5D8E-LeaderElection20
2022-03-07 10:46:09,512 [52f36989-14f1-4f78-bbcf-b5a9e40c92fe@group-36BAB0EB5D8E-LeaderElection20] INFO  impl.RoleInfo (RoleInfo.java:updateAndGet(130)) - 52f36989-14f1-4f78-bbcf-b5a9e40c92fe: start 52f36989-14f1-4f78-bbcf-b5a9e40c92fe@group-36BAB0EB5D8E-FollowerState
2022-03-07 10:46:10,463 [Time-limited test] INFO  utils.BackgroundService (BackgroundService.java:shutdown(132)) - Shutting down service BlockDeletingService
2022-03-07 10:46:10,469 [ForkJoinPool.commonPool-worker-1] INFO  utils.BackgroundService (BackgroundService.java:shutdown(132)) - Shutting down service BlockDeletingService
2022-03-07 10:46:13,474 [ForkJoinPool.commonPool-worker-1] INFO  statemachine.DatanodeStateMachine (DatanodeStateMachine.java:stopDaemon(529)) - Ozone container server stopped.
2022-03-07 10:46:13,474 [Time-limited test] INFO  statemachine.DatanodeStateMachine (DatanodeStateMachine.java:stopDaemon(529)) - Ozone container server stopped.
2022-03-07 10:46:13,477 [ForkJoinPool.commonPool-worker-1] INFO  handler.ContextHandler (ContextHandler.java:doStop(1153)) - Stopped o.e.j.w.WebAppContext@7a5568a1{hddsDatanode,/,null,STOPPED}{jar:file:/home/runner/.m2/repository/org/apache/ozone/hdds-container-service/1.3.0-SNAPSHOT/hdds-container-service-1.3.0-SNAPSHOT.jar!/webapps/hddsDatanode}
2022-03-07 10:46:13,477 [Time-limited test] INFO  handler.ContextHandler (ContextHandler.java:doStop(1153)) - Stopped o.e.j.w.WebAppContext@3526ec9b{hddsDatanode,/,null,STOPPED}{jar:file:/home/runner/.m2/repository/org/apache/ozone/hdds-container-service/1.3.0-SNAPSHOT/hdds-container-service-1.3.0-SNAPSHOT.jar!/webapps/hddsDatanode}
2022-03-07 10:46:13,478 [Time-limited test] INFO  server.AbstractConnector (AbstractConnector.java:doStop(381)) - Stopped ServerConnector@31adc2bb{HTTP/1.1, (http/1.1)}{0.0.0.0:0}
2022-03-07 10:46:13,478 [Time-limited test] INFO  server.session (HouseKeeper.java:stopScavenging(149)) - node0 Stopped scavenging
2022-03-07 10:46:13,479 [ForkJoinPool.commonPool-worker-1] INFO  server.AbstractConnector (AbstractConnector.java:doStop(381)) - Stopped ServerConnector@7b259acc{HTTP/1.1, (http/1.1)}{0.0.0.0:0}
2022-03-07 10:46:13,479 [ForkJoinPool.commonPool-worker-1] INFO  server.session (HouseKeeper.java:stopScavenging(149)) - node0 Stopped scavenging
2022-03-07 10:46:13,480 [Time-limited test] INFO  handler.ContextHandler (ContextHandler.java:doStop(1153)) - Stopped o.e.j.s.ServletContextHandler@5019cbba{static,/static,jar:file:/home/runner/.m2/repository/org/apache/ozone/hdds-container-service/1.3.0-SNAPSHOT/hdds-container-service-1.3.0-SNAPSHOT.jar!/webapps/static,STOPPED}
2022-03-07 10:46:13,480 [ForkJoinPool.commonPool-worker-1] INFO  handler.ContextHandler (ContextHandler.java:doStop(1153)) - Stopped o.e.j.s.ServletContextHandler@39e3c180{static,/static,jar:file:/home/runner/.m2/repository/org/apache/ozone/hdds-container-service/1.3.0-SNAPSHOT/hdds-container-service-1.3.0-SNAPSHOT.jar!/webapps/static,STOPPED}
2022-03-07 10:46:13,481 [Time-limited test] INFO  handler.ContextHandler (ContextHandler.java:doStop(1153)) - Stopped o.e.j.s.ServletContextHandler@39f917bf{logs,/logs,file:///home/runner/work/ozone/ozone/hadoop-ozone/integration-test/target/log,STOPPED}
2022-03-07 10:46:13,481 [ForkJoinPool.commonPool-worker-1] INFO  handler.ContextHandler (ContextHandler.java:doStop(1153)) - Stopped o.e.j.s.ServletContextHandler@5ed794d8{logs,/logs,file:///home/runner/work/ozone/ozone/hadoop-ozone/integration-test/target/log,STOPPED}
2022-03-07 10:46:14,600 [52f36989-14f1-4f78-bbcf-b5a9e40c92fe@group-36BAB0EB5D8E-FollowerState] INFO  impl.FollowerState (FollowerState.java:run(134)) - 52f36989-14f1-4f78-bbcf-b5a9e40c92fe@group-36BAB0EB5D8E-FollowerState: change to CANDIDATE, lastRpcElapsedTime:5088764246ns, electionTimeout:5084ms
2022-03-07 10:46:14,601 [52f36989-14f1-4f78-bbcf-b5a9e40c92fe@group-36BAB0EB5D8E-FollowerState] INFO  impl.RoleInfo (RoleInfo.java:shutdownFollowerState(108)) - 52f36989-14f1-4f78-bbcf-b5a9e40c92fe: shutdown 52f36989-14f1-4f78-bbcf-b5a9e40c92fe@group-36BAB0EB5D8E-FollowerState
2022-03-07 10:46:14,601 [52f36989-14f1-4f78-bbcf-b5a9e40c92fe@group-36BAB0EB5D8E-FollowerState] INFO  server.RaftServer$Division (RaftServerImpl.java:setRole(290)) - 52f36989-14f1-4f78-bbcf-b5a9e40c92fe@group-36BAB0EB5D8E: changes role from  FOLLOWER to CANDIDATE at term 9 for changeToCandidate
2022-03-07 10:46:14,601 [52f36989-14f1-4f78-bbcf-b5a9e40c92fe@group-36BAB0EB5D8E-FollowerState] INFO  server.RaftServerConfigKeys (ConfUtils.java:logGet(44)) - raft.server.leaderelection.pre-vote = false (custom)
2022-03-07 10:46:14,601 [52f36989-14f1-4f78-bbcf-b5a9e40c92fe@group-36BAB0EB5D8E-FollowerState] INFO  impl.RoleInfo (RoleInfo.java:updateAndGet(130)) - 52f36989-14f1-4f78-bbcf-b5a9e40c92fe: start 52f36989-14f1-4f78-bbcf-b5a9e40c92fe@group-36BAB0EB5D8E-LeaderElection21
2022-03-07 10:46:14,615 [52f36989-14f1-4f78-bbcf-b5a9e40c92fe@group-36BAB0EB5D8E-LeaderElection21] INFO  impl.LeaderElection (LeaderElection.java:askForVotes(306)) - 52f36989-14f1-4f78-bbcf-b5a9e40c92fe@group-36BAB0EB5D8E-LeaderElection21 ELECTION round 0: submit vote requests at term 10 for -1: [87b6de07-8797-4cbf-b451-3e4ee2b0e0ce|rpc:10.1.0.23:33427|priority:0, 52f36989-14f1-4f78-bbcf-b5a9e40c92fe|rpc:10.1.0.23:36491|priority:1, f24af16f-2d45-4c53-94ff-fd2a7b172da9|rpc:10.1.0.23:46799|priority:0], old=null
2022-03-07 10:46:14,628 [52f36989-14f1-4f78-bbcf-b5a9e40c92fe@group-36BAB0EB5D8E-LeaderElection21] INFO  impl.LeaderElection (LogUtils.java:infoOrTrace(137)) - 52f36989-14f1-4f78-bbcf-b5a9e40c92fe@group-36BAB0EB5D8E-LeaderElection21 got exception when requesting votes: java.util.concurrent.ExecutionException: org.apache.ratis.thirdparty.io.grpc.StatusRuntimeException: UNAVAILABLE: io exception
2022-03-07 10:46:14,630 [52f36989-14f1-4f78-bbcf-b5a9e40c92fe@group-36BAB0EB5D8E-LeaderElection21] INFO  impl.LeaderElection (LogUtils.java:infoOrTrace(137)) - 52f36989-14f1-4f78-bbcf-b5a9e40c92fe@group-36BAB0EB5D8E-LeaderElection21 got exception when requesting votes: java.util.concurrent.ExecutionException: org.apache.ratis.thirdparty.io.grpc.StatusRuntimeException: UNAVAILABLE: io exception
2022-03-07 10:46:14,630 [52f36989-14f1-4f78-bbcf-b5a9e40c92fe@group-36BAB0EB5D8E-LeaderElection21] INFO  impl.LeaderElection (LeaderElection.java:logAndReturn(89)) - 52f36989-14f1-4f78-bbcf-b5a9e40c92fe@group-36BAB0EB5D8E-LeaderElection21: ELECTION REJECTED received 0 response(s) and 2 exception(s):
2022-03-07 10:46:14,630 [52f36989-14f1-4f78-bbcf-b5a9e40c92fe@group-36BAB0EB5D8E-LeaderElection21] INFO  impl.LeaderElection (LogUtils.java:infoOrTrace(137)) -   Exception 0: java.util.concurrent.ExecutionException: org.apache.ratis.thirdparty.io.grpc.StatusRuntimeException: UNAVAILABLE: io exception
2022-03-07 10:46:14,630 [52f36989-14f1-4f78-bbcf-b5a9e40c92fe@group-36BAB0EB5D8E-LeaderElection21] INFO  impl.LeaderElection (LogUtils.java:infoOrTrace(137)) -   Exception 1: java.util.concurrent.ExecutionException: org.apache.ratis.thirdparty.io.grpc.StatusRuntimeException: UNAVAILABLE: io exception
2022-03-07 10:46:14,630 [52f36989-14f1-4f78-bbcf-b5a9e40c92fe@group-36BAB0EB5D8E-LeaderElection21] INFO  impl.LeaderElection (LeaderElection.java:askForVotes(308)) - 52f36989-14f1-4f78-bbcf-b5a9e40c92fe@group-36BAB0EB5D8E-LeaderElection21 ELECTION round 0: result REJECTED
2022-03-07 10:46:14,630 [52f36989-14f1-4f78-bbcf-b5a9e40c92fe@group-36BAB0EB5D8E-LeaderElection21] INFO  server.RaftServer$Division (RaftServerImpl.java:setRole(290)) - 52f36989-14f1-4f78-bbcf-b5a9e40c92fe@group-36BAB0EB5D8E: changes role from CANDIDATE to FOLLOWER at term 10 for REJECTED
2022-03-07 10:46:14,630 [52f36989-14f1-4f78-bbcf-b5a9e40c92fe@group-36BAB0EB5D8E-LeaderElection21] INFO  impl.RoleInfo (RoleInfo.java:shutdownLeaderElection(121)) - 52f36989-14f1-4f78-bbcf-b5a9e40c92fe: shutdown 52f36989-14f1-4f78-bbcf-b5a9e40c92fe@group-36BAB0EB5D8E-LeaderElection21
2022-03-07 10:46:14,630 [52f36989-14f1-4f78-bbcf-b5a9e40c92fe@group-36BAB0EB5D8E-LeaderElection21] INFO  impl.RoleInfo (RoleInfo.java:updateAndGet(130)) - 52f36989-14f1-4f78-bbcf-b5a9e40c92fe: start 52f36989-14f1-4f78-bbcf-b5a9e40c92fe@group-36BAB0EB5D8E-FollowerState
2022-03-07 10:46:18,483 [Time-limited test] INFO  ozoneimpl.OzoneContainer (OzoneContainer.java:stop(356)) - Attempting to stop container services.
2022-03-07 10:46:18,486 [Time-limited test] INFO  server.RaftServer (RaftServerProxy.java:lambda$close$6(391)) - 52f36989-14f1-4f78-bbcf-b5a9e40c92fe: close
2022-03-07 10:46:18,492 [Time-limited test] INFO  server.RaftServer$Division (RaftServerImpl.java:lambda$close$4(412)) - 52f36989-14f1-4f78-bbcf-b5a9e40c92fe@group-36BAB0EB5D8E: shutdown
2022-03-07 10:46:18,492 [Time-limited test] INFO  util.JmxRegister (JmxRegister.java:unregister(73)) - Successfully un-registered JMX Bean with object name Ratis:service=RaftServer,group=group-36BAB0EB5D8E,id=52f36989-14f1-4f78-bbcf-b5a9e40c92fe
2022-03-07 10:46:18,492 [Time-limited test] INFO  impl.RoleInfo (RoleInfo.java:shutdownFollowerState(108)) - 52f36989-14f1-4f78-bbcf-b5a9e40c92fe: shutdown 52f36989-14f1-4f78-bbcf-b5a9e40c92fe@group-36BAB0EB5D8E-FollowerState
2022-03-07 10:46:18,493 [Time-limited test] INFO  impl.StateMachineUpdater (StateMachineUpdater.java:stopAndJoin(149)) - 52f36989-14f1-4f78-bbcf-b5a9e40c92fe@group-36BAB0EB5D8E-StateMachineUpdater: set stopIndex = -1
2022-03-07 10:46:18,493 [52f36989-14f1-4f78-bbcf-b5a9e40c92fe@group-36BAB0EB5D8E-FollowerState] INFO  impl.FollowerState (FollowerState.java:run(143)) - 52f36989-14f1-4f78-bbcf-b5a9e40c92fe@group-36BAB0EB5D8E-FollowerState was interrupted: {}
java.lang.InterruptedException: sleep interrupted
	at java.lang.Thread.sleep(Native Method)
	at java.lang.Thread.sleep(Thread.java:342)
	at java.util.concurrent.TimeUnit.sleep(TimeUnit.java:386)
	at org.apache.ratis.util.TimeDuration.sleep(TimeDuration.java:324)
	at org.apache.ratis.util.TimeDuration.sleep(TimeDuration.java:309)
	at org.apache.ratis.server.impl.FollowerState.run(FollowerState.java:118)
2022-03-07 10:46:18,505 [Time-limited test] INFO  server.RaftServer$Division (ServerState.java:close(419)) - 52f36989-14f1-4f78-bbcf-b5a9e40c92fe@group-36BAB0EB5D8E: closes. applyIndex: -1
2022-03-07 10:46:18,505 [52f36989-14f1-4f78-bbcf-b5a9e40c92fe@group-36BAB0EB5D8E-SegmentedRaftLogWorker] INFO  segmented.SegmentedRaftLogWorker (SegmentedRaftLogWorker.java:run(327)) - 52f36989-14f1-4f78-bbcf-b5a9e40c92fe@group-36BAB0EB5D8E-SegmentedRaftLogWorker was interrupted, exiting. There are 0 tasks remaining in the queue.
2022-03-07 10:46:18,506 [Time-limited test] INFO  segmented.SegmentedRaftLogWorker (SegmentedRaftLogWorker.java:close(237)) - 52f36989-14f1-4f78-bbcf-b5a9e40c92fe@group-36BAB0EB5D8E-SegmentedRaftLogWorker close()
2022-03-07 10:46:18,507 [Time-limited test] INFO  server.RaftServer$Division (RaftServerImpl.java:lambda$close$4(412)) - 52f36989-14f1-4f78-bbcf-b5a9e40c92fe@group-B1CCC4C645F7: shutdown
2022-03-07 10:46:18,507 [Time-limited test] INFO  util.JmxRegister (JmxRegister.java:unregister(73)) - Successfully un-registered JMX Bean with object name Ratis:service=RaftServer,group=group-B1CCC4C645F7,id=52f36989-14f1-4f78-bbcf-b5a9e40c92fe
2022-03-07 10:46:18,507 [Time-limited test] INFO  impl.RoleInfo (RoleInfo.java:shutdownLeaderState(91)) - 52f36989-14f1-4f78-bbcf-b5a9e40c92fe: shutdown 52f36989-14f1-4f78-bbcf-b5a9e40c92fe@group-B1CCC4C645F7-LeaderStateImpl
2022-03-07 10:46:18,507 [Time-limited test] INFO  impl.PendingRequests (PendingRequests.java:sendNotLeaderResponses(282)) - 52f36989-14f1-4f78-bbcf-b5a9e40c92fe@group-B1CCC4C645F7-PendingRequests: sendNotLeaderResponses
2022-03-07 10:46:18,507 [Time-limited test] INFO  impl.StateMachineUpdater (StateMachineUpdater.java:stopAndJoin(149)) - 52f36989-14f1-4f78-bbcf-b5a9e40c92fe@group-B1CCC4C645F7-StateMachineUpdater: set stopIndex = 0
2022-03-07 10:46:18,508 [52f36989-14f1-4f78-bbcf-b5a9e40c92fe@group-B1CCC4C645F7-StateMachineUpdater] INFO  ratis.ContainerStateMachine (ContainerStateMachine.java:takeSnapshot(304)) - group-B1CCC4C645F7: Taking a snapshot at:(t:1, i:0) file /home/runner/work/ozone/ozone/hadoop-ozone/integration-test/target/test-dir/MiniOzoneClusterImpl-6216e668-73b2-4868-9d6f-465a6cf4cf6e/datanode-2/data/ratis/1debe691-fd3e-49ec-81a9-b1ccc4c645f7/sm/snapshot.1_0
2022-03-07 10:46:18,509 [52f36989-14f1-4f78-bbcf-b5a9e40c92fe@group-B1CCC4C645F7-StateMachineUpdater] INFO  ratis.ContainerStateMachine (ContainerStateMachine.java:takeSnapshot(315)) - group-B1CCC4C645F7: Finished taking a snapshot at:(t:1, i:0) file:/home/runner/work/ozone/ozone/hadoop-ozone/integration-test/target/test-dir/MiniOzoneClusterImpl-6216e668-73b2-4868-9d6f-465a6cf4cf6e/datanode-2/data/ratis/1debe691-fd3e-49ec-81a9-b1ccc4c645f7/sm/snapshot.1_0 took: 1 ms
2022-03-07 10:46:18,509 [52f36989-14f1-4f78-bbcf-b5a9e40c92fe@group-B1CCC4C645F7-StateMachineUpdater] INFO  impl.StateMachineUpdater (StateMachineUpdater.java:takeSnapshot(281)) - 52f36989-14f1-4f78-bbcf-b5a9e40c92fe@group-B1CCC4C645F7-StateMachineUpdater: Took a snapshot at index 0
2022-03-07 10:46:18,509 [52f36989-14f1-4f78-bbcf-b5a9e40c92fe@group-B1CCC4C645F7-StateMachineUpdater] INFO  impl.StateMachineUpdater (StateMachineUpdater.java:lambda$new$0(89)) - 52f36989-14f1-4f78-bbcf-b5a9e40c92fe@group-B1CCC4C645F7-StateMachineUpdater: snapshotIndex: updateIncreasingly -1 -> 0
2022-03-07 10:46:18,512 [Time-limited test] INFO  server.RaftServer$Division (ServerState.java:close(419)) - 52f36989-14f1-4f78-bbcf-b5a9e40c92fe@group-B1CCC4C645F7: closes. applyIndex: 0
2022-03-07 10:46:18,512 [52f36989-14f1-4f78-bbcf-b5a9e40c92fe@group-B1CCC4C645F7-SegmentedRaftLogWorker] INFO  segmented.SegmentedRaftLogWorker (SegmentedRaftLogWorker.java:run(327)) - 52f36989-14f1-4f78-bbcf-b5a9e40c92fe@group-B1CCC4C645F7-SegmentedRaftLogWorker was interrupted, exiting. There are 0 tasks remaining in the queue.
2022-03-07 10:46:18,512 [Time-limited test] INFO  segmented.SegmentedRaftLogWorker (SegmentedRaftLogWorker.java:close(237)) - 52f36989-14f1-4f78-bbcf-b5a9e40c92fe@group-B1CCC4C645F7-SegmentedRaftLogWorker close()
2022-03-07 10:46:18,514 [Time-limited test] INFO  server.GrpcService (GrpcService.java:closeImpl(262)) - 52f36989-14f1-4f78-bbcf-b5a9e40c92fe: shutdown server with port 36491 now
2022-03-07 10:46:18,516 [Time-limited test] INFO  server.GrpcService (GrpcService.java:closeImpl(271)) - 52f36989-14f1-4f78-bbcf-b5a9e40c92fe: shutdown server with port 36491 successfully
2022-03-07 10:46:18,517 [org.apache.ratis.util.JvmPauseMonitor$$Lambda$431/661007587@2614c101] INFO  util.JvmPauseMonitor (JvmPauseMonitor.java:run(109)) - JvmPauseMonitor-52f36989-14f1-4f78-bbcf-b5a9e40c92fe: Stopped
2022-03-07 10:46:20,538 [Time-limited test] INFO  utils.BackgroundService (BackgroundService.java:shutdown(132)) - Shutting down service BlockDeletingService
2022-03-07 10:46:23,541 [Time-limited test] INFO  statemachine.DatanodeStateMachine (DatanodeStateMachine.java:stopDaemon(529)) - Ozone container server stopped.
2022-03-07 10:46:23,545 [Time-limited test] INFO  handler.ContextHandler (ContextHandler.java:doStop(1153)) - Stopped o.e.j.w.WebAppContext@282a21bd{hddsDatanode,/,null,STOPPED}{jar:file:/home/runner/.m2/repository/org/apache/ozone/hdds-container-service/1.3.0-SNAPSHOT/hdds-container-service-1.3.0-SNAPSHOT.jar!/webapps/hddsDatanode}
2022-03-07 10:46:23,556 [Time-limited test] INFO  server.AbstractConnector (AbstractConnector.java:doStop(381)) - Stopped ServerConnector@28666dd2{HTTP/1.1, (http/1.1)}{0.0.0.0:0}
2022-03-07 10:46:23,557 [Time-limited test] INFO  server.session (HouseKeeper.java:stopScavenging(149)) - node0 Stopped scavenging
2022-03-07 10:46:23,558 [Time-limited test] INFO  handler.ContextHandler (ContextHandler.java:doStop(1153)) - Stopped o.e.j.s.ServletContextHandler@3b245bc5{static,/static,jar:file:/home/runner/.m2/repository/org/apache/ozone/hdds-container-service/1.3.0-SNAPSHOT/hdds-container-service-1.3.0-SNAPSHOT.jar!/webapps/static,STOPPED}
2022-03-07 10:46:23,559 [Time-limited test] INFO  handler.ContextHandler (ContextHandler.java:doStop(1153)) - Stopped o.e.j.s.ServletContextHandler@146958e9{logs,/logs,file:///home/runner/work/ozone/ozone/hadoop-ozone/integration-test/target/log,STOPPED}
2022-03-07 10:46:23,563 [Time-limited test] INFO  ozone.MiniOzoneClusterImpl (MiniOzoneClusterImpl.java:stopSCM(538)) - Stopping the StorageContainerManager
2022-03-07 10:46:23,563 [Time-limited test] INFO  server.StorageContainerManager (StorageContainerManager.java:stop(1414)) - Stopping Container Balancer service.
2022-03-07 10:46:23,563 [Time-limited test] INFO  balancer.ContainerBalancer (ContainerBalancer.java:stop(788)) - Container Balancer is not running.
2022-03-07 10:46:23,563 [Time-limited test] INFO  server.StorageContainerManager (StorageContainerManager.java:stop(1421)) - Stopping Replication Manager Service.
2022-03-07 10:46:23,563 [Time-limited test] INFO  container.ReplicationManager (ReplicationManager.java:stop(357)) - Stopping Replication Monitor Thread.
2022-03-07 10:46:23,564 [Time-limited test] INFO  server.StorageContainerManager (StorageContainerManager.java:stop(1428)) - Stopping the Datanode Admin Monitor.
2022-03-07 10:46:23,564 [Time-limited test] INFO  server.StorageContainerManager (StorageContainerManager.java:stop(1435)) - Stopping Lease Manager of the command watchers
2022-03-07 10:46:23,564 [Time-limited test] INFO  server.StorageContainerManager (StorageContainerManager.java:stop(1442)) - Stopping datanode service RPC server
2022-03-07 10:46:23,564 [Time-limited test] INFO  server.SCMDatanodeProtocolServer (SCMDatanodeProtocolServer.java:stop(400)) - Stopping the RPC server for DataNodes
2022-03-07 10:46:23,564 [Time-limited test] INFO  ipc.Server (Server.java:stop(3414)) - Stopping server on 44927
2022-03-07 10:46:23,566 [IPC Server listener on 0] INFO  ipc.Server (Server.java:run(1376)) - Stopping IPC Server listener on 0
2022-03-07 10:46:23,569 [IPC Server Responder] INFO  ipc.Server (Server.java:run(1512)) - Stopping IPC Server Responder
2022-03-07 10:46:23,647 [SCM Heartbeat Processing Thread - 0] WARN  node.NodeStateManager (NodeStateManager.java:scheduleNextHealthCheck(815)) - Current Thread is interrupted, shutting down HB processing thread for Node Manager.
2022-03-07 10:46:23,649 [Time-limited test] INFO  server.StorageContainerManager (StorageContainerManager.java:stop(1450)) - Stopping block service RPC server
2022-03-07 10:46:23,649 [Time-limited test] INFO  server.SCMBlockProtocolServer (SCMBlockProtocolServer.java:stop(160)) - Stopping the RPC server for Block Protocol
2022-03-07 10:46:23,649 [Time-limited test] INFO  ipc.Server (Server.java:stop(3414)) - Stopping server on 37521
2022-03-07 10:46:23,652 [IPC Server Responder] INFO  ipc.Server (Server.java:run(1512)) - Stopping IPC Server Responder
2022-03-07 10:46:23,652 [IPC Server listener on 0] INFO  ipc.Server (Server.java:run(1376)) - Stopping IPC Server listener on 0
2022-03-07 10:46:23,653 [Time-limited test] INFO  server.StorageContainerManager (StorageContainerManager.java:stop(1457)) - Stopping the StorageContainerLocationProtocol RPC server
2022-03-07 10:46:23,653 [Time-limited test] INFO  server.SCMClientProtocolServer (SCMClientProtocolServer.java:stop(174)) - Stopping the RPC server for Client Protocol
2022-03-07 10:46:23,653 [Time-limited test] INFO  ipc.Server (Server.java:stop(3414)) - Stopping server on 43749
2022-03-07 10:46:23,655 [Time-limited test] INFO  server.StorageContainerManager (StorageContainerManager.java:stop(1464)) - Stopping Storage Container Manager HTTP server.
2022-03-07 10:46:23,655 [IPC Server Responder] INFO  ipc.Server (Server.java:run(1512)) - Stopping IPC Server Responder
2022-03-07 10:46:23,655 [IPC Server listener on 0] INFO  ipc.Server (Server.java:run(1376)) - Stopping IPC Server listener on 0
2022-03-07 10:46:23,657 [Time-limited test] INFO  handler.ContextHandler (ContextHandler.java:doStop(1153)) - Stopped o.e.j.w.WebAppContext@4b5db551{scm,/,null,STOPPED}{file:/home/runner/work/ozone/ozone/hadoop-ozone/integration-test/target/test-classes/webapps/scm}
2022-03-07 10:46:23,657 [Time-limited test] INFO  server.AbstractConnector (AbstractConnector.java:doStop(381)) - Stopped ServerConnector@682c272d{HTTP/1.1, (http/1.1)}{0.0.0.0:0}
2022-03-07 10:46:23,657 [Time-limited test] INFO  server.session (HouseKeeper.java:stopScavenging(149)) - node0 Stopped scavenging
2022-03-07 10:46:23,658 [Time-limited test] INFO  handler.ContextHandler (ContextHandler.java:doStop(1153)) - Stopped o.e.j.s.ServletContextHandler@7a42bc22{static,/static,file:///home/runner/work/ozone/ozone/hadoop-ozone/integration-test/target/test-classes/webapps/static,STOPPED}
2022-03-07 10:46:23,658 [Time-limited test] INFO  handler.ContextHandler (ContextHandler.java:doStop(1153)) - Stopped o.e.j.s.ServletContextHandler@5e72772{logs,/logs,file:///home/runner/work/ozone/ozone/hadoop-ozone/integration-test/target/log,STOPPED}
2022-03-07 10:46:23,659 [Time-limited test] INFO  server.StorageContainerManager (StorageContainerManager.java:stop(1475)) - Stopping Block Manager Service.
2022-03-07 10:46:23,659 [Time-limited test] INFO  utils.BackgroundService (BackgroundService.java:shutdown(132)) - Shutting down service SCMBlockDeletingService
2022-03-07 10:46:23,659 [Time-limited test] INFO  utils.BackgroundService (BackgroundService.java:shutdown(132)) - Shutting down service SCMBlockDeletingService
2022-03-07 10:46:23,659 [Time-limited test] INFO  server.StorageContainerManager (StorageContainerManager.java:stop(1502)) - Stopping SCM Event Queue.
2022-03-07 10:46:23,669 [Time-limited test] INFO  server.StorageContainerManager (StorageContainerManager.java:stop(1513)) - Stopping SCM HA services.
2022-03-07 10:46:23,669 [Time-limited test] INFO  ha.SCMRatisServerImpl (SCMRatisServerImpl.java:stop(236)) - stopping ratis server 0.0.0.0:9894
2022-03-07 10:46:23,669 [Time-limited test] INFO  server.RaftServer (RaftServerProxy.java:lambda$close$6(391)) - 8cdc92c8-e5a2-4182-899c-4bf352b29a2f: close
2022-03-07 10:46:23,669 [Time-limited test] INFO  server.RaftServer$Division (RaftServerImpl.java:lambda$close$4(412)) - 8cdc92c8-e5a2-4182-899c-4bf352b29a2f@group-465A6CF4CF6E: shutdown
2022-03-07 10:46:23,669 [Time-limited test] INFO  util.JmxRegister (JmxRegister.java:unregister(73)) - Successfully un-registered JMX Bean with object name Ratis:service=RaftServer,group=group-465A6CF4CF6E,id=8cdc92c8-e5a2-4182-899c-4bf352b29a2f
2022-03-07 10:46:23,670 [Time-limited test] INFO  impl.RoleInfo (RoleInfo.java:shutdownLeaderState(91)) - 8cdc92c8-e5a2-4182-899c-4bf352b29a2f: shutdown 8cdc92c8-e5a2-4182-899c-4bf352b29a2f@group-465A6CF4CF6E-LeaderStateImpl
2022-03-07 10:46:23,670 [Time-limited test] INFO  impl.PendingRequests (PendingRequests.java:sendNotLeaderResponses(282)) - 8cdc92c8-e5a2-4182-899c-4bf352b29a2f@group-465A6CF4CF6E-PendingRequests: sendNotLeaderResponses
2022-03-07 10:46:23,670 [Time-limited test] INFO  ha.SCMStateMachine (SCMStateMachine.java:notifyNotLeader(190)) - current leader SCM steps down.
2022-03-07 10:46:23,670 [Time-limited test] INFO  ha.SCMContext (SCMContext.java:updateLeaderAndTerm(90)) - update <isLeader,term> from <true,2> to <false,0>
2022-03-07 10:46:23,670 [Time-limited test] INFO  ha.SCMContext (SCMContext.java:updateLeaderAndTerm(97)) - update <isLeaderReady> from <false> to <false>
2022-03-07 10:46:23,678 [Time-limited test] INFO  impl.StateMachineUpdater (StateMachineUpdater.java:stopAndJoin(149)) - 8cdc92c8-e5a2-4182-899c-4bf352b29a2f@group-465A6CF4CF6E-StateMachineUpdater: set stopIndex = 16
2022-03-07 10:46:23,678 [8cdc92c8-e5a2-4182-899c-4bf352b29a2f@group-465A6CF4CF6E-StateMachineUpdater] INFO  ha.SCMStateMachine (SCMStateMachine.java:takeSnapshot(297)) - Current Snapshot Index 16, takeSnapshot took 0 ms
2022-03-07 10:46:23,678 [8cdc92c8-e5a2-4182-899c-4bf352b29a2f@group-465A6CF4CF6E-StateMachineUpdater] INFO  impl.StateMachineUpdater (StateMachineUpdater.java:takeSnapshot(281)) - 8cdc92c8-e5a2-4182-899c-4bf352b29a2f@group-465A6CF4CF6E-StateMachineUpdater: Took a snapshot at index 16
2022-03-07 10:46:23,679 [8cdc92c8-e5a2-4182-899c-4bf352b29a2f@group-465A6CF4CF6E-StateMachineUpdater] INFO  impl.StateMachineUpdater (StateMachineUpdater.java:lambda$new$0(89)) - 8cdc92c8-e5a2-4182-899c-4bf352b29a2f@group-465A6CF4CF6E-StateMachineUpdater: snapshotIndex: updateIncreasingly -1 -> 16
2022-03-07 10:46:23,679 [Time-limited test] INFO  server.RaftServer$Division (ServerState.java:close(419)) - 8cdc92c8-e5a2-4182-899c-4bf352b29a2f@group-465A6CF4CF6E: closes. applyIndex: 16
2022-03-07 10:46:23,680 [8cdc92c8-e5a2-4182-899c-4bf352b29a2f@group-465A6CF4CF6E-SegmentedRaftLogWorker] INFO  segmented.SegmentedRaftLogWorker (SegmentedRaftLogWorker.java:run(327)) - 8cdc92c8-e5a2-4182-899c-4bf352b29a2f@group-465A6CF4CF6E-SegmentedRaftLogWorker was interrupted, exiting. There are 0 tasks remaining in the queue.
2022-03-07 10:46:23,689 [Time-limited test] INFO  segmented.SegmentedRaftLogWorker (SegmentedRaftLogWorker.java:close(237)) - 8cdc92c8-e5a2-4182-899c-4bf352b29a2f@group-465A6CF4CF6E-SegmentedRaftLogWorker close()
2022-03-07 10:46:23,696 [Time-limited test] INFO  server.GrpcService (GrpcService.java:closeImpl(262)) - 8cdc92c8-e5a2-4182-899c-4bf352b29a2f: shutdown server with port 9894 now
2022-03-07 10:46:23,697 [Time-limited test] INFO  server.GrpcService (GrpcService.java:closeImpl(271)) - 8cdc92c8-e5a2-4182-899c-4bf352b29a2f: shutdown server with port 9894 successfully
2022-03-07 10:46:23,697 [org.apache.ratis.util.JvmPauseMonitor$$Lambda$431/661007587@38046110] INFO  util.JvmPauseMonitor (JvmPauseMonitor.java:run(109)) - JvmPauseMonitor-8cdc92c8-e5a2-4182-899c-4bf352b29a2f: Stopped
2022-03-07 10:46:23,698 [Time-limited test] INFO  pipeline.BackgroundPipelineCreator (BackgroundPipelineCreator.java:stop(158)) - Stopping RatisPipelineUtilsThread.
2022-03-07 10:46:23,698 [Time-limited test] INFO  server.StorageContainerManager (StorageContainerManager.java:stop(1523)) - Stopping SCM MetadataStore.
2022-03-07 10:46:23,700 [Time-limited test] INFO  impl.MetricsSystemImpl (MetricsSystemImpl.java:stop(210)) - Stopping HddsDatanode metrics system...
2022-03-07 10:46:23,703 [prometheus] INFO  impl.MetricsSinkAdapter (MetricsSinkAdapter.java:publishMetricsFromQueue(141)) - prometheus thread interrupted.
2022-03-07 10:46:23,711 [Time-limited test] INFO  impl.MetricsSystemImpl (MetricsSystemImpl.java:stop(216)) - HddsDatanode metrics system stopped.
]]></system-out>
  </testcase>
  <testcase name="testDNstartAfterSCM" classname="org.apache.hadoop.ozone.TestMiniOzoneCluster" time="85.59"/>
  <testcase name="testDatanodeIDPersistent" classname="org.apache.hadoop.ozone.TestMiniOzoneCluster" time="0.05"/>
  <testcase name="testContainerRandomPort" classname="org.apache.hadoop.ozone.TestMiniOzoneCluster" time="25.846"/>
</testsuite>