<?xml version="1.0" encoding="UTF-8"?>
<testsuite xmlns:xsi="http://www.w3.org/2001/XMLSchema-instance" xsi:noNamespaceSchemaLocation="https://maven.apache.org/surefire/maven-surefire-plugin/xsd/surefire-test-report.xsd" version="3.0.2" name="org.apache.hadoop.ozone.client.rpc.TestContainerStateMachine" time="65.233" tests="2" errors="0" skipped="0" failures="1">
  <properties>
    <property name="java.specification.version" value="21"/>
    <property name="sun.jnu.encoding" value="UTF-8"/>
    <property name="java.class.path" value="/home/runner/work/ozone/ozone/hadoop-ozone/integration-test/target/test-classes:/home/runner/work/ozone/ozone/hadoop-ozone/integration-test/target/classes:/home/runner/.m2/repository/ch/qos/reload4j/reload4j/1.2.26/reload4j-1.2.26.jar:/home/runner/.m2/repository/com/fasterxml/jackson/core/jackson-core/2.16.2/jackson-core-2.16.2.jar:/home/runner/.m2/repository/com/fasterxml/jackson/core/jackson-databind/2.16.2/jackson-databind-2.16.2.jar:/home/runner/.m2/repository/com/fasterxml/jackson/core/jackson-annotations/2.16.2/jackson-annotations-2.16.2.jar:/home/runner/.m2/repository/com/github/stephenc/jcip/jcip-annotations/1.0-1/jcip-annotations-1.0-1.jar:/home/runner/.m2/repository/com/google/guava/guava/33.4.8-jre/guava-33.4.8-jre.jar:/home/runner/.m2/repository/com/google/guava/failureaccess/1.0.3/failureaccess-1.0.3.jar:/home/runner/.m2/repository/com/google/guava/listenablefuture/9999.0-empty-to-avoid-conflict-with-guava/listenablefuture-9999.0-empty-to-avoid-conflict-with-guava.jar:/home/runner/.m2/repository/org/jspecify/jspecify/1.0.0/jspecify-1.0.0.jar:/home/runner/.m2/repository/com/google/errorprone/error_prone_annotations/2.29.2/error_prone_annotations-2.29.2.jar:/home/runner/.m2/repository/com/google/j2objc/j2objc-annotations/3.0.0/j2objc-annotations-3.0.0.jar:/home/runner/.m2/repository/com/google/protobuf/protobuf-java/2.5.0/protobuf-java-2.5.0.jar:/home/runner/.m2/repository/com/squareup/okhttp3/okhttp/4.12.0/okhttp-4.12.0.jar:/home/runner/.m2/repository/com/squareup/okio/okio/3.6.0/okio-3.6.0.jar:/home/runner/.m2/repository/com/squareup/okio/okio-jvm/3.6.0/okio-jvm-3.6.0.jar:/home/runner/.m2/repository/org/jetbrains/kotlin/kotlin-stdlib-common/1.9.25/kotlin-stdlib-common-1.9.25.jar:/home/runner/.m2/repository/org/jetbrains/kotlin/kotlin-stdlib-jdk8/1.9.25/kotlin-stdlib-jdk8-1.9.25.jar:/home/runner/.m2/repository/org/jetbrains/kotlin/kotlin-stdlib/1.9.25/kotlin-stdlib-1.9.25.jar:/home/runner/.m2/repository/org/jetbrains/annotations/13.0/annotations-13.0.jar:/home/runner/.m2/repository/org/jetbrains/kotlin/kotlin-stdlib-jdk7/1.9.25/kotlin-stdlib-jdk7-1.9.25.jar:/home/runner/.m2/repository/commons-codec/commons-codec/1.18.0/commons-codec-1.18.0.jar:/home/runner/.m2/repository/commons-io/commons-io/2.18.0/commons-io-2.18.0.jar:/home/runner/.m2/repository/commons-validator/commons-validator/1.6/commons-validator-1.6.jar:/home/runner/.m2/repository/commons-beanutils/commons-beanutils/1.11.0/commons-beanutils-1.11.0.jar:/home/runner/.m2/repository/commons-digester/commons-digester/1.8.1/commons-digester-1.8.1.jar:/home/runner/.m2/repository/commons-collections/commons-collections/3.2.2/commons-collections-3.2.2.jar:/home/runner/.m2/repository/info/picocli/picocli/4.7.7/picocli-4.7.7.jar:/home/runner/.m2/repository/jakarta/annotation/jakarta.annotation-api/2.1.1/jakarta.annotation-api-2.1.1.jar:/home/runner/.m2/repository/jakarta/xml/bind/jakarta.xml.bind-api/2.3.3/jakarta.xml.bind-api-2.3.3.jar:/home/runner/.m2/repository/jakarta/activation/jakarta.activation-api/1.2.2/jakarta.activation-api-1.2.2.jar:/home/runner/.m2/repository/javax/servlet/javax.servlet-api/3.1.0/javax.servlet-api-3.1.0.jar:/home/runner/.m2/repository/javax/ws/rs/jsr311-api/1.1.1/jsr311-api-1.1.1.jar:/home/runner/.m2/repository/org/apache/commons/commons-compress/1.27.1/commons-compress-1.27.1.jar:/home/runner/.m2/repository/org/apache/commons/commons-lang3/3.18.0/commons-lang3-3.18.0.jar:/home/runner/.m2/repository/org/apache/commons/commons-text/1.13.1/commons-text-1.13.1.jar:/home/runner/.m2/repository/org/apache/hadoop/hadoop-auth/3.4.1/hadoop-auth-3.4.1.jar:/home/runner/.m2/repository/com/nimbusds/nimbus-jose-jwt/10.4/nimbus-jose-jwt-10.4.jar:/home/runner/.m2/repository/io/dropwizard/metrics/metrics-core/3.2.6/metrics-core-3.2.6.jar:/home/runner/.m2/repository/org/apache/kerby/kerb-core/1.0.1/kerb-core-1.0.1.jar:/home/runner/.m2/repository/org/apache/kerby/kerby-pkix/1.0.1/kerby-pkix-1.0.1.jar:/home/runner/.m2/repository/org/apache/kerby/kerby-asn1/1.0.1/kerby-asn1-1.0.1.jar:/home/runner/.m2/repository/org/apache/kerby/kerb-util/1.0.1/kerb-util-1.0.1.jar:/home/runner/.m2/repository/org/apache/kerby/kerby-config/1.0.1/kerby-config-1.0.1.jar:/home/runner/.m2/repository/org/apache/kerby/kerb-crypto/1.0.1/kerb-crypto-1.0.1.jar:/home/runner/.m2/repository/org/apache/hadoop/thirdparty/hadoop-shaded-guava/1.3.0/hadoop-shaded-guava-1.3.0.jar:/home/runner/.m2/repository/org/apache/hadoop/hadoop-common/3.4.1/hadoop-common-3.4.1.jar:/home/runner/.m2/repository/org/apache/hadoop/thirdparty/hadoop-shaded-protobuf_3_25/1.4.0/hadoop-shaded-protobuf_3_25-1.4.0.jar:/home/runner/.m2/repository/org/apache/hadoop/hadoop-annotations/3.4.1/hadoop-annotations-3.4.1.jar:/home/runner/.m2/repository/commons-cli/commons-cli/1.8.0/commons-cli-1.8.0.jar:/home/runner/.m2/repository/commons-net/commons-net/3.11.1/commons-net-3.11.1.jar:/home/runner/.m2/repository/org/eclipse/jetty/jetty-server/9.4.57.v20241219/jetty-server-9.4.57.v20241219.jar:/home/runner/.m2/repository/org/eclipse/jetty/jetty-io/9.4.57.v20241219/jetty-io-9.4.57.v20241219.jar:/home/runner/.m2/repository/org/eclipse/jetty/jetty-util/9.4.57.v20241219/jetty-util-9.4.57.v20241219.jar:/home/runner/.m2/repository/org/eclipse/jetty/jetty-servlet/9.4.57.v20241219/jetty-servlet-9.4.57.v20241219.jar:/home/runner/.m2/repository/org/eclipse/jetty/jetty-security/9.4.57.v20241219/jetty-security-9.4.57.v20241219.jar:/home/runner/.m2/repository/org/eclipse/jetty/jetty-webapp/9.4.57.v20241219/jetty-webapp-9.4.57.v20241219.jar:/home/runner/.m2/repository/org/eclipse/jetty/jetty-xml/9.4.57.v20241219/jetty-xml-9.4.57.v20241219.jar:/home/runner/.m2/repository/javax/servlet/jsp/jsp-api/2.1/jsp-api-2.1.jar:/home/runner/.m2/repository/org/codehaus/jettison/jettison/1.5.4/jettison-1.5.4.jar:/home/runner/.m2/repository/org/apache/commons/commons-configuration2/2.12.0/commons-configuration2-2.12.0.jar:/home/runner/.m2/repository/com/google/re2j/re2j/1.7/re2j-1.7.jar:/home/runner/.m2/repository/com/google/code/gson/gson/2.13.1/gson-2.13.1.jar:/home/runner/.m2/repository/com/jcraft/jsch/0.1.55/jsch-0.1.55.jar:/home/runner/.m2/repository/io/netty/netty-handler/4.1.119.Final/netty-handler-4.1.119.Final.jar:/home/runner/.m2/repository/io/netty/netty-resolver/4.1.119.Final/netty-resolver-4.1.119.Final.jar:/home/runner/.m2/repository/io/netty/netty-transport-native-epoll/4.1.119.Final/netty-transport-native-epoll-4.1.119.Final.jar:/home/runner/.m2/repository/org/bouncycastle/bcprov-jdk18on/1.81/bcprov-jdk18on-1.81.jar:/home/runner/.m2/repository/org/codehaus/woodstox/stax2-api/4.2.1/stax2-api-4.2.1.jar:/home/runner/.m2/repository/com/fasterxml/woodstox/woodstox-core/5.4.0/woodstox-core-5.4.0.jar:/home/runner/.m2/repository/dnsjava/dnsjava/3.6.1/dnsjava-3.6.1.jar:/home/runner/.m2/repository/org/apache/hadoop/hadoop-common/3.4.1/hadoop-common-3.4.1-tests.jar:/home/runner/.m2/repository/org/apache/commons/commons-math3/3.6.1/commons-math3-3.6.1.jar:/home/runner/.m2/repository/com/sun/jersey/jersey-core/1.19.4/jersey-core-1.19.4.jar:/home/runner/.m2/repository/com/sun/jersey/jersey-servlet/1.19.4/jersey-servlet-1.19.4.jar:/home/runner/.m2/repository/com/github/pjfanning/jersey-json/1.22.0/jersey-json-1.22.0.jar:/home/runner/.m2/repository/com/sun/xml/bind/jaxb-impl/2.2.3-1/jaxb-impl-2.2.3-1.jar:/home/runner/.m2/repository/com/sun/jersey/jersey-server/1.19.4/jersey-server-1.19.4.jar:/home/runner/.m2/repository/org/slf4j/slf4j-reload4j/2.0.17/slf4j-reload4j-2.0.17.jar:/home/runner/.m2/repository/org/apache/avro/avro/1.9.2/avro-1.9.2.jar:/home/runner/.m2/repository/org/apache/curator/curator-client/4.2.0/curator-client-4.2.0.jar:/home/runner/.m2/repository/org/apache/curator/curator-recipes/5.2.0/curator-recipes-5.2.0.jar:/home/runner/.m2/repository/org/apache/curator/curator-framework/4.2.0/curator-framework-4.2.0.jar:/home/runner/.m2/repository/com/google/code/findbugs/jsr305/3.0.2/jsr305-3.0.2.jar:/home/runner/.m2/repository/org/apache/zookeeper/zookeeper/3.8.4/zookeeper-3.8.4.jar:/home/runner/.m2/repository/org/apache/zookeeper/zookeeper-jute/3.8.4/zookeeper-jute-3.8.4.jar:/home/runner/.m2/repository/org/apache/yetus/audience-annotations/0.12.0/audience-annotations-0.12.0.jar:/home/runner/.m2/repository/org/xerial/snappy/snappy-java/1.1.10.8/snappy-java-1.1.10.8.jar:/home/runner/.m2/repository/org/apache/hadoop/hadoop-distcp/3.4.1/hadoop-distcp-3.4.1.jar:/home/runner/.m2/repository/org/apache/hadoop/hadoop-distcp/3.4.1/hadoop-distcp-3.4.1-tests.jar:/home/runner/.m2/repository/org/apache/hadoop/hadoop-hdfs/3.4.1/hadoop-hdfs-3.4.1.jar:/home/runner/.m2/repository/org/eclipse/jetty/jetty-util-ajax/9.4.57.v20241219/jetty-util-ajax-9.4.57.v20241219.jar:/home/runner/.m2/repository/commons-daemon/commons-daemon/1.4.0/commons-daemon-1.4.0.jar:/home/runner/.m2/repository/org/apache/hadoop/hadoop-hdfs/3.4.1/hadoop-hdfs-3.4.1-tests.jar:/home/runner/.m2/repository/io/netty/netty-all/4.1.119.Final/netty-all-4.1.119.Final.jar:/home/runner/.m2/repository/io/netty/netty-codec-dns/4.1.119.Final/netty-codec-dns-4.1.119.Final.jar:/home/runner/.m2/repository/io/netty/netty-codec-haproxy/4.1.119.Final/netty-codec-haproxy-4.1.119.Final.jar:/home/runner/.m2/repository/io/netty/netty-codec-http/4.1.119.Final/netty-codec-http-4.1.119.Final.jar:/home/runner/.m2/repository/io/netty/netty-codec-memcache/4.1.119.Final/netty-codec-memcache-4.1.119.Final.jar:/home/runner/.m2/repository/io/netty/netty-codec-mqtt/4.1.119.Final/netty-codec-mqtt-4.1.119.Final.jar:/home/runner/.m2/repository/io/netty/netty-codec-redis/4.1.119.Final/netty-codec-redis-4.1.119.Final.jar:/home/runner/.m2/repository/io/netty/netty-codec-smtp/4.1.119.Final/netty-codec-smtp-4.1.119.Final.jar:/home/runner/.m2/repository/io/netty/netty-codec-socks/4.1.119.Final/netty-codec-socks-4.1.119.Final.jar:/home/runner/.m2/repository/io/netty/netty-codec-stomp/4.1.119.Final/netty-codec-stomp-4.1.119.Final.jar:/home/runner/.m2/repository/io/netty/netty-codec-xml/4.1.119.Final/netty-codec-xml-4.1.119.Final.jar:/home/runner/.m2/repository/io/netty/netty-handler-ssl-ocsp/4.1.119.Final/netty-handler-ssl-ocsp-4.1.119.Final.jar:/home/runner/.m2/repository/io/netty/netty-resolver-dns/4.1.119.Final/netty-resolver-dns-4.1.119.Final.jar:/home/runner/.m2/repository/io/netty/netty-transport-rxtx/4.1.119.Final/netty-transport-rxtx-4.1.119.Final.jar:/home/runner/.m2/repository/io/netty/netty-transport-sctp/4.1.119.Final/netty-transport-sctp-4.1.119.Final.jar:/home/runner/.m2/repository/io/netty/netty-transport-udt/4.1.119.Final/netty-transport-udt-4.1.119.Final.jar:/home/runner/.m2/repository/io/netty/netty-transport-classes-kqueue/4.1.119.Final/netty-transport-classes-kqueue-4.1.119.Final.jar:/home/runner/.m2/repository/io/netty/netty-resolver-dns-classes-macos/4.1.119.Final/netty-resolver-dns-classes-macos-4.1.119.Final.jar:/home/runner/.m2/repository/io/netty/netty-transport-native-epoll/4.1.119.Final/netty-transport-native-epoll-4.1.119.Final-linux-aarch_64.jar:/home/runner/.m2/repository/io/netty/netty-transport-native-epoll/4.1.119.Final/netty-transport-native-epoll-4.1.119.Final-linux-riscv64.jar:/home/runner/.m2/repository/io/netty/netty-transport-native-kqueue/4.1.119.Final/netty-transport-native-kqueue-4.1.119.Final-osx-x86_64.jar:/home/runner/.m2/repository/io/netty/netty-transport-native-kqueue/4.1.119.Final/netty-transport-native-kqueue-4.1.119.Final-osx-aarch_64.jar:/home/runner/.m2/repository/io/netty/netty-resolver-dns-native-macos/4.1.119.Final/netty-resolver-dns-native-macos-4.1.119.Final-osx-x86_64.jar:/home/runner/.m2/repository/io/netty/netty-resolver-dns-native-macos/4.1.119.Final/netty-resolver-dns-native-macos-4.1.119.Final-osx-aarch_64.jar:/home/runner/.m2/repository/org/fusesource/leveldbjni/leveldbjni-all/1.8/leveldbjni-all-1.8.jar:/home/runner/.m2/repository/org/apache/hadoop/hadoop-hdfs-client/3.4.1/hadoop-hdfs-client-3.4.1.jar:/home/runner/.m2/repository/org/apache/hadoop/hadoop-kms/3.4.1/hadoop-kms-3.4.1.jar:/home/runner/.m2/repository/org/apache/hadoop/hadoop-kms/3.4.1/hadoop-kms-3.4.1-tests.jar:/home/runner/.m2/repository/org/apache/hadoop/hadoop-mapreduce-client-core/3.4.1/hadoop-mapreduce-client-core-3.4.1.jar:/home/runner/.m2/repository/org/apache/hadoop/hadoop-yarn-client/3.4.1/hadoop-yarn-client-3.4.1.jar:/home/runner/.m2/repository/org/eclipse/jetty/websocket/websocket-client/9.4.53.v20231009/websocket-client-9.4.53.v20231009.jar:/home/runner/.m2/repository/org/eclipse/jetty/jetty-client/9.4.57.v20241219/jetty-client-9.4.57.v20241219.jar:/home/runner/.m2/repository/org/eclipse/jetty/websocket/websocket-common/9.4.53.v20231009/websocket-common-9.4.53.v20231009.jar:/home/runner/.m2/repository/org/eclipse/jetty/websocket/websocket-api/9.4.53.v20231009/websocket-api-9.4.53.v20231009.jar:/home/runner/.m2/repository/org/apache/hadoop/hadoop-yarn-api/3.4.1/hadoop-yarn-api-3.4.1.jar:/home/runner/.m2/repository/org/apache/hadoop/hadoop-yarn-common/3.4.1/hadoop-yarn-common-3.4.1.jar:/home/runner/.m2/repository/javax/xml/bind/jaxb-api/2.2.11/jaxb-api-2.2.11.jar:/home/runner/.m2/repository/com/sun/jersey/contribs/jersey-guice/1.19.4/jersey-guice-1.19.4.jar:/home/runner/.m2/repository/com/fasterxml/jackson/module/jackson-module-jaxb-annotations/2.16.2/jackson-module-jaxb-annotations-2.16.2.jar:/home/runner/.m2/repository/com/fasterxml/jackson/jaxrs/jackson-jaxrs-json-provider/2.16.2/jackson-jaxrs-json-provider-2.16.2.jar:/home/runner/.m2/repository/com/google/inject/extensions/guice-servlet/6.0.0/guice-servlet-6.0.0.jar:/home/runner/.m2/repository/org/apache/hadoop/hadoop-mapreduce-client-jobclient/3.4.1/hadoop-mapreduce-client-jobclient-3.4.1.jar:/home/runner/.m2/repository/org/apache/hadoop/hadoop-mapreduce-client-common/3.4.1/hadoop-mapreduce-client-common-3.4.1.jar:/home/runner/.m2/repository/org/apache/hadoop/hadoop-minikdc/3.4.1/hadoop-minikdc-3.4.1.jar:/home/runner/.m2/repository/org/apache/kerby/kerb-simplekdc/2.0.3/kerb-simplekdc-2.0.3.jar:/home/runner/.m2/repository/org/apache/kerby/kerb-client/2.0.3/kerb-client-2.0.3.jar:/home/runner/.m2/repository/org/apache/kerby/kerb-common/2.0.3/kerb-common-2.0.3.jar:/home/runner/.m2/repository/org/apache/kerby/token-provider/2.0.3/token-provider-2.0.3.jar:/home/runner/.m2/repository/org/apache/kerby/kerb-admin/2.0.3/kerb-admin-2.0.3.jar:/home/runner/.m2/repository/org/apache/kerby/kerb-server/2.0.3/kerb-server-2.0.3.jar:/home/runner/.m2/repository/org/apache/kerby/kerb-identity/2.0.3/kerb-identity-2.0.3.jar:/home/runner/.m2/repository/org/apache/kerby/kerby-xdr/2.0.3/kerby-xdr-2.0.3.jar:/home/runner/.m2/repository/junit/junit/4.13.2/junit-4.13.2.jar:/home/runner/.m2/repository/org/hamcrest/hamcrest-core/1.3/hamcrest-core-1.3.jar:/home/runner/.m2/repository/org/apache/httpcomponents/httpclient/4.5.14/httpclient-4.5.14.jar:/home/runner/.m2/repository/org/apache/httpcomponents/httpcore/4.4.16/httpcore-4.4.16.jar:/home/runner/.m2/repository/org/apache/kerby/kerby-util/1.0.1/kerby-util-1.0.1.jar:/home/runner/work/ozone/ozone/hadoop-hdds/client/target/hdds-client-2.1.0-SNAPSHOT.jar:/home/runner/.m2/repository/io/opentracing/opentracing-api/0.33.0/opentracing-api-0.33.0.jar:/home/runner/.m2/repository/io/opentracing/opentracing-util/0.33.0/opentracing-util-0.33.0.jar:/home/runner/.m2/repository/io/opentracing/opentracing-noop/0.33.0/opentracing-noop-0.33.0.jar:/home/runner/work/ozone/ozone/hadoop-hdds/erasurecode/target/hdds-erasurecode-2.1.0-SNAPSHOT.jar:/home/runner/work/ozone/ozone/hadoop-hdds/common/target/hdds-common-2.1.0-SNAPSHOT.jar:/home/runner/.m2/repository/com/fasterxml/jackson/datatype/jackson-datatype-jsr310/2.16.2/jackson-datatype-jsr310-2.16.2.jar:/home/runner/.m2/repository/io/jaegertracing/jaeger-core/1.8.1/jaeger-core-1.8.1.jar:/home/runner/.m2/repository/org/apache/ratis/ratis-netty/3.2.0/ratis-netty-3.2.0.jar:/home/runner/.m2/repository/org/yaml/snakeyaml/2.0/snakeyaml-2.0.jar:/home/runner/.m2/repository/io/jaegertracing/jaeger-client/1.8.1/jaeger-client-1.8.1.jar:/home/runner/.m2/repository/io/jaegertracing/jaeger-thrift/1.8.1/jaeger-thrift-1.8.1.jar:/home/runner/.m2/repository/org/apache/thrift/libthrift/0.15.0/libthrift-0.15.0.jar:/home/runner/.m2/repository/io/jaegertracing/jaeger-tracerresolver/1.8.1/jaeger-tracerresolver-1.8.1.jar:/home/runner/.m2/repository/io/opentracing/contrib/opentracing-tracerresolver/0.1.8/opentracing-tracerresolver-0.1.8.jar:/home/runner/.m2/repository/org/apache/ratis/ratis-metrics-dropwizard3/3.2.0/ratis-metrics-dropwizard3-3.2.0.jar:/home/runner/.m2/repository/org/slf4j/jcl-over-slf4j/2.0.17/jcl-over-slf4j-2.0.17.jar:/home/runner/work/ozone/ozone/hadoop-hdds/common/target/hdds-common-2.1.0-SNAPSHOT-tests.jar:/home/runner/work/ozone/ozone/hadoop-hdds/config/target/hdds-config-2.1.0-SNAPSHOT.jar:/home/runner/work/ozone/ozone/hadoop-hdds/container-service/target/hdds-container-service-2.1.0-SNAPSHOT.jar:/home/runner/.m2/repository/io/netty/netty-buffer/4.1.119.Final/netty-buffer-4.1.119.Final.jar:/home/runner/.m2/repository/io/netty/netty-codec/4.1.119.Final/netty-codec-4.1.119.Final.jar:/home/runner/.m2/repository/io/netty/netty-common/4.1.119.Final/netty-common-4.1.119.Final.jar:/home/runner/.m2/repository/io/netty/netty-transport/4.1.119.Final/netty-transport-4.1.119.Final.jar:/home/runner/.m2/repository/org/apache/logging/log4j/log4j-api/2.25.0/log4j-api-2.25.0.jar:/home/runner/.m2/repository/com/github/luben/zstd-jni/1.5.7-4/zstd-jni-1.5.7-4.jar:/home/runner/.m2/repository/log4j/apache-log4j-extras/1.2.17/apache-log4j-extras-1.2.17.jar:/home/runner/.m2/repository/org/glassfish/jaxb/jaxb-runtime/2.3.9/jaxb-runtime-2.3.9.jar:/home/runner/.m2/repository/org/glassfish/jaxb/txw2/2.3.9/txw2-2.3.9.jar:/home/runner/.m2/repository/com/sun/istack/istack-commons-runtime/3.0.12/istack-commons-runtime-3.0.12.jar:/home/runner/.m2/repository/com/sun/activation/jakarta.activation/1.2.2/jakarta.activation-1.2.2.jar:/home/runner/work/ozone/ozone/hadoop-hdds/container-service/target/hdds-container-service-2.1.0-SNAPSHOT-tests.jar:/home/runner/work/ozone/ozone/hadoop-hdds/interface-admin/target/hdds-interface-admin-2.1.0-SNAPSHOT.jar:/home/runner/work/ozone/ozone/hadoop-hdds/interface-client/target/hdds-interface-client-2.1.0-SNAPSHOT.jar:/home/runner/work/ozone/ozone/hadoop-hdds/interface-server/target/hdds-interface-server-2.1.0-SNAPSHOT.jar:/home/runner/work/ozone/ozone/hadoop-hdds/managed-rocksdb/target/hdds-managed-rocksdb-2.1.0-SNAPSHOT.jar:/home/runner/work/ozone/ozone/hadoop-hdds/rocks-native/target/hdds-rocks-native-2.1.0-SNAPSHOT.jar:/home/runner/work/ozone/ozone/hadoop-hdds/framework/target/hdds-server-framework-2.1.0-SNAPSHOT.jar:/home/runner/.m2/repository/com/github/jnr/jnr-constants/0.10.4/jnr-constants-0.10.4.jar:/home/runner/.m2/repository/com/github/jnr/jnr-posix/3.1.20/jnr-posix-3.1.20.jar:/home/runner/.m2/repository/com/github/jnr/jnr-ffi/2.2.17/jnr-ffi-2.2.17.jar:/home/runner/.m2/repository/com/github/jnr/jffi/1.3.13/jffi-1.3.13.jar:/home/runner/.m2/repository/com/github/jnr/jffi/1.3.13/jffi-1.3.13-native.jar:/home/runner/.m2/repository/org/ow2/asm/asm/9.7.1/asm-9.7.1.jar:/home/runner/.m2/repository/org/ow2/asm/asm-commons/9.7.1/asm-commons-9.7.1.jar:/home/runner/.m2/repository/org/ow2/asm/asm-analysis/9.7.1/asm-analysis-9.7.1.jar:/home/runner/.m2/repository/org/ow2/asm/asm-tree/9.7.1/asm-tree-9.7.1.jar:/home/runner/.m2/repository/org/ow2/asm/asm-util/9.7.1/asm-util-9.7.1.jar:/home/runner/.m2/repository/com/github/jnr/jnr-a64asm/1.0.0/jnr-a64asm-1.0.0.jar:/home/runner/.m2/repository/com/github/jnr/jnr-x86asm/1.0.2/jnr-x86asm-1.0.2.jar:/home/runner/.m2/repository/commons-fileupload/commons-fileupload/1.6.0/commons-fileupload-1.6.0.jar:/home/runner/.m2/repository/io/grpc/grpc-api/1.71.0/grpc-api-1.71.0.jar:/home/runner/.m2/repository/io/prometheus/simpleclient/0.16.0/simpleclient-0.16.0.jar:/home/runner/.m2/repository/io/prometheus/simpleclient_common/0.16.0/simpleclient_common-0.16.0.jar:/home/runner/.m2/repository/io/prometheus/simpleclient_dropwizard/0.16.0/simpleclient_dropwizard-0.16.0.jar:/home/runner/.m2/repository/jakarta/ws/rs/jakarta.ws.rs-api/2.1.6/jakarta.ws.rs-api-2.1.6.jar:/home/runner/.m2/repository/org/eclipse/jetty/jetty-http/9.4.57.v20241219/jetty-http-9.4.57.v20241219.jar:/home/runner/.m2/repository/org/glassfish/jersey/containers/jersey-container-servlet-core/2.47/jersey-container-servlet-core-2.47.jar:/home/runner/.m2/repository/org/glassfish/jersey/core/jersey-server/2.47/jersey-server-2.47.jar:/home/runner/.m2/repository/org/glassfish/jersey/core/jersey-client/2.47/jersey-client-2.47.jar:/home/runner/.m2/repository/com/lmax/disruptor/3.4.4/disruptor-3.4.4.jar:/home/runner/.m2/repository/org/apache/logging/log4j/log4j-core/2.25.0/log4j-core-2.25.0.jar:/home/runner/work/ozone/ozone/hadoop-hdds/framework/target/hdds-server-framework-2.1.0-SNAPSHOT-tests.jar:/home/runner/work/ozone/ozone/hadoop-hdds/server-scm/target/hdds-server-scm-2.1.0-SNAPSHOT.jar:/home/runner/work/ozone/ozone/hadoop-hdds/server-scm/target/hdds-server-scm-2.1.0-SNAPSHOT-tests.jar:/home/runner/work/ozone/ozone/hadoop-hdds/test-utils/target/hdds-test-utils-2.1.0-SNAPSHOT-tests.jar:/home/runner/work/ozone/ozone/hadoop-ozone/cli-admin/target/ozone-cli-admin-2.1.0-SNAPSHOT.jar:/home/runner/work/ozone/ozone/hadoop-ozone/cli-shell/target/ozone-cli-shell-2.1.0-SNAPSHOT.jar:/home/runner/.m2/repository/info/picocli/picocli-shell-jline3/4.7.7/picocli-shell-jline3-4.7.7.jar:/home/runner/.m2/repository/org/jline/jline/3.30.5/jline-3.30.5.jar:/home/runner/work/ozone/ozone/hadoop-ozone/client/target/ozone-client-2.1.0-SNAPSHOT.jar:/home/runner/work/ozone/ozone/hadoop-ozone/common/target/ozone-common-2.1.0-SNAPSHOT.jar:/home/runner/.m2/repository/io/grpc/grpc-netty/1.71.0/grpc-netty-1.71.0.jar:/home/runner/.m2/repository/org/codehaus/mojo/animal-sniffer-annotations/1.24/animal-sniffer-annotations-1.24.jar:/home/runner/.m2/repository/io/grpc/grpc-core/1.71.0/grpc-core-1.71.0.jar:/home/runner/.m2/repository/com/google/android/annotations/4.1.1.4/annotations-4.1.1.4.jar:/home/runner/.m2/repository/io/grpc/grpc-context/1.71.0/grpc-context-1.71.0.jar:/home/runner/.m2/repository/io/perfmark/perfmark-api/0.27.0/perfmark-api-0.27.0.jar:/home/runner/.m2/repository/io/grpc/grpc-util/1.71.0/grpc-util-1.71.0.jar:/home/runner/.m2/repository/io/netty/netty-codec-http2/4.1.119.Final/netty-codec-http2-4.1.119.Final.jar:/home/runner/.m2/repository/io/netty/netty-handler-proxy/4.1.119.Final/netty-handler-proxy-4.1.119.Final.jar:/home/runner/.m2/repository/io/netty/netty-tcnative-boringssl-static/2.0.70.Final/netty-tcnative-boringssl-static-2.0.70.Final.jar:/home/runner/.m2/repository/io/netty/netty-tcnative-classes/2.0.70.Final/netty-tcnative-classes-2.0.70.Final.jar:/home/runner/.m2/repository/io/netty/netty-tcnative-boringssl-static/2.0.70.Final/netty-tcnative-boringssl-static-2.0.70.Final-linux-x86_64.jar:/home/runner/.m2/repository/io/netty/netty-tcnative-boringssl-static/2.0.70.Final/netty-tcnative-boringssl-static-2.0.70.Final-linux-aarch_64.jar:/home/runner/.m2/repository/io/netty/netty-tcnative-boringssl-static/2.0.70.Final/netty-tcnative-boringssl-static-2.0.70.Final-osx-x86_64.jar:/home/runner/.m2/repository/io/netty/netty-tcnative-boringssl-static/2.0.70.Final/netty-tcnative-boringssl-static-2.0.70.Final-osx-aarch_64.jar:/home/runner/.m2/repository/io/netty/netty-tcnative-boringssl-static/2.0.70.Final/netty-tcnative-boringssl-static-2.0.70.Final-windows-x86_64.jar:/home/runner/work/ozone/ozone/hadoop-ozone/csi/target/ozone-csi-2.1.0-SNAPSHOT.jar:/home/runner/.m2/repository/io/grpc/grpc-protobuf/1.71.0/grpc-protobuf-1.71.0.jar:/home/runner/.m2/repository/com/google/api/grpc/proto-google-common-protos/2.51.0/proto-google-common-protos-2.51.0.jar:/home/runner/.m2/repository/io/grpc/grpc-protobuf-lite/1.71.0/grpc-protobuf-lite-1.71.0.jar:/home/runner/.m2/repository/io/grpc/grpc-stub/1.71.0/grpc-stub-1.71.0.jar:/home/runner/.m2/repository/io/netty/netty-transport-classes-epoll/4.1.119.Final/netty-transport-classes-epoll-4.1.119.Final.jar:/home/runner/.m2/repository/io/netty/netty-transport-native-unix-common/4.1.119.Final/netty-transport-native-unix-common-4.1.119.Final.jar:/home/runner/.m2/repository/io/netty/netty-transport-native-epoll/4.1.119.Final/netty-transport-native-epoll-4.1.119.Final-linux-x86_64.jar:/home/runner/work/ozone/ozone/hadoop-ozone/ozonefs/target/ozone-filesystem-2.1.0-SNAPSHOT.jar:/home/runner/work/ozone/ozone/hadoop-ozone/ozonefs-common/target/ozone-filesystem-common-2.1.0-SNAPSHOT.jar:/home/runner/work/ozone/ozone/hadoop-ozone/freon/target/ozone-freon-2.1.0-SNAPSHOT.jar:/home/runner/.m2/repository/com/amazonaws/aws-java-sdk-core/1.12.788/aws-java-sdk-core-1.12.788.jar:/home/runner/.m2/repository/com/fasterxml/jackson/dataformat/jackson-dataformat-cbor/2.16.2/jackson-dataformat-cbor-2.16.2.jar:/home/runner/.m2/repository/joda-time/joda-time/2.12.7/joda-time-2.12.7.jar:/home/runner/.m2/repository/com/amazonaws/aws-java-sdk-s3/1.12.788/aws-java-sdk-s3-1.12.788.jar:/home/runner/.m2/repository/com/amazonaws/aws-java-sdk-kms/1.12.788/aws-java-sdk-kms-1.12.788.jar:/home/runner/.m2/repository/com/amazonaws/jmespath-java/1.12.788/jmespath-java-1.12.788.jar:/home/runner/work/ozone/ozone/hadoop-ozone/interface-client/target/ozone-interface-client-2.1.0-SNAPSHOT.jar:/home/runner/work/ozone/ozone/hadoop-ozone/interface-storage/target/ozone-interface-storage-2.1.0-SNAPSHOT.jar:/home/runner/work/ozone/ozone/hadoop-ozone/ozone-manager/target/ozone-manager-2.1.0-SNAPSHOT.jar:/home/runner/.m2/repository/com/sun/jersey/jersey-client/1.19.4/jersey-client-1.19.4.jar:/home/runner/.m2/repository/org/apache/ranger/ranger-plugins-common/2.6.0/ranger-plugins-common-2.6.0.jar:/home/runner/.m2/repository/com/fasterxml/jackson/jaxrs/jackson-jaxrs-base/2.16.2/jackson-jaxrs-base-2.16.2.jar:/home/runner/.m2/repository/com/kstruct/gethostname4j/1.0.0/gethostname4j-1.0.0.jar:/home/runner/.m2/repository/commons-lang/commons-lang/2.6/commons-lang-2.6.jar:/home/runner/.m2/repository/net/java/dev/jna/jna/5.2.0/jna-5.2.0.jar:/home/runner/.m2/repository/net/java/dev/jna/jna-platform/5.2.0/jna-platform-5.2.0.jar:/home/runner/.m2/repository/org/apache/ranger/ranger-plugin-classloader/2.6.0/ranger-plugin-classloader-2.6.0.jar:/home/runner/.m2/repository/org/apache/ranger/ranger-plugins-audit/2.6.0/ranger-plugins-audit-2.6.0.jar:/home/runner/.m2/repository/com/amazonaws/aws-java-sdk-logs/1.12.765/aws-java-sdk-logs-1.12.765.jar:/home/runner/.m2/repository/com/carrotsearch/hppc/0.8.0/hppc-0.8.0.jar:/home/runner/.m2/repository/io/airlift/aircompressor/0.27/aircompressor-0.27.jar:/home/runner/.m2/repository/org/apache/httpcomponents/httpasyncclient/4.1.4/httpasyncclient-4.1.4.jar:/home/runner/.m2/repository/org/apache/httpcomponents/httpcore-nio/4.4.16/httpcore-nio-4.4.16.jar:/home/runner/.m2/repository/org/apache/httpcomponents/httpmime/4.5.13/httpmime-4.5.13.jar:/home/runner/.m2/repository/org/apache/orc/orc-core/1.5.8/orc-core-1.5.8.jar:/home/runner/.m2/repository/org/apache/orc/orc-shims/1.5.8/orc-shims-1.5.8.jar:/home/runner/.m2/repository/org/apache/ranger/ranger-plugins-cred/2.6.0/ranger-plugins-cred-2.6.0.jar:/home/runner/.m2/repository/org/aspectj/aspectjrt/1.9.7/aspectjrt-1.9.7.jar:/home/runner/work/ozone/ozone/hadoop-ozone/ozone-manager/target/ozone-manager-2.1.0-SNAPSHOT-tests.jar:/home/runner/work/ozone/ozone/hadoop-ozone/mini-cluster/target/ozone-mini-cluster-2.1.0-SNAPSHOT.jar:/home/runner/work/ozone/ozone/hadoop-ozone/recon/target/ozone-recon-2.1.0-SNAPSHOT.jar:/home/runner/.m2/repository/aopalliance/aopalliance/1.0/aopalliance-1.0.jar:/home/runner/.m2/repository/com/google/inject/guice/6.0.0/guice-6.0.0.jar:/home/runner/.m2/repository/jakarta/inject/jakarta.inject-api/2.0.1/jakarta.inject-api-2.0.1.jar:/home/runner/.m2/repository/com/jolbox/bonecp/0.8.0.RELEASE/bonecp-0.8.0.RELEASE.jar:/home/runner/.m2/repository/jakarta/validation/jakarta.validation-api/2.0.2/jakarta.validation-api-2.0.2.jar:/home/runner/.m2/repository/javax/annotation/javax.annotation-api/1.3.2/javax.annotation-api-1.3.2.jar:/home/runner/.m2/repository/javax/inject/javax.inject/1/javax.inject-1.jar:/home/runner/.m2/repository/org/apache/derby/derby/10.14.2.0/derby-10.14.2.0.jar:/home/runner/.m2/repository/org/glassfish/hk2/guice-bridge/2.6.1/guice-bridge-2.6.1.jar:/home/runner/.m2/repository/org/glassfish/hk2/hk2-api/2.6.1/hk2-api-2.6.1.jar:/home/runner/.m2/repository/org/glassfish/hk2/hk2-utils/2.6.1/hk2-utils-2.6.1.jar:/home/runner/.m2/repository/org/glassfish/hk2/external/aopalliance-repackaged/2.6.1/aopalliance-repackaged-2.6.1.jar:/home/runner/.m2/repository/org/glassfish/jersey/core/jersey-common/2.47/jersey-common-2.47.jar:/home/runner/.m2/repository/org/glassfish/hk2/osgi-resource-locator/1.0.3/osgi-resource-locator-1.0.3.jar:/home/runner/.m2/repository/org/jooq/jooq/3.11.10/jooq-3.11.10.jar:/home/runner/.m2/repository/org/springframework/spring-core/5.3.39/spring-core-5.3.39.jar:/home/runner/.m2/repository/org/springframework/spring-jdbc/5.3.39/spring-jdbc-5.3.39.jar:/home/runner/.m2/repository/org/springframework/spring-beans/5.3.39/spring-beans-5.3.39.jar:/home/runner/.m2/repository/org/springframework/spring-tx/5.3.39/spring-tx-5.3.39.jar:/home/runner/.m2/repository/org/xerial/sqlite-jdbc/3.50.3.0/sqlite-jdbc-3.50.3.0.jar:/home/runner/.m2/repository/com/google/inject/extensions/guice-assistedinject/6.0.0/guice-assistedinject-6.0.0.jar:/home/runner/.m2/repository/org/glassfish/hk2/external/jakarta.inject/2.6.1/jakarta.inject-2.6.1.jar:/home/runner/.m2/repository/org/glassfish/jersey/inject/jersey-hk2/2.47/jersey-hk2-2.47.jar:/home/runner/.m2/repository/org/glassfish/hk2/hk2-locator/2.6.1/hk2-locator-2.6.1.jar:/home/runner/.m2/repository/org/glassfish/jersey/media/jersey-media-jaxb/2.47/jersey-media-jaxb-2.47.jar:/home/runner/.m2/repository/org/glassfish/jersey/media/jersey-media-json-jackson/2.47/jersey-media-json-jackson-2.47.jar:/home/runner/.m2/repository/org/glassfish/jersey/ext/jersey-entity-filtering/2.47/jersey-entity-filtering-2.47.jar:/home/runner/work/ozone/ozone/hadoop-ozone/recon-codegen/target/ozone-reconcodegen-2.1.0-SNAPSHOT.jar:/home/runner/.m2/repository/org/jooq/jooq-codegen/3.11.10/jooq-codegen-3.11.10.jar:/home/runner/.m2/repository/org/jooq/jooq-meta/3.11.10/jooq-meta-3.11.10.jar:/home/runner/work/ozone/ozone/hadoop-ozone/s3gateway/target/ozone-s3gateway-2.1.0-SNAPSHOT.jar:/home/runner/work/ozone/ozone/hadoop-ozone/tools/target/ozone-tools-2.1.0-SNAPSHOT.jar:/home/runner/.m2/repository/com/github/vlsi/mxgraph/jgraphx/3.9.12/jgraphx-3.9.12.jar:/home/runner/.m2/repository/org/apache/ratis/ratis-shell/3.2.0/ratis-shell-3.2.0.jar:/home/runner/.m2/repository/org/apache/ratis/ratis-tools/3.2.0/ratis-tools-3.2.0.jar:/home/runner/.m2/repository/org/jgrapht/jgrapht-core/1.4.0/jgrapht-core-1.4.0.jar:/home/runner/.m2/repository/org/jheaps/jheaps/0.11/jheaps-0.11.jar:/home/runner/.m2/repository/org/jgrapht/jgrapht-ext/1.4.0/jgrapht-ext-1.4.0.jar:/home/runner/work/ozone/ozone/hadoop-hdds/rocksdb-checkpoint-differ/target/rocksdb-checkpoint-differ-2.1.0-SNAPSHOT.jar:/home/runner/.m2/repository/org/apache/ranger/ranger-intg/2.6.0/ranger-intg-2.6.0.jar:/home/runner/.m2/repository/org/apache/ratis/ratis-client/3.2.0/ratis-client-3.2.0.jar:/home/runner/.m2/repository/org/apache/ratis/ratis-common/3.2.0/ratis-common-3.2.0.jar:/home/runner/.m2/repository/org/apache/ratis/ratis-grpc/3.2.0/ratis-grpc-3.2.0.jar:/home/runner/.m2/repository/org/apache/ratis/ratis-metrics-api/3.2.0/ratis-metrics-api-3.2.0.jar:/home/runner/.m2/repository/org/apache/ratis/ratis-proto/3.2.0/ratis-proto-3.2.0.jar:/home/runner/.m2/repository/org/apache/ratis/ratis-server/3.2.0/ratis-server-3.2.0.jar:/home/runner/.m2/repository/org/apache/ratis/ratis-server-api/3.2.0/ratis-server-api-3.2.0.jar:/home/runner/.m2/repository/org/apache/ratis/ratis-thirdparty-misc/1.0.9/ratis-thirdparty-misc-1.0.9.jar:/home/runner/.m2/repository/org/bouncycastle/bcpkix-jdk18on/1.81/bcpkix-jdk18on-1.81.jar:/home/runner/.m2/repository/org/bouncycastle/bcutil-jdk18on/1.81/bcutil-jdk18on-1.81.jar:/home/runner/.m2/repository/org/hamcrest/hamcrest/2.2/hamcrest-2.2.jar:/home/runner/.m2/repository/org/reflections/reflections/0.10.2/reflections-0.10.2.jar:/home/runner/.m2/repository/org/javassist/javassist/3.30.2-GA/javassist-3.30.2-GA.jar:/home/runner/.m2/repository/org/rocksdb/rocksdbjni/7.7.3/rocksdbjni-7.7.3.jar:/home/runner/.m2/repository/org/slf4j/jul-to-slf4j/2.0.17/jul-to-slf4j-2.0.17.jar:/home/runner/.m2/repository/org/slf4j/slf4j-api/2.0.17/slf4j-api-2.0.17.jar:/home/runner/.m2/repository/org/assertj/assertj-core/3.27.4/assertj-core-3.27.4.jar:/home/runner/.m2/repository/net/bytebuddy/byte-buddy/1.15.11/byte-buddy-1.15.11.jar:/home/runner/.m2/repository/org/junit/jupiter/junit-jupiter-api/5.13.4/junit-jupiter-api-5.13.4.jar:/home/runner/.m2/repository/org/opentest4j/opentest4j/1.3.0/opentest4j-1.3.0.jar:/home/runner/.m2/repository/org/junit/platform/junit-platform-commons/1.13.4/junit-platform-commons-1.13.4.jar:/home/runner/.m2/repository/org/apiguardian/apiguardian-api/1.1.2/apiguardian-api-1.1.2.jar:/home/runner/.m2/repository/org/junit/jupiter/junit-jupiter-params/5.13.4/junit-jupiter-params-5.13.4.jar:/home/runner/.m2/repository/org/mockito/mockito-core/4.11.0/mockito-core-4.11.0.jar:/home/runner/.m2/repository/net/bytebuddy/byte-buddy-agent/1.12.19/byte-buddy-agent-1.12.19.jar:/home/runner/.m2/repository/org/objenesis/objenesis/3.3/objenesis-3.3.jar:/home/runner/.m2/repository/org/mockito/mockito-inline/4.11.0/mockito-inline-4.11.0.jar:/home/runner/.m2/repository/org/mockito/mockito-junit-jupiter/4.11.0/mockito-junit-jupiter-4.11.0.jar:/home/runner/work/ozone/ozone/hadoop-ozone/integration-test/target/gradle-enterprise/test-listeners.jar:"/>
    <property name="java.vm.vendor" value="Eclipse Adoptium"/>
    <property name="sun.arch.data.model" value="64"/>
    <property name="test.build.dir" value="/home/runner/work/ozone/ozone/hadoop-ozone/integration-test/target/test-dir"/>
    <property name="test.cache.data" value=""/>
    <property name="java.vendor.url" value="https://adoptium.net/"/>
    <property name="user.timezone" value="Etc/UTC"/>
    <property name="maven-surefire-plugin.argLineAccessArgs" value=" --add-opens java.management/com.sun.jmx.mbeanserver=ALL-UNNAMED --add-exports java.management/com.sun.jmx.mbeanserver=ALL-UNNAMED --add-opens java.base/java.nio=ALL-UNNAMED --add-opens java.base/java.lang=ALL-UNNAMED --add-opens java.base/java.lang.reflect=ALL-UNNAMED"/>
    <property name="os.name" value="Linux"/>
    <property name="java.vm.specification.version" value="21"/>
    <property name="test.build.data" value="/home/runner/work/ozone/ozone/hadoop-ozone/integration-test/target/test-dir"/>
    <property name="sun.java.launcher" value="SUN_STANDARD"/>
    <property name="sun.boot.library.path" value="/usr/lib/jvm/temurin-21-jdk-amd64/lib"/>
    <property name="sun.java.command" value="/home/runner/work/ozone/ozone/hadoop-ozone/integration-test/target/surefire/surefirebooter-20250826225952032_127.jar /home/runner/work/ozone/ozone/hadoop-ozone/integration-test/target/surefire 2025-08-26T22-55-36_004-jvmRun1 surefire-20250826225952032_125tmp surefire_18-20250826225952032_126tmp"/>
    <property name="jdk.debug" value="release"/>
    <property name="native.lib.tmp.dir" value="/tmp"/>
    <property name="surefire.test.class.path" value="/home/runner/work/ozone/ozone/hadoop-ozone/integration-test/target/test-classes:/home/runner/work/ozone/ozone/hadoop-ozone/integration-test/target/classes:/home/runner/.m2/repository/ch/qos/reload4j/reload4j/1.2.26/reload4j-1.2.26.jar:/home/runner/.m2/repository/com/fasterxml/jackson/core/jackson-core/2.16.2/jackson-core-2.16.2.jar:/home/runner/.m2/repository/com/fasterxml/jackson/core/jackson-databind/2.16.2/jackson-databind-2.16.2.jar:/home/runner/.m2/repository/com/fasterxml/jackson/core/jackson-annotations/2.16.2/jackson-annotations-2.16.2.jar:/home/runner/.m2/repository/com/github/stephenc/jcip/jcip-annotations/1.0-1/jcip-annotations-1.0-1.jar:/home/runner/.m2/repository/com/google/guava/guava/33.4.8-jre/guava-33.4.8-jre.jar:/home/runner/.m2/repository/com/google/guava/failureaccess/1.0.3/failureaccess-1.0.3.jar:/home/runner/.m2/repository/com/google/guava/listenablefuture/9999.0-empty-to-avoid-conflict-with-guava/listenablefuture-9999.0-empty-to-avoid-conflict-with-guava.jar:/home/runner/.m2/repository/org/jspecify/jspecify/1.0.0/jspecify-1.0.0.jar:/home/runner/.m2/repository/com/google/errorprone/error_prone_annotations/2.29.2/error_prone_annotations-2.29.2.jar:/home/runner/.m2/repository/com/google/j2objc/j2objc-annotations/3.0.0/j2objc-annotations-3.0.0.jar:/home/runner/.m2/repository/com/google/protobuf/protobuf-java/2.5.0/protobuf-java-2.5.0.jar:/home/runner/.m2/repository/com/squareup/okhttp3/okhttp/4.12.0/okhttp-4.12.0.jar:/home/runner/.m2/repository/com/squareup/okio/okio/3.6.0/okio-3.6.0.jar:/home/runner/.m2/repository/com/squareup/okio/okio-jvm/3.6.0/okio-jvm-3.6.0.jar:/home/runner/.m2/repository/org/jetbrains/kotlin/kotlin-stdlib-common/1.9.25/kotlin-stdlib-common-1.9.25.jar:/home/runner/.m2/repository/org/jetbrains/kotlin/kotlin-stdlib-jdk8/1.9.25/kotlin-stdlib-jdk8-1.9.25.jar:/home/runner/.m2/repository/org/jetbrains/kotlin/kotlin-stdlib/1.9.25/kotlin-stdlib-1.9.25.jar:/home/runner/.m2/repository/org/jetbrains/annotations/13.0/annotations-13.0.jar:/home/runner/.m2/repository/org/jetbrains/kotlin/kotlin-stdlib-jdk7/1.9.25/kotlin-stdlib-jdk7-1.9.25.jar:/home/runner/.m2/repository/commons-codec/commons-codec/1.18.0/commons-codec-1.18.0.jar:/home/runner/.m2/repository/commons-io/commons-io/2.18.0/commons-io-2.18.0.jar:/home/runner/.m2/repository/commons-validator/commons-validator/1.6/commons-validator-1.6.jar:/home/runner/.m2/repository/commons-beanutils/commons-beanutils/1.11.0/commons-beanutils-1.11.0.jar:/home/runner/.m2/repository/commons-digester/commons-digester/1.8.1/commons-digester-1.8.1.jar:/home/runner/.m2/repository/commons-collections/commons-collections/3.2.2/commons-collections-3.2.2.jar:/home/runner/.m2/repository/info/picocli/picocli/4.7.7/picocli-4.7.7.jar:/home/runner/.m2/repository/jakarta/annotation/jakarta.annotation-api/2.1.1/jakarta.annotation-api-2.1.1.jar:/home/runner/.m2/repository/jakarta/xml/bind/jakarta.xml.bind-api/2.3.3/jakarta.xml.bind-api-2.3.3.jar:/home/runner/.m2/repository/jakarta/activation/jakarta.activation-api/1.2.2/jakarta.activation-api-1.2.2.jar:/home/runner/.m2/repository/javax/servlet/javax.servlet-api/3.1.0/javax.servlet-api-3.1.0.jar:/home/runner/.m2/repository/javax/ws/rs/jsr311-api/1.1.1/jsr311-api-1.1.1.jar:/home/runner/.m2/repository/org/apache/commons/commons-compress/1.27.1/commons-compress-1.27.1.jar:/home/runner/.m2/repository/org/apache/commons/commons-lang3/3.18.0/commons-lang3-3.18.0.jar:/home/runner/.m2/repository/org/apache/commons/commons-text/1.13.1/commons-text-1.13.1.jar:/home/runner/.m2/repository/org/apache/hadoop/hadoop-auth/3.4.1/hadoop-auth-3.4.1.jar:/home/runner/.m2/repository/com/nimbusds/nimbus-jose-jwt/10.4/nimbus-jose-jwt-10.4.jar:/home/runner/.m2/repository/io/dropwizard/metrics/metrics-core/3.2.6/metrics-core-3.2.6.jar:/home/runner/.m2/repository/org/apache/kerby/kerb-core/1.0.1/kerb-core-1.0.1.jar:/home/runner/.m2/repository/org/apache/kerby/kerby-pkix/1.0.1/kerby-pkix-1.0.1.jar:/home/runner/.m2/repository/org/apache/kerby/kerby-asn1/1.0.1/kerby-asn1-1.0.1.jar:/home/runner/.m2/repository/org/apache/kerby/kerb-util/1.0.1/kerb-util-1.0.1.jar:/home/runner/.m2/repository/org/apache/kerby/kerby-config/1.0.1/kerby-config-1.0.1.jar:/home/runner/.m2/repository/org/apache/kerby/kerb-crypto/1.0.1/kerb-crypto-1.0.1.jar:/home/runner/.m2/repository/org/apache/hadoop/thirdparty/hadoop-shaded-guava/1.3.0/hadoop-shaded-guava-1.3.0.jar:/home/runner/.m2/repository/org/apache/hadoop/hadoop-common/3.4.1/hadoop-common-3.4.1.jar:/home/runner/.m2/repository/org/apache/hadoop/thirdparty/hadoop-shaded-protobuf_3_25/1.4.0/hadoop-shaded-protobuf_3_25-1.4.0.jar:/home/runner/.m2/repository/org/apache/hadoop/hadoop-annotations/3.4.1/hadoop-annotations-3.4.1.jar:/home/runner/.m2/repository/commons-cli/commons-cli/1.8.0/commons-cli-1.8.0.jar:/home/runner/.m2/repository/commons-net/commons-net/3.11.1/commons-net-3.11.1.jar:/home/runner/.m2/repository/org/eclipse/jetty/jetty-server/9.4.57.v20241219/jetty-server-9.4.57.v20241219.jar:/home/runner/.m2/repository/org/eclipse/jetty/jetty-io/9.4.57.v20241219/jetty-io-9.4.57.v20241219.jar:/home/runner/.m2/repository/org/eclipse/jetty/jetty-util/9.4.57.v20241219/jetty-util-9.4.57.v20241219.jar:/home/runner/.m2/repository/org/eclipse/jetty/jetty-servlet/9.4.57.v20241219/jetty-servlet-9.4.57.v20241219.jar:/home/runner/.m2/repository/org/eclipse/jetty/jetty-security/9.4.57.v20241219/jetty-security-9.4.57.v20241219.jar:/home/runner/.m2/repository/org/eclipse/jetty/jetty-webapp/9.4.57.v20241219/jetty-webapp-9.4.57.v20241219.jar:/home/runner/.m2/repository/org/eclipse/jetty/jetty-xml/9.4.57.v20241219/jetty-xml-9.4.57.v20241219.jar:/home/runner/.m2/repository/javax/servlet/jsp/jsp-api/2.1/jsp-api-2.1.jar:/home/runner/.m2/repository/org/codehaus/jettison/jettison/1.5.4/jettison-1.5.4.jar:/home/runner/.m2/repository/org/apache/commons/commons-configuration2/2.12.0/commons-configuration2-2.12.0.jar:/home/runner/.m2/repository/com/google/re2j/re2j/1.7/re2j-1.7.jar:/home/runner/.m2/repository/com/google/code/gson/gson/2.13.1/gson-2.13.1.jar:/home/runner/.m2/repository/com/jcraft/jsch/0.1.55/jsch-0.1.55.jar:/home/runner/.m2/repository/io/netty/netty-handler/4.1.119.Final/netty-handler-4.1.119.Final.jar:/home/runner/.m2/repository/io/netty/netty-resolver/4.1.119.Final/netty-resolver-4.1.119.Final.jar:/home/runner/.m2/repository/io/netty/netty-transport-native-epoll/4.1.119.Final/netty-transport-native-epoll-4.1.119.Final.jar:/home/runner/.m2/repository/org/bouncycastle/bcprov-jdk18on/1.81/bcprov-jdk18on-1.81.jar:/home/runner/.m2/repository/org/codehaus/woodstox/stax2-api/4.2.1/stax2-api-4.2.1.jar:/home/runner/.m2/repository/com/fasterxml/woodstox/woodstox-core/5.4.0/woodstox-core-5.4.0.jar:/home/runner/.m2/repository/dnsjava/dnsjava/3.6.1/dnsjava-3.6.1.jar:/home/runner/.m2/repository/org/apache/hadoop/hadoop-common/3.4.1/hadoop-common-3.4.1-tests.jar:/home/runner/.m2/repository/org/apache/commons/commons-math3/3.6.1/commons-math3-3.6.1.jar:/home/runner/.m2/repository/com/sun/jersey/jersey-core/1.19.4/jersey-core-1.19.4.jar:/home/runner/.m2/repository/com/sun/jersey/jersey-servlet/1.19.4/jersey-servlet-1.19.4.jar:/home/runner/.m2/repository/com/github/pjfanning/jersey-json/1.22.0/jersey-json-1.22.0.jar:/home/runner/.m2/repository/com/sun/xml/bind/jaxb-impl/2.2.3-1/jaxb-impl-2.2.3-1.jar:/home/runner/.m2/repository/com/sun/jersey/jersey-server/1.19.4/jersey-server-1.19.4.jar:/home/runner/.m2/repository/org/slf4j/slf4j-reload4j/2.0.17/slf4j-reload4j-2.0.17.jar:/home/runner/.m2/repository/org/apache/avro/avro/1.9.2/avro-1.9.2.jar:/home/runner/.m2/repository/org/apache/curator/curator-client/4.2.0/curator-client-4.2.0.jar:/home/runner/.m2/repository/org/apache/curator/curator-recipes/5.2.0/curator-recipes-5.2.0.jar:/home/runner/.m2/repository/org/apache/curator/curator-framework/4.2.0/curator-framework-4.2.0.jar:/home/runner/.m2/repository/com/google/code/findbugs/jsr305/3.0.2/jsr305-3.0.2.jar:/home/runner/.m2/repository/org/apache/zookeeper/zookeeper/3.8.4/zookeeper-3.8.4.jar:/home/runner/.m2/repository/org/apache/zookeeper/zookeeper-jute/3.8.4/zookeeper-jute-3.8.4.jar:/home/runner/.m2/repository/org/apache/yetus/audience-annotations/0.12.0/audience-annotations-0.12.0.jar:/home/runner/.m2/repository/org/xerial/snappy/snappy-java/1.1.10.8/snappy-java-1.1.10.8.jar:/home/runner/.m2/repository/org/apache/hadoop/hadoop-distcp/3.4.1/hadoop-distcp-3.4.1.jar:/home/runner/.m2/repository/org/apache/hadoop/hadoop-distcp/3.4.1/hadoop-distcp-3.4.1-tests.jar:/home/runner/.m2/repository/org/apache/hadoop/hadoop-hdfs/3.4.1/hadoop-hdfs-3.4.1.jar:/home/runner/.m2/repository/org/eclipse/jetty/jetty-util-ajax/9.4.57.v20241219/jetty-util-ajax-9.4.57.v20241219.jar:/home/runner/.m2/repository/commons-daemon/commons-daemon/1.4.0/commons-daemon-1.4.0.jar:/home/runner/.m2/repository/org/apache/hadoop/hadoop-hdfs/3.4.1/hadoop-hdfs-3.4.1-tests.jar:/home/runner/.m2/repository/io/netty/netty-all/4.1.119.Final/netty-all-4.1.119.Final.jar:/home/runner/.m2/repository/io/netty/netty-codec-dns/4.1.119.Final/netty-codec-dns-4.1.119.Final.jar:/home/runner/.m2/repository/io/netty/netty-codec-haproxy/4.1.119.Final/netty-codec-haproxy-4.1.119.Final.jar:/home/runner/.m2/repository/io/netty/netty-codec-http/4.1.119.Final/netty-codec-http-4.1.119.Final.jar:/home/runner/.m2/repository/io/netty/netty-codec-memcache/4.1.119.Final/netty-codec-memcache-4.1.119.Final.jar:/home/runner/.m2/repository/io/netty/netty-codec-mqtt/4.1.119.Final/netty-codec-mqtt-4.1.119.Final.jar:/home/runner/.m2/repository/io/netty/netty-codec-redis/4.1.119.Final/netty-codec-redis-4.1.119.Final.jar:/home/runner/.m2/repository/io/netty/netty-codec-smtp/4.1.119.Final/netty-codec-smtp-4.1.119.Final.jar:/home/runner/.m2/repository/io/netty/netty-codec-socks/4.1.119.Final/netty-codec-socks-4.1.119.Final.jar:/home/runner/.m2/repository/io/netty/netty-codec-stomp/4.1.119.Final/netty-codec-stomp-4.1.119.Final.jar:/home/runner/.m2/repository/io/netty/netty-codec-xml/4.1.119.Final/netty-codec-xml-4.1.119.Final.jar:/home/runner/.m2/repository/io/netty/netty-handler-ssl-ocsp/4.1.119.Final/netty-handler-ssl-ocsp-4.1.119.Final.jar:/home/runner/.m2/repository/io/netty/netty-resolver-dns/4.1.119.Final/netty-resolver-dns-4.1.119.Final.jar:/home/runner/.m2/repository/io/netty/netty-transport-rxtx/4.1.119.Final/netty-transport-rxtx-4.1.119.Final.jar:/home/runner/.m2/repository/io/netty/netty-transport-sctp/4.1.119.Final/netty-transport-sctp-4.1.119.Final.jar:/home/runner/.m2/repository/io/netty/netty-transport-udt/4.1.119.Final/netty-transport-udt-4.1.119.Final.jar:/home/runner/.m2/repository/io/netty/netty-transport-classes-kqueue/4.1.119.Final/netty-transport-classes-kqueue-4.1.119.Final.jar:/home/runner/.m2/repository/io/netty/netty-resolver-dns-classes-macos/4.1.119.Final/netty-resolver-dns-classes-macos-4.1.119.Final.jar:/home/runner/.m2/repository/io/netty/netty-transport-native-epoll/4.1.119.Final/netty-transport-native-epoll-4.1.119.Final-linux-aarch_64.jar:/home/runner/.m2/repository/io/netty/netty-transport-native-epoll/4.1.119.Final/netty-transport-native-epoll-4.1.119.Final-linux-riscv64.jar:/home/runner/.m2/repository/io/netty/netty-transport-native-kqueue/4.1.119.Final/netty-transport-native-kqueue-4.1.119.Final-osx-x86_64.jar:/home/runner/.m2/repository/io/netty/netty-transport-native-kqueue/4.1.119.Final/netty-transport-native-kqueue-4.1.119.Final-osx-aarch_64.jar:/home/runner/.m2/repository/io/netty/netty-resolver-dns-native-macos/4.1.119.Final/netty-resolver-dns-native-macos-4.1.119.Final-osx-x86_64.jar:/home/runner/.m2/repository/io/netty/netty-resolver-dns-native-macos/4.1.119.Final/netty-resolver-dns-native-macos-4.1.119.Final-osx-aarch_64.jar:/home/runner/.m2/repository/org/fusesource/leveldbjni/leveldbjni-all/1.8/leveldbjni-all-1.8.jar:/home/runner/.m2/repository/org/apache/hadoop/hadoop-hdfs-client/3.4.1/hadoop-hdfs-client-3.4.1.jar:/home/runner/.m2/repository/org/apache/hadoop/hadoop-kms/3.4.1/hadoop-kms-3.4.1.jar:/home/runner/.m2/repository/org/apache/hadoop/hadoop-kms/3.4.1/hadoop-kms-3.4.1-tests.jar:/home/runner/.m2/repository/org/apache/hadoop/hadoop-mapreduce-client-core/3.4.1/hadoop-mapreduce-client-core-3.4.1.jar:/home/runner/.m2/repository/org/apache/hadoop/hadoop-yarn-client/3.4.1/hadoop-yarn-client-3.4.1.jar:/home/runner/.m2/repository/org/eclipse/jetty/websocket/websocket-client/9.4.53.v20231009/websocket-client-9.4.53.v20231009.jar:/home/runner/.m2/repository/org/eclipse/jetty/jetty-client/9.4.57.v20241219/jetty-client-9.4.57.v20241219.jar:/home/runner/.m2/repository/org/eclipse/jetty/websocket/websocket-common/9.4.53.v20231009/websocket-common-9.4.53.v20231009.jar:/home/runner/.m2/repository/org/eclipse/jetty/websocket/websocket-api/9.4.53.v20231009/websocket-api-9.4.53.v20231009.jar:/home/runner/.m2/repository/org/apache/hadoop/hadoop-yarn-api/3.4.1/hadoop-yarn-api-3.4.1.jar:/home/runner/.m2/repository/org/apache/hadoop/hadoop-yarn-common/3.4.1/hadoop-yarn-common-3.4.1.jar:/home/runner/.m2/repository/javax/xml/bind/jaxb-api/2.2.11/jaxb-api-2.2.11.jar:/home/runner/.m2/repository/com/sun/jersey/contribs/jersey-guice/1.19.4/jersey-guice-1.19.4.jar:/home/runner/.m2/repository/com/fasterxml/jackson/module/jackson-module-jaxb-annotations/2.16.2/jackson-module-jaxb-annotations-2.16.2.jar:/home/runner/.m2/repository/com/fasterxml/jackson/jaxrs/jackson-jaxrs-json-provider/2.16.2/jackson-jaxrs-json-provider-2.16.2.jar:/home/runner/.m2/repository/com/google/inject/extensions/guice-servlet/6.0.0/guice-servlet-6.0.0.jar:/home/runner/.m2/repository/org/apache/hadoop/hadoop-mapreduce-client-jobclient/3.4.1/hadoop-mapreduce-client-jobclient-3.4.1.jar:/home/runner/.m2/repository/org/apache/hadoop/hadoop-mapreduce-client-common/3.4.1/hadoop-mapreduce-client-common-3.4.1.jar:/home/runner/.m2/repository/org/apache/hadoop/hadoop-minikdc/3.4.1/hadoop-minikdc-3.4.1.jar:/home/runner/.m2/repository/org/apache/kerby/kerb-simplekdc/2.0.3/kerb-simplekdc-2.0.3.jar:/home/runner/.m2/repository/org/apache/kerby/kerb-client/2.0.3/kerb-client-2.0.3.jar:/home/runner/.m2/repository/org/apache/kerby/kerb-common/2.0.3/kerb-common-2.0.3.jar:/home/runner/.m2/repository/org/apache/kerby/token-provider/2.0.3/token-provider-2.0.3.jar:/home/runner/.m2/repository/org/apache/kerby/kerb-admin/2.0.3/kerb-admin-2.0.3.jar:/home/runner/.m2/repository/org/apache/kerby/kerb-server/2.0.3/kerb-server-2.0.3.jar:/home/runner/.m2/repository/org/apache/kerby/kerb-identity/2.0.3/kerb-identity-2.0.3.jar:/home/runner/.m2/repository/org/apache/kerby/kerby-xdr/2.0.3/kerby-xdr-2.0.3.jar:/home/runner/.m2/repository/junit/junit/4.13.2/junit-4.13.2.jar:/home/runner/.m2/repository/org/hamcrest/hamcrest-core/1.3/hamcrest-core-1.3.jar:/home/runner/.m2/repository/org/apache/httpcomponents/httpclient/4.5.14/httpclient-4.5.14.jar:/home/runner/.m2/repository/org/apache/httpcomponents/httpcore/4.4.16/httpcore-4.4.16.jar:/home/runner/.m2/repository/org/apache/kerby/kerby-util/1.0.1/kerby-util-1.0.1.jar:/home/runner/work/ozone/ozone/hadoop-hdds/client/target/hdds-client-2.1.0-SNAPSHOT.jar:/home/runner/.m2/repository/io/opentracing/opentracing-api/0.33.0/opentracing-api-0.33.0.jar:/home/runner/.m2/repository/io/opentracing/opentracing-util/0.33.0/opentracing-util-0.33.0.jar:/home/runner/.m2/repository/io/opentracing/opentracing-noop/0.33.0/opentracing-noop-0.33.0.jar:/home/runner/work/ozone/ozone/hadoop-hdds/erasurecode/target/hdds-erasurecode-2.1.0-SNAPSHOT.jar:/home/runner/work/ozone/ozone/hadoop-hdds/common/target/hdds-common-2.1.0-SNAPSHOT.jar:/home/runner/.m2/repository/com/fasterxml/jackson/datatype/jackson-datatype-jsr310/2.16.2/jackson-datatype-jsr310-2.16.2.jar:/home/runner/.m2/repository/io/jaegertracing/jaeger-core/1.8.1/jaeger-core-1.8.1.jar:/home/runner/.m2/repository/org/apache/ratis/ratis-netty/3.2.0/ratis-netty-3.2.0.jar:/home/runner/.m2/repository/org/yaml/snakeyaml/2.0/snakeyaml-2.0.jar:/home/runner/.m2/repository/io/jaegertracing/jaeger-client/1.8.1/jaeger-client-1.8.1.jar:/home/runner/.m2/repository/io/jaegertracing/jaeger-thrift/1.8.1/jaeger-thrift-1.8.1.jar:/home/runner/.m2/repository/org/apache/thrift/libthrift/0.15.0/libthrift-0.15.0.jar:/home/runner/.m2/repository/io/jaegertracing/jaeger-tracerresolver/1.8.1/jaeger-tracerresolver-1.8.1.jar:/home/runner/.m2/repository/io/opentracing/contrib/opentracing-tracerresolver/0.1.8/opentracing-tracerresolver-0.1.8.jar:/home/runner/.m2/repository/org/apache/ratis/ratis-metrics-dropwizard3/3.2.0/ratis-metrics-dropwizard3-3.2.0.jar:/home/runner/.m2/repository/org/slf4j/jcl-over-slf4j/2.0.17/jcl-over-slf4j-2.0.17.jar:/home/runner/work/ozone/ozone/hadoop-hdds/common/target/hdds-common-2.1.0-SNAPSHOT-tests.jar:/home/runner/work/ozone/ozone/hadoop-hdds/config/target/hdds-config-2.1.0-SNAPSHOT.jar:/home/runner/work/ozone/ozone/hadoop-hdds/container-service/target/hdds-container-service-2.1.0-SNAPSHOT.jar:/home/runner/.m2/repository/io/netty/netty-buffer/4.1.119.Final/netty-buffer-4.1.119.Final.jar:/home/runner/.m2/repository/io/netty/netty-codec/4.1.119.Final/netty-codec-4.1.119.Final.jar:/home/runner/.m2/repository/io/netty/netty-common/4.1.119.Final/netty-common-4.1.119.Final.jar:/home/runner/.m2/repository/io/netty/netty-transport/4.1.119.Final/netty-transport-4.1.119.Final.jar:/home/runner/.m2/repository/org/apache/logging/log4j/log4j-api/2.25.0/log4j-api-2.25.0.jar:/home/runner/.m2/repository/com/github/luben/zstd-jni/1.5.7-4/zstd-jni-1.5.7-4.jar:/home/runner/.m2/repository/log4j/apache-log4j-extras/1.2.17/apache-log4j-extras-1.2.17.jar:/home/runner/.m2/repository/org/glassfish/jaxb/jaxb-runtime/2.3.9/jaxb-runtime-2.3.9.jar:/home/runner/.m2/repository/org/glassfish/jaxb/txw2/2.3.9/txw2-2.3.9.jar:/home/runner/.m2/repository/com/sun/istack/istack-commons-runtime/3.0.12/istack-commons-runtime-3.0.12.jar:/home/runner/.m2/repository/com/sun/activation/jakarta.activation/1.2.2/jakarta.activation-1.2.2.jar:/home/runner/work/ozone/ozone/hadoop-hdds/container-service/target/hdds-container-service-2.1.0-SNAPSHOT-tests.jar:/home/runner/work/ozone/ozone/hadoop-hdds/interface-admin/target/hdds-interface-admin-2.1.0-SNAPSHOT.jar:/home/runner/work/ozone/ozone/hadoop-hdds/interface-client/target/hdds-interface-client-2.1.0-SNAPSHOT.jar:/home/runner/work/ozone/ozone/hadoop-hdds/interface-server/target/hdds-interface-server-2.1.0-SNAPSHOT.jar:/home/runner/work/ozone/ozone/hadoop-hdds/managed-rocksdb/target/hdds-managed-rocksdb-2.1.0-SNAPSHOT.jar:/home/runner/work/ozone/ozone/hadoop-hdds/rocks-native/target/hdds-rocks-native-2.1.0-SNAPSHOT.jar:/home/runner/work/ozone/ozone/hadoop-hdds/framework/target/hdds-server-framework-2.1.0-SNAPSHOT.jar:/home/runner/.m2/repository/com/github/jnr/jnr-constants/0.10.4/jnr-constants-0.10.4.jar:/home/runner/.m2/repository/com/github/jnr/jnr-posix/3.1.20/jnr-posix-3.1.20.jar:/home/runner/.m2/repository/com/github/jnr/jnr-ffi/2.2.17/jnr-ffi-2.2.17.jar:/home/runner/.m2/repository/com/github/jnr/jffi/1.3.13/jffi-1.3.13.jar:/home/runner/.m2/repository/com/github/jnr/jffi/1.3.13/jffi-1.3.13-native.jar:/home/runner/.m2/repository/org/ow2/asm/asm/9.7.1/asm-9.7.1.jar:/home/runner/.m2/repository/org/ow2/asm/asm-commons/9.7.1/asm-commons-9.7.1.jar:/home/runner/.m2/repository/org/ow2/asm/asm-analysis/9.7.1/asm-analysis-9.7.1.jar:/home/runner/.m2/repository/org/ow2/asm/asm-tree/9.7.1/asm-tree-9.7.1.jar:/home/runner/.m2/repository/org/ow2/asm/asm-util/9.7.1/asm-util-9.7.1.jar:/home/runner/.m2/repository/com/github/jnr/jnr-a64asm/1.0.0/jnr-a64asm-1.0.0.jar:/home/runner/.m2/repository/com/github/jnr/jnr-x86asm/1.0.2/jnr-x86asm-1.0.2.jar:/home/runner/.m2/repository/commons-fileupload/commons-fileupload/1.6.0/commons-fileupload-1.6.0.jar:/home/runner/.m2/repository/io/grpc/grpc-api/1.71.0/grpc-api-1.71.0.jar:/home/runner/.m2/repository/io/prometheus/simpleclient/0.16.0/simpleclient-0.16.0.jar:/home/runner/.m2/repository/io/prometheus/simpleclient_common/0.16.0/simpleclient_common-0.16.0.jar:/home/runner/.m2/repository/io/prometheus/simpleclient_dropwizard/0.16.0/simpleclient_dropwizard-0.16.0.jar:/home/runner/.m2/repository/jakarta/ws/rs/jakarta.ws.rs-api/2.1.6/jakarta.ws.rs-api-2.1.6.jar:/home/runner/.m2/repository/org/eclipse/jetty/jetty-http/9.4.57.v20241219/jetty-http-9.4.57.v20241219.jar:/home/runner/.m2/repository/org/glassfish/jersey/containers/jersey-container-servlet-core/2.47/jersey-container-servlet-core-2.47.jar:/home/runner/.m2/repository/org/glassfish/jersey/core/jersey-server/2.47/jersey-server-2.47.jar:/home/runner/.m2/repository/org/glassfish/jersey/core/jersey-client/2.47/jersey-client-2.47.jar:/home/runner/.m2/repository/com/lmax/disruptor/3.4.4/disruptor-3.4.4.jar:/home/runner/.m2/repository/org/apache/logging/log4j/log4j-core/2.25.0/log4j-core-2.25.0.jar:/home/runner/work/ozone/ozone/hadoop-hdds/framework/target/hdds-server-framework-2.1.0-SNAPSHOT-tests.jar:/home/runner/work/ozone/ozone/hadoop-hdds/server-scm/target/hdds-server-scm-2.1.0-SNAPSHOT.jar:/home/runner/work/ozone/ozone/hadoop-hdds/server-scm/target/hdds-server-scm-2.1.0-SNAPSHOT-tests.jar:/home/runner/work/ozone/ozone/hadoop-hdds/test-utils/target/hdds-test-utils-2.1.0-SNAPSHOT-tests.jar:/home/runner/work/ozone/ozone/hadoop-ozone/cli-admin/target/ozone-cli-admin-2.1.0-SNAPSHOT.jar:/home/runner/work/ozone/ozone/hadoop-ozone/cli-shell/target/ozone-cli-shell-2.1.0-SNAPSHOT.jar:/home/runner/.m2/repository/info/picocli/picocli-shell-jline3/4.7.7/picocli-shell-jline3-4.7.7.jar:/home/runner/.m2/repository/org/jline/jline/3.30.5/jline-3.30.5.jar:/home/runner/work/ozone/ozone/hadoop-ozone/client/target/ozone-client-2.1.0-SNAPSHOT.jar:/home/runner/work/ozone/ozone/hadoop-ozone/common/target/ozone-common-2.1.0-SNAPSHOT.jar:/home/runner/.m2/repository/io/grpc/grpc-netty/1.71.0/grpc-netty-1.71.0.jar:/home/runner/.m2/repository/org/codehaus/mojo/animal-sniffer-annotations/1.24/animal-sniffer-annotations-1.24.jar:/home/runner/.m2/repository/io/grpc/grpc-core/1.71.0/grpc-core-1.71.0.jar:/home/runner/.m2/repository/com/google/android/annotations/4.1.1.4/annotations-4.1.1.4.jar:/home/runner/.m2/repository/io/grpc/grpc-context/1.71.0/grpc-context-1.71.0.jar:/home/runner/.m2/repository/io/perfmark/perfmark-api/0.27.0/perfmark-api-0.27.0.jar:/home/runner/.m2/repository/io/grpc/grpc-util/1.71.0/grpc-util-1.71.0.jar:/home/runner/.m2/repository/io/netty/netty-codec-http2/4.1.119.Final/netty-codec-http2-4.1.119.Final.jar:/home/runner/.m2/repository/io/netty/netty-handler-proxy/4.1.119.Final/netty-handler-proxy-4.1.119.Final.jar:/home/runner/.m2/repository/io/netty/netty-tcnative-boringssl-static/2.0.70.Final/netty-tcnative-boringssl-static-2.0.70.Final.jar:/home/runner/.m2/repository/io/netty/netty-tcnative-classes/2.0.70.Final/netty-tcnative-classes-2.0.70.Final.jar:/home/runner/.m2/repository/io/netty/netty-tcnative-boringssl-static/2.0.70.Final/netty-tcnative-boringssl-static-2.0.70.Final-linux-x86_64.jar:/home/runner/.m2/repository/io/netty/netty-tcnative-boringssl-static/2.0.70.Final/netty-tcnative-boringssl-static-2.0.70.Final-linux-aarch_64.jar:/home/runner/.m2/repository/io/netty/netty-tcnative-boringssl-static/2.0.70.Final/netty-tcnative-boringssl-static-2.0.70.Final-osx-x86_64.jar:/home/runner/.m2/repository/io/netty/netty-tcnative-boringssl-static/2.0.70.Final/netty-tcnative-boringssl-static-2.0.70.Final-osx-aarch_64.jar:/home/runner/.m2/repository/io/netty/netty-tcnative-boringssl-static/2.0.70.Final/netty-tcnative-boringssl-static-2.0.70.Final-windows-x86_64.jar:/home/runner/work/ozone/ozone/hadoop-ozone/csi/target/ozone-csi-2.1.0-SNAPSHOT.jar:/home/runner/.m2/repository/io/grpc/grpc-protobuf/1.71.0/grpc-protobuf-1.71.0.jar:/home/runner/.m2/repository/com/google/api/grpc/proto-google-common-protos/2.51.0/proto-google-common-protos-2.51.0.jar:/home/runner/.m2/repository/io/grpc/grpc-protobuf-lite/1.71.0/grpc-protobuf-lite-1.71.0.jar:/home/runner/.m2/repository/io/grpc/grpc-stub/1.71.0/grpc-stub-1.71.0.jar:/home/runner/.m2/repository/io/netty/netty-transport-classes-epoll/4.1.119.Final/netty-transport-classes-epoll-4.1.119.Final.jar:/home/runner/.m2/repository/io/netty/netty-transport-native-unix-common/4.1.119.Final/netty-transport-native-unix-common-4.1.119.Final.jar:/home/runner/.m2/repository/io/netty/netty-transport-native-epoll/4.1.119.Final/netty-transport-native-epoll-4.1.119.Final-linux-x86_64.jar:/home/runner/work/ozone/ozone/hadoop-ozone/ozonefs/target/ozone-filesystem-2.1.0-SNAPSHOT.jar:/home/runner/work/ozone/ozone/hadoop-ozone/ozonefs-common/target/ozone-filesystem-common-2.1.0-SNAPSHOT.jar:/home/runner/work/ozone/ozone/hadoop-ozone/freon/target/ozone-freon-2.1.0-SNAPSHOT.jar:/home/runner/.m2/repository/com/amazonaws/aws-java-sdk-core/1.12.788/aws-java-sdk-core-1.12.788.jar:/home/runner/.m2/repository/com/fasterxml/jackson/dataformat/jackson-dataformat-cbor/2.16.2/jackson-dataformat-cbor-2.16.2.jar:/home/runner/.m2/repository/joda-time/joda-time/2.12.7/joda-time-2.12.7.jar:/home/runner/.m2/repository/com/amazonaws/aws-java-sdk-s3/1.12.788/aws-java-sdk-s3-1.12.788.jar:/home/runner/.m2/repository/com/amazonaws/aws-java-sdk-kms/1.12.788/aws-java-sdk-kms-1.12.788.jar:/home/runner/.m2/repository/com/amazonaws/jmespath-java/1.12.788/jmespath-java-1.12.788.jar:/home/runner/work/ozone/ozone/hadoop-ozone/interface-client/target/ozone-interface-client-2.1.0-SNAPSHOT.jar:/home/runner/work/ozone/ozone/hadoop-ozone/interface-storage/target/ozone-interface-storage-2.1.0-SNAPSHOT.jar:/home/runner/work/ozone/ozone/hadoop-ozone/ozone-manager/target/ozone-manager-2.1.0-SNAPSHOT.jar:/home/runner/.m2/repository/com/sun/jersey/jersey-client/1.19.4/jersey-client-1.19.4.jar:/home/runner/.m2/repository/org/apache/ranger/ranger-plugins-common/2.6.0/ranger-plugins-common-2.6.0.jar:/home/runner/.m2/repository/com/fasterxml/jackson/jaxrs/jackson-jaxrs-base/2.16.2/jackson-jaxrs-base-2.16.2.jar:/home/runner/.m2/repository/com/kstruct/gethostname4j/1.0.0/gethostname4j-1.0.0.jar:/home/runner/.m2/repository/commons-lang/commons-lang/2.6/commons-lang-2.6.jar:/home/runner/.m2/repository/net/java/dev/jna/jna/5.2.0/jna-5.2.0.jar:/home/runner/.m2/repository/net/java/dev/jna/jna-platform/5.2.0/jna-platform-5.2.0.jar:/home/runner/.m2/repository/org/apache/ranger/ranger-plugin-classloader/2.6.0/ranger-plugin-classloader-2.6.0.jar:/home/runner/.m2/repository/org/apache/ranger/ranger-plugins-audit/2.6.0/ranger-plugins-audit-2.6.0.jar:/home/runner/.m2/repository/com/amazonaws/aws-java-sdk-logs/1.12.765/aws-java-sdk-logs-1.12.765.jar:/home/runner/.m2/repository/com/carrotsearch/hppc/0.8.0/hppc-0.8.0.jar:/home/runner/.m2/repository/io/airlift/aircompressor/0.27/aircompressor-0.27.jar:/home/runner/.m2/repository/org/apache/httpcomponents/httpasyncclient/4.1.4/httpasyncclient-4.1.4.jar:/home/runner/.m2/repository/org/apache/httpcomponents/httpcore-nio/4.4.16/httpcore-nio-4.4.16.jar:/home/runner/.m2/repository/org/apache/httpcomponents/httpmime/4.5.13/httpmime-4.5.13.jar:/home/runner/.m2/repository/org/apache/orc/orc-core/1.5.8/orc-core-1.5.8.jar:/home/runner/.m2/repository/org/apache/orc/orc-shims/1.5.8/orc-shims-1.5.8.jar:/home/runner/.m2/repository/org/apache/ranger/ranger-plugins-cred/2.6.0/ranger-plugins-cred-2.6.0.jar:/home/runner/.m2/repository/org/aspectj/aspectjrt/1.9.7/aspectjrt-1.9.7.jar:/home/runner/work/ozone/ozone/hadoop-ozone/ozone-manager/target/ozone-manager-2.1.0-SNAPSHOT-tests.jar:/home/runner/work/ozone/ozone/hadoop-ozone/mini-cluster/target/ozone-mini-cluster-2.1.0-SNAPSHOT.jar:/home/runner/work/ozone/ozone/hadoop-ozone/recon/target/ozone-recon-2.1.0-SNAPSHOT.jar:/home/runner/.m2/repository/aopalliance/aopalliance/1.0/aopalliance-1.0.jar:/home/runner/.m2/repository/com/google/inject/guice/6.0.0/guice-6.0.0.jar:/home/runner/.m2/repository/jakarta/inject/jakarta.inject-api/2.0.1/jakarta.inject-api-2.0.1.jar:/home/runner/.m2/repository/com/jolbox/bonecp/0.8.0.RELEASE/bonecp-0.8.0.RELEASE.jar:/home/runner/.m2/repository/jakarta/validation/jakarta.validation-api/2.0.2/jakarta.validation-api-2.0.2.jar:/home/runner/.m2/repository/javax/annotation/javax.annotation-api/1.3.2/javax.annotation-api-1.3.2.jar:/home/runner/.m2/repository/javax/inject/javax.inject/1/javax.inject-1.jar:/home/runner/.m2/repository/org/apache/derby/derby/10.14.2.0/derby-10.14.2.0.jar:/home/runner/.m2/repository/org/glassfish/hk2/guice-bridge/2.6.1/guice-bridge-2.6.1.jar:/home/runner/.m2/repository/org/glassfish/hk2/hk2-api/2.6.1/hk2-api-2.6.1.jar:/home/runner/.m2/repository/org/glassfish/hk2/hk2-utils/2.6.1/hk2-utils-2.6.1.jar:/home/runner/.m2/repository/org/glassfish/hk2/external/aopalliance-repackaged/2.6.1/aopalliance-repackaged-2.6.1.jar:/home/runner/.m2/repository/org/glassfish/jersey/core/jersey-common/2.47/jersey-common-2.47.jar:/home/runner/.m2/repository/org/glassfish/hk2/osgi-resource-locator/1.0.3/osgi-resource-locator-1.0.3.jar:/home/runner/.m2/repository/org/jooq/jooq/3.11.10/jooq-3.11.10.jar:/home/runner/.m2/repository/org/springframework/spring-core/5.3.39/spring-core-5.3.39.jar:/home/runner/.m2/repository/org/springframework/spring-jdbc/5.3.39/spring-jdbc-5.3.39.jar:/home/runner/.m2/repository/org/springframework/spring-beans/5.3.39/spring-beans-5.3.39.jar:/home/runner/.m2/repository/org/springframework/spring-tx/5.3.39/spring-tx-5.3.39.jar:/home/runner/.m2/repository/org/xerial/sqlite-jdbc/3.50.3.0/sqlite-jdbc-3.50.3.0.jar:/home/runner/.m2/repository/com/google/inject/extensions/guice-assistedinject/6.0.0/guice-assistedinject-6.0.0.jar:/home/runner/.m2/repository/org/glassfish/hk2/external/jakarta.inject/2.6.1/jakarta.inject-2.6.1.jar:/home/runner/.m2/repository/org/glassfish/jersey/inject/jersey-hk2/2.47/jersey-hk2-2.47.jar:/home/runner/.m2/repository/org/glassfish/hk2/hk2-locator/2.6.1/hk2-locator-2.6.1.jar:/home/runner/.m2/repository/org/glassfish/jersey/media/jersey-media-jaxb/2.47/jersey-media-jaxb-2.47.jar:/home/runner/.m2/repository/org/glassfish/jersey/media/jersey-media-json-jackson/2.47/jersey-media-json-jackson-2.47.jar:/home/runner/.m2/repository/org/glassfish/jersey/ext/jersey-entity-filtering/2.47/jersey-entity-filtering-2.47.jar:/home/runner/work/ozone/ozone/hadoop-ozone/recon-codegen/target/ozone-reconcodegen-2.1.0-SNAPSHOT.jar:/home/runner/.m2/repository/org/jooq/jooq-codegen/3.11.10/jooq-codegen-3.11.10.jar:/home/runner/.m2/repository/org/jooq/jooq-meta/3.11.10/jooq-meta-3.11.10.jar:/home/runner/work/ozone/ozone/hadoop-ozone/s3gateway/target/ozone-s3gateway-2.1.0-SNAPSHOT.jar:/home/runner/work/ozone/ozone/hadoop-ozone/tools/target/ozone-tools-2.1.0-SNAPSHOT.jar:/home/runner/.m2/repository/com/github/vlsi/mxgraph/jgraphx/3.9.12/jgraphx-3.9.12.jar:/home/runner/.m2/repository/org/apache/ratis/ratis-shell/3.2.0/ratis-shell-3.2.0.jar:/home/runner/.m2/repository/org/apache/ratis/ratis-tools/3.2.0/ratis-tools-3.2.0.jar:/home/runner/.m2/repository/org/jgrapht/jgrapht-core/1.4.0/jgrapht-core-1.4.0.jar:/home/runner/.m2/repository/org/jheaps/jheaps/0.11/jheaps-0.11.jar:/home/runner/.m2/repository/org/jgrapht/jgrapht-ext/1.4.0/jgrapht-ext-1.4.0.jar:/home/runner/work/ozone/ozone/hadoop-hdds/rocksdb-checkpoint-differ/target/rocksdb-checkpoint-differ-2.1.0-SNAPSHOT.jar:/home/runner/.m2/repository/org/apache/ranger/ranger-intg/2.6.0/ranger-intg-2.6.0.jar:/home/runner/.m2/repository/org/apache/ratis/ratis-client/3.2.0/ratis-client-3.2.0.jar:/home/runner/.m2/repository/org/apache/ratis/ratis-common/3.2.0/ratis-common-3.2.0.jar:/home/runner/.m2/repository/org/apache/ratis/ratis-grpc/3.2.0/ratis-grpc-3.2.0.jar:/home/runner/.m2/repository/org/apache/ratis/ratis-metrics-api/3.2.0/ratis-metrics-api-3.2.0.jar:/home/runner/.m2/repository/org/apache/ratis/ratis-proto/3.2.0/ratis-proto-3.2.0.jar:/home/runner/.m2/repository/org/apache/ratis/ratis-server/3.2.0/ratis-server-3.2.0.jar:/home/runner/.m2/repository/org/apache/ratis/ratis-server-api/3.2.0/ratis-server-api-3.2.0.jar:/home/runner/.m2/repository/org/apache/ratis/ratis-thirdparty-misc/1.0.9/ratis-thirdparty-misc-1.0.9.jar:/home/runner/.m2/repository/org/bouncycastle/bcpkix-jdk18on/1.81/bcpkix-jdk18on-1.81.jar:/home/runner/.m2/repository/org/bouncycastle/bcutil-jdk18on/1.81/bcutil-jdk18on-1.81.jar:/home/runner/.m2/repository/org/hamcrest/hamcrest/2.2/hamcrest-2.2.jar:/home/runner/.m2/repository/org/reflections/reflections/0.10.2/reflections-0.10.2.jar:/home/runner/.m2/repository/org/javassist/javassist/3.30.2-GA/javassist-3.30.2-GA.jar:/home/runner/.m2/repository/org/rocksdb/rocksdbjni/7.7.3/rocksdbjni-7.7.3.jar:/home/runner/.m2/repository/org/slf4j/jul-to-slf4j/2.0.17/jul-to-slf4j-2.0.17.jar:/home/runner/.m2/repository/org/slf4j/slf4j-api/2.0.17/slf4j-api-2.0.17.jar:/home/runner/.m2/repository/org/assertj/assertj-core/3.27.4/assertj-core-3.27.4.jar:/home/runner/.m2/repository/net/bytebuddy/byte-buddy/1.15.11/byte-buddy-1.15.11.jar:/home/runner/.m2/repository/org/junit/jupiter/junit-jupiter-api/5.13.4/junit-jupiter-api-5.13.4.jar:/home/runner/.m2/repository/org/opentest4j/opentest4j/1.3.0/opentest4j-1.3.0.jar:/home/runner/.m2/repository/org/junit/platform/junit-platform-commons/1.13.4/junit-platform-commons-1.13.4.jar:/home/runner/.m2/repository/org/apiguardian/apiguardian-api/1.1.2/apiguardian-api-1.1.2.jar:/home/runner/.m2/repository/org/junit/jupiter/junit-jupiter-params/5.13.4/junit-jupiter-params-5.13.4.jar:/home/runner/.m2/repository/org/mockito/mockito-core/4.11.0/mockito-core-4.11.0.jar:/home/runner/.m2/repository/net/bytebuddy/byte-buddy-agent/1.12.19/byte-buddy-agent-1.12.19.jar:/home/runner/.m2/repository/org/objenesis/objenesis/3.3/objenesis-3.3.jar:/home/runner/.m2/repository/org/mockito/mockito-inline/4.11.0/mockito-inline-4.11.0.jar:/home/runner/.m2/repository/org/mockito/mockito-junit-jupiter/4.11.0/mockito-junit-jupiter-4.11.0.jar:/home/runner/work/ozone/ozone/hadoop-ozone/integration-test/target/gradle-enterprise/test-listeners.jar:"/>
    <property name="sun.cpu.endian" value="little"/>
    <property name="user.home" value="/home/runner"/>
    <property name="user.language" value="en"/>
    <property name="java.specification.vendor" value="Oracle Corporation"/>
    <property name="skipRecon" value="true"/>
    <property name="java.version.date" value="2025-07-15"/>
    <property name="java.home" value="/usr/lib/jvm/temurin-21-jdk-amd64"/>
    <property name="java.security.krb5.conf" value="/home/runner/work/ozone/ozone/hadoop-ozone/integration-test/target/test-classes/krb5.conf"/>
    <property name="file.separator" value="/"/>
    <property name="basedir" value="/home/runner/work/ozone/ozone/hadoop-ozone/integration-test"/>
    <property name="java.vm.compressedOopsMode" value="Zero based"/>
    <property name="line.separator" value="&#10;"/>
    <property name="java.vm.specification.vendor" value="Oracle Corporation"/>
    <property name="java.specification.name" value="Java Platform API Specification"/>
    <property name="surefire.real.class.path" value="/home/runner/work/ozone/ozone/hadoop-ozone/integration-test/target/surefire/surefirebooter-20250826225952032_127.jar"/>
    <property name="hadoop.log.dir" value="/home/runner/work/ozone/ozone/hadoop-ozone/integration-test/target/log"/>
    <property name="sun.management.compiler" value="HotSpot 64-Bit Tiered Compilers"/>
    <property name="skipShade" value="true"/>
    <property name="java.runtime.version" value="21.0.8+9-LTS"/>
    <property name="user.name" value="runner"/>
    <property name="java.net.preferIPv4Stack" value="true"/>
    <property name="stdout.encoding" value="UTF-8"/>
    <property name="path.separator" value=":"/>
    <property name="java.security.egd" value="file:///dev/urandom"/>
    <property name="os.version" value="6.11.0-1018-azure"/>
    <property name="java.runtime.name" value="OpenJDK Runtime Environment"/>
    <property name="com.gradle.maven.scan.extension.test.listener.junitplatform.NestedExecutionSafeDelegatingTestExecutionListener" value="5fb759d6"/>
    <property name="file.encoding" value="UTF-8"/>
    <property name="java.vm.name" value="OpenJDK 64-Bit Server VM"/>
    <property name="rocks_tools_native" value="true"/>
    <property name="java.vendor.version" value="Temurin-21.0.8+9"/>
    <property name="test.build.webapps" value=""/>
    <property name="develocity.listener.surefire.forkId" value="1"/>
    <property name="localRepository" value="/home/runner/.m2/repository"/>
    <property name="java.vendor.url.bug" value="https://github.com/adoptium/adoptium-support/issues"/>
    <property name="jetty.git.hash" value="df524e6b29271c2e09ba9aea83c18dc9db464a31"/>
    <property name="java.io.tmpdir" value="/tmp"/>
    <property name="require.test.libhadoop" value=""/>
    <property name="java.version" value="21.0.8"/>
    <property name="user.dir" value="/home/runner/work/ozone/ozone/hadoop-ozone/integration-test"/>
    <property name="os.arch" value="amd64"/>
    <property name="java.vm.specification.name" value="Java Virtual Machine Specification"/>
    <property name="test.build.classes" value="/home/runner/work/ozone/ozone/hadoop-ozone/integration-test/target/test-classes"/>
    <property name="org.apache.ratis.thirdparty.io.netty.allocator.useCacheForAllThreads" value="false"/>
    <property name="native.encoding" value="UTF-8"/>
    <property name="hadoop.tmp.dir" value="/home/runner/work/ozone/ozone/hadoop-ozone/integration-test/target/tmp"/>
    <property name="java.library.path" value="/usr/java/packages/lib:/usr/lib64:/lib64:/lib:/usr/lib"/>
    <property name="java.vm.info" value="mixed mode, sharing"/>
    <property name="stderr.encoding" value="UTF-8"/>
    <property name="java.vendor" value="Eclipse Adoptium"/>
    <property name="java.vm.version" value="21.0.8+9-LTS"/>
    <property name="sun.io.unicode.encoding" value="UnicodeLittle"/>
    <property name="develocity.listener.port" value="35375"/>
    <property name="java.class.version" value="65.0"/>
  </properties>
  <testcase name="testRatisSnapshotRetention" classname="org.apache.hadoop.ozone.client.rpc.TestContainerStateMachine" time="18.693">
    <failure message="expected: &lt;null&gt; but was: &lt;SingleFileSnapshotInfo(t:1, i:0):[/home/runner/work/ozone/ozone/hadoop-ozone/integration-test/target/test-dir/MiniOzoneClusterImpl-e1e8c2db-2c44-4027-b96b-0776172acde5/ozone-metadata/datanode-1/ratis/d0bce937-a6c0-4593-8de7-78372b703613/sm/snapshot.1_0]&gt;" type="org.opentest4j.AssertionFailedError"><![CDATA[org.opentest4j.AssertionFailedError: expected: <null> but was: <SingleFileSnapshotInfo(t:1, i:0):[/home/runner/work/ozone/ozone/hadoop-ozone/integration-test/target/test-dir/MiniOzoneClusterImpl-e1e8c2db-2c44-4027-b96b-0776172acde5/ozone-metadata/datanode-1/ratis/d0bce937-a6c0-4593-8de7-78372b703613/sm/snapshot.1_0]>
	at org.junit.jupiter.api.AssertionFailureBuilder.build(AssertionFailureBuilder.java:151)
	at org.junit.jupiter.api.AssertionFailureBuilder.buildAndThrow(AssertionFailureBuilder.java:132)
	at org.junit.jupiter.api.AssertNull.failNotNull(AssertNull.java:50)
	at org.junit.jupiter.api.AssertNull.assertNull(AssertNull.java:35)
	at org.junit.jupiter.api.AssertNull.assertNull(AssertNull.java:30)
	at org.junit.jupiter.api.Assertions.assertNull(Assertions.java:279)
	at org.apache.hadoop.ozone.client.rpc.TestContainerStateMachine.testRatisSnapshotRetention(TestContainerStateMachine.java:181)
	at java.base/java.lang.reflect.Method.invoke(Method.java:580)
	at java.base/java.util.concurrent.ForkJoinTask.doExec(ForkJoinTask.java:387)
	at java.base/java.util.concurrent.ForkJoinPool$WorkQueue.topLevelExec(ForkJoinPool.java:1312)
	at java.base/java.util.concurrent.ForkJoinPool.scan(ForkJoinPool.java:1843)
	at java.base/java.util.concurrent.ForkJoinPool.runWorker(ForkJoinPool.java:1808)
	at java.base/java.util.concurrent.ForkJoinWorkerThread.run(ForkJoinWorkerThread.java:188)
]]></failure>
    <system-out><![CDATA[2025-08-26 22:59:53,652 [ForkJoinPool-1-worker-1] INFO  audit.AuditLogger (AuditLogger.java:refreshDebugCmdSet(133)) - Refresh DebugCmdSet for OMAudit to [].
2025-08-26 22:59:53,675 [ForkJoinPool-1-worker-1] INFO  audit.AuditLogger (AuditLogger.java:refreshDebugCmdSet(133)) - Refresh DebugCmdSet for OMSystemAudit to [].
2025-08-26 22:59:54,770 [ForkJoinPool-1-worker-1] INFO  utils.SelfSignedCertificate (SelfSignedCertificate.java:generateCertificate(156)) - Certificate 1 is issued by SERIALNUMBER=1, O=cluster1, OU=scm1, CN=rootCA@localhost to SERIALNUMBER=1, O=cluster1, OU=scm1, CN=rootCA@localhost, valid from Tue Aug 26 22:59:54 UTC 2025 to Fri Oct 04 22:59:54 UTC 2030
2025-08-26 22:59:54,799 [ForkJoinPool-1-worker-1] INFO  authority.DefaultApprover (DefaultApprover.java:sign(171)) - Extensions in CSR: 2.5.29.15
2025-08-26 22:59:54,801 [ForkJoinPool-1-worker-1] INFO  authority.DefaultApprover (DefaultApprover.java:sign(175)) - Extensions to add to the certificate if they present in CSR: 2.5.29.15, 2.5.29.17, 2.5.29.35, 2.5.29.37, 1.3.6.1.5.5.7.1.12
2025-08-26 22:59:55,065 [ForkJoinPool-1-worker-1] INFO  reflections.Reflections (Reflections.java:scan(219)) - Reflections took 193 ms to scan 7 urls, producing 168 keys and 381 values
2025-08-26 22:59:55,190 [ForkJoinPool-1-worker-1] INFO  ha.SCMHANodeDetails (SCMHANodeDetails.java:loadSCMHAConfig(162)) - ServiceID for StorageContainerManager is null
2025-08-26 22:59:55,190 [ForkJoinPool-1-worker-1] INFO  ha.SCMHANodeDetails (SCMHANodeDetails.java:loadSCMHAConfig(166)) - ozone.scm.default.service.id is not defined, falling back to ozone.scm.service.ids to find serviceID for StorageContainerManager if it is HA enabled cluster
2025-08-26 22:59:55,329 [ForkJoinPool-1-worker-1] INFO  server.RaftServerConfigKeys (ConfUtils.java:logGet(62)) - raft.server.log.appender.buffer.byte-limit = 4194304 (custom)
2025-08-26 22:59:55,349 [ForkJoinPool-1-worker-1] INFO  server.RaftServer (ConfUtils.java:logGet(62)) - raft.rpc.type = GRPC (default)
2025-08-26 22:59:55,410 [ForkJoinPool-1-worker-1] INFO  grpc.GrpcConfigKeys (ConfUtils.java:logFallback(69)) - raft.grpc.admin.host = null (fallback to raft.grpc.server.host)
2025-08-26 22:59:55,411 [ForkJoinPool-1-worker-1] INFO  grpc.GrpcConfigKeys (ConfUtils.java:logFallback(69)) - raft.grpc.admin.port = 15004 (fallback to raft.grpc.server.port)
2025-08-26 22:59:55,412 [ForkJoinPool-1-worker-1] INFO  grpc.GrpcConfigKeys (ConfUtils.java:logFallback(69)) - raft.grpc.client.host = null (fallback to raft.grpc.server.host)
2025-08-26 22:59:55,412 [ForkJoinPool-1-worker-1] INFO  grpc.GrpcConfigKeys (ConfUtils.java:logFallback(69)) - raft.grpc.client.port = 15004 (fallback to raft.grpc.server.port)
2025-08-26 22:59:55,412 [ForkJoinPool-1-worker-1] INFO  grpc.GrpcConfigKeys (ConfUtils.java:logGet(62)) - raft.grpc.server.port = 15004 (custom)
2025-08-26 22:59:55,415 [ForkJoinPool-1-worker-1] INFO  server.GrpcServicesImpl (ConfUtils.java:logGet(62)) - raft.grpc.message.size.max = 5242880 (custom)
2025-08-26 22:59:55,416 [ForkJoinPool-1-worker-1] INFO  server.GrpcServicesImpl (ConfUtils.java:logGet(62)) - raft.grpc.flow.control.window = 1MB (=1048576) (default)
2025-08-26 22:59:55,416 [ForkJoinPool-1-worker-1] INFO  server.RaftServerConfigKeys (ConfUtils.java:logGet(62)) - raft.server.rpc.request.timeout = 30000ms (custom)
2025-08-26 22:59:55,421 [ForkJoinPool-1-worker-1] INFO  grpc.GrpcConfigKeys (ConfUtils.java:logGet(62)) - raft.grpc.server.heartbeat.channel = true (default)
2025-08-26 22:59:55,421 [ForkJoinPool-1-worker-1] INFO  server.RaftServerConfigKeys (ConfUtils.java:logGet(62)) - raft.server.log.appender.buffer.byte-limit = 4194304 (custom)
2025-08-26 22:59:55,425 [ForkJoinPool-1-worker-1] INFO  grpc.GrpcConfigKeys (ConfUtils.java:logGet(62)) - raft.grpc.server.async.request.thread.pool.cached = true (default)
2025-08-26 22:59:55,426 [ForkJoinPool-1-worker-1] INFO  grpc.GrpcConfigKeys (ConfUtils.java:logGet(62)) - raft.grpc.server.async.request.thread.pool.size = 32 (default)
2025-08-26 22:59:55,616 [ForkJoinPool-1-worker-1] INFO  impl.DataStreamServerImpl (ConfUtils.java:logGet(62)) - raft.datastream.type = DISABLED (default)
2025-08-26 22:59:55,621 [ForkJoinPool-1-worker-1] INFO  server.RaftServerConfigKeys (ConfUtils.java:logGet(62)) - raft.server.sleep.deviation.threshold = 300ms (default)
2025-08-26 22:59:55,621 [ForkJoinPool-1-worker-1] INFO  server.RaftServerConfigKeys (ConfUtils.java:logGet(62)) - raft.server.close.threshold = 60s (default)
2025-08-26 22:59:55,621 [ForkJoinPool-1-worker-1] INFO  server.RaftServerConfigKeys (ConfUtils.java:logGet(62)) - raft.server.leaderelection.leader.step-down.wait-time = 10s (default)
2025-08-26 22:59:55,629 [ForkJoinPool-1-worker-1] INFO  server.RaftServerConfigKeys (ConfUtils.java:logGet(62)) - raft.server.storage.dir = [/home/runner/work/ozone/ozone/hadoop-ozone/integration-test/target/test-dir/MiniOzoneClusterImpl-e1e8c2db-2c44-4027-b96b-0776172acde5/scm/ratis] (custom)
2025-08-26 22:59:55,630 [ForkJoinPool-1-worker-1] INFO  server.RaftServerConfigKeys (ConfUtils.java:logGet(62)) - raft.server.threadpool.proxy.cached = true (default)
2025-08-26 22:59:55,633 [ForkJoinPool-1-worker-1] INFO  server.RaftServerConfigKeys (ConfUtils.java:logGet(62)) - raft.server.threadpool.proxy.size = 0 (default)
2025-08-26 22:59:55,642 [ForkJoinPool-1-worker-1] INFO  server.RaftServer (RaftServerProxy.java:addNew(105)) - 4e46457f-d5b5-434d-8287-a8df99f47ca3: addNew group-0776172ACDE5:[4e46457f-d5b5-434d-8287-a8df99f47ca3|localhost:15004] returns group-0776172ACDE5:java.util.concurrent.CompletableFuture@49f7e6f5[Not completed]
2025-08-26 22:59:55,658 [4e46457f-d5b5-434d-8287-a8df99f47ca3-groupManagement] INFO  server.RaftServer$Division (RaftServerImpl.java:<init>(268)) - 4e46457f-d5b5-434d-8287-a8df99f47ca3: new RaftServerImpl for group-0776172ACDE5:[4e46457f-d5b5-434d-8287-a8df99f47ca3|localhost:15004] with SCMStateMachine:uninitialized
2025-08-26 22:59:55,660 [4e46457f-d5b5-434d-8287-a8df99f47ca3-groupManagement] INFO  server.RaftServerConfigKeys (ConfUtils.java:logGet(62)) - raft.server.rpc.timeout.min = 5000ms (custom)
2025-08-26 22:59:55,660 [4e46457f-d5b5-434d-8287-a8df99f47ca3-groupManagement] INFO  server.RaftServerConfigKeys (ConfUtils.java:logGet(62)) - raft.server.rpc.timeout.max = 5200ms (custom)
2025-08-26 22:59:55,660 [4e46457f-d5b5-434d-8287-a8df99f47ca3-groupManagement] INFO  server.RaftServerConfigKeys (ConfUtils.java:logGet(62)) - raft.server.rpc.sleep.time = 25ms (default)
2025-08-26 22:59:55,661 [4e46457f-d5b5-434d-8287-a8df99f47ca3-groupManagement] INFO  server.RaftServerConfigKeys (ConfUtils.java:logGet(62)) - raft.server.rpc.slowness.timeout = 120000ms (custom)
2025-08-26 22:59:55,661 [4e46457f-d5b5-434d-8287-a8df99f47ca3-groupManagement] INFO  server.RaftServerConfigKeys (ConfUtils.java:logGet(62)) - raft.server.leaderelection.member.majority-add = false (default)
2025-08-26 22:59:55,667 [4e46457f-d5b5-434d-8287-a8df99f47ca3-groupManagement] INFO  server.RaftServer$Division (ServerState.java:<init>(114)) - 4e46457f-d5b5-434d-8287-a8df99f47ca3@group-0776172ACDE5: ConfigurationManager, init=conf: {index: -1, cur=peers:[4e46457f-d5b5-434d-8287-a8df99f47ca3|localhost:15004]|listeners:[], old=null}, confs=<EMPTY_MAP>
2025-08-26 22:59:55,671 [4e46457f-d5b5-434d-8287-a8df99f47ca3-groupManagement] INFO  server.RaftServerConfigKeys (ConfUtils.java:logGet(62)) - raft.server.notification.no-leader.timeout = 60s (default)
2025-08-26 22:59:55,674 [4e46457f-d5b5-434d-8287-a8df99f47ca3-groupManagement] INFO  server.RaftServerConfigKeys (ConfUtils.java:logGet(62)) - raft.server.read.timeout = 10s (default)
2025-08-26 22:59:55,677 [4e46457f-d5b5-434d-8287-a8df99f47ca3-groupManagement] INFO  server.RaftServerConfigKeys (ConfUtils.java:logGet(62)) - raft.server.retrycache.expirytime = 60000ms (default)
2025-08-26 22:59:55,677 [4e46457f-d5b5-434d-8287-a8df99f47ca3-groupManagement] INFO  server.RaftServerConfigKeys (ConfUtils.java:logGet(62)) - raft.server.retrycache.statistics.expirytime = 100ms (default)
2025-08-26 22:59:55,694 [4e46457f-d5b5-434d-8287-a8df99f47ca3-groupManagement] INFO  server.RaftServerConfigKeys (ConfUtils.java:logGet(62)) - raft.server.read.option = DEFAULT (default)
2025-08-26 22:59:55,695 [4e46457f-d5b5-434d-8287-a8df99f47ca3-groupManagement] INFO  server.RaftServerConfigKeys (ConfUtils.java:logGet(62)) - raft.server.read.read-after-write-consistent.write-index-cache.expiry-time = 60s (default)
2025-08-26 22:59:55,813 [4e46457f-d5b5-434d-8287-a8df99f47ca3-groupManagement] INFO  server.RaftServerConfigKeys (ConfUtils.java:logGet(62)) - raft.server.log.appender.install.snapshot.enabled = false (custom)
2025-08-26 22:59:55,814 [4e46457f-d5b5-434d-8287-a8df99f47ca3-groupManagement] INFO  server.RaftServerConfigKeys (ConfUtils.java:logGet(62)) - raft.server.threadpool.server.cached = true (default)
2025-08-26 22:59:55,814 [4e46457f-d5b5-434d-8287-a8df99f47ca3-groupManagement] INFO  server.RaftServerConfigKeys (ConfUtils.java:logGet(62)) - raft.server.threadpool.server.size = 0 (default)
2025-08-26 22:59:55,814 [4e46457f-d5b5-434d-8287-a8df99f47ca3-groupManagement] INFO  server.RaftServerConfigKeys (ConfUtils.java:logGet(62)) - raft.server.threadpool.client.cached = true (default)
2025-08-26 22:59:55,815 [4e46457f-d5b5-434d-8287-a8df99f47ca3-groupManagement] INFO  server.RaftServerConfigKeys (ConfUtils.java:logGet(62)) - raft.server.threadpool.client.size = 0 (default)
2025-08-26 22:59:55,816 [4e46457f-d5b5-434d-8287-a8df99f47ca3-impl-thread1] INFO  server.RaftServerConfigKeys (ConfUtils.java:logGet(62)) - raft.server.storage.free-space.min = 0MB (=0) (default)
2025-08-26 22:59:55,817 [4e46457f-d5b5-434d-8287-a8df99f47ca3-impl-thread1] INFO  server.RaftServerConfigKeys (ConfUtils.java:logGet(62)) - raft.server.log.corruption.policy = EXCEPTION (default)
2025-08-26 22:59:55,822 [4e46457f-d5b5-434d-8287-a8df99f47ca3-impl-thread1] INFO  storage.RaftStorageDirectory (RaftStorageDirectoryImpl.java:analyzeStorage(138)) - The storage directory /home/runner/work/ozone/ozone/hadoop-ozone/integration-test/target/test-dir/MiniOzoneClusterImpl-e1e8c2db-2c44-4027-b96b-0776172acde5/scm/ratis/e1e8c2db-2c44-4027-b96b-0776172acde5 does not exist. Creating ...
2025-08-26 22:59:55,825 [4e46457f-d5b5-434d-8287-a8df99f47ca3-impl-thread1] INFO  storage.RaftStorageDirectory (RaftStorageDirectoryImpl.java:tryLock(229)) - Lock on /home/runner/work/ozone/ozone/hadoop-ozone/integration-test/target/test-dir/MiniOzoneClusterImpl-e1e8c2db-2c44-4027-b96b-0776172acde5/scm/ratis/e1e8c2db-2c44-4027-b96b-0776172acde5/in_use.lock acquired by nodename 9091@localhost
2025-08-26 22:59:55,828 [4e46457f-d5b5-434d-8287-a8df99f47ca3-impl-thread1] INFO  storage.RaftStorage (RaftStorageImpl.java:format(98)) - Storage directory /home/runner/work/ozone/ozone/hadoop-ozone/integration-test/target/test-dir/MiniOzoneClusterImpl-e1e8c2db-2c44-4027-b96b-0776172acde5/scm/ratis/e1e8c2db-2c44-4027-b96b-0776172acde5 has been successfully formatted.
2025-08-26 22:59:55,830 [4e46457f-d5b5-434d-8287-a8df99f47ca3-impl-thread1] INFO  ha.SCMStateMachine (SCMStateMachine.java:lambda$initialize$0(135)) - 4e46457f-d5b5-434d-8287-a8df99f47ca3: initialize group-0776172ACDE5
2025-08-26 22:59:55,831 [4e46457f-d5b5-434d-8287-a8df99f47ca3-impl-thread1] INFO  server.RaftServerConfigKeys (ConfUtils.java:logGet(62)) - raft.server.log.use.memory = false (default)
2025-08-26 22:59:55,838 [4e46457f-d5b5-434d-8287-a8df99f47ca3-impl-thread1] INFO  server.RaftServerConfigKeys (ConfUtils.java:logGet(62)) - raft.server.log.purge.gap = 1000000 (custom)
2025-08-26 22:59:55,839 [4e46457f-d5b5-434d-8287-a8df99f47ca3-impl-thread1] INFO  server.RaftServerConfigKeys (ConfUtils.java:logGet(62)) - raft.server.log.appender.buffer.byte-limit = 4194304 (custom)
2025-08-26 22:59:55,840 [4e46457f-d5b5-434d-8287-a8df99f47ca3-impl-thread1] INFO  server.RaftServerConfigKeys (ConfUtils.java:logGet(62)) - raft.server.log.statemachine.data.read.timeout = 1000ms (default)
2025-08-26 22:59:55,841 [4e46457f-d5b5-434d-8287-a8df99f47ca3-impl-thread1] INFO  server.RaftServerConfigKeys (ConfUtils.java:logGet(62)) - raft.server.log.purge.preservation.log.num = 0 (default)
2025-08-26 22:59:55,844 [4e46457f-d5b5-434d-8287-a8df99f47ca3-impl-thread1] INFO  server.RaftServerConfigKeys (ConfUtils.java:logGet(62)) - raft.server.log.segment.size.max = 67108864 (custom)
2025-08-26 22:59:55,848 [4e46457f-d5b5-434d-8287-a8df99f47ca3-impl-thread1] INFO  server.RaftServerConfigKeys (ConfUtils.java:logGet(62)) - raft.server.log.segment.cache.num.max = 2 (custom)
2025-08-26 22:59:55,849 [4e46457f-d5b5-434d-8287-a8df99f47ca3-impl-thread1] INFO  server.RaftServerConfigKeys (ConfUtils.java:logGet(62)) - raft.server.log.segment.cache.size.max = 200MB (=209715200) (default)
2025-08-26 22:59:55,849 [4e46457f-d5b5-434d-8287-a8df99f47ca3-impl-thread1] INFO  server.RaftServerConfigKeys (ConfUtils.java:logGet(62)) - raft.server.log.appender.buffer.byte-limit = 4194304 (custom)
2025-08-26 22:59:55,851 [4e46457f-d5b5-434d-8287-a8df99f47ca3-impl-thread1] INFO  util.AwaitToRun (AwaitToRun.java:start(81)) - Thread[#41,4e46457f-d5b5-434d-8287-a8df99f47ca3@group-0776172ACDE5-cacheEviction-AwaitToRun,5,main] started
2025-08-26 22:59:55,855 [4e46457f-d5b5-434d-8287-a8df99f47ca3-impl-thread1] INFO  segmented.SegmentedRaftLogWorker (SegmentedRaftLogWorker.java:<init>(190)) - new 4e46457f-d5b5-434d-8287-a8df99f47ca3@group-0776172ACDE5-SegmentedRaftLogWorker for RaftStorageImpl:Storage Directory /home/runner/work/ozone/ozone/hadoop-ozone/integration-test/target/test-dir/MiniOzoneClusterImpl-e1e8c2db-2c44-4027-b96b-0776172acde5/scm/ratis/e1e8c2db-2c44-4027-b96b-0776172acde5
2025-08-26 22:59:55,855 [4e46457f-d5b5-434d-8287-a8df99f47ca3-impl-thread1] INFO  server.RaftServerConfigKeys (ConfUtils.java:logGet(62)) - raft.server.log.queue.byte-limit = 64MB (=67108864) (default)
2025-08-26 22:59:55,856 [4e46457f-d5b5-434d-8287-a8df99f47ca3-impl-thread1] INFO  server.RaftServerConfigKeys (ConfUtils.java:logGet(62)) - raft.server.log.queue.element-limit = 4096 (default)
2025-08-26 22:59:55,857 [4e46457f-d5b5-434d-8287-a8df99f47ca3-impl-thread1] INFO  server.RaftServerConfigKeys (ConfUtils.java:logGet(62)) - raft.server.log.segment.size.max = 67108864 (custom)
2025-08-26 22:59:55,858 [4e46457f-d5b5-434d-8287-a8df99f47ca3-impl-thread1] INFO  server.RaftServerConfigKeys (ConfUtils.java:logGet(62)) - raft.server.log.preallocated.size = 4194304 (custom)
2025-08-26 22:59:55,858 [4e46457f-d5b5-434d-8287-a8df99f47ca3-impl-thread1] INFO  server.RaftServerConfigKeys (ConfUtils.java:logGet(62)) - raft.server.log.force.sync.num = 128 (default)
2025-08-26 22:59:55,859 [4e46457f-d5b5-434d-8287-a8df99f47ca3-impl-thread1] INFO  server.RaftServerConfigKeys (ConfUtils.java:logGet(62)) - raft.server.log.statemachine.data.sync = true (default)
2025-08-26 22:59:55,859 [4e46457f-d5b5-434d-8287-a8df99f47ca3-impl-thread1] INFO  server.RaftServerConfigKeys (ConfUtils.java:logGet(62)) - raft.server.log.statemachine.data.sync.timeout = 10s (default)
2025-08-26 22:59:55,859 [4e46457f-d5b5-434d-8287-a8df99f47ca3-impl-thread1] INFO  server.RaftServerConfigKeys (ConfUtils.java:logGet(62)) - raft.server.log.statemachine.data.sync.timeout.retry = -1 (default)
2025-08-26 22:59:55,861 [4e46457f-d5b5-434d-8287-a8df99f47ca3-impl-thread1] INFO  server.RaftServerConfigKeys (ConfUtils.java:logGet(62)) - raft.server.log.write.buffer.size = 4194312 (custom)
2025-08-26 22:59:55,863 [4e46457f-d5b5-434d-8287-a8df99f47ca3-impl-thread1] INFO  server.RaftServerConfigKeys (ConfUtils.java:logGet(62)) - raft.server.log.appender.buffer.byte-limit = 4194304 (custom)
2025-08-26 22:59:55,865 [4e46457f-d5b5-434d-8287-a8df99f47ca3-impl-thread1] INFO  server.RaftServerConfigKeys (ConfUtils.java:logGet(62)) - raft.server.log.unsafe-flush.enabled = false (default)
2025-08-26 22:59:55,866 [4e46457f-d5b5-434d-8287-a8df99f47ca3-impl-thread1] INFO  server.RaftServerConfigKeys (ConfUtils.java:logGet(62)) - raft.server.log.async-flush.enabled = false (default)
2025-08-26 22:59:55,866 [4e46457f-d5b5-434d-8287-a8df99f47ca3-impl-thread1] INFO  server.RaftServerConfigKeys (ConfUtils.java:logGet(62)) - raft.server.log.statemachine.data.caching.enabled = false (default)
2025-08-26 22:59:55,873 [4e46457f-d5b5-434d-8287-a8df99f47ca3-impl-thread1] INFO  segmented.SegmentedRaftLogWorker (SegmentedRaftLogWorker.java:lambda$new$0(141)) - 4e46457f-d5b5-434d-8287-a8df99f47ca3@group-0776172ACDE5-SegmentedRaftLogWorker: flushIndex: setUnconditionally 0 -> -1
2025-08-26 22:59:55,874 [4e46457f-d5b5-434d-8287-a8df99f47ca3-impl-thread1] INFO  segmented.SegmentedRaftLogWorker (SegmentedRaftLogWorker.java:lambda$new$0(141)) - 4e46457f-d5b5-434d-8287-a8df99f47ca3@group-0776172ACDE5-SegmentedRaftLogWorker: safeCacheEvictIndex: setUnconditionally 0 -> -1
2025-08-26 22:59:55,876 [4e46457f-d5b5-434d-8287-a8df99f47ca3-impl-thread1] INFO  server.RaftServer$Division (RaftServerImpl.java:start(405)) - 4e46457f-d5b5-434d-8287-a8df99f47ca3@group-0776172ACDE5: start as a follower, conf=conf: {index: -1, cur=peers:[4e46457f-d5b5-434d-8287-a8df99f47ca3|localhost:15004]|listeners:[], old=null}
2025-08-26 22:59:55,876 [4e46457f-d5b5-434d-8287-a8df99f47ca3-impl-thread1] INFO  server.RaftServer$Division (RaftServerImpl.java:setRole(392)) - 4e46457f-d5b5-434d-8287-a8df99f47ca3@group-0776172ACDE5: changes role from      null to FOLLOWER at term 0 for startAsFollower
2025-08-26 22:59:55,878 [4e46457f-d5b5-434d-8287-a8df99f47ca3-impl-thread1] INFO  impl.RoleInfo (RoleInfo.java:updateAndGet(148)) - 4e46457f-d5b5-434d-8287-a8df99f47ca3: start 4e46457f-d5b5-434d-8287-a8df99f47ca3@group-0776172ACDE5-FollowerState
2025-08-26 22:59:55,879 [4e46457f-d5b5-434d-8287-a8df99f47ca3@group-0776172ACDE5-FollowerState] INFO  server.RaftServerConfigKeys (ConfUtils.java:logGet(62)) - raft.server.rpc.first-election.timeout.min = 1000ms (custom)
2025-08-26 22:59:55,881 [4e46457f-d5b5-434d-8287-a8df99f47ca3@group-0776172ACDE5-FollowerState] INFO  server.RaftServerConfigKeys (ConfUtils.java:logGet(62)) - raft.server.rpc.first-election.timeout.max = 1200ms (custom)
2025-08-26 22:59:55,881 [4e46457f-d5b5-434d-8287-a8df99f47ca3-impl-thread1] INFO  util.JmxRegister (JmxRegister.java:tryRegister(44)) - Successfully registered JMX Bean with object name Ratis:service=RaftServer,group=group-0776172ACDE5,id=4e46457f-d5b5-434d-8287-a8df99f47ca3
2025-08-26 22:59:55,882 [4e46457f-d5b5-434d-8287-a8df99f47ca3-impl-thread1] INFO  util.JmxRegister (JmxRegister.java:register(58)) - register mxBean class org.apache.ratis.server.impl.RaftServerJmxAdapter as Ratis:service=RaftServer,group=group-0776172ACDE5,id=4e46457f-d5b5-434d-8287-a8df99f47ca3
2025-08-26 22:59:55,883 [4e46457f-d5b5-434d-8287-a8df99f47ca3-impl-thread1] INFO  server.RaftServerConfigKeys (ConfUtils.java:logGet(62)) - raft.server.snapshot.trigger-when-stop.enabled = true (default)
2025-08-26 22:59:55,884 [4e46457f-d5b5-434d-8287-a8df99f47ca3-impl-thread1] INFO  server.RaftServerConfigKeys (ConfUtils.java:logGet(62)) - raft.server.snapshot.trigger-when-remove.enabled = true (default)
2025-08-26 22:59:55,885 [4e46457f-d5b5-434d-8287-a8df99f47ca3-impl-thread1] INFO  server.RaftServerConfigKeys (ConfUtils.java:logGet(62)) - raft.server.snapshot.auto.trigger.enabled = true (custom)
2025-08-26 22:59:55,886 [4e46457f-d5b5-434d-8287-a8df99f47ca3-impl-thread1] INFO  server.RaftServerConfigKeys (ConfUtils.java:logGet(62)) - raft.server.snapshot.auto.trigger.threshold = 1000 (custom)
2025-08-26 22:59:55,887 [4e46457f-d5b5-434d-8287-a8df99f47ca3-impl-thread1] INFO  server.RaftServerConfigKeys (ConfUtils.java:logGet(62)) - raft.server.snapshot.retention.file.num = -1 (default)
2025-08-26 22:59:55,889 [4e46457f-d5b5-434d-8287-a8df99f47ca3-impl-thread1] INFO  server.RaftServerConfigKeys (ConfUtils.java:logGet(62)) - raft.server.log.purge.upto.snapshot.index = false (default)
2025-08-26 22:59:55,894 [4e46457f-d5b5-434d-8287-a8df99f47ca3-impl-thread1] INFO  server.RaftServer$Division (RaftServerImpl.java:start(419)) - 4e46457f-d5b5-434d-8287-a8df99f47ca3@group-0776172ACDE5: Successfully started.
2025-08-26 22:59:55,895 [ForkJoinPool-1-worker-1] INFO  server.RaftServer (RaftServerProxy.java:startImpl(412)) - 4e46457f-d5b5-434d-8287-a8df99f47ca3: start RPC server
2025-08-26 22:59:55,941 [ForkJoinPool-1-worker-1] INFO  server.GrpcServicesImpl (GrpcServicesImpl.java:startImpl(346)) - 4e46457f-d5b5-434d-8287-a8df99f47ca3: GrpcServicesImpl started, listening on 15004
2025-08-26 22:59:55,945 [JvmPauseMonitor0] INFO  util.JvmPauseMonitor (JvmPauseMonitor.java:run(146)) - JvmPauseMonitor-4e46457f-d5b5-434d-8287-a8df99f47ca3: Started
2025-08-26 22:59:56,883 [4e46457f-d5b5-434d-8287-a8df99f47ca3@group-0776172ACDE5-FollowerState] INFO  impl.FollowerState (FollowerState.java:runImpl(161)) - 4e46457f-d5b5-434d-8287-a8df99f47ca3@group-0776172ACDE5-FollowerState: change to CANDIDATE, lastRpcElapsedTime:1006049070ns, electionTimeout:1001ms
2025-08-26 22:59:56,884 [4e46457f-d5b5-434d-8287-a8df99f47ca3@group-0776172ACDE5-FollowerState] INFO  impl.RoleInfo (RoleInfo.java:shutdownFollowerState(121)) - 4e46457f-d5b5-434d-8287-a8df99f47ca3: shutdown 4e46457f-d5b5-434d-8287-a8df99f47ca3@group-0776172ACDE5-FollowerState
2025-08-26 22:59:56,884 [4e46457f-d5b5-434d-8287-a8df99f47ca3@group-0776172ACDE5-FollowerState] INFO  server.RaftServer$Division (RaftServerImpl.java:setRole(392)) - 4e46457f-d5b5-434d-8287-a8df99f47ca3@group-0776172ACDE5: changes role from  FOLLOWER to CANDIDATE at term 0 for changeToCandidate
2025-08-26 22:59:56,887 [4e46457f-d5b5-434d-8287-a8df99f47ca3@group-0776172ACDE5-FollowerState] INFO  server.RaftServerConfigKeys (ConfUtils.java:logGet(62)) - raft.server.leaderelection.pre-vote = true (default)
2025-08-26 22:59:56,888 [4e46457f-d5b5-434d-8287-a8df99f47ca3@group-0776172ACDE5-FollowerState] INFO  impl.RoleInfo (RoleInfo.java:updateAndGet(148)) - 4e46457f-d5b5-434d-8287-a8df99f47ca3: start 4e46457f-d5b5-434d-8287-a8df99f47ca3@group-0776172ACDE5-LeaderElection1
2025-08-26 22:59:56,890 [4e46457f-d5b5-434d-8287-a8df99f47ca3@group-0776172ACDE5-LeaderElection1] INFO  impl.LeaderElection (LeaderElection.java:askForVotes(448)) - 4e46457f-d5b5-434d-8287-a8df99f47ca3@group-0776172ACDE5-LeaderElection1 PRE_VOTE round 0: submit vote requests at term 0 for conf: {index: -1, cur=peers:[4e46457f-d5b5-434d-8287-a8df99f47ca3|localhost:15004]|listeners:[], old=null}
2025-08-26 22:59:56,891 [4e46457f-d5b5-434d-8287-a8df99f47ca3@group-0776172ACDE5-LeaderElection1] INFO  impl.LeaderElection (LeaderElection.java:askForVotes(450)) - 4e46457f-d5b5-434d-8287-a8df99f47ca3@group-0776172ACDE5-LeaderElection1 PRE_VOTE round 0: result PASSED (term=0)
2025-08-26 22:59:56,894 [4e46457f-d5b5-434d-8287-a8df99f47ca3@group-0776172ACDE5-LeaderElection1] INFO  impl.LeaderElection (LeaderElection.java:askForVotes(448)) - 4e46457f-d5b5-434d-8287-a8df99f47ca3@group-0776172ACDE5-LeaderElection1 ELECTION round 0: submit vote requests at term 1 for conf: {index: -1, cur=peers:[4e46457f-d5b5-434d-8287-a8df99f47ca3|localhost:15004]|listeners:[], old=null}
2025-08-26 22:59:56,894 [4e46457f-d5b5-434d-8287-a8df99f47ca3@group-0776172ACDE5-LeaderElection1] INFO  impl.LeaderElection (LeaderElection.java:askForVotes(450)) - 4e46457f-d5b5-434d-8287-a8df99f47ca3@group-0776172ACDE5-LeaderElection1 ELECTION round 0: result PASSED (term=1)
2025-08-26 22:59:56,894 [4e46457f-d5b5-434d-8287-a8df99f47ca3@group-0776172ACDE5-LeaderElection1] INFO  impl.RoleInfo (RoleInfo.java:shutdownLeaderElection(141)) - 4e46457f-d5b5-434d-8287-a8df99f47ca3: shutdown 4e46457f-d5b5-434d-8287-a8df99f47ca3@group-0776172ACDE5-LeaderElection1
2025-08-26 22:59:56,894 [4e46457f-d5b5-434d-8287-a8df99f47ca3@group-0776172ACDE5-LeaderElection1] INFO  server.RaftServer$Division (RaftServerImpl.java:setRole(392)) - 4e46457f-d5b5-434d-8287-a8df99f47ca3@group-0776172ACDE5: changes role from CANDIDATE to LEADER at term 1 for changeToLeader
2025-08-26 22:59:56,899 [4e46457f-d5b5-434d-8287-a8df99f47ca3@group-0776172ACDE5-LeaderElection1] INFO  server.RaftServerConfigKeys (ConfUtils.java:logGet(62)) - raft.server.staging.catchup.gap = 1000 (default)
2025-08-26 22:59:56,899 [4e46457f-d5b5-434d-8287-a8df99f47ca3@group-0776172ACDE5-LeaderElection1] INFO  server.RaftServerConfigKeys (ConfUtils.java:logFallback(69)) - raft.server.staging.timeout = 15600ms (fallback to raft.server.rpc.timeout.max)
2025-08-26 22:59:56,902 [4e46457f-d5b5-434d-8287-a8df99f47ca3@group-0776172ACDE5-LeaderElection1] INFO  server.RaftServerConfigKeys (ConfUtils.java:logGet(62)) - raft.server.write.element-limit = 4096 (default)
2025-08-26 22:59:56,903 [4e46457f-d5b5-434d-8287-a8df99f47ca3@group-0776172ACDE5-LeaderElection1] INFO  server.RaftServerConfigKeys (ConfUtils.java:logGet(62)) - raft.server.write.byte-limit = 64MB (=67108864) (default)
2025-08-26 22:59:56,906 [4e46457f-d5b5-434d-8287-a8df99f47ca3@group-0776172ACDE5-LeaderElection1] INFO  server.RaftServerConfigKeys (ConfUtils.java:logGet(62)) - raft.server.watch.timeout = 10s (default)
2025-08-26 22:59:56,906 [4e46457f-d5b5-434d-8287-a8df99f47ca3@group-0776172ACDE5-LeaderElection1] INFO  server.RaftServerConfigKeys (ConfUtils.java:logGet(62)) - raft.server.watch.timeout.denomination = 1s (default)
2025-08-26 22:59:56,907 [4e46457f-d5b5-434d-8287-a8df99f47ca3@group-0776172ACDE5-LeaderElection1] INFO  server.RaftServerConfigKeys (ConfUtils.java:logGet(62)) - raft.server.watch.element-limit = 65536 (default)
2025-08-26 22:59:56,913 [4e46457f-d5b5-434d-8287-a8df99f47ca3@group-0776172ACDE5-LeaderElection1] INFO  server.RaftServerConfigKeys (ConfUtils.java:logGet(62)) - raft.server.read.leader.lease.enabled = false (default)
2025-08-26 22:59:56,915 [4e46457f-d5b5-434d-8287-a8df99f47ca3@group-0776172ACDE5-LeaderElection1] INFO  server.RaftServerConfigKeys (ConfUtils.java:logGet(62)) - raft.server.read.leader.lease.timeout.ratio = 0.9 (default)
2025-08-26 22:59:56,915 [4e46457f-d5b5-434d-8287-a8df99f47ca3@group-0776172ACDE5-LeaderElection1] INFO  server.RaftServerConfigKeys (ConfUtils.java:logGet(62)) - raft.server.log.log-metadata.enabled = false (custom)
2025-08-26 22:59:56,915 [4e46457f-d5b5-434d-8287-a8df99f47ca3@group-0776172ACDE5-LeaderElection1] INFO  server.RaftServerConfigKeys (ConfUtils.java:logGet(62)) - raft.server.write.follower.gap.ratio.max = -1.0 (default)
2025-08-26 22:59:56,917 [4e46457f-d5b5-434d-8287-a8df99f47ca3@group-0776172ACDE5-LeaderElection1] INFO  impl.RoleInfo (RoleInfo.java:updateAndGet(148)) - 4e46457f-d5b5-434d-8287-a8df99f47ca3: start 4e46457f-d5b5-434d-8287-a8df99f47ca3@group-0776172ACDE5-LeaderStateImpl
2025-08-26 22:59:56,918 [4e46457f-d5b5-434d-8287-a8df99f47ca3@group-0776172ACDE5-LeaderElection1] INFO  server.RaftServer$Division (RaftServerImpl.java:setFirstElection(576)) - 4e46457f-d5b5-434d-8287-a8df99f47ca3@group-0776172ACDE5: set firstElectionSinceStartup to false for becomeLeader
2025-08-26 22:59:56,918 [4e46457f-d5b5-434d-8287-a8df99f47ca3@group-0776172ACDE5-LeaderElection1] INFO  server.RaftServer$Division (ServerState.java:setLeader(272)) - 4e46457f-d5b5-434d-8287-a8df99f47ca3@group-0776172ACDE5: change Leader from null to 4e46457f-d5b5-434d-8287-a8df99f47ca3 at term 1 for becomeLeader, leader elected after 1246ms
2025-08-26 22:59:56,938 [4e46457f-d5b5-434d-8287-a8df99f47ca3@group-0776172ACDE5-LeaderElection1] INFO  segmented.SegmentedRaftLogWorker (SegmentedRaftLogWorker.java:startLogSegment(440)) - 4e46457f-d5b5-434d-8287-a8df99f47ca3@group-0776172ACDE5-SegmentedRaftLogWorker: Starting segment from index:0
2025-08-26 22:59:56,956 [4e46457f-d5b5-434d-8287-a8df99f47ca3@group-0776172ACDE5-LeaderElection1] INFO  server.RaftServer$Division (ServerState.java:setRaftConf(386)) - 4e46457f-d5b5-434d-8287-a8df99f47ca3@group-0776172ACDE5: set configuration conf: {index: 0, cur=peers:[4e46457f-d5b5-434d-8287-a8df99f47ca3|localhost:15004]|listeners:[], old=null}
2025-08-26 22:59:56,974 [4e46457f-d5b5-434d-8287-a8df99f47ca3@group-0776172ACDE5-SegmentedRaftLogWorker] INFO  segmented.BufferedWriteChannel (BufferedWriteChannel.java:open(61)) - open log_inprogress_0 at position 0
2025-08-26 22:59:56,983 [4e46457f-d5b5-434d-8287-a8df99f47ca3@group-0776172ACDE5-SegmentedRaftLogWorker] INFO  segmented.SegmentedRaftLogWorker (SegmentedRaftLogWorker.java:execute(647)) - 4e46457f-d5b5-434d-8287-a8df99f47ca3@group-0776172ACDE5-SegmentedRaftLogWorker: created new log segment /home/runner/work/ozone/ozone/hadoop-ozone/integration-test/target/test-dir/MiniOzoneClusterImpl-e1e8c2db-2c44-4027-b96b-0776172acde5/scm/ratis/e1e8c2db-2c44-4027-b96b-0776172acde5/current/log_inprogress_0
2025-08-26 22:59:57,002 [4e46457f-d5b5-434d-8287-a8df99f47ca3@group-0776172ACDE5-StateMachineUpdater] INFO  server.RaftServer$Division (LeaderStateImpl.java:checkStartIndex(309)) - Leader 4e46457f-d5b5-434d-8287-a8df99f47ca3@group-0776172ACDE5-LeaderStateImpl is ready since appliedIndex == startIndex == 0
2025-08-26 22:59:57,945 [ForkJoinPool-1-worker-1] INFO  server.RaftServer (RaftServerProxy.java:lambda$close$9(422)) - 4e46457f-d5b5-434d-8287-a8df99f47ca3: close
2025-08-26 22:59:57,946 [4e46457f-d5b5-434d-8287-a8df99f47ca3-impl-thread1] INFO  server.RaftServer$Division (RaftServerImpl.java:lambda$close$1(527)) - 4e46457f-d5b5-434d-8287-a8df99f47ca3@group-0776172ACDE5: shutdown
2025-08-26 22:59:57,946 [ForkJoinPool-1-worker-1] INFO  server.GrpcServicesImpl (GrpcServicesImpl.java:closeImpl(355)) - 4e46457f-d5b5-434d-8287-a8df99f47ca3: shutdown server GrpcServerProtocolService now
2025-08-26 22:59:57,947 [4e46457f-d5b5-434d-8287-a8df99f47ca3-impl-thread1] INFO  util.JmxRegister (JmxRegister.java:unregister(74)) - Successfully un-registered JMX Bean with object name Ratis:service=RaftServer,group=group-0776172ACDE5,id=4e46457f-d5b5-434d-8287-a8df99f47ca3
2025-08-26 22:59:57,947 [4e46457f-d5b5-434d-8287-a8df99f47ca3-impl-thread1] INFO  impl.RoleInfo (RoleInfo.java:shutdownLeaderState(103)) - 4e46457f-d5b5-434d-8287-a8df99f47ca3: shutdown 4e46457f-d5b5-434d-8287-a8df99f47ca3@group-0776172ACDE5-LeaderStateImpl
2025-08-26 22:59:57,951 [4e46457f-d5b5-434d-8287-a8df99f47ca3-impl-thread1] INFO  impl.PendingRequests (PendingRequests.java:sendNotLeaderResponses(287)) - 4e46457f-d5b5-434d-8287-a8df99f47ca3@group-0776172ACDE5-PendingRequests: sendNotLeaderResponses
2025-08-26 22:59:57,953 [4e46457f-d5b5-434d-8287-a8df99f47ca3-impl-thread1] INFO  impl.StateMachineUpdater (StateMachineUpdater.java:stopAndJoin(163)) - 4e46457f-d5b5-434d-8287-a8df99f47ca3@group-0776172ACDE5-StateMachineUpdater: set stopIndex = 0
2025-08-26 22:59:57,954 [4e46457f-d5b5-434d-8287-a8df99f47ca3@group-0776172ACDE5-StateMachineUpdater] INFO  impl.StateMachineUpdater (StateMachineUpdater.java:takeSnapshot(307)) - 4e46457f-d5b5-434d-8287-a8df99f47ca3@group-0776172ACDE5-StateMachineUpdater: Took a snapshot at index 0
2025-08-26 22:59:57,954 [4e46457f-d5b5-434d-8287-a8df99f47ca3@group-0776172ACDE5-StateMachineUpdater] INFO  impl.StateMachineUpdater (StateMachineUpdater.java:lambda$new$0(101)) - 4e46457f-d5b5-434d-8287-a8df99f47ca3@group-0776172ACDE5-StateMachineUpdater: snapshotIndex: updateIncreasingly -1 -> 0
2025-08-26 22:59:57,955 [ForkJoinPool-1-worker-1] INFO  server.GrpcServicesImpl (GrpcServicesImpl.java:closeImpl(364)) - 4e46457f-d5b5-434d-8287-a8df99f47ca3: shutdown server GrpcServerProtocolService successfully
2025-08-26 22:59:57,957 [4e46457f-d5b5-434d-8287-a8df99f47ca3@group-0776172ACDE5-StateMachineUpdater] INFO  impl.StateMachineUpdater (StateMachineUpdater.java:stop(140)) - 4e46457f-d5b5-434d-8287-a8df99f47ca3@group-0776172ACDE5-StateMachineUpdater: closing SCMStateMachine, lastApplied=(t:1, i:0)
2025-08-26 22:59:57,957 [4e46457f-d5b5-434d-8287-a8df99f47ca3@group-0776172ACDE5-cacheEviction-AwaitToRun] INFO  util.AwaitToRun (AwaitToRun.java:run(49)) - 4e46457f-d5b5-434d-8287-a8df99f47ca3@group-0776172ACDE5-cacheEviction-AwaitToRun-AwaitForSignal is interrupted
2025-08-26 22:59:57,993 [4e46457f-d5b5-434d-8287-a8df99f47ca3-impl-thread1] INFO  segmented.SegmentedRaftLogWorker (SegmentedRaftLogWorker.java:close(254)) - 4e46457f-d5b5-434d-8287-a8df99f47ca3@group-0776172ACDE5-SegmentedRaftLogWorker close()
2025-08-26 22:59:57,999 [JvmPauseMonitor0] INFO  util.JvmPauseMonitor (JvmPauseMonitor.java:run(152)) - JvmPauseMonitor-4e46457f-d5b5-434d-8287-a8df99f47ca3: Stopped
2025-08-26 22:59:58,034 [ForkJoinPool-1-worker-1] INFO  ha.SCMHANodeDetails (SCMHANodeDetails.java:loadSCMHAConfig(162)) - ServiceID for StorageContainerManager is null
2025-08-26 22:59:58,034 [ForkJoinPool-1-worker-1] INFO  ha.SCMHANodeDetails (SCMHANodeDetails.java:loadSCMHAConfig(166)) - ozone.scm.default.service.id is not defined, falling back to ozone.scm.service.ids to find serviceID for StorageContainerManager if it is HA enabled cluster
2025-08-26 22:59:58,375 [ForkJoinPool-1-worker-1] INFO  net.NodeSchemaLoader (NodeSchemaLoader.java:loadSchemaFromFile(128)) - Loading schema from [jar:file:/home/runner/work/ozone/ozone/hadoop-hdds/common/target/hdds-common-2.1.0-SNAPSHOT.jar!/network-topology-default.xml]
2025-08-26 22:59:58,377 [ForkJoinPool-1-worker-1] INFO  net.NodeSchemaLoader (NodeSchemaLoader.java:loadSchema(175)) - Loading network topology layer schema file
2025-08-26 22:59:58,489 [ForkJoinPool-1-worker-1] INFO  ha.SCMRatisServerImpl (SCMRatisServerImpl.java:<init>(100)) - starting Raft server for scm:4e46457f-d5b5-434d-8287-a8df99f47ca3
2025-08-26 22:59:58,493 [ForkJoinPool-1-worker-1] INFO  server.RaftServerConfigKeys (ConfUtils.java:logGet(62)) - raft.server.log.appender.buffer.byte-limit = 4194304 (custom)
2025-08-26 22:59:58,495 [ForkJoinPool-1-worker-1] INFO  grpc.GrpcConfigKeys (ConfUtils.java:logFallback(69)) - raft.grpc.admin.host = null (fallback to raft.grpc.server.host)
2025-08-26 22:59:58,495 [ForkJoinPool-1-worker-1] INFO  grpc.GrpcConfigKeys (ConfUtils.java:logFallback(69)) - raft.grpc.admin.port = 15004 (fallback to raft.grpc.server.port)
2025-08-26 22:59:58,496 [ForkJoinPool-1-worker-1] INFO  grpc.GrpcConfigKeys (ConfUtils.java:logFallback(69)) - raft.grpc.client.host = null (fallback to raft.grpc.server.host)
2025-08-26 22:59:58,496 [ForkJoinPool-1-worker-1] INFO  grpc.GrpcConfigKeys (ConfUtils.java:logFallback(69)) - raft.grpc.client.port = 15004 (fallback to raft.grpc.server.port)
2025-08-26 22:59:58,496 [ForkJoinPool-1-worker-1] INFO  server.GrpcServicesImpl (ConfUtils.java:logGet(62)) - raft.grpc.message.size.max = 5242880 (custom)
2025-08-26 22:59:58,496 [ForkJoinPool-1-worker-1] INFO  server.RaftServerConfigKeys (ConfUtils.java:logGet(62)) - raft.server.log.appender.buffer.byte-limit = 4194304 (custom)
2025-08-26 22:59:58,498 [4e46457f-d5b5-434d-8287-a8df99f47ca3-impl-thread1] INFO  server.RaftServer (RaftServerProxy.java:initGroupDir(270)) - 4e46457f-d5b5-434d-8287-a8df99f47ca3: found a subdirectory /home/runner/work/ozone/ozone/hadoop-ozone/integration-test/target/test-dir/MiniOzoneClusterImpl-e1e8c2db-2c44-4027-b96b-0776172acde5/scm/ratis/e1e8c2db-2c44-4027-b96b-0776172acde5
2025-08-26 22:59:58,499 [ForkJoinPool-1-worker-1] INFO  server.RaftServer (RaftServerProxy.java:addNew(105)) - 4e46457f-d5b5-434d-8287-a8df99f47ca3: addNew group-0776172ACDE5:[] returns group-0776172ACDE5:java.util.concurrent.CompletableFuture@93724cc[Not completed]
2025-08-26 22:59:58,502 [4e46457f-d5b5-434d-8287-a8df99f47ca3-groupManagement] INFO  server.RaftServer$Division (RaftServerImpl.java:<init>(268)) - 4e46457f-d5b5-434d-8287-a8df99f47ca3: new RaftServerImpl for group-0776172ACDE5:[] with SCMStateMachine:uninitialized
2025-08-26 22:59:58,502 [4e46457f-d5b5-434d-8287-a8df99f47ca3-groupManagement] INFO  server.RaftServer$Division (ServerState.java:<init>(114)) - 4e46457f-d5b5-434d-8287-a8df99f47ca3@group-0776172ACDE5: ConfigurationManager, init=conf: {index: -1, cur=peers:[]|listeners:[], old=null}, confs=<EMPTY_MAP>
2025-08-26 22:59:58,512 [ForkJoinPool-1-worker-1] INFO  ha.SCMSnapshotProvider (SCMSnapshotProvider.java:<init>(61)) - Initializing SCM Snapshot Provider
2025-08-26 22:59:58,540 [ForkJoinPool-1-worker-1] INFO  upgrade.AbstractLayoutVersionManager (AbstractLayoutVersionManager.java:init(80)) - Initializing Layout version manager with metadata layout = WITNESSED_CONTAINER_DB_PROTO_VALUE (version = 9), software layout = WITNESSED_CONTAINER_DB_PROTO_VALUE (version = 9)
2025-08-26 22:59:58,571 [ForkJoinPool-1-worker-1] INFO  ha.SequenceIdGenerator (SequenceIdGenerator.java:upgradeToSequenceId(353)) - upgrade localId to 115816896921600000
2025-08-26 22:59:58,572 [ForkJoinPool-1-worker-1] INFO  ha.SequenceIdGenerator (SequenceIdGenerator.java:upgradeToSequenceId(363)) - upgrade delTxnId to 0
2025-08-26 22:59:58,579 [ForkJoinPool-1-worker-1] INFO  ha.SequenceIdGenerator (SequenceIdGenerator.java:upgradeToSequenceId(379)) - upgrade containerId to 0
2025-08-26 22:59:58,582 [ForkJoinPool-1-worker-1] INFO  ha.SequenceIdGenerator (SequenceIdGenerator.java:upgradeToCertificateSequenceId(414)) - upgrade CertificateId to 2
2025-08-26 22:59:58,584 [ForkJoinPool-1-worker-1] INFO  ha.SequenceIdGenerator (SequenceIdGenerator.java:<init>(231)) - Init the HA SequenceIdGenerator.
2025-08-26 22:59:58,650 [ForkJoinPool-1-worker-1] INFO  node.SCMNodeManager (SCMNodeManager.java:<init>(180)) - Entering startup safe mode.
2025-08-26 22:59:58,663 [ForkJoinPool-1-worker-1] INFO  algorithms.ContainerPlacementPolicyFactory (ContainerPlacementPolicyFactory.java:getPolicyInternal(83)) - Create container placement policy of type org.apache.hadoop.hdds.scm.container.placement.algorithms.SCMContainerPlacementRackAware
2025-08-26 22:59:58,668 [ForkJoinPool-1-worker-1] INFO  algorithms.ContainerPlacementPolicyFactory (ContainerPlacementPolicyFactory.java:getPolicyInternal(83)) - Create container placement policy of type org.apache.hadoop.hdds.scm.container.placement.algorithms.SCMContainerPlacementRackScatter
2025-08-26 22:59:58,676 [ForkJoinPool-1-worker-1] INFO  pipeline.PipelineStateManagerImpl (PipelineStateManagerImpl.java:initialize(75)) - No pipeline exists in current db
2025-08-26 22:59:58,689 [ForkJoinPool-1-worker-1] INFO  algorithms.LeaderChoosePolicyFactory (LeaderChoosePolicyFactory.java:getPolicy(55)) - Create leader choose policy of type org.apache.hadoop.hdds.scm.pipeline.leader.choose.algorithms.MinLeaderCountChoosePolicy
2025-08-26 22:59:58,690 [ForkJoinPool-1-worker-1] INFO  algorithms.ContainerPlacementPolicyFactory (ContainerPlacementPolicyFactory.java:getPolicyInternal(83)) - Create container placement policy of type org.apache.hadoop.hdds.scm.container.placement.algorithms.SCMContainerPlacementRackScatter
2025-08-26 22:59:58,697 [ForkJoinPool-1-worker-1] INFO  ha.SCMServiceManager (SCMServiceManager.java:register(42)) - Registering service BackgroundPipelineCreator.
2025-08-26 22:59:58,698 [ForkJoinPool-1-worker-1] INFO  pipeline.BackgroundPipelineCreator (BackgroundPipelineCreator.java:start(126)) - Starting RatisPipelineUtilsThread.
2025-08-26 22:59:58,700 [ForkJoinPool-1-worker-1] INFO  BackgroundPipelineScrubber (BackgroundSCMService.java:start(64)) - Starting BackgroundPipelineScrubber Service.
2025-08-26 22:59:58,701 [ForkJoinPool-1-worker-1] INFO  ha.SCMServiceManager (SCMServiceManager.java:register(42)) - Registering service BackgroundPipelineScrubber.
2025-08-26 22:59:58,711 [ForkJoinPool-1-worker-1] INFO  ExpiredContainerReplicaOpScrubber (BackgroundSCMService.java:start(64)) - Starting ExpiredContainerReplicaOpScrubber Service.
2025-08-26 22:59:58,712 [ForkJoinPool-1-worker-1] INFO  ha.SCMServiceManager (SCMServiceManager.java:register(42)) - Registering service ExpiredContainerReplicaOpScrubber.
2025-08-26 22:59:58,740 [ForkJoinPool-1-worker-1] INFO  algorithms.PipelineChoosePolicyFactory (PipelineChoosePolicyFactory.java:createPipelineChoosePolicyFromClass(78)) - Create pipeline choose policy of type org.apache.hadoop.hdds.scm.pipeline.choose.algorithms.RandomPipelineChoosePolicy
2025-08-26 22:59:58,740 [ForkJoinPool-1-worker-1] INFO  algorithms.PipelineChoosePolicyFactory (PipelineChoosePolicyFactory.java:createPipelineChoosePolicyFromClass(78)) - Create pipeline choose policy of type org.apache.hadoop.hdds.scm.pipeline.choose.algorithms.RandomPipelineChoosePolicy
2025-08-26 22:59:58,770 [ForkJoinPool-1-worker-1] INFO  ha.SCMServiceManager (SCMServiceManager.java:register(42)) - Registering service SCMBlockDeletingService.
2025-08-26 22:59:58,825 [ForkJoinPool-1-worker-1] INFO  replication.ReplicationManager (ReplicationManager.java:start(287)) - Starting Replication Monitor Thread.
2025-08-26 22:59:58,827 [ForkJoinPool-1-worker-1] INFO  ha.SCMServiceManager (SCMServiceManager.java:register(42)) - Registering service ReplicationManager.
2025-08-26 22:59:58,838 [ForkJoinPool-1-worker-1] INFO  safemode.RatisContainerSafeModeRule (RatisContainerSafeModeRule.java:initializeRule(160)) - Refreshed Containers with one replica threshold count 0.
2025-08-26 22:59:58,839 [ForkJoinPool-1-worker-1] INFO  safemode.ECContainerSafeModeRule (ECContainerSafeModeRule.java:initializeRule(204)) - Refreshed Containers with ec n replica threshold count 0.
2025-08-26 22:59:58,844 [ForkJoinPool-1-worker-1] INFO  safemode.HealthyPipelineSafeModeRule (HealthyPipelineSafeModeRule.java:initializeRule(232)) - Total pipeline count is 0, healthy pipeline threshold count is 0
2025-08-26 22:59:58,847 [ForkJoinPool-1-worker-1] INFO  safemode.OneReplicaPipelineSafeModeRule (OneReplicaPipelineSafeModeRule.java:initializeRule(190)) - Total pipeline count is 0, pipeline's with at least one datanode reported threshold count is 0
2025-08-26 22:59:58,922 [ForkJoinPool-1-worker-1] INFO  server.StorageContainerManager (StorageContainerManager.java:<init>(432)) - SCM start with adminUsers: [admin, runner]
2025-08-26 22:59:58,948 [ForkJoinPool-1-worker-1] INFO  audit.AuditLogger (AuditLogger.java:refreshDebugCmdSet(133)) - Refresh DebugCmdSet for SCMAudit to [].
2025-08-26 22:59:58,971 [ForkJoinPool-1-worker-1] INFO  ipc.CallQueueManager (CallQueueManager.java:<init>(93)) - Using callQueue: class java.util.concurrent.LinkedBlockingQueue, queueCapacity: 10000, scheduler: class org.apache.hadoop.ipc.DefaultRpcScheduler, ipcBackoff: false, ipcFailOver: false.
2025-08-26 22:59:59,007 [ForkJoinPool-1-worker-1] INFO  ipc.Server (Server.java:<init>(1438)) - Listener at 0.0.0.0:15002
2025-08-26 22:59:59,010 [Socket Reader #1 for port 15002] INFO  ipc.Server (Server.java:run(1474)) - Starting Socket Reader #1 for port 15002
2025-08-26 22:59:59,010 [Socket Reader #2 for port 15002] INFO  ipc.Server (Server.java:run(1474)) - Starting Socket Reader #2 for port 15002
2025-08-26 22:59:59,011 [Socket Reader #3 for port 15002] INFO  ipc.Server (Server.java:run(1474)) - Starting Socket Reader #3 for port 15002
2025-08-26 22:59:59,012 [Socket Reader #4 for port 15002] INFO  ipc.Server (Server.java:run(1474)) - Starting Socket Reader #4 for port 15002
2025-08-26 22:59:59,012 [Socket Reader #5 for port 15002] INFO  ipc.Server (Server.java:run(1474)) - Starting Socket Reader #5 for port 15002
2025-08-26 22:59:59,013 [Socket Reader #6 for port 15002] INFO  ipc.Server (Server.java:run(1474)) - Starting Socket Reader #6 for port 15002
2025-08-26 22:59:59,014 [Socket Reader #7 for port 15002] INFO  ipc.Server (Server.java:run(1474)) - Starting Socket Reader #7 for port 15002
2025-08-26 22:59:59,014 [Socket Reader #8 for port 15002] INFO  ipc.Server (Server.java:run(1474)) - Starting Socket Reader #8 for port 15002
2025-08-26 22:59:59,015 [Socket Reader #9 for port 15002] INFO  ipc.Server (Server.java:run(1474)) - Starting Socket Reader #9 for port 15002
2025-08-26 22:59:59,016 [Socket Reader #10 for port 15002] INFO  ipc.Server (Server.java:run(1474)) - Starting Socket Reader #10 for port 15002
2025-08-26 22:59:59,060 [ForkJoinPool-1-worker-1] INFO  audit.AuditLogger (AuditLogger.java:refreshDebugCmdSet(133)) - Refresh DebugCmdSet for SCMAudit to [].
2025-08-26 22:59:59,066 [ForkJoinPool-1-worker-1] INFO  ipc.CallQueueManager (CallQueueManager.java:<init>(93)) - Using callQueue: class java.util.concurrent.LinkedBlockingQueue, queueCapacity: 10000, scheduler: class org.apache.hadoop.ipc.DefaultRpcScheduler, ipcBackoff: false, ipcFailOver: false.
2025-08-26 22:59:59,066 [ForkJoinPool-1-worker-1] INFO  ipc.Server (Server.java:<init>(1438)) - Listener at 0.0.0.0:15001
2025-08-26 22:59:59,068 [Socket Reader #1 for port 15001] INFO  ipc.Server (Server.java:run(1474)) - Starting Socket Reader #1 for port 15001
2025-08-26 22:59:59,069 [Socket Reader #2 for port 15001] INFO  ipc.Server (Server.java:run(1474)) - Starting Socket Reader #2 for port 15001
2025-08-26 22:59:59,069 [Socket Reader #3 for port 15001] INFO  ipc.Server (Server.java:run(1474)) - Starting Socket Reader #3 for port 15001
2025-08-26 22:59:59,069 [Socket Reader #4 for port 15001] INFO  ipc.Server (Server.java:run(1474)) - Starting Socket Reader #4 for port 15001
2025-08-26 22:59:59,070 [Socket Reader #5 for port 15001] INFO  ipc.Server (Server.java:run(1474)) - Starting Socket Reader #5 for port 15001
2025-08-26 22:59:59,070 [Socket Reader #6 for port 15001] INFO  ipc.Server (Server.java:run(1474)) - Starting Socket Reader #6 for port 15001
2025-08-26 22:59:59,071 [Socket Reader #7 for port 15001] INFO  ipc.Server (Server.java:run(1474)) - Starting Socket Reader #7 for port 15001
2025-08-26 22:59:59,071 [Socket Reader #8 for port 15001] INFO  ipc.Server (Server.java:run(1474)) - Starting Socket Reader #8 for port 15001
2025-08-26 22:59:59,071 [Socket Reader #9 for port 15001] INFO  ipc.Server (Server.java:run(1474)) - Starting Socket Reader #9 for port 15001
2025-08-26 22:59:59,073 [Socket Reader #10 for port 15001] INFO  ipc.Server (Server.java:run(1474)) - Starting Socket Reader #10 for port 15001
2025-08-26 22:59:59,113 [ForkJoinPool-1-worker-1] INFO  audit.AuditLogger (AuditLogger.java:refreshDebugCmdSet(133)) - Refresh DebugCmdSet for SCMAudit to [].
2025-08-26 22:59:59,124 [ForkJoinPool-1-worker-1] INFO  ipc.CallQueueManager (CallQueueManager.java:<init>(93)) - Using callQueue: class java.util.concurrent.LinkedBlockingQueue, queueCapacity: 10000, scheduler: class org.apache.hadoop.ipc.DefaultRpcScheduler, ipcBackoff: false, ipcFailOver: false.
2025-08-26 22:59:59,125 [ForkJoinPool-1-worker-1] INFO  ipc.Server (Server.java:<init>(1438)) - Listener at 0.0.0.0:15000
2025-08-26 22:59:59,127 [Socket Reader #1 for port 15000] INFO  ipc.Server (Server.java:run(1474)) - Starting Socket Reader #1 for port 15000
2025-08-26 22:59:59,127 [Socket Reader #2 for port 15000] INFO  ipc.Server (Server.java:run(1474)) - Starting Socket Reader #2 for port 15000
2025-08-26 22:59:59,128 [Socket Reader #3 for port 15000] INFO  ipc.Server (Server.java:run(1474)) - Starting Socket Reader #3 for port 15000
2025-08-26 22:59:59,129 [Socket Reader #4 for port 15000] INFO  ipc.Server (Server.java:run(1474)) - Starting Socket Reader #4 for port 15000
2025-08-26 22:59:59,131 [Socket Reader #5 for port 15000] INFO  ipc.Server (Server.java:run(1474)) - Starting Socket Reader #5 for port 15000
2025-08-26 22:59:59,132 [Socket Reader #7 for port 15000] INFO  ipc.Server (Server.java:run(1474)) - Starting Socket Reader #7 for port 15000
2025-08-26 22:59:59,133 [Socket Reader #8 for port 15000] INFO  ipc.Server (Server.java:run(1474)) - Starting Socket Reader #8 for port 15000
2025-08-26 22:59:59,134 [Socket Reader #6 for port 15000] INFO  ipc.Server (Server.java:run(1474)) - Starting Socket Reader #6 for port 15000
2025-08-26 22:59:59,135 [Socket Reader #9 for port 15000] INFO  ipc.Server (Server.java:run(1474)) - Starting Socket Reader #9 for port 15000
2025-08-26 22:59:59,136 [Socket Reader #10 for port 15000] INFO  ipc.Server (Server.java:run(1474)) - Starting Socket Reader #10 for port 15000
2025-08-26 22:59:59,211 [ForkJoinPool-1-worker-1] INFO  ha.SCMServiceManager (SCMServiceManager.java:register(42)) - Registering service ContainerBalancer.
2025-08-26 22:59:59,211 [ForkJoinPool-1-worker-1] INFO  ha.SCMContext (SCMContext.java:updateSafeModeStatus(224)) - Update SafeModeStatus from SafeModeStatus{safeModeStatus=true, preCheckPassed=false} to SafeModeStatus{safeModeStatus=true, preCheckPassed=false}.
2025-08-26 22:59:59,229 [ForkJoinPool-1-worker-1] INFO  server.StorageContainerManager (StorageContainerManager.java:start(1515)) - StorageContainerLocationProtocol RPC server is listening at /0.0.0.0:15000
2025-08-26 22:59:59,232 [ForkJoinPool-1-worker-1] INFO  ha.SCMRatisServerImpl (SCMRatisServerImpl.java:start(203)) - starting ratis server 0.0.0.0:15004
2025-08-26 22:59:59,235 [4e46457f-d5b5-434d-8287-a8df99f47ca3-impl-thread1] INFO  storage.RaftStorageDirectory (RaftStorageDirectoryImpl.java:tryLock(229)) - Lock on /home/runner/work/ozone/ozone/hadoop-ozone/integration-test/target/test-dir/MiniOzoneClusterImpl-e1e8c2db-2c44-4027-b96b-0776172acde5/scm/ratis/e1e8c2db-2c44-4027-b96b-0776172acde5/in_use.lock acquired by nodename 9091@localhost
2025-08-26 22:59:59,237 [4e46457f-d5b5-434d-8287-a8df99f47ca3-impl-thread1] INFO  storage.RaftStorage (RaftStorageImpl.java:analyzeAndRecoverStorage(118)) - Read RaftStorageMetadata{term=1, votedFor=4e46457f-d5b5-434d-8287-a8df99f47ca3} from /home/runner/work/ozone/ozone/hadoop-ozone/integration-test/target/test-dir/MiniOzoneClusterImpl-e1e8c2db-2c44-4027-b96b-0776172acde5/scm/ratis/e1e8c2db-2c44-4027-b96b-0776172acde5/current/raft-meta
2025-08-26 22:59:59,241 [4e46457f-d5b5-434d-8287-a8df99f47ca3-impl-thread1] INFO  server.RaftServer$Division (ServerState.java:setRaftConf(386)) - 4e46457f-d5b5-434d-8287-a8df99f47ca3@group-0776172ACDE5: set configuration conf: {index: 0, cur=peers:[4e46457f-d5b5-434d-8287-a8df99f47ca3|localhost:15004]|listeners:[], old=null}
2025-08-26 22:59:59,241 [4e46457f-d5b5-434d-8287-a8df99f47ca3-impl-thread1] INFO  ha.SCMStateMachine (SCMStateMachine.java:lambda$initialize$0(135)) - 4e46457f-d5b5-434d-8287-a8df99f47ca3: initialize group-0776172ACDE5
2025-08-26 22:59:59,242 [4e46457f-d5b5-434d-8287-a8df99f47ca3-impl-thread1] INFO  server.RaftServerConfigKeys (ConfUtils.java:logGet(62)) - raft.server.log.appender.buffer.byte-limit = 4194304 (custom)
2025-08-26 22:59:59,244 [4e46457f-d5b5-434d-8287-a8df99f47ca3-impl-thread1] INFO  server.RaftServerConfigKeys (ConfUtils.java:logGet(62)) - raft.server.log.segment.size.max = 67108864 (custom)
2025-08-26 22:59:59,244 [4e46457f-d5b5-434d-8287-a8df99f47ca3-impl-thread1] INFO  server.RaftServerConfigKeys (ConfUtils.java:logGet(62)) - raft.server.log.appender.buffer.byte-limit = 4194304 (custom)
2025-08-26 22:59:59,245 [4e46457f-d5b5-434d-8287-a8df99f47ca3-impl-thread1] INFO  util.AwaitToRun (AwaitToRun.java:start(81)) - Thread[#114,4e46457f-d5b5-434d-8287-a8df99f47ca3@group-0776172ACDE5-cacheEviction-AwaitToRun,5,main] started
2025-08-26 22:59:59,245 [4e46457f-d5b5-434d-8287-a8df99f47ca3-impl-thread1] INFO  segmented.SegmentedRaftLogWorker (SegmentedRaftLogWorker.java:<init>(190)) - new 4e46457f-d5b5-434d-8287-a8df99f47ca3@group-0776172ACDE5-SegmentedRaftLogWorker for RaftStorageImpl:Storage Directory /home/runner/work/ozone/ozone/hadoop-ozone/integration-test/target/test-dir/MiniOzoneClusterImpl-e1e8c2db-2c44-4027-b96b-0776172acde5/scm/ratis/e1e8c2db-2c44-4027-b96b-0776172acde5
2025-08-26 22:59:59,246 [4e46457f-d5b5-434d-8287-a8df99f47ca3-impl-thread1] INFO  server.RaftServerConfigKeys (ConfUtils.java:logGet(62)) - raft.server.log.segment.size.max = 67108864 (custom)
2025-08-26 22:59:59,246 [4e46457f-d5b5-434d-8287-a8df99f47ca3-impl-thread1] INFO  server.RaftServerConfigKeys (ConfUtils.java:logGet(62)) - raft.server.log.preallocated.size = 4194304 (custom)
2025-08-26 22:59:59,246 [4e46457f-d5b5-434d-8287-a8df99f47ca3-impl-thread1] INFO  server.RaftServerConfigKeys (ConfUtils.java:logGet(62)) - raft.server.log.write.buffer.size = 4194312 (custom)
2025-08-26 22:59:59,248 [4e46457f-d5b5-434d-8287-a8df99f47ca3-impl-thread1] INFO  server.RaftServerConfigKeys (ConfUtils.java:logGet(62)) - raft.server.log.appender.buffer.byte-limit = 4194304 (custom)
2025-08-26 22:59:59,254 [4e46457f-d5b5-434d-8287-a8df99f47ca3-impl-thread1] INFO  server.RaftServer$Division (ServerState.java:setRaftConf(386)) - 4e46457f-d5b5-434d-8287-a8df99f47ca3@group-0776172ACDE5: set configuration conf: {index: 0, cur=peers:[4e46457f-d5b5-434d-8287-a8df99f47ca3|localhost:15004]|listeners:[], old=null}
2025-08-26 22:59:59,254 [4e46457f-d5b5-434d-8287-a8df99f47ca3-impl-thread1] INFO  segmented.LogSegment (LogSegment.java:loadSegment(171)) - Successfully read 1 entries from segment file /home/runner/work/ozone/ozone/hadoop-ozone/integration-test/target/test-dir/MiniOzoneClusterImpl-e1e8c2db-2c44-4027-b96b-0776172acde5/scm/ratis/e1e8c2db-2c44-4027-b96b-0776172acde5/current/log_inprogress_0
2025-08-26 22:59:59,255 [4e46457f-d5b5-434d-8287-a8df99f47ca3-impl-thread1] INFO  segmented.SegmentedRaftLogWorker (SegmentedRaftLogWorker.java:lambda$new$0(141)) - 4e46457f-d5b5-434d-8287-a8df99f47ca3@group-0776172ACDE5-SegmentedRaftLogWorker: safeCacheEvictIndex: setUnconditionally 0 -> -1
2025-08-26 22:59:59,255 [4e46457f-d5b5-434d-8287-a8df99f47ca3-impl-thread1] INFO  segmented.BufferedWriteChannel (BufferedWriteChannel.java:open(61)) - open log_inprogress_0 (append) at position 76
2025-08-26 22:59:59,255 [4e46457f-d5b5-434d-8287-a8df99f47ca3-impl-thread1] INFO  server.RaftServer$Division (RaftServerImpl.java:start(405)) - 4e46457f-d5b5-434d-8287-a8df99f47ca3@group-0776172ACDE5: start as a follower, conf=conf: {index: 0, cur=peers:[4e46457f-d5b5-434d-8287-a8df99f47ca3|localhost:15004]|listeners:[], old=null}
2025-08-26 22:59:59,255 [4e46457f-d5b5-434d-8287-a8df99f47ca3-impl-thread1] INFO  server.RaftServer$Division (RaftServerImpl.java:setRole(392)) - 4e46457f-d5b5-434d-8287-a8df99f47ca3@group-0776172ACDE5: changes role from      null to FOLLOWER at term 1 for startAsFollower
2025-08-26 22:59:59,256 [4e46457f-d5b5-434d-8287-a8df99f47ca3-impl-thread1] INFO  impl.RoleInfo (RoleInfo.java:updateAndGet(148)) - 4e46457f-d5b5-434d-8287-a8df99f47ca3: start 4e46457f-d5b5-434d-8287-a8df99f47ca3@group-0776172ACDE5-FollowerState
2025-08-26 22:59:59,256 [4e46457f-d5b5-434d-8287-a8df99f47ca3-impl-thread1] INFO  util.JmxRegister (JmxRegister.java:tryRegister(44)) - Successfully registered JMX Bean with object name Ratis:service=RaftServer,group=group-0776172ACDE5,id=4e46457f-d5b5-434d-8287-a8df99f47ca3
2025-08-26 22:59:59,257 [4e46457f-d5b5-434d-8287-a8df99f47ca3-impl-thread1] INFO  util.JmxRegister (JmxRegister.java:register(58)) - register mxBean class org.apache.ratis.server.impl.RaftServerJmxAdapter as Ratis:service=RaftServer,group=group-0776172ACDE5,id=4e46457f-d5b5-434d-8287-a8df99f47ca3
2025-08-26 22:59:59,258 [4e46457f-d5b5-434d-8287-a8df99f47ca3-impl-thread1] INFO  server.RaftServer$Division (RaftServerImpl.java:start(419)) - 4e46457f-d5b5-434d-8287-a8df99f47ca3@group-0776172ACDE5: Successfully started.
2025-08-26 22:59:59,258 [ForkJoinPool-1-worker-1] INFO  server.RaftServer (RaftServerProxy.java:startImpl(412)) - 4e46457f-d5b5-434d-8287-a8df99f47ca3: start RPC server
2025-08-26 22:59:59,259 [ForkJoinPool-1-worker-1] INFO  server.GrpcServicesImpl (GrpcServicesImpl.java:startImpl(346)) - 4e46457f-d5b5-434d-8287-a8df99f47ca3: GrpcServicesImpl started, listening on 15004
2025-08-26 22:59:59,259 [JvmPauseMonitor1] INFO  util.JvmPauseMonitor (JvmPauseMonitor.java:run(146)) - JvmPauseMonitor-4e46457f-d5b5-434d-8287-a8df99f47ca3: Started
2025-08-26 22:59:59,267 [ForkJoinPool-1-worker-1] INFO  ha.SCMHAManagerImpl (SCMHAManagerImpl.java:start(131)) -  scm role is FOLLOWER peers [4e46457f-d5b5-434d-8287-a8df99f47ca3|localhost:15004]
2025-08-26 22:59:59,268 [ForkJoinPool-1-worker-1] INFO  ha.InterSCMGrpcService (InterSCMGrpcProtocolService.java:start(98)) - Starting SCM Grpc Service at port 15005
2025-08-26 22:59:59,269 [ForkJoinPool-1-worker-1] INFO  SCMHATransactionMonitor (BackgroundSCMService.java:start(64)) - Starting SCMHATransactionMonitor Service.
2025-08-26 22:59:59,270 [ForkJoinPool-1-worker-1] INFO  ha.SCMServiceManager (SCMServiceManager.java:register(42)) - Registering service SCMHATransactionMonitor.
2025-08-26 22:59:59,270 [ForkJoinPool-1-worker-1] INFO  SCMHATransactionMonitor (BackgroundSCMService.java:start(61)) - SCMHATransactionMonitor Service is already running, skip start.
2025-08-26 22:59:59,307 [ForkJoinPool-1-worker-1] WARN  impl.MetricsConfig (MetricsConfig.java:loadFirst(138)) - Cannot locate configuration: tried hadoop-metrics2-storagecontainermanager.properties,hadoop-metrics2.properties
2025-08-26 22:59:59,316 [ForkJoinPool-1-worker-1] INFO  impl.MetricsSystemImpl (MetricsSystemImpl.java:startTimer(378)) - Scheduled Metric snapshot period at 10 second(s).
2025-08-26 22:59:59,316 [ForkJoinPool-1-worker-1] INFO  impl.MetricsSystemImpl (MetricsSystemImpl.java:start(191)) - StorageContainerManager metrics system started
2025-08-26 22:59:59,394 [ForkJoinPool-1-worker-1] INFO  server.SCMClientProtocolServer (SCMClientProtocolServer.java:start(209)) - RPC server for Client  is listening at /0.0.0.0:15000
2025-08-26 22:59:59,394 [IPC Server Responder] INFO  ipc.Server (Server.java:run(1713)) - IPC Server Responder: starting
2025-08-26 22:59:59,395 [IPC Server listener on 15000] INFO  ipc.Server (Server.java:run(1553)) - IPC Server listener on 15000: starting
2025-08-26 22:59:59,418 [ForkJoinPool-1-worker-1] INFO  server.StorageContainerManager (StorageContainerManager.java:start(1528)) - ScmBlockLocationProtocol RPC server is listening at /0.0.0.0:15001
2025-08-26 22:59:59,419 [ForkJoinPool-1-worker-1] INFO  server.SCMBlockProtocolServer (SCMBlockProtocolServer.java:start(166)) - RPC server for Block Protocol is listening at /0.0.0.0:15001
2025-08-26 22:59:59,419 [IPC Server Responder] INFO  ipc.Server (Server.java:run(1713)) - IPC Server Responder: starting
2025-08-26 22:59:59,420 [IPC Server listener on 15001] INFO  ipc.Server (Server.java:run(1553)) - IPC Server listener on 15001: starting
2025-08-26 22:59:59,437 [ForkJoinPool-1-worker-1] INFO  utils.BackgroundService (BackgroundService.java:start(119)) - Starting service SCMBlockDeletingService with interval 60000 milliseconds
2025-08-26 22:59:59,450 [ForkJoinPool-1-worker-1] INFO  http.BaseHttpServer (BaseHttpServer.java:newHttpServer2BuilderForOzone(227)) - Starting Web-server for scm at: http://0.0.0.0:15003
2025-08-26 22:59:59,451 [ForkJoinPool-1-worker-1] INFO  http.BaseHttpServer (BaseHttpServer.java:<init>(105)) - Hadoop Security Enabled: false Ozone Security Enabled: false Ozone HTTP Security Enabled: false 
2025-08-26 22:59:59,478 [ForkJoinPool-1-worker-1] INFO  util.log (Log.java:initialized(170)) - Logging initialized @7420ms to org.eclipse.jetty.util.log.Slf4jLog
2025-08-26 22:59:59,552 [ForkJoinPool-1-worker-1] WARN  server.AuthenticationFilter (AuthenticationFilter.java:constructSecretProvider(240)) - Unable to initialize FileSignerSecretProvider, falling back to use random secrets. Reason: Could not read signature secret file: /home/runner/hadoop-http-auth-signature-secret
2025-08-26 22:59:59,581 [ForkJoinPool-1-worker-1] INFO  http.HttpServer2 (HttpServer2.java:addGlobalFilter(1042)) - Added global filter 'safety' (class=org.apache.hadoop.hdds.server.http.HttpServer2$QuotingInputFilter)
2025-08-26 22:59:59,583 [ForkJoinPool-1-worker-1] INFO  http.HttpServer2 (HttpServer2.java:addFilter(1018)) - Added filter static_user_filter (class=org.apache.hadoop.http.lib.StaticUserWebFilter$StaticUserFilter) to context scm
2025-08-26 22:59:59,583 [ForkJoinPool-1-worker-1] INFO  http.HttpServer2 (HttpServer2.java:addFilter(1026)) - Added filter static_user_filter (class=org.apache.hadoop.http.lib.StaticUserWebFilter$StaticUserFilter) to context logs
2025-08-26 22:59:59,584 [ForkJoinPool-1-worker-1] INFO  http.HttpServer2 (HttpServer2.java:addFilter(1026)) - Added filter static_user_filter (class=org.apache.hadoop.http.lib.StaticUserWebFilter$StaticUserFilter) to context static
2025-08-26 22:59:59,621 [ForkJoinPool-1-worker-1] INFO  http.BaseHttpServer (BaseHttpServer.java:<init>(193)) - HTTP server of scm uses base directory /home/runner/work/ozone/ozone/hadoop-ozone/integration-test/target/test-dir/MiniOzoneClusterImpl-e1e8c2db-2c44-4027-b96b-0776172acde5/scm/ozone-metadata/webserver
2025-08-26 22:59:59,622 [ForkJoinPool-1-worker-1] INFO  http.HttpServer2 (HttpServer2.java:bindListener(1242)) - Jetty bound to port 15003
2025-08-26 22:59:59,623 [ForkJoinPool-1-worker-1] INFO  server.Server (Server.java:doStart(375)) - jetty-9.4.57.v20241219; built: 2025-01-08T21:24:30.412Z; git: df524e6b29271c2e09ba9aea83c18dc9db464a31; jvm 21.0.8+9-LTS
2025-08-26 22:59:59,651 [ForkJoinPool-1-worker-1] INFO  server.session (DefaultSessionIdManager.java:doStart(334)) - DefaultSessionIdManager workerName=node0
2025-08-26 22:59:59,651 [ForkJoinPool-1-worker-1] INFO  server.session (DefaultSessionIdManager.java:doStart(339)) - No SessionScavenger set, using defaults
2025-08-26 22:59:59,652 [ForkJoinPool-1-worker-1] INFO  server.session (HouseKeeper.java:startScavenging(132)) - node0 Scavenging every 660000ms
2025-08-26 22:59:59,661 [ForkJoinPool-1-worker-1] INFO  handler.ContextHandler (ContextHandler.java:doStart(921)) - Started o.e.j.s.ServletContextHandler@66276e37{logs,/logs,file:///home/runner/work/ozone/ozone/hadoop-ozone/integration-test/target/log,AVAILABLE}
2025-08-26 22:59:59,662 [ForkJoinPool-1-worker-1] INFO  handler.ContextHandler (ContextHandler.java:doStart(921)) - Started o.e.j.s.ServletContextHandler@43cc034b{static,/static,file:///home/runner/work/ozone/ozone/hadoop-ozone/integration-test/target/test-classes/webapps/static,AVAILABLE}
2025-08-26 22:59:59,693 [ForkJoinPool-1-worker-1] INFO  handler.ContextHandler (ContextHandler.java:doStart(921)) - Started o.e.j.w.WebAppContext@1648ac96{scm,/,file:///home/runner/work/ozone/ozone/hadoop-ozone/integration-test/target/test-classes/webapps/scm/,AVAILABLE}{file:/home/runner/work/ozone/ozone/hadoop-ozone/integration-test/target/test-classes/webapps/scm}
2025-08-26 22:59:59,698 [ForkJoinPool-1-worker-1] INFO  server.AbstractConnector (AbstractConnector.java:doStart(333)) - Started ServerConnector@44bb0969{HTTP/1.1, (http/1.1)}{0.0.0.0:15003}
2025-08-26 22:59:59,698 [ForkJoinPool-1-worker-1] INFO  server.Server (Server.java:doStart(415)) - Started @7640ms
2025-08-26 22:59:59,699 [ForkJoinPool-1-worker-1] INFO  impl.MetricsSinkAdapter (MetricsSinkAdapter.java:start(204)) - Sink prometheus started
2025-08-26 22:59:59,699 [ForkJoinPool-1-worker-1] INFO  impl.MetricsSystemImpl (MetricsSystemImpl.java:registerSink(305)) - Registered sink prometheus
2025-08-26 22:59:59,700 [ForkJoinPool-1-worker-1] INFO  http.BaseHttpServer (BaseHttpServer.java:updateConnectorAddress(357)) - HTTP server of scm listening at http://localhost:15003
2025-08-26 22:59:59,717 [ForkJoinPool-1-worker-1] INFO  ha.OMHANodeDetails (OMHANodeDetails.java:loadOMHAConfig(113)) - ozone.om.internal.service.id is not defined, falling back to ozone.om.service.ids to find serviceID for OzoneManager if it is HA enabled cluster
2025-08-26 22:59:59,721 [ForkJoinPool-1-worker-1] INFO  ha.OMHANodeDetails (OMHANodeDetails.java:loadOMHAConfig(224)) - Configuration does not have ozone.om.address set. Falling back to the default OM address /127.0.0.1:15006
2025-08-26 22:59:59,721 [ForkJoinPool-1-worker-1] INFO  ha.OMHANodeDetails (OMHANodeDetails.java:getOMNodeDetailsForNonHA(252)) - OM Service ID is not set. Setting it to the default ID: omServiceIdDefault
2025-08-26 22:59:59,721 [ForkJoinPool-1-worker-1] INFO  ha.OMHANodeDetails (OMHANodeDetails.java:getOMNodeDetailsForNonHA(259)) - OM Node ID is not set. Setting it to the default ID: om1
2025-08-26 22:59:59,730 [ForkJoinPool-1-worker-1] INFO  upgrade.AbstractLayoutVersionManager (AbstractLayoutVersionManager.java:init(80)) - Initializing Layout version manager with metadata layout = DELEGATION_TOKEN_SYMMETRIC_SIGN (version = 8), software layout = DELEGATION_TOKEN_SYMMETRIC_SIGN (version = 8)
2025-08-26 22:59:59,868 [ForkJoinPool-1-worker-1] INFO  reflections.Reflections (Reflections.java:scan(219)) - Reflections took 136 ms to scan 2 urls, producing 212 keys and 625 values
2025-08-26 22:59:59,872 [ForkJoinPool-1-worker-1] INFO  upgrade.OMLayoutVersionManager (OMLayoutVersionManager.java:lambda$0(110)) - Skipping Upgrade Action QuotaRepairUpgradeAction since it has been finalized.
2025-08-26 22:59:59,873 [ForkJoinPool-1-worker-1] INFO  upgrade.OMLayoutVersionManager (OMLayoutVersionManager.java:lambda$0(110)) - Skipping Upgrade Action MockOmUpgradeAction since it has been finalized.
2025-08-26 22:59:59,880 [ForkJoinPool-1-worker-1] INFO  om.OzoneManager (OzoneManager.java:setReplicationFromConfig(4649)) - Set default replication in OM: RATIS/3 -> RATIS/THREE
2025-08-26 22:59:59,886 [ForkJoinPool-1-worker-1] INFO  proxy.SCMContainerLocationFailoverProxyProvider (SCMFailoverProxyProviderBase.java:<init>(120)) - Created fail-over proxy for protocol StorageContainerLocationProtocolPB with 1 nodes: [nodeId=scmNodeId,nodeAddress=/0.0.0.0:15000]
2025-08-26 22:59:59,922 [ForkJoinPool-1-worker-1] INFO  proxy.SCMBlockLocationFailoverProxyProvider (SCMFailoverProxyProviderBase.java:<init>(120)) - Created fail-over proxy for protocol ScmBlockLocationProtocolPB with 1 nodes: [nodeId=scmNodeId,nodeAddress=/0.0.0.0:15001]
2025-08-26 22:59:59,964 [ForkJoinPool-1-worker-1] INFO  om.OzoneManager (OzoneManager.java:<init>(683)) - OM start with adminUsers: [admin, runner]
2025-08-26 23:00:00,121 [ForkJoinPool-1-worker-1] INFO  utils.NativeLibraryLoader (NativeLibraryLoader.java:loadLibrary(120)) - Loading Library: ozone_rocksdb_tools
2025-08-26 23:00:00,397 [ForkJoinPool-1-worker-1] INFO  om.OzoneManager (OzoneManager.java:instantiateServices(927)) - S3 Multi-Tenancy is disabled
2025-08-26 23:00:00,405 [ForkJoinPool-1-worker-1] INFO  security.OzoneSecretStore (OzoneSecretStore.java:loadState(58)) - Loaded 0 tokens
2025-08-26 23:00:00,405 [ForkJoinPool-1-worker-1] INFO  security.OzoneDelegationTokenSecretManager (OzoneDelegationTokenSecretManager.java:loadTokenSecretState(517)) - Loading token state into token manager.
2025-08-26 23:00:00,418 [ForkJoinPool-1-worker-1] INFO  acl.OzoneAuthorizerFactory (OzoneAuthorizerFactory.java:create(69)) - om1: Authorizer for OM is class org.apache.hadoop.ozone.security.acl.OzoneAccessAuthorizer
2025-08-26 23:00:00,425 [ForkJoinPool-1-worker-1] INFO  om.OmSnapshotManager (OmSnapshotManager.java:<init>(204)) - Ozone filesystem snapshot feature is enabled.
2025-08-26 23:00:00,428 [4e46457f-d5b5-434d-8287-a8df99f47ca3@group-0776172ACDE5-FollowerState] INFO  impl.FollowerState (FollowerState.java:runImpl(161)) - 4e46457f-d5b5-434d-8287-a8df99f47ca3@group-0776172ACDE5-FollowerState: change to CANDIDATE, lastRpcElapsedTime:1172259221ns, electionTimeout:1171ms
2025-08-26 23:00:00,428 [4e46457f-d5b5-434d-8287-a8df99f47ca3@group-0776172ACDE5-FollowerState] INFO  impl.RoleInfo (RoleInfo.java:shutdownFollowerState(121)) - 4e46457f-d5b5-434d-8287-a8df99f47ca3: shutdown 4e46457f-d5b5-434d-8287-a8df99f47ca3@group-0776172ACDE5-FollowerState
2025-08-26 23:00:00,428 [4e46457f-d5b5-434d-8287-a8df99f47ca3@group-0776172ACDE5-FollowerState] INFO  server.RaftServer$Division (RaftServerImpl.java:setRole(392)) - 4e46457f-d5b5-434d-8287-a8df99f47ca3@group-0776172ACDE5: changes role from  FOLLOWER to CANDIDATE at term 1 for changeToCandidate
2025-08-26 23:00:00,429 [4e46457f-d5b5-434d-8287-a8df99f47ca3@group-0776172ACDE5-FollowerState] INFO  impl.RoleInfo (RoleInfo.java:updateAndGet(148)) - 4e46457f-d5b5-434d-8287-a8df99f47ca3: start 4e46457f-d5b5-434d-8287-a8df99f47ca3@group-0776172ACDE5-LeaderElection2
2025-08-26 23:00:00,430 [4e46457f-d5b5-434d-8287-a8df99f47ca3@group-0776172ACDE5-LeaderElection2] INFO  impl.LeaderElection (LeaderElection.java:askForVotes(448)) - 4e46457f-d5b5-434d-8287-a8df99f47ca3@group-0776172ACDE5-LeaderElection2 PRE_VOTE round 0: submit vote requests at term 1 for conf: {index: 0, cur=peers:[4e46457f-d5b5-434d-8287-a8df99f47ca3|localhost:15004]|listeners:[], old=null}
2025-08-26 23:00:00,430 [4e46457f-d5b5-434d-8287-a8df99f47ca3@group-0776172ACDE5-LeaderElection2] INFO  impl.LeaderElection (LeaderElection.java:askForVotes(450)) - 4e46457f-d5b5-434d-8287-a8df99f47ca3@group-0776172ACDE5-LeaderElection2 PRE_VOTE round 0: result PASSED (term=1)
2025-08-26 23:00:00,432 [4e46457f-d5b5-434d-8287-a8df99f47ca3@group-0776172ACDE5-LeaderElection2] INFO  impl.LeaderElection (LeaderElection.java:askForVotes(448)) - 4e46457f-d5b5-434d-8287-a8df99f47ca3@group-0776172ACDE5-LeaderElection2 ELECTION round 0: submit vote requests at term 2 for conf: {index: 0, cur=peers:[4e46457f-d5b5-434d-8287-a8df99f47ca3|localhost:15004]|listeners:[], old=null}
2025-08-26 23:00:00,433 [4e46457f-d5b5-434d-8287-a8df99f47ca3@group-0776172ACDE5-LeaderElection2] INFO  impl.LeaderElection (LeaderElection.java:askForVotes(450)) - 4e46457f-d5b5-434d-8287-a8df99f47ca3@group-0776172ACDE5-LeaderElection2 ELECTION round 0: result PASSED (term=2)
2025-08-26 23:00:00,433 [4e46457f-d5b5-434d-8287-a8df99f47ca3@group-0776172ACDE5-LeaderElection2] INFO  impl.RoleInfo (RoleInfo.java:shutdownLeaderElection(141)) - 4e46457f-d5b5-434d-8287-a8df99f47ca3: shutdown 4e46457f-d5b5-434d-8287-a8df99f47ca3@group-0776172ACDE5-LeaderElection2
2025-08-26 23:00:00,433 [4e46457f-d5b5-434d-8287-a8df99f47ca3@group-0776172ACDE5-LeaderElection2] INFO  server.RaftServer$Division (RaftServerImpl.java:setRole(392)) - 4e46457f-d5b5-434d-8287-a8df99f47ca3@group-0776172ACDE5: changes role from CANDIDATE to LEADER at term 2 for changeToLeader
2025-08-26 23:00:00,433 [4e46457f-d5b5-434d-8287-a8df99f47ca3@group-0776172ACDE5-LeaderElection2] INFO  server.RaftServerConfigKeys (ConfUtils.java:logFallback(69)) - raft.server.staging.timeout = 15600ms (fallback to raft.server.rpc.timeout.max)
2025-08-26 23:00:00,435 [4e46457f-d5b5-434d-8287-a8df99f47ca3@group-0776172ACDE5-LeaderElection2] INFO  impl.RoleInfo (RoleInfo.java:updateAndGet(148)) - 4e46457f-d5b5-434d-8287-a8df99f47ca3: start 4e46457f-d5b5-434d-8287-a8df99f47ca3@group-0776172ACDE5-LeaderStateImpl
2025-08-26 23:00:00,435 [4e46457f-d5b5-434d-8287-a8df99f47ca3@group-0776172ACDE5-LeaderElection2] INFO  server.RaftServer$Division (RaftServerImpl.java:setFirstElection(576)) - 4e46457f-d5b5-434d-8287-a8df99f47ca3@group-0776172ACDE5: set firstElectionSinceStartup to false for becomeLeader
2025-08-26 23:00:00,435 [4e46457f-d5b5-434d-8287-a8df99f47ca3@group-0776172ACDE5-LeaderElection2] INFO  ha.SCMStateMachine (SCMStateMachine.java:notifyLeaderChanged(293)) - current SCM becomes leader of term 2.
2025-08-26 23:00:00,436 [4e46457f-d5b5-434d-8287-a8df99f47ca3@group-0776172ACDE5-LeaderElection2] INFO  ha.SCMContext (SCMContext.java:updateLeaderAndTerm(95)) - update <isLeader,term> from <false,0> to <true,2>
2025-08-26 23:00:00,438 [4e46457f-d5b5-434d-8287-a8df99f47ca3@group-0776172ACDE5-LeaderElection2] INFO  server.RaftServer$Division (ServerState.java:setLeader(272)) - 4e46457f-d5b5-434d-8287-a8df99f47ca3@group-0776172ACDE5: change Leader from null to 4e46457f-d5b5-434d-8287-a8df99f47ca3 at term 2 for becomeLeader, leader elected after 1932ms
2025-08-26 23:00:00,439 [4e46457f-d5b5-434d-8287-a8df99f47ca3@group-0776172ACDE5-LeaderElection2] INFO  segmented.SegmentedRaftLogWorker (SegmentedRaftLogWorker.java:rollLogSegment(445)) - 4e46457f-d5b5-434d-8287-a8df99f47ca3@group-0776172ACDE5-SegmentedRaftLogWorker: Rolling segment log-0_0 to index:0
2025-08-26 23:00:00,440 [4e46457f-d5b5-434d-8287-a8df99f47ca3@group-0776172ACDE5-LeaderElection2] INFO  server.RaftServer$Division (ServerState.java:setRaftConf(386)) - 4e46457f-d5b5-434d-8287-a8df99f47ca3@group-0776172ACDE5: set configuration conf: {index: 1, cur=peers:[4e46457f-d5b5-434d-8287-a8df99f47ca3|localhost:15004]|listeners:[], old=null}
2025-08-26 23:00:00,440 [4e46457f-d5b5-434d-8287-a8df99f47ca3@group-0776172ACDE5-SegmentedRaftLogWorker] INFO  segmented.SegmentedRaftLogWorker (SegmentedRaftLogWorker.java:execute(604)) - 4e46457f-d5b5-434d-8287-a8df99f47ca3@group-0776172ACDE5-SegmentedRaftLogWorker: Rolled log segment from /home/runner/work/ozone/ozone/hadoop-ozone/integration-test/target/test-dir/MiniOzoneClusterImpl-e1e8c2db-2c44-4027-b96b-0776172acde5/scm/ratis/e1e8c2db-2c44-4027-b96b-0776172acde5/current/log_inprogress_0 to /home/runner/work/ozone/ozone/hadoop-ozone/integration-test/target/test-dir/MiniOzoneClusterImpl-e1e8c2db-2c44-4027-b96b-0776172acde5/scm/ratis/e1e8c2db-2c44-4027-b96b-0776172acde5/current/log_0-0
2025-08-26 23:00:00,442 [4e46457f-d5b5-434d-8287-a8df99f47ca3@group-0776172ACDE5-SegmentedRaftLogWorker] INFO  segmented.BufferedWriteChannel (BufferedWriteChannel.java:open(61)) - open log_inprogress_1 at position 0
2025-08-26 23:00:00,450 [4e46457f-d5b5-434d-8287-a8df99f47ca3@group-0776172ACDE5-SegmentedRaftLogWorker] INFO  segmented.SegmentedRaftLogWorker (SegmentedRaftLogWorker.java:execute(647)) - 4e46457f-d5b5-434d-8287-a8df99f47ca3@group-0776172ACDE5-SegmentedRaftLogWorker: created new log segment /home/runner/work/ozone/ozone/hadoop-ozone/integration-test/target/test-dir/MiniOzoneClusterImpl-e1e8c2db-2c44-4027-b96b-0776172acde5/scm/ratis/e1e8c2db-2c44-4027-b96b-0776172acde5/current/log_inprogress_1
2025-08-26 23:00:00,453 [4e46457f-d5b5-434d-8287-a8df99f47ca3@group-0776172ACDE5-StateMachineUpdater] INFO  server.RaftServer$Division (LeaderStateImpl.java:checkStartIndex(309)) - Leader 4e46457f-d5b5-434d-8287-a8df99f47ca3@group-0776172ACDE5-LeaderStateImpl is ready since appliedIndex == startIndex == 1
2025-08-26 23:00:00,453 [4e46457f-d5b5-434d-8287-a8df99f47ca3@group-0776172ACDE5-StateMachineUpdater] INFO  ha.SCMContext (SCMContext.java:setLeaderReady(122)) - update <isLeaderReady> from <false> to <true>
2025-08-26 23:00:00,454 [4e46457f-d5b5-434d-8287-a8df99f47ca3@group-0776172ACDE5-StateMachineUpdater] INFO  pipeline.BackgroundPipelineCreator (BackgroundPipelineCreator.java:notifyStatusChanged(268)) - Service BackgroundPipelineCreator transitions to RUNNING.
2025-08-26 23:00:00,455 [4e46457f-d5b5-434d-8287-a8df99f47ca3@group-0776172ACDE5-StateMachineUpdater] INFO  safemode.RatisContainerSafeModeRule (RatisContainerSafeModeRule.java:initializeRule(160)) - Refreshed Containers with one replica threshold count 0.
2025-08-26 23:00:00,455 [4e46457f-d5b5-434d-8287-a8df99f47ca3@group-0776172ACDE5-StateMachineUpdater] INFO  safemode.HealthyPipelineSafeModeRule (HealthyPipelineSafeModeRule.java:initializeRule(228)) - Refreshed total pipeline count is 0, healthy pipeline threshold count is 0
2025-08-26 23:00:00,455 [4e46457f-d5b5-434d-8287-a8df99f47ca3@group-0776172ACDE5-StateMachineUpdater] INFO  safemode.ECContainerSafeModeRule (ECContainerSafeModeRule.java:initializeRule(204)) - Refreshed Containers with ec n replica threshold count 0.
2025-08-26 23:00:00,455 [4e46457f-d5b5-434d-8287-a8df99f47ca3@group-0776172ACDE5-StateMachineUpdater] INFO  safemode.OneReplicaPipelineSafeModeRule (OneReplicaPipelineSafeModeRule.java:initializeRule(186)) - Refreshed Total pipeline count is 0, pipeline's with at least one datanode reported threshold count is 0
2025-08-26 23:00:00,455 [4e46457f-d5b5-434d-8287-a8df99f47ca3@group-0776172ACDE5-StateMachineUpdater] INFO  server.SCMDatanodeProtocolServer (SCMDatanodeProtocolServer.java:start(195)) - ScmDatanodeProtocol RPC server for DataNodes is listening at /0.0.0.0:15002
2025-08-26 23:00:00,456 [IPC Server Responder] INFO  ipc.Server (Server.java:run(1713)) - IPC Server Responder: starting
2025-08-26 23:00:00,456 [IPC Server listener on 15002] INFO  ipc.Server (Server.java:run(1553)) - IPC Server listener on 15002: starting
2025-08-26 23:00:00,489 [ForkJoinPool-1-worker-1] INFO  utils.BackgroundService (BackgroundService.java:start(119)) - Starting service SnapshotDiffCleanupService with interval 60000 milliseconds
2025-08-26 23:00:00,536 [ForkJoinPool-1-worker-1] INFO  om.OzoneManager (OzoneManager.java:addS3GVolumeToDB(4707)) - Created Volume s3v With Owner runner required for S3Gateway operations.
2025-08-26 23:00:00,605 [ForkJoinPool-1-worker-1] WARN  dropwizard3.Dm3MetricRegistriesImpl (Dm3MetricRegistriesImpl.java:addReporterRegistration(114)) - New reporters are added after registries were created. Some metrics will be missing from the reporter. Please add reporter before adding any new registry.
2025-08-26 23:00:00,605 [ForkJoinPool-1-worker-1] WARN  dropwizard3.Dm3MetricRegistriesImpl (Dm3MetricRegistriesImpl.java:addReporterRegistration(114)) - New reporters are added after registries were created. Some metrics will be missing from the reporter. Please add reporter before adding any new registry.
2025-08-26 23:00:00,608 [ForkJoinPool-1-worker-1] INFO  server.RaftServerConfigKeys (ConfUtils.java:logGet(62)) - raft.server.log.appender.buffer.byte-limit = 4194304 (custom)
2025-08-26 23:00:00,613 [ForkJoinPool-1-worker-1] INFO  ratis.OzoneManagerRatisServer (OzoneManagerRatisServer.java:<init>(167)) - Instantiating OM Ratis server with groupID: omServiceIdDefault and peers: localhost:15009
2025-08-26 23:00:00,621 [ForkJoinPool-1-worker-1] INFO  ratis.OzoneManagerStateMachine (OzoneManagerStateMachine.java:loadSnapshotInfoFromDB(618)) - TransactionInfo not found in OM DB.
2025-08-26 23:00:00,665 [ForkJoinPool-1-worker-1] INFO  grpc.GrpcConfigKeys (ConfUtils.java:logFallback(69)) - raft.grpc.admin.host = null (fallback to raft.grpc.server.host)
2025-08-26 23:00:00,665 [ForkJoinPool-1-worker-1] INFO  grpc.GrpcConfigKeys (ConfUtils.java:logFallback(69)) - raft.grpc.admin.port = 15009 (fallback to raft.grpc.server.port)
2025-08-26 23:00:00,666 [ForkJoinPool-1-worker-1] INFO  grpc.GrpcConfigKeys (ConfUtils.java:logFallback(69)) - raft.grpc.client.host = null (fallback to raft.grpc.server.host)
2025-08-26 23:00:00,666 [ForkJoinPool-1-worker-1] INFO  grpc.GrpcConfigKeys (ConfUtils.java:logFallback(69)) - raft.grpc.client.port = 15009 (fallback to raft.grpc.server.port)
2025-08-26 23:00:00,666 [ForkJoinPool-1-worker-1] INFO  grpc.GrpcConfigKeys (ConfUtils.java:logGet(62)) - raft.grpc.server.port = 15009 (custom)
2025-08-26 23:00:00,666 [ForkJoinPool-1-worker-1] INFO  server.GrpcServicesImpl (ConfUtils.java:logGet(62)) - raft.grpc.message.size.max = 5242880 (custom)
2025-08-26 23:00:00,666 [ForkJoinPool-1-worker-1] INFO  server.RaftServerConfigKeys (ConfUtils.java:logGet(62)) - raft.server.rpc.request.timeout = 3000ms (default)
2025-08-26 23:00:00,667 [ForkJoinPool-1-worker-1] INFO  server.RaftServerConfigKeys (ConfUtils.java:logGet(62)) - raft.server.log.appender.buffer.byte-limit = 4194304 (custom)
2025-08-26 23:00:00,668 [ForkJoinPool-1-worker-1] INFO  server.RaftServerConfigKeys (ConfUtils.java:logGet(62)) - raft.server.storage.dir = [/home/runner/work/ozone/ozone/hadoop-ozone/integration-test/target/test-dir/MiniOzoneClusterImpl-e1e8c2db-2c44-4027-b96b-0776172acde5/om/ratis] (custom)
2025-08-26 23:00:00,668 [ForkJoinPool-1-worker-1] INFO  server.RaftServer (RaftServerProxy.java:addNew(105)) - om1: addNew group-C5BA1605619E:[om1|localhost:15009] returns group-C5BA1605619E:java.util.concurrent.CompletableFuture@2027913d[Not completed]
2025-08-26 23:00:00,669 [om1-groupManagement] INFO  server.RaftServer$Division (RaftServerImpl.java:<init>(268)) - om1: new RaftServerImpl for group-C5BA1605619E:[om1|localhost:15009] with OzoneManagerStateMachine:uninitialized
2025-08-26 23:00:00,669 [om1-groupManagement] INFO  server.RaftServerConfigKeys (ConfUtils.java:logGet(62)) - raft.server.rpc.timeout.min = 1s (custom)
2025-08-26 23:00:00,669 [om1-groupManagement] INFO  server.RaftServerConfigKeys (ConfUtils.java:logGet(62)) - raft.server.rpc.timeout.max = 1200ms (custom)
2025-08-26 23:00:00,669 [om1-groupManagement] INFO  server.RaftServer$Division (ServerState.java:<init>(114)) - om1@group-C5BA1605619E: ConfigurationManager, init=conf: {index: -1, cur=peers:[om1|localhost:15009]|listeners:[], old=null}, confs=<EMPTY_MAP>
2025-08-26 23:00:00,670 [om1-groupManagement] INFO  server.RaftServerConfigKeys (ConfUtils.java:logGet(62)) - raft.server.notification.no-leader.timeout = 120s (custom)
2025-08-26 23:00:00,670 [om1-groupManagement] INFO  server.RaftServerConfigKeys (ConfUtils.java:logGet(62)) - raft.server.retrycache.expirytime = 300s (custom)
2025-08-26 23:00:00,672 [ForkJoinPool-1-worker-1] INFO  om.OzoneManager (OzoneManager.java:initializeRatisServer(2338)) - OzoneManager Ratis server initialized at port 15009
2025-08-26 23:00:00,685 [ForkJoinPool-1-worker-1] INFO  om.OzoneManager (OzoneManager.java:getRpcServer(1390)) - Creating RPC Server
2025-08-26 23:00:01,410 [ForkJoinPool-1-worker-1] INFO  reflections.Reflections (Reflections.java:scan(219)) - Reflections took 671 ms to scan 24 urls, producing 61 keys and 7884 values
2025-08-26 23:00:01,596 [ForkJoinPool-1-worker-1] INFO  ipc.CallQueueManager (CallQueueManager.java:<init>(93)) - Using callQueue: class java.util.concurrent.LinkedBlockingQueue, queueCapacity: 2000, scheduler: class org.apache.hadoop.ipc.DefaultRpcScheduler, ipcBackoff: false, ipcFailOver: false.
2025-08-26 23:00:01,607 [ForkJoinPool-1-worker-1] INFO  ipc.Server (Server.java:<init>(1438)) - Listener at 127.0.0.1:15006
2025-08-26 23:00:01,612 [Socket Reader #1 for port 15006] INFO  ipc.Server (Server.java:run(1474)) - Starting Socket Reader #1 for port 15006
2025-08-26 23:00:01,612 [Socket Reader #2 for port 15006] INFO  ipc.Server (Server.java:run(1474)) - Starting Socket Reader #2 for port 15006
2025-08-26 23:00:01,614 [Socket Reader #3 for port 15006] INFO  ipc.Server (Server.java:run(1474)) - Starting Socket Reader #3 for port 15006
2025-08-26 23:00:01,615 [Socket Reader #4 for port 15006] INFO  ipc.Server (Server.java:run(1474)) - Starting Socket Reader #4 for port 15006
2025-08-26 23:00:01,615 [Socket Reader #5 for port 15006] INFO  ipc.Server (Server.java:run(1474)) - Starting Socket Reader #5 for port 15006
2025-08-26 23:00:01,618 [Socket Reader #6 for port 15006] INFO  ipc.Server (Server.java:run(1474)) - Starting Socket Reader #6 for port 15006
2025-08-26 23:00:01,618 [Socket Reader #7 for port 15006] INFO  ipc.Server (Server.java:run(1474)) - Starting Socket Reader #7 for port 15006
2025-08-26 23:00:01,618 [Socket Reader #8 for port 15006] INFO  ipc.Server (Server.java:run(1474)) - Starting Socket Reader #8 for port 15006
2025-08-26 23:00:01,619 [Socket Reader #9 for port 15006] INFO  ipc.Server (Server.java:run(1474)) - Starting Socket Reader #9 for port 15006
2025-08-26 23:00:01,619 [Socket Reader #10 for port 15006] INFO  ipc.Server (Server.java:run(1474)) - Starting Socket Reader #10 for port 15006
2025-08-26 23:00:01,698 [ForkJoinPool-1-worker-1] INFO  impl.MetricsSystemImpl (MetricsSystemImpl.java:init(158)) - OzoneManager metrics system started (again)
2025-08-26 23:00:01,716 [ForkJoinPool-1-worker-1] INFO  om.OzoneManager (OzoneManager.java:start(1822)) - OzoneManager RPC server is listening at localhost/127.0.0.1:15006
2025-08-26 23:00:01,716 [ForkJoinPool-1-worker-1] INFO  ratis.OzoneManagerRatisServer (OzoneManagerRatisServer.java:start(628)) - Starting OzoneManagerRatisServer om1 at port 15009
2025-08-26 23:00:01,717 [om1-impl-thread1] INFO  storage.RaftStorageDirectory (RaftStorageDirectoryImpl.java:analyzeStorage(138)) - The storage directory /home/runner/work/ozone/ozone/hadoop-ozone/integration-test/target/test-dir/MiniOzoneClusterImpl-e1e8c2db-2c44-4027-b96b-0776172acde5/om/ratis/bf265839-605b-3f16-9796-c5ba1605619e does not exist. Creating ...
2025-08-26 23:00:01,718 [om1-impl-thread1] INFO  storage.RaftStorageDirectory (RaftStorageDirectoryImpl.java:tryLock(229)) - Lock on /home/runner/work/ozone/ozone/hadoop-ozone/integration-test/target/test-dir/MiniOzoneClusterImpl-e1e8c2db-2c44-4027-b96b-0776172acde5/om/ratis/bf265839-605b-3f16-9796-c5ba1605619e/in_use.lock acquired by nodename 9091@localhost
2025-08-26 23:00:01,719 [om1-impl-thread1] INFO  storage.RaftStorage (RaftStorageImpl.java:format(98)) - Storage directory /home/runner/work/ozone/ozone/hadoop-ozone/integration-test/target/test-dir/MiniOzoneClusterImpl-e1e8c2db-2c44-4027-b96b-0776172acde5/om/ratis/bf265839-605b-3f16-9796-c5ba1605619e has been successfully formatted.
2025-08-26 23:00:01,720 [om1-impl-thread1] INFO  ratis.OzoneManagerStateMachine (OzoneManagerStateMachine.java:lambda$0(138)) - om1: initialize group-C5BA1605619E with <INITIAL_VALUE>
2025-08-26 23:00:01,720 [om1-impl-thread1] INFO  server.RaftServerConfigKeys (ConfUtils.java:logGet(62)) - raft.server.log.appender.buffer.byte-limit = 4194304 (custom)
2025-08-26 23:00:01,724 [om1-impl-thread1] INFO  server.RaftServerConfigKeys (ConfUtils.java:logGet(62)) - raft.server.log.segment.size.max = 67108864 (custom)
2025-08-26 23:00:01,724 [om1-impl-thread1] INFO  server.RaftServerConfigKeys (ConfUtils.java:logGet(62)) - raft.server.log.appender.buffer.byte-limit = 4194304 (custom)
2025-08-26 23:00:01,724 [om1-impl-thread1] INFO  util.AwaitToRun (AwaitToRun.java:start(81)) - Thread[#461,om1@group-C5BA1605619E-cacheEviction-AwaitToRun,5,main] started
2025-08-26 23:00:01,724 [om1-impl-thread1] INFO  segmented.SegmentedRaftLogWorker (SegmentedRaftLogWorker.java:<init>(190)) - new om1@group-C5BA1605619E-SegmentedRaftLogWorker for RaftStorageImpl:Storage Directory /home/runner/work/ozone/ozone/hadoop-ozone/integration-test/target/test-dir/MiniOzoneClusterImpl-e1e8c2db-2c44-4027-b96b-0776172acde5/om/ratis/bf265839-605b-3f16-9796-c5ba1605619e
2025-08-26 23:00:01,725 [om1-impl-thread1] INFO  server.RaftServerConfigKeys (ConfUtils.java:logGet(62)) - raft.server.log.segment.size.max = 67108864 (custom)
2025-08-26 23:00:01,725 [om1-impl-thread1] INFO  server.RaftServerConfigKeys (ConfUtils.java:logGet(62)) - raft.server.log.preallocated.size = 4194304 (custom)
2025-08-26 23:00:01,725 [om1-impl-thread1] INFO  server.RaftServerConfigKeys (ConfUtils.java:logGet(62)) - raft.server.log.write.buffer.size = 4194312 (custom)
2025-08-26 23:00:01,726 [om1-impl-thread1] INFO  server.RaftServerConfigKeys (ConfUtils.java:logGet(62)) - raft.server.log.appender.buffer.byte-limit = 4194304 (custom)
2025-08-26 23:00:01,726 [om1-impl-thread1] INFO  segmented.SegmentedRaftLogWorker (SegmentedRaftLogWorker.java:lambda$new$0(141)) - om1@group-C5BA1605619E-SegmentedRaftLogWorker: flushIndex: setUnconditionally 0 -> -1
2025-08-26 23:00:01,726 [om1-impl-thread1] INFO  segmented.SegmentedRaftLogWorker (SegmentedRaftLogWorker.java:lambda$new$0(141)) - om1@group-C5BA1605619E-SegmentedRaftLogWorker: safeCacheEvictIndex: setUnconditionally 0 -> -1
2025-08-26 23:00:01,726 [om1-impl-thread1] INFO  server.RaftServer$Division (RaftServerImpl.java:start(405)) - om1@group-C5BA1605619E: start as a follower, conf=conf: {index: -1, cur=peers:[om1|localhost:15009]|listeners:[], old=null}
2025-08-26 23:00:01,727 [om1-impl-thread1] INFO  server.RaftServer$Division (RaftServerImpl.java:setRole(392)) - om1@group-C5BA1605619E: changes role from      null to FOLLOWER at term 0 for startAsFollower
2025-08-26 23:00:01,727 [om1-impl-thread1] INFO  impl.RoleInfo (RoleInfo.java:updateAndGet(148)) - om1: start om1@group-C5BA1605619E-FollowerState
2025-08-26 23:00:01,727 [om1-impl-thread1] INFO  util.JmxRegister (JmxRegister.java:tryRegister(44)) - Successfully registered JMX Bean with object name Ratis:service=RaftServer,group=group-C5BA1605619E,id=om1
2025-08-26 23:00:01,727 [om1-impl-thread1] INFO  util.JmxRegister (JmxRegister.java:register(58)) - register mxBean class org.apache.ratis.server.impl.RaftServerJmxAdapter as Ratis:service=RaftServer,group=group-C5BA1605619E,id=om1
2025-08-26 23:00:01,727 [om1-impl-thread1] INFO  server.RaftServerConfigKeys (ConfUtils.java:logGet(62)) - raft.server.snapshot.auto.trigger.threshold = 400000 (default)
2025-08-26 23:00:01,728 [om1@group-C5BA1605619E-FollowerState] INFO  server.RaftServerConfigKeys (ConfUtils.java:logFallback(69)) - raft.server.rpc.first-election.timeout.min = 1s (fallback to raft.server.rpc.timeout.min)
2025-08-26 23:00:01,728 [om1@group-C5BA1605619E-FollowerState] INFO  server.RaftServerConfigKeys (ConfUtils.java:logFallback(69)) - raft.server.rpc.first-election.timeout.max = 1200ms (fallback to raft.server.rpc.timeout.max)
2025-08-26 23:00:01,728 [om1-impl-thread1] INFO  server.RaftServerConfigKeys (ConfUtils.java:logGet(62)) - raft.server.log.purge.upto.snapshot.index = true (custom)
2025-08-26 23:00:01,729 [om1-impl-thread1] INFO  server.RaftServer$Division (RaftServerImpl.java:start(419)) - om1@group-C5BA1605619E: Successfully started.
2025-08-26 23:00:01,730 [ForkJoinPool-1-worker-1] INFO  server.RaftServer (RaftServerProxy.java:startImpl(412)) - om1: start RPC server
2025-08-26 23:00:01,730 [ForkJoinPool-1-worker-1] INFO  server.GrpcServicesImpl (GrpcServicesImpl.java:startImpl(346)) - om1: GrpcServicesImpl started, listening on 15009
2025-08-26 23:00:01,731 [JvmPauseMonitor2] INFO  util.JvmPauseMonitor (JvmPauseMonitor.java:run(146)) - JvmPauseMonitor-om1: Started
2025-08-26 23:00:01,732 [ForkJoinPool-1-worker-1] INFO  om.OzoneManager (OzoneManager.java:start(1837)) - Version File has different layout version (8) than OM DB (null). That is expected if this OM has never been finalized to a newer layout version.
2025-08-26 23:00:01,870 [ForkJoinPool-1-worker-1] INFO  client.ScmTopologyClient (ScmTopologyClient.java:start(70)) - Initial network topology fetched from SCM: /.
2025-08-26 23:00:01,870 [ForkJoinPool-1-worker-1] INFO  net.NodeSchemaLoader (NodeSchemaLoader.java:loadSchemaFromFile(128)) - Loading schema from [jar:file:/home/runner/work/ozone/ozone/hadoop-hdds/common/target/hdds-common-2.1.0-SNAPSHOT.jar!/network-topology-default.xml]
2025-08-26 23:00:01,871 [ForkJoinPool-1-worker-1] INFO  net.NodeSchemaLoader (NodeSchemaLoader.java:loadSchema(175)) - Loading network topology layer schema file
2025-08-26 23:00:01,879 [ForkJoinPool-1-worker-1] INFO  utils.BackgroundService (BackgroundService.java:start(119)) - Starting service KeyDeletingService with interval 60000 milliseconds
2025-08-26 23:00:01,883 [ForkJoinPool-1-worker-1] INFO  utils.BackgroundService (BackgroundService.java:start(119)) - Starting service DirectoryDeletingService with interval 120000 milliseconds
2025-08-26 23:00:01,885 [ForkJoinPool-1-worker-1] INFO  utils.BackgroundService (BackgroundService.java:start(119)) - Starting service OpenKeyCleanupService with interval 86400000 milliseconds
2025-08-26 23:00:01,887 [ForkJoinPool-1-worker-1] INFO  utils.BackgroundService (BackgroundService.java:start(119)) - Starting service SstFilteringService with interval 60000 milliseconds
2025-08-26 23:00:01,889 [ForkJoinPool-1-worker-1] INFO  utils.BackgroundService (BackgroundService.java:start(119)) - Starting service SnapshotDeletingService with interval 30000 milliseconds
2025-08-26 23:00:01,890 [ForkJoinPool-1-worker-1] INFO  utils.BackgroundService (BackgroundService.java:start(119)) - Starting service MultipartUploadCleanupService with interval 86400000 milliseconds
2025-08-26 23:00:01,893 [ForkJoinPool-1-worker-1] INFO  http.BaseHttpServer (BaseHttpServer.java:newHttpServer2BuilderForOzone(227)) - Starting Web-server for ozoneManager at: http://0.0.0.0:15007
2025-08-26 23:00:01,894 [ForkJoinPool-1-worker-1] INFO  http.BaseHttpServer (BaseHttpServer.java:<init>(105)) - Hadoop Security Enabled: false Ozone Security Enabled: false Ozone HTTP Security Enabled: false 
2025-08-26 23:00:01,896 [ForkJoinPool-1-worker-1] WARN  server.AuthenticationFilter (AuthenticationFilter.java:constructSecretProvider(240)) - Unable to initialize FileSignerSecretProvider, falling back to use random secrets. Reason: Could not read signature secret file: /home/runner/hadoop-http-auth-signature-secret
2025-08-26 23:00:01,899 [ForkJoinPool-1-worker-1] INFO  http.HttpServer2 (HttpServer2.java:addGlobalFilter(1042)) - Added global filter 'safety' (class=org.apache.hadoop.hdds.server.http.HttpServer2$QuotingInputFilter)
2025-08-26 23:00:01,900 [ForkJoinPool-1-worker-1] INFO  http.HttpServer2 (HttpServer2.java:addFilter(1018)) - Added filter static_user_filter (class=org.apache.hadoop.http.lib.StaticUserWebFilter$StaticUserFilter) to context ozoneManager
2025-08-26 23:00:01,900 [ForkJoinPool-1-worker-1] INFO  http.HttpServer2 (HttpServer2.java:addFilter(1026)) - Added filter static_user_filter (class=org.apache.hadoop.http.lib.StaticUserWebFilter$StaticUserFilter) to context static
2025-08-26 23:00:01,901 [ForkJoinPool-1-worker-1] INFO  http.HttpServer2 (HttpServer2.java:addFilter(1026)) - Added filter static_user_filter (class=org.apache.hadoop.http.lib.StaticUserWebFilter$StaticUserFilter) to context logs
2025-08-26 23:00:01,901 [ForkJoinPool-1-worker-1] INFO  http.BaseHttpServer (BaseHttpServer.java:<init>(193)) - HTTP server of ozoneManager uses base directory /home/runner/work/ozone/ozone/hadoop-ozone/integration-test/target/test-dir/MiniOzoneClusterImpl-e1e8c2db-2c44-4027-b96b-0776172acde5/scm/ozone-metadata/webserver
2025-08-26 23:00:01,904 [ForkJoinPool-1-worker-1] INFO  http.HttpServer2 (HttpServer2.java:bindListener(1242)) - Jetty bound to port 15007
2025-08-26 23:00:01,905 [ForkJoinPool-1-worker-1] INFO  server.Server (Server.java:doStart(375)) - jetty-9.4.57.v20241219; built: 2025-01-08T21:24:30.412Z; git: df524e6b29271c2e09ba9aea83c18dc9db464a31; jvm 21.0.8+9-LTS
2025-08-26 23:00:01,907 [ForkJoinPool-1-worker-1] INFO  server.session (DefaultSessionIdManager.java:doStart(334)) - DefaultSessionIdManager workerName=node0
2025-08-26 23:00:01,907 [ForkJoinPool-1-worker-1] INFO  server.session (DefaultSessionIdManager.java:doStart(339)) - No SessionScavenger set, using defaults
2025-08-26 23:00:01,907 [ForkJoinPool-1-worker-1] INFO  server.session (HouseKeeper.java:startScavenging(132)) - node0 Scavenging every 600000ms
2025-08-26 23:00:01,908 [ForkJoinPool-1-worker-1] INFO  handler.ContextHandler (ContextHandler.java:doStart(921)) - Started o.e.j.s.ServletContextHandler@4c67d8f{logs,/logs,file:///home/runner/work/ozone/ozone/hadoop-ozone/integration-test/target/log,AVAILABLE}
2025-08-26 23:00:01,908 [ForkJoinPool-1-worker-1] INFO  handler.ContextHandler (ContextHandler.java:doStart(921)) - Started o.e.j.s.ServletContextHandler@d9d602d{static,/static,file:///home/runner/work/ozone/ozone/hadoop-ozone/integration-test/target/test-classes/webapps/static,AVAILABLE}
2025-08-26 23:00:01,918 [ForkJoinPool-1-worker-1] INFO  handler.ContextHandler (ContextHandler.java:doStart(921)) - Started o.e.j.w.WebAppContext@58c691d1{ozoneManager,/,file:///home/runner/work/ozone/ozone/hadoop-ozone/integration-test/target/test-classes/webapps/ozoneManager/,AVAILABLE}{file:/home/runner/work/ozone/ozone/hadoop-ozone/integration-test/target/test-classes/webapps/ozoneManager}
2025-08-26 23:00:01,919 [ForkJoinPool-1-worker-1] INFO  server.AbstractConnector (AbstractConnector.java:doStart(333)) - Started ServerConnector@6ceb5579{HTTP/1.1, (http/1.1)}{0.0.0.0:15007}
2025-08-26 23:00:01,919 [ForkJoinPool-1-worker-1] INFO  server.Server (Server.java:doStart(415)) - Started @9861ms
2025-08-26 23:00:01,919 [ForkJoinPool-1-worker-1] WARN  impl.MetricsSystemImpl (MetricsSystemImpl.java:register(279)) - Sink prometheus already exists!
2025-08-26 23:00:01,919 [ForkJoinPool-1-worker-1] INFO  http.BaseHttpServer (BaseHttpServer.java:updateConnectorAddress(357)) - HTTP server of ozoneManager listening at http://localhost:15007
2025-08-26 23:00:01,920 [IPC Server Responder] INFO  ipc.Server (Server.java:run(1713)) - IPC Server Responder: starting
2025-08-26 23:00:01,920 [IPC Server listener on 15006] INFO  ipc.Server (Server.java:run(1553)) - IPC Server listener on 15006: starting
2025-08-26 23:00:01,924 [ForkJoinPool-1-worker-1] INFO  om.OzoneManager (OzoneManager.java:startTrashEmptier(2292)) - Trash Interval set to 0. Files deleted won't move to trash
2025-08-26 23:00:01,939 [ForkJoinPool-1-worker-1] INFO  db.CodecBuffer (CodecBuffer.java:set(85)) - Successfully set constructor to LeakDetector::newCodecBuffer: org.apache.hadoop.hdds.utils.db.CodecBuffer$$Lambda/0x00007fdac08264f8@769046ce
2025-08-26 23:00:01,991 [ForkJoinPool-1-worker-1] WARN  dropwizard3.Dm3MetricRegistriesImpl (Dm3MetricRegistriesImpl.java:addReporterRegistration(114)) - New reporters are added after registries were created. Some metrics will be missing from the reporter. Please add reporter before adding any new registry.
2025-08-26 23:00:01,992 [ForkJoinPool-1-worker-1] WARN  dropwizard3.Dm3MetricRegistriesImpl (Dm3MetricRegistriesImpl.java:addReporterRegistration(114)) - New reporters are added after registries were created. Some metrics will be missing from the reporter. Please add reporter before adding any new registry.
2025-08-26 23:00:01,992 [ForkJoinPool-1-worker-1] INFO  impl.MetricsSystemImpl (MetricsSystemImpl.java:init(158)) - HddsDatanode metrics system started (again)
2025-08-26 23:00:02,013 [ForkJoinPool-1-worker-1] INFO  protocol.DatanodeDetails (DatanodeDetails.java:validateDatanodeIpAddress(199)) - Updating IP address of datanode 7420b776-6bfd-4a7d-bfbb-e04d23e6ae1c(localhost/null) to 127.0.0.1
2025-08-26 23:00:02,013 [ForkJoinPool-1-worker-1] INFO  ozone.HddsDatanodeService (HddsDatanodeService.java:start(236)) - HddsDatanodeService 7420b776-6bfd-4a7d-bfbb-e04d23e6ae1c(localhost/127.0.0.1)
2025-08-26 23:00:02,019 [ForkJoinPool-1-worker-1] INFO  upgrade.AbstractLayoutVersionManager (AbstractLayoutVersionManager.java:init(80)) - Initializing Layout version manager with metadata layout = WITNESSED_CONTAINER_DB_PROTO_VALUE (version = 9), software layout = WITNESSED_CONTAINER_DB_PROTO_VALUE (version = 9)
2025-08-26 23:00:02,021 [ForkJoinPool-1-worker-1] INFO  statemachine.DatanodeStateMachine (DatanodeStateMachine.java:getEndPointTaskThreadPoolSize(305)) - Datanode State Machine Task Thread Pool size 2
2025-08-26 23:00:02,079 [ForkJoinPool-1-worker-1] INFO  volume.HddsVolume (HddsVolume.java:<init>(162)) - HddsVolume: { id=DS-35090f51-5173-4d73-9076-8eb8b8bc9459 dir=/home/runner/work/ozone/ozone/hadoop-ozone/integration-test/target/test-dir/MiniOzoneClusterImpl-e1e8c2db-2c44-4027-b96b-0776172acde5/ozone-metadata/datanode-1/data-0/hdds type=DISK capacity=9222449699674390527 used=0 available=9222449699674390527 minFree=9222450130714624 committed=0 }
2025-08-26 23:00:02,079 [ForkJoinPool-1-worker-1] INFO  volume.MutableVolumeSet (MutableVolumeSet.java:initializeVolumeSet(175)) - Added Volume : /home/runner/work/ozone/ozone/hadoop-ozone/integration-test/target/test-dir/MiniOzoneClusterImpl-e1e8c2db-2c44-4027-b96b-0776172acde5/ozone-metadata/datanode-1/data-0/hdds to VolumeSet
2025-08-26 23:00:02,083 [ForkJoinPool-1-worker-1] INFO  volume.MutableVolumeSet (MutableVolumeSet.java:initializeVolumeSet(175)) - Added Volume : /home/runner/work/ozone/ozone/hadoop-ozone/integration-test/target/test-dir/MiniOzoneClusterImpl-e1e8c2db-2c44-4027-b96b-0776172acde5/ozone-metadata/datanode-1/ratis to VolumeSet
2025-08-26 23:00:02,087 [ForkJoinPool-1-worker-1] INFO  ozoneimpl.OzoneContainer (HddsVolumeUtil.java:loadAllHddsVolumeDbStore(102)) - Load 1 volumes DbStore cost: 1ms
2025-08-26 23:00:02,094 [ForkJoinPool-1-worker-1] WARN  db.DBStoreBuilder (DBStoreBuilder.java:getDBDirPath(158)) - ozone.scm.datanode.id.dir is not configured. We recommend adding this setting. Falling back to ozone.metadata.dirs instead.
2025-08-26 23:00:02,100 [ForkJoinPool-1-worker-1] WARN  db.DBStoreBuilder (DBStoreBuilder.java:getDBDirPath(158)) - ozone.scm.datanode.id.dir is not configured. We recommend adding this setting. Falling back to ozone.metadata.dirs instead.
2025-08-26 23:00:02,145 [ForkJoinPool-1-worker-1] INFO  impl.FilePerChunkStrategy (FilePerChunkStrategy.java:<init>(79)) - ozone.chunk.read.mapped.buffer.max.count is load with 0
2025-08-26 23:00:02,148 [ForkJoinPool-1-worker-1] INFO  impl.FilePerBlockStrategy (FilePerBlockStrategy.java:<init>(88)) - ozone.chunk.read.mapped.buffer.max.count is load with 0
2025-08-26 23:00:02,181 [ForkJoinPool-1-worker-1] INFO  audit.AuditLogger (AuditLogger.java:refreshDebugCmdSet(133)) - Refresh DebugCmdSet for DNAudit to [].
2025-08-26 23:00:02,195 [ForkJoinPool-1-worker-1] INFO  server.RaftServerConfigKeys (ConfUtils.java:logGet(62)) - raft.server.log.appender.buffer.byte-limit = 33554432 (custom)
2025-08-26 23:00:02,207 [ForkJoinPool-1-worker-1] INFO  grpc.GrpcConfigKeys (ConfUtils.java:logFallback(69)) - raft.grpc.admin.host = null (fallback to raft.grpc.server.host)
2025-08-26 23:00:02,207 [ForkJoinPool-1-worker-1] INFO  grpc.GrpcConfigKeys (ConfUtils.java:logGet(62)) - raft.grpc.admin.port = 15014 (custom)
2025-08-26 23:00:02,207 [ForkJoinPool-1-worker-1] INFO  grpc.GrpcConfigKeys (ConfUtils.java:logFallback(69)) - raft.grpc.client.host = null (fallback to raft.grpc.server.host)
2025-08-26 23:00:02,207 [ForkJoinPool-1-worker-1] INFO  grpc.GrpcConfigKeys (ConfUtils.java:logGet(62)) - raft.grpc.client.port = 15013 (custom)
2025-08-26 23:00:02,207 [ForkJoinPool-1-worker-1] INFO  grpc.GrpcConfigKeys (ConfUtils.java:logGet(62)) - raft.grpc.server.port = 15015 (custom)
2025-08-26 23:00:02,208 [ForkJoinPool-1-worker-1] INFO  server.GrpcServicesImpl (ConfUtils.java:logGet(62)) - raft.grpc.message.size.max = 34603008 (custom)
2025-08-26 23:00:02,208 [ForkJoinPool-1-worker-1] INFO  server.GrpcServicesImpl (ConfUtils.java:logGet(62)) - raft.grpc.flow.control.window = 5MB (=5242880) (custom)
2025-08-26 23:00:02,208 [ForkJoinPool-1-worker-1] INFO  server.RaftServerConfigKeys (ConfUtils.java:logGet(62)) - raft.server.rpc.request.timeout = 60s (custom)
2025-08-26 23:00:02,208 [ForkJoinPool-1-worker-1] INFO  server.RaftServerConfigKeys (ConfUtils.java:logGet(62)) - raft.server.log.appender.buffer.byte-limit = 33554432 (custom)
2025-08-26 23:00:02,210 [ForkJoinPool-1-worker-1] INFO  impl.DataStreamServerImpl (ConfUtils.java:logGet(62)) - raft.datastream.type = NETTY (custom)
2025-08-26 23:00:02,220 [ForkJoinPool-1-worker-1] INFO  server.RaftServerConfigKeys (ConfUtils.java:logGet(62)) - raft.server.data-stream.async.request.thread.pool.cached = false (default)
2025-08-26 23:00:02,221 [ForkJoinPool-1-worker-1] INFO  server.RaftServerConfigKeys (ConfUtils.java:logGet(62)) - raft.server.data-stream.async.request.thread.pool.size = 20 (custom)
2025-08-26 23:00:02,221 [ForkJoinPool-1-worker-1] INFO  server.RaftServerConfigKeys (ConfUtils.java:logGet(62)) - raft.server.data-stream.async.write.thread.pool.size = 16 (default)
2025-08-26 23:00:02,223 [ForkJoinPool-1-worker-1] INFO  netty.NettyConfigKeys$DataStream (ConfUtils.java:logGet(62)) - raft.netty.dataStream.server.channel.inactive.grace-period = 10min (default)
2025-08-26 23:00:02,223 [ForkJoinPool-1-worker-1] INFO  server.RaftServerConfigKeys (ConfUtils.java:logGet(62)) - raft.server.data-stream.client.pool.size = 10 (default)
2025-08-26 23:00:02,225 [ForkJoinPool-1-worker-1] INFO  netty.NettyConfigKeys$DataStream (ConfUtils.java:logGet(62)) - raft.netty.dataStream.server.use-epoll = true (default)
2025-08-26 23:00:02,225 [ForkJoinPool-1-worker-1] INFO  netty.NettyConfigKeys$DataStream (ConfUtils.java:logGet(62)) - raft.netty.dataStream.server.boss-group.size = 0 (default)
2025-08-26 23:00:02,226 [ForkJoinPool-1-worker-1] INFO  netty.NettyUtils (NettyUtils.java:newEventLoopGroup(74)) - Create EpollEventLoopGroup for 7420b776-6bfd-4a7d-bfbb-e04d23e6ae1c-NettyServerStreamRpc-bossGroup; Thread size is 0.
2025-08-26 23:00:02,226 [ForkJoinPool-1-worker-1] INFO  netty.NettyConfigKeys$DataStream (ConfUtils.java:logGet(62)) - raft.netty.dataStream.server.worker-group.size = 0 (default)
2025-08-26 23:00:02,227 [ForkJoinPool-1-worker-1] INFO  netty.NettyUtils (NettyUtils.java:newEventLoopGroup(74)) - Create EpollEventLoopGroup for 7420b776-6bfd-4a7d-bfbb-e04d23e6ae1c-NettyServerStreamRpc-workerGroup; Thread size is 0.
2025-08-26 23:00:02,228 [ForkJoinPool-1-worker-1] INFO  netty.NettyConfigKeys$DataStream (ConfUtils.java:logGet(62)) - raft.netty.dataStream.port = 15016 (custom)
2025-08-26 23:00:02,233 [ForkJoinPool-1-worker-1] INFO  server.RaftServerConfigKeys (ConfUtils.java:logGet(62)) - raft.server.storage.dir = [/home/runner/work/ozone/ozone/hadoop-ozone/integration-test/target/test-dir/MiniOzoneClusterImpl-e1e8c2db-2c44-4027-b96b-0776172acde5/ozone-metadata/datanode-1/ratis] (custom)
2025-08-26 23:00:02,234 [7420b776-6bfd-4a7d-bfbb-e04d23e6ae1c-impl-thread1] INFO  server.RaftServer (RaftServerProxy.java:initGroupDir(270)) - 7420b776-6bfd-4a7d-bfbb-e04d23e6ae1c: found a subdirectory /home/runner/work/ozone/ozone/hadoop-ozone/integration-test/target/test-dir/MiniOzoneClusterImpl-e1e8c2db-2c44-4027-b96b-0776172acde5/ozone-metadata/datanode-1/ratis/tmp
2025-08-26 23:00:02,234 [7420b776-6bfd-4a7d-bfbb-e04d23e6ae1c-impl-thread1] INFO  server.RaftServer (RaftServerProxy.java:initGroupDir(275)) - 7420b776-6bfd-4a7d-bfbb-e04d23e6ae1c: The directory /home/runner/work/ozone/ozone/hadoop-ozone/integration-test/target/test-dir/MiniOzoneClusterImpl-e1e8c2db-2c44-4027-b96b-0776172acde5/ozone-metadata/datanode-1/ratis/tmp is not a group directory; ignoring it. 
2025-08-26 23:00:02,237 [ForkJoinPool-1-worker-1] INFO  replication.ReplicationServer (ReplicationServer.java:<init>(84)) - Initializing replication server with thread count = 10 queue length = 4096
2025-08-26 23:00:02,242 [7420b776-6bfd-4a7d-bfbb-e04d23e6ae1c-NettyServerStreamRpc-bossGroup--thread1] INFO  logging.LoggingHandler (AbstractInternalLogger.java:log(148)) - [id: 0x052906d6] REGISTERED
2025-08-26 23:00:02,242 [7420b776-6bfd-4a7d-bfbb-e04d23e6ae1c-NettyServerStreamRpc-bossGroup--thread1] INFO  logging.LoggingHandler (AbstractInternalLogger.java:log(148)) - [id: 0x052906d6] BIND: 0.0.0.0/0.0.0.0:15016
2025-08-26 23:00:02,243 [7420b776-6bfd-4a7d-bfbb-e04d23e6ae1c-NettyServerStreamRpc-bossGroup--thread1] INFO  logging.LoggingHandler (AbstractInternalLogger.java:log(148)) - [id: 0x052906d6, L:/0.0.0.0:15016] ACTIVE
2025-08-26 23:00:02,255 [ForkJoinPool-1-worker-1] INFO  server.XceiverServerGrpc (XceiverServerGrpc.java:<init>(130)) - GrpcServer channel type EpollServerSocketChannel
2025-08-26 23:00:02,281 [ForkJoinPool-1-worker-1] INFO  replication.ReplicationSupervisor (ReplicationSupervisor.java:build(169)) - Initializing replication supervisor with thread count = 10
2025-08-26 23:00:02,283 [ForkJoinPool-1-worker-1] INFO  replication.ReplicationSupervisor (ReplicationSupervisor.java:nodeStateUpdated(358)) - Node state updated to IN_SERVICE, scaling executor pool size to 10
2025-08-26 23:00:02,305 [ForkJoinPool-1-worker-1] INFO  lib.Interns (Interns.java:removeEldestEntry(50)) - Metrics intern cache overflow at 2011 for MetricsSystem={MetricsSystem=MetricsInfoImpl{name=MetricsSystem, description=MetricsSystem}, MetricsSystem record=MetricsInfoImpl{name=MetricsSystem, description=MetricsSystem record}}
2025-08-26 23:00:02,334 [ForkJoinPool-1-worker-1] INFO  http.BaseHttpServer (BaseHttpServer.java:newHttpServer2BuilderForOzone(227)) - Starting Web-server for hddsDatanode at: http://0.0.0.0:15010
2025-08-26 23:00:02,335 [ForkJoinPool-1-worker-1] INFO  http.BaseHttpServer (BaseHttpServer.java:<init>(105)) - Hadoop Security Enabled: false Ozone Security Enabled: false Ozone HTTP Security Enabled: false 
2025-08-26 23:00:02,337 [ForkJoinPool-1-worker-1] WARN  server.AuthenticationFilter (AuthenticationFilter.java:constructSecretProvider(240)) - Unable to initialize FileSignerSecretProvider, falling back to use random secrets. Reason: Could not read signature secret file: /home/runner/hadoop-http-auth-signature-secret
2025-08-26 23:00:02,340 [ForkJoinPool-1-worker-1] INFO  http.HttpServer2 (HttpServer2.java:addGlobalFilter(1042)) - Added global filter 'safety' (class=org.apache.hadoop.hdds.server.http.HttpServer2$QuotingInputFilter)
2025-08-26 23:00:02,341 [ForkJoinPool-1-worker-1] INFO  http.HttpServer2 (HttpServer2.java:addFilter(1018)) - Added filter static_user_filter (class=org.apache.hadoop.http.lib.StaticUserWebFilter$StaticUserFilter) to context hddsDatanode
2025-08-26 23:00:02,341 [ForkJoinPool-1-worker-1] INFO  http.HttpServer2 (HttpServer2.java:addFilter(1026)) - Added filter static_user_filter (class=org.apache.hadoop.http.lib.StaticUserWebFilter$StaticUserFilter) to context static
2025-08-26 23:00:02,341 [ForkJoinPool-1-worker-1] INFO  http.HttpServer2 (HttpServer2.java:addFilter(1026)) - Added filter static_user_filter (class=org.apache.hadoop.http.lib.StaticUserWebFilter$StaticUserFilter) to context logs
2025-08-26 23:00:02,342 [ForkJoinPool-1-worker-1] INFO  http.BaseHttpServer (BaseHttpServer.java:<init>(193)) - HTTP server of hddsDatanode uses base directory /home/runner/work/ozone/ozone/hadoop-ozone/integration-test/target/test-dir/MiniOzoneClusterImpl-e1e8c2db-2c44-4027-b96b-0776172acde5/scm/ozone-metadata/webserver
2025-08-26 23:00:02,343 [ForkJoinPool-1-worker-1] INFO  http.HttpServer2 (HttpServer2.java:bindListener(1242)) - Jetty bound to port 15010
2025-08-26 23:00:02,343 [ForkJoinPool-1-worker-1] INFO  server.Server (Server.java:doStart(375)) - jetty-9.4.57.v20241219; built: 2025-01-08T21:24:30.412Z; git: df524e6b29271c2e09ba9aea83c18dc9db464a31; jvm 21.0.8+9-LTS
2025-08-26 23:00:02,344 [ForkJoinPool-1-worker-1] INFO  server.session (DefaultSessionIdManager.java:doStart(334)) - DefaultSessionIdManager workerName=node0
2025-08-26 23:00:02,344 [ForkJoinPool-1-worker-1] INFO  server.session (DefaultSessionIdManager.java:doStart(339)) - No SessionScavenger set, using defaults
2025-08-26 23:00:02,345 [ForkJoinPool-1-worker-1] INFO  server.session (HouseKeeper.java:startScavenging(132)) - node0 Scavenging every 600000ms
2025-08-26 23:00:02,345 [ForkJoinPool-1-worker-1] INFO  handler.ContextHandler (ContextHandler.java:doStart(921)) - Started o.e.j.s.ServletContextHandler@6d2a5bf0{logs,/logs,file:///home/runner/work/ozone/ozone/hadoop-ozone/integration-test/target/log,AVAILABLE}
2025-08-26 23:00:02,346 [ForkJoinPool-1-worker-1] INFO  handler.ContextHandler (ContextHandler.java:doStart(921)) - Started o.e.j.s.ServletContextHandler@3a9c94c{static,/static,jar:file:/home/runner/work/ozone/ozone/hadoop-hdds/container-service/target/hdds-container-service-2.1.0-SNAPSHOT.jar!/webapps/static,AVAILABLE}
2025-08-26 23:00:02,521 [ForkJoinPool-1-worker-1] INFO  handler.ContextHandler (ContextHandler.java:doStart(921)) - Started o.e.j.w.WebAppContext@6e06fdf2{hddsDatanode,/,file:///home/runner/work/ozone/ozone/hadoop-ozone/integration-test/target/test-dir/MiniOzoneClusterImpl-e1e8c2db-2c44-4027-b96b-0776172acde5/scm/ozone-metadata/webserver/jetty-0_0_0_0-15010-hdds-container-service-2_1_0-SNAPSHOT_jar-_-any-7474460402170320320/webapp/,AVAILABLE}{jar:file:/home/runner/work/ozone/ozone/hadoop-hdds/container-service/target/hdds-container-service-2.1.0-SNAPSHOT.jar!/webapps/hddsDatanode}
2025-08-26 23:00:02,522 [ForkJoinPool-1-worker-1] INFO  server.AbstractConnector (AbstractConnector.java:doStart(333)) - Started ServerConnector@4ed60d4{HTTP/1.1, (http/1.1)}{0.0.0.0:15010}
2025-08-26 23:00:02,522 [ForkJoinPool-1-worker-1] INFO  server.Server (Server.java:doStart(415)) - Started @10464ms
2025-08-26 23:00:02,523 [ForkJoinPool-1-worker-1] WARN  impl.MetricsSystemImpl (MetricsSystemImpl.java:register(279)) - Sink prometheus already exists!
2025-08-26 23:00:02,523 [ForkJoinPool-1-worker-1] INFO  http.BaseHttpServer (BaseHttpServer.java:updateConnectorAddress(357)) - HTTP server of hddsDatanode listening at http://localhost:15010
2025-08-26 23:00:02,526 [ForkJoinPool-1-worker-1] INFO  ipc.CallQueueManager (CallQueueManager.java:<init>(93)) - Using callQueue: class java.util.concurrent.LinkedBlockingQueue, queueCapacity: 1000, scheduler: class org.apache.hadoop.ipc.DefaultRpcScheduler, ipcBackoff: false, ipcFailOver: false.
2025-08-26 23:00:02,526 [ForkJoinPool-1-worker-1] INFO  ipc.Server (Server.java:<init>(1438)) - Listener at 0.0.0.0:15011
2025-08-26 23:00:02,527 [Socket Reader #1 for port 15011] INFO  ipc.Server (Server.java:run(1474)) - Starting Socket Reader #1 for port 15011
2025-08-26 23:00:02,527 [Socket Reader #3 for port 15011] INFO  ipc.Server (Server.java:run(1474)) - Starting Socket Reader #3 for port 15011
2025-08-26 23:00:02,527 [Socket Reader #2 for port 15011] INFO  ipc.Server (Server.java:run(1474)) - Starting Socket Reader #2 for port 15011
2025-08-26 23:00:02,528 [Socket Reader #4 for port 15011] INFO  ipc.Server (Server.java:run(1474)) - Starting Socket Reader #4 for port 15011
2025-08-26 23:00:02,529 [Socket Reader #5 for port 15011] INFO  ipc.Server (Server.java:run(1474)) - Starting Socket Reader #5 for port 15011
2025-08-26 23:00:02,530 [Socket Reader #6 for port 15011] INFO  ipc.Server (Server.java:run(1474)) - Starting Socket Reader #6 for port 15011
2025-08-26 23:00:02,530 [Socket Reader #7 for port 15011] INFO  ipc.Server (Server.java:run(1474)) - Starting Socket Reader #7 for port 15011
2025-08-26 23:00:02,530 [Socket Reader #8 for port 15011] INFO  ipc.Server (Server.java:run(1474)) - Starting Socket Reader #8 for port 15011
2025-08-26 23:00:02,531 [Socket Reader #10 for port 15011] INFO  ipc.Server (Server.java:run(1474)) - Starting Socket Reader #10 for port 15011
2025-08-26 23:00:02,531 [Socket Reader #9 for port 15011] INFO  ipc.Server (Server.java:run(1474)) - Starting Socket Reader #9 for port 15011
2025-08-26 23:00:02,535 [ForkJoinPool-1-worker-1] INFO  ozone.HddsDatanodeService (HddsDatanodeService.java:start(333)) - Datanode start with admins: [admin, runner]
2025-08-26 23:00:02,535 [ForkJoinPool-1-worker-1] INFO  ozone.HddsDatanodeClientProtocolServer (HddsDatanodeClientProtocolServer.java:start(76)) - RPC server for Client /0.0.0.0:15011
2025-08-26 23:00:02,536 [IPC Server Responder] INFO  ipc.Server (Server.java:run(1713)) - IPC Server Responder: starting
2025-08-26 23:00:02,536 [IPC Server listener on 15011] INFO  ipc.Server (Server.java:run(1553)) - IPC Server listener on 15011: starting
2025-08-26 23:00:02,546 [ForkJoinPool-1-worker-1] INFO  ozone.MiniOzoneClusterImpl (MiniOzoneClusterImpl.java:lambda$waitForClusterToBeReady$0(181)) - Waiting for nodes to be ready. Got 0 of 1 DN Heartbeats.
2025-08-26 23:00:02,546 [7420b776-6bfd-4a7d-bfbb-e04d23e6ae1c-DatanodeStateMachineDaemonThread] INFO  statemachine.DatanodeStateMachine (DatanodeStateMachine.java:startStateMachineThread(347)) - Ozone container server started.
2025-08-26 23:00:02,546 [ForkJoinPool-1-worker-1] INFO  ozone.MiniOzoneClusterImpl (MiniOzoneClusterImpl.java:lambda$waitForClusterToBeReady$0(184)) - Waiting for cluster to exit safe mode
2025-08-26 23:00:02,546 [ForkJoinPool-1-worker-1] INFO  ozone.MiniOzoneClusterImpl (MiniOzoneClusterImpl.java:lambda$waitForClusterToBeReady$0(186)) - SCM became leader
2025-08-26 23:00:02,604 [7420b776-6bfd-4a7d-bfbb-e04d23e6ae1c-DatanodeStateMachineTaskThread-0] INFO  datanode.InitDatanodeState (InitDatanodeState.java:persistContainerDatanodeDetails(139)) - DatanodeDetails is persisted to /home/runner/work/ozone/ozone/hadoop-ozone/integration-test/target/test-dir/MiniOzoneClusterImpl-e1e8c2db-2c44-4027-b96b-0776172acde5/ozone-metadata/datanode-1/ozone-metadata/datanode.id
2025-08-26 23:00:02,781 [om1@group-C5BA1605619E-FollowerState] INFO  impl.FollowerState (FollowerState.java:runImpl(161)) - om1@group-C5BA1605619E-FollowerState: change to CANDIDATE, lastRpcElapsedTime:1054197516ns, electionTimeout:1053ms
2025-08-26 23:00:02,781 [om1@group-C5BA1605619E-FollowerState] INFO  impl.RoleInfo (RoleInfo.java:shutdownFollowerState(121)) - om1: shutdown om1@group-C5BA1605619E-FollowerState
2025-08-26 23:00:02,781 [om1@group-C5BA1605619E-FollowerState] INFO  server.RaftServer$Division (RaftServerImpl.java:setRole(392)) - om1@group-C5BA1605619E: changes role from  FOLLOWER to CANDIDATE at term 0 for changeToCandidate
2025-08-26 23:00:02,782 [om1@group-C5BA1605619E-FollowerState] INFO  impl.RoleInfo (RoleInfo.java:updateAndGet(148)) - om1: start om1@group-C5BA1605619E-LeaderElection3
2025-08-26 23:00:02,782 [om1@group-C5BA1605619E-LeaderElection3] INFO  impl.LeaderElection (LeaderElection.java:askForVotes(448)) - om1@group-C5BA1605619E-LeaderElection3 PRE_VOTE round 0: submit vote requests at term 0 for conf: {index: -1, cur=peers:[om1|localhost:15009]|listeners:[], old=null}
2025-08-26 23:00:02,782 [om1@group-C5BA1605619E-LeaderElection3] INFO  impl.LeaderElection (LeaderElection.java:askForVotes(450)) - om1@group-C5BA1605619E-LeaderElection3 PRE_VOTE round 0: result PASSED (term=0)
2025-08-26 23:00:02,783 [om1@group-C5BA1605619E-LeaderElection3] INFO  impl.LeaderElection (LeaderElection.java:askForVotes(448)) - om1@group-C5BA1605619E-LeaderElection3 ELECTION round 0: submit vote requests at term 1 for conf: {index: -1, cur=peers:[om1|localhost:15009]|listeners:[], old=null}
2025-08-26 23:00:02,783 [om1@group-C5BA1605619E-LeaderElection3] INFO  impl.LeaderElection (LeaderElection.java:askForVotes(450)) - om1@group-C5BA1605619E-LeaderElection3 ELECTION round 0: result PASSED (term=1)
2025-08-26 23:00:02,784 [om1@group-C5BA1605619E-LeaderElection3] INFO  impl.RoleInfo (RoleInfo.java:shutdownLeaderElection(141)) - om1: shutdown om1@group-C5BA1605619E-LeaderElection3
2025-08-26 23:00:02,784 [om1@group-C5BA1605619E-LeaderElection3] INFO  server.RaftServer$Division (RaftServerImpl.java:setRole(392)) - om1@group-C5BA1605619E: changes role from CANDIDATE to LEADER at term 1 for changeToLeader
2025-08-26 23:00:02,784 [om1@group-C5BA1605619E-LeaderElection3] INFO  server.RaftServerConfigKeys (ConfUtils.java:logFallback(69)) - raft.server.staging.timeout = 3600ms (fallback to raft.server.rpc.timeout.max)
2025-08-26 23:00:02,784 [om1@group-C5BA1605619E-LeaderElection3] INFO  server.RaftServerConfigKeys (ConfUtils.java:logGet(62)) - raft.server.write.byte-limit = 67108864 (custom)
2025-08-26 23:00:02,786 [om1@group-C5BA1605619E-LeaderElection3] INFO  impl.RoleInfo (RoleInfo.java:updateAndGet(148)) - om1: start om1@group-C5BA1605619E-LeaderStateImpl
2025-08-26 23:00:02,786 [om1@group-C5BA1605619E-LeaderElection3] INFO  server.RaftServer$Division (RaftServerImpl.java:setFirstElection(576)) - om1@group-C5BA1605619E: set firstElectionSinceStartup to false for becomeLeader
2025-08-26 23:00:02,788 [om1@group-C5BA1605619E-LeaderElection3] INFO  ratis.OzoneManagerStateMachine (OzoneManagerStateMachine.java:notifyLeaderChanged(174)) - om1@group-C5BA1605619E: leader changed to om1
2025-08-26 23:00:02,788 [om1@group-C5BA1605619E-LeaderElection3] INFO  server.RaftServer$Division (ServerState.java:setLeader(272)) - om1@group-C5BA1605619E: change Leader from null to om1 at term 1 for becomeLeader, leader elected after 2116ms
2025-08-26 23:00:02,789 [om1@group-C5BA1605619E-LeaderElection3] INFO  segmented.SegmentedRaftLogWorker (SegmentedRaftLogWorker.java:startLogSegment(440)) - om1@group-C5BA1605619E-SegmentedRaftLogWorker: Starting segment from index:0
2025-08-26 23:00:02,789 [om1@group-C5BA1605619E-LeaderElection3] INFO  server.RaftServer$Division (ServerState.java:setRaftConf(386)) - om1@group-C5BA1605619E: set configuration conf: {index: 0, cur=peers:[om1|localhost:15009]|listeners:[], old=null}
2025-08-26 23:00:02,789 [om1@group-C5BA1605619E-SegmentedRaftLogWorker] INFO  segmented.BufferedWriteChannel (BufferedWriteChannel.java:open(61)) - open log_inprogress_0 at position 0
2025-08-26 23:00:02,797 [om1@group-C5BA1605619E-SegmentedRaftLogWorker] INFO  segmented.SegmentedRaftLogWorker (SegmentedRaftLogWorker.java:execute(647)) - om1@group-C5BA1605619E-SegmentedRaftLogWorker: created new log segment /home/runner/work/ozone/ozone/hadoop-ozone/integration-test/target/test-dir/MiniOzoneClusterImpl-e1e8c2db-2c44-4027-b96b-0776172acde5/om/ratis/bf265839-605b-3f16-9796-c5ba1605619e/current/log_inprogress_0
2025-08-26 23:00:02,800 [om1@group-C5BA1605619E-StateMachineUpdater] INFO  ratis.OzoneManagerStateMachine (OzoneManagerStateMachine.java:notifyConfigurationChanged(236)) - notifyConfigurationChanged from Ratis: term=1, index=0, New Peer list: om1(localhost:15009)
2025-08-26 23:00:02,800 [om1@group-C5BA1605619E-StateMachineUpdater] INFO  server.RaftServer$Division (LeaderStateImpl.java:checkStartIndex(309)) - Leader om1@group-C5BA1605619E-LeaderStateImpl is ready since appliedIndex == startIndex == 0
2025-08-26 23:00:03,129 [7420b776-6bfd-4a7d-bfbb-e04d23e6ae1c-EndpointStateMachineTaskThread-/0.0.0.0:15002-0 ] INFO  utils.DatanodeStoreCache (DatanodeStoreCache.java:addDB(70)) - Added db /home/runner/work/ozone/ozone/hadoop-ozone/integration-test/target/test-dir/MiniOzoneClusterImpl-e1e8c2db-2c44-4027-b96b-0776172acde5/ozone-metadata/datanode-1/data-0/hdds/e1e8c2db-2c44-4027-b96b-0776172acde5/DS-3db463c8-3a22-4cb5-86c6-82477ac8a93f/container.db to cache
2025-08-26 23:00:03,130 [7420b776-6bfd-4a7d-bfbb-e04d23e6ae1c-EndpointStateMachineTaskThread-/0.0.0.0:15002-0 ] INFO  volume.HddsVolume (HddsVolume.java:createDbStore(576)) - SchemaV3 db is created and loaded at /home/runner/work/ozone/ozone/hadoop-ozone/integration-test/target/test-dir/MiniOzoneClusterImpl-e1e8c2db-2c44-4027-b96b-0776172acde5/ozone-metadata/datanode-1/data-0/hdds/e1e8c2db-2c44-4027-b96b-0776172acde5/DS-3db463c8-3a22-4cb5-86c6-82477ac8a93f/container.db for volume DS-3db463c8-3a22-4cb5-86c6-82477ac8a93f
2025-08-26 23:00:03,137 [7420b776-6bfd-4a7d-bfbb-e04d23e6ae1c-ContainerReader-0] INFO  ozoneimpl.ContainerReader (ContainerReader.java:readVolume(147)) - Start to verify containers on volume /home/runner/work/ozone/ozone/hadoop-ozone/integration-test/target/test-dir/MiniOzoneClusterImpl-e1e8c2db-2c44-4027-b96b-0776172acde5/ozone-metadata/datanode-1/data-0/hdds
2025-08-26 23:00:03,138 [7420b776-6bfd-4a7d-bfbb-e04d23e6ae1c-ContainerReader-0] INFO  ozoneimpl.ContainerReader (ContainerReader.java:readVolume(177)) - Finish verifying containers on volume /home/runner/work/ozone/ozone/hadoop-ozone/integration-test/target/test-dir/MiniOzoneClusterImpl-e1e8c2db-2c44-4027-b96b-0776172acde5/ozone-metadata/datanode-1/data-0/hdds
2025-08-26 23:00:03,139 [7420b776-6bfd-4a7d-bfbb-e04d23e6ae1c-EndpointStateMachineTaskThread-/0.0.0.0:15002-0 ] INFO  ozoneimpl.OzoneContainer (OzoneContainer.java:buildContainerSet(370)) - Build ContainerSet costs 0s
2025-08-26 23:00:03,139 [7420b776-6bfd-4a7d-bfbb-e04d23e6ae1c-EndpointStateMachineTaskThread-/0.0.0.0:15002-0 ] INFO  volume.ThrottledAsyncChecker (ThrottledAsyncChecker.java:schedule(138)) - Scheduling a check for /home/runner/work/ozone/ozone/hadoop-ozone/integration-test/target/test-dir/MiniOzoneClusterImpl-e1e8c2db-2c44-4027-b96b-0776172acde5/ozone-metadata/datanode-1/data-0/hdds
2025-08-26 23:00:03,144 [7420b776-6bfd-4a7d-bfbb-e04d23e6ae1c-EndpointStateMachineTaskThread-/0.0.0.0:15002-0 ] INFO  volume.StorageVolumeChecker (StorageVolumeChecker.java:checkAllVolumes(231)) - Scheduled health check for volume /home/runner/work/ozone/ozone/hadoop-ozone/integration-test/target/test-dir/MiniOzoneClusterImpl-e1e8c2db-2c44-4027-b96b-0776172acde5/ozone-metadata/datanode-1/data-0/hdds
2025-08-26 23:00:03,151 [7420b776-6bfd-4a7d-bfbb-e04d23e6ae1c-EndpointStateMachineTaskThread-/0.0.0.0:15002-0 ] INFO  volume.ThrottledAsyncChecker (ThrottledAsyncChecker.java:schedule(138)) - Scheduling a check for /home/runner/work/ozone/ozone/hadoop-ozone/integration-test/target/test-dir/MiniOzoneClusterImpl-e1e8c2db-2c44-4027-b96b-0776172acde5/ozone-metadata/datanode-1/ratis
2025-08-26 23:00:03,152 [7420b776-6bfd-4a7d-bfbb-e04d23e6ae1c-EndpointStateMachineTaskThread-/0.0.0.0:15002-0 ] INFO  volume.StorageVolumeChecker (StorageVolumeChecker.java:checkAllVolumes(231)) - Scheduled health check for volume /home/runner/work/ozone/ozone/hadoop-ozone/integration-test/target/test-dir/MiniOzoneClusterImpl-e1e8c2db-2c44-4027-b96b-0776172acde5/ozone-metadata/datanode-1/ratis
2025-08-26 23:00:03,153 [7420b776-6bfd-4a7d-bfbb-e04d23e6ae1c-EndpointStateMachineTaskThread-/0.0.0.0:15002-0 ] INFO  ozoneimpl.OzoneContainer (OzoneContainer.java:start(525)) - Attempting to start container services.
2025-08-26 23:00:03,158 [ContainerMetadataScanner] INFO  ozoneimpl.AbstractBackgroundContainerScanner (AbstractBackgroundContainerScanner.java:runIteration(89)) - Completed an iteration in 0 minutes. Number of iterations (since the data-node restart) : 1, Number of containers scanned in this iteration : 0, Number of unhealthy containers found in this iteration : 0
2025-08-26 23:00:03,162 [ContainerDataScanner(/home/runner/work/ozone/ozone/hadoop-ozone/integration-test/target/test-dir/MiniOzoneClusterImpl-e1e8c2db-2c44-4027-b96b-0776172acde5/ozone-metadata/datanode-1/data-0/hdds)] INFO  ozoneimpl.AbstractBackgroundContainerScanner (AbstractBackgroundContainerScanner.java:runIteration(89)) - Completed an iteration in 0 minutes. Number of iterations (since the data-node restart) : 1, Number of containers scanned in this iteration : 0, Number of unhealthy containers found in this iteration : 0
2025-08-26 23:00:03,163 [7420b776-6bfd-4a7d-bfbb-e04d23e6ae1c-EndpointStateMachineTaskThread-/0.0.0.0:15002-0 ] INFO  replication.ReplicationServer (ReplicationServer.java:start(137)) - ReplicationServer is started using port 15017
2025-08-26 23:00:03,164 [7420b776-6bfd-4a7d-bfbb-e04d23e6ae1c-EndpointStateMachineTaskThread-/0.0.0.0:15002-0 ] INFO  ratis.XceiverServerRatis (XceiverServerRatis.java:start(562)) - Starting XceiverServerRatis(7420b776-6bfd-4a7d-bfbb-e04d23e6ae1c)
2025-08-26 23:00:03,165 [7420b776-6bfd-4a7d-bfbb-e04d23e6ae1c-EndpointStateMachineTaskThread-/0.0.0.0:15002-0 ] INFO  server.RaftServer (RaftServerProxy.java:startImpl(412)) - 7420b776-6bfd-4a7d-bfbb-e04d23e6ae1c: start RPC server
2025-08-26 23:00:03,165 [7420b776-6bfd-4a7d-bfbb-e04d23e6ae1c-EndpointStateMachineTaskThread-/0.0.0.0:15002-0 ] INFO  server.GrpcServicesImpl (GrpcServicesImpl.java:startImpl(346)) - 7420b776-6bfd-4a7d-bfbb-e04d23e6ae1c: GrpcServicesImpl started, listening on 15013
2025-08-26 23:00:03,166 [7420b776-6bfd-4a7d-bfbb-e04d23e6ae1c-EndpointStateMachineTaskThread-/0.0.0.0:15002-0 ] INFO  server.GrpcServicesImpl (GrpcServicesImpl.java:startImpl(346)) - 7420b776-6bfd-4a7d-bfbb-e04d23e6ae1c: GrpcServicesImpl started, listening on 15015
2025-08-26 23:00:03,166 [7420b776-6bfd-4a7d-bfbb-e04d23e6ae1c-EndpointStateMachineTaskThread-/0.0.0.0:15002-0 ] INFO  server.GrpcServicesImpl (GrpcServicesImpl.java:startImpl(346)) - 7420b776-6bfd-4a7d-bfbb-e04d23e6ae1c: GrpcServicesImpl started, listening on 15014
2025-08-26 23:00:03,166 [7420b776-6bfd-4a7d-bfbb-e04d23e6ae1c-EndpointStateMachineTaskThread-/0.0.0.0:15002-0 ] INFO  ratis.XceiverServerRatis (XceiverServerRatis.java:getRealPort(589)) - XceiverServerRatis(7420b776-6bfd-4a7d-bfbb-e04d23e6ae1c) is started using port RATIS=15013
2025-08-26 23:00:03,166 [7420b776-6bfd-4a7d-bfbb-e04d23e6ae1c-EndpointStateMachineTaskThread-/0.0.0.0:15002-0 ] INFO  ratis.XceiverServerRatis (XceiverServerRatis.java:getRealPort(589)) - XceiverServerRatis(7420b776-6bfd-4a7d-bfbb-e04d23e6ae1c) is started using port RATIS_ADMIN=15014
2025-08-26 23:00:03,167 [7420b776-6bfd-4a7d-bfbb-e04d23e6ae1c-EndpointStateMachineTaskThread-/0.0.0.0:15002-0 ] INFO  ratis.XceiverServerRatis (XceiverServerRatis.java:getRealPort(589)) - XceiverServerRatis(7420b776-6bfd-4a7d-bfbb-e04d23e6ae1c) is started using port RATIS_SERVER=15015
2025-08-26 23:00:03,167 [7420b776-6bfd-4a7d-bfbb-e04d23e6ae1c-EndpointStateMachineTaskThread-/0.0.0.0:15002-0 ] INFO  ratis.XceiverServerRatis (XceiverServerRatis.java:getRealPort(589)) - XceiverServerRatis(7420b776-6bfd-4a7d-bfbb-e04d23e6ae1c) is started using port RATIS_DATASTREAM=15016
2025-08-26 23:00:03,167 [JvmPauseMonitor3] INFO  util.JvmPauseMonitor (JvmPauseMonitor.java:run(146)) - JvmPauseMonitor-7420b776-6bfd-4a7d-bfbb-e04d23e6ae1c: Started
2025-08-26 23:00:03,168 [7420b776-6bfd-4a7d-bfbb-e04d23e6ae1c-EndpointStateMachineTaskThread-/0.0.0.0:15002-0 ] INFO  utils.BackgroundService (BackgroundService.java:start(119)) - Starting service BlockDeletingService with interval 60000 milliseconds
2025-08-26 23:00:03,170 [7420b776-6bfd-4a7d-bfbb-e04d23e6ae1c-EndpointStateMachineTaskThread-/0.0.0.0:15002-0 ] INFO  utils.BackgroundService (BackgroundService.java:start(119)) - Starting service StaleRecoveringContainerScrubbingService with interval 60000 milliseconds
2025-08-26 23:00:03,547 [ForkJoinPool-1-worker-1] INFO  ozone.MiniOzoneClusterImpl (MiniOzoneClusterImpl.java:lambda$waitForClusterToBeReady$0(181)) - Waiting for nodes to be ready. Got 0 of 1 DN Heartbeats.
2025-08-26 23:00:03,547 [ForkJoinPool-1-worker-1] INFO  ozone.MiniOzoneClusterImpl (MiniOzoneClusterImpl.java:lambda$waitForClusterToBeReady$0(184)) - Waiting for cluster to exit safe mode
2025-08-26 23:00:03,547 [ForkJoinPool-1-worker-1] INFO  ozone.MiniOzoneClusterImpl (MiniOzoneClusterImpl.java:lambda$waitForClusterToBeReady$0(186)) - SCM became leader
2025-08-26 23:00:03,573 [IPC Server handler 1 on default port 15002] INFO  net.NetworkTopologyImpl (NetworkTopologyImpl.java:add(133)) - Added a new node: /default-rack/7420b776-6bfd-4a7d-bfbb-e04d23e6ae1c
2025-08-26 23:00:03,575 [IPC Server handler 1 on default port 15002] INFO  node.SCMNodeManager (SCMNodeManager.java:register(423)) - Registered datanode: 7420b776-6bfd-4a7d-bfbb-e04d23e6ae1c{ip: 127.0.0.1, host: localhost, ports: [HTTP=15010, CLIENT_RPC=15011, REPLICATION=15017, RATIS=15013, RATIS_ADMIN=15014, RATIS_SERVER=15015, RATIS_DATASTREAM=15016, STANDALONE=15012], networkLocation: /default-rack, certSerialId: null, persistedOpState: null, persistedOpStateExpiryEpochSec: 0}
2025-08-26 23:00:03,577 [EventQueue-NewNodeForNewNodeHandler] INFO  pipeline.BackgroundPipelineCreator (BackgroundPipelineCreator.java:notifyEventTriggered(290)) - trigger a one-shot run on RatisPipelineUtilsThread.
2025-08-26 23:00:03,578 [EventQueue-ContainerRegistrationReportForECContainerSafeModeRule] INFO  safemode.SCMSafeModeManager (SCMSafeModeManager.java:validateSafeModeExitRules(138)) - ECContainerSafeModeRule rule is successfully validated
2025-08-26 23:00:03,578 [EventQueue-NodeRegistrationContainerReportForDataNodeSafeModeRule] INFO  safemode.SCMSafeModeManager (DataNodeSafeModeRule.java:process(80)) - SCM in safe mode. 1 DataNodes registered, 1 required.
2025-08-26 23:00:03,578 [EventQueue-NodeRegistrationContainerReportForDataNodeSafeModeRule] INFO  safemode.SCMSafeModeManager (SCMSafeModeManager.java:validateSafeModeExitRules(138)) - DataNodeSafeModeRule rule is successfully validated
2025-08-26 23:00:03,578 [EventQueue-NodeRegistrationContainerReportForDataNodeSafeModeRule] INFO  safemode.SCMSafeModeManager (SCMSafeModeManager.java:validateSafeModeExitRules(151)) - All SCM safe mode pre check rules have passed
2025-08-26 23:00:03,578 [EventQueue-NodeRegistrationContainerReportForDataNodeSafeModeRule] INFO  ha.SCMContext (SCMContext.java:updateSafeModeStatus(224)) - Update SafeModeStatus from SafeModeStatus{safeModeStatus=true, preCheckPassed=false} to SafeModeStatus{safeModeStatus=true, preCheckPassed=true}.
2025-08-26 23:00:03,579 [EventQueue-NodeRegistrationContainerReportForDataNodeSafeModeRule] INFO  pipeline.BackgroundPipelineCreator (BackgroundPipelineCreator.java:notifyEventTriggered(290)) - trigger a one-shot run on RatisPipelineUtilsThread.
2025-08-26 23:00:03,579 [EventQueue-ContainerRegistrationReportForRatisContainerSafeModeRule] INFO  safemode.SCMSafeModeManager (SCMSafeModeManager.java:validateSafeModeExitRules(138)) - RatisContainerSafeModeRule rule is successfully validated
2025-08-26 23:00:03,579 [EventQueue-PipelineReportForOneReplicaPipelineSafeModeRule] INFO  safemode.SCMSafeModeManager (SCMSafeModeManager.java:validateSafeModeExitRules(138)) - AtleastOneDatanodeReportedRule rule is successfully validated
2025-08-26 23:00:03,582 [RatisPipelineUtilsThread-0] INFO  pipeline.RatisPipelineProvider (RatisPipelineProvider.java:lambda$create$0(208)) - Sending CreatePipelineCommand for pipeline:Pipeline-d0bce937-a6c0-4593-8de7-78372b703613 to datanode:7420b776-6bfd-4a7d-bfbb-e04d23e6ae1c(localhost/127.0.0.1)
2025-08-26 23:00:03,631 [4e46457f-d5b5-434d-8287-a8df99f47ca3@group-0776172ACDE5-StateMachineUpdater] INFO  safemode.SCMSafeModeManager (SCMSafeModeManager.java:validateSafeModeExitRules(138)) - DataNodeSafeModeRule rule is successfully validated
2025-08-26 23:00:03,631 [4e46457f-d5b5-434d-8287-a8df99f47ca3@group-0776172ACDE5-StateMachineUpdater] INFO  safemode.SCMSafeModeManager (SCMSafeModeManager.java:validateSafeModeExitRules(138)) - RatisContainerSafeModeRule rule is successfully validated
2025-08-26 23:00:03,631 [4e46457f-d5b5-434d-8287-a8df99f47ca3@group-0776172ACDE5-StateMachineUpdater] INFO  safemode.SCMSafeModeManager (SCMSafeModeManager.java:validateSafeModeExitRules(138)) - HealthyPipelineSafeModeRule rule is successfully validated
2025-08-26 23:00:03,631 [4e46457f-d5b5-434d-8287-a8df99f47ca3@group-0776172ACDE5-StateMachineUpdater] INFO  safemode.SCMSafeModeManager (SCMSafeModeManager.java:validateSafeModeExitRules(158)) - ScmSafeModeManager, all rules are successfully validated
2025-08-26 23:00:03,631 [4e46457f-d5b5-434d-8287-a8df99f47ca3@group-0776172ACDE5-StateMachineUpdater] INFO  safemode.SCMSafeModeManager (SCMSafeModeManager.java:validateSafeModeExitRules(159)) - SCM exiting safe mode.
2025-08-26 23:00:03,631 [4e46457f-d5b5-434d-8287-a8df99f47ca3@group-0776172ACDE5-StateMachineUpdater] INFO  ha.SCMContext (SCMContext.java:updateSafeModeStatus(224)) - Update SafeModeStatus from SafeModeStatus{safeModeStatus=true, preCheckPassed=true} to SafeModeStatus{safeModeStatus=false, preCheckPassed=true}.
2025-08-26 23:00:03,631 [4e46457f-d5b5-434d-8287-a8df99f47ca3@group-0776172ACDE5-StateMachineUpdater] INFO  BackgroundPipelineScrubber (BackgroundSCMService.java:notifyStatusChanged(78)) - Service BackgroundPipelineScrubber transitions to RUNNING.
2025-08-26 23:00:03,631 [4e46457f-d5b5-434d-8287-a8df99f47ca3@group-0776172ACDE5-StateMachineUpdater] INFO  ExpiredContainerReplicaOpScrubber (BackgroundSCMService.java:notifyStatusChanged(78)) - Service ExpiredContainerReplicaOpScrubber transitions to RUNNING.
2025-08-26 23:00:03,631 [4e46457f-d5b5-434d-8287-a8df99f47ca3@group-0776172ACDE5-StateMachineUpdater] INFO  block.SCMBlockDeletingService (SCMBlockDeletingService.java:notifyStatusChanged(265)) - notifyStatusChanged:RUNNING
2025-08-26 23:00:03,632 [4e46457f-d5b5-434d-8287-a8df99f47ca3@group-0776172ACDE5-StateMachineUpdater] INFO  replication.ReplicationManager (ReplicationManager.java:notifyStatusChanged(1389)) - Service ReplicationManager transitions to RUNNING.
2025-08-26 23:00:03,634 [4e46457f-d5b5-434d-8287-a8df99f47ca3@group-0776172ACDE5-StateMachineUpdater] WARN  balancer.ContainerBalancer (ContainerBalancer.java:shouldRun(136)) - Could not find persisted configuration for ContainerBalancer when checking if ContainerBalancer should run. ContainerBalancer should not run now.
2025-08-26 23:00:03,635 [4e46457f-d5b5-434d-8287-a8df99f47ca3@group-0776172ACDE5-StateMachineUpdater] INFO  SCMHATransactionMonitor (BackgroundSCMService.java:notifyStatusChanged(78)) - Service SCMHATransactionMonitor transitions to RUNNING.
2025-08-26 23:00:03,638 [RatisPipelineUtilsThread-0] INFO  pipeline.BackgroundPipelineCreator (BackgroundPipelineCreator.java:createPipelines(246)) - Created new pipeline Pipeline{ Id: d0bce937-a6c0-4593-8de7-78372b703613, Nodes: [ {7420b776-6bfd-4a7d-bfbb-e04d23e6ae1c(localhost/127.0.0.1), ReplicaIndex: 0},], ReplicationConfig: RATIS/ONE, State:ALLOCATED, leaderId:, CreationTimestamp2025-08-26T23:00:03.582203017Z[Etc/UTC]}
2025-08-26 23:00:04,547 [ForkJoinPool-1-worker-1] INFO  ozone.MiniOzoneClusterImpl (MiniOzoneClusterImpl.java:lambda$waitForClusterToBeReady$0(181)) - Nodes are ready. Got 1 of 1 DN Heartbeats.
2025-08-26 23:00:04,548 [ForkJoinPool-1-worker-1] INFO  ozone.MiniOzoneClusterImpl (MiniOzoneClusterImpl.java:lambda$waitForClusterToBeReady$0(184)) - Cluster exits safe mode
2025-08-26 23:00:04,548 [ForkJoinPool-1-worker-1] INFO  ozone.MiniOzoneClusterImpl (MiniOzoneClusterImpl.java:lambda$waitForClusterToBeReady$0(186)) - SCM became leader
2025-08-26 23:00:05,271 [7420b776-6bfd-4a7d-bfbb-e04d23e6ae1c-PipelineCommandHandlerThread-0] INFO  server.RaftServer (RaftServerProxy.java:addNew(105)) - 7420b776-6bfd-4a7d-bfbb-e04d23e6ae1c: addNew group-78372B703613:[7420b776-6bfd-4a7d-bfbb-e04d23e6ae1c|127.0.0.1:15015] returns group-78372B703613:java.util.concurrent.CompletableFuture@56696193[Not completed]
2025-08-26 23:00:05,279 [7420b776-6bfd-4a7d-bfbb-e04d23e6ae1c-groupManagement] INFO  server.RaftServer$Division (RaftServerImpl.java:<init>(268)) - 7420b776-6bfd-4a7d-bfbb-e04d23e6ae1c: new RaftServerImpl for group-78372B703613:[7420b776-6bfd-4a7d-bfbb-e04d23e6ae1c|127.0.0.1:15015] with ContainerStateMachine:uninitialized
2025-08-26 23:00:05,279 [7420b776-6bfd-4a7d-bfbb-e04d23e6ae1c-groupManagement] INFO  server.RaftServerConfigKeys (ConfUtils.java:logGet(62)) - raft.server.rpc.timeout.min = 5s (custom)
2025-08-26 23:00:05,279 [7420b776-6bfd-4a7d-bfbb-e04d23e6ae1c-groupManagement] INFO  server.RaftServerConfigKeys (ConfUtils.java:logGet(62)) - raft.server.rpc.timeout.max = 5200ms (custom)
2025-08-26 23:00:05,279 [7420b776-6bfd-4a7d-bfbb-e04d23e6ae1c-groupManagement] INFO  server.RaftServerConfigKeys (ConfUtils.java:logGet(62)) - raft.server.rpc.slowness.timeout = 300s (custom)
2025-08-26 23:00:05,279 [7420b776-6bfd-4a7d-bfbb-e04d23e6ae1c-groupManagement] INFO  server.RaftServer$Division (ServerState.java:<init>(114)) - 7420b776-6bfd-4a7d-bfbb-e04d23e6ae1c@group-78372B703613: ConfigurationManager, init=conf: {index: -1, cur=peers:[7420b776-6bfd-4a7d-bfbb-e04d23e6ae1c|127.0.0.1:15015]|listeners:[], old=null}, confs=<EMPTY_MAP>
2025-08-26 23:00:05,279 [7420b776-6bfd-4a7d-bfbb-e04d23e6ae1c-groupManagement] INFO  server.RaftServerConfigKeys (ConfUtils.java:logGet(62)) - raft.server.notification.no-leader.timeout = 300s (custom)
2025-08-26 23:00:05,279 [7420b776-6bfd-4a7d-bfbb-e04d23e6ae1c-groupManagement] INFO  server.RaftServerConfigKeys (ConfUtils.java:logGet(62)) - raft.server.retrycache.expirytime = 600000ms (custom)
2025-08-26 23:00:05,287 [7420b776-6bfd-4a7d-bfbb-e04d23e6ae1c-groupManagement] INFO  storage.RaftStorageDirectory (RaftStorageDirectoryImpl.java:analyzeStorage(138)) - The storage directory /home/runner/work/ozone/ozone/hadoop-ozone/integration-test/target/test-dir/MiniOzoneClusterImpl-e1e8c2db-2c44-4027-b96b-0776172acde5/ozone-metadata/datanode-1/ratis/d0bce937-a6c0-4593-8de7-78372b703613 does not exist. Creating ...
2025-08-26 23:00:05,589 [7420b776-6bfd-4a7d-bfbb-e04d23e6ae1c-groupManagement] INFO  storage.RaftStorageDirectory (RaftStorageDirectoryImpl.java:tryLock(229)) - Lock on /home/runner/work/ozone/ozone/hadoop-ozone/integration-test/target/test-dir/MiniOzoneClusterImpl-e1e8c2db-2c44-4027-b96b-0776172acde5/ozone-metadata/datanode-1/ratis/d0bce937-a6c0-4593-8de7-78372b703613/in_use.lock acquired by nodename 9091@localhost
2025-08-26 23:00:05,734 [7420b776-6bfd-4a7d-bfbb-e04d23e6ae1c-groupManagement] INFO  storage.RaftStorage (RaftStorageImpl.java:format(98)) - Storage directory /home/runner/work/ozone/ozone/hadoop-ozone/integration-test/target/test-dir/MiniOzoneClusterImpl-e1e8c2db-2c44-4027-b96b-0776172acde5/ozone-metadata/datanode-1/ratis/d0bce937-a6c0-4593-8de7-78372b703613 has been successfully formatted.
2025-08-26 23:00:05,735 [7420b776-6bfd-4a7d-bfbb-e04d23e6ae1c-groupManagement] INFO  ratis.ContainerStateMachine (ContainerStateMachine.java:initialize(339)) - 7420b776-6bfd-4a7d-bfbb-e04d23e6ae1c: initialize group-78372B703613
2025-08-26 23:00:05,735 [7420b776-6bfd-4a7d-bfbb-e04d23e6ae1c-groupManagement] INFO  ratis.ContainerStateMachine (ContainerStateMachine.java:loadSnapshot(347)) - group-78372B703613: The snapshot info is null. Setting the last applied index to:<INITIAL_VALUE>
2025-08-26 23:00:05,735 [7420b776-6bfd-4a7d-bfbb-e04d23e6ae1c-groupManagement] INFO  server.RaftServerConfigKeys (ConfUtils.java:logGet(62)) - raft.server.log.appender.buffer.byte-limit = 33554432 (custom)
2025-08-26 23:00:05,737 [7420b776-6bfd-4a7d-bfbb-e04d23e6ae1c-groupManagement] INFO  server.RaftServerConfigKeys (ConfUtils.java:logGet(62)) - raft.server.log.segment.size.max = 67108864 (custom)
2025-08-26 23:00:05,738 [7420b776-6bfd-4a7d-bfbb-e04d23e6ae1c-groupManagement] INFO  server.RaftServerConfigKeys (ConfUtils.java:logGet(62)) - raft.server.log.appender.buffer.byte-limit = 33554432 (custom)
2025-08-26 23:00:05,738 [7420b776-6bfd-4a7d-bfbb-e04d23e6ae1c-groupManagement] INFO  util.AwaitToRun (AwaitToRun.java:start(81)) - Thread[#591,7420b776-6bfd-4a7d-bfbb-e04d23e6ae1c@group-78372B703613-cacheEviction-AwaitToRun,5,main] started
2025-08-26 23:00:05,738 [7420b776-6bfd-4a7d-bfbb-e04d23e6ae1c-groupManagement] INFO  segmented.SegmentedRaftLogWorker (SegmentedRaftLogWorker.java:<init>(190)) - new 7420b776-6bfd-4a7d-bfbb-e04d23e6ae1c@group-78372B703613-SegmentedRaftLogWorker for RaftStorageImpl:Storage Directory /home/runner/work/ozone/ozone/hadoop-ozone/integration-test/target/test-dir/MiniOzoneClusterImpl-e1e8c2db-2c44-4027-b96b-0776172acde5/ozone-metadata/datanode-1/ratis/d0bce937-a6c0-4593-8de7-78372b703613
2025-08-26 23:00:05,738 [7420b776-6bfd-4a7d-bfbb-e04d23e6ae1c-groupManagement] INFO  server.RaftServerConfigKeys (ConfUtils.java:logGet(62)) - raft.server.log.queue.byte-limit = 4294967296 (custom)
2025-08-26 23:00:05,738 [7420b776-6bfd-4a7d-bfbb-e04d23e6ae1c-groupManagement] INFO  server.RaftServerConfigKeys (ConfUtils.java:logGet(62)) - raft.server.log.queue.element-limit = 1024 (custom)
2025-08-26 23:00:05,739 [7420b776-6bfd-4a7d-bfbb-e04d23e6ae1c-groupManagement] INFO  server.RaftServerConfigKeys (ConfUtils.java:logGet(62)) - raft.server.log.segment.size.max = 67108864 (custom)
2025-08-26 23:00:05,739 [7420b776-6bfd-4a7d-bfbb-e04d23e6ae1c-groupManagement] INFO  server.RaftServerConfigKeys (ConfUtils.java:logGet(62)) - raft.server.log.preallocated.size = 4194304 (custom)
2025-08-26 23:00:05,739 [7420b776-6bfd-4a7d-bfbb-e04d23e6ae1c-groupManagement] INFO  server.RaftServerConfigKeys (ConfUtils.java:logGet(62)) - raft.server.log.statemachine.data.sync.timeout.retry = 30 (custom)
2025-08-26 23:00:05,739 [7420b776-6bfd-4a7d-bfbb-e04d23e6ae1c-groupManagement] INFO  server.RaftServerConfigKeys (ConfUtils.java:logGet(62)) - raft.server.log.write.buffer.size = 33554440 (custom)
2025-08-26 23:00:05,745 [7420b776-6bfd-4a7d-bfbb-e04d23e6ae1c-groupManagement] INFO  server.RaftServerConfigKeys (ConfUtils.java:logGet(62)) - raft.server.log.appender.buffer.byte-limit = 33554432 (custom)
2025-08-26 23:00:05,745 [7420b776-6bfd-4a7d-bfbb-e04d23e6ae1c-groupManagement] INFO  server.RaftServerConfigKeys (ConfUtils.java:logGet(62)) - raft.server.log.statemachine.data.caching.enabled = true (custom)
2025-08-26 23:00:05,745 [7420b776-6bfd-4a7d-bfbb-e04d23e6ae1c-groupManagement] INFO  segmented.SegmentedRaftLogWorker (SegmentedRaftLogWorker.java:lambda$new$0(141)) - 7420b776-6bfd-4a7d-bfbb-e04d23e6ae1c@group-78372B703613-SegmentedRaftLogWorker: flushIndex: setUnconditionally 0 -> -1
2025-08-26 23:00:05,746 [7420b776-6bfd-4a7d-bfbb-e04d23e6ae1c-groupManagement] INFO  segmented.SegmentedRaftLogWorker (SegmentedRaftLogWorker.java:lambda$new$0(141)) - 7420b776-6bfd-4a7d-bfbb-e04d23e6ae1c@group-78372B703613-SegmentedRaftLogWorker: safeCacheEvictIndex: setUnconditionally 0 -> -1
2025-08-26 23:00:05,746 [7420b776-6bfd-4a7d-bfbb-e04d23e6ae1c-groupManagement] INFO  server.RaftServer$Division (RaftServerImpl.java:start(405)) - 7420b776-6bfd-4a7d-bfbb-e04d23e6ae1c@group-78372B703613: start as a follower, conf=conf: {index: -1, cur=peers:[7420b776-6bfd-4a7d-bfbb-e04d23e6ae1c|127.0.0.1:15015]|listeners:[], old=null}
2025-08-26 23:00:05,746 [7420b776-6bfd-4a7d-bfbb-e04d23e6ae1c-groupManagement] INFO  server.RaftServer$Division (RaftServerImpl.java:setRole(392)) - 7420b776-6bfd-4a7d-bfbb-e04d23e6ae1c@group-78372B703613: changes role from      null to FOLLOWER at term 0 for startAsFollower
2025-08-26 23:00:05,746 [7420b776-6bfd-4a7d-bfbb-e04d23e6ae1c-groupManagement] INFO  impl.RoleInfo (RoleInfo.java:updateAndGet(148)) - 7420b776-6bfd-4a7d-bfbb-e04d23e6ae1c: start 7420b776-6bfd-4a7d-bfbb-e04d23e6ae1c@group-78372B703613-FollowerState
2025-08-26 23:00:05,747 [7420b776-6bfd-4a7d-bfbb-e04d23e6ae1c-groupManagement] INFO  util.JmxRegister (JmxRegister.java:tryRegister(44)) - Successfully registered JMX Bean with object name Ratis:service=RaftServer,group=group-78372B703613,id=7420b776-6bfd-4a7d-bfbb-e04d23e6ae1c
2025-08-26 23:00:05,747 [7420b776-6bfd-4a7d-bfbb-e04d23e6ae1c-groupManagement] INFO  util.JmxRegister (JmxRegister.java:register(58)) - register mxBean class org.apache.ratis.server.impl.RaftServerJmxAdapter as Ratis:service=RaftServer,group=group-78372B703613,id=7420b776-6bfd-4a7d-bfbb-e04d23e6ae1c
2025-08-26 23:00:05,747 [7420b776-6bfd-4a7d-bfbb-e04d23e6ae1c-groupManagement] INFO  server.RaftServerConfigKeys (ConfUtils.java:logGet(62)) - raft.server.snapshot.auto.trigger.threshold = 1 (custom)
2025-08-26 23:00:05,747 [7420b776-6bfd-4a7d-bfbb-e04d23e6ae1c-groupManagement] INFO  server.RaftServerConfigKeys (ConfUtils.java:logGet(62)) - raft.server.snapshot.retention.file.num = 5 (custom)
2025-08-26 23:00:05,747 [7420b776-6bfd-4a7d-bfbb-e04d23e6ae1c-groupManagement] INFO  server.RaftServerConfigKeys (ConfUtils.java:logGet(62)) - raft.server.log.purge.upto.snapshot.index = false (default)
2025-08-26 23:00:05,749 [7420b776-6bfd-4a7d-bfbb-e04d23e6ae1c-groupManagement] INFO  server.RaftServer$Division (RaftServerImpl.java:start(419)) - 7420b776-6bfd-4a7d-bfbb-e04d23e6ae1c@group-78372B703613: Successfully started.
2025-08-26 23:00:05,750 [7420b776-6bfd-4a7d-bfbb-e04d23e6ae1c-PipelineCommandHandlerThread-0] INFO  ratis.XceiverServerRatis (XceiverServerRatis.java:addGroup(846)) - Created group Pipeline-d0bce937-a6c0-4593-8de7-78372b703613
2025-08-26 23:00:05,751 [7420b776-6bfd-4a7d-bfbb-e04d23e6ae1c-PipelineCommandHandlerThread-0] INFO  commandhandler.CreatePipelineCommandHandler (CreatePipelineCommandHandler.java:lambda$handle$2(127)) - Created Pipeline RATIS ONE Pipeline-d0bce937-a6c0-4593-8de7-78372b703613.
2025-08-26 23:00:05,787 [EventQueue-PipelineReportForPipelineReportHandler] INFO  pipeline.PipelineReportHandler (PipelineReportHandler.java:processPipelineReport(134)) - Opened pipeline Pipeline-d0bce937-a6c0-4593-8de7-78372b703613
2025-08-26 23:00:06,549 [ForkJoinPool-1-worker-1] INFO  om.OzoneManager (OzoneManager.java:startSecretManager(1282)) - Starting OM delegation token secret manager
2025-08-26 23:00:06,550 [ForkJoinPool-1-worker-1] INFO  security.OzoneDelegationTokenSecretManager (OzoneSecretManager.java:updateCurrentKey(179)) - Updated current master key for generating tokens. Cert id 307868341737, Master key id 1
2025-08-26 23:00:06,551 [om1-ExpiredTokenRemover] INFO  security.OzoneDelegationTokenSecretManager (OzoneDelegationTokenSecretManager.java:run(649)) - Starting expired delegation token remover thread, tokenRemoverScanInterval=60 min(s)
2025-08-26 23:00:06,774 [7420b776-6bfd-4a7d-bfbb-e04d23e6ae1c@group-78372B703613-FollowerState] INFO  impl.FollowerState (FollowerState.java:runImpl(161)) - 7420b776-6bfd-4a7d-bfbb-e04d23e6ae1c@group-78372B703613-FollowerState: change to CANDIDATE, lastRpcElapsedTime:1027461650ns, electionTimeout:1026ms
2025-08-26 23:00:06,774 [7420b776-6bfd-4a7d-bfbb-e04d23e6ae1c@group-78372B703613-FollowerState] INFO  impl.RoleInfo (RoleInfo.java:shutdownFollowerState(121)) - 7420b776-6bfd-4a7d-bfbb-e04d23e6ae1c: shutdown 7420b776-6bfd-4a7d-bfbb-e04d23e6ae1c@group-78372B703613-FollowerState
2025-08-26 23:00:06,774 [7420b776-6bfd-4a7d-bfbb-e04d23e6ae1c@group-78372B703613-FollowerState] INFO  server.RaftServer$Division (RaftServerImpl.java:setRole(392)) - 7420b776-6bfd-4a7d-bfbb-e04d23e6ae1c@group-78372B703613: changes role from  FOLLOWER to CANDIDATE at term 0 for changeToCandidate
2025-08-26 23:00:06,774 [7420b776-6bfd-4a7d-bfbb-e04d23e6ae1c@group-78372B703613-FollowerState] INFO  impl.RoleInfo (RoleInfo.java:updateAndGet(148)) - 7420b776-6bfd-4a7d-bfbb-e04d23e6ae1c: start 7420b776-6bfd-4a7d-bfbb-e04d23e6ae1c@group-78372B703613-LeaderElection4
2025-08-26 23:00:06,776 [7420b776-6bfd-4a7d-bfbb-e04d23e6ae1c@group-78372B703613-LeaderElection4] INFO  impl.LeaderElection (LeaderElection.java:askForVotes(448)) - 7420b776-6bfd-4a7d-bfbb-e04d23e6ae1c@group-78372B703613-LeaderElection4 PRE_VOTE round 0: submit vote requests at term 0 for conf: {index: -1, cur=peers:[7420b776-6bfd-4a7d-bfbb-e04d23e6ae1c|127.0.0.1:15015]|listeners:[], old=null}
2025-08-26 23:00:06,776 [7420b776-6bfd-4a7d-bfbb-e04d23e6ae1c@group-78372B703613-LeaderElection4] INFO  impl.LeaderElection (LeaderElection.java:askForVotes(450)) - 7420b776-6bfd-4a7d-bfbb-e04d23e6ae1c@group-78372B703613-LeaderElection4 PRE_VOTE round 0: result PASSED (term=0)
2025-08-26 23:00:06,778 [7420b776-6bfd-4a7d-bfbb-e04d23e6ae1c@group-78372B703613-LeaderElection4] INFO  impl.LeaderElection (LeaderElection.java:askForVotes(448)) - 7420b776-6bfd-4a7d-bfbb-e04d23e6ae1c@group-78372B703613-LeaderElection4 ELECTION round 0: submit vote requests at term 1 for conf: {index: -1, cur=peers:[7420b776-6bfd-4a7d-bfbb-e04d23e6ae1c|127.0.0.1:15015]|listeners:[], old=null}
2025-08-26 23:00:06,778 [7420b776-6bfd-4a7d-bfbb-e04d23e6ae1c@group-78372B703613-LeaderElection4] INFO  impl.LeaderElection (LeaderElection.java:askForVotes(450)) - 7420b776-6bfd-4a7d-bfbb-e04d23e6ae1c@group-78372B703613-LeaderElection4 ELECTION round 0: result PASSED (term=1)
2025-08-26 23:00:06,778 [7420b776-6bfd-4a7d-bfbb-e04d23e6ae1c@group-78372B703613-LeaderElection4] INFO  impl.RoleInfo (RoleInfo.java:shutdownLeaderElection(141)) - 7420b776-6bfd-4a7d-bfbb-e04d23e6ae1c: shutdown 7420b776-6bfd-4a7d-bfbb-e04d23e6ae1c@group-78372B703613-LeaderElection4
2025-08-26 23:00:06,779 [7420b776-6bfd-4a7d-bfbb-e04d23e6ae1c@group-78372B703613-LeaderElection4] INFO  server.RaftServer$Division (RaftServerImpl.java:setRole(392)) - 7420b776-6bfd-4a7d-bfbb-e04d23e6ae1c@group-78372B703613: changes role from CANDIDATE to LEADER at term 1 for changeToLeader
2025-08-26 23:00:06,779 [7420b776-6bfd-4a7d-bfbb-e04d23e6ae1c@group-78372B703613-LeaderElection4] INFO  server.RaftServerConfigKeys (ConfUtils.java:logFallback(69)) - raft.server.staging.timeout = 15600ms (fallback to raft.server.rpc.timeout.max)
2025-08-26 23:00:06,779 [7420b776-6bfd-4a7d-bfbb-e04d23e6ae1c@group-78372B703613-LeaderElection4] INFO  server.RaftServerConfigKeys (ConfUtils.java:logGet(62)) - raft.server.write.element-limit = 1024 (custom)
2025-08-26 23:00:06,780 [7420b776-6bfd-4a7d-bfbb-e04d23e6ae1c@group-78372B703613-LeaderElection4] INFO  server.RaftServerConfigKeys (ConfUtils.java:logGet(62)) - raft.server.write.byte-limit = 1024 M (=1073741824) (custom)
2025-08-26 23:00:06,780 [7420b776-6bfd-4a7d-bfbb-e04d23e6ae1c@group-78372B703613-LeaderElection4] INFO  server.RaftServerConfigKeys (ConfUtils.java:logGet(62)) - raft.server.watch.timeout = 30s (custom)
2025-08-26 23:00:06,781 [7420b776-6bfd-4a7d-bfbb-e04d23e6ae1c@group-78372B703613-LeaderElection4] INFO  server.RaftServerConfigKeys (ConfUtils.java:logGet(62)) - raft.server.log.log-metadata.enabled = true (default)
2025-08-26 23:00:06,781 [7420b776-6bfd-4a7d-bfbb-e04d23e6ae1c@group-78372B703613-LeaderElection4] INFO  impl.RoleInfo (RoleInfo.java:updateAndGet(148)) - 7420b776-6bfd-4a7d-bfbb-e04d23e6ae1c: start 7420b776-6bfd-4a7d-bfbb-e04d23e6ae1c@group-78372B703613-LeaderStateImpl
2025-08-26 23:00:06,781 [7420b776-6bfd-4a7d-bfbb-e04d23e6ae1c@group-78372B703613-LeaderElection4] INFO  server.RaftServer$Division (RaftServerImpl.java:setFirstElection(576)) - 7420b776-6bfd-4a7d-bfbb-e04d23e6ae1c@group-78372B703613: set firstElectionSinceStartup to false for becomeLeader
2025-08-26 23:00:06,781 [7420b776-6bfd-4a7d-bfbb-e04d23e6ae1c@group-78372B703613-LeaderElection4] INFO  ratis.XceiverServerRatis (XceiverServerRatis.java:handleLeaderChangedNotification(947)) - Leader change notification received for group: group-78372B703613 with new leaderId: 7420b776-6bfd-4a7d-bfbb-e04d23e6ae1c
2025-08-26 23:00:06,782 [7420b776-6bfd-4a7d-bfbb-e04d23e6ae1c@group-78372B703613-LeaderElection4] INFO  server.RaftServer$Division (ServerState.java:setLeader(272)) - 7420b776-6bfd-4a7d-bfbb-e04d23e6ae1c@group-78372B703613: change Leader from null to 7420b776-6bfd-4a7d-bfbb-e04d23e6ae1c at term 1 for becomeLeader, leader elected after 1501ms
2025-08-26 23:00:06,782 [7420b776-6bfd-4a7d-bfbb-e04d23e6ae1c@group-78372B703613-LeaderElection4] INFO  segmented.SegmentedRaftLogWorker (SegmentedRaftLogWorker.java:startLogSegment(440)) - 7420b776-6bfd-4a7d-bfbb-e04d23e6ae1c@group-78372B703613-SegmentedRaftLogWorker: Starting segment from index:0
2025-08-26 23:00:06,783 [7420b776-6bfd-4a7d-bfbb-e04d23e6ae1c@group-78372B703613-LeaderElection4] INFO  server.RaftServer$Division (ServerState.java:setRaftConf(386)) - 7420b776-6bfd-4a7d-bfbb-e04d23e6ae1c@group-78372B703613: set configuration conf: {index: 0, cur=peers:[7420b776-6bfd-4a7d-bfbb-e04d23e6ae1c|127.0.0.1:15015]|listeners:[], old=null}
2025-08-26 23:00:06,783 [7420b776-6bfd-4a7d-bfbb-e04d23e6ae1c@group-78372B703613-SegmentedRaftLogWorker] INFO  segmented.BufferedWriteChannel (BufferedWriteChannel.java:open(61)) - open log_inprogress_0 at position 0
2025-08-26 23:00:06,792 [7420b776-6bfd-4a7d-bfbb-e04d23e6ae1c@group-78372B703613-SegmentedRaftLogWorker] INFO  segmented.SegmentedRaftLogWorker (SegmentedRaftLogWorker.java:execute(647)) - 7420b776-6bfd-4a7d-bfbb-e04d23e6ae1c@group-78372B703613-SegmentedRaftLogWorker: created new log segment /home/runner/work/ozone/ozone/hadoop-ozone/integration-test/target/test-dir/MiniOzoneClusterImpl-e1e8c2db-2c44-4027-b96b-0776172acde5/ozone-metadata/datanode-1/ratis/d0bce937-a6c0-4593-8de7-78372b703613/current/log_inprogress_0
2025-08-26 23:00:06,796 [7420b776-6bfd-4a7d-bfbb-e04d23e6ae1c@group-78372B703613-StateMachineUpdater] INFO  server.RaftServer$Division (LeaderStateImpl.java:checkStartIndex(309)) - Leader 7420b776-6bfd-4a7d-bfbb-e04d23e6ae1c@group-78372B703613-LeaderStateImpl is ready since appliedIndex == startIndex == 0
2025-08-26 23:00:06,796 [7420b776-6bfd-4a7d-bfbb-e04d23e6ae1c@group-78372B703613-StateMachineUpdater] INFO  ratis.ContainerStateMachine (ContainerStateMachine.java:takeSnapshot(427)) - group-78372B703613: Taking a snapshot at:(t:1, i:0) file /home/runner/work/ozone/ozone/hadoop-ozone/integration-test/target/test-dir/MiniOzoneClusterImpl-e1e8c2db-2c44-4027-b96b-0776172acde5/ozone-metadata/datanode-1/ratis/d0bce937-a6c0-4593-8de7-78372b703613/sm/snapshot.1_0
2025-08-26 23:00:06,873 [7420b776-6bfd-4a7d-bfbb-e04d23e6ae1c@group-78372B703613-StateMachineUpdater] INFO  ratis.ContainerStateMachine (ContainerStateMachine.java:takeSnapshot(436)) - group-78372B703613: Finished taking a snapshot at:(t:1, i:0) file:/home/runner/work/ozone/ozone/hadoop-ozone/integration-test/target/test-dir/MiniOzoneClusterImpl-e1e8c2db-2c44-4027-b96b-0776172acde5/ozone-metadata/datanode-1/ratis/d0bce937-a6c0-4593-8de7-78372b703613/sm/snapshot.1_0 took: 77 ms
2025-08-26 23:00:06,874 [7420b776-6bfd-4a7d-bfbb-e04d23e6ae1c@group-78372B703613-StateMachineUpdater] INFO  impl.StateMachineUpdater (StateMachineUpdater.java:takeSnapshot(307)) - 7420b776-6bfd-4a7d-bfbb-e04d23e6ae1c@group-78372B703613-StateMachineUpdater: Took a snapshot at index 0
2025-08-26 23:00:06,874 [7420b776-6bfd-4a7d-bfbb-e04d23e6ae1c@group-78372B703613-StateMachineUpdater] INFO  impl.StateMachineUpdater (StateMachineUpdater.java:lambda$new$0(101)) - 7420b776-6bfd-4a7d-bfbb-e04d23e6ae1c@group-78372B703613-StateMachineUpdater: snapshotIndex: updateIncreasingly -1 -> 0
2025-08-26 23:00:06,943 [ForkJoinPool-1-worker-1] INFO  rpc.RpcClient (RpcClient.java:createVolume(461)) - Creating Volume: testcontainerstatemachinefailures, with runner as owner and space quota set to -1 bytes, counts quota set to -1
2025-08-26 23:00:06,959 [om1-OMStateMachineApplyTransactionThread - 0] INFO  volume.OMVolumeCreateRequest (OMVolumeCreateRequest.java:validateAndUpdateCache(203)) - created volume:testcontainerstatemachinefailures for user:runner
2025-08-26 23:00:06,971 [ForkJoinPool-1-worker-1] INFO  rpc.RpcClient (RpcClient.java:createBucket(686)) - Creating Bucket: testcontainerstatemachinefailures/testcontainerstatemachinefailures, with server-side default bucket layout, runner as owner, Versioning false, Storage Type set to DISK and Encryption set to false, Replication Type set to server-side default replication type, Namespace Quota set to -1, Space Quota set to -1 
2025-08-26 23:00:06,980 [om1-OMStateMachineApplyTransactionThread - 0] INFO  bucket.OMBucketCreateRequest (OMBucketCreateRequest.java:validateAndUpdateCache(292)) - created bucket: testcontainerstatemachinefailures of layout FILE_SYSTEM_OPTIMIZED in volume: testcontainerstatemachinefailures
2025-08-26 23:00:06,992 [ForkJoinPool-1-worker-1] INFO  ozone.MiniOzoneClusterImpl (MiniOzoneClusterImpl.java:shutdown(373)) - Shutting down the Mini Ozone Cluster
2025-08-26 23:00:06,993 [ForkJoinPool-1-worker-1] INFO  db.CodecTestUtil (CodecTestUtil.java:gc(50)) - gc 0
2025-08-26 23:00:07,142 [ForkJoinPool-1-worker-1] INFO  ozone.MiniOzoneClusterImpl (MiniOzoneClusterImpl.java:stop(389)) - Stopping the Mini Ozone Cluster
2025-08-26 23:00:07,143 [ForkJoinPool-1-worker-1] INFO  om.OzoneManager (OzoneManager.java:stop(2382)) - om1[localhost:15006]: Stopping Ozone Manager
2025-08-26 23:00:07,143 [ForkJoinPool-1-worker-1] INFO  ipc.Server (Server.java:stop(3697)) - Stopping server on 15006
2025-08-26 23:00:07,146 [IPC Server listener on 15006] INFO  ipc.Server (Server.java:run(1585)) - Stopping IPC Server listener on 15006
2025-08-26 23:00:07,146 [IPC Server Responder] INFO  ipc.Server (Server.java:run(1718)) - Stopping IPC Server Responder
2025-08-26 23:00:07,146 [ForkJoinPool-1-worker-1] INFO  ratis.OzoneManagerRatisServer (OzoneManagerRatisServer.java:stop(634)) - Stopping org.apache.hadoop.ozone.om.ratis.OzoneManagerRatisServer@5c03f2df at port 15009
2025-08-26 23:00:07,146 [ForkJoinPool-1-worker-1] INFO  server.RaftServer (RaftServerProxy.java:lambda$close$9(422)) - om1: close
2025-08-26 23:00:07,147 [om1-impl-thread1] INFO  server.RaftServer$Division (RaftServerImpl.java:lambda$close$1(527)) - om1@group-C5BA1605619E: shutdown
2025-08-26 23:00:07,147 [ForkJoinPool-1-worker-1] INFO  server.GrpcServicesImpl (GrpcServicesImpl.java:closeImpl(355)) - om1: shutdown server GrpcServerProtocolService now
2025-08-26 23:00:07,147 [om1-impl-thread1] INFO  util.JmxRegister (JmxRegister.java:unregister(74)) - Successfully un-registered JMX Bean with object name Ratis:service=RaftServer,group=group-C5BA1605619E,id=om1
2025-08-26 23:00:07,147 [om1-impl-thread1] INFO  impl.RoleInfo (RoleInfo.java:shutdownLeaderState(103)) - om1: shutdown om1@group-C5BA1605619E-LeaderStateImpl
2025-08-26 23:00:07,147 [om1-impl-thread1] INFO  impl.PendingRequests (PendingRequests.java:sendNotLeaderResponses(287)) - om1@group-C5BA1605619E-PendingRequests: sendNotLeaderResponses
2025-08-26 23:00:07,148 [om1-impl-thread1] INFO  impl.StateMachineUpdater (StateMachineUpdater.java:stopAndJoin(163)) - om1@group-C5BA1605619E-StateMachineUpdater: set stopIndex = 2
2025-08-26 23:00:07,149 [ForkJoinPool-1-worker-1] INFO  server.GrpcServicesImpl (GrpcServicesImpl.java:closeImpl(364)) - om1: shutdown server GrpcServerProtocolService successfully
2025-08-26 23:00:07,165 [om1@group-C5BA1605619E-StateMachineUpdater] INFO  ratis.OzoneManagerStateMachine (OzoneManagerStateMachine.java:takeSnapshotImpl(515)) - om1: taking snapshot. applied = (t:1, i:2), skipped = -1, notified = (t:1, i:0), current snapshot index = (t:1, i:2), took 17 ms
2025-08-26 23:00:07,165 [om1@group-C5BA1605619E-StateMachineUpdater] INFO  impl.StateMachineUpdater (StateMachineUpdater.java:takeSnapshot(307)) - om1@group-C5BA1605619E-StateMachineUpdater: Took a snapshot at index 2
2025-08-26 23:00:07,165 [om1@group-C5BA1605619E-StateMachineUpdater] INFO  impl.StateMachineUpdater (StateMachineUpdater.java:lambda$new$0(101)) - om1@group-C5BA1605619E-StateMachineUpdater: snapshotIndex: updateIncreasingly -1 -> 2
2025-08-26 23:00:07,165 [om1@group-C5BA1605619E-StateMachineUpdater] INFO  impl.StateMachineUpdater (StateMachineUpdater.java:stop(140)) - om1@group-C5BA1605619E-StateMachineUpdater: closing OzoneManagerStateMachine, lastApplied=(t:1, i:2)
2025-08-26 23:00:07,165 [om1@group-C5BA1605619E-StateMachineUpdater] INFO  ratis.OzoneManagerStateMachine (OzoneManagerStateMachine.java:close(555)) - Stopping OzoneManagerStateMachine:om1:group-C5BA1605619E.
2025-08-26 23:00:07,166 [om1@group-C5BA1605619E-StateMachineUpdater] INFO  ratis.OzoneManagerDoubleBuffer (OzoneManagerDoubleBuffer.java:stopDaemon(499)) - Stopping OMDoubleBuffer flush thread
2025-08-26 23:00:07,166 [om1-OMDoubleBufferFlushThread] INFO  ratis.OzoneManagerDoubleBuffer (OzoneManagerDoubleBuffer.java:canFlush(558)) - OMDoubleBuffer flush thread om1-OMDoubleBufferFlushThread is interrupted and will exit.
2025-08-26 23:00:07,167 [om1@group-C5BA1605619E-cacheEviction-AwaitToRun] INFO  util.AwaitToRun (AwaitToRun.java:run(49)) - om1@group-C5BA1605619E-cacheEviction-AwaitToRun-AwaitForSignal is interrupted
2025-08-26 23:00:07,978 [om1-impl-thread1] INFO  segmented.SegmentedRaftLogWorker (SegmentedRaftLogWorker.java:close(254)) - om1@group-C5BA1605619E-SegmentedRaftLogWorker close()
2025-08-26 23:00:07,979 [JvmPauseMonitor2] INFO  util.JvmPauseMonitor (JvmPauseMonitor.java:run(152)) - JvmPauseMonitor-om1: Stopped
2025-08-26 23:00:07,979 [ForkJoinPool-1-worker-1] INFO  utils.BackgroundService (BackgroundService.java:shutdown(195)) - Shutting down service KeyDeletingService
2025-08-26 23:00:07,980 [ForkJoinPool-1-worker-1] INFO  utils.BackgroundService (BackgroundService.java:shutdown(195)) - Shutting down service DirectoryDeletingService
2025-08-26 23:00:07,980 [ForkJoinPool-1-worker-1] INFO  utils.BackgroundService (BackgroundService.java:shutdown(195)) - Shutting down service OpenKeyCleanupService
2025-08-26 23:00:07,981 [ForkJoinPool-1-worker-1] INFO  utils.BackgroundService (BackgroundService.java:shutdown(195)) - Shutting down service SstFilteringService
2025-08-26 23:00:07,981 [ForkJoinPool-1-worker-1] INFO  utils.BackgroundService (BackgroundService.java:shutdown(195)) - Shutting down service SnapshotDeletingService
2025-08-26 23:00:07,982 [ForkJoinPool-1-worker-1] INFO  utils.BackgroundService (BackgroundService.java:shutdown(195)) - Shutting down service MultipartUploadCleanupService
2025-08-26 23:00:07,982 [ForkJoinPool-1-worker-1] INFO  om.OzoneManager (OzoneManager.java:stopSecretManager(1241)) - Stopping secret key client.
2025-08-26 23:00:07,982 [ForkJoinPool-1-worker-1] INFO  om.OzoneManager (OzoneManager.java:stopSecretManager(1246)) - Stopping OM delegation token secret manager.
2025-08-26 23:00:07,983 [om1-ExpiredTokenRemover] INFO  security.OzoneDelegationTokenSecretManager (OzoneDelegationTokenSecretManager.java:run(666)) - ExpiredTokenRemover was interrupted.
java.lang.InterruptedException: sleep interrupted
	at java.base/java.lang.Thread.sleep0(Native Method)
	at java.base/java.lang.Thread.sleep(Thread.java:509)
	at org.apache.hadoop.ozone.security.OzoneDelegationTokenSecretManager$ExpiredTokenRemover.run(OzoneDelegationTokenSecretManager.java:662)
	at java.base/java.lang.Thread.run(Thread.java:1583)
2025-08-26 23:00:07,985 [ForkJoinPool-1-worker-1] INFO  handler.ContextHandler (ContextHandler.java:doStop(1159)) - Stopped o.e.j.w.WebAppContext@58c691d1{ozoneManager,/,null,STOPPED}{file:/home/runner/work/ozone/ozone/hadoop-ozone/integration-test/target/test-classes/webapps/ozoneManager}
2025-08-26 23:00:07,988 [ForkJoinPool-1-worker-1] INFO  server.AbstractConnector (AbstractConnector.java:doStop(383)) - Stopped ServerConnector@6ceb5579{HTTP/1.1, (http/1.1)}{0.0.0.0:15007}
2025-08-26 23:00:07,988 [ForkJoinPool-1-worker-1] INFO  server.session (HouseKeeper.java:stopScavenging(149)) - node0 Stopped scavenging
2025-08-26 23:00:07,988 [ForkJoinPool-1-worker-1] INFO  handler.ContextHandler (ContextHandler.java:doStop(1159)) - Stopped o.e.j.s.ServletContextHandler@d9d602d{static,/static,file:///home/runner/work/ozone/ozone/hadoop-ozone/integration-test/target/test-classes/webapps/static,STOPPED}
2025-08-26 23:00:07,988 [ForkJoinPool-1-worker-1] INFO  handler.ContextHandler (ContextHandler.java:doStop(1159)) - Stopped o.e.j.s.ServletContextHandler@4c67d8f{logs,/logs,file:///home/runner/work/ozone/ozone/hadoop-ozone/integration-test/target/log,STOPPED}
2025-08-26 23:00:07,990 [ForkJoinPool-1-worker-1] INFO  rocksdiff.RocksDBCheckpointDiffer (RocksDBCheckpointDiffer.java:close(340)) - Shutting down CompactionDagPruningService.
2025-08-26 23:00:07,994 [ForkJoinPool-1-worker-1] INFO  snapshot.SnapshotDiffManager (SnapshotDiffManager.java:closeExecutorService(1734)) - Shutting down executorService: 'SnapDiffExecutor'
2025-08-26 23:00:07,994 [ForkJoinPool-1-worker-1] INFO  utils.BackgroundService (BackgroundService.java:shutdown(195)) - Shutting down service SnapshotDiffCleanupService
2025-08-26 23:00:07,996 [ForkJoinPool-1-worker-1] INFO  ozone.MiniOzoneClusterImpl (MiniOzoneClusterImpl.java:stopDatanodes(443)) - Stopping the HddsDatanodes
2025-08-26 23:00:07,998 [ForkJoinPool-1-worker-1] INFO  ozoneimpl.OzoneContainer (OzoneContainer.java:stop(549)) - Attempting to stop container services.
2025-08-26 23:00:07,998 [ContainerMetadataScanner] WARN  ozoneimpl.AbstractBackgroundContainerScanner (AbstractBackgroundContainerScanner.java:handleRemainingSleep(136)) - Background container scan was interrupted.
2025-08-26 23:00:07,999 [ContainerMetadataScanner] INFO  ozoneimpl.AbstractBackgroundContainerScanner (AbstractBackgroundContainerScanner.java:run(63)) - org.apache.hadoop.ozone.container.ozoneimpl.BackgroundContainerMetadataScanner@509498e0 exiting.
2025-08-26 23:00:07,999 [ForkJoinPool-1-worker-1] INFO  ozoneimpl.BackgroundContainerDataScanner (BackgroundContainerDataScanner.java:shutdown(87)) - ContainerDataScanner(/home/runner/work/ozone/ozone/hadoop-ozone/integration-test/target/test-dir/MiniOzoneClusterImpl-e1e8c2db-2c44-4027-b96b-0776172acde5/ozone-metadata/datanode-1/data-0/hdds) is shutting down. 
2025-08-26 23:00:07,999 [ContainerDataScanner(/home/runner/work/ozone/ozone/hadoop-ozone/integration-test/target/test-dir/MiniOzoneClusterImpl-e1e8c2db-2c44-4027-b96b-0776172acde5/ozone-metadata/datanode-1/data-0/hdds)] WARN  ozoneimpl.AbstractBackgroundContainerScanner (AbstractBackgroundContainerScanner.java:handleRemainingSleep(136)) - Background container scan was interrupted.
2025-08-26 23:00:07,999 [ContainerDataScanner(/home/runner/work/ozone/ozone/hadoop-ozone/integration-test/target/test-dir/MiniOzoneClusterImpl-e1e8c2db-2c44-4027-b96b-0776172acde5/ozone-metadata/datanode-1/data-0/hdds)] INFO  ozoneimpl.AbstractBackgroundContainerScanner (AbstractBackgroundContainerScanner.java:run(63)) - ContainerDataScanner(/home/runner/work/ozone/ozone/hadoop-ozone/integration-test/target/test-dir/MiniOzoneClusterImpl-e1e8c2db-2c44-4027-b96b-0776172acde5/ozone-metadata/datanode-1/data-0/hdds, DS-3db463c8-3a22-4cb5-86c6-82477ac8a93f) exiting.
2025-08-26 23:00:08,000 [ForkJoinPool-1-worker-1] INFO  ozoneimpl.OnDemandContainerScanner (OnDemandContainerScanner.java:shutdown(141)) - On-demand container scanner is shutting down.
2025-08-26 23:00:08,000 [ForkJoinPool-1-worker-1] INFO  ratis.XceiverServerRatis (XceiverServerRatis.java:stop(597)) - Closing XceiverServerRatis(7420b776-6bfd-4a7d-bfbb-e04d23e6ae1c)
2025-08-26 23:00:08,001 [ForkJoinPool-1-worker-1] INFO  server.RaftServer (RaftServerProxy.java:lambda$close$9(422)) - 7420b776-6bfd-4a7d-bfbb-e04d23e6ae1c: close
2025-08-26 23:00:08,001 [7420b776-6bfd-4a7d-bfbb-e04d23e6ae1c-impl-thread1] INFO  server.RaftServer$Division (RaftServerImpl.java:lambda$close$1(527)) - 7420b776-6bfd-4a7d-bfbb-e04d23e6ae1c@group-78372B703613: shutdown
2025-08-26 23:00:08,001 [7420b776-6bfd-4a7d-bfbb-e04d23e6ae1c-impl-thread1] INFO  util.JmxRegister (JmxRegister.java:unregister(74)) - Successfully un-registered JMX Bean with object name Ratis:service=RaftServer,group=group-78372B703613,id=7420b776-6bfd-4a7d-bfbb-e04d23e6ae1c
2025-08-26 23:00:08,001 [7420b776-6bfd-4a7d-bfbb-e04d23e6ae1c-impl-thread1] INFO  impl.RoleInfo (RoleInfo.java:shutdownLeaderState(103)) - 7420b776-6bfd-4a7d-bfbb-e04d23e6ae1c: shutdown 7420b776-6bfd-4a7d-bfbb-e04d23e6ae1c@group-78372B703613-LeaderStateImpl
2025-08-26 23:00:08,002 [7420b776-6bfd-4a7d-bfbb-e04d23e6ae1c-impl-thread1] INFO  impl.PendingRequests (PendingRequests.java:sendNotLeaderResponses(287)) - 7420b776-6bfd-4a7d-bfbb-e04d23e6ae1c@group-78372B703613-PendingRequests: sendNotLeaderResponses
2025-08-26 23:00:08,002 [7420b776-6bfd-4a7d-bfbb-e04d23e6ae1c-impl-thread1] INFO  impl.StateMachineUpdater (StateMachineUpdater.java:stopAndJoin(163)) - 7420b776-6bfd-4a7d-bfbb-e04d23e6ae1c@group-78372B703613-StateMachineUpdater: set stopIndex = 0
2025-08-26 23:00:08,001 [ForkJoinPool-1-worker-1] INFO  server.GrpcServicesImpl (GrpcServicesImpl.java:closeImpl(355)) - 7420b776-6bfd-4a7d-bfbb-e04d23e6ae1c: shutdown server org.apache.ratis.grpc.server.GrpcClientProtocolService now
2025-08-26 23:00:08,003 [7420b776-6bfd-4a7d-bfbb-e04d23e6ae1c@group-78372B703613-StateMachineUpdater] INFO  impl.StateMachineUpdater (StateMachineUpdater.java:stop(140)) - 7420b776-6bfd-4a7d-bfbb-e04d23e6ae1c@group-78372B703613-StateMachineUpdater: closing ContainerStateMachine, lastApplied=(t:1, i:0)
2025-08-26 23:00:08,004 [7420b776-6bfd-4a7d-bfbb-e04d23e6ae1c@group-78372B703613-cacheEviction-AwaitToRun] INFO  util.AwaitToRun (AwaitToRun.java:run(49)) - 7420b776-6bfd-4a7d-bfbb-e04d23e6ae1c@group-78372B703613-cacheEviction-AwaitToRun-AwaitForSignal is interrupted
2025-08-26 23:00:08,004 [ForkJoinPool-1-worker-1] INFO  server.GrpcServicesImpl (GrpcServicesImpl.java:closeImpl(364)) - 7420b776-6bfd-4a7d-bfbb-e04d23e6ae1c: shutdown server org.apache.ratis.grpc.server.GrpcClientProtocolService successfully
2025-08-26 23:00:08,004 [ForkJoinPool-1-worker-1] INFO  server.GrpcServicesImpl (GrpcServicesImpl.java:closeImpl(355)) - 7420b776-6bfd-4a7d-bfbb-e04d23e6ae1c: shutdown server GrpcServerProtocolService now
2025-08-26 23:00:08,005 [ForkJoinPool-1-worker-1] INFO  server.GrpcServicesImpl (GrpcServicesImpl.java:closeImpl(364)) - 7420b776-6bfd-4a7d-bfbb-e04d23e6ae1c: shutdown server GrpcServerProtocolService successfully
2025-08-26 23:00:08,005 [ForkJoinPool-1-worker-1] INFO  server.GrpcServicesImpl (GrpcServicesImpl.java:closeImpl(355)) - 7420b776-6bfd-4a7d-bfbb-e04d23e6ae1c: shutdown server org.apache.ratis.grpc.server.GrpcAdminProtocolService now
2025-08-26 23:00:08,006 [ForkJoinPool-1-worker-1] INFO  server.GrpcServicesImpl (GrpcServicesImpl.java:closeImpl(364)) - 7420b776-6bfd-4a7d-bfbb-e04d23e6ae1c: shutdown server org.apache.ratis.grpc.server.GrpcAdminProtocolService successfully
2025-08-26 23:00:08,007 [7420b776-6bfd-4a7d-bfbb-e04d23e6ae1c-NettyServerStreamRpc-bossGroup--thread1] INFO  logging.LoggingHandler (AbstractInternalLogger.java:log(148)) - [id: 0x052906d6, L:/0.0.0.0:15016] CLOSE
2025-08-26 23:00:08,007 [7420b776-6bfd-4a7d-bfbb-e04d23e6ae1c-NettyServerStreamRpc-bossGroup--thread1] INFO  logging.LoggingHandler (AbstractInternalLogger.java:log(148)) - [id: 0x052906d6, L:/0.0.0.0:15016] INACTIVE
2025-08-26 23:00:08,007 [7420b776-6bfd-4a7d-bfbb-e04d23e6ae1c-NettyServerStreamRpc-bossGroup--thread1] INFO  logging.LoggingHandler (AbstractInternalLogger.java:log(148)) - [id: 0x052906d6, L:/0.0.0.0:15016] UNREGISTERED
2025-08-26 23:00:08,795 [7420b776-6bfd-4a7d-bfbb-e04d23e6ae1c-impl-thread1] INFO  segmented.SegmentedRaftLogWorker (SegmentedRaftLogWorker.java:close(254)) - 7420b776-6bfd-4a7d-bfbb-e04d23e6ae1c@group-78372B703613-SegmentedRaftLogWorker close()
2025-08-26 23:00:08,796 [7420b776-6bfd-4a7d-bfbb-e04d23e6ae1c-impl-thread1] INFO  ratis.ContainerStateMachine (ContainerStateMachine.java:notifyServerShutdown(1038)) - group-78372B703613 is closed by HddsDatanodeService
2025-08-26 23:00:08,796 [JvmPauseMonitor3] INFO  util.JvmPauseMonitor (JvmPauseMonitor.java:run(152)) - JvmPauseMonitor-7420b776-6bfd-4a7d-bfbb-e04d23e6ae1c: Stopped
2025-08-26 23:00:10,809 [ForkJoinPool-1-worker-1] INFO  utils.DatanodeStoreCache (DatanodeStoreCache.java:shutdownCache(110)) - Skip clearing cache in mini cluster mode. Entries left: [/home/runner/work/ozone/ozone/hadoop-ozone/integration-test/target/test-dir/MiniOzoneClusterImpl-e1e8c2db-2c44-4027-b96b-0776172acde5/ozone-metadata/datanode-1/data-0/hdds/e1e8c2db-2c44-4027-b96b-0776172acde5/DS-3db463c8-3a22-4cb5-86c6-82477ac8a93f/container.db]
2025-08-26 23:00:10,811 [ForkJoinPool-1-worker-1] INFO  utils.DatanodeStoreCache (DatanodeStoreCache.java:removeDB(104)) - Removed db /home/runner/work/ozone/ozone/hadoop-ozone/integration-test/target/test-dir/MiniOzoneClusterImpl-e1e8c2db-2c44-4027-b96b-0776172acde5/ozone-metadata/datanode-1/data-0/hdds/e1e8c2db-2c44-4027-b96b-0776172acde5/DS-3db463c8-3a22-4cb5-86c6-82477ac8a93f/container.db from cache
2025-08-26 23:00:10,811 [ForkJoinPool-1-worker-1] INFO  volume.HddsVolume (HddsVolume.java:closeDbStore(609)) - SchemaV3 db is stopped at /home/runner/work/ozone/ozone/hadoop-ozone/integration-test/target/test-dir/MiniOzoneClusterImpl-e1e8c2db-2c44-4027-b96b-0776172acde5/ozone-metadata/datanode-1/data-0/hdds/e1e8c2db-2c44-4027-b96b-0776172acde5/DS-3db463c8-3a22-4cb5-86c6-82477ac8a93f/container.db for volume DS-3db463c8-3a22-4cb5-86c6-82477ac8a93f
2025-08-26 23:00:10,811 [ForkJoinPool-1-worker-1] INFO  utils.BackgroundService (BackgroundService.java:shutdown(195)) - Shutting down service BlockDeletingService
2025-08-26 23:00:10,812 [ForkJoinPool-1-worker-1] INFO  utils.BackgroundService (BackgroundService.java:shutdown(195)) - Shutting down service StaleRecoveringContainerScrubbingService
2025-08-26 23:00:10,814 [ForkJoinPool-1-worker-1] INFO  statemachine.DatanodeStateMachine (DatanodeStateMachine.java:stopDaemon(637)) - Ozone container server stopped.
2025-08-26 23:00:10,829 [ForkJoinPool-1-worker-1] INFO  handler.ContextHandler (ContextHandler.java:doStop(1159)) - Stopped o.e.j.w.WebAppContext@6e06fdf2{hddsDatanode,/,null,STOPPED}{jar:file:/home/runner/work/ozone/ozone/hadoop-hdds/container-service/target/hdds-container-service-2.1.0-SNAPSHOT.jar!/webapps/hddsDatanode}
2025-08-26 23:00:10,830 [ForkJoinPool-1-worker-1] INFO  server.AbstractConnector (AbstractConnector.java:doStop(383)) - Stopped ServerConnector@4ed60d4{HTTP/1.1, (http/1.1)}{0.0.0.0:15010}
2025-08-26 23:00:10,830 [ForkJoinPool-1-worker-1] INFO  server.session (HouseKeeper.java:stopScavenging(149)) - node0 Stopped scavenging
2025-08-26 23:00:10,830 [ForkJoinPool-1-worker-1] INFO  handler.ContextHandler (ContextHandler.java:doStop(1159)) - Stopped o.e.j.s.ServletContextHandler@3a9c94c{static,/static,jar:file:/home/runner/work/ozone/ozone/hadoop-hdds/container-service/target/hdds-container-service-2.1.0-SNAPSHOT.jar!/webapps/static,STOPPED}
2025-08-26 23:00:10,831 [ForkJoinPool-1-worker-1] INFO  handler.ContextHandler (ContextHandler.java:doStop(1159)) - Stopped o.e.j.s.ServletContextHandler@6d2a5bf0{logs,/logs,file:///home/runner/work/ozone/ozone/hadoop-ozone/integration-test/target/log,STOPPED}
2025-08-26 23:00:10,832 [ForkJoinPool-1-worker-1] INFO  ozone.HddsDatanodeClientProtocolServer (HddsDatanodeClientProtocolServer.java:stop(82)) - Stopping the RPC server for Client Protocol
2025-08-26 23:00:10,832 [ForkJoinPool-1-worker-1] INFO  ipc.Server (Server.java:stop(3697)) - Stopping server on 15011
2025-08-26 23:00:10,834 [IPC Server Responder] INFO  ipc.Server (Server.java:run(1718)) - Stopping IPC Server Responder
2025-08-26 23:00:10,834 [IPC Server listener on 15011] INFO  ipc.Server (Server.java:run(1585)) - Stopping IPC Server listener on 15011
2025-08-26 23:00:10,835 [ForkJoinPool-1-worker-1] INFO  ozone.MiniOzoneClusterImpl (MiniOzoneClusterImpl.java:stopSCM(458)) - Stopping the StorageContainerManager
2025-08-26 23:00:10,835 [ForkJoinPool-1-worker-1] INFO  server.StorageContainerManager (StorageContainerManager.java:stop(1616)) - Container Balancer is not running.
2025-08-26 23:00:10,835 [ForkJoinPool-1-worker-1] INFO  server.StorageContainerManager (StorageContainerManager.java:stopReplicationManager(1749)) - Stopping Replication Manager Service.
2025-08-26 23:00:10,835 [ForkJoinPool-1-worker-1] INFO  replication.ReplicationManager (ReplicationManager.java:stop(318)) - Stopping Replication Monitor Thread.
2025-08-26 23:00:10,835 [ForkJoinPool-1-worker-1] INFO  server.StorageContainerManager (StorageContainerManager.java:stop(1625)) - Stopping the Datanode Admin Monitor.
2025-08-26 23:00:10,835 [UnderReplicatedProcessor] WARN  replication.UnhealthyReplicationProcessor (UnhealthyReplicationProcessor.java:run(178)) - UnderReplicatedProcessor interrupted. Exiting...
2025-08-26 23:00:10,836 [ForkJoinPool-1-worker-1] INFO  server.StorageContainerManager (StorageContainerManager.java:stop(1632)) - Stopping datanode service RPC server
2025-08-26 23:00:10,836 [ReplicationMonitor] INFO  replication.ReplicationManager (ReplicationManager.java:run(938)) - Replication Monitor Thread is stopped
2025-08-26 23:00:10,836 [ForkJoinPool-1-worker-1] INFO  server.SCMDatanodeProtocolServer (SCMDatanodeProtocolServer.java:stop(455)) - Stopping the RPC server for DataNodes
2025-08-26 23:00:10,836 [ForkJoinPool-1-worker-1] INFO  ipc.Server (Server.java:stop(3697)) - Stopping server on 15002
2025-08-26 23:00:10,836 [OverReplicatedProcessor] WARN  replication.UnhealthyReplicationProcessor (UnhealthyReplicationProcessor.java:run(178)) - OverReplicatedProcessor interrupted. Exiting...
2025-08-26 23:00:10,840 [IPC Server listener on 15002] INFO  ipc.Server (Server.java:run(1585)) - Stopping IPC Server listener on 15002
2025-08-26 23:00:10,841 [IPC Server Responder] INFO  ipc.Server (Server.java:run(1718)) - Stopping IPC Server Responder
2025-08-26 23:00:10,885 [SCMHeartbeatProcessor-0] WARN  node.NodeStateManager (NodeStateManager.java:scheduleNextHealthCheck(913)) - Current Thread is interrupted, shutting down HB processing thread for Node Manager.
2025-08-26 23:00:10,885 [ForkJoinPool-1-worker-1] INFO  server.StorageContainerManager (StorageContainerManager.java:stop(1640)) - Stopping block service RPC server
2025-08-26 23:00:10,885 [ForkJoinPool-1-worker-1] INFO  server.SCMBlockProtocolServer (SCMBlockProtocolServer.java:stop(175)) - Stopping the RPC server for Block Protocol
2025-08-26 23:00:10,885 [ForkJoinPool-1-worker-1] INFO  ipc.Server (Server.java:stop(3697)) - Stopping server on 15001
2025-08-26 23:00:10,890 [IPC Server listener on 15001] INFO  ipc.Server (Server.java:run(1585)) - Stopping IPC Server listener on 15001
2025-08-26 23:00:10,890 [IPC Server Responder] INFO  ipc.Server (Server.java:run(1718)) - Stopping IPC Server Responder
2025-08-26 23:00:10,891 [ForkJoinPool-1-worker-1] INFO  server.StorageContainerManager (StorageContainerManager.java:stop(1647)) - Stopping the StorageContainerLocationProtocol RPC server
2025-08-26 23:00:10,891 [ForkJoinPool-1-worker-1] INFO  server.SCMClientProtocolServer (SCMClientProtocolServer.java:stop(218)) - Stopping the RPC server for Client Protocol
2025-08-26 23:00:10,891 [ForkJoinPool-1-worker-1] INFO  ipc.Server (Server.java:stop(3697)) - Stopping server on 15000
2025-08-26 23:00:10,899 [IPC Server listener on 15000] INFO  ipc.Server (Server.java:run(1585)) - Stopping IPC Server listener on 15000
2025-08-26 23:00:10,899 [IPC Server Responder] INFO  ipc.Server (Server.java:run(1718)) - Stopping IPC Server Responder
2025-08-26 23:00:10,900 [ForkJoinPool-1-worker-1] INFO  server.StorageContainerManager (StorageContainerManager.java:stop(1654)) - Stopping Storage Container Manager HTTP server.
2025-08-26 23:00:10,901 [ForkJoinPool-1-worker-1] INFO  handler.ContextHandler (ContextHandler.java:doStop(1159)) - Stopped o.e.j.w.WebAppContext@1648ac96{scm,/,null,STOPPED}{file:/home/runner/work/ozone/ozone/hadoop-ozone/integration-test/target/test-classes/webapps/scm}
2025-08-26 23:00:10,902 [ForkJoinPool-1-worker-1] INFO  server.AbstractConnector (AbstractConnector.java:doStop(383)) - Stopped ServerConnector@44bb0969{HTTP/1.1, (http/1.1)}{0.0.0.0:15003}
2025-08-26 23:00:10,903 [ForkJoinPool-1-worker-1] INFO  server.session (HouseKeeper.java:stopScavenging(149)) - node0 Stopped scavenging
2025-08-26 23:00:10,903 [ForkJoinPool-1-worker-1] INFO  handler.ContextHandler (ContextHandler.java:doStop(1159)) - Stopped o.e.j.s.ServletContextHandler@43cc034b{static,/static,file:///home/runner/work/ozone/ozone/hadoop-ozone/integration-test/target/test-classes/webapps/static,STOPPED}
2025-08-26 23:00:10,903 [ForkJoinPool-1-worker-1] INFO  handler.ContextHandler (ContextHandler.java:doStop(1159)) - Stopped o.e.j.s.ServletContextHandler@66276e37{logs,/logs,file:///home/runner/work/ozone/ozone/hadoop-ozone/integration-test/target/log,STOPPED}
2025-08-26 23:00:10,904 [ForkJoinPool-1-worker-1] INFO  server.StorageContainerManager (StorageContainerManager.java:stop(1662)) - Stopping SCM LayoutVersionManager Service.
2025-08-26 23:00:10,905 [ForkJoinPool-1-worker-1] INFO  server.StorageContainerManager (StorageContainerManager.java:stop(1674)) - Stopping Block Manager Service.
2025-08-26 23:00:10,905 [ForkJoinPool-1-worker-1] INFO  utils.BackgroundService (BackgroundService.java:shutdown(195)) - Shutting down service SCMBlockDeletingService
2025-08-26 23:00:10,905 [ForkJoinPool-1-worker-1] INFO  utils.BackgroundService (BackgroundService.java:shutdown(195)) - Shutting down service SCMBlockDeletingService
2025-08-26 23:00:10,906 [ForkJoinPool-1-worker-1] INFO  server.StorageContainerManager (StorageContainerManager.java:stop(1699)) - Stopping SCM Event Queue.
2025-08-26 23:00:10,907 [ForkJoinPool-1-worker-1] INFO  server.StorageContainerManager (StorageContainerManager.java:stop(1706)) - Stopping SCM HA services.
2025-08-26 23:00:10,908 [ForkJoinPool-1-worker-1] INFO  ha.SCMRatisServerImpl (SCMRatisServerImpl.java:stop(266)) - stopping ratis server 0.0.0.0:15004
2025-08-26 23:00:10,908 [ForkJoinPool-1-worker-1] INFO  server.RaftServer (RaftServerProxy.java:lambda$close$9(422)) - 4e46457f-d5b5-434d-8287-a8df99f47ca3: close
2025-08-26 23:00:10,908 [4e46457f-d5b5-434d-8287-a8df99f47ca3-impl-thread1] INFO  server.RaftServer$Division (RaftServerImpl.java:lambda$close$1(527)) - 4e46457f-d5b5-434d-8287-a8df99f47ca3@group-0776172ACDE5: shutdown
2025-08-26 23:00:10,908 [4e46457f-d5b5-434d-8287-a8df99f47ca3-impl-thread1] INFO  util.JmxRegister (JmxRegister.java:unregister(74)) - Successfully un-registered JMX Bean with object name Ratis:service=RaftServer,group=group-0776172ACDE5,id=4e46457f-d5b5-434d-8287-a8df99f47ca3
2025-08-26 23:00:10,909 [4e46457f-d5b5-434d-8287-a8df99f47ca3-impl-thread1] INFO  impl.RoleInfo (RoleInfo.java:shutdownLeaderState(103)) - 4e46457f-d5b5-434d-8287-a8df99f47ca3: shutdown 4e46457f-d5b5-434d-8287-a8df99f47ca3@group-0776172ACDE5-LeaderStateImpl
2025-08-26 23:00:10,909 [4e46457f-d5b5-434d-8287-a8df99f47ca3-impl-thread1] INFO  impl.PendingRequests (PendingRequests.java:sendNotLeaderResponses(287)) - 4e46457f-d5b5-434d-8287-a8df99f47ca3@group-0776172ACDE5-PendingRequests: sendNotLeaderResponses
2025-08-26 23:00:10,909 [4e46457f-d5b5-434d-8287-a8df99f47ca3-impl-thread1] INFO  ha.SCMStateMachine (SCMStateMachine.java:notifyNotLeader(213)) - current leader SCM steps down.
2025-08-26 23:00:10,909 [4e46457f-d5b5-434d-8287-a8df99f47ca3-impl-thread1] INFO  ha.SCMContext (SCMContext.java:updateLeaderAndTerm(95)) - update <isLeader,term> from <true,2> to <false,0>
2025-08-26 23:00:10,909 [4e46457f-d5b5-434d-8287-a8df99f47ca3-impl-thread1] INFO  ha.SCMContext (SCMContext.java:updateLeaderAndTerm(101)) - update <isLeaderReady> from <true> to <false>
2025-08-26 23:00:10,909 [4e46457f-d5b5-434d-8287-a8df99f47ca3-impl-thread1] INFO  BackgroundPipelineScrubber (BackgroundSCMService.java:notifyStatusChanged(84)) - Service BackgroundPipelineScrubber transitions to PAUSING.
2025-08-26 23:00:10,909 [4e46457f-d5b5-434d-8287-a8df99f47ca3-impl-thread1] INFO  ExpiredContainerReplicaOpScrubber (BackgroundSCMService.java:notifyStatusChanged(84)) - Service ExpiredContainerReplicaOpScrubber transitions to PAUSING.
2025-08-26 23:00:10,909 [4e46457f-d5b5-434d-8287-a8df99f47ca3-impl-thread1] INFO  SCMHATransactionMonitor (BackgroundSCMService.java:notifyStatusChanged(84)) - Service SCMHATransactionMonitor transitions to PAUSING.
2025-08-26 23:00:10,910 [4e46457f-d5b5-434d-8287-a8df99f47ca3-impl-thread1] INFO  impl.StateMachineUpdater (StateMachineUpdater.java:stopAndJoin(163)) - 4e46457f-d5b5-434d-8287-a8df99f47ca3@group-0776172ACDE5-StateMachineUpdater: set stopIndex = 3
2025-08-26 23:00:10,908 [ForkJoinPool-1-worker-1] INFO  server.GrpcServicesImpl (GrpcServicesImpl.java:closeImpl(355)) - 4e46457f-d5b5-434d-8287-a8df99f47ca3: shutdown server GrpcServerProtocolService now
2025-08-26 23:00:10,911 [4e46457f-d5b5-434d-8287-a8df99f47ca3@group-0776172ACDE5-StateMachineUpdater] INFO  ha.SCMStateMachine (SCMStateMachine.java:takeSnapshot(332)) - Current Snapshot Index 3, takeSnapshot took 1 ms
2025-08-26 23:00:10,911 [4e46457f-d5b5-434d-8287-a8df99f47ca3@group-0776172ACDE5-StateMachineUpdater] INFO  impl.StateMachineUpdater (StateMachineUpdater.java:takeSnapshot(307)) - 4e46457f-d5b5-434d-8287-a8df99f47ca3@group-0776172ACDE5-StateMachineUpdater: Took a snapshot at index 3
2025-08-26 23:00:10,911 [4e46457f-d5b5-434d-8287-a8df99f47ca3@group-0776172ACDE5-StateMachineUpdater] INFO  impl.StateMachineUpdater (StateMachineUpdater.java:lambda$new$0(101)) - 4e46457f-d5b5-434d-8287-a8df99f47ca3@group-0776172ACDE5-StateMachineUpdater: snapshotIndex: updateIncreasingly -1 -> 3
2025-08-26 23:00:10,912 [4e46457f-d5b5-434d-8287-a8df99f47ca3@group-0776172ACDE5-StateMachineUpdater] INFO  impl.StateMachineUpdater (StateMachineUpdater.java:stop(140)) - 4e46457f-d5b5-434d-8287-a8df99f47ca3@group-0776172ACDE5-StateMachineUpdater: closing SCMStateMachine, lastApplied=(t:2, i:3)
2025-08-26 23:00:10,912 [4e46457f-d5b5-434d-8287-a8df99f47ca3@group-0776172ACDE5-cacheEviction-AwaitToRun] INFO  util.AwaitToRun (AwaitToRun.java:run(49)) - 4e46457f-d5b5-434d-8287-a8df99f47ca3@group-0776172ACDE5-cacheEviction-AwaitToRun-AwaitForSignal is interrupted
2025-08-26 23:00:10,912 [ForkJoinPool-1-worker-1] INFO  server.GrpcServicesImpl (GrpcServicesImpl.java:closeImpl(364)) - 4e46457f-d5b5-434d-8287-a8df99f47ca3: shutdown server GrpcServerProtocolService successfully
2025-08-26 23:00:11,785 [4e46457f-d5b5-434d-8287-a8df99f47ca3-impl-thread1] INFO  segmented.SegmentedRaftLogWorker (SegmentedRaftLogWorker.java:close(254)) - 4e46457f-d5b5-434d-8287-a8df99f47ca3@group-0776172ACDE5-SegmentedRaftLogWorker close()
2025-08-26 23:00:11,786 [JvmPauseMonitor1] INFO  util.JvmPauseMonitor (JvmPauseMonitor.java:run(152)) - JvmPauseMonitor-4e46457f-d5b5-434d-8287-a8df99f47ca3: Stopped
2025-08-26 23:00:11,787 [ForkJoinPool-1-worker-1] INFO  SCMHATransactionMonitor (BackgroundSCMService.java:stop(127)) - Stopping SCMHATransactionMonitor Service.
2025-08-26 23:00:11,787 [ForkJoinPool-1-worker-1] INFO  pipeline.BackgroundPipelineCreator (BackgroundPipelineCreator.java:stop(154)) - Stopping RatisPipelineUtilsThread.
2025-08-26 23:00:11,787 [SCMHATransactionMonitor] WARN  SCMHATransactionMonitor (BackgroundSCMService.java:run(111)) - SCMHATransactionMonitor is interrupted, exit
2025-08-26 23:00:11,787 [RatisPipelineUtilsThread-0] WARN  pipeline.BackgroundPipelineCreator (BackgroundPipelineCreator.java:run(185)) - RatisPipelineUtilsThread is interrupted.
2025-08-26 23:00:11,788 [ForkJoinPool-1-worker-1] INFO  BackgroundPipelineScrubber (BackgroundSCMService.java:stop(127)) - Stopping BackgroundPipelineScrubber Service.
2025-08-26 23:00:11,788 [BackgroundPipelineScrubber] WARN  BackgroundPipelineScrubber (BackgroundSCMService.java:run(111)) - BackgroundPipelineScrubber is interrupted, exit
2025-08-26 23:00:11,788 [ForkJoinPool-1-worker-1] INFO  impl.MetricsSystemImpl (MetricsSystemImpl.java:stop(210)) - Stopping HddsDatanode metrics system...
2025-08-26 23:00:11,789 [prometheus] INFO  impl.MetricsSinkAdapter (MetricsSinkAdapter.java:publishMetricsFromQueue(141)) - prometheus thread interrupted.
2025-08-26 23:00:11,789 [ForkJoinPool-1-worker-1] INFO  impl.MetricsSystemImpl (MetricsSystemImpl.java:stop(216)) - HddsDatanode metrics system stopped.
2025-08-26 23:00:11,789 [ForkJoinPool-1-worker-1] WARN  pipeline.BackgroundPipelineCreator (BackgroundPipelineCreator.java:stop(150)) - RatisPipelineUtilsThread is not running, just ignore.
2025-08-26 23:00:11,789 [ForkJoinPool-1-worker-1] INFO  BackgroundPipelineScrubber (BackgroundSCMService.java:stop(122)) - BackgroundPipelineScrubber Service is not running, skip stop.
2025-08-26 23:00:11,789 [ForkJoinPool-1-worker-1] INFO  ExpiredContainerReplicaOpScrubber (BackgroundSCMService.java:stop(127)) - Stopping ExpiredContainerReplicaOpScrubber Service.
2025-08-26 23:00:11,790 [ForkJoinPool-1-worker-1] INFO  utils.BackgroundService (BackgroundService.java:shutdown(195)) - Shutting down service SCMBlockDeletingService
2025-08-26 23:00:11,790 [ForkJoinPool-1-worker-1] INFO  replication.ReplicationManager (ReplicationManager.java:stop(325)) - Replication Monitor Thread is not running.
2025-08-26 23:00:11,790 [ForkJoinPool-1-worker-1] WARN  balancer.ContainerBalancer (ContainerBalancer.java:stop(352)) - Cannot stop Container Balancer because it's not running or stopping
2025-08-26 23:00:11,790 [ForkJoinPool-1-worker-1] INFO  SCMHATransactionMonitor (BackgroundSCMService.java:stop(122)) - SCMHATransactionMonitor Service is not running, skip stop.
2025-08-26 23:00:11,790 [LeaseManager#LeaseMonitor] WARN  lease.LeaseManager (LeaseManager.java:run(285)) - Lease manager is interrupted. Shutting down...
java.lang.InterruptedException
	at java.base/java.util.concurrent.locks.AbstractQueuedSynchronizer.tryAcquireSharedNanos(AbstractQueuedSynchronizer.java:1133)
	at java.base/java.util.concurrent.Semaphore.tryAcquire(Semaphore.java:415)
	at org.apache.hadoop.ozone.lease.LeaseManager$LeaseMonitor.run(LeaseManager.java:283)
	at java.base/java.lang.Thread.run(Thread.java:1583)
2025-08-26 23:00:11,790 [ExpiredContainerReplicaOpScrubber] WARN  ExpiredContainerReplicaOpScrubber (BackgroundSCMService.java:run(111)) - ExpiredContainerReplicaOpScrubber is interrupted, exit
2025-08-26 23:00:11,790 [ForkJoinPool-1-worker-1] INFO  server.StorageContainerManager (StorageContainerManager.java:stop(1740)) - Stopping SCM MetadataStore.
]]></system-out>
  </testcase>
  <testcase name="testContainerStateMachineFailures" classname="org.apache.hadoop.ozone.client.rpc.TestContainerStateMachine" time="46.387">
    <system-out><![CDATA[2025-08-26 23:00:12,153 [ForkJoinPool-1-worker-1] INFO  utils.SelfSignedCertificate (SelfSignedCertificate.java:generateCertificate(156)) - Certificate 1 is issued by SERIALNUMBER=1, O=cluster1, OU=scm1, CN=rootCA@localhost to SERIALNUMBER=1, O=cluster1, OU=scm1, CN=rootCA@localhost, valid from Tue Aug 26 23:00:12 UTC 2025 to Fri Oct 04 23:00:12 UTC 2030
2025-08-26 23:00:12,158 [ForkJoinPool-1-worker-1] INFO  authority.DefaultApprover (DefaultApprover.java:sign(171)) - Extensions in CSR: 2.5.29.15
2025-08-26 23:00:12,158 [ForkJoinPool-1-worker-1] INFO  authority.DefaultApprover (DefaultApprover.java:sign(175)) - Extensions to add to the certificate if they present in CSR: 2.5.29.15, 2.5.29.17, 2.5.29.35, 2.5.29.37, 1.3.6.1.5.5.7.1.12
2025-08-26 23:00:12,166 [ForkJoinPool-1-worker-1] INFO  ha.SCMHANodeDetails (SCMHANodeDetails.java:loadSCMHAConfig(162)) - ServiceID for StorageContainerManager is null
2025-08-26 23:00:12,166 [ForkJoinPool-1-worker-1] INFO  ha.SCMHANodeDetails (SCMHANodeDetails.java:loadSCMHAConfig(166)) - ozone.scm.default.service.id is not defined, falling back to ozone.scm.service.ids to find serviceID for StorageContainerManager if it is HA enabled cluster
2025-08-26 23:00:12,167 [ForkJoinPool-1-worker-1] INFO  server.RaftServerConfigKeys (ConfUtils.java:logGet(62)) - raft.server.log.appender.buffer.byte-limit = 4194304 (custom)
2025-08-26 23:00:12,169 [ForkJoinPool-1-worker-1] INFO  grpc.GrpcConfigKeys (ConfUtils.java:logFallback(69)) - raft.grpc.admin.host = null (fallback to raft.grpc.server.host)
2025-08-26 23:00:12,169 [ForkJoinPool-1-worker-1] INFO  grpc.GrpcConfigKeys (ConfUtils.java:logFallback(69)) - raft.grpc.admin.port = 15022 (fallback to raft.grpc.server.port)
2025-08-26 23:00:12,169 [ForkJoinPool-1-worker-1] INFO  grpc.GrpcConfigKeys (ConfUtils.java:logFallback(69)) - raft.grpc.client.host = null (fallback to raft.grpc.server.host)
2025-08-26 23:00:12,169 [ForkJoinPool-1-worker-1] INFO  grpc.GrpcConfigKeys (ConfUtils.java:logFallback(69)) - raft.grpc.client.port = 15022 (fallback to raft.grpc.server.port)
2025-08-26 23:00:12,169 [ForkJoinPool-1-worker-1] INFO  grpc.GrpcConfigKeys (ConfUtils.java:logGet(62)) - raft.grpc.server.port = 15022 (custom)
2025-08-26 23:00:12,169 [ForkJoinPool-1-worker-1] INFO  server.GrpcServicesImpl (ConfUtils.java:logGet(62)) - raft.grpc.message.size.max = 5242880 (custom)
2025-08-26 23:00:12,169 [ForkJoinPool-1-worker-1] INFO  server.GrpcServicesImpl (ConfUtils.java:logGet(62)) - raft.grpc.flow.control.window = 1MB (=1048576) (default)
2025-08-26 23:00:12,170 [ForkJoinPool-1-worker-1] INFO  server.RaftServerConfigKeys (ConfUtils.java:logGet(62)) - raft.server.rpc.request.timeout = 30000ms (custom)
2025-08-26 23:00:12,170 [ForkJoinPool-1-worker-1] INFO  server.RaftServerConfigKeys (ConfUtils.java:logGet(62)) - raft.server.log.appender.buffer.byte-limit = 4194304 (custom)
2025-08-26 23:00:12,171 [ForkJoinPool-1-worker-1] INFO  impl.DataStreamServerImpl (ConfUtils.java:logGet(62)) - raft.datastream.type = DISABLED (default)
2025-08-26 23:00:12,171 [ForkJoinPool-1-worker-1] INFO  server.RaftServerConfigKeys (ConfUtils.java:logGet(62)) - raft.server.storage.dir = [/home/runner/work/ozone/ozone/hadoop-ozone/integration-test/target/test-dir/MiniOzoneClusterImpl-89d78760-19a1-47e7-a3d8-9e4bc186c3c1/scm/ratis] (custom)
2025-08-26 23:00:12,175 [7891d67e-4097-47f0-8a45-d6536c3f07d1-groupManagement] INFO  server.RaftServer$Division (RaftServerImpl.java:<init>(268)) - 7891d67e-4097-47f0-8a45-d6536c3f07d1: new RaftServerImpl for group-9E4BC186C3C1:[7891d67e-4097-47f0-8a45-d6536c3f07d1|localhost:15022] with SCMStateMachine:uninitialized
2025-08-26 23:00:12,175 [7891d67e-4097-47f0-8a45-d6536c3f07d1-groupManagement] INFO  server.RaftServerConfigKeys (ConfUtils.java:logGet(62)) - raft.server.rpc.slowness.timeout = 120000ms (custom)
2025-08-26 23:00:12,175 [7891d67e-4097-47f0-8a45-d6536c3f07d1-groupManagement] INFO  server.RaftServer$Division (ServerState.java:<init>(114)) - 7891d67e-4097-47f0-8a45-d6536c3f07d1@group-9E4BC186C3C1: ConfigurationManager, init=conf: {index: -1, cur=peers:[7891d67e-4097-47f0-8a45-d6536c3f07d1|localhost:15022]|listeners:[], old=null}, confs=<EMPTY_MAP>
2025-08-26 23:00:12,175 [ForkJoinPool-1-worker-1] INFO  server.RaftServer (RaftServerProxy.java:addNew(105)) - 7891d67e-4097-47f0-8a45-d6536c3f07d1: addNew group-9E4BC186C3C1:[7891d67e-4097-47f0-8a45-d6536c3f07d1|localhost:15022] returns group-9E4BC186C3C1:java.util.concurrent.CompletableFuture@6dc717c1[Not completed]
2025-08-26 23:00:12,175 [7891d67e-4097-47f0-8a45-d6536c3f07d1-groupManagement] INFO  server.RaftServerConfigKeys (ConfUtils.java:logGet(62)) - raft.server.notification.no-leader.timeout = 60s (default)
2025-08-26 23:00:12,176 [7891d67e-4097-47f0-8a45-d6536c3f07d1-groupManagement] INFO  server.RaftServerConfigKeys (ConfUtils.java:logGet(62)) - raft.server.retrycache.expirytime = 60000ms (default)
2025-08-26 23:00:12,182 [7891d67e-4097-47f0-8a45-d6536c3f07d1-impl-thread1] INFO  storage.RaftStorageDirectory (RaftStorageDirectoryImpl.java:analyzeStorage(138)) - The storage directory /home/runner/work/ozone/ozone/hadoop-ozone/integration-test/target/test-dir/MiniOzoneClusterImpl-89d78760-19a1-47e7-a3d8-9e4bc186c3c1/scm/ratis/89d78760-19a1-47e7-a3d8-9e4bc186c3c1 does not exist. Creating ...
2025-08-26 23:00:12,184 [7891d67e-4097-47f0-8a45-d6536c3f07d1-impl-thread1] INFO  storage.RaftStorageDirectory (RaftStorageDirectoryImpl.java:tryLock(229)) - Lock on /home/runner/work/ozone/ozone/hadoop-ozone/integration-test/target/test-dir/MiniOzoneClusterImpl-89d78760-19a1-47e7-a3d8-9e4bc186c3c1/scm/ratis/89d78760-19a1-47e7-a3d8-9e4bc186c3c1/in_use.lock acquired by nodename 9091@localhost
2025-08-26 23:00:12,185 [7891d67e-4097-47f0-8a45-d6536c3f07d1-impl-thread1] INFO  storage.RaftStorage (RaftStorageImpl.java:format(98)) - Storage directory /home/runner/work/ozone/ozone/hadoop-ozone/integration-test/target/test-dir/MiniOzoneClusterImpl-89d78760-19a1-47e7-a3d8-9e4bc186c3c1/scm/ratis/89d78760-19a1-47e7-a3d8-9e4bc186c3c1 has been successfully formatted.
2025-08-26 23:00:12,185 [7891d67e-4097-47f0-8a45-d6536c3f07d1-impl-thread1] INFO  ha.SCMStateMachine (SCMStateMachine.java:lambda$initialize$0(135)) - 7891d67e-4097-47f0-8a45-d6536c3f07d1: initialize group-9E4BC186C3C1
2025-08-26 23:00:12,186 [7891d67e-4097-47f0-8a45-d6536c3f07d1-impl-thread1] INFO  server.RaftServerConfigKeys (ConfUtils.java:logGet(62)) - raft.server.log.appender.buffer.byte-limit = 4194304 (custom)
2025-08-26 23:00:12,186 [7891d67e-4097-47f0-8a45-d6536c3f07d1-impl-thread1] INFO  server.RaftServerConfigKeys (ConfUtils.java:logGet(62)) - raft.server.log.segment.size.max = 67108864 (custom)
2025-08-26 23:00:12,186 [7891d67e-4097-47f0-8a45-d6536c3f07d1-impl-thread1] INFO  server.RaftServerConfigKeys (ConfUtils.java:logGet(62)) - raft.server.log.appender.buffer.byte-limit = 4194304 (custom)
2025-08-26 23:00:12,188 [7891d67e-4097-47f0-8a45-d6536c3f07d1-impl-thread1] INFO  util.AwaitToRun (AwaitToRun.java:start(81)) - Thread[#675,7891d67e-4097-47f0-8a45-d6536c3f07d1@group-9E4BC186C3C1-cacheEviction-AwaitToRun,5,main] started
2025-08-26 23:00:12,188 [7891d67e-4097-47f0-8a45-d6536c3f07d1-impl-thread1] INFO  segmented.SegmentedRaftLogWorker (SegmentedRaftLogWorker.java:<init>(190)) - new 7891d67e-4097-47f0-8a45-d6536c3f07d1@group-9E4BC186C3C1-SegmentedRaftLogWorker for RaftStorageImpl:Storage Directory /home/runner/work/ozone/ozone/hadoop-ozone/integration-test/target/test-dir/MiniOzoneClusterImpl-89d78760-19a1-47e7-a3d8-9e4bc186c3c1/scm/ratis/89d78760-19a1-47e7-a3d8-9e4bc186c3c1
2025-08-26 23:00:12,188 [7891d67e-4097-47f0-8a45-d6536c3f07d1-impl-thread1] INFO  server.RaftServerConfigKeys (ConfUtils.java:logGet(62)) - raft.server.log.queue.byte-limit = 64MB (=67108864) (default)
2025-08-26 23:00:12,188 [7891d67e-4097-47f0-8a45-d6536c3f07d1-impl-thread1] INFO  server.RaftServerConfigKeys (ConfUtils.java:logGet(62)) - raft.server.log.queue.element-limit = 4096 (default)
2025-08-26 23:00:12,188 [7891d67e-4097-47f0-8a45-d6536c3f07d1-impl-thread1] INFO  server.RaftServerConfigKeys (ConfUtils.java:logGet(62)) - raft.server.log.segment.size.max = 67108864 (custom)
2025-08-26 23:00:12,188 [7891d67e-4097-47f0-8a45-d6536c3f07d1-impl-thread1] INFO  server.RaftServerConfigKeys (ConfUtils.java:logGet(62)) - raft.server.log.preallocated.size = 4194304 (custom)
2025-08-26 23:00:12,188 [7891d67e-4097-47f0-8a45-d6536c3f07d1-impl-thread1] INFO  server.RaftServerConfigKeys (ConfUtils.java:logGet(62)) - raft.server.log.statemachine.data.sync.timeout.retry = -1 (default)
2025-08-26 23:00:12,188 [7891d67e-4097-47f0-8a45-d6536c3f07d1-impl-thread1] INFO  server.RaftServerConfigKeys (ConfUtils.java:logGet(62)) - raft.server.log.write.buffer.size = 4194312 (custom)
2025-08-26 23:00:12,192 [7891d67e-4097-47f0-8a45-d6536c3f07d1-impl-thread1] INFO  server.RaftServerConfigKeys (ConfUtils.java:logGet(62)) - raft.server.log.appender.buffer.byte-limit = 4194304 (custom)
2025-08-26 23:00:12,192 [7891d67e-4097-47f0-8a45-d6536c3f07d1-impl-thread1] INFO  server.RaftServerConfigKeys (ConfUtils.java:logGet(62)) - raft.server.log.statemachine.data.caching.enabled = false (default)
2025-08-26 23:00:12,192 [7891d67e-4097-47f0-8a45-d6536c3f07d1-impl-thread1] INFO  segmented.SegmentedRaftLogWorker (SegmentedRaftLogWorker.java:lambda$new$0(141)) - 7891d67e-4097-47f0-8a45-d6536c3f07d1@group-9E4BC186C3C1-SegmentedRaftLogWorker: flushIndex: setUnconditionally 0 -> -1
2025-08-26 23:00:12,192 [7891d67e-4097-47f0-8a45-d6536c3f07d1-impl-thread1] INFO  segmented.SegmentedRaftLogWorker (SegmentedRaftLogWorker.java:lambda$new$0(141)) - 7891d67e-4097-47f0-8a45-d6536c3f07d1@group-9E4BC186C3C1-SegmentedRaftLogWorker: safeCacheEvictIndex: setUnconditionally 0 -> -1
2025-08-26 23:00:12,192 [7891d67e-4097-47f0-8a45-d6536c3f07d1-impl-thread1] INFO  server.RaftServer$Division (RaftServerImpl.java:start(405)) - 7891d67e-4097-47f0-8a45-d6536c3f07d1@group-9E4BC186C3C1: start as a follower, conf=conf: {index: -1, cur=peers:[7891d67e-4097-47f0-8a45-d6536c3f07d1|localhost:15022]|listeners:[], old=null}
2025-08-26 23:00:12,193 [7891d67e-4097-47f0-8a45-d6536c3f07d1-impl-thread1] INFO  server.RaftServer$Division (RaftServerImpl.java:setRole(392)) - 7891d67e-4097-47f0-8a45-d6536c3f07d1@group-9E4BC186C3C1: changes role from      null to FOLLOWER at term 0 for startAsFollower
2025-08-26 23:00:12,198 [7891d67e-4097-47f0-8a45-d6536c3f07d1-impl-thread1] INFO  impl.RoleInfo (RoleInfo.java:updateAndGet(148)) - 7891d67e-4097-47f0-8a45-d6536c3f07d1: start 7891d67e-4097-47f0-8a45-d6536c3f07d1@group-9E4BC186C3C1-FollowerState
2025-08-26 23:00:12,199 [7891d67e-4097-47f0-8a45-d6536c3f07d1-impl-thread1] INFO  util.JmxRegister (JmxRegister.java:tryRegister(44)) - Successfully registered JMX Bean with object name Ratis:service=RaftServer,group=group-9E4BC186C3C1,id=7891d67e-4097-47f0-8a45-d6536c3f07d1
2025-08-26 23:00:12,199 [7891d67e-4097-47f0-8a45-d6536c3f07d1-impl-thread1] INFO  util.JmxRegister (JmxRegister.java:register(58)) - register mxBean class org.apache.ratis.server.impl.RaftServerJmxAdapter as Ratis:service=RaftServer,group=group-9E4BC186C3C1,id=7891d67e-4097-47f0-8a45-d6536c3f07d1
2025-08-26 23:00:12,199 [7891d67e-4097-47f0-8a45-d6536c3f07d1-impl-thread1] INFO  server.RaftServerConfigKeys (ConfUtils.java:logGet(62)) - raft.server.snapshot.auto.trigger.threshold = 1000 (custom)
2025-08-26 23:00:12,199 [7891d67e-4097-47f0-8a45-d6536c3f07d1-impl-thread1] INFO  server.RaftServerConfigKeys (ConfUtils.java:logGet(62)) - raft.server.snapshot.retention.file.num = -1 (default)
2025-08-26 23:00:12,200 [7891d67e-4097-47f0-8a45-d6536c3f07d1-impl-thread1] INFO  server.RaftServer$Division (RaftServerImpl.java:start(419)) - 7891d67e-4097-47f0-8a45-d6536c3f07d1@group-9E4BC186C3C1: Successfully started.
2025-08-26 23:00:12,200 [ForkJoinPool-1-worker-1] INFO  server.RaftServer (RaftServerProxy.java:startImpl(412)) - 7891d67e-4097-47f0-8a45-d6536c3f07d1: start RPC server
2025-08-26 23:00:12,201 [ForkJoinPool-1-worker-1] INFO  server.GrpcServicesImpl (GrpcServicesImpl.java:startImpl(346)) - 7891d67e-4097-47f0-8a45-d6536c3f07d1: GrpcServicesImpl started, listening on 15022
2025-08-26 23:00:12,202 [JvmPauseMonitor4] INFO  util.JvmPauseMonitor (JvmPauseMonitor.java:run(146)) - JvmPauseMonitor-7891d67e-4097-47f0-8a45-d6536c3f07d1: Started
2025-08-26 23:00:13,240 [7891d67e-4097-47f0-8a45-d6536c3f07d1@group-9E4BC186C3C1-FollowerState] INFO  impl.FollowerState (FollowerState.java:runImpl(161)) - 7891d67e-4097-47f0-8a45-d6536c3f07d1@group-9E4BC186C3C1-FollowerState: change to CANDIDATE, lastRpcElapsedTime:1041410516ns, electionTimeout:1040ms
2025-08-26 23:00:13,240 [7891d67e-4097-47f0-8a45-d6536c3f07d1@group-9E4BC186C3C1-FollowerState] INFO  impl.RoleInfo (RoleInfo.java:shutdownFollowerState(121)) - 7891d67e-4097-47f0-8a45-d6536c3f07d1: shutdown 7891d67e-4097-47f0-8a45-d6536c3f07d1@group-9E4BC186C3C1-FollowerState
2025-08-26 23:00:13,240 [7891d67e-4097-47f0-8a45-d6536c3f07d1@group-9E4BC186C3C1-FollowerState] INFO  server.RaftServer$Division (RaftServerImpl.java:setRole(392)) - 7891d67e-4097-47f0-8a45-d6536c3f07d1@group-9E4BC186C3C1: changes role from  FOLLOWER to CANDIDATE at term 0 for changeToCandidate
2025-08-26 23:00:13,240 [7891d67e-4097-47f0-8a45-d6536c3f07d1@group-9E4BC186C3C1-FollowerState] INFO  impl.RoleInfo (RoleInfo.java:updateAndGet(148)) - 7891d67e-4097-47f0-8a45-d6536c3f07d1: start 7891d67e-4097-47f0-8a45-d6536c3f07d1@group-9E4BC186C3C1-LeaderElection5
2025-08-26 23:00:13,241 [7891d67e-4097-47f0-8a45-d6536c3f07d1@group-9E4BC186C3C1-LeaderElection5] INFO  impl.LeaderElection (LeaderElection.java:askForVotes(448)) - 7891d67e-4097-47f0-8a45-d6536c3f07d1@group-9E4BC186C3C1-LeaderElection5 PRE_VOTE round 0: submit vote requests at term 0 for conf: {index: -1, cur=peers:[7891d67e-4097-47f0-8a45-d6536c3f07d1|localhost:15022]|listeners:[], old=null}
2025-08-26 23:00:13,241 [7891d67e-4097-47f0-8a45-d6536c3f07d1@group-9E4BC186C3C1-LeaderElection5] INFO  impl.LeaderElection (LeaderElection.java:askForVotes(450)) - 7891d67e-4097-47f0-8a45-d6536c3f07d1@group-9E4BC186C3C1-LeaderElection5 PRE_VOTE round 0: result PASSED (term=0)
2025-08-26 23:00:13,242 [7891d67e-4097-47f0-8a45-d6536c3f07d1@group-9E4BC186C3C1-LeaderElection5] INFO  impl.LeaderElection (LeaderElection.java:askForVotes(448)) - 7891d67e-4097-47f0-8a45-d6536c3f07d1@group-9E4BC186C3C1-LeaderElection5 ELECTION round 0: submit vote requests at term 1 for conf: {index: -1, cur=peers:[7891d67e-4097-47f0-8a45-d6536c3f07d1|localhost:15022]|listeners:[], old=null}
2025-08-26 23:00:13,242 [7891d67e-4097-47f0-8a45-d6536c3f07d1@group-9E4BC186C3C1-LeaderElection5] INFO  impl.LeaderElection (LeaderElection.java:askForVotes(450)) - 7891d67e-4097-47f0-8a45-d6536c3f07d1@group-9E4BC186C3C1-LeaderElection5 ELECTION round 0: result PASSED (term=1)
2025-08-26 23:00:13,242 [7891d67e-4097-47f0-8a45-d6536c3f07d1@group-9E4BC186C3C1-LeaderElection5] INFO  impl.RoleInfo (RoleInfo.java:shutdownLeaderElection(141)) - 7891d67e-4097-47f0-8a45-d6536c3f07d1: shutdown 7891d67e-4097-47f0-8a45-d6536c3f07d1@group-9E4BC186C3C1-LeaderElection5
2025-08-26 23:00:13,242 [7891d67e-4097-47f0-8a45-d6536c3f07d1@group-9E4BC186C3C1-LeaderElection5] INFO  server.RaftServer$Division (RaftServerImpl.java:setRole(392)) - 7891d67e-4097-47f0-8a45-d6536c3f07d1@group-9E4BC186C3C1: changes role from CANDIDATE to LEADER at term 1 for changeToLeader
2025-08-26 23:00:13,242 [7891d67e-4097-47f0-8a45-d6536c3f07d1@group-9E4BC186C3C1-LeaderElection5] INFO  server.RaftServerConfigKeys (ConfUtils.java:logFallback(69)) - raft.server.staging.timeout = 15600ms (fallback to raft.server.rpc.timeout.max)
2025-08-26 23:00:13,243 [7891d67e-4097-47f0-8a45-d6536c3f07d1@group-9E4BC186C3C1-LeaderElection5] INFO  server.RaftServerConfigKeys (ConfUtils.java:logGet(62)) - raft.server.write.element-limit = 4096 (default)
2025-08-26 23:00:13,243 [7891d67e-4097-47f0-8a45-d6536c3f07d1@group-9E4BC186C3C1-LeaderElection5] INFO  server.RaftServerConfigKeys (ConfUtils.java:logGet(62)) - raft.server.write.byte-limit = 64MB (=67108864) (default)
2025-08-26 23:00:13,243 [7891d67e-4097-47f0-8a45-d6536c3f07d1@group-9E4BC186C3C1-LeaderElection5] INFO  server.RaftServerConfigKeys (ConfUtils.java:logGet(62)) - raft.server.watch.timeout = 10s (default)
2025-08-26 23:00:13,243 [7891d67e-4097-47f0-8a45-d6536c3f07d1@group-9E4BC186C3C1-LeaderElection5] INFO  server.RaftServerConfigKeys (ConfUtils.java:logGet(62)) - raft.server.log.log-metadata.enabled = false (custom)
2025-08-26 23:00:13,243 [7891d67e-4097-47f0-8a45-d6536c3f07d1@group-9E4BC186C3C1-LeaderElection5] INFO  impl.RoleInfo (RoleInfo.java:updateAndGet(148)) - 7891d67e-4097-47f0-8a45-d6536c3f07d1: start 7891d67e-4097-47f0-8a45-d6536c3f07d1@group-9E4BC186C3C1-LeaderStateImpl
2025-08-26 23:00:13,243 [7891d67e-4097-47f0-8a45-d6536c3f07d1@group-9E4BC186C3C1-LeaderElection5] INFO  server.RaftServer$Division (RaftServerImpl.java:setFirstElection(576)) - 7891d67e-4097-47f0-8a45-d6536c3f07d1@group-9E4BC186C3C1: set firstElectionSinceStartup to false for becomeLeader
2025-08-26 23:00:13,243 [7891d67e-4097-47f0-8a45-d6536c3f07d1@group-9E4BC186C3C1-LeaderElection5] INFO  server.RaftServer$Division (ServerState.java:setLeader(272)) - 7891d67e-4097-47f0-8a45-d6536c3f07d1@group-9E4BC186C3C1: change Leader from null to 7891d67e-4097-47f0-8a45-d6536c3f07d1 at term 1 for becomeLeader, leader elected after 1067ms
2025-08-26 23:00:13,243 [7891d67e-4097-47f0-8a45-d6536c3f07d1@group-9E4BC186C3C1-LeaderElection5] INFO  segmented.SegmentedRaftLogWorker (SegmentedRaftLogWorker.java:startLogSegment(440)) - 7891d67e-4097-47f0-8a45-d6536c3f07d1@group-9E4BC186C3C1-SegmentedRaftLogWorker: Starting segment from index:0
2025-08-26 23:00:13,244 [7891d67e-4097-47f0-8a45-d6536c3f07d1@group-9E4BC186C3C1-LeaderElection5] INFO  server.RaftServer$Division (ServerState.java:setRaftConf(386)) - 7891d67e-4097-47f0-8a45-d6536c3f07d1@group-9E4BC186C3C1: set configuration conf: {index: 0, cur=peers:[7891d67e-4097-47f0-8a45-d6536c3f07d1|localhost:15022]|listeners:[], old=null}
2025-08-26 23:00:13,244 [7891d67e-4097-47f0-8a45-d6536c3f07d1@group-9E4BC186C3C1-SegmentedRaftLogWorker] INFO  segmented.BufferedWriteChannel (BufferedWriteChannel.java:open(61)) - open log_inprogress_0 at position 0
2025-08-26 23:00:13,250 [7891d67e-4097-47f0-8a45-d6536c3f07d1@group-9E4BC186C3C1-SegmentedRaftLogWorker] INFO  segmented.SegmentedRaftLogWorker (SegmentedRaftLogWorker.java:execute(647)) - 7891d67e-4097-47f0-8a45-d6536c3f07d1@group-9E4BC186C3C1-SegmentedRaftLogWorker: created new log segment /home/runner/work/ozone/ozone/hadoop-ozone/integration-test/target/test-dir/MiniOzoneClusterImpl-89d78760-19a1-47e7-a3d8-9e4bc186c3c1/scm/ratis/89d78760-19a1-47e7-a3d8-9e4bc186c3c1/current/log_inprogress_0
2025-08-26 23:00:13,252 [7891d67e-4097-47f0-8a45-d6536c3f07d1@group-9E4BC186C3C1-StateMachineUpdater] INFO  server.RaftServer$Division (LeaderStateImpl.java:checkStartIndex(309)) - Leader 7891d67e-4097-47f0-8a45-d6536c3f07d1@group-9E4BC186C3C1-LeaderStateImpl is ready since appliedIndex == startIndex == 0
2025-08-26 23:00:14,202 [ForkJoinPool-1-worker-1] INFO  server.RaftServer (RaftServerProxy.java:lambda$close$9(422)) - 7891d67e-4097-47f0-8a45-d6536c3f07d1: close
2025-08-26 23:00:14,202 [ForkJoinPool-1-worker-1] INFO  server.GrpcServicesImpl (GrpcServicesImpl.java:closeImpl(355)) - 7891d67e-4097-47f0-8a45-d6536c3f07d1: shutdown server GrpcServerProtocolService now
2025-08-26 23:00:14,203 [7891d67e-4097-47f0-8a45-d6536c3f07d1-impl-thread1] INFO  server.RaftServer$Division (RaftServerImpl.java:lambda$close$1(527)) - 7891d67e-4097-47f0-8a45-d6536c3f07d1@group-9E4BC186C3C1: shutdown
2025-08-26 23:00:14,203 [7891d67e-4097-47f0-8a45-d6536c3f07d1-impl-thread1] INFO  util.JmxRegister (JmxRegister.java:unregister(74)) - Successfully un-registered JMX Bean with object name Ratis:service=RaftServer,group=group-9E4BC186C3C1,id=7891d67e-4097-47f0-8a45-d6536c3f07d1
2025-08-26 23:00:14,203 [7891d67e-4097-47f0-8a45-d6536c3f07d1-impl-thread1] INFO  impl.RoleInfo (RoleInfo.java:shutdownLeaderState(103)) - 7891d67e-4097-47f0-8a45-d6536c3f07d1: shutdown 7891d67e-4097-47f0-8a45-d6536c3f07d1@group-9E4BC186C3C1-LeaderStateImpl
2025-08-26 23:00:14,203 [7891d67e-4097-47f0-8a45-d6536c3f07d1-impl-thread1] INFO  impl.PendingRequests (PendingRequests.java:sendNotLeaderResponses(287)) - 7891d67e-4097-47f0-8a45-d6536c3f07d1@group-9E4BC186C3C1-PendingRequests: sendNotLeaderResponses
2025-08-26 23:00:14,203 [ForkJoinPool-1-worker-1] INFO  server.GrpcServicesImpl (GrpcServicesImpl.java:closeImpl(364)) - 7891d67e-4097-47f0-8a45-d6536c3f07d1: shutdown server GrpcServerProtocolService successfully
2025-08-26 23:00:14,204 [7891d67e-4097-47f0-8a45-d6536c3f07d1-impl-thread1] INFO  impl.StateMachineUpdater (StateMachineUpdater.java:stopAndJoin(163)) - 7891d67e-4097-47f0-8a45-d6536c3f07d1@group-9E4BC186C3C1-StateMachineUpdater: set stopIndex = 0
2025-08-26 23:00:14,204 [7891d67e-4097-47f0-8a45-d6536c3f07d1@group-9E4BC186C3C1-StateMachineUpdater] INFO  impl.StateMachineUpdater (StateMachineUpdater.java:takeSnapshot(307)) - 7891d67e-4097-47f0-8a45-d6536c3f07d1@group-9E4BC186C3C1-StateMachineUpdater: Took a snapshot at index 0
2025-08-26 23:00:14,204 [7891d67e-4097-47f0-8a45-d6536c3f07d1@group-9E4BC186C3C1-StateMachineUpdater] INFO  impl.StateMachineUpdater (StateMachineUpdater.java:lambda$new$0(101)) - 7891d67e-4097-47f0-8a45-d6536c3f07d1@group-9E4BC186C3C1-StateMachineUpdater: snapshotIndex: updateIncreasingly -1 -> 0
2025-08-26 23:00:14,204 [7891d67e-4097-47f0-8a45-d6536c3f07d1@group-9E4BC186C3C1-StateMachineUpdater] INFO  impl.StateMachineUpdater (StateMachineUpdater.java:stop(140)) - 7891d67e-4097-47f0-8a45-d6536c3f07d1@group-9E4BC186C3C1-StateMachineUpdater: closing SCMStateMachine, lastApplied=(t:1, i:0)
2025-08-26 23:00:14,204 [7891d67e-4097-47f0-8a45-d6536c3f07d1@group-9E4BC186C3C1-cacheEviction-AwaitToRun] INFO  util.AwaitToRun (AwaitToRun.java:run(49)) - 7891d67e-4097-47f0-8a45-d6536c3f07d1@group-9E4BC186C3C1-cacheEviction-AwaitToRun-AwaitForSignal is interrupted
2025-08-26 23:00:14,252 [7891d67e-4097-47f0-8a45-d6536c3f07d1-impl-thread1] INFO  segmented.SegmentedRaftLogWorker (SegmentedRaftLogWorker.java:close(254)) - 7891d67e-4097-47f0-8a45-d6536c3f07d1@group-9E4BC186C3C1-SegmentedRaftLogWorker close()
2025-08-26 23:00:14,253 [JvmPauseMonitor4] INFO  util.JvmPauseMonitor (JvmPauseMonitor.java:run(152)) - JvmPauseMonitor-7891d67e-4097-47f0-8a45-d6536c3f07d1: Stopped
2025-08-26 23:00:14,253 [ForkJoinPool-1-worker-1] INFO  ha.SCMHANodeDetails (SCMHANodeDetails.java:loadSCMHAConfig(162)) - ServiceID for StorageContainerManager is null
2025-08-26 23:00:14,253 [ForkJoinPool-1-worker-1] INFO  ha.SCMHANodeDetails (SCMHANodeDetails.java:loadSCMHAConfig(166)) - ozone.scm.default.service.id is not defined, falling back to ozone.scm.service.ids to find serviceID for StorageContainerManager if it is HA enabled cluster
2025-08-26 23:00:14,303 [ForkJoinPool-1-worker-1] INFO  net.NodeSchemaLoader (NodeSchemaLoader.java:loadSchemaFromFile(128)) - Loading schema from [jar:file:/home/runner/work/ozone/ozone/hadoop-hdds/common/target/hdds-common-2.1.0-SNAPSHOT.jar!/network-topology-default.xml]
2025-08-26 23:00:14,303 [ForkJoinPool-1-worker-1] INFO  net.NodeSchemaLoader (NodeSchemaLoader.java:loadSchema(175)) - Loading network topology layer schema file
2025-08-26 23:00:14,320 [ForkJoinPool-1-worker-1] INFO  ha.SCMRatisServerImpl (SCMRatisServerImpl.java:<init>(100)) - starting Raft server for scm:7891d67e-4097-47f0-8a45-d6536c3f07d1
2025-08-26 23:00:14,321 [ForkJoinPool-1-worker-1] INFO  server.RaftServerConfigKeys (ConfUtils.java:logGet(62)) - raft.server.log.appender.buffer.byte-limit = 4194304 (custom)
2025-08-26 23:00:14,322 [ForkJoinPool-1-worker-1] INFO  grpc.GrpcConfigKeys (ConfUtils.java:logFallback(69)) - raft.grpc.admin.host = null (fallback to raft.grpc.server.host)
2025-08-26 23:00:14,323 [ForkJoinPool-1-worker-1] INFO  grpc.GrpcConfigKeys (ConfUtils.java:logFallback(69)) - raft.grpc.admin.port = 15022 (fallback to raft.grpc.server.port)
2025-08-26 23:00:14,323 [ForkJoinPool-1-worker-1] INFO  grpc.GrpcConfigKeys (ConfUtils.java:logFallback(69)) - raft.grpc.client.host = null (fallback to raft.grpc.server.host)
2025-08-26 23:00:14,323 [ForkJoinPool-1-worker-1] INFO  grpc.GrpcConfigKeys (ConfUtils.java:logFallback(69)) - raft.grpc.client.port = 15022 (fallback to raft.grpc.server.port)
2025-08-26 23:00:14,323 [ForkJoinPool-1-worker-1] INFO  server.GrpcServicesImpl (ConfUtils.java:logGet(62)) - raft.grpc.message.size.max = 5242880 (custom)
2025-08-26 23:00:14,323 [ForkJoinPool-1-worker-1] INFO  server.RaftServerConfigKeys (ConfUtils.java:logGet(62)) - raft.server.log.appender.buffer.byte-limit = 4194304 (custom)
2025-08-26 23:00:14,325 [7891d67e-4097-47f0-8a45-d6536c3f07d1-impl-thread1] INFO  server.RaftServer (RaftServerProxy.java:initGroupDir(270)) - 7891d67e-4097-47f0-8a45-d6536c3f07d1: found a subdirectory /home/runner/work/ozone/ozone/hadoop-ozone/integration-test/target/test-dir/MiniOzoneClusterImpl-89d78760-19a1-47e7-a3d8-9e4bc186c3c1/scm/ratis/89d78760-19a1-47e7-a3d8-9e4bc186c3c1
2025-08-26 23:00:14,325 [ForkJoinPool-1-worker-1] INFO  server.RaftServer (RaftServerProxy.java:addNew(105)) - 7891d67e-4097-47f0-8a45-d6536c3f07d1: addNew group-9E4BC186C3C1:[] returns group-9E4BC186C3C1:java.util.concurrent.CompletableFuture@474dc8ab[Not completed]
2025-08-26 23:00:14,326 [7891d67e-4097-47f0-8a45-d6536c3f07d1-groupManagement] INFO  server.RaftServer$Division (RaftServerImpl.java:<init>(268)) - 7891d67e-4097-47f0-8a45-d6536c3f07d1: new RaftServerImpl for group-9E4BC186C3C1:[] with SCMStateMachine:uninitialized
2025-08-26 23:00:14,326 [7891d67e-4097-47f0-8a45-d6536c3f07d1-groupManagement] INFO  server.RaftServer$Division (ServerState.java:<init>(114)) - 7891d67e-4097-47f0-8a45-d6536c3f07d1@group-9E4BC186C3C1: ConfigurationManager, init=conf: {index: -1, cur=peers:[]|listeners:[], old=null}, confs=<EMPTY_MAP>
2025-08-26 23:00:14,329 [ForkJoinPool-1-worker-1] INFO  ha.SCMSnapshotProvider (SCMSnapshotProvider.java:<init>(61)) - Initializing SCM Snapshot Provider
2025-08-26 23:00:14,330 [ForkJoinPool-1-worker-1] INFO  upgrade.AbstractLayoutVersionManager (AbstractLayoutVersionManager.java:init(80)) - Initializing Layout version manager with metadata layout = WITNESSED_CONTAINER_DB_PROTO_VALUE (version = 9), software layout = WITNESSED_CONTAINER_DB_PROTO_VALUE (version = 9)
2025-08-26 23:00:14,332 [ForkJoinPool-1-worker-1] INFO  ha.SequenceIdGenerator (SequenceIdGenerator.java:upgradeToSequenceId(353)) - upgrade localId to 115816896921600000
2025-08-26 23:00:14,333 [ForkJoinPool-1-worker-1] INFO  ha.SequenceIdGenerator (SequenceIdGenerator.java:upgradeToSequenceId(363)) - upgrade delTxnId to 0
2025-08-26 23:00:14,334 [ForkJoinPool-1-worker-1] INFO  ha.SequenceIdGenerator (SequenceIdGenerator.java:upgradeToSequenceId(379)) - upgrade containerId to 0
2025-08-26 23:00:14,335 [ForkJoinPool-1-worker-1] INFO  ha.SequenceIdGenerator (SequenceIdGenerator.java:upgradeToCertificateSequenceId(414)) - upgrade CertificateId to 2
2025-08-26 23:00:14,335 [ForkJoinPool-1-worker-1] INFO  ha.SequenceIdGenerator (SequenceIdGenerator.java:<init>(231)) - Init the HA SequenceIdGenerator.
2025-08-26 23:00:14,336 [ForkJoinPool-1-worker-1] INFO  node.SCMNodeManager (SCMNodeManager.java:<init>(180)) - Entering startup safe mode.
2025-08-26 23:00:14,336 [ForkJoinPool-1-worker-1] INFO  algorithms.ContainerPlacementPolicyFactory (ContainerPlacementPolicyFactory.java:getPolicyInternal(83)) - Create container placement policy of type org.apache.hadoop.hdds.scm.container.placement.algorithms.SCMContainerPlacementRackAware
2025-08-26 23:00:14,337 [ForkJoinPool-1-worker-1] INFO  algorithms.ContainerPlacementPolicyFactory (ContainerPlacementPolicyFactory.java:getPolicyInternal(83)) - Create container placement policy of type org.apache.hadoop.hdds.scm.container.placement.algorithms.SCMContainerPlacementRackScatter
2025-08-26 23:00:14,337 [ForkJoinPool-1-worker-1] INFO  pipeline.PipelineStateManagerImpl (PipelineStateManagerImpl.java:initialize(75)) - No pipeline exists in current db
2025-08-26 23:00:14,337 [ForkJoinPool-1-worker-1] INFO  algorithms.LeaderChoosePolicyFactory (LeaderChoosePolicyFactory.java:getPolicy(55)) - Create leader choose policy of type org.apache.hadoop.hdds.scm.pipeline.leader.choose.algorithms.MinLeaderCountChoosePolicy
2025-08-26 23:00:14,337 [ForkJoinPool-1-worker-1] INFO  algorithms.ContainerPlacementPolicyFactory (ContainerPlacementPolicyFactory.java:getPolicyInternal(83)) - Create container placement policy of type org.apache.hadoop.hdds.scm.container.placement.algorithms.SCMContainerPlacementRackScatter
2025-08-26 23:00:14,338 [ForkJoinPool-1-worker-1] INFO  ha.SCMServiceManager (SCMServiceManager.java:register(42)) - Registering service BackgroundPipelineCreator.
2025-08-26 23:00:14,338 [ForkJoinPool-1-worker-1] INFO  pipeline.BackgroundPipelineCreator (BackgroundPipelineCreator.java:start(126)) - Starting RatisPipelineUtilsThread.
2025-08-26 23:00:14,338 [ForkJoinPool-1-worker-1] INFO  BackgroundPipelineScrubber (BackgroundSCMService.java:start(64)) - Starting BackgroundPipelineScrubber Service.
2025-08-26 23:00:14,338 [ForkJoinPool-1-worker-1] INFO  ha.SCMServiceManager (SCMServiceManager.java:register(42)) - Registering service BackgroundPipelineScrubber.
2025-08-26 23:00:14,339 [ForkJoinPool-1-worker-1] INFO  ExpiredContainerReplicaOpScrubber (BackgroundSCMService.java:start(64)) - Starting ExpiredContainerReplicaOpScrubber Service.
2025-08-26 23:00:14,339 [ForkJoinPool-1-worker-1] INFO  ha.SCMServiceManager (SCMServiceManager.java:register(42)) - Registering service ExpiredContainerReplicaOpScrubber.
2025-08-26 23:00:14,340 [ForkJoinPool-1-worker-1] INFO  algorithms.PipelineChoosePolicyFactory (PipelineChoosePolicyFactory.java:createPipelineChoosePolicyFromClass(78)) - Create pipeline choose policy of type org.apache.hadoop.hdds.scm.pipeline.choose.algorithms.RandomPipelineChoosePolicy
2025-08-26 23:00:14,340 [ForkJoinPool-1-worker-1] INFO  algorithms.PipelineChoosePolicyFactory (PipelineChoosePolicyFactory.java:createPipelineChoosePolicyFromClass(78)) - Create pipeline choose policy of type org.apache.hadoop.hdds.scm.pipeline.choose.algorithms.RandomPipelineChoosePolicy
2025-08-26 23:00:14,341 [ForkJoinPool-1-worker-1] INFO  ha.SCMServiceManager (SCMServiceManager.java:register(42)) - Registering service SCMBlockDeletingService.
2025-08-26 23:00:14,341 [ForkJoinPool-1-worker-1] INFO  replication.ReplicationManager (ReplicationManager.java:start(287)) - Starting Replication Monitor Thread.
2025-08-26 23:00:14,342 [ForkJoinPool-1-worker-1] INFO  ha.SCMServiceManager (SCMServiceManager.java:register(42)) - Registering service ReplicationManager.
2025-08-26 23:00:14,343 [ForkJoinPool-1-worker-1] INFO  safemode.RatisContainerSafeModeRule (RatisContainerSafeModeRule.java:initializeRule(160)) - Refreshed Containers with one replica threshold count 0.
2025-08-26 23:00:14,343 [ForkJoinPool-1-worker-1] INFO  safemode.ECContainerSafeModeRule (ECContainerSafeModeRule.java:initializeRule(204)) - Refreshed Containers with ec n replica threshold count 0.
2025-08-26 23:00:14,343 [ForkJoinPool-1-worker-1] INFO  safemode.HealthyPipelineSafeModeRule (HealthyPipelineSafeModeRule.java:initializeRule(232)) - Total pipeline count is 0, healthy pipeline threshold count is 0
2025-08-26 23:00:14,344 [ForkJoinPool-1-worker-1] INFO  safemode.OneReplicaPipelineSafeModeRule (OneReplicaPipelineSafeModeRule.java:initializeRule(190)) - Total pipeline count is 0, pipeline's with at least one datanode reported threshold count is 0
2025-08-26 23:00:14,344 [ForkJoinPool-1-worker-1] INFO  server.StorageContainerManager (StorageContainerManager.java:<init>(432)) - SCM start with adminUsers: [admin, runner]
2025-08-26 23:00:14,345 [ForkJoinPool-1-worker-1] INFO  ipc.CallQueueManager (CallQueueManager.java:<init>(93)) - Using callQueue: class java.util.concurrent.LinkedBlockingQueue, queueCapacity: 10000, scheduler: class org.apache.hadoop.ipc.DefaultRpcScheduler, ipcBackoff: false, ipcFailOver: false.
2025-08-26 23:00:14,345 [ForkJoinPool-1-worker-1] INFO  ipc.Server (Server.java:<init>(1438)) - Listener at 0.0.0.0:15020
2025-08-26 23:00:14,346 [Socket Reader #1 for port 15020] INFO  ipc.Server (Server.java:run(1474)) - Starting Socket Reader #1 for port 15020
2025-08-26 23:00:14,346 [Socket Reader #2 for port 15020] INFO  ipc.Server (Server.java:run(1474)) - Starting Socket Reader #2 for port 15020
2025-08-26 23:00:14,346 [Socket Reader #3 for port 15020] INFO  ipc.Server (Server.java:run(1474)) - Starting Socket Reader #3 for port 15020
2025-08-26 23:00:14,347 [Socket Reader #4 for port 15020] INFO  ipc.Server (Server.java:run(1474)) - Starting Socket Reader #4 for port 15020
2025-08-26 23:00:14,347 [Socket Reader #5 for port 15020] INFO  ipc.Server (Server.java:run(1474)) - Starting Socket Reader #5 for port 15020
2025-08-26 23:00:14,348 [Socket Reader #6 for port 15020] INFO  ipc.Server (Server.java:run(1474)) - Starting Socket Reader #6 for port 15020
2025-08-26 23:00:14,348 [Socket Reader #7 for port 15020] INFO  ipc.Server (Server.java:run(1474)) - Starting Socket Reader #7 for port 15020
2025-08-26 23:00:14,348 [Socket Reader #8 for port 15020] INFO  ipc.Server (Server.java:run(1474)) - Starting Socket Reader #8 for port 15020
2025-08-26 23:00:14,348 [Socket Reader #9 for port 15020] INFO  ipc.Server (Server.java:run(1474)) - Starting Socket Reader #9 for port 15020
2025-08-26 23:00:14,349 [Socket Reader #10 for port 15020] INFO  ipc.Server (Server.java:run(1474)) - Starting Socket Reader #10 for port 15020
2025-08-26 23:00:14,352 [ForkJoinPool-1-worker-1] INFO  ipc.CallQueueManager (CallQueueManager.java:<init>(93)) - Using callQueue: class java.util.concurrent.LinkedBlockingQueue, queueCapacity: 10000, scheduler: class org.apache.hadoop.ipc.DefaultRpcScheduler, ipcBackoff: false, ipcFailOver: false.
2025-08-26 23:00:14,352 [ForkJoinPool-1-worker-1] INFO  ipc.Server (Server.java:<init>(1438)) - Listener at 0.0.0.0:15019
2025-08-26 23:00:14,352 [Socket Reader #1 for port 15019] INFO  ipc.Server (Server.java:run(1474)) - Starting Socket Reader #1 for port 15019
2025-08-26 23:00:14,353 [Socket Reader #2 for port 15019] INFO  ipc.Server (Server.java:run(1474)) - Starting Socket Reader #2 for port 15019
2025-08-26 23:00:14,353 [Socket Reader #3 for port 15019] INFO  ipc.Server (Server.java:run(1474)) - Starting Socket Reader #3 for port 15019
2025-08-26 23:00:14,353 [Socket Reader #4 for port 15019] INFO  ipc.Server (Server.java:run(1474)) - Starting Socket Reader #4 for port 15019
2025-08-26 23:00:14,354 [Socket Reader #5 for port 15019] INFO  ipc.Server (Server.java:run(1474)) - Starting Socket Reader #5 for port 15019
2025-08-26 23:00:14,354 [Socket Reader #6 for port 15019] INFO  ipc.Server (Server.java:run(1474)) - Starting Socket Reader #6 for port 15019
2025-08-26 23:00:14,354 [Socket Reader #7 for port 15019] INFO  ipc.Server (Server.java:run(1474)) - Starting Socket Reader #7 for port 15019
2025-08-26 23:00:14,354 [Socket Reader #8 for port 15019] INFO  ipc.Server (Server.java:run(1474)) - Starting Socket Reader #8 for port 15019
2025-08-26 23:00:14,355 [Socket Reader #9 for port 15019] INFO  ipc.Server (Server.java:run(1474)) - Starting Socket Reader #9 for port 15019
2025-08-26 23:00:14,355 [Socket Reader #10 for port 15019] INFO  ipc.Server (Server.java:run(1474)) - Starting Socket Reader #10 for port 15019
2025-08-26 23:00:14,356 [ForkJoinPool-1-worker-1] INFO  ipc.CallQueueManager (CallQueueManager.java:<init>(93)) - Using callQueue: class java.util.concurrent.LinkedBlockingQueue, queueCapacity: 10000, scheduler: class org.apache.hadoop.ipc.DefaultRpcScheduler, ipcBackoff: false, ipcFailOver: false.
2025-08-26 23:00:14,356 [ForkJoinPool-1-worker-1] INFO  ipc.Server (Server.java:<init>(1438)) - Listener at 0.0.0.0:15018
2025-08-26 23:00:14,357 [Socket Reader #1 for port 15018] INFO  ipc.Server (Server.java:run(1474)) - Starting Socket Reader #1 for port 15018
2025-08-26 23:00:14,357 [Socket Reader #2 for port 15018] INFO  ipc.Server (Server.java:run(1474)) - Starting Socket Reader #2 for port 15018
2025-08-26 23:00:14,357 [Socket Reader #3 for port 15018] INFO  ipc.Server (Server.java:run(1474)) - Starting Socket Reader #3 for port 15018
2025-08-26 23:00:14,358 [Socket Reader #4 for port 15018] INFO  ipc.Server (Server.java:run(1474)) - Starting Socket Reader #4 for port 15018
2025-08-26 23:00:14,358 [Socket Reader #5 for port 15018] INFO  ipc.Server (Server.java:run(1474)) - Starting Socket Reader #5 for port 15018
2025-08-26 23:00:14,358 [Socket Reader #6 for port 15018] INFO  ipc.Server (Server.java:run(1474)) - Starting Socket Reader #6 for port 15018
2025-08-26 23:00:14,359 [Socket Reader #7 for port 15018] INFO  ipc.Server (Server.java:run(1474)) - Starting Socket Reader #7 for port 15018
2025-08-26 23:00:14,359 [Socket Reader #8 for port 15018] INFO  ipc.Server (Server.java:run(1474)) - Starting Socket Reader #8 for port 15018
2025-08-26 23:00:14,359 [Socket Reader #9 for port 15018] INFO  ipc.Server (Server.java:run(1474)) - Starting Socket Reader #9 for port 15018
2025-08-26 23:00:14,360 [Socket Reader #10 for port 15018] INFO  ipc.Server (Server.java:run(1474)) - Starting Socket Reader #10 for port 15018
2025-08-26 23:00:14,367 [ForkJoinPool-1-worker-1] INFO  ha.SCMServiceManager (SCMServiceManager.java:register(42)) - Registering service ContainerBalancer.
2025-08-26 23:00:14,367 [ForkJoinPool-1-worker-1] INFO  ha.SCMContext (SCMContext.java:updateSafeModeStatus(224)) - Update SafeModeStatus from SafeModeStatus{safeModeStatus=true, preCheckPassed=false} to SafeModeStatus{safeModeStatus=true, preCheckPassed=false}.
2025-08-26 23:00:14,368 [ForkJoinPool-1-worker-1] INFO  server.StorageContainerManager (StorageContainerManager.java:start(1515)) - StorageContainerLocationProtocol RPC server is listening at /0.0.0.0:15018
2025-08-26 23:00:14,368 [ForkJoinPool-1-worker-1] INFO  ha.SCMRatisServerImpl (SCMRatisServerImpl.java:start(203)) - starting ratis server 0.0.0.0:15022
2025-08-26 23:00:14,369 [7891d67e-4097-47f0-8a45-d6536c3f07d1-impl-thread1] INFO  storage.RaftStorageDirectory (RaftStorageDirectoryImpl.java:tryLock(229)) - Lock on /home/runner/work/ozone/ozone/hadoop-ozone/integration-test/target/test-dir/MiniOzoneClusterImpl-89d78760-19a1-47e7-a3d8-9e4bc186c3c1/scm/ratis/89d78760-19a1-47e7-a3d8-9e4bc186c3c1/in_use.lock acquired by nodename 9091@localhost
2025-08-26 23:00:14,370 [7891d67e-4097-47f0-8a45-d6536c3f07d1-impl-thread1] INFO  storage.RaftStorage (RaftStorageImpl.java:analyzeAndRecoverStorage(118)) - Read RaftStorageMetadata{term=1, votedFor=7891d67e-4097-47f0-8a45-d6536c3f07d1} from /home/runner/work/ozone/ozone/hadoop-ozone/integration-test/target/test-dir/MiniOzoneClusterImpl-89d78760-19a1-47e7-a3d8-9e4bc186c3c1/scm/ratis/89d78760-19a1-47e7-a3d8-9e4bc186c3c1/current/raft-meta
2025-08-26 23:00:14,370 [7891d67e-4097-47f0-8a45-d6536c3f07d1-impl-thread1] INFO  server.RaftServer$Division (ServerState.java:setRaftConf(386)) - 7891d67e-4097-47f0-8a45-d6536c3f07d1@group-9E4BC186C3C1: set configuration conf: {index: 0, cur=peers:[7891d67e-4097-47f0-8a45-d6536c3f07d1|localhost:15022]|listeners:[], old=null}
2025-08-26 23:00:14,370 [7891d67e-4097-47f0-8a45-d6536c3f07d1-impl-thread1] INFO  ha.SCMStateMachine (SCMStateMachine.java:lambda$initialize$0(135)) - 7891d67e-4097-47f0-8a45-d6536c3f07d1: initialize group-9E4BC186C3C1
2025-08-26 23:00:14,371 [7891d67e-4097-47f0-8a45-d6536c3f07d1-impl-thread1] INFO  server.RaftServerConfigKeys (ConfUtils.java:logGet(62)) - raft.server.log.appender.buffer.byte-limit = 4194304 (custom)
2025-08-26 23:00:14,371 [7891d67e-4097-47f0-8a45-d6536c3f07d1-impl-thread1] INFO  server.RaftServerConfigKeys (ConfUtils.java:logGet(62)) - raft.server.log.segment.size.max = 67108864 (custom)
2025-08-26 23:00:14,372 [7891d67e-4097-47f0-8a45-d6536c3f07d1-impl-thread1] INFO  server.RaftServerConfigKeys (ConfUtils.java:logGet(62)) - raft.server.log.appender.buffer.byte-limit = 4194304 (custom)
2025-08-26 23:00:14,372 [7891d67e-4097-47f0-8a45-d6536c3f07d1-impl-thread1] INFO  util.AwaitToRun (AwaitToRun.java:start(81)) - Thread[#745,7891d67e-4097-47f0-8a45-d6536c3f07d1@group-9E4BC186C3C1-cacheEviction-AwaitToRun,5,main] started
2025-08-26 23:00:14,372 [7891d67e-4097-47f0-8a45-d6536c3f07d1-impl-thread1] INFO  segmented.SegmentedRaftLogWorker (SegmentedRaftLogWorker.java:<init>(190)) - new 7891d67e-4097-47f0-8a45-d6536c3f07d1@group-9E4BC186C3C1-SegmentedRaftLogWorker for RaftStorageImpl:Storage Directory /home/runner/work/ozone/ozone/hadoop-ozone/integration-test/target/test-dir/MiniOzoneClusterImpl-89d78760-19a1-47e7-a3d8-9e4bc186c3c1/scm/ratis/89d78760-19a1-47e7-a3d8-9e4bc186c3c1
2025-08-26 23:00:14,372 [7891d67e-4097-47f0-8a45-d6536c3f07d1-impl-thread1] INFO  server.RaftServerConfigKeys (ConfUtils.java:logGet(62)) - raft.server.log.segment.size.max = 67108864 (custom)
2025-08-26 23:00:14,372 [7891d67e-4097-47f0-8a45-d6536c3f07d1-impl-thread1] INFO  server.RaftServerConfigKeys (ConfUtils.java:logGet(62)) - raft.server.log.preallocated.size = 4194304 (custom)
2025-08-26 23:00:14,372 [7891d67e-4097-47f0-8a45-d6536c3f07d1-impl-thread1] INFO  server.RaftServerConfigKeys (ConfUtils.java:logGet(62)) - raft.server.log.write.buffer.size = 4194312 (custom)
2025-08-26 23:00:14,373 [7891d67e-4097-47f0-8a45-d6536c3f07d1-impl-thread1] INFO  server.RaftServerConfigKeys (ConfUtils.java:logGet(62)) - raft.server.log.appender.buffer.byte-limit = 4194304 (custom)
2025-08-26 23:00:14,373 [7891d67e-4097-47f0-8a45-d6536c3f07d1-impl-thread1] INFO  server.RaftServer$Division (ServerState.java:setRaftConf(386)) - 7891d67e-4097-47f0-8a45-d6536c3f07d1@group-9E4BC186C3C1: set configuration conf: {index: 0, cur=peers:[7891d67e-4097-47f0-8a45-d6536c3f07d1|localhost:15022]|listeners:[], old=null}
2025-08-26 23:00:14,373 [7891d67e-4097-47f0-8a45-d6536c3f07d1-impl-thread1] INFO  segmented.LogSegment (LogSegment.java:loadSegment(171)) - Successfully read 1 entries from segment file /home/runner/work/ozone/ozone/hadoop-ozone/integration-test/target/test-dir/MiniOzoneClusterImpl-89d78760-19a1-47e7-a3d8-9e4bc186c3c1/scm/ratis/89d78760-19a1-47e7-a3d8-9e4bc186c3c1/current/log_inprogress_0
2025-08-26 23:00:14,374 [7891d67e-4097-47f0-8a45-d6536c3f07d1-impl-thread1] INFO  segmented.SegmentedRaftLogWorker (SegmentedRaftLogWorker.java:lambda$new$0(141)) - 7891d67e-4097-47f0-8a45-d6536c3f07d1@group-9E4BC186C3C1-SegmentedRaftLogWorker: safeCacheEvictIndex: setUnconditionally 0 -> -1
2025-08-26 23:00:14,374 [7891d67e-4097-47f0-8a45-d6536c3f07d1-impl-thread1] INFO  segmented.BufferedWriteChannel (BufferedWriteChannel.java:open(61)) - open log_inprogress_0 (append) at position 76
2025-08-26 23:00:14,374 [7891d67e-4097-47f0-8a45-d6536c3f07d1-impl-thread1] INFO  server.RaftServer$Division (RaftServerImpl.java:start(405)) - 7891d67e-4097-47f0-8a45-d6536c3f07d1@group-9E4BC186C3C1: start as a follower, conf=conf: {index: 0, cur=peers:[7891d67e-4097-47f0-8a45-d6536c3f07d1|localhost:15022]|listeners:[], old=null}
2025-08-26 23:00:14,374 [7891d67e-4097-47f0-8a45-d6536c3f07d1-impl-thread1] INFO  server.RaftServer$Division (RaftServerImpl.java:setRole(392)) - 7891d67e-4097-47f0-8a45-d6536c3f07d1@group-9E4BC186C3C1: changes role from      null to FOLLOWER at term 1 for startAsFollower
2025-08-26 23:00:14,374 [7891d67e-4097-47f0-8a45-d6536c3f07d1-impl-thread1] INFO  impl.RoleInfo (RoleInfo.java:updateAndGet(148)) - 7891d67e-4097-47f0-8a45-d6536c3f07d1: start 7891d67e-4097-47f0-8a45-d6536c3f07d1@group-9E4BC186C3C1-FollowerState
2025-08-26 23:00:14,374 [7891d67e-4097-47f0-8a45-d6536c3f07d1-impl-thread1] INFO  util.JmxRegister (JmxRegister.java:tryRegister(44)) - Successfully registered JMX Bean with object name Ratis:service=RaftServer,group=group-9E4BC186C3C1,id=7891d67e-4097-47f0-8a45-d6536c3f07d1
2025-08-26 23:00:14,374 [7891d67e-4097-47f0-8a45-d6536c3f07d1-impl-thread1] INFO  util.JmxRegister (JmxRegister.java:register(58)) - register mxBean class org.apache.ratis.server.impl.RaftServerJmxAdapter as Ratis:service=RaftServer,group=group-9E4BC186C3C1,id=7891d67e-4097-47f0-8a45-d6536c3f07d1
2025-08-26 23:00:14,375 [7891d67e-4097-47f0-8a45-d6536c3f07d1-impl-thread1] INFO  server.RaftServer$Division (RaftServerImpl.java:start(419)) - 7891d67e-4097-47f0-8a45-d6536c3f07d1@group-9E4BC186C3C1: Successfully started.
2025-08-26 23:00:14,375 [ForkJoinPool-1-worker-1] INFO  server.RaftServer (RaftServerProxy.java:startImpl(412)) - 7891d67e-4097-47f0-8a45-d6536c3f07d1: start RPC server
2025-08-26 23:00:14,376 [ForkJoinPool-1-worker-1] INFO  server.GrpcServicesImpl (GrpcServicesImpl.java:startImpl(346)) - 7891d67e-4097-47f0-8a45-d6536c3f07d1: GrpcServicesImpl started, listening on 15022
2025-08-26 23:00:14,376 [ForkJoinPool-1-worker-1] INFO  ha.SCMHAManagerImpl (SCMHAManagerImpl.java:start(131)) -  scm role is FOLLOWER peers [7891d67e-4097-47f0-8a45-d6536c3f07d1|localhost:15022]
2025-08-26 23:00:14,376 [ForkJoinPool-1-worker-1] INFO  ha.InterSCMGrpcService (InterSCMGrpcProtocolService.java:start(98)) - Starting SCM Grpc Service at port 15023
2025-08-26 23:00:14,376 [JvmPauseMonitor5] INFO  util.JvmPauseMonitor (JvmPauseMonitor.java:run(146)) - JvmPauseMonitor-7891d67e-4097-47f0-8a45-d6536c3f07d1: Started
2025-08-26 23:00:14,377 [ForkJoinPool-1-worker-1] INFO  SCMHATransactionMonitor (BackgroundSCMService.java:start(64)) - Starting SCMHATransactionMonitor Service.
2025-08-26 23:00:14,377 [ForkJoinPool-1-worker-1] INFO  ha.SCMServiceManager (SCMServiceManager.java:register(42)) - Registering service SCMHATransactionMonitor.
2025-08-26 23:00:14,377 [ForkJoinPool-1-worker-1] INFO  SCMHATransactionMonitor (BackgroundSCMService.java:start(61)) - SCMHATransactionMonitor Service is already running, skip start.
2025-08-26 23:00:14,378 [ForkJoinPool-1-worker-1] WARN  impl.MetricsConfig (MetricsConfig.java:loadFirst(138)) - Cannot locate configuration: tried hadoop-metrics2-storagecontainermanager.properties,hadoop-metrics2.properties
2025-08-26 23:00:14,379 [ForkJoinPool-1-worker-1] INFO  impl.MetricsSystemImpl (MetricsSystemImpl.java:startTimer(378)) - Scheduled Metric snapshot period at 10 second(s).
2025-08-26 23:00:14,379 [ForkJoinPool-1-worker-1] INFO  impl.MetricsSystemImpl (MetricsSystemImpl.java:start(191)) - StorageContainerManager metrics system started
2025-08-26 23:00:14,390 [ForkJoinPool-1-worker-1] INFO  impl.MetricsSinkAdapter (MetricsSinkAdapter.java:start(204)) - Sink prometheus started
2025-08-26 23:00:14,390 [ForkJoinPool-1-worker-1] INFO  impl.MetricsSystemImpl (MetricsSystemImpl.java:registerSink(305)) - Registered sink prometheus
2025-08-26 23:00:14,415 [ForkJoinPool-1-worker-1] INFO  server.SCMClientProtocolServer (SCMClientProtocolServer.java:start(209)) - RPC server for Client  is listening at /0.0.0.0:15018
2025-08-26 23:00:14,416 [IPC Server Responder] INFO  ipc.Server (Server.java:run(1713)) - IPC Server Responder: starting
2025-08-26 23:00:14,416 [IPC Server listener on 15018] INFO  ipc.Server (Server.java:run(1553)) - IPC Server listener on 15018: starting
2025-08-26 23:00:14,432 [ForkJoinPool-1-worker-1] INFO  server.StorageContainerManager (StorageContainerManager.java:start(1528)) - ScmBlockLocationProtocol RPC server is listening at /0.0.0.0:15019
2025-08-26 23:00:14,433 [ForkJoinPool-1-worker-1] INFO  server.SCMBlockProtocolServer (SCMBlockProtocolServer.java:start(166)) - RPC server for Block Protocol is listening at /0.0.0.0:15019
2025-08-26 23:00:14,434 [IPC Server Responder] INFO  ipc.Server (Server.java:run(1713)) - IPC Server Responder: starting
2025-08-26 23:00:14,434 [IPC Server listener on 15019] INFO  ipc.Server (Server.java:run(1553)) - IPC Server listener on 15019: starting
2025-08-26 23:00:14,447 [ForkJoinPool-1-worker-1] INFO  utils.BackgroundService (BackgroundService.java:start(119)) - Starting service SCMBlockDeletingService with interval 60000 milliseconds
2025-08-26 23:00:14,448 [ForkJoinPool-1-worker-1] INFO  http.BaseHttpServer (BaseHttpServer.java:newHttpServer2BuilderForOzone(227)) - Starting Web-server for scm at: http://0.0.0.0:15021
2025-08-26 23:00:14,448 [ForkJoinPool-1-worker-1] INFO  http.BaseHttpServer (BaseHttpServer.java:<init>(105)) - Hadoop Security Enabled: false Ozone Security Enabled: false Ozone HTTP Security Enabled: false 
2025-08-26 23:00:14,450 [ForkJoinPool-1-worker-1] WARN  server.AuthenticationFilter (AuthenticationFilter.java:constructSecretProvider(240)) - Unable to initialize FileSignerSecretProvider, falling back to use random secrets. Reason: Could not read signature secret file: /home/runner/hadoop-http-auth-signature-secret
2025-08-26 23:00:14,453 [ForkJoinPool-1-worker-1] INFO  http.HttpServer2 (HttpServer2.java:addGlobalFilter(1042)) - Added global filter 'safety' (class=org.apache.hadoop.hdds.server.http.HttpServer2$QuotingInputFilter)
2025-08-26 23:00:14,455 [ForkJoinPool-1-worker-1] INFO  http.HttpServer2 (HttpServer2.java:addFilter(1018)) - Added filter static_user_filter (class=org.apache.hadoop.http.lib.StaticUserWebFilter$StaticUserFilter) to context scm
2025-08-26 23:00:14,455 [ForkJoinPool-1-worker-1] INFO  http.HttpServer2 (HttpServer2.java:addFilter(1026)) - Added filter static_user_filter (class=org.apache.hadoop.http.lib.StaticUserWebFilter$StaticUserFilter) to context logs
2025-08-26 23:00:14,455 [ForkJoinPool-1-worker-1] INFO  http.HttpServer2 (HttpServer2.java:addFilter(1026)) - Added filter static_user_filter (class=org.apache.hadoop.http.lib.StaticUserWebFilter$StaticUserFilter) to context static
2025-08-26 23:00:14,456 [ForkJoinPool-1-worker-1] INFO  http.BaseHttpServer (BaseHttpServer.java:<init>(193)) - HTTP server of scm uses base directory /home/runner/work/ozone/ozone/hadoop-ozone/integration-test/target/test-dir/MiniOzoneClusterImpl-89d78760-19a1-47e7-a3d8-9e4bc186c3c1/scm/ozone-metadata/webserver
2025-08-26 23:00:14,456 [ForkJoinPool-1-worker-1] INFO  http.HttpServer2 (HttpServer2.java:bindListener(1242)) - Jetty bound to port 15021
2025-08-26 23:00:14,456 [ForkJoinPool-1-worker-1] INFO  server.Server (Server.java:doStart(375)) - jetty-9.4.57.v20241219; built: 2025-01-08T21:24:30.412Z; git: df524e6b29271c2e09ba9aea83c18dc9db464a31; jvm 21.0.8+9-LTS
2025-08-26 23:00:14,459 [ForkJoinPool-1-worker-1] INFO  server.session (DefaultSessionIdManager.java:doStart(334)) - DefaultSessionIdManager workerName=node0
2025-08-26 23:00:14,459 [ForkJoinPool-1-worker-1] INFO  server.session (DefaultSessionIdManager.java:doStart(339)) - No SessionScavenger set, using defaults
2025-08-26 23:00:14,459 [ForkJoinPool-1-worker-1] INFO  server.session (HouseKeeper.java:startScavenging(132)) - node0 Scavenging every 600000ms
2025-08-26 23:00:14,460 [ForkJoinPool-1-worker-1] INFO  handler.ContextHandler (ContextHandler.java:doStart(921)) - Started o.e.j.s.ServletContextHandler@1050bd1a{logs,/logs,file:///home/runner/work/ozone/ozone/hadoop-ozone/integration-test/target/log,AVAILABLE}
2025-08-26 23:00:14,461 [ForkJoinPool-1-worker-1] INFO  handler.ContextHandler (ContextHandler.java:doStart(921)) - Started o.e.j.s.ServletContextHandler@f24eb6e{static,/static,file:///home/runner/work/ozone/ozone/hadoop-ozone/integration-test/target/test-classes/webapps/static,AVAILABLE}
2025-08-26 23:00:14,471 [ForkJoinPool-1-worker-1] INFO  handler.ContextHandler (ContextHandler.java:doStart(921)) - Started o.e.j.w.WebAppContext@4932e4c0{scm,/,file:///home/runner/work/ozone/ozone/hadoop-ozone/integration-test/target/test-classes/webapps/scm/,AVAILABLE}{file:/home/runner/work/ozone/ozone/hadoop-ozone/integration-test/target/test-classes/webapps/scm}
2025-08-26 23:00:14,472 [ForkJoinPool-1-worker-1] INFO  server.AbstractConnector (AbstractConnector.java:doStart(333)) - Started ServerConnector@2077d457{HTTP/1.1, (http/1.1)}{0.0.0.0:15021}
2025-08-26 23:00:14,472 [ForkJoinPool-1-worker-1] INFO  server.Server (Server.java:doStart(415)) - Started @22414ms
2025-08-26 23:00:14,472 [ForkJoinPool-1-worker-1] WARN  impl.MetricsSystemImpl (MetricsSystemImpl.java:register(279)) - Sink prometheus already exists!
2025-08-26 23:00:14,472 [ForkJoinPool-1-worker-1] INFO  http.BaseHttpServer (BaseHttpServer.java:updateConnectorAddress(357)) - HTTP server of scm listening at http://localhost:15021
2025-08-26 23:00:14,476 [ForkJoinPool-1-worker-1] INFO  ha.OMHANodeDetails (OMHANodeDetails.java:loadOMHAConfig(113)) - ozone.om.internal.service.id is not defined, falling back to ozone.om.service.ids to find serviceID for OzoneManager if it is HA enabled cluster
2025-08-26 23:00:14,477 [ForkJoinPool-1-worker-1] INFO  ha.OMHANodeDetails (OMHANodeDetails.java:loadOMHAConfig(224)) - Configuration does not have ozone.om.address set. Falling back to the default OM address /127.0.0.1:15024
2025-08-26 23:00:14,477 [ForkJoinPool-1-worker-1] INFO  ha.OMHANodeDetails (OMHANodeDetails.java:getOMNodeDetailsForNonHA(252)) - OM Service ID is not set. Setting it to the default ID: omServiceIdDefault
2025-08-26 23:00:14,478 [ForkJoinPool-1-worker-1] INFO  ha.OMHANodeDetails (OMHANodeDetails.java:getOMNodeDetailsForNonHA(259)) - OM Node ID is not set. Setting it to the default ID: om1
2025-08-26 23:00:14,480 [ForkJoinPool-1-worker-1] INFO  upgrade.AbstractLayoutVersionManager (AbstractLayoutVersionManager.java:init(80)) - Initializing Layout version manager with metadata layout = DELEGATION_TOKEN_SYMMETRIC_SIGN (version = 8), software layout = DELEGATION_TOKEN_SYMMETRIC_SIGN (version = 8)
2025-08-26 23:00:14,583 [ForkJoinPool-1-worker-1] INFO  reflections.Reflections (Reflections.java:scan(219)) - Reflections took 102 ms to scan 2 urls, producing 212 keys and 625 values
2025-08-26 23:00:14,584 [ForkJoinPool-1-worker-1] INFO  upgrade.OMLayoutVersionManager (OMLayoutVersionManager.java:lambda$0(110)) - Skipping Upgrade Action QuotaRepairUpgradeAction since it has been finalized.
2025-08-26 23:00:14,584 [ForkJoinPool-1-worker-1] INFO  upgrade.OMLayoutVersionManager (OMLayoutVersionManager.java:lambda$0(110)) - Skipping Upgrade Action MockOmUpgradeAction since it has been finalized.
2025-08-26 23:00:14,585 [ForkJoinPool-1-worker-1] INFO  om.OzoneManager (OzoneManager.java:setReplicationFromConfig(4649)) - Set default replication in OM: RATIS/3 -> RATIS/THREE
2025-08-26 23:00:14,585 [ForkJoinPool-1-worker-1] INFO  proxy.SCMContainerLocationFailoverProxyProvider (SCMFailoverProxyProviderBase.java:<init>(120)) - Created fail-over proxy for protocol StorageContainerLocationProtocolPB with 1 nodes: [nodeId=scmNodeId,nodeAddress=/0.0.0.0:15018]
2025-08-26 23:00:14,586 [ForkJoinPool-1-worker-1] INFO  proxy.SCMBlockLocationFailoverProxyProvider (SCMFailoverProxyProviderBase.java:<init>(120)) - Created fail-over proxy for protocol ScmBlockLocationProtocolPB with 1 nodes: [nodeId=scmNodeId,nodeAddress=/0.0.0.0:15019]
2025-08-26 23:00:14,589 [ForkJoinPool-1-worker-1] INFO  om.OzoneManager (OzoneManager.java:<init>(683)) - OM start with adminUsers: [admin, runner]
2025-08-26 23:00:14,746 [ForkJoinPool-1-worker-1] INFO  om.OzoneManager (OzoneManager.java:instantiateServices(927)) - S3 Multi-Tenancy is disabled
2025-08-26 23:00:14,746 [ForkJoinPool-1-worker-1] INFO  security.OzoneSecretStore (OzoneSecretStore.java:loadState(58)) - Loaded 0 tokens
2025-08-26 23:00:14,747 [ForkJoinPool-1-worker-1] INFO  security.OzoneDelegationTokenSecretManager (OzoneDelegationTokenSecretManager.java:loadTokenSecretState(517)) - Loading token state into token manager.
2025-08-26 23:00:14,747 [ForkJoinPool-1-worker-1] INFO  acl.OzoneAuthorizerFactory (OzoneAuthorizerFactory.java:create(69)) - om1: Authorizer for OM is class org.apache.hadoop.ozone.security.acl.OzoneAccessAuthorizer
2025-08-26 23:00:14,747 [ForkJoinPool-1-worker-1] INFO  om.OmSnapshotManager (OmSnapshotManager.java:<init>(204)) - Ozone filesystem snapshot feature is enabled.
2025-08-26 23:00:14,762 [ForkJoinPool-1-worker-1] INFO  utils.BackgroundService (BackgroundService.java:start(119)) - Starting service SnapshotDiffCleanupService with interval 60000 milliseconds
2025-08-26 23:00:14,764 [ForkJoinPool-1-worker-1] INFO  om.OzoneManager (OzoneManager.java:addS3GVolumeToDB(4707)) - Created Volume s3v With Owner runner required for S3Gateway operations.
2025-08-26 23:00:14,765 [ForkJoinPool-1-worker-1] WARN  dropwizard3.Dm3MetricRegistriesImpl (Dm3MetricRegistriesImpl.java:addReporterRegistration(114)) - New reporters are added after registries were created. Some metrics will be missing from the reporter. Please add reporter before adding any new registry.
2025-08-26 23:00:14,765 [ForkJoinPool-1-worker-1] WARN  dropwizard3.Dm3MetricRegistriesImpl (Dm3MetricRegistriesImpl.java:addReporterRegistration(114)) - New reporters are added after registries were created. Some metrics will be missing from the reporter. Please add reporter before adding any new registry.
2025-08-26 23:00:14,766 [ForkJoinPool-1-worker-1] INFO  server.RaftServerConfigKeys (ConfUtils.java:logGet(62)) - raft.server.log.appender.buffer.byte-limit = 4194304 (custom)
2025-08-26 23:00:14,767 [ForkJoinPool-1-worker-1] INFO  ratis.OzoneManagerRatisServer (OzoneManagerRatisServer.java:<init>(167)) - Instantiating OM Ratis server with groupID: omServiceIdDefault and peers: localhost:15027
2025-08-26 23:00:14,767 [ForkJoinPool-1-worker-1] INFO  ratis.OzoneManagerStateMachine (OzoneManagerStateMachine.java:loadSnapshotInfoFromDB(618)) - TransactionInfo not found in OM DB.
2025-08-26 23:00:14,768 [ForkJoinPool-1-worker-1] INFO  grpc.GrpcConfigKeys (ConfUtils.java:logFallback(69)) - raft.grpc.admin.host = null (fallback to raft.grpc.server.host)
2025-08-26 23:00:14,768 [ForkJoinPool-1-worker-1] INFO  grpc.GrpcConfigKeys (ConfUtils.java:logFallback(69)) - raft.grpc.admin.port = 15027 (fallback to raft.grpc.server.port)
2025-08-26 23:00:14,768 [ForkJoinPool-1-worker-1] INFO  grpc.GrpcConfigKeys (ConfUtils.java:logFallback(69)) - raft.grpc.client.host = null (fallback to raft.grpc.server.host)
2025-08-26 23:00:14,768 [ForkJoinPool-1-worker-1] INFO  grpc.GrpcConfigKeys (ConfUtils.java:logFallback(69)) - raft.grpc.client.port = 15027 (fallback to raft.grpc.server.port)
2025-08-26 23:00:14,768 [ForkJoinPool-1-worker-1] INFO  grpc.GrpcConfigKeys (ConfUtils.java:logGet(62)) - raft.grpc.server.port = 15027 (custom)
2025-08-26 23:00:14,768 [ForkJoinPool-1-worker-1] INFO  server.GrpcServicesImpl (ConfUtils.java:logGet(62)) - raft.grpc.message.size.max = 5242880 (custom)
2025-08-26 23:00:14,768 [ForkJoinPool-1-worker-1] INFO  server.RaftServerConfigKeys (ConfUtils.java:logGet(62)) - raft.server.rpc.request.timeout = 3000ms (default)
2025-08-26 23:00:14,769 [ForkJoinPool-1-worker-1] INFO  server.RaftServerConfigKeys (ConfUtils.java:logGet(62)) - raft.server.log.appender.buffer.byte-limit = 4194304 (custom)
2025-08-26 23:00:14,770 [ForkJoinPool-1-worker-1] INFO  server.RaftServerConfigKeys (ConfUtils.java:logGet(62)) - raft.server.storage.dir = [/home/runner/work/ozone/ozone/hadoop-ozone/integration-test/target/test-dir/MiniOzoneClusterImpl-89d78760-19a1-47e7-a3d8-9e4bc186c3c1/om/ratis] (custom)
2025-08-26 23:00:14,771 [ForkJoinPool-1-worker-1] INFO  server.RaftServer (RaftServerProxy.java:addNew(105)) - om1: addNew group-C5BA1605619E:[om1|localhost:15027] returns group-C5BA1605619E:java.util.concurrent.CompletableFuture@5368012b[Not completed]
2025-08-26 23:00:14,771 [om1-groupManagement] INFO  server.RaftServer$Division (RaftServerImpl.java:<init>(268)) - om1: new RaftServerImpl for group-C5BA1605619E:[om1|localhost:15027] with OzoneManagerStateMachine:uninitialized
2025-08-26 23:00:14,771 [ForkJoinPool-1-worker-1] INFO  om.OzoneManager (OzoneManager.java:initializeRatisServer(2338)) - OzoneManager Ratis server initialized at port 15027
2025-08-26 23:00:14,771 [ForkJoinPool-1-worker-1] INFO  om.OzoneManager (OzoneManager.java:getRpcServer(1390)) - Creating RPC Server
2025-08-26 23:00:14,771 [om1-groupManagement] INFO  server.RaftServerConfigKeys (ConfUtils.java:logGet(62)) - raft.server.rpc.timeout.min = 1s (custom)
2025-08-26 23:00:14,772 [om1-groupManagement] INFO  server.RaftServerConfigKeys (ConfUtils.java:logGet(62)) - raft.server.rpc.timeout.max = 1200ms (custom)
2025-08-26 23:00:14,773 [om1-groupManagement] INFO  server.RaftServer$Division (ServerState.java:<init>(114)) - om1@group-C5BA1605619E: ConfigurationManager, init=conf: {index: -1, cur=peers:[om1|localhost:15027]|listeners:[], old=null}, confs=<EMPTY_MAP>
2025-08-26 23:00:14,773 [om1-groupManagement] INFO  server.RaftServerConfigKeys (ConfUtils.java:logGet(62)) - raft.server.notification.no-leader.timeout = 120s (custom)
2025-08-26 23:00:14,773 [om1-groupManagement] INFO  server.RaftServerConfigKeys (ConfUtils.java:logGet(62)) - raft.server.retrycache.expirytime = 300s (custom)
2025-08-26 23:00:15,281 [ForkJoinPool-1-worker-1] INFO  reflections.Reflections (Reflections.java:scan(219)) - Reflections took 509 ms to scan 24 urls, producing 61 keys and 7884 values
2025-08-26 23:00:15,283 [ForkJoinPool-1-worker-1] INFO  ipc.CallQueueManager (CallQueueManager.java:<init>(93)) - Using callQueue: class java.util.concurrent.LinkedBlockingQueue, queueCapacity: 2000, scheduler: class org.apache.hadoop.ipc.DefaultRpcScheduler, ipcBackoff: false, ipcFailOver: false.
2025-08-26 23:00:15,283 [ForkJoinPool-1-worker-1] INFO  ipc.Server (Server.java:<init>(1438)) - Listener at 127.0.0.1:15024
2025-08-26 23:00:15,284 [Socket Reader #1 for port 15024] INFO  ipc.Server (Server.java:run(1474)) - Starting Socket Reader #1 for port 15024
2025-08-26 23:00:15,284 [Socket Reader #2 for port 15024] INFO  ipc.Server (Server.java:run(1474)) - Starting Socket Reader #2 for port 15024
2025-08-26 23:00:15,284 [Socket Reader #3 for port 15024] INFO  ipc.Server (Server.java:run(1474)) - Starting Socket Reader #3 for port 15024
2025-08-26 23:00:15,284 [Socket Reader #4 for port 15024] INFO  ipc.Server (Server.java:run(1474)) - Starting Socket Reader #4 for port 15024
2025-08-26 23:00:15,285 [Socket Reader #5 for port 15024] INFO  ipc.Server (Server.java:run(1474)) - Starting Socket Reader #5 for port 15024
2025-08-26 23:00:15,285 [Socket Reader #6 for port 15024] INFO  ipc.Server (Server.java:run(1474)) - Starting Socket Reader #6 for port 15024
2025-08-26 23:00:15,285 [Socket Reader #7 for port 15024] INFO  ipc.Server (Server.java:run(1474)) - Starting Socket Reader #7 for port 15024
2025-08-26 23:00:15,285 [Socket Reader #8 for port 15024] INFO  ipc.Server (Server.java:run(1474)) - Starting Socket Reader #8 for port 15024
2025-08-26 23:00:15,286 [Socket Reader #9 for port 15024] INFO  ipc.Server (Server.java:run(1474)) - Starting Socket Reader #9 for port 15024
2025-08-26 23:00:15,286 [Socket Reader #10 for port 15024] INFO  ipc.Server (Server.java:run(1474)) - Starting Socket Reader #10 for port 15024
2025-08-26 23:00:15,309 [ForkJoinPool-1-worker-1] INFO  impl.MetricsSystemImpl (MetricsSystemImpl.java:init(158)) - OzoneManager metrics system started (again)
2025-08-26 23:00:15,329 [ForkJoinPool-1-worker-1] INFO  om.OzoneManager (OzoneManager.java:start(1822)) - OzoneManager RPC server is listening at localhost/127.0.0.1:15024
2025-08-26 23:00:15,329 [ForkJoinPool-1-worker-1] INFO  ratis.OzoneManagerRatisServer (OzoneManagerRatisServer.java:start(628)) - Starting OzoneManagerRatisServer om1 at port 15027
2025-08-26 23:00:15,330 [om1-impl-thread1] INFO  storage.RaftStorageDirectory (RaftStorageDirectoryImpl.java:analyzeStorage(138)) - The storage directory /home/runner/work/ozone/ozone/hadoop-ozone/integration-test/target/test-dir/MiniOzoneClusterImpl-89d78760-19a1-47e7-a3d8-9e4bc186c3c1/om/ratis/bf265839-605b-3f16-9796-c5ba1605619e does not exist. Creating ...
2025-08-26 23:00:15,331 [om1-impl-thread1] INFO  storage.RaftStorageDirectory (RaftStorageDirectoryImpl.java:tryLock(229)) - Lock on /home/runner/work/ozone/ozone/hadoop-ozone/integration-test/target/test-dir/MiniOzoneClusterImpl-89d78760-19a1-47e7-a3d8-9e4bc186c3c1/om/ratis/bf265839-605b-3f16-9796-c5ba1605619e/in_use.lock acquired by nodename 9091@localhost
2025-08-26 23:00:15,332 [om1-impl-thread1] INFO  storage.RaftStorage (RaftStorageImpl.java:format(98)) - Storage directory /home/runner/work/ozone/ozone/hadoop-ozone/integration-test/target/test-dir/MiniOzoneClusterImpl-89d78760-19a1-47e7-a3d8-9e4bc186c3c1/om/ratis/bf265839-605b-3f16-9796-c5ba1605619e has been successfully formatted.
2025-08-26 23:00:15,332 [om1-impl-thread1] INFO  ratis.OzoneManagerStateMachine (OzoneManagerStateMachine.java:lambda$0(138)) - om1: initialize group-C5BA1605619E with <INITIAL_VALUE>
2025-08-26 23:00:15,332 [om1-impl-thread1] INFO  server.RaftServerConfigKeys (ConfUtils.java:logGet(62)) - raft.server.log.appender.buffer.byte-limit = 4194304 (custom)
2025-08-26 23:00:15,333 [om1-impl-thread1] INFO  server.RaftServerConfigKeys (ConfUtils.java:logGet(62)) - raft.server.log.segment.size.max = 67108864 (custom)
2025-08-26 23:00:15,333 [om1-impl-thread1] INFO  server.RaftServerConfigKeys (ConfUtils.java:logGet(62)) - raft.server.log.appender.buffer.byte-limit = 4194304 (custom)
2025-08-26 23:00:15,334 [om1-impl-thread1] INFO  util.AwaitToRun (AwaitToRun.java:start(81)) - Thread[#988,om1@group-C5BA1605619E-cacheEviction-AwaitToRun,5,main] started
2025-08-26 23:00:15,334 [om1-impl-thread1] INFO  segmented.SegmentedRaftLogWorker (SegmentedRaftLogWorker.java:<init>(190)) - new om1@group-C5BA1605619E-SegmentedRaftLogWorker for RaftStorageImpl:Storage Directory /home/runner/work/ozone/ozone/hadoop-ozone/integration-test/target/test-dir/MiniOzoneClusterImpl-89d78760-19a1-47e7-a3d8-9e4bc186c3c1/om/ratis/bf265839-605b-3f16-9796-c5ba1605619e
2025-08-26 23:00:15,334 [om1-impl-thread1] INFO  server.RaftServerConfigKeys (ConfUtils.java:logGet(62)) - raft.server.log.segment.size.max = 67108864 (custom)
2025-08-26 23:00:15,334 [om1-impl-thread1] INFO  server.RaftServerConfigKeys (ConfUtils.java:logGet(62)) - raft.server.log.preallocated.size = 4194304 (custom)
2025-08-26 23:00:15,334 [om1-impl-thread1] INFO  server.RaftServerConfigKeys (ConfUtils.java:logGet(62)) - raft.server.log.write.buffer.size = 4194312 (custom)
2025-08-26 23:00:15,336 [om1-impl-thread1] INFO  server.RaftServerConfigKeys (ConfUtils.java:logGet(62)) - raft.server.log.appender.buffer.byte-limit = 4194304 (custom)
2025-08-26 23:00:15,336 [om1-impl-thread1] INFO  segmented.SegmentedRaftLogWorker (SegmentedRaftLogWorker.java:lambda$new$0(141)) - om1@group-C5BA1605619E-SegmentedRaftLogWorker: flushIndex: setUnconditionally 0 -> -1
2025-08-26 23:00:15,336 [om1-impl-thread1] INFO  segmented.SegmentedRaftLogWorker (SegmentedRaftLogWorker.java:lambda$new$0(141)) - om1@group-C5BA1605619E-SegmentedRaftLogWorker: safeCacheEvictIndex: setUnconditionally 0 -> -1
2025-08-26 23:00:15,343 [om1-impl-thread1] INFO  server.RaftServer$Division (RaftServerImpl.java:start(405)) - om1@group-C5BA1605619E: start as a follower, conf=conf: {index: -1, cur=peers:[om1|localhost:15027]|listeners:[], old=null}
2025-08-26 23:00:15,343 [om1-impl-thread1] INFO  server.RaftServer$Division (RaftServerImpl.java:setRole(392)) - om1@group-C5BA1605619E: changes role from      null to FOLLOWER at term 0 for startAsFollower
2025-08-26 23:00:15,343 [om1-impl-thread1] INFO  impl.RoleInfo (RoleInfo.java:updateAndGet(148)) - om1: start om1@group-C5BA1605619E-FollowerState
2025-08-26 23:00:15,349 [om1@group-C5BA1605619E-FollowerState] INFO  server.RaftServerConfigKeys (ConfUtils.java:logFallback(69)) - raft.server.rpc.first-election.timeout.min = 1s (fallback to raft.server.rpc.timeout.min)
2025-08-26 23:00:15,349 [om1-impl-thread1] INFO  util.JmxRegister (JmxRegister.java:tryRegister(44)) - Successfully registered JMX Bean with object name Ratis:service=RaftServer,group=group-C5BA1605619E,id=om1
2025-08-26 23:00:15,349 [om1@group-C5BA1605619E-FollowerState] INFO  server.RaftServerConfigKeys (ConfUtils.java:logFallback(69)) - raft.server.rpc.first-election.timeout.max = 1200ms (fallback to raft.server.rpc.timeout.max)
2025-08-26 23:00:15,349 [om1-impl-thread1] INFO  util.JmxRegister (JmxRegister.java:register(58)) - register mxBean class org.apache.ratis.server.impl.RaftServerJmxAdapter as Ratis:service=RaftServer,group=group-C5BA1605619E,id=om1
2025-08-26 23:00:15,349 [om1-impl-thread1] INFO  server.RaftServerConfigKeys (ConfUtils.java:logGet(62)) - raft.server.snapshot.auto.trigger.threshold = 400000 (default)
2025-08-26 23:00:15,349 [om1-impl-thread1] INFO  server.RaftServerConfigKeys (ConfUtils.java:logGet(62)) - raft.server.log.purge.upto.snapshot.index = true (custom)
2025-08-26 23:00:15,351 [om1-impl-thread1] INFO  server.RaftServer$Division (RaftServerImpl.java:start(419)) - om1@group-C5BA1605619E: Successfully started.
2025-08-26 23:00:15,353 [ForkJoinPool-1-worker-1] INFO  server.RaftServer (RaftServerProxy.java:startImpl(412)) - om1: start RPC server
2025-08-26 23:00:15,362 [ForkJoinPool-1-worker-1] INFO  server.GrpcServicesImpl (GrpcServicesImpl.java:startImpl(346)) - om1: GrpcServicesImpl started, listening on 15027
2025-08-26 23:00:15,363 [ForkJoinPool-1-worker-1] INFO  om.OzoneManager (OzoneManager.java:start(1837)) - Version File has different layout version (8) than OM DB (null). That is expected if this OM has never been finalized to a newer layout version.
2025-08-26 23:00:15,364 [JvmPauseMonitor6] INFO  util.JvmPauseMonitor (JvmPauseMonitor.java:run(146)) - JvmPauseMonitor-om1: Started
2025-08-26 23:00:15,425 [7891d67e-4097-47f0-8a45-d6536c3f07d1@group-9E4BC186C3C1-FollowerState] INFO  impl.FollowerState (FollowerState.java:runImpl(161)) - 7891d67e-4097-47f0-8a45-d6536c3f07d1@group-9E4BC186C3C1-FollowerState: change to CANDIDATE, lastRpcElapsedTime:1050989974ns, electionTimeout:1050ms
2025-08-26 23:00:15,425 [7891d67e-4097-47f0-8a45-d6536c3f07d1@group-9E4BC186C3C1-FollowerState] INFO  impl.RoleInfo (RoleInfo.java:shutdownFollowerState(121)) - 7891d67e-4097-47f0-8a45-d6536c3f07d1: shutdown 7891d67e-4097-47f0-8a45-d6536c3f07d1@group-9E4BC186C3C1-FollowerState
2025-08-26 23:00:15,426 [7891d67e-4097-47f0-8a45-d6536c3f07d1@group-9E4BC186C3C1-FollowerState] INFO  server.RaftServer$Division (RaftServerImpl.java:setRole(392)) - 7891d67e-4097-47f0-8a45-d6536c3f07d1@group-9E4BC186C3C1: changes role from  FOLLOWER to CANDIDATE at term 1 for changeToCandidate
2025-08-26 23:00:15,426 [7891d67e-4097-47f0-8a45-d6536c3f07d1@group-9E4BC186C3C1-FollowerState] INFO  impl.RoleInfo (RoleInfo.java:updateAndGet(148)) - 7891d67e-4097-47f0-8a45-d6536c3f07d1: start 7891d67e-4097-47f0-8a45-d6536c3f07d1@group-9E4BC186C3C1-LeaderElection6
2025-08-26 23:00:15,426 [7891d67e-4097-47f0-8a45-d6536c3f07d1@group-9E4BC186C3C1-LeaderElection6] INFO  impl.LeaderElection (LeaderElection.java:askForVotes(448)) - 7891d67e-4097-47f0-8a45-d6536c3f07d1@group-9E4BC186C3C1-LeaderElection6 PRE_VOTE round 0: submit vote requests at term 1 for conf: {index: 0, cur=peers:[7891d67e-4097-47f0-8a45-d6536c3f07d1|localhost:15022]|listeners:[], old=null}
2025-08-26 23:00:15,426 [7891d67e-4097-47f0-8a45-d6536c3f07d1@group-9E4BC186C3C1-LeaderElection6] INFO  impl.LeaderElection (LeaderElection.java:askForVotes(450)) - 7891d67e-4097-47f0-8a45-d6536c3f07d1@group-9E4BC186C3C1-LeaderElection6 PRE_VOTE round 0: result PASSED (term=1)
2025-08-26 23:00:15,427 [7891d67e-4097-47f0-8a45-d6536c3f07d1@group-9E4BC186C3C1-LeaderElection6] INFO  impl.LeaderElection (LeaderElection.java:askForVotes(448)) - 7891d67e-4097-47f0-8a45-d6536c3f07d1@group-9E4BC186C3C1-LeaderElection6 ELECTION round 0: submit vote requests at term 2 for conf: {index: 0, cur=peers:[7891d67e-4097-47f0-8a45-d6536c3f07d1|localhost:15022]|listeners:[], old=null}
2025-08-26 23:00:15,428 [7891d67e-4097-47f0-8a45-d6536c3f07d1@group-9E4BC186C3C1-LeaderElection6] INFO  impl.LeaderElection (LeaderElection.java:askForVotes(450)) - 7891d67e-4097-47f0-8a45-d6536c3f07d1@group-9E4BC186C3C1-LeaderElection6 ELECTION round 0: result PASSED (term=2)
2025-08-26 23:00:15,428 [7891d67e-4097-47f0-8a45-d6536c3f07d1@group-9E4BC186C3C1-LeaderElection6] INFO  impl.RoleInfo (RoleInfo.java:shutdownLeaderElection(141)) - 7891d67e-4097-47f0-8a45-d6536c3f07d1: shutdown 7891d67e-4097-47f0-8a45-d6536c3f07d1@group-9E4BC186C3C1-LeaderElection6
2025-08-26 23:00:15,428 [7891d67e-4097-47f0-8a45-d6536c3f07d1@group-9E4BC186C3C1-LeaderElection6] INFO  server.RaftServer$Division (RaftServerImpl.java:setRole(392)) - 7891d67e-4097-47f0-8a45-d6536c3f07d1@group-9E4BC186C3C1: changes role from CANDIDATE to LEADER at term 2 for changeToLeader
2025-08-26 23:00:15,428 [7891d67e-4097-47f0-8a45-d6536c3f07d1@group-9E4BC186C3C1-LeaderElection6] INFO  server.RaftServerConfigKeys (ConfUtils.java:logFallback(69)) - raft.server.staging.timeout = 15600ms (fallback to raft.server.rpc.timeout.max)
2025-08-26 23:00:15,429 [7891d67e-4097-47f0-8a45-d6536c3f07d1@group-9E4BC186C3C1-LeaderElection6] INFO  server.RaftServerConfigKeys (ConfUtils.java:logGet(62)) - raft.server.rpc.timeout.min = 5000ms (custom)
2025-08-26 23:00:15,429 [7891d67e-4097-47f0-8a45-d6536c3f07d1@group-9E4BC186C3C1-LeaderElection6] INFO  impl.RoleInfo (RoleInfo.java:updateAndGet(148)) - 7891d67e-4097-47f0-8a45-d6536c3f07d1: start 7891d67e-4097-47f0-8a45-d6536c3f07d1@group-9E4BC186C3C1-LeaderStateImpl
2025-08-26 23:00:15,429 [7891d67e-4097-47f0-8a45-d6536c3f07d1@group-9E4BC186C3C1-LeaderElection6] INFO  server.RaftServer$Division (RaftServerImpl.java:setFirstElection(576)) - 7891d67e-4097-47f0-8a45-d6536c3f07d1@group-9E4BC186C3C1: set firstElectionSinceStartup to false for becomeLeader
2025-08-26 23:00:15,429 [7891d67e-4097-47f0-8a45-d6536c3f07d1@group-9E4BC186C3C1-LeaderElection6] INFO  ha.SCMStateMachine (SCMStateMachine.java:notifyLeaderChanged(293)) - current SCM becomes leader of term 2.
2025-08-26 23:00:15,429 [7891d67e-4097-47f0-8a45-d6536c3f07d1@group-9E4BC186C3C1-LeaderElection6] INFO  ha.SCMContext (SCMContext.java:updateLeaderAndTerm(95)) - update <isLeader,term> from <false,0> to <true,2>
2025-08-26 23:00:15,430 [7891d67e-4097-47f0-8a45-d6536c3f07d1@group-9E4BC186C3C1-LeaderElection6] INFO  server.RaftServer$Division (ServerState.java:setLeader(272)) - 7891d67e-4097-47f0-8a45-d6536c3f07d1@group-9E4BC186C3C1: change Leader from null to 7891d67e-4097-47f0-8a45-d6536c3f07d1 at term 2 for becomeLeader, leader elected after 1103ms
2025-08-26 23:00:15,430 [7891d67e-4097-47f0-8a45-d6536c3f07d1@group-9E4BC186C3C1-LeaderElection6] INFO  segmented.SegmentedRaftLogWorker (SegmentedRaftLogWorker.java:rollLogSegment(445)) - 7891d67e-4097-47f0-8a45-d6536c3f07d1@group-9E4BC186C3C1-SegmentedRaftLogWorker: Rolling segment log-0_0 to index:0
2025-08-26 23:00:15,431 [7891d67e-4097-47f0-8a45-d6536c3f07d1@group-9E4BC186C3C1-SegmentedRaftLogWorker] INFO  segmented.SegmentedRaftLogWorker (SegmentedRaftLogWorker.java:execute(604)) - 7891d67e-4097-47f0-8a45-d6536c3f07d1@group-9E4BC186C3C1-SegmentedRaftLogWorker: Rolled log segment from /home/runner/work/ozone/ozone/hadoop-ozone/integration-test/target/test-dir/MiniOzoneClusterImpl-89d78760-19a1-47e7-a3d8-9e4bc186c3c1/scm/ratis/89d78760-19a1-47e7-a3d8-9e4bc186c3c1/current/log_inprogress_0 to /home/runner/work/ozone/ozone/hadoop-ozone/integration-test/target/test-dir/MiniOzoneClusterImpl-89d78760-19a1-47e7-a3d8-9e4bc186c3c1/scm/ratis/89d78760-19a1-47e7-a3d8-9e4bc186c3c1/current/log_0-0
2025-08-26 23:00:15,431 [7891d67e-4097-47f0-8a45-d6536c3f07d1@group-9E4BC186C3C1-LeaderElection6] INFO  server.RaftServer$Division (ServerState.java:setRaftConf(386)) - 7891d67e-4097-47f0-8a45-d6536c3f07d1@group-9E4BC186C3C1: set configuration conf: {index: 1, cur=peers:[7891d67e-4097-47f0-8a45-d6536c3f07d1|localhost:15022]|listeners:[], old=null}
2025-08-26 23:00:15,431 [7891d67e-4097-47f0-8a45-d6536c3f07d1@group-9E4BC186C3C1-SegmentedRaftLogWorker] INFO  segmented.BufferedWriteChannel (BufferedWriteChannel.java:open(61)) - open log_inprogress_1 at position 0
2025-08-26 23:00:15,437 [7891d67e-4097-47f0-8a45-d6536c3f07d1@group-9E4BC186C3C1-SegmentedRaftLogWorker] INFO  segmented.SegmentedRaftLogWorker (SegmentedRaftLogWorker.java:execute(647)) - 7891d67e-4097-47f0-8a45-d6536c3f07d1@group-9E4BC186C3C1-SegmentedRaftLogWorker: created new log segment /home/runner/work/ozone/ozone/hadoop-ozone/integration-test/target/test-dir/MiniOzoneClusterImpl-89d78760-19a1-47e7-a3d8-9e4bc186c3c1/scm/ratis/89d78760-19a1-47e7-a3d8-9e4bc186c3c1/current/log_inprogress_1
2025-08-26 23:00:15,440 [7891d67e-4097-47f0-8a45-d6536c3f07d1@group-9E4BC186C3C1-StateMachineUpdater] INFO  server.RaftServer$Division (LeaderStateImpl.java:checkStartIndex(309)) - Leader 7891d67e-4097-47f0-8a45-d6536c3f07d1@group-9E4BC186C3C1-LeaderStateImpl is ready since appliedIndex == startIndex == 1
2025-08-26 23:00:15,440 [7891d67e-4097-47f0-8a45-d6536c3f07d1@group-9E4BC186C3C1-StateMachineUpdater] INFO  ha.SCMContext (SCMContext.java:setLeaderReady(122)) - update <isLeaderReady> from <false> to <true>
2025-08-26 23:00:15,440 [7891d67e-4097-47f0-8a45-d6536c3f07d1@group-9E4BC186C3C1-StateMachineUpdater] INFO  pipeline.BackgroundPipelineCreator (BackgroundPipelineCreator.java:notifyStatusChanged(268)) - Service BackgroundPipelineCreator transitions to RUNNING.
2025-08-26 23:00:15,440 [7891d67e-4097-47f0-8a45-d6536c3f07d1@group-9E4BC186C3C1-StateMachineUpdater] INFO  safemode.RatisContainerSafeModeRule (RatisContainerSafeModeRule.java:initializeRule(160)) - Refreshed Containers with one replica threshold count 0.
2025-08-26 23:00:15,441 [7891d67e-4097-47f0-8a45-d6536c3f07d1@group-9E4BC186C3C1-StateMachineUpdater] INFO  safemode.HealthyPipelineSafeModeRule (HealthyPipelineSafeModeRule.java:initializeRule(228)) - Refreshed total pipeline count is 0, healthy pipeline threshold count is 0
2025-08-26 23:00:15,441 [7891d67e-4097-47f0-8a45-d6536c3f07d1@group-9E4BC186C3C1-StateMachineUpdater] INFO  safemode.ECContainerSafeModeRule (ECContainerSafeModeRule.java:initializeRule(204)) - Refreshed Containers with ec n replica threshold count 0.
2025-08-26 23:00:15,441 [7891d67e-4097-47f0-8a45-d6536c3f07d1@group-9E4BC186C3C1-StateMachineUpdater] INFO  safemode.OneReplicaPipelineSafeModeRule (OneReplicaPipelineSafeModeRule.java:initializeRule(186)) - Refreshed Total pipeline count is 0, pipeline's with at least one datanode reported threshold count is 0
2025-08-26 23:00:15,441 [7891d67e-4097-47f0-8a45-d6536c3f07d1@group-9E4BC186C3C1-StateMachineUpdater] INFO  server.SCMDatanodeProtocolServer (SCMDatanodeProtocolServer.java:start(195)) - ScmDatanodeProtocol RPC server for DataNodes is listening at /0.0.0.0:15020
2025-08-26 23:00:15,442 [IPC Server Responder] INFO  ipc.Server (Server.java:run(1713)) - IPC Server Responder: starting
2025-08-26 23:00:15,442 [IPC Server listener on 15020] INFO  ipc.Server (Server.java:run(1553)) - IPC Server listener on 15020: starting
2025-08-26 23:00:16,523 [om1@group-C5BA1605619E-FollowerState] INFO  impl.FollowerState (FollowerState.java:runImpl(161)) - om1@group-C5BA1605619E-FollowerState: change to CANDIDATE, lastRpcElapsedTime:1180064726ns, electionTimeout:1174ms
2025-08-26 23:00:16,524 [om1@group-C5BA1605619E-FollowerState] INFO  impl.RoleInfo (RoleInfo.java:shutdownFollowerState(121)) - om1: shutdown om1@group-C5BA1605619E-FollowerState
2025-08-26 23:00:16,524 [om1@group-C5BA1605619E-FollowerState] INFO  server.RaftServer$Division (RaftServerImpl.java:setRole(392)) - om1@group-C5BA1605619E: changes role from  FOLLOWER to CANDIDATE at term 0 for changeToCandidate
2025-08-26 23:00:16,524 [om1@group-C5BA1605619E-FollowerState] INFO  impl.RoleInfo (RoleInfo.java:updateAndGet(148)) - om1: start om1@group-C5BA1605619E-LeaderElection7
2025-08-26 23:00:16,524 [om1@group-C5BA1605619E-LeaderElection7] INFO  impl.LeaderElection (LeaderElection.java:askForVotes(448)) - om1@group-C5BA1605619E-LeaderElection7 PRE_VOTE round 0: submit vote requests at term 0 for conf: {index: -1, cur=peers:[om1|localhost:15027]|listeners:[], old=null}
2025-08-26 23:00:16,524 [om1@group-C5BA1605619E-LeaderElection7] INFO  impl.LeaderElection (LeaderElection.java:askForVotes(450)) - om1@group-C5BA1605619E-LeaderElection7 PRE_VOTE round 0: result PASSED (term=0)
2025-08-26 23:00:16,526 [om1@group-C5BA1605619E-LeaderElection7] INFO  impl.LeaderElection (LeaderElection.java:askForVotes(448)) - om1@group-C5BA1605619E-LeaderElection7 ELECTION round 0: submit vote requests at term 1 for conf: {index: -1, cur=peers:[om1|localhost:15027]|listeners:[], old=null}
2025-08-26 23:00:16,526 [om1@group-C5BA1605619E-LeaderElection7] INFO  impl.LeaderElection (LeaderElection.java:askForVotes(450)) - om1@group-C5BA1605619E-LeaderElection7 ELECTION round 0: result PASSED (term=1)
2025-08-26 23:00:16,526 [om1@group-C5BA1605619E-LeaderElection7] INFO  impl.RoleInfo (RoleInfo.java:shutdownLeaderElection(141)) - om1: shutdown om1@group-C5BA1605619E-LeaderElection7
2025-08-26 23:00:16,526 [om1@group-C5BA1605619E-LeaderElection7] INFO  server.RaftServer$Division (RaftServerImpl.java:setRole(392)) - om1@group-C5BA1605619E: changes role from CANDIDATE to LEADER at term 1 for changeToLeader
2025-08-26 23:00:16,526 [om1@group-C5BA1605619E-LeaderElection7] INFO  server.RaftServerConfigKeys (ConfUtils.java:logFallback(69)) - raft.server.staging.timeout = 3600ms (fallback to raft.server.rpc.timeout.max)
2025-08-26 23:00:16,526 [om1@group-C5BA1605619E-LeaderElection7] INFO  server.RaftServerConfigKeys (ConfUtils.java:logGet(62)) - raft.server.write.byte-limit = 67108864 (custom)
2025-08-26 23:00:16,527 [om1@group-C5BA1605619E-LeaderElection7] INFO  server.RaftServerConfigKeys (ConfUtils.java:logGet(62)) - raft.server.rpc.timeout.min = 1s (custom)
2025-08-26 23:00:16,527 [om1@group-C5BA1605619E-LeaderElection7] INFO  impl.RoleInfo (RoleInfo.java:updateAndGet(148)) - om1: start om1@group-C5BA1605619E-LeaderStateImpl
2025-08-26 23:00:16,527 [om1@group-C5BA1605619E-LeaderElection7] INFO  server.RaftServer$Division (RaftServerImpl.java:setFirstElection(576)) - om1@group-C5BA1605619E: set firstElectionSinceStartup to false for becomeLeader
2025-08-26 23:00:16,527 [om1@group-C5BA1605619E-LeaderElection7] INFO  ratis.OzoneManagerStateMachine (OzoneManagerStateMachine.java:notifyLeaderChanged(174)) - om1@group-C5BA1605619E: leader changed to om1
2025-08-26 23:00:16,528 [om1@group-C5BA1605619E-LeaderElection7] INFO  server.RaftServer$Division (ServerState.java:setLeader(272)) - om1@group-C5BA1605619E: change Leader from null to om1 at term 1 for becomeLeader, leader elected after 1754ms
2025-08-26 23:00:16,528 [om1@group-C5BA1605619E-LeaderElection7] INFO  segmented.SegmentedRaftLogWorker (SegmentedRaftLogWorker.java:startLogSegment(440)) - om1@group-C5BA1605619E-SegmentedRaftLogWorker: Starting segment from index:0
2025-08-26 23:00:16,528 [om1@group-C5BA1605619E-LeaderElection7] INFO  server.RaftServer$Division (ServerState.java:setRaftConf(386)) - om1@group-C5BA1605619E: set configuration conf: {index: 0, cur=peers:[om1|localhost:15027]|listeners:[], old=null}
2025-08-26 23:00:16,528 [om1@group-C5BA1605619E-SegmentedRaftLogWorker] INFO  segmented.BufferedWriteChannel (BufferedWriteChannel.java:open(61)) - open log_inprogress_0 at position 0
2025-08-26 23:00:16,536 [om1@group-C5BA1605619E-SegmentedRaftLogWorker] INFO  segmented.SegmentedRaftLogWorker (SegmentedRaftLogWorker.java:execute(647)) - om1@group-C5BA1605619E-SegmentedRaftLogWorker: created new log segment /home/runner/work/ozone/ozone/hadoop-ozone/integration-test/target/test-dir/MiniOzoneClusterImpl-89d78760-19a1-47e7-a3d8-9e4bc186c3c1/om/ratis/bf265839-605b-3f16-9796-c5ba1605619e/current/log_inprogress_0
2025-08-26 23:00:16,537 [om1@group-C5BA1605619E-StateMachineUpdater] INFO  ratis.OzoneManagerStateMachine (OzoneManagerStateMachine.java:notifyConfigurationChanged(236)) - notifyConfigurationChanged from Ratis: term=1, index=0, New Peer list: om1(localhost:15027)
2025-08-26 23:00:16,537 [om1@group-C5BA1605619E-StateMachineUpdater] INFO  server.RaftServer$Division (LeaderStateImpl.java:checkStartIndex(309)) - Leader om1@group-C5BA1605619E-LeaderStateImpl is ready since appliedIndex == startIndex == 0
2025-08-26 23:00:17,380 [ForkJoinPool-1-worker-1] INFO  client.ScmTopologyClient (ScmTopologyClient.java:start(70)) - Initial network topology fetched from SCM: /.
2025-08-26 23:00:17,380 [ForkJoinPool-1-worker-1] INFO  net.NodeSchemaLoader (NodeSchemaLoader.java:loadSchemaFromFile(128)) - Loading schema from [jar:file:/home/runner/work/ozone/ozone/hadoop-hdds/common/target/hdds-common-2.1.0-SNAPSHOT.jar!/network-topology-default.xml]
2025-08-26 23:00:17,380 [ForkJoinPool-1-worker-1] INFO  net.NodeSchemaLoader (NodeSchemaLoader.java:loadSchema(175)) - Loading network topology layer schema file
2025-08-26 23:00:17,383 [ForkJoinPool-1-worker-1] INFO  utils.BackgroundService (BackgroundService.java:start(119)) - Starting service KeyDeletingService with interval 60000 milliseconds
2025-08-26 23:00:17,384 [ForkJoinPool-1-worker-1] INFO  utils.BackgroundService (BackgroundService.java:start(119)) - Starting service DirectoryDeletingService with interval 120000 milliseconds
2025-08-26 23:00:17,384 [ForkJoinPool-1-worker-1] INFO  utils.BackgroundService (BackgroundService.java:start(119)) - Starting service OpenKeyCleanupService with interval 86400000 milliseconds
2025-08-26 23:00:17,385 [ForkJoinPool-1-worker-1] INFO  utils.BackgroundService (BackgroundService.java:start(119)) - Starting service SstFilteringService with interval 60000 milliseconds
2025-08-26 23:00:17,385 [ForkJoinPool-1-worker-1] INFO  utils.BackgroundService (BackgroundService.java:start(119)) - Starting service SnapshotDeletingService with interval 30000 milliseconds
2025-08-26 23:00:17,386 [ForkJoinPool-1-worker-1] INFO  utils.BackgroundService (BackgroundService.java:start(119)) - Starting service MultipartUploadCleanupService with interval 86400000 milliseconds
2025-08-26 23:00:17,388 [ForkJoinPool-1-worker-1] INFO  http.BaseHttpServer (BaseHttpServer.java:newHttpServer2BuilderForOzone(227)) - Starting Web-server for ozoneManager at: http://0.0.0.0:15025
2025-08-26 23:00:17,388 [ForkJoinPool-1-worker-1] INFO  http.BaseHttpServer (BaseHttpServer.java:<init>(105)) - Hadoop Security Enabled: false Ozone Security Enabled: false Ozone HTTP Security Enabled: false 
2025-08-26 23:00:17,390 [om1-OpenKeyCleanupService#0] INFO  service.OpenKeyCleanupService (OpenKeyCleanupService.java:call(242)) - Number of expired open keys submitted for deletion: 0, for commit: 0, cleanupLimit: 1000, elapsed time: 5ms
2025-08-26 23:00:17,390 [om1-OpenKeyCleanupService#0] INFO  service.OpenKeyCleanupService (OpenKeyCleanupService.java:call(242)) - Number of expired open keys submitted for deletion: 0, for commit: 0, cleanupLimit: 1000, elapsed time: 0ms
2025-08-26 23:00:17,391 [ForkJoinPool-1-worker-1] WARN  server.AuthenticationFilter (AuthenticationFilter.java:constructSecretProvider(240)) - Unable to initialize FileSignerSecretProvider, falling back to use random secrets. Reason: Could not read signature secret file: /home/runner/hadoop-http-auth-signature-secret
2025-08-26 23:00:17,394 [ForkJoinPool-1-worker-1] INFO  http.HttpServer2 (HttpServer2.java:addGlobalFilter(1042)) - Added global filter 'safety' (class=org.apache.hadoop.hdds.server.http.HttpServer2$QuotingInputFilter)
2025-08-26 23:00:17,395 [ForkJoinPool-1-worker-1] INFO  http.HttpServer2 (HttpServer2.java:addFilter(1018)) - Added filter static_user_filter (class=org.apache.hadoop.http.lib.StaticUserWebFilter$StaticUserFilter) to context ozoneManager
2025-08-26 23:00:17,395 [ForkJoinPool-1-worker-1] INFO  http.HttpServer2 (HttpServer2.java:addFilter(1026)) - Added filter static_user_filter (class=org.apache.hadoop.http.lib.StaticUserWebFilter$StaticUserFilter) to context static
2025-08-26 23:00:17,395 [ForkJoinPool-1-worker-1] INFO  http.HttpServer2 (HttpServer2.java:addFilter(1026)) - Added filter static_user_filter (class=org.apache.hadoop.http.lib.StaticUserWebFilter$StaticUserFilter) to context logs
2025-08-26 23:00:17,395 [ForkJoinPool-1-worker-1] INFO  http.BaseHttpServer (BaseHttpServer.java:<init>(193)) - HTTP server of ozoneManager uses base directory /home/runner/work/ozone/ozone/hadoop-ozone/integration-test/target/test-dir/MiniOzoneClusterImpl-89d78760-19a1-47e7-a3d8-9e4bc186c3c1/scm/ozone-metadata/webserver
2025-08-26 23:00:17,396 [ForkJoinPool-1-worker-1] INFO  http.HttpServer2 (HttpServer2.java:bindListener(1242)) - Jetty bound to port 15025
2025-08-26 23:00:17,396 [ForkJoinPool-1-worker-1] INFO  server.Server (Server.java:doStart(375)) - jetty-9.4.57.v20241219; built: 2025-01-08T21:24:30.412Z; git: df524e6b29271c2e09ba9aea83c18dc9db464a31; jvm 21.0.8+9-LTS
2025-08-26 23:00:17,398 [ForkJoinPool-1-worker-1] INFO  server.session (DefaultSessionIdManager.java:doStart(334)) - DefaultSessionIdManager workerName=node0
2025-08-26 23:00:17,398 [ForkJoinPool-1-worker-1] INFO  server.session (DefaultSessionIdManager.java:doStart(339)) - No SessionScavenger set, using defaults
2025-08-26 23:00:17,398 [ForkJoinPool-1-worker-1] INFO  server.session (HouseKeeper.java:startScavenging(132)) - node0 Scavenging every 660000ms
2025-08-26 23:00:17,399 [ForkJoinPool-1-worker-1] INFO  handler.ContextHandler (ContextHandler.java:doStart(921)) - Started o.e.j.s.ServletContextHandler@255d9e51{logs,/logs,file:///home/runner/work/ozone/ozone/hadoop-ozone/integration-test/target/log,AVAILABLE}
2025-08-26 23:00:17,399 [ForkJoinPool-1-worker-1] INFO  handler.ContextHandler (ContextHandler.java:doStart(921)) - Started o.e.j.s.ServletContextHandler@6b3012a8{static,/static,file:///home/runner/work/ozone/ozone/hadoop-ozone/integration-test/target/test-classes/webapps/static,AVAILABLE}
2025-08-26 23:00:17,403 [ForkJoinPool-1-worker-1] INFO  handler.ContextHandler (ContextHandler.java:doStart(921)) - Started o.e.j.w.WebAppContext@507b3381{ozoneManager,/,file:///home/runner/work/ozone/ozone/hadoop-ozone/integration-test/target/test-classes/webapps/ozoneManager/,AVAILABLE}{file:/home/runner/work/ozone/ozone/hadoop-ozone/integration-test/target/test-classes/webapps/ozoneManager}
2025-08-26 23:00:17,404 [ForkJoinPool-1-worker-1] INFO  server.AbstractConnector (AbstractConnector.java:doStart(333)) - Started ServerConnector@3c9242b5{HTTP/1.1, (http/1.1)}{0.0.0.0:15025}
2025-08-26 23:00:17,404 [ForkJoinPool-1-worker-1] INFO  server.Server (Server.java:doStart(415)) - Started @25346ms
2025-08-26 23:00:17,404 [ForkJoinPool-1-worker-1] WARN  impl.MetricsSystemImpl (MetricsSystemImpl.java:register(279)) - Sink prometheus already exists!
2025-08-26 23:00:17,404 [ForkJoinPool-1-worker-1] INFO  http.BaseHttpServer (BaseHttpServer.java:updateConnectorAddress(357)) - HTTP server of ozoneManager listening at http://localhost:15025
2025-08-26 23:00:17,405 [IPC Server Responder] INFO  ipc.Server (Server.java:run(1713)) - IPC Server Responder: starting
2025-08-26 23:00:17,405 [IPC Server listener on 15024] INFO  ipc.Server (Server.java:run(1553)) - IPC Server listener on 15024: starting
2025-08-26 23:00:17,407 [ForkJoinPool-1-worker-1] INFO  om.OzoneManager (OzoneManager.java:startTrashEmptier(2292)) - Trash Interval set to 0. Files deleted won't move to trash
2025-08-26 23:00:17,410 [ForkJoinPool-1-worker-1] WARN  dropwizard3.Dm3MetricRegistriesImpl (Dm3MetricRegistriesImpl.java:addReporterRegistration(114)) - New reporters are added after registries were created. Some metrics will be missing from the reporter. Please add reporter before adding any new registry.
2025-08-26 23:00:17,410 [ForkJoinPool-1-worker-1] WARN  dropwizard3.Dm3MetricRegistriesImpl (Dm3MetricRegistriesImpl.java:addReporterRegistration(114)) - New reporters are added after registries were created. Some metrics will be missing from the reporter. Please add reporter before adding any new registry.
2025-08-26 23:00:17,410 [ForkJoinPool-1-worker-1] INFO  impl.MetricsSystemImpl (MetricsSystemImpl.java:init(158)) - HddsDatanode metrics system started (again)
2025-08-26 23:00:17,430 [ForkJoinPool-1-worker-1] INFO  protocol.DatanodeDetails (DatanodeDetails.java:validateDatanodeIpAddress(199)) - Updating IP address of datanode 98e2c854-04e9-4772-8b00-88abbcf17f0b(localhost/null) to 127.0.0.1
2025-08-26 23:00:17,430 [ForkJoinPool-1-worker-1] INFO  ozone.HddsDatanodeService (HddsDatanodeService.java:start(236)) - HddsDatanodeService 98e2c854-04e9-4772-8b00-88abbcf17f0b(localhost/127.0.0.1)
2025-08-26 23:00:17,433 [ForkJoinPool-1-worker-1] INFO  upgrade.AbstractLayoutVersionManager (AbstractLayoutVersionManager.java:init(80)) - Initializing Layout version manager with metadata layout = WITNESSED_CONTAINER_DB_PROTO_VALUE (version = 9), software layout = WITNESSED_CONTAINER_DB_PROTO_VALUE (version = 9)
2025-08-26 23:00:17,434 [ForkJoinPool-1-worker-1] INFO  statemachine.DatanodeStateMachine (DatanodeStateMachine.java:getEndPointTaskThreadPoolSize(305)) - Datanode State Machine Task Thread Pool size 2
2025-08-26 23:00:17,438 [ForkJoinPool-1-worker-1] INFO  volume.HddsVolume (HddsVolume.java:<init>(162)) - HddsVolume: { id=DS-77ded547-d230-4d39-9932-d24effa01d0d dir=/home/runner/work/ozone/ozone/hadoop-ozone/integration-test/target/test-dir/MiniOzoneClusterImpl-89d78760-19a1-47e7-a3d8-9e4bc186c3c1/ozone-metadata/datanode-1/data-0/hdds type=DISK capacity=9222449699674390527 used=0 available=9222449699674390527 minFree=9222450130714624 committed=0 }
2025-08-26 23:00:17,438 [ForkJoinPool-1-worker-1] INFO  volume.MutableVolumeSet (MutableVolumeSet.java:initializeVolumeSet(175)) - Added Volume : /home/runner/work/ozone/ozone/hadoop-ozone/integration-test/target/test-dir/MiniOzoneClusterImpl-89d78760-19a1-47e7-a3d8-9e4bc186c3c1/ozone-metadata/datanode-1/data-0/hdds to VolumeSet
2025-08-26 23:00:17,439 [ForkJoinPool-1-worker-1] INFO  volume.MutableVolumeSet (MutableVolumeSet.java:initializeVolumeSet(175)) - Added Volume : /home/runner/work/ozone/ozone/hadoop-ozone/integration-test/target/test-dir/MiniOzoneClusterImpl-89d78760-19a1-47e7-a3d8-9e4bc186c3c1/ozone-metadata/datanode-1/ratis to VolumeSet
2025-08-26 23:00:17,441 [ForkJoinPool-1-worker-1] INFO  ozoneimpl.OzoneContainer (HddsVolumeUtil.java:loadAllHddsVolumeDbStore(102)) - Load 1 volumes DbStore cost: 0ms
2025-08-26 23:00:17,441 [ForkJoinPool-1-worker-1] WARN  db.DBStoreBuilder (DBStoreBuilder.java:getDBDirPath(158)) - ozone.scm.datanode.id.dir is not configured. We recommend adding this setting. Falling back to ozone.metadata.dirs instead.
2025-08-26 23:00:17,443 [ForkJoinPool-1-worker-1] WARN  db.DBStoreBuilder (DBStoreBuilder.java:getDBDirPath(158)) - ozone.scm.datanode.id.dir is not configured. We recommend adding this setting. Falling back to ozone.metadata.dirs instead.
2025-08-26 23:00:17,456 [ForkJoinPool-1-worker-1] INFO  impl.FilePerChunkStrategy (FilePerChunkStrategy.java:<init>(79)) - ozone.chunk.read.mapped.buffer.max.count is load with 0
2025-08-26 23:00:17,457 [ForkJoinPool-1-worker-1] INFO  impl.FilePerBlockStrategy (FilePerBlockStrategy.java:<init>(88)) - ozone.chunk.read.mapped.buffer.max.count is load with 0
2025-08-26 23:00:17,458 [ForkJoinPool-1-worker-1] INFO  server.RaftServerConfigKeys (ConfUtils.java:logGet(62)) - raft.server.log.appender.buffer.byte-limit = 33554432 (custom)
2025-08-26 23:00:17,460 [ForkJoinPool-1-worker-1] INFO  grpc.GrpcConfigKeys (ConfUtils.java:logFallback(69)) - raft.grpc.admin.host = null (fallback to raft.grpc.server.host)
2025-08-26 23:00:17,460 [ForkJoinPool-1-worker-1] INFO  grpc.GrpcConfigKeys (ConfUtils.java:logGet(62)) - raft.grpc.admin.port = 15032 (custom)
2025-08-26 23:00:17,461 [ForkJoinPool-1-worker-1] INFO  grpc.GrpcConfigKeys (ConfUtils.java:logFallback(69)) - raft.grpc.client.host = null (fallback to raft.grpc.server.host)
2025-08-26 23:00:17,461 [ForkJoinPool-1-worker-1] INFO  grpc.GrpcConfigKeys (ConfUtils.java:logGet(62)) - raft.grpc.client.port = 15031 (custom)
2025-08-26 23:00:17,461 [ForkJoinPool-1-worker-1] INFO  grpc.GrpcConfigKeys (ConfUtils.java:logGet(62)) - raft.grpc.server.port = 15033 (custom)
2025-08-26 23:00:17,461 [ForkJoinPool-1-worker-1] INFO  server.GrpcServicesImpl (ConfUtils.java:logGet(62)) - raft.grpc.message.size.max = 34603008 (custom)
2025-08-26 23:00:17,461 [ForkJoinPool-1-worker-1] INFO  server.GrpcServicesImpl (ConfUtils.java:logGet(62)) - raft.grpc.flow.control.window = 5MB (=5242880) (custom)
2025-08-26 23:00:17,461 [ForkJoinPool-1-worker-1] INFO  server.RaftServerConfigKeys (ConfUtils.java:logGet(62)) - raft.server.rpc.request.timeout = 60s (custom)
2025-08-26 23:00:17,461 [ForkJoinPool-1-worker-1] INFO  server.RaftServerConfigKeys (ConfUtils.java:logGet(62)) - raft.server.log.appender.buffer.byte-limit = 33554432 (custom)
2025-08-26 23:00:17,463 [ForkJoinPool-1-worker-1] INFO  impl.DataStreamServerImpl (ConfUtils.java:logGet(62)) - raft.datastream.type = NETTY (custom)
2025-08-26 23:00:17,464 [ForkJoinPool-1-worker-1] INFO  netty.NettyUtils (NettyUtils.java:newEventLoopGroup(74)) - Create EpollEventLoopGroup for 98e2c854-04e9-4772-8b00-88abbcf17f0b-NettyServerStreamRpc-bossGroup; Thread size is 0.
2025-08-26 23:00:17,464 [ForkJoinPool-1-worker-1] INFO  netty.NettyUtils (NettyUtils.java:newEventLoopGroup(74)) - Create EpollEventLoopGroup for 98e2c854-04e9-4772-8b00-88abbcf17f0b-NettyServerStreamRpc-workerGroup; Thread size is 0.
2025-08-26 23:00:17,465 [ForkJoinPool-1-worker-1] INFO  netty.NettyConfigKeys$DataStream (ConfUtils.java:logGet(62)) - raft.netty.dataStream.port = 15034 (custom)
2025-08-26 23:00:17,465 [ForkJoinPool-1-worker-1] INFO  server.RaftServerConfigKeys (ConfUtils.java:logGet(62)) - raft.server.storage.dir = [/home/runner/work/ozone/ozone/hadoop-ozone/integration-test/target/test-dir/MiniOzoneClusterImpl-89d78760-19a1-47e7-a3d8-9e4bc186c3c1/ozone-metadata/datanode-1/ratis] (custom)
2025-08-26 23:00:17,465 [98e2c854-04e9-4772-8b00-88abbcf17f0b-NettyServerStreamRpc-bossGroup--thread1] INFO  logging.LoggingHandler (AbstractInternalLogger.java:log(148)) - [id: 0x6fe6fb65] REGISTERED
2025-08-26 23:00:17,466 [98e2c854-04e9-4772-8b00-88abbcf17f0b-NettyServerStreamRpc-bossGroup--thread1] INFO  logging.LoggingHandler (AbstractInternalLogger.java:log(148)) - [id: 0x6fe6fb65] BIND: 0.0.0.0/0.0.0.0:15034
2025-08-26 23:00:17,466 [98e2c854-04e9-4772-8b00-88abbcf17f0b-NettyServerStreamRpc-bossGroup--thread1] INFO  logging.LoggingHandler (AbstractInternalLogger.java:log(148)) - [id: 0x6fe6fb65, L:/0.0.0.0:15034] ACTIVE
2025-08-26 23:00:17,466 [98e2c854-04e9-4772-8b00-88abbcf17f0b-impl-thread1] INFO  server.RaftServer (RaftServerProxy.java:initGroupDir(270)) - 98e2c854-04e9-4772-8b00-88abbcf17f0b: found a subdirectory /home/runner/work/ozone/ozone/hadoop-ozone/integration-test/target/test-dir/MiniOzoneClusterImpl-89d78760-19a1-47e7-a3d8-9e4bc186c3c1/ozone-metadata/datanode-1/ratis/tmp
2025-08-26 23:00:17,466 [98e2c854-04e9-4772-8b00-88abbcf17f0b-impl-thread1] INFO  server.RaftServer (RaftServerProxy.java:initGroupDir(275)) - 98e2c854-04e9-4772-8b00-88abbcf17f0b: The directory /home/runner/work/ozone/ozone/hadoop-ozone/integration-test/target/test-dir/MiniOzoneClusterImpl-89d78760-19a1-47e7-a3d8-9e4bc186c3c1/ozone-metadata/datanode-1/ratis/tmp is not a group directory; ignoring it. 
2025-08-26 23:00:17,466 [ForkJoinPool-1-worker-1] INFO  replication.ReplicationServer (ReplicationServer.java:<init>(84)) - Initializing replication server with thread count = 10 queue length = 4096
2025-08-26 23:00:17,468 [ForkJoinPool-1-worker-1] INFO  server.XceiverServerGrpc (XceiverServerGrpc.java:<init>(130)) - GrpcServer channel type EpollServerSocketChannel
2025-08-26 23:00:17,470 [ForkJoinPool-1-worker-1] INFO  replication.ReplicationSupervisor (ReplicationSupervisor.java:build(169)) - Initializing replication supervisor with thread count = 10
2025-08-26 23:00:17,470 [ForkJoinPool-1-worker-1] INFO  replication.ReplicationSupervisor (ReplicationSupervisor.java:nodeStateUpdated(358)) - Node state updated to IN_SERVICE, scaling executor pool size to 10
2025-08-26 23:00:17,474 [ForkJoinPool-1-worker-1] INFO  http.BaseHttpServer (BaseHttpServer.java:newHttpServer2BuilderForOzone(227)) - Starting Web-server for hddsDatanode at: http://0.0.0.0:15028
2025-08-26 23:00:17,474 [ForkJoinPool-1-worker-1] INFO  http.BaseHttpServer (BaseHttpServer.java:<init>(105)) - Hadoop Security Enabled: false Ozone Security Enabled: false Ozone HTTP Security Enabled: false 
2025-08-26 23:00:17,476 [ForkJoinPool-1-worker-1] WARN  server.AuthenticationFilter (AuthenticationFilter.java:constructSecretProvider(240)) - Unable to initialize FileSignerSecretProvider, falling back to use random secrets. Reason: Could not read signature secret file: /home/runner/hadoop-http-auth-signature-secret
2025-08-26 23:00:17,478 [ForkJoinPool-1-worker-1] INFO  http.HttpServer2 (HttpServer2.java:addGlobalFilter(1042)) - Added global filter 'safety' (class=org.apache.hadoop.hdds.server.http.HttpServer2$QuotingInputFilter)
2025-08-26 23:00:17,479 [ForkJoinPool-1-worker-1] INFO  http.HttpServer2 (HttpServer2.java:addFilter(1018)) - Added filter static_user_filter (class=org.apache.hadoop.http.lib.StaticUserWebFilter$StaticUserFilter) to context hddsDatanode
2025-08-26 23:00:17,479 [ForkJoinPool-1-worker-1] INFO  http.HttpServer2 (HttpServer2.java:addFilter(1026)) - Added filter static_user_filter (class=org.apache.hadoop.http.lib.StaticUserWebFilter$StaticUserFilter) to context static
2025-08-26 23:00:17,479 [ForkJoinPool-1-worker-1] INFO  http.HttpServer2 (HttpServer2.java:addFilter(1026)) - Added filter static_user_filter (class=org.apache.hadoop.http.lib.StaticUserWebFilter$StaticUserFilter) to context logs
2025-08-26 23:00:17,480 [ForkJoinPool-1-worker-1] INFO  http.BaseHttpServer (BaseHttpServer.java:<init>(193)) - HTTP server of hddsDatanode uses base directory /home/runner/work/ozone/ozone/hadoop-ozone/integration-test/target/test-dir/MiniOzoneClusterImpl-89d78760-19a1-47e7-a3d8-9e4bc186c3c1/scm/ozone-metadata/webserver
2025-08-26 23:00:17,480 [ForkJoinPool-1-worker-1] INFO  http.HttpServer2 (HttpServer2.java:bindListener(1242)) - Jetty bound to port 15028
2025-08-26 23:00:17,480 [ForkJoinPool-1-worker-1] INFO  server.Server (Server.java:doStart(375)) - jetty-9.4.57.v20241219; built: 2025-01-08T21:24:30.412Z; git: df524e6b29271c2e09ba9aea83c18dc9db464a31; jvm 21.0.8+9-LTS
2025-08-26 23:00:17,481 [ForkJoinPool-1-worker-1] INFO  server.session (DefaultSessionIdManager.java:doStart(334)) - DefaultSessionIdManager workerName=node0
2025-08-26 23:00:17,481 [ForkJoinPool-1-worker-1] INFO  server.session (DefaultSessionIdManager.java:doStart(339)) - No SessionScavenger set, using defaults
2025-08-26 23:00:17,481 [ForkJoinPool-1-worker-1] INFO  server.session (HouseKeeper.java:startScavenging(132)) - node0 Scavenging every 600000ms
2025-08-26 23:00:17,482 [ForkJoinPool-1-worker-1] INFO  handler.ContextHandler (ContextHandler.java:doStart(921)) - Started o.e.j.s.ServletContextHandler@1ba08209{logs,/logs,file:///home/runner/work/ozone/ozone/hadoop-ozone/integration-test/target/log,AVAILABLE}
2025-08-26 23:00:17,482 [ForkJoinPool-1-worker-1] INFO  handler.ContextHandler (ContextHandler.java:doStart(921)) - Started o.e.j.s.ServletContextHandler@356d3aaa{static,/static,jar:file:/home/runner/work/ozone/ozone/hadoop-hdds/container-service/target/hdds-container-service-2.1.0-SNAPSHOT.jar!/webapps/static,AVAILABLE}
2025-08-26 23:00:17,635 [ForkJoinPool-1-worker-1] INFO  handler.ContextHandler (ContextHandler.java:doStart(921)) - Started o.e.j.w.WebAppContext@5565e05c{hddsDatanode,/,file:///home/runner/work/ozone/ozone/hadoop-ozone/integration-test/target/test-dir/MiniOzoneClusterImpl-89d78760-19a1-47e7-a3d8-9e4bc186c3c1/scm/ozone-metadata/webserver/jetty-0_0_0_0-15028-hdds-container-service-2_1_0-SNAPSHOT_jar-_-any-935128056293138636/webapp/,AVAILABLE}{jar:file:/home/runner/work/ozone/ozone/hadoop-hdds/container-service/target/hdds-container-service-2.1.0-SNAPSHOT.jar!/webapps/hddsDatanode}
2025-08-26 23:00:17,636 [ForkJoinPool-1-worker-1] INFO  server.AbstractConnector (AbstractConnector.java:doStart(333)) - Started ServerConnector@492e9de9{HTTP/1.1, (http/1.1)}{0.0.0.0:15028}
2025-08-26 23:00:17,636 [ForkJoinPool-1-worker-1] INFO  server.Server (Server.java:doStart(415)) - Started @25579ms
2025-08-26 23:00:17,636 [ForkJoinPool-1-worker-1] WARN  impl.MetricsSystemImpl (MetricsSystemImpl.java:register(279)) - Sink prometheus already exists!
2025-08-26 23:00:17,637 [ForkJoinPool-1-worker-1] INFO  http.BaseHttpServer (BaseHttpServer.java:updateConnectorAddress(357)) - HTTP server of hddsDatanode listening at http://localhost:15028
2025-08-26 23:00:17,637 [ForkJoinPool-1-worker-1] INFO  ipc.CallQueueManager (CallQueueManager.java:<init>(93)) - Using callQueue: class java.util.concurrent.LinkedBlockingQueue, queueCapacity: 1000, scheduler: class org.apache.hadoop.ipc.DefaultRpcScheduler, ipcBackoff: false, ipcFailOver: false.
2025-08-26 23:00:17,637 [ForkJoinPool-1-worker-1] INFO  ipc.Server (Server.java:<init>(1438)) - Listener at 0.0.0.0:15029
2025-08-26 23:00:17,638 [Socket Reader #1 for port 15029] INFO  ipc.Server (Server.java:run(1474)) - Starting Socket Reader #1 for port 15029
2025-08-26 23:00:17,638 [Socket Reader #2 for port 15029] INFO  ipc.Server (Server.java:run(1474)) - Starting Socket Reader #2 for port 15029
2025-08-26 23:00:17,639 [Socket Reader #3 for port 15029] INFO  ipc.Server (Server.java:run(1474)) - Starting Socket Reader #3 for port 15029
2025-08-26 23:00:17,639 [Socket Reader #4 for port 15029] INFO  ipc.Server (Server.java:run(1474)) - Starting Socket Reader #4 for port 15029
2025-08-26 23:00:17,639 [Socket Reader #5 for port 15029] INFO  ipc.Server (Server.java:run(1474)) - Starting Socket Reader #5 for port 15029
2025-08-26 23:00:17,639 [Socket Reader #6 for port 15029] INFO  ipc.Server (Server.java:run(1474)) - Starting Socket Reader #6 for port 15029
2025-08-26 23:00:17,639 [Socket Reader #7 for port 15029] INFO  ipc.Server (Server.java:run(1474)) - Starting Socket Reader #7 for port 15029
2025-08-26 23:00:17,640 [Socket Reader #8 for port 15029] INFO  ipc.Server (Server.java:run(1474)) - Starting Socket Reader #8 for port 15029
2025-08-26 23:00:17,640 [Socket Reader #9 for port 15029] INFO  ipc.Server (Server.java:run(1474)) - Starting Socket Reader #9 for port 15029
2025-08-26 23:00:17,640 [Socket Reader #10 for port 15029] INFO  ipc.Server (Server.java:run(1474)) - Starting Socket Reader #10 for port 15029
2025-08-26 23:00:17,642 [ForkJoinPool-1-worker-1] INFO  ozone.HddsDatanodeService (HddsDatanodeService.java:start(333)) - Datanode start with admins: [admin, runner]
2025-08-26 23:00:17,642 [ForkJoinPool-1-worker-1] INFO  ozone.HddsDatanodeClientProtocolServer (HddsDatanodeClientProtocolServer.java:start(76)) - RPC server for Client /0.0.0.0:15029
2025-08-26 23:00:17,643 [IPC Server Responder] INFO  ipc.Server (Server.java:run(1713)) - IPC Server Responder: starting
2025-08-26 23:00:17,643 [IPC Server listener on 15029] INFO  ipc.Server (Server.java:run(1553)) - IPC Server listener on 15029: starting
2025-08-26 23:00:17,646 [ForkJoinPool-1-worker-1] INFO  ozone.MiniOzoneClusterImpl (MiniOzoneClusterImpl.java:lambda$waitForClusterToBeReady$0(181)) - Waiting for nodes to be ready. Got 0 of 1 DN Heartbeats.
2025-08-26 23:00:17,646 [ForkJoinPool-1-worker-1] INFO  ozone.MiniOzoneClusterImpl (MiniOzoneClusterImpl.java:lambda$waitForClusterToBeReady$0(184)) - Waiting for cluster to exit safe mode
2025-08-26 23:00:17,646 [ForkJoinPool-1-worker-1] INFO  ozone.MiniOzoneClusterImpl (MiniOzoneClusterImpl.java:lambda$waitForClusterToBeReady$0(186)) - SCM became leader
2025-08-26 23:00:17,647 [98e2c854-04e9-4772-8b00-88abbcf17f0b-DatanodeStateMachineDaemonThread] INFO  statemachine.DatanodeStateMachine (DatanodeStateMachine.java:startStateMachineThread(347)) - Ozone container server started.
2025-08-26 23:00:17,653 [98e2c854-04e9-4772-8b00-88abbcf17f0b-DatanodeStateMachineTaskThread-0] INFO  datanode.InitDatanodeState (InitDatanodeState.java:persistContainerDatanodeDetails(139)) - DatanodeDetails is persisted to /home/runner/work/ozone/ozone/hadoop-ozone/integration-test/target/test-dir/MiniOzoneClusterImpl-89d78760-19a1-47e7-a3d8-9e4bc186c3c1/ozone-metadata/datanode-1/ozone-metadata/datanode.id
2025-08-26 23:00:18,180 [98e2c854-04e9-4772-8b00-88abbcf17f0b-EndpointStateMachineTaskThread-/0.0.0.0:15020-0 ] INFO  utils.DatanodeStoreCache (DatanodeStoreCache.java:addDB(70)) - Added db /home/runner/work/ozone/ozone/hadoop-ozone/integration-test/target/test-dir/MiniOzoneClusterImpl-89d78760-19a1-47e7-a3d8-9e4bc186c3c1/ozone-metadata/datanode-1/data-0/hdds/89d78760-19a1-47e7-a3d8-9e4bc186c3c1/DS-a00336cd-cff1-4089-9bca-22cac84b4241/container.db to cache
2025-08-26 23:00:18,180 [98e2c854-04e9-4772-8b00-88abbcf17f0b-EndpointStateMachineTaskThread-/0.0.0.0:15020-0 ] INFO  volume.HddsVolume (HddsVolume.java:createDbStore(576)) - SchemaV3 db is created and loaded at /home/runner/work/ozone/ozone/hadoop-ozone/integration-test/target/test-dir/MiniOzoneClusterImpl-89d78760-19a1-47e7-a3d8-9e4bc186c3c1/ozone-metadata/datanode-1/data-0/hdds/89d78760-19a1-47e7-a3d8-9e4bc186c3c1/DS-a00336cd-cff1-4089-9bca-22cac84b4241/container.db for volume DS-a00336cd-cff1-4089-9bca-22cac84b4241
2025-08-26 23:00:18,183 [98e2c854-04e9-4772-8b00-88abbcf17f0b-ContainerReader-0] INFO  ozoneimpl.ContainerReader (ContainerReader.java:readVolume(147)) - Start to verify containers on volume /home/runner/work/ozone/ozone/hadoop-ozone/integration-test/target/test-dir/MiniOzoneClusterImpl-89d78760-19a1-47e7-a3d8-9e4bc186c3c1/ozone-metadata/datanode-1/data-0/hdds
2025-08-26 23:00:18,183 [98e2c854-04e9-4772-8b00-88abbcf17f0b-ContainerReader-0] INFO  ozoneimpl.ContainerReader (ContainerReader.java:readVolume(177)) - Finish verifying containers on volume /home/runner/work/ozone/ozone/hadoop-ozone/integration-test/target/test-dir/MiniOzoneClusterImpl-89d78760-19a1-47e7-a3d8-9e4bc186c3c1/ozone-metadata/datanode-1/data-0/hdds
2025-08-26 23:00:18,184 [98e2c854-04e9-4772-8b00-88abbcf17f0b-EndpointStateMachineTaskThread-/0.0.0.0:15020-0 ] INFO  ozoneimpl.OzoneContainer (OzoneContainer.java:buildContainerSet(370)) - Build ContainerSet costs 0s
2025-08-26 23:00:18,184 [98e2c854-04e9-4772-8b00-88abbcf17f0b-EndpointStateMachineTaskThread-/0.0.0.0:15020-0 ] INFO  volume.ThrottledAsyncChecker (ThrottledAsyncChecker.java:schedule(138)) - Scheduling a check for /home/runner/work/ozone/ozone/hadoop-ozone/integration-test/target/test-dir/MiniOzoneClusterImpl-89d78760-19a1-47e7-a3d8-9e4bc186c3c1/ozone-metadata/datanode-1/data-0/hdds
2025-08-26 23:00:18,184 [98e2c854-04e9-4772-8b00-88abbcf17f0b-EndpointStateMachineTaskThread-/0.0.0.0:15020-0 ] INFO  volume.StorageVolumeChecker (StorageVolumeChecker.java:checkAllVolumes(231)) - Scheduled health check for volume /home/runner/work/ozone/ozone/hadoop-ozone/integration-test/target/test-dir/MiniOzoneClusterImpl-89d78760-19a1-47e7-a3d8-9e4bc186c3c1/ozone-metadata/datanode-1/data-0/hdds
2025-08-26 23:00:18,188 [98e2c854-04e9-4772-8b00-88abbcf17f0b-EndpointStateMachineTaskThread-/0.0.0.0:15020-0 ] INFO  volume.ThrottledAsyncChecker (ThrottledAsyncChecker.java:schedule(138)) - Scheduling a check for /home/runner/work/ozone/ozone/hadoop-ozone/integration-test/target/test-dir/MiniOzoneClusterImpl-89d78760-19a1-47e7-a3d8-9e4bc186c3c1/ozone-metadata/datanode-1/ratis
2025-08-26 23:00:18,188 [98e2c854-04e9-4772-8b00-88abbcf17f0b-EndpointStateMachineTaskThread-/0.0.0.0:15020-0 ] INFO  volume.StorageVolumeChecker (StorageVolumeChecker.java:checkAllVolumes(231)) - Scheduled health check for volume /home/runner/work/ozone/ozone/hadoop-ozone/integration-test/target/test-dir/MiniOzoneClusterImpl-89d78760-19a1-47e7-a3d8-9e4bc186c3c1/ozone-metadata/datanode-1/ratis
2025-08-26 23:00:18,189 [98e2c854-04e9-4772-8b00-88abbcf17f0b-EndpointStateMachineTaskThread-/0.0.0.0:15020-0 ] INFO  ozoneimpl.OzoneContainer (OzoneContainer.java:start(525)) - Attempting to start container services.
2025-08-26 23:00:18,190 [ContainerMetadataScanner] INFO  ozoneimpl.AbstractBackgroundContainerScanner (AbstractBackgroundContainerScanner.java:runIteration(89)) - Completed an iteration in 0 minutes. Number of iterations (since the data-node restart) : 1, Number of containers scanned in this iteration : 0, Number of unhealthy containers found in this iteration : 0
2025-08-26 23:00:18,190 [ContainerDataScanner(/home/runner/work/ozone/ozone/hadoop-ozone/integration-test/target/test-dir/MiniOzoneClusterImpl-89d78760-19a1-47e7-a3d8-9e4bc186c3c1/ozone-metadata/datanode-1/data-0/hdds)] INFO  ozoneimpl.AbstractBackgroundContainerScanner (AbstractBackgroundContainerScanner.java:runIteration(89)) - Completed an iteration in 0 minutes. Number of iterations (since the data-node restart) : 1, Number of containers scanned in this iteration : 0, Number of unhealthy containers found in this iteration : 0
2025-08-26 23:00:18,191 [98e2c854-04e9-4772-8b00-88abbcf17f0b-EndpointStateMachineTaskThread-/0.0.0.0:15020-0 ] INFO  replication.ReplicationServer (ReplicationServer.java:start(137)) - ReplicationServer is started using port 15035
2025-08-26 23:00:18,191 [98e2c854-04e9-4772-8b00-88abbcf17f0b-EndpointStateMachineTaskThread-/0.0.0.0:15020-0 ] INFO  ratis.XceiverServerRatis (XceiverServerRatis.java:start(562)) - Starting XceiverServerRatis(98e2c854-04e9-4772-8b00-88abbcf17f0b)
2025-08-26 23:00:18,192 [98e2c854-04e9-4772-8b00-88abbcf17f0b-EndpointStateMachineTaskThread-/0.0.0.0:15020-0 ] INFO  server.RaftServer (RaftServerProxy.java:startImpl(412)) - 98e2c854-04e9-4772-8b00-88abbcf17f0b: start RPC server
2025-08-26 23:00:18,193 [98e2c854-04e9-4772-8b00-88abbcf17f0b-EndpointStateMachineTaskThread-/0.0.0.0:15020-0 ] INFO  server.GrpcServicesImpl (GrpcServicesImpl.java:startImpl(346)) - 98e2c854-04e9-4772-8b00-88abbcf17f0b: GrpcServicesImpl started, listening on 15031
2025-08-26 23:00:18,193 [98e2c854-04e9-4772-8b00-88abbcf17f0b-EndpointStateMachineTaskThread-/0.0.0.0:15020-0 ] INFO  server.GrpcServicesImpl (GrpcServicesImpl.java:startImpl(346)) - 98e2c854-04e9-4772-8b00-88abbcf17f0b: GrpcServicesImpl started, listening on 15033
2025-08-26 23:00:18,193 [98e2c854-04e9-4772-8b00-88abbcf17f0b-EndpointStateMachineTaskThread-/0.0.0.0:15020-0 ] INFO  server.GrpcServicesImpl (GrpcServicesImpl.java:startImpl(346)) - 98e2c854-04e9-4772-8b00-88abbcf17f0b: GrpcServicesImpl started, listening on 15032
2025-08-26 23:00:18,194 [98e2c854-04e9-4772-8b00-88abbcf17f0b-EndpointStateMachineTaskThread-/0.0.0.0:15020-0 ] INFO  ratis.XceiverServerRatis (XceiverServerRatis.java:getRealPort(589)) - XceiverServerRatis(98e2c854-04e9-4772-8b00-88abbcf17f0b) is started using port RATIS=15031
2025-08-26 23:00:18,194 [98e2c854-04e9-4772-8b00-88abbcf17f0b-EndpointStateMachineTaskThread-/0.0.0.0:15020-0 ] INFO  ratis.XceiverServerRatis (XceiverServerRatis.java:getRealPort(589)) - XceiverServerRatis(98e2c854-04e9-4772-8b00-88abbcf17f0b) is started using port RATIS_ADMIN=15032
2025-08-26 23:00:18,194 [98e2c854-04e9-4772-8b00-88abbcf17f0b-EndpointStateMachineTaskThread-/0.0.0.0:15020-0 ] INFO  ratis.XceiverServerRatis (XceiverServerRatis.java:getRealPort(589)) - XceiverServerRatis(98e2c854-04e9-4772-8b00-88abbcf17f0b) is started using port RATIS_SERVER=15033
2025-08-26 23:00:18,194 [98e2c854-04e9-4772-8b00-88abbcf17f0b-EndpointStateMachineTaskThread-/0.0.0.0:15020-0 ] INFO  ratis.XceiverServerRatis (XceiverServerRatis.java:getRealPort(589)) - XceiverServerRatis(98e2c854-04e9-4772-8b00-88abbcf17f0b) is started using port RATIS_DATASTREAM=15034
2025-08-26 23:00:18,195 [JvmPauseMonitor7] INFO  util.JvmPauseMonitor (JvmPauseMonitor.java:run(146)) - JvmPauseMonitor-98e2c854-04e9-4772-8b00-88abbcf17f0b: Started
2025-08-26 23:00:18,195 [98e2c854-04e9-4772-8b00-88abbcf17f0b-EndpointStateMachineTaskThread-/0.0.0.0:15020-0 ] INFO  utils.BackgroundService (BackgroundService.java:start(119)) - Starting service BlockDeletingService with interval 60000 milliseconds
2025-08-26 23:00:18,195 [98e2c854-04e9-4772-8b00-88abbcf17f0b-EndpointStateMachineTaskThread-/0.0.0.0:15020-0 ] INFO  utils.BackgroundService (BackgroundService.java:start(119)) - Starting service StaleRecoveringContainerScrubbingService with interval 60000 milliseconds
2025-08-26 23:00:18,646 [ForkJoinPool-1-worker-1] INFO  ozone.MiniOzoneClusterImpl (MiniOzoneClusterImpl.java:lambda$waitForClusterToBeReady$0(181)) - Waiting for nodes to be ready. Got 0 of 1 DN Heartbeats.
2025-08-26 23:00:18,646 [ForkJoinPool-1-worker-1] INFO  ozone.MiniOzoneClusterImpl (MiniOzoneClusterImpl.java:lambda$waitForClusterToBeReady$0(184)) - Waiting for cluster to exit safe mode
2025-08-26 23:00:18,646 [ForkJoinPool-1-worker-1] INFO  ozone.MiniOzoneClusterImpl (MiniOzoneClusterImpl.java:lambda$waitForClusterToBeReady$0(186)) - SCM became leader
2025-08-26 23:00:18,649 [IPC Server handler 0 on default port 15020] INFO  net.NetworkTopologyImpl (NetworkTopologyImpl.java:add(133)) - Added a new node: /default-rack/98e2c854-04e9-4772-8b00-88abbcf17f0b
2025-08-26 23:00:18,650 [IPC Server handler 0 on default port 15020] INFO  node.SCMNodeManager (SCMNodeManager.java:register(423)) - Registered datanode: 98e2c854-04e9-4772-8b00-88abbcf17f0b{ip: 127.0.0.1, host: localhost, ports: [HTTP=15028, CLIENT_RPC=15029, REPLICATION=15035, RATIS=15031, RATIS_ADMIN=15032, RATIS_SERVER=15033, RATIS_DATASTREAM=15034, STANDALONE=15030], networkLocation: /default-rack, certSerialId: null, persistedOpState: null, persistedOpStateExpiryEpochSec: 0}
2025-08-26 23:00:18,650 [EventQueue-NewNodeForNewNodeHandler] INFO  pipeline.BackgroundPipelineCreator (BackgroundPipelineCreator.java:notifyEventTriggered(290)) - trigger a one-shot run on RatisPipelineUtilsThread.
2025-08-26 23:00:18,651 [EventQueue-NodeRegistrationContainerReportForDataNodeSafeModeRule] INFO  safemode.SCMSafeModeManager (DataNodeSafeModeRule.java:process(80)) - SCM in safe mode. 1 DataNodes registered, 1 required.
2025-08-26 23:00:18,651 [EventQueue-PipelineReportForOneReplicaPipelineSafeModeRule] INFO  safemode.SCMSafeModeManager (SCMSafeModeManager.java:validateSafeModeExitRules(138)) - AtleastOneDatanodeReportedRule rule is successfully validated
2025-08-26 23:00:18,651 [RatisPipelineUtilsThread-0] INFO  pipeline.RatisPipelineProvider (RatisPipelineProvider.java:lambda$create$0(208)) - Sending CreatePipelineCommand for pipeline:Pipeline-e576cdae-d877-42c4-ac1f-12dd68b65f83 to datanode:98e2c854-04e9-4772-8b00-88abbcf17f0b(localhost/127.0.0.1)
2025-08-26 23:00:18,652 [EventQueue-ContainerRegistrationReportForECContainerSafeModeRule] INFO  safemode.SCMSafeModeManager (SCMSafeModeManager.java:validateSafeModeExitRules(138)) - ECContainerSafeModeRule rule is successfully validated
2025-08-26 23:00:18,652 [EventQueue-NodeRegistrationContainerReportForDataNodeSafeModeRule] INFO  safemode.SCMSafeModeManager (SCMSafeModeManager.java:validateSafeModeExitRules(138)) - DataNodeSafeModeRule rule is successfully validated
2025-08-26 23:00:18,652 [EventQueue-NodeRegistrationContainerReportForDataNodeSafeModeRule] INFO  safemode.SCMSafeModeManager (SCMSafeModeManager.java:validateSafeModeExitRules(151)) - All SCM safe mode pre check rules have passed
2025-08-26 23:00:18,652 [EventQueue-NodeRegistrationContainerReportForDataNodeSafeModeRule] INFO  ha.SCMContext (SCMContext.java:updateSafeModeStatus(224)) - Update SafeModeStatus from SafeModeStatus{safeModeStatus=true, preCheckPassed=false} to SafeModeStatus{safeModeStatus=true, preCheckPassed=true}.
2025-08-26 23:00:18,652 [EventQueue-NodeRegistrationContainerReportForDataNodeSafeModeRule] INFO  pipeline.BackgroundPipelineCreator (BackgroundPipelineCreator.java:notifyEventTriggered(290)) - trigger a one-shot run on RatisPipelineUtilsThread.
2025-08-26 23:00:18,652 [EventQueue-ContainerRegistrationReportForRatisContainerSafeModeRule] INFO  safemode.SCMSafeModeManager (SCMSafeModeManager.java:validateSafeModeExitRules(138)) - RatisContainerSafeModeRule rule is successfully validated
2025-08-26 23:00:18,657 [7891d67e-4097-47f0-8a45-d6536c3f07d1@group-9E4BC186C3C1-StateMachineUpdater] INFO  safemode.SCMSafeModeManager (SCMSafeModeManager.java:validateSafeModeExitRules(138)) - DataNodeSafeModeRule rule is successfully validated
2025-08-26 23:00:18,657 [7891d67e-4097-47f0-8a45-d6536c3f07d1@group-9E4BC186C3C1-StateMachineUpdater] INFO  safemode.SCMSafeModeManager (SCMSafeModeManager.java:validateSafeModeExitRules(138)) - RatisContainerSafeModeRule rule is successfully validated
2025-08-26 23:00:18,657 [7891d67e-4097-47f0-8a45-d6536c3f07d1@group-9E4BC186C3C1-StateMachineUpdater] INFO  safemode.SCMSafeModeManager (SCMSafeModeManager.java:validateSafeModeExitRules(138)) - HealthyPipelineSafeModeRule rule is successfully validated
2025-08-26 23:00:18,657 [7891d67e-4097-47f0-8a45-d6536c3f07d1@group-9E4BC186C3C1-StateMachineUpdater] INFO  safemode.SCMSafeModeManager (SCMSafeModeManager.java:validateSafeModeExitRules(158)) - ScmSafeModeManager, all rules are successfully validated
2025-08-26 23:00:18,657 [7891d67e-4097-47f0-8a45-d6536c3f07d1@group-9E4BC186C3C1-StateMachineUpdater] INFO  safemode.SCMSafeModeManager (SCMSafeModeManager.java:validateSafeModeExitRules(159)) - SCM exiting safe mode.
2025-08-26 23:00:18,657 [7891d67e-4097-47f0-8a45-d6536c3f07d1@group-9E4BC186C3C1-StateMachineUpdater] INFO  ha.SCMContext (SCMContext.java:updateSafeModeStatus(224)) - Update SafeModeStatus from SafeModeStatus{safeModeStatus=true, preCheckPassed=true} to SafeModeStatus{safeModeStatus=false, preCheckPassed=true}.
2025-08-26 23:00:18,657 [7891d67e-4097-47f0-8a45-d6536c3f07d1@group-9E4BC186C3C1-StateMachineUpdater] INFO  BackgroundPipelineScrubber (BackgroundSCMService.java:notifyStatusChanged(78)) - Service BackgroundPipelineScrubber transitions to RUNNING.
2025-08-26 23:00:18,657 [7891d67e-4097-47f0-8a45-d6536c3f07d1@group-9E4BC186C3C1-StateMachineUpdater] INFO  ExpiredContainerReplicaOpScrubber (BackgroundSCMService.java:notifyStatusChanged(78)) - Service ExpiredContainerReplicaOpScrubber transitions to RUNNING.
2025-08-26 23:00:18,657 [7891d67e-4097-47f0-8a45-d6536c3f07d1@group-9E4BC186C3C1-StateMachineUpdater] INFO  block.SCMBlockDeletingService (SCMBlockDeletingService.java:notifyStatusChanged(265)) - notifyStatusChanged:RUNNING
2025-08-26 23:00:18,657 [7891d67e-4097-47f0-8a45-d6536c3f07d1@group-9E4BC186C3C1-StateMachineUpdater] INFO  replication.ReplicationManager (ReplicationManager.java:notifyStatusChanged(1389)) - Service ReplicationManager transitions to RUNNING.
2025-08-26 23:00:18,658 [7891d67e-4097-47f0-8a45-d6536c3f07d1@group-9E4BC186C3C1-StateMachineUpdater] WARN  balancer.ContainerBalancer (ContainerBalancer.java:shouldRun(136)) - Could not find persisted configuration for ContainerBalancer when checking if ContainerBalancer should run. ContainerBalancer should not run now.
2025-08-26 23:00:18,658 [7891d67e-4097-47f0-8a45-d6536c3f07d1@group-9E4BC186C3C1-StateMachineUpdater] INFO  SCMHATransactionMonitor (BackgroundSCMService.java:notifyStatusChanged(78)) - Service SCMHATransactionMonitor transitions to RUNNING.
2025-08-26 23:00:18,658 [RatisPipelineUtilsThread-0] INFO  pipeline.BackgroundPipelineCreator (BackgroundPipelineCreator.java:createPipelines(246)) - Created new pipeline Pipeline{ Id: e576cdae-d877-42c4-ac1f-12dd68b65f83, Nodes: [ {98e2c854-04e9-4772-8b00-88abbcf17f0b(localhost/127.0.0.1), ReplicaIndex: 0},], ReplicationConfig: RATIS/ONE, State:ALLOCATED, leaderId:, CreationTimestamp2025-08-26T23:00:18.651375664Z[Etc/UTC]}
2025-08-26 23:00:19,647 [ForkJoinPool-1-worker-1] INFO  ozone.MiniOzoneClusterImpl (MiniOzoneClusterImpl.java:lambda$waitForClusterToBeReady$0(181)) - Nodes are ready. Got 1 of 1 DN Heartbeats.
2025-08-26 23:00:19,647 [ForkJoinPool-1-worker-1] INFO  ozone.MiniOzoneClusterImpl (MiniOzoneClusterImpl.java:lambda$waitForClusterToBeReady$0(184)) - Cluster exits safe mode
2025-08-26 23:00:19,647 [ForkJoinPool-1-worker-1] INFO  ozone.MiniOzoneClusterImpl (MiniOzoneClusterImpl.java:lambda$waitForClusterToBeReady$0(186)) - SCM became leader
2025-08-26 23:00:20,348 [98e2c854-04e9-4772-8b00-88abbcf17f0b-PipelineCommandHandlerThread-0] INFO  server.RaftServer (RaftServerProxy.java:addNew(105)) - 98e2c854-04e9-4772-8b00-88abbcf17f0b: addNew group-12DD68B65F83:[98e2c854-04e9-4772-8b00-88abbcf17f0b|127.0.0.1:15033] returns group-12DD68B65F83:java.util.concurrent.CompletableFuture@7bdf97e8[Not completed]
2025-08-26 23:00:20,350 [98e2c854-04e9-4772-8b00-88abbcf17f0b-groupManagement] INFO  server.RaftServer$Division (RaftServerImpl.java:<init>(268)) - 98e2c854-04e9-4772-8b00-88abbcf17f0b: new RaftServerImpl for group-12DD68B65F83:[98e2c854-04e9-4772-8b00-88abbcf17f0b|127.0.0.1:15033] with ContainerStateMachine:uninitialized
2025-08-26 23:00:20,350 [98e2c854-04e9-4772-8b00-88abbcf17f0b-groupManagement] INFO  server.RaftServerConfigKeys (ConfUtils.java:logGet(62)) - raft.server.rpc.timeout.min = 5s (custom)
2025-08-26 23:00:20,351 [98e2c854-04e9-4772-8b00-88abbcf17f0b-groupManagement] INFO  server.RaftServerConfigKeys (ConfUtils.java:logGet(62)) - raft.server.rpc.timeout.max = 5200ms (custom)
2025-08-26 23:00:20,351 [98e2c854-04e9-4772-8b00-88abbcf17f0b-groupManagement] INFO  server.RaftServerConfigKeys (ConfUtils.java:logGet(62)) - raft.server.rpc.slowness.timeout = 300s (custom)
2025-08-26 23:00:20,351 [98e2c854-04e9-4772-8b00-88abbcf17f0b-groupManagement] INFO  server.RaftServer$Division (ServerState.java:<init>(114)) - 98e2c854-04e9-4772-8b00-88abbcf17f0b@group-12DD68B65F83: ConfigurationManager, init=conf: {index: -1, cur=peers:[98e2c854-04e9-4772-8b00-88abbcf17f0b|127.0.0.1:15033]|listeners:[], old=null}, confs=<EMPTY_MAP>
2025-08-26 23:00:20,351 [98e2c854-04e9-4772-8b00-88abbcf17f0b-groupManagement] INFO  server.RaftServerConfigKeys (ConfUtils.java:logGet(62)) - raft.server.notification.no-leader.timeout = 300s (custom)
2025-08-26 23:00:20,351 [98e2c854-04e9-4772-8b00-88abbcf17f0b-groupManagement] INFO  server.RaftServerConfigKeys (ConfUtils.java:logGet(62)) - raft.server.retrycache.expirytime = 600000ms (custom)
2025-08-26 23:00:20,353 [98e2c854-04e9-4772-8b00-88abbcf17f0b-groupManagement] INFO  storage.RaftStorageDirectory (RaftStorageDirectoryImpl.java:analyzeStorage(138)) - The storage directory /home/runner/work/ozone/ozone/hadoop-ozone/integration-test/target/test-dir/MiniOzoneClusterImpl-89d78760-19a1-47e7-a3d8-9e4bc186c3c1/ozone-metadata/datanode-1/ratis/e576cdae-d877-42c4-ac1f-12dd68b65f83 does not exist. Creating ...
2025-08-26 23:00:20,354 [98e2c854-04e9-4772-8b00-88abbcf17f0b-groupManagement] INFO  storage.RaftStorageDirectory (RaftStorageDirectoryImpl.java:tryLock(229)) - Lock on /home/runner/work/ozone/ozone/hadoop-ozone/integration-test/target/test-dir/MiniOzoneClusterImpl-89d78760-19a1-47e7-a3d8-9e4bc186c3c1/ozone-metadata/datanode-1/ratis/e576cdae-d877-42c4-ac1f-12dd68b65f83/in_use.lock acquired by nodename 9091@localhost
2025-08-26 23:00:20,355 [98e2c854-04e9-4772-8b00-88abbcf17f0b-groupManagement] INFO  storage.RaftStorage (RaftStorageImpl.java:format(98)) - Storage directory /home/runner/work/ozone/ozone/hadoop-ozone/integration-test/target/test-dir/MiniOzoneClusterImpl-89d78760-19a1-47e7-a3d8-9e4bc186c3c1/ozone-metadata/datanode-1/ratis/e576cdae-d877-42c4-ac1f-12dd68b65f83 has been successfully formatted.
2025-08-26 23:00:20,356 [98e2c854-04e9-4772-8b00-88abbcf17f0b-groupManagement] INFO  ratis.ContainerStateMachine (ContainerStateMachine.java:initialize(339)) - 98e2c854-04e9-4772-8b00-88abbcf17f0b: initialize group-12DD68B65F83
2025-08-26 23:00:20,356 [98e2c854-04e9-4772-8b00-88abbcf17f0b-groupManagement] INFO  ratis.ContainerStateMachine (ContainerStateMachine.java:loadSnapshot(347)) - group-12DD68B65F83: The snapshot info is null. Setting the last applied index to:<INITIAL_VALUE>
2025-08-26 23:00:20,356 [98e2c854-04e9-4772-8b00-88abbcf17f0b-groupManagement] INFO  server.RaftServerConfigKeys (ConfUtils.java:logGet(62)) - raft.server.log.appender.buffer.byte-limit = 33554432 (custom)
2025-08-26 23:00:20,357 [98e2c854-04e9-4772-8b00-88abbcf17f0b-groupManagement] INFO  server.RaftServerConfigKeys (ConfUtils.java:logGet(62)) - raft.server.log.segment.size.max = 67108864 (custom)
2025-08-26 23:00:20,358 [98e2c854-04e9-4772-8b00-88abbcf17f0b-groupManagement] INFO  server.RaftServerConfigKeys (ConfUtils.java:logGet(62)) - raft.server.log.appender.buffer.byte-limit = 33554432 (custom)
2025-08-26 23:00:20,358 [98e2c854-04e9-4772-8b00-88abbcf17f0b-groupManagement] INFO  util.AwaitToRun (AwaitToRun.java:start(81)) - Thread[#1220,98e2c854-04e9-4772-8b00-88abbcf17f0b@group-12DD68B65F83-cacheEviction-AwaitToRun,5,main] started
2025-08-26 23:00:20,358 [98e2c854-04e9-4772-8b00-88abbcf17f0b-groupManagement] INFO  segmented.SegmentedRaftLogWorker (SegmentedRaftLogWorker.java:<init>(190)) - new 98e2c854-04e9-4772-8b00-88abbcf17f0b@group-12DD68B65F83-SegmentedRaftLogWorker for RaftStorageImpl:Storage Directory /home/runner/work/ozone/ozone/hadoop-ozone/integration-test/target/test-dir/MiniOzoneClusterImpl-89d78760-19a1-47e7-a3d8-9e4bc186c3c1/ozone-metadata/datanode-1/ratis/e576cdae-d877-42c4-ac1f-12dd68b65f83
2025-08-26 23:00:20,358 [98e2c854-04e9-4772-8b00-88abbcf17f0b-groupManagement] INFO  server.RaftServerConfigKeys (ConfUtils.java:logGet(62)) - raft.server.log.queue.byte-limit = 4294967296 (custom)
2025-08-26 23:00:20,358 [98e2c854-04e9-4772-8b00-88abbcf17f0b-groupManagement] INFO  server.RaftServerConfigKeys (ConfUtils.java:logGet(62)) - raft.server.log.queue.element-limit = 1024 (custom)
2025-08-26 23:00:20,358 [98e2c854-04e9-4772-8b00-88abbcf17f0b-groupManagement] INFO  server.RaftServerConfigKeys (ConfUtils.java:logGet(62)) - raft.server.log.segment.size.max = 67108864 (custom)
2025-08-26 23:00:20,358 [98e2c854-04e9-4772-8b00-88abbcf17f0b-groupManagement] INFO  server.RaftServerConfigKeys (ConfUtils.java:logGet(62)) - raft.server.log.preallocated.size = 4194304 (custom)
2025-08-26 23:00:20,359 [98e2c854-04e9-4772-8b00-88abbcf17f0b-groupManagement] INFO  server.RaftServerConfigKeys (ConfUtils.java:logGet(62)) - raft.server.log.statemachine.data.sync.timeout.retry = 30 (custom)
2025-08-26 23:00:20,359 [98e2c854-04e9-4772-8b00-88abbcf17f0b-groupManagement] INFO  server.RaftServerConfigKeys (ConfUtils.java:logGet(62)) - raft.server.log.write.buffer.size = 33554440 (custom)
2025-08-26 23:00:20,361 [EventQueue-PipelineReportForPipelineReportHandler] INFO  pipeline.PipelineReportHandler (PipelineReportHandler.java:processPipelineReport(134)) - Opened pipeline Pipeline-e576cdae-d877-42c4-ac1f-12dd68b65f83
2025-08-26 23:00:20,363 [98e2c854-04e9-4772-8b00-88abbcf17f0b-groupManagement] INFO  server.RaftServerConfigKeys (ConfUtils.java:logGet(62)) - raft.server.log.appender.buffer.byte-limit = 33554432 (custom)
2025-08-26 23:00:20,363 [98e2c854-04e9-4772-8b00-88abbcf17f0b-groupManagement] INFO  server.RaftServerConfigKeys (ConfUtils.java:logGet(62)) - raft.server.log.statemachine.data.caching.enabled = true (custom)
2025-08-26 23:00:20,364 [98e2c854-04e9-4772-8b00-88abbcf17f0b-groupManagement] INFO  segmented.SegmentedRaftLogWorker (SegmentedRaftLogWorker.java:lambda$new$0(141)) - 98e2c854-04e9-4772-8b00-88abbcf17f0b@group-12DD68B65F83-SegmentedRaftLogWorker: flushIndex: setUnconditionally 0 -> -1
2025-08-26 23:00:20,364 [98e2c854-04e9-4772-8b00-88abbcf17f0b-groupManagement] INFO  segmented.SegmentedRaftLogWorker (SegmentedRaftLogWorker.java:lambda$new$0(141)) - 98e2c854-04e9-4772-8b00-88abbcf17f0b@group-12DD68B65F83-SegmentedRaftLogWorker: safeCacheEvictIndex: setUnconditionally 0 -> -1
2025-08-26 23:00:20,364 [98e2c854-04e9-4772-8b00-88abbcf17f0b-groupManagement] INFO  server.RaftServer$Division (RaftServerImpl.java:start(405)) - 98e2c854-04e9-4772-8b00-88abbcf17f0b@group-12DD68B65F83: start as a follower, conf=conf: {index: -1, cur=peers:[98e2c854-04e9-4772-8b00-88abbcf17f0b|127.0.0.1:15033]|listeners:[], old=null}
2025-08-26 23:00:20,364 [98e2c854-04e9-4772-8b00-88abbcf17f0b-groupManagement] INFO  server.RaftServer$Division (RaftServerImpl.java:setRole(392)) - 98e2c854-04e9-4772-8b00-88abbcf17f0b@group-12DD68B65F83: changes role from      null to FOLLOWER at term 0 for startAsFollower
2025-08-26 23:00:20,364 [98e2c854-04e9-4772-8b00-88abbcf17f0b-groupManagement] INFO  impl.RoleInfo (RoleInfo.java:updateAndGet(148)) - 98e2c854-04e9-4772-8b00-88abbcf17f0b: start 98e2c854-04e9-4772-8b00-88abbcf17f0b@group-12DD68B65F83-FollowerState
2025-08-26 23:00:20,365 [98e2c854-04e9-4772-8b00-88abbcf17f0b-groupManagement] INFO  util.JmxRegister (JmxRegister.java:tryRegister(44)) - Successfully registered JMX Bean with object name Ratis:service=RaftServer,group=group-12DD68B65F83,id=98e2c854-04e9-4772-8b00-88abbcf17f0b
2025-08-26 23:00:20,365 [98e2c854-04e9-4772-8b00-88abbcf17f0b-groupManagement] INFO  util.JmxRegister (JmxRegister.java:register(58)) - register mxBean class org.apache.ratis.server.impl.RaftServerJmxAdapter as Ratis:service=RaftServer,group=group-12DD68B65F83,id=98e2c854-04e9-4772-8b00-88abbcf17f0b
2025-08-26 23:00:20,365 [98e2c854-04e9-4772-8b00-88abbcf17f0b-groupManagement] INFO  server.RaftServerConfigKeys (ConfUtils.java:logGet(62)) - raft.server.snapshot.auto.trigger.threshold = 1 (custom)
2025-08-26 23:00:20,365 [98e2c854-04e9-4772-8b00-88abbcf17f0b-groupManagement] INFO  server.RaftServerConfigKeys (ConfUtils.java:logGet(62)) - raft.server.snapshot.retention.file.num = 5 (custom)
2025-08-26 23:00:20,365 [98e2c854-04e9-4772-8b00-88abbcf17f0b-groupManagement] INFO  server.RaftServerConfigKeys (ConfUtils.java:logGet(62)) - raft.server.log.purge.upto.snapshot.index = false (default)
2025-08-26 23:00:20,366 [98e2c854-04e9-4772-8b00-88abbcf17f0b-groupManagement] INFO  server.RaftServer$Division (RaftServerImpl.java:start(419)) - 98e2c854-04e9-4772-8b00-88abbcf17f0b@group-12DD68B65F83: Successfully started.
2025-08-26 23:00:20,366 [98e2c854-04e9-4772-8b00-88abbcf17f0b-PipelineCommandHandlerThread-0] INFO  ratis.XceiverServerRatis (XceiverServerRatis.java:addGroup(846)) - Created group Pipeline-e576cdae-d877-42c4-ac1f-12dd68b65f83
2025-08-26 23:00:20,366 [98e2c854-04e9-4772-8b00-88abbcf17f0b-PipelineCommandHandlerThread-0] INFO  commandhandler.CreatePipelineCommandHandler (CreatePipelineCommandHandler.java:lambda$handle$2(127)) - Created Pipeline RATIS ONE Pipeline-e576cdae-d877-42c4-ac1f-12dd68b65f83.
2025-08-26 23:00:20,647 [ForkJoinPool-1-worker-1] INFO  om.OzoneManager (OzoneManager.java:startSecretManager(1282)) - Starting OM delegation token secret manager
2025-08-26 23:00:20,647 [ForkJoinPool-1-worker-1] INFO  security.OzoneDelegationTokenSecretManager (OzoneSecretManager.java:updateCurrentKey(179)) - Updated current master key for generating tokens. Cert id 325238624750, Master key id 1
2025-08-26 23:00:20,648 [om1-ExpiredTokenRemover] INFO  security.OzoneDelegationTokenSecretManager (OzoneDelegationTokenSecretManager.java:run(649)) - Starting expired delegation token remover thread, tokenRemoverScanInterval=60 min(s)
2025-08-26 23:00:20,653 [ForkJoinPool-1-worker-1] INFO  rpc.RpcClient (RpcClient.java:createVolume(461)) - Creating Volume: testcontainerstatemachinefailures, with runner as owner and space quota set to -1 bytes, counts quota set to -1
2025-08-26 23:00:20,656 [om1-OMStateMachineApplyTransactionThread - 0] INFO  volume.OMVolumeCreateRequest (OMVolumeCreateRequest.java:validateAndUpdateCache(203)) - created volume:testcontainerstatemachinefailures for user:runner
2025-08-26 23:00:20,659 [ForkJoinPool-1-worker-1] INFO  rpc.RpcClient (RpcClient.java:createBucket(686)) - Creating Bucket: testcontainerstatemachinefailures/testcontainerstatemachinefailures, with server-side default bucket layout, runner as owner, Versioning false, Storage Type set to DISK and Encryption set to false, Replication Type set to server-side default replication type, Namespace Quota set to -1, Space Quota set to -1 
2025-08-26 23:00:20,661 [om1-OMStateMachineApplyTransactionThread - 0] INFO  bucket.OMBucketCreateRequest (OMBucketCreateRequest.java:validateAndUpdateCache(292)) - created bucket: testcontainerstatemachinefailures of layout FILE_SYSTEM_OPTIMIZED in volume: testcontainerstatemachinefailures
2025-08-26 23:00:20,706 [IPC Server handler 0 on default port 15019] INFO  ha.SequenceIdGenerator (SequenceIdGenerator.java:getNextId(135)) - Allocate a batch for containerId, change lastId from 0 to 1000.
2025-08-26 23:00:20,716 [7891d67e-4097-47f0-8a45-d6536c3f07d1@group-9E4BC186C3C1-StateMachineUpdater] WARN  ha.SequenceIdGenerator (SequenceIdGenerator.java:allocateBatch(248)) - Failed to allocate a batch for localId, expected lastId is 0, actual lastId is 115816896921600000.
2025-08-26 23:00:20,718 [IPC Server handler 0 on default port 15019] INFO  ha.SequenceIdGenerator (SequenceIdGenerator.java:getNextId(135)) - Allocate a batch for localId, change lastId from 115816896921600000 to 115816896921601000.
2025-08-26 23:00:20,794 [ForkJoinPool-1-worker-1] INFO  impl.MetricsSystemImpl (MetricsSystemImpl.java:init(158)) - XceiverClientMetrics metrics system started (again)
2025-08-26 23:00:21,114 [grpc-default-executor-0] ERROR impl.OrderedAsync (OrderedAsync.java:lambda$null$6(215)) -  client-6DB79F65E3DA: Failed* RaftClientRequest:client-6DB79F65E3DA->98e2c854-04e9-4772-8b00-88abbcf17f0b@group-12DD68B65F83, cid=1, seq=1*, Watch(0), null
java.util.concurrent.CompletionException: org.apache.ratis.protocol.exceptions.NotLeaderException: Server 98e2c854-04e9-4772-8b00-88abbcf17f0b@group-12DD68B65F83 is not the leader
	at java.base/java.util.concurrent.CompletableFuture.encodeThrowable(CompletableFuture.java:332)
	at java.base/java.util.concurrent.CompletableFuture.completeThrowable(CompletableFuture.java:347)
	at java.base/java.util.concurrent.CompletableFuture$UniAccept.tryFire(CompletableFuture.java:708)
	at java.base/java.util.concurrent.CompletableFuture.postComplete(CompletableFuture.java:510)
	at java.base/java.util.concurrent.CompletableFuture.completeExceptionally(CompletableFuture.java:2194)
	at org.apache.ratis.grpc.client.GrpcClientProtocolClient$AsyncStreamObservers.completeReplyExceptionally(GrpcClientProtocolClient.java:397)
	at org.apache.ratis.grpc.client.GrpcClientProtocolClient$AsyncStreamObservers.access$000(GrpcClientProtocolClient.java:303)
	at org.apache.ratis.grpc.client.GrpcClientProtocolClient$AsyncStreamObservers$1.onNext(GrpcClientProtocolClient.java:317)
	at org.apache.ratis.grpc.client.GrpcClientProtocolClient$AsyncStreamObservers$1.onNext(GrpcClientProtocolClient.java:308)
	at org.apache.ratis.thirdparty.io.grpc.stub.ClientCalls$StreamObserverToCallListenerAdapter.onMessage(ClientCalls.java:551)
	at org.apache.ratis.thirdparty.io.grpc.ForwardingClientCallListener.onMessage(ForwardingClientCallListener.java:33)
	at org.apache.ratis.thirdparty.io.grpc.internal.DelayedClientCall$DelayedListener.onMessage(DelayedClientCall.java:473)
	at org.apache.ratis.thirdparty.io.grpc.internal.ClientCallImpl$ClientStreamListenerImpl$1MessagesAvailable.runInternal(ClientCallImpl.java:661)
	at org.apache.ratis.thirdparty.io.grpc.internal.ClientCallImpl$ClientStreamListenerImpl$1MessagesAvailable.runInContext(ClientCallImpl.java:648)
	at org.apache.ratis.thirdparty.io.grpc.internal.ContextRunnable.run(ContextRunnable.java:37)
	at org.apache.ratis.thirdparty.io.grpc.internal.SerializingExecutor.run(SerializingExecutor.java:133)
	at java.base/java.util.concurrent.ThreadPoolExecutor.runWorker(ThreadPoolExecutor.java:1144)
	at java.base/java.util.concurrent.ThreadPoolExecutor$Worker.run(ThreadPoolExecutor.java:642)
	at java.base/java.lang.Thread.run(Thread.java:1583)
Caused by: org.apache.ratis.protocol.exceptions.NotLeaderException: Server 98e2c854-04e9-4772-8b00-88abbcf17f0b@group-12DD68B65F83 is not the leader
	at org.apache.ratis.client.impl.ClientProtoUtils.toRaftClientReply(ClientProtoUtils.java:402)
	at org.apache.ratis.grpc.client.GrpcClientProtocolClient$AsyncStreamObservers$1.onNext(GrpcClientProtocolClient.java:313)
	... 11 more
2025-08-26 23:00:21,441 [98e2c854-04e9-4772-8b00-88abbcf17f0b@group-12DD68B65F83-FollowerState] INFO  impl.FollowerState (FollowerState.java:runImpl(161)) - 98e2c854-04e9-4772-8b00-88abbcf17f0b@group-12DD68B65F83-FollowerState: change to CANDIDATE, lastRpcElapsedTime:1076404565ns, electionTimeout:1076ms
2025-08-26 23:00:21,441 [98e2c854-04e9-4772-8b00-88abbcf17f0b@group-12DD68B65F83-FollowerState] INFO  impl.RoleInfo (RoleInfo.java:shutdownFollowerState(121)) - 98e2c854-04e9-4772-8b00-88abbcf17f0b: shutdown 98e2c854-04e9-4772-8b00-88abbcf17f0b@group-12DD68B65F83-FollowerState
2025-08-26 23:00:21,441 [98e2c854-04e9-4772-8b00-88abbcf17f0b@group-12DD68B65F83-FollowerState] INFO  server.RaftServer$Division (RaftServerImpl.java:setRole(392)) - 98e2c854-04e9-4772-8b00-88abbcf17f0b@group-12DD68B65F83: changes role from  FOLLOWER to CANDIDATE at term 0 for changeToCandidate
2025-08-26 23:00:21,441 [98e2c854-04e9-4772-8b00-88abbcf17f0b@group-12DD68B65F83-FollowerState] INFO  impl.RoleInfo (RoleInfo.java:updateAndGet(148)) - 98e2c854-04e9-4772-8b00-88abbcf17f0b: start 98e2c854-04e9-4772-8b00-88abbcf17f0b@group-12DD68B65F83-LeaderElection8
2025-08-26 23:00:21,442 [98e2c854-04e9-4772-8b00-88abbcf17f0b@group-12DD68B65F83-LeaderElection8] INFO  impl.LeaderElection (LeaderElection.java:askForVotes(448)) - 98e2c854-04e9-4772-8b00-88abbcf17f0b@group-12DD68B65F83-LeaderElection8 PRE_VOTE round 0: submit vote requests at term 0 for conf: {index: -1, cur=peers:[98e2c854-04e9-4772-8b00-88abbcf17f0b|127.0.0.1:15033]|listeners:[], old=null}
2025-08-26 23:00:21,442 [98e2c854-04e9-4772-8b00-88abbcf17f0b@group-12DD68B65F83-LeaderElection8] INFO  impl.LeaderElection (LeaderElection.java:askForVotes(450)) - 98e2c854-04e9-4772-8b00-88abbcf17f0b@group-12DD68B65F83-LeaderElection8 PRE_VOTE round 0: result PASSED (term=0)
2025-08-26 23:00:21,443 [98e2c854-04e9-4772-8b00-88abbcf17f0b@group-12DD68B65F83-LeaderElection8] INFO  impl.LeaderElection (LeaderElection.java:askForVotes(448)) - 98e2c854-04e9-4772-8b00-88abbcf17f0b@group-12DD68B65F83-LeaderElection8 ELECTION round 0: submit vote requests at term 1 for conf: {index: -1, cur=peers:[98e2c854-04e9-4772-8b00-88abbcf17f0b|127.0.0.1:15033]|listeners:[], old=null}
2025-08-26 23:00:21,443 [98e2c854-04e9-4772-8b00-88abbcf17f0b@group-12DD68B65F83-LeaderElection8] INFO  impl.LeaderElection (LeaderElection.java:askForVotes(450)) - 98e2c854-04e9-4772-8b00-88abbcf17f0b@group-12DD68B65F83-LeaderElection8 ELECTION round 0: result PASSED (term=1)
2025-08-26 23:00:21,443 [98e2c854-04e9-4772-8b00-88abbcf17f0b@group-12DD68B65F83-LeaderElection8] INFO  impl.RoleInfo (RoleInfo.java:shutdownLeaderElection(141)) - 98e2c854-04e9-4772-8b00-88abbcf17f0b: shutdown 98e2c854-04e9-4772-8b00-88abbcf17f0b@group-12DD68B65F83-LeaderElection8
2025-08-26 23:00:21,443 [98e2c854-04e9-4772-8b00-88abbcf17f0b@group-12DD68B65F83-LeaderElection8] INFO  server.RaftServer$Division (RaftServerImpl.java:setRole(392)) - 98e2c854-04e9-4772-8b00-88abbcf17f0b@group-12DD68B65F83: changes role from CANDIDATE to LEADER at term 1 for changeToLeader
2025-08-26 23:00:21,444 [98e2c854-04e9-4772-8b00-88abbcf17f0b@group-12DD68B65F83-LeaderElection8] INFO  server.RaftServerConfigKeys (ConfUtils.java:logFallback(69)) - raft.server.staging.timeout = 15600ms (fallback to raft.server.rpc.timeout.max)
2025-08-26 23:00:21,444 [98e2c854-04e9-4772-8b00-88abbcf17f0b@group-12DD68B65F83-LeaderElection8] INFO  server.RaftServerConfigKeys (ConfUtils.java:logGet(62)) - raft.server.write.element-limit = 1024 (custom)
2025-08-26 23:00:21,444 [98e2c854-04e9-4772-8b00-88abbcf17f0b@group-12DD68B65F83-LeaderElection8] INFO  server.RaftServerConfigKeys (ConfUtils.java:logGet(62)) - raft.server.write.byte-limit = 1024 M (=1073741824) (custom)
2025-08-26 23:00:21,444 [98e2c854-04e9-4772-8b00-88abbcf17f0b@group-12DD68B65F83-LeaderElection8] INFO  server.RaftServerConfigKeys (ConfUtils.java:logGet(62)) - raft.server.watch.timeout = 30s (custom)
2025-08-26 23:00:21,445 [98e2c854-04e9-4772-8b00-88abbcf17f0b@group-12DD68B65F83-LeaderElection8] INFO  server.RaftServerConfigKeys (ConfUtils.java:logGet(62)) - raft.server.log.log-metadata.enabled = true (default)
2025-08-26 23:00:21,445 [98e2c854-04e9-4772-8b00-88abbcf17f0b@group-12DD68B65F83-LeaderElection8] INFO  impl.RoleInfo (RoleInfo.java:updateAndGet(148)) - 98e2c854-04e9-4772-8b00-88abbcf17f0b: start 98e2c854-04e9-4772-8b00-88abbcf17f0b@group-12DD68B65F83-LeaderStateImpl
2025-08-26 23:00:21,445 [98e2c854-04e9-4772-8b00-88abbcf17f0b@group-12DD68B65F83-LeaderElection8] INFO  server.RaftServer$Division (RaftServerImpl.java:setFirstElection(576)) - 98e2c854-04e9-4772-8b00-88abbcf17f0b@group-12DD68B65F83: set firstElectionSinceStartup to false for becomeLeader
2025-08-26 23:00:21,445 [98e2c854-04e9-4772-8b00-88abbcf17f0b@group-12DD68B65F83-LeaderElection8] INFO  ratis.XceiverServerRatis (XceiverServerRatis.java:handleLeaderChangedNotification(947)) - Leader change notification received for group: group-12DD68B65F83 with new leaderId: 98e2c854-04e9-4772-8b00-88abbcf17f0b
2025-08-26 23:00:21,445 [98e2c854-04e9-4772-8b00-88abbcf17f0b@group-12DD68B65F83-LeaderElection8] INFO  server.RaftServer$Division (ServerState.java:setLeader(272)) - 98e2c854-04e9-4772-8b00-88abbcf17f0b@group-12DD68B65F83: change Leader from null to 98e2c854-04e9-4772-8b00-88abbcf17f0b at term 1 for becomeLeader, leader elected after 1094ms
2025-08-26 23:00:21,446 [98e2c854-04e9-4772-8b00-88abbcf17f0b@group-12DD68B65F83-LeaderElection8] INFO  segmented.SegmentedRaftLogWorker (SegmentedRaftLogWorker.java:startLogSegment(440)) - 98e2c854-04e9-4772-8b00-88abbcf17f0b@group-12DD68B65F83-SegmentedRaftLogWorker: Starting segment from index:0
2025-08-26 23:00:21,446 [98e2c854-04e9-4772-8b00-88abbcf17f0b@group-12DD68B65F83-LeaderElection8] INFO  server.RaftServer$Division (ServerState.java:setRaftConf(386)) - 98e2c854-04e9-4772-8b00-88abbcf17f0b@group-12DD68B65F83: set configuration conf: {index: 0, cur=peers:[98e2c854-04e9-4772-8b00-88abbcf17f0b|127.0.0.1:15033]|listeners:[], old=null}
2025-08-26 23:00:21,446 [98e2c854-04e9-4772-8b00-88abbcf17f0b@group-12DD68B65F83-SegmentedRaftLogWorker] INFO  segmented.BufferedWriteChannel (BufferedWriteChannel.java:open(61)) - open log_inprogress_0 at position 0
2025-08-26 23:00:21,454 [98e2c854-04e9-4772-8b00-88abbcf17f0b@group-12DD68B65F83-SegmentedRaftLogWorker] INFO  segmented.SegmentedRaftLogWorker (SegmentedRaftLogWorker.java:execute(647)) - 98e2c854-04e9-4772-8b00-88abbcf17f0b@group-12DD68B65F83-SegmentedRaftLogWorker: created new log segment /home/runner/work/ozone/ozone/hadoop-ozone/integration-test/target/test-dir/MiniOzoneClusterImpl-89d78760-19a1-47e7-a3d8-9e4bc186c3c1/ozone-metadata/datanode-1/ratis/e576cdae-d877-42c4-ac1f-12dd68b65f83/current/log_inprogress_0
2025-08-26 23:00:21,455 [98e2c854-04e9-4772-8b00-88abbcf17f0b@group-12DD68B65F83-StateMachineUpdater] INFO  server.RaftServer$Division (LeaderStateImpl.java:checkStartIndex(309)) - Leader 98e2c854-04e9-4772-8b00-88abbcf17f0b@group-12DD68B65F83-LeaderStateImpl is ready since appliedIndex == startIndex == 0
2025-08-26 23:00:21,455 [98e2c854-04e9-4772-8b00-88abbcf17f0b@group-12DD68B65F83-StateMachineUpdater] INFO  ratis.ContainerStateMachine (ContainerStateMachine.java:takeSnapshot(427)) - group-12DD68B65F83: Taking a snapshot at:(t:1, i:0) file /home/runner/work/ozone/ozone/hadoop-ozone/integration-test/target/test-dir/MiniOzoneClusterImpl-89d78760-19a1-47e7-a3d8-9e4bc186c3c1/ozone-metadata/datanode-1/ratis/e576cdae-d877-42c4-ac1f-12dd68b65f83/sm/snapshot.1_0
2025-08-26 23:00:21,456 [98e2c854-04e9-4772-8b00-88abbcf17f0b@group-12DD68B65F83-StateMachineUpdater] INFO  ratis.ContainerStateMachine (ContainerStateMachine.java:takeSnapshot(436)) - group-12DD68B65F83: Finished taking a snapshot at:(t:1, i:0) file:/home/runner/work/ozone/ozone/hadoop-ozone/integration-test/target/test-dir/MiniOzoneClusterImpl-89d78760-19a1-47e7-a3d8-9e4bc186c3c1/ozone-metadata/datanode-1/ratis/e576cdae-d877-42c4-ac1f-12dd68b65f83/sm/snapshot.1_0 took: 1 ms
2025-08-26 23:00:21,456 [98e2c854-04e9-4772-8b00-88abbcf17f0b@group-12DD68B65F83-StateMachineUpdater] INFO  impl.StateMachineUpdater (StateMachineUpdater.java:takeSnapshot(307)) - 98e2c854-04e9-4772-8b00-88abbcf17f0b@group-12DD68B65F83-StateMachineUpdater: Took a snapshot at index 0
2025-08-26 23:00:21,456 [98e2c854-04e9-4772-8b00-88abbcf17f0b@group-12DD68B65F83-StateMachineUpdater] INFO  impl.StateMachineUpdater (StateMachineUpdater.java:lambda$new$0(101)) - 98e2c854-04e9-4772-8b00-88abbcf17f0b@group-12DD68B65F83-StateMachineUpdater: snapshotIndex: updateIncreasingly -1 -> 0
2025-08-26 23:00:24,231 [timer3] ERROR impl.OrderedAsync (OrderedAsync.java:lambda$null$6(215)) -  client-6DB79F65E3DA: Failed* RaftClientRequest:client-6DB79F65E3DA->98e2c854-04e9-4772-8b00-88abbcf17f0b@group-12DD68B65F83, cid=1, seq=1*, Watch(0), null
java.util.concurrent.CompletionException: org.apache.ratis.protocol.exceptions.AlreadyClosedException: client-6DB79F65E3DA->98e2c854-04e9-4772-8b00-88abbcf17f0b is closed.
	at java.base/java.util.concurrent.CompletableFuture.encodeThrowable(CompletableFuture.java:332)
	at java.base/java.util.concurrent.CompletableFuture.uniAcceptNow(CompletableFuture.java:747)
	at java.base/java.util.concurrent.CompletableFuture.uniAcceptStage(CompletableFuture.java:735)
	at java.base/java.util.concurrent.CompletableFuture.thenAccept(CompletableFuture.java:2214)
	at org.apache.ratis.client.impl.OrderedAsync.sendRequestWithRetry(OrderedAsync.java:206)
	at org.apache.ratis.util.SlidingWindow$Client.sendOrDelayRequest(SlidingWindow.java:315)
	at org.apache.ratis.util.SlidingWindow$Client.retry(SlidingWindow.java:331)
	at org.apache.ratis.client.impl.OrderedAsync.lambda$handleException$8(OrderedAsync.java:253)
	at org.apache.ratis.util.TimeoutTimer.lambda$onTimeout$2(TimeoutTimer.java:101)
	at org.apache.ratis.util.LogUtils.runAndLog(LogUtils.java:38)
	at org.apache.ratis.util.LogUtils$1.run(LogUtils.java:78)
	at org.apache.ratis.util.TimeoutTimer$Task.run(TimeoutTimer.java:55)
	at java.base/java.util.TimerThread.mainLoop(Timer.java:566)
	at java.base/java.util.TimerThread.run(Timer.java:516)
Caused by: org.apache.ratis.protocol.exceptions.AlreadyClosedException: client-6DB79F65E3DA->98e2c854-04e9-4772-8b00-88abbcf17f0b is closed.
	at org.apache.ratis.grpc.client.GrpcClientProtocolClient$AsyncStreamObservers.onNext(GrpcClientProtocolClient.java:352)
	at org.apache.ratis.grpc.client.GrpcClientRpc.sendRequestAsync(GrpcClientRpc.java:71)
	... 10 more
2025-08-26 23:00:28,671 [98e2c854-04e9-4772-8b00-88abbcf17f0b@group-12DD68B65F83-StateMachineUpdater] INFO  ratis.ContainerStateMachine (ContainerStateMachine.java:takeSnapshot(427)) - group-12DD68B65F83: Taking a snapshot at:(t:1, i:1) file /home/runner/work/ozone/ozone/hadoop-ozone/integration-test/target/test-dir/MiniOzoneClusterImpl-89d78760-19a1-47e7-a3d8-9e4bc186c3c1/ozone-metadata/datanode-1/ratis/e576cdae-d877-42c4-ac1f-12dd68b65f83/sm/snapshot.1_1
2025-08-26 23:00:28,674 [98e2c854-04e9-4772-8b00-88abbcf17f0b@group-12DD68B65F83-StateMachineUpdater] INFO  ratis.ContainerStateMachine (ContainerStateMachine.java:takeSnapshot(436)) - group-12DD68B65F83: Finished taking a snapshot at:(t:1, i:1) file:/home/runner/work/ozone/ozone/hadoop-ozone/integration-test/target/test-dir/MiniOzoneClusterImpl-89d78760-19a1-47e7-a3d8-9e4bc186c3c1/ozone-metadata/datanode-1/ratis/e576cdae-d877-42c4-ac1f-12dd68b65f83/sm/snapshot.1_1 took: 3 ms
2025-08-26 23:00:28,674 [98e2c854-04e9-4772-8b00-88abbcf17f0b@group-12DD68B65F83-StateMachineUpdater] INFO  impl.StateMachineUpdater (StateMachineUpdater.java:takeSnapshot(307)) - 98e2c854-04e9-4772-8b00-88abbcf17f0b@group-12DD68B65F83-StateMachineUpdater: Took a snapshot at index 1
2025-08-26 23:00:28,674 [98e2c854-04e9-4772-8b00-88abbcf17f0b@group-12DD68B65F83-StateMachineUpdater] INFO  impl.StateMachineUpdater (StateMachineUpdater.java:lambda$new$0(101)) - 98e2c854-04e9-4772-8b00-88abbcf17f0b@group-12DD68B65F83-StateMachineUpdater: snapshotIndex: updateIncreasingly 0 -> 1
2025-08-26 23:00:28,674 [98e2c854-04e9-4772-8b00-88abbcf17f0b@group-12DD68B65F83-StateMachineUpdater] INFO  ratis.ContainerStateMachine (ContainerStateMachine.java:takeSnapshot(427)) - group-12DD68B65F83: Taking a snapshot at:(t:1, i:3) file /home/runner/work/ozone/ozone/hadoop-ozone/integration-test/target/test-dir/MiniOzoneClusterImpl-89d78760-19a1-47e7-a3d8-9e4bc186c3c1/ozone-metadata/datanode-1/ratis/e576cdae-d877-42c4-ac1f-12dd68b65f83/sm/snapshot.1_3
2025-08-26 23:00:28,675 [98e2c854-04e9-4772-8b00-88abbcf17f0b@group-12DD68B65F83-StateMachineUpdater] INFO  ratis.ContainerStateMachine (ContainerStateMachine.java:takeSnapshot(436)) - group-12DD68B65F83: Finished taking a snapshot at:(t:1, i:3) file:/home/runner/work/ozone/ozone/hadoop-ozone/integration-test/target/test-dir/MiniOzoneClusterImpl-89d78760-19a1-47e7-a3d8-9e4bc186c3c1/ozone-metadata/datanode-1/ratis/e576cdae-d877-42c4-ac1f-12dd68b65f83/sm/snapshot.1_3 took: 1 ms
2025-08-26 23:00:28,675 [98e2c854-04e9-4772-8b00-88abbcf17f0b@group-12DD68B65F83-StateMachineUpdater] INFO  impl.StateMachineUpdater (StateMachineUpdater.java:takeSnapshot(307)) - 98e2c854-04e9-4772-8b00-88abbcf17f0b@group-12DD68B65F83-StateMachineUpdater: Took a snapshot at index 3
2025-08-26 23:00:28,675 [98e2c854-04e9-4772-8b00-88abbcf17f0b@group-12DD68B65F83-StateMachineUpdater] INFO  impl.StateMachineUpdater (StateMachineUpdater.java:lambda$new$0(101)) - 98e2c854-04e9-4772-8b00-88abbcf17f0b@group-12DD68B65F83-StateMachineUpdater: snapshotIndex: updateIncreasingly 1 -> 3
2025-08-26 23:00:28,686 [98e2c854-04e9-4772-8b00-88abbcf17f0b-ChunkWriter-1-0] ERROR helpers.ContainerUtils (ContainerUtils.java:getChunkDir(273)) - Chunks dir /home/runner/work/ozone/ozone/hadoop-ozone/integration-test/target/test-dir/MiniOzoneClusterImpl-89d78760-19a1-47e7-a3d8-9e4bc186c3c1/ozone-metadata/datanode-1/data-0/hdds/89d78760-19a1-47e7-a3d8-9e4bc186c3c1/current/containerDir0/1/chunks does not exist
2025-08-26 23:00:28,687 [98e2c854-04e9-4772-8b00-88abbcf17f0b-ChunkWriter-1-0] WARN  keyvalue.KeyValueHandler (ContainerUtils.java:logAndReturnError(94)) - Operation: WriteChunk , Trace ID:  , Message: Chunks directory /home/runner/work/ozone/ozone/hadoop-ozone/integration-test/target/test-dir/MiniOzoneClusterImpl-89d78760-19a1-47e7-a3d8-9e4bc186c3c1/ozone-metadata/datanode-1/data-0/hdds/89d78760-19a1-47e7-a3d8-9e4bc186c3c1/current/containerDir0/1/chunks does not exist. , Result: UNABLE_TO_FIND_DATA_DIR , StorageContainerException Occurred.
org.apache.hadoop.hdds.scm.container.common.helpers.StorageContainerException: Chunks directory /home/runner/work/ozone/ozone/hadoop-ozone/integration-test/target/test-dir/MiniOzoneClusterImpl-89d78760-19a1-47e7-a3d8-9e4bc186c3c1/ozone-metadata/datanode-1/data-0/hdds/89d78760-19a1-47e7-a3d8-9e4bc186c3c1/current/containerDir0/1/chunks does not exist.
	at org.apache.hadoop.ozone.container.common.helpers.ContainerUtils.getChunkDir(ContainerUtils.java:275)
	at org.apache.hadoop.ozone.container.common.impl.ContainerLayoutVersion.getChunkFile(ContainerLayoutVersion.java:115)
	at org.apache.hadoop.ozone.container.keyvalue.impl.FilePerBlockStrategy.getChunkFile(FilePerBlockStrategy.java:300)
	at org.apache.hadoop.ozone.container.keyvalue.impl.FilePerBlockStrategy.writeChunk(FilePerBlockStrategy.java:148)
	at org.apache.hadoop.ozone.container.keyvalue.impl.ChunkManagerDispatcher.writeChunk(ChunkManagerDispatcher.java:70)
	at org.apache.hadoop.ozone.container.keyvalue.KeyValueHandler.handleWriteChunk(KeyValueHandler.java:1053)
	at org.apache.hadoop.ozone.container.keyvalue.KeyValueHandler.dispatchRequest(KeyValueHandler.java:342)
	at org.apache.hadoop.ozone.container.keyvalue.KeyValueHandler.handle(KeyValueHandler.java:293)
	at org.apache.hadoop.ozone.container.common.impl.HddsDispatcher.dispatchRequest(HddsDispatcher.java:365)
	at org.apache.hadoop.ozone.container.common.impl.HddsDispatcher.lambda$dispatch$1(HddsDispatcher.java:190)
	at org.apache.hadoop.hdds.server.OzoneProtocolMessageDispatcher.processRequest(OzoneProtocolMessageDispatcher.java:87)
	at org.apache.hadoop.ozone.container.common.impl.HddsDispatcher.dispatch(HddsDispatcher.java:189)
	at org.apache.hadoop.ozone.container.common.transport.server.ratis.ContainerStateMachine.dispatchCommand(ContainerStateMachine.java:567)
	at org.apache.hadoop.ozone.container.common.transport.server.ratis.ContainerStateMachine.lambda$writeStateMachineData$2(ContainerStateMachine.java:622)
	at java.base/java.util.concurrent.FutureTask.run(FutureTask.java:317)
	at java.base/java.util.concurrent.ThreadPoolExecutor.runWorker(ThreadPoolExecutor.java:1144)
	at java.base/java.util.concurrent.ThreadPoolExecutor$Worker.run(ThreadPoolExecutor.java:642)
	at java.base/java.lang.Thread.run(Thread.java:1583)
2025-08-26 23:00:28,689 [98e2c854-04e9-4772-8b00-88abbcf17f0b-ChunkWriter-1-0] WARN  keyvalue.KeyValueHandler (KeyValueHandler.java:markContainerUnhealthy(1519)) - Unexpected error while marking container 1 unhealthy
org.apache.hadoop.hdds.scm.container.common.helpers.StorageContainerException: Failed to create tmp file for /home/runner/work/ozone/ozone/hadoop-ozone/integration-test/target/test-dir/MiniOzoneClusterImpl-89d78760-19a1-47e7-a3d8-9e4bc186c3c1/ozone-metadata/datanode-1/data-0/hdds/89d78760-19a1-47e7-a3d8-9e4bc186c3c1/current/containerDir0/1/metadata/1.container: KeyValueContainerData #1 (UNHEALTHY, non-empty, ri=0, origin=[dn_98e2c854-04e9-4772-8b00-88abbcf17f0b, pipeline_e576cdae-d877-42c4-ac1f-12dd68b65f83])
	at org.apache.hadoop.ozone.container.keyvalue.KeyValueContainer.writeToContainerFile(KeyValueContainer.java:318)
	at org.apache.hadoop.ozone.container.keyvalue.KeyValueContainer.updateContainerFile(KeyValueContainer.java:337)
	at org.apache.hadoop.ozone.container.keyvalue.KeyValueContainer.updateContainerData(KeyValueContainer.java:484)
	at org.apache.hadoop.ozone.container.keyvalue.KeyValueContainer.updateContainerState(KeyValueContainer.java:467)
	at org.apache.hadoop.ozone.container.keyvalue.KeyValueContainer.markContainerUnhealthy(KeyValueContainer.java:392)
	at org.apache.hadoop.ozone.container.keyvalue.KeyValueHandler.markContainerUnhealthy(KeyValueHandler.java:1517)
	at org.apache.hadoop.ozone.container.common.impl.HddsDispatcher.dispatchRequest(HddsDispatcher.java:408)
	at org.apache.hadoop.ozone.container.common.impl.HddsDispatcher.lambda$dispatch$1(HddsDispatcher.java:190)
	at org.apache.hadoop.hdds.server.OzoneProtocolMessageDispatcher.processRequest(OzoneProtocolMessageDispatcher.java:87)
	at org.apache.hadoop.ozone.container.common.impl.HddsDispatcher.dispatch(HddsDispatcher.java:189)
	at org.apache.hadoop.ozone.container.common.transport.server.ratis.ContainerStateMachine.dispatchCommand(ContainerStateMachine.java:567)
	at org.apache.hadoop.ozone.container.common.transport.server.ratis.ContainerStateMachine.lambda$writeStateMachineData$2(ContainerStateMachine.java:622)
	at java.base/java.util.concurrent.FutureTask.run(FutureTask.java:317)
	at java.base/java.util.concurrent.ThreadPoolExecutor.runWorker(ThreadPoolExecutor.java:1144)
	at java.base/java.util.concurrent.ThreadPoolExecutor$Worker.run(ThreadPoolExecutor.java:642)
	at java.base/java.lang.Thread.run(Thread.java:1583)
Caused by: java.io.IOException: No such file or directory
	at java.base/java.io.UnixFileSystem.createFileExclusively0(Native Method)
	at java.base/java.io.UnixFileSystem.createFileExclusively(UnixFileSystem.java:258)
	at java.base/java.io.File.createTempFile(File.java:2184)
	at org.apache.hadoop.ozone.container.keyvalue.KeyValueContainer.createTempFile(KeyValueContainer.java:907)
	at org.apache.hadoop.ozone.container.keyvalue.KeyValueContainer.writeToContainerFile(KeyValueContainer.java:300)
	... 15 more
2025-08-26 23:00:28,710 [98e2c854-04e9-4772-8b00-88abbcf17f0b-ChunkWriter-1-0] ERROR keyvalue.KeyValueHandler (KeyValueHandler.java:updateContainerChecksumFromMetadataIfNeeded(1425)) - Cannot create container checksum for container 1 , Exception: 
java.io.IOException: Error occurred when writing container merkle tree for containerID 1
	at org.apache.hadoop.ozone.container.checksum.ContainerChecksumTreeManager.write(ContainerChecksumTreeManager.java:387)
	at org.apache.hadoop.ozone.container.checksum.ContainerChecksumTreeManager.writeContainerDataTree(ContainerChecksumTreeManager.java:104)
	at org.apache.hadoop.ozone.container.keyvalue.KeyValueHandler.updateAndGetContainerChecksum(KeyValueHandler.java:1463)
	at org.apache.hadoop.ozone.container.keyvalue.KeyValueHandler.updateAndGetContainerChecksumFromMetadata(KeyValueHandler.java:1451)
	at org.apache.hadoop.ozone.container.keyvalue.KeyValueHandler.updateContainerChecksumFromMetadataIfNeeded(KeyValueHandler.java:1423)
	at org.apache.hadoop.ozone.container.keyvalue.KeyValueHandler.markContainerUnhealthy(KeyValueHandler.java:1524)
	at org.apache.hadoop.ozone.container.common.impl.HddsDispatcher.dispatchRequest(HddsDispatcher.java:408)
	at org.apache.hadoop.ozone.container.common.impl.HddsDispatcher.lambda$dispatch$1(HddsDispatcher.java:190)
	at org.apache.hadoop.hdds.server.OzoneProtocolMessageDispatcher.processRequest(OzoneProtocolMessageDispatcher.java:87)
	at org.apache.hadoop.ozone.container.common.impl.HddsDispatcher.dispatch(HddsDispatcher.java:189)
	at org.apache.hadoop.ozone.container.common.transport.server.ratis.ContainerStateMachine.dispatchCommand(ContainerStateMachine.java:567)
	at org.apache.hadoop.ozone.container.common.transport.server.ratis.ContainerStateMachine.lambda$writeStateMachineData$2(ContainerStateMachine.java:622)
	at java.base/java.util.concurrent.FutureTask.run(FutureTask.java:317)
	at java.base/java.util.concurrent.ThreadPoolExecutor.runWorker(ThreadPoolExecutor.java:1144)
	at java.base/java.util.concurrent.ThreadPoolExecutor$Worker.run(ThreadPoolExecutor.java:642)
	at java.base/java.lang.Thread.run(Thread.java:1583)
Caused by: java.nio.file.NoSuchFileException: /home/runner/work/ozone/ozone/hadoop-ozone/integration-test/target/test-dir/MiniOzoneClusterImpl-89d78760-19a1-47e7-a3d8-9e4bc186c3c1/ozone-metadata/datanode-1/data-0/hdds/89d78760-19a1-47e7-a3d8-9e4bc186c3c1/current/containerDir0/1/metadata/1.tree.tmp
	at java.base/sun.nio.fs.UnixException.translateToIOException(UnixException.java:92)
	at java.base/sun.nio.fs.UnixException.rethrowAsIOException(UnixException.java:106)
	at java.base/sun.nio.fs.UnixException.rethrowAsIOException(UnixException.java:111)
	at java.base/sun.nio.fs.UnixFileSystemProvider.newByteChannel(UnixFileSystemProvider.java:261)
	at java.base/java.nio.file.spi.FileSystemProvider.newOutputStream(FileSystemProvider.java:482)
	at java.base/java.nio.file.Files.newOutputStream(Files.java:228)
	at org.apache.hadoop.ozone.container.checksum.ContainerChecksumTreeManager.write(ContainerChecksumTreeManager.java:376)
	... 15 more
2025-08-26T23:00:28.714900432Z 98e2c854-04e9-4772-8b00-88abbcf17f0b-ChunkWriter-1-0 ERROR ID=1 | Index=0 | BCSID=2 | State=UNHEALTHY | Volume=/home/runner/work/ozone/ozone/hadoop-ozone/integration-test/target/test-dir/MiniOzoneClusterImpl-89d78760-19a1-47e7-a3d8-9e4bc186c3c1/ozone-metadata/datanode-1/data-0/hdds | DataChecksum=0 | Container has 1 error: WRITE_FAILURE for file /home/runner/work/ozone/ozone/hadoop-ozone/integration-test/target/test-dir/MiniOzoneClusterImpl-89d78760-19a1-47e7-a3d8-9e4bc186c3c1/ozone-metadata/datanode-1/data-0/hdds/89d78760-19a1-47e7-a3d8-9e4bc186c3c1/current/containerDir0/1 with exception: org.apache.hadoop.hdds.scm.container.common.helpers.StorageContainerException2025-08-26 23:00:28,719 [98e2c854-04e9-4772-8b00-88abbcf17f0b-ChunkWriter-1-0] INFO  impl.HddsDispatcher (HddsDispatcher.java:dispatchRequest(412)) - Marked Container UNHEALTHY, ContainerID: 1
2025-08-26 23:00:28,720 [FixedThreadPoolWithAffinityExecutor-0-0] INFO  container.IncrementalContainerReportHandler (AbstractContainerReportHandler.java:updateContainerState(253)) - FINALIZE (i.e. CLOSING) Container #1 (OPEN, sid=0) r0 (UNHEALTHY, bcsid=2, origin=98e2c854-04e9-4772-8b00-88abbcf17f0b, non-empty) from dn 98e2c854-04e9-4772-8b00-88abbcf17f0b(localhost/127.0.0.1)
2025-08-26 23:00:28,722 [pool-192-thread-1] WARN  ozoneimpl.OnDemandContainerScanner (ContainerScanHelper.java:scanData(76)) - Failed to update container checksum after scan of container 1
java.io.IOException: Error occurred when writing container merkle tree for containerID 1
	at org.apache.hadoop.ozone.container.checksum.ContainerChecksumTreeManager.write(ContainerChecksumTreeManager.java:387)
	at org.apache.hadoop.ozone.container.checksum.ContainerChecksumTreeManager.writeContainerDataTree(ContainerChecksumTreeManager.java:104)
	at org.apache.hadoop.ozone.container.keyvalue.KeyValueHandler.updateAndGetContainerChecksum(KeyValueHandler.java:1463)
	at org.apache.hadoop.ozone.container.keyvalue.KeyValueHandler.updateContainerChecksum(KeyValueHandler.java:1402)
	at org.apache.hadoop.ozone.container.ozoneimpl.ContainerController.updateContainerChecksum(ContainerController.java:143)
	at org.apache.hadoop.ozone.container.ozoneimpl.ContainerScanHelper.scanData(ContainerScanHelper.java:74)
	at org.apache.hadoop.ozone.container.ozoneimpl.OnDemandContainerScanner.performOnDemandScan(OnDemandContainerScanner.java:118)
	at org.apache.hadoop.ozone.container.ozoneimpl.OnDemandContainerScanner.lambda$scanContainer$0(OnDemandContainerScanner.java:90)
	at java.base/java.util.concurrent.Executors$RunnableAdapter.call(Executors.java:572)
	at java.base/java.util.concurrent.FutureTask.run(FutureTask.java:317)
	at java.base/java.util.concurrent.ThreadPoolExecutor.runWorker(ThreadPoolExecutor.java:1144)
	at java.base/java.util.concurrent.ThreadPoolExecutor$Worker.run(ThreadPoolExecutor.java:642)
	at java.base/java.lang.Thread.run(Thread.java:1583)
Caused by: java.nio.file.NoSuchFileException: /home/runner/work/ozone/ozone/hadoop-ozone/integration-test/target/test-dir/MiniOzoneClusterImpl-89d78760-19a1-47e7-a3d8-9e4bc186c3c1/ozone-metadata/datanode-1/data-0/hdds/89d78760-19a1-47e7-a3d8-9e4bc186c3c1/current/containerDir0/1/metadata/1.tree.tmp
	at java.base/sun.nio.fs.UnixException.translateToIOException(UnixException.java:92)
	at java.base/sun.nio.fs.UnixException.rethrowAsIOException(UnixException.java:106)
	at java.base/sun.nio.fs.UnixException.rethrowAsIOException(UnixException.java:111)
	at java.base/sun.nio.fs.UnixFileSystemProvider.newByteChannel(UnixFileSystemProvider.java:261)
	at java.base/java.nio.file.spi.FileSystemProvider.newOutputStream(FileSystemProvider.java:482)
	at java.base/java.nio.file.Files.newOutputStream(Files.java:228)
	at org.apache.hadoop.ozone.container.checksum.ContainerChecksumTreeManager.write(ContainerChecksumTreeManager.java:376)
	... 12 more
2025-08-26 23:00:28,722 [pool-192-thread-1] ERROR ozoneimpl.OnDemandContainerScanner (ContainerScanHelper.java:handleUnhealthyScanResult(120)) - Corruption detected in container [1]. Marking it UNHEALTHY. Container has 1 error: MISSING_CONTAINER_DIR for file /home/runner/work/ozone/ozone/hadoop-ozone/integration-test/target/test-dir/MiniOzoneClusterImpl-89d78760-19a1-47e7-a3d8-9e4bc186c3c1/ozone-metadata/datanode-1/data-0/hdds/89d78760-19a1-47e7-a3d8-9e4bc186c3c1/current/containerDir0/1 with exception: java.io.FileNotFoundException: Container directory /home/runner/work/ozone/ozone/hadoop-ozone/integration-test/target/test-dir/MiniOzoneClusterImpl-89d78760-19a1-47e7-a3d8-9e4bc186c3c1/ozone-metadata/datanode-1/data-0/hdds/89d78760-19a1-47e7-a3d8-9e4bc186c3c1/current/containerDir0/1 not found.
2025-08-26 23:00:28,723 [pool-192-thread-1] WARN  ozoneimpl.OnDemandContainerScanner (OnDemandContainerScanner.java:performOnDemandScan(125)) - Unexpected exception while scanning container 1
org.apache.hadoop.hdds.scm.container.common.helpers.StorageContainerException: Failed to create tmp file for /home/runner/work/ozone/ozone/hadoop-ozone/integration-test/target/test-dir/MiniOzoneClusterImpl-89d78760-19a1-47e7-a3d8-9e4bc186c3c1/ozone-metadata/datanode-1/data-0/hdds/89d78760-19a1-47e7-a3d8-9e4bc186c3c1/current/containerDir0/1/metadata/1.container: KeyValueContainerData #1 (UNHEALTHY, non-empty, ri=0, origin=[dn_98e2c854-04e9-4772-8b00-88abbcf17f0b, pipeline_e576cdae-d877-42c4-ac1f-12dd68b65f83])
	at org.apache.hadoop.ozone.container.keyvalue.KeyValueContainer.writeToContainerFile(KeyValueContainer.java:318)
	at org.apache.hadoop.ozone.container.keyvalue.KeyValueContainer.updateContainerFile(KeyValueContainer.java:337)
	at org.apache.hadoop.ozone.container.keyvalue.KeyValueContainer.updateContainerData(KeyValueContainer.java:484)
	at org.apache.hadoop.ozone.container.keyvalue.KeyValueContainer.updateDataScanTimestamp(KeyValueContainer.java:438)
	at org.apache.hadoop.ozone.container.ozoneimpl.ContainerController.updateDataScanTimestamp(ContainerController.java:289)
	at org.apache.hadoop.ozone.container.ozoneimpl.ContainerScanHelper.scanData(ContainerScanHelper.java:86)
	at org.apache.hadoop.ozone.container.ozoneimpl.OnDemandContainerScanner.performOnDemandScan(OnDemandContainerScanner.java:118)
	at org.apache.hadoop.ozone.container.ozoneimpl.OnDemandContainerScanner.lambda$scanContainer$0(OnDemandContainerScanner.java:90)
	at java.base/java.util.concurrent.Executors$RunnableAdapter.call(Executors.java:572)
	at java.base/java.util.concurrent.FutureTask.run(FutureTask.java:317)
	at java.base/java.util.concurrent.ThreadPoolExecutor.runWorker(ThreadPoolExecutor.java:1144)
	at java.base/java.util.concurrent.ThreadPoolExecutor$Worker.run(ThreadPoolExecutor.java:642)
	at java.base/java.lang.Thread.run(Thread.java:1583)
Caused by: java.io.IOException: No such file or directory
	at java.base/java.io.UnixFileSystem.createFileExclusively0(Native Method)
	at java.base/java.io.UnixFileSystem.createFileExclusively(UnixFileSystem.java:258)
	at java.base/java.io.File.createTempFile(File.java:2184)
	at org.apache.hadoop.ozone.container.keyvalue.KeyValueContainer.createTempFile(KeyValueContainer.java:907)
	at org.apache.hadoop.ozone.container.keyvalue.KeyValueContainer.writeToContainerFile(KeyValueContainer.java:300)
	... 12 more
2025-08-26T23:00:28.723307688Z 98e2c854-04e9-4772-8b00-88abbcf17f0b-ChunkWriter-1-0 ERROR user=null | ip=null | op=WRITE_CHUNK {blockData=conID: 1 locID: 115816896921600001 bcsId: 2 replicaIndex: 0, offset=5, size=5, stage=WRITE_DATA} | ret=FAILURE
java.lang.Exception: Chunks directory /home/runner/work/ozone/ozone/hadoop-ozone/integration-test/target/test-dir/MiniOzoneClusterImpl-89d78760-19a1-47e7-a3d8-9e4bc186c3c1/ozone-metadata/datanode-1/data-0/hdds/89d78760-19a1-47e7-a3d8-9e4bc186c3c1/current/containerDir0/1/chunks does not exist.
	at org.apache.hadoop.ozone.container.common.impl.HddsDispatcher.dispatchRequest(HddsDispatcher.java:440)
	at org.apache.hadoop.ozone.container.common.impl.HddsDispatcher.lambda$dispatch$1(HddsDispatcher.java:190)
	at org.apache.hadoop.hdds.server.OzoneProtocolMessageDispatcher.processRequest(OzoneProtocolMessageDispatcher.java:87)
	at org.apache.hadoop.ozone.container.common.impl.HddsDispatcher.dispatch(HddsDispatcher.java:189)
	at org.apache.hadoop.ozone.container.common.transport.server.ratis.ContainerStateMachine.dispatchCommand(ContainerStateMachine.java:567)
	at org.apache.hadoop.ozone.container.common.transport.server.ratis.ContainerStateMachine.lambda$writeStateMachineData$2(ContainerStateMachine.java:622)
	at java.base/java.util.concurrent.FutureTask.run(FutureTask.java:317)
	at java.base/java.util.concurrent.ThreadPoolExecutor.runWorker(ThreadPoolExecutor.java:1144)
	at java.base/java.util.concurrent.ThreadPoolExecutor$Worker.run(ThreadPoolExecutor.java:642)
	at java.base/java.lang.Thread.run(Thread.java:1583)
2025-08-26 23:00:28,727 [98e2c854-04e9-4772-8b00-88abbcf17f0b-ChunkWriter-1-0] ERROR ratis.ContainerStateMachine (ContainerStateMachine.java:handleCommandResult(662)) - group-12DD68B65F83: writeChunk writeStateMachineData failed: blockIdcontainerID: 1
localID: 115816896921600001
blockCommitSequenceId: 2
replicaIndex: 0
 logIndex 4 chunkName 115816896921600001_chunk_2 Error message: Chunks directory /home/runner/work/ozone/ozone/hadoop-ozone/integration-test/target/test-dir/MiniOzoneClusterImpl-89d78760-19a1-47e7-a3d8-9e4bc186c3c1/ozone-metadata/datanode-1/data-0/hdds/89d78760-19a1-47e7-a3d8-9e4bc186c3c1/current/containerDir0/1/chunks does not exist. Container Result: UNABLE_TO_FIND_DATA_DIR
2025-08-26 23:00:28,729 [EventQueue-CloseContainerForCloseContainerEventHandler] INFO  container.CloseContainerEventHandler (CloseContainerEventHandler.java:onMessage(88)) - Close container Event triggered for container : #1, current state: CLOSING
2025-08-26 23:00:28,760 [98e2c854-04e9-4772-8b00-88abbcf17f0b@group-12DD68B65F83-SegmentedRaftLogWorker] ERROR ratis.ContainerStateMachine (ContainerStateMachine.java:notifyLogFailed(1268)) - group-12DD68B65F83: (t:1, i:4) cmdType: WriteChunk traceID: "" containerID: 1 datanodeUuid: "98e2c854-04e9-4772-8b00-88abbcf17f0b" pipelineID: "e576cdae-d877-42c4-ac1f-12dd68b65f83" writeChunk { blockID { containerID: 1 localID: 115816896921600001 blockCommitSequenceId: 2 replicaIndex: 0 } chunkData { chunkName: "115816896921600001_chunk_2" offset: 5 len: 5 checksumData { type: CRC32 bytesPerChecksum: 16384 checksums: "\350a\3440" } } } version: 3, container path=/home/runner/work/ozone/ozone/hadoop-ozone/integration-test/target/test-dir/MiniOzoneClusterImpl-89d78760-19a1-47e7-a3d8-9e4bc186c3c1/ozone-metadata/datanode-1/data-0/hdds/89d78760-19a1-47e7-a3d8-9e4bc186c3c1/current/containerDir0/1
org.apache.hadoop.hdds.scm.container.common.helpers.StorageContainerException: Chunks directory /home/runner/work/ozone/ozone/hadoop-ozone/integration-test/target/test-dir/MiniOzoneClusterImpl-89d78760-19a1-47e7-a3d8-9e4bc186c3c1/ozone-metadata/datanode-1/data-0/hdds/89d78760-19a1-47e7-a3d8-9e4bc186c3c1/current/containerDir0/1/chunks does not exist.
	at org.apache.hadoop.ozone.container.common.transport.server.ratis.ContainerStateMachine.handleCommandResult(ContainerStateMachine.java:661)
	at org.apache.hadoop.ozone.container.common.transport.server.ratis.ContainerStateMachine.lambda$writeStateMachineData$2(ContainerStateMachine.java:623)
	at java.base/java.util.concurrent.FutureTask.run(FutureTask.java:317)
	at java.base/java.util.concurrent.ThreadPoolExecutor.runWorker(ThreadPoolExecutor.java:1144)
	at java.base/java.util.concurrent.ThreadPoolExecutor$Worker.run(ThreadPoolExecutor.java:642)
	at java.base/java.lang.Thread.run(Thread.java:1583)
2025-08-26 23:00:28,766 [98e2c854-04e9-4772-8b00-88abbcf17f0b@group-12DD68B65F83-SegmentedRaftLogWorker] WARN  ratis.XceiverServerRatis (XceiverServerRatis.java:triggerPipelineClose(761)) - pipeline Action CLOSE on pipeline Pipeline-e576cdae-d877-42c4-ac1f-12dd68b65f83.Reason : Chunks directory /home/runner/work/ozone/ozone/hadoop-ozone/integration-test/target/test-dir/MiniOzoneClusterImpl-89d78760-19a1-47e7-a3d8-9e4bc186c3c1/ozone-metadata/datanode-1/data-0/hdds/89d78760-19a1-47e7-a3d8-9e4bc186c3c1/current/containerDir0/1/chunks does not exist.
2025-08-26 23:00:28,767 [98e2c854-04e9-4772-8b00-88abbcf17f0b@group-12DD68B65F83-SegmentedRaftLogWorker] ERROR raftlog.RaftLog (RaftLogBase.java:lambda$appendImpl$3(197)) - 98e2c854-04e9-4772-8b00-88abbcf17f0b@group-12DD68B65F83-SegmentedRaftLog: Failed to write log entry (t:1, i:4), STATEMACHINELOGENTRY, cmdType: WriteChunk traceID: "" containerID: 1 datanodeUuid: "98e2c854-04e9-4772-8b00-88abbcf17f0b" pipelineID: "e576cdae-d877-42c4-ac1f-12dd68b65f83" writeChunk { blockID { containerID: 1 localID: 115816896921600001 blockCommitSequenceId: 2 replicaIndex: 0 } chunkData { chunkName: "115816896921600001_chunk_2" offset: 5 len: 5 checksumData { type: CRC32 bytesPerChecksum: 16384 checksums: "\350a\3440" } } } version: 3, container path=/home/runner/work/ozone/ozone/hadoop-ozone/integration-test/target/test-dir/MiniOzoneClusterImpl-89d78760-19a1-47e7-a3d8-9e4bc186c3c1/ozone-metadata/datanode-1/data-0/hdds/89d78760-19a1-47e7-a3d8-9e4bc186c3c1/current/containerDir0/1
org.apache.hadoop.hdds.scm.container.common.helpers.StorageContainerException: Chunks directory /home/runner/work/ozone/ozone/hadoop-ozone/integration-test/target/test-dir/MiniOzoneClusterImpl-89d78760-19a1-47e7-a3d8-9e4bc186c3c1/ozone-metadata/datanode-1/data-0/hdds/89d78760-19a1-47e7-a3d8-9e4bc186c3c1/current/containerDir0/1/chunks does not exist.
	at org.apache.hadoop.ozone.container.common.transport.server.ratis.ContainerStateMachine.handleCommandResult(ContainerStateMachine.java:661)
	at org.apache.hadoop.ozone.container.common.transport.server.ratis.ContainerStateMachine.lambda$writeStateMachineData$2(ContainerStateMachine.java:623)
	at java.base/java.util.concurrent.FutureTask.run(FutureTask.java:317)
	at java.base/java.util.concurrent.ThreadPoolExecutor.runWorker(ThreadPoolExecutor.java:1144)
	at java.base/java.util.concurrent.ThreadPoolExecutor$Worker.run(ThreadPoolExecutor.java:642)
	at java.base/java.lang.Thread.run(Thread.java:1583)
2025-08-26 23:00:28,768 [98e2c854-04e9-4772-8b00-88abbcf17f0b@group-12DD68B65F83-cacheEviction-AwaitToRun] INFO  util.AwaitToRun (AwaitToRun.java:run(49)) - 98e2c854-04e9-4772-8b00-88abbcf17f0b@group-12DD68B65F83-cacheEviction-AwaitToRun-AwaitForSignal is interrupted
2025-08-26 23:00:28,769 [EventQueue-PipelineActionsForPipelineActionHandler] INFO  pipeline.PipelineActionHandler (PipelineActionHandler.java:processPipelineAction(89)) - Received pipeline action CLOSE for Pipeline-e576cdae-d877-42c4-ac1f-12dd68b65f83 from datanode 98e2c854-04e9-4772-8b00-88abbcf17f0b(localhost/127.0.0.1). Reason : Chunks directory /home/runner/work/ozone/ozone/hadoop-ozone/integration-test/target/test-dir/MiniOzoneClusterImpl-89d78760-19a1-47e7-a3d8-9e4bc186c3c1/ozone-metadata/datanode-1/data-0/hdds/89d78760-19a1-47e7-a3d8-9e4bc186c3c1/current/containerDir0/1/chunks does not exist.
2025-08-26 23:00:28,772 [EventQueue-PipelineActionsForPipelineActionHandler] INFO  pipeline.PipelineManagerImpl (PipelineManagerImpl.java:closePipeline(511)) - Pipeline Pipeline-e576cdae-d877-42c4-ac1f-12dd68b65f83 moved to CLOSED state
2025-08-26 23:00:28,968 [EventQueue-PipelineActionsForPipelineActionHandler] INFO  pipeline.PipelineActionHandler (PipelineActionHandler.java:processPipelineAction(89)) - Received pipeline action CLOSE for Pipeline-e576cdae-d877-42c4-ac1f-12dd68b65f83 from datanode 98e2c854-04e9-4772-8b00-88abbcf17f0b(localhost/127.0.0.1). Reason : Chunks directory /home/runner/work/ozone/ozone/hadoop-ozone/integration-test/target/test-dir/MiniOzoneClusterImpl-89d78760-19a1-47e7-a3d8-9e4bc186c3c1/ozone-metadata/datanode-1/data-0/hdds/89d78760-19a1-47e7-a3d8-9e4bc186c3c1/current/containerDir0/1/chunks does not exist.
2025-08-26 23:00:29,168 [EventQueue-PipelineActionsForPipelineActionHandler] INFO  pipeline.PipelineActionHandler (PipelineActionHandler.java:processPipelineAction(89)) - Received pipeline action CLOSE for Pipeline-e576cdae-d877-42c4-ac1f-12dd68b65f83 from datanode 98e2c854-04e9-4772-8b00-88abbcf17f0b(localhost/127.0.0.1). Reason : Chunks directory /home/runner/work/ozone/ozone/hadoop-ozone/integration-test/target/test-dir/MiniOzoneClusterImpl-89d78760-19a1-47e7-a3d8-9e4bc186c3c1/ozone-metadata/datanode-1/data-0/hdds/89d78760-19a1-47e7-a3d8-9e4bc186c3c1/current/containerDir0/1/chunks does not exist.
2025-08-26 23:00:29,368 [EventQueue-PipelineActionsForPipelineActionHandler] INFO  pipeline.PipelineActionHandler (PipelineActionHandler.java:processPipelineAction(89)) - Received pipeline action CLOSE for Pipeline-e576cdae-d877-42c4-ac1f-12dd68b65f83 from datanode 98e2c854-04e9-4772-8b00-88abbcf17f0b(localhost/127.0.0.1). Reason : Chunks directory /home/runner/work/ozone/ozone/hadoop-ozone/integration-test/target/test-dir/MiniOzoneClusterImpl-89d78760-19a1-47e7-a3d8-9e4bc186c3c1/ozone-metadata/datanode-1/data-0/hdds/89d78760-19a1-47e7-a3d8-9e4bc186c3c1/current/containerDir0/1/chunks does not exist.
2025-08-26 23:00:29,568 [EventQueue-PipelineActionsForPipelineActionHandler] INFO  pipeline.PipelineActionHandler (PipelineActionHandler.java:processPipelineAction(89)) - Received pipeline action CLOSE for Pipeline-e576cdae-d877-42c4-ac1f-12dd68b65f83 from datanode 98e2c854-04e9-4772-8b00-88abbcf17f0b(localhost/127.0.0.1). Reason : Chunks directory /home/runner/work/ozone/ozone/hadoop-ozone/integration-test/target/test-dir/MiniOzoneClusterImpl-89d78760-19a1-47e7-a3d8-9e4bc186c3c1/ozone-metadata/datanode-1/data-0/hdds/89d78760-19a1-47e7-a3d8-9e4bc186c3c1/current/containerDir0/1/chunks does not exist.
2025-08-26 23:00:29,768 [EventQueue-PipelineActionsForPipelineActionHandler] INFO  pipeline.PipelineActionHandler (PipelineActionHandler.java:processPipelineAction(89)) - Received pipeline action CLOSE for Pipeline-e576cdae-d877-42c4-ac1f-12dd68b65f83 from datanode 98e2c854-04e9-4772-8b00-88abbcf17f0b(localhost/127.0.0.1). Reason : Chunks directory /home/runner/work/ozone/ozone/hadoop-ozone/integration-test/target/test-dir/MiniOzoneClusterImpl-89d78760-19a1-47e7-a3d8-9e4bc186c3c1/ozone-metadata/datanode-1/data-0/hdds/89d78760-19a1-47e7-a3d8-9e4bc186c3c1/current/containerDir0/1/chunks does not exist.
2025-08-26 23:00:29,968 [EventQueue-PipelineActionsForPipelineActionHandler] INFO  pipeline.PipelineActionHandler (PipelineActionHandler.java:processPipelineAction(89)) - Received pipeline action CLOSE for Pipeline-e576cdae-d877-42c4-ac1f-12dd68b65f83 from datanode 98e2c854-04e9-4772-8b00-88abbcf17f0b(localhost/127.0.0.1). Reason : Chunks directory /home/runner/work/ozone/ozone/hadoop-ozone/integration-test/target/test-dir/MiniOzoneClusterImpl-89d78760-19a1-47e7-a3d8-9e4bc186c3c1/ozone-metadata/datanode-1/data-0/hdds/89d78760-19a1-47e7-a3d8-9e4bc186c3c1/current/containerDir0/1/chunks does not exist.
2025-08-26 23:00:30,168 [EventQueue-PipelineActionsForPipelineActionHandler] INFO  pipeline.PipelineActionHandler (PipelineActionHandler.java:processPipelineAction(89)) - Received pipeline action CLOSE for Pipeline-e576cdae-d877-42c4-ac1f-12dd68b65f83 from datanode 98e2c854-04e9-4772-8b00-88abbcf17f0b(localhost/127.0.0.1). Reason : Chunks directory /home/runner/work/ozone/ozone/hadoop-ozone/integration-test/target/test-dir/MiniOzoneClusterImpl-89d78760-19a1-47e7-a3d8-9e4bc186c3c1/ozone-metadata/datanode-1/data-0/hdds/89d78760-19a1-47e7-a3d8-9e4bc186c3c1/current/containerDir0/1/chunks does not exist.
2025-08-26 23:00:30,368 [EventQueue-PipelineActionsForPipelineActionHandler] INFO  pipeline.PipelineActionHandler (PipelineActionHandler.java:processPipelineAction(89)) - Received pipeline action CLOSE for Pipeline-e576cdae-d877-42c4-ac1f-12dd68b65f83 from datanode 98e2c854-04e9-4772-8b00-88abbcf17f0b(localhost/127.0.0.1). Reason : Chunks directory /home/runner/work/ozone/ozone/hadoop-ozone/integration-test/target/test-dir/MiniOzoneClusterImpl-89d78760-19a1-47e7-a3d8-9e4bc186c3c1/ozone-metadata/datanode-1/data-0/hdds/89d78760-19a1-47e7-a3d8-9e4bc186c3c1/current/containerDir0/1/chunks does not exist.
2025-08-26 23:00:30,568 [EventQueue-PipelineActionsForPipelineActionHandler] INFO  pipeline.PipelineActionHandler (PipelineActionHandler.java:processPipelineAction(89)) - Received pipeline action CLOSE for Pipeline-e576cdae-d877-42c4-ac1f-12dd68b65f83 from datanode 98e2c854-04e9-4772-8b00-88abbcf17f0b(localhost/127.0.0.1). Reason : Chunks directory /home/runner/work/ozone/ozone/hadoop-ozone/integration-test/target/test-dir/MiniOzoneClusterImpl-89d78760-19a1-47e7-a3d8-9e4bc186c3c1/ozone-metadata/datanode-1/data-0/hdds/89d78760-19a1-47e7-a3d8-9e4bc186c3c1/current/containerDir0/1/chunks does not exist.
2025-08-26 23:00:30,768 [EventQueue-PipelineActionsForPipelineActionHandler] INFO  pipeline.PipelineActionHandler (PipelineActionHandler.java:processPipelineAction(89)) - Received pipeline action CLOSE for Pipeline-e576cdae-d877-42c4-ac1f-12dd68b65f83 from datanode 98e2c854-04e9-4772-8b00-88abbcf17f0b(localhost/127.0.0.1). Reason : Chunks directory /home/runner/work/ozone/ozone/hadoop-ozone/integration-test/target/test-dir/MiniOzoneClusterImpl-89d78760-19a1-47e7-a3d8-9e4bc186c3c1/ozone-metadata/datanode-1/data-0/hdds/89d78760-19a1-47e7-a3d8-9e4bc186c3c1/current/containerDir0/1/chunks does not exist.
2025-08-26 23:00:30,968 [EventQueue-PipelineActionsForPipelineActionHandler] INFO  pipeline.PipelineActionHandler (PipelineActionHandler.java:processPipelineAction(89)) - Received pipeline action CLOSE for Pipeline-e576cdae-d877-42c4-ac1f-12dd68b65f83 from datanode 98e2c854-04e9-4772-8b00-88abbcf17f0b(localhost/127.0.0.1). Reason : Chunks directory /home/runner/work/ozone/ozone/hadoop-ozone/integration-test/target/test-dir/MiniOzoneClusterImpl-89d78760-19a1-47e7-a3d8-9e4bc186c3c1/ozone-metadata/datanode-1/data-0/hdds/89d78760-19a1-47e7-a3d8-9e4bc186c3c1/current/containerDir0/1/chunks does not exist.
2025-08-26 23:00:31,167 [EventQueue-PipelineActionsForPipelineActionHandler] INFO  pipeline.PipelineActionHandler (PipelineActionHandler.java:processPipelineAction(89)) - Received pipeline action CLOSE for Pipeline-e576cdae-d877-42c4-ac1f-12dd68b65f83 from datanode 98e2c854-04e9-4772-8b00-88abbcf17f0b(localhost/127.0.0.1). Reason : Chunks directory /home/runner/work/ozone/ozone/hadoop-ozone/integration-test/target/test-dir/MiniOzoneClusterImpl-89d78760-19a1-47e7-a3d8-9e4bc186c3c1/ozone-metadata/datanode-1/data-0/hdds/89d78760-19a1-47e7-a3d8-9e4bc186c3c1/current/containerDir0/1/chunks does not exist.
2025-08-26 23:00:31,368 [EventQueue-PipelineActionsForPipelineActionHandler] INFO  pipeline.PipelineActionHandler (PipelineActionHandler.java:processPipelineAction(89)) - Received pipeline action CLOSE for Pipeline-e576cdae-d877-42c4-ac1f-12dd68b65f83 from datanode 98e2c854-04e9-4772-8b00-88abbcf17f0b(localhost/127.0.0.1). Reason : Chunks directory /home/runner/work/ozone/ozone/hadoop-ozone/integration-test/target/test-dir/MiniOzoneClusterImpl-89d78760-19a1-47e7-a3d8-9e4bc186c3c1/ozone-metadata/datanode-1/data-0/hdds/89d78760-19a1-47e7-a3d8-9e4bc186c3c1/current/containerDir0/1/chunks does not exist.
2025-08-26 23:00:31,568 [EventQueue-PipelineActionsForPipelineActionHandler] INFO  pipeline.PipelineActionHandler (PipelineActionHandler.java:processPipelineAction(89)) - Received pipeline action CLOSE for Pipeline-e576cdae-d877-42c4-ac1f-12dd68b65f83 from datanode 98e2c854-04e9-4772-8b00-88abbcf17f0b(localhost/127.0.0.1). Reason : Chunks directory /home/runner/work/ozone/ozone/hadoop-ozone/integration-test/target/test-dir/MiniOzoneClusterImpl-89d78760-19a1-47e7-a3d8-9e4bc186c3c1/ozone-metadata/datanode-1/data-0/hdds/89d78760-19a1-47e7-a3d8-9e4bc186c3c1/current/containerDir0/1/chunks does not exist.
2025-08-26 23:00:31,768 [EventQueue-PipelineActionsForPipelineActionHandler] INFO  pipeline.PipelineActionHandler (PipelineActionHandler.java:processPipelineAction(89)) - Received pipeline action CLOSE for Pipeline-e576cdae-d877-42c4-ac1f-12dd68b65f83 from datanode 98e2c854-04e9-4772-8b00-88abbcf17f0b(localhost/127.0.0.1). Reason : Chunks directory /home/runner/work/ozone/ozone/hadoop-ozone/integration-test/target/test-dir/MiniOzoneClusterImpl-89d78760-19a1-47e7-a3d8-9e4bc186c3c1/ozone-metadata/datanode-1/data-0/hdds/89d78760-19a1-47e7-a3d8-9e4bc186c3c1/current/containerDir0/1/chunks does not exist.
2025-08-26 23:00:31,768 [98e2c854-04e9-4772-8b00-88abbcf17f0b@group-12DD68B65F83-SegmentedRaftLogWorker] WARN  segmented.SegmentedRaftLogWorker (SegmentedRaftLogWorker.java:lambda$close$3(251)) - 98e2c854-04e9-4772-8b00-88abbcf17f0b@group-12DD68B65F83-SegmentedRaftLogWorker: shutdown timeout in 3s
2025-08-26 23:00:31,770 [98e2c854-04e9-4772-8b00-88abbcf17f0b@group-12DD68B65F83-SegmentedRaftLogWorker] INFO  segmented.SegmentedRaftLogWorker (SegmentedRaftLogWorker.java:close(254)) - 98e2c854-04e9-4772-8b00-88abbcf17f0b@group-12DD68B65F83-SegmentedRaftLogWorker close()
2025-08-26 23:00:31,968 [EventQueue-PipelineActionsForPipelineActionHandler] INFO  pipeline.PipelineActionHandler (PipelineActionHandler.java:processPipelineAction(89)) - Received pipeline action CLOSE for Pipeline-e576cdae-d877-42c4-ac1f-12dd68b65f83 from datanode 98e2c854-04e9-4772-8b00-88abbcf17f0b(localhost/127.0.0.1). Reason : Chunks directory /home/runner/work/ozone/ozone/hadoop-ozone/integration-test/target/test-dir/MiniOzoneClusterImpl-89d78760-19a1-47e7-a3d8-9e4bc186c3c1/ozone-metadata/datanode-1/data-0/hdds/89d78760-19a1-47e7-a3d8-9e4bc186c3c1/current/containerDir0/1/chunks does not exist.
2025-08-26 23:00:32,168 [EventQueue-PipelineActionsForPipelineActionHandler] INFO  pipeline.PipelineActionHandler (PipelineActionHandler.java:processPipelineAction(89)) - Received pipeline action CLOSE for Pipeline-e576cdae-d877-42c4-ac1f-12dd68b65f83 from datanode 98e2c854-04e9-4772-8b00-88abbcf17f0b(localhost/127.0.0.1). Reason : Chunks directory /home/runner/work/ozone/ozone/hadoop-ozone/integration-test/target/test-dir/MiniOzoneClusterImpl-89d78760-19a1-47e7-a3d8-9e4bc186c3c1/ozone-metadata/datanode-1/data-0/hdds/89d78760-19a1-47e7-a3d8-9e4bc186c3c1/current/containerDir0/1/chunks does not exist.
2025-08-26 23:00:32,369 [EventQueue-PipelineActionsForPipelineActionHandler] INFO  pipeline.PipelineActionHandler (PipelineActionHandler.java:processPipelineAction(89)) - Received pipeline action CLOSE for Pipeline-e576cdae-d877-42c4-ac1f-12dd68b65f83 from datanode 98e2c854-04e9-4772-8b00-88abbcf17f0b(localhost/127.0.0.1). Reason : Chunks directory /home/runner/work/ozone/ozone/hadoop-ozone/integration-test/target/test-dir/MiniOzoneClusterImpl-89d78760-19a1-47e7-a3d8-9e4bc186c3c1/ozone-metadata/datanode-1/data-0/hdds/89d78760-19a1-47e7-a3d8-9e4bc186c3c1/current/containerDir0/1/chunks does not exist.
2025-08-26 23:00:32,569 [EventQueue-PipelineActionsForPipelineActionHandler] INFO  pipeline.PipelineActionHandler (PipelineActionHandler.java:processPipelineAction(89)) - Received pipeline action CLOSE for Pipeline-e576cdae-d877-42c4-ac1f-12dd68b65f83 from datanode 98e2c854-04e9-4772-8b00-88abbcf17f0b(localhost/127.0.0.1). Reason : Chunks directory /home/runner/work/ozone/ozone/hadoop-ozone/integration-test/target/test-dir/MiniOzoneClusterImpl-89d78760-19a1-47e7-a3d8-9e4bc186c3c1/ozone-metadata/datanode-1/data-0/hdds/89d78760-19a1-47e7-a3d8-9e4bc186c3c1/current/containerDir0/1/chunks does not exist.
2025-08-26 23:00:32,768 [EventQueue-PipelineActionsForPipelineActionHandler] INFO  pipeline.PipelineActionHandler (PipelineActionHandler.java:processPipelineAction(89)) - Received pipeline action CLOSE for Pipeline-e576cdae-d877-42c4-ac1f-12dd68b65f83 from datanode 98e2c854-04e9-4772-8b00-88abbcf17f0b(localhost/127.0.0.1). Reason : Chunks directory /home/runner/work/ozone/ozone/hadoop-ozone/integration-test/target/test-dir/MiniOzoneClusterImpl-89d78760-19a1-47e7-a3d8-9e4bc186c3c1/ozone-metadata/datanode-1/data-0/hdds/89d78760-19a1-47e7-a3d8-9e4bc186c3c1/current/containerDir0/1/chunks does not exist.
2025-08-26 23:00:32,969 [EventQueue-PipelineActionsForPipelineActionHandler] INFO  pipeline.PipelineActionHandler (PipelineActionHandler.java:processPipelineAction(89)) - Received pipeline action CLOSE for Pipeline-e576cdae-d877-42c4-ac1f-12dd68b65f83 from datanode 98e2c854-04e9-4772-8b00-88abbcf17f0b(localhost/127.0.0.1). Reason : Chunks directory /home/runner/work/ozone/ozone/hadoop-ozone/integration-test/target/test-dir/MiniOzoneClusterImpl-89d78760-19a1-47e7-a3d8-9e4bc186c3c1/ozone-metadata/datanode-1/data-0/hdds/89d78760-19a1-47e7-a3d8-9e4bc186c3c1/current/containerDir0/1/chunks does not exist.
2025-08-26 23:00:33,169 [EventQueue-PipelineActionsForPipelineActionHandler] INFO  pipeline.PipelineActionHandler (PipelineActionHandler.java:processPipelineAction(89)) - Received pipeline action CLOSE for Pipeline-e576cdae-d877-42c4-ac1f-12dd68b65f83 from datanode 98e2c854-04e9-4772-8b00-88abbcf17f0b(localhost/127.0.0.1). Reason : Chunks directory /home/runner/work/ozone/ozone/hadoop-ozone/integration-test/target/test-dir/MiniOzoneClusterImpl-89d78760-19a1-47e7-a3d8-9e4bc186c3c1/ozone-metadata/datanode-1/data-0/hdds/89d78760-19a1-47e7-a3d8-9e4bc186c3c1/current/containerDir0/1/chunks does not exist.
2025-08-26 23:00:33,369 [EventQueue-PipelineActionsForPipelineActionHandler] INFO  pipeline.PipelineActionHandler (PipelineActionHandler.java:processPipelineAction(89)) - Received pipeline action CLOSE for Pipeline-e576cdae-d877-42c4-ac1f-12dd68b65f83 from datanode 98e2c854-04e9-4772-8b00-88abbcf17f0b(localhost/127.0.0.1). Reason : Chunks directory /home/runner/work/ozone/ozone/hadoop-ozone/integration-test/target/test-dir/MiniOzoneClusterImpl-89d78760-19a1-47e7-a3d8-9e4bc186c3c1/ozone-metadata/datanode-1/data-0/hdds/89d78760-19a1-47e7-a3d8-9e4bc186c3c1/current/containerDir0/1/chunks does not exist.
2025-08-26 23:00:33,569 [EventQueue-PipelineActionsForPipelineActionHandler] INFO  pipeline.PipelineActionHandler (PipelineActionHandler.java:processPipelineAction(89)) - Received pipeline action CLOSE for Pipeline-e576cdae-d877-42c4-ac1f-12dd68b65f83 from datanode 98e2c854-04e9-4772-8b00-88abbcf17f0b(localhost/127.0.0.1). Reason : Chunks directory /home/runner/work/ozone/ozone/hadoop-ozone/integration-test/target/test-dir/MiniOzoneClusterImpl-89d78760-19a1-47e7-a3d8-9e4bc186c3c1/ozone-metadata/datanode-1/data-0/hdds/89d78760-19a1-47e7-a3d8-9e4bc186c3c1/current/containerDir0/1/chunks does not exist.
2025-08-26 23:00:33,769 [EventQueue-PipelineActionsForPipelineActionHandler] INFO  pipeline.PipelineActionHandler (PipelineActionHandler.java:processPipelineAction(89)) - Received pipeline action CLOSE for Pipeline-e576cdae-d877-42c4-ac1f-12dd68b65f83 from datanode 98e2c854-04e9-4772-8b00-88abbcf17f0b(localhost/127.0.0.1). Reason : Chunks directory /home/runner/work/ozone/ozone/hadoop-ozone/integration-test/target/test-dir/MiniOzoneClusterImpl-89d78760-19a1-47e7-a3d8-9e4bc186c3c1/ozone-metadata/datanode-1/data-0/hdds/89d78760-19a1-47e7-a3d8-9e4bc186c3c1/current/containerDir0/1/chunks does not exist.
2025-08-26 23:00:33,856 [98e2c854-04e9-4772-8b00-88abbcf17f0b@group-12DD68B65F83-LeaderStateImpl] ERROR util.ExitUtils (ExitUtils.java:terminate(133)) - Terminating with exit status -1: Thread[#1244,98e2c854-04e9-4772-8b00-88abbcf17f0b@group-12DD68B65F83-LeaderStateImpl,5,98e2c854-04e9-4772-8b00-88abbcf17f0b@group-12DD68B65F83] has thrown an uncaught exception
java.lang.IllegalStateException: 98e2c854-04e9-4772-8b00-88abbcf17f0b@group-12DD68B65F83-SegmentedRaftLog is expected to be opened but it is CLOSED
	at org.apache.ratis.util.OpenCloseState.assertOpen(OpenCloseState.java:63)
	at org.apache.ratis.server.raftlog.RaftLogBase.checkLogState(RaftLogBase.java:112)
	at org.apache.ratis.server.raftlog.segmented.SegmentedRaftLog.getLastEntryTermIndex(SegmentedRaftLog.java:356)
	at org.apache.ratis.server.impl.ServerState.getLastEntry(ServerState.java:310)
	at org.apache.ratis.server.impl.LeaderStateImpl.checkPeersForYieldingLeader(LeaderStateImpl.java:1081)
	at org.apache.ratis.server.impl.LeaderStateImpl.access$800(LeaderStateImpl.java:101)
	at org.apache.ratis.server.impl.LeaderStateImpl$EventProcessor.run(LeaderStateImpl.java:769)
Caused by: org.apache.ratis.util.OpenCloseState$CloseTrace: Close 98e2c854-04e9-4772-8b00-88abbcf17f0b@group-12DD68B65F83-SegmentedRaftLog
	at org.apache.ratis.util.OpenCloseState.lambda$close$1(OpenCloseState.java:109)
	at java.base/java.util.concurrent.atomic.AtomicReference.getAndUpdate(AtomicReference.java:188)
	at org.apache.ratis.util.OpenCloseState.close(OpenCloseState.java:109)
	at org.apache.ratis.server.raftlog.RaftLogBase.close(RaftLogBase.java:393)
	at org.apache.ratis.server.raftlog.segmented.SegmentedRaftLog.close(SegmentedRaftLog.java:528)
	at org.apache.ratis.server.raftlog.RaftLogBase.lambda$appendImpl$3(RaftLogBase.java:206)
	at java.base/java.util.concurrent.CompletableFuture.uniWhenComplete(CompletableFuture.java:863)
	at java.base/java.util.concurrent.CompletableFuture$UniWhenComplete.tryFire(CompletableFuture.java:841)
	at java.base/java.util.concurrent.CompletableFuture.postComplete(CompletableFuture.java:510)
	at java.base/java.util.concurrent.CompletableFuture.completeExceptionally(CompletableFuture.java:2194)
	at org.apache.ratis.server.raftlog.segmented.SegmentedRaftLog$Task.failed(SegmentedRaftLog.java:109)
	at org.apache.ratis.server.raftlog.segmented.SegmentedRaftLogWorker$WriteLog.failed(SegmentedRaftLogWorker.java:530)
	at org.apache.ratis.server.raftlog.segmented.SegmentedRaftLogWorker.run(SegmentedRaftLogWorker.java:326)
	at java.base/java.util.concurrent.Executors$RunnableAdapter.call(Executors.java:572)
	at java.base/java.util.concurrent.FutureTask.run(FutureTask.java:317)
	at java.base/java.util.concurrent.ThreadPoolExecutor.runWorker(ThreadPoolExecutor.java:1144)
	at java.base/java.util.concurrent.ThreadPoolExecutor$Worker.run(ThreadPoolExecutor.java:642)
	at java.base/java.lang.Thread.run(Thread.java:1583)
2025-08-26 23:00:33,969 [EventQueue-PipelineActionsForPipelineActionHandler] INFO  pipeline.PipelineActionHandler (PipelineActionHandler.java:processPipelineAction(89)) - Received pipeline action CLOSE for Pipeline-e576cdae-d877-42c4-ac1f-12dd68b65f83 from datanode 98e2c854-04e9-4772-8b00-88abbcf17f0b(localhost/127.0.0.1). Reason : Chunks directory /home/runner/work/ozone/ozone/hadoop-ozone/integration-test/target/test-dir/MiniOzoneClusterImpl-89d78760-19a1-47e7-a3d8-9e4bc186c3c1/ozone-metadata/datanode-1/data-0/hdds/89d78760-19a1-47e7-a3d8-9e4bc186c3c1/current/containerDir0/1/chunks does not exist.
2025-08-26 23:00:34,169 [EventQueue-PipelineActionsForPipelineActionHandler] INFO  pipeline.PipelineActionHandler (PipelineActionHandler.java:processPipelineAction(89)) - Received pipeline action CLOSE for Pipeline-e576cdae-d877-42c4-ac1f-12dd68b65f83 from datanode 98e2c854-04e9-4772-8b00-88abbcf17f0b(localhost/127.0.0.1). Reason : Chunks directory /home/runner/work/ozone/ozone/hadoop-ozone/integration-test/target/test-dir/MiniOzoneClusterImpl-89d78760-19a1-47e7-a3d8-9e4bc186c3c1/ozone-metadata/datanode-1/data-0/hdds/89d78760-19a1-47e7-a3d8-9e4bc186c3c1/current/containerDir0/1/chunks does not exist.
2025-08-26 23:00:34,340 [BackgroundPipelineScrubber] INFO  pipeline.PipelineManagerImpl (PipelineManagerImpl.java:scrubPipelines(602)) - Scrubbing pipeline: id: Pipeline-e576cdae-d877-42c4-ac1f-12dd68b65f83 since it stays at CLOSED stage.
2025-08-26 23:00:34,343 [BackgroundPipelineScrubber] INFO  pipeline.RatisPipelineProvider (RatisPipelineProvider.java:lambda$close$4(273)) - Send pipeline:Pipeline-e576cdae-d877-42c4-ac1f-12dd68b65f83 close command to datanode 98e2c854-04e9-4772-8b00-88abbcf17f0b
2025-08-26 23:00:34,343 [BackgroundPipelineScrubber] INFO  pipeline.PipelineManagerImpl (PipelineManagerImpl.java:removePipeline(464)) - Pipeline Pipeline{ Id: e576cdae-d877-42c4-ac1f-12dd68b65f83, Nodes: [ {98e2c854-04e9-4772-8b00-88abbcf17f0b(localhost/127.0.0.1), ReplicaIndex: 0},], ReplicationConfig: RATIS/ONE, State:CLOSED, leaderId:98e2c854-04e9-4772-8b00-88abbcf17f0b, CreationTimestamp2025-08-26T23:00:18.651Z[Etc/UTC]} removed.
2025-08-26 23:00:34,369 [EventQueue-PipelineActionsForPipelineActionHandler] INFO  pipeline.PipelineActionHandler (PipelineActionHandler.java:processPipelineAction(89)) - Received pipeline action CLOSE for Pipeline-e576cdae-d877-42c4-ac1f-12dd68b65f83 from datanode 98e2c854-04e9-4772-8b00-88abbcf17f0b(localhost/127.0.0.1). Reason : Chunks directory /home/runner/work/ozone/ozone/hadoop-ozone/integration-test/target/test-dir/MiniOzoneClusterImpl-89d78760-19a1-47e7-a3d8-9e4bc186c3c1/ozone-metadata/datanode-1/data-0/hdds/89d78760-19a1-47e7-a3d8-9e4bc186c3c1/current/containerDir0/1/chunks does not exist.
2025-08-26 23:00:34,370 [EventQueue-PipelineActionsForPipelineActionHandler] WARN  pipeline.PipelineActionHandler (PipelineActionHandler.java:closeUnknownPipeline(117)) - Pipeline action received for unknown Pipeline Pipeline-e576cdae-d877-42c4-ac1f-12dd68b65f83, firing close pipeline event.
2025-08-26 23:00:34,569 [EventQueue-PipelineActionsForPipelineActionHandler] INFO  pipeline.PipelineActionHandler (PipelineActionHandler.java:processPipelineAction(89)) - Received pipeline action CLOSE for Pipeline-e576cdae-d877-42c4-ac1f-12dd68b65f83 from datanode 98e2c854-04e9-4772-8b00-88abbcf17f0b(localhost/127.0.0.1). Reason : Chunks directory /home/runner/work/ozone/ozone/hadoop-ozone/integration-test/target/test-dir/MiniOzoneClusterImpl-89d78760-19a1-47e7-a3d8-9e4bc186c3c1/ozone-metadata/datanode-1/data-0/hdds/89d78760-19a1-47e7-a3d8-9e4bc186c3c1/current/containerDir0/1/chunks does not exist.
2025-08-26 23:00:34,569 [EventQueue-PipelineActionsForPipelineActionHandler] WARN  pipeline.PipelineActionHandler (PipelineActionHandler.java:closeUnknownPipeline(117)) - Pipeline action received for unknown Pipeline Pipeline-e576cdae-d877-42c4-ac1f-12dd68b65f83, firing close pipeline event.
2025-08-26 23:00:34,768 [EventQueue-PipelineActionsForPipelineActionHandler] INFO  pipeline.PipelineActionHandler (PipelineActionHandler.java:processPipelineAction(89)) - Received pipeline action CLOSE for Pipeline-e576cdae-d877-42c4-ac1f-12dd68b65f83 from datanode 98e2c854-04e9-4772-8b00-88abbcf17f0b(localhost/127.0.0.1). Reason : Chunks directory /home/runner/work/ozone/ozone/hadoop-ozone/integration-test/target/test-dir/MiniOzoneClusterImpl-89d78760-19a1-47e7-a3d8-9e4bc186c3c1/ozone-metadata/datanode-1/data-0/hdds/89d78760-19a1-47e7-a3d8-9e4bc186c3c1/current/containerDir0/1/chunks does not exist.
2025-08-26 23:00:34,769 [EventQueue-PipelineActionsForPipelineActionHandler] WARN  pipeline.PipelineActionHandler (PipelineActionHandler.java:closeUnknownPipeline(117)) - Pipeline action received for unknown Pipeline Pipeline-e576cdae-d877-42c4-ac1f-12dd68b65f83, firing close pipeline event.
2025-08-26 23:00:34,969 [EventQueue-PipelineActionsForPipelineActionHandler] INFO  pipeline.PipelineActionHandler (PipelineActionHandler.java:processPipelineAction(89)) - Received pipeline action CLOSE for Pipeline-e576cdae-d877-42c4-ac1f-12dd68b65f83 from datanode 98e2c854-04e9-4772-8b00-88abbcf17f0b(localhost/127.0.0.1). Reason : Chunks directory /home/runner/work/ozone/ozone/hadoop-ozone/integration-test/target/test-dir/MiniOzoneClusterImpl-89d78760-19a1-47e7-a3d8-9e4bc186c3c1/ozone-metadata/datanode-1/data-0/hdds/89d78760-19a1-47e7-a3d8-9e4bc186c3c1/current/containerDir0/1/chunks does not exist.
2025-08-26 23:00:34,969 [EventQueue-PipelineActionsForPipelineActionHandler] WARN  pipeline.PipelineActionHandler (PipelineActionHandler.java:closeUnknownPipeline(117)) - Pipeline action received for unknown Pipeline Pipeline-e576cdae-d877-42c4-ac1f-12dd68b65f83, firing close pipeline event.
2025-08-26 23:00:35,169 [EventQueue-PipelineActionsForPipelineActionHandler] INFO  pipeline.PipelineActionHandler (PipelineActionHandler.java:processPipelineAction(89)) - Received pipeline action CLOSE for Pipeline-e576cdae-d877-42c4-ac1f-12dd68b65f83 from datanode 98e2c854-04e9-4772-8b00-88abbcf17f0b(localhost/127.0.0.1). Reason : Chunks directory /home/runner/work/ozone/ozone/hadoop-ozone/integration-test/target/test-dir/MiniOzoneClusterImpl-89d78760-19a1-47e7-a3d8-9e4bc186c3c1/ozone-metadata/datanode-1/data-0/hdds/89d78760-19a1-47e7-a3d8-9e4bc186c3c1/current/containerDir0/1/chunks does not exist.
2025-08-26 23:00:35,170 [EventQueue-PipelineActionsForPipelineActionHandler] WARN  pipeline.PipelineActionHandler (PipelineActionHandler.java:closeUnknownPipeline(117)) - Pipeline action received for unknown Pipeline Pipeline-e576cdae-d877-42c4-ac1f-12dd68b65f83, firing close pipeline event.
2025-08-26 23:00:35,170 [98e2c854-04e9-4772-8b00-88abbcf17f0b-PipelineCommandHandlerThread-0] INFO  server.RaftServer (RaftServerProxy.java:remove(116)) - 98e2c854-04e9-4772-8b00-88abbcf17f0b: remove    LEADER (RUNNING): 98e2c854-04e9-4772-8b00-88abbcf17f0b@group-12DD68B65F83:t1, leader=98e2c854-04e9-4772-8b00-88abbcf17f0b, voted=98e2c854-04e9-4772-8b00-88abbcf17f0b, raftlog=Memoized:98e2c854-04e9-4772-8b00-88abbcf17f0b@group-12DD68B65F83-SegmentedRaftLog:CLOSED:c3, conf=conf: {index: 0, cur=peers:[98e2c854-04e9-4772-8b00-88abbcf17f0b|127.0.0.1:15033]|listeners:[], old=null}
2025-08-26 23:00:35,171 [98e2c854-04e9-4772-8b00-88abbcf17f0b-PipelineCommandHandlerThread-0] INFO  server.RaftServer$Division (RaftServerImpl.java:lambda$close$1(527)) - 98e2c854-04e9-4772-8b00-88abbcf17f0b@group-12DD68B65F83: shutdown
2025-08-26 23:00:35,171 [98e2c854-04e9-4772-8b00-88abbcf17f0b-PipelineCommandHandlerThread-0] INFO  util.JmxRegister (JmxRegister.java:unregister(74)) - Successfully un-registered JMX Bean with object name Ratis:service=RaftServer,group=group-12DD68B65F83,id=98e2c854-04e9-4772-8b00-88abbcf17f0b
2025-08-26 23:00:35,171 [98e2c854-04e9-4772-8b00-88abbcf17f0b-PipelineCommandHandlerThread-0] INFO  impl.RoleInfo (RoleInfo.java:shutdownLeaderState(103)) - 98e2c854-04e9-4772-8b00-88abbcf17f0b: shutdown 98e2c854-04e9-4772-8b00-88abbcf17f0b@group-12DD68B65F83-LeaderStateImpl
2025-08-26 23:00:35,171 [98e2c854-04e9-4772-8b00-88abbcf17f0b-PipelineCommandHandlerThread-0] INFO  impl.PendingRequests (PendingRequests.java:sendNotLeaderResponses(287)) - 98e2c854-04e9-4772-8b00-88abbcf17f0b@group-12DD68B65F83-PendingRequests: sendNotLeaderResponses
2025-08-26 23:00:35,173 [98e2c854-04e9-4772-8b00-88abbcf17f0b@group-12DD68B65F83-StateMachineUpdater] INFO  impl.StateMachineUpdater (StateMachineUpdater.java:stop(140)) - 98e2c854-04e9-4772-8b00-88abbcf17f0b@group-12DD68B65F83-StateMachineUpdater: closing ContainerStateMachine, lastApplied=(t:1, i:3)
2025-08-26 23:00:35,173 [98e2c854-04e9-4772-8b00-88abbcf17f0b-PipelineCommandHandlerThread-0] INFO  impl.StateMachineUpdater (StateMachineUpdater.java:stopAndJoin(163)) - 98e2c854-04e9-4772-8b00-88abbcf17f0b@group-12DD68B65F83-StateMachineUpdater: set stopIndex = 3
2025-08-26 23:00:35,173 [98e2c854-04e9-4772-8b00-88abbcf17f0b-PipelineCommandHandlerThread-0] INFO  segmented.SegmentedRaftLogWorker (SegmentedRaftLogWorker.java:close(254)) - 98e2c854-04e9-4772-8b00-88abbcf17f0b@group-12DD68B65F83-SegmentedRaftLogWorker close()
2025-08-26 23:00:35,175 [grpc-default-executor-0] ERROR impl.OrderedAsync (OrderedAsync.java:lambda$null$6(215)) -  client-6DB79F65E3DA: Failed* RaftClientRequest:client-6DB79F65E3DA->98e2c854-04e9-4772-8b00-88abbcf17f0b@group-12DD68B65F83, cid=4, seq=4, RW, cmdType: WriteChunk
traceID: ""
containerID: 1
datanodeUuid: "98e2c854-04e9-4772-8b00-88abbcf17f0b"
writeChunk {
  blockID {
    containerID: 1
    localID: 115816896921600001
    blockCommitSequenceId: 2
    replicaIndex: 0
  }
  chunkData {
    chunkName: "115816896921600001_chunk_2"
    offset: 5
    len: 5
    checksumData {
      type: CRC32
      bytesPerChecksum: 16384
      checksums: "\350a\3440"
    }
  }
}
encodedToken: "UwoGcnVubmVyEiJjb25JRDogMSBsb2NJRDogMTE1ODE2ODk2OTIxNjAwMDAxGPiEi-6OMygBKAIwgICAAjoVCPSCrZfQpPXQTRDLkuDvoa_5wqkBIDDSudp4oIBOBLvK4T5NN5sUQ3zwZf7JlKQjTi5FSqqWEEhERFNfQkxPQ0tfVE9LRU4oY29uSUQ6IDEgbG9jSUQ6IDExNTgxNjg5NjkyMTYwMDAwMQAAAAAAAA"
version: 3
, data.size=5
java.util.concurrent.CompletionException: org.apache.ratis.protocol.exceptions.AlreadyClosedException: client-6DB79F65E3DA->98e2c854-04e9-4772-8b00-88abbcf17f0b: Stream completed: no reply for async request cid=4
	at java.base/java.util.concurrent.CompletableFuture.encodeThrowable(CompletableFuture.java:332)
	at java.base/java.util.concurrent.CompletableFuture.completeThrowable(CompletableFuture.java:347)
	at java.base/java.util.concurrent.CompletableFuture$UniAccept.tryFire(CompletableFuture.java:708)
	at java.base/java.util.concurrent.CompletableFuture.postComplete(CompletableFuture.java:510)
	at java.base/java.util.concurrent.CompletableFuture.completeExceptionally(CompletableFuture.java:2194)
	at org.apache.ratis.grpc.client.GrpcClientProtocolClient$AsyncStreamObservers.completeReplyExceptionally(GrpcClientProtocolClient.java:397)
	at org.apache.ratis.grpc.client.GrpcClientProtocolClient$AsyncStreamObservers.access$000(GrpcClientProtocolClient.java:303)
	at org.apache.ratis.grpc.client.GrpcClientProtocolClient$AsyncStreamObservers$1.onCompleted(GrpcClientProtocolClient.java:339)
	at org.apache.ratis.thirdparty.io.grpc.stub.ClientCalls$StreamObserverToCallListenerAdapter.onClose(ClientCalls.java:562)
	at org.apache.ratis.thirdparty.io.grpc.PartialForwardingClientCallListener.onClose(PartialForwardingClientCallListener.java:39)
	at org.apache.ratis.thirdparty.io.grpc.ForwardingClientCallListener.onClose(ForwardingClientCallListener.java:23)
	at org.apache.ratis.grpc.metrics.intercept.client.MetricClientCallListener.onClose(MetricClientCallListener.java:47)
	at org.apache.ratis.thirdparty.io.grpc.internal.DelayedClientCall$DelayedListener$3.run(DelayedClientCall.java:489)
	at org.apache.ratis.thirdparty.io.grpc.internal.DelayedClientCall$DelayedListener.delayOrExecute(DelayedClientCall.java:453)
	at org.apache.ratis.thirdparty.io.grpc.internal.DelayedClientCall$DelayedListener.onClose(DelayedClientCall.java:486)
	at org.apache.ratis.thirdparty.io.grpc.internal.ClientCallImpl.closeObserver(ClientCallImpl.java:565)
	at org.apache.ratis.thirdparty.io.grpc.internal.ClientCallImpl.access$100(ClientCallImpl.java:72)
	at org.apache.ratis.thirdparty.io.grpc.internal.ClientCallImpl$ClientStreamListenerImpl$1StreamClosed.runInternal(ClientCallImpl.java:733)
	at org.apache.ratis.thirdparty.io.grpc.internal.ClientCallImpl$ClientStreamListenerImpl$1StreamClosed.runInContext(ClientCallImpl.java:714)
	at org.apache.ratis.thirdparty.io.grpc.internal.ContextRunnable.run(ContextRunnable.java:37)
	at org.apache.ratis.thirdparty.io.grpc.internal.SerializingExecutor.run(SerializingExecutor.java:133)
	at java.base/java.util.concurrent.ThreadPoolExecutor.runWorker(ThreadPoolExecutor.java:1144)
	at java.base/java.util.concurrent.ThreadPoolExecutor$Worker.run(ThreadPoolExecutor.java:642)
	at java.base/java.lang.Thread.run(Thread.java:1583)
Caused by: org.apache.ratis.protocol.exceptions.AlreadyClosedException: client-6DB79F65E3DA->98e2c854-04e9-4772-8b00-88abbcf17f0b: Stream completed: no reply for async request cid=4
	at org.apache.ratis.grpc.client.GrpcClientProtocolClient$AsyncStreamObservers.completeReplyExceptionally(GrpcClientProtocolClient.java:399)
	... 18 more
2025-08-26 23:00:35,176 [98e2c854-04e9-4772-8b00-88abbcf17f0b-PipelineCommandHandlerThread-0] INFO  server.RaftServer$Division (RaftServerImpl.java:groupRemove(497)) - 98e2c854-04e9-4772-8b00-88abbcf17f0b@group-12DD68B65F83: Succeed to remove RaftStorageDirectory Storage Directory /home/runner/work/ozone/ozone/hadoop-ozone/integration-test/target/test-dir/MiniOzoneClusterImpl-89d78760-19a1-47e7-a3d8-9e4bc186c3c1/ozone-metadata/datanode-1/ratis/e576cdae-d877-42c4-ac1f-12dd68b65f83
2025-08-26 23:00:35,176 [98e2c854-04e9-4772-8b00-88abbcf17f0b-PipelineCommandHandlerThread-0] INFO  commandhandler.ClosePipelineCommandHandler (ClosePipelineCommandHandler.java:lambda$handle$2(142)) - Close Pipeline Pipeline-e576cdae-d877-42c4-ac1f-12dd68b65f83 command on datanode 98e2c854-04e9-4772-8b00-88abbcf17f0b(localhost/127.0.0.1).
2025-08-26 23:00:35,179 [grpc-default-executor-0] ERROR impl.OrderedAsync (OrderedAsync.java:lambda$null$6(215)) -  client-6DB79F65E3DA: Failed* RaftClientRequest:client-6DB79F65E3DA->98e2c854-04e9-4772-8b00-88abbcf17f0b@group-12DD68B65F83, cid=5, seq=5, RW, cmdType: PutBlock
traceID: ""
containerID: 1
datanodeUuid: "98e2c854-04e9-4772-8b00-88abbcf17f0b"
putBlock {
  blockData {
    blockID {
      containerID: 1
      localID: 115816896921600001
      blockCommitSequenceId: 0
    }
    metadata {
      key: "TYPE"
      value: "KEY"
    }
    chunks {
      chunkName: "115816896921600001_chunk_1"
      offset: 0
      len: 5
      checksumData {
        type: CRC32
        bytesPerChecksum: 16384
        checksums: "\350a\3440"
      }
    }
    chunks {
      chunkName: "115816896921600001_chunk_2"
      offset: 5
      len: 5
      checksumData {
        type: CRC32
        bytesPerChecksum: 16384
        checksums: "\350a\3440"
      }
    }
  }
  eof: true
}
encodedToken: "UwoGcnVubmVyEiJjb25JRDogMSBsb2NJRDogMTE1ODE2ODk2OTIxNjAwMDAxGPiEi-6OMygBKAIwgICAAjoVCPSCrZfQpPXQTRDLkuDvoa_5wqkBIDDSudp4oIBOBLvK4T5NN5sUQ3zwZf7JlKQjTi5FSqqWEEhERFNfQkxPQ0tfVE9LRU4oY29uSUQ6IDEgbG9jSUQ6IDExNTgxNjg5NjkyMTYwMDAwMQAAAAAAAA"
version: 3
, data.size=0
java.util.concurrent.CompletionException: org.apache.ratis.protocol.exceptions.AlreadyClosedException: client-6DB79F65E3DA->98e2c854-04e9-4772-8b00-88abbcf17f0b: Stream completed: no reply for async request cid=5
	at java.base/java.util.concurrent.CompletableFuture.encodeThrowable(CompletableFuture.java:332)
	at java.base/java.util.concurrent.CompletableFuture.completeThrowable(CompletableFuture.java:347)
	at java.base/java.util.concurrent.CompletableFuture$UniAccept.tryFire(CompletableFuture.java:708)
	at java.base/java.util.concurrent.CompletableFuture.postComplete(CompletableFuture.java:510)
	at java.base/java.util.concurrent.CompletableFuture.completeExceptionally(CompletableFuture.java:2194)
	at org.apache.ratis.grpc.client.GrpcClientProtocolClient$AsyncStreamObservers.completeReplyExceptionally(GrpcClientProtocolClient.java:397)
	at org.apache.ratis.grpc.client.GrpcClientProtocolClient$AsyncStreamObservers.access$000(GrpcClientProtocolClient.java:303)
	at org.apache.ratis.grpc.client.GrpcClientProtocolClient$AsyncStreamObservers$1.onCompleted(GrpcClientProtocolClient.java:339)
	at org.apache.ratis.thirdparty.io.grpc.stub.ClientCalls$StreamObserverToCallListenerAdapter.onClose(ClientCalls.java:562)
	at org.apache.ratis.thirdparty.io.grpc.PartialForwardingClientCallListener.onClose(PartialForwardingClientCallListener.java:39)
	at org.apache.ratis.thirdparty.io.grpc.ForwardingClientCallListener.onClose(ForwardingClientCallListener.java:23)
	at org.apache.ratis.grpc.metrics.intercept.client.MetricClientCallListener.onClose(MetricClientCallListener.java:47)
	at org.apache.ratis.thirdparty.io.grpc.internal.DelayedClientCall$DelayedListener$3.run(DelayedClientCall.java:489)
	at org.apache.ratis.thirdparty.io.grpc.internal.DelayedClientCall$DelayedListener.delayOrExecute(DelayedClientCall.java:453)
	at org.apache.ratis.thirdparty.io.grpc.internal.DelayedClientCall$DelayedListener.onClose(DelayedClientCall.java:486)
	at org.apache.ratis.thirdparty.io.grpc.internal.ClientCallImpl.closeObserver(ClientCallImpl.java:565)
	at org.apache.ratis.thirdparty.io.grpc.internal.ClientCallImpl.access$100(ClientCallImpl.java:72)
	at org.apache.ratis.thirdparty.io.grpc.internal.ClientCallImpl$ClientStreamListenerImpl$1StreamClosed.runInternal(ClientCallImpl.java:733)
	at org.apache.ratis.thirdparty.io.grpc.internal.ClientCallImpl$ClientStreamListenerImpl$1StreamClosed.runInContext(ClientCallImpl.java:714)
	at org.apache.ratis.thirdparty.io.grpc.internal.ContextRunnable.run(ContextRunnable.java:37)
	at org.apache.ratis.thirdparty.io.grpc.internal.SerializingExecutor.run(SerializingExecutor.java:133)
	at java.base/java.util.concurrent.ThreadPoolExecutor.runWorker(ThreadPoolExecutor.java:1144)
	at java.base/java.util.concurrent.ThreadPoolExecutor$Worker.run(ThreadPoolExecutor.java:642)
	at java.base/java.lang.Thread.run(Thread.java:1583)
Caused by: org.apache.ratis.protocol.exceptions.AlreadyClosedException: client-6DB79F65E3DA->98e2c854-04e9-4772-8b00-88abbcf17f0b: Stream completed: no reply for async request cid=5
	at org.apache.ratis.grpc.client.GrpcClientProtocolClient$AsyncStreamObservers.completeReplyExceptionally(GrpcClientProtocolClient.java:399)
	... 18 more
2025-08-26 23:00:38,756 [grpc-default-executor-1] ERROR impl.OrderedAsync (OrderedAsync.java:lambda$null$6(215)) -  client-6DB79F65E3DA: Failed* RaftClientRequest:client-6DB79F65E3DA->98e2c854-04e9-4772-8b00-88abbcf17f0b@group-12DD68B65F83, cid=4, seq=4*, RW, cmdType: WriteChunk
traceID: ""
containerID: 1
datanodeUuid: "98e2c854-04e9-4772-8b00-88abbcf17f0b"
writeChunk {
  blockID {
    containerID: 1
    localID: 115816896921600001
    blockCommitSequenceId: 2
    replicaIndex: 0
  }
  chunkData {
    chunkName: "115816896921600001_chunk_2"
    offset: 5
    len: 5
    checksumData {
      type: CRC32
      bytesPerChecksum: 16384
      checksums: "\350a\3440"
    }
  }
}
encodedToken: "UwoGcnVubmVyEiJjb25JRDogMSBsb2NJRDogMTE1ODE2ODk2OTIxNjAwMDAxGPiEi-6OMygBKAIwgICAAjoVCPSCrZfQpPXQTRDLkuDvoa_5wqkBIDDSudp4oIBOBLvK4T5NN5sUQ3zwZf7JlKQjTi5FSqqWEEhERFNfQkxPQ0tfVE9LRU4oY29uSUQ6IDEgbG9jSUQ6IDExNTgxNjg5NjkyMTYwMDAwMQAAAAAAAA"
version: 3
, data.size=5
java.util.concurrent.CompletionException: org.apache.ratis.protocol.exceptions.GroupMismatchException: 98e2c854-04e9-4772-8b00-88abbcf17f0b: group-12DD68B65F83 not found.
	at java.base/java.util.concurrent.CompletableFuture.encodeThrowable(CompletableFuture.java:332)
	at java.base/java.util.concurrent.CompletableFuture.completeThrowable(CompletableFuture.java:347)
	at java.base/java.util.concurrent.CompletableFuture$UniAccept.tryFire(CompletableFuture.java:708)
	at java.base/java.util.concurrent.CompletableFuture.postComplete(CompletableFuture.java:510)
	at java.base/java.util.concurrent.CompletableFuture.completeExceptionally(CompletableFuture.java:2194)
	at org.apache.ratis.grpc.client.GrpcClientProtocolClient$AsyncStreamObservers.completeReplyExceptionally(GrpcClientProtocolClient.java:397)
	at org.apache.ratis.grpc.client.GrpcClientProtocolClient$AsyncStreamObservers.access$000(GrpcClientProtocolClient.java:303)
	at org.apache.ratis.grpc.client.GrpcClientProtocolClient$AsyncStreamObservers$1.onError(GrpcClientProtocolClient.java:334)
	at org.apache.ratis.thirdparty.io.grpc.stub.ClientCalls$StreamObserverToCallListenerAdapter.onClose(ClientCalls.java:564)
	at org.apache.ratis.thirdparty.io.grpc.PartialForwardingClientCallListener.onClose(PartialForwardingClientCallListener.java:39)
	at org.apache.ratis.thirdparty.io.grpc.ForwardingClientCallListener.onClose(ForwardingClientCallListener.java:23)
	at org.apache.ratis.grpc.metrics.intercept.client.MetricClientCallListener.onClose(MetricClientCallListener.java:47)
	at org.apache.ratis.thirdparty.io.grpc.internal.ClientCallImpl.closeObserver(ClientCallImpl.java:565)
	at org.apache.ratis.thirdparty.io.grpc.internal.ClientCallImpl.access$100(ClientCallImpl.java:72)
	at org.apache.ratis.thirdparty.io.grpc.internal.ClientCallImpl$ClientStreamListenerImpl$1StreamClosed.runInternal(ClientCallImpl.java:733)
	at org.apache.ratis.thirdparty.io.grpc.internal.ClientCallImpl$ClientStreamListenerImpl$1StreamClosed.runInContext(ClientCallImpl.java:714)
	at org.apache.ratis.thirdparty.io.grpc.internal.ContextRunnable.run(ContextRunnable.java:37)
	at org.apache.ratis.thirdparty.io.grpc.internal.SerializingExecutor.run(SerializingExecutor.java:133)
	at java.base/java.util.concurrent.ThreadPoolExecutor.runWorker(ThreadPoolExecutor.java:1144)
	at java.base/java.util.concurrent.ThreadPoolExecutor$Worker.run(ThreadPoolExecutor.java:642)
	at java.base/java.lang.Thread.run(Thread.java:1583)
Caused by: org.apache.ratis.protocol.exceptions.GroupMismatchException: 98e2c854-04e9-4772-8b00-88abbcf17f0b: group-12DD68B65F83 not found.
	at org.apache.ratis.server.impl.RaftServerProxy$ImplMap.get(RaftServerProxy.java:160)
	at org.apache.ratis.server.impl.RaftServerProxy.getImplFuture(RaftServerProxy.java:370)
	at org.apache.ratis.server.impl.RaftServerProxy.submitClientRequestAsync(RaftServerProxy.java:455)
	at org.apache.ratis.grpc.server.GrpcClientProtocolService$RequestStreamObserver.processClientRequest(GrpcClientProtocolService.java:226)
	at org.apache.ratis.grpc.server.GrpcClientProtocolService$OrderedRequestStreamObserver.processClientRequest(GrpcClientProtocolService.java:332)
	at org.apache.ratis.util.SlidingWindow$Server.processRequestsFromHead(SlidingWindow.java:467)
	at org.apache.ratis.util.SlidingWindow$Server.receivedRequest(SlidingWindow.java:459)
	at org.apache.ratis.grpc.server.GrpcClientProtocolService$OrderedRequestStreamObserver.processClientRequest(GrpcClientProtocolService.java:356)
	at org.apache.ratis.grpc.server.GrpcClientProtocolService$RequestStreamObserver.onNext(GrpcClientProtocolService.java:246)
	at org.apache.ratis.grpc.server.GrpcClientProtocolService$RequestStreamObserver.onNext(GrpcClientProtocolService.java:169)
	at org.apache.ratis.thirdparty.io.grpc.stub.ServerCalls$StreamingServerCallHandler$StreamingServerCallListener.onMessage(ServerCalls.java:262)
	at org.apache.ratis.thirdparty.io.grpc.internal.ServerCallImpl$ServerStreamListenerImpl.messagesAvailableInternal(ServerCallImpl.java:334)
	at org.apache.ratis.thirdparty.io.grpc.internal.ServerCallImpl$ServerStreamListenerImpl.messagesAvailable(ServerCallImpl.java:319)
	at org.apache.ratis.thirdparty.io.grpc.internal.ServerImpl$JumpToApplicationThreadServerStreamListener$1MessagesAvailable.runInContext(ServerImpl.java:834)
	... 5 more
2025-08-26 23:00:38,757 [grpc-default-executor-1] ERROR impl.OrderedAsync (OrderedAsync.java:lambda$send$4(181)) - Failed to send request, message=cmdType: WriteChunk
traceID: ""
containerID: 1
datanodeUuid: "98e2c854-04e9-4772-8b00-88abbcf17f0b"
writeChunk {
  blockID {
    containerID: 1
    localID: 115816896921600001
    blockCommitSequenceId: 2
    replicaIndex: 0
  }
  chunkData {
    chunkName: "115816896921600001_chunk_2"
    offset: 5
    len: 5
    checksumData {
      type: CRC32
      bytesPerChecksum: 16384
      checksums: "\350a\3440"
    }
  }
}
encodedToken: "UwoGcnVubmVyEiJjb25JRDogMSBsb2NJRDogMTE1ODE2ODk2OTIxNjAwMDAxGPiEi-6OMygBKAIwgICAAjoVCPSCrZfQpPXQTRDLkuDvoa_5wqkBIDDSudp4oIBOBLvK4T5NN5sUQ3zwZf7JlKQjTi5FSqqWEEhERFNfQkxPQ0tfVE9LRU4oY29uSUQ6IDEgbG9jSUQ6IDExNTgxNjg5NjkyMTYwMDAwMQAAAAAAAA"
version: 3
, data.size=5
java.util.concurrent.CompletionException: org.apache.ratis.protocol.exceptions.GroupMismatchException: 98e2c854-04e9-4772-8b00-88abbcf17f0b: group-12DD68B65F83 not found.
	at java.base/java.util.concurrent.CompletableFuture.encodeThrowable(CompletableFuture.java:332)
	at java.base/java.util.concurrent.CompletableFuture.completeThrowable(CompletableFuture.java:347)
	at java.base/java.util.concurrent.CompletableFuture$UniApply.tryFire(CompletableFuture.java:636)
	at java.base/java.util.concurrent.CompletableFuture.postComplete(CompletableFuture.java:510)
	at java.base/java.util.concurrent.CompletableFuture.completeExceptionally(CompletableFuture.java:2194)
	at org.apache.ratis.client.impl.OrderedAsync$PendingOrderedRequest.fail(OrderedAsync.java:111)
	at org.apache.ratis.util.SlidingWindow$Client.fail(SlidingWindow.java:395)
	at org.apache.ratis.client.impl.OrderedAsync.failAllAsyncRequests(OrderedAsync.java:155)
	at org.apache.ratis.client.impl.OrderedAsync.handleException(OrderedAsync.java:232)
	at org.apache.ratis.client.impl.OrderedAsync.lambda$sendRequestWithRetry$7(OrderedAsync.java:217)
	at java.base/java.util.concurrent.CompletableFuture.uniExceptionally(CompletableFuture.java:990)
	at java.base/java.util.concurrent.CompletableFuture$UniExceptionally.tryFire(CompletableFuture.java:974)
	at java.base/java.util.concurrent.CompletableFuture.postComplete(CompletableFuture.java:510)
	at java.base/java.util.concurrent.CompletableFuture.completeExceptionally(CompletableFuture.java:2194)
	at org.apache.ratis.grpc.client.GrpcClientProtocolClient$AsyncStreamObservers.completeReplyExceptionally(GrpcClientProtocolClient.java:397)
	at org.apache.ratis.grpc.client.GrpcClientProtocolClient$AsyncStreamObservers.access$000(GrpcClientProtocolClient.java:303)
	at org.apache.ratis.grpc.client.GrpcClientProtocolClient$AsyncStreamObservers$1.onError(GrpcClientProtocolClient.java:334)
	at org.apache.ratis.thirdparty.io.grpc.stub.ClientCalls$StreamObserverToCallListenerAdapter.onClose(ClientCalls.java:564)
	at org.apache.ratis.thirdparty.io.grpc.PartialForwardingClientCallListener.onClose(PartialForwardingClientCallListener.java:39)
	at org.apache.ratis.thirdparty.io.grpc.ForwardingClientCallListener.onClose(ForwardingClientCallListener.java:23)
	at org.apache.ratis.grpc.metrics.intercept.client.MetricClientCallListener.onClose(MetricClientCallListener.java:47)
	at org.apache.ratis.thirdparty.io.grpc.internal.ClientCallImpl.closeObserver(ClientCallImpl.java:565)
	at org.apache.ratis.thirdparty.io.grpc.internal.ClientCallImpl.access$100(ClientCallImpl.java:72)
	at org.apache.ratis.thirdparty.io.grpc.internal.ClientCallImpl$ClientStreamListenerImpl$1StreamClosed.runInternal(ClientCallImpl.java:733)
	at org.apache.ratis.thirdparty.io.grpc.internal.ClientCallImpl$ClientStreamListenerImpl$1StreamClosed.runInContext(ClientCallImpl.java:714)
	at org.apache.ratis.thirdparty.io.grpc.internal.ContextRunnable.run(ContextRunnable.java:37)
	at org.apache.ratis.thirdparty.io.grpc.internal.SerializingExecutor.run(SerializingExecutor.java:133)
	at java.base/java.util.concurrent.ThreadPoolExecutor.runWorker(ThreadPoolExecutor.java:1144)
	at java.base/java.util.concurrent.ThreadPoolExecutor$Worker.run(ThreadPoolExecutor.java:642)
	at java.base/java.lang.Thread.run(Thread.java:1583)
Caused by: org.apache.ratis.protocol.exceptions.GroupMismatchException: 98e2c854-04e9-4772-8b00-88abbcf17f0b: group-12DD68B65F83 not found.
	at org.apache.ratis.server.impl.RaftServerProxy$ImplMap.get(RaftServerProxy.java:160)
	at org.apache.ratis.server.impl.RaftServerProxy.getImplFuture(RaftServerProxy.java:370)
	at org.apache.ratis.server.impl.RaftServerProxy.submitClientRequestAsync(RaftServerProxy.java:455)
	at org.apache.ratis.grpc.server.GrpcClientProtocolService$RequestStreamObserver.processClientRequest(GrpcClientProtocolService.java:226)
	at org.apache.ratis.grpc.server.GrpcClientProtocolService$OrderedRequestStreamObserver.processClientRequest(GrpcClientProtocolService.java:332)
	at org.apache.ratis.util.SlidingWindow$Server.processRequestsFromHead(SlidingWindow.java:467)
	at org.apache.ratis.util.SlidingWindow$Server.receivedRequest(SlidingWindow.java:459)
	at org.apache.ratis.grpc.server.GrpcClientProtocolService$OrderedRequestStreamObserver.processClientRequest(GrpcClientProtocolService.java:356)
	at org.apache.ratis.grpc.server.GrpcClientProtocolService$RequestStreamObserver.onNext(GrpcClientProtocolService.java:246)
	at org.apache.ratis.grpc.server.GrpcClientProtocolService$RequestStreamObserver.onNext(GrpcClientProtocolService.java:169)
	at org.apache.ratis.thirdparty.io.grpc.stub.ServerCalls$StreamingServerCallHandler$StreamingServerCallListener.onMessage(ServerCalls.java:262)
	at org.apache.ratis.thirdparty.io.grpc.internal.ServerCallImpl$ServerStreamListenerImpl.messagesAvailableInternal(ServerCallImpl.java:334)
	at org.apache.ratis.thirdparty.io.grpc.internal.ServerCallImpl$ServerStreamListenerImpl.messagesAvailable(ServerCallImpl.java:319)
	at org.apache.ratis.thirdparty.io.grpc.internal.ServerImpl$JumpToApplicationThreadServerStreamListener$1MessagesAvailable.runInContext(ServerImpl.java:834)
	... 5 more
2025-08-26 23:00:38,758 [grpc-default-executor-1] ERROR impl.OrderedAsync (OrderedAsync.java:lambda$send$4(179)) - Failed to send request, message=cmdType: PutBlock
traceID: ""
containerID: 1
datanodeUuid: "98e2c854-04e9-4772-8b00-88abbcf17f0b"
putBlock {
  blockData {
    blockID {
      containerID: 1
      localID: 115816896921600001
      blockCommitSequenceId: 0
    }
    metadata {
      key: "TYPE"
      value: "KEY"
    }
    chunks {
      chunkName: "115816896921600001_chunk_1"
      offset: 0
      len: 5
      checksumData {
        type: CRC32
        bytesPerChecksum: 16384
        checksums: "\350a\3440"
      }
    }
    chunks {
      chunkName: "115816896921600001_chunk_2"
      offset: 5
      len: 5
      checksumData {
        type: CRC32
        bytesPerChecksum: 16384
        checksums: "\350a\3440"
      }
    }
  }
  eof: true
}
encodedToken: "UwoGcnVubmVyEiJjb25JRDogMSBsb2NJRDogMTE1ODE2ODk2OTIxNjAwMDAxGPiEi-6OMygBKAIwgICAAjoVCPSCrZfQpPXQTRDLkuDvoa_5wqkBIDDSudp4oIBOBLvK4T5NN5sUQ3zwZf7JlKQjTi5FSqqWEEhERFNfQkxPQ0tfVE9LRU4oY29uSUQ6IDEgbG9jSUQ6IDExNTgxNjg5NjkyMTYwMDAwMQAAAAAAAA"
version: 3
, data.size=0 due to java.util.concurrent.CompletionException: org.apache.ratis.protocol.exceptions.AlreadyClosedException: SlidingWindow$Client:client-6DB79F65E3DA->RAFT is closed.
2025-08-26 23:00:38,760 [ForkJoinPool-1-worker-1] WARN  io.KeyOutputStream (KeyOutputStream.java:handleExceptionInternal(377)) - Encountered exception java.io.IOException: Unexpected Storage Container Exception: java.util.concurrent.CompletionException: Failed to write chunk 115816896921600001_chunk_2 into block conID: 1 locID: 115816896921600001 bcsId: 2 replicaIndex: null on the pipeline Pipeline{ Id: e576cdae-d877-42c4-ac1f-12dd68b65f83, Nodes: [ {98e2c854-04e9-4772-8b00-88abbcf17f0b(localhost/127.0.0.1), ReplicaIndex: 0},], ReplicationConfig: RATIS/ONE, State:OPEN, leaderId:98e2c854-04e9-4772-8b00-88abbcf17f0b, CreationTimestamp2025-08-26T23:00:18.651Z[Etc/UTC]}. The last committed block length is 5, uncommitted data length is 5 retry count 0
2025-08-26 23:00:38,767 [IPC Server handler 1 on default port 15019] INFO  pipeline.RatisPipelineProvider (RatisPipelineProvider.java:lambda$create$0(208)) - Sending CreatePipelineCommand for pipeline:Pipeline-9ca12281-b90c-4cf2-8088-06b6bc9b8924 to datanode:98e2c854-04e9-4772-8b00-88abbcf17f0b(localhost/127.0.0.1)
2025-08-26 23:00:39,967 [98e2c854-04e9-4772-8b00-88abbcf17f0b-PipelineCommandHandlerThread-0] INFO  server.RaftServer (RaftServerProxy.java:addNew(105)) - 98e2c854-04e9-4772-8b00-88abbcf17f0b: addNew group-06B6BC9B8924:[98e2c854-04e9-4772-8b00-88abbcf17f0b|127.0.0.1:15033] returns group-06B6BC9B8924:java.util.concurrent.CompletableFuture@e3b890a[Not completed]
2025-08-26 23:00:39,969 [98e2c854-04e9-4772-8b00-88abbcf17f0b-groupManagement] INFO  server.RaftServer$Division (RaftServerImpl.java:<init>(268)) - 98e2c854-04e9-4772-8b00-88abbcf17f0b: new RaftServerImpl for group-06B6BC9B8924:[98e2c854-04e9-4772-8b00-88abbcf17f0b|127.0.0.1:15033] with ContainerStateMachine:uninitialized
2025-08-26 23:00:39,969 [98e2c854-04e9-4772-8b00-88abbcf17f0b-groupManagement] INFO  server.RaftServer$Division (ServerState.java:<init>(114)) - 98e2c854-04e9-4772-8b00-88abbcf17f0b@group-06B6BC9B8924: ConfigurationManager, init=conf: {index: -1, cur=peers:[98e2c854-04e9-4772-8b00-88abbcf17f0b|127.0.0.1:15033]|listeners:[], old=null}, confs=<EMPTY_MAP>
2025-08-26 23:00:39,972 [98e2c854-04e9-4772-8b00-88abbcf17f0b-groupManagement] INFO  storage.RaftStorageDirectory (RaftStorageDirectoryImpl.java:analyzeStorage(138)) - The storage directory /home/runner/work/ozone/ozone/hadoop-ozone/integration-test/target/test-dir/MiniOzoneClusterImpl-89d78760-19a1-47e7-a3d8-9e4bc186c3c1/ozone-metadata/datanode-1/ratis/9ca12281-b90c-4cf2-8088-06b6bc9b8924 does not exist. Creating ...
2025-08-26 23:00:39,973 [98e2c854-04e9-4772-8b00-88abbcf17f0b-groupManagement] INFO  storage.RaftStorageDirectory (RaftStorageDirectoryImpl.java:tryLock(229)) - Lock on /home/runner/work/ozone/ozone/hadoop-ozone/integration-test/target/test-dir/MiniOzoneClusterImpl-89d78760-19a1-47e7-a3d8-9e4bc186c3c1/ozone-metadata/datanode-1/ratis/9ca12281-b90c-4cf2-8088-06b6bc9b8924/in_use.lock acquired by nodename 9091@localhost
2025-08-26 23:00:39,975 [98e2c854-04e9-4772-8b00-88abbcf17f0b-groupManagement] INFO  storage.RaftStorage (RaftStorageImpl.java:format(98)) - Storage directory /home/runner/work/ozone/ozone/hadoop-ozone/integration-test/target/test-dir/MiniOzoneClusterImpl-89d78760-19a1-47e7-a3d8-9e4bc186c3c1/ozone-metadata/datanode-1/ratis/9ca12281-b90c-4cf2-8088-06b6bc9b8924 has been successfully formatted.
2025-08-26 23:00:39,975 [98e2c854-04e9-4772-8b00-88abbcf17f0b-groupManagement] INFO  ratis.ContainerStateMachine (ContainerStateMachine.java:initialize(339)) - 98e2c854-04e9-4772-8b00-88abbcf17f0b: initialize group-06B6BC9B8924
2025-08-26 23:00:39,975 [98e2c854-04e9-4772-8b00-88abbcf17f0b-groupManagement] INFO  ratis.ContainerStateMachine (ContainerStateMachine.java:loadSnapshot(347)) - group-06B6BC9B8924: The snapshot info is null. Setting the last applied index to:<INITIAL_VALUE>
2025-08-26 23:00:39,975 [98e2c854-04e9-4772-8b00-88abbcf17f0b-groupManagement] INFO  server.RaftServerConfigKeys (ConfUtils.java:logGet(62)) - raft.server.log.appender.buffer.byte-limit = 33554432 (custom)
2025-08-26 23:00:39,976 [98e2c854-04e9-4772-8b00-88abbcf17f0b-groupManagement] INFO  server.RaftServerConfigKeys (ConfUtils.java:logGet(62)) - raft.server.log.segment.size.max = 67108864 (custom)
2025-08-26 23:00:39,977 [98e2c854-04e9-4772-8b00-88abbcf17f0b-groupManagement] INFO  server.RaftServerConfigKeys (ConfUtils.java:logGet(62)) - raft.server.log.appender.buffer.byte-limit = 33554432 (custom)
2025-08-26 23:00:39,977 [98e2c854-04e9-4772-8b00-88abbcf17f0b-groupManagement] INFO  util.AwaitToRun (AwaitToRun.java:start(81)) - Thread[#1264,98e2c854-04e9-4772-8b00-88abbcf17f0b@group-06B6BC9B8924-cacheEviction-AwaitToRun,5,main] started
2025-08-26 23:00:39,977 [98e2c854-04e9-4772-8b00-88abbcf17f0b-groupManagement] INFO  segmented.SegmentedRaftLogWorker (SegmentedRaftLogWorker.java:<init>(190)) - new 98e2c854-04e9-4772-8b00-88abbcf17f0b@group-06B6BC9B8924-SegmentedRaftLogWorker for RaftStorageImpl:Storage Directory /home/runner/work/ozone/ozone/hadoop-ozone/integration-test/target/test-dir/MiniOzoneClusterImpl-89d78760-19a1-47e7-a3d8-9e4bc186c3c1/ozone-metadata/datanode-1/ratis/9ca12281-b90c-4cf2-8088-06b6bc9b8924
2025-08-26 23:00:39,977 [98e2c854-04e9-4772-8b00-88abbcf17f0b-groupManagement] INFO  server.RaftServerConfigKeys (ConfUtils.java:logGet(62)) - raft.server.log.queue.byte-limit = 4294967296 (custom)
2025-08-26 23:00:39,977 [98e2c854-04e9-4772-8b00-88abbcf17f0b-groupManagement] INFO  server.RaftServerConfigKeys (ConfUtils.java:logGet(62)) - raft.server.log.segment.size.max = 67108864 (custom)
2025-08-26 23:00:39,977 [98e2c854-04e9-4772-8b00-88abbcf17f0b-groupManagement] INFO  server.RaftServerConfigKeys (ConfUtils.java:logGet(62)) - raft.server.log.preallocated.size = 4194304 (custom)
2025-08-26 23:00:39,978 [98e2c854-04e9-4772-8b00-88abbcf17f0b-groupManagement] INFO  server.RaftServerConfigKeys (ConfUtils.java:logGet(62)) - raft.server.log.write.buffer.size = 33554440 (custom)
2025-08-26 23:00:39,980 [EventQueue-PipelineReportForPipelineReportHandler] INFO  pipeline.PipelineReportHandler (PipelineReportHandler.java:processPipelineReport(134)) - Opened pipeline Pipeline-9ca12281-b90c-4cf2-8088-06b6bc9b8924
2025-08-26 23:00:39,982 [98e2c854-04e9-4772-8b00-88abbcf17f0b-groupManagement] INFO  server.RaftServerConfigKeys (ConfUtils.java:logGet(62)) - raft.server.log.appender.buffer.byte-limit = 33554432 (custom)
2025-08-26 23:00:39,982 [98e2c854-04e9-4772-8b00-88abbcf17f0b-groupManagement] INFO  segmented.SegmentedRaftLogWorker (SegmentedRaftLogWorker.java:lambda$new$0(141)) - 98e2c854-04e9-4772-8b00-88abbcf17f0b@group-06B6BC9B8924-SegmentedRaftLogWorker: flushIndex: setUnconditionally 0 -> -1
2025-08-26 23:00:39,982 [98e2c854-04e9-4772-8b00-88abbcf17f0b-groupManagement] INFO  segmented.SegmentedRaftLogWorker (SegmentedRaftLogWorker.java:lambda$new$0(141)) - 98e2c854-04e9-4772-8b00-88abbcf17f0b@group-06B6BC9B8924-SegmentedRaftLogWorker: safeCacheEvictIndex: setUnconditionally 0 -> -1
2025-08-26 23:00:39,982 [98e2c854-04e9-4772-8b00-88abbcf17f0b-groupManagement] INFO  server.RaftServer$Division (RaftServerImpl.java:start(405)) - 98e2c854-04e9-4772-8b00-88abbcf17f0b@group-06B6BC9B8924: start as a follower, conf=conf: {index: -1, cur=peers:[98e2c854-04e9-4772-8b00-88abbcf17f0b|127.0.0.1:15033]|listeners:[], old=null}
2025-08-26 23:00:39,983 [98e2c854-04e9-4772-8b00-88abbcf17f0b-groupManagement] INFO  server.RaftServer$Division (RaftServerImpl.java:setRole(392)) - 98e2c854-04e9-4772-8b00-88abbcf17f0b@group-06B6BC9B8924: changes role from      null to FOLLOWER at term 0 for startAsFollower
2025-08-26 23:00:39,983 [98e2c854-04e9-4772-8b00-88abbcf17f0b-groupManagement] INFO  impl.RoleInfo (RoleInfo.java:updateAndGet(148)) - 98e2c854-04e9-4772-8b00-88abbcf17f0b: start 98e2c854-04e9-4772-8b00-88abbcf17f0b@group-06B6BC9B8924-FollowerState
2025-08-26 23:00:39,983 [98e2c854-04e9-4772-8b00-88abbcf17f0b-groupManagement] INFO  util.JmxRegister (JmxRegister.java:tryRegister(44)) - Successfully registered JMX Bean with object name Ratis:service=RaftServer,group=group-06B6BC9B8924,id=98e2c854-04e9-4772-8b00-88abbcf17f0b
2025-08-26 23:00:39,983 [98e2c854-04e9-4772-8b00-88abbcf17f0b-groupManagement] INFO  util.JmxRegister (JmxRegister.java:register(58)) - register mxBean class org.apache.ratis.server.impl.RaftServerJmxAdapter as Ratis:service=RaftServer,group=group-06B6BC9B8924,id=98e2c854-04e9-4772-8b00-88abbcf17f0b
2025-08-26 23:00:39,984 [98e2c854-04e9-4772-8b00-88abbcf17f0b-groupManagement] INFO  server.RaftServer$Division (RaftServerImpl.java:start(419)) - 98e2c854-04e9-4772-8b00-88abbcf17f0b@group-06B6BC9B8924: Successfully started.
2025-08-26 23:00:39,984 [98e2c854-04e9-4772-8b00-88abbcf17f0b-PipelineCommandHandlerThread-0] INFO  ratis.XceiverServerRatis (XceiverServerRatis.java:addGroup(846)) - Created group Pipeline-9ca12281-b90c-4cf2-8088-06b6bc9b8924
2025-08-26 23:00:39,984 [98e2c854-04e9-4772-8b00-88abbcf17f0b-PipelineCommandHandlerThread-0] INFO  commandhandler.CreatePipelineCommandHandler (CreatePipelineCommandHandler.java:lambda$handle$2(127)) - Created Pipeline RATIS ONE Pipeline-9ca12281-b90c-4cf2-8088-06b6bc9b8924.
2025-08-26 23:00:40,093 [grpc-default-executor-2] ERROR impl.OrderedAsync (OrderedAsync.java:lambda$null$6(215)) -  client-B17EDF2869FE: Failed* RaftClientRequest:client-B17EDF2869FE->98e2c854-04e9-4772-8b00-88abbcf17f0b@group-06B6BC9B8924, cid=6, seq=1*, Watch(0), null
java.util.concurrent.CompletionException: org.apache.ratis.protocol.exceptions.NotLeaderException: Server 98e2c854-04e9-4772-8b00-88abbcf17f0b@group-06B6BC9B8924 is not the leader
	at java.base/java.util.concurrent.CompletableFuture.encodeThrowable(CompletableFuture.java:332)
	at java.base/java.util.concurrent.CompletableFuture.completeThrowable(CompletableFuture.java:347)
	at java.base/java.util.concurrent.CompletableFuture$UniAccept.tryFire(CompletableFuture.java:708)
	at java.base/java.util.concurrent.CompletableFuture.postComplete(CompletableFuture.java:510)
	at java.base/java.util.concurrent.CompletableFuture.completeExceptionally(CompletableFuture.java:2194)
	at org.apache.ratis.grpc.client.GrpcClientProtocolClient$AsyncStreamObservers.completeReplyExceptionally(GrpcClientProtocolClient.java:397)
	at org.apache.ratis.grpc.client.GrpcClientProtocolClient$AsyncStreamObservers.access$000(GrpcClientProtocolClient.java:303)
	at org.apache.ratis.grpc.client.GrpcClientProtocolClient$AsyncStreamObservers$1.onNext(GrpcClientProtocolClient.java:317)
	at org.apache.ratis.grpc.client.GrpcClientProtocolClient$AsyncStreamObservers$1.onNext(GrpcClientProtocolClient.java:308)
	at org.apache.ratis.thirdparty.io.grpc.stub.ClientCalls$StreamObserverToCallListenerAdapter.onMessage(ClientCalls.java:551)
	at org.apache.ratis.thirdparty.io.grpc.ForwardingClientCallListener.onMessage(ForwardingClientCallListener.java:33)
	at org.apache.ratis.thirdparty.io.grpc.internal.DelayedClientCall$DelayedListener.onMessage(DelayedClientCall.java:473)
	at org.apache.ratis.thirdparty.io.grpc.internal.ClientCallImpl$ClientStreamListenerImpl$1MessagesAvailable.runInternal(ClientCallImpl.java:661)
	at org.apache.ratis.thirdparty.io.grpc.internal.ClientCallImpl$ClientStreamListenerImpl$1MessagesAvailable.runInContext(ClientCallImpl.java:648)
	at org.apache.ratis.thirdparty.io.grpc.internal.ContextRunnable.run(ContextRunnable.java:37)
	at org.apache.ratis.thirdparty.io.grpc.internal.SerializingExecutor.run(SerializingExecutor.java:133)
	at java.base/java.util.concurrent.ThreadPoolExecutor.runWorker(ThreadPoolExecutor.java:1144)
	at java.base/java.util.concurrent.ThreadPoolExecutor$Worker.run(ThreadPoolExecutor.java:642)
	at java.base/java.lang.Thread.run(Thread.java:1583)
Caused by: org.apache.ratis.protocol.exceptions.NotLeaderException: Server 98e2c854-04e9-4772-8b00-88abbcf17f0b@group-06B6BC9B8924 is not the leader
	at org.apache.ratis.client.impl.ClientProtoUtils.toRaftClientReply(ClientProtoUtils.java:402)
	at org.apache.ratis.grpc.client.GrpcClientProtocolClient$AsyncStreamObservers$1.onNext(GrpcClientProtocolClient.java:313)
	... 11 more
2025-08-26 23:00:41,087 [98e2c854-04e9-4772-8b00-88abbcf17f0b@group-06B6BC9B8924-FollowerState] INFO  impl.FollowerState (FollowerState.java:runImpl(161)) - 98e2c854-04e9-4772-8b00-88abbcf17f0b@group-06B6BC9B8924-FollowerState: change to CANDIDATE, lastRpcElapsedTime:1104421416ns, electionTimeout:1104ms
2025-08-26 23:00:41,087 [98e2c854-04e9-4772-8b00-88abbcf17f0b@group-06B6BC9B8924-FollowerState] INFO  impl.RoleInfo (RoleInfo.java:shutdownFollowerState(121)) - 98e2c854-04e9-4772-8b00-88abbcf17f0b: shutdown 98e2c854-04e9-4772-8b00-88abbcf17f0b@group-06B6BC9B8924-FollowerState
2025-08-26 23:00:41,087 [98e2c854-04e9-4772-8b00-88abbcf17f0b@group-06B6BC9B8924-FollowerState] INFO  server.RaftServer$Division (RaftServerImpl.java:setRole(392)) - 98e2c854-04e9-4772-8b00-88abbcf17f0b@group-06B6BC9B8924: changes role from  FOLLOWER to CANDIDATE at term 0 for changeToCandidate
2025-08-26 23:00:41,088 [98e2c854-04e9-4772-8b00-88abbcf17f0b@group-06B6BC9B8924-FollowerState] INFO  impl.RoleInfo (RoleInfo.java:updateAndGet(148)) - 98e2c854-04e9-4772-8b00-88abbcf17f0b: start 98e2c854-04e9-4772-8b00-88abbcf17f0b@group-06B6BC9B8924-LeaderElection9
2025-08-26 23:00:41,088 [98e2c854-04e9-4772-8b00-88abbcf17f0b@group-06B6BC9B8924-LeaderElection9] INFO  impl.LeaderElection (LeaderElection.java:askForVotes(448)) - 98e2c854-04e9-4772-8b00-88abbcf17f0b@group-06B6BC9B8924-LeaderElection9 PRE_VOTE round 0: submit vote requests at term 0 for conf: {index: -1, cur=peers:[98e2c854-04e9-4772-8b00-88abbcf17f0b|127.0.0.1:15033]|listeners:[], old=null}
2025-08-26 23:00:41,088 [98e2c854-04e9-4772-8b00-88abbcf17f0b@group-06B6BC9B8924-LeaderElection9] INFO  impl.LeaderElection (LeaderElection.java:askForVotes(450)) - 98e2c854-04e9-4772-8b00-88abbcf17f0b@group-06B6BC9B8924-LeaderElection9 PRE_VOTE round 0: result PASSED (term=0)
2025-08-26 23:00:41,089 [98e2c854-04e9-4772-8b00-88abbcf17f0b@group-06B6BC9B8924-LeaderElection9] INFO  impl.LeaderElection (LeaderElection.java:askForVotes(448)) - 98e2c854-04e9-4772-8b00-88abbcf17f0b@group-06B6BC9B8924-LeaderElection9 ELECTION round 0: submit vote requests at term 1 for conf: {index: -1, cur=peers:[98e2c854-04e9-4772-8b00-88abbcf17f0b|127.0.0.1:15033]|listeners:[], old=null}
2025-08-26 23:00:41,089 [98e2c854-04e9-4772-8b00-88abbcf17f0b@group-06B6BC9B8924-LeaderElection9] INFO  impl.LeaderElection (LeaderElection.java:askForVotes(450)) - 98e2c854-04e9-4772-8b00-88abbcf17f0b@group-06B6BC9B8924-LeaderElection9 ELECTION round 0: result PASSED (term=1)
2025-08-26 23:00:41,089 [98e2c854-04e9-4772-8b00-88abbcf17f0b@group-06B6BC9B8924-LeaderElection9] INFO  impl.RoleInfo (RoleInfo.java:shutdownLeaderElection(141)) - 98e2c854-04e9-4772-8b00-88abbcf17f0b: shutdown 98e2c854-04e9-4772-8b00-88abbcf17f0b@group-06B6BC9B8924-LeaderElection9
2025-08-26 23:00:41,090 [98e2c854-04e9-4772-8b00-88abbcf17f0b@group-06B6BC9B8924-LeaderElection9] INFO  server.RaftServer$Division (RaftServerImpl.java:setRole(392)) - 98e2c854-04e9-4772-8b00-88abbcf17f0b@group-06B6BC9B8924: changes role from CANDIDATE to LEADER at term 1 for changeToLeader
2025-08-26 23:00:41,090 [98e2c854-04e9-4772-8b00-88abbcf17f0b@group-06B6BC9B8924-LeaderElection9] INFO  server.RaftServerConfigKeys (ConfUtils.java:logFallback(69)) - raft.server.staging.timeout = 15600ms (fallback to raft.server.rpc.timeout.max)
2025-08-26 23:00:41,090 [98e2c854-04e9-4772-8b00-88abbcf17f0b@group-06B6BC9B8924-LeaderElection9] INFO  server.RaftServerConfigKeys (ConfUtils.java:logGet(62)) - raft.server.write.byte-limit = 1024 M (=1073741824) (custom)
2025-08-26 23:00:41,091 [98e2c854-04e9-4772-8b00-88abbcf17f0b@group-06B6BC9B8924-LeaderElection9] INFO  impl.RoleInfo (RoleInfo.java:updateAndGet(148)) - 98e2c854-04e9-4772-8b00-88abbcf17f0b: start 98e2c854-04e9-4772-8b00-88abbcf17f0b@group-06B6BC9B8924-LeaderStateImpl
2025-08-26 23:00:41,091 [98e2c854-04e9-4772-8b00-88abbcf17f0b@group-06B6BC9B8924-LeaderElection9] INFO  server.RaftServer$Division (RaftServerImpl.java:setFirstElection(576)) - 98e2c854-04e9-4772-8b00-88abbcf17f0b@group-06B6BC9B8924: set firstElectionSinceStartup to false for becomeLeader
2025-08-26 23:00:41,091 [98e2c854-04e9-4772-8b00-88abbcf17f0b@group-06B6BC9B8924-LeaderElection9] INFO  ratis.XceiverServerRatis (XceiverServerRatis.java:handleLeaderChangedNotification(947)) - Leader change notification received for group: group-06B6BC9B8924 with new leaderId: 98e2c854-04e9-4772-8b00-88abbcf17f0b
2025-08-26 23:00:41,091 [98e2c854-04e9-4772-8b00-88abbcf17f0b@group-06B6BC9B8924-LeaderElection9] INFO  server.RaftServer$Division (ServerState.java:setLeader(272)) - 98e2c854-04e9-4772-8b00-88abbcf17f0b@group-06B6BC9B8924: change Leader from null to 98e2c854-04e9-4772-8b00-88abbcf17f0b at term 1 for becomeLeader, leader elected after 1121ms
2025-08-26 23:00:41,091 [98e2c854-04e9-4772-8b00-88abbcf17f0b@group-06B6BC9B8924-LeaderElection9] INFO  segmented.SegmentedRaftLogWorker (SegmentedRaftLogWorker.java:startLogSegment(440)) - 98e2c854-04e9-4772-8b00-88abbcf17f0b@group-06B6BC9B8924-SegmentedRaftLogWorker: Starting segment from index:0
2025-08-26 23:00:41,092 [98e2c854-04e9-4772-8b00-88abbcf17f0b@group-06B6BC9B8924-SegmentedRaftLogWorker] INFO  segmented.BufferedWriteChannel (BufferedWriteChannel.java:open(61)) - open log_inprogress_0 at position 0
2025-08-26 23:00:41,095 [98e2c854-04e9-4772-8b00-88abbcf17f0b@group-06B6BC9B8924-LeaderElection9] INFO  server.RaftServer$Division (ServerState.java:setRaftConf(386)) - 98e2c854-04e9-4772-8b00-88abbcf17f0b@group-06B6BC9B8924: set configuration conf: {index: 0, cur=peers:[98e2c854-04e9-4772-8b00-88abbcf17f0b|127.0.0.1:15033]|listeners:[], old=null}
2025-08-26 23:00:41,099 [98e2c854-04e9-4772-8b00-88abbcf17f0b@group-06B6BC9B8924-SegmentedRaftLogWorker] INFO  segmented.SegmentedRaftLogWorker (SegmentedRaftLogWorker.java:execute(647)) - 98e2c854-04e9-4772-8b00-88abbcf17f0b@group-06B6BC9B8924-SegmentedRaftLogWorker: created new log segment /home/runner/work/ozone/ozone/hadoop-ozone/integration-test/target/test-dir/MiniOzoneClusterImpl-89d78760-19a1-47e7-a3d8-9e4bc186c3c1/ozone-metadata/datanode-1/ratis/9ca12281-b90c-4cf2-8088-06b6bc9b8924/current/log_inprogress_0
2025-08-26 23:00:41,100 [98e2c854-04e9-4772-8b00-88abbcf17f0b@group-06B6BC9B8924-StateMachineUpdater] INFO  server.RaftServer$Division (LeaderStateImpl.java:checkStartIndex(309)) - Leader 98e2c854-04e9-4772-8b00-88abbcf17f0b@group-06B6BC9B8924-LeaderStateImpl is ready since appliedIndex == startIndex == 0
2025-08-26 23:00:41,100 [98e2c854-04e9-4772-8b00-88abbcf17f0b@group-06B6BC9B8924-StateMachineUpdater] INFO  ratis.ContainerStateMachine (ContainerStateMachine.java:takeSnapshot(427)) - group-06B6BC9B8924: Taking a snapshot at:(t:1, i:0) file /home/runner/work/ozone/ozone/hadoop-ozone/integration-test/target/test-dir/MiniOzoneClusterImpl-89d78760-19a1-47e7-a3d8-9e4bc186c3c1/ozone-metadata/datanode-1/ratis/9ca12281-b90c-4cf2-8088-06b6bc9b8924/sm/snapshot.1_0
2025-08-26 23:00:41,101 [98e2c854-04e9-4772-8b00-88abbcf17f0b@group-06B6BC9B8924-StateMachineUpdater] INFO  ratis.ContainerStateMachine (ContainerStateMachine.java:takeSnapshot(436)) - group-06B6BC9B8924: Finished taking a snapshot at:(t:1, i:0) file:/home/runner/work/ozone/ozone/hadoop-ozone/integration-test/target/test-dir/MiniOzoneClusterImpl-89d78760-19a1-47e7-a3d8-9e4bc186c3c1/ozone-metadata/datanode-1/ratis/9ca12281-b90c-4cf2-8088-06b6bc9b8924/sm/snapshot.1_0 took: 1 ms
2025-08-26 23:00:41,101 [98e2c854-04e9-4772-8b00-88abbcf17f0b@group-06B6BC9B8924-StateMachineUpdater] INFO  impl.StateMachineUpdater (StateMachineUpdater.java:takeSnapshot(307)) - 98e2c854-04e9-4772-8b00-88abbcf17f0b@group-06B6BC9B8924-StateMachineUpdater: Took a snapshot at index 0
2025-08-26 23:00:41,101 [98e2c854-04e9-4772-8b00-88abbcf17f0b@group-06B6BC9B8924-StateMachineUpdater] INFO  impl.StateMachineUpdater (StateMachineUpdater.java:lambda$new$0(101)) - 98e2c854-04e9-4772-8b00-88abbcf17f0b@group-06B6BC9B8924-StateMachineUpdater: snapshotIndex: updateIncreasingly -1 -> 0
2025-08-26 23:00:46,882 [timer6] ERROR impl.OrderedAsync (OrderedAsync.java:lambda$null$6(215)) -  client-B17EDF2869FE: Failed* RaftClientRequest:client-B17EDF2869FE->98e2c854-04e9-4772-8b00-88abbcf17f0b@group-06B6BC9B8924, cid=6, seq=1*, Watch(0), null
java.util.concurrent.CompletionException: org.apache.ratis.protocol.exceptions.AlreadyClosedException: client-B17EDF2869FE->98e2c854-04e9-4772-8b00-88abbcf17f0b is closed.
	at java.base/java.util.concurrent.CompletableFuture.encodeThrowable(CompletableFuture.java:332)
	at java.base/java.util.concurrent.CompletableFuture.uniAcceptNow(CompletableFuture.java:747)
	at java.base/java.util.concurrent.CompletableFuture.uniAcceptStage(CompletableFuture.java:735)
	at java.base/java.util.concurrent.CompletableFuture.thenAccept(CompletableFuture.java:2214)
	at org.apache.ratis.client.impl.OrderedAsync.sendRequestWithRetry(OrderedAsync.java:206)
	at org.apache.ratis.util.SlidingWindow$Client.sendOrDelayRequest(SlidingWindow.java:315)
	at org.apache.ratis.util.SlidingWindow$Client.retry(SlidingWindow.java:331)
	at org.apache.ratis.client.impl.OrderedAsync.lambda$handleException$8(OrderedAsync.java:253)
	at org.apache.ratis.util.TimeoutTimer.lambda$onTimeout$2(TimeoutTimer.java:101)
	at org.apache.ratis.util.LogUtils.runAndLog(LogUtils.java:38)
	at org.apache.ratis.util.LogUtils$1.run(LogUtils.java:78)
	at org.apache.ratis.util.TimeoutTimer$Task.run(TimeoutTimer.java:55)
	at java.base/java.util.TimerThread.mainLoop(Timer.java:566)
	at java.base/java.util.TimerThread.run(Timer.java:516)
Caused by: org.apache.ratis.protocol.exceptions.AlreadyClosedException: client-B17EDF2869FE->98e2c854-04e9-4772-8b00-88abbcf17f0b is closed.
	at org.apache.ratis.grpc.client.GrpcClientProtocolClient$AsyncStreamObservers.onNext(GrpcClientProtocolClient.java:352)
	at org.apache.ratis.grpc.client.GrpcClientRpc.sendRequestAsync(GrpcClientRpc.java:71)
	... 10 more
2025-08-26 23:00:53,170 [ForkJoinPool-1-worker-1] INFO  io.BlockOutputStreamEntry (BlockOutputStreamEntry.java:writeOnRetry(192)) - BlockOutputStreamEntry:ratis conID: 2 locID: 115816896921600002 bcsId: 0 replicaIndex: null: Finish retrying with len 5, currentPosition 5
2025-08-26 23:00:53,170 [ForkJoinPool-1-worker-1] INFO  io.BlockOutputStreamEntry (BlockOutputStreamEntry.java:finishRetryHandling(141)) - BlockOutputStreamEntry:ratis conID: 2 locID: 115816896921600002 bcsId: 0 replicaIndex: null: Exiting retry handling mode
2025-08-26 23:00:53,174 [98e2c854-04e9-4772-8b00-88abbcf17f0b@group-06B6BC9B8924-StateMachineUpdater] INFO  ratis.ContainerStateMachine (ContainerStateMachine.java:takeSnapshot(427)) - group-06B6BC9B8924: Taking a snapshot at:(t:1, i:4) file /home/runner/work/ozone/ozone/hadoop-ozone/integration-test/target/test-dir/MiniOzoneClusterImpl-89d78760-19a1-47e7-a3d8-9e4bc186c3c1/ozone-metadata/datanode-1/ratis/9ca12281-b90c-4cf2-8088-06b6bc9b8924/sm/snapshot.1_4
2025-08-26 23:00:53,175 [98e2c854-04e9-4772-8b00-88abbcf17f0b@group-06B6BC9B8924-StateMachineUpdater] INFO  ratis.ContainerStateMachine (ContainerStateMachine.java:takeSnapshot(436)) - group-06B6BC9B8924: Finished taking a snapshot at:(t:1, i:4) file:/home/runner/work/ozone/ozone/hadoop-ozone/integration-test/target/test-dir/MiniOzoneClusterImpl-89d78760-19a1-47e7-a3d8-9e4bc186c3c1/ozone-metadata/datanode-1/ratis/9ca12281-b90c-4cf2-8088-06b6bc9b8924/sm/snapshot.1_4 took: 1 ms
2025-08-26 23:00:53,175 [98e2c854-04e9-4772-8b00-88abbcf17f0b@group-06B6BC9B8924-StateMachineUpdater] INFO  impl.StateMachineUpdater (StateMachineUpdater.java:takeSnapshot(307)) - 98e2c854-04e9-4772-8b00-88abbcf17f0b@group-06B6BC9B8924-StateMachineUpdater: Took a snapshot at index 4
2025-08-26 23:00:53,175 [98e2c854-04e9-4772-8b00-88abbcf17f0b@group-06B6BC9B8924-StateMachineUpdater] INFO  impl.StateMachineUpdater (StateMachineUpdater.java:lambda$new$0(101)) - 98e2c854-04e9-4772-8b00-88abbcf17f0b@group-06B6BC9B8924-StateMachineUpdater: snapshotIndex: updateIncreasingly 0 -> 4
2025-08-26 23:00:53,176 [98e2c854-04e9-4772-8b00-88abbcf17f0b@group-06B6BC9B8924-StateMachineUpdater] INFO  ratis.ContainerStateMachine (ContainerStateMachine.java:takeSnapshot(427)) - group-06B6BC9B8924: Taking a snapshot at:(t:1, i:5) file /home/runner/work/ozone/ozone/hadoop-ozone/integration-test/target/test-dir/MiniOzoneClusterImpl-89d78760-19a1-47e7-a3d8-9e4bc186c3c1/ozone-metadata/datanode-1/ratis/9ca12281-b90c-4cf2-8088-06b6bc9b8924/sm/snapshot.1_5
2025-08-26 23:00:53,177 [98e2c854-04e9-4772-8b00-88abbcf17f0b@group-06B6BC9B8924-StateMachineUpdater] INFO  ratis.ContainerStateMachine (ContainerStateMachine.java:takeSnapshot(436)) - group-06B6BC9B8924: Finished taking a snapshot at:(t:1, i:5) file:/home/runner/work/ozone/ozone/hadoop-ozone/integration-test/target/test-dir/MiniOzoneClusterImpl-89d78760-19a1-47e7-a3d8-9e4bc186c3c1/ozone-metadata/datanode-1/ratis/9ca12281-b90c-4cf2-8088-06b6bc9b8924/sm/snapshot.1_5 took: 2 ms
2025-08-26 23:00:53,177 [98e2c854-04e9-4772-8b00-88abbcf17f0b@group-06B6BC9B8924-StateMachineUpdater] INFO  impl.StateMachineUpdater (StateMachineUpdater.java:takeSnapshot(307)) - 98e2c854-04e9-4772-8b00-88abbcf17f0b@group-06B6BC9B8924-StateMachineUpdater: Took a snapshot at index 5
2025-08-26 23:00:53,177 [98e2c854-04e9-4772-8b00-88abbcf17f0b@group-06B6BC9B8924-StateMachineUpdater] INFO  impl.StateMachineUpdater (StateMachineUpdater.java:lambda$new$0(101)) - 98e2c854-04e9-4772-8b00-88abbcf17f0b@group-06B6BC9B8924-StateMachineUpdater: snapshotIndex: updateIncreasingly 4 -> 5
2025-08-26 23:00:53,195 [ForkJoinPool-1-worker-1] INFO  ozone.MiniOzoneClusterImpl (MiniOzoneClusterImpl.java:shutdown(373)) - Shutting down the Mini Ozone Cluster
2025-08-26 23:00:53,195 [ForkJoinPool-1-worker-1] INFO  db.CodecTestUtil (CodecTestUtil.java:gc(50)) - gc 0
2025-08-26 23:00:53,348 [ForkJoinPool-1-worker-1] INFO  ozone.MiniOzoneClusterImpl (MiniOzoneClusterImpl.java:stop(389)) - Stopping the Mini Ozone Cluster
2025-08-26 23:00:53,348 [ForkJoinPool-1-worker-1] INFO  om.OzoneManager (OzoneManager.java:stop(2382)) - om1[localhost:15024]: Stopping Ozone Manager
2025-08-26 23:00:53,349 [ForkJoinPool-1-worker-1] INFO  ipc.Server (Server.java:stop(3697)) - Stopping server on 15024
2025-08-26 23:00:53,350 [IPC Server Responder] INFO  ipc.Server (Server.java:run(1718)) - Stopping IPC Server Responder
2025-08-26 23:00:53,350 [IPC Server listener on 15024] INFO  ipc.Server (Server.java:run(1585)) - Stopping IPC Server listener on 15024
2025-08-26 23:00:53,351 [ForkJoinPool-1-worker-1] INFO  ratis.OzoneManagerRatisServer (OzoneManagerRatisServer.java:stop(634)) - Stopping org.apache.hadoop.ozone.om.ratis.OzoneManagerRatisServer@b4bb365 at port 15027
2025-08-26 23:00:53,351 [ForkJoinPool-1-worker-1] INFO  server.RaftServer (RaftServerProxy.java:lambda$close$9(422)) - om1: close
2025-08-26 23:00:53,352 [ForkJoinPool-1-worker-1] INFO  server.GrpcServicesImpl (GrpcServicesImpl.java:closeImpl(355)) - om1: shutdown server GrpcServerProtocolService now
2025-08-26 23:00:53,352 [om1-impl-thread1] INFO  server.RaftServer$Division (RaftServerImpl.java:lambda$close$1(527)) - om1@group-C5BA1605619E: shutdown
2025-08-26 23:00:53,352 [om1-impl-thread1] INFO  util.JmxRegister (JmxRegister.java:unregister(74)) - Successfully un-registered JMX Bean with object name Ratis:service=RaftServer,group=group-C5BA1605619E,id=om1
2025-08-26 23:00:53,352 [om1-impl-thread1] INFO  impl.RoleInfo (RoleInfo.java:shutdownLeaderState(103)) - om1: shutdown om1@group-C5BA1605619E-LeaderStateImpl
2025-08-26 23:00:53,353 [om1-impl-thread1] INFO  impl.PendingRequests (PendingRequests.java:sendNotLeaderResponses(287)) - om1@group-C5BA1605619E-PendingRequests: sendNotLeaderResponses
2025-08-26 23:00:53,353 [ForkJoinPool-1-worker-1] INFO  server.GrpcServicesImpl (GrpcServicesImpl.java:closeImpl(364)) - om1: shutdown server GrpcServerProtocolService successfully
2025-08-26 23:00:53,353 [om1-impl-thread1] INFO  impl.StateMachineUpdater (StateMachineUpdater.java:stopAndJoin(163)) - om1@group-C5BA1605619E-StateMachineUpdater: set stopIndex = 5
2025-08-26 23:00:53,370 [om1@group-C5BA1605619E-StateMachineUpdater] INFO  ratis.OzoneManagerStateMachine (OzoneManagerStateMachine.java:takeSnapshotImpl(515)) - om1: taking snapshot. applied = (t:1, i:5), skipped = -1, notified = (t:1, i:0), current snapshot index = (t:1, i:5), took 17 ms
2025-08-26 23:00:53,371 [om1@group-C5BA1605619E-StateMachineUpdater] INFO  impl.StateMachineUpdater (StateMachineUpdater.java:takeSnapshot(307)) - om1@group-C5BA1605619E-StateMachineUpdater: Took a snapshot at index 5
2025-08-26 23:00:53,371 [om1@group-C5BA1605619E-StateMachineUpdater] INFO  impl.StateMachineUpdater (StateMachineUpdater.java:lambda$new$0(101)) - om1@group-C5BA1605619E-StateMachineUpdater: snapshotIndex: updateIncreasingly -1 -> 5
2025-08-26 23:00:53,371 [om1@group-C5BA1605619E-StateMachineUpdater] INFO  impl.StateMachineUpdater (StateMachineUpdater.java:stop(140)) - om1@group-C5BA1605619E-StateMachineUpdater: closing OzoneManagerStateMachine, lastApplied=(t:1, i:5)
2025-08-26 23:00:53,371 [om1@group-C5BA1605619E-StateMachineUpdater] INFO  ratis.OzoneManagerStateMachine (OzoneManagerStateMachine.java:close(555)) - Stopping OzoneManagerStateMachine:om1:group-C5BA1605619E.
2025-08-26 23:00:53,371 [om1@group-C5BA1605619E-StateMachineUpdater] INFO  ratis.OzoneManagerDoubleBuffer (OzoneManagerDoubleBuffer.java:stopDaemon(499)) - Stopping OMDoubleBuffer flush thread
2025-08-26 23:00:53,371 [om1-OMDoubleBufferFlushThread] INFO  ratis.OzoneManagerDoubleBuffer (OzoneManagerDoubleBuffer.java:canFlush(558)) - OMDoubleBuffer flush thread om1-OMDoubleBufferFlushThread is interrupted and will exit.
2025-08-26 23:00:53,372 [om1@group-C5BA1605619E-cacheEviction-AwaitToRun] INFO  util.AwaitToRun (AwaitToRun.java:run(49)) - om1@group-C5BA1605619E-cacheEviction-AwaitToRun-AwaitForSignal is interrupted
2025-08-26 23:00:54,188 [om1-impl-thread1] INFO  segmented.SegmentedRaftLogWorker (SegmentedRaftLogWorker.java:close(254)) - om1@group-C5BA1605619E-SegmentedRaftLogWorker close()
2025-08-26 23:00:54,189 [JvmPauseMonitor6] INFO  util.JvmPauseMonitor (JvmPauseMonitor.java:run(152)) - JvmPauseMonitor-om1: Stopped
2025-08-26 23:00:54,189 [ForkJoinPool-1-worker-1] INFO  utils.BackgroundService (BackgroundService.java:shutdown(195)) - Shutting down service KeyDeletingService
2025-08-26 23:00:54,190 [ForkJoinPool-1-worker-1] INFO  utils.BackgroundService (BackgroundService.java:shutdown(195)) - Shutting down service DirectoryDeletingService
2025-08-26 23:00:54,190 [ForkJoinPool-1-worker-1] INFO  utils.BackgroundService (BackgroundService.java:shutdown(195)) - Shutting down service OpenKeyCleanupService
2025-08-26 23:00:54,191 [ForkJoinPool-1-worker-1] INFO  utils.BackgroundService (BackgroundService.java:shutdown(195)) - Shutting down service SstFilteringService
2025-08-26 23:00:54,191 [ForkJoinPool-1-worker-1] INFO  utils.BackgroundService (BackgroundService.java:shutdown(195)) - Shutting down service SnapshotDeletingService
2025-08-26 23:00:54,191 [ForkJoinPool-1-worker-1] INFO  utils.BackgroundService (BackgroundService.java:shutdown(195)) - Shutting down service MultipartUploadCleanupService
2025-08-26 23:00:54,192 [ForkJoinPool-1-worker-1] INFO  om.OzoneManager (OzoneManager.java:stopSecretManager(1241)) - Stopping secret key client.
2025-08-26 23:00:54,192 [ForkJoinPool-1-worker-1] INFO  om.OzoneManager (OzoneManager.java:stopSecretManager(1246)) - Stopping OM delegation token secret manager.
2025-08-26 23:00:54,192 [om1-ExpiredTokenRemover] INFO  security.OzoneDelegationTokenSecretManager (OzoneDelegationTokenSecretManager.java:run(666)) - ExpiredTokenRemover was interrupted.
java.lang.InterruptedException: sleep interrupted
	at java.base/java.lang.Thread.sleep0(Native Method)
	at java.base/java.lang.Thread.sleep(Thread.java:509)
	at org.apache.hadoop.ozone.security.OzoneDelegationTokenSecretManager$ExpiredTokenRemover.run(OzoneDelegationTokenSecretManager.java:662)
	at java.base/java.lang.Thread.run(Thread.java:1583)
2025-08-26 23:00:54,193 [ForkJoinPool-1-worker-1] INFO  handler.ContextHandler (ContextHandler.java:doStop(1159)) - Stopped o.e.j.w.WebAppContext@507b3381{ozoneManager,/,null,STOPPED}{file:/home/runner/work/ozone/ozone/hadoop-ozone/integration-test/target/test-classes/webapps/ozoneManager}
2025-08-26 23:00:54,194 [ForkJoinPool-1-worker-1] INFO  server.AbstractConnector (AbstractConnector.java:doStop(383)) - Stopped ServerConnector@3c9242b5{HTTP/1.1, (http/1.1)}{0.0.0.0:15025}
2025-08-26 23:00:54,194 [ForkJoinPool-1-worker-1] INFO  server.session (HouseKeeper.java:stopScavenging(149)) - node0 Stopped scavenging
2025-08-26 23:00:54,194 [ForkJoinPool-1-worker-1] INFO  handler.ContextHandler (ContextHandler.java:doStop(1159)) - Stopped o.e.j.s.ServletContextHandler@6b3012a8{static,/static,file:///home/runner/work/ozone/ozone/hadoop-ozone/integration-test/target/test-classes/webapps/static,STOPPED}
2025-08-26 23:00:54,194 [ForkJoinPool-1-worker-1] INFO  handler.ContextHandler (ContextHandler.java:doStop(1159)) - Stopped o.e.j.s.ServletContextHandler@255d9e51{logs,/logs,file:///home/runner/work/ozone/ozone/hadoop-ozone/integration-test/target/log,STOPPED}
2025-08-26 23:00:54,195 [ForkJoinPool-1-worker-1] INFO  rocksdiff.RocksDBCheckpointDiffer (RocksDBCheckpointDiffer.java:close(340)) - Shutting down CompactionDagPruningService.
2025-08-26 23:00:54,197 [ForkJoinPool-1-worker-1] INFO  snapshot.SnapshotDiffManager (SnapshotDiffManager.java:closeExecutorService(1734)) - Shutting down executorService: 'SnapDiffExecutor'
2025-08-26 23:00:54,197 [ForkJoinPool-1-worker-1] INFO  utils.BackgroundService (BackgroundService.java:shutdown(195)) - Shutting down service SnapshotDiffCleanupService
2025-08-26 23:00:54,198 [ForkJoinPool-1-worker-1] INFO  ozone.MiniOzoneClusterImpl (MiniOzoneClusterImpl.java:stopDatanodes(443)) - Stopping the HddsDatanodes
2025-08-26 23:00:54,199 [ForkJoinPool-1-worker-1] INFO  ozoneimpl.OzoneContainer (OzoneContainer.java:stop(549)) - Attempting to stop container services.
2025-08-26 23:00:54,199 [ContainerMetadataScanner] WARN  ozoneimpl.AbstractBackgroundContainerScanner (AbstractBackgroundContainerScanner.java:handleRemainingSleep(136)) - Background container scan was interrupted.
2025-08-26 23:00:54,200 [ContainerMetadataScanner] INFO  ozoneimpl.AbstractBackgroundContainerScanner (AbstractBackgroundContainerScanner.java:run(63)) - org.apache.hadoop.ozone.container.ozoneimpl.BackgroundContainerMetadataScanner@484a123a exiting.
2025-08-26 23:00:54,200 [ForkJoinPool-1-worker-1] INFO  ozoneimpl.BackgroundContainerDataScanner (BackgroundContainerDataScanner.java:shutdown(87)) - ContainerDataScanner(/home/runner/work/ozone/ozone/hadoop-ozone/integration-test/target/test-dir/MiniOzoneClusterImpl-89d78760-19a1-47e7-a3d8-9e4bc186c3c1/ozone-metadata/datanode-1/data-0/hdds) is shutting down. 
2025-08-26 23:00:54,200 [ContainerDataScanner(/home/runner/work/ozone/ozone/hadoop-ozone/integration-test/target/test-dir/MiniOzoneClusterImpl-89d78760-19a1-47e7-a3d8-9e4bc186c3c1/ozone-metadata/datanode-1/data-0/hdds)] WARN  ozoneimpl.AbstractBackgroundContainerScanner (AbstractBackgroundContainerScanner.java:handleRemainingSleep(136)) - Background container scan was interrupted.
2025-08-26 23:00:54,200 [ContainerDataScanner(/home/runner/work/ozone/ozone/hadoop-ozone/integration-test/target/test-dir/MiniOzoneClusterImpl-89d78760-19a1-47e7-a3d8-9e4bc186c3c1/ozone-metadata/datanode-1/data-0/hdds)] INFO  ozoneimpl.AbstractBackgroundContainerScanner (AbstractBackgroundContainerScanner.java:run(63)) - ContainerDataScanner(/home/runner/work/ozone/ozone/hadoop-ozone/integration-test/target/test-dir/MiniOzoneClusterImpl-89d78760-19a1-47e7-a3d8-9e4bc186c3c1/ozone-metadata/datanode-1/data-0/hdds, DS-a00336cd-cff1-4089-9bca-22cac84b4241) exiting.
2025-08-26 23:00:54,200 [ForkJoinPool-1-worker-1] INFO  ozoneimpl.OnDemandContainerScanner (OnDemandContainerScanner.java:shutdown(141)) - On-demand container scanner is shutting down.
2025-08-26 23:00:54,201 [ForkJoinPool-1-worker-1] INFO  ratis.XceiverServerRatis (XceiverServerRatis.java:stop(597)) - Closing XceiverServerRatis(98e2c854-04e9-4772-8b00-88abbcf17f0b)
2025-08-26 23:00:54,201 [ForkJoinPool-1-worker-1] INFO  server.RaftServer (RaftServerProxy.java:lambda$close$9(422)) - 98e2c854-04e9-4772-8b00-88abbcf17f0b: close
2025-08-26 23:00:54,202 [ForkJoinPool-1-worker-1] INFO  server.GrpcServicesImpl (GrpcServicesImpl.java:closeImpl(355)) - 98e2c854-04e9-4772-8b00-88abbcf17f0b: shutdown server org.apache.ratis.grpc.server.GrpcClientProtocolService now
2025-08-26 23:00:54,202 [98e2c854-04e9-4772-8b00-88abbcf17f0b-impl-thread1] INFO  server.RaftServer$Division (RaftServerImpl.java:lambda$close$1(527)) - 98e2c854-04e9-4772-8b00-88abbcf17f0b@group-06B6BC9B8924: shutdown
2025-08-26 23:00:54,202 [98e2c854-04e9-4772-8b00-88abbcf17f0b-impl-thread1] INFO  util.JmxRegister (JmxRegister.java:unregister(74)) - Successfully un-registered JMX Bean with object name Ratis:service=RaftServer,group=group-06B6BC9B8924,id=98e2c854-04e9-4772-8b00-88abbcf17f0b
2025-08-26 23:00:54,202 [98e2c854-04e9-4772-8b00-88abbcf17f0b-impl-thread1] INFO  impl.RoleInfo (RoleInfo.java:shutdownLeaderState(103)) - 98e2c854-04e9-4772-8b00-88abbcf17f0b: shutdown 98e2c854-04e9-4772-8b00-88abbcf17f0b@group-06B6BC9B8924-LeaderStateImpl
2025-08-26 23:00:54,202 [98e2c854-04e9-4772-8b00-88abbcf17f0b-impl-thread1] INFO  impl.PendingRequests (PendingRequests.java:sendNotLeaderResponses(287)) - 98e2c854-04e9-4772-8b00-88abbcf17f0b@group-06B6BC9B8924-PendingRequests: sendNotLeaderResponses
2025-08-26 23:00:54,203 [ForkJoinPool-1-worker-1] INFO  server.GrpcServicesImpl (GrpcServicesImpl.java:closeImpl(364)) - 98e2c854-04e9-4772-8b00-88abbcf17f0b: shutdown server org.apache.ratis.grpc.server.GrpcClientProtocolService successfully
2025-08-26 23:00:54,203 [ForkJoinPool-1-worker-1] INFO  server.GrpcServicesImpl (GrpcServicesImpl.java:closeImpl(355)) - 98e2c854-04e9-4772-8b00-88abbcf17f0b: shutdown server GrpcServerProtocolService now
2025-08-26 23:00:54,204 [ForkJoinPool-1-worker-1] INFO  server.GrpcServicesImpl (GrpcServicesImpl.java:closeImpl(364)) - 98e2c854-04e9-4772-8b00-88abbcf17f0b: shutdown server GrpcServerProtocolService successfully
2025-08-26 23:00:54,204 [ForkJoinPool-1-worker-1] INFO  server.GrpcServicesImpl (GrpcServicesImpl.java:closeImpl(355)) - 98e2c854-04e9-4772-8b00-88abbcf17f0b: shutdown server org.apache.ratis.grpc.server.GrpcAdminProtocolService now
2025-08-26 23:00:54,204 [98e2c854-04e9-4772-8b00-88abbcf17f0b-impl-thread1] INFO  impl.StateMachineUpdater (StateMachineUpdater.java:stopAndJoin(163)) - 98e2c854-04e9-4772-8b00-88abbcf17f0b@group-06B6BC9B8924-StateMachineUpdater: set stopIndex = 5
2025-08-26 23:00:54,204 [98e2c854-04e9-4772-8b00-88abbcf17f0b@group-06B6BC9B8924-StateMachineUpdater] INFO  impl.StateMachineUpdater (StateMachineUpdater.java:stop(140)) - 98e2c854-04e9-4772-8b00-88abbcf17f0b@group-06B6BC9B8924-StateMachineUpdater: closing ContainerStateMachine, lastApplied=(t:1, i:5)
2025-08-26 23:00:54,204 [ForkJoinPool-1-worker-1] INFO  server.GrpcServicesImpl (GrpcServicesImpl.java:closeImpl(364)) - 98e2c854-04e9-4772-8b00-88abbcf17f0b: shutdown server org.apache.ratis.grpc.server.GrpcAdminProtocolService successfully
2025-08-26 23:00:54,205 [98e2c854-04e9-4772-8b00-88abbcf17f0b@group-06B6BC9B8924-cacheEviction-AwaitToRun] INFO  util.AwaitToRun (AwaitToRun.java:run(49)) - 98e2c854-04e9-4772-8b00-88abbcf17f0b@group-06B6BC9B8924-cacheEviction-AwaitToRun-AwaitForSignal is interrupted
2025-08-26 23:00:54,205 [98e2c854-04e9-4772-8b00-88abbcf17f0b-NettyServerStreamRpc-bossGroup--thread1] INFO  logging.LoggingHandler (AbstractInternalLogger.java:log(148)) - [id: 0x6fe6fb65, L:/0.0.0.0:15034] CLOSE
2025-08-26 23:00:54,206 [98e2c854-04e9-4772-8b00-88abbcf17f0b-NettyServerStreamRpc-bossGroup--thread1] INFO  logging.LoggingHandler (AbstractInternalLogger.java:log(148)) - [id: 0x6fe6fb65, L:/0.0.0.0:15034] INACTIVE
2025-08-26 23:00:54,206 [98e2c854-04e9-4772-8b00-88abbcf17f0b-NettyServerStreamRpc-bossGroup--thread1] INFO  logging.LoggingHandler (AbstractInternalLogger.java:log(148)) - [id: 0x6fe6fb65, L:/0.0.0.0:15034] UNREGISTERED
2025-08-26 23:00:55,174 [98e2c854-04e9-4772-8b00-88abbcf17f0b-impl-thread1] INFO  segmented.SegmentedRaftLogWorker (SegmentedRaftLogWorker.java:close(254)) - 98e2c854-04e9-4772-8b00-88abbcf17f0b@group-06B6BC9B8924-SegmentedRaftLogWorker close()
2025-08-26 23:00:55,174 [98e2c854-04e9-4772-8b00-88abbcf17f0b-impl-thread1] INFO  ratis.ContainerStateMachine (ContainerStateMachine.java:notifyServerShutdown(1038)) - group-06B6BC9B8924 is closed by HddsDatanodeService
2025-08-26 23:00:55,175 [JvmPauseMonitor7] INFO  util.JvmPauseMonitor (JvmPauseMonitor.java:run(152)) - JvmPauseMonitor-98e2c854-04e9-4772-8b00-88abbcf17f0b: Stopped
2025-08-26 23:00:57,179 [ForkJoinPool-1-worker-1] INFO  utils.DatanodeStoreCache (DatanodeStoreCache.java:shutdownCache(110)) - Skip clearing cache in mini cluster mode. Entries left: [/home/runner/work/ozone/ozone/hadoop-ozone/integration-test/target/test-dir/MiniOzoneClusterImpl-89d78760-19a1-47e7-a3d8-9e4bc186c3c1/ozone-metadata/datanode-1/data-0/hdds/89d78760-19a1-47e7-a3d8-9e4bc186c3c1/DS-a00336cd-cff1-4089-9bca-22cac84b4241/container.db]
2025-08-26 23:00:57,180 [ForkJoinPool-1-worker-1] INFO  utils.DatanodeStoreCache (DatanodeStoreCache.java:removeDB(104)) - Removed db /home/runner/work/ozone/ozone/hadoop-ozone/integration-test/target/test-dir/MiniOzoneClusterImpl-89d78760-19a1-47e7-a3d8-9e4bc186c3c1/ozone-metadata/datanode-1/data-0/hdds/89d78760-19a1-47e7-a3d8-9e4bc186c3c1/DS-a00336cd-cff1-4089-9bca-22cac84b4241/container.db from cache
2025-08-26 23:00:57,180 [ForkJoinPool-1-worker-1] INFO  volume.HddsVolume (HddsVolume.java:closeDbStore(609)) - SchemaV3 db is stopped at /home/runner/work/ozone/ozone/hadoop-ozone/integration-test/target/test-dir/MiniOzoneClusterImpl-89d78760-19a1-47e7-a3d8-9e4bc186c3c1/ozone-metadata/datanode-1/data-0/hdds/89d78760-19a1-47e7-a3d8-9e4bc186c3c1/DS-a00336cd-cff1-4089-9bca-22cac84b4241/container.db for volume DS-a00336cd-cff1-4089-9bca-22cac84b4241
2025-08-26 23:00:57,181 [ForkJoinPool-1-worker-1] INFO  utils.BackgroundService (BackgroundService.java:shutdown(195)) - Shutting down service BlockDeletingService
2025-08-26 23:00:57,181 [ForkJoinPool-1-worker-1] INFO  utils.BackgroundService (BackgroundService.java:shutdown(195)) - Shutting down service StaleRecoveringContainerScrubbingService
2025-08-26 23:00:57,182 [ForkJoinPool-1-worker-1] INFO  statemachine.DatanodeStateMachine (DatanodeStateMachine.java:stopDaemon(637)) - Ozone container server stopped.
2025-08-26 23:00:57,195 [EventQueue-StaleNodeForStaleNodeHandler] INFO  node.StaleNodeHandler (StaleNodeHandler.java:onMessage(51)) - Datanode 98e2c854-04e9-4772-8b00-88abbcf17f0b(localhost/127.0.0.1) moved to stale state. Finalizing its pipelines [Pipeline-9ca12281-b90c-4cf2-8088-06b6bc9b8924]
2025-08-26 23:00:57,197 [ForkJoinPool-1-worker-1] INFO  handler.ContextHandler (ContextHandler.java:doStop(1159)) - Stopped o.e.j.w.WebAppContext@5565e05c{hddsDatanode,/,null,STOPPED}{jar:file:/home/runner/work/ozone/ozone/hadoop-hdds/container-service/target/hdds-container-service-2.1.0-SNAPSHOT.jar!/webapps/hddsDatanode}
2025-08-26 23:00:57,198 [ForkJoinPool-1-worker-1] INFO  server.AbstractConnector (AbstractConnector.java:doStop(383)) - Stopped ServerConnector@492e9de9{HTTP/1.1, (http/1.1)}{0.0.0.0:15028}
2025-08-26 23:00:57,198 [ForkJoinPool-1-worker-1] INFO  server.session (HouseKeeper.java:stopScavenging(149)) - node0 Stopped scavenging
2025-08-26 23:00:57,198 [ForkJoinPool-1-worker-1] INFO  handler.ContextHandler (ContextHandler.java:doStop(1159)) - Stopped o.e.j.s.ServletContextHandler@356d3aaa{static,/static,jar:file:/home/runner/work/ozone/ozone/hadoop-hdds/container-service/target/hdds-container-service-2.1.0-SNAPSHOT.jar!/webapps/static,STOPPED}
2025-08-26 23:00:57,199 [ForkJoinPool-1-worker-1] INFO  handler.ContextHandler (ContextHandler.java:doStop(1159)) - Stopped o.e.j.s.ServletContextHandler@1ba08209{logs,/logs,file:///home/runner/work/ozone/ozone/hadoop-ozone/integration-test/target/log,STOPPED}
2025-08-26 23:00:57,199 [EventQueue-StaleNodeForStaleNodeHandler] INFO  pipeline.PipelineManagerImpl (PipelineManagerImpl.java:closeContainersForPipeline(489)) - Container #2 closed for pipeline=Pipeline-9ca12281-b90c-4cf2-8088-06b6bc9b8924
2025-08-26 23:00:57,199 [EventQueue-CloseContainerForCloseContainerEventHandler] INFO  container.CloseContainerEventHandler (CloseContainerEventHandler.java:onMessage(88)) - Close container Event triggered for container : #2, current state: CLOSING
2025-08-26 23:00:57,200 [ForkJoinPool-1-worker-1] INFO  ozone.HddsDatanodeClientProtocolServer (HddsDatanodeClientProtocolServer.java:stop(82)) - Stopping the RPC server for Client Protocol
2025-08-26 23:00:57,200 [ForkJoinPool-1-worker-1] INFO  ipc.Server (Server.java:stop(3697)) - Stopping server on 15029
2025-08-26 23:00:57,203 [IPC Server listener on 15029] INFO  ipc.Server (Server.java:run(1585)) - Stopping IPC Server listener on 15029
2025-08-26 23:00:57,203 [IPC Server Responder] INFO  ipc.Server (Server.java:run(1718)) - Stopping IPC Server Responder
2025-08-26 23:00:57,203 [EventQueue-StaleNodeForStaleNodeHandler] INFO  pipeline.PipelineManagerImpl (PipelineManagerImpl.java:closePipeline(511)) - Pipeline Pipeline-9ca12281-b90c-4cf2-8088-06b6bc9b8924 moved to CLOSED state
2025-08-26 23:00:57,204 [ForkJoinPool-1-worker-1] INFO  ozone.MiniOzoneClusterImpl (MiniOzoneClusterImpl.java:stopSCM(458)) - Stopping the StorageContainerManager
2025-08-26 23:00:57,204 [ForkJoinPool-1-worker-1] INFO  server.StorageContainerManager (StorageContainerManager.java:stop(1616)) - Container Balancer is not running.
2025-08-26 23:00:57,204 [ForkJoinPool-1-worker-1] INFO  server.StorageContainerManager (StorageContainerManager.java:stopReplicationManager(1749)) - Stopping Replication Manager Service.
2025-08-26 23:00:57,204 [ForkJoinPool-1-worker-1] INFO  replication.ReplicationManager (ReplicationManager.java:stop(318)) - Stopping Replication Monitor Thread.
2025-08-26 23:00:57,204 [ForkJoinPool-1-worker-1] INFO  server.StorageContainerManager (StorageContainerManager.java:stop(1625)) - Stopping the Datanode Admin Monitor.
2025-08-26 23:00:57,204 [ReplicationMonitor] INFO  replication.ReplicationManager (ReplicationManager.java:run(938)) - Replication Monitor Thread is stopped
2025-08-26 23:00:57,204 [ForkJoinPool-1-worker-1] INFO  server.StorageContainerManager (StorageContainerManager.java:stop(1632)) - Stopping datanode service RPC server
2025-08-26 23:00:57,204 [ForkJoinPool-1-worker-1] INFO  server.SCMDatanodeProtocolServer (SCMDatanodeProtocolServer.java:stop(455)) - Stopping the RPC server for DataNodes
2025-08-26 23:00:57,204 [ForkJoinPool-1-worker-1] INFO  ipc.Server (Server.java:stop(3697)) - Stopping server on 15020
2025-08-26 23:00:57,205 [UnderReplicatedProcessor] WARN  replication.UnhealthyReplicationProcessor (UnhealthyReplicationProcessor.java:run(178)) - UnderReplicatedProcessor interrupted. Exiting...
2025-08-26 23:00:57,206 [OverReplicatedProcessor] WARN  replication.UnhealthyReplicationProcessor (UnhealthyReplicationProcessor.java:run(178)) - OverReplicatedProcessor interrupted. Exiting...
2025-08-26 23:00:57,209 [IPC Server listener on 15020] INFO  ipc.Server (Server.java:run(1585)) - Stopping IPC Server listener on 15020
2025-08-26 23:00:57,209 [IPC Server Responder] INFO  ipc.Server (Server.java:run(1718)) - Stopping IPC Server Responder
2025-08-26 23:00:57,295 [SCMHeartbeatProcessor-0] WARN  node.NodeStateManager (NodeStateManager.java:scheduleNextHealthCheck(913)) - Current Thread is interrupted, shutting down HB processing thread for Node Manager.
2025-08-26 23:00:57,296 [ForkJoinPool-1-worker-1] INFO  server.StorageContainerManager (StorageContainerManager.java:stop(1640)) - Stopping block service RPC server
2025-08-26 23:00:57,296 [ForkJoinPool-1-worker-1] INFO  server.SCMBlockProtocolServer (SCMBlockProtocolServer.java:stop(175)) - Stopping the RPC server for Block Protocol
2025-08-26 23:00:57,296 [ForkJoinPool-1-worker-1] INFO  ipc.Server (Server.java:stop(3697)) - Stopping server on 15019
2025-08-26 23:00:57,300 [IPC Server listener on 15019] INFO  ipc.Server (Server.java:run(1585)) - Stopping IPC Server listener on 15019
2025-08-26 23:00:57,300 [IPC Server Responder] INFO  ipc.Server (Server.java:run(1718)) - Stopping IPC Server Responder
2025-08-26 23:00:57,300 [ForkJoinPool-1-worker-1] INFO  server.StorageContainerManager (StorageContainerManager.java:stop(1647)) - Stopping the StorageContainerLocationProtocol RPC server
2025-08-26 23:00:57,301 [ForkJoinPool-1-worker-1] INFO  server.SCMClientProtocolServer (SCMClientProtocolServer.java:stop(218)) - Stopping the RPC server for Client Protocol
2025-08-26 23:00:57,301 [ForkJoinPool-1-worker-1] INFO  ipc.Server (Server.java:stop(3697)) - Stopping server on 15018
2025-08-26 23:00:57,304 [IPC Server Responder] INFO  ipc.Server (Server.java:run(1718)) - Stopping IPC Server Responder
2025-08-26 23:00:57,304 [IPC Server listener on 15018] INFO  ipc.Server (Server.java:run(1585)) - Stopping IPC Server listener on 15018
2025-08-26 23:00:57,304 [ForkJoinPool-1-worker-1] INFO  server.StorageContainerManager (StorageContainerManager.java:stop(1654)) - Stopping Storage Container Manager HTTP server.
2025-08-26 23:00:57,305 [ForkJoinPool-1-worker-1] INFO  handler.ContextHandler (ContextHandler.java:doStop(1159)) - Stopped o.e.j.w.WebAppContext@4932e4c0{scm,/,null,STOPPED}{file:/home/runner/work/ozone/ozone/hadoop-ozone/integration-test/target/test-classes/webapps/scm}
2025-08-26 23:00:57,306 [ForkJoinPool-1-worker-1] INFO  server.AbstractConnector (AbstractConnector.java:doStop(383)) - Stopped ServerConnector@2077d457{HTTP/1.1, (http/1.1)}{0.0.0.0:15021}
2025-08-26 23:00:57,306 [ForkJoinPool-1-worker-1] INFO  server.session (HouseKeeper.java:stopScavenging(149)) - node0 Stopped scavenging
2025-08-26 23:00:57,306 [ForkJoinPool-1-worker-1] INFO  handler.ContextHandler (ContextHandler.java:doStop(1159)) - Stopped o.e.j.s.ServletContextHandler@f24eb6e{static,/static,file:///home/runner/work/ozone/ozone/hadoop-ozone/integration-test/target/test-classes/webapps/static,STOPPED}
2025-08-26 23:00:57,307 [ForkJoinPool-1-worker-1] INFO  handler.ContextHandler (ContextHandler.java:doStop(1159)) - Stopped o.e.j.s.ServletContextHandler@1050bd1a{logs,/logs,file:///home/runner/work/ozone/ozone/hadoop-ozone/integration-test/target/log,STOPPED}
2025-08-26 23:00:57,308 [ForkJoinPool-1-worker-1] INFO  server.StorageContainerManager (StorageContainerManager.java:stop(1662)) - Stopping SCM LayoutVersionManager Service.
2025-08-26 23:00:57,308 [ForkJoinPool-1-worker-1] INFO  server.StorageContainerManager (StorageContainerManager.java:stop(1674)) - Stopping Block Manager Service.
2025-08-26 23:00:57,308 [ForkJoinPool-1-worker-1] INFO  utils.BackgroundService (BackgroundService.java:shutdown(195)) - Shutting down service SCMBlockDeletingService
2025-08-26 23:00:57,308 [ForkJoinPool-1-worker-1] INFO  utils.BackgroundService (BackgroundService.java:shutdown(195)) - Shutting down service SCMBlockDeletingService
2025-08-26 23:00:57,309 [ForkJoinPool-1-worker-1] INFO  server.StorageContainerManager (StorageContainerManager.java:stop(1699)) - Stopping SCM Event Queue.
2025-08-26 23:00:57,309 [ForkJoinPool-1-worker-1] INFO  server.StorageContainerManager (StorageContainerManager.java:stop(1706)) - Stopping SCM HA services.
2025-08-26 23:00:57,310 [ForkJoinPool-1-worker-1] INFO  ha.SCMRatisServerImpl (SCMRatisServerImpl.java:stop(266)) - stopping ratis server 0.0.0.0:15022
2025-08-26 23:00:57,310 [ForkJoinPool-1-worker-1] INFO  server.RaftServer (RaftServerProxy.java:lambda$close$9(422)) - 7891d67e-4097-47f0-8a45-d6536c3f07d1: close
2025-08-26 23:00:57,310 [ForkJoinPool-1-worker-1] INFO  server.GrpcServicesImpl (GrpcServicesImpl.java:closeImpl(355)) - 7891d67e-4097-47f0-8a45-d6536c3f07d1: shutdown server GrpcServerProtocolService now
2025-08-26 23:00:57,310 [7891d67e-4097-47f0-8a45-d6536c3f07d1-impl-thread1] INFO  server.RaftServer$Division (RaftServerImpl.java:lambda$close$1(527)) - 7891d67e-4097-47f0-8a45-d6536c3f07d1@group-9E4BC186C3C1: shutdown
2025-08-26 23:00:57,310 [7891d67e-4097-47f0-8a45-d6536c3f07d1-impl-thread1] INFO  util.JmxRegister (JmxRegister.java:unregister(74)) - Successfully un-registered JMX Bean with object name Ratis:service=RaftServer,group=group-9E4BC186C3C1,id=7891d67e-4097-47f0-8a45-d6536c3f07d1
2025-08-26 23:00:57,311 [7891d67e-4097-47f0-8a45-d6536c3f07d1-impl-thread1] INFO  impl.RoleInfo (RoleInfo.java:shutdownLeaderState(103)) - 7891d67e-4097-47f0-8a45-d6536c3f07d1: shutdown 7891d67e-4097-47f0-8a45-d6536c3f07d1@group-9E4BC186C3C1-LeaderStateImpl
2025-08-26 23:00:57,311 [7891d67e-4097-47f0-8a45-d6536c3f07d1-impl-thread1] INFO  impl.PendingRequests (PendingRequests.java:sendNotLeaderResponses(287)) - 7891d67e-4097-47f0-8a45-d6536c3f07d1@group-9E4BC186C3C1-PendingRequests: sendNotLeaderResponses
2025-08-26 23:00:57,311 [7891d67e-4097-47f0-8a45-d6536c3f07d1-impl-thread1] INFO  ha.SCMStateMachine (SCMStateMachine.java:notifyNotLeader(213)) - current leader SCM steps down.
2025-08-26 23:00:57,311 [7891d67e-4097-47f0-8a45-d6536c3f07d1-impl-thread1] INFO  ha.SCMContext (SCMContext.java:updateLeaderAndTerm(95)) - update <isLeader,term> from <true,2> to <false,0>
2025-08-26 23:00:57,311 [7891d67e-4097-47f0-8a45-d6536c3f07d1-impl-thread1] INFO  ha.SCMContext (SCMContext.java:updateLeaderAndTerm(101)) - update <isLeaderReady> from <true> to <false>
2025-08-26 23:00:57,311 [7891d67e-4097-47f0-8a45-d6536c3f07d1-impl-thread1] INFO  BackgroundPipelineScrubber (BackgroundSCMService.java:notifyStatusChanged(84)) - Service BackgroundPipelineScrubber transitions to PAUSING.
2025-08-26 23:00:57,311 [7891d67e-4097-47f0-8a45-d6536c3f07d1-impl-thread1] INFO  ExpiredContainerReplicaOpScrubber (BackgroundSCMService.java:notifyStatusChanged(84)) - Service ExpiredContainerReplicaOpScrubber transitions to PAUSING.
2025-08-26 23:00:57,311 [7891d67e-4097-47f0-8a45-d6536c3f07d1-impl-thread1] INFO  SCMHATransactionMonitor (BackgroundSCMService.java:notifyStatusChanged(84)) - Service SCMHATransactionMonitor transitions to PAUSING.
2025-08-26 23:00:57,312 [ForkJoinPool-1-worker-1] INFO  server.GrpcServicesImpl (GrpcServicesImpl.java:closeImpl(364)) - 7891d67e-4097-47f0-8a45-d6536c3f07d1: shutdown server GrpcServerProtocolService successfully
2025-08-26 23:00:57,312 [7891d67e-4097-47f0-8a45-d6536c3f07d1-impl-thread1] INFO  impl.StateMachineUpdater (StateMachineUpdater.java:stopAndJoin(163)) - 7891d67e-4097-47f0-8a45-d6536c3f07d1@group-9E4BC186C3C1-StateMachineUpdater: set stopIndex = 15
2025-08-26 23:00:57,313 [7891d67e-4097-47f0-8a45-d6536c3f07d1@group-9E4BC186C3C1-StateMachineUpdater] INFO  ha.SCMStateMachine (SCMStateMachine.java:takeSnapshot(332)) - Current Snapshot Index 15, takeSnapshot took 1 ms
2025-08-26 23:00:57,313 [7891d67e-4097-47f0-8a45-d6536c3f07d1@group-9E4BC186C3C1-StateMachineUpdater] INFO  impl.StateMachineUpdater (StateMachineUpdater.java:takeSnapshot(307)) - 7891d67e-4097-47f0-8a45-d6536c3f07d1@group-9E4BC186C3C1-StateMachineUpdater: Took a snapshot at index 15
2025-08-26 23:00:57,313 [7891d67e-4097-47f0-8a45-d6536c3f07d1@group-9E4BC186C3C1-StateMachineUpdater] INFO  impl.StateMachineUpdater (StateMachineUpdater.java:lambda$new$0(101)) - 7891d67e-4097-47f0-8a45-d6536c3f07d1@group-9E4BC186C3C1-StateMachineUpdater: snapshotIndex: updateIncreasingly -1 -> 15
2025-08-26 23:00:57,313 [7891d67e-4097-47f0-8a45-d6536c3f07d1@group-9E4BC186C3C1-StateMachineUpdater] INFO  impl.StateMachineUpdater (StateMachineUpdater.java:stop(140)) - 7891d67e-4097-47f0-8a45-d6536c3f07d1@group-9E4BC186C3C1-StateMachineUpdater: closing SCMStateMachine, lastApplied=(t:2, i:15)
2025-08-26 23:00:57,314 [7891d67e-4097-47f0-8a45-d6536c3f07d1@group-9E4BC186C3C1-cacheEviction-AwaitToRun] INFO  util.AwaitToRun (AwaitToRun.java:run(49)) - 7891d67e-4097-47f0-8a45-d6536c3f07d1@group-9E4BC186C3C1-cacheEviction-AwaitToRun-AwaitForSignal is interrupted
2025-08-26 23:00:58,202 [7891d67e-4097-47f0-8a45-d6536c3f07d1-impl-thread1] INFO  segmented.SegmentedRaftLogWorker (SegmentedRaftLogWorker.java:close(254)) - 7891d67e-4097-47f0-8a45-d6536c3f07d1@group-9E4BC186C3C1-SegmentedRaftLogWorker close()
2025-08-26 23:00:58,203 [JvmPauseMonitor5] INFO  util.JvmPauseMonitor (JvmPauseMonitor.java:run(152)) - JvmPauseMonitor-7891d67e-4097-47f0-8a45-d6536c3f07d1: Stopped
2025-08-26 23:00:58,203 [ForkJoinPool-1-worker-1] INFO  SCMHATransactionMonitor (BackgroundSCMService.java:stop(127)) - Stopping SCMHATransactionMonitor Service.
2025-08-26 23:00:58,203 [SCMHATransactionMonitor] WARN  SCMHATransactionMonitor (BackgroundSCMService.java:run(111)) - SCMHATransactionMonitor is interrupted, exit
2025-08-26 23:00:58,204 [ForkJoinPool-1-worker-1] INFO  pipeline.BackgroundPipelineCreator (BackgroundPipelineCreator.java:stop(154)) - Stopping RatisPipelineUtilsThread.
2025-08-26 23:00:58,204 [RatisPipelineUtilsThread-0] WARN  pipeline.BackgroundPipelineCreator (BackgroundPipelineCreator.java:run(185)) - RatisPipelineUtilsThread is interrupted.
2025-08-26 23:00:58,204 [BackgroundPipelineScrubber] WARN  BackgroundPipelineScrubber (BackgroundSCMService.java:run(111)) - BackgroundPipelineScrubber is interrupted, exit
2025-08-26 23:00:58,204 [ForkJoinPool-1-worker-1] INFO  BackgroundPipelineScrubber (BackgroundSCMService.java:stop(127)) - Stopping BackgroundPipelineScrubber Service.
2025-08-26 23:00:58,204 [ForkJoinPool-1-worker-1] INFO  impl.MetricsSystemImpl (MetricsSystemImpl.java:stop(210)) - Stopping XceiverClientMetrics metrics system...
2025-08-26 23:00:58,205 [prometheus] INFO  impl.MetricsSinkAdapter (MetricsSinkAdapter.java:publishMetricsFromQueue(141)) - prometheus thread interrupted.
2025-08-26 23:00:58,205 [ForkJoinPool-1-worker-1] INFO  impl.MetricsSystemImpl (MetricsSystemImpl.java:stop(216)) - XceiverClientMetrics metrics system stopped.
2025-08-26 23:00:58,205 [ForkJoinPool-1-worker-1] WARN  pipeline.BackgroundPipelineCreator (BackgroundPipelineCreator.java:stop(150)) - RatisPipelineUtilsThread is not running, just ignore.
2025-08-26 23:00:58,205 [ForkJoinPool-1-worker-1] INFO  BackgroundPipelineScrubber (BackgroundSCMService.java:stop(122)) - BackgroundPipelineScrubber Service is not running, skip stop.
2025-08-26 23:00:58,205 [ForkJoinPool-1-worker-1] INFO  ExpiredContainerReplicaOpScrubber (BackgroundSCMService.java:stop(127)) - Stopping ExpiredContainerReplicaOpScrubber Service.
2025-08-26 23:00:58,205 [ExpiredContainerReplicaOpScrubber] WARN  ExpiredContainerReplicaOpScrubber (BackgroundSCMService.java:run(111)) - ExpiredContainerReplicaOpScrubber is interrupted, exit
2025-08-26 23:00:58,205 [ForkJoinPool-1-worker-1] INFO  utils.BackgroundService (BackgroundService.java:shutdown(195)) - Shutting down service SCMBlockDeletingService
2025-08-26 23:00:58,205 [ForkJoinPool-1-worker-1] INFO  replication.ReplicationManager (ReplicationManager.java:stop(325)) - Replication Monitor Thread is not running.
2025-08-26 23:00:58,206 [ForkJoinPool-1-worker-1] WARN  balancer.ContainerBalancer (ContainerBalancer.java:stop(352)) - Cannot stop Container Balancer because it's not running or stopping
2025-08-26 23:00:58,206 [ForkJoinPool-1-worker-1] INFO  SCMHATransactionMonitor (BackgroundSCMService.java:stop(122)) - SCMHATransactionMonitor Service is not running, skip stop.
2025-08-26 23:00:58,206 [LeaseManager#LeaseMonitor] WARN  lease.LeaseManager (LeaseManager.java:run(285)) - Lease manager is interrupted. Shutting down...
java.lang.InterruptedException
	at java.base/java.util.concurrent.locks.AbstractQueuedSynchronizer.tryAcquireSharedNanos(AbstractQueuedSynchronizer.java:1133)
	at java.base/java.util.concurrent.Semaphore.tryAcquire(Semaphore.java:415)
	at org.apache.hadoop.ozone.lease.LeaseManager$LeaseMonitor.run(LeaseManager.java:283)
	at java.base/java.lang.Thread.run(Thread.java:1583)
2025-08-26 23:00:58,206 [ForkJoinPool-1-worker-1] INFO  server.StorageContainerManager (StorageContainerManager.java:stop(1740)) - Stopping SCM MetadataStore.
]]></system-out>
  </testcase>
</testsuite>