<?xml version="1.0" encoding="UTF-8"?>
<testsuite xmlns:xsi="http://www.w3.org/2001/XMLSchema-instance" xsi:noNamespaceSchemaLocation="https://maven.apache.org/surefire/maven-surefire-plugin/xsd/surefire-test-report.xsd" name="org.apache.hadoop.ozone.client.rpc.TestWatchForCommit" time="397.208" tests="4" errors="1" skipped="0" failures="0">
  <properties>
    <property name="awt.toolkit" value="sun.awt.X11.XToolkit"/>
    <property name="file.encoding.pkg" value="sun.io"/>
    <property name="java.specification.version" value="1.8"/>
    <property name="sun.cpu.isalist" value=""/>
    <property name="sun.jnu.encoding" value="UTF-8"/>
    <property name="java.class.path" value="/home/runner/work/ozone/ozone/hadoop-ozone/integration-test/target/test-classes:/home/runner/work/ozone/ozone/hadoop-ozone/integration-test/target/classes:/home/runner/.m2/repository/org/apache/ozone/ozone-common/1.3.0-SNAPSHOT/ozone-common-1.3.0-SNAPSHOT.jar:/home/runner/.m2/repository/org/apache/commons/commons-compress/1.21/commons-compress-1.21.jar:/home/runner/.m2/repository/org/apache/ozone/hdds-common/1.3.0-SNAPSHOT/hdds-common-1.3.0-SNAPSHOT.jar:/home/runner/.m2/repository/org/apache/ozone/hdds-client/1.3.0-SNAPSHOT/hdds-client-1.3.0-SNAPSHOT.jar:/home/runner/.m2/repository/org/apache/ozone/ozone-interface-client/1.3.0-SNAPSHOT/ozone-interface-client-1.3.0-SNAPSHOT.jar:/home/runner/.m2/repository/org/apache/ozone/hdds-test-utils/1.3.0-SNAPSHOT/hdds-test-utils-1.3.0-SNAPSHOT.jar:/home/runner/.m2/repository/com/google/guava/guava/30.1.1-jre/guava-30.1.1-jre.jar:/home/runner/.m2/repository/com/google/guava/failureaccess/1.0.1/failureaccess-1.0.1.jar:/home/runner/.m2/repository/com/google/guava/listenablefuture/9999.0-empty-to-avoid-conflict-with-guava/listenablefuture-9999.0-empty-to-avoid-conflict-with-guava.jar:/home/runner/.m2/repository/com/google/code/findbugs/jsr305/3.0.0/jsr305-3.0.0.jar:/home/runner/.m2/repository/org/checkerframework/checker-qual/3.8.0/checker-qual-3.8.0.jar:/home/runner/.m2/repository/com/google/errorprone/error_prone_annotations/2.2.0/error_prone_annotations-2.2.0.jar:/home/runner/.m2/repository/com/google/j2objc/j2objc-annotations/1.3/j2objc-annotations-1.3.jar:/home/runner/.m2/repository/commons-io/commons-io/2.11.0/commons-io-2.11.0.jar:/home/runner/.m2/repository/commons-logging/commons-logging/1.2/commons-logging-1.2.jar:/home/runner/.m2/repository/log4j/log4j/1.2.17/log4j-1.2.17.jar:/home/runner/.m2/repository/org/slf4j/slf4j-api/1.7.30/slf4j-api-1.7.30.jar:/home/runner/.m2/repository/org/apache/ozone/hdds-server-scm/1.3.0-SNAPSHOT/hdds-server-scm-1.3.0-SNAPSHOT.jar:/home/runner/.m2/repository/org/apache/ozone/hdds-container-service/1.3.0-SNAPSHOT/hdds-container-service-1.3.0-SNAPSHOT.jar:/home/runner/.m2/repository/org/apache/ozone/hdds-hadoop-dependency-server/1.3.0-SNAPSHOT/hdds-hadoop-dependency-server-1.3.0-SNAPSHOT.jar:/home/runner/.m2/repository/org/apache/hadoop/hadoop-hdfs/3.3.1/hadoop-hdfs-3.3.1.jar:/home/runner/.m2/repository/org/apache/ozone/hdds-server-framework/1.3.0-SNAPSHOT/hdds-server-framework-1.3.0-SNAPSHOT.jar:/home/runner/.m2/repository/org/apache/ozone/hdds-interface-server/1.3.0-SNAPSHOT/hdds-interface-server-1.3.0-SNAPSHOT.jar:/home/runner/.m2/repository/org/eclipse/jetty/jetty-servlet/9.4.43.v20210629/jetty-servlet-9.4.43.v20210629.jar:/home/runner/.m2/repository/org/eclipse/jetty/jetty-security/9.4.43.v20210629/jetty-security-9.4.43.v20210629.jar:/home/runner/.m2/repository/org/rocksdb/rocksdbjni/6.25.3/rocksdbjni-6.25.3.jar:/home/runner/.m2/repository/io/prometheus/simpleclient_dropwizard/0.7.0/simpleclient_dropwizard-0.7.0.jar:/home/runner/.m2/repository/io/prometheus/simpleclient/0.7.0/simpleclient-0.7.0.jar:/home/runner/.m2/repository/io/prometheus/simpleclient_common/0.7.0/simpleclient_common-0.7.0.jar:/home/runner/.m2/repository/com/fasterxml/jackson/datatype/jackson-datatype-jsr310/2.12.1/jackson-datatype-jsr310-2.12.1.jar:/home/runner/.m2/repository/io/dropwizard/metrics/metrics-core/3.2.4/metrics-core-3.2.4.jar:/home/runner/.m2/repository/org/apache/hadoop/hadoop-hdfs-client/3.3.1/hadoop-hdfs-client-3.3.1.jar:/home/runner/.m2/repository/org/bouncycastle/bcprov-jdk15on/1.67/bcprov-jdk15on-1.67.jar:/home/runner/.m2/repository/com/google/protobuf/protobuf-java/2.5.0/protobuf-java-2.5.0.jar:/home/runner/.m2/repository/org/apache/ozone/ozone-manager/1.3.0-SNAPSHOT/ozone-manager-1.3.0-SNAPSHOT.jar:/home/runner/.m2/repository/org/aspectj/aspectjrt/1.9.7/aspectjrt-1.9.7.jar:/home/runner/.m2/repository/org/aspectj/aspectjweaver/1.9.7/aspectjweaver-1.9.7.jar:/home/runner/.m2/repository/org/apache/ozone/hdds-interface-client/1.3.0-SNAPSHOT/hdds-interface-client-1.3.0-SNAPSHOT.jar:/home/runner/.m2/repository/org/apache/hadoop/thirdparty/hadoop-shaded-protobuf_3_7/1.1.1/hadoop-shaded-protobuf_3_7-1.1.1.jar:/home/runner/.m2/repository/org/apache/ozone/ozone-interface-storage/1.3.0-SNAPSHOT/ozone-interface-storage-1.3.0-SNAPSHOT.jar:/home/runner/.m2/repository/org/reflections/reflections/0.9.11/reflections-0.9.11.jar:/home/runner/.m2/repository/org/apache/hadoop/hadoop-minikdc/3.3.1/hadoop-minikdc-3.3.1.jar:/home/runner/.m2/repository/org/apache/kerby/kerb-simplekdc/1.0.1/kerb-simplekdc-1.0.1.jar:/home/runner/.m2/repository/org/apache/kerby/kerb-client/1.0.1/kerb-client-1.0.1.jar:/home/runner/.m2/repository/org/apache/kerby/kerby-config/1.0.1/kerby-config-1.0.1.jar:/home/runner/.m2/repository/org/apache/kerby/kerb-common/1.0.1/kerb-common-1.0.1.jar:/home/runner/.m2/repository/org/apache/kerby/kerb-crypto/1.0.1/kerb-crypto-1.0.1.jar:/home/runner/.m2/repository/org/apache/kerby/kerb-util/1.0.1/kerb-util-1.0.1.jar:/home/runner/.m2/repository/org/apache/kerby/token-provider/1.0.1/token-provider-1.0.1.jar:/home/runner/.m2/repository/org/apache/kerby/kerb-admin/1.0.1/kerb-admin-1.0.1.jar:/home/runner/.m2/repository/org/apache/kerby/kerb-server/1.0.1/kerb-server-1.0.1.jar:/home/runner/.m2/repository/org/apache/kerby/kerb-identity/1.0.1/kerb-identity-1.0.1.jar:/home/runner/.m2/repository/org/apache/kerby/kerby-xdr/1.0.1/kerby-xdr-1.0.1.jar:/home/runner/.m2/repository/org/slf4j/slf4j-log4j12/1.7.30/slf4j-log4j12-1.7.30.jar:/home/runner/.m2/repository/org/apache/ozone/ozone-s3gateway/1.3.0-SNAPSHOT/ozone-s3gateway-1.3.0-SNAPSHOT.jar:/home/runner/.m2/repository/org/javassist/javassist/3.21.0-GA/javassist-3.21.0-GA.jar:/home/runner/.m2/repository/org/jboss/weld/servlet/weld-servlet/2.4.7.Final/weld-servlet-2.4.7.Final.jar:/home/runner/.m2/repository/org/glassfish/jersey/containers/jersey-container-servlet-core/2.33/jersey-container-servlet-core-2.33.jar:/home/runner/.m2/repository/org/glassfish/hk2/external/jakarta.inject/2.6.1/jakarta.inject-2.6.1.jar:/home/runner/.m2/repository/org/glassfish/jersey/core/jersey-common/2.33/jersey-common-2.33.jar:/home/runner/.m2/repository/jakarta/ws/rs/jakarta.ws.rs-api/2.1.6/jakarta.ws.rs-api-2.1.6.jar:/home/runner/.m2/repository/org/glassfish/jersey/ext/cdi/jersey-cdi1x/2.33/jersey-cdi1x-2.33.jar:/home/runner/.m2/repository/org/glassfish/jersey/inject/jersey-hk2/2.33/jersey-hk2-2.33.jar:/home/runner/.m2/repository/org/glassfish/hk2/hk2-locator/2.6.1/hk2-locator-2.6.1.jar:/home/runner/.m2/repository/org/glassfish/jersey/media/jersey-media-jaxb/2.33/jersey-media-jaxb-2.33.jar:/home/runner/.m2/repository/org/glassfish/hk2/osgi-resource-locator/1.0.3/osgi-resource-locator-1.0.3.jar:/home/runner/.m2/repository/org/glassfish/hk2/hk2-api/2.5.0/hk2-api-2.5.0.jar:/home/runner/.m2/repository/org/glassfish/hk2/hk2-utils/2.5.0/hk2-utils-2.5.0.jar:/home/runner/.m2/repository/org/glassfish/hk2/external/aopalliance-repackaged/2.5.0/aopalliance-repackaged-2.5.0.jar:/home/runner/.m2/repository/com/fasterxml/jackson/dataformat/jackson-dataformat-xml/2.12.1/jackson-dataformat-xml-2.12.1.jar:/home/runner/.m2/repository/com/fasterxml/jackson/core/jackson-core/2.12.1/jackson-core-2.12.1.jar:/home/runner/.m2/repository/com/fasterxml/jackson/module/jackson-module-jaxb-annotations/2.12.1/jackson-module-jaxb-annotations-2.12.1.jar:/home/runner/.m2/repository/jakarta/xml/bind/jakarta.xml.bind-api/2.3.2/jakarta.xml.bind-api-2.3.2.jar:/home/runner/.m2/repository/org/codehaus/woodstox/stax2-api/3.1.4/stax2-api-3.1.4.jar:/home/runner/.m2/repository/com/fasterxml/woodstox/woodstox-core/5.0.3/woodstox-core-5.0.3.jar:/home/runner/.m2/repository/javax/enterprise/cdi-api/1.2/cdi-api-1.2.jar:/home/runner/.m2/repository/javax/el/javax.el-api/3.0.0/javax.el-api-3.0.0.jar:/home/runner/.m2/repository/javax/interceptor/javax.interceptor-api/1.2/javax.interceptor-api-1.2.jar:/home/runner/.m2/repository/javax/inject/javax.inject/1/javax.inject-1.jar:/home/runner/.m2/repository/javax/xml/bind/jaxb-api/2.3.0/jaxb-api-2.3.0.jar:/home/runner/.m2/repository/org/glassfish/jaxb/jaxb-runtime/2.3.0.1/jaxb-runtime-2.3.0.1.jar:/home/runner/.m2/repository/org/glassfish/jaxb/jaxb-core/2.3.0.1/jaxb-core-2.3.0.1.jar:/home/runner/.m2/repository/org/glassfish/jaxb/txw2/2.3.0.1/txw2-2.3.0.1.jar:/home/runner/.m2/repository/com/sun/istack/istack-commons-runtime/3.0.5/istack-commons-runtime-3.0.5.jar:/home/runner/.m2/repository/org/jvnet/staxex/stax-ex/1.7.8/stax-ex-1.7.8.jar:/home/runner/.m2/repository/com/sun/xml/fastinfoset/FastInfoset/1.2.13/FastInfoset-1.2.13.jar:/home/runner/.m2/repository/javax/activation/activation/1.1.1/activation-1.1.1.jar:/home/runner/.m2/repository/org/apache/ozone/ozone-csi/1.3.0-SNAPSHOT/ozone-csi-1.3.0-SNAPSHOT.jar:/home/runner/.m2/repository/com/google/protobuf/protobuf-java-util/3.12.0/protobuf-java-util-3.12.0.jar:/home/runner/.m2/repository/com/google/code/gson/gson/2.2.4/gson-2.2.4.jar:/home/runner/.m2/repository/org/apache/ozone/hdds-config/1.3.0-SNAPSHOT/hdds-config-1.3.0-SNAPSHOT.jar:/home/runner/.m2/repository/io/grpc/grpc-netty/1.33.0/grpc-netty-1.33.0.jar:/home/runner/.m2/repository/io/grpc/grpc-core/1.33.0/grpc-core-1.33.0.jar:/home/runner/.m2/repository/com/google/android/annotations/4.1.1.4/annotations-4.1.1.4.jar:/home/runner/.m2/repository/io/netty/netty-codec-http2/4.1.63.Final/netty-codec-http2-4.1.63.Final.jar:/home/runner/.m2/repository/io/netty/netty-codec-http/4.1.63.Final/netty-codec-http-4.1.63.Final.jar:/home/runner/.m2/repository/io/netty/netty-handler-proxy/4.1.63.Final/netty-handler-proxy-4.1.63.Final.jar:/home/runner/.m2/repository/io/netty/netty-codec-socks/4.1.63.Final/netty-codec-socks-4.1.63.Final.jar:/home/runner/.m2/repository/io/perfmark/perfmark-api/0.19.0/perfmark-api-0.19.0.jar:/home/runner/.m2/repository/org/codehaus/mojo/animal-sniffer-annotations/1.18/animal-sniffer-annotations-1.18.jar:/home/runner/.m2/repository/io/netty/netty-transport-native-epoll/4.1.63.Final/netty-transport-native-epoll-4.1.63.Final.jar:/home/runner/.m2/repository/io/netty/netty-common/4.1.63.Final/netty-common-4.1.63.Final.jar:/home/runner/.m2/repository/io/netty/netty-buffer/4.1.63.Final/netty-buffer-4.1.63.Final.jar:/home/runner/.m2/repository/io/netty/netty-transport-native-unix-common/4.1.63.Final/netty-transport-native-unix-common-4.1.63.Final.jar:/home/runner/.m2/repository/io/grpc/grpc-protobuf/1.33.0/grpc-protobuf-1.33.0.jar:/home/runner/.m2/repository/io/grpc/grpc-api/1.33.0/grpc-api-1.33.0.jar:/home/runner/.m2/repository/io/grpc/grpc-context/1.33.0/grpc-context-1.33.0.jar:/home/runner/.m2/repository/com/google/api/grpc/proto-google-common-protos/1.17.0/proto-google-common-protos-1.17.0.jar:/home/runner/.m2/repository/io/grpc/grpc-protobuf-lite/1.33.0/grpc-protobuf-lite-1.33.0.jar:/home/runner/.m2/repository/io/grpc/grpc-stub/1.33.0/grpc-stub-1.33.0.jar:/home/runner/.m2/repository/org/apache/ozone/ozone-recon/1.3.0-SNAPSHOT/ozone-recon-1.3.0-SNAPSHOT.jar:/home/runner/.m2/repository/org/apache/ozone/ozone-reconcodegen/1.3.0-SNAPSHOT/ozone-reconcodegen-1.3.0-SNAPSHOT.jar:/home/runner/.m2/repository/com/google/inject/extensions/guice-multibindings/4.0/guice-multibindings-4.0.jar:/home/runner/.m2/repository/com/google/inject/guice/4.0/guice-4.0.jar:/home/runner/.m2/repository/aopalliance/aopalliance/1.0/aopalliance-1.0.jar:/home/runner/.m2/repository/com/google/inject/extensions/guice-assistedinject/4.0/guice-assistedinject-4.0.jar:/home/runner/.m2/repository/com/google/inject/extensions/guice-servlet/4.0/guice-servlet-4.0.jar:/home/runner/.m2/repository/org/glassfish/jersey/containers/jersey-container-servlet/2.33/jersey-container-servlet-2.33.jar:/home/runner/.m2/repository/org/glassfish/hk2/guice-bridge/2.5.0/guice-bridge-2.5.0.jar:/home/runner/.m2/repository/org/glassfish/jersey/core/jersey-server/2.33/jersey-server-2.33.jar:/home/runner/.m2/repository/org/glassfish/jersey/core/jersey-client/2.33/jersey-client-2.33.jar:/home/runner/.m2/repository/jakarta/annotation/jakarta.annotation-api/1.3.5/jakarta.annotation-api-1.3.5.jar:/home/runner/.m2/repository/jakarta/validation/jakarta.validation-api/2.0.2/jakarta.validation-api-2.0.2.jar:/home/runner/.m2/repository/org/glassfish/jersey/media/jersey-media-json-jackson/2.33/jersey-media-json-jackson-2.33.jar:/home/runner/.m2/repository/org/glassfish/jersey/ext/jersey-entity-filtering/2.33/jersey-entity-filtering-2.33.jar:/home/runner/.m2/repository/org/jooq/jooq/3.11.10/jooq-3.11.10.jar:/home/runner/.m2/repository/org/jooq/jooq-meta/3.11.10/jooq-meta-3.11.10.jar:/home/runner/.m2/repository/org/jooq/jooq-codegen/3.11.10/jooq-codegen-3.11.10.jar:/home/runner/.m2/repository/com/jolbox/bonecp/0.8.0.RELEASE/bonecp-0.8.0.RELEASE.jar:/home/runner/.m2/repository/org/apache/derby/derby/10.14.2.0/derby-10.14.2.0.jar:/home/runner/.m2/repository/org/xerial/sqlite-jdbc/3.25.2/sqlite-jdbc-3.25.2.jar:/home/runner/.m2/repository/org/springframework/spring-jdbc/5.2.18.RELEASE/spring-jdbc-5.2.18.RELEASE.jar:/home/runner/.m2/repository/org/springframework/spring-beans/5.2.18.RELEASE/spring-beans-5.2.18.RELEASE.jar:/home/runner/.m2/repository/org/springframework/spring-core/5.2.18.RELEASE/spring-core-5.2.18.RELEASE.jar:/home/runner/.m2/repository/org/springframework/spring-jcl/5.2.18.RELEASE/spring-jcl-5.2.18.RELEASE.jar:/home/runner/.m2/repository/org/springframework/spring-tx/5.2.18.RELEASE/spring-tx-5.2.18.RELEASE.jar:/home/runner/.m2/repository/org/apache/ozone/ozone-client/1.3.0-SNAPSHOT/ozone-client-1.3.0-SNAPSHOT.jar:/home/runner/.m2/repository/org/apache/ozone/ozone-filesystem/1.3.0-SNAPSHOT/ozone-filesystem-1.3.0-SNAPSHOT.jar:/home/runner/.m2/repository/org/apache/ozone/ozone-filesystem-common/1.3.0-SNAPSHOT/ozone-filesystem-common-1.3.0-SNAPSHOT.jar:/home/runner/.m2/repository/org/apache/ozone/ozone-tools/1.3.0-SNAPSHOT/ozone-tools-1.3.0-SNAPSHOT.jar:/home/runner/.m2/repository/org/apache/ratis/ratis-tools/2.2.0/ratis-tools-2.2.0.jar:/home/runner/.m2/repository/com/amazonaws/aws-java-sdk-core/1.12.124/aws-java-sdk-core-1.12.124.jar:/home/runner/.m2/repository/org/apache/httpcomponents/httpclient/4.5.13/httpclient-4.5.13.jar:/home/runner/.m2/repository/org/apache/httpcomponents/httpcore/4.4.13/httpcore-4.4.13.jar:/home/runner/.m2/repository/software/amazon/ion/ion-java/1.0.2/ion-java-1.0.2.jar:/home/runner/.m2/repository/com/fasterxml/jackson/dataformat/jackson-dataformat-cbor/2.12.1/jackson-dataformat-cbor-2.12.1.jar:/home/runner/.m2/repository/joda-time/joda-time/2.8.1/joda-time-2.8.1.jar:/home/runner/.m2/repository/com/amazonaws/aws-java-sdk-s3/1.12.124/aws-java-sdk-s3-1.12.124.jar:/home/runner/.m2/repository/com/amazonaws/aws-java-sdk-kms/1.12.124/aws-java-sdk-kms-1.12.124.jar:/home/runner/.m2/repository/com/amazonaws/jmespath-java/1.12.124/jmespath-java-1.12.124.jar:/home/runner/.m2/repository/org/kohsuke/metainf-services/metainf-services/1.8/metainf-services-1.8.jar:/home/runner/.m2/repository/org/apache/ozone/hdds-tools/1.3.0-SNAPSHOT/hdds-tools-1.3.0-SNAPSHOT.jar:/home/runner/.m2/repository/commons-cli/commons-cli/1.2/commons-cli-1.2.jar:/home/runner/.m2/repository/org/apache/commons/commons-lang3/3.7/commons-lang3-3.7.jar:/home/runner/.m2/repository/org/apache/ozone/ozone-manager/1.3.0-SNAPSHOT/ozone-manager-1.3.0-SNAPSHOT-tests.jar:/home/runner/.m2/repository/org/apache/ozone/hdds-common/1.3.0-SNAPSHOT/hdds-common-1.3.0-SNAPSHOT-tests.jar:/home/runner/.m2/repository/org/apache/ozone/hdds-hadoop-dependency-client/1.3.0-SNAPSHOT/hdds-hadoop-dependency-client-1.3.0-SNAPSHOT.jar:/home/runner/.m2/repository/info/picocli/picocli/4.6.1/picocli-4.6.1.jar:/home/runner/.m2/repository/com/fasterxml/jackson/core/jackson-annotations/2.12.1/jackson-annotations-2.12.1.jar:/home/runner/.m2/repository/javax/annotation/javax.annotation-api/1.2/javax.annotation-api-1.2.jar:/home/runner/.m2/repository/org/apache/ratis/ratis-server/2.2.0/ratis-server-2.2.0.jar:/home/runner/.m2/repository/org/apache/ratis/ratis-client/2.2.0/ratis-client-2.2.0.jar:/home/runner/.m2/repository/org/apache/ratis/ratis-server-api/2.2.0/ratis-server-api-2.2.0.jar:/home/runner/.m2/repository/org/apache/ratis/ratis-metrics/2.2.0/ratis-metrics-2.2.0.jar:/home/runner/.m2/repository/org/apache/ratis/ratis-netty/2.2.0/ratis-netty-2.2.0.jar:/home/runner/.m2/repository/org/apache/ratis/ratis-grpc/2.2.0/ratis-grpc-2.2.0.jar:/home/runner/.m2/repository/org/apache/logging/log4j/log4j-api/2.17.1/log4j-api-2.17.1.jar:/home/runner/.m2/repository/org/apache/logging/log4j/log4j-core/2.17.1/log4j-core-2.17.1.jar:/home/runner/.m2/repository/com/lmax/disruptor/3.4.2/disruptor-3.4.2.jar:/home/runner/.m2/repository/org/apache/commons/commons-pool2/2.6.0/commons-pool2-2.6.0.jar:/home/runner/.m2/repository/org/bouncycastle/bcpkix-jdk15on/1.67/bcpkix-jdk15on-1.67.jar:/home/runner/.m2/repository/commons-validator/commons-validator/1.6/commons-validator-1.6.jar:/home/runner/.m2/repository/commons-beanutils/commons-beanutils/1.9.4/commons-beanutils-1.9.4.jar:/home/runner/.m2/repository/commons-digester/commons-digester/1.8.1/commons-digester-1.8.1.jar:/home/runner/.m2/repository/commons-collections/commons-collections/3.2.2/commons-collections-3.2.2.jar:/home/runner/.m2/repository/io/jaegertracing/jaeger-client/1.6.0/jaeger-client-1.6.0.jar:/home/runner/.m2/repository/io/jaegertracing/jaeger-thrift/1.6.0/jaeger-thrift-1.6.0.jar:/home/runner/.m2/repository/org/apache/thrift/libthrift/0.14.1/libthrift-0.14.1.jar:/home/runner/.m2/repository/com/squareup/okhttp3/okhttp/4.9.0/okhttp-4.9.0.jar:/home/runner/.m2/repository/com/squareup/okio/okio/2.8.0/okio-2.8.0.jar:/home/runner/.m2/repository/io/jaegertracing/jaeger-core/1.6.0/jaeger-core-1.6.0.jar:/home/runner/.m2/repository/io/jaegertracing/jaeger-tracerresolver/1.6.0/jaeger-tracerresolver-1.6.0.jar:/home/runner/.m2/repository/io/opentracing/contrib/opentracing-tracerresolver/0.1.8/opentracing-tracerresolver-0.1.8.jar:/home/runner/.m2/repository/org/jetbrains/kotlin/kotlin-stdlib/1.4.31/kotlin-stdlib-1.4.31.jar:/home/runner/.m2/repository/org/jetbrains/kotlin/kotlin-stdlib-common/1.4.31/kotlin-stdlib-common-1.4.31.jar:/home/runner/.m2/repository/org/jetbrains/annotations/13.0/annotations-13.0.jar:/home/runner/.m2/repository/io/opentracing/opentracing-util/0.33.0/opentracing-util-0.33.0.jar:/home/runner/.m2/repository/io/opentracing/opentracing-api/0.33.0/opentracing-api-0.33.0.jar:/home/runner/.m2/repository/io/opentracing/opentracing-noop/0.33.0/opentracing-noop-0.33.0.jar:/home/runner/.m2/repository/org/yaml/snakeyaml/1.26/snakeyaml-1.26.jar:/home/runner/.m2/repository/org/apache/ozone/hdds-interface-admin/1.3.0-SNAPSHOT/hdds-interface-admin-1.3.0-SNAPSHOT.jar:/home/runner/.m2/repository/junit/junit/4.13.1/junit-4.13.1.jar:/home/runner/.m2/repository/org/hamcrest/hamcrest-core/1.3/hamcrest-core-1.3.jar:/home/runner/.m2/repository/org/junit/jupiter/junit-jupiter-api/5.7.0/junit-jupiter-api-5.7.0.jar:/home/runner/.m2/repository/org/apiguardian/apiguardian-api/1.1.0/apiguardian-api-1.1.0.jar:/home/runner/.m2/repository/org/opentest4j/opentest4j/1.2.0/opentest4j-1.2.0.jar:/home/runner/.m2/repository/org/junit/platform/junit-platform-commons/1.7.0/junit-platform-commons-1.7.0.jar:/home/runner/.m2/repository/org/junit/jupiter/junit-jupiter-engine/5.7.0/junit-jupiter-engine-5.7.0.jar:/home/runner/.m2/repository/org/junit/platform/junit-platform-engine/1.7.0/junit-platform-engine-1.7.0.jar:/home/runner/.m2/repository/org/junit/vintage/junit-vintage-engine/5.7.0/junit-vintage-engine-5.7.0.jar:/home/runner/.m2/repository/org/junit/platform/junit-platform-launcher/1.7.0/junit-platform-launcher-1.7.0.jar:/home/runner/.m2/repository/org/mockito/mockito-core/2.28.2/mockito-core-2.28.2.jar:/home/runner/.m2/repository/net/bytebuddy/byte-buddy/1.9.10/byte-buddy-1.9.10.jar:/home/runner/.m2/repository/net/bytebuddy/byte-buddy-agent/1.9.10/byte-buddy-agent-1.9.10.jar:/home/runner/.m2/repository/org/objenesis/objenesis/1.0/objenesis-1.0.jar:/home/runner/.m2/repository/org/apache/hadoop/hadoop-kms/3.3.1/hadoop-kms-3.3.1.jar:/home/runner/.m2/repository/org/apache/hadoop/hadoop-auth/3.3.1/hadoop-auth-3.3.1.jar:/home/runner/.m2/repository/com/nimbusds/nimbus-jose-jwt/7.9/nimbus-jose-jwt-7.9.jar:/home/runner/.m2/repository/com/github/stephenc/jcip/jcip-annotations/1.0-1/jcip-annotations-1.0-1.jar:/home/runner/.m2/repository/net/minidev/json-smart/2.3.1/json-smart-2.3.1.jar:/home/runner/.m2/repository/net/minidev/accessors-smart/2.3.1/accessors-smart-2.3.1.jar:/home/runner/.m2/repository/org/ow2/asm/asm/5.0.4/asm-5.0.4.jar:/home/runner/.m2/repository/org/apache/zookeeper/zookeeper/3.5.6/zookeeper-3.5.6.jar:/home/runner/.m2/repository/org/apache/zookeeper/zookeeper-jute/3.5.6/zookeeper-jute-3.5.6.jar:/home/runner/.m2/repository/org/apache/yetus/audience-annotations/0.5.0/audience-annotations-0.5.0.jar:/home/runner/.m2/repository/org/apache/curator/curator-framework/4.2.0/curator-framework-4.2.0.jar:/home/runner/.m2/repository/org/apache/hadoop/thirdparty/hadoop-shaded-guava/1.1.1/hadoop-shaded-guava-1.1.1.jar:/home/runner/.m2/repository/com/sun/jersey/jersey-core/1.19/jersey-core-1.19.jar:/home/runner/.m2/repository/javax/ws/rs/jsr311-api/1.1.1/jsr311-api-1.1.1.jar:/home/runner/.m2/repository/com/sun/jersey/jersey-server/1.19/jersey-server-1.19.jar:/home/runner/.m2/repository/javax/servlet/javax.servlet-api/3.1.0/javax.servlet-api-3.1.0.jar:/home/runner/.m2/repository/org/eclipse/jetty/jetty-server/9.4.43.v20210629/jetty-server-9.4.43.v20210629.jar:/home/runner/.m2/repository/org/eclipse/jetty/jetty-http/9.4.43.v20210629/jetty-http-9.4.43.v20210629.jar:/home/runner/.m2/repository/org/eclipse/jetty/jetty-io/9.4.43.v20210629/jetty-io-9.4.43.v20210629.jar:/home/runner/.m2/repository/org/eclipse/jetty/jetty-webapp/9.4.43.v20210629/jetty-webapp-9.4.43.v20210629.jar:/home/runner/.m2/repository/org/eclipse/jetty/jetty-xml/9.4.43.v20210629/jetty-xml-9.4.43.v20210629.jar:/home/runner/.m2/repository/org/apache/hadoop/hadoop-common/3.3.1/hadoop-common-3.3.1.jar:/home/runner/.m2/repository/org/apache/commons/commons-math3/3.1.1/commons-math3-3.1.1.jar:/home/runner/.m2/repository/commons-net/commons-net/3.6/commons-net-3.6.jar:/home/runner/.m2/repository/jakarta/activation/jakarta.activation-api/1.2.1/jakarta.activation-api-1.2.1.jar:/home/runner/.m2/repository/com/sun/jersey/jersey-servlet/1.19/jersey-servlet-1.19.jar:/home/runner/.m2/repository/com/sun/jersey/jersey-json/1.19/jersey-json-1.19.jar:/home/runner/.m2/repository/org/codehaus/jettison/jettison/1.1/jettison-1.1.jar:/home/runner/.m2/repository/com/sun/xml/bind/jaxb-impl/2.2.3-1/jaxb-impl-2.2.3-1.jar:/home/runner/.m2/repository/org/codehaus/jackson/jackson-jaxrs/1.9.2/jackson-jaxrs-1.9.2.jar:/home/runner/.m2/repository/org/codehaus/jackson/jackson-xc/1.9.2/jackson-xc-1.9.2.jar:/home/runner/.m2/repository/org/apache/commons/commons-configuration2/2.1.1/commons-configuration2-2.1.1.jar:/home/runner/.m2/repository/org/apache/commons/commons-text/1.4/commons-text-1.4.jar:/home/runner/.m2/repository/com/google/re2j/re2j/1.1/re2j-1.1.jar:/home/runner/.m2/repository/com/jcraft/jsch/0.1.54/jsch-0.1.54.jar:/home/runner/.m2/repository/org/apache/curator/curator-client/4.2.0/curator-client-4.2.0.jar:/home/runner/.m2/repository/org/apache/curator/curator-recipes/4.2.0/curator-recipes-4.2.0.jar:/home/runner/.m2/repository/org/apache/kerby/kerb-core/1.0.1/kerb-core-1.0.1.jar:/home/runner/.m2/repository/org/apache/kerby/kerby-pkix/1.0.1/kerby-pkix-1.0.1.jar:/home/runner/.m2/repository/org/apache/kerby/kerby-asn1/1.0.1/kerby-asn1-1.0.1.jar:/home/runner/.m2/repository/org/apache/kerby/kerby-util/1.0.1/kerby-util-1.0.1.jar:/home/runner/.m2/repository/dnsjava/dnsjava/2.1.7/dnsjava-2.1.7.jar:/home/runner/.m2/repository/org/xerial/snappy/snappy-java/1.1.8.2/snappy-java-1.1.8.2.jar:/home/runner/.m2/repository/org/slf4j/jul-to-slf4j/1.7.30/jul-to-slf4j-1.7.30.jar:/home/runner/.m2/repository/org/eclipse/jetty/jetty-util/9.4.43.v20210629/jetty-util-9.4.43.v20210629.jar:/home/runner/.m2/repository/com/fasterxml/jackson/core/jackson-databind/2.12.1/jackson-databind-2.12.1.jar:/home/runner/.m2/repository/org/apache/hadoop/hadoop-kms/3.3.1/hadoop-kms-3.3.1-tests.jar:/home/runner/.m2/repository/org/apache/ozone/hdds-server-scm/1.3.0-SNAPSHOT/hdds-server-scm-1.3.0-SNAPSHOT-tests.jar:/home/runner/.m2/repository/org/apache/ozone/hdds-container-service/1.3.0-SNAPSHOT/hdds-container-service-1.3.0-SNAPSHOT-tests.jar:/home/runner/.m2/repository/commons-codec/commons-codec/1.11/commons-codec-1.11.jar:/home/runner/.m2/repository/io/netty/netty-transport/4.1.63.Final/netty-transport-4.1.63.Final.jar:/home/runner/.m2/repository/io/netty/netty-resolver/4.1.63.Final/netty-resolver-4.1.63.Final.jar:/home/runner/.m2/repository/io/netty/netty-codec/4.1.63.Final/netty-codec-4.1.63.Final.jar:/home/runner/.m2/repository/io/netty/netty-handler/4.1.63.Final/netty-handler-4.1.63.Final.jar:/home/runner/.m2/repository/org/apache/ozone/hdds-hadoop-dependency-test/1.3.0-SNAPSHOT/hdds-hadoop-dependency-test-1.3.0-SNAPSHOT.jar:/home/runner/.m2/repository/org/apache/hadoop/hadoop-common/3.3.1/hadoop-common-3.3.1-tests.jar:/home/runner/.m2/repository/org/assertj/assertj-core/3.12.2/assertj-core-3.12.2.jar:/home/runner/.m2/repository/org/apache/hadoop/hadoop-hdfs/3.3.1/hadoop-hdfs-3.3.1-tests.jar:/home/runner/.m2/repository/org/eclipse/jetty/jetty-util-ajax/9.4.43.v20210629/jetty-util-ajax-9.4.43.v20210629.jar:/home/runner/.m2/repository/commons-daemon/commons-daemon/1.0.13/commons-daemon-1.0.13.jar:/home/runner/.m2/repository/io/netty/netty/3.10.6.Final/netty-3.10.6.Final.jar:/home/runner/.m2/repository/io/netty/netty-all/4.1.63.Final/netty-all-4.1.63.Final.jar:/home/runner/.m2/repository/org/apache/htrace/htrace-core4/4.1.0-incubating/htrace-core4-4.1.0-incubating.jar:/home/runner/.m2/repository/org/fusesource/leveldbjni/leveldbjni-all/1.8/leveldbjni-all-1.8.jar:/home/runner/.m2/repository/org/apache/hadoop/hadoop-distcp/3.3.1/hadoop-distcp-3.3.1.jar:/home/runner/.m2/repository/org/apache/hadoop/hadoop-mapreduce-client-jobclient/3.3.1/hadoop-mapreduce-client-jobclient-3.3.1.jar:/home/runner/.m2/repository/org/apache/hadoop/hadoop-mapreduce-client-common/3.3.1/hadoop-mapreduce-client-common-3.3.1.jar:/home/runner/.m2/repository/org/apache/hadoop/hadoop-yarn-common/3.3.1/hadoop-yarn-common-3.3.1.jar:/home/runner/.m2/repository/org/apache/hadoop/hadoop-yarn-api/3.3.1/hadoop-yarn-api-3.3.1.jar:/home/runner/.m2/repository/com/sun/jersey/jersey-client/1.19/jersey-client-1.19.jar:/home/runner/.m2/repository/com/sun/jersey/contribs/jersey-guice/1.19/jersey-guice-1.19.jar:/home/runner/.m2/repository/com/fasterxml/jackson/jaxrs/jackson-jaxrs-json-provider/2.12.1/jackson-jaxrs-json-provider-2.12.1.jar:/home/runner/.m2/repository/com/fasterxml/jackson/jaxrs/jackson-jaxrs-base/2.12.1/jackson-jaxrs-base-2.12.1.jar:/home/runner/.m2/repository/org/apache/hadoop/hadoop-yarn-client/3.3.1/hadoop-yarn-client-3.3.1.jar:/home/runner/.m2/repository/org/eclipse/jetty/websocket/websocket-client/9.4.40.v20210413/websocket-client-9.4.40.v20210413.jar:/home/runner/.m2/repository/org/eclipse/jetty/jetty-client/9.4.40.v20210413/jetty-client-9.4.40.v20210413.jar:/home/runner/.m2/repository/org/eclipse/jetty/websocket/websocket-common/9.4.40.v20210413/websocket-common-9.4.40.v20210413.jar:/home/runner/.m2/repository/org/eclipse/jetty/websocket/websocket-api/9.4.40.v20210413/websocket-api-9.4.40.v20210413.jar:/home/runner/.m2/repository/org/jline/jline/3.9.0/jline-3.9.0.jar:/home/runner/.m2/repository/org/apache/hadoop/hadoop-mapreduce-client-core/3.3.1/hadoop-mapreduce-client-core-3.3.1.jar:/home/runner/.m2/repository/org/apache/avro/avro/1.7.7/avro-1.7.7.jar:/home/runner/.m2/repository/org/codehaus/jackson/jackson-core-asl/1.9.13/jackson-core-asl-1.9.13.jar:/home/runner/.m2/repository/org/codehaus/jackson/jackson-mapper-asl/1.9.13/jackson-mapper-asl-1.9.13.jar:/home/runner/.m2/repository/com/thoughtworks/paranamer/paranamer/2.3/paranamer-2.3.jar:/home/runner/.m2/repository/org/apache/hadoop/hadoop-annotations/3.3.1/hadoop-annotations-3.3.1.jar:/usr/lib/jvm/temurin-8-jdk-amd64/jre/../lib/tools.jar:/home/runner/.m2/repository/org/apache/hadoop/hadoop-distcp/3.3.1/hadoop-distcp-3.3.1-tests.jar:/home/runner/.m2/repository/org/apache/ratis/ratis-common/2.2.0/ratis-common-2.2.0.jar:/home/runner/.m2/repository/org/apache/ratis/ratis-thirdparty-misc/0.7.0/ratis-thirdparty-misc-0.7.0.jar:/home/runner/.m2/repository/org/apache/ratis/ratis-proto/2.2.0/ratis-proto-2.2.0.jar:"/>
    <property name="java.vm.vendor" value="Temurin"/>
    <property name="sun.arch.data.model" value="64"/>
    <property name="test.build.dir" value="/home/runner/work/ozone/ozone/hadoop-ozone/integration-test/target/test-dir"/>
    <property name="test.cache.data" value=""/>
    <property name="java.vendor.url" value="https://adoptium.net/"/>
    <property name="user.timezone" value=""/>
    <property name="java.vm.specification.version" value="1.8"/>
    <property name="os.name" value="Linux"/>
    <property name="test.build.data" value="/home/runner/work/ozone/ozone/hadoop-ozone/integration-test/target/test-dir"/>
    <property name="sun.java.launcher" value="SUN_STANDARD"/>
    <property name="sun.boot.library.path" value="/usr/lib/jvm/temurin-8-jdk-amd64/jre/lib/amd64"/>
    <property name="sun.java.command" value="/home/runner/work/ozone/ozone/hadoop-ozone/integration-test/target/surefire/surefirebooter8344368401635633277.jar /home/runner/work/ozone/ozone/hadoop-ozone/integration-test/target/surefire 2022-01-20T13-14-48_709-jvmRun1 surefire3730069750123882534tmp surefire_22641809711435299625tmp"/>
    <property name="surefire.test.class.path" value="/home/runner/work/ozone/ozone/hadoop-ozone/integration-test/target/test-classes:/home/runner/work/ozone/ozone/hadoop-ozone/integration-test/target/classes:/home/runner/.m2/repository/org/apache/ozone/ozone-common/1.3.0-SNAPSHOT/ozone-common-1.3.0-SNAPSHOT.jar:/home/runner/.m2/repository/org/apache/commons/commons-compress/1.21/commons-compress-1.21.jar:/home/runner/.m2/repository/org/apache/ozone/hdds-common/1.3.0-SNAPSHOT/hdds-common-1.3.0-SNAPSHOT.jar:/home/runner/.m2/repository/org/apache/ozone/hdds-client/1.3.0-SNAPSHOT/hdds-client-1.3.0-SNAPSHOT.jar:/home/runner/.m2/repository/org/apache/ozone/ozone-interface-client/1.3.0-SNAPSHOT/ozone-interface-client-1.3.0-SNAPSHOT.jar:/home/runner/.m2/repository/org/apache/ozone/hdds-test-utils/1.3.0-SNAPSHOT/hdds-test-utils-1.3.0-SNAPSHOT.jar:/home/runner/.m2/repository/com/google/guava/guava/30.1.1-jre/guava-30.1.1-jre.jar:/home/runner/.m2/repository/com/google/guava/failureaccess/1.0.1/failureaccess-1.0.1.jar:/home/runner/.m2/repository/com/google/guava/listenablefuture/9999.0-empty-to-avoid-conflict-with-guava/listenablefuture-9999.0-empty-to-avoid-conflict-with-guava.jar:/home/runner/.m2/repository/com/google/code/findbugs/jsr305/3.0.0/jsr305-3.0.0.jar:/home/runner/.m2/repository/org/checkerframework/checker-qual/3.8.0/checker-qual-3.8.0.jar:/home/runner/.m2/repository/com/google/errorprone/error_prone_annotations/2.2.0/error_prone_annotations-2.2.0.jar:/home/runner/.m2/repository/com/google/j2objc/j2objc-annotations/1.3/j2objc-annotations-1.3.jar:/home/runner/.m2/repository/commons-io/commons-io/2.11.0/commons-io-2.11.0.jar:/home/runner/.m2/repository/commons-logging/commons-logging/1.2/commons-logging-1.2.jar:/home/runner/.m2/repository/log4j/log4j/1.2.17/log4j-1.2.17.jar:/home/runner/.m2/repository/org/slf4j/slf4j-api/1.7.30/slf4j-api-1.7.30.jar:/home/runner/.m2/repository/org/apache/ozone/hdds-server-scm/1.3.0-SNAPSHOT/hdds-server-scm-1.3.0-SNAPSHOT.jar:/home/runner/.m2/repository/org/apache/ozone/hdds-container-service/1.3.0-SNAPSHOT/hdds-container-service-1.3.0-SNAPSHOT.jar:/home/runner/.m2/repository/org/apache/ozone/hdds-hadoop-dependency-server/1.3.0-SNAPSHOT/hdds-hadoop-dependency-server-1.3.0-SNAPSHOT.jar:/home/runner/.m2/repository/org/apache/hadoop/hadoop-hdfs/3.3.1/hadoop-hdfs-3.3.1.jar:/home/runner/.m2/repository/org/apache/ozone/hdds-server-framework/1.3.0-SNAPSHOT/hdds-server-framework-1.3.0-SNAPSHOT.jar:/home/runner/.m2/repository/org/apache/ozone/hdds-interface-server/1.3.0-SNAPSHOT/hdds-interface-server-1.3.0-SNAPSHOT.jar:/home/runner/.m2/repository/org/eclipse/jetty/jetty-servlet/9.4.43.v20210629/jetty-servlet-9.4.43.v20210629.jar:/home/runner/.m2/repository/org/eclipse/jetty/jetty-security/9.4.43.v20210629/jetty-security-9.4.43.v20210629.jar:/home/runner/.m2/repository/org/rocksdb/rocksdbjni/6.25.3/rocksdbjni-6.25.3.jar:/home/runner/.m2/repository/io/prometheus/simpleclient_dropwizard/0.7.0/simpleclient_dropwizard-0.7.0.jar:/home/runner/.m2/repository/io/prometheus/simpleclient/0.7.0/simpleclient-0.7.0.jar:/home/runner/.m2/repository/io/prometheus/simpleclient_common/0.7.0/simpleclient_common-0.7.0.jar:/home/runner/.m2/repository/com/fasterxml/jackson/datatype/jackson-datatype-jsr310/2.12.1/jackson-datatype-jsr310-2.12.1.jar:/home/runner/.m2/repository/io/dropwizard/metrics/metrics-core/3.2.4/metrics-core-3.2.4.jar:/home/runner/.m2/repository/org/apache/hadoop/hadoop-hdfs-client/3.3.1/hadoop-hdfs-client-3.3.1.jar:/home/runner/.m2/repository/org/bouncycastle/bcprov-jdk15on/1.67/bcprov-jdk15on-1.67.jar:/home/runner/.m2/repository/com/google/protobuf/protobuf-java/2.5.0/protobuf-java-2.5.0.jar:/home/runner/.m2/repository/org/apache/ozone/ozone-manager/1.3.0-SNAPSHOT/ozone-manager-1.3.0-SNAPSHOT.jar:/home/runner/.m2/repository/org/aspectj/aspectjrt/1.9.7/aspectjrt-1.9.7.jar:/home/runner/.m2/repository/org/aspectj/aspectjweaver/1.9.7/aspectjweaver-1.9.7.jar:/home/runner/.m2/repository/org/apache/ozone/hdds-interface-client/1.3.0-SNAPSHOT/hdds-interface-client-1.3.0-SNAPSHOT.jar:/home/runner/.m2/repository/org/apache/hadoop/thirdparty/hadoop-shaded-protobuf_3_7/1.1.1/hadoop-shaded-protobuf_3_7-1.1.1.jar:/home/runner/.m2/repository/org/apache/ozone/ozone-interface-storage/1.3.0-SNAPSHOT/ozone-interface-storage-1.3.0-SNAPSHOT.jar:/home/runner/.m2/repository/org/reflections/reflections/0.9.11/reflections-0.9.11.jar:/home/runner/.m2/repository/org/apache/hadoop/hadoop-minikdc/3.3.1/hadoop-minikdc-3.3.1.jar:/home/runner/.m2/repository/org/apache/kerby/kerb-simplekdc/1.0.1/kerb-simplekdc-1.0.1.jar:/home/runner/.m2/repository/org/apache/kerby/kerb-client/1.0.1/kerb-client-1.0.1.jar:/home/runner/.m2/repository/org/apache/kerby/kerby-config/1.0.1/kerby-config-1.0.1.jar:/home/runner/.m2/repository/org/apache/kerby/kerb-common/1.0.1/kerb-common-1.0.1.jar:/home/runner/.m2/repository/org/apache/kerby/kerb-crypto/1.0.1/kerb-crypto-1.0.1.jar:/home/runner/.m2/repository/org/apache/kerby/kerb-util/1.0.1/kerb-util-1.0.1.jar:/home/runner/.m2/repository/org/apache/kerby/token-provider/1.0.1/token-provider-1.0.1.jar:/home/runner/.m2/repository/org/apache/kerby/kerb-admin/1.0.1/kerb-admin-1.0.1.jar:/home/runner/.m2/repository/org/apache/kerby/kerb-server/1.0.1/kerb-server-1.0.1.jar:/home/runner/.m2/repository/org/apache/kerby/kerb-identity/1.0.1/kerb-identity-1.0.1.jar:/home/runner/.m2/repository/org/apache/kerby/kerby-xdr/1.0.1/kerby-xdr-1.0.1.jar:/home/runner/.m2/repository/org/slf4j/slf4j-log4j12/1.7.30/slf4j-log4j12-1.7.30.jar:/home/runner/.m2/repository/org/apache/ozone/ozone-s3gateway/1.3.0-SNAPSHOT/ozone-s3gateway-1.3.0-SNAPSHOT.jar:/home/runner/.m2/repository/org/javassist/javassist/3.21.0-GA/javassist-3.21.0-GA.jar:/home/runner/.m2/repository/org/jboss/weld/servlet/weld-servlet/2.4.7.Final/weld-servlet-2.4.7.Final.jar:/home/runner/.m2/repository/org/glassfish/jersey/containers/jersey-container-servlet-core/2.33/jersey-container-servlet-core-2.33.jar:/home/runner/.m2/repository/org/glassfish/hk2/external/jakarta.inject/2.6.1/jakarta.inject-2.6.1.jar:/home/runner/.m2/repository/org/glassfish/jersey/core/jersey-common/2.33/jersey-common-2.33.jar:/home/runner/.m2/repository/jakarta/ws/rs/jakarta.ws.rs-api/2.1.6/jakarta.ws.rs-api-2.1.6.jar:/home/runner/.m2/repository/org/glassfish/jersey/ext/cdi/jersey-cdi1x/2.33/jersey-cdi1x-2.33.jar:/home/runner/.m2/repository/org/glassfish/jersey/inject/jersey-hk2/2.33/jersey-hk2-2.33.jar:/home/runner/.m2/repository/org/glassfish/hk2/hk2-locator/2.6.1/hk2-locator-2.6.1.jar:/home/runner/.m2/repository/org/glassfish/jersey/media/jersey-media-jaxb/2.33/jersey-media-jaxb-2.33.jar:/home/runner/.m2/repository/org/glassfish/hk2/osgi-resource-locator/1.0.3/osgi-resource-locator-1.0.3.jar:/home/runner/.m2/repository/org/glassfish/hk2/hk2-api/2.5.0/hk2-api-2.5.0.jar:/home/runner/.m2/repository/org/glassfish/hk2/hk2-utils/2.5.0/hk2-utils-2.5.0.jar:/home/runner/.m2/repository/org/glassfish/hk2/external/aopalliance-repackaged/2.5.0/aopalliance-repackaged-2.5.0.jar:/home/runner/.m2/repository/com/fasterxml/jackson/dataformat/jackson-dataformat-xml/2.12.1/jackson-dataformat-xml-2.12.1.jar:/home/runner/.m2/repository/com/fasterxml/jackson/core/jackson-core/2.12.1/jackson-core-2.12.1.jar:/home/runner/.m2/repository/com/fasterxml/jackson/module/jackson-module-jaxb-annotations/2.12.1/jackson-module-jaxb-annotations-2.12.1.jar:/home/runner/.m2/repository/jakarta/xml/bind/jakarta.xml.bind-api/2.3.2/jakarta.xml.bind-api-2.3.2.jar:/home/runner/.m2/repository/org/codehaus/woodstox/stax2-api/3.1.4/stax2-api-3.1.4.jar:/home/runner/.m2/repository/com/fasterxml/woodstox/woodstox-core/5.0.3/woodstox-core-5.0.3.jar:/home/runner/.m2/repository/javax/enterprise/cdi-api/1.2/cdi-api-1.2.jar:/home/runner/.m2/repository/javax/el/javax.el-api/3.0.0/javax.el-api-3.0.0.jar:/home/runner/.m2/repository/javax/interceptor/javax.interceptor-api/1.2/javax.interceptor-api-1.2.jar:/home/runner/.m2/repository/javax/inject/javax.inject/1/javax.inject-1.jar:/home/runner/.m2/repository/javax/xml/bind/jaxb-api/2.3.0/jaxb-api-2.3.0.jar:/home/runner/.m2/repository/org/glassfish/jaxb/jaxb-runtime/2.3.0.1/jaxb-runtime-2.3.0.1.jar:/home/runner/.m2/repository/org/glassfish/jaxb/jaxb-core/2.3.0.1/jaxb-core-2.3.0.1.jar:/home/runner/.m2/repository/org/glassfish/jaxb/txw2/2.3.0.1/txw2-2.3.0.1.jar:/home/runner/.m2/repository/com/sun/istack/istack-commons-runtime/3.0.5/istack-commons-runtime-3.0.5.jar:/home/runner/.m2/repository/org/jvnet/staxex/stax-ex/1.7.8/stax-ex-1.7.8.jar:/home/runner/.m2/repository/com/sun/xml/fastinfoset/FastInfoset/1.2.13/FastInfoset-1.2.13.jar:/home/runner/.m2/repository/javax/activation/activation/1.1.1/activation-1.1.1.jar:/home/runner/.m2/repository/org/apache/ozone/ozone-csi/1.3.0-SNAPSHOT/ozone-csi-1.3.0-SNAPSHOT.jar:/home/runner/.m2/repository/com/google/protobuf/protobuf-java-util/3.12.0/protobuf-java-util-3.12.0.jar:/home/runner/.m2/repository/com/google/code/gson/gson/2.2.4/gson-2.2.4.jar:/home/runner/.m2/repository/org/apache/ozone/hdds-config/1.3.0-SNAPSHOT/hdds-config-1.3.0-SNAPSHOT.jar:/home/runner/.m2/repository/io/grpc/grpc-netty/1.33.0/grpc-netty-1.33.0.jar:/home/runner/.m2/repository/io/grpc/grpc-core/1.33.0/grpc-core-1.33.0.jar:/home/runner/.m2/repository/com/google/android/annotations/4.1.1.4/annotations-4.1.1.4.jar:/home/runner/.m2/repository/io/netty/netty-codec-http2/4.1.63.Final/netty-codec-http2-4.1.63.Final.jar:/home/runner/.m2/repository/io/netty/netty-codec-http/4.1.63.Final/netty-codec-http-4.1.63.Final.jar:/home/runner/.m2/repository/io/netty/netty-handler-proxy/4.1.63.Final/netty-handler-proxy-4.1.63.Final.jar:/home/runner/.m2/repository/io/netty/netty-codec-socks/4.1.63.Final/netty-codec-socks-4.1.63.Final.jar:/home/runner/.m2/repository/io/perfmark/perfmark-api/0.19.0/perfmark-api-0.19.0.jar:/home/runner/.m2/repository/org/codehaus/mojo/animal-sniffer-annotations/1.18/animal-sniffer-annotations-1.18.jar:/home/runner/.m2/repository/io/netty/netty-transport-native-epoll/4.1.63.Final/netty-transport-native-epoll-4.1.63.Final.jar:/home/runner/.m2/repository/io/netty/netty-common/4.1.63.Final/netty-common-4.1.63.Final.jar:/home/runner/.m2/repository/io/netty/netty-buffer/4.1.63.Final/netty-buffer-4.1.63.Final.jar:/home/runner/.m2/repository/io/netty/netty-transport-native-unix-common/4.1.63.Final/netty-transport-native-unix-common-4.1.63.Final.jar:/home/runner/.m2/repository/io/grpc/grpc-protobuf/1.33.0/grpc-protobuf-1.33.0.jar:/home/runner/.m2/repository/io/grpc/grpc-api/1.33.0/grpc-api-1.33.0.jar:/home/runner/.m2/repository/io/grpc/grpc-context/1.33.0/grpc-context-1.33.0.jar:/home/runner/.m2/repository/com/google/api/grpc/proto-google-common-protos/1.17.0/proto-google-common-protos-1.17.0.jar:/home/runner/.m2/repository/io/grpc/grpc-protobuf-lite/1.33.0/grpc-protobuf-lite-1.33.0.jar:/home/runner/.m2/repository/io/grpc/grpc-stub/1.33.0/grpc-stub-1.33.0.jar:/home/runner/.m2/repository/org/apache/ozone/ozone-recon/1.3.0-SNAPSHOT/ozone-recon-1.3.0-SNAPSHOT.jar:/home/runner/.m2/repository/org/apache/ozone/ozone-reconcodegen/1.3.0-SNAPSHOT/ozone-reconcodegen-1.3.0-SNAPSHOT.jar:/home/runner/.m2/repository/com/google/inject/extensions/guice-multibindings/4.0/guice-multibindings-4.0.jar:/home/runner/.m2/repository/com/google/inject/guice/4.0/guice-4.0.jar:/home/runner/.m2/repository/aopalliance/aopalliance/1.0/aopalliance-1.0.jar:/home/runner/.m2/repository/com/google/inject/extensions/guice-assistedinject/4.0/guice-assistedinject-4.0.jar:/home/runner/.m2/repository/com/google/inject/extensions/guice-servlet/4.0/guice-servlet-4.0.jar:/home/runner/.m2/repository/org/glassfish/jersey/containers/jersey-container-servlet/2.33/jersey-container-servlet-2.33.jar:/home/runner/.m2/repository/org/glassfish/hk2/guice-bridge/2.5.0/guice-bridge-2.5.0.jar:/home/runner/.m2/repository/org/glassfish/jersey/core/jersey-server/2.33/jersey-server-2.33.jar:/home/runner/.m2/repository/org/glassfish/jersey/core/jersey-client/2.33/jersey-client-2.33.jar:/home/runner/.m2/repository/jakarta/annotation/jakarta.annotation-api/1.3.5/jakarta.annotation-api-1.3.5.jar:/home/runner/.m2/repository/jakarta/validation/jakarta.validation-api/2.0.2/jakarta.validation-api-2.0.2.jar:/home/runner/.m2/repository/org/glassfish/jersey/media/jersey-media-json-jackson/2.33/jersey-media-json-jackson-2.33.jar:/home/runner/.m2/repository/org/glassfish/jersey/ext/jersey-entity-filtering/2.33/jersey-entity-filtering-2.33.jar:/home/runner/.m2/repository/org/jooq/jooq/3.11.10/jooq-3.11.10.jar:/home/runner/.m2/repository/org/jooq/jooq-meta/3.11.10/jooq-meta-3.11.10.jar:/home/runner/.m2/repository/org/jooq/jooq-codegen/3.11.10/jooq-codegen-3.11.10.jar:/home/runner/.m2/repository/com/jolbox/bonecp/0.8.0.RELEASE/bonecp-0.8.0.RELEASE.jar:/home/runner/.m2/repository/org/apache/derby/derby/10.14.2.0/derby-10.14.2.0.jar:/home/runner/.m2/repository/org/xerial/sqlite-jdbc/3.25.2/sqlite-jdbc-3.25.2.jar:/home/runner/.m2/repository/org/springframework/spring-jdbc/5.2.18.RELEASE/spring-jdbc-5.2.18.RELEASE.jar:/home/runner/.m2/repository/org/springframework/spring-beans/5.2.18.RELEASE/spring-beans-5.2.18.RELEASE.jar:/home/runner/.m2/repository/org/springframework/spring-core/5.2.18.RELEASE/spring-core-5.2.18.RELEASE.jar:/home/runner/.m2/repository/org/springframework/spring-jcl/5.2.18.RELEASE/spring-jcl-5.2.18.RELEASE.jar:/home/runner/.m2/repository/org/springframework/spring-tx/5.2.18.RELEASE/spring-tx-5.2.18.RELEASE.jar:/home/runner/.m2/repository/org/apache/ozone/ozone-client/1.3.0-SNAPSHOT/ozone-client-1.3.0-SNAPSHOT.jar:/home/runner/.m2/repository/org/apache/ozone/ozone-filesystem/1.3.0-SNAPSHOT/ozone-filesystem-1.3.0-SNAPSHOT.jar:/home/runner/.m2/repository/org/apache/ozone/ozone-filesystem-common/1.3.0-SNAPSHOT/ozone-filesystem-common-1.3.0-SNAPSHOT.jar:/home/runner/.m2/repository/org/apache/ozone/ozone-tools/1.3.0-SNAPSHOT/ozone-tools-1.3.0-SNAPSHOT.jar:/home/runner/.m2/repository/org/apache/ratis/ratis-tools/2.2.0/ratis-tools-2.2.0.jar:/home/runner/.m2/repository/com/amazonaws/aws-java-sdk-core/1.12.124/aws-java-sdk-core-1.12.124.jar:/home/runner/.m2/repository/org/apache/httpcomponents/httpclient/4.5.13/httpclient-4.5.13.jar:/home/runner/.m2/repository/org/apache/httpcomponents/httpcore/4.4.13/httpcore-4.4.13.jar:/home/runner/.m2/repository/software/amazon/ion/ion-java/1.0.2/ion-java-1.0.2.jar:/home/runner/.m2/repository/com/fasterxml/jackson/dataformat/jackson-dataformat-cbor/2.12.1/jackson-dataformat-cbor-2.12.1.jar:/home/runner/.m2/repository/joda-time/joda-time/2.8.1/joda-time-2.8.1.jar:/home/runner/.m2/repository/com/amazonaws/aws-java-sdk-s3/1.12.124/aws-java-sdk-s3-1.12.124.jar:/home/runner/.m2/repository/com/amazonaws/aws-java-sdk-kms/1.12.124/aws-java-sdk-kms-1.12.124.jar:/home/runner/.m2/repository/com/amazonaws/jmespath-java/1.12.124/jmespath-java-1.12.124.jar:/home/runner/.m2/repository/org/kohsuke/metainf-services/metainf-services/1.8/metainf-services-1.8.jar:/home/runner/.m2/repository/org/apache/ozone/hdds-tools/1.3.0-SNAPSHOT/hdds-tools-1.3.0-SNAPSHOT.jar:/home/runner/.m2/repository/commons-cli/commons-cli/1.2/commons-cli-1.2.jar:/home/runner/.m2/repository/org/apache/commons/commons-lang3/3.7/commons-lang3-3.7.jar:/home/runner/.m2/repository/org/apache/ozone/ozone-manager/1.3.0-SNAPSHOT/ozone-manager-1.3.0-SNAPSHOT-tests.jar:/home/runner/.m2/repository/org/apache/ozone/hdds-common/1.3.0-SNAPSHOT/hdds-common-1.3.0-SNAPSHOT-tests.jar:/home/runner/.m2/repository/org/apache/ozone/hdds-hadoop-dependency-client/1.3.0-SNAPSHOT/hdds-hadoop-dependency-client-1.3.0-SNAPSHOT.jar:/home/runner/.m2/repository/info/picocli/picocli/4.6.1/picocli-4.6.1.jar:/home/runner/.m2/repository/com/fasterxml/jackson/core/jackson-annotations/2.12.1/jackson-annotations-2.12.1.jar:/home/runner/.m2/repository/javax/annotation/javax.annotation-api/1.2/javax.annotation-api-1.2.jar:/home/runner/.m2/repository/org/apache/ratis/ratis-server/2.2.0/ratis-server-2.2.0.jar:/home/runner/.m2/repository/org/apache/ratis/ratis-client/2.2.0/ratis-client-2.2.0.jar:/home/runner/.m2/repository/org/apache/ratis/ratis-server-api/2.2.0/ratis-server-api-2.2.0.jar:/home/runner/.m2/repository/org/apache/ratis/ratis-metrics/2.2.0/ratis-metrics-2.2.0.jar:/home/runner/.m2/repository/org/apache/ratis/ratis-netty/2.2.0/ratis-netty-2.2.0.jar:/home/runner/.m2/repository/org/apache/ratis/ratis-grpc/2.2.0/ratis-grpc-2.2.0.jar:/home/runner/.m2/repository/org/apache/logging/log4j/log4j-api/2.17.1/log4j-api-2.17.1.jar:/home/runner/.m2/repository/org/apache/logging/log4j/log4j-core/2.17.1/log4j-core-2.17.1.jar:/home/runner/.m2/repository/com/lmax/disruptor/3.4.2/disruptor-3.4.2.jar:/home/runner/.m2/repository/org/apache/commons/commons-pool2/2.6.0/commons-pool2-2.6.0.jar:/home/runner/.m2/repository/org/bouncycastle/bcpkix-jdk15on/1.67/bcpkix-jdk15on-1.67.jar:/home/runner/.m2/repository/commons-validator/commons-validator/1.6/commons-validator-1.6.jar:/home/runner/.m2/repository/commons-beanutils/commons-beanutils/1.9.4/commons-beanutils-1.9.4.jar:/home/runner/.m2/repository/commons-digester/commons-digester/1.8.1/commons-digester-1.8.1.jar:/home/runner/.m2/repository/commons-collections/commons-collections/3.2.2/commons-collections-3.2.2.jar:/home/runner/.m2/repository/io/jaegertracing/jaeger-client/1.6.0/jaeger-client-1.6.0.jar:/home/runner/.m2/repository/io/jaegertracing/jaeger-thrift/1.6.0/jaeger-thrift-1.6.0.jar:/home/runner/.m2/repository/org/apache/thrift/libthrift/0.14.1/libthrift-0.14.1.jar:/home/runner/.m2/repository/com/squareup/okhttp3/okhttp/4.9.0/okhttp-4.9.0.jar:/home/runner/.m2/repository/com/squareup/okio/okio/2.8.0/okio-2.8.0.jar:/home/runner/.m2/repository/io/jaegertracing/jaeger-core/1.6.0/jaeger-core-1.6.0.jar:/home/runner/.m2/repository/io/jaegertracing/jaeger-tracerresolver/1.6.0/jaeger-tracerresolver-1.6.0.jar:/home/runner/.m2/repository/io/opentracing/contrib/opentracing-tracerresolver/0.1.8/opentracing-tracerresolver-0.1.8.jar:/home/runner/.m2/repository/org/jetbrains/kotlin/kotlin-stdlib/1.4.31/kotlin-stdlib-1.4.31.jar:/home/runner/.m2/repository/org/jetbrains/kotlin/kotlin-stdlib-common/1.4.31/kotlin-stdlib-common-1.4.31.jar:/home/runner/.m2/repository/org/jetbrains/annotations/13.0/annotations-13.0.jar:/home/runner/.m2/repository/io/opentracing/opentracing-util/0.33.0/opentracing-util-0.33.0.jar:/home/runner/.m2/repository/io/opentracing/opentracing-api/0.33.0/opentracing-api-0.33.0.jar:/home/runner/.m2/repository/io/opentracing/opentracing-noop/0.33.0/opentracing-noop-0.33.0.jar:/home/runner/.m2/repository/org/yaml/snakeyaml/1.26/snakeyaml-1.26.jar:/home/runner/.m2/repository/org/apache/ozone/hdds-interface-admin/1.3.0-SNAPSHOT/hdds-interface-admin-1.3.0-SNAPSHOT.jar:/home/runner/.m2/repository/junit/junit/4.13.1/junit-4.13.1.jar:/home/runner/.m2/repository/org/hamcrest/hamcrest-core/1.3/hamcrest-core-1.3.jar:/home/runner/.m2/repository/org/junit/jupiter/junit-jupiter-api/5.7.0/junit-jupiter-api-5.7.0.jar:/home/runner/.m2/repository/org/apiguardian/apiguardian-api/1.1.0/apiguardian-api-1.1.0.jar:/home/runner/.m2/repository/org/opentest4j/opentest4j/1.2.0/opentest4j-1.2.0.jar:/home/runner/.m2/repository/org/junit/platform/junit-platform-commons/1.7.0/junit-platform-commons-1.7.0.jar:/home/runner/.m2/repository/org/junit/jupiter/junit-jupiter-engine/5.7.0/junit-jupiter-engine-5.7.0.jar:/home/runner/.m2/repository/org/junit/platform/junit-platform-engine/1.7.0/junit-platform-engine-1.7.0.jar:/home/runner/.m2/repository/org/junit/vintage/junit-vintage-engine/5.7.0/junit-vintage-engine-5.7.0.jar:/home/runner/.m2/repository/org/junit/platform/junit-platform-launcher/1.7.0/junit-platform-launcher-1.7.0.jar:/home/runner/.m2/repository/org/mockito/mockito-core/2.28.2/mockito-core-2.28.2.jar:/home/runner/.m2/repository/net/bytebuddy/byte-buddy/1.9.10/byte-buddy-1.9.10.jar:/home/runner/.m2/repository/net/bytebuddy/byte-buddy-agent/1.9.10/byte-buddy-agent-1.9.10.jar:/home/runner/.m2/repository/org/objenesis/objenesis/1.0/objenesis-1.0.jar:/home/runner/.m2/repository/org/apache/hadoop/hadoop-kms/3.3.1/hadoop-kms-3.3.1.jar:/home/runner/.m2/repository/org/apache/hadoop/hadoop-auth/3.3.1/hadoop-auth-3.3.1.jar:/home/runner/.m2/repository/com/nimbusds/nimbus-jose-jwt/7.9/nimbus-jose-jwt-7.9.jar:/home/runner/.m2/repository/com/github/stephenc/jcip/jcip-annotations/1.0-1/jcip-annotations-1.0-1.jar:/home/runner/.m2/repository/net/minidev/json-smart/2.3.1/json-smart-2.3.1.jar:/home/runner/.m2/repository/net/minidev/accessors-smart/2.3.1/accessors-smart-2.3.1.jar:/home/runner/.m2/repository/org/ow2/asm/asm/5.0.4/asm-5.0.4.jar:/home/runner/.m2/repository/org/apache/zookeeper/zookeeper/3.5.6/zookeeper-3.5.6.jar:/home/runner/.m2/repository/org/apache/zookeeper/zookeeper-jute/3.5.6/zookeeper-jute-3.5.6.jar:/home/runner/.m2/repository/org/apache/yetus/audience-annotations/0.5.0/audience-annotations-0.5.0.jar:/home/runner/.m2/repository/org/apache/curator/curator-framework/4.2.0/curator-framework-4.2.0.jar:/home/runner/.m2/repository/org/apache/hadoop/thirdparty/hadoop-shaded-guava/1.1.1/hadoop-shaded-guava-1.1.1.jar:/home/runner/.m2/repository/com/sun/jersey/jersey-core/1.19/jersey-core-1.19.jar:/home/runner/.m2/repository/javax/ws/rs/jsr311-api/1.1.1/jsr311-api-1.1.1.jar:/home/runner/.m2/repository/com/sun/jersey/jersey-server/1.19/jersey-server-1.19.jar:/home/runner/.m2/repository/javax/servlet/javax.servlet-api/3.1.0/javax.servlet-api-3.1.0.jar:/home/runner/.m2/repository/org/eclipse/jetty/jetty-server/9.4.43.v20210629/jetty-server-9.4.43.v20210629.jar:/home/runner/.m2/repository/org/eclipse/jetty/jetty-http/9.4.43.v20210629/jetty-http-9.4.43.v20210629.jar:/home/runner/.m2/repository/org/eclipse/jetty/jetty-io/9.4.43.v20210629/jetty-io-9.4.43.v20210629.jar:/home/runner/.m2/repository/org/eclipse/jetty/jetty-webapp/9.4.43.v20210629/jetty-webapp-9.4.43.v20210629.jar:/home/runner/.m2/repository/org/eclipse/jetty/jetty-xml/9.4.43.v20210629/jetty-xml-9.4.43.v20210629.jar:/home/runner/.m2/repository/org/apache/hadoop/hadoop-common/3.3.1/hadoop-common-3.3.1.jar:/home/runner/.m2/repository/org/apache/commons/commons-math3/3.1.1/commons-math3-3.1.1.jar:/home/runner/.m2/repository/commons-net/commons-net/3.6/commons-net-3.6.jar:/home/runner/.m2/repository/jakarta/activation/jakarta.activation-api/1.2.1/jakarta.activation-api-1.2.1.jar:/home/runner/.m2/repository/com/sun/jersey/jersey-servlet/1.19/jersey-servlet-1.19.jar:/home/runner/.m2/repository/com/sun/jersey/jersey-json/1.19/jersey-json-1.19.jar:/home/runner/.m2/repository/org/codehaus/jettison/jettison/1.1/jettison-1.1.jar:/home/runner/.m2/repository/com/sun/xml/bind/jaxb-impl/2.2.3-1/jaxb-impl-2.2.3-1.jar:/home/runner/.m2/repository/org/codehaus/jackson/jackson-jaxrs/1.9.2/jackson-jaxrs-1.9.2.jar:/home/runner/.m2/repository/org/codehaus/jackson/jackson-xc/1.9.2/jackson-xc-1.9.2.jar:/home/runner/.m2/repository/org/apache/commons/commons-configuration2/2.1.1/commons-configuration2-2.1.1.jar:/home/runner/.m2/repository/org/apache/commons/commons-text/1.4/commons-text-1.4.jar:/home/runner/.m2/repository/com/google/re2j/re2j/1.1/re2j-1.1.jar:/home/runner/.m2/repository/com/jcraft/jsch/0.1.54/jsch-0.1.54.jar:/home/runner/.m2/repository/org/apache/curator/curator-client/4.2.0/curator-client-4.2.0.jar:/home/runner/.m2/repository/org/apache/curator/curator-recipes/4.2.0/curator-recipes-4.2.0.jar:/home/runner/.m2/repository/org/apache/kerby/kerb-core/1.0.1/kerb-core-1.0.1.jar:/home/runner/.m2/repository/org/apache/kerby/kerby-pkix/1.0.1/kerby-pkix-1.0.1.jar:/home/runner/.m2/repository/org/apache/kerby/kerby-asn1/1.0.1/kerby-asn1-1.0.1.jar:/home/runner/.m2/repository/org/apache/kerby/kerby-util/1.0.1/kerby-util-1.0.1.jar:/home/runner/.m2/repository/dnsjava/dnsjava/2.1.7/dnsjava-2.1.7.jar:/home/runner/.m2/repository/org/xerial/snappy/snappy-java/1.1.8.2/snappy-java-1.1.8.2.jar:/home/runner/.m2/repository/org/slf4j/jul-to-slf4j/1.7.30/jul-to-slf4j-1.7.30.jar:/home/runner/.m2/repository/org/eclipse/jetty/jetty-util/9.4.43.v20210629/jetty-util-9.4.43.v20210629.jar:/home/runner/.m2/repository/com/fasterxml/jackson/core/jackson-databind/2.12.1/jackson-databind-2.12.1.jar:/home/runner/.m2/repository/org/apache/hadoop/hadoop-kms/3.3.1/hadoop-kms-3.3.1-tests.jar:/home/runner/.m2/repository/org/apache/ozone/hdds-server-scm/1.3.0-SNAPSHOT/hdds-server-scm-1.3.0-SNAPSHOT-tests.jar:/home/runner/.m2/repository/org/apache/ozone/hdds-container-service/1.3.0-SNAPSHOT/hdds-container-service-1.3.0-SNAPSHOT-tests.jar:/home/runner/.m2/repository/commons-codec/commons-codec/1.11/commons-codec-1.11.jar:/home/runner/.m2/repository/io/netty/netty-transport/4.1.63.Final/netty-transport-4.1.63.Final.jar:/home/runner/.m2/repository/io/netty/netty-resolver/4.1.63.Final/netty-resolver-4.1.63.Final.jar:/home/runner/.m2/repository/io/netty/netty-codec/4.1.63.Final/netty-codec-4.1.63.Final.jar:/home/runner/.m2/repository/io/netty/netty-handler/4.1.63.Final/netty-handler-4.1.63.Final.jar:/home/runner/.m2/repository/org/apache/ozone/hdds-hadoop-dependency-test/1.3.0-SNAPSHOT/hdds-hadoop-dependency-test-1.3.0-SNAPSHOT.jar:/home/runner/.m2/repository/org/apache/hadoop/hadoop-common/3.3.1/hadoop-common-3.3.1-tests.jar:/home/runner/.m2/repository/org/assertj/assertj-core/3.12.2/assertj-core-3.12.2.jar:/home/runner/.m2/repository/org/apache/hadoop/hadoop-hdfs/3.3.1/hadoop-hdfs-3.3.1-tests.jar:/home/runner/.m2/repository/org/eclipse/jetty/jetty-util-ajax/9.4.43.v20210629/jetty-util-ajax-9.4.43.v20210629.jar:/home/runner/.m2/repository/commons-daemon/commons-daemon/1.0.13/commons-daemon-1.0.13.jar:/home/runner/.m2/repository/io/netty/netty/3.10.6.Final/netty-3.10.6.Final.jar:/home/runner/.m2/repository/io/netty/netty-all/4.1.63.Final/netty-all-4.1.63.Final.jar:/home/runner/.m2/repository/org/apache/htrace/htrace-core4/4.1.0-incubating/htrace-core4-4.1.0-incubating.jar:/home/runner/.m2/repository/org/fusesource/leveldbjni/leveldbjni-all/1.8/leveldbjni-all-1.8.jar:/home/runner/.m2/repository/org/apache/hadoop/hadoop-distcp/3.3.1/hadoop-distcp-3.3.1.jar:/home/runner/.m2/repository/org/apache/hadoop/hadoop-mapreduce-client-jobclient/3.3.1/hadoop-mapreduce-client-jobclient-3.3.1.jar:/home/runner/.m2/repository/org/apache/hadoop/hadoop-mapreduce-client-common/3.3.1/hadoop-mapreduce-client-common-3.3.1.jar:/home/runner/.m2/repository/org/apache/hadoop/hadoop-yarn-common/3.3.1/hadoop-yarn-common-3.3.1.jar:/home/runner/.m2/repository/org/apache/hadoop/hadoop-yarn-api/3.3.1/hadoop-yarn-api-3.3.1.jar:/home/runner/.m2/repository/com/sun/jersey/jersey-client/1.19/jersey-client-1.19.jar:/home/runner/.m2/repository/com/sun/jersey/contribs/jersey-guice/1.19/jersey-guice-1.19.jar:/home/runner/.m2/repository/com/fasterxml/jackson/jaxrs/jackson-jaxrs-json-provider/2.12.1/jackson-jaxrs-json-provider-2.12.1.jar:/home/runner/.m2/repository/com/fasterxml/jackson/jaxrs/jackson-jaxrs-base/2.12.1/jackson-jaxrs-base-2.12.1.jar:/home/runner/.m2/repository/org/apache/hadoop/hadoop-yarn-client/3.3.1/hadoop-yarn-client-3.3.1.jar:/home/runner/.m2/repository/org/eclipse/jetty/websocket/websocket-client/9.4.40.v20210413/websocket-client-9.4.40.v20210413.jar:/home/runner/.m2/repository/org/eclipse/jetty/jetty-client/9.4.40.v20210413/jetty-client-9.4.40.v20210413.jar:/home/runner/.m2/repository/org/eclipse/jetty/websocket/websocket-common/9.4.40.v20210413/websocket-common-9.4.40.v20210413.jar:/home/runner/.m2/repository/org/eclipse/jetty/websocket/websocket-api/9.4.40.v20210413/websocket-api-9.4.40.v20210413.jar:/home/runner/.m2/repository/org/jline/jline/3.9.0/jline-3.9.0.jar:/home/runner/.m2/repository/org/apache/hadoop/hadoop-mapreduce-client-core/3.3.1/hadoop-mapreduce-client-core-3.3.1.jar:/home/runner/.m2/repository/org/apache/avro/avro/1.7.7/avro-1.7.7.jar:/home/runner/.m2/repository/org/codehaus/jackson/jackson-core-asl/1.9.13/jackson-core-asl-1.9.13.jar:/home/runner/.m2/repository/org/codehaus/jackson/jackson-mapper-asl/1.9.13/jackson-mapper-asl-1.9.13.jar:/home/runner/.m2/repository/com/thoughtworks/paranamer/paranamer/2.3/paranamer-2.3.jar:/home/runner/.m2/repository/org/apache/hadoop/hadoop-annotations/3.3.1/hadoop-annotations-3.3.1.jar:/usr/lib/jvm/temurin-8-jdk-amd64/jre/../lib/tools.jar:/home/runner/.m2/repository/org/apache/hadoop/hadoop-distcp/3.3.1/hadoop-distcp-3.3.1-tests.jar:/home/runner/.m2/repository/org/apache/ratis/ratis-common/2.2.0/ratis-common-2.2.0.jar:/home/runner/.m2/repository/org/apache/ratis/ratis-thirdparty-misc/0.7.0/ratis-thirdparty-misc-0.7.0.jar:/home/runner/.m2/repository/org/apache/ratis/ratis-proto/2.2.0/ratis-proto-2.2.0.jar:"/>
    <property name="sun.cpu.endian" value="little"/>
    <property name="user.home" value="/home/runner"/>
    <property name="user.language" value="en"/>
    <property name="java.specification.vendor" value="Oracle Corporation"/>
    <property name="java.home" value="/usr/lib/jvm/temurin-8-jdk-amd64/jre"/>
    <property name="java.security.krb5.conf" value="/home/runner/work/ozone/ozone/hadoop-ozone/integration-test/target/test-classes/krb5.conf"/>
    <property name="basedir" value="/home/runner/work/ozone/ozone/hadoop-ozone/integration-test"/>
    <property name="file.separator" value="/"/>
    <property name="line.separator" value="&#10;"/>
    <property name="java.vm.specification.vendor" value="Oracle Corporation"/>
    <property name="java.specification.name" value="Java Platform API Specification"/>
    <property name="java.awt.graphicsenv" value="sun.awt.X11GraphicsEnvironment"/>
    <property name="skip.installnpx" value="true"/>
    <property name="surefire.real.class.path" value="/home/runner/work/ozone/ozone/hadoop-ozone/integration-test/target/surefire/surefirebooter8344368401635633277.jar:/home/runner/.m2/repository/org/jacoco/org.jacoco.agent/0.8.5/org.jacoco.agent-0.8.5-runtime.jar"/>
    <property name="hadoop.log.dir" value="/home/runner/work/ozone/ozone/hadoop-ozone/integration-test/target/log"/>
    <property name="sun.boot.class.path" value="/usr/lib/jvm/temurin-8-jdk-amd64/jre/lib/resources.jar:/usr/lib/jvm/temurin-8-jdk-amd64/jre/lib/rt.jar:/usr/lib/jvm/temurin-8-jdk-amd64/jre/lib/sunrsasign.jar:/usr/lib/jvm/temurin-8-jdk-amd64/jre/lib/jsse.jar:/usr/lib/jvm/temurin-8-jdk-amd64/jre/lib/jce.jar:/usr/lib/jvm/temurin-8-jdk-amd64/jre/lib/charsets.jar:/usr/lib/jvm/temurin-8-jdk-amd64/jre/lib/jfr.jar:/usr/lib/jvm/temurin-8-jdk-amd64/jre/classes"/>
    <property name="sun.management.compiler" value="HotSpot 64-Bit Tiered Compilers"/>
    <property name="skip.npx" value="true"/>
    <property name="java.runtime.version" value="1.8.0_312-b07"/>
    <property name="java.net.preferIPv4Stack" value="true"/>
    <property name="user.name" value="runner"/>
    <property name="path.separator" value=":"/>
    <property name="java.security.egd" value="file:///dev/urandom"/>
    <property name="os.version" value="5.4.0-1065-azure"/>
    <property name="java.endorsed.dirs" value="/usr/lib/jvm/temurin-8-jdk-amd64/jre/lib/endorsed"/>
    <property name="java.runtime.name" value="OpenJDK Runtime Environment"/>
    <property name="file.encoding" value="UTF-8"/>
    <property name="java.vm.name" value="OpenJDK 64-Bit Server VM"/>
    <property name="test.build.webapps" value=""/>
    <property name="localRepository" value="/home/runner/.m2/repository"/>
    <property name="java.vendor.url.bug" value="https://github.com/adoptium/adoptium-support/issues"/>
    <property name="java.io.tmpdir" value="/tmp"/>
    <property name="require.test.libhadoop" value=""/>
    <property name="java.version" value="1.8.0_312"/>
    <property name="user.dir" value="/home/runner/work/ozone/ozone/hadoop-ozone/integration-test"/>
    <property name="os.arch" value="amd64"/>
    <property name="java.vm.specification.name" value="Java Virtual Machine Specification"/>
    <property name="test.build.classes" value="/home/runner/work/ozone/ozone/hadoop-ozone/integration-test/target/test-classes"/>
    <property name="java.awt.printerjob" value="sun.print.PSPrinterJob"/>
    <property name="sun.os.patch.level" value="unknown"/>
    <property name="hadoop.tmp.dir" value="/home/runner/work/ozone/ozone/hadoop-ozone/integration-test/target/tmp"/>
    <property name="java.library.path" value="/usr/java/packages/lib/amd64:/usr/lib64:/lib64:/lib:/usr/lib"/>
    <property name="java.vm.info" value="mixed mode"/>
    <property name="java.vendor" value="Temurin"/>
    <property name="java.vm.version" value="25.312-b07"/>
    <property name="java.ext.dirs" value="/usr/lib/jvm/temurin-8-jdk-amd64/jre/lib/ext:/usr/java/packages/lib/ext"/>
    <property name="sun.io.unicode.encoding" value="UnicodeLittle"/>
    <property name="java.class.version" value="52.0"/>
  </properties>
  <testcase name="testWatchForCommitWithKeyWrite" classname="org.apache.hadoop.ozone.client.rpc.TestWatchForCommit" time="104.878"/>
  <testcase name="testWatchForCommitForRetryfailure" classname="org.apache.hadoop.ozone.client.rpc.TestWatchForCommit" time="100.503">
    <error message="org.apache.ratis.protocol.exceptions.AlreadyClosedException: SlidingWindow$Client:client-72F08CD71C34-&gt;RAFT is closed." type="java.util.concurrent.ExecutionException">java.util.concurrent.ExecutionException: org.apache.ratis.protocol.exceptions.AlreadyClosedException: SlidingWindow$Client:client-72F08CD71C34->RAFT is closed.
	at java.util.concurrent.CompletableFuture.reportGet(CompletableFuture.java:357)
	at java.util.concurrent.CompletableFuture.get(CompletableFuture.java:1908)
	at org.apache.hadoop.ozone.client.rpc.TestWatchForCommit.testWatchForCommitForRetryfailure(TestWatchForCommit.java:266)
	at sun.reflect.NativeMethodAccessorImpl.invoke0(Native Method)
	at sun.reflect.NativeMethodAccessorImpl.invoke(NativeMethodAccessorImpl.java:62)
	at sun.reflect.DelegatingMethodAccessorImpl.invoke(DelegatingMethodAccessorImpl.java:43)
	at java.lang.reflect.Method.invoke(Method.java:498)
	at org.junit.runners.model.FrameworkMethod$1.runReflectiveCall(FrameworkMethod.java:59)
	at org.junit.internal.runners.model.ReflectiveCallable.run(ReflectiveCallable.java:12)
	at org.junit.runners.model.FrameworkMethod.invokeExplosively(FrameworkMethod.java:56)
	at org.junit.internal.runners.statements.InvokeMethod.evaluate(InvokeMethod.java:17)
	at org.junit.internal.runners.statements.RunBefores.evaluate(RunBefores.java:26)
	at org.junit.internal.runners.statements.RunAfters.evaluate(RunAfters.java:27)
	at org.junit.runners.ParentRunner$3.evaluate(ParentRunner.java:306)
	at org.junit.runners.BlockJUnit4ClassRunner$1.evaluate(BlockJUnit4ClassRunner.java:100)
	at org.junit.runners.ParentRunner.runLeaf(ParentRunner.java:366)
	at org.junit.runners.BlockJUnit4ClassRunner.runChild(BlockJUnit4ClassRunner.java:103)
	at org.junit.runners.BlockJUnit4ClassRunner.runChild(BlockJUnit4ClassRunner.java:63)
	at org.junit.runners.ParentRunner$4.run(ParentRunner.java:331)
	at org.junit.runners.ParentRunner$1.schedule(ParentRunner.java:79)
	at org.junit.runners.ParentRunner.runChildren(ParentRunner.java:329)
	at org.junit.runners.ParentRunner.access$100(ParentRunner.java:66)
	at org.junit.runners.ParentRunner$2.evaluate(ParentRunner.java:293)
	at org.junit.runners.ParentRunner$3.evaluate(ParentRunner.java:306)
	at org.junit.runners.ParentRunner.run(ParentRunner.java:413)
	at org.junit.runner.JUnitCore.run(JUnitCore.java:137)
	at org.junit.runner.JUnitCore.run(JUnitCore.java:115)
	at org.junit.vintage.engine.execution.RunnerExecutor.execute(RunnerExecutor.java:43)
	at java.util.stream.ForEachOps$ForEachOp$OfRef.accept(ForEachOps.java:183)
	at java.util.stream.ReferencePipeline$3$1.accept(ReferencePipeline.java:193)
	at java.util.Iterator.forEachRemaining(Iterator.java:116)
	at java.util.Spliterators$IteratorSpliterator.forEachRemaining(Spliterators.java:1801)
	at java.util.stream.AbstractPipeline.copyInto(AbstractPipeline.java:482)
	at java.util.stream.AbstractPipeline.wrapAndCopyInto(AbstractPipeline.java:472)
	at java.util.stream.ForEachOps$ForEachOp.evaluateSequential(ForEachOps.java:150)
	at java.util.stream.ForEachOps$ForEachOp$OfRef.evaluateSequential(ForEachOps.java:173)
	at java.util.stream.AbstractPipeline.evaluate(AbstractPipeline.java:234)
	at java.util.stream.ReferencePipeline.forEach(ReferencePipeline.java:485)
	at org.junit.vintage.engine.VintageTestEngine.executeAllChildren(VintageTestEngine.java:82)
	at org.junit.vintage.engine.VintageTestEngine.execute(VintageTestEngine.java:73)
	at org.junit.platform.launcher.core.EngineExecutionOrchestrator.execute(EngineExecutionOrchestrator.java:108)
	at org.junit.platform.launcher.core.EngineExecutionOrchestrator.execute(EngineExecutionOrchestrator.java:88)
	at org.junit.platform.launcher.core.EngineExecutionOrchestrator.lambda$execute$0(EngineExecutionOrchestrator.java:54)
	at org.junit.platform.launcher.core.EngineExecutionOrchestrator.withInterceptedStreams(EngineExecutionOrchestrator.java:67)
	at org.junit.platform.launcher.core.EngineExecutionOrchestrator.execute(EngineExecutionOrchestrator.java:52)
	at org.junit.platform.launcher.core.DefaultLauncher.execute(DefaultLauncher.java:96)
	at org.junit.platform.launcher.core.DefaultLauncher.execute(DefaultLauncher.java:75)
	at org.apache.maven.surefire.junitplatform.JUnitPlatformProvider.invokeAllTests(JUnitPlatformProvider.java:142)
	at org.apache.maven.surefire.junitplatform.JUnitPlatformProvider.invoke(JUnitPlatformProvider.java:113)
	at org.apache.maven.surefire.booter.ForkedBooter.invokeProviderInSameClassLoader(ForkedBooter.java:384)
	at org.apache.maven.surefire.booter.ForkedBooter.runSuitesInProcess(ForkedBooter.java:345)
	at org.apache.maven.surefire.booter.ForkedBooter.execute(ForkedBooter.java:126)
	at org.apache.maven.surefire.booter.ForkedBooter.main(ForkedBooter.java:418)
Caused by: org.apache.ratis.protocol.exceptions.AlreadyClosedException: SlidingWindow$Client:client-72F08CD71C34->RAFT is closed.
	at org.apache.ratis.util.SlidingWindow$Client.alreadyClosed(SlidingWindow.java:378)
	at org.apache.ratis.util.SlidingWindow$Client.fail(SlidingWindow.java:366)
	at org.apache.ratis.client.impl.OrderedAsync.failAllAsyncRequests(OrderedAsync.java:148)
	at org.apache.ratis.client.impl.OrderedAsync.handleAsyncRetryFailure(OrderedAsync.java:152)
	at org.apache.ratis.client.impl.OrderedAsync.lambda$sendRequest$10(OrderedAsync.java:253)
	at java.util.concurrent.CompletableFuture.uniExceptionally(CompletableFuture.java:884)
	at java.util.concurrent.CompletableFuture$UniExceptionally.tryFire(CompletableFuture.java:866)
	at java.util.concurrent.CompletableFuture.postComplete(CompletableFuture.java:488)
	at java.util.concurrent.CompletableFuture.completeExceptionally(CompletableFuture.java:1990)
	at org.apache.ratis.grpc.client.GrpcClientProtocolClient$AsyncStreamObservers.completeReplyExceptionally(GrpcClientProtocolClient.java:389)
	at org.apache.ratis.grpc.client.GrpcClientProtocolClient$AsyncStreamObservers.access$000(GrpcClientProtocolClient.java:295)
	at org.apache.ratis.grpc.client.GrpcClientProtocolClient$AsyncStreamObservers$1.onNext(GrpcClientProtocolClient.java:309)
	at org.apache.ratis.grpc.client.GrpcClientProtocolClient$AsyncStreamObservers$1.onNext(GrpcClientProtocolClient.java:300)
	at org.apache.ratis.thirdparty.io.grpc.stub.ClientCalls$StreamObserverToCallListenerAdapter.onMessage(ClientCalls.java:465)
	at org.apache.ratis.thirdparty.io.grpc.ForwardingClientCallListener.onMessage(ForwardingClientCallListener.java:33)
	at org.apache.ratis.thirdparty.io.grpc.internal.ClientCallImpl$ClientStreamListenerImpl$1MessagesAvailable.runInternal(ClientCallImpl.java:715)
	at org.apache.ratis.thirdparty.io.grpc.internal.ClientCallImpl$ClientStreamListenerImpl$1MessagesAvailable.runInContext(ClientCallImpl.java:700)
	at org.apache.ratis.thirdparty.io.grpc.internal.ContextRunnable.run(ContextRunnable.java:37)
	at org.apache.ratis.thirdparty.io.grpc.internal.SerializingExecutor.run(SerializingExecutor.java:123)
	at java.util.concurrent.ThreadPoolExecutor.runWorker(ThreadPoolExecutor.java:1149)
	at java.util.concurrent.ThreadPoolExecutor$Worker.run(ThreadPoolExecutor.java:624)
	at java.lang.Thread.run(Thread.java:748)
Caused by: org.apache.ratis.protocol.exceptions.RaftRetryFailureException: Failed RaftClientRequest:client-72F08CD71C34->f405db60-e51c-4785-8bbc-e1c4726dfe5c@group-A8039840480C, cid=43, seq=1*, Watch(0), null for 3 attempts with RequestTypeDependentRetryPolicy{WRITE->org.apache.ratis.retry.ExceptionDependentRetry@7c25ded3, WATCH->org.apache.ratis.retry.ExceptionDependentRetry@4eb6ad9a}
	at org.apache.ratis.client.impl.RaftClientImpl.noMoreRetries(RaftClientImpl.java:272)
	... 19 more
Caused by: org.apache.ratis.protocol.exceptions.NotLeaderException: Server f405db60-e51c-4785-8bbc-e1c4726dfe5c@group-A8039840480C is not the leader 4a67b2a1-79be-440d-a7f9-3f5e5a8bd0ed|rpc:10.1.0.33:42913|dataStream:|priority:1
	at org.apache.ratis.client.impl.ClientProtoUtils.toRaftClientReply(ClientProtoUtils.java:378)
	at org.apache.ratis.grpc.client.GrpcClientProtocolClient$AsyncStreamObservers$1.onNext(GrpcClientProtocolClient.java:305)
	... 10 more
</error>
    <system-out><![CDATA[2022-01-20 14:17:53,646 [Listener at 127.0.0.1/42973] WARN  server.ServerUtils (ServerUtils.java:getScmDbDir(148)) - ozone.scm.db.dirs is not configured. We recommend adding this setting. Falling back to ozone.metadata.dirs instead.
2022-01-20 14:17:53,672 [Listener at 127.0.0.1/42973] INFO  ha.SCMHANodeDetails (SCMHANodeDetails.java:loadSCMHAConfig(157)) - ServiceID for StorageContainerManager is null
2022-01-20 14:17:53,680 [Listener at 127.0.0.1/42973] INFO  ha.SCMHANodeDetails (SCMHANodeDetails.java:loadSCMHAConfig(162)) - ozone.scm.default.service.id is not defined, falling back to ozone.scm.service.ids to find serviceID for StorageContainerManager if it is HA enabled cluster
2022-01-20 14:17:53,682 [Listener at 127.0.0.1/42973] INFO  server.RaftServer (ConfUtils.java:logGet(44)) - raft.rpc.type = GRPC (default)
2022-01-20 14:17:53,682 [Listener at 127.0.0.1/42973] INFO  grpc.GrpcFactory (GrpcFactory.java:checkPooledByteBufAllocatorUseCacheForAllThreads(48)) - PERFORMANCE WARNING: useCacheForAllThreads is true that may cause Netty to create a lot garbage objects and, as a result, trigger GC.
	It is recommended to disable useCacheForAllThreads by setting -Dorg.apache.ratis.thirdparty.io.netty.allocator.useCacheForAllThreads=false in command line.
2022-01-20 14:17:53,682 [Listener at 127.0.0.1/42973] INFO  grpc.GrpcConfigKeys (ConfUtils.java:logGet(44)) - raft.grpc.admin.port = -1 (default)
2022-01-20 14:17:53,682 [Listener at 127.0.0.1/42973] INFO  grpc.GrpcConfigKeys (ConfUtils.java:logGet(44)) - raft.grpc.server.port = 9894 (custom)
2022-01-20 14:17:53,682 [Listener at 127.0.0.1/42973] INFO  grpc.GrpcConfigKeys (ConfUtils.java:logGet(44)) - raft.grpc.client.port = -1 (default)
2022-01-20 14:17:53,683 [Listener at 127.0.0.1/42973] INFO  grpc.GrpcConfigKeys (ConfUtils.java:logGet(44)) - raft.grpc.server.port = 9894 (custom)
2022-01-20 14:17:53,683 [Listener at 127.0.0.1/42973] INFO  grpc.GrpcConfigKeys (ConfUtils.java:logGet(44)) - raft.grpc.server.port = 9894 (custom)
2022-01-20 14:17:53,683 [Listener at 127.0.0.1/42973] INFO  server.GrpcService (ConfUtils.java:logGet(44)) - raft.grpc.message.size.max = 32m (=33554432) (custom)
2022-01-20 14:17:53,683 [Listener at 127.0.0.1/42973] INFO  server.RaftServerConfigKeys (ConfUtils.java:logGet(44)) - raft.server.log.appender.buffer.byte-limit = 33554432 (custom)
2022-01-20 14:17:53,683 [Listener at 127.0.0.1/42973] INFO  server.GrpcService (ConfUtils.java:logGet(44)) - raft.grpc.flow.control.window = 1MB (=1048576) (default)
2022-01-20 14:17:53,683 [Listener at 127.0.0.1/42973] INFO  server.RaftServerConfigKeys (ConfUtils.java:logGet(44)) - raft.server.rpc.request.timeout = 30000ms (custom)
2022-01-20 14:17:53,685 [Listener at 127.0.0.1/42973] INFO  impl.DataStreamServerImpl (ConfUtils.java:logGet(44)) - raft.datastream.type = DISABLED (default)
2022-01-20 14:17:53,685 [Listener at 127.0.0.1/42973] INFO  server.RaftServerConfigKeys (ConfUtils.java:logGet(44)) - raft.server.rpc.slowness.timeout = 120000ms (custom)
2022-01-20 14:17:53,685 [Listener at 127.0.0.1/42973] INFO  server.RaftServerConfigKeys (ConfUtils.java:logGet(44)) - raft.server.leaderelection.leader.step-down.wait-time = 10s (default)
2022-01-20 14:17:53,685 [Listener at 127.0.0.1/42973] INFO  server.RaftServerConfigKeys (ConfUtils.java:logGet(44)) - raft.server.storage.dir = [/home/runner/work/ozone/ozone/hadoop-ozone/integration-test/target/test-dir/MiniOzoneClusterImpl-f1e7e660-ec45-4ef3-9198-8cc7416827f1/ozone-meta/scm-ha] (custom)
2022-01-20 14:17:53,686 [Listener at 127.0.0.1/42973] INFO  server.RaftServer (RaftServerProxy.java:addNew(95)) - 1614213d-f914-440d-b8eb-f10be6afcbc1: addNew group-8CC7416827F1:[1614213d-f914-440d-b8eb-f10be6afcbc1|rpc:fv-az294-522:9894|priority:0] returns group-8CC7416827F1:java.util.concurrent.CompletableFuture@4e7e4127[Not completed]
2022-01-20 14:17:53,686 [pool-283-thread-1] INFO  server.RaftServer$Division (RaftServerImpl.java:<init>(184)) - 1614213d-f914-440d-b8eb-f10be6afcbc1: new RaftServerImpl for group-8CC7416827F1:[1614213d-f914-440d-b8eb-f10be6afcbc1|rpc:fv-az294-522:9894|priority:0] with SCMStateMachine:uninitialized
2022-01-20 14:17:53,701 [pool-283-thread-1] INFO  server.RaftServerConfigKeys (ConfUtils.java:logGet(44)) - raft.server.rpc.timeout.min = 5000ms (custom)
2022-01-20 14:17:53,705 [pool-283-thread-1] INFO  server.RaftServerConfigKeys (ConfUtils.java:logGet(44)) - raft.server.rpc.timeout.max = 5200ms (custom)
2022-01-20 14:17:53,705 [pool-283-thread-1] INFO  server.RaftServerConfigKeys (ConfUtils.java:logGet(44)) - raft.server.rpc.sleep.time = 25ms (default)
2022-01-20 14:17:53,705 [pool-283-thread-1] INFO  server.RaftServerConfigKeys (ConfUtils.java:logGet(44)) - raft.server.rpc.slowness.timeout = 120000ms (custom)
2022-01-20 14:17:53,705 [pool-283-thread-1] INFO  server.RaftServerConfigKeys (ConfUtils.java:logGet(44)) - raft.server.leaderelection.leader.step-down.wait-time = 10s (default)
2022-01-20 14:17:53,705 [pool-283-thread-1] INFO  server.RaftServerConfigKeys (ConfUtils.java:logGet(44)) - raft.server.sleep.deviation.threshold = 300ms (default)
2022-01-20 14:17:53,705 [pool-283-thread-1] INFO  server.RaftServerConfigKeys (ConfUtils.java:logGet(44)) - raft.server.log.appender.install.snapshot.enabled = false (custom)
2022-01-20 14:17:53,705 [pool-283-thread-1] INFO  server.RaftServer$Division (ServerState.java:<init>(105)) - 1614213d-f914-440d-b8eb-f10be6afcbc1@group-8CC7416827F1: ConfigurationManager, init=-1: [1614213d-f914-440d-b8eb-f10be6afcbc1|rpc:fv-az294-522:9894|priority:0], old=null, confs=<EMPTY_MAP>
2022-01-20 14:17:53,705 [pool-283-thread-1] INFO  server.RaftServerConfigKeys (ConfUtils.java:logGet(44)) - raft.server.storage.dir = [/home/runner/work/ozone/ozone/hadoop-ozone/integration-test/target/test-dir/MiniOzoneClusterImpl-f1e7e660-ec45-4ef3-9198-8cc7416827f1/ozone-meta/scm-ha] (custom)
2022-01-20 14:17:53,706 [pool-283-thread-1] INFO  server.RaftServerConfigKeys (ConfUtils.java:logGet(44)) - raft.server.log.corruption.policy = EXCEPTION (default)
2022-01-20 14:17:53,706 [pool-283-thread-1] INFO  server.RaftServerConfigKeys (ConfUtils.java:logGet(44)) - raft.server.storage.free-space.min = 0MB (=0) (default)
2022-01-20 14:17:53,706 [pool-283-thread-1] INFO  storage.RaftStorageDirectory (RaftStorageDirectoryImpl.java:analyzeStorage(135)) - The storage directory /home/runner/work/ozone/ozone/hadoop-ozone/integration-test/target/test-dir/MiniOzoneClusterImpl-f1e7e660-ec45-4ef3-9198-8cc7416827f1/ozone-meta/scm-ha/f1e7e660-ec45-4ef3-9198-8cc7416827f1 does not exist. Creating ...
2022-01-20 14:17:53,711 [pool-283-thread-1] INFO  storage.RaftStorageDirectory (RaftStorageDirectoryImpl.java:tryLock(230)) - Lock on /home/runner/work/ozone/ozone/hadoop-ozone/integration-test/target/test-dir/MiniOzoneClusterImpl-f1e7e660-ec45-4ef3-9198-8cc7416827f1/ozone-meta/scm-ha/f1e7e660-ec45-4ef3-9198-8cc7416827f1/in_use.lock acquired by nodename 2019@fv-az294-522
2022-01-20 14:17:53,717 [pool-283-thread-1] INFO  storage.RaftStorage (RaftStorageImpl.java:format(89)) - Storage directory /home/runner/work/ozone/ozone/hadoop-ozone/integration-test/target/test-dir/MiniOzoneClusterImpl-f1e7e660-ec45-4ef3-9198-8cc7416827f1/ozone-meta/scm-ha/f1e7e660-ec45-4ef3-9198-8cc7416827f1 has been successfully formatted.
2022-01-20 14:17:53,718 [pool-283-thread-1] INFO  server.RaftServerConfigKeys (ConfUtils.java:logGet(44)) - raft.server.notification.no-leader.timeout = 60s (default)
2022-01-20 14:17:53,718 [pool-283-thread-1] INFO  server.RaftServerConfigKeys (ConfUtils.java:logGet(44)) - raft.server.log.use.memory = false (default)
2022-01-20 14:17:53,718 [pool-283-thread-1] INFO  server.RaftServerConfigKeys (ConfUtils.java:logGet(44)) - raft.server.log.purge.gap = 1000000 (custom)
2022-01-20 14:17:53,718 [pool-283-thread-1] INFO  server.RaftServerConfigKeys (ConfUtils.java:logGet(44)) - raft.server.log.appender.buffer.byte-limit = 33554432 (custom)
2022-01-20 14:17:53,718 [pool-283-thread-1] INFO  server.RaftServerConfigKeys (ConfUtils.java:logGet(44)) - raft.server.log.segment.size.max = 4194304 (custom)
2022-01-20 14:17:53,718 [pool-283-thread-1] INFO  server.RaftServerConfigKeys (ConfUtils.java:logGet(44)) - raft.server.log.segment.cache.num.max = 2 (custom)
2022-01-20 14:17:53,718 [pool-283-thread-1] INFO  server.RaftServerConfigKeys (ConfUtils.java:logGet(44)) - raft.server.log.segment.cache.size.max = 200MB (=209715200) (default)
2022-01-20 14:17:53,719 [pool-283-thread-1] INFO  segmented.SegmentedRaftLogWorker (SegmentedRaftLogWorker.java:<init>(182)) - new 1614213d-f914-440d-b8eb-f10be6afcbc1@group-8CC7416827F1-SegmentedRaftLogWorker for RaftStorageImpl:Storage Directory /home/runner/work/ozone/ozone/hadoop-ozone/integration-test/target/test-dir/MiniOzoneClusterImpl-f1e7e660-ec45-4ef3-9198-8cc7416827f1/ozone-meta/scm-ha/f1e7e660-ec45-4ef3-9198-8cc7416827f1
2022-01-20 14:17:53,719 [pool-283-thread-1] INFO  server.RaftServerConfigKeys (ConfUtils.java:logGet(44)) - raft.server.log.queue.byte-limit = 64MB (=67108864) (default)
2022-01-20 14:17:53,719 [pool-283-thread-1] INFO  server.RaftServerConfigKeys (ConfUtils.java:logGet(44)) - raft.server.log.queue.element-limit = 4096 (default)
2022-01-20 14:17:53,719 [pool-283-thread-1] INFO  server.RaftServerConfigKeys (ConfUtils.java:logGet(44)) - raft.server.log.segment.size.max = 4194304 (custom)
2022-01-20 14:17:53,719 [pool-283-thread-1] INFO  server.RaftServerConfigKeys (ConfUtils.java:logGet(44)) - raft.server.log.preallocated.size = 4194304 (custom)
2022-01-20 14:17:53,719 [pool-283-thread-1] INFO  server.RaftServerConfigKeys (ConfUtils.java:logGet(44)) - raft.server.log.force.sync.num = 128 (default)
2022-01-20 14:17:53,719 [pool-283-thread-1] INFO  server.RaftServerConfigKeys (ConfUtils.java:logGet(44)) - raft.server.log.statemachine.data.sync = true (default)
2022-01-20 14:17:53,719 [pool-283-thread-1] INFO  server.RaftServerConfigKeys (ConfUtils.java:logGet(44)) - raft.server.log.statemachine.data.sync.timeout = 10s (default)
2022-01-20 14:17:53,719 [pool-283-thread-1] INFO  server.RaftServerConfigKeys (ConfUtils.java:logGet(44)) - raft.server.log.statemachine.data.sync.timeout.retry = -1 (default)
2022-01-20 14:17:53,720 [pool-283-thread-1] INFO  server.RaftServerConfigKeys (ConfUtils.java:logGet(44)) - raft.server.log.write.buffer.size = 64KB (=65536) (default)
2022-01-20 14:17:53,720 [pool-283-thread-1] INFO  server.RaftServerConfigKeys (ConfUtils.java:logGet(44)) - raft.server.log.statemachine.data.caching.enabled = false (default)
2022-01-20 14:17:53,720 [pool-283-thread-1] INFO  segmented.SegmentedRaftLogWorker (SegmentedRaftLogWorker.java:lambda$new$0(133)) - 1614213d-f914-440d-b8eb-f10be6afcbc1@group-8CC7416827F1-SegmentedRaftLogWorker: flushIndex: setUnconditionally 0 -> -1
2022-01-20 14:17:53,723 [pool-283-thread-1] INFO  segmented.SegmentedRaftLogWorker (SegmentedRaftLogWorker.java:lambda$new$0(133)) - 1614213d-f914-440d-b8eb-f10be6afcbc1@group-8CC7416827F1-SegmentedRaftLogWorker: safeCacheEvictIndex: setUnconditionally 0 -> -1
2022-01-20 14:17:53,745 [pool-283-thread-1] INFO  server.RaftServerConfigKeys (ConfUtils.java:logGet(44)) - raft.server.snapshot.auto.trigger.enabled = true (custom)
2022-01-20 14:17:53,745 [pool-283-thread-1] INFO  server.RaftServerConfigKeys (ConfUtils.java:logGet(44)) - raft.server.snapshot.auto.trigger.threshold = 1000 (custom)
2022-01-20 14:17:53,745 [pool-283-thread-1] INFO  server.RaftServerConfigKeys (ConfUtils.java:logGet(44)) - raft.server.snapshot.retention.file.num = -1 (default)
2022-01-20 14:17:53,745 [pool-283-thread-1] INFO  server.RaftServerConfigKeys (ConfUtils.java:logGet(44)) - raft.server.log.purge.upto.snapshot.index = false (default)
2022-01-20 14:17:53,745 [pool-283-thread-1] INFO  server.RaftServerConfigKeys (ConfUtils.java:logGet(44)) - raft.server.retrycache.expirytime = 60000ms (default)
2022-01-20 14:17:53,745 [pool-283-thread-1] INFO  server.RaftServerConfigKeys (ConfUtils.java:logGet(44)) - raft.server.retrycache.statistics.expirytime = 100μs (default)
2022-01-20 14:17:53,746 [Listener at 127.0.0.1/42973] INFO  server.RaftServer$Division (RaftServerImpl.java:start(301)) - 1614213d-f914-440d-b8eb-f10be6afcbc1@group-8CC7416827F1: start as a follower, conf=-1: [1614213d-f914-440d-b8eb-f10be6afcbc1|rpc:fv-az294-522:9894|priority:0], old=null
2022-01-20 14:17:53,747 [Listener at 127.0.0.1/42973] INFO  server.RaftServer$Division (RaftServerImpl.java:setRole(290)) - 1614213d-f914-440d-b8eb-f10be6afcbc1@group-8CC7416827F1: changes role from      null to FOLLOWER at term 0 for startAsFollower
2022-01-20 14:17:53,747 [Listener at 127.0.0.1/42973] INFO  impl.RoleInfo (RoleInfo.java:updateAndGet(130)) - 1614213d-f914-440d-b8eb-f10be6afcbc1: start 1614213d-f914-440d-b8eb-f10be6afcbc1@group-8CC7416827F1-FollowerState
2022-01-20 14:17:53,747 [Listener at 127.0.0.1/42973] INFO  util.JmxRegister (JmxRegister.java:tryRegister(44)) - Successfully registered JMX Bean with object name Ratis:service=RaftServer,group=group-8CC7416827F1,id=1614213d-f914-440d-b8eb-f10be6afcbc1
2022-01-20 14:17:53,748 [Listener at 127.0.0.1/42973] INFO  server.RaftServer (RaftServerProxy.java:lambda$start$5(374)) - 1614213d-f914-440d-b8eb-f10be6afcbc1: start RPC server
2022-01-20 14:17:53,749 [Listener at 127.0.0.1/42973] INFO  server.GrpcService (GrpcService.java:startImpl(253)) - 1614213d-f914-440d-b8eb-f10be6afcbc1: GrpcService started, listening on 9894
2022-01-20 14:17:53,750 [org.apache.ratis.util.JvmPauseMonitor$$Lambda$431/385784873@720bb379] INFO  util.JvmPauseMonitor (JvmPauseMonitor.java:run(103)) - JvmPauseMonitor-1614213d-f914-440d-b8eb-f10be6afcbc1: Started
2022-01-20 14:17:58,912 [1614213d-f914-440d-b8eb-f10be6afcbc1@group-8CC7416827F1-FollowerState] INFO  impl.FollowerState (FollowerState.java:run(134)) - 1614213d-f914-440d-b8eb-f10be6afcbc1@group-8CC7416827F1-FollowerState: change to CANDIDATE, lastRpcElapsedTime:5165683243ns, electionTimeout:5161ms
2022-01-20 14:17:58,913 [1614213d-f914-440d-b8eb-f10be6afcbc1@group-8CC7416827F1-FollowerState] INFO  impl.RoleInfo (RoleInfo.java:shutdownFollowerState(108)) - 1614213d-f914-440d-b8eb-f10be6afcbc1: shutdown 1614213d-f914-440d-b8eb-f10be6afcbc1@group-8CC7416827F1-FollowerState
2022-01-20 14:17:58,913 [1614213d-f914-440d-b8eb-f10be6afcbc1@group-8CC7416827F1-FollowerState] INFO  server.RaftServer$Division (RaftServerImpl.java:setRole(290)) - 1614213d-f914-440d-b8eb-f10be6afcbc1@group-8CC7416827F1: changes role from  FOLLOWER to CANDIDATE at term 0 for changeToCandidate
2022-01-20 14:17:58,913 [1614213d-f914-440d-b8eb-f10be6afcbc1@group-8CC7416827F1-FollowerState] INFO  server.RaftServerConfigKeys (ConfUtils.java:logGet(44)) - raft.server.leaderelection.pre-vote = false (custom)
2022-01-20 14:17:58,913 [1614213d-f914-440d-b8eb-f10be6afcbc1@group-8CC7416827F1-FollowerState] INFO  impl.RoleInfo (RoleInfo.java:updateAndGet(130)) - 1614213d-f914-440d-b8eb-f10be6afcbc1: start 1614213d-f914-440d-b8eb-f10be6afcbc1@group-8CC7416827F1-LeaderElection38
2022-01-20 14:17:58,945 [1614213d-f914-440d-b8eb-f10be6afcbc1@group-8CC7416827F1-LeaderElection38] INFO  impl.LeaderElection (LeaderElection.java:askForVotes(306)) - 1614213d-f914-440d-b8eb-f10be6afcbc1@group-8CC7416827F1-LeaderElection38 ELECTION round 0: submit vote requests at term 1 for -1: [1614213d-f914-440d-b8eb-f10be6afcbc1|rpc:fv-az294-522:9894|priority:0], old=null
2022-01-20 14:17:58,945 [1614213d-f914-440d-b8eb-f10be6afcbc1@group-8CC7416827F1-LeaderElection38] INFO  impl.LeaderElection (LeaderElection.java:askForVotes(308)) - 1614213d-f914-440d-b8eb-f10be6afcbc1@group-8CC7416827F1-LeaderElection38 ELECTION round 0: result PASSED (term=1)
2022-01-20 14:17:58,945 [1614213d-f914-440d-b8eb-f10be6afcbc1@group-8CC7416827F1-LeaderElection38] INFO  impl.RoleInfo (RoleInfo.java:shutdownLeaderElection(121)) - 1614213d-f914-440d-b8eb-f10be6afcbc1: shutdown 1614213d-f914-440d-b8eb-f10be6afcbc1@group-8CC7416827F1-LeaderElection38
2022-01-20 14:17:58,945 [1614213d-f914-440d-b8eb-f10be6afcbc1@group-8CC7416827F1-LeaderElection38] INFO  server.RaftServer$Division (RaftServerImpl.java:setRole(290)) - 1614213d-f914-440d-b8eb-f10be6afcbc1@group-8CC7416827F1: changes role from CANDIDATE to LEADER at term 1 for changeToLeader
2022-01-20 14:17:58,945 [1614213d-f914-440d-b8eb-f10be6afcbc1@group-8CC7416827F1-LeaderElection38] INFO  server.RaftServer$Division (ServerState.java:setLeader(285)) - 1614213d-f914-440d-b8eb-f10be6afcbc1@group-8CC7416827F1: change Leader from null to 1614213d-f914-440d-b8eb-f10be6afcbc1 at term 1 for becomeLeader, leader elected after 5227ms
2022-01-20 14:17:58,945 [1614213d-f914-440d-b8eb-f10be6afcbc1@group-8CC7416827F1-LeaderElection38] INFO  server.RaftServerConfigKeys (ConfUtils.java:logGet(44)) - raft.server.staging.catchup.gap = 1000 (default)
2022-01-20 14:17:58,945 [1614213d-f914-440d-b8eb-f10be6afcbc1@group-8CC7416827F1-LeaderElection38] INFO  server.RaftServerConfigKeys (ConfUtils.java:logGet(44)) - raft.server.write.element-limit = 4096 (default)
2022-01-20 14:17:58,945 [1614213d-f914-440d-b8eb-f10be6afcbc1@group-8CC7416827F1-LeaderElection38] INFO  server.RaftServerConfigKeys (ConfUtils.java:logGet(44)) - raft.server.write.byte-limit = 64MB (=67108864) (default)
2022-01-20 14:17:58,946 [1614213d-f914-440d-b8eb-f10be6afcbc1@group-8CC7416827F1-LeaderElection38] INFO  server.RaftServerConfigKeys (ConfUtils.java:logGet(44)) - raft.server.watch.timeout = 10s (default)
2022-01-20 14:17:58,946 [1614213d-f914-440d-b8eb-f10be6afcbc1@group-8CC7416827F1-LeaderElection38] INFO  server.RaftServerConfigKeys (ConfUtils.java:logGet(44)) - raft.server.watch.timeout.denomination = 1s (default)
2022-01-20 14:17:58,946 [1614213d-f914-440d-b8eb-f10be6afcbc1@group-8CC7416827F1-LeaderElection38] INFO  server.RaftServerConfigKeys (ConfUtils.java:logGet(44)) - raft.server.watch.element-limit = 65536 (default)
2022-01-20 14:17:58,946 [1614213d-f914-440d-b8eb-f10be6afcbc1@group-8CC7416827F1-LeaderElection38] INFO  server.RaftServerConfigKeys (ConfUtils.java:logGet(44)) - raft.server.write.element-limit = 4096 (default)
2022-01-20 14:17:58,946 [1614213d-f914-440d-b8eb-f10be6afcbc1@group-8CC7416827F1-LeaderElection38] INFO  server.RaftServerConfigKeys (ConfUtils.java:logGet(44)) - raft.server.write.follower.gap.ratio.max = -1.0 (default)
2022-01-20 14:17:58,946 [1614213d-f914-440d-b8eb-f10be6afcbc1@group-8CC7416827F1-LeaderElection38] INFO  impl.RoleInfo (RoleInfo.java:updateAndGet(130)) - 1614213d-f914-440d-b8eb-f10be6afcbc1: start 1614213d-f914-440d-b8eb-f10be6afcbc1@group-8CC7416827F1-LeaderStateImpl
2022-01-20 14:17:58,946 [1614213d-f914-440d-b8eb-f10be6afcbc1@group-8CC7416827F1-LeaderElection38] INFO  segmented.SegmentedRaftLogWorker (SegmentedRaftLogWorker.java:startLogSegment(394)) - 1614213d-f914-440d-b8eb-f10be6afcbc1@group-8CC7416827F1-SegmentedRaftLogWorker: Starting segment from index:0
2022-01-20 14:17:58,954 [1614213d-f914-440d-b8eb-f10be6afcbc1@group-8CC7416827F1-LeaderElection38] INFO  server.RaftServer$Division (ServerState.java:setRaftConf(387)) - 1614213d-f914-440d-b8eb-f10be6afcbc1@group-8CC7416827F1: set configuration 0: [1614213d-f914-440d-b8eb-f10be6afcbc1|rpc:fv-az294-522:9894|admin:|client:|dataStream:|priority:0], old=null
2022-01-20 14:17:58,959 [1614213d-f914-440d-b8eb-f10be6afcbc1@group-8CC7416827F1-SegmentedRaftLogWorker] INFO  segmented.SegmentedRaftLogWorker (SegmentedRaftLogWorker.java:execute(601)) - 1614213d-f914-440d-b8eb-f10be6afcbc1@group-8CC7416827F1-SegmentedRaftLogWorker: created new log segment /home/runner/work/ozone/ozone/hadoop-ozone/integration-test/target/test-dir/MiniOzoneClusterImpl-f1e7e660-ec45-4ef3-9198-8cc7416827f1/ozone-meta/scm-ha/f1e7e660-ec45-4ef3-9198-8cc7416827f1/current/log_inprogress_0
2022-01-20 14:17:59,750 [Listener at 127.0.0.1/42973] INFO  server.RaftServer (RaftServerProxy.java:lambda$close$6(391)) - 1614213d-f914-440d-b8eb-f10be6afcbc1: close
2022-01-20 14:17:59,751 [Listener at 127.0.0.1/42973] INFO  server.RaftServer$Division (RaftServerImpl.java:lambda$close$4(412)) - 1614213d-f914-440d-b8eb-f10be6afcbc1@group-8CC7416827F1: shutdown
2022-01-20 14:17:59,751 [Listener at 127.0.0.1/42973] INFO  util.JmxRegister (JmxRegister.java:unregister(73)) - Successfully un-registered JMX Bean with object name Ratis:service=RaftServer,group=group-8CC7416827F1,id=1614213d-f914-440d-b8eb-f10be6afcbc1
2022-01-20 14:17:59,751 [Listener at 127.0.0.1/42973] INFO  impl.RoleInfo (RoleInfo.java:shutdownLeaderState(91)) - 1614213d-f914-440d-b8eb-f10be6afcbc1: shutdown 1614213d-f914-440d-b8eb-f10be6afcbc1@group-8CC7416827F1-LeaderStateImpl
2022-01-20 14:17:59,751 [Listener at 127.0.0.1/42973] INFO  impl.PendingRequests (PendingRequests.java:sendNotLeaderResponses(282)) - 1614213d-f914-440d-b8eb-f10be6afcbc1@group-8CC7416827F1-PendingRequests: sendNotLeaderResponses
2022-01-20 14:17:59,752 [Listener at 127.0.0.1/42973] INFO  impl.StateMachineUpdater (StateMachineUpdater.java:stopAndJoin(149)) - 1614213d-f914-440d-b8eb-f10be6afcbc1@group-8CC7416827F1-StateMachineUpdater: set stopIndex = 0
2022-01-20 14:17:59,752 [1614213d-f914-440d-b8eb-f10be6afcbc1@group-8CC7416827F1-StateMachineUpdater] INFO  impl.StateMachineUpdater (StateMachineUpdater.java:takeSnapshot(281)) - 1614213d-f914-440d-b8eb-f10be6afcbc1@group-8CC7416827F1-StateMachineUpdater: Took a snapshot at index 0
2022-01-20 14:17:59,752 [1614213d-f914-440d-b8eb-f10be6afcbc1@group-8CC7416827F1-StateMachineUpdater] INFO  impl.StateMachineUpdater (StateMachineUpdater.java:lambda$new$0(89)) - 1614213d-f914-440d-b8eb-f10be6afcbc1@group-8CC7416827F1-StateMachineUpdater: snapshotIndex: updateIncreasingly -1 -> 0
2022-01-20 14:17:59,752 [Listener at 127.0.0.1/42973] INFO  server.RaftServer$Division (ServerState.java:close(419)) - 1614213d-f914-440d-b8eb-f10be6afcbc1@group-8CC7416827F1: closes. applyIndex: 0
2022-01-20 14:17:59,753 [1614213d-f914-440d-b8eb-f10be6afcbc1@group-8CC7416827F1-SegmentedRaftLogWorker] INFO  segmented.SegmentedRaftLogWorker (SegmentedRaftLogWorker.java:run(327)) - 1614213d-f914-440d-b8eb-f10be6afcbc1@group-8CC7416827F1-SegmentedRaftLogWorker was interrupted, exiting. There are 0 tasks remaining in the queue.
2022-01-20 14:17:59,784 [Listener at 127.0.0.1/42973] INFO  segmented.SegmentedRaftLogWorker (SegmentedRaftLogWorker.java:close(237)) - 1614213d-f914-440d-b8eb-f10be6afcbc1@group-8CC7416827F1-SegmentedRaftLogWorker close()
2022-01-20 14:17:59,817 [Listener at 127.0.0.1/42973] INFO  server.GrpcService (GrpcService.java:closeImpl(262)) - 1614213d-f914-440d-b8eb-f10be6afcbc1: shutdown server with port 9894 now
2022-01-20 14:17:59,818 [Listener at 127.0.0.1/42973] INFO  server.GrpcService (GrpcService.java:closeImpl(271)) - 1614213d-f914-440d-b8eb-f10be6afcbc1: shutdown server with port 9894 successfully
2022-01-20 14:17:59,818 [org.apache.ratis.util.JvmPauseMonitor$$Lambda$431/385784873@720bb379] INFO  util.JvmPauseMonitor (JvmPauseMonitor.java:run(109)) - JvmPauseMonitor-1614213d-f914-440d-b8eb-f10be6afcbc1: Stopped
2022-01-20 14:17:59,818 [Listener at 127.0.0.1/42973] INFO  ha.SCMHANodeDetails (SCMHANodeDetails.java:loadSCMHAConfig(157)) - ServiceID for StorageContainerManager is null
2022-01-20 14:17:59,818 [Listener at 127.0.0.1/42973] INFO  ha.SCMHANodeDetails (SCMHANodeDetails.java:loadSCMHAConfig(162)) - ozone.scm.default.service.id is not defined, falling back to ozone.scm.service.ids to find serviceID for StorageContainerManager if it is HA enabled cluster
2022-01-20 14:17:59,819 [Listener at 127.0.0.1/42973] WARN  server.ServerUtils (ServerUtils.java:getScmDbDir(148)) - ozone.scm.db.dirs is not configured. We recommend adding this setting. Falling back to ozone.metadata.dirs instead.
2022-01-20 14:17:59,820 [Listener at 127.0.0.1/42973] INFO  upgrade.AbstractLayoutVersionManager (AbstractLayoutVersionManager.java:init(79)) - Initializing Layout version manager with metadata layout = SCM_HA (version = 2), software layout = SCM_HA (version = 2)
2022-01-20 14:17:59,963 [Listener at 127.0.0.1/42973] INFO  reflections.Reflections (Reflections.java:scan(232)) - Reflections took 142 ms to scan 7 urls, producing 119 keys and 279 values 
2022-01-20 14:17:59,967 [Listener at 127.0.0.1/42973] WARN  utils.HAUtils (HAUtils.java:getMetaDir(342)) - ozone.scm.db.dirs is not configured. We recommend adding this setting. Falling back to ozone.metadata.dirs instead.
2022-01-20 14:17:59,968 [Listener at 127.0.0.1/42973] WARN  db.DBStoreBuilder (DBStoreBuilder.java:applyDBDefinition(145)) - ozone.scm.db.dirs is not configured. We recommend adding this setting. Falling back to ozone.metadata.dirs instead.
2022-01-20 14:18:00,271 [Listener at 127.0.0.1/42973] INFO  net.NodeSchemaLoader (NodeSchemaLoader.java:loadSchemaFromFile(129)) - Loading schema from [jar:file:/home/runner/.m2/repository/org/apache/ozone/hdds-common/1.3.0-SNAPSHOT/hdds-common-1.3.0-SNAPSHOT.jar!/network-topology-default.xml]
2022-01-20 14:18:00,276 [Listener at 127.0.0.1/42973] INFO  net.NodeSchemaLoader (NodeSchemaLoader.java:loadSchema(176)) - Loading network topology layer schema file
2022-01-20 14:18:00,280 [Listener at 127.0.0.1/42973] WARN  impl.MetricRegistriesImpl (MetricRegistriesImpl.java:addReporterRegistration(111)) - New reporters are added after registries were created. Some metrics will be missing from the reporter. Please add reporter before adding any new registry.
2022-01-20 14:18:00,280 [Listener at 127.0.0.1/42973] WARN  impl.MetricRegistriesImpl (MetricRegistriesImpl.java:addReporterRegistration(111)) - New reporters are added after registries were created. Some metrics will be missing from the reporter. Please add reporter before adding any new registry.
2022-01-20 14:18:00,282 [Listener at 127.0.0.1/42973] INFO  ha.SCMRatisServerImpl (SCMRatisServerImpl.java:<init>(87)) - starting Raft server for scm:1614213d-f914-440d-b8eb-f10be6afcbc1
2022-01-20 14:18:00,283 [Listener at 127.0.0.1/42973] INFO  server.RaftServer (ConfUtils.java:logGet(44)) - raft.rpc.type = GRPC (default)
2022-01-20 14:18:00,283 [Listener at 127.0.0.1/42973] INFO  grpc.GrpcFactory (GrpcFactory.java:checkPooledByteBufAllocatorUseCacheForAllThreads(48)) - PERFORMANCE WARNING: useCacheForAllThreads is true that may cause Netty to create a lot garbage objects and, as a result, trigger GC.
	It is recommended to disable useCacheForAllThreads by setting -Dorg.apache.ratis.thirdparty.io.netty.allocator.useCacheForAllThreads=false in command line.
2022-01-20 14:18:00,283 [Listener at 127.0.0.1/42973] INFO  grpc.GrpcConfigKeys (ConfUtils.java:logGet(44)) - raft.grpc.admin.port = -1 (default)
2022-01-20 14:18:00,283 [Listener at 127.0.0.1/42973] INFO  grpc.GrpcConfigKeys (ConfUtils.java:logGet(44)) - raft.grpc.server.port = 9894 (custom)
2022-01-20 14:18:00,283 [Listener at 127.0.0.1/42973] INFO  grpc.GrpcConfigKeys (ConfUtils.java:logGet(44)) - raft.grpc.client.port = -1 (default)
2022-01-20 14:18:00,284 [Listener at 127.0.0.1/42973] INFO  grpc.GrpcConfigKeys (ConfUtils.java:logGet(44)) - raft.grpc.server.port = 9894 (custom)
2022-01-20 14:18:00,284 [Listener at 127.0.0.1/42973] INFO  grpc.GrpcConfigKeys (ConfUtils.java:logGet(44)) - raft.grpc.server.port = 9894 (custom)
2022-01-20 14:18:00,284 [Listener at 127.0.0.1/42973] INFO  server.GrpcService (ConfUtils.java:logGet(44)) - raft.grpc.message.size.max = 32m (=33554432) (custom)
2022-01-20 14:18:00,284 [Listener at 127.0.0.1/42973] INFO  server.RaftServerConfigKeys (ConfUtils.java:logGet(44)) - raft.server.log.appender.buffer.byte-limit = 33554432 (custom)
2022-01-20 14:18:00,284 [Listener at 127.0.0.1/42973] INFO  server.GrpcService (ConfUtils.java:logGet(44)) - raft.grpc.flow.control.window = 1MB (=1048576) (default)
2022-01-20 14:18:00,284 [Listener at 127.0.0.1/42973] INFO  server.RaftServerConfigKeys (ConfUtils.java:logGet(44)) - raft.server.rpc.request.timeout = 30000ms (custom)
2022-01-20 14:18:00,286 [Listener at 127.0.0.1/42973] INFO  impl.DataStreamServerImpl (ConfUtils.java:logGet(44)) - raft.datastream.type = DISABLED (default)
2022-01-20 14:18:00,286 [Listener at 127.0.0.1/42973] INFO  server.RaftServerConfigKeys (ConfUtils.java:logGet(44)) - raft.server.rpc.slowness.timeout = 120000ms (custom)
2022-01-20 14:18:00,286 [Listener at 127.0.0.1/42973] INFO  server.RaftServerConfigKeys (ConfUtils.java:logGet(44)) - raft.server.leaderelection.leader.step-down.wait-time = 10s (default)
2022-01-20 14:18:00,286 [Listener at 127.0.0.1/42973] INFO  server.RaftServerConfigKeys (ConfUtils.java:logGet(44)) - raft.server.storage.dir = [/home/runner/work/ozone/ozone/hadoop-ozone/integration-test/target/test-dir/MiniOzoneClusterImpl-f1e7e660-ec45-4ef3-9198-8cc7416827f1/ozone-meta/scm-ha] (custom)
2022-01-20 14:18:00,286 [Listener at 127.0.0.1/42973] INFO  server.RaftServer (RaftServerProxy.java:lambda$null$1(235)) - 1614213d-f914-440d-b8eb-f10be6afcbc1: found a subdirectory /home/runner/work/ozone/ozone/hadoop-ozone/integration-test/target/test-dir/MiniOzoneClusterImpl-f1e7e660-ec45-4ef3-9198-8cc7416827f1/ozone-meta/scm-ha/f1e7e660-ec45-4ef3-9198-8cc7416827f1
2022-01-20 14:18:00,287 [Listener at 127.0.0.1/42973] INFO  server.RaftServer (RaftServerProxy.java:addNew(95)) - 1614213d-f914-440d-b8eb-f10be6afcbc1: addNew group-8CC7416827F1:[] returns group-8CC7416827F1:java.util.concurrent.CompletableFuture@21249add[Not completed]
2022-01-20 14:18:00,287 [pool-296-thread-1] INFO  server.RaftServer$Division (RaftServerImpl.java:<init>(184)) - 1614213d-f914-440d-b8eb-f10be6afcbc1: new RaftServerImpl for group-8CC7416827F1:[] with SCMStateMachine:uninitialized
2022-01-20 14:18:00,297 [pool-296-thread-1] INFO  server.RaftServerConfigKeys (ConfUtils.java:logGet(44)) - raft.server.rpc.timeout.min = 5000ms (custom)
2022-01-20 14:18:00,297 [pool-296-thread-1] INFO  server.RaftServerConfigKeys (ConfUtils.java:logGet(44)) - raft.server.rpc.timeout.max = 5200ms (custom)
2022-01-20 14:18:00,297 [pool-296-thread-1] INFO  server.RaftServerConfigKeys (ConfUtils.java:logGet(44)) - raft.server.rpc.sleep.time = 25ms (default)
2022-01-20 14:18:00,297 [pool-296-thread-1] INFO  server.RaftServerConfigKeys (ConfUtils.java:logGet(44)) - raft.server.rpc.slowness.timeout = 120000ms (custom)
2022-01-20 14:18:00,297 [pool-296-thread-1] INFO  server.RaftServerConfigKeys (ConfUtils.java:logGet(44)) - raft.server.leaderelection.leader.step-down.wait-time = 10s (default)
2022-01-20 14:18:00,297 [pool-296-thread-1] INFO  server.RaftServerConfigKeys (ConfUtils.java:logGet(44)) - raft.server.sleep.deviation.threshold = 300ms (default)
2022-01-20 14:18:00,297 [pool-296-thread-1] INFO  server.RaftServerConfigKeys (ConfUtils.java:logGet(44)) - raft.server.log.appender.install.snapshot.enabled = false (custom)
2022-01-20 14:18:00,297 [pool-296-thread-1] INFO  server.RaftServer$Division (ServerState.java:<init>(105)) - 1614213d-f914-440d-b8eb-f10be6afcbc1@group-8CC7416827F1: ConfigurationManager, init=-1: [], old=null, confs=<EMPTY_MAP>
2022-01-20 14:18:00,297 [pool-296-thread-1] INFO  server.RaftServerConfigKeys (ConfUtils.java:logGet(44)) - raft.server.storage.dir = [/home/runner/work/ozone/ozone/hadoop-ozone/integration-test/target/test-dir/MiniOzoneClusterImpl-f1e7e660-ec45-4ef3-9198-8cc7416827f1/ozone-meta/scm-ha] (custom)
2022-01-20 14:18:00,298 [pool-296-thread-1] INFO  server.RaftServerConfigKeys (ConfUtils.java:logGet(44)) - raft.server.log.corruption.policy = EXCEPTION (default)
2022-01-20 14:18:00,298 [pool-296-thread-1] INFO  server.RaftServerConfigKeys (ConfUtils.java:logGet(44)) - raft.server.storage.free-space.min = 0MB (=0) (default)
2022-01-20 14:18:00,299 [pool-296-thread-1] INFO  storage.RaftStorageDirectory (RaftStorageDirectoryImpl.java:tryLock(230)) - Lock on /home/runner/work/ozone/ozone/hadoop-ozone/integration-test/target/test-dir/MiniOzoneClusterImpl-f1e7e660-ec45-4ef3-9198-8cc7416827f1/ozone-meta/scm-ha/f1e7e660-ec45-4ef3-9198-8cc7416827f1/in_use.lock acquired by nodename 2019@fv-az294-522
2022-01-20 14:18:00,299 [pool-296-thread-1] INFO  storage.RaftStorage (RaftStorageImpl.java:analyzeAndRecoverStorage(110)) - Read RaftStorageMetadata{term=1, votedFor=1614213d-f914-440d-b8eb-f10be6afcbc1} from /home/runner/work/ozone/ozone/hadoop-ozone/integration-test/target/test-dir/MiniOzoneClusterImpl-f1e7e660-ec45-4ef3-9198-8cc7416827f1/ozone-meta/scm-ha/f1e7e660-ec45-4ef3-9198-8cc7416827f1/current/raft-meta
2022-01-20 14:18:00,300 [pool-296-thread-1] INFO  server.RaftServer$Division (ServerState.java:setRaftConf(387)) - 1614213d-f914-440d-b8eb-f10be6afcbc1@group-8CC7416827F1: set configuration 0: [1614213d-f914-440d-b8eb-f10be6afcbc1|rpc:fv-az294-522:9894|admin:|client:|dataStream:|priority:0], old=null
2022-01-20 14:18:00,300 [pool-296-thread-1] INFO  server.RaftServerConfigKeys (ConfUtils.java:logGet(44)) - raft.server.notification.no-leader.timeout = 60s (default)
2022-01-20 14:18:00,300 [pool-296-thread-1] INFO  server.RaftServerConfigKeys (ConfUtils.java:logGet(44)) - raft.server.log.use.memory = false (default)
2022-01-20 14:18:00,300 [pool-296-thread-1] INFO  server.RaftServerConfigKeys (ConfUtils.java:logGet(44)) - raft.server.log.purge.gap = 1000000 (custom)
2022-01-20 14:18:00,300 [pool-296-thread-1] INFO  server.RaftServerConfigKeys (ConfUtils.java:logGet(44)) - raft.server.log.appender.buffer.byte-limit = 33554432 (custom)
2022-01-20 14:18:00,300 [pool-296-thread-1] INFO  server.RaftServerConfigKeys (ConfUtils.java:logGet(44)) - raft.server.log.segment.size.max = 4194304 (custom)
2022-01-20 14:18:00,301 [pool-296-thread-1] INFO  server.RaftServerConfigKeys (ConfUtils.java:logGet(44)) - raft.server.log.segment.cache.num.max = 2 (custom)
2022-01-20 14:18:00,301 [pool-296-thread-1] INFO  server.RaftServerConfigKeys (ConfUtils.java:logGet(44)) - raft.server.log.segment.cache.size.max = 200MB (=209715200) (default)
2022-01-20 14:18:00,301 [pool-296-thread-1] INFO  segmented.SegmentedRaftLogWorker (SegmentedRaftLogWorker.java:<init>(182)) - new 1614213d-f914-440d-b8eb-f10be6afcbc1@group-8CC7416827F1-SegmentedRaftLogWorker for RaftStorageImpl:Storage Directory /home/runner/work/ozone/ozone/hadoop-ozone/integration-test/target/test-dir/MiniOzoneClusterImpl-f1e7e660-ec45-4ef3-9198-8cc7416827f1/ozone-meta/scm-ha/f1e7e660-ec45-4ef3-9198-8cc7416827f1
2022-01-20 14:18:00,301 [pool-296-thread-1] INFO  server.RaftServerConfigKeys (ConfUtils.java:logGet(44)) - raft.server.log.queue.byte-limit = 64MB (=67108864) (default)
2022-01-20 14:18:00,302 [pool-296-thread-1] INFO  server.RaftServerConfigKeys (ConfUtils.java:logGet(44)) - raft.server.log.queue.element-limit = 4096 (default)
2022-01-20 14:18:00,302 [pool-296-thread-1] INFO  server.RaftServerConfigKeys (ConfUtils.java:logGet(44)) - raft.server.log.segment.size.max = 4194304 (custom)
2022-01-20 14:18:00,302 [pool-296-thread-1] INFO  server.RaftServerConfigKeys (ConfUtils.java:logGet(44)) - raft.server.log.preallocated.size = 4194304 (custom)
2022-01-20 14:18:00,302 [pool-296-thread-1] INFO  server.RaftServerConfigKeys (ConfUtils.java:logGet(44)) - raft.server.log.force.sync.num = 128 (default)
2022-01-20 14:18:00,302 [pool-296-thread-1] INFO  server.RaftServerConfigKeys (ConfUtils.java:logGet(44)) - raft.server.log.statemachine.data.sync = true (default)
2022-01-20 14:18:00,302 [pool-296-thread-1] INFO  server.RaftServerConfigKeys (ConfUtils.java:logGet(44)) - raft.server.log.statemachine.data.sync.timeout = 10s (default)
2022-01-20 14:18:00,302 [pool-296-thread-1] INFO  server.RaftServerConfigKeys (ConfUtils.java:logGet(44)) - raft.server.log.statemachine.data.sync.timeout.retry = -1 (default)
2022-01-20 14:18:00,303 [pool-296-thread-1] INFO  server.RaftServerConfigKeys (ConfUtils.java:logGet(44)) - raft.server.log.write.buffer.size = 64KB (=65536) (default)
2022-01-20 14:18:00,304 [pool-296-thread-1] INFO  server.RaftServerConfigKeys (ConfUtils.java:logGet(44)) - raft.server.log.statemachine.data.caching.enabled = false (default)
2022-01-20 14:18:00,305 [pool-296-thread-1] INFO  server.RaftServer$Division (ServerState.java:setRaftConf(387)) - 1614213d-f914-440d-b8eb-f10be6afcbc1@group-8CC7416827F1: set configuration 0: [1614213d-f914-440d-b8eb-f10be6afcbc1|rpc:fv-az294-522:9894|admin:|client:|dataStream:|priority:0], old=null
2022-01-20 14:18:00,305 [pool-296-thread-1] INFO  segmented.LogSegment (LogSegment.java:loadSegment(173)) - Successfully read 1 entries from segment file /home/runner/work/ozone/ozone/hadoop-ozone/integration-test/target/test-dir/MiniOzoneClusterImpl-f1e7e660-ec45-4ef3-9198-8cc7416827f1/ozone-meta/scm-ha/f1e7e660-ec45-4ef3-9198-8cc7416827f1/current/log_inprogress_0
2022-01-20 14:18:00,305 [pool-296-thread-1] INFO  segmented.SegmentedRaftLogWorker (SegmentedRaftLogWorker.java:lambda$new$0(133)) - 1614213d-f914-440d-b8eb-f10be6afcbc1@group-8CC7416827F1-SegmentedRaftLogWorker: flushIndex: setUnconditionally 0 -> 0
2022-01-20 14:18:00,305 [pool-296-thread-1] INFO  segmented.SegmentedRaftLogWorker (SegmentedRaftLogWorker.java:lambda$new$0(133)) - 1614213d-f914-440d-b8eb-f10be6afcbc1@group-8CC7416827F1-SegmentedRaftLogWorker: safeCacheEvictIndex: setUnconditionally 0 -> -1
2022-01-20 14:18:00,306 [pool-296-thread-1] INFO  server.RaftServerConfigKeys (ConfUtils.java:logGet(44)) - raft.server.snapshot.auto.trigger.enabled = true (custom)
2022-01-20 14:18:00,306 [pool-296-thread-1] INFO  server.RaftServerConfigKeys (ConfUtils.java:logGet(44)) - raft.server.snapshot.auto.trigger.threshold = 1000 (custom)
2022-01-20 14:18:00,306 [pool-296-thread-1] INFO  server.RaftServerConfigKeys (ConfUtils.java:logGet(44)) - raft.server.snapshot.retention.file.num = -1 (default)
2022-01-20 14:18:00,306 [pool-296-thread-1] INFO  server.RaftServerConfigKeys (ConfUtils.java:logGet(44)) - raft.server.log.purge.upto.snapshot.index = false (default)
2022-01-20 14:18:00,306 [pool-296-thread-1] INFO  server.RaftServerConfigKeys (ConfUtils.java:logGet(44)) - raft.server.retrycache.expirytime = 60000ms (default)
2022-01-20 14:18:00,306 [pool-296-thread-1] INFO  server.RaftServerConfigKeys (ConfUtils.java:logGet(44)) - raft.server.retrycache.statistics.expirytime = 100μs (default)
2022-01-20 14:18:00,307 [Listener at 127.0.0.1/42973] INFO  ha.SCMSnapshotProvider (SCMSnapshotProvider.java:<init>(66)) - Initializing SCM Snapshot Provider
2022-01-20 14:18:00,307 [Listener at 127.0.0.1/42973] WARN  server.ServerUtils (ServerUtils.java:getDefaultRatisDirectory(237)) - Storage directory for Ratis is not configured. It is a good idea to map this to an SSD disk. Falling back to ozone.metadata.dirs
2022-01-20 14:18:00,307 [Listener at 127.0.0.1/42973] WARN  ha.SCMHAUtils (SCMHAUtils.java:getSCMRatisSnapshotDirectory(146)) - SCM snapshot dir is not configured. Falling back to ozone.metadata.dirs config
2022-01-20 14:18:00,309 [Listener at 127.0.0.1/42973] INFO  ha.SequenceIdGenerator (SequenceIdGenerator.java:upgradeToSequenceId(347)) - upgrade localId to 109611004723200000
2022-01-20 14:18:00,309 [Listener at 127.0.0.1/42973] INFO  ha.SequenceIdGenerator (SequenceIdGenerator.java:upgradeToSequenceId(357)) - upgrade delTxnId to 0
2022-01-20 14:18:00,309 [Listener at 127.0.0.1/42973] INFO  ha.SequenceIdGenerator (SequenceIdGenerator.java:upgradeToSequenceId(371)) - upgrade containerId to 0
2022-01-20 14:18:00,309 [Listener at 127.0.0.1/42973] INFO  ha.SequenceIdGenerator (SequenceIdGenerator.java:<init>(218)) - Init the HA SequenceIdGenerator.
2022-01-20 14:18:00,311 [Listener at 127.0.0.1/42973] INFO  node.SCMNodeManager (SCMNodeManager.java:<init>(144)) - Entering startup safe mode.
2022-01-20 14:18:00,311 [Listener at 127.0.0.1/42973] INFO  algorithms.ContainerPlacementPolicyFactory (ContainerPlacementPolicyFactory.java:getPolicy(60)) - Create container placement policy of type org.apache.hadoop.hdds.scm.container.placement.algorithms.SCMContainerPlacementRandom
2022-01-20 14:18:00,311 [Listener at 127.0.0.1/42973] INFO  pipeline.PipelineStateManagerImpl (PipelineStateManagerImpl.java:initialize(78)) - No pipeline exists in current db
2022-01-20 14:18:00,319 [Listener at 127.0.0.1/42973] INFO  algorithms.LeaderChoosePolicyFactory (LeaderChoosePolicyFactory.java:getPolicy(57)) - Create leader choose policy of type org.apache.hadoop.hdds.scm.pipeline.leader.choose.algorithms.MinLeaderCountChoosePolicy
2022-01-20 14:18:00,319 [Listener at 127.0.0.1/42973] INFO  ha.SCMServiceManager (SCMServiceManager.java:register(43)) - Registering service BackgroundPipelineCreator.
2022-01-20 14:18:00,320 [Listener at 127.0.0.1/42973] INFO  pipeline.BackgroundPipelineCreator (BackgroundPipelineCreator.java:start(130)) - Starting RatisPipelineUtilsThread.
2022-01-20 14:18:00,321 [Listener at 127.0.0.1/42973] INFO  algorithms.PipelineChoosePolicyFactory (PipelineChoosePolicyFactory.java:createPipelineChoosePolicyFromClass(73)) - Create pipeline choose policy of type org.apache.hadoop.hdds.scm.pipeline.choose.algorithms.RandomPipelineChoosePolicy
2022-01-20 14:18:00,322 [Listener at 127.0.0.1/42973] INFO  ha.SCMServiceManager (SCMServiceManager.java:register(43)) - Registering service SCMBlockDeletingService.
2022-01-20 14:18:00,322 [Listener at 127.0.0.1/42973] INFO  ha.SCMServiceManager (SCMServiceManager.java:register(43)) - Registering service ReplicationManager.
2022-01-20 14:18:00,322 [Listener at 127.0.0.1/42973] INFO  container.ReplicationManager (ReplicationManager.java:start(326)) - Starting Replication Monitor Thread.
2022-01-20 14:18:00,325 [Listener at 127.0.0.1/42973] INFO  safemode.ContainerSafeModeRule (ContainerSafeModeRule.java:<init>(89)) - containers with one replica threshold count 0
2022-01-20 14:18:00,325 [Listener at 127.0.0.1/42973] INFO  safemode.HealthyPipelineSafeModeRule (HealthyPipelineSafeModeRule.java:initializeRule(156)) - Total pipeline count is 0, healthy pipeline threshold count is 1
2022-01-20 14:18:00,325 [Listener at 127.0.0.1/42973] INFO  safemode.OneReplicaPipelineSafeModeRule (OneReplicaPipelineSafeModeRule.java:initializeRule(180)) - Total pipeline count is 0, pipeline's with at least one datanode reported threshold count is 0
2022-01-20 14:18:00,330 [Listener at 127.0.0.1/42973] INFO  ipc.CallQueueManager (CallQueueManager.java:<init>(90)) - Using callQueue: class java.util.concurrent.LinkedBlockingQueue, queueCapacity: 2000, scheduler: class org.apache.hadoop.ipc.DefaultRpcScheduler, ipcBackoff: false.
2022-01-20 14:18:00,333 [Socket Reader #1 for port 0] INFO  ipc.Server (Server.java:run(1265)) - Starting Socket Reader #1 for port 0
2022-01-20 14:18:00,334 [Listener at 0.0.0.0/43255] INFO  ipc.CallQueueManager (CallQueueManager.java:<init>(90)) - Using callQueue: class java.util.concurrent.LinkedBlockingQueue, queueCapacity: 2000, scheduler: class org.apache.hadoop.ipc.DefaultRpcScheduler, ipcBackoff: false.
2022-01-20 14:18:00,339 [Socket Reader #1 for port 0] INFO  ipc.Server (Server.java:run(1265)) - Starting Socket Reader #1 for port 0
2022-01-20 14:18:00,340 [Listener at 0.0.0.0/41671] INFO  ipc.CallQueueManager (CallQueueManager.java:<init>(90)) - Using callQueue: class java.util.concurrent.LinkedBlockingQueue, queueCapacity: 2000, scheduler: class org.apache.hadoop.ipc.DefaultRpcScheduler, ipcBackoff: false.
2022-01-20 14:18:00,341 [Socket Reader #1 for port 0] INFO  ipc.Server (Server.java:run(1265)) - Starting Socket Reader #1 for port 0
2022-01-20 14:18:00,353 [ReplicationMonitor] INFO  container.ReplicationManager (ReplicationManager.java:processAll(382)) - Replication Monitor Thread took 0 milliseconds for processing 0 containers.
2022-01-20 14:18:00,417 [Listener at 0.0.0.0/46041] INFO  algorithms.ContainerPlacementPolicyFactory (ContainerPlacementPolicyFactory.java:getPolicy(60)) - Create container placement policy of type org.apache.hadoop.hdds.scm.container.placement.algorithms.SCMContainerPlacementRandom
2022-01-20 14:18:00,420 [Listener at 0.0.0.0/46041] INFO  server.StorageContainerManager (StorageContainerManager.java:<init>(388)) - 
Container Balancer status:
Key                            Value
Running                        false
Container Balancer Configuration values:
Key                                                Value
Threshold                                          10
Max Datanodes to Involve per Iteration(percent)    20
Max Size to Move per Iteration                     500GB
Max Size Entering Target per Iteration             26GB
Max Size Leaving Source per Iteration              26GB

2022-01-20 14:18:00,429 [Listener at 0.0.0.0/46041] WARN  events.EventQueue (EventQueue.java:fireEvent(194)) - No event handler registered for event TypedEvent{payloadType=SafeModeStatus, name='Safe mode status'}
2022-01-20 14:18:00,429 [Listener at 0.0.0.0/46041] INFO  ha.SCMContext (SCMContext.java:updateSafeModeStatus(211)) - Update SafeModeStatus from SafeModeStatus{safeModeStatus=true, preCheckPassed=false} to SafeModeStatus{safeModeStatus=true, preCheckPassed=false}.
2022-01-20 14:18:00,429 [Listener at 0.0.0.0/46041] INFO  server.StorageContainerManager (StorageContainerManager.java:start(1303)) - StorageContainerLocationProtocol RPC server is listening at /0.0.0.0:46041
2022-01-20 14:18:00,430 [Listener at 0.0.0.0/46041] INFO  ha.SCMRatisServerImpl (SCMRatisServerImpl.java:start(177)) - starting ratis server 0.0.0.0:9894
2022-01-20 14:18:00,430 [Listener at 0.0.0.0/46041] INFO  server.RaftServer$Division (RaftServerImpl.java:start(301)) - 1614213d-f914-440d-b8eb-f10be6afcbc1@group-8CC7416827F1: start as a follower, conf=0: [1614213d-f914-440d-b8eb-f10be6afcbc1|rpc:fv-az294-522:9894|admin:|client:|dataStream:|priority:0], old=null
2022-01-20 14:18:00,430 [Listener at 0.0.0.0/46041] INFO  server.RaftServer$Division (RaftServerImpl.java:setRole(290)) - 1614213d-f914-440d-b8eb-f10be6afcbc1@group-8CC7416827F1: changes role from      null to FOLLOWER at term 1 for startAsFollower
2022-01-20 14:18:00,430 [Listener at 0.0.0.0/46041] INFO  impl.RoleInfo (RoleInfo.java:updateAndGet(130)) - 1614213d-f914-440d-b8eb-f10be6afcbc1: start 1614213d-f914-440d-b8eb-f10be6afcbc1@group-8CC7416827F1-FollowerState
2022-01-20 14:18:00,439 [Listener at 0.0.0.0/46041] INFO  util.JmxRegister (JmxRegister.java:tryRegister(44)) - Successfully registered JMX Bean with object name Ratis:service=RaftServer,group=group-8CC7416827F1,id=1614213d-f914-440d-b8eb-f10be6afcbc1
2022-01-20 14:18:00,476 [Listener at 0.0.0.0/46041] INFO  server.RaftServer (RaftServerProxy.java:lambda$start$5(374)) - 1614213d-f914-440d-b8eb-f10be6afcbc1: start RPC server
2022-01-20 14:18:00,477 [Listener at 0.0.0.0/46041] INFO  server.GrpcService (GrpcService.java:startImpl(253)) - 1614213d-f914-440d-b8eb-f10be6afcbc1: GrpcService started, listening on 9894
2022-01-20 14:18:00,488 [Listener at 0.0.0.0/46041] INFO  ha.SCMHAManagerImpl (SCMHAManagerImpl.java:start(121)) -  scm role is FOLLOWER peers [1614213d-f914-440d-b8eb-f10be6afcbc1|rpc:fv-az294-522:9894|admin:|client:|dataStream:|priority:0]
2022-01-20 14:18:00,489 [Listener at 0.0.0.0/46041] INFO  ha.InterSCMGrpcService (InterSCMGrpcProtocolService.java:start(94)) - Starting SCM Grpc Service at port 9895
2022-01-20 14:18:00,492 [Listener at 0.0.0.0/46041] WARN  impl.MetricsConfig (MetricsConfig.java:loadFirst(136)) - Cannot locate configuration: tried hadoop-metrics2-storagecontainermanager.properties,hadoop-metrics2.properties
2022-01-20 14:18:00,492 [org.apache.ratis.util.JvmPauseMonitor$$Lambda$431/385784873@443f780] INFO  util.JvmPauseMonitor (JvmPauseMonitor.java:run(103)) - JvmPauseMonitor-1614213d-f914-440d-b8eb-f10be6afcbc1: Started
2022-01-20 14:18:00,504 [Listener at 0.0.0.0/46041] INFO  impl.MetricsSystemImpl (MetricsSystemImpl.java:startTimer(378)) - Scheduled Metric snapshot period at 10 second(s).
2022-01-20 14:18:00,505 [Listener at 0.0.0.0/46041] INFO  impl.MetricsSystemImpl (MetricsSystemImpl.java:start(191)) - StorageContainerManager metrics system started
2022-01-20 14:18:00,539 [Listener at 0.0.0.0/46041] INFO  impl.MetricsSinkAdapter (MetricsSinkAdapter.java:start(204)) - Sink prometheus started
2022-01-20 14:18:00,553 [Listener at 0.0.0.0/46041] INFO  impl.MetricsSystemImpl (MetricsSystemImpl.java:registerSink(305)) - Registered sink prometheus
2022-01-20 14:18:00,587 [Listener at 0.0.0.0/46041] INFO  server.SCMClientProtocolServer (SCMClientProtocolServer.java:start(164)) - RPC server for Client  is listening at /0.0.0.0:46041
2022-01-20 14:18:00,621 [IPC Server Responder] INFO  ipc.Server (Server.java:run(1507)) - IPC Server Responder: starting
2022-01-20 14:18:00,647 [IPC Server listener on 0] INFO  ipc.Server (Server.java:run(1344)) - IPC Server listener on 0: starting
2022-01-20 14:18:00,665 [Listener at 0.0.0.0/46041] INFO  server.StorageContainerManager (StorageContainerManager.java:start(1318)) - ScmBlockLocationProtocol RPC server is listening at /0.0.0.0:41671
2022-01-20 14:18:00,666 [Listener at 0.0.0.0/46041] INFO  server.SCMBlockProtocolServer (SCMBlockProtocolServer.java:start(151)) - RPC server for Block Protocol is listening at /0.0.0.0:41671
2022-01-20 14:18:00,666 [IPC Server Responder] INFO  ipc.Server (Server.java:run(1507)) - IPC Server Responder: starting
2022-01-20 14:18:00,667 [IPC Server listener on 0] INFO  ipc.Server (Server.java:run(1344)) - IPC Server listener on 0: starting
2022-01-20 14:18:00,670 [Listener at 0.0.0.0/46041] INFO  http.BaseHttpServer (BaseHttpServer.java:newHttpServer2BuilderForOzone(209)) - Starting Web-server for scm at: http://0.0.0.0:0
2022-01-20 14:18:00,671 [Listener at 0.0.0.0/46041] INFO  http.BaseHttpServer (BaseHttpServer.java:<init>(107)) - Hadoop Security Enabled: false Ozone Security Enabled: false Ozone HTTP Security Enabled: false 
2022-01-20 14:18:00,672 [Listener at 0.0.0.0/46041] INFO  server.AuthenticationFilter (AuthenticationFilter.java:constructSecretProvider(240)) - Unable to initialize FileSignerSecretProvider, falling back to use random secrets.
2022-01-20 14:18:00,672 [org.apache.hadoop.util.JvmPauseMonitor$Monitor@16972bc5] INFO  util.JvmPauseMonitor (JvmPauseMonitor.java:run(188)) - Starting JVM pause monitor
2022-01-20 14:18:00,673 [Listener at 0.0.0.0/46041] WARN  http.HttpRequestLog (HttpRequestLog.java:getRequestLog(103)) - Jetty request log can only be enabled using Log4j
2022-01-20 14:18:00,674 [Listener at 0.0.0.0/46041] INFO  http.HttpServer2 (HttpServer2.java:addGlobalFilter(1030)) - Added global filter 'safety' (class=org.apache.hadoop.hdds.server.http.HttpServer2$QuotingInputFilter)
2022-01-20 14:18:00,674 [Listener at 0.0.0.0/46041] INFO  http.HttpServer2 (HttpServer2.java:addFilter(1006)) - Added filter static_user_filter (class=org.apache.hadoop.http.lib.StaticUserWebFilter$StaticUserFilter) to context scm
2022-01-20 14:18:00,674 [Listener at 0.0.0.0/46041] INFO  http.HttpServer2 (HttpServer2.java:addFilter(1014)) - Added filter static_user_filter (class=org.apache.hadoop.http.lib.StaticUserWebFilter$StaticUserFilter) to context static
2022-01-20 14:18:00,675 [Listener at 0.0.0.0/46041] INFO  http.HttpServer2 (HttpServer2.java:addFilter(1014)) - Added filter static_user_filter (class=org.apache.hadoop.http.lib.StaticUserWebFilter$StaticUserFilter) to context logs
2022-01-20 14:18:00,675 [Listener at 0.0.0.0/46041] INFO  http.HttpServer2 (HttpServer2.java:bindListener(1249)) - Jetty bound to port 45315
2022-01-20 14:18:00,675 [Listener at 0.0.0.0/46041] INFO  server.Server (Server.java:doStart(375)) - jetty-9.4.43.v20210629; built: 2021-06-30T11:07:22.254Z; git: 526006ecfa3af7f1a27ef3a288e2bef7ea9dd7e8; jvm 1.8.0_312-b07
2022-01-20 14:18:00,708 [Listener at 0.0.0.0/46041] INFO  server.session (DefaultSessionIdManager.java:doStart(334)) - DefaultSessionIdManager workerName=node0
2022-01-20 14:18:00,708 [Listener at 0.0.0.0/46041] INFO  server.session (DefaultSessionIdManager.java:doStart(339)) - No SessionScavenger set, using defaults
2022-01-20 14:18:00,709 [Listener at 0.0.0.0/46041] INFO  server.session (HouseKeeper.java:startScavenging(132)) - node0 Scavenging every 660000ms
2022-01-20 14:18:00,721 [Listener at 0.0.0.0/46041] INFO  handler.ContextHandler (ContextHandler.java:doStart(915)) - Started o.e.j.s.ServletContextHandler@774caff3{logs,/logs,file:///home/runner/work/ozone/ozone/hadoop-ozone/integration-test/target/log,AVAILABLE}
2022-01-20 14:18:00,722 [Listener at 0.0.0.0/46041] INFO  handler.ContextHandler (ContextHandler.java:doStart(915)) - Started o.e.j.s.ServletContextHandler@6bca329b{static,/static,file:///home/runner/work/ozone/ozone/hadoop-ozone/integration-test/target/test-classes/webapps/static,AVAILABLE}
2022-01-20 14:18:00,725 [Listener at 0.0.0.0/46041] INFO  handler.ContextHandler (ContextHandler.java:doStart(915)) - Started o.e.j.w.WebAppContext@3b68430d{scm,/,file:///home/runner/work/ozone/ozone/hadoop-ozone/integration-test/target/test-classes/webapps/scm/,AVAILABLE}{file:/home/runner/work/ozone/ozone/hadoop-ozone/integration-test/target/test-classes/webapps/scm}
2022-01-20 14:18:00,789 [Listener at 0.0.0.0/46041] INFO  server.AbstractConnector (AbstractConnector.java:doStart(331)) - Started ServerConnector@4d05150f{HTTP/1.1, (http/1.1)}{0.0.0.0:45315}
2022-01-20 14:18:00,790 [Listener at 0.0.0.0/46041] INFO  server.Server (Server.java:doStart(415)) - Started @113249ms
2022-01-20 14:18:00,790 [Listener at 0.0.0.0/46041] WARN  impl.MetricsSystemImpl (MetricsSystemImpl.java:register(279)) - Sink prometheus already exists!
2022-01-20 14:18:00,790 [Listener at 0.0.0.0/46041] INFO  http.BaseHttpServer (BaseHttpServer.java:updateConnectorAddress(329)) - HTTP server of scm listening at http://0.0.0.0:45315
2022-01-20 14:18:00,791 [Listener at 0.0.0.0/46041] WARN  server.ServerUtils (ServerUtils.java:getDBPath(225)) - ozone.om.db.dirs is not configured. We recommend adding this setting. Falling back to ozone.metadata.dirs instead.
2022-01-20 14:18:00,793 [Listener at 0.0.0.0/46041] INFO  ha.OMHANodeDetails (OMHANodeDetails.java:loadOMHAConfig(112)) - ozone.om.internal.service.id is not defined, falling back to ozone.om.service.ids to find serviceID for OzoneManager if it is HA enabled cluster
2022-01-20 14:18:00,793 [Listener at 0.0.0.0/46041] INFO  ha.OMHANodeDetails (OMHANodeDetails.java:loadOMHAConfig(218)) - Configuration does not have ozone.om.address set. Falling back to the default OM address /127.0.0.1:0
2022-01-20 14:18:00,793 [Listener at 0.0.0.0/46041] INFO  ha.OMHANodeDetails (OMHANodeDetails.java:getOMNodeDetailsForNonHA(246)) - OM Service ID is not set. Setting it to the default ID: omServiceIdDefault
2022-01-20 14:18:00,793 [Listener at 0.0.0.0/46041] INFO  ha.OMHANodeDetails (OMHANodeDetails.java:getOMNodeDetailsForNonHA(253)) - OM Node ID is not set. Setting it to the default ID: om1
2022-01-20 14:18:00,793 [Listener at 0.0.0.0/46041] WARN  server.ServerUtils (ServerUtils.java:getDBPath(225)) - ozone.om.db.dirs is not configured. We recommend adding this setting. Falling back to ozone.metadata.dirs instead.
2022-01-20 14:18:00,794 [Listener at 0.0.0.0/46041] INFO  upgrade.AbstractLayoutVersionManager (AbstractLayoutVersionManager.java:init(79)) - Initializing Layout version manager with metadata layout = INITIAL_VERSION (version = 0), software layout = INITIAL_VERSION (version = 0)
2022-01-20 14:18:00,974 [Listener at 0.0.0.0/46041] INFO  reflections.Reflections (Reflections.java:scan(232)) - Reflections took 179 ms to scan 2 urls, producing 133 keys and 348 values [using 2 cores]
2022-01-20 14:18:00,975 [Listener at 0.0.0.0/46041] INFO  upgrade.OMLayoutVersionManager (OMLayoutVersionManager.java:lambda$0(115)) - Skipping Upgrade Action MockOmUpgradeAction since it has been finalized.
2022-01-20 14:18:00,975 [Listener at 0.0.0.0/46041] WARN  server.ServerUtils (ServerUtils.java:getDBPath(225)) - ozone.om.db.dirs is not configured. We recommend adding this setting. Falling back to ozone.metadata.dirs instead.
2022-01-20 14:18:03,023 [Listener at 0.0.0.0/46041] INFO  retry.RetryInvocationHandler (RetryInvocationHandler.java:log(411)) - com.google.protobuf.ServiceException: org.apache.hadoop.ipc.RemoteException(org.apache.hadoop.hdds.ratis.ServerNotLeaderException): Server:1614213d-f914-440d-b8eb-f10be6afcbc1 is not the leader. Could not determine the leader node.
	at org.apache.hadoop.hdds.ratis.ServerNotLeaderException.convertToNotLeaderException(ServerNotLeaderException.java:109)
	at org.apache.hadoop.hdds.scm.ha.RatisUtil.checkRatisException(RatisUtil.java:245)
	at org.apache.hadoop.hdds.scm.protocol.ScmBlockLocationProtocolServerSideTranslatorPB.send(ScmBlockLocationProtocolServerSideTranslatorPB.java:108)
	at org.apache.hadoop.hdds.protocol.proto.ScmBlockLocationProtocolProtos$ScmBlockLocationProtocolService$2.callBlockingMethod(ScmBlockLocationProtocolProtos.java:13937)
	at org.apache.hadoop.ipc.ProtobufRpcEngine$Server.processCall(ProtobufRpcEngine.java:466)
	at org.apache.hadoop.ipc.ProtobufRpcEngine2$Server$ProtoBufRpcInvoker.call(ProtobufRpcEngine2.java:574)
	at org.apache.hadoop.ipc.ProtobufRpcEngine2$Server$ProtoBufRpcInvoker.call(ProtobufRpcEngine2.java:552)
	at org.apache.hadoop.ipc.RPC$Server.call(RPC.java:1093)
	at org.apache.hadoop.ipc.Server$RpcCall.run(Server.java:1035)
	at org.apache.hadoop.ipc.Server$RpcCall.run(Server.java:963)
	at java.security.AccessController.doPrivileged(Native Method)
	at javax.security.auth.Subject.doAs(Subject.java:422)
	at org.apache.hadoop.security.UserGroupInformation.doAs(UserGroupInformation.java:1878)
	at org.apache.hadoop.ipc.Server$Handler.run(Server.java:2966)
, while invoking $Proxy42.send over nodeId=scmNodeId,nodeAddress=/0.0.0.0:41671 after 1 failover attempts. Trying to failover after sleeping for 2000ms.
2022-01-20 14:18:05,026 [Listener at 0.0.0.0/46041] INFO  retry.RetryInvocationHandler (RetryInvocationHandler.java:log(411)) - com.google.protobuf.ServiceException: org.apache.hadoop.ipc.RemoteException(org.apache.hadoop.hdds.ratis.ServerNotLeaderException): Server:1614213d-f914-440d-b8eb-f10be6afcbc1 is not the leader. Could not determine the leader node.
	at org.apache.hadoop.hdds.ratis.ServerNotLeaderException.convertToNotLeaderException(ServerNotLeaderException.java:109)
	at org.apache.hadoop.hdds.scm.ha.RatisUtil.checkRatisException(RatisUtil.java:245)
	at org.apache.hadoop.hdds.scm.protocol.ScmBlockLocationProtocolServerSideTranslatorPB.send(ScmBlockLocationProtocolServerSideTranslatorPB.java:108)
	at org.apache.hadoop.hdds.protocol.proto.ScmBlockLocationProtocolProtos$ScmBlockLocationProtocolService$2.callBlockingMethod(ScmBlockLocationProtocolProtos.java:13937)
	at org.apache.hadoop.ipc.ProtobufRpcEngine$Server.processCall(ProtobufRpcEngine.java:466)
	at org.apache.hadoop.ipc.ProtobufRpcEngine2$Server$ProtoBufRpcInvoker.call(ProtobufRpcEngine2.java:574)
	at org.apache.hadoop.ipc.ProtobufRpcEngine2$Server$ProtoBufRpcInvoker.call(ProtobufRpcEngine2.java:552)
	at org.apache.hadoop.ipc.RPC$Server.call(RPC.java:1093)
	at org.apache.hadoop.ipc.Server$RpcCall.run(Server.java:1035)
	at org.apache.hadoop.ipc.Server$RpcCall.run(Server.java:963)
	at java.security.AccessController.doPrivileged(Native Method)
	at javax.security.auth.Subject.doAs(Subject.java:422)
	at org.apache.hadoop.security.UserGroupInformation.doAs(UserGroupInformation.java:1878)
	at org.apache.hadoop.ipc.Server$Handler.run(Server.java:2966)
, while invoking $Proxy42.send over nodeId=scmNodeId,nodeAddress=/0.0.0.0:41671 after 2 failover attempts. Trying to failover after sleeping for 2000ms.
2022-01-20 14:18:05,477 [1614213d-f914-440d-b8eb-f10be6afcbc1@group-8CC7416827F1-FollowerState] INFO  impl.FollowerState (FollowerState.java:run(134)) - 1614213d-f914-440d-b8eb-f10be6afcbc1@group-8CC7416827F1-FollowerState: change to CANDIDATE, lastRpcElapsedTime:5046827910ns, electionTimeout:5037ms
2022-01-20 14:18:05,477 [1614213d-f914-440d-b8eb-f10be6afcbc1@group-8CC7416827F1-FollowerState] INFO  impl.RoleInfo (RoleInfo.java:shutdownFollowerState(108)) - 1614213d-f914-440d-b8eb-f10be6afcbc1: shutdown 1614213d-f914-440d-b8eb-f10be6afcbc1@group-8CC7416827F1-FollowerState
2022-01-20 14:18:05,477 [1614213d-f914-440d-b8eb-f10be6afcbc1@group-8CC7416827F1-FollowerState] INFO  server.RaftServer$Division (RaftServerImpl.java:setRole(290)) - 1614213d-f914-440d-b8eb-f10be6afcbc1@group-8CC7416827F1: changes role from  FOLLOWER to CANDIDATE at term 1 for changeToCandidate
2022-01-20 14:18:05,478 [1614213d-f914-440d-b8eb-f10be6afcbc1@group-8CC7416827F1-FollowerState] INFO  server.RaftServerConfigKeys (ConfUtils.java:logGet(44)) - raft.server.leaderelection.pre-vote = false (custom)
2022-01-20 14:18:05,478 [1614213d-f914-440d-b8eb-f10be6afcbc1@group-8CC7416827F1-FollowerState] INFO  impl.RoleInfo (RoleInfo.java:updateAndGet(130)) - 1614213d-f914-440d-b8eb-f10be6afcbc1: start 1614213d-f914-440d-b8eb-f10be6afcbc1@group-8CC7416827F1-LeaderElection39
2022-01-20 14:18:05,521 [1614213d-f914-440d-b8eb-f10be6afcbc1@group-8CC7416827F1-LeaderElection39] INFO  impl.LeaderElection (LeaderElection.java:askForVotes(306)) - 1614213d-f914-440d-b8eb-f10be6afcbc1@group-8CC7416827F1-LeaderElection39 ELECTION round 0: submit vote requests at term 2 for 0: [1614213d-f914-440d-b8eb-f10be6afcbc1|rpc:fv-az294-522:9894|admin:|client:|dataStream:|priority:0], old=null
2022-01-20 14:18:05,521 [1614213d-f914-440d-b8eb-f10be6afcbc1@group-8CC7416827F1-LeaderElection39] INFO  impl.LeaderElection (LeaderElection.java:askForVotes(308)) - 1614213d-f914-440d-b8eb-f10be6afcbc1@group-8CC7416827F1-LeaderElection39 ELECTION round 0: result PASSED (term=2)
2022-01-20 14:18:05,521 [1614213d-f914-440d-b8eb-f10be6afcbc1@group-8CC7416827F1-LeaderElection39] INFO  impl.RoleInfo (RoleInfo.java:shutdownLeaderElection(121)) - 1614213d-f914-440d-b8eb-f10be6afcbc1: shutdown 1614213d-f914-440d-b8eb-f10be6afcbc1@group-8CC7416827F1-LeaderElection39
2022-01-20 14:18:05,521 [1614213d-f914-440d-b8eb-f10be6afcbc1@group-8CC7416827F1-LeaderElection39] INFO  server.RaftServer$Division (RaftServerImpl.java:setRole(290)) - 1614213d-f914-440d-b8eb-f10be6afcbc1@group-8CC7416827F1: changes role from CANDIDATE to LEADER at term 2 for changeToLeader
2022-01-20 14:18:05,521 [1614213d-f914-440d-b8eb-f10be6afcbc1@group-8CC7416827F1-LeaderElection39] INFO  ha.SCMStateMachine (SCMStateMachine.java:notifyLeaderChanged(259)) - current SCM becomes leader of term 2.
2022-01-20 14:18:05,521 [1614213d-f914-440d-b8eb-f10be6afcbc1@group-8CC7416827F1-LeaderElection39] INFO  ha.SCMContext (SCMContext.java:updateLeaderAndTerm(90)) - update <isLeader,term> from <false,0> to <true,2>
2022-01-20 14:18:05,521 [1614213d-f914-440d-b8eb-f10be6afcbc1@group-8CC7416827F1-LeaderElection39] INFO  server.RaftServer$Division (ServerState.java:setLeader(285)) - 1614213d-f914-440d-b8eb-f10be6afcbc1@group-8CC7416827F1: change Leader from null to 1614213d-f914-440d-b8eb-f10be6afcbc1 at term 2 for becomeLeader, leader elected after 5221ms
2022-01-20 14:18:05,521 [1614213d-f914-440d-b8eb-f10be6afcbc1@group-8CC7416827F1-LeaderElection39] INFO  server.RaftServerConfigKeys (ConfUtils.java:logGet(44)) - raft.server.staging.catchup.gap = 1000 (default)
2022-01-20 14:18:05,521 [1614213d-f914-440d-b8eb-f10be6afcbc1@group-8CC7416827F1-LeaderElection39] INFO  server.RaftServerConfigKeys (ConfUtils.java:logGet(44)) - raft.server.write.element-limit = 4096 (default)
2022-01-20 14:18:05,521 [1614213d-f914-440d-b8eb-f10be6afcbc1@group-8CC7416827F1-LeaderElection39] INFO  server.RaftServerConfigKeys (ConfUtils.java:logGet(44)) - raft.server.write.byte-limit = 64MB (=67108864) (default)
2022-01-20 14:18:05,522 [1614213d-f914-440d-b8eb-f10be6afcbc1@group-8CC7416827F1-LeaderElection39] INFO  server.RaftServerConfigKeys (ConfUtils.java:logGet(44)) - raft.server.watch.timeout = 10s (default)
2022-01-20 14:18:05,522 [1614213d-f914-440d-b8eb-f10be6afcbc1@group-8CC7416827F1-LeaderElection39] INFO  server.RaftServerConfigKeys (ConfUtils.java:logGet(44)) - raft.server.watch.timeout.denomination = 1s (default)
2022-01-20 14:18:05,522 [1614213d-f914-440d-b8eb-f10be6afcbc1@group-8CC7416827F1-LeaderElection39] INFO  server.RaftServerConfigKeys (ConfUtils.java:logGet(44)) - raft.server.watch.element-limit = 65536 (default)
2022-01-20 14:18:05,522 [1614213d-f914-440d-b8eb-f10be6afcbc1@group-8CC7416827F1-LeaderElection39] INFO  server.RaftServerConfigKeys (ConfUtils.java:logGet(44)) - raft.server.write.element-limit = 4096 (default)
2022-01-20 14:18:05,522 [1614213d-f914-440d-b8eb-f10be6afcbc1@group-8CC7416827F1-LeaderElection39] INFO  server.RaftServerConfigKeys (ConfUtils.java:logGet(44)) - raft.server.write.follower.gap.ratio.max = -1.0 (default)
2022-01-20 14:18:05,522 [1614213d-f914-440d-b8eb-f10be6afcbc1@group-8CC7416827F1-LeaderElection39] INFO  impl.RoleInfo (RoleInfo.java:updateAndGet(130)) - 1614213d-f914-440d-b8eb-f10be6afcbc1: start 1614213d-f914-440d-b8eb-f10be6afcbc1@group-8CC7416827F1-LeaderStateImpl
2022-01-20 14:18:05,522 [1614213d-f914-440d-b8eb-f10be6afcbc1@group-8CC7416827F1-LeaderElection39] INFO  segmented.SegmentedRaftLogWorker (SegmentedRaftLogWorker.java:rollLogSegment(399)) - 1614213d-f914-440d-b8eb-f10be6afcbc1@group-8CC7416827F1-SegmentedRaftLogWorker: Rolling segment log-0_0 to index:0
2022-01-20 14:18:05,536 [1614213d-f914-440d-b8eb-f10be6afcbc1@group-8CC7416827F1-LeaderElection39] INFO  server.RaftServer$Division (ServerState.java:setRaftConf(387)) - 1614213d-f914-440d-b8eb-f10be6afcbc1@group-8CC7416827F1: set configuration 1: [1614213d-f914-440d-b8eb-f10be6afcbc1|rpc:fv-az294-522:9894|admin:|client:|dataStream:|priority:0], old=null
2022-01-20 14:18:05,537 [1614213d-f914-440d-b8eb-f10be6afcbc1@group-8CC7416827F1-SegmentedRaftLogWorker] INFO  segmented.SegmentedRaftLogWorker (SegmentedRaftLogWorker.java:execute(558)) - 1614213d-f914-440d-b8eb-f10be6afcbc1@group-8CC7416827F1-SegmentedRaftLogWorker: Rolled log segment from /home/runner/work/ozone/ozone/hadoop-ozone/integration-test/target/test-dir/MiniOzoneClusterImpl-f1e7e660-ec45-4ef3-9198-8cc7416827f1/ozone-meta/scm-ha/f1e7e660-ec45-4ef3-9198-8cc7416827f1/current/log_inprogress_0 to /home/runner/work/ozone/ozone/hadoop-ozone/integration-test/target/test-dir/MiniOzoneClusterImpl-f1e7e660-ec45-4ef3-9198-8cc7416827f1/ozone-meta/scm-ha/f1e7e660-ec45-4ef3-9198-8cc7416827f1/current/log_0-0
2022-01-20 14:18:05,576 [1614213d-f914-440d-b8eb-f10be6afcbc1@group-8CC7416827F1-SegmentedRaftLogWorker] INFO  segmented.SegmentedRaftLogWorker (SegmentedRaftLogWorker.java:execute(601)) - 1614213d-f914-440d-b8eb-f10be6afcbc1@group-8CC7416827F1-SegmentedRaftLogWorker: created new log segment /home/runner/work/ozone/ozone/hadoop-ozone/integration-test/target/test-dir/MiniOzoneClusterImpl-f1e7e660-ec45-4ef3-9198-8cc7416827f1/ozone-meta/scm-ha/f1e7e660-ec45-4ef3-9198-8cc7416827f1/current/log_inprogress_1
2022-01-20 14:18:05,578 [1614213d-f914-440d-b8eb-f10be6afcbc1@group-8CC7416827F1-StateMachineUpdater] INFO  ha.SCMContext (SCMContext.java:setLeaderReady(117)) - update <isLeaderReady> from <false> to <true>
2022-01-20 14:18:05,581 [1614213d-f914-440d-b8eb-f10be6afcbc1@group-8CC7416827F1-StateMachineUpdater] INFO  pipeline.BackgroundPipelineCreator (BackgroundPipelineCreator.java:notifyStatusChanged(264)) - Service BackgroundPipelineCreator transitions to RUNNING.
2022-01-20 14:18:05,582 [1614213d-f914-440d-b8eb-f10be6afcbc1@group-8CC7416827F1-StateMachineUpdater] INFO  safemode.HealthyPipelineSafeModeRule (HealthyPipelineSafeModeRule.java:initializeRule(152)) - Refreshed total pipeline count is 0, healthy pipeline threshold count is 1
2022-01-20 14:18:05,582 [1614213d-f914-440d-b8eb-f10be6afcbc1@group-8CC7416827F1-StateMachineUpdater] INFO  safemode.ContainerSafeModeRule (ContainerSafeModeRule.java:reInitializeRule(177)) - Refreshed one replica container threshold 0, currentThreshold 0
2022-01-20 14:18:05,582 [1614213d-f914-440d-b8eb-f10be6afcbc1@group-8CC7416827F1-StateMachineUpdater] INFO  safemode.OneReplicaPipelineSafeModeRule (OneReplicaPipelineSafeModeRule.java:initializeRule(176)) - Refreshed Total pipeline count is 0, pipeline's with at least one datanode reported threshold count is 0
2022-01-20 14:18:05,582 [1614213d-f914-440d-b8eb-f10be6afcbc1@group-8CC7416827F1-StateMachineUpdater] INFO  server.SCMDatanodeProtocolServer (SCMDatanodeProtocolServer.java:start(181)) - ScmDatanodeProtocol RPC server for DataNodes is listening at /0.0.0.0:43255
2022-01-20 14:18:05,600 [IPC Server listener on 0] INFO  ipc.Server (Server.java:run(1344)) - IPC Server listener on 0: starting
2022-01-20 14:18:05,665 [IPC Server Responder] INFO  ipc.Server (Server.java:run(1507)) - IPC Server Responder: starting
2022-01-20 14:18:07,031 [Listener at 0.0.0.0/46041] WARN  server.ServerUtils (ServerUtils.java:getDBPath(225)) - ozone.om.db.dirs is not configured. We recommend adding this setting. Falling back to ozone.metadata.dirs instead.
2022-01-20 14:18:07,045 [Listener at 0.0.0.0/46041] INFO  codec.OmKeyInfoCodec (OmKeyInfoCodec.java:<init>(50)) - OmKeyInfoCodec ignorePipeline = true
2022-01-20 14:18:07,045 [Listener at 0.0.0.0/46041] INFO  codec.RepeatedOmKeyInfoCodec (RepeatedOmKeyInfoCodec.java:<init>(42)) - RepeatedOmKeyInfoCodec ignorePipeline = true
2022-01-20 14:18:07,329 [Listener at 0.0.0.0/46041] INFO  om.OzoneManager (OzoneManager.java:addS3GVolumeToDB(3732)) - Created Volume s3v With Owner runner required for S3Gateway operations.
2022-01-20 14:18:07,329 [Listener at 0.0.0.0/46041] WARN  server.ServerUtils (ServerUtils.java:getDefaultRatisDirectory(237)) - Storage directory for Ratis is not configured. It is a good idea to map this to an SSD disk. Falling back to ozone.metadata.dirs
2022-01-20 14:18:07,329 [Listener at 0.0.0.0/46041] WARN  utils.OzoneManagerRatisUtils (OzoneManagerRatisUtils.java:getOMRatisSnapshotDirectory(330)) - ozone.om.ratis.snapshot.dir is not configured. Falling back to ozone.metadata.dirs config
2022-01-20 14:18:07,341 [Listener at 0.0.0.0/46041] WARN  impl.MetricRegistriesImpl (MetricRegistriesImpl.java:addReporterRegistration(111)) - New reporters are added after registries were created. Some metrics will be missing from the reporter. Please add reporter before adding any new registry.
2022-01-20 14:18:07,341 [Listener at 0.0.0.0/46041] WARN  impl.MetricRegistriesImpl (MetricRegistriesImpl.java:addReporterRegistration(111)) - New reporters are added after registries were created. Some metrics will be missing from the reporter. Please add reporter before adding any new registry.
2022-01-20 14:18:07,341 [Listener at 0.0.0.0/46041] WARN  server.ServerUtils (ServerUtils.java:getDefaultRatisDirectory(237)) - Storage directory for Ratis is not configured. It is a good idea to map this to an SSD disk. Falling back to ozone.metadata.dirs
2022-01-20 14:18:07,344 [Listener at 0.0.0.0/46041] INFO  ratis.OzoneManagerRatisServer (OzoneManagerRatisServer.java:<init>(159)) - Instantiating OM Ratis server with groupID: omServiceIdDefault and peers: localhost:9872
2022-01-20 14:18:07,344 [Listener at 0.0.0.0/46041] INFO  ratis.OzoneManagerStateMachine (OzoneManagerStateMachine.java:loadSnapshotInfoFromDB(605)) - LastAppliedIndex is set from TransactionInfo from OM DB as (t:0, i:~)
2022-01-20 14:18:07,360 [Listener at 0.0.0.0/46041] INFO  server.RaftServer (ConfUtils.java:logGet(44)) - raft.rpc.type = GRPC (default)
2022-01-20 14:18:07,360 [Listener at 0.0.0.0/46041] INFO  grpc.GrpcFactory (GrpcFactory.java:checkPooledByteBufAllocatorUseCacheForAllThreads(48)) - PERFORMANCE WARNING: useCacheForAllThreads is true that may cause Netty to create a lot garbage objects and, as a result, trigger GC.
	It is recommended to disable useCacheForAllThreads by setting -Dorg.apache.ratis.thirdparty.io.netty.allocator.useCacheForAllThreads=false in command line.
2022-01-20 14:18:07,360 [Listener at 0.0.0.0/46041] INFO  grpc.GrpcConfigKeys (ConfUtils.java:logGet(44)) - raft.grpc.admin.port = -1 (default)
2022-01-20 14:18:07,360 [Listener at 0.0.0.0/46041] INFO  grpc.GrpcConfigKeys (ConfUtils.java:logGet(44)) - raft.grpc.server.port = 9872 (custom)
2022-01-20 14:18:07,361 [Listener at 0.0.0.0/46041] INFO  grpc.GrpcConfigKeys (ConfUtils.java:logGet(44)) - raft.grpc.client.port = -1 (default)
2022-01-20 14:18:07,361 [Listener at 0.0.0.0/46041] INFO  grpc.GrpcConfigKeys (ConfUtils.java:logGet(44)) - raft.grpc.server.port = 9872 (custom)
2022-01-20 14:18:07,361 [Listener at 0.0.0.0/46041] INFO  grpc.GrpcConfigKeys (ConfUtils.java:logGet(44)) - raft.grpc.server.port = 9872 (custom)
2022-01-20 14:18:07,361 [Listener at 0.0.0.0/46041] INFO  server.GrpcService (ConfUtils.java:logGet(44)) - raft.grpc.message.size.max = 33554432 (custom)
2022-01-20 14:18:07,361 [Listener at 0.0.0.0/46041] INFO  server.RaftServerConfigKeys (ConfUtils.java:logGet(44)) - raft.server.log.appender.buffer.byte-limit = 33554432 (custom)
2022-01-20 14:18:07,361 [Listener at 0.0.0.0/46041] INFO  server.GrpcService (ConfUtils.java:logGet(44)) - raft.grpc.flow.control.window = 1MB (=1048576) (default)
2022-01-20 14:18:07,361 [Listener at 0.0.0.0/46041] INFO  server.RaftServerConfigKeys (ConfUtils.java:logGet(44)) - raft.server.rpc.request.timeout = 3000ms (default)
2022-01-20 14:18:07,365 [Listener at 0.0.0.0/46041] INFO  impl.DataStreamServerImpl (ConfUtils.java:logGet(44)) - raft.datastream.type = DISABLED (default)
2022-01-20 14:18:07,370 [Listener at 0.0.0.0/46041] INFO  server.RaftServerConfigKeys (ConfUtils.java:logGet(44)) - raft.server.rpc.slowness.timeout = 120s (custom)
2022-01-20 14:18:07,370 [Listener at 0.0.0.0/46041] INFO  server.RaftServerConfigKeys (ConfUtils.java:logGet(44)) - raft.server.leaderelection.leader.step-down.wait-time = 10s (default)
2022-01-20 14:18:07,370 [Listener at 0.0.0.0/46041] INFO  server.RaftServerConfigKeys (ConfUtils.java:logGet(44)) - raft.server.storage.dir = [/home/runner/work/ozone/ozone/hadoop-ozone/integration-test/target/test-dir/MiniOzoneClusterImpl-f1e7e660-ec45-4ef3-9198-8cc7416827f1/ozone-meta/ratis] (custom)
2022-01-20 14:18:07,389 [Listener at 0.0.0.0/46041] INFO  server.RaftServer (RaftServerProxy.java:addNew(95)) - om1: addNew group-C5BA1605619E:[om1|rpc:localhost:9872|priority:0] returns group-C5BA1605619E:java.util.concurrent.CompletableFuture@6b0f06b9[Not completed]
2022-01-20 14:18:07,389 [Listener at 0.0.0.0/46041] INFO  om.OzoneManager (OzoneManager.java:initializeRatisServer(1834)) - OzoneManager Ratis server initialized at port 9872
2022-01-20 14:18:07,390 [Listener at 0.0.0.0/46041] INFO  ipc.CallQueueManager (CallQueueManager.java:<init>(90)) - Using callQueue: class java.util.concurrent.LinkedBlockingQueue, queueCapacity: 2000, scheduler: class org.apache.hadoop.ipc.DefaultRpcScheduler, ipcBackoff: false.
2022-01-20 14:18:07,393 [pool-322-thread-1] INFO  server.RaftServer$Division (RaftServerImpl.java:<init>(184)) - om1: new RaftServerImpl for group-C5BA1605619E:[om1|rpc:localhost:9872|priority:0] with OzoneManagerStateMachine:uninitialized
2022-01-20 14:18:07,398 [pool-322-thread-1] INFO  server.RaftServerConfigKeys (ConfUtils.java:logGet(44)) - raft.server.rpc.timeout.min = 1s (custom)
2022-01-20 14:18:07,398 [pool-322-thread-1] INFO  server.RaftServerConfigKeys (ConfUtils.java:logGet(44)) - raft.server.rpc.timeout.max = 1200ms (custom)
2022-01-20 14:18:07,398 [pool-322-thread-1] INFO  server.RaftServerConfigKeys (ConfUtils.java:logGet(44)) - raft.server.rpc.sleep.time = 25ms (default)
2022-01-20 14:18:07,398 [pool-322-thread-1] INFO  server.RaftServerConfigKeys (ConfUtils.java:logGet(44)) - raft.server.rpc.slowness.timeout = 120s (custom)
2022-01-20 14:18:07,398 [pool-322-thread-1] INFO  server.RaftServerConfigKeys (ConfUtils.java:logGet(44)) - raft.server.leaderelection.leader.step-down.wait-time = 10s (default)
2022-01-20 14:18:07,398 [pool-322-thread-1] INFO  server.RaftServerConfigKeys (ConfUtils.java:logGet(44)) - raft.server.sleep.deviation.threshold = 300ms (default)
2022-01-20 14:18:07,398 [pool-322-thread-1] INFO  server.RaftServerConfigKeys (ConfUtils.java:logGet(44)) - raft.server.log.appender.install.snapshot.enabled = false (custom)
2022-01-20 14:18:07,398 [pool-322-thread-1] INFO  server.RaftServer$Division (ServerState.java:<init>(105)) - om1@group-C5BA1605619E: ConfigurationManager, init=-1: [om1|rpc:localhost:9872|priority:0], old=null, confs=<EMPTY_MAP>
2022-01-20 14:18:07,398 [pool-322-thread-1] INFO  server.RaftServerConfigKeys (ConfUtils.java:logGet(44)) - raft.server.storage.dir = [/home/runner/work/ozone/ozone/hadoop-ozone/integration-test/target/test-dir/MiniOzoneClusterImpl-f1e7e660-ec45-4ef3-9198-8cc7416827f1/ozone-meta/ratis] (custom)
2022-01-20 14:18:07,399 [pool-322-thread-1] INFO  server.RaftServerConfigKeys (ConfUtils.java:logGet(44)) - raft.server.log.corruption.policy = EXCEPTION (default)
2022-01-20 14:18:07,399 [pool-322-thread-1] INFO  server.RaftServerConfigKeys (ConfUtils.java:logGet(44)) - raft.server.storage.free-space.min = 0MB (=0) (default)
2022-01-20 14:18:07,399 [pool-322-thread-1] INFO  storage.RaftStorageDirectory (RaftStorageDirectoryImpl.java:analyzeStorage(135)) - The storage directory /home/runner/work/ozone/ozone/hadoop-ozone/integration-test/target/test-dir/MiniOzoneClusterImpl-f1e7e660-ec45-4ef3-9198-8cc7416827f1/ozone-meta/ratis/bf265839-605b-3f16-9796-c5ba1605619e does not exist. Creating ...
2022-01-20 14:18:07,401 [pool-322-thread-1] INFO  storage.RaftStorageDirectory (RaftStorageDirectoryImpl.java:tryLock(230)) - Lock on /home/runner/work/ozone/ozone/hadoop-ozone/integration-test/target/test-dir/MiniOzoneClusterImpl-f1e7e660-ec45-4ef3-9198-8cc7416827f1/ozone-meta/ratis/bf265839-605b-3f16-9796-c5ba1605619e/in_use.lock acquired by nodename 2019@fv-az294-522
2022-01-20 14:18:07,402 [pool-322-thread-1] INFO  storage.RaftStorage (RaftStorageImpl.java:format(89)) - Storage directory /home/runner/work/ozone/ozone/hadoop-ozone/integration-test/target/test-dir/MiniOzoneClusterImpl-f1e7e660-ec45-4ef3-9198-8cc7416827f1/ozone-meta/ratis/bf265839-605b-3f16-9796-c5ba1605619e has been successfully formatted.
2022-01-20 14:18:07,403 [pool-322-thread-1] INFO  server.RaftServerConfigKeys (ConfUtils.java:logGet(44)) - raft.server.notification.no-leader.timeout = 120s (custom)
2022-01-20 14:18:07,403 [pool-322-thread-1] INFO  server.RaftServerConfigKeys (ConfUtils.java:logGet(44)) - raft.server.log.use.memory = false (default)
2022-01-20 14:18:07,403 [pool-322-thread-1] INFO  server.RaftServerConfigKeys (ConfUtils.java:logGet(44)) - raft.server.log.purge.gap = 1000000 (custom)
2022-01-20 14:18:07,403 [pool-322-thread-1] INFO  server.RaftServerConfigKeys (ConfUtils.java:logGet(44)) - raft.server.log.appender.buffer.byte-limit = 33554432 (custom)
2022-01-20 14:18:07,403 [pool-322-thread-1] INFO  server.RaftServerConfigKeys (ConfUtils.java:logGet(44)) - raft.server.log.segment.size.max = 4194304 (custom)
2022-01-20 14:18:07,403 [pool-322-thread-1] INFO  server.RaftServerConfigKeys (ConfUtils.java:logGet(44)) - raft.server.log.segment.cache.num.max = 2 (custom)
2022-01-20 14:18:07,403 [pool-322-thread-1] INFO  server.RaftServerConfigKeys (ConfUtils.java:logGet(44)) - raft.server.log.segment.cache.size.max = 200MB (=209715200) (default)
2022-01-20 14:18:07,404 [pool-322-thread-1] INFO  segmented.SegmentedRaftLogWorker (SegmentedRaftLogWorker.java:<init>(182)) - new om1@group-C5BA1605619E-SegmentedRaftLogWorker for RaftStorageImpl:Storage Directory /home/runner/work/ozone/ozone/hadoop-ozone/integration-test/target/test-dir/MiniOzoneClusterImpl-f1e7e660-ec45-4ef3-9198-8cc7416827f1/ozone-meta/ratis/bf265839-605b-3f16-9796-c5ba1605619e
2022-01-20 14:18:07,404 [pool-322-thread-1] INFO  server.RaftServerConfigKeys (ConfUtils.java:logGet(44)) - raft.server.log.queue.byte-limit = 64MB (=67108864) (default)
2022-01-20 14:18:07,404 [pool-322-thread-1] INFO  server.RaftServerConfigKeys (ConfUtils.java:logGet(44)) - raft.server.log.queue.element-limit = 4096 (default)
2022-01-20 14:18:07,416 [pool-322-thread-1] INFO  server.RaftServerConfigKeys (ConfUtils.java:logGet(44)) - raft.server.log.segment.size.max = 4194304 (custom)
2022-01-20 14:18:07,417 [pool-322-thread-1] INFO  server.RaftServerConfigKeys (ConfUtils.java:logGet(44)) - raft.server.log.preallocated.size = 4194304 (custom)
2022-01-20 14:18:07,417 [pool-322-thread-1] INFO  server.RaftServerConfigKeys (ConfUtils.java:logGet(44)) - raft.server.log.force.sync.num = 128 (default)
2022-01-20 14:18:07,417 [pool-322-thread-1] INFO  server.RaftServerConfigKeys (ConfUtils.java:logGet(44)) - raft.server.log.statemachine.data.sync = true (default)
2022-01-20 14:18:07,417 [pool-322-thread-1] INFO  server.RaftServerConfigKeys (ConfUtils.java:logGet(44)) - raft.server.log.statemachine.data.sync.timeout = 10s (default)
2022-01-20 14:18:07,417 [pool-322-thread-1] INFO  server.RaftServerConfigKeys (ConfUtils.java:logGet(44)) - raft.server.log.statemachine.data.sync.timeout.retry = -1 (default)
2022-01-20 14:18:07,428 [Socket Reader #1 for port 0] INFO  ipc.Server (Server.java:run(1265)) - Starting Socket Reader #1 for port 0
2022-01-20 14:18:07,435 [pool-322-thread-1] INFO  server.RaftServerConfigKeys (ConfUtils.java:logGet(44)) - raft.server.log.write.buffer.size = 64KB (=65536) (default)
2022-01-20 14:18:07,436 [pool-322-thread-1] INFO  server.RaftServerConfigKeys (ConfUtils.java:logGet(44)) - raft.server.log.statemachine.data.caching.enabled = false (default)
2022-01-20 14:18:07,436 [pool-322-thread-1] INFO  segmented.SegmentedRaftLogWorker (SegmentedRaftLogWorker.java:lambda$new$0(133)) - om1@group-C5BA1605619E-SegmentedRaftLogWorker: flushIndex: setUnconditionally 0 -> -1
2022-01-20 14:18:07,436 [pool-322-thread-1] INFO  segmented.SegmentedRaftLogWorker (SegmentedRaftLogWorker.java:lambda$new$0(133)) - om1@group-C5BA1605619E-SegmentedRaftLogWorker: safeCacheEvictIndex: setUnconditionally 0 -> -1
2022-01-20 14:18:07,436 [pool-322-thread-1] INFO  server.RaftServerConfigKeys (ConfUtils.java:logGet(44)) - raft.server.snapshot.auto.trigger.enabled = true (custom)
2022-01-20 14:18:07,436 [pool-322-thread-1] INFO  server.RaftServerConfigKeys (ConfUtils.java:logGet(44)) - raft.server.snapshot.auto.trigger.threshold = 400000 (default)
2022-01-20 14:18:07,436 [pool-322-thread-1] INFO  server.RaftServerConfigKeys (ConfUtils.java:logGet(44)) - raft.server.snapshot.retention.file.num = -1 (default)
2022-01-20 14:18:07,436 [pool-322-thread-1] INFO  server.RaftServerConfigKeys (ConfUtils.java:logGet(44)) - raft.server.log.purge.upto.snapshot.index = true (custom)
2022-01-20 14:18:07,436 [pool-322-thread-1] INFO  server.RaftServerConfigKeys (ConfUtils.java:logGet(44)) - raft.server.retrycache.expirytime = 300s (custom)
2022-01-20 14:18:07,436 [pool-322-thread-1] INFO  server.RaftServerConfigKeys (ConfUtils.java:logGet(44)) - raft.server.retrycache.statistics.expirytime = 100μs (default)
2022-01-20 14:18:07,513 [Listener at 127.0.0.1/36805] INFO  impl.MetricsSystemImpl (MetricsSystemImpl.java:init(158)) - OzoneManager metrics system started (again)
2022-01-20 14:18:07,544 [Listener at 127.0.0.1/36805] INFO  om.OzoneManager (OzoneManager.java:start(1365)) - OzoneManager RPC server is listening at localhost/127.0.0.1:36805
2022-01-20 14:18:07,544 [Listener at 127.0.0.1/36805] INFO  ratis.OzoneManagerRatisServer (OzoneManagerRatisServer.java:start(554)) - Starting OzoneManagerRatisServer om1 at port 9872
2022-01-20 14:18:07,544 [Listener at 127.0.0.1/36805] INFO  server.RaftServer$Division (RaftServerImpl.java:start(301)) - om1@group-C5BA1605619E: start as a follower, conf=-1: [om1|rpc:localhost:9872|priority:0], old=null
2022-01-20 14:18:07,544 [Listener at 127.0.0.1/36805] INFO  server.RaftServer$Division (RaftServerImpl.java:setRole(290)) - om1@group-C5BA1605619E: changes role from      null to FOLLOWER at term 0 for startAsFollower
2022-01-20 14:18:07,544 [Listener at 127.0.0.1/36805] INFO  impl.RoleInfo (RoleInfo.java:updateAndGet(130)) - om1: start om1@group-C5BA1605619E-FollowerState
2022-01-20 14:18:07,545 [Listener at 127.0.0.1/36805] INFO  util.JmxRegister (JmxRegister.java:tryRegister(44)) - Successfully registered JMX Bean with object name Ratis:service=RaftServer,group=group-C5BA1605619E,id=om1
2022-01-20 14:18:07,546 [Listener at 127.0.0.1/36805] INFO  server.RaftServer (RaftServerProxy.java:lambda$start$5(374)) - om1: start RPC server
2022-01-20 14:18:07,546 [Listener at 127.0.0.1/36805] INFO  server.GrpcService (GrpcService.java:startImpl(253)) - om1: GrpcService started, listening on 9872
2022-01-20 14:18:07,547 [Listener at 127.0.0.1/36805] INFO  om.OzoneManager (OzoneManager.java:start(1381)) - Version File has different layout version (0) than OM DB (null). That is expected if this OM has never been finalized to a newer layout version.
2022-01-20 14:18:07,548 [org.apache.ratis.util.JvmPauseMonitor$$Lambda$431/385784873@4c6e3674] INFO  util.JvmPauseMonitor (JvmPauseMonitor.java:run(103)) - JvmPauseMonitor-om1: Started
2022-01-20 14:18:07,597 [Listener at 127.0.0.1/36805] INFO  http.BaseHttpServer (BaseHttpServer.java:newHttpServer2BuilderForOzone(209)) - Starting Web-server for ozoneManager at: http://0.0.0.0:0
2022-01-20 14:18:07,598 [Listener at 127.0.0.1/36805] INFO  http.BaseHttpServer (BaseHttpServer.java:<init>(107)) - Hadoop Security Enabled: false Ozone Security Enabled: false Ozone HTTP Security Enabled: false 
2022-01-20 14:18:07,599 [Listener at 127.0.0.1/36805] INFO  server.AuthenticationFilter (AuthenticationFilter.java:constructSecretProvider(240)) - Unable to initialize FileSignerSecretProvider, falling back to use random secrets.
2022-01-20 14:18:07,607 [Listener at 127.0.0.1/36805] WARN  http.HttpRequestLog (HttpRequestLog.java:getRequestLog(103)) - Jetty request log can only be enabled using Log4j
2022-01-20 14:18:07,608 [Listener at 127.0.0.1/36805] INFO  http.HttpServer2 (HttpServer2.java:addGlobalFilter(1030)) - Added global filter 'safety' (class=org.apache.hadoop.hdds.server.http.HttpServer2$QuotingInputFilter)
2022-01-20 14:18:07,613 [Listener at 127.0.0.1/36805] INFO  http.HttpServer2 (HttpServer2.java:addFilter(1006)) - Added filter static_user_filter (class=org.apache.hadoop.http.lib.StaticUserWebFilter$StaticUserFilter) to context ozoneManager
2022-01-20 14:18:07,613 [Listener at 127.0.0.1/36805] INFO  http.HttpServer2 (HttpServer2.java:addFilter(1014)) - Added filter static_user_filter (class=org.apache.hadoop.http.lib.StaticUserWebFilter$StaticUserFilter) to context static
2022-01-20 14:18:07,614 [Listener at 127.0.0.1/36805] INFO  http.HttpServer2 (HttpServer2.java:addFilter(1014)) - Added filter static_user_filter (class=org.apache.hadoop.http.lib.StaticUserWebFilter$StaticUserFilter) to context logs
2022-01-20 14:18:07,615 [Listener at 127.0.0.1/36805] INFO  http.HttpServer2 (HttpServer2.java:bindListener(1249)) - Jetty bound to port 39159
2022-01-20 14:18:07,616 [Listener at 127.0.0.1/36805] INFO  server.Server (Server.java:doStart(375)) - jetty-9.4.43.v20210629; built: 2021-06-30T11:07:22.254Z; git: 526006ecfa3af7f1a27ef3a288e2bef7ea9dd7e8; jvm 1.8.0_312-b07
2022-01-20 14:18:07,621 [Listener at 127.0.0.1/36805] INFO  server.session (DefaultSessionIdManager.java:doStart(334)) - DefaultSessionIdManager workerName=node0
2022-01-20 14:18:07,621 [Listener at 127.0.0.1/36805] INFO  server.session (DefaultSessionIdManager.java:doStart(339)) - No SessionScavenger set, using defaults
2022-01-20 14:18:07,621 [Listener at 127.0.0.1/36805] INFO  server.session (HouseKeeper.java:startScavenging(132)) - node0 Scavenging every 600000ms
2022-01-20 14:18:07,623 [Listener at 127.0.0.1/36805] INFO  handler.ContextHandler (ContextHandler.java:doStart(915)) - Started o.e.j.s.ServletContextHandler@65f59c41{logs,/logs,file:///home/runner/work/ozone/ozone/hadoop-ozone/integration-test/target/log,AVAILABLE}
2022-01-20 14:18:07,623 [Listener at 127.0.0.1/36805] INFO  handler.ContextHandler (ContextHandler.java:doStart(915)) - Started o.e.j.s.ServletContextHandler@39d25ac2{static,/static,file:///home/runner/work/ozone/ozone/hadoop-ozone/integration-test/target/test-classes/webapps/static,AVAILABLE}
2022-01-20 14:18:07,641 [Listener at 127.0.0.1/36805] INFO  handler.ContextHandler (ContextHandler.java:doStart(915)) - Started o.e.j.w.WebAppContext@6e868b0d{ozoneManager,/,file:///home/runner/work/ozone/ozone/hadoop-ozone/integration-test/target/test-classes/webapps/ozoneManager/,AVAILABLE}{file:/home/runner/work/ozone/ozone/hadoop-ozone/integration-test/target/test-classes/webapps/ozoneManager}
2022-01-20 14:18:07,652 [Listener at 127.0.0.1/36805] INFO  server.AbstractConnector (AbstractConnector.java:doStart(331)) - Started ServerConnector@3a35fbda{HTTP/1.1, (http/1.1)}{0.0.0.0:39159}
2022-01-20 14:18:07,653 [Listener at 127.0.0.1/36805] INFO  server.Server (Server.java:doStart(415)) - Started @120112ms
2022-01-20 14:18:07,653 [Listener at 127.0.0.1/36805] WARN  impl.MetricsSystemImpl (MetricsSystemImpl.java:register(279)) - Sink prometheus already exists!
2022-01-20 14:18:07,664 [Listener at 127.0.0.1/36805] INFO  http.BaseHttpServer (BaseHttpServer.java:updateConnectorAddress(329)) - HTTP server of ozoneManager listening at http://0.0.0.0:39159
2022-01-20 14:18:07,673 [IPC Server Responder] INFO  ipc.Server (Server.java:run(1507)) - IPC Server Responder: starting
2022-01-20 14:18:07,682 [IPC Server listener on 0] INFO  ipc.Server (Server.java:run(1344)) - IPC Server listener on 0: starting
2022-01-20 14:18:07,688 [Listener at 127.0.0.1/36805] INFO  om.OzoneManager (OzoneManager.java:startTrashEmptier(1792)) - Trash Interval set to 0. Files deleted will not move to trash
2022-01-20 14:18:07,748 [org.apache.hadoop.util.JvmPauseMonitor$Monitor@78c3362e] INFO  util.JvmPauseMonitor (JvmPauseMonitor.java:run(188)) - Starting JVM pause monitor
2022-01-20 14:18:07,856 [Listener at 127.0.0.1/36805] WARN  impl.MetricRegistriesImpl (MetricRegistriesImpl.java:addReporterRegistration(111)) - New reporters are added after registries were created. Some metrics will be missing from the reporter. Please add reporter before adding any new registry.
2022-01-20 14:18:07,856 [Listener at 127.0.0.1/36805] WARN  impl.MetricRegistriesImpl (MetricRegistriesImpl.java:addReporterRegistration(111)) - New reporters are added after registries were created. Some metrics will be missing from the reporter. Please add reporter before adding any new registry.
2022-01-20 14:18:07,856 [Listener at 127.0.0.1/36805] INFO  impl.MetricsSystemImpl (MetricsSystemImpl.java:init(158)) - HddsDatanode metrics system started (again)
2022-01-20 14:18:07,909 [Listener at 127.0.0.1/36805] INFO  ozone.HddsDatanodeService (HddsDatanodeService.java:start(234)) - HddsDatanodeService host:fv-az294-522.eaanfquahm5ulb5tj050gcxych.jx.internal.cloudapp.net ip:10.1.0.33
2022-01-20 14:18:07,951 [Listener at 127.0.0.1/36805] INFO  upgrade.AbstractLayoutVersionManager (AbstractLayoutVersionManager.java:init(79)) - Initializing Layout version manager with metadata layout = SCM_HA (version = 2), software layout = SCM_HA (version = 2)
2022-01-20 14:18:08,111 [Listener at 127.0.0.1/36805] INFO  reflections.Reflections (Reflections.java:scan(232)) - Reflections took 154 ms to scan 7 urls, producing 119 keys and 279 values 
2022-01-20 14:18:08,116 [Listener at 127.0.0.1/36805] INFO  statemachine.DatanodeStateMachine (DatanodeStateMachine.java:getEndPointTaskThreadPoolSize(222)) - Datanode State Machine Task Thread Pool size 2
2022-01-20 14:18:08,118 [Listener at 127.0.0.1/36805] INFO  volume.HddsVolume (HddsVolume.java:<init>(120)) - Creating HddsVolume: /home/runner/work/ozone/ozone/hadoop-ozone/integration-test/target/test-dir/MiniOzoneClusterImpl-f1e7e660-ec45-4ef3-9198-8cc7416827f1/datanode-0/data-0/containers/hdds of storage type : DISK capacity : 9223372036854775807
2022-01-20 14:18:08,118 [Listener at 127.0.0.1/36805] INFO  volume.MutableVolumeSet (MutableVolumeSet.java:initializeVolumeSet(168)) - Added Volume : /home/runner/work/ozone/ozone/hadoop-ozone/integration-test/target/test-dir/MiniOzoneClusterImpl-f1e7e660-ec45-4ef3-9198-8cc7416827f1/datanode-0/data-0/containers/hdds to VolumeSet
2022-01-20 14:18:08,119 [Listener at 127.0.0.1/36805] INFO  volume.ThrottledAsyncChecker (ThrottledAsyncChecker.java:schedule(141)) - Scheduling a check for /home/runner/work/ozone/ozone/hadoop-ozone/integration-test/target/test-dir/MiniOzoneClusterImpl-f1e7e660-ec45-4ef3-9198-8cc7416827f1/datanode-0/data-0/containers/hdds
2022-01-20 14:18:08,119 [Listener at 127.0.0.1/36805] INFO  volume.StorageVolumeChecker (StorageVolumeChecker.java:checkAllVolumes(202)) - Scheduled health check for volume /home/runner/work/ozone/ozone/hadoop-ozone/integration-test/target/test-dir/MiniOzoneClusterImpl-f1e7e660-ec45-4ef3-9198-8cc7416827f1/datanode-0/data-0/containers/hdds
2022-01-20 14:18:08,135 [Listener at 127.0.0.1/36805] INFO  volume.MutableVolumeSet (MutableVolumeSet.java:initializeVolumeSet(168)) - Added Volume : /home/runner/work/ozone/ozone/hadoop-ozone/integration-test/target/test-dir/MiniOzoneClusterImpl-f1e7e660-ec45-4ef3-9198-8cc7416827f1/datanode-0/data/ratis to VolumeSet
2022-01-20 14:18:08,135 [Listener at 127.0.0.1/36805] INFO  volume.ThrottledAsyncChecker (ThrottledAsyncChecker.java:schedule(141)) - Scheduling a check for /home/runner/work/ozone/ozone/hadoop-ozone/integration-test/target/test-dir/MiniOzoneClusterImpl-f1e7e660-ec45-4ef3-9198-8cc7416827f1/datanode-0/data/ratis
2022-01-20 14:18:08,135 [Listener at 127.0.0.1/36805] INFO  volume.StorageVolumeChecker (StorageVolumeChecker.java:checkAllVolumes(202)) - Scheduled health check for volume /home/runner/work/ozone/ozone/hadoop-ozone/integration-test/target/test-dir/MiniOzoneClusterImpl-f1e7e660-ec45-4ef3-9198-8cc7416827f1/datanode-0/data/ratis
2022-01-20 14:18:08,224 [Thread-776] INFO  ozoneimpl.ContainerReader (ContainerReader.java:readVolume(172)) - Finish verifying containers on volume /home/runner/work/ozone/ozone/hadoop-ozone/integration-test/target/test-dir/MiniOzoneClusterImpl-f1e7e660-ec45-4ef3-9198-8cc7416827f1/datanode-0/data-0/containers/hdds
2022-01-20 14:18:08,224 [Listener at 127.0.0.1/36805] INFO  ozoneimpl.OzoneContainer (OzoneContainer.java:buildContainerSet(237)) - Build ContainerSet costs 0s
2022-01-20 14:18:08,229 [Listener at 127.0.0.1/36805] INFO  server.RaftServer (ConfUtils.java:logGet(44)) - raft.rpc.type = GRPC (default)
2022-01-20 14:18:08,230 [Listener at 127.0.0.1/36805] INFO  grpc.GrpcFactory (GrpcFactory.java:checkPooledByteBufAllocatorUseCacheForAllThreads(48)) - PERFORMANCE WARNING: useCacheForAllThreads is true that may cause Netty to create a lot garbage objects and, as a result, trigger GC.
	It is recommended to disable useCacheForAllThreads by setting -Dorg.apache.ratis.thirdparty.io.netty.allocator.useCacheForAllThreads=false in command line.
2022-01-20 14:18:08,230 [Listener at 127.0.0.1/36805] INFO  grpc.GrpcConfigKeys (ConfUtils.java:logGet(44)) - raft.grpc.admin.port = 0 (custom)
2022-01-20 14:18:08,230 [Listener at 127.0.0.1/36805] INFO  grpc.GrpcConfigKeys (ConfUtils.java:logGet(44)) - raft.grpc.client.port = 0 (custom)
2022-01-20 14:18:08,232 [Listener at 127.0.0.1/36805] INFO  grpc.GrpcConfigKeys (ConfUtils.java:logGet(44)) - raft.grpc.server.port = 0 (default)
2022-01-20 14:18:08,233 [Listener at 127.0.0.1/36805] INFO  server.GrpcService (ConfUtils.java:logGet(44)) - raft.grpc.message.size.max = 32MB (=33554432) (custom)
2022-01-20 14:18:08,233 [Listener at 127.0.0.1/36805] INFO  server.RaftServerConfigKeys (ConfUtils.java:logGet(44)) - raft.server.log.appender.buffer.byte-limit = 33554432 (custom)
2022-01-20 14:18:08,233 [Listener at 127.0.0.1/36805] INFO  server.GrpcService (ConfUtils.java:logGet(44)) - raft.grpc.flow.control.window = 5MB (=5242880) (custom)
2022-01-20 14:18:08,233 [Listener at 127.0.0.1/36805] INFO  server.RaftServerConfigKeys (ConfUtils.java:logGet(44)) - raft.server.rpc.request.timeout = 3000ms (default)
2022-01-20 14:18:08,236 [Listener at 127.0.0.1/36805] INFO  impl.DataStreamServerImpl (ConfUtils.java:logGet(44)) - raft.datastream.type = DISABLED (default)
2022-01-20 14:18:08,259 [Listener at 127.0.0.1/36805] INFO  server.RaftServerConfigKeys (ConfUtils.java:logGet(44)) - raft.server.rpc.slowness.timeout = 300000ms (custom)
2022-01-20 14:18:08,261 [Listener at 127.0.0.1/36805] INFO  server.RaftServerConfigKeys (ConfUtils.java:logGet(44)) - raft.server.leaderelection.leader.step-down.wait-time = 10s (default)
2022-01-20 14:18:08,262 [Listener at 127.0.0.1/36805] INFO  server.RaftServerConfigKeys (ConfUtils.java:logGet(44)) - raft.server.storage.dir = [/home/runner/work/ozone/ozone/hadoop-ozone/integration-test/target/test-dir/MiniOzoneClusterImpl-f1e7e660-ec45-4ef3-9198-8cc7416827f1/datanode-0/data/ratis] (custom)
2022-01-20 14:18:08,270 [Listener at 127.0.0.1/36805] INFO  server.XceiverServerGrpc (XceiverServerGrpc.java:<init>(132)) - GrpcServer channel type EpollServerSocketChannel
2022-01-20 14:18:08,278 [Listener at 127.0.0.1/36805] INFO  http.BaseHttpServer (BaseHttpServer.java:newHttpServer2BuilderForOzone(209)) - Starting Web-server for hddsDatanode at: http://0.0.0.0:0
2022-01-20 14:18:08,279 [Listener at 127.0.0.1/36805] INFO  http.BaseHttpServer (BaseHttpServer.java:<init>(107)) - Hadoop Security Enabled: false Ozone Security Enabled: false Ozone HTTP Security Enabled: false 
2022-01-20 14:18:08,280 [Listener at 127.0.0.1/36805] INFO  server.AuthenticationFilter (AuthenticationFilter.java:constructSecretProvider(240)) - Unable to initialize FileSignerSecretProvider, falling back to use random secrets.
2022-01-20 14:18:08,288 [Listener at 127.0.0.1/36805] WARN  http.HttpRequestLog (HttpRequestLog.java:getRequestLog(103)) - Jetty request log can only be enabled using Log4j
2022-01-20 14:18:08,289 [Listener at 127.0.0.1/36805] INFO  http.HttpServer2 (HttpServer2.java:addGlobalFilter(1030)) - Added global filter 'safety' (class=org.apache.hadoop.hdds.server.http.HttpServer2$QuotingInputFilter)
2022-01-20 14:18:08,298 [Listener at 127.0.0.1/36805] INFO  http.HttpServer2 (HttpServer2.java:addFilter(1006)) - Added filter static_user_filter (class=org.apache.hadoop.http.lib.StaticUserWebFilter$StaticUserFilter) to context hddsDatanode
2022-01-20 14:18:08,298 [Listener at 127.0.0.1/36805] INFO  http.HttpServer2 (HttpServer2.java:addFilter(1014)) - Added filter static_user_filter (class=org.apache.hadoop.http.lib.StaticUserWebFilter$StaticUserFilter) to context logs
2022-01-20 14:18:08,301 [Listener at 127.0.0.1/36805] INFO  http.HttpServer2 (HttpServer2.java:addFilter(1014)) - Added filter static_user_filter (class=org.apache.hadoop.http.lib.StaticUserWebFilter$StaticUserFilter) to context static
2022-01-20 14:18:08,312 [Listener at 127.0.0.1/36805] INFO  http.HttpServer2 (HttpServer2.java:bindListener(1249)) - Jetty bound to port 42955
2022-01-20 14:18:08,312 [Listener at 127.0.0.1/36805] INFO  server.Server (Server.java:doStart(375)) - jetty-9.4.43.v20210629; built: 2021-06-30T11:07:22.254Z; git: 526006ecfa3af7f1a27ef3a288e2bef7ea9dd7e8; jvm 1.8.0_312-b07
2022-01-20 14:18:08,319 [Listener at 127.0.0.1/36805] INFO  server.session (DefaultSessionIdManager.java:doStart(334)) - DefaultSessionIdManager workerName=node0
2022-01-20 14:18:08,320 [Listener at 127.0.0.1/36805] INFO  server.session (DefaultSessionIdManager.java:doStart(339)) - No SessionScavenger set, using defaults
2022-01-20 14:18:08,320 [Listener at 127.0.0.1/36805] INFO  server.session (HouseKeeper.java:startScavenging(132)) - node0 Scavenging every 660000ms
2022-01-20 14:18:08,321 [Listener at 127.0.0.1/36805] INFO  handler.ContextHandler (ContextHandler.java:doStart(915)) - Started o.e.j.s.ServletContextHandler@2b99c80d{logs,/logs,file:///home/runner/work/ozone/ozone/hadoop-ozone/integration-test/target/log,AVAILABLE}
2022-01-20 14:18:08,321 [Listener at 127.0.0.1/36805] INFO  handler.ContextHandler (ContextHandler.java:doStart(915)) - Started o.e.j.s.ServletContextHandler@6a5fcb32{static,/static,jar:file:/home/runner/.m2/repository/org/apache/ozone/hdds-container-service/1.3.0-SNAPSHOT/hdds-container-service-1.3.0-SNAPSHOT.jar!/webapps/static,AVAILABLE}
2022-01-20 14:18:08,423 [Listener at 127.0.0.1/36805] INFO  handler.ContextHandler (ContextHandler.java:doStart(915)) - Started o.e.j.w.WebAppContext@64829fc5{hddsDatanode,/,file:///tmp/jetty-0_0_0_0-42955-hdds-container-service-1_3_0-SNAPSHOT_jar-_-any-6222580832272807303/webapp/,AVAILABLE}{jar:file:/home/runner/.m2/repository/org/apache/ozone/hdds-container-service/1.3.0-SNAPSHOT/hdds-container-service-1.3.0-SNAPSHOT.jar!/webapps/hddsDatanode}
2022-01-20 14:18:08,425 [Listener at 127.0.0.1/36805] INFO  server.AbstractConnector (AbstractConnector.java:doStart(331)) - Started ServerConnector@4baf4a5b{HTTP/1.1, (http/1.1)}{0.0.0.0:42955}
2022-01-20 14:18:08,425 [Listener at 127.0.0.1/36805] INFO  server.Server (Server.java:doStart(415)) - Started @120884ms
2022-01-20 14:18:08,425 [Listener at 127.0.0.1/36805] WARN  impl.MetricsSystemImpl (MetricsSystemImpl.java:register(279)) - Sink prometheus already exists!
2022-01-20 14:18:08,426 [Listener at 127.0.0.1/36805] INFO  http.BaseHttpServer (BaseHttpServer.java:updateConnectorAddress(329)) - HTTP server of hddsDatanode listening at http://0.0.0.0:42955
2022-01-20 14:18:08,426 [Listener at 127.0.0.1/36805] WARN  impl.MetricRegistriesImpl (MetricRegistriesImpl.java:addReporterRegistration(111)) - New reporters are added after registries were created. Some metrics will be missing from the reporter. Please add reporter before adding any new registry.
2022-01-20 14:18:08,427 [Listener at 127.0.0.1/36805] WARN  impl.MetricRegistriesImpl (MetricRegistriesImpl.java:addReporterRegistration(111)) - New reporters are added after registries were created. Some metrics will be missing from the reporter. Please add reporter before adding any new registry.
2022-01-20 14:18:08,427 [Listener at 127.0.0.1/36805] INFO  impl.MetricsSystemImpl (MetricsSystemImpl.java:init(158)) - HddsDatanode metrics system started (again)
2022-01-20 14:18:08,433 [Datanode State Machine Daemon Thread] INFO  statemachine.DatanodeStateMachine (DatanodeStateMachine.java:lambda$startDaemon$0(470)) - Ozone container server started.
2022-01-20 14:18:08,477 [org.apache.hadoop.util.JvmPauseMonitor$Monitor@20c1136] INFO  util.JvmPauseMonitor (JvmPauseMonitor.java:run(188)) - Starting JVM pause monitor
2022-01-20 14:18:08,494 [Listener at 127.0.0.1/36805] INFO  ozone.HddsDatanodeService (HddsDatanodeService.java:start(234)) - HddsDatanodeService host:fv-az294-522.eaanfquahm5ulb5tj050gcxych.jx.internal.cloudapp.net ip:10.1.0.33
2022-01-20 14:18:08,497 [Datanode State Machine Task Thread - 0] INFO  datanode.InitDatanodeState (InitDatanodeState.java:persistContainerDatanodeDetails(145)) - DatanodeDetails is persisted to /home/runner/work/ozone/ozone/hadoop-ozone/integration-test/target/test-dir/MiniOzoneClusterImpl-f1e7e660-ec45-4ef3-9198-8cc7416827f1/datanode-0/meta/datanode.id
2022-01-20 14:18:08,557 [Listener at 127.0.0.1/36805] INFO  upgrade.AbstractLayoutVersionManager (AbstractLayoutVersionManager.java:init(79)) - Initializing Layout version manager with metadata layout = SCM_HA (version = 2), software layout = SCM_HA (version = 2)
2022-01-20 14:18:08,654 [Listener at 127.0.0.1/36805] INFO  reflections.Reflections (Reflections.java:scan(232)) - Reflections took 79 ms to scan 7 urls, producing 119 keys and 279 values 
2022-01-20 14:18:08,656 [Listener at 127.0.0.1/36805] INFO  statemachine.DatanodeStateMachine (DatanodeStateMachine.java:getEndPointTaskThreadPoolSize(222)) - Datanode State Machine Task Thread Pool size 2
2022-01-20 14:18:08,676 [Listener at 127.0.0.1/36805] INFO  volume.HddsVolume (HddsVolume.java:<init>(120)) - Creating HddsVolume: /home/runner/work/ozone/ozone/hadoop-ozone/integration-test/target/test-dir/MiniOzoneClusterImpl-f1e7e660-ec45-4ef3-9198-8cc7416827f1/datanode-1/data-0/containers/hdds of storage type : DISK capacity : 9223372036854775807
2022-01-20 14:18:08,676 [Listener at 127.0.0.1/36805] INFO  volume.MutableVolumeSet (MutableVolumeSet.java:initializeVolumeSet(168)) - Added Volume : /home/runner/work/ozone/ozone/hadoop-ozone/integration-test/target/test-dir/MiniOzoneClusterImpl-f1e7e660-ec45-4ef3-9198-8cc7416827f1/datanode-1/data-0/containers/hdds to VolumeSet
2022-01-20 14:18:08,677 [Listener at 127.0.0.1/36805] INFO  volume.ThrottledAsyncChecker (ThrottledAsyncChecker.java:schedule(141)) - Scheduling a check for /home/runner/work/ozone/ozone/hadoop-ozone/integration-test/target/test-dir/MiniOzoneClusterImpl-f1e7e660-ec45-4ef3-9198-8cc7416827f1/datanode-1/data-0/containers/hdds
2022-01-20 14:18:08,683 [Listener at 127.0.0.1/36805] INFO  volume.StorageVolumeChecker (StorageVolumeChecker.java:checkAllVolumes(202)) - Scheduled health check for volume /home/runner/work/ozone/ozone/hadoop-ozone/integration-test/target/test-dir/MiniOzoneClusterImpl-f1e7e660-ec45-4ef3-9198-8cc7416827f1/datanode-1/data-0/containers/hdds
2022-01-20 14:18:08,688 [om1@group-C5BA1605619E-FollowerState] INFO  impl.FollowerState (FollowerState.java:run(134)) - om1@group-C5BA1605619E-FollowerState: change to CANDIDATE, lastRpcElapsedTime:1143294342ns, electionTimeout:1142ms
2022-01-20 14:18:08,688 [om1@group-C5BA1605619E-FollowerState] INFO  impl.RoleInfo (RoleInfo.java:shutdownFollowerState(108)) - om1: shutdown om1@group-C5BA1605619E-FollowerState
2022-01-20 14:18:08,688 [om1@group-C5BA1605619E-FollowerState] INFO  server.RaftServer$Division (RaftServerImpl.java:setRole(290)) - om1@group-C5BA1605619E: changes role from  FOLLOWER to CANDIDATE at term 0 for changeToCandidate
2022-01-20 14:18:08,688 [om1@group-C5BA1605619E-FollowerState] INFO  server.RaftServerConfigKeys (ConfUtils.java:logGet(44)) - raft.server.leaderelection.pre-vote = false (custom)
2022-01-20 14:18:08,688 [om1@group-C5BA1605619E-FollowerState] INFO  impl.RoleInfo (RoleInfo.java:updateAndGet(130)) - om1: start om1@group-C5BA1605619E-LeaderElection40
2022-01-20 14:18:08,739 [Listener at 127.0.0.1/36805] INFO  volume.MutableVolumeSet (MutableVolumeSet.java:initializeVolumeSet(168)) - Added Volume : /home/runner/work/ozone/ozone/hadoop-ozone/integration-test/target/test-dir/MiniOzoneClusterImpl-f1e7e660-ec45-4ef3-9198-8cc7416827f1/datanode-1/data/ratis to VolumeSet
2022-01-20 14:18:08,747 [om1@group-C5BA1605619E-LeaderElection40] INFO  impl.LeaderElection (LeaderElection.java:askForVotes(306)) - om1@group-C5BA1605619E-LeaderElection40 ELECTION round 0: submit vote requests at term 1 for -1: [om1|rpc:localhost:9872|priority:0], old=null
2022-01-20 14:18:08,757 [om1@group-C5BA1605619E-LeaderElection40] INFO  impl.LeaderElection (LeaderElection.java:askForVotes(308)) - om1@group-C5BA1605619E-LeaderElection40 ELECTION round 0: result PASSED (term=1)
2022-01-20 14:18:08,757 [om1@group-C5BA1605619E-LeaderElection40] INFO  impl.RoleInfo (RoleInfo.java:shutdownLeaderElection(121)) - om1: shutdown om1@group-C5BA1605619E-LeaderElection40
2022-01-20 14:18:08,757 [om1@group-C5BA1605619E-LeaderElection40] INFO  server.RaftServer$Division (RaftServerImpl.java:setRole(290)) - om1@group-C5BA1605619E: changes role from CANDIDATE to LEADER at term 1 for changeToLeader
2022-01-20 14:18:08,757 [om1@group-C5BA1605619E-LeaderElection40] INFO  server.RaftServer$Division (ServerState.java:setLeader(285)) - om1@group-C5BA1605619E: change Leader from null to om1 at term 1 for becomeLeader, leader elected after 1354ms
2022-01-20 14:18:08,757 [om1@group-C5BA1605619E-LeaderElection40] INFO  server.RaftServerConfigKeys (ConfUtils.java:logGet(44)) - raft.server.staging.catchup.gap = 1000 (default)
2022-01-20 14:18:08,757 [om1@group-C5BA1605619E-LeaderElection40] INFO  server.RaftServerConfigKeys (ConfUtils.java:logGet(44)) - raft.server.write.element-limit = 4096 (default)
2022-01-20 14:18:08,758 [om1@group-C5BA1605619E-LeaderElection40] INFO  server.RaftServerConfigKeys (ConfUtils.java:logGet(44)) - raft.server.write.byte-limit = 64MB (=67108864) (default)
2022-01-20 14:18:08,758 [om1@group-C5BA1605619E-LeaderElection40] INFO  server.RaftServerConfigKeys (ConfUtils.java:logGet(44)) - raft.server.watch.timeout = 10s (default)
2022-01-20 14:18:08,758 [om1@group-C5BA1605619E-LeaderElection40] INFO  server.RaftServerConfigKeys (ConfUtils.java:logGet(44)) - raft.server.watch.timeout.denomination = 1s (default)
2022-01-20 14:18:08,758 [om1@group-C5BA1605619E-LeaderElection40] INFO  server.RaftServerConfigKeys (ConfUtils.java:logGet(44)) - raft.server.watch.element-limit = 65536 (default)
2022-01-20 14:18:08,758 [om1@group-C5BA1605619E-LeaderElection40] INFO  server.RaftServerConfigKeys (ConfUtils.java:logGet(44)) - raft.server.write.element-limit = 4096 (default)
2022-01-20 14:18:08,758 [om1@group-C5BA1605619E-LeaderElection40] INFO  server.RaftServerConfigKeys (ConfUtils.java:logGet(44)) - raft.server.write.follower.gap.ratio.max = -1.0 (default)
2022-01-20 14:18:08,758 [om1@group-C5BA1605619E-LeaderElection40] INFO  impl.RoleInfo (RoleInfo.java:updateAndGet(130)) - om1: start om1@group-C5BA1605619E-LeaderStateImpl
2022-01-20 14:18:08,758 [om1@group-C5BA1605619E-LeaderElection40] INFO  segmented.SegmentedRaftLogWorker (SegmentedRaftLogWorker.java:startLogSegment(394)) - om1@group-C5BA1605619E-SegmentedRaftLogWorker: Starting segment from index:0
2022-01-20 14:18:08,760 [Listener at 127.0.0.1/36805] INFO  volume.ThrottledAsyncChecker (ThrottledAsyncChecker.java:schedule(141)) - Scheduling a check for /home/runner/work/ozone/ozone/hadoop-ozone/integration-test/target/test-dir/MiniOzoneClusterImpl-f1e7e660-ec45-4ef3-9198-8cc7416827f1/datanode-1/data/ratis
2022-01-20 14:18:08,769 [Listener at 127.0.0.1/36805] INFO  volume.StorageVolumeChecker (StorageVolumeChecker.java:checkAllVolumes(202)) - Scheduled health check for volume /home/runner/work/ozone/ozone/hadoop-ozone/integration-test/target/test-dir/MiniOzoneClusterImpl-f1e7e660-ec45-4ef3-9198-8cc7416827f1/datanode-1/data/ratis
2022-01-20 14:18:08,775 [om1@group-C5BA1605619E-SegmentedRaftLogWorker] INFO  segmented.SegmentedRaftLogWorker (SegmentedRaftLogWorker.java:execute(601)) - om1@group-C5BA1605619E-SegmentedRaftLogWorker: created new log segment /home/runner/work/ozone/ozone/hadoop-ozone/integration-test/target/test-dir/MiniOzoneClusterImpl-f1e7e660-ec45-4ef3-9198-8cc7416827f1/ozone-meta/ratis/bf265839-605b-3f16-9796-c5ba1605619e/current/log_inprogress_0
2022-01-20 14:18:08,780 [om1@group-C5BA1605619E-LeaderElection40] INFO  server.RaftServer$Division (ServerState.java:setRaftConf(387)) - om1@group-C5BA1605619E: set configuration 0: [om1|rpc:localhost:9872|admin:|client:|dataStream:|priority:0], old=null
2022-01-20 14:18:08,805 [om1@group-C5BA1605619E-StateMachineUpdater] INFO  ratis.OzoneManagerStateMachine (OzoneManagerStateMachine.java:notifyConfigurationChanged(188)) - Received Configuration change notification from Ratis. New Peer list:
[id: "om1"
address: "localhost:9872"
]
2022-01-20 14:18:08,807 [Thread-790] INFO  ozoneimpl.ContainerReader (ContainerReader.java:readVolume(172)) - Finish verifying containers on volume /home/runner/work/ozone/ozone/hadoop-ozone/integration-test/target/test-dir/MiniOzoneClusterImpl-f1e7e660-ec45-4ef3-9198-8cc7416827f1/datanode-1/data-0/containers/hdds
2022-01-20 14:18:08,808 [Listener at 127.0.0.1/36805] INFO  ozoneimpl.OzoneContainer (OzoneContainer.java:buildContainerSet(237)) - Build ContainerSet costs 0s
2022-01-20 14:18:08,816 [Listener at 127.0.0.1/36805] INFO  server.RaftServer (ConfUtils.java:logGet(44)) - raft.rpc.type = GRPC (default)
2022-01-20 14:18:08,817 [Listener at 127.0.0.1/36805] INFO  grpc.GrpcFactory (GrpcFactory.java:checkPooledByteBufAllocatorUseCacheForAllThreads(48)) - PERFORMANCE WARNING: useCacheForAllThreads is true that may cause Netty to create a lot garbage objects and, as a result, trigger GC.
	It is recommended to disable useCacheForAllThreads by setting -Dorg.apache.ratis.thirdparty.io.netty.allocator.useCacheForAllThreads=false in command line.
2022-01-20 14:18:08,817 [Listener at 127.0.0.1/36805] INFO  grpc.GrpcConfigKeys (ConfUtils.java:logGet(44)) - raft.grpc.admin.port = 0 (custom)
2022-01-20 14:18:08,820 [Listener at 127.0.0.1/36805] INFO  grpc.GrpcConfigKeys (ConfUtils.java:logGet(44)) - raft.grpc.client.port = 0 (custom)
2022-01-20 14:18:08,824 [Listener at 127.0.0.1/36805] INFO  grpc.GrpcConfigKeys (ConfUtils.java:logGet(44)) - raft.grpc.server.port = 0 (default)
2022-01-20 14:18:08,825 [Listener at 127.0.0.1/36805] INFO  server.GrpcService (ConfUtils.java:logGet(44)) - raft.grpc.message.size.max = 32MB (=33554432) (custom)
2022-01-20 14:18:08,825 [Listener at 127.0.0.1/36805] INFO  server.RaftServerConfigKeys (ConfUtils.java:logGet(44)) - raft.server.log.appender.buffer.byte-limit = 33554432 (custom)
2022-01-20 14:18:08,827 [Listener at 127.0.0.1/36805] INFO  server.GrpcService (ConfUtils.java:logGet(44)) - raft.grpc.flow.control.window = 5MB (=5242880) (custom)
2022-01-20 14:18:08,828 [Listener at 127.0.0.1/36805] INFO  server.RaftServerConfigKeys (ConfUtils.java:logGet(44)) - raft.server.rpc.request.timeout = 3000ms (default)
2022-01-20 14:18:08,837 [Listener at 127.0.0.1/36805] INFO  impl.DataStreamServerImpl (ConfUtils.java:logGet(44)) - raft.datastream.type = DISABLED (default)
2022-01-20 14:18:08,837 [Listener at 127.0.0.1/36805] INFO  server.RaftServerConfigKeys (ConfUtils.java:logGet(44)) - raft.server.rpc.slowness.timeout = 300000ms (custom)
2022-01-20 14:18:08,838 [Listener at 127.0.0.1/36805] INFO  server.RaftServerConfigKeys (ConfUtils.java:logGet(44)) - raft.server.leaderelection.leader.step-down.wait-time = 10s (default)
2022-01-20 14:18:08,838 [Listener at 127.0.0.1/36805] INFO  server.RaftServerConfigKeys (ConfUtils.java:logGet(44)) - raft.server.storage.dir = [/home/runner/work/ozone/ozone/hadoop-ozone/integration-test/target/test-dir/MiniOzoneClusterImpl-f1e7e660-ec45-4ef3-9198-8cc7416827f1/datanode-1/data/ratis] (custom)
2022-01-20 14:18:08,839 [Listener at 127.0.0.1/36805] INFO  server.XceiverServerGrpc (XceiverServerGrpc.java:<init>(132)) - GrpcServer channel type EpollServerSocketChannel
2022-01-20 14:18:08,848 [Listener at 127.0.0.1/36805] INFO  http.BaseHttpServer (BaseHttpServer.java:newHttpServer2BuilderForOzone(209)) - Starting Web-server for hddsDatanode at: http://0.0.0.0:0
2022-01-20 14:18:08,848 [Listener at 127.0.0.1/36805] INFO  http.BaseHttpServer (BaseHttpServer.java:<init>(107)) - Hadoop Security Enabled: false Ozone Security Enabled: false Ozone HTTP Security Enabled: false 
2022-01-20 14:18:08,850 [Listener at 127.0.0.1/36805] INFO  server.AuthenticationFilter (AuthenticationFilter.java:constructSecretProvider(240)) - Unable to initialize FileSignerSecretProvider, falling back to use random secrets.
2022-01-20 14:18:08,850 [Listener at 127.0.0.1/36805] WARN  http.HttpRequestLog (HttpRequestLog.java:getRequestLog(103)) - Jetty request log can only be enabled using Log4j
2022-01-20 14:18:08,851 [Listener at 127.0.0.1/36805] INFO  http.HttpServer2 (HttpServer2.java:addGlobalFilter(1030)) - Added global filter 'safety' (class=org.apache.hadoop.hdds.server.http.HttpServer2$QuotingInputFilter)
2022-01-20 14:18:08,852 [Listener at 127.0.0.1/36805] INFO  http.HttpServer2 (HttpServer2.java:addFilter(1006)) - Added filter static_user_filter (class=org.apache.hadoop.http.lib.StaticUserWebFilter$StaticUserFilter) to context hddsDatanode
2022-01-20 14:18:08,852 [Listener at 127.0.0.1/36805] INFO  http.HttpServer2 (HttpServer2.java:addFilter(1014)) - Added filter static_user_filter (class=org.apache.hadoop.http.lib.StaticUserWebFilter$StaticUserFilter) to context logs
2022-01-20 14:18:08,852 [Listener at 127.0.0.1/36805] INFO  http.HttpServer2 (HttpServer2.java:addFilter(1014)) - Added filter static_user_filter (class=org.apache.hadoop.http.lib.StaticUserWebFilter$StaticUserFilter) to context static
2022-01-20 14:18:08,852 [Listener at 127.0.0.1/36805] INFO  http.HttpServer2 (HttpServer2.java:bindListener(1249)) - Jetty bound to port 44973
2022-01-20 14:18:08,853 [Listener at 127.0.0.1/36805] INFO  server.Server (Server.java:doStart(375)) - jetty-9.4.43.v20210629; built: 2021-06-30T11:07:22.254Z; git: 526006ecfa3af7f1a27ef3a288e2bef7ea9dd7e8; jvm 1.8.0_312-b07
2022-01-20 14:18:08,854 [Listener at 127.0.0.1/36805] INFO  server.session (DefaultSessionIdManager.java:doStart(334)) - DefaultSessionIdManager workerName=node0
2022-01-20 14:18:08,854 [Listener at 127.0.0.1/36805] INFO  server.session (DefaultSessionIdManager.java:doStart(339)) - No SessionScavenger set, using defaults
2022-01-20 14:18:08,854 [Listener at 127.0.0.1/36805] INFO  server.session (HouseKeeper.java:startScavenging(132)) - node0 Scavenging every 660000ms
2022-01-20 14:18:08,855 [Listener at 127.0.0.1/36805] INFO  handler.ContextHandler (ContextHandler.java:doStart(915)) - Started o.e.j.s.ServletContextHandler@4637b8f6{logs,/logs,file:///home/runner/work/ozone/ozone/hadoop-ozone/integration-test/target/log,AVAILABLE}
2022-01-20 14:18:08,855 [Listener at 127.0.0.1/36805] INFO  handler.ContextHandler (ContextHandler.java:doStart(915)) - Started o.e.j.s.ServletContextHandler@3734e41b{static,/static,jar:file:/home/runner/.m2/repository/org/apache/ozone/hdds-container-service/1.3.0-SNAPSHOT/hdds-container-service-1.3.0-SNAPSHOT.jar!/webapps/static,AVAILABLE}
2022-01-20 14:18:08,991 [Listener at 127.0.0.1/36805] INFO  handler.ContextHandler (ContextHandler.java:doStart(915)) - Started o.e.j.w.WebAppContext@7a932c03{hddsDatanode,/,file:///tmp/jetty-0_0_0_0-44973-hdds-container-service-1_3_0-SNAPSHOT_jar-_-any-564395905979325799/webapp/,AVAILABLE}{jar:file:/home/runner/.m2/repository/org/apache/ozone/hdds-container-service/1.3.0-SNAPSHOT/hdds-container-service-1.3.0-SNAPSHOT.jar!/webapps/hddsDatanode}
2022-01-20 14:18:08,993 [Listener at 127.0.0.1/36805] INFO  server.AbstractConnector (AbstractConnector.java:doStart(331)) - Started ServerConnector@7e75dd3a{HTTP/1.1, (http/1.1)}{0.0.0.0:44973}
2022-01-20 14:18:08,994 [Listener at 127.0.0.1/36805] INFO  server.Server (Server.java:doStart(415)) - Started @121453ms
2022-01-20 14:18:08,994 [Listener at 127.0.0.1/36805] WARN  impl.MetricsSystemImpl (MetricsSystemImpl.java:register(279)) - Sink prometheus already exists!
2022-01-20 14:18:08,995 [Listener at 127.0.0.1/36805] INFO  http.BaseHttpServer (BaseHttpServer.java:updateConnectorAddress(329)) - HTTP server of hddsDatanode listening at http://0.0.0.0:44973
2022-01-20 14:18:08,995 [Listener at 127.0.0.1/36805] WARN  impl.MetricRegistriesImpl (MetricRegistriesImpl.java:addReporterRegistration(111)) - New reporters are added after registries were created. Some metrics will be missing from the reporter. Please add reporter before adding any new registry.
2022-01-20 14:18:08,995 [Listener at 127.0.0.1/36805] WARN  impl.MetricRegistriesImpl (MetricRegistriesImpl.java:addReporterRegistration(111)) - New reporters are added after registries were created. Some metrics will be missing from the reporter. Please add reporter before adding any new registry.
2022-01-20 14:18:08,995 [Listener at 127.0.0.1/36805] INFO  impl.MetricsSystemImpl (MetricsSystemImpl.java:init(158)) - HddsDatanode metrics system started (again)
2022-01-20 14:18:09,016 [Datanode State Machine Daemon Thread] INFO  statemachine.DatanodeStateMachine (DatanodeStateMachine.java:lambda$startDaemon$0(470)) - Ozone container server started.
2022-01-20 14:18:09,136 [org.apache.hadoop.util.JvmPauseMonitor$Monitor@6777af7d] INFO  util.JvmPauseMonitor (JvmPauseMonitor.java:run(188)) - Starting JVM pause monitor
2022-01-20 14:18:09,148 [Listener at 127.0.0.1/36805] INFO  ozone.HddsDatanodeService (HddsDatanodeService.java:start(234)) - HddsDatanodeService host:fv-az294-522.eaanfquahm5ulb5tj050gcxych.jx.internal.cloudapp.net ip:10.1.0.33
2022-01-20 14:18:09,184 [Datanode State Machine Task Thread - 0] INFO  datanode.InitDatanodeState (InitDatanodeState.java:persistContainerDatanodeDetails(145)) - DatanodeDetails is persisted to /home/runner/work/ozone/ozone/hadoop-ozone/integration-test/target/test-dir/MiniOzoneClusterImpl-f1e7e660-ec45-4ef3-9198-8cc7416827f1/datanode-1/meta/datanode.id
2022-01-20 14:18:09,237 [Listener at 127.0.0.1/36805] INFO  upgrade.AbstractLayoutVersionManager (AbstractLayoutVersionManager.java:init(79)) - Initializing Layout version manager with metadata layout = SCM_HA (version = 2), software layout = SCM_HA (version = 2)
2022-01-20 14:18:09,394 [Listener at 127.0.0.1/36805] INFO  reflections.Reflections (Reflections.java:scan(232)) - Reflections took 153 ms to scan 7 urls, producing 119 keys and 279 values 
2022-01-20 14:18:09,413 [Listener at 127.0.0.1/36805] INFO  statemachine.DatanodeStateMachine (DatanodeStateMachine.java:getEndPointTaskThreadPoolSize(222)) - Datanode State Machine Task Thread Pool size 2
2022-01-20 14:18:09,418 [Listener at 127.0.0.1/36805] INFO  volume.HddsVolume (HddsVolume.java:<init>(120)) - Creating HddsVolume: /home/runner/work/ozone/ozone/hadoop-ozone/integration-test/target/test-dir/MiniOzoneClusterImpl-f1e7e660-ec45-4ef3-9198-8cc7416827f1/datanode-2/data-0/containers/hdds of storage type : DISK capacity : 9223372036854775807
2022-01-20 14:18:09,420 [Listener at 127.0.0.1/36805] INFO  volume.MutableVolumeSet (MutableVolumeSet.java:initializeVolumeSet(168)) - Added Volume : /home/runner/work/ozone/ozone/hadoop-ozone/integration-test/target/test-dir/MiniOzoneClusterImpl-f1e7e660-ec45-4ef3-9198-8cc7416827f1/datanode-2/data-0/containers/hdds to VolumeSet
2022-01-20 14:18:09,420 [Listener at 127.0.0.1/36805] INFO  volume.ThrottledAsyncChecker (ThrottledAsyncChecker.java:schedule(141)) - Scheduling a check for /home/runner/work/ozone/ozone/hadoop-ozone/integration-test/target/test-dir/MiniOzoneClusterImpl-f1e7e660-ec45-4ef3-9198-8cc7416827f1/datanode-2/data-0/containers/hdds
2022-01-20 14:18:09,421 [Listener at 127.0.0.1/36805] INFO  volume.StorageVolumeChecker (StorageVolumeChecker.java:checkAllVolumes(202)) - Scheduled health check for volume /home/runner/work/ozone/ozone/hadoop-ozone/integration-test/target/test-dir/MiniOzoneClusterImpl-f1e7e660-ec45-4ef3-9198-8cc7416827f1/datanode-2/data-0/containers/hdds
2022-01-20 14:18:09,470 [Listener at 127.0.0.1/36805] INFO  volume.MutableVolumeSet (MutableVolumeSet.java:initializeVolumeSet(168)) - Added Volume : /home/runner/work/ozone/ozone/hadoop-ozone/integration-test/target/test-dir/MiniOzoneClusterImpl-f1e7e660-ec45-4ef3-9198-8cc7416827f1/datanode-2/data/ratis to VolumeSet
2022-01-20 14:18:09,489 [Listener at 127.0.0.1/36805] INFO  volume.ThrottledAsyncChecker (ThrottledAsyncChecker.java:schedule(141)) - Scheduling a check for /home/runner/work/ozone/ozone/hadoop-ozone/integration-test/target/test-dir/MiniOzoneClusterImpl-f1e7e660-ec45-4ef3-9198-8cc7416827f1/datanode-2/data/ratis
2022-01-20 14:18:09,490 [Listener at 127.0.0.1/36805] INFO  volume.StorageVolumeChecker (StorageVolumeChecker.java:checkAllVolumes(202)) - Scheduled health check for volume /home/runner/work/ozone/ozone/hadoop-ozone/integration-test/target/test-dir/MiniOzoneClusterImpl-f1e7e660-ec45-4ef3-9198-8cc7416827f1/datanode-2/data/ratis
2022-01-20 14:18:09,561 [Thread-802] INFO  ozoneimpl.ContainerReader (ContainerReader.java:readVolume(172)) - Finish verifying containers on volume /home/runner/work/ozone/ozone/hadoop-ozone/integration-test/target/test-dir/MiniOzoneClusterImpl-f1e7e660-ec45-4ef3-9198-8cc7416827f1/datanode-2/data-0/containers/hdds
2022-01-20 14:18:09,561 [Listener at 127.0.0.1/36805] INFO  ozoneimpl.OzoneContainer (OzoneContainer.java:buildContainerSet(237)) - Build ContainerSet costs 0s
2022-01-20 14:18:09,563 [Listener at 127.0.0.1/36805] INFO  server.RaftServer (ConfUtils.java:logGet(44)) - raft.rpc.type = GRPC (default)
2022-01-20 14:18:09,564 [Listener at 127.0.0.1/36805] INFO  grpc.GrpcFactory (GrpcFactory.java:checkPooledByteBufAllocatorUseCacheForAllThreads(48)) - PERFORMANCE WARNING: useCacheForAllThreads is true that may cause Netty to create a lot garbage objects and, as a result, trigger GC.
	It is recommended to disable useCacheForAllThreads by setting -Dorg.apache.ratis.thirdparty.io.netty.allocator.useCacheForAllThreads=false in command line.
2022-01-20 14:18:09,564 [Listener at 127.0.0.1/36805] INFO  grpc.GrpcConfigKeys (ConfUtils.java:logGet(44)) - raft.grpc.admin.port = 0 (custom)
2022-01-20 14:18:09,564 [Listener at 127.0.0.1/36805] INFO  grpc.GrpcConfigKeys (ConfUtils.java:logGet(44)) - raft.grpc.client.port = 0 (custom)
2022-01-20 14:18:09,564 [Listener at 127.0.0.1/36805] INFO  grpc.GrpcConfigKeys (ConfUtils.java:logGet(44)) - raft.grpc.server.port = 0 (default)
2022-01-20 14:18:09,564 [Listener at 127.0.0.1/36805] INFO  server.GrpcService (ConfUtils.java:logGet(44)) - raft.grpc.message.size.max = 32MB (=33554432) (custom)
2022-01-20 14:18:09,578 [Listener at 127.0.0.1/36805] INFO  server.RaftServerConfigKeys (ConfUtils.java:logGet(44)) - raft.server.log.appender.buffer.byte-limit = 33554432 (custom)
2022-01-20 14:18:09,578 [Listener at 127.0.0.1/36805] INFO  server.GrpcService (ConfUtils.java:logGet(44)) - raft.grpc.flow.control.window = 5MB (=5242880) (custom)
2022-01-20 14:18:09,578 [Listener at 127.0.0.1/36805] INFO  server.RaftServerConfigKeys (ConfUtils.java:logGet(44)) - raft.server.rpc.request.timeout = 3000ms (default)
2022-01-20 14:18:09,579 [Listener at 127.0.0.1/36805] INFO  impl.DataStreamServerImpl (ConfUtils.java:logGet(44)) - raft.datastream.type = DISABLED (default)
2022-01-20 14:18:09,580 [Listener at 127.0.0.1/36805] INFO  server.RaftServerConfigKeys (ConfUtils.java:logGet(44)) - raft.server.rpc.slowness.timeout = 300000ms (custom)
2022-01-20 14:18:09,580 [Listener at 127.0.0.1/36805] INFO  server.RaftServerConfigKeys (ConfUtils.java:logGet(44)) - raft.server.leaderelection.leader.step-down.wait-time = 10s (default)
2022-01-20 14:18:09,580 [Listener at 127.0.0.1/36805] INFO  server.RaftServerConfigKeys (ConfUtils.java:logGet(44)) - raft.server.storage.dir = [/home/runner/work/ozone/ozone/hadoop-ozone/integration-test/target/test-dir/MiniOzoneClusterImpl-f1e7e660-ec45-4ef3-9198-8cc7416827f1/datanode-2/data/ratis] (custom)
2022-01-20 14:18:09,581 [Listener at 127.0.0.1/36805] INFO  server.XceiverServerGrpc (XceiverServerGrpc.java:<init>(132)) - GrpcServer channel type EpollServerSocketChannel
2022-01-20 14:18:09,594 [Listener at 127.0.0.1/36805] INFO  http.BaseHttpServer (BaseHttpServer.java:newHttpServer2BuilderForOzone(209)) - Starting Web-server for hddsDatanode at: http://0.0.0.0:0
2022-01-20 14:18:09,594 [Listener at 127.0.0.1/36805] INFO  http.BaseHttpServer (BaseHttpServer.java:<init>(107)) - Hadoop Security Enabled: false Ozone Security Enabled: false Ozone HTTP Security Enabled: false 
2022-01-20 14:18:09,595 [Listener at 127.0.0.1/36805] INFO  server.AuthenticationFilter (AuthenticationFilter.java:constructSecretProvider(240)) - Unable to initialize FileSignerSecretProvider, falling back to use random secrets.
2022-01-20 14:18:09,601 [Listener at 127.0.0.1/36805] WARN  http.HttpRequestLog (HttpRequestLog.java:getRequestLog(103)) - Jetty request log can only be enabled using Log4j
2022-01-20 14:18:09,602 [Listener at 127.0.0.1/36805] INFO  http.HttpServer2 (HttpServer2.java:addGlobalFilter(1030)) - Added global filter 'safety' (class=org.apache.hadoop.hdds.server.http.HttpServer2$QuotingInputFilter)
2022-01-20 14:18:09,609 [Listener at 127.0.0.1/36805] INFO  http.HttpServer2 (HttpServer2.java:addFilter(1006)) - Added filter static_user_filter (class=org.apache.hadoop.http.lib.StaticUserWebFilter$StaticUserFilter) to context hddsDatanode
2022-01-20 14:18:09,610 [Listener at 127.0.0.1/36805] INFO  http.HttpServer2 (HttpServer2.java:addFilter(1014)) - Added filter static_user_filter (class=org.apache.hadoop.http.lib.StaticUserWebFilter$StaticUserFilter) to context logs
2022-01-20 14:18:09,610 [Listener at 127.0.0.1/36805] INFO  http.HttpServer2 (HttpServer2.java:addFilter(1014)) - Added filter static_user_filter (class=org.apache.hadoop.http.lib.StaticUserWebFilter$StaticUserFilter) to context static
2022-01-20 14:18:09,611 [Listener at 127.0.0.1/36805] INFO  http.HttpServer2 (HttpServer2.java:bindListener(1249)) - Jetty bound to port 33619
2022-01-20 14:18:09,611 [Listener at 127.0.0.1/36805] INFO  server.Server (Server.java:doStart(375)) - jetty-9.4.43.v20210629; built: 2021-06-30T11:07:22.254Z; git: 526006ecfa3af7f1a27ef3a288e2bef7ea9dd7e8; jvm 1.8.0_312-b07
2022-01-20 14:18:09,713 [Listener at 127.0.0.1/36805] INFO  server.session (DefaultSessionIdManager.java:doStart(334)) - DefaultSessionIdManager workerName=node0
2022-01-20 14:18:09,713 [Listener at 127.0.0.1/36805] INFO  server.session (DefaultSessionIdManager.java:doStart(339)) - No SessionScavenger set, using defaults
2022-01-20 14:18:09,713 [Listener at 127.0.0.1/36805] INFO  server.session (HouseKeeper.java:startScavenging(132)) - node0 Scavenging every 600000ms
2022-01-20 14:18:09,729 [Listener at 127.0.0.1/36805] INFO  handler.ContextHandler (ContextHandler.java:doStart(915)) - Started o.e.j.s.ServletContextHandler@50038523{logs,/logs,file:///home/runner/work/ozone/ozone/hadoop-ozone/integration-test/target/log,AVAILABLE}
2022-01-20 14:18:09,730 [Listener at 127.0.0.1/36805] INFO  handler.ContextHandler (ContextHandler.java:doStart(915)) - Started o.e.j.s.ServletContextHandler@7bc847dd{static,/static,jar:file:/home/runner/.m2/repository/org/apache/ozone/hdds-container-service/1.3.0-SNAPSHOT/hdds-container-service-1.3.0-SNAPSHOT.jar!/webapps/static,AVAILABLE}
2022-01-20 14:18:09,995 [Listener at 127.0.0.1/36805] INFO  handler.ContextHandler (ContextHandler.java:doStart(915)) - Started o.e.j.w.WebAppContext@2f6b3859{hddsDatanode,/,file:///tmp/jetty-0_0_0_0-33619-hdds-container-service-1_3_0-SNAPSHOT_jar-_-any-370884527977658568/webapp/,AVAILABLE}{jar:file:/home/runner/.m2/repository/org/apache/ozone/hdds-container-service/1.3.0-SNAPSHOT/hdds-container-service-1.3.0-SNAPSHOT.jar!/webapps/hddsDatanode}
2022-01-20 14:18:10,005 [Listener at 127.0.0.1/36805] INFO  server.AbstractConnector (AbstractConnector.java:doStart(331)) - Started ServerConnector@ea8842c{HTTP/1.1, (http/1.1)}{0.0.0.0:33619}
2022-01-20 14:18:10,005 [Listener at 127.0.0.1/36805] INFO  server.Server (Server.java:doStart(415)) - Started @122465ms
2022-01-20 14:18:10,006 [Listener at 127.0.0.1/36805] WARN  impl.MetricsSystemImpl (MetricsSystemImpl.java:register(279)) - Sink prometheus already exists!
2022-01-20 14:18:10,007 [Listener at 127.0.0.1/36805] INFO  http.BaseHttpServer (BaseHttpServer.java:updateConnectorAddress(329)) - HTTP server of hddsDatanode listening at http://0.0.0.0:33619
2022-01-20 14:18:10,011 [Datanode State Machine Daemon Thread] INFO  statemachine.DatanodeStateMachine (DatanodeStateMachine.java:lambda$startDaemon$0(470)) - Ozone container server started.
2022-01-20 14:18:10,045 [Listener at 127.0.0.1/36805] WARN  impl.MetricRegistriesImpl (MetricRegistriesImpl.java:addReporterRegistration(111)) - New reporters are added after registries were created. Some metrics will be missing from the reporter. Please add reporter before adding any new registry.
2022-01-20 14:18:10,045 [Listener at 127.0.0.1/36805] WARN  impl.MetricRegistriesImpl (MetricRegistriesImpl.java:addReporterRegistration(111)) - New reporters are added after registries were created. Some metrics will be missing from the reporter. Please add reporter before adding any new registry.
2022-01-20 14:18:10,045 [Listener at 127.0.0.1/36805] INFO  impl.MetricsSystemImpl (MetricsSystemImpl.java:init(158)) - HddsDatanode metrics system started (again)
2022-01-20 14:18:10,114 [Listener at 127.0.0.1/36805] INFO  ozone.HddsDatanodeService (HddsDatanodeService.java:start(234)) - HddsDatanodeService host:fv-az294-522.eaanfquahm5ulb5tj050gcxych.jx.internal.cloudapp.net ip:10.1.0.33
2022-01-20 14:18:10,136 [org.apache.hadoop.util.JvmPauseMonitor$Monitor@29c275f7] INFO  util.JvmPauseMonitor (JvmPauseMonitor.java:run(188)) - Starting JVM pause monitor
2022-01-20 14:18:10,174 [Datanode State Machine Task Thread - 0] INFO  datanode.InitDatanodeState (InitDatanodeState.java:persistContainerDatanodeDetails(145)) - DatanodeDetails is persisted to /home/runner/work/ozone/ozone/hadoop-ozone/integration-test/target/test-dir/MiniOzoneClusterImpl-f1e7e660-ec45-4ef3-9198-8cc7416827f1/datanode-2/meta/datanode.id
2022-01-20 14:18:10,195 [Listener at 127.0.0.1/36805] INFO  upgrade.AbstractLayoutVersionManager (AbstractLayoutVersionManager.java:init(79)) - Initializing Layout version manager with metadata layout = SCM_HA (version = 2), software layout = SCM_HA (version = 2)
2022-01-20 14:18:10,309 [Listener at 127.0.0.1/36805] INFO  reflections.Reflections (Reflections.java:scan(232)) - Reflections took 107 ms to scan 7 urls, producing 119 keys and 279 values 
2022-01-20 14:18:10,326 [Listener at 127.0.0.1/36805] INFO  statemachine.DatanodeStateMachine (DatanodeStateMachine.java:getEndPointTaskThreadPoolSize(222)) - Datanode State Machine Task Thread Pool size 2
2022-01-20 14:18:10,327 [Listener at 127.0.0.1/36805] INFO  volume.HddsVolume (HddsVolume.java:<init>(120)) - Creating HddsVolume: /home/runner/work/ozone/ozone/hadoop-ozone/integration-test/target/test-dir/MiniOzoneClusterImpl-f1e7e660-ec45-4ef3-9198-8cc7416827f1/datanode-3/data-0/containers/hdds of storage type : DISK capacity : 9223372036854775807
2022-01-20 14:18:10,328 [Listener at 127.0.0.1/36805] INFO  volume.MutableVolumeSet (MutableVolumeSet.java:initializeVolumeSet(168)) - Added Volume : /home/runner/work/ozone/ozone/hadoop-ozone/integration-test/target/test-dir/MiniOzoneClusterImpl-f1e7e660-ec45-4ef3-9198-8cc7416827f1/datanode-3/data-0/containers/hdds to VolumeSet
2022-01-20 14:18:10,328 [Listener at 127.0.0.1/36805] INFO  volume.ThrottledAsyncChecker (ThrottledAsyncChecker.java:schedule(141)) - Scheduling a check for /home/runner/work/ozone/ozone/hadoop-ozone/integration-test/target/test-dir/MiniOzoneClusterImpl-f1e7e660-ec45-4ef3-9198-8cc7416827f1/datanode-3/data-0/containers/hdds
2022-01-20 14:18:10,329 [Listener at 127.0.0.1/36805] INFO  volume.StorageVolumeChecker (StorageVolumeChecker.java:checkAllVolumes(202)) - Scheduled health check for volume /home/runner/work/ozone/ozone/hadoop-ozone/integration-test/target/test-dir/MiniOzoneClusterImpl-f1e7e660-ec45-4ef3-9198-8cc7416827f1/datanode-3/data-0/containers/hdds
2022-01-20 14:18:10,363 [Listener at 127.0.0.1/36805] INFO  volume.MutableVolumeSet (MutableVolumeSet.java:initializeVolumeSet(168)) - Added Volume : /home/runner/work/ozone/ozone/hadoop-ozone/integration-test/target/test-dir/MiniOzoneClusterImpl-f1e7e660-ec45-4ef3-9198-8cc7416827f1/datanode-3/data/ratis to VolumeSet
2022-01-20 14:18:10,363 [Listener at 127.0.0.1/36805] INFO  volume.ThrottledAsyncChecker (ThrottledAsyncChecker.java:schedule(141)) - Scheduling a check for /home/runner/work/ozone/ozone/hadoop-ozone/integration-test/target/test-dir/MiniOzoneClusterImpl-f1e7e660-ec45-4ef3-9198-8cc7416827f1/datanode-3/data/ratis
2022-01-20 14:18:10,364 [Listener at 127.0.0.1/36805] INFO  volume.StorageVolumeChecker (StorageVolumeChecker.java:checkAllVolumes(202)) - Scheduled health check for volume /home/runner/work/ozone/ozone/hadoop-ozone/integration-test/target/test-dir/MiniOzoneClusterImpl-f1e7e660-ec45-4ef3-9198-8cc7416827f1/datanode-3/data/ratis
2022-01-20 14:18:10,388 [Thread-814] INFO  ozoneimpl.ContainerReader (ContainerReader.java:readVolume(172)) - Finish verifying containers on volume /home/runner/work/ozone/ozone/hadoop-ozone/integration-test/target/test-dir/MiniOzoneClusterImpl-f1e7e660-ec45-4ef3-9198-8cc7416827f1/datanode-3/data-0/containers/hdds
2022-01-20 14:18:10,388 [Listener at 127.0.0.1/36805] INFO  ozoneimpl.OzoneContainer (OzoneContainer.java:buildContainerSet(237)) - Build ContainerSet costs 0s
2022-01-20 14:18:10,390 [Listener at 127.0.0.1/36805] INFO  server.RaftServer (ConfUtils.java:logGet(44)) - raft.rpc.type = GRPC (default)
2022-01-20 14:18:10,391 [Listener at 127.0.0.1/36805] INFO  grpc.GrpcFactory (GrpcFactory.java:checkPooledByteBufAllocatorUseCacheForAllThreads(48)) - PERFORMANCE WARNING: useCacheForAllThreads is true that may cause Netty to create a lot garbage objects and, as a result, trigger GC.
	It is recommended to disable useCacheForAllThreads by setting -Dorg.apache.ratis.thirdparty.io.netty.allocator.useCacheForAllThreads=false in command line.
2022-01-20 14:18:10,391 [Listener at 127.0.0.1/36805] INFO  grpc.GrpcConfigKeys (ConfUtils.java:logGet(44)) - raft.grpc.admin.port = 0 (custom)
2022-01-20 14:18:10,391 [Listener at 127.0.0.1/36805] INFO  grpc.GrpcConfigKeys (ConfUtils.java:logGet(44)) - raft.grpc.client.port = 0 (custom)
2022-01-20 14:18:10,391 [Listener at 127.0.0.1/36805] INFO  grpc.GrpcConfigKeys (ConfUtils.java:logGet(44)) - raft.grpc.server.port = 0 (default)
2022-01-20 14:18:10,391 [Listener at 127.0.0.1/36805] INFO  server.GrpcService (ConfUtils.java:logGet(44)) - raft.grpc.message.size.max = 32MB (=33554432) (custom)
2022-01-20 14:18:10,391 [Listener at 127.0.0.1/36805] INFO  server.RaftServerConfigKeys (ConfUtils.java:logGet(44)) - raft.server.log.appender.buffer.byte-limit = 33554432 (custom)
2022-01-20 14:18:10,391 [Listener at 127.0.0.1/36805] INFO  server.GrpcService (ConfUtils.java:logGet(44)) - raft.grpc.flow.control.window = 5MB (=5242880) (custom)
2022-01-20 14:18:10,392 [Listener at 127.0.0.1/36805] INFO  server.RaftServerConfigKeys (ConfUtils.java:logGet(44)) - raft.server.rpc.request.timeout = 3000ms (default)
2022-01-20 14:18:10,394 [Listener at 127.0.0.1/36805] INFO  impl.DataStreamServerImpl (ConfUtils.java:logGet(44)) - raft.datastream.type = DISABLED (default)
2022-01-20 14:18:10,394 [Listener at 127.0.0.1/36805] INFO  server.RaftServerConfigKeys (ConfUtils.java:logGet(44)) - raft.server.rpc.slowness.timeout = 300000ms (custom)
2022-01-20 14:18:10,395 [Listener at 127.0.0.1/36805] INFO  server.RaftServerConfigKeys (ConfUtils.java:logGet(44)) - raft.server.leaderelection.leader.step-down.wait-time = 10s (default)
2022-01-20 14:18:10,395 [Listener at 127.0.0.1/36805] INFO  server.RaftServerConfigKeys (ConfUtils.java:logGet(44)) - raft.server.storage.dir = [/home/runner/work/ozone/ozone/hadoop-ozone/integration-test/target/test-dir/MiniOzoneClusterImpl-f1e7e660-ec45-4ef3-9198-8cc7416827f1/datanode-3/data/ratis] (custom)
2022-01-20 14:18:10,397 [Listener at 127.0.0.1/36805] INFO  server.XceiverServerGrpc (XceiverServerGrpc.java:<init>(132)) - GrpcServer channel type EpollServerSocketChannel
2022-01-20 14:18:10,400 [Listener at 127.0.0.1/36805] INFO  http.BaseHttpServer (BaseHttpServer.java:newHttpServer2BuilderForOzone(209)) - Starting Web-server for hddsDatanode at: http://0.0.0.0:0
2022-01-20 14:18:10,400 [Listener at 127.0.0.1/36805] INFO  http.BaseHttpServer (BaseHttpServer.java:<init>(107)) - Hadoop Security Enabled: false Ozone Security Enabled: false Ozone HTTP Security Enabled: false 
2022-01-20 14:18:10,401 [Listener at 127.0.0.1/36805] INFO  server.AuthenticationFilter (AuthenticationFilter.java:constructSecretProvider(240)) - Unable to initialize FileSignerSecretProvider, falling back to use random secrets.
2022-01-20 14:18:10,403 [Listener at 127.0.0.1/36805] WARN  http.HttpRequestLog (HttpRequestLog.java:getRequestLog(103)) - Jetty request log can only be enabled using Log4j
2022-01-20 14:18:10,403 [Listener at 127.0.0.1/36805] INFO  http.HttpServer2 (HttpServer2.java:addGlobalFilter(1030)) - Added global filter 'safety' (class=org.apache.hadoop.hdds.server.http.HttpServer2$QuotingInputFilter)
2022-01-20 14:18:10,404 [Listener at 127.0.0.1/36805] INFO  http.HttpServer2 (HttpServer2.java:addFilter(1006)) - Added filter static_user_filter (class=org.apache.hadoop.http.lib.StaticUserWebFilter$StaticUserFilter) to context hddsDatanode
2022-01-20 14:18:10,404 [Listener at 127.0.0.1/36805] INFO  http.HttpServer2 (HttpServer2.java:addFilter(1014)) - Added filter static_user_filter (class=org.apache.hadoop.http.lib.StaticUserWebFilter$StaticUserFilter) to context logs
2022-01-20 14:18:10,404 [Listener at 127.0.0.1/36805] INFO  http.HttpServer2 (HttpServer2.java:addFilter(1014)) - Added filter static_user_filter (class=org.apache.hadoop.http.lib.StaticUserWebFilter$StaticUserFilter) to context static
2022-01-20 14:18:10,405 [Listener at 127.0.0.1/36805] INFO  http.HttpServer2 (HttpServer2.java:bindListener(1249)) - Jetty bound to port 37749
2022-01-20 14:18:10,405 [Listener at 127.0.0.1/36805] INFO  server.Server (Server.java:doStart(375)) - jetty-9.4.43.v20210629; built: 2021-06-30T11:07:22.254Z; git: 526006ecfa3af7f1a27ef3a288e2bef7ea9dd7e8; jvm 1.8.0_312-b07
2022-01-20 14:18:10,470 [Listener at 127.0.0.1/36805] INFO  server.session (DefaultSessionIdManager.java:doStart(334)) - DefaultSessionIdManager workerName=node0
2022-01-20 14:18:10,470 [Listener at 127.0.0.1/36805] INFO  server.session (DefaultSessionIdManager.java:doStart(339)) - No SessionScavenger set, using defaults
2022-01-20 14:18:10,471 [Listener at 127.0.0.1/36805] INFO  server.session (HouseKeeper.java:startScavenging(132)) - node0 Scavenging every 600000ms
2022-01-20 14:18:10,477 [Listener at 127.0.0.1/36805] INFO  handler.ContextHandler (ContextHandler.java:doStart(915)) - Started o.e.j.s.ServletContextHandler@71769652{logs,/logs,file:///home/runner/work/ozone/ozone/hadoop-ozone/integration-test/target/log,AVAILABLE}
2022-01-20 14:18:10,478 [Listener at 127.0.0.1/36805] INFO  handler.ContextHandler (ContextHandler.java:doStart(915)) - Started o.e.j.s.ServletContextHandler@4e20cce8{static,/static,jar:file:/home/runner/.m2/repository/org/apache/ozone/hdds-container-service/1.3.0-SNAPSHOT/hdds-container-service-1.3.0-SNAPSHOT.jar!/webapps/static,AVAILABLE}
2022-01-20 14:18:10,623 [EndpointStateMachine task thread for /0.0.0.0:43255 - 0 ] INFO  ozoneimpl.OzoneContainer (OzoneContainer.java:start(315)) - Attempting to start container services.
2022-01-20 14:18:10,624 [EndpointStateMachine task thread for /0.0.0.0:43255 - 0 ] INFO  ozoneimpl.OzoneContainer (OzoneContainer.java:startContainerScrub(250)) - Background container scanner has been disabled.
2022-01-20 14:18:10,629 [EndpointStateMachine task thread for /0.0.0.0:43255 - 0 ] INFO  replication.ReplicationServer (ReplicationServer.java:start(111)) - ReplicationServer is started using port 34195
2022-01-20 14:18:10,663 [EndpointStateMachine task thread for /0.0.0.0:43255 - 0 ] INFO  ratis.XceiverServerRatis (XceiverServerRatis.java:start(484)) - Starting XceiverServerRatis 3055d1e2-eb1d-45ac-85ad-2ef847921969
2022-01-20 14:18:10,678 [EndpointStateMachine task thread for /0.0.0.0:43255 - 0 ] INFO  server.RaftServer (RaftServerProxy.java:lambda$start$5(374)) - 3055d1e2-eb1d-45ac-85ad-2ef847921969: start RPC server
2022-01-20 14:18:10,682 [EndpointStateMachine task thread for /0.0.0.0:43255 - 0 ] INFO  server.GrpcService (GrpcService.java:startImpl(253)) - 3055d1e2-eb1d-45ac-85ad-2ef847921969: GrpcService started, listening on 39677
2022-01-20 14:18:10,693 [EndpointStateMachine task thread for /0.0.0.0:43255 - 0 ] INFO  ratis.XceiverServerRatis (XceiverServerRatis.java:getRealPort(505)) - XceiverServerRatis 3055d1e2-eb1d-45ac-85ad-2ef847921969 is started using port 39677 for RATIS
2022-01-20 14:18:10,693 [EndpointStateMachine task thread for /0.0.0.0:43255 - 0 ] INFO  ratis.XceiverServerRatis (XceiverServerRatis.java:getRealPort(505)) - XceiverServerRatis 3055d1e2-eb1d-45ac-85ad-2ef847921969 is started using port 39677 for RATIS_ADMIN
2022-01-20 14:18:10,693 [EndpointStateMachine task thread for /0.0.0.0:43255 - 0 ] INFO  ratis.XceiverServerRatis (XceiverServerRatis.java:getRealPort(505)) - XceiverServerRatis 3055d1e2-eb1d-45ac-85ad-2ef847921969 is started using port 39677 for RATIS_SERVER
2022-01-20 14:18:10,694 [org.apache.ratis.util.JvmPauseMonitor$$Lambda$431/385784873@753e4b81] INFO  util.JvmPauseMonitor (JvmPauseMonitor.java:run(103)) - JvmPauseMonitor-3055d1e2-eb1d-45ac-85ad-2ef847921969: Started
2022-01-20 14:18:10,705 [EndpointStateMachine task thread for /0.0.0.0:43255 - 0 ] INFO  server.XceiverServerGrpc (XceiverServerGrpc.java:start(180)) - XceiverServerGrpc 3055d1e2-eb1d-45ac-85ad-2ef847921969 is started using port 38555
2022-01-20 14:18:10,821 [Listener at 127.0.0.1/36805] INFO  handler.ContextHandler (ContextHandler.java:doStart(915)) - Started o.e.j.w.WebAppContext@27b93919{hddsDatanode,/,file:///tmp/jetty-0_0_0_0-37749-hdds-container-service-1_3_0-SNAPSHOT_jar-_-any-7384697737942591798/webapp/,AVAILABLE}{jar:file:/home/runner/.m2/repository/org/apache/ozone/hdds-container-service/1.3.0-SNAPSHOT/hdds-container-service-1.3.0-SNAPSHOT.jar!/webapps/hddsDatanode}
2022-01-20 14:18:10,826 [Listener at 127.0.0.1/36805] INFO  server.AbstractConnector (AbstractConnector.java:doStart(331)) - Started ServerConnector@17fdbefb{HTTP/1.1, (http/1.1)}{0.0.0.0:37749}
2022-01-20 14:18:10,826 [Listener at 127.0.0.1/36805] INFO  server.Server (Server.java:doStart(415)) - Started @123285ms
2022-01-20 14:18:10,826 [Listener at 127.0.0.1/36805] WARN  impl.MetricsSystemImpl (MetricsSystemImpl.java:register(279)) - Sink prometheus already exists!
2022-01-20 14:18:10,827 [Listener at 127.0.0.1/36805] INFO  http.BaseHttpServer (BaseHttpServer.java:updateConnectorAddress(329)) - HTTP server of hddsDatanode listening at http://0.0.0.0:37749
2022-01-20 14:18:10,838 [Listener at 127.0.0.1/36805] WARN  impl.MetricRegistriesImpl (MetricRegistriesImpl.java:addReporterRegistration(111)) - New reporters are added after registries were created. Some metrics will be missing from the reporter. Please add reporter before adding any new registry.
2022-01-20 14:18:10,838 [Listener at 127.0.0.1/36805] WARN  impl.MetricRegistriesImpl (MetricRegistriesImpl.java:addReporterRegistration(111)) - New reporters are added after registries were created. Some metrics will be missing from the reporter. Please add reporter before adding any new registry.
2022-01-20 14:18:10,838 [Listener at 127.0.0.1/36805] INFO  impl.MetricsSystemImpl (MetricsSystemImpl.java:init(158)) - HddsDatanode metrics system started (again)
2022-01-20 14:18:10,844 [Datanode State Machine Daemon Thread] INFO  statemachine.DatanodeStateMachine (DatanodeStateMachine.java:lambda$startDaemon$0(470)) - Ozone container server started.
2022-01-20 14:18:10,861 [org.apache.hadoop.util.JvmPauseMonitor$Monitor@3b82d4d6] INFO  util.JvmPauseMonitor (JvmPauseMonitor.java:run(188)) - Starting JVM pause monitor
2022-01-20 14:18:10,875 [Datanode State Machine Task Thread - 0] INFO  datanode.InitDatanodeState (InitDatanodeState.java:persistContainerDatanodeDetails(145)) - DatanodeDetails is persisted to /home/runner/work/ozone/ozone/hadoop-ozone/integration-test/target/test-dir/MiniOzoneClusterImpl-f1e7e660-ec45-4ef3-9198-8cc7416827f1/datanode-3/meta/datanode.id
2022-01-20 14:18:10,920 [Listener at 127.0.0.1/36805] INFO  ozone.HddsDatanodeService (HddsDatanodeService.java:start(234)) - HddsDatanodeService host:fv-az294-522.eaanfquahm5ulb5tj050gcxych.jx.internal.cloudapp.net ip:10.1.0.33
2022-01-20 14:18:10,984 [Listener at 127.0.0.1/36805] INFO  upgrade.AbstractLayoutVersionManager (AbstractLayoutVersionManager.java:init(79)) - Initializing Layout version manager with metadata layout = SCM_HA (version = 2), software layout = SCM_HA (version = 2)
2022-01-20 14:18:11,037 [Listener at 127.0.0.1/36805] INFO  reflections.Reflections (Reflections.java:scan(232)) - Reflections took 50 ms to scan 7 urls, producing 119 keys and 279 values 
2022-01-20 14:18:11,054 [Listener at 127.0.0.1/36805] INFO  statemachine.DatanodeStateMachine (DatanodeStateMachine.java:getEndPointTaskThreadPoolSize(222)) - Datanode State Machine Task Thread Pool size 2
2022-01-20 14:18:11,079 [Listener at 127.0.0.1/36805] INFO  volume.HddsVolume (HddsVolume.java:<init>(120)) - Creating HddsVolume: /home/runner/work/ozone/ozone/hadoop-ozone/integration-test/target/test-dir/MiniOzoneClusterImpl-f1e7e660-ec45-4ef3-9198-8cc7416827f1/datanode-4/data-0/containers/hdds of storage type : DISK capacity : 9223372036854775807
2022-01-20 14:18:11,079 [Listener at 127.0.0.1/36805] INFO  volume.MutableVolumeSet (MutableVolumeSet.java:initializeVolumeSet(168)) - Added Volume : /home/runner/work/ozone/ozone/hadoop-ozone/integration-test/target/test-dir/MiniOzoneClusterImpl-f1e7e660-ec45-4ef3-9198-8cc7416827f1/datanode-4/data-0/containers/hdds to VolumeSet
2022-01-20 14:18:11,080 [Listener at 127.0.0.1/36805] INFO  volume.ThrottledAsyncChecker (ThrottledAsyncChecker.java:schedule(141)) - Scheduling a check for /home/runner/work/ozone/ozone/hadoop-ozone/integration-test/target/test-dir/MiniOzoneClusterImpl-f1e7e660-ec45-4ef3-9198-8cc7416827f1/datanode-4/data-0/containers/hdds
2022-01-20 14:18:11,093 [Listener at 127.0.0.1/36805] INFO  volume.StorageVolumeChecker (StorageVolumeChecker.java:checkAllVolumes(202)) - Scheduled health check for volume /home/runner/work/ozone/ozone/hadoop-ozone/integration-test/target/test-dir/MiniOzoneClusterImpl-f1e7e660-ec45-4ef3-9198-8cc7416827f1/datanode-4/data-0/containers/hdds
2022-01-20 14:18:11,115 [Listener at 127.0.0.1/36805] INFO  volume.MutableVolumeSet (MutableVolumeSet.java:initializeVolumeSet(168)) - Added Volume : /home/runner/work/ozone/ozone/hadoop-ozone/integration-test/target/test-dir/MiniOzoneClusterImpl-f1e7e660-ec45-4ef3-9198-8cc7416827f1/datanode-4/data/ratis to VolumeSet
2022-01-20 14:18:11,125 [Listener at 127.0.0.1/36805] INFO  volume.ThrottledAsyncChecker (ThrottledAsyncChecker.java:schedule(141)) - Scheduling a check for /home/runner/work/ozone/ozone/hadoop-ozone/integration-test/target/test-dir/MiniOzoneClusterImpl-f1e7e660-ec45-4ef3-9198-8cc7416827f1/datanode-4/data/ratis
2022-01-20 14:18:11,125 [Listener at 127.0.0.1/36805] INFO  volume.StorageVolumeChecker (StorageVolumeChecker.java:checkAllVolumes(202)) - Scheduled health check for volume /home/runner/work/ozone/ozone/hadoop-ozone/integration-test/target/test-dir/MiniOzoneClusterImpl-f1e7e660-ec45-4ef3-9198-8cc7416827f1/datanode-4/data/ratis
2022-01-20 14:18:11,151 [EndpointStateMachine task thread for /0.0.0.0:43255 - 0 ] INFO  ozoneimpl.OzoneContainer (OzoneContainer.java:start(315)) - Attempting to start container services.
2022-01-20 14:18:11,151 [EndpointStateMachine task thread for /0.0.0.0:43255 - 0 ] INFO  ozoneimpl.OzoneContainer (OzoneContainer.java:startContainerScrub(250)) - Background container scanner has been disabled.
2022-01-20 14:18:11,158 [Thread-830] INFO  ozoneimpl.ContainerReader (ContainerReader.java:readVolume(172)) - Finish verifying containers on volume /home/runner/work/ozone/ozone/hadoop-ozone/integration-test/target/test-dir/MiniOzoneClusterImpl-f1e7e660-ec45-4ef3-9198-8cc7416827f1/datanode-4/data-0/containers/hdds
2022-01-20 14:18:11,158 [Listener at 127.0.0.1/36805] INFO  ozoneimpl.OzoneContainer (OzoneContainer.java:buildContainerSet(237)) - Build ContainerSet costs 0s
2022-01-20 14:18:11,160 [Listener at 127.0.0.1/36805] INFO  server.RaftServer (ConfUtils.java:logGet(44)) - raft.rpc.type = GRPC (default)
2022-01-20 14:18:11,161 [Listener at 127.0.0.1/36805] INFO  grpc.GrpcFactory (GrpcFactory.java:checkPooledByteBufAllocatorUseCacheForAllThreads(48)) - PERFORMANCE WARNING: useCacheForAllThreads is true that may cause Netty to create a lot garbage objects and, as a result, trigger GC.
	It is recommended to disable useCacheForAllThreads by setting -Dorg.apache.ratis.thirdparty.io.netty.allocator.useCacheForAllThreads=false in command line.
2022-01-20 14:18:11,161 [Listener at 127.0.0.1/36805] INFO  grpc.GrpcConfigKeys (ConfUtils.java:logGet(44)) - raft.grpc.admin.port = 0 (custom)
2022-01-20 14:18:11,161 [Listener at 127.0.0.1/36805] INFO  grpc.GrpcConfigKeys (ConfUtils.java:logGet(44)) - raft.grpc.client.port = 0 (custom)
2022-01-20 14:18:11,162 [Listener at 127.0.0.1/36805] INFO  grpc.GrpcConfigKeys (ConfUtils.java:logGet(44)) - raft.grpc.server.port = 0 (default)
2022-01-20 14:18:11,162 [Listener at 127.0.0.1/36805] INFO  server.GrpcService (ConfUtils.java:logGet(44)) - raft.grpc.message.size.max = 32MB (=33554432) (custom)
2022-01-20 14:18:11,162 [Listener at 127.0.0.1/36805] INFO  server.RaftServerConfigKeys (ConfUtils.java:logGet(44)) - raft.server.log.appender.buffer.byte-limit = 33554432 (custom)
2022-01-20 14:18:11,162 [Listener at 127.0.0.1/36805] INFO  server.GrpcService (ConfUtils.java:logGet(44)) - raft.grpc.flow.control.window = 5MB (=5242880) (custom)
2022-01-20 14:18:11,162 [Listener at 127.0.0.1/36805] INFO  server.RaftServerConfigKeys (ConfUtils.java:logGet(44)) - raft.server.rpc.request.timeout = 3000ms (default)
2022-01-20 14:18:11,163 [Listener at 127.0.0.1/36805] INFO  impl.DataStreamServerImpl (ConfUtils.java:logGet(44)) - raft.datastream.type = DISABLED (default)
2022-01-20 14:18:11,164 [Listener at 127.0.0.1/36805] INFO  server.RaftServerConfigKeys (ConfUtils.java:logGet(44)) - raft.server.rpc.slowness.timeout = 300000ms (custom)
2022-01-20 14:18:11,164 [Listener at 127.0.0.1/36805] INFO  server.RaftServerConfigKeys (ConfUtils.java:logGet(44)) - raft.server.leaderelection.leader.step-down.wait-time = 10s (default)
2022-01-20 14:18:11,164 [Listener at 127.0.0.1/36805] INFO  server.RaftServerConfigKeys (ConfUtils.java:logGet(44)) - raft.server.storage.dir = [/home/runner/work/ozone/ozone/hadoop-ozone/integration-test/target/test-dir/MiniOzoneClusterImpl-f1e7e660-ec45-4ef3-9198-8cc7416827f1/datanode-4/data/ratis] (custom)
2022-01-20 14:18:11,165 [Listener at 127.0.0.1/36805] INFO  server.XceiverServerGrpc (XceiverServerGrpc.java:<init>(132)) - GrpcServer channel type EpollServerSocketChannel
2022-01-20 14:18:11,168 [Listener at 127.0.0.1/36805] INFO  http.BaseHttpServer (BaseHttpServer.java:newHttpServer2BuilderForOzone(209)) - Starting Web-server for hddsDatanode at: http://0.0.0.0:0
2022-01-20 14:18:11,168 [Listener at 127.0.0.1/36805] INFO  http.BaseHttpServer (BaseHttpServer.java:<init>(107)) - Hadoop Security Enabled: false Ozone Security Enabled: false Ozone HTTP Security Enabled: false 
2022-01-20 14:18:11,170 [Listener at 127.0.0.1/36805] INFO  server.AuthenticationFilter (AuthenticationFilter.java:constructSecretProvider(240)) - Unable to initialize FileSignerSecretProvider, falling back to use random secrets.
2022-01-20 14:18:11,171 [Listener at 127.0.0.1/36805] WARN  http.HttpRequestLog (HttpRequestLog.java:getRequestLog(103)) - Jetty request log can only be enabled using Log4j
2022-01-20 14:18:11,172 [Listener at 127.0.0.1/36805] INFO  http.HttpServer2 (HttpServer2.java:addGlobalFilter(1030)) - Added global filter 'safety' (class=org.apache.hadoop.hdds.server.http.HttpServer2$QuotingInputFilter)
2022-01-20 14:18:11,175 [Listener at 127.0.0.1/36805] INFO  http.HttpServer2 (HttpServer2.java:addFilter(1006)) - Added filter static_user_filter (class=org.apache.hadoop.http.lib.StaticUserWebFilter$StaticUserFilter) to context hddsDatanode
2022-01-20 14:18:11,175 [Listener at 127.0.0.1/36805] INFO  http.HttpServer2 (HttpServer2.java:addFilter(1014)) - Added filter static_user_filter (class=org.apache.hadoop.http.lib.StaticUserWebFilter$StaticUserFilter) to context logs
2022-01-20 14:18:11,175 [Listener at 127.0.0.1/36805] INFO  http.HttpServer2 (HttpServer2.java:addFilter(1014)) - Added filter static_user_filter (class=org.apache.hadoop.http.lib.StaticUserWebFilter$StaticUserFilter) to context static
2022-01-20 14:18:11,176 [Listener at 127.0.0.1/36805] INFO  http.HttpServer2 (HttpServer2.java:bindListener(1249)) - Jetty bound to port 44955
2022-01-20 14:18:11,176 [Listener at 127.0.0.1/36805] INFO  server.Server (Server.java:doStart(375)) - jetty-9.4.43.v20210629; built: 2021-06-30T11:07:22.254Z; git: 526006ecfa3af7f1a27ef3a288e2bef7ea9dd7e8; jvm 1.8.0_312-b07
2022-01-20 14:18:11,182 [Listener at 127.0.0.1/36805] INFO  server.session (DefaultSessionIdManager.java:doStart(334)) - DefaultSessionIdManager workerName=node0
2022-01-20 14:18:11,182 [Listener at 127.0.0.1/36805] INFO  server.session (DefaultSessionIdManager.java:doStart(339)) - No SessionScavenger set, using defaults
2022-01-20 14:18:11,182 [Listener at 127.0.0.1/36805] INFO  server.session (HouseKeeper.java:startScavenging(132)) - node0 Scavenging every 660000ms
2022-01-20 14:18:11,183 [Listener at 127.0.0.1/36805] INFO  handler.ContextHandler (ContextHandler.java:doStart(915)) - Started o.e.j.s.ServletContextHandler@15a971fb{logs,/logs,file:///home/runner/work/ozone/ozone/hadoop-ozone/integration-test/target/log,AVAILABLE}
2022-01-20 14:18:11,183 [Listener at 127.0.0.1/36805] INFO  handler.ContextHandler (ContextHandler.java:doStart(915)) - Started o.e.j.s.ServletContextHandler@7d891953{static,/static,jar:file:/home/runner/.m2/repository/org/apache/ozone/hdds-container-service/1.3.0-SNAPSHOT/hdds-container-service-1.3.0-SNAPSHOT.jar!/webapps/static,AVAILABLE}
2022-01-20 14:18:11,204 [EndpointStateMachine task thread for /0.0.0.0:43255 - 0 ] INFO  replication.ReplicationServer (ReplicationServer.java:start(111)) - ReplicationServer is started using port 42491
2022-01-20 14:18:11,207 [EndpointStateMachine task thread for /0.0.0.0:43255 - 0 ] INFO  ratis.XceiverServerRatis (XceiverServerRatis.java:start(484)) - Starting XceiverServerRatis f405db60-e51c-4785-8bbc-e1c4726dfe5c
2022-01-20 14:18:11,214 [EndpointStateMachine task thread for /0.0.0.0:43255 - 0 ] INFO  server.RaftServer (RaftServerProxy.java:lambda$start$5(374)) - f405db60-e51c-4785-8bbc-e1c4726dfe5c: start RPC server
2022-01-20 14:18:11,241 [EndpointStateMachine task thread for /0.0.0.0:43255 - 0 ] INFO  server.GrpcService (GrpcService.java:startImpl(253)) - f405db60-e51c-4785-8bbc-e1c4726dfe5c: GrpcService started, listening on 35313
2022-01-20 14:18:11,250 [EndpointStateMachine task thread for /0.0.0.0:43255 - 0 ] INFO  ratis.XceiverServerRatis (XceiverServerRatis.java:getRealPort(505)) - XceiverServerRatis f405db60-e51c-4785-8bbc-e1c4726dfe5c is started using port 35313 for RATIS
2022-01-20 14:18:11,250 [EndpointStateMachine task thread for /0.0.0.0:43255 - 0 ] INFO  ratis.XceiverServerRatis (XceiverServerRatis.java:getRealPort(505)) - XceiverServerRatis f405db60-e51c-4785-8bbc-e1c4726dfe5c is started using port 35313 for RATIS_ADMIN
2022-01-20 14:18:11,250 [EndpointStateMachine task thread for /0.0.0.0:43255 - 0 ] INFO  ratis.XceiverServerRatis (XceiverServerRatis.java:getRealPort(505)) - XceiverServerRatis f405db60-e51c-4785-8bbc-e1c4726dfe5c is started using port 35313 for RATIS_SERVER
2022-01-20 14:18:11,250 [org.apache.ratis.util.JvmPauseMonitor$$Lambda$431/385784873@52fb3e63] INFO  util.JvmPauseMonitor (JvmPauseMonitor.java:run(103)) - JvmPauseMonitor-f405db60-e51c-4785-8bbc-e1c4726dfe5c: Started
2022-01-20 14:18:11,257 [EndpointStateMachine task thread for /0.0.0.0:43255 - 0 ] INFO  server.XceiverServerGrpc (XceiverServerGrpc.java:start(180)) - XceiverServerGrpc f405db60-e51c-4785-8bbc-e1c4726dfe5c is started using port 44397
2022-01-20 14:18:11,334 [Listener at 127.0.0.1/36805] INFO  handler.ContextHandler (ContextHandler.java:doStart(915)) - Started o.e.j.w.WebAppContext@10418c7{hddsDatanode,/,file:///tmp/jetty-0_0_0_0-44955-hdds-container-service-1_3_0-SNAPSHOT_jar-_-any-858866137060895599/webapp/,AVAILABLE}{jar:file:/home/runner/.m2/repository/org/apache/ozone/hdds-container-service/1.3.0-SNAPSHOT/hdds-container-service-1.3.0-SNAPSHOT.jar!/webapps/hddsDatanode}
2022-01-20 14:18:11,337 [Listener at 127.0.0.1/36805] INFO  server.AbstractConnector (AbstractConnector.java:doStart(331)) - Started ServerConnector@86cc19{HTTP/1.1, (http/1.1)}{0.0.0.0:44955}
2022-01-20 14:18:11,337 [Listener at 127.0.0.1/36805] INFO  server.Server (Server.java:doStart(415)) - Started @123796ms
2022-01-20 14:18:11,337 [Listener at 127.0.0.1/36805] WARN  impl.MetricsSystemImpl (MetricsSystemImpl.java:register(279)) - Sink prometheus already exists!
2022-01-20 14:18:11,354 [Listener at 127.0.0.1/36805] INFO  http.BaseHttpServer (BaseHttpServer.java:updateConnectorAddress(329)) - HTTP server of hddsDatanode listening at http://0.0.0.0:44955
2022-01-20 14:18:11,357 [Listener at 127.0.0.1/36805] WARN  impl.MetricRegistriesImpl (MetricRegistriesImpl.java:addReporterRegistration(111)) - New reporters are added after registries were created. Some metrics will be missing from the reporter. Please add reporter before adding any new registry.
2022-01-20 14:18:11,357 [Listener at 127.0.0.1/36805] WARN  impl.MetricRegistriesImpl (MetricRegistriesImpl.java:addReporterRegistration(111)) - New reporters are added after registries were created. Some metrics will be missing from the reporter. Please add reporter before adding any new registry.
2022-01-20 14:18:11,357 [Listener at 127.0.0.1/36805] INFO  impl.MetricsSystemImpl (MetricsSystemImpl.java:init(158)) - HddsDatanode metrics system started (again)
2022-01-20 14:18:11,373 [Datanode State Machine Daemon Thread] INFO  statemachine.DatanodeStateMachine (DatanodeStateMachine.java:lambda$startDaemon$0(470)) - Ozone container server started.
2022-01-20 14:18:11,397 [org.apache.hadoop.util.JvmPauseMonitor$Monitor@31ed7276] INFO  util.JvmPauseMonitor (JvmPauseMonitor.java:run(188)) - Starting JVM pause monitor
2022-01-20 14:18:11,418 [Datanode State Machine Task Thread - 0] INFO  datanode.InitDatanodeState (InitDatanodeState.java:persistContainerDatanodeDetails(145)) - DatanodeDetails is persisted to /home/runner/work/ozone/ozone/hadoop-ozone/integration-test/target/test-dir/MiniOzoneClusterImpl-f1e7e660-ec45-4ef3-9198-8cc7416827f1/datanode-4/meta/datanode.id
2022-01-20 14:18:11,424 [Listener at 127.0.0.1/36805] INFO  ozone.HddsDatanodeService (HddsDatanodeService.java:start(234)) - HddsDatanodeService host:fv-az294-522.eaanfquahm5ulb5tj050gcxych.jx.internal.cloudapp.net ip:10.1.0.33
2022-01-20 14:18:11,498 [Listener at 127.0.0.1/36805] INFO  upgrade.AbstractLayoutVersionManager (AbstractLayoutVersionManager.java:init(79)) - Initializing Layout version manager with metadata layout = SCM_HA (version = 2), software layout = SCM_HA (version = 2)
2022-01-20 14:18:11,610 [Listener at 127.0.0.1/36805] INFO  reflections.Reflections (Reflections.java:scan(232)) - Reflections took 109 ms to scan 7 urls, producing 119 keys and 279 values 
2022-01-20 14:18:11,612 [Listener at 127.0.0.1/36805] INFO  statemachine.DatanodeStateMachine (DatanodeStateMachine.java:getEndPointTaskThreadPoolSize(222)) - Datanode State Machine Task Thread Pool size 2
2022-01-20 14:18:11,643 [Listener at 127.0.0.1/36805] INFO  volume.HddsVolume (HddsVolume.java:<init>(120)) - Creating HddsVolume: /home/runner/work/ozone/ozone/hadoop-ozone/integration-test/target/test-dir/MiniOzoneClusterImpl-f1e7e660-ec45-4ef3-9198-8cc7416827f1/datanode-5/data-0/containers/hdds of storage type : DISK capacity : 9223372036854775807
2022-01-20 14:18:11,643 [Listener at 127.0.0.1/36805] INFO  volume.MutableVolumeSet (MutableVolumeSet.java:initializeVolumeSet(168)) - Added Volume : /home/runner/work/ozone/ozone/hadoop-ozone/integration-test/target/test-dir/MiniOzoneClusterImpl-f1e7e660-ec45-4ef3-9198-8cc7416827f1/datanode-5/data-0/containers/hdds to VolumeSet
2022-01-20 14:18:11,647 [Listener at 127.0.0.1/36805] INFO  volume.ThrottledAsyncChecker (ThrottledAsyncChecker.java:schedule(141)) - Scheduling a check for /home/runner/work/ozone/ozone/hadoop-ozone/integration-test/target/test-dir/MiniOzoneClusterImpl-f1e7e660-ec45-4ef3-9198-8cc7416827f1/datanode-5/data-0/containers/hdds
2022-01-20 14:18:11,669 [Listener at 127.0.0.1/36805] INFO  volume.StorageVolumeChecker (StorageVolumeChecker.java:checkAllVolumes(202)) - Scheduled health check for volume /home/runner/work/ozone/ozone/hadoop-ozone/integration-test/target/test-dir/MiniOzoneClusterImpl-f1e7e660-ec45-4ef3-9198-8cc7416827f1/datanode-5/data-0/containers/hdds
2022-01-20 14:18:11,713 [Listener at 127.0.0.1/36805] INFO  volume.MutableVolumeSet (MutableVolumeSet.java:initializeVolumeSet(168)) - Added Volume : /home/runner/work/ozone/ozone/hadoop-ozone/integration-test/target/test-dir/MiniOzoneClusterImpl-f1e7e660-ec45-4ef3-9198-8cc7416827f1/datanode-5/data/ratis to VolumeSet
2022-01-20 14:18:11,714 [Listener at 127.0.0.1/36805] INFO  volume.ThrottledAsyncChecker (ThrottledAsyncChecker.java:schedule(141)) - Scheduling a check for /home/runner/work/ozone/ozone/hadoop-ozone/integration-test/target/test-dir/MiniOzoneClusterImpl-f1e7e660-ec45-4ef3-9198-8cc7416827f1/datanode-5/data/ratis
2022-01-20 14:18:11,714 [Listener at 127.0.0.1/36805] INFO  volume.StorageVolumeChecker (StorageVolumeChecker.java:checkAllVolumes(202)) - Scheduled health check for volume /home/runner/work/ozone/ozone/hadoop-ozone/integration-test/target/test-dir/MiniOzoneClusterImpl-f1e7e660-ec45-4ef3-9198-8cc7416827f1/datanode-5/data/ratis
2022-01-20 14:18:11,739 [Thread-845] INFO  ozoneimpl.ContainerReader (ContainerReader.java:readVolume(172)) - Finish verifying containers on volume /home/runner/work/ozone/ozone/hadoop-ozone/integration-test/target/test-dir/MiniOzoneClusterImpl-f1e7e660-ec45-4ef3-9198-8cc7416827f1/datanode-5/data-0/containers/hdds
2022-01-20 14:18:11,740 [Listener at 127.0.0.1/36805] INFO  ozoneimpl.OzoneContainer (OzoneContainer.java:buildContainerSet(237)) - Build ContainerSet costs 0s
2022-01-20 14:18:11,752 [Listener at 127.0.0.1/36805] INFO  server.RaftServer (ConfUtils.java:logGet(44)) - raft.rpc.type = GRPC (default)
2022-01-20 14:18:11,753 [Listener at 127.0.0.1/36805] INFO  grpc.GrpcFactory (GrpcFactory.java:checkPooledByteBufAllocatorUseCacheForAllThreads(48)) - PERFORMANCE WARNING: useCacheForAllThreads is true that may cause Netty to create a lot garbage objects and, as a result, trigger GC.
	It is recommended to disable useCacheForAllThreads by setting -Dorg.apache.ratis.thirdparty.io.netty.allocator.useCacheForAllThreads=false in command line.
2022-01-20 14:18:11,753 [Listener at 127.0.0.1/36805] INFO  grpc.GrpcConfigKeys (ConfUtils.java:logGet(44)) - raft.grpc.admin.port = 0 (custom)
2022-01-20 14:18:11,753 [Listener at 127.0.0.1/36805] INFO  grpc.GrpcConfigKeys (ConfUtils.java:logGet(44)) - raft.grpc.client.port = 0 (custom)
2022-01-20 14:18:11,753 [Listener at 127.0.0.1/36805] INFO  grpc.GrpcConfigKeys (ConfUtils.java:logGet(44)) - raft.grpc.server.port = 0 (default)
2022-01-20 14:18:11,753 [Listener at 127.0.0.1/36805] INFO  server.GrpcService (ConfUtils.java:logGet(44)) - raft.grpc.message.size.max = 32MB (=33554432) (custom)
2022-01-20 14:18:11,754 [Listener at 127.0.0.1/36805] INFO  server.RaftServerConfigKeys (ConfUtils.java:logGet(44)) - raft.server.log.appender.buffer.byte-limit = 33554432 (custom)
2022-01-20 14:18:11,754 [Listener at 127.0.0.1/36805] INFO  server.GrpcService (ConfUtils.java:logGet(44)) - raft.grpc.flow.control.window = 5MB (=5242880) (custom)
2022-01-20 14:18:11,754 [Listener at 127.0.0.1/36805] INFO  server.RaftServerConfigKeys (ConfUtils.java:logGet(44)) - raft.server.rpc.request.timeout = 3000ms (default)
2022-01-20 14:18:11,757 [Listener at 127.0.0.1/36805] INFO  impl.DataStreamServerImpl (ConfUtils.java:logGet(44)) - raft.datastream.type = DISABLED (default)
2022-01-20 14:18:11,760 [Listener at 127.0.0.1/36805] INFO  server.RaftServerConfigKeys (ConfUtils.java:logGet(44)) - raft.server.rpc.slowness.timeout = 300000ms (custom)
2022-01-20 14:18:11,761 [Listener at 127.0.0.1/36805] INFO  server.RaftServerConfigKeys (ConfUtils.java:logGet(44)) - raft.server.leaderelection.leader.step-down.wait-time = 10s (default)
2022-01-20 14:18:11,762 [Listener at 127.0.0.1/36805] INFO  server.RaftServerConfigKeys (ConfUtils.java:logGet(44)) - raft.server.storage.dir = [/home/runner/work/ozone/ozone/hadoop-ozone/integration-test/target/test-dir/MiniOzoneClusterImpl-f1e7e660-ec45-4ef3-9198-8cc7416827f1/datanode-5/data/ratis] (custom)
2022-01-20 14:18:11,763 [Listener at 127.0.0.1/36805] INFO  server.XceiverServerGrpc (XceiverServerGrpc.java:<init>(132)) - GrpcServer channel type EpollServerSocketChannel
2022-01-20 14:18:11,801 [Listener at 127.0.0.1/36805] INFO  http.BaseHttpServer (BaseHttpServer.java:newHttpServer2BuilderForOzone(209)) - Starting Web-server for hddsDatanode at: http://0.0.0.0:0
2022-01-20 14:18:11,802 [Listener at 127.0.0.1/36805] INFO  http.BaseHttpServer (BaseHttpServer.java:<init>(107)) - Hadoop Security Enabled: false Ozone Security Enabled: false Ozone HTTP Security Enabled: false 
2022-01-20 14:18:11,803 [Listener at 127.0.0.1/36805] INFO  server.AuthenticationFilter (AuthenticationFilter.java:constructSecretProvider(240)) - Unable to initialize FileSignerSecretProvider, falling back to use random secrets.
2022-01-20 14:18:11,809 [Listener at 127.0.0.1/36805] WARN  http.HttpRequestLog (HttpRequestLog.java:getRequestLog(103)) - Jetty request log can only be enabled using Log4j
2022-01-20 14:18:11,809 [Listener at 127.0.0.1/36805] INFO  http.HttpServer2 (HttpServer2.java:addGlobalFilter(1030)) - Added global filter 'safety' (class=org.apache.hadoop.hdds.server.http.HttpServer2$QuotingInputFilter)
2022-01-20 14:18:11,810 [Listener at 127.0.0.1/36805] INFO  http.HttpServer2 (HttpServer2.java:addFilter(1006)) - Added filter static_user_filter (class=org.apache.hadoop.http.lib.StaticUserWebFilter$StaticUserFilter) to context hddsDatanode
2022-01-20 14:18:11,810 [Listener at 127.0.0.1/36805] INFO  http.HttpServer2 (HttpServer2.java:addFilter(1014)) - Added filter static_user_filter (class=org.apache.hadoop.http.lib.StaticUserWebFilter$StaticUserFilter) to context static
2022-01-20 14:18:11,810 [Listener at 127.0.0.1/36805] INFO  http.HttpServer2 (HttpServer2.java:addFilter(1014)) - Added filter static_user_filter (class=org.apache.hadoop.http.lib.StaticUserWebFilter$StaticUserFilter) to context logs
2022-01-20 14:18:11,811 [Listener at 127.0.0.1/36805] INFO  http.HttpServer2 (HttpServer2.java:bindListener(1249)) - Jetty bound to port 35207
2022-01-20 14:18:11,811 [Listener at 127.0.0.1/36805] INFO  server.Server (Server.java:doStart(375)) - jetty-9.4.43.v20210629; built: 2021-06-30T11:07:22.254Z; git: 526006ecfa3af7f1a27ef3a288e2bef7ea9dd7e8; jvm 1.8.0_312-b07
2022-01-20 14:18:11,849 [Listener at 127.0.0.1/36805] INFO  server.session (DefaultSessionIdManager.java:doStart(334)) - DefaultSessionIdManager workerName=node0
2022-01-20 14:18:11,849 [Listener at 127.0.0.1/36805] INFO  server.session (DefaultSessionIdManager.java:doStart(339)) - No SessionScavenger set, using defaults
2022-01-20 14:18:11,849 [Listener at 127.0.0.1/36805] INFO  server.session (HouseKeeper.java:startScavenging(132)) - node0 Scavenging every 600000ms
2022-01-20 14:18:11,851 [Listener at 127.0.0.1/36805] INFO  handler.ContextHandler (ContextHandler.java:doStart(915)) - Started o.e.j.s.ServletContextHandler@680fd480{logs,/logs,file:///home/runner/work/ozone/ozone/hadoop-ozone/integration-test/target/log,AVAILABLE}
2022-01-20 14:18:11,851 [Listener at 127.0.0.1/36805] INFO  handler.ContextHandler (ContextHandler.java:doStart(915)) - Started o.e.j.s.ServletContextHandler@3bb4ade3{static,/static,jar:file:/home/runner/.m2/repository/org/apache/ozone/hdds-container-service/1.3.0-SNAPSHOT/hdds-container-service-1.3.0-SNAPSHOT.jar!/webapps/static,AVAILABLE}
2022-01-20 14:18:11,999 [Listener at 127.0.0.1/36805] INFO  handler.ContextHandler (ContextHandler.java:doStart(915)) - Started o.e.j.w.WebAppContext@2e681871{hddsDatanode,/,file:///tmp/jetty-0_0_0_0-35207-hdds-container-service-1_3_0-SNAPSHOT_jar-_-any-1288019395388301590/webapp/,AVAILABLE}{jar:file:/home/runner/.m2/repository/org/apache/ozone/hdds-container-service/1.3.0-SNAPSHOT/hdds-container-service-1.3.0-SNAPSHOT.jar!/webapps/hddsDatanode}
2022-01-20 14:18:12,009 [Listener at 127.0.0.1/36805] INFO  server.AbstractConnector (AbstractConnector.java:doStart(331)) - Started ServerConnector@52b4e063{HTTP/1.1, (http/1.1)}{0.0.0.0:35207}
2022-01-20 14:18:12,009 [Listener at 127.0.0.1/36805] INFO  server.Server (Server.java:doStart(415)) - Started @124468ms
2022-01-20 14:18:12,009 [Listener at 127.0.0.1/36805] WARN  impl.MetricsSystemImpl (MetricsSystemImpl.java:register(279)) - Sink prometheus already exists!
2022-01-20 14:18:12,010 [Listener at 127.0.0.1/36805] INFO  http.BaseHttpServer (BaseHttpServer.java:updateConnectorAddress(329)) - HTTP server of hddsDatanode listening at http://0.0.0.0:35207
2022-01-20 14:18:12,035 [Listener at 127.0.0.1/36805] WARN  impl.MetricRegistriesImpl (MetricRegistriesImpl.java:addReporterRegistration(111)) - New reporters are added after registries were created. Some metrics will be missing from the reporter. Please add reporter before adding any new registry.
2022-01-20 14:18:12,036 [Listener at 127.0.0.1/36805] WARN  impl.MetricRegistriesImpl (MetricRegistriesImpl.java:addReporterRegistration(111)) - New reporters are added after registries were created. Some metrics will be missing from the reporter. Please add reporter before adding any new registry.
2022-01-20 14:18:12,036 [Listener at 127.0.0.1/36805] INFO  impl.MetricsSystemImpl (MetricsSystemImpl.java:init(158)) - HddsDatanode metrics system started (again)
2022-01-20 14:18:12,060 [Datanode State Machine Daemon Thread] INFO  statemachine.DatanodeStateMachine (DatanodeStateMachine.java:lambda$startDaemon$0(470)) - Ozone container server started.
2022-01-20 14:18:12,121 [org.apache.hadoop.util.JvmPauseMonitor$Monitor@1cbb9b79] INFO  util.JvmPauseMonitor (JvmPauseMonitor.java:run(188)) - Starting JVM pause monitor
2022-01-20 14:18:12,131 [Listener at 127.0.0.1/36805] INFO  ozone.HddsDatanodeService (HddsDatanodeService.java:start(234)) - HddsDatanodeService host:fv-az294-522.eaanfquahm5ulb5tj050gcxych.jx.internal.cloudapp.net ip:10.1.0.33
2022-01-20 14:18:12,160 [Datanode State Machine Task Thread - 0] INFO  datanode.InitDatanodeState (InitDatanodeState.java:persistContainerDatanodeDetails(145)) - DatanodeDetails is persisted to /home/runner/work/ozone/ozone/hadoop-ozone/integration-test/target/test-dir/MiniOzoneClusterImpl-f1e7e660-ec45-4ef3-9198-8cc7416827f1/datanode-5/meta/datanode.id
2022-01-20 14:18:12,200 [Listener at 127.0.0.1/36805] INFO  upgrade.AbstractLayoutVersionManager (AbstractLayoutVersionManager.java:init(79)) - Initializing Layout version manager with metadata layout = SCM_HA (version = 2), software layout = SCM_HA (version = 2)
2022-01-20 14:18:12,205 [EndpointStateMachine task thread for /0.0.0.0:43255 - 0 ] INFO  ozoneimpl.OzoneContainer (OzoneContainer.java:start(315)) - Attempting to start container services.
2022-01-20 14:18:12,207 [EndpointStateMachine task thread for /0.0.0.0:43255 - 0 ] INFO  ozoneimpl.OzoneContainer (OzoneContainer.java:startContainerScrub(250)) - Background container scanner has been disabled.
2022-01-20 14:18:12,212 [EndpointStateMachine task thread for /0.0.0.0:43255 - 0 ] INFO  replication.ReplicationServer (ReplicationServer.java:start(111)) - ReplicationServer is started using port 34197
2022-01-20 14:18:12,215 [EndpointStateMachine task thread for /0.0.0.0:43255 - 0 ] INFO  ratis.XceiverServerRatis (XceiverServerRatis.java:start(484)) - Starting XceiverServerRatis 4a67b2a1-79be-440d-a7f9-3f5e5a8bd0ed
2022-01-20 14:18:12,218 [EndpointStateMachine task thread for /0.0.0.0:43255 - 0 ] INFO  server.RaftServer (RaftServerProxy.java:lambda$start$5(374)) - 4a67b2a1-79be-440d-a7f9-3f5e5a8bd0ed: start RPC server
2022-01-20 14:18:12,240 [EndpointStateMachine task thread for /0.0.0.0:43255 - 0 ] INFO  server.GrpcService (GrpcService.java:startImpl(253)) - 4a67b2a1-79be-440d-a7f9-3f5e5a8bd0ed: GrpcService started, listening on 42913
2022-01-20 14:18:12,245 [EndpointStateMachine task thread for /0.0.0.0:43255 - 0 ] INFO  ratis.XceiverServerRatis (XceiverServerRatis.java:getRealPort(505)) - XceiverServerRatis 4a67b2a1-79be-440d-a7f9-3f5e5a8bd0ed is started using port 42913 for RATIS
2022-01-20 14:18:12,245 [EndpointStateMachine task thread for /0.0.0.0:43255 - 0 ] INFO  ratis.XceiverServerRatis (XceiverServerRatis.java:getRealPort(505)) - XceiverServerRatis 4a67b2a1-79be-440d-a7f9-3f5e5a8bd0ed is started using port 42913 for RATIS_ADMIN
2022-01-20 14:18:12,245 [EndpointStateMachine task thread for /0.0.0.0:43255 - 0 ] INFO  ratis.XceiverServerRatis (XceiverServerRatis.java:getRealPort(505)) - XceiverServerRatis 4a67b2a1-79be-440d-a7f9-3f5e5a8bd0ed is started using port 42913 for RATIS_SERVER
2022-01-20 14:18:12,245 [org.apache.ratis.util.JvmPauseMonitor$$Lambda$431/385784873@8cc29e5] INFO  util.JvmPauseMonitor (JvmPauseMonitor.java:run(103)) - JvmPauseMonitor-4a67b2a1-79be-440d-a7f9-3f5e5a8bd0ed: Started
2022-01-20 14:18:12,246 [EndpointStateMachine task thread for /0.0.0.0:43255 - 0 ] INFO  server.XceiverServerGrpc (XceiverServerGrpc.java:start(180)) - XceiverServerGrpc 4a67b2a1-79be-440d-a7f9-3f5e5a8bd0ed is started using port 41457
2022-01-20 14:18:12,344 [Listener at 127.0.0.1/36805] INFO  reflections.Reflections (Reflections.java:scan(232)) - Reflections took 142 ms to scan 7 urls, producing 119 keys and 279 values 
2022-01-20 14:18:12,360 [Listener at 127.0.0.1/36805] INFO  statemachine.DatanodeStateMachine (DatanodeStateMachine.java:getEndPointTaskThreadPoolSize(222)) - Datanode State Machine Task Thread Pool size 2
2022-01-20 14:18:12,373 [Listener at 127.0.0.1/36805] INFO  volume.HddsVolume (HddsVolume.java:<init>(120)) - Creating HddsVolume: /home/runner/work/ozone/ozone/hadoop-ozone/integration-test/target/test-dir/MiniOzoneClusterImpl-f1e7e660-ec45-4ef3-9198-8cc7416827f1/datanode-6/data-0/containers/hdds of storage type : DISK capacity : 9223372036854775807
2022-01-20 14:18:12,373 [Listener at 127.0.0.1/36805] INFO  volume.MutableVolumeSet (MutableVolumeSet.java:initializeVolumeSet(168)) - Added Volume : /home/runner/work/ozone/ozone/hadoop-ozone/integration-test/target/test-dir/MiniOzoneClusterImpl-f1e7e660-ec45-4ef3-9198-8cc7416827f1/datanode-6/data-0/containers/hdds to VolumeSet
2022-01-20 14:18:12,374 [Listener at 127.0.0.1/36805] INFO  volume.ThrottledAsyncChecker (ThrottledAsyncChecker.java:schedule(141)) - Scheduling a check for /home/runner/work/ozone/ozone/hadoop-ozone/integration-test/target/test-dir/MiniOzoneClusterImpl-f1e7e660-ec45-4ef3-9198-8cc7416827f1/datanode-6/data-0/containers/hdds
2022-01-20 14:18:12,385 [Listener at 127.0.0.1/36805] INFO  volume.StorageVolumeChecker (StorageVolumeChecker.java:checkAllVolumes(202)) - Scheduled health check for volume /home/runner/work/ozone/ozone/hadoop-ozone/integration-test/target/test-dir/MiniOzoneClusterImpl-f1e7e660-ec45-4ef3-9198-8cc7416827f1/datanode-6/data-0/containers/hdds
2022-01-20 14:18:12,430 [Listener at 127.0.0.1/36805] INFO  volume.MutableVolumeSet (MutableVolumeSet.java:initializeVolumeSet(168)) - Added Volume : /home/runner/work/ozone/ozone/hadoop-ozone/integration-test/target/test-dir/MiniOzoneClusterImpl-f1e7e660-ec45-4ef3-9198-8cc7416827f1/datanode-6/data/ratis to VolumeSet
2022-01-20 14:18:12,430 [Listener at 127.0.0.1/36805] INFO  volume.ThrottledAsyncChecker (ThrottledAsyncChecker.java:schedule(141)) - Scheduling a check for /home/runner/work/ozone/ozone/hadoop-ozone/integration-test/target/test-dir/MiniOzoneClusterImpl-f1e7e660-ec45-4ef3-9198-8cc7416827f1/datanode-6/data/ratis
2022-01-20 14:18:12,430 [Listener at 127.0.0.1/36805] INFO  volume.StorageVolumeChecker (StorageVolumeChecker.java:checkAllVolumes(202)) - Scheduled health check for volume /home/runner/work/ozone/ozone/hadoop-ozone/integration-test/target/test-dir/MiniOzoneClusterImpl-f1e7e660-ec45-4ef3-9198-8cc7416827f1/datanode-6/data/ratis
2022-01-20 14:18:12,442 [Thread-860] INFO  ozoneimpl.ContainerReader (ContainerReader.java:readVolume(172)) - Finish verifying containers on volume /home/runner/work/ozone/ozone/hadoop-ozone/integration-test/target/test-dir/MiniOzoneClusterImpl-f1e7e660-ec45-4ef3-9198-8cc7416827f1/datanode-6/data-0/containers/hdds
2022-01-20 14:18:12,442 [Listener at 127.0.0.1/36805] INFO  ozoneimpl.OzoneContainer (OzoneContainer.java:buildContainerSet(237)) - Build ContainerSet costs 0s
2022-01-20 14:18:12,445 [Listener at 127.0.0.1/36805] INFO  server.RaftServer (ConfUtils.java:logGet(44)) - raft.rpc.type = GRPC (default)
2022-01-20 14:18:12,445 [Listener at 127.0.0.1/36805] INFO  grpc.GrpcFactory (GrpcFactory.java:checkPooledByteBufAllocatorUseCacheForAllThreads(48)) - PERFORMANCE WARNING: useCacheForAllThreads is true that may cause Netty to create a lot garbage objects and, as a result, trigger GC.
	It is recommended to disable useCacheForAllThreads by setting -Dorg.apache.ratis.thirdparty.io.netty.allocator.useCacheForAllThreads=false in command line.
2022-01-20 14:18:12,445 [Listener at 127.0.0.1/36805] INFO  grpc.GrpcConfigKeys (ConfUtils.java:logGet(44)) - raft.grpc.admin.port = 0 (custom)
2022-01-20 14:18:12,445 [Listener at 127.0.0.1/36805] INFO  grpc.GrpcConfigKeys (ConfUtils.java:logGet(44)) - raft.grpc.client.port = 0 (custom)
2022-01-20 14:18:12,446 [Listener at 127.0.0.1/36805] INFO  grpc.GrpcConfigKeys (ConfUtils.java:logGet(44)) - raft.grpc.server.port = 0 (default)
2022-01-20 14:18:12,446 [Listener at 127.0.0.1/36805] INFO  server.GrpcService (ConfUtils.java:logGet(44)) - raft.grpc.message.size.max = 32MB (=33554432) (custom)
2022-01-20 14:18:12,446 [Listener at 127.0.0.1/36805] INFO  server.RaftServerConfigKeys (ConfUtils.java:logGet(44)) - raft.server.log.appender.buffer.byte-limit = 33554432 (custom)
2022-01-20 14:18:12,446 [Listener at 127.0.0.1/36805] INFO  server.GrpcService (ConfUtils.java:logGet(44)) - raft.grpc.flow.control.window = 5MB (=5242880) (custom)
2022-01-20 14:18:12,446 [Listener at 127.0.0.1/36805] INFO  server.RaftServerConfigKeys (ConfUtils.java:logGet(44)) - raft.server.rpc.request.timeout = 3000ms (default)
2022-01-20 14:18:12,447 [Listener at 127.0.0.1/36805] INFO  impl.DataStreamServerImpl (ConfUtils.java:logGet(44)) - raft.datastream.type = DISABLED (default)
2022-01-20 14:18:12,447 [Listener at 127.0.0.1/36805] INFO  server.RaftServerConfigKeys (ConfUtils.java:logGet(44)) - raft.server.rpc.slowness.timeout = 300000ms (custom)
2022-01-20 14:18:12,447 [Listener at 127.0.0.1/36805] INFO  server.RaftServerConfigKeys (ConfUtils.java:logGet(44)) - raft.server.leaderelection.leader.step-down.wait-time = 10s (default)
2022-01-20 14:18:12,447 [Listener at 127.0.0.1/36805] INFO  server.RaftServerConfigKeys (ConfUtils.java:logGet(44)) - raft.server.storage.dir = [/home/runner/work/ozone/ozone/hadoop-ozone/integration-test/target/test-dir/MiniOzoneClusterImpl-f1e7e660-ec45-4ef3-9198-8cc7416827f1/datanode-6/data/ratis] (custom)
2022-01-20 14:18:12,466 [Listener at 127.0.0.1/36805] INFO  server.XceiverServerGrpc (XceiverServerGrpc.java:<init>(132)) - GrpcServer channel type EpollServerSocketChannel
2022-01-20 14:18:12,490 [Listener at 127.0.0.1/36805] INFO  http.BaseHttpServer (BaseHttpServer.java:newHttpServer2BuilderForOzone(209)) - Starting Web-server for hddsDatanode at: http://0.0.0.0:0
2022-01-20 14:18:12,491 [Listener at 127.0.0.1/36805] INFO  http.BaseHttpServer (BaseHttpServer.java:<init>(107)) - Hadoop Security Enabled: false Ozone Security Enabled: false Ozone HTTP Security Enabled: false 
2022-01-20 14:18:12,491 [IPC Server handler 0 on default port 43255] INFO  net.NetworkTopologyImpl (NetworkTopologyImpl.java:add(112)) - Added a new node: /default-rack/3055d1e2-eb1d-45ac-85ad-2ef847921969
2022-01-20 14:18:12,491 [IPC Server handler 0 on default port 43255] INFO  node.SCMNodeManager (SCMNodeManager.java:register(389)) - Registered Data node : 3055d1e2-eb1d-45ac-85ad-2ef847921969{ip: 10.1.0.33, host: fv-az294-522.eaanfquahm5ulb5tj050gcxych.jx.internal.cloudapp.net, ports: [REPLICATION=34195, RATIS=39677, RATIS_ADMIN=39677, RATIS_SERVER=39677, STANDALONE=38555], networkLocation: /default-rack, certSerialId: null, persistedOpState: null, persistedOpStateExpiryEpochSec: 0}
2022-01-20 14:18:12,505 [EventQueue-NewNodeForNewNodeHandler] INFO  pipeline.BackgroundPipelineCreator (BackgroundPipelineCreator.java:notifyEventTriggered(285)) - trigger a one-shot run on RatisPipelineUtilsThread.
2022-01-20 14:18:12,511 [EventQueue-NodeRegistrationContainerReportForDataNodeSafeModeRule] INFO  safemode.SCMSafeModeManager (DataNodeSafeModeRule.java:process(71)) - SCM in safe mode. 1 DataNodes registered, 3 required.
2022-01-20 14:18:12,542 [EventQueue-NodeRegistrationContainerReportForContainerSafeModeRule] INFO  safemode.SCMSafeModeManager (SCMSafeModeManager.java:validateSafeModeExitRules(204)) - ContainerSafeModeRule rule is successfully validated
2022-01-20 14:18:12,565 [EventQueue-PipelineReportForOneReplicaPipelineSafeModeRule] INFO  safemode.SCMSafeModeManager (SCMSafeModeManager.java:validateSafeModeExitRules(204)) - AtleastOneDatanodeReportedRule rule is successfully validated
2022-01-20 14:18:12,541 [RatisPipelineUtilsThread - 0] INFO  pipeline.RatisPipelineProvider (RatisPipelineProvider.java:lambda$create$0(183)) - Sending CreatePipelineCommand for pipeline:PipelineID=18fb8e60-c043-4f5a-86cd-d541b2adb0fc to datanode:3055d1e2-eb1d-45ac-85ad-2ef847921969
2022-01-20 14:18:12,561 [Listener at 127.0.0.1/36805] INFO  server.AuthenticationFilter (AuthenticationFilter.java:constructSecretProvider(240)) - Unable to initialize FileSignerSecretProvider, falling back to use random secrets.
2022-01-20 14:18:12,580 [Listener at 127.0.0.1/36805] WARN  http.HttpRequestLog (HttpRequestLog.java:getRequestLog(103)) - Jetty request log can only be enabled using Log4j
2022-01-20 14:18:12,585 [Listener at 127.0.0.1/36805] INFO  http.HttpServer2 (HttpServer2.java:addGlobalFilter(1030)) - Added global filter 'safety' (class=org.apache.hadoop.hdds.server.http.HttpServer2$QuotingInputFilter)
2022-01-20 14:18:12,586 [Listener at 127.0.0.1/36805] INFO  http.HttpServer2 (HttpServer2.java:addFilter(1006)) - Added filter static_user_filter (class=org.apache.hadoop.http.lib.StaticUserWebFilter$StaticUserFilter) to context hddsDatanode
2022-01-20 14:18:12,586 [Listener at 127.0.0.1/36805] INFO  http.HttpServer2 (HttpServer2.java:addFilter(1014)) - Added filter static_user_filter (class=org.apache.hadoop.http.lib.StaticUserWebFilter$StaticUserFilter) to context static
2022-01-20 14:18:12,586 [Listener at 127.0.0.1/36805] INFO  http.HttpServer2 (HttpServer2.java:addFilter(1014)) - Added filter static_user_filter (class=org.apache.hadoop.http.lib.StaticUserWebFilter$StaticUserFilter) to context logs
2022-01-20 14:18:12,586 [Listener at 127.0.0.1/36805] INFO  http.HttpServer2 (HttpServer2.java:bindListener(1249)) - Jetty bound to port 36351
2022-01-20 14:18:12,587 [Listener at 127.0.0.1/36805] INFO  server.Server (Server.java:doStart(375)) - jetty-9.4.43.v20210629; built: 2021-06-30T11:07:22.254Z; git: 526006ecfa3af7f1a27ef3a288e2bef7ea9dd7e8; jvm 1.8.0_312-b07
2022-01-20 14:18:12,595 [1614213d-f914-440d-b8eb-f10be6afcbc1@group-8CC7416827F1-StateMachineUpdater] INFO  pipeline.PipelineStateManagerImpl (PipelineStateManagerImpl.java:addPipeline(101)) - Created pipeline Pipeline[ Id: 18fb8e60-c043-4f5a-86cd-d541b2adb0fc, Nodes: 3055d1e2-eb1d-45ac-85ad-2ef847921969{ip: 10.1.0.33, host: fv-az294-522.eaanfquahm5ulb5tj050gcxych.jx.internal.cloudapp.net, ports: [REPLICATION=34195, RATIS=39677, RATIS_ADMIN=39677, RATIS_SERVER=39677, STANDALONE=38555], networkLocation: /default-rack, certSerialId: null, persistedOpState: IN_SERVICE, persistedOpStateExpiryEpochSec: 0}, ReplicationConfig: RATIS/ONE, State:ALLOCATED, leaderId:, CreationTimestamp2022-01-20T14:18:12.541Z[Etc/UTC]].
2022-01-20 14:18:12,595 [1614213d-f914-440d-b8eb-f10be6afcbc1@group-8CC7416827F1-StateMachineUpdater] INFO  safemode.HealthyPipelineSafeModeRule (HealthyPipelineSafeModeRule.java:initializeRule(152)) - Refreshed total pipeline count is 0, healthy pipeline threshold count is 1
2022-01-20 14:18:12,628 [RatisPipelineUtilsThread - 0] INFO  ha.SCMHAInvocationHandler (SCMHAInvocationHandler.java:invokeRatis(113)) - Invoking method public abstract void org.apache.hadoop.hdds.scm.pipeline.PipelineStateManager.addPipeline(org.apache.hadoop.hdds.protocol.proto.HddsProtos$Pipeline) throws java.io.IOException on target org.apache.hadoop.hdds.scm.ha.SCMRatisServerImpl@2589c416, cost 55257.023us
2022-01-20 14:18:12,669 [Listener at 127.0.0.1/36805] INFO  server.session (DefaultSessionIdManager.java:doStart(334)) - DefaultSessionIdManager workerName=node0
2022-01-20 14:18:12,669 [Listener at 127.0.0.1/36805] INFO  server.session (DefaultSessionIdManager.java:doStart(339)) - No SessionScavenger set, using defaults
2022-01-20 14:18:12,678 [Listener at 127.0.0.1/36805] INFO  server.session (HouseKeeper.java:startScavenging(132)) - node0 Scavenging every 600000ms
2022-01-20 14:18:12,695 [Listener at 127.0.0.1/36805] INFO  handler.ContextHandler (ContextHandler.java:doStart(915)) - Started o.e.j.s.ServletContextHandler@788a2594{logs,/logs,file:///home/runner/work/ozone/ozone/hadoop-ozone/integration-test/target/log,AVAILABLE}
2022-01-20 14:18:12,696 [Listener at 127.0.0.1/36805] INFO  handler.ContextHandler (ContextHandler.java:doStart(915)) - Started o.e.j.s.ServletContextHandler@373f0fd6{static,/static,jar:file:/home/runner/.m2/repository/org/apache/ozone/hdds-container-service/1.3.0-SNAPSHOT/hdds-container-service-1.3.0-SNAPSHOT.jar!/webapps/static,AVAILABLE}
2022-01-20 14:18:12,864 [EndpointStateMachine task thread for /0.0.0.0:43255 - 0 ] INFO  ozoneimpl.OzoneContainer (OzoneContainer.java:start(315)) - Attempting to start container services.
2022-01-20 14:18:12,864 [EndpointStateMachine task thread for /0.0.0.0:43255 - 0 ] INFO  ozoneimpl.OzoneContainer (OzoneContainer.java:startContainerScrub(250)) - Background container scanner has been disabled.
2022-01-20 14:18:12,865 [EndpointStateMachine task thread for /0.0.0.0:43255 - 0 ] INFO  replication.ReplicationServer (ReplicationServer.java:start(111)) - ReplicationServer is started using port 40917
2022-01-20 14:18:12,895 [EndpointStateMachine task thread for /0.0.0.0:43255 - 0 ] INFO  ratis.XceiverServerRatis (XceiverServerRatis.java:start(484)) - Starting XceiverServerRatis 8543d24f-bec7-4768-944c-282c8ff9c745
2022-01-20 14:18:12,920 [Listener at 127.0.0.1/36805] INFO  handler.ContextHandler (ContextHandler.java:doStart(915)) - Started o.e.j.w.WebAppContext@18969032{hddsDatanode,/,file:///tmp/jetty-0_0_0_0-36351-hdds-container-service-1_3_0-SNAPSHOT_jar-_-any-4735293097654608718/webapp/,AVAILABLE}{jar:file:/home/runner/.m2/repository/org/apache/ozone/hdds-container-service/1.3.0-SNAPSHOT/hdds-container-service-1.3.0-SNAPSHOT.jar!/webapps/hddsDatanode}
2022-01-20 14:18:12,952 [EndpointStateMachine task thread for /0.0.0.0:43255 - 0 ] INFO  server.RaftServer (RaftServerProxy.java:lambda$start$5(374)) - 8543d24f-bec7-4768-944c-282c8ff9c745: start RPC server
2022-01-20 14:18:12,957 [Listener at 127.0.0.1/36805] INFO  server.AbstractConnector (AbstractConnector.java:doStart(331)) - Started ServerConnector@51cd3b50{HTTP/1.1, (http/1.1)}{0.0.0.0:36351}
2022-01-20 14:18:12,957 [Listener at 127.0.0.1/36805] INFO  server.Server (Server.java:doStart(415)) - Started @125416ms
2022-01-20 14:18:12,957 [Listener at 127.0.0.1/36805] WARN  impl.MetricsSystemImpl (MetricsSystemImpl.java:register(279)) - Sink prometheus already exists!
2022-01-20 14:18:12,958 [Listener at 127.0.0.1/36805] INFO  http.BaseHttpServer (BaseHttpServer.java:updateConnectorAddress(329)) - HTTP server of hddsDatanode listening at http://0.0.0.0:36351
2022-01-20 14:18:12,958 [Listener at 127.0.0.1/36805] WARN  impl.MetricRegistriesImpl (MetricRegistriesImpl.java:addReporterRegistration(111)) - New reporters are added after registries were created. Some metrics will be missing from the reporter. Please add reporter before adding any new registry.
2022-01-20 14:18:12,959 [Listener at 127.0.0.1/36805] WARN  impl.MetricRegistriesImpl (MetricRegistriesImpl.java:addReporterRegistration(111)) - New reporters are added after registries were created. Some metrics will be missing from the reporter. Please add reporter before adding any new registry.
2022-01-20 14:18:12,959 [Listener at 127.0.0.1/36805] INFO  impl.MetricsSystemImpl (MetricsSystemImpl.java:init(158)) - HddsDatanode metrics system started (again)
2022-01-20 14:18:12,971 [EndpointStateMachine task thread for /0.0.0.0:43255 - 0 ] INFO  server.GrpcService (GrpcService.java:startImpl(253)) - 8543d24f-bec7-4768-944c-282c8ff9c745: GrpcService started, listening on 34369
2022-01-20 14:18:12,974 [EndpointStateMachine task thread for /0.0.0.0:43255 - 0 ] INFO  ratis.XceiverServerRatis (XceiverServerRatis.java:getRealPort(505)) - XceiverServerRatis 8543d24f-bec7-4768-944c-282c8ff9c745 is started using port 34369 for RATIS
2022-01-20 14:18:12,974 [EndpointStateMachine task thread for /0.0.0.0:43255 - 0 ] INFO  ratis.XceiverServerRatis (XceiverServerRatis.java:getRealPort(505)) - XceiverServerRatis 8543d24f-bec7-4768-944c-282c8ff9c745 is started using port 34369 for RATIS_ADMIN
2022-01-20 14:18:12,974 [EndpointStateMachine task thread for /0.0.0.0:43255 - 0 ] INFO  ratis.XceiverServerRatis (XceiverServerRatis.java:getRealPort(505)) - XceiverServerRatis 8543d24f-bec7-4768-944c-282c8ff9c745 is started using port 34369 for RATIS_SERVER
2022-01-20 14:18:12,975 [org.apache.ratis.util.JvmPauseMonitor$$Lambda$431/385784873@38845c29] INFO  util.JvmPauseMonitor (JvmPauseMonitor.java:run(103)) - JvmPauseMonitor-8543d24f-bec7-4768-944c-282c8ff9c745: Started
2022-01-20 14:18:12,978 [Datanode State Machine Daemon Thread] INFO  statemachine.DatanodeStateMachine (DatanodeStateMachine.java:lambda$startDaemon$0(470)) - Ozone container server started.
2022-01-20 14:18:12,984 [Listener at 127.0.0.1/36805] INFO  ozone.HddsDatanodeService (HddsDatanodeService.java:start(234)) - HddsDatanodeService host:fv-az294-522.eaanfquahm5ulb5tj050gcxych.jx.internal.cloudapp.net ip:10.1.0.33
2022-01-20 14:18:13,014 [EndpointStateMachine task thread for /0.0.0.0:43255 - 0 ] INFO  server.XceiverServerGrpc (XceiverServerGrpc.java:start(180)) - XceiverServerGrpc 8543d24f-bec7-4768-944c-282c8ff9c745 is started using port 38809
2022-01-20 14:18:13,018 [org.apache.hadoop.util.JvmPauseMonitor$Monitor@6b122bc6] INFO  util.JvmPauseMonitor (JvmPauseMonitor.java:run(188)) - Starting JVM pause monitor
2022-01-20 14:18:13,037 [Datanode State Machine Task Thread - 0] INFO  datanode.InitDatanodeState (InitDatanodeState.java:persistContainerDatanodeDetails(145)) - DatanodeDetails is persisted to /home/runner/work/ozone/ozone/hadoop-ozone/integration-test/target/test-dir/MiniOzoneClusterImpl-f1e7e660-ec45-4ef3-9198-8cc7416827f1/datanode-6/meta/datanode.id
2022-01-20 14:18:13,064 [Listener at 127.0.0.1/36805] INFO  upgrade.AbstractLayoutVersionManager (AbstractLayoutVersionManager.java:init(79)) - Initializing Layout version manager with metadata layout = SCM_HA (version = 2), software layout = SCM_HA (version = 2)
2022-01-20 14:18:13,137 [IPC Server handler 1 on default port 43255] INFO  net.NetworkTopologyImpl (NetworkTopologyImpl.java:add(112)) - Added a new node: /default-rack/f405db60-e51c-4785-8bbc-e1c4726dfe5c
2022-01-20 14:18:13,137 [IPC Server handler 1 on default port 43255] INFO  node.SCMNodeManager (SCMNodeManager.java:register(389)) - Registered Data node : f405db60-e51c-4785-8bbc-e1c4726dfe5c{ip: 10.1.0.33, host: fv-az294-522.eaanfquahm5ulb5tj050gcxych.jx.internal.cloudapp.net, ports: [REPLICATION=42491, RATIS=35313, RATIS_ADMIN=35313, RATIS_SERVER=35313, STANDALONE=44397], networkLocation: /default-rack, certSerialId: null, persistedOpState: null, persistedOpStateExpiryEpochSec: 0}
2022-01-20 14:18:13,138 [EventQueue-NewNodeForNewNodeHandler] INFO  pipeline.BackgroundPipelineCreator (BackgroundPipelineCreator.java:notifyEventTriggered(285)) - trigger a one-shot run on RatisPipelineUtilsThread.
2022-01-20 14:18:13,141 [RatisPipelineUtilsThread - 0] INFO  pipeline.RatisPipelineProvider (RatisPipelineProvider.java:lambda$create$0(183)) - Sending CreatePipelineCommand for pipeline:PipelineID=720ba929-743e-41fc-9e69-5bab6e4d1a69 to datanode:f405db60-e51c-4785-8bbc-e1c4726dfe5c
2022-01-20 14:18:13,143 [EventQueue-NodeRegistrationContainerReportForDataNodeSafeModeRule] INFO  safemode.SCMSafeModeManager (DataNodeSafeModeRule.java:process(71)) - SCM in safe mode. 2 DataNodes registered, 3 required.
2022-01-20 14:18:13,145 [1614213d-f914-440d-b8eb-f10be6afcbc1@group-8CC7416827F1-StateMachineUpdater] INFO  pipeline.PipelineStateManagerImpl (PipelineStateManagerImpl.java:addPipeline(101)) - Created pipeline Pipeline[ Id: 720ba929-743e-41fc-9e69-5bab6e4d1a69, Nodes: f405db60-e51c-4785-8bbc-e1c4726dfe5c{ip: 10.1.0.33, host: fv-az294-522.eaanfquahm5ulb5tj050gcxych.jx.internal.cloudapp.net, ports: [REPLICATION=42491, RATIS=35313, RATIS_ADMIN=35313, RATIS_SERVER=35313, STANDALONE=44397], networkLocation: /default-rack, certSerialId: null, persistedOpState: IN_SERVICE, persistedOpStateExpiryEpochSec: 0}, ReplicationConfig: RATIS/ONE, State:ALLOCATED, leaderId:, CreationTimestamp2022-01-20T14:18:13.141Z[Etc/UTC]].
2022-01-20 14:18:13,145 [1614213d-f914-440d-b8eb-f10be6afcbc1@group-8CC7416827F1-StateMachineUpdater] INFO  safemode.HealthyPipelineSafeModeRule (HealthyPipelineSafeModeRule.java:initializeRule(152)) - Refreshed total pipeline count is 0, healthy pipeline threshold count is 1
2022-01-20 14:18:13,145 [RatisPipelineUtilsThread - 0] INFO  ha.SCMHAInvocationHandler (SCMHAInvocationHandler.java:invokeRatis(113)) - Invoking method public abstract void org.apache.hadoop.hdds.scm.pipeline.PipelineStateManager.addPipeline(org.apache.hadoop.hdds.protocol.proto.HddsProtos$Pipeline) throws java.io.IOException on target org.apache.hadoop.hdds.scm.ha.SCMRatisServerImpl@2589c416, cost 3732.029us
2022-01-20 14:18:13,153 [Listener at 127.0.0.1/36805] INFO  reflections.Reflections (Reflections.java:scan(232)) - Reflections took 88 ms to scan 7 urls, producing 119 keys and 279 values 
2022-01-20 14:18:13,154 [Listener at 127.0.0.1/36805] INFO  statemachine.DatanodeStateMachine (DatanodeStateMachine.java:getEndPointTaskThreadPoolSize(222)) - Datanode State Machine Task Thread Pool size 2
2022-01-20 14:18:13,156 [Listener at 127.0.0.1/36805] INFO  volume.HddsVolume (HddsVolume.java:<init>(120)) - Creating HddsVolume: /home/runner/work/ozone/ozone/hadoop-ozone/integration-test/target/test-dir/MiniOzoneClusterImpl-f1e7e660-ec45-4ef3-9198-8cc7416827f1/datanode-7/data-0/containers/hdds of storage type : DISK capacity : 9223372036854775807
2022-01-20 14:18:13,156 [Listener at 127.0.0.1/36805] INFO  volume.MutableVolumeSet (MutableVolumeSet.java:initializeVolumeSet(168)) - Added Volume : /home/runner/work/ozone/ozone/hadoop-ozone/integration-test/target/test-dir/MiniOzoneClusterImpl-f1e7e660-ec45-4ef3-9198-8cc7416827f1/datanode-7/data-0/containers/hdds to VolumeSet
2022-01-20 14:18:13,156 [Listener at 127.0.0.1/36805] INFO  volume.ThrottledAsyncChecker (ThrottledAsyncChecker.java:schedule(141)) - Scheduling a check for /home/runner/work/ozone/ozone/hadoop-ozone/integration-test/target/test-dir/MiniOzoneClusterImpl-f1e7e660-ec45-4ef3-9198-8cc7416827f1/datanode-7/data-0/containers/hdds
2022-01-20 14:18:13,157 [Listener at 127.0.0.1/36805] INFO  volume.StorageVolumeChecker (StorageVolumeChecker.java:checkAllVolumes(202)) - Scheduled health check for volume /home/runner/work/ozone/ozone/hadoop-ozone/integration-test/target/test-dir/MiniOzoneClusterImpl-f1e7e660-ec45-4ef3-9198-8cc7416827f1/datanode-7/data-0/containers/hdds
2022-01-20 14:18:13,205 [Listener at 127.0.0.1/36805] INFO  volume.MutableVolumeSet (MutableVolumeSet.java:initializeVolumeSet(168)) - Added Volume : /home/runner/work/ozone/ozone/hadoop-ozone/integration-test/target/test-dir/MiniOzoneClusterImpl-f1e7e660-ec45-4ef3-9198-8cc7416827f1/datanode-7/data/ratis to VolumeSet
2022-01-20 14:18:13,206 [Listener at 127.0.0.1/36805] INFO  volume.ThrottledAsyncChecker (ThrottledAsyncChecker.java:schedule(141)) - Scheduling a check for /home/runner/work/ozone/ozone/hadoop-ozone/integration-test/target/test-dir/MiniOzoneClusterImpl-f1e7e660-ec45-4ef3-9198-8cc7416827f1/datanode-7/data/ratis
2022-01-20 14:18:13,208 [Listener at 127.0.0.1/36805] INFO  volume.StorageVolumeChecker (StorageVolumeChecker.java:checkAllVolumes(202)) - Scheduled health check for volume /home/runner/work/ozone/ozone/hadoop-ozone/integration-test/target/test-dir/MiniOzoneClusterImpl-f1e7e660-ec45-4ef3-9198-8cc7416827f1/datanode-7/data/ratis
2022-01-20 14:18:13,253 [Thread-883] INFO  ozoneimpl.ContainerReader (ContainerReader.java:readVolume(172)) - Finish verifying containers on volume /home/runner/work/ozone/ozone/hadoop-ozone/integration-test/target/test-dir/MiniOzoneClusterImpl-f1e7e660-ec45-4ef3-9198-8cc7416827f1/datanode-7/data-0/containers/hdds
2022-01-20 14:18:13,253 [Listener at 127.0.0.1/36805] INFO  ozoneimpl.OzoneContainer (OzoneContainer.java:buildContainerSet(237)) - Build ContainerSet costs 0s
2022-01-20 14:18:13,255 [Listener at 127.0.0.1/36805] INFO  server.RaftServer (ConfUtils.java:logGet(44)) - raft.rpc.type = GRPC (default)
2022-01-20 14:18:13,256 [Listener at 127.0.0.1/36805] INFO  grpc.GrpcFactory (GrpcFactory.java:checkPooledByteBufAllocatorUseCacheForAllThreads(48)) - PERFORMANCE WARNING: useCacheForAllThreads is true that may cause Netty to create a lot garbage objects and, as a result, trigger GC.
	It is recommended to disable useCacheForAllThreads by setting -Dorg.apache.ratis.thirdparty.io.netty.allocator.useCacheForAllThreads=false in command line.
2022-01-20 14:18:13,256 [Listener at 127.0.0.1/36805] INFO  grpc.GrpcConfigKeys (ConfUtils.java:logGet(44)) - raft.grpc.admin.port = 0 (custom)
2022-01-20 14:18:13,256 [Listener at 127.0.0.1/36805] INFO  grpc.GrpcConfigKeys (ConfUtils.java:logGet(44)) - raft.grpc.client.port = 0 (custom)
2022-01-20 14:18:13,256 [Listener at 127.0.0.1/36805] INFO  grpc.GrpcConfigKeys (ConfUtils.java:logGet(44)) - raft.grpc.server.port = 0 (default)
2022-01-20 14:18:13,256 [Listener at 127.0.0.1/36805] INFO  server.GrpcService (ConfUtils.java:logGet(44)) - raft.grpc.message.size.max = 32MB (=33554432) (custom)
2022-01-20 14:18:13,257 [Listener at 127.0.0.1/36805] INFO  server.RaftServerConfigKeys (ConfUtils.java:logGet(44)) - raft.server.log.appender.buffer.byte-limit = 33554432 (custom)
2022-01-20 14:18:13,257 [Listener at 127.0.0.1/36805] INFO  server.GrpcService (ConfUtils.java:logGet(44)) - raft.grpc.flow.control.window = 5MB (=5242880) (custom)
2022-01-20 14:18:13,257 [Listener at 127.0.0.1/36805] INFO  server.RaftServerConfigKeys (ConfUtils.java:logGet(44)) - raft.server.rpc.request.timeout = 3000ms (default)
2022-01-20 14:18:13,258 [Listener at 127.0.0.1/36805] INFO  impl.DataStreamServerImpl (ConfUtils.java:logGet(44)) - raft.datastream.type = DISABLED (default)
2022-01-20 14:18:13,258 [Listener at 127.0.0.1/36805] INFO  server.RaftServerConfigKeys (ConfUtils.java:logGet(44)) - raft.server.rpc.slowness.timeout = 300000ms (custom)
2022-01-20 14:18:13,258 [Listener at 127.0.0.1/36805] INFO  server.RaftServerConfigKeys (ConfUtils.java:logGet(44)) - raft.server.leaderelection.leader.step-down.wait-time = 10s (default)
2022-01-20 14:18:13,259 [Listener at 127.0.0.1/36805] INFO  server.RaftServerConfigKeys (ConfUtils.java:logGet(44)) - raft.server.storage.dir = [/home/runner/work/ozone/ozone/hadoop-ozone/integration-test/target/test-dir/MiniOzoneClusterImpl-f1e7e660-ec45-4ef3-9198-8cc7416827f1/datanode-7/data/ratis] (custom)
2022-01-20 14:18:13,260 [Listener at 127.0.0.1/36805] INFO  server.XceiverServerGrpc (XceiverServerGrpc.java:<init>(132)) - GrpcServer channel type EpollServerSocketChannel
2022-01-20 14:18:13,262 [Listener at 127.0.0.1/36805] INFO  http.BaseHttpServer (BaseHttpServer.java:newHttpServer2BuilderForOzone(209)) - Starting Web-server for hddsDatanode at: http://0.0.0.0:0
2022-01-20 14:18:13,262 [Listener at 127.0.0.1/36805] INFO  http.BaseHttpServer (BaseHttpServer.java:<init>(107)) - Hadoop Security Enabled: false Ozone Security Enabled: false Ozone HTTP Security Enabled: false 
2022-01-20 14:18:13,263 [Listener at 127.0.0.1/36805] INFO  server.AuthenticationFilter (AuthenticationFilter.java:constructSecretProvider(240)) - Unable to initialize FileSignerSecretProvider, falling back to use random secrets.
2022-01-20 14:18:13,264 [Listener at 127.0.0.1/36805] WARN  http.HttpRequestLog (HttpRequestLog.java:getRequestLog(103)) - Jetty request log can only be enabled using Log4j
2022-01-20 14:18:13,278 [Listener at 127.0.0.1/36805] INFO  http.HttpServer2 (HttpServer2.java:addGlobalFilter(1030)) - Added global filter 'safety' (class=org.apache.hadoop.hdds.server.http.HttpServer2$QuotingInputFilter)
2022-01-20 14:18:13,278 [Listener at 127.0.0.1/36805] INFO  http.HttpServer2 (HttpServer2.java:addFilter(1006)) - Added filter static_user_filter (class=org.apache.hadoop.http.lib.StaticUserWebFilter$StaticUserFilter) to context hddsDatanode
2022-01-20 14:18:13,285 [Listener at 127.0.0.1/36805] INFO  http.HttpServer2 (HttpServer2.java:addFilter(1014)) - Added filter static_user_filter (class=org.apache.hadoop.http.lib.StaticUserWebFilter$StaticUserFilter) to context logs
2022-01-20 14:18:13,286 [Listener at 127.0.0.1/36805] INFO  http.HttpServer2 (HttpServer2.java:addFilter(1014)) - Added filter static_user_filter (class=org.apache.hadoop.http.lib.StaticUserWebFilter$StaticUserFilter) to context static
2022-01-20 14:18:13,286 [Listener at 127.0.0.1/36805] INFO  http.HttpServer2 (HttpServer2.java:bindListener(1249)) - Jetty bound to port 42975
2022-01-20 14:18:13,287 [Listener at 127.0.0.1/36805] INFO  server.Server (Server.java:doStart(375)) - jetty-9.4.43.v20210629; built: 2021-06-30T11:07:22.254Z; git: 526006ecfa3af7f1a27ef3a288e2bef7ea9dd7e8; jvm 1.8.0_312-b07
2022-01-20 14:18:13,337 [Listener at 127.0.0.1/36805] INFO  server.session (DefaultSessionIdManager.java:doStart(334)) - DefaultSessionIdManager workerName=node0
2022-01-20 14:18:13,338 [Listener at 127.0.0.1/36805] INFO  server.session (DefaultSessionIdManager.java:doStart(339)) - No SessionScavenger set, using defaults
2022-01-20 14:18:13,338 [Listener at 127.0.0.1/36805] INFO  server.session (HouseKeeper.java:startScavenging(132)) - node0 Scavenging every 660000ms
2022-01-20 14:18:13,339 [Listener at 127.0.0.1/36805] INFO  handler.ContextHandler (ContextHandler.java:doStart(915)) - Started o.e.j.s.ServletContextHandler@3f5efaf8{logs,/logs,file:///home/runner/work/ozone/ozone/hadoop-ozone/integration-test/target/log,AVAILABLE}
2022-01-20 14:18:13,339 [Listener at 127.0.0.1/36805] INFO  handler.ContextHandler (ContextHandler.java:doStart(915)) - Started o.e.j.s.ServletContextHandler@79a89995{static,/static,jar:file:/home/runner/.m2/repository/org/apache/ozone/hdds-container-service/1.3.0-SNAPSHOT/hdds-container-service-1.3.0-SNAPSHOT.jar!/webapps/static,AVAILABLE}
2022-01-20 14:18:13,421 [EndpointStateMachine task thread for /0.0.0.0:43255 - 0 ] INFO  ozoneimpl.OzoneContainer (OzoneContainer.java:start(315)) - Attempting to start container services.
2022-01-20 14:18:13,421 [EndpointStateMachine task thread for /0.0.0.0:43255 - 0 ] INFO  ozoneimpl.OzoneContainer (OzoneContainer.java:startContainerScrub(250)) - Background container scanner has been disabled.
2022-01-20 14:18:13,422 [EndpointStateMachine task thread for /0.0.0.0:43255 - 0 ] INFO  replication.ReplicationServer (ReplicationServer.java:start(111)) - ReplicationServer is started using port 39833
2022-01-20 14:18:13,447 [EndpointStateMachine task thread for /0.0.0.0:43255 - 0 ] INFO  ratis.XceiverServerRatis (XceiverServerRatis.java:start(484)) - Starting XceiverServerRatis c842222a-b1c3-47cd-9e78-3481338af40d
2022-01-20 14:18:13,476 [EndpointStateMachine task thread for /0.0.0.0:43255 - 0 ] INFO  server.RaftServer (RaftServerProxy.java:lambda$start$5(374)) - c842222a-b1c3-47cd-9e78-3481338af40d: start RPC server
2022-01-20 14:18:13,476 [EndpointStateMachine task thread for /0.0.0.0:43255 - 0 ] INFO  server.GrpcService (GrpcService.java:startImpl(253)) - c842222a-b1c3-47cd-9e78-3481338af40d: GrpcService started, listening on 44871
2022-01-20 14:18:13,492 [EndpointStateMachine task thread for /0.0.0.0:43255 - 0 ] INFO  ratis.XceiverServerRatis (XceiverServerRatis.java:getRealPort(505)) - XceiverServerRatis c842222a-b1c3-47cd-9e78-3481338af40d is started using port 44871 for RATIS
2022-01-20 14:18:13,493 [EndpointStateMachine task thread for /0.0.0.0:43255 - 0 ] INFO  ratis.XceiverServerRatis (XceiverServerRatis.java:getRealPort(505)) - XceiverServerRatis c842222a-b1c3-47cd-9e78-3481338af40d is started using port 44871 for RATIS_ADMIN
2022-01-20 14:18:13,493 [EndpointStateMachine task thread for /0.0.0.0:43255 - 0 ] INFO  ratis.XceiverServerRatis (XceiverServerRatis.java:getRealPort(505)) - XceiverServerRatis c842222a-b1c3-47cd-9e78-3481338af40d is started using port 44871 for RATIS_SERVER
2022-01-20 14:18:13,493 [org.apache.ratis.util.JvmPauseMonitor$$Lambda$431/385784873@1ae20a1c] INFO  util.JvmPauseMonitor (JvmPauseMonitor.java:run(103)) - JvmPauseMonitor-c842222a-b1c3-47cd-9e78-3481338af40d: Started
2022-01-20 14:18:13,511 [Listener at 127.0.0.1/36805] INFO  handler.ContextHandler (ContextHandler.java:doStart(915)) - Started o.e.j.w.WebAppContext@298e6a00{hddsDatanode,/,file:///tmp/jetty-0_0_0_0-42975-hdds-container-service-1_3_0-SNAPSHOT_jar-_-any-8406662746865358020/webapp/,AVAILABLE}{jar:file:/home/runner/.m2/repository/org/apache/ozone/hdds-container-service/1.3.0-SNAPSHOT/hdds-container-service-1.3.0-SNAPSHOT.jar!/webapps/hddsDatanode}
2022-01-20 14:18:13,535 [Listener at 127.0.0.1/36805] INFO  server.AbstractConnector (AbstractConnector.java:doStart(331)) - Started ServerConnector@185ea2dd{HTTP/1.1, (http/1.1)}{0.0.0.0:42975}
2022-01-20 14:18:13,535 [Listener at 127.0.0.1/36805] INFO  server.Server (Server.java:doStart(415)) - Started @125995ms
2022-01-20 14:18:13,536 [Listener at 127.0.0.1/36805] WARN  impl.MetricsSystemImpl (MetricsSystemImpl.java:register(279)) - Sink prometheus already exists!
2022-01-20 14:18:13,537 [Listener at 127.0.0.1/36805] INFO  http.BaseHttpServer (BaseHttpServer.java:updateConnectorAddress(329)) - HTTP server of hddsDatanode listening at http://0.0.0.0:42975
2022-01-20 14:18:13,538 [Listener at 127.0.0.1/36805] WARN  impl.MetricRegistriesImpl (MetricRegistriesImpl.java:addReporterRegistration(111)) - New reporters are added after registries were created. Some metrics will be missing from the reporter. Please add reporter before adding any new registry.
2022-01-20 14:18:13,538 [Listener at 127.0.0.1/36805] WARN  impl.MetricRegistriesImpl (MetricRegistriesImpl.java:addReporterRegistration(111)) - New reporters are added after registries were created. Some metrics will be missing from the reporter. Please add reporter before adding any new registry.
2022-01-20 14:18:13,538 [Listener at 127.0.0.1/36805] INFO  impl.MetricsSystemImpl (MetricsSystemImpl.java:init(158)) - HddsDatanode metrics system started (again)
2022-01-20 14:18:13,540 [EndpointStateMachine task thread for /0.0.0.0:43255 - 0 ] INFO  server.XceiverServerGrpc (XceiverServerGrpc.java:start(180)) - XceiverServerGrpc c842222a-b1c3-47cd-9e78-3481338af40d is started using port 45605
2022-01-20 14:18:13,580 [Datanode State Machine Daemon Thread] INFO  statemachine.DatanodeStateMachine (DatanodeStateMachine.java:lambda$startDaemon$0(470)) - Ozone container server started.
2022-01-20 14:18:13,634 [Listener at 127.0.0.1/36805] INFO  ozone.HddsDatanodeService (HddsDatanodeService.java:start(234)) - HddsDatanodeService host:fv-az294-522.eaanfquahm5ulb5tj050gcxych.jx.internal.cloudapp.net ip:10.1.0.33
2022-01-20 14:18:13,658 [Listener at 127.0.0.1/36805] INFO  upgrade.AbstractLayoutVersionManager (AbstractLayoutVersionManager.java:init(79)) - Initializing Layout version manager with metadata layout = SCM_HA (version = 2), software layout = SCM_HA (version = 2)
2022-01-20 14:18:13,658 [org.apache.hadoop.util.JvmPauseMonitor$Monitor@6d9a3f3c] INFO  util.JvmPauseMonitor (JvmPauseMonitor.java:run(188)) - Starting JVM pause monitor
2022-01-20 14:18:13,674 [Datanode State Machine Task Thread - 0] INFO  datanode.InitDatanodeState (InitDatanodeState.java:persistContainerDatanodeDetails(145)) - DatanodeDetails is persisted to /home/runner/work/ozone/ozone/hadoop-ozone/integration-test/target/test-dir/MiniOzoneClusterImpl-f1e7e660-ec45-4ef3-9198-8cc7416827f1/datanode-7/meta/datanode.id
2022-01-20 14:18:13,789 [Listener at 127.0.0.1/36805] INFO  reflections.Reflections (Reflections.java:scan(232)) - Reflections took 130 ms to scan 7 urls, producing 119 keys and 279 values 
2022-01-20 14:18:13,791 [Listener at 127.0.0.1/36805] INFO  statemachine.DatanodeStateMachine (DatanodeStateMachine.java:getEndPointTaskThreadPoolSize(222)) - Datanode State Machine Task Thread Pool size 2
2022-01-20 14:18:13,792 [Listener at 127.0.0.1/36805] INFO  volume.HddsVolume (HddsVolume.java:<init>(120)) - Creating HddsVolume: /home/runner/work/ozone/ozone/hadoop-ozone/integration-test/target/test-dir/MiniOzoneClusterImpl-f1e7e660-ec45-4ef3-9198-8cc7416827f1/datanode-8/data-0/containers/hdds of storage type : DISK capacity : 9223372036854775807
2022-01-20 14:18:13,792 [Listener at 127.0.0.1/36805] INFO  volume.MutableVolumeSet (MutableVolumeSet.java:initializeVolumeSet(168)) - Added Volume : /home/runner/work/ozone/ozone/hadoop-ozone/integration-test/target/test-dir/MiniOzoneClusterImpl-f1e7e660-ec45-4ef3-9198-8cc7416827f1/datanode-8/data-0/containers/hdds to VolumeSet
2022-01-20 14:18:13,792 [Listener at 127.0.0.1/36805] INFO  volume.ThrottledAsyncChecker (ThrottledAsyncChecker.java:schedule(141)) - Scheduling a check for /home/runner/work/ozone/ozone/hadoop-ozone/integration-test/target/test-dir/MiniOzoneClusterImpl-f1e7e660-ec45-4ef3-9198-8cc7416827f1/datanode-8/data-0/containers/hdds
2022-01-20 14:18:13,825 [Listener at 127.0.0.1/36805] INFO  volume.StorageVolumeChecker (StorageVolumeChecker.java:checkAllVolumes(202)) - Scheduled health check for volume /home/runner/work/ozone/ozone/hadoop-ozone/integration-test/target/test-dir/MiniOzoneClusterImpl-f1e7e660-ec45-4ef3-9198-8cc7416827f1/datanode-8/data-0/containers/hdds
2022-01-20 14:18:13,837 [Listener at 127.0.0.1/36805] INFO  volume.MutableVolumeSet (MutableVolumeSet.java:initializeVolumeSet(168)) - Added Volume : /home/runner/work/ozone/ozone/hadoop-ozone/integration-test/target/test-dir/MiniOzoneClusterImpl-f1e7e660-ec45-4ef3-9198-8cc7416827f1/datanode-8/data/ratis to VolumeSet
2022-01-20 14:18:13,838 [Listener at 127.0.0.1/36805] INFO  volume.ThrottledAsyncChecker (ThrottledAsyncChecker.java:schedule(141)) - Scheduling a check for /home/runner/work/ozone/ozone/hadoop-ozone/integration-test/target/test-dir/MiniOzoneClusterImpl-f1e7e660-ec45-4ef3-9198-8cc7416827f1/datanode-8/data/ratis
2022-01-20 14:18:13,838 [Listener at 127.0.0.1/36805] INFO  volume.StorageVolumeChecker (StorageVolumeChecker.java:checkAllVolumes(202)) - Scheduled health check for volume /home/runner/work/ozone/ozone/hadoop-ozone/integration-test/target/test-dir/MiniOzoneClusterImpl-f1e7e660-ec45-4ef3-9198-8cc7416827f1/datanode-8/data/ratis
2022-01-20 14:18:13,894 [Thread-898] INFO  ozoneimpl.ContainerReader (ContainerReader.java:readVolume(172)) - Finish verifying containers on volume /home/runner/work/ozone/ozone/hadoop-ozone/integration-test/target/test-dir/MiniOzoneClusterImpl-f1e7e660-ec45-4ef3-9198-8cc7416827f1/datanode-8/data-0/containers/hdds
2022-01-20 14:18:13,894 [Listener at 127.0.0.1/36805] INFO  ozoneimpl.OzoneContainer (OzoneContainer.java:buildContainerSet(237)) - Build ContainerSet costs 0s
2022-01-20 14:18:13,903 [Listener at 127.0.0.1/36805] INFO  server.RaftServer (ConfUtils.java:logGet(44)) - raft.rpc.type = GRPC (default)
2022-01-20 14:18:13,903 [Listener at 127.0.0.1/36805] INFO  grpc.GrpcFactory (GrpcFactory.java:checkPooledByteBufAllocatorUseCacheForAllThreads(48)) - PERFORMANCE WARNING: useCacheForAllThreads is true that may cause Netty to create a lot garbage objects and, as a result, trigger GC.
	It is recommended to disable useCacheForAllThreads by setting -Dorg.apache.ratis.thirdparty.io.netty.allocator.useCacheForAllThreads=false in command line.
2022-01-20 14:18:13,903 [Listener at 127.0.0.1/36805] INFO  grpc.GrpcConfigKeys (ConfUtils.java:logGet(44)) - raft.grpc.admin.port = 0 (custom)
2022-01-20 14:18:13,904 [Listener at 127.0.0.1/36805] INFO  grpc.GrpcConfigKeys (ConfUtils.java:logGet(44)) - raft.grpc.client.port = 0 (custom)
2022-01-20 14:18:13,904 [Listener at 127.0.0.1/36805] INFO  grpc.GrpcConfigKeys (ConfUtils.java:logGet(44)) - raft.grpc.server.port = 0 (default)
2022-01-20 14:18:13,904 [Listener at 127.0.0.1/36805] INFO  server.GrpcService (ConfUtils.java:logGet(44)) - raft.grpc.message.size.max = 32MB (=33554432) (custom)
2022-01-20 14:18:13,904 [Listener at 127.0.0.1/36805] INFO  server.RaftServerConfigKeys (ConfUtils.java:logGet(44)) - raft.server.log.appender.buffer.byte-limit = 33554432 (custom)
2022-01-20 14:18:13,904 [Listener at 127.0.0.1/36805] INFO  server.GrpcService (ConfUtils.java:logGet(44)) - raft.grpc.flow.control.window = 5MB (=5242880) (custom)
2022-01-20 14:18:13,904 [Listener at 127.0.0.1/36805] INFO  server.RaftServerConfigKeys (ConfUtils.java:logGet(44)) - raft.server.rpc.request.timeout = 3000ms (default)
2022-01-20 14:18:13,906 [Listener at 127.0.0.1/36805] INFO  impl.DataStreamServerImpl (ConfUtils.java:logGet(44)) - raft.datastream.type = DISABLED (default)
2022-01-20 14:18:13,906 [Listener at 127.0.0.1/36805] INFO  server.RaftServerConfigKeys (ConfUtils.java:logGet(44)) - raft.server.rpc.slowness.timeout = 300000ms (custom)
2022-01-20 14:18:13,912 [Listener at 127.0.0.1/36805] INFO  server.RaftServerConfigKeys (ConfUtils.java:logGet(44)) - raft.server.leaderelection.leader.step-down.wait-time = 10s (default)
2022-01-20 14:18:13,913 [Listener at 127.0.0.1/36805] INFO  server.RaftServerConfigKeys (ConfUtils.java:logGet(44)) - raft.server.storage.dir = [/home/runner/work/ozone/ozone/hadoop-ozone/integration-test/target/test-dir/MiniOzoneClusterImpl-f1e7e660-ec45-4ef3-9198-8cc7416827f1/datanode-8/data/ratis] (custom)
2022-01-20 14:18:13,914 [Listener at 127.0.0.1/36805] INFO  server.XceiverServerGrpc (XceiverServerGrpc.java:<init>(132)) - GrpcServer channel type EpollServerSocketChannel
2022-01-20 14:18:13,919 [Listener at 127.0.0.1/36805] INFO  http.BaseHttpServer (BaseHttpServer.java:newHttpServer2BuilderForOzone(209)) - Starting Web-server for hddsDatanode at: http://0.0.0.0:0
2022-01-20 14:18:13,919 [Listener at 127.0.0.1/36805] INFO  http.BaseHttpServer (BaseHttpServer.java:<init>(107)) - Hadoop Security Enabled: false Ozone Security Enabled: false Ozone HTTP Security Enabled: false 
2022-01-20 14:18:13,920 [Listener at 127.0.0.1/36805] INFO  server.AuthenticationFilter (AuthenticationFilter.java:constructSecretProvider(240)) - Unable to initialize FileSignerSecretProvider, falling back to use random secrets.
2022-01-20 14:18:13,921 [Listener at 127.0.0.1/36805] WARN  http.HttpRequestLog (HttpRequestLog.java:getRequestLog(103)) - Jetty request log can only be enabled using Log4j
2022-01-20 14:18:13,922 [Listener at 127.0.0.1/36805] INFO  http.HttpServer2 (HttpServer2.java:addGlobalFilter(1030)) - Added global filter 'safety' (class=org.apache.hadoop.hdds.server.http.HttpServer2$QuotingInputFilter)
2022-01-20 14:18:13,922 [Listener at 127.0.0.1/36805] INFO  http.HttpServer2 (HttpServer2.java:addFilter(1006)) - Added filter static_user_filter (class=org.apache.hadoop.http.lib.StaticUserWebFilter$StaticUserFilter) to context hddsDatanode
2022-01-20 14:18:13,922 [Listener at 127.0.0.1/36805] INFO  http.HttpServer2 (HttpServer2.java:addFilter(1014)) - Added filter static_user_filter (class=org.apache.hadoop.http.lib.StaticUserWebFilter$StaticUserFilter) to context logs
2022-01-20 14:18:13,922 [Listener at 127.0.0.1/36805] INFO  http.HttpServer2 (HttpServer2.java:addFilter(1014)) - Added filter static_user_filter (class=org.apache.hadoop.http.lib.StaticUserWebFilter$StaticUserFilter) to context static
2022-01-20 14:18:13,923 [Listener at 127.0.0.1/36805] INFO  http.HttpServer2 (HttpServer2.java:bindListener(1249)) - Jetty bound to port 41129
2022-01-20 14:18:13,923 [Listener at 127.0.0.1/36805] INFO  server.Server (Server.java:doStart(375)) - jetty-9.4.43.v20210629; built: 2021-06-30T11:07:22.254Z; git: 526006ecfa3af7f1a27ef3a288e2bef7ea9dd7e8; jvm 1.8.0_312-b07
2022-01-20 14:18:13,924 [Listener at 127.0.0.1/36805] INFO  server.session (DefaultSessionIdManager.java:doStart(334)) - DefaultSessionIdManager workerName=node0
2022-01-20 14:18:13,925 [Listener at 127.0.0.1/36805] INFO  server.session (DefaultSessionIdManager.java:doStart(339)) - No SessionScavenger set, using defaults
2022-01-20 14:18:13,925 [Listener at 127.0.0.1/36805] INFO  server.session (HouseKeeper.java:startScavenging(132)) - node0 Scavenging every 600000ms
2022-01-20 14:18:13,926 [Listener at 127.0.0.1/36805] INFO  handler.ContextHandler (ContextHandler.java:doStart(915)) - Started o.e.j.s.ServletContextHandler@4583046a{logs,/logs,file:///home/runner/work/ozone/ozone/hadoop-ozone/integration-test/target/log,AVAILABLE}
2022-01-20 14:18:13,926 [Listener at 127.0.0.1/36805] INFO  handler.ContextHandler (ContextHandler.java:doStart(915)) - Started o.e.j.s.ServletContextHandler@1cd9fd72{static,/static,jar:file:/home/runner/.m2/repository/org/apache/ozone/hdds-container-service/1.3.0-SNAPSHOT/hdds-container-service-1.3.0-SNAPSHOT.jar!/webapps/static,AVAILABLE}
2022-01-20 14:18:14,039 [Listener at 127.0.0.1/36805] INFO  handler.ContextHandler (ContextHandler.java:doStart(915)) - Started o.e.j.w.WebAppContext@164e9564{hddsDatanode,/,file:///tmp/jetty-0_0_0_0-41129-hdds-container-service-1_3_0-SNAPSHOT_jar-_-any-8817112952873615585/webapp/,AVAILABLE}{jar:file:/home/runner/.m2/repository/org/apache/ozone/hdds-container-service/1.3.0-SNAPSHOT/hdds-container-service-1.3.0-SNAPSHOT.jar!/webapps/hddsDatanode}
2022-01-20 14:18:14,045 [Listener at 127.0.0.1/36805] INFO  server.AbstractConnector (AbstractConnector.java:doStart(331)) - Started ServerConnector@1135abda{HTTP/1.1, (http/1.1)}{0.0.0.0:41129}
2022-01-20 14:18:14,045 [Listener at 127.0.0.1/36805] INFO  server.Server (Server.java:doStart(415)) - Started @126504ms
2022-01-20 14:18:14,045 [Listener at 127.0.0.1/36805] WARN  impl.MetricsSystemImpl (MetricsSystemImpl.java:register(279)) - Sink prometheus already exists!
2022-01-20 14:18:14,056 [Listener at 127.0.0.1/36805] INFO  http.BaseHttpServer (BaseHttpServer.java:updateConnectorAddress(329)) - HTTP server of hddsDatanode listening at http://0.0.0.0:41129
2022-01-20 14:18:14,066 [Listener at 127.0.0.1/36805] INFO  ozone.MiniOzoneClusterImpl (MiniOzoneClusterImpl.java:lambda$waitForClusterToBeReady$0(219)) - Waiting for nodes to be ready. Got 2 of 9 DN Heartbeats.
2022-01-20 14:18:14,071 [Listener at 127.0.0.1/36805] INFO  ozone.MiniOzoneClusterImpl (MiniOzoneClusterImpl.java:lambda$waitForClusterToBeReady$0(222)) - Waiting for cluster to exit safe mode
2022-01-20 14:18:14,071 [Listener at 127.0.0.1/36805] INFO  ozone.MiniOzoneClusterImpl (MiniOzoneClusterImpl.java:lambda$waitForClusterToBeReady$0(224)) - SCM became leader
2022-01-20 14:18:14,071 [Datanode State Machine Daemon Thread] INFO  statemachine.DatanodeStateMachine (DatanodeStateMachine.java:lambda$startDaemon$0(470)) - Ozone container server started.
2022-01-20 14:18:14,121 [org.apache.hadoop.util.JvmPauseMonitor$Monitor@4036803b] INFO  util.JvmPauseMonitor (JvmPauseMonitor.java:run(188)) - Starting JVM pause monitor
2022-01-20 14:18:14,134 [Datanode State Machine Task Thread - 0] INFO  datanode.InitDatanodeState (InitDatanodeState.java:persistContainerDatanodeDetails(145)) - DatanodeDetails is persisted to /home/runner/work/ozone/ozone/hadoop-ozone/integration-test/target/test-dir/MiniOzoneClusterImpl-f1e7e660-ec45-4ef3-9198-8cc7416827f1/datanode-8/meta/datanode.id
2022-01-20 14:18:14,139 [IPC Server handler 1 on default port 43255] INFO  net.NetworkTopologyImpl (NetworkTopologyImpl.java:add(112)) - Added a new node: /default-rack/4a67b2a1-79be-440d-a7f9-3f5e5a8bd0ed
2022-01-20 14:18:14,139 [IPC Server handler 1 on default port 43255] INFO  node.SCMNodeManager (SCMNodeManager.java:register(389)) - Registered Data node : 4a67b2a1-79be-440d-a7f9-3f5e5a8bd0ed{ip: 10.1.0.33, host: fv-az294-522.eaanfquahm5ulb5tj050gcxych.jx.internal.cloudapp.net, ports: [REPLICATION=34197, RATIS=42913, RATIS_ADMIN=42913, RATIS_SERVER=42913, STANDALONE=41457], networkLocation: /default-rack, certSerialId: null, persistedOpState: null, persistedOpStateExpiryEpochSec: 0}
2022-01-20 14:18:14,139 [EventQueue-NewNodeForNewNodeHandler] INFO  pipeline.BackgroundPipelineCreator (BackgroundPipelineCreator.java:notifyEventTriggered(285)) - trigger a one-shot run on RatisPipelineUtilsThread.
2022-01-20 14:18:14,144 [EventQueue-NodeRegistrationContainerReportForDataNodeSafeModeRule] INFO  safemode.SCMSafeModeManager (DataNodeSafeModeRule.java:process(71)) - SCM in safe mode. 3 DataNodes registered, 3 required.
2022-01-20 14:18:14,144 [EventQueue-NodeRegistrationContainerReportForDataNodeSafeModeRule] INFO  safemode.SCMSafeModeManager (SCMSafeModeManager.java:validateSafeModeExitRules(204)) - DataNodeSafeModeRule rule is successfully validated
2022-01-20 14:18:14,144 [EventQueue-NodeRegistrationContainerReportForDataNodeSafeModeRule] INFO  safemode.SCMSafeModeManager (SCMSafeModeManager.java:completePreCheck(233)) - All SCM safe mode pre check rules have passed
2022-01-20 14:18:14,144 [EventQueue-NodeRegistrationContainerReportForDataNodeSafeModeRule] WARN  events.EventQueue (EventQueue.java:fireEvent(194)) - No event handler registered for event TypedEvent{payloadType=SafeModeStatus, name='Safe mode status'}
2022-01-20 14:18:14,144 [EventQueue-NodeRegistrationContainerReportForDataNodeSafeModeRule] INFO  ha.SCMContext (SCMContext.java:updateSafeModeStatus(211)) - Update SafeModeStatus from SafeModeStatus{safeModeStatus=true, preCheckPassed=false} to SafeModeStatus{safeModeStatus=true, preCheckPassed=true}.
2022-01-20 14:18:14,144 [EventQueue-NodeRegistrationContainerReportForDataNodeSafeModeRule] INFO  pipeline.BackgroundPipelineCreator (BackgroundPipelineCreator.java:notifyEventTriggered(285)) - trigger a one-shot run on RatisPipelineUtilsThread.
2022-01-20 14:18:14,144 [RatisPipelineUtilsThread - 0] INFO  pipeline.RatisPipelineProvider (RatisPipelineProvider.java:lambda$create$0(183)) - Sending CreatePipelineCommand for pipeline:PipelineID=0811097b-d2e7-4f06-8318-6952aa65c3c9 to datanode:4a67b2a1-79be-440d-a7f9-3f5e5a8bd0ed
2022-01-20 14:18:14,148 [1614213d-f914-440d-b8eb-f10be6afcbc1@group-8CC7416827F1-StateMachineUpdater] INFO  pipeline.PipelineStateManagerImpl (PipelineStateManagerImpl.java:addPipeline(101)) - Created pipeline Pipeline[ Id: 0811097b-d2e7-4f06-8318-6952aa65c3c9, Nodes: 4a67b2a1-79be-440d-a7f9-3f5e5a8bd0ed{ip: 10.1.0.33, host: fv-az294-522.eaanfquahm5ulb5tj050gcxych.jx.internal.cloudapp.net, ports: [REPLICATION=34197, RATIS=42913, RATIS_ADMIN=42913, RATIS_SERVER=42913, STANDALONE=41457], networkLocation: /default-rack, certSerialId: null, persistedOpState: IN_SERVICE, persistedOpStateExpiryEpochSec: 0}, ReplicationConfig: RATIS/ONE, State:ALLOCATED, leaderId:, CreationTimestamp2022-01-20T14:18:14.144Z[Etc/UTC]].
2022-01-20 14:18:14,148 [1614213d-f914-440d-b8eb-f10be6afcbc1@group-8CC7416827F1-StateMachineUpdater] INFO  safemode.HealthyPipelineSafeModeRule (HealthyPipelineSafeModeRule.java:initializeRule(152)) - Refreshed total pipeline count is 0, healthy pipeline threshold count is 1
2022-01-20 14:18:14,148 [RatisPipelineUtilsThread - 0] INFO  ha.SCMHAInvocationHandler (SCMHAInvocationHandler.java:invokeRatis(113)) - Invoking method public abstract void org.apache.hadoop.hdds.scm.pipeline.PipelineStateManager.addPipeline(org.apache.hadoop.hdds.protocol.proto.HddsProtos$Pipeline) throws java.io.IOException on target org.apache.hadoop.hdds.scm.ha.SCMRatisServerImpl@2589c416, cost 3737.029us
2022-01-20 14:18:14,149 [RatisPipelineUtilsThread - 0] INFO  pipeline.RatisPipelineProvider (RatisPipelineProvider.java:lambda$create$0(183)) - Sending CreatePipelineCommand for pipeline:PipelineID=c4c59fdd-05d0-43b3-b6e4-a8039840480c to datanode:f405db60-e51c-4785-8bbc-e1c4726dfe5c
2022-01-20 14:18:14,149 [RatisPipelineUtilsThread - 0] INFO  pipeline.RatisPipelineProvider (RatisPipelineProvider.java:lambda$create$0(183)) - Sending CreatePipelineCommand for pipeline:PipelineID=c4c59fdd-05d0-43b3-b6e4-a8039840480c to datanode:3055d1e2-eb1d-45ac-85ad-2ef847921969
2022-01-20 14:18:14,149 [RatisPipelineUtilsThread - 0] INFO  pipeline.RatisPipelineProvider (RatisPipelineProvider.java:lambda$create$0(183)) - Sending CreatePipelineCommand for pipeline:PipelineID=c4c59fdd-05d0-43b3-b6e4-a8039840480c to datanode:4a67b2a1-79be-440d-a7f9-3f5e5a8bd0ed
2022-01-20 14:18:14,151 [1614213d-f914-440d-b8eb-f10be6afcbc1@group-8CC7416827F1-StateMachineUpdater] INFO  pipeline.PipelineStateManagerImpl (PipelineStateManagerImpl.java:addPipeline(101)) - Created pipeline Pipeline[ Id: c4c59fdd-05d0-43b3-b6e4-a8039840480c, Nodes: f405db60-e51c-4785-8bbc-e1c4726dfe5c{ip: 10.1.0.33, host: fv-az294-522.eaanfquahm5ulb5tj050gcxych.jx.internal.cloudapp.net, ports: [REPLICATION=42491, RATIS=35313, RATIS_ADMIN=35313, RATIS_SERVER=35313, STANDALONE=44397], networkLocation: /default-rack, certSerialId: null, persistedOpState: IN_SERVICE, persistedOpStateExpiryEpochSec: 0}3055d1e2-eb1d-45ac-85ad-2ef847921969{ip: 10.1.0.33, host: fv-az294-522.eaanfquahm5ulb5tj050gcxych.jx.internal.cloudapp.net, ports: [REPLICATION=34195, RATIS=39677, RATIS_ADMIN=39677, RATIS_SERVER=39677, STANDALONE=38555], networkLocation: /default-rack, certSerialId: null, persistedOpState: IN_SERVICE, persistedOpStateExpiryEpochSec: 0}4a67b2a1-79be-440d-a7f9-3f5e5a8bd0ed{ip: 10.1.0.33, host: fv-az294-522.eaanfquahm5ulb5tj050gcxych.jx.internal.cloudapp.net, ports: [REPLICATION=34197, RATIS=42913, RATIS_ADMIN=42913, RATIS_SERVER=42913, STANDALONE=41457], networkLocation: /default-rack, certSerialId: null, persistedOpState: IN_SERVICE, persistedOpStateExpiryEpochSec: 0}, ReplicationConfig: RATIS/THREE, State:ALLOCATED, leaderId:, CreationTimestamp2022-01-20T14:18:14.149Z[Etc/UTC]].
2022-01-20 14:18:14,151 [1614213d-f914-440d-b8eb-f10be6afcbc1@group-8CC7416827F1-StateMachineUpdater] INFO  safemode.HealthyPipelineSafeModeRule (HealthyPipelineSafeModeRule.java:initializeRule(152)) - Refreshed total pipeline count is 0, healthy pipeline threshold count is 1
2022-01-20 14:18:14,152 [RatisPipelineUtilsThread - 0] INFO  ha.SCMHAInvocationHandler (SCMHAInvocationHandler.java:invokeRatis(113)) - Invoking method public abstract void org.apache.hadoop.hdds.scm.pipeline.PipelineStateManager.addPipeline(org.apache.hadoop.hdds.protocol.proto.HddsProtos$Pipeline) throws java.io.IOException on target org.apache.hadoop.hdds.scm.ha.SCMRatisServerImpl@2589c416, cost 3309.725us
2022-01-20 14:18:14,199 [EndpointStateMachine task thread for /0.0.0.0:43255 - 0 ] INFO  ozoneimpl.OzoneContainer (OzoneContainer.java:start(315)) - Attempting to start container services.
2022-01-20 14:18:14,199 [EndpointStateMachine task thread for /0.0.0.0:43255 - 0 ] INFO  ozoneimpl.OzoneContainer (OzoneContainer.java:startContainerScrub(250)) - Background container scanner has been disabled.
2022-01-20 14:18:14,200 [EndpointStateMachine task thread for /0.0.0.0:43255 - 0 ] INFO  replication.ReplicationServer (ReplicationServer.java:start(111)) - ReplicationServer is started using port 33335
2022-01-20 14:18:14,210 [EndpointStateMachine task thread for /0.0.0.0:43255 - 0 ] INFO  ratis.XceiverServerRatis (XceiverServerRatis.java:start(484)) - Starting XceiverServerRatis 974883c6-3444-443e-b406-2e7f57ab6e46
2022-01-20 14:18:14,217 [EndpointStateMachine task thread for /0.0.0.0:43255 - 0 ] INFO  server.RaftServer (RaftServerProxy.java:lambda$start$5(374)) - 974883c6-3444-443e-b406-2e7f57ab6e46: start RPC server
2022-01-20 14:18:14,224 [EndpointStateMachine task thread for /0.0.0.0:43255 - 0 ] INFO  server.GrpcService (GrpcService.java:startImpl(253)) - 974883c6-3444-443e-b406-2e7f57ab6e46: GrpcService started, listening on 43877
2022-01-20 14:18:14,232 [EndpointStateMachine task thread for /0.0.0.0:43255 - 0 ] INFO  ratis.XceiverServerRatis (XceiverServerRatis.java:getRealPort(505)) - XceiverServerRatis 974883c6-3444-443e-b406-2e7f57ab6e46 is started using port 43877 for RATIS
2022-01-20 14:18:14,233 [EndpointStateMachine task thread for /0.0.0.0:43255 - 0 ] INFO  ratis.XceiverServerRatis (XceiverServerRatis.java:getRealPort(505)) - XceiverServerRatis 974883c6-3444-443e-b406-2e7f57ab6e46 is started using port 43877 for RATIS_ADMIN
2022-01-20 14:18:14,233 [EndpointStateMachine task thread for /0.0.0.0:43255 - 0 ] INFO  ratis.XceiverServerRatis (XceiverServerRatis.java:getRealPort(505)) - XceiverServerRatis 974883c6-3444-443e-b406-2e7f57ab6e46 is started using port 43877 for RATIS_SERVER
2022-01-20 14:18:14,233 [org.apache.ratis.util.JvmPauseMonitor$$Lambda$431/385784873@472ad220] INFO  util.JvmPauseMonitor (JvmPauseMonitor.java:run(103)) - JvmPauseMonitor-974883c6-3444-443e-b406-2e7f57ab6e46: Started
2022-01-20 14:18:14,256 [EndpointStateMachine task thread for /0.0.0.0:43255 - 0 ] INFO  server.XceiverServerGrpc (XceiverServerGrpc.java:start(180)) - XceiverServerGrpc 974883c6-3444-443e-b406-2e7f57ab6e46 is started using port 37259
2022-01-20 14:18:14,862 [IPC Server handler 2 on default port 43255] INFO  net.NetworkTopologyImpl (NetworkTopologyImpl.java:add(112)) - Added a new node: /default-rack/8543d24f-bec7-4768-944c-282c8ff9c745
2022-01-20 14:18:14,862 [IPC Server handler 2 on default port 43255] INFO  node.SCMNodeManager (SCMNodeManager.java:register(389)) - Registered Data node : 8543d24f-bec7-4768-944c-282c8ff9c745{ip: 10.1.0.33, host: fv-az294-522.eaanfquahm5ulb5tj050gcxych.jx.internal.cloudapp.net, ports: [REPLICATION=40917, RATIS=34369, RATIS_ADMIN=34369, RATIS_SERVER=34369, STANDALONE=38809], networkLocation: /default-rack, certSerialId: null, persistedOpState: null, persistedOpStateExpiryEpochSec: 0}
2022-01-20 14:18:14,863 [EventQueue-NewNodeForNewNodeHandler] INFO  pipeline.BackgroundPipelineCreator (BackgroundPipelineCreator.java:notifyEventTriggered(285)) - trigger a one-shot run on RatisPipelineUtilsThread.
2022-01-20 14:18:14,863 [RatisPipelineUtilsThread - 0] INFO  pipeline.RatisPipelineProvider (RatisPipelineProvider.java:lambda$create$0(183)) - Sending CreatePipelineCommand for pipeline:PipelineID=a213106b-eb96-4717-b5bb-b29cf439a51f to datanode:8543d24f-bec7-4768-944c-282c8ff9c745
2022-01-20 14:18:14,865 [1614213d-f914-440d-b8eb-f10be6afcbc1@group-8CC7416827F1-StateMachineUpdater] INFO  pipeline.PipelineStateManagerImpl (PipelineStateManagerImpl.java:addPipeline(101)) - Created pipeline Pipeline[ Id: a213106b-eb96-4717-b5bb-b29cf439a51f, Nodes: 8543d24f-bec7-4768-944c-282c8ff9c745{ip: 10.1.0.33, host: fv-az294-522.eaanfquahm5ulb5tj050gcxych.jx.internal.cloudapp.net, ports: [REPLICATION=40917, RATIS=34369, RATIS_ADMIN=34369, RATIS_SERVER=34369, STANDALONE=38809], networkLocation: /default-rack, certSerialId: null, persistedOpState: IN_SERVICE, persistedOpStateExpiryEpochSec: 0}, ReplicationConfig: RATIS/ONE, State:ALLOCATED, leaderId:, CreationTimestamp2022-01-20T14:18:14.863Z[Etc/UTC]].
2022-01-20 14:18:14,865 [1614213d-f914-440d-b8eb-f10be6afcbc1@group-8CC7416827F1-StateMachineUpdater] INFO  safemode.HealthyPipelineSafeModeRule (HealthyPipelineSafeModeRule.java:initializeRule(152)) - Refreshed total pipeline count is 0, healthy pipeline threshold count is 1
2022-01-20 14:18:14,866 [RatisPipelineUtilsThread - 0] INFO  ha.SCMHAInvocationHandler (SCMHAInvocationHandler.java:invokeRatis(113)) - Invoking method public abstract void org.apache.hadoop.hdds.scm.pipeline.PipelineStateManager.addPipeline(org.apache.hadoop.hdds.protocol.proto.HddsProtos$Pipeline) throws java.io.IOException on target org.apache.hadoop.hdds.scm.ha.SCMRatisServerImpl@2589c416, cost 2278.117us
2022-01-20 14:18:15,012 [EndpointStateMachine task thread for /0.0.0.0:43255 - 0 ] INFO  ozoneimpl.OzoneContainer (OzoneContainer.java:start(315)) - Attempting to start container services.
2022-01-20 14:18:15,013 [EndpointStateMachine task thread for /0.0.0.0:43255 - 0 ] INFO  ozoneimpl.OzoneContainer (OzoneContainer.java:startContainerScrub(250)) - Background container scanner has been disabled.
2022-01-20 14:18:15,047 [EndpointStateMachine task thread for /0.0.0.0:43255 - 0 ] INFO  replication.ReplicationServer (ReplicationServer.java:start(111)) - ReplicationServer is started using port 45365
2022-01-20 14:18:15,068 [EndpointStateMachine task thread for /0.0.0.0:43255 - 0 ] INFO  ratis.XceiverServerRatis (XceiverServerRatis.java:start(484)) - Starting XceiverServerRatis f5002eb4-ff35-49a0-88dd-354658843fe1
2022-01-20 14:18:15,071 [Listener at 127.0.0.1/36805] INFO  ozone.MiniOzoneClusterImpl (MiniOzoneClusterImpl.java:lambda$waitForClusterToBeReady$0(219)) - Waiting for nodes to be ready. Got 4 of 9 DN Heartbeats.
2022-01-20 14:18:15,072 [Listener at 127.0.0.1/36805] INFO  ozone.MiniOzoneClusterImpl (MiniOzoneClusterImpl.java:lambda$waitForClusterToBeReady$0(222)) - Waiting for cluster to exit safe mode
2022-01-20 14:18:15,072 [Listener at 127.0.0.1/36805] INFO  ozone.MiniOzoneClusterImpl (MiniOzoneClusterImpl.java:lambda$waitForClusterToBeReady$0(224)) - SCM became leader
2022-01-20 14:18:15,109 [EndpointStateMachine task thread for /0.0.0.0:43255 - 0 ] INFO  server.RaftServer (RaftServerProxy.java:lambda$start$5(374)) - f5002eb4-ff35-49a0-88dd-354658843fe1: start RPC server
2022-01-20 14:18:15,110 [EndpointStateMachine task thread for /0.0.0.0:43255 - 0 ] INFO  server.GrpcService (GrpcService.java:startImpl(253)) - f5002eb4-ff35-49a0-88dd-354658843fe1: GrpcService started, listening on 43929
2022-01-20 14:18:15,118 [EndpointStateMachine task thread for /0.0.0.0:43255 - 0 ] INFO  ratis.XceiverServerRatis (XceiverServerRatis.java:getRealPort(505)) - XceiverServerRatis f5002eb4-ff35-49a0-88dd-354658843fe1 is started using port 43929 for RATIS
2022-01-20 14:18:15,118 [EndpointStateMachine task thread for /0.0.0.0:43255 - 0 ] INFO  ratis.XceiverServerRatis (XceiverServerRatis.java:getRealPort(505)) - XceiverServerRatis f5002eb4-ff35-49a0-88dd-354658843fe1 is started using port 43929 for RATIS_ADMIN
2022-01-20 14:18:15,118 [EndpointStateMachine task thread for /0.0.0.0:43255 - 0 ] INFO  ratis.XceiverServerRatis (XceiverServerRatis.java:getRealPort(505)) - XceiverServerRatis f5002eb4-ff35-49a0-88dd-354658843fe1 is started using port 43929 for RATIS_SERVER
2022-01-20 14:18:15,118 [org.apache.ratis.util.JvmPauseMonitor$$Lambda$431/385784873@6ba294bc] INFO  util.JvmPauseMonitor (JvmPauseMonitor.java:run(103)) - JvmPauseMonitor-f5002eb4-ff35-49a0-88dd-354658843fe1: Started
2022-01-20 14:18:15,131 [EndpointStateMachine task thread for /0.0.0.0:43255 - 0 ] INFO  server.XceiverServerGrpc (XceiverServerGrpc.java:start(180)) - XceiverServerGrpc f5002eb4-ff35-49a0-88dd-354658843fe1 is started using port 40157
2022-01-20 14:18:15,400 [IPC Server handler 3 on default port 43255] INFO  net.NetworkTopologyImpl (NetworkTopologyImpl.java:add(112)) - Added a new node: /default-rack/c842222a-b1c3-47cd-9e78-3481338af40d
2022-01-20 14:18:15,400 [IPC Server handler 3 on default port 43255] INFO  node.SCMNodeManager (SCMNodeManager.java:register(389)) - Registered Data node : c842222a-b1c3-47cd-9e78-3481338af40d{ip: 10.1.0.33, host: fv-az294-522.eaanfquahm5ulb5tj050gcxych.jx.internal.cloudapp.net, ports: [REPLICATION=39833, RATIS=44871, RATIS_ADMIN=44871, RATIS_SERVER=44871, STANDALONE=45605], networkLocation: /default-rack, certSerialId: null, persistedOpState: null, persistedOpStateExpiryEpochSec: 0}
2022-01-20 14:18:15,400 [EventQueue-NewNodeForNewNodeHandler] INFO  pipeline.BackgroundPipelineCreator (BackgroundPipelineCreator.java:notifyEventTriggered(285)) - trigger a one-shot run on RatisPipelineUtilsThread.
2022-01-20 14:18:15,401 [RatisPipelineUtilsThread - 0] INFO  pipeline.RatisPipelineProvider (RatisPipelineProvider.java:lambda$create$0(183)) - Sending CreatePipelineCommand for pipeline:PipelineID=e7b886a4-2207-456a-858e-d3be8673a19f to datanode:c842222a-b1c3-47cd-9e78-3481338af40d
2022-01-20 14:18:15,403 [1614213d-f914-440d-b8eb-f10be6afcbc1@group-8CC7416827F1-StateMachineUpdater] INFO  pipeline.PipelineStateManagerImpl (PipelineStateManagerImpl.java:addPipeline(101)) - Created pipeline Pipeline[ Id: e7b886a4-2207-456a-858e-d3be8673a19f, Nodes: c842222a-b1c3-47cd-9e78-3481338af40d{ip: 10.1.0.33, host: fv-az294-522.eaanfquahm5ulb5tj050gcxych.jx.internal.cloudapp.net, ports: [REPLICATION=39833, RATIS=44871, RATIS_ADMIN=44871, RATIS_SERVER=44871, STANDALONE=45605], networkLocation: /default-rack, certSerialId: null, persistedOpState: IN_SERVICE, persistedOpStateExpiryEpochSec: 0}, ReplicationConfig: RATIS/ONE, State:ALLOCATED, leaderId:, CreationTimestamp2022-01-20T14:18:15.401Z[Etc/UTC]].
2022-01-20 14:18:15,403 [1614213d-f914-440d-b8eb-f10be6afcbc1@group-8CC7416827F1-StateMachineUpdater] INFO  safemode.HealthyPipelineSafeModeRule (HealthyPipelineSafeModeRule.java:initializeRule(152)) - Refreshed total pipeline count is 0, healthy pipeline threshold count is 1
2022-01-20 14:18:15,405 [RatisPipelineUtilsThread - 0] INFO  ha.SCMHAInvocationHandler (SCMHAInvocationHandler.java:invokeRatis(113)) - Invoking method public abstract void org.apache.hadoop.hdds.scm.pipeline.PipelineStateManager.addPipeline(org.apache.hadoop.hdds.protocol.proto.HddsProtos$Pipeline) throws java.io.IOException on target org.apache.hadoop.hdds.scm.ha.SCMRatisServerImpl@2589c416, cost 3599.427us
2022-01-20 14:18:15,481 [Command processor thread] INFO  server.RaftServer (RaftServerProxy.java:addNew(95)) - 3055d1e2-eb1d-45ac-85ad-2ef847921969: addNew group-D541B2ADB0FC:[3055d1e2-eb1d-45ac-85ad-2ef847921969|rpc:10.1.0.33:39677|priority:1] returns group-D541B2ADB0FC:java.util.concurrent.CompletableFuture@65aa8e56[Not completed]
2022-01-20 14:18:15,513 [pool-335-thread-1] INFO  server.RaftServer$Division (RaftServerImpl.java:<init>(184)) - 3055d1e2-eb1d-45ac-85ad-2ef847921969: new RaftServerImpl for group-D541B2ADB0FC:[3055d1e2-eb1d-45ac-85ad-2ef847921969|rpc:10.1.0.33:39677|priority:1] with ContainerStateMachine:uninitialized
2022-01-20 14:18:15,513 [pool-335-thread-1] INFO  server.RaftServerConfigKeys (ConfUtils.java:logGet(44)) - raft.server.rpc.timeout.min = 5s (custom)
2022-01-20 14:18:15,513 [pool-335-thread-1] INFO  server.RaftServerConfigKeys (ConfUtils.java:logGet(44)) - raft.server.rpc.timeout.max = 5200ms (custom)
2022-01-20 14:18:15,513 [pool-335-thread-1] INFO  server.RaftServerConfigKeys (ConfUtils.java:logGet(44)) - raft.server.rpc.sleep.time = 25ms (default)
2022-01-20 14:18:15,513 [pool-335-thread-1] INFO  server.RaftServerConfigKeys (ConfUtils.java:logGet(44)) - raft.server.rpc.slowness.timeout = 300000ms (custom)
2022-01-20 14:18:15,513 [pool-335-thread-1] INFO  server.RaftServerConfigKeys (ConfUtils.java:logGet(44)) - raft.server.leaderelection.leader.step-down.wait-time = 10s (default)
2022-01-20 14:18:15,514 [pool-335-thread-1] INFO  server.RaftServerConfigKeys (ConfUtils.java:logGet(44)) - raft.server.sleep.deviation.threshold = 300ms (default)
2022-01-20 14:18:15,514 [pool-335-thread-1] INFO  server.RaftServerConfigKeys (ConfUtils.java:logGet(44)) - raft.server.log.appender.install.snapshot.enabled = false (custom)
2022-01-20 14:18:15,514 [pool-335-thread-1] INFO  server.RaftServer$Division (ServerState.java:<init>(105)) - 3055d1e2-eb1d-45ac-85ad-2ef847921969@group-D541B2ADB0FC: ConfigurationManager, init=-1: [3055d1e2-eb1d-45ac-85ad-2ef847921969|rpc:10.1.0.33:39677|priority:1], old=null, confs=<EMPTY_MAP>
2022-01-20 14:18:15,514 [pool-335-thread-1] INFO  server.RaftServerConfigKeys (ConfUtils.java:logGet(44)) - raft.server.storage.dir = [/home/runner/work/ozone/ozone/hadoop-ozone/integration-test/target/test-dir/MiniOzoneClusterImpl-f1e7e660-ec45-4ef3-9198-8cc7416827f1/datanode-0/data/ratis] (custom)
2022-01-20 14:18:15,514 [pool-335-thread-1] INFO  server.RaftServerConfigKeys (ConfUtils.java:logGet(44)) - raft.server.log.corruption.policy = EXCEPTION (default)
2022-01-20 14:18:15,514 [pool-335-thread-1] INFO  server.RaftServerConfigKeys (ConfUtils.java:logGet(44)) - raft.server.storage.free-space.min = 0MB (=0) (default)
2022-01-20 14:18:15,514 [pool-335-thread-1] INFO  storage.RaftStorageDirectory (RaftStorageDirectoryImpl.java:analyzeStorage(135)) - The storage directory /home/runner/work/ozone/ozone/hadoop-ozone/integration-test/target/test-dir/MiniOzoneClusterImpl-f1e7e660-ec45-4ef3-9198-8cc7416827f1/datanode-0/data/ratis/18fb8e60-c043-4f5a-86cd-d541b2adb0fc does not exist. Creating ...
2022-01-20 14:18:15,517 [pool-335-thread-1] INFO  storage.RaftStorageDirectory (RaftStorageDirectoryImpl.java:tryLock(230)) - Lock on /home/runner/work/ozone/ozone/hadoop-ozone/integration-test/target/test-dir/MiniOzoneClusterImpl-f1e7e660-ec45-4ef3-9198-8cc7416827f1/datanode-0/data/ratis/18fb8e60-c043-4f5a-86cd-d541b2adb0fc/in_use.lock acquired by nodename 2019@fv-az294-522
2022-01-20 14:18:15,519 [pool-335-thread-1] INFO  storage.RaftStorage (RaftStorageImpl.java:format(89)) - Storage directory /home/runner/work/ozone/ozone/hadoop-ozone/integration-test/target/test-dir/MiniOzoneClusterImpl-f1e7e660-ec45-4ef3-9198-8cc7416827f1/datanode-0/data/ratis/18fb8e60-c043-4f5a-86cd-d541b2adb0fc has been successfully formatted.
2022-01-20 14:18:15,520 [pool-335-thread-1] INFO  ratis.ContainerStateMachine (ContainerStateMachine.java:loadSnapshot(231)) - group-D541B2ADB0FC: The snapshot info is null. Setting the last applied indexto:(t:0, i:~)
2022-01-20 14:18:15,520 [pool-335-thread-1] INFO  server.RaftServerConfigKeys (ConfUtils.java:logGet(44)) - raft.server.notification.no-leader.timeout = 300000ms (custom)
2022-01-20 14:18:15,521 [pool-335-thread-1] INFO  server.RaftServerConfigKeys (ConfUtils.java:logGet(44)) - raft.server.log.use.memory = false (default)
2022-01-20 14:18:15,521 [pool-335-thread-1] INFO  server.RaftServerConfigKeys (ConfUtils.java:logGet(44)) - raft.server.log.purge.gap = 1000000 (custom)
2022-01-20 14:18:15,521 [pool-335-thread-1] INFO  server.RaftServerConfigKeys (ConfUtils.java:logGet(44)) - raft.server.log.appender.buffer.byte-limit = 33554432 (custom)
2022-01-20 14:18:15,521 [pool-335-thread-1] INFO  server.RaftServerConfigKeys (ConfUtils.java:logGet(44)) - raft.server.log.segment.size.max = 1048576 (custom)
2022-01-20 14:18:15,523 [pool-335-thread-1] INFO  server.RaftServerConfigKeys (ConfUtils.java:logGet(44)) - raft.server.log.segment.cache.num.max = 2 (custom)
2022-01-20 14:18:15,524 [pool-335-thread-1] INFO  server.RaftServerConfigKeys (ConfUtils.java:logGet(44)) - raft.server.log.segment.cache.size.max = 200MB (=209715200) (default)
2022-01-20 14:18:15,525 [pool-335-thread-1] INFO  segmented.SegmentedRaftLogWorker (SegmentedRaftLogWorker.java:<init>(182)) - new 3055d1e2-eb1d-45ac-85ad-2ef847921969@group-D541B2ADB0FC-SegmentedRaftLogWorker for RaftStorageImpl:Storage Directory /home/runner/work/ozone/ozone/hadoop-ozone/integration-test/target/test-dir/MiniOzoneClusterImpl-f1e7e660-ec45-4ef3-9198-8cc7416827f1/datanode-0/data/ratis/18fb8e60-c043-4f5a-86cd-d541b2adb0fc
2022-01-20 14:18:15,525 [pool-335-thread-1] INFO  server.RaftServerConfigKeys (ConfUtils.java:logGet(44)) - raft.server.log.queue.byte-limit = 2147483647 (custom)
2022-01-20 14:18:15,529 [EventQueue-PipelineReportForPipelineReportHandler] INFO  pipeline.PipelineManagerImpl (PipelineManagerImpl.java:openPipeline(291)) - Pipeline Pipeline[ Id: 18fb8e60-c043-4f5a-86cd-d541b2adb0fc, Nodes: 3055d1e2-eb1d-45ac-85ad-2ef847921969{ip: 10.1.0.33, host: fv-az294-522.eaanfquahm5ulb5tj050gcxych.jx.internal.cloudapp.net, ports: [REPLICATION=34195, RATIS=39677, RATIS_ADMIN=39677, RATIS_SERVER=39677, STANDALONE=38555], networkLocation: /default-rack, certSerialId: null, persistedOpState: IN_SERVICE, persistedOpStateExpiryEpochSec: 0}, ReplicationConfig: RATIS/ONE, State:ALLOCATED, leaderId:3055d1e2-eb1d-45ac-85ad-2ef847921969, CreationTimestamp2022-01-20T14:18:12.541Z[Etc/UTC]] moved to OPEN state
2022-01-20 14:18:15,533 [pool-335-thread-1] INFO  server.RaftServerConfigKeys (ConfUtils.java:logGet(44)) - raft.server.log.queue.element-limit = 1024 (custom)
2022-01-20 14:18:15,533 [pool-335-thread-1] INFO  server.RaftServerConfigKeys (ConfUtils.java:logGet(44)) - raft.server.log.segment.size.max = 1048576 (custom)
2022-01-20 14:18:15,533 [pool-335-thread-1] INFO  server.RaftServerConfigKeys (ConfUtils.java:logGet(44)) - raft.server.log.preallocated.size = 16384 (custom)
2022-01-20 14:18:15,533 [pool-335-thread-1] INFO  server.RaftServerConfigKeys (ConfUtils.java:logGet(44)) - raft.server.log.force.sync.num = 128 (default)
2022-01-20 14:18:15,533 [pool-335-thread-1] INFO  server.RaftServerConfigKeys (ConfUtils.java:logGet(44)) - raft.server.log.statemachine.data.sync = true (default)
2022-01-20 14:18:15,533 [pool-335-thread-1] INFO  server.RaftServerConfigKeys (ConfUtils.java:logGet(44)) - raft.server.log.statemachine.data.sync.timeout = 10s (default)
2022-01-20 14:18:15,533 [pool-335-thread-1] INFO  server.RaftServerConfigKeys (ConfUtils.java:logGet(44)) - raft.server.log.statemachine.data.sync.timeout.retry = -1 (default)
2022-01-20 14:18:15,534 [pool-335-thread-1] INFO  server.RaftServerConfigKeys (ConfUtils.java:logGet(44)) - raft.server.log.write.buffer.size = 1048576 (custom)
2022-01-20 14:18:15,535 [pool-335-thread-1] INFO  server.RaftServerConfigKeys (ConfUtils.java:logGet(44)) - raft.server.log.statemachine.data.caching.enabled = true (custom)
2022-01-20 14:18:15,535 [pool-335-thread-1] INFO  segmented.SegmentedRaftLogWorker (SegmentedRaftLogWorker.java:lambda$new$0(133)) - 3055d1e2-eb1d-45ac-85ad-2ef847921969@group-D541B2ADB0FC-SegmentedRaftLogWorker: flushIndex: setUnconditionally 0 -> -1
2022-01-20 14:18:15,535 [pool-335-thread-1] INFO  segmented.SegmentedRaftLogWorker (SegmentedRaftLogWorker.java:lambda$new$0(133)) - 3055d1e2-eb1d-45ac-85ad-2ef847921969@group-D541B2ADB0FC-SegmentedRaftLogWorker: safeCacheEvictIndex: setUnconditionally 0 -> -1
2022-01-20 14:18:15,565 [1614213d-f914-440d-b8eb-f10be6afcbc1@group-8CC7416827F1-StateMachineUpdater] INFO  safemode.HealthyPipelineSafeModeRule (HealthyPipelineSafeModeRule.java:initializeRule(152)) - Refreshed total pipeline count is 0, healthy pipeline threshold count is 1
2022-01-20 14:18:15,569 [EventQueue-PipelineReportForPipelineReportHandler] INFO  ha.SCMHAInvocationHandler (SCMHAInvocationHandler.java:invokeRatis(113)) - Invoking method public abstract void org.apache.hadoop.hdds.scm.pipeline.PipelineStateManager.updatePipelineState(org.apache.hadoop.hdds.protocol.proto.HddsProtos$PipelineID,org.apache.hadoop.hdds.protocol.proto.HddsProtos$PipelineState) throws java.io.IOException on target org.apache.hadoop.hdds.scm.ha.SCMRatisServerImpl@2589c416, cost 35571.472us
2022-01-20 14:18:15,576 [pool-335-thread-1] INFO  server.RaftServerConfigKeys (ConfUtils.java:logGet(44)) - raft.server.snapshot.auto.trigger.enabled = true (custom)
2022-01-20 14:18:15,576 [pool-335-thread-1] INFO  server.RaftServerConfigKeys (ConfUtils.java:logGet(44)) - raft.server.snapshot.auto.trigger.threshold = 10000 (custom)
2022-01-20 14:18:15,576 [pool-335-thread-1] INFO  server.RaftServerConfigKeys (ConfUtils.java:logGet(44)) - raft.server.snapshot.retention.file.num = 5 (custom)
2022-01-20 14:18:15,576 [pool-335-thread-1] INFO  server.RaftServerConfigKeys (ConfUtils.java:logGet(44)) - raft.server.log.purge.upto.snapshot.index = false (default)
2022-01-20 14:18:15,576 [pool-335-thread-1] INFO  server.RaftServerConfigKeys (ConfUtils.java:logGet(44)) - raft.server.retrycache.expirytime = 600000ms (custom)
2022-01-20 14:18:15,576 [pool-335-thread-1] INFO  server.RaftServerConfigKeys (ConfUtils.java:logGet(44)) - raft.server.retrycache.statistics.expirytime = 100μs (default)
2022-01-20 14:18:15,577 [pool-335-thread-1] INFO  server.RaftServer$Division (RaftServerImpl.java:start(301)) - 3055d1e2-eb1d-45ac-85ad-2ef847921969@group-D541B2ADB0FC: start as a follower, conf=-1: [3055d1e2-eb1d-45ac-85ad-2ef847921969|rpc:10.1.0.33:39677|priority:1], old=null
2022-01-20 14:18:15,577 [pool-335-thread-1] INFO  server.RaftServer$Division (RaftServerImpl.java:setRole(290)) - 3055d1e2-eb1d-45ac-85ad-2ef847921969@group-D541B2ADB0FC: changes role from      null to FOLLOWER at term 0 for startAsFollower
2022-01-20 14:18:15,578 [pool-335-thread-1] INFO  impl.RoleInfo (RoleInfo.java:updateAndGet(130)) - 3055d1e2-eb1d-45ac-85ad-2ef847921969: start 3055d1e2-eb1d-45ac-85ad-2ef847921969@group-D541B2ADB0FC-FollowerState
2022-01-20 14:18:15,579 [EventQueue-OpenPipelineForHealthyPipelineSafeModeRule] INFO  safemode.SCMSafeModeManager (HealthyPipelineSafeModeRule.java:process(124)) - SCM in safe mode. Healthy pipelines reported count is 0, required healthy pipeline reported count is 1
2022-01-20 14:18:15,579 [pool-335-thread-1] INFO  util.JmxRegister (JmxRegister.java:tryRegister(44)) - Successfully registered JMX Bean with object name Ratis:service=RaftServer,group=group-D541B2ADB0FC,id=3055d1e2-eb1d-45ac-85ad-2ef847921969
2022-01-20 14:18:15,580 [Command processor thread] INFO  ratis.XceiverServerRatis (XceiverServerRatis.java:addGroup(768)) - Created group PipelineID=18fb8e60-c043-4f5a-86cd-d541b2adb0fc
2022-01-20 14:18:15,580 [Command processor thread] INFO  commandhandler.CreatePipelineCommandHandler (CreatePipelineCommandHandler.java:handle(106)) - Created Pipeline RATIS ONE PipelineID=18fb8e60-c043-4f5a-86cd-d541b2adb0fc.
2022-01-20 14:18:15,580 [Command processor thread] INFO  server.RaftServer (RaftServerProxy.java:addNew(95)) - 3055d1e2-eb1d-45ac-85ad-2ef847921969: addNew group-A8039840480C:[f405db60-e51c-4785-8bbc-e1c4726dfe5c|rpc:10.1.0.33:35313|priority:0, 4a67b2a1-79be-440d-a7f9-3f5e5a8bd0ed|rpc:10.1.0.33:42913|priority:1, 3055d1e2-eb1d-45ac-85ad-2ef847921969|rpc:10.1.0.33:39677|priority:0] returns group-A8039840480C:java.util.concurrent.CompletableFuture@6195163b[Not completed]
2022-01-20 14:18:15,581 [pool-335-thread-1] INFO  server.RaftServer$Division (RaftServerImpl.java:<init>(184)) - 3055d1e2-eb1d-45ac-85ad-2ef847921969: new RaftServerImpl for group-A8039840480C:[f405db60-e51c-4785-8bbc-e1c4726dfe5c|rpc:10.1.0.33:35313|priority:0, 4a67b2a1-79be-440d-a7f9-3f5e5a8bd0ed|rpc:10.1.0.33:42913|priority:1, 3055d1e2-eb1d-45ac-85ad-2ef847921969|rpc:10.1.0.33:39677|priority:0] with ContainerStateMachine:uninitialized
2022-01-20 14:18:15,581 [pool-335-thread-1] INFO  server.RaftServerConfigKeys (ConfUtils.java:logGet(44)) - raft.server.rpc.timeout.min = 5s (custom)
2022-01-20 14:18:15,581 [pool-335-thread-1] INFO  server.RaftServerConfigKeys (ConfUtils.java:logGet(44)) - raft.server.rpc.timeout.max = 5200ms (custom)
2022-01-20 14:18:15,581 [pool-335-thread-1] INFO  server.RaftServerConfigKeys (ConfUtils.java:logGet(44)) - raft.server.rpc.sleep.time = 25ms (default)
2022-01-20 14:18:15,581 [pool-335-thread-1] INFO  server.RaftServerConfigKeys (ConfUtils.java:logGet(44)) - raft.server.rpc.slowness.timeout = 300000ms (custom)
2022-01-20 14:18:15,581 [pool-335-thread-1] INFO  server.RaftServerConfigKeys (ConfUtils.java:logGet(44)) - raft.server.leaderelection.leader.step-down.wait-time = 10s (default)
2022-01-20 14:18:15,581 [pool-335-thread-1] INFO  server.RaftServerConfigKeys (ConfUtils.java:logGet(44)) - raft.server.sleep.deviation.threshold = 300ms (default)
2022-01-20 14:18:15,581 [pool-335-thread-1] INFO  server.RaftServerConfigKeys (ConfUtils.java:logGet(44)) - raft.server.log.appender.install.snapshot.enabled = false (custom)
2022-01-20 14:18:15,581 [pool-335-thread-1] INFO  server.RaftServer$Division (ServerState.java:<init>(105)) - 3055d1e2-eb1d-45ac-85ad-2ef847921969@group-A8039840480C: ConfigurationManager, init=-1: [f405db60-e51c-4785-8bbc-e1c4726dfe5c|rpc:10.1.0.33:35313|priority:0, 4a67b2a1-79be-440d-a7f9-3f5e5a8bd0ed|rpc:10.1.0.33:42913|priority:1, 3055d1e2-eb1d-45ac-85ad-2ef847921969|rpc:10.1.0.33:39677|priority:0], old=null, confs=<EMPTY_MAP>
2022-01-20 14:18:15,581 [pool-335-thread-1] INFO  server.RaftServerConfigKeys (ConfUtils.java:logGet(44)) - raft.server.storage.dir = [/home/runner/work/ozone/ozone/hadoop-ozone/integration-test/target/test-dir/MiniOzoneClusterImpl-f1e7e660-ec45-4ef3-9198-8cc7416827f1/datanode-0/data/ratis] (custom)
2022-01-20 14:18:15,582 [pool-335-thread-1] INFO  server.RaftServerConfigKeys (ConfUtils.java:logGet(44)) - raft.server.log.corruption.policy = EXCEPTION (default)
2022-01-20 14:18:15,582 [pool-335-thread-1] INFO  server.RaftServerConfigKeys (ConfUtils.java:logGet(44)) - raft.server.storage.free-space.min = 0MB (=0) (default)
2022-01-20 14:18:15,582 [pool-335-thread-1] INFO  storage.RaftStorageDirectory (RaftStorageDirectoryImpl.java:analyzeStorage(135)) - The storage directory /home/runner/work/ozone/ozone/hadoop-ozone/integration-test/target/test-dir/MiniOzoneClusterImpl-f1e7e660-ec45-4ef3-9198-8cc7416827f1/datanode-0/data/ratis/c4c59fdd-05d0-43b3-b6e4-a8039840480c does not exist. Creating ...
2022-01-20 14:18:15,588 [pool-335-thread-1] INFO  storage.RaftStorageDirectory (RaftStorageDirectoryImpl.java:tryLock(230)) - Lock on /home/runner/work/ozone/ozone/hadoop-ozone/integration-test/target/test-dir/MiniOzoneClusterImpl-f1e7e660-ec45-4ef3-9198-8cc7416827f1/datanode-0/data/ratis/c4c59fdd-05d0-43b3-b6e4-a8039840480c/in_use.lock acquired by nodename 2019@fv-az294-522
2022-01-20 14:18:15,589 [pool-335-thread-1] INFO  storage.RaftStorage (RaftStorageImpl.java:format(89)) - Storage directory /home/runner/work/ozone/ozone/hadoop-ozone/integration-test/target/test-dir/MiniOzoneClusterImpl-f1e7e660-ec45-4ef3-9198-8cc7416827f1/datanode-0/data/ratis/c4c59fdd-05d0-43b3-b6e4-a8039840480c has been successfully formatted.
2022-01-20 14:18:15,590 [pool-335-thread-1] INFO  ratis.ContainerStateMachine (ContainerStateMachine.java:loadSnapshot(231)) - group-A8039840480C: The snapshot info is null. Setting the last applied indexto:(t:0, i:~)
2022-01-20 14:18:15,591 [pool-335-thread-1] INFO  server.RaftServerConfigKeys (ConfUtils.java:logGet(44)) - raft.server.notification.no-leader.timeout = 300000ms (custom)
2022-01-20 14:18:15,591 [pool-335-thread-1] INFO  server.RaftServerConfigKeys (ConfUtils.java:logGet(44)) - raft.server.log.use.memory = false (default)
2022-01-20 14:18:15,591 [pool-335-thread-1] INFO  server.RaftServerConfigKeys (ConfUtils.java:logGet(44)) - raft.server.log.purge.gap = 1000000 (custom)
2022-01-20 14:18:15,591 [pool-335-thread-1] INFO  server.RaftServerConfigKeys (ConfUtils.java:logGet(44)) - raft.server.log.appender.buffer.byte-limit = 33554432 (custom)
2022-01-20 14:18:15,591 [pool-335-thread-1] INFO  server.RaftServerConfigKeys (ConfUtils.java:logGet(44)) - raft.server.log.segment.size.max = 1048576 (custom)
2022-01-20 14:18:15,591 [pool-335-thread-1] INFO  server.RaftServerConfigKeys (ConfUtils.java:logGet(44)) - raft.server.log.segment.cache.num.max = 2 (custom)
2022-01-20 14:18:15,592 [pool-335-thread-1] INFO  server.RaftServerConfigKeys (ConfUtils.java:logGet(44)) - raft.server.log.segment.cache.size.max = 200MB (=209715200) (default)
2022-01-20 14:18:15,592 [pool-335-thread-1] INFO  segmented.SegmentedRaftLogWorker (SegmentedRaftLogWorker.java:<init>(182)) - new 3055d1e2-eb1d-45ac-85ad-2ef847921969@group-A8039840480C-SegmentedRaftLogWorker for RaftStorageImpl:Storage Directory /home/runner/work/ozone/ozone/hadoop-ozone/integration-test/target/test-dir/MiniOzoneClusterImpl-f1e7e660-ec45-4ef3-9198-8cc7416827f1/datanode-0/data/ratis/c4c59fdd-05d0-43b3-b6e4-a8039840480c
2022-01-20 14:18:15,592 [pool-335-thread-1] INFO  server.RaftServerConfigKeys (ConfUtils.java:logGet(44)) - raft.server.log.queue.byte-limit = 2147483647 (custom)
2022-01-20 14:18:15,592 [pool-335-thread-1] INFO  server.RaftServerConfigKeys (ConfUtils.java:logGet(44)) - raft.server.log.queue.element-limit = 1024 (custom)
2022-01-20 14:18:15,592 [pool-335-thread-1] INFO  server.RaftServerConfigKeys (ConfUtils.java:logGet(44)) - raft.server.log.segment.size.max = 1048576 (custom)
2022-01-20 14:18:15,592 [pool-335-thread-1] INFO  server.RaftServerConfigKeys (ConfUtils.java:logGet(44)) - raft.server.log.preallocated.size = 16384 (custom)
2022-01-20 14:18:15,592 [pool-335-thread-1] INFO  server.RaftServerConfigKeys (ConfUtils.java:logGet(44)) - raft.server.log.force.sync.num = 128 (default)
2022-01-20 14:18:15,592 [pool-335-thread-1] INFO  server.RaftServerConfigKeys (ConfUtils.java:logGet(44)) - raft.server.log.statemachine.data.sync = true (default)
2022-01-20 14:18:15,592 [pool-335-thread-1] INFO  server.RaftServerConfigKeys (ConfUtils.java:logGet(44)) - raft.server.log.statemachine.data.sync.timeout = 10s (default)
2022-01-20 14:18:15,592 [pool-335-thread-1] INFO  server.RaftServerConfigKeys (ConfUtils.java:logGet(44)) - raft.server.log.statemachine.data.sync.timeout.retry = -1 (default)
2022-01-20 14:18:15,594 [EventQueue-OpenPipelineForHealthyPipelineSafeModeRule] INFO  safemode.SCMSafeModeManager (HealthyPipelineSafeModeRule.java:process(124)) - SCM in safe mode. Healthy pipelines reported count is 0, required healthy pipeline reported count is 1
2022-01-20 14:18:15,600 [pool-335-thread-1] INFO  server.RaftServerConfigKeys (ConfUtils.java:logGet(44)) - raft.server.log.write.buffer.size = 1048576 (custom)
2022-01-20 14:18:15,600 [pool-335-thread-1] INFO  server.RaftServerConfigKeys (ConfUtils.java:logGet(44)) - raft.server.log.statemachine.data.caching.enabled = true (custom)
2022-01-20 14:18:15,605 [pool-335-thread-1] INFO  segmented.SegmentedRaftLogWorker (SegmentedRaftLogWorker.java:lambda$new$0(133)) - 3055d1e2-eb1d-45ac-85ad-2ef847921969@group-A8039840480C-SegmentedRaftLogWorker: flushIndex: setUnconditionally 0 -> -1
2022-01-20 14:18:15,605 [pool-335-thread-1] INFO  segmented.SegmentedRaftLogWorker (SegmentedRaftLogWorker.java:lambda$new$0(133)) - 3055d1e2-eb1d-45ac-85ad-2ef847921969@group-A8039840480C-SegmentedRaftLogWorker: safeCacheEvictIndex: setUnconditionally 0 -> -1
2022-01-20 14:18:15,609 [pool-335-thread-1] INFO  server.RaftServerConfigKeys (ConfUtils.java:logGet(44)) - raft.server.snapshot.auto.trigger.enabled = true (custom)
2022-01-20 14:18:15,609 [pool-335-thread-1] INFO  server.RaftServerConfigKeys (ConfUtils.java:logGet(44)) - raft.server.snapshot.auto.trigger.threshold = 10000 (custom)
2022-01-20 14:18:15,609 [pool-335-thread-1] INFO  server.RaftServerConfigKeys (ConfUtils.java:logGet(44)) - raft.server.snapshot.retention.file.num = 5 (custom)
2022-01-20 14:18:15,609 [pool-335-thread-1] INFO  server.RaftServerConfigKeys (ConfUtils.java:logGet(44)) - raft.server.log.purge.upto.snapshot.index = false (default)
2022-01-20 14:18:15,609 [pool-335-thread-1] INFO  server.RaftServerConfigKeys (ConfUtils.java:logGet(44)) - raft.server.retrycache.expirytime = 600000ms (custom)
2022-01-20 14:18:15,609 [pool-335-thread-1] INFO  server.RaftServerConfigKeys (ConfUtils.java:logGet(44)) - raft.server.retrycache.statistics.expirytime = 100μs (default)
2022-01-20 14:18:15,610 [pool-335-thread-1] INFO  server.RaftServer$Division (RaftServerImpl.java:start(301)) - 3055d1e2-eb1d-45ac-85ad-2ef847921969@group-A8039840480C: start as a follower, conf=-1: [f405db60-e51c-4785-8bbc-e1c4726dfe5c|rpc:10.1.0.33:35313|priority:0, 4a67b2a1-79be-440d-a7f9-3f5e5a8bd0ed|rpc:10.1.0.33:42913|priority:1, 3055d1e2-eb1d-45ac-85ad-2ef847921969|rpc:10.1.0.33:39677|priority:0], old=null
2022-01-20 14:18:15,610 [pool-335-thread-1] INFO  server.RaftServer$Division (RaftServerImpl.java:setRole(290)) - 3055d1e2-eb1d-45ac-85ad-2ef847921969@group-A8039840480C: changes role from      null to FOLLOWER at term 0 for startAsFollower
2022-01-20 14:18:15,610 [pool-335-thread-1] INFO  impl.RoleInfo (RoleInfo.java:updateAndGet(130)) - 3055d1e2-eb1d-45ac-85ad-2ef847921969: start 3055d1e2-eb1d-45ac-85ad-2ef847921969@group-A8039840480C-FollowerState
2022-01-20 14:18:15,629 [pool-335-thread-1] INFO  util.JmxRegister (JmxRegister.java:tryRegister(44)) - Successfully registered JMX Bean with object name Ratis:service=RaftServer,group=group-A8039840480C,id=3055d1e2-eb1d-45ac-85ad-2ef847921969
2022-01-20 14:18:15,633 [Command processor thread] INFO  ratis.XceiverServerRatis (XceiverServerRatis.java:addGroup(768)) - Created group PipelineID=c4c59fdd-05d0-43b3-b6e4-a8039840480c
2022-01-20 14:18:15,662 [grpc-default-executor-1] INFO  server.RaftServer (RaftServerProxy.java:addNew(95)) - f405db60-e51c-4785-8bbc-e1c4726dfe5c: addNew group-A8039840480C:[f405db60-e51c-4785-8bbc-e1c4726dfe5c|rpc:10.1.0.33:35313|dataStream:|priority:0, 4a67b2a1-79be-440d-a7f9-3f5e5a8bd0ed|rpc:10.1.0.33:42913|dataStream:|priority:1, 3055d1e2-eb1d-45ac-85ad-2ef847921969|rpc:10.1.0.33:39677|dataStream:|priority:0] returns group-A8039840480C:java.util.concurrent.CompletableFuture@77e5a97c[Not completed]
2022-01-20 14:18:15,663 [pool-356-thread-1] INFO  server.RaftServer$Division (RaftServerImpl.java:<init>(184)) - f405db60-e51c-4785-8bbc-e1c4726dfe5c: new RaftServerImpl for group-A8039840480C:[f405db60-e51c-4785-8bbc-e1c4726dfe5c|rpc:10.1.0.33:35313|dataStream:|priority:0, 4a67b2a1-79be-440d-a7f9-3f5e5a8bd0ed|rpc:10.1.0.33:42913|dataStream:|priority:1, 3055d1e2-eb1d-45ac-85ad-2ef847921969|rpc:10.1.0.33:39677|dataStream:|priority:0] with ContainerStateMachine:uninitialized
2022-01-20 14:18:15,663 [pool-356-thread-1] INFO  server.RaftServerConfigKeys (ConfUtils.java:logGet(44)) - raft.server.rpc.timeout.min = 5s (custom)
2022-01-20 14:18:15,663 [pool-356-thread-1] INFO  server.RaftServerConfigKeys (ConfUtils.java:logGet(44)) - raft.server.rpc.timeout.max = 5200ms (custom)
2022-01-20 14:18:15,664 [pool-356-thread-1] INFO  server.RaftServerConfigKeys (ConfUtils.java:logGet(44)) - raft.server.rpc.sleep.time = 25ms (default)
2022-01-20 14:18:15,664 [pool-356-thread-1] INFO  server.RaftServerConfigKeys (ConfUtils.java:logGet(44)) - raft.server.rpc.slowness.timeout = 300000ms (custom)
2022-01-20 14:18:15,664 [pool-356-thread-1] INFO  server.RaftServerConfigKeys (ConfUtils.java:logGet(44)) - raft.server.leaderelection.leader.step-down.wait-time = 10s (default)
2022-01-20 14:18:15,664 [pool-356-thread-1] INFO  server.RaftServerConfigKeys (ConfUtils.java:logGet(44)) - raft.server.sleep.deviation.threshold = 300ms (default)
2022-01-20 14:18:15,664 [pool-356-thread-1] INFO  server.RaftServerConfigKeys (ConfUtils.java:logGet(44)) - raft.server.log.appender.install.snapshot.enabled = false (custom)
2022-01-20 14:18:15,664 [pool-356-thread-1] INFO  server.RaftServer$Division (ServerState.java:<init>(105)) - f405db60-e51c-4785-8bbc-e1c4726dfe5c@group-A8039840480C: ConfigurationManager, init=-1: [f405db60-e51c-4785-8bbc-e1c4726dfe5c|rpc:10.1.0.33:35313|dataStream:|priority:0, 4a67b2a1-79be-440d-a7f9-3f5e5a8bd0ed|rpc:10.1.0.33:42913|dataStream:|priority:1, 3055d1e2-eb1d-45ac-85ad-2ef847921969|rpc:10.1.0.33:39677|dataStream:|priority:0], old=null, confs=<EMPTY_MAP>
2022-01-20 14:18:15,664 [pool-356-thread-1] INFO  server.RaftServerConfigKeys (ConfUtils.java:logGet(44)) - raft.server.storage.dir = [/home/runner/work/ozone/ozone/hadoop-ozone/integration-test/target/test-dir/MiniOzoneClusterImpl-f1e7e660-ec45-4ef3-9198-8cc7416827f1/datanode-1/data/ratis] (custom)
2022-01-20 14:18:15,664 [pool-356-thread-1] INFO  server.RaftServerConfigKeys (ConfUtils.java:logGet(44)) - raft.server.log.corruption.policy = EXCEPTION (default)
2022-01-20 14:18:15,664 [pool-356-thread-1] INFO  server.RaftServerConfigKeys (ConfUtils.java:logGet(44)) - raft.server.storage.free-space.min = 0MB (=0) (default)
2022-01-20 14:18:15,664 [pool-356-thread-1] INFO  storage.RaftStorageDirectory (RaftStorageDirectoryImpl.java:analyzeStorage(135)) - The storage directory /home/runner/work/ozone/ozone/hadoop-ozone/integration-test/target/test-dir/MiniOzoneClusterImpl-f1e7e660-ec45-4ef3-9198-8cc7416827f1/datanode-1/data/ratis/c4c59fdd-05d0-43b3-b6e4-a8039840480c does not exist. Creating ...
2022-01-20 14:18:15,679 [pool-356-thread-1] INFO  storage.RaftStorageDirectory (RaftStorageDirectoryImpl.java:tryLock(230)) - Lock on /home/runner/work/ozone/ozone/hadoop-ozone/integration-test/target/test-dir/MiniOzoneClusterImpl-f1e7e660-ec45-4ef3-9198-8cc7416827f1/datanode-1/data/ratis/c4c59fdd-05d0-43b3-b6e4-a8039840480c/in_use.lock acquired by nodename 2019@fv-az294-522
2022-01-20 14:18:15,711 [pool-356-thread-1] INFO  storage.RaftStorage (RaftStorageImpl.java:format(89)) - Storage directory /home/runner/work/ozone/ozone/hadoop-ozone/integration-test/target/test-dir/MiniOzoneClusterImpl-f1e7e660-ec45-4ef3-9198-8cc7416827f1/datanode-1/data/ratis/c4c59fdd-05d0-43b3-b6e4-a8039840480c has been successfully formatted.
2022-01-20 14:18:15,750 [pool-356-thread-1] INFO  ratis.ContainerStateMachine (ContainerStateMachine.java:loadSnapshot(231)) - group-A8039840480C: The snapshot info is null. Setting the last applied indexto:(t:0, i:~)
2022-01-20 14:18:15,750 [pool-356-thread-1] INFO  server.RaftServerConfigKeys (ConfUtils.java:logGet(44)) - raft.server.notification.no-leader.timeout = 300000ms (custom)
2022-01-20 14:18:15,750 [pool-356-thread-1] INFO  server.RaftServerConfigKeys (ConfUtils.java:logGet(44)) - raft.server.log.use.memory = false (default)
2022-01-20 14:18:15,750 [pool-356-thread-1] INFO  server.RaftServerConfigKeys (ConfUtils.java:logGet(44)) - raft.server.log.purge.gap = 1000000 (custom)
2022-01-20 14:18:15,750 [pool-356-thread-1] INFO  server.RaftServerConfigKeys (ConfUtils.java:logGet(44)) - raft.server.log.appender.buffer.byte-limit = 33554432 (custom)
2022-01-20 14:18:15,751 [pool-356-thread-1] INFO  server.RaftServerConfigKeys (ConfUtils.java:logGet(44)) - raft.server.log.segment.size.max = 1048576 (custom)
2022-01-20 14:18:15,751 [pool-356-thread-1] INFO  server.RaftServerConfigKeys (ConfUtils.java:logGet(44)) - raft.server.log.segment.cache.num.max = 2 (custom)
2022-01-20 14:18:15,751 [pool-356-thread-1] INFO  server.RaftServerConfigKeys (ConfUtils.java:logGet(44)) - raft.server.log.segment.cache.size.max = 200MB (=209715200) (default)
2022-01-20 14:18:15,751 [pool-356-thread-1] INFO  segmented.SegmentedRaftLogWorker (SegmentedRaftLogWorker.java:<init>(182)) - new f405db60-e51c-4785-8bbc-e1c4726dfe5c@group-A8039840480C-SegmentedRaftLogWorker for RaftStorageImpl:Storage Directory /home/runner/work/ozone/ozone/hadoop-ozone/integration-test/target/test-dir/MiniOzoneClusterImpl-f1e7e660-ec45-4ef3-9198-8cc7416827f1/datanode-1/data/ratis/c4c59fdd-05d0-43b3-b6e4-a8039840480c
2022-01-20 14:18:15,751 [pool-356-thread-1] INFO  server.RaftServerConfigKeys (ConfUtils.java:logGet(44)) - raft.server.log.queue.byte-limit = 2147483647 (custom)
2022-01-20 14:18:15,751 [pool-356-thread-1] INFO  server.RaftServerConfigKeys (ConfUtils.java:logGet(44)) - raft.server.log.queue.element-limit = 1024 (custom)
2022-01-20 14:18:15,751 [pool-356-thread-1] INFO  server.RaftServerConfigKeys (ConfUtils.java:logGet(44)) - raft.server.log.segment.size.max = 1048576 (custom)
2022-01-20 14:18:15,751 [pool-356-thread-1] INFO  server.RaftServerConfigKeys (ConfUtils.java:logGet(44)) - raft.server.log.preallocated.size = 16384 (custom)
2022-01-20 14:18:15,751 [pool-356-thread-1] INFO  server.RaftServerConfigKeys (ConfUtils.java:logGet(44)) - raft.server.log.force.sync.num = 128 (default)
2022-01-20 14:18:15,752 [pool-356-thread-1] INFO  server.RaftServerConfigKeys (ConfUtils.java:logGet(44)) - raft.server.log.statemachine.data.sync = true (default)
2022-01-20 14:18:15,752 [pool-356-thread-1] INFO  server.RaftServerConfigKeys (ConfUtils.java:logGet(44)) - raft.server.log.statemachine.data.sync.timeout = 10s (default)
2022-01-20 14:18:15,752 [pool-356-thread-1] INFO  server.RaftServerConfigKeys (ConfUtils.java:logGet(44)) - raft.server.log.statemachine.data.sync.timeout.retry = -1 (default)
2022-01-20 14:18:15,753 [pool-356-thread-1] INFO  server.RaftServerConfigKeys (ConfUtils.java:logGet(44)) - raft.server.log.write.buffer.size = 1048576 (custom)
2022-01-20 14:18:15,755 [pool-356-thread-1] INFO  server.RaftServerConfigKeys (ConfUtils.java:logGet(44)) - raft.server.log.statemachine.data.caching.enabled = true (custom)
2022-01-20 14:18:15,755 [pool-356-thread-1] INFO  segmented.SegmentedRaftLogWorker (SegmentedRaftLogWorker.java:lambda$new$0(133)) - f405db60-e51c-4785-8bbc-e1c4726dfe5c@group-A8039840480C-SegmentedRaftLogWorker: flushIndex: setUnconditionally 0 -> -1
2022-01-20 14:18:15,755 [pool-356-thread-1] INFO  segmented.SegmentedRaftLogWorker (SegmentedRaftLogWorker.java:lambda$new$0(133)) - f405db60-e51c-4785-8bbc-e1c4726dfe5c@group-A8039840480C-SegmentedRaftLogWorker: safeCacheEvictIndex: setUnconditionally 0 -> -1
2022-01-20 14:18:15,755 [pool-356-thread-1] INFO  server.RaftServerConfigKeys (ConfUtils.java:logGet(44)) - raft.server.snapshot.auto.trigger.enabled = true (custom)
2022-01-20 14:18:15,756 [pool-356-thread-1] INFO  server.RaftServerConfigKeys (ConfUtils.java:logGet(44)) - raft.server.snapshot.auto.trigger.threshold = 10000 (custom)
2022-01-20 14:18:15,756 [pool-356-thread-1] INFO  server.RaftServerConfigKeys (ConfUtils.java:logGet(44)) - raft.server.snapshot.retention.file.num = 5 (custom)
2022-01-20 14:18:15,756 [pool-356-thread-1] INFO  server.RaftServerConfigKeys (ConfUtils.java:logGet(44)) - raft.server.log.purge.upto.snapshot.index = false (default)
2022-01-20 14:18:15,756 [pool-356-thread-1] INFO  server.RaftServerConfigKeys (ConfUtils.java:logGet(44)) - raft.server.retrycache.expirytime = 600000ms (custom)
2022-01-20 14:18:15,756 [pool-356-thread-1] INFO  server.RaftServerConfigKeys (ConfUtils.java:logGet(44)) - raft.server.retrycache.statistics.expirytime = 100μs (default)
2022-01-20 14:18:15,757 [pool-356-thread-1] INFO  server.RaftServer$Division (RaftServerImpl.java:start(301)) - f405db60-e51c-4785-8bbc-e1c4726dfe5c@group-A8039840480C: start as a follower, conf=-1: [f405db60-e51c-4785-8bbc-e1c4726dfe5c|rpc:10.1.0.33:35313|dataStream:|priority:0, 4a67b2a1-79be-440d-a7f9-3f5e5a8bd0ed|rpc:10.1.0.33:42913|dataStream:|priority:1, 3055d1e2-eb1d-45ac-85ad-2ef847921969|rpc:10.1.0.33:39677|dataStream:|priority:0], old=null
2022-01-20 14:18:15,757 [pool-356-thread-1] INFO  server.RaftServer$Division (RaftServerImpl.java:setRole(290)) - f405db60-e51c-4785-8bbc-e1c4726dfe5c@group-A8039840480C: changes role from      null to FOLLOWER at term 0 for startAsFollower
2022-01-20 14:18:15,757 [pool-356-thread-1] INFO  impl.RoleInfo (RoleInfo.java:updateAndGet(130)) - f405db60-e51c-4785-8bbc-e1c4726dfe5c: start f405db60-e51c-4785-8bbc-e1c4726dfe5c@group-A8039840480C-FollowerState
2022-01-20 14:18:15,758 [pool-356-thread-1] INFO  util.JmxRegister (JmxRegister.java:tryRegister(44)) - Successfully registered JMX Bean with object name Ratis:service=RaftServer,group=group-A8039840480C,id=f405db60-e51c-4785-8bbc-e1c4726dfe5c
2022-01-20 14:18:15,808 [grpc-default-executor-1] INFO  server.RaftServer (RaftServerProxy.java:addNew(95)) - 4a67b2a1-79be-440d-a7f9-3f5e5a8bd0ed: addNew group-A8039840480C:[f405db60-e51c-4785-8bbc-e1c4726dfe5c|rpc:10.1.0.33:35313|dataStream:|priority:0, 4a67b2a1-79be-440d-a7f9-3f5e5a8bd0ed|rpc:10.1.0.33:42913|dataStream:|priority:1, 3055d1e2-eb1d-45ac-85ad-2ef847921969|rpc:10.1.0.33:39677|dataStream:|priority:0] returns group-A8039840480C:java.util.concurrent.CompletableFuture@681da4b5[Not completed]
2022-01-20 14:18:15,809 [EndpointStateMachine task thread for /0.0.0.0:43255 - 0 ] INFO  ozoneimpl.OzoneContainer (OzoneContainer.java:start(315)) - Attempting to start container services.
2022-01-20 14:18:15,809 [EndpointStateMachine task thread for /0.0.0.0:43255 - 0 ] INFO  ozoneimpl.OzoneContainer (OzoneContainer.java:startContainerScrub(250)) - Background container scanner has been disabled.
2022-01-20 14:18:15,810 [EndpointStateMachine task thread for /0.0.0.0:43255 - 0 ] INFO  replication.ReplicationServer (ReplicationServer.java:start(111)) - ReplicationServer is started using port 38409
2022-01-20 14:18:15,814 [EndpointStateMachine task thread for /0.0.0.0:43255 - 0 ] INFO  ratis.XceiverServerRatis (XceiverServerRatis.java:start(484)) - Starting XceiverServerRatis d2de7c60-b86f-4a06-91d9-365eb56e12df
2022-01-20 14:18:15,817 [EndpointStateMachine task thread for /0.0.0.0:43255 - 0 ] INFO  server.RaftServer (RaftServerProxy.java:lambda$start$5(374)) - d2de7c60-b86f-4a06-91d9-365eb56e12df: start RPC server
2022-01-20 14:18:15,829 [EndpointStateMachine task thread for /0.0.0.0:43255 - 0 ] INFO  server.GrpcService (GrpcService.java:startImpl(253)) - d2de7c60-b86f-4a06-91d9-365eb56e12df: GrpcService started, listening on 36843
2022-01-20 14:18:15,832 [EndpointStateMachine task thread for /0.0.0.0:43255 - 0 ] INFO  ratis.XceiverServerRatis (XceiverServerRatis.java:getRealPort(505)) - XceiverServerRatis d2de7c60-b86f-4a06-91d9-365eb56e12df is started using port 36843 for RATIS
2022-01-20 14:18:15,833 [EndpointStateMachine task thread for /0.0.0.0:43255 - 0 ] INFO  ratis.XceiverServerRatis (XceiverServerRatis.java:getRealPort(505)) - XceiverServerRatis d2de7c60-b86f-4a06-91d9-365eb56e12df is started using port 36843 for RATIS_ADMIN
2022-01-20 14:18:15,833 [EndpointStateMachine task thread for /0.0.0.0:43255 - 0 ] INFO  ratis.XceiverServerRatis (XceiverServerRatis.java:getRealPort(505)) - XceiverServerRatis d2de7c60-b86f-4a06-91d9-365eb56e12df is started using port 36843 for RATIS_SERVER
2022-01-20 14:18:15,835 [org.apache.ratis.util.JvmPauseMonitor$$Lambda$431/385784873@254fccbf] INFO  util.JvmPauseMonitor (JvmPauseMonitor.java:run(103)) - JvmPauseMonitor-d2de7c60-b86f-4a06-91d9-365eb56e12df: Started
2022-01-20 14:18:15,838 [EndpointStateMachine task thread for /0.0.0.0:43255 - 0 ] INFO  server.XceiverServerGrpc (XceiverServerGrpc.java:start(180)) - XceiverServerGrpc d2de7c60-b86f-4a06-91d9-365eb56e12df is started using port 36575
2022-01-20 14:18:15,869 [pool-377-thread-1] INFO  server.RaftServer$Division (RaftServerImpl.java:<init>(184)) - 4a67b2a1-79be-440d-a7f9-3f5e5a8bd0ed: new RaftServerImpl for group-A8039840480C:[f405db60-e51c-4785-8bbc-e1c4726dfe5c|rpc:10.1.0.33:35313|dataStream:|priority:0, 4a67b2a1-79be-440d-a7f9-3f5e5a8bd0ed|rpc:10.1.0.33:42913|dataStream:|priority:1, 3055d1e2-eb1d-45ac-85ad-2ef847921969|rpc:10.1.0.33:39677|dataStream:|priority:0] with ContainerStateMachine:uninitialized
2022-01-20 14:18:15,870 [pool-377-thread-1] INFO  server.RaftServerConfigKeys (ConfUtils.java:logGet(44)) - raft.server.rpc.timeout.min = 5s (custom)
2022-01-20 14:18:15,870 [pool-377-thread-1] INFO  server.RaftServerConfigKeys (ConfUtils.java:logGet(44)) - raft.server.rpc.timeout.max = 5200ms (custom)
2022-01-20 14:18:15,870 [pool-377-thread-1] INFO  server.RaftServerConfigKeys (ConfUtils.java:logGet(44)) - raft.server.rpc.sleep.time = 25ms (default)
2022-01-20 14:18:15,870 [pool-377-thread-1] INFO  server.RaftServerConfigKeys (ConfUtils.java:logGet(44)) - raft.server.rpc.slowness.timeout = 300000ms (custom)
2022-01-20 14:18:15,870 [pool-377-thread-1] INFO  server.RaftServerConfigKeys (ConfUtils.java:logGet(44)) - raft.server.leaderelection.leader.step-down.wait-time = 10s (default)
2022-01-20 14:18:15,871 [pool-377-thread-1] INFO  server.RaftServerConfigKeys (ConfUtils.java:logGet(44)) - raft.server.sleep.deviation.threshold = 300ms (default)
2022-01-20 14:18:15,871 [pool-377-thread-1] INFO  server.RaftServerConfigKeys (ConfUtils.java:logGet(44)) - raft.server.log.appender.install.snapshot.enabled = false (custom)
2022-01-20 14:18:15,871 [pool-377-thread-1] INFO  server.RaftServer$Division (ServerState.java:<init>(105)) - 4a67b2a1-79be-440d-a7f9-3f5e5a8bd0ed@group-A8039840480C: ConfigurationManager, init=-1: [f405db60-e51c-4785-8bbc-e1c4726dfe5c|rpc:10.1.0.33:35313|dataStream:|priority:0, 4a67b2a1-79be-440d-a7f9-3f5e5a8bd0ed|rpc:10.1.0.33:42913|dataStream:|priority:1, 3055d1e2-eb1d-45ac-85ad-2ef847921969|rpc:10.1.0.33:39677|dataStream:|priority:0], old=null, confs=<EMPTY_MAP>
2022-01-20 14:18:15,871 [pool-377-thread-1] INFO  server.RaftServerConfigKeys (ConfUtils.java:logGet(44)) - raft.server.storage.dir = [/home/runner/work/ozone/ozone/hadoop-ozone/integration-test/target/test-dir/MiniOzoneClusterImpl-f1e7e660-ec45-4ef3-9198-8cc7416827f1/datanode-2/data/ratis] (custom)
2022-01-20 14:18:15,871 [pool-377-thread-1] INFO  server.RaftServerConfigKeys (ConfUtils.java:logGet(44)) - raft.server.log.corruption.policy = EXCEPTION (default)
2022-01-20 14:18:15,871 [pool-377-thread-1] INFO  server.RaftServerConfigKeys (ConfUtils.java:logGet(44)) - raft.server.storage.free-space.min = 0MB (=0) (default)
2022-01-20 14:18:15,871 [pool-377-thread-1] INFO  storage.RaftStorageDirectory (RaftStorageDirectoryImpl.java:analyzeStorage(135)) - The storage directory /home/runner/work/ozone/ozone/hadoop-ozone/integration-test/target/test-dir/MiniOzoneClusterImpl-f1e7e660-ec45-4ef3-9198-8cc7416827f1/datanode-2/data/ratis/c4c59fdd-05d0-43b3-b6e4-a8039840480c does not exist. Creating ...
2022-01-20 14:18:15,872 [pool-377-thread-1] INFO  storage.RaftStorageDirectory (RaftStorageDirectoryImpl.java:tryLock(230)) - Lock on /home/runner/work/ozone/ozone/hadoop-ozone/integration-test/target/test-dir/MiniOzoneClusterImpl-f1e7e660-ec45-4ef3-9198-8cc7416827f1/datanode-2/data/ratis/c4c59fdd-05d0-43b3-b6e4-a8039840480c/in_use.lock acquired by nodename 2019@fv-az294-522
2022-01-20 14:18:15,877 [pool-377-thread-1] INFO  storage.RaftStorage (RaftStorageImpl.java:format(89)) - Storage directory /home/runner/work/ozone/ozone/hadoop-ozone/integration-test/target/test-dir/MiniOzoneClusterImpl-f1e7e660-ec45-4ef3-9198-8cc7416827f1/datanode-2/data/ratis/c4c59fdd-05d0-43b3-b6e4-a8039840480c has been successfully formatted.
2022-01-20 14:18:15,878 [pool-377-thread-1] INFO  ratis.ContainerStateMachine (ContainerStateMachine.java:loadSnapshot(231)) - group-A8039840480C: The snapshot info is null. Setting the last applied indexto:(t:0, i:~)
2022-01-20 14:18:15,897 [pool-377-thread-1] INFO  server.RaftServerConfigKeys (ConfUtils.java:logGet(44)) - raft.server.notification.no-leader.timeout = 300000ms (custom)
2022-01-20 14:18:15,897 [pool-377-thread-1] INFO  server.RaftServerConfigKeys (ConfUtils.java:logGet(44)) - raft.server.log.use.memory = false (default)
2022-01-20 14:18:15,897 [pool-377-thread-1] INFO  server.RaftServerConfigKeys (ConfUtils.java:logGet(44)) - raft.server.log.purge.gap = 1000000 (custom)
2022-01-20 14:18:15,897 [pool-377-thread-1] INFO  server.RaftServerConfigKeys (ConfUtils.java:logGet(44)) - raft.server.log.appender.buffer.byte-limit = 33554432 (custom)
2022-01-20 14:18:15,897 [pool-377-thread-1] INFO  server.RaftServerConfigKeys (ConfUtils.java:logGet(44)) - raft.server.log.segment.size.max = 1048576 (custom)
2022-01-20 14:18:15,898 [pool-377-thread-1] INFO  server.RaftServerConfigKeys (ConfUtils.java:logGet(44)) - raft.server.log.segment.cache.num.max = 2 (custom)
2022-01-20 14:18:15,898 [pool-377-thread-1] INFO  server.RaftServerConfigKeys (ConfUtils.java:logGet(44)) - raft.server.log.segment.cache.size.max = 200MB (=209715200) (default)
2022-01-20 14:18:15,898 [pool-377-thread-1] INFO  segmented.SegmentedRaftLogWorker (SegmentedRaftLogWorker.java:<init>(182)) - new 4a67b2a1-79be-440d-a7f9-3f5e5a8bd0ed@group-A8039840480C-SegmentedRaftLogWorker for RaftStorageImpl:Storage Directory /home/runner/work/ozone/ozone/hadoop-ozone/integration-test/target/test-dir/MiniOzoneClusterImpl-f1e7e660-ec45-4ef3-9198-8cc7416827f1/datanode-2/data/ratis/c4c59fdd-05d0-43b3-b6e4-a8039840480c
2022-01-20 14:18:15,898 [pool-377-thread-1] INFO  server.RaftServerConfigKeys (ConfUtils.java:logGet(44)) - raft.server.log.queue.byte-limit = 2147483647 (custom)
2022-01-20 14:18:15,898 [pool-377-thread-1] INFO  server.RaftServerConfigKeys (ConfUtils.java:logGet(44)) - raft.server.log.queue.element-limit = 1024 (custom)
2022-01-20 14:18:15,898 [pool-377-thread-1] INFO  server.RaftServerConfigKeys (ConfUtils.java:logGet(44)) - raft.server.log.segment.size.max = 1048576 (custom)
2022-01-20 14:18:15,898 [pool-377-thread-1] INFO  server.RaftServerConfigKeys (ConfUtils.java:logGet(44)) - raft.server.log.preallocated.size = 16384 (custom)
2022-01-20 14:18:15,898 [pool-377-thread-1] INFO  server.RaftServerConfigKeys (ConfUtils.java:logGet(44)) - raft.server.log.force.sync.num = 128 (default)
2022-01-20 14:18:15,898 [pool-377-thread-1] INFO  server.RaftServerConfigKeys (ConfUtils.java:logGet(44)) - raft.server.log.statemachine.data.sync = true (default)
2022-01-20 14:18:15,898 [pool-377-thread-1] INFO  server.RaftServerConfigKeys (ConfUtils.java:logGet(44)) - raft.server.log.statemachine.data.sync.timeout = 10s (default)
2022-01-20 14:18:15,898 [pool-377-thread-1] INFO  server.RaftServerConfigKeys (ConfUtils.java:logGet(44)) - raft.server.log.statemachine.data.sync.timeout.retry = -1 (default)
2022-01-20 14:18:15,899 [pool-377-thread-1] INFO  server.RaftServerConfigKeys (ConfUtils.java:logGet(44)) - raft.server.log.write.buffer.size = 1048576 (custom)
2022-01-20 14:18:15,899 [pool-377-thread-1] INFO  server.RaftServerConfigKeys (ConfUtils.java:logGet(44)) - raft.server.log.statemachine.data.caching.enabled = true (custom)
2022-01-20 14:18:15,900 [pool-377-thread-1] INFO  segmented.SegmentedRaftLogWorker (SegmentedRaftLogWorker.java:lambda$new$0(133)) - 4a67b2a1-79be-440d-a7f9-3f5e5a8bd0ed@group-A8039840480C-SegmentedRaftLogWorker: flushIndex: setUnconditionally 0 -> -1
2022-01-20 14:18:15,900 [pool-377-thread-1] INFO  segmented.SegmentedRaftLogWorker (SegmentedRaftLogWorker.java:lambda$new$0(133)) - 4a67b2a1-79be-440d-a7f9-3f5e5a8bd0ed@group-A8039840480C-SegmentedRaftLogWorker: safeCacheEvictIndex: setUnconditionally 0 -> -1
2022-01-20 14:18:15,910 [pool-377-thread-1] INFO  server.RaftServerConfigKeys (ConfUtils.java:logGet(44)) - raft.server.snapshot.auto.trigger.enabled = true (custom)
2022-01-20 14:18:15,910 [pool-377-thread-1] INFO  server.RaftServerConfigKeys (ConfUtils.java:logGet(44)) - raft.server.snapshot.auto.trigger.threshold = 10000 (custom)
2022-01-20 14:18:15,910 [pool-377-thread-1] INFO  server.RaftServerConfigKeys (ConfUtils.java:logGet(44)) - raft.server.snapshot.retention.file.num = 5 (custom)
2022-01-20 14:18:15,910 [pool-377-thread-1] INFO  server.RaftServerConfigKeys (ConfUtils.java:logGet(44)) - raft.server.log.purge.upto.snapshot.index = false (default)
2022-01-20 14:18:15,910 [pool-377-thread-1] INFO  server.RaftServerConfigKeys (ConfUtils.java:logGet(44)) - raft.server.retrycache.expirytime = 600000ms (custom)
2022-01-20 14:18:15,910 [pool-377-thread-1] INFO  server.RaftServerConfigKeys (ConfUtils.java:logGet(44)) - raft.server.retrycache.statistics.expirytime = 100μs (default)
2022-01-20 14:18:15,911 [pool-377-thread-1] INFO  server.RaftServer$Division (RaftServerImpl.java:start(301)) - 4a67b2a1-79be-440d-a7f9-3f5e5a8bd0ed@group-A8039840480C: start as a follower, conf=-1: [f405db60-e51c-4785-8bbc-e1c4726dfe5c|rpc:10.1.0.33:35313|dataStream:|priority:0, 4a67b2a1-79be-440d-a7f9-3f5e5a8bd0ed|rpc:10.1.0.33:42913|dataStream:|priority:1, 3055d1e2-eb1d-45ac-85ad-2ef847921969|rpc:10.1.0.33:39677|dataStream:|priority:0], old=null
2022-01-20 14:18:15,911 [pool-377-thread-1] INFO  server.RaftServer$Division (RaftServerImpl.java:setRole(290)) - 4a67b2a1-79be-440d-a7f9-3f5e5a8bd0ed@group-A8039840480C: changes role from      null to FOLLOWER at term 0 for startAsFollower
2022-01-20 14:18:15,911 [pool-377-thread-1] INFO  impl.RoleInfo (RoleInfo.java:updateAndGet(130)) - 4a67b2a1-79be-440d-a7f9-3f5e5a8bd0ed: start 4a67b2a1-79be-440d-a7f9-3f5e5a8bd0ed@group-A8039840480C-FollowerState
2022-01-20 14:18:15,913 [pool-377-thread-1] INFO  util.JmxRegister (JmxRegister.java:tryRegister(44)) - Successfully registered JMX Bean with object name Ratis:service=RaftServer,group=group-A8039840480C,id=4a67b2a1-79be-440d-a7f9-3f5e5a8bd0ed
2022-01-20 14:18:15,921 [Command processor thread] INFO  commandhandler.CreatePipelineCommandHandler (CreatePipelineCommandHandler.java:handle(106)) - Created Pipeline RATIS THREE PipelineID=c4c59fdd-05d0-43b3-b6e4-a8039840480c.
2022-01-20 14:18:16,072 [Listener at 127.0.0.1/36805] INFO  ozone.MiniOzoneClusterImpl (MiniOzoneClusterImpl.java:lambda$waitForClusterToBeReady$0(219)) - Waiting for nodes to be ready. Got 5 of 9 DN Heartbeats.
2022-01-20 14:18:16,072 [Listener at 127.0.0.1/36805] INFO  ozone.MiniOzoneClusterImpl (MiniOzoneClusterImpl.java:lambda$waitForClusterToBeReady$0(222)) - Waiting for cluster to exit safe mode
2022-01-20 14:18:16,072 [Listener at 127.0.0.1/36805] INFO  ozone.MiniOzoneClusterImpl (MiniOzoneClusterImpl.java:lambda$waitForClusterToBeReady$0(224)) - SCM became leader
2022-01-20 14:18:16,140 [Command processor thread] INFO  server.RaftServer (RaftServerProxy.java:addNew(95)) - f405db60-e51c-4785-8bbc-e1c4726dfe5c: addNew group-5BAB6E4D1A69:[f405db60-e51c-4785-8bbc-e1c4726dfe5c|rpc:10.1.0.33:35313|priority:1] returns group-5BAB6E4D1A69:java.util.concurrent.CompletableFuture@5ca5422f[Not completed]
2022-01-20 14:18:16,141 [pool-356-thread-1] INFO  server.RaftServer$Division (RaftServerImpl.java:<init>(184)) - f405db60-e51c-4785-8bbc-e1c4726dfe5c: new RaftServerImpl for group-5BAB6E4D1A69:[f405db60-e51c-4785-8bbc-e1c4726dfe5c|rpc:10.1.0.33:35313|priority:1] with ContainerStateMachine:uninitialized
2022-01-20 14:18:16,141 [pool-356-thread-1] INFO  server.RaftServerConfigKeys (ConfUtils.java:logGet(44)) - raft.server.rpc.timeout.min = 5s (custom)
2022-01-20 14:18:16,141 [pool-356-thread-1] INFO  server.RaftServerConfigKeys (ConfUtils.java:logGet(44)) - raft.server.rpc.timeout.max = 5200ms (custom)
2022-01-20 14:18:16,141 [pool-356-thread-1] INFO  server.RaftServerConfigKeys (ConfUtils.java:logGet(44)) - raft.server.rpc.sleep.time = 25ms (default)
2022-01-20 14:18:16,141 [pool-356-thread-1] INFO  server.RaftServerConfigKeys (ConfUtils.java:logGet(44)) - raft.server.rpc.slowness.timeout = 300000ms (custom)
2022-01-20 14:18:16,141 [pool-356-thread-1] INFO  server.RaftServerConfigKeys (ConfUtils.java:logGet(44)) - raft.server.leaderelection.leader.step-down.wait-time = 10s (default)
2022-01-20 14:18:16,141 [pool-356-thread-1] INFO  server.RaftServerConfigKeys (ConfUtils.java:logGet(44)) - raft.server.sleep.deviation.threshold = 300ms (default)
2022-01-20 14:18:16,142 [pool-356-thread-1] INFO  server.RaftServerConfigKeys (ConfUtils.java:logGet(44)) - raft.server.log.appender.install.snapshot.enabled = false (custom)
2022-01-20 14:18:16,142 [pool-356-thread-1] INFO  server.RaftServer$Division (ServerState.java:<init>(105)) - f405db60-e51c-4785-8bbc-e1c4726dfe5c@group-5BAB6E4D1A69: ConfigurationManager, init=-1: [f405db60-e51c-4785-8bbc-e1c4726dfe5c|rpc:10.1.0.33:35313|priority:1], old=null, confs=<EMPTY_MAP>
2022-01-20 14:18:16,142 [pool-356-thread-1] INFO  server.RaftServerConfigKeys (ConfUtils.java:logGet(44)) - raft.server.storage.dir = [/home/runner/work/ozone/ozone/hadoop-ozone/integration-test/target/test-dir/MiniOzoneClusterImpl-f1e7e660-ec45-4ef3-9198-8cc7416827f1/datanode-1/data/ratis] (custom)
2022-01-20 14:18:16,142 [pool-356-thread-1] INFO  server.RaftServerConfigKeys (ConfUtils.java:logGet(44)) - raft.server.log.corruption.policy = EXCEPTION (default)
2022-01-20 14:18:16,142 [pool-356-thread-1] INFO  server.RaftServerConfigKeys (ConfUtils.java:logGet(44)) - raft.server.storage.free-space.min = 0MB (=0) (default)
2022-01-20 14:18:16,142 [pool-356-thread-1] INFO  storage.RaftStorageDirectory (RaftStorageDirectoryImpl.java:analyzeStorage(135)) - The storage directory /home/runner/work/ozone/ozone/hadoop-ozone/integration-test/target/test-dir/MiniOzoneClusterImpl-f1e7e660-ec45-4ef3-9198-8cc7416827f1/datanode-1/data/ratis/720ba929-743e-41fc-9e69-5bab6e4d1a69 does not exist. Creating ...
2022-01-20 14:18:16,145 [IPC Server handler 6 on default port 43255] INFO  net.NetworkTopologyImpl (NetworkTopologyImpl.java:add(112)) - Added a new node: /default-rack/974883c6-3444-443e-b406-2e7f57ab6e46
2022-01-20 14:18:16,146 [IPC Server handler 6 on default port 43255] INFO  node.SCMNodeManager (SCMNodeManager.java:register(389)) - Registered Data node : 974883c6-3444-443e-b406-2e7f57ab6e46{ip: 10.1.0.33, host: fv-az294-522.eaanfquahm5ulb5tj050gcxych.jx.internal.cloudapp.net, ports: [REPLICATION=33335, RATIS=43877, RATIS_ADMIN=43877, RATIS_SERVER=43877, STANDALONE=37259], networkLocation: /default-rack, certSerialId: null, persistedOpState: null, persistedOpStateExpiryEpochSec: 0}
2022-01-20 14:18:16,146 [EventQueue-NewNodeForNewNodeHandler] INFO  pipeline.BackgroundPipelineCreator (BackgroundPipelineCreator.java:notifyEventTriggered(285)) - trigger a one-shot run on RatisPipelineUtilsThread.
2022-01-20 14:18:16,146 [RatisPipelineUtilsThread - 0] INFO  pipeline.RatisPipelineProvider (RatisPipelineProvider.java:lambda$create$0(183)) - Sending CreatePipelineCommand for pipeline:PipelineID=92656fac-f080-441f-980a-14235f1030f3 to datanode:974883c6-3444-443e-b406-2e7f57ab6e46
2022-01-20 14:18:16,147 [pool-356-thread-1] INFO  storage.RaftStorageDirectory (RaftStorageDirectoryImpl.java:tryLock(230)) - Lock on /home/runner/work/ozone/ozone/hadoop-ozone/integration-test/target/test-dir/MiniOzoneClusterImpl-f1e7e660-ec45-4ef3-9198-8cc7416827f1/datanode-1/data/ratis/720ba929-743e-41fc-9e69-5bab6e4d1a69/in_use.lock acquired by nodename 2019@fv-az294-522
2022-01-20 14:18:16,149 [1614213d-f914-440d-b8eb-f10be6afcbc1@group-8CC7416827F1-StateMachineUpdater] INFO  pipeline.PipelineStateManagerImpl (PipelineStateManagerImpl.java:addPipeline(101)) - Created pipeline Pipeline[ Id: 92656fac-f080-441f-980a-14235f1030f3, Nodes: 974883c6-3444-443e-b406-2e7f57ab6e46{ip: 10.1.0.33, host: fv-az294-522.eaanfquahm5ulb5tj050gcxych.jx.internal.cloudapp.net, ports: [REPLICATION=33335, RATIS=43877, RATIS_ADMIN=43877, RATIS_SERVER=43877, STANDALONE=37259], networkLocation: /default-rack, certSerialId: null, persistedOpState: IN_SERVICE, persistedOpStateExpiryEpochSec: 0}, ReplicationConfig: RATIS/ONE, State:ALLOCATED, leaderId:, CreationTimestamp2022-01-20T14:18:16.146Z[Etc/UTC]].
2022-01-20 14:18:16,150 [1614213d-f914-440d-b8eb-f10be6afcbc1@group-8CC7416827F1-StateMachineUpdater] INFO  safemode.HealthyPipelineSafeModeRule (HealthyPipelineSafeModeRule.java:initializeRule(152)) - Refreshed total pipeline count is 0, healthy pipeline threshold count is 1
2022-01-20 14:18:16,151 [RatisPipelineUtilsThread - 0] INFO  ha.SCMHAInvocationHandler (SCMHAInvocationHandler.java:invokeRatis(113)) - Invoking method public abstract void org.apache.hadoop.hdds.scm.pipeline.PipelineStateManager.addPipeline(org.apache.hadoop.hdds.protocol.proto.HddsProtos$Pipeline) throws java.io.IOException on target org.apache.hadoop.hdds.scm.ha.SCMRatisServerImpl@2589c416, cost 4733.736us
2022-01-20 14:18:16,152 [RatisPipelineUtilsThread - 0] INFO  pipeline.RatisPipelineProvider (RatisPipelineProvider.java:lambda$create$0(183)) - Sending CreatePipelineCommand for pipeline:PipelineID=4f8d674b-35e4-4c3d-a3fd-477b38a169a7 to datanode:c842222a-b1c3-47cd-9e78-3481338af40d
2022-01-20 14:18:16,152 [RatisPipelineUtilsThread - 0] INFO  pipeline.RatisPipelineProvider (RatisPipelineProvider.java:lambda$create$0(183)) - Sending CreatePipelineCommand for pipeline:PipelineID=4f8d674b-35e4-4c3d-a3fd-477b38a169a7 to datanode:8543d24f-bec7-4768-944c-282c8ff9c745
2022-01-20 14:18:16,152 [RatisPipelineUtilsThread - 0] INFO  pipeline.RatisPipelineProvider (RatisPipelineProvider.java:lambda$create$0(183)) - Sending CreatePipelineCommand for pipeline:PipelineID=4f8d674b-35e4-4c3d-a3fd-477b38a169a7 to datanode:974883c6-3444-443e-b406-2e7f57ab6e46
2022-01-20 14:18:16,153 [EndpointStateMachine task thread for /0.0.0.0:43255 - 0 ] INFO  ozoneimpl.OzoneContainer (OzoneContainer.java:start(315)) - Attempting to start container services.
2022-01-20 14:18:16,153 [EndpointStateMachine task thread for /0.0.0.0:43255 - 0 ] INFO  ozoneimpl.OzoneContainer (OzoneContainer.java:startContainerScrub(250)) - Background container scanner has been disabled.
2022-01-20 14:18:16,153 [EndpointStateMachine task thread for /0.0.0.0:43255 - 0 ] INFO  replication.ReplicationServer (ReplicationServer.java:start(111)) - ReplicationServer is started using port 38437
2022-01-20 14:18:16,167 [pool-356-thread-1] INFO  storage.RaftStorage (RaftStorageImpl.java:format(89)) - Storage directory /home/runner/work/ozone/ozone/hadoop-ozone/integration-test/target/test-dir/MiniOzoneClusterImpl-f1e7e660-ec45-4ef3-9198-8cc7416827f1/datanode-1/data/ratis/720ba929-743e-41fc-9e69-5bab6e4d1a69 has been successfully formatted.
2022-01-20 14:18:16,168 [pool-356-thread-1] INFO  ratis.ContainerStateMachine (ContainerStateMachine.java:loadSnapshot(231)) - group-5BAB6E4D1A69: The snapshot info is null. Setting the last applied indexto:(t:0, i:~)
2022-01-20 14:18:16,168 [pool-356-thread-1] INFO  server.RaftServerConfigKeys (ConfUtils.java:logGet(44)) - raft.server.notification.no-leader.timeout = 300000ms (custom)
2022-01-20 14:18:16,168 [pool-356-thread-1] INFO  server.RaftServerConfigKeys (ConfUtils.java:logGet(44)) - raft.server.log.use.memory = false (default)
2022-01-20 14:18:16,169 [pool-356-thread-1] INFO  server.RaftServerConfigKeys (ConfUtils.java:logGet(44)) - raft.server.log.purge.gap = 1000000 (custom)
2022-01-20 14:18:16,169 [pool-356-thread-1] INFO  server.RaftServerConfigKeys (ConfUtils.java:logGet(44)) - raft.server.log.appender.buffer.byte-limit = 33554432 (custom)
2022-01-20 14:18:16,169 [pool-356-thread-1] INFO  server.RaftServerConfigKeys (ConfUtils.java:logGet(44)) - raft.server.log.segment.size.max = 1048576 (custom)
2022-01-20 14:18:16,169 [pool-356-thread-1] INFO  server.RaftServerConfigKeys (ConfUtils.java:logGet(44)) - raft.server.log.segment.cache.num.max = 2 (custom)
2022-01-20 14:18:16,170 [pool-356-thread-1] INFO  server.RaftServerConfigKeys (ConfUtils.java:logGet(44)) - raft.server.log.segment.cache.size.max = 200MB (=209715200) (default)
2022-01-20 14:18:16,170 [pool-356-thread-1] INFO  segmented.SegmentedRaftLogWorker (SegmentedRaftLogWorker.java:<init>(182)) - new f405db60-e51c-4785-8bbc-e1c4726dfe5c@group-5BAB6E4D1A69-SegmentedRaftLogWorker for RaftStorageImpl:Storage Directory /home/runner/work/ozone/ozone/hadoop-ozone/integration-test/target/test-dir/MiniOzoneClusterImpl-f1e7e660-ec45-4ef3-9198-8cc7416827f1/datanode-1/data/ratis/720ba929-743e-41fc-9e69-5bab6e4d1a69
2022-01-20 14:18:16,170 [pool-356-thread-1] INFO  server.RaftServerConfigKeys (ConfUtils.java:logGet(44)) - raft.server.log.queue.byte-limit = 2147483647 (custom)
2022-01-20 14:18:16,170 [pool-356-thread-1] INFO  server.RaftServerConfigKeys (ConfUtils.java:logGet(44)) - raft.server.log.queue.element-limit = 1024 (custom)
2022-01-20 14:18:16,170 [pool-356-thread-1] INFO  server.RaftServerConfigKeys (ConfUtils.java:logGet(44)) - raft.server.log.segment.size.max = 1048576 (custom)
2022-01-20 14:18:16,170 [pool-356-thread-1] INFO  server.RaftServerConfigKeys (ConfUtils.java:logGet(44)) - raft.server.log.preallocated.size = 16384 (custom)
2022-01-20 14:18:16,170 [pool-356-thread-1] INFO  server.RaftServerConfigKeys (ConfUtils.java:logGet(44)) - raft.server.log.force.sync.num = 128 (default)
2022-01-20 14:18:16,170 [pool-356-thread-1] INFO  server.RaftServerConfigKeys (ConfUtils.java:logGet(44)) - raft.server.log.statemachine.data.sync = true (default)
2022-01-20 14:18:16,170 [pool-356-thread-1] INFO  server.RaftServerConfigKeys (ConfUtils.java:logGet(44)) - raft.server.log.statemachine.data.sync.timeout = 10s (default)
2022-01-20 14:18:16,170 [pool-356-thread-1] INFO  server.RaftServerConfigKeys (ConfUtils.java:logGet(44)) - raft.server.log.statemachine.data.sync.timeout.retry = -1 (default)
2022-01-20 14:18:16,171 [pool-356-thread-1] INFO  server.RaftServerConfigKeys (ConfUtils.java:logGet(44)) - raft.server.log.write.buffer.size = 1048576 (custom)
2022-01-20 14:18:16,186 [pool-356-thread-1] INFO  server.RaftServerConfigKeys (ConfUtils.java:logGet(44)) - raft.server.log.statemachine.data.caching.enabled = true (custom)
2022-01-20 14:18:16,186 [pool-356-thread-1] INFO  segmented.SegmentedRaftLogWorker (SegmentedRaftLogWorker.java:lambda$new$0(133)) - f405db60-e51c-4785-8bbc-e1c4726dfe5c@group-5BAB6E4D1A69-SegmentedRaftLogWorker: flushIndex: setUnconditionally 0 -> -1
2022-01-20 14:18:16,186 [1614213d-f914-440d-b8eb-f10be6afcbc1@group-8CC7416827F1-StateMachineUpdater] INFO  pipeline.PipelineStateManagerImpl (PipelineStateManagerImpl.java:addPipeline(101)) - Created pipeline Pipeline[ Id: 4f8d674b-35e4-4c3d-a3fd-477b38a169a7, Nodes: c842222a-b1c3-47cd-9e78-3481338af40d{ip: 10.1.0.33, host: fv-az294-522.eaanfquahm5ulb5tj050gcxych.jx.internal.cloudapp.net, ports: [REPLICATION=39833, RATIS=44871, RATIS_ADMIN=44871, RATIS_SERVER=44871, STANDALONE=45605], networkLocation: /default-rack, certSerialId: null, persistedOpState: IN_SERVICE, persistedOpStateExpiryEpochSec: 0}8543d24f-bec7-4768-944c-282c8ff9c745{ip: 10.1.0.33, host: fv-az294-522.eaanfquahm5ulb5tj050gcxych.jx.internal.cloudapp.net, ports: [REPLICATION=40917, RATIS=34369, RATIS_ADMIN=34369, RATIS_SERVER=34369, STANDALONE=38809], networkLocation: /default-rack, certSerialId: null, persistedOpState: IN_SERVICE, persistedOpStateExpiryEpochSec: 0}974883c6-3444-443e-b406-2e7f57ab6e46{ip: 10.1.0.33, host: fv-az294-522.eaanfquahm5ulb5tj050gcxych.jx.internal.cloudapp.net, ports: [REPLICATION=33335, RATIS=43877, RATIS_ADMIN=43877, RATIS_SERVER=43877, STANDALONE=37259], networkLocation: /default-rack, certSerialId: null, persistedOpState: IN_SERVICE, persistedOpStateExpiryEpochSec: 0}, ReplicationConfig: RATIS/THREE, State:ALLOCATED, leaderId:, CreationTimestamp2022-01-20T14:18:16.152Z[Etc/UTC]].
2022-01-20 14:18:16,187 [1614213d-f914-440d-b8eb-f10be6afcbc1@group-8CC7416827F1-StateMachineUpdater] INFO  safemode.HealthyPipelineSafeModeRule (HealthyPipelineSafeModeRule.java:initializeRule(152)) - Refreshed total pipeline count is 0, healthy pipeline threshold count is 1
2022-01-20 14:18:16,186 [EndpointStateMachine task thread for /0.0.0.0:43255 - 0 ] INFO  ratis.XceiverServerRatis (XceiverServerRatis.java:start(484)) - Starting XceiverServerRatis 3934de01-e9c2-42ef-9a8f-f9cad9f9a13a
2022-01-20 14:18:16,187 [pool-356-thread-1] INFO  segmented.SegmentedRaftLogWorker (SegmentedRaftLogWorker.java:lambda$new$0(133)) - f405db60-e51c-4785-8bbc-e1c4726dfe5c@group-5BAB6E4D1A69-SegmentedRaftLogWorker: safeCacheEvictIndex: setUnconditionally 0 -> -1
2022-01-20 14:18:16,188 [RatisPipelineUtilsThread - 0] INFO  ha.SCMHAInvocationHandler (SCMHAInvocationHandler.java:invokeRatis(113)) - Invoking method public abstract void org.apache.hadoop.hdds.scm.pipeline.PipelineStateManager.addPipeline(org.apache.hadoop.hdds.protocol.proto.HddsProtos$Pipeline) throws java.io.IOException on target org.apache.hadoop.hdds.scm.ha.SCMRatisServerImpl@2589c416, cost 36572.479us
2022-01-20 14:18:16,199 [pool-356-thread-1] INFO  server.RaftServerConfigKeys (ConfUtils.java:logGet(44)) - raft.server.snapshot.auto.trigger.enabled = true (custom)
2022-01-20 14:18:16,199 [pool-356-thread-1] INFO  server.RaftServerConfigKeys (ConfUtils.java:logGet(44)) - raft.server.snapshot.auto.trigger.threshold = 10000 (custom)
2022-01-20 14:18:16,199 [pool-356-thread-1] INFO  server.RaftServerConfigKeys (ConfUtils.java:logGet(44)) - raft.server.snapshot.retention.file.num = 5 (custom)
2022-01-20 14:18:16,199 [pool-356-thread-1] INFO  server.RaftServerConfigKeys (ConfUtils.java:logGet(44)) - raft.server.log.purge.upto.snapshot.index = false (default)
2022-01-20 14:18:16,199 [pool-356-thread-1] INFO  server.RaftServerConfigKeys (ConfUtils.java:logGet(44)) - raft.server.retrycache.expirytime = 600000ms (custom)
2022-01-20 14:18:16,199 [pool-356-thread-1] INFO  server.RaftServerConfigKeys (ConfUtils.java:logGet(44)) - raft.server.retrycache.statistics.expirytime = 100μs (default)
2022-01-20 14:18:16,199 [EventQueue-PipelineReportForPipelineReportHandler] INFO  pipeline.PipelineManagerImpl (PipelineManagerImpl.java:openPipeline(291)) - Pipeline Pipeline[ Id: 720ba929-743e-41fc-9e69-5bab6e4d1a69, Nodes: f405db60-e51c-4785-8bbc-e1c4726dfe5c{ip: 10.1.0.33, host: fv-az294-522.eaanfquahm5ulb5tj050gcxych.jx.internal.cloudapp.net, ports: [REPLICATION=42491, RATIS=35313, RATIS_ADMIN=35313, RATIS_SERVER=35313, STANDALONE=44397], networkLocation: /default-rack, certSerialId: null, persistedOpState: IN_SERVICE, persistedOpStateExpiryEpochSec: 0}, ReplicationConfig: RATIS/ONE, State:ALLOCATED, leaderId:f405db60-e51c-4785-8bbc-e1c4726dfe5c, CreationTimestamp2022-01-20T14:18:13.141Z[Etc/UTC]] moved to OPEN state
2022-01-20 14:18:16,203 [pool-356-thread-1] INFO  server.RaftServer$Division (RaftServerImpl.java:start(301)) - f405db60-e51c-4785-8bbc-e1c4726dfe5c@group-5BAB6E4D1A69: start as a follower, conf=-1: [f405db60-e51c-4785-8bbc-e1c4726dfe5c|rpc:10.1.0.33:35313|priority:1], old=null
2022-01-20 14:18:16,203 [pool-356-thread-1] INFO  server.RaftServer$Division (RaftServerImpl.java:setRole(290)) - f405db60-e51c-4785-8bbc-e1c4726dfe5c@group-5BAB6E4D1A69: changes role from      null to FOLLOWER at term 0 for startAsFollower
2022-01-20 14:18:16,203 [pool-356-thread-1] INFO  impl.RoleInfo (RoleInfo.java:updateAndGet(130)) - f405db60-e51c-4785-8bbc-e1c4726dfe5c: start f405db60-e51c-4785-8bbc-e1c4726dfe5c@group-5BAB6E4D1A69-FollowerState
2022-01-20 14:18:16,203 [1614213d-f914-440d-b8eb-f10be6afcbc1@group-8CC7416827F1-StateMachineUpdater] INFO  safemode.HealthyPipelineSafeModeRule (HealthyPipelineSafeModeRule.java:initializeRule(152)) - Refreshed total pipeline count is 0, healthy pipeline threshold count is 1
2022-01-20 14:18:16,204 [EventQueue-PipelineReportForPipelineReportHandler] INFO  ha.SCMHAInvocationHandler (SCMHAInvocationHandler.java:invokeRatis(113)) - Invoking method public abstract void org.apache.hadoop.hdds.scm.pipeline.PipelineStateManager.updatePipelineState(org.apache.hadoop.hdds.protocol.proto.HddsProtos$PipelineID,org.apache.hadoop.hdds.protocol.proto.HddsProtos$PipelineState) throws java.io.IOException on target org.apache.hadoop.hdds.scm.ha.SCMRatisServerImpl@2589c416, cost 4482.834us
2022-01-20 14:18:16,204 [EventQueue-OpenPipelineForHealthyPipelineSafeModeRule] INFO  safemode.SCMSafeModeManager (HealthyPipelineSafeModeRule.java:process(124)) - SCM in safe mode. Healthy pipelines reported count is 0, required healthy pipeline reported count is 1
2022-01-20 14:18:16,221 [pool-356-thread-1] INFO  util.JmxRegister (JmxRegister.java:tryRegister(44)) - Successfully registered JMX Bean with object name Ratis:service=RaftServer,group=group-5BAB6E4D1A69,id=f405db60-e51c-4785-8bbc-e1c4726dfe5c
2022-01-20 14:18:16,229 [Command processor thread] INFO  ratis.XceiverServerRatis (XceiverServerRatis.java:addGroup(768)) - Created group PipelineID=720ba929-743e-41fc-9e69-5bab6e4d1a69
2022-01-20 14:18:16,229 [Command processor thread] INFO  commandhandler.CreatePipelineCommandHandler (CreatePipelineCommandHandler.java:handle(106)) - Created Pipeline RATIS ONE PipelineID=720ba929-743e-41fc-9e69-5bab6e4d1a69.
2022-01-20 14:18:16,265 [EndpointStateMachine task thread for /0.0.0.0:43255 - 0 ] INFO  server.RaftServer (RaftServerProxy.java:lambda$start$5(374)) - 3934de01-e9c2-42ef-9a8f-f9cad9f9a13a: start RPC server
2022-01-20 14:18:16,266 [EndpointStateMachine task thread for /0.0.0.0:43255 - 0 ] INFO  server.GrpcService (GrpcService.java:startImpl(253)) - 3934de01-e9c2-42ef-9a8f-f9cad9f9a13a: GrpcService started, listening on 40989
2022-01-20 14:18:16,276 [EndpointStateMachine task thread for /0.0.0.0:43255 - 0 ] INFO  ratis.XceiverServerRatis (XceiverServerRatis.java:getRealPort(505)) - XceiverServerRatis 3934de01-e9c2-42ef-9a8f-f9cad9f9a13a is started using port 40989 for RATIS
2022-01-20 14:18:16,277 [EndpointStateMachine task thread for /0.0.0.0:43255 - 0 ] INFO  ratis.XceiverServerRatis (XceiverServerRatis.java:getRealPort(505)) - XceiverServerRatis 3934de01-e9c2-42ef-9a8f-f9cad9f9a13a is started using port 40989 for RATIS_ADMIN
2022-01-20 14:18:16,277 [EndpointStateMachine task thread for /0.0.0.0:43255 - 0 ] INFO  ratis.XceiverServerRatis (XceiverServerRatis.java:getRealPort(505)) - XceiverServerRatis 3934de01-e9c2-42ef-9a8f-f9cad9f9a13a is started using port 40989 for RATIS_SERVER
2022-01-20 14:18:16,277 [org.apache.ratis.util.JvmPauseMonitor$$Lambda$431/385784873@13e9e01f] INFO  util.JvmPauseMonitor (JvmPauseMonitor.java:run(103)) - JvmPauseMonitor-3934de01-e9c2-42ef-9a8f-f9cad9f9a13a: Started
2022-01-20 14:18:16,284 [EndpointStateMachine task thread for /0.0.0.0:43255 - 0 ] INFO  server.XceiverServerGrpc (XceiverServerGrpc.java:start(180)) - XceiverServerGrpc 3934de01-e9c2-42ef-9a8f-f9cad9f9a13a is started using port 43347
2022-01-20 14:18:17,010 [IPC Server handler 4 on default port 43255] INFO  net.NetworkTopologyImpl (NetworkTopologyImpl.java:add(112)) - Added a new node: /default-rack/f5002eb4-ff35-49a0-88dd-354658843fe1
2022-01-20 14:18:17,010 [IPC Server handler 4 on default port 43255] INFO  node.SCMNodeManager (SCMNodeManager.java:register(389)) - Registered Data node : f5002eb4-ff35-49a0-88dd-354658843fe1{ip: 10.1.0.33, host: fv-az294-522.eaanfquahm5ulb5tj050gcxych.jx.internal.cloudapp.net, ports: [REPLICATION=45365, RATIS=43929, RATIS_ADMIN=43929, RATIS_SERVER=43929, STANDALONE=40157], networkLocation: /default-rack, certSerialId: null, persistedOpState: null, persistedOpStateExpiryEpochSec: 0}
2022-01-20 14:18:17,010 [EventQueue-NewNodeForNewNodeHandler] INFO  pipeline.BackgroundPipelineCreator (BackgroundPipelineCreator.java:notifyEventTriggered(285)) - trigger a one-shot run on RatisPipelineUtilsThread.
2022-01-20 14:18:17,029 [RatisPipelineUtilsThread - 0] INFO  pipeline.RatisPipelineProvider (RatisPipelineProvider.java:lambda$create$0(183)) - Sending CreatePipelineCommand for pipeline:PipelineID=4497592a-db2f-4d73-b84e-8c279cb31bb9 to datanode:f5002eb4-ff35-49a0-88dd-354658843fe1
2022-01-20 14:18:17,044 [1614213d-f914-440d-b8eb-f10be6afcbc1@group-8CC7416827F1-StateMachineUpdater] INFO  pipeline.PipelineStateManagerImpl (PipelineStateManagerImpl.java:addPipeline(101)) - Created pipeline Pipeline[ Id: 4497592a-db2f-4d73-b84e-8c279cb31bb9, Nodes: f5002eb4-ff35-49a0-88dd-354658843fe1{ip: 10.1.0.33, host: fv-az294-522.eaanfquahm5ulb5tj050gcxych.jx.internal.cloudapp.net, ports: [REPLICATION=45365, RATIS=43929, RATIS_ADMIN=43929, RATIS_SERVER=43929, STANDALONE=40157], networkLocation: /default-rack, certSerialId: null, persistedOpState: IN_SERVICE, persistedOpStateExpiryEpochSec: 0}, ReplicationConfig: RATIS/ONE, State:ALLOCATED, leaderId:, CreationTimestamp2022-01-20T14:18:17.029Z[Etc/UTC]].
2022-01-20 14:18:17,045 [1614213d-f914-440d-b8eb-f10be6afcbc1@group-8CC7416827F1-StateMachineUpdater] INFO  safemode.HealthyPipelineSafeModeRule (HealthyPipelineSafeModeRule.java:initializeRule(152)) - Refreshed total pipeline count is 0, healthy pipeline threshold count is 1
2022-01-20 14:18:17,045 [RatisPipelineUtilsThread - 0] INFO  ha.SCMHAInvocationHandler (SCMHAInvocationHandler.java:invokeRatis(113)) - Invoking method public abstract void org.apache.hadoop.hdds.scm.pipeline.PipelineStateManager.addPipeline(org.apache.hadoop.hdds.protocol.proto.HddsProtos$Pipeline) throws java.io.IOException on target org.apache.hadoop.hdds.scm.ha.SCMRatisServerImpl@2589c416, cost 16044.023us
2022-01-20 14:18:17,073 [Listener at 127.0.0.1/36805] INFO  ozone.MiniOzoneClusterImpl (MiniOzoneClusterImpl.java:lambda$waitForClusterToBeReady$0(219)) - Waiting for nodes to be ready. Got 7 of 9 DN Heartbeats.
2022-01-20 14:18:17,073 [Listener at 127.0.0.1/36805] INFO  ozone.MiniOzoneClusterImpl (MiniOzoneClusterImpl.java:lambda$waitForClusterToBeReady$0(222)) - Waiting for cluster to exit safe mode
2022-01-20 14:18:17,073 [Listener at 127.0.0.1/36805] INFO  ozone.MiniOzoneClusterImpl (MiniOzoneClusterImpl.java:lambda$waitForClusterToBeReady$0(224)) - SCM became leader
2022-01-20 14:18:17,136 [Command processor thread] INFO  server.RaftServer (RaftServerProxy.java:addNew(95)) - 4a67b2a1-79be-440d-a7f9-3f5e5a8bd0ed: addNew group-6952AA65C3C9:[4a67b2a1-79be-440d-a7f9-3f5e5a8bd0ed|rpc:10.1.0.33:42913|priority:1] returns group-6952AA65C3C9:java.util.concurrent.CompletableFuture@4838d2d2[Not completed]
2022-01-20 14:18:17,137 [pool-377-thread-1] INFO  server.RaftServer$Division (RaftServerImpl.java:<init>(184)) - 4a67b2a1-79be-440d-a7f9-3f5e5a8bd0ed: new RaftServerImpl for group-6952AA65C3C9:[4a67b2a1-79be-440d-a7f9-3f5e5a8bd0ed|rpc:10.1.0.33:42913|priority:1] with ContainerStateMachine:uninitialized
2022-01-20 14:18:17,137 [pool-377-thread-1] INFO  server.RaftServerConfigKeys (ConfUtils.java:logGet(44)) - raft.server.rpc.timeout.min = 5s (custom)
2022-01-20 14:18:17,137 [pool-377-thread-1] INFO  server.RaftServerConfigKeys (ConfUtils.java:logGet(44)) - raft.server.rpc.timeout.max = 5200ms (custom)
2022-01-20 14:18:17,137 [pool-377-thread-1] INFO  server.RaftServerConfigKeys (ConfUtils.java:logGet(44)) - raft.server.rpc.sleep.time = 25ms (default)
2022-01-20 14:18:17,137 [pool-377-thread-1] INFO  server.RaftServerConfigKeys (ConfUtils.java:logGet(44)) - raft.server.rpc.slowness.timeout = 300000ms (custom)
2022-01-20 14:18:17,137 [pool-377-thread-1] INFO  server.RaftServerConfigKeys (ConfUtils.java:logGet(44)) - raft.server.leaderelection.leader.step-down.wait-time = 10s (default)
2022-01-20 14:18:17,137 [pool-377-thread-1] INFO  server.RaftServerConfigKeys (ConfUtils.java:logGet(44)) - raft.server.sleep.deviation.threshold = 300ms (default)
2022-01-20 14:18:17,137 [pool-377-thread-1] INFO  server.RaftServerConfigKeys (ConfUtils.java:logGet(44)) - raft.server.log.appender.install.snapshot.enabled = false (custom)
2022-01-20 14:18:17,138 [pool-377-thread-1] INFO  server.RaftServer$Division (ServerState.java:<init>(105)) - 4a67b2a1-79be-440d-a7f9-3f5e5a8bd0ed@group-6952AA65C3C9: ConfigurationManager, init=-1: [4a67b2a1-79be-440d-a7f9-3f5e5a8bd0ed|rpc:10.1.0.33:42913|priority:1], old=null, confs=<EMPTY_MAP>
2022-01-20 14:18:17,138 [pool-377-thread-1] INFO  server.RaftServerConfigKeys (ConfUtils.java:logGet(44)) - raft.server.storage.dir = [/home/runner/work/ozone/ozone/hadoop-ozone/integration-test/target/test-dir/MiniOzoneClusterImpl-f1e7e660-ec45-4ef3-9198-8cc7416827f1/datanode-2/data/ratis] (custom)
2022-01-20 14:18:17,138 [pool-377-thread-1] INFO  server.RaftServerConfigKeys (ConfUtils.java:logGet(44)) - raft.server.log.corruption.policy = EXCEPTION (default)
2022-01-20 14:18:17,138 [pool-377-thread-1] INFO  server.RaftServerConfigKeys (ConfUtils.java:logGet(44)) - raft.server.storage.free-space.min = 0MB (=0) (default)
2022-01-20 14:18:17,138 [pool-377-thread-1] INFO  storage.RaftStorageDirectory (RaftStorageDirectoryImpl.java:analyzeStorage(135)) - The storage directory /home/runner/work/ozone/ozone/hadoop-ozone/integration-test/target/test-dir/MiniOzoneClusterImpl-f1e7e660-ec45-4ef3-9198-8cc7416827f1/datanode-2/data/ratis/0811097b-d2e7-4f06-8318-6952aa65c3c9 does not exist. Creating ...
2022-01-20 14:18:17,148 [pool-377-thread-1] INFO  storage.RaftStorageDirectory (RaftStorageDirectoryImpl.java:tryLock(230)) - Lock on /home/runner/work/ozone/ozone/hadoop-ozone/integration-test/target/test-dir/MiniOzoneClusterImpl-f1e7e660-ec45-4ef3-9198-8cc7416827f1/datanode-2/data/ratis/0811097b-d2e7-4f06-8318-6952aa65c3c9/in_use.lock acquired by nodename 2019@fv-az294-522
2022-01-20 14:18:17,156 [pool-377-thread-1] INFO  storage.RaftStorage (RaftStorageImpl.java:format(89)) - Storage directory /home/runner/work/ozone/ozone/hadoop-ozone/integration-test/target/test-dir/MiniOzoneClusterImpl-f1e7e660-ec45-4ef3-9198-8cc7416827f1/datanode-2/data/ratis/0811097b-d2e7-4f06-8318-6952aa65c3c9 has been successfully formatted.
2022-01-20 14:18:17,157 [pool-377-thread-1] INFO  ratis.ContainerStateMachine (ContainerStateMachine.java:loadSnapshot(231)) - group-6952AA65C3C9: The snapshot info is null. Setting the last applied indexto:(t:0, i:~)
2022-01-20 14:18:17,157 [pool-377-thread-1] INFO  server.RaftServerConfigKeys (ConfUtils.java:logGet(44)) - raft.server.notification.no-leader.timeout = 300000ms (custom)
2022-01-20 14:18:17,157 [pool-377-thread-1] INFO  server.RaftServerConfigKeys (ConfUtils.java:logGet(44)) - raft.server.log.use.memory = false (default)
2022-01-20 14:18:17,157 [pool-377-thread-1] INFO  server.RaftServerConfigKeys (ConfUtils.java:logGet(44)) - raft.server.log.purge.gap = 1000000 (custom)
2022-01-20 14:18:17,157 [pool-377-thread-1] INFO  server.RaftServerConfigKeys (ConfUtils.java:logGet(44)) - raft.server.log.appender.buffer.byte-limit = 33554432 (custom)
2022-01-20 14:18:17,158 [EventQueue-PipelineReportForPipelineReportHandler] INFO  pipeline.PipelineManagerImpl (PipelineManagerImpl.java:openPipeline(291)) - Pipeline Pipeline[ Id: 0811097b-d2e7-4f06-8318-6952aa65c3c9, Nodes: 4a67b2a1-79be-440d-a7f9-3f5e5a8bd0ed{ip: 10.1.0.33, host: fv-az294-522.eaanfquahm5ulb5tj050gcxych.jx.internal.cloudapp.net, ports: [REPLICATION=34197, RATIS=42913, RATIS_ADMIN=42913, RATIS_SERVER=42913, STANDALONE=41457], networkLocation: /default-rack, certSerialId: null, persistedOpState: IN_SERVICE, persistedOpStateExpiryEpochSec: 0}, ReplicationConfig: RATIS/ONE, State:ALLOCATED, leaderId:4a67b2a1-79be-440d-a7f9-3f5e5a8bd0ed, CreationTimestamp2022-01-20T14:18:14.144Z[Etc/UTC]] moved to OPEN state
2022-01-20 14:18:17,160 [1614213d-f914-440d-b8eb-f10be6afcbc1@group-8CC7416827F1-StateMachineUpdater] INFO  safemode.HealthyPipelineSafeModeRule (HealthyPipelineSafeModeRule.java:initializeRule(152)) - Refreshed total pipeline count is 0, healthy pipeline threshold count is 1
2022-01-20 14:18:17,161 [EventQueue-PipelineReportForPipelineReportHandler] INFO  ha.SCMHAInvocationHandler (SCMHAInvocationHandler.java:invokeRatis(113)) - Invoking method public abstract void org.apache.hadoop.hdds.scm.pipeline.PipelineStateManager.updatePipelineState(org.apache.hadoop.hdds.protocol.proto.HddsProtos$PipelineID,org.apache.hadoop.hdds.protocol.proto.HddsProtos$PipelineState) throws java.io.IOException on target org.apache.hadoop.hdds.scm.ha.SCMRatisServerImpl@2589c416, cost 2041.415us
2022-01-20 14:18:17,161 [EventQueue-OpenPipelineForHealthyPipelineSafeModeRule] INFO  safemode.SCMSafeModeManager (HealthyPipelineSafeModeRule.java:process(124)) - SCM in safe mode. Healthy pipelines reported count is 0, required healthy pipeline reported count is 1
2022-01-20 14:18:17,161 [pool-377-thread-1] INFO  server.RaftServerConfigKeys (ConfUtils.java:logGet(44)) - raft.server.log.segment.size.max = 1048576 (custom)
2022-01-20 14:18:17,161 [pool-377-thread-1] INFO  server.RaftServerConfigKeys (ConfUtils.java:logGet(44)) - raft.server.log.segment.cache.num.max = 2 (custom)
2022-01-20 14:18:17,162 [pool-377-thread-1] INFO  server.RaftServerConfigKeys (ConfUtils.java:logGet(44)) - raft.server.log.segment.cache.size.max = 200MB (=209715200) (default)
2022-01-20 14:18:17,162 [pool-377-thread-1] INFO  segmented.SegmentedRaftLogWorker (SegmentedRaftLogWorker.java:<init>(182)) - new 4a67b2a1-79be-440d-a7f9-3f5e5a8bd0ed@group-6952AA65C3C9-SegmentedRaftLogWorker for RaftStorageImpl:Storage Directory /home/runner/work/ozone/ozone/hadoop-ozone/integration-test/target/test-dir/MiniOzoneClusterImpl-f1e7e660-ec45-4ef3-9198-8cc7416827f1/datanode-2/data/ratis/0811097b-d2e7-4f06-8318-6952aa65c3c9
2022-01-20 14:18:17,162 [pool-377-thread-1] INFO  server.RaftServerConfigKeys (ConfUtils.java:logGet(44)) - raft.server.log.queue.byte-limit = 2147483647 (custom)
2022-01-20 14:18:17,162 [pool-377-thread-1] INFO  server.RaftServerConfigKeys (ConfUtils.java:logGet(44)) - raft.server.log.queue.element-limit = 1024 (custom)
2022-01-20 14:18:17,162 [pool-377-thread-1] INFO  server.RaftServerConfigKeys (ConfUtils.java:logGet(44)) - raft.server.log.segment.size.max = 1048576 (custom)
2022-01-20 14:18:17,162 [pool-377-thread-1] INFO  server.RaftServerConfigKeys (ConfUtils.java:logGet(44)) - raft.server.log.preallocated.size = 16384 (custom)
2022-01-20 14:18:17,162 [pool-377-thread-1] INFO  server.RaftServerConfigKeys (ConfUtils.java:logGet(44)) - raft.server.log.force.sync.num = 128 (default)
2022-01-20 14:18:17,162 [pool-377-thread-1] INFO  server.RaftServerConfigKeys (ConfUtils.java:logGet(44)) - raft.server.log.statemachine.data.sync = true (default)
2022-01-20 14:18:17,162 [pool-377-thread-1] INFO  server.RaftServerConfigKeys (ConfUtils.java:logGet(44)) - raft.server.log.statemachine.data.sync.timeout = 10s (default)
2022-01-20 14:18:17,162 [pool-377-thread-1] INFO  server.RaftServerConfigKeys (ConfUtils.java:logGet(44)) - raft.server.log.statemachine.data.sync.timeout.retry = -1 (default)
2022-01-20 14:18:17,163 [pool-377-thread-1] INFO  server.RaftServerConfigKeys (ConfUtils.java:logGet(44)) - raft.server.log.write.buffer.size = 1048576 (custom)
2022-01-20 14:18:17,164 [pool-377-thread-1] INFO  server.RaftServerConfigKeys (ConfUtils.java:logGet(44)) - raft.server.log.statemachine.data.caching.enabled = true (custom)
2022-01-20 14:18:17,180 [pool-377-thread-1] INFO  segmented.SegmentedRaftLogWorker (SegmentedRaftLogWorker.java:lambda$new$0(133)) - 4a67b2a1-79be-440d-a7f9-3f5e5a8bd0ed@group-6952AA65C3C9-SegmentedRaftLogWorker: flushIndex: setUnconditionally 0 -> -1
2022-01-20 14:18:17,180 [pool-377-thread-1] INFO  segmented.SegmentedRaftLogWorker (SegmentedRaftLogWorker.java:lambda$new$0(133)) - 4a67b2a1-79be-440d-a7f9-3f5e5a8bd0ed@group-6952AA65C3C9-SegmentedRaftLogWorker: safeCacheEvictIndex: setUnconditionally 0 -> -1
2022-01-20 14:18:17,185 [pool-377-thread-1] INFO  server.RaftServerConfigKeys (ConfUtils.java:logGet(44)) - raft.server.snapshot.auto.trigger.enabled = true (custom)
2022-01-20 14:18:17,186 [pool-377-thread-1] INFO  server.RaftServerConfigKeys (ConfUtils.java:logGet(44)) - raft.server.snapshot.auto.trigger.threshold = 10000 (custom)
2022-01-20 14:18:17,186 [pool-377-thread-1] INFO  server.RaftServerConfigKeys (ConfUtils.java:logGet(44)) - raft.server.snapshot.retention.file.num = 5 (custom)
2022-01-20 14:18:17,186 [pool-377-thread-1] INFO  server.RaftServerConfigKeys (ConfUtils.java:logGet(44)) - raft.server.log.purge.upto.snapshot.index = false (default)
2022-01-20 14:18:17,186 [pool-377-thread-1] INFO  server.RaftServerConfigKeys (ConfUtils.java:logGet(44)) - raft.server.retrycache.expirytime = 600000ms (custom)
2022-01-20 14:18:17,186 [pool-377-thread-1] INFO  server.RaftServerConfigKeys (ConfUtils.java:logGet(44)) - raft.server.retrycache.statistics.expirytime = 100μs (default)
2022-01-20 14:18:17,187 [pool-377-thread-1] INFO  server.RaftServer$Division (RaftServerImpl.java:start(301)) - 4a67b2a1-79be-440d-a7f9-3f5e5a8bd0ed@group-6952AA65C3C9: start as a follower, conf=-1: [4a67b2a1-79be-440d-a7f9-3f5e5a8bd0ed|rpc:10.1.0.33:42913|priority:1], old=null
2022-01-20 14:18:17,187 [pool-377-thread-1] INFO  server.RaftServer$Division (RaftServerImpl.java:setRole(290)) - 4a67b2a1-79be-440d-a7f9-3f5e5a8bd0ed@group-6952AA65C3C9: changes role from      null to FOLLOWER at term 0 for startAsFollower
2022-01-20 14:18:17,187 [pool-377-thread-1] INFO  impl.RoleInfo (RoleInfo.java:updateAndGet(130)) - 4a67b2a1-79be-440d-a7f9-3f5e5a8bd0ed: start 4a67b2a1-79be-440d-a7f9-3f5e5a8bd0ed@group-6952AA65C3C9-FollowerState
2022-01-20 14:18:17,189 [pool-377-thread-1] INFO  util.JmxRegister (JmxRegister.java:tryRegister(44)) - Successfully registered JMX Bean with object name Ratis:service=RaftServer,group=group-6952AA65C3C9,id=4a67b2a1-79be-440d-a7f9-3f5e5a8bd0ed
2022-01-20 14:18:17,189 [Command processor thread] INFO  ratis.XceiverServerRatis (XceiverServerRatis.java:addGroup(768)) - Created group PipelineID=0811097b-d2e7-4f06-8318-6952aa65c3c9
2022-01-20 14:18:17,189 [Command processor thread] INFO  commandhandler.CreatePipelineCommandHandler (CreatePipelineCommandHandler.java:handle(106)) - Created Pipeline RATIS ONE PipelineID=0811097b-d2e7-4f06-8318-6952aa65c3c9.
2022-01-20 14:18:17,679 [IPC Server handler 10 on default port 43255] INFO  net.NetworkTopologyImpl (NetworkTopologyImpl.java:add(112)) - Added a new node: /default-rack/d2de7c60-b86f-4a06-91d9-365eb56e12df
2022-01-20 14:18:17,679 [IPC Server handler 10 on default port 43255] INFO  node.SCMNodeManager (SCMNodeManager.java:register(389)) - Registered Data node : d2de7c60-b86f-4a06-91d9-365eb56e12df{ip: 10.1.0.33, host: fv-az294-522.eaanfquahm5ulb5tj050gcxych.jx.internal.cloudapp.net, ports: [REPLICATION=38409, RATIS=36843, RATIS_ADMIN=36843, RATIS_SERVER=36843, STANDALONE=36575], networkLocation: /default-rack, certSerialId: null, persistedOpState: null, persistedOpStateExpiryEpochSec: 0}
2022-01-20 14:18:17,679 [EventQueue-NewNodeForNewNodeHandler] INFO  pipeline.BackgroundPipelineCreator (BackgroundPipelineCreator.java:notifyEventTriggered(285)) - trigger a one-shot run on RatisPipelineUtilsThread.
2022-01-20 14:18:17,680 [RatisPipelineUtilsThread - 0] INFO  pipeline.RatisPipelineProvider (RatisPipelineProvider.java:lambda$create$0(183)) - Sending CreatePipelineCommand for pipeline:PipelineID=1aa243cd-49d9-4050-957f-132671769ff6 to datanode:d2de7c60-b86f-4a06-91d9-365eb56e12df
2022-01-20 14:18:17,686 [1614213d-f914-440d-b8eb-f10be6afcbc1@group-8CC7416827F1-StateMachineUpdater] INFO  pipeline.PipelineStateManagerImpl (PipelineStateManagerImpl.java:addPipeline(101)) - Created pipeline Pipeline[ Id: 1aa243cd-49d9-4050-957f-132671769ff6, Nodes: d2de7c60-b86f-4a06-91d9-365eb56e12df{ip: 10.1.0.33, host: fv-az294-522.eaanfquahm5ulb5tj050gcxych.jx.internal.cloudapp.net, ports: [REPLICATION=38409, RATIS=36843, RATIS_ADMIN=36843, RATIS_SERVER=36843, STANDALONE=36575], networkLocation: /default-rack, certSerialId: null, persistedOpState: IN_SERVICE, persistedOpStateExpiryEpochSec: 0}, ReplicationConfig: RATIS/ONE, State:ALLOCATED, leaderId:, CreationTimestamp2022-01-20T14:18:17.680Z[Etc/UTC]].
2022-01-20 14:18:17,686 [1614213d-f914-440d-b8eb-f10be6afcbc1@group-8CC7416827F1-StateMachineUpdater] INFO  safemode.HealthyPipelineSafeModeRule (HealthyPipelineSafeModeRule.java:initializeRule(152)) - Refreshed total pipeline count is 0, healthy pipeline threshold count is 1
2022-01-20 14:18:17,686 [RatisPipelineUtilsThread - 0] INFO  ha.SCMHAInvocationHandler (SCMHAInvocationHandler.java:invokeRatis(113)) - Invoking method public abstract void org.apache.hadoop.hdds.scm.pipeline.PipelineStateManager.addPipeline(org.apache.hadoop.hdds.protocol.proto.HddsProtos$Pipeline) throws java.io.IOException on target org.apache.hadoop.hdds.scm.ha.SCMRatisServerImpl@2589c416, cost 5975.946us
2022-01-20 14:18:17,863 [Command processor thread] INFO  server.RaftServer (RaftServerProxy.java:addNew(95)) - 8543d24f-bec7-4768-944c-282c8ff9c745: addNew group-B29CF439A51F:[8543d24f-bec7-4768-944c-282c8ff9c745|rpc:10.1.0.33:34369|priority:1] returns group-B29CF439A51F:java.util.concurrent.CompletableFuture@7c426d4e[Not completed]
2022-01-20 14:18:17,873 [pool-398-thread-1] INFO  server.RaftServer$Division (RaftServerImpl.java:<init>(184)) - 8543d24f-bec7-4768-944c-282c8ff9c745: new RaftServerImpl for group-B29CF439A51F:[8543d24f-bec7-4768-944c-282c8ff9c745|rpc:10.1.0.33:34369|priority:1] with ContainerStateMachine:uninitialized
2022-01-20 14:18:17,882 [pool-398-thread-1] INFO  server.RaftServerConfigKeys (ConfUtils.java:logGet(44)) - raft.server.rpc.timeout.min = 5s (custom)
2022-01-20 14:18:17,882 [pool-398-thread-1] INFO  server.RaftServerConfigKeys (ConfUtils.java:logGet(44)) - raft.server.rpc.timeout.max = 5200ms (custom)
2022-01-20 14:18:17,882 [pool-398-thread-1] INFO  server.RaftServerConfigKeys (ConfUtils.java:logGet(44)) - raft.server.rpc.sleep.time = 25ms (default)
2022-01-20 14:18:17,882 [pool-398-thread-1] INFO  server.RaftServerConfigKeys (ConfUtils.java:logGet(44)) - raft.server.rpc.slowness.timeout = 300000ms (custom)
2022-01-20 14:18:17,882 [pool-398-thread-1] INFO  server.RaftServerConfigKeys (ConfUtils.java:logGet(44)) - raft.server.leaderelection.leader.step-down.wait-time = 10s (default)
2022-01-20 14:18:17,882 [pool-398-thread-1] INFO  server.RaftServerConfigKeys (ConfUtils.java:logGet(44)) - raft.server.sleep.deviation.threshold = 300ms (default)
2022-01-20 14:18:17,882 [pool-398-thread-1] INFO  server.RaftServerConfigKeys (ConfUtils.java:logGet(44)) - raft.server.log.appender.install.snapshot.enabled = false (custom)
2022-01-20 14:18:17,882 [pool-398-thread-1] INFO  server.RaftServer$Division (ServerState.java:<init>(105)) - 8543d24f-bec7-4768-944c-282c8ff9c745@group-B29CF439A51F: ConfigurationManager, init=-1: [8543d24f-bec7-4768-944c-282c8ff9c745|rpc:10.1.0.33:34369|priority:1], old=null, confs=<EMPTY_MAP>
2022-01-20 14:18:17,882 [pool-398-thread-1] INFO  server.RaftServerConfigKeys (ConfUtils.java:logGet(44)) - raft.server.storage.dir = [/home/runner/work/ozone/ozone/hadoop-ozone/integration-test/target/test-dir/MiniOzoneClusterImpl-f1e7e660-ec45-4ef3-9198-8cc7416827f1/datanode-3/data/ratis] (custom)
2022-01-20 14:18:17,883 [pool-398-thread-1] INFO  server.RaftServerConfigKeys (ConfUtils.java:logGet(44)) - raft.server.log.corruption.policy = EXCEPTION (default)
2022-01-20 14:18:17,883 [pool-398-thread-1] INFO  server.RaftServerConfigKeys (ConfUtils.java:logGet(44)) - raft.server.storage.free-space.min = 0MB (=0) (default)
2022-01-20 14:18:17,883 [pool-398-thread-1] INFO  storage.RaftStorageDirectory (RaftStorageDirectoryImpl.java:analyzeStorage(135)) - The storage directory /home/runner/work/ozone/ozone/hadoop-ozone/integration-test/target/test-dir/MiniOzoneClusterImpl-f1e7e660-ec45-4ef3-9198-8cc7416827f1/datanode-3/data/ratis/a213106b-eb96-4717-b5bb-b29cf439a51f does not exist. Creating ...
2022-01-20 14:18:17,888 [pool-398-thread-1] INFO  storage.RaftStorageDirectory (RaftStorageDirectoryImpl.java:tryLock(230)) - Lock on /home/runner/work/ozone/ozone/hadoop-ozone/integration-test/target/test-dir/MiniOzoneClusterImpl-f1e7e660-ec45-4ef3-9198-8cc7416827f1/datanode-3/data/ratis/a213106b-eb96-4717-b5bb-b29cf439a51f/in_use.lock acquired by nodename 2019@fv-az294-522
2022-01-20 14:18:17,900 [pool-398-thread-1] INFO  storage.RaftStorage (RaftStorageImpl.java:format(89)) - Storage directory /home/runner/work/ozone/ozone/hadoop-ozone/integration-test/target/test-dir/MiniOzoneClusterImpl-f1e7e660-ec45-4ef3-9198-8cc7416827f1/datanode-3/data/ratis/a213106b-eb96-4717-b5bb-b29cf439a51f has been successfully formatted.
2022-01-20 14:18:17,902 [pool-398-thread-1] INFO  ratis.ContainerStateMachine (ContainerStateMachine.java:loadSnapshot(231)) - group-B29CF439A51F: The snapshot info is null. Setting the last applied indexto:(t:0, i:~)
2022-01-20 14:18:17,903 [pool-398-thread-1] INFO  server.RaftServerConfigKeys (ConfUtils.java:logGet(44)) - raft.server.notification.no-leader.timeout = 300000ms (custom)
2022-01-20 14:18:17,903 [pool-398-thread-1] INFO  server.RaftServerConfigKeys (ConfUtils.java:logGet(44)) - raft.server.log.use.memory = false (default)
2022-01-20 14:18:17,903 [pool-398-thread-1] INFO  server.RaftServerConfigKeys (ConfUtils.java:logGet(44)) - raft.server.log.purge.gap = 1000000 (custom)
2022-01-20 14:18:17,903 [pool-398-thread-1] INFO  server.RaftServerConfigKeys (ConfUtils.java:logGet(44)) - raft.server.log.appender.buffer.byte-limit = 33554432 (custom)
2022-01-20 14:18:17,903 [pool-398-thread-1] INFO  server.RaftServerConfigKeys (ConfUtils.java:logGet(44)) - raft.server.log.segment.size.max = 1048576 (custom)
2022-01-20 14:18:17,903 [pool-398-thread-1] INFO  server.RaftServerConfigKeys (ConfUtils.java:logGet(44)) - raft.server.log.segment.cache.num.max = 2 (custom)
2022-01-20 14:18:17,903 [pool-398-thread-1] INFO  server.RaftServerConfigKeys (ConfUtils.java:logGet(44)) - raft.server.log.segment.cache.size.max = 200MB (=209715200) (default)
2022-01-20 14:18:17,904 [pool-398-thread-1] INFO  segmented.SegmentedRaftLogWorker (SegmentedRaftLogWorker.java:<init>(182)) - new 8543d24f-bec7-4768-944c-282c8ff9c745@group-B29CF439A51F-SegmentedRaftLogWorker for RaftStorageImpl:Storage Directory /home/runner/work/ozone/ozone/hadoop-ozone/integration-test/target/test-dir/MiniOzoneClusterImpl-f1e7e660-ec45-4ef3-9198-8cc7416827f1/datanode-3/data/ratis/a213106b-eb96-4717-b5bb-b29cf439a51f
2022-01-20 14:18:17,904 [pool-398-thread-1] INFO  server.RaftServerConfigKeys (ConfUtils.java:logGet(44)) - raft.server.log.queue.byte-limit = 2147483647 (custom)
2022-01-20 14:18:17,904 [pool-398-thread-1] INFO  server.RaftServerConfigKeys (ConfUtils.java:logGet(44)) - raft.server.log.queue.element-limit = 1024 (custom)
2022-01-20 14:18:17,904 [pool-398-thread-1] INFO  server.RaftServerConfigKeys (ConfUtils.java:logGet(44)) - raft.server.log.segment.size.max = 1048576 (custom)
2022-01-20 14:18:17,904 [pool-398-thread-1] INFO  server.RaftServerConfigKeys (ConfUtils.java:logGet(44)) - raft.server.log.preallocated.size = 16384 (custom)
2022-01-20 14:18:17,904 [pool-398-thread-1] INFO  server.RaftServerConfigKeys (ConfUtils.java:logGet(44)) - raft.server.log.force.sync.num = 128 (default)
2022-01-20 14:18:17,904 [pool-398-thread-1] INFO  server.RaftServerConfigKeys (ConfUtils.java:logGet(44)) - raft.server.log.statemachine.data.sync = true (default)
2022-01-20 14:18:17,904 [pool-398-thread-1] INFO  server.RaftServerConfigKeys (ConfUtils.java:logGet(44)) - raft.server.log.statemachine.data.sync.timeout = 10s (default)
2022-01-20 14:18:17,904 [pool-398-thread-1] INFO  server.RaftServerConfigKeys (ConfUtils.java:logGet(44)) - raft.server.log.statemachine.data.sync.timeout.retry = -1 (default)
2022-01-20 14:18:17,909 [pool-398-thread-1] INFO  server.RaftServerConfigKeys (ConfUtils.java:logGet(44)) - raft.server.log.write.buffer.size = 1048576 (custom)
2022-01-20 14:18:17,910 [pool-398-thread-1] INFO  server.RaftServerConfigKeys (ConfUtils.java:logGet(44)) - raft.server.log.statemachine.data.caching.enabled = true (custom)
2022-01-20 14:18:17,910 [pool-398-thread-1] INFO  segmented.SegmentedRaftLogWorker (SegmentedRaftLogWorker.java:lambda$new$0(133)) - 8543d24f-bec7-4768-944c-282c8ff9c745@group-B29CF439A51F-SegmentedRaftLogWorker: flushIndex: setUnconditionally 0 -> -1
2022-01-20 14:18:17,910 [pool-398-thread-1] INFO  segmented.SegmentedRaftLogWorker (SegmentedRaftLogWorker.java:lambda$new$0(133)) - 8543d24f-bec7-4768-944c-282c8ff9c745@group-B29CF439A51F-SegmentedRaftLogWorker: safeCacheEvictIndex: setUnconditionally 0 -> -1
2022-01-20 14:18:17,910 [EventQueue-PipelineReportForPipelineReportHandler] INFO  pipeline.PipelineManagerImpl (PipelineManagerImpl.java:openPipeline(291)) - Pipeline Pipeline[ Id: a213106b-eb96-4717-b5bb-b29cf439a51f, Nodes: 8543d24f-bec7-4768-944c-282c8ff9c745{ip: 10.1.0.33, host: fv-az294-522.eaanfquahm5ulb5tj050gcxych.jx.internal.cloudapp.net, ports: [REPLICATION=40917, RATIS=34369, RATIS_ADMIN=34369, RATIS_SERVER=34369, STANDALONE=38809], networkLocation: /default-rack, certSerialId: null, persistedOpState: IN_SERVICE, persistedOpStateExpiryEpochSec: 0}, ReplicationConfig: RATIS/ONE, State:ALLOCATED, leaderId:8543d24f-bec7-4768-944c-282c8ff9c745, CreationTimestamp2022-01-20T14:18:14.863Z[Etc/UTC]] moved to OPEN state
2022-01-20 14:18:17,913 [1614213d-f914-440d-b8eb-f10be6afcbc1@group-8CC7416827F1-StateMachineUpdater] INFO  safemode.HealthyPipelineSafeModeRule (HealthyPipelineSafeModeRule.java:initializeRule(152)) - Refreshed total pipeline count is 0, healthy pipeline threshold count is 1
2022-01-20 14:18:17,913 [EventQueue-PipelineReportForPipelineReportHandler] INFO  ha.SCMHAInvocationHandler (SCMHAInvocationHandler.java:invokeRatis(113)) - Invoking method public abstract void org.apache.hadoop.hdds.scm.pipeline.PipelineStateManager.updatePipelineState(org.apache.hadoop.hdds.protocol.proto.HddsProtos$PipelineID,org.apache.hadoop.hdds.protocol.proto.HddsProtos$PipelineState) throws java.io.IOException on target org.apache.hadoop.hdds.scm.ha.SCMRatisServerImpl@2589c416, cost 2734.921us
2022-01-20 14:18:17,913 [EventQueue-OpenPipelineForHealthyPipelineSafeModeRule] INFO  safemode.SCMSafeModeManager (HealthyPipelineSafeModeRule.java:process(124)) - SCM in safe mode. Healthy pipelines reported count is 0, required healthy pipeline reported count is 1
2022-01-20 14:18:17,920 [pool-398-thread-1] INFO  server.RaftServerConfigKeys (ConfUtils.java:logGet(44)) - raft.server.snapshot.auto.trigger.enabled = true (custom)
2022-01-20 14:18:17,920 [pool-398-thread-1] INFO  server.RaftServerConfigKeys (ConfUtils.java:logGet(44)) - raft.server.snapshot.auto.trigger.threshold = 10000 (custom)
2022-01-20 14:18:17,920 [pool-398-thread-1] INFO  server.RaftServerConfigKeys (ConfUtils.java:logGet(44)) - raft.server.snapshot.retention.file.num = 5 (custom)
2022-01-20 14:18:17,920 [pool-398-thread-1] INFO  server.RaftServerConfigKeys (ConfUtils.java:logGet(44)) - raft.server.log.purge.upto.snapshot.index = false (default)
2022-01-20 14:18:17,920 [pool-398-thread-1] INFO  server.RaftServerConfigKeys (ConfUtils.java:logGet(44)) - raft.server.retrycache.expirytime = 600000ms (custom)
2022-01-20 14:18:17,920 [pool-398-thread-1] INFO  server.RaftServerConfigKeys (ConfUtils.java:logGet(44)) - raft.server.retrycache.statistics.expirytime = 100μs (default)
2022-01-20 14:18:17,921 [pool-398-thread-1] INFO  server.RaftServer$Division (RaftServerImpl.java:start(301)) - 8543d24f-bec7-4768-944c-282c8ff9c745@group-B29CF439A51F: start as a follower, conf=-1: [8543d24f-bec7-4768-944c-282c8ff9c745|rpc:10.1.0.33:34369|priority:1], old=null
2022-01-20 14:18:17,921 [pool-398-thread-1] INFO  server.RaftServer$Division (RaftServerImpl.java:setRole(290)) - 8543d24f-bec7-4768-944c-282c8ff9c745@group-B29CF439A51F: changes role from      null to FOLLOWER at term 0 for startAsFollower
2022-01-20 14:18:17,921 [pool-398-thread-1] INFO  impl.RoleInfo (RoleInfo.java:updateAndGet(130)) - 8543d24f-bec7-4768-944c-282c8ff9c745: start 8543d24f-bec7-4768-944c-282c8ff9c745@group-B29CF439A51F-FollowerState
2022-01-20 14:18:17,924 [pool-398-thread-1] INFO  util.JmxRegister (JmxRegister.java:tryRegister(44)) - Successfully registered JMX Bean with object name Ratis:service=RaftServer,group=group-B29CF439A51F,id=8543d24f-bec7-4768-944c-282c8ff9c745
2022-01-20 14:18:17,932 [Command processor thread] INFO  ratis.XceiverServerRatis (XceiverServerRatis.java:addGroup(768)) - Created group PipelineID=a213106b-eb96-4717-b5bb-b29cf439a51f
2022-01-20 14:18:17,932 [Command processor thread] INFO  commandhandler.CreatePipelineCommandHandler (CreatePipelineCommandHandler.java:handle(106)) - Created Pipeline RATIS ONE PipelineID=a213106b-eb96-4717-b5bb-b29cf439a51f.
2022-01-20 14:18:17,932 [Command processor thread] INFO  server.RaftServer (RaftServerProxy.java:addNew(95)) - 8543d24f-bec7-4768-944c-282c8ff9c745: addNew group-477B38A169A7:[c842222a-b1c3-47cd-9e78-3481338af40d|rpc:10.1.0.33:44871|priority:0, 8543d24f-bec7-4768-944c-282c8ff9c745|rpc:10.1.0.33:34369|priority:0, 974883c6-3444-443e-b406-2e7f57ab6e46|rpc:10.1.0.33:43877|priority:1] returns group-477B38A169A7:java.util.concurrent.CompletableFuture@787de61e[Not completed]
2022-01-20 14:18:17,940 [pool-398-thread-1] INFO  server.RaftServer$Division (RaftServerImpl.java:<init>(184)) - 8543d24f-bec7-4768-944c-282c8ff9c745: new RaftServerImpl for group-477B38A169A7:[c842222a-b1c3-47cd-9e78-3481338af40d|rpc:10.1.0.33:44871|priority:0, 8543d24f-bec7-4768-944c-282c8ff9c745|rpc:10.1.0.33:34369|priority:0, 974883c6-3444-443e-b406-2e7f57ab6e46|rpc:10.1.0.33:43877|priority:1] with ContainerStateMachine:uninitialized
2022-01-20 14:18:17,940 [pool-398-thread-1] INFO  server.RaftServerConfigKeys (ConfUtils.java:logGet(44)) - raft.server.rpc.timeout.min = 5s (custom)
2022-01-20 14:18:17,940 [pool-398-thread-1] INFO  server.RaftServerConfigKeys (ConfUtils.java:logGet(44)) - raft.server.rpc.timeout.max = 5200ms (custom)
2022-01-20 14:18:17,940 [pool-398-thread-1] INFO  server.RaftServerConfigKeys (ConfUtils.java:logGet(44)) - raft.server.rpc.sleep.time = 25ms (default)
2022-01-20 14:18:17,940 [pool-398-thread-1] INFO  server.RaftServerConfigKeys (ConfUtils.java:logGet(44)) - raft.server.rpc.slowness.timeout = 300000ms (custom)
2022-01-20 14:18:17,940 [pool-398-thread-1] INFO  server.RaftServerConfigKeys (ConfUtils.java:logGet(44)) - raft.server.leaderelection.leader.step-down.wait-time = 10s (default)
2022-01-20 14:18:17,940 [pool-398-thread-1] INFO  server.RaftServerConfigKeys (ConfUtils.java:logGet(44)) - raft.server.sleep.deviation.threshold = 300ms (default)
2022-01-20 14:18:17,940 [pool-398-thread-1] INFO  server.RaftServerConfigKeys (ConfUtils.java:logGet(44)) - raft.server.log.appender.install.snapshot.enabled = false (custom)
2022-01-20 14:18:17,940 [pool-398-thread-1] INFO  server.RaftServer$Division (ServerState.java:<init>(105)) - 8543d24f-bec7-4768-944c-282c8ff9c745@group-477B38A169A7: ConfigurationManager, init=-1: [c842222a-b1c3-47cd-9e78-3481338af40d|rpc:10.1.0.33:44871|priority:0, 8543d24f-bec7-4768-944c-282c8ff9c745|rpc:10.1.0.33:34369|priority:0, 974883c6-3444-443e-b406-2e7f57ab6e46|rpc:10.1.0.33:43877|priority:1], old=null, confs=<EMPTY_MAP>
2022-01-20 14:18:17,940 [pool-398-thread-1] INFO  server.RaftServerConfigKeys (ConfUtils.java:logGet(44)) - raft.server.storage.dir = [/home/runner/work/ozone/ozone/hadoop-ozone/integration-test/target/test-dir/MiniOzoneClusterImpl-f1e7e660-ec45-4ef3-9198-8cc7416827f1/datanode-3/data/ratis] (custom)
2022-01-20 14:18:17,941 [pool-398-thread-1] INFO  server.RaftServerConfigKeys (ConfUtils.java:logGet(44)) - raft.server.log.corruption.policy = EXCEPTION (default)
2022-01-20 14:18:17,941 [pool-398-thread-1] INFO  server.RaftServerConfigKeys (ConfUtils.java:logGet(44)) - raft.server.storage.free-space.min = 0MB (=0) (default)
2022-01-20 14:18:17,941 [pool-398-thread-1] INFO  storage.RaftStorageDirectory (RaftStorageDirectoryImpl.java:analyzeStorage(135)) - The storage directory /home/runner/work/ozone/ozone/hadoop-ozone/integration-test/target/test-dir/MiniOzoneClusterImpl-f1e7e660-ec45-4ef3-9198-8cc7416827f1/datanode-3/data/ratis/4f8d674b-35e4-4c3d-a3fd-477b38a169a7 does not exist. Creating ...
2022-01-20 14:18:17,945 [pool-398-thread-1] INFO  storage.RaftStorageDirectory (RaftStorageDirectoryImpl.java:tryLock(230)) - Lock on /home/runner/work/ozone/ozone/hadoop-ozone/integration-test/target/test-dir/MiniOzoneClusterImpl-f1e7e660-ec45-4ef3-9198-8cc7416827f1/datanode-3/data/ratis/4f8d674b-35e4-4c3d-a3fd-477b38a169a7/in_use.lock acquired by nodename 2019@fv-az294-522
2022-01-20 14:18:17,953 [pool-398-thread-1] INFO  storage.RaftStorage (RaftStorageImpl.java:format(89)) - Storage directory /home/runner/work/ozone/ozone/hadoop-ozone/integration-test/target/test-dir/MiniOzoneClusterImpl-f1e7e660-ec45-4ef3-9198-8cc7416827f1/datanode-3/data/ratis/4f8d674b-35e4-4c3d-a3fd-477b38a169a7 has been successfully formatted.
2022-01-20 14:18:17,953 [pool-398-thread-1] INFO  ratis.ContainerStateMachine (ContainerStateMachine.java:loadSnapshot(231)) - group-477B38A169A7: The snapshot info is null. Setting the last applied indexto:(t:0, i:~)
2022-01-20 14:18:17,954 [pool-398-thread-1] INFO  server.RaftServerConfigKeys (ConfUtils.java:logGet(44)) - raft.server.notification.no-leader.timeout = 300000ms (custom)
2022-01-20 14:18:17,954 [pool-398-thread-1] INFO  server.RaftServerConfigKeys (ConfUtils.java:logGet(44)) - raft.server.log.use.memory = false (default)
2022-01-20 14:18:17,954 [pool-398-thread-1] INFO  server.RaftServerConfigKeys (ConfUtils.java:logGet(44)) - raft.server.log.purge.gap = 1000000 (custom)
2022-01-20 14:18:17,954 [pool-398-thread-1] INFO  server.RaftServerConfigKeys (ConfUtils.java:logGet(44)) - raft.server.log.appender.buffer.byte-limit = 33554432 (custom)
2022-01-20 14:18:17,954 [pool-398-thread-1] INFO  server.RaftServerConfigKeys (ConfUtils.java:logGet(44)) - raft.server.log.segment.size.max = 1048576 (custom)
2022-01-20 14:18:17,955 [pool-398-thread-1] INFO  server.RaftServerConfigKeys (ConfUtils.java:logGet(44)) - raft.server.log.segment.cache.num.max = 2 (custom)
2022-01-20 14:18:17,955 [pool-398-thread-1] INFO  server.RaftServerConfigKeys (ConfUtils.java:logGet(44)) - raft.server.log.segment.cache.size.max = 200MB (=209715200) (default)
2022-01-20 14:18:17,955 [pool-398-thread-1] INFO  segmented.SegmentedRaftLogWorker (SegmentedRaftLogWorker.java:<init>(182)) - new 8543d24f-bec7-4768-944c-282c8ff9c745@group-477B38A169A7-SegmentedRaftLogWorker for RaftStorageImpl:Storage Directory /home/runner/work/ozone/ozone/hadoop-ozone/integration-test/target/test-dir/MiniOzoneClusterImpl-f1e7e660-ec45-4ef3-9198-8cc7416827f1/datanode-3/data/ratis/4f8d674b-35e4-4c3d-a3fd-477b38a169a7
2022-01-20 14:18:17,955 [pool-398-thread-1] INFO  server.RaftServerConfigKeys (ConfUtils.java:logGet(44)) - raft.server.log.queue.byte-limit = 2147483647 (custom)
2022-01-20 14:18:17,955 [pool-398-thread-1] INFO  server.RaftServerConfigKeys (ConfUtils.java:logGet(44)) - raft.server.log.queue.element-limit = 1024 (custom)
2022-01-20 14:18:17,955 [pool-398-thread-1] INFO  server.RaftServerConfigKeys (ConfUtils.java:logGet(44)) - raft.server.log.segment.size.max = 1048576 (custom)
2022-01-20 14:18:17,955 [pool-398-thread-1] INFO  server.RaftServerConfigKeys (ConfUtils.java:logGet(44)) - raft.server.log.preallocated.size = 16384 (custom)
2022-01-20 14:18:17,955 [pool-398-thread-1] INFO  server.RaftServerConfigKeys (ConfUtils.java:logGet(44)) - raft.server.log.force.sync.num = 128 (default)
2022-01-20 14:18:17,955 [pool-398-thread-1] INFO  server.RaftServerConfigKeys (ConfUtils.java:logGet(44)) - raft.server.log.statemachine.data.sync = true (default)
2022-01-20 14:18:17,955 [pool-398-thread-1] INFO  server.RaftServerConfigKeys (ConfUtils.java:logGet(44)) - raft.server.log.statemachine.data.sync.timeout = 10s (default)
2022-01-20 14:18:17,955 [pool-398-thread-1] INFO  server.RaftServerConfigKeys (ConfUtils.java:logGet(44)) - raft.server.log.statemachine.data.sync.timeout.retry = -1 (default)
2022-01-20 14:18:17,956 [pool-398-thread-1] INFO  server.RaftServerConfigKeys (ConfUtils.java:logGet(44)) - raft.server.log.write.buffer.size = 1048576 (custom)
2022-01-20 14:18:17,958 [EventQueue-OpenPipelineForHealthyPipelineSafeModeRule] INFO  safemode.SCMSafeModeManager (HealthyPipelineSafeModeRule.java:process(124)) - SCM in safe mode. Healthy pipelines reported count is 0, required healthy pipeline reported count is 1
2022-01-20 14:18:17,969 [pool-398-thread-1] INFO  server.RaftServerConfigKeys (ConfUtils.java:logGet(44)) - raft.server.log.statemachine.data.caching.enabled = true (custom)
2022-01-20 14:18:17,969 [pool-398-thread-1] INFO  segmented.SegmentedRaftLogWorker (SegmentedRaftLogWorker.java:lambda$new$0(133)) - 8543d24f-bec7-4768-944c-282c8ff9c745@group-477B38A169A7-SegmentedRaftLogWorker: flushIndex: setUnconditionally 0 -> -1
2022-01-20 14:18:17,969 [pool-398-thread-1] INFO  segmented.SegmentedRaftLogWorker (SegmentedRaftLogWorker.java:lambda$new$0(133)) - 8543d24f-bec7-4768-944c-282c8ff9c745@group-477B38A169A7-SegmentedRaftLogWorker: safeCacheEvictIndex: setUnconditionally 0 -> -1
2022-01-20 14:18:17,969 [pool-398-thread-1] INFO  server.RaftServerConfigKeys (ConfUtils.java:logGet(44)) - raft.server.snapshot.auto.trigger.enabled = true (custom)
2022-01-20 14:18:17,970 [pool-398-thread-1] INFO  server.RaftServerConfigKeys (ConfUtils.java:logGet(44)) - raft.server.snapshot.auto.trigger.threshold = 10000 (custom)
2022-01-20 14:18:17,970 [pool-398-thread-1] INFO  server.RaftServerConfigKeys (ConfUtils.java:logGet(44)) - raft.server.snapshot.retention.file.num = 5 (custom)
2022-01-20 14:18:17,970 [pool-398-thread-1] INFO  server.RaftServerConfigKeys (ConfUtils.java:logGet(44)) - raft.server.log.purge.upto.snapshot.index = false (default)
2022-01-20 14:18:17,970 [pool-398-thread-1] INFO  server.RaftServerConfigKeys (ConfUtils.java:logGet(44)) - raft.server.retrycache.expirytime = 600000ms (custom)
2022-01-20 14:18:17,970 [pool-398-thread-1] INFO  server.RaftServerConfigKeys (ConfUtils.java:logGet(44)) - raft.server.retrycache.statistics.expirytime = 100μs (default)
2022-01-20 14:18:17,971 [pool-398-thread-1] INFO  server.RaftServer$Division (RaftServerImpl.java:start(301)) - 8543d24f-bec7-4768-944c-282c8ff9c745@group-477B38A169A7: start as a follower, conf=-1: [c842222a-b1c3-47cd-9e78-3481338af40d|rpc:10.1.0.33:44871|priority:0, 8543d24f-bec7-4768-944c-282c8ff9c745|rpc:10.1.0.33:34369|priority:0, 974883c6-3444-443e-b406-2e7f57ab6e46|rpc:10.1.0.33:43877|priority:1], old=null
2022-01-20 14:18:17,971 [pool-398-thread-1] INFO  server.RaftServer$Division (RaftServerImpl.java:setRole(290)) - 8543d24f-bec7-4768-944c-282c8ff9c745@group-477B38A169A7: changes role from      null to FOLLOWER at term 0 for startAsFollower
2022-01-20 14:18:17,971 [pool-398-thread-1] INFO  impl.RoleInfo (RoleInfo.java:updateAndGet(130)) - 8543d24f-bec7-4768-944c-282c8ff9c745: start 8543d24f-bec7-4768-944c-282c8ff9c745@group-477B38A169A7-FollowerState
2022-01-20 14:18:17,977 [pool-398-thread-1] INFO  util.JmxRegister (JmxRegister.java:tryRegister(44)) - Successfully registered JMX Bean with object name Ratis:service=RaftServer,group=group-477B38A169A7,id=8543d24f-bec7-4768-944c-282c8ff9c745
2022-01-20 14:18:17,990 [Command processor thread] INFO  ratis.XceiverServerRatis (XceiverServerRatis.java:addGroup(768)) - Created group PipelineID=4f8d674b-35e4-4c3d-a3fd-477b38a169a7
2022-01-20 14:18:18,020 [grpc-default-executor-1] INFO  server.RaftServer (RaftServerProxy.java:addNew(95)) - c842222a-b1c3-47cd-9e78-3481338af40d: addNew group-477B38A169A7:[c842222a-b1c3-47cd-9e78-3481338af40d|rpc:10.1.0.33:44871|dataStream:|priority:0, 8543d24f-bec7-4768-944c-282c8ff9c745|rpc:10.1.0.33:34369|dataStream:|priority:0, 974883c6-3444-443e-b406-2e7f57ab6e46|rpc:10.1.0.33:43877|dataStream:|priority:1] returns group-477B38A169A7:java.util.concurrent.CompletableFuture@66b59ac7[Not completed]
2022-01-20 14:18:18,031 [pool-419-thread-1] INFO  server.RaftServer$Division (RaftServerImpl.java:<init>(184)) - c842222a-b1c3-47cd-9e78-3481338af40d: new RaftServerImpl for group-477B38A169A7:[c842222a-b1c3-47cd-9e78-3481338af40d|rpc:10.1.0.33:44871|dataStream:|priority:0, 8543d24f-bec7-4768-944c-282c8ff9c745|rpc:10.1.0.33:34369|dataStream:|priority:0, 974883c6-3444-443e-b406-2e7f57ab6e46|rpc:10.1.0.33:43877|dataStream:|priority:1] with ContainerStateMachine:uninitialized
2022-01-20 14:18:18,031 [pool-419-thread-1] INFO  server.RaftServerConfigKeys (ConfUtils.java:logGet(44)) - raft.server.rpc.timeout.min = 5s (custom)
2022-01-20 14:18:18,031 [pool-419-thread-1] INFO  server.RaftServerConfigKeys (ConfUtils.java:logGet(44)) - raft.server.rpc.timeout.max = 5200ms (custom)
2022-01-20 14:18:18,031 [pool-419-thread-1] INFO  server.RaftServerConfigKeys (ConfUtils.java:logGet(44)) - raft.server.rpc.sleep.time = 25ms (default)
2022-01-20 14:18:18,032 [pool-419-thread-1] INFO  server.RaftServerConfigKeys (ConfUtils.java:logGet(44)) - raft.server.rpc.slowness.timeout = 300000ms (custom)
2022-01-20 14:18:18,032 [pool-419-thread-1] INFO  server.RaftServerConfigKeys (ConfUtils.java:logGet(44)) - raft.server.leaderelection.leader.step-down.wait-time = 10s (default)
2022-01-20 14:18:18,032 [pool-419-thread-1] INFO  server.RaftServerConfigKeys (ConfUtils.java:logGet(44)) - raft.server.sleep.deviation.threshold = 300ms (default)
2022-01-20 14:18:18,032 [pool-419-thread-1] INFO  server.RaftServerConfigKeys (ConfUtils.java:logGet(44)) - raft.server.log.appender.install.snapshot.enabled = false (custom)
2022-01-20 14:18:18,032 [pool-419-thread-1] INFO  server.RaftServer$Division (ServerState.java:<init>(105)) - c842222a-b1c3-47cd-9e78-3481338af40d@group-477B38A169A7: ConfigurationManager, init=-1: [c842222a-b1c3-47cd-9e78-3481338af40d|rpc:10.1.0.33:44871|dataStream:|priority:0, 8543d24f-bec7-4768-944c-282c8ff9c745|rpc:10.1.0.33:34369|dataStream:|priority:0, 974883c6-3444-443e-b406-2e7f57ab6e46|rpc:10.1.0.33:43877|dataStream:|priority:1], old=null, confs=<EMPTY_MAP>
2022-01-20 14:18:18,032 [pool-419-thread-1] INFO  server.RaftServerConfigKeys (ConfUtils.java:logGet(44)) - raft.server.storage.dir = [/home/runner/work/ozone/ozone/hadoop-ozone/integration-test/target/test-dir/MiniOzoneClusterImpl-f1e7e660-ec45-4ef3-9198-8cc7416827f1/datanode-4/data/ratis] (custom)
2022-01-20 14:18:18,032 [pool-419-thread-1] INFO  server.RaftServerConfigKeys (ConfUtils.java:logGet(44)) - raft.server.log.corruption.policy = EXCEPTION (default)
2022-01-20 14:18:18,032 [pool-419-thread-1] INFO  server.RaftServerConfigKeys (ConfUtils.java:logGet(44)) - raft.server.storage.free-space.min = 0MB (=0) (default)
2022-01-20 14:18:18,032 [pool-419-thread-1] INFO  storage.RaftStorageDirectory (RaftStorageDirectoryImpl.java:analyzeStorage(135)) - The storage directory /home/runner/work/ozone/ozone/hadoop-ozone/integration-test/target/test-dir/MiniOzoneClusterImpl-f1e7e660-ec45-4ef3-9198-8cc7416827f1/datanode-4/data/ratis/4f8d674b-35e4-4c3d-a3fd-477b38a169a7 does not exist. Creating ...
2022-01-20 14:18:18,034 [pool-419-thread-1] INFO  storage.RaftStorageDirectory (RaftStorageDirectoryImpl.java:tryLock(230)) - Lock on /home/runner/work/ozone/ozone/hadoop-ozone/integration-test/target/test-dir/MiniOzoneClusterImpl-f1e7e660-ec45-4ef3-9198-8cc7416827f1/datanode-4/data/ratis/4f8d674b-35e4-4c3d-a3fd-477b38a169a7/in_use.lock acquired by nodename 2019@fv-az294-522
2022-01-20 14:18:18,036 [pool-419-thread-1] INFO  storage.RaftStorage (RaftStorageImpl.java:format(89)) - Storage directory /home/runner/work/ozone/ozone/hadoop-ozone/integration-test/target/test-dir/MiniOzoneClusterImpl-f1e7e660-ec45-4ef3-9198-8cc7416827f1/datanode-4/data/ratis/4f8d674b-35e4-4c3d-a3fd-477b38a169a7 has been successfully formatted.
2022-01-20 14:18:18,057 [pool-419-thread-1] INFO  ratis.ContainerStateMachine (ContainerStateMachine.java:loadSnapshot(231)) - group-477B38A169A7: The snapshot info is null. Setting the last applied indexto:(t:0, i:~)
2022-01-20 14:18:18,059 [pool-419-thread-1] INFO  server.RaftServerConfigKeys (ConfUtils.java:logGet(44)) - raft.server.notification.no-leader.timeout = 300000ms (custom)
2022-01-20 14:18:18,059 [pool-419-thread-1] INFO  server.RaftServerConfigKeys (ConfUtils.java:logGet(44)) - raft.server.log.use.memory = false (default)
2022-01-20 14:18:18,059 [pool-419-thread-1] INFO  server.RaftServerConfigKeys (ConfUtils.java:logGet(44)) - raft.server.log.purge.gap = 1000000 (custom)
2022-01-20 14:18:18,059 [pool-419-thread-1] INFO  server.RaftServerConfigKeys (ConfUtils.java:logGet(44)) - raft.server.log.appender.buffer.byte-limit = 33554432 (custom)
2022-01-20 14:18:18,061 [pool-419-thread-1] INFO  server.RaftServerConfigKeys (ConfUtils.java:logGet(44)) - raft.server.log.segment.size.max = 1048576 (custom)
2022-01-20 14:18:18,062 [pool-419-thread-1] INFO  server.RaftServerConfigKeys (ConfUtils.java:logGet(44)) - raft.server.log.segment.cache.num.max = 2 (custom)
2022-01-20 14:18:18,062 [pool-419-thread-1] INFO  server.RaftServerConfigKeys (ConfUtils.java:logGet(44)) - raft.server.log.segment.cache.size.max = 200MB (=209715200) (default)
2022-01-20 14:18:18,070 [pool-419-thread-1] INFO  segmented.SegmentedRaftLogWorker (SegmentedRaftLogWorker.java:<init>(182)) - new c842222a-b1c3-47cd-9e78-3481338af40d@group-477B38A169A7-SegmentedRaftLogWorker for RaftStorageImpl:Storage Directory /home/runner/work/ozone/ozone/hadoop-ozone/integration-test/target/test-dir/MiniOzoneClusterImpl-f1e7e660-ec45-4ef3-9198-8cc7416827f1/datanode-4/data/ratis/4f8d674b-35e4-4c3d-a3fd-477b38a169a7
2022-01-20 14:18:18,070 [pool-419-thread-1] INFO  server.RaftServerConfigKeys (ConfUtils.java:logGet(44)) - raft.server.log.queue.byte-limit = 2147483647 (custom)
2022-01-20 14:18:18,070 [pool-419-thread-1] INFO  server.RaftServerConfigKeys (ConfUtils.java:logGet(44)) - raft.server.log.queue.element-limit = 1024 (custom)
2022-01-20 14:18:18,070 [pool-419-thread-1] INFO  server.RaftServerConfigKeys (ConfUtils.java:logGet(44)) - raft.server.log.segment.size.max = 1048576 (custom)
2022-01-20 14:18:18,071 [pool-419-thread-1] INFO  server.RaftServerConfigKeys (ConfUtils.java:logGet(44)) - raft.server.log.preallocated.size = 16384 (custom)
2022-01-20 14:18:18,071 [pool-419-thread-1] INFO  server.RaftServerConfigKeys (ConfUtils.java:logGet(44)) - raft.server.log.force.sync.num = 128 (default)
2022-01-20 14:18:18,071 [pool-419-thread-1] INFO  server.RaftServerConfigKeys (ConfUtils.java:logGet(44)) - raft.server.log.statemachine.data.sync = true (default)
2022-01-20 14:18:18,072 [pool-419-thread-1] INFO  server.RaftServerConfigKeys (ConfUtils.java:logGet(44)) - raft.server.log.statemachine.data.sync.timeout = 10s (default)
2022-01-20 14:18:18,073 [pool-419-thread-1] INFO  server.RaftServerConfigKeys (ConfUtils.java:logGet(44)) - raft.server.log.statemachine.data.sync.timeout.retry = -1 (default)
2022-01-20 14:18:18,073 [Listener at 127.0.0.1/36805] INFO  ozone.MiniOzoneClusterImpl (MiniOzoneClusterImpl.java:lambda$waitForClusterToBeReady$0(219)) - Waiting for nodes to be ready. Got 8 of 9 DN Heartbeats.
2022-01-20 14:18:18,073 [Listener at 127.0.0.1/36805] INFO  ozone.MiniOzoneClusterImpl (MiniOzoneClusterImpl.java:lambda$waitForClusterToBeReady$0(222)) - Waiting for cluster to exit safe mode
2022-01-20 14:18:18,073 [Listener at 127.0.0.1/36805] INFO  ozone.MiniOzoneClusterImpl (MiniOzoneClusterImpl.java:lambda$waitForClusterToBeReady$0(224)) - SCM became leader
2022-01-20 14:18:18,074 [pool-419-thread-1] INFO  server.RaftServerConfigKeys (ConfUtils.java:logGet(44)) - raft.server.log.write.buffer.size = 1048576 (custom)
2022-01-20 14:18:18,074 [pool-419-thread-1] INFO  server.RaftServerConfigKeys (ConfUtils.java:logGet(44)) - raft.server.log.statemachine.data.caching.enabled = true (custom)
2022-01-20 14:18:18,080 [pool-419-thread-1] INFO  segmented.SegmentedRaftLogWorker (SegmentedRaftLogWorker.java:lambda$new$0(133)) - c842222a-b1c3-47cd-9e78-3481338af40d@group-477B38A169A7-SegmentedRaftLogWorker: flushIndex: setUnconditionally 0 -> -1
2022-01-20 14:18:18,080 [pool-419-thread-1] INFO  segmented.SegmentedRaftLogWorker (SegmentedRaftLogWorker.java:lambda$new$0(133)) - c842222a-b1c3-47cd-9e78-3481338af40d@group-477B38A169A7-SegmentedRaftLogWorker: safeCacheEvictIndex: setUnconditionally 0 -> -1
2022-01-20 14:18:18,080 [pool-419-thread-1] INFO  server.RaftServerConfigKeys (ConfUtils.java:logGet(44)) - raft.server.snapshot.auto.trigger.enabled = true (custom)
2022-01-20 14:18:18,080 [pool-419-thread-1] INFO  server.RaftServerConfigKeys (ConfUtils.java:logGet(44)) - raft.server.snapshot.auto.trigger.threshold = 10000 (custom)
2022-01-20 14:18:18,080 [pool-419-thread-1] INFO  server.RaftServerConfigKeys (ConfUtils.java:logGet(44)) - raft.server.snapshot.retention.file.num = 5 (custom)
2022-01-20 14:18:18,080 [pool-419-thread-1] INFO  server.RaftServerConfigKeys (ConfUtils.java:logGet(44)) - raft.server.log.purge.upto.snapshot.index = false (default)
2022-01-20 14:18:18,080 [pool-419-thread-1] INFO  server.RaftServerConfigKeys (ConfUtils.java:logGet(44)) - raft.server.retrycache.expirytime = 600000ms (custom)
2022-01-20 14:18:18,080 [pool-419-thread-1] INFO  server.RaftServerConfigKeys (ConfUtils.java:logGet(44)) - raft.server.retrycache.statistics.expirytime = 100μs (default)
2022-01-20 14:18:18,082 [pool-419-thread-1] INFO  server.RaftServer$Division (RaftServerImpl.java:start(301)) - c842222a-b1c3-47cd-9e78-3481338af40d@group-477B38A169A7: start as a follower, conf=-1: [c842222a-b1c3-47cd-9e78-3481338af40d|rpc:10.1.0.33:44871|dataStream:|priority:0, 8543d24f-bec7-4768-944c-282c8ff9c745|rpc:10.1.0.33:34369|dataStream:|priority:0, 974883c6-3444-443e-b406-2e7f57ab6e46|rpc:10.1.0.33:43877|dataStream:|priority:1], old=null
2022-01-20 14:18:18,082 [pool-419-thread-1] INFO  server.RaftServer$Division (RaftServerImpl.java:setRole(290)) - c842222a-b1c3-47cd-9e78-3481338af40d@group-477B38A169A7: changes role from      null to FOLLOWER at term 0 for startAsFollower
2022-01-20 14:18:18,082 [pool-419-thread-1] INFO  impl.RoleInfo (RoleInfo.java:updateAndGet(130)) - c842222a-b1c3-47cd-9e78-3481338af40d: start c842222a-b1c3-47cd-9e78-3481338af40d@group-477B38A169A7-FollowerState
2022-01-20 14:18:18,089 [pool-419-thread-1] INFO  util.JmxRegister (JmxRegister.java:tryRegister(44)) - Successfully registered JMX Bean with object name Ratis:service=RaftServer,group=group-477B38A169A7,id=c842222a-b1c3-47cd-9e78-3481338af40d
2022-01-20 14:18:18,124 [IPC Server handler 13 on default port 43255] INFO  net.NetworkTopologyImpl (NetworkTopologyImpl.java:add(112)) - Added a new node: /default-rack/3934de01-e9c2-42ef-9a8f-f9cad9f9a13a
2022-01-20 14:18:18,124 [IPC Server handler 13 on default port 43255] INFO  node.SCMNodeManager (SCMNodeManager.java:register(389)) - Registered Data node : 3934de01-e9c2-42ef-9a8f-f9cad9f9a13a{ip: 10.1.0.33, host: fv-az294-522.eaanfquahm5ulb5tj050gcxych.jx.internal.cloudapp.net, ports: [REPLICATION=38437, RATIS=40989, RATIS_ADMIN=40989, RATIS_SERVER=40989, STANDALONE=43347], networkLocation: /default-rack, certSerialId: null, persistedOpState: null, persistedOpStateExpiryEpochSec: 0}
2022-01-20 14:18:18,124 [EventQueue-NewNodeForNewNodeHandler] INFO  pipeline.BackgroundPipelineCreator (BackgroundPipelineCreator.java:notifyEventTriggered(285)) - trigger a one-shot run on RatisPipelineUtilsThread.
2022-01-20 14:18:18,125 [RatisPipelineUtilsThread - 0] INFO  pipeline.RatisPipelineProvider (RatisPipelineProvider.java:lambda$create$0(183)) - Sending CreatePipelineCommand for pipeline:PipelineID=d21a62da-0ff5-4921-8124-95087c682c55 to datanode:3934de01-e9c2-42ef-9a8f-f9cad9f9a13a
2022-01-20 14:18:18,129 [1614213d-f914-440d-b8eb-f10be6afcbc1@group-8CC7416827F1-StateMachineUpdater] INFO  pipeline.PipelineStateManagerImpl (PipelineStateManagerImpl.java:addPipeline(101)) - Created pipeline Pipeline[ Id: d21a62da-0ff5-4921-8124-95087c682c55, Nodes: 3934de01-e9c2-42ef-9a8f-f9cad9f9a13a{ip: 10.1.0.33, host: fv-az294-522.eaanfquahm5ulb5tj050gcxych.jx.internal.cloudapp.net, ports: [REPLICATION=38437, RATIS=40989, RATIS_ADMIN=40989, RATIS_SERVER=40989, STANDALONE=43347], networkLocation: /default-rack, certSerialId: null, persistedOpState: IN_SERVICE, persistedOpStateExpiryEpochSec: 0}, ReplicationConfig: RATIS/ONE, State:ALLOCATED, leaderId:, CreationTimestamp2022-01-20T14:18:18.125Z[Etc/UTC]].
2022-01-20 14:18:18,138 [1614213d-f914-440d-b8eb-f10be6afcbc1@group-8CC7416827F1-StateMachineUpdater] INFO  safemode.HealthyPipelineSafeModeRule (HealthyPipelineSafeModeRule.java:initializeRule(152)) - Refreshed total pipeline count is 0, healthy pipeline threshold count is 1
2022-01-20 14:18:18,138 [RatisPipelineUtilsThread - 0] INFO  ha.SCMHAInvocationHandler (SCMHAInvocationHandler.java:invokeRatis(113)) - Invoking method public abstract void org.apache.hadoop.hdds.scm.pipeline.PipelineStateManager.addPipeline(org.apache.hadoop.hdds.protocol.proto.HddsProtos$Pipeline) throws java.io.IOException on target org.apache.hadoop.hdds.scm.ha.SCMRatisServerImpl@2589c416, cost 13039.799us
2022-01-20 14:18:18,150 [RatisPipelineUtilsThread - 0] INFO  pipeline.RatisPipelineProvider (RatisPipelineProvider.java:lambda$create$0(183)) - Sending CreatePipelineCommand for pipeline:PipelineID=598beb70-5354-4269-a931-c5373be6ab5e to datanode:3934de01-e9c2-42ef-9a8f-f9cad9f9a13a
2022-01-20 14:18:18,150 [RatisPipelineUtilsThread - 0] INFO  pipeline.RatisPipelineProvider (RatisPipelineProvider.java:lambda$create$0(183)) - Sending CreatePipelineCommand for pipeline:PipelineID=598beb70-5354-4269-a931-c5373be6ab5e to datanode:f5002eb4-ff35-49a0-88dd-354658843fe1
2022-01-20 14:18:18,150 [RatisPipelineUtilsThread - 0] INFO  pipeline.RatisPipelineProvider (RatisPipelineProvider.java:lambda$create$0(183)) - Sending CreatePipelineCommand for pipeline:PipelineID=598beb70-5354-4269-a931-c5373be6ab5e to datanode:d2de7c60-b86f-4a06-91d9-365eb56e12df
2022-01-20 14:18:18,153 [1614213d-f914-440d-b8eb-f10be6afcbc1@group-8CC7416827F1-StateMachineUpdater] INFO  pipeline.PipelineStateManagerImpl (PipelineStateManagerImpl.java:addPipeline(101)) - Created pipeline Pipeline[ Id: 598beb70-5354-4269-a931-c5373be6ab5e, Nodes: 3934de01-e9c2-42ef-9a8f-f9cad9f9a13a{ip: 10.1.0.33, host: fv-az294-522.eaanfquahm5ulb5tj050gcxych.jx.internal.cloudapp.net, ports: [REPLICATION=38437, RATIS=40989, RATIS_ADMIN=40989, RATIS_SERVER=40989, STANDALONE=43347], networkLocation: /default-rack, certSerialId: null, persistedOpState: IN_SERVICE, persistedOpStateExpiryEpochSec: 0}f5002eb4-ff35-49a0-88dd-354658843fe1{ip: 10.1.0.33, host: fv-az294-522.eaanfquahm5ulb5tj050gcxych.jx.internal.cloudapp.net, ports: [REPLICATION=45365, RATIS=43929, RATIS_ADMIN=43929, RATIS_SERVER=43929, STANDALONE=40157], networkLocation: /default-rack, certSerialId: null, persistedOpState: IN_SERVICE, persistedOpStateExpiryEpochSec: 0}d2de7c60-b86f-4a06-91d9-365eb56e12df{ip: 10.1.0.33, host: fv-az294-522.eaanfquahm5ulb5tj050gcxych.jx.internal.cloudapp.net, ports: [REPLICATION=38409, RATIS=36843, RATIS_ADMIN=36843, RATIS_SERVER=36843, STANDALONE=36575], networkLocation: /default-rack, certSerialId: null, persistedOpState: IN_SERVICE, persistedOpStateExpiryEpochSec: 0}, ReplicationConfig: RATIS/THREE, State:ALLOCATED, leaderId:, CreationTimestamp2022-01-20T14:18:18.150Z[Etc/UTC]].
2022-01-20 14:18:18,153 [1614213d-f914-440d-b8eb-f10be6afcbc1@group-8CC7416827F1-StateMachineUpdater] INFO  safemode.HealthyPipelineSafeModeRule (HealthyPipelineSafeModeRule.java:initializeRule(152)) - Refreshed total pipeline count is 0, healthy pipeline threshold count is 1
2022-01-20 14:18:18,154 [RatisPipelineUtilsThread - 0] INFO  ha.SCMHAInvocationHandler (SCMHAInvocationHandler.java:invokeRatis(113)) - Invoking method public abstract void org.apache.hadoop.hdds.scm.pipeline.PipelineStateManager.addPipeline(org.apache.hadoop.hdds.protocol.proto.HddsProtos$Pipeline) throws java.io.IOException on target org.apache.hadoop.hdds.scm.ha.SCMRatisServerImpl@2589c416, cost 3336.225us
2022-01-20 14:18:18,177 [grpc-default-executor-1] INFO  server.RaftServer (RaftServerProxy.java:addNew(95)) - 974883c6-3444-443e-b406-2e7f57ab6e46: addNew group-477B38A169A7:[c842222a-b1c3-47cd-9e78-3481338af40d|rpc:10.1.0.33:44871|dataStream:|priority:0, 8543d24f-bec7-4768-944c-282c8ff9c745|rpc:10.1.0.33:34369|dataStream:|priority:0, 974883c6-3444-443e-b406-2e7f57ab6e46|rpc:10.1.0.33:43877|dataStream:|priority:1] returns group-477B38A169A7:java.util.concurrent.CompletableFuture@4005a052[Not completed]
2022-01-20 14:18:18,195 [pool-440-thread-1] INFO  server.RaftServer$Division (RaftServerImpl.java:<init>(184)) - 974883c6-3444-443e-b406-2e7f57ab6e46: new RaftServerImpl for group-477B38A169A7:[c842222a-b1c3-47cd-9e78-3481338af40d|rpc:10.1.0.33:44871|dataStream:|priority:0, 8543d24f-bec7-4768-944c-282c8ff9c745|rpc:10.1.0.33:34369|dataStream:|priority:0, 974883c6-3444-443e-b406-2e7f57ab6e46|rpc:10.1.0.33:43877|dataStream:|priority:1] with ContainerStateMachine:uninitialized
2022-01-20 14:18:18,195 [pool-440-thread-1] INFO  server.RaftServerConfigKeys (ConfUtils.java:logGet(44)) - raft.server.rpc.timeout.min = 5s (custom)
2022-01-20 14:18:18,195 [pool-440-thread-1] INFO  server.RaftServerConfigKeys (ConfUtils.java:logGet(44)) - raft.server.rpc.timeout.max = 5200ms (custom)
2022-01-20 14:18:18,195 [pool-440-thread-1] INFO  server.RaftServerConfigKeys (ConfUtils.java:logGet(44)) - raft.server.rpc.sleep.time = 25ms (default)
2022-01-20 14:18:18,195 [pool-440-thread-1] INFO  server.RaftServerConfigKeys (ConfUtils.java:logGet(44)) - raft.server.rpc.slowness.timeout = 300000ms (custom)
2022-01-20 14:18:18,195 [pool-440-thread-1] INFO  server.RaftServerConfigKeys (ConfUtils.java:logGet(44)) - raft.server.leaderelection.leader.step-down.wait-time = 10s (default)
2022-01-20 14:18:18,195 [pool-440-thread-1] INFO  server.RaftServerConfigKeys (ConfUtils.java:logGet(44)) - raft.server.sleep.deviation.threshold = 300ms (default)
2022-01-20 14:18:18,195 [pool-440-thread-1] INFO  server.RaftServerConfigKeys (ConfUtils.java:logGet(44)) - raft.server.log.appender.install.snapshot.enabled = false (custom)
2022-01-20 14:18:18,196 [pool-440-thread-1] INFO  server.RaftServer$Division (ServerState.java:<init>(105)) - 974883c6-3444-443e-b406-2e7f57ab6e46@group-477B38A169A7: ConfigurationManager, init=-1: [c842222a-b1c3-47cd-9e78-3481338af40d|rpc:10.1.0.33:44871|dataStream:|priority:0, 8543d24f-bec7-4768-944c-282c8ff9c745|rpc:10.1.0.33:34369|dataStream:|priority:0, 974883c6-3444-443e-b406-2e7f57ab6e46|rpc:10.1.0.33:43877|dataStream:|priority:1], old=null, confs=<EMPTY_MAP>
2022-01-20 14:18:18,196 [pool-440-thread-1] INFO  server.RaftServerConfigKeys (ConfUtils.java:logGet(44)) - raft.server.storage.dir = [/home/runner/work/ozone/ozone/hadoop-ozone/integration-test/target/test-dir/MiniOzoneClusterImpl-f1e7e660-ec45-4ef3-9198-8cc7416827f1/datanode-5/data/ratis] (custom)
2022-01-20 14:18:18,196 [pool-440-thread-1] INFO  server.RaftServerConfigKeys (ConfUtils.java:logGet(44)) - raft.server.log.corruption.policy = EXCEPTION (default)
2022-01-20 14:18:18,196 [pool-440-thread-1] INFO  server.RaftServerConfigKeys (ConfUtils.java:logGet(44)) - raft.server.storage.free-space.min = 0MB (=0) (default)
2022-01-20 14:18:18,196 [pool-440-thread-1] INFO  storage.RaftStorageDirectory (RaftStorageDirectoryImpl.java:analyzeStorage(135)) - The storage directory /home/runner/work/ozone/ozone/hadoop-ozone/integration-test/target/test-dir/MiniOzoneClusterImpl-f1e7e660-ec45-4ef3-9198-8cc7416827f1/datanode-5/data/ratis/4f8d674b-35e4-4c3d-a3fd-477b38a169a7 does not exist. Creating ...
2022-01-20 14:18:18,197 [pool-440-thread-1] INFO  storage.RaftStorageDirectory (RaftStorageDirectoryImpl.java:tryLock(230)) - Lock on /home/runner/work/ozone/ozone/hadoop-ozone/integration-test/target/test-dir/MiniOzoneClusterImpl-f1e7e660-ec45-4ef3-9198-8cc7416827f1/datanode-5/data/ratis/4f8d674b-35e4-4c3d-a3fd-477b38a169a7/in_use.lock acquired by nodename 2019@fv-az294-522
2022-01-20 14:18:18,198 [pool-440-thread-1] INFO  storage.RaftStorage (RaftStorageImpl.java:format(89)) - Storage directory /home/runner/work/ozone/ozone/hadoop-ozone/integration-test/target/test-dir/MiniOzoneClusterImpl-f1e7e660-ec45-4ef3-9198-8cc7416827f1/datanode-5/data/ratis/4f8d674b-35e4-4c3d-a3fd-477b38a169a7 has been successfully formatted.
2022-01-20 14:18:18,200 [pool-440-thread-1] INFO  ratis.ContainerStateMachine (ContainerStateMachine.java:loadSnapshot(231)) - group-477B38A169A7: The snapshot info is null. Setting the last applied indexto:(t:0, i:~)
2022-01-20 14:18:18,200 [pool-440-thread-1] INFO  server.RaftServerConfigKeys (ConfUtils.java:logGet(44)) - raft.server.notification.no-leader.timeout = 300000ms (custom)
2022-01-20 14:18:18,201 [pool-440-thread-1] INFO  server.RaftServerConfigKeys (ConfUtils.java:logGet(44)) - raft.server.log.use.memory = false (default)
2022-01-20 14:18:18,201 [pool-440-thread-1] INFO  server.RaftServerConfigKeys (ConfUtils.java:logGet(44)) - raft.server.log.purge.gap = 1000000 (custom)
2022-01-20 14:18:18,201 [pool-440-thread-1] INFO  server.RaftServerConfigKeys (ConfUtils.java:logGet(44)) - raft.server.log.appender.buffer.byte-limit = 33554432 (custom)
2022-01-20 14:18:18,204 [pool-440-thread-1] INFO  server.RaftServerConfigKeys (ConfUtils.java:logGet(44)) - raft.server.log.segment.size.max = 1048576 (custom)
2022-01-20 14:18:18,205 [pool-440-thread-1] INFO  server.RaftServerConfigKeys (ConfUtils.java:logGet(44)) - raft.server.log.segment.cache.num.max = 2 (custom)
2022-01-20 14:18:18,205 [pool-440-thread-1] INFO  server.RaftServerConfigKeys (ConfUtils.java:logGet(44)) - raft.server.log.segment.cache.size.max = 200MB (=209715200) (default)
2022-01-20 14:18:18,205 [pool-440-thread-1] INFO  segmented.SegmentedRaftLogWorker (SegmentedRaftLogWorker.java:<init>(182)) - new 974883c6-3444-443e-b406-2e7f57ab6e46@group-477B38A169A7-SegmentedRaftLogWorker for RaftStorageImpl:Storage Directory /home/runner/work/ozone/ozone/hadoop-ozone/integration-test/target/test-dir/MiniOzoneClusterImpl-f1e7e660-ec45-4ef3-9198-8cc7416827f1/datanode-5/data/ratis/4f8d674b-35e4-4c3d-a3fd-477b38a169a7
2022-01-20 14:18:18,205 [pool-440-thread-1] INFO  server.RaftServerConfigKeys (ConfUtils.java:logGet(44)) - raft.server.log.queue.byte-limit = 2147483647 (custom)
2022-01-20 14:18:18,205 [pool-440-thread-1] INFO  server.RaftServerConfigKeys (ConfUtils.java:logGet(44)) - raft.server.log.queue.element-limit = 1024 (custom)
2022-01-20 14:18:18,205 [pool-440-thread-1] INFO  server.RaftServerConfigKeys (ConfUtils.java:logGet(44)) - raft.server.log.segment.size.max = 1048576 (custom)
2022-01-20 14:18:18,205 [pool-440-thread-1] INFO  server.RaftServerConfigKeys (ConfUtils.java:logGet(44)) - raft.server.log.preallocated.size = 16384 (custom)
2022-01-20 14:18:18,205 [pool-440-thread-1] INFO  server.RaftServerConfigKeys (ConfUtils.java:logGet(44)) - raft.server.log.force.sync.num = 128 (default)
2022-01-20 14:18:18,205 [pool-440-thread-1] INFO  server.RaftServerConfigKeys (ConfUtils.java:logGet(44)) - raft.server.log.statemachine.data.sync = true (default)
2022-01-20 14:18:18,205 [pool-440-thread-1] INFO  server.RaftServerConfigKeys (ConfUtils.java:logGet(44)) - raft.server.log.statemachine.data.sync.timeout = 10s (default)
2022-01-20 14:18:18,205 [pool-440-thread-1] INFO  server.RaftServerConfigKeys (ConfUtils.java:logGet(44)) - raft.server.log.statemachine.data.sync.timeout.retry = -1 (default)
2022-01-20 14:18:18,206 [pool-440-thread-1] INFO  server.RaftServerConfigKeys (ConfUtils.java:logGet(44)) - raft.server.log.write.buffer.size = 1048576 (custom)
2022-01-20 14:18:18,207 [pool-440-thread-1] INFO  server.RaftServerConfigKeys (ConfUtils.java:logGet(44)) - raft.server.log.statemachine.data.caching.enabled = true (custom)
2022-01-20 14:18:18,207 [pool-440-thread-1] INFO  segmented.SegmentedRaftLogWorker (SegmentedRaftLogWorker.java:lambda$new$0(133)) - 974883c6-3444-443e-b406-2e7f57ab6e46@group-477B38A169A7-SegmentedRaftLogWorker: flushIndex: setUnconditionally 0 -> -1
2022-01-20 14:18:18,207 [pool-440-thread-1] INFO  segmented.SegmentedRaftLogWorker (SegmentedRaftLogWorker.java:lambda$new$0(133)) - 974883c6-3444-443e-b406-2e7f57ab6e46@group-477B38A169A7-SegmentedRaftLogWorker: safeCacheEvictIndex: setUnconditionally 0 -> -1
2022-01-20 14:18:18,208 [pool-440-thread-1] INFO  server.RaftServerConfigKeys (ConfUtils.java:logGet(44)) - raft.server.snapshot.auto.trigger.enabled = true (custom)
2022-01-20 14:18:18,208 [pool-440-thread-1] INFO  server.RaftServerConfigKeys (ConfUtils.java:logGet(44)) - raft.server.snapshot.auto.trigger.threshold = 10000 (custom)
2022-01-20 14:18:18,208 [pool-440-thread-1] INFO  server.RaftServerConfigKeys (ConfUtils.java:logGet(44)) - raft.server.snapshot.retention.file.num = 5 (custom)
2022-01-20 14:18:18,208 [pool-440-thread-1] INFO  server.RaftServerConfigKeys (ConfUtils.java:logGet(44)) - raft.server.log.purge.upto.snapshot.index = false (default)
2022-01-20 14:18:18,208 [pool-440-thread-1] INFO  server.RaftServerConfigKeys (ConfUtils.java:logGet(44)) - raft.server.retrycache.expirytime = 600000ms (custom)
2022-01-20 14:18:18,208 [pool-440-thread-1] INFO  server.RaftServerConfigKeys (ConfUtils.java:logGet(44)) - raft.server.retrycache.statistics.expirytime = 100μs (default)
2022-01-20 14:18:18,209 [pool-440-thread-1] INFO  server.RaftServer$Division (RaftServerImpl.java:start(301)) - 974883c6-3444-443e-b406-2e7f57ab6e46@group-477B38A169A7: start as a follower, conf=-1: [c842222a-b1c3-47cd-9e78-3481338af40d|rpc:10.1.0.33:44871|dataStream:|priority:0, 8543d24f-bec7-4768-944c-282c8ff9c745|rpc:10.1.0.33:34369|dataStream:|priority:0, 974883c6-3444-443e-b406-2e7f57ab6e46|rpc:10.1.0.33:43877|dataStream:|priority:1], old=null
2022-01-20 14:18:18,209 [pool-440-thread-1] INFO  server.RaftServer$Division (RaftServerImpl.java:setRole(290)) - 974883c6-3444-443e-b406-2e7f57ab6e46@group-477B38A169A7: changes role from      null to FOLLOWER at term 0 for startAsFollower
2022-01-20 14:18:18,209 [pool-440-thread-1] INFO  impl.RoleInfo (RoleInfo.java:updateAndGet(130)) - 974883c6-3444-443e-b406-2e7f57ab6e46: start 974883c6-3444-443e-b406-2e7f57ab6e46@group-477B38A169A7-FollowerState
2022-01-20 14:18:18,210 [pool-440-thread-1] INFO  util.JmxRegister (JmxRegister.java:tryRegister(44)) - Successfully registered JMX Bean with object name Ratis:service=RaftServer,group=group-477B38A169A7,id=974883c6-3444-443e-b406-2e7f57ab6e46
2022-01-20 14:18:18,261 [Command processor thread] INFO  commandhandler.CreatePipelineCommandHandler (CreatePipelineCommandHandler.java:handle(106)) - Created Pipeline RATIS THREE PipelineID=4f8d674b-35e4-4c3d-a3fd-477b38a169a7.
2022-01-20 14:18:18,398 [Command processor thread] INFO  server.RaftServer (RaftServerProxy.java:addNew(95)) - c842222a-b1c3-47cd-9e78-3481338af40d: addNew group-D3BE8673A19F:[c842222a-b1c3-47cd-9e78-3481338af40d|rpc:10.1.0.33:44871|priority:1] returns group-D3BE8673A19F:java.util.concurrent.CompletableFuture@3eaf9e95[Not completed]
2022-01-20 14:18:18,399 [pool-419-thread-1] INFO  server.RaftServer$Division (RaftServerImpl.java:<init>(184)) - c842222a-b1c3-47cd-9e78-3481338af40d: new RaftServerImpl for group-D3BE8673A19F:[c842222a-b1c3-47cd-9e78-3481338af40d|rpc:10.1.0.33:44871|priority:1] with ContainerStateMachine:uninitialized
2022-01-20 14:18:18,399 [pool-419-thread-1] INFO  server.RaftServerConfigKeys (ConfUtils.java:logGet(44)) - raft.server.rpc.timeout.min = 5s (custom)
2022-01-20 14:18:18,399 [pool-419-thread-1] INFO  server.RaftServerConfigKeys (ConfUtils.java:logGet(44)) - raft.server.rpc.timeout.max = 5200ms (custom)
2022-01-20 14:18:18,399 [pool-419-thread-1] INFO  server.RaftServerConfigKeys (ConfUtils.java:logGet(44)) - raft.server.rpc.sleep.time = 25ms (default)
2022-01-20 14:18:18,399 [pool-419-thread-1] INFO  server.RaftServerConfigKeys (ConfUtils.java:logGet(44)) - raft.server.rpc.slowness.timeout = 300000ms (custom)
2022-01-20 14:18:18,399 [pool-419-thread-1] INFO  server.RaftServerConfigKeys (ConfUtils.java:logGet(44)) - raft.server.leaderelection.leader.step-down.wait-time = 10s (default)
2022-01-20 14:18:18,399 [pool-419-thread-1] INFO  server.RaftServerConfigKeys (ConfUtils.java:logGet(44)) - raft.server.sleep.deviation.threshold = 300ms (default)
2022-01-20 14:18:18,399 [pool-419-thread-1] INFO  server.RaftServerConfigKeys (ConfUtils.java:logGet(44)) - raft.server.log.appender.install.snapshot.enabled = false (custom)
2022-01-20 14:18:18,399 [pool-419-thread-1] INFO  server.RaftServer$Division (ServerState.java:<init>(105)) - c842222a-b1c3-47cd-9e78-3481338af40d@group-D3BE8673A19F: ConfigurationManager, init=-1: [c842222a-b1c3-47cd-9e78-3481338af40d|rpc:10.1.0.33:44871|priority:1], old=null, confs=<EMPTY_MAP>
2022-01-20 14:18:18,399 [pool-419-thread-1] INFO  server.RaftServerConfigKeys (ConfUtils.java:logGet(44)) - raft.server.storage.dir = [/home/runner/work/ozone/ozone/hadoop-ozone/integration-test/target/test-dir/MiniOzoneClusterImpl-f1e7e660-ec45-4ef3-9198-8cc7416827f1/datanode-4/data/ratis] (custom)
2022-01-20 14:18:18,399 [pool-419-thread-1] INFO  server.RaftServerConfigKeys (ConfUtils.java:logGet(44)) - raft.server.log.corruption.policy = EXCEPTION (default)
2022-01-20 14:18:18,399 [pool-419-thread-1] INFO  server.RaftServerConfigKeys (ConfUtils.java:logGet(44)) - raft.server.storage.free-space.min = 0MB (=0) (default)
2022-01-20 14:18:18,399 [pool-419-thread-1] INFO  storage.RaftStorageDirectory (RaftStorageDirectoryImpl.java:analyzeStorage(135)) - The storage directory /home/runner/work/ozone/ozone/hadoop-ozone/integration-test/target/test-dir/MiniOzoneClusterImpl-f1e7e660-ec45-4ef3-9198-8cc7416827f1/datanode-4/data/ratis/e7b886a4-2207-456a-858e-d3be8673a19f does not exist. Creating ...
2022-01-20 14:18:18,404 [pool-419-thread-1] INFO  storage.RaftStorageDirectory (RaftStorageDirectoryImpl.java:tryLock(230)) - Lock on /home/runner/work/ozone/ozone/hadoop-ozone/integration-test/target/test-dir/MiniOzoneClusterImpl-f1e7e660-ec45-4ef3-9198-8cc7416827f1/datanode-4/data/ratis/e7b886a4-2207-456a-858e-d3be8673a19f/in_use.lock acquired by nodename 2019@fv-az294-522
2022-01-20 14:18:18,406 [pool-419-thread-1] INFO  storage.RaftStorage (RaftStorageImpl.java:format(89)) - Storage directory /home/runner/work/ozone/ozone/hadoop-ozone/integration-test/target/test-dir/MiniOzoneClusterImpl-f1e7e660-ec45-4ef3-9198-8cc7416827f1/datanode-4/data/ratis/e7b886a4-2207-456a-858e-d3be8673a19f has been successfully formatted.
2022-01-20 14:18:18,407 [pool-419-thread-1] INFO  ratis.ContainerStateMachine (ContainerStateMachine.java:loadSnapshot(231)) - group-D3BE8673A19F: The snapshot info is null. Setting the last applied indexto:(t:0, i:~)
2022-01-20 14:18:18,407 [pool-419-thread-1] INFO  server.RaftServerConfigKeys (ConfUtils.java:logGet(44)) - raft.server.notification.no-leader.timeout = 300000ms (custom)
2022-01-20 14:18:18,407 [pool-419-thread-1] INFO  server.RaftServerConfigKeys (ConfUtils.java:logGet(44)) - raft.server.log.use.memory = false (default)
2022-01-20 14:18:18,409 [pool-419-thread-1] INFO  server.RaftServerConfigKeys (ConfUtils.java:logGet(44)) - raft.server.log.purge.gap = 1000000 (custom)
2022-01-20 14:18:18,408 [EventQueue-PipelineReportForPipelineReportHandler] INFO  pipeline.PipelineManagerImpl (PipelineManagerImpl.java:openPipeline(291)) - Pipeline Pipeline[ Id: e7b886a4-2207-456a-858e-d3be8673a19f, Nodes: c842222a-b1c3-47cd-9e78-3481338af40d{ip: 10.1.0.33, host: fv-az294-522.eaanfquahm5ulb5tj050gcxych.jx.internal.cloudapp.net, ports: [REPLICATION=39833, RATIS=44871, RATIS_ADMIN=44871, RATIS_SERVER=44871, STANDALONE=45605], networkLocation: /default-rack, certSerialId: null, persistedOpState: IN_SERVICE, persistedOpStateExpiryEpochSec: 0}, ReplicationConfig: RATIS/ONE, State:ALLOCATED, leaderId:c842222a-b1c3-47cd-9e78-3481338af40d, CreationTimestamp2022-01-20T14:18:15.401Z[Etc/UTC]] moved to OPEN state
2022-01-20 14:18:18,409 [pool-419-thread-1] INFO  server.RaftServerConfigKeys (ConfUtils.java:logGet(44)) - raft.server.log.appender.buffer.byte-limit = 33554432 (custom)
2022-01-20 14:18:18,409 [pool-419-thread-1] INFO  server.RaftServerConfigKeys (ConfUtils.java:logGet(44)) - raft.server.log.segment.size.max = 1048576 (custom)
2022-01-20 14:18:18,410 [pool-419-thread-1] INFO  server.RaftServerConfigKeys (ConfUtils.java:logGet(44)) - raft.server.log.segment.cache.num.max = 2 (custom)
2022-01-20 14:18:18,410 [pool-419-thread-1] INFO  server.RaftServerConfigKeys (ConfUtils.java:logGet(44)) - raft.server.log.segment.cache.size.max = 200MB (=209715200) (default)
2022-01-20 14:18:18,410 [pool-419-thread-1] INFO  segmented.SegmentedRaftLogWorker (SegmentedRaftLogWorker.java:<init>(182)) - new c842222a-b1c3-47cd-9e78-3481338af40d@group-D3BE8673A19F-SegmentedRaftLogWorker for RaftStorageImpl:Storage Directory /home/runner/work/ozone/ozone/hadoop-ozone/integration-test/target/test-dir/MiniOzoneClusterImpl-f1e7e660-ec45-4ef3-9198-8cc7416827f1/datanode-4/data/ratis/e7b886a4-2207-456a-858e-d3be8673a19f
2022-01-20 14:18:18,410 [pool-419-thread-1] INFO  server.RaftServerConfigKeys (ConfUtils.java:logGet(44)) - raft.server.log.queue.byte-limit = 2147483647 (custom)
2022-01-20 14:18:18,410 [pool-419-thread-1] INFO  server.RaftServerConfigKeys (ConfUtils.java:logGet(44)) - raft.server.log.queue.element-limit = 1024 (custom)
2022-01-20 14:18:18,410 [pool-419-thread-1] INFO  server.RaftServerConfigKeys (ConfUtils.java:logGet(44)) - raft.server.log.segment.size.max = 1048576 (custom)
2022-01-20 14:18:18,410 [pool-419-thread-1] INFO  server.RaftServerConfigKeys (ConfUtils.java:logGet(44)) - raft.server.log.preallocated.size = 16384 (custom)
2022-01-20 14:18:18,410 [pool-419-thread-1] INFO  server.RaftServerConfigKeys (ConfUtils.java:logGet(44)) - raft.server.log.force.sync.num = 128 (default)
2022-01-20 14:18:18,410 [pool-419-thread-1] INFO  server.RaftServerConfigKeys (ConfUtils.java:logGet(44)) - raft.server.log.statemachine.data.sync = true (default)
2022-01-20 14:18:18,410 [pool-419-thread-1] INFO  server.RaftServerConfigKeys (ConfUtils.java:logGet(44)) - raft.server.log.statemachine.data.sync.timeout = 10s (default)
2022-01-20 14:18:18,410 [pool-419-thread-1] INFO  server.RaftServerConfigKeys (ConfUtils.java:logGet(44)) - raft.server.log.statemachine.data.sync.timeout.retry = -1 (default)
2022-01-20 14:18:18,410 [1614213d-f914-440d-b8eb-f10be6afcbc1@group-8CC7416827F1-StateMachineUpdater] INFO  safemode.HealthyPipelineSafeModeRule (HealthyPipelineSafeModeRule.java:initializeRule(152)) - Refreshed total pipeline count is 0, healthy pipeline threshold count is 1
2022-01-20 14:18:18,411 [EventQueue-PipelineReportForPipelineReportHandler] INFO  ha.SCMHAInvocationHandler (SCMHAInvocationHandler.java:invokeRatis(113)) - Invoking method public abstract void org.apache.hadoop.hdds.scm.pipeline.PipelineStateManager.updatePipelineState(org.apache.hadoop.hdds.protocol.proto.HddsProtos$PipelineID,org.apache.hadoop.hdds.protocol.proto.HddsProtos$PipelineState) throws java.io.IOException on target org.apache.hadoop.hdds.scm.ha.SCMRatisServerImpl@2589c416, cost 2034.316us
2022-01-20 14:18:18,411 [EventQueue-OpenPipelineForHealthyPipelineSafeModeRule] INFO  safemode.SCMSafeModeManager (HealthyPipelineSafeModeRule.java:process(124)) - SCM in safe mode. Healthy pipelines reported count is 0, required healthy pipeline reported count is 1
2022-01-20 14:18:18,411 [pool-419-thread-1] INFO  server.RaftServerConfigKeys (ConfUtils.java:logGet(44)) - raft.server.log.write.buffer.size = 1048576 (custom)
2022-01-20 14:18:18,417 [pool-419-thread-1] INFO  server.RaftServerConfigKeys (ConfUtils.java:logGet(44)) - raft.server.log.statemachine.data.caching.enabled = true (custom)
2022-01-20 14:18:18,418 [pool-419-thread-1] INFO  segmented.SegmentedRaftLogWorker (SegmentedRaftLogWorker.java:lambda$new$0(133)) - c842222a-b1c3-47cd-9e78-3481338af40d@group-D3BE8673A19F-SegmentedRaftLogWorker: flushIndex: setUnconditionally 0 -> -1
2022-01-20 14:18:18,419 [pool-419-thread-1] INFO  segmented.SegmentedRaftLogWorker (SegmentedRaftLogWorker.java:lambda$new$0(133)) - c842222a-b1c3-47cd-9e78-3481338af40d@group-D3BE8673A19F-SegmentedRaftLogWorker: safeCacheEvictIndex: setUnconditionally 0 -> -1
2022-01-20 14:18:18,429 [pool-419-thread-1] INFO  server.RaftServerConfigKeys (ConfUtils.java:logGet(44)) - raft.server.snapshot.auto.trigger.enabled = true (custom)
2022-01-20 14:18:18,429 [pool-419-thread-1] INFO  server.RaftServerConfigKeys (ConfUtils.java:logGet(44)) - raft.server.snapshot.auto.trigger.threshold = 10000 (custom)
2022-01-20 14:18:18,429 [pool-419-thread-1] INFO  server.RaftServerConfigKeys (ConfUtils.java:logGet(44)) - raft.server.snapshot.retention.file.num = 5 (custom)
2022-01-20 14:18:18,429 [pool-419-thread-1] INFO  server.RaftServerConfigKeys (ConfUtils.java:logGet(44)) - raft.server.log.purge.upto.snapshot.index = false (default)
2022-01-20 14:18:18,429 [pool-419-thread-1] INFO  server.RaftServerConfigKeys (ConfUtils.java:logGet(44)) - raft.server.retrycache.expirytime = 600000ms (custom)
2022-01-20 14:18:18,429 [pool-419-thread-1] INFO  server.RaftServerConfigKeys (ConfUtils.java:logGet(44)) - raft.server.retrycache.statistics.expirytime = 100μs (default)
2022-01-20 14:18:18,430 [pool-419-thread-1] INFO  server.RaftServer$Division (RaftServerImpl.java:start(301)) - c842222a-b1c3-47cd-9e78-3481338af40d@group-D3BE8673A19F: start as a follower, conf=-1: [c842222a-b1c3-47cd-9e78-3481338af40d|rpc:10.1.0.33:44871|priority:1], old=null
2022-01-20 14:18:18,430 [pool-419-thread-1] INFO  server.RaftServer$Division (RaftServerImpl.java:setRole(290)) - c842222a-b1c3-47cd-9e78-3481338af40d@group-D3BE8673A19F: changes role from      null to FOLLOWER at term 0 for startAsFollower
2022-01-20 14:18:18,430 [pool-419-thread-1] INFO  impl.RoleInfo (RoleInfo.java:updateAndGet(130)) - c842222a-b1c3-47cd-9e78-3481338af40d: start c842222a-b1c3-47cd-9e78-3481338af40d@group-D3BE8673A19F-FollowerState
2022-01-20 14:18:18,438 [pool-419-thread-1] INFO  util.JmxRegister (JmxRegister.java:tryRegister(44)) - Successfully registered JMX Bean with object name Ratis:service=RaftServer,group=group-D3BE8673A19F,id=c842222a-b1c3-47cd-9e78-3481338af40d
2022-01-20 14:18:18,439 [Command processor thread] INFO  ratis.XceiverServerRatis (XceiverServerRatis.java:addGroup(768)) - Created group PipelineID=e7b886a4-2207-456a-858e-d3be8673a19f
2022-01-20 14:18:18,439 [Command processor thread] INFO  commandhandler.CreatePipelineCommandHandler (CreatePipelineCommandHandler.java:handle(106)) - Created Pipeline RATIS ONE PipelineID=e7b886a4-2207-456a-858e-d3be8673a19f.
2022-01-20 14:18:19,074 [Listener at 127.0.0.1/36805] INFO  ozone.MiniOzoneClusterImpl (MiniOzoneClusterImpl.java:lambda$waitForClusterToBeReady$0(219)) - Nodes are ready. Got 9 of 9 DN Heartbeats.
2022-01-20 14:18:19,074 [Listener at 127.0.0.1/36805] INFO  ozone.MiniOzoneClusterImpl (MiniOzoneClusterImpl.java:lambda$waitForClusterToBeReady$0(222)) - Waiting for cluster to exit safe mode
2022-01-20 14:18:19,074 [Listener at 127.0.0.1/36805] INFO  ozone.MiniOzoneClusterImpl (MiniOzoneClusterImpl.java:lambda$waitForClusterToBeReady$0(224)) - SCM became leader
2022-01-20 14:18:19,124 [Command processor thread] INFO  server.RaftServer (RaftServerProxy.java:addNew(95)) - 974883c6-3444-443e-b406-2e7f57ab6e46: addNew group-14235F1030F3:[974883c6-3444-443e-b406-2e7f57ab6e46|rpc:10.1.0.33:43877|priority:1] returns group-14235F1030F3:java.util.concurrent.CompletableFuture@79a0c23[Not completed]
2022-01-20 14:18:19,125 [pool-440-thread-1] INFO  server.RaftServer$Division (RaftServerImpl.java:<init>(184)) - 974883c6-3444-443e-b406-2e7f57ab6e46: new RaftServerImpl for group-14235F1030F3:[974883c6-3444-443e-b406-2e7f57ab6e46|rpc:10.1.0.33:43877|priority:1] with ContainerStateMachine:uninitialized
2022-01-20 14:18:19,125 [pool-440-thread-1] INFO  server.RaftServerConfigKeys (ConfUtils.java:logGet(44)) - raft.server.rpc.timeout.min = 5s (custom)
2022-01-20 14:18:19,125 [pool-440-thread-1] INFO  server.RaftServerConfigKeys (ConfUtils.java:logGet(44)) - raft.server.rpc.timeout.max = 5200ms (custom)
2022-01-20 14:18:19,125 [pool-440-thread-1] INFO  server.RaftServerConfigKeys (ConfUtils.java:logGet(44)) - raft.server.rpc.sleep.time = 25ms (default)
2022-01-20 14:18:19,126 [pool-440-thread-1] INFO  server.RaftServerConfigKeys (ConfUtils.java:logGet(44)) - raft.server.rpc.slowness.timeout = 300000ms (custom)
2022-01-20 14:18:19,126 [pool-440-thread-1] INFO  server.RaftServerConfigKeys (ConfUtils.java:logGet(44)) - raft.server.leaderelection.leader.step-down.wait-time = 10s (default)
2022-01-20 14:18:19,126 [pool-440-thread-1] INFO  server.RaftServerConfigKeys (ConfUtils.java:logGet(44)) - raft.server.sleep.deviation.threshold = 300ms (default)
2022-01-20 14:18:19,126 [pool-440-thread-1] INFO  server.RaftServerConfigKeys (ConfUtils.java:logGet(44)) - raft.server.log.appender.install.snapshot.enabled = false (custom)
2022-01-20 14:18:19,126 [pool-440-thread-1] INFO  server.RaftServer$Division (ServerState.java:<init>(105)) - 974883c6-3444-443e-b406-2e7f57ab6e46@group-14235F1030F3: ConfigurationManager, init=-1: [974883c6-3444-443e-b406-2e7f57ab6e46|rpc:10.1.0.33:43877|priority:1], old=null, confs=<EMPTY_MAP>
2022-01-20 14:18:19,126 [pool-440-thread-1] INFO  server.RaftServerConfigKeys (ConfUtils.java:logGet(44)) - raft.server.storage.dir = [/home/runner/work/ozone/ozone/hadoop-ozone/integration-test/target/test-dir/MiniOzoneClusterImpl-f1e7e660-ec45-4ef3-9198-8cc7416827f1/datanode-5/data/ratis] (custom)
2022-01-20 14:18:19,126 [pool-440-thread-1] INFO  server.RaftServerConfigKeys (ConfUtils.java:logGet(44)) - raft.server.log.corruption.policy = EXCEPTION (default)
2022-01-20 14:18:19,126 [pool-440-thread-1] INFO  server.RaftServerConfigKeys (ConfUtils.java:logGet(44)) - raft.server.storage.free-space.min = 0MB (=0) (default)
2022-01-20 14:18:19,126 [pool-440-thread-1] INFO  storage.RaftStorageDirectory (RaftStorageDirectoryImpl.java:analyzeStorage(135)) - The storage directory /home/runner/work/ozone/ozone/hadoop-ozone/integration-test/target/test-dir/MiniOzoneClusterImpl-f1e7e660-ec45-4ef3-9198-8cc7416827f1/datanode-5/data/ratis/92656fac-f080-441f-980a-14235f1030f3 does not exist. Creating ...
2022-01-20 14:18:19,128 [pool-440-thread-1] INFO  storage.RaftStorageDirectory (RaftStorageDirectoryImpl.java:tryLock(230)) - Lock on /home/runner/work/ozone/ozone/hadoop-ozone/integration-test/target/test-dir/MiniOzoneClusterImpl-f1e7e660-ec45-4ef3-9198-8cc7416827f1/datanode-5/data/ratis/92656fac-f080-441f-980a-14235f1030f3/in_use.lock acquired by nodename 2019@fv-az294-522
2022-01-20 14:18:19,130 [pool-440-thread-1] INFO  storage.RaftStorage (RaftStorageImpl.java:format(89)) - Storage directory /home/runner/work/ozone/ozone/hadoop-ozone/integration-test/target/test-dir/MiniOzoneClusterImpl-f1e7e660-ec45-4ef3-9198-8cc7416827f1/datanode-5/data/ratis/92656fac-f080-441f-980a-14235f1030f3 has been successfully formatted.
2022-01-20 14:18:19,131 [pool-440-thread-1] INFO  ratis.ContainerStateMachine (ContainerStateMachine.java:loadSnapshot(231)) - group-14235F1030F3: The snapshot info is null. Setting the last applied indexto:(t:0, i:~)
2022-01-20 14:18:19,133 [EventQueue-PipelineReportForPipelineReportHandler] INFO  pipeline.PipelineManagerImpl (PipelineManagerImpl.java:openPipeline(291)) - Pipeline Pipeline[ Id: 92656fac-f080-441f-980a-14235f1030f3, Nodes: 974883c6-3444-443e-b406-2e7f57ab6e46{ip: 10.1.0.33, host: fv-az294-522.eaanfquahm5ulb5tj050gcxych.jx.internal.cloudapp.net, ports: [REPLICATION=33335, RATIS=43877, RATIS_ADMIN=43877, RATIS_SERVER=43877, STANDALONE=37259], networkLocation: /default-rack, certSerialId: null, persistedOpState: IN_SERVICE, persistedOpStateExpiryEpochSec: 0}, ReplicationConfig: RATIS/ONE, State:ALLOCATED, leaderId:974883c6-3444-443e-b406-2e7f57ab6e46, CreationTimestamp2022-01-20T14:18:16.146Z[Etc/UTC]] moved to OPEN state
2022-01-20 14:18:19,134 [1614213d-f914-440d-b8eb-f10be6afcbc1@group-8CC7416827F1-StateMachineUpdater] INFO  safemode.HealthyPipelineSafeModeRule (HealthyPipelineSafeModeRule.java:initializeRule(152)) - Refreshed total pipeline count is 0, healthy pipeline threshold count is 1
2022-01-20 14:18:19,135 [EventQueue-PipelineReportForPipelineReportHandler] INFO  ha.SCMHAInvocationHandler (SCMHAInvocationHandler.java:invokeRatis(113)) - Invoking method public abstract void org.apache.hadoop.hdds.scm.pipeline.PipelineStateManager.updatePipelineState(org.apache.hadoop.hdds.protocol.proto.HddsProtos$PipelineID,org.apache.hadoop.hdds.protocol.proto.HddsProtos$PipelineState) throws java.io.IOException on target org.apache.hadoop.hdds.scm.ha.SCMRatisServerImpl@2589c416, cost 2025.216us
2022-01-20 14:18:19,135 [EventQueue-OpenPipelineForHealthyPipelineSafeModeRule] INFO  safemode.SCMSafeModeManager (HealthyPipelineSafeModeRule.java:process(124)) - SCM in safe mode. Healthy pipelines reported count is 0, required healthy pipeline reported count is 1
2022-01-20 14:18:19,138 [pool-440-thread-1] INFO  server.RaftServerConfigKeys (ConfUtils.java:logGet(44)) - raft.server.notification.no-leader.timeout = 300000ms (custom)
2022-01-20 14:18:19,138 [pool-440-thread-1] INFO  server.RaftServerConfigKeys (ConfUtils.java:logGet(44)) - raft.server.log.use.memory = false (default)
2022-01-20 14:18:19,138 [pool-440-thread-1] INFO  server.RaftServerConfigKeys (ConfUtils.java:logGet(44)) - raft.server.log.purge.gap = 1000000 (custom)
2022-01-20 14:18:19,138 [pool-440-thread-1] INFO  server.RaftServerConfigKeys (ConfUtils.java:logGet(44)) - raft.server.log.appender.buffer.byte-limit = 33554432 (custom)
2022-01-20 14:18:19,138 [pool-440-thread-1] INFO  server.RaftServerConfigKeys (ConfUtils.java:logGet(44)) - raft.server.log.segment.size.max = 1048576 (custom)
2022-01-20 14:18:19,145 [pool-440-thread-1] INFO  server.RaftServerConfigKeys (ConfUtils.java:logGet(44)) - raft.server.log.segment.cache.num.max = 2 (custom)
2022-01-20 14:18:19,145 [pool-440-thread-1] INFO  server.RaftServerConfigKeys (ConfUtils.java:logGet(44)) - raft.server.log.segment.cache.size.max = 200MB (=209715200) (default)
2022-01-20 14:18:19,145 [pool-440-thread-1] INFO  segmented.SegmentedRaftLogWorker (SegmentedRaftLogWorker.java:<init>(182)) - new 974883c6-3444-443e-b406-2e7f57ab6e46@group-14235F1030F3-SegmentedRaftLogWorker for RaftStorageImpl:Storage Directory /home/runner/work/ozone/ozone/hadoop-ozone/integration-test/target/test-dir/MiniOzoneClusterImpl-f1e7e660-ec45-4ef3-9198-8cc7416827f1/datanode-5/data/ratis/92656fac-f080-441f-980a-14235f1030f3
2022-01-20 14:18:19,145 [pool-440-thread-1] INFO  server.RaftServerConfigKeys (ConfUtils.java:logGet(44)) - raft.server.log.queue.byte-limit = 2147483647 (custom)
2022-01-20 14:18:19,145 [pool-440-thread-1] INFO  server.RaftServerConfigKeys (ConfUtils.java:logGet(44)) - raft.server.log.queue.element-limit = 1024 (custom)
2022-01-20 14:18:19,145 [pool-440-thread-1] INFO  server.RaftServerConfigKeys (ConfUtils.java:logGet(44)) - raft.server.log.segment.size.max = 1048576 (custom)
2022-01-20 14:18:19,145 [pool-440-thread-1] INFO  server.RaftServerConfigKeys (ConfUtils.java:logGet(44)) - raft.server.log.preallocated.size = 16384 (custom)
2022-01-20 14:18:19,148 [pool-440-thread-1] INFO  server.RaftServerConfigKeys (ConfUtils.java:logGet(44)) - raft.server.log.force.sync.num = 128 (default)
2022-01-20 14:18:19,148 [pool-440-thread-1] INFO  server.RaftServerConfigKeys (ConfUtils.java:logGet(44)) - raft.server.log.statemachine.data.sync = true (default)
2022-01-20 14:18:19,148 [pool-440-thread-1] INFO  server.RaftServerConfigKeys (ConfUtils.java:logGet(44)) - raft.server.log.statemachine.data.sync.timeout = 10s (default)
2022-01-20 14:18:19,150 [pool-440-thread-1] INFO  server.RaftServerConfigKeys (ConfUtils.java:logGet(44)) - raft.server.log.statemachine.data.sync.timeout.retry = -1 (default)
2022-01-20 14:18:19,151 [pool-440-thread-1] INFO  server.RaftServerConfigKeys (ConfUtils.java:logGet(44)) - raft.server.log.write.buffer.size = 1048576 (custom)
2022-01-20 14:18:19,153 [pool-440-thread-1] INFO  server.RaftServerConfigKeys (ConfUtils.java:logGet(44)) - raft.server.log.statemachine.data.caching.enabled = true (custom)
2022-01-20 14:18:19,169 [pool-440-thread-1] INFO  segmented.SegmentedRaftLogWorker (SegmentedRaftLogWorker.java:lambda$new$0(133)) - 974883c6-3444-443e-b406-2e7f57ab6e46@group-14235F1030F3-SegmentedRaftLogWorker: flushIndex: setUnconditionally 0 -> -1
2022-01-20 14:18:19,171 [pool-440-thread-1] INFO  segmented.SegmentedRaftLogWorker (SegmentedRaftLogWorker.java:lambda$new$0(133)) - 974883c6-3444-443e-b406-2e7f57ab6e46@group-14235F1030F3-SegmentedRaftLogWorker: safeCacheEvictIndex: setUnconditionally 0 -> -1
2022-01-20 14:18:19,188 [pool-440-thread-1] INFO  server.RaftServerConfigKeys (ConfUtils.java:logGet(44)) - raft.server.snapshot.auto.trigger.enabled = true (custom)
2022-01-20 14:18:19,188 [pool-440-thread-1] INFO  server.RaftServerConfigKeys (ConfUtils.java:logGet(44)) - raft.server.snapshot.auto.trigger.threshold = 10000 (custom)
2022-01-20 14:18:19,188 [pool-440-thread-1] INFO  server.RaftServerConfigKeys (ConfUtils.java:logGet(44)) - raft.server.snapshot.retention.file.num = 5 (custom)
2022-01-20 14:18:19,188 [pool-440-thread-1] INFO  server.RaftServerConfigKeys (ConfUtils.java:logGet(44)) - raft.server.log.purge.upto.snapshot.index = false (default)
2022-01-20 14:18:19,188 [pool-440-thread-1] INFO  server.RaftServerConfigKeys (ConfUtils.java:logGet(44)) - raft.server.retrycache.expirytime = 600000ms (custom)
2022-01-20 14:18:19,188 [pool-440-thread-1] INFO  server.RaftServerConfigKeys (ConfUtils.java:logGet(44)) - raft.server.retrycache.statistics.expirytime = 100μs (default)
2022-01-20 14:18:19,190 [pool-440-thread-1] INFO  server.RaftServer$Division (RaftServerImpl.java:start(301)) - 974883c6-3444-443e-b406-2e7f57ab6e46@group-14235F1030F3: start as a follower, conf=-1: [974883c6-3444-443e-b406-2e7f57ab6e46|rpc:10.1.0.33:43877|priority:1], old=null
2022-01-20 14:18:19,190 [pool-440-thread-1] INFO  server.RaftServer$Division (RaftServerImpl.java:setRole(290)) - 974883c6-3444-443e-b406-2e7f57ab6e46@group-14235F1030F3: changes role from      null to FOLLOWER at term 0 for startAsFollower
2022-01-20 14:18:19,190 [pool-440-thread-1] INFO  impl.RoleInfo (RoleInfo.java:updateAndGet(130)) - 974883c6-3444-443e-b406-2e7f57ab6e46: start 974883c6-3444-443e-b406-2e7f57ab6e46@group-14235F1030F3-FollowerState
2022-01-20 14:18:19,196 [pool-440-thread-1] INFO  util.JmxRegister (JmxRegister.java:tryRegister(44)) - Successfully registered JMX Bean with object name Ratis:service=RaftServer,group=group-14235F1030F3,id=974883c6-3444-443e-b406-2e7f57ab6e46
2022-01-20 14:18:19,200 [Command processor thread] INFO  ratis.XceiverServerRatis (XceiverServerRatis.java:addGroup(768)) - Created group PipelineID=92656fac-f080-441f-980a-14235f1030f3
2022-01-20 14:18:19,200 [Command processor thread] INFO  commandhandler.CreatePipelineCommandHandler (CreatePipelineCommandHandler.java:handle(106)) - Created Pipeline RATIS ONE PipelineID=92656fac-f080-441f-980a-14235f1030f3.
2022-01-20 14:18:20,010 [Command processor thread] INFO  server.RaftServer (RaftServerProxy.java:addNew(95)) - f5002eb4-ff35-49a0-88dd-354658843fe1: addNew group-8C279CB31BB9:[f5002eb4-ff35-49a0-88dd-354658843fe1|rpc:10.1.0.33:43929|priority:1] returns group-8C279CB31BB9:java.util.concurrent.CompletableFuture@20180ef0[Not completed]
2022-01-20 14:18:20,019 [pool-461-thread-1] INFO  server.RaftServer$Division (RaftServerImpl.java:<init>(184)) - f5002eb4-ff35-49a0-88dd-354658843fe1: new RaftServerImpl for group-8C279CB31BB9:[f5002eb4-ff35-49a0-88dd-354658843fe1|rpc:10.1.0.33:43929|priority:1] with ContainerStateMachine:uninitialized
2022-01-20 14:18:20,019 [pool-461-thread-1] INFO  server.RaftServerConfigKeys (ConfUtils.java:logGet(44)) - raft.server.rpc.timeout.min = 5s (custom)
2022-01-20 14:18:20,020 [pool-461-thread-1] INFO  server.RaftServerConfigKeys (ConfUtils.java:logGet(44)) - raft.server.rpc.timeout.max = 5200ms (custom)
2022-01-20 14:18:20,020 [pool-461-thread-1] INFO  server.RaftServerConfigKeys (ConfUtils.java:logGet(44)) - raft.server.rpc.sleep.time = 25ms (default)
2022-01-20 14:18:20,020 [pool-461-thread-1] INFO  server.RaftServerConfigKeys (ConfUtils.java:logGet(44)) - raft.server.rpc.slowness.timeout = 300000ms (custom)
2022-01-20 14:18:20,020 [pool-461-thread-1] INFO  server.RaftServerConfigKeys (ConfUtils.java:logGet(44)) - raft.server.leaderelection.leader.step-down.wait-time = 10s (default)
2022-01-20 14:18:20,020 [pool-461-thread-1] INFO  server.RaftServerConfigKeys (ConfUtils.java:logGet(44)) - raft.server.sleep.deviation.threshold = 300ms (default)
2022-01-20 14:18:20,020 [pool-461-thread-1] INFO  server.RaftServerConfigKeys (ConfUtils.java:logGet(44)) - raft.server.log.appender.install.snapshot.enabled = false (custom)
2022-01-20 14:18:20,020 [pool-461-thread-1] INFO  server.RaftServer$Division (ServerState.java:<init>(105)) - f5002eb4-ff35-49a0-88dd-354658843fe1@group-8C279CB31BB9: ConfigurationManager, init=-1: [f5002eb4-ff35-49a0-88dd-354658843fe1|rpc:10.1.0.33:43929|priority:1], old=null, confs=<EMPTY_MAP>
2022-01-20 14:18:20,020 [pool-461-thread-1] INFO  server.RaftServerConfigKeys (ConfUtils.java:logGet(44)) - raft.server.storage.dir = [/home/runner/work/ozone/ozone/hadoop-ozone/integration-test/target/test-dir/MiniOzoneClusterImpl-f1e7e660-ec45-4ef3-9198-8cc7416827f1/datanode-6/data/ratis] (custom)
2022-01-20 14:18:20,020 [pool-461-thread-1] INFO  server.RaftServerConfigKeys (ConfUtils.java:logGet(44)) - raft.server.log.corruption.policy = EXCEPTION (default)
2022-01-20 14:18:20,020 [pool-461-thread-1] INFO  server.RaftServerConfigKeys (ConfUtils.java:logGet(44)) - raft.server.storage.free-space.min = 0MB (=0) (default)
2022-01-20 14:18:20,021 [pool-461-thread-1] INFO  storage.RaftStorageDirectory (RaftStorageDirectoryImpl.java:analyzeStorage(135)) - The storage directory /home/runner/work/ozone/ozone/hadoop-ozone/integration-test/target/test-dir/MiniOzoneClusterImpl-f1e7e660-ec45-4ef3-9198-8cc7416827f1/datanode-6/data/ratis/4497592a-db2f-4d73-b84e-8c279cb31bb9 does not exist. Creating ...
2022-01-20 14:18:20,031 [pool-461-thread-1] INFO  storage.RaftStorageDirectory (RaftStorageDirectoryImpl.java:tryLock(230)) - Lock on /home/runner/work/ozone/ozone/hadoop-ozone/integration-test/target/test-dir/MiniOzoneClusterImpl-f1e7e660-ec45-4ef3-9198-8cc7416827f1/datanode-6/data/ratis/4497592a-db2f-4d73-b84e-8c279cb31bb9/in_use.lock acquired by nodename 2019@fv-az294-522
2022-01-20 14:18:20,045 [pool-461-thread-1] INFO  storage.RaftStorage (RaftStorageImpl.java:format(89)) - Storage directory /home/runner/work/ozone/ozone/hadoop-ozone/integration-test/target/test-dir/MiniOzoneClusterImpl-f1e7e660-ec45-4ef3-9198-8cc7416827f1/datanode-6/data/ratis/4497592a-db2f-4d73-b84e-8c279cb31bb9 has been successfully formatted.
2022-01-20 14:18:20,049 [pool-461-thread-1] INFO  ratis.ContainerStateMachine (ContainerStateMachine.java:loadSnapshot(231)) - group-8C279CB31BB9: The snapshot info is null. Setting the last applied indexto:(t:0, i:~)
2022-01-20 14:18:20,049 [pool-461-thread-1] INFO  server.RaftServerConfigKeys (ConfUtils.java:logGet(44)) - raft.server.notification.no-leader.timeout = 300000ms (custom)
2022-01-20 14:18:20,049 [pool-461-thread-1] INFO  server.RaftServerConfigKeys (ConfUtils.java:logGet(44)) - raft.server.log.use.memory = false (default)
2022-01-20 14:18:20,049 [pool-461-thread-1] INFO  server.RaftServerConfigKeys (ConfUtils.java:logGet(44)) - raft.server.log.purge.gap = 1000000 (custom)
2022-01-20 14:18:20,049 [pool-461-thread-1] INFO  server.RaftServerConfigKeys (ConfUtils.java:logGet(44)) - raft.server.log.appender.buffer.byte-limit = 33554432 (custom)
2022-01-20 14:18:20,050 [EventQueue-PipelineReportForPipelineReportHandler] INFO  pipeline.PipelineManagerImpl (PipelineManagerImpl.java:openPipeline(291)) - Pipeline Pipeline[ Id: 4497592a-db2f-4d73-b84e-8c279cb31bb9, Nodes: f5002eb4-ff35-49a0-88dd-354658843fe1{ip: 10.1.0.33, host: fv-az294-522.eaanfquahm5ulb5tj050gcxych.jx.internal.cloudapp.net, ports: [REPLICATION=45365, RATIS=43929, RATIS_ADMIN=43929, RATIS_SERVER=43929, STANDALONE=40157], networkLocation: /default-rack, certSerialId: null, persistedOpState: IN_SERVICE, persistedOpStateExpiryEpochSec: 0}, ReplicationConfig: RATIS/ONE, State:ALLOCATED, leaderId:f5002eb4-ff35-49a0-88dd-354658843fe1, CreationTimestamp2022-01-20T14:18:17.029Z[Etc/UTC]] moved to OPEN state
2022-01-20 14:18:20,051 [pool-461-thread-1] INFO  server.RaftServerConfigKeys (ConfUtils.java:logGet(44)) - raft.server.log.segment.size.max = 1048576 (custom)
2022-01-20 14:18:20,052 [1614213d-f914-440d-b8eb-f10be6afcbc1@group-8CC7416827F1-StateMachineUpdater] INFO  safemode.HealthyPipelineSafeModeRule (HealthyPipelineSafeModeRule.java:initializeRule(152)) - Refreshed total pipeline count is 0, healthy pipeline threshold count is 1
2022-01-20 14:18:20,053 [EventQueue-PipelineReportForPipelineReportHandler] INFO  ha.SCMHAInvocationHandler (SCMHAInvocationHandler.java:invokeRatis(113)) - Invoking method public abstract void org.apache.hadoop.hdds.scm.pipeline.PipelineStateManager.updatePipelineState(org.apache.hadoop.hdds.protocol.proto.HddsProtos$PipelineID,org.apache.hadoop.hdds.protocol.proto.HddsProtos$PipelineState) throws java.io.IOException on target org.apache.hadoop.hdds.scm.ha.SCMRatisServerImpl@2589c416, cost 2947.823us
2022-01-20 14:18:20,053 [EventQueue-OpenPipelineForHealthyPipelineSafeModeRule] INFO  safemode.SCMSafeModeManager (HealthyPipelineSafeModeRule.java:process(124)) - SCM in safe mode. Healthy pipelines reported count is 0, required healthy pipeline reported count is 1
2022-01-20 14:18:20,053 [pool-461-thread-1] INFO  server.RaftServerConfigKeys (ConfUtils.java:logGet(44)) - raft.server.log.segment.cache.num.max = 2 (custom)
2022-01-20 14:18:20,054 [pool-461-thread-1] INFO  server.RaftServerConfigKeys (ConfUtils.java:logGet(44)) - raft.server.log.segment.cache.size.max = 200MB (=209715200) (default)
2022-01-20 14:18:20,054 [pool-461-thread-1] INFO  segmented.SegmentedRaftLogWorker (SegmentedRaftLogWorker.java:<init>(182)) - new f5002eb4-ff35-49a0-88dd-354658843fe1@group-8C279CB31BB9-SegmentedRaftLogWorker for RaftStorageImpl:Storage Directory /home/runner/work/ozone/ozone/hadoop-ozone/integration-test/target/test-dir/MiniOzoneClusterImpl-f1e7e660-ec45-4ef3-9198-8cc7416827f1/datanode-6/data/ratis/4497592a-db2f-4d73-b84e-8c279cb31bb9
2022-01-20 14:18:20,054 [pool-461-thread-1] INFO  server.RaftServerConfigKeys (ConfUtils.java:logGet(44)) - raft.server.log.queue.byte-limit = 2147483647 (custom)
2022-01-20 14:18:20,054 [pool-461-thread-1] INFO  server.RaftServerConfigKeys (ConfUtils.java:logGet(44)) - raft.server.log.queue.element-limit = 1024 (custom)
2022-01-20 14:18:20,054 [pool-461-thread-1] INFO  server.RaftServerConfigKeys (ConfUtils.java:logGet(44)) - raft.server.log.segment.size.max = 1048576 (custom)
2022-01-20 14:18:20,054 [pool-461-thread-1] INFO  server.RaftServerConfigKeys (ConfUtils.java:logGet(44)) - raft.server.log.preallocated.size = 16384 (custom)
2022-01-20 14:18:20,054 [pool-461-thread-1] INFO  server.RaftServerConfigKeys (ConfUtils.java:logGet(44)) - raft.server.log.force.sync.num = 128 (default)
2022-01-20 14:18:20,054 [pool-461-thread-1] INFO  server.RaftServerConfigKeys (ConfUtils.java:logGet(44)) - raft.server.log.statemachine.data.sync = true (default)
2022-01-20 14:18:20,054 [pool-461-thread-1] INFO  server.RaftServerConfigKeys (ConfUtils.java:logGet(44)) - raft.server.log.statemachine.data.sync.timeout = 10s (default)
2022-01-20 14:18:20,054 [pool-461-thread-1] INFO  server.RaftServerConfigKeys (ConfUtils.java:logGet(44)) - raft.server.log.statemachine.data.sync.timeout.retry = -1 (default)
2022-01-20 14:18:20,055 [pool-461-thread-1] INFO  server.RaftServerConfigKeys (ConfUtils.java:logGet(44)) - raft.server.log.write.buffer.size = 1048576 (custom)
2022-01-20 14:18:20,056 [pool-461-thread-1] INFO  server.RaftServerConfigKeys (ConfUtils.java:logGet(44)) - raft.server.log.statemachine.data.caching.enabled = true (custom)
2022-01-20 14:18:20,056 [pool-461-thread-1] INFO  segmented.SegmentedRaftLogWorker (SegmentedRaftLogWorker.java:lambda$new$0(133)) - f5002eb4-ff35-49a0-88dd-354658843fe1@group-8C279CB31BB9-SegmentedRaftLogWorker: flushIndex: setUnconditionally 0 -> -1
2022-01-20 14:18:20,056 [pool-461-thread-1] INFO  segmented.SegmentedRaftLogWorker (SegmentedRaftLogWorker.java:lambda$new$0(133)) - f5002eb4-ff35-49a0-88dd-354658843fe1@group-8C279CB31BB9-SegmentedRaftLogWorker: safeCacheEvictIndex: setUnconditionally 0 -> -1
2022-01-20 14:18:20,056 [pool-461-thread-1] INFO  server.RaftServerConfigKeys (ConfUtils.java:logGet(44)) - raft.server.snapshot.auto.trigger.enabled = true (custom)
2022-01-20 14:18:20,056 [pool-461-thread-1] INFO  server.RaftServerConfigKeys (ConfUtils.java:logGet(44)) - raft.server.snapshot.auto.trigger.threshold = 10000 (custom)
2022-01-20 14:18:20,057 [pool-461-thread-1] INFO  server.RaftServerConfigKeys (ConfUtils.java:logGet(44)) - raft.server.snapshot.retention.file.num = 5 (custom)
2022-01-20 14:18:20,057 [pool-461-thread-1] INFO  server.RaftServerConfigKeys (ConfUtils.java:logGet(44)) - raft.server.log.purge.upto.snapshot.index = false (default)
2022-01-20 14:18:20,057 [pool-461-thread-1] INFO  server.RaftServerConfigKeys (ConfUtils.java:logGet(44)) - raft.server.retrycache.expirytime = 600000ms (custom)
2022-01-20 14:18:20,057 [pool-461-thread-1] INFO  server.RaftServerConfigKeys (ConfUtils.java:logGet(44)) - raft.server.retrycache.statistics.expirytime = 100μs (default)
2022-01-20 14:18:20,058 [pool-461-thread-1] INFO  server.RaftServer$Division (RaftServerImpl.java:start(301)) - f5002eb4-ff35-49a0-88dd-354658843fe1@group-8C279CB31BB9: start as a follower, conf=-1: [f5002eb4-ff35-49a0-88dd-354658843fe1|rpc:10.1.0.33:43929|priority:1], old=null
2022-01-20 14:18:20,058 [pool-461-thread-1] INFO  server.RaftServer$Division (RaftServerImpl.java:setRole(290)) - f5002eb4-ff35-49a0-88dd-354658843fe1@group-8C279CB31BB9: changes role from      null to FOLLOWER at term 0 for startAsFollower
2022-01-20 14:18:20,058 [pool-461-thread-1] INFO  impl.RoleInfo (RoleInfo.java:updateAndGet(130)) - f5002eb4-ff35-49a0-88dd-354658843fe1: start f5002eb4-ff35-49a0-88dd-354658843fe1@group-8C279CB31BB9-FollowerState
2022-01-20 14:18:20,059 [pool-461-thread-1] INFO  util.JmxRegister (JmxRegister.java:tryRegister(44)) - Successfully registered JMX Bean with object name Ratis:service=RaftServer,group=group-8C279CB31BB9,id=f5002eb4-ff35-49a0-88dd-354658843fe1
2022-01-20 14:18:20,060 [Command processor thread] INFO  ratis.XceiverServerRatis (XceiverServerRatis.java:addGroup(768)) - Created group PipelineID=4497592a-db2f-4d73-b84e-8c279cb31bb9
2022-01-20 14:18:20,060 [Command processor thread] INFO  commandhandler.CreatePipelineCommandHandler (CreatePipelineCommandHandler.java:handle(106)) - Created Pipeline RATIS ONE PipelineID=4497592a-db2f-4d73-b84e-8c279cb31bb9.
2022-01-20 14:18:20,064 [Command processor thread] INFO  server.RaftServer (RaftServerProxy.java:addNew(95)) - f5002eb4-ff35-49a0-88dd-354658843fe1: addNew group-C5373BE6AB5E:[3934de01-e9c2-42ef-9a8f-f9cad9f9a13a|rpc:10.1.0.33:40989|priority:0, d2de7c60-b86f-4a06-91d9-365eb56e12df|rpc:10.1.0.33:36843|priority:1, f5002eb4-ff35-49a0-88dd-354658843fe1|rpc:10.1.0.33:43929|priority:0] returns group-C5373BE6AB5E:java.util.concurrent.CompletableFuture@24279e2b[Not completed]
2022-01-20 14:18:20,065 [pool-461-thread-1] INFO  server.RaftServer$Division (RaftServerImpl.java:<init>(184)) - f5002eb4-ff35-49a0-88dd-354658843fe1: new RaftServerImpl for group-C5373BE6AB5E:[3934de01-e9c2-42ef-9a8f-f9cad9f9a13a|rpc:10.1.0.33:40989|priority:0, d2de7c60-b86f-4a06-91d9-365eb56e12df|rpc:10.1.0.33:36843|priority:1, f5002eb4-ff35-49a0-88dd-354658843fe1|rpc:10.1.0.33:43929|priority:0] with ContainerStateMachine:uninitialized
2022-01-20 14:18:20,065 [pool-461-thread-1] INFO  server.RaftServerConfigKeys (ConfUtils.java:logGet(44)) - raft.server.rpc.timeout.min = 5s (custom)
2022-01-20 14:18:20,065 [pool-461-thread-1] INFO  server.RaftServerConfigKeys (ConfUtils.java:logGet(44)) - raft.server.rpc.timeout.max = 5200ms (custom)
2022-01-20 14:18:20,065 [pool-461-thread-1] INFO  server.RaftServerConfigKeys (ConfUtils.java:logGet(44)) - raft.server.rpc.sleep.time = 25ms (default)
2022-01-20 14:18:20,065 [pool-461-thread-1] INFO  server.RaftServerConfigKeys (ConfUtils.java:logGet(44)) - raft.server.rpc.slowness.timeout = 300000ms (custom)
2022-01-20 14:18:20,065 [pool-461-thread-1] INFO  server.RaftServerConfigKeys (ConfUtils.java:logGet(44)) - raft.server.leaderelection.leader.step-down.wait-time = 10s (default)
2022-01-20 14:18:20,065 [pool-461-thread-1] INFO  server.RaftServerConfigKeys (ConfUtils.java:logGet(44)) - raft.server.sleep.deviation.threshold = 300ms (default)
2022-01-20 14:18:20,065 [pool-461-thread-1] INFO  server.RaftServerConfigKeys (ConfUtils.java:logGet(44)) - raft.server.log.appender.install.snapshot.enabled = false (custom)
2022-01-20 14:18:20,065 [pool-461-thread-1] INFO  server.RaftServer$Division (ServerState.java:<init>(105)) - f5002eb4-ff35-49a0-88dd-354658843fe1@group-C5373BE6AB5E: ConfigurationManager, init=-1: [3934de01-e9c2-42ef-9a8f-f9cad9f9a13a|rpc:10.1.0.33:40989|priority:0, d2de7c60-b86f-4a06-91d9-365eb56e12df|rpc:10.1.0.33:36843|priority:1, f5002eb4-ff35-49a0-88dd-354658843fe1|rpc:10.1.0.33:43929|priority:0], old=null, confs=<EMPTY_MAP>
2022-01-20 14:18:20,065 [pool-461-thread-1] INFO  server.RaftServerConfigKeys (ConfUtils.java:logGet(44)) - raft.server.storage.dir = [/home/runner/work/ozone/ozone/hadoop-ozone/integration-test/target/test-dir/MiniOzoneClusterImpl-f1e7e660-ec45-4ef3-9198-8cc7416827f1/datanode-6/data/ratis] (custom)
2022-01-20 14:18:20,065 [pool-461-thread-1] INFO  server.RaftServerConfigKeys (ConfUtils.java:logGet(44)) - raft.server.log.corruption.policy = EXCEPTION (default)
2022-01-20 14:18:20,065 [pool-461-thread-1] INFO  server.RaftServerConfigKeys (ConfUtils.java:logGet(44)) - raft.server.storage.free-space.min = 0MB (=0) (default)
2022-01-20 14:18:20,065 [pool-461-thread-1] INFO  storage.RaftStorageDirectory (RaftStorageDirectoryImpl.java:analyzeStorage(135)) - The storage directory /home/runner/work/ozone/ozone/hadoop-ozone/integration-test/target/test-dir/MiniOzoneClusterImpl-f1e7e660-ec45-4ef3-9198-8cc7416827f1/datanode-6/data/ratis/598beb70-5354-4269-a931-c5373be6ab5e does not exist. Creating ...
2022-01-20 14:18:20,066 [pool-461-thread-1] INFO  storage.RaftStorageDirectory (RaftStorageDirectoryImpl.java:tryLock(230)) - Lock on /home/runner/work/ozone/ozone/hadoop-ozone/integration-test/target/test-dir/MiniOzoneClusterImpl-f1e7e660-ec45-4ef3-9198-8cc7416827f1/datanode-6/data/ratis/598beb70-5354-4269-a931-c5373be6ab5e/in_use.lock acquired by nodename 2019@fv-az294-522
2022-01-20 14:18:20,072 [pool-461-thread-1] INFO  storage.RaftStorage (RaftStorageImpl.java:format(89)) - Storage directory /home/runner/work/ozone/ozone/hadoop-ozone/integration-test/target/test-dir/MiniOzoneClusterImpl-f1e7e660-ec45-4ef3-9198-8cc7416827f1/datanode-6/data/ratis/598beb70-5354-4269-a931-c5373be6ab5e has been successfully formatted.
2022-01-20 14:18:20,077 [Listener at 127.0.0.1/36805] INFO  ozone.MiniOzoneClusterImpl (MiniOzoneClusterImpl.java:lambda$waitForClusterToBeReady$0(219)) - Nodes are ready. Got 9 of 9 DN Heartbeats.
2022-01-20 14:18:20,077 [Listener at 127.0.0.1/36805] INFO  ozone.MiniOzoneClusterImpl (MiniOzoneClusterImpl.java:lambda$waitForClusterToBeReady$0(222)) - Waiting for cluster to exit safe mode
2022-01-20 14:18:20,077 [Listener at 127.0.0.1/36805] INFO  ozone.MiniOzoneClusterImpl (MiniOzoneClusterImpl.java:lambda$waitForClusterToBeReady$0(224)) - SCM became leader
2022-01-20 14:18:20,077 [pool-461-thread-1] INFO  ratis.ContainerStateMachine (ContainerStateMachine.java:loadSnapshot(231)) - group-C5373BE6AB5E: The snapshot info is null. Setting the last applied indexto:(t:0, i:~)
2022-01-20 14:18:20,085 [pool-461-thread-1] INFO  server.RaftServerConfigKeys (ConfUtils.java:logGet(44)) - raft.server.notification.no-leader.timeout = 300000ms (custom)
2022-01-20 14:18:20,085 [pool-461-thread-1] INFO  server.RaftServerConfigKeys (ConfUtils.java:logGet(44)) - raft.server.log.use.memory = false (default)
2022-01-20 14:18:20,085 [pool-461-thread-1] INFO  server.RaftServerConfigKeys (ConfUtils.java:logGet(44)) - raft.server.log.purge.gap = 1000000 (custom)
2022-01-20 14:18:20,085 [pool-461-thread-1] INFO  server.RaftServerConfigKeys (ConfUtils.java:logGet(44)) - raft.server.log.appender.buffer.byte-limit = 33554432 (custom)
2022-01-20 14:18:20,085 [pool-461-thread-1] INFO  server.RaftServerConfigKeys (ConfUtils.java:logGet(44)) - raft.server.log.segment.size.max = 1048576 (custom)
2022-01-20 14:18:20,086 [pool-461-thread-1] INFO  server.RaftServerConfigKeys (ConfUtils.java:logGet(44)) - raft.server.log.segment.cache.num.max = 2 (custom)
2022-01-20 14:18:20,086 [pool-461-thread-1] INFO  server.RaftServerConfigKeys (ConfUtils.java:logGet(44)) - raft.server.log.segment.cache.size.max = 200MB (=209715200) (default)
2022-01-20 14:18:20,086 [pool-461-thread-1] INFO  segmented.SegmentedRaftLogWorker (SegmentedRaftLogWorker.java:<init>(182)) - new f5002eb4-ff35-49a0-88dd-354658843fe1@group-C5373BE6AB5E-SegmentedRaftLogWorker for RaftStorageImpl:Storage Directory /home/runner/work/ozone/ozone/hadoop-ozone/integration-test/target/test-dir/MiniOzoneClusterImpl-f1e7e660-ec45-4ef3-9198-8cc7416827f1/datanode-6/data/ratis/598beb70-5354-4269-a931-c5373be6ab5e
2022-01-20 14:18:20,086 [pool-461-thread-1] INFO  server.RaftServerConfigKeys (ConfUtils.java:logGet(44)) - raft.server.log.queue.byte-limit = 2147483647 (custom)
2022-01-20 14:18:20,086 [pool-461-thread-1] INFO  server.RaftServerConfigKeys (ConfUtils.java:logGet(44)) - raft.server.log.queue.element-limit = 1024 (custom)
2022-01-20 14:18:20,086 [pool-461-thread-1] INFO  server.RaftServerConfigKeys (ConfUtils.java:logGet(44)) - raft.server.log.segment.size.max = 1048576 (custom)
2022-01-20 14:18:20,086 [pool-461-thread-1] INFO  server.RaftServerConfigKeys (ConfUtils.java:logGet(44)) - raft.server.log.preallocated.size = 16384 (custom)
2022-01-20 14:18:20,086 [pool-461-thread-1] INFO  server.RaftServerConfigKeys (ConfUtils.java:logGet(44)) - raft.server.log.force.sync.num = 128 (default)
2022-01-20 14:18:20,086 [pool-461-thread-1] INFO  server.RaftServerConfigKeys (ConfUtils.java:logGet(44)) - raft.server.log.statemachine.data.sync = true (default)
2022-01-20 14:18:20,086 [pool-461-thread-1] INFO  server.RaftServerConfigKeys (ConfUtils.java:logGet(44)) - raft.server.log.statemachine.data.sync.timeout = 10s (default)
2022-01-20 14:18:20,086 [pool-461-thread-1] INFO  server.RaftServerConfigKeys (ConfUtils.java:logGet(44)) - raft.server.log.statemachine.data.sync.timeout.retry = -1 (default)
2022-01-20 14:18:20,087 [pool-461-thread-1] INFO  server.RaftServerConfigKeys (ConfUtils.java:logGet(44)) - raft.server.log.write.buffer.size = 1048576 (custom)
2022-01-20 14:18:20,088 [pool-461-thread-1] INFO  server.RaftServerConfigKeys (ConfUtils.java:logGet(44)) - raft.server.log.statemachine.data.caching.enabled = true (custom)
2022-01-20 14:18:20,088 [pool-461-thread-1] INFO  segmented.SegmentedRaftLogWorker (SegmentedRaftLogWorker.java:lambda$new$0(133)) - f5002eb4-ff35-49a0-88dd-354658843fe1@group-C5373BE6AB5E-SegmentedRaftLogWorker: flushIndex: setUnconditionally 0 -> -1
2022-01-20 14:18:20,088 [pool-461-thread-1] INFO  segmented.SegmentedRaftLogWorker (SegmentedRaftLogWorker.java:lambda$new$0(133)) - f5002eb4-ff35-49a0-88dd-354658843fe1@group-C5373BE6AB5E-SegmentedRaftLogWorker: safeCacheEvictIndex: setUnconditionally 0 -> -1
2022-01-20 14:18:20,098 [EventQueue-OpenPipelineForHealthyPipelineSafeModeRule] INFO  safemode.SCMSafeModeManager (HealthyPipelineSafeModeRule.java:process(124)) - SCM in safe mode. Healthy pipelines reported count is 0, required healthy pipeline reported count is 1
2022-01-20 14:18:20,109 [pool-461-thread-1] INFO  server.RaftServerConfigKeys (ConfUtils.java:logGet(44)) - raft.server.snapshot.auto.trigger.enabled = true (custom)
2022-01-20 14:18:20,109 [pool-461-thread-1] INFO  server.RaftServerConfigKeys (ConfUtils.java:logGet(44)) - raft.server.snapshot.auto.trigger.threshold = 10000 (custom)
2022-01-20 14:18:20,109 [pool-461-thread-1] INFO  server.RaftServerConfigKeys (ConfUtils.java:logGet(44)) - raft.server.snapshot.retention.file.num = 5 (custom)
2022-01-20 14:18:20,109 [pool-461-thread-1] INFO  server.RaftServerConfigKeys (ConfUtils.java:logGet(44)) - raft.server.log.purge.upto.snapshot.index = false (default)
2022-01-20 14:18:20,109 [pool-461-thread-1] INFO  server.RaftServerConfigKeys (ConfUtils.java:logGet(44)) - raft.server.retrycache.expirytime = 600000ms (custom)
2022-01-20 14:18:20,109 [pool-461-thread-1] INFO  server.RaftServerConfigKeys (ConfUtils.java:logGet(44)) - raft.server.retrycache.statistics.expirytime = 100μs (default)
2022-01-20 14:18:20,110 [pool-461-thread-1] INFO  server.RaftServer$Division (RaftServerImpl.java:start(301)) - f5002eb4-ff35-49a0-88dd-354658843fe1@group-C5373BE6AB5E: start as a follower, conf=-1: [3934de01-e9c2-42ef-9a8f-f9cad9f9a13a|rpc:10.1.0.33:40989|priority:0, d2de7c60-b86f-4a06-91d9-365eb56e12df|rpc:10.1.0.33:36843|priority:1, f5002eb4-ff35-49a0-88dd-354658843fe1|rpc:10.1.0.33:43929|priority:0], old=null
2022-01-20 14:18:20,110 [pool-461-thread-1] INFO  server.RaftServer$Division (RaftServerImpl.java:setRole(290)) - f5002eb4-ff35-49a0-88dd-354658843fe1@group-C5373BE6AB5E: changes role from      null to FOLLOWER at term 0 for startAsFollower
2022-01-20 14:18:20,110 [pool-461-thread-1] INFO  impl.RoleInfo (RoleInfo.java:updateAndGet(130)) - f5002eb4-ff35-49a0-88dd-354658843fe1: start f5002eb4-ff35-49a0-88dd-354658843fe1@group-C5373BE6AB5E-FollowerState
2022-01-20 14:18:20,162 [pool-461-thread-1] INFO  util.JmxRegister (JmxRegister.java:tryRegister(44)) - Successfully registered JMX Bean with object name Ratis:service=RaftServer,group=group-C5373BE6AB5E,id=f5002eb4-ff35-49a0-88dd-354658843fe1
2022-01-20 14:18:20,163 [Command processor thread] INFO  ratis.XceiverServerRatis (XceiverServerRatis.java:addGroup(768)) - Created group PipelineID=598beb70-5354-4269-a931-c5373be6ab5e
2022-01-20 14:18:20,202 [grpc-default-executor-1] INFO  server.RaftServer (RaftServerProxy.java:addNew(95)) - 3934de01-e9c2-42ef-9a8f-f9cad9f9a13a: addNew group-C5373BE6AB5E:[3934de01-e9c2-42ef-9a8f-f9cad9f9a13a|rpc:10.1.0.33:40989|dataStream:|priority:0, d2de7c60-b86f-4a06-91d9-365eb56e12df|rpc:10.1.0.33:36843|dataStream:|priority:1, f5002eb4-ff35-49a0-88dd-354658843fe1|rpc:10.1.0.33:43929|dataStream:|priority:0] returns group-C5373BE6AB5E:java.util.concurrent.CompletableFuture@73ded6b4[Not completed]
2022-01-20 14:18:20,237 [pool-503-thread-1] INFO  server.RaftServer$Division (RaftServerImpl.java:<init>(184)) - 3934de01-e9c2-42ef-9a8f-f9cad9f9a13a: new RaftServerImpl for group-C5373BE6AB5E:[3934de01-e9c2-42ef-9a8f-f9cad9f9a13a|rpc:10.1.0.33:40989|dataStream:|priority:0, d2de7c60-b86f-4a06-91d9-365eb56e12df|rpc:10.1.0.33:36843|dataStream:|priority:1, f5002eb4-ff35-49a0-88dd-354658843fe1|rpc:10.1.0.33:43929|dataStream:|priority:0] with ContainerStateMachine:uninitialized
2022-01-20 14:18:20,244 [pool-503-thread-1] INFO  server.RaftServerConfigKeys (ConfUtils.java:logGet(44)) - raft.server.rpc.timeout.min = 5s (custom)
2022-01-20 14:18:20,246 [pool-503-thread-1] INFO  server.RaftServerConfigKeys (ConfUtils.java:logGet(44)) - raft.server.rpc.timeout.max = 5200ms (custom)
2022-01-20 14:18:20,246 [pool-503-thread-1] INFO  server.RaftServerConfigKeys (ConfUtils.java:logGet(44)) - raft.server.rpc.sleep.time = 25ms (default)
2022-01-20 14:18:20,246 [pool-503-thread-1] INFO  server.RaftServerConfigKeys (ConfUtils.java:logGet(44)) - raft.server.rpc.slowness.timeout = 300000ms (custom)
2022-01-20 14:18:20,247 [pool-503-thread-1] INFO  server.RaftServerConfigKeys (ConfUtils.java:logGet(44)) - raft.server.leaderelection.leader.step-down.wait-time = 10s (default)
2022-01-20 14:18:20,247 [pool-503-thread-1] INFO  server.RaftServerConfigKeys (ConfUtils.java:logGet(44)) - raft.server.sleep.deviation.threshold = 300ms (default)
2022-01-20 14:18:20,247 [pool-503-thread-1] INFO  server.RaftServerConfigKeys (ConfUtils.java:logGet(44)) - raft.server.log.appender.install.snapshot.enabled = false (custom)
2022-01-20 14:18:20,247 [pool-503-thread-1] INFO  server.RaftServer$Division (ServerState.java:<init>(105)) - 3934de01-e9c2-42ef-9a8f-f9cad9f9a13a@group-C5373BE6AB5E: ConfigurationManager, init=-1: [3934de01-e9c2-42ef-9a8f-f9cad9f9a13a|rpc:10.1.0.33:40989|dataStream:|priority:0, d2de7c60-b86f-4a06-91d9-365eb56e12df|rpc:10.1.0.33:36843|dataStream:|priority:1, f5002eb4-ff35-49a0-88dd-354658843fe1|rpc:10.1.0.33:43929|dataStream:|priority:0], old=null, confs=<EMPTY_MAP>
2022-01-20 14:18:20,247 [pool-503-thread-1] INFO  server.RaftServerConfigKeys (ConfUtils.java:logGet(44)) - raft.server.storage.dir = [/home/runner/work/ozone/ozone/hadoop-ozone/integration-test/target/test-dir/MiniOzoneClusterImpl-f1e7e660-ec45-4ef3-9198-8cc7416827f1/datanode-8/data/ratis] (custom)
2022-01-20 14:18:20,248 [pool-503-thread-1] INFO  server.RaftServerConfigKeys (ConfUtils.java:logGet(44)) - raft.server.log.corruption.policy = EXCEPTION (default)
2022-01-20 14:18:20,248 [pool-503-thread-1] INFO  server.RaftServerConfigKeys (ConfUtils.java:logGet(44)) - raft.server.storage.free-space.min = 0MB (=0) (default)
2022-01-20 14:18:20,248 [pool-503-thread-1] INFO  storage.RaftStorageDirectory (RaftStorageDirectoryImpl.java:analyzeStorage(135)) - The storage directory /home/runner/work/ozone/ozone/hadoop-ozone/integration-test/target/test-dir/MiniOzoneClusterImpl-f1e7e660-ec45-4ef3-9198-8cc7416827f1/datanode-8/data/ratis/598beb70-5354-4269-a931-c5373be6ab5e does not exist. Creating ...
2022-01-20 14:18:20,255 [pool-503-thread-1] INFO  storage.RaftStorageDirectory (RaftStorageDirectoryImpl.java:tryLock(230)) - Lock on /home/runner/work/ozone/ozone/hadoop-ozone/integration-test/target/test-dir/MiniOzoneClusterImpl-f1e7e660-ec45-4ef3-9198-8cc7416827f1/datanode-8/data/ratis/598beb70-5354-4269-a931-c5373be6ab5e/in_use.lock acquired by nodename 2019@fv-az294-522
2022-01-20 14:18:20,257 [pool-503-thread-1] INFO  storage.RaftStorage (RaftStorageImpl.java:format(89)) - Storage directory /home/runner/work/ozone/ozone/hadoop-ozone/integration-test/target/test-dir/MiniOzoneClusterImpl-f1e7e660-ec45-4ef3-9198-8cc7416827f1/datanode-8/data/ratis/598beb70-5354-4269-a931-c5373be6ab5e has been successfully formatted.
2022-01-20 14:18:20,286 [pool-503-thread-1] INFO  ratis.ContainerStateMachine (ContainerStateMachine.java:loadSnapshot(231)) - group-C5373BE6AB5E: The snapshot info is null. Setting the last applied indexto:(t:0, i:~)
2022-01-20 14:18:20,286 [pool-503-thread-1] INFO  server.RaftServerConfigKeys (ConfUtils.java:logGet(44)) - raft.server.notification.no-leader.timeout = 300000ms (custom)
2022-01-20 14:18:20,286 [pool-503-thread-1] INFO  server.RaftServerConfigKeys (ConfUtils.java:logGet(44)) - raft.server.log.use.memory = false (default)
2022-01-20 14:18:20,286 [pool-503-thread-1] INFO  server.RaftServerConfigKeys (ConfUtils.java:logGet(44)) - raft.server.log.purge.gap = 1000000 (custom)
2022-01-20 14:18:20,286 [pool-503-thread-1] INFO  server.RaftServerConfigKeys (ConfUtils.java:logGet(44)) - raft.server.log.appender.buffer.byte-limit = 33554432 (custom)
2022-01-20 14:18:20,287 [pool-503-thread-1] INFO  server.RaftServerConfigKeys (ConfUtils.java:logGet(44)) - raft.server.log.segment.size.max = 1048576 (custom)
2022-01-20 14:18:20,287 [pool-503-thread-1] INFO  server.RaftServerConfigKeys (ConfUtils.java:logGet(44)) - raft.server.log.segment.cache.num.max = 2 (custom)
2022-01-20 14:18:20,287 [pool-503-thread-1] INFO  server.RaftServerConfigKeys (ConfUtils.java:logGet(44)) - raft.server.log.segment.cache.size.max = 200MB (=209715200) (default)
2022-01-20 14:18:20,287 [pool-503-thread-1] INFO  segmented.SegmentedRaftLogWorker (SegmentedRaftLogWorker.java:<init>(182)) - new 3934de01-e9c2-42ef-9a8f-f9cad9f9a13a@group-C5373BE6AB5E-SegmentedRaftLogWorker for RaftStorageImpl:Storage Directory /home/runner/work/ozone/ozone/hadoop-ozone/integration-test/target/test-dir/MiniOzoneClusterImpl-f1e7e660-ec45-4ef3-9198-8cc7416827f1/datanode-8/data/ratis/598beb70-5354-4269-a931-c5373be6ab5e
2022-01-20 14:18:20,287 [pool-503-thread-1] INFO  server.RaftServerConfigKeys (ConfUtils.java:logGet(44)) - raft.server.log.queue.byte-limit = 2147483647 (custom)
2022-01-20 14:18:20,287 [pool-503-thread-1] INFO  server.RaftServerConfigKeys (ConfUtils.java:logGet(44)) - raft.server.log.queue.element-limit = 1024 (custom)
2022-01-20 14:18:20,287 [pool-503-thread-1] INFO  server.RaftServerConfigKeys (ConfUtils.java:logGet(44)) - raft.server.log.segment.size.max = 1048576 (custom)
2022-01-20 14:18:20,287 [pool-503-thread-1] INFO  server.RaftServerConfigKeys (ConfUtils.java:logGet(44)) - raft.server.log.preallocated.size = 16384 (custom)
2022-01-20 14:18:20,287 [pool-503-thread-1] INFO  server.RaftServerConfigKeys (ConfUtils.java:logGet(44)) - raft.server.log.force.sync.num = 128 (default)
2022-01-20 14:18:20,287 [pool-503-thread-1] INFO  server.RaftServerConfigKeys (ConfUtils.java:logGet(44)) - raft.server.log.statemachine.data.sync = true (default)
2022-01-20 14:18:20,287 [pool-503-thread-1] INFO  server.RaftServerConfigKeys (ConfUtils.java:logGet(44)) - raft.server.log.statemachine.data.sync.timeout = 10s (default)
2022-01-20 14:18:20,287 [pool-503-thread-1] INFO  server.RaftServerConfigKeys (ConfUtils.java:logGet(44)) - raft.server.log.statemachine.data.sync.timeout.retry = -1 (default)
2022-01-20 14:18:20,290 [pool-503-thread-1] INFO  server.RaftServerConfigKeys (ConfUtils.java:logGet(44)) - raft.server.log.write.buffer.size = 1048576 (custom)
2022-01-20 14:18:20,290 [pool-503-thread-1] INFO  server.RaftServerConfigKeys (ConfUtils.java:logGet(44)) - raft.server.log.statemachine.data.caching.enabled = true (custom)
2022-01-20 14:18:20,291 [pool-503-thread-1] INFO  segmented.SegmentedRaftLogWorker (SegmentedRaftLogWorker.java:lambda$new$0(133)) - 3934de01-e9c2-42ef-9a8f-f9cad9f9a13a@group-C5373BE6AB5E-SegmentedRaftLogWorker: flushIndex: setUnconditionally 0 -> -1
2022-01-20 14:18:20,291 [pool-503-thread-1] INFO  segmented.SegmentedRaftLogWorker (SegmentedRaftLogWorker.java:lambda$new$0(133)) - 3934de01-e9c2-42ef-9a8f-f9cad9f9a13a@group-C5373BE6AB5E-SegmentedRaftLogWorker: safeCacheEvictIndex: setUnconditionally 0 -> -1
2022-01-20 14:18:20,306 [pool-503-thread-1] INFO  server.RaftServerConfigKeys (ConfUtils.java:logGet(44)) - raft.server.snapshot.auto.trigger.enabled = true (custom)
2022-01-20 14:18:20,306 [pool-503-thread-1] INFO  server.RaftServerConfigKeys (ConfUtils.java:logGet(44)) - raft.server.snapshot.auto.trigger.threshold = 10000 (custom)
2022-01-20 14:18:20,306 [pool-503-thread-1] INFO  server.RaftServerConfigKeys (ConfUtils.java:logGet(44)) - raft.server.snapshot.retention.file.num = 5 (custom)
2022-01-20 14:18:20,306 [pool-503-thread-1] INFO  server.RaftServerConfigKeys (ConfUtils.java:logGet(44)) - raft.server.log.purge.upto.snapshot.index = false (default)
2022-01-20 14:18:20,306 [pool-503-thread-1] INFO  server.RaftServerConfigKeys (ConfUtils.java:logGet(44)) - raft.server.retrycache.expirytime = 600000ms (custom)
2022-01-20 14:18:20,306 [pool-503-thread-1] INFO  server.RaftServerConfigKeys (ConfUtils.java:logGet(44)) - raft.server.retrycache.statistics.expirytime = 100μs (default)
2022-01-20 14:18:20,307 [pool-503-thread-1] INFO  server.RaftServer$Division (RaftServerImpl.java:start(301)) - 3934de01-e9c2-42ef-9a8f-f9cad9f9a13a@group-C5373BE6AB5E: start as a follower, conf=-1: [3934de01-e9c2-42ef-9a8f-f9cad9f9a13a|rpc:10.1.0.33:40989|dataStream:|priority:0, d2de7c60-b86f-4a06-91d9-365eb56e12df|rpc:10.1.0.33:36843|dataStream:|priority:1, f5002eb4-ff35-49a0-88dd-354658843fe1|rpc:10.1.0.33:43929|dataStream:|priority:0], old=null
2022-01-20 14:18:20,308 [pool-503-thread-1] INFO  server.RaftServer$Division (RaftServerImpl.java:setRole(290)) - 3934de01-e9c2-42ef-9a8f-f9cad9f9a13a@group-C5373BE6AB5E: changes role from      null to FOLLOWER at term 0 for startAsFollower
2022-01-20 14:18:20,308 [pool-503-thread-1] INFO  impl.RoleInfo (RoleInfo.java:updateAndGet(130)) - 3934de01-e9c2-42ef-9a8f-f9cad9f9a13a: start 3934de01-e9c2-42ef-9a8f-f9cad9f9a13a@group-C5373BE6AB5E-FollowerState
2022-01-20 14:18:20,308 [pool-503-thread-1] INFO  util.JmxRegister (JmxRegister.java:tryRegister(44)) - Successfully registered JMX Bean with object name Ratis:service=RaftServer,group=group-C5373BE6AB5E,id=3934de01-e9c2-42ef-9a8f-f9cad9f9a13a
2022-01-20 14:18:20,374 [grpc-default-executor-1] INFO  server.RaftServer (RaftServerProxy.java:addNew(95)) - d2de7c60-b86f-4a06-91d9-365eb56e12df: addNew group-C5373BE6AB5E:[3934de01-e9c2-42ef-9a8f-f9cad9f9a13a|rpc:10.1.0.33:40989|dataStream:|priority:0, d2de7c60-b86f-4a06-91d9-365eb56e12df|rpc:10.1.0.33:36843|dataStream:|priority:1, f5002eb4-ff35-49a0-88dd-354658843fe1|rpc:10.1.0.33:43929|dataStream:|priority:0] returns group-C5373BE6AB5E:java.util.concurrent.CompletableFuture@7c87747f[Not completed]
2022-01-20 14:18:20,405 [pool-482-thread-1] INFO  server.RaftServer$Division (RaftServerImpl.java:<init>(184)) - d2de7c60-b86f-4a06-91d9-365eb56e12df: new RaftServerImpl for group-C5373BE6AB5E:[3934de01-e9c2-42ef-9a8f-f9cad9f9a13a|rpc:10.1.0.33:40989|dataStream:|priority:0, d2de7c60-b86f-4a06-91d9-365eb56e12df|rpc:10.1.0.33:36843|dataStream:|priority:1, f5002eb4-ff35-49a0-88dd-354658843fe1|rpc:10.1.0.33:43929|dataStream:|priority:0] with ContainerStateMachine:uninitialized
2022-01-20 14:18:20,407 [pool-482-thread-1] INFO  server.RaftServerConfigKeys (ConfUtils.java:logGet(44)) - raft.server.rpc.timeout.min = 5s (custom)
2022-01-20 14:18:20,407 [pool-482-thread-1] INFO  server.RaftServerConfigKeys (ConfUtils.java:logGet(44)) - raft.server.rpc.timeout.max = 5200ms (custom)
2022-01-20 14:18:20,407 [pool-482-thread-1] INFO  server.RaftServerConfigKeys (ConfUtils.java:logGet(44)) - raft.server.rpc.sleep.time = 25ms (default)
2022-01-20 14:18:20,407 [pool-482-thread-1] INFO  server.RaftServerConfigKeys (ConfUtils.java:logGet(44)) - raft.server.rpc.slowness.timeout = 300000ms (custom)
2022-01-20 14:18:20,407 [pool-482-thread-1] INFO  server.RaftServerConfigKeys (ConfUtils.java:logGet(44)) - raft.server.leaderelection.leader.step-down.wait-time = 10s (default)
2022-01-20 14:18:20,407 [pool-482-thread-1] INFO  server.RaftServerConfigKeys (ConfUtils.java:logGet(44)) - raft.server.sleep.deviation.threshold = 300ms (default)
2022-01-20 14:18:20,407 [pool-482-thread-1] INFO  server.RaftServerConfigKeys (ConfUtils.java:logGet(44)) - raft.server.log.appender.install.snapshot.enabled = false (custom)
2022-01-20 14:18:20,407 [pool-482-thread-1] INFO  server.RaftServer$Division (ServerState.java:<init>(105)) - d2de7c60-b86f-4a06-91d9-365eb56e12df@group-C5373BE6AB5E: ConfigurationManager, init=-1: [3934de01-e9c2-42ef-9a8f-f9cad9f9a13a|rpc:10.1.0.33:40989|dataStream:|priority:0, d2de7c60-b86f-4a06-91d9-365eb56e12df|rpc:10.1.0.33:36843|dataStream:|priority:1, f5002eb4-ff35-49a0-88dd-354658843fe1|rpc:10.1.0.33:43929|dataStream:|priority:0], old=null, confs=<EMPTY_MAP>
2022-01-20 14:18:20,407 [pool-482-thread-1] INFO  server.RaftServerConfigKeys (ConfUtils.java:logGet(44)) - raft.server.storage.dir = [/home/runner/work/ozone/ozone/hadoop-ozone/integration-test/target/test-dir/MiniOzoneClusterImpl-f1e7e660-ec45-4ef3-9198-8cc7416827f1/datanode-7/data/ratis] (custom)
2022-01-20 14:18:20,407 [pool-482-thread-1] INFO  server.RaftServerConfigKeys (ConfUtils.java:logGet(44)) - raft.server.log.corruption.policy = EXCEPTION (default)
2022-01-20 14:18:20,408 [pool-482-thread-1] INFO  server.RaftServerConfigKeys (ConfUtils.java:logGet(44)) - raft.server.storage.free-space.min = 0MB (=0) (default)
2022-01-20 14:18:20,408 [pool-482-thread-1] INFO  storage.RaftStorageDirectory (RaftStorageDirectoryImpl.java:analyzeStorage(135)) - The storage directory /home/runner/work/ozone/ozone/hadoop-ozone/integration-test/target/test-dir/MiniOzoneClusterImpl-f1e7e660-ec45-4ef3-9198-8cc7416827f1/datanode-7/data/ratis/598beb70-5354-4269-a931-c5373be6ab5e does not exist. Creating ...
2022-01-20 14:18:20,424 [pool-482-thread-1] INFO  storage.RaftStorageDirectory (RaftStorageDirectoryImpl.java:tryLock(230)) - Lock on /home/runner/work/ozone/ozone/hadoop-ozone/integration-test/target/test-dir/MiniOzoneClusterImpl-f1e7e660-ec45-4ef3-9198-8cc7416827f1/datanode-7/data/ratis/598beb70-5354-4269-a931-c5373be6ab5e/in_use.lock acquired by nodename 2019@fv-az294-522
2022-01-20 14:18:20,426 [pool-482-thread-1] INFO  storage.RaftStorage (RaftStorageImpl.java:format(89)) - Storage directory /home/runner/work/ozone/ozone/hadoop-ozone/integration-test/target/test-dir/MiniOzoneClusterImpl-f1e7e660-ec45-4ef3-9198-8cc7416827f1/datanode-7/data/ratis/598beb70-5354-4269-a931-c5373be6ab5e has been successfully formatted.
2022-01-20 14:18:20,428 [pool-482-thread-1] INFO  ratis.ContainerStateMachine (ContainerStateMachine.java:loadSnapshot(231)) - group-C5373BE6AB5E: The snapshot info is null. Setting the last applied indexto:(t:0, i:~)
2022-01-20 14:18:20,428 [pool-482-thread-1] INFO  server.RaftServerConfigKeys (ConfUtils.java:logGet(44)) - raft.server.notification.no-leader.timeout = 300000ms (custom)
2022-01-20 14:18:20,428 [pool-482-thread-1] INFO  server.RaftServerConfigKeys (ConfUtils.java:logGet(44)) - raft.server.log.use.memory = false (default)
2022-01-20 14:18:20,428 [pool-482-thread-1] INFO  server.RaftServerConfigKeys (ConfUtils.java:logGet(44)) - raft.server.log.purge.gap = 1000000 (custom)
2022-01-20 14:18:20,428 [pool-482-thread-1] INFO  server.RaftServerConfigKeys (ConfUtils.java:logGet(44)) - raft.server.log.appender.buffer.byte-limit = 33554432 (custom)
2022-01-20 14:18:20,429 [pool-482-thread-1] INFO  server.RaftServerConfigKeys (ConfUtils.java:logGet(44)) - raft.server.log.segment.size.max = 1048576 (custom)
2022-01-20 14:18:20,429 [pool-482-thread-1] INFO  server.RaftServerConfigKeys (ConfUtils.java:logGet(44)) - raft.server.log.segment.cache.num.max = 2 (custom)
2022-01-20 14:18:20,429 [pool-482-thread-1] INFO  server.RaftServerConfigKeys (ConfUtils.java:logGet(44)) - raft.server.log.segment.cache.size.max = 200MB (=209715200) (default)
2022-01-20 14:18:20,429 [pool-482-thread-1] INFO  segmented.SegmentedRaftLogWorker (SegmentedRaftLogWorker.java:<init>(182)) - new d2de7c60-b86f-4a06-91d9-365eb56e12df@group-C5373BE6AB5E-SegmentedRaftLogWorker for RaftStorageImpl:Storage Directory /home/runner/work/ozone/ozone/hadoop-ozone/integration-test/target/test-dir/MiniOzoneClusterImpl-f1e7e660-ec45-4ef3-9198-8cc7416827f1/datanode-7/data/ratis/598beb70-5354-4269-a931-c5373be6ab5e
2022-01-20 14:18:20,429 [pool-482-thread-1] INFO  server.RaftServerConfigKeys (ConfUtils.java:logGet(44)) - raft.server.log.queue.byte-limit = 2147483647 (custom)
2022-01-20 14:18:20,429 [pool-482-thread-1] INFO  server.RaftServerConfigKeys (ConfUtils.java:logGet(44)) - raft.server.log.queue.element-limit = 1024 (custom)
2022-01-20 14:18:20,429 [pool-482-thread-1] INFO  server.RaftServerConfigKeys (ConfUtils.java:logGet(44)) - raft.server.log.segment.size.max = 1048576 (custom)
2022-01-20 14:18:20,429 [pool-482-thread-1] INFO  server.RaftServerConfigKeys (ConfUtils.java:logGet(44)) - raft.server.log.preallocated.size = 16384 (custom)
2022-01-20 14:18:20,429 [pool-482-thread-1] INFO  server.RaftServerConfigKeys (ConfUtils.java:logGet(44)) - raft.server.log.force.sync.num = 128 (default)
2022-01-20 14:18:20,429 [pool-482-thread-1] INFO  server.RaftServerConfigKeys (ConfUtils.java:logGet(44)) - raft.server.log.statemachine.data.sync = true (default)
2022-01-20 14:18:20,429 [pool-482-thread-1] INFO  server.RaftServerConfigKeys (ConfUtils.java:logGet(44)) - raft.server.log.statemachine.data.sync.timeout = 10s (default)
2022-01-20 14:18:20,429 [pool-482-thread-1] INFO  server.RaftServerConfigKeys (ConfUtils.java:logGet(44)) - raft.server.log.statemachine.data.sync.timeout.retry = -1 (default)
2022-01-20 14:18:20,430 [pool-482-thread-1] INFO  server.RaftServerConfigKeys (ConfUtils.java:logGet(44)) - raft.server.log.write.buffer.size = 1048576 (custom)
2022-01-20 14:18:20,431 [pool-482-thread-1] INFO  server.RaftServerConfigKeys (ConfUtils.java:logGet(44)) - raft.server.log.statemachine.data.caching.enabled = true (custom)
2022-01-20 14:18:20,431 [pool-482-thread-1] INFO  segmented.SegmentedRaftLogWorker (SegmentedRaftLogWorker.java:lambda$new$0(133)) - d2de7c60-b86f-4a06-91d9-365eb56e12df@group-C5373BE6AB5E-SegmentedRaftLogWorker: flushIndex: setUnconditionally 0 -> -1
2022-01-20 14:18:20,431 [pool-482-thread-1] INFO  segmented.SegmentedRaftLogWorker (SegmentedRaftLogWorker.java:lambda$new$0(133)) - d2de7c60-b86f-4a06-91d9-365eb56e12df@group-C5373BE6AB5E-SegmentedRaftLogWorker: safeCacheEvictIndex: setUnconditionally 0 -> -1
2022-01-20 14:18:20,432 [pool-482-thread-1] INFO  server.RaftServerConfigKeys (ConfUtils.java:logGet(44)) - raft.server.snapshot.auto.trigger.enabled = true (custom)
2022-01-20 14:18:20,432 [pool-482-thread-1] INFO  server.RaftServerConfigKeys (ConfUtils.java:logGet(44)) - raft.server.snapshot.auto.trigger.threshold = 10000 (custom)
2022-01-20 14:18:20,432 [pool-482-thread-1] INFO  server.RaftServerConfigKeys (ConfUtils.java:logGet(44)) - raft.server.snapshot.retention.file.num = 5 (custom)
2022-01-20 14:18:20,432 [pool-482-thread-1] INFO  server.RaftServerConfigKeys (ConfUtils.java:logGet(44)) - raft.server.log.purge.upto.snapshot.index = false (default)
2022-01-20 14:18:20,432 [pool-482-thread-1] INFO  server.RaftServerConfigKeys (ConfUtils.java:logGet(44)) - raft.server.retrycache.expirytime = 600000ms (custom)
2022-01-20 14:18:20,432 [pool-482-thread-1] INFO  server.RaftServerConfigKeys (ConfUtils.java:logGet(44)) - raft.server.retrycache.statistics.expirytime = 100μs (default)
2022-01-20 14:18:20,433 [pool-482-thread-1] INFO  server.RaftServer$Division (RaftServerImpl.java:start(301)) - d2de7c60-b86f-4a06-91d9-365eb56e12df@group-C5373BE6AB5E: start as a follower, conf=-1: [3934de01-e9c2-42ef-9a8f-f9cad9f9a13a|rpc:10.1.0.33:40989|dataStream:|priority:0, d2de7c60-b86f-4a06-91d9-365eb56e12df|rpc:10.1.0.33:36843|dataStream:|priority:1, f5002eb4-ff35-49a0-88dd-354658843fe1|rpc:10.1.0.33:43929|dataStream:|priority:0], old=null
2022-01-20 14:18:20,434 [pool-482-thread-1] INFO  server.RaftServer$Division (RaftServerImpl.java:setRole(290)) - d2de7c60-b86f-4a06-91d9-365eb56e12df@group-C5373BE6AB5E: changes role from      null to FOLLOWER at term 0 for startAsFollower
2022-01-20 14:18:20,434 [pool-482-thread-1] INFO  impl.RoleInfo (RoleInfo.java:updateAndGet(130)) - d2de7c60-b86f-4a06-91d9-365eb56e12df: start d2de7c60-b86f-4a06-91d9-365eb56e12df@group-C5373BE6AB5E-FollowerState
2022-01-20 14:18:20,437 [pool-482-thread-1] INFO  util.JmxRegister (JmxRegister.java:tryRegister(44)) - Successfully registered JMX Bean with object name Ratis:service=RaftServer,group=group-C5373BE6AB5E,id=d2de7c60-b86f-4a06-91d9-365eb56e12df
2022-01-20 14:18:20,479 [Command processor thread] INFO  commandhandler.CreatePipelineCommandHandler (CreatePipelineCommandHandler.java:handle(106)) - Created Pipeline RATIS THREE PipelineID=598beb70-5354-4269-a931-c5373be6ab5e.
2022-01-20 14:18:20,672 [Command processor thread] INFO  server.RaftServer (RaftServerProxy.java:addNew(95)) - d2de7c60-b86f-4a06-91d9-365eb56e12df: addNew group-132671769FF6:[d2de7c60-b86f-4a06-91d9-365eb56e12df|rpc:10.1.0.33:36843|priority:1] returns group-132671769FF6:java.util.concurrent.CompletableFuture@1e9242dc[Not completed]
2022-01-20 14:18:20,673 [pool-482-thread-1] INFO  server.RaftServer$Division (RaftServerImpl.java:<init>(184)) - d2de7c60-b86f-4a06-91d9-365eb56e12df: new RaftServerImpl for group-132671769FF6:[d2de7c60-b86f-4a06-91d9-365eb56e12df|rpc:10.1.0.33:36843|priority:1] with ContainerStateMachine:uninitialized
2022-01-20 14:18:20,673 [pool-482-thread-1] INFO  server.RaftServerConfigKeys (ConfUtils.java:logGet(44)) - raft.server.rpc.timeout.min = 5s (custom)
2022-01-20 14:18:20,673 [pool-482-thread-1] INFO  server.RaftServerConfigKeys (ConfUtils.java:logGet(44)) - raft.server.rpc.timeout.max = 5200ms (custom)
2022-01-20 14:18:20,673 [pool-482-thread-1] INFO  server.RaftServerConfigKeys (ConfUtils.java:logGet(44)) - raft.server.rpc.sleep.time = 25ms (default)
2022-01-20 14:18:20,673 [pool-482-thread-1] INFO  server.RaftServerConfigKeys (ConfUtils.java:logGet(44)) - raft.server.rpc.slowness.timeout = 300000ms (custom)
2022-01-20 14:18:20,673 [pool-482-thread-1] INFO  server.RaftServerConfigKeys (ConfUtils.java:logGet(44)) - raft.server.leaderelection.leader.step-down.wait-time = 10s (default)
2022-01-20 14:18:20,673 [pool-482-thread-1] INFO  server.RaftServerConfigKeys (ConfUtils.java:logGet(44)) - raft.server.sleep.deviation.threshold = 300ms (default)
2022-01-20 14:18:20,674 [pool-482-thread-1] INFO  server.RaftServerConfigKeys (ConfUtils.java:logGet(44)) - raft.server.log.appender.install.snapshot.enabled = false (custom)
2022-01-20 14:18:20,674 [pool-482-thread-1] INFO  server.RaftServer$Division (ServerState.java:<init>(105)) - d2de7c60-b86f-4a06-91d9-365eb56e12df@group-132671769FF6: ConfigurationManager, init=-1: [d2de7c60-b86f-4a06-91d9-365eb56e12df|rpc:10.1.0.33:36843|priority:1], old=null, confs=<EMPTY_MAP>
2022-01-20 14:18:20,674 [pool-482-thread-1] INFO  server.RaftServerConfigKeys (ConfUtils.java:logGet(44)) - raft.server.storage.dir = [/home/runner/work/ozone/ozone/hadoop-ozone/integration-test/target/test-dir/MiniOzoneClusterImpl-f1e7e660-ec45-4ef3-9198-8cc7416827f1/datanode-7/data/ratis] (custom)
2022-01-20 14:18:20,674 [pool-482-thread-1] INFO  server.RaftServerConfigKeys (ConfUtils.java:logGet(44)) - raft.server.log.corruption.policy = EXCEPTION (default)
2022-01-20 14:18:20,674 [pool-482-thread-1] INFO  server.RaftServerConfigKeys (ConfUtils.java:logGet(44)) - raft.server.storage.free-space.min = 0MB (=0) (default)
2022-01-20 14:18:20,674 [pool-482-thread-1] INFO  storage.RaftStorageDirectory (RaftStorageDirectoryImpl.java:analyzeStorage(135)) - The storage directory /home/runner/work/ozone/ozone/hadoop-ozone/integration-test/target/test-dir/MiniOzoneClusterImpl-f1e7e660-ec45-4ef3-9198-8cc7416827f1/datanode-7/data/ratis/1aa243cd-49d9-4050-957f-132671769ff6 does not exist. Creating ...
2022-01-20 14:18:20,674 [3055d1e2-eb1d-45ac-85ad-2ef847921969@group-D541B2ADB0FC-FollowerState] INFO  impl.FollowerState (FollowerState.java:run(134)) - 3055d1e2-eb1d-45ac-85ad-2ef847921969@group-D541B2ADB0FC-FollowerState: change to CANDIDATE, lastRpcElapsedTime:5096917642ns, electionTimeout:5094ms
2022-01-20 14:18:20,675 [3055d1e2-eb1d-45ac-85ad-2ef847921969@group-D541B2ADB0FC-FollowerState] INFO  impl.RoleInfo (RoleInfo.java:shutdownFollowerState(108)) - 3055d1e2-eb1d-45ac-85ad-2ef847921969: shutdown 3055d1e2-eb1d-45ac-85ad-2ef847921969@group-D541B2ADB0FC-FollowerState
2022-01-20 14:18:20,675 [3055d1e2-eb1d-45ac-85ad-2ef847921969@group-D541B2ADB0FC-FollowerState] INFO  server.RaftServer$Division (RaftServerImpl.java:setRole(290)) - 3055d1e2-eb1d-45ac-85ad-2ef847921969@group-D541B2ADB0FC: changes role from  FOLLOWER to CANDIDATE at term 0 for changeToCandidate
2022-01-20 14:18:20,679 [pool-482-thread-1] INFO  storage.RaftStorageDirectory (RaftStorageDirectoryImpl.java:tryLock(230)) - Lock on /home/runner/work/ozone/ozone/hadoop-ozone/integration-test/target/test-dir/MiniOzoneClusterImpl-f1e7e660-ec45-4ef3-9198-8cc7416827f1/datanode-7/data/ratis/1aa243cd-49d9-4050-957f-132671769ff6/in_use.lock acquired by nodename 2019@fv-az294-522
2022-01-20 14:18:20,679 [3055d1e2-eb1d-45ac-85ad-2ef847921969@group-D541B2ADB0FC-FollowerState] INFO  server.RaftServerConfigKeys (ConfUtils.java:logGet(44)) - raft.server.leaderelection.pre-vote = false (custom)
2022-01-20 14:18:20,679 [3055d1e2-eb1d-45ac-85ad-2ef847921969@group-D541B2ADB0FC-FollowerState] INFO  impl.RoleInfo (RoleInfo.java:updateAndGet(130)) - 3055d1e2-eb1d-45ac-85ad-2ef847921969: start 3055d1e2-eb1d-45ac-85ad-2ef847921969@group-D541B2ADB0FC-LeaderElection41
2022-01-20 14:18:20,688 [pool-482-thread-1] INFO  storage.RaftStorage (RaftStorageImpl.java:format(89)) - Storage directory /home/runner/work/ozone/ozone/hadoop-ozone/integration-test/target/test-dir/MiniOzoneClusterImpl-f1e7e660-ec45-4ef3-9198-8cc7416827f1/datanode-7/data/ratis/1aa243cd-49d9-4050-957f-132671769ff6 has been successfully formatted.
2022-01-20 14:18:20,689 [pool-482-thread-1] INFO  ratis.ContainerStateMachine (ContainerStateMachine.java:loadSnapshot(231)) - group-132671769FF6: The snapshot info is null. Setting the last applied indexto:(t:0, i:~)
2022-01-20 14:18:20,689 [pool-482-thread-1] INFO  server.RaftServerConfigKeys (ConfUtils.java:logGet(44)) - raft.server.notification.no-leader.timeout = 300000ms (custom)
2022-01-20 14:18:20,689 [pool-482-thread-1] INFO  server.RaftServerConfigKeys (ConfUtils.java:logGet(44)) - raft.server.log.use.memory = false (default)
2022-01-20 14:18:20,689 [pool-482-thread-1] INFO  server.RaftServerConfigKeys (ConfUtils.java:logGet(44)) - raft.server.log.purge.gap = 1000000 (custom)
2022-01-20 14:18:20,689 [pool-482-thread-1] INFO  server.RaftServerConfigKeys (ConfUtils.java:logGet(44)) - raft.server.log.appender.buffer.byte-limit = 33554432 (custom)
2022-01-20 14:18:20,689 [pool-482-thread-1] INFO  server.RaftServerConfigKeys (ConfUtils.java:logGet(44)) - raft.server.log.segment.size.max = 1048576 (custom)
2022-01-20 14:18:20,690 [pool-482-thread-1] INFO  server.RaftServerConfigKeys (ConfUtils.java:logGet(44)) - raft.server.log.segment.cache.num.max = 2 (custom)
2022-01-20 14:18:20,690 [pool-482-thread-1] INFO  server.RaftServerConfigKeys (ConfUtils.java:logGet(44)) - raft.server.log.segment.cache.size.max = 200MB (=209715200) (default)
2022-01-20 14:18:20,690 [pool-482-thread-1] INFO  segmented.SegmentedRaftLogWorker (SegmentedRaftLogWorker.java:<init>(182)) - new d2de7c60-b86f-4a06-91d9-365eb56e12df@group-132671769FF6-SegmentedRaftLogWorker for RaftStorageImpl:Storage Directory /home/runner/work/ozone/ozone/hadoop-ozone/integration-test/target/test-dir/MiniOzoneClusterImpl-f1e7e660-ec45-4ef3-9198-8cc7416827f1/datanode-7/data/ratis/1aa243cd-49d9-4050-957f-132671769ff6
2022-01-20 14:18:20,690 [pool-482-thread-1] INFO  server.RaftServerConfigKeys (ConfUtils.java:logGet(44)) - raft.server.log.queue.byte-limit = 2147483647 (custom)
2022-01-20 14:18:20,690 [pool-482-thread-1] INFO  server.RaftServerConfigKeys (ConfUtils.java:logGet(44)) - raft.server.log.queue.element-limit = 1024 (custom)
2022-01-20 14:18:20,690 [pool-482-thread-1] INFO  server.RaftServerConfigKeys (ConfUtils.java:logGet(44)) - raft.server.log.segment.size.max = 1048576 (custom)
2022-01-20 14:18:20,690 [pool-482-thread-1] INFO  server.RaftServerConfigKeys (ConfUtils.java:logGet(44)) - raft.server.log.preallocated.size = 16384 (custom)
2022-01-20 14:18:20,690 [pool-482-thread-1] INFO  server.RaftServerConfigKeys (ConfUtils.java:logGet(44)) - raft.server.log.force.sync.num = 128 (default)
2022-01-20 14:18:20,690 [pool-482-thread-1] INFO  server.RaftServerConfigKeys (ConfUtils.java:logGet(44)) - raft.server.log.statemachine.data.sync = true (default)
2022-01-20 14:18:20,690 [pool-482-thread-1] INFO  server.RaftServerConfigKeys (ConfUtils.java:logGet(44)) - raft.server.log.statemachine.data.sync.timeout = 10s (default)
2022-01-20 14:18:20,690 [pool-482-thread-1] INFO  server.RaftServerConfigKeys (ConfUtils.java:logGet(44)) - raft.server.log.statemachine.data.sync.timeout.retry = -1 (default)
2022-01-20 14:18:20,691 [pool-482-thread-1] INFO  server.RaftServerConfigKeys (ConfUtils.java:logGet(44)) - raft.server.log.write.buffer.size = 1048576 (custom)
2022-01-20 14:18:20,692 [EventQueue-PipelineReportForPipelineReportHandler] INFO  pipeline.PipelineManagerImpl (PipelineManagerImpl.java:openPipeline(291)) - Pipeline Pipeline[ Id: 1aa243cd-49d9-4050-957f-132671769ff6, Nodes: d2de7c60-b86f-4a06-91d9-365eb56e12df{ip: 10.1.0.33, host: fv-az294-522.eaanfquahm5ulb5tj050gcxych.jx.internal.cloudapp.net, ports: [REPLICATION=38409, RATIS=36843, RATIS_ADMIN=36843, RATIS_SERVER=36843, STANDALONE=36575], networkLocation: /default-rack, certSerialId: null, persistedOpState: IN_SERVICE, persistedOpStateExpiryEpochSec: 0}, ReplicationConfig: RATIS/ONE, State:ALLOCATED, leaderId:d2de7c60-b86f-4a06-91d9-365eb56e12df, CreationTimestamp2022-01-20T14:18:17.680Z[Etc/UTC]] moved to OPEN state
2022-01-20 14:18:20,694 [1614213d-f914-440d-b8eb-f10be6afcbc1@group-8CC7416827F1-StateMachineUpdater] INFO  safemode.HealthyPipelineSafeModeRule (HealthyPipelineSafeModeRule.java:initializeRule(152)) - Refreshed total pipeline count is 0, healthy pipeline threshold count is 1
2022-01-20 14:18:20,694 [EventQueue-PipelineReportForPipelineReportHandler] INFO  ha.SCMHAInvocationHandler (SCMHAInvocationHandler.java:invokeRatis(113)) - Invoking method public abstract void org.apache.hadoop.hdds.scm.pipeline.PipelineStateManager.updatePipelineState(org.apache.hadoop.hdds.protocol.proto.HddsProtos$PipelineID,org.apache.hadoop.hdds.protocol.proto.HddsProtos$PipelineState) throws java.io.IOException on target org.apache.hadoop.hdds.scm.ha.SCMRatisServerImpl@2589c416, cost 1835.614us
2022-01-20 14:18:20,695 [EventQueue-OpenPipelineForHealthyPipelineSafeModeRule] INFO  safemode.SCMSafeModeManager (HealthyPipelineSafeModeRule.java:process(124)) - SCM in safe mode. Healthy pipelines reported count is 0, required healthy pipeline reported count is 1
2022-01-20 14:18:20,700 [pool-482-thread-1] INFO  server.RaftServerConfigKeys (ConfUtils.java:logGet(44)) - raft.server.log.statemachine.data.caching.enabled = true (custom)
2022-01-20 14:18:20,701 [pool-482-thread-1] INFO  segmented.SegmentedRaftLogWorker (SegmentedRaftLogWorker.java:lambda$new$0(133)) - d2de7c60-b86f-4a06-91d9-365eb56e12df@group-132671769FF6-SegmentedRaftLogWorker: flushIndex: setUnconditionally 0 -> -1
2022-01-20 14:18:20,702 [pool-482-thread-1] INFO  segmented.SegmentedRaftLogWorker (SegmentedRaftLogWorker.java:lambda$new$0(133)) - d2de7c60-b86f-4a06-91d9-365eb56e12df@group-132671769FF6-SegmentedRaftLogWorker: safeCacheEvictIndex: setUnconditionally 0 -> -1
2022-01-20 14:18:20,702 [pool-482-thread-1] INFO  server.RaftServerConfigKeys (ConfUtils.java:logGet(44)) - raft.server.snapshot.auto.trigger.enabled = true (custom)
2022-01-20 14:18:20,702 [pool-482-thread-1] INFO  server.RaftServerConfigKeys (ConfUtils.java:logGet(44)) - raft.server.snapshot.auto.trigger.threshold = 10000 (custom)
2022-01-20 14:18:20,702 [pool-482-thread-1] INFO  server.RaftServerConfigKeys (ConfUtils.java:logGet(44)) - raft.server.snapshot.retention.file.num = 5 (custom)
2022-01-20 14:18:20,702 [pool-482-thread-1] INFO  server.RaftServerConfigKeys (ConfUtils.java:logGet(44)) - raft.server.log.purge.upto.snapshot.index = false (default)
2022-01-20 14:18:20,702 [pool-482-thread-1] INFO  server.RaftServerConfigKeys (ConfUtils.java:logGet(44)) - raft.server.retrycache.expirytime = 600000ms (custom)
2022-01-20 14:18:20,702 [pool-482-thread-1] INFO  server.RaftServerConfigKeys (ConfUtils.java:logGet(44)) - raft.server.retrycache.statistics.expirytime = 100μs (default)
2022-01-20 14:18:20,704 [pool-482-thread-1] INFO  server.RaftServer$Division (RaftServerImpl.java:start(301)) - d2de7c60-b86f-4a06-91d9-365eb56e12df@group-132671769FF6: start as a follower, conf=-1: [d2de7c60-b86f-4a06-91d9-365eb56e12df|rpc:10.1.0.33:36843|priority:1], old=null
2022-01-20 14:18:20,704 [pool-482-thread-1] INFO  server.RaftServer$Division (RaftServerImpl.java:setRole(290)) - d2de7c60-b86f-4a06-91d9-365eb56e12df@group-132671769FF6: changes role from      null to FOLLOWER at term 0 for startAsFollower
2022-01-20 14:18:20,704 [pool-482-thread-1] INFO  impl.RoleInfo (RoleInfo.java:updateAndGet(130)) - d2de7c60-b86f-4a06-91d9-365eb56e12df: start d2de7c60-b86f-4a06-91d9-365eb56e12df@group-132671769FF6-FollowerState
2022-01-20 14:18:20,736 [pool-482-thread-1] INFO  util.JmxRegister (JmxRegister.java:tryRegister(44)) - Successfully registered JMX Bean with object name Ratis:service=RaftServer,group=group-132671769FF6,id=d2de7c60-b86f-4a06-91d9-365eb56e12df
2022-01-20 14:18:20,737 [Command processor thread] INFO  ratis.XceiverServerRatis (XceiverServerRatis.java:addGroup(768)) - Created group PipelineID=1aa243cd-49d9-4050-957f-132671769ff6
2022-01-20 14:18:20,737 [Command processor thread] INFO  commandhandler.CreatePipelineCommandHandler (CreatePipelineCommandHandler.java:handle(106)) - Created Pipeline RATIS ONE PipelineID=1aa243cd-49d9-4050-957f-132671769ff6.
2022-01-20 14:18:20,752 [3055d1e2-eb1d-45ac-85ad-2ef847921969@group-D541B2ADB0FC-LeaderElection41] INFO  impl.LeaderElection (LeaderElection.java:askForVotes(306)) - 3055d1e2-eb1d-45ac-85ad-2ef847921969@group-D541B2ADB0FC-LeaderElection41 ELECTION round 0: submit vote requests at term 1 for -1: [3055d1e2-eb1d-45ac-85ad-2ef847921969|rpc:10.1.0.33:39677|priority:1], old=null
2022-01-20 14:18:20,752 [3055d1e2-eb1d-45ac-85ad-2ef847921969@group-D541B2ADB0FC-LeaderElection41] INFO  impl.LeaderElection (LeaderElection.java:askForVotes(308)) - 3055d1e2-eb1d-45ac-85ad-2ef847921969@group-D541B2ADB0FC-LeaderElection41 ELECTION round 0: result PASSED (term=1)
2022-01-20 14:18:20,752 [3055d1e2-eb1d-45ac-85ad-2ef847921969@group-D541B2ADB0FC-LeaderElection41] INFO  impl.RoleInfo (RoleInfo.java:shutdownLeaderElection(121)) - 3055d1e2-eb1d-45ac-85ad-2ef847921969: shutdown 3055d1e2-eb1d-45ac-85ad-2ef847921969@group-D541B2ADB0FC-LeaderElection41
2022-01-20 14:18:20,752 [3055d1e2-eb1d-45ac-85ad-2ef847921969@group-D541B2ADB0FC-LeaderElection41] INFO  server.RaftServer$Division (RaftServerImpl.java:setRole(290)) - 3055d1e2-eb1d-45ac-85ad-2ef847921969@group-D541B2ADB0FC: changes role from CANDIDATE to LEADER at term 1 for changeToLeader
2022-01-20 14:18:20,752 [3055d1e2-eb1d-45ac-85ad-2ef847921969@group-D541B2ADB0FC-LeaderElection41] INFO  ratis.XceiverServerRatis (XceiverServerRatis.java:handleLeaderChangedNotification(866)) - Leader change notification received for group: group-D541B2ADB0FC with new leaderId: 3055d1e2-eb1d-45ac-85ad-2ef847921969
2022-01-20 14:18:20,752 [3055d1e2-eb1d-45ac-85ad-2ef847921969@group-D541B2ADB0FC-LeaderElection41] INFO  server.RaftServer$Division (ServerState.java:setLeader(285)) - 3055d1e2-eb1d-45ac-85ad-2ef847921969@group-D541B2ADB0FC: change Leader from null to 3055d1e2-eb1d-45ac-85ad-2ef847921969 at term 1 for becomeLeader, leader elected after 5231ms
2022-01-20 14:18:20,752 [3055d1e2-eb1d-45ac-85ad-2ef847921969@group-D541B2ADB0FC-LeaderElection41] INFO  server.RaftServerConfigKeys (ConfUtils.java:logGet(44)) - raft.server.staging.catchup.gap = 1000 (default)
2022-01-20 14:18:20,753 [3055d1e2-eb1d-45ac-85ad-2ef847921969@group-D541B2ADB0FC-LeaderElection41] INFO  server.RaftServerConfigKeys (ConfUtils.java:logGet(44)) - raft.server.write.element-limit = 1024 (custom)
2022-01-20 14:18:20,753 [3055d1e2-eb1d-45ac-85ad-2ef847921969@group-D541B2ADB0FC-LeaderElection41] INFO  server.RaftServerConfigKeys (ConfUtils.java:logGet(44)) - raft.server.write.byte-limit = 1024 M (=1073741824) (custom)
2022-01-20 14:18:20,753 [3055d1e2-eb1d-45ac-85ad-2ef847921969@group-D541B2ADB0FC-LeaderElection41] INFO  server.RaftServerConfigKeys (ConfUtils.java:logGet(44)) - raft.server.watch.timeout = 3000ms (custom)
2022-01-20 14:18:20,753 [3055d1e2-eb1d-45ac-85ad-2ef847921969@group-D541B2ADB0FC-LeaderElection41] INFO  server.RaftServerConfigKeys (ConfUtils.java:logGet(44)) - raft.server.watch.timeout.denomination = 1s (default)
2022-01-20 14:18:20,753 [3055d1e2-eb1d-45ac-85ad-2ef847921969@group-D541B2ADB0FC-LeaderElection41] INFO  server.RaftServerConfigKeys (ConfUtils.java:logGet(44)) - raft.server.watch.element-limit = 65536 (default)
2022-01-20 14:18:20,753 [3055d1e2-eb1d-45ac-85ad-2ef847921969@group-D541B2ADB0FC-LeaderElection41] INFO  server.RaftServerConfigKeys (ConfUtils.java:logGet(44)) - raft.server.write.element-limit = 1024 (custom)
2022-01-20 14:18:20,753 [3055d1e2-eb1d-45ac-85ad-2ef847921969@group-D541B2ADB0FC-LeaderElection41] INFO  server.RaftServerConfigKeys (ConfUtils.java:logGet(44)) - raft.server.write.follower.gap.ratio.max = -1.0 (default)
2022-01-20 14:18:20,753 [3055d1e2-eb1d-45ac-85ad-2ef847921969@group-D541B2ADB0FC-LeaderElection41] INFO  impl.RoleInfo (RoleInfo.java:updateAndGet(130)) - 3055d1e2-eb1d-45ac-85ad-2ef847921969: start 3055d1e2-eb1d-45ac-85ad-2ef847921969@group-D541B2ADB0FC-LeaderStateImpl
2022-01-20 14:18:20,754 [3055d1e2-eb1d-45ac-85ad-2ef847921969@group-D541B2ADB0FC-LeaderElection41] INFO  segmented.SegmentedRaftLogWorker (SegmentedRaftLogWorker.java:startLogSegment(394)) - 3055d1e2-eb1d-45ac-85ad-2ef847921969@group-D541B2ADB0FC-SegmentedRaftLogWorker: Starting segment from index:0
2022-01-20 14:18:20,755 [3055d1e2-eb1d-45ac-85ad-2ef847921969@group-A8039840480C-FollowerState] INFO  impl.FollowerState (FollowerState.java:run(134)) - 3055d1e2-eb1d-45ac-85ad-2ef847921969@group-A8039840480C-FollowerState: change to CANDIDATE, lastRpcElapsedTime:5144449505ns, electionTimeout:5125ms
2022-01-20 14:18:20,755 [3055d1e2-eb1d-45ac-85ad-2ef847921969@group-A8039840480C-FollowerState] INFO  impl.RoleInfo (RoleInfo.java:shutdownFollowerState(108)) - 3055d1e2-eb1d-45ac-85ad-2ef847921969: shutdown 3055d1e2-eb1d-45ac-85ad-2ef847921969@group-A8039840480C-FollowerState
2022-01-20 14:18:20,755 [3055d1e2-eb1d-45ac-85ad-2ef847921969@group-A8039840480C-FollowerState] INFO  server.RaftServer$Division (RaftServerImpl.java:setRole(290)) - 3055d1e2-eb1d-45ac-85ad-2ef847921969@group-A8039840480C: changes role from  FOLLOWER to CANDIDATE at term 0 for changeToCandidate
2022-01-20 14:18:20,756 [EventQueue-OpenPipelineForHealthyPipelineSafeModeRule] INFO  safemode.SCMSafeModeManager (HealthyPipelineSafeModeRule.java:process(124)) - SCM in safe mode. Healthy pipelines reported count is 0, required healthy pipeline reported count is 1
2022-01-20 14:18:20,758 [3055d1e2-eb1d-45ac-85ad-2ef847921969@group-D541B2ADB0FC-SegmentedRaftLogWorker] INFO  segmented.SegmentedRaftLogWorker (SegmentedRaftLogWorker.java:execute(601)) - 3055d1e2-eb1d-45ac-85ad-2ef847921969@group-D541B2ADB0FC-SegmentedRaftLogWorker: created new log segment /home/runner/work/ozone/ozone/hadoop-ozone/integration-test/target/test-dir/MiniOzoneClusterImpl-f1e7e660-ec45-4ef3-9198-8cc7416827f1/datanode-0/data/ratis/18fb8e60-c043-4f5a-86cd-d541b2adb0fc/current/log_inprogress_0
2022-01-20 14:18:20,761 [3055d1e2-eb1d-45ac-85ad-2ef847921969@group-A8039840480C-FollowerState] INFO  server.RaftServerConfigKeys (ConfUtils.java:logGet(44)) - raft.server.leaderelection.pre-vote = false (custom)
2022-01-20 14:18:20,761 [3055d1e2-eb1d-45ac-85ad-2ef847921969@group-A8039840480C-FollowerState] INFO  impl.RoleInfo (RoleInfo.java:updateAndGet(130)) - 3055d1e2-eb1d-45ac-85ad-2ef847921969: start 3055d1e2-eb1d-45ac-85ad-2ef847921969@group-A8039840480C-LeaderElection42
2022-01-20 14:18:20,764 [3055d1e2-eb1d-45ac-85ad-2ef847921969@group-D541B2ADB0FC-LeaderElection41] INFO  server.RaftServer$Division (ServerState.java:setRaftConf(387)) - 3055d1e2-eb1d-45ac-85ad-2ef847921969@group-D541B2ADB0FC: set configuration 0: [3055d1e2-eb1d-45ac-85ad-2ef847921969|rpc:10.1.0.33:39677|dataStream:|priority:1], old=null
2022-01-20 14:18:20,802 [3055d1e2-eb1d-45ac-85ad-2ef847921969@group-A8039840480C-LeaderElection42] INFO  impl.LeaderElection (LeaderElection.java:askForVotes(306)) - 3055d1e2-eb1d-45ac-85ad-2ef847921969@group-A8039840480C-LeaderElection42 ELECTION round 0: submit vote requests at term 1 for -1: [f405db60-e51c-4785-8bbc-e1c4726dfe5c|rpc:10.1.0.33:35313|priority:0, 4a67b2a1-79be-440d-a7f9-3f5e5a8bd0ed|rpc:10.1.0.33:42913|priority:1, 3055d1e2-eb1d-45ac-85ad-2ef847921969|rpc:10.1.0.33:39677|priority:0], old=null
2022-01-20 14:18:20,828 [grpc-default-executor-1] INFO  server.RaftServer$Division (RaftServerImpl.java:requestVote(1046)) - f405db60-e51c-4785-8bbc-e1c4726dfe5c@group-A8039840480C: receive requestVote(ELECTION, 3055d1e2-eb1d-45ac-85ad-2ef847921969, group-A8039840480C, 1, (t:0, i:0))
2022-01-20 14:18:20,828 [grpc-default-executor-1] INFO  impl.VoteContext (VoteContext.java:log(48)) - f405db60-e51c-4785-8bbc-e1c4726dfe5c@group-A8039840480C-FOLLOWER: accept ELECTION from 3055d1e2-eb1d-45ac-85ad-2ef847921969: our priority 0 <= candidate's priority 0
2022-01-20 14:18:20,829 [grpc-default-executor-1] INFO  server.RaftServer$Division (RaftServerImpl.java:setRole(290)) - f405db60-e51c-4785-8bbc-e1c4726dfe5c@group-A8039840480C: changes role from  FOLLOWER to FOLLOWER at term 1 for candidate:3055d1e2-eb1d-45ac-85ad-2ef847921969
2022-01-20 14:18:20,829 [grpc-default-executor-1] INFO  impl.RoleInfo (RoleInfo.java:shutdownFollowerState(108)) - f405db60-e51c-4785-8bbc-e1c4726dfe5c: shutdown f405db60-e51c-4785-8bbc-e1c4726dfe5c@group-A8039840480C-FollowerState
2022-01-20 14:18:20,829 [grpc-default-executor-1] INFO  impl.RoleInfo (RoleInfo.java:updateAndGet(130)) - f405db60-e51c-4785-8bbc-e1c4726dfe5c: start f405db60-e51c-4785-8bbc-e1c4726dfe5c@group-A8039840480C-FollowerState
2022-01-20 14:18:20,829 [f405db60-e51c-4785-8bbc-e1c4726dfe5c@group-A8039840480C-FollowerState] INFO  impl.FollowerState (FollowerState.java:run(143)) - f405db60-e51c-4785-8bbc-e1c4726dfe5c@group-A8039840480C-FollowerState was interrupted: {}
java.lang.InterruptedException: sleep interrupted
	at java.lang.Thread.sleep(Native Method)
	at java.lang.Thread.sleep(Thread.java:340)
	at java.util.concurrent.TimeUnit.sleep(TimeUnit.java:386)
	at org.apache.ratis.util.TimeDuration.sleep(TimeDuration.java:324)
	at org.apache.ratis.util.TimeDuration.sleep(TimeDuration.java:309)
	at org.apache.ratis.server.impl.FollowerState.run(FollowerState.java:118)
2022-01-20 14:18:20,842 [grpc-default-executor-1] INFO  server.RaftServer$Division (RaftServerImpl.java:requestVote(1078)) - f405db60-e51c-4785-8bbc-e1c4726dfe5c@group-A8039840480C replies to ELECTION vote request: 3055d1e2-eb1d-45ac-85ad-2ef847921969<-f405db60-e51c-4785-8bbc-e1c4726dfe5c#0:OK-t1. Peer's state: f405db60-e51c-4785-8bbc-e1c4726dfe5c@group-A8039840480C:t1, leader=null, voted=3055d1e2-eb1d-45ac-85ad-2ef847921969, raftlog=f405db60-e51c-4785-8bbc-e1c4726dfe5c@group-A8039840480C-SegmentedRaftLog:OPENED:c-1, conf=-1: [f405db60-e51c-4785-8bbc-e1c4726dfe5c|rpc:10.1.0.33:35313|dataStream:|priority:0, 4a67b2a1-79be-440d-a7f9-3f5e5a8bd0ed|rpc:10.1.0.33:42913|dataStream:|priority:1, 3055d1e2-eb1d-45ac-85ad-2ef847921969|rpc:10.1.0.33:39677|dataStream:|priority:0], old=null
2022-01-20 14:18:20,904 [grpc-default-executor-1] INFO  server.RaftServer$Division (RaftServerImpl.java:requestVote(1046)) - 4a67b2a1-79be-440d-a7f9-3f5e5a8bd0ed@group-A8039840480C: receive requestVote(ELECTION, 3055d1e2-eb1d-45ac-85ad-2ef847921969, group-A8039840480C, 1, (t:0, i:0))
2022-01-20 14:18:20,904 [grpc-default-executor-1] INFO  impl.VoteContext (VoteContext.java:log(48)) - 4a67b2a1-79be-440d-a7f9-3f5e5a8bd0ed@group-A8039840480C-FOLLOWER: reject ELECTION from 3055d1e2-eb1d-45ac-85ad-2ef847921969: our priority 1 > candidate's priority 0
2022-01-20 14:18:20,904 [grpc-default-executor-1] INFO  server.RaftServer$Division (RaftServerImpl.java:setRole(290)) - 4a67b2a1-79be-440d-a7f9-3f5e5a8bd0ed@group-A8039840480C: changes role from  FOLLOWER to FOLLOWER at term 1 for candidate:3055d1e2-eb1d-45ac-85ad-2ef847921969
2022-01-20 14:18:20,904 [grpc-default-executor-1] INFO  impl.RoleInfo (RoleInfo.java:shutdownFollowerState(108)) - 4a67b2a1-79be-440d-a7f9-3f5e5a8bd0ed: shutdown 4a67b2a1-79be-440d-a7f9-3f5e5a8bd0ed@group-A8039840480C-FollowerState
2022-01-20 14:18:20,904 [grpc-default-executor-1] INFO  impl.RoleInfo (RoleInfo.java:updateAndGet(130)) - 4a67b2a1-79be-440d-a7f9-3f5e5a8bd0ed: start 4a67b2a1-79be-440d-a7f9-3f5e5a8bd0ed@group-A8039840480C-FollowerState
2022-01-20 14:18:20,904 [4a67b2a1-79be-440d-a7f9-3f5e5a8bd0ed@group-A8039840480C-FollowerState] INFO  impl.FollowerState (FollowerState.java:run(143)) - 4a67b2a1-79be-440d-a7f9-3f5e5a8bd0ed@group-A8039840480C-FollowerState was interrupted: {}
java.lang.InterruptedException: sleep interrupted
	at java.lang.Thread.sleep(Native Method)
	at java.lang.Thread.sleep(Thread.java:340)
	at java.util.concurrent.TimeUnit.sleep(TimeUnit.java:386)
	at org.apache.ratis.util.TimeDuration.sleep(TimeDuration.java:324)
	at org.apache.ratis.util.TimeDuration.sleep(TimeDuration.java:309)
	at org.apache.ratis.server.impl.FollowerState.run(FollowerState.java:118)
2022-01-20 14:18:20,910 [grpc-default-executor-1] INFO  server.RaftServer$Division (RaftServerImpl.java:requestVote(1078)) - 4a67b2a1-79be-440d-a7f9-3f5e5a8bd0ed@group-A8039840480C replies to ELECTION vote request: 3055d1e2-eb1d-45ac-85ad-2ef847921969<-4a67b2a1-79be-440d-a7f9-3f5e5a8bd0ed#0:FAIL-t1. Peer's state: 4a67b2a1-79be-440d-a7f9-3f5e5a8bd0ed@group-A8039840480C:t1, leader=null, voted=null, raftlog=4a67b2a1-79be-440d-a7f9-3f5e5a8bd0ed@group-A8039840480C-SegmentedRaftLog:OPENED:c-1, conf=-1: [f405db60-e51c-4785-8bbc-e1c4726dfe5c|rpc:10.1.0.33:35313|dataStream:|priority:0, 4a67b2a1-79be-440d-a7f9-3f5e5a8bd0ed|rpc:10.1.0.33:42913|dataStream:|priority:1, 3055d1e2-eb1d-45ac-85ad-2ef847921969|rpc:10.1.0.33:39677|dataStream:|priority:0], old=null
2022-01-20 14:18:20,921 [3055d1e2-eb1d-45ac-85ad-2ef847921969@group-A8039840480C-LeaderElection42] INFO  impl.LeaderElection (LeaderElection.java:logAndReturn(89)) - 3055d1e2-eb1d-45ac-85ad-2ef847921969@group-A8039840480C-LeaderElection42: ELECTION REJECTED received 2 response(s) and 0 exception(s):
2022-01-20 14:18:20,921 [3055d1e2-eb1d-45ac-85ad-2ef847921969@group-A8039840480C-LeaderElection42] INFO  impl.LeaderElection (LeaderElection.java:logAndReturn(93)) -   Response 0: 3055d1e2-eb1d-45ac-85ad-2ef847921969<-f405db60-e51c-4785-8bbc-e1c4726dfe5c#0:OK-t1
2022-01-20 14:18:20,921 [3055d1e2-eb1d-45ac-85ad-2ef847921969@group-A8039840480C-LeaderElection42] INFO  impl.LeaderElection (LeaderElection.java:logAndReturn(93)) -   Response 1: 3055d1e2-eb1d-45ac-85ad-2ef847921969<-4a67b2a1-79be-440d-a7f9-3f5e5a8bd0ed#0:FAIL-t1
2022-01-20 14:18:20,921 [3055d1e2-eb1d-45ac-85ad-2ef847921969@group-A8039840480C-LeaderElection42] INFO  impl.LeaderElection (LeaderElection.java:askForVotes(308)) - 3055d1e2-eb1d-45ac-85ad-2ef847921969@group-A8039840480C-LeaderElection42 ELECTION round 0: result REJECTED
2022-01-20 14:18:20,921 [3055d1e2-eb1d-45ac-85ad-2ef847921969@group-A8039840480C-LeaderElection42] INFO  server.RaftServer$Division (RaftServerImpl.java:setRole(290)) - 3055d1e2-eb1d-45ac-85ad-2ef847921969@group-A8039840480C: changes role from CANDIDATE to FOLLOWER at term 1 for REJECTED
2022-01-20 14:18:20,921 [3055d1e2-eb1d-45ac-85ad-2ef847921969@group-A8039840480C-LeaderElection42] INFO  impl.RoleInfo (RoleInfo.java:shutdownLeaderElection(121)) - 3055d1e2-eb1d-45ac-85ad-2ef847921969: shutdown 3055d1e2-eb1d-45ac-85ad-2ef847921969@group-A8039840480C-LeaderElection42
2022-01-20 14:18:20,921 [3055d1e2-eb1d-45ac-85ad-2ef847921969@group-A8039840480C-LeaderElection42] INFO  impl.RoleInfo (RoleInfo.java:updateAndGet(130)) - 3055d1e2-eb1d-45ac-85ad-2ef847921969: start 3055d1e2-eb1d-45ac-85ad-2ef847921969@group-A8039840480C-FollowerState
2022-01-20 14:18:21,078 [Listener at 127.0.0.1/36805] INFO  ozone.MiniOzoneClusterImpl (MiniOzoneClusterImpl.java:lambda$waitForClusterToBeReady$0(219)) - Nodes are ready. Got 9 of 9 DN Heartbeats.
2022-01-20 14:18:21,078 [Listener at 127.0.0.1/36805] INFO  ozone.MiniOzoneClusterImpl (MiniOzoneClusterImpl.java:lambda$waitForClusterToBeReady$0(222)) - Waiting for cluster to exit safe mode
2022-01-20 14:18:21,078 [Listener at 127.0.0.1/36805] INFO  ozone.MiniOzoneClusterImpl (MiniOzoneClusterImpl.java:lambda$waitForClusterToBeReady$0(224)) - SCM became leader
2022-01-20 14:18:21,121 [Command processor thread] INFO  server.RaftServer (RaftServerProxy.java:addNew(95)) - 3934de01-e9c2-42ef-9a8f-f9cad9f9a13a: addNew group-95087C682C55:[3934de01-e9c2-42ef-9a8f-f9cad9f9a13a|rpc:10.1.0.33:40989|priority:1] returns group-95087C682C55:java.util.concurrent.CompletableFuture@1e5c363[Not completed]
2022-01-20 14:18:21,122 [pool-503-thread-1] INFO  server.RaftServer$Division (RaftServerImpl.java:<init>(184)) - 3934de01-e9c2-42ef-9a8f-f9cad9f9a13a: new RaftServerImpl for group-95087C682C55:[3934de01-e9c2-42ef-9a8f-f9cad9f9a13a|rpc:10.1.0.33:40989|priority:1] with ContainerStateMachine:uninitialized
2022-01-20 14:18:21,123 [pool-503-thread-1] INFO  server.RaftServerConfigKeys (ConfUtils.java:logGet(44)) - raft.server.rpc.timeout.min = 5s (custom)
2022-01-20 14:18:21,123 [pool-503-thread-1] INFO  server.RaftServerConfigKeys (ConfUtils.java:logGet(44)) - raft.server.rpc.timeout.max = 5200ms (custom)
2022-01-20 14:18:21,123 [pool-503-thread-1] INFO  server.RaftServerConfigKeys (ConfUtils.java:logGet(44)) - raft.server.rpc.sleep.time = 25ms (default)
2022-01-20 14:18:21,123 [pool-503-thread-1] INFO  server.RaftServerConfigKeys (ConfUtils.java:logGet(44)) - raft.server.rpc.slowness.timeout = 300000ms (custom)
2022-01-20 14:18:21,123 [pool-503-thread-1] INFO  server.RaftServerConfigKeys (ConfUtils.java:logGet(44)) - raft.server.leaderelection.leader.step-down.wait-time = 10s (default)
2022-01-20 14:18:21,123 [pool-503-thread-1] INFO  server.RaftServerConfigKeys (ConfUtils.java:logGet(44)) - raft.server.sleep.deviation.threshold = 300ms (default)
2022-01-20 14:18:21,123 [pool-503-thread-1] INFO  server.RaftServerConfigKeys (ConfUtils.java:logGet(44)) - raft.server.log.appender.install.snapshot.enabled = false (custom)
2022-01-20 14:18:21,123 [pool-503-thread-1] INFO  server.RaftServer$Division (ServerState.java:<init>(105)) - 3934de01-e9c2-42ef-9a8f-f9cad9f9a13a@group-95087C682C55: ConfigurationManager, init=-1: [3934de01-e9c2-42ef-9a8f-f9cad9f9a13a|rpc:10.1.0.33:40989|priority:1], old=null, confs=<EMPTY_MAP>
2022-01-20 14:18:21,123 [pool-503-thread-1] INFO  server.RaftServerConfigKeys (ConfUtils.java:logGet(44)) - raft.server.storage.dir = [/home/runner/work/ozone/ozone/hadoop-ozone/integration-test/target/test-dir/MiniOzoneClusterImpl-f1e7e660-ec45-4ef3-9198-8cc7416827f1/datanode-8/data/ratis] (custom)
2022-01-20 14:18:21,123 [pool-503-thread-1] INFO  server.RaftServerConfigKeys (ConfUtils.java:logGet(44)) - raft.server.log.corruption.policy = EXCEPTION (default)
2022-01-20 14:18:21,123 [pool-503-thread-1] INFO  server.RaftServerConfigKeys (ConfUtils.java:logGet(44)) - raft.server.storage.free-space.min = 0MB (=0) (default)
2022-01-20 14:18:21,123 [pool-503-thread-1] INFO  storage.RaftStorageDirectory (RaftStorageDirectoryImpl.java:analyzeStorage(135)) - The storage directory /home/runner/work/ozone/ozone/hadoop-ozone/integration-test/target/test-dir/MiniOzoneClusterImpl-f1e7e660-ec45-4ef3-9198-8cc7416827f1/datanode-8/data/ratis/d21a62da-0ff5-4921-8124-95087c682c55 does not exist. Creating ...
2022-01-20 14:18:21,125 [pool-503-thread-1] INFO  storage.RaftStorageDirectory (RaftStorageDirectoryImpl.java:tryLock(230)) - Lock on /home/runner/work/ozone/ozone/hadoop-ozone/integration-test/target/test-dir/MiniOzoneClusterImpl-f1e7e660-ec45-4ef3-9198-8cc7416827f1/datanode-8/data/ratis/d21a62da-0ff5-4921-8124-95087c682c55/in_use.lock acquired by nodename 2019@fv-az294-522
2022-01-20 14:18:21,126 [pool-503-thread-1] INFO  storage.RaftStorage (RaftStorageImpl.java:format(89)) - Storage directory /home/runner/work/ozone/ozone/hadoop-ozone/integration-test/target/test-dir/MiniOzoneClusterImpl-f1e7e660-ec45-4ef3-9198-8cc7416827f1/datanode-8/data/ratis/d21a62da-0ff5-4921-8124-95087c682c55 has been successfully formatted.
2022-01-20 14:18:21,127 [pool-503-thread-1] INFO  ratis.ContainerStateMachine (ContainerStateMachine.java:loadSnapshot(231)) - group-95087C682C55: The snapshot info is null. Setting the last applied indexto:(t:0, i:~)
2022-01-20 14:18:21,127 [pool-503-thread-1] INFO  server.RaftServerConfigKeys (ConfUtils.java:logGet(44)) - raft.server.notification.no-leader.timeout = 300000ms (custom)
2022-01-20 14:18:21,127 [pool-503-thread-1] INFO  server.RaftServerConfigKeys (ConfUtils.java:logGet(44)) - raft.server.log.use.memory = false (default)
2022-01-20 14:18:21,127 [pool-503-thread-1] INFO  server.RaftServerConfigKeys (ConfUtils.java:logGet(44)) - raft.server.log.purge.gap = 1000000 (custom)
2022-01-20 14:18:21,127 [pool-503-thread-1] INFO  server.RaftServerConfigKeys (ConfUtils.java:logGet(44)) - raft.server.log.appender.buffer.byte-limit = 33554432 (custom)
2022-01-20 14:18:21,127 [pool-503-thread-1] INFO  server.RaftServerConfigKeys (ConfUtils.java:logGet(44)) - raft.server.log.segment.size.max = 1048576 (custom)
2022-01-20 14:18:21,127 [pool-503-thread-1] INFO  server.RaftServerConfigKeys (ConfUtils.java:logGet(44)) - raft.server.log.segment.cache.num.max = 2 (custom)
2022-01-20 14:18:21,128 [pool-503-thread-1] INFO  server.RaftServerConfigKeys (ConfUtils.java:logGet(44)) - raft.server.log.segment.cache.size.max = 200MB (=209715200) (default)
2022-01-20 14:18:21,128 [pool-503-thread-1] INFO  segmented.SegmentedRaftLogWorker (SegmentedRaftLogWorker.java:<init>(182)) - new 3934de01-e9c2-42ef-9a8f-f9cad9f9a13a@group-95087C682C55-SegmentedRaftLogWorker for RaftStorageImpl:Storage Directory /home/runner/work/ozone/ozone/hadoop-ozone/integration-test/target/test-dir/MiniOzoneClusterImpl-f1e7e660-ec45-4ef3-9198-8cc7416827f1/datanode-8/data/ratis/d21a62da-0ff5-4921-8124-95087c682c55
2022-01-20 14:18:21,128 [pool-503-thread-1] INFO  server.RaftServerConfigKeys (ConfUtils.java:logGet(44)) - raft.server.log.queue.byte-limit = 2147483647 (custom)
2022-01-20 14:18:21,128 [pool-503-thread-1] INFO  server.RaftServerConfigKeys (ConfUtils.java:logGet(44)) - raft.server.log.queue.element-limit = 1024 (custom)
2022-01-20 14:18:21,128 [pool-503-thread-1] INFO  server.RaftServerConfigKeys (ConfUtils.java:logGet(44)) - raft.server.log.segment.size.max = 1048576 (custom)
2022-01-20 14:18:21,128 [pool-503-thread-1] INFO  server.RaftServerConfigKeys (ConfUtils.java:logGet(44)) - raft.server.log.preallocated.size = 16384 (custom)
2022-01-20 14:18:21,128 [pool-503-thread-1] INFO  server.RaftServerConfigKeys (ConfUtils.java:logGet(44)) - raft.server.log.force.sync.num = 128 (default)
2022-01-20 14:18:21,128 [pool-503-thread-1] INFO  server.RaftServerConfigKeys (ConfUtils.java:logGet(44)) - raft.server.log.statemachine.data.sync = true (default)
2022-01-20 14:18:21,128 [pool-503-thread-1] INFO  server.RaftServerConfigKeys (ConfUtils.java:logGet(44)) - raft.server.log.statemachine.data.sync.timeout = 10s (default)
2022-01-20 14:18:21,128 [pool-503-thread-1] INFO  server.RaftServerConfigKeys (ConfUtils.java:logGet(44)) - raft.server.log.statemachine.data.sync.timeout.retry = -1 (default)
2022-01-20 14:18:21,128 [EventQueue-PipelineReportForPipelineReportHandler] INFO  pipeline.PipelineManagerImpl (PipelineManagerImpl.java:openPipeline(291)) - Pipeline Pipeline[ Id: d21a62da-0ff5-4921-8124-95087c682c55, Nodes: 3934de01-e9c2-42ef-9a8f-f9cad9f9a13a{ip: 10.1.0.33, host: fv-az294-522.eaanfquahm5ulb5tj050gcxych.jx.internal.cloudapp.net, ports: [REPLICATION=38437, RATIS=40989, RATIS_ADMIN=40989, RATIS_SERVER=40989, STANDALONE=43347], networkLocation: /default-rack, certSerialId: null, persistedOpState: IN_SERVICE, persistedOpStateExpiryEpochSec: 0}, ReplicationConfig: RATIS/ONE, State:ALLOCATED, leaderId:3934de01-e9c2-42ef-9a8f-f9cad9f9a13a, CreationTimestamp2022-01-20T14:18:18.125Z[Etc/UTC]] moved to OPEN state
2022-01-20 14:18:21,130 [1614213d-f914-440d-b8eb-f10be6afcbc1@group-8CC7416827F1-StateMachineUpdater] INFO  safemode.HealthyPipelineSafeModeRule (HealthyPipelineSafeModeRule.java:initializeRule(152)) - Refreshed total pipeline count is 0, healthy pipeline threshold count is 1
2022-01-20 14:18:21,132 [EventQueue-PipelineReportForPipelineReportHandler] INFO  ha.SCMHAInvocationHandler (SCMHAInvocationHandler.java:invokeRatis(113)) - Invoking method public abstract void org.apache.hadoop.hdds.scm.pipeline.PipelineStateManager.updatePipelineState(org.apache.hadoop.hdds.protocol.proto.HddsProtos$PipelineID,org.apache.hadoop.hdds.protocol.proto.HddsProtos$PipelineState) throws java.io.IOException on target org.apache.hadoop.hdds.scm.ha.SCMRatisServerImpl@2589c416, cost 3496.627us
2022-01-20 14:18:21,132 [EventQueue-OpenPipelineForHealthyPipelineSafeModeRule] INFO  safemode.SCMSafeModeManager (HealthyPipelineSafeModeRule.java:process(124)) - SCM in safe mode. Healthy pipelines reported count is 0, required healthy pipeline reported count is 1
2022-01-20 14:18:21,132 [pool-503-thread-1] INFO  server.RaftServerConfigKeys (ConfUtils.java:logGet(44)) - raft.server.log.write.buffer.size = 1048576 (custom)
2022-01-20 14:18:21,133 [pool-503-thread-1] INFO  server.RaftServerConfigKeys (ConfUtils.java:logGet(44)) - raft.server.log.statemachine.data.caching.enabled = true (custom)
2022-01-20 14:18:21,133 [pool-503-thread-1] INFO  segmented.SegmentedRaftLogWorker (SegmentedRaftLogWorker.java:lambda$new$0(133)) - 3934de01-e9c2-42ef-9a8f-f9cad9f9a13a@group-95087C682C55-SegmentedRaftLogWorker: flushIndex: setUnconditionally 0 -> -1
2022-01-20 14:18:21,133 [pool-503-thread-1] INFO  segmented.SegmentedRaftLogWorker (SegmentedRaftLogWorker.java:lambda$new$0(133)) - 3934de01-e9c2-42ef-9a8f-f9cad9f9a13a@group-95087C682C55-SegmentedRaftLogWorker: safeCacheEvictIndex: setUnconditionally 0 -> -1
2022-01-20 14:18:21,140 [pool-503-thread-1] INFO  server.RaftServerConfigKeys (ConfUtils.java:logGet(44)) - raft.server.snapshot.auto.trigger.enabled = true (custom)
2022-01-20 14:18:21,140 [pool-503-thread-1] INFO  server.RaftServerConfigKeys (ConfUtils.java:logGet(44)) - raft.server.snapshot.auto.trigger.threshold = 10000 (custom)
2022-01-20 14:18:21,140 [pool-503-thread-1] INFO  server.RaftServerConfigKeys (ConfUtils.java:logGet(44)) - raft.server.snapshot.retention.file.num = 5 (custom)
2022-01-20 14:18:21,140 [pool-503-thread-1] INFO  server.RaftServerConfigKeys (ConfUtils.java:logGet(44)) - raft.server.log.purge.upto.snapshot.index = false (default)
2022-01-20 14:18:21,140 [pool-503-thread-1] INFO  server.RaftServerConfigKeys (ConfUtils.java:logGet(44)) - raft.server.retrycache.expirytime = 600000ms (custom)
2022-01-20 14:18:21,140 [pool-503-thread-1] INFO  server.RaftServerConfigKeys (ConfUtils.java:logGet(44)) - raft.server.retrycache.statistics.expirytime = 100μs (default)
2022-01-20 14:18:21,151 [pool-503-thread-1] INFO  server.RaftServer$Division (RaftServerImpl.java:start(301)) - 3934de01-e9c2-42ef-9a8f-f9cad9f9a13a@group-95087C682C55: start as a follower, conf=-1: [3934de01-e9c2-42ef-9a8f-f9cad9f9a13a|rpc:10.1.0.33:40989|priority:1], old=null
2022-01-20 14:18:21,151 [pool-503-thread-1] INFO  server.RaftServer$Division (RaftServerImpl.java:setRole(290)) - 3934de01-e9c2-42ef-9a8f-f9cad9f9a13a@group-95087C682C55: changes role from      null to FOLLOWER at term 0 for startAsFollower
2022-01-20 14:18:21,151 [pool-503-thread-1] INFO  impl.RoleInfo (RoleInfo.java:updateAndGet(130)) - 3934de01-e9c2-42ef-9a8f-f9cad9f9a13a: start 3934de01-e9c2-42ef-9a8f-f9cad9f9a13a@group-95087C682C55-FollowerState
2022-01-20 14:18:21,182 [pool-503-thread-1] INFO  util.JmxRegister (JmxRegister.java:tryRegister(44)) - Successfully registered JMX Bean with object name Ratis:service=RaftServer,group=group-95087C682C55,id=3934de01-e9c2-42ef-9a8f-f9cad9f9a13a
2022-01-20 14:18:21,183 [Command processor thread] INFO  ratis.XceiverServerRatis (XceiverServerRatis.java:addGroup(768)) - Created group PipelineID=d21a62da-0ff5-4921-8124-95087c682c55
2022-01-20 14:18:21,183 [Command processor thread] INFO  commandhandler.CreatePipelineCommandHandler (CreatePipelineCommandHandler.java:handle(106)) - Created Pipeline RATIS ONE PipelineID=d21a62da-0ff5-4921-8124-95087c682c55.
2022-01-20 14:18:21,335 [f405db60-e51c-4785-8bbc-e1c4726dfe5c@group-5BAB6E4D1A69-FollowerState] INFO  impl.FollowerState (FollowerState.java:run(134)) - f405db60-e51c-4785-8bbc-e1c4726dfe5c@group-5BAB6E4D1A69-FollowerState: change to CANDIDATE, lastRpcElapsedTime:5132125309ns, electionTimeout:5111ms
2022-01-20 14:18:21,336 [f405db60-e51c-4785-8bbc-e1c4726dfe5c@group-5BAB6E4D1A69-FollowerState] INFO  impl.RoleInfo (RoleInfo.java:shutdownFollowerState(108)) - f405db60-e51c-4785-8bbc-e1c4726dfe5c: shutdown f405db60-e51c-4785-8bbc-e1c4726dfe5c@group-5BAB6E4D1A69-FollowerState
2022-01-20 14:18:21,336 [f405db60-e51c-4785-8bbc-e1c4726dfe5c@group-5BAB6E4D1A69-FollowerState] INFO  server.RaftServer$Division (RaftServerImpl.java:setRole(290)) - f405db60-e51c-4785-8bbc-e1c4726dfe5c@group-5BAB6E4D1A69: changes role from  FOLLOWER to CANDIDATE at term 0 for changeToCandidate
2022-01-20 14:18:21,338 [f405db60-e51c-4785-8bbc-e1c4726dfe5c@group-5BAB6E4D1A69-FollowerState] INFO  server.RaftServerConfigKeys (ConfUtils.java:logGet(44)) - raft.server.leaderelection.pre-vote = false (custom)
2022-01-20 14:18:21,338 [f405db60-e51c-4785-8bbc-e1c4726dfe5c@group-5BAB6E4D1A69-FollowerState] INFO  impl.RoleInfo (RoleInfo.java:updateAndGet(130)) - f405db60-e51c-4785-8bbc-e1c4726dfe5c: start f405db60-e51c-4785-8bbc-e1c4726dfe5c@group-5BAB6E4D1A69-LeaderElection43
2022-01-20 14:18:21,368 [f405db60-e51c-4785-8bbc-e1c4726dfe5c@group-5BAB6E4D1A69-LeaderElection43] INFO  impl.LeaderElection (LeaderElection.java:askForVotes(306)) - f405db60-e51c-4785-8bbc-e1c4726dfe5c@group-5BAB6E4D1A69-LeaderElection43 ELECTION round 0: submit vote requests at term 1 for -1: [f405db60-e51c-4785-8bbc-e1c4726dfe5c|rpc:10.1.0.33:35313|priority:1], old=null
2022-01-20 14:18:21,368 [f405db60-e51c-4785-8bbc-e1c4726dfe5c@group-5BAB6E4D1A69-LeaderElection43] INFO  impl.LeaderElection (LeaderElection.java:askForVotes(308)) - f405db60-e51c-4785-8bbc-e1c4726dfe5c@group-5BAB6E4D1A69-LeaderElection43 ELECTION round 0: result PASSED (term=1)
2022-01-20 14:18:21,368 [f405db60-e51c-4785-8bbc-e1c4726dfe5c@group-5BAB6E4D1A69-LeaderElection43] INFO  impl.RoleInfo (RoleInfo.java:shutdownLeaderElection(121)) - f405db60-e51c-4785-8bbc-e1c4726dfe5c: shutdown f405db60-e51c-4785-8bbc-e1c4726dfe5c@group-5BAB6E4D1A69-LeaderElection43
2022-01-20 14:18:21,368 [f405db60-e51c-4785-8bbc-e1c4726dfe5c@group-5BAB6E4D1A69-LeaderElection43] INFO  server.RaftServer$Division (RaftServerImpl.java:setRole(290)) - f405db60-e51c-4785-8bbc-e1c4726dfe5c@group-5BAB6E4D1A69: changes role from CANDIDATE to LEADER at term 1 for changeToLeader
2022-01-20 14:18:21,368 [f405db60-e51c-4785-8bbc-e1c4726dfe5c@group-5BAB6E4D1A69-LeaderElection43] INFO  ratis.XceiverServerRatis (XceiverServerRatis.java:handleLeaderChangedNotification(866)) - Leader change notification received for group: group-5BAB6E4D1A69 with new leaderId: f405db60-e51c-4785-8bbc-e1c4726dfe5c
2022-01-20 14:18:21,369 [f405db60-e51c-4785-8bbc-e1c4726dfe5c@group-5BAB6E4D1A69-LeaderElection43] INFO  server.RaftServer$Division (ServerState.java:setLeader(285)) - f405db60-e51c-4785-8bbc-e1c4726dfe5c@group-5BAB6E4D1A69: change Leader from null to f405db60-e51c-4785-8bbc-e1c4726dfe5c at term 1 for becomeLeader, leader elected after 5200ms
2022-01-20 14:18:21,369 [f405db60-e51c-4785-8bbc-e1c4726dfe5c@group-5BAB6E4D1A69-LeaderElection43] INFO  server.RaftServerConfigKeys (ConfUtils.java:logGet(44)) - raft.server.staging.catchup.gap = 1000 (default)
2022-01-20 14:18:21,369 [f405db60-e51c-4785-8bbc-e1c4726dfe5c@group-5BAB6E4D1A69-LeaderElection43] INFO  server.RaftServerConfigKeys (ConfUtils.java:logGet(44)) - raft.server.write.element-limit = 1024 (custom)
2022-01-20 14:18:21,369 [f405db60-e51c-4785-8bbc-e1c4726dfe5c@group-5BAB6E4D1A69-LeaderElection43] INFO  server.RaftServerConfigKeys (ConfUtils.java:logGet(44)) - raft.server.write.byte-limit = 1024 M (=1073741824) (custom)
2022-01-20 14:18:21,369 [f405db60-e51c-4785-8bbc-e1c4726dfe5c@group-5BAB6E4D1A69-LeaderElection43] INFO  server.RaftServerConfigKeys (ConfUtils.java:logGet(44)) - raft.server.watch.timeout = 3000ms (custom)
2022-01-20 14:18:21,369 [f405db60-e51c-4785-8bbc-e1c4726dfe5c@group-5BAB6E4D1A69-LeaderElection43] INFO  server.RaftServerConfigKeys (ConfUtils.java:logGet(44)) - raft.server.watch.timeout.denomination = 1s (default)
2022-01-20 14:18:21,369 [f405db60-e51c-4785-8bbc-e1c4726dfe5c@group-5BAB6E4D1A69-LeaderElection43] INFO  server.RaftServerConfigKeys (ConfUtils.java:logGet(44)) - raft.server.watch.element-limit = 65536 (default)
2022-01-20 14:18:21,369 [f405db60-e51c-4785-8bbc-e1c4726dfe5c@group-5BAB6E4D1A69-LeaderElection43] INFO  server.RaftServerConfigKeys (ConfUtils.java:logGet(44)) - raft.server.write.element-limit = 1024 (custom)
2022-01-20 14:18:21,369 [f405db60-e51c-4785-8bbc-e1c4726dfe5c@group-5BAB6E4D1A69-LeaderElection43] INFO  server.RaftServerConfigKeys (ConfUtils.java:logGet(44)) - raft.server.write.follower.gap.ratio.max = -1.0 (default)
2022-01-20 14:18:21,370 [f405db60-e51c-4785-8bbc-e1c4726dfe5c@group-5BAB6E4D1A69-LeaderElection43] INFO  impl.RoleInfo (RoleInfo.java:updateAndGet(130)) - f405db60-e51c-4785-8bbc-e1c4726dfe5c: start f405db60-e51c-4785-8bbc-e1c4726dfe5c@group-5BAB6E4D1A69-LeaderStateImpl
2022-01-20 14:18:21,370 [f405db60-e51c-4785-8bbc-e1c4726dfe5c@group-5BAB6E4D1A69-LeaderElection43] INFO  segmented.SegmentedRaftLogWorker (SegmentedRaftLogWorker.java:startLogSegment(394)) - f405db60-e51c-4785-8bbc-e1c4726dfe5c@group-5BAB6E4D1A69-SegmentedRaftLogWorker: Starting segment from index:0
2022-01-20 14:18:21,373 [EventQueue-OpenPipelineForHealthyPipelineSafeModeRule] INFO  safemode.SCMSafeModeManager (HealthyPipelineSafeModeRule.java:process(124)) - SCM in safe mode. Healthy pipelines reported count is 0, required healthy pipeline reported count is 1
2022-01-20 14:18:21,375 [f405db60-e51c-4785-8bbc-e1c4726dfe5c@group-5BAB6E4D1A69-SegmentedRaftLogWorker] INFO  segmented.SegmentedRaftLogWorker (SegmentedRaftLogWorker.java:execute(601)) - f405db60-e51c-4785-8bbc-e1c4726dfe5c@group-5BAB6E4D1A69-SegmentedRaftLogWorker: created new log segment /home/runner/work/ozone/ozone/hadoop-ozone/integration-test/target/test-dir/MiniOzoneClusterImpl-f1e7e660-ec45-4ef3-9198-8cc7416827f1/datanode-1/data/ratis/720ba929-743e-41fc-9e69-5bab6e4d1a69/current/log_inprogress_0
2022-01-20 14:18:21,392 [f405db60-e51c-4785-8bbc-e1c4726dfe5c@group-5BAB6E4D1A69-LeaderElection43] INFO  server.RaftServer$Division (ServerState.java:setRaftConf(387)) - f405db60-e51c-4785-8bbc-e1c4726dfe5c@group-5BAB6E4D1A69: set configuration 0: [f405db60-e51c-4785-8bbc-e1c4726dfe5c|rpc:10.1.0.33:35313|dataStream:|priority:1], old=null
2022-01-20 14:18:22,078 [Listener at 127.0.0.1/36805] INFO  ozone.MiniOzoneClusterImpl (MiniOzoneClusterImpl.java:lambda$waitForClusterToBeReady$0(219)) - Nodes are ready. Got 9 of 9 DN Heartbeats.
2022-01-20 14:18:22,079 [Listener at 127.0.0.1/36805] INFO  ozone.MiniOzoneClusterImpl (MiniOzoneClusterImpl.java:lambda$waitForClusterToBeReady$0(222)) - Waiting for cluster to exit safe mode
2022-01-20 14:18:22,079 [Listener at 127.0.0.1/36805] INFO  ozone.MiniOzoneClusterImpl (MiniOzoneClusterImpl.java:lambda$waitForClusterToBeReady$0(224)) - SCM became leader
2022-01-20 14:18:22,241 [4a67b2a1-79be-440d-a7f9-3f5e5a8bd0ed@group-6952AA65C3C9-FollowerState] INFO  impl.FollowerState (FollowerState.java:run(134)) - 4a67b2a1-79be-440d-a7f9-3f5e5a8bd0ed@group-6952AA65C3C9-FollowerState: change to CANDIDATE, lastRpcElapsedTime:5053942508ns, electionTimeout:5052ms
2022-01-20 14:18:22,242 [4a67b2a1-79be-440d-a7f9-3f5e5a8bd0ed@group-6952AA65C3C9-FollowerState] INFO  impl.RoleInfo (RoleInfo.java:shutdownFollowerState(108)) - 4a67b2a1-79be-440d-a7f9-3f5e5a8bd0ed: shutdown 4a67b2a1-79be-440d-a7f9-3f5e5a8bd0ed@group-6952AA65C3C9-FollowerState
2022-01-20 14:18:22,242 [4a67b2a1-79be-440d-a7f9-3f5e5a8bd0ed@group-6952AA65C3C9-FollowerState] INFO  server.RaftServer$Division (RaftServerImpl.java:setRole(290)) - 4a67b2a1-79be-440d-a7f9-3f5e5a8bd0ed@group-6952AA65C3C9: changes role from  FOLLOWER to CANDIDATE at term 0 for changeToCandidate
2022-01-20 14:18:22,244 [4a67b2a1-79be-440d-a7f9-3f5e5a8bd0ed@group-6952AA65C3C9-FollowerState] INFO  server.RaftServerConfigKeys (ConfUtils.java:logGet(44)) - raft.server.leaderelection.pre-vote = false (custom)
2022-01-20 14:18:22,244 [4a67b2a1-79be-440d-a7f9-3f5e5a8bd0ed@group-6952AA65C3C9-FollowerState] INFO  impl.RoleInfo (RoleInfo.java:updateAndGet(130)) - 4a67b2a1-79be-440d-a7f9-3f5e5a8bd0ed: start 4a67b2a1-79be-440d-a7f9-3f5e5a8bd0ed@group-6952AA65C3C9-LeaderElection44
2022-01-20 14:18:22,284 [4a67b2a1-79be-440d-a7f9-3f5e5a8bd0ed@group-6952AA65C3C9-LeaderElection44] INFO  impl.LeaderElection (LeaderElection.java:askForVotes(306)) - 4a67b2a1-79be-440d-a7f9-3f5e5a8bd0ed@group-6952AA65C3C9-LeaderElection44 ELECTION round 0: submit vote requests at term 1 for -1: [4a67b2a1-79be-440d-a7f9-3f5e5a8bd0ed|rpc:10.1.0.33:42913|priority:1], old=null
2022-01-20 14:18:22,284 [4a67b2a1-79be-440d-a7f9-3f5e5a8bd0ed@group-6952AA65C3C9-LeaderElection44] INFO  impl.LeaderElection (LeaderElection.java:askForVotes(308)) - 4a67b2a1-79be-440d-a7f9-3f5e5a8bd0ed@group-6952AA65C3C9-LeaderElection44 ELECTION round 0: result PASSED (term=1)
2022-01-20 14:18:22,284 [4a67b2a1-79be-440d-a7f9-3f5e5a8bd0ed@group-6952AA65C3C9-LeaderElection44] INFO  impl.RoleInfo (RoleInfo.java:shutdownLeaderElection(121)) - 4a67b2a1-79be-440d-a7f9-3f5e5a8bd0ed: shutdown 4a67b2a1-79be-440d-a7f9-3f5e5a8bd0ed@group-6952AA65C3C9-LeaderElection44
2022-01-20 14:18:22,284 [4a67b2a1-79be-440d-a7f9-3f5e5a8bd0ed@group-6952AA65C3C9-LeaderElection44] INFO  server.RaftServer$Division (RaftServerImpl.java:setRole(290)) - 4a67b2a1-79be-440d-a7f9-3f5e5a8bd0ed@group-6952AA65C3C9: changes role from CANDIDATE to LEADER at term 1 for changeToLeader
2022-01-20 14:18:22,284 [4a67b2a1-79be-440d-a7f9-3f5e5a8bd0ed@group-6952AA65C3C9-LeaderElection44] INFO  ratis.XceiverServerRatis (XceiverServerRatis.java:handleLeaderChangedNotification(866)) - Leader change notification received for group: group-6952AA65C3C9 with new leaderId: 4a67b2a1-79be-440d-a7f9-3f5e5a8bd0ed
2022-01-20 14:18:22,284 [4a67b2a1-79be-440d-a7f9-3f5e5a8bd0ed@group-6952AA65C3C9-LeaderElection44] INFO  server.RaftServer$Division (ServerState.java:setLeader(285)) - 4a67b2a1-79be-440d-a7f9-3f5e5a8bd0ed@group-6952AA65C3C9: change Leader from null to 4a67b2a1-79be-440d-a7f9-3f5e5a8bd0ed at term 1 for becomeLeader, leader elected after 5127ms
2022-01-20 14:18:22,285 [4a67b2a1-79be-440d-a7f9-3f5e5a8bd0ed@group-6952AA65C3C9-LeaderElection44] INFO  server.RaftServerConfigKeys (ConfUtils.java:logGet(44)) - raft.server.staging.catchup.gap = 1000 (default)
2022-01-20 14:18:22,285 [4a67b2a1-79be-440d-a7f9-3f5e5a8bd0ed@group-6952AA65C3C9-LeaderElection44] INFO  server.RaftServerConfigKeys (ConfUtils.java:logGet(44)) - raft.server.write.element-limit = 1024 (custom)
2022-01-20 14:18:22,285 [4a67b2a1-79be-440d-a7f9-3f5e5a8bd0ed@group-6952AA65C3C9-LeaderElection44] INFO  server.RaftServerConfigKeys (ConfUtils.java:logGet(44)) - raft.server.write.byte-limit = 1024 M (=1073741824) (custom)
2022-01-20 14:18:22,286 [4a67b2a1-79be-440d-a7f9-3f5e5a8bd0ed@group-6952AA65C3C9-LeaderElection44] INFO  server.RaftServerConfigKeys (ConfUtils.java:logGet(44)) - raft.server.watch.timeout = 3000ms (custom)
2022-01-20 14:18:22,286 [4a67b2a1-79be-440d-a7f9-3f5e5a8bd0ed@group-6952AA65C3C9-LeaderElection44] INFO  server.RaftServerConfigKeys (ConfUtils.java:logGet(44)) - raft.server.watch.timeout.denomination = 1s (default)
2022-01-20 14:18:22,286 [4a67b2a1-79be-440d-a7f9-3f5e5a8bd0ed@group-6952AA65C3C9-LeaderElection44] INFO  server.RaftServerConfigKeys (ConfUtils.java:logGet(44)) - raft.server.watch.element-limit = 65536 (default)
2022-01-20 14:18:22,286 [4a67b2a1-79be-440d-a7f9-3f5e5a8bd0ed@group-6952AA65C3C9-LeaderElection44] INFO  server.RaftServerConfigKeys (ConfUtils.java:logGet(44)) - raft.server.write.element-limit = 1024 (custom)
2022-01-20 14:18:22,286 [4a67b2a1-79be-440d-a7f9-3f5e5a8bd0ed@group-6952AA65C3C9-LeaderElection44] INFO  server.RaftServerConfigKeys (ConfUtils.java:logGet(44)) - raft.server.write.follower.gap.ratio.max = -1.0 (default)
2022-01-20 14:18:22,286 [4a67b2a1-79be-440d-a7f9-3f5e5a8bd0ed@group-6952AA65C3C9-LeaderElection44] INFO  impl.RoleInfo (RoleInfo.java:updateAndGet(130)) - 4a67b2a1-79be-440d-a7f9-3f5e5a8bd0ed: start 4a67b2a1-79be-440d-a7f9-3f5e5a8bd0ed@group-6952AA65C3C9-LeaderStateImpl
2022-01-20 14:18:22,286 [4a67b2a1-79be-440d-a7f9-3f5e5a8bd0ed@group-6952AA65C3C9-LeaderElection44] INFO  segmented.SegmentedRaftLogWorker (SegmentedRaftLogWorker.java:startLogSegment(394)) - 4a67b2a1-79be-440d-a7f9-3f5e5a8bd0ed@group-6952AA65C3C9-SegmentedRaftLogWorker: Starting segment from index:0
2022-01-20 14:18:22,287 [EventQueue-OpenPipelineForHealthyPipelineSafeModeRule] INFO  safemode.SCMSafeModeManager (HealthyPipelineSafeModeRule.java:process(124)) - SCM in safe mode. Healthy pipelines reported count is 0, required healthy pipeline reported count is 1
2022-01-20 14:18:22,293 [4a67b2a1-79be-440d-a7f9-3f5e5a8bd0ed@group-6952AA65C3C9-SegmentedRaftLogWorker] INFO  segmented.SegmentedRaftLogWorker (SegmentedRaftLogWorker.java:execute(601)) - 4a67b2a1-79be-440d-a7f9-3f5e5a8bd0ed@group-6952AA65C3C9-SegmentedRaftLogWorker: created new log segment /home/runner/work/ozone/ozone/hadoop-ozone/integration-test/target/test-dir/MiniOzoneClusterImpl-f1e7e660-ec45-4ef3-9198-8cc7416827f1/datanode-2/data/ratis/0811097b-d2e7-4f06-8318-6952aa65c3c9/current/log_inprogress_0
2022-01-20 14:18:22,303 [4a67b2a1-79be-440d-a7f9-3f5e5a8bd0ed@group-6952AA65C3C9-LeaderElection44] INFO  server.RaftServer$Division (ServerState.java:setRaftConf(387)) - 4a67b2a1-79be-440d-a7f9-3f5e5a8bd0ed@group-6952AA65C3C9: set configuration 0: [4a67b2a1-79be-440d-a7f9-3f5e5a8bd0ed|rpc:10.1.0.33:42913|dataStream:|priority:1], old=null
2022-01-20 14:18:22,928 [8543d24f-bec7-4768-944c-282c8ff9c745@group-B29CF439A51F-FollowerState] INFO  impl.FollowerState (FollowerState.java:run(134)) - 8543d24f-bec7-4768-944c-282c8ff9c745@group-B29CF439A51F-FollowerState: change to CANDIDATE, lastRpcElapsedTime:5007035947ns, electionTimeout:5003ms
2022-01-20 14:18:22,929 [8543d24f-bec7-4768-944c-282c8ff9c745@group-B29CF439A51F-FollowerState] INFO  impl.RoleInfo (RoleInfo.java:shutdownFollowerState(108)) - 8543d24f-bec7-4768-944c-282c8ff9c745: shutdown 8543d24f-bec7-4768-944c-282c8ff9c745@group-B29CF439A51F-FollowerState
2022-01-20 14:18:22,929 [8543d24f-bec7-4768-944c-282c8ff9c745@group-B29CF439A51F-FollowerState] INFO  server.RaftServer$Division (RaftServerImpl.java:setRole(290)) - 8543d24f-bec7-4768-944c-282c8ff9c745@group-B29CF439A51F: changes role from  FOLLOWER to CANDIDATE at term 0 for changeToCandidate
2022-01-20 14:18:22,931 [8543d24f-bec7-4768-944c-282c8ff9c745@group-B29CF439A51F-FollowerState] INFO  server.RaftServerConfigKeys (ConfUtils.java:logGet(44)) - raft.server.leaderelection.pre-vote = false (custom)
2022-01-20 14:18:22,931 [8543d24f-bec7-4768-944c-282c8ff9c745@group-B29CF439A51F-FollowerState] INFO  impl.RoleInfo (RoleInfo.java:updateAndGet(130)) - 8543d24f-bec7-4768-944c-282c8ff9c745: start 8543d24f-bec7-4768-944c-282c8ff9c745@group-B29CF439A51F-LeaderElection45
2022-01-20 14:18:22,952 [8543d24f-bec7-4768-944c-282c8ff9c745@group-B29CF439A51F-LeaderElection45] INFO  impl.LeaderElection (LeaderElection.java:askForVotes(306)) - 8543d24f-bec7-4768-944c-282c8ff9c745@group-B29CF439A51F-LeaderElection45 ELECTION round 0: submit vote requests at term 1 for -1: [8543d24f-bec7-4768-944c-282c8ff9c745|rpc:10.1.0.33:34369|priority:1], old=null
2022-01-20 14:18:22,952 [8543d24f-bec7-4768-944c-282c8ff9c745@group-B29CF439A51F-LeaderElection45] INFO  impl.LeaderElection (LeaderElection.java:askForVotes(308)) - 8543d24f-bec7-4768-944c-282c8ff9c745@group-B29CF439A51F-LeaderElection45 ELECTION round 0: result PASSED (term=1)
2022-01-20 14:18:22,952 [8543d24f-bec7-4768-944c-282c8ff9c745@group-B29CF439A51F-LeaderElection45] INFO  impl.RoleInfo (RoleInfo.java:shutdownLeaderElection(121)) - 8543d24f-bec7-4768-944c-282c8ff9c745: shutdown 8543d24f-bec7-4768-944c-282c8ff9c745@group-B29CF439A51F-LeaderElection45
2022-01-20 14:18:22,952 [8543d24f-bec7-4768-944c-282c8ff9c745@group-B29CF439A51F-LeaderElection45] INFO  server.RaftServer$Division (RaftServerImpl.java:setRole(290)) - 8543d24f-bec7-4768-944c-282c8ff9c745@group-B29CF439A51F: changes role from CANDIDATE to LEADER at term 1 for changeToLeader
2022-01-20 14:18:22,952 [8543d24f-bec7-4768-944c-282c8ff9c745@group-B29CF439A51F-LeaderElection45] INFO  ratis.XceiverServerRatis (XceiverServerRatis.java:handleLeaderChangedNotification(866)) - Leader change notification received for group: group-B29CF439A51F with new leaderId: 8543d24f-bec7-4768-944c-282c8ff9c745
2022-01-20 14:18:22,957 [EventQueue-OpenPipelineForHealthyPipelineSafeModeRule] INFO  safemode.SCMSafeModeManager (HealthyPipelineSafeModeRule.java:process(124)) - SCM in safe mode. Healthy pipelines reported count is 0, required healthy pipeline reported count is 1
2022-01-20 14:18:22,959 [8543d24f-bec7-4768-944c-282c8ff9c745@group-B29CF439A51F-LeaderElection45] INFO  server.RaftServer$Division (ServerState.java:setLeader(285)) - 8543d24f-bec7-4768-944c-282c8ff9c745@group-B29CF439A51F: change Leader from null to 8543d24f-bec7-4768-944c-282c8ff9c745 at term 1 for becomeLeader, leader elected after 5049ms
2022-01-20 14:18:22,960 [8543d24f-bec7-4768-944c-282c8ff9c745@group-B29CF439A51F-LeaderElection45] INFO  server.RaftServerConfigKeys (ConfUtils.java:logGet(44)) - raft.server.staging.catchup.gap = 1000 (default)
2022-01-20 14:18:22,960 [8543d24f-bec7-4768-944c-282c8ff9c745@group-B29CF439A51F-LeaderElection45] INFO  server.RaftServerConfigKeys (ConfUtils.java:logGet(44)) - raft.server.write.element-limit = 1024 (custom)
2022-01-20 14:18:22,960 [8543d24f-bec7-4768-944c-282c8ff9c745@group-B29CF439A51F-LeaderElection45] INFO  server.RaftServerConfigKeys (ConfUtils.java:logGet(44)) - raft.server.write.byte-limit = 1024 M (=1073741824) (custom)
2022-01-20 14:18:22,960 [8543d24f-bec7-4768-944c-282c8ff9c745@group-B29CF439A51F-LeaderElection45] INFO  server.RaftServerConfigKeys (ConfUtils.java:logGet(44)) - raft.server.watch.timeout = 3000ms (custom)
2022-01-20 14:18:22,960 [8543d24f-bec7-4768-944c-282c8ff9c745@group-B29CF439A51F-LeaderElection45] INFO  server.RaftServerConfigKeys (ConfUtils.java:logGet(44)) - raft.server.watch.timeout.denomination = 1s (default)
2022-01-20 14:18:22,960 [8543d24f-bec7-4768-944c-282c8ff9c745@group-B29CF439A51F-LeaderElection45] INFO  server.RaftServerConfigKeys (ConfUtils.java:logGet(44)) - raft.server.watch.element-limit = 65536 (default)
2022-01-20 14:18:22,961 [8543d24f-bec7-4768-944c-282c8ff9c745@group-B29CF439A51F-LeaderElection45] INFO  server.RaftServerConfigKeys (ConfUtils.java:logGet(44)) - raft.server.write.element-limit = 1024 (custom)
2022-01-20 14:18:22,961 [8543d24f-bec7-4768-944c-282c8ff9c745@group-B29CF439A51F-LeaderElection45] INFO  server.RaftServerConfigKeys (ConfUtils.java:logGet(44)) - raft.server.write.follower.gap.ratio.max = -1.0 (default)
2022-01-20 14:18:22,961 [8543d24f-bec7-4768-944c-282c8ff9c745@group-B29CF439A51F-LeaderElection45] INFO  impl.RoleInfo (RoleInfo.java:updateAndGet(130)) - 8543d24f-bec7-4768-944c-282c8ff9c745: start 8543d24f-bec7-4768-944c-282c8ff9c745@group-B29CF439A51F-LeaderStateImpl
2022-01-20 14:18:22,961 [8543d24f-bec7-4768-944c-282c8ff9c745@group-B29CF439A51F-LeaderElection45] INFO  segmented.SegmentedRaftLogWorker (SegmentedRaftLogWorker.java:startLogSegment(394)) - 8543d24f-bec7-4768-944c-282c8ff9c745@group-B29CF439A51F-SegmentedRaftLogWorker: Starting segment from index:0
2022-01-20 14:18:22,966 [8543d24f-bec7-4768-944c-282c8ff9c745@group-B29CF439A51F-LeaderElection45] INFO  server.RaftServer$Division (ServerState.java:setRaftConf(387)) - 8543d24f-bec7-4768-944c-282c8ff9c745@group-B29CF439A51F: set configuration 0: [8543d24f-bec7-4768-944c-282c8ff9c745|rpc:10.1.0.33:34369|dataStream:|priority:1], old=null
2022-01-20 14:18:22,992 [8543d24f-bec7-4768-944c-282c8ff9c745@group-B29CF439A51F-SegmentedRaftLogWorker] INFO  segmented.SegmentedRaftLogWorker (SegmentedRaftLogWorker.java:execute(601)) - 8543d24f-bec7-4768-944c-282c8ff9c745@group-B29CF439A51F-SegmentedRaftLogWorker: created new log segment /home/runner/work/ozone/ozone/hadoop-ozone/integration-test/target/test-dir/MiniOzoneClusterImpl-f1e7e660-ec45-4ef3-9198-8cc7416827f1/datanode-3/data/ratis/a213106b-eb96-4717-b5bb-b29cf439a51f/current/log_inprogress_0
2022-01-20 14:18:23,052 [8543d24f-bec7-4768-944c-282c8ff9c745@group-477B38A169A7-FollowerState] INFO  impl.FollowerState (FollowerState.java:run(134)) - 8543d24f-bec7-4768-944c-282c8ff9c745@group-477B38A169A7-FollowerState: change to CANDIDATE, lastRpcElapsedTime:5080607409ns, electionTimeout:5072ms
2022-01-20 14:18:23,052 [8543d24f-bec7-4768-944c-282c8ff9c745@group-477B38A169A7-FollowerState] INFO  impl.RoleInfo (RoleInfo.java:shutdownFollowerState(108)) - 8543d24f-bec7-4768-944c-282c8ff9c745: shutdown 8543d24f-bec7-4768-944c-282c8ff9c745@group-477B38A169A7-FollowerState
2022-01-20 14:18:23,053 [8543d24f-bec7-4768-944c-282c8ff9c745@group-477B38A169A7-FollowerState] INFO  server.RaftServer$Division (RaftServerImpl.java:setRole(290)) - 8543d24f-bec7-4768-944c-282c8ff9c745@group-477B38A169A7: changes role from  FOLLOWER to CANDIDATE at term 0 for changeToCandidate
2022-01-20 14:18:23,053 [8543d24f-bec7-4768-944c-282c8ff9c745@group-477B38A169A7-FollowerState] INFO  server.RaftServerConfigKeys (ConfUtils.java:logGet(44)) - raft.server.leaderelection.pre-vote = false (custom)
2022-01-20 14:18:23,053 [8543d24f-bec7-4768-944c-282c8ff9c745@group-477B38A169A7-FollowerState] INFO  impl.RoleInfo (RoleInfo.java:updateAndGet(130)) - 8543d24f-bec7-4768-944c-282c8ff9c745: start 8543d24f-bec7-4768-944c-282c8ff9c745@group-477B38A169A7-LeaderElection46
2022-01-20 14:18:23,072 [8543d24f-bec7-4768-944c-282c8ff9c745@group-477B38A169A7-LeaderElection46] INFO  impl.LeaderElection (LeaderElection.java:askForVotes(306)) - 8543d24f-bec7-4768-944c-282c8ff9c745@group-477B38A169A7-LeaderElection46 ELECTION round 0: submit vote requests at term 1 for -1: [c842222a-b1c3-47cd-9e78-3481338af40d|rpc:10.1.0.33:44871|priority:0, 8543d24f-bec7-4768-944c-282c8ff9c745|rpc:10.1.0.33:34369|priority:0, 974883c6-3444-443e-b406-2e7f57ab6e46|rpc:10.1.0.33:43877|priority:1], old=null
2022-01-20 14:18:23,079 [Listener at 127.0.0.1/36805] INFO  ozone.MiniOzoneClusterImpl (MiniOzoneClusterImpl.java:lambda$waitForClusterToBeReady$0(219)) - Nodes are ready. Got 9 of 9 DN Heartbeats.
2022-01-20 14:18:23,079 [Listener at 127.0.0.1/36805] INFO  ozone.MiniOzoneClusterImpl (MiniOzoneClusterImpl.java:lambda$waitForClusterToBeReady$0(222)) - Waiting for cluster to exit safe mode
2022-01-20 14:18:23,079 [Listener at 127.0.0.1/36805] INFO  ozone.MiniOzoneClusterImpl (MiniOzoneClusterImpl.java:lambda$waitForClusterToBeReady$0(224)) - SCM became leader
2022-01-20 14:18:23,106 [grpc-default-executor-1] INFO  server.RaftServer$Division (RaftServerImpl.java:requestVote(1046)) - c842222a-b1c3-47cd-9e78-3481338af40d@group-477B38A169A7: receive requestVote(ELECTION, 8543d24f-bec7-4768-944c-282c8ff9c745, group-477B38A169A7, 1, (t:0, i:0))
2022-01-20 14:18:23,106 [grpc-default-executor-1] INFO  impl.VoteContext (VoteContext.java:log(48)) - c842222a-b1c3-47cd-9e78-3481338af40d@group-477B38A169A7-FOLLOWER: accept ELECTION from 8543d24f-bec7-4768-944c-282c8ff9c745: our priority 0 <= candidate's priority 0
2022-01-20 14:18:23,106 [grpc-default-executor-1] INFO  server.RaftServer$Division (RaftServerImpl.java:setRole(290)) - c842222a-b1c3-47cd-9e78-3481338af40d@group-477B38A169A7: changes role from  FOLLOWER to FOLLOWER at term 1 for candidate:8543d24f-bec7-4768-944c-282c8ff9c745
2022-01-20 14:18:23,106 [grpc-default-executor-1] INFO  impl.RoleInfo (RoleInfo.java:shutdownFollowerState(108)) - c842222a-b1c3-47cd-9e78-3481338af40d: shutdown c842222a-b1c3-47cd-9e78-3481338af40d@group-477B38A169A7-FollowerState
2022-01-20 14:18:23,106 [grpc-default-executor-1] INFO  impl.RoleInfo (RoleInfo.java:updateAndGet(130)) - c842222a-b1c3-47cd-9e78-3481338af40d: start c842222a-b1c3-47cd-9e78-3481338af40d@group-477B38A169A7-FollowerState
2022-01-20 14:18:23,106 [c842222a-b1c3-47cd-9e78-3481338af40d@group-477B38A169A7-FollowerState] INFO  impl.FollowerState (FollowerState.java:run(143)) - c842222a-b1c3-47cd-9e78-3481338af40d@group-477B38A169A7-FollowerState was interrupted: {}
java.lang.InterruptedException: sleep interrupted
	at java.lang.Thread.sleep(Native Method)
	at java.lang.Thread.sleep(Thread.java:340)
	at java.util.concurrent.TimeUnit.sleep(TimeUnit.java:386)
	at org.apache.ratis.util.TimeDuration.sleep(TimeDuration.java:324)
	at org.apache.ratis.util.TimeDuration.sleep(TimeDuration.java:309)
	at org.apache.ratis.server.impl.FollowerState.run(FollowerState.java:118)
2022-01-20 14:18:23,108 [grpc-default-executor-1] INFO  server.RaftServer$Division (RaftServerImpl.java:requestVote(1078)) - c842222a-b1c3-47cd-9e78-3481338af40d@group-477B38A169A7 replies to ELECTION vote request: 8543d24f-bec7-4768-944c-282c8ff9c745<-c842222a-b1c3-47cd-9e78-3481338af40d#0:OK-t1. Peer's state: c842222a-b1c3-47cd-9e78-3481338af40d@group-477B38A169A7:t1, leader=null, voted=8543d24f-bec7-4768-944c-282c8ff9c745, raftlog=c842222a-b1c3-47cd-9e78-3481338af40d@group-477B38A169A7-SegmentedRaftLog:OPENED:c-1, conf=-1: [c842222a-b1c3-47cd-9e78-3481338af40d|rpc:10.1.0.33:44871|dataStream:|priority:0, 8543d24f-bec7-4768-944c-282c8ff9c745|rpc:10.1.0.33:34369|dataStream:|priority:0, 974883c6-3444-443e-b406-2e7f57ab6e46|rpc:10.1.0.33:43877|dataStream:|priority:1], old=null
2022-01-20 14:18:23,130 [grpc-default-executor-1] INFO  server.RaftServer$Division (RaftServerImpl.java:requestVote(1046)) - 974883c6-3444-443e-b406-2e7f57ab6e46@group-477B38A169A7: receive requestVote(ELECTION, 8543d24f-bec7-4768-944c-282c8ff9c745, group-477B38A169A7, 1, (t:0, i:0))
2022-01-20 14:18:23,130 [grpc-default-executor-1] INFO  impl.VoteContext (VoteContext.java:log(48)) - 974883c6-3444-443e-b406-2e7f57ab6e46@group-477B38A169A7-FOLLOWER: reject ELECTION from 8543d24f-bec7-4768-944c-282c8ff9c745: our priority 1 > candidate's priority 0
2022-01-20 14:18:23,130 [grpc-default-executor-1] INFO  server.RaftServer$Division (RaftServerImpl.java:setRole(290)) - 974883c6-3444-443e-b406-2e7f57ab6e46@group-477B38A169A7: changes role from  FOLLOWER to FOLLOWER at term 1 for candidate:8543d24f-bec7-4768-944c-282c8ff9c745
2022-01-20 14:18:23,130 [grpc-default-executor-1] INFO  impl.RoleInfo (RoleInfo.java:shutdownFollowerState(108)) - 974883c6-3444-443e-b406-2e7f57ab6e46: shutdown 974883c6-3444-443e-b406-2e7f57ab6e46@group-477B38A169A7-FollowerState
2022-01-20 14:18:23,130 [grpc-default-executor-1] INFO  impl.RoleInfo (RoleInfo.java:updateAndGet(130)) - 974883c6-3444-443e-b406-2e7f57ab6e46: start 974883c6-3444-443e-b406-2e7f57ab6e46@group-477B38A169A7-FollowerState
2022-01-20 14:18:23,131 [974883c6-3444-443e-b406-2e7f57ab6e46@group-477B38A169A7-FollowerState] INFO  impl.FollowerState (FollowerState.java:run(143)) - 974883c6-3444-443e-b406-2e7f57ab6e46@group-477B38A169A7-FollowerState was interrupted: {}
java.lang.InterruptedException: sleep interrupted
	at java.lang.Thread.sleep(Native Method)
	at java.lang.Thread.sleep(Thread.java:340)
	at java.util.concurrent.TimeUnit.sleep(TimeUnit.java:386)
	at org.apache.ratis.util.TimeDuration.sleep(TimeDuration.java:324)
	at org.apache.ratis.util.TimeDuration.sleep(TimeDuration.java:309)
	at org.apache.ratis.server.impl.FollowerState.run(FollowerState.java:118)
2022-01-20 14:18:23,157 [grpc-default-executor-1] INFO  server.RaftServer$Division (RaftServerImpl.java:requestVote(1078)) - 974883c6-3444-443e-b406-2e7f57ab6e46@group-477B38A169A7 replies to ELECTION vote request: 8543d24f-bec7-4768-944c-282c8ff9c745<-974883c6-3444-443e-b406-2e7f57ab6e46#0:FAIL-t1. Peer's state: 974883c6-3444-443e-b406-2e7f57ab6e46@group-477B38A169A7:t1, leader=null, voted=null, raftlog=974883c6-3444-443e-b406-2e7f57ab6e46@group-477B38A169A7-SegmentedRaftLog:OPENED:c-1, conf=-1: [c842222a-b1c3-47cd-9e78-3481338af40d|rpc:10.1.0.33:44871|dataStream:|priority:0, 8543d24f-bec7-4768-944c-282c8ff9c745|rpc:10.1.0.33:34369|dataStream:|priority:0, 974883c6-3444-443e-b406-2e7f57ab6e46|rpc:10.1.0.33:43877|dataStream:|priority:1], old=null
2022-01-20 14:18:23,162 [8543d24f-bec7-4768-944c-282c8ff9c745@group-477B38A169A7-LeaderElection46] INFO  impl.LeaderElection (LeaderElection.java:logAndReturn(89)) - 8543d24f-bec7-4768-944c-282c8ff9c745@group-477B38A169A7-LeaderElection46: ELECTION REJECTED received 2 response(s) and 0 exception(s):
2022-01-20 14:18:23,162 [8543d24f-bec7-4768-944c-282c8ff9c745@group-477B38A169A7-LeaderElection46] INFO  impl.LeaderElection (LeaderElection.java:logAndReturn(93)) -   Response 0: 8543d24f-bec7-4768-944c-282c8ff9c745<-c842222a-b1c3-47cd-9e78-3481338af40d#0:OK-t1
2022-01-20 14:18:23,162 [8543d24f-bec7-4768-944c-282c8ff9c745@group-477B38A169A7-LeaderElection46] INFO  impl.LeaderElection (LeaderElection.java:logAndReturn(93)) -   Response 1: 8543d24f-bec7-4768-944c-282c8ff9c745<-974883c6-3444-443e-b406-2e7f57ab6e46#0:FAIL-t1
2022-01-20 14:18:23,162 [8543d24f-bec7-4768-944c-282c8ff9c745@group-477B38A169A7-LeaderElection46] INFO  impl.LeaderElection (LeaderElection.java:askForVotes(308)) - 8543d24f-bec7-4768-944c-282c8ff9c745@group-477B38A169A7-LeaderElection46 ELECTION round 0: result REJECTED
2022-01-20 14:18:23,162 [8543d24f-bec7-4768-944c-282c8ff9c745@group-477B38A169A7-LeaderElection46] INFO  server.RaftServer$Division (RaftServerImpl.java:setRole(290)) - 8543d24f-bec7-4768-944c-282c8ff9c745@group-477B38A169A7: changes role from CANDIDATE to FOLLOWER at term 1 for REJECTED
2022-01-20 14:18:23,162 [8543d24f-bec7-4768-944c-282c8ff9c745@group-477B38A169A7-LeaderElection46] INFO  impl.RoleInfo (RoleInfo.java:shutdownLeaderElection(121)) - 8543d24f-bec7-4768-944c-282c8ff9c745: shutdown 8543d24f-bec7-4768-944c-282c8ff9c745@group-477B38A169A7-LeaderElection46
2022-01-20 14:18:23,162 [8543d24f-bec7-4768-944c-282c8ff9c745@group-477B38A169A7-LeaderElection46] INFO  impl.RoleInfo (RoleInfo.java:updateAndGet(130)) - 8543d24f-bec7-4768-944c-282c8ff9c745: start 8543d24f-bec7-4768-944c-282c8ff9c745@group-477B38A169A7-FollowerState
2022-01-20 14:18:23,625 [c842222a-b1c3-47cd-9e78-3481338af40d@group-D3BE8673A19F-FollowerState] INFO  impl.FollowerState (FollowerState.java:run(134)) - c842222a-b1c3-47cd-9e78-3481338af40d@group-D3BE8673A19F-FollowerState: change to CANDIDATE, lastRpcElapsedTime:5194646179ns, electionTimeout:5186ms
2022-01-20 14:18:23,625 [c842222a-b1c3-47cd-9e78-3481338af40d@group-D3BE8673A19F-FollowerState] INFO  impl.RoleInfo (RoleInfo.java:shutdownFollowerState(108)) - c842222a-b1c3-47cd-9e78-3481338af40d: shutdown c842222a-b1c3-47cd-9e78-3481338af40d@group-D3BE8673A19F-FollowerState
2022-01-20 14:18:23,625 [c842222a-b1c3-47cd-9e78-3481338af40d@group-D3BE8673A19F-FollowerState] INFO  server.RaftServer$Division (RaftServerImpl.java:setRole(290)) - c842222a-b1c3-47cd-9e78-3481338af40d@group-D3BE8673A19F: changes role from  FOLLOWER to CANDIDATE at term 0 for changeToCandidate
2022-01-20 14:18:23,628 [c842222a-b1c3-47cd-9e78-3481338af40d@group-D3BE8673A19F-FollowerState] INFO  server.RaftServerConfigKeys (ConfUtils.java:logGet(44)) - raft.server.leaderelection.pre-vote = false (custom)
2022-01-20 14:18:23,628 [c842222a-b1c3-47cd-9e78-3481338af40d@group-D3BE8673A19F-FollowerState] INFO  impl.RoleInfo (RoleInfo.java:updateAndGet(130)) - c842222a-b1c3-47cd-9e78-3481338af40d: start c842222a-b1c3-47cd-9e78-3481338af40d@group-D3BE8673A19F-LeaderElection47
2022-01-20 14:18:23,665 [c842222a-b1c3-47cd-9e78-3481338af40d@group-D3BE8673A19F-LeaderElection47] INFO  impl.LeaderElection (LeaderElection.java:askForVotes(306)) - c842222a-b1c3-47cd-9e78-3481338af40d@group-D3BE8673A19F-LeaderElection47 ELECTION round 0: submit vote requests at term 1 for -1: [c842222a-b1c3-47cd-9e78-3481338af40d|rpc:10.1.0.33:44871|priority:1], old=null
2022-01-20 14:18:23,665 [c842222a-b1c3-47cd-9e78-3481338af40d@group-D3BE8673A19F-LeaderElection47] INFO  impl.LeaderElection (LeaderElection.java:askForVotes(308)) - c842222a-b1c3-47cd-9e78-3481338af40d@group-D3BE8673A19F-LeaderElection47 ELECTION round 0: result PASSED (term=1)
2022-01-20 14:18:23,665 [c842222a-b1c3-47cd-9e78-3481338af40d@group-D3BE8673A19F-LeaderElection47] INFO  impl.RoleInfo (RoleInfo.java:shutdownLeaderElection(121)) - c842222a-b1c3-47cd-9e78-3481338af40d: shutdown c842222a-b1c3-47cd-9e78-3481338af40d@group-D3BE8673A19F-LeaderElection47
2022-01-20 14:18:23,665 [c842222a-b1c3-47cd-9e78-3481338af40d@group-D3BE8673A19F-LeaderElection47] INFO  server.RaftServer$Division (RaftServerImpl.java:setRole(290)) - c842222a-b1c3-47cd-9e78-3481338af40d@group-D3BE8673A19F: changes role from CANDIDATE to LEADER at term 1 for changeToLeader
2022-01-20 14:18:23,665 [c842222a-b1c3-47cd-9e78-3481338af40d@group-D3BE8673A19F-LeaderElection47] INFO  ratis.XceiverServerRatis (XceiverServerRatis.java:handleLeaderChangedNotification(866)) - Leader change notification received for group: group-D3BE8673A19F with new leaderId: c842222a-b1c3-47cd-9e78-3481338af40d
2022-01-20 14:18:23,665 [c842222a-b1c3-47cd-9e78-3481338af40d@group-D3BE8673A19F-LeaderElection47] INFO  server.RaftServer$Division (ServerState.java:setLeader(285)) - c842222a-b1c3-47cd-9e78-3481338af40d@group-D3BE8673A19F: change Leader from null to c842222a-b1c3-47cd-9e78-3481338af40d at term 1 for becomeLeader, leader elected after 5258ms
2022-01-20 14:18:23,665 [c842222a-b1c3-47cd-9e78-3481338af40d@group-D3BE8673A19F-LeaderElection47] INFO  server.RaftServerConfigKeys (ConfUtils.java:logGet(44)) - raft.server.staging.catchup.gap = 1000 (default)
2022-01-20 14:18:23,665 [c842222a-b1c3-47cd-9e78-3481338af40d@group-D3BE8673A19F-LeaderElection47] INFO  server.RaftServerConfigKeys (ConfUtils.java:logGet(44)) - raft.server.write.element-limit = 1024 (custom)
2022-01-20 14:18:23,665 [c842222a-b1c3-47cd-9e78-3481338af40d@group-D3BE8673A19F-LeaderElection47] INFO  server.RaftServerConfigKeys (ConfUtils.java:logGet(44)) - raft.server.write.byte-limit = 1024 M (=1073741824) (custom)
2022-01-20 14:18:23,666 [c842222a-b1c3-47cd-9e78-3481338af40d@group-D3BE8673A19F-LeaderElection47] INFO  server.RaftServerConfigKeys (ConfUtils.java:logGet(44)) - raft.server.watch.timeout = 3000ms (custom)
2022-01-20 14:18:23,666 [c842222a-b1c3-47cd-9e78-3481338af40d@group-D3BE8673A19F-LeaderElection47] INFO  server.RaftServerConfigKeys (ConfUtils.java:logGet(44)) - raft.server.watch.timeout.denomination = 1s (default)
2022-01-20 14:18:23,666 [c842222a-b1c3-47cd-9e78-3481338af40d@group-D3BE8673A19F-LeaderElection47] INFO  server.RaftServerConfigKeys (ConfUtils.java:logGet(44)) - raft.server.watch.element-limit = 65536 (default)
2022-01-20 14:18:23,666 [c842222a-b1c3-47cd-9e78-3481338af40d@group-D3BE8673A19F-LeaderElection47] INFO  server.RaftServerConfigKeys (ConfUtils.java:logGet(44)) - raft.server.write.element-limit = 1024 (custom)
2022-01-20 14:18:23,666 [c842222a-b1c3-47cd-9e78-3481338af40d@group-D3BE8673A19F-LeaderElection47] INFO  server.RaftServerConfigKeys (ConfUtils.java:logGet(44)) - raft.server.write.follower.gap.ratio.max = -1.0 (default)
2022-01-20 14:18:23,666 [c842222a-b1c3-47cd-9e78-3481338af40d@group-D3BE8673A19F-LeaderElection47] INFO  impl.RoleInfo (RoleInfo.java:updateAndGet(130)) - c842222a-b1c3-47cd-9e78-3481338af40d: start c842222a-b1c3-47cd-9e78-3481338af40d@group-D3BE8673A19F-LeaderStateImpl
2022-01-20 14:18:23,666 [c842222a-b1c3-47cd-9e78-3481338af40d@group-D3BE8673A19F-LeaderElection47] INFO  segmented.SegmentedRaftLogWorker (SegmentedRaftLogWorker.java:startLogSegment(394)) - c842222a-b1c3-47cd-9e78-3481338af40d@group-D3BE8673A19F-SegmentedRaftLogWorker: Starting segment from index:0
2022-01-20 14:18:23,670 [EventQueue-OpenPipelineForHealthyPipelineSafeModeRule] INFO  safemode.SCMSafeModeManager (HealthyPipelineSafeModeRule.java:process(124)) - SCM in safe mode. Healthy pipelines reported count is 0, required healthy pipeline reported count is 1
2022-01-20 14:18:23,671 [c842222a-b1c3-47cd-9e78-3481338af40d@group-D3BE8673A19F-SegmentedRaftLogWorker] INFO  segmented.SegmentedRaftLogWorker (SegmentedRaftLogWorker.java:execute(601)) - c842222a-b1c3-47cd-9e78-3481338af40d@group-D3BE8673A19F-SegmentedRaftLogWorker: created new log segment /home/runner/work/ozone/ozone/hadoop-ozone/integration-test/target/test-dir/MiniOzoneClusterImpl-f1e7e660-ec45-4ef3-9198-8cc7416827f1/datanode-4/data/ratis/e7b886a4-2207-456a-858e-d3be8673a19f/current/log_inprogress_0
2022-01-20 14:18:23,682 [c842222a-b1c3-47cd-9e78-3481338af40d@group-D3BE8673A19F-LeaderElection47] INFO  server.RaftServer$Division (ServerState.java:setRaftConf(387)) - c842222a-b1c3-47cd-9e78-3481338af40d@group-D3BE8673A19F: set configuration 0: [c842222a-b1c3-47cd-9e78-3481338af40d|rpc:10.1.0.33:44871|dataStream:|priority:1], old=null
2022-01-20 14:18:24,080 [Listener at 127.0.0.1/36805] INFO  ozone.MiniOzoneClusterImpl (MiniOzoneClusterImpl.java:lambda$waitForClusterToBeReady$0(219)) - Nodes are ready. Got 9 of 9 DN Heartbeats.
2022-01-20 14:18:24,080 [Listener at 127.0.0.1/36805] INFO  ozone.MiniOzoneClusterImpl (MiniOzoneClusterImpl.java:lambda$waitForClusterToBeReady$0(222)) - Waiting for cluster to exit safe mode
2022-01-20 14:18:24,080 [Listener at 127.0.0.1/36805] INFO  ozone.MiniOzoneClusterImpl (MiniOzoneClusterImpl.java:lambda$waitForClusterToBeReady$0(224)) - SCM became leader
2022-01-20 14:18:24,216 [974883c6-3444-443e-b406-2e7f57ab6e46@group-14235F1030F3-FollowerState] INFO  impl.FollowerState (FollowerState.java:run(134)) - 974883c6-3444-443e-b406-2e7f57ab6e46@group-14235F1030F3-FollowerState: change to CANDIDATE, lastRpcElapsedTime:5026058989ns, electionTimeout:5019ms
2022-01-20 14:18:24,216 [974883c6-3444-443e-b406-2e7f57ab6e46@group-14235F1030F3-FollowerState] INFO  impl.RoleInfo (RoleInfo.java:shutdownFollowerState(108)) - 974883c6-3444-443e-b406-2e7f57ab6e46: shutdown 974883c6-3444-443e-b406-2e7f57ab6e46@group-14235F1030F3-FollowerState
2022-01-20 14:18:24,217 [974883c6-3444-443e-b406-2e7f57ab6e46@group-14235F1030F3-FollowerState] INFO  server.RaftServer$Division (RaftServerImpl.java:setRole(290)) - 974883c6-3444-443e-b406-2e7f57ab6e46@group-14235F1030F3: changes role from  FOLLOWER to CANDIDATE at term 0 for changeToCandidate
2022-01-20 14:18:24,218 [974883c6-3444-443e-b406-2e7f57ab6e46@group-14235F1030F3-FollowerState] INFO  server.RaftServerConfigKeys (ConfUtils.java:logGet(44)) - raft.server.leaderelection.pre-vote = false (custom)
2022-01-20 14:18:24,218 [974883c6-3444-443e-b406-2e7f57ab6e46@group-14235F1030F3-FollowerState] INFO  impl.RoleInfo (RoleInfo.java:updateAndGet(130)) - 974883c6-3444-443e-b406-2e7f57ab6e46: start 974883c6-3444-443e-b406-2e7f57ab6e46@group-14235F1030F3-LeaderElection48
2022-01-20 14:18:24,240 [974883c6-3444-443e-b406-2e7f57ab6e46@group-14235F1030F3-LeaderElection48] INFO  impl.LeaderElection (LeaderElection.java:askForVotes(306)) - 974883c6-3444-443e-b406-2e7f57ab6e46@group-14235F1030F3-LeaderElection48 ELECTION round 0: submit vote requests at term 1 for -1: [974883c6-3444-443e-b406-2e7f57ab6e46|rpc:10.1.0.33:43877|priority:1], old=null
2022-01-20 14:18:24,240 [974883c6-3444-443e-b406-2e7f57ab6e46@group-14235F1030F3-LeaderElection48] INFO  impl.LeaderElection (LeaderElection.java:askForVotes(308)) - 974883c6-3444-443e-b406-2e7f57ab6e46@group-14235F1030F3-LeaderElection48 ELECTION round 0: result PASSED (term=1)
2022-01-20 14:18:24,240 [974883c6-3444-443e-b406-2e7f57ab6e46@group-14235F1030F3-LeaderElection48] INFO  impl.RoleInfo (RoleInfo.java:shutdownLeaderElection(121)) - 974883c6-3444-443e-b406-2e7f57ab6e46: shutdown 974883c6-3444-443e-b406-2e7f57ab6e46@group-14235F1030F3-LeaderElection48
2022-01-20 14:18:24,240 [974883c6-3444-443e-b406-2e7f57ab6e46@group-14235F1030F3-LeaderElection48] INFO  server.RaftServer$Division (RaftServerImpl.java:setRole(290)) - 974883c6-3444-443e-b406-2e7f57ab6e46@group-14235F1030F3: changes role from CANDIDATE to LEADER at term 1 for changeToLeader
2022-01-20 14:18:24,240 [974883c6-3444-443e-b406-2e7f57ab6e46@group-14235F1030F3-LeaderElection48] INFO  ratis.XceiverServerRatis (XceiverServerRatis.java:handleLeaderChangedNotification(866)) - Leader change notification received for group: group-14235F1030F3 with new leaderId: 974883c6-3444-443e-b406-2e7f57ab6e46
2022-01-20 14:18:24,249 [974883c6-3444-443e-b406-2e7f57ab6e46@group-14235F1030F3-LeaderElection48] INFO  server.RaftServer$Division (ServerState.java:setLeader(285)) - 974883c6-3444-443e-b406-2e7f57ab6e46@group-14235F1030F3: change Leader from null to 974883c6-3444-443e-b406-2e7f57ab6e46 at term 1 for becomeLeader, leader elected after 5102ms
2022-01-20 14:18:24,249 [974883c6-3444-443e-b406-2e7f57ab6e46@group-14235F1030F3-LeaderElection48] INFO  server.RaftServerConfigKeys (ConfUtils.java:logGet(44)) - raft.server.staging.catchup.gap = 1000 (default)
2022-01-20 14:18:24,250 [EventQueue-OpenPipelineForHealthyPipelineSafeModeRule] INFO  safemode.SCMSafeModeManager (HealthyPipelineSafeModeRule.java:process(124)) - SCM in safe mode. Healthy pipelines reported count is 0, required healthy pipeline reported count is 1
2022-01-20 14:18:24,251 [974883c6-3444-443e-b406-2e7f57ab6e46@group-14235F1030F3-LeaderElection48] INFO  server.RaftServerConfigKeys (ConfUtils.java:logGet(44)) - raft.server.write.element-limit = 1024 (custom)
2022-01-20 14:18:24,256 [974883c6-3444-443e-b406-2e7f57ab6e46@group-14235F1030F3-LeaderElection48] INFO  server.RaftServerConfigKeys (ConfUtils.java:logGet(44)) - raft.server.write.byte-limit = 1024 M (=1073741824) (custom)
2022-01-20 14:18:24,257 [974883c6-3444-443e-b406-2e7f57ab6e46@group-14235F1030F3-LeaderElection48] INFO  server.RaftServerConfigKeys (ConfUtils.java:logGet(44)) - raft.server.watch.timeout = 3000ms (custom)
2022-01-20 14:18:24,257 [974883c6-3444-443e-b406-2e7f57ab6e46@group-14235F1030F3-LeaderElection48] INFO  server.RaftServerConfigKeys (ConfUtils.java:logGet(44)) - raft.server.watch.timeout.denomination = 1s (default)
2022-01-20 14:18:24,257 [974883c6-3444-443e-b406-2e7f57ab6e46@group-14235F1030F3-LeaderElection48] INFO  server.RaftServerConfigKeys (ConfUtils.java:logGet(44)) - raft.server.watch.element-limit = 65536 (default)
2022-01-20 14:18:24,260 [974883c6-3444-443e-b406-2e7f57ab6e46@group-14235F1030F3-LeaderElection48] INFO  server.RaftServerConfigKeys (ConfUtils.java:logGet(44)) - raft.server.write.element-limit = 1024 (custom)
2022-01-20 14:18:24,260 [974883c6-3444-443e-b406-2e7f57ab6e46@group-14235F1030F3-LeaderElection48] INFO  server.RaftServerConfigKeys (ConfUtils.java:logGet(44)) - raft.server.write.follower.gap.ratio.max = -1.0 (default)
2022-01-20 14:18:24,260 [974883c6-3444-443e-b406-2e7f57ab6e46@group-14235F1030F3-LeaderElection48] INFO  impl.RoleInfo (RoleInfo.java:updateAndGet(130)) - 974883c6-3444-443e-b406-2e7f57ab6e46: start 974883c6-3444-443e-b406-2e7f57ab6e46@group-14235F1030F3-LeaderStateImpl
2022-01-20 14:18:24,260 [974883c6-3444-443e-b406-2e7f57ab6e46@group-14235F1030F3-LeaderElection48] INFO  segmented.SegmentedRaftLogWorker (SegmentedRaftLogWorker.java:startLogSegment(394)) - 974883c6-3444-443e-b406-2e7f57ab6e46@group-14235F1030F3-SegmentedRaftLogWorker: Starting segment from index:0
2022-01-20 14:18:24,264 [974883c6-3444-443e-b406-2e7f57ab6e46@group-14235F1030F3-SegmentedRaftLogWorker] INFO  segmented.SegmentedRaftLogWorker (SegmentedRaftLogWorker.java:execute(601)) - 974883c6-3444-443e-b406-2e7f57ab6e46@group-14235F1030F3-SegmentedRaftLogWorker: created new log segment /home/runner/work/ozone/ozone/hadoop-ozone/integration-test/target/test-dir/MiniOzoneClusterImpl-f1e7e660-ec45-4ef3-9198-8cc7416827f1/datanode-5/data/ratis/92656fac-f080-441f-980a-14235f1030f3/current/log_inprogress_0
2022-01-20 14:18:24,283 [974883c6-3444-443e-b406-2e7f57ab6e46@group-14235F1030F3-LeaderElection48] INFO  server.RaftServer$Division (ServerState.java:setRaftConf(387)) - 974883c6-3444-443e-b406-2e7f57ab6e46@group-14235F1030F3: set configuration 0: [974883c6-3444-443e-b406-2e7f57ab6e46|rpc:10.1.0.33:43877|dataStream:|priority:1], old=null
2022-01-20 14:18:25,080 [Listener at 127.0.0.1/36805] INFO  ozone.MiniOzoneClusterImpl (MiniOzoneClusterImpl.java:lambda$waitForClusterToBeReady$0(219)) - Nodes are ready. Got 9 of 9 DN Heartbeats.
2022-01-20 14:18:25,081 [Listener at 127.0.0.1/36805] INFO  ozone.MiniOzoneClusterImpl (MiniOzoneClusterImpl.java:lambda$waitForClusterToBeReady$0(222)) - Waiting for cluster to exit safe mode
2022-01-20 14:18:25,081 [Listener at 127.0.0.1/36805] INFO  ozone.MiniOzoneClusterImpl (MiniOzoneClusterImpl.java:lambda$waitForClusterToBeReady$0(224)) - SCM became leader
2022-01-20 14:18:25,158 [f5002eb4-ff35-49a0-88dd-354658843fe1@group-8C279CB31BB9-FollowerState] INFO  impl.FollowerState (FollowerState.java:run(134)) - f5002eb4-ff35-49a0-88dd-354658843fe1@group-8C279CB31BB9-FollowerState: change to CANDIDATE, lastRpcElapsedTime:5100167852ns, electionTimeout:5099ms
2022-01-20 14:18:25,159 [f5002eb4-ff35-49a0-88dd-354658843fe1@group-8C279CB31BB9-FollowerState] INFO  impl.RoleInfo (RoleInfo.java:shutdownFollowerState(108)) - f5002eb4-ff35-49a0-88dd-354658843fe1: shutdown f5002eb4-ff35-49a0-88dd-354658843fe1@group-8C279CB31BB9-FollowerState
2022-01-20 14:18:25,159 [f5002eb4-ff35-49a0-88dd-354658843fe1@group-8C279CB31BB9-FollowerState] INFO  server.RaftServer$Division (RaftServerImpl.java:setRole(290)) - f5002eb4-ff35-49a0-88dd-354658843fe1@group-8C279CB31BB9: changes role from  FOLLOWER to CANDIDATE at term 0 for changeToCandidate
2022-01-20 14:18:25,160 [f5002eb4-ff35-49a0-88dd-354658843fe1@group-8C279CB31BB9-FollowerState] INFO  server.RaftServerConfigKeys (ConfUtils.java:logGet(44)) - raft.server.leaderelection.pre-vote = false (custom)
2022-01-20 14:18:25,161 [f5002eb4-ff35-49a0-88dd-354658843fe1@group-8C279CB31BB9-FollowerState] INFO  impl.RoleInfo (RoleInfo.java:updateAndGet(130)) - f5002eb4-ff35-49a0-88dd-354658843fe1: start f5002eb4-ff35-49a0-88dd-354658843fe1@group-8C279CB31BB9-LeaderElection49
2022-01-20 14:18:25,219 [f5002eb4-ff35-49a0-88dd-354658843fe1@group-8C279CB31BB9-LeaderElection49] INFO  impl.LeaderElection (LeaderElection.java:askForVotes(306)) - f5002eb4-ff35-49a0-88dd-354658843fe1@group-8C279CB31BB9-LeaderElection49 ELECTION round 0: submit vote requests at term 1 for -1: [f5002eb4-ff35-49a0-88dd-354658843fe1|rpc:10.1.0.33:43929|priority:1], old=null
2022-01-20 14:18:25,219 [f5002eb4-ff35-49a0-88dd-354658843fe1@group-8C279CB31BB9-LeaderElection49] INFO  impl.LeaderElection (LeaderElection.java:askForVotes(308)) - f5002eb4-ff35-49a0-88dd-354658843fe1@group-8C279CB31BB9-LeaderElection49 ELECTION round 0: result PASSED (term=1)
2022-01-20 14:18:25,219 [f5002eb4-ff35-49a0-88dd-354658843fe1@group-8C279CB31BB9-LeaderElection49] INFO  impl.RoleInfo (RoleInfo.java:shutdownLeaderElection(121)) - f5002eb4-ff35-49a0-88dd-354658843fe1: shutdown f5002eb4-ff35-49a0-88dd-354658843fe1@group-8C279CB31BB9-LeaderElection49
2022-01-20 14:18:25,219 [f5002eb4-ff35-49a0-88dd-354658843fe1@group-8C279CB31BB9-LeaderElection49] INFO  server.RaftServer$Division (RaftServerImpl.java:setRole(290)) - f5002eb4-ff35-49a0-88dd-354658843fe1@group-8C279CB31BB9: changes role from CANDIDATE to LEADER at term 1 for changeToLeader
2022-01-20 14:18:25,219 [f5002eb4-ff35-49a0-88dd-354658843fe1@group-8C279CB31BB9-LeaderElection49] INFO  ratis.XceiverServerRatis (XceiverServerRatis.java:handleLeaderChangedNotification(866)) - Leader change notification received for group: group-8C279CB31BB9 with new leaderId: f5002eb4-ff35-49a0-88dd-354658843fe1
2022-01-20 14:18:25,220 [f5002eb4-ff35-49a0-88dd-354658843fe1@group-8C279CB31BB9-LeaderElection49] INFO  server.RaftServer$Division (ServerState.java:setLeader(285)) - f5002eb4-ff35-49a0-88dd-354658843fe1@group-8C279CB31BB9: change Leader from null to f5002eb4-ff35-49a0-88dd-354658843fe1 at term 1 for becomeLeader, leader elected after 5170ms
2022-01-20 14:18:25,220 [f5002eb4-ff35-49a0-88dd-354658843fe1@group-8C279CB31BB9-LeaderElection49] INFO  server.RaftServerConfigKeys (ConfUtils.java:logGet(44)) - raft.server.staging.catchup.gap = 1000 (default)
2022-01-20 14:18:25,220 [f5002eb4-ff35-49a0-88dd-354658843fe1@group-8C279CB31BB9-LeaderElection49] INFO  server.RaftServerConfigKeys (ConfUtils.java:logGet(44)) - raft.server.write.element-limit = 1024 (custom)
2022-01-20 14:18:25,220 [f5002eb4-ff35-49a0-88dd-354658843fe1@group-8C279CB31BB9-LeaderElection49] INFO  server.RaftServerConfigKeys (ConfUtils.java:logGet(44)) - raft.server.write.byte-limit = 1024 M (=1073741824) (custom)
2022-01-20 14:18:25,220 [f5002eb4-ff35-49a0-88dd-354658843fe1@group-8C279CB31BB9-LeaderElection49] INFO  server.RaftServerConfigKeys (ConfUtils.java:logGet(44)) - raft.server.watch.timeout = 3000ms (custom)
2022-01-20 14:18:25,220 [f5002eb4-ff35-49a0-88dd-354658843fe1@group-8C279CB31BB9-LeaderElection49] INFO  server.RaftServerConfigKeys (ConfUtils.java:logGet(44)) - raft.server.watch.timeout.denomination = 1s (default)
2022-01-20 14:18:25,221 [f5002eb4-ff35-49a0-88dd-354658843fe1@group-8C279CB31BB9-LeaderElection49] INFO  server.RaftServerConfigKeys (ConfUtils.java:logGet(44)) - raft.server.watch.element-limit = 65536 (default)
2022-01-20 14:18:25,221 [f5002eb4-ff35-49a0-88dd-354658843fe1@group-8C279CB31BB9-LeaderElection49] INFO  server.RaftServerConfigKeys (ConfUtils.java:logGet(44)) - raft.server.write.element-limit = 1024 (custom)
2022-01-20 14:18:25,221 [f5002eb4-ff35-49a0-88dd-354658843fe1@group-8C279CB31BB9-LeaderElection49] INFO  server.RaftServerConfigKeys (ConfUtils.java:logGet(44)) - raft.server.write.follower.gap.ratio.max = -1.0 (default)
2022-01-20 14:18:25,221 [f5002eb4-ff35-49a0-88dd-354658843fe1@group-8C279CB31BB9-LeaderElection49] INFO  impl.RoleInfo (RoleInfo.java:updateAndGet(130)) - f5002eb4-ff35-49a0-88dd-354658843fe1: start f5002eb4-ff35-49a0-88dd-354658843fe1@group-8C279CB31BB9-LeaderStateImpl
2022-01-20 14:18:25,221 [f5002eb4-ff35-49a0-88dd-354658843fe1@group-8C279CB31BB9-LeaderElection49] INFO  segmented.SegmentedRaftLogWorker (SegmentedRaftLogWorker.java:startLogSegment(394)) - f5002eb4-ff35-49a0-88dd-354658843fe1@group-8C279CB31BB9-SegmentedRaftLogWorker: Starting segment from index:0
2022-01-20 14:18:25,222 [EventQueue-OpenPipelineForHealthyPipelineSafeModeRule] INFO  safemode.SCMSafeModeManager (HealthyPipelineSafeModeRule.java:process(124)) - SCM in safe mode. Healthy pipelines reported count is 0, required healthy pipeline reported count is 1
2022-01-20 14:18:25,223 [f5002eb4-ff35-49a0-88dd-354658843fe1@group-8C279CB31BB9-SegmentedRaftLogWorker] INFO  segmented.SegmentedRaftLogWorker (SegmentedRaftLogWorker.java:execute(601)) - f5002eb4-ff35-49a0-88dd-354658843fe1@group-8C279CB31BB9-SegmentedRaftLogWorker: created new log segment /home/runner/work/ozone/ozone/hadoop-ozone/integration-test/target/test-dir/MiniOzoneClusterImpl-f1e7e660-ec45-4ef3-9198-8cc7416827f1/datanode-6/data/ratis/4497592a-db2f-4d73-b84e-8c279cb31bb9/current/log_inprogress_0
2022-01-20 14:18:25,231 [f5002eb4-ff35-49a0-88dd-354658843fe1@group-8C279CB31BB9-LeaderElection49] INFO  server.RaftServer$Division (ServerState.java:setRaftConf(387)) - f5002eb4-ff35-49a0-88dd-354658843fe1@group-8C279CB31BB9: set configuration 0: [f5002eb4-ff35-49a0-88dd-354658843fe1|rpc:10.1.0.33:43929|dataStream:|priority:1], old=null
2022-01-20 14:18:25,320 [3934de01-e9c2-42ef-9a8f-f9cad9f9a13a@group-C5373BE6AB5E-FollowerState] INFO  impl.FollowerState (FollowerState.java:run(134)) - 3934de01-e9c2-42ef-9a8f-f9cad9f9a13a@group-C5373BE6AB5E-FollowerState: change to CANDIDATE, lastRpcElapsedTime:5012435981ns, electionTimeout:5011ms
2022-01-20 14:18:25,320 [3934de01-e9c2-42ef-9a8f-f9cad9f9a13a@group-C5373BE6AB5E-FollowerState] INFO  impl.RoleInfo (RoleInfo.java:shutdownFollowerState(108)) - 3934de01-e9c2-42ef-9a8f-f9cad9f9a13a: shutdown 3934de01-e9c2-42ef-9a8f-f9cad9f9a13a@group-C5373BE6AB5E-FollowerState
2022-01-20 14:18:25,320 [3934de01-e9c2-42ef-9a8f-f9cad9f9a13a@group-C5373BE6AB5E-FollowerState] INFO  server.RaftServer$Division (RaftServerImpl.java:setRole(290)) - 3934de01-e9c2-42ef-9a8f-f9cad9f9a13a@group-C5373BE6AB5E: changes role from  FOLLOWER to CANDIDATE at term 0 for changeToCandidate
2022-01-20 14:18:25,320 [3934de01-e9c2-42ef-9a8f-f9cad9f9a13a@group-C5373BE6AB5E-FollowerState] INFO  server.RaftServerConfigKeys (ConfUtils.java:logGet(44)) - raft.server.leaderelection.pre-vote = false (custom)
2022-01-20 14:18:25,321 [3934de01-e9c2-42ef-9a8f-f9cad9f9a13a@group-C5373BE6AB5E-FollowerState] INFO  impl.RoleInfo (RoleInfo.java:updateAndGet(130)) - 3934de01-e9c2-42ef-9a8f-f9cad9f9a13a: start 3934de01-e9c2-42ef-9a8f-f9cad9f9a13a@group-C5373BE6AB5E-LeaderElection50
2022-01-20 14:18:25,334 [f5002eb4-ff35-49a0-88dd-354658843fe1@group-C5373BE6AB5E-FollowerState] INFO  impl.FollowerState (FollowerState.java:run(134)) - f5002eb4-ff35-49a0-88dd-354658843fe1@group-C5373BE6AB5E-FollowerState: change to CANDIDATE, lastRpcElapsedTime:5223617394ns, electionTimeout:5171ms
2022-01-20 14:18:25,334 [f5002eb4-ff35-49a0-88dd-354658843fe1@group-C5373BE6AB5E-FollowerState] INFO  impl.RoleInfo (RoleInfo.java:shutdownFollowerState(108)) - f5002eb4-ff35-49a0-88dd-354658843fe1: shutdown f5002eb4-ff35-49a0-88dd-354658843fe1@group-C5373BE6AB5E-FollowerState
2022-01-20 14:18:25,334 [f5002eb4-ff35-49a0-88dd-354658843fe1@group-C5373BE6AB5E-FollowerState] INFO  server.RaftServer$Division (RaftServerImpl.java:setRole(290)) - f5002eb4-ff35-49a0-88dd-354658843fe1@group-C5373BE6AB5E: changes role from  FOLLOWER to CANDIDATE at term 0 for changeToCandidate
2022-01-20 14:18:25,335 [f5002eb4-ff35-49a0-88dd-354658843fe1@group-C5373BE6AB5E-FollowerState] INFO  server.RaftServerConfigKeys (ConfUtils.java:logGet(44)) - raft.server.leaderelection.pre-vote = false (custom)
2022-01-20 14:18:25,335 [f5002eb4-ff35-49a0-88dd-354658843fe1@group-C5373BE6AB5E-FollowerState] INFO  impl.RoleInfo (RoleInfo.java:updateAndGet(130)) - f5002eb4-ff35-49a0-88dd-354658843fe1: start f5002eb4-ff35-49a0-88dd-354658843fe1@group-C5373BE6AB5E-LeaderElection51
2022-01-20 14:18:25,354 [3934de01-e9c2-42ef-9a8f-f9cad9f9a13a@group-C5373BE6AB5E-LeaderElection50] INFO  impl.LeaderElection (LeaderElection.java:askForVotes(306)) - 3934de01-e9c2-42ef-9a8f-f9cad9f9a13a@group-C5373BE6AB5E-LeaderElection50 ELECTION round 0: submit vote requests at term 1 for -1: [3934de01-e9c2-42ef-9a8f-f9cad9f9a13a|rpc:10.1.0.33:40989|dataStream:|priority:0, d2de7c60-b86f-4a06-91d9-365eb56e12df|rpc:10.1.0.33:36843|dataStream:|priority:1, f5002eb4-ff35-49a0-88dd-354658843fe1|rpc:10.1.0.33:43929|dataStream:|priority:0], old=null
2022-01-20 14:18:25,401 [f5002eb4-ff35-49a0-88dd-354658843fe1@group-C5373BE6AB5E-LeaderElection51] INFO  impl.LeaderElection (LeaderElection.java:askForVotes(306)) - f5002eb4-ff35-49a0-88dd-354658843fe1@group-C5373BE6AB5E-LeaderElection51 ELECTION round 0: submit vote requests at term 1 for -1: [3934de01-e9c2-42ef-9a8f-f9cad9f9a13a|rpc:10.1.0.33:40989|priority:0, d2de7c60-b86f-4a06-91d9-365eb56e12df|rpc:10.1.0.33:36843|priority:1, f5002eb4-ff35-49a0-88dd-354658843fe1|rpc:10.1.0.33:43929|priority:0], old=null
2022-01-20 14:18:25,469 [d2de7c60-b86f-4a06-91d9-365eb56e12df@group-C5373BE6AB5E-FollowerState] INFO  impl.FollowerState (FollowerState.java:run(134)) - d2de7c60-b86f-4a06-91d9-365eb56e12df@group-C5373BE6AB5E-FollowerState: change to CANDIDATE, lastRpcElapsedTime:5035459856ns, electionTimeout:5032ms
2022-01-20 14:18:25,472 [d2de7c60-b86f-4a06-91d9-365eb56e12df@group-C5373BE6AB5E-FollowerState] INFO  impl.RoleInfo (RoleInfo.java:shutdownFollowerState(108)) - d2de7c60-b86f-4a06-91d9-365eb56e12df: shutdown d2de7c60-b86f-4a06-91d9-365eb56e12df@group-C5373BE6AB5E-FollowerState
2022-01-20 14:18:25,472 [d2de7c60-b86f-4a06-91d9-365eb56e12df@group-C5373BE6AB5E-FollowerState] INFO  server.RaftServer$Division (RaftServerImpl.java:setRole(290)) - d2de7c60-b86f-4a06-91d9-365eb56e12df@group-C5373BE6AB5E: changes role from  FOLLOWER to CANDIDATE at term 0 for changeToCandidate
2022-01-20 14:18:25,478 [d2de7c60-b86f-4a06-91d9-365eb56e12df@group-C5373BE6AB5E-FollowerState] INFO  server.RaftServerConfigKeys (ConfUtils.java:logGet(44)) - raft.server.leaderelection.pre-vote = false (custom)
2022-01-20 14:18:25,478 [d2de7c60-b86f-4a06-91d9-365eb56e12df@group-C5373BE6AB5E-FollowerState] INFO  impl.RoleInfo (RoleInfo.java:updateAndGet(130)) - d2de7c60-b86f-4a06-91d9-365eb56e12df: start d2de7c60-b86f-4a06-91d9-365eb56e12df@group-C5373BE6AB5E-LeaderElection52
2022-01-20 14:18:25,478 [grpc-default-executor-2] INFO  server.RaftServer$Division (RaftServerImpl.java:requestVote(1046)) - 3934de01-e9c2-42ef-9a8f-f9cad9f9a13a@group-C5373BE6AB5E: receive requestVote(ELECTION, f5002eb4-ff35-49a0-88dd-354658843fe1, group-C5373BE6AB5E, 1, (t:0, i:0))
2022-01-20 14:18:25,478 [grpc-default-executor-2] INFO  impl.VoteContext (VoteContext.java:log(48)) - 3934de01-e9c2-42ef-9a8f-f9cad9f9a13a@group-C5373BE6AB5E-CANDIDATE: reject ELECTION from f5002eb4-ff35-49a0-88dd-354658843fe1: already has voted for 3934de01-e9c2-42ef-9a8f-f9cad9f9a13a at current term 1
2022-01-20 14:18:25,478 [grpc-default-executor-2] INFO  server.RaftServer$Division (RaftServerImpl.java:requestVote(1078)) - 3934de01-e9c2-42ef-9a8f-f9cad9f9a13a@group-C5373BE6AB5E replies to ELECTION vote request: f5002eb4-ff35-49a0-88dd-354658843fe1<-3934de01-e9c2-42ef-9a8f-f9cad9f9a13a#0:FAIL-t1. Peer's state: 3934de01-e9c2-42ef-9a8f-f9cad9f9a13a@group-C5373BE6AB5E:t1, leader=null, voted=3934de01-e9c2-42ef-9a8f-f9cad9f9a13a, raftlog=3934de01-e9c2-42ef-9a8f-f9cad9f9a13a@group-C5373BE6AB5E-SegmentedRaftLog:OPENED:c-1, conf=-1: [3934de01-e9c2-42ef-9a8f-f9cad9f9a13a|rpc:10.1.0.33:40989|dataStream:|priority:0, d2de7c60-b86f-4a06-91d9-365eb56e12df|rpc:10.1.0.33:36843|dataStream:|priority:1, f5002eb4-ff35-49a0-88dd-354658843fe1|rpc:10.1.0.33:43929|dataStream:|priority:0], old=null
2022-01-20 14:18:25,479 [grpc-default-executor-1] INFO  server.RaftServer$Division (RaftServerImpl.java:requestVote(1046)) - d2de7c60-b86f-4a06-91d9-365eb56e12df@group-C5373BE6AB5E: receive requestVote(ELECTION, 3934de01-e9c2-42ef-9a8f-f9cad9f9a13a, group-C5373BE6AB5E, 1, (t:0, i:0))
2022-01-20 14:18:25,486 [grpc-default-executor-1] INFO  impl.VoteContext (VoteContext.java:log(48)) - d2de7c60-b86f-4a06-91d9-365eb56e12df@group-C5373BE6AB5E-CANDIDATE: reject ELECTION from 3934de01-e9c2-42ef-9a8f-f9cad9f9a13a: our priority 1 > candidate's priority 0
2022-01-20 14:18:25,486 [grpc-default-executor-1] INFO  server.RaftServer$Division (RaftServerImpl.java:setRole(290)) - d2de7c60-b86f-4a06-91d9-365eb56e12df@group-C5373BE6AB5E: changes role from CANDIDATE to FOLLOWER at term 1 for candidate:3934de01-e9c2-42ef-9a8f-f9cad9f9a13a
2022-01-20 14:18:25,486 [grpc-default-executor-1] INFO  impl.RoleInfo (RoleInfo.java:shutdownLeaderElection(121)) - d2de7c60-b86f-4a06-91d9-365eb56e12df: shutdown d2de7c60-b86f-4a06-91d9-365eb56e12df@group-C5373BE6AB5E-LeaderElection52
2022-01-20 14:18:25,486 [grpc-default-executor-1] INFO  impl.RoleInfo (RoleInfo.java:updateAndGet(130)) - d2de7c60-b86f-4a06-91d9-365eb56e12df: start d2de7c60-b86f-4a06-91d9-365eb56e12df@group-C5373BE6AB5E-FollowerState
2022-01-20 14:18:25,488 [grpc-default-executor-1] INFO  server.RaftServer$Division (RaftServerImpl.java:requestVote(1078)) - d2de7c60-b86f-4a06-91d9-365eb56e12df@group-C5373BE6AB5E replies to ELECTION vote request: 3934de01-e9c2-42ef-9a8f-f9cad9f9a13a<-d2de7c60-b86f-4a06-91d9-365eb56e12df#0:FAIL-t1. Peer's state: d2de7c60-b86f-4a06-91d9-365eb56e12df@group-C5373BE6AB5E:t1, leader=null, voted=null, raftlog=d2de7c60-b86f-4a06-91d9-365eb56e12df@group-C5373BE6AB5E-SegmentedRaftLog:OPENED:c-1, conf=-1: [3934de01-e9c2-42ef-9a8f-f9cad9f9a13a|rpc:10.1.0.33:40989|dataStream:|priority:0, d2de7c60-b86f-4a06-91d9-365eb56e12df|rpc:10.1.0.33:36843|dataStream:|priority:1, f5002eb4-ff35-49a0-88dd-354658843fe1|rpc:10.1.0.33:43929|dataStream:|priority:0], old=null
2022-01-20 14:18:25,493 [grpc-default-executor-4] INFO  server.RaftServer$Division (RaftServerImpl.java:requestVote(1046)) - f5002eb4-ff35-49a0-88dd-354658843fe1@group-C5373BE6AB5E: receive requestVote(ELECTION, 3934de01-e9c2-42ef-9a8f-f9cad9f9a13a, group-C5373BE6AB5E, 1, (t:0, i:0))
2022-01-20 14:18:25,493 [grpc-default-executor-4] INFO  impl.VoteContext (VoteContext.java:log(48)) - f5002eb4-ff35-49a0-88dd-354658843fe1@group-C5373BE6AB5E-CANDIDATE: reject ELECTION from 3934de01-e9c2-42ef-9a8f-f9cad9f9a13a: already has voted for f5002eb4-ff35-49a0-88dd-354658843fe1 at current term 1
2022-01-20 14:18:25,493 [grpc-default-executor-4] INFO  server.RaftServer$Division (RaftServerImpl.java:requestVote(1078)) - f5002eb4-ff35-49a0-88dd-354658843fe1@group-C5373BE6AB5E replies to ELECTION vote request: 3934de01-e9c2-42ef-9a8f-f9cad9f9a13a<-f5002eb4-ff35-49a0-88dd-354658843fe1#0:FAIL-t1. Peer's state: f5002eb4-ff35-49a0-88dd-354658843fe1@group-C5373BE6AB5E:t1, leader=null, voted=f5002eb4-ff35-49a0-88dd-354658843fe1, raftlog=f5002eb4-ff35-49a0-88dd-354658843fe1@group-C5373BE6AB5E-SegmentedRaftLog:OPENED:c-1, conf=-1: [3934de01-e9c2-42ef-9a8f-f9cad9f9a13a|rpc:10.1.0.33:40989|priority:0, d2de7c60-b86f-4a06-91d9-365eb56e12df|rpc:10.1.0.33:36843|priority:1, f5002eb4-ff35-49a0-88dd-354658843fe1|rpc:10.1.0.33:43929|priority:0], old=null
2022-01-20 14:18:25,496 [3934de01-e9c2-42ef-9a8f-f9cad9f9a13a@group-C5373BE6AB5E-LeaderElection50] INFO  impl.LeaderElection (LeaderElection.java:logAndReturn(89)) - 3934de01-e9c2-42ef-9a8f-f9cad9f9a13a@group-C5373BE6AB5E-LeaderElection50: ELECTION REJECTED received 1 response(s) and 0 exception(s):
2022-01-20 14:18:25,497 [3934de01-e9c2-42ef-9a8f-f9cad9f9a13a@group-C5373BE6AB5E-LeaderElection50] INFO  impl.LeaderElection (LeaderElection.java:logAndReturn(93)) -   Response 0: 3934de01-e9c2-42ef-9a8f-f9cad9f9a13a<-d2de7c60-b86f-4a06-91d9-365eb56e12df#0:FAIL-t1
2022-01-20 14:18:25,497 [3934de01-e9c2-42ef-9a8f-f9cad9f9a13a@group-C5373BE6AB5E-LeaderElection50] INFO  impl.LeaderElection (LeaderElection.java:askForVotes(308)) - 3934de01-e9c2-42ef-9a8f-f9cad9f9a13a@group-C5373BE6AB5E-LeaderElection50 ELECTION round 0: result REJECTED
2022-01-20 14:18:25,497 [3934de01-e9c2-42ef-9a8f-f9cad9f9a13a@group-C5373BE6AB5E-LeaderElection50] INFO  server.RaftServer$Division (RaftServerImpl.java:setRole(290)) - 3934de01-e9c2-42ef-9a8f-f9cad9f9a13a@group-C5373BE6AB5E: changes role from CANDIDATE to FOLLOWER at term 1 for REJECTED
2022-01-20 14:18:25,497 [3934de01-e9c2-42ef-9a8f-f9cad9f9a13a@group-C5373BE6AB5E-LeaderElection50] INFO  impl.RoleInfo (RoleInfo.java:shutdownLeaderElection(121)) - 3934de01-e9c2-42ef-9a8f-f9cad9f9a13a: shutdown 3934de01-e9c2-42ef-9a8f-f9cad9f9a13a@group-C5373BE6AB5E-LeaderElection50
2022-01-20 14:18:25,497 [3934de01-e9c2-42ef-9a8f-f9cad9f9a13a@group-C5373BE6AB5E-LeaderElection50] INFO  impl.RoleInfo (RoleInfo.java:updateAndGet(130)) - 3934de01-e9c2-42ef-9a8f-f9cad9f9a13a: start 3934de01-e9c2-42ef-9a8f-f9cad9f9a13a@group-C5373BE6AB5E-FollowerState
2022-01-20 14:18:25,521 [d2de7c60-b86f-4a06-91d9-365eb56e12df@group-C5373BE6AB5E-LeaderElection52] INFO  impl.LeaderElection (LeaderElection.java:run(230)) - d2de7c60-b86f-4a06-91d9-365eb56e12df@group-C5373BE6AB5E-LeaderElection52: skip running since this is already CLOSING
2022-01-20 14:18:25,530 [grpc-default-executor-3] INFO  server.RaftServer$Division (RaftServerImpl.java:requestVote(1046)) - d2de7c60-b86f-4a06-91d9-365eb56e12df@group-C5373BE6AB5E: receive requestVote(ELECTION, f5002eb4-ff35-49a0-88dd-354658843fe1, group-C5373BE6AB5E, 1, (t:0, i:0))
2022-01-20 14:18:25,531 [grpc-default-executor-3] INFO  impl.VoteContext (VoteContext.java:log(48)) - d2de7c60-b86f-4a06-91d9-365eb56e12df@group-C5373BE6AB5E-FOLLOWER: reject ELECTION from f5002eb4-ff35-49a0-88dd-354658843fe1: our priority 1 > candidate's priority 0
2022-01-20 14:18:25,531 [grpc-default-executor-3] INFO  server.RaftServer$Division (RaftServerImpl.java:setRole(290)) - d2de7c60-b86f-4a06-91d9-365eb56e12df@group-C5373BE6AB5E: changes role from  FOLLOWER to FOLLOWER at term 1 for candidate:f5002eb4-ff35-49a0-88dd-354658843fe1
2022-01-20 14:18:25,531 [grpc-default-executor-3] INFO  impl.RoleInfo (RoleInfo.java:shutdownFollowerState(108)) - d2de7c60-b86f-4a06-91d9-365eb56e12df: shutdown d2de7c60-b86f-4a06-91d9-365eb56e12df@group-C5373BE6AB5E-FollowerState
2022-01-20 14:18:25,531 [grpc-default-executor-3] INFO  impl.RoleInfo (RoleInfo.java:updateAndGet(130)) - d2de7c60-b86f-4a06-91d9-365eb56e12df: start d2de7c60-b86f-4a06-91d9-365eb56e12df@group-C5373BE6AB5E-FollowerState
2022-01-20 14:18:25,531 [d2de7c60-b86f-4a06-91d9-365eb56e12df@group-C5373BE6AB5E-FollowerState] INFO  impl.FollowerState (FollowerState.java:run(143)) - d2de7c60-b86f-4a06-91d9-365eb56e12df@group-C5373BE6AB5E-FollowerState was interrupted: {}
java.lang.InterruptedException: sleep interrupted
	at java.lang.Thread.sleep(Native Method)
	at java.lang.Thread.sleep(Thread.java:340)
	at java.util.concurrent.TimeUnit.sleep(TimeUnit.java:386)
	at org.apache.ratis.util.TimeDuration.sleep(TimeDuration.java:324)
	at org.apache.ratis.util.TimeDuration.sleep(TimeDuration.java:309)
	at org.apache.ratis.server.impl.FollowerState.run(FollowerState.java:118)
2022-01-20 14:18:25,531 [grpc-default-executor-3] INFO  server.RaftServer$Division (RaftServerImpl.java:requestVote(1078)) - d2de7c60-b86f-4a06-91d9-365eb56e12df@group-C5373BE6AB5E replies to ELECTION vote request: f5002eb4-ff35-49a0-88dd-354658843fe1<-d2de7c60-b86f-4a06-91d9-365eb56e12df#0:FAIL-t1. Peer's state: d2de7c60-b86f-4a06-91d9-365eb56e12df@group-C5373BE6AB5E:t1, leader=null, voted=null, raftlog=d2de7c60-b86f-4a06-91d9-365eb56e12df@group-C5373BE6AB5E-SegmentedRaftLog:OPENED:c-1, conf=-1: [3934de01-e9c2-42ef-9a8f-f9cad9f9a13a|rpc:10.1.0.33:40989|dataStream:|priority:0, d2de7c60-b86f-4a06-91d9-365eb56e12df|rpc:10.1.0.33:36843|dataStream:|priority:1, f5002eb4-ff35-49a0-88dd-354658843fe1|rpc:10.1.0.33:43929|dataStream:|priority:0], old=null
2022-01-20 14:18:25,561 [f5002eb4-ff35-49a0-88dd-354658843fe1@group-C5373BE6AB5E-LeaderElection51] INFO  impl.LeaderElection (LeaderElection.java:logAndReturn(89)) - f5002eb4-ff35-49a0-88dd-354658843fe1@group-C5373BE6AB5E-LeaderElection51: ELECTION REJECTED received 2 response(s) and 0 exception(s):
2022-01-20 14:18:25,561 [f5002eb4-ff35-49a0-88dd-354658843fe1@group-C5373BE6AB5E-LeaderElection51] INFO  impl.LeaderElection (LeaderElection.java:logAndReturn(93)) -   Response 0: f5002eb4-ff35-49a0-88dd-354658843fe1<-3934de01-e9c2-42ef-9a8f-f9cad9f9a13a#0:FAIL-t1
2022-01-20 14:18:25,561 [f5002eb4-ff35-49a0-88dd-354658843fe1@group-C5373BE6AB5E-LeaderElection51] INFO  impl.LeaderElection (LeaderElection.java:logAndReturn(93)) -   Response 1: f5002eb4-ff35-49a0-88dd-354658843fe1<-d2de7c60-b86f-4a06-91d9-365eb56e12df#0:FAIL-t1
2022-01-20 14:18:25,561 [f5002eb4-ff35-49a0-88dd-354658843fe1@group-C5373BE6AB5E-LeaderElection51] INFO  impl.LeaderElection (LeaderElection.java:askForVotes(308)) - f5002eb4-ff35-49a0-88dd-354658843fe1@group-C5373BE6AB5E-LeaderElection51 ELECTION round 0: result REJECTED
2022-01-20 14:18:25,561 [f5002eb4-ff35-49a0-88dd-354658843fe1@group-C5373BE6AB5E-LeaderElection51] INFO  server.RaftServer$Division (RaftServerImpl.java:setRole(290)) - f5002eb4-ff35-49a0-88dd-354658843fe1@group-C5373BE6AB5E: changes role from CANDIDATE to FOLLOWER at term 1 for REJECTED
2022-01-20 14:18:25,561 [f5002eb4-ff35-49a0-88dd-354658843fe1@group-C5373BE6AB5E-LeaderElection51] INFO  impl.RoleInfo (RoleInfo.java:shutdownLeaderElection(121)) - f5002eb4-ff35-49a0-88dd-354658843fe1: shutdown f5002eb4-ff35-49a0-88dd-354658843fe1@group-C5373BE6AB5E-LeaderElection51
2022-01-20 14:18:25,561 [f5002eb4-ff35-49a0-88dd-354658843fe1@group-C5373BE6AB5E-LeaderElection51] INFO  impl.RoleInfo (RoleInfo.java:updateAndGet(130)) - f5002eb4-ff35-49a0-88dd-354658843fe1: start f5002eb4-ff35-49a0-88dd-354658843fe1@group-C5373BE6AB5E-FollowerState
2022-01-20 14:18:25,871 [d2de7c60-b86f-4a06-91d9-365eb56e12df@group-132671769FF6-FollowerState] INFO  impl.FollowerState (FollowerState.java:run(134)) - d2de7c60-b86f-4a06-91d9-365eb56e12df@group-132671769FF6-FollowerState: change to CANDIDATE, lastRpcElapsedTime:5166996260ns, electionTimeout:5128ms
2022-01-20 14:18:25,871 [d2de7c60-b86f-4a06-91d9-365eb56e12df@group-132671769FF6-FollowerState] INFO  impl.RoleInfo (RoleInfo.java:shutdownFollowerState(108)) - d2de7c60-b86f-4a06-91d9-365eb56e12df: shutdown d2de7c60-b86f-4a06-91d9-365eb56e12df@group-132671769FF6-FollowerState
2022-01-20 14:18:25,871 [d2de7c60-b86f-4a06-91d9-365eb56e12df@group-132671769FF6-FollowerState] INFO  server.RaftServer$Division (RaftServerImpl.java:setRole(290)) - d2de7c60-b86f-4a06-91d9-365eb56e12df@group-132671769FF6: changes role from  FOLLOWER to CANDIDATE at term 0 for changeToCandidate
2022-01-20 14:18:25,871 [d2de7c60-b86f-4a06-91d9-365eb56e12df@group-132671769FF6-FollowerState] INFO  server.RaftServerConfigKeys (ConfUtils.java:logGet(44)) - raft.server.leaderelection.pre-vote = false (custom)
2022-01-20 14:18:25,871 [d2de7c60-b86f-4a06-91d9-365eb56e12df@group-132671769FF6-FollowerState] INFO  impl.RoleInfo (RoleInfo.java:updateAndGet(130)) - d2de7c60-b86f-4a06-91d9-365eb56e12df: start d2de7c60-b86f-4a06-91d9-365eb56e12df@group-132671769FF6-LeaderElection53
2022-01-20 14:18:25,920 [d2de7c60-b86f-4a06-91d9-365eb56e12df@group-132671769FF6-LeaderElection53] INFO  impl.LeaderElection (LeaderElection.java:askForVotes(306)) - d2de7c60-b86f-4a06-91d9-365eb56e12df@group-132671769FF6-LeaderElection53 ELECTION round 0: submit vote requests at term 1 for -1: [d2de7c60-b86f-4a06-91d9-365eb56e12df|rpc:10.1.0.33:36843|priority:1], old=null
2022-01-20 14:18:25,920 [d2de7c60-b86f-4a06-91d9-365eb56e12df@group-132671769FF6-LeaderElection53] INFO  impl.LeaderElection (LeaderElection.java:askForVotes(308)) - d2de7c60-b86f-4a06-91d9-365eb56e12df@group-132671769FF6-LeaderElection53 ELECTION round 0: result PASSED (term=1)
2022-01-20 14:18:25,920 [d2de7c60-b86f-4a06-91d9-365eb56e12df@group-132671769FF6-LeaderElection53] INFO  impl.RoleInfo (RoleInfo.java:shutdownLeaderElection(121)) - d2de7c60-b86f-4a06-91d9-365eb56e12df: shutdown d2de7c60-b86f-4a06-91d9-365eb56e12df@group-132671769FF6-LeaderElection53
2022-01-20 14:18:25,920 [d2de7c60-b86f-4a06-91d9-365eb56e12df@group-132671769FF6-LeaderElection53] INFO  server.RaftServer$Division (RaftServerImpl.java:setRole(290)) - d2de7c60-b86f-4a06-91d9-365eb56e12df@group-132671769FF6: changes role from CANDIDATE to LEADER at term 1 for changeToLeader
2022-01-20 14:18:25,920 [d2de7c60-b86f-4a06-91d9-365eb56e12df@group-132671769FF6-LeaderElection53] INFO  ratis.XceiverServerRatis (XceiverServerRatis.java:handleLeaderChangedNotification(866)) - Leader change notification received for group: group-132671769FF6 with new leaderId: d2de7c60-b86f-4a06-91d9-365eb56e12df
2022-01-20 14:18:25,920 [d2de7c60-b86f-4a06-91d9-365eb56e12df@group-132671769FF6-LeaderElection53] INFO  server.RaftServer$Division (ServerState.java:setLeader(285)) - d2de7c60-b86f-4a06-91d9-365eb56e12df@group-132671769FF6: change Leader from null to d2de7c60-b86f-4a06-91d9-365eb56e12df at term 1 for becomeLeader, leader elected after 5231ms
2022-01-20 14:18:25,921 [d2de7c60-b86f-4a06-91d9-365eb56e12df@group-132671769FF6-LeaderElection53] INFO  server.RaftServerConfigKeys (ConfUtils.java:logGet(44)) - raft.server.staging.catchup.gap = 1000 (default)
2022-01-20 14:18:25,921 [d2de7c60-b86f-4a06-91d9-365eb56e12df@group-132671769FF6-LeaderElection53] INFO  server.RaftServerConfigKeys (ConfUtils.java:logGet(44)) - raft.server.write.element-limit = 1024 (custom)
2022-01-20 14:18:25,921 [d2de7c60-b86f-4a06-91d9-365eb56e12df@group-132671769FF6-LeaderElection53] INFO  server.RaftServerConfigKeys (ConfUtils.java:logGet(44)) - raft.server.write.byte-limit = 1024 M (=1073741824) (custom)
2022-01-20 14:18:25,921 [d2de7c60-b86f-4a06-91d9-365eb56e12df@group-132671769FF6-LeaderElection53] INFO  server.RaftServerConfigKeys (ConfUtils.java:logGet(44)) - raft.server.watch.timeout = 3000ms (custom)
2022-01-20 14:18:25,921 [d2de7c60-b86f-4a06-91d9-365eb56e12df@group-132671769FF6-LeaderElection53] INFO  server.RaftServerConfigKeys (ConfUtils.java:logGet(44)) - raft.server.watch.timeout.denomination = 1s (default)
2022-01-20 14:18:25,921 [d2de7c60-b86f-4a06-91d9-365eb56e12df@group-132671769FF6-LeaderElection53] INFO  server.RaftServerConfigKeys (ConfUtils.java:logGet(44)) - raft.server.watch.element-limit = 65536 (default)
2022-01-20 14:18:25,921 [d2de7c60-b86f-4a06-91d9-365eb56e12df@group-132671769FF6-LeaderElection53] INFO  server.RaftServerConfigKeys (ConfUtils.java:logGet(44)) - raft.server.write.element-limit = 1024 (custom)
2022-01-20 14:18:25,921 [d2de7c60-b86f-4a06-91d9-365eb56e12df@group-132671769FF6-LeaderElection53] INFO  server.RaftServerConfigKeys (ConfUtils.java:logGet(44)) - raft.server.write.follower.gap.ratio.max = -1.0 (default)
2022-01-20 14:18:25,922 [d2de7c60-b86f-4a06-91d9-365eb56e12df@group-132671769FF6-LeaderElection53] INFO  impl.RoleInfo (RoleInfo.java:updateAndGet(130)) - d2de7c60-b86f-4a06-91d9-365eb56e12df: start d2de7c60-b86f-4a06-91d9-365eb56e12df@group-132671769FF6-LeaderStateImpl
2022-01-20 14:18:25,922 [d2de7c60-b86f-4a06-91d9-365eb56e12df@group-132671769FF6-LeaderElection53] INFO  segmented.SegmentedRaftLogWorker (SegmentedRaftLogWorker.java:startLogSegment(394)) - d2de7c60-b86f-4a06-91d9-365eb56e12df@group-132671769FF6-SegmentedRaftLogWorker: Starting segment from index:0
2022-01-20 14:18:25,923 [d2de7c60-b86f-4a06-91d9-365eb56e12df@group-132671769FF6-SegmentedRaftLogWorker] INFO  segmented.SegmentedRaftLogWorker (SegmentedRaftLogWorker.java:execute(601)) - d2de7c60-b86f-4a06-91d9-365eb56e12df@group-132671769FF6-SegmentedRaftLogWorker: created new log segment /home/runner/work/ozone/ozone/hadoop-ozone/integration-test/target/test-dir/MiniOzoneClusterImpl-f1e7e660-ec45-4ef3-9198-8cc7416827f1/datanode-7/data/ratis/1aa243cd-49d9-4050-957f-132671769ff6/current/log_inprogress_0
2022-01-20 14:18:25,924 [EventQueue-OpenPipelineForHealthyPipelineSafeModeRule] INFO  safemode.SCMSafeModeManager (HealthyPipelineSafeModeRule.java:process(124)) - SCM in safe mode. Healthy pipelines reported count is 0, required healthy pipeline reported count is 1
2022-01-20 14:18:25,934 [d2de7c60-b86f-4a06-91d9-365eb56e12df@group-132671769FF6-LeaderElection53] INFO  server.RaftServer$Division (ServerState.java:setRaftConf(387)) - d2de7c60-b86f-4a06-91d9-365eb56e12df@group-132671769FF6: set configuration 0: [d2de7c60-b86f-4a06-91d9-365eb56e12df|rpc:10.1.0.33:36843|dataStream:|priority:1], old=null
2022-01-20 14:18:25,987 [3055d1e2-eb1d-45ac-85ad-2ef847921969@group-A8039840480C-FollowerState] INFO  impl.FollowerState (FollowerState.java:run(134)) - 3055d1e2-eb1d-45ac-85ad-2ef847921969@group-A8039840480C-FollowerState: change to CANDIDATE, lastRpcElapsedTime:5065247382ns, electionTimeout:5059ms
2022-01-20 14:18:25,987 [3055d1e2-eb1d-45ac-85ad-2ef847921969@group-A8039840480C-FollowerState] INFO  impl.RoleInfo (RoleInfo.java:shutdownFollowerState(108)) - 3055d1e2-eb1d-45ac-85ad-2ef847921969: shutdown 3055d1e2-eb1d-45ac-85ad-2ef847921969@group-A8039840480C-FollowerState
2022-01-20 14:18:25,987 [3055d1e2-eb1d-45ac-85ad-2ef847921969@group-A8039840480C-FollowerState] INFO  server.RaftServer$Division (RaftServerImpl.java:setRole(290)) - 3055d1e2-eb1d-45ac-85ad-2ef847921969@group-A8039840480C: changes role from  FOLLOWER to CANDIDATE at term 1 for changeToCandidate
2022-01-20 14:18:25,987 [3055d1e2-eb1d-45ac-85ad-2ef847921969@group-A8039840480C-FollowerState] INFO  server.RaftServerConfigKeys (ConfUtils.java:logGet(44)) - raft.server.leaderelection.pre-vote = false (custom)
2022-01-20 14:18:25,987 [3055d1e2-eb1d-45ac-85ad-2ef847921969@group-A8039840480C-FollowerState] INFO  impl.RoleInfo (RoleInfo.java:updateAndGet(130)) - 3055d1e2-eb1d-45ac-85ad-2ef847921969: start 3055d1e2-eb1d-45ac-85ad-2ef847921969@group-A8039840480C-LeaderElection54
2022-01-20 14:18:26,000 [4a67b2a1-79be-440d-a7f9-3f5e5a8bd0ed@group-A8039840480C-FollowerState] INFO  impl.FollowerState (FollowerState.java:run(134)) - 4a67b2a1-79be-440d-a7f9-3f5e5a8bd0ed@group-A8039840480C-FollowerState: change to CANDIDATE, lastRpcElapsedTime:5095963817ns, electionTimeout:5090ms
2022-01-20 14:18:26,000 [4a67b2a1-79be-440d-a7f9-3f5e5a8bd0ed@group-A8039840480C-FollowerState] INFO  impl.RoleInfo (RoleInfo.java:shutdownFollowerState(108)) - 4a67b2a1-79be-440d-a7f9-3f5e5a8bd0ed: shutdown 4a67b2a1-79be-440d-a7f9-3f5e5a8bd0ed@group-A8039840480C-FollowerState
2022-01-20 14:18:26,001 [4a67b2a1-79be-440d-a7f9-3f5e5a8bd0ed@group-A8039840480C-FollowerState] INFO  server.RaftServer$Division (RaftServerImpl.java:setRole(290)) - 4a67b2a1-79be-440d-a7f9-3f5e5a8bd0ed@group-A8039840480C: changes role from  FOLLOWER to CANDIDATE at term 1 for changeToCandidate
2022-01-20 14:18:26,001 [4a67b2a1-79be-440d-a7f9-3f5e5a8bd0ed@group-A8039840480C-FollowerState] INFO  server.RaftServerConfigKeys (ConfUtils.java:logGet(44)) - raft.server.leaderelection.pre-vote = false (custom)
2022-01-20 14:18:26,001 [4a67b2a1-79be-440d-a7f9-3f5e5a8bd0ed@group-A8039840480C-FollowerState] INFO  impl.RoleInfo (RoleInfo.java:updateAndGet(130)) - 4a67b2a1-79be-440d-a7f9-3f5e5a8bd0ed: start 4a67b2a1-79be-440d-a7f9-3f5e5a8bd0ed@group-A8039840480C-LeaderElection55
2022-01-20 14:18:26,009 [3055d1e2-eb1d-45ac-85ad-2ef847921969@group-A8039840480C-LeaderElection54] INFO  impl.LeaderElection (LeaderElection.java:askForVotes(306)) - 3055d1e2-eb1d-45ac-85ad-2ef847921969@group-A8039840480C-LeaderElection54 ELECTION round 0: submit vote requests at term 2 for -1: [f405db60-e51c-4785-8bbc-e1c4726dfe5c|rpc:10.1.0.33:35313|priority:0, 4a67b2a1-79be-440d-a7f9-3f5e5a8bd0ed|rpc:10.1.0.33:42913|priority:1, 3055d1e2-eb1d-45ac-85ad-2ef847921969|rpc:10.1.0.33:39677|priority:0], old=null
2022-01-20 14:18:26,012 [4a67b2a1-79be-440d-a7f9-3f5e5a8bd0ed@group-A8039840480C-LeaderElection55] INFO  impl.LeaderElection (LeaderElection.java:askForVotes(306)) - 4a67b2a1-79be-440d-a7f9-3f5e5a8bd0ed@group-A8039840480C-LeaderElection55 ELECTION round 0: submit vote requests at term 2 for -1: [f405db60-e51c-4785-8bbc-e1c4726dfe5c|rpc:10.1.0.33:35313|dataStream:|priority:0, 4a67b2a1-79be-440d-a7f9-3f5e5a8bd0ed|rpc:10.1.0.33:42913|dataStream:|priority:1, 3055d1e2-eb1d-45ac-85ad-2ef847921969|rpc:10.1.0.33:39677|dataStream:|priority:0], old=null
2022-01-20 14:18:26,070 [grpc-default-executor-3] INFO  server.RaftServer$Division (RaftServerImpl.java:requestVote(1046)) - f405db60-e51c-4785-8bbc-e1c4726dfe5c@group-A8039840480C: receive requestVote(ELECTION, 3055d1e2-eb1d-45ac-85ad-2ef847921969, group-A8039840480C, 2, (t:0, i:0))
2022-01-20 14:18:26,070 [grpc-default-executor-3] INFO  impl.VoteContext (VoteContext.java:log(48)) - f405db60-e51c-4785-8bbc-e1c4726dfe5c@group-A8039840480C-FOLLOWER: accept ELECTION from 3055d1e2-eb1d-45ac-85ad-2ef847921969: our priority 0 <= candidate's priority 0
2022-01-20 14:18:26,070 [grpc-default-executor-3] INFO  server.RaftServer$Division (RaftServerImpl.java:setRole(290)) - f405db60-e51c-4785-8bbc-e1c4726dfe5c@group-A8039840480C: changes role from  FOLLOWER to FOLLOWER at term 2 for candidate:3055d1e2-eb1d-45ac-85ad-2ef847921969
2022-01-20 14:18:26,071 [grpc-default-executor-3] INFO  impl.RoleInfo (RoleInfo.java:shutdownFollowerState(108)) - f405db60-e51c-4785-8bbc-e1c4726dfe5c: shutdown f405db60-e51c-4785-8bbc-e1c4726dfe5c@group-A8039840480C-FollowerState
2022-01-20 14:18:26,071 [grpc-default-executor-3] INFO  impl.RoleInfo (RoleInfo.java:updateAndGet(130)) - f405db60-e51c-4785-8bbc-e1c4726dfe5c: start f405db60-e51c-4785-8bbc-e1c4726dfe5c@group-A8039840480C-FollowerState
2022-01-20 14:18:26,071 [f405db60-e51c-4785-8bbc-e1c4726dfe5c@group-A8039840480C-FollowerState] INFO  impl.FollowerState (FollowerState.java:run(143)) - f405db60-e51c-4785-8bbc-e1c4726dfe5c@group-A8039840480C-FollowerState was interrupted: {}
java.lang.InterruptedException: sleep interrupted
	at java.lang.Thread.sleep(Native Method)
	at java.lang.Thread.sleep(Thread.java:340)
	at java.util.concurrent.TimeUnit.sleep(TimeUnit.java:386)
	at org.apache.ratis.util.TimeDuration.sleep(TimeDuration.java:324)
	at org.apache.ratis.util.TimeDuration.sleep(TimeDuration.java:309)
	at org.apache.ratis.server.impl.FollowerState.run(FollowerState.java:118)
2022-01-20 14:18:26,071 [grpc-default-executor-4] INFO  server.RaftServer$Division (RaftServerImpl.java:requestVote(1046)) - 4a67b2a1-79be-440d-a7f9-3f5e5a8bd0ed@group-A8039840480C: receive requestVote(ELECTION, 3055d1e2-eb1d-45ac-85ad-2ef847921969, group-A8039840480C, 2, (t:0, i:0))
2022-01-20 14:18:26,071 [grpc-default-executor-4] INFO  impl.VoteContext (VoteContext.java:log(48)) - 4a67b2a1-79be-440d-a7f9-3f5e5a8bd0ed@group-A8039840480C-CANDIDATE: reject ELECTION from 3055d1e2-eb1d-45ac-85ad-2ef847921969: already has voted for 4a67b2a1-79be-440d-a7f9-3f5e5a8bd0ed at current term 2
2022-01-20 14:18:26,071 [grpc-default-executor-4] INFO  server.RaftServer$Division (RaftServerImpl.java:requestVote(1078)) - 4a67b2a1-79be-440d-a7f9-3f5e5a8bd0ed@group-A8039840480C replies to ELECTION vote request: 3055d1e2-eb1d-45ac-85ad-2ef847921969<-4a67b2a1-79be-440d-a7f9-3f5e5a8bd0ed#0:FAIL-t2. Peer's state: 4a67b2a1-79be-440d-a7f9-3f5e5a8bd0ed@group-A8039840480C:t2, leader=null, voted=4a67b2a1-79be-440d-a7f9-3f5e5a8bd0ed, raftlog=4a67b2a1-79be-440d-a7f9-3f5e5a8bd0ed@group-A8039840480C-SegmentedRaftLog:OPENED:c-1, conf=-1: [f405db60-e51c-4785-8bbc-e1c4726dfe5c|rpc:10.1.0.33:35313|dataStream:|priority:0, 4a67b2a1-79be-440d-a7f9-3f5e5a8bd0ed|rpc:10.1.0.33:42913|dataStream:|priority:1, 3055d1e2-eb1d-45ac-85ad-2ef847921969|rpc:10.1.0.33:39677|dataStream:|priority:0], old=null
2022-01-20 14:18:26,074 [grpc-default-executor-3] INFO  server.RaftServer$Division (RaftServerImpl.java:requestVote(1078)) - f405db60-e51c-4785-8bbc-e1c4726dfe5c@group-A8039840480C replies to ELECTION vote request: 3055d1e2-eb1d-45ac-85ad-2ef847921969<-f405db60-e51c-4785-8bbc-e1c4726dfe5c#0:OK-t2. Peer's state: f405db60-e51c-4785-8bbc-e1c4726dfe5c@group-A8039840480C:t2, leader=null, voted=3055d1e2-eb1d-45ac-85ad-2ef847921969, raftlog=f405db60-e51c-4785-8bbc-e1c4726dfe5c@group-A8039840480C-SegmentedRaftLog:OPENED:c-1, conf=-1: [f405db60-e51c-4785-8bbc-e1c4726dfe5c|rpc:10.1.0.33:35313|dataStream:|priority:0, 4a67b2a1-79be-440d-a7f9-3f5e5a8bd0ed|rpc:10.1.0.33:42913|dataStream:|priority:1, 3055d1e2-eb1d-45ac-85ad-2ef847921969|rpc:10.1.0.33:39677|dataStream:|priority:0], old=null
2022-01-20 14:18:26,082 [Listener at 127.0.0.1/36805] INFO  ozone.MiniOzoneClusterImpl (MiniOzoneClusterImpl.java:lambda$waitForClusterToBeReady$0(219)) - Nodes are ready. Got 9 of 9 DN Heartbeats.
2022-01-20 14:18:26,082 [Listener at 127.0.0.1/36805] INFO  ozone.MiniOzoneClusterImpl (MiniOzoneClusterImpl.java:lambda$waitForClusterToBeReady$0(222)) - Waiting for cluster to exit safe mode
2022-01-20 14:18:26,082 [Listener at 127.0.0.1/36805] INFO  ozone.MiniOzoneClusterImpl (MiniOzoneClusterImpl.java:lambda$waitForClusterToBeReady$0(224)) - SCM became leader
2022-01-20 14:18:26,082 [grpc-default-executor-1] INFO  server.RaftServer$Division (RaftServerImpl.java:requestVote(1046)) - f405db60-e51c-4785-8bbc-e1c4726dfe5c@group-A8039840480C: receive requestVote(ELECTION, 4a67b2a1-79be-440d-a7f9-3f5e5a8bd0ed, group-A8039840480C, 2, (t:0, i:0))
2022-01-20 14:18:26,082 [grpc-default-executor-1] INFO  impl.VoteContext (VoteContext.java:log(48)) - f405db60-e51c-4785-8bbc-e1c4726dfe5c@group-A8039840480C-FOLLOWER: reject ELECTION from 4a67b2a1-79be-440d-a7f9-3f5e5a8bd0ed: already has voted for 3055d1e2-eb1d-45ac-85ad-2ef847921969 at current term 2
2022-01-20 14:18:26,082 [grpc-default-executor-1] INFO  server.RaftServer$Division (RaftServerImpl.java:requestVote(1078)) - f405db60-e51c-4785-8bbc-e1c4726dfe5c@group-A8039840480C replies to ELECTION vote request: 4a67b2a1-79be-440d-a7f9-3f5e5a8bd0ed<-f405db60-e51c-4785-8bbc-e1c4726dfe5c#0:FAIL-t2. Peer's state: f405db60-e51c-4785-8bbc-e1c4726dfe5c@group-A8039840480C:t2, leader=null, voted=3055d1e2-eb1d-45ac-85ad-2ef847921969, raftlog=f405db60-e51c-4785-8bbc-e1c4726dfe5c@group-A8039840480C-SegmentedRaftLog:OPENED:c-1, conf=-1: [f405db60-e51c-4785-8bbc-e1c4726dfe5c|rpc:10.1.0.33:35313|dataStream:|priority:0, 4a67b2a1-79be-440d-a7f9-3f5e5a8bd0ed|rpc:10.1.0.33:42913|dataStream:|priority:1, 3055d1e2-eb1d-45ac-85ad-2ef847921969|rpc:10.1.0.33:39677|dataStream:|priority:0], old=null
2022-01-20 14:18:26,095 [3055d1e2-eb1d-45ac-85ad-2ef847921969@group-A8039840480C-LeaderElection54] INFO  impl.LeaderElection (LeaderElection.java:logAndReturn(89)) - 3055d1e2-eb1d-45ac-85ad-2ef847921969@group-A8039840480C-LeaderElection54: ELECTION REJECTED received 2 response(s) and 0 exception(s):
2022-01-20 14:18:26,095 [3055d1e2-eb1d-45ac-85ad-2ef847921969@group-A8039840480C-LeaderElection54] INFO  impl.LeaderElection (LeaderElection.java:logAndReturn(93)) -   Response 0: 3055d1e2-eb1d-45ac-85ad-2ef847921969<-f405db60-e51c-4785-8bbc-e1c4726dfe5c#0:OK-t2
2022-01-20 14:18:26,095 [3055d1e2-eb1d-45ac-85ad-2ef847921969@group-A8039840480C-LeaderElection54] INFO  impl.LeaderElection (LeaderElection.java:logAndReturn(93)) -   Response 1: 3055d1e2-eb1d-45ac-85ad-2ef847921969<-4a67b2a1-79be-440d-a7f9-3f5e5a8bd0ed#0:FAIL-t2
2022-01-20 14:18:26,096 [3055d1e2-eb1d-45ac-85ad-2ef847921969@group-A8039840480C-LeaderElection54] INFO  impl.LeaderElection (LeaderElection.java:askForVotes(308)) - 3055d1e2-eb1d-45ac-85ad-2ef847921969@group-A8039840480C-LeaderElection54 ELECTION round 0: result REJECTED
2022-01-20 14:18:26,096 [3055d1e2-eb1d-45ac-85ad-2ef847921969@group-A8039840480C-LeaderElection54] INFO  server.RaftServer$Division (RaftServerImpl.java:setRole(290)) - 3055d1e2-eb1d-45ac-85ad-2ef847921969@group-A8039840480C: changes role from CANDIDATE to FOLLOWER at term 2 for REJECTED
2022-01-20 14:18:26,096 [3055d1e2-eb1d-45ac-85ad-2ef847921969@group-A8039840480C-LeaderElection54] INFO  impl.RoleInfo (RoleInfo.java:shutdownLeaderElection(121)) - 3055d1e2-eb1d-45ac-85ad-2ef847921969: shutdown 3055d1e2-eb1d-45ac-85ad-2ef847921969@group-A8039840480C-LeaderElection54
2022-01-20 14:18:26,096 [3055d1e2-eb1d-45ac-85ad-2ef847921969@group-A8039840480C-LeaderElection54] INFO  impl.RoleInfo (RoleInfo.java:updateAndGet(130)) - 3055d1e2-eb1d-45ac-85ad-2ef847921969: start 3055d1e2-eb1d-45ac-85ad-2ef847921969@group-A8039840480C-FollowerState
2022-01-20 14:18:26,132 [grpc-default-executor-1] INFO  server.RaftServer$Division (RaftServerImpl.java:requestVote(1046)) - 3055d1e2-eb1d-45ac-85ad-2ef847921969@group-A8039840480C: receive requestVote(ELECTION, 4a67b2a1-79be-440d-a7f9-3f5e5a8bd0ed, group-A8039840480C, 2, (t:0, i:0))
2022-01-20 14:18:26,133 [grpc-default-executor-1] INFO  impl.VoteContext (VoteContext.java:log(48)) - 3055d1e2-eb1d-45ac-85ad-2ef847921969@group-A8039840480C-FOLLOWER: reject ELECTION from 4a67b2a1-79be-440d-a7f9-3f5e5a8bd0ed: already has voted for 3055d1e2-eb1d-45ac-85ad-2ef847921969 at current term 2
2022-01-20 14:18:26,133 [grpc-default-executor-1] INFO  server.RaftServer$Division (RaftServerImpl.java:requestVote(1078)) - 3055d1e2-eb1d-45ac-85ad-2ef847921969@group-A8039840480C replies to ELECTION vote request: 4a67b2a1-79be-440d-a7f9-3f5e5a8bd0ed<-3055d1e2-eb1d-45ac-85ad-2ef847921969#0:FAIL-t2. Peer's state: 3055d1e2-eb1d-45ac-85ad-2ef847921969@group-A8039840480C:t2, leader=null, voted=3055d1e2-eb1d-45ac-85ad-2ef847921969, raftlog=3055d1e2-eb1d-45ac-85ad-2ef847921969@group-A8039840480C-SegmentedRaftLog:OPENED:c-1, conf=-1: [f405db60-e51c-4785-8bbc-e1c4726dfe5c|rpc:10.1.0.33:35313|priority:0, 4a67b2a1-79be-440d-a7f9-3f5e5a8bd0ed|rpc:10.1.0.33:42913|priority:1, 3055d1e2-eb1d-45ac-85ad-2ef847921969|rpc:10.1.0.33:39677|priority:0], old=null
2022-01-20 14:18:26,136 [4a67b2a1-79be-440d-a7f9-3f5e5a8bd0ed@group-A8039840480C-LeaderElection55] INFO  impl.LeaderElection (LeaderElection.java:logAndReturn(89)) - 4a67b2a1-79be-440d-a7f9-3f5e5a8bd0ed@group-A8039840480C-LeaderElection55: ELECTION REJECTED received 2 response(s) and 0 exception(s):
2022-01-20 14:18:26,136 [4a67b2a1-79be-440d-a7f9-3f5e5a8bd0ed@group-A8039840480C-LeaderElection55] INFO  impl.LeaderElection (LeaderElection.java:logAndReturn(93)) -   Response 0: 4a67b2a1-79be-440d-a7f9-3f5e5a8bd0ed<-f405db60-e51c-4785-8bbc-e1c4726dfe5c#0:FAIL-t2
2022-01-20 14:18:26,136 [4a67b2a1-79be-440d-a7f9-3f5e5a8bd0ed@group-A8039840480C-LeaderElection55] INFO  impl.LeaderElection (LeaderElection.java:logAndReturn(93)) -   Response 1: 4a67b2a1-79be-440d-a7f9-3f5e5a8bd0ed<-3055d1e2-eb1d-45ac-85ad-2ef847921969#0:FAIL-t2
2022-01-20 14:18:26,136 [4a67b2a1-79be-440d-a7f9-3f5e5a8bd0ed@group-A8039840480C-LeaderElection55] INFO  impl.LeaderElection (LeaderElection.java:askForVotes(308)) - 4a67b2a1-79be-440d-a7f9-3f5e5a8bd0ed@group-A8039840480C-LeaderElection55 ELECTION round 0: result REJECTED
2022-01-20 14:18:26,136 [4a67b2a1-79be-440d-a7f9-3f5e5a8bd0ed@group-A8039840480C-LeaderElection55] INFO  server.RaftServer$Division (RaftServerImpl.java:setRole(290)) - 4a67b2a1-79be-440d-a7f9-3f5e5a8bd0ed@group-A8039840480C: changes role from CANDIDATE to FOLLOWER at term 2 for REJECTED
2022-01-20 14:18:26,136 [4a67b2a1-79be-440d-a7f9-3f5e5a8bd0ed@group-A8039840480C-LeaderElection55] INFO  impl.RoleInfo (RoleInfo.java:shutdownLeaderElection(121)) - 4a67b2a1-79be-440d-a7f9-3f5e5a8bd0ed: shutdown 4a67b2a1-79be-440d-a7f9-3f5e5a8bd0ed@group-A8039840480C-LeaderElection55
2022-01-20 14:18:26,136 [4a67b2a1-79be-440d-a7f9-3f5e5a8bd0ed@group-A8039840480C-LeaderElection55] INFO  impl.RoleInfo (RoleInfo.java:updateAndGet(130)) - 4a67b2a1-79be-440d-a7f9-3f5e5a8bd0ed: start 4a67b2a1-79be-440d-a7f9-3f5e5a8bd0ed@group-A8039840480C-FollowerState
2022-01-20 14:18:26,304 [3934de01-e9c2-42ef-9a8f-f9cad9f9a13a@group-95087C682C55-FollowerState] INFO  impl.FollowerState (FollowerState.java:run(134)) - 3934de01-e9c2-42ef-9a8f-f9cad9f9a13a@group-95087C682C55-FollowerState: change to CANDIDATE, lastRpcElapsedTime:5152292046ns, electionTimeout:5107ms
2022-01-20 14:18:26,304 [3934de01-e9c2-42ef-9a8f-f9cad9f9a13a@group-95087C682C55-FollowerState] INFO  impl.RoleInfo (RoleInfo.java:shutdownFollowerState(108)) - 3934de01-e9c2-42ef-9a8f-f9cad9f9a13a: shutdown 3934de01-e9c2-42ef-9a8f-f9cad9f9a13a@group-95087C682C55-FollowerState
2022-01-20 14:18:26,304 [3934de01-e9c2-42ef-9a8f-f9cad9f9a13a@group-95087C682C55-FollowerState] INFO  server.RaftServer$Division (RaftServerImpl.java:setRole(290)) - 3934de01-e9c2-42ef-9a8f-f9cad9f9a13a@group-95087C682C55: changes role from  FOLLOWER to CANDIDATE at term 0 for changeToCandidate
2022-01-20 14:18:26,304 [3934de01-e9c2-42ef-9a8f-f9cad9f9a13a@group-95087C682C55-FollowerState] INFO  server.RaftServerConfigKeys (ConfUtils.java:logGet(44)) - raft.server.leaderelection.pre-vote = false (custom)
2022-01-20 14:18:26,304 [3934de01-e9c2-42ef-9a8f-f9cad9f9a13a@group-95087C682C55-FollowerState] INFO  impl.RoleInfo (RoleInfo.java:updateAndGet(130)) - 3934de01-e9c2-42ef-9a8f-f9cad9f9a13a: start 3934de01-e9c2-42ef-9a8f-f9cad9f9a13a@group-95087C682C55-LeaderElection56
2022-01-20 14:18:26,324 [3934de01-e9c2-42ef-9a8f-f9cad9f9a13a@group-95087C682C55-LeaderElection56] INFO  impl.LeaderElection (LeaderElection.java:askForVotes(306)) - 3934de01-e9c2-42ef-9a8f-f9cad9f9a13a@group-95087C682C55-LeaderElection56 ELECTION round 0: submit vote requests at term 1 for -1: [3934de01-e9c2-42ef-9a8f-f9cad9f9a13a|rpc:10.1.0.33:40989|priority:1], old=null
2022-01-20 14:18:26,324 [3934de01-e9c2-42ef-9a8f-f9cad9f9a13a@group-95087C682C55-LeaderElection56] INFO  impl.LeaderElection (LeaderElection.java:askForVotes(308)) - 3934de01-e9c2-42ef-9a8f-f9cad9f9a13a@group-95087C682C55-LeaderElection56 ELECTION round 0: result PASSED (term=1)
2022-01-20 14:18:26,324 [3934de01-e9c2-42ef-9a8f-f9cad9f9a13a@group-95087C682C55-LeaderElection56] INFO  impl.RoleInfo (RoleInfo.java:shutdownLeaderElection(121)) - 3934de01-e9c2-42ef-9a8f-f9cad9f9a13a: shutdown 3934de01-e9c2-42ef-9a8f-f9cad9f9a13a@group-95087C682C55-LeaderElection56
2022-01-20 14:18:26,324 [3934de01-e9c2-42ef-9a8f-f9cad9f9a13a@group-95087C682C55-LeaderElection56] INFO  server.RaftServer$Division (RaftServerImpl.java:setRole(290)) - 3934de01-e9c2-42ef-9a8f-f9cad9f9a13a@group-95087C682C55: changes role from CANDIDATE to LEADER at term 1 for changeToLeader
2022-01-20 14:18:26,324 [3934de01-e9c2-42ef-9a8f-f9cad9f9a13a@group-95087C682C55-LeaderElection56] INFO  ratis.XceiverServerRatis (XceiverServerRatis.java:handleLeaderChangedNotification(866)) - Leader change notification received for group: group-95087C682C55 with new leaderId: 3934de01-e9c2-42ef-9a8f-f9cad9f9a13a
2022-01-20 14:18:26,325 [3934de01-e9c2-42ef-9a8f-f9cad9f9a13a@group-95087C682C55-LeaderElection56] INFO  server.RaftServer$Division (ServerState.java:setLeader(285)) - 3934de01-e9c2-42ef-9a8f-f9cad9f9a13a@group-95087C682C55: change Leader from null to 3934de01-e9c2-42ef-9a8f-f9cad9f9a13a at term 1 for becomeLeader, leader elected after 5197ms
2022-01-20 14:18:26,325 [3934de01-e9c2-42ef-9a8f-f9cad9f9a13a@group-95087C682C55-LeaderElection56] INFO  server.RaftServerConfigKeys (ConfUtils.java:logGet(44)) - raft.server.staging.catchup.gap = 1000 (default)
2022-01-20 14:18:26,325 [3934de01-e9c2-42ef-9a8f-f9cad9f9a13a@group-95087C682C55-LeaderElection56] INFO  server.RaftServerConfigKeys (ConfUtils.java:logGet(44)) - raft.server.write.element-limit = 1024 (custom)
2022-01-20 14:18:26,325 [3934de01-e9c2-42ef-9a8f-f9cad9f9a13a@group-95087C682C55-LeaderElection56] INFO  server.RaftServerConfigKeys (ConfUtils.java:logGet(44)) - raft.server.write.byte-limit = 1024 M (=1073741824) (custom)
2022-01-20 14:18:26,325 [3934de01-e9c2-42ef-9a8f-f9cad9f9a13a@group-95087C682C55-LeaderElection56] INFO  server.RaftServerConfigKeys (ConfUtils.java:logGet(44)) - raft.server.watch.timeout = 3000ms (custom)
2022-01-20 14:18:26,325 [3934de01-e9c2-42ef-9a8f-f9cad9f9a13a@group-95087C682C55-LeaderElection56] INFO  server.RaftServerConfigKeys (ConfUtils.java:logGet(44)) - raft.server.watch.timeout.denomination = 1s (default)
2022-01-20 14:18:26,326 [3934de01-e9c2-42ef-9a8f-f9cad9f9a13a@group-95087C682C55-LeaderElection56] INFO  server.RaftServerConfigKeys (ConfUtils.java:logGet(44)) - raft.server.watch.element-limit = 65536 (default)
2022-01-20 14:18:26,326 [3934de01-e9c2-42ef-9a8f-f9cad9f9a13a@group-95087C682C55-LeaderElection56] INFO  server.RaftServerConfigKeys (ConfUtils.java:logGet(44)) - raft.server.write.element-limit = 1024 (custom)
2022-01-20 14:18:26,326 [3934de01-e9c2-42ef-9a8f-f9cad9f9a13a@group-95087C682C55-LeaderElection56] INFO  server.RaftServerConfigKeys (ConfUtils.java:logGet(44)) - raft.server.write.follower.gap.ratio.max = -1.0 (default)
2022-01-20 14:18:26,326 [3934de01-e9c2-42ef-9a8f-f9cad9f9a13a@group-95087C682C55-LeaderElection56] INFO  impl.RoleInfo (RoleInfo.java:updateAndGet(130)) - 3934de01-e9c2-42ef-9a8f-f9cad9f9a13a: start 3934de01-e9c2-42ef-9a8f-f9cad9f9a13a@group-95087C682C55-LeaderStateImpl
2022-01-20 14:18:26,335 [3934de01-e9c2-42ef-9a8f-f9cad9f9a13a@group-95087C682C55-LeaderElection56] INFO  segmented.SegmentedRaftLogWorker (SegmentedRaftLogWorker.java:startLogSegment(394)) - 3934de01-e9c2-42ef-9a8f-f9cad9f9a13a@group-95087C682C55-SegmentedRaftLogWorker: Starting segment from index:0
2022-01-20 14:18:26,336 [3934de01-e9c2-42ef-9a8f-f9cad9f9a13a@group-95087C682C55-SegmentedRaftLogWorker] INFO  segmented.SegmentedRaftLogWorker (SegmentedRaftLogWorker.java:execute(601)) - 3934de01-e9c2-42ef-9a8f-f9cad9f9a13a@group-95087C682C55-SegmentedRaftLogWorker: created new log segment /home/runner/work/ozone/ozone/hadoop-ozone/integration-test/target/test-dir/MiniOzoneClusterImpl-f1e7e660-ec45-4ef3-9198-8cc7416827f1/datanode-8/data/ratis/d21a62da-0ff5-4921-8124-95087c682c55/current/log_inprogress_0
2022-01-20 14:18:26,342 [EventQueue-OpenPipelineForHealthyPipelineSafeModeRule] INFO  safemode.SCMSafeModeManager (HealthyPipelineSafeModeRule.java:process(124)) - SCM in safe mode. Healthy pipelines reported count is 0, required healthy pipeline reported count is 1
2022-01-20 14:18:26,366 [3934de01-e9c2-42ef-9a8f-f9cad9f9a13a@group-95087C682C55-LeaderElection56] INFO  server.RaftServer$Division (ServerState.java:setRaftConf(387)) - 3934de01-e9c2-42ef-9a8f-f9cad9f9a13a@group-95087C682C55: set configuration 0: [3934de01-e9c2-42ef-9a8f-f9cad9f9a13a|rpc:10.1.0.33:40989|dataStream:|priority:1], old=null
2022-01-20 14:18:27,082 [Listener at 127.0.0.1/36805] INFO  ozone.MiniOzoneClusterImpl (MiniOzoneClusterImpl.java:lambda$waitForClusterToBeReady$0(219)) - Nodes are ready. Got 9 of 9 DN Heartbeats.
2022-01-20 14:18:27,082 [Listener at 127.0.0.1/36805] INFO  ozone.MiniOzoneClusterImpl (MiniOzoneClusterImpl.java:lambda$waitForClusterToBeReady$0(222)) - Waiting for cluster to exit safe mode
2022-01-20 14:18:27,082 [Listener at 127.0.0.1/36805] INFO  ozone.MiniOzoneClusterImpl (MiniOzoneClusterImpl.java:lambda$waitForClusterToBeReady$0(224)) - SCM became leader
2022-01-20 14:18:28,084 [Listener at 127.0.0.1/36805] INFO  ozone.MiniOzoneClusterImpl (MiniOzoneClusterImpl.java:lambda$waitForClusterToBeReady$0(219)) - Nodes are ready. Got 9 of 9 DN Heartbeats.
2022-01-20 14:18:28,084 [Listener at 127.0.0.1/36805] INFO  ozone.MiniOzoneClusterImpl (MiniOzoneClusterImpl.java:lambda$waitForClusterToBeReady$0(222)) - Waiting for cluster to exit safe mode
2022-01-20 14:18:28,085 [Listener at 127.0.0.1/36805] INFO  ozone.MiniOzoneClusterImpl (MiniOzoneClusterImpl.java:lambda$waitForClusterToBeReady$0(224)) - SCM became leader
2022-01-20 14:18:28,229 [c842222a-b1c3-47cd-9e78-3481338af40d@group-477B38A169A7-FollowerState] INFO  impl.FollowerState (FollowerState.java:run(134)) - c842222a-b1c3-47cd-9e78-3481338af40d@group-477B38A169A7-FollowerState: change to CANDIDATE, lastRpcElapsedTime:5121125101ns, electionTimeout:5116ms
2022-01-20 14:18:28,229 [c842222a-b1c3-47cd-9e78-3481338af40d@group-477B38A169A7-FollowerState] INFO  impl.RoleInfo (RoleInfo.java:shutdownFollowerState(108)) - c842222a-b1c3-47cd-9e78-3481338af40d: shutdown c842222a-b1c3-47cd-9e78-3481338af40d@group-477B38A169A7-FollowerState
2022-01-20 14:18:28,229 [c842222a-b1c3-47cd-9e78-3481338af40d@group-477B38A169A7-FollowerState] INFO  server.RaftServer$Division (RaftServerImpl.java:setRole(290)) - c842222a-b1c3-47cd-9e78-3481338af40d@group-477B38A169A7: changes role from  FOLLOWER to CANDIDATE at term 1 for changeToCandidate
2022-01-20 14:18:28,230 [c842222a-b1c3-47cd-9e78-3481338af40d@group-477B38A169A7-FollowerState] INFO  server.RaftServerConfigKeys (ConfUtils.java:logGet(44)) - raft.server.leaderelection.pre-vote = false (custom)
2022-01-20 14:18:28,230 [c842222a-b1c3-47cd-9e78-3481338af40d@group-477B38A169A7-FollowerState] INFO  impl.RoleInfo (RoleInfo.java:updateAndGet(130)) - c842222a-b1c3-47cd-9e78-3481338af40d: start c842222a-b1c3-47cd-9e78-3481338af40d@group-477B38A169A7-LeaderElection57
2022-01-20 14:18:28,241 [c842222a-b1c3-47cd-9e78-3481338af40d@group-477B38A169A7-LeaderElection57] INFO  impl.LeaderElection (LeaderElection.java:askForVotes(306)) - c842222a-b1c3-47cd-9e78-3481338af40d@group-477B38A169A7-LeaderElection57 ELECTION round 0: submit vote requests at term 2 for -1: [c842222a-b1c3-47cd-9e78-3481338af40d|rpc:10.1.0.33:44871|dataStream:|priority:0, 8543d24f-bec7-4768-944c-282c8ff9c745|rpc:10.1.0.33:34369|dataStream:|priority:0, 974883c6-3444-443e-b406-2e7f57ab6e46|rpc:10.1.0.33:43877|dataStream:|priority:1], old=null
2022-01-20 14:18:28,288 [974883c6-3444-443e-b406-2e7f57ab6e46@group-477B38A169A7-FollowerState] INFO  impl.FollowerState (FollowerState.java:run(134)) - 974883c6-3444-443e-b406-2e7f57ab6e46@group-477B38A169A7-FollowerState: change to CANDIDATE, lastRpcElapsedTime:5157195077ns, electionTimeout:5131ms
2022-01-20 14:18:28,288 [974883c6-3444-443e-b406-2e7f57ab6e46@group-477B38A169A7-FollowerState] INFO  impl.RoleInfo (RoleInfo.java:shutdownFollowerState(108)) - 974883c6-3444-443e-b406-2e7f57ab6e46: shutdown 974883c6-3444-443e-b406-2e7f57ab6e46@group-477B38A169A7-FollowerState
2022-01-20 14:18:28,288 [974883c6-3444-443e-b406-2e7f57ab6e46@group-477B38A169A7-FollowerState] INFO  server.RaftServer$Division (RaftServerImpl.java:setRole(290)) - 974883c6-3444-443e-b406-2e7f57ab6e46@group-477B38A169A7: changes role from  FOLLOWER to CANDIDATE at term 1 for changeToCandidate
2022-01-20 14:18:28,288 [974883c6-3444-443e-b406-2e7f57ab6e46@group-477B38A169A7-FollowerState] INFO  server.RaftServerConfigKeys (ConfUtils.java:logGet(44)) - raft.server.leaderelection.pre-vote = false (custom)
2022-01-20 14:18:28,288 [974883c6-3444-443e-b406-2e7f57ab6e46@group-477B38A169A7-FollowerState] INFO  impl.RoleInfo (RoleInfo.java:updateAndGet(130)) - 974883c6-3444-443e-b406-2e7f57ab6e46: start 974883c6-3444-443e-b406-2e7f57ab6e46@group-477B38A169A7-LeaderElection58
2022-01-20 14:18:28,315 [grpc-default-executor-1] INFO  server.RaftServer$Division (RaftServerImpl.java:requestVote(1046)) - 974883c6-3444-443e-b406-2e7f57ab6e46@group-477B38A169A7: receive requestVote(ELECTION, c842222a-b1c3-47cd-9e78-3481338af40d, group-477B38A169A7, 2, (t:0, i:0))
2022-01-20 14:18:28,317 [grpc-default-executor-1] INFO  impl.VoteContext (VoteContext.java:log(48)) - 974883c6-3444-443e-b406-2e7f57ab6e46@group-477B38A169A7-CANDIDATE: reject ELECTION from c842222a-b1c3-47cd-9e78-3481338af40d: our priority 1 > candidate's priority 0
2022-01-20 14:18:28,317 [grpc-default-executor-1] INFO  server.RaftServer$Division (RaftServerImpl.java:setRole(290)) - 974883c6-3444-443e-b406-2e7f57ab6e46@group-477B38A169A7: changes role from CANDIDATE to FOLLOWER at term 2 for candidate:c842222a-b1c3-47cd-9e78-3481338af40d
2022-01-20 14:18:28,317 [grpc-default-executor-1] INFO  impl.RoleInfo (RoleInfo.java:shutdownLeaderElection(121)) - 974883c6-3444-443e-b406-2e7f57ab6e46: shutdown 974883c6-3444-443e-b406-2e7f57ab6e46@group-477B38A169A7-LeaderElection58
2022-01-20 14:18:28,317 [grpc-default-executor-1] INFO  impl.RoleInfo (RoleInfo.java:updateAndGet(130)) - 974883c6-3444-443e-b406-2e7f57ab6e46: start 974883c6-3444-443e-b406-2e7f57ab6e46@group-477B38A169A7-FollowerState
2022-01-20 14:18:28,329 [grpc-default-executor-1] INFO  server.RaftServer$Division (RaftServerImpl.java:requestVote(1078)) - 974883c6-3444-443e-b406-2e7f57ab6e46@group-477B38A169A7 replies to ELECTION vote request: c842222a-b1c3-47cd-9e78-3481338af40d<-974883c6-3444-443e-b406-2e7f57ab6e46#0:FAIL-t2. Peer's state: 974883c6-3444-443e-b406-2e7f57ab6e46@group-477B38A169A7:t2, leader=null, voted=null, raftlog=974883c6-3444-443e-b406-2e7f57ab6e46@group-477B38A169A7-SegmentedRaftLog:OPENED:c-1, conf=-1: [c842222a-b1c3-47cd-9e78-3481338af40d|rpc:10.1.0.33:44871|dataStream:|priority:0, 8543d24f-bec7-4768-944c-282c8ff9c745|rpc:10.1.0.33:34369|dataStream:|priority:0, 974883c6-3444-443e-b406-2e7f57ab6e46|rpc:10.1.0.33:43877|dataStream:|priority:1], old=null
2022-01-20 14:18:28,333 [974883c6-3444-443e-b406-2e7f57ab6e46@group-477B38A169A7-LeaderElection58] INFO  impl.LeaderElection (LeaderElection.java:run(230)) - 974883c6-3444-443e-b406-2e7f57ab6e46@group-477B38A169A7-LeaderElection58: skip running since this is already CLOSING
2022-01-20 14:18:28,351 [8543d24f-bec7-4768-944c-282c8ff9c745@group-477B38A169A7-FollowerState] INFO  impl.FollowerState (FollowerState.java:run(134)) - 8543d24f-bec7-4768-944c-282c8ff9c745@group-477B38A169A7-FollowerState: change to CANDIDATE, lastRpcElapsedTime:5188722817ns, electionTimeout:5177ms
2022-01-20 14:18:28,351 [8543d24f-bec7-4768-944c-282c8ff9c745@group-477B38A169A7-FollowerState] INFO  impl.RoleInfo (RoleInfo.java:shutdownFollowerState(108)) - 8543d24f-bec7-4768-944c-282c8ff9c745: shutdown 8543d24f-bec7-4768-944c-282c8ff9c745@group-477B38A169A7-FollowerState
2022-01-20 14:18:28,351 [8543d24f-bec7-4768-944c-282c8ff9c745@group-477B38A169A7-FollowerState] INFO  server.RaftServer$Division (RaftServerImpl.java:setRole(290)) - 8543d24f-bec7-4768-944c-282c8ff9c745@group-477B38A169A7: changes role from  FOLLOWER to CANDIDATE at term 1 for changeToCandidate
2022-01-20 14:18:28,351 [8543d24f-bec7-4768-944c-282c8ff9c745@group-477B38A169A7-FollowerState] INFO  server.RaftServerConfigKeys (ConfUtils.java:logGet(44)) - raft.server.leaderelection.pre-vote = false (custom)
2022-01-20 14:18:28,351 [8543d24f-bec7-4768-944c-282c8ff9c745@group-477B38A169A7-FollowerState] INFO  impl.RoleInfo (RoleInfo.java:updateAndGet(130)) - 8543d24f-bec7-4768-944c-282c8ff9c745: start 8543d24f-bec7-4768-944c-282c8ff9c745@group-477B38A169A7-LeaderElection59
2022-01-20 14:18:28,363 [c842222a-b1c3-47cd-9e78-3481338af40d@group-477B38A169A7-LeaderElection57] INFO  impl.LeaderElection (LeaderElection.java:logAndReturn(89)) - c842222a-b1c3-47cd-9e78-3481338af40d@group-477B38A169A7-LeaderElection57: ELECTION REJECTED received 1 response(s) and 0 exception(s):
2022-01-20 14:18:28,363 [c842222a-b1c3-47cd-9e78-3481338af40d@group-477B38A169A7-LeaderElection57] INFO  impl.LeaderElection (LeaderElection.java:logAndReturn(93)) -   Response 0: c842222a-b1c3-47cd-9e78-3481338af40d<-974883c6-3444-443e-b406-2e7f57ab6e46#0:FAIL-t2
2022-01-20 14:18:28,364 [c842222a-b1c3-47cd-9e78-3481338af40d@group-477B38A169A7-LeaderElection57] INFO  impl.LeaderElection (LeaderElection.java:askForVotes(308)) - c842222a-b1c3-47cd-9e78-3481338af40d@group-477B38A169A7-LeaderElection57 ELECTION round 0: result REJECTED
2022-01-20 14:18:28,365 [c842222a-b1c3-47cd-9e78-3481338af40d@group-477B38A169A7-LeaderElection57] INFO  server.RaftServer$Division (RaftServerImpl.java:setRole(290)) - c842222a-b1c3-47cd-9e78-3481338af40d@group-477B38A169A7: changes role from CANDIDATE to FOLLOWER at term 2 for REJECTED
2022-01-20 14:18:28,365 [c842222a-b1c3-47cd-9e78-3481338af40d@group-477B38A169A7-LeaderElection57] INFO  impl.RoleInfo (RoleInfo.java:shutdownLeaderElection(121)) - c842222a-b1c3-47cd-9e78-3481338af40d: shutdown c842222a-b1c3-47cd-9e78-3481338af40d@group-477B38A169A7-LeaderElection57
2022-01-20 14:18:28,365 [c842222a-b1c3-47cd-9e78-3481338af40d@group-477B38A169A7-LeaderElection57] INFO  impl.RoleInfo (RoleInfo.java:updateAndGet(130)) - c842222a-b1c3-47cd-9e78-3481338af40d: start c842222a-b1c3-47cd-9e78-3481338af40d@group-477B38A169A7-FollowerState
2022-01-20 14:18:28,365 [grpc-default-executor-1] INFO  server.RaftServer$Division (RaftServerImpl.java:requestVote(1046)) - 8543d24f-bec7-4768-944c-282c8ff9c745@group-477B38A169A7: receive requestVote(ELECTION, c842222a-b1c3-47cd-9e78-3481338af40d, group-477B38A169A7, 2, (t:0, i:0))
2022-01-20 14:18:28,366 [grpc-default-executor-1] INFO  impl.VoteContext (VoteContext.java:log(48)) - 8543d24f-bec7-4768-944c-282c8ff9c745@group-477B38A169A7-CANDIDATE: reject ELECTION from c842222a-b1c3-47cd-9e78-3481338af40d: already has voted for 8543d24f-bec7-4768-944c-282c8ff9c745 at current term 2
2022-01-20 14:18:28,367 [grpc-default-executor-1] INFO  server.RaftServer$Division (RaftServerImpl.java:requestVote(1078)) - 8543d24f-bec7-4768-944c-282c8ff9c745@group-477B38A169A7 replies to ELECTION vote request: c842222a-b1c3-47cd-9e78-3481338af40d<-8543d24f-bec7-4768-944c-282c8ff9c745#0:FAIL-t2. Peer's state: 8543d24f-bec7-4768-944c-282c8ff9c745@group-477B38A169A7:t2, leader=null, voted=8543d24f-bec7-4768-944c-282c8ff9c745, raftlog=8543d24f-bec7-4768-944c-282c8ff9c745@group-477B38A169A7-SegmentedRaftLog:OPENED:c-1, conf=-1: [c842222a-b1c3-47cd-9e78-3481338af40d|rpc:10.1.0.33:44871|priority:0, 8543d24f-bec7-4768-944c-282c8ff9c745|rpc:10.1.0.33:34369|priority:0, 974883c6-3444-443e-b406-2e7f57ab6e46|rpc:10.1.0.33:43877|priority:1], old=null
2022-01-20 14:18:28,368 [8543d24f-bec7-4768-944c-282c8ff9c745@group-477B38A169A7-LeaderElection59] INFO  impl.LeaderElection (LeaderElection.java:askForVotes(306)) - 8543d24f-bec7-4768-944c-282c8ff9c745@group-477B38A169A7-LeaderElection59 ELECTION round 0: submit vote requests at term 2 for -1: [c842222a-b1c3-47cd-9e78-3481338af40d|rpc:10.1.0.33:44871|priority:0, 8543d24f-bec7-4768-944c-282c8ff9c745|rpc:10.1.0.33:34369|priority:0, 974883c6-3444-443e-b406-2e7f57ab6e46|rpc:10.1.0.33:43877|priority:1], old=null
2022-01-20 14:18:28,409 [grpc-default-executor-1] INFO  server.RaftServer$Division (RaftServerImpl.java:requestVote(1046)) - c842222a-b1c3-47cd-9e78-3481338af40d@group-477B38A169A7: receive requestVote(ELECTION, 8543d24f-bec7-4768-944c-282c8ff9c745, group-477B38A169A7, 2, (t:0, i:0))
2022-01-20 14:18:28,409 [grpc-default-executor-1] INFO  impl.VoteContext (VoteContext.java:log(48)) - c842222a-b1c3-47cd-9e78-3481338af40d@group-477B38A169A7-FOLLOWER: reject ELECTION from 8543d24f-bec7-4768-944c-282c8ff9c745: already has voted for c842222a-b1c3-47cd-9e78-3481338af40d at current term 2
2022-01-20 14:18:28,409 [grpc-default-executor-1] INFO  server.RaftServer$Division (RaftServerImpl.java:requestVote(1078)) - c842222a-b1c3-47cd-9e78-3481338af40d@group-477B38A169A7 replies to ELECTION vote request: 8543d24f-bec7-4768-944c-282c8ff9c745<-c842222a-b1c3-47cd-9e78-3481338af40d#0:FAIL-t2. Peer's state: c842222a-b1c3-47cd-9e78-3481338af40d@group-477B38A169A7:t2, leader=null, voted=c842222a-b1c3-47cd-9e78-3481338af40d, raftlog=c842222a-b1c3-47cd-9e78-3481338af40d@group-477B38A169A7-SegmentedRaftLog:OPENED:c-1, conf=-1: [c842222a-b1c3-47cd-9e78-3481338af40d|rpc:10.1.0.33:44871|dataStream:|priority:0, 8543d24f-bec7-4768-944c-282c8ff9c745|rpc:10.1.0.33:34369|dataStream:|priority:0, 974883c6-3444-443e-b406-2e7f57ab6e46|rpc:10.1.0.33:43877|dataStream:|priority:1], old=null
2022-01-20 14:18:28,421 [grpc-default-executor-1] INFO  server.RaftServer$Division (RaftServerImpl.java:requestVote(1046)) - 974883c6-3444-443e-b406-2e7f57ab6e46@group-477B38A169A7: receive requestVote(ELECTION, 8543d24f-bec7-4768-944c-282c8ff9c745, group-477B38A169A7, 2, (t:0, i:0))
2022-01-20 14:18:28,421 [grpc-default-executor-1] INFO  impl.VoteContext (VoteContext.java:log(48)) - 974883c6-3444-443e-b406-2e7f57ab6e46@group-477B38A169A7-FOLLOWER: reject ELECTION from 8543d24f-bec7-4768-944c-282c8ff9c745: our priority 1 > candidate's priority 0
2022-01-20 14:18:28,421 [grpc-default-executor-1] INFO  server.RaftServer$Division (RaftServerImpl.java:setRole(290)) - 974883c6-3444-443e-b406-2e7f57ab6e46@group-477B38A169A7: changes role from  FOLLOWER to FOLLOWER at term 2 for candidate:8543d24f-bec7-4768-944c-282c8ff9c745
2022-01-20 14:18:28,421 [grpc-default-executor-1] INFO  impl.RoleInfo (RoleInfo.java:shutdownFollowerState(108)) - 974883c6-3444-443e-b406-2e7f57ab6e46: shutdown 974883c6-3444-443e-b406-2e7f57ab6e46@group-477B38A169A7-FollowerState
2022-01-20 14:18:28,421 [grpc-default-executor-1] INFO  impl.RoleInfo (RoleInfo.java:updateAndGet(130)) - 974883c6-3444-443e-b406-2e7f57ab6e46: start 974883c6-3444-443e-b406-2e7f57ab6e46@group-477B38A169A7-FollowerState
2022-01-20 14:18:28,421 [974883c6-3444-443e-b406-2e7f57ab6e46@group-477B38A169A7-FollowerState] INFO  impl.FollowerState (FollowerState.java:run(143)) - 974883c6-3444-443e-b406-2e7f57ab6e46@group-477B38A169A7-FollowerState was interrupted: {}
java.lang.InterruptedException: sleep interrupted
	at java.lang.Thread.sleep(Native Method)
	at java.lang.Thread.sleep(Thread.java:340)
	at java.util.concurrent.TimeUnit.sleep(TimeUnit.java:386)
	at org.apache.ratis.util.TimeDuration.sleep(TimeDuration.java:324)
	at org.apache.ratis.util.TimeDuration.sleep(TimeDuration.java:309)
	at org.apache.ratis.server.impl.FollowerState.run(FollowerState.java:118)
2022-01-20 14:18:28,429 [grpc-default-executor-1] INFO  server.RaftServer$Division (RaftServerImpl.java:requestVote(1078)) - 974883c6-3444-443e-b406-2e7f57ab6e46@group-477B38A169A7 replies to ELECTION vote request: 8543d24f-bec7-4768-944c-282c8ff9c745<-974883c6-3444-443e-b406-2e7f57ab6e46#0:FAIL-t2. Peer's state: 974883c6-3444-443e-b406-2e7f57ab6e46@group-477B38A169A7:t2, leader=null, voted=null, raftlog=974883c6-3444-443e-b406-2e7f57ab6e46@group-477B38A169A7-SegmentedRaftLog:OPENED:c-1, conf=-1: [c842222a-b1c3-47cd-9e78-3481338af40d|rpc:10.1.0.33:44871|dataStream:|priority:0, 8543d24f-bec7-4768-944c-282c8ff9c745|rpc:10.1.0.33:34369|dataStream:|priority:0, 974883c6-3444-443e-b406-2e7f57ab6e46|rpc:10.1.0.33:43877|dataStream:|priority:1], old=null
2022-01-20 14:18:28,433 [8543d24f-bec7-4768-944c-282c8ff9c745@group-477B38A169A7-LeaderElection59] INFO  impl.LeaderElection (LeaderElection.java:logAndReturn(89)) - 8543d24f-bec7-4768-944c-282c8ff9c745@group-477B38A169A7-LeaderElection59: ELECTION REJECTED received 2 response(s) and 0 exception(s):
2022-01-20 14:18:28,433 [8543d24f-bec7-4768-944c-282c8ff9c745@group-477B38A169A7-LeaderElection59] INFO  impl.LeaderElection (LeaderElection.java:logAndReturn(93)) -   Response 0: 8543d24f-bec7-4768-944c-282c8ff9c745<-c842222a-b1c3-47cd-9e78-3481338af40d#0:FAIL-t2
2022-01-20 14:18:28,433 [8543d24f-bec7-4768-944c-282c8ff9c745@group-477B38A169A7-LeaderElection59] INFO  impl.LeaderElection (LeaderElection.java:logAndReturn(93)) -   Response 1: 8543d24f-bec7-4768-944c-282c8ff9c745<-974883c6-3444-443e-b406-2e7f57ab6e46#0:FAIL-t2
2022-01-20 14:18:28,433 [8543d24f-bec7-4768-944c-282c8ff9c745@group-477B38A169A7-LeaderElection59] INFO  impl.LeaderElection (LeaderElection.java:askForVotes(308)) - 8543d24f-bec7-4768-944c-282c8ff9c745@group-477B38A169A7-LeaderElection59 ELECTION round 0: result REJECTED
2022-01-20 14:18:28,433 [8543d24f-bec7-4768-944c-282c8ff9c745@group-477B38A169A7-LeaderElection59] INFO  server.RaftServer$Division (RaftServerImpl.java:setRole(290)) - 8543d24f-bec7-4768-944c-282c8ff9c745@group-477B38A169A7: changes role from CANDIDATE to FOLLOWER at term 2 for REJECTED
2022-01-20 14:18:28,433 [8543d24f-bec7-4768-944c-282c8ff9c745@group-477B38A169A7-LeaderElection59] INFO  impl.RoleInfo (RoleInfo.java:shutdownLeaderElection(121)) - 8543d24f-bec7-4768-944c-282c8ff9c745: shutdown 8543d24f-bec7-4768-944c-282c8ff9c745@group-477B38A169A7-LeaderElection59
2022-01-20 14:18:28,434 [8543d24f-bec7-4768-944c-282c8ff9c745@group-477B38A169A7-LeaderElection59] INFO  impl.RoleInfo (RoleInfo.java:updateAndGet(130)) - 8543d24f-bec7-4768-944c-282c8ff9c745: start 8543d24f-bec7-4768-944c-282c8ff9c745@group-477B38A169A7-FollowerState
2022-01-20 14:18:29,085 [Listener at 127.0.0.1/36805] INFO  ozone.MiniOzoneClusterImpl (MiniOzoneClusterImpl.java:lambda$waitForClusterToBeReady$0(219)) - Nodes are ready. Got 9 of 9 DN Heartbeats.
2022-01-20 14:18:29,085 [Listener at 127.0.0.1/36805] INFO  ozone.MiniOzoneClusterImpl (MiniOzoneClusterImpl.java:lambda$waitForClusterToBeReady$0(222)) - Waiting for cluster to exit safe mode
2022-01-20 14:18:29,085 [Listener at 127.0.0.1/36805] INFO  ozone.MiniOzoneClusterImpl (MiniOzoneClusterImpl.java:lambda$waitForClusterToBeReady$0(224)) - SCM became leader
2022-01-20 14:18:30,086 [Listener at 127.0.0.1/36805] INFO  ozone.MiniOzoneClusterImpl (MiniOzoneClusterImpl.java:lambda$waitForClusterToBeReady$0(219)) - Nodes are ready. Got 9 of 9 DN Heartbeats.
2022-01-20 14:18:30,086 [Listener at 127.0.0.1/36805] INFO  ozone.MiniOzoneClusterImpl (MiniOzoneClusterImpl.java:lambda$waitForClusterToBeReady$0(222)) - Waiting for cluster to exit safe mode
2022-01-20 14:18:30,086 [Listener at 127.0.0.1/36805] INFO  ozone.MiniOzoneClusterImpl (MiniOzoneClusterImpl.java:lambda$waitForClusterToBeReady$0(224)) - SCM became leader
2022-01-20 14:18:30,564 [d2de7c60-b86f-4a06-91d9-365eb56e12df@group-C5373BE6AB5E-FollowerState] INFO  impl.FollowerState (FollowerState.java:run(134)) - d2de7c60-b86f-4a06-91d9-365eb56e12df@group-C5373BE6AB5E-FollowerState: change to CANDIDATE, lastRpcElapsedTime:5032725019ns, electionTimeout:5031ms
2022-01-20 14:18:30,564 [d2de7c60-b86f-4a06-91d9-365eb56e12df@group-C5373BE6AB5E-FollowerState] INFO  impl.RoleInfo (RoleInfo.java:shutdownFollowerState(108)) - d2de7c60-b86f-4a06-91d9-365eb56e12df: shutdown d2de7c60-b86f-4a06-91d9-365eb56e12df@group-C5373BE6AB5E-FollowerState
2022-01-20 14:18:30,564 [d2de7c60-b86f-4a06-91d9-365eb56e12df@group-C5373BE6AB5E-FollowerState] INFO  server.RaftServer$Division (RaftServerImpl.java:setRole(290)) - d2de7c60-b86f-4a06-91d9-365eb56e12df@group-C5373BE6AB5E: changes role from  FOLLOWER to CANDIDATE at term 1 for changeToCandidate
2022-01-20 14:18:30,564 [d2de7c60-b86f-4a06-91d9-365eb56e12df@group-C5373BE6AB5E-FollowerState] INFO  server.RaftServerConfigKeys (ConfUtils.java:logGet(44)) - raft.server.leaderelection.pre-vote = false (custom)
2022-01-20 14:18:30,564 [d2de7c60-b86f-4a06-91d9-365eb56e12df@group-C5373BE6AB5E-FollowerState] INFO  impl.RoleInfo (RoleInfo.java:updateAndGet(130)) - d2de7c60-b86f-4a06-91d9-365eb56e12df: start d2de7c60-b86f-4a06-91d9-365eb56e12df@group-C5373BE6AB5E-LeaderElection60
2022-01-20 14:18:30,575 [f5002eb4-ff35-49a0-88dd-354658843fe1@group-C5373BE6AB5E-FollowerState] INFO  impl.FollowerState (FollowerState.java:run(134)) - f5002eb4-ff35-49a0-88dd-354658843fe1@group-C5373BE6AB5E-FollowerState: change to CANDIDATE, lastRpcElapsedTime:5013925075ns, electionTimeout:5006ms
2022-01-20 14:18:30,575 [f5002eb4-ff35-49a0-88dd-354658843fe1@group-C5373BE6AB5E-FollowerState] INFO  impl.RoleInfo (RoleInfo.java:shutdownFollowerState(108)) - f5002eb4-ff35-49a0-88dd-354658843fe1: shutdown f5002eb4-ff35-49a0-88dd-354658843fe1@group-C5373BE6AB5E-FollowerState
2022-01-20 14:18:30,575 [f5002eb4-ff35-49a0-88dd-354658843fe1@group-C5373BE6AB5E-FollowerState] INFO  server.RaftServer$Division (RaftServerImpl.java:setRole(290)) - f5002eb4-ff35-49a0-88dd-354658843fe1@group-C5373BE6AB5E: changes role from  FOLLOWER to CANDIDATE at term 1 for changeToCandidate
2022-01-20 14:18:30,575 [f5002eb4-ff35-49a0-88dd-354658843fe1@group-C5373BE6AB5E-FollowerState] INFO  server.RaftServerConfigKeys (ConfUtils.java:logGet(44)) - raft.server.leaderelection.pre-vote = false (custom)
2022-01-20 14:18:30,575 [f5002eb4-ff35-49a0-88dd-354658843fe1@group-C5373BE6AB5E-FollowerState] INFO  impl.RoleInfo (RoleInfo.java:updateAndGet(130)) - f5002eb4-ff35-49a0-88dd-354658843fe1: start f5002eb4-ff35-49a0-88dd-354658843fe1@group-C5373BE6AB5E-LeaderElection61
2022-01-20 14:18:30,581 [d2de7c60-b86f-4a06-91d9-365eb56e12df@group-C5373BE6AB5E-LeaderElection60] INFO  impl.LeaderElection (LeaderElection.java:askForVotes(306)) - d2de7c60-b86f-4a06-91d9-365eb56e12df@group-C5373BE6AB5E-LeaderElection60 ELECTION round 0: submit vote requests at term 2 for -1: [3934de01-e9c2-42ef-9a8f-f9cad9f9a13a|rpc:10.1.0.33:40989|dataStream:|priority:0, d2de7c60-b86f-4a06-91d9-365eb56e12df|rpc:10.1.0.33:36843|dataStream:|priority:1, f5002eb4-ff35-49a0-88dd-354658843fe1|rpc:10.1.0.33:43929|dataStream:|priority:0], old=null
2022-01-20 14:18:30,598 [f5002eb4-ff35-49a0-88dd-354658843fe1@group-C5373BE6AB5E-LeaderElection61] INFO  impl.LeaderElection (LeaderElection.java:askForVotes(306)) - f5002eb4-ff35-49a0-88dd-354658843fe1@group-C5373BE6AB5E-LeaderElection61 ELECTION round 0: submit vote requests at term 2 for -1: [3934de01-e9c2-42ef-9a8f-f9cad9f9a13a|rpc:10.1.0.33:40989|priority:0, d2de7c60-b86f-4a06-91d9-365eb56e12df|rpc:10.1.0.33:36843|priority:1, f5002eb4-ff35-49a0-88dd-354658843fe1|rpc:10.1.0.33:43929|priority:0], old=null
2022-01-20 14:18:30,652 [3934de01-e9c2-42ef-9a8f-f9cad9f9a13a@group-C5373BE6AB5E-FollowerState] INFO  impl.FollowerState (FollowerState.java:run(134)) - 3934de01-e9c2-42ef-9a8f-f9cad9f9a13a@group-C5373BE6AB5E-FollowerState: change to CANDIDATE, lastRpcElapsedTime:5154796750ns, electionTimeout:5132ms
2022-01-20 14:18:30,652 [3934de01-e9c2-42ef-9a8f-f9cad9f9a13a@group-C5373BE6AB5E-FollowerState] INFO  impl.RoleInfo (RoleInfo.java:shutdownFollowerState(108)) - 3934de01-e9c2-42ef-9a8f-f9cad9f9a13a: shutdown 3934de01-e9c2-42ef-9a8f-f9cad9f9a13a@group-C5373BE6AB5E-FollowerState
2022-01-20 14:18:30,652 [3934de01-e9c2-42ef-9a8f-f9cad9f9a13a@group-C5373BE6AB5E-FollowerState] INFO  server.RaftServer$Division (RaftServerImpl.java:setRole(290)) - 3934de01-e9c2-42ef-9a8f-f9cad9f9a13a@group-C5373BE6AB5E: changes role from  FOLLOWER to CANDIDATE at term 1 for changeToCandidate
2022-01-20 14:18:30,666 [grpc-default-executor-1] INFO  server.RaftServer$Division (RaftServerImpl.java:requestVote(1046)) - 3934de01-e9c2-42ef-9a8f-f9cad9f9a13a@group-C5373BE6AB5E: receive requestVote(ELECTION, f5002eb4-ff35-49a0-88dd-354658843fe1, group-C5373BE6AB5E, 2, (t:0, i:0))
2022-01-20 14:18:30,666 [grpc-default-executor-2] INFO  server.RaftServer$Division (RaftServerImpl.java:requestVote(1046)) - 3934de01-e9c2-42ef-9a8f-f9cad9f9a13a@group-C5373BE6AB5E: receive requestVote(ELECTION, d2de7c60-b86f-4a06-91d9-365eb56e12df, group-C5373BE6AB5E, 2, (t:0, i:0))
2022-01-20 14:18:30,667 [grpc-default-executor-3] INFO  server.RaftServer$Division (RaftServerImpl.java:requestVote(1046)) - d2de7c60-b86f-4a06-91d9-365eb56e12df@group-C5373BE6AB5E: receive requestVote(ELECTION, f5002eb4-ff35-49a0-88dd-354658843fe1, group-C5373BE6AB5E, 2, (t:0, i:0))
2022-01-20 14:18:30,667 [grpc-default-executor-3] INFO  impl.VoteContext (VoteContext.java:log(48)) - d2de7c60-b86f-4a06-91d9-365eb56e12df@group-C5373BE6AB5E-CANDIDATE: reject ELECTION from f5002eb4-ff35-49a0-88dd-354658843fe1: already has voted for d2de7c60-b86f-4a06-91d9-365eb56e12df at current term 2
2022-01-20 14:18:30,667 [grpc-default-executor-3] INFO  server.RaftServer$Division (RaftServerImpl.java:requestVote(1078)) - d2de7c60-b86f-4a06-91d9-365eb56e12df@group-C5373BE6AB5E replies to ELECTION vote request: f5002eb4-ff35-49a0-88dd-354658843fe1<-d2de7c60-b86f-4a06-91d9-365eb56e12df#0:FAIL-t2. Peer's state: d2de7c60-b86f-4a06-91d9-365eb56e12df@group-C5373BE6AB5E:t2, leader=null, voted=d2de7c60-b86f-4a06-91d9-365eb56e12df, raftlog=d2de7c60-b86f-4a06-91d9-365eb56e12df@group-C5373BE6AB5E-SegmentedRaftLog:OPENED:c-1, conf=-1: [3934de01-e9c2-42ef-9a8f-f9cad9f9a13a|rpc:10.1.0.33:40989|dataStream:|priority:0, d2de7c60-b86f-4a06-91d9-365eb56e12df|rpc:10.1.0.33:36843|dataStream:|priority:1, f5002eb4-ff35-49a0-88dd-354658843fe1|rpc:10.1.0.33:43929|dataStream:|priority:0], old=null
2022-01-20 14:18:30,671 [f5002eb4-ff35-49a0-88dd-354658843fe1@group-C5373BE6AB5E-LeaderElection61] INFO  impl.LeaderElection (LeaderElection.java:logAndReturn(89)) - f5002eb4-ff35-49a0-88dd-354658843fe1@group-C5373BE6AB5E-LeaderElection61: ELECTION REJECTED received 1 response(s) and 0 exception(s):
2022-01-20 14:18:30,672 [f5002eb4-ff35-49a0-88dd-354658843fe1@group-C5373BE6AB5E-LeaderElection61] INFO  impl.LeaderElection (LeaderElection.java:logAndReturn(93)) -   Response 0: f5002eb4-ff35-49a0-88dd-354658843fe1<-d2de7c60-b86f-4a06-91d9-365eb56e12df#0:FAIL-t2
2022-01-20 14:18:30,672 [f5002eb4-ff35-49a0-88dd-354658843fe1@group-C5373BE6AB5E-LeaderElection61] INFO  impl.LeaderElection (LeaderElection.java:askForVotes(308)) - f5002eb4-ff35-49a0-88dd-354658843fe1@group-C5373BE6AB5E-LeaderElection61 ELECTION round 0: result REJECTED
2022-01-20 14:18:30,672 [f5002eb4-ff35-49a0-88dd-354658843fe1@group-C5373BE6AB5E-LeaderElection61] INFO  server.RaftServer$Division (RaftServerImpl.java:setRole(290)) - f5002eb4-ff35-49a0-88dd-354658843fe1@group-C5373BE6AB5E: changes role from CANDIDATE to FOLLOWER at term 2 for REJECTED
2022-01-20 14:18:30,672 [f5002eb4-ff35-49a0-88dd-354658843fe1@group-C5373BE6AB5E-LeaderElection61] INFO  impl.RoleInfo (RoleInfo.java:shutdownLeaderElection(121)) - f5002eb4-ff35-49a0-88dd-354658843fe1: shutdown f5002eb4-ff35-49a0-88dd-354658843fe1@group-C5373BE6AB5E-LeaderElection61
2022-01-20 14:18:30,672 [f5002eb4-ff35-49a0-88dd-354658843fe1@group-C5373BE6AB5E-LeaderElection61] INFO  impl.RoleInfo (RoleInfo.java:updateAndGet(130)) - f5002eb4-ff35-49a0-88dd-354658843fe1: start f5002eb4-ff35-49a0-88dd-354658843fe1@group-C5373BE6AB5E-FollowerState
2022-01-20 14:18:30,692 [3934de01-e9c2-42ef-9a8f-f9cad9f9a13a@group-C5373BE6AB5E-FollowerState] INFO  server.RaftServerConfigKeys (ConfUtils.java:logGet(44)) - raft.server.leaderelection.pre-vote = false (custom)
2022-01-20 14:18:30,692 [3934de01-e9c2-42ef-9a8f-f9cad9f9a13a@group-C5373BE6AB5E-FollowerState] INFO  impl.RoleInfo (RoleInfo.java:updateAndGet(130)) - 3934de01-e9c2-42ef-9a8f-f9cad9f9a13a: start 3934de01-e9c2-42ef-9a8f-f9cad9f9a13a@group-C5373BE6AB5E-LeaderElection62
2022-01-20 14:18:30,697 [grpc-default-executor-2] INFO  impl.VoteContext (VoteContext.java:log(48)) - 3934de01-e9c2-42ef-9a8f-f9cad9f9a13a@group-C5373BE6AB5E-CANDIDATE: accept ELECTION from d2de7c60-b86f-4a06-91d9-365eb56e12df: our priority 0 <= candidate's priority 1
2022-01-20 14:18:30,697 [grpc-default-executor-2] INFO  server.RaftServer$Division (RaftServerImpl.java:setRole(290)) - 3934de01-e9c2-42ef-9a8f-f9cad9f9a13a@group-C5373BE6AB5E: changes role from CANDIDATE to FOLLOWER at term 2 for candidate:d2de7c60-b86f-4a06-91d9-365eb56e12df
2022-01-20 14:18:30,697 [grpc-default-executor-2] INFO  impl.RoleInfo (RoleInfo.java:shutdownLeaderElection(121)) - 3934de01-e9c2-42ef-9a8f-f9cad9f9a13a: shutdown 3934de01-e9c2-42ef-9a8f-f9cad9f9a13a@group-C5373BE6AB5E-LeaderElection62
2022-01-20 14:18:30,697 [grpc-default-executor-2] INFO  impl.RoleInfo (RoleInfo.java:updateAndGet(130)) - 3934de01-e9c2-42ef-9a8f-f9cad9f9a13a: start 3934de01-e9c2-42ef-9a8f-f9cad9f9a13a@group-C5373BE6AB5E-FollowerState
2022-01-20 14:18:30,697 [3934de01-e9c2-42ef-9a8f-f9cad9f9a13a@group-C5373BE6AB5E-LeaderElection62] INFO  impl.LeaderElection (LeaderElection.java:run(230)) - 3934de01-e9c2-42ef-9a8f-f9cad9f9a13a@group-C5373BE6AB5E-LeaderElection62: skip running since this is already CLOSING
2022-01-20 14:18:30,712 [grpc-default-executor-3] INFO  server.RaftServer$Division (RaftServerImpl.java:requestVote(1046)) - f5002eb4-ff35-49a0-88dd-354658843fe1@group-C5373BE6AB5E: receive requestVote(ELECTION, d2de7c60-b86f-4a06-91d9-365eb56e12df, group-C5373BE6AB5E, 2, (t:0, i:0))
2022-01-20 14:18:30,712 [grpc-default-executor-3] INFO  impl.VoteContext (VoteContext.java:log(48)) - f5002eb4-ff35-49a0-88dd-354658843fe1@group-C5373BE6AB5E-FOLLOWER: reject ELECTION from d2de7c60-b86f-4a06-91d9-365eb56e12df: already has voted for f5002eb4-ff35-49a0-88dd-354658843fe1 at current term 2
2022-01-20 14:18:30,712 [grpc-default-executor-3] INFO  server.RaftServer$Division (RaftServerImpl.java:requestVote(1078)) - f5002eb4-ff35-49a0-88dd-354658843fe1@group-C5373BE6AB5E replies to ELECTION vote request: d2de7c60-b86f-4a06-91d9-365eb56e12df<-f5002eb4-ff35-49a0-88dd-354658843fe1#0:FAIL-t2. Peer's state: f5002eb4-ff35-49a0-88dd-354658843fe1@group-C5373BE6AB5E:t2, leader=null, voted=f5002eb4-ff35-49a0-88dd-354658843fe1, raftlog=f5002eb4-ff35-49a0-88dd-354658843fe1@group-C5373BE6AB5E-SegmentedRaftLog:OPENED:c-1, conf=-1: [3934de01-e9c2-42ef-9a8f-f9cad9f9a13a|rpc:10.1.0.33:40989|priority:0, d2de7c60-b86f-4a06-91d9-365eb56e12df|rpc:10.1.0.33:36843|priority:1, f5002eb4-ff35-49a0-88dd-354658843fe1|rpc:10.1.0.33:43929|priority:0], old=null
2022-01-20 14:18:30,719 [grpc-default-executor-2] INFO  server.RaftServer$Division (RaftServerImpl.java:requestVote(1078)) - 3934de01-e9c2-42ef-9a8f-f9cad9f9a13a@group-C5373BE6AB5E replies to ELECTION vote request: d2de7c60-b86f-4a06-91d9-365eb56e12df<-3934de01-e9c2-42ef-9a8f-f9cad9f9a13a#0:OK-t2. Peer's state: 3934de01-e9c2-42ef-9a8f-f9cad9f9a13a@group-C5373BE6AB5E:t2, leader=null, voted=d2de7c60-b86f-4a06-91d9-365eb56e12df, raftlog=3934de01-e9c2-42ef-9a8f-f9cad9f9a13a@group-C5373BE6AB5E-SegmentedRaftLog:OPENED:c-1, conf=-1: [3934de01-e9c2-42ef-9a8f-f9cad9f9a13a|rpc:10.1.0.33:40989|dataStream:|priority:0, d2de7c60-b86f-4a06-91d9-365eb56e12df|rpc:10.1.0.33:36843|dataStream:|priority:1, f5002eb4-ff35-49a0-88dd-354658843fe1|rpc:10.1.0.33:43929|dataStream:|priority:0], old=null
2022-01-20 14:18:30,720 [grpc-default-executor-1] INFO  impl.VoteContext (VoteContext.java:log(48)) - 3934de01-e9c2-42ef-9a8f-f9cad9f9a13a@group-C5373BE6AB5E-FOLLOWER: reject ELECTION from f5002eb4-ff35-49a0-88dd-354658843fe1: already has voted for d2de7c60-b86f-4a06-91d9-365eb56e12df at current term 2
2022-01-20 14:18:30,720 [grpc-default-executor-1] INFO  server.RaftServer$Division (RaftServerImpl.java:requestVote(1078)) - 3934de01-e9c2-42ef-9a8f-f9cad9f9a13a@group-C5373BE6AB5E replies to ELECTION vote request: f5002eb4-ff35-49a0-88dd-354658843fe1<-3934de01-e9c2-42ef-9a8f-f9cad9f9a13a#0:FAIL-t2. Peer's state: 3934de01-e9c2-42ef-9a8f-f9cad9f9a13a@group-C5373BE6AB5E:t2, leader=null, voted=d2de7c60-b86f-4a06-91d9-365eb56e12df, raftlog=3934de01-e9c2-42ef-9a8f-f9cad9f9a13a@group-C5373BE6AB5E-SegmentedRaftLog:OPENED:c-1, conf=-1: [3934de01-e9c2-42ef-9a8f-f9cad9f9a13a|rpc:10.1.0.33:40989|dataStream:|priority:0, d2de7c60-b86f-4a06-91d9-365eb56e12df|rpc:10.1.0.33:36843|dataStream:|priority:1, f5002eb4-ff35-49a0-88dd-354658843fe1|rpc:10.1.0.33:43929|dataStream:|priority:0], old=null
2022-01-20 14:18:30,721 [d2de7c60-b86f-4a06-91d9-365eb56e12df@group-C5373BE6AB5E-LeaderElection60] INFO  impl.LeaderElection (LeaderElection.java:logAndReturn(89)) - d2de7c60-b86f-4a06-91d9-365eb56e12df@group-C5373BE6AB5E-LeaderElection60: ELECTION PASSED received 2 response(s) and 0 exception(s):
2022-01-20 14:18:30,721 [d2de7c60-b86f-4a06-91d9-365eb56e12df@group-C5373BE6AB5E-LeaderElection60] INFO  impl.LeaderElection (LeaderElection.java:logAndReturn(93)) -   Response 0: d2de7c60-b86f-4a06-91d9-365eb56e12df<-3934de01-e9c2-42ef-9a8f-f9cad9f9a13a#0:OK-t2
2022-01-20 14:18:30,721 [d2de7c60-b86f-4a06-91d9-365eb56e12df@group-C5373BE6AB5E-LeaderElection60] INFO  impl.LeaderElection (LeaderElection.java:logAndReturn(93)) -   Response 1: d2de7c60-b86f-4a06-91d9-365eb56e12df<-f5002eb4-ff35-49a0-88dd-354658843fe1#0:FAIL-t2
2022-01-20 14:18:30,721 [d2de7c60-b86f-4a06-91d9-365eb56e12df@group-C5373BE6AB5E-LeaderElection60] INFO  impl.LeaderElection (LeaderElection.java:askForVotes(308)) - d2de7c60-b86f-4a06-91d9-365eb56e12df@group-C5373BE6AB5E-LeaderElection60 ELECTION round 0: result PASSED
2022-01-20 14:18:30,721 [d2de7c60-b86f-4a06-91d9-365eb56e12df@group-C5373BE6AB5E-LeaderElection60] INFO  impl.RoleInfo (RoleInfo.java:shutdownLeaderElection(121)) - d2de7c60-b86f-4a06-91d9-365eb56e12df: shutdown d2de7c60-b86f-4a06-91d9-365eb56e12df@group-C5373BE6AB5E-LeaderElection60
2022-01-20 14:18:30,721 [d2de7c60-b86f-4a06-91d9-365eb56e12df@group-C5373BE6AB5E-LeaderElection60] INFO  server.RaftServer$Division (RaftServerImpl.java:setRole(290)) - d2de7c60-b86f-4a06-91d9-365eb56e12df@group-C5373BE6AB5E: changes role from CANDIDATE to LEADER at term 2 for changeToLeader
2022-01-20 14:18:30,721 [d2de7c60-b86f-4a06-91d9-365eb56e12df@group-C5373BE6AB5E-LeaderElection60] INFO  ratis.XceiverServerRatis (XceiverServerRatis.java:handleLeaderChangedNotification(866)) - Leader change notification received for group: group-C5373BE6AB5E with new leaderId: d2de7c60-b86f-4a06-91d9-365eb56e12df
2022-01-20 14:18:30,721 [d2de7c60-b86f-4a06-91d9-365eb56e12df@group-C5373BE6AB5E-LeaderElection60] INFO  server.RaftServer$Division (ServerState.java:setLeader(285)) - d2de7c60-b86f-4a06-91d9-365eb56e12df@group-C5373BE6AB5E: change Leader from null to d2de7c60-b86f-4a06-91d9-365eb56e12df at term 2 for becomeLeader, leader elected after 10292ms
2022-01-20 14:18:30,721 [d2de7c60-b86f-4a06-91d9-365eb56e12df@group-C5373BE6AB5E-LeaderElection60] INFO  server.RaftServerConfigKeys (ConfUtils.java:logGet(44)) - raft.server.staging.catchup.gap = 1000 (default)
2022-01-20 14:18:30,721 [d2de7c60-b86f-4a06-91d9-365eb56e12df@group-C5373BE6AB5E-LeaderElection60] INFO  server.RaftServerConfigKeys (ConfUtils.java:logGet(44)) - raft.server.write.element-limit = 1024 (custom)
2022-01-20 14:18:30,721 [d2de7c60-b86f-4a06-91d9-365eb56e12df@group-C5373BE6AB5E-LeaderElection60] INFO  server.RaftServerConfigKeys (ConfUtils.java:logGet(44)) - raft.server.write.byte-limit = 1024 M (=1073741824) (custom)
2022-01-20 14:18:30,722 [d2de7c60-b86f-4a06-91d9-365eb56e12df@group-C5373BE6AB5E-LeaderElection60] INFO  server.RaftServerConfigKeys (ConfUtils.java:logGet(44)) - raft.server.watch.timeout = 3000ms (custom)
2022-01-20 14:18:30,722 [d2de7c60-b86f-4a06-91d9-365eb56e12df@group-C5373BE6AB5E-LeaderElection60] INFO  server.RaftServerConfigKeys (ConfUtils.java:logGet(44)) - raft.server.watch.timeout.denomination = 1s (default)
2022-01-20 14:18:30,722 [d2de7c60-b86f-4a06-91d9-365eb56e12df@group-C5373BE6AB5E-LeaderElection60] INFO  server.RaftServerConfigKeys (ConfUtils.java:logGet(44)) - raft.server.watch.element-limit = 65536 (default)
2022-01-20 14:18:30,722 [d2de7c60-b86f-4a06-91d9-365eb56e12df@group-C5373BE6AB5E-LeaderElection60] INFO  server.RaftServerConfigKeys (ConfUtils.java:logGet(44)) - raft.server.write.element-limit = 1024 (custom)
2022-01-20 14:18:30,722 [d2de7c60-b86f-4a06-91d9-365eb56e12df@group-C5373BE6AB5E-LeaderElection60] INFO  server.RaftServerConfigKeys (ConfUtils.java:logGet(44)) - raft.server.write.follower.gap.ratio.max = -1.0 (default)
2022-01-20 14:18:30,722 [d2de7c60-b86f-4a06-91d9-365eb56e12df@group-C5373BE6AB5E-LeaderElection60] INFO  server.RaftServerConfigKeys (ConfUtils.java:logGet(44)) - raft.server.log.appender.snapshot.chunk.size.max = 16MB (=16777216) (default)
2022-01-20 14:18:30,722 [d2de7c60-b86f-4a06-91d9-365eb56e12df@group-C5373BE6AB5E-LeaderElection60] INFO  server.RaftServerConfigKeys (ConfUtils.java:logGet(44)) - raft.server.log.appender.buffer.byte-limit = 33554432 (custom)
2022-01-20 14:18:30,722 [d2de7c60-b86f-4a06-91d9-365eb56e12df@group-C5373BE6AB5E-LeaderElection60] INFO  server.RaftServerConfigKeys (ConfUtils.java:logGet(44)) - raft.server.log.appender.buffer.element-limit = 1 (custom)
2022-01-20 14:18:30,722 [d2de7c60-b86f-4a06-91d9-365eb56e12df@group-C5373BE6AB5E-LeaderElection60] INFO  grpc.GrpcConfigKeys (ConfUtils.java:logGet(44)) - raft.grpc.server.leader.outstanding.appends.max = 128 (default)
2022-01-20 14:18:30,722 [d2de7c60-b86f-4a06-91d9-365eb56e12df@group-C5373BE6AB5E-LeaderElection60] INFO  server.RaftServerConfigKeys (ConfUtils.java:logGet(44)) - raft.server.rpc.request.timeout = 3000ms (default)
2022-01-20 14:18:30,722 [d2de7c60-b86f-4a06-91d9-365eb56e12df@group-C5373BE6AB5E-LeaderElection60] INFO  server.RaftServerConfigKeys (ConfUtils.java:logGet(44)) - raft.server.log.appender.install.snapshot.enabled = false (custom)
2022-01-20 14:18:30,723 [d2de7c60-b86f-4a06-91d9-365eb56e12df@group-C5373BE6AB5E-LeaderElection60] INFO  server.RaftServerConfigKeys (ConfUtils.java:logGet(44)) - raft.server.log.appender.snapshot.chunk.size.max = 16MB (=16777216) (default)
2022-01-20 14:18:30,723 [d2de7c60-b86f-4a06-91d9-365eb56e12df@group-C5373BE6AB5E-LeaderElection60] INFO  server.RaftServerConfigKeys (ConfUtils.java:logGet(44)) - raft.server.log.appender.buffer.byte-limit = 33554432 (custom)
2022-01-20 14:18:30,723 [d2de7c60-b86f-4a06-91d9-365eb56e12df@group-C5373BE6AB5E-LeaderElection60] INFO  server.RaftServerConfigKeys (ConfUtils.java:logGet(44)) - raft.server.log.appender.buffer.element-limit = 1 (custom)
2022-01-20 14:18:30,724 [d2de7c60-b86f-4a06-91d9-365eb56e12df@group-C5373BE6AB5E-LeaderElection60] INFO  grpc.GrpcConfigKeys (ConfUtils.java:logGet(44)) - raft.grpc.server.leader.outstanding.appends.max = 128 (default)
2022-01-20 14:18:30,724 [d2de7c60-b86f-4a06-91d9-365eb56e12df@group-C5373BE6AB5E-LeaderElection60] INFO  server.RaftServerConfigKeys (ConfUtils.java:logGet(44)) - raft.server.rpc.request.timeout = 3000ms (default)
2022-01-20 14:18:30,724 [d2de7c60-b86f-4a06-91d9-365eb56e12df@group-C5373BE6AB5E-LeaderElection60] INFO  server.RaftServerConfigKeys (ConfUtils.java:logGet(44)) - raft.server.log.appender.install.snapshot.enabled = false (custom)
2022-01-20 14:18:30,725 [EventQueue-PipelineReportForPipelineReportHandler] INFO  pipeline.PipelineManagerImpl (PipelineManagerImpl.java:openPipeline(291)) - Pipeline Pipeline[ Id: 598beb70-5354-4269-a931-c5373be6ab5e, Nodes: 3934de01-e9c2-42ef-9a8f-f9cad9f9a13a{ip: 10.1.0.33, host: fv-az294-522.eaanfquahm5ulb5tj050gcxych.jx.internal.cloudapp.net, ports: [REPLICATION=38437, RATIS=40989, RATIS_ADMIN=40989, RATIS_SERVER=40989, STANDALONE=43347], networkLocation: /default-rack, certSerialId: null, persistedOpState: IN_SERVICE, persistedOpStateExpiryEpochSec: 0}f5002eb4-ff35-49a0-88dd-354658843fe1{ip: 10.1.0.33, host: fv-az294-522.eaanfquahm5ulb5tj050gcxych.jx.internal.cloudapp.net, ports: [REPLICATION=45365, RATIS=43929, RATIS_ADMIN=43929, RATIS_SERVER=43929, STANDALONE=40157], networkLocation: /default-rack, certSerialId: null, persistedOpState: IN_SERVICE, persistedOpStateExpiryEpochSec: 0}d2de7c60-b86f-4a06-91d9-365eb56e12df{ip: 10.1.0.33, host: fv-az294-522.eaanfquahm5ulb5tj050gcxych.jx.internal.cloudapp.net, ports: [REPLICATION=38409, RATIS=36843, RATIS_ADMIN=36843, RATIS_SERVER=36843, STANDALONE=36575], networkLocation: /default-rack, certSerialId: null, persistedOpState: IN_SERVICE, persistedOpStateExpiryEpochSec: 0}, ReplicationConfig: RATIS/THREE, State:ALLOCATED, leaderId:d2de7c60-b86f-4a06-91d9-365eb56e12df, CreationTimestamp2022-01-20T14:18:18.150Z[Etc/UTC]] moved to OPEN state
2022-01-20 14:18:30,727 [1614213d-f914-440d-b8eb-f10be6afcbc1@group-8CC7416827F1-StateMachineUpdater] INFO  safemode.HealthyPipelineSafeModeRule (HealthyPipelineSafeModeRule.java:initializeRule(152)) - Refreshed total pipeline count is 1, healthy pipeline threshold count is 1
2022-01-20 14:18:30,727 [EventQueue-PipelineReportForPipelineReportHandler] INFO  ha.SCMHAInvocationHandler (SCMHAInvocationHandler.java:invokeRatis(113)) - Invoking method public abstract void org.apache.hadoop.hdds.scm.pipeline.PipelineStateManager.updatePipelineState(org.apache.hadoop.hdds.protocol.proto.HddsProtos$PipelineID,org.apache.hadoop.hdds.protocol.proto.HddsProtos$PipelineState) throws java.io.IOException on target org.apache.hadoop.hdds.scm.ha.SCMRatisServerImpl@2589c416, cost 2463.819us
2022-01-20 14:18:30,727 [EventQueue-OpenPipelineForHealthyPipelineSafeModeRule] INFO  safemode.SCMSafeModeManager (HealthyPipelineSafeModeRule.java:process(124)) - SCM in safe mode. Healthy pipelines reported count is 1, required healthy pipeline reported count is 1
2022-01-20 14:18:30,727 [EventQueue-OpenPipelineForHealthyPipelineSafeModeRule] INFO  safemode.SCMSafeModeManager (SCMSafeModeManager.java:validateSafeModeExitRules(204)) - HealthyPipelineSafeModeRule rule is successfully validated
2022-01-20 14:18:30,728 [EventQueue-OpenPipelineForHealthyPipelineSafeModeRule] INFO  safemode.SCMSafeModeManager (SCMSafeModeManager.java:validateSafeModeExitRules(219)) - ScmSafeModeManager, all rules are successfully validated
2022-01-20 14:18:30,728 [EventQueue-OpenPipelineForHealthyPipelineSafeModeRule] INFO  safemode.SCMSafeModeManager (SCMSafeModeManager.java:exitSafeMode(248)) - SCM exiting safe mode.
2022-01-20 14:18:30,728 [EventQueue-OpenPipelineForHealthyPipelineSafeModeRule] WARN  events.EventQueue (EventQueue.java:fireEvent(194)) - No event handler registered for event TypedEvent{payloadType=SafeModeStatus, name='Safe mode status'}
2022-01-20 14:18:30,728 [EventQueue-OpenPipelineForHealthyPipelineSafeModeRule] INFO  ha.SCMContext (SCMContext.java:updateSafeModeStatus(211)) - Update SafeModeStatus from SafeModeStatus{safeModeStatus=true, preCheckPassed=true} to SafeModeStatus{safeModeStatus=false, preCheckPassed=true}.
2022-01-20 14:18:30,728 [EventQueue-OpenPipelineForHealthyPipelineSafeModeRule] INFO  container.ReplicationManager (ReplicationManager.java:notifyStatusChanged(1802)) - Service ReplicationManager transitions to RUNNING.
2022-01-20 14:18:30,733 [d2de7c60-b86f-4a06-91d9-365eb56e12df@group-C5373BE6AB5E-LeaderElection60] INFO  impl.RoleInfo (RoleInfo.java:updateAndGet(130)) - d2de7c60-b86f-4a06-91d9-365eb56e12df: start d2de7c60-b86f-4a06-91d9-365eb56e12df@group-C5373BE6AB5E-LeaderStateImpl
2022-01-20 14:18:30,733 [d2de7c60-b86f-4a06-91d9-365eb56e12df@group-C5373BE6AB5E-LeaderElection60] INFO  segmented.SegmentedRaftLogWorker (SegmentedRaftLogWorker.java:startLogSegment(394)) - d2de7c60-b86f-4a06-91d9-365eb56e12df@group-C5373BE6AB5E-SegmentedRaftLogWorker: Starting segment from index:0
2022-01-20 14:18:30,735 [d2de7c60-b86f-4a06-91d9-365eb56e12df@group-C5373BE6AB5E-SegmentedRaftLogWorker] INFO  segmented.SegmentedRaftLogWorker (SegmentedRaftLogWorker.java:execute(601)) - d2de7c60-b86f-4a06-91d9-365eb56e12df@group-C5373BE6AB5E-SegmentedRaftLogWorker: created new log segment /home/runner/work/ozone/ozone/hadoop-ozone/integration-test/target/test-dir/MiniOzoneClusterImpl-f1e7e660-ec45-4ef3-9198-8cc7416827f1/datanode-7/data/ratis/598beb70-5354-4269-a931-c5373be6ab5e/current/log_inprogress_0
2022-01-20 14:18:30,775 [grpc-default-executor-2] INFO  ratis.XceiverServerRatis (XceiverServerRatis.java:handleLeaderChangedNotification(866)) - Leader change notification received for group: group-C5373BE6AB5E with new leaderId: d2de7c60-b86f-4a06-91d9-365eb56e12df
2022-01-20 14:18:30,775 [grpc-default-executor-2] INFO  server.RaftServer$Division (ServerState.java:setLeader(285)) - f5002eb4-ff35-49a0-88dd-354658843fe1@group-C5373BE6AB5E: change Leader from null to d2de7c60-b86f-4a06-91d9-365eb56e12df at term 2 for appendEntries, leader elected after 10690ms
2022-01-20 14:18:30,793 [grpc-default-executor-3] INFO  ratis.XceiverServerRatis (XceiverServerRatis.java:handleLeaderChangedNotification(866)) - Leader change notification received for group: group-C5373BE6AB5E with new leaderId: d2de7c60-b86f-4a06-91d9-365eb56e12df
2022-01-20 14:18:30,793 [grpc-default-executor-3] INFO  server.RaftServer$Division (ServerState.java:setLeader(285)) - 3934de01-e9c2-42ef-9a8f-f9cad9f9a13a@group-C5373BE6AB5E: change Leader from null to d2de7c60-b86f-4a06-91d9-365eb56e12df at term 2 for appendEntries, leader elected after 10506ms
2022-01-20 14:18:30,849 [d2de7c60-b86f-4a06-91d9-365eb56e12df@group-C5373BE6AB5E-LeaderElection60] INFO  server.RaftServer$Division (ServerState.java:setRaftConf(387)) - d2de7c60-b86f-4a06-91d9-365eb56e12df@group-C5373BE6AB5E: set configuration 0: [3934de01-e9c2-42ef-9a8f-f9cad9f9a13a|rpc:10.1.0.33:40989|dataStream:|priority:0, d2de7c60-b86f-4a06-91d9-365eb56e12df|rpc:10.1.0.33:36843|dataStream:|priority:1, f5002eb4-ff35-49a0-88dd-354658843fe1|rpc:10.1.0.33:43929|dataStream:|priority:0], old=null
2022-01-20 14:18:30,849 [grpc-default-executor-2] INFO  server.RaftServer$Division (ServerState.java:setRaftConf(387)) - f5002eb4-ff35-49a0-88dd-354658843fe1@group-C5373BE6AB5E: set configuration 0: [3934de01-e9c2-42ef-9a8f-f9cad9f9a13a|rpc:10.1.0.33:40989|dataStream:|priority:0, d2de7c60-b86f-4a06-91d9-365eb56e12df|rpc:10.1.0.33:36843|dataStream:|priority:1, f5002eb4-ff35-49a0-88dd-354658843fe1|rpc:10.1.0.33:43929|dataStream:|priority:0], old=null
2022-01-20 14:18:30,850 [grpc-default-executor-2] INFO  segmented.SegmentedRaftLogWorker (SegmentedRaftLogWorker.java:startLogSegment(394)) - f5002eb4-ff35-49a0-88dd-354658843fe1@group-C5373BE6AB5E-SegmentedRaftLogWorker: Starting segment from index:0
2022-01-20 14:18:30,851 [f5002eb4-ff35-49a0-88dd-354658843fe1@group-C5373BE6AB5E-SegmentedRaftLogWorker] INFO  segmented.SegmentedRaftLogWorker (SegmentedRaftLogWorker.java:execute(601)) - f5002eb4-ff35-49a0-88dd-354658843fe1@group-C5373BE6AB5E-SegmentedRaftLogWorker: created new log segment /home/runner/work/ozone/ozone/hadoop-ozone/integration-test/target/test-dir/MiniOzoneClusterImpl-f1e7e660-ec45-4ef3-9198-8cc7416827f1/datanode-6/data/ratis/598beb70-5354-4269-a931-c5373be6ab5e/current/log_inprogress_0
2022-01-20 14:18:30,877 [grpc-default-executor-2] INFO  server.RaftServer$Division (ServerState.java:setRaftConf(387)) - 3934de01-e9c2-42ef-9a8f-f9cad9f9a13a@group-C5373BE6AB5E: set configuration 0: [3934de01-e9c2-42ef-9a8f-f9cad9f9a13a|rpc:10.1.0.33:40989|dataStream:|priority:0, d2de7c60-b86f-4a06-91d9-365eb56e12df|rpc:10.1.0.33:36843|dataStream:|priority:1, f5002eb4-ff35-49a0-88dd-354658843fe1|rpc:10.1.0.33:43929|dataStream:|priority:0], old=null
2022-01-20 14:18:30,877 [grpc-default-executor-2] INFO  segmented.SegmentedRaftLogWorker (SegmentedRaftLogWorker.java:startLogSegment(394)) - 3934de01-e9c2-42ef-9a8f-f9cad9f9a13a@group-C5373BE6AB5E-SegmentedRaftLogWorker: Starting segment from index:0
2022-01-20 14:18:30,879 [3934de01-e9c2-42ef-9a8f-f9cad9f9a13a@group-C5373BE6AB5E-SegmentedRaftLogWorker] INFO  segmented.SegmentedRaftLogWorker (SegmentedRaftLogWorker.java:execute(601)) - 3934de01-e9c2-42ef-9a8f-f9cad9f9a13a@group-C5373BE6AB5E-SegmentedRaftLogWorker: created new log segment /home/runner/work/ozone/ozone/hadoop-ozone/integration-test/target/test-dir/MiniOzoneClusterImpl-f1e7e660-ec45-4ef3-9198-8cc7416827f1/datanode-8/data/ratis/598beb70-5354-4269-a931-c5373be6ab5e/current/log_inprogress_0
2022-01-20 14:18:31,086 [Listener at 127.0.0.1/36805] INFO  ozone.MiniOzoneClusterImpl (MiniOzoneClusterImpl.java:lambda$waitForClusterToBeReady$0(219)) - Nodes are ready. Got 9 of 9 DN Heartbeats.
2022-01-20 14:18:31,086 [Listener at 127.0.0.1/36805] INFO  ozone.MiniOzoneClusterImpl (MiniOzoneClusterImpl.java:lambda$waitForClusterToBeReady$0(222)) - Cluster exits safe mode
2022-01-20 14:18:31,087 [Listener at 127.0.0.1/36805] INFO  ozone.MiniOzoneClusterImpl (MiniOzoneClusterImpl.java:lambda$waitForClusterToBeReady$0(224)) - SCM became leader
2022-01-20 14:18:31,089 [Listener at 127.0.0.1/36805] INFO  rpc.RpcClient (RpcClient.java:createVolume(393)) - Creating Volume: watchforcommithandlingtest, with runner as owner and space quota set to -1 bytes, counts quota set to -1
2022-01-20 14:18:31,150 [OM StateMachine ApplyTransaction Thread - 0] INFO  volume.OMVolumeCreateRequest (OMVolumeCreateRequest.java:validateAndUpdateCache(195)) - created volume:watchforcommithandlingtest for user:runner
2022-01-20 14:18:31,185 [Listener at 127.0.0.1/36805] INFO  rpc.RpcClient (RpcClient.java:createBucket(556)) - Creating Bucket: watchforcommithandlingtest/watchforcommithandlingtest, with runner as owner and Versioning false and Storage Type set to DISK and Encryption set to false 
2022-01-20 14:18:31,202 [4a67b2a1-79be-440d-a7f9-3f5e5a8bd0ed@group-A8039840480C-FollowerState] INFO  impl.FollowerState (FollowerState.java:run(134)) - 4a67b2a1-79be-440d-a7f9-3f5e5a8bd0ed@group-A8039840480C-FollowerState: change to CANDIDATE, lastRpcElapsedTime:5065571267ns, electionTimeout:5065ms
2022-01-20 14:18:31,202 [4a67b2a1-79be-440d-a7f9-3f5e5a8bd0ed@group-A8039840480C-FollowerState] INFO  impl.RoleInfo (RoleInfo.java:shutdownFollowerState(108)) - 4a67b2a1-79be-440d-a7f9-3f5e5a8bd0ed: shutdown 4a67b2a1-79be-440d-a7f9-3f5e5a8bd0ed@group-A8039840480C-FollowerState
2022-01-20 14:18:31,202 [4a67b2a1-79be-440d-a7f9-3f5e5a8bd0ed@group-A8039840480C-FollowerState] INFO  server.RaftServer$Division (RaftServerImpl.java:setRole(290)) - 4a67b2a1-79be-440d-a7f9-3f5e5a8bd0ed@group-A8039840480C: changes role from  FOLLOWER to CANDIDATE at term 2 for changeToCandidate
2022-01-20 14:18:31,202 [4a67b2a1-79be-440d-a7f9-3f5e5a8bd0ed@group-A8039840480C-FollowerState] INFO  server.RaftServerConfigKeys (ConfUtils.java:logGet(44)) - raft.server.leaderelection.pre-vote = false (custom)
2022-01-20 14:18:31,202 [4a67b2a1-79be-440d-a7f9-3f5e5a8bd0ed@group-A8039840480C-FollowerState] INFO  impl.RoleInfo (RoleInfo.java:updateAndGet(130)) - 4a67b2a1-79be-440d-a7f9-3f5e5a8bd0ed: start 4a67b2a1-79be-440d-a7f9-3f5e5a8bd0ed@group-A8039840480C-LeaderElection63
2022-01-20 14:18:31,227 [4a67b2a1-79be-440d-a7f9-3f5e5a8bd0ed@group-A8039840480C-LeaderElection63] INFO  impl.LeaderElection (LeaderElection.java:askForVotes(306)) - 4a67b2a1-79be-440d-a7f9-3f5e5a8bd0ed@group-A8039840480C-LeaderElection63 ELECTION round 0: submit vote requests at term 3 for -1: [f405db60-e51c-4785-8bbc-e1c4726dfe5c|rpc:10.1.0.33:35313|dataStream:|priority:0, 4a67b2a1-79be-440d-a7f9-3f5e5a8bd0ed|rpc:10.1.0.33:42913|dataStream:|priority:1, 3055d1e2-eb1d-45ac-85ad-2ef847921969|rpc:10.1.0.33:39677|dataStream:|priority:0], old=null
2022-01-20 14:18:31,231 [Listener at 127.0.0.1/36805] INFO  ozone.MiniOzoneClusterImpl (MiniOzoneClusterImpl.java:getStorageContainerLocationClient(330)) - Creating StorageContainerLocationProtocol RPC client with address /0.0.0.0:46041
2022-01-20 14:18:31,266 [grpc-default-executor-2] INFO  server.RaftServer$Division (RaftServerImpl.java:requestVote(1046)) - f405db60-e51c-4785-8bbc-e1c4726dfe5c@group-A8039840480C: receive requestVote(ELECTION, 4a67b2a1-79be-440d-a7f9-3f5e5a8bd0ed, group-A8039840480C, 3, (t:0, i:0))
2022-01-20 14:18:31,266 [grpc-default-executor-2] INFO  impl.VoteContext (VoteContext.java:log(48)) - f405db60-e51c-4785-8bbc-e1c4726dfe5c@group-A8039840480C-FOLLOWER: accept ELECTION from 4a67b2a1-79be-440d-a7f9-3f5e5a8bd0ed: our priority 0 <= candidate's priority 1
2022-01-20 14:18:31,266 [grpc-default-executor-2] INFO  server.RaftServer$Division (RaftServerImpl.java:setRole(290)) - f405db60-e51c-4785-8bbc-e1c4726dfe5c@group-A8039840480C: changes role from  FOLLOWER to FOLLOWER at term 3 for candidate:4a67b2a1-79be-440d-a7f9-3f5e5a8bd0ed
2022-01-20 14:18:31,266 [grpc-default-executor-2] INFO  impl.RoleInfo (RoleInfo.java:shutdownFollowerState(108)) - f405db60-e51c-4785-8bbc-e1c4726dfe5c: shutdown f405db60-e51c-4785-8bbc-e1c4726dfe5c@group-A8039840480C-FollowerState
2022-01-20 14:18:31,266 [grpc-default-executor-2] INFO  impl.RoleInfo (RoleInfo.java:updateAndGet(130)) - f405db60-e51c-4785-8bbc-e1c4726dfe5c: start f405db60-e51c-4785-8bbc-e1c4726dfe5c@group-A8039840480C-FollowerState
2022-01-20 14:18:31,267 [grpc-default-executor-3] INFO  server.RaftServer$Division (RaftServerImpl.java:requestVote(1046)) - 3055d1e2-eb1d-45ac-85ad-2ef847921969@group-A8039840480C: receive requestVote(ELECTION, 4a67b2a1-79be-440d-a7f9-3f5e5a8bd0ed, group-A8039840480C, 3, (t:0, i:0))
2022-01-20 14:18:31,267 [grpc-default-executor-3] INFO  impl.VoteContext (VoteContext.java:log(48)) - 3055d1e2-eb1d-45ac-85ad-2ef847921969@group-A8039840480C-FOLLOWER: accept ELECTION from 4a67b2a1-79be-440d-a7f9-3f5e5a8bd0ed: our priority 0 <= candidate's priority 1
2022-01-20 14:18:31,267 [grpc-default-executor-3] INFO  server.RaftServer$Division (RaftServerImpl.java:setRole(290)) - 3055d1e2-eb1d-45ac-85ad-2ef847921969@group-A8039840480C: changes role from  FOLLOWER to FOLLOWER at term 3 for candidate:4a67b2a1-79be-440d-a7f9-3f5e5a8bd0ed
2022-01-20 14:18:31,267 [grpc-default-executor-3] INFO  impl.RoleInfo (RoleInfo.java:shutdownFollowerState(108)) - 3055d1e2-eb1d-45ac-85ad-2ef847921969: shutdown 3055d1e2-eb1d-45ac-85ad-2ef847921969@group-A8039840480C-FollowerState
2022-01-20 14:18:31,267 [f405db60-e51c-4785-8bbc-e1c4726dfe5c@group-A8039840480C-FollowerState] INFO  impl.FollowerState (FollowerState.java:run(143)) - f405db60-e51c-4785-8bbc-e1c4726dfe5c@group-A8039840480C-FollowerState was interrupted: {}
java.lang.InterruptedException: sleep interrupted
	at java.lang.Thread.sleep(Native Method)
	at java.lang.Thread.sleep(Thread.java:340)
	at java.util.concurrent.TimeUnit.sleep(TimeUnit.java:386)
	at org.apache.ratis.util.TimeDuration.sleep(TimeDuration.java:324)
	at org.apache.ratis.util.TimeDuration.sleep(TimeDuration.java:309)
	at org.apache.ratis.server.impl.FollowerState.run(FollowerState.java:118)
2022-01-20 14:18:31,274 [grpc-default-executor-2] INFO  server.RaftServer$Division (RaftServerImpl.java:requestVote(1078)) - f405db60-e51c-4785-8bbc-e1c4726dfe5c@group-A8039840480C replies to ELECTION vote request: 4a67b2a1-79be-440d-a7f9-3f5e5a8bd0ed<-f405db60-e51c-4785-8bbc-e1c4726dfe5c#0:OK-t3. Peer's state: f405db60-e51c-4785-8bbc-e1c4726dfe5c@group-A8039840480C:t3, leader=null, voted=4a67b2a1-79be-440d-a7f9-3f5e5a8bd0ed, raftlog=f405db60-e51c-4785-8bbc-e1c4726dfe5c@group-A8039840480C-SegmentedRaftLog:OPENED:c-1, conf=-1: [f405db60-e51c-4785-8bbc-e1c4726dfe5c|rpc:10.1.0.33:35313|dataStream:|priority:0, 4a67b2a1-79be-440d-a7f9-3f5e5a8bd0ed|rpc:10.1.0.33:42913|dataStream:|priority:1, 3055d1e2-eb1d-45ac-85ad-2ef847921969|rpc:10.1.0.33:39677|dataStream:|priority:0], old=null
2022-01-20 14:18:31,276 [4a67b2a1-79be-440d-a7f9-3f5e5a8bd0ed@group-A8039840480C-LeaderElection63] INFO  impl.LeaderElection (LeaderElection.java:logAndReturn(89)) - 4a67b2a1-79be-440d-a7f9-3f5e5a8bd0ed@group-A8039840480C-LeaderElection63: ELECTION PASSED received 1 response(s) and 0 exception(s):
2022-01-20 14:18:31,276 [4a67b2a1-79be-440d-a7f9-3f5e5a8bd0ed@group-A8039840480C-LeaderElection63] INFO  impl.LeaderElection (LeaderElection.java:logAndReturn(93)) -   Response 0: 4a67b2a1-79be-440d-a7f9-3f5e5a8bd0ed<-f405db60-e51c-4785-8bbc-e1c4726dfe5c#0:OK-t3
2022-01-20 14:18:31,276 [4a67b2a1-79be-440d-a7f9-3f5e5a8bd0ed@group-A8039840480C-LeaderElection63] INFO  impl.LeaderElection (LeaderElection.java:askForVotes(308)) - 4a67b2a1-79be-440d-a7f9-3f5e5a8bd0ed@group-A8039840480C-LeaderElection63 ELECTION round 0: result PASSED
2022-01-20 14:18:31,277 [4a67b2a1-79be-440d-a7f9-3f5e5a8bd0ed@group-A8039840480C-LeaderElection63] INFO  impl.RoleInfo (RoleInfo.java:shutdownLeaderElection(121)) - 4a67b2a1-79be-440d-a7f9-3f5e5a8bd0ed: shutdown 4a67b2a1-79be-440d-a7f9-3f5e5a8bd0ed@group-A8039840480C-LeaderElection63
2022-01-20 14:18:31,277 [4a67b2a1-79be-440d-a7f9-3f5e5a8bd0ed@group-A8039840480C-LeaderElection63] INFO  server.RaftServer$Division (RaftServerImpl.java:setRole(290)) - 4a67b2a1-79be-440d-a7f9-3f5e5a8bd0ed@group-A8039840480C: changes role from CANDIDATE to LEADER at term 3 for changeToLeader
2022-01-20 14:18:31,277 [4a67b2a1-79be-440d-a7f9-3f5e5a8bd0ed@group-A8039840480C-LeaderElection63] INFO  ratis.XceiverServerRatis (XceiverServerRatis.java:handleLeaderChangedNotification(866)) - Leader change notification received for group: group-A8039840480C with new leaderId: 4a67b2a1-79be-440d-a7f9-3f5e5a8bd0ed
2022-01-20 14:18:31,277 [4a67b2a1-79be-440d-a7f9-3f5e5a8bd0ed@group-A8039840480C-LeaderElection63] INFO  server.RaftServer$Division (ServerState.java:setLeader(285)) - 4a67b2a1-79be-440d-a7f9-3f5e5a8bd0ed@group-A8039840480C: change Leader from null to 4a67b2a1-79be-440d-a7f9-3f5e5a8bd0ed at term 3 for becomeLeader, leader elected after 15380ms
2022-01-20 14:18:31,277 [4a67b2a1-79be-440d-a7f9-3f5e5a8bd0ed@group-A8039840480C-LeaderElection63] INFO  server.RaftServerConfigKeys (ConfUtils.java:logGet(44)) - raft.server.staging.catchup.gap = 1000 (default)
2022-01-20 14:18:31,277 [4a67b2a1-79be-440d-a7f9-3f5e5a8bd0ed@group-A8039840480C-LeaderElection63] INFO  server.RaftServerConfigKeys (ConfUtils.java:logGet(44)) - raft.server.write.element-limit = 1024 (custom)
2022-01-20 14:18:31,277 [4a67b2a1-79be-440d-a7f9-3f5e5a8bd0ed@group-A8039840480C-LeaderElection63] INFO  server.RaftServerConfigKeys (ConfUtils.java:logGet(44)) - raft.server.write.byte-limit = 1024 M (=1073741824) (custom)
2022-01-20 14:18:31,277 [4a67b2a1-79be-440d-a7f9-3f5e5a8bd0ed@group-A8039840480C-LeaderElection63] INFO  server.RaftServerConfigKeys (ConfUtils.java:logGet(44)) - raft.server.watch.timeout = 3000ms (custom)
2022-01-20 14:18:31,278 [4a67b2a1-79be-440d-a7f9-3f5e5a8bd0ed@group-A8039840480C-LeaderElection63] INFO  server.RaftServerConfigKeys (ConfUtils.java:logGet(44)) - raft.server.watch.timeout.denomination = 1s (default)
2022-01-20 14:18:31,278 [4a67b2a1-79be-440d-a7f9-3f5e5a8bd0ed@group-A8039840480C-LeaderElection63] INFO  server.RaftServerConfigKeys (ConfUtils.java:logGet(44)) - raft.server.watch.element-limit = 65536 (default)
2022-01-20 14:18:31,278 [4a67b2a1-79be-440d-a7f9-3f5e5a8bd0ed@group-A8039840480C-LeaderElection63] INFO  server.RaftServerConfigKeys (ConfUtils.java:logGet(44)) - raft.server.write.element-limit = 1024 (custom)
2022-01-20 14:18:31,278 [4a67b2a1-79be-440d-a7f9-3f5e5a8bd0ed@group-A8039840480C-LeaderElection63] INFO  server.RaftServerConfigKeys (ConfUtils.java:logGet(44)) - raft.server.write.follower.gap.ratio.max = -1.0 (default)
2022-01-20 14:18:31,278 [4a67b2a1-79be-440d-a7f9-3f5e5a8bd0ed@group-A8039840480C-LeaderElection63] INFO  server.RaftServerConfigKeys (ConfUtils.java:logGet(44)) - raft.server.log.appender.snapshot.chunk.size.max = 16MB (=16777216) (default)
2022-01-20 14:18:31,278 [4a67b2a1-79be-440d-a7f9-3f5e5a8bd0ed@group-A8039840480C-LeaderElection63] INFO  server.RaftServerConfigKeys (ConfUtils.java:logGet(44)) - raft.server.log.appender.buffer.byte-limit = 33554432 (custom)
2022-01-20 14:18:31,278 [4a67b2a1-79be-440d-a7f9-3f5e5a8bd0ed@group-A8039840480C-LeaderElection63] INFO  server.RaftServerConfigKeys (ConfUtils.java:logGet(44)) - raft.server.log.appender.buffer.element-limit = 1 (custom)
2022-01-20 14:18:31,289 [EventQueue-PipelineReportForPipelineReportHandler] INFO  pipeline.PipelineManagerImpl (PipelineManagerImpl.java:openPipeline(291)) - Pipeline Pipeline[ Id: c4c59fdd-05d0-43b3-b6e4-a8039840480c, Nodes: f405db60-e51c-4785-8bbc-e1c4726dfe5c{ip: 10.1.0.33, host: fv-az294-522.eaanfquahm5ulb5tj050gcxych.jx.internal.cloudapp.net, ports: [REPLICATION=42491, RATIS=35313, RATIS_ADMIN=35313, RATIS_SERVER=35313, STANDALONE=44397], networkLocation: /default-rack, certSerialId: null, persistedOpState: IN_SERVICE, persistedOpStateExpiryEpochSec: 0}3055d1e2-eb1d-45ac-85ad-2ef847921969{ip: 10.1.0.33, host: fv-az294-522.eaanfquahm5ulb5tj050gcxych.jx.internal.cloudapp.net, ports: [REPLICATION=34195, RATIS=39677, RATIS_ADMIN=39677, RATIS_SERVER=39677, STANDALONE=38555], networkLocation: /default-rack, certSerialId: null, persistedOpState: IN_SERVICE, persistedOpStateExpiryEpochSec: 0}4a67b2a1-79be-440d-a7f9-3f5e5a8bd0ed{ip: 10.1.0.33, host: fv-az294-522.eaanfquahm5ulb5tj050gcxych.jx.internal.cloudapp.net, ports: [REPLICATION=34197, RATIS=42913, RATIS_ADMIN=42913, RATIS_SERVER=42913, STANDALONE=41457], networkLocation: /default-rack, certSerialId: null, persistedOpState: IN_SERVICE, persistedOpStateExpiryEpochSec: 0}, ReplicationConfig: RATIS/THREE, State:ALLOCATED, leaderId:4a67b2a1-79be-440d-a7f9-3f5e5a8bd0ed, CreationTimestamp2022-01-20T14:18:14.149Z[Etc/UTC]] moved to OPEN state
2022-01-20 14:18:31,290 [4a67b2a1-79be-440d-a7f9-3f5e5a8bd0ed@group-A8039840480C-LeaderElection63] INFO  grpc.GrpcConfigKeys (ConfUtils.java:logGet(44)) - raft.grpc.server.leader.outstanding.appends.max = 128 (default)
2022-01-20 14:18:31,291 [4a67b2a1-79be-440d-a7f9-3f5e5a8bd0ed@group-A8039840480C-LeaderElection63] INFO  server.RaftServerConfigKeys (ConfUtils.java:logGet(44)) - raft.server.rpc.request.timeout = 3000ms (default)
2022-01-20 14:18:31,291 [4a67b2a1-79be-440d-a7f9-3f5e5a8bd0ed@group-A8039840480C-LeaderElection63] INFO  server.RaftServerConfigKeys (ConfUtils.java:logGet(44)) - raft.server.log.appender.install.snapshot.enabled = false (custom)
2022-01-20 14:18:31,292 [4a67b2a1-79be-440d-a7f9-3f5e5a8bd0ed@group-A8039840480C-LeaderElection63] INFO  server.RaftServerConfigKeys (ConfUtils.java:logGet(44)) - raft.server.log.appender.snapshot.chunk.size.max = 16MB (=16777216) (default)
2022-01-20 14:18:31,292 [4a67b2a1-79be-440d-a7f9-3f5e5a8bd0ed@group-A8039840480C-LeaderElection63] INFO  server.RaftServerConfigKeys (ConfUtils.java:logGet(44)) - raft.server.log.appender.buffer.byte-limit = 33554432 (custom)
2022-01-20 14:18:31,292 [4a67b2a1-79be-440d-a7f9-3f5e5a8bd0ed@group-A8039840480C-LeaderElection63] INFO  server.RaftServerConfigKeys (ConfUtils.java:logGet(44)) - raft.server.log.appender.buffer.element-limit = 1 (custom)
2022-01-20 14:18:31,292 [4a67b2a1-79be-440d-a7f9-3f5e5a8bd0ed@group-A8039840480C-LeaderElection63] INFO  grpc.GrpcConfigKeys (ConfUtils.java:logGet(44)) - raft.grpc.server.leader.outstanding.appends.max = 128 (default)
2022-01-20 14:18:31,292 [4a67b2a1-79be-440d-a7f9-3f5e5a8bd0ed@group-A8039840480C-LeaderElection63] INFO  server.RaftServerConfigKeys (ConfUtils.java:logGet(44)) - raft.server.rpc.request.timeout = 3000ms (default)
2022-01-20 14:18:31,292 [4a67b2a1-79be-440d-a7f9-3f5e5a8bd0ed@group-A8039840480C-LeaderElection63] INFO  server.RaftServerConfigKeys (ConfUtils.java:logGet(44)) - raft.server.log.appender.install.snapshot.enabled = false (custom)
2022-01-20 14:18:31,293 [EventQueue-PipelineReportForPipelineReportHandler] INFO  ha.SCMHAInvocationHandler (SCMHAInvocationHandler.java:invokeRatis(113)) - Invoking method public abstract void org.apache.hadoop.hdds.scm.pipeline.PipelineStateManager.updatePipelineState(org.apache.hadoop.hdds.protocol.proto.HddsProtos$PipelineID,org.apache.hadoop.hdds.protocol.proto.HddsProtos$PipelineState) throws java.io.IOException on target org.apache.hadoop.hdds.scm.ha.SCMRatisServerImpl@2589c416, cost 3800.129us
2022-01-20 14:18:31,298 [3055d1e2-eb1d-45ac-85ad-2ef847921969@group-A8039840480C-FollowerState] INFO  impl.FollowerState (FollowerState.java:run(143)) - 3055d1e2-eb1d-45ac-85ad-2ef847921969@group-A8039840480C-FollowerState was interrupted: {}
java.lang.InterruptedException: sleep interrupted
	at java.lang.Thread.sleep(Native Method)
	at java.lang.Thread.sleep(Thread.java:340)
	at java.util.concurrent.TimeUnit.sleep(TimeUnit.java:386)
	at org.apache.ratis.util.TimeDuration.sleep(TimeDuration.java:324)
	at org.apache.ratis.util.TimeDuration.sleep(TimeDuration.java:309)
	at org.apache.ratis.server.impl.FollowerState.run(FollowerState.java:118)
2022-01-20 14:18:31,298 [grpc-default-executor-3] INFO  impl.RoleInfo (RoleInfo.java:updateAndGet(130)) - 3055d1e2-eb1d-45ac-85ad-2ef847921969: start 3055d1e2-eb1d-45ac-85ad-2ef847921969@group-A8039840480C-FollowerState
2022-01-20 14:18:31,309 [4a67b2a1-79be-440d-a7f9-3f5e5a8bd0ed@group-A8039840480C-LeaderElection63] INFO  impl.RoleInfo (RoleInfo.java:updateAndGet(130)) - 4a67b2a1-79be-440d-a7f9-3f5e5a8bd0ed: start 4a67b2a1-79be-440d-a7f9-3f5e5a8bd0ed@group-A8039840480C-LeaderStateImpl
2022-01-20 14:18:31,321 [IPC Server handler 2 on default port 46041] INFO  ha.SCMHAInvocationHandler (SCMHAInvocationHandler.java:invokeRatis(113)) - Invoking method public abstract java.lang.Boolean org.apache.hadoop.hdds.scm.ha.SequenceIdGenerator$StateManager.allocateBatch(java.lang.String,java.lang.Long,java.lang.Long) on target org.apache.hadoop.hdds.scm.ha.SCMRatisServerImpl@2589c416, cost 1652.713us
2022-01-20 14:18:31,321 [IPC Server handler 2 on default port 46041] INFO  ha.SequenceIdGenerator (SequenceIdGenerator.java:getNextId(127)) - Allocate a batch for containerId, change lastId from 0 to 1000.
2022-01-20 14:18:31,321 [4a67b2a1-79be-440d-a7f9-3f5e5a8bd0ed@group-A8039840480C-LeaderElection63] INFO  segmented.SegmentedRaftLogWorker (SegmentedRaftLogWorker.java:startLogSegment(394)) - 4a67b2a1-79be-440d-a7f9-3f5e5a8bd0ed@group-A8039840480C-SegmentedRaftLogWorker: Starting segment from index:0
2022-01-20 14:18:31,337 [4a67b2a1-79be-440d-a7f9-3f5e5a8bd0ed@group-A8039840480C-LeaderElection63] INFO  server.RaftServer$Division (ServerState.java:setRaftConf(387)) - 4a67b2a1-79be-440d-a7f9-3f5e5a8bd0ed@group-A8039840480C: set configuration 0: [f405db60-e51c-4785-8bbc-e1c4726dfe5c|rpc:10.1.0.33:35313|dataStream:|priority:0, 4a67b2a1-79be-440d-a7f9-3f5e5a8bd0ed|rpc:10.1.0.33:42913|dataStream:|priority:1, 3055d1e2-eb1d-45ac-85ad-2ef847921969|rpc:10.1.0.33:39677|dataStream:|priority:0], old=null
2022-01-20 14:18:31,357 [IPC Server handler 2 on default port 46041] INFO  ha.SCMHAInvocationHandler (SCMHAInvocationHandler.java:invokeRatis(113)) - Invoking method public abstract void org.apache.hadoop.hdds.scm.container.ContainerStateManager.addContainer(org.apache.hadoop.hdds.protocol.proto.HddsProtos$ContainerInfoProto) throws java.io.IOException on target org.apache.hadoop.hdds.scm.ha.SCMRatisServerImpl@2589c416, cost 35982.075us
2022-01-20 14:18:31,358 [grpc-default-executor-3] INFO  server.RaftServer$Division (RaftServerImpl.java:requestVote(1078)) - 3055d1e2-eb1d-45ac-85ad-2ef847921969@group-A8039840480C replies to ELECTION vote request: 4a67b2a1-79be-440d-a7f9-3f5e5a8bd0ed<-3055d1e2-eb1d-45ac-85ad-2ef847921969#0:OK-t3. Peer's state: 3055d1e2-eb1d-45ac-85ad-2ef847921969@group-A8039840480C:t3, leader=null, voted=4a67b2a1-79be-440d-a7f9-3f5e5a8bd0ed, raftlog=3055d1e2-eb1d-45ac-85ad-2ef847921969@group-A8039840480C-SegmentedRaftLog:OPENED:c-1, conf=-1: [f405db60-e51c-4785-8bbc-e1c4726dfe5c|rpc:10.1.0.33:35313|priority:0, 4a67b2a1-79be-440d-a7f9-3f5e5a8bd0ed|rpc:10.1.0.33:42913|priority:1, 3055d1e2-eb1d-45ac-85ad-2ef847921969|rpc:10.1.0.33:39677|priority:0], old=null
2022-01-20 14:18:31,365 [4a67b2a1-79be-440d-a7f9-3f5e5a8bd0ed@group-A8039840480C-SegmentedRaftLogWorker] INFO  segmented.SegmentedRaftLogWorker (SegmentedRaftLogWorker.java:execute(601)) - 4a67b2a1-79be-440d-a7f9-3f5e5a8bd0ed@group-A8039840480C-SegmentedRaftLogWorker: created new log segment /home/runner/work/ozone/ozone/hadoop-ozone/integration-test/target/test-dir/MiniOzoneClusterImpl-f1e7e660-ec45-4ef3-9198-8cc7416827f1/datanode-2/data/ratis/c4c59fdd-05d0-43b3-b6e4-a8039840480c/current/log_inprogress_0
2022-01-20 14:18:31,370 [grpc-default-executor-3] INFO  ratis.XceiverServerRatis (XceiverServerRatis.java:handleLeaderChangedNotification(866)) - Leader change notification received for group: group-A8039840480C with new leaderId: 4a67b2a1-79be-440d-a7f9-3f5e5a8bd0ed
2022-01-20 14:18:31,370 [grpc-default-executor-3] INFO  server.RaftServer$Division (ServerState.java:setLeader(285)) - 3055d1e2-eb1d-45ac-85ad-2ef847921969@group-A8039840480C: change Leader from null to 4a67b2a1-79be-440d-a7f9-3f5e5a8bd0ed at term 3 for appendEntries, leader elected after 15779ms
2022-01-20 14:18:31,387 [grpc-default-executor-3] INFO  server.RaftServer$Division (ServerState.java:setRaftConf(387)) - 3055d1e2-eb1d-45ac-85ad-2ef847921969@group-A8039840480C: set configuration 0: [f405db60-e51c-4785-8bbc-e1c4726dfe5c|rpc:10.1.0.33:35313|dataStream:|priority:0, 4a67b2a1-79be-440d-a7f9-3f5e5a8bd0ed|rpc:10.1.0.33:42913|dataStream:|priority:1, 3055d1e2-eb1d-45ac-85ad-2ef847921969|rpc:10.1.0.33:39677|dataStream:|priority:0], old=null
2022-01-20 14:18:31,387 [grpc-default-executor-3] INFO  segmented.SegmentedRaftLogWorker (SegmentedRaftLogWorker.java:startLogSegment(394)) - 3055d1e2-eb1d-45ac-85ad-2ef847921969@group-A8039840480C-SegmentedRaftLogWorker: Starting segment from index:0
2022-01-20 14:18:31,391 [3055d1e2-eb1d-45ac-85ad-2ef847921969@group-A8039840480C-SegmentedRaftLogWorker] INFO  segmented.SegmentedRaftLogWorker (SegmentedRaftLogWorker.java:execute(601)) - 3055d1e2-eb1d-45ac-85ad-2ef847921969@group-A8039840480C-SegmentedRaftLogWorker: created new log segment /home/runner/work/ozone/ozone/hadoop-ozone/integration-test/target/test-dir/MiniOzoneClusterImpl-f1e7e660-ec45-4ef3-9198-8cc7416827f1/datanode-0/data/ratis/c4c59fdd-05d0-43b3-b6e4-a8039840480c/current/log_inprogress_0
2022-01-20 14:18:31,392 [grpc-default-executor-3] INFO  ratis.XceiverServerRatis (XceiverServerRatis.java:handleLeaderChangedNotification(866)) - Leader change notification received for group: group-A8039840480C with new leaderId: 4a67b2a1-79be-440d-a7f9-3f5e5a8bd0ed
2022-01-20 14:18:31,393 [grpc-default-executor-3] INFO  server.RaftServer$Division (ServerState.java:setLeader(285)) - f405db60-e51c-4785-8bbc-e1c4726dfe5c@group-A8039840480C: change Leader from null to 4a67b2a1-79be-440d-a7f9-3f5e5a8bd0ed at term 3 for appendEntries, leader elected after 15642ms
2022-01-20 14:18:31,445 [grpc-default-executor-3] INFO  server.RaftServer$Division (ServerState.java:setRaftConf(387)) - f405db60-e51c-4785-8bbc-e1c4726dfe5c@group-A8039840480C: set configuration 0: [f405db60-e51c-4785-8bbc-e1c4726dfe5c|rpc:10.1.0.33:35313|dataStream:|priority:0, 4a67b2a1-79be-440d-a7f9-3f5e5a8bd0ed|rpc:10.1.0.33:42913|dataStream:|priority:1, 3055d1e2-eb1d-45ac-85ad-2ef847921969|rpc:10.1.0.33:39677|dataStream:|priority:0], old=null
2022-01-20 14:18:31,445 [grpc-default-executor-3] INFO  segmented.SegmentedRaftLogWorker (SegmentedRaftLogWorker.java:startLogSegment(394)) - f405db60-e51c-4785-8bbc-e1c4726dfe5c@group-A8039840480C-SegmentedRaftLogWorker: Starting segment from index:0
2022-01-20 14:18:31,447 [f405db60-e51c-4785-8bbc-e1c4726dfe5c@group-A8039840480C-SegmentedRaftLogWorker] INFO  segmented.SegmentedRaftLogWorker (SegmentedRaftLogWorker.java:execute(601)) - f405db60-e51c-4785-8bbc-e1c4726dfe5c@group-A8039840480C-SegmentedRaftLogWorker: created new log segment /home/runner/work/ozone/ozone/hadoop-ozone/integration-test/target/test-dir/MiniOzoneClusterImpl-f1e7e660-ec45-4ef3-9198-8cc7416827f1/datanode-1/data/ratis/c4c59fdd-05d0-43b3-b6e4-a8039840480c/current/log_inprogress_0
2022-01-20 14:18:33,420 [c842222a-b1c3-47cd-9e78-3481338af40d@group-477B38A169A7-FollowerState] INFO  impl.FollowerState (FollowerState.java:run(134)) - c842222a-b1c3-47cd-9e78-3481338af40d@group-477B38A169A7-FollowerState: change to CANDIDATE, lastRpcElapsedTime:5055497584ns, electionTimeout:5046ms
2022-01-20 14:18:33,420 [c842222a-b1c3-47cd-9e78-3481338af40d@group-477B38A169A7-FollowerState] INFO  impl.RoleInfo (RoleInfo.java:shutdownFollowerState(108)) - c842222a-b1c3-47cd-9e78-3481338af40d: shutdown c842222a-b1c3-47cd-9e78-3481338af40d@group-477B38A169A7-FollowerState
2022-01-20 14:18:33,420 [c842222a-b1c3-47cd-9e78-3481338af40d@group-477B38A169A7-FollowerState] INFO  server.RaftServer$Division (RaftServerImpl.java:setRole(290)) - c842222a-b1c3-47cd-9e78-3481338af40d@group-477B38A169A7: changes role from  FOLLOWER to CANDIDATE at term 2 for changeToCandidate
2022-01-20 14:18:33,420 [c842222a-b1c3-47cd-9e78-3481338af40d@group-477B38A169A7-FollowerState] INFO  server.RaftServerConfigKeys (ConfUtils.java:logGet(44)) - raft.server.leaderelection.pre-vote = false (custom)
2022-01-20 14:18:33,421 [c842222a-b1c3-47cd-9e78-3481338af40d@group-477B38A169A7-FollowerState] INFO  impl.RoleInfo (RoleInfo.java:updateAndGet(130)) - c842222a-b1c3-47cd-9e78-3481338af40d: start c842222a-b1c3-47cd-9e78-3481338af40d@group-477B38A169A7-LeaderElection64
2022-01-20 14:18:33,455 [c842222a-b1c3-47cd-9e78-3481338af40d@group-477B38A169A7-LeaderElection64] INFO  impl.LeaderElection (LeaderElection.java:askForVotes(306)) - c842222a-b1c3-47cd-9e78-3481338af40d@group-477B38A169A7-LeaderElection64 ELECTION round 0: submit vote requests at term 3 for -1: [c842222a-b1c3-47cd-9e78-3481338af40d|rpc:10.1.0.33:44871|dataStream:|priority:0, 8543d24f-bec7-4768-944c-282c8ff9c745|rpc:10.1.0.33:34369|dataStream:|priority:0, 974883c6-3444-443e-b406-2e7f57ab6e46|rpc:10.1.0.33:43877|dataStream:|priority:1], old=null
2022-01-20 14:18:33,485 [grpc-default-executor-3] INFO  server.RaftServer$Division (RaftServerImpl.java:requestVote(1046)) - 8543d24f-bec7-4768-944c-282c8ff9c745@group-477B38A169A7: receive requestVote(ELECTION, c842222a-b1c3-47cd-9e78-3481338af40d, group-477B38A169A7, 3, (t:0, i:0))
2022-01-20 14:18:33,485 [grpc-default-executor-3] INFO  impl.VoteContext (VoteContext.java:log(48)) - 8543d24f-bec7-4768-944c-282c8ff9c745@group-477B38A169A7-FOLLOWER: accept ELECTION from c842222a-b1c3-47cd-9e78-3481338af40d: our priority 0 <= candidate's priority 0
2022-01-20 14:18:33,485 [grpc-default-executor-3] INFO  server.RaftServer$Division (RaftServerImpl.java:setRole(290)) - 8543d24f-bec7-4768-944c-282c8ff9c745@group-477B38A169A7: changes role from  FOLLOWER to FOLLOWER at term 3 for candidate:c842222a-b1c3-47cd-9e78-3481338af40d
2022-01-20 14:18:33,486 [grpc-default-executor-3] INFO  impl.RoleInfo (RoleInfo.java:shutdownFollowerState(108)) - 8543d24f-bec7-4768-944c-282c8ff9c745: shutdown 8543d24f-bec7-4768-944c-282c8ff9c745@group-477B38A169A7-FollowerState
2022-01-20 14:18:33,486 [grpc-default-executor-3] INFO  impl.RoleInfo (RoleInfo.java:updateAndGet(130)) - 8543d24f-bec7-4768-944c-282c8ff9c745: start 8543d24f-bec7-4768-944c-282c8ff9c745@group-477B38A169A7-FollowerState
2022-01-20 14:18:33,486 [8543d24f-bec7-4768-944c-282c8ff9c745@group-477B38A169A7-FollowerState] INFO  impl.FollowerState (FollowerState.java:run(143)) - 8543d24f-bec7-4768-944c-282c8ff9c745@group-477B38A169A7-FollowerState was interrupted: {}
java.lang.InterruptedException: sleep interrupted
	at java.lang.Thread.sleep(Native Method)
	at java.lang.Thread.sleep(Thread.java:340)
	at java.util.concurrent.TimeUnit.sleep(TimeUnit.java:386)
	at org.apache.ratis.util.TimeDuration.sleep(TimeDuration.java:324)
	at org.apache.ratis.util.TimeDuration.sleep(TimeDuration.java:309)
	at org.apache.ratis.server.impl.FollowerState.run(FollowerState.java:118)
2022-01-20 14:18:33,495 [grpc-default-executor-3] INFO  server.RaftServer$Division (RaftServerImpl.java:requestVote(1078)) - 8543d24f-bec7-4768-944c-282c8ff9c745@group-477B38A169A7 replies to ELECTION vote request: c842222a-b1c3-47cd-9e78-3481338af40d<-8543d24f-bec7-4768-944c-282c8ff9c745#0:OK-t3. Peer's state: 8543d24f-bec7-4768-944c-282c8ff9c745@group-477B38A169A7:t3, leader=null, voted=c842222a-b1c3-47cd-9e78-3481338af40d, raftlog=8543d24f-bec7-4768-944c-282c8ff9c745@group-477B38A169A7-SegmentedRaftLog:OPENED:c-1, conf=-1: [c842222a-b1c3-47cd-9e78-3481338af40d|rpc:10.1.0.33:44871|priority:0, 8543d24f-bec7-4768-944c-282c8ff9c745|rpc:10.1.0.33:34369|priority:0, 974883c6-3444-443e-b406-2e7f57ab6e46|rpc:10.1.0.33:43877|priority:1], old=null
2022-01-20 14:18:33,502 [974883c6-3444-443e-b406-2e7f57ab6e46@group-477B38A169A7-FollowerState] INFO  impl.FollowerState (FollowerState.java:run(134)) - 974883c6-3444-443e-b406-2e7f57ab6e46@group-477B38A169A7-FollowerState: change to CANDIDATE, lastRpcElapsedTime:5080602274ns, electionTimeout:5073ms
2022-01-20 14:18:33,502 [974883c6-3444-443e-b406-2e7f57ab6e46@group-477B38A169A7-FollowerState] INFO  impl.RoleInfo (RoleInfo.java:shutdownFollowerState(108)) - 974883c6-3444-443e-b406-2e7f57ab6e46: shutdown 974883c6-3444-443e-b406-2e7f57ab6e46@group-477B38A169A7-FollowerState
2022-01-20 14:18:33,502 [974883c6-3444-443e-b406-2e7f57ab6e46@group-477B38A169A7-FollowerState] INFO  server.RaftServer$Division (RaftServerImpl.java:setRole(290)) - 974883c6-3444-443e-b406-2e7f57ab6e46@group-477B38A169A7: changes role from  FOLLOWER to CANDIDATE at term 2 for changeToCandidate
2022-01-20 14:18:33,502 [974883c6-3444-443e-b406-2e7f57ab6e46@group-477B38A169A7-FollowerState] INFO  server.RaftServerConfigKeys (ConfUtils.java:logGet(44)) - raft.server.leaderelection.pre-vote = false (custom)
2022-01-20 14:18:33,502 [974883c6-3444-443e-b406-2e7f57ab6e46@group-477B38A169A7-FollowerState] INFO  impl.RoleInfo (RoleInfo.java:updateAndGet(130)) - 974883c6-3444-443e-b406-2e7f57ab6e46: start 974883c6-3444-443e-b406-2e7f57ab6e46@group-477B38A169A7-LeaderElection65
2022-01-20 14:18:33,505 [974883c6-3444-443e-b406-2e7f57ab6e46@group-477B38A169A7-LeaderElection65] INFO  impl.LeaderElection (LeaderElection.java:askForVotes(306)) - 974883c6-3444-443e-b406-2e7f57ab6e46@group-477B38A169A7-LeaderElection65 ELECTION round 0: submit vote requests at term 3 for -1: [c842222a-b1c3-47cd-9e78-3481338af40d|rpc:10.1.0.33:44871|dataStream:|priority:0, 8543d24f-bec7-4768-944c-282c8ff9c745|rpc:10.1.0.33:34369|dataStream:|priority:0, 974883c6-3444-443e-b406-2e7f57ab6e46|rpc:10.1.0.33:43877|dataStream:|priority:1], old=null
2022-01-20 14:18:33,550 [grpc-default-executor-3] INFO  server.RaftServer$Division (RaftServerImpl.java:requestVote(1046)) - 974883c6-3444-443e-b406-2e7f57ab6e46@group-477B38A169A7: receive requestVote(ELECTION, c842222a-b1c3-47cd-9e78-3481338af40d, group-477B38A169A7, 3, (t:0, i:0))
2022-01-20 14:18:33,550 [grpc-default-executor-3] INFO  impl.VoteContext (VoteContext.java:log(48)) - 974883c6-3444-443e-b406-2e7f57ab6e46@group-477B38A169A7-CANDIDATE: reject ELECTION from c842222a-b1c3-47cd-9e78-3481338af40d: already has voted for 974883c6-3444-443e-b406-2e7f57ab6e46 at current term 3
2022-01-20 14:18:33,550 [grpc-default-executor-3] INFO  server.RaftServer$Division (RaftServerImpl.java:requestVote(1078)) - 974883c6-3444-443e-b406-2e7f57ab6e46@group-477B38A169A7 replies to ELECTION vote request: c842222a-b1c3-47cd-9e78-3481338af40d<-974883c6-3444-443e-b406-2e7f57ab6e46#0:FAIL-t3. Peer's state: 974883c6-3444-443e-b406-2e7f57ab6e46@group-477B38A169A7:t3, leader=null, voted=974883c6-3444-443e-b406-2e7f57ab6e46, raftlog=974883c6-3444-443e-b406-2e7f57ab6e46@group-477B38A169A7-SegmentedRaftLog:OPENED:c-1, conf=-1: [c842222a-b1c3-47cd-9e78-3481338af40d|rpc:10.1.0.33:44871|dataStream:|priority:0, 8543d24f-bec7-4768-944c-282c8ff9c745|rpc:10.1.0.33:34369|dataStream:|priority:0, 974883c6-3444-443e-b406-2e7f57ab6e46|rpc:10.1.0.33:43877|dataStream:|priority:1], old=null
2022-01-20 14:18:33,553 [c842222a-b1c3-47cd-9e78-3481338af40d@group-477B38A169A7-LeaderElection64] INFO  impl.LeaderElection (LeaderElection.java:logAndReturn(89)) - c842222a-b1c3-47cd-9e78-3481338af40d@group-477B38A169A7-LeaderElection64: ELECTION REJECTED received 2 response(s) and 0 exception(s):
2022-01-20 14:18:33,553 [c842222a-b1c3-47cd-9e78-3481338af40d@group-477B38A169A7-LeaderElection64] INFO  impl.LeaderElection (LeaderElection.java:logAndReturn(93)) -   Response 0: c842222a-b1c3-47cd-9e78-3481338af40d<-8543d24f-bec7-4768-944c-282c8ff9c745#0:OK-t3
2022-01-20 14:18:33,553 [c842222a-b1c3-47cd-9e78-3481338af40d@group-477B38A169A7-LeaderElection64] INFO  impl.LeaderElection (LeaderElection.java:logAndReturn(93)) -   Response 1: c842222a-b1c3-47cd-9e78-3481338af40d<-974883c6-3444-443e-b406-2e7f57ab6e46#0:FAIL-t3
2022-01-20 14:18:33,553 [c842222a-b1c3-47cd-9e78-3481338af40d@group-477B38A169A7-LeaderElection64] INFO  impl.LeaderElection (LeaderElection.java:askForVotes(308)) - c842222a-b1c3-47cd-9e78-3481338af40d@group-477B38A169A7-LeaderElection64 ELECTION round 0: result REJECTED
2022-01-20 14:18:33,553 [c842222a-b1c3-47cd-9e78-3481338af40d@group-477B38A169A7-LeaderElection64] INFO  server.RaftServer$Division (RaftServerImpl.java:setRole(290)) - c842222a-b1c3-47cd-9e78-3481338af40d@group-477B38A169A7: changes role from CANDIDATE to FOLLOWER at term 3 for REJECTED
2022-01-20 14:18:33,553 [c842222a-b1c3-47cd-9e78-3481338af40d@group-477B38A169A7-LeaderElection64] INFO  impl.RoleInfo (RoleInfo.java:shutdownLeaderElection(121)) - c842222a-b1c3-47cd-9e78-3481338af40d: shutdown c842222a-b1c3-47cd-9e78-3481338af40d@group-477B38A169A7-LeaderElection64
2022-01-20 14:18:33,553 [c842222a-b1c3-47cd-9e78-3481338af40d@group-477B38A169A7-LeaderElection64] INFO  impl.RoleInfo (RoleInfo.java:updateAndGet(130)) - c842222a-b1c3-47cd-9e78-3481338af40d: start c842222a-b1c3-47cd-9e78-3481338af40d@group-477B38A169A7-FollowerState
2022-01-20 14:18:33,567 [grpc-default-executor-3] INFO  server.RaftServer$Division (RaftServerImpl.java:requestVote(1046)) - c842222a-b1c3-47cd-9e78-3481338af40d@group-477B38A169A7: receive requestVote(ELECTION, 974883c6-3444-443e-b406-2e7f57ab6e46, group-477B38A169A7, 3, (t:0, i:0))
2022-01-20 14:18:33,568 [grpc-default-executor-3] INFO  impl.VoteContext (VoteContext.java:log(48)) - c842222a-b1c3-47cd-9e78-3481338af40d@group-477B38A169A7-FOLLOWER: reject ELECTION from 974883c6-3444-443e-b406-2e7f57ab6e46: already has voted for c842222a-b1c3-47cd-9e78-3481338af40d at current term 3
2022-01-20 14:18:33,568 [grpc-default-executor-3] INFO  server.RaftServer$Division (RaftServerImpl.java:requestVote(1078)) - c842222a-b1c3-47cd-9e78-3481338af40d@group-477B38A169A7 replies to ELECTION vote request: 974883c6-3444-443e-b406-2e7f57ab6e46<-c842222a-b1c3-47cd-9e78-3481338af40d#0:FAIL-t3. Peer's state: c842222a-b1c3-47cd-9e78-3481338af40d@group-477B38A169A7:t3, leader=null, voted=c842222a-b1c3-47cd-9e78-3481338af40d, raftlog=c842222a-b1c3-47cd-9e78-3481338af40d@group-477B38A169A7-SegmentedRaftLog:OPENED:c-1, conf=-1: [c842222a-b1c3-47cd-9e78-3481338af40d|rpc:10.1.0.33:44871|dataStream:|priority:0, 8543d24f-bec7-4768-944c-282c8ff9c745|rpc:10.1.0.33:34369|dataStream:|priority:0, 974883c6-3444-443e-b406-2e7f57ab6e46|rpc:10.1.0.33:43877|dataStream:|priority:1], old=null
2022-01-20 14:18:33,609 [grpc-default-executor-3] INFO  server.RaftServer$Division (RaftServerImpl.java:requestVote(1046)) - 8543d24f-bec7-4768-944c-282c8ff9c745@group-477B38A169A7: receive requestVote(ELECTION, 974883c6-3444-443e-b406-2e7f57ab6e46, group-477B38A169A7, 3, (t:0, i:0))
2022-01-20 14:18:33,609 [grpc-default-executor-3] INFO  impl.VoteContext (VoteContext.java:log(48)) - 8543d24f-bec7-4768-944c-282c8ff9c745@group-477B38A169A7-FOLLOWER: reject ELECTION from 974883c6-3444-443e-b406-2e7f57ab6e46: already has voted for c842222a-b1c3-47cd-9e78-3481338af40d at current term 3
2022-01-20 14:18:33,609 [grpc-default-executor-3] INFO  server.RaftServer$Division (RaftServerImpl.java:requestVote(1078)) - 8543d24f-bec7-4768-944c-282c8ff9c745@group-477B38A169A7 replies to ELECTION vote request: 974883c6-3444-443e-b406-2e7f57ab6e46<-8543d24f-bec7-4768-944c-282c8ff9c745#0:FAIL-t3. Peer's state: 8543d24f-bec7-4768-944c-282c8ff9c745@group-477B38A169A7:t3, leader=null, voted=c842222a-b1c3-47cd-9e78-3481338af40d, raftlog=8543d24f-bec7-4768-944c-282c8ff9c745@group-477B38A169A7-SegmentedRaftLog:OPENED:c-1, conf=-1: [c842222a-b1c3-47cd-9e78-3481338af40d|rpc:10.1.0.33:44871|priority:0, 8543d24f-bec7-4768-944c-282c8ff9c745|rpc:10.1.0.33:34369|priority:0, 974883c6-3444-443e-b406-2e7f57ab6e46|rpc:10.1.0.33:43877|priority:1], old=null
2022-01-20 14:18:33,627 [974883c6-3444-443e-b406-2e7f57ab6e46@group-477B38A169A7-LeaderElection65] INFO  impl.LeaderElection (LeaderElection.java:logAndReturn(89)) - 974883c6-3444-443e-b406-2e7f57ab6e46@group-477B38A169A7-LeaderElection65: ELECTION REJECTED received 2 response(s) and 0 exception(s):
2022-01-20 14:18:33,627 [974883c6-3444-443e-b406-2e7f57ab6e46@group-477B38A169A7-LeaderElection65] INFO  impl.LeaderElection (LeaderElection.java:logAndReturn(93)) -   Response 0: 974883c6-3444-443e-b406-2e7f57ab6e46<-c842222a-b1c3-47cd-9e78-3481338af40d#0:FAIL-t3
2022-01-20 14:18:33,627 [974883c6-3444-443e-b406-2e7f57ab6e46@group-477B38A169A7-LeaderElection65] INFO  impl.LeaderElection (LeaderElection.java:logAndReturn(93)) -   Response 1: 974883c6-3444-443e-b406-2e7f57ab6e46<-8543d24f-bec7-4768-944c-282c8ff9c745#0:FAIL-t3
2022-01-20 14:18:33,627 [974883c6-3444-443e-b406-2e7f57ab6e46@group-477B38A169A7-LeaderElection65] INFO  impl.LeaderElection (LeaderElection.java:askForVotes(308)) - 974883c6-3444-443e-b406-2e7f57ab6e46@group-477B38A169A7-LeaderElection65 ELECTION round 0: result REJECTED
2022-01-20 14:18:33,627 [974883c6-3444-443e-b406-2e7f57ab6e46@group-477B38A169A7-LeaderElection65] INFO  server.RaftServer$Division (RaftServerImpl.java:setRole(290)) - 974883c6-3444-443e-b406-2e7f57ab6e46@group-477B38A169A7: changes role from CANDIDATE to FOLLOWER at term 3 for REJECTED
2022-01-20 14:18:33,627 [974883c6-3444-443e-b406-2e7f57ab6e46@group-477B38A169A7-LeaderElection65] INFO  impl.RoleInfo (RoleInfo.java:shutdownLeaderElection(121)) - 974883c6-3444-443e-b406-2e7f57ab6e46: shutdown 974883c6-3444-443e-b406-2e7f57ab6e46@group-477B38A169A7-LeaderElection65
2022-01-20 14:18:33,627 [974883c6-3444-443e-b406-2e7f57ab6e46@group-477B38A169A7-LeaderElection65] INFO  impl.RoleInfo (RoleInfo.java:updateAndGet(130)) - 974883c6-3444-443e-b406-2e7f57ab6e46: start 974883c6-3444-443e-b406-2e7f57ab6e46@group-477B38A169A7-FollowerState
2022-01-20 14:18:38,635 [c842222a-b1c3-47cd-9e78-3481338af40d@group-477B38A169A7-FollowerState] INFO  impl.FollowerState (FollowerState.java:run(134)) - c842222a-b1c3-47cd-9e78-3481338af40d@group-477B38A169A7-FollowerState: change to CANDIDATE, lastRpcElapsedTime:5081534265ns, electionTimeout:5070ms
2022-01-20 14:18:38,635 [c842222a-b1c3-47cd-9e78-3481338af40d@group-477B38A169A7-FollowerState] INFO  impl.RoleInfo (RoleInfo.java:shutdownFollowerState(108)) - c842222a-b1c3-47cd-9e78-3481338af40d: shutdown c842222a-b1c3-47cd-9e78-3481338af40d@group-477B38A169A7-FollowerState
2022-01-20 14:18:38,635 [c842222a-b1c3-47cd-9e78-3481338af40d@group-477B38A169A7-FollowerState] INFO  server.RaftServer$Division (RaftServerImpl.java:setRole(290)) - c842222a-b1c3-47cd-9e78-3481338af40d@group-477B38A169A7: changes role from  FOLLOWER to CANDIDATE at term 3 for changeToCandidate
2022-01-20 14:18:38,635 [c842222a-b1c3-47cd-9e78-3481338af40d@group-477B38A169A7-FollowerState] INFO  server.RaftServerConfigKeys (ConfUtils.java:logGet(44)) - raft.server.leaderelection.pre-vote = false (custom)
2022-01-20 14:18:38,635 [c842222a-b1c3-47cd-9e78-3481338af40d@group-477B38A169A7-FollowerState] INFO  impl.RoleInfo (RoleInfo.java:updateAndGet(130)) - c842222a-b1c3-47cd-9e78-3481338af40d: start c842222a-b1c3-47cd-9e78-3481338af40d@group-477B38A169A7-LeaderElection66
2022-01-20 14:18:38,639 [8543d24f-bec7-4768-944c-282c8ff9c745@group-477B38A169A7-FollowerState] INFO  impl.FollowerState (FollowerState.java:run(134)) - 8543d24f-bec7-4768-944c-282c8ff9c745@group-477B38A169A7-FollowerState: change to CANDIDATE, lastRpcElapsedTime:5144418645ns, electionTimeout:5114ms
2022-01-20 14:18:38,639 [8543d24f-bec7-4768-944c-282c8ff9c745@group-477B38A169A7-FollowerState] INFO  impl.RoleInfo (RoleInfo.java:shutdownFollowerState(108)) - 8543d24f-bec7-4768-944c-282c8ff9c745: shutdown 8543d24f-bec7-4768-944c-282c8ff9c745@group-477B38A169A7-FollowerState
2022-01-20 14:18:38,639 [8543d24f-bec7-4768-944c-282c8ff9c745@group-477B38A169A7-FollowerState] INFO  server.RaftServer$Division (RaftServerImpl.java:setRole(290)) - 8543d24f-bec7-4768-944c-282c8ff9c745@group-477B38A169A7: changes role from  FOLLOWER to CANDIDATE at term 3 for changeToCandidate
2022-01-20 14:18:38,639 [8543d24f-bec7-4768-944c-282c8ff9c745@group-477B38A169A7-FollowerState] INFO  server.RaftServerConfigKeys (ConfUtils.java:logGet(44)) - raft.server.leaderelection.pre-vote = false (custom)
2022-01-20 14:18:38,639 [8543d24f-bec7-4768-944c-282c8ff9c745@group-477B38A169A7-FollowerState] INFO  impl.RoleInfo (RoleInfo.java:updateAndGet(130)) - 8543d24f-bec7-4768-944c-282c8ff9c745: start 8543d24f-bec7-4768-944c-282c8ff9c745@group-477B38A169A7-LeaderElection67
2022-01-20 14:18:38,660 [c842222a-b1c3-47cd-9e78-3481338af40d@group-477B38A169A7-LeaderElection66] INFO  impl.LeaderElection (LeaderElection.java:askForVotes(306)) - c842222a-b1c3-47cd-9e78-3481338af40d@group-477B38A169A7-LeaderElection66 ELECTION round 0: submit vote requests at term 4 for -1: [c842222a-b1c3-47cd-9e78-3481338af40d|rpc:10.1.0.33:44871|dataStream:|priority:0, 8543d24f-bec7-4768-944c-282c8ff9c745|rpc:10.1.0.33:34369|dataStream:|priority:0, 974883c6-3444-443e-b406-2e7f57ab6e46|rpc:10.1.0.33:43877|dataStream:|priority:1], old=null
2022-01-20 14:18:38,668 [8543d24f-bec7-4768-944c-282c8ff9c745@group-477B38A169A7-LeaderElection67] INFO  impl.LeaderElection (LeaderElection.java:askForVotes(306)) - 8543d24f-bec7-4768-944c-282c8ff9c745@group-477B38A169A7-LeaderElection67 ELECTION round 0: submit vote requests at term 4 for -1: [c842222a-b1c3-47cd-9e78-3481338af40d|rpc:10.1.0.33:44871|priority:0, 8543d24f-bec7-4768-944c-282c8ff9c745|rpc:10.1.0.33:34369|priority:0, 974883c6-3444-443e-b406-2e7f57ab6e46|rpc:10.1.0.33:43877|priority:1], old=null
2022-01-20 14:18:38,714 [grpc-default-executor-3] INFO  server.RaftServer$Division (RaftServerImpl.java:requestVote(1046)) - 8543d24f-bec7-4768-944c-282c8ff9c745@group-477B38A169A7: receive requestVote(ELECTION, c842222a-b1c3-47cd-9e78-3481338af40d, group-477B38A169A7, 4, (t:0, i:0))
2022-01-20 14:18:38,714 [grpc-default-executor-3] INFO  impl.VoteContext (VoteContext.java:log(48)) - 8543d24f-bec7-4768-944c-282c8ff9c745@group-477B38A169A7-CANDIDATE: reject ELECTION from c842222a-b1c3-47cd-9e78-3481338af40d: already has voted for 8543d24f-bec7-4768-944c-282c8ff9c745 at current term 4
2022-01-20 14:18:38,714 [grpc-default-executor-3] INFO  server.RaftServer$Division (RaftServerImpl.java:requestVote(1078)) - 8543d24f-bec7-4768-944c-282c8ff9c745@group-477B38A169A7 replies to ELECTION vote request: c842222a-b1c3-47cd-9e78-3481338af40d<-8543d24f-bec7-4768-944c-282c8ff9c745#0:FAIL-t4. Peer's state: 8543d24f-bec7-4768-944c-282c8ff9c745@group-477B38A169A7:t4, leader=null, voted=8543d24f-bec7-4768-944c-282c8ff9c745, raftlog=8543d24f-bec7-4768-944c-282c8ff9c745@group-477B38A169A7-SegmentedRaftLog:OPENED:c-1, conf=-1: [c842222a-b1c3-47cd-9e78-3481338af40d|rpc:10.1.0.33:44871|priority:0, 8543d24f-bec7-4768-944c-282c8ff9c745|rpc:10.1.0.33:34369|priority:0, 974883c6-3444-443e-b406-2e7f57ab6e46|rpc:10.1.0.33:43877|priority:1], old=null
2022-01-20 14:18:38,715 [grpc-default-executor-2] INFO  server.RaftServer$Division (RaftServerImpl.java:requestVote(1046)) - 974883c6-3444-443e-b406-2e7f57ab6e46@group-477B38A169A7: receive requestVote(ELECTION, c842222a-b1c3-47cd-9e78-3481338af40d, group-477B38A169A7, 4, (t:0, i:0))
2022-01-20 14:18:38,715 [grpc-default-executor-2] INFO  impl.VoteContext (VoteContext.java:log(48)) - 974883c6-3444-443e-b406-2e7f57ab6e46@group-477B38A169A7-FOLLOWER: reject ELECTION from c842222a-b1c3-47cd-9e78-3481338af40d: our priority 1 > candidate's priority 0
2022-01-20 14:18:38,715 [grpc-default-executor-2] INFO  server.RaftServer$Division (RaftServerImpl.java:setRole(290)) - 974883c6-3444-443e-b406-2e7f57ab6e46@group-477B38A169A7: changes role from  FOLLOWER to FOLLOWER at term 4 for candidate:c842222a-b1c3-47cd-9e78-3481338af40d
2022-01-20 14:18:38,715 [grpc-default-executor-2] INFO  impl.RoleInfo (RoleInfo.java:shutdownFollowerState(108)) - 974883c6-3444-443e-b406-2e7f57ab6e46: shutdown 974883c6-3444-443e-b406-2e7f57ab6e46@group-477B38A169A7-FollowerState
2022-01-20 14:18:38,715 [grpc-default-executor-2] INFO  impl.RoleInfo (RoleInfo.java:updateAndGet(130)) - 974883c6-3444-443e-b406-2e7f57ab6e46: start 974883c6-3444-443e-b406-2e7f57ab6e46@group-477B38A169A7-FollowerState
2022-01-20 14:18:38,715 [974883c6-3444-443e-b406-2e7f57ab6e46@group-477B38A169A7-FollowerState] INFO  impl.FollowerState (FollowerState.java:run(143)) - 974883c6-3444-443e-b406-2e7f57ab6e46@group-477B38A169A7-FollowerState was interrupted: {}
java.lang.InterruptedException: sleep interrupted
	at java.lang.Thread.sleep(Native Method)
	at java.lang.Thread.sleep(Thread.java:340)
	at java.util.concurrent.TimeUnit.sleep(TimeUnit.java:386)
	at org.apache.ratis.util.TimeDuration.sleep(TimeDuration.java:324)
	at org.apache.ratis.util.TimeDuration.sleep(TimeDuration.java:309)
	at org.apache.ratis.server.impl.FollowerState.run(FollowerState.java:118)
2022-01-20 14:18:38,716 [grpc-default-executor-1] INFO  server.RaftServer$Division (RaftServerImpl.java:requestVote(1046)) - c842222a-b1c3-47cd-9e78-3481338af40d@group-477B38A169A7: receive requestVote(ELECTION, 8543d24f-bec7-4768-944c-282c8ff9c745, group-477B38A169A7, 4, (t:0, i:0))
2022-01-20 14:18:38,716 [grpc-default-executor-1] INFO  impl.VoteContext (VoteContext.java:log(48)) - c842222a-b1c3-47cd-9e78-3481338af40d@group-477B38A169A7-CANDIDATE: reject ELECTION from 8543d24f-bec7-4768-944c-282c8ff9c745: already has voted for c842222a-b1c3-47cd-9e78-3481338af40d at current term 4
2022-01-20 14:18:38,716 [grpc-default-executor-1] INFO  server.RaftServer$Division (RaftServerImpl.java:requestVote(1078)) - c842222a-b1c3-47cd-9e78-3481338af40d@group-477B38A169A7 replies to ELECTION vote request: 8543d24f-bec7-4768-944c-282c8ff9c745<-c842222a-b1c3-47cd-9e78-3481338af40d#0:FAIL-t4. Peer's state: c842222a-b1c3-47cd-9e78-3481338af40d@group-477B38A169A7:t4, leader=null, voted=c842222a-b1c3-47cd-9e78-3481338af40d, raftlog=c842222a-b1c3-47cd-9e78-3481338af40d@group-477B38A169A7-SegmentedRaftLog:OPENED:c-1, conf=-1: [c842222a-b1c3-47cd-9e78-3481338af40d|rpc:10.1.0.33:44871|dataStream:|priority:0, 8543d24f-bec7-4768-944c-282c8ff9c745|rpc:10.1.0.33:34369|dataStream:|priority:0, 974883c6-3444-443e-b406-2e7f57ab6e46|rpc:10.1.0.33:43877|dataStream:|priority:1], old=null
2022-01-20 14:18:38,719 [grpc-default-executor-2] INFO  server.RaftServer$Division (RaftServerImpl.java:requestVote(1078)) - 974883c6-3444-443e-b406-2e7f57ab6e46@group-477B38A169A7 replies to ELECTION vote request: c842222a-b1c3-47cd-9e78-3481338af40d<-974883c6-3444-443e-b406-2e7f57ab6e46#0:FAIL-t4. Peer's state: 974883c6-3444-443e-b406-2e7f57ab6e46@group-477B38A169A7:t4, leader=null, voted=null, raftlog=974883c6-3444-443e-b406-2e7f57ab6e46@group-477B38A169A7-SegmentedRaftLog:OPENED:c-1, conf=-1: [c842222a-b1c3-47cd-9e78-3481338af40d|rpc:10.1.0.33:44871|dataStream:|priority:0, 8543d24f-bec7-4768-944c-282c8ff9c745|rpc:10.1.0.33:34369|dataStream:|priority:0, 974883c6-3444-443e-b406-2e7f57ab6e46|rpc:10.1.0.33:43877|dataStream:|priority:1], old=null
2022-01-20 14:18:38,734 [c842222a-b1c3-47cd-9e78-3481338af40d@group-477B38A169A7-LeaderElection66] INFO  impl.LeaderElection (LeaderElection.java:logAndReturn(89)) - c842222a-b1c3-47cd-9e78-3481338af40d@group-477B38A169A7-LeaderElection66: ELECTION REJECTED received 1 response(s) and 0 exception(s):
2022-01-20 14:18:38,734 [c842222a-b1c3-47cd-9e78-3481338af40d@group-477B38A169A7-LeaderElection66] INFO  impl.LeaderElection (LeaderElection.java:logAndReturn(93)) -   Response 0: c842222a-b1c3-47cd-9e78-3481338af40d<-974883c6-3444-443e-b406-2e7f57ab6e46#0:FAIL-t4
2022-01-20 14:18:38,734 [c842222a-b1c3-47cd-9e78-3481338af40d@group-477B38A169A7-LeaderElection66] INFO  impl.LeaderElection (LeaderElection.java:askForVotes(308)) - c842222a-b1c3-47cd-9e78-3481338af40d@group-477B38A169A7-LeaderElection66 ELECTION round 0: result REJECTED
2022-01-20 14:18:38,734 [c842222a-b1c3-47cd-9e78-3481338af40d@group-477B38A169A7-LeaderElection66] INFO  server.RaftServer$Division (RaftServerImpl.java:setRole(290)) - c842222a-b1c3-47cd-9e78-3481338af40d@group-477B38A169A7: changes role from CANDIDATE to FOLLOWER at term 4 for REJECTED
2022-01-20 14:18:38,734 [c842222a-b1c3-47cd-9e78-3481338af40d@group-477B38A169A7-LeaderElection66] INFO  impl.RoleInfo (RoleInfo.java:shutdownLeaderElection(121)) - c842222a-b1c3-47cd-9e78-3481338af40d: shutdown c842222a-b1c3-47cd-9e78-3481338af40d@group-477B38A169A7-LeaderElection66
2022-01-20 14:18:38,734 [c842222a-b1c3-47cd-9e78-3481338af40d@group-477B38A169A7-LeaderElection66] INFO  impl.RoleInfo (RoleInfo.java:updateAndGet(130)) - c842222a-b1c3-47cd-9e78-3481338af40d: start c842222a-b1c3-47cd-9e78-3481338af40d@group-477B38A169A7-FollowerState
2022-01-20 14:18:38,738 [grpc-default-executor-2] INFO  server.RaftServer$Division (RaftServerImpl.java:requestVote(1046)) - 974883c6-3444-443e-b406-2e7f57ab6e46@group-477B38A169A7: receive requestVote(ELECTION, 8543d24f-bec7-4768-944c-282c8ff9c745, group-477B38A169A7, 4, (t:0, i:0))
2022-01-20 14:18:38,739 [grpc-default-executor-2] INFO  impl.VoteContext (VoteContext.java:log(48)) - 974883c6-3444-443e-b406-2e7f57ab6e46@group-477B38A169A7-FOLLOWER: reject ELECTION from 8543d24f-bec7-4768-944c-282c8ff9c745: our priority 1 > candidate's priority 0
2022-01-20 14:18:38,739 [grpc-default-executor-2] INFO  server.RaftServer$Division (RaftServerImpl.java:setRole(290)) - 974883c6-3444-443e-b406-2e7f57ab6e46@group-477B38A169A7: changes role from  FOLLOWER to FOLLOWER at term 4 for candidate:8543d24f-bec7-4768-944c-282c8ff9c745
2022-01-20 14:18:38,739 [grpc-default-executor-2] INFO  impl.RoleInfo (RoleInfo.java:shutdownFollowerState(108)) - 974883c6-3444-443e-b406-2e7f57ab6e46: shutdown 974883c6-3444-443e-b406-2e7f57ab6e46@group-477B38A169A7-FollowerState
2022-01-20 14:18:38,739 [grpc-default-executor-2] INFO  impl.RoleInfo (RoleInfo.java:updateAndGet(130)) - 974883c6-3444-443e-b406-2e7f57ab6e46: start 974883c6-3444-443e-b406-2e7f57ab6e46@group-477B38A169A7-FollowerState
2022-01-20 14:18:38,748 [grpc-default-executor-2] INFO  server.RaftServer$Division (RaftServerImpl.java:requestVote(1078)) - 974883c6-3444-443e-b406-2e7f57ab6e46@group-477B38A169A7 replies to ELECTION vote request: 8543d24f-bec7-4768-944c-282c8ff9c745<-974883c6-3444-443e-b406-2e7f57ab6e46#0:FAIL-t4. Peer's state: 974883c6-3444-443e-b406-2e7f57ab6e46@group-477B38A169A7:t4, leader=null, voted=null, raftlog=974883c6-3444-443e-b406-2e7f57ab6e46@group-477B38A169A7-SegmentedRaftLog:OPENED:c-1, conf=-1: [c842222a-b1c3-47cd-9e78-3481338af40d|rpc:10.1.0.33:44871|dataStream:|priority:0, 8543d24f-bec7-4768-944c-282c8ff9c745|rpc:10.1.0.33:34369|dataStream:|priority:0, 974883c6-3444-443e-b406-2e7f57ab6e46|rpc:10.1.0.33:43877|dataStream:|priority:1], old=null
2022-01-20 14:18:38,749 [8543d24f-bec7-4768-944c-282c8ff9c745@group-477B38A169A7-LeaderElection67] INFO  impl.LeaderElection (LeaderElection.java:logAndReturn(89)) - 8543d24f-bec7-4768-944c-282c8ff9c745@group-477B38A169A7-LeaderElection67: ELECTION REJECTED received 2 response(s) and 0 exception(s):
2022-01-20 14:18:38,749 [8543d24f-bec7-4768-944c-282c8ff9c745@group-477B38A169A7-LeaderElection67] INFO  impl.LeaderElection (LeaderElection.java:logAndReturn(93)) -   Response 0: 8543d24f-bec7-4768-944c-282c8ff9c745<-c842222a-b1c3-47cd-9e78-3481338af40d#0:FAIL-t4
2022-01-20 14:18:38,749 [8543d24f-bec7-4768-944c-282c8ff9c745@group-477B38A169A7-LeaderElection67] INFO  impl.LeaderElection (LeaderElection.java:logAndReturn(93)) -   Response 1: 8543d24f-bec7-4768-944c-282c8ff9c745<-974883c6-3444-443e-b406-2e7f57ab6e46#0:FAIL-t4
2022-01-20 14:18:38,749 [8543d24f-bec7-4768-944c-282c8ff9c745@group-477B38A169A7-LeaderElection67] INFO  impl.LeaderElection (LeaderElection.java:askForVotes(308)) - 8543d24f-bec7-4768-944c-282c8ff9c745@group-477B38A169A7-LeaderElection67 ELECTION round 0: result REJECTED
2022-01-20 14:18:38,749 [8543d24f-bec7-4768-944c-282c8ff9c745@group-477B38A169A7-LeaderElection67] INFO  server.RaftServer$Division (RaftServerImpl.java:setRole(290)) - 8543d24f-bec7-4768-944c-282c8ff9c745@group-477B38A169A7: changes role from CANDIDATE to FOLLOWER at term 4 for REJECTED
2022-01-20 14:18:38,749 [8543d24f-bec7-4768-944c-282c8ff9c745@group-477B38A169A7-LeaderElection67] INFO  impl.RoleInfo (RoleInfo.java:shutdownLeaderElection(121)) - 8543d24f-bec7-4768-944c-282c8ff9c745: shutdown 8543d24f-bec7-4768-944c-282c8ff9c745@group-477B38A169A7-LeaderElection67
2022-01-20 14:18:38,749 [8543d24f-bec7-4768-944c-282c8ff9c745@group-477B38A169A7-LeaderElection67] INFO  impl.RoleInfo (RoleInfo.java:updateAndGet(130)) - 8543d24f-bec7-4768-944c-282c8ff9c745: start 8543d24f-bec7-4768-944c-282c8ff9c745@group-477B38A169A7-FollowerState
2022-01-20 14:18:42,288 [Listener at 127.0.0.1/36805] INFO  ozone.MiniOzoneClusterImpl (MiniOzoneClusterImpl.java:shutdown(437)) - Shutting down the Mini Ozone Cluster
2022-01-20 14:18:42,289 [Listener at 127.0.0.1/36805] INFO  ozone.MiniOzoneClusterImpl (MiniOzoneClusterImpl.java:stop(452)) - Stopping the Mini Ozone Cluster
2022-01-20 14:18:42,289 [Listener at 127.0.0.1/36805] INFO  ozone.MiniOzoneClusterImpl (MiniOzoneClusterImpl.java:stopOM(534)) - Stopping the OzoneManager
2022-01-20 14:18:42,289 [Listener at 127.0.0.1/36805] INFO  om.OzoneManager (OzoneManager.java:stop(1893)) - om1[localhost:0]: Stopping Ozone Manager
2022-01-20 14:18:42,289 [Listener at 127.0.0.1/36805] INFO  ipc.Server (Server.java:stop(3414)) - Stopping server on 36805
2022-01-20 14:18:42,321 [IPC Server Responder] INFO  ipc.Server (Server.java:run(1512)) - Stopping IPC Server Responder
2022-01-20 14:18:42,321 [IPC Server listener on 0] INFO  ipc.Server (Server.java:run(1376)) - Stopping IPC Server listener on 0
2022-01-20 14:18:42,321 [Listener at 127.0.0.1/36805] INFO  server.RaftServer (RaftServerProxy.java:lambda$close$6(391)) - om1: close
2022-01-20 14:18:42,322 [Listener at 127.0.0.1/36805] INFO  server.RaftServer$Division (RaftServerImpl.java:lambda$close$4(412)) - om1@group-C5BA1605619E: shutdown
2022-01-20 14:18:42,322 [Listener at 127.0.0.1/36805] INFO  util.JmxRegister (JmxRegister.java:unregister(73)) - Successfully un-registered JMX Bean with object name Ratis:service=RaftServer,group=group-C5BA1605619E,id=om1
2022-01-20 14:18:42,322 [Listener at 127.0.0.1/36805] INFO  impl.RoleInfo (RoleInfo.java:shutdownLeaderState(91)) - om1: shutdown om1@group-C5BA1605619E-LeaderStateImpl
2022-01-20 14:18:42,322 [Listener at 127.0.0.1/36805] INFO  impl.PendingRequests (PendingRequests.java:sendNotLeaderResponses(282)) - om1@group-C5BA1605619E-PendingRequests: sendNotLeaderResponses
2022-01-20 14:18:42,326 [Listener at 127.0.0.1/36805] INFO  impl.StateMachineUpdater (StateMachineUpdater.java:stopAndJoin(149)) - om1@group-C5BA1605619E-StateMachineUpdater: set stopIndex = 4
2022-01-20 14:18:42,327 [om1@group-C5BA1605619E-StateMachineUpdater] INFO  ratis.OzoneManagerStateMachine (OzoneManagerStateMachine.java:takeSnapshot(417)) - Current Snapshot Index (t:1, i:4)
2022-01-20 14:18:42,327 [om1@group-C5BA1605619E-StateMachineUpdater] INFO  impl.StateMachineUpdater (StateMachineUpdater.java:takeSnapshot(281)) - om1@group-C5BA1605619E-StateMachineUpdater: Took a snapshot at index 4
2022-01-20 14:18:42,327 [om1@group-C5BA1605619E-StateMachineUpdater] INFO  impl.StateMachineUpdater (StateMachineUpdater.java:lambda$new$0(89)) - om1@group-C5BA1605619E-StateMachineUpdater: snapshotIndex: updateIncreasingly -1 -> 4
2022-01-20 14:18:42,327 [om1@group-C5BA1605619E-StateMachineUpdater] INFO  ratis.OzoneManagerStateMachine (OzoneManagerStateMachine.java:close(471)) - StateMachine has shutdown. Shutdown OzoneManager if not already shutdown.
2022-01-20 14:18:42,337 [Listener at 127.0.0.1/36805] INFO  server.RaftServer$Division (ServerState.java:close(419)) - om1@group-C5BA1605619E: closes. applyIndex: 4
2022-01-20 14:18:42,337 [om1@group-C5BA1605619E-SegmentedRaftLogWorker] INFO  segmented.SegmentedRaftLogWorker (SegmentedRaftLogWorker.java:run(327)) - om1@group-C5BA1605619E-SegmentedRaftLogWorker was interrupted, exiting. There are 0 tasks remaining in the queue.
2022-01-20 14:18:42,360 [Listener at 127.0.0.1/36805] INFO  segmented.SegmentedRaftLogWorker (SegmentedRaftLogWorker.java:close(237)) - om1@group-C5BA1605619E-SegmentedRaftLogWorker close()
2022-01-20 14:18:42,371 [Listener at 127.0.0.1/36805] INFO  server.GrpcService (GrpcService.java:closeImpl(262)) - om1: shutdown server with port 9872 now
2022-01-20 14:18:42,376 [Listener at 127.0.0.1/36805] INFO  server.GrpcService (GrpcService.java:closeImpl(271)) - om1: shutdown server with port 9872 successfully
2022-01-20 14:18:42,377 [org.apache.ratis.util.JvmPauseMonitor$$Lambda$431/385784873@4c6e3674] INFO  util.JvmPauseMonitor (JvmPauseMonitor.java:run(109)) - JvmPauseMonitor-om1: Stopped
2022-01-20 14:18:42,377 [Listener at 127.0.0.1/36805] INFO  ratis.OzoneManagerDoubleBuffer (OzoneManagerDoubleBuffer.java:stop(437)) - Stopping OMDoubleBuffer flush thread
2022-01-20 14:18:42,377 [OMDoubleBufferFlushThread] INFO  ratis.OzoneManagerDoubleBuffer (OzoneManagerDoubleBuffer.java:flushTransactions(356)) - OMDoubleBuffer flush thread OMDoubleBufferFlushThread is interrupted and will exit. OMDoubleBufferFlushThread
2022-01-20 14:18:42,392 [Listener at 127.0.0.1/36805] INFO  utils.BackgroundService (BackgroundService.java:shutdown(132)) - Shutting down service KeyDeletingService
2022-01-20 14:18:42,393 [Listener at 127.0.0.1/36805] INFO  utils.BackgroundService (BackgroundService.java:shutdown(132)) - Shutting down service DirectoryDeletingService
2022-01-20 14:18:42,394 [Listener at 127.0.0.1/36805] INFO  handler.ContextHandler (ContextHandler.java:doStop(1153)) - Stopped o.e.j.w.WebAppContext@6e868b0d{ozoneManager,/,null,STOPPED}{file:/home/runner/work/ozone/ozone/hadoop-ozone/integration-test/target/test-classes/webapps/ozoneManager}
2022-01-20 14:18:42,394 [Listener at 127.0.0.1/36805] INFO  server.AbstractConnector (AbstractConnector.java:doStop(381)) - Stopped ServerConnector@3a35fbda{HTTP/1.1, (http/1.1)}{0.0.0.0:0}
2022-01-20 14:18:42,395 [Listener at 127.0.0.1/36805] INFO  server.session (HouseKeeper.java:stopScavenging(149)) - node0 Stopped scavenging
2022-01-20 14:18:42,395 [Listener at 127.0.0.1/36805] INFO  handler.ContextHandler (ContextHandler.java:doStop(1153)) - Stopped o.e.j.s.ServletContextHandler@39d25ac2{static,/static,file:///home/runner/work/ozone/ozone/hadoop-ozone/integration-test/target/test-classes/webapps/static,STOPPED}
2022-01-20 14:18:42,395 [Listener at 127.0.0.1/36805] INFO  handler.ContextHandler (ContextHandler.java:doStop(1153)) - Stopped o.e.j.s.ServletContextHandler@65f59c41{logs,/logs,file:///home/runner/work/ozone/ozone/hadoop-ozone/integration-test/target/log,STOPPED}
2022-01-20 14:18:42,409 [Listener at 127.0.0.1/36805] INFO  ozone.MiniOzoneClusterImpl (MiniOzoneClusterImpl.java:stopDatanodes(511)) - Stopping the HddsDatanodes
2022-01-20 14:18:43,835 [c842222a-b1c3-47cd-9e78-3481338af40d@group-477B38A169A7-FollowerState] INFO  impl.FollowerState (FollowerState.java:run(134)) - c842222a-b1c3-47cd-9e78-3481338af40d@group-477B38A169A7-FollowerState: change to CANDIDATE, lastRpcElapsedTime:5101330300ns, electionTimeout:5082ms
2022-01-20 14:18:43,835 [c842222a-b1c3-47cd-9e78-3481338af40d@group-477B38A169A7-FollowerState] INFO  impl.RoleInfo (RoleInfo.java:shutdownFollowerState(108)) - c842222a-b1c3-47cd-9e78-3481338af40d: shutdown c842222a-b1c3-47cd-9e78-3481338af40d@group-477B38A169A7-FollowerState
2022-01-20 14:18:43,836 [c842222a-b1c3-47cd-9e78-3481338af40d@group-477B38A169A7-FollowerState] INFO  server.RaftServer$Division (RaftServerImpl.java:setRole(290)) - c842222a-b1c3-47cd-9e78-3481338af40d@group-477B38A169A7: changes role from  FOLLOWER to CANDIDATE at term 4 for changeToCandidate
2022-01-20 14:18:43,836 [c842222a-b1c3-47cd-9e78-3481338af40d@group-477B38A169A7-FollowerState] INFO  server.RaftServerConfigKeys (ConfUtils.java:logGet(44)) - raft.server.leaderelection.pre-vote = false (custom)
2022-01-20 14:18:43,836 [c842222a-b1c3-47cd-9e78-3481338af40d@group-477B38A169A7-FollowerState] INFO  impl.RoleInfo (RoleInfo.java:updateAndGet(130)) - c842222a-b1c3-47cd-9e78-3481338af40d: start c842222a-b1c3-47cd-9e78-3481338af40d@group-477B38A169A7-LeaderElection68
2022-01-20 14:18:43,850 [8543d24f-bec7-4768-944c-282c8ff9c745@group-477B38A169A7-FollowerState] INFO  impl.FollowerState (FollowerState.java:run(134)) - 8543d24f-bec7-4768-944c-282c8ff9c745@group-477B38A169A7-FollowerState: change to CANDIDATE, lastRpcElapsedTime:5100944997ns, electionTimeout:5092ms
2022-01-20 14:18:43,851 [8543d24f-bec7-4768-944c-282c8ff9c745@group-477B38A169A7-FollowerState] INFO  impl.RoleInfo (RoleInfo.java:shutdownFollowerState(108)) - 8543d24f-bec7-4768-944c-282c8ff9c745: shutdown 8543d24f-bec7-4768-944c-282c8ff9c745@group-477B38A169A7-FollowerState
2022-01-20 14:18:43,851 [8543d24f-bec7-4768-944c-282c8ff9c745@group-477B38A169A7-FollowerState] INFO  server.RaftServer$Division (RaftServerImpl.java:setRole(290)) - 8543d24f-bec7-4768-944c-282c8ff9c745@group-477B38A169A7: changes role from  FOLLOWER to CANDIDATE at term 4 for changeToCandidate
2022-01-20 14:18:43,851 [8543d24f-bec7-4768-944c-282c8ff9c745@group-477B38A169A7-FollowerState] INFO  server.RaftServerConfigKeys (ConfUtils.java:logGet(44)) - raft.server.leaderelection.pre-vote = false (custom)
2022-01-20 14:18:43,851 [8543d24f-bec7-4768-944c-282c8ff9c745@group-477B38A169A7-FollowerState] INFO  impl.RoleInfo (RoleInfo.java:updateAndGet(130)) - 8543d24f-bec7-4768-944c-282c8ff9c745: start 8543d24f-bec7-4768-944c-282c8ff9c745@group-477B38A169A7-LeaderElection69
2022-01-20 14:18:43,873 [c842222a-b1c3-47cd-9e78-3481338af40d@group-477B38A169A7-LeaderElection68] INFO  impl.LeaderElection (LeaderElection.java:askForVotes(306)) - c842222a-b1c3-47cd-9e78-3481338af40d@group-477B38A169A7-LeaderElection68 ELECTION round 0: submit vote requests at term 5 for -1: [c842222a-b1c3-47cd-9e78-3481338af40d|rpc:10.1.0.33:44871|dataStream:|priority:0, 8543d24f-bec7-4768-944c-282c8ff9c745|rpc:10.1.0.33:34369|dataStream:|priority:0, 974883c6-3444-443e-b406-2e7f57ab6e46|rpc:10.1.0.33:43877|dataStream:|priority:1], old=null
2022-01-20 14:18:43,885 [8543d24f-bec7-4768-944c-282c8ff9c745@group-477B38A169A7-LeaderElection69] INFO  impl.LeaderElection (LeaderElection.java:askForVotes(306)) - 8543d24f-bec7-4768-944c-282c8ff9c745@group-477B38A169A7-LeaderElection69 ELECTION round 0: submit vote requests at term 5 for -1: [c842222a-b1c3-47cd-9e78-3481338af40d|rpc:10.1.0.33:44871|priority:0, 8543d24f-bec7-4768-944c-282c8ff9c745|rpc:10.1.0.33:34369|priority:0, 974883c6-3444-443e-b406-2e7f57ab6e46|rpc:10.1.0.33:43877|priority:1], old=null
2022-01-20 14:18:43,894 [grpc-default-executor-2] INFO  server.RaftServer$Division (RaftServerImpl.java:requestVote(1046)) - 8543d24f-bec7-4768-944c-282c8ff9c745@group-477B38A169A7: receive requestVote(ELECTION, c842222a-b1c3-47cd-9e78-3481338af40d, group-477B38A169A7, 5, (t:0, i:0))
2022-01-20 14:18:43,894 [grpc-default-executor-2] INFO  impl.VoteContext (VoteContext.java:log(48)) - 8543d24f-bec7-4768-944c-282c8ff9c745@group-477B38A169A7-CANDIDATE: reject ELECTION from c842222a-b1c3-47cd-9e78-3481338af40d: already has voted for 8543d24f-bec7-4768-944c-282c8ff9c745 at current term 5
2022-01-20 14:18:43,894 [grpc-default-executor-2] INFO  server.RaftServer$Division (RaftServerImpl.java:requestVote(1078)) - 8543d24f-bec7-4768-944c-282c8ff9c745@group-477B38A169A7 replies to ELECTION vote request: c842222a-b1c3-47cd-9e78-3481338af40d<-8543d24f-bec7-4768-944c-282c8ff9c745#0:FAIL-t5. Peer's state: 8543d24f-bec7-4768-944c-282c8ff9c745@group-477B38A169A7:t5, leader=null, voted=8543d24f-bec7-4768-944c-282c8ff9c745, raftlog=8543d24f-bec7-4768-944c-282c8ff9c745@group-477B38A169A7-SegmentedRaftLog:OPENED:c-1, conf=-1: [c842222a-b1c3-47cd-9e78-3481338af40d|rpc:10.1.0.33:44871|priority:0, 8543d24f-bec7-4768-944c-282c8ff9c745|rpc:10.1.0.33:34369|priority:0, 974883c6-3444-443e-b406-2e7f57ab6e46|rpc:10.1.0.33:43877|priority:1], old=null
2022-01-20 14:18:43,920 [grpc-default-executor-2] INFO  server.RaftServer$Division (RaftServerImpl.java:requestVote(1046)) - c842222a-b1c3-47cd-9e78-3481338af40d@group-477B38A169A7: receive requestVote(ELECTION, 8543d24f-bec7-4768-944c-282c8ff9c745, group-477B38A169A7, 5, (t:0, i:0))
2022-01-20 14:18:43,920 [grpc-default-executor-2] INFO  impl.VoteContext (VoteContext.java:log(48)) - c842222a-b1c3-47cd-9e78-3481338af40d@group-477B38A169A7-CANDIDATE: reject ELECTION from 8543d24f-bec7-4768-944c-282c8ff9c745: already has voted for c842222a-b1c3-47cd-9e78-3481338af40d at current term 5
2022-01-20 14:18:43,921 [grpc-default-executor-2] INFO  server.RaftServer$Division (RaftServerImpl.java:requestVote(1078)) - c842222a-b1c3-47cd-9e78-3481338af40d@group-477B38A169A7 replies to ELECTION vote request: 8543d24f-bec7-4768-944c-282c8ff9c745<-c842222a-b1c3-47cd-9e78-3481338af40d#0:FAIL-t5. Peer's state: c842222a-b1c3-47cd-9e78-3481338af40d@group-477B38A169A7:t5, leader=null, voted=c842222a-b1c3-47cd-9e78-3481338af40d, raftlog=c842222a-b1c3-47cd-9e78-3481338af40d@group-477B38A169A7-SegmentedRaftLog:OPENED:c-1, conf=-1: [c842222a-b1c3-47cd-9e78-3481338af40d|rpc:10.1.0.33:44871|dataStream:|priority:0, 8543d24f-bec7-4768-944c-282c8ff9c745|rpc:10.1.0.33:34369|dataStream:|priority:0, 974883c6-3444-443e-b406-2e7f57ab6e46|rpc:10.1.0.33:43877|dataStream:|priority:1], old=null
2022-01-20 14:18:43,921 [grpc-default-executor-3] INFO  server.RaftServer$Division (RaftServerImpl.java:requestVote(1046)) - 974883c6-3444-443e-b406-2e7f57ab6e46@group-477B38A169A7: receive requestVote(ELECTION, c842222a-b1c3-47cd-9e78-3481338af40d, group-477B38A169A7, 5, (t:0, i:0))
2022-01-20 14:18:43,921 [grpc-default-executor-3] INFO  impl.VoteContext (VoteContext.java:log(48)) - 974883c6-3444-443e-b406-2e7f57ab6e46@group-477B38A169A7-FOLLOWER: reject ELECTION from c842222a-b1c3-47cd-9e78-3481338af40d: our priority 1 > candidate's priority 0
2022-01-20 14:18:43,921 [grpc-default-executor-3] INFO  server.RaftServer$Division (RaftServerImpl.java:setRole(290)) - 974883c6-3444-443e-b406-2e7f57ab6e46@group-477B38A169A7: changes role from  FOLLOWER to FOLLOWER at term 5 for candidate:c842222a-b1c3-47cd-9e78-3481338af40d
2022-01-20 14:18:43,921 [grpc-default-executor-3] INFO  impl.RoleInfo (RoleInfo.java:shutdownFollowerState(108)) - 974883c6-3444-443e-b406-2e7f57ab6e46: shutdown 974883c6-3444-443e-b406-2e7f57ab6e46@group-477B38A169A7-FollowerState
2022-01-20 14:18:43,921 [grpc-default-executor-3] INFO  impl.RoleInfo (RoleInfo.java:updateAndGet(130)) - 974883c6-3444-443e-b406-2e7f57ab6e46: start 974883c6-3444-443e-b406-2e7f57ab6e46@group-477B38A169A7-FollowerState
2022-01-20 14:18:43,921 [974883c6-3444-443e-b406-2e7f57ab6e46@group-477B38A169A7-FollowerState] INFO  impl.FollowerState (FollowerState.java:run(143)) - 974883c6-3444-443e-b406-2e7f57ab6e46@group-477B38A169A7-FollowerState was interrupted: {}
java.lang.InterruptedException: sleep interrupted
	at java.lang.Thread.sleep(Native Method)
	at java.lang.Thread.sleep(Thread.java:340)
	at java.util.concurrent.TimeUnit.sleep(TimeUnit.java:386)
	at org.apache.ratis.util.TimeDuration.sleep(TimeDuration.java:324)
	at org.apache.ratis.util.TimeDuration.sleep(TimeDuration.java:309)
	at org.apache.ratis.server.impl.FollowerState.run(FollowerState.java:118)
2022-01-20 14:18:43,924 [grpc-default-executor-3] INFO  server.RaftServer$Division (RaftServerImpl.java:requestVote(1078)) - 974883c6-3444-443e-b406-2e7f57ab6e46@group-477B38A169A7 replies to ELECTION vote request: c842222a-b1c3-47cd-9e78-3481338af40d<-974883c6-3444-443e-b406-2e7f57ab6e46#0:FAIL-t5. Peer's state: 974883c6-3444-443e-b406-2e7f57ab6e46@group-477B38A169A7:t5, leader=null, voted=null, raftlog=974883c6-3444-443e-b406-2e7f57ab6e46@group-477B38A169A7-SegmentedRaftLog:OPENED:c-1, conf=-1: [c842222a-b1c3-47cd-9e78-3481338af40d|rpc:10.1.0.33:44871|dataStream:|priority:0, 8543d24f-bec7-4768-944c-282c8ff9c745|rpc:10.1.0.33:34369|dataStream:|priority:0, 974883c6-3444-443e-b406-2e7f57ab6e46|rpc:10.1.0.33:43877|dataStream:|priority:1], old=null
2022-01-20 14:18:43,944 [c842222a-b1c3-47cd-9e78-3481338af40d@group-477B38A169A7-LeaderElection68] INFO  impl.LeaderElection (LeaderElection.java:logAndReturn(89)) - c842222a-b1c3-47cd-9e78-3481338af40d@group-477B38A169A7-LeaderElection68: ELECTION REJECTED received 2 response(s) and 0 exception(s):
2022-01-20 14:18:43,944 [c842222a-b1c3-47cd-9e78-3481338af40d@group-477B38A169A7-LeaderElection68] INFO  impl.LeaderElection (LeaderElection.java:logAndReturn(93)) -   Response 0: c842222a-b1c3-47cd-9e78-3481338af40d<-8543d24f-bec7-4768-944c-282c8ff9c745#0:FAIL-t5
2022-01-20 14:18:43,944 [c842222a-b1c3-47cd-9e78-3481338af40d@group-477B38A169A7-LeaderElection68] INFO  impl.LeaderElection (LeaderElection.java:logAndReturn(93)) -   Response 1: c842222a-b1c3-47cd-9e78-3481338af40d<-974883c6-3444-443e-b406-2e7f57ab6e46#0:FAIL-t5
2022-01-20 14:18:43,944 [c842222a-b1c3-47cd-9e78-3481338af40d@group-477B38A169A7-LeaderElection68] INFO  impl.LeaderElection (LeaderElection.java:askForVotes(308)) - c842222a-b1c3-47cd-9e78-3481338af40d@group-477B38A169A7-LeaderElection68 ELECTION round 0: result REJECTED
2022-01-20 14:18:43,944 [c842222a-b1c3-47cd-9e78-3481338af40d@group-477B38A169A7-LeaderElection68] INFO  server.RaftServer$Division (RaftServerImpl.java:setRole(290)) - c842222a-b1c3-47cd-9e78-3481338af40d@group-477B38A169A7: changes role from CANDIDATE to FOLLOWER at term 5 for REJECTED
2022-01-20 14:18:43,945 [c842222a-b1c3-47cd-9e78-3481338af40d@group-477B38A169A7-LeaderElection68] INFO  impl.RoleInfo (RoleInfo.java:shutdownLeaderElection(121)) - c842222a-b1c3-47cd-9e78-3481338af40d: shutdown c842222a-b1c3-47cd-9e78-3481338af40d@group-477B38A169A7-LeaderElection68
2022-01-20 14:18:43,945 [c842222a-b1c3-47cd-9e78-3481338af40d@group-477B38A169A7-LeaderElection68] INFO  impl.RoleInfo (RoleInfo.java:updateAndGet(130)) - c842222a-b1c3-47cd-9e78-3481338af40d: start c842222a-b1c3-47cd-9e78-3481338af40d@group-477B38A169A7-FollowerState
2022-01-20 14:18:43,958 [grpc-default-executor-3] INFO  server.RaftServer$Division (RaftServerImpl.java:requestVote(1046)) - 974883c6-3444-443e-b406-2e7f57ab6e46@group-477B38A169A7: receive requestVote(ELECTION, 8543d24f-bec7-4768-944c-282c8ff9c745, group-477B38A169A7, 5, (t:0, i:0))
2022-01-20 14:18:43,959 [grpc-default-executor-3] INFO  impl.VoteContext (VoteContext.java:log(48)) - 974883c6-3444-443e-b406-2e7f57ab6e46@group-477B38A169A7-FOLLOWER: reject ELECTION from 8543d24f-bec7-4768-944c-282c8ff9c745: our priority 1 > candidate's priority 0
2022-01-20 14:18:43,959 [grpc-default-executor-3] INFO  server.RaftServer$Division (RaftServerImpl.java:setRole(290)) - 974883c6-3444-443e-b406-2e7f57ab6e46@group-477B38A169A7: changes role from  FOLLOWER to FOLLOWER at term 5 for candidate:8543d24f-bec7-4768-944c-282c8ff9c745
2022-01-20 14:18:43,959 [grpc-default-executor-3] INFO  impl.RoleInfo (RoleInfo.java:shutdownFollowerState(108)) - 974883c6-3444-443e-b406-2e7f57ab6e46: shutdown 974883c6-3444-443e-b406-2e7f57ab6e46@group-477B38A169A7-FollowerState
2022-01-20 14:18:43,959 [grpc-default-executor-3] INFO  impl.RoleInfo (RoleInfo.java:updateAndGet(130)) - 974883c6-3444-443e-b406-2e7f57ab6e46: start 974883c6-3444-443e-b406-2e7f57ab6e46@group-477B38A169A7-FollowerState
2022-01-20 14:18:43,959 [974883c6-3444-443e-b406-2e7f57ab6e46@group-477B38A169A7-FollowerState] INFO  impl.FollowerState (FollowerState.java:run(143)) - 974883c6-3444-443e-b406-2e7f57ab6e46@group-477B38A169A7-FollowerState was interrupted: {}
java.lang.InterruptedException: sleep interrupted
	at java.lang.Thread.sleep(Native Method)
	at java.lang.Thread.sleep(Thread.java:340)
	at java.util.concurrent.TimeUnit.sleep(TimeUnit.java:386)
	at org.apache.ratis.util.TimeDuration.sleep(TimeDuration.java:324)
	at org.apache.ratis.util.TimeDuration.sleep(TimeDuration.java:309)
	at org.apache.ratis.server.impl.FollowerState.run(FollowerState.java:118)
2022-01-20 14:18:43,964 [grpc-default-executor-3] INFO  server.RaftServer$Division (RaftServerImpl.java:requestVote(1078)) - 974883c6-3444-443e-b406-2e7f57ab6e46@group-477B38A169A7 replies to ELECTION vote request: 8543d24f-bec7-4768-944c-282c8ff9c745<-974883c6-3444-443e-b406-2e7f57ab6e46#0:FAIL-t5. Peer's state: 974883c6-3444-443e-b406-2e7f57ab6e46@group-477B38A169A7:t5, leader=null, voted=null, raftlog=974883c6-3444-443e-b406-2e7f57ab6e46@group-477B38A169A7-SegmentedRaftLog:OPENED:c-1, conf=-1: [c842222a-b1c3-47cd-9e78-3481338af40d|rpc:10.1.0.33:44871|dataStream:|priority:0, 8543d24f-bec7-4768-944c-282c8ff9c745|rpc:10.1.0.33:34369|dataStream:|priority:0, 974883c6-3444-443e-b406-2e7f57ab6e46|rpc:10.1.0.33:43877|dataStream:|priority:1], old=null
2022-01-20 14:18:43,974 [8543d24f-bec7-4768-944c-282c8ff9c745@group-477B38A169A7-LeaderElection69] INFO  impl.LeaderElection (LeaderElection.java:logAndReturn(89)) - 8543d24f-bec7-4768-944c-282c8ff9c745@group-477B38A169A7-LeaderElection69: ELECTION REJECTED received 2 response(s) and 0 exception(s):
2022-01-20 14:18:43,974 [8543d24f-bec7-4768-944c-282c8ff9c745@group-477B38A169A7-LeaderElection69] INFO  impl.LeaderElection (LeaderElection.java:logAndReturn(93)) -   Response 0: 8543d24f-bec7-4768-944c-282c8ff9c745<-c842222a-b1c3-47cd-9e78-3481338af40d#0:FAIL-t5
2022-01-20 14:18:43,974 [8543d24f-bec7-4768-944c-282c8ff9c745@group-477B38A169A7-LeaderElection69] INFO  impl.LeaderElection (LeaderElection.java:logAndReturn(93)) -   Response 1: 8543d24f-bec7-4768-944c-282c8ff9c745<-974883c6-3444-443e-b406-2e7f57ab6e46#0:FAIL-t5
2022-01-20 14:18:43,974 [8543d24f-bec7-4768-944c-282c8ff9c745@group-477B38A169A7-LeaderElection69] INFO  impl.LeaderElection (LeaderElection.java:askForVotes(308)) - 8543d24f-bec7-4768-944c-282c8ff9c745@group-477B38A169A7-LeaderElection69 ELECTION round 0: result REJECTED
2022-01-20 14:18:43,974 [8543d24f-bec7-4768-944c-282c8ff9c745@group-477B38A169A7-LeaderElection69] INFO  server.RaftServer$Division (RaftServerImpl.java:setRole(290)) - 8543d24f-bec7-4768-944c-282c8ff9c745@group-477B38A169A7: changes role from CANDIDATE to FOLLOWER at term 5 for REJECTED
2022-01-20 14:18:43,975 [8543d24f-bec7-4768-944c-282c8ff9c745@group-477B38A169A7-LeaderElection69] INFO  impl.RoleInfo (RoleInfo.java:shutdownLeaderElection(121)) - 8543d24f-bec7-4768-944c-282c8ff9c745: shutdown 8543d24f-bec7-4768-944c-282c8ff9c745@group-477B38A169A7-LeaderElection69
2022-01-20 14:18:43,975 [8543d24f-bec7-4768-944c-282c8ff9c745@group-477B38A169A7-LeaderElection69] INFO  impl.RoleInfo (RoleInfo.java:updateAndGet(130)) - 8543d24f-bec7-4768-944c-282c8ff9c745: start 8543d24f-bec7-4768-944c-282c8ff9c745@group-477B38A169A7-FollowerState
2022-01-20 14:18:47,410 [Listener at 127.0.0.1/36805] INFO  ozoneimpl.OzoneContainer (OzoneContainer.java:stop(336)) - Attempting to stop container services.
2022-01-20 14:18:47,411 [ForkJoinPool.commonPool-worker-1] INFO  ozoneimpl.OzoneContainer (OzoneContainer.java:stop(336)) - Attempting to stop container services.
2022-01-20 14:18:47,412 [ForkJoinPool.commonPool-worker-1] INFO  server.RaftServer (RaftServerProxy.java:lambda$close$6(391)) - 4a67b2a1-79be-440d-a7f9-3f5e5a8bd0ed: close
2022-01-20 14:18:47,412 [ForkJoinPool.commonPool-worker-1] INFO  server.RaftServer$Division (RaftServerImpl.java:lambda$close$4(412)) - 4a67b2a1-79be-440d-a7f9-3f5e5a8bd0ed@group-A8039840480C: shutdown
2022-01-20 14:18:47,412 [ForkJoinPool.commonPool-worker-1] INFO  util.JmxRegister (JmxRegister.java:unregister(73)) - Successfully un-registered JMX Bean with object name Ratis:service=RaftServer,group=group-A8039840480C,id=4a67b2a1-79be-440d-a7f9-3f5e5a8bd0ed
2022-01-20 14:18:47,412 [ForkJoinPool.commonPool-worker-1] INFO  impl.RoleInfo (RoleInfo.java:shutdownLeaderState(91)) - 4a67b2a1-79be-440d-a7f9-3f5e5a8bd0ed: shutdown 4a67b2a1-79be-440d-a7f9-3f5e5a8bd0ed@group-A8039840480C-LeaderStateImpl
2022-01-20 14:18:47,412 [4a67b2a1-79be-440d-a7f9-3f5e5a8bd0ed@group-A8039840480C->f405db60-e51c-4785-8bbc-e1c4726dfe5c-GrpcLogAppender-LogAppenderDaemon] WARN  server.GrpcLogAppender (GrpcLogAppender.java:mayWait(177)) - 4a67b2a1-79be-440d-a7f9-3f5e5a8bd0ed@group-A8039840480C->f405db60-e51c-4785-8bbc-e1c4726dfe5c-GrpcLogAppender: Wait interrupted by java.lang.InterruptedException
2022-01-20 14:18:47,412 [4a67b2a1-79be-440d-a7f9-3f5e5a8bd0ed@group-A8039840480C->3055d1e2-eb1d-45ac-85ad-2ef847921969-GrpcLogAppender-LogAppenderDaemon] WARN  server.GrpcLogAppender (GrpcLogAppender.java:mayWait(177)) - 4a67b2a1-79be-440d-a7f9-3f5e5a8bd0ed@group-A8039840480C->3055d1e2-eb1d-45ac-85ad-2ef847921969-GrpcLogAppender: Wait interrupted by java.lang.InterruptedException
2022-01-20 14:18:47,412 [Listener at 127.0.0.1/36805] INFO  server.RaftServer (RaftServerProxy.java:lambda$close$6(391)) - c842222a-b1c3-47cd-9e78-3481338af40d: close
2022-01-20 14:18:47,413 [Listener at 127.0.0.1/36805] INFO  server.RaftServer$Division (RaftServerImpl.java:lambda$close$4(412)) - c842222a-b1c3-47cd-9e78-3481338af40d@group-D3BE8673A19F: shutdown
2022-01-20 14:18:47,413 [Listener at 127.0.0.1/36805] INFO  util.JmxRegister (JmxRegister.java:unregister(73)) - Successfully un-registered JMX Bean with object name Ratis:service=RaftServer,group=group-D3BE8673A19F,id=c842222a-b1c3-47cd-9e78-3481338af40d
2022-01-20 14:18:47,413 [Listener at 127.0.0.1/36805] INFO  impl.RoleInfo (RoleInfo.java:shutdownLeaderState(91)) - c842222a-b1c3-47cd-9e78-3481338af40d: shutdown c842222a-b1c3-47cd-9e78-3481338af40d@group-D3BE8673A19F-LeaderStateImpl
2022-01-20 14:18:47,413 [grpc-default-executor-3] INFO  server.GrpcServerProtocolService (GrpcServerProtocolService.java:onCompleted(140)) - f405db60-e51c-4785-8bbc-e1c4726dfe5c: Completed APPEND_ENTRIES, lastRequest: 4a67b2a1-79be-440d-a7f9-3f5e5a8bd0ed->f405db60-e51c-4785-8bbc-e1c4726dfe5c#1-t3,previous=(t:0, i:0),leaderCommit=-1,initializing? true,entries: size=1, first=(t:3, i:0), CONFIGURATIONENTRY
2022-01-20 14:18:47,414 [grpc-default-executor-1] INFO  server.GrpcLogAppender (GrpcLogAppender.java:onCompleted(346)) - 4a67b2a1-79be-440d-a7f9-3f5e5a8bd0ed@group-A8039840480C->f405db60-e51c-4785-8bbc-e1c4726dfe5c-AppendLogResponseHandler: follower responses appendEntries COMPLETED
2022-01-20 14:18:47,414 [grpc-default-executor-1] INFO  leader.FollowerInfo (FollowerInfoImpl.java:lambda$new$0(47)) - 4a67b2a1-79be-440d-a7f9-3f5e5a8bd0ed@group-A8039840480C->f405db60-e51c-4785-8bbc-e1c4726dfe5c: nextIndex: updateUnconditionally 1 -> 0
2022-01-20 14:18:47,416 [grpc-default-executor-2] INFO  server.GrpcServerProtocolService (GrpcServerProtocolService.java:onCompleted(140)) - 3055d1e2-eb1d-45ac-85ad-2ef847921969: Completed APPEND_ENTRIES, lastRequest: 4a67b2a1-79be-440d-a7f9-3f5e5a8bd0ed->3055d1e2-eb1d-45ac-85ad-2ef847921969#1-t3,previous=(t:0, i:0),leaderCommit=-1,initializing? true,entries: size=1, first=(t:3, i:0), CONFIGURATIONENTRY
2022-01-20 14:18:47,412 [ForkJoinPool.commonPool-worker-1] INFO  impl.PendingRequests (PendingRequests.java:sendNotLeaderResponses(282)) - 4a67b2a1-79be-440d-a7f9-3f5e5a8bd0ed@group-A8039840480C-PendingRequests: sendNotLeaderResponses
2022-01-20 14:18:47,417 [grpc-default-executor-2] INFO  server.GrpcLogAppender (GrpcLogAppender.java:onCompleted(346)) - 4a67b2a1-79be-440d-a7f9-3f5e5a8bd0ed@group-A8039840480C->3055d1e2-eb1d-45ac-85ad-2ef847921969-AppendLogResponseHandler: follower responses appendEntries COMPLETED
2022-01-20 14:18:47,417 [grpc-default-executor-2] INFO  leader.FollowerInfo (FollowerInfoImpl.java:lambda$new$0(47)) - 4a67b2a1-79be-440d-a7f9-3f5e5a8bd0ed@group-A8039840480C->3055d1e2-eb1d-45ac-85ad-2ef847921969: nextIndex: updateUnconditionally 1 -> 0
2022-01-20 14:18:47,417 [4a67b2a1-79be-440d-a7f9-3f5e5a8bd0ed@group-A8039840480C-StateMachineUpdater] INFO  ratis.ContainerStateMachine (ContainerStateMachine.java:takeSnapshot(299)) - group-A8039840480C: Taking a snapshot at:(t:3, i:0) file /home/runner/work/ozone/ozone/hadoop-ozone/integration-test/target/test-dir/MiniOzoneClusterImpl-f1e7e660-ec45-4ef3-9198-8cc7416827f1/datanode-2/data/ratis/c4c59fdd-05d0-43b3-b6e4-a8039840480c/sm/snapshot.3_0
2022-01-20 14:18:47,413 [Listener at 127.0.0.1/36805] INFO  impl.PendingRequests (PendingRequests.java:sendNotLeaderResponses(282)) - c842222a-b1c3-47cd-9e78-3481338af40d@group-D3BE8673A19F-PendingRequests: sendNotLeaderResponses
2022-01-20 14:18:47,419 [4a67b2a1-79be-440d-a7f9-3f5e5a8bd0ed@group-A8039840480C-StateMachineUpdater] INFO  ratis.ContainerStateMachine (ContainerStateMachine.java:takeSnapshot(310)) - group-A8039840480C: Finished taking a snapshot at:(t:3, i:0) file:/home/runner/work/ozone/ozone/hadoop-ozone/integration-test/target/test-dir/MiniOzoneClusterImpl-f1e7e660-ec45-4ef3-9198-8cc7416827f1/datanode-2/data/ratis/c4c59fdd-05d0-43b3-b6e4-a8039840480c/sm/snapshot.3_0 took: 2 ms
2022-01-20 14:18:47,419 [4a67b2a1-79be-440d-a7f9-3f5e5a8bd0ed@group-A8039840480C-StateMachineUpdater] INFO  impl.StateMachineUpdater (StateMachineUpdater.java:takeSnapshot(281)) - 4a67b2a1-79be-440d-a7f9-3f5e5a8bd0ed@group-A8039840480C-StateMachineUpdater: Took a snapshot at index 0
2022-01-20 14:18:47,419 [4a67b2a1-79be-440d-a7f9-3f5e5a8bd0ed@group-A8039840480C-StateMachineUpdater] INFO  impl.StateMachineUpdater (StateMachineUpdater.java:lambda$new$0(89)) - 4a67b2a1-79be-440d-a7f9-3f5e5a8bd0ed@group-A8039840480C-StateMachineUpdater: snapshotIndex: updateIncreasingly -1 -> 0
2022-01-20 14:18:47,417 [ForkJoinPool.commonPool-worker-1] INFO  impl.StateMachineUpdater (StateMachineUpdater.java:stopAndJoin(149)) - 4a67b2a1-79be-440d-a7f9-3f5e5a8bd0ed@group-A8039840480C-StateMachineUpdater: set stopIndex = 0
2022-01-20 14:18:47,419 [ForkJoinPool.commonPool-worker-1] INFO  server.RaftServer$Division (ServerState.java:close(419)) - 4a67b2a1-79be-440d-a7f9-3f5e5a8bd0ed@group-A8039840480C: closes. applyIndex: 0
2022-01-20 14:18:47,420 [4a67b2a1-79be-440d-a7f9-3f5e5a8bd0ed@group-A8039840480C-SegmentedRaftLogWorker] INFO  segmented.SegmentedRaftLogWorker (SegmentedRaftLogWorker.java:run(327)) - 4a67b2a1-79be-440d-a7f9-3f5e5a8bd0ed@group-A8039840480C-SegmentedRaftLogWorker was interrupted, exiting. There are 0 tasks remaining in the queue.
2022-01-20 14:18:47,421 [ForkJoinPool.commonPool-worker-1] INFO  segmented.SegmentedRaftLogWorker (SegmentedRaftLogWorker.java:close(237)) - 4a67b2a1-79be-440d-a7f9-3f5e5a8bd0ed@group-A8039840480C-SegmentedRaftLogWorker close()
2022-01-20 14:18:47,424 [ForkJoinPool.commonPool-worker-1] INFO  server.RaftServer$Division (RaftServerImpl.java:lambda$close$4(412)) - 4a67b2a1-79be-440d-a7f9-3f5e5a8bd0ed@group-6952AA65C3C9: shutdown
2022-01-20 14:18:47,424 [ForkJoinPool.commonPool-worker-1] INFO  util.JmxRegister (JmxRegister.java:unregister(73)) - Successfully un-registered JMX Bean with object name Ratis:service=RaftServer,group=group-6952AA65C3C9,id=4a67b2a1-79be-440d-a7f9-3f5e5a8bd0ed
2022-01-20 14:18:47,424 [ForkJoinPool.commonPool-worker-1] INFO  impl.RoleInfo (RoleInfo.java:shutdownLeaderState(91)) - 4a67b2a1-79be-440d-a7f9-3f5e5a8bd0ed: shutdown 4a67b2a1-79be-440d-a7f9-3f5e5a8bd0ed@group-6952AA65C3C9-LeaderStateImpl
2022-01-20 14:18:47,424 [ForkJoinPool.commonPool-worker-1] INFO  impl.PendingRequests (PendingRequests.java:sendNotLeaderResponses(282)) - 4a67b2a1-79be-440d-a7f9-3f5e5a8bd0ed@group-6952AA65C3C9-PendingRequests: sendNotLeaderResponses
2022-01-20 14:18:47,424 [ForkJoinPool.commonPool-worker-1] INFO  impl.StateMachineUpdater (StateMachineUpdater.java:stopAndJoin(149)) - 4a67b2a1-79be-440d-a7f9-3f5e5a8bd0ed@group-6952AA65C3C9-StateMachineUpdater: set stopIndex = 0
2022-01-20 14:18:47,425 [Listener at 127.0.0.1/36805] INFO  impl.StateMachineUpdater (StateMachineUpdater.java:stopAndJoin(149)) - c842222a-b1c3-47cd-9e78-3481338af40d@group-D3BE8673A19F-StateMachineUpdater: set stopIndex = 0
2022-01-20 14:18:47,425 [4a67b2a1-79be-440d-a7f9-3f5e5a8bd0ed@group-6952AA65C3C9-StateMachineUpdater] INFO  ratis.ContainerStateMachine (ContainerStateMachine.java:takeSnapshot(299)) - group-6952AA65C3C9: Taking a snapshot at:(t:1, i:0) file /home/runner/work/ozone/ozone/hadoop-ozone/integration-test/target/test-dir/MiniOzoneClusterImpl-f1e7e660-ec45-4ef3-9198-8cc7416827f1/datanode-2/data/ratis/0811097b-d2e7-4f06-8318-6952aa65c3c9/sm/snapshot.1_0
2022-01-20 14:18:47,426 [4a67b2a1-79be-440d-a7f9-3f5e5a8bd0ed@group-6952AA65C3C9-StateMachineUpdater] INFO  ratis.ContainerStateMachine (ContainerStateMachine.java:takeSnapshot(310)) - group-6952AA65C3C9: Finished taking a snapshot at:(t:1, i:0) file:/home/runner/work/ozone/ozone/hadoop-ozone/integration-test/target/test-dir/MiniOzoneClusterImpl-f1e7e660-ec45-4ef3-9198-8cc7416827f1/datanode-2/data/ratis/0811097b-d2e7-4f06-8318-6952aa65c3c9/sm/snapshot.1_0 took: 1 ms
2022-01-20 14:18:47,426 [4a67b2a1-79be-440d-a7f9-3f5e5a8bd0ed@group-6952AA65C3C9-StateMachineUpdater] INFO  impl.StateMachineUpdater (StateMachineUpdater.java:takeSnapshot(281)) - 4a67b2a1-79be-440d-a7f9-3f5e5a8bd0ed@group-6952AA65C3C9-StateMachineUpdater: Took a snapshot at index 0
2022-01-20 14:18:47,426 [4a67b2a1-79be-440d-a7f9-3f5e5a8bd0ed@group-6952AA65C3C9-StateMachineUpdater] INFO  impl.StateMachineUpdater (StateMachineUpdater.java:lambda$new$0(89)) - 4a67b2a1-79be-440d-a7f9-3f5e5a8bd0ed@group-6952AA65C3C9-StateMachineUpdater: snapshotIndex: updateIncreasingly -1 -> 0
2022-01-20 14:18:47,429 [c842222a-b1c3-47cd-9e78-3481338af40d@group-D3BE8673A19F-StateMachineUpdater] INFO  ratis.ContainerStateMachine (ContainerStateMachine.java:takeSnapshot(299)) - group-D3BE8673A19F: Taking a snapshot at:(t:1, i:0) file /home/runner/work/ozone/ozone/hadoop-ozone/integration-test/target/test-dir/MiniOzoneClusterImpl-f1e7e660-ec45-4ef3-9198-8cc7416827f1/datanode-4/data/ratis/e7b886a4-2207-456a-858e-d3be8673a19f/sm/snapshot.1_0
2022-01-20 14:18:47,429 [c842222a-b1c3-47cd-9e78-3481338af40d@group-D3BE8673A19F-StateMachineUpdater] INFO  ratis.ContainerStateMachine (ContainerStateMachine.java:takeSnapshot(310)) - group-D3BE8673A19F: Finished taking a snapshot at:(t:1, i:0) file:/home/runner/work/ozone/ozone/hadoop-ozone/integration-test/target/test-dir/MiniOzoneClusterImpl-f1e7e660-ec45-4ef3-9198-8cc7416827f1/datanode-4/data/ratis/e7b886a4-2207-456a-858e-d3be8673a19f/sm/snapshot.1_0 took: 0 ms
2022-01-20 14:18:47,430 [c842222a-b1c3-47cd-9e78-3481338af40d@group-D3BE8673A19F-StateMachineUpdater] INFO  impl.StateMachineUpdater (StateMachineUpdater.java:takeSnapshot(281)) - c842222a-b1c3-47cd-9e78-3481338af40d@group-D3BE8673A19F-StateMachineUpdater: Took a snapshot at index 0
2022-01-20 14:18:47,430 [c842222a-b1c3-47cd-9e78-3481338af40d@group-D3BE8673A19F-StateMachineUpdater] INFO  impl.StateMachineUpdater (StateMachineUpdater.java:lambda$new$0(89)) - c842222a-b1c3-47cd-9e78-3481338af40d@group-D3BE8673A19F-StateMachineUpdater: snapshotIndex: updateIncreasingly -1 -> 0
2022-01-20 14:18:47,432 [Listener at 127.0.0.1/36805] INFO  server.RaftServer$Division (ServerState.java:close(419)) - c842222a-b1c3-47cd-9e78-3481338af40d@group-D3BE8673A19F: closes. applyIndex: 0
2022-01-20 14:18:47,433 [ForkJoinPool.commonPool-worker-1] INFO  server.RaftServer$Division (ServerState.java:close(419)) - 4a67b2a1-79be-440d-a7f9-3f5e5a8bd0ed@group-6952AA65C3C9: closes. applyIndex: 0
2022-01-20 14:18:47,433 [c842222a-b1c3-47cd-9e78-3481338af40d@group-D3BE8673A19F-SegmentedRaftLogWorker] INFO  segmented.SegmentedRaftLogWorker (SegmentedRaftLogWorker.java:run(327)) - c842222a-b1c3-47cd-9e78-3481338af40d@group-D3BE8673A19F-SegmentedRaftLogWorker was interrupted, exiting. There are 0 tasks remaining in the queue.
2022-01-20 14:18:47,433 [4a67b2a1-79be-440d-a7f9-3f5e5a8bd0ed@group-6952AA65C3C9-SegmentedRaftLogWorker] INFO  segmented.SegmentedRaftLogWorker (SegmentedRaftLogWorker.java:run(327)) - 4a67b2a1-79be-440d-a7f9-3f5e5a8bd0ed@group-6952AA65C3C9-SegmentedRaftLogWorker was interrupted, exiting. There are 0 tasks remaining in the queue.
2022-01-20 14:18:47,437 [Listener at 127.0.0.1/36805] INFO  segmented.SegmentedRaftLogWorker (SegmentedRaftLogWorker.java:close(237)) - c842222a-b1c3-47cd-9e78-3481338af40d@group-D3BE8673A19F-SegmentedRaftLogWorker close()
2022-01-20 14:18:47,438 [Listener at 127.0.0.1/36805] INFO  server.RaftServer$Division (RaftServerImpl.java:lambda$close$4(412)) - c842222a-b1c3-47cd-9e78-3481338af40d@group-477B38A169A7: shutdown
2022-01-20 14:18:47,439 [Listener at 127.0.0.1/36805] INFO  util.JmxRegister (JmxRegister.java:unregister(73)) - Successfully un-registered JMX Bean with object name Ratis:service=RaftServer,group=group-477B38A169A7,id=c842222a-b1c3-47cd-9e78-3481338af40d
2022-01-20 14:18:47,439 [Listener at 127.0.0.1/36805] INFO  impl.RoleInfo (RoleInfo.java:shutdownFollowerState(108)) - c842222a-b1c3-47cd-9e78-3481338af40d: shutdown c842222a-b1c3-47cd-9e78-3481338af40d@group-477B38A169A7-FollowerState
2022-01-20 14:18:47,439 [c842222a-b1c3-47cd-9e78-3481338af40d@group-477B38A169A7-FollowerState] INFO  impl.FollowerState (FollowerState.java:run(143)) - c842222a-b1c3-47cd-9e78-3481338af40d@group-477B38A169A7-FollowerState was interrupted: {}
java.lang.InterruptedException: sleep interrupted
	at java.lang.Thread.sleep(Native Method)
	at java.lang.Thread.sleep(Thread.java:340)
	at java.util.concurrent.TimeUnit.sleep(TimeUnit.java:386)
	at org.apache.ratis.util.TimeDuration.sleep(TimeDuration.java:324)
	at org.apache.ratis.util.TimeDuration.sleep(TimeDuration.java:309)
	at org.apache.ratis.server.impl.FollowerState.run(FollowerState.java:118)
2022-01-20 14:18:47,439 [Listener at 127.0.0.1/36805] INFO  impl.StateMachineUpdater (StateMachineUpdater.java:stopAndJoin(149)) - c842222a-b1c3-47cd-9e78-3481338af40d@group-477B38A169A7-StateMachineUpdater: set stopIndex = -1
2022-01-20 14:18:47,439 [Listener at 127.0.0.1/36805] INFO  server.RaftServer$Division (ServerState.java:close(419)) - c842222a-b1c3-47cd-9e78-3481338af40d@group-477B38A169A7: closes. applyIndex: -1
2022-01-20 14:18:47,440 [c842222a-b1c3-47cd-9e78-3481338af40d@group-477B38A169A7-SegmentedRaftLogWorker] INFO  segmented.SegmentedRaftLogWorker (SegmentedRaftLogWorker.java:run(327)) - c842222a-b1c3-47cd-9e78-3481338af40d@group-477B38A169A7-SegmentedRaftLogWorker was interrupted, exiting. There are 0 tasks remaining in the queue.
2022-01-20 14:18:47,440 [Listener at 127.0.0.1/36805] INFO  segmented.SegmentedRaftLogWorker (SegmentedRaftLogWorker.java:close(237)) - c842222a-b1c3-47cd-9e78-3481338af40d@group-477B38A169A7-SegmentedRaftLogWorker close()
2022-01-20 14:18:47,441 [Listener at 127.0.0.1/36805] INFO  server.GrpcService (GrpcService.java:closeImpl(262)) - c842222a-b1c3-47cd-9e78-3481338af40d: shutdown server with port 44871 now
2022-01-20 14:18:47,468 [Listener at 127.0.0.1/36805] INFO  server.GrpcService (GrpcService.java:closeImpl(271)) - c842222a-b1c3-47cd-9e78-3481338af40d: shutdown server with port 44871 successfully
2022-01-20 14:18:47,469 [org.apache.ratis.util.JvmPauseMonitor$$Lambda$431/385784873@1ae20a1c] INFO  util.JvmPauseMonitor (JvmPauseMonitor.java:run(109)) - JvmPauseMonitor-c842222a-b1c3-47cd-9e78-3481338af40d: Stopped
2022-01-20 14:18:47,484 [ForkJoinPool.commonPool-worker-1] INFO  segmented.SegmentedRaftLogWorker (SegmentedRaftLogWorker.java:close(237)) - 4a67b2a1-79be-440d-a7f9-3f5e5a8bd0ed@group-6952AA65C3C9-SegmentedRaftLogWorker close()
2022-01-20 14:18:47,487 [ForkJoinPool.commonPool-worker-1] INFO  server.GrpcService (GrpcService.java:closeImpl(262)) - 4a67b2a1-79be-440d-a7f9-3f5e5a8bd0ed: shutdown server with port 42913 now
2022-01-20 14:18:47,506 [ForkJoinPool.commonPool-worker-1] INFO  server.GrpcService (GrpcService.java:closeImpl(271)) - 4a67b2a1-79be-440d-a7f9-3f5e5a8bd0ed: shutdown server with port 42913 successfully
2022-01-20 14:18:47,506 [org.apache.ratis.util.JvmPauseMonitor$$Lambda$431/385784873@8cc29e5] INFO  util.JvmPauseMonitor (JvmPauseMonitor.java:run(109)) - JvmPauseMonitor-4a67b2a1-79be-440d-a7f9-3f5e5a8bd0ed: Stopped
2022-01-20 14:18:49,033 [8543d24f-bec7-4768-944c-282c8ff9c745@group-477B38A169A7-FollowerState] INFO  impl.FollowerState (FollowerState.java:run(134)) - 8543d24f-bec7-4768-944c-282c8ff9c745@group-477B38A169A7-FollowerState: change to CANDIDATE, lastRpcElapsedTime:5058674457ns, electionTimeout:5057ms
2022-01-20 14:18:49,033 [8543d24f-bec7-4768-944c-282c8ff9c745@group-477B38A169A7-FollowerState] INFO  impl.RoleInfo (RoleInfo.java:shutdownFollowerState(108)) - 8543d24f-bec7-4768-944c-282c8ff9c745: shutdown 8543d24f-bec7-4768-944c-282c8ff9c745@group-477B38A169A7-FollowerState
2022-01-20 14:18:49,034 [8543d24f-bec7-4768-944c-282c8ff9c745@group-477B38A169A7-FollowerState] INFO  server.RaftServer$Division (RaftServerImpl.java:setRole(290)) - 8543d24f-bec7-4768-944c-282c8ff9c745@group-477B38A169A7: changes role from  FOLLOWER to CANDIDATE at term 5 for changeToCandidate
2022-01-20 14:18:49,034 [8543d24f-bec7-4768-944c-282c8ff9c745@group-477B38A169A7-FollowerState] INFO  server.RaftServerConfigKeys (ConfUtils.java:logGet(44)) - raft.server.leaderelection.pre-vote = false (custom)
2022-01-20 14:18:49,034 [8543d24f-bec7-4768-944c-282c8ff9c745@group-477B38A169A7-FollowerState] INFO  impl.RoleInfo (RoleInfo.java:updateAndGet(130)) - 8543d24f-bec7-4768-944c-282c8ff9c745: start 8543d24f-bec7-4768-944c-282c8ff9c745@group-477B38A169A7-LeaderElection70
2022-01-20 14:18:49,063 [8543d24f-bec7-4768-944c-282c8ff9c745@group-477B38A169A7-LeaderElection70] INFO  impl.LeaderElection (LeaderElection.java:askForVotes(306)) - 8543d24f-bec7-4768-944c-282c8ff9c745@group-477B38A169A7-LeaderElection70 ELECTION round 0: submit vote requests at term 6 for -1: [c842222a-b1c3-47cd-9e78-3481338af40d|rpc:10.1.0.33:44871|priority:0, 8543d24f-bec7-4768-944c-282c8ff9c745|rpc:10.1.0.33:34369|priority:0, 974883c6-3444-443e-b406-2e7f57ab6e46|rpc:10.1.0.33:43877|priority:1], old=null
2022-01-20 14:18:49,079 [8543d24f-bec7-4768-944c-282c8ff9c745@group-477B38A169A7-LeaderElection70] INFO  impl.LeaderElection (LogUtils.java:infoOrTrace(137)) - 8543d24f-bec7-4768-944c-282c8ff9c745@group-477B38A169A7-LeaderElection70 got exception when requesting votes: java.util.concurrent.ExecutionException: org.apache.ratis.thirdparty.io.grpc.StatusRuntimeException: UNAVAILABLE: io exception
2022-01-20 14:18:49,097 [grpc-default-executor-2] INFO  server.RaftServer$Division (RaftServerImpl.java:requestVote(1046)) - 974883c6-3444-443e-b406-2e7f57ab6e46@group-477B38A169A7: receive requestVote(ELECTION, 8543d24f-bec7-4768-944c-282c8ff9c745, group-477B38A169A7, 6, (t:0, i:0))
2022-01-20 14:18:49,097 [grpc-default-executor-2] INFO  impl.VoteContext (VoteContext.java:log(48)) - 974883c6-3444-443e-b406-2e7f57ab6e46@group-477B38A169A7-FOLLOWER: reject ELECTION from 8543d24f-bec7-4768-944c-282c8ff9c745: our priority 1 > candidate's priority 0
2022-01-20 14:18:49,097 [grpc-default-executor-2] INFO  server.RaftServer$Division (RaftServerImpl.java:setRole(290)) - 974883c6-3444-443e-b406-2e7f57ab6e46@group-477B38A169A7: changes role from  FOLLOWER to FOLLOWER at term 6 for candidate:8543d24f-bec7-4768-944c-282c8ff9c745
2022-01-20 14:18:49,097 [grpc-default-executor-2] INFO  impl.RoleInfo (RoleInfo.java:shutdownFollowerState(108)) - 974883c6-3444-443e-b406-2e7f57ab6e46: shutdown 974883c6-3444-443e-b406-2e7f57ab6e46@group-477B38A169A7-FollowerState
2022-01-20 14:18:49,097 [grpc-default-executor-2] INFO  impl.RoleInfo (RoleInfo.java:updateAndGet(130)) - 974883c6-3444-443e-b406-2e7f57ab6e46: start 974883c6-3444-443e-b406-2e7f57ab6e46@group-477B38A169A7-FollowerState
2022-01-20 14:18:49,100 [974883c6-3444-443e-b406-2e7f57ab6e46@group-477B38A169A7-FollowerState] INFO  impl.FollowerState (FollowerState.java:run(143)) - 974883c6-3444-443e-b406-2e7f57ab6e46@group-477B38A169A7-FollowerState was interrupted: {}
java.lang.InterruptedException: sleep interrupted
	at java.lang.Thread.sleep(Native Method)
	at java.lang.Thread.sleep(Thread.java:340)
	at java.util.concurrent.TimeUnit.sleep(TimeUnit.java:386)
	at org.apache.ratis.util.TimeDuration.sleep(TimeDuration.java:324)
	at org.apache.ratis.util.TimeDuration.sleep(TimeDuration.java:309)
	at org.apache.ratis.server.impl.FollowerState.run(FollowerState.java:118)
2022-01-20 14:18:49,122 [grpc-default-executor-2] INFO  server.RaftServer$Division (RaftServerImpl.java:requestVote(1078)) - 974883c6-3444-443e-b406-2e7f57ab6e46@group-477B38A169A7 replies to ELECTION vote request: 8543d24f-bec7-4768-944c-282c8ff9c745<-974883c6-3444-443e-b406-2e7f57ab6e46#0:FAIL-t6. Peer's state: 974883c6-3444-443e-b406-2e7f57ab6e46@group-477B38A169A7:t6, leader=null, voted=null, raftlog=974883c6-3444-443e-b406-2e7f57ab6e46@group-477B38A169A7-SegmentedRaftLog:OPENED:c-1, conf=-1: [c842222a-b1c3-47cd-9e78-3481338af40d|rpc:10.1.0.33:44871|dataStream:|priority:0, 8543d24f-bec7-4768-944c-282c8ff9c745|rpc:10.1.0.33:34369|dataStream:|priority:0, 974883c6-3444-443e-b406-2e7f57ab6e46|rpc:10.1.0.33:43877|dataStream:|priority:1], old=null
2022-01-20 14:18:49,123 [8543d24f-bec7-4768-944c-282c8ff9c745@group-477B38A169A7-LeaderElection70] INFO  impl.LeaderElection (LeaderElection.java:logAndReturn(89)) - 8543d24f-bec7-4768-944c-282c8ff9c745@group-477B38A169A7-LeaderElection70: ELECTION REJECTED received 1 response(s) and 1 exception(s):
2022-01-20 14:18:49,123 [8543d24f-bec7-4768-944c-282c8ff9c745@group-477B38A169A7-LeaderElection70] INFO  impl.LeaderElection (LeaderElection.java:logAndReturn(93)) -   Response 0: 8543d24f-bec7-4768-944c-282c8ff9c745<-974883c6-3444-443e-b406-2e7f57ab6e46#0:FAIL-t6
2022-01-20 14:18:49,123 [8543d24f-bec7-4768-944c-282c8ff9c745@group-477B38A169A7-LeaderElection70] INFO  impl.LeaderElection (LogUtils.java:infoOrTrace(137)) -   Exception 1: java.util.concurrent.ExecutionException: org.apache.ratis.thirdparty.io.grpc.StatusRuntimeException: UNAVAILABLE: io exception
2022-01-20 14:18:49,123 [8543d24f-bec7-4768-944c-282c8ff9c745@group-477B38A169A7-LeaderElection70] INFO  impl.LeaderElection (LeaderElection.java:askForVotes(308)) - 8543d24f-bec7-4768-944c-282c8ff9c745@group-477B38A169A7-LeaderElection70 ELECTION round 0: result REJECTED
2022-01-20 14:18:49,123 [8543d24f-bec7-4768-944c-282c8ff9c745@group-477B38A169A7-LeaderElection70] INFO  server.RaftServer$Division (RaftServerImpl.java:setRole(290)) - 8543d24f-bec7-4768-944c-282c8ff9c745@group-477B38A169A7: changes role from CANDIDATE to FOLLOWER at term 6 for REJECTED
2022-01-20 14:18:49,124 [8543d24f-bec7-4768-944c-282c8ff9c745@group-477B38A169A7-LeaderElection70] INFO  impl.RoleInfo (RoleInfo.java:shutdownLeaderElection(121)) - 8543d24f-bec7-4768-944c-282c8ff9c745: shutdown 8543d24f-bec7-4768-944c-282c8ff9c745@group-477B38A169A7-LeaderElection70
2022-01-20 14:18:49,124 [8543d24f-bec7-4768-944c-282c8ff9c745@group-477B38A169A7-LeaderElection70] INFO  impl.RoleInfo (RoleInfo.java:updateAndGet(130)) - 8543d24f-bec7-4768-944c-282c8ff9c745: start 8543d24f-bec7-4768-944c-282c8ff9c745@group-477B38A169A7-FollowerState
2022-01-20 14:18:49,510 [Listener at 127.0.0.1/36805] INFO  utils.BackgroundService (BackgroundService.java:shutdown(132)) - Shutting down service BlockDeletingService
2022-01-20 14:18:49,569 [ForkJoinPool.commonPool-worker-1] INFO  utils.BackgroundService (BackgroundService.java:shutdown(132)) - Shutting down service BlockDeletingService
2022-01-20 14:18:51,858 [3055d1e2-eb1d-45ac-85ad-2ef847921969@group-A8039840480C-FollowerState] INFO  impl.FollowerState (FollowerState.java:run(134)) - 3055d1e2-eb1d-45ac-85ad-2ef847921969@group-A8039840480C-FollowerState: change to CANDIDATE, lastRpcElapsedTime:5306924141ns, electionTimeout:5141ms
2022-01-20 14:18:51,858 [3055d1e2-eb1d-45ac-85ad-2ef847921969@group-A8039840480C-FollowerState] INFO  impl.RoleInfo (RoleInfo.java:shutdownFollowerState(108)) - 3055d1e2-eb1d-45ac-85ad-2ef847921969: shutdown 3055d1e2-eb1d-45ac-85ad-2ef847921969@group-A8039840480C-FollowerState
2022-01-20 14:18:51,858 [3055d1e2-eb1d-45ac-85ad-2ef847921969@group-A8039840480C-FollowerState] INFO  server.RaftServer$Division (RaftServerImpl.java:setRole(290)) - 3055d1e2-eb1d-45ac-85ad-2ef847921969@group-A8039840480C: changes role from  FOLLOWER to CANDIDATE at term 3 for changeToCandidate
2022-01-20 14:18:51,858 [3055d1e2-eb1d-45ac-85ad-2ef847921969@group-A8039840480C-FollowerState] INFO  server.RaftServerConfigKeys (ConfUtils.java:logGet(44)) - raft.server.leaderelection.pre-vote = false (custom)
2022-01-20 14:18:51,858 [3055d1e2-eb1d-45ac-85ad-2ef847921969@group-A8039840480C-FollowerState] INFO  impl.RoleInfo (RoleInfo.java:updateAndGet(130)) - 3055d1e2-eb1d-45ac-85ad-2ef847921969: start 3055d1e2-eb1d-45ac-85ad-2ef847921969@group-A8039840480C-LeaderElection71
2022-01-20 14:18:51,879 [3055d1e2-eb1d-45ac-85ad-2ef847921969@group-A8039840480C-LeaderElection71] INFO  server.RaftServer$Division (ServerState.java:setLeader(285)) - 3055d1e2-eb1d-45ac-85ad-2ef847921969@group-A8039840480C: change Leader from 4a67b2a1-79be-440d-a7f9-3f5e5a8bd0ed to null at term 3 for ELECTION
2022-01-20 14:18:51,881 [3055d1e2-eb1d-45ac-85ad-2ef847921969@group-A8039840480C-LeaderElection71] INFO  impl.LeaderElection (LeaderElection.java:askForVotes(306)) - 3055d1e2-eb1d-45ac-85ad-2ef847921969@group-A8039840480C-LeaderElection71 ELECTION round 0: submit vote requests at term 4 for 0: [f405db60-e51c-4785-8bbc-e1c4726dfe5c|rpc:10.1.0.33:35313|dataStream:|priority:0, 4a67b2a1-79be-440d-a7f9-3f5e5a8bd0ed|rpc:10.1.0.33:42913|dataStream:|priority:1, 3055d1e2-eb1d-45ac-85ad-2ef847921969|rpc:10.1.0.33:39677|dataStream:|priority:0], old=null
2022-01-20 14:18:51,890 [grpc-default-executor-2] INFO  server.RaftServer$Division (RaftServerImpl.java:requestVote(1046)) - f405db60-e51c-4785-8bbc-e1c4726dfe5c@group-A8039840480C: receive requestVote(ELECTION, 3055d1e2-eb1d-45ac-85ad-2ef847921969, group-A8039840480C, 4, (t:3, i:0))
2022-01-20 14:18:51,890 [grpc-default-executor-2] INFO  impl.VoteContext (VoteContext.java:log(48)) - f405db60-e51c-4785-8bbc-e1c4726dfe5c@group-A8039840480C-FOLLOWER: accept ELECTION from 3055d1e2-eb1d-45ac-85ad-2ef847921969: our priority 0 <= candidate's priority 0
2022-01-20 14:18:51,890 [grpc-default-executor-2] INFO  server.RaftServer$Division (ServerState.java:setLeader(285)) - f405db60-e51c-4785-8bbc-e1c4726dfe5c@group-A8039840480C: change Leader from 4a67b2a1-79be-440d-a7f9-3f5e5a8bd0ed to null at term 4 for updateCurrentTerm
2022-01-20 14:18:51,890 [grpc-default-executor-2] INFO  server.RaftServer$Division (RaftServerImpl.java:setRole(290)) - f405db60-e51c-4785-8bbc-e1c4726dfe5c@group-A8039840480C: changes role from  FOLLOWER to FOLLOWER at term 4 for candidate:3055d1e2-eb1d-45ac-85ad-2ef847921969
2022-01-20 14:18:51,890 [grpc-default-executor-2] INFO  impl.RoleInfo (RoleInfo.java:shutdownFollowerState(108)) - f405db60-e51c-4785-8bbc-e1c4726dfe5c: shutdown f405db60-e51c-4785-8bbc-e1c4726dfe5c@group-A8039840480C-FollowerState
2022-01-20 14:18:51,911 [f405db60-e51c-4785-8bbc-e1c4726dfe5c@group-A8039840480C-FollowerState] INFO  impl.FollowerState (FollowerState.java:run(127)) - f405db60-e51c-4785-8bbc-e1c4726dfe5c@group-A8039840480C-FollowerState: Stopping now (isRunning? false, isFollower? true)
2022-01-20 14:18:51,928 [grpc-default-executor-2] INFO  impl.RoleInfo (RoleInfo.java:updateAndGet(130)) - f405db60-e51c-4785-8bbc-e1c4726dfe5c: start f405db60-e51c-4785-8bbc-e1c4726dfe5c@group-A8039840480C-FollowerState
2022-01-20 14:18:51,933 [grpc-default-executor-2] INFO  server.RaftServer$Division (RaftServerImpl.java:requestVote(1078)) - f405db60-e51c-4785-8bbc-e1c4726dfe5c@group-A8039840480C replies to ELECTION vote request: 3055d1e2-eb1d-45ac-85ad-2ef847921969<-f405db60-e51c-4785-8bbc-e1c4726dfe5c#0:OK-t4. Peer's state: f405db60-e51c-4785-8bbc-e1c4726dfe5c@group-A8039840480C:t4, leader=null, voted=3055d1e2-eb1d-45ac-85ad-2ef847921969, raftlog=f405db60-e51c-4785-8bbc-e1c4726dfe5c@group-A8039840480C-SegmentedRaftLog:OPENED:c0, conf=0: [f405db60-e51c-4785-8bbc-e1c4726dfe5c|rpc:10.1.0.33:35313|dataStream:|priority:0, 4a67b2a1-79be-440d-a7f9-3f5e5a8bd0ed|rpc:10.1.0.33:42913|dataStream:|priority:1, 3055d1e2-eb1d-45ac-85ad-2ef847921969|rpc:10.1.0.33:39677|dataStream:|priority:0], old=null
2022-01-20 14:18:51,957 [3055d1e2-eb1d-45ac-85ad-2ef847921969@group-A8039840480C-LeaderElection71] INFO  impl.LeaderElection (LogUtils.java:infoOrTrace(137)) - 3055d1e2-eb1d-45ac-85ad-2ef847921969@group-A8039840480C-LeaderElection71 got exception when requesting votes: java.util.concurrent.ExecutionException: org.apache.ratis.thirdparty.io.grpc.StatusRuntimeException: UNAVAILABLE: io exception
2022-01-20 14:18:51,957 [3055d1e2-eb1d-45ac-85ad-2ef847921969@group-A8039840480C-LeaderElection71] INFO  impl.LeaderElection (LeaderElection.java:logAndReturn(89)) - 3055d1e2-eb1d-45ac-85ad-2ef847921969@group-A8039840480C-LeaderElection71: ELECTION PASSED received 1 response(s) and 1 exception(s):
2022-01-20 14:18:51,957 [3055d1e2-eb1d-45ac-85ad-2ef847921969@group-A8039840480C-LeaderElection71] INFO  impl.LeaderElection (LeaderElection.java:logAndReturn(93)) -   Response 0: 3055d1e2-eb1d-45ac-85ad-2ef847921969<-f405db60-e51c-4785-8bbc-e1c4726dfe5c#0:OK-t4
2022-01-20 14:18:51,957 [3055d1e2-eb1d-45ac-85ad-2ef847921969@group-A8039840480C-LeaderElection71] INFO  impl.LeaderElection (LogUtils.java:infoOrTrace(137)) -   Exception 1: java.util.concurrent.ExecutionException: org.apache.ratis.thirdparty.io.grpc.StatusRuntimeException: UNAVAILABLE: io exception
2022-01-20 14:18:51,957 [3055d1e2-eb1d-45ac-85ad-2ef847921969@group-A8039840480C-LeaderElection71] INFO  impl.LeaderElection (LeaderElection.java:askForVotes(308)) - 3055d1e2-eb1d-45ac-85ad-2ef847921969@group-A8039840480C-LeaderElection71 ELECTION round 0: result PASSED
2022-01-20 14:18:51,957 [3055d1e2-eb1d-45ac-85ad-2ef847921969@group-A8039840480C-LeaderElection71] INFO  impl.RoleInfo (RoleInfo.java:shutdownLeaderElection(121)) - 3055d1e2-eb1d-45ac-85ad-2ef847921969: shutdown 3055d1e2-eb1d-45ac-85ad-2ef847921969@group-A8039840480C-LeaderElection71
2022-01-20 14:18:51,957 [3055d1e2-eb1d-45ac-85ad-2ef847921969@group-A8039840480C-LeaderElection71] INFO  server.RaftServer$Division (RaftServerImpl.java:setRole(290)) - 3055d1e2-eb1d-45ac-85ad-2ef847921969@group-A8039840480C: changes role from CANDIDATE to LEADER at term 4 for changeToLeader
2022-01-20 14:18:51,957 [3055d1e2-eb1d-45ac-85ad-2ef847921969@group-A8039840480C-LeaderElection71] INFO  ratis.XceiverServerRatis (XceiverServerRatis.java:handleLeaderChangedNotification(866)) - Leader change notification received for group: group-A8039840480C with new leaderId: 3055d1e2-eb1d-45ac-85ad-2ef847921969
2022-01-20 14:18:51,957 [3055d1e2-eb1d-45ac-85ad-2ef847921969@group-A8039840480C-LeaderElection71] INFO  server.RaftServer$Division (ServerState.java:setLeader(285)) - 3055d1e2-eb1d-45ac-85ad-2ef847921969@group-A8039840480C: change Leader from null to 3055d1e2-eb1d-45ac-85ad-2ef847921969 at term 4 for becomeLeader, leader elected after 78ms
2022-01-20 14:18:51,957 [3055d1e2-eb1d-45ac-85ad-2ef847921969@group-A8039840480C-LeaderElection71] INFO  server.RaftServerConfigKeys (ConfUtils.java:logGet(44)) - raft.server.staging.catchup.gap = 1000 (default)
2022-01-20 14:18:51,957 [3055d1e2-eb1d-45ac-85ad-2ef847921969@group-A8039840480C-LeaderElection71] INFO  server.RaftServerConfigKeys (ConfUtils.java:logGet(44)) - raft.server.write.element-limit = 1024 (custom)
2022-01-20 14:18:51,958 [3055d1e2-eb1d-45ac-85ad-2ef847921969@group-A8039840480C-LeaderElection71] INFO  server.RaftServerConfigKeys (ConfUtils.java:logGet(44)) - raft.server.write.byte-limit = 1024 M (=1073741824) (custom)
2022-01-20 14:18:51,958 [3055d1e2-eb1d-45ac-85ad-2ef847921969@group-A8039840480C-LeaderElection71] INFO  server.RaftServerConfigKeys (ConfUtils.java:logGet(44)) - raft.server.watch.timeout = 3000ms (custom)
2022-01-20 14:18:51,958 [3055d1e2-eb1d-45ac-85ad-2ef847921969@group-A8039840480C-LeaderElection71] INFO  server.RaftServerConfigKeys (ConfUtils.java:logGet(44)) - raft.server.watch.timeout.denomination = 1s (default)
2022-01-20 14:18:51,958 [3055d1e2-eb1d-45ac-85ad-2ef847921969@group-A8039840480C-LeaderElection71] INFO  server.RaftServerConfigKeys (ConfUtils.java:logGet(44)) - raft.server.watch.element-limit = 65536 (default)
2022-01-20 14:18:51,958 [3055d1e2-eb1d-45ac-85ad-2ef847921969@group-A8039840480C-LeaderElection71] INFO  server.RaftServerConfigKeys (ConfUtils.java:logGet(44)) - raft.server.write.element-limit = 1024 (custom)
2022-01-20 14:18:51,958 [3055d1e2-eb1d-45ac-85ad-2ef847921969@group-A8039840480C-LeaderElection71] INFO  server.RaftServerConfigKeys (ConfUtils.java:logGet(44)) - raft.server.write.follower.gap.ratio.max = -1.0 (default)
2022-01-20 14:18:51,958 [3055d1e2-eb1d-45ac-85ad-2ef847921969@group-A8039840480C-LeaderElection71] INFO  server.RaftServerConfigKeys (ConfUtils.java:logGet(44)) - raft.server.log.appender.snapshot.chunk.size.max = 16MB (=16777216) (default)
2022-01-20 14:18:51,958 [3055d1e2-eb1d-45ac-85ad-2ef847921969@group-A8039840480C-LeaderElection71] INFO  server.RaftServerConfigKeys (ConfUtils.java:logGet(44)) - raft.server.log.appender.buffer.byte-limit = 33554432 (custom)
2022-01-20 14:18:51,958 [3055d1e2-eb1d-45ac-85ad-2ef847921969@group-A8039840480C-LeaderElection71] INFO  server.RaftServerConfigKeys (ConfUtils.java:logGet(44)) - raft.server.log.appender.buffer.element-limit = 1 (custom)
2022-01-20 14:18:51,958 [3055d1e2-eb1d-45ac-85ad-2ef847921969@group-A8039840480C-LeaderElection71] INFO  grpc.GrpcConfigKeys (ConfUtils.java:logGet(44)) - raft.grpc.server.leader.outstanding.appends.max = 128 (default)
2022-01-20 14:18:51,958 [3055d1e2-eb1d-45ac-85ad-2ef847921969@group-A8039840480C-LeaderElection71] INFO  server.RaftServerConfigKeys (ConfUtils.java:logGet(44)) - raft.server.rpc.request.timeout = 3000ms (default)
2022-01-20 14:18:51,959 [3055d1e2-eb1d-45ac-85ad-2ef847921969@group-A8039840480C-LeaderElection71] INFO  server.RaftServerConfigKeys (ConfUtils.java:logGet(44)) - raft.server.log.appender.install.snapshot.enabled = false (custom)
2022-01-20 14:18:51,960 [3055d1e2-eb1d-45ac-85ad-2ef847921969@group-A8039840480C-LeaderElection71] INFO  server.RaftServerConfigKeys (ConfUtils.java:logGet(44)) - raft.server.log.appender.snapshot.chunk.size.max = 16MB (=16777216) (default)
2022-01-20 14:18:51,960 [3055d1e2-eb1d-45ac-85ad-2ef847921969@group-A8039840480C-LeaderElection71] INFO  server.RaftServerConfigKeys (ConfUtils.java:logGet(44)) - raft.server.log.appender.buffer.byte-limit = 33554432 (custom)
2022-01-20 14:18:51,960 [3055d1e2-eb1d-45ac-85ad-2ef847921969@group-A8039840480C-LeaderElection71] INFO  server.RaftServerConfigKeys (ConfUtils.java:logGet(44)) - raft.server.log.appender.buffer.element-limit = 1 (custom)
2022-01-20 14:18:51,960 [3055d1e2-eb1d-45ac-85ad-2ef847921969@group-A8039840480C-LeaderElection71] INFO  grpc.GrpcConfigKeys (ConfUtils.java:logGet(44)) - raft.grpc.server.leader.outstanding.appends.max = 128 (default)
2022-01-20 14:18:51,960 [3055d1e2-eb1d-45ac-85ad-2ef847921969@group-A8039840480C-LeaderElection71] INFO  server.RaftServerConfigKeys (ConfUtils.java:logGet(44)) - raft.server.rpc.request.timeout = 3000ms (default)
2022-01-20 14:18:51,960 [3055d1e2-eb1d-45ac-85ad-2ef847921969@group-A8039840480C-LeaderElection71] INFO  server.RaftServerConfigKeys (ConfUtils.java:logGet(44)) - raft.server.log.appender.install.snapshot.enabled = false (custom)
2022-01-20 14:18:51,962 [3055d1e2-eb1d-45ac-85ad-2ef847921969@group-A8039840480C-LeaderElection71] INFO  impl.RoleInfo (RoleInfo.java:updateAndGet(130)) - 3055d1e2-eb1d-45ac-85ad-2ef847921969: start 3055d1e2-eb1d-45ac-85ad-2ef847921969@group-A8039840480C-LeaderStateImpl
2022-01-20 14:18:51,963 [3055d1e2-eb1d-45ac-85ad-2ef847921969@group-A8039840480C-LeaderElection71] INFO  segmented.SegmentedRaftLogWorker (SegmentedRaftLogWorker.java:rollLogSegment(399)) - 3055d1e2-eb1d-45ac-85ad-2ef847921969@group-A8039840480C-SegmentedRaftLogWorker: Rolling segment log-0_0 to index:0
2022-01-20 14:18:51,963 [3055d1e2-eb1d-45ac-85ad-2ef847921969@group-A8039840480C-SegmentedRaftLogWorker] INFO  segmented.SegmentedRaftLogWorker (SegmentedRaftLogWorker.java:execute(558)) - 3055d1e2-eb1d-45ac-85ad-2ef847921969@group-A8039840480C-SegmentedRaftLogWorker: Rolled log segment from /home/runner/work/ozone/ozone/hadoop-ozone/integration-test/target/test-dir/MiniOzoneClusterImpl-f1e7e660-ec45-4ef3-9198-8cc7416827f1/datanode-0/data/ratis/c4c59fdd-05d0-43b3-b6e4-a8039840480c/current/log_inprogress_0 to /home/runner/work/ozone/ozone/hadoop-ozone/integration-test/target/test-dir/MiniOzoneClusterImpl-f1e7e660-ec45-4ef3-9198-8cc7416827f1/datanode-0/data/ratis/c4c59fdd-05d0-43b3-b6e4-a8039840480c/current/log_0-0
2022-01-20 14:18:51,965 [grpc-default-executor-2] WARN  server.GrpcLogAppender (LogUtils.java:warn(122)) - 3055d1e2-eb1d-45ac-85ad-2ef847921969@group-A8039840480C->4a67b2a1-79be-440d-a7f9-3f5e5a8bd0ed-AppendLogResponseHandler: Failed appendEntries: org.apache.ratis.thirdparty.io.grpc.StatusRuntimeException: UNAVAILABLE: io exception
2022-01-20 14:18:51,965 [3055d1e2-eb1d-45ac-85ad-2ef847921969@group-A8039840480C-SegmentedRaftLogWorker] INFO  segmented.SegmentedRaftLogWorker (SegmentedRaftLogWorker.java:execute(601)) - 3055d1e2-eb1d-45ac-85ad-2ef847921969@group-A8039840480C-SegmentedRaftLogWorker: created new log segment /home/runner/work/ozone/ozone/hadoop-ozone/integration-test/target/test-dir/MiniOzoneClusterImpl-f1e7e660-ec45-4ef3-9198-8cc7416827f1/datanode-0/data/ratis/c4c59fdd-05d0-43b3-b6e4-a8039840480c/current/log_inprogress_1
2022-01-20 14:18:51,966 [grpc-default-executor-2] WARN  server.GrpcLogAppender (GrpcLogAppender.java:resetClient(110)) - 3055d1e2-eb1d-45ac-85ad-2ef847921969@group-A8039840480C->4a67b2a1-79be-440d-a7f9-3f5e5a8bd0ed-GrpcLogAppender: Leader has not got in touch with Follower 3055d1e2-eb1d-45ac-85ad-2ef847921969@group-A8039840480C->4a67b2a1-79be-440d-a7f9-3f5e5a8bd0ed(c-1,m0,n1, attendVote=true, lastRpcSendTime=5207, lastRpcResponseTime=5207) yet, just keep nextIndex unchanged and retry.
2022-01-20 14:18:51,967 [grpc-default-executor-2] WARN  server.GrpcLogAppender (LogUtils.java:warn(122)) - 3055d1e2-eb1d-45ac-85ad-2ef847921969@group-A8039840480C->4a67b2a1-79be-440d-a7f9-3f5e5a8bd0ed-AppendLogResponseHandler: Failed appendEntries: org.apache.ratis.thirdparty.io.grpc.StatusRuntimeException: UNAVAILABLE: io exception
2022-01-20 14:18:51,967 [grpc-default-executor-2] WARN  server.GrpcLogAppender (GrpcLogAppender.java:resetClient(110)) - 3055d1e2-eb1d-45ac-85ad-2ef847921969@group-A8039840480C->4a67b2a1-79be-440d-a7f9-3f5e5a8bd0ed-GrpcLogAppender: Leader has not got in touch with Follower 3055d1e2-eb1d-45ac-85ad-2ef847921969@group-A8039840480C->4a67b2a1-79be-440d-a7f9-3f5e5a8bd0ed(c-1,m0,n2, attendVote=true, lastRpcSendTime=0, lastRpcResponseTime=5208) yet, just keep nextIndex unchanged and retry.
2022-01-20 14:18:51,971 [3055d1e2-eb1d-45ac-85ad-2ef847921969@group-A8039840480C-LeaderElection71] INFO  server.RaftServer$Division (ServerState.java:setRaftConf(387)) - 3055d1e2-eb1d-45ac-85ad-2ef847921969@group-A8039840480C: set configuration 1: [f405db60-e51c-4785-8bbc-e1c4726dfe5c|rpc:10.1.0.33:35313|dataStream:|priority:0, 4a67b2a1-79be-440d-a7f9-3f5e5a8bd0ed|rpc:10.1.0.33:42913|dataStream:|priority:1, 3055d1e2-eb1d-45ac-85ad-2ef847921969|rpc:10.1.0.33:39677|dataStream:|priority:0], old=null
2022-01-20 14:18:51,999 [grpc-default-executor-2] INFO  ratis.XceiverServerRatis (XceiverServerRatis.java:handleLeaderChangedNotification(866)) - Leader change notification received for group: group-A8039840480C with new leaderId: 3055d1e2-eb1d-45ac-85ad-2ef847921969
2022-01-20 14:18:51,999 [grpc-default-executor-2] INFO  server.RaftServer$Division (ServerState.java:setLeader(285)) - f405db60-e51c-4785-8bbc-e1c4726dfe5c@group-A8039840480C: change Leader from null to 3055d1e2-eb1d-45ac-85ad-2ef847921969 at term 4 for appendEntries, leader elected after 108ms
2022-01-20 14:18:52,012 [grpc-default-executor-2] INFO  server.RaftServer$Division (ServerState.java:setRaftConf(387)) - f405db60-e51c-4785-8bbc-e1c4726dfe5c@group-A8039840480C: set configuration 1: [f405db60-e51c-4785-8bbc-e1c4726dfe5c|rpc:10.1.0.33:35313|dataStream:|priority:0, 4a67b2a1-79be-440d-a7f9-3f5e5a8bd0ed|rpc:10.1.0.33:42913|dataStream:|priority:1, 3055d1e2-eb1d-45ac-85ad-2ef847921969|rpc:10.1.0.33:39677|dataStream:|priority:0], old=null
2022-01-20 14:18:52,012 [grpc-default-executor-2] INFO  segmented.SegmentedRaftLogWorker (SegmentedRaftLogWorker.java:rollLogSegment(399)) - f405db60-e51c-4785-8bbc-e1c4726dfe5c@group-A8039840480C-SegmentedRaftLogWorker: Rolling segment log-0_0 to index:0
2022-01-20 14:18:52,013 [f405db60-e51c-4785-8bbc-e1c4726dfe5c@group-A8039840480C-SegmentedRaftLogWorker] INFO  segmented.SegmentedRaftLogWorker (SegmentedRaftLogWorker.java:execute(558)) - f405db60-e51c-4785-8bbc-e1c4726dfe5c@group-A8039840480C-SegmentedRaftLogWorker: Rolled log segment from /home/runner/work/ozone/ozone/hadoop-ozone/integration-test/target/test-dir/MiniOzoneClusterImpl-f1e7e660-ec45-4ef3-9198-8cc7416827f1/datanode-1/data/ratis/c4c59fdd-05d0-43b3-b6e4-a8039840480c/current/log_inprogress_0 to /home/runner/work/ozone/ozone/hadoop-ozone/integration-test/target/test-dir/MiniOzoneClusterImpl-f1e7e660-ec45-4ef3-9198-8cc7416827f1/datanode-1/data/ratis/c4c59fdd-05d0-43b3-b6e4-a8039840480c/current/log_0-0
2022-01-20 14:18:52,018 [f405db60-e51c-4785-8bbc-e1c4726dfe5c@group-A8039840480C-SegmentedRaftLogWorker] INFO  segmented.SegmentedRaftLogWorker (SegmentedRaftLogWorker.java:execute(601)) - f405db60-e51c-4785-8bbc-e1c4726dfe5c@group-A8039840480C-SegmentedRaftLogWorker: created new log segment /home/runner/work/ozone/ozone/hadoop-ozone/integration-test/target/test-dir/MiniOzoneClusterImpl-f1e7e660-ec45-4ef3-9198-8cc7416827f1/datanode-1/data/ratis/c4c59fdd-05d0-43b3-b6e4-a8039840480c/current/log_inprogress_1
2022-01-20 14:18:52,035 [grpc-default-executor-2] WARN  server.GrpcLogAppender (LogUtils.java:warn(122)) - 3055d1e2-eb1d-45ac-85ad-2ef847921969@group-A8039840480C->4a67b2a1-79be-440d-a7f9-3f5e5a8bd0ed-AppendLogResponseHandler: Failed appendEntries: org.apache.ratis.thirdparty.io.grpc.StatusRuntimeException: UNAVAILABLE: io exception
2022-01-20 14:18:52,035 [grpc-default-executor-2] WARN  server.GrpcLogAppender (GrpcLogAppender.java:resetClient(110)) - 3055d1e2-eb1d-45ac-85ad-2ef847921969@group-A8039840480C->4a67b2a1-79be-440d-a7f9-3f5e5a8bd0ed-GrpcLogAppender: Leader has not got in touch with Follower 3055d1e2-eb1d-45ac-85ad-2ef847921969@group-A8039840480C->4a67b2a1-79be-440d-a7f9-3f5e5a8bd0ed(c-1,m0,n3, attendVote=true, lastRpcSendTime=68, lastRpcResponseTime=5277) yet, just keep nextIndex unchanged and retry.
2022-01-20 14:18:52,514 [Listener at 127.0.0.1/36805] INFO  statemachine.DatanodeStateMachine (DatanodeStateMachine.java:stopDaemon(529)) - Ozone container server stopped.
2022-01-20 14:18:52,515 [Listener at 127.0.0.1/36805] INFO  handler.ContextHandler (ContextHandler.java:doStop(1153)) - Stopped o.e.j.w.WebAppContext@10418c7{hddsDatanode,/,null,STOPPED}{jar:file:/home/runner/.m2/repository/org/apache/ozone/hdds-container-service/1.3.0-SNAPSHOT/hdds-container-service-1.3.0-SNAPSHOT.jar!/webapps/hddsDatanode}
2022-01-20 14:18:52,515 [Listener at 127.0.0.1/36805] INFO  server.AbstractConnector (AbstractConnector.java:doStop(381)) - Stopped ServerConnector@86cc19{HTTP/1.1, (http/1.1)}{0.0.0.0:0}
2022-01-20 14:18:52,516 [Listener at 127.0.0.1/36805] INFO  server.session (HouseKeeper.java:stopScavenging(149)) - node0 Stopped scavenging
2022-01-20 14:18:52,516 [Listener at 127.0.0.1/36805] INFO  handler.ContextHandler (ContextHandler.java:doStop(1153)) - Stopped o.e.j.s.ServletContextHandler@7d891953{static,/static,jar:file:/home/runner/.m2/repository/org/apache/ozone/hdds-container-service/1.3.0-SNAPSHOT/hdds-container-service-1.3.0-SNAPSHOT.jar!/webapps/static,STOPPED}
2022-01-20 14:18:52,516 [Listener at 127.0.0.1/36805] INFO  handler.ContextHandler (ContextHandler.java:doStop(1153)) - Stopped o.e.j.s.ServletContextHandler@15a971fb{logs,/logs,file:///home/runner/work/ozone/ozone/hadoop-ozone/integration-test/target/log,STOPPED}
2022-01-20 14:18:52,600 [ForkJoinPool.commonPool-worker-1] INFO  statemachine.DatanodeStateMachine (DatanodeStateMachine.java:stopDaemon(529)) - Ozone container server stopped.
2022-01-20 14:18:52,629 [ForkJoinPool.commonPool-worker-1] INFO  handler.ContextHandler (ContextHandler.java:doStop(1153)) - Stopped o.e.j.w.WebAppContext@2f6b3859{hddsDatanode,/,null,STOPPED}{jar:file:/home/runner/.m2/repository/org/apache/ozone/hdds-container-service/1.3.0-SNAPSHOT/hdds-container-service-1.3.0-SNAPSHOT.jar!/webapps/hddsDatanode}
2022-01-20 14:18:52,629 [ForkJoinPool.commonPool-worker-1] INFO  server.AbstractConnector (AbstractConnector.java:doStop(381)) - Stopped ServerConnector@ea8842c{HTTP/1.1, (http/1.1)}{0.0.0.0:0}
2022-01-20 14:18:52,630 [ForkJoinPool.commonPool-worker-1] INFO  server.session (HouseKeeper.java:stopScavenging(149)) - node0 Stopped scavenging
2022-01-20 14:18:52,634 [ForkJoinPool.commonPool-worker-1] INFO  handler.ContextHandler (ContextHandler.java:doStop(1153)) - Stopped o.e.j.s.ServletContextHandler@7bc847dd{static,/static,jar:file:/home/runner/.m2/repository/org/apache/ozone/hdds-container-service/1.3.0-SNAPSHOT/hdds-container-service-1.3.0-SNAPSHOT.jar!/webapps/static,STOPPED}
2022-01-20 14:18:52,638 [ForkJoinPool.commonPool-worker-1] INFO  handler.ContextHandler (ContextHandler.java:doStop(1153)) - Stopped o.e.j.s.ServletContextHandler@50038523{logs,/logs,file:///home/runner/work/ozone/ozone/hadoop-ozone/integration-test/target/log,STOPPED}
2022-01-20 14:18:54,170 [974883c6-3444-443e-b406-2e7f57ab6e46@group-477B38A169A7-FollowerState] INFO  impl.FollowerState (FollowerState.java:run(134)) - 974883c6-3444-443e-b406-2e7f57ab6e46@group-477B38A169A7-FollowerState: change to CANDIDATE, lastRpcElapsedTime:5072171244ns, electionTimeout:5047ms
2022-01-20 14:18:54,170 [974883c6-3444-443e-b406-2e7f57ab6e46@group-477B38A169A7-FollowerState] INFO  impl.RoleInfo (RoleInfo.java:shutdownFollowerState(108)) - 974883c6-3444-443e-b406-2e7f57ab6e46: shutdown 974883c6-3444-443e-b406-2e7f57ab6e46@group-477B38A169A7-FollowerState
2022-01-20 14:18:54,170 [974883c6-3444-443e-b406-2e7f57ab6e46@group-477B38A169A7-FollowerState] INFO  server.RaftServer$Division (RaftServerImpl.java:setRole(290)) - 974883c6-3444-443e-b406-2e7f57ab6e46@group-477B38A169A7: changes role from  FOLLOWER to CANDIDATE at term 6 for changeToCandidate
2022-01-20 14:18:54,170 [974883c6-3444-443e-b406-2e7f57ab6e46@group-477B38A169A7-FollowerState] INFO  server.RaftServerConfigKeys (ConfUtils.java:logGet(44)) - raft.server.leaderelection.pre-vote = false (custom)
2022-01-20 14:18:54,170 [974883c6-3444-443e-b406-2e7f57ab6e46@group-477B38A169A7-FollowerState] INFO  impl.RoleInfo (RoleInfo.java:updateAndGet(130)) - 974883c6-3444-443e-b406-2e7f57ab6e46: start 974883c6-3444-443e-b406-2e7f57ab6e46@group-477B38A169A7-LeaderElection72
2022-01-20 14:18:54,207 [974883c6-3444-443e-b406-2e7f57ab6e46@group-477B38A169A7-LeaderElection72] INFO  impl.LeaderElection (LeaderElection.java:askForVotes(306)) - 974883c6-3444-443e-b406-2e7f57ab6e46@group-477B38A169A7-LeaderElection72 ELECTION round 0: submit vote requests at term 7 for -1: [c842222a-b1c3-47cd-9e78-3481338af40d|rpc:10.1.0.33:44871|dataStream:|priority:0, 8543d24f-bec7-4768-944c-282c8ff9c745|rpc:10.1.0.33:34369|dataStream:|priority:0, 974883c6-3444-443e-b406-2e7f57ab6e46|rpc:10.1.0.33:43877|dataStream:|priority:1], old=null
2022-01-20 14:18:54,266 [974883c6-3444-443e-b406-2e7f57ab6e46@group-477B38A169A7-LeaderElection72] INFO  impl.LeaderElection (LogUtils.java:infoOrTrace(137)) - 974883c6-3444-443e-b406-2e7f57ab6e46@group-477B38A169A7-LeaderElection72 got exception when requesting votes: java.util.concurrent.ExecutionException: org.apache.ratis.thirdparty.io.grpc.StatusRuntimeException: UNAVAILABLE: io exception
2022-01-20 14:18:54,275 [grpc-default-executor-2] INFO  server.RaftServer$Division (RaftServerImpl.java:requestVote(1046)) - 8543d24f-bec7-4768-944c-282c8ff9c745@group-477B38A169A7: receive requestVote(ELECTION, 974883c6-3444-443e-b406-2e7f57ab6e46, group-477B38A169A7, 7, (t:0, i:0))
2022-01-20 14:18:54,275 [grpc-default-executor-2] INFO  impl.VoteContext (VoteContext.java:log(48)) - 8543d24f-bec7-4768-944c-282c8ff9c745@group-477B38A169A7-FOLLOWER: accept ELECTION from 974883c6-3444-443e-b406-2e7f57ab6e46: our priority 0 <= candidate's priority 1
2022-01-20 14:18:54,275 [grpc-default-executor-2] INFO  server.RaftServer$Division (RaftServerImpl.java:setRole(290)) - 8543d24f-bec7-4768-944c-282c8ff9c745@group-477B38A169A7: changes role from  FOLLOWER to FOLLOWER at term 7 for candidate:974883c6-3444-443e-b406-2e7f57ab6e46
2022-01-20 14:18:54,275 [grpc-default-executor-2] INFO  impl.RoleInfo (RoleInfo.java:shutdownFollowerState(108)) - 8543d24f-bec7-4768-944c-282c8ff9c745: shutdown 8543d24f-bec7-4768-944c-282c8ff9c745@group-477B38A169A7-FollowerState
2022-01-20 14:18:54,275 [grpc-default-executor-2] INFO  impl.RoleInfo (RoleInfo.java:updateAndGet(130)) - 8543d24f-bec7-4768-944c-282c8ff9c745: start 8543d24f-bec7-4768-944c-282c8ff9c745@group-477B38A169A7-FollowerState
2022-01-20 14:18:54,275 [8543d24f-bec7-4768-944c-282c8ff9c745@group-477B38A169A7-FollowerState] INFO  impl.FollowerState (FollowerState.java:run(143)) - 8543d24f-bec7-4768-944c-282c8ff9c745@group-477B38A169A7-FollowerState was interrupted: {}
java.lang.InterruptedException: sleep interrupted
	at java.lang.Thread.sleep(Native Method)
	at java.lang.Thread.sleep(Thread.java:340)
	at java.util.concurrent.TimeUnit.sleep(TimeUnit.java:386)
	at org.apache.ratis.util.TimeDuration.sleep(TimeDuration.java:324)
	at org.apache.ratis.util.TimeDuration.sleep(TimeDuration.java:309)
	at org.apache.ratis.server.impl.FollowerState.run(FollowerState.java:118)
2022-01-20 14:18:54,283 [grpc-default-executor-2] INFO  server.RaftServer$Division (RaftServerImpl.java:requestVote(1078)) - 8543d24f-bec7-4768-944c-282c8ff9c745@group-477B38A169A7 replies to ELECTION vote request: 974883c6-3444-443e-b406-2e7f57ab6e46<-8543d24f-bec7-4768-944c-282c8ff9c745#0:OK-t7. Peer's state: 8543d24f-bec7-4768-944c-282c8ff9c745@group-477B38A169A7:t7, leader=null, voted=974883c6-3444-443e-b406-2e7f57ab6e46, raftlog=8543d24f-bec7-4768-944c-282c8ff9c745@group-477B38A169A7-SegmentedRaftLog:OPENED:c-1, conf=-1: [c842222a-b1c3-47cd-9e78-3481338af40d|rpc:10.1.0.33:44871|priority:0, 8543d24f-bec7-4768-944c-282c8ff9c745|rpc:10.1.0.33:34369|priority:0, 974883c6-3444-443e-b406-2e7f57ab6e46|rpc:10.1.0.33:43877|priority:1], old=null
2022-01-20 14:18:54,329 [974883c6-3444-443e-b406-2e7f57ab6e46@group-477B38A169A7-LeaderElection72] INFO  impl.LeaderElection (LeaderElection.java:logAndReturn(89)) - 974883c6-3444-443e-b406-2e7f57ab6e46@group-477B38A169A7-LeaderElection72: ELECTION PASSED received 1 response(s) and 1 exception(s):
2022-01-20 14:18:54,329 [974883c6-3444-443e-b406-2e7f57ab6e46@group-477B38A169A7-LeaderElection72] INFO  impl.LeaderElection (LeaderElection.java:logAndReturn(93)) -   Response 0: 974883c6-3444-443e-b406-2e7f57ab6e46<-8543d24f-bec7-4768-944c-282c8ff9c745#0:OK-t7
2022-01-20 14:18:54,329 [974883c6-3444-443e-b406-2e7f57ab6e46@group-477B38A169A7-LeaderElection72] INFO  impl.LeaderElection (LogUtils.java:infoOrTrace(137)) -   Exception 1: java.util.concurrent.ExecutionException: org.apache.ratis.thirdparty.io.grpc.StatusRuntimeException: UNAVAILABLE: io exception
2022-01-20 14:18:54,329 [974883c6-3444-443e-b406-2e7f57ab6e46@group-477B38A169A7-LeaderElection72] INFO  impl.LeaderElection (LeaderElection.java:askForVotes(308)) - 974883c6-3444-443e-b406-2e7f57ab6e46@group-477B38A169A7-LeaderElection72 ELECTION round 0: result PASSED
2022-01-20 14:18:54,329 [974883c6-3444-443e-b406-2e7f57ab6e46@group-477B38A169A7-LeaderElection72] INFO  impl.RoleInfo (RoleInfo.java:shutdownLeaderElection(121)) - 974883c6-3444-443e-b406-2e7f57ab6e46: shutdown 974883c6-3444-443e-b406-2e7f57ab6e46@group-477B38A169A7-LeaderElection72
2022-01-20 14:18:54,329 [974883c6-3444-443e-b406-2e7f57ab6e46@group-477B38A169A7-LeaderElection72] INFO  server.RaftServer$Division (RaftServerImpl.java:setRole(290)) - 974883c6-3444-443e-b406-2e7f57ab6e46@group-477B38A169A7: changes role from CANDIDATE to LEADER at term 7 for changeToLeader
2022-01-20 14:18:54,329 [974883c6-3444-443e-b406-2e7f57ab6e46@group-477B38A169A7-LeaderElection72] INFO  ratis.XceiverServerRatis (XceiverServerRatis.java:handleLeaderChangedNotification(866)) - Leader change notification received for group: group-477B38A169A7 with new leaderId: 974883c6-3444-443e-b406-2e7f57ab6e46
2022-01-20 14:18:54,329 [974883c6-3444-443e-b406-2e7f57ab6e46@group-477B38A169A7-LeaderElection72] INFO  server.RaftServer$Division (ServerState.java:setLeader(285)) - 974883c6-3444-443e-b406-2e7f57ab6e46@group-477B38A169A7: change Leader from null to 974883c6-3444-443e-b406-2e7f57ab6e46 at term 7 for becomeLeader, leader elected after 36128ms
2022-01-20 14:18:54,329 [974883c6-3444-443e-b406-2e7f57ab6e46@group-477B38A169A7-LeaderElection72] INFO  server.RaftServerConfigKeys (ConfUtils.java:logGet(44)) - raft.server.staging.catchup.gap = 1000 (default)
2022-01-20 14:18:54,329 [974883c6-3444-443e-b406-2e7f57ab6e46@group-477B38A169A7-LeaderElection72] INFO  server.RaftServerConfigKeys (ConfUtils.java:logGet(44)) - raft.server.write.element-limit = 1024 (custom)
2022-01-20 14:18:54,330 [974883c6-3444-443e-b406-2e7f57ab6e46@group-477B38A169A7-LeaderElection72] INFO  server.RaftServerConfigKeys (ConfUtils.java:logGet(44)) - raft.server.write.byte-limit = 1024 M (=1073741824) (custom)
2022-01-20 14:18:54,330 [974883c6-3444-443e-b406-2e7f57ab6e46@group-477B38A169A7-LeaderElection72] INFO  server.RaftServerConfigKeys (ConfUtils.java:logGet(44)) - raft.server.watch.timeout = 3000ms (custom)
2022-01-20 14:18:54,330 [974883c6-3444-443e-b406-2e7f57ab6e46@group-477B38A169A7-LeaderElection72] INFO  server.RaftServerConfigKeys (ConfUtils.java:logGet(44)) - raft.server.watch.timeout.denomination = 1s (default)
2022-01-20 14:18:54,330 [974883c6-3444-443e-b406-2e7f57ab6e46@group-477B38A169A7-LeaderElection72] INFO  server.RaftServerConfigKeys (ConfUtils.java:logGet(44)) - raft.server.watch.element-limit = 65536 (default)
2022-01-20 14:18:54,330 [974883c6-3444-443e-b406-2e7f57ab6e46@group-477B38A169A7-LeaderElection72] INFO  server.RaftServerConfigKeys (ConfUtils.java:logGet(44)) - raft.server.write.element-limit = 1024 (custom)
2022-01-20 14:18:54,330 [974883c6-3444-443e-b406-2e7f57ab6e46@group-477B38A169A7-LeaderElection72] INFO  server.RaftServerConfigKeys (ConfUtils.java:logGet(44)) - raft.server.write.follower.gap.ratio.max = -1.0 (default)
2022-01-20 14:18:54,330 [974883c6-3444-443e-b406-2e7f57ab6e46@group-477B38A169A7-LeaderElection72] INFO  server.RaftServerConfigKeys (ConfUtils.java:logGet(44)) - raft.server.log.appender.snapshot.chunk.size.max = 16MB (=16777216) (default)
2022-01-20 14:18:54,330 [974883c6-3444-443e-b406-2e7f57ab6e46@group-477B38A169A7-LeaderElection72] INFO  server.RaftServerConfigKeys (ConfUtils.java:logGet(44)) - raft.server.log.appender.buffer.byte-limit = 33554432 (custom)
2022-01-20 14:18:54,330 [974883c6-3444-443e-b406-2e7f57ab6e46@group-477B38A169A7-LeaderElection72] INFO  server.RaftServerConfigKeys (ConfUtils.java:logGet(44)) - raft.server.log.appender.buffer.element-limit = 1 (custom)
2022-01-20 14:18:54,330 [974883c6-3444-443e-b406-2e7f57ab6e46@group-477B38A169A7-LeaderElection72] INFO  grpc.GrpcConfigKeys (ConfUtils.java:logGet(44)) - raft.grpc.server.leader.outstanding.appends.max = 128 (default)
2022-01-20 14:18:54,331 [974883c6-3444-443e-b406-2e7f57ab6e46@group-477B38A169A7-LeaderElection72] INFO  server.RaftServerConfigKeys (ConfUtils.java:logGet(44)) - raft.server.rpc.request.timeout = 3000ms (default)
2022-01-20 14:18:54,331 [974883c6-3444-443e-b406-2e7f57ab6e46@group-477B38A169A7-LeaderElection72] INFO  server.RaftServerConfigKeys (ConfUtils.java:logGet(44)) - raft.server.log.appender.install.snapshot.enabled = false (custom)
2022-01-20 14:18:54,332 [974883c6-3444-443e-b406-2e7f57ab6e46@group-477B38A169A7-LeaderElection72] INFO  server.RaftServerConfigKeys (ConfUtils.java:logGet(44)) - raft.server.log.appender.snapshot.chunk.size.max = 16MB (=16777216) (default)
2022-01-20 14:18:54,332 [974883c6-3444-443e-b406-2e7f57ab6e46@group-477B38A169A7-LeaderElection72] INFO  server.RaftServerConfigKeys (ConfUtils.java:logGet(44)) - raft.server.log.appender.buffer.byte-limit = 33554432 (custom)
2022-01-20 14:18:54,332 [974883c6-3444-443e-b406-2e7f57ab6e46@group-477B38A169A7-LeaderElection72] INFO  server.RaftServerConfigKeys (ConfUtils.java:logGet(44)) - raft.server.log.appender.buffer.element-limit = 1 (custom)
2022-01-20 14:18:54,332 [974883c6-3444-443e-b406-2e7f57ab6e46@group-477B38A169A7-LeaderElection72] INFO  grpc.GrpcConfigKeys (ConfUtils.java:logGet(44)) - raft.grpc.server.leader.outstanding.appends.max = 128 (default)
2022-01-20 14:18:54,332 [974883c6-3444-443e-b406-2e7f57ab6e46@group-477B38A169A7-LeaderElection72] INFO  server.RaftServerConfigKeys (ConfUtils.java:logGet(44)) - raft.server.rpc.request.timeout = 3000ms (default)
2022-01-20 14:18:54,332 [974883c6-3444-443e-b406-2e7f57ab6e46@group-477B38A169A7-LeaderElection72] INFO  server.RaftServerConfigKeys (ConfUtils.java:logGet(44)) - raft.server.log.appender.install.snapshot.enabled = false (custom)
2022-01-20 14:18:54,337 [974883c6-3444-443e-b406-2e7f57ab6e46@group-477B38A169A7-LeaderElection72] INFO  impl.RoleInfo (RoleInfo.java:updateAndGet(130)) - 974883c6-3444-443e-b406-2e7f57ab6e46: start 974883c6-3444-443e-b406-2e7f57ab6e46@group-477B38A169A7-LeaderStateImpl
2022-01-20 14:18:54,338 [974883c6-3444-443e-b406-2e7f57ab6e46@group-477B38A169A7-LeaderElection72] INFO  segmented.SegmentedRaftLogWorker (SegmentedRaftLogWorker.java:startLogSegment(394)) - 974883c6-3444-443e-b406-2e7f57ab6e46@group-477B38A169A7-SegmentedRaftLogWorker: Starting segment from index:0
2022-01-20 14:18:54,339 [974883c6-3444-443e-b406-2e7f57ab6e46@group-477B38A169A7-SegmentedRaftLogWorker] INFO  segmented.SegmentedRaftLogWorker (SegmentedRaftLogWorker.java:execute(601)) - 974883c6-3444-443e-b406-2e7f57ab6e46@group-477B38A169A7-SegmentedRaftLogWorker: created new log segment /home/runner/work/ozone/ozone/hadoop-ozone/integration-test/target/test-dir/MiniOzoneClusterImpl-f1e7e660-ec45-4ef3-9198-8cc7416827f1/datanode-5/data/ratis/4f8d674b-35e4-4c3d-a3fd-477b38a169a7/current/log_inprogress_0
2022-01-20 14:18:54,372 [grpc-default-executor-2] INFO  ratis.XceiverServerRatis (XceiverServerRatis.java:handleLeaderChangedNotification(866)) - Leader change notification received for group: group-477B38A169A7 with new leaderId: 974883c6-3444-443e-b406-2e7f57ab6e46
2022-01-20 14:18:54,372 [grpc-default-executor-2] INFO  server.RaftServer$Division (ServerState.java:setLeader(285)) - 8543d24f-bec7-4768-944c-282c8ff9c745@group-477B38A169A7: change Leader from null to 974883c6-3444-443e-b406-2e7f57ab6e46 at term 7 for appendEntries, leader elected after 36418ms
2022-01-20 14:18:54,388 [974883c6-3444-443e-b406-2e7f57ab6e46@group-477B38A169A7-LeaderElection72] INFO  server.RaftServer$Division (ServerState.java:setRaftConf(387)) - 974883c6-3444-443e-b406-2e7f57ab6e46@group-477B38A169A7: set configuration 0: [c842222a-b1c3-47cd-9e78-3481338af40d|rpc:10.1.0.33:44871|dataStream:|priority:0, 8543d24f-bec7-4768-944c-282c8ff9c745|rpc:10.1.0.33:34369|dataStream:|priority:0, 974883c6-3444-443e-b406-2e7f57ab6e46|rpc:10.1.0.33:43877|dataStream:|priority:1], old=null
2022-01-20 14:18:54,416 [grpc-default-executor-3] INFO  server.RaftServer$Division (ServerState.java:setRaftConf(387)) - 8543d24f-bec7-4768-944c-282c8ff9c745@group-477B38A169A7: set configuration 0: [c842222a-b1c3-47cd-9e78-3481338af40d|rpc:10.1.0.33:44871|dataStream:|priority:0, 8543d24f-bec7-4768-944c-282c8ff9c745|rpc:10.1.0.33:34369|dataStream:|priority:0, 974883c6-3444-443e-b406-2e7f57ab6e46|rpc:10.1.0.33:43877|dataStream:|priority:1], old=null
2022-01-20 14:18:54,417 [grpc-default-executor-3] INFO  segmented.SegmentedRaftLogWorker (SegmentedRaftLogWorker.java:startLogSegment(394)) - 8543d24f-bec7-4768-944c-282c8ff9c745@group-477B38A169A7-SegmentedRaftLogWorker: Starting segment from index:0
2022-01-20 14:18:54,440 [grpc-default-executor-2] WARN  server.GrpcLogAppender (LogUtils.java:warn(122)) - 974883c6-3444-443e-b406-2e7f57ab6e46@group-477B38A169A7->c842222a-b1c3-47cd-9e78-3481338af40d-AppendLogResponseHandler: Failed appendEntries: org.apache.ratis.thirdparty.io.grpc.StatusRuntimeException: UNAVAILABLE: io exception
2022-01-20 14:18:54,441 [grpc-default-executor-2] WARN  server.GrpcLogAppender (GrpcLogAppender.java:resetClient(110)) - 974883c6-3444-443e-b406-2e7f57ab6e46@group-477B38A169A7->c842222a-b1c3-47cd-9e78-3481338af40d-GrpcLogAppender: Leader has not got in touch with Follower 974883c6-3444-443e-b406-2e7f57ab6e46@group-477B38A169A7->c842222a-b1c3-47cd-9e78-3481338af40d(c-1,m0,n1, attendVote=true, lastRpcSendTime=36, lastRpcResponseTime=5311) yet, just keep nextIndex unchanged and retry.
2022-01-20 14:18:54,442 [8543d24f-bec7-4768-944c-282c8ff9c745@group-477B38A169A7-SegmentedRaftLogWorker] INFO  segmented.SegmentedRaftLogWorker (SegmentedRaftLogWorker.java:execute(601)) - 8543d24f-bec7-4768-944c-282c8ff9c745@group-477B38A169A7-SegmentedRaftLogWorker: created new log segment /home/runner/work/ozone/ozone/hadoop-ozone/integration-test/target/test-dir/MiniOzoneClusterImpl-f1e7e660-ec45-4ef3-9198-8cc7416827f1/datanode-3/data/ratis/4f8d674b-35e4-4c3d-a3fd-477b38a169a7/current/log_inprogress_0
2022-01-20 14:18:54,538 [grpc-default-executor-3] WARN  server.GrpcLogAppender (LogUtils.java:warn(122)) - 3055d1e2-eb1d-45ac-85ad-2ef847921969@group-A8039840480C->4a67b2a1-79be-440d-a7f9-3f5e5a8bd0ed-AppendLogResponseHandler: Failed appendEntries: org.apache.ratis.thirdparty.io.grpc.StatusRuntimeException: UNAVAILABLE: io exception
2022-01-20 14:18:54,539 [grpc-default-executor-3] WARN  server.GrpcLogAppender (GrpcLogAppender.java:resetClient(110)) - 3055d1e2-eb1d-45ac-85ad-2ef847921969@group-A8039840480C->4a67b2a1-79be-440d-a7f9-3f5e5a8bd0ed-GrpcLogAppender: Leader has not got in touch with Follower 3055d1e2-eb1d-45ac-85ad-2ef847921969@group-A8039840480C->4a67b2a1-79be-440d-a7f9-3f5e5a8bd0ed(c-1,m0,n3, attendVote=true, lastRpcSendTime=2502, lastRpcResponseTime=7780) yet, just keep nextIndex unchanged and retry.
2022-01-20 14:18:56,907 [grpc-default-executor-3] WARN  server.GrpcLogAppender (LogUtils.java:warn(122)) - 974883c6-3444-443e-b406-2e7f57ab6e46@group-477B38A169A7->c842222a-b1c3-47cd-9e78-3481338af40d-AppendLogResponseHandler: Failed appendEntries: org.apache.ratis.thirdparty.io.grpc.StatusRuntimeException: UNAVAILABLE: io exception
2022-01-20 14:18:56,908 [grpc-default-executor-3] WARN  server.GrpcLogAppender (GrpcLogAppender.java:resetClient(110)) - 974883c6-3444-443e-b406-2e7f57ab6e46@group-477B38A169A7->c842222a-b1c3-47cd-9e78-3481338af40d-GrpcLogAppender: Leader has not got in touch with Follower 974883c6-3444-443e-b406-2e7f57ab6e46@group-477B38A169A7->c842222a-b1c3-47cd-9e78-3481338af40d(c-1,m0,n1, attendVote=true, lastRpcSendTime=2, lastRpcResponseTime=7777) yet, just keep nextIndex unchanged and retry.
2022-01-20 14:18:57,045 [grpc-default-executor-3] WARN  server.GrpcLogAppender (LogUtils.java:warn(122)) - 3055d1e2-eb1d-45ac-85ad-2ef847921969@group-A8039840480C->4a67b2a1-79be-440d-a7f9-3f5e5a8bd0ed-AppendLogResponseHandler: Failed appendEntries: org.apache.ratis.thirdparty.io.grpc.StatusRuntimeException: UNAVAILABLE: io exception
2022-01-20 14:18:57,046 [grpc-default-executor-3] WARN  server.GrpcLogAppender (GrpcLogAppender.java:resetClient(110)) - 3055d1e2-eb1d-45ac-85ad-2ef847921969@group-A8039840480C->4a67b2a1-79be-440d-a7f9-3f5e5a8bd0ed-GrpcLogAppender: Leader has not got in touch with Follower 3055d1e2-eb1d-45ac-85ad-2ef847921969@group-A8039840480C->4a67b2a1-79be-440d-a7f9-3f5e5a8bd0ed(c-1,m0,n3, attendVote=true, lastRpcSendTime=2501, lastRpcResponseTime=10287) yet, just keep nextIndex unchanged and retry.
2022-01-20 14:18:57,519 [Listener at 127.0.0.1/36805] INFO  ozoneimpl.OzoneContainer (OzoneContainer.java:stop(336)) - Attempting to stop container services.
2022-01-20 14:18:57,520 [Listener at 127.0.0.1/36805] INFO  server.RaftServer (RaftServerProxy.java:lambda$close$6(391)) - 974883c6-3444-443e-b406-2e7f57ab6e46: close
2022-01-20 14:18:57,520 [Listener at 127.0.0.1/36805] INFO  server.RaftServer$Division (RaftServerImpl.java:lambda$close$4(412)) - 974883c6-3444-443e-b406-2e7f57ab6e46@group-14235F1030F3: shutdown
2022-01-20 14:18:57,521 [Listener at 127.0.0.1/36805] INFO  util.JmxRegister (JmxRegister.java:unregister(73)) - Successfully un-registered JMX Bean with object name Ratis:service=RaftServer,group=group-14235F1030F3,id=974883c6-3444-443e-b406-2e7f57ab6e46
2022-01-20 14:18:57,521 [Listener at 127.0.0.1/36805] INFO  impl.RoleInfo (RoleInfo.java:shutdownLeaderState(91)) - 974883c6-3444-443e-b406-2e7f57ab6e46: shutdown 974883c6-3444-443e-b406-2e7f57ab6e46@group-14235F1030F3-LeaderStateImpl
2022-01-20 14:18:57,521 [Listener at 127.0.0.1/36805] INFO  impl.PendingRequests (PendingRequests.java:sendNotLeaderResponses(282)) - 974883c6-3444-443e-b406-2e7f57ab6e46@group-14235F1030F3-PendingRequests: sendNotLeaderResponses
2022-01-20 14:18:57,522 [974883c6-3444-443e-b406-2e7f57ab6e46@group-14235F1030F3-StateMachineUpdater] INFO  ratis.ContainerStateMachine (ContainerStateMachine.java:takeSnapshot(299)) - group-14235F1030F3: Taking a snapshot at:(t:1, i:0) file /home/runner/work/ozone/ozone/hadoop-ozone/integration-test/target/test-dir/MiniOzoneClusterImpl-f1e7e660-ec45-4ef3-9198-8cc7416827f1/datanode-5/data/ratis/92656fac-f080-441f-980a-14235f1030f3/sm/snapshot.1_0
2022-01-20 14:18:57,523 [974883c6-3444-443e-b406-2e7f57ab6e46@group-14235F1030F3-StateMachineUpdater] INFO  ratis.ContainerStateMachine (ContainerStateMachine.java:takeSnapshot(310)) - group-14235F1030F3: Finished taking a snapshot at:(t:1, i:0) file:/home/runner/work/ozone/ozone/hadoop-ozone/integration-test/target/test-dir/MiniOzoneClusterImpl-f1e7e660-ec45-4ef3-9198-8cc7416827f1/datanode-5/data/ratis/92656fac-f080-441f-980a-14235f1030f3/sm/snapshot.1_0 took: 1 ms
2022-01-20 14:18:57,523 [974883c6-3444-443e-b406-2e7f57ab6e46@group-14235F1030F3-StateMachineUpdater] INFO  impl.StateMachineUpdater (StateMachineUpdater.java:takeSnapshot(281)) - 974883c6-3444-443e-b406-2e7f57ab6e46@group-14235F1030F3-StateMachineUpdater: Took a snapshot at index 0
2022-01-20 14:18:57,523 [974883c6-3444-443e-b406-2e7f57ab6e46@group-14235F1030F3-StateMachineUpdater] INFO  impl.StateMachineUpdater (StateMachineUpdater.java:lambda$new$0(89)) - 974883c6-3444-443e-b406-2e7f57ab6e46@group-14235F1030F3-StateMachineUpdater: snapshotIndex: updateIncreasingly -1 -> 0
2022-01-20 14:18:57,524 [Listener at 127.0.0.1/36805] INFO  impl.StateMachineUpdater (StateMachineUpdater.java:stopAndJoin(149)) - 974883c6-3444-443e-b406-2e7f57ab6e46@group-14235F1030F3-StateMachineUpdater: set stopIndex = 0
2022-01-20 14:18:57,524 [Listener at 127.0.0.1/36805] INFO  server.RaftServer$Division (ServerState.java:close(419)) - 974883c6-3444-443e-b406-2e7f57ab6e46@group-14235F1030F3: closes. applyIndex: 0
2022-01-20 14:18:57,525 [974883c6-3444-443e-b406-2e7f57ab6e46@group-14235F1030F3-SegmentedRaftLogWorker] INFO  segmented.SegmentedRaftLogWorker (SegmentedRaftLogWorker.java:run(327)) - 974883c6-3444-443e-b406-2e7f57ab6e46@group-14235F1030F3-SegmentedRaftLogWorker was interrupted, exiting. There are 0 tasks remaining in the queue.
2022-01-20 14:18:57,545 [Listener at 127.0.0.1/36805] INFO  segmented.SegmentedRaftLogWorker (SegmentedRaftLogWorker.java:close(237)) - 974883c6-3444-443e-b406-2e7f57ab6e46@group-14235F1030F3-SegmentedRaftLogWorker close()
2022-01-20 14:18:57,547 [Listener at 127.0.0.1/36805] INFO  server.RaftServer$Division (RaftServerImpl.java:lambda$close$4(412)) - 974883c6-3444-443e-b406-2e7f57ab6e46@group-477B38A169A7: shutdown
2022-01-20 14:18:57,547 [Listener at 127.0.0.1/36805] INFO  util.JmxRegister (JmxRegister.java:unregister(73)) - Successfully un-registered JMX Bean with object name Ratis:service=RaftServer,group=group-477B38A169A7,id=974883c6-3444-443e-b406-2e7f57ab6e46
2022-01-20 14:18:57,548 [Listener at 127.0.0.1/36805] INFO  impl.RoleInfo (RoleInfo.java:shutdownLeaderState(91)) - 974883c6-3444-443e-b406-2e7f57ab6e46: shutdown 974883c6-3444-443e-b406-2e7f57ab6e46@group-477B38A169A7-LeaderStateImpl
2022-01-20 14:18:57,548 [Listener at 127.0.0.1/36805] INFO  impl.PendingRequests (PendingRequests.java:sendNotLeaderResponses(282)) - 974883c6-3444-443e-b406-2e7f57ab6e46@group-477B38A169A7-PendingRequests: sendNotLeaderResponses
2022-01-20 14:18:57,548 [974883c6-3444-443e-b406-2e7f57ab6e46@group-477B38A169A7->8543d24f-bec7-4768-944c-282c8ff9c745-GrpcLogAppender-LogAppenderDaemon] WARN  server.GrpcLogAppender (GrpcLogAppender.java:mayWait(177)) - 974883c6-3444-443e-b406-2e7f57ab6e46@group-477B38A169A7->8543d24f-bec7-4768-944c-282c8ff9c745-GrpcLogAppender: Wait interrupted by java.lang.InterruptedException
2022-01-20 14:18:57,549 [Listener at 127.0.0.1/36805] INFO  impl.StateMachineUpdater (StateMachineUpdater.java:stopAndJoin(149)) - 974883c6-3444-443e-b406-2e7f57ab6e46@group-477B38A169A7-StateMachineUpdater: set stopIndex = 0
2022-01-20 14:18:57,549 [974883c6-3444-443e-b406-2e7f57ab6e46@group-477B38A169A7-StateMachineUpdater] INFO  ratis.ContainerStateMachine (ContainerStateMachine.java:takeSnapshot(299)) - group-477B38A169A7: Taking a snapshot at:(t:7, i:0) file /home/runner/work/ozone/ozone/hadoop-ozone/integration-test/target/test-dir/MiniOzoneClusterImpl-f1e7e660-ec45-4ef3-9198-8cc7416827f1/datanode-5/data/ratis/4f8d674b-35e4-4c3d-a3fd-477b38a169a7/sm/snapshot.7_0
2022-01-20 14:18:57,549 [grpc-default-executor-3] INFO  server.GrpcServerProtocolService (GrpcServerProtocolService.java:onCompleted(140)) - 8543d24f-bec7-4768-944c-282c8ff9c745: Completed APPEND_ENTRIES, lastRequest: 974883c6-3444-443e-b406-2e7f57ab6e46->8543d24f-bec7-4768-944c-282c8ff9c745#1-t7,previous=(t:0, i:0),leaderCommit=-1,initializing? true,entries: size=1, first=(t:7, i:0), CONFIGURATIONENTRY
2022-01-20 14:18:57,552 [grpc-default-executor-2] INFO  server.GrpcLogAppender (GrpcLogAppender.java:onCompleted(346)) - 974883c6-3444-443e-b406-2e7f57ab6e46@group-477B38A169A7->8543d24f-bec7-4768-944c-282c8ff9c745-AppendLogResponseHandler: follower responses appendEntries COMPLETED
2022-01-20 14:18:57,553 [grpc-default-executor-2] INFO  leader.FollowerInfo (FollowerInfoImpl.java:lambda$new$0(47)) - 974883c6-3444-443e-b406-2e7f57ab6e46@group-477B38A169A7->8543d24f-bec7-4768-944c-282c8ff9c745: nextIndex: updateUnconditionally 1 -> 0
2022-01-20 14:18:57,556 [974883c6-3444-443e-b406-2e7f57ab6e46@group-477B38A169A7-StateMachineUpdater] INFO  ratis.ContainerStateMachine (ContainerStateMachine.java:takeSnapshot(310)) - group-477B38A169A7: Finished taking a snapshot at:(t:7, i:0) file:/home/runner/work/ozone/ozone/hadoop-ozone/integration-test/target/test-dir/MiniOzoneClusterImpl-f1e7e660-ec45-4ef3-9198-8cc7416827f1/datanode-5/data/ratis/4f8d674b-35e4-4c3d-a3fd-477b38a169a7/sm/snapshot.7_0 took: 7 ms
2022-01-20 14:18:57,557 [974883c6-3444-443e-b406-2e7f57ab6e46@group-477B38A169A7-StateMachineUpdater] INFO  impl.StateMachineUpdater (StateMachineUpdater.java:takeSnapshot(281)) - 974883c6-3444-443e-b406-2e7f57ab6e46@group-477B38A169A7-StateMachineUpdater: Took a snapshot at index 0
2022-01-20 14:18:57,557 [974883c6-3444-443e-b406-2e7f57ab6e46@group-477B38A169A7-StateMachineUpdater] INFO  impl.StateMachineUpdater (StateMachineUpdater.java:lambda$new$0(89)) - 974883c6-3444-443e-b406-2e7f57ab6e46@group-477B38A169A7-StateMachineUpdater: snapshotIndex: updateIncreasingly -1 -> 0
2022-01-20 14:18:57,560 [Listener at 127.0.0.1/36805] INFO  server.RaftServer$Division (ServerState.java:close(419)) - 974883c6-3444-443e-b406-2e7f57ab6e46@group-477B38A169A7: closes. applyIndex: 0
2022-01-20 14:18:57,585 [974883c6-3444-443e-b406-2e7f57ab6e46@group-477B38A169A7-SegmentedRaftLogWorker] INFO  segmented.SegmentedRaftLogWorker (SegmentedRaftLogWorker.java:run(327)) - 974883c6-3444-443e-b406-2e7f57ab6e46@group-477B38A169A7-SegmentedRaftLogWorker was interrupted, exiting. There are 0 tasks remaining in the queue.
2022-01-20 14:18:57,586 [Listener at 127.0.0.1/36805] INFO  segmented.SegmentedRaftLogWorker (SegmentedRaftLogWorker.java:close(237)) - 974883c6-3444-443e-b406-2e7f57ab6e46@group-477B38A169A7-SegmentedRaftLogWorker close()
2022-01-20 14:18:57,588 [Listener at 127.0.0.1/36805] INFO  server.GrpcService (GrpcService.java:closeImpl(262)) - 974883c6-3444-443e-b406-2e7f57ab6e46: shutdown server with port 43877 now
2022-01-20 14:18:57,614 [Listener at 127.0.0.1/36805] INFO  server.GrpcService (GrpcService.java:closeImpl(271)) - 974883c6-3444-443e-b406-2e7f57ab6e46: shutdown server with port 43877 successfully
2022-01-20 14:18:57,614 [org.apache.ratis.util.JvmPauseMonitor$$Lambda$431/385784873@472ad220] INFO  util.JvmPauseMonitor (JvmPauseMonitor.java:run(109)) - JvmPauseMonitor-974883c6-3444-443e-b406-2e7f57ab6e46: Stopped
2022-01-20 14:18:57,661 [ForkJoinPool.commonPool-worker-1] INFO  ozoneimpl.OzoneContainer (OzoneContainer.java:stop(336)) - Attempting to stop container services.
2022-01-20 14:18:57,663 [ForkJoinPool.commonPool-worker-1] INFO  server.RaftServer (RaftServerProxy.java:lambda$close$6(391)) - 8543d24f-bec7-4768-944c-282c8ff9c745: close
2022-01-20 14:18:57,663 [ForkJoinPool.commonPool-worker-1] INFO  server.RaftServer$Division (RaftServerImpl.java:lambda$close$4(412)) - 8543d24f-bec7-4768-944c-282c8ff9c745@group-B29CF439A51F: shutdown
2022-01-20 14:18:57,663 [ForkJoinPool.commonPool-worker-1] INFO  util.JmxRegister (JmxRegister.java:unregister(73)) - Successfully un-registered JMX Bean with object name Ratis:service=RaftServer,group=group-B29CF439A51F,id=8543d24f-bec7-4768-944c-282c8ff9c745
2022-01-20 14:18:57,664 [ForkJoinPool.commonPool-worker-1] INFO  impl.RoleInfo (RoleInfo.java:shutdownLeaderState(91)) - 8543d24f-bec7-4768-944c-282c8ff9c745: shutdown 8543d24f-bec7-4768-944c-282c8ff9c745@group-B29CF439A51F-LeaderStateImpl
2022-01-20 14:18:57,664 [ForkJoinPool.commonPool-worker-1] INFO  impl.PendingRequests (PendingRequests.java:sendNotLeaderResponses(282)) - 8543d24f-bec7-4768-944c-282c8ff9c745@group-B29CF439A51F-PendingRequests: sendNotLeaderResponses
2022-01-20 14:18:57,664 [ForkJoinPool.commonPool-worker-1] INFO  impl.StateMachineUpdater (StateMachineUpdater.java:stopAndJoin(149)) - 8543d24f-bec7-4768-944c-282c8ff9c745@group-B29CF439A51F-StateMachineUpdater: set stopIndex = 0
2022-01-20 14:18:57,665 [8543d24f-bec7-4768-944c-282c8ff9c745@group-B29CF439A51F-StateMachineUpdater] INFO  ratis.ContainerStateMachine (ContainerStateMachine.java:takeSnapshot(299)) - group-B29CF439A51F: Taking a snapshot at:(t:1, i:0) file /home/runner/work/ozone/ozone/hadoop-ozone/integration-test/target/test-dir/MiniOzoneClusterImpl-f1e7e660-ec45-4ef3-9198-8cc7416827f1/datanode-3/data/ratis/a213106b-eb96-4717-b5bb-b29cf439a51f/sm/snapshot.1_0
2022-01-20 14:18:57,666 [8543d24f-bec7-4768-944c-282c8ff9c745@group-B29CF439A51F-StateMachineUpdater] INFO  ratis.ContainerStateMachine (ContainerStateMachine.java:takeSnapshot(310)) - group-B29CF439A51F: Finished taking a snapshot at:(t:1, i:0) file:/home/runner/work/ozone/ozone/hadoop-ozone/integration-test/target/test-dir/MiniOzoneClusterImpl-f1e7e660-ec45-4ef3-9198-8cc7416827f1/datanode-3/data/ratis/a213106b-eb96-4717-b5bb-b29cf439a51f/sm/snapshot.1_0 took: 1 ms
2022-01-20 14:18:57,666 [8543d24f-bec7-4768-944c-282c8ff9c745@group-B29CF439A51F-StateMachineUpdater] INFO  impl.StateMachineUpdater (StateMachineUpdater.java:takeSnapshot(281)) - 8543d24f-bec7-4768-944c-282c8ff9c745@group-B29CF439A51F-StateMachineUpdater: Took a snapshot at index 0
2022-01-20 14:18:57,666 [8543d24f-bec7-4768-944c-282c8ff9c745@group-B29CF439A51F-StateMachineUpdater] INFO  impl.StateMachineUpdater (StateMachineUpdater.java:lambda$new$0(89)) - 8543d24f-bec7-4768-944c-282c8ff9c745@group-B29CF439A51F-StateMachineUpdater: snapshotIndex: updateIncreasingly -1 -> 0
2022-01-20 14:18:57,668 [ForkJoinPool.commonPool-worker-1] INFO  server.RaftServer$Division (ServerState.java:close(419)) - 8543d24f-bec7-4768-944c-282c8ff9c745@group-B29CF439A51F: closes. applyIndex: 0
2022-01-20 14:18:57,669 [8543d24f-bec7-4768-944c-282c8ff9c745@group-B29CF439A51F-SegmentedRaftLogWorker] INFO  segmented.SegmentedRaftLogWorker (SegmentedRaftLogWorker.java:run(327)) - 8543d24f-bec7-4768-944c-282c8ff9c745@group-B29CF439A51F-SegmentedRaftLogWorker was interrupted, exiting. There are 0 tasks remaining in the queue.
2022-01-20 14:18:57,678 [ForkJoinPool.commonPool-worker-1] INFO  segmented.SegmentedRaftLogWorker (SegmentedRaftLogWorker.java:close(237)) - 8543d24f-bec7-4768-944c-282c8ff9c745@group-B29CF439A51F-SegmentedRaftLogWorker close()
2022-01-20 14:18:57,681 [ForkJoinPool.commonPool-worker-1] INFO  server.RaftServer$Division (RaftServerImpl.java:lambda$close$4(412)) - 8543d24f-bec7-4768-944c-282c8ff9c745@group-477B38A169A7: shutdown
2022-01-20 14:18:57,681 [ForkJoinPool.commonPool-worker-1] INFO  util.JmxRegister (JmxRegister.java:unregister(73)) - Successfully un-registered JMX Bean with object name Ratis:service=RaftServer,group=group-477B38A169A7,id=8543d24f-bec7-4768-944c-282c8ff9c745
2022-01-20 14:18:57,681 [ForkJoinPool.commonPool-worker-1] INFO  impl.RoleInfo (RoleInfo.java:shutdownFollowerState(108)) - 8543d24f-bec7-4768-944c-282c8ff9c745: shutdown 8543d24f-bec7-4768-944c-282c8ff9c745@group-477B38A169A7-FollowerState
2022-01-20 14:18:57,682 [ForkJoinPool.commonPool-worker-1] INFO  impl.StateMachineUpdater (StateMachineUpdater.java:stopAndJoin(149)) - 8543d24f-bec7-4768-944c-282c8ff9c745@group-477B38A169A7-StateMachineUpdater: set stopIndex = 0
2022-01-20 14:18:57,682 [8543d24f-bec7-4768-944c-282c8ff9c745@group-477B38A169A7-FollowerState] INFO  impl.FollowerState (FollowerState.java:run(143)) - 8543d24f-bec7-4768-944c-282c8ff9c745@group-477B38A169A7-FollowerState was interrupted: {}
java.lang.InterruptedException: sleep interrupted
	at java.lang.Thread.sleep(Native Method)
	at java.lang.Thread.sleep(Thread.java:340)
	at java.util.concurrent.TimeUnit.sleep(TimeUnit.java:386)
	at org.apache.ratis.util.TimeDuration.sleep(TimeDuration.java:324)
	at org.apache.ratis.util.TimeDuration.sleep(TimeDuration.java:309)
	at org.apache.ratis.server.impl.FollowerState.run(FollowerState.java:118)
2022-01-20 14:18:57,701 [8543d24f-bec7-4768-944c-282c8ff9c745@group-477B38A169A7-StateMachineUpdater] INFO  ratis.ContainerStateMachine (ContainerStateMachine.java:takeSnapshot(299)) - group-477B38A169A7: Taking a snapshot at:(t:7, i:0) file /home/runner/work/ozone/ozone/hadoop-ozone/integration-test/target/test-dir/MiniOzoneClusterImpl-f1e7e660-ec45-4ef3-9198-8cc7416827f1/datanode-3/data/ratis/4f8d674b-35e4-4c3d-a3fd-477b38a169a7/sm/snapshot.7_0
2022-01-20 14:18:57,702 [8543d24f-bec7-4768-944c-282c8ff9c745@group-477B38A169A7-StateMachineUpdater] INFO  ratis.ContainerStateMachine (ContainerStateMachine.java:takeSnapshot(310)) - group-477B38A169A7: Finished taking a snapshot at:(t:7, i:0) file:/home/runner/work/ozone/ozone/hadoop-ozone/integration-test/target/test-dir/MiniOzoneClusterImpl-f1e7e660-ec45-4ef3-9198-8cc7416827f1/datanode-3/data/ratis/4f8d674b-35e4-4c3d-a3fd-477b38a169a7/sm/snapshot.7_0 took: 1 ms
2022-01-20 14:18:57,702 [8543d24f-bec7-4768-944c-282c8ff9c745@group-477B38A169A7-StateMachineUpdater] INFO  impl.StateMachineUpdater (StateMachineUpdater.java:takeSnapshot(281)) - 8543d24f-bec7-4768-944c-282c8ff9c745@group-477B38A169A7-StateMachineUpdater: Took a snapshot at index 0
2022-01-20 14:18:57,702 [8543d24f-bec7-4768-944c-282c8ff9c745@group-477B38A169A7-StateMachineUpdater] INFO  impl.StateMachineUpdater (StateMachineUpdater.java:lambda$new$0(89)) - 8543d24f-bec7-4768-944c-282c8ff9c745@group-477B38A169A7-StateMachineUpdater: snapshotIndex: updateIncreasingly -1 -> 0
2022-01-20 14:18:57,702 [ForkJoinPool.commonPool-worker-1] INFO  server.RaftServer$Division (ServerState.java:close(419)) - 8543d24f-bec7-4768-944c-282c8ff9c745@group-477B38A169A7: closes. applyIndex: 0
2022-01-20 14:18:57,702 [8543d24f-bec7-4768-944c-282c8ff9c745@group-477B38A169A7-SegmentedRaftLogWorker] INFO  segmented.SegmentedRaftLogWorker (SegmentedRaftLogWorker.java:run(327)) - 8543d24f-bec7-4768-944c-282c8ff9c745@group-477B38A169A7-SegmentedRaftLogWorker was interrupted, exiting. There are 0 tasks remaining in the queue.
2022-01-20 14:18:57,703 [ForkJoinPool.commonPool-worker-1] INFO  segmented.SegmentedRaftLogWorker (SegmentedRaftLogWorker.java:close(237)) - 8543d24f-bec7-4768-944c-282c8ff9c745@group-477B38A169A7-SegmentedRaftLogWorker close()
2022-01-20 14:18:57,707 [ForkJoinPool.commonPool-worker-1] INFO  server.GrpcService (GrpcService.java:closeImpl(262)) - 8543d24f-bec7-4768-944c-282c8ff9c745: shutdown server with port 34369 now
2022-01-20 14:18:57,715 [ForkJoinPool.commonPool-worker-1] INFO  server.GrpcService (GrpcService.java:closeImpl(271)) - 8543d24f-bec7-4768-944c-282c8ff9c745: shutdown server with port 34369 successfully
2022-01-20 14:18:57,737 [org.apache.ratis.util.JvmPauseMonitor$$Lambda$431/385784873@38845c29] INFO  util.JvmPauseMonitor (JvmPauseMonitor.java:run(109)) - JvmPauseMonitor-8543d24f-bec7-4768-944c-282c8ff9c745: Stopped
2022-01-20 14:18:59,549 [grpc-default-executor-2] WARN  server.GrpcLogAppender (LogUtils.java:warn(122)) - 3055d1e2-eb1d-45ac-85ad-2ef847921969@group-A8039840480C->4a67b2a1-79be-440d-a7f9-3f5e5a8bd0ed-AppendLogResponseHandler: Failed appendEntries: org.apache.ratis.thirdparty.io.grpc.StatusRuntimeException: UNAVAILABLE: io exception
2022-01-20 14:18:59,550 [grpc-default-executor-2] WARN  server.GrpcLogAppender (GrpcLogAppender.java:resetClient(110)) - 3055d1e2-eb1d-45ac-85ad-2ef847921969@group-A8039840480C->4a67b2a1-79be-440d-a7f9-3f5e5a8bd0ed-GrpcLogAppender: Leader has not got in touch with Follower 3055d1e2-eb1d-45ac-85ad-2ef847921969@group-A8039840480C->4a67b2a1-79be-440d-a7f9-3f5e5a8bd0ed(c-1,m0,n3, attendVote=true, lastRpcSendTime=2501, lastRpcResponseTime=12792) yet, just keep nextIndex unchanged and retry.
2022-01-20 14:18:59,655 [Listener at 127.0.0.1/36805] INFO  utils.BackgroundService (BackgroundService.java:shutdown(132)) - Shutting down service BlockDeletingService
2022-01-20 14:18:59,782 [ForkJoinPool.commonPool-worker-1] INFO  utils.BackgroundService (BackgroundService.java:shutdown(132)) - Shutting down service BlockDeletingService
2022-01-20 14:19:02,054 [grpc-default-executor-2] WARN  server.GrpcLogAppender (LogUtils.java:warn(122)) - 3055d1e2-eb1d-45ac-85ad-2ef847921969@group-A8039840480C->4a67b2a1-79be-440d-a7f9-3f5e5a8bd0ed-AppendLogResponseHandler: Failed appendEntries: org.apache.ratis.thirdparty.io.grpc.StatusRuntimeException: UNAVAILABLE: io exception
2022-01-20 14:19:02,055 [grpc-default-executor-2] WARN  server.GrpcLogAppender (GrpcLogAppender.java:resetClient(110)) - 3055d1e2-eb1d-45ac-85ad-2ef847921969@group-A8039840480C->4a67b2a1-79be-440d-a7f9-3f5e5a8bd0ed-GrpcLogAppender: Leader has not got in touch with Follower 3055d1e2-eb1d-45ac-85ad-2ef847921969@group-A8039840480C->4a67b2a1-79be-440d-a7f9-3f5e5a8bd0ed(c-1,m0,n3, attendVote=true, lastRpcSendTime=0, lastRpcResponseTime=15296) yet, just keep nextIndex unchanged and retry.
2022-01-20 14:19:02,730 [Listener at 127.0.0.1/36805] INFO  statemachine.DatanodeStateMachine (DatanodeStateMachine.java:stopDaemon(529)) - Ozone container server stopped.
2022-01-20 14:19:02,732 [Listener at 127.0.0.1/36805] INFO  handler.ContextHandler (ContextHandler.java:doStop(1153)) - Stopped o.e.j.w.WebAppContext@2e681871{hddsDatanode,/,null,STOPPED}{jar:file:/home/runner/.m2/repository/org/apache/ozone/hdds-container-service/1.3.0-SNAPSHOT/hdds-container-service-1.3.0-SNAPSHOT.jar!/webapps/hddsDatanode}
2022-01-20 14:19:02,737 [Listener at 127.0.0.1/36805] INFO  server.AbstractConnector (AbstractConnector.java:doStop(381)) - Stopped ServerConnector@52b4e063{HTTP/1.1, (http/1.1)}{0.0.0.0:0}
2022-01-20 14:19:02,737 [Listener at 127.0.0.1/36805] INFO  server.session (HouseKeeper.java:stopScavenging(149)) - node0 Stopped scavenging
2022-01-20 14:19:02,737 [Listener at 127.0.0.1/36805] INFO  handler.ContextHandler (ContextHandler.java:doStop(1153)) - Stopped o.e.j.s.ServletContextHandler@3bb4ade3{static,/static,jar:file:/home/runner/.m2/repository/org/apache/ozone/hdds-container-service/1.3.0-SNAPSHOT/hdds-container-service-1.3.0-SNAPSHOT.jar!/webapps/static,STOPPED}
2022-01-20 14:19:02,737 [Listener at 127.0.0.1/36805] INFO  handler.ContextHandler (ContextHandler.java:doStop(1153)) - Stopped o.e.j.s.ServletContextHandler@680fd480{logs,/logs,file:///home/runner/work/ozone/ozone/hadoop-ozone/integration-test/target/log,STOPPED}
2022-01-20 14:19:02,802 [ForkJoinPool.commonPool-worker-1] INFO  statemachine.DatanodeStateMachine (DatanodeStateMachine.java:stopDaemon(529)) - Ozone container server stopped.
2022-01-20 14:19:02,806 [ForkJoinPool.commonPool-worker-1] INFO  handler.ContextHandler (ContextHandler.java:doStop(1153)) - Stopped o.e.j.w.WebAppContext@27b93919{hddsDatanode,/,null,STOPPED}{jar:file:/home/runner/.m2/repository/org/apache/ozone/hdds-container-service/1.3.0-SNAPSHOT/hdds-container-service-1.3.0-SNAPSHOT.jar!/webapps/hddsDatanode}
2022-01-20 14:19:02,831 [ForkJoinPool.commonPool-worker-1] INFO  server.AbstractConnector (AbstractConnector.java:doStop(381)) - Stopped ServerConnector@17fdbefb{HTTP/1.1, (http/1.1)}{0.0.0.0:0}
2022-01-20 14:19:02,831 [ForkJoinPool.commonPool-worker-1] INFO  server.session (HouseKeeper.java:stopScavenging(149)) - node0 Stopped scavenging
2022-01-20 14:19:02,853 [ForkJoinPool.commonPool-worker-1] INFO  handler.ContextHandler (ContextHandler.java:doStop(1153)) - Stopped o.e.j.s.ServletContextHandler@4e20cce8{static,/static,jar:file:/home/runner/.m2/repository/org/apache/ozone/hdds-container-service/1.3.0-SNAPSHOT/hdds-container-service-1.3.0-SNAPSHOT.jar!/webapps/static,STOPPED}
2022-01-20 14:19:02,854 [ForkJoinPool.commonPool-worker-1] INFO  handler.ContextHandler (ContextHandler.java:doStop(1153)) - Stopped o.e.j.s.ServletContextHandler@71769652{logs,/logs,file:///home/runner/work/ozone/ozone/hadoop-ozone/integration-test/target/log,STOPPED}
2022-01-20 14:19:04,563 [grpc-default-executor-2] WARN  server.GrpcLogAppender (LogUtils.java:warn(122)) - 3055d1e2-eb1d-45ac-85ad-2ef847921969@group-A8039840480C->4a67b2a1-79be-440d-a7f9-3f5e5a8bd0ed-AppendLogResponseHandler: Failed appendEntries: org.apache.ratis.thirdparty.io.grpc.StatusRuntimeException: UNAVAILABLE: io exception
2022-01-20 14:19:04,571 [grpc-default-executor-2] WARN  server.GrpcLogAppender (GrpcLogAppender.java:resetClient(110)) - 3055d1e2-eb1d-45ac-85ad-2ef847921969@group-A8039840480C->4a67b2a1-79be-440d-a7f9-3f5e5a8bd0ed-GrpcLogAppender: Leader has not got in touch with Follower 3055d1e2-eb1d-45ac-85ad-2ef847921969@group-A8039840480C->4a67b2a1-79be-440d-a7f9-3f5e5a8bd0ed(c-1,m0,n3, attendVote=true, lastRpcSendTime=2516, lastRpcResponseTime=17812) yet, just keep nextIndex unchanged and retry.
2022-01-20 14:19:07,072 [grpc-default-executor-2] WARN  server.GrpcLogAppender (LogUtils.java:warn(122)) - 3055d1e2-eb1d-45ac-85ad-2ef847921969@group-A8039840480C->4a67b2a1-79be-440d-a7f9-3f5e5a8bd0ed-AppendLogResponseHandler: Failed appendEntries: org.apache.ratis.thirdparty.io.grpc.StatusRuntimeException: UNAVAILABLE: io exception
2022-01-20 14:19:07,073 [grpc-default-executor-2] WARN  server.GrpcLogAppender (GrpcLogAppender.java:resetClient(110)) - 3055d1e2-eb1d-45ac-85ad-2ef847921969@group-A8039840480C->4a67b2a1-79be-440d-a7f9-3f5e5a8bd0ed-GrpcLogAppender: Leader has not got in touch with Follower 3055d1e2-eb1d-45ac-85ad-2ef847921969@group-A8039840480C->4a67b2a1-79be-440d-a7f9-3f5e5a8bd0ed(c-1,m0,n3, attendVote=true, lastRpcSendTime=2501, lastRpcResponseTime=20314) yet, just keep nextIndex unchanged and retry.
2022-01-20 14:19:07,740 [Listener at 127.0.0.1/36805] INFO  ozoneimpl.OzoneContainer (OzoneContainer.java:stop(336)) - Attempting to stop container services.
2022-01-20 14:19:07,742 [Listener at 127.0.0.1/36805] INFO  server.RaftServer (RaftServerProxy.java:lambda$close$6(391)) - d2de7c60-b86f-4a06-91d9-365eb56e12df: close
2022-01-20 14:19:07,742 [Listener at 127.0.0.1/36805] INFO  server.RaftServer$Division (RaftServerImpl.java:lambda$close$4(412)) - d2de7c60-b86f-4a06-91d9-365eb56e12df@group-C5373BE6AB5E: shutdown
2022-01-20 14:19:07,743 [Listener at 127.0.0.1/36805] INFO  util.JmxRegister (JmxRegister.java:unregister(73)) - Successfully un-registered JMX Bean with object name Ratis:service=RaftServer,group=group-C5373BE6AB5E,id=d2de7c60-b86f-4a06-91d9-365eb56e12df
2022-01-20 14:19:07,743 [Listener at 127.0.0.1/36805] INFO  impl.RoleInfo (RoleInfo.java:shutdownLeaderState(91)) - d2de7c60-b86f-4a06-91d9-365eb56e12df: shutdown d2de7c60-b86f-4a06-91d9-365eb56e12df@group-C5373BE6AB5E-LeaderStateImpl
2022-01-20 14:19:07,743 [Listener at 127.0.0.1/36805] INFO  impl.PendingRequests (PendingRequests.java:sendNotLeaderResponses(282)) - d2de7c60-b86f-4a06-91d9-365eb56e12df@group-C5373BE6AB5E-PendingRequests: sendNotLeaderResponses
2022-01-20 14:19:07,744 [d2de7c60-b86f-4a06-91d9-365eb56e12df@group-C5373BE6AB5E->f5002eb4-ff35-49a0-88dd-354658843fe1-GrpcLogAppender-LogAppenderDaemon] WARN  server.GrpcLogAppender (GrpcLogAppender.java:mayWait(177)) - d2de7c60-b86f-4a06-91d9-365eb56e12df@group-C5373BE6AB5E->f5002eb4-ff35-49a0-88dd-354658843fe1-GrpcLogAppender: Wait interrupted by java.lang.InterruptedException
2022-01-20 14:19:07,749 [grpc-default-executor-2] INFO  server.GrpcServerProtocolService (GrpcServerProtocolService.java:onCompleted(140)) - f5002eb4-ff35-49a0-88dd-354658843fe1: Completed APPEND_ENTRIES, lastRequest: d2de7c60-b86f-4a06-91d9-365eb56e12df->f5002eb4-ff35-49a0-88dd-354658843fe1#1-t2,previous=(t:0, i:0),leaderCommit=-1,initializing? true,entries: size=1, first=(t:2, i:0), CONFIGURATIONENTRY
2022-01-20 14:19:07,749 [d2de7c60-b86f-4a06-91d9-365eb56e12df@group-C5373BE6AB5E->3934de01-e9c2-42ef-9a8f-f9cad9f9a13a-GrpcLogAppender-LogAppenderDaemon] WARN  server.GrpcLogAppender (GrpcLogAppender.java:mayWait(177)) - d2de7c60-b86f-4a06-91d9-365eb56e12df@group-C5373BE6AB5E->3934de01-e9c2-42ef-9a8f-f9cad9f9a13a-GrpcLogAppender: Wait interrupted by java.lang.InterruptedException
2022-01-20 14:19:07,750 [grpc-default-executor-3] INFO  server.GrpcLogAppender (GrpcLogAppender.java:onCompleted(346)) - d2de7c60-b86f-4a06-91d9-365eb56e12df@group-C5373BE6AB5E->f5002eb4-ff35-49a0-88dd-354658843fe1-AppendLogResponseHandler: follower responses appendEntries COMPLETED
2022-01-20 14:19:07,750 [grpc-default-executor-3] INFO  leader.FollowerInfo (FollowerInfoImpl.java:lambda$new$0(47)) - d2de7c60-b86f-4a06-91d9-365eb56e12df@group-C5373BE6AB5E->f5002eb4-ff35-49a0-88dd-354658843fe1: nextIndex: updateUnconditionally 1 -> 0
2022-01-20 14:19:07,750 [grpc-default-executor-1] INFO  server.GrpcServerProtocolService (GrpcServerProtocolService.java:onCompleted(140)) - 3934de01-e9c2-42ef-9a8f-f9cad9f9a13a: Completed APPEND_ENTRIES, lastRequest: d2de7c60-b86f-4a06-91d9-365eb56e12df->3934de01-e9c2-42ef-9a8f-f9cad9f9a13a#1-t2,previous=(t:0, i:0),leaderCommit=-1,initializing? true,entries: size=1, first=(t:2, i:0), CONFIGURATIONENTRY
2022-01-20 14:19:07,751 [d2de7c60-b86f-4a06-91d9-365eb56e12df@group-C5373BE6AB5E-StateMachineUpdater] INFO  ratis.ContainerStateMachine (ContainerStateMachine.java:takeSnapshot(299)) - group-C5373BE6AB5E: Taking a snapshot at:(t:2, i:0) file /home/runner/work/ozone/ozone/hadoop-ozone/integration-test/target/test-dir/MiniOzoneClusterImpl-f1e7e660-ec45-4ef3-9198-8cc7416827f1/datanode-7/data/ratis/598beb70-5354-4269-a931-c5373be6ab5e/sm/snapshot.2_0
2022-01-20 14:19:07,751 [grpc-default-executor-2] INFO  server.GrpcLogAppender (GrpcLogAppender.java:onCompleted(346)) - d2de7c60-b86f-4a06-91d9-365eb56e12df@group-C5373BE6AB5E->3934de01-e9c2-42ef-9a8f-f9cad9f9a13a-AppendLogResponseHandler: follower responses appendEntries COMPLETED
2022-01-20 14:19:07,752 [grpc-default-executor-2] INFO  leader.FollowerInfo (FollowerInfoImpl.java:lambda$new$0(47)) - d2de7c60-b86f-4a06-91d9-365eb56e12df@group-C5373BE6AB5E->3934de01-e9c2-42ef-9a8f-f9cad9f9a13a: nextIndex: updateUnconditionally 1 -> 0
2022-01-20 14:19:07,757 [d2de7c60-b86f-4a06-91d9-365eb56e12df@group-C5373BE6AB5E-StateMachineUpdater] INFO  ratis.ContainerStateMachine (ContainerStateMachine.java:takeSnapshot(310)) - group-C5373BE6AB5E: Finished taking a snapshot at:(t:2, i:0) file:/home/runner/work/ozone/ozone/hadoop-ozone/integration-test/target/test-dir/MiniOzoneClusterImpl-f1e7e660-ec45-4ef3-9198-8cc7416827f1/datanode-7/data/ratis/598beb70-5354-4269-a931-c5373be6ab5e/sm/snapshot.2_0 took: 6 ms
2022-01-20 14:19:07,757 [d2de7c60-b86f-4a06-91d9-365eb56e12df@group-C5373BE6AB5E-StateMachineUpdater] INFO  impl.StateMachineUpdater (StateMachineUpdater.java:takeSnapshot(281)) - d2de7c60-b86f-4a06-91d9-365eb56e12df@group-C5373BE6AB5E-StateMachineUpdater: Took a snapshot at index 0
2022-01-20 14:19:07,757 [d2de7c60-b86f-4a06-91d9-365eb56e12df@group-C5373BE6AB5E-StateMachineUpdater] INFO  impl.StateMachineUpdater (StateMachineUpdater.java:lambda$new$0(89)) - d2de7c60-b86f-4a06-91d9-365eb56e12df@group-C5373BE6AB5E-StateMachineUpdater: snapshotIndex: updateIncreasingly -1 -> 0
2022-01-20 14:19:07,764 [Listener at 127.0.0.1/36805] INFO  impl.StateMachineUpdater (StateMachineUpdater.java:stopAndJoin(149)) - d2de7c60-b86f-4a06-91d9-365eb56e12df@group-C5373BE6AB5E-StateMachineUpdater: set stopIndex = 0
2022-01-20 14:19:07,765 [Listener at 127.0.0.1/36805] INFO  server.RaftServer$Division (ServerState.java:close(419)) - d2de7c60-b86f-4a06-91d9-365eb56e12df@group-C5373BE6AB5E: closes. applyIndex: 0
2022-01-20 14:19:07,765 [d2de7c60-b86f-4a06-91d9-365eb56e12df@group-C5373BE6AB5E-SegmentedRaftLogWorker] INFO  segmented.SegmentedRaftLogWorker (SegmentedRaftLogWorker.java:run(327)) - d2de7c60-b86f-4a06-91d9-365eb56e12df@group-C5373BE6AB5E-SegmentedRaftLogWorker was interrupted, exiting. There are 0 tasks remaining in the queue.
2022-01-20 14:19:07,767 [Listener at 127.0.0.1/36805] INFO  segmented.SegmentedRaftLogWorker (SegmentedRaftLogWorker.java:close(237)) - d2de7c60-b86f-4a06-91d9-365eb56e12df@group-C5373BE6AB5E-SegmentedRaftLogWorker close()
2022-01-20 14:19:07,809 [Listener at 127.0.0.1/36805] INFO  server.RaftServer$Division (RaftServerImpl.java:lambda$close$4(412)) - d2de7c60-b86f-4a06-91d9-365eb56e12df@group-132671769FF6: shutdown
2022-01-20 14:19:07,809 [Listener at 127.0.0.1/36805] INFO  util.JmxRegister (JmxRegister.java:unregister(73)) - Successfully un-registered JMX Bean with object name Ratis:service=RaftServer,group=group-132671769FF6,id=d2de7c60-b86f-4a06-91d9-365eb56e12df
2022-01-20 14:19:07,809 [Listener at 127.0.0.1/36805] INFO  impl.RoleInfo (RoleInfo.java:shutdownLeaderState(91)) - d2de7c60-b86f-4a06-91d9-365eb56e12df: shutdown d2de7c60-b86f-4a06-91d9-365eb56e12df@group-132671769FF6-LeaderStateImpl
2022-01-20 14:19:07,809 [Listener at 127.0.0.1/36805] INFO  impl.PendingRequests (PendingRequests.java:sendNotLeaderResponses(282)) - d2de7c60-b86f-4a06-91d9-365eb56e12df@group-132671769FF6-PendingRequests: sendNotLeaderResponses
2022-01-20 14:19:07,810 [Listener at 127.0.0.1/36805] INFO  impl.StateMachineUpdater (StateMachineUpdater.java:stopAndJoin(149)) - d2de7c60-b86f-4a06-91d9-365eb56e12df@group-132671769FF6-StateMachineUpdater: set stopIndex = 0
2022-01-20 14:19:07,810 [d2de7c60-b86f-4a06-91d9-365eb56e12df@group-132671769FF6-StateMachineUpdater] INFO  ratis.ContainerStateMachine (ContainerStateMachine.java:takeSnapshot(299)) - group-132671769FF6: Taking a snapshot at:(t:1, i:0) file /home/runner/work/ozone/ozone/hadoop-ozone/integration-test/target/test-dir/MiniOzoneClusterImpl-f1e7e660-ec45-4ef3-9198-8cc7416827f1/datanode-7/data/ratis/1aa243cd-49d9-4050-957f-132671769ff6/sm/snapshot.1_0
2022-01-20 14:19:07,811 [d2de7c60-b86f-4a06-91d9-365eb56e12df@group-132671769FF6-StateMachineUpdater] INFO  ratis.ContainerStateMachine (ContainerStateMachine.java:takeSnapshot(310)) - group-132671769FF6: Finished taking a snapshot at:(t:1, i:0) file:/home/runner/work/ozone/ozone/hadoop-ozone/integration-test/target/test-dir/MiniOzoneClusterImpl-f1e7e660-ec45-4ef3-9198-8cc7416827f1/datanode-7/data/ratis/1aa243cd-49d9-4050-957f-132671769ff6/sm/snapshot.1_0 took: 1 ms
2022-01-20 14:19:07,812 [d2de7c60-b86f-4a06-91d9-365eb56e12df@group-132671769FF6-StateMachineUpdater] INFO  impl.StateMachineUpdater (StateMachineUpdater.java:takeSnapshot(281)) - d2de7c60-b86f-4a06-91d9-365eb56e12df@group-132671769FF6-StateMachineUpdater: Took a snapshot at index 0
2022-01-20 14:19:07,812 [d2de7c60-b86f-4a06-91d9-365eb56e12df@group-132671769FF6-StateMachineUpdater] INFO  impl.StateMachineUpdater (StateMachineUpdater.java:lambda$new$0(89)) - d2de7c60-b86f-4a06-91d9-365eb56e12df@group-132671769FF6-StateMachineUpdater: snapshotIndex: updateIncreasingly -1 -> 0
2022-01-20 14:19:07,812 [Listener at 127.0.0.1/36805] INFO  server.RaftServer$Division (ServerState.java:close(419)) - d2de7c60-b86f-4a06-91d9-365eb56e12df@group-132671769FF6: closes. applyIndex: 0
2022-01-20 14:19:07,812 [d2de7c60-b86f-4a06-91d9-365eb56e12df@group-132671769FF6-SegmentedRaftLogWorker] INFO  segmented.SegmentedRaftLogWorker (SegmentedRaftLogWorker.java:run(327)) - d2de7c60-b86f-4a06-91d9-365eb56e12df@group-132671769FF6-SegmentedRaftLogWorker was interrupted, exiting. There are 0 tasks remaining in the queue.
2022-01-20 14:19:07,813 [Listener at 127.0.0.1/36805] INFO  segmented.SegmentedRaftLogWorker (SegmentedRaftLogWorker.java:close(237)) - d2de7c60-b86f-4a06-91d9-365eb56e12df@group-132671769FF6-SegmentedRaftLogWorker close()
2022-01-20 14:19:07,848 [Listener at 127.0.0.1/36805] INFO  server.GrpcService (GrpcService.java:closeImpl(262)) - d2de7c60-b86f-4a06-91d9-365eb56e12df: shutdown server with port 36843 now
2022-01-20 14:19:07,869 [ForkJoinPool.commonPool-worker-1] INFO  ozoneimpl.OzoneContainer (OzoneContainer.java:stop(336)) - Attempting to stop container services.
2022-01-20 14:19:07,869 [ForkJoinPool.commonPool-worker-1] INFO  server.RaftServer (RaftServerProxy.java:lambda$close$6(391)) - 3055d1e2-eb1d-45ac-85ad-2ef847921969: close
2022-01-20 14:19:07,869 [ForkJoinPool.commonPool-worker-1] INFO  server.RaftServer$Division (RaftServerImpl.java:lambda$close$4(412)) - 3055d1e2-eb1d-45ac-85ad-2ef847921969@group-A8039840480C: shutdown
2022-01-20 14:19:07,870 [ForkJoinPool.commonPool-worker-1] INFO  util.JmxRegister (JmxRegister.java:unregister(73)) - Successfully un-registered JMX Bean with object name Ratis:service=RaftServer,group=group-A8039840480C,id=3055d1e2-eb1d-45ac-85ad-2ef847921969
2022-01-20 14:19:07,870 [ForkJoinPool.commonPool-worker-1] INFO  impl.RoleInfo (RoleInfo.java:shutdownLeaderState(91)) - 3055d1e2-eb1d-45ac-85ad-2ef847921969: shutdown 3055d1e2-eb1d-45ac-85ad-2ef847921969@group-A8039840480C-LeaderStateImpl
2022-01-20 14:19:07,870 [ForkJoinPool.commonPool-worker-1] INFO  impl.PendingRequests (PendingRequests.java:sendNotLeaderResponses(282)) - 3055d1e2-eb1d-45ac-85ad-2ef847921969@group-A8039840480C-PendingRequests: sendNotLeaderResponses
2022-01-20 14:19:07,880 [ForkJoinPool.commonPool-worker-1] INFO  impl.StateMachineUpdater (StateMachineUpdater.java:stopAndJoin(149)) - 3055d1e2-eb1d-45ac-85ad-2ef847921969@group-A8039840480C-StateMachineUpdater: set stopIndex = 2
2022-01-20 14:19:07,880 [3055d1e2-eb1d-45ac-85ad-2ef847921969@group-A8039840480C-StateMachineUpdater] INFO  ratis.ContainerStateMachine (ContainerStateMachine.java:takeSnapshot(299)) - group-A8039840480C: Taking a snapshot at:(t:4, i:2) file /home/runner/work/ozone/ozone/hadoop-ozone/integration-test/target/test-dir/MiniOzoneClusterImpl-f1e7e660-ec45-4ef3-9198-8cc7416827f1/datanode-0/data/ratis/c4c59fdd-05d0-43b3-b6e4-a8039840480c/sm/snapshot.4_2
2022-01-20 14:19:07,881 [3055d1e2-eb1d-45ac-85ad-2ef847921969@group-A8039840480C->f405db60-e51c-4785-8bbc-e1c4726dfe5c-GrpcLogAppender-LogAppenderDaemon] WARN  server.GrpcLogAppender (GrpcLogAppender.java:mayWait(177)) - 3055d1e2-eb1d-45ac-85ad-2ef847921969@group-A8039840480C->f405db60-e51c-4785-8bbc-e1c4726dfe5c-GrpcLogAppender: Wait interrupted by java.lang.InterruptedException
2022-01-20 14:19:07,882 [grpc-default-executor-2] INFO  server.GrpcServerProtocolService (GrpcServerProtocolService.java:onCompleted(140)) - f405db60-e51c-4785-8bbc-e1c4726dfe5c: Completed APPEND_ENTRIES, lastRequest: 3055d1e2-eb1d-45ac-85ad-2ef847921969->f405db60-e51c-4785-8bbc-e1c4726dfe5c#2-t4,previous=(t:4, i:1),leaderCommit=1,initializing? true,entries: size=1, first=(t:4, i:2), METADATAENTRY(c:1)
2022-01-20 14:19:07,882 [grpc-default-executor-1] INFO  server.GrpcLogAppender (GrpcLogAppender.java:onCompleted(346)) - 3055d1e2-eb1d-45ac-85ad-2ef847921969@group-A8039840480C->f405db60-e51c-4785-8bbc-e1c4726dfe5c-AppendLogResponseHandler: follower responses appendEntries COMPLETED
2022-01-20 14:19:07,882 [grpc-default-executor-1] INFO  leader.FollowerInfo (FollowerInfoImpl.java:lambda$new$0(47)) - 3055d1e2-eb1d-45ac-85ad-2ef847921969@group-A8039840480C->f405db60-e51c-4785-8bbc-e1c4726dfe5c: nextIndex: updateUnconditionally 3 -> 2
2022-01-20 14:19:07,882 [3055d1e2-eb1d-45ac-85ad-2ef847921969@group-A8039840480C-StateMachineUpdater] INFO  ratis.ContainerStateMachine (ContainerStateMachine.java:takeSnapshot(310)) - group-A8039840480C: Finished taking a snapshot at:(t:4, i:2) file:/home/runner/work/ozone/ozone/hadoop-ozone/integration-test/target/test-dir/MiniOzoneClusterImpl-f1e7e660-ec45-4ef3-9198-8cc7416827f1/datanode-0/data/ratis/c4c59fdd-05d0-43b3-b6e4-a8039840480c/sm/snapshot.4_2 took: 3 ms
2022-01-20 14:19:07,883 [3055d1e2-eb1d-45ac-85ad-2ef847921969@group-A8039840480C-StateMachineUpdater] INFO  impl.StateMachineUpdater (StateMachineUpdater.java:takeSnapshot(281)) - 3055d1e2-eb1d-45ac-85ad-2ef847921969@group-A8039840480C-StateMachineUpdater: Took a snapshot at index 2
2022-01-20 14:19:07,883 [3055d1e2-eb1d-45ac-85ad-2ef847921969@group-A8039840480C-StateMachineUpdater] INFO  impl.StateMachineUpdater (StateMachineUpdater.java:lambda$new$0(89)) - 3055d1e2-eb1d-45ac-85ad-2ef847921969@group-A8039840480C-StateMachineUpdater: snapshotIndex: updateIncreasingly -1 -> 2
2022-01-20 14:19:07,883 [ForkJoinPool.commonPool-worker-1] INFO  server.RaftServer$Division (ServerState.java:close(419)) - 3055d1e2-eb1d-45ac-85ad-2ef847921969@group-A8039840480C: closes. applyIndex: 2
2022-01-20 14:19:07,883 [3055d1e2-eb1d-45ac-85ad-2ef847921969@group-A8039840480C-SegmentedRaftLogWorker] INFO  segmented.SegmentedRaftLogWorker (SegmentedRaftLogWorker.java:run(327)) - 3055d1e2-eb1d-45ac-85ad-2ef847921969@group-A8039840480C-SegmentedRaftLogWorker was interrupted, exiting. There are 0 tasks remaining in the queue.
2022-01-20 14:19:07,908 [ForkJoinPool.commonPool-worker-1] INFO  segmented.SegmentedRaftLogWorker (SegmentedRaftLogWorker.java:close(237)) - 3055d1e2-eb1d-45ac-85ad-2ef847921969@group-A8039840480C-SegmentedRaftLogWorker close()
2022-01-20 14:19:07,914 [Listener at 127.0.0.1/36805] INFO  server.GrpcService (GrpcService.java:closeImpl(271)) - d2de7c60-b86f-4a06-91d9-365eb56e12df: shutdown server with port 36843 successfully
2022-01-20 14:19:07,933 [ForkJoinPool.commonPool-worker-1] INFO  server.RaftServer$Division (RaftServerImpl.java:lambda$close$4(412)) - 3055d1e2-eb1d-45ac-85ad-2ef847921969@group-D541B2ADB0FC: shutdown
2022-01-20 14:19:07,933 [ForkJoinPool.commonPool-worker-1] INFO  util.JmxRegister (JmxRegister.java:unregister(73)) - Successfully un-registered JMX Bean with object name Ratis:service=RaftServer,group=group-D541B2ADB0FC,id=3055d1e2-eb1d-45ac-85ad-2ef847921969
2022-01-20 14:19:07,933 [ForkJoinPool.commonPool-worker-1] INFO  impl.RoleInfo (RoleInfo.java:shutdownLeaderState(91)) - 3055d1e2-eb1d-45ac-85ad-2ef847921969: shutdown 3055d1e2-eb1d-45ac-85ad-2ef847921969@group-D541B2ADB0FC-LeaderStateImpl
2022-01-20 14:19:07,933 [ForkJoinPool.commonPool-worker-1] INFO  impl.PendingRequests (PendingRequests.java:sendNotLeaderResponses(282)) - 3055d1e2-eb1d-45ac-85ad-2ef847921969@group-D541B2ADB0FC-PendingRequests: sendNotLeaderResponses
2022-01-20 14:19:07,934 [ForkJoinPool.commonPool-worker-1] INFO  impl.StateMachineUpdater (StateMachineUpdater.java:stopAndJoin(149)) - 3055d1e2-eb1d-45ac-85ad-2ef847921969@group-D541B2ADB0FC-StateMachineUpdater: set stopIndex = 0
2022-01-20 14:19:07,935 [3055d1e2-eb1d-45ac-85ad-2ef847921969@group-D541B2ADB0FC-StateMachineUpdater] INFO  ratis.ContainerStateMachine (ContainerStateMachine.java:takeSnapshot(299)) - group-D541B2ADB0FC: Taking a snapshot at:(t:1, i:0) file /home/runner/work/ozone/ozone/hadoop-ozone/integration-test/target/test-dir/MiniOzoneClusterImpl-f1e7e660-ec45-4ef3-9198-8cc7416827f1/datanode-0/data/ratis/18fb8e60-c043-4f5a-86cd-d541b2adb0fc/sm/snapshot.1_0
2022-01-20 14:19:07,939 [3055d1e2-eb1d-45ac-85ad-2ef847921969@group-D541B2ADB0FC-StateMachineUpdater] INFO  ratis.ContainerStateMachine (ContainerStateMachine.java:takeSnapshot(310)) - group-D541B2ADB0FC: Finished taking a snapshot at:(t:1, i:0) file:/home/runner/work/ozone/ozone/hadoop-ozone/integration-test/target/test-dir/MiniOzoneClusterImpl-f1e7e660-ec45-4ef3-9198-8cc7416827f1/datanode-0/data/ratis/18fb8e60-c043-4f5a-86cd-d541b2adb0fc/sm/snapshot.1_0 took: 4 ms
2022-01-20 14:19:07,939 [3055d1e2-eb1d-45ac-85ad-2ef847921969@group-D541B2ADB0FC-StateMachineUpdater] INFO  impl.StateMachineUpdater (StateMachineUpdater.java:takeSnapshot(281)) - 3055d1e2-eb1d-45ac-85ad-2ef847921969@group-D541B2ADB0FC-StateMachineUpdater: Took a snapshot at index 0
2022-01-20 14:19:07,939 [3055d1e2-eb1d-45ac-85ad-2ef847921969@group-D541B2ADB0FC-StateMachineUpdater] INFO  impl.StateMachineUpdater (StateMachineUpdater.java:lambda$new$0(89)) - 3055d1e2-eb1d-45ac-85ad-2ef847921969@group-D541B2ADB0FC-StateMachineUpdater: snapshotIndex: updateIncreasingly -1 -> 0
2022-01-20 14:19:07,940 [ForkJoinPool.commonPool-worker-1] INFO  server.RaftServer$Division (ServerState.java:close(419)) - 3055d1e2-eb1d-45ac-85ad-2ef847921969@group-D541B2ADB0FC: closes. applyIndex: 0
2022-01-20 14:19:07,941 [3055d1e2-eb1d-45ac-85ad-2ef847921969@group-D541B2ADB0FC-SegmentedRaftLogWorker] INFO  segmented.SegmentedRaftLogWorker (SegmentedRaftLogWorker.java:run(327)) - 3055d1e2-eb1d-45ac-85ad-2ef847921969@group-D541B2ADB0FC-SegmentedRaftLogWorker was interrupted, exiting. There are 0 tasks remaining in the queue.
2022-01-20 14:19:07,942 [ForkJoinPool.commonPool-worker-1] INFO  segmented.SegmentedRaftLogWorker (SegmentedRaftLogWorker.java:close(237)) - 3055d1e2-eb1d-45ac-85ad-2ef847921969@group-D541B2ADB0FC-SegmentedRaftLogWorker close()
2022-01-20 14:19:07,943 [ForkJoinPool.commonPool-worker-1] INFO  server.GrpcService (GrpcService.java:closeImpl(262)) - 3055d1e2-eb1d-45ac-85ad-2ef847921969: shutdown server with port 39677 now
2022-01-20 14:19:07,946 [org.apache.ratis.util.JvmPauseMonitor$$Lambda$431/385784873@254fccbf] INFO  util.JvmPauseMonitor (JvmPauseMonitor.java:run(109)) - JvmPauseMonitor-d2de7c60-b86f-4a06-91d9-365eb56e12df: Stopped
2022-01-20 14:19:07,970 [ForkJoinPool.commonPool-worker-1] INFO  server.GrpcService (GrpcService.java:closeImpl(271)) - 3055d1e2-eb1d-45ac-85ad-2ef847921969: shutdown server with port 39677 successfully
2022-01-20 14:19:07,971 [org.apache.ratis.util.JvmPauseMonitor$$Lambda$431/385784873@753e4b81] INFO  util.JvmPauseMonitor (JvmPauseMonitor.java:run(109)) - JvmPauseMonitor-3055d1e2-eb1d-45ac-85ad-2ef847921969: Stopped
2022-01-20 14:19:09,982 [Listener at 127.0.0.1/36805] INFO  utils.BackgroundService (BackgroundService.java:shutdown(132)) - Shutting down service BlockDeletingService
2022-01-20 14:19:10,003 [ForkJoinPool.commonPool-worker-1] INFO  utils.BackgroundService (BackgroundService.java:shutdown(132)) - Shutting down service BlockDeletingService
2022-01-20 14:19:11,470 [f5002eb4-ff35-49a0-88dd-354658843fe1@group-C5373BE6AB5E-FollowerState] INFO  impl.FollowerState (FollowerState.java:run(134)) - f5002eb4-ff35-49a0-88dd-354658843fe1@group-C5373BE6AB5E-FollowerState: change to CANDIDATE, lastRpcElapsedTime:5361857196ns, electionTimeout:5199ms
2022-01-20 14:19:11,471 [f5002eb4-ff35-49a0-88dd-354658843fe1@group-C5373BE6AB5E-FollowerState] INFO  impl.RoleInfo (RoleInfo.java:shutdownFollowerState(108)) - f5002eb4-ff35-49a0-88dd-354658843fe1: shutdown f5002eb4-ff35-49a0-88dd-354658843fe1@group-C5373BE6AB5E-FollowerState
2022-01-20 14:19:11,471 [f5002eb4-ff35-49a0-88dd-354658843fe1@group-C5373BE6AB5E-FollowerState] INFO  server.RaftServer$Division (RaftServerImpl.java:setRole(290)) - f5002eb4-ff35-49a0-88dd-354658843fe1@group-C5373BE6AB5E: changes role from  FOLLOWER to CANDIDATE at term 2 for changeToCandidate
2022-01-20 14:19:11,471 [f5002eb4-ff35-49a0-88dd-354658843fe1@group-C5373BE6AB5E-FollowerState] INFO  server.RaftServerConfigKeys (ConfUtils.java:logGet(44)) - raft.server.leaderelection.pre-vote = false (custom)
2022-01-20 14:19:11,471 [f5002eb4-ff35-49a0-88dd-354658843fe1@group-C5373BE6AB5E-FollowerState] INFO  impl.RoleInfo (RoleInfo.java:updateAndGet(130)) - f5002eb4-ff35-49a0-88dd-354658843fe1: start f5002eb4-ff35-49a0-88dd-354658843fe1@group-C5373BE6AB5E-LeaderElection73
2022-01-20 14:19:11,498 [f5002eb4-ff35-49a0-88dd-354658843fe1@group-C5373BE6AB5E-LeaderElection73] INFO  server.RaftServer$Division (ServerState.java:setLeader(285)) - f5002eb4-ff35-49a0-88dd-354658843fe1@group-C5373BE6AB5E: change Leader from d2de7c60-b86f-4a06-91d9-365eb56e12df to null at term 2 for ELECTION
2022-01-20 14:19:11,506 [f5002eb4-ff35-49a0-88dd-354658843fe1@group-C5373BE6AB5E-LeaderElection73] INFO  impl.LeaderElection (LeaderElection.java:askForVotes(306)) - f5002eb4-ff35-49a0-88dd-354658843fe1@group-C5373BE6AB5E-LeaderElection73 ELECTION round 0: submit vote requests at term 3 for 0: [3934de01-e9c2-42ef-9a8f-f9cad9f9a13a|rpc:10.1.0.33:40989|dataStream:|priority:0, d2de7c60-b86f-4a06-91d9-365eb56e12df|rpc:10.1.0.33:36843|dataStream:|priority:1, f5002eb4-ff35-49a0-88dd-354658843fe1|rpc:10.1.0.33:43929|dataStream:|priority:0], old=null
2022-01-20 14:19:11,510 [grpc-default-executor-2] INFO  server.RaftServer$Division (RaftServerImpl.java:requestVote(1046)) - 3934de01-e9c2-42ef-9a8f-f9cad9f9a13a@group-C5373BE6AB5E: receive requestVote(ELECTION, f5002eb4-ff35-49a0-88dd-354658843fe1, group-C5373BE6AB5E, 3, (t:2, i:0))
2022-01-20 14:19:11,510 [grpc-default-executor-2] INFO  impl.VoteContext (VoteContext.java:log(48)) - 3934de01-e9c2-42ef-9a8f-f9cad9f9a13a@group-C5373BE6AB5E-FOLLOWER: accept ELECTION from f5002eb4-ff35-49a0-88dd-354658843fe1: our priority 0 <= candidate's priority 0
2022-01-20 14:19:11,511 [grpc-default-executor-2] INFO  server.RaftServer$Division (ServerState.java:setLeader(285)) - 3934de01-e9c2-42ef-9a8f-f9cad9f9a13a@group-C5373BE6AB5E: change Leader from d2de7c60-b86f-4a06-91d9-365eb56e12df to null at term 3 for updateCurrentTerm
2022-01-20 14:19:11,511 [grpc-default-executor-2] INFO  server.RaftServer$Division (RaftServerImpl.java:setRole(290)) - 3934de01-e9c2-42ef-9a8f-f9cad9f9a13a@group-C5373BE6AB5E: changes role from  FOLLOWER to FOLLOWER at term 3 for candidate:f5002eb4-ff35-49a0-88dd-354658843fe1
2022-01-20 14:19:11,511 [grpc-default-executor-2] INFO  impl.RoleInfo (RoleInfo.java:shutdownFollowerState(108)) - 3934de01-e9c2-42ef-9a8f-f9cad9f9a13a: shutdown 3934de01-e9c2-42ef-9a8f-f9cad9f9a13a@group-C5373BE6AB5E-FollowerState
2022-01-20 14:19:11,511 [grpc-default-executor-2] INFO  impl.RoleInfo (RoleInfo.java:updateAndGet(130)) - 3934de01-e9c2-42ef-9a8f-f9cad9f9a13a: start 3934de01-e9c2-42ef-9a8f-f9cad9f9a13a@group-C5373BE6AB5E-FollowerState
2022-01-20 14:19:11,511 [3934de01-e9c2-42ef-9a8f-f9cad9f9a13a@group-C5373BE6AB5E-FollowerState] INFO  impl.FollowerState (FollowerState.java:run(143)) - 3934de01-e9c2-42ef-9a8f-f9cad9f9a13a@group-C5373BE6AB5E-FollowerState was interrupted: {}
java.lang.InterruptedException: sleep interrupted
	at java.lang.Thread.sleep(Native Method)
	at java.lang.Thread.sleep(Thread.java:340)
	at java.util.concurrent.TimeUnit.sleep(TimeUnit.java:386)
	at org.apache.ratis.util.TimeDuration.sleep(TimeDuration.java:324)
	at org.apache.ratis.util.TimeDuration.sleep(TimeDuration.java:309)
	at org.apache.ratis.server.impl.FollowerState.run(FollowerState.java:118)
2022-01-20 14:19:11,521 [grpc-default-executor-2] INFO  server.RaftServer$Division (RaftServerImpl.java:requestVote(1078)) - 3934de01-e9c2-42ef-9a8f-f9cad9f9a13a@group-C5373BE6AB5E replies to ELECTION vote request: f5002eb4-ff35-49a0-88dd-354658843fe1<-3934de01-e9c2-42ef-9a8f-f9cad9f9a13a#0:OK-t3. Peer's state: 3934de01-e9c2-42ef-9a8f-f9cad9f9a13a@group-C5373BE6AB5E:t3, leader=null, voted=f5002eb4-ff35-49a0-88dd-354658843fe1, raftlog=3934de01-e9c2-42ef-9a8f-f9cad9f9a13a@group-C5373BE6AB5E-SegmentedRaftLog:OPENED:c0, conf=0: [3934de01-e9c2-42ef-9a8f-f9cad9f9a13a|rpc:10.1.0.33:40989|dataStream:|priority:0, d2de7c60-b86f-4a06-91d9-365eb56e12df|rpc:10.1.0.33:36843|dataStream:|priority:1, f5002eb4-ff35-49a0-88dd-354658843fe1|rpc:10.1.0.33:43929|dataStream:|priority:0], old=null
2022-01-20 14:19:11,539 [f5002eb4-ff35-49a0-88dd-354658843fe1@group-C5373BE6AB5E-LeaderElection73] INFO  impl.LeaderElection (LogUtils.java:infoOrTrace(137)) - f5002eb4-ff35-49a0-88dd-354658843fe1@group-C5373BE6AB5E-LeaderElection73 got exception when requesting votes: java.util.concurrent.ExecutionException: org.apache.ratis.thirdparty.io.grpc.StatusRuntimeException: UNAVAILABLE: io exception
2022-01-20 14:19:11,539 [f5002eb4-ff35-49a0-88dd-354658843fe1@group-C5373BE6AB5E-LeaderElection73] INFO  impl.LeaderElection (LeaderElection.java:logAndReturn(89)) - f5002eb4-ff35-49a0-88dd-354658843fe1@group-C5373BE6AB5E-LeaderElection73: ELECTION PASSED received 1 response(s) and 1 exception(s):
2022-01-20 14:19:11,539 [f5002eb4-ff35-49a0-88dd-354658843fe1@group-C5373BE6AB5E-LeaderElection73] INFO  impl.LeaderElection (LeaderElection.java:logAndReturn(93)) -   Response 0: f5002eb4-ff35-49a0-88dd-354658843fe1<-3934de01-e9c2-42ef-9a8f-f9cad9f9a13a#0:OK-t3
2022-01-20 14:19:11,539 [f5002eb4-ff35-49a0-88dd-354658843fe1@group-C5373BE6AB5E-LeaderElection73] INFO  impl.LeaderElection (LogUtils.java:infoOrTrace(137)) -   Exception 1: java.util.concurrent.ExecutionException: org.apache.ratis.thirdparty.io.grpc.StatusRuntimeException: UNAVAILABLE: io exception
2022-01-20 14:19:11,539 [f5002eb4-ff35-49a0-88dd-354658843fe1@group-C5373BE6AB5E-LeaderElection73] INFO  impl.LeaderElection (LeaderElection.java:askForVotes(308)) - f5002eb4-ff35-49a0-88dd-354658843fe1@group-C5373BE6AB5E-LeaderElection73 ELECTION round 0: result PASSED
2022-01-20 14:19:11,539 [f5002eb4-ff35-49a0-88dd-354658843fe1@group-C5373BE6AB5E-LeaderElection73] INFO  impl.RoleInfo (RoleInfo.java:shutdownLeaderElection(121)) - f5002eb4-ff35-49a0-88dd-354658843fe1: shutdown f5002eb4-ff35-49a0-88dd-354658843fe1@group-C5373BE6AB5E-LeaderElection73
2022-01-20 14:19:11,539 [f5002eb4-ff35-49a0-88dd-354658843fe1@group-C5373BE6AB5E-LeaderElection73] INFO  server.RaftServer$Division (RaftServerImpl.java:setRole(290)) - f5002eb4-ff35-49a0-88dd-354658843fe1@group-C5373BE6AB5E: changes role from CANDIDATE to LEADER at term 3 for changeToLeader
2022-01-20 14:19:11,539 [f5002eb4-ff35-49a0-88dd-354658843fe1@group-C5373BE6AB5E-LeaderElection73] INFO  ratis.XceiverServerRatis (XceiverServerRatis.java:handleLeaderChangedNotification(866)) - Leader change notification received for group: group-C5373BE6AB5E with new leaderId: f5002eb4-ff35-49a0-88dd-354658843fe1
2022-01-20 14:19:11,539 [f5002eb4-ff35-49a0-88dd-354658843fe1@group-C5373BE6AB5E-LeaderElection73] INFO  server.RaftServer$Division (ServerState.java:setLeader(285)) - f5002eb4-ff35-49a0-88dd-354658843fe1@group-C5373BE6AB5E: change Leader from null to f5002eb4-ff35-49a0-88dd-354658843fe1 at term 3 for becomeLeader, leader elected after 41ms
2022-01-20 14:19:11,539 [f5002eb4-ff35-49a0-88dd-354658843fe1@group-C5373BE6AB5E-LeaderElection73] INFO  server.RaftServerConfigKeys (ConfUtils.java:logGet(44)) - raft.server.staging.catchup.gap = 1000 (default)
2022-01-20 14:19:11,540 [f5002eb4-ff35-49a0-88dd-354658843fe1@group-C5373BE6AB5E-LeaderElection73] INFO  server.RaftServerConfigKeys (ConfUtils.java:logGet(44)) - raft.server.write.element-limit = 1024 (custom)
2022-01-20 14:19:11,540 [f5002eb4-ff35-49a0-88dd-354658843fe1@group-C5373BE6AB5E-LeaderElection73] INFO  server.RaftServerConfigKeys (ConfUtils.java:logGet(44)) - raft.server.write.byte-limit = 1024 M (=1073741824) (custom)
2022-01-20 14:19:11,540 [f5002eb4-ff35-49a0-88dd-354658843fe1@group-C5373BE6AB5E-LeaderElection73] INFO  server.RaftServerConfigKeys (ConfUtils.java:logGet(44)) - raft.server.watch.timeout = 3000ms (custom)
2022-01-20 14:19:11,540 [f5002eb4-ff35-49a0-88dd-354658843fe1@group-C5373BE6AB5E-LeaderElection73] INFO  server.RaftServerConfigKeys (ConfUtils.java:logGet(44)) - raft.server.watch.timeout.denomination = 1s (default)
2022-01-20 14:19:11,540 [f5002eb4-ff35-49a0-88dd-354658843fe1@group-C5373BE6AB5E-LeaderElection73] INFO  server.RaftServerConfigKeys (ConfUtils.java:logGet(44)) - raft.server.watch.element-limit = 65536 (default)
2022-01-20 14:19:11,540 [f5002eb4-ff35-49a0-88dd-354658843fe1@group-C5373BE6AB5E-LeaderElection73] INFO  server.RaftServerConfigKeys (ConfUtils.java:logGet(44)) - raft.server.write.element-limit = 1024 (custom)
2022-01-20 14:19:11,540 [f5002eb4-ff35-49a0-88dd-354658843fe1@group-C5373BE6AB5E-LeaderElection73] INFO  server.RaftServerConfigKeys (ConfUtils.java:logGet(44)) - raft.server.write.follower.gap.ratio.max = -1.0 (default)
2022-01-20 14:19:11,541 [f5002eb4-ff35-49a0-88dd-354658843fe1@group-C5373BE6AB5E-LeaderElection73] INFO  server.RaftServerConfigKeys (ConfUtils.java:logGet(44)) - raft.server.log.appender.snapshot.chunk.size.max = 16MB (=16777216) (default)
2022-01-20 14:19:11,541 [f5002eb4-ff35-49a0-88dd-354658843fe1@group-C5373BE6AB5E-LeaderElection73] INFO  server.RaftServerConfigKeys (ConfUtils.java:logGet(44)) - raft.server.log.appender.buffer.byte-limit = 33554432 (custom)
2022-01-20 14:19:11,541 [f5002eb4-ff35-49a0-88dd-354658843fe1@group-C5373BE6AB5E-LeaderElection73] INFO  server.RaftServerConfigKeys (ConfUtils.java:logGet(44)) - raft.server.log.appender.buffer.element-limit = 1 (custom)
2022-01-20 14:19:11,541 [f5002eb4-ff35-49a0-88dd-354658843fe1@group-C5373BE6AB5E-LeaderElection73] INFO  grpc.GrpcConfigKeys (ConfUtils.java:logGet(44)) - raft.grpc.server.leader.outstanding.appends.max = 128 (default)
2022-01-20 14:19:11,541 [f5002eb4-ff35-49a0-88dd-354658843fe1@group-C5373BE6AB5E-LeaderElection73] INFO  server.RaftServerConfigKeys (ConfUtils.java:logGet(44)) - raft.server.rpc.request.timeout = 3000ms (default)
2022-01-20 14:19:11,541 [f5002eb4-ff35-49a0-88dd-354658843fe1@group-C5373BE6AB5E-LeaderElection73] INFO  server.RaftServerConfigKeys (ConfUtils.java:logGet(44)) - raft.server.log.appender.install.snapshot.enabled = false (custom)
2022-01-20 14:19:11,542 [f5002eb4-ff35-49a0-88dd-354658843fe1@group-C5373BE6AB5E-LeaderElection73] INFO  server.RaftServerConfigKeys (ConfUtils.java:logGet(44)) - raft.server.log.appender.snapshot.chunk.size.max = 16MB (=16777216) (default)
2022-01-20 14:19:11,542 [f5002eb4-ff35-49a0-88dd-354658843fe1@group-C5373BE6AB5E-LeaderElection73] INFO  server.RaftServerConfigKeys (ConfUtils.java:logGet(44)) - raft.server.log.appender.buffer.byte-limit = 33554432 (custom)
2022-01-20 14:19:11,542 [f5002eb4-ff35-49a0-88dd-354658843fe1@group-C5373BE6AB5E-LeaderElection73] INFO  server.RaftServerConfigKeys (ConfUtils.java:logGet(44)) - raft.server.log.appender.buffer.element-limit = 1 (custom)
2022-01-20 14:19:11,542 [f5002eb4-ff35-49a0-88dd-354658843fe1@group-C5373BE6AB5E-LeaderElection73] INFO  grpc.GrpcConfigKeys (ConfUtils.java:logGet(44)) - raft.grpc.server.leader.outstanding.appends.max = 128 (default)
2022-01-20 14:19:11,543 [f5002eb4-ff35-49a0-88dd-354658843fe1@group-C5373BE6AB5E-LeaderElection73] INFO  server.RaftServerConfigKeys (ConfUtils.java:logGet(44)) - raft.server.rpc.request.timeout = 3000ms (default)
2022-01-20 14:19:11,543 [f5002eb4-ff35-49a0-88dd-354658843fe1@group-C5373BE6AB5E-LeaderElection73] INFO  server.RaftServerConfigKeys (ConfUtils.java:logGet(44)) - raft.server.log.appender.install.snapshot.enabled = false (custom)
2022-01-20 14:19:11,543 [f5002eb4-ff35-49a0-88dd-354658843fe1@group-C5373BE6AB5E-LeaderElection73] INFO  impl.RoleInfo (RoleInfo.java:updateAndGet(130)) - f5002eb4-ff35-49a0-88dd-354658843fe1: start f5002eb4-ff35-49a0-88dd-354658843fe1@group-C5373BE6AB5E-LeaderStateImpl
2022-01-20 14:19:11,544 [f5002eb4-ff35-49a0-88dd-354658843fe1@group-C5373BE6AB5E-LeaderElection73] INFO  segmented.SegmentedRaftLogWorker (SegmentedRaftLogWorker.java:rollLogSegment(399)) - f5002eb4-ff35-49a0-88dd-354658843fe1@group-C5373BE6AB5E-SegmentedRaftLogWorker: Rolling segment log-0_0 to index:0
2022-01-20 14:19:11,544 [f5002eb4-ff35-49a0-88dd-354658843fe1@group-C5373BE6AB5E-SegmentedRaftLogWorker] INFO  segmented.SegmentedRaftLogWorker (SegmentedRaftLogWorker.java:execute(558)) - f5002eb4-ff35-49a0-88dd-354658843fe1@group-C5373BE6AB5E-SegmentedRaftLogWorker: Rolled log segment from /home/runner/work/ozone/ozone/hadoop-ozone/integration-test/target/test-dir/MiniOzoneClusterImpl-f1e7e660-ec45-4ef3-9198-8cc7416827f1/datanode-6/data/ratis/598beb70-5354-4269-a931-c5373be6ab5e/current/log_inprogress_0 to /home/runner/work/ozone/ozone/hadoop-ozone/integration-test/target/test-dir/MiniOzoneClusterImpl-f1e7e660-ec45-4ef3-9198-8cc7416827f1/datanode-6/data/ratis/598beb70-5354-4269-a931-c5373be6ab5e/current/log_0-0
2022-01-20 14:19:11,546 [f5002eb4-ff35-49a0-88dd-354658843fe1@group-C5373BE6AB5E-SegmentedRaftLogWorker] INFO  segmented.SegmentedRaftLogWorker (SegmentedRaftLogWorker.java:execute(601)) - f5002eb4-ff35-49a0-88dd-354658843fe1@group-C5373BE6AB5E-SegmentedRaftLogWorker: created new log segment /home/runner/work/ozone/ozone/hadoop-ozone/integration-test/target/test-dir/MiniOzoneClusterImpl-f1e7e660-ec45-4ef3-9198-8cc7416827f1/datanode-6/data/ratis/598beb70-5354-4269-a931-c5373be6ab5e/current/log_inprogress_1
2022-01-20 14:19:11,569 [grpc-default-executor-2] WARN  server.GrpcLogAppender (LogUtils.java:warn(122)) - f5002eb4-ff35-49a0-88dd-354658843fe1@group-C5373BE6AB5E->d2de7c60-b86f-4a06-91d9-365eb56e12df-AppendLogResponseHandler: Failed appendEntries: org.apache.ratis.thirdparty.io.grpc.StatusRuntimeException: UNAVAILABLE: io exception
2022-01-20 14:19:11,570 [grpc-default-executor-2] WARN  server.GrpcLogAppender (GrpcLogAppender.java:resetClient(110)) - f5002eb4-ff35-49a0-88dd-354658843fe1@group-C5373BE6AB5E->d2de7c60-b86f-4a06-91d9-365eb56e12df-GrpcLogAppender: Leader has not got in touch with Follower f5002eb4-ff35-49a0-88dd-354658843fe1@group-C5373BE6AB5E->d2de7c60-b86f-4a06-91d9-365eb56e12df(c-1,m0,n1, attendVote=true, lastRpcSendTime=5229, lastRpcResponseTime=5229) yet, just keep nextIndex unchanged and retry.
2022-01-20 14:19:11,574 [grpc-default-executor-2] WARN  server.GrpcLogAppender (LogUtils.java:warn(122)) - f5002eb4-ff35-49a0-88dd-354658843fe1@group-C5373BE6AB5E->d2de7c60-b86f-4a06-91d9-365eb56e12df-AppendLogResponseHandler: Failed appendEntries: org.apache.ratis.thirdparty.io.grpc.StatusRuntimeException: UNAVAILABLE: io exception
2022-01-20 14:19:11,574 [grpc-default-executor-2] WARN  server.GrpcLogAppender (GrpcLogAppender.java:resetClient(110)) - f5002eb4-ff35-49a0-88dd-354658843fe1@group-C5373BE6AB5E->d2de7c60-b86f-4a06-91d9-365eb56e12df-GrpcLogAppender: Leader has not got in touch with Follower f5002eb4-ff35-49a0-88dd-354658843fe1@group-C5373BE6AB5E->d2de7c60-b86f-4a06-91d9-365eb56e12df(c-1,m0,n2, attendVote=true, lastRpcSendTime=2, lastRpcResponseTime=5234) yet, just keep nextIndex unchanged and retry.
2022-01-20 14:19:11,579 [f5002eb4-ff35-49a0-88dd-354658843fe1@group-C5373BE6AB5E-LeaderElection73] INFO  server.RaftServer$Division (ServerState.java:setRaftConf(387)) - f5002eb4-ff35-49a0-88dd-354658843fe1@group-C5373BE6AB5E: set configuration 1: [3934de01-e9c2-42ef-9a8f-f9cad9f9a13a|rpc:10.1.0.33:40989|dataStream:|priority:0, d2de7c60-b86f-4a06-91d9-365eb56e12df|rpc:10.1.0.33:36843|dataStream:|priority:1, f5002eb4-ff35-49a0-88dd-354658843fe1|rpc:10.1.0.33:43929|dataStream:|priority:0], old=null
2022-01-20 14:19:11,584 [grpc-default-executor-1] INFO  ratis.XceiverServerRatis (XceiverServerRatis.java:handleLeaderChangedNotification(866)) - Leader change notification received for group: group-C5373BE6AB5E with new leaderId: f5002eb4-ff35-49a0-88dd-354658843fe1
2022-01-20 14:19:11,584 [grpc-default-executor-1] INFO  server.RaftServer$Division (ServerState.java:setLeader(285)) - 3934de01-e9c2-42ef-9a8f-f9cad9f9a13a@group-C5373BE6AB5E: change Leader from null to f5002eb4-ff35-49a0-88dd-354658843fe1 at term 3 for appendEntries, leader elected after 73ms
2022-01-20 14:19:11,609 [grpc-default-executor-1] INFO  server.RaftServer$Division (ServerState.java:setRaftConf(387)) - 3934de01-e9c2-42ef-9a8f-f9cad9f9a13a@group-C5373BE6AB5E: set configuration 1: [3934de01-e9c2-42ef-9a8f-f9cad9f9a13a|rpc:10.1.0.33:40989|dataStream:|priority:0, d2de7c60-b86f-4a06-91d9-365eb56e12df|rpc:10.1.0.33:36843|dataStream:|priority:1, f5002eb4-ff35-49a0-88dd-354658843fe1|rpc:10.1.0.33:43929|dataStream:|priority:0], old=null
2022-01-20 14:19:11,609 [grpc-default-executor-1] INFO  segmented.SegmentedRaftLogWorker (SegmentedRaftLogWorker.java:rollLogSegment(399)) - 3934de01-e9c2-42ef-9a8f-f9cad9f9a13a@group-C5373BE6AB5E-SegmentedRaftLogWorker: Rolling segment log-0_0 to index:0
2022-01-20 14:19:11,610 [3934de01-e9c2-42ef-9a8f-f9cad9f9a13a@group-C5373BE6AB5E-SegmentedRaftLogWorker] INFO  segmented.SegmentedRaftLogWorker (SegmentedRaftLogWorker.java:execute(558)) - 3934de01-e9c2-42ef-9a8f-f9cad9f9a13a@group-C5373BE6AB5E-SegmentedRaftLogWorker: Rolled log segment from /home/runner/work/ozone/ozone/hadoop-ozone/integration-test/target/test-dir/MiniOzoneClusterImpl-f1e7e660-ec45-4ef3-9198-8cc7416827f1/datanode-8/data/ratis/598beb70-5354-4269-a931-c5373be6ab5e/current/log_inprogress_0 to /home/runner/work/ozone/ozone/hadoop-ozone/integration-test/target/test-dir/MiniOzoneClusterImpl-f1e7e660-ec45-4ef3-9198-8cc7416827f1/datanode-8/data/ratis/598beb70-5354-4269-a931-c5373be6ab5e/current/log_0-0
2022-01-20 14:19:11,618 [3934de01-e9c2-42ef-9a8f-f9cad9f9a13a@group-C5373BE6AB5E-SegmentedRaftLogWorker] INFO  segmented.SegmentedRaftLogWorker (SegmentedRaftLogWorker.java:execute(601)) - 3934de01-e9c2-42ef-9a8f-f9cad9f9a13a@group-C5373BE6AB5E-SegmentedRaftLogWorker: created new log segment /home/runner/work/ozone/ozone/hadoop-ozone/integration-test/target/test-dir/MiniOzoneClusterImpl-f1e7e660-ec45-4ef3-9198-8cc7416827f1/datanode-8/data/ratis/598beb70-5354-4269-a931-c5373be6ab5e/current/log_inprogress_1
2022-01-20 14:19:11,702 [grpc-default-executor-1] WARN  server.GrpcLogAppender (LogUtils.java:warn(122)) - f5002eb4-ff35-49a0-88dd-354658843fe1@group-C5373BE6AB5E->d2de7c60-b86f-4a06-91d9-365eb56e12df-AppendLogResponseHandler: Failed appendEntries: org.apache.ratis.thirdparty.io.grpc.StatusRuntimeException: UNAVAILABLE: io exception
2022-01-20 14:19:11,703 [grpc-default-executor-1] WARN  server.GrpcLogAppender (GrpcLogAppender.java:resetClient(110)) - f5002eb4-ff35-49a0-88dd-354658843fe1@group-C5373BE6AB5E->d2de7c60-b86f-4a06-91d9-365eb56e12df-GrpcLogAppender: Leader has not got in touch with Follower f5002eb4-ff35-49a0-88dd-354658843fe1@group-C5373BE6AB5E->d2de7c60-b86f-4a06-91d9-365eb56e12df(c-1,m0,n3, attendVote=true, lastRpcSendTime=127, lastRpcResponseTime=5362) yet, just keep nextIndex unchanged and retry.
2022-01-20 14:19:11,742 [EventQueue-StaleNodeForStaleNodeHandler] INFO  node.StaleNodeHandler (StaleNodeHandler.java:onMessage(58)) - Datanode c842222a-b1c3-47cd-9e78-3481338af40d{ip: 10.1.0.33, host: fv-az294-522.eaanfquahm5ulb5tj050gcxych.jx.internal.cloudapp.net, ports: [REPLICATION=39833, RATIS=44871, RATIS_ADMIN=44871, RATIS_SERVER=44871, STANDALONE=45605], networkLocation: /default-rack, certSerialId: null, persistedOpState: IN_SERVICE, persistedOpStateExpiryEpochSec: 0} moved to stale state. Finalizing its pipelines [PipelineID=e7b886a4-2207-456a-858e-d3be8673a19f, PipelineID=4f8d674b-35e4-4c3d-a3fd-477b38a169a7]
2022-01-20 14:19:11,759 [EventQueue-StaleNodeForStaleNodeHandler] INFO  ha.SCMHAInvocationHandler (SCMHAInvocationHandler.java:invokeRatis(113)) - Invoking method public abstract void org.apache.hadoop.hdds.scm.pipeline.PipelineStateManager.updatePipelineState(org.apache.hadoop.hdds.protocol.proto.HddsProtos$PipelineID,org.apache.hadoop.hdds.protocol.proto.HddsProtos$PipelineState) throws java.io.IOException on target org.apache.hadoop.hdds.scm.ha.SCMRatisServerImpl@2589c416, cost 9885.076us
2022-01-20 14:19:11,760 [EventQueue-StaleNodeForStaleNodeHandler] INFO  pipeline.PipelineManagerImpl (PipelineManagerImpl.java:closePipeline(365)) - Pipeline Pipeline[ Id: e7b886a4-2207-456a-858e-d3be8673a19f, Nodes: c842222a-b1c3-47cd-9e78-3481338af40d{ip: 10.1.0.33, host: fv-az294-522.eaanfquahm5ulb5tj050gcxych.jx.internal.cloudapp.net, ports: [REPLICATION=39833, RATIS=44871, RATIS_ADMIN=44871, RATIS_SERVER=44871, STANDALONE=45605], networkLocation: /default-rack, certSerialId: null, persistedOpState: IN_SERVICE, persistedOpStateExpiryEpochSec: 0}, ReplicationConfig: RATIS/ONE, State:OPEN, leaderId:c842222a-b1c3-47cd-9e78-3481338af40d, CreationTimestamp2022-01-20T14:18:15.401Z[Etc/UTC]] moved to CLOSED state
2022-01-20 14:19:11,765 [EventQueue-StaleNodeForStaleNodeHandler] INFO  ha.SCMHAInvocationHandler (SCMHAInvocationHandler.java:invokeRatis(113)) - Invoking method public abstract void org.apache.hadoop.hdds.scm.pipeline.PipelineStateManager.updatePipelineState(org.apache.hadoop.hdds.protocol.proto.HddsProtos$PipelineID,org.apache.hadoop.hdds.protocol.proto.HddsProtos$PipelineState) throws java.io.IOException on target org.apache.hadoop.hdds.scm.ha.SCMRatisServerImpl@2589c416, cost 4754.236us
2022-01-20 14:19:11,765 [EventQueue-StaleNodeForStaleNodeHandler] INFO  pipeline.PipelineManagerImpl (PipelineManagerImpl.java:closePipeline(365)) - Pipeline Pipeline[ Id: 4f8d674b-35e4-4c3d-a3fd-477b38a169a7, Nodes: c842222a-b1c3-47cd-9e78-3481338af40d{ip: 10.1.0.33, host: fv-az294-522.eaanfquahm5ulb5tj050gcxych.jx.internal.cloudapp.net, ports: [REPLICATION=39833, RATIS=44871, RATIS_ADMIN=44871, RATIS_SERVER=44871, STANDALONE=45605], networkLocation: /default-rack, certSerialId: null, persistedOpState: IN_SERVICE, persistedOpStateExpiryEpochSec: 0}8543d24f-bec7-4768-944c-282c8ff9c745{ip: 10.1.0.33, host: fv-az294-522.eaanfquahm5ulb5tj050gcxych.jx.internal.cloudapp.net, ports: [REPLICATION=40917, RATIS=34369, RATIS_ADMIN=34369, RATIS_SERVER=34369, STANDALONE=38809], networkLocation: /default-rack, certSerialId: null, persistedOpState: IN_SERVICE, persistedOpStateExpiryEpochSec: 0}974883c6-3444-443e-b406-2e7f57ab6e46{ip: 10.1.0.33, host: fv-az294-522.eaanfquahm5ulb5tj050gcxych.jx.internal.cloudapp.net, ports: [REPLICATION=33335, RATIS=43877, RATIS_ADMIN=43877, RATIS_SERVER=43877, STANDALONE=37259], networkLocation: /default-rack, certSerialId: null, persistedOpState: IN_SERVICE, persistedOpStateExpiryEpochSec: 0}, ReplicationConfig: RATIS/THREE, State:ALLOCATED, leaderId:, CreationTimestamp2022-01-20T14:18:16.152Z[Etc/UTC]] moved to CLOSED state
2022-01-20 14:19:12,346 [EventQueue-StaleNodeForStaleNodeHandler] INFO  node.StaleNodeHandler (StaleNodeHandler.java:onMessage(58)) - Datanode 4a67b2a1-79be-440d-a7f9-3f5e5a8bd0ed{ip: 10.1.0.33, host: fv-az294-522.eaanfquahm5ulb5tj050gcxych.jx.internal.cloudapp.net, ports: [REPLICATION=34197, RATIS=42913, RATIS_ADMIN=42913, RATIS_SERVER=42913, STANDALONE=41457], networkLocation: /default-rack, certSerialId: null, persistedOpState: IN_SERVICE, persistedOpStateExpiryEpochSec: 0} moved to stale state. Finalizing its pipelines [PipelineID=c4c59fdd-05d0-43b3-b6e4-a8039840480c, PipelineID=0811097b-d2e7-4f06-8318-6952aa65c3c9]
2022-01-20 14:19:12,352 [EventQueue-StaleNodeForStaleNodeHandler] INFO  ha.SCMHAInvocationHandler (SCMHAInvocationHandler.java:invokeRatis(113)) - Invoking method public abstract void org.apache.hadoop.hdds.scm.container.ContainerStateManager.updateContainerState(org.apache.hadoop.hdds.protocol.proto.HddsProtos$ContainerID,org.apache.hadoop.hdds.protocol.proto.HddsProtos$LifeCycleEvent) throws java.io.IOException,org.apache.hadoop.ozone.common.statemachine.InvalidStateTransitionException on target org.apache.hadoop.hdds.scm.ha.SCMRatisServerImpl@2589c416, cost 5288.441us
2022-01-20 14:19:12,371 [EventQueue-StaleNodeForStaleNodeHandler] INFO  pipeline.PipelineManagerImpl (PipelineManagerImpl.java:closeContainersForPipeline(344)) - Container #1 closed for pipeline=PipelineID=c4c59fdd-05d0-43b3-b6e4-a8039840480c
2022-01-20 14:19:12,399 [EventQueue-StaleNodeForStaleNodeHandler] INFO  ha.SCMHAInvocationHandler (SCMHAInvocationHandler.java:invokeRatis(113)) - Invoking method public abstract void org.apache.hadoop.hdds.scm.pipeline.PipelineStateManager.updatePipelineState(org.apache.hadoop.hdds.protocol.proto.HddsProtos$PipelineID,org.apache.hadoop.hdds.protocol.proto.HddsProtos$PipelineState) throws java.io.IOException on target org.apache.hadoop.hdds.scm.ha.SCMRatisServerImpl@2589c416, cost 27819.811us
2022-01-20 14:19:12,399 [EventQueue-StaleNodeForStaleNodeHandler] INFO  pipeline.PipelineManagerImpl (PipelineManagerImpl.java:closePipeline(365)) - Pipeline Pipeline[ Id: c4c59fdd-05d0-43b3-b6e4-a8039840480c, Nodes: f405db60-e51c-4785-8bbc-e1c4726dfe5c{ip: 10.1.0.33, host: fv-az294-522.eaanfquahm5ulb5tj050gcxych.jx.internal.cloudapp.net, ports: [REPLICATION=42491, RATIS=35313, RATIS_ADMIN=35313, RATIS_SERVER=35313, STANDALONE=44397], networkLocation: /default-rack, certSerialId: null, persistedOpState: IN_SERVICE, persistedOpStateExpiryEpochSec: 0}3055d1e2-eb1d-45ac-85ad-2ef847921969{ip: 10.1.0.33, host: fv-az294-522.eaanfquahm5ulb5tj050gcxych.jx.internal.cloudapp.net, ports: [REPLICATION=34195, RATIS=39677, RATIS_ADMIN=39677, RATIS_SERVER=39677, STANDALONE=38555], networkLocation: /default-rack, certSerialId: null, persistedOpState: IN_SERVICE, persistedOpStateExpiryEpochSec: 0}4a67b2a1-79be-440d-a7f9-3f5e5a8bd0ed{ip: 10.1.0.33, host: fv-az294-522.eaanfquahm5ulb5tj050gcxych.jx.internal.cloudapp.net, ports: [REPLICATION=34197, RATIS=42913, RATIS_ADMIN=42913, RATIS_SERVER=42913, STANDALONE=41457], networkLocation: /default-rack, certSerialId: null, persistedOpState: IN_SERVICE, persistedOpStateExpiryEpochSec: 0}, ReplicationConfig: RATIS/THREE, State:OPEN, leaderId:3055d1e2-eb1d-45ac-85ad-2ef847921969, CreationTimestamp2022-01-20T14:18:14.149Z[Etc/UTC]] moved to CLOSED state
2022-01-20 14:19:12,405 [EventQueue-StaleNodeForStaleNodeHandler] INFO  ha.SCMHAInvocationHandler (SCMHAInvocationHandler.java:invokeRatis(113)) - Invoking method public abstract void org.apache.hadoop.hdds.scm.pipeline.PipelineStateManager.updatePipelineState(org.apache.hadoop.hdds.protocol.proto.HddsProtos$PipelineID,org.apache.hadoop.hdds.protocol.proto.HddsProtos$PipelineState) throws java.io.IOException on target org.apache.hadoop.hdds.scm.ha.SCMRatisServerImpl@2589c416, cost 5712.343us
2022-01-20 14:19:12,405 [EventQueue-StaleNodeForStaleNodeHandler] INFO  pipeline.PipelineManagerImpl (PipelineManagerImpl.java:closePipeline(365)) - Pipeline Pipeline[ Id: 0811097b-d2e7-4f06-8318-6952aa65c3c9, Nodes: 4a67b2a1-79be-440d-a7f9-3f5e5a8bd0ed{ip: 10.1.0.33, host: fv-az294-522.eaanfquahm5ulb5tj050gcxych.jx.internal.cloudapp.net, ports: [REPLICATION=34197, RATIS=42913, RATIS_ADMIN=42913, RATIS_SERVER=42913, STANDALONE=41457], networkLocation: /default-rack, certSerialId: null, persistedOpState: IN_SERVICE, persistedOpStateExpiryEpochSec: 0}, ReplicationConfig: RATIS/ONE, State:OPEN, leaderId:4a67b2a1-79be-440d-a7f9-3f5e5a8bd0ed, CreationTimestamp2022-01-20T14:18:14.144Z[Etc/UTC]] moved to CLOSED state
2022-01-20 14:19:12,373 [EventQueue-CloseContainerForCloseContainerEventHandler] INFO  container.CloseContainerEventHandler (CloseContainerEventHandler.java:onMessage(69)) - Close container Event triggered for container : #1
2022-01-20 14:19:13,009 [Listener at 127.0.0.1/36805] INFO  statemachine.DatanodeStateMachine (DatanodeStateMachine.java:stopDaemon(529)) - Ozone container server stopped.
2022-01-20 14:19:13,010 [Listener at 127.0.0.1/36805] INFO  handler.ContextHandler (ContextHandler.java:doStop(1153)) - Stopped o.e.j.w.WebAppContext@298e6a00{hddsDatanode,/,null,STOPPED}{jar:file:/home/runner/.m2/repository/org/apache/ozone/hdds-container-service/1.3.0-SNAPSHOT/hdds-container-service-1.3.0-SNAPSHOT.jar!/webapps/hddsDatanode}
2022-01-20 14:19:13,011 [Listener at 127.0.0.1/36805] INFO  server.AbstractConnector (AbstractConnector.java:doStop(381)) - Stopped ServerConnector@185ea2dd{HTTP/1.1, (http/1.1)}{0.0.0.0:0}
2022-01-20 14:19:13,012 [Listener at 127.0.0.1/36805] INFO  server.session (HouseKeeper.java:stopScavenging(149)) - node0 Stopped scavenging
2022-01-20 14:19:13,012 [Listener at 127.0.0.1/36805] INFO  handler.ContextHandler (ContextHandler.java:doStop(1153)) - Stopped o.e.j.s.ServletContextHandler@79a89995{static,/static,jar:file:/home/runner/.m2/repository/org/apache/ozone/hdds-container-service/1.3.0-SNAPSHOT/hdds-container-service-1.3.0-SNAPSHOT.jar!/webapps/static,STOPPED}
2022-01-20 14:19:13,012 [Listener at 127.0.0.1/36805] INFO  handler.ContextHandler (ContextHandler.java:doStop(1153)) - Stopped o.e.j.s.ServletContextHandler@3f5efaf8{logs,/logs,file:///home/runner/work/ozone/ozone/hadoop-ozone/integration-test/target/log,STOPPED}
2022-01-20 14:19:13,025 [ForkJoinPool.commonPool-worker-1] INFO  statemachine.DatanodeStateMachine (DatanodeStateMachine.java:stopDaemon(529)) - Ozone container server stopped.
2022-01-20 14:19:13,032 [ForkJoinPool.commonPool-worker-1] INFO  handler.ContextHandler (ContextHandler.java:doStop(1153)) - Stopped o.e.j.w.WebAppContext@64829fc5{hddsDatanode,/,null,STOPPED}{jar:file:/home/runner/.m2/repository/org/apache/ozone/hdds-container-service/1.3.0-SNAPSHOT/hdds-container-service-1.3.0-SNAPSHOT.jar!/webapps/hddsDatanode}
2022-01-20 14:19:13,052 [ForkJoinPool.commonPool-worker-1] INFO  server.AbstractConnector (AbstractConnector.java:doStop(381)) - Stopped ServerConnector@4baf4a5b{HTTP/1.1, (http/1.1)}{0.0.0.0:0}
2022-01-20 14:19:13,052 [ForkJoinPool.commonPool-worker-1] INFO  server.session (HouseKeeper.java:stopScavenging(149)) - node0 Stopped scavenging
2022-01-20 14:19:13,055 [ForkJoinPool.commonPool-worker-1] INFO  handler.ContextHandler (ContextHandler.java:doStop(1153)) - Stopped o.e.j.s.ServletContextHandler@6a5fcb32{static,/static,jar:file:/home/runner/.m2/repository/org/apache/ozone/hdds-container-service/1.3.0-SNAPSHOT/hdds-container-service-1.3.0-SNAPSHOT.jar!/webapps/static,STOPPED}
2022-01-20 14:19:13,055 [ForkJoinPool.commonPool-worker-1] INFO  handler.ContextHandler (ContextHandler.java:doStop(1153)) - Stopped o.e.j.s.ServletContextHandler@2b99c80d{logs,/logs,file:///home/runner/work/ozone/ozone/hadoop-ozone/integration-test/target/log,STOPPED}
2022-01-20 14:19:14,204 [grpc-default-executor-1] WARN  server.GrpcLogAppender (LogUtils.java:warn(122)) - f5002eb4-ff35-49a0-88dd-354658843fe1@group-C5373BE6AB5E->d2de7c60-b86f-4a06-91d9-365eb56e12df-AppendLogResponseHandler: Failed appendEntries: org.apache.ratis.thirdparty.io.grpc.StatusRuntimeException: UNAVAILABLE: io exception
2022-01-20 14:19:14,205 [grpc-default-executor-1] WARN  server.GrpcLogAppender (GrpcLogAppender.java:resetClient(110)) - f5002eb4-ff35-49a0-88dd-354658843fe1@group-C5373BE6AB5E->d2de7c60-b86f-4a06-91d9-365eb56e12df-GrpcLogAppender: Leader has not got in touch with Follower f5002eb4-ff35-49a0-88dd-354658843fe1@group-C5373BE6AB5E->d2de7c60-b86f-4a06-91d9-365eb56e12df(c-1,m0,n3, attendVote=true, lastRpcSendTime=0, lastRpcResponseTime=7864) yet, just keep nextIndex unchanged and retry.
2022-01-20 14:19:16,704 [grpc-default-executor-1] WARN  server.GrpcLogAppender (LogUtils.java:warn(122)) - f5002eb4-ff35-49a0-88dd-354658843fe1@group-C5373BE6AB5E->d2de7c60-b86f-4a06-91d9-365eb56e12df-AppendLogResponseHandler: Failed appendEntries: org.apache.ratis.thirdparty.io.grpc.StatusRuntimeException: UNAVAILABLE: io exception
2022-01-20 14:19:16,705 [grpc-default-executor-1] WARN  server.GrpcLogAppender (GrpcLogAppender.java:resetClient(110)) - f5002eb4-ff35-49a0-88dd-354658843fe1@group-C5373BE6AB5E->d2de7c60-b86f-4a06-91d9-365eb56e12df-GrpcLogAppender: Leader has not got in touch with Follower f5002eb4-ff35-49a0-88dd-354658843fe1@group-C5373BE6AB5E->d2de7c60-b86f-4a06-91d9-365eb56e12df(c-1,m0,n3, attendVote=true, lastRpcSendTime=0, lastRpcResponseTime=10364) yet, just keep nextIndex unchanged and retry.
2022-01-20 14:19:17,521 [f405db60-e51c-4785-8bbc-e1c4726dfe5c@group-A8039840480C-FollowerState] INFO  impl.FollowerState (FollowerState.java:run(134)) - f405db60-e51c-4785-8bbc-e1c4726dfe5c@group-A8039840480C-FollowerState: change to CANDIDATE, lastRpcElapsedTime:10342031265ns, electionTimeout:5196ms
2022-01-20 14:19:17,521 [f405db60-e51c-4785-8bbc-e1c4726dfe5c@group-A8039840480C-FollowerState] INFO  impl.RoleInfo (RoleInfo.java:shutdownFollowerState(108)) - f405db60-e51c-4785-8bbc-e1c4726dfe5c: shutdown f405db60-e51c-4785-8bbc-e1c4726dfe5c@group-A8039840480C-FollowerState
2022-01-20 14:19:17,521 [f405db60-e51c-4785-8bbc-e1c4726dfe5c@group-A8039840480C-FollowerState] INFO  server.RaftServer$Division (RaftServerImpl.java:setRole(290)) - f405db60-e51c-4785-8bbc-e1c4726dfe5c@group-A8039840480C: changes role from  FOLLOWER to CANDIDATE at term 4 for changeToCandidate
2022-01-20 14:19:17,521 [f405db60-e51c-4785-8bbc-e1c4726dfe5c@group-A8039840480C-FollowerState] INFO  server.RaftServerConfigKeys (ConfUtils.java:logGet(44)) - raft.server.leaderelection.pre-vote = false (custom)
2022-01-20 14:19:17,521 [f405db60-e51c-4785-8bbc-e1c4726dfe5c@group-A8039840480C-FollowerState] INFO  impl.RoleInfo (RoleInfo.java:updateAndGet(130)) - f405db60-e51c-4785-8bbc-e1c4726dfe5c: start f405db60-e51c-4785-8bbc-e1c4726dfe5c@group-A8039840480C-LeaderElection74
2022-01-20 14:19:17,549 [f405db60-e51c-4785-8bbc-e1c4726dfe5c@group-A8039840480C-LeaderElection74] INFO  server.RaftServer$Division (ServerState.java:setLeader(285)) - f405db60-e51c-4785-8bbc-e1c4726dfe5c@group-A8039840480C: change Leader from 3055d1e2-eb1d-45ac-85ad-2ef847921969 to null at term 4 for ELECTION
2022-01-20 14:19:17,568 [f405db60-e51c-4785-8bbc-e1c4726dfe5c@group-A8039840480C-LeaderElection74] INFO  impl.LeaderElection (LeaderElection.java:askForVotes(306)) - f405db60-e51c-4785-8bbc-e1c4726dfe5c@group-A8039840480C-LeaderElection74 ELECTION round 0: submit vote requests at term 5 for 1: [f405db60-e51c-4785-8bbc-e1c4726dfe5c|rpc:10.1.0.33:35313|dataStream:|priority:0, 4a67b2a1-79be-440d-a7f9-3f5e5a8bd0ed|rpc:10.1.0.33:42913|dataStream:|priority:1, 3055d1e2-eb1d-45ac-85ad-2ef847921969|rpc:10.1.0.33:39677|dataStream:|priority:0], old=null
2022-01-20 14:19:17,661 [f405db60-e51c-4785-8bbc-e1c4726dfe5c@group-A8039840480C-LeaderElection74] INFO  impl.LeaderElection (LogUtils.java:infoOrTrace(137)) - f405db60-e51c-4785-8bbc-e1c4726dfe5c@group-A8039840480C-LeaderElection74 got exception when requesting votes: java.util.concurrent.ExecutionException: org.apache.ratis.thirdparty.io.grpc.StatusRuntimeException: UNAVAILABLE: io exception
2022-01-20 14:19:17,676 [f405db60-e51c-4785-8bbc-e1c4726dfe5c@group-A8039840480C-LeaderElection74] INFO  impl.LeaderElection (LogUtils.java:infoOrTrace(137)) - f405db60-e51c-4785-8bbc-e1c4726dfe5c@group-A8039840480C-LeaderElection74 got exception when requesting votes: java.util.concurrent.ExecutionException: org.apache.ratis.thirdparty.io.grpc.StatusRuntimeException: UNAVAILABLE: io exception
2022-01-20 14:19:17,676 [f405db60-e51c-4785-8bbc-e1c4726dfe5c@group-A8039840480C-LeaderElection74] INFO  impl.LeaderElection (LeaderElection.java:logAndReturn(89)) - f405db60-e51c-4785-8bbc-e1c4726dfe5c@group-A8039840480C-LeaderElection74: ELECTION REJECTED received 0 response(s) and 2 exception(s):
2022-01-20 14:19:17,676 [f405db60-e51c-4785-8bbc-e1c4726dfe5c@group-A8039840480C-LeaderElection74] INFO  impl.LeaderElection (LogUtils.java:infoOrTrace(137)) -   Exception 0: java.util.concurrent.ExecutionException: org.apache.ratis.thirdparty.io.grpc.StatusRuntimeException: UNAVAILABLE: io exception
2022-01-20 14:19:17,676 [f405db60-e51c-4785-8bbc-e1c4726dfe5c@group-A8039840480C-LeaderElection74] INFO  impl.LeaderElection (LogUtils.java:infoOrTrace(137)) -   Exception 1: java.util.concurrent.ExecutionException: org.apache.ratis.thirdparty.io.grpc.StatusRuntimeException: UNAVAILABLE: io exception
2022-01-20 14:19:17,676 [f405db60-e51c-4785-8bbc-e1c4726dfe5c@group-A8039840480C-LeaderElection74] INFO  impl.LeaderElection (LeaderElection.java:askForVotes(308)) - f405db60-e51c-4785-8bbc-e1c4726dfe5c@group-A8039840480C-LeaderElection74 ELECTION round 0: result REJECTED
2022-01-20 14:19:17,676 [f405db60-e51c-4785-8bbc-e1c4726dfe5c@group-A8039840480C-LeaderElection74] INFO  server.RaftServer$Division (RaftServerImpl.java:setRole(290)) - f405db60-e51c-4785-8bbc-e1c4726dfe5c@group-A8039840480C: changes role from CANDIDATE to FOLLOWER at term 5 for REJECTED
2022-01-20 14:19:17,676 [f405db60-e51c-4785-8bbc-e1c4726dfe5c@group-A8039840480C-LeaderElection74] INFO  impl.RoleInfo (RoleInfo.java:shutdownLeaderElection(121)) - f405db60-e51c-4785-8bbc-e1c4726dfe5c: shutdown f405db60-e51c-4785-8bbc-e1c4726dfe5c@group-A8039840480C-LeaderElection74
2022-01-20 14:19:17,676 [f405db60-e51c-4785-8bbc-e1c4726dfe5c@group-A8039840480C-LeaderElection74] INFO  impl.RoleInfo (RoleInfo.java:updateAndGet(130)) - f405db60-e51c-4785-8bbc-e1c4726dfe5c: start f405db60-e51c-4785-8bbc-e1c4726dfe5c@group-A8039840480C-FollowerState
2022-01-20 14:19:18,033 [Listener at 127.0.0.1/36805] INFO  ozoneimpl.OzoneContainer (OzoneContainer.java:stop(336)) - Attempting to stop container services.
2022-01-20 14:19:18,034 [Listener at 127.0.0.1/36805] INFO  server.RaftServer (RaftServerProxy.java:lambda$close$6(391)) - 3934de01-e9c2-42ef-9a8f-f9cad9f9a13a: close
2022-01-20 14:19:18,034 [Listener at 127.0.0.1/36805] INFO  server.RaftServer$Division (RaftServerImpl.java:lambda$close$4(412)) - 3934de01-e9c2-42ef-9a8f-f9cad9f9a13a@group-95087C682C55: shutdown
2022-01-20 14:19:18,034 [Listener at 127.0.0.1/36805] INFO  util.JmxRegister (JmxRegister.java:unregister(73)) - Successfully un-registered JMX Bean with object name Ratis:service=RaftServer,group=group-95087C682C55,id=3934de01-e9c2-42ef-9a8f-f9cad9f9a13a
2022-01-20 14:19:18,034 [Listener at 127.0.0.1/36805] INFO  impl.RoleInfo (RoleInfo.java:shutdownLeaderState(91)) - 3934de01-e9c2-42ef-9a8f-f9cad9f9a13a: shutdown 3934de01-e9c2-42ef-9a8f-f9cad9f9a13a@group-95087C682C55-LeaderStateImpl
2022-01-20 14:19:18,034 [Listener at 127.0.0.1/36805] INFO  impl.PendingRequests (PendingRequests.java:sendNotLeaderResponses(282)) - 3934de01-e9c2-42ef-9a8f-f9cad9f9a13a@group-95087C682C55-PendingRequests: sendNotLeaderResponses
2022-01-20 14:19:18,035 [3934de01-e9c2-42ef-9a8f-f9cad9f9a13a@group-95087C682C55-StateMachineUpdater] INFO  ratis.ContainerStateMachine (ContainerStateMachine.java:takeSnapshot(299)) - group-95087C682C55: Taking a snapshot at:(t:1, i:0) file /home/runner/work/ozone/ozone/hadoop-ozone/integration-test/target/test-dir/MiniOzoneClusterImpl-f1e7e660-ec45-4ef3-9198-8cc7416827f1/datanode-8/data/ratis/d21a62da-0ff5-4921-8124-95087c682c55/sm/snapshot.1_0
2022-01-20 14:19:18,036 [Listener at 127.0.0.1/36805] INFO  impl.StateMachineUpdater (StateMachineUpdater.java:stopAndJoin(149)) - 3934de01-e9c2-42ef-9a8f-f9cad9f9a13a@group-95087C682C55-StateMachineUpdater: set stopIndex = 0
2022-01-20 14:19:18,036 [3934de01-e9c2-42ef-9a8f-f9cad9f9a13a@group-95087C682C55-StateMachineUpdater] INFO  ratis.ContainerStateMachine (ContainerStateMachine.java:takeSnapshot(310)) - group-95087C682C55: Finished taking a snapshot at:(t:1, i:0) file:/home/runner/work/ozone/ozone/hadoop-ozone/integration-test/target/test-dir/MiniOzoneClusterImpl-f1e7e660-ec45-4ef3-9198-8cc7416827f1/datanode-8/data/ratis/d21a62da-0ff5-4921-8124-95087c682c55/sm/snapshot.1_0 took: 1 ms
2022-01-20 14:19:18,037 [3934de01-e9c2-42ef-9a8f-f9cad9f9a13a@group-95087C682C55-StateMachineUpdater] INFO  impl.StateMachineUpdater (StateMachineUpdater.java:takeSnapshot(281)) - 3934de01-e9c2-42ef-9a8f-f9cad9f9a13a@group-95087C682C55-StateMachineUpdater: Took a snapshot at index 0
2022-01-20 14:19:18,037 [3934de01-e9c2-42ef-9a8f-f9cad9f9a13a@group-95087C682C55-StateMachineUpdater] INFO  impl.StateMachineUpdater (StateMachineUpdater.java:lambda$new$0(89)) - 3934de01-e9c2-42ef-9a8f-f9cad9f9a13a@group-95087C682C55-StateMachineUpdater: snapshotIndex: updateIncreasingly -1 -> 0
2022-01-20 14:19:18,037 [Listener at 127.0.0.1/36805] INFO  server.RaftServer$Division (ServerState.java:close(419)) - 3934de01-e9c2-42ef-9a8f-f9cad9f9a13a@group-95087C682C55: closes. applyIndex: 0
2022-01-20 14:19:18,037 [3934de01-e9c2-42ef-9a8f-f9cad9f9a13a@group-95087C682C55-SegmentedRaftLogWorker] INFO  segmented.SegmentedRaftLogWorker (SegmentedRaftLogWorker.java:run(327)) - 3934de01-e9c2-42ef-9a8f-f9cad9f9a13a@group-95087C682C55-SegmentedRaftLogWorker was interrupted, exiting. There are 0 tasks remaining in the queue.
2022-01-20 14:19:18,038 [Listener at 127.0.0.1/36805] INFO  segmented.SegmentedRaftLogWorker (SegmentedRaftLogWorker.java:close(237)) - 3934de01-e9c2-42ef-9a8f-f9cad9f9a13a@group-95087C682C55-SegmentedRaftLogWorker close()
2022-01-20 14:19:18,063 [Listener at 127.0.0.1/36805] INFO  server.RaftServer$Division (RaftServerImpl.java:lambda$close$4(412)) - 3934de01-e9c2-42ef-9a8f-f9cad9f9a13a@group-C5373BE6AB5E: shutdown
2022-01-20 14:19:18,064 [Listener at 127.0.0.1/36805] INFO  util.JmxRegister (JmxRegister.java:unregister(73)) - Successfully un-registered JMX Bean with object name Ratis:service=RaftServer,group=group-C5373BE6AB5E,id=3934de01-e9c2-42ef-9a8f-f9cad9f9a13a
2022-01-20 14:19:18,064 [Listener at 127.0.0.1/36805] INFO  impl.RoleInfo (RoleInfo.java:shutdownFollowerState(108)) - 3934de01-e9c2-42ef-9a8f-f9cad9f9a13a: shutdown 3934de01-e9c2-42ef-9a8f-f9cad9f9a13a@group-C5373BE6AB5E-FollowerState
2022-01-20 14:19:18,064 [Listener at 127.0.0.1/36805] INFO  impl.StateMachineUpdater (StateMachineUpdater.java:stopAndJoin(149)) - 3934de01-e9c2-42ef-9a8f-f9cad9f9a13a@group-C5373BE6AB5E-StateMachineUpdater: set stopIndex = 2
2022-01-20 14:19:18,065 [3934de01-e9c2-42ef-9a8f-f9cad9f9a13a@group-C5373BE6AB5E-StateMachineUpdater] INFO  ratis.ContainerStateMachine (ContainerStateMachine.java:takeSnapshot(299)) - group-C5373BE6AB5E: Taking a snapshot at:(t:3, i:2) file /home/runner/work/ozone/ozone/hadoop-ozone/integration-test/target/test-dir/MiniOzoneClusterImpl-f1e7e660-ec45-4ef3-9198-8cc7416827f1/datanode-8/data/ratis/598beb70-5354-4269-a931-c5373be6ab5e/sm/snapshot.3_2
2022-01-20 14:19:18,065 [3934de01-e9c2-42ef-9a8f-f9cad9f9a13a@group-C5373BE6AB5E-StateMachineUpdater] INFO  ratis.ContainerStateMachine (ContainerStateMachine.java:takeSnapshot(310)) - group-C5373BE6AB5E: Finished taking a snapshot at:(t:3, i:2) file:/home/runner/work/ozone/ozone/hadoop-ozone/integration-test/target/test-dir/MiniOzoneClusterImpl-f1e7e660-ec45-4ef3-9198-8cc7416827f1/datanode-8/data/ratis/598beb70-5354-4269-a931-c5373be6ab5e/sm/snapshot.3_2 took: 0 ms
2022-01-20 14:19:18,066 [3934de01-e9c2-42ef-9a8f-f9cad9f9a13a@group-C5373BE6AB5E-StateMachineUpdater] INFO  impl.StateMachineUpdater (StateMachineUpdater.java:takeSnapshot(281)) - 3934de01-e9c2-42ef-9a8f-f9cad9f9a13a@group-C5373BE6AB5E-StateMachineUpdater: Took a snapshot at index 2
2022-01-20 14:19:18,066 [3934de01-e9c2-42ef-9a8f-f9cad9f9a13a@group-C5373BE6AB5E-StateMachineUpdater] INFO  impl.StateMachineUpdater (StateMachineUpdater.java:lambda$new$0(89)) - 3934de01-e9c2-42ef-9a8f-f9cad9f9a13a@group-C5373BE6AB5E-StateMachineUpdater: snapshotIndex: updateIncreasingly -1 -> 2
2022-01-20 14:19:18,066 [Listener at 127.0.0.1/36805] INFO  server.RaftServer$Division (ServerState.java:close(419)) - 3934de01-e9c2-42ef-9a8f-f9cad9f9a13a@group-C5373BE6AB5E: closes. applyIndex: 2
2022-01-20 14:19:18,066 [3934de01-e9c2-42ef-9a8f-f9cad9f9a13a@group-C5373BE6AB5E-SegmentedRaftLogWorker] INFO  segmented.SegmentedRaftLogWorker (SegmentedRaftLogWorker.java:run(327)) - 3934de01-e9c2-42ef-9a8f-f9cad9f9a13a@group-C5373BE6AB5E-SegmentedRaftLogWorker was interrupted, exiting. There are 0 tasks remaining in the queue.
2022-01-20 14:19:18,064 [3934de01-e9c2-42ef-9a8f-f9cad9f9a13a@group-C5373BE6AB5E-FollowerState] INFO  impl.FollowerState (FollowerState.java:run(143)) - 3934de01-e9c2-42ef-9a8f-f9cad9f9a13a@group-C5373BE6AB5E-FollowerState was interrupted: {}
java.lang.InterruptedException: sleep interrupted
	at java.lang.Thread.sleep(Native Method)
	at java.lang.Thread.sleep(Thread.java:340)
	at java.util.concurrent.TimeUnit.sleep(TimeUnit.java:386)
	at org.apache.ratis.util.TimeDuration.sleep(TimeDuration.java:324)
	at org.apache.ratis.util.TimeDuration.sleep(TimeDuration.java:309)
	at org.apache.ratis.server.impl.FollowerState.run(FollowerState.java:118)
2022-01-20 14:19:18,103 [ForkJoinPool.commonPool-worker-1] INFO  ozoneimpl.OzoneContainer (OzoneContainer.java:stop(336)) - Attempting to stop container services.
2022-01-20 14:19:18,068 [Listener at 127.0.0.1/36805] INFO  segmented.SegmentedRaftLogWorker (SegmentedRaftLogWorker.java:close(237)) - 3934de01-e9c2-42ef-9a8f-f9cad9f9a13a@group-C5373BE6AB5E-SegmentedRaftLogWorker close()
2022-01-20 14:19:18,127 [ForkJoinPool.commonPool-worker-1] INFO  server.RaftServer (RaftServerProxy.java:lambda$close$6(391)) - f405db60-e51c-4785-8bbc-e1c4726dfe5c: close
2022-01-20 14:19:18,128 [ForkJoinPool.commonPool-worker-1] INFO  server.RaftServer$Division (RaftServerImpl.java:lambda$close$4(412)) - f405db60-e51c-4785-8bbc-e1c4726dfe5c@group-A8039840480C: shutdown
2022-01-20 14:19:18,128 [ForkJoinPool.commonPool-worker-1] INFO  util.JmxRegister (JmxRegister.java:unregister(73)) - Successfully un-registered JMX Bean with object name Ratis:service=RaftServer,group=group-A8039840480C,id=f405db60-e51c-4785-8bbc-e1c4726dfe5c
2022-01-20 14:19:18,128 [ForkJoinPool.commonPool-worker-1] INFO  impl.RoleInfo (RoleInfo.java:shutdownFollowerState(108)) - f405db60-e51c-4785-8bbc-e1c4726dfe5c: shutdown f405db60-e51c-4785-8bbc-e1c4726dfe5c@group-A8039840480C-FollowerState
2022-01-20 14:19:18,128 [ForkJoinPool.commonPool-worker-1] INFO  impl.StateMachineUpdater (StateMachineUpdater.java:stopAndJoin(149)) - f405db60-e51c-4785-8bbc-e1c4726dfe5c@group-A8039840480C-StateMachineUpdater: set stopIndex = 2
2022-01-20 14:19:18,128 [f405db60-e51c-4785-8bbc-e1c4726dfe5c@group-A8039840480C-StateMachineUpdater] INFO  ratis.ContainerStateMachine (ContainerStateMachine.java:takeSnapshot(299)) - group-A8039840480C: Taking a snapshot at:(t:4, i:2) file /home/runner/work/ozone/ozone/hadoop-ozone/integration-test/target/test-dir/MiniOzoneClusterImpl-f1e7e660-ec45-4ef3-9198-8cc7416827f1/datanode-1/data/ratis/c4c59fdd-05d0-43b3-b6e4-a8039840480c/sm/snapshot.4_2
2022-01-20 14:19:18,129 [f405db60-e51c-4785-8bbc-e1c4726dfe5c@group-A8039840480C-StateMachineUpdater] INFO  ratis.ContainerStateMachine (ContainerStateMachine.java:takeSnapshot(310)) - group-A8039840480C: Finished taking a snapshot at:(t:4, i:2) file:/home/runner/work/ozone/ozone/hadoop-ozone/integration-test/target/test-dir/MiniOzoneClusterImpl-f1e7e660-ec45-4ef3-9198-8cc7416827f1/datanode-1/data/ratis/c4c59fdd-05d0-43b3-b6e4-a8039840480c/sm/snapshot.4_2 took: 1 ms
2022-01-20 14:19:18,131 [f405db60-e51c-4785-8bbc-e1c4726dfe5c@group-A8039840480C-StateMachineUpdater] INFO  impl.StateMachineUpdater (StateMachineUpdater.java:takeSnapshot(281)) - f405db60-e51c-4785-8bbc-e1c4726dfe5c@group-A8039840480C-StateMachineUpdater: Took a snapshot at index 2
2022-01-20 14:19:18,131 [f405db60-e51c-4785-8bbc-e1c4726dfe5c@group-A8039840480C-StateMachineUpdater] INFO  impl.StateMachineUpdater (StateMachineUpdater.java:lambda$new$0(89)) - f405db60-e51c-4785-8bbc-e1c4726dfe5c@group-A8039840480C-StateMachineUpdater: snapshotIndex: updateIncreasingly -1 -> 2
2022-01-20 14:19:18,131 [ForkJoinPool.commonPool-worker-1] INFO  server.RaftServer$Division (ServerState.java:close(419)) - f405db60-e51c-4785-8bbc-e1c4726dfe5c@group-A8039840480C: closes. applyIndex: 2
2022-01-20 14:19:18,132 [f405db60-e51c-4785-8bbc-e1c4726dfe5c@group-A8039840480C-SegmentedRaftLogWorker] INFO  segmented.SegmentedRaftLogWorker (SegmentedRaftLogWorker.java:run(327)) - f405db60-e51c-4785-8bbc-e1c4726dfe5c@group-A8039840480C-SegmentedRaftLogWorker was interrupted, exiting. There are 0 tasks remaining in the queue.
2022-01-20 14:19:18,132 [ForkJoinPool.commonPool-worker-1] INFO  segmented.SegmentedRaftLogWorker (SegmentedRaftLogWorker.java:close(237)) - f405db60-e51c-4785-8bbc-e1c4726dfe5c@group-A8039840480C-SegmentedRaftLogWorker close()
2022-01-20 14:19:18,138 [Listener at 127.0.0.1/36805] INFO  server.GrpcService (GrpcService.java:closeImpl(262)) - 3934de01-e9c2-42ef-9a8f-f9cad9f9a13a: shutdown server with port 40989 now
2022-01-20 14:19:18,138 [ForkJoinPool.commonPool-worker-1] INFO  server.RaftServer$Division (RaftServerImpl.java:lambda$close$4(412)) - f405db60-e51c-4785-8bbc-e1c4726dfe5c@group-5BAB6E4D1A69: shutdown
2022-01-20 14:19:18,139 [ForkJoinPool.commonPool-worker-1] INFO  util.JmxRegister (JmxRegister.java:unregister(73)) - Successfully un-registered JMX Bean with object name Ratis:service=RaftServer,group=group-5BAB6E4D1A69,id=f405db60-e51c-4785-8bbc-e1c4726dfe5c
2022-01-20 14:19:18,139 [ForkJoinPool.commonPool-worker-1] INFO  impl.RoleInfo (RoleInfo.java:shutdownLeaderState(91)) - f405db60-e51c-4785-8bbc-e1c4726dfe5c: shutdown f405db60-e51c-4785-8bbc-e1c4726dfe5c@group-5BAB6E4D1A69-LeaderStateImpl
2022-01-20 14:19:18,139 [ForkJoinPool.commonPool-worker-1] INFO  impl.PendingRequests (PendingRequests.java:sendNotLeaderResponses(282)) - f405db60-e51c-4785-8bbc-e1c4726dfe5c@group-5BAB6E4D1A69-PendingRequests: sendNotLeaderResponses
2022-01-20 14:19:18,140 [f405db60-e51c-4785-8bbc-e1c4726dfe5c@group-5BAB6E4D1A69-StateMachineUpdater] INFO  ratis.ContainerStateMachine (ContainerStateMachine.java:takeSnapshot(299)) - group-5BAB6E4D1A69: Taking a snapshot at:(t:1, i:0) file /home/runner/work/ozone/ozone/hadoop-ozone/integration-test/target/test-dir/MiniOzoneClusterImpl-f1e7e660-ec45-4ef3-9198-8cc7416827f1/datanode-1/data/ratis/720ba929-743e-41fc-9e69-5bab6e4d1a69/sm/snapshot.1_0
2022-01-20 14:19:18,140 [ForkJoinPool.commonPool-worker-1] INFO  impl.StateMachineUpdater (StateMachineUpdater.java:stopAndJoin(149)) - f405db60-e51c-4785-8bbc-e1c4726dfe5c@group-5BAB6E4D1A69-StateMachineUpdater: set stopIndex = 0
2022-01-20 14:19:18,143 [f405db60-e51c-4785-8bbc-e1c4726dfe5c@group-A8039840480C-FollowerState] INFO  impl.FollowerState (FollowerState.java:run(143)) - f405db60-e51c-4785-8bbc-e1c4726dfe5c@group-A8039840480C-FollowerState was interrupted: {}
java.lang.InterruptedException: sleep interrupted
	at java.lang.Thread.sleep(Native Method)
	at java.lang.Thread.sleep(Thread.java:340)
	at java.util.concurrent.TimeUnit.sleep(TimeUnit.java:386)
	at org.apache.ratis.util.TimeDuration.sleep(TimeDuration.java:324)
	at org.apache.ratis.util.TimeDuration.sleep(TimeDuration.java:309)
	at org.apache.ratis.server.impl.FollowerState.run(FollowerState.java:118)
2022-01-20 14:19:18,143 [f405db60-e51c-4785-8bbc-e1c4726dfe5c@group-5BAB6E4D1A69-StateMachineUpdater] INFO  ratis.ContainerStateMachine (ContainerStateMachine.java:takeSnapshot(310)) - group-5BAB6E4D1A69: Finished taking a snapshot at:(t:1, i:0) file:/home/runner/work/ozone/ozone/hadoop-ozone/integration-test/target/test-dir/MiniOzoneClusterImpl-f1e7e660-ec45-4ef3-9198-8cc7416827f1/datanode-1/data/ratis/720ba929-743e-41fc-9e69-5bab6e4d1a69/sm/snapshot.1_0 took: 3 ms
2022-01-20 14:19:18,144 [f405db60-e51c-4785-8bbc-e1c4726dfe5c@group-5BAB6E4D1A69-StateMachineUpdater] INFO  impl.StateMachineUpdater (StateMachineUpdater.java:takeSnapshot(281)) - f405db60-e51c-4785-8bbc-e1c4726dfe5c@group-5BAB6E4D1A69-StateMachineUpdater: Took a snapshot at index 0
2022-01-20 14:19:18,144 [f405db60-e51c-4785-8bbc-e1c4726dfe5c@group-5BAB6E4D1A69-StateMachineUpdater] INFO  impl.StateMachineUpdater (StateMachineUpdater.java:lambda$new$0(89)) - f405db60-e51c-4785-8bbc-e1c4726dfe5c@group-5BAB6E4D1A69-StateMachineUpdater: snapshotIndex: updateIncreasingly -1 -> 0
2022-01-20 14:19:18,150 [ForkJoinPool.commonPool-worker-1] INFO  server.RaftServer$Division (ServerState.java:close(419)) - f405db60-e51c-4785-8bbc-e1c4726dfe5c@group-5BAB6E4D1A69: closes. applyIndex: 0
2022-01-20 14:19:18,150 [f405db60-e51c-4785-8bbc-e1c4726dfe5c@group-5BAB6E4D1A69-SegmentedRaftLogWorker] INFO  segmented.SegmentedRaftLogWorker (SegmentedRaftLogWorker.java:run(327)) - f405db60-e51c-4785-8bbc-e1c4726dfe5c@group-5BAB6E4D1A69-SegmentedRaftLogWorker was interrupted, exiting. There are 0 tasks remaining in the queue.
2022-01-20 14:19:18,151 [ForkJoinPool.commonPool-worker-1] INFO  segmented.SegmentedRaftLogWorker (SegmentedRaftLogWorker.java:close(237)) - f405db60-e51c-4785-8bbc-e1c4726dfe5c@group-5BAB6E4D1A69-SegmentedRaftLogWorker close()
2022-01-20 14:19:18,164 [ForkJoinPool.commonPool-worker-1] INFO  server.GrpcService (GrpcService.java:closeImpl(262)) - f405db60-e51c-4785-8bbc-e1c4726dfe5c: shutdown server with port 35313 now
2022-01-20 14:19:18,167 [grpc-default-executor-3] WARN  client.GrpcClientProtocolService (LogUtils.java:warn(122)) - 0-OrderedRequestStreamObserver0: onError: org.apache.ratis.thirdparty.io.grpc.StatusRuntimeException: CANCELLED: client cancelled
2022-01-20 14:19:18,174 [grpc-default-executor-4] WARN  server.GrpcServerProtocolService (LogUtils.java:warn(122)) - 3934de01-e9c2-42ef-9a8f-f9cad9f9a13a: installSnapshot onError, lastRequest: f5002eb4-ff35-49a0-88dd-354658843fe1->3934de01-e9c2-42ef-9a8f-f9cad9f9a13a#2-t3,previous=(t:3, i:1),leaderCommit=1,initializing? true,entries: size=1, first=(t:3, i:2), METADATAENTRY(c:1): org.apache.ratis.thirdparty.io.grpc.StatusRuntimeException: CANCELLED: client cancelled
2022-01-20 14:19:18,174 [grpc-default-executor-5] WARN  server.GrpcLogAppender (LogUtils.java:warn(122)) - f5002eb4-ff35-49a0-88dd-354658843fe1@group-C5373BE6AB5E->3934de01-e9c2-42ef-9a8f-f9cad9f9a13a-AppendLogResponseHandler: Failed appendEntries: org.apache.ratis.thirdparty.io.grpc.StatusRuntimeException: CANCELLED: HTTP/2 error code: CANCEL
Received Rst Stream
2022-01-20 14:19:18,174 [grpc-default-executor-5] INFO  leader.FollowerInfo (FollowerInfoImpl.java:lambda$new$0(47)) - f5002eb4-ff35-49a0-88dd-354658843fe1@group-C5373BE6AB5E->3934de01-e9c2-42ef-9a8f-f9cad9f9a13a: nextIndex: updateUnconditionally 3 -> 2
2022-01-20 14:19:18,203 [ForkJoinPool.commonPool-worker-1] INFO  server.GrpcService (GrpcService.java:closeImpl(271)) - f405db60-e51c-4785-8bbc-e1c4726dfe5c: shutdown server with port 35313 successfully
2022-01-20 14:19:18,213 [org.apache.ratis.util.JvmPauseMonitor$$Lambda$431/385784873@52fb3e63] INFO  util.JvmPauseMonitor (JvmPauseMonitor.java:run(109)) - JvmPauseMonitor-f405db60-e51c-4785-8bbc-e1c4726dfe5c: Stopped
2022-01-20 14:19:18,215 [grpc-default-executor-4] WARN  server.GrpcLogAppender (LogUtils.java:warn(122)) - f5002eb4-ff35-49a0-88dd-354658843fe1@group-C5373BE6AB5E->3934de01-e9c2-42ef-9a8f-f9cad9f9a13a-AppendLogResponseHandler: Failed appendEntries: org.apache.ratis.thirdparty.io.grpc.StatusRuntimeException: UNAVAILABLE: io exception
2022-01-20 14:19:18,215 [grpc-default-executor-4] INFO  leader.FollowerInfo (FollowerInfoImpl.java:lambda$new$0(47)) - f5002eb4-ff35-49a0-88dd-354658843fe1@group-C5373BE6AB5E->3934de01-e9c2-42ef-9a8f-f9cad9f9a13a: nextIndex: updateUnconditionally 3 -> 2
2022-01-20 14:19:18,226 [Listener at 127.0.0.1/36805] INFO  server.GrpcService (GrpcService.java:closeImpl(271)) - 3934de01-e9c2-42ef-9a8f-f9cad9f9a13a: shutdown server with port 40989 successfully
2022-01-20 14:19:18,227 [org.apache.ratis.util.JvmPauseMonitor$$Lambda$431/385784873@13e9e01f] INFO  util.JvmPauseMonitor (JvmPauseMonitor.java:run(109)) - JvmPauseMonitor-3934de01-e9c2-42ef-9a8f-f9cad9f9a13a: Stopped
2022-01-20 14:19:19,212 [grpc-default-executor-4] WARN  server.GrpcLogAppender (LogUtils.java:warn(122)) - f5002eb4-ff35-49a0-88dd-354658843fe1@group-C5373BE6AB5E->d2de7c60-b86f-4a06-91d9-365eb56e12df-AppendLogResponseHandler: Failed appendEntries: org.apache.ratis.thirdparty.io.grpc.StatusRuntimeException: UNAVAILABLE: io exception
2022-01-20 14:19:19,212 [grpc-default-executor-4] WARN  server.GrpcLogAppender (GrpcLogAppender.java:resetClient(110)) - f5002eb4-ff35-49a0-88dd-354658843fe1@group-C5373BE6AB5E->d2de7c60-b86f-4a06-91d9-365eb56e12df-GrpcLogAppender: Leader has not got in touch with Follower f5002eb4-ff35-49a0-88dd-354658843fe1@group-C5373BE6AB5E->d2de7c60-b86f-4a06-91d9-365eb56e12df(c-1,m0,n3, attendVote=true, lastRpcSendTime=0, lastRpcResponseTime=12872) yet, just keep nextIndex unchanged and retry.
2022-01-20 14:19:20,318 [Listener at 127.0.0.1/36805] INFO  utils.BackgroundService (BackgroundService.java:shutdown(132)) - Shutting down service BlockDeletingService
2022-01-20 14:19:20,343 [ForkJoinPool.commonPool-worker-1] INFO  utils.BackgroundService (BackgroundService.java:shutdown(132)) - Shutting down service BlockDeletingService
2022-01-20 14:19:20,724 [grpc-default-executor-4] WARN  server.GrpcLogAppender (LogUtils.java:warn(122)) - f5002eb4-ff35-49a0-88dd-354658843fe1@group-C5373BE6AB5E->3934de01-e9c2-42ef-9a8f-f9cad9f9a13a-AppendLogResponseHandler: Failed appendEntries: org.apache.ratis.thirdparty.io.grpc.StatusRuntimeException: UNAVAILABLE: io exception
2022-01-20 14:19:20,724 [grpc-default-executor-4] INFO  leader.FollowerInfo (FollowerInfoImpl.java:lambda$new$0(47)) - f5002eb4-ff35-49a0-88dd-354658843fe1@group-C5373BE6AB5E->3934de01-e9c2-42ef-9a8f-f9cad9f9a13a: nextIndex: updateUnconditionally 3 -> 2
2022-01-20 14:19:21,713 [grpc-default-executor-4] WARN  server.GrpcLogAppender (LogUtils.java:warn(122)) - f5002eb4-ff35-49a0-88dd-354658843fe1@group-C5373BE6AB5E->d2de7c60-b86f-4a06-91d9-365eb56e12df-AppendLogResponseHandler: Failed appendEntries: org.apache.ratis.thirdparty.io.grpc.StatusRuntimeException: UNAVAILABLE: io exception
2022-01-20 14:19:21,713 [grpc-default-executor-4] WARN  server.GrpcLogAppender (GrpcLogAppender.java:resetClient(110)) - f5002eb4-ff35-49a0-88dd-354658843fe1@group-C5373BE6AB5E->d2de7c60-b86f-4a06-91d9-365eb56e12df-GrpcLogAppender: Leader has not got in touch with Follower f5002eb4-ff35-49a0-88dd-354658843fe1@group-C5373BE6AB5E->d2de7c60-b86f-4a06-91d9-365eb56e12df(c-1,m0,n3, attendVote=true, lastRpcSendTime=2501, lastRpcResponseTime=15373) yet, just keep nextIndex unchanged and retry.
2022-01-20 14:19:22,069 [EventQueue-StaleNodeForStaleNodeHandler] INFO  node.StaleNodeHandler (StaleNodeHandler.java:onMessage(58)) - Datanode 8543d24f-bec7-4768-944c-282c8ff9c745{ip: 10.1.0.33, host: fv-az294-522.eaanfquahm5ulb5tj050gcxych.jx.internal.cloudapp.net, ports: [REPLICATION=40917, RATIS=34369, RATIS_ADMIN=34369, RATIS_SERVER=34369, STANDALONE=38809], networkLocation: /default-rack, certSerialId: null, persistedOpState: IN_SERVICE, persistedOpStateExpiryEpochSec: 0} moved to stale state. Finalizing its pipelines [PipelineID=a213106b-eb96-4717-b5bb-b29cf439a51f, PipelineID=4f8d674b-35e4-4c3d-a3fd-477b38a169a7]
2022-01-20 14:19:22,075 [EventQueue-StaleNodeForStaleNodeHandler] INFO  ha.SCMHAInvocationHandler (SCMHAInvocationHandler.java:invokeRatis(113)) - Invoking method public abstract void org.apache.hadoop.hdds.scm.pipeline.PipelineStateManager.updatePipelineState(org.apache.hadoop.hdds.protocol.proto.HddsProtos$PipelineID,org.apache.hadoop.hdds.protocol.proto.HddsProtos$PipelineState) throws java.io.IOException on target org.apache.hadoop.hdds.scm.ha.SCMRatisServerImpl@2589c416, cost 5519.941us
2022-01-20 14:19:22,075 [EventQueue-StaleNodeForStaleNodeHandler] INFO  pipeline.PipelineManagerImpl (PipelineManagerImpl.java:closePipeline(365)) - Pipeline Pipeline[ Id: a213106b-eb96-4717-b5bb-b29cf439a51f, Nodes: 8543d24f-bec7-4768-944c-282c8ff9c745{ip: 10.1.0.33, host: fv-az294-522.eaanfquahm5ulb5tj050gcxych.jx.internal.cloudapp.net, ports: [REPLICATION=40917, RATIS=34369, RATIS_ADMIN=34369, RATIS_SERVER=34369, STANDALONE=38809], networkLocation: /default-rack, certSerialId: null, persistedOpState: IN_SERVICE, persistedOpStateExpiryEpochSec: 0}, ReplicationConfig: RATIS/ONE, State:OPEN, leaderId:8543d24f-bec7-4768-944c-282c8ff9c745, CreationTimestamp2022-01-20T14:18:14.863Z[Etc/UTC]] moved to CLOSED state
2022-01-20 14:19:22,124 [f5002eb4-ff35-49a0-88dd-354658843fe1@group-C5373BE6AB5E-LeaderStateImpl] WARN  server.RaftServer$Division (LeaderStateImpl.java:checkLeadership(974)) - f5002eb4-ff35-49a0-88dd-354658843fe1@group-C5373BE6AB5E-LeaderStateImpl: Lost leadership on term: 3. Election timeout: 5200ms. In charge for: 10584ms. Conf: 1: [3934de01-e9c2-42ef-9a8f-f9cad9f9a13a|rpc:10.1.0.33:40989|dataStream:|priority:0, d2de7c60-b86f-4a06-91d9-365eb56e12df|rpc:10.1.0.33:36843|dataStream:|priority:1, f5002eb4-ff35-49a0-88dd-354658843fe1|rpc:10.1.0.33:43929|dataStream:|priority:0], old=null
2022-01-20 14:19:22,125 [f5002eb4-ff35-49a0-88dd-354658843fe1@group-C5373BE6AB5E-LeaderStateImpl] WARN  server.RaftServer$Division (LeaderStateImpl.java:lambda$checkLeadership$15(978)) - Follower f5002eb4-ff35-49a0-88dd-354658843fe1@group-C5373BE6AB5E->3934de01-e9c2-42ef-9a8f-f9cad9f9a13a(c2,m2,n2, attendVote=true, lastRpcSendTime=1408, lastRpcResponseTime=5385)
2022-01-20 14:19:22,125 [f5002eb4-ff35-49a0-88dd-354658843fe1@group-C5373BE6AB5E-LeaderStateImpl] WARN  server.RaftServer$Division (LeaderStateImpl.java:lambda$checkLeadership$15(978)) - Follower f5002eb4-ff35-49a0-88dd-354658843fe1@group-C5373BE6AB5E->d2de7c60-b86f-4a06-91d9-365eb56e12df(c-1,m0,n3, attendVote=true, lastRpcSendTime=408, lastRpcResponseTime=15784)
2022-01-20 14:19:22,125 [f5002eb4-ff35-49a0-88dd-354658843fe1@group-C5373BE6AB5E-LeaderStateImpl] INFO  server.RaftServer$Division (RaftServerImpl.java:setRole(290)) - f5002eb4-ff35-49a0-88dd-354658843fe1@group-C5373BE6AB5E: changes role from    LEADER to FOLLOWER at term 3 for StepDownReason:LOST_MAJORITY_HEARTBEATS
2022-01-20 14:19:22,125 [f5002eb4-ff35-49a0-88dd-354658843fe1@group-C5373BE6AB5E-LeaderStateImpl] INFO  impl.RoleInfo (RoleInfo.java:shutdownLeaderState(91)) - f5002eb4-ff35-49a0-88dd-354658843fe1: shutdown f5002eb4-ff35-49a0-88dd-354658843fe1@group-C5373BE6AB5E-LeaderStateImpl
2022-01-20 14:19:22,126 [f5002eb4-ff35-49a0-88dd-354658843fe1@group-C5373BE6AB5E-LeaderStateImpl] INFO  impl.PendingRequests (PendingRequests.java:sendNotLeaderResponses(282)) - f5002eb4-ff35-49a0-88dd-354658843fe1@group-C5373BE6AB5E-PendingRequests: sendNotLeaderResponses
2022-01-20 14:19:22,126 [f5002eb4-ff35-49a0-88dd-354658843fe1@group-C5373BE6AB5E->3934de01-e9c2-42ef-9a8f-f9cad9f9a13a-GrpcLogAppender-LogAppenderDaemon] WARN  server.GrpcLogAppender (GrpcLogAppender.java:mayWait(177)) - f5002eb4-ff35-49a0-88dd-354658843fe1@group-C5373BE6AB5E->3934de01-e9c2-42ef-9a8f-f9cad9f9a13a-GrpcLogAppender: Wait interrupted by java.lang.InterruptedException
2022-01-20 14:19:22,127 [f5002eb4-ff35-49a0-88dd-354658843fe1@group-C5373BE6AB5E-LeaderStateImpl] INFO  impl.RoleInfo (RoleInfo.java:updateAndGet(130)) - f5002eb4-ff35-49a0-88dd-354658843fe1: start f5002eb4-ff35-49a0-88dd-354658843fe1@group-C5373BE6AB5E-FollowerState
2022-01-20 14:19:22,368 [EventQueue-StaleNodeForStaleNodeHandler] INFO  node.StaleNodeHandler (StaleNodeHandler.java:onMessage(58)) - Datanode 974883c6-3444-443e-b406-2e7f57ab6e46{ip: 10.1.0.33, host: fv-az294-522.eaanfquahm5ulb5tj050gcxych.jx.internal.cloudapp.net, ports: [REPLICATION=33335, RATIS=43877, RATIS_ADMIN=43877, RATIS_SERVER=43877, STANDALONE=37259], networkLocation: /default-rack, certSerialId: null, persistedOpState: IN_SERVICE, persistedOpStateExpiryEpochSec: 0} moved to stale state. Finalizing its pipelines [PipelineID=92656fac-f080-441f-980a-14235f1030f3, PipelineID=4f8d674b-35e4-4c3d-a3fd-477b38a169a7]
2022-01-20 14:19:22,372 [EventQueue-StaleNodeForStaleNodeHandler] INFO  ha.SCMHAInvocationHandler (SCMHAInvocationHandler.java:invokeRatis(113)) - Invoking method public abstract void org.apache.hadoop.hdds.scm.pipeline.PipelineStateManager.updatePipelineState(org.apache.hadoop.hdds.protocol.proto.HddsProtos$PipelineID,org.apache.hadoop.hdds.protocol.proto.HddsProtos$PipelineState) throws java.io.IOException on target org.apache.hadoop.hdds.scm.ha.SCMRatisServerImpl@2589c416, cost 3158.624us
2022-01-20 14:19:22,372 [EventQueue-StaleNodeForStaleNodeHandler] INFO  pipeline.PipelineManagerImpl (PipelineManagerImpl.java:closePipeline(365)) - Pipeline Pipeline[ Id: 92656fac-f080-441f-980a-14235f1030f3, Nodes: 974883c6-3444-443e-b406-2e7f57ab6e46{ip: 10.1.0.33, host: fv-az294-522.eaanfquahm5ulb5tj050gcxych.jx.internal.cloudapp.net, ports: [REPLICATION=33335, RATIS=43877, RATIS_ADMIN=43877, RATIS_SERVER=43877, STANDALONE=37259], networkLocation: /default-rack, certSerialId: null, persistedOpState: IN_SERVICE, persistedOpStateExpiryEpochSec: 0}, ReplicationConfig: RATIS/ONE, State:OPEN, leaderId:974883c6-3444-443e-b406-2e7f57ab6e46, CreationTimestamp2022-01-20T14:18:16.146Z[Etc/UTC]] moved to CLOSED state
2022-01-20 14:19:23,368 [ForkJoinPool.commonPool-worker-1] INFO  statemachine.DatanodeStateMachine (DatanodeStateMachine.java:stopDaemon(529)) - Ozone container server stopped.
2022-01-20 14:19:23,372 [Listener at 127.0.0.1/36805] INFO  statemachine.DatanodeStateMachine (DatanodeStateMachine.java:stopDaemon(529)) - Ozone container server stopped.
2022-01-20 14:19:23,373 [Listener at 127.0.0.1/36805] INFO  handler.ContextHandler (ContextHandler.java:doStop(1153)) - Stopped o.e.j.w.WebAppContext@164e9564{hddsDatanode,/,null,STOPPED}{jar:file:/home/runner/.m2/repository/org/apache/ozone/hdds-container-service/1.3.0-SNAPSHOT/hdds-container-service-1.3.0-SNAPSHOT.jar!/webapps/hddsDatanode}
2022-01-20 14:19:23,374 [ForkJoinPool.commonPool-worker-1] INFO  handler.ContextHandler (ContextHandler.java:doStop(1153)) - Stopped o.e.j.w.WebAppContext@7a932c03{hddsDatanode,/,null,STOPPED}{jar:file:/home/runner/.m2/repository/org/apache/ozone/hdds-container-service/1.3.0-SNAPSHOT/hdds-container-service-1.3.0-SNAPSHOT.jar!/webapps/hddsDatanode}
2022-01-20 14:19:23,408 [ForkJoinPool.commonPool-worker-1] INFO  server.AbstractConnector (AbstractConnector.java:doStop(381)) - Stopped ServerConnector@7e75dd3a{HTTP/1.1, (http/1.1)}{0.0.0.0:0}
2022-01-20 14:19:23,408 [ForkJoinPool.commonPool-worker-1] INFO  server.session (HouseKeeper.java:stopScavenging(149)) - node0 Stopped scavenging
2022-01-20 14:19:23,408 [ForkJoinPool.commonPool-worker-1] INFO  handler.ContextHandler (ContextHandler.java:doStop(1153)) - Stopped o.e.j.s.ServletContextHandler@3734e41b{static,/static,jar:file:/home/runner/.m2/repository/org/apache/ozone/hdds-container-service/1.3.0-SNAPSHOT/hdds-container-service-1.3.0-SNAPSHOT.jar!/webapps/static,STOPPED}
2022-01-20 14:19:23,408 [ForkJoinPool.commonPool-worker-1] INFO  handler.ContextHandler (ContextHandler.java:doStop(1153)) - Stopped o.e.j.s.ServletContextHandler@4637b8f6{logs,/logs,file:///home/runner/work/ozone/ozone/hadoop-ozone/integration-test/target/log,STOPPED}
2022-01-20 14:19:23,409 [Listener at 127.0.0.1/36805] INFO  server.AbstractConnector (AbstractConnector.java:doStop(381)) - Stopped ServerConnector@1135abda{HTTP/1.1, (http/1.1)}{0.0.0.0:0}
2022-01-20 14:19:23,409 [Listener at 127.0.0.1/36805] INFO  server.session (HouseKeeper.java:stopScavenging(149)) - node0 Stopped scavenging
2022-01-20 14:19:23,409 [Listener at 127.0.0.1/36805] INFO  handler.ContextHandler (ContextHandler.java:doStop(1153)) - Stopped o.e.j.s.ServletContextHandler@1cd9fd72{static,/static,jar:file:/home/runner/.m2/repository/org/apache/ozone/hdds-container-service/1.3.0-SNAPSHOT/hdds-container-service-1.3.0-SNAPSHOT.jar!/webapps/static,STOPPED}
2022-01-20 14:19:23,410 [Listener at 127.0.0.1/36805] INFO  handler.ContextHandler (ContextHandler.java:doStop(1153)) - Stopped o.e.j.s.ServletContextHandler@4583046a{logs,/logs,file:///home/runner/work/ozone/ozone/hadoop-ozone/integration-test/target/log,STOPPED}
2022-01-20 14:19:27,254 [f5002eb4-ff35-49a0-88dd-354658843fe1@group-C5373BE6AB5E-FollowerState] INFO  impl.FollowerState (FollowerState.java:lostMajorityHeartbeatsRecently(107)) - f5002eb4-ff35-49a0-88dd-354658843fe1@group-C5373BE6AB5E-FollowerState: Skipping leader election since it stepped down recently (elapsed = 5126ms < waitTime = 10s)
2022-01-20 14:19:28,411 [ForkJoinPool.commonPool-worker-1] INFO  ozoneimpl.OzoneContainer (OzoneContainer.java:stop(336)) - Attempting to stop container services.
2022-01-20 14:19:28,412 [ForkJoinPool.commonPool-worker-1] INFO  server.RaftServer (RaftServerProxy.java:lambda$close$6(391)) - f5002eb4-ff35-49a0-88dd-354658843fe1: close
2022-01-20 14:19:28,412 [ForkJoinPool.commonPool-worker-1] INFO  server.RaftServer$Division (RaftServerImpl.java:lambda$close$4(412)) - f5002eb4-ff35-49a0-88dd-354658843fe1@group-8C279CB31BB9: shutdown
2022-01-20 14:19:28,412 [ForkJoinPool.commonPool-worker-1] INFO  util.JmxRegister (JmxRegister.java:unregister(73)) - Successfully un-registered JMX Bean with object name Ratis:service=RaftServer,group=group-8C279CB31BB9,id=f5002eb4-ff35-49a0-88dd-354658843fe1
2022-01-20 14:19:28,412 [ForkJoinPool.commonPool-worker-1] INFO  impl.RoleInfo (RoleInfo.java:shutdownLeaderState(91)) - f5002eb4-ff35-49a0-88dd-354658843fe1: shutdown f5002eb4-ff35-49a0-88dd-354658843fe1@group-8C279CB31BB9-LeaderStateImpl
2022-01-20 14:19:28,412 [ForkJoinPool.commonPool-worker-1] INFO  impl.PendingRequests (PendingRequests.java:sendNotLeaderResponses(282)) - f5002eb4-ff35-49a0-88dd-354658843fe1@group-8C279CB31BB9-PendingRequests: sendNotLeaderResponses
2022-01-20 14:19:28,413 [ForkJoinPool.commonPool-worker-1] INFO  impl.StateMachineUpdater (StateMachineUpdater.java:stopAndJoin(149)) - f5002eb4-ff35-49a0-88dd-354658843fe1@group-8C279CB31BB9-StateMachineUpdater: set stopIndex = 0
2022-01-20 14:19:28,413 [f5002eb4-ff35-49a0-88dd-354658843fe1@group-8C279CB31BB9-StateMachineUpdater] INFO  ratis.ContainerStateMachine (ContainerStateMachine.java:takeSnapshot(299)) - group-8C279CB31BB9: Taking a snapshot at:(t:1, i:0) file /home/runner/work/ozone/ozone/hadoop-ozone/integration-test/target/test-dir/MiniOzoneClusterImpl-f1e7e660-ec45-4ef3-9198-8cc7416827f1/datanode-6/data/ratis/4497592a-db2f-4d73-b84e-8c279cb31bb9/sm/snapshot.1_0
2022-01-20 14:19:28,414 [f5002eb4-ff35-49a0-88dd-354658843fe1@group-8C279CB31BB9-StateMachineUpdater] INFO  ratis.ContainerStateMachine (ContainerStateMachine.java:takeSnapshot(310)) - group-8C279CB31BB9: Finished taking a snapshot at:(t:1, i:0) file:/home/runner/work/ozone/ozone/hadoop-ozone/integration-test/target/test-dir/MiniOzoneClusterImpl-f1e7e660-ec45-4ef3-9198-8cc7416827f1/datanode-6/data/ratis/4497592a-db2f-4d73-b84e-8c279cb31bb9/sm/snapshot.1_0 took: 1 ms
2022-01-20 14:19:28,415 [f5002eb4-ff35-49a0-88dd-354658843fe1@group-8C279CB31BB9-StateMachineUpdater] INFO  impl.StateMachineUpdater (StateMachineUpdater.java:takeSnapshot(281)) - f5002eb4-ff35-49a0-88dd-354658843fe1@group-8C279CB31BB9-StateMachineUpdater: Took a snapshot at index 0
2022-01-20 14:19:28,415 [f5002eb4-ff35-49a0-88dd-354658843fe1@group-8C279CB31BB9-StateMachineUpdater] INFO  impl.StateMachineUpdater (StateMachineUpdater.java:lambda$new$0(89)) - f5002eb4-ff35-49a0-88dd-354658843fe1@group-8C279CB31BB9-StateMachineUpdater: snapshotIndex: updateIncreasingly -1 -> 0
2022-01-20 14:19:28,420 [ForkJoinPool.commonPool-worker-1] INFO  server.RaftServer$Division (ServerState.java:close(419)) - f5002eb4-ff35-49a0-88dd-354658843fe1@group-8C279CB31BB9: closes. applyIndex: 0
2022-01-20 14:19:28,420 [f5002eb4-ff35-49a0-88dd-354658843fe1@group-8C279CB31BB9-SegmentedRaftLogWorker] INFO  segmented.SegmentedRaftLogWorker (SegmentedRaftLogWorker.java:run(327)) - f5002eb4-ff35-49a0-88dd-354658843fe1@group-8C279CB31BB9-SegmentedRaftLogWorker was interrupted, exiting. There are 0 tasks remaining in the queue.
2022-01-20 14:19:28,420 [ForkJoinPool.commonPool-worker-1] INFO  segmented.SegmentedRaftLogWorker (SegmentedRaftLogWorker.java:close(237)) - f5002eb4-ff35-49a0-88dd-354658843fe1@group-8C279CB31BB9-SegmentedRaftLogWorker close()
2022-01-20 14:19:28,425 [ForkJoinPool.commonPool-worker-1] INFO  server.RaftServer$Division (RaftServerImpl.java:lambda$close$4(412)) - f5002eb4-ff35-49a0-88dd-354658843fe1@group-C5373BE6AB5E: shutdown
2022-01-20 14:19:28,425 [ForkJoinPool.commonPool-worker-1] INFO  util.JmxRegister (JmxRegister.java:unregister(73)) - Successfully un-registered JMX Bean with object name Ratis:service=RaftServer,group=group-C5373BE6AB5E,id=f5002eb4-ff35-49a0-88dd-354658843fe1
2022-01-20 14:19:28,425 [ForkJoinPool.commonPool-worker-1] INFO  impl.RoleInfo (RoleInfo.java:shutdownFollowerState(108)) - f5002eb4-ff35-49a0-88dd-354658843fe1: shutdown f5002eb4-ff35-49a0-88dd-354658843fe1@group-C5373BE6AB5E-FollowerState
2022-01-20 14:19:28,425 [f5002eb4-ff35-49a0-88dd-354658843fe1@group-C5373BE6AB5E-FollowerState] INFO  impl.FollowerState (FollowerState.java:run(143)) - f5002eb4-ff35-49a0-88dd-354658843fe1@group-C5373BE6AB5E-FollowerState was interrupted: {}
java.lang.InterruptedException: sleep interrupted
	at java.lang.Thread.sleep(Native Method)
	at java.lang.Thread.sleep(Thread.java:340)
	at java.util.concurrent.TimeUnit.sleep(TimeUnit.java:386)
	at org.apache.ratis.util.TimeDuration.sleep(TimeDuration.java:324)
	at org.apache.ratis.util.TimeDuration.sleep(TimeDuration.java:309)
	at org.apache.ratis.server.impl.FollowerState.run(FollowerState.java:118)
2022-01-20 14:19:28,425 [f5002eb4-ff35-49a0-88dd-354658843fe1@group-C5373BE6AB5E-StateMachineUpdater] INFO  ratis.ContainerStateMachine (ContainerStateMachine.java:takeSnapshot(299)) - group-C5373BE6AB5E: Taking a snapshot at:(t:3, i:2) file /home/runner/work/ozone/ozone/hadoop-ozone/integration-test/target/test-dir/MiniOzoneClusterImpl-f1e7e660-ec45-4ef3-9198-8cc7416827f1/datanode-6/data/ratis/598beb70-5354-4269-a931-c5373be6ab5e/sm/snapshot.3_2
2022-01-20 14:19:28,426 [ForkJoinPool.commonPool-worker-1] INFO  impl.StateMachineUpdater (StateMachineUpdater.java:stopAndJoin(149)) - f5002eb4-ff35-49a0-88dd-354658843fe1@group-C5373BE6AB5E-StateMachineUpdater: set stopIndex = 2
2022-01-20 14:19:28,426 [f5002eb4-ff35-49a0-88dd-354658843fe1@group-C5373BE6AB5E-StateMachineUpdater] INFO  ratis.ContainerStateMachine (ContainerStateMachine.java:takeSnapshot(310)) - group-C5373BE6AB5E: Finished taking a snapshot at:(t:3, i:2) file:/home/runner/work/ozone/ozone/hadoop-ozone/integration-test/target/test-dir/MiniOzoneClusterImpl-f1e7e660-ec45-4ef3-9198-8cc7416827f1/datanode-6/data/ratis/598beb70-5354-4269-a931-c5373be6ab5e/sm/snapshot.3_2 took: 1 ms
2022-01-20 14:19:28,427 [f5002eb4-ff35-49a0-88dd-354658843fe1@group-C5373BE6AB5E-StateMachineUpdater] INFO  impl.StateMachineUpdater (StateMachineUpdater.java:takeSnapshot(281)) - f5002eb4-ff35-49a0-88dd-354658843fe1@group-C5373BE6AB5E-StateMachineUpdater: Took a snapshot at index 2
2022-01-20 14:19:28,427 [f5002eb4-ff35-49a0-88dd-354658843fe1@group-C5373BE6AB5E-StateMachineUpdater] INFO  impl.StateMachineUpdater (StateMachineUpdater.java:lambda$new$0(89)) - f5002eb4-ff35-49a0-88dd-354658843fe1@group-C5373BE6AB5E-StateMachineUpdater: snapshotIndex: updateIncreasingly -1 -> 2
2022-01-20 14:19:28,427 [ForkJoinPool.commonPool-worker-1] INFO  server.RaftServer$Division (ServerState.java:close(419)) - f5002eb4-ff35-49a0-88dd-354658843fe1@group-C5373BE6AB5E: closes. applyIndex: 2
2022-01-20 14:19:28,428 [f5002eb4-ff35-49a0-88dd-354658843fe1@group-C5373BE6AB5E-SegmentedRaftLogWorker] INFO  segmented.SegmentedRaftLogWorker (SegmentedRaftLogWorker.java:run(327)) - f5002eb4-ff35-49a0-88dd-354658843fe1@group-C5373BE6AB5E-SegmentedRaftLogWorker was interrupted, exiting. There are 0 tasks remaining in the queue.
2022-01-20 14:19:28,440 [ForkJoinPool.commonPool-worker-1] INFO  segmented.SegmentedRaftLogWorker (SegmentedRaftLogWorker.java:close(237)) - f5002eb4-ff35-49a0-88dd-354658843fe1@group-C5373BE6AB5E-SegmentedRaftLogWorker close()
2022-01-20 14:19:28,449 [ForkJoinPool.commonPool-worker-1] INFO  server.GrpcService (GrpcService.java:closeImpl(262)) - f5002eb4-ff35-49a0-88dd-354658843fe1: shutdown server with port 43929 now
2022-01-20 14:19:28,461 [ForkJoinPool.commonPool-worker-1] INFO  server.GrpcService (GrpcService.java:closeImpl(271)) - f5002eb4-ff35-49a0-88dd-354658843fe1: shutdown server with port 43929 successfully
2022-01-20 14:19:28,461 [org.apache.ratis.util.JvmPauseMonitor$$Lambda$431/385784873@6ba294bc] INFO  util.JvmPauseMonitor (JvmPauseMonitor.java:run(109)) - JvmPauseMonitor-f5002eb4-ff35-49a0-88dd-354658843fe1: Stopped
2022-01-20 14:19:30,572 [ForkJoinPool.commonPool-worker-1] INFO  utils.BackgroundService (BackgroundService.java:shutdown(132)) - Shutting down service BlockDeletingService
2022-01-20 14:19:32,019 [EventQueue-StaleNodeForStaleNodeHandler] INFO  node.StaleNodeHandler (StaleNodeHandler.java:onMessage(58)) - Datanode 3055d1e2-eb1d-45ac-85ad-2ef847921969{ip: 10.1.0.33, host: fv-az294-522.eaanfquahm5ulb5tj050gcxych.jx.internal.cloudapp.net, ports: [REPLICATION=34195, RATIS=39677, RATIS_ADMIN=39677, RATIS_SERVER=39677, STANDALONE=38555], networkLocation: /default-rack, certSerialId: null, persistedOpState: IN_SERVICE, persistedOpStateExpiryEpochSec: 0} moved to stale state. Finalizing its pipelines [PipelineID=c4c59fdd-05d0-43b3-b6e4-a8039840480c, PipelineID=18fb8e60-c043-4f5a-86cd-d541b2adb0fc]
2022-01-20 14:19:32,028 [EventQueue-StaleNodeForStaleNodeHandler] INFO  ha.SCMHAInvocationHandler (SCMHAInvocationHandler.java:invokeRatis(113)) - Invoking method public abstract void org.apache.hadoop.hdds.scm.pipeline.PipelineStateManager.updatePipelineState(org.apache.hadoop.hdds.protocol.proto.HddsProtos$PipelineID,org.apache.hadoop.hdds.protocol.proto.HddsProtos$PipelineState) throws java.io.IOException on target org.apache.hadoop.hdds.scm.ha.SCMRatisServerImpl@2589c416, cost 8867.568us
2022-01-20 14:19:32,029 [EventQueue-StaleNodeForStaleNodeHandler] INFO  pipeline.PipelineManagerImpl (PipelineManagerImpl.java:closePipeline(365)) - Pipeline Pipeline[ Id: 18fb8e60-c043-4f5a-86cd-d541b2adb0fc, Nodes: 3055d1e2-eb1d-45ac-85ad-2ef847921969{ip: 10.1.0.33, host: fv-az294-522.eaanfquahm5ulb5tj050gcxych.jx.internal.cloudapp.net, ports: [REPLICATION=34195, RATIS=39677, RATIS_ADMIN=39677, RATIS_SERVER=39677, STANDALONE=38555], networkLocation: /default-rack, certSerialId: null, persistedOpState: IN_SERVICE, persistedOpStateExpiryEpochSec: 0}, ReplicationConfig: RATIS/ONE, State:OPEN, leaderId:3055d1e2-eb1d-45ac-85ad-2ef847921969, CreationTimestamp2022-01-20T14:18:12.541Z[Etc/UTC]] moved to CLOSED state
2022-01-20 14:19:32,828 [EventQueue-StaleNodeForStaleNodeHandler] INFO  node.StaleNodeHandler (StaleNodeHandler.java:onMessage(58)) - Datanode d2de7c60-b86f-4a06-91d9-365eb56e12df{ip: 10.1.0.33, host: fv-az294-522.eaanfquahm5ulb5tj050gcxych.jx.internal.cloudapp.net, ports: [REPLICATION=38409, RATIS=36843, RATIS_ADMIN=36843, RATIS_SERVER=36843, STANDALONE=36575], networkLocation: /default-rack, certSerialId: null, persistedOpState: IN_SERVICE, persistedOpStateExpiryEpochSec: 0} moved to stale state. Finalizing its pipelines [PipelineID=598beb70-5354-4269-a931-c5373be6ab5e, PipelineID=1aa243cd-49d9-4050-957f-132671769ff6]
2022-01-20 14:19:32,836 [EventQueue-StaleNodeForStaleNodeHandler] INFO  ha.SCMHAInvocationHandler (SCMHAInvocationHandler.java:invokeRatis(113)) - Invoking method public abstract void org.apache.hadoop.hdds.scm.pipeline.PipelineStateManager.updatePipelineState(org.apache.hadoop.hdds.protocol.proto.HddsProtos$PipelineID,org.apache.hadoop.hdds.protocol.proto.HddsProtos$PipelineState) throws java.io.IOException on target org.apache.hadoop.hdds.scm.ha.SCMRatisServerImpl@2589c416, cost 8101.862us
2022-01-20 14:19:32,836 [EventQueue-StaleNodeForStaleNodeHandler] INFO  pipeline.PipelineManagerImpl (PipelineManagerImpl.java:closePipeline(365)) - Pipeline Pipeline[ Id: 598beb70-5354-4269-a931-c5373be6ab5e, Nodes: 3934de01-e9c2-42ef-9a8f-f9cad9f9a13a{ip: 10.1.0.33, host: fv-az294-522.eaanfquahm5ulb5tj050gcxych.jx.internal.cloudapp.net, ports: [REPLICATION=38437, RATIS=40989, RATIS_ADMIN=40989, RATIS_SERVER=40989, STANDALONE=43347], networkLocation: /default-rack, certSerialId: null, persistedOpState: IN_SERVICE, persistedOpStateExpiryEpochSec: 0}f5002eb4-ff35-49a0-88dd-354658843fe1{ip: 10.1.0.33, host: fv-az294-522.eaanfquahm5ulb5tj050gcxych.jx.internal.cloudapp.net, ports: [REPLICATION=45365, RATIS=43929, RATIS_ADMIN=43929, RATIS_SERVER=43929, STANDALONE=40157], networkLocation: /default-rack, certSerialId: null, persistedOpState: IN_SERVICE, persistedOpStateExpiryEpochSec: 0}d2de7c60-b86f-4a06-91d9-365eb56e12df{ip: 10.1.0.33, host: fv-az294-522.eaanfquahm5ulb5tj050gcxych.jx.internal.cloudapp.net, ports: [REPLICATION=38409, RATIS=36843, RATIS_ADMIN=36843, RATIS_SERVER=36843, STANDALONE=36575], networkLocation: /default-rack, certSerialId: null, persistedOpState: IN_SERVICE, persistedOpStateExpiryEpochSec: 0}, ReplicationConfig: RATIS/THREE, State:OPEN, leaderId:f5002eb4-ff35-49a0-88dd-354658843fe1, CreationTimestamp2022-01-20T14:18:18.150Z[Etc/UTC]] moved to CLOSED state
2022-01-20 14:19:32,857 [EventQueue-StaleNodeForStaleNodeHandler] INFO  ha.SCMHAInvocationHandler (SCMHAInvocationHandler.java:invokeRatis(113)) - Invoking method public abstract void org.apache.hadoop.hdds.scm.pipeline.PipelineStateManager.updatePipelineState(org.apache.hadoop.hdds.protocol.proto.HddsProtos$PipelineID,org.apache.hadoop.hdds.protocol.proto.HddsProtos$PipelineState) throws java.io.IOException on target org.apache.hadoop.hdds.scm.ha.SCMRatisServerImpl@2589c416, cost 20626.257us
2022-01-20 14:19:32,857 [EventQueue-StaleNodeForStaleNodeHandler] INFO  pipeline.PipelineManagerImpl (PipelineManagerImpl.java:closePipeline(365)) - Pipeline Pipeline[ Id: 1aa243cd-49d9-4050-957f-132671769ff6, Nodes: d2de7c60-b86f-4a06-91d9-365eb56e12df{ip: 10.1.0.33, host: fv-az294-522.eaanfquahm5ulb5tj050gcxych.jx.internal.cloudapp.net, ports: [REPLICATION=38409, RATIS=36843, RATIS_ADMIN=36843, RATIS_SERVER=36843, STANDALONE=36575], networkLocation: /default-rack, certSerialId: null, persistedOpState: IN_SERVICE, persistedOpStateExpiryEpochSec: 0}, ReplicationConfig: RATIS/ONE, State:OPEN, leaderId:d2de7c60-b86f-4a06-91d9-365eb56e12df, CreationTimestamp2022-01-20T14:18:17.680Z[Etc/UTC]] moved to CLOSED state
2022-01-20 14:19:33,576 [ForkJoinPool.commonPool-worker-1] INFO  statemachine.DatanodeStateMachine (DatanodeStateMachine.java:stopDaemon(529)) - Ozone container server stopped.
2022-01-20 14:19:33,579 [ForkJoinPool.commonPool-worker-1] INFO  handler.ContextHandler (ContextHandler.java:doStop(1153)) - Stopped o.e.j.w.WebAppContext@18969032{hddsDatanode,/,null,STOPPED}{jar:file:/home/runner/.m2/repository/org/apache/ozone/hdds-container-service/1.3.0-SNAPSHOT/hdds-container-service-1.3.0-SNAPSHOT.jar!/webapps/hddsDatanode}
2022-01-20 14:19:33,605 [ForkJoinPool.commonPool-worker-1] INFO  server.AbstractConnector (AbstractConnector.java:doStop(381)) - Stopped ServerConnector@51cd3b50{HTTP/1.1, (http/1.1)}{0.0.0.0:0}
2022-01-20 14:19:33,605 [ForkJoinPool.commonPool-worker-1] INFO  server.session (HouseKeeper.java:stopScavenging(149)) - node0 Stopped scavenging
2022-01-20 14:19:33,605 [ForkJoinPool.commonPool-worker-1] INFO  handler.ContextHandler (ContextHandler.java:doStop(1153)) - Stopped o.e.j.s.ServletContextHandler@373f0fd6{static,/static,jar:file:/home/runner/.m2/repository/org/apache/ozone/hdds-container-service/1.3.0-SNAPSHOT/hdds-container-service-1.3.0-SNAPSHOT.jar!/webapps/static,STOPPED}
2022-01-20 14:19:33,605 [ForkJoinPool.commonPool-worker-1] INFO  handler.ContextHandler (ContextHandler.java:doStop(1153)) - Stopped o.e.j.s.ServletContextHandler@788a2594{logs,/logs,file:///home/runner/work/ozone/ozone/hadoop-ozone/integration-test/target/log,STOPPED}
2022-01-20 14:19:33,613 [Listener at 127.0.0.1/36805] INFO  ozone.MiniOzoneClusterImpl (MiniOzoneClusterImpl.java:stopSCM(526)) - Stopping the StorageContainerManager
2022-01-20 14:19:33,613 [Listener at 127.0.0.1/36805] INFO  server.StorageContainerManager (StorageContainerManager.java:stop(1390)) - Stopping Container Balancer service.
2022-01-20 14:19:33,613 [Listener at 127.0.0.1/36805] INFO  balancer.ContainerBalancer (ContainerBalancer.java:stop(751)) - Container Balancer is not running.
2022-01-20 14:19:33,613 [Listener at 127.0.0.1/36805] INFO  server.StorageContainerManager (StorageContainerManager.java:stop(1397)) - Stopping Replication Manager Service.
2022-01-20 14:19:33,613 [Listener at 127.0.0.1/36805] INFO  container.ReplicationManager (ReplicationManager.java:stop(357)) - Stopping Replication Monitor Thread.
2022-01-20 14:19:33,614 [Listener at 127.0.0.1/36805] INFO  server.StorageContainerManager (StorageContainerManager.java:stop(1404)) - Stopping the Datanode Admin Monitor.
2022-01-20 14:19:33,614 [Listener at 127.0.0.1/36805] INFO  server.StorageContainerManager (StorageContainerManager.java:stop(1411)) - Stopping Lease Manager of the command watchers
2022-01-20 14:19:33,614 [Listener at 127.0.0.1/36805] INFO  server.StorageContainerManager (StorageContainerManager.java:stop(1418)) - Stopping datanode service RPC server
2022-01-20 14:19:33,614 [Listener at 127.0.0.1/36805] INFO  server.SCMDatanodeProtocolServer (SCMDatanodeProtocolServer.java:stop(390)) - Stopping the RPC server for DataNodes
2022-01-20 14:19:33,614 [Listener at 127.0.0.1/36805] INFO  ipc.Server (Server.java:stop(3414)) - Stopping server on 43255
2022-01-20 14:19:33,635 [IPC Server Responder] INFO  ipc.Server (Server.java:run(1512)) - Stopping IPC Server Responder
2022-01-20 14:19:33,635 [IPC Server listener on 0] INFO  ipc.Server (Server.java:run(1376)) - Stopping IPC Server listener on 0
2022-01-20 14:19:33,635 [SCM Heartbeat Processing Thread - 0] WARN  node.NodeStateManager (NodeStateManager.java:scheduleNextHealthCheck(799)) - Current Thread is interrupted, shutting down HB processing thread for Node Manager.
2022-01-20 14:19:33,636 [Listener at 127.0.0.1/36805] INFO  server.StorageContainerManager (StorageContainerManager.java:stop(1426)) - Stopping block service RPC server
2022-01-20 14:19:33,636 [Listener at 127.0.0.1/36805] INFO  server.SCMBlockProtocolServer (SCMBlockProtocolServer.java:stop(160)) - Stopping the RPC server for Block Protocol
2022-01-20 14:19:33,636 [Listener at 127.0.0.1/36805] INFO  ipc.Server (Server.java:stop(3414)) - Stopping server on 41671
2022-01-20 14:19:33,637 [IPC Server listener on 0] INFO  ipc.Server (Server.java:run(1376)) - Stopping IPC Server listener on 0
2022-01-20 14:19:33,658 [Listener at 127.0.0.1/36805] INFO  server.StorageContainerManager (StorageContainerManager.java:stop(1433)) - Stopping the StorageContainerLocationProtocol RPC server
2022-01-20 14:19:33,659 [Listener at 127.0.0.1/36805] INFO  server.SCMClientProtocolServer (SCMClientProtocolServer.java:stop(173)) - Stopping the RPC server for Client Protocol
2022-01-20 14:19:33,659 [Listener at 127.0.0.1/36805] INFO  ipc.Server (Server.java:stop(3414)) - Stopping server on 46041
2022-01-20 14:19:33,659 [IPC Server Responder] INFO  ipc.Server (Server.java:run(1512)) - Stopping IPC Server Responder
2022-01-20 14:19:33,679 [Listener at 127.0.0.1/36805] INFO  server.StorageContainerManager (StorageContainerManager.java:stop(1440)) - Stopping Storage Container Manager HTTP server.
2022-01-20 14:19:33,680 [Listener at 127.0.0.1/36805] INFO  handler.ContextHandler (ContextHandler.java:doStop(1153)) - Stopped o.e.j.w.WebAppContext@3b68430d{scm,/,null,STOPPED}{file:/home/runner/work/ozone/ozone/hadoop-ozone/integration-test/target/test-classes/webapps/scm}
2022-01-20 14:19:33,680 [IPC Server listener on 0] INFO  ipc.Server (Server.java:run(1376)) - Stopping IPC Server listener on 0
2022-01-20 14:19:33,680 [IPC Server Responder] INFO  ipc.Server (Server.java:run(1512)) - Stopping IPC Server Responder
2022-01-20 14:19:33,703 [Listener at 127.0.0.1/36805] INFO  server.AbstractConnector (AbstractConnector.java:doStop(381)) - Stopped ServerConnector@4d05150f{HTTP/1.1, (http/1.1)}{0.0.0.0:0}
2022-01-20 14:19:33,703 [Listener at 127.0.0.1/36805] INFO  server.session (HouseKeeper.java:stopScavenging(149)) - node0 Stopped scavenging
2022-01-20 14:19:33,703 [Listener at 127.0.0.1/36805] INFO  handler.ContextHandler (ContextHandler.java:doStop(1153)) - Stopped o.e.j.s.ServletContextHandler@6bca329b{static,/static,file:///home/runner/work/ozone/ozone/hadoop-ozone/integration-test/target/test-classes/webapps/static,STOPPED}
2022-01-20 14:19:33,703 [Listener at 127.0.0.1/36805] INFO  handler.ContextHandler (ContextHandler.java:doStop(1153)) - Stopped o.e.j.s.ServletContextHandler@774caff3{logs,/logs,file:///home/runner/work/ozone/ozone/hadoop-ozone/integration-test/target/log,STOPPED}
2022-01-20 14:19:33,706 [Listener at 127.0.0.1/36805] INFO  server.StorageContainerManager (StorageContainerManager.java:stop(1451)) - Stopping Block Manager Service.
2022-01-20 14:19:33,706 [Listener at 127.0.0.1/36805] INFO  utils.BackgroundService (BackgroundService.java:shutdown(132)) - Shutting down service SCMBlockDeletingService
2022-01-20 14:19:33,706 [Listener at 127.0.0.1/36805] INFO  utils.BackgroundService (BackgroundService.java:shutdown(132)) - Shutting down service SCMBlockDeletingService
2022-01-20 14:19:33,707 [Listener at 127.0.0.1/36805] INFO  server.StorageContainerManager (StorageContainerManager.java:stop(1478)) - Stopping SCM Event Queue.
2022-01-20 14:19:33,709 [Listener at 127.0.0.1/36805] INFO  server.StorageContainerManager (StorageContainerManager.java:stop(1489)) - Stopping SCM HA services.
2022-01-20 14:19:33,709 [Listener at 127.0.0.1/36805] INFO  ha.SCMRatisServerImpl (SCMRatisServerImpl.java:stop(236)) - stopping ratis server 0.0.0.0:9894
2022-01-20 14:19:33,709 [Listener at 127.0.0.1/36805] INFO  server.RaftServer (RaftServerProxy.java:lambda$close$6(391)) - 1614213d-f914-440d-b8eb-f10be6afcbc1: close
2022-01-20 14:19:33,709 [Listener at 127.0.0.1/36805] INFO  server.RaftServer$Division (RaftServerImpl.java:lambda$close$4(412)) - 1614213d-f914-440d-b8eb-f10be6afcbc1@group-8CC7416827F1: shutdown
2022-01-20 14:19:33,710 [Listener at 127.0.0.1/36805] INFO  util.JmxRegister (JmxRegister.java:unregister(73)) - Successfully un-registered JMX Bean with object name Ratis:service=RaftServer,group=group-8CC7416827F1,id=1614213d-f914-440d-b8eb-f10be6afcbc1
2022-01-20 14:19:33,710 [Listener at 127.0.0.1/36805] INFO  impl.RoleInfo (RoleInfo.java:shutdownLeaderState(91)) - 1614213d-f914-440d-b8eb-f10be6afcbc1: shutdown 1614213d-f914-440d-b8eb-f10be6afcbc1@group-8CC7416827F1-LeaderStateImpl
2022-01-20 14:19:33,710 [Listener at 127.0.0.1/36805] INFO  impl.PendingRequests (PendingRequests.java:sendNotLeaderResponses(282)) - 1614213d-f914-440d-b8eb-f10be6afcbc1@group-8CC7416827F1-PendingRequests: sendNotLeaderResponses
2022-01-20 14:19:33,710 [Listener at 127.0.0.1/36805] INFO  ha.SCMStateMachine (SCMStateMachine.java:notifyNotLeader(190)) - current leader SCM steps down.
2022-01-20 14:19:33,710 [Listener at 127.0.0.1/36805] INFO  ha.SCMContext (SCMContext.java:updateLeaderAndTerm(90)) - update <isLeader,term> from <true,2> to <false,0>
2022-01-20 14:19:33,710 [Listener at 127.0.0.1/36805] INFO  ha.SCMContext (SCMContext.java:updateLeaderAndTerm(97)) - update <isLeaderReady> from <false> to <false>
2022-01-20 14:19:33,736 [1614213d-f914-440d-b8eb-f10be6afcbc1@group-8CC7416827F1-StateMachineUpdater] INFO  ha.SCMStateMachine (SCMStateMachine.java:takeSnapshot(297)) - Current Snapshot Index 72, takeSnapshot took 0 ms
2022-01-20 14:19:33,736 [1614213d-f914-440d-b8eb-f10be6afcbc1@group-8CC7416827F1-StateMachineUpdater] INFO  impl.StateMachineUpdater (StateMachineUpdater.java:takeSnapshot(281)) - 1614213d-f914-440d-b8eb-f10be6afcbc1@group-8CC7416827F1-StateMachineUpdater: Took a snapshot at index 72
2022-01-20 14:19:33,736 [1614213d-f914-440d-b8eb-f10be6afcbc1@group-8CC7416827F1-StateMachineUpdater] INFO  impl.StateMachineUpdater (StateMachineUpdater.java:lambda$new$0(89)) - 1614213d-f914-440d-b8eb-f10be6afcbc1@group-8CC7416827F1-StateMachineUpdater: snapshotIndex: updateIncreasingly -1 -> 72
2022-01-20 14:19:33,737 [Listener at 127.0.0.1/36805] INFO  impl.StateMachineUpdater (StateMachineUpdater.java:stopAndJoin(149)) - 1614213d-f914-440d-b8eb-f10be6afcbc1@group-8CC7416827F1-StateMachineUpdater: set stopIndex = 72
2022-01-20 14:19:33,737 [Listener at 127.0.0.1/36805] INFO  server.RaftServer$Division (ServerState.java:close(419)) - 1614213d-f914-440d-b8eb-f10be6afcbc1@group-8CC7416827F1: closes. applyIndex: 72
2022-01-20 14:19:33,737 [1614213d-f914-440d-b8eb-f10be6afcbc1@group-8CC7416827F1-SegmentedRaftLogWorker] INFO  segmented.SegmentedRaftLogWorker (SegmentedRaftLogWorker.java:run(327)) - 1614213d-f914-440d-b8eb-f10be6afcbc1@group-8CC7416827F1-SegmentedRaftLogWorker was interrupted, exiting. There are 0 tasks remaining in the queue.
2022-01-20 14:19:33,749 [Listener at 127.0.0.1/36805] INFO  segmented.SegmentedRaftLogWorker (SegmentedRaftLogWorker.java:close(237)) - 1614213d-f914-440d-b8eb-f10be6afcbc1@group-8CC7416827F1-SegmentedRaftLogWorker close()
2022-01-20 14:19:33,750 [Listener at 127.0.0.1/36805] INFO  server.GrpcService (GrpcService.java:closeImpl(262)) - 1614213d-f914-440d-b8eb-f10be6afcbc1: shutdown server with port 9894 now
2022-01-20 14:19:33,751 [Listener at 127.0.0.1/36805] INFO  server.GrpcService (GrpcService.java:closeImpl(271)) - 1614213d-f914-440d-b8eb-f10be6afcbc1: shutdown server with port 9894 successfully
2022-01-20 14:19:33,751 [org.apache.ratis.util.JvmPauseMonitor$$Lambda$431/385784873@443f780] INFO  util.JvmPauseMonitor (JvmPauseMonitor.java:run(109)) - JvmPauseMonitor-1614213d-f914-440d-b8eb-f10be6afcbc1: Stopped
2022-01-20 14:19:33,757 [Listener at 127.0.0.1/36805] INFO  pipeline.BackgroundPipelineCreator (BackgroundPipelineCreator.java:stop(158)) - Stopping RatisPipelineUtilsThread.
2022-01-20 14:19:33,758 [Listener at 127.0.0.1/36805] INFO  server.StorageContainerManager (StorageContainerManager.java:stop(1499)) - Stopping SCM MetadataStore.
2022-01-20 14:19:33,766 [Listener at 127.0.0.1/36805] INFO  impl.MetricsSystemImpl (MetricsSystemImpl.java:stop(210)) - Stopping HddsDatanode metrics system...
2022-01-20 14:19:33,878 [prometheus] INFO  impl.MetricsSinkAdapter (MetricsSinkAdapter.java:publishMetricsFromQueue(141)) - prometheus thread interrupted.
2022-01-20 14:19:33,878 [Listener at 127.0.0.1/36805] INFO  impl.MetricsSystemImpl (MetricsSystemImpl.java:stop(216)) - HddsDatanode metrics system stopped.
]]></system-out>
  </testcase>
  <testcase name="testWatchForCommitForGroupMismatchException" classname="org.apache.hadoop.ozone.client.rpc.TestWatchForCommit" time="90.151"/>
  <testcase name="test2WayCommitForTimeoutException" classname="org.apache.hadoop.ozone.client.rpc.TestWatchForCommit" time="101.665"/>
</testsuite>