<?xml version="1.0" encoding="UTF-8"?>
<testsuite xmlns:xsi="http://www.w3.org/2001/XMLSchema-instance" xsi:noNamespaceSchemaLocation="https://maven.apache.org/surefire/maven-surefire-plugin/xsd/surefire-test-report.xsd" name="org.apache.hadoop.ozone.scm.node.TestDecommissionAndMaintenance" time="449.222" tests="11" errors="0" skipped="0" failures="1">
  <properties>
    <property name="awt.toolkit" value="sun.awt.X11.XToolkit"/>
    <property name="file.encoding.pkg" value="sun.io"/>
    <property name="java.specification.version" value="1.8"/>
    <property name="sun.cpu.isalist" value=""/>
    <property name="sun.jnu.encoding" value="ANSI_X3.4-1968"/>
    <property name="java.class.path" value="/github/workspace/mnt/ozone/hadoop-ozone/integration-test/target/test-classes:/github/workspace/mnt/ozone/hadoop-ozone/integration-test/target/classes:/home/user/.m2/repository/org/apache/hadoop/hadoop-ozone-common/1.1.0-SNAPSHOT/hadoop-ozone-common-1.1.0-SNAPSHOT.jar:/home/user/.m2/repository/org/apache/commons/commons-compress/1.4.1/commons-compress-1.4.1.jar:/home/user/.m2/repository/org/tukaani/xz/1.0/xz-1.0.jar:/home/user/.m2/repository/org/apache/hadoop/hadoop-hdds-common/1.1.0-SNAPSHOT/hadoop-hdds-common-1.1.0-SNAPSHOT.jar:/home/user/.m2/repository/org/apache/hadoop/hadoop-hdds-client/1.1.0-SNAPSHOT/hadoop-hdds-client-1.1.0-SNAPSHOT.jar:/home/user/.m2/repository/org/apache/hadoop/hadoop-ozone-interface-client/1.1.0-SNAPSHOT/hadoop-ozone-interface-client-1.1.0-SNAPSHOT.jar:/home/user/.m2/repository/org/apache/hadoop/hadoop-hdds-test-utils/1.1.0-SNAPSHOT/hadoop-hdds-test-utils-1.1.0-SNAPSHOT.jar:/home/user/.m2/repository/com/google/guava/guava/28.2-jre/guava-28.2-jre.jar:/home/user/.m2/repository/com/google/guava/failureaccess/1.0.1/failureaccess-1.0.1.jar:/home/user/.m2/repository/com/google/guava/listenablefuture/9999.0-empty-to-avoid-conflict-with-guava/listenablefuture-9999.0-empty-to-avoid-conflict-with-guava.jar:/home/user/.m2/repository/com/google/code/findbugs/jsr305/3.0.0/jsr305-3.0.0.jar:/home/user/.m2/repository/org/checkerframework/checker-qual/2.10.0/checker-qual-2.10.0.jar:/home/user/.m2/repository/com/google/errorprone/error_prone_annotations/2.2.0/error_prone_annotations-2.2.0.jar:/home/user/.m2/repository/com/google/j2objc/j2objc-annotations/1.3/j2objc-annotations-1.3.jar:/home/user/.m2/repository/commons-io/commons-io/2.5/commons-io-2.5.jar:/home/user/.m2/repository/commons-logging/commons-logging/1.2/commons-logging-1.2.jar:/home/user/.m2/repository/log4j/log4j/1.2.17/log4j-1.2.17.jar:/home/user/.m2/repository/org/slf4j/slf4j-api/1.7.30/slf4j-api-1.7.30.jar:/home/user/.m2/repository/org/apache/hadoop/hadoop-hdds-server-scm/1.1.0-SNAPSHOT/hadoop-hdds-server-scm-1.1.0-SNAPSHOT.jar:/home/user/.m2/repository/org/apache/hadoop/hadoop-hdds-container-service/1.1.0-SNAPSHOT/hadoop-hdds-container-service-1.1.0-SNAPSHOT.jar:/home/user/.m2/repository/org/apache/hadoop/hadoop-hdds-hadoop-dependency-server/1.1.0-SNAPSHOT/hadoop-hdds-hadoop-dependency-server-1.1.0-SNAPSHOT.jar:/home/user/.m2/repository/org/apache/hadoop/hadoop-hdfs/3.2.1/hadoop-hdfs-3.2.1.jar:/home/user/.m2/repository/org/apache/hadoop/hadoop-hdds-server-framework/1.1.0-SNAPSHOT/hadoop-hdds-server-framework-1.1.0-SNAPSHOT.jar:/home/user/.m2/repository/org/apache/hadoop/hadoop-hdds-interface-server/1.1.0-SNAPSHOT/hadoop-hdds-interface-server-1.1.0-SNAPSHOT.jar:/home/user/.m2/repository/org/apache/hadoop/hadoop-hdds-interface-admin/1.1.0-SNAPSHOT/hadoop-hdds-interface-admin-1.1.0-SNAPSHOT.jar:/home/user/.m2/repository/org/eclipse/jetty/jetty-servlet/9.4.34.v20201102/jetty-servlet-9.4.34.v20201102.jar:/home/user/.m2/repository/org/eclipse/jetty/jetty-security/9.4.34.v20201102/jetty-security-9.4.34.v20201102.jar:/home/user/.m2/repository/org/rocksdb/rocksdbjni/6.8.1/rocksdbjni-6.8.1.jar:/home/user/.m2/repository/io/prometheus/simpleclient_dropwizard/0.7.0/simpleclient_dropwizard-0.7.0.jar:/home/user/.m2/repository/io/prometheus/simpleclient/0.7.0/simpleclient-0.7.0.jar:/home/user/.m2/repository/io/prometheus/simpleclient_common/0.7.0/simpleclient_common-0.7.0.jar:/home/user/.m2/repository/com/fasterxml/jackson/datatype/jackson-datatype-jsr310/2.10.3/jackson-datatype-jsr310-2.10.3.jar:/home/user/.m2/repository/io/dropwizard/metrics/metrics-core/3.2.4/metrics-core-3.2.4.jar:/home/user/.m2/repository/org/apache/hadoop/hadoop-hdfs-client/3.2.1/hadoop-hdfs-client-3.2.1.jar:/home/user/.m2/repository/org/bouncycastle/bcprov-jdk15on/1.67/bcprov-jdk15on-1.67.jar:/home/user/.m2/repository/org/apache/hadoop/hadoop-ozone-ozone-manager/1.1.0-SNAPSHOT/hadoop-ozone-ozone-manager-1.1.0-SNAPSHOT.jar:/home/user/.m2/repository/org/apache/hadoop/hadoop-hdds-interface-client/1.1.0-SNAPSHOT/hadoop-hdds-interface-client-1.1.0-SNAPSHOT.jar:/home/user/.m2/repository/org/apache/ratis/ratis-thirdparty-misc/0.6.0-SNAPSHOT/ratis-thirdparty-misc-0.6.0-SNAPSHOT.jar:/home/user/.m2/repository/org/apache/hadoop/hadoop-ozone-interface-storage/1.1.0-SNAPSHOT/hadoop-ozone-interface-storage-1.1.0-SNAPSHOT.jar:/home/user/.m2/repository/org/apache/hadoop/hadoop-minikdc/3.2.1/hadoop-minikdc-3.2.1.jar:/home/user/.m2/repository/org/apache/kerby/kerb-simplekdc/1.0.1/kerb-simplekdc-1.0.1.jar:/home/user/.m2/repository/org/apache/kerby/kerb-client/1.0.1/kerb-client-1.0.1.jar:/home/user/.m2/repository/org/apache/kerby/kerby-config/1.0.1/kerby-config-1.0.1.jar:/home/user/.m2/repository/org/apache/kerby/kerb-core/1.0.1/kerb-core-1.0.1.jar:/home/user/.m2/repository/org/apache/kerby/kerby-pkix/1.0.1/kerby-pkix-1.0.1.jar:/home/user/.m2/repository/org/apache/kerby/kerby-asn1/1.0.1/kerby-asn1-1.0.1.jar:/home/user/.m2/repository/org/apache/kerby/kerby-util/1.0.1/kerby-util-1.0.1.jar:/home/user/.m2/repository/org/apache/kerby/kerb-common/1.0.1/kerb-common-1.0.1.jar:/home/user/.m2/repository/org/apache/kerby/kerb-crypto/1.0.1/kerb-crypto-1.0.1.jar:/home/user/.m2/repository/org/apache/kerby/kerb-util/1.0.1/kerb-util-1.0.1.jar:/home/user/.m2/repository/org/apache/kerby/token-provider/1.0.1/token-provider-1.0.1.jar:/home/user/.m2/repository/org/apache/kerby/kerb-admin/1.0.1/kerb-admin-1.0.1.jar:/home/user/.m2/repository/org/apache/kerby/kerb-server/1.0.1/kerb-server-1.0.1.jar:/home/user/.m2/repository/org/apache/kerby/kerb-identity/1.0.1/kerb-identity-1.0.1.jar:/home/user/.m2/repository/org/apache/kerby/kerby-xdr/1.0.1/kerby-xdr-1.0.1.jar:/home/user/.m2/repository/org/slf4j/slf4j-log4j12/1.7.30/slf4j-log4j12-1.7.30.jar:/home/user/.m2/repository/org/apache/hadoop/hadoop-ozone-s3gateway/1.1.0-SNAPSHOT/hadoop-ozone-s3gateway-1.1.0-SNAPSHOT.jar:/home/user/.m2/repository/org/jboss/weld/servlet/weld-servlet/2.4.7.Final/weld-servlet-2.4.7.Final.jar:/home/user/.m2/repository/org/glassfish/jersey/containers/jersey-container-servlet-core/2.27/jersey-container-servlet-core-2.27.jar:/home/user/.m2/repository/org/glassfish/hk2/external/javax.inject/2.5.0-b42/javax.inject-2.5.0-b42.jar:/home/user/.m2/repository/org/glassfish/jersey/core/jersey-common/2.27/jersey-common-2.27.jar:/home/user/.m2/repository/org/glassfish/hk2/osgi-resource-locator/1.0.1/osgi-resource-locator-1.0.1.jar:/home/user/.m2/repository/javax/ws/rs/javax.ws.rs-api/2.1/javax.ws.rs-api-2.1.jar:/home/user/.m2/repository/org/glassfish/jersey/ext/cdi/jersey-cdi1x/2.27/jersey-cdi1x-2.27.jar:/home/user/.m2/repository/org/glassfish/jersey/inject/jersey-hk2/2.27/jersey-hk2-2.27.jar:/home/user/.m2/repository/org/glassfish/hk2/hk2-locator/2.5.0-b42/hk2-locator-2.5.0-b42.jar:/home/user/.m2/repository/org/javassist/javassist/3.22.0-CR2/javassist-3.22.0-CR2.jar:/home/user/.m2/repository/org/glassfish/hk2/hk2-api/2.5.0/hk2-api-2.5.0.jar:/home/user/.m2/repository/org/glassfish/hk2/external/jakarta.inject/2.5.0/jakarta.inject-2.5.0.jar:/home/user/.m2/repository/org/glassfish/hk2/hk2-utils/2.5.0/hk2-utils-2.5.0.jar:/home/user/.m2/repository/jakarta/annotation/jakarta.annotation-api/1.3.4/jakarta.annotation-api-1.3.4.jar:/home/user/.m2/repository/org/glassfish/hk2/external/aopalliance-repackaged/2.5.0/aopalliance-repackaged-2.5.0.jar:/home/user/.m2/repository/com/fasterxml/jackson/dataformat/jackson-dataformat-xml/2.10.3/jackson-dataformat-xml-2.10.3.jar:/home/user/.m2/repository/com/fasterxml/jackson/core/jackson-core/2.10.3/jackson-core-2.10.3.jar:/home/user/.m2/repository/com/fasterxml/jackson/module/jackson-module-jaxb-annotations/2.10.3/jackson-module-jaxb-annotations-2.10.3.jar:/home/user/.m2/repository/jakarta/xml/bind/jakarta.xml.bind-api/2.3.2/jakarta.xml.bind-api-2.3.2.jar:/home/user/.m2/repository/jakarta/activation/jakarta.activation-api/1.2.1/jakarta.activation-api-1.2.1.jar:/home/user/.m2/repository/org/codehaus/woodstox/stax2-api/3.1.4/stax2-api-3.1.4.jar:/home/user/.m2/repository/com/fasterxml/woodstox/woodstox-core/5.0.3/woodstox-core-5.0.3.jar:/home/user/.m2/repository/javax/enterprise/cdi-api/1.2/cdi-api-1.2.jar:/home/user/.m2/repository/javax/el/javax.el-api/3.0.0/javax.el-api-3.0.0.jar:/home/user/.m2/repository/javax/interceptor/javax.interceptor-api/1.2/javax.interceptor-api-1.2.jar:/home/user/.m2/repository/javax/inject/javax.inject/1/javax.inject-1.jar:/home/user/.m2/repository/com/sun/xml/bind/jaxb-impl/2.3.0.1/jaxb-impl-2.3.0.1.jar:/home/user/.m2/repository/com/sun/xml/bind/jaxb-core/2.3.0.1/jaxb-core-2.3.0.1.jar:/home/user/.m2/repository/javax/xml/bind/jaxb-api/2.3.0/jaxb-api-2.3.0.jar:/home/user/.m2/repository/javax/activation/activation/1.1.1/activation-1.1.1.jar:/home/user/.m2/repository/org/apache/hadoop/hadoop-ozone-csi/1.1.0-SNAPSHOT/hadoop-ozone-csi-1.1.0-SNAPSHOT.jar:/home/user/.m2/repository/com/google/protobuf/protobuf-java-util/3.11.0/protobuf-java-util-3.11.0.jar:/home/user/.m2/repository/com/google/code/gson/gson/2.2.4/gson-2.2.4.jar:/home/user/.m2/repository/org/apache/hadoop/hadoop-hdds-config/1.1.0-SNAPSHOT/hadoop-hdds-config-1.1.0-SNAPSHOT.jar:/home/user/.m2/repository/com/google/protobuf/protobuf-java/2.5.0/protobuf-java-2.5.0.jar:/home/user/.m2/repository/io/grpc/grpc-netty/1.29.0/grpc-netty-1.29.0.jar:/home/user/.m2/repository/io/grpc/grpc-core/1.29.0/grpc-core-1.29.0.jar:/home/user/.m2/repository/com/google/android/annotations/4.1.1.4/annotations-4.1.1.4.jar:/home/user/.m2/repository/io/perfmark/perfmark-api/0.19.0/perfmark-api-0.19.0.jar:/home/user/.m2/repository/io/netty/netty-codec-http2/4.1.48.Final/netty-codec-http2-4.1.48.Final.jar:/home/user/.m2/repository/io/netty/netty-codec/4.1.48.Final/netty-codec-4.1.48.Final.jar:/home/user/.m2/repository/io/netty/netty-handler/4.1.48.Final/netty-handler-4.1.48.Final.jar:/home/user/.m2/repository/io/netty/netty-codec-http/4.1.48.Final/netty-codec-http-4.1.48.Final.jar:/home/user/.m2/repository/io/netty/netty-handler-proxy/4.1.48.Final/netty-handler-proxy-4.1.48.Final.jar:/home/user/.m2/repository/io/netty/netty-codec-socks/4.1.48.Final/netty-codec-socks-4.1.48.Final.jar:/home/user/.m2/repository/io/netty/netty-transport-native-epoll/4.1.48.Final/netty-transport-native-epoll-4.1.48.Final.jar:/home/user/.m2/repository/io/netty/netty-common/4.1.48.Final/netty-common-4.1.48.Final.jar:/home/user/.m2/repository/io/netty/netty-buffer/4.1.48.Final/netty-buffer-4.1.48.Final.jar:/home/user/.m2/repository/io/netty/netty-transport/4.1.48.Final/netty-transport-4.1.48.Final.jar:/home/user/.m2/repository/io/netty/netty-resolver/4.1.48.Final/netty-resolver-4.1.48.Final.jar:/home/user/.m2/repository/io/netty/netty-transport-native-unix-common/4.1.48.Final/netty-transport-native-unix-common-4.1.48.Final.jar:/home/user/.m2/repository/io/grpc/grpc-protobuf/1.29.0/grpc-protobuf-1.29.0.jar:/home/user/.m2/repository/io/grpc/grpc-api/1.29.0/grpc-api-1.29.0.jar:/home/user/.m2/repository/io/grpc/grpc-context/1.29.0/grpc-context-1.29.0.jar:/home/user/.m2/repository/org/codehaus/mojo/animal-sniffer-annotations/1.18/animal-sniffer-annotations-1.18.jar:/home/user/.m2/repository/com/google/api/grpc/proto-google-common-protos/1.17.0/proto-google-common-protos-1.17.0.jar:/home/user/.m2/repository/io/grpc/grpc-protobuf-lite/1.29.0/grpc-protobuf-lite-1.29.0.jar:/home/user/.m2/repository/io/grpc/grpc-stub/1.29.0/grpc-stub-1.29.0.jar:/home/user/.m2/repository/org/apache/hadoop/hadoop-ozone-recon/1.1.0-SNAPSHOT/hadoop-ozone-recon-1.1.0-SNAPSHOT.jar:/home/user/.m2/repository/org/apache/hadoop/hadoop-ozone-reconcodegen/1.1.0-SNAPSHOT/hadoop-ozone-reconcodegen-1.1.0-SNAPSHOT.jar:/home/user/.m2/repository/com/google/inject/extensions/guice-multibindings/4.0/guice-multibindings-4.0.jar:/home/user/.m2/repository/com/google/inject/guice/4.0/guice-4.0.jar:/home/user/.m2/repository/aopalliance/aopalliance/1.0/aopalliance-1.0.jar:/home/user/.m2/repository/com/google/inject/extensions/guice-assistedinject/4.0/guice-assistedinject-4.0.jar:/home/user/.m2/repository/com/google/inject/extensions/guice-servlet/4.0/guice-servlet-4.0.jar:/home/user/.m2/repository/org/glassfish/jersey/containers/jersey-container-servlet/2.27/jersey-container-servlet-2.27.jar:/home/user/.m2/repository/org/glassfish/hk2/guice-bridge/2.5.0/guice-bridge-2.5.0.jar:/home/user/.m2/repository/org/glassfish/jersey/core/jersey-server/2.27/jersey-server-2.27.jar:/home/user/.m2/repository/org/glassfish/jersey/core/jersey-client/2.27/jersey-client-2.27.jar:/home/user/.m2/repository/org/glassfish/jersey/media/jersey-media-jaxb/2.27/jersey-media-jaxb-2.27.jar:/home/user/.m2/repository/javax/validation/validation-api/1.1.0.Final/validation-api-1.1.0.Final.jar:/home/user/.m2/repository/org/glassfish/jersey/media/jersey-media-json-jackson/2.27/jersey-media-json-jackson-2.27.jar:/home/user/.m2/repository/org/glassfish/jersey/ext/jersey-entity-filtering/2.27/jersey-entity-filtering-2.27.jar:/home/user/.m2/repository/org/jooq/jooq/3.11.10/jooq-3.11.10.jar:/home/user/.m2/repository/org/jooq/jooq-meta/3.11.10/jooq-meta-3.11.10.jar:/home/user/.m2/repository/org/jooq/jooq-codegen/3.11.10/jooq-codegen-3.11.10.jar:/home/user/.m2/repository/com/jolbox/bonecp/0.8.0.RELEASE/bonecp-0.8.0.RELEASE.jar:/home/user/.m2/repository/org/apache/derby/derby/10.14.2.0/derby-10.14.2.0.jar:/home/user/.m2/repository/org/xerial/sqlite-jdbc/3.25.2/sqlite-jdbc-3.25.2.jar:/home/user/.m2/repository/org/springframework/spring-jdbc/5.2.11.RELEASE/spring-jdbc-5.2.11.RELEASE.jar:/home/user/.m2/repository/org/springframework/spring-beans/5.2.11.RELEASE/spring-beans-5.2.11.RELEASE.jar:/home/user/.m2/repository/org/springframework/spring-core/5.2.11.RELEASE/spring-core-5.2.11.RELEASE.jar:/home/user/.m2/repository/org/springframework/spring-jcl/5.2.11.RELEASE/spring-jcl-5.2.11.RELEASE.jar:/home/user/.m2/repository/org/springframework/spring-tx/5.2.11.RELEASE/spring-tx-5.2.11.RELEASE.jar:/home/user/.m2/repository/org/apache/hadoop/hadoop-ozone-client/1.1.0-SNAPSHOT/hadoop-ozone-client-1.1.0-SNAPSHOT.jar:/home/user/.m2/repository/org/apache/hadoop/hadoop-ozone-filesystem/1.1.0-SNAPSHOT/hadoop-ozone-filesystem-1.1.0-SNAPSHOT.jar:/home/user/.m2/repository/org/apache/hadoop/hadoop-ozone-filesystem-common/1.1.0-SNAPSHOT/hadoop-ozone-filesystem-common-1.1.0-SNAPSHOT.jar:/home/user/.m2/repository/org/apache/hadoop/hadoop-ozone-tools/1.1.0-SNAPSHOT/hadoop-ozone-tools-1.1.0-SNAPSHOT.jar:/home/user/.m2/repository/org/apache/ratis/ratis-tools/1.1.0-c5eafb9-SNAPSHOT/ratis-tools-1.1.0-c5eafb9-SNAPSHOT.jar:/home/user/.m2/repository/org/apache/ratis/ratis-proto/1.1.0-c5eafb9-SNAPSHOT/ratis-proto-1.1.0-c5eafb9-SNAPSHOT.jar:/home/user/.m2/repository/org/apache/ratis/ratis-common/1.1.0-c5eafb9-SNAPSHOT/ratis-common-1.1.0-c5eafb9-SNAPSHOT.jar:/home/user/.m2/repository/com/amazonaws/aws-java-sdk-core/1.11.901/aws-java-sdk-core-1.11.901.jar:/home/user/.m2/repository/org/apache/httpcomponents/httpclient/4.5.13/httpclient-4.5.13.jar:/home/user/.m2/repository/org/apache/httpcomponents/httpcore/4.4.13/httpcore-4.4.13.jar:/home/user/.m2/repository/software/amazon/ion/ion-java/1.0.2/ion-java-1.0.2.jar:/home/user/.m2/repository/com/fasterxml/jackson/dataformat/jackson-dataformat-cbor/2.10.3/jackson-dataformat-cbor-2.10.3.jar:/home/user/.m2/repository/joda-time/joda-time/2.8.1/joda-time-2.8.1.jar:/home/user/.m2/repository/com/amazonaws/aws-java-sdk-s3/1.11.901/aws-java-sdk-s3-1.11.901.jar:/home/user/.m2/repository/com/amazonaws/aws-java-sdk-kms/1.11.901/aws-java-sdk-kms-1.11.901.jar:/home/user/.m2/repository/com/amazonaws/jmespath-java/1.11.901/jmespath-java-1.11.901.jar:/home/user/.m2/repository/org/kohsuke/metainf-services/metainf-services/1.8/metainf-services-1.8.jar:/home/user/.m2/repository/org/apache/hadoop/hadoop-hdds-tools/1.1.0-SNAPSHOT/hadoop-hdds-tools-1.1.0-SNAPSHOT.jar:/home/user/.m2/repository/commons-cli/commons-cli/1.2/commons-cli-1.2.jar:/home/user/.m2/repository/org/apache/commons/commons-lang3/3.7/commons-lang3-3.7.jar:/home/user/.m2/repository/org/apache/hadoop/hadoop-ozone-ozone-manager/1.1.0-SNAPSHOT/hadoop-ozone-ozone-manager-1.1.0-SNAPSHOT-tests.jar:/home/user/.m2/repository/org/apache/hadoop/hadoop-hdds-common/1.1.0-SNAPSHOT/hadoop-hdds-common-1.1.0-SNAPSHOT-tests.jar:/home/user/.m2/repository/org/apache/hadoop/hadoop-hdds-hadoop-dependency-client/1.1.0-SNAPSHOT/hadoop-hdds-hadoop-dependency-client-1.1.0-SNAPSHOT.jar:/home/user/.m2/repository/info/picocli/picocli/4.4.0/picocli-4.4.0.jar:/home/user/.m2/repository/com/fasterxml/jackson/core/jackson-annotations/2.10.3/jackson-annotations-2.10.3.jar:/home/user/.m2/repository/javax/annotation/javax.annotation-api/1.2/javax.annotation-api-1.2.jar:/home/user/.m2/repository/org/fusesource/leveldbjni/leveldbjni-all/1.8/leveldbjni-all-1.8.jar:/home/user/.m2/repository/org/apache/ratis/ratis-server/1.1.0-c5eafb9-SNAPSHOT/ratis-server-1.1.0-c5eafb9-SNAPSHOT.jar:/home/user/.m2/repository/org/apache/ratis/ratis-client/1.1.0-c5eafb9-SNAPSHOT/ratis-client-1.1.0-c5eafb9-SNAPSHOT.jar:/home/user/.m2/repository/org/apache/ratis/ratis-metrics/1.1.0-c5eafb9-SNAPSHOT/ratis-metrics-1.1.0-c5eafb9-SNAPSHOT.jar:/home/user/.m2/repository/org/apache/ratis/ratis-netty/1.1.0-c5eafb9-SNAPSHOT/ratis-netty-1.1.0-c5eafb9-SNAPSHOT.jar:/home/user/.m2/repository/org/apache/ratis/ratis-grpc/1.1.0-c5eafb9-SNAPSHOT/ratis-grpc-1.1.0-c5eafb9-SNAPSHOT.jar:/home/user/.m2/repository/org/apache/logging/log4j/log4j-api/2.13.3/log4j-api-2.13.3.jar:/home/user/.m2/repository/org/apache/logging/log4j/log4j-core/2.13.3/log4j-core-2.13.3.jar:/home/user/.m2/repository/com/lmax/disruptor/3.4.2/disruptor-3.4.2.jar:/home/user/.m2/repository/org/apache/commons/commons-pool2/2.6.0/commons-pool2-2.6.0.jar:/home/user/.m2/repository/org/bouncycastle/bcpkix-jdk15on/1.67/bcpkix-jdk15on-1.67.jar:/home/user/.m2/repository/commons-validator/commons-validator/1.6/commons-validator-1.6.jar:/home/user/.m2/repository/commons-beanutils/commons-beanutils/1.9.4/commons-beanutils-1.9.4.jar:/home/user/.m2/repository/commons-digester/commons-digester/1.8.1/commons-digester-1.8.1.jar:/home/user/.m2/repository/commons-collections/commons-collections/3.2.2/commons-collections-3.2.2.jar:/home/user/.m2/repository/io/jaegertracing/jaeger-client/1.2.0/jaeger-client-1.2.0.jar:/home/user/.m2/repository/io/jaegertracing/jaeger-thrift/1.2.0/jaeger-thrift-1.2.0.jar:/home/user/.m2/repository/org/apache/thrift/libthrift/0.13.0/libthrift-0.13.0.jar:/home/user/.m2/repository/com/squareup/okhttp3/okhttp/4.2.2/okhttp-4.2.2.jar:/home/user/.m2/repository/com/squareup/okio/okio/2.2.2/okio-2.2.2.jar:/home/user/.m2/repository/org/jetbrains/kotlin/kotlin-stdlib/1.3.50/kotlin-stdlib-1.3.50.jar:/home/user/.m2/repository/org/jetbrains/kotlin/kotlin-stdlib-common/1.3.50/kotlin-stdlib-common-1.3.50.jar:/home/user/.m2/repository/org/jetbrains/annotations/13.0/annotations-13.0.jar:/home/user/.m2/repository/io/jaegertracing/jaeger-core/1.2.0/jaeger-core-1.2.0.jar:/home/user/.m2/repository/io/jaegertracing/jaeger-tracerresolver/1.2.0/jaeger-tracerresolver-1.2.0.jar:/home/user/.m2/repository/io/opentracing/contrib/opentracing-tracerresolver/0.1.8/opentracing-tracerresolver-0.1.8.jar:/home/user/.m2/repository/io/opentracing/opentracing-util/0.33.0/opentracing-util-0.33.0.jar:/home/user/.m2/repository/io/opentracing/opentracing-api/0.33.0/opentracing-api-0.33.0.jar:/home/user/.m2/repository/io/opentracing/opentracing-noop/0.33.0/opentracing-noop-0.33.0.jar:/home/user/.m2/repository/org/yaml/snakeyaml/1.26/snakeyaml-1.26.jar:/home/user/.m2/repository/junit/junit/4.11/junit-4.11.jar:/home/user/.m2/repository/org/hamcrest/hamcrest-core/1.3/hamcrest-core-1.3.jar:/home/user/.m2/repository/org/openjdk/jmh/jmh-core/1.19/jmh-core-1.19.jar:/home/user/.m2/repository/net/sf/jopt-simple/jopt-simple/4.6/jopt-simple-4.6.jar:/home/user/.m2/repository/org/apache/commons/commons-math3/3.1.1/commons-math3-3.1.1.jar:/home/user/.m2/repository/org/openjdk/jmh/jmh-generator-annprocess/1.19/jmh-generator-annprocess-1.19.jar:/home/user/.m2/repository/org/mockito/mockito-all/1.8.5/mockito-all-1.8.5.jar:/home/user/.m2/repository/org/apache/hadoop/hadoop-kms/3.2.1/hadoop-kms-3.2.1.jar:/home/user/.m2/repository/org/apache/hadoop/hadoop-auth/3.2.1/hadoop-auth-3.2.1.jar:/home/user/.m2/repository/com/nimbusds/nimbus-jose-jwt/7.9/nimbus-jose-jwt-7.9.jar:/home/user/.m2/repository/com/github/stephenc/jcip/jcip-annotations/1.0-1/jcip-annotations-1.0-1.jar:/home/user/.m2/repository/net/minidev/json-smart/2.3/json-smart-2.3.jar:/home/user/.m2/repository/net/minidev/accessors-smart/1.2/accessors-smart-1.2.jar:/home/user/.m2/repository/org/ow2/asm/asm/5.0.4/asm-5.0.4.jar:/home/user/.m2/repository/org/apache/zookeeper/zookeeper/3.4.13/zookeeper-3.4.13.jar:/home/user/.m2/repository/org/apache/yetus/audience-annotations/0.5.0/audience-annotations-0.5.0.jar:/home/user/.m2/repository/org/apache/curator/curator-framework/2.13.0/curator-framework-2.13.0.jar:/home/user/.m2/repository/com/sun/jersey/jersey-core/1.19/jersey-core-1.19.jar:/home/user/.m2/repository/javax/ws/rs/jsr311-api/1.1.1/jsr311-api-1.1.1.jar:/home/user/.m2/repository/com/sun/jersey/jersey-server/1.19/jersey-server-1.19.jar:/home/user/.m2/repository/javax/servlet/javax.servlet-api/3.1.0/javax.servlet-api-3.1.0.jar:/home/user/.m2/repository/org/eclipse/jetty/jetty-server/9.4.34.v20201102/jetty-server-9.4.34.v20201102.jar:/home/user/.m2/repository/org/eclipse/jetty/jetty-http/9.4.34.v20201102/jetty-http-9.4.34.v20201102.jar:/home/user/.m2/repository/org/eclipse/jetty/jetty-io/9.4.34.v20201102/jetty-io-9.4.34.v20201102.jar:/home/user/.m2/repository/org/eclipse/jetty/jetty-webapp/9.4.34.v20201102/jetty-webapp-9.4.34.v20201102.jar:/home/user/.m2/repository/org/eclipse/jetty/jetty-xml/9.4.34.v20201102/jetty-xml-9.4.34.v20201102.jar:/home/user/.m2/repository/org/apache/hadoop/hadoop-common/3.2.1/hadoop-common-3.2.1.jar:/home/user/.m2/repository/commons-net/commons-net/3.6/commons-net-3.6.jar:/home/user/.m2/repository/com/sun/jersey/jersey-servlet/1.19/jersey-servlet-1.19.jar:/home/user/.m2/repository/com/sun/jersey/jersey-json/1.19/jersey-json-1.19.jar:/home/user/.m2/repository/org/codehaus/jettison/jettison/1.1/jettison-1.1.jar:/home/user/.m2/repository/org/codehaus/jackson/jackson-jaxrs/1.9.2/jackson-jaxrs-1.9.2.jar:/home/user/.m2/repository/org/codehaus/jackson/jackson-xc/1.9.2/jackson-xc-1.9.2.jar:/home/user/.m2/repository/org/apache/commons/commons-configuration2/2.1.1/commons-configuration2-2.1.1.jar:/home/user/.m2/repository/org/apache/commons/commons-text/1.4/commons-text-1.4.jar:/home/user/.m2/repository/com/google/re2j/re2j/1.1/re2j-1.1.jar:/home/user/.m2/repository/com/jcraft/jsch/0.1.54/jsch-0.1.54.jar:/home/user/.m2/repository/org/apache/curator/curator-client/2.13.0/curator-client-2.13.0.jar:/home/user/.m2/repository/org/apache/curator/curator-recipes/2.13.0/curator-recipes-2.13.0.jar:/home/user/.m2/repository/dnsjava/dnsjava/2.1.7/dnsjava-2.1.7.jar:/home/user/.m2/repository/org/slf4j/jul-to-slf4j/1.7.30/jul-to-slf4j-1.7.30.jar:/home/user/.m2/repository/org/eclipse/jetty/jetty-util/9.4.34.v20201102/jetty-util-9.4.34.v20201102.jar:/home/user/.m2/repository/com/fasterxml/jackson/core/jackson-databind/2.10.3/jackson-databind-2.10.3.jar:/home/user/.m2/repository/org/apache/hadoop/hadoop-kms/3.2.1/hadoop-kms-3.2.1-tests.jar:/home/user/.m2/repository/org/apache/hadoop/hadoop-hdds-server-scm/1.1.0-SNAPSHOT/hadoop-hdds-server-scm-1.1.0-SNAPSHOT-tests.jar:/home/user/.m2/repository/org/apache/hadoop/hadoop-hdds-container-service/1.1.0-SNAPSHOT/hadoop-hdds-container-service-1.1.0-SNAPSHOT-tests.jar:/home/user/.m2/repository/commons-codec/commons-codec/1.11/commons-codec-1.11.jar:/home/user/.m2/repository/org/apache/hadoop/hadoop-hdds-hadoop-dependency-test/1.1.0-SNAPSHOT/hadoop-hdds-hadoop-dependency-test-1.1.0-SNAPSHOT.jar:/home/user/.m2/repository/org/apache/hadoop/hadoop-common/3.2.1/hadoop-common-3.2.1-tests.jar:/home/user/.m2/repository/org/apache/hadoop/hadoop-hdfs/3.2.1/hadoop-hdfs-3.2.1-tests.jar:/home/user/.m2/repository/org/eclipse/jetty/jetty-util-ajax/9.4.34.v20201102/jetty-util-ajax-9.4.34.v20201102.jar:/home/user/.m2/repository/commons-daemon/commons-daemon/1.0.13/commons-daemon-1.0.13.jar:/home/user/.m2/repository/io/netty/netty/3.10.5.Final/netty-3.10.5.Final.jar:/home/user/.m2/repository/io/netty/netty-all/4.1.48.Final/netty-all-4.1.48.Final.jar:/home/user/.m2/repository/org/apache/htrace/htrace-core4/4.1.0-incubating/htrace-core4-4.1.0-incubating.jar:/home/user/.m2/repository/org/apache/hadoop/hadoop-distcp/3.2.1/hadoop-distcp-3.2.1.jar:/home/user/.m2/repository/org/apache/hadoop/hadoop-mapreduce-client-jobclient/3.2.1/hadoop-mapreduce-client-jobclient-3.2.1.jar:/home/user/.m2/repository/org/apache/hadoop/hadoop-mapreduce-client-common/3.2.1/hadoop-mapreduce-client-common-3.2.1.jar:/home/user/.m2/repository/org/apache/hadoop/hadoop-yarn-common/3.2.1/hadoop-yarn-common-3.2.1.jar:/home/user/.m2/repository/org/apache/hadoop/hadoop-yarn-api/3.2.1/hadoop-yarn-api-3.2.1.jar:/home/user/.m2/repository/com/sun/jersey/jersey-client/1.19/jersey-client-1.19.jar:/home/user/.m2/repository/com/sun/jersey/contribs/jersey-guice/1.19/jersey-guice-1.19.jar:/home/user/.m2/repository/com/fasterxml/jackson/jaxrs/jackson-jaxrs-json-provider/2.10.3/jackson-jaxrs-json-provider-2.10.3.jar:/home/user/.m2/repository/com/fasterxml/jackson/jaxrs/jackson-jaxrs-base/2.10.3/jackson-jaxrs-base-2.10.3.jar:/home/user/.m2/repository/org/apache/hadoop/hadoop-yarn-client/3.2.1/hadoop-yarn-client-3.2.1.jar:/home/user/.m2/repository/org/apache/hadoop/hadoop-mapreduce-client-core/3.2.1/hadoop-mapreduce-client-core-3.2.1.jar:/home/user/.m2/repository/org/apache/avro/avro/1.7.7/avro-1.7.7.jar:/home/user/.m2/repository/org/codehaus/jackson/jackson-core-asl/1.9.13/jackson-core-asl-1.9.13.jar:/home/user/.m2/repository/org/codehaus/jackson/jackson-mapper-asl/1.9.13/jackson-mapper-asl-1.9.13.jar:/home/user/.m2/repository/com/thoughtworks/paranamer/paranamer/2.3/paranamer-2.3.jar:/home/user/.m2/repository/org/xerial/snappy/snappy-java/1.0.5/snappy-java-1.0.5.jar:/home/user/.m2/repository/org/apache/hadoop/hadoop-annotations/3.2.1/hadoop-annotations-3.2.1.jar:/usr/lib/jvm/java-1.8.0-openjdk-1.8.0.232.b09-0.el7_7.x86_64/jre/../lib/tools.jar:/home/user/.m2/repository/org/apache/hadoop/hadoop-distcp/3.2.1/hadoop-distcp-3.2.1-tests.jar:"/>
    <property name="java.vm.vendor" value="Oracle Corporation"/>
    <property name="sun.arch.data.model" value="64"/>
    <property name="test.build.dir" value="/github/workspace/mnt/ozone/hadoop-ozone/integration-test/target/test-dir"/>
    <property name="test.cache.data" value=""/>
    <property name="java.vendor.url" value="http://java.oracle.com/"/>
    <property name="user.timezone" value=""/>
    <property name="java.vm.specification.version" value="1.8"/>
    <property name="os.name" value="Linux"/>
    <property name="test.build.data" value="/github/workspace/mnt/ozone/hadoop-ozone/integration-test/target/test-dir"/>
    <property name="user.country" value="US"/>
    <property name="sun.java.launcher" value="SUN_STANDARD"/>
    <property name="sun.boot.library.path" value="/usr/lib/jvm/java-1.8.0-openjdk-1.8.0.232.b09-0.el7_7.x86_64/jre/lib/amd64"/>
    <property name="sun.java.command" value="/github/workspace/mnt/ozone/hadoop-ozone/integration-test/target/surefire/surefirebooter4102004074454814499.jar /github/workspace/mnt/ozone/hadoop-ozone/integration-test/target/surefire 2020-12-28T13-10-08_977-jvmRun1 surefire898124219164527867tmp surefire_463505217993540121821tmp"/>
    <property name="surefire.test.class.path" value="/github/workspace/mnt/ozone/hadoop-ozone/integration-test/target/test-classes:/github/workspace/mnt/ozone/hadoop-ozone/integration-test/target/classes:/home/user/.m2/repository/org/apache/hadoop/hadoop-ozone-common/1.1.0-SNAPSHOT/hadoop-ozone-common-1.1.0-SNAPSHOT.jar:/home/user/.m2/repository/org/apache/commons/commons-compress/1.4.1/commons-compress-1.4.1.jar:/home/user/.m2/repository/org/tukaani/xz/1.0/xz-1.0.jar:/home/user/.m2/repository/org/apache/hadoop/hadoop-hdds-common/1.1.0-SNAPSHOT/hadoop-hdds-common-1.1.0-SNAPSHOT.jar:/home/user/.m2/repository/org/apache/hadoop/hadoop-hdds-client/1.1.0-SNAPSHOT/hadoop-hdds-client-1.1.0-SNAPSHOT.jar:/home/user/.m2/repository/org/apache/hadoop/hadoop-ozone-interface-client/1.1.0-SNAPSHOT/hadoop-ozone-interface-client-1.1.0-SNAPSHOT.jar:/home/user/.m2/repository/org/apache/hadoop/hadoop-hdds-test-utils/1.1.0-SNAPSHOT/hadoop-hdds-test-utils-1.1.0-SNAPSHOT.jar:/home/user/.m2/repository/com/google/guava/guava/28.2-jre/guava-28.2-jre.jar:/home/user/.m2/repository/com/google/guava/failureaccess/1.0.1/failureaccess-1.0.1.jar:/home/user/.m2/repository/com/google/guava/listenablefuture/9999.0-empty-to-avoid-conflict-with-guava/listenablefuture-9999.0-empty-to-avoid-conflict-with-guava.jar:/home/user/.m2/repository/com/google/code/findbugs/jsr305/3.0.0/jsr305-3.0.0.jar:/home/user/.m2/repository/org/checkerframework/checker-qual/2.10.0/checker-qual-2.10.0.jar:/home/user/.m2/repository/com/google/errorprone/error_prone_annotations/2.2.0/error_prone_annotations-2.2.0.jar:/home/user/.m2/repository/com/google/j2objc/j2objc-annotations/1.3/j2objc-annotations-1.3.jar:/home/user/.m2/repository/commons-io/commons-io/2.5/commons-io-2.5.jar:/home/user/.m2/repository/commons-logging/commons-logging/1.2/commons-logging-1.2.jar:/home/user/.m2/repository/log4j/log4j/1.2.17/log4j-1.2.17.jar:/home/user/.m2/repository/org/slf4j/slf4j-api/1.7.30/slf4j-api-1.7.30.jar:/home/user/.m2/repository/org/apache/hadoop/hadoop-hdds-server-scm/1.1.0-SNAPSHOT/hadoop-hdds-server-scm-1.1.0-SNAPSHOT.jar:/home/user/.m2/repository/org/apache/hadoop/hadoop-hdds-container-service/1.1.0-SNAPSHOT/hadoop-hdds-container-service-1.1.0-SNAPSHOT.jar:/home/user/.m2/repository/org/apache/hadoop/hadoop-hdds-hadoop-dependency-server/1.1.0-SNAPSHOT/hadoop-hdds-hadoop-dependency-server-1.1.0-SNAPSHOT.jar:/home/user/.m2/repository/org/apache/hadoop/hadoop-hdfs/3.2.1/hadoop-hdfs-3.2.1.jar:/home/user/.m2/repository/org/apache/hadoop/hadoop-hdds-server-framework/1.1.0-SNAPSHOT/hadoop-hdds-server-framework-1.1.0-SNAPSHOT.jar:/home/user/.m2/repository/org/apache/hadoop/hadoop-hdds-interface-server/1.1.0-SNAPSHOT/hadoop-hdds-interface-server-1.1.0-SNAPSHOT.jar:/home/user/.m2/repository/org/apache/hadoop/hadoop-hdds-interface-admin/1.1.0-SNAPSHOT/hadoop-hdds-interface-admin-1.1.0-SNAPSHOT.jar:/home/user/.m2/repository/org/eclipse/jetty/jetty-servlet/9.4.34.v20201102/jetty-servlet-9.4.34.v20201102.jar:/home/user/.m2/repository/org/eclipse/jetty/jetty-security/9.4.34.v20201102/jetty-security-9.4.34.v20201102.jar:/home/user/.m2/repository/org/rocksdb/rocksdbjni/6.8.1/rocksdbjni-6.8.1.jar:/home/user/.m2/repository/io/prometheus/simpleclient_dropwizard/0.7.0/simpleclient_dropwizard-0.7.0.jar:/home/user/.m2/repository/io/prometheus/simpleclient/0.7.0/simpleclient-0.7.0.jar:/home/user/.m2/repository/io/prometheus/simpleclient_common/0.7.0/simpleclient_common-0.7.0.jar:/home/user/.m2/repository/com/fasterxml/jackson/datatype/jackson-datatype-jsr310/2.10.3/jackson-datatype-jsr310-2.10.3.jar:/home/user/.m2/repository/io/dropwizard/metrics/metrics-core/3.2.4/metrics-core-3.2.4.jar:/home/user/.m2/repository/org/apache/hadoop/hadoop-hdfs-client/3.2.1/hadoop-hdfs-client-3.2.1.jar:/home/user/.m2/repository/org/bouncycastle/bcprov-jdk15on/1.67/bcprov-jdk15on-1.67.jar:/home/user/.m2/repository/org/apache/hadoop/hadoop-ozone-ozone-manager/1.1.0-SNAPSHOT/hadoop-ozone-ozone-manager-1.1.0-SNAPSHOT.jar:/home/user/.m2/repository/org/apache/hadoop/hadoop-hdds-interface-client/1.1.0-SNAPSHOT/hadoop-hdds-interface-client-1.1.0-SNAPSHOT.jar:/home/user/.m2/repository/org/apache/ratis/ratis-thirdparty-misc/0.6.0-SNAPSHOT/ratis-thirdparty-misc-0.6.0-SNAPSHOT.jar:/home/user/.m2/repository/org/apache/hadoop/hadoop-ozone-interface-storage/1.1.0-SNAPSHOT/hadoop-ozone-interface-storage-1.1.0-SNAPSHOT.jar:/home/user/.m2/repository/org/apache/hadoop/hadoop-minikdc/3.2.1/hadoop-minikdc-3.2.1.jar:/home/user/.m2/repository/org/apache/kerby/kerb-simplekdc/1.0.1/kerb-simplekdc-1.0.1.jar:/home/user/.m2/repository/org/apache/kerby/kerb-client/1.0.1/kerb-client-1.0.1.jar:/home/user/.m2/repository/org/apache/kerby/kerby-config/1.0.1/kerby-config-1.0.1.jar:/home/user/.m2/repository/org/apache/kerby/kerb-core/1.0.1/kerb-core-1.0.1.jar:/home/user/.m2/repository/org/apache/kerby/kerby-pkix/1.0.1/kerby-pkix-1.0.1.jar:/home/user/.m2/repository/org/apache/kerby/kerby-asn1/1.0.1/kerby-asn1-1.0.1.jar:/home/user/.m2/repository/org/apache/kerby/kerby-util/1.0.1/kerby-util-1.0.1.jar:/home/user/.m2/repository/org/apache/kerby/kerb-common/1.0.1/kerb-common-1.0.1.jar:/home/user/.m2/repository/org/apache/kerby/kerb-crypto/1.0.1/kerb-crypto-1.0.1.jar:/home/user/.m2/repository/org/apache/kerby/kerb-util/1.0.1/kerb-util-1.0.1.jar:/home/user/.m2/repository/org/apache/kerby/token-provider/1.0.1/token-provider-1.0.1.jar:/home/user/.m2/repository/org/apache/kerby/kerb-admin/1.0.1/kerb-admin-1.0.1.jar:/home/user/.m2/repository/org/apache/kerby/kerb-server/1.0.1/kerb-server-1.0.1.jar:/home/user/.m2/repository/org/apache/kerby/kerb-identity/1.0.1/kerb-identity-1.0.1.jar:/home/user/.m2/repository/org/apache/kerby/kerby-xdr/1.0.1/kerby-xdr-1.0.1.jar:/home/user/.m2/repository/org/slf4j/slf4j-log4j12/1.7.30/slf4j-log4j12-1.7.30.jar:/home/user/.m2/repository/org/apache/hadoop/hadoop-ozone-s3gateway/1.1.0-SNAPSHOT/hadoop-ozone-s3gateway-1.1.0-SNAPSHOT.jar:/home/user/.m2/repository/org/jboss/weld/servlet/weld-servlet/2.4.7.Final/weld-servlet-2.4.7.Final.jar:/home/user/.m2/repository/org/glassfish/jersey/containers/jersey-container-servlet-core/2.27/jersey-container-servlet-core-2.27.jar:/home/user/.m2/repository/org/glassfish/hk2/external/javax.inject/2.5.0-b42/javax.inject-2.5.0-b42.jar:/home/user/.m2/repository/org/glassfish/jersey/core/jersey-common/2.27/jersey-common-2.27.jar:/home/user/.m2/repository/org/glassfish/hk2/osgi-resource-locator/1.0.1/osgi-resource-locator-1.0.1.jar:/home/user/.m2/repository/javax/ws/rs/javax.ws.rs-api/2.1/javax.ws.rs-api-2.1.jar:/home/user/.m2/repository/org/glassfish/jersey/ext/cdi/jersey-cdi1x/2.27/jersey-cdi1x-2.27.jar:/home/user/.m2/repository/org/glassfish/jersey/inject/jersey-hk2/2.27/jersey-hk2-2.27.jar:/home/user/.m2/repository/org/glassfish/hk2/hk2-locator/2.5.0-b42/hk2-locator-2.5.0-b42.jar:/home/user/.m2/repository/org/javassist/javassist/3.22.0-CR2/javassist-3.22.0-CR2.jar:/home/user/.m2/repository/org/glassfish/hk2/hk2-api/2.5.0/hk2-api-2.5.0.jar:/home/user/.m2/repository/org/glassfish/hk2/external/jakarta.inject/2.5.0/jakarta.inject-2.5.0.jar:/home/user/.m2/repository/org/glassfish/hk2/hk2-utils/2.5.0/hk2-utils-2.5.0.jar:/home/user/.m2/repository/jakarta/annotation/jakarta.annotation-api/1.3.4/jakarta.annotation-api-1.3.4.jar:/home/user/.m2/repository/org/glassfish/hk2/external/aopalliance-repackaged/2.5.0/aopalliance-repackaged-2.5.0.jar:/home/user/.m2/repository/com/fasterxml/jackson/dataformat/jackson-dataformat-xml/2.10.3/jackson-dataformat-xml-2.10.3.jar:/home/user/.m2/repository/com/fasterxml/jackson/core/jackson-core/2.10.3/jackson-core-2.10.3.jar:/home/user/.m2/repository/com/fasterxml/jackson/module/jackson-module-jaxb-annotations/2.10.3/jackson-module-jaxb-annotations-2.10.3.jar:/home/user/.m2/repository/jakarta/xml/bind/jakarta.xml.bind-api/2.3.2/jakarta.xml.bind-api-2.3.2.jar:/home/user/.m2/repository/jakarta/activation/jakarta.activation-api/1.2.1/jakarta.activation-api-1.2.1.jar:/home/user/.m2/repository/org/codehaus/woodstox/stax2-api/3.1.4/stax2-api-3.1.4.jar:/home/user/.m2/repository/com/fasterxml/woodstox/woodstox-core/5.0.3/woodstox-core-5.0.3.jar:/home/user/.m2/repository/javax/enterprise/cdi-api/1.2/cdi-api-1.2.jar:/home/user/.m2/repository/javax/el/javax.el-api/3.0.0/javax.el-api-3.0.0.jar:/home/user/.m2/repository/javax/interceptor/javax.interceptor-api/1.2/javax.interceptor-api-1.2.jar:/home/user/.m2/repository/javax/inject/javax.inject/1/javax.inject-1.jar:/home/user/.m2/repository/com/sun/xml/bind/jaxb-impl/2.3.0.1/jaxb-impl-2.3.0.1.jar:/home/user/.m2/repository/com/sun/xml/bind/jaxb-core/2.3.0.1/jaxb-core-2.3.0.1.jar:/home/user/.m2/repository/javax/xml/bind/jaxb-api/2.3.0/jaxb-api-2.3.0.jar:/home/user/.m2/repository/javax/activation/activation/1.1.1/activation-1.1.1.jar:/home/user/.m2/repository/org/apache/hadoop/hadoop-ozone-csi/1.1.0-SNAPSHOT/hadoop-ozone-csi-1.1.0-SNAPSHOT.jar:/home/user/.m2/repository/com/google/protobuf/protobuf-java-util/3.11.0/protobuf-java-util-3.11.0.jar:/home/user/.m2/repository/com/google/code/gson/gson/2.2.4/gson-2.2.4.jar:/home/user/.m2/repository/org/apache/hadoop/hadoop-hdds-config/1.1.0-SNAPSHOT/hadoop-hdds-config-1.1.0-SNAPSHOT.jar:/home/user/.m2/repository/com/google/protobuf/protobuf-java/2.5.0/protobuf-java-2.5.0.jar:/home/user/.m2/repository/io/grpc/grpc-netty/1.29.0/grpc-netty-1.29.0.jar:/home/user/.m2/repository/io/grpc/grpc-core/1.29.0/grpc-core-1.29.0.jar:/home/user/.m2/repository/com/google/android/annotations/4.1.1.4/annotations-4.1.1.4.jar:/home/user/.m2/repository/io/perfmark/perfmark-api/0.19.0/perfmark-api-0.19.0.jar:/home/user/.m2/repository/io/netty/netty-codec-http2/4.1.48.Final/netty-codec-http2-4.1.48.Final.jar:/home/user/.m2/repository/io/netty/netty-codec/4.1.48.Final/netty-codec-4.1.48.Final.jar:/home/user/.m2/repository/io/netty/netty-handler/4.1.48.Final/netty-handler-4.1.48.Final.jar:/home/user/.m2/repository/io/netty/netty-codec-http/4.1.48.Final/netty-codec-http-4.1.48.Final.jar:/home/user/.m2/repository/io/netty/netty-handler-proxy/4.1.48.Final/netty-handler-proxy-4.1.48.Final.jar:/home/user/.m2/repository/io/netty/netty-codec-socks/4.1.48.Final/netty-codec-socks-4.1.48.Final.jar:/home/user/.m2/repository/io/netty/netty-transport-native-epoll/4.1.48.Final/netty-transport-native-epoll-4.1.48.Final.jar:/home/user/.m2/repository/io/netty/netty-common/4.1.48.Final/netty-common-4.1.48.Final.jar:/home/user/.m2/repository/io/netty/netty-buffer/4.1.48.Final/netty-buffer-4.1.48.Final.jar:/home/user/.m2/repository/io/netty/netty-transport/4.1.48.Final/netty-transport-4.1.48.Final.jar:/home/user/.m2/repository/io/netty/netty-resolver/4.1.48.Final/netty-resolver-4.1.48.Final.jar:/home/user/.m2/repository/io/netty/netty-transport-native-unix-common/4.1.48.Final/netty-transport-native-unix-common-4.1.48.Final.jar:/home/user/.m2/repository/io/grpc/grpc-protobuf/1.29.0/grpc-protobuf-1.29.0.jar:/home/user/.m2/repository/io/grpc/grpc-api/1.29.0/grpc-api-1.29.0.jar:/home/user/.m2/repository/io/grpc/grpc-context/1.29.0/grpc-context-1.29.0.jar:/home/user/.m2/repository/org/codehaus/mojo/animal-sniffer-annotations/1.18/animal-sniffer-annotations-1.18.jar:/home/user/.m2/repository/com/google/api/grpc/proto-google-common-protos/1.17.0/proto-google-common-protos-1.17.0.jar:/home/user/.m2/repository/io/grpc/grpc-protobuf-lite/1.29.0/grpc-protobuf-lite-1.29.0.jar:/home/user/.m2/repository/io/grpc/grpc-stub/1.29.0/grpc-stub-1.29.0.jar:/home/user/.m2/repository/org/apache/hadoop/hadoop-ozone-recon/1.1.0-SNAPSHOT/hadoop-ozone-recon-1.1.0-SNAPSHOT.jar:/home/user/.m2/repository/org/apache/hadoop/hadoop-ozone-reconcodegen/1.1.0-SNAPSHOT/hadoop-ozone-reconcodegen-1.1.0-SNAPSHOT.jar:/home/user/.m2/repository/com/google/inject/extensions/guice-multibindings/4.0/guice-multibindings-4.0.jar:/home/user/.m2/repository/com/google/inject/guice/4.0/guice-4.0.jar:/home/user/.m2/repository/aopalliance/aopalliance/1.0/aopalliance-1.0.jar:/home/user/.m2/repository/com/google/inject/extensions/guice-assistedinject/4.0/guice-assistedinject-4.0.jar:/home/user/.m2/repository/com/google/inject/extensions/guice-servlet/4.0/guice-servlet-4.0.jar:/home/user/.m2/repository/org/glassfish/jersey/containers/jersey-container-servlet/2.27/jersey-container-servlet-2.27.jar:/home/user/.m2/repository/org/glassfish/hk2/guice-bridge/2.5.0/guice-bridge-2.5.0.jar:/home/user/.m2/repository/org/glassfish/jersey/core/jersey-server/2.27/jersey-server-2.27.jar:/home/user/.m2/repository/org/glassfish/jersey/core/jersey-client/2.27/jersey-client-2.27.jar:/home/user/.m2/repository/org/glassfish/jersey/media/jersey-media-jaxb/2.27/jersey-media-jaxb-2.27.jar:/home/user/.m2/repository/javax/validation/validation-api/1.1.0.Final/validation-api-1.1.0.Final.jar:/home/user/.m2/repository/org/glassfish/jersey/media/jersey-media-json-jackson/2.27/jersey-media-json-jackson-2.27.jar:/home/user/.m2/repository/org/glassfish/jersey/ext/jersey-entity-filtering/2.27/jersey-entity-filtering-2.27.jar:/home/user/.m2/repository/org/jooq/jooq/3.11.10/jooq-3.11.10.jar:/home/user/.m2/repository/org/jooq/jooq-meta/3.11.10/jooq-meta-3.11.10.jar:/home/user/.m2/repository/org/jooq/jooq-codegen/3.11.10/jooq-codegen-3.11.10.jar:/home/user/.m2/repository/com/jolbox/bonecp/0.8.0.RELEASE/bonecp-0.8.0.RELEASE.jar:/home/user/.m2/repository/org/apache/derby/derby/10.14.2.0/derby-10.14.2.0.jar:/home/user/.m2/repository/org/xerial/sqlite-jdbc/3.25.2/sqlite-jdbc-3.25.2.jar:/home/user/.m2/repository/org/springframework/spring-jdbc/5.2.11.RELEASE/spring-jdbc-5.2.11.RELEASE.jar:/home/user/.m2/repository/org/springframework/spring-beans/5.2.11.RELEASE/spring-beans-5.2.11.RELEASE.jar:/home/user/.m2/repository/org/springframework/spring-core/5.2.11.RELEASE/spring-core-5.2.11.RELEASE.jar:/home/user/.m2/repository/org/springframework/spring-jcl/5.2.11.RELEASE/spring-jcl-5.2.11.RELEASE.jar:/home/user/.m2/repository/org/springframework/spring-tx/5.2.11.RELEASE/spring-tx-5.2.11.RELEASE.jar:/home/user/.m2/repository/org/apache/hadoop/hadoop-ozone-client/1.1.0-SNAPSHOT/hadoop-ozone-client-1.1.0-SNAPSHOT.jar:/home/user/.m2/repository/org/apache/hadoop/hadoop-ozone-filesystem/1.1.0-SNAPSHOT/hadoop-ozone-filesystem-1.1.0-SNAPSHOT.jar:/home/user/.m2/repository/org/apache/hadoop/hadoop-ozone-filesystem-common/1.1.0-SNAPSHOT/hadoop-ozone-filesystem-common-1.1.0-SNAPSHOT.jar:/home/user/.m2/repository/org/apache/hadoop/hadoop-ozone-tools/1.1.0-SNAPSHOT/hadoop-ozone-tools-1.1.0-SNAPSHOT.jar:/home/user/.m2/repository/org/apache/ratis/ratis-tools/1.1.0-c5eafb9-SNAPSHOT/ratis-tools-1.1.0-c5eafb9-SNAPSHOT.jar:/home/user/.m2/repository/org/apache/ratis/ratis-proto/1.1.0-c5eafb9-SNAPSHOT/ratis-proto-1.1.0-c5eafb9-SNAPSHOT.jar:/home/user/.m2/repository/org/apache/ratis/ratis-common/1.1.0-c5eafb9-SNAPSHOT/ratis-common-1.1.0-c5eafb9-SNAPSHOT.jar:/home/user/.m2/repository/com/amazonaws/aws-java-sdk-core/1.11.901/aws-java-sdk-core-1.11.901.jar:/home/user/.m2/repository/org/apache/httpcomponents/httpclient/4.5.13/httpclient-4.5.13.jar:/home/user/.m2/repository/org/apache/httpcomponents/httpcore/4.4.13/httpcore-4.4.13.jar:/home/user/.m2/repository/software/amazon/ion/ion-java/1.0.2/ion-java-1.0.2.jar:/home/user/.m2/repository/com/fasterxml/jackson/dataformat/jackson-dataformat-cbor/2.10.3/jackson-dataformat-cbor-2.10.3.jar:/home/user/.m2/repository/joda-time/joda-time/2.8.1/joda-time-2.8.1.jar:/home/user/.m2/repository/com/amazonaws/aws-java-sdk-s3/1.11.901/aws-java-sdk-s3-1.11.901.jar:/home/user/.m2/repository/com/amazonaws/aws-java-sdk-kms/1.11.901/aws-java-sdk-kms-1.11.901.jar:/home/user/.m2/repository/com/amazonaws/jmespath-java/1.11.901/jmespath-java-1.11.901.jar:/home/user/.m2/repository/org/kohsuke/metainf-services/metainf-services/1.8/metainf-services-1.8.jar:/home/user/.m2/repository/org/apache/hadoop/hadoop-hdds-tools/1.1.0-SNAPSHOT/hadoop-hdds-tools-1.1.0-SNAPSHOT.jar:/home/user/.m2/repository/commons-cli/commons-cli/1.2/commons-cli-1.2.jar:/home/user/.m2/repository/org/apache/commons/commons-lang3/3.7/commons-lang3-3.7.jar:/home/user/.m2/repository/org/apache/hadoop/hadoop-ozone-ozone-manager/1.1.0-SNAPSHOT/hadoop-ozone-ozone-manager-1.1.0-SNAPSHOT-tests.jar:/home/user/.m2/repository/org/apache/hadoop/hadoop-hdds-common/1.1.0-SNAPSHOT/hadoop-hdds-common-1.1.0-SNAPSHOT-tests.jar:/home/user/.m2/repository/org/apache/hadoop/hadoop-hdds-hadoop-dependency-client/1.1.0-SNAPSHOT/hadoop-hdds-hadoop-dependency-client-1.1.0-SNAPSHOT.jar:/home/user/.m2/repository/info/picocli/picocli/4.4.0/picocli-4.4.0.jar:/home/user/.m2/repository/com/fasterxml/jackson/core/jackson-annotations/2.10.3/jackson-annotations-2.10.3.jar:/home/user/.m2/repository/javax/annotation/javax.annotation-api/1.2/javax.annotation-api-1.2.jar:/home/user/.m2/repository/org/fusesource/leveldbjni/leveldbjni-all/1.8/leveldbjni-all-1.8.jar:/home/user/.m2/repository/org/apache/ratis/ratis-server/1.1.0-c5eafb9-SNAPSHOT/ratis-server-1.1.0-c5eafb9-SNAPSHOT.jar:/home/user/.m2/repository/org/apache/ratis/ratis-client/1.1.0-c5eafb9-SNAPSHOT/ratis-client-1.1.0-c5eafb9-SNAPSHOT.jar:/home/user/.m2/repository/org/apache/ratis/ratis-metrics/1.1.0-c5eafb9-SNAPSHOT/ratis-metrics-1.1.0-c5eafb9-SNAPSHOT.jar:/home/user/.m2/repository/org/apache/ratis/ratis-netty/1.1.0-c5eafb9-SNAPSHOT/ratis-netty-1.1.0-c5eafb9-SNAPSHOT.jar:/home/user/.m2/repository/org/apache/ratis/ratis-grpc/1.1.0-c5eafb9-SNAPSHOT/ratis-grpc-1.1.0-c5eafb9-SNAPSHOT.jar:/home/user/.m2/repository/org/apache/logging/log4j/log4j-api/2.13.3/log4j-api-2.13.3.jar:/home/user/.m2/repository/org/apache/logging/log4j/log4j-core/2.13.3/log4j-core-2.13.3.jar:/home/user/.m2/repository/com/lmax/disruptor/3.4.2/disruptor-3.4.2.jar:/home/user/.m2/repository/org/apache/commons/commons-pool2/2.6.0/commons-pool2-2.6.0.jar:/home/user/.m2/repository/org/bouncycastle/bcpkix-jdk15on/1.67/bcpkix-jdk15on-1.67.jar:/home/user/.m2/repository/commons-validator/commons-validator/1.6/commons-validator-1.6.jar:/home/user/.m2/repository/commons-beanutils/commons-beanutils/1.9.4/commons-beanutils-1.9.4.jar:/home/user/.m2/repository/commons-digester/commons-digester/1.8.1/commons-digester-1.8.1.jar:/home/user/.m2/repository/commons-collections/commons-collections/3.2.2/commons-collections-3.2.2.jar:/home/user/.m2/repository/io/jaegertracing/jaeger-client/1.2.0/jaeger-client-1.2.0.jar:/home/user/.m2/repository/io/jaegertracing/jaeger-thrift/1.2.0/jaeger-thrift-1.2.0.jar:/home/user/.m2/repository/org/apache/thrift/libthrift/0.13.0/libthrift-0.13.0.jar:/home/user/.m2/repository/com/squareup/okhttp3/okhttp/4.2.2/okhttp-4.2.2.jar:/home/user/.m2/repository/com/squareup/okio/okio/2.2.2/okio-2.2.2.jar:/home/user/.m2/repository/org/jetbrains/kotlin/kotlin-stdlib/1.3.50/kotlin-stdlib-1.3.50.jar:/home/user/.m2/repository/org/jetbrains/kotlin/kotlin-stdlib-common/1.3.50/kotlin-stdlib-common-1.3.50.jar:/home/user/.m2/repository/org/jetbrains/annotations/13.0/annotations-13.0.jar:/home/user/.m2/repository/io/jaegertracing/jaeger-core/1.2.0/jaeger-core-1.2.0.jar:/home/user/.m2/repository/io/jaegertracing/jaeger-tracerresolver/1.2.0/jaeger-tracerresolver-1.2.0.jar:/home/user/.m2/repository/io/opentracing/contrib/opentracing-tracerresolver/0.1.8/opentracing-tracerresolver-0.1.8.jar:/home/user/.m2/repository/io/opentracing/opentracing-util/0.33.0/opentracing-util-0.33.0.jar:/home/user/.m2/repository/io/opentracing/opentracing-api/0.33.0/opentracing-api-0.33.0.jar:/home/user/.m2/repository/io/opentracing/opentracing-noop/0.33.0/opentracing-noop-0.33.0.jar:/home/user/.m2/repository/org/yaml/snakeyaml/1.26/snakeyaml-1.26.jar:/home/user/.m2/repository/junit/junit/4.11/junit-4.11.jar:/home/user/.m2/repository/org/hamcrest/hamcrest-core/1.3/hamcrest-core-1.3.jar:/home/user/.m2/repository/org/openjdk/jmh/jmh-core/1.19/jmh-core-1.19.jar:/home/user/.m2/repository/net/sf/jopt-simple/jopt-simple/4.6/jopt-simple-4.6.jar:/home/user/.m2/repository/org/apache/commons/commons-math3/3.1.1/commons-math3-3.1.1.jar:/home/user/.m2/repository/org/openjdk/jmh/jmh-generator-annprocess/1.19/jmh-generator-annprocess-1.19.jar:/home/user/.m2/repository/org/mockito/mockito-all/1.8.5/mockito-all-1.8.5.jar:/home/user/.m2/repository/org/apache/hadoop/hadoop-kms/3.2.1/hadoop-kms-3.2.1.jar:/home/user/.m2/repository/org/apache/hadoop/hadoop-auth/3.2.1/hadoop-auth-3.2.1.jar:/home/user/.m2/repository/com/nimbusds/nimbus-jose-jwt/7.9/nimbus-jose-jwt-7.9.jar:/home/user/.m2/repository/com/github/stephenc/jcip/jcip-annotations/1.0-1/jcip-annotations-1.0-1.jar:/home/user/.m2/repository/net/minidev/json-smart/2.3/json-smart-2.3.jar:/home/user/.m2/repository/net/minidev/accessors-smart/1.2/accessors-smart-1.2.jar:/home/user/.m2/repository/org/ow2/asm/asm/5.0.4/asm-5.0.4.jar:/home/user/.m2/repository/org/apache/zookeeper/zookeeper/3.4.13/zookeeper-3.4.13.jar:/home/user/.m2/repository/org/apache/yetus/audience-annotations/0.5.0/audience-annotations-0.5.0.jar:/home/user/.m2/repository/org/apache/curator/curator-framework/2.13.0/curator-framework-2.13.0.jar:/home/user/.m2/repository/com/sun/jersey/jersey-core/1.19/jersey-core-1.19.jar:/home/user/.m2/repository/javax/ws/rs/jsr311-api/1.1.1/jsr311-api-1.1.1.jar:/home/user/.m2/repository/com/sun/jersey/jersey-server/1.19/jersey-server-1.19.jar:/home/user/.m2/repository/javax/servlet/javax.servlet-api/3.1.0/javax.servlet-api-3.1.0.jar:/home/user/.m2/repository/org/eclipse/jetty/jetty-server/9.4.34.v20201102/jetty-server-9.4.34.v20201102.jar:/home/user/.m2/repository/org/eclipse/jetty/jetty-http/9.4.34.v20201102/jetty-http-9.4.34.v20201102.jar:/home/user/.m2/repository/org/eclipse/jetty/jetty-io/9.4.34.v20201102/jetty-io-9.4.34.v20201102.jar:/home/user/.m2/repository/org/eclipse/jetty/jetty-webapp/9.4.34.v20201102/jetty-webapp-9.4.34.v20201102.jar:/home/user/.m2/repository/org/eclipse/jetty/jetty-xml/9.4.34.v20201102/jetty-xml-9.4.34.v20201102.jar:/home/user/.m2/repository/org/apache/hadoop/hadoop-common/3.2.1/hadoop-common-3.2.1.jar:/home/user/.m2/repository/commons-net/commons-net/3.6/commons-net-3.6.jar:/home/user/.m2/repository/com/sun/jersey/jersey-servlet/1.19/jersey-servlet-1.19.jar:/home/user/.m2/repository/com/sun/jersey/jersey-json/1.19/jersey-json-1.19.jar:/home/user/.m2/repository/org/codehaus/jettison/jettison/1.1/jettison-1.1.jar:/home/user/.m2/repository/org/codehaus/jackson/jackson-jaxrs/1.9.2/jackson-jaxrs-1.9.2.jar:/home/user/.m2/repository/org/codehaus/jackson/jackson-xc/1.9.2/jackson-xc-1.9.2.jar:/home/user/.m2/repository/org/apache/commons/commons-configuration2/2.1.1/commons-configuration2-2.1.1.jar:/home/user/.m2/repository/org/apache/commons/commons-text/1.4/commons-text-1.4.jar:/home/user/.m2/repository/com/google/re2j/re2j/1.1/re2j-1.1.jar:/home/user/.m2/repository/com/jcraft/jsch/0.1.54/jsch-0.1.54.jar:/home/user/.m2/repository/org/apache/curator/curator-client/2.13.0/curator-client-2.13.0.jar:/home/user/.m2/repository/org/apache/curator/curator-recipes/2.13.0/curator-recipes-2.13.0.jar:/home/user/.m2/repository/dnsjava/dnsjava/2.1.7/dnsjava-2.1.7.jar:/home/user/.m2/repository/org/slf4j/jul-to-slf4j/1.7.30/jul-to-slf4j-1.7.30.jar:/home/user/.m2/repository/org/eclipse/jetty/jetty-util/9.4.34.v20201102/jetty-util-9.4.34.v20201102.jar:/home/user/.m2/repository/com/fasterxml/jackson/core/jackson-databind/2.10.3/jackson-databind-2.10.3.jar:/home/user/.m2/repository/org/apache/hadoop/hadoop-kms/3.2.1/hadoop-kms-3.2.1-tests.jar:/home/user/.m2/repository/org/apache/hadoop/hadoop-hdds-server-scm/1.1.0-SNAPSHOT/hadoop-hdds-server-scm-1.1.0-SNAPSHOT-tests.jar:/home/user/.m2/repository/org/apache/hadoop/hadoop-hdds-container-service/1.1.0-SNAPSHOT/hadoop-hdds-container-service-1.1.0-SNAPSHOT-tests.jar:/home/user/.m2/repository/commons-codec/commons-codec/1.11/commons-codec-1.11.jar:/home/user/.m2/repository/org/apache/hadoop/hadoop-hdds-hadoop-dependency-test/1.1.0-SNAPSHOT/hadoop-hdds-hadoop-dependency-test-1.1.0-SNAPSHOT.jar:/home/user/.m2/repository/org/apache/hadoop/hadoop-common/3.2.1/hadoop-common-3.2.1-tests.jar:/home/user/.m2/repository/org/apache/hadoop/hadoop-hdfs/3.2.1/hadoop-hdfs-3.2.1-tests.jar:/home/user/.m2/repository/org/eclipse/jetty/jetty-util-ajax/9.4.34.v20201102/jetty-util-ajax-9.4.34.v20201102.jar:/home/user/.m2/repository/commons-daemon/commons-daemon/1.0.13/commons-daemon-1.0.13.jar:/home/user/.m2/repository/io/netty/netty/3.10.5.Final/netty-3.10.5.Final.jar:/home/user/.m2/repository/io/netty/netty-all/4.1.48.Final/netty-all-4.1.48.Final.jar:/home/user/.m2/repository/org/apache/htrace/htrace-core4/4.1.0-incubating/htrace-core4-4.1.0-incubating.jar:/home/user/.m2/repository/org/apache/hadoop/hadoop-distcp/3.2.1/hadoop-distcp-3.2.1.jar:/home/user/.m2/repository/org/apache/hadoop/hadoop-mapreduce-client-jobclient/3.2.1/hadoop-mapreduce-client-jobclient-3.2.1.jar:/home/user/.m2/repository/org/apache/hadoop/hadoop-mapreduce-client-common/3.2.1/hadoop-mapreduce-client-common-3.2.1.jar:/home/user/.m2/repository/org/apache/hadoop/hadoop-yarn-common/3.2.1/hadoop-yarn-common-3.2.1.jar:/home/user/.m2/repository/org/apache/hadoop/hadoop-yarn-api/3.2.1/hadoop-yarn-api-3.2.1.jar:/home/user/.m2/repository/com/sun/jersey/jersey-client/1.19/jersey-client-1.19.jar:/home/user/.m2/repository/com/sun/jersey/contribs/jersey-guice/1.19/jersey-guice-1.19.jar:/home/user/.m2/repository/com/fasterxml/jackson/jaxrs/jackson-jaxrs-json-provider/2.10.3/jackson-jaxrs-json-provider-2.10.3.jar:/home/user/.m2/repository/com/fasterxml/jackson/jaxrs/jackson-jaxrs-base/2.10.3/jackson-jaxrs-base-2.10.3.jar:/home/user/.m2/repository/org/apache/hadoop/hadoop-yarn-client/3.2.1/hadoop-yarn-client-3.2.1.jar:/home/user/.m2/repository/org/apache/hadoop/hadoop-mapreduce-client-core/3.2.1/hadoop-mapreduce-client-core-3.2.1.jar:/home/user/.m2/repository/org/apache/avro/avro/1.7.7/avro-1.7.7.jar:/home/user/.m2/repository/org/codehaus/jackson/jackson-core-asl/1.9.13/jackson-core-asl-1.9.13.jar:/home/user/.m2/repository/org/codehaus/jackson/jackson-mapper-asl/1.9.13/jackson-mapper-asl-1.9.13.jar:/home/user/.m2/repository/com/thoughtworks/paranamer/paranamer/2.3/paranamer-2.3.jar:/home/user/.m2/repository/org/xerial/snappy/snappy-java/1.0.5/snappy-java-1.0.5.jar:/home/user/.m2/repository/org/apache/hadoop/hadoop-annotations/3.2.1/hadoop-annotations-3.2.1.jar:/usr/lib/jvm/java-1.8.0-openjdk-1.8.0.232.b09-0.el7_7.x86_64/jre/../lib/tools.jar:/home/user/.m2/repository/org/apache/hadoop/hadoop-distcp/3.2.1/hadoop-distcp-3.2.1-tests.jar:"/>
    <property name="sun.cpu.endian" value="little"/>
    <property name="user.home" value="/home/user"/>
    <property name="user.language" value="en"/>
    <property name="java.specification.vendor" value="Oracle Corporation"/>
    <property name="java.home" value="/usr/lib/jvm/java-1.8.0-openjdk-1.8.0.232.b09-0.el7_7.x86_64/jre"/>
    <property name="java.security.krb5.conf" value="/github/workspace/mnt/ozone/hadoop-ozone/integration-test/target/test-classes/krb5.conf"/>
    <property name="basedir" value="/github/workspace/mnt/ozone/hadoop-ozone/integration-test"/>
    <property name="file.separator" value="/"/>
    <property name="line.separator" value="&#10;"/>
    <property name="java.vm.specification.vendor" value="Oracle Corporation"/>
    <property name="java.specification.name" value="Java Platform API Specification"/>
    <property name="java.awt.graphicsenv" value="sun.awt.X11GraphicsEnvironment"/>
    <property name="skip.installnpx" value="true"/>
    <property name="surefire.real.class.path" value="/github/workspace/mnt/ozone/hadoop-ozone/integration-test/target/surefire/surefirebooter4102004074454814499.jar:/home/user/.m2/repository/org/jacoco/org.jacoco.agent/0.8.5/org.jacoco.agent-0.8.5-runtime.jar"/>
    <property name="hadoop.log.dir" value="/github/workspace/mnt/ozone/hadoop-ozone/integration-test/target/log"/>
    <property name="sun.boot.class.path" value="/usr/lib/jvm/java-1.8.0-openjdk-1.8.0.232.b09-0.el7_7.x86_64/jre/lib/resources.jar:/usr/lib/jvm/java-1.8.0-openjdk-1.8.0.232.b09-0.el7_7.x86_64/jre/lib/rt.jar:/usr/lib/jvm/java-1.8.0-openjdk-1.8.0.232.b09-0.el7_7.x86_64/jre/lib/sunrsasign.jar:/usr/lib/jvm/java-1.8.0-openjdk-1.8.0.232.b09-0.el7_7.x86_64/jre/lib/jsse.jar:/usr/lib/jvm/java-1.8.0-openjdk-1.8.0.232.b09-0.el7_7.x86_64/jre/lib/jce.jar:/usr/lib/jvm/java-1.8.0-openjdk-1.8.0.232.b09-0.el7_7.x86_64/jre/lib/charsets.jar:/usr/lib/jvm/java-1.8.0-openjdk-1.8.0.232.b09-0.el7_7.x86_64/jre/lib/jfr.jar:/usr/lib/jvm/java-1.8.0-openjdk-1.8.0.232.b09-0.el7_7.x86_64/jre/classes"/>
    <property name="sun.management.compiler" value="HotSpot 64-Bit Tiered Compilers"/>
    <property name="skip.npx" value="true"/>
    <property name="java.runtime.version" value="1.8.0_232-b09"/>
    <property name="java.net.preferIPv4Stack" value="true"/>
    <property name="user.name" value="jenkins1001"/>
    <property name="path.separator" value=":"/>
    <property name="java.security.egd" value="file:///dev/urandom"/>
    <property name="os.version" value="5.4.0-1032-azure"/>
    <property name="java.endorsed.dirs" value="/usr/lib/jvm/java-1.8.0-openjdk-1.8.0.232.b09-0.el7_7.x86_64/jre/lib/endorsed"/>
    <property name="java.runtime.name" value="OpenJDK Runtime Environment"/>
    <property name="file.encoding" value="ANSI_X3.4-1968"/>
    <property name="java.vm.name" value="OpenJDK 64-Bit Server VM"/>
    <property name="test.build.webapps" value=""/>
    <property name="localRepository" value="/home/user/.m2/repository"/>
    <property name="java.vendor.url.bug" value="http://bugreport.sun.com/bugreport/"/>
    <property name="java.io.tmpdir" value="/tmp"/>
    <property name="require.test.libhadoop" value=""/>
    <property name="java.version" value="1.8.0_232"/>
    <property name="user.dir" value="/github/workspace/mnt/ozone/hadoop-ozone/integration-test"/>
    <property name="os.arch" value="amd64"/>
    <property name="java.vm.specification.name" value="Java Virtual Machine Specification"/>
    <property name="test.build.classes" value="/github/workspace/mnt/ozone/hadoop-ozone/integration-test/target/test-classes"/>
    <property name="java.awt.printerjob" value="sun.print.PSPrinterJob"/>
    <property name="sun.os.patch.level" value="unknown"/>
    <property name="hadoop.tmp.dir" value="/github/workspace/mnt/ozone/hadoop-ozone/integration-test/target/tmp"/>
    <property name="java.library.path" value="/usr/lib:/usr/java/packages/lib/amd64:/usr/lib64:/lib64:/lib:/usr/lib"/>
    <property name="java.vm.info" value="mixed mode"/>
    <property name="java.vendor" value="Oracle Corporation"/>
    <property name="java.vm.version" value="25.232-b09"/>
    <property name="java.ext.dirs" value="/usr/lib/jvm/java-1.8.0-openjdk-1.8.0.232.b09-0.el7_7.x86_64/jre/lib/ext:/usr/java/packages/lib/ext"/>
    <property name="sun.io.unicode.encoding" value="UnicodeLittle"/>
    <property name="java.class.version" value="52.0"/>
  </properties>
  <testcase name="testStoppedMaintenanceNodeTakesScmStateOnRestart" classname="org.apache.hadoop.ozone.scm.node.TestDecommissionAndMaintenance" time="45.924"/>
  <testcase name="testContainerIsReplicatedWhenAllNodesGotoMaintenance" classname="org.apache.hadoop.ozone.scm.node.TestDecommissionAndMaintenance" time="28.314">
    <failure message="expected:&lt;5&gt; but was:&lt;6&gt;" type="junit.framework.AssertionFailedError"><![CDATA[junit.framework.AssertionFailedError: expected:<5> but was:<6>
	at junit.framework.Assert.fail(Assert.java:57)
	at junit.framework.Assert.failNotEquals(Assert.java:329)
	at junit.framework.Assert.assertEquals(Assert.java:78)
	at junit.framework.Assert.assertEquals(Assert.java:234)
	at junit.framework.Assert.assertEquals(Assert.java:241)
	at junit.framework.TestCase.assertEquals(TestCase.java:409)
	at org.apache.hadoop.ozone.scm.node.TestDecommissionAndMaintenance.testContainerIsReplicatedWhenAllNodesGotoMaintenance(TestDecommissionAndMaintenance.java:394)
	at sun.reflect.NativeMethodAccessorImpl.invoke0(Native Method)
	at sun.reflect.NativeMethodAccessorImpl.invoke(NativeMethodAccessorImpl.java:62)
	at sun.reflect.DelegatingMethodAccessorImpl.invoke(DelegatingMethodAccessorImpl.java:43)
	at java.lang.reflect.Method.invoke(Method.java:498)
	at org.junit.runners.model.FrameworkMethod$1.runReflectiveCall(FrameworkMethod.java:47)
	at org.junit.internal.runners.model.ReflectiveCallable.run(ReflectiveCallable.java:12)
	at org.junit.runners.model.FrameworkMethod.invokeExplosively(FrameworkMethod.java:44)
	at org.junit.internal.runners.statements.InvokeMethod.evaluate(InvokeMethod.java:17)
	at org.junit.internal.runners.statements.RunBefores.evaluate(RunBefores.java:26)
	at org.junit.internal.runners.statements.RunAfters.evaluate(RunAfters.java:27)
	at org.junit.runners.ParentRunner.runLeaf(ParentRunner.java:271)
	at org.junit.runners.BlockJUnit4ClassRunner.runChild(BlockJUnit4ClassRunner.java:70)
	at org.junit.runners.BlockJUnit4ClassRunner.runChild(BlockJUnit4ClassRunner.java:50)
	at org.junit.runners.ParentRunner$3.run(ParentRunner.java:238)
	at org.junit.runners.ParentRunner$1.schedule(ParentRunner.java:63)
	at org.junit.runners.ParentRunner.runChildren(ParentRunner.java:236)
	at org.junit.runners.ParentRunner.access$000(ParentRunner.java:53)
	at org.junit.runners.ParentRunner$2.evaluate(ParentRunner.java:229)
	at org.junit.runners.ParentRunner.run(ParentRunner.java:309)
	at org.apache.maven.surefire.junit4.JUnit4Provider.execute(JUnit4Provider.java:365)
	at org.apache.maven.surefire.junit4.JUnit4Provider.executeWithRerun(JUnit4Provider.java:273)
	at org.apache.maven.surefire.junit4.JUnit4Provider.executeTestSet(JUnit4Provider.java:238)
	at org.apache.maven.surefire.junit4.JUnit4Provider.invoke(JUnit4Provider.java:159)
	at org.apache.maven.surefire.booter.ForkedBooter.invokeProviderInSameClassLoader(ForkedBooter.java:384)
	at org.apache.maven.surefire.booter.ForkedBooter.runSuitesInProcess(ForkedBooter.java:345)
	at org.apache.maven.surefire.booter.ForkedBooter.execute(ForkedBooter.java:126)
	at org.apache.maven.surefire.booter.ForkedBooter.main(ForkedBooter.java:418)
]]></failure>
    <system-out><![CDATA[2020-12-28 13:48:27,166 [Listener at 127.0.0.1/36405] WARN  server.ServerUtils (ServerUtils.java:getScmDbDir(148)) - ozone.scm.db.dirs is not configured. We recommend adding this setting. Falling back to ozone.metadata.dirs instead.
2020-12-28 13:48:27,167 [Listener at 127.0.0.1/36405] WARN  server.ServerUtils (ServerUtils.java:getScmDbDir(148)) - ozone.scm.db.dirs is not configured. We recommend adding this setting. Falling back to ozone.metadata.dirs instead.
2020-12-28 13:48:27,168 [Listener at 127.0.0.1/36405] WARN  db.DBStoreBuilder (DBStoreBuilder.java:applyDBDefinition(145)) - ozone.scm.db.dirs is not configured. We recommend adding this setting. Falling back to ozone.metadata.dirs instead.
2020-12-28 13:48:27,191 [Listener at 127.0.0.1/36405] INFO  net.NodeSchemaLoader (NodeSchemaLoader.java:loadSchemaFromFile(126)) - Loading file from sun.misc.CompoundEnumeration@66716c60
2020-12-28 13:48:27,192 [Listener at 127.0.0.1/36405] INFO  net.NodeSchemaLoader (NodeSchemaLoader.java:loadSchema(172)) - Loading network topology layer schema file
2020-12-28 13:48:27,194 [Listener at 127.0.0.1/36405] INFO  node.SCMNodeManager (SCMNodeManager.java:<init>(123)) - Entering startup safe mode.
2020-12-28 13:48:27,195 [Listener at 127.0.0.1/36405] INFO  algorithms.ContainerPlacementPolicyFactory (ContainerPlacementPolicyFactory.java:getPolicy(60)) - Create container placement policy of type org.apache.hadoop.hdds.scm.container.placement.algorithms.SCMContainerPlacementRandom
2020-12-28 13:48:27,195 [Listener at 127.0.0.1/36405] INFO  algorithms.LeaderChoosePolicyFactory (LeaderChoosePolicyFactory.java:getPolicy(57)) - Create leader choose policy of type org.apache.hadoop.hdds.scm.pipeline.leader.choose.algorithms.DefaultLeaderChoosePolicy
2020-12-28 13:48:27,195 [Listener at 127.0.0.1/36405] INFO  pipeline.SCMPipelineManager (SCMPipelineManager.java:initializePipelineState(161)) - No pipeline exists in current db
2020-12-28 13:48:27,196 [Listener at 127.0.0.1/36405] INFO  algorithms.PipelineChoosePolicyFactory (PipelineChoosePolicyFactory.java:createPipelineChoosePolicyFromClass(75)) - Create pipeline choose policy of type org.apache.hadoop.hdds.scm.pipeline.choose.algorithms.RandomPipelineChoosePolicy
2020-12-28 13:48:27,197 [Listener at 127.0.0.1/36405] INFO  safemode.HealthyPipelineSafeModeRule (HealthyPipelineSafeModeRule.java:<init>(89)) - Total pipeline count is 0, healthy pipeline threshold count is 0
2020-12-28 13:48:27,197 [Listener at 127.0.0.1/36405] INFO  safemode.OneReplicaPipelineSafeModeRule (OneReplicaPipelineSafeModeRule.java:<init>(84)) - Total pipeline count is 0, pipeline's with at least one datanode reported threshold count is 0
2020-12-28 13:48:27,198 [Listener at 127.0.0.1/36405] INFO  ipc.CallQueueManager (CallQueueManager.java:<init>(84)) - Using callQueue: class java.util.concurrent.LinkedBlockingQueue, queueCapacity: 2000, scheduler: class org.apache.hadoop.ipc.DefaultRpcScheduler, ipcBackoff: false.
2020-12-28 13:48:27,198 [Socket Reader #1 for port 0] INFO  ipc.Server (Server.java:run(1219)) - Starting Socket Reader #1 for port 0
2020-12-28 13:48:27,199 [Listener at 0.0.0.0/37861] INFO  ipc.CallQueueManager (CallQueueManager.java:<init>(84)) - Using callQueue: class java.util.concurrent.LinkedBlockingQueue, queueCapacity: 2000, scheduler: class org.apache.hadoop.ipc.DefaultRpcScheduler, ipcBackoff: false.
2020-12-28 13:48:27,199 [Socket Reader #1 for port 0] INFO  ipc.Server (Server.java:run(1219)) - Starting Socket Reader #1 for port 0
2020-12-28 13:48:27,206 [Listener at 0.0.0.0/39645] INFO  ipc.CallQueueManager (CallQueueManager.java:<init>(84)) - Using callQueue: class java.util.concurrent.LinkedBlockingQueue, queueCapacity: 2000, scheduler: class org.apache.hadoop.ipc.DefaultRpcScheduler, ipcBackoff: false.
2020-12-28 13:48:27,207 [Socket Reader #1 for port 0] INFO  ipc.Server (Server.java:run(1219)) - Starting Socket Reader #1 for port 0
2020-12-28 13:48:27,211 [Listener at 0.0.0.0/42649] INFO  http.BaseHttpServer (BaseHttpServer.java:newHttpServer2BuilderForOzone(207)) - Starting Web-server for scm at: http://0.0.0.0:0
2020-12-28 13:48:27,211 [Listener at 0.0.0.0/42649] INFO  http.BaseHttpServer (BaseHttpServer.java:<init>(106)) - Hadoop Security Enabled: false Ozone Security Enabled: false Ozone HTTP Security Enabled: false 
2020-12-28 13:48:27,212 [Listener at 0.0.0.0/42649] INFO  server.AuthenticationFilter (AuthenticationFilter.java:constructSecretProvider(240)) - Unable to initialize FileSignerSecretProvider, falling back to use random secrets.
2020-12-28 13:48:27,213 [Listener at 0.0.0.0/42649] WARN  http.HttpRequestLog (HttpRequestLog.java:getRequestLog(103)) - Jetty request log can only be enabled using Log4j
2020-12-28 13:48:27,214 [Listener at 0.0.0.0/42649] INFO  http.HttpServer2 (HttpServer2.java:addGlobalFilter(1020)) - Added global filter 'safety' (class=org.apache.hadoop.hdds.server.http.HttpServer2$QuotingInputFilter)
2020-12-28 13:48:27,215 [Listener at 0.0.0.0/42649] INFO  http.HttpServer2 (HttpServer2.java:addFilter(996)) - Added filter static_user_filter (class=org.apache.hadoop.http.lib.StaticUserWebFilter$StaticUserFilter) to context scm
2020-12-28 13:48:27,215 [Listener at 0.0.0.0/42649] INFO  http.HttpServer2 (HttpServer2.java:addFilter(1004)) - Added filter static_user_filter (class=org.apache.hadoop.http.lib.StaticUserWebFilter$StaticUserFilter) to context logs
2020-12-28 13:48:27,215 [Listener at 0.0.0.0/42649] INFO  http.HttpServer2 (HttpServer2.java:addFilter(1004)) - Added filter static_user_filter (class=org.apache.hadoop.http.lib.StaticUserWebFilter$StaticUserFilter) to context static
2020-12-28 13:48:27,217 [Listener at 0.0.0.0/42649] INFO  server.StorageContainerManager (StorageContainerManager.java:start(789)) - StorageContainerLocationProtocol RPC server is listening at /0.0.0.0:42649
2020-12-28 13:48:27,219 [Listener at 0.0.0.0/42649] WARN  impl.MetricsConfig (MetricsConfig.java:loadFirst(134)) - Cannot locate configuration: tried hadoop-metrics2-storagecontainermanager.properties,hadoop-metrics2.properties
2020-12-28 13:48:27,219 [Listener at 0.0.0.0/42649] INFO  impl.MetricsSystemImpl (MetricsSystemImpl.java:startTimer(374)) - Scheduled Metric snapshot period at 10 second(s).
2020-12-28 13:48:27,219 [Listener at 0.0.0.0/42649] INFO  impl.MetricsSystemImpl (MetricsSystemImpl.java:start(191)) - StorageContainerManager metrics system started
2020-12-28 13:48:27,227 [Listener at 0.0.0.0/42649] WARN  impl.MetricsSystemImpl (MetricsSystemImpl.java:register(276)) - Sink prometheus already exists!
2020-12-28 13:48:27,242 [Listener at 0.0.0.0/42649] INFO  server.SCMClientProtocolServer (SCMClientProtocolServer.java:start(159)) - RPC server for Client  is listening at /0.0.0.0:42649
2020-12-28 13:48:27,242 [IPC Server Responder] INFO  ipc.Server (Server.java:run(1460)) - IPC Server Responder: starting
2020-12-28 13:48:27,242 [IPC Server listener on 0] INFO  ipc.Server (Server.java:run(1298)) - IPC Server listener on 0: starting
2020-12-28 13:48:27,255 [Listener at 0.0.0.0/42649] INFO  server.StorageContainerManager (StorageContainerManager.java:start(801)) - ScmBlockLocationProtocol RPC server is listening at /0.0.0.0:39645
2020-12-28 13:48:27,256 [Listener at 0.0.0.0/42649] INFO  server.SCMBlockProtocolServer (SCMBlockProtocolServer.java:start(150)) - RPC server for Block Protocol is listening at /0.0.0.0:39645
2020-12-28 13:48:27,256 [IPC Server Responder] INFO  ipc.Server (Server.java:run(1460)) - IPC Server Responder: starting
2020-12-28 13:48:27,256 [IPC Server listener on 0] INFO  ipc.Server (Server.java:run(1298)) - IPC Server listener on 0: starting
2020-12-28 13:48:27,263 [Listener at 0.0.0.0/42649] INFO  server.StorageContainerManager (StorageContainerManager.java:start(807)) - ScmDatanodeProtocl RPC server is listening at /0.0.0.0:37861
2020-12-28 13:48:27,263 [Listener at 0.0.0.0/42649] INFO  server.SCMDatanodeProtocolServer (SCMDatanodeProtocolServer.java:start(174)) - RPC server for DataNodes is listening at /0.0.0.0:37861
2020-12-28 13:48:27,263 [IPC Server Responder] INFO  ipc.Server (Server.java:run(1460)) - IPC Server Responder: starting
2020-12-28 13:48:27,267 [IPC Server listener on 0] INFO  ipc.Server (Server.java:run(1298)) - IPC Server listener on 0: starting
2020-12-28 13:48:27,278 [Listener at 0.0.0.0/42649] INFO  http.HttpServer2 (HttpServer2.java:bindListener(1238)) - Jetty bound to port 45965
2020-12-28 13:48:27,278 [Listener at 0.0.0.0/42649] INFO  server.Server (Server.java:doStart(375)) - jetty-9.4.34.v20201102; built: 2020-11-02T14:15:39.302Z; git: e46af88704a893fc12cb0e3bf46e2c7b48a009e7; jvm 1.8.0_232-b09
2020-12-28 13:48:27,279 [Listener at 0.0.0.0/42649] INFO  server.session (DefaultSessionIdManager.java:doStart(334)) - DefaultSessionIdManager workerName=node0
2020-12-28 13:48:27,279 [Listener at 0.0.0.0/42649] INFO  server.session (DefaultSessionIdManager.java:doStart(339)) - No SessionScavenger set, using defaults
2020-12-28 13:48:27,279 [Listener at 0.0.0.0/42649] INFO  server.session (HouseKeeper.java:startScavenging(132)) - node0 Scavenging every 600000ms
2020-12-28 13:48:27,280 [Listener at 0.0.0.0/42649] INFO  handler.ContextHandler (ContextHandler.java:doStart(916)) - Started o.e.j.s.ServletContextHandler@559ac87f{logs,/logs,file:///github/workspace/mnt/ozone/hadoop-ozone/integration-test/target/log,AVAILABLE}
2020-12-28 13:48:27,280 [Listener at 0.0.0.0/42649] INFO  handler.ContextHandler (ContextHandler.java:doStart(916)) - Started o.e.j.s.ServletContextHandler@64bcd98a{static,/static,file:///github/workspace/mnt/ozone/hadoop-ozone/integration-test/target/test-classes/webapps/static,AVAILABLE}
2020-12-28 13:48:27,283 [Listener at 0.0.0.0/42649] INFO  handler.ContextHandler (ContextHandler.java:doStart(916)) - Started o.e.j.w.WebAppContext@19b019a6{scm,/,file:///github/workspace/mnt/ozone/hadoop-ozone/integration-test/target/test-classes/webapps/scm/,AVAILABLE}{file:/github/workspace/mnt/ozone/hadoop-ozone/integration-test/target/test-classes/webapps/scm}
2020-12-28 13:48:27,284 [Listener at 0.0.0.0/42649] INFO  server.AbstractConnector (AbstractConnector.java:doStart(331)) - Started ServerConnector@2c3f9229{HTTP/1.1, (http/1.1)}{0.0.0.0:45965}
2020-12-28 13:48:27,284 [Listener at 0.0.0.0/42649] INFO  server.Server (Server.java:doStart(415)) - Started @46822ms
2020-12-28 13:48:27,284 [Listener at 0.0.0.0/42649] WARN  impl.MetricsSystemImpl (MetricsSystemImpl.java:register(276)) - Sink prometheus already exists!
2020-12-28 13:48:27,287 [Listener at 0.0.0.0/42649] INFO  http.BaseHttpServer (BaseHttpServer.java:updateConnectorAddress(327)) - HTTP server of scm listening at http://0.0.0.0:45965
2020-12-28 13:48:27,288 [Listener at 0.0.0.0/42649] WARN  server.ServerUtils (ServerUtils.java:getDBPath(225)) - ozone.om.db.dirs is not configured. We recommend adding this setting. Falling back to ozone.metadata.dirs instead.
2020-12-28 13:48:27,288 [org.apache.hadoop.util.JvmPauseMonitor$Monitor@1571a63a] INFO  util.JvmPauseMonitor (JvmPauseMonitor.java:run(188)) - Starting JVM pause monitor
2020-12-28 13:48:27,292 [Listener at 0.0.0.0/42649] INFO  ha.OMHANodeDetails (OMHANodeDetails.java:loadOMHAConfig(104)) - ozone.om.internal.service.id is not defined, falling back to ozone.om.service.ids to find serviceID for OzoneManager if it is HA enabled cluster
2020-12-28 13:48:27,292 [Listener at 0.0.0.0/42649] INFO  ha.OMHANodeDetails (OMHANodeDetails.java:loadOMHAConfig(213)) - Configuration either no ozone.om.address set. Falling back to the default OM address /127.0.0.1:0
2020-12-28 13:48:27,292 [Listener at 0.0.0.0/42649] INFO  ha.OMHANodeDetails (OMHANodeDetails.java:getOMNodeDetails(241)) - OM Service ID is not set. Setting it to the default ID: omServiceIdDefault
2020-12-28 13:48:27,293 [Listener at 0.0.0.0/42649] WARN  server.ServerUtils (ServerUtils.java:getDBPath(225)) - ozone.om.db.dirs is not configured. We recommend adding this setting. Falling back to ozone.metadata.dirs instead.
2020-12-28 13:48:27,293 [Listener at 0.0.0.0/42649] WARN  server.ServerUtils (ServerUtils.java:getDBPath(225)) - ozone.om.db.dirs is not configured. We recommend adding this setting. Falling back to ozone.metadata.dirs instead.
2020-12-28 13:48:27,298 [Listener at 0.0.0.0/42649] WARN  server.ServerUtils (ServerUtils.java:getDBPath(225)) - ozone.om.db.dirs is not configured. We recommend adding this setting. Falling back to ozone.metadata.dirs instead.
2020-12-28 13:48:27,299 [Listener at 0.0.0.0/42649] INFO  codec.OmKeyInfoCodec (OmKeyInfoCodec.java:<init>(41)) - OmKeyInfoCodec ignorePipeline = true
2020-12-28 13:48:27,299 [Listener at 0.0.0.0/42649] INFO  codec.RepeatedOmKeyInfoCodec (RepeatedOmKeyInfoCodec.java:<init>(40)) - RepeatedOmKeyInfoCodec ignorePipeline = true
2020-12-28 13:48:27,347 [Listener at 0.0.0.0/42649] INFO  om.OzoneManager (OzoneManager.java:addS3GVolumeToDB(3753)) - Created Volume s3v With Owner jenkins1001 required for S3Gateway operations.
2020-12-28 13:48:27,348 [Listener at 0.0.0.0/42649] INFO  ipc.CallQueueManager (CallQueueManager.java:<init>(84)) - Using callQueue: class java.util.concurrent.LinkedBlockingQueue, queueCapacity: 2000, scheduler: class org.apache.hadoop.ipc.DefaultRpcScheduler, ipcBackoff: false.
2020-12-28 13:48:27,348 [Socket Reader #1 for port 0] INFO  ipc.Server (Server.java:run(1219)) - Starting Socket Reader #1 for port 0
2020-12-28 13:48:27,363 [Listener at 127.0.0.1/45143] INFO  impl.MetricsSystemImpl (MetricsSystemImpl.java:init(158)) - OzoneManager metrics system started (again)
2020-12-28 13:48:27,365 [Listener at 127.0.0.1/45143] INFO  om.OzoneManager (OzoneManager.java:start(1161)) - OzoneManager RPC server is listening at localhost/127.0.0.1:45143
2020-12-28 13:48:27,369 [Listener at 127.0.0.1/45143] INFO  http.BaseHttpServer (BaseHttpServer.java:newHttpServer2BuilderForOzone(207)) - Starting Web-server for ozoneManager at: http://0.0.0.0:0
2020-12-28 13:48:27,369 [Listener at 127.0.0.1/45143] INFO  http.BaseHttpServer (BaseHttpServer.java:<init>(106)) - Hadoop Security Enabled: false Ozone Security Enabled: false Ozone HTTP Security Enabled: false 
2020-12-28 13:48:27,370 [Listener at 127.0.0.1/45143] INFO  server.AuthenticationFilter (AuthenticationFilter.java:constructSecretProvider(240)) - Unable to initialize FileSignerSecretProvider, falling back to use random secrets.
2020-12-28 13:48:27,371 [Listener at 127.0.0.1/45143] WARN  http.HttpRequestLog (HttpRequestLog.java:getRequestLog(103)) - Jetty request log can only be enabled using Log4j
2020-12-28 13:48:27,371 [Listener at 127.0.0.1/45143] INFO  http.HttpServer2 (HttpServer2.java:addGlobalFilter(1020)) - Added global filter 'safety' (class=org.apache.hadoop.hdds.server.http.HttpServer2$QuotingInputFilter)
2020-12-28 13:48:27,372 [Listener at 127.0.0.1/45143] INFO  http.HttpServer2 (HttpServer2.java:addFilter(996)) - Added filter static_user_filter (class=org.apache.hadoop.http.lib.StaticUserWebFilter$StaticUserFilter) to context ozoneManager
2020-12-28 13:48:27,372 [Listener at 127.0.0.1/45143] INFO  http.HttpServer2 (HttpServer2.java:addFilter(1004)) - Added filter static_user_filter (class=org.apache.hadoop.http.lib.StaticUserWebFilter$StaticUserFilter) to context static
2020-12-28 13:48:27,372 [Listener at 127.0.0.1/45143] INFO  http.HttpServer2 (HttpServer2.java:addFilter(1004)) - Added filter static_user_filter (class=org.apache.hadoop.http.lib.StaticUserWebFilter$StaticUserFilter) to context logs
2020-12-28 13:48:27,372 [Listener at 127.0.0.1/45143] INFO  http.HttpServer2 (HttpServer2.java:bindListener(1238)) - Jetty bound to port 46131
2020-12-28 13:48:27,373 [Listener at 127.0.0.1/45143] INFO  server.Server (Server.java:doStart(375)) - jetty-9.4.34.v20201102; built: 2020-11-02T14:15:39.302Z; git: e46af88704a893fc12cb0e3bf46e2c7b48a009e7; jvm 1.8.0_232-b09
2020-12-28 13:48:27,373 [Listener at 127.0.0.1/45143] INFO  server.session (DefaultSessionIdManager.java:doStart(334)) - DefaultSessionIdManager workerName=node0
2020-12-28 13:48:27,374 [Listener at 127.0.0.1/45143] INFO  server.session (DefaultSessionIdManager.java:doStart(339)) - No SessionScavenger set, using defaults
2020-12-28 13:48:27,374 [Listener at 127.0.0.1/45143] INFO  server.session (HouseKeeper.java:startScavenging(132)) - node0 Scavenging every 660000ms
2020-12-28 13:48:27,374 [Listener at 127.0.0.1/45143] INFO  handler.ContextHandler (ContextHandler.java:doStart(916)) - Started o.e.j.s.ServletContextHandler@62e9a6cc{logs,/logs,file:///github/workspace/mnt/ozone/hadoop-ozone/integration-test/target/log,AVAILABLE}
2020-12-28 13:48:27,374 [Listener at 127.0.0.1/45143] INFO  handler.ContextHandler (ContextHandler.java:doStart(916)) - Started o.e.j.s.ServletContextHandler@723fadfe{static,/static,file:///github/workspace/mnt/ozone/hadoop-ozone/integration-test/target/test-classes/webapps/static,AVAILABLE}
2020-12-28 13:48:27,377 [Listener at 127.0.0.1/45143] INFO  handler.ContextHandler (ContextHandler.java:doStart(916)) - Started o.e.j.w.WebAppContext@4d6cdebb{ozoneManager,/,file:///github/workspace/mnt/ozone/hadoop-ozone/integration-test/target/test-classes/webapps/ozoneManager/,AVAILABLE}{file:/github/workspace/mnt/ozone/hadoop-ozone/integration-test/target/test-classes/webapps/ozoneManager}
2020-12-28 13:48:27,377 [Listener at 127.0.0.1/45143] INFO  server.AbstractConnector (AbstractConnector.java:doStart(331)) - Started ServerConnector@591ad4b3{HTTP/1.1, (http/1.1)}{0.0.0.0:46131}
2020-12-28 13:48:27,377 [Listener at 127.0.0.1/45143] INFO  server.Server (Server.java:doStart(415)) - Started @46915ms
2020-12-28 13:48:27,377 [Listener at 127.0.0.1/45143] WARN  impl.MetricsSystemImpl (MetricsSystemImpl.java:register(276)) - Sink prometheus already exists!
2020-12-28 13:48:27,380 [Listener at 127.0.0.1/45143] INFO  http.BaseHttpServer (BaseHttpServer.java:updateConnectorAddress(327)) - HTTP server of ozoneManager listening at http://0.0.0.0:46131
2020-12-28 13:48:27,380 [IPC Server Responder] INFO  ipc.Server (Server.java:run(1460)) - IPC Server Responder: starting
2020-12-28 13:48:27,384 [IPC Server listener on 0] INFO  ipc.Server (Server.java:run(1298)) - IPC Server listener on 0: starting
2020-12-28 13:48:27,392 [Listener at 127.0.0.1/45143] INFO  om.OzoneManager (OzoneManager.java:startTrashEmptier(1282)) - Trash Interval set to 0. Files deleted will not move to trash
2020-12-28 13:48:27,393 [org.apache.hadoop.util.JvmPauseMonitor$Monitor@7d89a1ce] INFO  util.JvmPauseMonitor (JvmPauseMonitor.java:run(188)) - Starting JVM pause monitor
2020-12-28 13:48:27,406 [Listener at 127.0.0.1/45143] INFO  impl.MetricsSystemImpl (MetricsSystemImpl.java:init(158)) - HddsDatanode metrics system started (again)
2020-12-28 13:48:27,407 [Listener at 127.0.0.1/45143] INFO  ozone.HddsDatanodeService (HddsDatanodeService.java:start(217)) - HddsDatanodeService host:10028447f7ab ip:172.17.0.2
2020-12-28 13:48:27,408 [Listener at 127.0.0.1/45143] INFO  volume.HddsVolume (HddsVolume.java:<init>(176)) - Creating Volume: /github/workspace/mnt/ozone/hadoop-ozone/integration-test/target/test-dir/MiniOzoneClusterImpl-bdf594c0-931e-4198-806f-06e591ff76c3/datanode-0/data-0/containers/hdds of storage type : DISK and capacity : 9223372036854775807
2020-12-28 13:48:27,408 [Listener at 127.0.0.1/45143] INFO  volume.MutableVolumeSet (MutableVolumeSet.java:initializeVolumeSet(179)) - Added Volume : /github/workspace/mnt/ozone/hadoop-ozone/integration-test/target/test-dir/MiniOzoneClusterImpl-bdf594c0-931e-4198-806f-06e591ff76c3/datanode-0/data-0/containers/hdds to VolumeSet
2020-12-28 13:48:27,408 [Listener at 127.0.0.1/45143] INFO  volume.ThrottledAsyncChecker (ThrottledAsyncChecker.java:schedule(141)) - Scheduling a check for /github/workspace/mnt/ozone/hadoop-ozone/integration-test/target/test-dir/MiniOzoneClusterImpl-bdf594c0-931e-4198-806f-06e591ff76c3/datanode-0/data-0/containers/hdds
2020-12-28 13:48:27,408 [Listener at 127.0.0.1/45143] INFO  volume.HddsVolumeChecker (HddsVolumeChecker.java:checkAllVolumes(200)) - Scheduled health check for volume /github/workspace/mnt/ozone/hadoop-ozone/integration-test/target/test-dir/MiniOzoneClusterImpl-bdf594c0-931e-4198-806f-06e591ff76c3/datanode-0/data-0/containers/hdds
2020-12-28 13:48:27,421 [Thread-717] INFO  ozoneimpl.ContainerReader (ContainerReader.java:readVolume(123)) - Start to verify containers on volume /github/workspace/mnt/ozone/hadoop-ozone/integration-test/target/test-dir/MiniOzoneClusterImpl-bdf594c0-931e-4198-806f-06e591ff76c3/datanode-0/data-0/containers/hdds
2020-12-28 13:48:27,421 [Thread-717] INFO  ozoneimpl.ContainerReader (ContainerReader.java:readVolume(148)) - Finish verifying containers on volume /github/workspace/mnt/ozone/hadoop-ozone/integration-test/target/test-dir/MiniOzoneClusterImpl-bdf594c0-931e-4198-806f-06e591ff76c3/datanode-0/data-0/containers/hdds
2020-12-28 13:48:27,421 [Listener at 127.0.0.1/45143] INFO  ozoneimpl.OzoneContainer (OzoneContainer.java:buildContainerSet(194)) - Build ContainerSet costs 0s
2020-12-28 13:48:27,423 [Listener at 127.0.0.1/45143] INFO  server.RaftServer (ConfUtils.java:logGet(44)) - raft.rpc.type = GRPC (default)
2020-12-28 13:48:27,423 [Listener at 127.0.0.1/45143] INFO  grpc.GrpcFactory (GrpcFactory.java:checkPooledByteBufAllocatorUseCacheForAllThreads(48)) - PERFORMANCE WARNING: useCacheForAllThreads is true that may cause Netty to create a lot garbage objects and, as a result, trigger GC.
	It is recommended to disable useCacheForAllThreads by setting -Dorg.apache.ratis.thirdparty.io.netty.allocator.useCacheForAllThreads=false in command line.
2020-12-28 13:48:27,423 [Listener at 127.0.0.1/45143] INFO  grpc.GrpcConfigKeys (ConfUtils.java:logGet(44)) - raft.grpc.server.port = 0 (default)
2020-12-28 13:48:27,423 [Listener at 127.0.0.1/45143] INFO  server.GrpcService (ConfUtils.java:logGet(44)) - raft.grpc.message.size.max = 32MB (=33554432) (custom)
2020-12-28 13:48:27,423 [Listener at 127.0.0.1/45143] INFO  server.RaftServerConfigKeys (ConfUtils.java:logGet(44)) - raft.server.log.appender.buffer.byte-limit = 33554432 (custom)
2020-12-28 13:48:27,424 [Listener at 127.0.0.1/45143] INFO  server.GrpcService (ConfUtils.java:logGet(44)) - raft.grpc.flow.control.window = 5MB (=5242880) (custom)
2020-12-28 13:48:27,424 [Listener at 127.0.0.1/45143] INFO  server.RaftServerConfigKeys (ConfUtils.java:logGet(44)) - raft.server.rpc.request.timeout = 60s (custom)
2020-12-28 13:48:27,424 [Listener at 127.0.0.1/45143] INFO  impl.DataStreamServerImpl (ConfUtils.java:logGet(44)) - raft.datastream.type = DISABLED (default)
2020-12-28 13:48:27,425 [Listener at 127.0.0.1/45143] INFO  server.RaftServerConfigKeys (ConfUtils.java:logGet(44)) - raft.server.rpc.slowness.timeout = 300s (custom)
2020-12-28 13:48:27,425 [Listener at 127.0.0.1/45143] INFO  server.RaftServerConfigKeys (ConfUtils.java:logGet(44)) - raft.server.leaderelection.leader.step-down.wait-time = 10s (default)
2020-12-28 13:48:27,425 [Listener at 127.0.0.1/45143] INFO  server.RaftServerConfigKeys (ConfUtils.java:logGet(44)) - raft.server.storage.dir = [/github/workspace/mnt/ozone/hadoop-ozone/integration-test/target/test-dir/MiniOzoneClusterImpl-bdf594c0-931e-4198-806f-06e591ff76c3/datanode-0/data/ratis] (custom)
2020-12-28 13:48:27,429 [Listener at 127.0.0.1/45143] INFO  http.BaseHttpServer (BaseHttpServer.java:newHttpServer2BuilderForOzone(207)) - Starting Web-server for hddsDatanode at: http://0.0.0.0:0
2020-12-28 13:48:27,430 [Listener at 127.0.0.1/45143] INFO  http.BaseHttpServer (BaseHttpServer.java:<init>(106)) - Hadoop Security Enabled: false Ozone Security Enabled: false Ozone HTTP Security Enabled: false 
2020-12-28 13:48:27,430 [Listener at 127.0.0.1/45143] INFO  server.AuthenticationFilter (AuthenticationFilter.java:constructSecretProvider(240)) - Unable to initialize FileSignerSecretProvider, falling back to use random secrets.
2020-12-28 13:48:27,431 [Listener at 127.0.0.1/45143] WARN  http.HttpRequestLog (HttpRequestLog.java:getRequestLog(103)) - Jetty request log can only be enabled using Log4j
2020-12-28 13:48:27,431 [Listener at 127.0.0.1/45143] INFO  http.HttpServer2 (HttpServer2.java:addGlobalFilter(1020)) - Added global filter 'safety' (class=org.apache.hadoop.hdds.server.http.HttpServer2$QuotingInputFilter)
2020-12-28 13:48:27,432 [Listener at 127.0.0.1/45143] INFO  http.HttpServer2 (HttpServer2.java:addFilter(996)) - Added filter static_user_filter (class=org.apache.hadoop.http.lib.StaticUserWebFilter$StaticUserFilter) to context hddsDatanode
2020-12-28 13:48:27,432 [Listener at 127.0.0.1/45143] INFO  http.HttpServer2 (HttpServer2.java:addFilter(1004)) - Added filter static_user_filter (class=org.apache.hadoop.http.lib.StaticUserWebFilter$StaticUserFilter) to context static
2020-12-28 13:48:27,432 [Listener at 127.0.0.1/45143] INFO  http.HttpServer2 (HttpServer2.java:addFilter(1004)) - Added filter static_user_filter (class=org.apache.hadoop.http.lib.StaticUserWebFilter$StaticUserFilter) to context logs
2020-12-28 13:48:27,433 [Listener at 127.0.0.1/45143] INFO  http.HttpServer2 (HttpServer2.java:bindListener(1238)) - Jetty bound to port 36325
2020-12-28 13:48:27,433 [Listener at 127.0.0.1/45143] INFO  server.Server (Server.java:doStart(375)) - jetty-9.4.34.v20201102; built: 2020-11-02T14:15:39.302Z; git: e46af88704a893fc12cb0e3bf46e2c7b48a009e7; jvm 1.8.0_232-b09
2020-12-28 13:48:27,434 [Listener at 127.0.0.1/45143] INFO  server.session (DefaultSessionIdManager.java:doStart(334)) - DefaultSessionIdManager workerName=node0
2020-12-28 13:48:27,434 [Listener at 127.0.0.1/45143] INFO  server.session (DefaultSessionIdManager.java:doStart(339)) - No SessionScavenger set, using defaults
2020-12-28 13:48:27,434 [Listener at 127.0.0.1/45143] INFO  server.session (HouseKeeper.java:startScavenging(132)) - node0 Scavenging every 660000ms
2020-12-28 13:48:27,435 [Listener at 127.0.0.1/45143] INFO  handler.ContextHandler (ContextHandler.java:doStart(916)) - Started o.e.j.s.ServletContextHandler@46ead542{logs,/logs,file:///github/workspace/mnt/ozone/hadoop-ozone/integration-test/target/log,AVAILABLE}
2020-12-28 13:48:27,435 [Listener at 127.0.0.1/45143] INFO  handler.ContextHandler (ContextHandler.java:doStart(916)) - Started o.e.j.s.ServletContextHandler@6fd364a3{static,/static,jar:file:/home/user/.m2/repository/org/apache/hadoop/hadoop-hdds-container-service/1.1.0-SNAPSHOT/hadoop-hdds-container-service-1.1.0-SNAPSHOT.jar!/webapps/static,AVAILABLE}
2020-12-28 13:48:27,575 [Listener at 127.0.0.1/45143] INFO  handler.ContextHandler (ContextHandler.java:doStart(916)) - Started o.e.j.w.WebAppContext@3a99aa17{hddsDatanode,/,file:///tmp/jetty-0_0_0_0-36325-hadoop-hdds-container-service-1_1_0-SNAPSHOT_jar-_-any-3498259004385596319/webapp/,AVAILABLE}{jar:file:/home/user/.m2/repository/org/apache/hadoop/hadoop-hdds-container-service/1.1.0-SNAPSHOT/hadoop-hdds-container-service-1.1.0-SNAPSHOT.jar!/webapps/hddsDatanode}
2020-12-28 13:48:27,576 [Listener at 127.0.0.1/45143] INFO  server.AbstractConnector (AbstractConnector.java:doStart(331)) - Started ServerConnector@36eff8df{HTTP/1.1, (http/1.1)}{0.0.0.0:36325}
2020-12-28 13:48:27,576 [Listener at 127.0.0.1/45143] INFO  server.Server (Server.java:doStart(415)) - Started @47114ms
2020-12-28 13:48:27,577 [Listener at 127.0.0.1/45143] WARN  impl.MetricsSystemImpl (MetricsSystemImpl.java:register(276)) - Sink prometheus already exists!
2020-12-28 13:48:27,579 [Listener at 127.0.0.1/45143] INFO  http.BaseHttpServer (BaseHttpServer.java:updateConnectorAddress(327)) - HTTP server of hddsDatanode listening at http://0.0.0.0:36325
2020-12-28 13:48:27,580 [Listener at 127.0.0.1/45143] INFO  impl.MetricsSystemImpl (MetricsSystemImpl.java:init(158)) - HddsDatanode metrics system started (again)
2020-12-28 13:48:27,582 [Listener at 127.0.0.1/45143] INFO  ozone.HddsDatanodeService (HddsDatanodeService.java:start(217)) - HddsDatanodeService host:10028447f7ab ip:172.17.0.2
2020-12-28 13:48:27,585 [Listener at 127.0.0.1/45143] INFO  volume.HddsVolume (HddsVolume.java:<init>(176)) - Creating Volume: /github/workspace/mnt/ozone/hadoop-ozone/integration-test/target/test-dir/MiniOzoneClusterImpl-bdf594c0-931e-4198-806f-06e591ff76c3/datanode-1/data-0/containers/hdds of storage type : DISK and capacity : 9223372036854775807
2020-12-28 13:48:27,585 [Listener at 127.0.0.1/45143] INFO  volume.MutableVolumeSet (MutableVolumeSet.java:initializeVolumeSet(179)) - Added Volume : /github/workspace/mnt/ozone/hadoop-ozone/integration-test/target/test-dir/MiniOzoneClusterImpl-bdf594c0-931e-4198-806f-06e591ff76c3/datanode-1/data-0/containers/hdds to VolumeSet
2020-12-28 13:48:27,585 [Listener at 127.0.0.1/45143] INFO  volume.ThrottledAsyncChecker (ThrottledAsyncChecker.java:schedule(141)) - Scheduling a check for /github/workspace/mnt/ozone/hadoop-ozone/integration-test/target/test-dir/MiniOzoneClusterImpl-bdf594c0-931e-4198-806f-06e591ff76c3/datanode-1/data-0/containers/hdds
2020-12-28 13:48:27,589 [org.apache.hadoop.util.JvmPauseMonitor$Monitor@13c9783c] INFO  util.JvmPauseMonitor (JvmPauseMonitor.java:run(188)) - Starting JVM pause monitor
2020-12-28 13:48:27,590 [Datanode State Machine Task Thread - 0] INFO  datanode.InitDatanodeState (InitDatanodeState.java:persistContainerDatanodeDetails(145)) - DatanodeDetails is persisted to /github/workspace/mnt/ozone/hadoop-ozone/integration-test/target/test-dir/MiniOzoneClusterImpl-bdf594c0-931e-4198-806f-06e591ff76c3/datanode-0/meta/datanode.id
2020-12-28 13:48:27,590 [Listener at 127.0.0.1/45143] INFO  volume.HddsVolumeChecker (HddsVolumeChecker.java:checkAllVolumes(200)) - Scheduled health check for volume /github/workspace/mnt/ozone/hadoop-ozone/integration-test/target/test-dir/MiniOzoneClusterImpl-bdf594c0-931e-4198-806f-06e591ff76c3/datanode-1/data-0/containers/hdds
2020-12-28 13:48:27,602 [Thread-728] INFO  ozoneimpl.ContainerReader (ContainerReader.java:readVolume(123)) - Start to verify containers on volume /github/workspace/mnt/ozone/hadoop-ozone/integration-test/target/test-dir/MiniOzoneClusterImpl-bdf594c0-931e-4198-806f-06e591ff76c3/datanode-1/data-0/containers/hdds
2020-12-28 13:48:27,603 [Thread-728] INFO  ozoneimpl.ContainerReader (ContainerReader.java:readVolume(148)) - Finish verifying containers on volume /github/workspace/mnt/ozone/hadoop-ozone/integration-test/target/test-dir/MiniOzoneClusterImpl-bdf594c0-931e-4198-806f-06e591ff76c3/datanode-1/data-0/containers/hdds
2020-12-28 13:48:27,603 [Listener at 127.0.0.1/45143] INFO  ozoneimpl.OzoneContainer (OzoneContainer.java:buildContainerSet(194)) - Build ContainerSet costs 0s
2020-12-28 13:48:27,604 [Listener at 127.0.0.1/45143] INFO  server.RaftServer (ConfUtils.java:logGet(44)) - raft.rpc.type = GRPC (default)
2020-12-28 13:48:27,604 [Listener at 127.0.0.1/45143] INFO  grpc.GrpcFactory (GrpcFactory.java:checkPooledByteBufAllocatorUseCacheForAllThreads(48)) - PERFORMANCE WARNING: useCacheForAllThreads is true that may cause Netty to create a lot garbage objects and, as a result, trigger GC.
	It is recommended to disable useCacheForAllThreads by setting -Dorg.apache.ratis.thirdparty.io.netty.allocator.useCacheForAllThreads=false in command line.
2020-12-28 13:48:27,606 [Listener at 127.0.0.1/45143] INFO  grpc.GrpcConfigKeys (ConfUtils.java:logGet(44)) - raft.grpc.server.port = 0 (default)
2020-12-28 13:48:27,606 [Listener at 127.0.0.1/45143] INFO  server.GrpcService (ConfUtils.java:logGet(44)) - raft.grpc.message.size.max = 32MB (=33554432) (custom)
2020-12-28 13:48:27,606 [Listener at 127.0.0.1/45143] INFO  server.RaftServerConfigKeys (ConfUtils.java:logGet(44)) - raft.server.log.appender.buffer.byte-limit = 33554432 (custom)
2020-12-28 13:48:27,606 [Listener at 127.0.0.1/45143] INFO  server.GrpcService (ConfUtils.java:logGet(44)) - raft.grpc.flow.control.window = 5MB (=5242880) (custom)
2020-12-28 13:48:27,606 [Listener at 127.0.0.1/45143] INFO  server.RaftServerConfigKeys (ConfUtils.java:logGet(44)) - raft.server.rpc.request.timeout = 60s (custom)
2020-12-28 13:48:27,607 [Listener at 127.0.0.1/45143] INFO  impl.DataStreamServerImpl (ConfUtils.java:logGet(44)) - raft.datastream.type = DISABLED (default)
2020-12-28 13:48:27,607 [Listener at 127.0.0.1/45143] INFO  server.RaftServerConfigKeys (ConfUtils.java:logGet(44)) - raft.server.rpc.slowness.timeout = 300s (custom)
2020-12-28 13:48:27,607 [Listener at 127.0.0.1/45143] INFO  server.RaftServerConfigKeys (ConfUtils.java:logGet(44)) - raft.server.leaderelection.leader.step-down.wait-time = 10s (default)
2020-12-28 13:48:27,607 [Listener at 127.0.0.1/45143] INFO  server.RaftServerConfigKeys (ConfUtils.java:logGet(44)) - raft.server.storage.dir = [/github/workspace/mnt/ozone/hadoop-ozone/integration-test/target/test-dir/MiniOzoneClusterImpl-bdf594c0-931e-4198-806f-06e591ff76c3/datanode-1/data/ratis] (custom)
2020-12-28 13:48:27,612 [Listener at 127.0.0.1/45143] INFO  http.BaseHttpServer (BaseHttpServer.java:newHttpServer2BuilderForOzone(207)) - Starting Web-server for hddsDatanode at: http://0.0.0.0:0
2020-12-28 13:48:27,612 [Listener at 127.0.0.1/45143] INFO  http.BaseHttpServer (BaseHttpServer.java:<init>(106)) - Hadoop Security Enabled: false Ozone Security Enabled: false Ozone HTTP Security Enabled: false 
2020-12-28 13:48:27,613 [Listener at 127.0.0.1/45143] INFO  server.AuthenticationFilter (AuthenticationFilter.java:constructSecretProvider(240)) - Unable to initialize FileSignerSecretProvider, falling back to use random secrets.
2020-12-28 13:48:27,614 [Listener at 127.0.0.1/45143] WARN  http.HttpRequestLog (HttpRequestLog.java:getRequestLog(103)) - Jetty request log can only be enabled using Log4j
2020-12-28 13:48:27,614 [Listener at 127.0.0.1/45143] INFO  http.HttpServer2 (HttpServer2.java:addGlobalFilter(1020)) - Added global filter 'safety' (class=org.apache.hadoop.hdds.server.http.HttpServer2$QuotingInputFilter)
2020-12-28 13:48:27,615 [Listener at 127.0.0.1/45143] INFO  http.HttpServer2 (HttpServer2.java:addFilter(996)) - Added filter static_user_filter (class=org.apache.hadoop.http.lib.StaticUserWebFilter$StaticUserFilter) to context hddsDatanode
2020-12-28 13:48:27,615 [Listener at 127.0.0.1/45143] INFO  http.HttpServer2 (HttpServer2.java:addFilter(1004)) - Added filter static_user_filter (class=org.apache.hadoop.http.lib.StaticUserWebFilter$StaticUserFilter) to context logs
2020-12-28 13:48:27,615 [Listener at 127.0.0.1/45143] INFO  http.HttpServer2 (HttpServer2.java:addFilter(1004)) - Added filter static_user_filter (class=org.apache.hadoop.http.lib.StaticUserWebFilter$StaticUserFilter) to context static
2020-12-28 13:48:27,616 [Listener at 127.0.0.1/45143] INFO  http.HttpServer2 (HttpServer2.java:bindListener(1238)) - Jetty bound to port 37907
2020-12-28 13:48:27,616 [Listener at 127.0.0.1/45143] INFO  server.Server (Server.java:doStart(375)) - jetty-9.4.34.v20201102; built: 2020-11-02T14:15:39.302Z; git: e46af88704a893fc12cb0e3bf46e2c7b48a009e7; jvm 1.8.0_232-b09
2020-12-28 13:48:27,617 [Listener at 127.0.0.1/45143] INFO  server.session (DefaultSessionIdManager.java:doStart(334)) - DefaultSessionIdManager workerName=node0
2020-12-28 13:48:27,617 [Listener at 127.0.0.1/45143] INFO  server.session (DefaultSessionIdManager.java:doStart(339)) - No SessionScavenger set, using defaults
2020-12-28 13:48:27,617 [Listener at 127.0.0.1/45143] INFO  server.session (HouseKeeper.java:startScavenging(132)) - node0 Scavenging every 600000ms
2020-12-28 13:48:27,617 [Listener at 127.0.0.1/45143] INFO  handler.ContextHandler (ContextHandler.java:doStart(916)) - Started o.e.j.s.ServletContextHandler@3cc8f1c{logs,/logs,file:///github/workspace/mnt/ozone/hadoop-ozone/integration-test/target/log,AVAILABLE}
2020-12-28 13:48:27,618 [Listener at 127.0.0.1/45143] INFO  handler.ContextHandler (ContextHandler.java:doStart(916)) - Started o.e.j.s.ServletContextHandler@5a10b7e8{static,/static,jar:file:/home/user/.m2/repository/org/apache/hadoop/hadoop-hdds-container-service/1.1.0-SNAPSHOT/hadoop-hdds-container-service-1.1.0-SNAPSHOT.jar!/webapps/static,AVAILABLE}
2020-12-28 13:48:27,762 [Listener at 127.0.0.1/45143] INFO  handler.ContextHandler (ContextHandler.java:doStart(916)) - Started o.e.j.w.WebAppContext@6cf04303{hddsDatanode,/,file:///tmp/jetty-0_0_0_0-37907-hadoop-hdds-container-service-1_1_0-SNAPSHOT_jar-_-any-3592934302712964877/webapp/,AVAILABLE}{jar:file:/home/user/.m2/repository/org/apache/hadoop/hadoop-hdds-container-service/1.1.0-SNAPSHOT/hadoop-hdds-container-service-1.1.0-SNAPSHOT.jar!/webapps/hddsDatanode}
2020-12-28 13:48:27,763 [Listener at 127.0.0.1/45143] INFO  server.AbstractConnector (AbstractConnector.java:doStart(331)) - Started ServerConnector@de58d71{HTTP/1.1, (http/1.1)}{0.0.0.0:37907}
2020-12-28 13:48:27,763 [Listener at 127.0.0.1/45143] INFO  server.Server (Server.java:doStart(415)) - Started @47301ms
2020-12-28 13:48:27,763 [Listener at 127.0.0.1/45143] WARN  impl.MetricsSystemImpl (MetricsSystemImpl.java:register(276)) - Sink prometheus already exists!
2020-12-28 13:48:27,767 [Listener at 127.0.0.1/45143] INFO  http.BaseHttpServer (BaseHttpServer.java:updateConnectorAddress(327)) - HTTP server of hddsDatanode listening at http://0.0.0.0:37907
2020-12-28 13:48:27,768 [Listener at 127.0.0.1/45143] INFO  impl.MetricsSystemImpl (MetricsSystemImpl.java:init(158)) - HddsDatanode metrics system started (again)
2020-12-28 13:48:27,770 [Listener at 127.0.0.1/45143] INFO  ozone.HddsDatanodeService (HddsDatanodeService.java:start(217)) - HddsDatanodeService host:10028447f7ab ip:172.17.0.2
2020-12-28 13:48:27,773 [org.apache.hadoop.util.JvmPauseMonitor$Monitor@563cebd1] INFO  util.JvmPauseMonitor (JvmPauseMonitor.java:run(188)) - Starting JVM pause monitor
2020-12-28 13:48:27,774 [Listener at 127.0.0.1/45143] INFO  volume.HddsVolume (HddsVolume.java:<init>(176)) - Creating Volume: /github/workspace/mnt/ozone/hadoop-ozone/integration-test/target/test-dir/MiniOzoneClusterImpl-bdf594c0-931e-4198-806f-06e591ff76c3/datanode-2/data-0/containers/hdds of storage type : DISK and capacity : 9223372036854775807
2020-12-28 13:48:27,774 [Listener at 127.0.0.1/45143] INFO  volume.MutableVolumeSet (MutableVolumeSet.java:initializeVolumeSet(179)) - Added Volume : /github/workspace/mnt/ozone/hadoop-ozone/integration-test/target/test-dir/MiniOzoneClusterImpl-bdf594c0-931e-4198-806f-06e591ff76c3/datanode-2/data-0/containers/hdds to VolumeSet
2020-12-28 13:48:27,774 [Listener at 127.0.0.1/45143] INFO  volume.ThrottledAsyncChecker (ThrottledAsyncChecker.java:schedule(141)) - Scheduling a check for /github/workspace/mnt/ozone/hadoop-ozone/integration-test/target/test-dir/MiniOzoneClusterImpl-bdf594c0-931e-4198-806f-06e591ff76c3/datanode-2/data-0/containers/hdds
2020-12-28 13:48:27,774 [Datanode State Machine Task Thread - 0] INFO  datanode.InitDatanodeState (InitDatanodeState.java:persistContainerDatanodeDetails(145)) - DatanodeDetails is persisted to /github/workspace/mnt/ozone/hadoop-ozone/integration-test/target/test-dir/MiniOzoneClusterImpl-bdf594c0-931e-4198-806f-06e591ff76c3/datanode-1/meta/datanode.id
2020-12-28 13:48:27,775 [Listener at 127.0.0.1/45143] INFO  volume.HddsVolumeChecker (HddsVolumeChecker.java:checkAllVolumes(200)) - Scheduled health check for volume /github/workspace/mnt/ozone/hadoop-ozone/integration-test/target/test-dir/MiniOzoneClusterImpl-bdf594c0-931e-4198-806f-06e591ff76c3/datanode-2/data-0/containers/hdds
2020-12-28 13:48:27,789 [Thread-739] INFO  ozoneimpl.ContainerReader (ContainerReader.java:readVolume(123)) - Start to verify containers on volume /github/workspace/mnt/ozone/hadoop-ozone/integration-test/target/test-dir/MiniOzoneClusterImpl-bdf594c0-931e-4198-806f-06e591ff76c3/datanode-2/data-0/containers/hdds
2020-12-28 13:48:27,789 [Thread-739] INFO  ozoneimpl.ContainerReader (ContainerReader.java:readVolume(148)) - Finish verifying containers on volume /github/workspace/mnt/ozone/hadoop-ozone/integration-test/target/test-dir/MiniOzoneClusterImpl-bdf594c0-931e-4198-806f-06e591ff76c3/datanode-2/data-0/containers/hdds
2020-12-28 13:48:27,789 [Listener at 127.0.0.1/45143] INFO  ozoneimpl.OzoneContainer (OzoneContainer.java:buildContainerSet(194)) - Build ContainerSet costs 0s
2020-12-28 13:48:27,791 [Listener at 127.0.0.1/45143] INFO  server.RaftServer (ConfUtils.java:logGet(44)) - raft.rpc.type = GRPC (default)
2020-12-28 13:48:27,791 [Listener at 127.0.0.1/45143] INFO  grpc.GrpcFactory (GrpcFactory.java:checkPooledByteBufAllocatorUseCacheForAllThreads(48)) - PERFORMANCE WARNING: useCacheForAllThreads is true that may cause Netty to create a lot garbage objects and, as a result, trigger GC.
	It is recommended to disable useCacheForAllThreads by setting -Dorg.apache.ratis.thirdparty.io.netty.allocator.useCacheForAllThreads=false in command line.
2020-12-28 13:48:27,791 [Listener at 127.0.0.1/45143] INFO  grpc.GrpcConfigKeys (ConfUtils.java:logGet(44)) - raft.grpc.server.port = 0 (default)
2020-12-28 13:48:27,791 [Listener at 127.0.0.1/45143] INFO  server.GrpcService (ConfUtils.java:logGet(44)) - raft.grpc.message.size.max = 32MB (=33554432) (custom)
2020-12-28 13:48:27,791 [Listener at 127.0.0.1/45143] INFO  server.RaftServerConfigKeys (ConfUtils.java:logGet(44)) - raft.server.log.appender.buffer.byte-limit = 33554432 (custom)
2020-12-28 13:48:27,791 [Listener at 127.0.0.1/45143] INFO  server.GrpcService (ConfUtils.java:logGet(44)) - raft.grpc.flow.control.window = 5MB (=5242880) (custom)
2020-12-28 13:48:27,791 [Listener at 127.0.0.1/45143] INFO  server.RaftServerConfigKeys (ConfUtils.java:logGet(44)) - raft.server.rpc.request.timeout = 60s (custom)
2020-12-28 13:48:27,792 [Listener at 127.0.0.1/45143] INFO  impl.DataStreamServerImpl (ConfUtils.java:logGet(44)) - raft.datastream.type = DISABLED (default)
2020-12-28 13:48:27,792 [Listener at 127.0.0.1/45143] INFO  server.RaftServerConfigKeys (ConfUtils.java:logGet(44)) - raft.server.rpc.slowness.timeout = 300s (custom)
2020-12-28 13:48:27,792 [Listener at 127.0.0.1/45143] INFO  server.RaftServerConfigKeys (ConfUtils.java:logGet(44)) - raft.server.leaderelection.leader.step-down.wait-time = 10s (default)
2020-12-28 13:48:27,793 [Listener at 127.0.0.1/45143] INFO  server.RaftServerConfigKeys (ConfUtils.java:logGet(44)) - raft.server.storage.dir = [/github/workspace/mnt/ozone/hadoop-ozone/integration-test/target/test-dir/MiniOzoneClusterImpl-bdf594c0-931e-4198-806f-06e591ff76c3/datanode-2/data/ratis] (custom)
2020-12-28 13:48:27,797 [Listener at 127.0.0.1/45143] INFO  http.BaseHttpServer (BaseHttpServer.java:newHttpServer2BuilderForOzone(207)) - Starting Web-server for hddsDatanode at: http://0.0.0.0:0
2020-12-28 13:48:27,797 [Listener at 127.0.0.1/45143] INFO  http.BaseHttpServer (BaseHttpServer.java:<init>(106)) - Hadoop Security Enabled: false Ozone Security Enabled: false Ozone HTTP Security Enabled: false 
2020-12-28 13:48:27,798 [Listener at 127.0.0.1/45143] INFO  server.AuthenticationFilter (AuthenticationFilter.java:constructSecretProvider(240)) - Unable to initialize FileSignerSecretProvider, falling back to use random secrets.
2020-12-28 13:48:27,798 [Listener at 127.0.0.1/45143] WARN  http.HttpRequestLog (HttpRequestLog.java:getRequestLog(103)) - Jetty request log can only be enabled using Log4j
2020-12-28 13:48:27,799 [Listener at 127.0.0.1/45143] INFO  http.HttpServer2 (HttpServer2.java:addGlobalFilter(1020)) - Added global filter 'safety' (class=org.apache.hadoop.hdds.server.http.HttpServer2$QuotingInputFilter)
2020-12-28 13:48:27,799 [Listener at 127.0.0.1/45143] INFO  http.HttpServer2 (HttpServer2.java:addFilter(996)) - Added filter static_user_filter (class=org.apache.hadoop.http.lib.StaticUserWebFilter$StaticUserFilter) to context hddsDatanode
2020-12-28 13:48:27,799 [Listener at 127.0.0.1/45143] INFO  http.HttpServer2 (HttpServer2.java:addFilter(1004)) - Added filter static_user_filter (class=org.apache.hadoop.http.lib.StaticUserWebFilter$StaticUserFilter) to context static
2020-12-28 13:48:27,799 [Listener at 127.0.0.1/45143] INFO  http.HttpServer2 (HttpServer2.java:addFilter(1004)) - Added filter static_user_filter (class=org.apache.hadoop.http.lib.StaticUserWebFilter$StaticUserFilter) to context logs
2020-12-28 13:48:27,800 [Listener at 127.0.0.1/45143] INFO  http.HttpServer2 (HttpServer2.java:bindListener(1238)) - Jetty bound to port 41945
2020-12-28 13:48:27,800 [Listener at 127.0.0.1/45143] INFO  server.Server (Server.java:doStart(375)) - jetty-9.4.34.v20201102; built: 2020-11-02T14:15:39.302Z; git: e46af88704a893fc12cb0e3bf46e2c7b48a009e7; jvm 1.8.0_232-b09
2020-12-28 13:48:27,801 [Listener at 127.0.0.1/45143] INFO  server.session (DefaultSessionIdManager.java:doStart(334)) - DefaultSessionIdManager workerName=node0
2020-12-28 13:48:27,801 [Listener at 127.0.0.1/45143] INFO  server.session (DefaultSessionIdManager.java:doStart(339)) - No SessionScavenger set, using defaults
2020-12-28 13:48:27,801 [Listener at 127.0.0.1/45143] INFO  server.session (HouseKeeper.java:startScavenging(132)) - node0 Scavenging every 600000ms
2020-12-28 13:48:27,802 [Listener at 127.0.0.1/45143] INFO  handler.ContextHandler (ContextHandler.java:doStart(916)) - Started o.e.j.s.ServletContextHandler@7e915daa{logs,/logs,file:///github/workspace/mnt/ozone/hadoop-ozone/integration-test/target/log,AVAILABLE}
2020-12-28 13:48:27,802 [Listener at 127.0.0.1/45143] INFO  handler.ContextHandler (ContextHandler.java:doStart(916)) - Started o.e.j.s.ServletContextHandler@69bb8812{static,/static,jar:file:/home/user/.m2/repository/org/apache/hadoop/hadoop-hdds-container-service/1.1.0-SNAPSHOT/hadoop-hdds-container-service-1.1.0-SNAPSHOT.jar!/webapps/static,AVAILABLE}
2020-12-28 13:48:27,938 [Listener at 127.0.0.1/45143] INFO  handler.ContextHandler (ContextHandler.java:doStart(916)) - Started o.e.j.w.WebAppContext@1fbe8592{hddsDatanode,/,file:///tmp/jetty-0_0_0_0-41945-hadoop-hdds-container-service-1_1_0-SNAPSHOT_jar-_-any-8611953101161275829/webapp/,AVAILABLE}{jar:file:/home/user/.m2/repository/org/apache/hadoop/hadoop-hdds-container-service/1.1.0-SNAPSHOT/hadoop-hdds-container-service-1.1.0-SNAPSHOT.jar!/webapps/hddsDatanode}
2020-12-28 13:48:27,941 [Listener at 127.0.0.1/45143] INFO  server.AbstractConnector (AbstractConnector.java:doStart(331)) - Started ServerConnector@4e6a75a3{HTTP/1.1, (http/1.1)}{0.0.0.0:41945}
2020-12-28 13:48:27,941 [Listener at 127.0.0.1/45143] INFO  server.Server (Server.java:doStart(415)) - Started @47478ms
2020-12-28 13:48:27,941 [Listener at 127.0.0.1/45143] WARN  impl.MetricsSystemImpl (MetricsSystemImpl.java:register(276)) - Sink prometheus already exists!
2020-12-28 13:48:27,945 [Listener at 127.0.0.1/45143] INFO  http.BaseHttpServer (BaseHttpServer.java:updateConnectorAddress(327)) - HTTP server of hddsDatanode listening at http://0.0.0.0:41945
2020-12-28 13:48:27,946 [Listener at 127.0.0.1/45143] INFO  impl.MetricsSystemImpl (MetricsSystemImpl.java:init(158)) - HddsDatanode metrics system started (again)
2020-12-28 13:48:27,947 [Listener at 127.0.0.1/45143] INFO  ozone.HddsDatanodeService (HddsDatanodeService.java:start(217)) - HddsDatanodeService host:10028447f7ab ip:172.17.0.2
2020-12-28 13:48:27,956 [Listener at 127.0.0.1/45143] INFO  volume.HddsVolume (HddsVolume.java:<init>(176)) - Creating Volume: /github/workspace/mnt/ozone/hadoop-ozone/integration-test/target/test-dir/MiniOzoneClusterImpl-bdf594c0-931e-4198-806f-06e591ff76c3/datanode-3/data-0/containers/hdds of storage type : DISK and capacity : 9223372036854775807
2020-12-28 13:48:27,956 [Listener at 127.0.0.1/45143] INFO  volume.MutableVolumeSet (MutableVolumeSet.java:initializeVolumeSet(179)) - Added Volume : /github/workspace/mnt/ozone/hadoop-ozone/integration-test/target/test-dir/MiniOzoneClusterImpl-bdf594c0-931e-4198-806f-06e591ff76c3/datanode-3/data-0/containers/hdds to VolumeSet
2020-12-28 13:48:27,956 [Listener at 127.0.0.1/45143] INFO  volume.ThrottledAsyncChecker (ThrottledAsyncChecker.java:schedule(141)) - Scheduling a check for /github/workspace/mnt/ozone/hadoop-ozone/integration-test/target/test-dir/MiniOzoneClusterImpl-bdf594c0-931e-4198-806f-06e591ff76c3/datanode-3/data-0/containers/hdds
2020-12-28 13:48:27,959 [Listener at 127.0.0.1/45143] INFO  volume.HddsVolumeChecker (HddsVolumeChecker.java:checkAllVolumes(200)) - Scheduled health check for volume /github/workspace/mnt/ozone/hadoop-ozone/integration-test/target/test-dir/MiniOzoneClusterImpl-bdf594c0-931e-4198-806f-06e591ff76c3/datanode-3/data-0/containers/hdds
2020-12-28 13:48:27,975 [org.apache.hadoop.util.JvmPauseMonitor$Monitor@1fd8ff79] INFO  util.JvmPauseMonitor (JvmPauseMonitor.java:run(188)) - Starting JVM pause monitor
2020-12-28 13:48:27,988 [Datanode State Machine Task Thread - 0] INFO  datanode.InitDatanodeState (InitDatanodeState.java:persistContainerDatanodeDetails(145)) - DatanodeDetails is persisted to /github/workspace/mnt/ozone/hadoop-ozone/integration-test/target/test-dir/MiniOzoneClusterImpl-bdf594c0-931e-4198-806f-06e591ff76c3/datanode-2/meta/datanode.id
2020-12-28 13:48:27,989 [Thread-750] INFO  ozoneimpl.ContainerReader (ContainerReader.java:readVolume(123)) - Start to verify containers on volume /github/workspace/mnt/ozone/hadoop-ozone/integration-test/target/test-dir/MiniOzoneClusterImpl-bdf594c0-931e-4198-806f-06e591ff76c3/datanode-3/data-0/containers/hdds
2020-12-28 13:48:27,989 [Thread-750] INFO  ozoneimpl.ContainerReader (ContainerReader.java:readVolume(148)) - Finish verifying containers on volume /github/workspace/mnt/ozone/hadoop-ozone/integration-test/target/test-dir/MiniOzoneClusterImpl-bdf594c0-931e-4198-806f-06e591ff76c3/datanode-3/data-0/containers/hdds
2020-12-28 13:48:27,990 [Listener at 127.0.0.1/45143] INFO  ozoneimpl.OzoneContainer (OzoneContainer.java:buildContainerSet(194)) - Build ContainerSet costs 0s
2020-12-28 13:48:27,993 [Listener at 127.0.0.1/45143] INFO  server.RaftServer (ConfUtils.java:logGet(44)) - raft.rpc.type = GRPC (default)
2020-12-28 13:48:27,993 [Listener at 127.0.0.1/45143] INFO  grpc.GrpcFactory (GrpcFactory.java:checkPooledByteBufAllocatorUseCacheForAllThreads(48)) - PERFORMANCE WARNING: useCacheForAllThreads is true that may cause Netty to create a lot garbage objects and, as a result, trigger GC.
	It is recommended to disable useCacheForAllThreads by setting -Dorg.apache.ratis.thirdparty.io.netty.allocator.useCacheForAllThreads=false in command line.
2020-12-28 13:48:27,993 [Listener at 127.0.0.1/45143] INFO  grpc.GrpcConfigKeys (ConfUtils.java:logGet(44)) - raft.grpc.server.port = 0 (default)
2020-12-28 13:48:27,993 [Listener at 127.0.0.1/45143] INFO  server.GrpcService (ConfUtils.java:logGet(44)) - raft.grpc.message.size.max = 32MB (=33554432) (custom)
2020-12-28 13:48:27,993 [Listener at 127.0.0.1/45143] INFO  server.RaftServerConfigKeys (ConfUtils.java:logGet(44)) - raft.server.log.appender.buffer.byte-limit = 33554432 (custom)
2020-12-28 13:48:27,993 [Listener at 127.0.0.1/45143] INFO  server.GrpcService (ConfUtils.java:logGet(44)) - raft.grpc.flow.control.window = 5MB (=5242880) (custom)
2020-12-28 13:48:27,994 [Listener at 127.0.0.1/45143] INFO  server.RaftServerConfigKeys (ConfUtils.java:logGet(44)) - raft.server.rpc.request.timeout = 60s (custom)
2020-12-28 13:48:27,995 [Listener at 127.0.0.1/45143] INFO  impl.DataStreamServerImpl (ConfUtils.java:logGet(44)) - raft.datastream.type = DISABLED (default)
2020-12-28 13:48:27,995 [Listener at 127.0.0.1/45143] INFO  server.RaftServerConfigKeys (ConfUtils.java:logGet(44)) - raft.server.rpc.slowness.timeout = 300s (custom)
2020-12-28 13:48:27,995 [Listener at 127.0.0.1/45143] INFO  server.RaftServerConfigKeys (ConfUtils.java:logGet(44)) - raft.server.leaderelection.leader.step-down.wait-time = 10s (default)
2020-12-28 13:48:27,995 [Listener at 127.0.0.1/45143] INFO  server.RaftServerConfigKeys (ConfUtils.java:logGet(44)) - raft.server.storage.dir = [/github/workspace/mnt/ozone/hadoop-ozone/integration-test/target/test-dir/MiniOzoneClusterImpl-bdf594c0-931e-4198-806f-06e591ff76c3/datanode-3/data/ratis] (custom)
2020-12-28 13:48:28,001 [Listener at 127.0.0.1/45143] INFO  http.BaseHttpServer (BaseHttpServer.java:newHttpServer2BuilderForOzone(207)) - Starting Web-server for hddsDatanode at: http://0.0.0.0:0
2020-12-28 13:48:28,001 [Listener at 127.0.0.1/45143] INFO  http.BaseHttpServer (BaseHttpServer.java:<init>(106)) - Hadoop Security Enabled: false Ozone Security Enabled: false Ozone HTTP Security Enabled: false 
2020-12-28 13:48:28,002 [Listener at 127.0.0.1/45143] INFO  server.AuthenticationFilter (AuthenticationFilter.java:constructSecretProvider(240)) - Unable to initialize FileSignerSecretProvider, falling back to use random secrets.
2020-12-28 13:48:28,002 [Listener at 127.0.0.1/45143] WARN  http.HttpRequestLog (HttpRequestLog.java:getRequestLog(103)) - Jetty request log can only be enabled using Log4j
2020-12-28 13:48:28,003 [Listener at 127.0.0.1/45143] INFO  http.HttpServer2 (HttpServer2.java:addGlobalFilter(1020)) - Added global filter 'safety' (class=org.apache.hadoop.hdds.server.http.HttpServer2$QuotingInputFilter)
2020-12-28 13:48:28,004 [Listener at 127.0.0.1/45143] INFO  http.HttpServer2 (HttpServer2.java:addFilter(996)) - Added filter static_user_filter (class=org.apache.hadoop.http.lib.StaticUserWebFilter$StaticUserFilter) to context hddsDatanode
2020-12-28 13:48:28,004 [Listener at 127.0.0.1/45143] INFO  http.HttpServer2 (HttpServer2.java:addFilter(1004)) - Added filter static_user_filter (class=org.apache.hadoop.http.lib.StaticUserWebFilter$StaticUserFilter) to context logs
2020-12-28 13:48:28,004 [Listener at 127.0.0.1/45143] INFO  http.HttpServer2 (HttpServer2.java:addFilter(1004)) - Added filter static_user_filter (class=org.apache.hadoop.http.lib.StaticUserWebFilter$StaticUserFilter) to context static
2020-12-28 13:48:28,004 [Listener at 127.0.0.1/45143] INFO  http.HttpServer2 (HttpServer2.java:bindListener(1238)) - Jetty bound to port 46085
2020-12-28 13:48:28,005 [Listener at 127.0.0.1/45143] INFO  server.Server (Server.java:doStart(375)) - jetty-9.4.34.v20201102; built: 2020-11-02T14:15:39.302Z; git: e46af88704a893fc12cb0e3bf46e2c7b48a009e7; jvm 1.8.0_232-b09
2020-12-28 13:48:28,007 [Listener at 127.0.0.1/45143] INFO  server.session (DefaultSessionIdManager.java:doStart(334)) - DefaultSessionIdManager workerName=node0
2020-12-28 13:48:28,007 [Listener at 127.0.0.1/45143] INFO  server.session (DefaultSessionIdManager.java:doStart(339)) - No SessionScavenger set, using defaults
2020-12-28 13:48:28,008 [Listener at 127.0.0.1/45143] INFO  server.session (HouseKeeper.java:startScavenging(132)) - node0 Scavenging every 600000ms
2020-12-28 13:48:28,008 [Listener at 127.0.0.1/45143] INFO  handler.ContextHandler (ContextHandler.java:doStart(916)) - Started o.e.j.s.ServletContextHandler@6f2f9ba4{logs,/logs,file:///github/workspace/mnt/ozone/hadoop-ozone/integration-test/target/log,AVAILABLE}
2020-12-28 13:48:28,008 [Listener at 127.0.0.1/45143] INFO  handler.ContextHandler (ContextHandler.java:doStart(916)) - Started o.e.j.s.ServletContextHandler@4be4680b{static,/static,jar:file:/home/user/.m2/repository/org/apache/hadoop/hadoop-hdds-container-service/1.1.0-SNAPSHOT/hadoop-hdds-container-service-1.1.0-SNAPSHOT.jar!/webapps/static,AVAILABLE}
2020-12-28 13:48:28,157 [Listener at 127.0.0.1/45143] INFO  handler.ContextHandler (ContextHandler.java:doStart(916)) - Started o.e.j.w.WebAppContext@555b43ba{hddsDatanode,/,file:///tmp/jetty-0_0_0_0-46085-hadoop-hdds-container-service-1_1_0-SNAPSHOT_jar-_-any-7698101921264917551/webapp/,AVAILABLE}{jar:file:/home/user/.m2/repository/org/apache/hadoop/hadoop-hdds-container-service/1.1.0-SNAPSHOT/hadoop-hdds-container-service-1.1.0-SNAPSHOT.jar!/webapps/hddsDatanode}
2020-12-28 13:48:28,158 [Listener at 127.0.0.1/45143] INFO  server.AbstractConnector (AbstractConnector.java:doStart(331)) - Started ServerConnector@7f8d4ff4{HTTP/1.1, (http/1.1)}{0.0.0.0:46085}
2020-12-28 13:48:28,158 [Listener at 127.0.0.1/45143] INFO  server.Server (Server.java:doStart(415)) - Started @47696ms
2020-12-28 13:48:28,159 [Listener at 127.0.0.1/45143] WARN  impl.MetricsSystemImpl (MetricsSystemImpl.java:register(276)) - Sink prometheus already exists!
2020-12-28 13:48:28,162 [Listener at 127.0.0.1/45143] INFO  http.BaseHttpServer (BaseHttpServer.java:updateConnectorAddress(327)) - HTTP server of hddsDatanode listening at http://0.0.0.0:46085
2020-12-28 13:48:28,163 [Listener at 127.0.0.1/45143] INFO  impl.MetricsSystemImpl (MetricsSystemImpl.java:init(158)) - HddsDatanode metrics system started (again)
2020-12-28 13:48:28,164 [Listener at 127.0.0.1/45143] INFO  ozone.HddsDatanodeService (HddsDatanodeService.java:start(217)) - HddsDatanodeService host:10028447f7ab ip:172.17.0.2
2020-12-28 13:48:28,165 [Listener at 127.0.0.1/45143] INFO  volume.HddsVolume (HddsVolume.java:<init>(176)) - Creating Volume: /github/workspace/mnt/ozone/hadoop-ozone/integration-test/target/test-dir/MiniOzoneClusterImpl-bdf594c0-931e-4198-806f-06e591ff76c3/datanode-4/data-0/containers/hdds of storage type : DISK and capacity : 9223372036854775807
2020-12-28 13:48:28,165 [Listener at 127.0.0.1/45143] INFO  volume.MutableVolumeSet (MutableVolumeSet.java:initializeVolumeSet(179)) - Added Volume : /github/workspace/mnt/ozone/hadoop-ozone/integration-test/target/test-dir/MiniOzoneClusterImpl-bdf594c0-931e-4198-806f-06e591ff76c3/datanode-4/data-0/containers/hdds to VolumeSet
2020-12-28 13:48:28,165 [Listener at 127.0.0.1/45143] INFO  volume.ThrottledAsyncChecker (ThrottledAsyncChecker.java:schedule(141)) - Scheduling a check for /github/workspace/mnt/ozone/hadoop-ozone/integration-test/target/test-dir/MiniOzoneClusterImpl-bdf594c0-931e-4198-806f-06e591ff76c3/datanode-4/data-0/containers/hdds
2020-12-28 13:48:28,172 [Listener at 127.0.0.1/45143] INFO  volume.HddsVolumeChecker (HddsVolumeChecker.java:checkAllVolumes(200)) - Scheduled health check for volume /github/workspace/mnt/ozone/hadoop-ozone/integration-test/target/test-dir/MiniOzoneClusterImpl-bdf594c0-931e-4198-806f-06e591ff76c3/datanode-4/data-0/containers/hdds
2020-12-28 13:48:28,179 [org.apache.hadoop.util.JvmPauseMonitor$Monitor@58d8ea43] INFO  util.JvmPauseMonitor (JvmPauseMonitor.java:run(188)) - Starting JVM pause monitor
2020-12-28 13:48:28,186 [Thread-761] INFO  ozoneimpl.ContainerReader (ContainerReader.java:readVolume(123)) - Start to verify containers on volume /github/workspace/mnt/ozone/hadoop-ozone/integration-test/target/test-dir/MiniOzoneClusterImpl-bdf594c0-931e-4198-806f-06e591ff76c3/datanode-4/data-0/containers/hdds
2020-12-28 13:48:28,186 [Thread-761] INFO  ozoneimpl.ContainerReader (ContainerReader.java:readVolume(148)) - Finish verifying containers on volume /github/workspace/mnt/ozone/hadoop-ozone/integration-test/target/test-dir/MiniOzoneClusterImpl-bdf594c0-931e-4198-806f-06e591ff76c3/datanode-4/data-0/containers/hdds
2020-12-28 13:48:28,186 [Listener at 127.0.0.1/45143] INFO  ozoneimpl.OzoneContainer (OzoneContainer.java:buildContainerSet(194)) - Build ContainerSet costs 0s
2020-12-28 13:48:28,187 [Listener at 127.0.0.1/45143] INFO  server.RaftServer (ConfUtils.java:logGet(44)) - raft.rpc.type = GRPC (default)
2020-12-28 13:48:28,187 [Listener at 127.0.0.1/45143] INFO  grpc.GrpcFactory (GrpcFactory.java:checkPooledByteBufAllocatorUseCacheForAllThreads(48)) - PERFORMANCE WARNING: useCacheForAllThreads is true that may cause Netty to create a lot garbage objects and, as a result, trigger GC.
	It is recommended to disable useCacheForAllThreads by setting -Dorg.apache.ratis.thirdparty.io.netty.allocator.useCacheForAllThreads=false in command line.
2020-12-28 13:48:28,188 [Listener at 127.0.0.1/45143] INFO  grpc.GrpcConfigKeys (ConfUtils.java:logGet(44)) - raft.grpc.server.port = 0 (default)
2020-12-28 13:48:28,188 [Listener at 127.0.0.1/45143] INFO  server.GrpcService (ConfUtils.java:logGet(44)) - raft.grpc.message.size.max = 32MB (=33554432) (custom)
2020-12-28 13:48:28,188 [Listener at 127.0.0.1/45143] INFO  server.RaftServerConfigKeys (ConfUtils.java:logGet(44)) - raft.server.log.appender.buffer.byte-limit = 33554432 (custom)
2020-12-28 13:48:28,188 [Listener at 127.0.0.1/45143] INFO  server.GrpcService (ConfUtils.java:logGet(44)) - raft.grpc.flow.control.window = 5MB (=5242880) (custom)
2020-12-28 13:48:28,188 [Listener at 127.0.0.1/45143] INFO  server.RaftServerConfigKeys (ConfUtils.java:logGet(44)) - raft.server.rpc.request.timeout = 60s (custom)
2020-12-28 13:48:28,188 [Datanode State Machine Task Thread - 0] INFO  datanode.InitDatanodeState (InitDatanodeState.java:persistContainerDatanodeDetails(145)) - DatanodeDetails is persisted to /github/workspace/mnt/ozone/hadoop-ozone/integration-test/target/test-dir/MiniOzoneClusterImpl-bdf594c0-931e-4198-806f-06e591ff76c3/datanode-3/meta/datanode.id
2020-12-28 13:48:28,189 [Listener at 127.0.0.1/45143] INFO  impl.DataStreamServerImpl (ConfUtils.java:logGet(44)) - raft.datastream.type = DISABLED (default)
2020-12-28 13:48:28,189 [Listener at 127.0.0.1/45143] INFO  server.RaftServerConfigKeys (ConfUtils.java:logGet(44)) - raft.server.rpc.slowness.timeout = 300s (custom)
2020-12-28 13:48:28,189 [Listener at 127.0.0.1/45143] INFO  server.RaftServerConfigKeys (ConfUtils.java:logGet(44)) - raft.server.leaderelection.leader.step-down.wait-time = 10s (default)
2020-12-28 13:48:28,189 [Listener at 127.0.0.1/45143] INFO  server.RaftServerConfigKeys (ConfUtils.java:logGet(44)) - raft.server.storage.dir = [/github/workspace/mnt/ozone/hadoop-ozone/integration-test/target/test-dir/MiniOzoneClusterImpl-bdf594c0-931e-4198-806f-06e591ff76c3/datanode-4/data/ratis] (custom)
2020-12-28 13:48:28,193 [Listener at 127.0.0.1/45143] INFO  http.BaseHttpServer (BaseHttpServer.java:newHttpServer2BuilderForOzone(207)) - Starting Web-server for hddsDatanode at: http://0.0.0.0:0
2020-12-28 13:48:28,193 [Listener at 127.0.0.1/45143] INFO  http.BaseHttpServer (BaseHttpServer.java:<init>(106)) - Hadoop Security Enabled: false Ozone Security Enabled: false Ozone HTTP Security Enabled: false 
2020-12-28 13:48:28,194 [Listener at 127.0.0.1/45143] INFO  server.AuthenticationFilter (AuthenticationFilter.java:constructSecretProvider(240)) - Unable to initialize FileSignerSecretProvider, falling back to use random secrets.
2020-12-28 13:48:28,195 [Listener at 127.0.0.1/45143] WARN  http.HttpRequestLog (HttpRequestLog.java:getRequestLog(103)) - Jetty request log can only be enabled using Log4j
2020-12-28 13:48:28,195 [Listener at 127.0.0.1/45143] INFO  http.HttpServer2 (HttpServer2.java:addGlobalFilter(1020)) - Added global filter 'safety' (class=org.apache.hadoop.hdds.server.http.HttpServer2$QuotingInputFilter)
2020-12-28 13:48:28,196 [Listener at 127.0.0.1/45143] INFO  http.HttpServer2 (HttpServer2.java:addFilter(996)) - Added filter static_user_filter (class=org.apache.hadoop.http.lib.StaticUserWebFilter$StaticUserFilter) to context hddsDatanode
2020-12-28 13:48:28,196 [Listener at 127.0.0.1/45143] INFO  http.HttpServer2 (HttpServer2.java:addFilter(1004)) - Added filter static_user_filter (class=org.apache.hadoop.http.lib.StaticUserWebFilter$StaticUserFilter) to context static
2020-12-28 13:48:28,196 [Listener at 127.0.0.1/45143] INFO  http.HttpServer2 (HttpServer2.java:addFilter(1004)) - Added filter static_user_filter (class=org.apache.hadoop.http.lib.StaticUserWebFilter$StaticUserFilter) to context logs
2020-12-28 13:48:28,197 [Listener at 127.0.0.1/45143] INFO  http.HttpServer2 (HttpServer2.java:bindListener(1238)) - Jetty bound to port 35295
2020-12-28 13:48:28,197 [Listener at 127.0.0.1/45143] INFO  server.Server (Server.java:doStart(375)) - jetty-9.4.34.v20201102; built: 2020-11-02T14:15:39.302Z; git: e46af88704a893fc12cb0e3bf46e2c7b48a009e7; jvm 1.8.0_232-b09
2020-12-28 13:48:28,198 [Listener at 127.0.0.1/45143] INFO  server.session (DefaultSessionIdManager.java:doStart(334)) - DefaultSessionIdManager workerName=node0
2020-12-28 13:48:28,198 [Listener at 127.0.0.1/45143] INFO  server.session (DefaultSessionIdManager.java:doStart(339)) - No SessionScavenger set, using defaults
2020-12-28 13:48:28,199 [Listener at 127.0.0.1/45143] INFO  server.session (HouseKeeper.java:startScavenging(132)) - node0 Scavenging every 660000ms
2020-12-28 13:48:28,199 [Listener at 127.0.0.1/45143] INFO  handler.ContextHandler (ContextHandler.java:doStart(916)) - Started o.e.j.s.ServletContextHandler@3dee7142{logs,/logs,file:///github/workspace/mnt/ozone/hadoop-ozone/integration-test/target/log,AVAILABLE}
2020-12-28 13:48:28,200 [Listener at 127.0.0.1/45143] INFO  handler.ContextHandler (ContextHandler.java:doStart(916)) - Started o.e.j.s.ServletContextHandler@286bd902{static,/static,jar:file:/home/user/.m2/repository/org/apache/hadoop/hadoop-hdds-container-service/1.1.0-SNAPSHOT/hadoop-hdds-container-service-1.1.0-SNAPSHOT.jar!/webapps/static,AVAILABLE}
2020-12-28 13:48:28,335 [Listener at 127.0.0.1/45143] INFO  handler.ContextHandler (ContextHandler.java:doStart(916)) - Started o.e.j.w.WebAppContext@497dc589{hddsDatanode,/,file:///tmp/jetty-0_0_0_0-35295-hadoop-hdds-container-service-1_1_0-SNAPSHOT_jar-_-any-6705318640615923997/webapp/,AVAILABLE}{jar:file:/home/user/.m2/repository/org/apache/hadoop/hadoop-hdds-container-service/1.1.0-SNAPSHOT/hadoop-hdds-container-service-1.1.0-SNAPSHOT.jar!/webapps/hddsDatanode}
2020-12-28 13:48:28,337 [Listener at 127.0.0.1/45143] INFO  server.AbstractConnector (AbstractConnector.java:doStart(331)) - Started ServerConnector@4bb44322{HTTP/1.1, (http/1.1)}{0.0.0.0:35295}
2020-12-28 13:48:28,337 [Listener at 127.0.0.1/45143] INFO  server.Server (Server.java:doStart(415)) - Started @47875ms
2020-12-28 13:48:28,337 [Listener at 127.0.0.1/45143] WARN  impl.MetricsSystemImpl (MetricsSystemImpl.java:register(276)) - Sink prometheus already exists!
2020-12-28 13:48:28,341 [Listener at 127.0.0.1/45143] INFO  http.BaseHttpServer (BaseHttpServer.java:updateConnectorAddress(327)) - HTTP server of hddsDatanode listening at http://0.0.0.0:35295
2020-12-28 13:48:28,343 [Listener at 127.0.0.1/45143] INFO  impl.MetricsSystemImpl (MetricsSystemImpl.java:init(158)) - HddsDatanode metrics system started (again)
2020-12-28 13:48:28,344 [Listener at 127.0.0.1/45143] INFO  ozone.HddsDatanodeService (HddsDatanodeService.java:start(217)) - HddsDatanodeService host:10028447f7ab ip:172.17.0.2
2020-12-28 13:48:28,346 [org.apache.hadoop.util.JvmPauseMonitor$Monitor@48d58c89] INFO  util.JvmPauseMonitor (JvmPauseMonitor.java:run(188)) - Starting JVM pause monitor
2020-12-28 13:48:28,347 [Listener at 127.0.0.1/45143] INFO  volume.HddsVolume (HddsVolume.java:<init>(176)) - Creating Volume: /github/workspace/mnt/ozone/hadoop-ozone/integration-test/target/test-dir/MiniOzoneClusterImpl-bdf594c0-931e-4198-806f-06e591ff76c3/datanode-5/data-0/containers/hdds of storage type : DISK and capacity : 9223372036854775807
2020-12-28 13:48:28,347 [Listener at 127.0.0.1/45143] INFO  volume.MutableVolumeSet (MutableVolumeSet.java:initializeVolumeSet(179)) - Added Volume : /github/workspace/mnt/ozone/hadoop-ozone/integration-test/target/test-dir/MiniOzoneClusterImpl-bdf594c0-931e-4198-806f-06e591ff76c3/datanode-5/data-0/containers/hdds to VolumeSet
2020-12-28 13:48:28,347 [Listener at 127.0.0.1/45143] INFO  volume.ThrottledAsyncChecker (ThrottledAsyncChecker.java:schedule(141)) - Scheduling a check for /github/workspace/mnt/ozone/hadoop-ozone/integration-test/target/test-dir/MiniOzoneClusterImpl-bdf594c0-931e-4198-806f-06e591ff76c3/datanode-5/data-0/containers/hdds
2020-12-28 13:48:28,352 [Listener at 127.0.0.1/45143] INFO  volume.HddsVolumeChecker (HddsVolumeChecker.java:checkAllVolumes(200)) - Scheduled health check for volume /github/workspace/mnt/ozone/hadoop-ozone/integration-test/target/test-dir/MiniOzoneClusterImpl-bdf594c0-931e-4198-806f-06e591ff76c3/datanode-5/data-0/containers/hdds
2020-12-28 13:48:28,356 [Datanode State Machine Task Thread - 0] INFO  datanode.InitDatanodeState (InitDatanodeState.java:persistContainerDatanodeDetails(145)) - DatanodeDetails is persisted to /github/workspace/mnt/ozone/hadoop-ozone/integration-test/target/test-dir/MiniOzoneClusterImpl-bdf594c0-931e-4198-806f-06e591ff76c3/datanode-4/meta/datanode.id
2020-12-28 13:48:28,364 [Thread-772] INFO  ozoneimpl.ContainerReader (ContainerReader.java:readVolume(123)) - Start to verify containers on volume /github/workspace/mnt/ozone/hadoop-ozone/integration-test/target/test-dir/MiniOzoneClusterImpl-bdf594c0-931e-4198-806f-06e591ff76c3/datanode-5/data-0/containers/hdds
2020-12-28 13:48:28,365 [Thread-772] INFO  ozoneimpl.ContainerReader (ContainerReader.java:readVolume(148)) - Finish verifying containers on volume /github/workspace/mnt/ozone/hadoop-ozone/integration-test/target/test-dir/MiniOzoneClusterImpl-bdf594c0-931e-4198-806f-06e591ff76c3/datanode-5/data-0/containers/hdds
2020-12-28 13:48:28,365 [Listener at 127.0.0.1/45143] INFO  ozoneimpl.OzoneContainer (OzoneContainer.java:buildContainerSet(194)) - Build ContainerSet costs 0s
2020-12-28 13:48:28,366 [Listener at 127.0.0.1/45143] INFO  server.RaftServer (ConfUtils.java:logGet(44)) - raft.rpc.type = GRPC (default)
2020-12-28 13:48:28,366 [Listener at 127.0.0.1/45143] INFO  grpc.GrpcFactory (GrpcFactory.java:checkPooledByteBufAllocatorUseCacheForAllThreads(48)) - PERFORMANCE WARNING: useCacheForAllThreads is true that may cause Netty to create a lot garbage objects and, as a result, trigger GC.
	It is recommended to disable useCacheForAllThreads by setting -Dorg.apache.ratis.thirdparty.io.netty.allocator.useCacheForAllThreads=false in command line.
2020-12-28 13:48:28,367 [Listener at 127.0.0.1/45143] INFO  grpc.GrpcConfigKeys (ConfUtils.java:logGet(44)) - raft.grpc.server.port = 0 (default)
2020-12-28 13:48:28,367 [Listener at 127.0.0.1/45143] INFO  server.GrpcService (ConfUtils.java:logGet(44)) - raft.grpc.message.size.max = 32MB (=33554432) (custom)
2020-12-28 13:48:28,367 [Listener at 127.0.0.1/45143] INFO  server.RaftServerConfigKeys (ConfUtils.java:logGet(44)) - raft.server.log.appender.buffer.byte-limit = 33554432 (custom)
2020-12-28 13:48:28,367 [Listener at 127.0.0.1/45143] INFO  server.GrpcService (ConfUtils.java:logGet(44)) - raft.grpc.flow.control.window = 5MB (=5242880) (custom)
2020-12-28 13:48:28,367 [Listener at 127.0.0.1/45143] INFO  server.RaftServerConfigKeys (ConfUtils.java:logGet(44)) - raft.server.rpc.request.timeout = 60s (custom)
2020-12-28 13:48:28,368 [Listener at 127.0.0.1/45143] INFO  impl.DataStreamServerImpl (ConfUtils.java:logGet(44)) - raft.datastream.type = DISABLED (default)
2020-12-28 13:48:28,368 [Listener at 127.0.0.1/45143] INFO  server.RaftServerConfigKeys (ConfUtils.java:logGet(44)) - raft.server.rpc.slowness.timeout = 300s (custom)
2020-12-28 13:48:28,368 [Listener at 127.0.0.1/45143] INFO  server.RaftServerConfigKeys (ConfUtils.java:logGet(44)) - raft.server.leaderelection.leader.step-down.wait-time = 10s (default)
2020-12-28 13:48:28,368 [Listener at 127.0.0.1/45143] INFO  server.RaftServerConfigKeys (ConfUtils.java:logGet(44)) - raft.server.storage.dir = [/github/workspace/mnt/ozone/hadoop-ozone/integration-test/target/test-dir/MiniOzoneClusterImpl-bdf594c0-931e-4198-806f-06e591ff76c3/datanode-5/data/ratis] (custom)
2020-12-28 13:48:28,373 [Listener at 127.0.0.1/45143] INFO  http.BaseHttpServer (BaseHttpServer.java:newHttpServer2BuilderForOzone(207)) - Starting Web-server for hddsDatanode at: http://0.0.0.0:0
2020-12-28 13:48:28,373 [Listener at 127.0.0.1/45143] INFO  http.BaseHttpServer (BaseHttpServer.java:<init>(106)) - Hadoop Security Enabled: false Ozone Security Enabled: false Ozone HTTP Security Enabled: false 
2020-12-28 13:48:28,374 [Listener at 127.0.0.1/45143] INFO  server.AuthenticationFilter (AuthenticationFilter.java:constructSecretProvider(240)) - Unable to initialize FileSignerSecretProvider, falling back to use random secrets.
2020-12-28 13:48:28,374 [Listener at 127.0.0.1/45143] WARN  http.HttpRequestLog (HttpRequestLog.java:getRequestLog(103)) - Jetty request log can only be enabled using Log4j
2020-12-28 13:48:28,375 [Listener at 127.0.0.1/45143] INFO  http.HttpServer2 (HttpServer2.java:addGlobalFilter(1020)) - Added global filter 'safety' (class=org.apache.hadoop.hdds.server.http.HttpServer2$QuotingInputFilter)
2020-12-28 13:48:28,375 [Listener at 127.0.0.1/45143] INFO  http.HttpServer2 (HttpServer2.java:addFilter(996)) - Added filter static_user_filter (class=org.apache.hadoop.http.lib.StaticUserWebFilter$StaticUserFilter) to context hddsDatanode
2020-12-28 13:48:28,375 [Listener at 127.0.0.1/45143] INFO  http.HttpServer2 (HttpServer2.java:addFilter(1004)) - Added filter static_user_filter (class=org.apache.hadoop.http.lib.StaticUserWebFilter$StaticUserFilter) to context logs
2020-12-28 13:48:28,375 [Listener at 127.0.0.1/45143] INFO  http.HttpServer2 (HttpServer2.java:addFilter(1004)) - Added filter static_user_filter (class=org.apache.hadoop.http.lib.StaticUserWebFilter$StaticUserFilter) to context static
2020-12-28 13:48:28,376 [Listener at 127.0.0.1/45143] INFO  http.HttpServer2 (HttpServer2.java:bindListener(1238)) - Jetty bound to port 35535
2020-12-28 13:48:28,376 [Listener at 127.0.0.1/45143] INFO  server.Server (Server.java:doStart(375)) - jetty-9.4.34.v20201102; built: 2020-11-02T14:15:39.302Z; git: e46af88704a893fc12cb0e3bf46e2c7b48a009e7; jvm 1.8.0_232-b09
2020-12-28 13:48:28,378 [Listener at 127.0.0.1/45143] INFO  server.session (DefaultSessionIdManager.java:doStart(334)) - DefaultSessionIdManager workerName=node0
2020-12-28 13:48:28,378 [Listener at 127.0.0.1/45143] INFO  server.session (DefaultSessionIdManager.java:doStart(339)) - No SessionScavenger set, using defaults
2020-12-28 13:48:28,378 [Listener at 127.0.0.1/45143] INFO  server.session (HouseKeeper.java:startScavenging(132)) - node0 Scavenging every 660000ms
2020-12-28 13:48:28,379 [Listener at 127.0.0.1/45143] INFO  handler.ContextHandler (ContextHandler.java:doStart(916)) - Started o.e.j.s.ServletContextHandler@3c9d64e4{logs,/logs,file:///github/workspace/mnt/ozone/hadoop-ozone/integration-test/target/log,AVAILABLE}
2020-12-28 13:48:28,379 [Listener at 127.0.0.1/45143] INFO  handler.ContextHandler (ContextHandler.java:doStart(916)) - Started o.e.j.s.ServletContextHandler@1c66272b{static,/static,jar:file:/home/user/.m2/repository/org/apache/hadoop/hadoop-hdds-container-service/1.1.0-SNAPSHOT/hadoop-hdds-container-service-1.1.0-SNAPSHOT.jar!/webapps/static,AVAILABLE}
2020-12-28 13:48:28,516 [Listener at 127.0.0.1/45143] INFO  handler.ContextHandler (ContextHandler.java:doStart(916)) - Started o.e.j.w.WebAppContext@6b0c851b{hddsDatanode,/,file:///tmp/jetty-0_0_0_0-35535-hadoop-hdds-container-service-1_1_0-SNAPSHOT_jar-_-any-6317096871611061267/webapp/,AVAILABLE}{jar:file:/home/user/.m2/repository/org/apache/hadoop/hadoop-hdds-container-service/1.1.0-SNAPSHOT/hadoop-hdds-container-service-1.1.0-SNAPSHOT.jar!/webapps/hddsDatanode}
2020-12-28 13:48:28,518 [Listener at 127.0.0.1/45143] INFO  server.AbstractConnector (AbstractConnector.java:doStart(331)) - Started ServerConnector@10d2411f{HTTP/1.1, (http/1.1)}{0.0.0.0:35535}
2020-12-28 13:48:28,518 [Listener at 127.0.0.1/45143] INFO  server.Server (Server.java:doStart(415)) - Started @48055ms
2020-12-28 13:48:28,518 [Listener at 127.0.0.1/45143] WARN  impl.MetricsSystemImpl (MetricsSystemImpl.java:register(276)) - Sink prometheus already exists!
2020-12-28 13:48:28,521 [Listener at 127.0.0.1/45143] INFO  http.BaseHttpServer (BaseHttpServer.java:updateConnectorAddress(327)) - HTTP server of hddsDatanode listening at http://0.0.0.0:35535
2020-12-28 13:48:28,522 [Listener at 127.0.0.1/45143] INFO  ozone.MiniOzoneClusterImpl (MiniOzoneClusterImpl.java:lambda$waitForClusterToBeReady$0(178)) - Waiting for nodes to be ready. Got 0 of 6 DN Heartbeats.
2020-12-28 13:48:28,522 [Listener at 127.0.0.1/45143] INFO  ozone.MiniOzoneClusterImpl (MiniOzoneClusterImpl.java:lambda$waitForClusterToBeReady$0(181)) - Waiting for cluster to exit safe mode
2020-12-28 13:48:28,527 [org.apache.hadoop.util.JvmPauseMonitor$Monitor@6b591c95] INFO  util.JvmPauseMonitor (JvmPauseMonitor.java:run(188)) - Starting JVM pause monitor
2020-12-28 13:48:28,528 [Datanode State Machine Task Thread - 0] INFO  datanode.InitDatanodeState (InitDatanodeState.java:persistContainerDatanodeDetails(145)) - DatanodeDetails is persisted to /github/workspace/mnt/ozone/hadoop-ozone/integration-test/target/test-dir/MiniOzoneClusterImpl-bdf594c0-931e-4198-806f-06e591ff76c3/datanode-5/meta/datanode.id
2020-12-28 13:48:29,522 [Listener at 127.0.0.1/45143] INFO  ozone.MiniOzoneClusterImpl (MiniOzoneClusterImpl.java:lambda$waitForClusterToBeReady$0(178)) - Waiting for nodes to be ready. Got 0 of 6 DN Heartbeats.
2020-12-28 13:48:29,523 [Listener at 127.0.0.1/45143] INFO  ozone.MiniOzoneClusterImpl (MiniOzoneClusterImpl.java:lambda$waitForClusterToBeReady$0(181)) - Waiting for cluster to exit safe mode
2020-12-28 13:48:29,597 [EndpointStateMachine task thread for /0.0.0.0:37861 - 0 ] INFO  ozoneimpl.OzoneContainer (OzoneContainer.java:start(243)) - Attempting to start container services.
2020-12-28 13:48:29,597 [EndpointStateMachine task thread for /0.0.0.0:37861 - 0 ] INFO  ozoneimpl.OzoneContainer (OzoneContainer.java:startContainerScrub(207)) - Background container scanner has been disabled.
2020-12-28 13:48:29,597 [EndpointStateMachine task thread for /0.0.0.0:37861 - 0 ] INFO  ratis.XceiverServerRatis (XceiverServerRatis.java:start(455)) - Starting XceiverServerRatis 27693bd8-fb4b-4214-8f6f-61df0de82a87 at port 0
2020-12-28 13:48:29,600 [EndpointStateMachine task thread for /0.0.0.0:37861 - 0 ] INFO  server.RaftServer (RaftServerProxy.java:lambda$start$5(370)) - 27693bd8-fb4b-4214-8f6f-61df0de82a87: start RPC server
2020-12-28 13:48:29,601 [EndpointStateMachine task thread for /0.0.0.0:37861 - 0 ] INFO  server.GrpcService (GrpcService.java:startImpl(177)) - 27693bd8-fb4b-4214-8f6f-61df0de82a87: GrpcService started, listening on 0.0.0.0/0.0.0.0:35297
2020-12-28 13:48:29,601 [EndpointStateMachine task thread for /0.0.0.0:37861 - 0 ] INFO  ratis.XceiverServerRatis (XceiverServerRatis.java:start(467)) - XceiverServerRatis 27693bd8-fb4b-4214-8f6f-61df0de82a87 is started using port 35297
2020-12-28 13:48:29,602 [EndpointStateMachine task thread for /0.0.0.0:37861 - 0 ] INFO  server.XceiverServerGrpc (XceiverServerGrpc.java:start(145)) - XceiverServerGrpc 27693bd8-fb4b-4214-8f6f-61df0de82a87 is started using port 36859
2020-12-28 13:48:29,602 [org.apache.ratis.util.JvmPauseMonitor$$Lambda$222/1304631346@74f1de59] INFO  util.JvmPauseMonitor (JvmPauseMonitor.java:run(103)) - JvmPauseMonitor-27693bd8-fb4b-4214-8f6f-61df0de82a87: Started
2020-12-28 13:48:29,775 [EndpointStateMachine task thread for /0.0.0.0:37861 - 0 ] INFO  ozoneimpl.OzoneContainer (OzoneContainer.java:start(243)) - Attempting to start container services.
2020-12-28 13:48:29,779 [EndpointStateMachine task thread for /0.0.0.0:37861 - 0 ] INFO  ozoneimpl.OzoneContainer (OzoneContainer.java:startContainerScrub(207)) - Background container scanner has been disabled.
2020-12-28 13:48:29,779 [EndpointStateMachine task thread for /0.0.0.0:37861 - 0 ] INFO  ratis.XceiverServerRatis (XceiverServerRatis.java:start(455)) - Starting XceiverServerRatis 332fbba1-841e-4633-be6b-7b3b7ad52219 at port 0
2020-12-28 13:48:29,784 [EndpointStateMachine task thread for /0.0.0.0:37861 - 0 ] INFO  server.RaftServer (RaftServerProxy.java:lambda$start$5(370)) - 332fbba1-841e-4633-be6b-7b3b7ad52219: start RPC server
2020-12-28 13:48:29,784 [EndpointStateMachine task thread for /0.0.0.0:37861 - 0 ] INFO  server.GrpcService (GrpcService.java:startImpl(177)) - 332fbba1-841e-4633-be6b-7b3b7ad52219: GrpcService started, listening on 0.0.0.0/0.0.0.0:37643
2020-12-28 13:48:29,785 [EndpointStateMachine task thread for /0.0.0.0:37861 - 0 ] INFO  ratis.XceiverServerRatis (XceiverServerRatis.java:start(467)) - XceiverServerRatis 332fbba1-841e-4633-be6b-7b3b7ad52219 is started using port 37643
2020-12-28 13:48:29,785 [org.apache.ratis.util.JvmPauseMonitor$$Lambda$222/1304631346@29dd5c24] INFO  util.JvmPauseMonitor (JvmPauseMonitor.java:run(103)) - JvmPauseMonitor-332fbba1-841e-4633-be6b-7b3b7ad52219: Started
2020-12-28 13:48:29,785 [EndpointStateMachine task thread for /0.0.0.0:37861 - 0 ] INFO  server.XceiverServerGrpc (XceiverServerGrpc.java:start(145)) - XceiverServerGrpc 332fbba1-841e-4633-be6b-7b3b7ad52219 is started using port 44943
2020-12-28 13:48:29,979 [EndpointStateMachine task thread for /0.0.0.0:37861 - 0 ] INFO  ozoneimpl.OzoneContainer (OzoneContainer.java:start(243)) - Attempting to start container services.
2020-12-28 13:48:29,979 [EndpointStateMachine task thread for /0.0.0.0:37861 - 0 ] INFO  ozoneimpl.OzoneContainer (OzoneContainer.java:startContainerScrub(207)) - Background container scanner has been disabled.
2020-12-28 13:48:29,979 [EndpointStateMachine task thread for /0.0.0.0:37861 - 0 ] INFO  ratis.XceiverServerRatis (XceiverServerRatis.java:start(455)) - Starting XceiverServerRatis e508d2ab-90e0-4998-a856-79bccff972e6 at port 0
2020-12-28 13:48:29,980 [EndpointStateMachine task thread for /0.0.0.0:37861 - 0 ] INFO  server.RaftServer (RaftServerProxy.java:lambda$start$5(370)) - e508d2ab-90e0-4998-a856-79bccff972e6: start RPC server
2020-12-28 13:48:29,981 [EndpointStateMachine task thread for /0.0.0.0:37861 - 0 ] INFO  server.GrpcService (GrpcService.java:startImpl(177)) - e508d2ab-90e0-4998-a856-79bccff972e6: GrpcService started, listening on 0.0.0.0/0.0.0.0:35913
2020-12-28 13:48:29,982 [EndpointStateMachine task thread for /0.0.0.0:37861 - 0 ] INFO  ratis.XceiverServerRatis (XceiverServerRatis.java:start(467)) - XceiverServerRatis e508d2ab-90e0-4998-a856-79bccff972e6 is started using port 35913
2020-12-28 13:48:29,982 [org.apache.ratis.util.JvmPauseMonitor$$Lambda$222/1304631346@784b83db] INFO  util.JvmPauseMonitor (JvmPauseMonitor.java:run(103)) - JvmPauseMonitor-e508d2ab-90e0-4998-a856-79bccff972e6: Started
2020-12-28 13:48:29,982 [EndpointStateMachine task thread for /0.0.0.0:37861 - 0 ] INFO  server.XceiverServerGrpc (XceiverServerGrpc.java:start(145)) - XceiverServerGrpc e508d2ab-90e0-4998-a856-79bccff972e6 is started using port 39541
2020-12-28 13:48:30,182 [EndpointStateMachine task thread for /0.0.0.0:37861 - 0 ] INFO  ozoneimpl.OzoneContainer (OzoneContainer.java:start(243)) - Attempting to start container services.
2020-12-28 13:48:30,183 [EndpointStateMachine task thread for /0.0.0.0:37861 - 0 ] INFO  ozoneimpl.OzoneContainer (OzoneContainer.java:startContainerScrub(207)) - Background container scanner has been disabled.
2020-12-28 13:48:30,183 [EndpointStateMachine task thread for /0.0.0.0:37861 - 0 ] INFO  ratis.XceiverServerRatis (XceiverServerRatis.java:start(455)) - Starting XceiverServerRatis ede2715c-525a-43bb-bbef-11d8a10627b5 at port 0
2020-12-28 13:48:30,185 [EndpointStateMachine task thread for /0.0.0.0:37861 - 0 ] INFO  server.RaftServer (RaftServerProxy.java:lambda$start$5(370)) - ede2715c-525a-43bb-bbef-11d8a10627b5: start RPC server
2020-12-28 13:48:30,187 [EndpointStateMachine task thread for /0.0.0.0:37861 - 0 ] INFO  server.GrpcService (GrpcService.java:startImpl(177)) - ede2715c-525a-43bb-bbef-11d8a10627b5: GrpcService started, listening on 0.0.0.0/0.0.0.0:40065
2020-12-28 13:48:30,187 [EndpointStateMachine task thread for /0.0.0.0:37861 - 0 ] INFO  ratis.XceiverServerRatis (XceiverServerRatis.java:start(467)) - XceiverServerRatis ede2715c-525a-43bb-bbef-11d8a10627b5 is started using port 40065
2020-12-28 13:48:30,187 [org.apache.ratis.util.JvmPauseMonitor$$Lambda$222/1304631346@748c5150] INFO  util.JvmPauseMonitor (JvmPauseMonitor.java:run(103)) - JvmPauseMonitor-ede2715c-525a-43bb-bbef-11d8a10627b5: Started
2020-12-28 13:48:30,187 [EndpointStateMachine task thread for /0.0.0.0:37861 - 0 ] INFO  server.XceiverServerGrpc (XceiverServerGrpc.java:start(145)) - XceiverServerGrpc ede2715c-525a-43bb-bbef-11d8a10627b5 is started using port 39009
2020-12-28 13:48:30,349 [EndpointStateMachine task thread for /0.0.0.0:37861 - 0 ] INFO  ozoneimpl.OzoneContainer (OzoneContainer.java:start(243)) - Attempting to start container services.
2020-12-28 13:48:30,350 [EndpointStateMachine task thread for /0.0.0.0:37861 - 0 ] INFO  ozoneimpl.OzoneContainer (OzoneContainer.java:startContainerScrub(207)) - Background container scanner has been disabled.
2020-12-28 13:48:30,350 [EndpointStateMachine task thread for /0.0.0.0:37861 - 0 ] INFO  ratis.XceiverServerRatis (XceiverServerRatis.java:start(455)) - Starting XceiverServerRatis c5825b16-4892-462f-82e3-ba8f99a31f50 at port 0
2020-12-28 13:48:30,356 [EndpointStateMachine task thread for /0.0.0.0:37861 - 0 ] INFO  server.RaftServer (RaftServerProxy.java:lambda$start$5(370)) - c5825b16-4892-462f-82e3-ba8f99a31f50: start RPC server
2020-12-28 13:48:30,356 [EndpointStateMachine task thread for /0.0.0.0:37861 - 0 ] INFO  server.GrpcService (GrpcService.java:startImpl(177)) - c5825b16-4892-462f-82e3-ba8f99a31f50: GrpcService started, listening on 0.0.0.0/0.0.0.0:36229
2020-12-28 13:48:30,357 [EndpointStateMachine task thread for /0.0.0.0:37861 - 0 ] INFO  ratis.XceiverServerRatis (XceiverServerRatis.java:start(467)) - XceiverServerRatis c5825b16-4892-462f-82e3-ba8f99a31f50 is started using port 36229
2020-12-28 13:48:30,357 [org.apache.ratis.util.JvmPauseMonitor$$Lambda$222/1304631346@cabb4d4] INFO  util.JvmPauseMonitor (JvmPauseMonitor.java:run(103)) - JvmPauseMonitor-c5825b16-4892-462f-82e3-ba8f99a31f50: Started
2020-12-28 13:48:30,357 [EndpointStateMachine task thread for /0.0.0.0:37861 - 0 ] INFO  server.XceiverServerGrpc (XceiverServerGrpc.java:start(145)) - XceiverServerGrpc c5825b16-4892-462f-82e3-ba8f99a31f50 is started using port 33027
2020-12-28 13:48:30,523 [Listener at 127.0.0.1/45143] INFO  ozone.MiniOzoneClusterImpl (MiniOzoneClusterImpl.java:lambda$waitForClusterToBeReady$0(178)) - Waiting for nodes to be ready. Got 0 of 6 DN Heartbeats.
2020-12-28 13:48:30,523 [Listener at 127.0.0.1/45143] INFO  ozone.MiniOzoneClusterImpl (MiniOzoneClusterImpl.java:lambda$waitForClusterToBeReady$0(181)) - Waiting for cluster to exit safe mode
2020-12-28 13:48:30,529 [EndpointStateMachine task thread for /0.0.0.0:37861 - 0 ] INFO  ozoneimpl.OzoneContainer (OzoneContainer.java:start(243)) - Attempting to start container services.
2020-12-28 13:48:30,529 [EndpointStateMachine task thread for /0.0.0.0:37861 - 0 ] INFO  ozoneimpl.OzoneContainer (OzoneContainer.java:startContainerScrub(207)) - Background container scanner has been disabled.
2020-12-28 13:48:30,529 [EndpointStateMachine task thread for /0.0.0.0:37861 - 0 ] INFO  ratis.XceiverServerRatis (XceiverServerRatis.java:start(455)) - Starting XceiverServerRatis d7483ff8-d446-4b93-ae84-b7d33969bf66 at port 0
2020-12-28 13:48:30,530 [EndpointStateMachine task thread for /0.0.0.0:37861 - 0 ] INFO  server.RaftServer (RaftServerProxy.java:lambda$start$5(370)) - d7483ff8-d446-4b93-ae84-b7d33969bf66: start RPC server
2020-12-28 13:48:30,531 [EndpointStateMachine task thread for /0.0.0.0:37861 - 0 ] INFO  server.GrpcService (GrpcService.java:startImpl(177)) - d7483ff8-d446-4b93-ae84-b7d33969bf66: GrpcService started, listening on 0.0.0.0/0.0.0.0:43973
2020-12-28 13:48:30,531 [EndpointStateMachine task thread for /0.0.0.0:37861 - 0 ] INFO  ratis.XceiverServerRatis (XceiverServerRatis.java:start(467)) - XceiverServerRatis d7483ff8-d446-4b93-ae84-b7d33969bf66 is started using port 43973
2020-12-28 13:48:30,531 [org.apache.ratis.util.JvmPauseMonitor$$Lambda$222/1304631346@26f91346] INFO  util.JvmPauseMonitor (JvmPauseMonitor.java:run(103)) - JvmPauseMonitor-d7483ff8-d446-4b93-ae84-b7d33969bf66: Started
2020-12-28 13:48:30,532 [EndpointStateMachine task thread for /0.0.0.0:37861 - 0 ] INFO  server.XceiverServerGrpc (XceiverServerGrpc.java:start(145)) - XceiverServerGrpc d7483ff8-d446-4b93-ae84-b7d33969bf66 is started using port 36557
2020-12-28 13:48:31,524 [Listener at 127.0.0.1/45143] INFO  ozone.MiniOzoneClusterImpl (MiniOzoneClusterImpl.java:lambda$waitForClusterToBeReady$0(178)) - Waiting for nodes to be ready. Got 0 of 6 DN Heartbeats.
2020-12-28 13:48:31,524 [Listener at 127.0.0.1/45143] INFO  ozone.MiniOzoneClusterImpl (MiniOzoneClusterImpl.java:lambda$waitForClusterToBeReady$0(181)) - Waiting for cluster to exit safe mode
2020-12-28 13:48:31,592 [IPC Server handler 1 on default port 37861] INFO  net.NetworkTopologyImpl (NetworkTopologyImpl.java:add(111)) - Added a new node: /default-rack/27693bd8-fb4b-4214-8f6f-61df0de82a87
2020-12-28 13:48:31,593 [IPC Server handler 1 on default port 37861] INFO  node.SCMNodeManager (SCMNodeManager.java:register(341)) - Registered Data node : 27693bd8-fb4b-4214-8f6f-61df0de82a87{ip: 172.17.0.2, host: 10028447f7ab, networkLocation: /default-rack, certSerialId: null, persistedOpState: IN_SERVICE, persistedOpStateExpiryEpochSec: 0}
2020-12-28 13:48:31,594 [RatisPipelineUtilsThread] INFO  pipeline.RatisPipelineProvider (RatisPipelineProvider.java:lambda$create$0(161)) - Sending CreatePipelineCommand for pipeline:PipelineID=f292b469-5326-4df3-80ce-2e53a9272730 to datanode:27693bd8-fb4b-4214-8f6f-61df0de82a87
2020-12-28 13:48:31,595 [EventQueue-NodeRegistrationContainerReportForContainerSafeModeRule] INFO  safemode.SCMSafeModeManager (SCMSafeModeManager.java:validateSafeModeExitRules(214)) - ContainerSafeModeRule rule is successfully validated
2020-12-28 13:48:31,595 [EventQueue-NodeRegistrationContainerReportForDataNodeSafeModeRule] INFO  safemode.SCMSafeModeManager (DataNodeSafeModeRule.java:process(71)) - SCM in safe mode. 1 DataNodes registered, 1 required.
2020-12-28 13:48:31,598 [EventQueue-NodeRegistrationContainerReportForDataNodeSafeModeRule] INFO  safemode.SCMSafeModeManager (SCMSafeModeManager.java:validateSafeModeExitRules(214)) - DataNodeSafeModeRule rule is successfully validated
2020-12-28 13:48:31,599 [EventQueue-NodeRegistrationContainerReportForDataNodeSafeModeRule] INFO  safemode.SCMSafeModeManager (SCMSafeModeManager.java:completePreCheck(242)) - All SCM safe mode pre check rules have passed
2020-12-28 13:48:31,599 [RatisPipelineUtilsThread] INFO  pipeline.PipelineStateManager (PipelineStateManager.java:addPipeline(54)) - Created pipeline Pipeline[ Id: f292b469-5326-4df3-80ce-2e53a9272730, Nodes: 27693bd8-fb4b-4214-8f6f-61df0de82a87{ip: 172.17.0.2, host: 10028447f7ab, networkLocation: /default-rack, certSerialId: null, persistedOpState: IN_SERVICE, persistedOpStateExpiryEpochSec: 0}, Type:RATIS, Factor:ONE, State:ALLOCATED, leaderId:, CreationTimestamp2020-12-28T13:48:31.594Z]
2020-12-28 13:48:31,599 [EventQueue-PipelineReportForOneReplicaPipelineSafeModeRule] INFO  safemode.SCMSafeModeManager (SCMSafeModeManager.java:validateSafeModeExitRules(214)) - AtleastOneDatanodeReportedRule rule is successfully validated
2020-12-28 13:48:31,599 [RatisPipelineUtilsThread] WARN  pipeline.PipelinePlacementPolicy (PipelinePlacementPolicy.java:filterViableNodes(139)) - Pipeline creation failed due to no sufficient healthy datanodes. Required 3. Found 1.
2020-12-28 13:48:31,772 [IPC Server handler 3 on default port 37861] INFO  net.NetworkTopologyImpl (NetworkTopologyImpl.java:add(111)) - Added a new node: /default-rack/332fbba1-841e-4633-be6b-7b3b7ad52219
2020-12-28 13:48:31,772 [IPC Server handler 3 on default port 37861] INFO  node.SCMNodeManager (SCMNodeManager.java:register(341)) - Registered Data node : 332fbba1-841e-4633-be6b-7b3b7ad52219{ip: 172.17.0.2, host: 10028447f7ab, networkLocation: /default-rack, certSerialId: null, persistedOpState: IN_SERVICE, persistedOpStateExpiryEpochSec: 0}
2020-12-28 13:48:31,773 [EventQueue-NodeRegistrationContainerReportForContainerSafeModeRule] INFO  safemode.SCMSafeModeManager (SCMSafeModeManager.java:validateSafeModeExitRules(214)) - ContainerSafeModeRule rule is successfully validated
2020-12-28 13:48:31,774 [EventQueue-NodeRegistrationContainerReportForDataNodeSafeModeRule] INFO  safemode.SCMSafeModeManager (SCMSafeModeManager.java:validateSafeModeExitRules(214)) - DataNodeSafeModeRule rule is successfully validated
2020-12-28 13:48:31,774 [EventQueue-PipelineReportForOneReplicaPipelineSafeModeRule] INFO  safemode.SCMSafeModeManager (SCMSafeModeManager.java:validateSafeModeExitRules(214)) - AtleastOneDatanodeReportedRule rule is successfully validated
2020-12-28 13:48:31,774 [RatisPipelineUtilsThread] INFO  pipeline.RatisPipelineProvider (RatisPipelineProvider.java:lambda$create$0(161)) - Sending CreatePipelineCommand for pipeline:PipelineID=25e8ea36-1b59-4c27-9d74-bac69c5844b7 to datanode:332fbba1-841e-4633-be6b-7b3b7ad52219
2020-12-28 13:48:31,775 [RatisPipelineUtilsThread] INFO  pipeline.PipelineStateManager (PipelineStateManager.java:addPipeline(54)) - Created pipeline Pipeline[ Id: 25e8ea36-1b59-4c27-9d74-bac69c5844b7, Nodes: 332fbba1-841e-4633-be6b-7b3b7ad52219{ip: 172.17.0.2, host: 10028447f7ab, networkLocation: /default-rack, certSerialId: null, persistedOpState: IN_SERVICE, persistedOpStateExpiryEpochSec: 0}, Type:RATIS, Factor:ONE, State:ALLOCATED, leaderId:, CreationTimestamp2020-12-28T13:48:31.774Z]
2020-12-28 13:48:31,775 [RatisPipelineUtilsThread] WARN  pipeline.PipelinePlacementPolicy (PipelinePlacementPolicy.java:filterViableNodes(139)) - Pipeline creation failed due to no sufficient healthy datanodes. Required 3. Found 2.
2020-12-28 13:48:31,978 [IPC Server handler 4 on default port 37861] INFO  net.NetworkTopologyImpl (NetworkTopologyImpl.java:add(111)) - Added a new node: /default-rack/e508d2ab-90e0-4998-a856-79bccff972e6
2020-12-28 13:48:31,978 [IPC Server handler 4 on default port 37861] INFO  node.SCMNodeManager (SCMNodeManager.java:register(341)) - Registered Data node : e508d2ab-90e0-4998-a856-79bccff972e6{ip: 172.17.0.2, host: 10028447f7ab, networkLocation: /default-rack, certSerialId: null, persistedOpState: IN_SERVICE, persistedOpStateExpiryEpochSec: 0}
2020-12-28 13:48:31,979 [EventQueue-NodeRegistrationContainerReportForContainerSafeModeRule] INFO  safemode.SCMSafeModeManager (SCMSafeModeManager.java:validateSafeModeExitRules(214)) - ContainerSafeModeRule rule is successfully validated
2020-12-28 13:48:31,979 [EventQueue-NodeRegistrationContainerReportForDataNodeSafeModeRule] INFO  safemode.SCMSafeModeManager (SCMSafeModeManager.java:validateSafeModeExitRules(214)) - DataNodeSafeModeRule rule is successfully validated
2020-12-28 13:48:31,980 [RatisPipelineUtilsThread] INFO  pipeline.RatisPipelineProvider (RatisPipelineProvider.java:lambda$create$0(161)) - Sending CreatePipelineCommand for pipeline:PipelineID=eef1fea6-9141-4155-aa8f-8d24f49300f7 to datanode:e508d2ab-90e0-4998-a856-79bccff972e6
2020-12-28 13:48:31,981 [RatisPipelineUtilsThread] INFO  pipeline.PipelineStateManager (PipelineStateManager.java:addPipeline(54)) - Created pipeline Pipeline[ Id: eef1fea6-9141-4155-aa8f-8d24f49300f7, Nodes: e508d2ab-90e0-4998-a856-79bccff972e6{ip: 172.17.0.2, host: 10028447f7ab, networkLocation: /default-rack, certSerialId: null, persistedOpState: IN_SERVICE, persistedOpStateExpiryEpochSec: 0}, Type:RATIS, Factor:ONE, State:ALLOCATED, leaderId:, CreationTimestamp2020-12-28T13:48:31.980Z]
2020-12-28 13:48:31,981 [RatisPipelineUtilsThread] INFO  pipeline.RatisPipelineProvider (RatisPipelineProvider.java:lambda$create$0(161)) - Sending CreatePipelineCommand for pipeline:PipelineID=df853216-7ced-4cab-b66e-4fe386a73824 to datanode:27693bd8-fb4b-4214-8f6f-61df0de82a87
2020-12-28 13:48:31,981 [RatisPipelineUtilsThread] INFO  pipeline.RatisPipelineProvider (RatisPipelineProvider.java:lambda$create$0(161)) - Sending CreatePipelineCommand for pipeline:PipelineID=df853216-7ced-4cab-b66e-4fe386a73824 to datanode:e508d2ab-90e0-4998-a856-79bccff972e6
2020-12-28 13:48:31,981 [RatisPipelineUtilsThread] INFO  pipeline.RatisPipelineProvider (RatisPipelineProvider.java:lambda$create$0(161)) - Sending CreatePipelineCommand for pipeline:PipelineID=df853216-7ced-4cab-b66e-4fe386a73824 to datanode:332fbba1-841e-4633-be6b-7b3b7ad52219
2020-12-28 13:48:31,982 [RatisPipelineUtilsThread] INFO  pipeline.PipelineStateManager (PipelineStateManager.java:addPipeline(54)) - Created pipeline Pipeline[ Id: df853216-7ced-4cab-b66e-4fe386a73824, Nodes: 27693bd8-fb4b-4214-8f6f-61df0de82a87{ip: 172.17.0.2, host: 10028447f7ab, networkLocation: /default-rack, certSerialId: null, persistedOpState: IN_SERVICE, persistedOpStateExpiryEpochSec: 0}e508d2ab-90e0-4998-a856-79bccff972e6{ip: 172.17.0.2, host: 10028447f7ab, networkLocation: /default-rack, certSerialId: null, persistedOpState: IN_SERVICE, persistedOpStateExpiryEpochSec: 0}332fbba1-841e-4633-be6b-7b3b7ad52219{ip: 172.17.0.2, host: 10028447f7ab, networkLocation: /default-rack, certSerialId: null, persistedOpState: IN_SERVICE, persistedOpStateExpiryEpochSec: 0}, Type:RATIS, Factor:THREE, State:ALLOCATED, leaderId:, CreationTimestamp2020-12-28T13:48:31.981Z]
2020-12-28 13:48:31,983 [EventQueue-PipelineReportForOneReplicaPipelineSafeModeRule] INFO  safemode.SCMSafeModeManager (SCMSafeModeManager.java:validateSafeModeExitRules(214)) - AtleastOneDatanodeReportedRule rule is successfully validated
2020-12-28 13:48:32,180 [IPC Server handler 5 on default port 37861] INFO  net.NetworkTopologyImpl (NetworkTopologyImpl.java:add(111)) - Added a new node: /default-rack/ede2715c-525a-43bb-bbef-11d8a10627b5
2020-12-28 13:48:32,182 [IPC Server handler 5 on default port 37861] INFO  node.SCMNodeManager (SCMNodeManager.java:register(341)) - Registered Data node : ede2715c-525a-43bb-bbef-11d8a10627b5{ip: 172.17.0.2, host: 10028447f7ab, networkLocation: /default-rack, certSerialId: null, persistedOpState: IN_SERVICE, persistedOpStateExpiryEpochSec: 0}
2020-12-28 13:48:32,182 [EventQueue-NodeRegistrationContainerReportForContainerSafeModeRule] INFO  safemode.SCMSafeModeManager (SCMSafeModeManager.java:validateSafeModeExitRules(214)) - ContainerSafeModeRule rule is successfully validated
2020-12-28 13:48:32,182 [EventQueue-NodeRegistrationContainerReportForDataNodeSafeModeRule] INFO  safemode.SCMSafeModeManager (SCMSafeModeManager.java:validateSafeModeExitRules(214)) - DataNodeSafeModeRule rule is successfully validated
2020-12-28 13:48:32,182 [EventQueue-PipelineReportForOneReplicaPipelineSafeModeRule] INFO  safemode.SCMSafeModeManager (SCMSafeModeManager.java:validateSafeModeExitRules(214)) - AtleastOneDatanodeReportedRule rule is successfully validated
2020-12-28 13:48:32,185 [RatisPipelineUtilsThread] INFO  pipeline.RatisPipelineProvider (RatisPipelineProvider.java:lambda$create$0(161)) - Sending CreatePipelineCommand for pipeline:PipelineID=90cc7fe8-532a-4f23-bad5-f5f70914b4cf to datanode:ede2715c-525a-43bb-bbef-11d8a10627b5
2020-12-28 13:48:32,185 [RatisPipelineUtilsThread] INFO  pipeline.PipelineStateManager (PipelineStateManager.java:addPipeline(54)) - Created pipeline Pipeline[ Id: 90cc7fe8-532a-4f23-bad5-f5f70914b4cf, Nodes: ede2715c-525a-43bb-bbef-11d8a10627b5{ip: 172.17.0.2, host: 10028447f7ab, networkLocation: /default-rack, certSerialId: null, persistedOpState: IN_SERVICE, persistedOpStateExpiryEpochSec: 0}, Type:RATIS, Factor:ONE, State:ALLOCATED, leaderId:, CreationTimestamp2020-12-28T13:48:32.185Z]
2020-12-28 13:48:32,347 [IPC Server handler 0 on default port 37861] INFO  net.NetworkTopologyImpl (NetworkTopologyImpl.java:add(111)) - Added a new node: /default-rack/c5825b16-4892-462f-82e3-ba8f99a31f50
2020-12-28 13:48:32,348 [IPC Server handler 0 on default port 37861] INFO  node.SCMNodeManager (SCMNodeManager.java:register(341)) - Registered Data node : c5825b16-4892-462f-82e3-ba8f99a31f50{ip: 172.17.0.2, host: 10028447f7ab, networkLocation: /default-rack, certSerialId: null, persistedOpState: IN_SERVICE, persistedOpStateExpiryEpochSec: 0}
2020-12-28 13:48:32,348 [RatisPipelineUtilsThread] INFO  pipeline.RatisPipelineProvider (RatisPipelineProvider.java:lambda$create$0(161)) - Sending CreatePipelineCommand for pipeline:PipelineID=f347d902-3ba2-4b07-9b52-d4ce2357a7c1 to datanode:c5825b16-4892-462f-82e3-ba8f99a31f50
2020-12-28 13:48:32,348 [EventQueue-NodeRegistrationContainerReportForContainerSafeModeRule] INFO  safemode.SCMSafeModeManager (SCMSafeModeManager.java:validateSafeModeExitRules(214)) - ContainerSafeModeRule rule is successfully validated
2020-12-28 13:48:32,349 [EventQueue-NodeRegistrationContainerReportForDataNodeSafeModeRule] INFO  safemode.SCMSafeModeManager (SCMSafeModeManager.java:validateSafeModeExitRules(214)) - DataNodeSafeModeRule rule is successfully validated
2020-12-28 13:48:32,349 [EventQueue-PipelineReportForOneReplicaPipelineSafeModeRule] INFO  safemode.SCMSafeModeManager (SCMSafeModeManager.java:validateSafeModeExitRules(214)) - AtleastOneDatanodeReportedRule rule is successfully validated
2020-12-28 13:48:32,349 [RatisPipelineUtilsThread] INFO  pipeline.PipelineStateManager (PipelineStateManager.java:addPipeline(54)) - Created pipeline Pipeline[ Id: f347d902-3ba2-4b07-9b52-d4ce2357a7c1, Nodes: c5825b16-4892-462f-82e3-ba8f99a31f50{ip: 172.17.0.2, host: 10028447f7ab, networkLocation: /default-rack, certSerialId: null, persistedOpState: IN_SERVICE, persistedOpStateExpiryEpochSec: 0}, Type:RATIS, Factor:ONE, State:ALLOCATED, leaderId:, CreationTimestamp2020-12-28T13:48:32.348Z]
2020-12-28 13:48:32,524 [Listener at 127.0.0.1/45143] INFO  ozone.MiniOzoneClusterImpl (MiniOzoneClusterImpl.java:lambda$waitForClusterToBeReady$0(178)) - Waiting for nodes to be ready. Got 5 of 6 DN Heartbeats.
2020-12-28 13:48:32,525 [Listener at 127.0.0.1/45143] INFO  ozone.MiniOzoneClusterImpl (MiniOzoneClusterImpl.java:lambda$waitForClusterToBeReady$0(181)) - Waiting for cluster to exit safe mode
2020-12-28 13:48:32,529 [IPC Server handler 2 on default port 37861] INFO  net.NetworkTopologyImpl (NetworkTopologyImpl.java:add(111)) - Added a new node: /default-rack/d7483ff8-d446-4b93-ae84-b7d33969bf66
2020-12-28 13:48:32,529 [IPC Server handler 2 on default port 37861] INFO  node.SCMNodeManager (SCMNodeManager.java:register(341)) - Registered Data node : d7483ff8-d446-4b93-ae84-b7d33969bf66{ip: 172.17.0.2, host: 10028447f7ab, networkLocation: /default-rack, certSerialId: null, persistedOpState: IN_SERVICE, persistedOpStateExpiryEpochSec: 0}
2020-12-28 13:48:32,529 [EventQueue-NodeRegistrationContainerReportForContainerSafeModeRule] INFO  safemode.SCMSafeModeManager (SCMSafeModeManager.java:validateSafeModeExitRules(214)) - ContainerSafeModeRule rule is successfully validated
2020-12-28 13:48:32,529 [EventQueue-NodeRegistrationContainerReportForDataNodeSafeModeRule] INFO  safemode.SCMSafeModeManager (SCMSafeModeManager.java:validateSafeModeExitRules(214)) - DataNodeSafeModeRule rule is successfully validated
2020-12-28 13:48:32,529 [EventQueue-PipelineReportForOneReplicaPipelineSafeModeRule] INFO  safemode.SCMSafeModeManager (SCMSafeModeManager.java:validateSafeModeExitRules(214)) - AtleastOneDatanodeReportedRule rule is successfully validated
2020-12-28 13:48:32,530 [RatisPipelineUtilsThread] INFO  pipeline.RatisPipelineProvider (RatisPipelineProvider.java:lambda$create$0(161)) - Sending CreatePipelineCommand for pipeline:PipelineID=551b81fd-932e-4ee0-9ad1-624738f4775d to datanode:d7483ff8-d446-4b93-ae84-b7d33969bf66
2020-12-28 13:48:32,530 [RatisPipelineUtilsThread] INFO  pipeline.PipelineStateManager (PipelineStateManager.java:addPipeline(54)) - Created pipeline Pipeline[ Id: 551b81fd-932e-4ee0-9ad1-624738f4775d, Nodes: d7483ff8-d446-4b93-ae84-b7d33969bf66{ip: 172.17.0.2, host: 10028447f7ab, networkLocation: /default-rack, certSerialId: null, persistedOpState: IN_SERVICE, persistedOpStateExpiryEpochSec: 0}, Type:RATIS, Factor:ONE, State:ALLOCATED, leaderId:, CreationTimestamp2020-12-28T13:48:32.530Z]
2020-12-28 13:48:32,531 [RatisPipelineUtilsThread] INFO  pipeline.RatisPipelineProvider (RatisPipelineProvider.java:lambda$create$0(161)) - Sending CreatePipelineCommand for pipeline:PipelineID=7358459d-60ce-490b-a741-70a148eb6a12 to datanode:c5825b16-4892-462f-82e3-ba8f99a31f50
2020-12-28 13:48:32,531 [RatisPipelineUtilsThread] INFO  pipeline.RatisPipelineProvider (RatisPipelineProvider.java:lambda$create$0(161)) - Sending CreatePipelineCommand for pipeline:PipelineID=7358459d-60ce-490b-a741-70a148eb6a12 to datanode:ede2715c-525a-43bb-bbef-11d8a10627b5
2020-12-28 13:48:32,531 [RatisPipelineUtilsThread] INFO  pipeline.RatisPipelineProvider (RatisPipelineProvider.java:lambda$create$0(161)) - Sending CreatePipelineCommand for pipeline:PipelineID=7358459d-60ce-490b-a741-70a148eb6a12 to datanode:d7483ff8-d446-4b93-ae84-b7d33969bf66
2020-12-28 13:48:32,531 [RatisPipelineUtilsThread] INFO  pipeline.PipelineStateManager (PipelineStateManager.java:addPipeline(54)) - Created pipeline Pipeline[ Id: 7358459d-60ce-490b-a741-70a148eb6a12, Nodes: c5825b16-4892-462f-82e3-ba8f99a31f50{ip: 172.17.0.2, host: 10028447f7ab, networkLocation: /default-rack, certSerialId: null, persistedOpState: IN_SERVICE, persistedOpStateExpiryEpochSec: 0}ede2715c-525a-43bb-bbef-11d8a10627b5{ip: 172.17.0.2, host: 10028447f7ab, networkLocation: /default-rack, certSerialId: null, persistedOpState: IN_SERVICE, persistedOpStateExpiryEpochSec: 0}d7483ff8-d446-4b93-ae84-b7d33969bf66{ip: 172.17.0.2, host: 10028447f7ab, networkLocation: /default-rack, certSerialId: null, persistedOpState: IN_SERVICE, persistedOpStateExpiryEpochSec: 0}, Type:RATIS, Factor:THREE, State:ALLOCATED, leaderId:, CreationTimestamp2020-12-28T13:48:32.531Z]
2020-12-28 13:48:33,525 [Listener at 127.0.0.1/45143] INFO  ozone.MiniOzoneClusterImpl (MiniOzoneClusterImpl.java:lambda$waitForClusterToBeReady$0(178)) - Nodes are ready. Got 6 of 6 DN Heartbeats.
2020-12-28 13:48:33,525 [Listener at 127.0.0.1/45143] INFO  ozone.MiniOzoneClusterImpl (MiniOzoneClusterImpl.java:lambda$waitForClusterToBeReady$0(181)) - Waiting for cluster to exit safe mode
2020-12-28 13:48:33,592 [EventQueue-PipelineReportForOneReplicaPipelineSafeModeRule] INFO  safemode.SCMSafeModeManager (SCMSafeModeManager.java:validateSafeModeExitRules(214)) - AtleastOneDatanodeReportedRule rule is successfully validated
2020-12-28 13:48:33,772 [EventQueue-PipelineReportForOneReplicaPipelineSafeModeRule] INFO  safemode.SCMSafeModeManager (SCMSafeModeManager.java:validateSafeModeExitRules(214)) - AtleastOneDatanodeReportedRule rule is successfully validated
2020-12-28 13:48:33,978 [EventQueue-PipelineReportForOneReplicaPipelineSafeModeRule] INFO  safemode.SCMSafeModeManager (SCMSafeModeManager.java:validateSafeModeExitRules(214)) - AtleastOneDatanodeReportedRule rule is successfully validated
2020-12-28 13:48:34,180 [EventQueue-PipelineReportForOneReplicaPipelineSafeModeRule] INFO  safemode.SCMSafeModeManager (SCMSafeModeManager.java:validateSafeModeExitRules(214)) - AtleastOneDatanodeReportedRule rule is successfully validated
2020-12-28 13:48:34,348 [EventQueue-PipelineReportForOneReplicaPipelineSafeModeRule] INFO  safemode.SCMSafeModeManager (SCMSafeModeManager.java:validateSafeModeExitRules(214)) - AtleastOneDatanodeReportedRule rule is successfully validated
2020-12-28 13:48:34,526 [Listener at 127.0.0.1/45143] INFO  ozone.MiniOzoneClusterImpl (MiniOzoneClusterImpl.java:lambda$waitForClusterToBeReady$0(178)) - Nodes are ready. Got 6 of 6 DN Heartbeats.
2020-12-28 13:48:34,526 [Listener at 127.0.0.1/45143] INFO  ozone.MiniOzoneClusterImpl (MiniOzoneClusterImpl.java:lambda$waitForClusterToBeReady$0(181)) - Waiting for cluster to exit safe mode
2020-12-28 13:48:34,529 [EventQueue-PipelineReportForOneReplicaPipelineSafeModeRule] INFO  safemode.SCMSafeModeManager (SCMSafeModeManager.java:validateSafeModeExitRules(214)) - AtleastOneDatanodeReportedRule rule is successfully validated
2020-12-28 13:48:34,591 [Command processor thread] INFO  server.RaftServer (RaftServerProxy.java:addNew(93)) - 27693bd8-fb4b-4214-8f6f-61df0de82a87: addNew group-2E53A9272730:[27693bd8-fb4b-4214-8f6f-61df0de82a87|rpc:172.17.0.2:35297] returns group-2E53A9272730:java.util.concurrent.CompletableFuture@35d46e90[Not completed]
2020-12-28 13:48:34,592 [EventQueue-PipelineReportForOneReplicaPipelineSafeModeRule] INFO  safemode.SCMSafeModeManager (SCMSafeModeManager.java:validateSafeModeExitRules(214)) - AtleastOneDatanodeReportedRule rule is successfully validated
2020-12-28 13:48:34,593 [pool-237-thread-1] INFO  server.RaftServer$Division (RaftServerImpl.java:<init>(173)) - 27693bd8-fb4b-4214-8f6f-61df0de82a87: new RaftServerImpl for group-2E53A9272730:[27693bd8-fb4b-4214-8f6f-61df0de82a87|rpc:172.17.0.2:35297] with ContainerStateMachine:uninitialized
2020-12-28 13:48:34,593 [pool-237-thread-1] INFO  server.RaftServerConfigKeys (ConfUtils.java:logGet(44)) - raft.server.rpc.timeout.min = 5s (custom)
2020-12-28 13:48:34,593 [pool-237-thread-1] INFO  server.RaftServerConfigKeys (ConfUtils.java:logGet(44)) - raft.server.rpc.timeout.max = 5200ms (custom)
2020-12-28 13:48:34,594 [pool-237-thread-1] INFO  server.RaftServerConfigKeys (ConfUtils.java:logGet(44)) - raft.server.rpc.sleep.time = 25ms (default)
2020-12-28 13:48:34,594 [pool-237-thread-1] INFO  server.RaftServerConfigKeys (ConfUtils.java:logGet(44)) - raft.server.rpc.slowness.timeout = 300s (custom)
2020-12-28 13:48:34,594 [pool-237-thread-1] INFO  server.RaftServerConfigKeys (ConfUtils.java:logGet(44)) - raft.server.leaderelection.leader.step-down.wait-time = 10s (default)
2020-12-28 13:48:34,594 [pool-237-thread-1] INFO  server.RaftServerConfigKeys (ConfUtils.java:logGet(44)) - raft.server.sleep.deviation.threshold = 300ms (default)
2020-12-28 13:48:34,594 [pool-237-thread-1] INFO  server.RaftServerConfigKeys (ConfUtils.java:logGet(44)) - raft.server.log.appender.install.snapshot.enabled = false (custom)
2020-12-28 13:48:34,594 [pool-237-thread-1] INFO  server.RaftServer$Division (ServerState.java:<init>(104)) - 27693bd8-fb4b-4214-8f6f-61df0de82a87@group-2E53A9272730: ConfigurationManager, init=-1: [27693bd8-fb4b-4214-8f6f-61df0de82a87|rpc:172.17.0.2:35297], old=null, confs=<EMPTY_MAP>
2020-12-28 13:48:34,594 [pool-237-thread-1] INFO  server.RaftServerConfigKeys (ConfUtils.java:logGet(44)) - raft.server.storage.dir = [/github/workspace/mnt/ozone/hadoop-ozone/integration-test/target/test-dir/MiniOzoneClusterImpl-bdf594c0-931e-4198-806f-06e591ff76c3/datanode-0/data/ratis] (custom)
2020-12-28 13:48:34,595 [pool-237-thread-1] INFO  server.RaftServerConfigKeys (ConfUtils.java:logGet(44)) - raft.server.log.corruption.policy = EXCEPTION (default)
2020-12-28 13:48:34,595 [pool-237-thread-1] INFO  storage.RaftStorageDirectory (RaftStorageDirectory.java:analyzeStorage(260)) - The storage directory /github/workspace/mnt/ozone/hadoop-ozone/integration-test/target/test-dir/MiniOzoneClusterImpl-bdf594c0-931e-4198-806f-06e591ff76c3/datanode-0/data/ratis/f292b469-5326-4df3-80ce-2e53a9272730 does not exist. Creating ...
2020-12-28 13:48:34,596 [pool-237-thread-1] INFO  storage.RaftStorageDirectory (RaftStorageDirectory.java:tryLock(342)) - Lock on /github/workspace/mnt/ozone/hadoop-ozone/integration-test/target/test-dir/MiniOzoneClusterImpl-bdf594c0-931e-4198-806f-06e591ff76c3/datanode-0/data/ratis/f292b469-5326-4df3-80ce-2e53a9272730/in_use.lock acquired by nodename 15665@10028447f7ab
2020-12-28 13:48:34,598 [pool-237-thread-1] INFO  storage.RaftStorage (RaftStorage.java:format(89)) - Storage directory /github/workspace/mnt/ozone/hadoop-ozone/integration-test/target/test-dir/MiniOzoneClusterImpl-bdf594c0-931e-4198-806f-06e591ff76c3/datanode-0/data/ratis/f292b469-5326-4df3-80ce-2e53a9272730 has been successfully formatted.
2020-12-28 13:48:34,598 [pool-237-thread-1] INFO  ratis.ContainerStateMachine (ContainerStateMachine.java:loadSnapshot(223)) - group-2E53A9272730: The snapshot info is null. Setting the last applied indexto:(t:0, i:~)
2020-12-28 13:48:34,598 [pool-237-thread-1] ERROR storage.RaftStorage (RaftStorage.java:readRaftConfiguration(152)) - Failed reading configuration from file:/github/workspace/mnt/ozone/hadoop-ozone/integration-test/target/test-dir/MiniOzoneClusterImpl-bdf594c0-931e-4198-806f-06e591ff76c3/datanode-0/data/ratis/f292b469-5326-4df3-80ce-2e53a9272730/current/raft-meta.conf
java.io.FileNotFoundException: /github/workspace/mnt/ozone/hadoop-ozone/integration-test/target/test-dir/MiniOzoneClusterImpl-bdf594c0-931e-4198-806f-06e591ff76c3/datanode-0/data/ratis/f292b469-5326-4df3-80ce-2e53a9272730/current/raft-meta.conf (No such file or directory)
	at java.io.FileInputStream.open0(Native Method)
	at java.io.FileInputStream.open(FileInputStream.java:195)
	at java.io.FileInputStream.<init>(FileInputStream.java:138)
	at org.apache.ratis.server.storage.RaftStorage.readRaftConfiguration(RaftStorage.java:148)
	at org.apache.ratis.server.impl.ServerState.initStatemachine(ServerState.java:167)
	at org.apache.ratis.server.impl.ServerState.<init>(ServerState.java:112)
	at org.apache.ratis.server.impl.RaftServerImpl.<init>(RaftServerImpl.java:186)
	at org.apache.ratis.server.impl.RaftServerProxy.lambda$newRaftServerImpl$4(RaftServerProxy.java:264)
	at java.util.concurrent.CompletableFuture$AsyncSupply.run(CompletableFuture.java:1604)
	at java.util.concurrent.ThreadPoolExecutor.runWorker(ThreadPoolExecutor.java:1149)
	at java.util.concurrent.ThreadPoolExecutor$Worker.run(ThreadPoolExecutor.java:624)
	at java.lang.Thread.run(Thread.java:748)
2020-12-28 13:48:34,599 [pool-237-thread-1] INFO  server.RaftServerConfigKeys (ConfUtils.java:logGet(44)) - raft.server.notification.no-leader.timeout = 300s (custom)
2020-12-28 13:48:34,599 [pool-237-thread-1] INFO  server.RaftServerConfigKeys (ConfUtils.java:logGet(44)) - raft.server.log.use.memory = false (default)
2020-12-28 13:48:34,599 [pool-237-thread-1] INFO  server.RaftServerConfigKeys (ConfUtils.java:logGet(44)) - raft.server.log.purge.gap = 1000000 (custom)
2020-12-28 13:48:34,599 [pool-237-thread-1] INFO  metrics.RatisMetrics (RatisMetrics.java:lambda$create$0(36)) - Creating Metrics Registry : ratis.log_worker.27693bd8-fb4b-4214-8f6f-61df0de82a87@group-2E53A9272730
2020-12-28 13:48:34,599 [EventQueue-PipelineReportForOneReplicaPipelineSafeModeRule] INFO  safemode.SCMSafeModeManager (SCMSafeModeManager.java:validateSafeModeExitRules(214)) - AtleastOneDatanodeReportedRule rule is successfully validated
2020-12-28 13:48:34,599 [pool-237-thread-1] INFO  server.RaftServerConfigKeys (ConfUtils.java:logGet(44)) - raft.server.log.appender.buffer.byte-limit = 33554432 (custom)
2020-12-28 13:48:34,599 [pool-237-thread-1] INFO  server.RaftServerConfigKeys (ConfUtils.java:logGet(44)) - raft.server.log.segment.size.max = 1048576 (custom)
2020-12-28 13:48:34,599 [EventQueue-PipelineReportForPipelineReportHandler] INFO  pipeline.PipelineStateManager (PipelineStateManager.java:openPipeline(132)) - Pipeline Pipeline[ Id: f292b469-5326-4df3-80ce-2e53a9272730, Nodes: 27693bd8-fb4b-4214-8f6f-61df0de82a87{ip: 172.17.0.2, host: 10028447f7ab, networkLocation: /default-rack, certSerialId: null, persistedOpState: IN_SERVICE, persistedOpStateExpiryEpochSec: 0}, Type:RATIS, Factor:ONE, State:ALLOCATED, leaderId:27693bd8-fb4b-4214-8f6f-61df0de82a87, CreationTimestamp2020-12-28T13:48:31.594Z] moved to OPEN state
2020-12-28 13:48:34,601 [EventQueue-OpenPipelineForHealthyPipelineSafeModeRule] INFO  safemode.SCMSafeModeManager (HealthyPipelineSafeModeRule.java:process(128)) - SCM in safe mode. Healthy pipelines reported count is 0, required healthy pipeline reported count is 1
2020-12-28 13:48:34,602 [pool-237-thread-1] INFO  server.RaftServerConfigKeys (ConfUtils.java:logGet(44)) - raft.server.log.segment.cache.num.max = 2 (custom)
2020-12-28 13:48:34,602 [pool-237-thread-1] INFO  server.RaftServerConfigKeys (ConfUtils.java:logGet(44)) - raft.server.log.segment.cache.size.max = 200MB (=209715200) (default)
2020-12-28 13:48:34,602 [pool-237-thread-1] INFO  segmented.SegmentedRaftLogWorker (SegmentedRaftLogWorker.java:<init>(181)) - new 27693bd8-fb4b-4214-8f6f-61df0de82a87@group-2E53A9272730-SegmentedRaftLogWorker for RaftStorage:Storage Directory /github/workspace/mnt/ozone/hadoop-ozone/integration-test/target/test-dir/MiniOzoneClusterImpl-bdf594c0-931e-4198-806f-06e591ff76c3/datanode-0/data/ratis/f292b469-5326-4df3-80ce-2e53a9272730
2020-12-28 13:48:34,602 [pool-237-thread-1] INFO  server.RaftServerConfigKeys (ConfUtils.java:logGet(44)) - raft.server.log.queue.byte-limit = 2147483647 (custom)
2020-12-28 13:48:34,602 [pool-237-thread-1] INFO  server.RaftServerConfigKeys (ConfUtils.java:logGet(44)) - raft.server.log.queue.element-limit = 1024 (custom)
2020-12-28 13:48:34,602 [pool-237-thread-1] INFO  server.RaftServerConfigKeys (ConfUtils.java:logGet(44)) - raft.server.log.segment.size.max = 1048576 (custom)
2020-12-28 13:48:34,603 [pool-237-thread-1] INFO  server.RaftServerConfigKeys (ConfUtils.java:logGet(44)) - raft.server.log.preallocated.size = 16384 (custom)
2020-12-28 13:48:34,603 [pool-237-thread-1] INFO  server.RaftServerConfigKeys (ConfUtils.java:logGet(44)) - raft.server.log.force.sync.num = 128 (default)
2020-12-28 13:48:34,603 [pool-237-thread-1] INFO  server.RaftServerConfigKeys (ConfUtils.java:logGet(44)) - raft.server.log.statemachine.data.sync = true (default)
2020-12-28 13:48:34,603 [pool-237-thread-1] INFO  server.RaftServerConfigKeys (ConfUtils.java:logGet(44)) - raft.server.log.statemachine.data.sync.timeout = 10s (default)
2020-12-28 13:48:34,603 [pool-237-thread-1] INFO  server.RaftServerConfigKeys (ConfUtils.java:logGet(44)) - raft.server.log.statemachine.data.sync.timeout.retry = -1 (default)
2020-12-28 13:48:34,604 [pool-237-thread-1] INFO  server.RaftServerConfigKeys (ConfUtils.java:logGet(44)) - raft.server.log.write.buffer.size = 1048576 (custom)
2020-12-28 13:48:34,604 [pool-237-thread-1] INFO  server.RaftServerConfigKeys (ConfUtils.java:logGet(44)) - raft.server.log.statemachine.data.caching.enabled = true (custom)
2020-12-28 13:48:34,604 [pool-237-thread-1] INFO  segmented.SegmentedRaftLogWorker (SegmentedRaftLogWorker.java:lambda$new$0(132)) - 27693bd8-fb4b-4214-8f6f-61df0de82a87@group-2E53A9272730-SegmentedRaftLogWorker: flushIndex: setUnconditionally 0 -> -1
2020-12-28 13:48:34,604 [pool-237-thread-1] INFO  segmented.SegmentedRaftLogWorker (SegmentedRaftLogWorker.java:lambda$new$0(132)) - 27693bd8-fb4b-4214-8f6f-61df0de82a87@group-2E53A9272730-SegmentedRaftLogWorker: safeCacheEvictIndex: setUnconditionally 0 -> -1
2020-12-28 13:48:34,604 [pool-237-thread-1] INFO  server.RaftServerConfigKeys (ConfUtils.java:logGet(44)) - raft.server.snapshot.auto.trigger.enabled = true (custom)
2020-12-28 13:48:34,604 [pool-237-thread-1] INFO  server.RaftServerConfigKeys (ConfUtils.java:logGet(44)) - raft.server.snapshot.auto.trigger.threshold = 10000 (custom)
2020-12-28 13:48:34,604 [pool-237-thread-1] INFO  server.RaftServerConfigKeys (ConfUtils.java:logGet(44)) - raft.server.snapshot.retention.file.num = 5 (custom)
2020-12-28 13:48:34,604 [pool-237-thread-1] INFO  server.RaftServerConfigKeys (ConfUtils.java:logGet(44)) - raft.server.log.purge.upto.snapshot.index = false (default)
2020-12-28 13:48:34,605 [pool-237-thread-1] INFO  server.RaftServerConfigKeys (ConfUtils.java:logGet(44)) - raft.server.retrycache.expirytime = 600000ms (custom)
2020-12-28 13:48:34,605 [pool-237-thread-1] INFO  server.RaftServerConfigKeys (ConfUtils.java:logGet(44)) - raft.server.retrycache.statistics.expirytime = 100?s (default)
2020-12-28 13:48:34,605 [pool-237-thread-1] INFO  metrics.RatisMetrics (RatisMetrics.java:lambda$create$0(36)) - Creating Metrics Registry : ratis.leader_election.27693bd8-fb4b-4214-8f6f-61df0de82a87@group-2E53A9272730
2020-12-28 13:48:34,605 [pool-237-thread-1] INFO  metrics.RatisMetrics (RatisMetrics.java:lambda$create$0(36)) - Creating Metrics Registry : ratis.server.27693bd8-fb4b-4214-8f6f-61df0de82a87@group-2E53A9272730
2020-12-28 13:48:34,606 [pool-237-thread-1] INFO  server.RaftServer$Division (RaftServerImpl.java:start(286)) - 27693bd8-fb4b-4214-8f6f-61df0de82a87@group-2E53A9272730: start as a follower, conf=-1: [27693bd8-fb4b-4214-8f6f-61df0de82a87|rpc:172.17.0.2:35297], old=null
2020-12-28 13:48:34,606 [pool-237-thread-1] INFO  server.RaftServer$Division (RaftServerImpl.java:setRole(275)) - 27693bd8-fb4b-4214-8f6f-61df0de82a87@group-2E53A9272730: changes role from      null to FOLLOWER at term 0 for startAsFollower
2020-12-28 13:48:34,606 [pool-237-thread-1] INFO  impl.RoleInfo (RoleInfo.java:updateAndGet(130)) - 27693bd8-fb4b-4214-8f6f-61df0de82a87: start 27693bd8-fb4b-4214-8f6f-61df0de82a87@group-2E53A9272730-FollowerState
2020-12-28 13:48:34,606 [pool-237-thread-1] INFO  util.JmxRegister (JmxRegister.java:tryRegister(44)) - Successfully registered JMX Bean with object name Ratis:service=RaftServer,group=group-2E53A9272730,id=27693bd8-fb4b-4214-8f6f-61df0de82a87
2020-12-28 13:48:34,606 [pool-237-thread-1] INFO  metrics.RatisMetrics (RatisMetrics.java:lambda$create$0(36)) - Creating Metrics Registry : ratis.state_machine.27693bd8-fb4b-4214-8f6f-61df0de82a87@group-2E53A9272730
2020-12-28 13:48:34,607 [Command processor thread] INFO  commandhandler.CreatePipelineCommandHandler (CreatePipelineCommandHandler.java:handle(106)) - Created Pipeline RATIS ONE PipelineID=f292b469-5326-4df3-80ce-2e53a9272730.
2020-12-28 13:48:34,607 [Command processor thread] INFO  server.RaftServer (RaftServerProxy.java:addNew(93)) - 27693bd8-fb4b-4214-8f6f-61df0de82a87: addNew group-4FE386A73824:[27693bd8-fb4b-4214-8f6f-61df0de82a87|rpc:172.17.0.2:35297, e508d2ab-90e0-4998-a856-79bccff972e6|rpc:172.17.0.2:35913, 332fbba1-841e-4633-be6b-7b3b7ad52219|rpc:172.17.0.2:37643] returns group-4FE386A73824:java.util.concurrent.CompletableFuture@31ebfcf2[Not completed]
2020-12-28 13:48:34,608 [pool-237-thread-1] INFO  server.RaftServer$Division (RaftServerImpl.java:<init>(173)) - 27693bd8-fb4b-4214-8f6f-61df0de82a87: new RaftServerImpl for group-4FE386A73824:[27693bd8-fb4b-4214-8f6f-61df0de82a87|rpc:172.17.0.2:35297, e508d2ab-90e0-4998-a856-79bccff972e6|rpc:172.17.0.2:35913, 332fbba1-841e-4633-be6b-7b3b7ad52219|rpc:172.17.0.2:37643] with ContainerStateMachine:uninitialized
2020-12-28 13:48:34,608 [pool-237-thread-1] INFO  server.RaftServerConfigKeys (ConfUtils.java:logGet(44)) - raft.server.rpc.timeout.min = 5s (custom)
2020-12-28 13:48:34,608 [pool-237-thread-1] INFO  server.RaftServerConfigKeys (ConfUtils.java:logGet(44)) - raft.server.rpc.timeout.max = 5200ms (custom)
2020-12-28 13:48:34,608 [pool-237-thread-1] INFO  server.RaftServerConfigKeys (ConfUtils.java:logGet(44)) - raft.server.rpc.sleep.time = 25ms (default)
2020-12-28 13:48:34,608 [pool-237-thread-1] INFO  server.RaftServerConfigKeys (ConfUtils.java:logGet(44)) - raft.server.rpc.slowness.timeout = 300s (custom)
2020-12-28 13:48:34,608 [pool-237-thread-1] INFO  server.RaftServerConfigKeys (ConfUtils.java:logGet(44)) - raft.server.leaderelection.leader.step-down.wait-time = 10s (default)
2020-12-28 13:48:34,608 [pool-237-thread-1] INFO  server.RaftServerConfigKeys (ConfUtils.java:logGet(44)) - raft.server.sleep.deviation.threshold = 300ms (default)
2020-12-28 13:48:34,608 [pool-237-thread-1] INFO  server.RaftServerConfigKeys (ConfUtils.java:logGet(44)) - raft.server.log.appender.install.snapshot.enabled = false (custom)
2020-12-28 13:48:34,608 [pool-237-thread-1] INFO  server.RaftServer$Division (ServerState.java:<init>(104)) - 27693bd8-fb4b-4214-8f6f-61df0de82a87@group-4FE386A73824: ConfigurationManager, init=-1: [27693bd8-fb4b-4214-8f6f-61df0de82a87|rpc:172.17.0.2:35297, e508d2ab-90e0-4998-a856-79bccff972e6|rpc:172.17.0.2:35913, 332fbba1-841e-4633-be6b-7b3b7ad52219|rpc:172.17.0.2:37643], old=null, confs=<EMPTY_MAP>
2020-12-28 13:48:34,608 [pool-237-thread-1] INFO  server.RaftServerConfigKeys (ConfUtils.java:logGet(44)) - raft.server.storage.dir = [/github/workspace/mnt/ozone/hadoop-ozone/integration-test/target/test-dir/MiniOzoneClusterImpl-bdf594c0-931e-4198-806f-06e591ff76c3/datanode-0/data/ratis] (custom)
2020-12-28 13:48:34,608 [pool-237-thread-1] INFO  server.RaftServerConfigKeys (ConfUtils.java:logGet(44)) - raft.server.log.corruption.policy = EXCEPTION (default)
2020-12-28 13:48:34,608 [pool-237-thread-1] INFO  storage.RaftStorageDirectory (RaftStorageDirectory.java:analyzeStorage(260)) - The storage directory /github/workspace/mnt/ozone/hadoop-ozone/integration-test/target/test-dir/MiniOzoneClusterImpl-bdf594c0-931e-4198-806f-06e591ff76c3/datanode-0/data/ratis/df853216-7ced-4cab-b66e-4fe386a73824 does not exist. Creating ...
2020-12-28 13:48:34,609 [pool-237-thread-1] INFO  storage.RaftStorageDirectory (RaftStorageDirectory.java:tryLock(342)) - Lock on /github/workspace/mnt/ozone/hadoop-ozone/integration-test/target/test-dir/MiniOzoneClusterImpl-bdf594c0-931e-4198-806f-06e591ff76c3/datanode-0/data/ratis/df853216-7ced-4cab-b66e-4fe386a73824/in_use.lock acquired by nodename 15665@10028447f7ab
2020-12-28 13:48:34,610 [pool-237-thread-1] INFO  storage.RaftStorage (RaftStorage.java:format(89)) - Storage directory /github/workspace/mnt/ozone/hadoop-ozone/integration-test/target/test-dir/MiniOzoneClusterImpl-bdf594c0-931e-4198-806f-06e591ff76c3/datanode-0/data/ratis/df853216-7ced-4cab-b66e-4fe386a73824 has been successfully formatted.
2020-12-28 13:48:34,611 [pool-237-thread-1] INFO  ratis.ContainerStateMachine (ContainerStateMachine.java:loadSnapshot(223)) - group-4FE386A73824: The snapshot info is null. Setting the last applied indexto:(t:0, i:~)
2020-12-28 13:48:34,611 [pool-237-thread-1] ERROR storage.RaftStorage (RaftStorage.java:readRaftConfiguration(152)) - Failed reading configuration from file:/github/workspace/mnt/ozone/hadoop-ozone/integration-test/target/test-dir/MiniOzoneClusterImpl-bdf594c0-931e-4198-806f-06e591ff76c3/datanode-0/data/ratis/df853216-7ced-4cab-b66e-4fe386a73824/current/raft-meta.conf
java.io.FileNotFoundException: /github/workspace/mnt/ozone/hadoop-ozone/integration-test/target/test-dir/MiniOzoneClusterImpl-bdf594c0-931e-4198-806f-06e591ff76c3/datanode-0/data/ratis/df853216-7ced-4cab-b66e-4fe386a73824/current/raft-meta.conf (No such file or directory)
	at java.io.FileInputStream.open0(Native Method)
	at java.io.FileInputStream.open(FileInputStream.java:195)
	at java.io.FileInputStream.<init>(FileInputStream.java:138)
	at org.apache.ratis.server.storage.RaftStorage.readRaftConfiguration(RaftStorage.java:148)
	at org.apache.ratis.server.impl.ServerState.initStatemachine(ServerState.java:167)
	at org.apache.ratis.server.impl.ServerState.<init>(ServerState.java:112)
	at org.apache.ratis.server.impl.RaftServerImpl.<init>(RaftServerImpl.java:186)
	at org.apache.ratis.server.impl.RaftServerProxy.lambda$newRaftServerImpl$4(RaftServerProxy.java:264)
	at java.util.concurrent.CompletableFuture$AsyncSupply.run(CompletableFuture.java:1604)
	at java.util.concurrent.ThreadPoolExecutor.runWorker(ThreadPoolExecutor.java:1149)
	at java.util.concurrent.ThreadPoolExecutor$Worker.run(ThreadPoolExecutor.java:624)
	at java.lang.Thread.run(Thread.java:748)
2020-12-28 13:48:34,612 [pool-237-thread-1] INFO  server.RaftServerConfigKeys (ConfUtils.java:logGet(44)) - raft.server.notification.no-leader.timeout = 300s (custom)
2020-12-28 13:48:34,612 [pool-237-thread-1] INFO  server.RaftServerConfigKeys (ConfUtils.java:logGet(44)) - raft.server.log.use.memory = false (default)
2020-12-28 13:48:34,612 [pool-237-thread-1] INFO  server.RaftServerConfigKeys (ConfUtils.java:logGet(44)) - raft.server.log.purge.gap = 1000000 (custom)
2020-12-28 13:48:34,612 [pool-237-thread-1] INFO  metrics.RatisMetrics (RatisMetrics.java:lambda$create$0(36)) - Creating Metrics Registry : ratis.log_worker.27693bd8-fb4b-4214-8f6f-61df0de82a87@group-4FE386A73824
2020-12-28 13:48:34,611 [EventQueue-OpenPipelineForHealthyPipelineSafeModeRule] INFO  safemode.SCMSafeModeManager (HealthyPipelineSafeModeRule.java:process(128)) - SCM in safe mode. Healthy pipelines reported count is 0, required healthy pipeline reported count is 1
2020-12-28 13:48:34,611 [EventQueue-PipelineReportForOneReplicaPipelineSafeModeRule] INFO  safemode.SCMSafeModeManager (SCMSafeModeManager.java:validateSafeModeExitRules(214)) - AtleastOneDatanodeReportedRule rule is successfully validated
2020-12-28 13:48:34,612 [pool-237-thread-1] INFO  server.RaftServerConfigKeys (ConfUtils.java:logGet(44)) - raft.server.log.appender.buffer.byte-limit = 33554432 (custom)
2020-12-28 13:48:34,612 [pool-237-thread-1] INFO  server.RaftServerConfigKeys (ConfUtils.java:logGet(44)) - raft.server.log.segment.size.max = 1048576 (custom)
2020-12-28 13:48:34,613 [pool-237-thread-1] INFO  server.RaftServerConfigKeys (ConfUtils.java:logGet(44)) - raft.server.log.segment.cache.num.max = 2 (custom)
2020-12-28 13:48:34,613 [pool-237-thread-1] INFO  server.RaftServerConfigKeys (ConfUtils.java:logGet(44)) - raft.server.log.segment.cache.size.max = 200MB (=209715200) (default)
2020-12-28 13:48:34,613 [pool-237-thread-1] INFO  segmented.SegmentedRaftLogWorker (SegmentedRaftLogWorker.java:<init>(181)) - new 27693bd8-fb4b-4214-8f6f-61df0de82a87@group-4FE386A73824-SegmentedRaftLogWorker for RaftStorage:Storage Directory /github/workspace/mnt/ozone/hadoop-ozone/integration-test/target/test-dir/MiniOzoneClusterImpl-bdf594c0-931e-4198-806f-06e591ff76c3/datanode-0/data/ratis/df853216-7ced-4cab-b66e-4fe386a73824
2020-12-28 13:48:34,613 [pool-237-thread-1] INFO  server.RaftServerConfigKeys (ConfUtils.java:logGet(44)) - raft.server.log.queue.byte-limit = 2147483647 (custom)
2020-12-28 13:48:34,613 [pool-237-thread-1] INFO  server.RaftServerConfigKeys (ConfUtils.java:logGet(44)) - raft.server.log.queue.element-limit = 1024 (custom)
2020-12-28 13:48:34,613 [pool-237-thread-1] INFO  server.RaftServerConfigKeys (ConfUtils.java:logGet(44)) - raft.server.log.segment.size.max = 1048576 (custom)
2020-12-28 13:48:34,613 [pool-237-thread-1] INFO  server.RaftServerConfigKeys (ConfUtils.java:logGet(44)) - raft.server.log.preallocated.size = 16384 (custom)
2020-12-28 13:48:34,614 [pool-237-thread-1] INFO  server.RaftServerConfigKeys (ConfUtils.java:logGet(44)) - raft.server.log.force.sync.num = 128 (default)
2020-12-28 13:48:34,614 [pool-237-thread-1] INFO  server.RaftServerConfigKeys (ConfUtils.java:logGet(44)) - raft.server.log.statemachine.data.sync = true (default)
2020-12-28 13:48:34,614 [pool-237-thread-1] INFO  server.RaftServerConfigKeys (ConfUtils.java:logGet(44)) - raft.server.log.statemachine.data.sync.timeout = 10s (default)
2020-12-28 13:48:34,614 [pool-237-thread-1] INFO  server.RaftServerConfigKeys (ConfUtils.java:logGet(44)) - raft.server.log.statemachine.data.sync.timeout.retry = -1 (default)
2020-12-28 13:48:34,620 [pool-237-thread-1] INFO  server.RaftServerConfigKeys (ConfUtils.java:logGet(44)) - raft.server.log.write.buffer.size = 1048576 (custom)
2020-12-28 13:48:34,620 [pool-237-thread-1] INFO  server.RaftServerConfigKeys (ConfUtils.java:logGet(44)) - raft.server.log.statemachine.data.caching.enabled = true (custom)
2020-12-28 13:48:34,620 [pool-237-thread-1] INFO  segmented.SegmentedRaftLogWorker (SegmentedRaftLogWorker.java:lambda$new$0(132)) - 27693bd8-fb4b-4214-8f6f-61df0de82a87@group-4FE386A73824-SegmentedRaftLogWorker: flushIndex: setUnconditionally 0 -> -1
2020-12-28 13:48:34,620 [pool-237-thread-1] INFO  segmented.SegmentedRaftLogWorker (SegmentedRaftLogWorker.java:lambda$new$0(132)) - 27693bd8-fb4b-4214-8f6f-61df0de82a87@group-4FE386A73824-SegmentedRaftLogWorker: safeCacheEvictIndex: setUnconditionally 0 -> -1
2020-12-28 13:48:34,620 [pool-237-thread-1] INFO  server.RaftServerConfigKeys (ConfUtils.java:logGet(44)) - raft.server.snapshot.auto.trigger.enabled = true (custom)
2020-12-28 13:48:34,621 [pool-237-thread-1] INFO  server.RaftServerConfigKeys (ConfUtils.java:logGet(44)) - raft.server.snapshot.auto.trigger.threshold = 10000 (custom)
2020-12-28 13:48:34,621 [pool-237-thread-1] INFO  server.RaftServerConfigKeys (ConfUtils.java:logGet(44)) - raft.server.snapshot.retention.file.num = 5 (custom)
2020-12-28 13:48:34,621 [pool-237-thread-1] INFO  server.RaftServerConfigKeys (ConfUtils.java:logGet(44)) - raft.server.log.purge.upto.snapshot.index = false (default)
2020-12-28 13:48:34,621 [pool-237-thread-1] INFO  server.RaftServerConfigKeys (ConfUtils.java:logGet(44)) - raft.server.retrycache.expirytime = 600000ms (custom)
2020-12-28 13:48:34,621 [pool-237-thread-1] INFO  server.RaftServerConfigKeys (ConfUtils.java:logGet(44)) - raft.server.retrycache.statistics.expirytime = 100?s (default)
2020-12-28 13:48:34,621 [pool-237-thread-1] INFO  metrics.RatisMetrics (RatisMetrics.java:lambda$create$0(36)) - Creating Metrics Registry : ratis.leader_election.27693bd8-fb4b-4214-8f6f-61df0de82a87@group-4FE386A73824
2020-12-28 13:48:34,621 [pool-237-thread-1] INFO  metrics.RatisMetrics (RatisMetrics.java:lambda$create$0(36)) - Creating Metrics Registry : ratis.server.27693bd8-fb4b-4214-8f6f-61df0de82a87@group-4FE386A73824
2020-12-28 13:48:34,622 [pool-237-thread-1] INFO  server.RaftServer$Division (RaftServerImpl.java:start(286)) - 27693bd8-fb4b-4214-8f6f-61df0de82a87@group-4FE386A73824: start as a follower, conf=-1: [27693bd8-fb4b-4214-8f6f-61df0de82a87|rpc:172.17.0.2:35297, e508d2ab-90e0-4998-a856-79bccff972e6|rpc:172.17.0.2:35913, 332fbba1-841e-4633-be6b-7b3b7ad52219|rpc:172.17.0.2:37643], old=null
2020-12-28 13:48:34,622 [pool-237-thread-1] INFO  server.RaftServer$Division (RaftServerImpl.java:setRole(275)) - 27693bd8-fb4b-4214-8f6f-61df0de82a87@group-4FE386A73824: changes role from      null to FOLLOWER at term 0 for startAsFollower
2020-12-28 13:48:34,622 [pool-237-thread-1] INFO  impl.RoleInfo (RoleInfo.java:updateAndGet(130)) - 27693bd8-fb4b-4214-8f6f-61df0de82a87: start 27693bd8-fb4b-4214-8f6f-61df0de82a87@group-4FE386A73824-FollowerState
2020-12-28 13:48:34,622 [pool-237-thread-1] INFO  util.JmxRegister (JmxRegister.java:tryRegister(44)) - Successfully registered JMX Bean with object name Ratis:service=RaftServer,group=group-4FE386A73824,id=27693bd8-fb4b-4214-8f6f-61df0de82a87
2020-12-28 13:48:34,622 [pool-237-thread-1] INFO  metrics.RatisMetrics (RatisMetrics.java:lambda$create$0(36)) - Creating Metrics Registry : ratis.state_machine.27693bd8-fb4b-4214-8f6f-61df0de82a87@group-4FE386A73824
2020-12-28 13:48:34,624 [Command processor thread] INFO  metrics.RatisMetrics (RatisMetrics.java:lambda$create$0(36)) - Creating Metrics Registry : ratis.client_message_metrics.client-9E755D78CBC0->e508d2ab-90e0-4998-a856-79bccff972e6
2020-12-28 13:48:34,630 [grpc-default-executor-0] INFO  metrics.RatisMetrics (RatisMetrics.java:lambda$create$0(36)) - Creating Metrics Registry : ratis.server_message_metrics.e508d2ab-90e0-4998-a856-79bccff972e6
2020-12-28 13:48:34,638 [grpc-default-executor-0] INFO  server.RaftServer (RaftServerProxy.java:addNew(93)) - e508d2ab-90e0-4998-a856-79bccff972e6: addNew group-4FE386A73824:[27693bd8-fb4b-4214-8f6f-61df0de82a87|rpc:172.17.0.2:35297|dataStream:, e508d2ab-90e0-4998-a856-79bccff972e6|rpc:172.17.0.2:35913|dataStream:, 332fbba1-841e-4633-be6b-7b3b7ad52219|rpc:172.17.0.2:37643|dataStream:] returns group-4FE386A73824:java.util.concurrent.CompletableFuture@13f03b94[Not completed]
2020-12-28 13:48:34,638 [pool-269-thread-1] INFO  server.RaftServer$Division (RaftServerImpl.java:<init>(173)) - e508d2ab-90e0-4998-a856-79bccff972e6: new RaftServerImpl for group-4FE386A73824:[27693bd8-fb4b-4214-8f6f-61df0de82a87|rpc:172.17.0.2:35297|dataStream:, e508d2ab-90e0-4998-a856-79bccff972e6|rpc:172.17.0.2:35913|dataStream:, 332fbba1-841e-4633-be6b-7b3b7ad52219|rpc:172.17.0.2:37643|dataStream:] with ContainerStateMachine:uninitialized
2020-12-28 13:48:34,639 [pool-269-thread-1] INFO  server.RaftServerConfigKeys (ConfUtils.java:logGet(44)) - raft.server.rpc.timeout.min = 5s (custom)
2020-12-28 13:48:34,639 [pool-269-thread-1] INFO  server.RaftServerConfigKeys (ConfUtils.java:logGet(44)) - raft.server.rpc.timeout.max = 5200ms (custom)
2020-12-28 13:48:34,639 [pool-269-thread-1] INFO  server.RaftServerConfigKeys (ConfUtils.java:logGet(44)) - raft.server.rpc.sleep.time = 25ms (default)
2020-12-28 13:48:34,639 [pool-269-thread-1] INFO  server.RaftServerConfigKeys (ConfUtils.java:logGet(44)) - raft.server.rpc.slowness.timeout = 300s (custom)
2020-12-28 13:48:34,639 [pool-269-thread-1] INFO  server.RaftServerConfigKeys (ConfUtils.java:logGet(44)) - raft.server.leaderelection.leader.step-down.wait-time = 10s (default)
2020-12-28 13:48:34,639 [pool-269-thread-1] INFO  server.RaftServerConfigKeys (ConfUtils.java:logGet(44)) - raft.server.sleep.deviation.threshold = 300ms (default)
2020-12-28 13:48:34,639 [pool-269-thread-1] INFO  server.RaftServerConfigKeys (ConfUtils.java:logGet(44)) - raft.server.log.appender.install.snapshot.enabled = false (custom)
2020-12-28 13:48:34,639 [pool-269-thread-1] INFO  server.RaftServer$Division (ServerState.java:<init>(104)) - e508d2ab-90e0-4998-a856-79bccff972e6@group-4FE386A73824: ConfigurationManager, init=-1: [27693bd8-fb4b-4214-8f6f-61df0de82a87|rpc:172.17.0.2:35297|dataStream:, e508d2ab-90e0-4998-a856-79bccff972e6|rpc:172.17.0.2:35913|dataStream:, 332fbba1-841e-4633-be6b-7b3b7ad52219|rpc:172.17.0.2:37643|dataStream:], old=null, confs=<EMPTY_MAP>
2020-12-28 13:48:34,639 [pool-269-thread-1] INFO  server.RaftServerConfigKeys (ConfUtils.java:logGet(44)) - raft.server.storage.dir = [/github/workspace/mnt/ozone/hadoop-ozone/integration-test/target/test-dir/MiniOzoneClusterImpl-bdf594c0-931e-4198-806f-06e591ff76c3/datanode-2/data/ratis] (custom)
2020-12-28 13:48:34,639 [pool-269-thread-1] INFO  server.RaftServerConfigKeys (ConfUtils.java:logGet(44)) - raft.server.log.corruption.policy = EXCEPTION (default)
2020-12-28 13:48:34,639 [pool-269-thread-1] INFO  storage.RaftStorageDirectory (RaftStorageDirectory.java:analyzeStorage(260)) - The storage directory /github/workspace/mnt/ozone/hadoop-ozone/integration-test/target/test-dir/MiniOzoneClusterImpl-bdf594c0-931e-4198-806f-06e591ff76c3/datanode-2/data/ratis/df853216-7ced-4cab-b66e-4fe386a73824 does not exist. Creating ...
2020-12-28 13:48:34,642 [pool-269-thread-1] INFO  storage.RaftStorageDirectory (RaftStorageDirectory.java:tryLock(342)) - Lock on /github/workspace/mnt/ozone/hadoop-ozone/integration-test/target/test-dir/MiniOzoneClusterImpl-bdf594c0-931e-4198-806f-06e591ff76c3/datanode-2/data/ratis/df853216-7ced-4cab-b66e-4fe386a73824/in_use.lock acquired by nodename 15665@10028447f7ab
2020-12-28 13:48:34,643 [pool-269-thread-1] INFO  storage.RaftStorage (RaftStorage.java:format(89)) - Storage directory /github/workspace/mnt/ozone/hadoop-ozone/integration-test/target/test-dir/MiniOzoneClusterImpl-bdf594c0-931e-4198-806f-06e591ff76c3/datanode-2/data/ratis/df853216-7ced-4cab-b66e-4fe386a73824 has been successfully formatted.
2020-12-28 13:48:34,646 [EventQueue-PipelineReportForOneReplicaPipelineSafeModeRule] INFO  safemode.SCMSafeModeManager (SCMSafeModeManager.java:validateSafeModeExitRules(214)) - AtleastOneDatanodeReportedRule rule is successfully validated
2020-12-28 13:48:34,648 [pool-269-thread-1] INFO  ratis.ContainerStateMachine (ContainerStateMachine.java:loadSnapshot(223)) - group-4FE386A73824: The snapshot info is null. Setting the last applied indexto:(t:0, i:~)
2020-12-28 13:48:34,648 [pool-269-thread-1] ERROR storage.RaftStorage (RaftStorage.java:readRaftConfiguration(152)) - Failed reading configuration from file:/github/workspace/mnt/ozone/hadoop-ozone/integration-test/target/test-dir/MiniOzoneClusterImpl-bdf594c0-931e-4198-806f-06e591ff76c3/datanode-2/data/ratis/df853216-7ced-4cab-b66e-4fe386a73824/current/raft-meta.conf
java.io.FileNotFoundException: /github/workspace/mnt/ozone/hadoop-ozone/integration-test/target/test-dir/MiniOzoneClusterImpl-bdf594c0-931e-4198-806f-06e591ff76c3/datanode-2/data/ratis/df853216-7ced-4cab-b66e-4fe386a73824/current/raft-meta.conf (No such file or directory)
	at java.io.FileInputStream.open0(Native Method)
	at java.io.FileInputStream.open(FileInputStream.java:195)
	at java.io.FileInputStream.<init>(FileInputStream.java:138)
	at org.apache.ratis.server.storage.RaftStorage.readRaftConfiguration(RaftStorage.java:148)
	at org.apache.ratis.server.impl.ServerState.initStatemachine(ServerState.java:167)
	at org.apache.ratis.server.impl.ServerState.<init>(ServerState.java:112)
	at org.apache.ratis.server.impl.RaftServerImpl.<init>(RaftServerImpl.java:186)
	at org.apache.ratis.server.impl.RaftServerProxy.lambda$newRaftServerImpl$4(RaftServerProxy.java:264)
	at java.util.concurrent.CompletableFuture$AsyncSupply.run(CompletableFuture.java:1604)
	at java.util.concurrent.ThreadPoolExecutor.runWorker(ThreadPoolExecutor.java:1149)
	at java.util.concurrent.ThreadPoolExecutor$Worker.run(ThreadPoolExecutor.java:624)
	at java.lang.Thread.run(Thread.java:748)
2020-12-28 13:48:34,648 [pool-269-thread-1] INFO  server.RaftServerConfigKeys (ConfUtils.java:logGet(44)) - raft.server.notification.no-leader.timeout = 300s (custom)
2020-12-28 13:48:34,648 [pool-269-thread-1] INFO  server.RaftServerConfigKeys (ConfUtils.java:logGet(44)) - raft.server.log.use.memory = false (default)
2020-12-28 13:48:34,648 [pool-269-thread-1] INFO  server.RaftServerConfigKeys (ConfUtils.java:logGet(44)) - raft.server.log.purge.gap = 1000000 (custom)
2020-12-28 13:48:34,648 [pool-269-thread-1] INFO  metrics.RatisMetrics (RatisMetrics.java:lambda$create$0(36)) - Creating Metrics Registry : ratis.log_worker.e508d2ab-90e0-4998-a856-79bccff972e6@group-4FE386A73824
2020-12-28 13:48:34,648 [pool-269-thread-1] INFO  server.RaftServerConfigKeys (ConfUtils.java:logGet(44)) - raft.server.log.appender.buffer.byte-limit = 33554432 (custom)
2020-12-28 13:48:34,649 [pool-269-thread-1] INFO  server.RaftServerConfigKeys (ConfUtils.java:logGet(44)) - raft.server.log.segment.size.max = 1048576 (custom)
2020-12-28 13:48:34,649 [pool-269-thread-1] INFO  server.RaftServerConfigKeys (ConfUtils.java:logGet(44)) - raft.server.log.segment.cache.num.max = 2 (custom)
2020-12-28 13:48:34,649 [pool-269-thread-1] INFO  server.RaftServerConfigKeys (ConfUtils.java:logGet(44)) - raft.server.log.segment.cache.size.max = 200MB (=209715200) (default)
2020-12-28 13:48:34,649 [pool-269-thread-1] INFO  segmented.SegmentedRaftLogWorker (SegmentedRaftLogWorker.java:<init>(181)) - new e508d2ab-90e0-4998-a856-79bccff972e6@group-4FE386A73824-SegmentedRaftLogWorker for RaftStorage:Storage Directory /github/workspace/mnt/ozone/hadoop-ozone/integration-test/target/test-dir/MiniOzoneClusterImpl-bdf594c0-931e-4198-806f-06e591ff76c3/datanode-2/data/ratis/df853216-7ced-4cab-b66e-4fe386a73824
2020-12-28 13:48:34,649 [pool-269-thread-1] INFO  server.RaftServerConfigKeys (ConfUtils.java:logGet(44)) - raft.server.log.queue.byte-limit = 2147483647 (custom)
2020-12-28 13:48:34,649 [pool-269-thread-1] INFO  server.RaftServerConfigKeys (ConfUtils.java:logGet(44)) - raft.server.log.queue.element-limit = 1024 (custom)
2020-12-28 13:48:34,649 [pool-269-thread-1] INFO  server.RaftServerConfigKeys (ConfUtils.java:logGet(44)) - raft.server.log.segment.size.max = 1048576 (custom)
2020-12-28 13:48:34,649 [pool-269-thread-1] INFO  server.RaftServerConfigKeys (ConfUtils.java:logGet(44)) - raft.server.log.preallocated.size = 16384 (custom)
2020-12-28 13:48:34,649 [pool-269-thread-1] INFO  server.RaftServerConfigKeys (ConfUtils.java:logGet(44)) - raft.server.log.force.sync.num = 128 (default)
2020-12-28 13:48:34,650 [pool-269-thread-1] INFO  server.RaftServerConfigKeys (ConfUtils.java:logGet(44)) - raft.server.log.statemachine.data.sync = true (default)
2020-12-28 13:48:34,650 [pool-269-thread-1] INFO  server.RaftServerConfigKeys (ConfUtils.java:logGet(44)) - raft.server.log.statemachine.data.sync.timeout = 10s (default)
2020-12-28 13:48:34,650 [pool-269-thread-1] INFO  server.RaftServerConfigKeys (ConfUtils.java:logGet(44)) - raft.server.log.statemachine.data.sync.timeout.retry = -1 (default)
2020-12-28 13:48:34,651 [pool-269-thread-1] INFO  server.RaftServerConfigKeys (ConfUtils.java:logGet(44)) - raft.server.log.write.buffer.size = 1048576 (custom)
2020-12-28 13:48:34,651 [pool-269-thread-1] INFO  server.RaftServerConfigKeys (ConfUtils.java:logGet(44)) - raft.server.log.statemachine.data.caching.enabled = true (custom)
2020-12-28 13:48:34,651 [pool-269-thread-1] INFO  segmented.SegmentedRaftLogWorker (SegmentedRaftLogWorker.java:lambda$new$0(132)) - e508d2ab-90e0-4998-a856-79bccff972e6@group-4FE386A73824-SegmentedRaftLogWorker: flushIndex: setUnconditionally 0 -> -1
2020-12-28 13:48:34,651 [pool-269-thread-1] INFO  segmented.SegmentedRaftLogWorker (SegmentedRaftLogWorker.java:lambda$new$0(132)) - e508d2ab-90e0-4998-a856-79bccff972e6@group-4FE386A73824-SegmentedRaftLogWorker: safeCacheEvictIndex: setUnconditionally 0 -> -1
2020-12-28 13:48:34,651 [pool-269-thread-1] INFO  server.RaftServerConfigKeys (ConfUtils.java:logGet(44)) - raft.server.snapshot.auto.trigger.enabled = true (custom)
2020-12-28 13:48:34,651 [pool-269-thread-1] INFO  server.RaftServerConfigKeys (ConfUtils.java:logGet(44)) - raft.server.snapshot.auto.trigger.threshold = 10000 (custom)
2020-12-28 13:48:34,651 [pool-269-thread-1] INFO  server.RaftServerConfigKeys (ConfUtils.java:logGet(44)) - raft.server.snapshot.retention.file.num = 5 (custom)
2020-12-28 13:48:34,651 [pool-269-thread-1] INFO  server.RaftServerConfigKeys (ConfUtils.java:logGet(44)) - raft.server.log.purge.upto.snapshot.index = false (default)
2020-12-28 13:48:34,651 [pool-269-thread-1] INFO  server.RaftServerConfigKeys (ConfUtils.java:logGet(44)) - raft.server.retrycache.expirytime = 600000ms (custom)
2020-12-28 13:48:34,651 [pool-269-thread-1] INFO  server.RaftServerConfigKeys (ConfUtils.java:logGet(44)) - raft.server.retrycache.statistics.expirytime = 100?s (default)
2020-12-28 13:48:34,651 [pool-269-thread-1] INFO  metrics.RatisMetrics (RatisMetrics.java:lambda$create$0(36)) - Creating Metrics Registry : ratis.leader_election.e508d2ab-90e0-4998-a856-79bccff972e6@group-4FE386A73824
2020-12-28 13:48:34,652 [pool-269-thread-1] INFO  metrics.RatisMetrics (RatisMetrics.java:lambda$create$0(36)) - Creating Metrics Registry : ratis.server.e508d2ab-90e0-4998-a856-79bccff972e6@group-4FE386A73824
2020-12-28 13:48:34,653 [pool-269-thread-1] INFO  server.RaftServer$Division (RaftServerImpl.java:start(286)) - e508d2ab-90e0-4998-a856-79bccff972e6@group-4FE386A73824: start as a follower, conf=-1: [27693bd8-fb4b-4214-8f6f-61df0de82a87|rpc:172.17.0.2:35297|dataStream:, e508d2ab-90e0-4998-a856-79bccff972e6|rpc:172.17.0.2:35913|dataStream:, 332fbba1-841e-4633-be6b-7b3b7ad52219|rpc:172.17.0.2:37643|dataStream:], old=null
2020-12-28 13:48:34,653 [pool-269-thread-1] INFO  server.RaftServer$Division (RaftServerImpl.java:setRole(275)) - e508d2ab-90e0-4998-a856-79bccff972e6@group-4FE386A73824: changes role from      null to FOLLOWER at term 0 for startAsFollower
2020-12-28 13:48:34,653 [pool-269-thread-1] INFO  impl.RoleInfo (RoleInfo.java:updateAndGet(130)) - e508d2ab-90e0-4998-a856-79bccff972e6: start e508d2ab-90e0-4998-a856-79bccff972e6@group-4FE386A73824-FollowerState
2020-12-28 13:48:34,653 [pool-269-thread-1] INFO  util.JmxRegister (JmxRegister.java:tryRegister(44)) - Successfully registered JMX Bean with object name Ratis:service=RaftServer,group=group-4FE386A73824,id=e508d2ab-90e0-4998-a856-79bccff972e6
2020-12-28 13:48:34,653 [pool-269-thread-1] INFO  metrics.RatisMetrics (RatisMetrics.java:lambda$create$0(36)) - Creating Metrics Registry : ratis.state_machine.e508d2ab-90e0-4998-a856-79bccff972e6@group-4FE386A73824
2020-12-28 13:48:34,665 [Command processor thread] INFO  metrics.RatisMetrics (RatisMetrics.java:lambda$create$0(36)) - Creating Metrics Registry : ratis.client_message_metrics.client-A0B85CF85865->332fbba1-841e-4633-be6b-7b3b7ad52219
2020-12-28 13:48:34,674 [grpc-default-executor-0] INFO  metrics.RatisMetrics (RatisMetrics.java:lambda$create$0(36)) - Creating Metrics Registry : ratis.server_message_metrics.332fbba1-841e-4633-be6b-7b3b7ad52219
2020-12-28 13:48:34,680 [grpc-default-executor-0] INFO  server.RaftServer (RaftServerProxy.java:addNew(93)) - 332fbba1-841e-4633-be6b-7b3b7ad52219: addNew group-4FE386A73824:[27693bd8-fb4b-4214-8f6f-61df0de82a87|rpc:172.17.0.2:35297|dataStream:, e508d2ab-90e0-4998-a856-79bccff972e6|rpc:172.17.0.2:35913|dataStream:, 332fbba1-841e-4633-be6b-7b3b7ad52219|rpc:172.17.0.2:37643|dataStream:] returns group-4FE386A73824:java.util.concurrent.CompletableFuture@269c038e[Not completed]
2020-12-28 13:48:34,682 [pool-253-thread-1] INFO  server.RaftServer$Division (RaftServerImpl.java:<init>(173)) - 332fbba1-841e-4633-be6b-7b3b7ad52219: new RaftServerImpl for group-4FE386A73824:[27693bd8-fb4b-4214-8f6f-61df0de82a87|rpc:172.17.0.2:35297|dataStream:, e508d2ab-90e0-4998-a856-79bccff972e6|rpc:172.17.0.2:35913|dataStream:, 332fbba1-841e-4633-be6b-7b3b7ad52219|rpc:172.17.0.2:37643|dataStream:] with ContainerStateMachine:uninitialized
2020-12-28 13:48:34,682 [pool-253-thread-1] INFO  server.RaftServerConfigKeys (ConfUtils.java:logGet(44)) - raft.server.rpc.timeout.min = 5s (custom)
2020-12-28 13:48:34,682 [pool-253-thread-1] INFO  server.RaftServerConfigKeys (ConfUtils.java:logGet(44)) - raft.server.rpc.timeout.max = 5200ms (custom)
2020-12-28 13:48:34,682 [pool-253-thread-1] INFO  server.RaftServerConfigKeys (ConfUtils.java:logGet(44)) - raft.server.rpc.sleep.time = 25ms (default)
2020-12-28 13:48:34,682 [pool-253-thread-1] INFO  server.RaftServerConfigKeys (ConfUtils.java:logGet(44)) - raft.server.rpc.slowness.timeout = 300s (custom)
2020-12-28 13:48:34,683 [pool-253-thread-1] INFO  server.RaftServerConfigKeys (ConfUtils.java:logGet(44)) - raft.server.leaderelection.leader.step-down.wait-time = 10s (default)
2020-12-28 13:48:34,683 [pool-253-thread-1] INFO  server.RaftServerConfigKeys (ConfUtils.java:logGet(44)) - raft.server.sleep.deviation.threshold = 300ms (default)
2020-12-28 13:48:34,683 [pool-253-thread-1] INFO  server.RaftServerConfigKeys (ConfUtils.java:logGet(44)) - raft.server.log.appender.install.snapshot.enabled = false (custom)
2020-12-28 13:48:34,683 [pool-253-thread-1] INFO  server.RaftServer$Division (ServerState.java:<init>(104)) - 332fbba1-841e-4633-be6b-7b3b7ad52219@group-4FE386A73824: ConfigurationManager, init=-1: [27693bd8-fb4b-4214-8f6f-61df0de82a87|rpc:172.17.0.2:35297|dataStream:, e508d2ab-90e0-4998-a856-79bccff972e6|rpc:172.17.0.2:35913|dataStream:, 332fbba1-841e-4633-be6b-7b3b7ad52219|rpc:172.17.0.2:37643|dataStream:], old=null, confs=<EMPTY_MAP>
2020-12-28 13:48:34,683 [pool-253-thread-1] INFO  server.RaftServerConfigKeys (ConfUtils.java:logGet(44)) - raft.server.storage.dir = [/github/workspace/mnt/ozone/hadoop-ozone/integration-test/target/test-dir/MiniOzoneClusterImpl-bdf594c0-931e-4198-806f-06e591ff76c3/datanode-1/data/ratis] (custom)
2020-12-28 13:48:34,683 [pool-253-thread-1] INFO  server.RaftServerConfigKeys (ConfUtils.java:logGet(44)) - raft.server.log.corruption.policy = EXCEPTION (default)
2020-12-28 13:48:34,683 [pool-253-thread-1] INFO  storage.RaftStorageDirectory (RaftStorageDirectory.java:analyzeStorage(260)) - The storage directory /github/workspace/mnt/ozone/hadoop-ozone/integration-test/target/test-dir/MiniOzoneClusterImpl-bdf594c0-931e-4198-806f-06e591ff76c3/datanode-1/data/ratis/df853216-7ced-4cab-b66e-4fe386a73824 does not exist. Creating ...
2020-12-28 13:48:34,684 [pool-253-thread-1] INFO  storage.RaftStorageDirectory (RaftStorageDirectory.java:tryLock(342)) - Lock on /github/workspace/mnt/ozone/hadoop-ozone/integration-test/target/test-dir/MiniOzoneClusterImpl-bdf594c0-931e-4198-806f-06e591ff76c3/datanode-1/data/ratis/df853216-7ced-4cab-b66e-4fe386a73824/in_use.lock acquired by nodename 15665@10028447f7ab
2020-12-28 13:48:34,685 [pool-253-thread-1] INFO  storage.RaftStorage (RaftStorage.java:format(89)) - Storage directory /github/workspace/mnt/ozone/hadoop-ozone/integration-test/target/test-dir/MiniOzoneClusterImpl-bdf594c0-931e-4198-806f-06e591ff76c3/datanode-1/data/ratis/df853216-7ced-4cab-b66e-4fe386a73824 has been successfully formatted.
2020-12-28 13:48:34,685 [pool-253-thread-1] INFO  ratis.ContainerStateMachine (ContainerStateMachine.java:loadSnapshot(223)) - group-4FE386A73824: The snapshot info is null. Setting the last applied indexto:(t:0, i:~)
2020-12-28 13:48:34,686 [pool-253-thread-1] ERROR storage.RaftStorage (RaftStorage.java:readRaftConfiguration(152)) - Failed reading configuration from file:/github/workspace/mnt/ozone/hadoop-ozone/integration-test/target/test-dir/MiniOzoneClusterImpl-bdf594c0-931e-4198-806f-06e591ff76c3/datanode-1/data/ratis/df853216-7ced-4cab-b66e-4fe386a73824/current/raft-meta.conf
java.io.FileNotFoundException: /github/workspace/mnt/ozone/hadoop-ozone/integration-test/target/test-dir/MiniOzoneClusterImpl-bdf594c0-931e-4198-806f-06e591ff76c3/datanode-1/data/ratis/df853216-7ced-4cab-b66e-4fe386a73824/current/raft-meta.conf (No such file or directory)
	at java.io.FileInputStream.open0(Native Method)
	at java.io.FileInputStream.open(FileInputStream.java:195)
	at java.io.FileInputStream.<init>(FileInputStream.java:138)
	at org.apache.ratis.server.storage.RaftStorage.readRaftConfiguration(RaftStorage.java:148)
	at org.apache.ratis.server.impl.ServerState.initStatemachine(ServerState.java:167)
	at org.apache.ratis.server.impl.ServerState.<init>(ServerState.java:112)
	at org.apache.ratis.server.impl.RaftServerImpl.<init>(RaftServerImpl.java:186)
	at org.apache.ratis.server.impl.RaftServerProxy.lambda$newRaftServerImpl$4(RaftServerProxy.java:264)
	at java.util.concurrent.CompletableFuture$AsyncSupply.run(CompletableFuture.java:1604)
	at java.util.concurrent.ThreadPoolExecutor.runWorker(ThreadPoolExecutor.java:1149)
	at java.util.concurrent.ThreadPoolExecutor$Worker.run(ThreadPoolExecutor.java:624)
	at java.lang.Thread.run(Thread.java:748)
2020-12-28 13:48:34,688 [pool-253-thread-1] INFO  server.RaftServerConfigKeys (ConfUtils.java:logGet(44)) - raft.server.notification.no-leader.timeout = 300s (custom)
2020-12-28 13:48:34,688 [pool-253-thread-1] INFO  server.RaftServerConfigKeys (ConfUtils.java:logGet(44)) - raft.server.log.use.memory = false (default)
2020-12-28 13:48:34,688 [pool-253-thread-1] INFO  server.RaftServerConfigKeys (ConfUtils.java:logGet(44)) - raft.server.log.purge.gap = 1000000 (custom)
2020-12-28 13:48:34,688 [pool-253-thread-1] INFO  metrics.RatisMetrics (RatisMetrics.java:lambda$create$0(36)) - Creating Metrics Registry : ratis.log_worker.332fbba1-841e-4633-be6b-7b3b7ad52219@group-4FE386A73824
2020-12-28 13:48:34,688 [pool-253-thread-1] INFO  server.RaftServerConfigKeys (ConfUtils.java:logGet(44)) - raft.server.log.appender.buffer.byte-limit = 33554432 (custom)
2020-12-28 13:48:34,688 [pool-253-thread-1] INFO  server.RaftServerConfigKeys (ConfUtils.java:logGet(44)) - raft.server.log.segment.size.max = 1048576 (custom)
2020-12-28 13:48:34,689 [EventQueue-PipelineReportForOneReplicaPipelineSafeModeRule] INFO  safemode.SCMSafeModeManager (SCMSafeModeManager.java:validateSafeModeExitRules(214)) - AtleastOneDatanodeReportedRule rule is successfully validated
2020-12-28 13:48:34,691 [pool-253-thread-1] INFO  server.RaftServerConfigKeys (ConfUtils.java:logGet(44)) - raft.server.log.segment.cache.num.max = 2 (custom)
2020-12-28 13:48:34,691 [pool-253-thread-1] INFO  server.RaftServerConfigKeys (ConfUtils.java:logGet(44)) - raft.server.log.segment.cache.size.max = 200MB (=209715200) (default)
2020-12-28 13:48:34,692 [pool-253-thread-1] INFO  segmented.SegmentedRaftLogWorker (SegmentedRaftLogWorker.java:<init>(181)) - new 332fbba1-841e-4633-be6b-7b3b7ad52219@group-4FE386A73824-SegmentedRaftLogWorker for RaftStorage:Storage Directory /github/workspace/mnt/ozone/hadoop-ozone/integration-test/target/test-dir/MiniOzoneClusterImpl-bdf594c0-931e-4198-806f-06e591ff76c3/datanode-1/data/ratis/df853216-7ced-4cab-b66e-4fe386a73824
2020-12-28 13:48:34,692 [pool-253-thread-1] INFO  server.RaftServerConfigKeys (ConfUtils.java:logGet(44)) - raft.server.log.queue.byte-limit = 2147483647 (custom)
2020-12-28 13:48:34,692 [pool-253-thread-1] INFO  server.RaftServerConfigKeys (ConfUtils.java:logGet(44)) - raft.server.log.queue.element-limit = 1024 (custom)
2020-12-28 13:48:34,692 [pool-253-thread-1] INFO  server.RaftServerConfigKeys (ConfUtils.java:logGet(44)) - raft.server.log.segment.size.max = 1048576 (custom)
2020-12-28 13:48:34,692 [pool-253-thread-1] INFO  server.RaftServerConfigKeys (ConfUtils.java:logGet(44)) - raft.server.log.preallocated.size = 16384 (custom)
2020-12-28 13:48:34,692 [pool-253-thread-1] INFO  server.RaftServerConfigKeys (ConfUtils.java:logGet(44)) - raft.server.log.force.sync.num = 128 (default)
2020-12-28 13:48:34,692 [pool-253-thread-1] INFO  server.RaftServerConfigKeys (ConfUtils.java:logGet(44)) - raft.server.log.statemachine.data.sync = true (default)
2020-12-28 13:48:34,692 [pool-253-thread-1] INFO  server.RaftServerConfigKeys (ConfUtils.java:logGet(44)) - raft.server.log.statemachine.data.sync.timeout = 10s (default)
2020-12-28 13:48:34,692 [pool-253-thread-1] INFO  server.RaftServerConfigKeys (ConfUtils.java:logGet(44)) - raft.server.log.statemachine.data.sync.timeout.retry = -1 (default)
2020-12-28 13:48:34,693 [pool-253-thread-1] INFO  server.RaftServerConfigKeys (ConfUtils.java:logGet(44)) - raft.server.log.write.buffer.size = 1048576 (custom)
2020-12-28 13:48:34,693 [pool-253-thread-1] INFO  server.RaftServerConfigKeys (ConfUtils.java:logGet(44)) - raft.server.log.statemachine.data.caching.enabled = true (custom)
2020-12-28 13:48:34,693 [pool-253-thread-1] INFO  segmented.SegmentedRaftLogWorker (SegmentedRaftLogWorker.java:lambda$new$0(132)) - 332fbba1-841e-4633-be6b-7b3b7ad52219@group-4FE386A73824-SegmentedRaftLogWorker: flushIndex: setUnconditionally 0 -> -1
2020-12-28 13:48:34,693 [pool-253-thread-1] INFO  segmented.SegmentedRaftLogWorker (SegmentedRaftLogWorker.java:lambda$new$0(132)) - 332fbba1-841e-4633-be6b-7b3b7ad52219@group-4FE386A73824-SegmentedRaftLogWorker: safeCacheEvictIndex: setUnconditionally 0 -> -1
2020-12-28 13:48:34,695 [pool-253-thread-1] INFO  server.RaftServerConfigKeys (ConfUtils.java:logGet(44)) - raft.server.snapshot.auto.trigger.enabled = true (custom)
2020-12-28 13:48:34,695 [pool-253-thread-1] INFO  server.RaftServerConfigKeys (ConfUtils.java:logGet(44)) - raft.server.snapshot.auto.trigger.threshold = 10000 (custom)
2020-12-28 13:48:34,695 [pool-253-thread-1] INFO  server.RaftServerConfigKeys (ConfUtils.java:logGet(44)) - raft.server.snapshot.retention.file.num = 5 (custom)
2020-12-28 13:48:34,696 [pool-253-thread-1] INFO  server.RaftServerConfigKeys (ConfUtils.java:logGet(44)) - raft.server.log.purge.upto.snapshot.index = false (default)
2020-12-28 13:48:34,696 [pool-253-thread-1] INFO  server.RaftServerConfigKeys (ConfUtils.java:logGet(44)) - raft.server.retrycache.expirytime = 600000ms (custom)
2020-12-28 13:48:34,696 [pool-253-thread-1] INFO  server.RaftServerConfigKeys (ConfUtils.java:logGet(44)) - raft.server.retrycache.statistics.expirytime = 100?s (default)
2020-12-28 13:48:34,696 [pool-253-thread-1] INFO  metrics.RatisMetrics (RatisMetrics.java:lambda$create$0(36)) - Creating Metrics Registry : ratis.leader_election.332fbba1-841e-4633-be6b-7b3b7ad52219@group-4FE386A73824
2020-12-28 13:48:34,696 [pool-253-thread-1] INFO  metrics.RatisMetrics (RatisMetrics.java:lambda$create$0(36)) - Creating Metrics Registry : ratis.server.332fbba1-841e-4633-be6b-7b3b7ad52219@group-4FE386A73824
2020-12-28 13:48:34,697 [pool-253-thread-1] INFO  server.RaftServer$Division (RaftServerImpl.java:start(286)) - 332fbba1-841e-4633-be6b-7b3b7ad52219@group-4FE386A73824: start as a follower, conf=-1: [27693bd8-fb4b-4214-8f6f-61df0de82a87|rpc:172.17.0.2:35297|dataStream:, e508d2ab-90e0-4998-a856-79bccff972e6|rpc:172.17.0.2:35913|dataStream:, 332fbba1-841e-4633-be6b-7b3b7ad52219|rpc:172.17.0.2:37643|dataStream:], old=null
2020-12-28 13:48:34,697 [pool-253-thread-1] INFO  server.RaftServer$Division (RaftServerImpl.java:setRole(275)) - 332fbba1-841e-4633-be6b-7b3b7ad52219@group-4FE386A73824: changes role from      null to FOLLOWER at term 0 for startAsFollower
2020-12-28 13:48:34,697 [pool-253-thread-1] INFO  impl.RoleInfo (RoleInfo.java:updateAndGet(130)) - 332fbba1-841e-4633-be6b-7b3b7ad52219: start 332fbba1-841e-4633-be6b-7b3b7ad52219@group-4FE386A73824-FollowerState
2020-12-28 13:48:34,713 [pool-253-thread-1] INFO  util.JmxRegister (JmxRegister.java:tryRegister(44)) - Successfully registered JMX Bean with object name Ratis:service=RaftServer,group=group-4FE386A73824,id=332fbba1-841e-4633-be6b-7b3b7ad52219
2020-12-28 13:48:34,713 [pool-253-thread-1] INFO  metrics.RatisMetrics (RatisMetrics.java:lambda$create$0(36)) - Creating Metrics Registry : ratis.state_machine.332fbba1-841e-4633-be6b-7b3b7ad52219@group-4FE386A73824
2020-12-28 13:48:34,729 [Command processor thread] INFO  commandhandler.CreatePipelineCommandHandler (CreatePipelineCommandHandler.java:handle(106)) - Created Pipeline RATIS THREE PipelineID=df853216-7ced-4cab-b66e-4fe386a73824.
2020-12-28 13:48:34,771 [Command processor thread] INFO  server.RaftServer (RaftServerProxy.java:addNew(93)) - 332fbba1-841e-4633-be6b-7b3b7ad52219: addNew group-BAC69C5844B7:[332fbba1-841e-4633-be6b-7b3b7ad52219|rpc:172.17.0.2:37643] returns group-BAC69C5844B7:java.util.concurrent.CompletableFuture@682d1a40[Not completed]
2020-12-28 13:48:34,772 [pool-253-thread-1] INFO  server.RaftServer$Division (RaftServerImpl.java:<init>(173)) - 332fbba1-841e-4633-be6b-7b3b7ad52219: new RaftServerImpl for group-BAC69C5844B7:[332fbba1-841e-4633-be6b-7b3b7ad52219|rpc:172.17.0.2:37643] with ContainerStateMachine:uninitialized
2020-12-28 13:48:34,772 [pool-253-thread-1] INFO  server.RaftServerConfigKeys (ConfUtils.java:logGet(44)) - raft.server.rpc.timeout.min = 5s (custom)
2020-12-28 13:48:34,772 [pool-253-thread-1] INFO  server.RaftServerConfigKeys (ConfUtils.java:logGet(44)) - raft.server.rpc.timeout.max = 5200ms (custom)
2020-12-28 13:48:34,772 [pool-253-thread-1] INFO  server.RaftServerConfigKeys (ConfUtils.java:logGet(44)) - raft.server.rpc.sleep.time = 25ms (default)
2020-12-28 13:48:34,773 [pool-253-thread-1] INFO  server.RaftServerConfigKeys (ConfUtils.java:logGet(44)) - raft.server.rpc.slowness.timeout = 300s (custom)
2020-12-28 13:48:34,773 [pool-253-thread-1] INFO  server.RaftServerConfigKeys (ConfUtils.java:logGet(44)) - raft.server.leaderelection.leader.step-down.wait-time = 10s (default)
2020-12-28 13:48:34,773 [pool-253-thread-1] INFO  server.RaftServerConfigKeys (ConfUtils.java:logGet(44)) - raft.server.sleep.deviation.threshold = 300ms (default)
2020-12-28 13:48:34,773 [pool-253-thread-1] INFO  server.RaftServerConfigKeys (ConfUtils.java:logGet(44)) - raft.server.log.appender.install.snapshot.enabled = false (custom)
2020-12-28 13:48:34,773 [pool-253-thread-1] INFO  server.RaftServer$Division (ServerState.java:<init>(104)) - 332fbba1-841e-4633-be6b-7b3b7ad52219@group-BAC69C5844B7: ConfigurationManager, init=-1: [332fbba1-841e-4633-be6b-7b3b7ad52219|rpc:172.17.0.2:37643], old=null, confs=<EMPTY_MAP>
2020-12-28 13:48:34,773 [pool-253-thread-1] INFO  server.RaftServerConfigKeys (ConfUtils.java:logGet(44)) - raft.server.storage.dir = [/github/workspace/mnt/ozone/hadoop-ozone/integration-test/target/test-dir/MiniOzoneClusterImpl-bdf594c0-931e-4198-806f-06e591ff76c3/datanode-1/data/ratis] (custom)
2020-12-28 13:48:34,773 [pool-253-thread-1] INFO  server.RaftServerConfigKeys (ConfUtils.java:logGet(44)) - raft.server.log.corruption.policy = EXCEPTION (default)
2020-12-28 13:48:34,774 [pool-253-thread-1] INFO  storage.RaftStorageDirectory (RaftStorageDirectory.java:analyzeStorage(260)) - The storage directory /github/workspace/mnt/ozone/hadoop-ozone/integration-test/target/test-dir/MiniOzoneClusterImpl-bdf594c0-931e-4198-806f-06e591ff76c3/datanode-1/data/ratis/25e8ea36-1b59-4c27-9d74-bac69c5844b7 does not exist. Creating ...
2020-12-28 13:48:34,775 [pool-253-thread-1] INFO  storage.RaftStorageDirectory (RaftStorageDirectory.java:tryLock(342)) - Lock on /github/workspace/mnt/ozone/hadoop-ozone/integration-test/target/test-dir/MiniOzoneClusterImpl-bdf594c0-931e-4198-806f-06e591ff76c3/datanode-1/data/ratis/25e8ea36-1b59-4c27-9d74-bac69c5844b7/in_use.lock acquired by nodename 15665@10028447f7ab
2020-12-28 13:48:34,776 [pool-253-thread-1] INFO  storage.RaftStorage (RaftStorage.java:format(89)) - Storage directory /github/workspace/mnt/ozone/hadoop-ozone/integration-test/target/test-dir/MiniOzoneClusterImpl-bdf594c0-931e-4198-806f-06e591ff76c3/datanode-1/data/ratis/25e8ea36-1b59-4c27-9d74-bac69c5844b7 has been successfully formatted.
2020-12-28 13:48:34,777 [pool-253-thread-1] INFO  ratis.ContainerStateMachine (ContainerStateMachine.java:loadSnapshot(223)) - group-BAC69C5844B7: The snapshot info is null. Setting the last applied indexto:(t:0, i:~)
2020-12-28 13:48:34,777 [pool-253-thread-1] ERROR storage.RaftStorage (RaftStorage.java:readRaftConfiguration(152)) - Failed reading configuration from file:/github/workspace/mnt/ozone/hadoop-ozone/integration-test/target/test-dir/MiniOzoneClusterImpl-bdf594c0-931e-4198-806f-06e591ff76c3/datanode-1/data/ratis/25e8ea36-1b59-4c27-9d74-bac69c5844b7/current/raft-meta.conf
java.io.FileNotFoundException: /github/workspace/mnt/ozone/hadoop-ozone/integration-test/target/test-dir/MiniOzoneClusterImpl-bdf594c0-931e-4198-806f-06e591ff76c3/datanode-1/data/ratis/25e8ea36-1b59-4c27-9d74-bac69c5844b7/current/raft-meta.conf (No such file or directory)
	at java.io.FileInputStream.open0(Native Method)
	at java.io.FileInputStream.open(FileInputStream.java:195)
	at java.io.FileInputStream.<init>(FileInputStream.java:138)
	at org.apache.ratis.server.storage.RaftStorage.readRaftConfiguration(RaftStorage.java:148)
	at org.apache.ratis.server.impl.ServerState.initStatemachine(ServerState.java:167)
	at org.apache.ratis.server.impl.ServerState.<init>(ServerState.java:112)
	at org.apache.ratis.server.impl.RaftServerImpl.<init>(RaftServerImpl.java:186)
	at org.apache.ratis.server.impl.RaftServerProxy.lambda$newRaftServerImpl$4(RaftServerProxy.java:264)
	at java.util.concurrent.CompletableFuture$AsyncSupply.run(CompletableFuture.java:1604)
	at java.util.concurrent.ThreadPoolExecutor.runWorker(ThreadPoolExecutor.java:1149)
	at java.util.concurrent.ThreadPoolExecutor$Worker.run(ThreadPoolExecutor.java:624)
	at java.lang.Thread.run(Thread.java:748)
2020-12-28 13:48:34,777 [pool-253-thread-1] INFO  server.RaftServerConfigKeys (ConfUtils.java:logGet(44)) - raft.server.notification.no-leader.timeout = 300s (custom)
2020-12-28 13:48:34,778 [EventQueue-PipelineReportForPipelineReportHandler] INFO  pipeline.PipelineStateManager (PipelineStateManager.java:openPipeline(132)) - Pipeline Pipeline[ Id: 25e8ea36-1b59-4c27-9d74-bac69c5844b7, Nodes: 332fbba1-841e-4633-be6b-7b3b7ad52219{ip: 172.17.0.2, host: 10028447f7ab, networkLocation: /default-rack, certSerialId: null, persistedOpState: IN_SERVICE, persistedOpStateExpiryEpochSec: 0}, Type:RATIS, Factor:ONE, State:ALLOCATED, leaderId:332fbba1-841e-4633-be6b-7b3b7ad52219, CreationTimestamp2020-12-28T13:48:31.774Z] moved to OPEN state
2020-12-28 13:48:34,778 [EventQueue-PipelineReportForOneReplicaPipelineSafeModeRule] INFO  safemode.SCMSafeModeManager (SCMSafeModeManager.java:validateSafeModeExitRules(214)) - AtleastOneDatanodeReportedRule rule is successfully validated
2020-12-28 13:48:34,779 [EventQueue-OpenPipelineForHealthyPipelineSafeModeRule] INFO  safemode.SCMSafeModeManager (HealthyPipelineSafeModeRule.java:process(128)) - SCM in safe mode. Healthy pipelines reported count is 0, required healthy pipeline reported count is 1
2020-12-28 13:48:34,779 [pool-253-thread-1] INFO  server.RaftServerConfigKeys (ConfUtils.java:logGet(44)) - raft.server.log.use.memory = false (default)
2020-12-28 13:48:34,780 [pool-253-thread-1] INFO  server.RaftServerConfigKeys (ConfUtils.java:logGet(44)) - raft.server.log.purge.gap = 1000000 (custom)
2020-12-28 13:48:34,780 [pool-253-thread-1] INFO  metrics.RatisMetrics (RatisMetrics.java:lambda$create$0(36)) - Creating Metrics Registry : ratis.log_worker.332fbba1-841e-4633-be6b-7b3b7ad52219@group-BAC69C5844B7
2020-12-28 13:48:34,780 [pool-253-thread-1] INFO  server.RaftServerConfigKeys (ConfUtils.java:logGet(44)) - raft.server.log.appender.buffer.byte-limit = 33554432 (custom)
2020-12-28 13:48:34,780 [pool-253-thread-1] INFO  server.RaftServerConfigKeys (ConfUtils.java:logGet(44)) - raft.server.log.segment.size.max = 1048576 (custom)
2020-12-28 13:48:34,781 [pool-253-thread-1] INFO  server.RaftServerConfigKeys (ConfUtils.java:logGet(44)) - raft.server.log.segment.cache.num.max = 2 (custom)
2020-12-28 13:48:34,781 [pool-253-thread-1] INFO  server.RaftServerConfigKeys (ConfUtils.java:logGet(44)) - raft.server.log.segment.cache.size.max = 200MB (=209715200) (default)
2020-12-28 13:48:34,781 [pool-253-thread-1] INFO  segmented.SegmentedRaftLogWorker (SegmentedRaftLogWorker.java:<init>(181)) - new 332fbba1-841e-4633-be6b-7b3b7ad52219@group-BAC69C5844B7-SegmentedRaftLogWorker for RaftStorage:Storage Directory /github/workspace/mnt/ozone/hadoop-ozone/integration-test/target/test-dir/MiniOzoneClusterImpl-bdf594c0-931e-4198-806f-06e591ff76c3/datanode-1/data/ratis/25e8ea36-1b59-4c27-9d74-bac69c5844b7
2020-12-28 13:48:34,781 [pool-253-thread-1] INFO  server.RaftServerConfigKeys (ConfUtils.java:logGet(44)) - raft.server.log.queue.byte-limit = 2147483647 (custom)
2020-12-28 13:48:34,781 [pool-253-thread-1] INFO  server.RaftServerConfigKeys (ConfUtils.java:logGet(44)) - raft.server.log.queue.element-limit = 1024 (custom)
2020-12-28 13:48:34,781 [pool-253-thread-1] INFO  server.RaftServerConfigKeys (ConfUtils.java:logGet(44)) - raft.server.log.segment.size.max = 1048576 (custom)
2020-12-28 13:48:34,781 [pool-253-thread-1] INFO  server.RaftServerConfigKeys (ConfUtils.java:logGet(44)) - raft.server.log.preallocated.size = 16384 (custom)
2020-12-28 13:48:34,781 [pool-253-thread-1] INFO  server.RaftServerConfigKeys (ConfUtils.java:logGet(44)) - raft.server.log.force.sync.num = 128 (default)
2020-12-28 13:48:34,781 [pool-253-thread-1] INFO  server.RaftServerConfigKeys (ConfUtils.java:logGet(44)) - raft.server.log.statemachine.data.sync = true (default)
2020-12-28 13:48:34,781 [pool-253-thread-1] INFO  server.RaftServerConfigKeys (ConfUtils.java:logGet(44)) - raft.server.log.statemachine.data.sync.timeout = 10s (default)
2020-12-28 13:48:34,781 [pool-253-thread-1] INFO  server.RaftServerConfigKeys (ConfUtils.java:logGet(44)) - raft.server.log.statemachine.data.sync.timeout.retry = -1 (default)
2020-12-28 13:48:34,782 [pool-253-thread-1] INFO  server.RaftServerConfigKeys (ConfUtils.java:logGet(44)) - raft.server.log.write.buffer.size = 1048576 (custom)
2020-12-28 13:48:34,783 [pool-253-thread-1] INFO  server.RaftServerConfigKeys (ConfUtils.java:logGet(44)) - raft.server.log.statemachine.data.caching.enabled = true (custom)
2020-12-28 13:48:34,783 [pool-253-thread-1] INFO  segmented.SegmentedRaftLogWorker (SegmentedRaftLogWorker.java:lambda$new$0(132)) - 332fbba1-841e-4633-be6b-7b3b7ad52219@group-BAC69C5844B7-SegmentedRaftLogWorker: flushIndex: setUnconditionally 0 -> -1
2020-12-28 13:48:34,783 [pool-253-thread-1] INFO  segmented.SegmentedRaftLogWorker (SegmentedRaftLogWorker.java:lambda$new$0(132)) - 332fbba1-841e-4633-be6b-7b3b7ad52219@group-BAC69C5844B7-SegmentedRaftLogWorker: safeCacheEvictIndex: setUnconditionally 0 -> -1
2020-12-28 13:48:34,783 [pool-253-thread-1] INFO  server.RaftServerConfigKeys (ConfUtils.java:logGet(44)) - raft.server.snapshot.auto.trigger.enabled = true (custom)
2020-12-28 13:48:34,783 [pool-253-thread-1] INFO  server.RaftServerConfigKeys (ConfUtils.java:logGet(44)) - raft.server.snapshot.auto.trigger.threshold = 10000 (custom)
2020-12-28 13:48:34,783 [pool-253-thread-1] INFO  server.RaftServerConfigKeys (ConfUtils.java:logGet(44)) - raft.server.snapshot.retention.file.num = 5 (custom)
2020-12-28 13:48:34,783 [pool-253-thread-1] INFO  server.RaftServerConfigKeys (ConfUtils.java:logGet(44)) - raft.server.log.purge.upto.snapshot.index = false (default)
2020-12-28 13:48:34,783 [pool-253-thread-1] INFO  server.RaftServerConfigKeys (ConfUtils.java:logGet(44)) - raft.server.retrycache.expirytime = 600000ms (custom)
2020-12-28 13:48:34,783 [pool-253-thread-1] INFO  server.RaftServerConfigKeys (ConfUtils.java:logGet(44)) - raft.server.retrycache.statistics.expirytime = 100?s (default)
2020-12-28 13:48:34,784 [pool-253-thread-1] INFO  metrics.RatisMetrics (RatisMetrics.java:lambda$create$0(36)) - Creating Metrics Registry : ratis.leader_election.332fbba1-841e-4633-be6b-7b3b7ad52219@group-BAC69C5844B7
2020-12-28 13:48:34,784 [pool-253-thread-1] INFO  metrics.RatisMetrics (RatisMetrics.java:lambda$create$0(36)) - Creating Metrics Registry : ratis.server.332fbba1-841e-4633-be6b-7b3b7ad52219@group-BAC69C5844B7
2020-12-28 13:48:34,785 [pool-253-thread-1] INFO  server.RaftServer$Division (RaftServerImpl.java:start(286)) - 332fbba1-841e-4633-be6b-7b3b7ad52219@group-BAC69C5844B7: start as a follower, conf=-1: [332fbba1-841e-4633-be6b-7b3b7ad52219|rpc:172.17.0.2:37643], old=null
2020-12-28 13:48:34,785 [pool-253-thread-1] INFO  server.RaftServer$Division (RaftServerImpl.java:setRole(275)) - 332fbba1-841e-4633-be6b-7b3b7ad52219@group-BAC69C5844B7: changes role from      null to FOLLOWER at term 0 for startAsFollower
2020-12-28 13:48:34,785 [pool-253-thread-1] INFO  impl.RoleInfo (RoleInfo.java:updateAndGet(130)) - 332fbba1-841e-4633-be6b-7b3b7ad52219: start 332fbba1-841e-4633-be6b-7b3b7ad52219@group-BAC69C5844B7-FollowerState
2020-12-28 13:48:34,786 [pool-253-thread-1] INFO  util.JmxRegister (JmxRegister.java:tryRegister(44)) - Successfully registered JMX Bean with object name Ratis:service=RaftServer,group=group-BAC69C5844B7,id=332fbba1-841e-4633-be6b-7b3b7ad52219
2020-12-28 13:48:34,786 [pool-253-thread-1] INFO  metrics.RatisMetrics (RatisMetrics.java:lambda$create$0(36)) - Creating Metrics Registry : ratis.state_machine.332fbba1-841e-4633-be6b-7b3b7ad52219@group-BAC69C5844B7
2020-12-28 13:48:34,787 [Command processor thread] INFO  commandhandler.CreatePipelineCommandHandler (CreatePipelineCommandHandler.java:handle(106)) - Created Pipeline RATIS ONE PipelineID=25e8ea36-1b59-4c27-9d74-bac69c5844b7.
2020-12-28 13:48:34,976 [Command processor thread] INFO  server.RaftServer (RaftServerProxy.java:addNew(93)) - e508d2ab-90e0-4998-a856-79bccff972e6: addNew group-8D24F49300F7:[e508d2ab-90e0-4998-a856-79bccff972e6|rpc:172.17.0.2:35913] returns group-8D24F49300F7:java.util.concurrent.CompletableFuture@10f588d8[Not completed]
2020-12-28 13:48:34,977 [pool-269-thread-1] INFO  server.RaftServer$Division (RaftServerImpl.java:<init>(173)) - e508d2ab-90e0-4998-a856-79bccff972e6: new RaftServerImpl for group-8D24F49300F7:[e508d2ab-90e0-4998-a856-79bccff972e6|rpc:172.17.0.2:35913] with ContainerStateMachine:uninitialized
2020-12-28 13:48:34,977 [pool-269-thread-1] INFO  server.RaftServerConfigKeys (ConfUtils.java:logGet(44)) - raft.server.rpc.timeout.min = 5s (custom)
2020-12-28 13:48:34,977 [pool-269-thread-1] INFO  server.RaftServerConfigKeys (ConfUtils.java:logGet(44)) - raft.server.rpc.timeout.max = 5200ms (custom)
2020-12-28 13:48:34,978 [pool-269-thread-1] INFO  server.RaftServerConfigKeys (ConfUtils.java:logGet(44)) - raft.server.rpc.sleep.time = 25ms (default)
2020-12-28 13:48:34,978 [pool-269-thread-1] INFO  server.RaftServerConfigKeys (ConfUtils.java:logGet(44)) - raft.server.rpc.slowness.timeout = 300s (custom)
2020-12-28 13:48:34,978 [pool-269-thread-1] INFO  server.RaftServerConfigKeys (ConfUtils.java:logGet(44)) - raft.server.leaderelection.leader.step-down.wait-time = 10s (default)
2020-12-28 13:48:34,978 [pool-269-thread-1] INFO  server.RaftServerConfigKeys (ConfUtils.java:logGet(44)) - raft.server.sleep.deviation.threshold = 300ms (default)
2020-12-28 13:48:34,978 [pool-269-thread-1] INFO  server.RaftServerConfigKeys (ConfUtils.java:logGet(44)) - raft.server.log.appender.install.snapshot.enabled = false (custom)
2020-12-28 13:48:34,978 [pool-269-thread-1] INFO  server.RaftServer$Division (ServerState.java:<init>(104)) - e508d2ab-90e0-4998-a856-79bccff972e6@group-8D24F49300F7: ConfigurationManager, init=-1: [e508d2ab-90e0-4998-a856-79bccff972e6|rpc:172.17.0.2:35913], old=null, confs=<EMPTY_MAP>
2020-12-28 13:48:34,978 [pool-269-thread-1] INFO  server.RaftServerConfigKeys (ConfUtils.java:logGet(44)) - raft.server.storage.dir = [/github/workspace/mnt/ozone/hadoop-ozone/integration-test/target/test-dir/MiniOzoneClusterImpl-bdf594c0-931e-4198-806f-06e591ff76c3/datanode-2/data/ratis] (custom)
2020-12-28 13:48:34,978 [pool-269-thread-1] INFO  server.RaftServerConfigKeys (ConfUtils.java:logGet(44)) - raft.server.log.corruption.policy = EXCEPTION (default)
2020-12-28 13:48:34,979 [pool-269-thread-1] INFO  storage.RaftStorageDirectory (RaftStorageDirectory.java:analyzeStorage(260)) - The storage directory /github/workspace/mnt/ozone/hadoop-ozone/integration-test/target/test-dir/MiniOzoneClusterImpl-bdf594c0-931e-4198-806f-06e591ff76c3/datanode-2/data/ratis/eef1fea6-9141-4155-aa8f-8d24f49300f7 does not exist. Creating ...
2020-12-28 13:48:34,980 [pool-269-thread-1] INFO  storage.RaftStorageDirectory (RaftStorageDirectory.java:tryLock(342)) - Lock on /github/workspace/mnt/ozone/hadoop-ozone/integration-test/target/test-dir/MiniOzoneClusterImpl-bdf594c0-931e-4198-806f-06e591ff76c3/datanode-2/data/ratis/eef1fea6-9141-4155-aa8f-8d24f49300f7/in_use.lock acquired by nodename 15665@10028447f7ab
2020-12-28 13:48:34,982 [pool-269-thread-1] INFO  storage.RaftStorage (RaftStorage.java:format(89)) - Storage directory /github/workspace/mnt/ozone/hadoop-ozone/integration-test/target/test-dir/MiniOzoneClusterImpl-bdf594c0-931e-4198-806f-06e591ff76c3/datanode-2/data/ratis/eef1fea6-9141-4155-aa8f-8d24f49300f7 has been successfully formatted.
2020-12-28 13:48:34,982 [pool-269-thread-1] INFO  ratis.ContainerStateMachine (ContainerStateMachine.java:loadSnapshot(223)) - group-8D24F49300F7: The snapshot info is null. Setting the last applied indexto:(t:0, i:~)
2020-12-28 13:48:34,982 [pool-269-thread-1] ERROR storage.RaftStorage (RaftStorage.java:readRaftConfiguration(152)) - Failed reading configuration from file:/github/workspace/mnt/ozone/hadoop-ozone/integration-test/target/test-dir/MiniOzoneClusterImpl-bdf594c0-931e-4198-806f-06e591ff76c3/datanode-2/data/ratis/eef1fea6-9141-4155-aa8f-8d24f49300f7/current/raft-meta.conf
java.io.FileNotFoundException: /github/workspace/mnt/ozone/hadoop-ozone/integration-test/target/test-dir/MiniOzoneClusterImpl-bdf594c0-931e-4198-806f-06e591ff76c3/datanode-2/data/ratis/eef1fea6-9141-4155-aa8f-8d24f49300f7/current/raft-meta.conf (No such file or directory)
	at java.io.FileInputStream.open0(Native Method)
	at java.io.FileInputStream.open(FileInputStream.java:195)
	at java.io.FileInputStream.<init>(FileInputStream.java:138)
	at org.apache.ratis.server.storage.RaftStorage.readRaftConfiguration(RaftStorage.java:148)
	at org.apache.ratis.server.impl.ServerState.initStatemachine(ServerState.java:167)
	at org.apache.ratis.server.impl.ServerState.<init>(ServerState.java:112)
	at org.apache.ratis.server.impl.RaftServerImpl.<init>(RaftServerImpl.java:186)
	at org.apache.ratis.server.impl.RaftServerProxy.lambda$newRaftServerImpl$4(RaftServerProxy.java:264)
	at java.util.concurrent.CompletableFuture$AsyncSupply.run(CompletableFuture.java:1604)
	at java.util.concurrent.ThreadPoolExecutor.runWorker(ThreadPoolExecutor.java:1149)
	at java.util.concurrent.ThreadPoolExecutor$Worker.run(ThreadPoolExecutor.java:624)
	at java.lang.Thread.run(Thread.java:748)
2020-12-28 13:48:34,983 [pool-269-thread-1] INFO  server.RaftServerConfigKeys (ConfUtils.java:logGet(44)) - raft.server.notification.no-leader.timeout = 300s (custom)
2020-12-28 13:48:34,983 [pool-269-thread-1] INFO  server.RaftServerConfigKeys (ConfUtils.java:logGet(44)) - raft.server.log.use.memory = false (default)
2020-12-28 13:48:34,983 [pool-269-thread-1] INFO  server.RaftServerConfigKeys (ConfUtils.java:logGet(44)) - raft.server.log.purge.gap = 1000000 (custom)
2020-12-28 13:48:34,983 [pool-269-thread-1] INFO  metrics.RatisMetrics (RatisMetrics.java:lambda$create$0(36)) - Creating Metrics Registry : ratis.log_worker.e508d2ab-90e0-4998-a856-79bccff972e6@group-8D24F49300F7
2020-12-28 13:48:34,983 [pool-269-thread-1] INFO  server.RaftServerConfigKeys (ConfUtils.java:logGet(44)) - raft.server.log.appender.buffer.byte-limit = 33554432 (custom)
2020-12-28 13:48:34,983 [EventQueue-PipelineReportForOneReplicaPipelineSafeModeRule] INFO  safemode.SCMSafeModeManager (SCMSafeModeManager.java:validateSafeModeExitRules(214)) - AtleastOneDatanodeReportedRule rule is successfully validated
2020-12-28 13:48:34,983 [pool-269-thread-1] INFO  server.RaftServerConfigKeys (ConfUtils.java:logGet(44)) - raft.server.log.segment.size.max = 1048576 (custom)
2020-12-28 13:48:34,983 [EventQueue-PipelineReportForPipelineReportHandler] INFO  pipeline.PipelineStateManager (PipelineStateManager.java:openPipeline(132)) - Pipeline Pipeline[ Id: eef1fea6-9141-4155-aa8f-8d24f49300f7, Nodes: e508d2ab-90e0-4998-a856-79bccff972e6{ip: 172.17.0.2, host: 10028447f7ab, networkLocation: /default-rack, certSerialId: null, persistedOpState: IN_SERVICE, persistedOpStateExpiryEpochSec: 0}, Type:RATIS, Factor:ONE, State:ALLOCATED, leaderId:e508d2ab-90e0-4998-a856-79bccff972e6, CreationTimestamp2020-12-28T13:48:31.980Z] moved to OPEN state
2020-12-28 13:48:34,984 [EventQueue-OpenPipelineForHealthyPipelineSafeModeRule] INFO  safemode.SCMSafeModeManager (HealthyPipelineSafeModeRule.java:process(128)) - SCM in safe mode. Healthy pipelines reported count is 0, required healthy pipeline reported count is 1
2020-12-28 13:48:34,984 [pool-269-thread-1] INFO  server.RaftServerConfigKeys (ConfUtils.java:logGet(44)) - raft.server.log.segment.cache.num.max = 2 (custom)
2020-12-28 13:48:34,985 [pool-269-thread-1] INFO  server.RaftServerConfigKeys (ConfUtils.java:logGet(44)) - raft.server.log.segment.cache.size.max = 200MB (=209715200) (default)
2020-12-28 13:48:34,985 [pool-269-thread-1] INFO  segmented.SegmentedRaftLogWorker (SegmentedRaftLogWorker.java:<init>(181)) - new e508d2ab-90e0-4998-a856-79bccff972e6@group-8D24F49300F7-SegmentedRaftLogWorker for RaftStorage:Storage Directory /github/workspace/mnt/ozone/hadoop-ozone/integration-test/target/test-dir/MiniOzoneClusterImpl-bdf594c0-931e-4198-806f-06e591ff76c3/datanode-2/data/ratis/eef1fea6-9141-4155-aa8f-8d24f49300f7
2020-12-28 13:48:34,985 [pool-269-thread-1] INFO  server.RaftServerConfigKeys (ConfUtils.java:logGet(44)) - raft.server.log.queue.byte-limit = 2147483647 (custom)
2020-12-28 13:48:34,985 [pool-269-thread-1] INFO  server.RaftServerConfigKeys (ConfUtils.java:logGet(44)) - raft.server.log.queue.element-limit = 1024 (custom)
2020-12-28 13:48:34,985 [pool-269-thread-1] INFO  server.RaftServerConfigKeys (ConfUtils.java:logGet(44)) - raft.server.log.segment.size.max = 1048576 (custom)
2020-12-28 13:48:34,985 [pool-269-thread-1] INFO  server.RaftServerConfigKeys (ConfUtils.java:logGet(44)) - raft.server.log.preallocated.size = 16384 (custom)
2020-12-28 13:48:34,985 [pool-269-thread-1] INFO  server.RaftServerConfigKeys (ConfUtils.java:logGet(44)) - raft.server.log.force.sync.num = 128 (default)
2020-12-28 13:48:34,985 [pool-269-thread-1] INFO  server.RaftServerConfigKeys (ConfUtils.java:logGet(44)) - raft.server.log.statemachine.data.sync = true (default)
2020-12-28 13:48:34,985 [pool-269-thread-1] INFO  server.RaftServerConfigKeys (ConfUtils.java:logGet(44)) - raft.server.log.statemachine.data.sync.timeout = 10s (default)
2020-12-28 13:48:34,985 [pool-269-thread-1] INFO  server.RaftServerConfigKeys (ConfUtils.java:logGet(44)) - raft.server.log.statemachine.data.sync.timeout.retry = -1 (default)
2020-12-28 13:48:34,986 [pool-269-thread-1] INFO  server.RaftServerConfigKeys (ConfUtils.java:logGet(44)) - raft.server.log.write.buffer.size = 1048576 (custom)
2020-12-28 13:48:34,987 [pool-269-thread-1] INFO  server.RaftServerConfigKeys (ConfUtils.java:logGet(44)) - raft.server.log.statemachine.data.caching.enabled = true (custom)
2020-12-28 13:48:34,987 [pool-269-thread-1] INFO  segmented.SegmentedRaftLogWorker (SegmentedRaftLogWorker.java:lambda$new$0(132)) - e508d2ab-90e0-4998-a856-79bccff972e6@group-8D24F49300F7-SegmentedRaftLogWorker: flushIndex: setUnconditionally 0 -> -1
2020-12-28 13:48:34,988 [pool-269-thread-1] INFO  segmented.SegmentedRaftLogWorker (SegmentedRaftLogWorker.java:lambda$new$0(132)) - e508d2ab-90e0-4998-a856-79bccff972e6@group-8D24F49300F7-SegmentedRaftLogWorker: safeCacheEvictIndex: setUnconditionally 0 -> -1
2020-12-28 13:48:34,991 [pool-269-thread-1] INFO  server.RaftServerConfigKeys (ConfUtils.java:logGet(44)) - raft.server.snapshot.auto.trigger.enabled = true (custom)
2020-12-28 13:48:34,991 [pool-269-thread-1] INFO  server.RaftServerConfigKeys (ConfUtils.java:logGet(44)) - raft.server.snapshot.auto.trigger.threshold = 10000 (custom)
2020-12-28 13:48:34,992 [pool-269-thread-1] INFO  server.RaftServerConfigKeys (ConfUtils.java:logGet(44)) - raft.server.snapshot.retention.file.num = 5 (custom)
2020-12-28 13:48:34,992 [pool-269-thread-1] INFO  server.RaftServerConfigKeys (ConfUtils.java:logGet(44)) - raft.server.log.purge.upto.snapshot.index = false (default)
2020-12-28 13:48:34,992 [pool-269-thread-1] INFO  server.RaftServerConfigKeys (ConfUtils.java:logGet(44)) - raft.server.retrycache.expirytime = 600000ms (custom)
2020-12-28 13:48:34,992 [pool-269-thread-1] INFO  server.RaftServerConfigKeys (ConfUtils.java:logGet(44)) - raft.server.retrycache.statistics.expirytime = 100?s (default)
2020-12-28 13:48:34,992 [pool-269-thread-1] INFO  metrics.RatisMetrics (RatisMetrics.java:lambda$create$0(36)) - Creating Metrics Registry : ratis.leader_election.e508d2ab-90e0-4998-a856-79bccff972e6@group-8D24F49300F7
2020-12-28 13:48:34,992 [pool-269-thread-1] INFO  metrics.RatisMetrics (RatisMetrics.java:lambda$create$0(36)) - Creating Metrics Registry : ratis.server.e508d2ab-90e0-4998-a856-79bccff972e6@group-8D24F49300F7
2020-12-28 13:48:34,993 [pool-269-thread-1] INFO  server.RaftServer$Division (RaftServerImpl.java:start(286)) - e508d2ab-90e0-4998-a856-79bccff972e6@group-8D24F49300F7: start as a follower, conf=-1: [e508d2ab-90e0-4998-a856-79bccff972e6|rpc:172.17.0.2:35913], old=null
2020-12-28 13:48:34,993 [pool-269-thread-1] INFO  server.RaftServer$Division (RaftServerImpl.java:setRole(275)) - e508d2ab-90e0-4998-a856-79bccff972e6@group-8D24F49300F7: changes role from      null to FOLLOWER at term 0 for startAsFollower
2020-12-28 13:48:34,993 [pool-269-thread-1] INFO  impl.RoleInfo (RoleInfo.java:updateAndGet(130)) - e508d2ab-90e0-4998-a856-79bccff972e6: start e508d2ab-90e0-4998-a856-79bccff972e6@group-8D24F49300F7-FollowerState
2020-12-28 13:48:34,994 [pool-269-thread-1] INFO  util.JmxRegister (JmxRegister.java:tryRegister(44)) - Successfully registered JMX Bean with object name Ratis:service=RaftServer,group=group-8D24F49300F7,id=e508d2ab-90e0-4998-a856-79bccff972e6
2020-12-28 13:48:34,995 [pool-269-thread-1] INFO  metrics.RatisMetrics (RatisMetrics.java:lambda$create$0(36)) - Creating Metrics Registry : ratis.state_machine.e508d2ab-90e0-4998-a856-79bccff972e6@group-8D24F49300F7
2020-12-28 13:48:35,000 [Command processor thread] INFO  commandhandler.CreatePipelineCommandHandler (CreatePipelineCommandHandler.java:handle(106)) - Created Pipeline RATIS ONE PipelineID=eef1fea6-9141-4155-aa8f-8d24f49300f7.
2020-12-28 13:48:35,182 [Command processor thread] INFO  server.RaftServer (RaftServerProxy.java:addNew(93)) - ede2715c-525a-43bb-bbef-11d8a10627b5: addNew group-F5F70914B4CF:[ede2715c-525a-43bb-bbef-11d8a10627b5|rpc:172.17.0.2:40065] returns group-F5F70914B4CF:java.util.concurrent.CompletableFuture@26f4fea3[Not completed]
2020-12-28 13:48:35,182 [EventQueue-PipelineReportForOneReplicaPipelineSafeModeRule] INFO  safemode.SCMSafeModeManager (SCMSafeModeManager.java:validateSafeModeExitRules(214)) - AtleastOneDatanodeReportedRule rule is successfully validated
2020-12-28 13:48:35,184 [pool-285-thread-1] INFO  server.RaftServer$Division (RaftServerImpl.java:<init>(173)) - ede2715c-525a-43bb-bbef-11d8a10627b5: new RaftServerImpl for group-F5F70914B4CF:[ede2715c-525a-43bb-bbef-11d8a10627b5|rpc:172.17.0.2:40065] with ContainerStateMachine:uninitialized
2020-12-28 13:48:35,184 [pool-285-thread-1] INFO  server.RaftServerConfigKeys (ConfUtils.java:logGet(44)) - raft.server.rpc.timeout.min = 5s (custom)
2020-12-28 13:48:35,184 [pool-285-thread-1] INFO  server.RaftServerConfigKeys (ConfUtils.java:logGet(44)) - raft.server.rpc.timeout.max = 5200ms (custom)
2020-12-28 13:48:35,184 [pool-285-thread-1] INFO  server.RaftServerConfigKeys (ConfUtils.java:logGet(44)) - raft.server.rpc.sleep.time = 25ms (default)
2020-12-28 13:48:35,184 [pool-285-thread-1] INFO  server.RaftServerConfigKeys (ConfUtils.java:logGet(44)) - raft.server.rpc.slowness.timeout = 300s (custom)
2020-12-28 13:48:35,184 [pool-285-thread-1] INFO  server.RaftServerConfigKeys (ConfUtils.java:logGet(44)) - raft.server.leaderelection.leader.step-down.wait-time = 10s (default)
2020-12-28 13:48:35,185 [pool-285-thread-1] INFO  server.RaftServerConfigKeys (ConfUtils.java:logGet(44)) - raft.server.sleep.deviation.threshold = 300ms (default)
2020-12-28 13:48:35,185 [pool-285-thread-1] INFO  server.RaftServerConfigKeys (ConfUtils.java:logGet(44)) - raft.server.log.appender.install.snapshot.enabled = false (custom)
2020-12-28 13:48:35,185 [pool-285-thread-1] INFO  server.RaftServer$Division (ServerState.java:<init>(104)) - ede2715c-525a-43bb-bbef-11d8a10627b5@group-F5F70914B4CF: ConfigurationManager, init=-1: [ede2715c-525a-43bb-bbef-11d8a10627b5|rpc:172.17.0.2:40065], old=null, confs=<EMPTY_MAP>
2020-12-28 13:48:35,185 [pool-285-thread-1] INFO  server.RaftServerConfigKeys (ConfUtils.java:logGet(44)) - raft.server.storage.dir = [/github/workspace/mnt/ozone/hadoop-ozone/integration-test/target/test-dir/MiniOzoneClusterImpl-bdf594c0-931e-4198-806f-06e591ff76c3/datanode-3/data/ratis] (custom)
2020-12-28 13:48:35,185 [pool-285-thread-1] INFO  server.RaftServerConfigKeys (ConfUtils.java:logGet(44)) - raft.server.log.corruption.policy = EXCEPTION (default)
2020-12-28 13:48:35,185 [pool-285-thread-1] INFO  storage.RaftStorageDirectory (RaftStorageDirectory.java:analyzeStorage(260)) - The storage directory /github/workspace/mnt/ozone/hadoop-ozone/integration-test/target/test-dir/MiniOzoneClusterImpl-bdf594c0-931e-4198-806f-06e591ff76c3/datanode-3/data/ratis/90cc7fe8-532a-4f23-bad5-f5f70914b4cf does not exist. Creating ...
2020-12-28 13:48:35,190 [pool-285-thread-1] INFO  storage.RaftStorageDirectory (RaftStorageDirectory.java:tryLock(342)) - Lock on /github/workspace/mnt/ozone/hadoop-ozone/integration-test/target/test-dir/MiniOzoneClusterImpl-bdf594c0-931e-4198-806f-06e591ff76c3/datanode-3/data/ratis/90cc7fe8-532a-4f23-bad5-f5f70914b4cf/in_use.lock acquired by nodename 15665@10028447f7ab
2020-12-28 13:48:35,193 [pool-285-thread-1] INFO  storage.RaftStorage (RaftStorage.java:format(89)) - Storage directory /github/workspace/mnt/ozone/hadoop-ozone/integration-test/target/test-dir/MiniOzoneClusterImpl-bdf594c0-931e-4198-806f-06e591ff76c3/datanode-3/data/ratis/90cc7fe8-532a-4f23-bad5-f5f70914b4cf has been successfully formatted.
2020-12-28 13:48:35,193 [pool-285-thread-1] INFO  ratis.ContainerStateMachine (ContainerStateMachine.java:loadSnapshot(223)) - group-F5F70914B4CF: The snapshot info is null. Setting the last applied indexto:(t:0, i:~)
2020-12-28 13:48:35,194 [pool-285-thread-1] ERROR storage.RaftStorage (RaftStorage.java:readRaftConfiguration(152)) - Failed reading configuration from file:/github/workspace/mnt/ozone/hadoop-ozone/integration-test/target/test-dir/MiniOzoneClusterImpl-bdf594c0-931e-4198-806f-06e591ff76c3/datanode-3/data/ratis/90cc7fe8-532a-4f23-bad5-f5f70914b4cf/current/raft-meta.conf
java.io.FileNotFoundException: /github/workspace/mnt/ozone/hadoop-ozone/integration-test/target/test-dir/MiniOzoneClusterImpl-bdf594c0-931e-4198-806f-06e591ff76c3/datanode-3/data/ratis/90cc7fe8-532a-4f23-bad5-f5f70914b4cf/current/raft-meta.conf (No such file or directory)
	at java.io.FileInputStream.open0(Native Method)
	at java.io.FileInputStream.open(FileInputStream.java:195)
	at java.io.FileInputStream.<init>(FileInputStream.java:138)
	at org.apache.ratis.server.storage.RaftStorage.readRaftConfiguration(RaftStorage.java:148)
	at org.apache.ratis.server.impl.ServerState.initStatemachine(ServerState.java:167)
	at org.apache.ratis.server.impl.ServerState.<init>(ServerState.java:112)
	at org.apache.ratis.server.impl.RaftServerImpl.<init>(RaftServerImpl.java:186)
	at org.apache.ratis.server.impl.RaftServerProxy.lambda$newRaftServerImpl$4(RaftServerProxy.java:264)
	at java.util.concurrent.CompletableFuture$AsyncSupply.run(CompletableFuture.java:1604)
	at java.util.concurrent.ThreadPoolExecutor.runWorker(ThreadPoolExecutor.java:1149)
	at java.util.concurrent.ThreadPoolExecutor$Worker.run(ThreadPoolExecutor.java:624)
	at java.lang.Thread.run(Thread.java:748)
2020-12-28 13:48:35,194 [pool-285-thread-1] INFO  server.RaftServerConfigKeys (ConfUtils.java:logGet(44)) - raft.server.notification.no-leader.timeout = 300s (custom)
2020-12-28 13:48:35,194 [pool-285-thread-1] INFO  server.RaftServerConfigKeys (ConfUtils.java:logGet(44)) - raft.server.log.use.memory = false (default)
2020-12-28 13:48:35,194 [pool-285-thread-1] INFO  server.RaftServerConfigKeys (ConfUtils.java:logGet(44)) - raft.server.log.purge.gap = 1000000 (custom)
2020-12-28 13:48:35,194 [EventQueue-PipelineReportForOneReplicaPipelineSafeModeRule] INFO  safemode.SCMSafeModeManager (SCMSafeModeManager.java:validateSafeModeExitRules(214)) - AtleastOneDatanodeReportedRule rule is successfully validated
2020-12-28 13:48:35,194 [pool-285-thread-1] INFO  metrics.RatisMetrics (RatisMetrics.java:lambda$create$0(36)) - Creating Metrics Registry : ratis.log_worker.ede2715c-525a-43bb-bbef-11d8a10627b5@group-F5F70914B4CF
2020-12-28 13:48:35,194 [EventQueue-PipelineReportForPipelineReportHandler] INFO  pipeline.PipelineStateManager (PipelineStateManager.java:openPipeline(132)) - Pipeline Pipeline[ Id: 90cc7fe8-532a-4f23-bad5-f5f70914b4cf, Nodes: ede2715c-525a-43bb-bbef-11d8a10627b5{ip: 172.17.0.2, host: 10028447f7ab, networkLocation: /default-rack, certSerialId: null, persistedOpState: IN_SERVICE, persistedOpStateExpiryEpochSec: 0}, Type:RATIS, Factor:ONE, State:ALLOCATED, leaderId:ede2715c-525a-43bb-bbef-11d8a10627b5, CreationTimestamp2020-12-28T13:48:32.185Z] moved to OPEN state
2020-12-28 13:48:35,195 [pool-285-thread-1] INFO  server.RaftServerConfigKeys (ConfUtils.java:logGet(44)) - raft.server.log.appender.buffer.byte-limit = 33554432 (custom)
2020-12-28 13:48:35,195 [pool-285-thread-1] INFO  server.RaftServerConfigKeys (ConfUtils.java:logGet(44)) - raft.server.log.segment.size.max = 1048576 (custom)
2020-12-28 13:48:35,195 [EventQueue-OpenPipelineForHealthyPipelineSafeModeRule] INFO  safemode.SCMSafeModeManager (HealthyPipelineSafeModeRule.java:process(128)) - SCM in safe mode. Healthy pipelines reported count is 0, required healthy pipeline reported count is 1
2020-12-28 13:48:35,198 [pool-285-thread-1] INFO  server.RaftServerConfigKeys (ConfUtils.java:logGet(44)) - raft.server.log.segment.cache.num.max = 2 (custom)
2020-12-28 13:48:35,198 [pool-285-thread-1] INFO  server.RaftServerConfigKeys (ConfUtils.java:logGet(44)) - raft.server.log.segment.cache.size.max = 200MB (=209715200) (default)
2020-12-28 13:48:35,198 [pool-285-thread-1] INFO  segmented.SegmentedRaftLogWorker (SegmentedRaftLogWorker.java:<init>(181)) - new ede2715c-525a-43bb-bbef-11d8a10627b5@group-F5F70914B4CF-SegmentedRaftLogWorker for RaftStorage:Storage Directory /github/workspace/mnt/ozone/hadoop-ozone/integration-test/target/test-dir/MiniOzoneClusterImpl-bdf594c0-931e-4198-806f-06e591ff76c3/datanode-3/data/ratis/90cc7fe8-532a-4f23-bad5-f5f70914b4cf
2020-12-28 13:48:35,198 [pool-285-thread-1] INFO  server.RaftServerConfigKeys (ConfUtils.java:logGet(44)) - raft.server.log.queue.byte-limit = 2147483647 (custom)
2020-12-28 13:48:35,198 [pool-285-thread-1] INFO  server.RaftServerConfigKeys (ConfUtils.java:logGet(44)) - raft.server.log.queue.element-limit = 1024 (custom)
2020-12-28 13:48:35,198 [pool-285-thread-1] INFO  server.RaftServerConfigKeys (ConfUtils.java:logGet(44)) - raft.server.log.segment.size.max = 1048576 (custom)
2020-12-28 13:48:35,198 [pool-285-thread-1] INFO  server.RaftServerConfigKeys (ConfUtils.java:logGet(44)) - raft.server.log.preallocated.size = 16384 (custom)
2020-12-28 13:48:35,198 [pool-285-thread-1] INFO  server.RaftServerConfigKeys (ConfUtils.java:logGet(44)) - raft.server.log.force.sync.num = 128 (default)
2020-12-28 13:48:35,199 [pool-285-thread-1] INFO  server.RaftServerConfigKeys (ConfUtils.java:logGet(44)) - raft.server.log.statemachine.data.sync = true (default)
2020-12-28 13:48:35,199 [pool-285-thread-1] INFO  server.RaftServerConfigKeys (ConfUtils.java:logGet(44)) - raft.server.log.statemachine.data.sync.timeout = 10s (default)
2020-12-28 13:48:35,199 [pool-285-thread-1] INFO  server.RaftServerConfigKeys (ConfUtils.java:logGet(44)) - raft.server.log.statemachine.data.sync.timeout.retry = -1 (default)
2020-12-28 13:48:35,200 [pool-285-thread-1] INFO  server.RaftServerConfigKeys (ConfUtils.java:logGet(44)) - raft.server.log.write.buffer.size = 1048576 (custom)
2020-12-28 13:48:35,201 [pool-285-thread-1] INFO  server.RaftServerConfigKeys (ConfUtils.java:logGet(44)) - raft.server.log.statemachine.data.caching.enabled = true (custom)
2020-12-28 13:48:35,201 [pool-285-thread-1] INFO  segmented.SegmentedRaftLogWorker (SegmentedRaftLogWorker.java:lambda$new$0(132)) - ede2715c-525a-43bb-bbef-11d8a10627b5@group-F5F70914B4CF-SegmentedRaftLogWorker: flushIndex: setUnconditionally 0 -> -1
2020-12-28 13:48:35,201 [pool-285-thread-1] INFO  segmented.SegmentedRaftLogWorker (SegmentedRaftLogWorker.java:lambda$new$0(132)) - ede2715c-525a-43bb-bbef-11d8a10627b5@group-F5F70914B4CF-SegmentedRaftLogWorker: safeCacheEvictIndex: setUnconditionally 0 -> -1
2020-12-28 13:48:35,201 [pool-285-thread-1] INFO  server.RaftServerConfigKeys (ConfUtils.java:logGet(44)) - raft.server.snapshot.auto.trigger.enabled = true (custom)
2020-12-28 13:48:35,201 [pool-285-thread-1] INFO  server.RaftServerConfigKeys (ConfUtils.java:logGet(44)) - raft.server.snapshot.auto.trigger.threshold = 10000 (custom)
2020-12-28 13:48:35,201 [pool-285-thread-1] INFO  server.RaftServerConfigKeys (ConfUtils.java:logGet(44)) - raft.server.snapshot.retention.file.num = 5 (custom)
2020-12-28 13:48:35,201 [pool-285-thread-1] INFO  server.RaftServerConfigKeys (ConfUtils.java:logGet(44)) - raft.server.log.purge.upto.snapshot.index = false (default)
2020-12-28 13:48:35,201 [pool-285-thread-1] INFO  server.RaftServerConfigKeys (ConfUtils.java:logGet(44)) - raft.server.retrycache.expirytime = 600000ms (custom)
2020-12-28 13:48:35,201 [pool-285-thread-1] INFO  server.RaftServerConfigKeys (ConfUtils.java:logGet(44)) - raft.server.retrycache.statistics.expirytime = 100?s (default)
2020-12-28 13:48:35,201 [pool-285-thread-1] INFO  metrics.RatisMetrics (RatisMetrics.java:lambda$create$0(36)) - Creating Metrics Registry : ratis.leader_election.ede2715c-525a-43bb-bbef-11d8a10627b5@group-F5F70914B4CF
2020-12-28 13:48:35,202 [pool-285-thread-1] INFO  metrics.RatisMetrics (RatisMetrics.java:lambda$create$0(36)) - Creating Metrics Registry : ratis.server.ede2715c-525a-43bb-bbef-11d8a10627b5@group-F5F70914B4CF
2020-12-28 13:48:35,203 [pool-285-thread-1] INFO  server.RaftServer$Division (RaftServerImpl.java:start(286)) - ede2715c-525a-43bb-bbef-11d8a10627b5@group-F5F70914B4CF: start as a follower, conf=-1: [ede2715c-525a-43bb-bbef-11d8a10627b5|rpc:172.17.0.2:40065], old=null
2020-12-28 13:48:35,203 [pool-285-thread-1] INFO  server.RaftServer$Division (RaftServerImpl.java:setRole(275)) - ede2715c-525a-43bb-bbef-11d8a10627b5@group-F5F70914B4CF: changes role from      null to FOLLOWER at term 0 for startAsFollower
2020-12-28 13:48:35,203 [pool-285-thread-1] INFO  impl.RoleInfo (RoleInfo.java:updateAndGet(130)) - ede2715c-525a-43bb-bbef-11d8a10627b5: start ede2715c-525a-43bb-bbef-11d8a10627b5@group-F5F70914B4CF-FollowerState
2020-12-28 13:48:35,203 [pool-285-thread-1] INFO  util.JmxRegister (JmxRegister.java:tryRegister(44)) - Successfully registered JMX Bean with object name Ratis:service=RaftServer,group=group-F5F70914B4CF,id=ede2715c-525a-43bb-bbef-11d8a10627b5
2020-12-28 13:48:35,203 [pool-285-thread-1] INFO  metrics.RatisMetrics (RatisMetrics.java:lambda$create$0(36)) - Creating Metrics Registry : ratis.state_machine.ede2715c-525a-43bb-bbef-11d8a10627b5@group-F5F70914B4CF
2020-12-28 13:48:35,204 [Command processor thread] INFO  commandhandler.CreatePipelineCommandHandler (CreatePipelineCommandHandler.java:handle(106)) - Created Pipeline RATIS ONE PipelineID=90cc7fe8-532a-4f23-bad5-f5f70914b4cf.
2020-12-28 13:48:35,204 [Command processor thread] INFO  server.RaftServer (RaftServerProxy.java:addNew(93)) - ede2715c-525a-43bb-bbef-11d8a10627b5: addNew group-70A148EB6A12:[d7483ff8-d446-4b93-ae84-b7d33969bf66|rpc:172.17.0.2:43973, ede2715c-525a-43bb-bbef-11d8a10627b5|rpc:172.17.0.2:40065, c5825b16-4892-462f-82e3-ba8f99a31f50|rpc:172.17.0.2:36229] returns group-70A148EB6A12:java.util.concurrent.CompletableFuture@22cb7ea5[Not completed]
2020-12-28 13:48:35,205 [pool-285-thread-1] INFO  server.RaftServer$Division (RaftServerImpl.java:<init>(173)) - ede2715c-525a-43bb-bbef-11d8a10627b5: new RaftServerImpl for group-70A148EB6A12:[d7483ff8-d446-4b93-ae84-b7d33969bf66|rpc:172.17.0.2:43973, ede2715c-525a-43bb-bbef-11d8a10627b5|rpc:172.17.0.2:40065, c5825b16-4892-462f-82e3-ba8f99a31f50|rpc:172.17.0.2:36229] with ContainerStateMachine:uninitialized
2020-12-28 13:48:35,205 [pool-285-thread-1] INFO  server.RaftServerConfigKeys (ConfUtils.java:logGet(44)) - raft.server.rpc.timeout.min = 5s (custom)
2020-12-28 13:48:35,205 [pool-285-thread-1] INFO  server.RaftServerConfigKeys (ConfUtils.java:logGet(44)) - raft.server.rpc.timeout.max = 5200ms (custom)
2020-12-28 13:48:35,205 [pool-285-thread-1] INFO  server.RaftServerConfigKeys (ConfUtils.java:logGet(44)) - raft.server.rpc.sleep.time = 25ms (default)
2020-12-28 13:48:35,205 [pool-285-thread-1] INFO  server.RaftServerConfigKeys (ConfUtils.java:logGet(44)) - raft.server.rpc.slowness.timeout = 300s (custom)
2020-12-28 13:48:35,205 [pool-285-thread-1] INFO  server.RaftServerConfigKeys (ConfUtils.java:logGet(44)) - raft.server.leaderelection.leader.step-down.wait-time = 10s (default)
2020-12-28 13:48:35,205 [pool-285-thread-1] INFO  server.RaftServerConfigKeys (ConfUtils.java:logGet(44)) - raft.server.sleep.deviation.threshold = 300ms (default)
2020-12-28 13:48:35,205 [pool-285-thread-1] INFO  server.RaftServerConfigKeys (ConfUtils.java:logGet(44)) - raft.server.log.appender.install.snapshot.enabled = false (custom)
2020-12-28 13:48:35,205 [pool-285-thread-1] INFO  server.RaftServer$Division (ServerState.java:<init>(104)) - ede2715c-525a-43bb-bbef-11d8a10627b5@group-70A148EB6A12: ConfigurationManager, init=-1: [d7483ff8-d446-4b93-ae84-b7d33969bf66|rpc:172.17.0.2:43973, ede2715c-525a-43bb-bbef-11d8a10627b5|rpc:172.17.0.2:40065, c5825b16-4892-462f-82e3-ba8f99a31f50|rpc:172.17.0.2:36229], old=null, confs=<EMPTY_MAP>
2020-12-28 13:48:35,205 [pool-285-thread-1] INFO  server.RaftServerConfigKeys (ConfUtils.java:logGet(44)) - raft.server.storage.dir = [/github/workspace/mnt/ozone/hadoop-ozone/integration-test/target/test-dir/MiniOzoneClusterImpl-bdf594c0-931e-4198-806f-06e591ff76c3/datanode-3/data/ratis] (custom)
2020-12-28 13:48:35,205 [pool-285-thread-1] INFO  server.RaftServerConfigKeys (ConfUtils.java:logGet(44)) - raft.server.log.corruption.policy = EXCEPTION (default)
2020-12-28 13:48:35,206 [pool-285-thread-1] INFO  storage.RaftStorageDirectory (RaftStorageDirectory.java:analyzeStorage(260)) - The storage directory /github/workspace/mnt/ozone/hadoop-ozone/integration-test/target/test-dir/MiniOzoneClusterImpl-bdf594c0-931e-4198-806f-06e591ff76c3/datanode-3/data/ratis/7358459d-60ce-490b-a741-70a148eb6a12 does not exist. Creating ...
2020-12-28 13:48:35,207 [pool-285-thread-1] INFO  storage.RaftStorageDirectory (RaftStorageDirectory.java:tryLock(342)) - Lock on /github/workspace/mnt/ozone/hadoop-ozone/integration-test/target/test-dir/MiniOzoneClusterImpl-bdf594c0-931e-4198-806f-06e591ff76c3/datanode-3/data/ratis/7358459d-60ce-490b-a741-70a148eb6a12/in_use.lock acquired by nodename 15665@10028447f7ab
2020-12-28 13:48:35,208 [pool-285-thread-1] INFO  storage.RaftStorage (RaftStorage.java:format(89)) - Storage directory /github/workspace/mnt/ozone/hadoop-ozone/integration-test/target/test-dir/MiniOzoneClusterImpl-bdf594c0-931e-4198-806f-06e591ff76c3/datanode-3/data/ratis/7358459d-60ce-490b-a741-70a148eb6a12 has been successfully formatted.
2020-12-28 13:48:35,208 [pool-285-thread-1] INFO  ratis.ContainerStateMachine (ContainerStateMachine.java:loadSnapshot(223)) - group-70A148EB6A12: The snapshot info is null. Setting the last applied indexto:(t:0, i:~)
2020-12-28 13:48:35,208 [pool-285-thread-1] ERROR storage.RaftStorage (RaftStorage.java:readRaftConfiguration(152)) - Failed reading configuration from file:/github/workspace/mnt/ozone/hadoop-ozone/integration-test/target/test-dir/MiniOzoneClusterImpl-bdf594c0-931e-4198-806f-06e591ff76c3/datanode-3/data/ratis/7358459d-60ce-490b-a741-70a148eb6a12/current/raft-meta.conf
java.io.FileNotFoundException: /github/workspace/mnt/ozone/hadoop-ozone/integration-test/target/test-dir/MiniOzoneClusterImpl-bdf594c0-931e-4198-806f-06e591ff76c3/datanode-3/data/ratis/7358459d-60ce-490b-a741-70a148eb6a12/current/raft-meta.conf (No such file or directory)
	at java.io.FileInputStream.open0(Native Method)
	at java.io.FileInputStream.open(FileInputStream.java:195)
	at java.io.FileInputStream.<init>(FileInputStream.java:138)
	at org.apache.ratis.server.storage.RaftStorage.readRaftConfiguration(RaftStorage.java:148)
	at org.apache.ratis.server.impl.ServerState.initStatemachine(ServerState.java:167)
	at org.apache.ratis.server.impl.ServerState.<init>(ServerState.java:112)
	at org.apache.ratis.server.impl.RaftServerImpl.<init>(RaftServerImpl.java:186)
	at org.apache.ratis.server.impl.RaftServerProxy.lambda$newRaftServerImpl$4(RaftServerProxy.java:264)
	at java.util.concurrent.CompletableFuture$AsyncSupply.run(CompletableFuture.java:1604)
	at java.util.concurrent.ThreadPoolExecutor.runWorker(ThreadPoolExecutor.java:1149)
	at java.util.concurrent.ThreadPoolExecutor$Worker.run(ThreadPoolExecutor.java:624)
	at java.lang.Thread.run(Thread.java:748)
2020-12-28 13:48:35,208 [pool-285-thread-1] INFO  server.RaftServerConfigKeys (ConfUtils.java:logGet(44)) - raft.server.notification.no-leader.timeout = 300s (custom)
2020-12-28 13:48:35,209 [EventQueue-OpenPipelineForHealthyPipelineSafeModeRule] INFO  safemode.SCMSafeModeManager (HealthyPipelineSafeModeRule.java:process(128)) - SCM in safe mode. Healthy pipelines reported count is 0, required healthy pipeline reported count is 1
2020-12-28 13:48:35,209 [EventQueue-PipelineReportForOneReplicaPipelineSafeModeRule] INFO  safemode.SCMSafeModeManager (SCMSafeModeManager.java:validateSafeModeExitRules(214)) - AtleastOneDatanodeReportedRule rule is successfully validated
2020-12-28 13:48:35,209 [pool-285-thread-1] INFO  server.RaftServerConfigKeys (ConfUtils.java:logGet(44)) - raft.server.log.use.memory = false (default)
2020-12-28 13:48:35,209 [pool-285-thread-1] INFO  server.RaftServerConfigKeys (ConfUtils.java:logGet(44)) - raft.server.log.purge.gap = 1000000 (custom)
2020-12-28 13:48:35,209 [pool-285-thread-1] INFO  metrics.RatisMetrics (RatisMetrics.java:lambda$create$0(36)) - Creating Metrics Registry : ratis.log_worker.ede2715c-525a-43bb-bbef-11d8a10627b5@group-70A148EB6A12
2020-12-28 13:48:35,209 [pool-285-thread-1] INFO  server.RaftServerConfigKeys (ConfUtils.java:logGet(44)) - raft.server.log.appender.buffer.byte-limit = 33554432 (custom)
2020-12-28 13:48:35,209 [pool-285-thread-1] INFO  server.RaftServerConfigKeys (ConfUtils.java:logGet(44)) - raft.server.log.segment.size.max = 1048576 (custom)
2020-12-28 13:48:35,210 [pool-285-thread-1] INFO  server.RaftServerConfigKeys (ConfUtils.java:logGet(44)) - raft.server.log.segment.cache.num.max = 2 (custom)
2020-12-28 13:48:35,210 [pool-285-thread-1] INFO  server.RaftServerConfigKeys (ConfUtils.java:logGet(44)) - raft.server.log.segment.cache.size.max = 200MB (=209715200) (default)
2020-12-28 13:48:35,210 [pool-285-thread-1] INFO  segmented.SegmentedRaftLogWorker (SegmentedRaftLogWorker.java:<init>(181)) - new ede2715c-525a-43bb-bbef-11d8a10627b5@group-70A148EB6A12-SegmentedRaftLogWorker for RaftStorage:Storage Directory /github/workspace/mnt/ozone/hadoop-ozone/integration-test/target/test-dir/MiniOzoneClusterImpl-bdf594c0-931e-4198-806f-06e591ff76c3/datanode-3/data/ratis/7358459d-60ce-490b-a741-70a148eb6a12
2020-12-28 13:48:35,210 [pool-285-thread-1] INFO  server.RaftServerConfigKeys (ConfUtils.java:logGet(44)) - raft.server.log.queue.byte-limit = 2147483647 (custom)
2020-12-28 13:48:35,210 [pool-285-thread-1] INFO  server.RaftServerConfigKeys (ConfUtils.java:logGet(44)) - raft.server.log.queue.element-limit = 1024 (custom)
2020-12-28 13:48:35,210 [pool-285-thread-1] INFO  server.RaftServerConfigKeys (ConfUtils.java:logGet(44)) - raft.server.log.segment.size.max = 1048576 (custom)
2020-12-28 13:48:35,210 [pool-285-thread-1] INFO  server.RaftServerConfigKeys (ConfUtils.java:logGet(44)) - raft.server.log.preallocated.size = 16384 (custom)
2020-12-28 13:48:35,210 [pool-285-thread-1] INFO  server.RaftServerConfigKeys (ConfUtils.java:logGet(44)) - raft.server.log.force.sync.num = 128 (default)
2020-12-28 13:48:35,210 [pool-285-thread-1] INFO  server.RaftServerConfigKeys (ConfUtils.java:logGet(44)) - raft.server.log.statemachine.data.sync = true (default)
2020-12-28 13:48:35,210 [pool-285-thread-1] INFO  server.RaftServerConfigKeys (ConfUtils.java:logGet(44)) - raft.server.log.statemachine.data.sync.timeout = 10s (default)
2020-12-28 13:48:35,210 [pool-285-thread-1] INFO  server.RaftServerConfigKeys (ConfUtils.java:logGet(44)) - raft.server.log.statemachine.data.sync.timeout.retry = -1 (default)
2020-12-28 13:48:35,211 [pool-285-thread-1] INFO  server.RaftServerConfigKeys (ConfUtils.java:logGet(44)) - raft.server.log.write.buffer.size = 1048576 (custom)
2020-12-28 13:48:35,212 [pool-285-thread-1] INFO  server.RaftServerConfigKeys (ConfUtils.java:logGet(44)) - raft.server.log.statemachine.data.caching.enabled = true (custom)
2020-12-28 13:48:35,212 [pool-285-thread-1] INFO  segmented.SegmentedRaftLogWorker (SegmentedRaftLogWorker.java:lambda$new$0(132)) - ede2715c-525a-43bb-bbef-11d8a10627b5@group-70A148EB6A12-SegmentedRaftLogWorker: flushIndex: setUnconditionally 0 -> -1
2020-12-28 13:48:35,212 [pool-285-thread-1] INFO  segmented.SegmentedRaftLogWorker (SegmentedRaftLogWorker.java:lambda$new$0(132)) - ede2715c-525a-43bb-bbef-11d8a10627b5@group-70A148EB6A12-SegmentedRaftLogWorker: safeCacheEvictIndex: setUnconditionally 0 -> -1
2020-12-28 13:48:35,215 [pool-285-thread-1] INFO  server.RaftServerConfigKeys (ConfUtils.java:logGet(44)) - raft.server.snapshot.auto.trigger.enabled = true (custom)
2020-12-28 13:48:35,215 [pool-285-thread-1] INFO  server.RaftServerConfigKeys (ConfUtils.java:logGet(44)) - raft.server.snapshot.auto.trigger.threshold = 10000 (custom)
2020-12-28 13:48:35,215 [pool-285-thread-1] INFO  server.RaftServerConfigKeys (ConfUtils.java:logGet(44)) - raft.server.snapshot.retention.file.num = 5 (custom)
2020-12-28 13:48:35,216 [pool-285-thread-1] INFO  server.RaftServerConfigKeys (ConfUtils.java:logGet(44)) - raft.server.log.purge.upto.snapshot.index = false (default)
2020-12-28 13:48:35,216 [pool-285-thread-1] INFO  server.RaftServerConfigKeys (ConfUtils.java:logGet(44)) - raft.server.retrycache.expirytime = 600000ms (custom)
2020-12-28 13:48:35,216 [pool-285-thread-1] INFO  server.RaftServerConfigKeys (ConfUtils.java:logGet(44)) - raft.server.retrycache.statistics.expirytime = 100?s (default)
2020-12-28 13:48:35,216 [pool-285-thread-1] INFO  metrics.RatisMetrics (RatisMetrics.java:lambda$create$0(36)) - Creating Metrics Registry : ratis.leader_election.ede2715c-525a-43bb-bbef-11d8a10627b5@group-70A148EB6A12
2020-12-28 13:48:35,216 [pool-285-thread-1] INFO  metrics.RatisMetrics (RatisMetrics.java:lambda$create$0(36)) - Creating Metrics Registry : ratis.server.ede2715c-525a-43bb-bbef-11d8a10627b5@group-70A148EB6A12
2020-12-28 13:48:35,217 [pool-285-thread-1] INFO  server.RaftServer$Division (RaftServerImpl.java:start(286)) - ede2715c-525a-43bb-bbef-11d8a10627b5@group-70A148EB6A12: start as a follower, conf=-1: [d7483ff8-d446-4b93-ae84-b7d33969bf66|rpc:172.17.0.2:43973, ede2715c-525a-43bb-bbef-11d8a10627b5|rpc:172.17.0.2:40065, c5825b16-4892-462f-82e3-ba8f99a31f50|rpc:172.17.0.2:36229], old=null
2020-12-28 13:48:35,217 [pool-285-thread-1] INFO  server.RaftServer$Division (RaftServerImpl.java:setRole(275)) - ede2715c-525a-43bb-bbef-11d8a10627b5@group-70A148EB6A12: changes role from      null to FOLLOWER at term 0 for startAsFollower
2020-12-28 13:48:35,217 [pool-285-thread-1] INFO  impl.RoleInfo (RoleInfo.java:updateAndGet(130)) - ede2715c-525a-43bb-bbef-11d8a10627b5: start ede2715c-525a-43bb-bbef-11d8a10627b5@group-70A148EB6A12-FollowerState
2020-12-28 13:48:35,217 [pool-285-thread-1] INFO  util.JmxRegister (JmxRegister.java:tryRegister(44)) - Successfully registered JMX Bean with object name Ratis:service=RaftServer,group=group-70A148EB6A12,id=ede2715c-525a-43bb-bbef-11d8a10627b5
2020-12-28 13:48:35,217 [pool-285-thread-1] INFO  metrics.RatisMetrics (RatisMetrics.java:lambda$create$0(36)) - Creating Metrics Registry : ratis.state_machine.ede2715c-525a-43bb-bbef-11d8a10627b5@group-70A148EB6A12
2020-12-28 13:48:35,219 [Command processor thread] INFO  metrics.RatisMetrics (RatisMetrics.java:lambda$create$0(36)) - Creating Metrics Registry : ratis.client_message_metrics.client-688716F72DC9->c5825b16-4892-462f-82e3-ba8f99a31f50
2020-12-28 13:48:35,224 [grpc-default-executor-0] INFO  metrics.RatisMetrics (RatisMetrics.java:lambda$create$0(36)) - Creating Metrics Registry : ratis.server_message_metrics.c5825b16-4892-462f-82e3-ba8f99a31f50
2020-12-28 13:48:35,226 [grpc-default-executor-1] INFO  server.RaftServer (RaftServerProxy.java:addNew(93)) - c5825b16-4892-462f-82e3-ba8f99a31f50: addNew group-70A148EB6A12:[d7483ff8-d446-4b93-ae84-b7d33969bf66|rpc:172.17.0.2:43973|dataStream:, ede2715c-525a-43bb-bbef-11d8a10627b5|rpc:172.17.0.2:40065|dataStream:, c5825b16-4892-462f-82e3-ba8f99a31f50|rpc:172.17.0.2:36229|dataStream:] returns group-70A148EB6A12:java.util.concurrent.CompletableFuture@10aae4a2[Not completed]
2020-12-28 13:48:35,227 [pool-301-thread-1] INFO  server.RaftServer$Division (RaftServerImpl.java:<init>(173)) - c5825b16-4892-462f-82e3-ba8f99a31f50: new RaftServerImpl for group-70A148EB6A12:[d7483ff8-d446-4b93-ae84-b7d33969bf66|rpc:172.17.0.2:43973|dataStream:, ede2715c-525a-43bb-bbef-11d8a10627b5|rpc:172.17.0.2:40065|dataStream:, c5825b16-4892-462f-82e3-ba8f99a31f50|rpc:172.17.0.2:36229|dataStream:] with ContainerStateMachine:uninitialized
2020-12-28 13:48:35,227 [pool-301-thread-1] INFO  server.RaftServerConfigKeys (ConfUtils.java:logGet(44)) - raft.server.rpc.timeout.min = 5s (custom)
2020-12-28 13:48:35,227 [pool-301-thread-1] INFO  server.RaftServerConfigKeys (ConfUtils.java:logGet(44)) - raft.server.rpc.timeout.max = 5200ms (custom)
2020-12-28 13:48:35,227 [pool-301-thread-1] INFO  server.RaftServerConfigKeys (ConfUtils.java:logGet(44)) - raft.server.rpc.sleep.time = 25ms (default)
2020-12-28 13:48:35,227 [pool-301-thread-1] INFO  server.RaftServerConfigKeys (ConfUtils.java:logGet(44)) - raft.server.rpc.slowness.timeout = 300s (custom)
2020-12-28 13:48:35,227 [pool-301-thread-1] INFO  server.RaftServerConfigKeys (ConfUtils.java:logGet(44)) - raft.server.leaderelection.leader.step-down.wait-time = 10s (default)
2020-12-28 13:48:35,227 [pool-301-thread-1] INFO  server.RaftServerConfigKeys (ConfUtils.java:logGet(44)) - raft.server.sleep.deviation.threshold = 300ms (default)
2020-12-28 13:48:35,227 [pool-301-thread-1] INFO  server.RaftServerConfigKeys (ConfUtils.java:logGet(44)) - raft.server.log.appender.install.snapshot.enabled = false (custom)
2020-12-28 13:48:35,228 [pool-301-thread-1] INFO  server.RaftServer$Division (ServerState.java:<init>(104)) - c5825b16-4892-462f-82e3-ba8f99a31f50@group-70A148EB6A12: ConfigurationManager, init=-1: [d7483ff8-d446-4b93-ae84-b7d33969bf66|rpc:172.17.0.2:43973|dataStream:, ede2715c-525a-43bb-bbef-11d8a10627b5|rpc:172.17.0.2:40065|dataStream:, c5825b16-4892-462f-82e3-ba8f99a31f50|rpc:172.17.0.2:36229|dataStream:], old=null, confs=<EMPTY_MAP>
2020-12-28 13:48:35,228 [pool-301-thread-1] INFO  server.RaftServerConfigKeys (ConfUtils.java:logGet(44)) - raft.server.storage.dir = [/github/workspace/mnt/ozone/hadoop-ozone/integration-test/target/test-dir/MiniOzoneClusterImpl-bdf594c0-931e-4198-806f-06e591ff76c3/datanode-4/data/ratis] (custom)
2020-12-28 13:48:35,228 [pool-301-thread-1] INFO  server.RaftServerConfigKeys (ConfUtils.java:logGet(44)) - raft.server.log.corruption.policy = EXCEPTION (default)
2020-12-28 13:48:35,228 [pool-301-thread-1] INFO  storage.RaftStorageDirectory (RaftStorageDirectory.java:analyzeStorage(260)) - The storage directory /github/workspace/mnt/ozone/hadoop-ozone/integration-test/target/test-dir/MiniOzoneClusterImpl-bdf594c0-931e-4198-806f-06e591ff76c3/datanode-4/data/ratis/7358459d-60ce-490b-a741-70a148eb6a12 does not exist. Creating ...
2020-12-28 13:48:35,229 [pool-301-thread-1] INFO  storage.RaftStorageDirectory (RaftStorageDirectory.java:tryLock(342)) - Lock on /github/workspace/mnt/ozone/hadoop-ozone/integration-test/target/test-dir/MiniOzoneClusterImpl-bdf594c0-931e-4198-806f-06e591ff76c3/datanode-4/data/ratis/7358459d-60ce-490b-a741-70a148eb6a12/in_use.lock acquired by nodename 15665@10028447f7ab
2020-12-28 13:48:35,230 [pool-301-thread-1] INFO  storage.RaftStorage (RaftStorage.java:format(89)) - Storage directory /github/workspace/mnt/ozone/hadoop-ozone/integration-test/target/test-dir/MiniOzoneClusterImpl-bdf594c0-931e-4198-806f-06e591ff76c3/datanode-4/data/ratis/7358459d-60ce-490b-a741-70a148eb6a12 has been successfully formatted.
2020-12-28 13:48:35,230 [pool-301-thread-1] INFO  ratis.ContainerStateMachine (ContainerStateMachine.java:loadSnapshot(223)) - group-70A148EB6A12: The snapshot info is null. Setting the last applied indexto:(t:0, i:~)
2020-12-28 13:48:35,231 [pool-301-thread-1] ERROR storage.RaftStorage (RaftStorage.java:readRaftConfiguration(152)) - Failed reading configuration from file:/github/workspace/mnt/ozone/hadoop-ozone/integration-test/target/test-dir/MiniOzoneClusterImpl-bdf594c0-931e-4198-806f-06e591ff76c3/datanode-4/data/ratis/7358459d-60ce-490b-a741-70a148eb6a12/current/raft-meta.conf
java.io.FileNotFoundException: /github/workspace/mnt/ozone/hadoop-ozone/integration-test/target/test-dir/MiniOzoneClusterImpl-bdf594c0-931e-4198-806f-06e591ff76c3/datanode-4/data/ratis/7358459d-60ce-490b-a741-70a148eb6a12/current/raft-meta.conf (No such file or directory)
	at java.io.FileInputStream.open0(Native Method)
	at java.io.FileInputStream.open(FileInputStream.java:195)
	at java.io.FileInputStream.<init>(FileInputStream.java:138)
	at org.apache.ratis.server.storage.RaftStorage.readRaftConfiguration(RaftStorage.java:148)
	at org.apache.ratis.server.impl.ServerState.initStatemachine(ServerState.java:167)
	at org.apache.ratis.server.impl.ServerState.<init>(ServerState.java:112)
	at org.apache.ratis.server.impl.RaftServerImpl.<init>(RaftServerImpl.java:186)
	at org.apache.ratis.server.impl.RaftServerProxy.lambda$newRaftServerImpl$4(RaftServerProxy.java:264)
	at java.util.concurrent.CompletableFuture$AsyncSupply.run(CompletableFuture.java:1604)
	at java.util.concurrent.ThreadPoolExecutor.runWorker(ThreadPoolExecutor.java:1149)
	at java.util.concurrent.ThreadPoolExecutor$Worker.run(ThreadPoolExecutor.java:624)
	at java.lang.Thread.run(Thread.java:748)
2020-12-28 13:48:35,231 [pool-301-thread-1] INFO  server.RaftServerConfigKeys (ConfUtils.java:logGet(44)) - raft.server.notification.no-leader.timeout = 300s (custom)
2020-12-28 13:48:35,231 [pool-301-thread-1] INFO  server.RaftServerConfigKeys (ConfUtils.java:logGet(44)) - raft.server.log.use.memory = false (default)
2020-12-28 13:48:35,231 [pool-301-thread-1] INFO  server.RaftServerConfigKeys (ConfUtils.java:logGet(44)) - raft.server.log.purge.gap = 1000000 (custom)
2020-12-28 13:48:35,231 [EventQueue-PipelineReportForOneReplicaPipelineSafeModeRule] INFO  safemode.SCMSafeModeManager (SCMSafeModeManager.java:validateSafeModeExitRules(214)) - AtleastOneDatanodeReportedRule rule is successfully validated
2020-12-28 13:48:35,231 [pool-301-thread-1] INFO  metrics.RatisMetrics (RatisMetrics.java:lambda$create$0(36)) - Creating Metrics Registry : ratis.log_worker.c5825b16-4892-462f-82e3-ba8f99a31f50@group-70A148EB6A12
2020-12-28 13:48:35,232 [pool-301-thread-1] INFO  server.RaftServerConfigKeys (ConfUtils.java:logGet(44)) - raft.server.log.appender.buffer.byte-limit = 33554432 (custom)
2020-12-28 13:48:35,232 [pool-301-thread-1] INFO  server.RaftServerConfigKeys (ConfUtils.java:logGet(44)) - raft.server.log.segment.size.max = 1048576 (custom)
2020-12-28 13:48:35,232 [pool-301-thread-1] INFO  server.RaftServerConfigKeys (ConfUtils.java:logGet(44)) - raft.server.log.segment.cache.num.max = 2 (custom)
2020-12-28 13:48:35,232 [pool-301-thread-1] INFO  server.RaftServerConfigKeys (ConfUtils.java:logGet(44)) - raft.server.log.segment.cache.size.max = 200MB (=209715200) (default)
2020-12-28 13:48:35,232 [pool-301-thread-1] INFO  segmented.SegmentedRaftLogWorker (SegmentedRaftLogWorker.java:<init>(181)) - new c5825b16-4892-462f-82e3-ba8f99a31f50@group-70A148EB6A12-SegmentedRaftLogWorker for RaftStorage:Storage Directory /github/workspace/mnt/ozone/hadoop-ozone/integration-test/target/test-dir/MiniOzoneClusterImpl-bdf594c0-931e-4198-806f-06e591ff76c3/datanode-4/data/ratis/7358459d-60ce-490b-a741-70a148eb6a12
2020-12-28 13:48:35,232 [pool-301-thread-1] INFO  server.RaftServerConfigKeys (ConfUtils.java:logGet(44)) - raft.server.log.queue.byte-limit = 2147483647 (custom)
2020-12-28 13:48:35,232 [pool-301-thread-1] INFO  server.RaftServerConfigKeys (ConfUtils.java:logGet(44)) - raft.server.log.queue.element-limit = 1024 (custom)
2020-12-28 13:48:35,232 [pool-301-thread-1] INFO  server.RaftServerConfigKeys (ConfUtils.java:logGet(44)) - raft.server.log.segment.size.max = 1048576 (custom)
2020-12-28 13:48:35,232 [pool-301-thread-1] INFO  server.RaftServerConfigKeys (ConfUtils.java:logGet(44)) - raft.server.log.preallocated.size = 16384 (custom)
2020-12-28 13:48:35,232 [pool-301-thread-1] INFO  server.RaftServerConfigKeys (ConfUtils.java:logGet(44)) - raft.server.log.force.sync.num = 128 (default)
2020-12-28 13:48:35,232 [pool-301-thread-1] INFO  server.RaftServerConfigKeys (ConfUtils.java:logGet(44)) - raft.server.log.statemachine.data.sync = true (default)
2020-12-28 13:48:35,232 [pool-301-thread-1] INFO  server.RaftServerConfigKeys (ConfUtils.java:logGet(44)) - raft.server.log.statemachine.data.sync.timeout = 10s (default)
2020-12-28 13:48:35,233 [pool-301-thread-1] INFO  server.RaftServerConfigKeys (ConfUtils.java:logGet(44)) - raft.server.log.statemachine.data.sync.timeout.retry = -1 (default)
2020-12-28 13:48:35,233 [pool-301-thread-1] INFO  server.RaftServerConfigKeys (ConfUtils.java:logGet(44)) - raft.server.log.write.buffer.size = 1048576 (custom)
2020-12-28 13:48:35,234 [pool-301-thread-1] INFO  server.RaftServerConfigKeys (ConfUtils.java:logGet(44)) - raft.server.log.statemachine.data.caching.enabled = true (custom)
2020-12-28 13:48:35,234 [pool-301-thread-1] INFO  segmented.SegmentedRaftLogWorker (SegmentedRaftLogWorker.java:lambda$new$0(132)) - c5825b16-4892-462f-82e3-ba8f99a31f50@group-70A148EB6A12-SegmentedRaftLogWorker: flushIndex: setUnconditionally 0 -> -1
2020-12-28 13:48:35,234 [pool-301-thread-1] INFO  segmented.SegmentedRaftLogWorker (SegmentedRaftLogWorker.java:lambda$new$0(132)) - c5825b16-4892-462f-82e3-ba8f99a31f50@group-70A148EB6A12-SegmentedRaftLogWorker: safeCacheEvictIndex: setUnconditionally 0 -> -1
2020-12-28 13:48:35,235 [pool-301-thread-1] INFO  server.RaftServerConfigKeys (ConfUtils.java:logGet(44)) - raft.server.snapshot.auto.trigger.enabled = true (custom)
2020-12-28 13:48:35,235 [pool-301-thread-1] INFO  server.RaftServerConfigKeys (ConfUtils.java:logGet(44)) - raft.server.snapshot.auto.trigger.threshold = 10000 (custom)
2020-12-28 13:48:35,235 [pool-301-thread-1] INFO  server.RaftServerConfigKeys (ConfUtils.java:logGet(44)) - raft.server.snapshot.retention.file.num = 5 (custom)
2020-12-28 13:48:35,235 [pool-301-thread-1] INFO  server.RaftServerConfigKeys (ConfUtils.java:logGet(44)) - raft.server.log.purge.upto.snapshot.index = false (default)
2020-12-28 13:48:35,235 [pool-301-thread-1] INFO  server.RaftServerConfigKeys (ConfUtils.java:logGet(44)) - raft.server.retrycache.expirytime = 600000ms (custom)
2020-12-28 13:48:35,235 [pool-301-thread-1] INFO  server.RaftServerConfigKeys (ConfUtils.java:logGet(44)) - raft.server.retrycache.statistics.expirytime = 100?s (default)
2020-12-28 13:48:35,235 [pool-301-thread-1] INFO  metrics.RatisMetrics (RatisMetrics.java:lambda$create$0(36)) - Creating Metrics Registry : ratis.leader_election.c5825b16-4892-462f-82e3-ba8f99a31f50@group-70A148EB6A12
2020-12-28 13:48:35,235 [pool-301-thread-1] INFO  metrics.RatisMetrics (RatisMetrics.java:lambda$create$0(36)) - Creating Metrics Registry : ratis.server.c5825b16-4892-462f-82e3-ba8f99a31f50@group-70A148EB6A12
2020-12-28 13:48:35,236 [pool-301-thread-1] INFO  server.RaftServer$Division (RaftServerImpl.java:start(286)) - c5825b16-4892-462f-82e3-ba8f99a31f50@group-70A148EB6A12: start as a follower, conf=-1: [d7483ff8-d446-4b93-ae84-b7d33969bf66|rpc:172.17.0.2:43973|dataStream:, ede2715c-525a-43bb-bbef-11d8a10627b5|rpc:172.17.0.2:40065|dataStream:, c5825b16-4892-462f-82e3-ba8f99a31f50|rpc:172.17.0.2:36229|dataStream:], old=null
2020-12-28 13:48:35,236 [pool-301-thread-1] INFO  server.RaftServer$Division (RaftServerImpl.java:setRole(275)) - c5825b16-4892-462f-82e3-ba8f99a31f50@group-70A148EB6A12: changes role from      null to FOLLOWER at term 0 for startAsFollower
2020-12-28 13:48:35,236 [pool-301-thread-1] INFO  impl.RoleInfo (RoleInfo.java:updateAndGet(130)) - c5825b16-4892-462f-82e3-ba8f99a31f50: start c5825b16-4892-462f-82e3-ba8f99a31f50@group-70A148EB6A12-FollowerState
2020-12-28 13:48:35,236 [pool-301-thread-1] INFO  util.JmxRegister (JmxRegister.java:tryRegister(44)) - Successfully registered JMX Bean with object name Ratis:service=RaftServer,group=group-70A148EB6A12,id=c5825b16-4892-462f-82e3-ba8f99a31f50
2020-12-28 13:48:35,236 [pool-301-thread-1] INFO  metrics.RatisMetrics (RatisMetrics.java:lambda$create$0(36)) - Creating Metrics Registry : ratis.state_machine.c5825b16-4892-462f-82e3-ba8f99a31f50@group-70A148EB6A12
2020-12-28 13:48:35,252 [Command processor thread] INFO  metrics.RatisMetrics (RatisMetrics.java:lambda$create$0(36)) - Creating Metrics Registry : ratis.client_message_metrics.client-1B13E2BAEF1B->d7483ff8-d446-4b93-ae84-b7d33969bf66
2020-12-28 13:48:35,257 [grpc-default-executor-1] INFO  metrics.RatisMetrics (RatisMetrics.java:lambda$create$0(36)) - Creating Metrics Registry : ratis.server_message_metrics.d7483ff8-d446-4b93-ae84-b7d33969bf66
2020-12-28 13:48:35,259 [grpc-default-executor-1] INFO  server.RaftServer (RaftServerProxy.java:addNew(93)) - d7483ff8-d446-4b93-ae84-b7d33969bf66: addNew group-70A148EB6A12:[d7483ff8-d446-4b93-ae84-b7d33969bf66|rpc:172.17.0.2:43973|dataStream:, ede2715c-525a-43bb-bbef-11d8a10627b5|rpc:172.17.0.2:40065|dataStream:, c5825b16-4892-462f-82e3-ba8f99a31f50|rpc:172.17.0.2:36229|dataStream:] returns group-70A148EB6A12:java.util.concurrent.CompletableFuture@5f05c875[Not completed]
2020-12-28 13:48:35,261 [pool-317-thread-1] INFO  server.RaftServer$Division (RaftServerImpl.java:<init>(173)) - d7483ff8-d446-4b93-ae84-b7d33969bf66: new RaftServerImpl for group-70A148EB6A12:[d7483ff8-d446-4b93-ae84-b7d33969bf66|rpc:172.17.0.2:43973|dataStream:, ede2715c-525a-43bb-bbef-11d8a10627b5|rpc:172.17.0.2:40065|dataStream:, c5825b16-4892-462f-82e3-ba8f99a31f50|rpc:172.17.0.2:36229|dataStream:] with ContainerStateMachine:uninitialized
2020-12-28 13:48:35,262 [pool-317-thread-1] INFO  server.RaftServerConfigKeys (ConfUtils.java:logGet(44)) - raft.server.rpc.timeout.min = 5s (custom)
2020-12-28 13:48:35,262 [pool-317-thread-1] INFO  server.RaftServerConfigKeys (ConfUtils.java:logGet(44)) - raft.server.rpc.timeout.max = 5200ms (custom)
2020-12-28 13:48:35,262 [pool-317-thread-1] INFO  server.RaftServerConfigKeys (ConfUtils.java:logGet(44)) - raft.server.rpc.sleep.time = 25ms (default)
2020-12-28 13:48:35,262 [pool-317-thread-1] INFO  server.RaftServerConfigKeys (ConfUtils.java:logGet(44)) - raft.server.rpc.slowness.timeout = 300s (custom)
2020-12-28 13:48:35,262 [pool-317-thread-1] INFO  server.RaftServerConfigKeys (ConfUtils.java:logGet(44)) - raft.server.leaderelection.leader.step-down.wait-time = 10s (default)
2020-12-28 13:48:35,262 [pool-317-thread-1] INFO  server.RaftServerConfigKeys (ConfUtils.java:logGet(44)) - raft.server.sleep.deviation.threshold = 300ms (default)
2020-12-28 13:48:35,262 [pool-317-thread-1] INFO  server.RaftServerConfigKeys (ConfUtils.java:logGet(44)) - raft.server.log.appender.install.snapshot.enabled = false (custom)
2020-12-28 13:48:35,262 [pool-317-thread-1] INFO  server.RaftServer$Division (ServerState.java:<init>(104)) - d7483ff8-d446-4b93-ae84-b7d33969bf66@group-70A148EB6A12: ConfigurationManager, init=-1: [d7483ff8-d446-4b93-ae84-b7d33969bf66|rpc:172.17.0.2:43973|dataStream:, ede2715c-525a-43bb-bbef-11d8a10627b5|rpc:172.17.0.2:40065|dataStream:, c5825b16-4892-462f-82e3-ba8f99a31f50|rpc:172.17.0.2:36229|dataStream:], old=null, confs=<EMPTY_MAP>
2020-12-28 13:48:35,262 [pool-317-thread-1] INFO  server.RaftServerConfigKeys (ConfUtils.java:logGet(44)) - raft.server.storage.dir = [/github/workspace/mnt/ozone/hadoop-ozone/integration-test/target/test-dir/MiniOzoneClusterImpl-bdf594c0-931e-4198-806f-06e591ff76c3/datanode-5/data/ratis] (custom)
2020-12-28 13:48:35,262 [pool-317-thread-1] INFO  server.RaftServerConfigKeys (ConfUtils.java:logGet(44)) - raft.server.log.corruption.policy = EXCEPTION (default)
2020-12-28 13:48:35,263 [pool-317-thread-1] INFO  storage.RaftStorageDirectory (RaftStorageDirectory.java:analyzeStorage(260)) - The storage directory /github/workspace/mnt/ozone/hadoop-ozone/integration-test/target/test-dir/MiniOzoneClusterImpl-bdf594c0-931e-4198-806f-06e591ff76c3/datanode-5/data/ratis/7358459d-60ce-490b-a741-70a148eb6a12 does not exist. Creating ...
2020-12-28 13:48:35,264 [pool-317-thread-1] INFO  storage.RaftStorageDirectory (RaftStorageDirectory.java:tryLock(342)) - Lock on /github/workspace/mnt/ozone/hadoop-ozone/integration-test/target/test-dir/MiniOzoneClusterImpl-bdf594c0-931e-4198-806f-06e591ff76c3/datanode-5/data/ratis/7358459d-60ce-490b-a741-70a148eb6a12/in_use.lock acquired by nodename 15665@10028447f7ab
2020-12-28 13:48:35,265 [pool-317-thread-1] INFO  storage.RaftStorage (RaftStorage.java:format(89)) - Storage directory /github/workspace/mnt/ozone/hadoop-ozone/integration-test/target/test-dir/MiniOzoneClusterImpl-bdf594c0-931e-4198-806f-06e591ff76c3/datanode-5/data/ratis/7358459d-60ce-490b-a741-70a148eb6a12 has been successfully formatted.
2020-12-28 13:48:35,265 [pool-317-thread-1] INFO  ratis.ContainerStateMachine (ContainerStateMachine.java:loadSnapshot(223)) - group-70A148EB6A12: The snapshot info is null. Setting the last applied indexto:(t:0, i:~)
2020-12-28 13:48:35,265 [pool-317-thread-1] ERROR storage.RaftStorage (RaftStorage.java:readRaftConfiguration(152)) - Failed reading configuration from file:/github/workspace/mnt/ozone/hadoop-ozone/integration-test/target/test-dir/MiniOzoneClusterImpl-bdf594c0-931e-4198-806f-06e591ff76c3/datanode-5/data/ratis/7358459d-60ce-490b-a741-70a148eb6a12/current/raft-meta.conf
java.io.FileNotFoundException: /github/workspace/mnt/ozone/hadoop-ozone/integration-test/target/test-dir/MiniOzoneClusterImpl-bdf594c0-931e-4198-806f-06e591ff76c3/datanode-5/data/ratis/7358459d-60ce-490b-a741-70a148eb6a12/current/raft-meta.conf (No such file or directory)
	at java.io.FileInputStream.open0(Native Method)
	at java.io.FileInputStream.open(FileInputStream.java:195)
	at java.io.FileInputStream.<init>(FileInputStream.java:138)
	at org.apache.ratis.server.storage.RaftStorage.readRaftConfiguration(RaftStorage.java:148)
	at org.apache.ratis.server.impl.ServerState.initStatemachine(ServerState.java:167)
	at org.apache.ratis.server.impl.ServerState.<init>(ServerState.java:112)
	at org.apache.ratis.server.impl.RaftServerImpl.<init>(RaftServerImpl.java:186)
	at org.apache.ratis.server.impl.RaftServerProxy.lambda$newRaftServerImpl$4(RaftServerProxy.java:264)
	at java.util.concurrent.CompletableFuture$AsyncSupply.run(CompletableFuture.java:1604)
	at java.util.concurrent.ThreadPoolExecutor.runWorker(ThreadPoolExecutor.java:1149)
	at java.util.concurrent.ThreadPoolExecutor$Worker.run(ThreadPoolExecutor.java:624)
	at java.lang.Thread.run(Thread.java:748)
2020-12-28 13:48:35,265 [pool-317-thread-1] INFO  server.RaftServerConfigKeys (ConfUtils.java:logGet(44)) - raft.server.notification.no-leader.timeout = 300s (custom)
2020-12-28 13:48:35,266 [pool-317-thread-1] INFO  server.RaftServerConfigKeys (ConfUtils.java:logGet(44)) - raft.server.log.use.memory = false (default)
2020-12-28 13:48:35,266 [EventQueue-PipelineReportForOneReplicaPipelineSafeModeRule] INFO  safemode.SCMSafeModeManager (SCMSafeModeManager.java:validateSafeModeExitRules(214)) - AtleastOneDatanodeReportedRule rule is successfully validated
2020-12-28 13:48:35,267 [pool-317-thread-1] INFO  server.RaftServerConfigKeys (ConfUtils.java:logGet(44)) - raft.server.log.purge.gap = 1000000 (custom)
2020-12-28 13:48:35,267 [pool-317-thread-1] INFO  metrics.RatisMetrics (RatisMetrics.java:lambda$create$0(36)) - Creating Metrics Registry : ratis.log_worker.d7483ff8-d446-4b93-ae84-b7d33969bf66@group-70A148EB6A12
2020-12-28 13:48:35,267 [pool-317-thread-1] INFO  server.RaftServerConfigKeys (ConfUtils.java:logGet(44)) - raft.server.log.appender.buffer.byte-limit = 33554432 (custom)
2020-12-28 13:48:35,267 [pool-317-thread-1] INFO  server.RaftServerConfigKeys (ConfUtils.java:logGet(44)) - raft.server.log.segment.size.max = 1048576 (custom)
2020-12-28 13:48:35,267 [pool-317-thread-1] INFO  server.RaftServerConfigKeys (ConfUtils.java:logGet(44)) - raft.server.log.segment.cache.num.max = 2 (custom)
2020-12-28 13:48:35,267 [pool-317-thread-1] INFO  server.RaftServerConfigKeys (ConfUtils.java:logGet(44)) - raft.server.log.segment.cache.size.max = 200MB (=209715200) (default)
2020-12-28 13:48:35,267 [pool-317-thread-1] INFO  segmented.SegmentedRaftLogWorker (SegmentedRaftLogWorker.java:<init>(181)) - new d7483ff8-d446-4b93-ae84-b7d33969bf66@group-70A148EB6A12-SegmentedRaftLogWorker for RaftStorage:Storage Directory /github/workspace/mnt/ozone/hadoop-ozone/integration-test/target/test-dir/MiniOzoneClusterImpl-bdf594c0-931e-4198-806f-06e591ff76c3/datanode-5/data/ratis/7358459d-60ce-490b-a741-70a148eb6a12
2020-12-28 13:48:35,267 [pool-317-thread-1] INFO  server.RaftServerConfigKeys (ConfUtils.java:logGet(44)) - raft.server.log.queue.byte-limit = 2147483647 (custom)
2020-12-28 13:48:35,267 [pool-317-thread-1] INFO  server.RaftServerConfigKeys (ConfUtils.java:logGet(44)) - raft.server.log.queue.element-limit = 1024 (custom)
2020-12-28 13:48:35,268 [pool-317-thread-1] INFO  server.RaftServerConfigKeys (ConfUtils.java:logGet(44)) - raft.server.log.segment.size.max = 1048576 (custom)
2020-12-28 13:48:35,268 [pool-317-thread-1] INFO  server.RaftServerConfigKeys (ConfUtils.java:logGet(44)) - raft.server.log.preallocated.size = 16384 (custom)
2020-12-28 13:48:35,268 [pool-317-thread-1] INFO  server.RaftServerConfigKeys (ConfUtils.java:logGet(44)) - raft.server.log.force.sync.num = 128 (default)
2020-12-28 13:48:35,268 [pool-317-thread-1] INFO  server.RaftServerConfigKeys (ConfUtils.java:logGet(44)) - raft.server.log.statemachine.data.sync = true (default)
2020-12-28 13:48:35,268 [pool-317-thread-1] INFO  server.RaftServerConfigKeys (ConfUtils.java:logGet(44)) - raft.server.log.statemachine.data.sync.timeout = 10s (default)
2020-12-28 13:48:35,268 [pool-317-thread-1] INFO  server.RaftServerConfigKeys (ConfUtils.java:logGet(44)) - raft.server.log.statemachine.data.sync.timeout.retry = -1 (default)
2020-12-28 13:48:35,269 [pool-317-thread-1] INFO  server.RaftServerConfigKeys (ConfUtils.java:logGet(44)) - raft.server.log.write.buffer.size = 1048576 (custom)
2020-12-28 13:48:35,270 [pool-317-thread-1] INFO  server.RaftServerConfigKeys (ConfUtils.java:logGet(44)) - raft.server.log.statemachine.data.caching.enabled = true (custom)
2020-12-28 13:48:35,270 [pool-317-thread-1] INFO  segmented.SegmentedRaftLogWorker (SegmentedRaftLogWorker.java:lambda$new$0(132)) - d7483ff8-d446-4b93-ae84-b7d33969bf66@group-70A148EB6A12-SegmentedRaftLogWorker: flushIndex: setUnconditionally 0 -> -1
2020-12-28 13:48:35,270 [pool-317-thread-1] INFO  segmented.SegmentedRaftLogWorker (SegmentedRaftLogWorker.java:lambda$new$0(132)) - d7483ff8-d446-4b93-ae84-b7d33969bf66@group-70A148EB6A12-SegmentedRaftLogWorker: safeCacheEvictIndex: setUnconditionally 0 -> -1
2020-12-28 13:48:35,271 [pool-317-thread-1] INFO  server.RaftServerConfigKeys (ConfUtils.java:logGet(44)) - raft.server.snapshot.auto.trigger.enabled = true (custom)
2020-12-28 13:48:35,271 [pool-317-thread-1] INFO  server.RaftServerConfigKeys (ConfUtils.java:logGet(44)) - raft.server.snapshot.auto.trigger.threshold = 10000 (custom)
2020-12-28 13:48:35,271 [pool-317-thread-1] INFO  server.RaftServerConfigKeys (ConfUtils.java:logGet(44)) - raft.server.snapshot.retention.file.num = 5 (custom)
2020-12-28 13:48:35,271 [pool-317-thread-1] INFO  server.RaftServerConfigKeys (ConfUtils.java:logGet(44)) - raft.server.log.purge.upto.snapshot.index = false (default)
2020-12-28 13:48:35,271 [pool-317-thread-1] INFO  server.RaftServerConfigKeys (ConfUtils.java:logGet(44)) - raft.server.retrycache.expirytime = 600000ms (custom)
2020-12-28 13:48:35,271 [pool-317-thread-1] INFO  server.RaftServerConfigKeys (ConfUtils.java:logGet(44)) - raft.server.retrycache.statistics.expirytime = 100?s (default)
2020-12-28 13:48:35,272 [pool-317-thread-1] INFO  metrics.RatisMetrics (RatisMetrics.java:lambda$create$0(36)) - Creating Metrics Registry : ratis.leader_election.d7483ff8-d446-4b93-ae84-b7d33969bf66@group-70A148EB6A12
2020-12-28 13:48:35,272 [pool-317-thread-1] INFO  metrics.RatisMetrics (RatisMetrics.java:lambda$create$0(36)) - Creating Metrics Registry : ratis.server.d7483ff8-d446-4b93-ae84-b7d33969bf66@group-70A148EB6A12
2020-12-28 13:48:35,273 [pool-317-thread-1] INFO  server.RaftServer$Division (RaftServerImpl.java:start(286)) - d7483ff8-d446-4b93-ae84-b7d33969bf66@group-70A148EB6A12: start as a follower, conf=-1: [d7483ff8-d446-4b93-ae84-b7d33969bf66|rpc:172.17.0.2:43973|dataStream:, ede2715c-525a-43bb-bbef-11d8a10627b5|rpc:172.17.0.2:40065|dataStream:, c5825b16-4892-462f-82e3-ba8f99a31f50|rpc:172.17.0.2:36229|dataStream:], old=null
2020-12-28 13:48:35,273 [pool-317-thread-1] INFO  server.RaftServer$Division (RaftServerImpl.java:setRole(275)) - d7483ff8-d446-4b93-ae84-b7d33969bf66@group-70A148EB6A12: changes role from      null to FOLLOWER at term 0 for startAsFollower
2020-12-28 13:48:35,273 [pool-317-thread-1] INFO  impl.RoleInfo (RoleInfo.java:updateAndGet(130)) - d7483ff8-d446-4b93-ae84-b7d33969bf66: start d7483ff8-d446-4b93-ae84-b7d33969bf66@group-70A148EB6A12-FollowerState
2020-12-28 13:48:35,275 [pool-317-thread-1] INFO  util.JmxRegister (JmxRegister.java:tryRegister(44)) - Successfully registered JMX Bean with object name Ratis:service=RaftServer,group=group-70A148EB6A12,id=d7483ff8-d446-4b93-ae84-b7d33969bf66
2020-12-28 13:48:35,275 [pool-317-thread-1] INFO  metrics.RatisMetrics (RatisMetrics.java:lambda$create$0(36)) - Creating Metrics Registry : ratis.state_machine.d7483ff8-d446-4b93-ae84-b7d33969bf66@group-70A148EB6A12
2020-12-28 13:48:35,283 [Command processor thread] INFO  commandhandler.CreatePipelineCommandHandler (CreatePipelineCommandHandler.java:handle(106)) - Created Pipeline RATIS THREE PipelineID=7358459d-60ce-490b-a741-70a148eb6a12.
2020-12-28 13:48:35,346 [Command processor thread] INFO  server.RaftServer (RaftServerProxy.java:addNew(93)) - c5825b16-4892-462f-82e3-ba8f99a31f50: addNew group-D4CE2357A7C1:[c5825b16-4892-462f-82e3-ba8f99a31f50|rpc:172.17.0.2:36229] returns group-D4CE2357A7C1:java.util.concurrent.CompletableFuture@6e96a477[Not completed]
2020-12-28 13:48:35,347 [pool-301-thread-1] INFO  server.RaftServer$Division (RaftServerImpl.java:<init>(173)) - c5825b16-4892-462f-82e3-ba8f99a31f50: new RaftServerImpl for group-D4CE2357A7C1:[c5825b16-4892-462f-82e3-ba8f99a31f50|rpc:172.17.0.2:36229] with ContainerStateMachine:uninitialized
2020-12-28 13:48:35,347 [pool-301-thread-1] INFO  server.RaftServerConfigKeys (ConfUtils.java:logGet(44)) - raft.server.rpc.timeout.min = 5s (custom)
2020-12-28 13:48:35,347 [pool-301-thread-1] INFO  server.RaftServerConfigKeys (ConfUtils.java:logGet(44)) - raft.server.rpc.timeout.max = 5200ms (custom)
2020-12-28 13:48:35,347 [pool-301-thread-1] INFO  server.RaftServerConfigKeys (ConfUtils.java:logGet(44)) - raft.server.rpc.sleep.time = 25ms (default)
2020-12-28 13:48:35,347 [pool-301-thread-1] INFO  server.RaftServerConfigKeys (ConfUtils.java:logGet(44)) - raft.server.rpc.slowness.timeout = 300s (custom)
2020-12-28 13:48:35,347 [pool-301-thread-1] INFO  server.RaftServerConfigKeys (ConfUtils.java:logGet(44)) - raft.server.leaderelection.leader.step-down.wait-time = 10s (default)
2020-12-28 13:48:35,348 [pool-301-thread-1] INFO  server.RaftServerConfigKeys (ConfUtils.java:logGet(44)) - raft.server.sleep.deviation.threshold = 300ms (default)
2020-12-28 13:48:35,348 [pool-301-thread-1] INFO  server.RaftServerConfigKeys (ConfUtils.java:logGet(44)) - raft.server.log.appender.install.snapshot.enabled = false (custom)
2020-12-28 13:48:35,348 [pool-301-thread-1] INFO  server.RaftServer$Division (ServerState.java:<init>(104)) - c5825b16-4892-462f-82e3-ba8f99a31f50@group-D4CE2357A7C1: ConfigurationManager, init=-1: [c5825b16-4892-462f-82e3-ba8f99a31f50|rpc:172.17.0.2:36229], old=null, confs=<EMPTY_MAP>
2020-12-28 13:48:35,348 [pool-301-thread-1] INFO  server.RaftServerConfigKeys (ConfUtils.java:logGet(44)) - raft.server.storage.dir = [/github/workspace/mnt/ozone/hadoop-ozone/integration-test/target/test-dir/MiniOzoneClusterImpl-bdf594c0-931e-4198-806f-06e591ff76c3/datanode-4/data/ratis] (custom)
2020-12-28 13:48:35,348 [pool-301-thread-1] INFO  server.RaftServerConfigKeys (ConfUtils.java:logGet(44)) - raft.server.log.corruption.policy = EXCEPTION (default)
2020-12-28 13:48:35,348 [pool-301-thread-1] INFO  storage.RaftStorageDirectory (RaftStorageDirectory.java:analyzeStorage(260)) - The storage directory /github/workspace/mnt/ozone/hadoop-ozone/integration-test/target/test-dir/MiniOzoneClusterImpl-bdf594c0-931e-4198-806f-06e591ff76c3/datanode-4/data/ratis/f347d902-3ba2-4b07-9b52-d4ce2357a7c1 does not exist. Creating ...
2020-12-28 13:48:35,349 [pool-301-thread-1] INFO  storage.RaftStorageDirectory (RaftStorageDirectory.java:tryLock(342)) - Lock on /github/workspace/mnt/ozone/hadoop-ozone/integration-test/target/test-dir/MiniOzoneClusterImpl-bdf594c0-931e-4198-806f-06e591ff76c3/datanode-4/data/ratis/f347d902-3ba2-4b07-9b52-d4ce2357a7c1/in_use.lock acquired by nodename 15665@10028447f7ab
2020-12-28 13:48:35,350 [pool-301-thread-1] INFO  storage.RaftStorage (RaftStorage.java:format(89)) - Storage directory /github/workspace/mnt/ozone/hadoop-ozone/integration-test/target/test-dir/MiniOzoneClusterImpl-bdf594c0-931e-4198-806f-06e591ff76c3/datanode-4/data/ratis/f347d902-3ba2-4b07-9b52-d4ce2357a7c1 has been successfully formatted.
2020-12-28 13:48:35,351 [pool-301-thread-1] INFO  ratis.ContainerStateMachine (ContainerStateMachine.java:loadSnapshot(223)) - group-D4CE2357A7C1: The snapshot info is null. Setting the last applied indexto:(t:0, i:~)
2020-12-28 13:48:35,351 [pool-301-thread-1] ERROR storage.RaftStorage (RaftStorage.java:readRaftConfiguration(152)) - Failed reading configuration from file:/github/workspace/mnt/ozone/hadoop-ozone/integration-test/target/test-dir/MiniOzoneClusterImpl-bdf594c0-931e-4198-806f-06e591ff76c3/datanode-4/data/ratis/f347d902-3ba2-4b07-9b52-d4ce2357a7c1/current/raft-meta.conf
java.io.FileNotFoundException: /github/workspace/mnt/ozone/hadoop-ozone/integration-test/target/test-dir/MiniOzoneClusterImpl-bdf594c0-931e-4198-806f-06e591ff76c3/datanode-4/data/ratis/f347d902-3ba2-4b07-9b52-d4ce2357a7c1/current/raft-meta.conf (No such file or directory)
	at java.io.FileInputStream.open0(Native Method)
	at java.io.FileInputStream.open(FileInputStream.java:195)
	at java.io.FileInputStream.<init>(FileInputStream.java:138)
	at org.apache.ratis.server.storage.RaftStorage.readRaftConfiguration(RaftStorage.java:148)
	at org.apache.ratis.server.impl.ServerState.initStatemachine(ServerState.java:167)
	at org.apache.ratis.server.impl.ServerState.<init>(ServerState.java:112)
	at org.apache.ratis.server.impl.RaftServerImpl.<init>(RaftServerImpl.java:186)
	at org.apache.ratis.server.impl.RaftServerProxy.lambda$newRaftServerImpl$4(RaftServerProxy.java:264)
	at java.util.concurrent.CompletableFuture$AsyncSupply.run(CompletableFuture.java:1604)
	at java.util.concurrent.ThreadPoolExecutor.runWorker(ThreadPoolExecutor.java:1149)
	at java.util.concurrent.ThreadPoolExecutor$Worker.run(ThreadPoolExecutor.java:624)
	at java.lang.Thread.run(Thread.java:748)
2020-12-28 13:48:35,351 [pool-301-thread-1] INFO  server.RaftServerConfigKeys (ConfUtils.java:logGet(44)) - raft.server.notification.no-leader.timeout = 300s (custom)
2020-12-28 13:48:35,352 [pool-301-thread-1] INFO  server.RaftServerConfigKeys (ConfUtils.java:logGet(44)) - raft.server.log.use.memory = false (default)
2020-12-28 13:48:35,352 [pool-301-thread-1] INFO  server.RaftServerConfigKeys (ConfUtils.java:logGet(44)) - raft.server.log.purge.gap = 1000000 (custom)
2020-12-28 13:48:35,352 [EventQueue-PipelineReportForOneReplicaPipelineSafeModeRule] INFO  safemode.SCMSafeModeManager (SCMSafeModeManager.java:validateSafeModeExitRules(214)) - AtleastOneDatanodeReportedRule rule is successfully validated
2020-12-28 13:48:35,352 [EventQueue-PipelineReportForPipelineReportHandler] INFO  pipeline.PipelineStateManager (PipelineStateManager.java:openPipeline(132)) - Pipeline Pipeline[ Id: f347d902-3ba2-4b07-9b52-d4ce2357a7c1, Nodes: c5825b16-4892-462f-82e3-ba8f99a31f50{ip: 172.17.0.2, host: 10028447f7ab, networkLocation: /default-rack, certSerialId: null, persistedOpState: IN_SERVICE, persistedOpStateExpiryEpochSec: 0}, Type:RATIS, Factor:ONE, State:ALLOCATED, leaderId:c5825b16-4892-462f-82e3-ba8f99a31f50, CreationTimestamp2020-12-28T13:48:32.348Z] moved to OPEN state
2020-12-28 13:48:35,352 [EventQueue-OpenPipelineForHealthyPipelineSafeModeRule] INFO  safemode.SCMSafeModeManager (HealthyPipelineSafeModeRule.java:process(128)) - SCM in safe mode. Healthy pipelines reported count is 0, required healthy pipeline reported count is 1
2020-12-28 13:48:35,352 [pool-301-thread-1] INFO  metrics.RatisMetrics (RatisMetrics.java:lambda$create$0(36)) - Creating Metrics Registry : ratis.log_worker.c5825b16-4892-462f-82e3-ba8f99a31f50@group-D4CE2357A7C1
2020-12-28 13:48:35,354 [pool-301-thread-1] INFO  server.RaftServerConfigKeys (ConfUtils.java:logGet(44)) - raft.server.log.appender.buffer.byte-limit = 33554432 (custom)
2020-12-28 13:48:35,354 [pool-301-thread-1] INFO  server.RaftServerConfigKeys (ConfUtils.java:logGet(44)) - raft.server.log.segment.size.max = 1048576 (custom)
2020-12-28 13:48:35,355 [pool-301-thread-1] INFO  server.RaftServerConfigKeys (ConfUtils.java:logGet(44)) - raft.server.log.segment.cache.num.max = 2 (custom)
2020-12-28 13:48:35,355 [pool-301-thread-1] INFO  server.RaftServerConfigKeys (ConfUtils.java:logGet(44)) - raft.server.log.segment.cache.size.max = 200MB (=209715200) (default)
2020-12-28 13:48:35,355 [pool-301-thread-1] INFO  segmented.SegmentedRaftLogWorker (SegmentedRaftLogWorker.java:<init>(181)) - new c5825b16-4892-462f-82e3-ba8f99a31f50@group-D4CE2357A7C1-SegmentedRaftLogWorker for RaftStorage:Storage Directory /github/workspace/mnt/ozone/hadoop-ozone/integration-test/target/test-dir/MiniOzoneClusterImpl-bdf594c0-931e-4198-806f-06e591ff76c3/datanode-4/data/ratis/f347d902-3ba2-4b07-9b52-d4ce2357a7c1
2020-12-28 13:48:35,355 [pool-301-thread-1] INFO  server.RaftServerConfigKeys (ConfUtils.java:logGet(44)) - raft.server.log.queue.byte-limit = 2147483647 (custom)
2020-12-28 13:48:35,355 [pool-301-thread-1] INFO  server.RaftServerConfigKeys (ConfUtils.java:logGet(44)) - raft.server.log.queue.element-limit = 1024 (custom)
2020-12-28 13:48:35,355 [pool-301-thread-1] INFO  server.RaftServerConfigKeys (ConfUtils.java:logGet(44)) - raft.server.log.segment.size.max = 1048576 (custom)
2020-12-28 13:48:35,356 [pool-301-thread-1] INFO  server.RaftServerConfigKeys (ConfUtils.java:logGet(44)) - raft.server.log.preallocated.size = 16384 (custom)
2020-12-28 13:48:35,356 [pool-301-thread-1] INFO  server.RaftServerConfigKeys (ConfUtils.java:logGet(44)) - raft.server.log.force.sync.num = 128 (default)
2020-12-28 13:48:35,356 [pool-301-thread-1] INFO  server.RaftServerConfigKeys (ConfUtils.java:logGet(44)) - raft.server.log.statemachine.data.sync = true (default)
2020-12-28 13:48:35,356 [pool-301-thread-1] INFO  server.RaftServerConfigKeys (ConfUtils.java:logGet(44)) - raft.server.log.statemachine.data.sync.timeout = 10s (default)
2020-12-28 13:48:35,356 [pool-301-thread-1] INFO  server.RaftServerConfigKeys (ConfUtils.java:logGet(44)) - raft.server.log.statemachine.data.sync.timeout.retry = -1 (default)
2020-12-28 13:48:35,357 [pool-301-thread-1] INFO  server.RaftServerConfigKeys (ConfUtils.java:logGet(44)) - raft.server.log.write.buffer.size = 1048576 (custom)
2020-12-28 13:48:35,358 [pool-301-thread-1] INFO  server.RaftServerConfigKeys (ConfUtils.java:logGet(44)) - raft.server.log.statemachine.data.caching.enabled = true (custom)
2020-12-28 13:48:35,358 [pool-301-thread-1] INFO  segmented.SegmentedRaftLogWorker (SegmentedRaftLogWorker.java:lambda$new$0(132)) - c5825b16-4892-462f-82e3-ba8f99a31f50@group-D4CE2357A7C1-SegmentedRaftLogWorker: flushIndex: setUnconditionally 0 -> -1
2020-12-28 13:48:35,358 [pool-301-thread-1] INFO  segmented.SegmentedRaftLogWorker (SegmentedRaftLogWorker.java:lambda$new$0(132)) - c5825b16-4892-462f-82e3-ba8f99a31f50@group-D4CE2357A7C1-SegmentedRaftLogWorker: safeCacheEvictIndex: setUnconditionally 0 -> -1
2020-12-28 13:48:35,358 [pool-301-thread-1] INFO  server.RaftServerConfigKeys (ConfUtils.java:logGet(44)) - raft.server.snapshot.auto.trigger.enabled = true (custom)
2020-12-28 13:48:35,358 [pool-301-thread-1] INFO  server.RaftServerConfigKeys (ConfUtils.java:logGet(44)) - raft.server.snapshot.auto.trigger.threshold = 10000 (custom)
2020-12-28 13:48:35,358 [pool-301-thread-1] INFO  server.RaftServerConfigKeys (ConfUtils.java:logGet(44)) - raft.server.snapshot.retention.file.num = 5 (custom)
2020-12-28 13:48:35,358 [pool-301-thread-1] INFO  server.RaftServerConfigKeys (ConfUtils.java:logGet(44)) - raft.server.log.purge.upto.snapshot.index = false (default)
2020-12-28 13:48:35,358 [pool-301-thread-1] INFO  server.RaftServerConfigKeys (ConfUtils.java:logGet(44)) - raft.server.retrycache.expirytime = 600000ms (custom)
2020-12-28 13:48:35,358 [pool-301-thread-1] INFO  server.RaftServerConfigKeys (ConfUtils.java:logGet(44)) - raft.server.retrycache.statistics.expirytime = 100?s (default)
2020-12-28 13:48:35,358 [pool-301-thread-1] INFO  metrics.RatisMetrics (RatisMetrics.java:lambda$create$0(36)) - Creating Metrics Registry : ratis.leader_election.c5825b16-4892-462f-82e3-ba8f99a31f50@group-D4CE2357A7C1
2020-12-28 13:48:35,359 [pool-301-thread-1] INFO  metrics.RatisMetrics (RatisMetrics.java:lambda$create$0(36)) - Creating Metrics Registry : ratis.server.c5825b16-4892-462f-82e3-ba8f99a31f50@group-D4CE2357A7C1
2020-12-28 13:48:35,360 [pool-301-thread-1] INFO  server.RaftServer$Division (RaftServerImpl.java:start(286)) - c5825b16-4892-462f-82e3-ba8f99a31f50@group-D4CE2357A7C1: start as a follower, conf=-1: [c5825b16-4892-462f-82e3-ba8f99a31f50|rpc:172.17.0.2:36229], old=null
2020-12-28 13:48:35,360 [pool-301-thread-1] INFO  server.RaftServer$Division (RaftServerImpl.java:setRole(275)) - c5825b16-4892-462f-82e3-ba8f99a31f50@group-D4CE2357A7C1: changes role from      null to FOLLOWER at term 0 for startAsFollower
2020-12-28 13:48:35,360 [pool-301-thread-1] INFO  impl.RoleInfo (RoleInfo.java:updateAndGet(130)) - c5825b16-4892-462f-82e3-ba8f99a31f50: start c5825b16-4892-462f-82e3-ba8f99a31f50@group-D4CE2357A7C1-FollowerState
2020-12-28 13:48:35,360 [pool-301-thread-1] INFO  util.JmxRegister (JmxRegister.java:tryRegister(44)) - Successfully registered JMX Bean with object name Ratis:service=RaftServer,group=group-D4CE2357A7C1,id=c5825b16-4892-462f-82e3-ba8f99a31f50
2020-12-28 13:48:35,360 [pool-301-thread-1] INFO  metrics.RatisMetrics (RatisMetrics.java:lambda$create$0(36)) - Creating Metrics Registry : ratis.state_machine.c5825b16-4892-462f-82e3-ba8f99a31f50@group-D4CE2357A7C1
2020-12-28 13:48:35,361 [Command processor thread] INFO  commandhandler.CreatePipelineCommandHandler (CreatePipelineCommandHandler.java:handle(106)) - Created Pipeline RATIS ONE PipelineID=f347d902-3ba2-4b07-9b52-d4ce2357a7c1.
2020-12-28 13:48:35,526 [Listener at 127.0.0.1/45143] INFO  ozone.MiniOzoneClusterImpl (MiniOzoneClusterImpl.java:lambda$waitForClusterToBeReady$0(178)) - Nodes are ready. Got 6 of 6 DN Heartbeats.
2020-12-28 13:48:35,527 [Listener at 127.0.0.1/45143] INFO  ozone.MiniOzoneClusterImpl (MiniOzoneClusterImpl.java:lambda$waitForClusterToBeReady$0(181)) - Waiting for cluster to exit safe mode
2020-12-28 13:48:35,528 [Command processor thread] INFO  server.RaftServer (RaftServerProxy.java:addNew(93)) - d7483ff8-d446-4b93-ae84-b7d33969bf66: addNew group-624738F4775D:[d7483ff8-d446-4b93-ae84-b7d33969bf66|rpc:172.17.0.2:43973] returns group-624738F4775D:java.util.concurrent.CompletableFuture@241ad2a1[Not completed]
2020-12-28 13:48:35,529 [pool-317-thread-1] INFO  server.RaftServer$Division (RaftServerImpl.java:<init>(173)) - d7483ff8-d446-4b93-ae84-b7d33969bf66: new RaftServerImpl for group-624738F4775D:[d7483ff8-d446-4b93-ae84-b7d33969bf66|rpc:172.17.0.2:43973] with ContainerStateMachine:uninitialized
2020-12-28 13:48:35,529 [pool-317-thread-1] INFO  server.RaftServerConfigKeys (ConfUtils.java:logGet(44)) - raft.server.rpc.timeout.min = 5s (custom)
2020-12-28 13:48:35,529 [pool-317-thread-1] INFO  server.RaftServerConfigKeys (ConfUtils.java:logGet(44)) - raft.server.rpc.timeout.max = 5200ms (custom)
2020-12-28 13:48:35,529 [pool-317-thread-1] INFO  server.RaftServerConfigKeys (ConfUtils.java:logGet(44)) - raft.server.rpc.sleep.time = 25ms (default)
2020-12-28 13:48:35,529 [pool-317-thread-1] INFO  server.RaftServerConfigKeys (ConfUtils.java:logGet(44)) - raft.server.rpc.slowness.timeout = 300s (custom)
2020-12-28 13:48:35,529 [pool-317-thread-1] INFO  server.RaftServerConfigKeys (ConfUtils.java:logGet(44)) - raft.server.leaderelection.leader.step-down.wait-time = 10s (default)
2020-12-28 13:48:35,529 [pool-317-thread-1] INFO  server.RaftServerConfigKeys (ConfUtils.java:logGet(44)) - raft.server.sleep.deviation.threshold = 300ms (default)
2020-12-28 13:48:35,529 [pool-317-thread-1] INFO  server.RaftServerConfigKeys (ConfUtils.java:logGet(44)) - raft.server.log.appender.install.snapshot.enabled = false (custom)
2020-12-28 13:48:35,529 [pool-317-thread-1] INFO  server.RaftServer$Division (ServerState.java:<init>(104)) - d7483ff8-d446-4b93-ae84-b7d33969bf66@group-624738F4775D: ConfigurationManager, init=-1: [d7483ff8-d446-4b93-ae84-b7d33969bf66|rpc:172.17.0.2:43973], old=null, confs=<EMPTY_MAP>
2020-12-28 13:48:35,529 [pool-317-thread-1] INFO  server.RaftServerConfigKeys (ConfUtils.java:logGet(44)) - raft.server.storage.dir = [/github/workspace/mnt/ozone/hadoop-ozone/integration-test/target/test-dir/MiniOzoneClusterImpl-bdf594c0-931e-4198-806f-06e591ff76c3/datanode-5/data/ratis] (custom)
2020-12-28 13:48:35,529 [pool-317-thread-1] INFO  server.RaftServerConfigKeys (ConfUtils.java:logGet(44)) - raft.server.log.corruption.policy = EXCEPTION (default)
2020-12-28 13:48:35,530 [pool-317-thread-1] INFO  storage.RaftStorageDirectory (RaftStorageDirectory.java:analyzeStorage(260)) - The storage directory /github/workspace/mnt/ozone/hadoop-ozone/integration-test/target/test-dir/MiniOzoneClusterImpl-bdf594c0-931e-4198-806f-06e591ff76c3/datanode-5/data/ratis/551b81fd-932e-4ee0-9ad1-624738f4775d does not exist. Creating ...
2020-12-28 13:48:35,531 [pool-317-thread-1] INFO  storage.RaftStorageDirectory (RaftStorageDirectory.java:tryLock(342)) - Lock on /github/workspace/mnt/ozone/hadoop-ozone/integration-test/target/test-dir/MiniOzoneClusterImpl-bdf594c0-931e-4198-806f-06e591ff76c3/datanode-5/data/ratis/551b81fd-932e-4ee0-9ad1-624738f4775d/in_use.lock acquired by nodename 15665@10028447f7ab
2020-12-28 13:48:35,532 [pool-317-thread-1] INFO  storage.RaftStorage (RaftStorage.java:format(89)) - Storage directory /github/workspace/mnt/ozone/hadoop-ozone/integration-test/target/test-dir/MiniOzoneClusterImpl-bdf594c0-931e-4198-806f-06e591ff76c3/datanode-5/data/ratis/551b81fd-932e-4ee0-9ad1-624738f4775d has been successfully formatted.
2020-12-28 13:48:35,532 [pool-317-thread-1] INFO  ratis.ContainerStateMachine (ContainerStateMachine.java:loadSnapshot(223)) - group-624738F4775D: The snapshot info is null. Setting the last applied indexto:(t:0, i:~)
2020-12-28 13:48:35,532 [pool-317-thread-1] ERROR storage.RaftStorage (RaftStorage.java:readRaftConfiguration(152)) - Failed reading configuration from file:/github/workspace/mnt/ozone/hadoop-ozone/integration-test/target/test-dir/MiniOzoneClusterImpl-bdf594c0-931e-4198-806f-06e591ff76c3/datanode-5/data/ratis/551b81fd-932e-4ee0-9ad1-624738f4775d/current/raft-meta.conf
java.io.FileNotFoundException: /github/workspace/mnt/ozone/hadoop-ozone/integration-test/target/test-dir/MiniOzoneClusterImpl-bdf594c0-931e-4198-806f-06e591ff76c3/datanode-5/data/ratis/551b81fd-932e-4ee0-9ad1-624738f4775d/current/raft-meta.conf (No such file or directory)
	at java.io.FileInputStream.open0(Native Method)
	at java.io.FileInputStream.open(FileInputStream.java:195)
	at java.io.FileInputStream.<init>(FileInputStream.java:138)
	at org.apache.ratis.server.storage.RaftStorage.readRaftConfiguration(RaftStorage.java:148)
	at org.apache.ratis.server.impl.ServerState.initStatemachine(ServerState.java:167)
	at org.apache.ratis.server.impl.ServerState.<init>(ServerState.java:112)
	at org.apache.ratis.server.impl.RaftServerImpl.<init>(RaftServerImpl.java:186)
	at org.apache.ratis.server.impl.RaftServerProxy.lambda$newRaftServerImpl$4(RaftServerProxy.java:264)
	at java.util.concurrent.CompletableFuture$AsyncSupply.run(CompletableFuture.java:1604)
	at java.util.concurrent.ThreadPoolExecutor.runWorker(ThreadPoolExecutor.java:1149)
	at java.util.concurrent.ThreadPoolExecutor$Worker.run(ThreadPoolExecutor.java:624)
	at java.lang.Thread.run(Thread.java:748)
2020-12-28 13:48:35,533 [pool-317-thread-1] INFO  server.RaftServerConfigKeys (ConfUtils.java:logGet(44)) - raft.server.notification.no-leader.timeout = 300s (custom)
2020-12-28 13:48:35,533 [pool-317-thread-1] INFO  server.RaftServerConfigKeys (ConfUtils.java:logGet(44)) - raft.server.log.use.memory = false (default)
2020-12-28 13:48:35,533 [pool-317-thread-1] INFO  server.RaftServerConfigKeys (ConfUtils.java:logGet(44)) - raft.server.log.purge.gap = 1000000 (custom)
2020-12-28 13:48:35,533 [pool-317-thread-1] INFO  metrics.RatisMetrics (RatisMetrics.java:lambda$create$0(36)) - Creating Metrics Registry : ratis.log_worker.d7483ff8-d446-4b93-ae84-b7d33969bf66@group-624738F4775D
2020-12-28 13:48:35,533 [pool-317-thread-1] INFO  server.RaftServerConfigKeys (ConfUtils.java:logGet(44)) - raft.server.log.appender.buffer.byte-limit = 33554432 (custom)
2020-12-28 13:48:35,533 [pool-317-thread-1] INFO  server.RaftServerConfigKeys (ConfUtils.java:logGet(44)) - raft.server.log.segment.size.max = 1048576 (custom)
2020-12-28 13:48:35,533 [EventQueue-PipelineReportForOneReplicaPipelineSafeModeRule] INFO  safemode.SCMSafeModeManager (SCMSafeModeManager.java:validateSafeModeExitRules(214)) - AtleastOneDatanodeReportedRule rule is successfully validated
2020-12-28 13:48:35,533 [pool-317-thread-1] INFO  server.RaftServerConfigKeys (ConfUtils.java:logGet(44)) - raft.server.log.segment.cache.num.max = 2 (custom)
2020-12-28 13:48:35,533 [pool-317-thread-1] INFO  server.RaftServerConfigKeys (ConfUtils.java:logGet(44)) - raft.server.log.segment.cache.size.max = 200MB (=209715200) (default)
2020-12-28 13:48:35,534 [EventQueue-PipelineReportForPipelineReportHandler] INFO  pipeline.PipelineStateManager (PipelineStateManager.java:openPipeline(132)) - Pipeline Pipeline[ Id: 551b81fd-932e-4ee0-9ad1-624738f4775d, Nodes: d7483ff8-d446-4b93-ae84-b7d33969bf66{ip: 172.17.0.2, host: 10028447f7ab, networkLocation: /default-rack, certSerialId: null, persistedOpState: IN_SERVICE, persistedOpStateExpiryEpochSec: 0}, Type:RATIS, Factor:ONE, State:ALLOCATED, leaderId:d7483ff8-d446-4b93-ae84-b7d33969bf66, CreationTimestamp2020-12-28T13:48:32.530Z] moved to OPEN state
2020-12-28 13:48:35,534 [EventQueue-OpenPipelineForHealthyPipelineSafeModeRule] INFO  safemode.SCMSafeModeManager (HealthyPipelineSafeModeRule.java:process(128)) - SCM in safe mode. Healthy pipelines reported count is 0, required healthy pipeline reported count is 1
2020-12-28 13:48:35,534 [pool-317-thread-1] INFO  segmented.SegmentedRaftLogWorker (SegmentedRaftLogWorker.java:<init>(181)) - new d7483ff8-d446-4b93-ae84-b7d33969bf66@group-624738F4775D-SegmentedRaftLogWorker for RaftStorage:Storage Directory /github/workspace/mnt/ozone/hadoop-ozone/integration-test/target/test-dir/MiniOzoneClusterImpl-bdf594c0-931e-4198-806f-06e591ff76c3/datanode-5/data/ratis/551b81fd-932e-4ee0-9ad1-624738f4775d
2020-12-28 13:48:35,535 [pool-317-thread-1] INFO  server.RaftServerConfigKeys (ConfUtils.java:logGet(44)) - raft.server.log.queue.byte-limit = 2147483647 (custom)
2020-12-28 13:48:35,535 [pool-317-thread-1] INFO  server.RaftServerConfigKeys (ConfUtils.java:logGet(44)) - raft.server.log.queue.element-limit = 1024 (custom)
2020-12-28 13:48:35,535 [pool-317-thread-1] INFO  server.RaftServerConfigKeys (ConfUtils.java:logGet(44)) - raft.server.log.segment.size.max = 1048576 (custom)
2020-12-28 13:48:35,535 [pool-317-thread-1] INFO  server.RaftServerConfigKeys (ConfUtils.java:logGet(44)) - raft.server.log.preallocated.size = 16384 (custom)
2020-12-28 13:48:35,536 [pool-317-thread-1] INFO  server.RaftServerConfigKeys (ConfUtils.java:logGet(44)) - raft.server.log.force.sync.num = 128 (default)
2020-12-28 13:48:35,536 [pool-317-thread-1] INFO  server.RaftServerConfigKeys (ConfUtils.java:logGet(44)) - raft.server.log.statemachine.data.sync = true (default)
2020-12-28 13:48:35,536 [pool-317-thread-1] INFO  server.RaftServerConfigKeys (ConfUtils.java:logGet(44)) - raft.server.log.statemachine.data.sync.timeout = 10s (default)
2020-12-28 13:48:35,536 [pool-317-thread-1] INFO  server.RaftServerConfigKeys (ConfUtils.java:logGet(44)) - raft.server.log.statemachine.data.sync.timeout.retry = -1 (default)
2020-12-28 13:48:35,537 [pool-317-thread-1] INFO  server.RaftServerConfigKeys (ConfUtils.java:logGet(44)) - raft.server.log.write.buffer.size = 1048576 (custom)
2020-12-28 13:48:35,537 [pool-317-thread-1] INFO  server.RaftServerConfigKeys (ConfUtils.java:logGet(44)) - raft.server.log.statemachine.data.caching.enabled = true (custom)
2020-12-28 13:48:35,538 [pool-317-thread-1] INFO  segmented.SegmentedRaftLogWorker (SegmentedRaftLogWorker.java:lambda$new$0(132)) - d7483ff8-d446-4b93-ae84-b7d33969bf66@group-624738F4775D-SegmentedRaftLogWorker: flushIndex: setUnconditionally 0 -> -1
2020-12-28 13:48:35,538 [pool-317-thread-1] INFO  segmented.SegmentedRaftLogWorker (SegmentedRaftLogWorker.java:lambda$new$0(132)) - d7483ff8-d446-4b93-ae84-b7d33969bf66@group-624738F4775D-SegmentedRaftLogWorker: safeCacheEvictIndex: setUnconditionally 0 -> -1
2020-12-28 13:48:35,538 [pool-317-thread-1] INFO  server.RaftServerConfigKeys (ConfUtils.java:logGet(44)) - raft.server.snapshot.auto.trigger.enabled = true (custom)
2020-12-28 13:48:35,538 [pool-317-thread-1] INFO  server.RaftServerConfigKeys (ConfUtils.java:logGet(44)) - raft.server.snapshot.auto.trigger.threshold = 10000 (custom)
2020-12-28 13:48:35,538 [pool-317-thread-1] INFO  server.RaftServerConfigKeys (ConfUtils.java:logGet(44)) - raft.server.snapshot.retention.file.num = 5 (custom)
2020-12-28 13:48:35,538 [pool-317-thread-1] INFO  server.RaftServerConfigKeys (ConfUtils.java:logGet(44)) - raft.server.log.purge.upto.snapshot.index = false (default)
2020-12-28 13:48:35,538 [pool-317-thread-1] INFO  server.RaftServerConfigKeys (ConfUtils.java:logGet(44)) - raft.server.retrycache.expirytime = 600000ms (custom)
2020-12-28 13:48:35,538 [pool-317-thread-1] INFO  server.RaftServerConfigKeys (ConfUtils.java:logGet(44)) - raft.server.retrycache.statistics.expirytime = 100?s (default)
2020-12-28 13:48:35,538 [pool-317-thread-1] INFO  metrics.RatisMetrics (RatisMetrics.java:lambda$create$0(36)) - Creating Metrics Registry : ratis.leader_election.d7483ff8-d446-4b93-ae84-b7d33969bf66@group-624738F4775D
2020-12-28 13:48:35,539 [pool-317-thread-1] INFO  metrics.RatisMetrics (RatisMetrics.java:lambda$create$0(36)) - Creating Metrics Registry : ratis.server.d7483ff8-d446-4b93-ae84-b7d33969bf66@group-624738F4775D
2020-12-28 13:48:35,540 [pool-317-thread-1] INFO  server.RaftServer$Division (RaftServerImpl.java:start(286)) - d7483ff8-d446-4b93-ae84-b7d33969bf66@group-624738F4775D: start as a follower, conf=-1: [d7483ff8-d446-4b93-ae84-b7d33969bf66|rpc:172.17.0.2:43973], old=null
2020-12-28 13:48:35,540 [pool-317-thread-1] INFO  server.RaftServer$Division (RaftServerImpl.java:setRole(275)) - d7483ff8-d446-4b93-ae84-b7d33969bf66@group-624738F4775D: changes role from      null to FOLLOWER at term 0 for startAsFollower
2020-12-28 13:48:35,540 [pool-317-thread-1] INFO  impl.RoleInfo (RoleInfo.java:updateAndGet(130)) - d7483ff8-d446-4b93-ae84-b7d33969bf66: start d7483ff8-d446-4b93-ae84-b7d33969bf66@group-624738F4775D-FollowerState
2020-12-28 13:48:35,540 [pool-317-thread-1] INFO  util.JmxRegister (JmxRegister.java:tryRegister(44)) - Successfully registered JMX Bean with object name Ratis:service=RaftServer,group=group-624738F4775D,id=d7483ff8-d446-4b93-ae84-b7d33969bf66
2020-12-28 13:48:35,540 [pool-317-thread-1] INFO  metrics.RatisMetrics (RatisMetrics.java:lambda$create$0(36)) - Creating Metrics Registry : ratis.state_machine.d7483ff8-d446-4b93-ae84-b7d33969bf66@group-624738F4775D
2020-12-28 13:48:35,541 [Command processor thread] INFO  commandhandler.CreatePipelineCommandHandler (CreatePipelineCommandHandler.java:handle(106)) - Created Pipeline RATIS ONE PipelineID=551b81fd-932e-4ee0-9ad1-624738f4775d.
2020-12-28 13:48:35,612 [EventQueue-PipelineReportForOneReplicaPipelineSafeModeRule] INFO  safemode.SCMSafeModeManager (SCMSafeModeManager.java:validateSafeModeExitRules(214)) - AtleastOneDatanodeReportedRule rule is successfully validated
2020-12-28 13:48:35,612 [EventQueue-OpenPipelineForHealthyPipelineSafeModeRule] INFO  safemode.SCMSafeModeManager (HealthyPipelineSafeModeRule.java:process(128)) - SCM in safe mode. Healthy pipelines reported count is 0, required healthy pipeline reported count is 1
2020-12-28 13:48:35,779 [EventQueue-OpenPipelineForHealthyPipelineSafeModeRule] INFO  safemode.SCMSafeModeManager (HealthyPipelineSafeModeRule.java:process(128)) - SCM in safe mode. Healthy pipelines reported count is 0, required healthy pipeline reported count is 1
2020-12-28 13:48:35,779 [EventQueue-PipelineReportForOneReplicaPipelineSafeModeRule] INFO  safemode.SCMSafeModeManager (SCMSafeModeManager.java:validateSafeModeExitRules(214)) - AtleastOneDatanodeReportedRule rule is successfully validated
2020-12-28 13:48:35,984 [EventQueue-OpenPipelineForHealthyPipelineSafeModeRule] INFO  safemode.SCMSafeModeManager (HealthyPipelineSafeModeRule.java:process(128)) - SCM in safe mode. Healthy pipelines reported count is 0, required healthy pipeline reported count is 1
2020-12-28 13:48:35,984 [EventQueue-PipelineReportForOneReplicaPipelineSafeModeRule] INFO  safemode.SCMSafeModeManager (SCMSafeModeManager.java:validateSafeModeExitRules(214)) - AtleastOneDatanodeReportedRule rule is successfully validated
2020-12-28 13:48:36,209 [EventQueue-PipelineReportForOneReplicaPipelineSafeModeRule] INFO  safemode.SCMSafeModeManager (SCMSafeModeManager.java:validateSafeModeExitRules(214)) - AtleastOneDatanodeReportedRule rule is successfully validated
2020-12-28 13:48:36,210 [EventQueue-OpenPipelineForHealthyPipelineSafeModeRule] INFO  safemode.SCMSafeModeManager (HealthyPipelineSafeModeRule.java:process(128)) - SCM in safe mode. Healthy pipelines reported count is 0, required healthy pipeline reported count is 1
2020-12-28 13:48:36,352 [EventQueue-OpenPipelineForHealthyPipelineSafeModeRule] INFO  safemode.SCMSafeModeManager (HealthyPipelineSafeModeRule.java:process(128)) - SCM in safe mode. Healthy pipelines reported count is 0, required healthy pipeline reported count is 1
2020-12-28 13:48:36,352 [EventQueue-PipelineReportForOneReplicaPipelineSafeModeRule] INFO  safemode.SCMSafeModeManager (SCMSafeModeManager.java:validateSafeModeExitRules(214)) - AtleastOneDatanodeReportedRule rule is successfully validated
2020-12-28 13:48:36,527 [Listener at 127.0.0.1/45143] INFO  ozone.MiniOzoneClusterImpl (MiniOzoneClusterImpl.java:lambda$waitForClusterToBeReady$0(178)) - Nodes are ready. Got 6 of 6 DN Heartbeats.
2020-12-28 13:48:36,527 [Listener at 127.0.0.1/45143] INFO  ozone.MiniOzoneClusterImpl (MiniOzoneClusterImpl.java:lambda$waitForClusterToBeReady$0(181)) - Waiting for cluster to exit safe mode
2020-12-28 13:48:36,534 [EventQueue-PipelineReportForOneReplicaPipelineSafeModeRule] INFO  safemode.SCMSafeModeManager (SCMSafeModeManager.java:validateSafeModeExitRules(214)) - AtleastOneDatanodeReportedRule rule is successfully validated
2020-12-28 13:48:36,535 [EventQueue-OpenPipelineForHealthyPipelineSafeModeRule] INFO  safemode.SCMSafeModeManager (HealthyPipelineSafeModeRule.java:process(128)) - SCM in safe mode. Healthy pipelines reported count is 0, required healthy pipeline reported count is 1
2020-12-28 13:48:36,612 [EventQueue-OpenPipelineForHealthyPipelineSafeModeRule] INFO  safemode.SCMSafeModeManager (HealthyPipelineSafeModeRule.java:process(128)) - SCM in safe mode. Healthy pipelines reported count is 0, required healthy pipeline reported count is 1
2020-12-28 13:48:36,612 [EventQueue-PipelineReportForOneReplicaPipelineSafeModeRule] INFO  safemode.SCMSafeModeManager (SCMSafeModeManager.java:validateSafeModeExitRules(214)) - AtleastOneDatanodeReportedRule rule is successfully validated
2020-12-28 13:48:36,778 [EventQueue-OpenPipelineForHealthyPipelineSafeModeRule] INFO  safemode.SCMSafeModeManager (HealthyPipelineSafeModeRule.java:process(128)) - SCM in safe mode. Healthy pipelines reported count is 0, required healthy pipeline reported count is 1
2020-12-28 13:48:36,779 [EventQueue-PipelineReportForOneReplicaPipelineSafeModeRule] INFO  safemode.SCMSafeModeManager (SCMSafeModeManager.java:validateSafeModeExitRules(214)) - AtleastOneDatanodeReportedRule rule is successfully validated
2020-12-28 13:48:36,984 [EventQueue-OpenPipelineForHealthyPipelineSafeModeRule] INFO  safemode.SCMSafeModeManager (HealthyPipelineSafeModeRule.java:process(128)) - SCM in safe mode. Healthy pipelines reported count is 0, required healthy pipeline reported count is 1
2020-12-28 13:48:36,984 [EventQueue-PipelineReportForOneReplicaPipelineSafeModeRule] INFO  safemode.SCMSafeModeManager (SCMSafeModeManager.java:validateSafeModeExitRules(214)) - AtleastOneDatanodeReportedRule rule is successfully validated
2020-12-28 13:48:37,209 [EventQueue-OpenPipelineForHealthyPipelineSafeModeRule] INFO  safemode.SCMSafeModeManager (HealthyPipelineSafeModeRule.java:process(128)) - SCM in safe mode. Healthy pipelines reported count is 0, required healthy pipeline reported count is 1
2020-12-28 13:48:37,210 [EventQueue-PipelineReportForOneReplicaPipelineSafeModeRule] INFO  safemode.SCMSafeModeManager (SCMSafeModeManager.java:validateSafeModeExitRules(214)) - AtleastOneDatanodeReportedRule rule is successfully validated
2020-12-28 13:48:37,352 [EventQueue-OpenPipelineForHealthyPipelineSafeModeRule] INFO  safemode.SCMSafeModeManager (HealthyPipelineSafeModeRule.java:process(128)) - SCM in safe mode. Healthy pipelines reported count is 0, required healthy pipeline reported count is 1
2020-12-28 13:48:37,352 [EventQueue-PipelineReportForOneReplicaPipelineSafeModeRule] INFO  safemode.SCMSafeModeManager (SCMSafeModeManager.java:validateSafeModeExitRules(214)) - AtleastOneDatanodeReportedRule rule is successfully validated
2020-12-28 13:48:37,528 [Listener at 127.0.0.1/45143] INFO  ozone.MiniOzoneClusterImpl (MiniOzoneClusterImpl.java:lambda$waitForClusterToBeReady$0(178)) - Nodes are ready. Got 6 of 6 DN Heartbeats.
2020-12-28 13:48:37,528 [Listener at 127.0.0.1/45143] INFO  ozone.MiniOzoneClusterImpl (MiniOzoneClusterImpl.java:lambda$waitForClusterToBeReady$0(181)) - Waiting for cluster to exit safe mode
2020-12-28 13:48:37,534 [EventQueue-PipelineReportForOneReplicaPipelineSafeModeRule] INFO  safemode.SCMSafeModeManager (SCMSafeModeManager.java:validateSafeModeExitRules(214)) - AtleastOneDatanodeReportedRule rule is successfully validated
2020-12-28 13:48:37,534 [EventQueue-OpenPipelineForHealthyPipelineSafeModeRule] INFO  safemode.SCMSafeModeManager (HealthyPipelineSafeModeRule.java:process(128)) - SCM in safe mode. Healthy pipelines reported count is 0, required healthy pipeline reported count is 1
2020-12-28 13:48:37,613 [EventQueue-OpenPipelineForHealthyPipelineSafeModeRule] INFO  safemode.SCMSafeModeManager (HealthyPipelineSafeModeRule.java:process(128)) - SCM in safe mode. Healthy pipelines reported count is 0, required healthy pipeline reported count is 1
2020-12-28 13:48:37,613 [EventQueue-PipelineReportForOneReplicaPipelineSafeModeRule] INFO  safemode.SCMSafeModeManager (SCMSafeModeManager.java:validateSafeModeExitRules(214)) - AtleastOneDatanodeReportedRule rule is successfully validated
2020-12-28 13:48:37,780 [EventQueue-OpenPipelineForHealthyPipelineSafeModeRule] INFO  safemode.SCMSafeModeManager (HealthyPipelineSafeModeRule.java:process(128)) - SCM in safe mode. Healthy pipelines reported count is 0, required healthy pipeline reported count is 1
2020-12-28 13:48:37,780 [EventQueue-PipelineReportForOneReplicaPipelineSafeModeRule] INFO  safemode.SCMSafeModeManager (SCMSafeModeManager.java:validateSafeModeExitRules(214)) - AtleastOneDatanodeReportedRule rule is successfully validated
2020-12-28 13:48:37,985 [EventQueue-OpenPipelineForHealthyPipelineSafeModeRule] INFO  safemode.SCMSafeModeManager (HealthyPipelineSafeModeRule.java:process(128)) - SCM in safe mode. Healthy pipelines reported count is 0, required healthy pipeline reported count is 1
2020-12-28 13:48:37,985 [EventQueue-PipelineReportForOneReplicaPipelineSafeModeRule] INFO  safemode.SCMSafeModeManager (SCMSafeModeManager.java:validateSafeModeExitRules(214)) - AtleastOneDatanodeReportedRule rule is successfully validated
2020-12-28 13:48:38,209 [EventQueue-PipelineReportForOneReplicaPipelineSafeModeRule] INFO  safemode.SCMSafeModeManager (SCMSafeModeManager.java:validateSafeModeExitRules(214)) - AtleastOneDatanodeReportedRule rule is successfully validated
2020-12-28 13:48:38,210 [EventQueue-OpenPipelineForHealthyPipelineSafeModeRule] INFO  safemode.SCMSafeModeManager (HealthyPipelineSafeModeRule.java:process(128)) - SCM in safe mode. Healthy pipelines reported count is 0, required healthy pipeline reported count is 1
2020-12-28 13:48:38,352 [EventQueue-OpenPipelineForHealthyPipelineSafeModeRule] INFO  safemode.SCMSafeModeManager (HealthyPipelineSafeModeRule.java:process(128)) - SCM in safe mode. Healthy pipelines reported count is 0, required healthy pipeline reported count is 1
2020-12-28 13:48:38,353 [EventQueue-PipelineReportForOneReplicaPipelineSafeModeRule] INFO  safemode.SCMSafeModeManager (SCMSafeModeManager.java:validateSafeModeExitRules(214)) - AtleastOneDatanodeReportedRule rule is successfully validated
2020-12-28 13:48:38,528 [Listener at 127.0.0.1/45143] INFO  ozone.MiniOzoneClusterImpl (MiniOzoneClusterImpl.java:lambda$waitForClusterToBeReady$0(178)) - Nodes are ready. Got 6 of 6 DN Heartbeats.
2020-12-28 13:48:38,528 [Listener at 127.0.0.1/45143] INFO  ozone.MiniOzoneClusterImpl (MiniOzoneClusterImpl.java:lambda$waitForClusterToBeReady$0(181)) - Waiting for cluster to exit safe mode
2020-12-28 13:48:38,535 [EventQueue-PipelineReportForOneReplicaPipelineSafeModeRule] INFO  safemode.SCMSafeModeManager (SCMSafeModeManager.java:validateSafeModeExitRules(214)) - AtleastOneDatanodeReportedRule rule is successfully validated
2020-12-28 13:48:38,535 [EventQueue-OpenPipelineForHealthyPipelineSafeModeRule] INFO  safemode.SCMSafeModeManager (HealthyPipelineSafeModeRule.java:process(128)) - SCM in safe mode. Healthy pipelines reported count is 0, required healthy pipeline reported count is 1
2020-12-28 13:48:38,612 [EventQueue-PipelineReportForOneReplicaPipelineSafeModeRule] INFO  safemode.SCMSafeModeManager (SCMSafeModeManager.java:validateSafeModeExitRules(214)) - AtleastOneDatanodeReportedRule rule is successfully validated
2020-12-28 13:48:38,612 [EventQueue-OpenPipelineForHealthyPipelineSafeModeRule] INFO  safemode.SCMSafeModeManager (HealthyPipelineSafeModeRule.java:process(128)) - SCM in safe mode. Healthy pipelines reported count is 0, required healthy pipeline reported count is 1
2020-12-28 13:48:38,780 [EventQueue-PipelineReportForOneReplicaPipelineSafeModeRule] INFO  safemode.SCMSafeModeManager (SCMSafeModeManager.java:validateSafeModeExitRules(214)) - AtleastOneDatanodeReportedRule rule is successfully validated
2020-12-28 13:48:38,780 [EventQueue-OpenPipelineForHealthyPipelineSafeModeRule] INFO  safemode.SCMSafeModeManager (HealthyPipelineSafeModeRule.java:process(128)) - SCM in safe mode. Healthy pipelines reported count is 0, required healthy pipeline reported count is 1
2020-12-28 13:48:38,984 [EventQueue-OpenPipelineForHealthyPipelineSafeModeRule] INFO  safemode.SCMSafeModeManager (HealthyPipelineSafeModeRule.java:process(128)) - SCM in safe mode. Healthy pipelines reported count is 0, required healthy pipeline reported count is 1
2020-12-28 13:48:38,985 [EventQueue-PipelineReportForOneReplicaPipelineSafeModeRule] INFO  safemode.SCMSafeModeManager (SCMSafeModeManager.java:validateSafeModeExitRules(214)) - AtleastOneDatanodeReportedRule rule is successfully validated
2020-12-28 13:48:39,209 [EventQueue-OpenPipelineForHealthyPipelineSafeModeRule] INFO  safemode.SCMSafeModeManager (HealthyPipelineSafeModeRule.java:process(128)) - SCM in safe mode. Healthy pipelines reported count is 0, required healthy pipeline reported count is 1
2020-12-28 13:48:39,209 [EventQueue-PipelineReportForOneReplicaPipelineSafeModeRule] INFO  safemode.SCMSafeModeManager (SCMSafeModeManager.java:validateSafeModeExitRules(214)) - AtleastOneDatanodeReportedRule rule is successfully validated
2020-12-28 13:48:39,352 [EventQueue-OpenPipelineForHealthyPipelineSafeModeRule] INFO  safemode.SCMSafeModeManager (HealthyPipelineSafeModeRule.java:process(128)) - SCM in safe mode. Healthy pipelines reported count is 0, required healthy pipeline reported count is 1
2020-12-28 13:48:39,352 [EventQueue-PipelineReportForOneReplicaPipelineSafeModeRule] INFO  safemode.SCMSafeModeManager (SCMSafeModeManager.java:validateSafeModeExitRules(214)) - AtleastOneDatanodeReportedRule rule is successfully validated
2020-12-28 13:48:39,529 [Listener at 127.0.0.1/45143] INFO  ozone.MiniOzoneClusterImpl (MiniOzoneClusterImpl.java:lambda$waitForClusterToBeReady$0(178)) - Nodes are ready. Got 6 of 6 DN Heartbeats.
2020-12-28 13:48:39,529 [Listener at 127.0.0.1/45143] INFO  ozone.MiniOzoneClusterImpl (MiniOzoneClusterImpl.java:lambda$waitForClusterToBeReady$0(181)) - Waiting for cluster to exit safe mode
2020-12-28 13:48:39,535 [EventQueue-OpenPipelineForHealthyPipelineSafeModeRule] INFO  safemode.SCMSafeModeManager (HealthyPipelineSafeModeRule.java:process(128)) - SCM in safe mode. Healthy pipelines reported count is 0, required healthy pipeline reported count is 1
2020-12-28 13:48:39,535 [EventQueue-PipelineReportForOneReplicaPipelineSafeModeRule] INFO  safemode.SCMSafeModeManager (SCMSafeModeManager.java:validateSafeModeExitRules(214)) - AtleastOneDatanodeReportedRule rule is successfully validated
2020-12-28 13:48:39,612 [EventQueue-OpenPipelineForHealthyPipelineSafeModeRule] INFO  safemode.SCMSafeModeManager (HealthyPipelineSafeModeRule.java:process(128)) - SCM in safe mode. Healthy pipelines reported count is 0, required healthy pipeline reported count is 1
2020-12-28 13:48:39,612 [EventQueue-PipelineReportForOneReplicaPipelineSafeModeRule] INFO  safemode.SCMSafeModeManager (SCMSafeModeManager.java:validateSafeModeExitRules(214)) - AtleastOneDatanodeReportedRule rule is successfully validated
2020-12-28 13:48:39,724 [Thread-819] INFO  impl.FollowerState (FollowerState.java:run(133)) - 332fbba1-841e-4633-be6b-7b3b7ad52219@group-4FE386A73824-FollowerState: change to CANDIDATE, lastRpcElapsedTime:5026590703ns, electionTimeout:5011ms
2020-12-28 13:48:39,724 [Thread-819] INFO  impl.RoleInfo (RoleInfo.java:shutdownFollowerState(108)) - 332fbba1-841e-4633-be6b-7b3b7ad52219: shutdown 332fbba1-841e-4633-be6b-7b3b7ad52219@group-4FE386A73824-FollowerState
2020-12-28 13:48:39,724 [Thread-819] INFO  server.RaftServer$Division (RaftServerImpl.java:setRole(275)) - 332fbba1-841e-4633-be6b-7b3b7ad52219@group-4FE386A73824: changes role from  FOLLOWER to CANDIDATE at term 0 for changeToCandidate
2020-12-28 13:48:39,725 [Thread-819] INFO  impl.RoleInfo (RoleInfo.java:updateAndGet(130)) - 332fbba1-841e-4633-be6b-7b3b7ad52219: start 332fbba1-841e-4633-be6b-7b3b7ad52219@group-4FE386A73824-LeaderElection9
2020-12-28 13:48:39,728 [Thread-812] INFO  impl.FollowerState (FollowerState.java:run(133)) - 27693bd8-fb4b-4214-8f6f-61df0de82a87@group-2E53A9272730-FollowerState: change to CANDIDATE, lastRpcElapsedTime:5122021196ns, electionTimeout:5121ms
2020-12-28 13:48:39,728 [Thread-812] INFO  impl.RoleInfo (RoleInfo.java:shutdownFollowerState(108)) - 27693bd8-fb4b-4214-8f6f-61df0de82a87: shutdown 27693bd8-fb4b-4214-8f6f-61df0de82a87@group-2E53A9272730-FollowerState
2020-12-28 13:48:39,728 [Thread-812] INFO  server.RaftServer$Division (RaftServerImpl.java:setRole(275)) - 27693bd8-fb4b-4214-8f6f-61df0de82a87@group-2E53A9272730: changes role from  FOLLOWER to CANDIDATE at term 0 for changeToCandidate
2020-12-28 13:48:39,728 [Thread-812] INFO  impl.RoleInfo (RoleInfo.java:updateAndGet(130)) - 27693bd8-fb4b-4214-8f6f-61df0de82a87: start 27693bd8-fb4b-4214-8f6f-61df0de82a87@group-2E53A9272730-LeaderElection10
2020-12-28 13:48:39,730 [332fbba1-841e-4633-be6b-7b3b7ad52219@group-4FE386A73824-LeaderElection9] INFO  impl.LeaderElection (LeaderElection.java:askForVotes(219)) - 332fbba1-841e-4633-be6b-7b3b7ad52219@group-4FE386A73824-LeaderElection9: begin an election at term 1 for -1: [27693bd8-fb4b-4214-8f6f-61df0de82a87|rpc:172.17.0.2:35297|dataStream:, e508d2ab-90e0-4998-a856-79bccff972e6|rpc:172.17.0.2:35913|dataStream:, 332fbba1-841e-4633-be6b-7b3b7ad52219|rpc:172.17.0.2:37643|dataStream:], old=null
2020-12-28 13:48:39,737 [27693bd8-fb4b-4214-8f6f-61df0de82a87@group-2E53A9272730-LeaderElection10] INFO  impl.LeaderElection (LeaderElection.java:askForVotes(219)) - 27693bd8-fb4b-4214-8f6f-61df0de82a87@group-2E53A9272730-LeaderElection10: begin an election at term 1 for -1: [27693bd8-fb4b-4214-8f6f-61df0de82a87|rpc:172.17.0.2:35297], old=null
2020-12-28 13:48:39,737 [27693bd8-fb4b-4214-8f6f-61df0de82a87@group-2E53A9272730-LeaderElection10] INFO  impl.RoleInfo (RoleInfo.java:shutdownLeaderElection(121)) - 27693bd8-fb4b-4214-8f6f-61df0de82a87: shutdown 27693bd8-fb4b-4214-8f6f-61df0de82a87@group-2E53A9272730-LeaderElection10
2020-12-28 13:48:39,737 [27693bd8-fb4b-4214-8f6f-61df0de82a87@group-2E53A9272730-LeaderElection10] INFO  server.RaftServer$Division (RaftServerImpl.java:setRole(275)) - 27693bd8-fb4b-4214-8f6f-61df0de82a87@group-2E53A9272730: changes role from CANDIDATE to LEADER at term 1 for changeToLeader
2020-12-28 13:48:39,737 [27693bd8-fb4b-4214-8f6f-61df0de82a87@group-2E53A9272730-LeaderElection10] INFO  ratis.XceiverServerRatis (XceiverServerRatis.java:handleLeaderChangedNotification(862)) - Leader change notification received for group: group-2E53A9272730 with new leaderId: 27693bd8-fb4b-4214-8f6f-61df0de82a87
2020-12-28 13:48:39,737 [27693bd8-fb4b-4214-8f6f-61df0de82a87@group-2E53A9272730-LeaderElection10] INFO  server.RaftServer$Division (ServerState.java:setLeader(258)) - 27693bd8-fb4b-4214-8f6f-61df0de82a87@group-2E53A9272730: change Leader from null to 27693bd8-fb4b-4214-8f6f-61df0de82a87 at term 1 for becomeLeader, leader elected after 5138ms
2020-12-28 13:48:39,738 [27693bd8-fb4b-4214-8f6f-61df0de82a87@group-2E53A9272730-LeaderElection10] INFO  server.RaftServerConfigKeys (ConfUtils.java:logGet(44)) - raft.server.staging.catchup.gap = 1000 (default)
2020-12-28 13:48:39,738 [27693bd8-fb4b-4214-8f6f-61df0de82a87@group-2E53A9272730-LeaderElection10] INFO  metrics.RatisMetrics (RatisMetrics.java:lambda$create$0(36)) - Creating Metrics Registry : ratis.log_appender.27693bd8-fb4b-4214-8f6f-61df0de82a87@group-2E53A9272730
2020-12-28 13:48:39,738 [27693bd8-fb4b-4214-8f6f-61df0de82a87@group-2E53A9272730-LeaderElection10] INFO  server.RaftServerConfigKeys (ConfUtils.java:logGet(44)) - raft.server.write.element-limit = 1024 (custom)
2020-12-28 13:48:39,738 [27693bd8-fb4b-4214-8f6f-61df0de82a87@group-2E53A9272730-LeaderElection10] INFO  server.RaftServerConfigKeys (ConfUtils.java:logGet(44)) - raft.server.write.byte-limit = 1073741824 (custom)
2020-12-28 13:48:39,739 [27693bd8-fb4b-4214-8f6f-61df0de82a87@group-2E53A9272730-LeaderElection10] INFO  server.RaftServerConfigKeys (ConfUtils.java:logGet(44)) - raft.server.watch.timeout = 180s (custom)
2020-12-28 13:48:39,739 [27693bd8-fb4b-4214-8f6f-61df0de82a87@group-2E53A9272730-LeaderElection10] INFO  server.RaftServerConfigKeys (ConfUtils.java:logGet(44)) - raft.server.watch.timeout.denomination = 1s (default)
2020-12-28 13:48:39,739 [27693bd8-fb4b-4214-8f6f-61df0de82a87@group-2E53A9272730-LeaderElection10] INFO  server.RaftServerConfigKeys (ConfUtils.java:logGet(44)) - raft.server.watch.element-limit = 65536 (default)
2020-12-28 13:48:39,739 [27693bd8-fb4b-4214-8f6f-61df0de82a87@group-2E53A9272730-LeaderElection10] INFO  impl.RoleInfo (RoleInfo.java:updateAndGet(130)) - 27693bd8-fb4b-4214-8f6f-61df0de82a87: start 27693bd8-fb4b-4214-8f6f-61df0de82a87@group-2E53A9272730-LeaderStateImpl
2020-12-28 13:48:39,739 [27693bd8-fb4b-4214-8f6f-61df0de82a87@group-2E53A9272730-LeaderElection10] INFO  segmented.SegmentedRaftLogWorker (SegmentedRaftLogWorker.java:startLogSegment(392)) - 27693bd8-fb4b-4214-8f6f-61df0de82a87@group-2E53A9272730-SegmentedRaftLogWorker: Starting segment from index:0
2020-12-28 13:48:39,741 [27693bd8-fb4b-4214-8f6f-61df0de82a87@group-2E53A9272730-SegmentedRaftLogWorker] INFO  segmented.SegmentedRaftLogWorker (SegmentedRaftLogWorker.java:execute(599)) - 27693bd8-fb4b-4214-8f6f-61df0de82a87@group-2E53A9272730-SegmentedRaftLogWorker: created new log segment /github/workspace/mnt/ozone/hadoop-ozone/integration-test/target/test-dir/MiniOzoneClusterImpl-bdf594c0-931e-4198-806f-06e591ff76c3/datanode-0/data/ratis/f292b469-5326-4df3-80ce-2e53a9272730/current/log_inprogress_0
2020-12-28 13:48:39,745 [27693bd8-fb4b-4214-8f6f-61df0de82a87@group-2E53A9272730-LeaderElection10] INFO  server.RaftServer$Division (ServerState.java:setRaftConf(374)) - 27693bd8-fb4b-4214-8f6f-61df0de82a87@group-2E53A9272730: set configuration 0: [27693bd8-fb4b-4214-8f6f-61df0de82a87|rpc:172.17.0.2:35297|dataStream:], old=null at 0
2020-12-28 13:48:39,747 [EventQueue-PipelineReportForOneReplicaPipelineSafeModeRule] INFO  safemode.SCMSafeModeManager (SCMSafeModeManager.java:validateSafeModeExitRules(214)) - AtleastOneDatanodeReportedRule rule is successfully validated
2020-12-28 13:48:39,748 [EventQueue-OpenPipelineForHealthyPipelineSafeModeRule] INFO  safemode.SCMSafeModeManager (HealthyPipelineSafeModeRule.java:process(128)) - SCM in safe mode. Healthy pipelines reported count is 0, required healthy pipeline reported count is 1
2020-12-28 13:48:39,754 [grpc-default-executor-0] INFO  metrics.RatisMetrics (RatisMetrics.java:lambda$create$0(36)) - Creating Metrics Registry : ratis.server_message_metrics.27693bd8-fb4b-4214-8f6f-61df0de82a87
2020-12-28 13:48:39,755 [grpc-default-executor-0] INFO  server.RaftServer$Division (RaftServerImpl.java:setRole(275)) - 27693bd8-fb4b-4214-8f6f-61df0de82a87@group-4FE386A73824: changes role from  FOLLOWER to FOLLOWER at term 1 for recognizeCandidate:332fbba1-841e-4633-be6b-7b3b7ad52219
2020-12-28 13:48:39,755 [grpc-default-executor-0] INFO  impl.RoleInfo (RoleInfo.java:shutdownFollowerState(108)) - 27693bd8-fb4b-4214-8f6f-61df0de82a87: shutdown 27693bd8-fb4b-4214-8f6f-61df0de82a87@group-4FE386A73824-FollowerState
2020-12-28 13:48:39,755 [grpc-default-executor-0] INFO  impl.RoleInfo (RoleInfo.java:updateAndGet(130)) - 27693bd8-fb4b-4214-8f6f-61df0de82a87: start 27693bd8-fb4b-4214-8f6f-61df0de82a87@group-4FE386A73824-FollowerState
2020-12-28 13:48:39,756 [Thread-814] INFO  impl.FollowerState (FollowerState.java:run(142)) - 27693bd8-fb4b-4214-8f6f-61df0de82a87@group-4FE386A73824-FollowerState was interrupted: {}
java.lang.InterruptedException: sleep interrupted
	at java.lang.Thread.sleep(Native Method)
	at java.lang.Thread.sleep(Thread.java:340)
	at java.util.concurrent.TimeUnit.sleep(TimeUnit.java:386)
	at org.apache.ratis.util.TimeDuration.sleep(TimeDuration.java:319)
	at org.apache.ratis.util.TimeDuration.sleep(TimeDuration.java:304)
	at org.apache.ratis.server.impl.FollowerState.run(FollowerState.java:117)
2020-12-28 13:48:39,756 [grpc-default-executor-0] INFO  server.RaftServer$Division (RaftServerImpl.java:requestVote(983)) -  FOLLOWER 27693bd8-fb4b-4214-8f6f-61df0de82a87@group-4FE386A73824:t1, leader=null, voted=null, raftlog=27693bd8-fb4b-4214-8f6f-61df0de82a87@group-4FE386A73824-SegmentedRaftLog:OPENED:c-1,f-1,i0, conf=-1: [27693bd8-fb4b-4214-8f6f-61df0de82a87|rpc:172.17.0.2:35297, e508d2ab-90e0-4998-a856-79bccff972e6|rpc:172.17.0.2:35913, 332fbba1-841e-4633-be6b-7b3b7ad52219|rpc:172.17.0.2:37643], old=null RUNNING priority:0 candidate:332fbba1-841e-4633-be6b-7b3b7ad52219|rpc:172.17.0.2:37643 candidatePriority:0 compare:0
2020-12-28 13:48:39,766 [grpc-default-executor-0] INFO  server.RaftServer$Division (RaftServerImpl.java:setRole(275)) - e508d2ab-90e0-4998-a856-79bccff972e6@group-4FE386A73824: changes role from  FOLLOWER to FOLLOWER at term 1 for recognizeCandidate:332fbba1-841e-4633-be6b-7b3b7ad52219
2020-12-28 13:48:39,766 [grpc-default-executor-0] INFO  impl.RoleInfo (RoleInfo.java:shutdownFollowerState(108)) - e508d2ab-90e0-4998-a856-79bccff972e6: shutdown e508d2ab-90e0-4998-a856-79bccff972e6@group-4FE386A73824-FollowerState
2020-12-28 13:48:39,766 [grpc-default-executor-0] INFO  impl.RoleInfo (RoleInfo.java:updateAndGet(130)) - e508d2ab-90e0-4998-a856-79bccff972e6: start e508d2ab-90e0-4998-a856-79bccff972e6@group-4FE386A73824-FollowerState
2020-12-28 13:48:39,766 [332fbba1-841e-4633-be6b-7b3b7ad52219@group-4FE386A73824-LeaderElection9] INFO  impl.LeaderElection (LeaderElection.java:logAndReturn(68)) - 332fbba1-841e-4633-be6b-7b3b7ad52219@group-4FE386A73824-LeaderElection9: Election PASSED; received 1 response(s) [332fbba1-841e-4633-be6b-7b3b7ad52219<-27693bd8-fb4b-4214-8f6f-61df0de82a87#0:OK-t1] and 0 exception(s); 332fbba1-841e-4633-be6b-7b3b7ad52219@group-4FE386A73824:t1, leader=null, voted=332fbba1-841e-4633-be6b-7b3b7ad52219, raftlog=332fbba1-841e-4633-be6b-7b3b7ad52219@group-4FE386A73824-SegmentedRaftLog:OPENED:c-1,f-1,i0, conf=-1: [27693bd8-fb4b-4214-8f6f-61df0de82a87|rpc:172.17.0.2:35297|dataStream:, e508d2ab-90e0-4998-a856-79bccff972e6|rpc:172.17.0.2:35913|dataStream:, 332fbba1-841e-4633-be6b-7b3b7ad52219|rpc:172.17.0.2:37643|dataStream:], old=null
2020-12-28 13:48:39,767 [332fbba1-841e-4633-be6b-7b3b7ad52219@group-4FE386A73824-LeaderElection9] INFO  impl.RoleInfo (RoleInfo.java:shutdownLeaderElection(121)) - 332fbba1-841e-4633-be6b-7b3b7ad52219: shutdown 332fbba1-841e-4633-be6b-7b3b7ad52219@group-4FE386A73824-LeaderElection9
2020-12-28 13:48:39,767 [332fbba1-841e-4633-be6b-7b3b7ad52219@group-4FE386A73824-LeaderElection9] INFO  server.RaftServer$Division (RaftServerImpl.java:setRole(275)) - 332fbba1-841e-4633-be6b-7b3b7ad52219@group-4FE386A73824: changes role from CANDIDATE to LEADER at term 1 for changeToLeader
2020-12-28 13:48:39,767 [332fbba1-841e-4633-be6b-7b3b7ad52219@group-4FE386A73824-LeaderElection9] INFO  ratis.XceiverServerRatis (XceiverServerRatis.java:handleLeaderChangedNotification(862)) - Leader change notification received for group: group-4FE386A73824 with new leaderId: 332fbba1-841e-4633-be6b-7b3b7ad52219
2020-12-28 13:48:39,768 [332fbba1-841e-4633-be6b-7b3b7ad52219@group-4FE386A73824-LeaderElection9] INFO  server.RaftServer$Division (ServerState.java:setLeader(258)) - 332fbba1-841e-4633-be6b-7b3b7ad52219@group-4FE386A73824: change Leader from null to 332fbba1-841e-4633-be6b-7b3b7ad52219 at term 1 for becomeLeader, leader elected after 5079ms
2020-12-28 13:48:39,766 [Thread-816] INFO  impl.FollowerState (FollowerState.java:run(142)) - e508d2ab-90e0-4998-a856-79bccff972e6@group-4FE386A73824-FollowerState was interrupted: {}
java.lang.InterruptedException: sleep interrupted
	at java.lang.Thread.sleep(Native Method)
	at java.lang.Thread.sleep(Thread.java:340)
	at java.util.concurrent.TimeUnit.sleep(TimeUnit.java:386)
	at org.apache.ratis.util.TimeDuration.sleep(TimeDuration.java:319)
	at org.apache.ratis.util.TimeDuration.sleep(TimeDuration.java:304)
	at org.apache.ratis.server.impl.FollowerState.run(FollowerState.java:117)
2020-12-28 13:48:39,769 [332fbba1-841e-4633-be6b-7b3b7ad52219@group-4FE386A73824-LeaderElection9] INFO  server.RaftServerConfigKeys (ConfUtils.java:logGet(44)) - raft.server.staging.catchup.gap = 1000 (default)
2020-12-28 13:48:39,769 [EventQueue-PipelineReportForPipelineReportHandler] INFO  pipeline.PipelineStateManager (PipelineStateManager.java:openPipeline(132)) - Pipeline Pipeline[ Id: df853216-7ced-4cab-b66e-4fe386a73824, Nodes: 27693bd8-fb4b-4214-8f6f-61df0de82a87{ip: 172.17.0.2, host: 10028447f7ab, networkLocation: /default-rack, certSerialId: null, persistedOpState: IN_SERVICE, persistedOpStateExpiryEpochSec: 0}e508d2ab-90e0-4998-a856-79bccff972e6{ip: 172.17.0.2, host: 10028447f7ab, networkLocation: /default-rack, certSerialId: null, persistedOpState: IN_SERVICE, persistedOpStateExpiryEpochSec: 0}332fbba1-841e-4633-be6b-7b3b7ad52219{ip: 172.17.0.2, host: 10028447f7ab, networkLocation: /default-rack, certSerialId: null, persistedOpState: IN_SERVICE, persistedOpStateExpiryEpochSec: 0}, Type:RATIS, Factor:THREE, State:ALLOCATED, leaderId:332fbba1-841e-4633-be6b-7b3b7ad52219, CreationTimestamp2020-12-28T13:48:31.981Z] moved to OPEN state
2020-12-28 13:48:39,768 [EventQueue-PipelineReportForOneReplicaPipelineSafeModeRule] INFO  safemode.SCMSafeModeManager (SCMSafeModeManager.java:validateSafeModeExitRules(214)) - AtleastOneDatanodeReportedRule rule is successfully validated
2020-12-28 13:48:39,770 [332fbba1-841e-4633-be6b-7b3b7ad52219@group-4FE386A73824-LeaderElection9] INFO  metrics.RatisMetrics (RatisMetrics.java:lambda$create$0(36)) - Creating Metrics Registry : ratis.log_appender.332fbba1-841e-4633-be6b-7b3b7ad52219@group-4FE386A73824
2020-12-28 13:48:39,771 [332fbba1-841e-4633-be6b-7b3b7ad52219@group-4FE386A73824-LeaderElection9] INFO  server.RaftServerConfigKeys (ConfUtils.java:logGet(44)) - raft.server.write.element-limit = 1024 (custom)
2020-12-28 13:48:39,771 [332fbba1-841e-4633-be6b-7b3b7ad52219@group-4FE386A73824-LeaderElection9] INFO  server.RaftServerConfigKeys (ConfUtils.java:logGet(44)) - raft.server.write.byte-limit = 1073741824 (custom)
2020-12-28 13:48:39,772 [332fbba1-841e-4633-be6b-7b3b7ad52219@group-4FE386A73824-LeaderElection9] INFO  server.RaftServerConfigKeys (ConfUtils.java:logGet(44)) - raft.server.watch.timeout = 180s (custom)
2020-12-28 13:48:39,772 [332fbba1-841e-4633-be6b-7b3b7ad52219@group-4FE386A73824-LeaderElection9] INFO  server.RaftServerConfigKeys (ConfUtils.java:logGet(44)) - raft.server.watch.timeout.denomination = 1s (default)
2020-12-28 13:48:39,772 [332fbba1-841e-4633-be6b-7b3b7ad52219@group-4FE386A73824-LeaderElection9] INFO  server.RaftServerConfigKeys (ConfUtils.java:logGet(44)) - raft.server.watch.element-limit = 65536 (default)
2020-12-28 13:48:39,772 [332fbba1-841e-4633-be6b-7b3b7ad52219@group-4FE386A73824-LeaderElection9] INFO  server.RaftServerConfigKeys (ConfUtils.java:logGet(44)) - raft.server.log.appender.snapshot.chunk.size.max = 16MB (=16777216) (default)
2020-12-28 13:48:39,772 [332fbba1-841e-4633-be6b-7b3b7ad52219@group-4FE386A73824-LeaderElection9] INFO  server.RaftServerConfigKeys (ConfUtils.java:logGet(44)) - raft.server.log.appender.buffer.byte-limit = 33554432 (custom)
2020-12-28 13:48:39,772 [332fbba1-841e-4633-be6b-7b3b7ad52219@group-4FE386A73824-LeaderElection9] INFO  server.RaftServerConfigKeys (ConfUtils.java:logGet(44)) - raft.server.log.appender.buffer.element-limit = 1 (custom)
2020-12-28 13:48:39,772 [332fbba1-841e-4633-be6b-7b3b7ad52219@group-4FE386A73824-LeaderElection9] INFO  grpc.GrpcConfigKeys (ConfUtils.java:logGet(44)) - raft.grpc.server.leader.outstanding.appends.max = 128 (default)
2020-12-28 13:48:39,772 [332fbba1-841e-4633-be6b-7b3b7ad52219@group-4FE386A73824-LeaderElection9] INFO  server.RaftServerConfigKeys (ConfUtils.java:logGet(44)) - raft.server.rpc.request.timeout = 60s (custom)
2020-12-28 13:48:39,772 [332fbba1-841e-4633-be6b-7b3b7ad52219@group-4FE386A73824-LeaderElection9] INFO  server.RaftServerConfigKeys (ConfUtils.java:logGet(44)) - raft.server.log.appender.install.snapshot.enabled = false (custom)
2020-12-28 13:48:39,772 [332fbba1-841e-4633-be6b-7b3b7ad52219@group-4FE386A73824-LeaderElection9] INFO  metrics.RatisMetrics (RatisMetrics.java:lambda$create$0(36)) - Creating Metrics Registry : ratis_grpc.log_appender.332fbba1-841e-4633-be6b-7b3b7ad52219@group-4FE386A73824
2020-12-28 13:48:39,770 [grpc-default-executor-0] INFO  server.RaftServer$Division (RaftServerImpl.java:requestVote(983)) -  FOLLOWER e508d2ab-90e0-4998-a856-79bccff972e6@group-4FE386A73824:t1, leader=null, voted=null, raftlog=e508d2ab-90e0-4998-a856-79bccff972e6@group-4FE386A73824-SegmentedRaftLog:OPENED:c-1,f-1,i0, conf=-1: [27693bd8-fb4b-4214-8f6f-61df0de82a87|rpc:172.17.0.2:35297|dataStream:, e508d2ab-90e0-4998-a856-79bccff972e6|rpc:172.17.0.2:35913|dataStream:, 332fbba1-841e-4633-be6b-7b3b7ad52219|rpc:172.17.0.2:37643|dataStream:], old=null RUNNING priority:0 candidate:332fbba1-841e-4633-be6b-7b3b7ad52219|rpc:172.17.0.2:37643|dataStream: candidatePriority:0 compare:0
2020-12-28 13:48:39,771 [EventQueue-OpenPipelineForHealthyPipelineSafeModeRule] INFO  safemode.SCMSafeModeManager (HealthyPipelineSafeModeRule.java:process(128)) - SCM in safe mode. Healthy pipelines reported count is 1, required healthy pipeline reported count is 1
2020-12-28 13:48:39,774 [EventQueue-OpenPipelineForHealthyPipelineSafeModeRule] INFO  safemode.SCMSafeModeManager (SCMSafeModeManager.java:validateSafeModeExitRules(214)) - HealthyPipelineSafeModeRule rule is successfully validated
2020-12-28 13:48:39,774 [EventQueue-OpenPipelineForHealthyPipelineSafeModeRule] INFO  safemode.SCMSafeModeManager (SCMSafeModeManager.java:validateSafeModeExitRules(228)) - ScmSafeModeManager, all rules are successfully validated
2020-12-28 13:48:39,774 [EventQueue-OpenPipelineForHealthyPipelineSafeModeRule] INFO  safemode.SCMSafeModeManager (SCMSafeModeManager.java:exitSafeMode(257)) - SCM exiting safe mode.
2020-12-28 13:48:39,774 [332fbba1-841e-4633-be6b-7b3b7ad52219@group-4FE386A73824-LeaderElection9] INFO  server.RaftServerConfigKeys (ConfUtils.java:logGet(44)) - raft.server.log.appender.snapshot.chunk.size.max = 16MB (=16777216) (default)
2020-12-28 13:48:39,780 [332fbba1-841e-4633-be6b-7b3b7ad52219@group-4FE386A73824-LeaderElection9] INFO  server.RaftServerConfigKeys (ConfUtils.java:logGet(44)) - raft.server.log.appender.buffer.byte-limit = 33554432 (custom)
2020-12-28 13:48:39,780 [332fbba1-841e-4633-be6b-7b3b7ad52219@group-4FE386A73824-LeaderElection9] INFO  server.RaftServerConfigKeys (ConfUtils.java:logGet(44)) - raft.server.log.appender.buffer.element-limit = 1 (custom)
2020-12-28 13:48:39,780 [332fbba1-841e-4633-be6b-7b3b7ad52219@group-4FE386A73824-LeaderElection9] INFO  grpc.GrpcConfigKeys (ConfUtils.java:logGet(44)) - raft.grpc.server.leader.outstanding.appends.max = 128 (default)
2020-12-28 13:48:39,780 [332fbba1-841e-4633-be6b-7b3b7ad52219@group-4FE386A73824-LeaderElection9] INFO  server.RaftServerConfigKeys (ConfUtils.java:logGet(44)) - raft.server.rpc.request.timeout = 60s (custom)
2020-12-28 13:48:39,781 [332fbba1-841e-4633-be6b-7b3b7ad52219@group-4FE386A73824-LeaderElection9] INFO  server.RaftServerConfigKeys (ConfUtils.java:logGet(44)) - raft.server.log.appender.install.snapshot.enabled = false (custom)
2020-12-28 13:48:39,782 [332fbba1-841e-4633-be6b-7b3b7ad52219@group-4FE386A73824-LeaderElection9] INFO  impl.RoleInfo (RoleInfo.java:updateAndGet(130)) - 332fbba1-841e-4633-be6b-7b3b7ad52219: start 332fbba1-841e-4633-be6b-7b3b7ad52219@group-4FE386A73824-LeaderStateImpl
2020-12-28 13:48:39,783 [332fbba1-841e-4633-be6b-7b3b7ad52219@group-4FE386A73824-LeaderElection9] INFO  segmented.SegmentedRaftLogWorker (SegmentedRaftLogWorker.java:startLogSegment(392)) - 332fbba1-841e-4633-be6b-7b3b7ad52219@group-4FE386A73824-SegmentedRaftLogWorker: Starting segment from index:0
2020-12-28 13:48:39,784 [332fbba1-841e-4633-be6b-7b3b7ad52219@group-4FE386A73824-SegmentedRaftLogWorker] INFO  segmented.SegmentedRaftLogWorker (SegmentedRaftLogWorker.java:execute(599)) - 332fbba1-841e-4633-be6b-7b3b7ad52219@group-4FE386A73824-SegmentedRaftLogWorker: created new log segment /github/workspace/mnt/ozone/hadoop-ozone/integration-test/target/test-dir/MiniOzoneClusterImpl-bdf594c0-931e-4198-806f-06e591ff76c3/datanode-1/data/ratis/df853216-7ced-4cab-b66e-4fe386a73824/current/log_inprogress_0
2020-12-28 13:48:39,788 [grpc-default-executor-1] INFO  ratis.XceiverServerRatis (XceiverServerRatis.java:handleLeaderChangedNotification(862)) - Leader change notification received for group: group-4FE386A73824 with new leaderId: 332fbba1-841e-4633-be6b-7b3b7ad52219
2020-12-28 13:48:39,789 [grpc-default-executor-1] INFO  server.RaftServer$Division (ServerState.java:setLeader(258)) - 27693bd8-fb4b-4214-8f6f-61df0de82a87@group-4FE386A73824: change Leader from null to 332fbba1-841e-4633-be6b-7b3b7ad52219 at term 1 for appendEntries, leader elected after 5176ms
2020-12-28 13:48:39,789 [332fbba1-841e-4633-be6b-7b3b7ad52219@group-4FE386A73824-LeaderElection9] INFO  server.RaftServer$Division (ServerState.java:setRaftConf(374)) - 332fbba1-841e-4633-be6b-7b3b7ad52219@group-4FE386A73824: set configuration 0: [27693bd8-fb4b-4214-8f6f-61df0de82a87|rpc:172.17.0.2:35297|dataStream:, e508d2ab-90e0-4998-a856-79bccff972e6|rpc:172.17.0.2:35913|dataStream:, 332fbba1-841e-4633-be6b-7b3b7ad52219|rpc:172.17.0.2:37643|dataStream:], old=null at 0
2020-12-28 13:48:39,796 [grpc-default-executor-2] INFO  ratis.XceiverServerRatis (XceiverServerRatis.java:handleLeaderChangedNotification(862)) - Leader change notification received for group: group-4FE386A73824 with new leaderId: 332fbba1-841e-4633-be6b-7b3b7ad52219
2020-12-28 13:48:39,796 [grpc-default-executor-2] INFO  server.RaftServer$Division (ServerState.java:setLeader(258)) - e508d2ab-90e0-4998-a856-79bccff972e6@group-4FE386A73824: change Leader from null to 332fbba1-841e-4633-be6b-7b3b7ad52219 at term 1 for appendEntries, leader elected after 5147ms
2020-12-28 13:48:39,800 [grpc-default-executor-1] INFO  server.RaftServer$Division (ServerState.java:setRaftConf(374)) - 27693bd8-fb4b-4214-8f6f-61df0de82a87@group-4FE386A73824: set configuration 0: [27693bd8-fb4b-4214-8f6f-61df0de82a87|rpc:172.17.0.2:35297|dataStream:, e508d2ab-90e0-4998-a856-79bccff972e6|rpc:172.17.0.2:35913|dataStream:, 332fbba1-841e-4633-be6b-7b3b7ad52219|rpc:172.17.0.2:37643|dataStream:], old=null at 0
2020-12-28 13:48:39,800 [grpc-default-executor-1] INFO  segmented.SegmentedRaftLogWorker (SegmentedRaftLogWorker.java:startLogSegment(392)) - 27693bd8-fb4b-4214-8f6f-61df0de82a87@group-4FE386A73824-SegmentedRaftLogWorker: Starting segment from index:0
2020-12-28 13:48:39,801 [27693bd8-fb4b-4214-8f6f-61df0de82a87@group-4FE386A73824-SegmentedRaftLogWorker] INFO  segmented.SegmentedRaftLogWorker (SegmentedRaftLogWorker.java:execute(599)) - 27693bd8-fb4b-4214-8f6f-61df0de82a87@group-4FE386A73824-SegmentedRaftLogWorker: created new log segment /github/workspace/mnt/ozone/hadoop-ozone/integration-test/target/test-dir/MiniOzoneClusterImpl-bdf594c0-931e-4198-806f-06e591ff76c3/datanode-0/data/ratis/df853216-7ced-4cab-b66e-4fe386a73824/current/log_inprogress_0
2020-12-28 13:48:39,805 [grpc-default-executor-2] INFO  server.RaftServer$Division (ServerState.java:setRaftConf(374)) - e508d2ab-90e0-4998-a856-79bccff972e6@group-4FE386A73824: set configuration 0: [27693bd8-fb4b-4214-8f6f-61df0de82a87|rpc:172.17.0.2:35297|dataStream:, e508d2ab-90e0-4998-a856-79bccff972e6|rpc:172.17.0.2:35913|dataStream:, 332fbba1-841e-4633-be6b-7b3b7ad52219|rpc:172.17.0.2:37643|dataStream:], old=null at 0
2020-12-28 13:48:39,805 [grpc-default-executor-2] INFO  segmented.SegmentedRaftLogWorker (SegmentedRaftLogWorker.java:startLogSegment(392)) - e508d2ab-90e0-4998-a856-79bccff972e6@group-4FE386A73824-SegmentedRaftLogWorker: Starting segment from index:0
2020-12-28 13:48:39,807 [e508d2ab-90e0-4998-a856-79bccff972e6@group-4FE386A73824-SegmentedRaftLogWorker] INFO  segmented.SegmentedRaftLogWorker (SegmentedRaftLogWorker.java:execute(599)) - e508d2ab-90e0-4998-a856-79bccff972e6@group-4FE386A73824-SegmentedRaftLogWorker: created new log segment /github/workspace/mnt/ozone/hadoop-ozone/integration-test/target/test-dir/MiniOzoneClusterImpl-bdf594c0-931e-4198-806f-06e591ff76c3/datanode-2/data/ratis/df853216-7ced-4cab-b66e-4fe386a73824/current/log_inprogress_0
2020-12-28 13:48:39,861 [Thread-822] INFO  impl.FollowerState (FollowerState.java:run(133)) - 332fbba1-841e-4633-be6b-7b3b7ad52219@group-BAC69C5844B7-FollowerState: change to CANDIDATE, lastRpcElapsedTime:5075845686ns, electionTimeout:5074ms
2020-12-28 13:48:39,861 [Thread-822] INFO  impl.RoleInfo (RoleInfo.java:shutdownFollowerState(108)) - 332fbba1-841e-4633-be6b-7b3b7ad52219: shutdown 332fbba1-841e-4633-be6b-7b3b7ad52219@group-BAC69C5844B7-FollowerState
2020-12-28 13:48:39,862 [Thread-822] INFO  server.RaftServer$Division (RaftServerImpl.java:setRole(275)) - 332fbba1-841e-4633-be6b-7b3b7ad52219@group-BAC69C5844B7: changes role from  FOLLOWER to CANDIDATE at term 0 for changeToCandidate
2020-12-28 13:48:39,862 [Thread-822] INFO  impl.RoleInfo (RoleInfo.java:updateAndGet(130)) - 332fbba1-841e-4633-be6b-7b3b7ad52219: start 332fbba1-841e-4633-be6b-7b3b7ad52219@group-BAC69C5844B7-LeaderElection11
2020-12-28 13:48:39,869 [332fbba1-841e-4633-be6b-7b3b7ad52219@group-BAC69C5844B7-LeaderElection11] INFO  impl.LeaderElection (LeaderElection.java:askForVotes(219)) - 332fbba1-841e-4633-be6b-7b3b7ad52219@group-BAC69C5844B7-LeaderElection11: begin an election at term 1 for -1: [332fbba1-841e-4633-be6b-7b3b7ad52219|rpc:172.17.0.2:37643], old=null
2020-12-28 13:48:39,869 [332fbba1-841e-4633-be6b-7b3b7ad52219@group-BAC69C5844B7-LeaderElection11] INFO  impl.RoleInfo (RoleInfo.java:shutdownLeaderElection(121)) - 332fbba1-841e-4633-be6b-7b3b7ad52219: shutdown 332fbba1-841e-4633-be6b-7b3b7ad52219@group-BAC69C5844B7-LeaderElection11
2020-12-28 13:48:39,869 [332fbba1-841e-4633-be6b-7b3b7ad52219@group-BAC69C5844B7-LeaderElection11] INFO  server.RaftServer$Division (RaftServerImpl.java:setRole(275)) - 332fbba1-841e-4633-be6b-7b3b7ad52219@group-BAC69C5844B7: changes role from CANDIDATE to LEADER at term 1 for changeToLeader
2020-12-28 13:48:39,869 [332fbba1-841e-4633-be6b-7b3b7ad52219@group-BAC69C5844B7-LeaderElection11] INFO  ratis.XceiverServerRatis (XceiverServerRatis.java:handleLeaderChangedNotification(862)) - Leader change notification received for group: group-BAC69C5844B7 with new leaderId: 332fbba1-841e-4633-be6b-7b3b7ad52219
2020-12-28 13:48:39,869 [332fbba1-841e-4633-be6b-7b3b7ad52219@group-BAC69C5844B7-LeaderElection11] INFO  server.RaftServer$Division (ServerState.java:setLeader(258)) - 332fbba1-841e-4633-be6b-7b3b7ad52219@group-BAC69C5844B7: change Leader from null to 332fbba1-841e-4633-be6b-7b3b7ad52219 at term 1 for becomeLeader, leader elected after 5091ms
2020-12-28 13:48:39,869 [332fbba1-841e-4633-be6b-7b3b7ad52219@group-BAC69C5844B7-LeaderElection11] INFO  server.RaftServerConfigKeys (ConfUtils.java:logGet(44)) - raft.server.staging.catchup.gap = 1000 (default)
2020-12-28 13:48:39,869 [332fbba1-841e-4633-be6b-7b3b7ad52219@group-BAC69C5844B7-LeaderElection11] INFO  metrics.RatisMetrics (RatisMetrics.java:lambda$create$0(36)) - Creating Metrics Registry : ratis.log_appender.332fbba1-841e-4633-be6b-7b3b7ad52219@group-BAC69C5844B7
2020-12-28 13:48:39,870 [332fbba1-841e-4633-be6b-7b3b7ad52219@group-BAC69C5844B7-LeaderElection11] INFO  server.RaftServerConfigKeys (ConfUtils.java:logGet(44)) - raft.server.write.element-limit = 1024 (custom)
2020-12-28 13:48:39,873 [332fbba1-841e-4633-be6b-7b3b7ad52219@group-BAC69C5844B7-LeaderElection11] INFO  server.RaftServerConfigKeys (ConfUtils.java:logGet(44)) - raft.server.write.byte-limit = 1073741824 (custom)
2020-12-28 13:48:39,873 [332fbba1-841e-4633-be6b-7b3b7ad52219@group-BAC69C5844B7-LeaderElection11] INFO  server.RaftServerConfigKeys (ConfUtils.java:logGet(44)) - raft.server.watch.timeout = 180s (custom)
2020-12-28 13:48:39,873 [332fbba1-841e-4633-be6b-7b3b7ad52219@group-BAC69C5844B7-LeaderElection11] INFO  server.RaftServerConfigKeys (ConfUtils.java:logGet(44)) - raft.server.watch.timeout.denomination = 1s (default)
2020-12-28 13:48:39,874 [332fbba1-841e-4633-be6b-7b3b7ad52219@group-BAC69C5844B7-LeaderElection11] INFO  server.RaftServerConfigKeys (ConfUtils.java:logGet(44)) - raft.server.watch.element-limit = 65536 (default)
2020-12-28 13:48:39,874 [332fbba1-841e-4633-be6b-7b3b7ad52219@group-BAC69C5844B7-LeaderElection11] INFO  impl.RoleInfo (RoleInfo.java:updateAndGet(130)) - 332fbba1-841e-4633-be6b-7b3b7ad52219: start 332fbba1-841e-4633-be6b-7b3b7ad52219@group-BAC69C5844B7-LeaderStateImpl
2020-12-28 13:48:39,874 [332fbba1-841e-4633-be6b-7b3b7ad52219@group-BAC69C5844B7-LeaderElection11] INFO  segmented.SegmentedRaftLogWorker (SegmentedRaftLogWorker.java:startLogSegment(392)) - 332fbba1-841e-4633-be6b-7b3b7ad52219@group-BAC69C5844B7-SegmentedRaftLogWorker: Starting segment from index:0
2020-12-28 13:48:39,875 [332fbba1-841e-4633-be6b-7b3b7ad52219@group-BAC69C5844B7-LeaderElection11] INFO  server.RaftServer$Division (ServerState.java:setRaftConf(374)) - 332fbba1-841e-4633-be6b-7b3b7ad52219@group-BAC69C5844B7: set configuration 0: [332fbba1-841e-4633-be6b-7b3b7ad52219|rpc:172.17.0.2:37643|dataStream:], old=null at 0
2020-12-28 13:48:39,877 [332fbba1-841e-4633-be6b-7b3b7ad52219@group-BAC69C5844B7-SegmentedRaftLogWorker] INFO  segmented.SegmentedRaftLogWorker (SegmentedRaftLogWorker.java:execute(599)) - 332fbba1-841e-4633-be6b-7b3b7ad52219@group-BAC69C5844B7-SegmentedRaftLogWorker: created new log segment /github/workspace/mnt/ozone/hadoop-ozone/integration-test/target/test-dir/MiniOzoneClusterImpl-bdf594c0-931e-4198-806f-06e591ff76c3/datanode-1/data/ratis/25e8ea36-1b59-4c27-9d74-bac69c5844b7/current/log_inprogress_0
2020-12-28 13:48:40,142 [Thread-824] INFO  impl.FollowerState (FollowerState.java:run(133)) - e508d2ab-90e0-4998-a856-79bccff972e6@group-8D24F49300F7-FollowerState: change to CANDIDATE, lastRpcElapsedTime:5148968493ns, electionTimeout:5147ms
2020-12-28 13:48:40,143 [Thread-824] INFO  impl.RoleInfo (RoleInfo.java:shutdownFollowerState(108)) - e508d2ab-90e0-4998-a856-79bccff972e6: shutdown e508d2ab-90e0-4998-a856-79bccff972e6@group-8D24F49300F7-FollowerState
2020-12-28 13:48:40,143 [Thread-824] INFO  server.RaftServer$Division (RaftServerImpl.java:setRole(275)) - e508d2ab-90e0-4998-a856-79bccff972e6@group-8D24F49300F7: changes role from  FOLLOWER to CANDIDATE at term 0 for changeToCandidate
2020-12-28 13:48:40,143 [Thread-824] INFO  impl.RoleInfo (RoleInfo.java:updateAndGet(130)) - e508d2ab-90e0-4998-a856-79bccff972e6: start e508d2ab-90e0-4998-a856-79bccff972e6@group-8D24F49300F7-LeaderElection12
2020-12-28 13:48:40,147 [e508d2ab-90e0-4998-a856-79bccff972e6@group-8D24F49300F7-LeaderElection12] INFO  impl.LeaderElection (LeaderElection.java:askForVotes(219)) - e508d2ab-90e0-4998-a856-79bccff972e6@group-8D24F49300F7-LeaderElection12: begin an election at term 1 for -1: [e508d2ab-90e0-4998-a856-79bccff972e6|rpc:172.17.0.2:35913], old=null
2020-12-28 13:48:40,148 [e508d2ab-90e0-4998-a856-79bccff972e6@group-8D24F49300F7-LeaderElection12] INFO  impl.RoleInfo (RoleInfo.java:shutdownLeaderElection(121)) - e508d2ab-90e0-4998-a856-79bccff972e6: shutdown e508d2ab-90e0-4998-a856-79bccff972e6@group-8D24F49300F7-LeaderElection12
2020-12-28 13:48:40,148 [e508d2ab-90e0-4998-a856-79bccff972e6@group-8D24F49300F7-LeaderElection12] INFO  server.RaftServer$Division (RaftServerImpl.java:setRole(275)) - e508d2ab-90e0-4998-a856-79bccff972e6@group-8D24F49300F7: changes role from CANDIDATE to LEADER at term 1 for changeToLeader
2020-12-28 13:48:40,148 [e508d2ab-90e0-4998-a856-79bccff972e6@group-8D24F49300F7-LeaderElection12] INFO  ratis.XceiverServerRatis (XceiverServerRatis.java:handleLeaderChangedNotification(862)) - Leader change notification received for group: group-8D24F49300F7 with new leaderId: e508d2ab-90e0-4998-a856-79bccff972e6
2020-12-28 13:48:40,148 [e508d2ab-90e0-4998-a856-79bccff972e6@group-8D24F49300F7-LeaderElection12] INFO  server.RaftServer$Division (ServerState.java:setLeader(258)) - e508d2ab-90e0-4998-a856-79bccff972e6@group-8D24F49300F7: change Leader from null to e508d2ab-90e0-4998-a856-79bccff972e6 at term 1 for becomeLeader, leader elected after 5165ms
2020-12-28 13:48:40,149 [e508d2ab-90e0-4998-a856-79bccff972e6@group-8D24F49300F7-LeaderElection12] INFO  server.RaftServerConfigKeys (ConfUtils.java:logGet(44)) - raft.server.staging.catchup.gap = 1000 (default)
2020-12-28 13:48:40,149 [e508d2ab-90e0-4998-a856-79bccff972e6@group-8D24F49300F7-LeaderElection12] INFO  metrics.RatisMetrics (RatisMetrics.java:lambda$create$0(36)) - Creating Metrics Registry : ratis.log_appender.e508d2ab-90e0-4998-a856-79bccff972e6@group-8D24F49300F7
2020-12-28 13:48:40,149 [e508d2ab-90e0-4998-a856-79bccff972e6@group-8D24F49300F7-LeaderElection12] INFO  server.RaftServerConfigKeys (ConfUtils.java:logGet(44)) - raft.server.write.element-limit = 1024 (custom)
2020-12-28 13:48:40,150 [e508d2ab-90e0-4998-a856-79bccff972e6@group-8D24F49300F7-LeaderElection12] INFO  server.RaftServerConfigKeys (ConfUtils.java:logGet(44)) - raft.server.write.byte-limit = 1073741824 (custom)
2020-12-28 13:48:40,151 [e508d2ab-90e0-4998-a856-79bccff972e6@group-8D24F49300F7-LeaderElection12] INFO  server.RaftServerConfigKeys (ConfUtils.java:logGet(44)) - raft.server.watch.timeout = 180s (custom)
2020-12-28 13:48:40,151 [e508d2ab-90e0-4998-a856-79bccff972e6@group-8D24F49300F7-LeaderElection12] INFO  server.RaftServerConfigKeys (ConfUtils.java:logGet(44)) - raft.server.watch.timeout.denomination = 1s (default)
2020-12-28 13:48:40,151 [e508d2ab-90e0-4998-a856-79bccff972e6@group-8D24F49300F7-LeaderElection12] INFO  server.RaftServerConfigKeys (ConfUtils.java:logGet(44)) - raft.server.watch.element-limit = 65536 (default)
2020-12-28 13:48:40,151 [e508d2ab-90e0-4998-a856-79bccff972e6@group-8D24F49300F7-LeaderElection12] INFO  impl.RoleInfo (RoleInfo.java:updateAndGet(130)) - e508d2ab-90e0-4998-a856-79bccff972e6: start e508d2ab-90e0-4998-a856-79bccff972e6@group-8D24F49300F7-LeaderStateImpl
2020-12-28 13:48:40,151 [e508d2ab-90e0-4998-a856-79bccff972e6@group-8D24F49300F7-LeaderElection12] INFO  segmented.SegmentedRaftLogWorker (SegmentedRaftLogWorker.java:startLogSegment(392)) - e508d2ab-90e0-4998-a856-79bccff972e6@group-8D24F49300F7-SegmentedRaftLogWorker: Starting segment from index:0
2020-12-28 13:48:40,156 [e508d2ab-90e0-4998-a856-79bccff972e6@group-8D24F49300F7-LeaderElection12] INFO  server.RaftServer$Division (ServerState.java:setRaftConf(374)) - e508d2ab-90e0-4998-a856-79bccff972e6@group-8D24F49300F7: set configuration 0: [e508d2ab-90e0-4998-a856-79bccff972e6|rpc:172.17.0.2:35913|dataStream:], old=null at 0
2020-12-28 13:48:40,157 [e508d2ab-90e0-4998-a856-79bccff972e6@group-8D24F49300F7-SegmentedRaftLogWorker] INFO  segmented.SegmentedRaftLogWorker (SegmentedRaftLogWorker.java:execute(599)) - e508d2ab-90e0-4998-a856-79bccff972e6@group-8D24F49300F7-SegmentedRaftLogWorker: created new log segment /github/workspace/mnt/ozone/hadoop-ozone/integration-test/target/test-dir/MiniOzoneClusterImpl-bdf594c0-931e-4198-806f-06e591ff76c3/datanode-2/data/ratis/eef1fea6-9141-4155-aa8f-8d24f49300f7/current/log_inprogress_0
2020-12-28 13:48:40,308 [Thread-833] INFO  impl.FollowerState (FollowerState.java:run(133)) - d7483ff8-d446-4b93-ae84-b7d33969bf66@group-70A148EB6A12-FollowerState: change to CANDIDATE, lastRpcElapsedTime:5035471467ns, electionTimeout:5032ms
2020-12-28 13:48:40,309 [Thread-833] INFO  impl.RoleInfo (RoleInfo.java:shutdownFollowerState(108)) - d7483ff8-d446-4b93-ae84-b7d33969bf66: shutdown d7483ff8-d446-4b93-ae84-b7d33969bf66@group-70A148EB6A12-FollowerState
2020-12-28 13:48:40,309 [Thread-833] INFO  server.RaftServer$Division (RaftServerImpl.java:setRole(275)) - d7483ff8-d446-4b93-ae84-b7d33969bf66@group-70A148EB6A12: changes role from  FOLLOWER to CANDIDATE at term 0 for changeToCandidate
2020-12-28 13:48:40,309 [Thread-833] INFO  impl.RoleInfo (RoleInfo.java:updateAndGet(130)) - d7483ff8-d446-4b93-ae84-b7d33969bf66: start d7483ff8-d446-4b93-ae84-b7d33969bf66@group-70A148EB6A12-LeaderElection13
2020-12-28 13:48:40,318 [d7483ff8-d446-4b93-ae84-b7d33969bf66@group-70A148EB6A12-LeaderElection13] INFO  impl.LeaderElection (LeaderElection.java:askForVotes(219)) - d7483ff8-d446-4b93-ae84-b7d33969bf66@group-70A148EB6A12-LeaderElection13: begin an election at term 1 for -1: [d7483ff8-d446-4b93-ae84-b7d33969bf66|rpc:172.17.0.2:43973|dataStream:, ede2715c-525a-43bb-bbef-11d8a10627b5|rpc:172.17.0.2:40065|dataStream:, c5825b16-4892-462f-82e3-ba8f99a31f50|rpc:172.17.0.2:36229|dataStream:], old=null
2020-12-28 13:48:40,331 [Thread-826] INFO  impl.FollowerState (FollowerState.java:run(133)) - ede2715c-525a-43bb-bbef-11d8a10627b5@group-F5F70914B4CF-FollowerState: change to CANDIDATE, lastRpcElapsedTime:5128243919ns, electionTimeout:5127ms
2020-12-28 13:48:40,331 [Thread-826] INFO  impl.RoleInfo (RoleInfo.java:shutdownFollowerState(108)) - ede2715c-525a-43bb-bbef-11d8a10627b5: shutdown ede2715c-525a-43bb-bbef-11d8a10627b5@group-F5F70914B4CF-FollowerState
2020-12-28 13:48:40,331 [Thread-826] INFO  server.RaftServer$Division (RaftServerImpl.java:setRole(275)) - ede2715c-525a-43bb-bbef-11d8a10627b5@group-F5F70914B4CF: changes role from  FOLLOWER to CANDIDATE at term 0 for changeToCandidate
2020-12-28 13:48:40,331 [grpc-default-executor-2] INFO  metrics.RatisMetrics (RatisMetrics.java:lambda$create$0(36)) - Creating Metrics Registry : ratis.server_message_metrics.ede2715c-525a-43bb-bbef-11d8a10627b5
2020-12-28 13:48:40,340 [Thread-826] INFO  impl.RoleInfo (RoleInfo.java:updateAndGet(130)) - ede2715c-525a-43bb-bbef-11d8a10627b5: start ede2715c-525a-43bb-bbef-11d8a10627b5@group-F5F70914B4CF-LeaderElection14
2020-12-28 13:48:40,340 [grpc-default-executor-2] INFO  server.RaftServer$Division (RaftServerImpl.java:setRole(275)) - ede2715c-525a-43bb-bbef-11d8a10627b5@group-70A148EB6A12: changes role from  FOLLOWER to FOLLOWER at term 1 for recognizeCandidate:d7483ff8-d446-4b93-ae84-b7d33969bf66
2020-12-28 13:48:40,340 [grpc-default-executor-2] INFO  impl.RoleInfo (RoleInfo.java:shutdownFollowerState(108)) - ede2715c-525a-43bb-bbef-11d8a10627b5: shutdown ede2715c-525a-43bb-bbef-11d8a10627b5@group-70A148EB6A12-FollowerState
2020-12-28 13:48:40,347 [grpc-default-executor-2] INFO  impl.RoleInfo (RoleInfo.java:updateAndGet(130)) - ede2715c-525a-43bb-bbef-11d8a10627b5: start ede2715c-525a-43bb-bbef-11d8a10627b5@group-70A148EB6A12-FollowerState
2020-12-28 13:48:40,347 [Thread-828] INFO  impl.FollowerState (FollowerState.java:run(142)) - ede2715c-525a-43bb-bbef-11d8a10627b5@group-70A148EB6A12-FollowerState was interrupted: {}
java.lang.InterruptedException: sleep interrupted
	at java.lang.Thread.sleep(Native Method)
	at java.lang.Thread.sleep(Thread.java:340)
	at java.util.concurrent.TimeUnit.sleep(TimeUnit.java:386)
	at org.apache.ratis.util.TimeDuration.sleep(TimeDuration.java:319)
	at org.apache.ratis.util.TimeDuration.sleep(TimeDuration.java:304)
	at org.apache.ratis.server.impl.FollowerState.run(FollowerState.java:117)
2020-12-28 13:48:40,352 [grpc-default-executor-2] INFO  server.RaftServer$Division (RaftServerImpl.java:requestVote(983)) -  FOLLOWER ede2715c-525a-43bb-bbef-11d8a10627b5@group-70A148EB6A12:t1, leader=null, voted=null, raftlog=ede2715c-525a-43bb-bbef-11d8a10627b5@group-70A148EB6A12-SegmentedRaftLog:OPENED:c-1,f-1,i0, conf=-1: [d7483ff8-d446-4b93-ae84-b7d33969bf66|rpc:172.17.0.2:43973, ede2715c-525a-43bb-bbef-11d8a10627b5|rpc:172.17.0.2:40065, c5825b16-4892-462f-82e3-ba8f99a31f50|rpc:172.17.0.2:36229], old=null RUNNING priority:0 candidate:d7483ff8-d446-4b93-ae84-b7d33969bf66|rpc:172.17.0.2:43973 candidatePriority:0 compare:0
2020-12-28 13:48:40,354 [ede2715c-525a-43bb-bbef-11d8a10627b5@group-F5F70914B4CF-LeaderElection14] INFO  impl.LeaderElection (LeaderElection.java:askForVotes(219)) - ede2715c-525a-43bb-bbef-11d8a10627b5@group-F5F70914B4CF-LeaderElection14: begin an election at term 1 for -1: [ede2715c-525a-43bb-bbef-11d8a10627b5|rpc:172.17.0.2:40065], old=null
2020-12-28 13:48:40,354 [ede2715c-525a-43bb-bbef-11d8a10627b5@group-F5F70914B4CF-LeaderElection14] INFO  impl.RoleInfo (RoleInfo.java:shutdownLeaderElection(121)) - ede2715c-525a-43bb-bbef-11d8a10627b5: shutdown ede2715c-525a-43bb-bbef-11d8a10627b5@group-F5F70914B4CF-LeaderElection14
2020-12-28 13:48:40,354 [ede2715c-525a-43bb-bbef-11d8a10627b5@group-F5F70914B4CF-LeaderElection14] INFO  server.RaftServer$Division (RaftServerImpl.java:setRole(275)) - ede2715c-525a-43bb-bbef-11d8a10627b5@group-F5F70914B4CF: changes role from CANDIDATE to LEADER at term 1 for changeToLeader
2020-12-28 13:48:40,354 [ede2715c-525a-43bb-bbef-11d8a10627b5@group-F5F70914B4CF-LeaderElection14] INFO  ratis.XceiverServerRatis (XceiverServerRatis.java:handleLeaderChangedNotification(862)) - Leader change notification received for group: group-F5F70914B4CF with new leaderId: ede2715c-525a-43bb-bbef-11d8a10627b5
2020-12-28 13:48:40,356 [ede2715c-525a-43bb-bbef-11d8a10627b5@group-F5F70914B4CF-LeaderElection14] INFO  server.RaftServer$Division (ServerState.java:setLeader(258)) - ede2715c-525a-43bb-bbef-11d8a10627b5@group-F5F70914B4CF: change Leader from null to ede2715c-525a-43bb-bbef-11d8a10627b5 at term 1 for becomeLeader, leader elected after 5160ms
2020-12-28 13:48:40,357 [grpc-default-executor-2] INFO  server.RaftServer$Division (RaftServerImpl.java:setRole(275)) - c5825b16-4892-462f-82e3-ba8f99a31f50@group-70A148EB6A12: changes role from  FOLLOWER to FOLLOWER at term 1 for recognizeCandidate:d7483ff8-d446-4b93-ae84-b7d33969bf66
2020-12-28 13:48:40,357 [grpc-default-executor-2] INFO  impl.RoleInfo (RoleInfo.java:shutdownFollowerState(108)) - c5825b16-4892-462f-82e3-ba8f99a31f50: shutdown c5825b16-4892-462f-82e3-ba8f99a31f50@group-70A148EB6A12-FollowerState
2020-12-28 13:48:40,357 [grpc-default-executor-2] INFO  impl.RoleInfo (RoleInfo.java:updateAndGet(130)) - c5825b16-4892-462f-82e3-ba8f99a31f50: start c5825b16-4892-462f-82e3-ba8f99a31f50@group-70A148EB6A12-FollowerState
2020-12-28 13:48:40,357 [ede2715c-525a-43bb-bbef-11d8a10627b5@group-F5F70914B4CF-LeaderElection14] INFO  server.RaftServerConfigKeys (ConfUtils.java:logGet(44)) - raft.server.staging.catchup.gap = 1000 (default)
2020-12-28 13:48:40,357 [grpc-default-executor-2] INFO  server.RaftServer$Division (RaftServerImpl.java:requestVote(983)) -  FOLLOWER c5825b16-4892-462f-82e3-ba8f99a31f50@group-70A148EB6A12:t1, leader=null, voted=null, raftlog=c5825b16-4892-462f-82e3-ba8f99a31f50@group-70A148EB6A12-SegmentedRaftLog:OPENED:c-1,f-1,i0, conf=-1: [d7483ff8-d446-4b93-ae84-b7d33969bf66|rpc:172.17.0.2:43973|dataStream:, ede2715c-525a-43bb-bbef-11d8a10627b5|rpc:172.17.0.2:40065|dataStream:, c5825b16-4892-462f-82e3-ba8f99a31f50|rpc:172.17.0.2:36229|dataStream:], old=null RUNNING priority:0 candidate:d7483ff8-d446-4b93-ae84-b7d33969bf66|rpc:172.17.0.2:43973|dataStream: candidatePriority:0 compare:0
2020-12-28 13:48:40,358 [Thread-830] INFO  impl.FollowerState (FollowerState.java:run(142)) - c5825b16-4892-462f-82e3-ba8f99a31f50@group-70A148EB6A12-FollowerState was interrupted: {}
java.lang.InterruptedException: sleep interrupted
	at java.lang.Thread.sleep(Native Method)
	at java.lang.Thread.sleep(Thread.java:340)
	at java.util.concurrent.TimeUnit.sleep(TimeUnit.java:386)
	at org.apache.ratis.util.TimeDuration.sleep(TimeDuration.java:319)
	at org.apache.ratis.util.TimeDuration.sleep(TimeDuration.java:304)
	at org.apache.ratis.server.impl.FollowerState.run(FollowerState.java:117)
2020-12-28 13:48:40,358 [d7483ff8-d446-4b93-ae84-b7d33969bf66@group-70A148EB6A12-LeaderElection13] INFO  impl.LeaderElection (LeaderElection.java:logAndReturn(68)) - d7483ff8-d446-4b93-ae84-b7d33969bf66@group-70A148EB6A12-LeaderElection13: Election PASSED; received 1 response(s) [d7483ff8-d446-4b93-ae84-b7d33969bf66<-ede2715c-525a-43bb-bbef-11d8a10627b5#0:OK-t1] and 0 exception(s); d7483ff8-d446-4b93-ae84-b7d33969bf66@group-70A148EB6A12:t1, leader=null, voted=d7483ff8-d446-4b93-ae84-b7d33969bf66, raftlog=d7483ff8-d446-4b93-ae84-b7d33969bf66@group-70A148EB6A12-SegmentedRaftLog:OPENED:c-1,f-1,i0, conf=-1: [d7483ff8-d446-4b93-ae84-b7d33969bf66|rpc:172.17.0.2:43973|dataStream:, ede2715c-525a-43bb-bbef-11d8a10627b5|rpc:172.17.0.2:40065|dataStream:, c5825b16-4892-462f-82e3-ba8f99a31f50|rpc:172.17.0.2:36229|dataStream:], old=null
2020-12-28 13:48:40,359 [d7483ff8-d446-4b93-ae84-b7d33969bf66@group-70A148EB6A12-LeaderElection13] INFO  impl.RoleInfo (RoleInfo.java:shutdownLeaderElection(121)) - d7483ff8-d446-4b93-ae84-b7d33969bf66: shutdown d7483ff8-d446-4b93-ae84-b7d33969bf66@group-70A148EB6A12-LeaderElection13
2020-12-28 13:48:40,359 [d7483ff8-d446-4b93-ae84-b7d33969bf66@group-70A148EB6A12-LeaderElection13] INFO  server.RaftServer$Division (RaftServerImpl.java:setRole(275)) - d7483ff8-d446-4b93-ae84-b7d33969bf66@group-70A148EB6A12: changes role from CANDIDATE to LEADER at term 1 for changeToLeader
2020-12-28 13:48:40,359 [d7483ff8-d446-4b93-ae84-b7d33969bf66@group-70A148EB6A12-LeaderElection13] INFO  ratis.XceiverServerRatis (XceiverServerRatis.java:handleLeaderChangedNotification(862)) - Leader change notification received for group: group-70A148EB6A12 with new leaderId: d7483ff8-d446-4b93-ae84-b7d33969bf66
2020-12-28 13:48:40,359 [d7483ff8-d446-4b93-ae84-b7d33969bf66@group-70A148EB6A12-LeaderElection13] INFO  server.RaftServer$Division (ServerState.java:setLeader(258)) - d7483ff8-d446-4b93-ae84-b7d33969bf66@group-70A148EB6A12: change Leader from null to d7483ff8-d446-4b93-ae84-b7d33969bf66 at term 1 for becomeLeader, leader elected after 5093ms
2020-12-28 13:48:40,359 [d7483ff8-d446-4b93-ae84-b7d33969bf66@group-70A148EB6A12-LeaderElection13] INFO  server.RaftServerConfigKeys (ConfUtils.java:logGet(44)) - raft.server.staging.catchup.gap = 1000 (default)
2020-12-28 13:48:40,359 [d7483ff8-d446-4b93-ae84-b7d33969bf66@group-70A148EB6A12-LeaderElection13] INFO  metrics.RatisMetrics (RatisMetrics.java:lambda$create$0(36)) - Creating Metrics Registry : ratis.log_appender.d7483ff8-d446-4b93-ae84-b7d33969bf66@group-70A148EB6A12
2020-12-28 13:48:40,360 [d7483ff8-d446-4b93-ae84-b7d33969bf66@group-70A148EB6A12-LeaderElection13] INFO  server.RaftServerConfigKeys (ConfUtils.java:logGet(44)) - raft.server.write.element-limit = 1024 (custom)
2020-12-28 13:48:40,360 [d7483ff8-d446-4b93-ae84-b7d33969bf66@group-70A148EB6A12-LeaderElection13] INFO  server.RaftServerConfigKeys (ConfUtils.java:logGet(44)) - raft.server.write.byte-limit = 1073741824 (custom)
2020-12-28 13:48:40,360 [d7483ff8-d446-4b93-ae84-b7d33969bf66@group-70A148EB6A12-LeaderElection13] INFO  server.RaftServerConfigKeys (ConfUtils.java:logGet(44)) - raft.server.watch.timeout = 180s (custom)
2020-12-28 13:48:40,360 [d7483ff8-d446-4b93-ae84-b7d33969bf66@group-70A148EB6A12-LeaderElection13] INFO  server.RaftServerConfigKeys (ConfUtils.java:logGet(44)) - raft.server.watch.timeout.denomination = 1s (default)
2020-12-28 13:48:40,360 [d7483ff8-d446-4b93-ae84-b7d33969bf66@group-70A148EB6A12-LeaderElection13] INFO  server.RaftServerConfigKeys (ConfUtils.java:logGet(44)) - raft.server.watch.element-limit = 65536 (default)
2020-12-28 13:48:40,360 [d7483ff8-d446-4b93-ae84-b7d33969bf66@group-70A148EB6A12-LeaderElection13] INFO  server.RaftServerConfigKeys (ConfUtils.java:logGet(44)) - raft.server.log.appender.snapshot.chunk.size.max = 16MB (=16777216) (default)
2020-12-28 13:48:40,360 [d7483ff8-d446-4b93-ae84-b7d33969bf66@group-70A148EB6A12-LeaderElection13] INFO  server.RaftServerConfigKeys (ConfUtils.java:logGet(44)) - raft.server.log.appender.buffer.byte-limit = 33554432 (custom)
2020-12-28 13:48:40,360 [d7483ff8-d446-4b93-ae84-b7d33969bf66@group-70A148EB6A12-LeaderElection13] INFO  server.RaftServerConfigKeys (ConfUtils.java:logGet(44)) - raft.server.log.appender.buffer.element-limit = 1 (custom)
2020-12-28 13:48:40,360 [d7483ff8-d446-4b93-ae84-b7d33969bf66@group-70A148EB6A12-LeaderElection13] INFO  grpc.GrpcConfigKeys (ConfUtils.java:logGet(44)) - raft.grpc.server.leader.outstanding.appends.max = 128 (default)
2020-12-28 13:48:40,360 [d7483ff8-d446-4b93-ae84-b7d33969bf66@group-70A148EB6A12-LeaderElection13] INFO  server.RaftServerConfigKeys (ConfUtils.java:logGet(44)) - raft.server.rpc.request.timeout = 60s (custom)
2020-12-28 13:48:40,361 [d7483ff8-d446-4b93-ae84-b7d33969bf66@group-70A148EB6A12-LeaderElection13] INFO  server.RaftServerConfigKeys (ConfUtils.java:logGet(44)) - raft.server.log.appender.install.snapshot.enabled = false (custom)
2020-12-28 13:48:40,361 [d7483ff8-d446-4b93-ae84-b7d33969bf66@group-70A148EB6A12-LeaderElection13] INFO  metrics.RatisMetrics (RatisMetrics.java:lambda$create$0(36)) - Creating Metrics Registry : ratis_grpc.log_appender.d7483ff8-d446-4b93-ae84-b7d33969bf66@group-70A148EB6A12
2020-12-28 13:48:40,362 [EventQueue-PipelineReportForPipelineReportHandler] INFO  pipeline.PipelineStateManager (PipelineStateManager.java:openPipeline(132)) - Pipeline Pipeline[ Id: 7358459d-60ce-490b-a741-70a148eb6a12, Nodes: c5825b16-4892-462f-82e3-ba8f99a31f50{ip: 172.17.0.2, host: 10028447f7ab, networkLocation: /default-rack, certSerialId: null, persistedOpState: IN_SERVICE, persistedOpStateExpiryEpochSec: 0}ede2715c-525a-43bb-bbef-11d8a10627b5{ip: 172.17.0.2, host: 10028447f7ab, networkLocation: /default-rack, certSerialId: null, persistedOpState: IN_SERVICE, persistedOpStateExpiryEpochSec: 0}d7483ff8-d446-4b93-ae84-b7d33969bf66{ip: 172.17.0.2, host: 10028447f7ab, networkLocation: /default-rack, certSerialId: null, persistedOpState: IN_SERVICE, persistedOpStateExpiryEpochSec: 0}, Type:RATIS, Factor:THREE, State:ALLOCATED, leaderId:d7483ff8-d446-4b93-ae84-b7d33969bf66, CreationTimestamp2020-12-28T13:48:32.531Z] moved to OPEN state
2020-12-28 13:48:40,358 [ede2715c-525a-43bb-bbef-11d8a10627b5@group-F5F70914B4CF-LeaderElection14] INFO  metrics.RatisMetrics (RatisMetrics.java:lambda$create$0(36)) - Creating Metrics Registry : ratis.log_appender.ede2715c-525a-43bb-bbef-11d8a10627b5@group-F5F70914B4CF
2020-12-28 13:48:40,364 [ede2715c-525a-43bb-bbef-11d8a10627b5@group-F5F70914B4CF-LeaderElection14] INFO  server.RaftServerConfigKeys (ConfUtils.java:logGet(44)) - raft.server.write.element-limit = 1024 (custom)
2020-12-28 13:48:40,364 [ede2715c-525a-43bb-bbef-11d8a10627b5@group-F5F70914B4CF-LeaderElection14] INFO  server.RaftServerConfigKeys (ConfUtils.java:logGet(44)) - raft.server.write.byte-limit = 1073741824 (custom)
2020-12-28 13:48:40,364 [ede2715c-525a-43bb-bbef-11d8a10627b5@group-F5F70914B4CF-LeaderElection14] INFO  server.RaftServerConfigKeys (ConfUtils.java:logGet(44)) - raft.server.watch.timeout = 180s (custom)
2020-12-28 13:48:40,364 [ede2715c-525a-43bb-bbef-11d8a10627b5@group-F5F70914B4CF-LeaderElection14] INFO  server.RaftServerConfigKeys (ConfUtils.java:logGet(44)) - raft.server.watch.timeout.denomination = 1s (default)
2020-12-28 13:48:40,365 [ede2715c-525a-43bb-bbef-11d8a10627b5@group-F5F70914B4CF-LeaderElection14] INFO  server.RaftServerConfigKeys (ConfUtils.java:logGet(44)) - raft.server.watch.element-limit = 65536 (default)
2020-12-28 13:48:40,365 [ede2715c-525a-43bb-bbef-11d8a10627b5@group-F5F70914B4CF-LeaderElection14] INFO  impl.RoleInfo (RoleInfo.java:updateAndGet(130)) - ede2715c-525a-43bb-bbef-11d8a10627b5: start ede2715c-525a-43bb-bbef-11d8a10627b5@group-F5F70914B4CF-LeaderStateImpl
2020-12-28 13:48:40,365 [ede2715c-525a-43bb-bbef-11d8a10627b5@group-F5F70914B4CF-LeaderElection14] INFO  segmented.SegmentedRaftLogWorker (SegmentedRaftLogWorker.java:startLogSegment(392)) - ede2715c-525a-43bb-bbef-11d8a10627b5@group-F5F70914B4CF-SegmentedRaftLogWorker: Starting segment from index:0
2020-12-28 13:48:40,362 [d7483ff8-d446-4b93-ae84-b7d33969bf66@group-70A148EB6A12-LeaderElection13] INFO  server.RaftServerConfigKeys (ConfUtils.java:logGet(44)) - raft.server.log.appender.snapshot.chunk.size.max = 16MB (=16777216) (default)
2020-12-28 13:48:40,368 [d7483ff8-d446-4b93-ae84-b7d33969bf66@group-70A148EB6A12-LeaderElection13] INFO  server.RaftServerConfigKeys (ConfUtils.java:logGet(44)) - raft.server.log.appender.buffer.byte-limit = 33554432 (custom)
2020-12-28 13:48:40,368 [d7483ff8-d446-4b93-ae84-b7d33969bf66@group-70A148EB6A12-LeaderElection13] INFO  server.RaftServerConfigKeys (ConfUtils.java:logGet(44)) - raft.server.log.appender.buffer.element-limit = 1 (custom)
2020-12-28 13:48:40,368 [d7483ff8-d446-4b93-ae84-b7d33969bf66@group-70A148EB6A12-LeaderElection13] INFO  grpc.GrpcConfigKeys (ConfUtils.java:logGet(44)) - raft.grpc.server.leader.outstanding.appends.max = 128 (default)
2020-12-28 13:48:40,368 [d7483ff8-d446-4b93-ae84-b7d33969bf66@group-70A148EB6A12-LeaderElection13] INFO  server.RaftServerConfigKeys (ConfUtils.java:logGet(44)) - raft.server.rpc.request.timeout = 60s (custom)
2020-12-28 13:48:40,368 [ede2715c-525a-43bb-bbef-11d8a10627b5@group-F5F70914B4CF-SegmentedRaftLogWorker] INFO  segmented.SegmentedRaftLogWorker (SegmentedRaftLogWorker.java:execute(599)) - ede2715c-525a-43bb-bbef-11d8a10627b5@group-F5F70914B4CF-SegmentedRaftLogWorker: created new log segment /github/workspace/mnt/ozone/hadoop-ozone/integration-test/target/test-dir/MiniOzoneClusterImpl-bdf594c0-931e-4198-806f-06e591ff76c3/datanode-3/data/ratis/90cc7fe8-532a-4f23-bad5-f5f70914b4cf/current/log_inprogress_0
2020-12-28 13:48:40,368 [ede2715c-525a-43bb-bbef-11d8a10627b5@group-F5F70914B4CF-LeaderElection14] INFO  server.RaftServer$Division (ServerState.java:setRaftConf(374)) - ede2715c-525a-43bb-bbef-11d8a10627b5@group-F5F70914B4CF: set configuration 0: [ede2715c-525a-43bb-bbef-11d8a10627b5|rpc:172.17.0.2:40065|dataStream:], old=null at 0
2020-12-28 13:48:40,368 [d7483ff8-d446-4b93-ae84-b7d33969bf66@group-70A148EB6A12-LeaderElection13] INFO  server.RaftServerConfigKeys (ConfUtils.java:logGet(44)) - raft.server.log.appender.install.snapshot.enabled = false (custom)
2020-12-28 13:48:40,370 [d7483ff8-d446-4b93-ae84-b7d33969bf66@group-70A148EB6A12-LeaderElection13] INFO  impl.RoleInfo (RoleInfo.java:updateAndGet(130)) - d7483ff8-d446-4b93-ae84-b7d33969bf66: start d7483ff8-d446-4b93-ae84-b7d33969bf66@group-70A148EB6A12-LeaderStateImpl
2020-12-28 13:48:40,370 [d7483ff8-d446-4b93-ae84-b7d33969bf66@group-70A148EB6A12-LeaderElection13] INFO  segmented.SegmentedRaftLogWorker (SegmentedRaftLogWorker.java:startLogSegment(392)) - d7483ff8-d446-4b93-ae84-b7d33969bf66@group-70A148EB6A12-SegmentedRaftLogWorker: Starting segment from index:0
2020-12-28 13:48:40,380 [d7483ff8-d446-4b93-ae84-b7d33969bf66@group-70A148EB6A12-LeaderElection13] INFO  server.RaftServer$Division (ServerState.java:setRaftConf(374)) - d7483ff8-d446-4b93-ae84-b7d33969bf66@group-70A148EB6A12: set configuration 0: [d7483ff8-d446-4b93-ae84-b7d33969bf66|rpc:172.17.0.2:43973|dataStream:, ede2715c-525a-43bb-bbef-11d8a10627b5|rpc:172.17.0.2:40065|dataStream:, c5825b16-4892-462f-82e3-ba8f99a31f50|rpc:172.17.0.2:36229|dataStream:], old=null at 0
2020-12-28 13:48:40,381 [d7483ff8-d446-4b93-ae84-b7d33969bf66@group-70A148EB6A12-SegmentedRaftLogWorker] INFO  segmented.SegmentedRaftLogWorker (SegmentedRaftLogWorker.java:execute(599)) - d7483ff8-d446-4b93-ae84-b7d33969bf66@group-70A148EB6A12-SegmentedRaftLogWorker: created new log segment /github/workspace/mnt/ozone/hadoop-ozone/integration-test/target/test-dir/MiniOzoneClusterImpl-bdf594c0-931e-4198-806f-06e591ff76c3/datanode-5/data/ratis/7358459d-60ce-490b-a741-70a148eb6a12/current/log_inprogress_0
2020-12-28 13:48:40,387 [grpc-default-executor-2] INFO  ratis.XceiverServerRatis (XceiverServerRatis.java:handleLeaderChangedNotification(862)) - Leader change notification received for group: group-70A148EB6A12 with new leaderId: d7483ff8-d446-4b93-ae84-b7d33969bf66
2020-12-28 13:48:40,387 [grpc-default-executor-2] INFO  server.RaftServer$Division (ServerState.java:setLeader(258)) - ede2715c-525a-43bb-bbef-11d8a10627b5@group-70A148EB6A12: change Leader from null to d7483ff8-d446-4b93-ae84-b7d33969bf66 at term 1 for appendEntries, leader elected after 5178ms
2020-12-28 13:48:40,392 [grpc-default-executor-2] INFO  server.RaftServer$Division (ServerState.java:setRaftConf(374)) - ede2715c-525a-43bb-bbef-11d8a10627b5@group-70A148EB6A12: set configuration 0: [d7483ff8-d446-4b93-ae84-b7d33969bf66|rpc:172.17.0.2:43973|dataStream:, ede2715c-525a-43bb-bbef-11d8a10627b5|rpc:172.17.0.2:40065|dataStream:, c5825b16-4892-462f-82e3-ba8f99a31f50|rpc:172.17.0.2:36229|dataStream:], old=null at 0
2020-12-28 13:48:40,392 [grpc-default-executor-2] INFO  segmented.SegmentedRaftLogWorker (SegmentedRaftLogWorker.java:startLogSegment(392)) - ede2715c-525a-43bb-bbef-11d8a10627b5@group-70A148EB6A12-SegmentedRaftLogWorker: Starting segment from index:0
2020-12-28 13:48:40,394 [grpc-default-executor-1] INFO  ratis.XceiverServerRatis (XceiverServerRatis.java:handleLeaderChangedNotification(862)) - Leader change notification received for group: group-70A148EB6A12 with new leaderId: d7483ff8-d446-4b93-ae84-b7d33969bf66
2020-12-28 13:48:40,395 [grpc-default-executor-1] INFO  server.RaftServer$Division (ServerState.java:setLeader(258)) - c5825b16-4892-462f-82e3-ba8f99a31f50@group-70A148EB6A12: change Leader from null to d7483ff8-d446-4b93-ae84-b7d33969bf66 at term 1 for appendEntries, leader elected after 5163ms
2020-12-28 13:48:40,395 [ede2715c-525a-43bb-bbef-11d8a10627b5@group-70A148EB6A12-SegmentedRaftLogWorker] INFO  segmented.SegmentedRaftLogWorker (SegmentedRaftLogWorker.java:execute(599)) - ede2715c-525a-43bb-bbef-11d8a10627b5@group-70A148EB6A12-SegmentedRaftLogWorker: created new log segment /github/workspace/mnt/ozone/hadoop-ozone/integration-test/target/test-dir/MiniOzoneClusterImpl-bdf594c0-931e-4198-806f-06e591ff76c3/datanode-3/data/ratis/7358459d-60ce-490b-a741-70a148eb6a12/current/log_inprogress_0
2020-12-28 13:48:40,397 [grpc-default-executor-1] INFO  server.RaftServer$Division (ServerState.java:setRaftConf(374)) - c5825b16-4892-462f-82e3-ba8f99a31f50@group-70A148EB6A12: set configuration 0: [d7483ff8-d446-4b93-ae84-b7d33969bf66|rpc:172.17.0.2:43973|dataStream:, ede2715c-525a-43bb-bbef-11d8a10627b5|rpc:172.17.0.2:40065|dataStream:, c5825b16-4892-462f-82e3-ba8f99a31f50|rpc:172.17.0.2:36229|dataStream:], old=null at 0
2020-12-28 13:48:40,398 [grpc-default-executor-1] INFO  segmented.SegmentedRaftLogWorker (SegmentedRaftLogWorker.java:startLogSegment(392)) - c5825b16-4892-462f-82e3-ba8f99a31f50@group-70A148EB6A12-SegmentedRaftLogWorker: Starting segment from index:0
2020-12-28 13:48:40,399 [c5825b16-4892-462f-82e3-ba8f99a31f50@group-70A148EB6A12-SegmentedRaftLogWorker] INFO  segmented.SegmentedRaftLogWorker (SegmentedRaftLogWorker.java:execute(599)) - c5825b16-4892-462f-82e3-ba8f99a31f50@group-70A148EB6A12-SegmentedRaftLogWorker: created new log segment /github/workspace/mnt/ozone/hadoop-ozone/integration-test/target/test-dir/MiniOzoneClusterImpl-bdf594c0-931e-4198-806f-06e591ff76c3/datanode-4/data/ratis/7358459d-60ce-490b-a741-70a148eb6a12/current/log_inprogress_0
2020-12-28 13:48:40,404 [Thread-836] INFO  impl.FollowerState (FollowerState.java:run(133)) - c5825b16-4892-462f-82e3-ba8f99a31f50@group-D4CE2357A7C1-FollowerState: change to CANDIDATE, lastRpcElapsedTime:5044158266ns, electionTimeout:5043ms
2020-12-28 13:48:40,404 [Thread-836] INFO  impl.RoleInfo (RoleInfo.java:shutdownFollowerState(108)) - c5825b16-4892-462f-82e3-ba8f99a31f50: shutdown c5825b16-4892-462f-82e3-ba8f99a31f50@group-D4CE2357A7C1-FollowerState
2020-12-28 13:48:40,404 [Thread-836] INFO  server.RaftServer$Division (RaftServerImpl.java:setRole(275)) - c5825b16-4892-462f-82e3-ba8f99a31f50@group-D4CE2357A7C1: changes role from  FOLLOWER to CANDIDATE at term 0 for changeToCandidate
2020-12-28 13:48:40,404 [Thread-836] INFO  impl.RoleInfo (RoleInfo.java:updateAndGet(130)) - c5825b16-4892-462f-82e3-ba8f99a31f50: start c5825b16-4892-462f-82e3-ba8f99a31f50@group-D4CE2357A7C1-LeaderElection15
2020-12-28 13:48:40,418 [c5825b16-4892-462f-82e3-ba8f99a31f50@group-D4CE2357A7C1-LeaderElection15] INFO  impl.LeaderElection (LeaderElection.java:askForVotes(219)) - c5825b16-4892-462f-82e3-ba8f99a31f50@group-D4CE2357A7C1-LeaderElection15: begin an election at term 1 for -1: [c5825b16-4892-462f-82e3-ba8f99a31f50|rpc:172.17.0.2:36229], old=null
2020-12-28 13:48:40,418 [c5825b16-4892-462f-82e3-ba8f99a31f50@group-D4CE2357A7C1-LeaderElection15] INFO  impl.RoleInfo (RoleInfo.java:shutdownLeaderElection(121)) - c5825b16-4892-462f-82e3-ba8f99a31f50: shutdown c5825b16-4892-462f-82e3-ba8f99a31f50@group-D4CE2357A7C1-LeaderElection15
2020-12-28 13:48:40,418 [c5825b16-4892-462f-82e3-ba8f99a31f50@group-D4CE2357A7C1-LeaderElection15] INFO  server.RaftServer$Division (RaftServerImpl.java:setRole(275)) - c5825b16-4892-462f-82e3-ba8f99a31f50@group-D4CE2357A7C1: changes role from CANDIDATE to LEADER at term 1 for changeToLeader
2020-12-28 13:48:40,418 [c5825b16-4892-462f-82e3-ba8f99a31f50@group-D4CE2357A7C1-LeaderElection15] INFO  ratis.XceiverServerRatis (XceiverServerRatis.java:handleLeaderChangedNotification(862)) - Leader change notification received for group: group-D4CE2357A7C1 with new leaderId: c5825b16-4892-462f-82e3-ba8f99a31f50
2020-12-28 13:48:40,418 [c5825b16-4892-462f-82e3-ba8f99a31f50@group-D4CE2357A7C1-LeaderElection15] INFO  server.RaftServer$Division (ServerState.java:setLeader(258)) - c5825b16-4892-462f-82e3-ba8f99a31f50@group-D4CE2357A7C1: change Leader from null to c5825b16-4892-462f-82e3-ba8f99a31f50 at term 1 for becomeLeader, leader elected after 5066ms
2020-12-28 13:48:40,419 [c5825b16-4892-462f-82e3-ba8f99a31f50@group-D4CE2357A7C1-LeaderElection15] INFO  server.RaftServerConfigKeys (ConfUtils.java:logGet(44)) - raft.server.staging.catchup.gap = 1000 (default)
2020-12-28 13:48:40,419 [c5825b16-4892-462f-82e3-ba8f99a31f50@group-D4CE2357A7C1-LeaderElection15] INFO  metrics.RatisMetrics (RatisMetrics.java:lambda$create$0(36)) - Creating Metrics Registry : ratis.log_appender.c5825b16-4892-462f-82e3-ba8f99a31f50@group-D4CE2357A7C1
2020-12-28 13:48:40,419 [c5825b16-4892-462f-82e3-ba8f99a31f50@group-D4CE2357A7C1-LeaderElection15] INFO  server.RaftServerConfigKeys (ConfUtils.java:logGet(44)) - raft.server.write.element-limit = 1024 (custom)
2020-12-28 13:48:40,419 [c5825b16-4892-462f-82e3-ba8f99a31f50@group-D4CE2357A7C1-LeaderElection15] INFO  server.RaftServerConfigKeys (ConfUtils.java:logGet(44)) - raft.server.write.byte-limit = 1073741824 (custom)
2020-12-28 13:48:40,419 [c5825b16-4892-462f-82e3-ba8f99a31f50@group-D4CE2357A7C1-LeaderElection15] INFO  server.RaftServerConfigKeys (ConfUtils.java:logGet(44)) - raft.server.watch.timeout = 180s (custom)
2020-12-28 13:48:40,419 [c5825b16-4892-462f-82e3-ba8f99a31f50@group-D4CE2357A7C1-LeaderElection15] INFO  server.RaftServerConfigKeys (ConfUtils.java:logGet(44)) - raft.server.watch.timeout.denomination = 1s (default)
2020-12-28 13:48:40,419 [c5825b16-4892-462f-82e3-ba8f99a31f50@group-D4CE2357A7C1-LeaderElection15] INFO  server.RaftServerConfigKeys (ConfUtils.java:logGet(44)) - raft.server.watch.element-limit = 65536 (default)
2020-12-28 13:48:40,420 [c5825b16-4892-462f-82e3-ba8f99a31f50@group-D4CE2357A7C1-LeaderElection15] INFO  impl.RoleInfo (RoleInfo.java:updateAndGet(130)) - c5825b16-4892-462f-82e3-ba8f99a31f50: start c5825b16-4892-462f-82e3-ba8f99a31f50@group-D4CE2357A7C1-LeaderStateImpl
2020-12-28 13:48:40,420 [c5825b16-4892-462f-82e3-ba8f99a31f50@group-D4CE2357A7C1-LeaderElection15] INFO  segmented.SegmentedRaftLogWorker (SegmentedRaftLogWorker.java:startLogSegment(392)) - c5825b16-4892-462f-82e3-ba8f99a31f50@group-D4CE2357A7C1-SegmentedRaftLogWorker: Starting segment from index:0
2020-12-28 13:48:40,421 [c5825b16-4892-462f-82e3-ba8f99a31f50@group-D4CE2357A7C1-SegmentedRaftLogWorker] INFO  segmented.SegmentedRaftLogWorker (SegmentedRaftLogWorker.java:execute(599)) - c5825b16-4892-462f-82e3-ba8f99a31f50@group-D4CE2357A7C1-SegmentedRaftLogWorker: created new log segment /github/workspace/mnt/ozone/hadoop-ozone/integration-test/target/test-dir/MiniOzoneClusterImpl-bdf594c0-931e-4198-806f-06e591ff76c3/datanode-4/data/ratis/f347d902-3ba2-4b07-9b52-d4ce2357a7c1/current/log_inprogress_0
2020-12-28 13:48:40,423 [c5825b16-4892-462f-82e3-ba8f99a31f50@group-D4CE2357A7C1-LeaderElection15] INFO  server.RaftServer$Division (ServerState.java:setRaftConf(374)) - c5825b16-4892-462f-82e3-ba8f99a31f50@group-D4CE2357A7C1: set configuration 0: [c5825b16-4892-462f-82e3-ba8f99a31f50|rpc:172.17.0.2:36229|dataStream:], old=null at 0
2020-12-28 13:48:40,529 [Listener at 127.0.0.1/45143] INFO  ozone.MiniOzoneClusterImpl (MiniOzoneClusterImpl.java:lambda$waitForClusterToBeReady$0(178)) - Nodes are ready. Got 6 of 6 DN Heartbeats.
2020-12-28 13:48:40,529 [Listener at 127.0.0.1/45143] INFO  ozone.MiniOzoneClusterImpl (MiniOzoneClusterImpl.java:lambda$waitForClusterToBeReady$0(181)) - Cluster exits safe mode
2020-12-28 13:48:40,550 [Listener at 127.0.0.1/45143] INFO  rpc.RpcClient (RpcClient.java:createVolume(273)) - Creating Volume: vol1, with user06756 as owner.
2020-12-28 13:48:40,552 [IPC Server handler 1 on default port 45143] INFO  volume.OMVolumeCreateRequest (OMVolumeCreateRequest.java:validateAndUpdateCache(196)) - created volume:vol1 for user:user06756
2020-12-28 13:48:40,558 [Listener at 127.0.0.1/45143] INFO  rpc.RpcClient (RpcClient.java:createBucket(429)) - Creating Bucket: vol1/bucket1, with Versioning false and Storage Type set to DISK and Encryption set to false 
2020-12-28 13:48:40,569 [Thread-838] INFO  impl.FollowerState (FollowerState.java:run(133)) - d7483ff8-d446-4b93-ae84-b7d33969bf66@group-624738F4775D-FollowerState: change to CANDIDATE, lastRpcElapsedTime:5029617903ns, electionTimeout:5024ms
2020-12-28 13:48:40,570 [Thread-838] INFO  impl.RoleInfo (RoleInfo.java:shutdownFollowerState(108)) - d7483ff8-d446-4b93-ae84-b7d33969bf66: shutdown d7483ff8-d446-4b93-ae84-b7d33969bf66@group-624738F4775D-FollowerState
2020-12-28 13:48:40,570 [Thread-838] INFO  server.RaftServer$Division (RaftServerImpl.java:setRole(275)) - d7483ff8-d446-4b93-ae84-b7d33969bf66@group-624738F4775D: changes role from  FOLLOWER to CANDIDATE at term 0 for changeToCandidate
2020-12-28 13:48:40,570 [Thread-838] INFO  impl.RoleInfo (RoleInfo.java:updateAndGet(130)) - d7483ff8-d446-4b93-ae84-b7d33969bf66: start d7483ff8-d446-4b93-ae84-b7d33969bf66@group-624738F4775D-LeaderElection16
2020-12-28 13:48:40,572 [d7483ff8-d446-4b93-ae84-b7d33969bf66@group-624738F4775D-LeaderElection16] INFO  impl.LeaderElection (LeaderElection.java:askForVotes(219)) - d7483ff8-d446-4b93-ae84-b7d33969bf66@group-624738F4775D-LeaderElection16: begin an election at term 1 for -1: [d7483ff8-d446-4b93-ae84-b7d33969bf66|rpc:172.17.0.2:43973], old=null
2020-12-28 13:48:40,572 [d7483ff8-d446-4b93-ae84-b7d33969bf66@group-624738F4775D-LeaderElection16] INFO  impl.RoleInfo (RoleInfo.java:shutdownLeaderElection(121)) - d7483ff8-d446-4b93-ae84-b7d33969bf66: shutdown d7483ff8-d446-4b93-ae84-b7d33969bf66@group-624738F4775D-LeaderElection16
2020-12-28 13:48:40,572 [d7483ff8-d446-4b93-ae84-b7d33969bf66@group-624738F4775D-LeaderElection16] INFO  server.RaftServer$Division (RaftServerImpl.java:setRole(275)) - d7483ff8-d446-4b93-ae84-b7d33969bf66@group-624738F4775D: changes role from CANDIDATE to LEADER at term 1 for changeToLeader
2020-12-28 13:48:40,572 [d7483ff8-d446-4b93-ae84-b7d33969bf66@group-624738F4775D-LeaderElection16] INFO  ratis.XceiverServerRatis (XceiverServerRatis.java:handleLeaderChangedNotification(862)) - Leader change notification received for group: group-624738F4775D with new leaderId: d7483ff8-d446-4b93-ae84-b7d33969bf66
2020-12-28 13:48:40,573 [d7483ff8-d446-4b93-ae84-b7d33969bf66@group-624738F4775D-LeaderElection16] INFO  server.RaftServer$Division (ServerState.java:setLeader(258)) - d7483ff8-d446-4b93-ae84-b7d33969bf66@group-624738F4775D: change Leader from null to d7483ff8-d446-4b93-ae84-b7d33969bf66 at term 1 for becomeLeader, leader elected after 5039ms
2020-12-28 13:48:40,573 [d7483ff8-d446-4b93-ae84-b7d33969bf66@group-624738F4775D-LeaderElection16] INFO  server.RaftServerConfigKeys (ConfUtils.java:logGet(44)) - raft.server.staging.catchup.gap = 1000 (default)
2020-12-28 13:48:40,573 [d7483ff8-d446-4b93-ae84-b7d33969bf66@group-624738F4775D-LeaderElection16] INFO  metrics.RatisMetrics (RatisMetrics.java:lambda$create$0(36)) - Creating Metrics Registry : ratis.log_appender.d7483ff8-d446-4b93-ae84-b7d33969bf66@group-624738F4775D
2020-12-28 13:48:40,573 [d7483ff8-d446-4b93-ae84-b7d33969bf66@group-624738F4775D-LeaderElection16] INFO  server.RaftServerConfigKeys (ConfUtils.java:logGet(44)) - raft.server.write.element-limit = 1024 (custom)
2020-12-28 13:48:40,573 [d7483ff8-d446-4b93-ae84-b7d33969bf66@group-624738F4775D-LeaderElection16] INFO  server.RaftServerConfigKeys (ConfUtils.java:logGet(44)) - raft.server.write.byte-limit = 1073741824 (custom)
2020-12-28 13:48:40,574 [d7483ff8-d446-4b93-ae84-b7d33969bf66@group-624738F4775D-LeaderElection16] INFO  server.RaftServerConfigKeys (ConfUtils.java:logGet(44)) - raft.server.watch.timeout = 180s (custom)
2020-12-28 13:48:40,574 [d7483ff8-d446-4b93-ae84-b7d33969bf66@group-624738F4775D-LeaderElection16] INFO  server.RaftServerConfigKeys (ConfUtils.java:logGet(44)) - raft.server.watch.timeout.denomination = 1s (default)
2020-12-28 13:48:40,574 [d7483ff8-d446-4b93-ae84-b7d33969bf66@group-624738F4775D-LeaderElection16] INFO  server.RaftServerConfigKeys (ConfUtils.java:logGet(44)) - raft.server.watch.element-limit = 65536 (default)
2020-12-28 13:48:40,574 [d7483ff8-d446-4b93-ae84-b7d33969bf66@group-624738F4775D-LeaderElection16] INFO  impl.RoleInfo (RoleInfo.java:updateAndGet(130)) - d7483ff8-d446-4b93-ae84-b7d33969bf66: start d7483ff8-d446-4b93-ae84-b7d33969bf66@group-624738F4775D-LeaderStateImpl
2020-12-28 13:48:40,574 [d7483ff8-d446-4b93-ae84-b7d33969bf66@group-624738F4775D-LeaderElection16] INFO  segmented.SegmentedRaftLogWorker (SegmentedRaftLogWorker.java:startLogSegment(392)) - d7483ff8-d446-4b93-ae84-b7d33969bf66@group-624738F4775D-SegmentedRaftLogWorker: Starting segment from index:0
2020-12-28 13:48:40,575 [Listener at 127.0.0.1/45143] INFO  metrics.RatisMetrics (RatisMetrics.java:lambda$create$0(36)) - Creating Metrics Registry : ratis.client_message_metrics.client-6C2863ECB890->332fbba1-841e-4633-be6b-7b3b7ad52219
2020-12-28 13:48:40,578 [d7483ff8-d446-4b93-ae84-b7d33969bf66@group-624738F4775D-SegmentedRaftLogWorker] INFO  segmented.SegmentedRaftLogWorker (SegmentedRaftLogWorker.java:execute(599)) - d7483ff8-d446-4b93-ae84-b7d33969bf66@group-624738F4775D-SegmentedRaftLogWorker: created new log segment /github/workspace/mnt/ozone/hadoop-ozone/integration-test/target/test-dir/MiniOzoneClusterImpl-bdf594c0-931e-4198-806f-06e591ff76c3/datanode-5/data/ratis/551b81fd-932e-4ee0-9ad1-624738f4775d/current/log_inprogress_0
2020-12-28 13:48:40,583 [d7483ff8-d446-4b93-ae84-b7d33969bf66@group-624738F4775D-LeaderElection16] INFO  server.RaftServer$Division (ServerState.java:setRaftConf(374)) - d7483ff8-d446-4b93-ae84-b7d33969bf66@group-624738F4775D: set configuration 0: [d7483ff8-d446-4b93-ae84-b7d33969bf66|rpc:172.17.0.2:43973|dataStream:], old=null at 0
2020-12-28 13:48:42,791 [EventQueue-Delayed safe mode statusForReplicationManager] INFO  container.ReplicationManager (ReplicationManager.java:start(186)) - Starting Replication Monitor Thread.
2020-12-28 13:48:42,792 [ReplicationMonitor] INFO  container.ReplicationManager (ReplicationManager.java:run(250)) - Replication Monitor Thread took 0 milliseconds for processing 1 containers.
2020-12-28 13:48:43,350 [Listener at 127.0.0.1/45143] INFO  metrics.RatisMetrics (RatisMetrics.java:lambda$create$0(36)) - Creating Metrics Registry : ratis.client_message_metrics.client-0DBA2F5CC3FE->d7483ff8-d446-4b93-ae84-b7d33969bf66
2020-12-28 13:48:43,792 [ReplicationMonitor] INFO  container.ReplicationManager (ReplicationManager.java:run(250)) - Replication Monitor Thread took 0 milliseconds for processing 4 containers.
2020-12-28 13:48:43,920 [IPC Server handler 5 on default port 42649] INFO  node.NodeDecommissionManager (NodeDecommissionManager.java:startMaintenance(344)) - Starting Maintenance for node 332fbba1-841e-4633-be6b-7b3b7ad52219{ip: 172.17.0.2, host: 10028447f7ab, networkLocation: /default-rack, certSerialId: null, persistedOpState: IN_SERVICE, persistedOpStateExpiryEpochSec: 0}
2020-12-28 13:48:43,920 [IPC Server handler 5 on default port 42649] INFO  node.NodeDecommissionManager (NodeDecommissionManager.java:startMaintenance(344)) - Starting Maintenance for node e508d2ab-90e0-4998-a856-79bccff972e6{ip: 172.17.0.2, host: 10028447f7ab, networkLocation: /default-rack, certSerialId: null, persistedOpState: IN_SERVICE, persistedOpStateExpiryEpochSec: 0}
2020-12-28 13:48:43,920 [IPC Server handler 5 on default port 42649] INFO  node.NodeDecommissionManager (NodeDecommissionManager.java:startMaintenance(344)) - Starting Maintenance for node 27693bd8-fb4b-4214-8f6f-61df0de82a87{ip: 172.17.0.2, host: 10028447f7ab, networkLocation: /default-rack, certSerialId: null, persistedOpState: IN_SERVICE, persistedOpStateExpiryEpochSec: 0}
2020-12-28 13:48:44,198 [DatanodeAdminManager-0] INFO  node.DatanodeAdminMonitorImpl (DatanodeAdminMonitorImpl.java:checkPipelinesClosedOnNode(267)) - Waiting for pipelines to close for 27693bd8-fb4b-4214-8f6f-61df0de82a87{ip: 172.17.0.2, host: 10028447f7ab, networkLocation: /default-rack, certSerialId: null, persistedOpState: IN_SERVICE, persistedOpStateExpiryEpochSec: 0}. There are 2 pipelines
2020-12-28 13:48:44,198 [EventQueue-StartAdminOnNodeForStartDatanodeAdminHandler] INFO  node.StartDatanodeAdminHandler (StartDatanodeAdminHandler.java:onMessage(56)) - Admin start on datanode 332fbba1-841e-4633-be6b-7b3b7ad52219{ip: 172.17.0.2, host: 10028447f7ab, networkLocation: /default-rack, certSerialId: null, persistedOpState: IN_SERVICE, persistedOpStateExpiryEpochSec: 0}. Finalizing its pipelines [PipelineID=df853216-7ced-4cab-b66e-4fe386a73824, PipelineID=25e8ea36-1b59-4c27-9d74-bac69c5844b7]
2020-12-28 13:48:44,198 [DatanodeAdminManager-0] INFO  node.DatanodeAdminMonitorImpl (DatanodeAdminMonitorImpl.java:checkPipelinesClosedOnNode(267)) - Waiting for pipelines to close for e508d2ab-90e0-4998-a856-79bccff972e6{ip: 172.17.0.2, host: 10028447f7ab, networkLocation: /default-rack, certSerialId: null, persistedOpState: IN_SERVICE, persistedOpStateExpiryEpochSec: 0}. There are 2 pipelines
2020-12-28 13:48:44,198 [EventQueue-StartAdminOnNodeForStartDatanodeAdminHandler] INFO  pipeline.SCMPipelineManager (SCMPipelineManager.java:finalizeAndDestroyPipeline(482)) - Destroying pipeline:Pipeline[ Id: df853216-7ced-4cab-b66e-4fe386a73824, Nodes: 27693bd8-fb4b-4214-8f6f-61df0de82a87{ip: 172.17.0.2, host: 10028447f7ab, networkLocation: /default-rack, certSerialId: null, persistedOpState: IN_SERVICE, persistedOpStateExpiryEpochSec: 0}e508d2ab-90e0-4998-a856-79bccff972e6{ip: 172.17.0.2, host: 10028447f7ab, networkLocation: /default-rack, certSerialId: null, persistedOpState: IN_SERVICE, persistedOpStateExpiryEpochSec: 0}332fbba1-841e-4633-be6b-7b3b7ad52219{ip: 172.17.0.2, host: 10028447f7ab, networkLocation: /default-rack, certSerialId: null, persistedOpState: IN_SERVICE, persistedOpStateExpiryEpochSec: 0}, Type:RATIS, Factor:THREE, State:OPEN, leaderId:332fbba1-841e-4633-be6b-7b3b7ad52219, CreationTimestamp2020-12-28T13:48:31.981Z]
2020-12-28 13:48:44,198 [DatanodeAdminManager-0] INFO  node.DatanodeAdminMonitorImpl (DatanodeAdminMonitorImpl.java:checkPipelinesClosedOnNode(267)) - Waiting for pipelines to close for 332fbba1-841e-4633-be6b-7b3b7ad52219{ip: 172.17.0.2, host: 10028447f7ab, networkLocation: /default-rack, certSerialId: null, persistedOpState: IN_SERVICE, persistedOpStateExpiryEpochSec: 0}. There are 2 pipelines
2020-12-28 13:48:44,199 [DatanodeAdminManager-0] INFO  node.DatanodeAdminMonitorImpl (DatanodeAdminMonitorImpl.java:run(136)) - There are 3 nodes tracked for decommission and maintenance. 0 pending nodes.
2020-12-28 13:48:44,199 [EventQueue-StartAdminOnNodeForStartDatanodeAdminHandler] INFO  pipeline.PipelineStateManager (PipelineStateManager.java:finalizePipeline(121)) - Pipeline Pipeline[ Id: df853216-7ced-4cab-b66e-4fe386a73824, Nodes: 27693bd8-fb4b-4214-8f6f-61df0de82a87{ip: 172.17.0.2, host: 10028447f7ab, networkLocation: /default-rack, certSerialId: null, persistedOpState: IN_SERVICE, persistedOpStateExpiryEpochSec: 0}e508d2ab-90e0-4998-a856-79bccff972e6{ip: 172.17.0.2, host: 10028447f7ab, networkLocation: /default-rack, certSerialId: null, persistedOpState: IN_SERVICE, persistedOpStateExpiryEpochSec: 0}332fbba1-841e-4633-be6b-7b3b7ad52219{ip: 172.17.0.2, host: 10028447f7ab, networkLocation: /default-rack, certSerialId: null, persistedOpState: IN_SERVICE, persistedOpStateExpiryEpochSec: 0}, Type:RATIS, Factor:THREE, State:CLOSED, leaderId:332fbba1-841e-4633-be6b-7b3b7ad52219, CreationTimestamp2020-12-28T13:48:31.981Z] moved to CLOSED state
2020-12-28 13:48:44,201 [EventQueue-StartAdminOnNodeForStartDatanodeAdminHandler] INFO  pipeline.RatisPipelineProvider (RatisPipelineProvider.java:lambda$close$1(199)) - Send pipeline:PipelineID=df853216-7ced-4cab-b66e-4fe386a73824 close command to datanode 27693bd8-fb4b-4214-8f6f-61df0de82a87
2020-12-28 13:48:44,201 [EventQueue-CloseContainerForCloseContainerEventHandler] INFO  container.CloseContainerEventHandler (CloseContainerEventHandler.java:onMessage(61)) - Close container Event triggered for container : #1
2020-12-28 13:48:44,202 [EventQueue-CloseContainerForCloseContainerEventHandler] INFO  container.CloseContainerEventHandler (CloseContainerEventHandler.java:onMessage(61)) - Close container Event triggered for container : #2
2020-12-28 13:48:44,202 [EventQueue-StartAdminOnNodeForStartDatanodeAdminHandler] INFO  pipeline.RatisPipelineProvider (RatisPipelineProvider.java:lambda$close$1(199)) - Send pipeline:PipelineID=df853216-7ced-4cab-b66e-4fe386a73824 close command to datanode e508d2ab-90e0-4998-a856-79bccff972e6
2020-12-28 13:48:44,202 [EventQueue-StartAdminOnNodeForStartDatanodeAdminHandler] INFO  pipeline.RatisPipelineProvider (RatisPipelineProvider.java:lambda$close$1(199)) - Send pipeline:PipelineID=df853216-7ced-4cab-b66e-4fe386a73824 close command to datanode 332fbba1-841e-4633-be6b-7b3b7ad52219
2020-12-28 13:48:44,202 [EventQueue-StartAdminOnNodeForStartDatanodeAdminHandler] INFO  pipeline.PipelineStateManager (PipelineStateManager.java:removePipeline(106)) - Pipeline Pipeline[ Id: df853216-7ced-4cab-b66e-4fe386a73824, Nodes: 27693bd8-fb4b-4214-8f6f-61df0de82a87{ip: 172.17.0.2, host: 10028447f7ab, networkLocation: /default-rack, certSerialId: null, persistedOpState: IN_SERVICE, persistedOpStateExpiryEpochSec: 0}e508d2ab-90e0-4998-a856-79bccff972e6{ip: 172.17.0.2, host: 10028447f7ab, networkLocation: /default-rack, certSerialId: null, persistedOpState: IN_SERVICE, persistedOpStateExpiryEpochSec: 0}332fbba1-841e-4633-be6b-7b3b7ad52219{ip: 172.17.0.2, host: 10028447f7ab, networkLocation: /default-rack, certSerialId: null, persistedOpState: IN_SERVICE, persistedOpStateExpiryEpochSec: 0}, Type:RATIS, Factor:THREE, State:CLOSED, leaderId:332fbba1-841e-4633-be6b-7b3b7ad52219, CreationTimestamp2020-12-28T13:48:31.981Z] removed from db
2020-12-28 13:48:44,203 [EventQueue-StartAdminOnNodeForStartDatanodeAdminHandler] INFO  pipeline.SCMPipelineManager (SCMPipelineManager.java:finalizeAndDestroyPipeline(482)) - Destroying pipeline:Pipeline[ Id: 25e8ea36-1b59-4c27-9d74-bac69c5844b7, Nodes: 332fbba1-841e-4633-be6b-7b3b7ad52219{ip: 172.17.0.2, host: 10028447f7ab, networkLocation: /default-rack, certSerialId: null, persistedOpState: IN_SERVICE, persistedOpStateExpiryEpochSec: 0}, Type:RATIS, Factor:ONE, State:OPEN, leaderId:332fbba1-841e-4633-be6b-7b3b7ad52219, CreationTimestamp2020-12-28T13:48:31.774Z]
2020-12-28 13:48:44,203 [EventQueue-StartAdminOnNodeForStartDatanodeAdminHandler] INFO  pipeline.PipelineStateManager (PipelineStateManager.java:finalizePipeline(121)) - Pipeline Pipeline[ Id: 25e8ea36-1b59-4c27-9d74-bac69c5844b7, Nodes: 332fbba1-841e-4633-be6b-7b3b7ad52219{ip: 172.17.0.2, host: 10028447f7ab, networkLocation: /default-rack, certSerialId: null, persistedOpState: IN_SERVICE, persistedOpStateExpiryEpochSec: 0}, Type:RATIS, Factor:ONE, State:CLOSED, leaderId:332fbba1-841e-4633-be6b-7b3b7ad52219, CreationTimestamp2020-12-28T13:48:31.774Z] moved to CLOSED state
2020-12-28 13:48:44,204 [EventQueue-StartAdminOnNodeForStartDatanodeAdminHandler] INFO  pipeline.RatisPipelineProvider (RatisPipelineProvider.java:lambda$close$1(199)) - Send pipeline:PipelineID=25e8ea36-1b59-4c27-9d74-bac69c5844b7 close command to datanode 332fbba1-841e-4633-be6b-7b3b7ad52219
2020-12-28 13:48:44,204 [EventQueue-StartAdminOnNodeForStartDatanodeAdminHandler] INFO  pipeline.PipelineStateManager (PipelineStateManager.java:removePipeline(106)) - Pipeline Pipeline[ Id: 25e8ea36-1b59-4c27-9d74-bac69c5844b7, Nodes: 332fbba1-841e-4633-be6b-7b3b7ad52219{ip: 172.17.0.2, host: 10028447f7ab, networkLocation: /default-rack, certSerialId: null, persistedOpState: IN_SERVICE, persistedOpStateExpiryEpochSec: 0}, Type:RATIS, Factor:ONE, State:CLOSED, leaderId:332fbba1-841e-4633-be6b-7b3b7ad52219, CreationTimestamp2020-12-28T13:48:31.774Z] removed from db
2020-12-28 13:48:44,204 [EventQueue-StartAdminOnNodeForStartDatanodeAdminHandler] INFO  node.StartDatanodeAdminHandler (StartDatanodeAdminHandler.java:onMessage(56)) - Admin start on datanode e508d2ab-90e0-4998-a856-79bccff972e6{ip: 172.17.0.2, host: 10028447f7ab, networkLocation: /default-rack, certSerialId: null, persistedOpState: IN_SERVICE, persistedOpStateExpiryEpochSec: 0}. Finalizing its pipelines [PipelineID=eef1fea6-9141-4155-aa8f-8d24f49300f7]
2020-12-28 13:48:44,204 [EventQueue-StartAdminOnNodeForStartDatanodeAdminHandler] INFO  pipeline.SCMPipelineManager (SCMPipelineManager.java:finalizeAndDestroyPipeline(482)) - Destroying pipeline:Pipeline[ Id: eef1fea6-9141-4155-aa8f-8d24f49300f7, Nodes: e508d2ab-90e0-4998-a856-79bccff972e6{ip: 172.17.0.2, host: 10028447f7ab, networkLocation: /default-rack, certSerialId: null, persistedOpState: IN_SERVICE, persistedOpStateExpiryEpochSec: 0}, Type:RATIS, Factor:ONE, State:OPEN, leaderId:e508d2ab-90e0-4998-a856-79bccff972e6, CreationTimestamp2020-12-28T13:48:31.980Z]
2020-12-28 13:48:44,204 [EventQueue-StartAdminOnNodeForStartDatanodeAdminHandler] INFO  pipeline.PipelineStateManager (PipelineStateManager.java:finalizePipeline(121)) - Pipeline Pipeline[ Id: eef1fea6-9141-4155-aa8f-8d24f49300f7, Nodes: e508d2ab-90e0-4998-a856-79bccff972e6{ip: 172.17.0.2, host: 10028447f7ab, networkLocation: /default-rack, certSerialId: null, persistedOpState: IN_SERVICE, persistedOpStateExpiryEpochSec: 0}, Type:RATIS, Factor:ONE, State:CLOSED, leaderId:e508d2ab-90e0-4998-a856-79bccff972e6, CreationTimestamp2020-12-28T13:48:31.980Z] moved to CLOSED state
2020-12-28 13:48:44,204 [EventQueue-StartAdminOnNodeForStartDatanodeAdminHandler] INFO  pipeline.RatisPipelineProvider (RatisPipelineProvider.java:lambda$close$1(199)) - Send pipeline:PipelineID=eef1fea6-9141-4155-aa8f-8d24f49300f7 close command to datanode e508d2ab-90e0-4998-a856-79bccff972e6
2020-12-28 13:48:44,204 [EventQueue-StartAdminOnNodeForStartDatanodeAdminHandler] INFO  pipeline.PipelineStateManager (PipelineStateManager.java:removePipeline(106)) - Pipeline Pipeline[ Id: eef1fea6-9141-4155-aa8f-8d24f49300f7, Nodes: e508d2ab-90e0-4998-a856-79bccff972e6{ip: 172.17.0.2, host: 10028447f7ab, networkLocation: /default-rack, certSerialId: null, persistedOpState: IN_SERVICE, persistedOpStateExpiryEpochSec: 0}, Type:RATIS, Factor:ONE, State:CLOSED, leaderId:e508d2ab-90e0-4998-a856-79bccff972e6, CreationTimestamp2020-12-28T13:48:31.980Z] removed from db
2020-12-28 13:48:44,205 [EventQueue-StartAdminOnNodeForStartDatanodeAdminHandler] INFO  node.StartDatanodeAdminHandler (StartDatanodeAdminHandler.java:onMessage(56)) - Admin start on datanode 27693bd8-fb4b-4214-8f6f-61df0de82a87{ip: 172.17.0.2, host: 10028447f7ab, networkLocation: /default-rack, certSerialId: null, persistedOpState: IN_SERVICE, persistedOpStateExpiryEpochSec: 0}. Finalizing its pipelines [PipelineID=f292b469-5326-4df3-80ce-2e53a9272730]
2020-12-28 13:48:44,205 [EventQueue-StartAdminOnNodeForStartDatanodeAdminHandler] INFO  pipeline.SCMPipelineManager (SCMPipelineManager.java:finalizeAndDestroyPipeline(482)) - Destroying pipeline:Pipeline[ Id: f292b469-5326-4df3-80ce-2e53a9272730, Nodes: 27693bd8-fb4b-4214-8f6f-61df0de82a87{ip: 172.17.0.2, host: 10028447f7ab, networkLocation: /default-rack, certSerialId: null, persistedOpState: IN_SERVICE, persistedOpStateExpiryEpochSec: 0}, Type:RATIS, Factor:ONE, State:OPEN, leaderId:27693bd8-fb4b-4214-8f6f-61df0de82a87, CreationTimestamp2020-12-28T13:48:31.594Z]
2020-12-28 13:48:44,205 [EventQueue-StartAdminOnNodeForStartDatanodeAdminHandler] INFO  pipeline.PipelineStateManager (PipelineStateManager.java:finalizePipeline(121)) - Pipeline Pipeline[ Id: f292b469-5326-4df3-80ce-2e53a9272730, Nodes: 27693bd8-fb4b-4214-8f6f-61df0de82a87{ip: 172.17.0.2, host: 10028447f7ab, networkLocation: /default-rack, certSerialId: null, persistedOpState: IN_SERVICE, persistedOpStateExpiryEpochSec: 0}, Type:RATIS, Factor:ONE, State:CLOSED, leaderId:27693bd8-fb4b-4214-8f6f-61df0de82a87, CreationTimestamp2020-12-28T13:48:31.594Z] moved to CLOSED state
2020-12-28 13:48:44,205 [EventQueue-StartAdminOnNodeForStartDatanodeAdminHandler] INFO  pipeline.RatisPipelineProvider (RatisPipelineProvider.java:lambda$close$1(199)) - Send pipeline:PipelineID=f292b469-5326-4df3-80ce-2e53a9272730 close command to datanode 27693bd8-fb4b-4214-8f6f-61df0de82a87
2020-12-28 13:48:44,205 [EventQueue-StartAdminOnNodeForStartDatanodeAdminHandler] INFO  pipeline.PipelineStateManager (PipelineStateManager.java:removePipeline(106)) - Pipeline Pipeline[ Id: f292b469-5326-4df3-80ce-2e53a9272730, Nodes: 27693bd8-fb4b-4214-8f6f-61df0de82a87{ip: 172.17.0.2, host: 10028447f7ab, networkLocation: /default-rack, certSerialId: null, persistedOpState: IN_SERVICE, persistedOpStateExpiryEpochSec: 0}, Type:RATIS, Factor:ONE, State:CLOSED, leaderId:27693bd8-fb4b-4214-8f6f-61df0de82a87, CreationTimestamp2020-12-28T13:48:31.594Z] removed from db
2020-12-28 13:48:44,222 [IPC Server handler 18 on default port 37861] INFO  node.SCMNodeManager (SCMNodeManager.java:updateDatanodeOpState(419)) - Scheduling a command to update the operationalState persisted on the datanode as the reported value (IN_SERVICE, 0) does not match the value stored in SCM (ENTERING_MAINTENANCE, 0)
2020-12-28 13:48:44,229 [IPC Server handler 15 on default port 37861] INFO  node.SCMNodeManager (SCMNodeManager.java:updateDatanodeOpState(419)) - Scheduling a command to update the operationalState persisted on the datanode as the reported value (IN_SERVICE, 0) does not match the value stored in SCM (ENTERING_MAINTENANCE, 0)
2020-12-28 13:48:44,230 [IPC Server handler 15 on default port 37861] INFO  node.SCMNodeManager (SCMNodeManager.java:updateDatanodeOpState(419)) - Scheduling a command to update the operationalState persisted on the datanode as the reported value (IN_SERVICE, 0) does not match the value stored in SCM (ENTERING_MAINTENANCE, 0)
2020-12-28 13:48:44,639 [IPC Server handler 10 on default port 37861] INFO  node.SCMNodeManager (SCMNodeManager.java:updateDatanodeOpState(419)) - Scheduling a command to update the operationalState persisted on the datanode as the reported value (IN_SERVICE, 0) does not match the value stored in SCM (ENTERING_MAINTENANCE, 0)
2020-12-28 13:48:44,640 [IPC Server handler 12 on default port 37861] INFO  node.SCMNodeManager (SCMNodeManager.java:updateDatanodeOpState(419)) - Scheduling a command to update the operationalState persisted on the datanode as the reported value (IN_SERVICE, 0) does not match the value stored in SCM (ENTERING_MAINTENANCE, 0)
2020-12-28 13:48:44,645 [IPC Server handler 13 on default port 37861] INFO  node.SCMNodeManager (SCMNodeManager.java:updateDatanodeOpState(419)) - Scheduling a command to update the operationalState persisted on the datanode as the reported value (IN_SERVICE, 0) does not match the value stored in SCM (ENTERING_MAINTENANCE, 0)
2020-12-28 13:48:44,647 [Command processor thread] INFO  server.RaftServer (RaftServerProxy.java:remove(104)) - e508d2ab-90e0-4998-a856-79bccff972e6: remove  FOLLOWER e508d2ab-90e0-4998-a856-79bccff972e6@group-4FE386A73824:t1, leader=332fbba1-841e-4633-be6b-7b3b7ad52219, voted=332fbba1-841e-4633-be6b-7b3b7ad52219, raftlog=e508d2ab-90e0-4998-a856-79bccff972e6@group-4FE386A73824-SegmentedRaftLog:OPENED:c54,f55,i55, conf=0: [27693bd8-fb4b-4214-8f6f-61df0de82a87|rpc:172.17.0.2:35297|dataStream:, e508d2ab-90e0-4998-a856-79bccff972e6|rpc:172.17.0.2:35913|dataStream:, 332fbba1-841e-4633-be6b-7b3b7ad52219|rpc:172.17.0.2:37643|dataStream:], old=null RUNNING
2020-12-28 13:48:44,647 [Command processor thread] INFO  server.RaftServer$Division (RaftServerImpl.java:lambda$close$4(397)) - e508d2ab-90e0-4998-a856-79bccff972e6@group-4FE386A73824: shutdown
2020-12-28 13:48:44,647 [Command processor thread] INFO  util.JmxRegister (JmxRegister.java:unregister(73)) - Successfully un-registered JMX Bean with object name Ratis:service=RaftServer,group=group-4FE386A73824,id=e508d2ab-90e0-4998-a856-79bccff972e6
2020-12-28 13:48:44,647 [Command processor thread] INFO  impl.RoleInfo (RoleInfo.java:shutdownFollowerState(108)) - e508d2ab-90e0-4998-a856-79bccff972e6: shutdown e508d2ab-90e0-4998-a856-79bccff972e6@group-4FE386A73824-FollowerState
2020-12-28 13:48:44,647 [Command processor thread] INFO  impl.StateMachineUpdater (StateMachineUpdater.java:stopAndJoin(148)) - e508d2ab-90e0-4998-a856-79bccff972e6@group-4FE386A73824-StateMachineUpdater: set stopIndex = 54
2020-12-28 13:48:44,648 [Thread-845] INFO  impl.FollowerState (FollowerState.java:run(142)) - e508d2ab-90e0-4998-a856-79bccff972e6@group-4FE386A73824-FollowerState was interrupted: {}
java.lang.InterruptedException: sleep interrupted
	at java.lang.Thread.sleep(Native Method)
	at java.lang.Thread.sleep(Thread.java:340)
	at java.util.concurrent.TimeUnit.sleep(TimeUnit.java:386)
	at org.apache.ratis.util.TimeDuration.sleep(TimeDuration.java:319)
	at org.apache.ratis.util.TimeDuration.sleep(TimeDuration.java:304)
	at org.apache.ratis.server.impl.FollowerState.run(FollowerState.java:117)
2020-12-28 13:48:44,649 [RatisApplyTransactionExecutor 1] INFO  keyvalue.KeyValueContainer (KeyValueContainer.java:flushAndSyncDB(388)) - Container 1 is synced with bcsId 48.
2020-12-28 13:48:44,650 [RatisApplyTransactionExecutor 1] INFO  keyvalue.KeyValueContainer (KeyValueContainer.java:flushAndSyncDB(388)) - Container 1 is synced with bcsId 48.
2020-12-28 13:48:44,648 [e508d2ab-90e0-4998-a856-79bccff972e6@group-4FE386A73824-StateMachineUpdater] INFO  ratis.ContainerStateMachine (ContainerStateMachine.java:takeSnapshot(291)) - group-4FE386A73824: Taking a snapshot at:(t:1, i:54) file /github/workspace/mnt/ozone/hadoop-ozone/integration-test/target/test-dir/MiniOzoneClusterImpl-bdf594c0-931e-4198-806f-06e591ff76c3/datanode-2/data/ratis/df853216-7ced-4cab-b66e-4fe386a73824/sm/snapshot.1_54
2020-12-28 13:48:44,663 [RatisApplyTransactionExecutor 1] INFO  keyvalue.KeyValueContainer (KeyValueContainer.java:close(326)) - Container 1 is closed with bcsId 48.
2020-12-28 13:48:44,665 [IPC Server handler 17 on default port 37861] INFO  node.SCMNodeManager (SCMNodeManager.java:updateDatanodeOpState(419)) - Scheduling a command to update the operationalState persisted on the datanode as the reported value (IN_SERVICE, 0) does not match the value stored in SCM (ENTERING_MAINTENANCE, 0)
2020-12-28 13:48:44,665 [EventQueue-IncrementalContainerReportForIncrementalContainerReportHandler] INFO  container.IncrementalContainerReportHandler (AbstractContainerReportHandler.java:updateContainerState(215)) - Moving container #1 to CLOSED state, datanode 332fbba1-841e-4633-be6b-7b3b7ad52219{ip: 172.17.0.2, host: 10028447f7ab, networkLocation: /default-rack, certSerialId: null, persistedOpState: IN_SERVICE, persistedOpStateExpiryEpochSec: 0} reported CLOSED replica.
2020-12-28 13:48:44,667 [IPC Server handler 18 on default port 37861] INFO  node.SCMNodeManager (SCMNodeManager.java:updateDatanodeOpState(419)) - Scheduling a command to update the operationalState persisted on the datanode as the reported value (IN_SERVICE, 0) does not match the value stored in SCM (ENTERING_MAINTENANCE, 0)
2020-12-28 13:48:44,670 [e508d2ab-90e0-4998-a856-79bccff972e6@group-4FE386A73824-StateMachineUpdater] INFO  ratis.ContainerStateMachine (ContainerStateMachine.java:takeSnapshot(302)) - group-4FE386A73824: Finished taking a snapshot at:(t:1, i:54) file:/github/workspace/mnt/ozone/hadoop-ozone/integration-test/target/test-dir/MiniOzoneClusterImpl-bdf594c0-931e-4198-806f-06e591ff76c3/datanode-2/data/ratis/df853216-7ced-4cab-b66e-4fe386a73824/sm/snapshot.1_54 time:22
2020-12-28 13:48:44,670 [e508d2ab-90e0-4998-a856-79bccff972e6@group-4FE386A73824-StateMachineUpdater] INFO  impl.StateMachineUpdater (StateMachineUpdater.java:takeSnapshot(279)) - e508d2ab-90e0-4998-a856-79bccff972e6@group-4FE386A73824-StateMachineUpdater: Took a snapshot at index 54
2020-12-28 13:48:44,670 [e508d2ab-90e0-4998-a856-79bccff972e6@group-4FE386A73824-StateMachineUpdater] INFO  impl.StateMachineUpdater (StateMachineUpdater.java:lambda$new$0(88)) - e508d2ab-90e0-4998-a856-79bccff972e6@group-4FE386A73824-StateMachineUpdater: snapshotIndex: updateIncreasingly -1 -> 54
2020-12-28 13:48:44,670 [e508d2ab-90e0-4998-a856-79bccff972e6@group-4FE386A73824-StateMachineUpdater] INFO  metrics.RatisMetrics (RatisMetrics.java:unregister(43)) - Unregistering Metrics Registry : ratis.state_machine.e508d2ab-90e0-4998-a856-79bccff972e6@group-4FE386A73824
2020-12-28 13:48:44,671 [Command processor thread] INFO  server.RaftServer$Division (ServerState.java:close(406)) - e508d2ab-90e0-4998-a856-79bccff972e6@group-4FE386A73824: closes. applyIndex: 54
2020-12-28 13:48:44,671 [e508d2ab-90e0-4998-a856-79bccff972e6@group-4FE386A73824-SegmentedRaftLogWorker] INFO  segmented.SegmentedRaftLogWorker (SegmentedRaftLogWorker.java:run(326)) - e508d2ab-90e0-4998-a856-79bccff972e6@group-4FE386A73824-SegmentedRaftLogWorker was interrupted, exiting. There are 0 tasks remaining in the queue.
2020-12-28 13:48:44,671 [Command processor thread] INFO  segmented.SegmentedRaftLogWorker (SegmentedRaftLogWorker.java:close(236)) - e508d2ab-90e0-4998-a856-79bccff972e6@group-4FE386A73824-SegmentedRaftLogWorker close()
2020-12-28 13:48:44,673 [RatisApplyTransactionExecutor 2] INFO  keyvalue.KeyValueContainer (KeyValueContainer.java:flushAndSyncDB(388)) - Container 2 is synced with bcsId 52.
2020-12-28 13:48:44,673 [Command processor thread] INFO  metrics.RatisMetrics (RatisMetrics.java:unregister(43)) - Unregistering Metrics Registry : ratis.log_worker.e508d2ab-90e0-4998-a856-79bccff972e6@group-4FE386A73824
2020-12-28 13:48:44,673 [Command processor thread] INFO  metrics.RatisMetrics (RatisMetrics.java:unregister(43)) - Unregistering Metrics Registry : ratis.leader_election.e508d2ab-90e0-4998-a856-79bccff972e6@group-4FE386A73824
2020-12-28 13:48:44,673 [Command processor thread] INFO  metrics.RatisMetrics (RatisMetrics.java:unregister(43)) - Unregistering Metrics Registry : ratis.server.e508d2ab-90e0-4998-a856-79bccff972e6@group-4FE386A73824
2020-12-28 13:48:44,673 [RatisApplyTransactionExecutor 2] INFO  keyvalue.KeyValueContainer (KeyValueContainer.java:flushAndSyncDB(388)) - Container 2 is synced with bcsId 52.
2020-12-28 13:48:44,674 [IPC Server handler 15 on default port 37861] INFO  node.SCMNodeManager (SCMNodeManager.java:updateDatanodeOpState(419)) - Scheduling a command to update the operationalState persisted on the datanode as the reported value (IN_SERVICE, 0) does not match the value stored in SCM (ENTERING_MAINTENANCE, 0)
2020-12-28 13:48:44,675 [RatisApplyTransactionExecutor 1] INFO  keyvalue.KeyValueContainer (KeyValueContainer.java:flushAndSyncDB(388)) - Container 1 is synced with bcsId 48.
2020-12-28 13:48:44,675 [RatisApplyTransactionExecutor 1] INFO  keyvalue.KeyValueContainer (KeyValueContainer.java:flushAndSyncDB(388)) - Container 1 is synced with bcsId 48.
2020-12-28 13:48:44,675 [RatisApplyTransactionExecutor 2] INFO  keyvalue.KeyValueContainer (KeyValueContainer.java:close(326)) - Container 2 is closed with bcsId 52.
2020-12-28 13:48:44,676 [Command processor thread] INFO  keyvalue.KeyValueContainer (KeyValueContainer.java:flushAndSyncDB(388)) - Container 1 is synced with bcsId 48.
2020-12-28 13:48:44,676 [Command processor thread] INFO  keyvalue.KeyValueContainer (KeyValueContainer.java:flushAndSyncDB(388)) - Container 1 is synced with bcsId 48.
2020-12-28 13:48:44,677 [Command processor thread] INFO  server.RaftServer (RaftServerProxy.java:remove(104)) - 332fbba1-841e-4633-be6b-7b3b7ad52219: remove    LEADER 332fbba1-841e-4633-be6b-7b3b7ad52219@group-4FE386A73824:t1, leader=332fbba1-841e-4633-be6b-7b3b7ad52219, voted=332fbba1-841e-4633-be6b-7b3b7ad52219, raftlog=332fbba1-841e-4633-be6b-7b3b7ad52219@group-4FE386A73824-SegmentedRaftLog:OPENED:c57,f58,i58, conf=0: [27693bd8-fb4b-4214-8f6f-61df0de82a87|rpc:172.17.0.2:35297|dataStream:, e508d2ab-90e0-4998-a856-79bccff972e6|rpc:172.17.0.2:35913|dataStream:, 332fbba1-841e-4633-be6b-7b3b7ad52219|rpc:172.17.0.2:37643|dataStream:], old=null RUNNING
2020-12-28 13:48:44,677 [Command processor thread] INFO  server.RaftServer$Division (RaftServerImpl.java:lambda$close$4(397)) - 332fbba1-841e-4633-be6b-7b3b7ad52219@group-4FE386A73824: shutdown
2020-12-28 13:48:44,678 [Command processor thread] INFO  util.JmxRegister (JmxRegister.java:unregister(73)) - Successfully un-registered JMX Bean with object name Ratis:service=RaftServer,group=group-4FE386A73824,id=332fbba1-841e-4633-be6b-7b3b7ad52219
2020-12-28 13:48:44,678 [Command processor thread] INFO  impl.RoleInfo (RoleInfo.java:shutdownLeaderState(91)) - 332fbba1-841e-4633-be6b-7b3b7ad52219: shutdown 332fbba1-841e-4633-be6b-7b3b7ad52219@group-4FE386A73824-LeaderStateImpl
2020-12-28 13:48:44,678 [Command processor thread] INFO  metrics.RatisMetrics (RatisMetrics.java:unregister(43)) - Unregistering Metrics Registry : ratis_grpc.log_appender.332fbba1-841e-4633-be6b-7b3b7ad52219@group-4FE386A73824
2020-12-28 13:48:44,678 [Command processor thread] INFO  metrics.RatisMetrics (RatisMetrics.java:unregister(43)) - Unregistering Metrics Registry : ratis_grpc.log_appender.332fbba1-841e-4633-be6b-7b3b7ad52219@group-4FE386A73824
2020-12-28 13:48:44,678 [332fbba1-841e-4633-be6b-7b3b7ad52219@group-4FE386A73824->27693bd8-fb4b-4214-8f6f-61df0de82a87-GrpcLogAppender-LogAppenderDaemon] WARN  server.GrpcLogAppender (GrpcLogAppender.java:mayWait(174)) - 332fbba1-841e-4633-be6b-7b3b7ad52219@group-4FE386A73824->27693bd8-fb4b-4214-8f6f-61df0de82a87-GrpcLogAppender: Wait interrupted by java.lang.InterruptedException
2020-12-28 13:48:44,683 [RatisApplyTransactionExecutor 1] INFO  keyvalue.KeyValueContainer (KeyValueContainer.java:close(326)) - Container 1 is closed with bcsId 48.
2020-12-28 13:48:44,678 [332fbba1-841e-4633-be6b-7b3b7ad52219@group-4FE386A73824->e508d2ab-90e0-4998-a856-79bccff972e6-GrpcLogAppender-LogAppenderDaemon] WARN  server.GrpcLogAppender (GrpcLogAppender.java:mayWait(174)) - 332fbba1-841e-4633-be6b-7b3b7ad52219@group-4FE386A73824->e508d2ab-90e0-4998-a856-79bccff972e6-GrpcLogAppender: Wait interrupted by java.lang.InterruptedException
2020-12-28 13:48:44,678 [Command processor thread] INFO  impl.PendingRequests (PendingRequests.java:sendNotLeaderResponses(249)) - 332fbba1-841e-4633-be6b-7b3b7ad52219@group-4FE386A73824-PendingRequests: sendNotLeaderResponses
2020-12-28 13:48:44,684 [grpc-default-executor-2] INFO  server.GrpcServerProtocolService (GrpcServerProtocolService.java:onCompleted(138)) - 27693bd8-fb4b-4214-8f6f-61df0de82a87: Completed APPEND_ENTRIES, lastRequest: 332fbba1-841e-4633-be6b-7b3b7ad52219->27693bd8-fb4b-4214-8f6f-61df0de82a87#505-t1,previous=(t:1, i:57),leaderCommit=57,initializing? true,entries: size=1, first=(t:1, i:58), METADATAENTRY(c:57)
2020-12-28 13:48:44,685 [IPC Server handler 14 on default port 37861] INFO  node.SCMNodeManager (SCMNodeManager.java:updateDatanodeOpState(419)) - Scheduling a command to update the operationalState persisted on the datanode as the reported value (IN_SERVICE, 0) does not match the value stored in SCM (ENTERING_MAINTENANCE, 0)
2020-12-28 13:48:44,689 [EventQueue-IncrementalContainerReportForIncrementalContainerReportHandler] INFO  container.IncrementalContainerReportHandler (AbstractContainerReportHandler.java:updateContainerState(215)) - Moving container #2 to CLOSED state, datanode 332fbba1-841e-4633-be6b-7b3b7ad52219{ip: 172.17.0.2, host: 10028447f7ab, networkLocation: /default-rack, certSerialId: null, persistedOpState: IN_SERVICE, persistedOpStateExpiryEpochSec: 0} reported CLOSED replica.
2020-12-28 13:48:44,689 [grpc-default-executor-1] INFO  server.GrpcLogAppender (GrpcLogAppender.java:onCompleted(343)) - 332fbba1-841e-4633-be6b-7b3b7ad52219@group-4FE386A73824->27693bd8-fb4b-4214-8f6f-61df0de82a87-AppendLogResponseHandler: follower responses appendEntries COMPLETED
2020-12-28 13:48:44,689 [grpc-default-executor-1] INFO  leader.FollowerInfo (FollowerInfoImpl.java:lambda$new$0(46)) - 332fbba1-841e-4633-be6b-7b3b7ad52219@group-4FE386A73824->27693bd8-fb4b-4214-8f6f-61df0de82a87: nextIndex: updateUnconditionally 59 -> 58
2020-12-28 13:48:44,685 [Command processor thread] INFO  metrics.RatisMetrics (RatisMetrics.java:unregister(43)) - Unregistering Metrics Registry : ratis.log_appender.332fbba1-841e-4633-be6b-7b3b7ad52219@group-4FE386A73824
2020-12-28 13:48:44,691 [Command processor thread] INFO  metrics.RatisMetrics (RatisMetrics.java:unregister(43)) - Unregistering Metrics Registry : ratis.server.332fbba1-841e-4633-be6b-7b3b7ad52219@group-4FE386A73824
2020-12-28 13:48:44,691 [Command processor thread] INFO  impl.StateMachineUpdater (StateMachineUpdater.java:stopAndJoin(148)) - 332fbba1-841e-4633-be6b-7b3b7ad52219@group-4FE386A73824-StateMachineUpdater: set stopIndex = 57
2020-12-28 13:48:44,692 [332fbba1-841e-4633-be6b-7b3b7ad52219@group-4FE386A73824-StateMachineUpdater] INFO  ratis.ContainerStateMachine (ContainerStateMachine.java:takeSnapshot(291)) - group-4FE386A73824: Taking a snapshot at:(t:1, i:57) file /github/workspace/mnt/ozone/hadoop-ozone/integration-test/target/test-dir/MiniOzoneClusterImpl-bdf594c0-931e-4198-806f-06e591ff76c3/datanode-1/data/ratis/df853216-7ced-4cab-b66e-4fe386a73824/sm/snapshot.1_57
2020-12-28 13:48:44,691 [IPC Server handler 19 on default port 37861] INFO  node.SCMNodeManager (SCMNodeManager.java:updateDatanodeOpState(419)) - Scheduling a command to update the operationalState persisted on the datanode as the reported value (IN_SERVICE, 0) does not match the value stored in SCM (ENTERING_MAINTENANCE, 0)
2020-12-28 13:48:44,690 [Command processor thread] INFO  keyvalue.KeyValueContainer (KeyValueContainer.java:flushAndSyncDB(388)) - Container 2 is synced with bcsId 52.
2020-12-28 13:48:44,693 [Command processor thread] INFO  keyvalue.KeyValueContainer (KeyValueContainer.java:flushAndSyncDB(388)) - Container 2 is synced with bcsId 52.
2020-12-28 13:48:44,690 [grpc-default-executor-0] INFO  server.GrpcServerProtocolService (GrpcServerProtocolService.java:onCompleted(138)) - e508d2ab-90e0-4998-a856-79bccff972e6: Completed APPEND_ENTRIES, lastRequest: 332fbba1-841e-4633-be6b-7b3b7ad52219->e508d2ab-90e0-4998-a856-79bccff972e6#507-t1,previous=(t:1, i:57),leaderCommit=57,initializing? true,entries: size=1, first=(t:1, i:58), METADATAENTRY(c:57)
2020-12-28 13:48:44,689 [IPC Server handler 16 on default port 37861] INFO  node.SCMNodeManager (SCMNodeManager.java:updateDatanodeOpState(419)) - Scheduling a command to update the operationalState persisted on the datanode as the reported value (IN_SERVICE, 0) does not match the value stored in SCM (ENTERING_MAINTENANCE, 0)
2020-12-28 13:48:44,695 [IPC Server handler 2 on default port 37861] INFO  node.SCMNodeManager (SCMNodeManager.java:updateDatanodeOpState(419)) - Scheduling a command to update the operationalState persisted on the datanode as the reported value (IN_SERVICE, 0) does not match the value stored in SCM (ENTERING_MAINTENANCE, 0)
2020-12-28 13:48:44,693 [RatisApplyTransactionExecutor 2] INFO  keyvalue.KeyValueContainer (KeyValueContainer.java:flushAndSyncDB(388)) - Container 2 is synced with bcsId 52.
2020-12-28 13:48:44,697 [RatisApplyTransactionExecutor 2] INFO  keyvalue.KeyValueContainer (KeyValueContainer.java:flushAndSyncDB(388)) - Container 2 is synced with bcsId 52.
2020-12-28 13:48:44,693 [332fbba1-841e-4633-be6b-7b3b7ad52219@group-4FE386A73824-StateMachineUpdater] INFO  ratis.ContainerStateMachine (ContainerStateMachine.java:takeSnapshot(302)) - group-4FE386A73824: Finished taking a snapshot at:(t:1, i:57) file:/github/workspace/mnt/ozone/hadoop-ozone/integration-test/target/test-dir/MiniOzoneClusterImpl-bdf594c0-931e-4198-806f-06e591ff76c3/datanode-1/data/ratis/df853216-7ced-4cab-b66e-4fe386a73824/sm/snapshot.1_57 time:1
2020-12-28 13:48:44,698 [332fbba1-841e-4633-be6b-7b3b7ad52219@group-4FE386A73824-StateMachineUpdater] INFO  impl.StateMachineUpdater (StateMachineUpdater.java:takeSnapshot(279)) - 332fbba1-841e-4633-be6b-7b3b7ad52219@group-4FE386A73824-StateMachineUpdater: Took a snapshot at index 57
2020-12-28 13:48:44,698 [332fbba1-841e-4633-be6b-7b3b7ad52219@group-4FE386A73824-StateMachineUpdater] INFO  impl.StateMachineUpdater (StateMachineUpdater.java:lambda$new$0(88)) - 332fbba1-841e-4633-be6b-7b3b7ad52219@group-4FE386A73824-StateMachineUpdater: snapshotIndex: updateIncreasingly -1 -> 57
2020-12-28 13:48:44,698 [332fbba1-841e-4633-be6b-7b3b7ad52219@group-4FE386A73824-StateMachineUpdater] INFO  metrics.RatisMetrics (RatisMetrics.java:unregister(43)) - Unregistering Metrics Registry : ratis.state_machine.332fbba1-841e-4633-be6b-7b3b7ad52219@group-4FE386A73824
2020-12-28 13:48:44,697 [IPC Server handler 0 on default port 37861] INFO  node.SCMNodeManager (SCMNodeManager.java:updateDatanodeOpState(419)) - Scheduling a command to update the operationalState persisted on the datanode as the reported value (IN_SERVICE, 0) does not match the value stored in SCM (ENTERING_MAINTENANCE, 0)
2020-12-28 13:48:44,701 [grpc-default-executor-0] INFO  server.GrpcLogAppender (GrpcLogAppender.java:onCompleted(343)) - 332fbba1-841e-4633-be6b-7b3b7ad52219@group-4FE386A73824->e508d2ab-90e0-4998-a856-79bccff972e6-AppendLogResponseHandler: follower responses appendEntries COMPLETED
2020-12-28 13:48:44,701 [grpc-default-executor-0] INFO  leader.FollowerInfo (FollowerInfoImpl.java:lambda$new$0(46)) - 332fbba1-841e-4633-be6b-7b3b7ad52219@group-4FE386A73824->e508d2ab-90e0-4998-a856-79bccff972e6: nextIndex: updateUnconditionally 59 -> 56
2020-12-28 13:48:44,701 [Command processor thread] INFO  server.RaftServer$Division (ServerState.java:close(406)) - 332fbba1-841e-4633-be6b-7b3b7ad52219@group-4FE386A73824: closes. applyIndex: 57
2020-12-28 13:48:44,696 [Command processor thread] INFO  server.RaftServer$Division (RaftServerImpl.java:groupRemove(367)) - e508d2ab-90e0-4998-a856-79bccff972e6@group-4FE386A73824: Succeed to remove RaftStorageDirectory Storage Directory /github/workspace/mnt/ozone/hadoop-ozone/integration-test/target/test-dir/MiniOzoneClusterImpl-bdf594c0-931e-4198-806f-06e591ff76c3/datanode-2/data/ratis/df853216-7ced-4cab-b66e-4fe386a73824
2020-12-28 13:48:44,701 [332fbba1-841e-4633-be6b-7b3b7ad52219@group-4FE386A73824-SegmentedRaftLogWorker] INFO  segmented.SegmentedRaftLogWorker (SegmentedRaftLogWorker.java:run(326)) - 332fbba1-841e-4633-be6b-7b3b7ad52219@group-4FE386A73824-SegmentedRaftLogWorker was interrupted, exiting. There are 0 tasks remaining in the queue.
2020-12-28 13:48:44,701 [Command processor thread] INFO  commandhandler.ClosePipelineCommandHandler (ClosePipelineCommandHandler.java:handle(75)) - Close Pipeline PipelineID=df853216-7ced-4cab-b66e-4fe386a73824 command on datanode e508d2ab-90e0-4998-a856-79bccff972e6.
2020-12-28 13:48:44,702 [RatisApplyTransactionExecutor 2] INFO  keyvalue.KeyValueContainer (KeyValueContainer.java:close(326)) - Container 2 is closed with bcsId 52.
2020-12-28 13:48:44,702 [Command processor thread] INFO  segmented.SegmentedRaftLogWorker (SegmentedRaftLogWorker.java:close(236)) - 332fbba1-841e-4633-be6b-7b3b7ad52219@group-4FE386A73824-SegmentedRaftLogWorker close()
2020-12-28 13:48:44,703 [Command processor thread] INFO  metrics.RatisMetrics (RatisMetrics.java:unregister(43)) - Unregistering Metrics Registry : ratis.log_worker.332fbba1-841e-4633-be6b-7b3b7ad52219@group-4FE386A73824
2020-12-28 13:48:44,703 [Command processor thread] INFO  metrics.RatisMetrics (RatisMetrics.java:unregister(43)) - Unregistering Metrics Registry : ratis.leader_election.332fbba1-841e-4633-be6b-7b3b7ad52219@group-4FE386A73824
2020-12-28 13:48:44,703 [Command processor thread] INFO  metrics.RatisMetrics (RatisMetrics.java:unregister(43)) - Unregistering Metrics Registry : ratis.server.332fbba1-841e-4633-be6b-7b3b7ad52219@group-4FE386A73824
2020-12-28 13:48:44,704 [Command processor thread] INFO  server.RaftServer$Division (RaftServerImpl.java:groupRemove(367)) - 332fbba1-841e-4633-be6b-7b3b7ad52219@group-4FE386A73824: Succeed to remove RaftStorageDirectory Storage Directory /github/workspace/mnt/ozone/hadoop-ozone/integration-test/target/test-dir/MiniOzoneClusterImpl-bdf594c0-931e-4198-806f-06e591ff76c3/datanode-1/data/ratis/df853216-7ced-4cab-b66e-4fe386a73824
2020-12-28 13:48:44,704 [Command processor thread] INFO  commandhandler.ClosePipelineCommandHandler (ClosePipelineCommandHandler.java:handle(75)) - Close Pipeline PipelineID=df853216-7ced-4cab-b66e-4fe386a73824 command on datanode 332fbba1-841e-4633-be6b-7b3b7ad52219.
2020-12-28 13:48:44,704 [Command processor thread] INFO  server.RaftServer (RaftServerProxy.java:remove(104)) - 332fbba1-841e-4633-be6b-7b3b7ad52219: remove    LEADER 332fbba1-841e-4633-be6b-7b3b7ad52219@group-BAC69C5844B7:t1, leader=332fbba1-841e-4633-be6b-7b3b7ad52219, voted=332fbba1-841e-4633-be6b-7b3b7ad52219, raftlog=332fbba1-841e-4633-be6b-7b3b7ad52219@group-BAC69C5844B7-SegmentedRaftLog:OPENED:c0,f0,i0, conf=0: [332fbba1-841e-4633-be6b-7b3b7ad52219|rpc:172.17.0.2:37643|dataStream:], old=null RUNNING
2020-12-28 13:48:44,704 [Command processor thread] INFO  server.RaftServer$Division (RaftServerImpl.java:lambda$close$4(397)) - 332fbba1-841e-4633-be6b-7b3b7ad52219@group-BAC69C5844B7: shutdown
2020-12-28 13:48:44,704 [Command processor thread] INFO  util.JmxRegister (JmxRegister.java:unregister(73)) - Successfully un-registered JMX Bean with object name Ratis:service=RaftServer,group=group-BAC69C5844B7,id=332fbba1-841e-4633-be6b-7b3b7ad52219
2020-12-28 13:48:44,704 [Command processor thread] INFO  impl.RoleInfo (RoleInfo.java:shutdownLeaderState(91)) - 332fbba1-841e-4633-be6b-7b3b7ad52219: shutdown 332fbba1-841e-4633-be6b-7b3b7ad52219@group-BAC69C5844B7-LeaderStateImpl
2020-12-28 13:48:44,704 [Command processor thread] INFO  impl.PendingRequests (PendingRequests.java:sendNotLeaderResponses(249)) - 332fbba1-841e-4633-be6b-7b3b7ad52219@group-BAC69C5844B7-PendingRequests: sendNotLeaderResponses
2020-12-28 13:48:44,704 [Command processor thread] INFO  metrics.RatisMetrics (RatisMetrics.java:unregister(43)) - Unregistering Metrics Registry : ratis.log_appender.332fbba1-841e-4633-be6b-7b3b7ad52219@group-BAC69C5844B7
2020-12-28 13:48:44,704 [Command processor thread] INFO  metrics.RatisMetrics (RatisMetrics.java:unregister(43)) - Unregistering Metrics Registry : ratis.server.332fbba1-841e-4633-be6b-7b3b7ad52219@group-BAC69C5844B7
2020-12-28 13:48:44,705 [Command processor thread] INFO  impl.StateMachineUpdater (StateMachineUpdater.java:stopAndJoin(148)) - 332fbba1-841e-4633-be6b-7b3b7ad52219@group-BAC69C5844B7-StateMachineUpdater: set stopIndex = 0
2020-12-28 13:48:44,705 [Command processor thread] INFO  server.RaftServer (RaftServerProxy.java:remove(104)) - e508d2ab-90e0-4998-a856-79bccff972e6: remove    LEADER e508d2ab-90e0-4998-a856-79bccff972e6@group-8D24F49300F7:t1, leader=e508d2ab-90e0-4998-a856-79bccff972e6, voted=e508d2ab-90e0-4998-a856-79bccff972e6, raftlog=e508d2ab-90e0-4998-a856-79bccff972e6@group-8D24F49300F7-SegmentedRaftLog:OPENED:c0,f0,i0, conf=0: [e508d2ab-90e0-4998-a856-79bccff972e6|rpc:172.17.0.2:35913|dataStream:], old=null RUNNING
2020-12-28 13:48:44,705 [Command processor thread] INFO  server.RaftServer$Division (RaftServerImpl.java:lambda$close$4(397)) - e508d2ab-90e0-4998-a856-79bccff972e6@group-8D24F49300F7: shutdown
2020-12-28 13:48:44,705 [332fbba1-841e-4633-be6b-7b3b7ad52219@group-BAC69C5844B7-StateMachineUpdater] INFO  ratis.ContainerStateMachine (ContainerStateMachine.java:takeSnapshot(291)) - group-BAC69C5844B7: Taking a snapshot at:(t:1, i:0) file /github/workspace/mnt/ozone/hadoop-ozone/integration-test/target/test-dir/MiniOzoneClusterImpl-bdf594c0-931e-4198-806f-06e591ff76c3/datanode-1/data/ratis/25e8ea36-1b59-4c27-9d74-bac69c5844b7/sm/snapshot.1_0
2020-12-28 13:48:44,705 [Command processor thread] INFO  util.JmxRegister (JmxRegister.java:unregister(73)) - Successfully un-registered JMX Bean with object name Ratis:service=RaftServer,group=group-8D24F49300F7,id=e508d2ab-90e0-4998-a856-79bccff972e6
2020-12-28 13:48:44,705 [Command processor thread] INFO  impl.RoleInfo (RoleInfo.java:shutdownLeaderState(91)) - e508d2ab-90e0-4998-a856-79bccff972e6: shutdown e508d2ab-90e0-4998-a856-79bccff972e6@group-8D24F49300F7-LeaderStateImpl
2020-12-28 13:48:44,705 [Command processor thread] INFO  impl.PendingRequests (PendingRequests.java:sendNotLeaderResponses(249)) - e508d2ab-90e0-4998-a856-79bccff972e6@group-8D24F49300F7-PendingRequests: sendNotLeaderResponses
2020-12-28 13:48:44,705 [IPC Server handler 3 on default port 37861] INFO  node.SCMNodeManager (SCMNodeManager.java:updateDatanodeOpState(419)) - Scheduling a command to update the operationalState persisted on the datanode as the reported value (IN_SERVICE, 0) does not match the value stored in SCM (ENTERING_MAINTENANCE, 0)
2020-12-28 13:48:44,705 [Command processor thread] INFO  metrics.RatisMetrics (RatisMetrics.java:unregister(43)) - Unregistering Metrics Registry : ratis.log_appender.e508d2ab-90e0-4998-a856-79bccff972e6@group-8D24F49300F7
2020-12-28 13:48:44,706 [Command processor thread] INFO  metrics.RatisMetrics (RatisMetrics.java:unregister(43)) - Unregistering Metrics Registry : ratis.server.e508d2ab-90e0-4998-a856-79bccff972e6@group-8D24F49300F7
2020-12-28 13:48:44,706 [332fbba1-841e-4633-be6b-7b3b7ad52219@group-BAC69C5844B7-StateMachineUpdater] INFO  ratis.ContainerStateMachine (ContainerStateMachine.java:takeSnapshot(302)) - group-BAC69C5844B7: Finished taking a snapshot at:(t:1, i:0) file:/github/workspace/mnt/ozone/hadoop-ozone/integration-test/target/test-dir/MiniOzoneClusterImpl-bdf594c0-931e-4198-806f-06e591ff76c3/datanode-1/data/ratis/25e8ea36-1b59-4c27-9d74-bac69c5844b7/sm/snapshot.1_0 time:1
2020-12-28 13:48:44,706 [332fbba1-841e-4633-be6b-7b3b7ad52219@group-BAC69C5844B7-StateMachineUpdater] INFO  impl.StateMachineUpdater (StateMachineUpdater.java:takeSnapshot(279)) - 332fbba1-841e-4633-be6b-7b3b7ad52219@group-BAC69C5844B7-StateMachineUpdater: Took a snapshot at index 0
2020-12-28 13:48:44,706 [332fbba1-841e-4633-be6b-7b3b7ad52219@group-BAC69C5844B7-StateMachineUpdater] INFO  impl.StateMachineUpdater (StateMachineUpdater.java:lambda$new$0(88)) - 332fbba1-841e-4633-be6b-7b3b7ad52219@group-BAC69C5844B7-StateMachineUpdater: snapshotIndex: updateIncreasingly -1 -> 0
2020-12-28 13:48:44,706 [332fbba1-841e-4633-be6b-7b3b7ad52219@group-BAC69C5844B7-StateMachineUpdater] INFO  metrics.RatisMetrics (RatisMetrics.java:unregister(43)) - Unregistering Metrics Registry : ratis.state_machine.332fbba1-841e-4633-be6b-7b3b7ad52219@group-BAC69C5844B7
2020-12-28 13:48:44,706 [e508d2ab-90e0-4998-a856-79bccff972e6@group-8D24F49300F7-StateMachineUpdater] INFO  ratis.ContainerStateMachine (ContainerStateMachine.java:takeSnapshot(291)) - group-8D24F49300F7: Taking a snapshot at:(t:1, i:0) file /github/workspace/mnt/ozone/hadoop-ozone/integration-test/target/test-dir/MiniOzoneClusterImpl-bdf594c0-931e-4198-806f-06e591ff76c3/datanode-2/data/ratis/eef1fea6-9141-4155-aa8f-8d24f49300f7/sm/snapshot.1_0
2020-12-28 13:48:44,707 [Command processor thread] INFO  impl.StateMachineUpdater (StateMachineUpdater.java:stopAndJoin(148)) - e508d2ab-90e0-4998-a856-79bccff972e6@group-8D24F49300F7-StateMachineUpdater: set stopIndex = 0
2020-12-28 13:48:44,707 [Command processor thread] INFO  server.RaftServer$Division (ServerState.java:close(406)) - 332fbba1-841e-4633-be6b-7b3b7ad52219@group-BAC69C5844B7: closes. applyIndex: 0
2020-12-28 13:48:44,707 [332fbba1-841e-4633-be6b-7b3b7ad52219@group-BAC69C5844B7-SegmentedRaftLogWorker] INFO  segmented.SegmentedRaftLogWorker (SegmentedRaftLogWorker.java:run(326)) - 332fbba1-841e-4633-be6b-7b3b7ad52219@group-BAC69C5844B7-SegmentedRaftLogWorker was interrupted, exiting. There are 0 tasks remaining in the queue.
2020-12-28 13:48:44,707 [e508d2ab-90e0-4998-a856-79bccff972e6@group-8D24F49300F7-StateMachineUpdater] INFO  ratis.ContainerStateMachine (ContainerStateMachine.java:takeSnapshot(302)) - group-8D24F49300F7: Finished taking a snapshot at:(t:1, i:0) file:/github/workspace/mnt/ozone/hadoop-ozone/integration-test/target/test-dir/MiniOzoneClusterImpl-bdf594c0-931e-4198-806f-06e591ff76c3/datanode-2/data/ratis/eef1fea6-9141-4155-aa8f-8d24f49300f7/sm/snapshot.1_0 time:0
2020-12-28 13:48:44,707 [e508d2ab-90e0-4998-a856-79bccff972e6@group-8D24F49300F7-StateMachineUpdater] INFO  impl.StateMachineUpdater (StateMachineUpdater.java:takeSnapshot(279)) - e508d2ab-90e0-4998-a856-79bccff972e6@group-8D24F49300F7-StateMachineUpdater: Took a snapshot at index 0
2020-12-28 13:48:44,707 [e508d2ab-90e0-4998-a856-79bccff972e6@group-8D24F49300F7-StateMachineUpdater] INFO  impl.StateMachineUpdater (StateMachineUpdater.java:lambda$new$0(88)) - e508d2ab-90e0-4998-a856-79bccff972e6@group-8D24F49300F7-StateMachineUpdater: snapshotIndex: updateIncreasingly -1 -> 0
2020-12-28 13:48:44,707 [e508d2ab-90e0-4998-a856-79bccff972e6@group-8D24F49300F7-StateMachineUpdater] INFO  metrics.RatisMetrics (RatisMetrics.java:unregister(43)) - Unregistering Metrics Registry : ratis.state_machine.e508d2ab-90e0-4998-a856-79bccff972e6@group-8D24F49300F7
2020-12-28 13:48:44,707 [Command processor thread] INFO  server.RaftServer$Division (ServerState.java:close(406)) - e508d2ab-90e0-4998-a856-79bccff972e6@group-8D24F49300F7: closes. applyIndex: 0
2020-12-28 13:48:44,708 [Command processor thread] INFO  segmented.SegmentedRaftLogWorker (SegmentedRaftLogWorker.java:close(236)) - 332fbba1-841e-4633-be6b-7b3b7ad52219@group-BAC69C5844B7-SegmentedRaftLogWorker close()
2020-12-28 13:48:44,708 [e508d2ab-90e0-4998-a856-79bccff972e6@group-8D24F49300F7-SegmentedRaftLogWorker] INFO  segmented.SegmentedRaftLogWorker (SegmentedRaftLogWorker.java:run(326)) - e508d2ab-90e0-4998-a856-79bccff972e6@group-8D24F49300F7-SegmentedRaftLogWorker was interrupted, exiting. There are 0 tasks remaining in the queue.
2020-12-28 13:48:44,708 [Command processor thread] INFO  metrics.RatisMetrics (RatisMetrics.java:unregister(43)) - Unregistering Metrics Registry : ratis.log_worker.332fbba1-841e-4633-be6b-7b3b7ad52219@group-BAC69C5844B7
2020-12-28 13:48:44,708 [Command processor thread] INFO  metrics.RatisMetrics (RatisMetrics.java:unregister(43)) - Unregistering Metrics Registry : ratis.leader_election.332fbba1-841e-4633-be6b-7b3b7ad52219@group-BAC69C5844B7
2020-12-28 13:48:44,709 [Command processor thread] INFO  metrics.RatisMetrics (RatisMetrics.java:unregister(43)) - Unregistering Metrics Registry : ratis.server.332fbba1-841e-4633-be6b-7b3b7ad52219@group-BAC69C5844B7
2020-12-28 13:48:44,709 [Command processor thread] INFO  server.RaftServer$Division (RaftServerImpl.java:groupRemove(367)) - 332fbba1-841e-4633-be6b-7b3b7ad52219@group-BAC69C5844B7: Succeed to remove RaftStorageDirectory Storage Directory /github/workspace/mnt/ozone/hadoop-ozone/integration-test/target/test-dir/MiniOzoneClusterImpl-bdf594c0-931e-4198-806f-06e591ff76c3/datanode-1/data/ratis/25e8ea36-1b59-4c27-9d74-bac69c5844b7
2020-12-28 13:48:44,709 [Command processor thread] INFO  commandhandler.ClosePipelineCommandHandler (ClosePipelineCommandHandler.java:handle(75)) - Close Pipeline PipelineID=25e8ea36-1b59-4c27-9d74-bac69c5844b7 command on datanode 332fbba1-841e-4633-be6b-7b3b7ad52219.
2020-12-28 13:48:44,710 [Command processor thread] WARN  server.RaftServer (RaftServerProxy.java:remove(99)) - 332fbba1-841e-4633-be6b-7b3b7ad52219: does not contain group: group-4FE386A73824
2020-12-28 13:48:44,710 [Command processor thread] ERROR commandhandler.ClosePipelineCommandHandler (ClosePipelineCommandHandler.java:handle(78)) - Can't close pipeline PipelineID=df853216-7ced-4cab-b66e-4fe386a73824
java.io.IOException: 332fbba1-841e-4633-be6b-7b3b7ad52219: Group group-4FE386A73824 not found.
	at org.apache.hadoop.ozone.container.common.transport.server.ratis.XceiverServerRatis.removeGroup(XceiverServerRatis.java:782)
	at org.apache.hadoop.ozone.container.common.statemachine.commandhandler.ClosePipelineCommandHandler.handle(ClosePipelineCommandHandler.java:74)
	at org.apache.hadoop.ozone.container.common.statemachine.commandhandler.CommandDispatcher.handle(CommandDispatcher.java:99)
	at org.apache.hadoop.ozone.container.common.statemachine.DatanodeStateMachine.lambda$initCommandHandlerThread$2(DatanodeStateMachine.java:498)
	at java.lang.Thread.run(Thread.java:748)
Caused by: org.apache.ratis.protocol.exceptions.GroupMismatchException: 332fbba1-841e-4633-be6b-7b3b7ad52219: Group group-4FE386A73824 not found.
	at org.apache.ratis.server.impl.RaftServerProxy.groupRemoveAsync(RaftServerProxy.java:494)
	at org.apache.ratis.server.impl.RaftServerProxy.groupManagementAsync(RaftServerProxy.java:450)
	at org.apache.ratis.server.impl.RaftServerProxy.groupManagement(RaftServerProxy.java:430)
	at org.apache.hadoop.ozone.container.common.transport.server.ratis.XceiverServerRatis.removeGroup(XceiverServerRatis.java:780)
	... 4 more
2020-12-28 13:48:44,710 [Command processor thread] WARN  server.RaftServer (RaftServerProxy.java:remove(99)) - 332fbba1-841e-4633-be6b-7b3b7ad52219: does not contain group: group-BAC69C5844B7
2020-12-28 13:48:44,710 [Command processor thread] ERROR commandhandler.ClosePipelineCommandHandler (ClosePipelineCommandHandler.java:handle(78)) - Can't close pipeline PipelineID=25e8ea36-1b59-4c27-9d74-bac69c5844b7
java.io.IOException: 332fbba1-841e-4633-be6b-7b3b7ad52219: Group group-BAC69C5844B7 not found.
	at org.apache.hadoop.ozone.container.common.transport.server.ratis.XceiverServerRatis.removeGroup(XceiverServerRatis.java:782)
	at org.apache.hadoop.ozone.container.common.statemachine.commandhandler.ClosePipelineCommandHandler.handle(ClosePipelineCommandHandler.java:74)
	at org.apache.hadoop.ozone.container.common.statemachine.commandhandler.CommandDispatcher.handle(CommandDispatcher.java:99)
	at org.apache.hadoop.ozone.container.common.statemachine.DatanodeStateMachine.lambda$initCommandHandlerThread$2(DatanodeStateMachine.java:498)
	at java.lang.Thread.run(Thread.java:748)
Caused by: org.apache.ratis.protocol.exceptions.GroupMismatchException: 332fbba1-841e-4633-be6b-7b3b7ad52219: Group group-BAC69C5844B7 not found.
	at org.apache.ratis.server.impl.RaftServerProxy.groupRemoveAsync(RaftServerProxy.java:494)
	at org.apache.ratis.server.impl.RaftServerProxy.groupManagementAsync(RaftServerProxy.java:450)
	at org.apache.ratis.server.impl.RaftServerProxy.groupManagement(RaftServerProxy.java:430)
	at org.apache.hadoop.ozone.container.common.transport.server.ratis.XceiverServerRatis.removeGroup(XceiverServerRatis.java:780)
	... 4 more
2020-12-28 13:48:44,711 [Command processor thread] WARN  server.RaftServer (RaftServerProxy.java:remove(99)) - 332fbba1-841e-4633-be6b-7b3b7ad52219: does not contain group: group-4FE386A73824
2020-12-28 13:48:44,711 [Command processor thread] ERROR commandhandler.ClosePipelineCommandHandler (ClosePipelineCommandHandler.java:handle(78)) - Can't close pipeline PipelineID=df853216-7ced-4cab-b66e-4fe386a73824
java.io.IOException: 332fbba1-841e-4633-be6b-7b3b7ad52219: Group group-4FE386A73824 not found.
	at org.apache.hadoop.ozone.container.common.transport.server.ratis.XceiverServerRatis.removeGroup(XceiverServerRatis.java:782)
	at org.apache.hadoop.ozone.container.common.statemachine.commandhandler.ClosePipelineCommandHandler.handle(ClosePipelineCommandHandler.java:74)
	at org.apache.hadoop.ozone.container.common.statemachine.commandhandler.CommandDispatcher.handle(CommandDispatcher.java:99)
	at org.apache.hadoop.ozone.container.common.statemachine.DatanodeStateMachine.lambda$initCommandHandlerThread$2(DatanodeStateMachine.java:498)
	at java.lang.Thread.run(Thread.java:748)
Caused by: org.apache.ratis.protocol.exceptions.GroupMismatchException: 332fbba1-841e-4633-be6b-7b3b7ad52219: Group group-4FE386A73824 not found.
	at org.apache.ratis.server.impl.RaftServerProxy.groupRemoveAsync(RaftServerProxy.java:494)
	at org.apache.ratis.server.impl.RaftServerProxy.groupManagementAsync(RaftServerProxy.java:450)
	at org.apache.ratis.server.impl.RaftServerProxy.groupManagement(RaftServerProxy.java:430)
	at org.apache.hadoop.ozone.container.common.transport.server.ratis.XceiverServerRatis.removeGroup(XceiverServerRatis.java:780)
	... 4 more
2020-12-28 13:48:44,711 [Command processor thread] WARN  server.RaftServer (RaftServerProxy.java:remove(99)) - 332fbba1-841e-4633-be6b-7b3b7ad52219: does not contain group: group-BAC69C5844B7
2020-12-28 13:48:44,711 [Command processor thread] ERROR commandhandler.ClosePipelineCommandHandler (ClosePipelineCommandHandler.java:handle(78)) - Can't close pipeline PipelineID=25e8ea36-1b59-4c27-9d74-bac69c5844b7
java.io.IOException: 332fbba1-841e-4633-be6b-7b3b7ad52219: Group group-BAC69C5844B7 not found.
	at org.apache.hadoop.ozone.container.common.transport.server.ratis.XceiverServerRatis.removeGroup(XceiverServerRatis.java:782)
	at org.apache.hadoop.ozone.container.common.statemachine.commandhandler.ClosePipelineCommandHandler.handle(ClosePipelineCommandHandler.java:74)
	at org.apache.hadoop.ozone.container.common.statemachine.commandhandler.CommandDispatcher.handle(CommandDispatcher.java:99)
	at org.apache.hadoop.ozone.container.common.statemachine.DatanodeStateMachine.lambda$initCommandHandlerThread$2(DatanodeStateMachine.java:498)
	at java.lang.Thread.run(Thread.java:748)
Caused by: org.apache.ratis.protocol.exceptions.GroupMismatchException: 332fbba1-841e-4633-be6b-7b3b7ad52219: Group group-BAC69C5844B7 not found.
	at org.apache.ratis.server.impl.RaftServerProxy.groupRemoveAsync(RaftServerProxy.java:494)
	at org.apache.ratis.server.impl.RaftServerProxy.groupManagementAsync(RaftServerProxy.java:450)
	at org.apache.ratis.server.impl.RaftServerProxy.groupManagement(RaftServerProxy.java:430)
	at org.apache.hadoop.ozone.container.common.transport.server.ratis.XceiverServerRatis.removeGroup(XceiverServerRatis.java:780)
	... 4 more
2020-12-28 13:48:44,712 [Command processor thread] WARN  server.RaftServer (RaftServerProxy.java:remove(99)) - 332fbba1-841e-4633-be6b-7b3b7ad52219: does not contain group: group-4FE386A73824
2020-12-28 13:48:44,712 [Command processor thread] ERROR commandhandler.ClosePipelineCommandHandler (ClosePipelineCommandHandler.java:handle(78)) - Can't close pipeline PipelineID=df853216-7ced-4cab-b66e-4fe386a73824
java.io.IOException: 332fbba1-841e-4633-be6b-7b3b7ad52219: Group group-4FE386A73824 not found.
	at org.apache.hadoop.ozone.container.common.transport.server.ratis.XceiverServerRatis.removeGroup(XceiverServerRatis.java:782)
	at org.apache.hadoop.ozone.container.common.statemachine.commandhandler.ClosePipelineCommandHandler.handle(ClosePipelineCommandHandler.java:74)
	at org.apache.hadoop.ozone.container.common.statemachine.commandhandler.CommandDispatcher.handle(CommandDispatcher.java:99)
	at org.apache.hadoop.ozone.container.common.statemachine.DatanodeStateMachine.lambda$initCommandHandlerThread$2(DatanodeStateMachine.java:498)
	at java.lang.Thread.run(Thread.java:748)
Caused by: org.apache.ratis.protocol.exceptions.GroupMismatchException: 332fbba1-841e-4633-be6b-7b3b7ad52219: Group group-4FE386A73824 not found.
	at org.apache.ratis.server.impl.RaftServerProxy.groupRemoveAsync(RaftServerProxy.java:494)
	at org.apache.ratis.server.impl.RaftServerProxy.groupManagementAsync(RaftServerProxy.java:450)
	at org.apache.ratis.server.impl.RaftServerProxy.groupManagement(RaftServerProxy.java:430)
	at org.apache.hadoop.ozone.container.common.transport.server.ratis.XceiverServerRatis.removeGroup(XceiverServerRatis.java:780)
	... 4 more
2020-12-28 13:48:44,712 [Command processor thread] WARN  server.RaftServer (RaftServerProxy.java:remove(99)) - 332fbba1-841e-4633-be6b-7b3b7ad52219: does not contain group: group-BAC69C5844B7
2020-12-28 13:48:44,712 [Command processor thread] ERROR commandhandler.ClosePipelineCommandHandler (ClosePipelineCommandHandler.java:handle(78)) - Can't close pipeline PipelineID=25e8ea36-1b59-4c27-9d74-bac69c5844b7
java.io.IOException: 332fbba1-841e-4633-be6b-7b3b7ad52219: Group group-BAC69C5844B7 not found.
	at org.apache.hadoop.ozone.container.common.transport.server.ratis.XceiverServerRatis.removeGroup(XceiverServerRatis.java:782)
	at org.apache.hadoop.ozone.container.common.statemachine.commandhandler.ClosePipelineCommandHandler.handle(ClosePipelineCommandHandler.java:74)
	at org.apache.hadoop.ozone.container.common.statemachine.commandhandler.CommandDispatcher.handle(CommandDispatcher.java:99)
	at org.apache.hadoop.ozone.container.common.statemachine.DatanodeStateMachine.lambda$initCommandHandlerThread$2(DatanodeStateMachine.java:498)
	at java.lang.Thread.run(Thread.java:748)
Caused by: org.apache.ratis.protocol.exceptions.GroupMismatchException: 332fbba1-841e-4633-be6b-7b3b7ad52219: Group group-BAC69C5844B7 not found.
	at org.apache.ratis.server.impl.RaftServerProxy.groupRemoveAsync(RaftServerProxy.java:494)
	at org.apache.ratis.server.impl.RaftServerProxy.groupManagementAsync(RaftServerProxy.java:450)
	at org.apache.ratis.server.impl.RaftServerProxy.groupManagement(RaftServerProxy.java:430)
	at org.apache.hadoop.ozone.container.common.transport.server.ratis.XceiverServerRatis.removeGroup(XceiverServerRatis.java:780)
	... 4 more
2020-12-28 13:48:44,713 [Command processor thread] INFO  segmented.SegmentedRaftLogWorker (SegmentedRaftLogWorker.java:close(236)) - e508d2ab-90e0-4998-a856-79bccff972e6@group-8D24F49300F7-SegmentedRaftLogWorker close()
2020-12-28 13:48:44,725 [Command processor thread] INFO  metrics.RatisMetrics (RatisMetrics.java:unregister(43)) - Unregistering Metrics Registry : ratis.log_worker.e508d2ab-90e0-4998-a856-79bccff972e6@group-8D24F49300F7
2020-12-28 13:48:44,725 [Command processor thread] INFO  metrics.RatisMetrics (RatisMetrics.java:unregister(43)) - Unregistering Metrics Registry : ratis.leader_election.e508d2ab-90e0-4998-a856-79bccff972e6@group-8D24F49300F7
2020-12-28 13:48:44,725 [Command processor thread] INFO  metrics.RatisMetrics (RatisMetrics.java:unregister(43)) - Unregistering Metrics Registry : ratis.server.e508d2ab-90e0-4998-a856-79bccff972e6@group-8D24F49300F7
2020-12-28 13:48:44,726 [Command processor thread] INFO  server.RaftServer$Division (RaftServerImpl.java:groupRemove(367)) - e508d2ab-90e0-4998-a856-79bccff972e6@group-8D24F49300F7: Succeed to remove RaftStorageDirectory Storage Directory /github/workspace/mnt/ozone/hadoop-ozone/integration-test/target/test-dir/MiniOzoneClusterImpl-bdf594c0-931e-4198-806f-06e591ff76c3/datanode-2/data/ratis/eef1fea6-9141-4155-aa8f-8d24f49300f7
2020-12-28 13:48:44,726 [Command processor thread] INFO  commandhandler.ClosePipelineCommandHandler (ClosePipelineCommandHandler.java:handle(75)) - Close Pipeline PipelineID=eef1fea6-9141-4155-aa8f-8d24f49300f7 command on datanode e508d2ab-90e0-4998-a856-79bccff972e6.
2020-12-28 13:48:44,726 [Command processor thread] WARN  server.RaftServer (RaftServerProxy.java:remove(99)) - e508d2ab-90e0-4998-a856-79bccff972e6: does not contain group: group-4FE386A73824
2020-12-28 13:48:44,726 [Command processor thread] ERROR commandhandler.ClosePipelineCommandHandler (ClosePipelineCommandHandler.java:handle(78)) - Can't close pipeline PipelineID=df853216-7ced-4cab-b66e-4fe386a73824
java.io.IOException: e508d2ab-90e0-4998-a856-79bccff972e6: Group group-4FE386A73824 not found.
	at org.apache.hadoop.ozone.container.common.transport.server.ratis.XceiverServerRatis.removeGroup(XceiverServerRatis.java:782)
	at org.apache.hadoop.ozone.container.common.statemachine.commandhandler.ClosePipelineCommandHandler.handle(ClosePipelineCommandHandler.java:74)
	at org.apache.hadoop.ozone.container.common.statemachine.commandhandler.CommandDispatcher.handle(CommandDispatcher.java:99)
	at org.apache.hadoop.ozone.container.common.statemachine.DatanodeStateMachine.lambda$initCommandHandlerThread$2(DatanodeStateMachine.java:498)
	at java.lang.Thread.run(Thread.java:748)
Caused by: org.apache.ratis.protocol.exceptions.GroupMismatchException: e508d2ab-90e0-4998-a856-79bccff972e6: Group group-4FE386A73824 not found.
	at org.apache.ratis.server.impl.RaftServerProxy.groupRemoveAsync(RaftServerProxy.java:494)
	at org.apache.ratis.server.impl.RaftServerProxy.groupManagementAsync(RaftServerProxy.java:450)
	at org.apache.ratis.server.impl.RaftServerProxy.groupManagement(RaftServerProxy.java:430)
	at org.apache.hadoop.ozone.container.common.transport.server.ratis.XceiverServerRatis.removeGroup(XceiverServerRatis.java:780)
	... 4 more
2020-12-28 13:48:44,726 [Command processor thread] WARN  server.RaftServer (RaftServerProxy.java:remove(99)) - e508d2ab-90e0-4998-a856-79bccff972e6: does not contain group: group-8D24F49300F7
2020-12-28 13:48:44,726 [Command processor thread] ERROR commandhandler.ClosePipelineCommandHandler (ClosePipelineCommandHandler.java:handle(78)) - Can't close pipeline PipelineID=eef1fea6-9141-4155-aa8f-8d24f49300f7
java.io.IOException: e508d2ab-90e0-4998-a856-79bccff972e6: Group group-8D24F49300F7 not found.
	at org.apache.hadoop.ozone.container.common.transport.server.ratis.XceiverServerRatis.removeGroup(XceiverServerRatis.java:782)
	at org.apache.hadoop.ozone.container.common.statemachine.commandhandler.ClosePipelineCommandHandler.handle(ClosePipelineCommandHandler.java:74)
	at org.apache.hadoop.ozone.container.common.statemachine.commandhandler.CommandDispatcher.handle(CommandDispatcher.java:99)
	at org.apache.hadoop.ozone.container.common.statemachine.DatanodeStateMachine.lambda$initCommandHandlerThread$2(DatanodeStateMachine.java:498)
	at java.lang.Thread.run(Thread.java:748)
Caused by: org.apache.ratis.protocol.exceptions.GroupMismatchException: e508d2ab-90e0-4998-a856-79bccff972e6: Group group-8D24F49300F7 not found.
	at org.apache.ratis.server.impl.RaftServerProxy.groupRemoveAsync(RaftServerProxy.java:494)
	at org.apache.ratis.server.impl.RaftServerProxy.groupManagementAsync(RaftServerProxy.java:450)
	at org.apache.ratis.server.impl.RaftServerProxy.groupManagement(RaftServerProxy.java:430)
	at org.apache.hadoop.ozone.container.common.transport.server.ratis.XceiverServerRatis.removeGroup(XceiverServerRatis.java:780)
	... 4 more
2020-12-28 13:48:44,727 [Command processor thread] WARN  server.RaftServer (RaftServerProxy.java:remove(99)) - e508d2ab-90e0-4998-a856-79bccff972e6: does not contain group: group-4FE386A73824
2020-12-28 13:48:44,727 [Command processor thread] ERROR commandhandler.ClosePipelineCommandHandler (ClosePipelineCommandHandler.java:handle(78)) - Can't close pipeline PipelineID=df853216-7ced-4cab-b66e-4fe386a73824
java.io.IOException: e508d2ab-90e0-4998-a856-79bccff972e6: Group group-4FE386A73824 not found.
	at org.apache.hadoop.ozone.container.common.transport.server.ratis.XceiverServerRatis.removeGroup(XceiverServerRatis.java:782)
	at org.apache.hadoop.ozone.container.common.statemachine.commandhandler.ClosePipelineCommandHandler.handle(ClosePipelineCommandHandler.java:74)
	at org.apache.hadoop.ozone.container.common.statemachine.commandhandler.CommandDispatcher.handle(CommandDispatcher.java:99)
	at org.apache.hadoop.ozone.container.common.statemachine.DatanodeStateMachine.lambda$initCommandHandlerThread$2(DatanodeStateMachine.java:498)
	at java.lang.Thread.run(Thread.java:748)
Caused by: org.apache.ratis.protocol.exceptions.GroupMismatchException: e508d2ab-90e0-4998-a856-79bccff972e6: Group group-4FE386A73824 not found.
	at org.apache.ratis.server.impl.RaftServerProxy.groupRemoveAsync(RaftServerProxy.java:494)
	at org.apache.ratis.server.impl.RaftServerProxy.groupManagementAsync(RaftServerProxy.java:450)
	at org.apache.ratis.server.impl.RaftServerProxy.groupManagement(RaftServerProxy.java:430)
	at org.apache.hadoop.ozone.container.common.transport.server.ratis.XceiverServerRatis.removeGroup(XceiverServerRatis.java:780)
	... 4 more
2020-12-28 13:48:44,727 [Command processor thread] WARN  server.RaftServer (RaftServerProxy.java:remove(99)) - e508d2ab-90e0-4998-a856-79bccff972e6: does not contain group: group-8D24F49300F7
2020-12-28 13:48:44,727 [Command processor thread] ERROR commandhandler.ClosePipelineCommandHandler (ClosePipelineCommandHandler.java:handle(78)) - Can't close pipeline PipelineID=eef1fea6-9141-4155-aa8f-8d24f49300f7
java.io.IOException: e508d2ab-90e0-4998-a856-79bccff972e6: Group group-8D24F49300F7 not found.
	at org.apache.hadoop.ozone.container.common.transport.server.ratis.XceiverServerRatis.removeGroup(XceiverServerRatis.java:782)
	at org.apache.hadoop.ozone.container.common.statemachine.commandhandler.ClosePipelineCommandHandler.handle(ClosePipelineCommandHandler.java:74)
	at org.apache.hadoop.ozone.container.common.statemachine.commandhandler.CommandDispatcher.handle(CommandDispatcher.java:99)
	at org.apache.hadoop.ozone.container.common.statemachine.DatanodeStateMachine.lambda$initCommandHandlerThread$2(DatanodeStateMachine.java:498)
	at java.lang.Thread.run(Thread.java:748)
Caused by: org.apache.ratis.protocol.exceptions.GroupMismatchException: e508d2ab-90e0-4998-a856-79bccff972e6: Group group-8D24F49300F7 not found.
	at org.apache.ratis.server.impl.RaftServerProxy.groupRemoveAsync(RaftServerProxy.java:494)
	at org.apache.ratis.server.impl.RaftServerProxy.groupManagementAsync(RaftServerProxy.java:450)
	at org.apache.ratis.server.impl.RaftServerProxy.groupManagement(RaftServerProxy.java:430)
	at org.apache.hadoop.ozone.container.common.transport.server.ratis.XceiverServerRatis.removeGroup(XceiverServerRatis.java:780)
	... 4 more
2020-12-28 13:48:44,728 [Command processor thread] WARN  server.RaftServer (RaftServerProxy.java:remove(99)) - e508d2ab-90e0-4998-a856-79bccff972e6: does not contain group: group-4FE386A73824
2020-12-28 13:48:44,728 [Command processor thread] ERROR commandhandler.ClosePipelineCommandHandler (ClosePipelineCommandHandler.java:handle(78)) - Can't close pipeline PipelineID=df853216-7ced-4cab-b66e-4fe386a73824
java.io.IOException: e508d2ab-90e0-4998-a856-79bccff972e6: Group group-4FE386A73824 not found.
	at org.apache.hadoop.ozone.container.common.transport.server.ratis.XceiverServerRatis.removeGroup(XceiverServerRatis.java:782)
	at org.apache.hadoop.ozone.container.common.statemachine.commandhandler.ClosePipelineCommandHandler.handle(ClosePipelineCommandHandler.java:74)
	at org.apache.hadoop.ozone.container.common.statemachine.commandhandler.CommandDispatcher.handle(CommandDispatcher.java:99)
	at org.apache.hadoop.ozone.container.common.statemachine.DatanodeStateMachine.lambda$initCommandHandlerThread$2(DatanodeStateMachine.java:498)
	at java.lang.Thread.run(Thread.java:748)
Caused by: org.apache.ratis.protocol.exceptions.GroupMismatchException: e508d2ab-90e0-4998-a856-79bccff972e6: Group group-4FE386A73824 not found.
	at org.apache.ratis.server.impl.RaftServerProxy.groupRemoveAsync(RaftServerProxy.java:494)
	at org.apache.ratis.server.impl.RaftServerProxy.groupManagementAsync(RaftServerProxy.java:450)
	at org.apache.ratis.server.impl.RaftServerProxy.groupManagement(RaftServerProxy.java:430)
	at org.apache.hadoop.ozone.container.common.transport.server.ratis.XceiverServerRatis.removeGroup(XceiverServerRatis.java:780)
	... 4 more
2020-12-28 13:48:44,728 [Command processor thread] WARN  server.RaftServer (RaftServerProxy.java:remove(99)) - e508d2ab-90e0-4998-a856-79bccff972e6: does not contain group: group-8D24F49300F7
2020-12-28 13:48:44,728 [Command processor thread] ERROR commandhandler.ClosePipelineCommandHandler (ClosePipelineCommandHandler.java:handle(78)) - Can't close pipeline PipelineID=eef1fea6-9141-4155-aa8f-8d24f49300f7
java.io.IOException: e508d2ab-90e0-4998-a856-79bccff972e6: Group group-8D24F49300F7 not found.
	at org.apache.hadoop.ozone.container.common.transport.server.ratis.XceiverServerRatis.removeGroup(XceiverServerRatis.java:782)
	at org.apache.hadoop.ozone.container.common.statemachine.commandhandler.ClosePipelineCommandHandler.handle(ClosePipelineCommandHandler.java:74)
	at org.apache.hadoop.ozone.container.common.statemachine.commandhandler.CommandDispatcher.handle(CommandDispatcher.java:99)
	at org.apache.hadoop.ozone.container.common.statemachine.DatanodeStateMachine.lambda$initCommandHandlerThread$2(DatanodeStateMachine.java:498)
	at java.lang.Thread.run(Thread.java:748)
Caused by: org.apache.ratis.protocol.exceptions.GroupMismatchException: e508d2ab-90e0-4998-a856-79bccff972e6: Group group-8D24F49300F7 not found.
	at org.apache.ratis.server.impl.RaftServerProxy.groupRemoveAsync(RaftServerProxy.java:494)
	at org.apache.ratis.server.impl.RaftServerProxy.groupManagementAsync(RaftServerProxy.java:450)
	at org.apache.ratis.server.impl.RaftServerProxy.groupManagement(RaftServerProxy.java:430)
	at org.apache.hadoop.ozone.container.common.transport.server.ratis.XceiverServerRatis.removeGroup(XceiverServerRatis.java:780)
	... 4 more
2020-12-28 13:48:44,729 [Command processor thread] WARN  server.RaftServer (RaftServerProxy.java:remove(99)) - e508d2ab-90e0-4998-a856-79bccff972e6: does not contain group: group-4FE386A73824
2020-12-28 13:48:44,729 [Command processor thread] ERROR commandhandler.ClosePipelineCommandHandler (ClosePipelineCommandHandler.java:handle(78)) - Can't close pipeline PipelineID=df853216-7ced-4cab-b66e-4fe386a73824
java.io.IOException: e508d2ab-90e0-4998-a856-79bccff972e6: Group group-4FE386A73824 not found.
	at org.apache.hadoop.ozone.container.common.transport.server.ratis.XceiverServerRatis.removeGroup(XceiverServerRatis.java:782)
	at org.apache.hadoop.ozone.container.common.statemachine.commandhandler.ClosePipelineCommandHandler.handle(ClosePipelineCommandHandler.java:74)
	at org.apache.hadoop.ozone.container.common.statemachine.commandhandler.CommandDispatcher.handle(CommandDispatcher.java:99)
	at org.apache.hadoop.ozone.container.common.statemachine.DatanodeStateMachine.lambda$initCommandHandlerThread$2(DatanodeStateMachine.java:498)
	at java.lang.Thread.run(Thread.java:748)
Caused by: org.apache.ratis.protocol.exceptions.GroupMismatchException: e508d2ab-90e0-4998-a856-79bccff972e6: Group group-4FE386A73824 not found.
	at org.apache.ratis.server.impl.RaftServerProxy.groupRemoveAsync(RaftServerProxy.java:494)
	at org.apache.ratis.server.impl.RaftServerProxy.groupManagementAsync(RaftServerProxy.java:450)
	at org.apache.ratis.server.impl.RaftServerProxy.groupManagement(RaftServerProxy.java:430)
	at org.apache.hadoop.ozone.container.common.transport.server.ratis.XceiverServerRatis.removeGroup(XceiverServerRatis.java:780)
	... 4 more
2020-12-28 13:48:44,730 [Command processor thread] WARN  server.RaftServer (RaftServerProxy.java:remove(99)) - e508d2ab-90e0-4998-a856-79bccff972e6: does not contain group: group-8D24F49300F7
2020-12-28 13:48:44,730 [Command processor thread] ERROR commandhandler.ClosePipelineCommandHandler (ClosePipelineCommandHandler.java:handle(78)) - Can't close pipeline PipelineID=eef1fea6-9141-4155-aa8f-8d24f49300f7
java.io.IOException: e508d2ab-90e0-4998-a856-79bccff972e6: Group group-8D24F49300F7 not found.
	at org.apache.hadoop.ozone.container.common.transport.server.ratis.XceiverServerRatis.removeGroup(XceiverServerRatis.java:782)
	at org.apache.hadoop.ozone.container.common.statemachine.commandhandler.ClosePipelineCommandHandler.handle(ClosePipelineCommandHandler.java:74)
	at org.apache.hadoop.ozone.container.common.statemachine.commandhandler.CommandDispatcher.handle(CommandDispatcher.java:99)
	at org.apache.hadoop.ozone.container.common.statemachine.DatanodeStateMachine.lambda$initCommandHandlerThread$2(DatanodeStateMachine.java:498)
	at java.lang.Thread.run(Thread.java:748)
Caused by: org.apache.ratis.protocol.exceptions.GroupMismatchException: e508d2ab-90e0-4998-a856-79bccff972e6: Group group-8D24F49300F7 not found.
	at org.apache.ratis.server.impl.RaftServerProxy.groupRemoveAsync(RaftServerProxy.java:494)
	at org.apache.ratis.server.impl.RaftServerProxy.groupManagementAsync(RaftServerProxy.java:450)
	at org.apache.ratis.server.impl.RaftServerProxy.groupManagement(RaftServerProxy.java:430)
	at org.apache.hadoop.ozone.container.common.transport.server.ratis.XceiverServerRatis.removeGroup(XceiverServerRatis.java:780)
	... 4 more
2020-12-28 13:48:44,730 [Command processor thread] WARN  server.RaftServer (RaftServerProxy.java:remove(99)) - 332fbba1-841e-4633-be6b-7b3b7ad52219: does not contain group: group-4FE386A73824
2020-12-28 13:48:44,731 [Command processor thread] ERROR commandhandler.ClosePipelineCommandHandler (ClosePipelineCommandHandler.java:handle(78)) - Can't close pipeline PipelineID=df853216-7ced-4cab-b66e-4fe386a73824
java.io.IOException: 332fbba1-841e-4633-be6b-7b3b7ad52219: Group group-4FE386A73824 not found.
	at org.apache.hadoop.ozone.container.common.transport.server.ratis.XceiverServerRatis.removeGroup(XceiverServerRatis.java:782)
	at org.apache.hadoop.ozone.container.common.statemachine.commandhandler.ClosePipelineCommandHandler.handle(ClosePipelineCommandHandler.java:74)
	at org.apache.hadoop.ozone.container.common.statemachine.commandhandler.CommandDispatcher.handle(CommandDispatcher.java:99)
	at org.apache.hadoop.ozone.container.common.statemachine.DatanodeStateMachine.lambda$initCommandHandlerThread$2(DatanodeStateMachine.java:498)
	at java.lang.Thread.run(Thread.java:748)
Caused by: org.apache.ratis.protocol.exceptions.GroupMismatchException: 332fbba1-841e-4633-be6b-7b3b7ad52219: Group group-4FE386A73824 not found.
	at org.apache.ratis.server.impl.RaftServerProxy.groupRemoveAsync(RaftServerProxy.java:494)
	at org.apache.ratis.server.impl.RaftServerProxy.groupManagementAsync(RaftServerProxy.java:450)
	at org.apache.ratis.server.impl.RaftServerProxy.groupManagement(RaftServerProxy.java:430)
	at org.apache.hadoop.ozone.container.common.transport.server.ratis.XceiverServerRatis.removeGroup(XceiverServerRatis.java:780)
	... 4 more
2020-12-28 13:48:44,731 [Command processor thread] WARN  server.RaftServer (RaftServerProxy.java:remove(99)) - 332fbba1-841e-4633-be6b-7b3b7ad52219: does not contain group: group-BAC69C5844B7
2020-12-28 13:48:44,731 [Command processor thread] ERROR commandhandler.ClosePipelineCommandHandler (ClosePipelineCommandHandler.java:handle(78)) - Can't close pipeline PipelineID=25e8ea36-1b59-4c27-9d74-bac69c5844b7
java.io.IOException: 332fbba1-841e-4633-be6b-7b3b7ad52219: Group group-BAC69C5844B7 not found.
	at org.apache.hadoop.ozone.container.common.transport.server.ratis.XceiverServerRatis.removeGroup(XceiverServerRatis.java:782)
	at org.apache.hadoop.ozone.container.common.statemachine.commandhandler.ClosePipelineCommandHandler.handle(ClosePipelineCommandHandler.java:74)
	at org.apache.hadoop.ozone.container.common.statemachine.commandhandler.CommandDispatcher.handle(CommandDispatcher.java:99)
	at org.apache.hadoop.ozone.container.common.statemachine.DatanodeStateMachine.lambda$initCommandHandlerThread$2(DatanodeStateMachine.java:498)
	at java.lang.Thread.run(Thread.java:748)
Caused by: org.apache.ratis.protocol.exceptions.GroupMismatchException: 332fbba1-841e-4633-be6b-7b3b7ad52219: Group group-BAC69C5844B7 not found.
	at org.apache.ratis.server.impl.RaftServerProxy.groupRemoveAsync(RaftServerProxy.java:494)
	at org.apache.ratis.server.impl.RaftServerProxy.groupManagementAsync(RaftServerProxy.java:450)
	at org.apache.ratis.server.impl.RaftServerProxy.groupManagement(RaftServerProxy.java:430)
	at org.apache.hadoop.ozone.container.common.transport.server.ratis.XceiverServerRatis.removeGroup(XceiverServerRatis.java:780)
	... 4 more
2020-12-28 13:48:44,793 [ReplicationMonitor] INFO  container.ReplicationManager (ReplicationManager.java:sendCloseCommand(948)) - Sending close container command for container #1 to datanode 332fbba1-841e-4633-be6b-7b3b7ad52219{ip: 172.17.0.2, host: 10028447f7ab, networkLocation: /default-rack, certSerialId: null, persistedOpState: IN_SERVICE, persistedOpStateExpiryEpochSec: 0}.
2020-12-28 13:48:44,793 [ReplicationMonitor] INFO  container.ReplicationManager (ReplicationManager.java:sendCloseCommand(948)) - Sending close container command for container #1 to datanode e508d2ab-90e0-4998-a856-79bccff972e6{ip: 172.17.0.2, host: 10028447f7ab, networkLocation: /default-rack, certSerialId: null, persistedOpState: IN_SERVICE, persistedOpStateExpiryEpochSec: 0}.
2020-12-28 13:48:44,793 [ReplicationMonitor] INFO  container.ReplicationManager (ReplicationManager.java:sendCloseCommand(948)) - Sending close container command for container #1 to datanode 27693bd8-fb4b-4214-8f6f-61df0de82a87{ip: 172.17.0.2, host: 10028447f7ab, networkLocation: /default-rack, certSerialId: null, persistedOpState: IN_SERVICE, persistedOpStateExpiryEpochSec: 0}.
2020-12-28 13:48:44,793 [ReplicationMonitor] INFO  container.ReplicationManager (ReplicationManager.java:sendCloseCommand(948)) - Sending close container command for container #2 to datanode 332fbba1-841e-4633-be6b-7b3b7ad52219{ip: 172.17.0.2, host: 10028447f7ab, networkLocation: /default-rack, certSerialId: null, persistedOpState: IN_SERVICE, persistedOpStateExpiryEpochSec: 0}.
2020-12-28 13:48:44,793 [ReplicationMonitor] INFO  container.ReplicationManager (ReplicationManager.java:sendCloseCommand(948)) - Sending close container command for container #2 to datanode e508d2ab-90e0-4998-a856-79bccff972e6{ip: 172.17.0.2, host: 10028447f7ab, networkLocation: /default-rack, certSerialId: null, persistedOpState: IN_SERVICE, persistedOpStateExpiryEpochSec: 0}.
2020-12-28 13:48:44,793 [ReplicationMonitor] INFO  container.ReplicationManager (ReplicationManager.java:sendCloseCommand(948)) - Sending close container command for container #2 to datanode 27693bd8-fb4b-4214-8f6f-61df0de82a87{ip: 172.17.0.2, host: 10028447f7ab, networkLocation: /default-rack, certSerialId: null, persistedOpState: IN_SERVICE, persistedOpStateExpiryEpochSec: 0}.
2020-12-28 13:48:44,794 [ReplicationMonitor] INFO  container.ReplicationManager (ReplicationManager.java:run(250)) - Replication Monitor Thread took 1 milliseconds for processing 4 containers.
2020-12-28 13:48:45,197 [DatanodeAdminManager-0] INFO  node.DatanodeAdminMonitorImpl (DatanodeAdminMonitorImpl.java:run(136)) - There are 3 nodes tracked for decommission and maintenance. 0 pending nodes.
2020-12-28 13:48:45,229 [Command processor thread] INFO  server.RaftServer (RaftServerProxy.java:remove(104)) - 27693bd8-fb4b-4214-8f6f-61df0de82a87: remove  FOLLOWER 27693bd8-fb4b-4214-8f6f-61df0de82a87@group-4FE386A73824:t1, leader=332fbba1-841e-4633-be6b-7b3b7ad52219, voted=332fbba1-841e-4633-be6b-7b3b7ad52219, raftlog=27693bd8-fb4b-4214-8f6f-61df0de82a87@group-4FE386A73824-SegmentedRaftLog:OPENED:c57,f58,i58, conf=0: [27693bd8-fb4b-4214-8f6f-61df0de82a87|rpc:172.17.0.2:35297|dataStream:, e508d2ab-90e0-4998-a856-79bccff972e6|rpc:172.17.0.2:35913|dataStream:, 332fbba1-841e-4633-be6b-7b3b7ad52219|rpc:172.17.0.2:37643|dataStream:], old=null RUNNING
2020-12-28 13:48:45,229 [Command processor thread] INFO  server.RaftServer$Division (RaftServerImpl.java:lambda$close$4(397)) - 27693bd8-fb4b-4214-8f6f-61df0de82a87@group-4FE386A73824: shutdown
2020-12-28 13:48:45,229 [Command processor thread] INFO  util.JmxRegister (JmxRegister.java:unregister(73)) - Successfully un-registered JMX Bean with object name Ratis:service=RaftServer,group=group-4FE386A73824,id=27693bd8-fb4b-4214-8f6f-61df0de82a87
2020-12-28 13:48:45,230 [Command processor thread] INFO  impl.RoleInfo (RoleInfo.java:shutdownFollowerState(108)) - 27693bd8-fb4b-4214-8f6f-61df0de82a87: shutdown 27693bd8-fb4b-4214-8f6f-61df0de82a87@group-4FE386A73824-FollowerState
2020-12-28 13:48:45,230 [Command processor thread] INFO  impl.StateMachineUpdater (StateMachineUpdater.java:stopAndJoin(148)) - 27693bd8-fb4b-4214-8f6f-61df0de82a87@group-4FE386A73824-StateMachineUpdater: set stopIndex = 57
2020-12-28 13:48:45,230 [Thread-844] INFO  impl.FollowerState (FollowerState.java:run(142)) - 27693bd8-fb4b-4214-8f6f-61df0de82a87@group-4FE386A73824-FollowerState was interrupted: {}
java.lang.InterruptedException: sleep interrupted
	at java.lang.Thread.sleep(Native Method)
	at java.lang.Thread.sleep(Thread.java:340)
	at java.util.concurrent.TimeUnit.sleep(TimeUnit.java:386)
	at org.apache.ratis.util.TimeDuration.sleep(TimeDuration.java:319)
	at org.apache.ratis.util.TimeDuration.sleep(TimeDuration.java:304)
	at org.apache.ratis.server.impl.FollowerState.run(FollowerState.java:117)
2020-12-28 13:48:45,231 [27693bd8-fb4b-4214-8f6f-61df0de82a87@group-4FE386A73824-StateMachineUpdater] INFO  ratis.ContainerStateMachine (ContainerStateMachine.java:takeSnapshot(291)) - group-4FE386A73824: Taking a snapshot at:(t:1, i:57) file /github/workspace/mnt/ozone/hadoop-ozone/integration-test/target/test-dir/MiniOzoneClusterImpl-bdf594c0-931e-4198-806f-06e591ff76c3/datanode-0/data/ratis/df853216-7ced-4cab-b66e-4fe386a73824/sm/snapshot.1_57
2020-12-28 13:48:45,234 [27693bd8-fb4b-4214-8f6f-61df0de82a87@group-4FE386A73824-StateMachineUpdater] INFO  ratis.ContainerStateMachine (ContainerStateMachine.java:takeSnapshot(302)) - group-4FE386A73824: Finished taking a snapshot at:(t:1, i:57) file:/github/workspace/mnt/ozone/hadoop-ozone/integration-test/target/test-dir/MiniOzoneClusterImpl-bdf594c0-931e-4198-806f-06e591ff76c3/datanode-0/data/ratis/df853216-7ced-4cab-b66e-4fe386a73824/sm/snapshot.1_57 time:3
2020-12-28 13:48:45,234 [27693bd8-fb4b-4214-8f6f-61df0de82a87@group-4FE386A73824-StateMachineUpdater] INFO  impl.StateMachineUpdater (StateMachineUpdater.java:takeSnapshot(279)) - 27693bd8-fb4b-4214-8f6f-61df0de82a87@group-4FE386A73824-StateMachineUpdater: Took a snapshot at index 57
2020-12-28 13:48:45,234 [27693bd8-fb4b-4214-8f6f-61df0de82a87@group-4FE386A73824-StateMachineUpdater] INFO  impl.StateMachineUpdater (StateMachineUpdater.java:lambda$new$0(88)) - 27693bd8-fb4b-4214-8f6f-61df0de82a87@group-4FE386A73824-StateMachineUpdater: snapshotIndex: updateIncreasingly -1 -> 57
2020-12-28 13:48:45,234 [27693bd8-fb4b-4214-8f6f-61df0de82a87@group-4FE386A73824-StateMachineUpdater] INFO  metrics.RatisMetrics (RatisMetrics.java:unregister(43)) - Unregistering Metrics Registry : ratis.state_machine.27693bd8-fb4b-4214-8f6f-61df0de82a87@group-4FE386A73824
2020-12-28 13:48:45,235 [Command processor thread] INFO  server.RaftServer$Division (ServerState.java:close(406)) - 27693bd8-fb4b-4214-8f6f-61df0de82a87@group-4FE386A73824: closes. applyIndex: 57
2020-12-28 13:48:45,235 [27693bd8-fb4b-4214-8f6f-61df0de82a87@group-4FE386A73824-SegmentedRaftLogWorker] INFO  segmented.SegmentedRaftLogWorker (SegmentedRaftLogWorker.java:run(326)) - 27693bd8-fb4b-4214-8f6f-61df0de82a87@group-4FE386A73824-SegmentedRaftLogWorker was interrupted, exiting. There are 0 tasks remaining in the queue.
2020-12-28 13:48:45,235 [Command processor thread] INFO  segmented.SegmentedRaftLogWorker (SegmentedRaftLogWorker.java:close(236)) - 27693bd8-fb4b-4214-8f6f-61df0de82a87@group-4FE386A73824-SegmentedRaftLogWorker close()
2020-12-28 13:48:45,235 [Command processor thread] INFO  metrics.RatisMetrics (RatisMetrics.java:unregister(43)) - Unregistering Metrics Registry : ratis.log_worker.27693bd8-fb4b-4214-8f6f-61df0de82a87@group-4FE386A73824
2020-12-28 13:48:45,235 [Command processor thread] INFO  metrics.RatisMetrics (RatisMetrics.java:unregister(43)) - Unregistering Metrics Registry : ratis.leader_election.27693bd8-fb4b-4214-8f6f-61df0de82a87@group-4FE386A73824
2020-12-28 13:48:45,235 [Command processor thread] INFO  metrics.RatisMetrics (RatisMetrics.java:unregister(43)) - Unregistering Metrics Registry : ratis.server.27693bd8-fb4b-4214-8f6f-61df0de82a87@group-4FE386A73824
2020-12-28 13:48:45,236 [Command processor thread] INFO  server.RaftServer$Division (RaftServerImpl.java:groupRemove(367)) - 27693bd8-fb4b-4214-8f6f-61df0de82a87@group-4FE386A73824: Succeed to remove RaftStorageDirectory Storage Directory /github/workspace/mnt/ozone/hadoop-ozone/integration-test/target/test-dir/MiniOzoneClusterImpl-bdf594c0-931e-4198-806f-06e591ff76c3/datanode-0/data/ratis/df853216-7ced-4cab-b66e-4fe386a73824
2020-12-28 13:48:45,236 [Command processor thread] INFO  commandhandler.ClosePipelineCommandHandler (ClosePipelineCommandHandler.java:handle(75)) - Close Pipeline PipelineID=df853216-7ced-4cab-b66e-4fe386a73824 command on datanode 27693bd8-fb4b-4214-8f6f-61df0de82a87.
2020-12-28 13:48:45,236 [Command processor thread] INFO  server.RaftServer (RaftServerProxy.java:remove(104)) - 27693bd8-fb4b-4214-8f6f-61df0de82a87: remove    LEADER 27693bd8-fb4b-4214-8f6f-61df0de82a87@group-2E53A9272730:t1, leader=27693bd8-fb4b-4214-8f6f-61df0de82a87, voted=27693bd8-fb4b-4214-8f6f-61df0de82a87, raftlog=27693bd8-fb4b-4214-8f6f-61df0de82a87@group-2E53A9272730-SegmentedRaftLog:OPENED:c0,f0,i0, conf=0: [27693bd8-fb4b-4214-8f6f-61df0de82a87|rpc:172.17.0.2:35297|dataStream:], old=null RUNNING
2020-12-28 13:48:45,236 [Command processor thread] INFO  server.RaftServer$Division (RaftServerImpl.java:lambda$close$4(397)) - 27693bd8-fb4b-4214-8f6f-61df0de82a87@group-2E53A9272730: shutdown
2020-12-28 13:48:45,236 [Command processor thread] INFO  util.JmxRegister (JmxRegister.java:unregister(73)) - Successfully un-registered JMX Bean with object name Ratis:service=RaftServer,group=group-2E53A9272730,id=27693bd8-fb4b-4214-8f6f-61df0de82a87
2020-12-28 13:48:45,236 [Command processor thread] INFO  impl.RoleInfo (RoleInfo.java:shutdownLeaderState(91)) - 27693bd8-fb4b-4214-8f6f-61df0de82a87: shutdown 27693bd8-fb4b-4214-8f6f-61df0de82a87@group-2E53A9272730-LeaderStateImpl
2020-12-28 13:48:45,236 [Command processor thread] INFO  impl.PendingRequests (PendingRequests.java:sendNotLeaderResponses(249)) - 27693bd8-fb4b-4214-8f6f-61df0de82a87@group-2E53A9272730-PendingRequests: sendNotLeaderResponses
2020-12-28 13:48:45,236 [Command processor thread] INFO  metrics.RatisMetrics (RatisMetrics.java:unregister(43)) - Unregistering Metrics Registry : ratis.log_appender.27693bd8-fb4b-4214-8f6f-61df0de82a87@group-2E53A9272730
2020-12-28 13:48:45,236 [Command processor thread] INFO  metrics.RatisMetrics (RatisMetrics.java:unregister(43)) - Unregistering Metrics Registry : ratis.server.27693bd8-fb4b-4214-8f6f-61df0de82a87@group-2E53A9272730
2020-12-28 13:48:45,237 [Command processor thread] INFO  impl.StateMachineUpdater (StateMachineUpdater.java:stopAndJoin(148)) - 27693bd8-fb4b-4214-8f6f-61df0de82a87@group-2E53A9272730-StateMachineUpdater: set stopIndex = 0
2020-12-28 13:48:45,237 [27693bd8-fb4b-4214-8f6f-61df0de82a87@group-2E53A9272730-StateMachineUpdater] INFO  ratis.ContainerStateMachine (ContainerStateMachine.java:takeSnapshot(291)) - group-2E53A9272730: Taking a snapshot at:(t:1, i:0) file /github/workspace/mnt/ozone/hadoop-ozone/integration-test/target/test-dir/MiniOzoneClusterImpl-bdf594c0-931e-4198-806f-06e591ff76c3/datanode-0/data/ratis/f292b469-5326-4df3-80ce-2e53a9272730/sm/snapshot.1_0
2020-12-28 13:48:45,237 [27693bd8-fb4b-4214-8f6f-61df0de82a87@group-2E53A9272730-StateMachineUpdater] INFO  ratis.ContainerStateMachine (ContainerStateMachine.java:takeSnapshot(302)) - group-2E53A9272730: Finished taking a snapshot at:(t:1, i:0) file:/github/workspace/mnt/ozone/hadoop-ozone/integration-test/target/test-dir/MiniOzoneClusterImpl-bdf594c0-931e-4198-806f-06e591ff76c3/datanode-0/data/ratis/f292b469-5326-4df3-80ce-2e53a9272730/sm/snapshot.1_0 time:1
2020-12-28 13:48:45,238 [27693bd8-fb4b-4214-8f6f-61df0de82a87@group-2E53A9272730-StateMachineUpdater] INFO  impl.StateMachineUpdater (StateMachineUpdater.java:takeSnapshot(279)) - 27693bd8-fb4b-4214-8f6f-61df0de82a87@group-2E53A9272730-StateMachineUpdater: Took a snapshot at index 0
2020-12-28 13:48:45,238 [27693bd8-fb4b-4214-8f6f-61df0de82a87@group-2E53A9272730-StateMachineUpdater] INFO  impl.StateMachineUpdater (StateMachineUpdater.java:lambda$new$0(88)) - 27693bd8-fb4b-4214-8f6f-61df0de82a87@group-2E53A9272730-StateMachineUpdater: snapshotIndex: updateIncreasingly -1 -> 0
2020-12-28 13:48:45,238 [27693bd8-fb4b-4214-8f6f-61df0de82a87@group-2E53A9272730-StateMachineUpdater] INFO  metrics.RatisMetrics (RatisMetrics.java:unregister(43)) - Unregistering Metrics Registry : ratis.state_machine.27693bd8-fb4b-4214-8f6f-61df0de82a87@group-2E53A9272730
2020-12-28 13:48:45,238 [Command processor thread] INFO  server.RaftServer$Division (ServerState.java:close(406)) - 27693bd8-fb4b-4214-8f6f-61df0de82a87@group-2E53A9272730: closes. applyIndex: 0
2020-12-28 13:48:45,238 [27693bd8-fb4b-4214-8f6f-61df0de82a87@group-2E53A9272730-SegmentedRaftLogWorker] INFO  segmented.SegmentedRaftLogWorker (SegmentedRaftLogWorker.java:run(326)) - 27693bd8-fb4b-4214-8f6f-61df0de82a87@group-2E53A9272730-SegmentedRaftLogWorker was interrupted, exiting. There are 0 tasks remaining in the queue.
2020-12-28 13:48:45,238 [Command processor thread] INFO  segmented.SegmentedRaftLogWorker (SegmentedRaftLogWorker.java:close(236)) - 27693bd8-fb4b-4214-8f6f-61df0de82a87@group-2E53A9272730-SegmentedRaftLogWorker close()
2020-12-28 13:48:45,238 [Command processor thread] INFO  metrics.RatisMetrics (RatisMetrics.java:unregister(43)) - Unregistering Metrics Registry : ratis.log_worker.27693bd8-fb4b-4214-8f6f-61df0de82a87@group-2E53A9272730
2020-12-28 13:48:45,238 [Command processor thread] INFO  metrics.RatisMetrics (RatisMetrics.java:unregister(43)) - Unregistering Metrics Registry : ratis.leader_election.27693bd8-fb4b-4214-8f6f-61df0de82a87@group-2E53A9272730
2020-12-28 13:48:45,239 [Command processor thread] INFO  metrics.RatisMetrics (RatisMetrics.java:unregister(43)) - Unregistering Metrics Registry : ratis.server.27693bd8-fb4b-4214-8f6f-61df0de82a87@group-2E53A9272730
2020-12-28 13:48:45,239 [Command processor thread] INFO  server.RaftServer$Division (RaftServerImpl.java:groupRemove(367)) - 27693bd8-fb4b-4214-8f6f-61df0de82a87@group-2E53A9272730: Succeed to remove RaftStorageDirectory Storage Directory /github/workspace/mnt/ozone/hadoop-ozone/integration-test/target/test-dir/MiniOzoneClusterImpl-bdf594c0-931e-4198-806f-06e591ff76c3/datanode-0/data/ratis/f292b469-5326-4df3-80ce-2e53a9272730
2020-12-28 13:48:45,239 [Command processor thread] INFO  commandhandler.ClosePipelineCommandHandler (ClosePipelineCommandHandler.java:handle(75)) - Close Pipeline PipelineID=f292b469-5326-4df3-80ce-2e53a9272730 command on datanode 27693bd8-fb4b-4214-8f6f-61df0de82a87.
2020-12-28 13:48:45,240 [Command processor thread] WARN  server.RaftServer (RaftServerProxy.java:remove(99)) - 27693bd8-fb4b-4214-8f6f-61df0de82a87: does not contain group: group-2E53A9272730
2020-12-28 13:48:45,240 [Command processor thread] ERROR commandhandler.ClosePipelineCommandHandler (ClosePipelineCommandHandler.java:handle(78)) - Can't close pipeline PipelineID=f292b469-5326-4df3-80ce-2e53a9272730
java.io.IOException: 27693bd8-fb4b-4214-8f6f-61df0de82a87: Group group-2E53A9272730 not found.
	at org.apache.hadoop.ozone.container.common.transport.server.ratis.XceiverServerRatis.removeGroup(XceiverServerRatis.java:782)
	at org.apache.hadoop.ozone.container.common.statemachine.commandhandler.ClosePipelineCommandHandler.handle(ClosePipelineCommandHandler.java:74)
	at org.apache.hadoop.ozone.container.common.statemachine.commandhandler.CommandDispatcher.handle(CommandDispatcher.java:99)
	at org.apache.hadoop.ozone.container.common.statemachine.DatanodeStateMachine.lambda$initCommandHandlerThread$2(DatanodeStateMachine.java:498)
	at java.lang.Thread.run(Thread.java:748)
Caused by: org.apache.ratis.protocol.exceptions.GroupMismatchException: 27693bd8-fb4b-4214-8f6f-61df0de82a87: Group group-2E53A9272730 not found.
	at org.apache.ratis.server.impl.RaftServerProxy.groupRemoveAsync(RaftServerProxy.java:494)
	at org.apache.ratis.server.impl.RaftServerProxy.groupManagementAsync(RaftServerProxy.java:450)
	at org.apache.ratis.server.impl.RaftServerProxy.groupManagement(RaftServerProxy.java:430)
	at org.apache.hadoop.ozone.container.common.transport.server.ratis.XceiverServerRatis.removeGroup(XceiverServerRatis.java:780)
	... 4 more
2020-12-28 13:48:45,240 [Command processor thread] WARN  server.RaftServer (RaftServerProxy.java:remove(99)) - 27693bd8-fb4b-4214-8f6f-61df0de82a87: does not contain group: group-4FE386A73824
2020-12-28 13:48:45,240 [Command processor thread] ERROR commandhandler.ClosePipelineCommandHandler (ClosePipelineCommandHandler.java:handle(78)) - Can't close pipeline PipelineID=df853216-7ced-4cab-b66e-4fe386a73824
java.io.IOException: 27693bd8-fb4b-4214-8f6f-61df0de82a87: Group group-4FE386A73824 not found.
	at org.apache.hadoop.ozone.container.common.transport.server.ratis.XceiverServerRatis.removeGroup(XceiverServerRatis.java:782)
	at org.apache.hadoop.ozone.container.common.statemachine.commandhandler.ClosePipelineCommandHandler.handle(ClosePipelineCommandHandler.java:74)
	at org.apache.hadoop.ozone.container.common.statemachine.commandhandler.CommandDispatcher.handle(CommandDispatcher.java:99)
	at org.apache.hadoop.ozone.container.common.statemachine.DatanodeStateMachine.lambda$initCommandHandlerThread$2(DatanodeStateMachine.java:498)
	at java.lang.Thread.run(Thread.java:748)
Caused by: org.apache.ratis.protocol.exceptions.GroupMismatchException: 27693bd8-fb4b-4214-8f6f-61df0de82a87: Group group-4FE386A73824 not found.
	at org.apache.ratis.server.impl.RaftServerProxy.groupRemoveAsync(RaftServerProxy.java:494)
	at org.apache.ratis.server.impl.RaftServerProxy.groupManagementAsync(RaftServerProxy.java:450)
	at org.apache.ratis.server.impl.RaftServerProxy.groupManagement(RaftServerProxy.java:430)
	at org.apache.hadoop.ozone.container.common.transport.server.ratis.XceiverServerRatis.removeGroup(XceiverServerRatis.java:780)
	... 4 more
2020-12-28 13:48:45,241 [Command processor thread] WARN  server.RaftServer (RaftServerProxy.java:remove(99)) - 27693bd8-fb4b-4214-8f6f-61df0de82a87: does not contain group: group-2E53A9272730
2020-12-28 13:48:45,241 [Command processor thread] ERROR commandhandler.ClosePipelineCommandHandler (ClosePipelineCommandHandler.java:handle(78)) - Can't close pipeline PipelineID=f292b469-5326-4df3-80ce-2e53a9272730
java.io.IOException: 27693bd8-fb4b-4214-8f6f-61df0de82a87: Group group-2E53A9272730 not found.
	at org.apache.hadoop.ozone.container.common.transport.server.ratis.XceiverServerRatis.removeGroup(XceiverServerRatis.java:782)
	at org.apache.hadoop.ozone.container.common.statemachine.commandhandler.ClosePipelineCommandHandler.handle(ClosePipelineCommandHandler.java:74)
	at org.apache.hadoop.ozone.container.common.statemachine.commandhandler.CommandDispatcher.handle(CommandDispatcher.java:99)
	at org.apache.hadoop.ozone.container.common.statemachine.DatanodeStateMachine.lambda$initCommandHandlerThread$2(DatanodeStateMachine.java:498)
	at java.lang.Thread.run(Thread.java:748)
Caused by: org.apache.ratis.protocol.exceptions.GroupMismatchException: 27693bd8-fb4b-4214-8f6f-61df0de82a87: Group group-2E53A9272730 not found.
	at org.apache.ratis.server.impl.RaftServerProxy.groupRemoveAsync(RaftServerProxy.java:494)
	at org.apache.ratis.server.impl.RaftServerProxy.groupManagementAsync(RaftServerProxy.java:450)
	at org.apache.ratis.server.impl.RaftServerProxy.groupManagement(RaftServerProxy.java:430)
	at org.apache.hadoop.ozone.container.common.transport.server.ratis.XceiverServerRatis.removeGroup(XceiverServerRatis.java:780)
	... 4 more
2020-12-28 13:48:45,241 [Command processor thread] WARN  server.RaftServer (RaftServerProxy.java:remove(99)) - 27693bd8-fb4b-4214-8f6f-61df0de82a87: does not contain group: group-4FE386A73824
2020-12-28 13:48:45,241 [Command processor thread] ERROR commandhandler.ClosePipelineCommandHandler (ClosePipelineCommandHandler.java:handle(78)) - Can't close pipeline PipelineID=df853216-7ced-4cab-b66e-4fe386a73824
java.io.IOException: 27693bd8-fb4b-4214-8f6f-61df0de82a87: Group group-4FE386A73824 not found.
	at org.apache.hadoop.ozone.container.common.transport.server.ratis.XceiverServerRatis.removeGroup(XceiverServerRatis.java:782)
	at org.apache.hadoop.ozone.container.common.statemachine.commandhandler.ClosePipelineCommandHandler.handle(ClosePipelineCommandHandler.java:74)
	at org.apache.hadoop.ozone.container.common.statemachine.commandhandler.CommandDispatcher.handle(CommandDispatcher.java:99)
	at org.apache.hadoop.ozone.container.common.statemachine.DatanodeStateMachine.lambda$initCommandHandlerThread$2(DatanodeStateMachine.java:498)
	at java.lang.Thread.run(Thread.java:748)
Caused by: org.apache.ratis.protocol.exceptions.GroupMismatchException: 27693bd8-fb4b-4214-8f6f-61df0de82a87: Group group-4FE386A73824 not found.
	at org.apache.ratis.server.impl.RaftServerProxy.groupRemoveAsync(RaftServerProxy.java:494)
	at org.apache.ratis.server.impl.RaftServerProxy.groupManagementAsync(RaftServerProxy.java:450)
	at org.apache.ratis.server.impl.RaftServerProxy.groupManagement(RaftServerProxy.java:430)
	at org.apache.hadoop.ozone.container.common.transport.server.ratis.XceiverServerRatis.removeGroup(XceiverServerRatis.java:780)
	... 4 more
2020-12-28 13:48:45,246 [Command processor thread] WARN  server.RaftServer (RaftServerProxy.java:remove(99)) - 27693bd8-fb4b-4214-8f6f-61df0de82a87: does not contain group: group-2E53A9272730
2020-12-28 13:48:45,246 [Command processor thread] ERROR commandhandler.ClosePipelineCommandHandler (ClosePipelineCommandHandler.java:handle(78)) - Can't close pipeline PipelineID=f292b469-5326-4df3-80ce-2e53a9272730
java.io.IOException: 27693bd8-fb4b-4214-8f6f-61df0de82a87: Group group-2E53A9272730 not found.
	at org.apache.hadoop.ozone.container.common.transport.server.ratis.XceiverServerRatis.removeGroup(XceiverServerRatis.java:782)
	at org.apache.hadoop.ozone.container.common.statemachine.commandhandler.ClosePipelineCommandHandler.handle(ClosePipelineCommandHandler.java:74)
	at org.apache.hadoop.ozone.container.common.statemachine.commandhandler.CommandDispatcher.handle(CommandDispatcher.java:99)
	at org.apache.hadoop.ozone.container.common.statemachine.DatanodeStateMachine.lambda$initCommandHandlerThread$2(DatanodeStateMachine.java:498)
	at java.lang.Thread.run(Thread.java:748)
Caused by: org.apache.ratis.protocol.exceptions.GroupMismatchException: 27693bd8-fb4b-4214-8f6f-61df0de82a87: Group group-2E53A9272730 not found.
	at org.apache.ratis.server.impl.RaftServerProxy.groupRemoveAsync(RaftServerProxy.java:494)
	at org.apache.ratis.server.impl.RaftServerProxy.groupManagementAsync(RaftServerProxy.java:450)
	at org.apache.ratis.server.impl.RaftServerProxy.groupManagement(RaftServerProxy.java:430)
	at org.apache.hadoop.ozone.container.common.transport.server.ratis.XceiverServerRatis.removeGroup(XceiverServerRatis.java:780)
	... 4 more
2020-12-28 13:48:45,246 [Command processor thread] WARN  server.RaftServer (RaftServerProxy.java:remove(99)) - 27693bd8-fb4b-4214-8f6f-61df0de82a87: does not contain group: group-4FE386A73824
2020-12-28 13:48:45,246 [Command processor thread] ERROR commandhandler.ClosePipelineCommandHandler (ClosePipelineCommandHandler.java:handle(78)) - Can't close pipeline PipelineID=df853216-7ced-4cab-b66e-4fe386a73824
java.io.IOException: 27693bd8-fb4b-4214-8f6f-61df0de82a87: Group group-4FE386A73824 not found.
	at org.apache.hadoop.ozone.container.common.transport.server.ratis.XceiverServerRatis.removeGroup(XceiverServerRatis.java:782)
	at org.apache.hadoop.ozone.container.common.statemachine.commandhandler.ClosePipelineCommandHandler.handle(ClosePipelineCommandHandler.java:74)
	at org.apache.hadoop.ozone.container.common.statemachine.commandhandler.CommandDispatcher.handle(CommandDispatcher.java:99)
	at org.apache.hadoop.ozone.container.common.statemachine.DatanodeStateMachine.lambda$initCommandHandlerThread$2(DatanodeStateMachine.java:498)
	at java.lang.Thread.run(Thread.java:748)
Caused by: org.apache.ratis.protocol.exceptions.GroupMismatchException: 27693bd8-fb4b-4214-8f6f-61df0de82a87: Group group-4FE386A73824 not found.
	at org.apache.ratis.server.impl.RaftServerProxy.groupRemoveAsync(RaftServerProxy.java:494)
	at org.apache.ratis.server.impl.RaftServerProxy.groupManagementAsync(RaftServerProxy.java:450)
	at org.apache.ratis.server.impl.RaftServerProxy.groupManagement(RaftServerProxy.java:430)
	at org.apache.hadoop.ozone.container.common.transport.server.ratis.XceiverServerRatis.removeGroup(XceiverServerRatis.java:780)
	... 4 more
2020-12-28 13:48:45,247 [Command processor thread] WARN  server.RaftServer (RaftServerProxy.java:remove(99)) - 27693bd8-fb4b-4214-8f6f-61df0de82a87: does not contain group: group-2E53A9272730
2020-12-28 13:48:45,247 [Command processor thread] ERROR commandhandler.ClosePipelineCommandHandler (ClosePipelineCommandHandler.java:handle(78)) - Can't close pipeline PipelineID=f292b469-5326-4df3-80ce-2e53a9272730
java.io.IOException: 27693bd8-fb4b-4214-8f6f-61df0de82a87: Group group-2E53A9272730 not found.
	at org.apache.hadoop.ozone.container.common.transport.server.ratis.XceiverServerRatis.removeGroup(XceiverServerRatis.java:782)
	at org.apache.hadoop.ozone.container.common.statemachine.commandhandler.ClosePipelineCommandHandler.handle(ClosePipelineCommandHandler.java:74)
	at org.apache.hadoop.ozone.container.common.statemachine.commandhandler.CommandDispatcher.handle(CommandDispatcher.java:99)
	at org.apache.hadoop.ozone.container.common.statemachine.DatanodeStateMachine.lambda$initCommandHandlerThread$2(DatanodeStateMachine.java:498)
	at java.lang.Thread.run(Thread.java:748)
Caused by: org.apache.ratis.protocol.exceptions.GroupMismatchException: 27693bd8-fb4b-4214-8f6f-61df0de82a87: Group group-2E53A9272730 not found.
	at org.apache.ratis.server.impl.RaftServerProxy.groupRemoveAsync(RaftServerProxy.java:494)
	at org.apache.ratis.server.impl.RaftServerProxy.groupManagementAsync(RaftServerProxy.java:450)
	at org.apache.ratis.server.impl.RaftServerProxy.groupManagement(RaftServerProxy.java:430)
	at org.apache.hadoop.ozone.container.common.transport.server.ratis.XceiverServerRatis.removeGroup(XceiverServerRatis.java:780)
	... 4 more
2020-12-28 13:48:45,247 [Command processor thread] WARN  server.RaftServer (RaftServerProxy.java:remove(99)) - 27693bd8-fb4b-4214-8f6f-61df0de82a87: does not contain group: group-4FE386A73824
2020-12-28 13:48:45,247 [Command processor thread] ERROR commandhandler.ClosePipelineCommandHandler (ClosePipelineCommandHandler.java:handle(78)) - Can't close pipeline PipelineID=df853216-7ced-4cab-b66e-4fe386a73824
java.io.IOException: 27693bd8-fb4b-4214-8f6f-61df0de82a87: Group group-4FE386A73824 not found.
	at org.apache.hadoop.ozone.container.common.transport.server.ratis.XceiverServerRatis.removeGroup(XceiverServerRatis.java:782)
	at org.apache.hadoop.ozone.container.common.statemachine.commandhandler.ClosePipelineCommandHandler.handle(ClosePipelineCommandHandler.java:74)
	at org.apache.hadoop.ozone.container.common.statemachine.commandhandler.CommandDispatcher.handle(CommandDispatcher.java:99)
	at org.apache.hadoop.ozone.container.common.statemachine.DatanodeStateMachine.lambda$initCommandHandlerThread$2(DatanodeStateMachine.java:498)
	at java.lang.Thread.run(Thread.java:748)
Caused by: org.apache.ratis.protocol.exceptions.GroupMismatchException: 27693bd8-fb4b-4214-8f6f-61df0de82a87: Group group-4FE386A73824 not found.
	at org.apache.ratis.server.impl.RaftServerProxy.groupRemoveAsync(RaftServerProxy.java:494)
	at org.apache.ratis.server.impl.RaftServerProxy.groupManagementAsync(RaftServerProxy.java:450)
	at org.apache.ratis.server.impl.RaftServerProxy.groupManagement(RaftServerProxy.java:430)
	at org.apache.hadoop.ozone.container.common.transport.server.ratis.XceiverServerRatis.removeGroup(XceiverServerRatis.java:780)
	... 4 more
2020-12-28 13:48:45,794 [ReplicationMonitor] INFO  container.ReplicationManager (ReplicationManager.java:handleUnderReplicatedContainer(722)) - Container #1 is under replicated. Expected replica count is 3, but found 1.
2020-12-28 13:48:45,794 [ReplicationMonitor] INFO  container.ReplicationManager (ReplicationManager.java:sendReplicateCommand(970)) - Sending replicate container command for container #1 to datanode d7483ff8-d446-4b93-ae84-b7d33969bf66{ip: 172.17.0.2, host: 10028447f7ab, networkLocation: /default-rack, certSerialId: null, persistedOpState: IN_SERVICE, persistedOpStateExpiryEpochSec: 0}
2020-12-28 13:48:45,795 [ReplicationMonitor] INFO  container.ReplicationManager (ReplicationManager.java:sendReplicateCommand(970)) - Sending replicate container command for container #1 to datanode ede2715c-525a-43bb-bbef-11d8a10627b5{ip: 172.17.0.2, host: 10028447f7ab, networkLocation: /default-rack, certSerialId: null, persistedOpState: IN_SERVICE, persistedOpStateExpiryEpochSec: 0}
2020-12-28 13:48:45,795 [ReplicationMonitor] INFO  container.ReplicationManager (ReplicationManager.java:handleUnderReplicatedContainer(722)) - Container #2 is under replicated. Expected replica count is 3, but found 1.
2020-12-28 13:48:45,795 [ReplicationMonitor] INFO  container.ReplicationManager (ReplicationManager.java:sendReplicateCommand(970)) - Sending replicate container command for container #2 to datanode d7483ff8-d446-4b93-ae84-b7d33969bf66{ip: 172.17.0.2, host: 10028447f7ab, networkLocation: /default-rack, certSerialId: null, persistedOpState: IN_SERVICE, persistedOpStateExpiryEpochSec: 0}
2020-12-28 13:48:45,795 [ReplicationMonitor] INFO  container.ReplicationManager (ReplicationManager.java:sendReplicateCommand(970)) - Sending replicate container command for container #2 to datanode c5825b16-4892-462f-82e3-ba8f99a31f50{ip: 172.17.0.2, host: 10028447f7ab, networkLocation: /default-rack, certSerialId: null, persistedOpState: IN_SERVICE, persistedOpStateExpiryEpochSec: 0}
2020-12-28 13:48:45,795 [ReplicationMonitor] INFO  container.ReplicationManager (ReplicationManager.java:run(250)) - Replication Monitor Thread took 2 milliseconds for processing 4 containers.
2020-12-28 13:48:46,201 [DatanodeAdminManager-0] INFO  node.DatanodeAdminMonitorImpl (DatanodeAdminMonitorImpl.java:checkContainersReplicatedOnNode(297)) - 27693bd8-fb4b-4214-8f6f-61df0de82a87{ip: 172.17.0.2, host: 10028447f7ab, networkLocation: /default-rack, certSerialId: null, persistedOpState: ENTERING_MAINTENANCE, persistedOpStateExpiryEpochSec: 0} has 0 sufficientlyReplicated, 2 underReplicated and 0 unhealthy containers
2020-12-28 13:48:46,202 [DatanodeAdminManager-0] INFO  node.DatanodeAdminMonitorImpl (DatanodeAdminMonitorImpl.java:checkContainersReplicatedOnNode(297)) - e508d2ab-90e0-4998-a856-79bccff972e6{ip: 172.17.0.2, host: 10028447f7ab, networkLocation: /default-rack, certSerialId: null, persistedOpState: ENTERING_MAINTENANCE, persistedOpStateExpiryEpochSec: 0} has 0 sufficientlyReplicated, 2 underReplicated and 0 unhealthy containers
2020-12-28 13:48:46,202 [DatanodeAdminManager-0] INFO  node.DatanodeAdminMonitorImpl (DatanodeAdminMonitorImpl.java:checkContainersReplicatedOnNode(297)) - 332fbba1-841e-4633-be6b-7b3b7ad52219{ip: 172.17.0.2, host: 10028447f7ab, networkLocation: /default-rack, certSerialId: null, persistedOpState: ENTERING_MAINTENANCE, persistedOpStateExpiryEpochSec: 0} has 0 sufficientlyReplicated, 2 underReplicated and 0 unhealthy containers
2020-12-28 13:48:46,202 [DatanodeAdminManager-0] INFO  node.DatanodeAdminMonitorImpl (DatanodeAdminMonitorImpl.java:run(136)) - There are 3 nodes tracked for decommission and maintenance. 0 pending nodes.
2020-12-28 13:48:46,676 [Command processor thread] WARN  server.RaftServer (RaftServerProxy.java:remove(99)) - 332fbba1-841e-4633-be6b-7b3b7ad52219: does not contain group: group-4FE386A73824
2020-12-28 13:48:46,676 [Command processor thread] ERROR commandhandler.ClosePipelineCommandHandler (ClosePipelineCommandHandler.java:handle(78)) - Can't close pipeline PipelineID=df853216-7ced-4cab-b66e-4fe386a73824
java.io.IOException: 332fbba1-841e-4633-be6b-7b3b7ad52219: Group group-4FE386A73824 not found.
	at org.apache.hadoop.ozone.container.common.transport.server.ratis.XceiverServerRatis.removeGroup(XceiverServerRatis.java:782)
	at org.apache.hadoop.ozone.container.common.statemachine.commandhandler.ClosePipelineCommandHandler.handle(ClosePipelineCommandHandler.java:74)
	at org.apache.hadoop.ozone.container.common.statemachine.commandhandler.CommandDispatcher.handle(CommandDispatcher.java:99)
	at org.apache.hadoop.ozone.container.common.statemachine.DatanodeStateMachine.lambda$initCommandHandlerThread$2(DatanodeStateMachine.java:498)
	at java.lang.Thread.run(Thread.java:748)
Caused by: org.apache.ratis.protocol.exceptions.GroupMismatchException: 332fbba1-841e-4633-be6b-7b3b7ad52219: Group group-4FE386A73824 not found.
	at org.apache.ratis.server.impl.RaftServerProxy.groupRemoveAsync(RaftServerProxy.java:494)
	at org.apache.ratis.server.impl.RaftServerProxy.groupManagementAsync(RaftServerProxy.java:450)
	at org.apache.ratis.server.impl.RaftServerProxy.groupManagement(RaftServerProxy.java:430)
	at org.apache.hadoop.ozone.container.common.transport.server.ratis.XceiverServerRatis.removeGroup(XceiverServerRatis.java:780)
	... 4 more
2020-12-28 13:48:46,676 [Command processor thread] WARN  server.RaftServer (RaftServerProxy.java:remove(99)) - 332fbba1-841e-4633-be6b-7b3b7ad52219: does not contain group: group-BAC69C5844B7
2020-12-28 13:48:46,677 [Command processor thread] ERROR commandhandler.ClosePipelineCommandHandler (ClosePipelineCommandHandler.java:handle(78)) - Can't close pipeline PipelineID=25e8ea36-1b59-4c27-9d74-bac69c5844b7
java.io.IOException: 332fbba1-841e-4633-be6b-7b3b7ad52219: Group group-BAC69C5844B7 not found.
	at org.apache.hadoop.ozone.container.common.transport.server.ratis.XceiverServerRatis.removeGroup(XceiverServerRatis.java:782)
	at org.apache.hadoop.ozone.container.common.statemachine.commandhandler.ClosePipelineCommandHandler.handle(ClosePipelineCommandHandler.java:74)
	at org.apache.hadoop.ozone.container.common.statemachine.commandhandler.CommandDispatcher.handle(CommandDispatcher.java:99)
	at org.apache.hadoop.ozone.container.common.statemachine.DatanodeStateMachine.lambda$initCommandHandlerThread$2(DatanodeStateMachine.java:498)
	at java.lang.Thread.run(Thread.java:748)
Caused by: org.apache.ratis.protocol.exceptions.GroupMismatchException: 332fbba1-841e-4633-be6b-7b3b7ad52219: Group group-BAC69C5844B7 not found.
	at org.apache.ratis.server.impl.RaftServerProxy.groupRemoveAsync(RaftServerProxy.java:494)
	at org.apache.ratis.server.impl.RaftServerProxy.groupManagementAsync(RaftServerProxy.java:450)
	at org.apache.ratis.server.impl.RaftServerProxy.groupManagement(RaftServerProxy.java:430)
	at org.apache.hadoop.ozone.container.common.transport.server.ratis.XceiverServerRatis.removeGroup(XceiverServerRatis.java:780)
	... 4 more
2020-12-28 13:48:46,696 [Command processor thread] WARN  server.RaftServer (RaftServerProxy.java:remove(99)) - e508d2ab-90e0-4998-a856-79bccff972e6: does not contain group: group-4FE386A73824
2020-12-28 13:48:46,696 [Command processor thread] ERROR commandhandler.ClosePipelineCommandHandler (ClosePipelineCommandHandler.java:handle(78)) - Can't close pipeline PipelineID=df853216-7ced-4cab-b66e-4fe386a73824
java.io.IOException: e508d2ab-90e0-4998-a856-79bccff972e6: Group group-4FE386A73824 not found.
	at org.apache.hadoop.ozone.container.common.transport.server.ratis.XceiverServerRatis.removeGroup(XceiverServerRatis.java:782)
	at org.apache.hadoop.ozone.container.common.statemachine.commandhandler.ClosePipelineCommandHandler.handle(ClosePipelineCommandHandler.java:74)
	at org.apache.hadoop.ozone.container.common.statemachine.commandhandler.CommandDispatcher.handle(CommandDispatcher.java:99)
	at org.apache.hadoop.ozone.container.common.statemachine.DatanodeStateMachine.lambda$initCommandHandlerThread$2(DatanodeStateMachine.java:498)
	at java.lang.Thread.run(Thread.java:748)
Caused by: org.apache.ratis.protocol.exceptions.GroupMismatchException: e508d2ab-90e0-4998-a856-79bccff972e6: Group group-4FE386A73824 not found.
	at org.apache.ratis.server.impl.RaftServerProxy.groupRemoveAsync(RaftServerProxy.java:494)
	at org.apache.ratis.server.impl.RaftServerProxy.groupManagementAsync(RaftServerProxy.java:450)
	at org.apache.ratis.server.impl.RaftServerProxy.groupManagement(RaftServerProxy.java:430)
	at org.apache.hadoop.ozone.container.common.transport.server.ratis.XceiverServerRatis.removeGroup(XceiverServerRatis.java:780)
	... 4 more
2020-12-28 13:48:46,697 [Command processor thread] WARN  server.RaftServer (RaftServerProxy.java:remove(99)) - e508d2ab-90e0-4998-a856-79bccff972e6: does not contain group: group-8D24F49300F7
2020-12-28 13:48:46,697 [Command processor thread] ERROR commandhandler.ClosePipelineCommandHandler (ClosePipelineCommandHandler.java:handle(78)) - Can't close pipeline PipelineID=eef1fea6-9141-4155-aa8f-8d24f49300f7
java.io.IOException: e508d2ab-90e0-4998-a856-79bccff972e6: Group group-8D24F49300F7 not found.
	at org.apache.hadoop.ozone.container.common.transport.server.ratis.XceiverServerRatis.removeGroup(XceiverServerRatis.java:782)
	at org.apache.hadoop.ozone.container.common.statemachine.commandhandler.ClosePipelineCommandHandler.handle(ClosePipelineCommandHandler.java:74)
	at org.apache.hadoop.ozone.container.common.statemachine.commandhandler.CommandDispatcher.handle(CommandDispatcher.java:99)
	at org.apache.hadoop.ozone.container.common.statemachine.DatanodeStateMachine.lambda$initCommandHandlerThread$2(DatanodeStateMachine.java:498)
	at java.lang.Thread.run(Thread.java:748)
Caused by: org.apache.ratis.protocol.exceptions.GroupMismatchException: e508d2ab-90e0-4998-a856-79bccff972e6: Group group-8D24F49300F7 not found.
	at org.apache.ratis.server.impl.RaftServerProxy.groupRemoveAsync(RaftServerProxy.java:494)
	at org.apache.ratis.server.impl.RaftServerProxy.groupManagementAsync(RaftServerProxy.java:450)
	at org.apache.ratis.server.impl.RaftServerProxy.groupManagement(RaftServerProxy.java:430)
	at org.apache.hadoop.ozone.container.common.transport.server.ratis.XceiverServerRatis.removeGroup(XceiverServerRatis.java:780)
	... 4 more
2020-12-28 13:48:46,702 [Command processor thread] WARN  server.RaftServer (RaftServerProxy.java:remove(99)) - 27693bd8-fb4b-4214-8f6f-61df0de82a87: does not contain group: group-2E53A9272730
2020-12-28 13:48:46,702 [Command processor thread] ERROR commandhandler.ClosePipelineCommandHandler (ClosePipelineCommandHandler.java:handle(78)) - Can't close pipeline PipelineID=f292b469-5326-4df3-80ce-2e53a9272730
java.io.IOException: 27693bd8-fb4b-4214-8f6f-61df0de82a87: Group group-2E53A9272730 not found.
	at org.apache.hadoop.ozone.container.common.transport.server.ratis.XceiverServerRatis.removeGroup(XceiverServerRatis.java:782)
	at org.apache.hadoop.ozone.container.common.statemachine.commandhandler.ClosePipelineCommandHandler.handle(ClosePipelineCommandHandler.java:74)
	at org.apache.hadoop.ozone.container.common.statemachine.commandhandler.CommandDispatcher.handle(CommandDispatcher.java:99)
	at org.apache.hadoop.ozone.container.common.statemachine.DatanodeStateMachine.lambda$initCommandHandlerThread$2(DatanodeStateMachine.java:498)
	at java.lang.Thread.run(Thread.java:748)
Caused by: org.apache.ratis.protocol.exceptions.GroupMismatchException: 27693bd8-fb4b-4214-8f6f-61df0de82a87: Group group-2E53A9272730 not found.
	at org.apache.ratis.server.impl.RaftServerProxy.groupRemoveAsync(RaftServerProxy.java:494)
	at org.apache.ratis.server.impl.RaftServerProxy.groupManagementAsync(RaftServerProxy.java:450)
	at org.apache.ratis.server.impl.RaftServerProxy.groupManagement(RaftServerProxy.java:430)
	at org.apache.hadoop.ozone.container.common.transport.server.ratis.XceiverServerRatis.removeGroup(XceiverServerRatis.java:780)
	... 4 more
2020-12-28 13:48:46,702 [Command processor thread] WARN  server.RaftServer (RaftServerProxy.java:remove(99)) - 27693bd8-fb4b-4214-8f6f-61df0de82a87: does not contain group: group-4FE386A73824
2020-12-28 13:48:46,702 [Command processor thread] ERROR commandhandler.ClosePipelineCommandHandler (ClosePipelineCommandHandler.java:handle(78)) - Can't close pipeline PipelineID=df853216-7ced-4cab-b66e-4fe386a73824
java.io.IOException: 27693bd8-fb4b-4214-8f6f-61df0de82a87: Group group-4FE386A73824 not found.
	at org.apache.hadoop.ozone.container.common.transport.server.ratis.XceiverServerRatis.removeGroup(XceiverServerRatis.java:782)
	at org.apache.hadoop.ozone.container.common.statemachine.commandhandler.ClosePipelineCommandHandler.handle(ClosePipelineCommandHandler.java:74)
	at org.apache.hadoop.ozone.container.common.statemachine.commandhandler.CommandDispatcher.handle(CommandDispatcher.java:99)
	at org.apache.hadoop.ozone.container.common.statemachine.DatanodeStateMachine.lambda$initCommandHandlerThread$2(DatanodeStateMachine.java:498)
	at java.lang.Thread.run(Thread.java:748)
Caused by: org.apache.ratis.protocol.exceptions.GroupMismatchException: 27693bd8-fb4b-4214-8f6f-61df0de82a87: Group group-4FE386A73824 not found.
	at org.apache.ratis.server.impl.RaftServerProxy.groupRemoveAsync(RaftServerProxy.java:494)
	at org.apache.ratis.server.impl.RaftServerProxy.groupManagementAsync(RaftServerProxy.java:450)
	at org.apache.ratis.server.impl.RaftServerProxy.groupManagement(RaftServerProxy.java:430)
	at org.apache.hadoop.ozone.container.common.transport.server.ratis.XceiverServerRatis.removeGroup(XceiverServerRatis.java:780)
	... 4 more
2020-12-28 13:48:46,796 [ReplicationMonitor] INFO  container.ReplicationManager (ReplicationManager.java:run(250)) - Replication Monitor Thread took 0 milliseconds for processing 4 containers.
2020-12-28 13:48:47,198 [DatanodeAdminManager-0] INFO  node.DatanodeAdminMonitorImpl (DatanodeAdminMonitorImpl.java:checkContainersReplicatedOnNode(297)) - 27693bd8-fb4b-4214-8f6f-61df0de82a87{ip: 172.17.0.2, host: 10028447f7ab, networkLocation: /default-rack, certSerialId: null, persistedOpState: ENTERING_MAINTENANCE, persistedOpStateExpiryEpochSec: 0} has 0 sufficientlyReplicated, 2 underReplicated and 0 unhealthy containers
2020-12-28 13:48:47,198 [DatanodeAdminManager-0] INFO  node.DatanodeAdminMonitorImpl (DatanodeAdminMonitorImpl.java:checkContainersReplicatedOnNode(297)) - e508d2ab-90e0-4998-a856-79bccff972e6{ip: 172.17.0.2, host: 10028447f7ab, networkLocation: /default-rack, certSerialId: null, persistedOpState: ENTERING_MAINTENANCE, persistedOpStateExpiryEpochSec: 0} has 0 sufficientlyReplicated, 2 underReplicated and 0 unhealthy containers
2020-12-28 13:48:47,198 [DatanodeAdminManager-0] INFO  node.DatanodeAdminMonitorImpl (DatanodeAdminMonitorImpl.java:checkContainersReplicatedOnNode(297)) - 332fbba1-841e-4633-be6b-7b3b7ad52219{ip: 172.17.0.2, host: 10028447f7ab, networkLocation: /default-rack, certSerialId: null, persistedOpState: ENTERING_MAINTENANCE, persistedOpStateExpiryEpochSec: 0} has 0 sufficientlyReplicated, 2 underReplicated and 0 unhealthy containers
2020-12-28 13:48:47,198 [DatanodeAdminManager-0] INFO  node.DatanodeAdminMonitorImpl (DatanodeAdminMonitorImpl.java:run(136)) - There are 3 nodes tracked for decommission and maintenance. 0 pending nodes.
2020-12-28 13:48:47,517 [ContainerReplicationThread-0] INFO  replication.DownloadAndImportReplicator (DownloadAndImportReplicator.java:replicate(106)) - Starting replication of container 1 from [332fbba1-841e-4633-be6b-7b3b7ad52219{ip: 172.17.0.2, host: 10028447f7ab, networkLocation: /default-rack, certSerialId: null, persistedOpState: ENTERING_MAINTENANCE, persistedOpStateExpiryEpochSec: 0}, 27693bd8-fb4b-4214-8f6f-61df0de82a87{ip: 172.17.0.2, host: 10028447f7ab, networkLocation: /default-rack, certSerialId: null, persistedOpState: ENTERING_MAINTENANCE, persistedOpStateExpiryEpochSec: 0}]
2020-12-28 13:48:47,524 [grpc-default-executor-2] INFO  replication.GrpcReplicationService (GrpcReplicationService.java:download(52)) - Streaming container data (1) to other datanode
2020-12-28 13:48:47,526 [ContainerReplicationThread-0] INFO  replication.DownloadAndImportReplicator (DownloadAndImportReplicator.java:replicate(106)) - Starting replication of container 2 from [332fbba1-841e-4633-be6b-7b3b7ad52219{ip: 172.17.0.2, host: 10028447f7ab, networkLocation: /default-rack, certSerialId: null, persistedOpState: ENTERING_MAINTENANCE, persistedOpStateExpiryEpochSec: 0}, 27693bd8-fb4b-4214-8f6f-61df0de82a87{ip: 172.17.0.2, host: 10028447f7ab, networkLocation: /default-rack, certSerialId: null, persistedOpState: ENTERING_MAINTENANCE, persistedOpStateExpiryEpochSec: 0}]
2020-12-28 13:48:47,532 [grpc-default-executor-0] INFO  replication.GrpcReplicationService (GrpcReplicationService.java:download(52)) - Streaming container data (2) to other datanode
2020-12-28 13:48:47,540 [grpc-default-executor-2] INFO  replication.GrpcOutputStream (GrpcOutputStream.java:close(104)) - Sent 9406 bytes for container 1
2020-12-28 13:48:47,543 [grpc-default-executor-0] INFO  replication.GrpcOutputStream (GrpcOutputStream.java:close(104)) - Sent 9359 bytes for container 2
2020-12-28 13:48:47,545 [grpc-default-executor-3] INFO  replication.GrpcReplicationClient (GrpcReplicationClient.java:onCompleted(177)) - Container 2 is downloaded to /github/workspace/mnt/ozone/hadoop-ozone/integration-test/target/test-dir/MiniOzoneClusterImpl-bdf594c0-931e-4198-806f-06e591ff76c3/datanode-4/data/replication/work/container-2.tar.gz
2020-12-28 13:48:47,546 [grpc-default-executor-1] INFO  replication.GrpcReplicationClient (GrpcReplicationClient.java:onCompleted(177)) - Container 1 is downloaded to /github/workspace/mnt/ozone/hadoop-ozone/integration-test/target/test-dir/MiniOzoneClusterImpl-bdf594c0-931e-4198-806f-06e591ff76c3/datanode-3/data/replication/work/container-1.tar.gz
2020-12-28 13:48:47,546 [ContainerReplicationThread-0] INFO  replication.DownloadAndImportReplicator (DownloadAndImportReplicator.java:replicate(117)) - Container 2 is downloaded, starting to import.
2020-12-28 13:48:47,547 [ContainerReplicationThread-0] INFO  replication.DownloadAndImportReplicator (DownloadAndImportReplicator.java:replicate(117)) - Container 1 is downloaded, starting to import.
2020-12-28 13:48:47,581 [ContainerReplicationThread-0] INFO  replication.DownloadAndImportReplicator (DownloadAndImportReplicator.java:replicate(120)) - Container 2 is replicated successfully
2020-12-28 13:48:47,581 [ContainerReplicationThread-0] INFO  replication.ReplicationSupervisor (ReplicationSupervisor.java:run(146)) - Container 2 is replicated.
2020-12-28 13:48:47,584 [ContainerReplicationThread-0] INFO  replication.DownloadAndImportReplicator (DownloadAndImportReplicator.java:replicate(120)) - Container 1 is replicated successfully
2020-12-28 13:48:47,584 [ContainerReplicationThread-0] INFO  replication.ReplicationSupervisor (ReplicationSupervisor.java:run(146)) - Container 1 is replicated.
2020-12-28 13:48:47,797 [ReplicationMonitor] INFO  container.ReplicationManager (ReplicationManager.java:run(250)) - Replication Monitor Thread took 0 milliseconds for processing 4 containers.
2020-12-28 13:48:48,198 [DatanodeAdminManager-0] INFO  node.DatanodeAdminMonitorImpl (DatanodeAdminMonitorImpl.java:checkContainersReplicatedOnNode(297)) - 27693bd8-fb4b-4214-8f6f-61df0de82a87{ip: 172.17.0.2, host: 10028447f7ab, networkLocation: /default-rack, certSerialId: null, persistedOpState: ENTERING_MAINTENANCE, persistedOpStateExpiryEpochSec: 0} has 0 sufficientlyReplicated, 2 underReplicated and 0 unhealthy containers
2020-12-28 13:48:48,198 [DatanodeAdminManager-0] INFO  node.DatanodeAdminMonitorImpl (DatanodeAdminMonitorImpl.java:checkContainersReplicatedOnNode(297)) - e508d2ab-90e0-4998-a856-79bccff972e6{ip: 172.17.0.2, host: 10028447f7ab, networkLocation: /default-rack, certSerialId: null, persistedOpState: ENTERING_MAINTENANCE, persistedOpStateExpiryEpochSec: 0} has 0 sufficientlyReplicated, 2 underReplicated and 0 unhealthy containers
2020-12-28 13:48:48,198 [DatanodeAdminManager-0] INFO  node.DatanodeAdminMonitorImpl (DatanodeAdminMonitorImpl.java:checkContainersReplicatedOnNode(297)) - 332fbba1-841e-4633-be6b-7b3b7ad52219{ip: 172.17.0.2, host: 10028447f7ab, networkLocation: /default-rack, certSerialId: null, persistedOpState: ENTERING_MAINTENANCE, persistedOpStateExpiryEpochSec: 0} has 0 sufficientlyReplicated, 2 underReplicated and 0 unhealthy containers
2020-12-28 13:48:48,198 [DatanodeAdminManager-0] INFO  node.DatanodeAdminMonitorImpl (DatanodeAdminMonitorImpl.java:run(136)) - There are 3 nodes tracked for decommission and maintenance. 0 pending nodes.
2020-12-28 13:48:48,513 [ContainerReplicationThread-1] INFO  replication.DownloadAndImportReplicator (DownloadAndImportReplicator.java:replicate(106)) - Starting replication of container 2 from [332fbba1-841e-4633-be6b-7b3b7ad52219{ip: 172.17.0.2, host: 10028447f7ab, networkLocation: /default-rack, certSerialId: null, persistedOpState: ENTERING_MAINTENANCE, persistedOpStateExpiryEpochSec: 0}, 27693bd8-fb4b-4214-8f6f-61df0de82a87{ip: 172.17.0.2, host: 10028447f7ab, networkLocation: /default-rack, certSerialId: null, persistedOpState: ENTERING_MAINTENANCE, persistedOpStateExpiryEpochSec: 0}]
2020-12-28 13:48:48,514 [ContainerReplicationThread-0] INFO  replication.DownloadAndImportReplicator (DownloadAndImportReplicator.java:replicate(106)) - Starting replication of container 1 from [332fbba1-841e-4633-be6b-7b3b7ad52219{ip: 172.17.0.2, host: 10028447f7ab, networkLocation: /default-rack, certSerialId: null, persistedOpState: ENTERING_MAINTENANCE, persistedOpStateExpiryEpochSec: 0}, 27693bd8-fb4b-4214-8f6f-61df0de82a87{ip: 172.17.0.2, host: 10028447f7ab, networkLocation: /default-rack, certSerialId: null, persistedOpState: ENTERING_MAINTENANCE, persistedOpStateExpiryEpochSec: 0}]
2020-12-28 13:48:48,521 [grpc-default-executor-1] INFO  replication.GrpcReplicationService (GrpcReplicationService.java:download(52)) - Streaming container data (2) to other datanode
2020-12-28 13:48:48,524 [grpc-default-executor-2] INFO  replication.GrpcReplicationService (GrpcReplicationService.java:download(52)) - Streaming container data (1) to other datanode
2020-12-28 13:48:48,529 [grpc-default-executor-1] INFO  replication.GrpcOutputStream (GrpcOutputStream.java:close(104)) - Sent 9466 bytes for container 2
2020-12-28 13:48:48,532 [grpc-default-executor-1] INFO  replication.GrpcReplicationClient (GrpcReplicationClient.java:onCompleted(177)) - Container 2 is downloaded to /github/workspace/mnt/ozone/hadoop-ozone/integration-test/target/test-dir/MiniOzoneClusterImpl-bdf594c0-931e-4198-806f-06e591ff76c3/datanode-5/data/replication/work/container-2.tar.gz
2020-12-28 13:48:48,533 [ContainerReplicationThread-1] INFO  replication.DownloadAndImportReplicator (DownloadAndImportReplicator.java:replicate(117)) - Container 2 is downloaded, starting to import.
2020-12-28 13:48:48,556 [grpc-default-executor-2] INFO  replication.GrpcOutputStream (GrpcOutputStream.java:close(104)) - Sent 16261 bytes for container 1
2020-12-28 13:48:48,556 [grpc-default-executor-1] INFO  replication.GrpcReplicationClient (GrpcReplicationClient.java:onCompleted(177)) - Container 1 is downloaded to /github/workspace/mnt/ozone/hadoop-ozone/integration-test/target/test-dir/MiniOzoneClusterImpl-bdf594c0-931e-4198-806f-06e591ff76c3/datanode-5/data/replication/work/container-1.tar.gz
2020-12-28 13:48:48,561 [ContainerReplicationThread-0] INFO  replication.DownloadAndImportReplicator (DownloadAndImportReplicator.java:replicate(117)) - Container 1 is downloaded, starting to import.
2020-12-28 13:48:48,564 [ContainerReplicationThread-1] INFO  replication.DownloadAndImportReplicator (DownloadAndImportReplicator.java:replicate(120)) - Container 2 is replicated successfully
2020-12-28 13:48:48,564 [ContainerReplicationThread-1] INFO  replication.ReplicationSupervisor (ReplicationSupervisor.java:run(146)) - Container 2 is replicated.
2020-12-28 13:48:48,591 [ContainerReplicationThread-0] INFO  replication.DownloadAndImportReplicator (DownloadAndImportReplicator.java:replicate(120)) - Container 1 is replicated successfully
2020-12-28 13:48:48,591 [ContainerReplicationThread-0] INFO  replication.ReplicationSupervisor (ReplicationSupervisor.java:run(146)) - Container 1 is replicated.
2020-12-28 13:48:48,696 [Command processor thread] WARN  server.RaftServer (RaftServerProxy.java:remove(99)) - e508d2ab-90e0-4998-a856-79bccff972e6: does not contain group: group-4FE386A73824
2020-12-28 13:48:48,696 [Command processor thread] ERROR commandhandler.ClosePipelineCommandHandler (ClosePipelineCommandHandler.java:handle(78)) - Can't close pipeline PipelineID=df853216-7ced-4cab-b66e-4fe386a73824
java.io.IOException: e508d2ab-90e0-4998-a856-79bccff972e6: Group group-4FE386A73824 not found.
	at org.apache.hadoop.ozone.container.common.transport.server.ratis.XceiverServerRatis.removeGroup(XceiverServerRatis.java:782)
	at org.apache.hadoop.ozone.container.common.statemachine.commandhandler.ClosePipelineCommandHandler.handle(ClosePipelineCommandHandler.java:74)
	at org.apache.hadoop.ozone.container.common.statemachine.commandhandler.CommandDispatcher.handle(CommandDispatcher.java:99)
	at org.apache.hadoop.ozone.container.common.statemachine.DatanodeStateMachine.lambda$initCommandHandlerThread$2(DatanodeStateMachine.java:498)
	at java.lang.Thread.run(Thread.java:748)
Caused by: org.apache.ratis.protocol.exceptions.GroupMismatchException: e508d2ab-90e0-4998-a856-79bccff972e6: Group group-4FE386A73824 not found.
	at org.apache.ratis.server.impl.RaftServerProxy.groupRemoveAsync(RaftServerProxy.java:494)
	at org.apache.ratis.server.impl.RaftServerProxy.groupManagementAsync(RaftServerProxy.java:450)
	at org.apache.ratis.server.impl.RaftServerProxy.groupManagement(RaftServerProxy.java:430)
	at org.apache.hadoop.ozone.container.common.transport.server.ratis.XceiverServerRatis.removeGroup(XceiverServerRatis.java:780)
	... 4 more
2020-12-28 13:48:48,696 [Command processor thread] WARN  server.RaftServer (RaftServerProxy.java:remove(99)) - e508d2ab-90e0-4998-a856-79bccff972e6: does not contain group: group-8D24F49300F7
2020-12-28 13:48:48,696 [Command processor thread] ERROR commandhandler.ClosePipelineCommandHandler (ClosePipelineCommandHandler.java:handle(78)) - Can't close pipeline PipelineID=eef1fea6-9141-4155-aa8f-8d24f49300f7
java.io.IOException: e508d2ab-90e0-4998-a856-79bccff972e6: Group group-8D24F49300F7 not found.
	at org.apache.hadoop.ozone.container.common.transport.server.ratis.XceiverServerRatis.removeGroup(XceiverServerRatis.java:782)
	at org.apache.hadoop.ozone.container.common.statemachine.commandhandler.ClosePipelineCommandHandler.handle(ClosePipelineCommandHandler.java:74)
	at org.apache.hadoop.ozone.container.common.statemachine.commandhandler.CommandDispatcher.handle(CommandDispatcher.java:99)
	at org.apache.hadoop.ozone.container.common.statemachine.DatanodeStateMachine.lambda$initCommandHandlerThread$2(DatanodeStateMachine.java:498)
	at java.lang.Thread.run(Thread.java:748)
Caused by: org.apache.ratis.protocol.exceptions.GroupMismatchException: e508d2ab-90e0-4998-a856-79bccff972e6: Group group-8D24F49300F7 not found.
	at org.apache.ratis.server.impl.RaftServerProxy.groupRemoveAsync(RaftServerProxy.java:494)
	at org.apache.ratis.server.impl.RaftServerProxy.groupManagementAsync(RaftServerProxy.java:450)
	at org.apache.ratis.server.impl.RaftServerProxy.groupManagement(RaftServerProxy.java:430)
	at org.apache.hadoop.ozone.container.common.transport.server.ratis.XceiverServerRatis.removeGroup(XceiverServerRatis.java:780)
	... 4 more
2020-12-28 13:48:48,712 [Command processor thread] WARN  server.RaftServer (RaftServerProxy.java:remove(99)) - 27693bd8-fb4b-4214-8f6f-61df0de82a87: does not contain group: group-2E53A9272730
2020-12-28 13:48:48,712 [Command processor thread] ERROR commandhandler.ClosePipelineCommandHandler (ClosePipelineCommandHandler.java:handle(78)) - Can't close pipeline PipelineID=f292b469-5326-4df3-80ce-2e53a9272730
java.io.IOException: 27693bd8-fb4b-4214-8f6f-61df0de82a87: Group group-2E53A9272730 not found.
	at org.apache.hadoop.ozone.container.common.transport.server.ratis.XceiverServerRatis.removeGroup(XceiverServerRatis.java:782)
	at org.apache.hadoop.ozone.container.common.statemachine.commandhandler.ClosePipelineCommandHandler.handle(ClosePipelineCommandHandler.java:74)
	at org.apache.hadoop.ozone.container.common.statemachine.commandhandler.CommandDispatcher.handle(CommandDispatcher.java:99)
	at org.apache.hadoop.ozone.container.common.statemachine.DatanodeStateMachine.lambda$initCommandHandlerThread$2(DatanodeStateMachine.java:498)
	at java.lang.Thread.run(Thread.java:748)
Caused by: org.apache.ratis.protocol.exceptions.GroupMismatchException: 27693bd8-fb4b-4214-8f6f-61df0de82a87: Group group-2E53A9272730 not found.
	at org.apache.ratis.server.impl.RaftServerProxy.groupRemoveAsync(RaftServerProxy.java:494)
	at org.apache.ratis.server.impl.RaftServerProxy.groupManagementAsync(RaftServerProxy.java:450)
	at org.apache.ratis.server.impl.RaftServerProxy.groupManagement(RaftServerProxy.java:430)
	at org.apache.hadoop.ozone.container.common.transport.server.ratis.XceiverServerRatis.removeGroup(XceiverServerRatis.java:780)
	... 4 more
2020-12-28 13:48:48,712 [Command processor thread] WARN  server.RaftServer (RaftServerProxy.java:remove(99)) - 27693bd8-fb4b-4214-8f6f-61df0de82a87: does not contain group: group-4FE386A73824
2020-12-28 13:48:48,712 [Command processor thread] ERROR commandhandler.ClosePipelineCommandHandler (ClosePipelineCommandHandler.java:handle(78)) - Can't close pipeline PipelineID=df853216-7ced-4cab-b66e-4fe386a73824
java.io.IOException: 27693bd8-fb4b-4214-8f6f-61df0de82a87: Group group-4FE386A73824 not found.
	at org.apache.hadoop.ozone.container.common.transport.server.ratis.XceiverServerRatis.removeGroup(XceiverServerRatis.java:782)
	at org.apache.hadoop.ozone.container.common.statemachine.commandhandler.ClosePipelineCommandHandler.handle(ClosePipelineCommandHandler.java:74)
	at org.apache.hadoop.ozone.container.common.statemachine.commandhandler.CommandDispatcher.handle(CommandDispatcher.java:99)
	at org.apache.hadoop.ozone.container.common.statemachine.DatanodeStateMachine.lambda$initCommandHandlerThread$2(DatanodeStateMachine.java:498)
	at java.lang.Thread.run(Thread.java:748)
Caused by: org.apache.ratis.protocol.exceptions.GroupMismatchException: 27693bd8-fb4b-4214-8f6f-61df0de82a87: Group group-4FE386A73824 not found.
	at org.apache.ratis.server.impl.RaftServerProxy.groupRemoveAsync(RaftServerProxy.java:494)
	at org.apache.ratis.server.impl.RaftServerProxy.groupManagementAsync(RaftServerProxy.java:450)
	at org.apache.ratis.server.impl.RaftServerProxy.groupManagement(RaftServerProxy.java:430)
	at org.apache.hadoop.ozone.container.common.transport.server.ratis.XceiverServerRatis.removeGroup(XceiverServerRatis.java:780)
	... 4 more
2020-12-28 13:48:48,798 [ReplicationMonitor] INFO  container.ReplicationManager (ReplicationManager.java:handleUnderReplicatedContainer(722)) - Container #1 is under replicated. Expected replica count is 3, but found 2.
2020-12-28 13:48:48,798 [ReplicationMonitor] INFO  container.ReplicationManager (ReplicationManager.java:sendReplicateCommand(970)) - Sending replicate container command for container #1 to datanode c5825b16-4892-462f-82e3-ba8f99a31f50{ip: 172.17.0.2, host: 10028447f7ab, networkLocation: /default-rack, certSerialId: null, persistedOpState: IN_SERVICE, persistedOpStateExpiryEpochSec: 0}
2020-12-28 13:48:48,798 [ReplicationMonitor] INFO  container.ReplicationManager (ReplicationManager.java:run(250)) - Replication Monitor Thread took 0 milliseconds for processing 4 containers.
2020-12-28 13:48:49,198 [DatanodeAdminManager-0] INFO  node.DatanodeAdminMonitorImpl (DatanodeAdminMonitorImpl.java:checkContainersReplicatedOnNode(297)) - 27693bd8-fb4b-4214-8f6f-61df0de82a87{ip: 172.17.0.2, host: 10028447f7ab, networkLocation: /default-rack, certSerialId: null, persistedOpState: ENTERING_MAINTENANCE, persistedOpStateExpiryEpochSec: 0} has 0 sufficientlyReplicated, 2 underReplicated and 0 unhealthy containers
2020-12-28 13:48:49,198 [DatanodeAdminManager-0] INFO  node.DatanodeAdminMonitorImpl (DatanodeAdminMonitorImpl.java:checkContainersReplicatedOnNode(297)) - e508d2ab-90e0-4998-a856-79bccff972e6{ip: 172.17.0.2, host: 10028447f7ab, networkLocation: /default-rack, certSerialId: null, persistedOpState: ENTERING_MAINTENANCE, persistedOpStateExpiryEpochSec: 0} has 0 sufficientlyReplicated, 2 underReplicated and 0 unhealthy containers
2020-12-28 13:48:49,199 [DatanodeAdminManager-0] INFO  node.DatanodeAdminMonitorImpl (DatanodeAdminMonitorImpl.java:checkContainersReplicatedOnNode(297)) - 332fbba1-841e-4633-be6b-7b3b7ad52219{ip: 172.17.0.2, host: 10028447f7ab, networkLocation: /default-rack, certSerialId: null, persistedOpState: ENTERING_MAINTENANCE, persistedOpStateExpiryEpochSec: 0} has 0 sufficientlyReplicated, 2 underReplicated and 0 unhealthy containers
2020-12-28 13:48:49,199 [DatanodeAdminManager-0] INFO  node.DatanodeAdminMonitorImpl (DatanodeAdminMonitorImpl.java:run(136)) - There are 3 nodes tracked for decommission and maintenance. 0 pending nodes.
2020-12-28 13:48:49,799 [ReplicationMonitor] INFO  container.ReplicationManager (ReplicationManager.java:run(250)) - Replication Monitor Thread took 0 milliseconds for processing 4 containers.
2020-12-28 13:48:50,198 [DatanodeAdminManager-0] INFO  node.DatanodeAdminMonitorImpl (DatanodeAdminMonitorImpl.java:checkContainersReplicatedOnNode(297)) - 27693bd8-fb4b-4214-8f6f-61df0de82a87{ip: 172.17.0.2, host: 10028447f7ab, networkLocation: /default-rack, certSerialId: null, persistedOpState: ENTERING_MAINTENANCE, persistedOpStateExpiryEpochSec: 0} has 2 sufficientlyReplicated, 0 underReplicated and 0 unhealthy containers
2020-12-28 13:48:50,198 [DatanodeAdminManager-0] INFO  node.DatanodeAdminMonitorImpl (DatanodeAdminMonitorImpl.java:putIntoMaintenance(313)) - Datanode 27693bd8-fb4b-4214-8f6f-61df0de82a87{ip: 172.17.0.2, host: 10028447f7ab, networkLocation: /default-rack, certSerialId: null, persistedOpState: ENTERING_MAINTENANCE, persistedOpStateExpiryEpochSec: 0} has entered maintenance
2020-12-28 13:48:50,198 [DatanodeAdminManager-0] INFO  node.DatanodeAdminMonitorImpl (DatanodeAdminMonitorImpl.java:checkContainersReplicatedOnNode(297)) - e508d2ab-90e0-4998-a856-79bccff972e6{ip: 172.17.0.2, host: 10028447f7ab, networkLocation: /default-rack, certSerialId: null, persistedOpState: ENTERING_MAINTENANCE, persistedOpStateExpiryEpochSec: 0} has 2 sufficientlyReplicated, 0 underReplicated and 0 unhealthy containers
2020-12-28 13:48:50,198 [DatanodeAdminManager-0] INFO  node.DatanodeAdminMonitorImpl (DatanodeAdminMonitorImpl.java:putIntoMaintenance(313)) - Datanode e508d2ab-90e0-4998-a856-79bccff972e6{ip: 172.17.0.2, host: 10028447f7ab, networkLocation: /default-rack, certSerialId: null, persistedOpState: ENTERING_MAINTENANCE, persistedOpStateExpiryEpochSec: 0} has entered maintenance
2020-12-28 13:48:50,198 [DatanodeAdminManager-0] INFO  node.DatanodeAdminMonitorImpl (DatanodeAdminMonitorImpl.java:checkContainersReplicatedOnNode(297)) - 332fbba1-841e-4633-be6b-7b3b7ad52219{ip: 172.17.0.2, host: 10028447f7ab, networkLocation: /default-rack, certSerialId: null, persistedOpState: ENTERING_MAINTENANCE, persistedOpStateExpiryEpochSec: 0} has 2 sufficientlyReplicated, 0 underReplicated and 0 unhealthy containers
2020-12-28 13:48:50,198 [DatanodeAdminManager-0] INFO  node.DatanodeAdminMonitorImpl (DatanodeAdminMonitorImpl.java:putIntoMaintenance(313)) - Datanode 332fbba1-841e-4633-be6b-7b3b7ad52219{ip: 172.17.0.2, host: 10028447f7ab, networkLocation: /default-rack, certSerialId: null, persistedOpState: ENTERING_MAINTENANCE, persistedOpStateExpiryEpochSec: 0} has entered maintenance
2020-12-28 13:48:50,199 [DatanodeAdminManager-0] INFO  node.DatanodeAdminMonitorImpl (DatanodeAdminMonitorImpl.java:run(136)) - There are 3 nodes tracked for decommission and maintenance. 0 pending nodes.
2020-12-28 13:48:50,584 [ContainerReplicationThread-1] INFO  replication.DownloadAndImportReplicator (DownloadAndImportReplicator.java:replicate(106)) - Starting replication of container 1 from [332fbba1-841e-4633-be6b-7b3b7ad52219{ip: 172.17.0.2, host: 10028447f7ab, networkLocation: /default-rack, certSerialId: null, persistedOpState: ENTERING_MAINTENANCE, persistedOpStateExpiryEpochSec: 0}, e508d2ab-90e0-4998-a856-79bccff972e6{ip: 172.17.0.2, host: 10028447f7ab, networkLocation: /default-rack, certSerialId: null, persistedOpState: ENTERING_MAINTENANCE, persistedOpStateExpiryEpochSec: 0}, 27693bd8-fb4b-4214-8f6f-61df0de82a87{ip: 172.17.0.2, host: 10028447f7ab, networkLocation: /default-rack, certSerialId: null, persistedOpState: ENTERING_MAINTENANCE, persistedOpStateExpiryEpochSec: 0}]
2020-12-28 13:48:50,591 [grpc-default-executor-1] INFO  replication.GrpcReplicationService (GrpcReplicationService.java:download(52)) - Streaming container data (1) to other datanode
2020-12-28 13:48:50,620 [grpc-default-executor-1] INFO  replication.GrpcOutputStream (GrpcOutputStream.java:close(104)) - Sent 22907 bytes for container 1
2020-12-28 13:48:50,621 [grpc-default-executor-1] INFO  replication.GrpcReplicationClient (GrpcReplicationClient.java:onCompleted(177)) - Container 1 is downloaded to /github/workspace/mnt/ozone/hadoop-ozone/integration-test/target/test-dir/MiniOzoneClusterImpl-bdf594c0-931e-4198-806f-06e591ff76c3/datanode-4/data/replication/work/container-1.tar.gz
2020-12-28 13:48:50,623 [ContainerReplicationThread-1] INFO  replication.DownloadAndImportReplicator (DownloadAndImportReplicator.java:replicate(117)) - Container 1 is downloaded, starting to import.
2020-12-28 13:48:50,641 [ContainerReplicationThread-1] INFO  replication.DownloadAndImportReplicator (DownloadAndImportReplicator.java:replicate(120)) - Container 1 is replicated successfully
2020-12-28 13:48:50,641 [ContainerReplicationThread-1] INFO  replication.ReplicationSupervisor (ReplicationSupervisor.java:run(146)) - Container 1 is replicated.
2020-12-28 13:48:50,679 [IPC Server handler 16 on default port 37861] INFO  node.SCMNodeManager (SCMNodeManager.java:updateDatanodeOpState(419)) - Scheduling a command to update the operationalState persisted on the datanode as the reported value (ENTERING_MAINTENANCE, 0) does not match the value stored in SCM (IN_MAINTENANCE, 0)
2020-12-28 13:48:50,697 [IPC Server handler 0 on default port 37861] INFO  node.SCMNodeManager (SCMNodeManager.java:updateDatanodeOpState(419)) - Scheduling a command to update the operationalState persisted on the datanode as the reported value (ENTERING_MAINTENANCE, 0) does not match the value stored in SCM (IN_MAINTENANCE, 0)
2020-12-28 13:48:50,712 [IPC Server handler 1 on default port 37861] INFO  node.SCMNodeManager (SCMNodeManager.java:updateDatanodeOpState(419)) - Scheduling a command to update the operationalState persisted on the datanode as the reported value (ENTERING_MAINTENANCE, 0) does not match the value stored in SCM (IN_MAINTENANCE, 0)
2020-12-28 13:48:50,800 [ReplicationMonitor] INFO  container.ReplicationManager (ReplicationManager.java:run(250)) - Replication Monitor Thread took 0 milliseconds for processing 4 containers.
2020-12-28 13:48:51,197 [DatanodeAdminManager-0] INFO  node.DatanodeAdminMonitorImpl (DatanodeAdminMonitorImpl.java:run(136)) - There are 3 nodes tracked for decommission and maintenance. 0 pending nodes.
2020-12-28 13:48:51,697 [IPC Server handler 0 on default port 37861] INFO  node.SCMNodeManager (SCMNodeManager.java:updateDatanodeOpState(419)) - Scheduling a command to update the operationalState persisted on the datanode as the reported value (ENTERING_MAINTENANCE, 0) does not match the value stored in SCM (IN_MAINTENANCE, 0)
2020-12-28 13:48:51,713 [IPC Server handler 1 on default port 37861] INFO  node.SCMNodeManager (SCMNodeManager.java:updateDatanodeOpState(419)) - Scheduling a command to update the operationalState persisted on the datanode as the reported value (ENTERING_MAINTENANCE, 0) does not match the value stored in SCM (IN_MAINTENANCE, 0)
2020-12-28 13:48:51,800 [ReplicationMonitor] INFO  container.ReplicationManager (ReplicationManager.java:run(250)) - Replication Monitor Thread took 0 milliseconds for processing 4 containers.
2020-12-28 13:48:52,197 [DatanodeAdminManager-0] INFO  node.DatanodeAdminMonitorImpl (DatanodeAdminMonitorImpl.java:run(136)) - There are 3 nodes tracked for decommission and maintenance. 0 pending nodes.
2020-12-28 13:48:52,737 [Listener at 127.0.0.1/45143] INFO  ozone.MiniOzoneClusterImpl (MiniOzoneClusterImpl.java:shutdown(388)) - Shutting down the Mini Ozone Cluster
2020-12-28 13:48:52,737 [Listener at 127.0.0.1/45143] INFO  ozone.MiniOzoneClusterImpl (MiniOzoneClusterImpl.java:stop(403)) - Stopping the Mini Ozone Cluster
2020-12-28 13:48:52,737 [Listener at 127.0.0.1/45143] INFO  ozone.MiniOzoneClusterImpl (MiniOzoneClusterImpl.java:stopOM(485)) - Stopping the OzoneManager
2020-12-28 13:48:52,739 [Listener at 127.0.0.1/45143] INFO  ipc.Server (Server.java:stop(3359)) - Stopping server on 45143
2020-12-28 13:48:52,744 [Listener at 127.0.0.1/45143] INFO  ratis.OzoneManagerDoubleBuffer (OzoneManagerDoubleBuffer.java:stop(457)) - Stopping OMDoubleBuffer flush thread
2020-12-28 13:48:52,744 [IPC Server listener on 0] INFO  ipc.Server (Server.java:run(1330)) - Stopping IPC Server listener on 0
2020-12-28 13:48:52,744 [OMDoubleBufferFlushThread] INFO  ratis.OzoneManagerDoubleBuffer (OzoneManagerDoubleBuffer.java:flushTransactions(356)) - OMDoubleBuffer flush thread OMDoubleBufferFlushThread is interrupted and will exit. OMDoubleBufferFlushThread
2020-12-28 13:48:52,744 [Listener at 127.0.0.1/45143] INFO  utils.BackgroundService (BackgroundService.java:shutdown(132)) - Shutting down service KeyDeletingService
2020-12-28 13:48:52,744 [IPC Server Responder] INFO  ipc.Server (Server.java:run(1465)) - Stopping IPC Server Responder
2020-12-28 13:48:52,746 [Listener at 127.0.0.1/45143] INFO  handler.ContextHandler (ContextHandler.java:doStop(1154)) - Stopped o.e.j.w.WebAppContext@4d6cdebb{ozoneManager,/,null,STOPPED}{file:/github/workspace/mnt/ozone/hadoop-ozone/integration-test/target/test-classes/webapps/ozoneManager}
2020-12-28 13:48:52,746 [Listener at 127.0.0.1/45143] INFO  server.AbstractConnector (AbstractConnector.java:doStop(381)) - Stopped ServerConnector@591ad4b3{HTTP/1.1, (http/1.1)}{0.0.0.0:0}
2020-12-28 13:48:52,746 [Listener at 127.0.0.1/45143] INFO  server.session (HouseKeeper.java:stopScavenging(149)) - node0 Stopped scavenging
2020-12-28 13:48:52,747 [Listener at 127.0.0.1/45143] INFO  handler.ContextHandler (ContextHandler.java:doStop(1154)) - Stopped o.e.j.s.ServletContextHandler@723fadfe{static,/static,file:///github/workspace/mnt/ozone/hadoop-ozone/integration-test/target/test-classes/webapps/static,STOPPED}
2020-12-28 13:48:52,747 [Listener at 127.0.0.1/45143] INFO  handler.ContextHandler (ContextHandler.java:doStop(1154)) - Stopped o.e.j.s.ServletContextHandler@62e9a6cc{logs,/logs,file:///github/workspace/mnt/ozone/hadoop-ozone/integration-test/target/log,STOPPED}
2020-12-28 13:48:52,751 [Listener at 127.0.0.1/45143] INFO  ozone.MiniOzoneClusterImpl (MiniOzoneClusterImpl.java:stopDatanodes(462)) - Stopping the HddsDatanodes
2020-12-28 13:48:52,801 [ReplicationMonitor] INFO  container.ReplicationManager (ReplicationManager.java:run(250)) - Replication Monitor Thread took 0 milliseconds for processing 4 containers.
2020-12-28 13:48:53,195 [Datanode State Machine Thread - 0] INFO  statemachine.DatanodeStateMachine (DatanodeStateMachine.java:lambda$startDaemon$0(408)) - Ozone container server started.
2020-12-28 13:48:53,196 [Listener at 127.0.0.1/45143] INFO  ozoneimpl.OzoneContainer (OzoneContainer.java:stop(257)) - Attempting to stop container services.
2020-12-28 13:48:53,196 [Listener at 127.0.0.1/45143] INFO  server.RaftServer (RaftServerProxy.java:lambda$close$6(387)) - ede2715c-525a-43bb-bbef-11d8a10627b5: close
2020-12-28 13:48:53,196 [Listener at 127.0.0.1/45143] INFO  server.RaftServer$Division (RaftServerImpl.java:lambda$close$4(397)) - ede2715c-525a-43bb-bbef-11d8a10627b5@group-F5F70914B4CF: shutdown
2020-12-28 13:48:53,197 [Listener at 127.0.0.1/45143] INFO  util.JmxRegister (JmxRegister.java:unregister(73)) - Successfully un-registered JMX Bean with object name Ratis:service=RaftServer,group=group-F5F70914B4CF,id=ede2715c-525a-43bb-bbef-11d8a10627b5
2020-12-28 13:48:53,197 [Listener at 127.0.0.1/45143] INFO  impl.RoleInfo (RoleInfo.java:shutdownLeaderState(91)) - ede2715c-525a-43bb-bbef-11d8a10627b5: shutdown ede2715c-525a-43bb-bbef-11d8a10627b5@group-F5F70914B4CF-LeaderStateImpl
2020-12-28 13:48:53,197 [DatanodeAdminManager-0] INFO  node.DatanodeAdminMonitorImpl (DatanodeAdminMonitorImpl.java:run(136)) - There are 3 nodes tracked for decommission and maintenance. 0 pending nodes.
2020-12-28 13:48:53,197 [Listener at 127.0.0.1/45143] INFO  impl.PendingRequests (PendingRequests.java:sendNotLeaderResponses(249)) - ede2715c-525a-43bb-bbef-11d8a10627b5@group-F5F70914B4CF-PendingRequests: sendNotLeaderResponses
2020-12-28 13:48:53,198 [Listener at 127.0.0.1/45143] INFO  metrics.RatisMetrics (RatisMetrics.java:unregister(43)) - Unregistering Metrics Registry : ratis.log_appender.ede2715c-525a-43bb-bbef-11d8a10627b5@group-F5F70914B4CF
2020-12-28 13:48:53,198 [Listener at 127.0.0.1/45143] INFO  metrics.RatisMetrics (RatisMetrics.java:unregister(43)) - Unregistering Metrics Registry : ratis.server.ede2715c-525a-43bb-bbef-11d8a10627b5@group-F5F70914B4CF
2020-12-28 13:48:53,199 [ede2715c-525a-43bb-bbef-11d8a10627b5@group-F5F70914B4CF-StateMachineUpdater] INFO  ratis.ContainerStateMachine (ContainerStateMachine.java:takeSnapshot(291)) - group-F5F70914B4CF: Taking a snapshot at:(t:1, i:0) file /github/workspace/mnt/ozone/hadoop-ozone/integration-test/target/test-dir/MiniOzoneClusterImpl-bdf594c0-931e-4198-806f-06e591ff76c3/datanode-3/data/ratis/90cc7fe8-532a-4f23-bad5-f5f70914b4cf/sm/snapshot.1_0
2020-12-28 13:48:53,200 [Listener at 127.0.0.1/45143] INFO  impl.StateMachineUpdater (StateMachineUpdater.java:stopAndJoin(148)) - ede2715c-525a-43bb-bbef-11d8a10627b5@group-F5F70914B4CF-StateMachineUpdater: set stopIndex = 0
2020-12-28 13:48:53,200 [ede2715c-525a-43bb-bbef-11d8a10627b5@group-F5F70914B4CF-StateMachineUpdater] INFO  ratis.ContainerStateMachine (ContainerStateMachine.java:takeSnapshot(302)) - group-F5F70914B4CF: Finished taking a snapshot at:(t:1, i:0) file:/github/workspace/mnt/ozone/hadoop-ozone/integration-test/target/test-dir/MiniOzoneClusterImpl-bdf594c0-931e-4198-806f-06e591ff76c3/datanode-3/data/ratis/90cc7fe8-532a-4f23-bad5-f5f70914b4cf/sm/snapshot.1_0 time:0
2020-12-28 13:48:53,201 [ede2715c-525a-43bb-bbef-11d8a10627b5@group-F5F70914B4CF-StateMachineUpdater] INFO  impl.StateMachineUpdater (StateMachineUpdater.java:takeSnapshot(279)) - ede2715c-525a-43bb-bbef-11d8a10627b5@group-F5F70914B4CF-StateMachineUpdater: Took a snapshot at index 0
2020-12-28 13:48:53,201 [ede2715c-525a-43bb-bbef-11d8a10627b5@group-F5F70914B4CF-StateMachineUpdater] INFO  impl.StateMachineUpdater (StateMachineUpdater.java:lambda$new$0(88)) - ede2715c-525a-43bb-bbef-11d8a10627b5@group-F5F70914B4CF-StateMachineUpdater: snapshotIndex: updateIncreasingly -1 -> 0
2020-12-28 13:48:53,201 [ede2715c-525a-43bb-bbef-11d8a10627b5@group-F5F70914B4CF-StateMachineUpdater] INFO  metrics.RatisMetrics (RatisMetrics.java:unregister(43)) - Unregistering Metrics Registry : ratis.state_machine.ede2715c-525a-43bb-bbef-11d8a10627b5@group-F5F70914B4CF
2020-12-28 13:48:53,201 [Listener at 127.0.0.1/45143] INFO  server.RaftServer$Division (ServerState.java:close(406)) - ede2715c-525a-43bb-bbef-11d8a10627b5@group-F5F70914B4CF: closes. applyIndex: 0
2020-12-28 13:48:53,201 [ede2715c-525a-43bb-bbef-11d8a10627b5@group-F5F70914B4CF-SegmentedRaftLogWorker] INFO  segmented.SegmentedRaftLogWorker (SegmentedRaftLogWorker.java:run(326)) - ede2715c-525a-43bb-bbef-11d8a10627b5@group-F5F70914B4CF-SegmentedRaftLogWorker was interrupted, exiting. There are 0 tasks remaining in the queue.
2020-12-28 13:48:53,202 [Listener at 127.0.0.1/45143] INFO  segmented.SegmentedRaftLogWorker (SegmentedRaftLogWorker.java:close(236)) - ede2715c-525a-43bb-bbef-11d8a10627b5@group-F5F70914B4CF-SegmentedRaftLogWorker close()
2020-12-28 13:48:53,202 [Listener at 127.0.0.1/45143] INFO  metrics.RatisMetrics (RatisMetrics.java:unregister(43)) - Unregistering Metrics Registry : ratis.log_worker.ede2715c-525a-43bb-bbef-11d8a10627b5@group-F5F70914B4CF
2020-12-28 13:48:53,202 [Listener at 127.0.0.1/45143] INFO  metrics.RatisMetrics (RatisMetrics.java:unregister(43)) - Unregistering Metrics Registry : ratis.leader_election.ede2715c-525a-43bb-bbef-11d8a10627b5@group-F5F70914B4CF
2020-12-28 13:48:53,202 [Listener at 127.0.0.1/45143] INFO  metrics.RatisMetrics (RatisMetrics.java:unregister(43)) - Unregistering Metrics Registry : ratis.server.ede2715c-525a-43bb-bbef-11d8a10627b5@group-F5F70914B4CF
2020-12-28 13:48:53,203 [Listener at 127.0.0.1/45143] INFO  server.RaftServer$Division (RaftServerImpl.java:lambda$close$4(397)) - ede2715c-525a-43bb-bbef-11d8a10627b5@group-70A148EB6A12: shutdown
2020-12-28 13:48:53,203 [Listener at 127.0.0.1/45143] INFO  util.JmxRegister (JmxRegister.java:unregister(73)) - Successfully un-registered JMX Bean with object name Ratis:service=RaftServer,group=group-70A148EB6A12,id=ede2715c-525a-43bb-bbef-11d8a10627b5
2020-12-28 13:48:53,203 [Listener at 127.0.0.1/45143] INFO  impl.RoleInfo (RoleInfo.java:shutdownFollowerState(108)) - ede2715c-525a-43bb-bbef-11d8a10627b5: shutdown ede2715c-525a-43bb-bbef-11d8a10627b5@group-70A148EB6A12-FollowerState
2020-12-28 13:48:53,203 [Thread-863] INFO  impl.FollowerState (FollowerState.java:run(142)) - ede2715c-525a-43bb-bbef-11d8a10627b5@group-70A148EB6A12-FollowerState was interrupted: {}
java.lang.InterruptedException: sleep interrupted
	at java.lang.Thread.sleep(Native Method)
	at java.lang.Thread.sleep(Thread.java:340)
	at java.util.concurrent.TimeUnit.sleep(TimeUnit.java:386)
	at org.apache.ratis.util.TimeDuration.sleep(TimeDuration.java:319)
	at org.apache.ratis.util.TimeDuration.sleep(TimeDuration.java:304)
	at org.apache.ratis.server.impl.FollowerState.run(FollowerState.java:117)
2020-12-28 13:48:53,203 [Listener at 127.0.0.1/45143] INFO  impl.StateMachineUpdater (StateMachineUpdater.java:stopAndJoin(148)) - ede2715c-525a-43bb-bbef-11d8a10627b5@group-70A148EB6A12-StateMachineUpdater: set stopIndex = 23
2020-12-28 13:48:53,203 [ede2715c-525a-43bb-bbef-11d8a10627b5@group-70A148EB6A12-StateMachineUpdater] INFO  ratis.ContainerStateMachine (ContainerStateMachine.java:takeSnapshot(291)) - group-70A148EB6A12: Taking a snapshot at:(t:1, i:23) file /github/workspace/mnt/ozone/hadoop-ozone/integration-test/target/test-dir/MiniOzoneClusterImpl-bdf594c0-931e-4198-806f-06e591ff76c3/datanode-3/data/ratis/7358459d-60ce-490b-a741-70a148eb6a12/sm/snapshot.1_23
2020-12-28 13:48:53,205 [ede2715c-525a-43bb-bbef-11d8a10627b5@group-70A148EB6A12-StateMachineUpdater] INFO  ratis.ContainerStateMachine (ContainerStateMachine.java:takeSnapshot(302)) - group-70A148EB6A12: Finished taking a snapshot at:(t:1, i:23) file:/github/workspace/mnt/ozone/hadoop-ozone/integration-test/target/test-dir/MiniOzoneClusterImpl-bdf594c0-931e-4198-806f-06e591ff76c3/datanode-3/data/ratis/7358459d-60ce-490b-a741-70a148eb6a12/sm/snapshot.1_23 time:2
2020-12-28 13:48:53,205 [ede2715c-525a-43bb-bbef-11d8a10627b5@group-70A148EB6A12-StateMachineUpdater] INFO  impl.StateMachineUpdater (StateMachineUpdater.java:takeSnapshot(279)) - ede2715c-525a-43bb-bbef-11d8a10627b5@group-70A148EB6A12-StateMachineUpdater: Took a snapshot at index 23
2020-12-28 13:48:53,205 [ede2715c-525a-43bb-bbef-11d8a10627b5@group-70A148EB6A12-StateMachineUpdater] INFO  impl.StateMachineUpdater (StateMachineUpdater.java:lambda$new$0(88)) - ede2715c-525a-43bb-bbef-11d8a10627b5@group-70A148EB6A12-StateMachineUpdater: snapshotIndex: updateIncreasingly -1 -> 23
2020-12-28 13:48:53,206 [ede2715c-525a-43bb-bbef-11d8a10627b5@group-70A148EB6A12-StateMachineUpdater] INFO  metrics.RatisMetrics (RatisMetrics.java:unregister(43)) - Unregistering Metrics Registry : ratis.state_machine.ede2715c-525a-43bb-bbef-11d8a10627b5@group-70A148EB6A12
2020-12-28 13:48:53,206 [Listener at 127.0.0.1/45143] INFO  server.RaftServer$Division (ServerState.java:close(406)) - ede2715c-525a-43bb-bbef-11d8a10627b5@group-70A148EB6A12: closes. applyIndex: 23
2020-12-28 13:48:53,206 [ede2715c-525a-43bb-bbef-11d8a10627b5@group-70A148EB6A12-SegmentedRaftLogWorker] INFO  segmented.SegmentedRaftLogWorker (SegmentedRaftLogWorker.java:run(326)) - ede2715c-525a-43bb-bbef-11d8a10627b5@group-70A148EB6A12-SegmentedRaftLogWorker was interrupted, exiting. There are 0 tasks remaining in the queue.
2020-12-28 13:48:53,206 [Listener at 127.0.0.1/45143] INFO  segmented.SegmentedRaftLogWorker (SegmentedRaftLogWorker.java:close(236)) - ede2715c-525a-43bb-bbef-11d8a10627b5@group-70A148EB6A12-SegmentedRaftLogWorker close()
2020-12-28 13:48:53,207 [Listener at 127.0.0.1/45143] INFO  metrics.RatisMetrics (RatisMetrics.java:unregister(43)) - Unregistering Metrics Registry : ratis.log_worker.ede2715c-525a-43bb-bbef-11d8a10627b5@group-70A148EB6A12
2020-12-28 13:48:53,207 [Listener at 127.0.0.1/45143] INFO  metrics.RatisMetrics (RatisMetrics.java:unregister(43)) - Unregistering Metrics Registry : ratis.leader_election.ede2715c-525a-43bb-bbef-11d8a10627b5@group-70A148EB6A12
2020-12-28 13:48:53,207 [Listener at 127.0.0.1/45143] INFO  metrics.RatisMetrics (RatisMetrics.java:unregister(43)) - Unregistering Metrics Registry : ratis.server.ede2715c-525a-43bb-bbef-11d8a10627b5@group-70A148EB6A12
2020-12-28 13:48:53,207 [Listener at 127.0.0.1/45143] INFO  server.GrpcService (GrpcService.java:closeImpl(184)) - ede2715c-525a-43bb-bbef-11d8a10627b5: shutdown server with port 40065 now
2020-12-28 13:48:53,212 [Listener at 127.0.0.1/45143] INFO  server.GrpcService (GrpcService.java:closeImpl(193)) - ede2715c-525a-43bb-bbef-11d8a10627b5: shutdown server with port 40065 successfully
2020-12-28 13:48:53,212 [org.apache.ratis.util.JvmPauseMonitor$$Lambda$222/1304631346@748c5150] INFO  util.JvmPauseMonitor (JvmPauseMonitor.java:run(109)) - JvmPauseMonitor-ede2715c-525a-43bb-bbef-11d8a10627b5: Stopped
2020-12-28 13:48:53,213 [grpc-default-executor-3] WARN  server.GrpcLogAppender (LogUtils.java:warn(122)) - d7483ff8-d446-4b93-ae84-b7d33969bf66@group-70A148EB6A12->ede2715c-525a-43bb-bbef-11d8a10627b5-AppendLogResponseHandler: Failed appendEntries: org.apache.ratis.thirdparty.io.grpc.StatusRuntimeException: CANCELLED: HTTP/2 error code: CANCEL
Received Rst Stream
2020-12-28 13:48:53,214 [grpc-default-executor-3] INFO  leader.FollowerInfo (FollowerInfoImpl.java:lambda$new$0(46)) - d7483ff8-d446-4b93-ae84-b7d33969bf66@group-70A148EB6A12->ede2715c-525a-43bb-bbef-11d8a10627b5: nextIndex: updateUnconditionally 24 -> 23
2020-12-28 13:48:53,214 [grpc-default-executor-2] WARN  server.GrpcServerProtocolService (LogUtils.java:warn(122)) - ede2715c-525a-43bb-bbef-11d8a10627b5: installSnapshot onError, lastRequest: d7483ff8-d446-4b93-ae84-b7d33969bf66->ede2715c-525a-43bb-bbef-11d8a10627b5#82-t1,previous=(t:1, i:22),leaderCommit=21,initializing? true,entries: size=1, first=(t:1, i:23), METADATAENTRY(c:21): org.apache.ratis.thirdparty.io.grpc.StatusRuntimeException: CANCELLED: cancelled before receiving half close
2020-12-28 13:48:53,216 [Listener at 127.0.0.1/45143] INFO  utils.BackgroundService (BackgroundService.java:shutdown(132)) - Shutting down service BlockDeletingService
2020-12-28 13:48:53,219 [Listener at 127.0.0.1/45143] INFO  statemachine.DatanodeStateMachine (DatanodeStateMachine.java:stopDaemon(461)) - Ozone container server stopped.
2020-12-28 13:48:53,224 [Datanode State Machine Thread - 0] INFO  statemachine.DatanodeStateMachine (DatanodeStateMachine.java:lambda$startDaemon$0(408)) - Ozone container server started.
2020-12-28 13:48:53,224 [ForkJoinPool.commonPool-worker-1] INFO  ozoneimpl.OzoneContainer (OzoneContainer.java:stop(257)) - Attempting to stop container services.
2020-12-28 13:48:53,224 [ForkJoinPool.commonPool-worker-1] INFO  server.RaftServer (RaftServerProxy.java:lambda$close$6(387)) - 332fbba1-841e-4633-be6b-7b3b7ad52219: close
2020-12-28 13:48:53,224 [ForkJoinPool.commonPool-worker-1] INFO  server.GrpcService (GrpcService.java:closeImpl(184)) - 332fbba1-841e-4633-be6b-7b3b7ad52219: shutdown server with port 37643 now
2020-12-28 13:48:53,228 [grpc-default-executor-3] WARN  client.GrpcClientProtocolService (LogUtils.java:warn(122)) - 1-UnorderedRequestStreamObserver1: onError: org.apache.ratis.thirdparty.io.grpc.StatusRuntimeException: CANCELLED: cancelled before receiving half close
2020-12-28 13:48:53,230 [ForkJoinPool.commonPool-worker-1] INFO  server.GrpcService (GrpcService.java:closeImpl(193)) - 332fbba1-841e-4633-be6b-7b3b7ad52219: shutdown server with port 37643 successfully
2020-12-28 13:48:53,230 [org.apache.ratis.util.JvmPauseMonitor$$Lambda$222/1304631346@29dd5c24] INFO  util.JvmPauseMonitor (JvmPauseMonitor.java:run(109)) - JvmPauseMonitor-332fbba1-841e-4633-be6b-7b3b7ad52219: Stopped
2020-12-28 13:48:53,230 [grpc-default-executor-3] WARN  server.GrpcLogAppender (LogUtils.java:warn(122)) - d7483ff8-d446-4b93-ae84-b7d33969bf66@group-70A148EB6A12->ede2715c-525a-43bb-bbef-11d8a10627b5-AppendLogResponseHandler: Failed appendEntries: org.apache.ratis.thirdparty.io.grpc.StatusRuntimeException: UNAVAILABLE: io exception
2020-12-28 13:48:53,230 [grpc-default-executor-3] INFO  leader.FollowerInfo (FollowerInfoImpl.java:lambda$new$0(46)) - d7483ff8-d446-4b93-ae84-b7d33969bf66@group-70A148EB6A12->ede2715c-525a-43bb-bbef-11d8a10627b5: nextIndex: updateUnconditionally 24 -> 23
2020-12-28 13:48:53,234 [ForkJoinPool.commonPool-worker-1] INFO  utils.BackgroundService (BackgroundService.java:shutdown(132)) - Shutting down service BlockDeletingService
2020-12-28 13:48:53,236 [ForkJoinPool.commonPool-worker-1] INFO  statemachine.DatanodeStateMachine (DatanodeStateMachine.java:stopDaemon(461)) - Ozone container server stopped.
2020-12-28 13:48:53,238 [Listener at 127.0.0.1/45143] INFO  handler.ContextHandler (ContextHandler.java:doStop(1154)) - Stopped o.e.j.w.WebAppContext@555b43ba{hddsDatanode,/,null,STOPPED}{jar:file:/home/user/.m2/repository/org/apache/hadoop/hadoop-hdds-container-service/1.1.0-SNAPSHOT/hadoop-hdds-container-service-1.1.0-SNAPSHOT.jar!/webapps/hddsDatanode}
2020-12-28 13:48:53,239 [Listener at 127.0.0.1/45143] INFO  server.AbstractConnector (AbstractConnector.java:doStop(381)) - Stopped ServerConnector@7f8d4ff4{HTTP/1.1, (http/1.1)}{0.0.0.0:0}
2020-12-28 13:48:53,240 [Listener at 127.0.0.1/45143] INFO  server.session (HouseKeeper.java:stopScavenging(149)) - node0 Stopped scavenging
2020-12-28 13:48:53,240 [Listener at 127.0.0.1/45143] INFO  handler.ContextHandler (ContextHandler.java:doStop(1154)) - Stopped o.e.j.s.ServletContextHandler@4be4680b{static,/static,jar:file:/home/user/.m2/repository/org/apache/hadoop/hadoop-hdds-container-service/1.1.0-SNAPSHOT/hadoop-hdds-container-service-1.1.0-SNAPSHOT.jar!/webapps/static,STOPPED}
2020-12-28 13:48:53,240 [Listener at 127.0.0.1/45143] INFO  handler.ContextHandler (ContextHandler.java:doStop(1154)) - Stopped o.e.j.s.ServletContextHandler@6f2f9ba4{logs,/logs,file:///github/workspace/mnt/ozone/hadoop-ozone/integration-test/target/log,STOPPED}
2020-12-28 13:48:53,249 [ForkJoinPool.commonPool-worker-1] INFO  handler.ContextHandler (ContextHandler.java:doStop(1154)) - Stopped o.e.j.w.WebAppContext@6cf04303{hddsDatanode,/,null,STOPPED}{jar:file:/home/user/.m2/repository/org/apache/hadoop/hadoop-hdds-container-service/1.1.0-SNAPSHOT/hadoop-hdds-container-service-1.1.0-SNAPSHOT.jar!/webapps/hddsDatanode}
2020-12-28 13:48:53,250 [ForkJoinPool.commonPool-worker-1] INFO  server.AbstractConnector (AbstractConnector.java:doStop(381)) - Stopped ServerConnector@de58d71{HTTP/1.1, (http/1.1)}{0.0.0.0:0}
2020-12-28 13:48:53,250 [ForkJoinPool.commonPool-worker-1] INFO  server.session (HouseKeeper.java:stopScavenging(149)) - node0 Stopped scavenging
2020-12-28 13:48:53,251 [ForkJoinPool.commonPool-worker-1] INFO  handler.ContextHandler (ContextHandler.java:doStop(1154)) - Stopped o.e.j.s.ServletContextHandler@5a10b7e8{static,/static,jar:file:/home/user/.m2/repository/org/apache/hadoop/hadoop-hdds-container-service/1.1.0-SNAPSHOT/hadoop-hdds-container-service-1.1.0-SNAPSHOT.jar!/webapps/static,STOPPED}
2020-12-28 13:48:53,252 [ForkJoinPool.commonPool-worker-1] INFO  handler.ContextHandler (ContextHandler.java:doStop(1154)) - Stopped o.e.j.s.ServletContextHandler@3cc8f1c{logs,/logs,file:///github/workspace/mnt/ozone/hadoop-ozone/integration-test/target/log,STOPPED}
2020-12-28 13:48:53,592 [Datanode State Machine Thread - 0] INFO  statemachine.DatanodeStateMachine (DatanodeStateMachine.java:lambda$startDaemon$0(408)) - Ozone container server started.
2020-12-28 13:48:53,698 [Datanode State Machine Thread - 0] INFO  statemachine.DatanodeStateMachine (DatanodeStateMachine.java:lambda$startDaemon$0(408)) - Ozone container server started.
2020-12-28 13:48:53,801 [ReplicationMonitor] INFO  container.ReplicationManager (ReplicationManager.java:run(250)) - Replication Monitor Thread took 0 milliseconds for processing 4 containers.
2020-12-28 13:48:53,971 [ForkJoinPool.commonPool-worker-1] INFO  ozoneimpl.OzoneContainer (OzoneContainer.java:stop(257)) - Attempting to stop container services.
2020-12-28 13:48:53,972 [ForkJoinPool.commonPool-worker-1] INFO  server.RaftServer (RaftServerProxy.java:lambda$close$6(387)) - e508d2ab-90e0-4998-a856-79bccff972e6: close
2020-12-28 13:48:53,972 [ForkJoinPool.commonPool-worker-1] INFO  server.GrpcService (GrpcService.java:closeImpl(184)) - e508d2ab-90e0-4998-a856-79bccff972e6: shutdown server with port 35913 now
2020-12-28 13:48:53,973 [ForkJoinPool.commonPool-worker-1] INFO  server.GrpcService (GrpcService.java:closeImpl(193)) - e508d2ab-90e0-4998-a856-79bccff972e6: shutdown server with port 35913 successfully
2020-12-28 13:48:53,973 [org.apache.ratis.util.JvmPauseMonitor$$Lambda$222/1304631346@784b83db] INFO  util.JvmPauseMonitor (JvmPauseMonitor.java:run(109)) - JvmPauseMonitor-e508d2ab-90e0-4998-a856-79bccff972e6: Stopped
2020-12-28 13:48:53,975 [ForkJoinPool.commonPool-worker-1] INFO  utils.BackgroundService (BackgroundService.java:shutdown(132)) - Shutting down service BlockDeletingService
2020-12-28 13:48:53,976 [ForkJoinPool.commonPool-worker-1] INFO  statemachine.DatanodeStateMachine (DatanodeStateMachine.java:stopDaemon(461)) - Ozone container server stopped.
2020-12-28 13:48:54,211 [DatanodeAdminManager-0] INFO  node.DatanodeAdminMonitorImpl (DatanodeAdminMonitorImpl.java:run(136)) - There are 3 nodes tracked for decommission and maintenance. 0 pending nodes.
2020-12-28 13:48:54,213 [org.apache.ratis.util.JvmPauseMonitor$$Lambda$222/1304631346@74f1de59] WARN  util.JvmPauseMonitor (JvmPauseMonitor.java:detectPause(124)) - JvmPauseMonitor-27693bd8-fb4b-4214-8f6f-61df0de82a87: Detected pause in JVM or host machine (eg GC): pause of approximately 102600074ns

GC pool 'PS MarkSweep' had collection(s): count=1 time=179ms
GC pool 'PS Scavenge' had collection(s): count=1 time=53ms
2020-12-28 13:48:54,215 [org.apache.ratis.util.JvmPauseMonitor$$Lambda$222/1304631346@26f91346] WARN  util.JvmPauseMonitor (JvmPauseMonitor.java:detectPause(124)) - JvmPauseMonitor-d7483ff8-d446-4b93-ae84-b7d33969bf66: Detected pause in JVM or host machine (eg GC): pause of approximately 172725747ns

GC pool 'PS MarkSweep' had collection(s): count=1 time=179ms
GC pool 'PS Scavenge' had collection(s): count=1 time=53ms
2020-12-28 13:48:54,220 [ForkJoinPool.commonPool-worker-1] INFO  handler.ContextHandler (ContextHandler.java:doStop(1154)) - Stopped o.e.j.w.WebAppContext@1fbe8592{hddsDatanode,/,null,STOPPED}{jar:file:/home/user/.m2/repository/org/apache/hadoop/hadoop-hdds-container-service/1.1.0-SNAPSHOT/hadoop-hdds-container-service-1.1.0-SNAPSHOT.jar!/webapps/hddsDatanode}
2020-12-28 13:48:54,221 [ForkJoinPool.commonPool-worker-1] INFO  server.AbstractConnector (AbstractConnector.java:doStop(381)) - Stopped ServerConnector@4e6a75a3{HTTP/1.1, (http/1.1)}{0.0.0.0:0}
2020-12-28 13:48:54,222 [ForkJoinPool.commonPool-worker-1] INFO  server.session (HouseKeeper.java:stopScavenging(149)) - node0 Stopped scavenging
2020-12-28 13:48:54,225 [ForkJoinPool.commonPool-worker-1] INFO  handler.ContextHandler (ContextHandler.java:doStop(1154)) - Stopped o.e.j.s.ServletContextHandler@69bb8812{static,/static,jar:file:/home/user/.m2/repository/org/apache/hadoop/hadoop-hdds-container-service/1.1.0-SNAPSHOT/hadoop-hdds-container-service-1.1.0-SNAPSHOT.jar!/webapps/static,STOPPED}
2020-12-28 13:48:54,226 [ForkJoinPool.commonPool-worker-1] INFO  handler.ContextHandler (ContextHandler.java:doStop(1154)) - Stopped o.e.j.s.ServletContextHandler@7e915daa{logs,/logs,file:///github/workspace/mnt/ozone/hadoop-ozone/integration-test/target/log,STOPPED}
2020-12-28 13:48:54,513 [Listener at 127.0.0.1/45143] INFO  ozoneimpl.OzoneContainer (OzoneContainer.java:stop(257)) - Attempting to stop container services.
2020-12-28 13:48:54,514 [Listener at 127.0.0.1/45143] INFO  server.RaftServer (RaftServerProxy.java:lambda$close$6(387)) - d7483ff8-d446-4b93-ae84-b7d33969bf66: close
2020-12-28 13:48:54,514 [Listener at 127.0.0.1/45143] INFO  server.RaftServer$Division (RaftServerImpl.java:lambda$close$4(397)) - d7483ff8-d446-4b93-ae84-b7d33969bf66@group-624738F4775D: shutdown
2020-12-28 13:48:54,515 [Listener at 127.0.0.1/45143] INFO  util.JmxRegister (JmxRegister.java:unregister(73)) - Successfully un-registered JMX Bean with object name Ratis:service=RaftServer,group=group-624738F4775D,id=d7483ff8-d446-4b93-ae84-b7d33969bf66
2020-12-28 13:48:54,515 [Listener at 127.0.0.1/45143] INFO  impl.RoleInfo (RoleInfo.java:shutdownLeaderState(91)) - d7483ff8-d446-4b93-ae84-b7d33969bf66: shutdown d7483ff8-d446-4b93-ae84-b7d33969bf66@group-624738F4775D-LeaderStateImpl
2020-12-28 13:48:54,515 [Listener at 127.0.0.1/45143] INFO  impl.PendingRequests (PendingRequests.java:sendNotLeaderResponses(249)) - d7483ff8-d446-4b93-ae84-b7d33969bf66@group-624738F4775D-PendingRequests: sendNotLeaderResponses
2020-12-28 13:48:54,516 [Listener at 127.0.0.1/45143] INFO  metrics.RatisMetrics (RatisMetrics.java:unregister(43)) - Unregistering Metrics Registry : ratis.log_appender.d7483ff8-d446-4b93-ae84-b7d33969bf66@group-624738F4775D
2020-12-28 13:48:54,516 [Listener at 127.0.0.1/45143] INFO  metrics.RatisMetrics (RatisMetrics.java:unregister(43)) - Unregistering Metrics Registry : ratis.server.d7483ff8-d446-4b93-ae84-b7d33969bf66@group-624738F4775D
2020-12-28 13:48:54,517 [Listener at 127.0.0.1/45143] INFO  impl.StateMachineUpdater (StateMachineUpdater.java:stopAndJoin(148)) - d7483ff8-d446-4b93-ae84-b7d33969bf66@group-624738F4775D-StateMachineUpdater: set stopIndex = 0
2020-12-28 13:48:54,518 [d7483ff8-d446-4b93-ae84-b7d33969bf66@group-624738F4775D-StateMachineUpdater] INFO  ratis.ContainerStateMachine (ContainerStateMachine.java:takeSnapshot(291)) - group-624738F4775D: Taking a snapshot at:(t:1, i:0) file /github/workspace/mnt/ozone/hadoop-ozone/integration-test/target/test-dir/MiniOzoneClusterImpl-bdf594c0-931e-4198-806f-06e591ff76c3/datanode-5/data/ratis/551b81fd-932e-4ee0-9ad1-624738f4775d/sm/snapshot.1_0
2020-12-28 13:48:54,519 [d7483ff8-d446-4b93-ae84-b7d33969bf66@group-624738F4775D-StateMachineUpdater] INFO  ratis.ContainerStateMachine (ContainerStateMachine.java:takeSnapshot(302)) - group-624738F4775D: Finished taking a snapshot at:(t:1, i:0) file:/github/workspace/mnt/ozone/hadoop-ozone/integration-test/target/test-dir/MiniOzoneClusterImpl-bdf594c0-931e-4198-806f-06e591ff76c3/datanode-5/data/ratis/551b81fd-932e-4ee0-9ad1-624738f4775d/sm/snapshot.1_0 time:1
2020-12-28 13:48:54,519 [d7483ff8-d446-4b93-ae84-b7d33969bf66@group-624738F4775D-StateMachineUpdater] INFO  impl.StateMachineUpdater (StateMachineUpdater.java:takeSnapshot(279)) - d7483ff8-d446-4b93-ae84-b7d33969bf66@group-624738F4775D-StateMachineUpdater: Took a snapshot at index 0
2020-12-28 13:48:54,519 [d7483ff8-d446-4b93-ae84-b7d33969bf66@group-624738F4775D-StateMachineUpdater] INFO  impl.StateMachineUpdater (StateMachineUpdater.java:lambda$new$0(88)) - d7483ff8-d446-4b93-ae84-b7d33969bf66@group-624738F4775D-StateMachineUpdater: snapshotIndex: updateIncreasingly -1 -> 0
2020-12-28 13:48:54,520 [d7483ff8-d446-4b93-ae84-b7d33969bf66@group-624738F4775D-StateMachineUpdater] INFO  metrics.RatisMetrics (RatisMetrics.java:unregister(43)) - Unregistering Metrics Registry : ratis.state_machine.d7483ff8-d446-4b93-ae84-b7d33969bf66@group-624738F4775D
2020-12-28 13:48:54,520 [Listener at 127.0.0.1/45143] INFO  server.RaftServer$Division (ServerState.java:close(406)) - d7483ff8-d446-4b93-ae84-b7d33969bf66@group-624738F4775D: closes. applyIndex: 0
2020-12-28 13:48:54,520 [d7483ff8-d446-4b93-ae84-b7d33969bf66@group-624738F4775D-SegmentedRaftLogWorker] INFO  segmented.SegmentedRaftLogWorker (SegmentedRaftLogWorker.java:run(326)) - d7483ff8-d446-4b93-ae84-b7d33969bf66@group-624738F4775D-SegmentedRaftLogWorker was interrupted, exiting. There are 0 tasks remaining in the queue.
2020-12-28 13:48:54,521 [Listener at 127.0.0.1/45143] INFO  segmented.SegmentedRaftLogWorker (SegmentedRaftLogWorker.java:close(236)) - d7483ff8-d446-4b93-ae84-b7d33969bf66@group-624738F4775D-SegmentedRaftLogWorker close()
2020-12-28 13:48:54,521 [Listener at 127.0.0.1/45143] INFO  metrics.RatisMetrics (RatisMetrics.java:unregister(43)) - Unregistering Metrics Registry : ratis.log_worker.d7483ff8-d446-4b93-ae84-b7d33969bf66@group-624738F4775D
2020-12-28 13:48:54,521 [Listener at 127.0.0.1/45143] INFO  metrics.RatisMetrics (RatisMetrics.java:unregister(43)) - Unregistering Metrics Registry : ratis.leader_election.d7483ff8-d446-4b93-ae84-b7d33969bf66@group-624738F4775D
2020-12-28 13:48:54,521 [Listener at 127.0.0.1/45143] INFO  metrics.RatisMetrics (RatisMetrics.java:unregister(43)) - Unregistering Metrics Registry : ratis.server.d7483ff8-d446-4b93-ae84-b7d33969bf66@group-624738F4775D
2020-12-28 13:48:54,521 [Listener at 127.0.0.1/45143] INFO  server.RaftServer$Division (RaftServerImpl.java:lambda$close$4(397)) - d7483ff8-d446-4b93-ae84-b7d33969bf66@group-70A148EB6A12: shutdown
2020-12-28 13:48:54,522 [Listener at 127.0.0.1/45143] INFO  util.JmxRegister (JmxRegister.java:unregister(73)) - Successfully un-registered JMX Bean with object name Ratis:service=RaftServer,group=group-70A148EB6A12,id=d7483ff8-d446-4b93-ae84-b7d33969bf66
2020-12-28 13:48:54,522 [Listener at 127.0.0.1/45143] INFO  impl.RoleInfo (RoleInfo.java:shutdownLeaderState(91)) - d7483ff8-d446-4b93-ae84-b7d33969bf66: shutdown d7483ff8-d446-4b93-ae84-b7d33969bf66@group-70A148EB6A12-LeaderStateImpl
2020-12-28 13:48:54,522 [Listener at 127.0.0.1/45143] INFO  metrics.RatisMetrics (RatisMetrics.java:unregister(43)) - Unregistering Metrics Registry : ratis_grpc.log_appender.d7483ff8-d446-4b93-ae84-b7d33969bf66@group-70A148EB6A12
2020-12-28 13:48:54,522 [d7483ff8-d446-4b93-ae84-b7d33969bf66@group-70A148EB6A12->ede2715c-525a-43bb-bbef-11d8a10627b5-GrpcLogAppender-LogAppenderDaemon] WARN  server.GrpcLogAppender (GrpcLogAppender.java:mayWait(174)) - d7483ff8-d446-4b93-ae84-b7d33969bf66@group-70A148EB6A12->ede2715c-525a-43bb-bbef-11d8a10627b5-GrpcLogAppender: Wait interrupted by java.lang.InterruptedException
2020-12-28 13:48:54,522 [Listener at 127.0.0.1/45143] INFO  metrics.RatisMetrics (RatisMetrics.java:unregister(43)) - Unregistering Metrics Registry : ratis_grpc.log_appender.d7483ff8-d446-4b93-ae84-b7d33969bf66@group-70A148EB6A12
2020-12-28 13:48:54,523 [d7483ff8-d446-4b93-ae84-b7d33969bf66@group-70A148EB6A12->c5825b16-4892-462f-82e3-ba8f99a31f50-GrpcLogAppender-LogAppenderDaemon] WARN  server.GrpcLogAppender (GrpcLogAppender.java:mayWait(174)) - d7483ff8-d446-4b93-ae84-b7d33969bf66@group-70A148EB6A12->c5825b16-4892-462f-82e3-ba8f99a31f50-GrpcLogAppender: Wait interrupted by java.lang.InterruptedException
2020-12-28 13:48:54,523 [Listener at 127.0.0.1/45143] INFO  impl.PendingRequests (PendingRequests.java:sendNotLeaderResponses(249)) - d7483ff8-d446-4b93-ae84-b7d33969bf66@group-70A148EB6A12-PendingRequests: sendNotLeaderResponses
2020-12-28 13:48:54,524 [grpc-default-executor-3] INFO  server.GrpcServerProtocolService (GrpcServerProtocolService.java:onCompleted(138)) - c5825b16-4892-462f-82e3-ba8f99a31f50: Completed APPEND_ENTRIES, lastRequest: d7483ff8-d446-4b93-ae84-b7d33969bf66->c5825b16-4892-462f-82e3-ba8f99a31f50#87-t1,previous=(t:1, i:22),leaderCommit=21,initializing? true,entries: size=1, first=(t:1, i:23), METADATAENTRY(c:21)
2020-12-28 13:48:54,525 [grpc-default-executor-1] INFO  server.GrpcLogAppender (GrpcLogAppender.java:onCompleted(343)) - d7483ff8-d446-4b93-ae84-b7d33969bf66@group-70A148EB6A12->c5825b16-4892-462f-82e3-ba8f99a31f50-AppendLogResponseHandler: follower responses appendEntries COMPLETED
2020-12-28 13:48:54,526 [grpc-default-executor-1] INFO  leader.FollowerInfo (FollowerInfoImpl.java:lambda$new$0(46)) - d7483ff8-d446-4b93-ae84-b7d33969bf66@group-70A148EB6A12->c5825b16-4892-462f-82e3-ba8f99a31f50: nextIndex: updateUnconditionally 24 -> 23
2020-12-28 13:48:54,526 [Listener at 127.0.0.1/45143] INFO  metrics.RatisMetrics (RatisMetrics.java:unregister(43)) - Unregistering Metrics Registry : ratis.log_appender.d7483ff8-d446-4b93-ae84-b7d33969bf66@group-70A148EB6A12
2020-12-28 13:48:54,527 [Listener at 127.0.0.1/45143] INFO  metrics.RatisMetrics (RatisMetrics.java:unregister(43)) - Unregistering Metrics Registry : ratis.server.d7483ff8-d446-4b93-ae84-b7d33969bf66@group-70A148EB6A12
2020-12-28 13:48:54,528 [Listener at 127.0.0.1/45143] INFO  impl.StateMachineUpdater (StateMachineUpdater.java:stopAndJoin(148)) - d7483ff8-d446-4b93-ae84-b7d33969bf66@group-70A148EB6A12-StateMachineUpdater: set stopIndex = 23
2020-12-28 13:48:54,528 [d7483ff8-d446-4b93-ae84-b7d33969bf66@group-70A148EB6A12-StateMachineUpdater] INFO  ratis.ContainerStateMachine (ContainerStateMachine.java:takeSnapshot(291)) - group-70A148EB6A12: Taking a snapshot at:(t:1, i:23) file /github/workspace/mnt/ozone/hadoop-ozone/integration-test/target/test-dir/MiniOzoneClusterImpl-bdf594c0-931e-4198-806f-06e591ff76c3/datanode-5/data/ratis/7358459d-60ce-490b-a741-70a148eb6a12/sm/snapshot.1_23
2020-12-28 13:48:54,529 [d7483ff8-d446-4b93-ae84-b7d33969bf66@group-70A148EB6A12-StateMachineUpdater] INFO  ratis.ContainerStateMachine (ContainerStateMachine.java:takeSnapshot(302)) - group-70A148EB6A12: Finished taking a snapshot at:(t:1, i:23) file:/github/workspace/mnt/ozone/hadoop-ozone/integration-test/target/test-dir/MiniOzoneClusterImpl-bdf594c0-931e-4198-806f-06e591ff76c3/datanode-5/data/ratis/7358459d-60ce-490b-a741-70a148eb6a12/sm/snapshot.1_23 time:1
2020-12-28 13:48:54,529 [d7483ff8-d446-4b93-ae84-b7d33969bf66@group-70A148EB6A12-StateMachineUpdater] INFO  impl.StateMachineUpdater (StateMachineUpdater.java:takeSnapshot(279)) - d7483ff8-d446-4b93-ae84-b7d33969bf66@group-70A148EB6A12-StateMachineUpdater: Took a snapshot at index 23
2020-12-28 13:48:54,529 [d7483ff8-d446-4b93-ae84-b7d33969bf66@group-70A148EB6A12-StateMachineUpdater] INFO  impl.StateMachineUpdater (StateMachineUpdater.java:lambda$new$0(88)) - d7483ff8-d446-4b93-ae84-b7d33969bf66@group-70A148EB6A12-StateMachineUpdater: snapshotIndex: updateIncreasingly -1 -> 23
2020-12-28 13:48:54,530 [d7483ff8-d446-4b93-ae84-b7d33969bf66@group-70A148EB6A12-StateMachineUpdater] INFO  metrics.RatisMetrics (RatisMetrics.java:unregister(43)) - Unregistering Metrics Registry : ratis.state_machine.d7483ff8-d446-4b93-ae84-b7d33969bf66@group-70A148EB6A12
2020-12-28 13:48:54,530 [Listener at 127.0.0.1/45143] INFO  server.RaftServer$Division (ServerState.java:close(406)) - d7483ff8-d446-4b93-ae84-b7d33969bf66@group-70A148EB6A12: closes. applyIndex: 23
2020-12-28 13:48:54,530 [d7483ff8-d446-4b93-ae84-b7d33969bf66@group-70A148EB6A12-SegmentedRaftLogWorker] INFO  segmented.SegmentedRaftLogWorker (SegmentedRaftLogWorker.java:run(326)) - d7483ff8-d446-4b93-ae84-b7d33969bf66@group-70A148EB6A12-SegmentedRaftLogWorker was interrupted, exiting. There are 0 tasks remaining in the queue.
2020-12-28 13:48:54,530 [Listener at 127.0.0.1/45143] INFO  segmented.SegmentedRaftLogWorker (SegmentedRaftLogWorker.java:close(236)) - d7483ff8-d446-4b93-ae84-b7d33969bf66@group-70A148EB6A12-SegmentedRaftLogWorker close()
2020-12-28 13:48:54,530 [Listener at 127.0.0.1/45143] INFO  metrics.RatisMetrics (RatisMetrics.java:unregister(43)) - Unregistering Metrics Registry : ratis.log_worker.d7483ff8-d446-4b93-ae84-b7d33969bf66@group-70A148EB6A12
2020-12-28 13:48:54,530 [Listener at 127.0.0.1/45143] INFO  metrics.RatisMetrics (RatisMetrics.java:unregister(43)) - Unregistering Metrics Registry : ratis.leader_election.d7483ff8-d446-4b93-ae84-b7d33969bf66@group-70A148EB6A12
2020-12-28 13:48:54,531 [Listener at 127.0.0.1/45143] INFO  metrics.RatisMetrics (RatisMetrics.java:unregister(43)) - Unregistering Metrics Registry : ratis.server.d7483ff8-d446-4b93-ae84-b7d33969bf66@group-70A148EB6A12
2020-12-28 13:48:54,531 [Listener at 127.0.0.1/45143] INFO  server.GrpcService (GrpcService.java:closeImpl(184)) - d7483ff8-d446-4b93-ae84-b7d33969bf66: shutdown server with port 43973 now
2020-12-28 13:48:54,532 [grpc-default-executor-3] WARN  client.GrpcClientProtocolService (LogUtils.java:warn(122)) - 1-UnorderedRequestStreamObserver1: onError: org.apache.ratis.thirdparty.io.grpc.StatusRuntimeException: CANCELLED: cancelled before receiving half close
2020-12-28 13:48:54,533 [Listener at 127.0.0.1/45143] INFO  server.GrpcService (GrpcService.java:closeImpl(193)) - d7483ff8-d446-4b93-ae84-b7d33969bf66: shutdown server with port 43973 successfully
2020-12-28 13:48:54,533 [org.apache.ratis.util.JvmPauseMonitor$$Lambda$222/1304631346@26f91346] INFO  util.JvmPauseMonitor (JvmPauseMonitor.java:run(109)) - JvmPauseMonitor-d7483ff8-d446-4b93-ae84-b7d33969bf66: Stopped
2020-12-28 13:48:54,535 [Listener at 127.0.0.1/45143] INFO  utils.BackgroundService (BackgroundService.java:shutdown(132)) - Shutting down service BlockDeletingService
2020-12-28 13:48:54,537 [Listener at 127.0.0.1/45143] INFO  statemachine.DatanodeStateMachine (DatanodeStateMachine.java:stopDaemon(461)) - Ozone container server stopped.
2020-12-28 13:48:54,545 [Listener at 127.0.0.1/45143] INFO  handler.ContextHandler (ContextHandler.java:doStop(1154)) - Stopped o.e.j.w.WebAppContext@6b0c851b{hddsDatanode,/,null,STOPPED}{jar:file:/home/user/.m2/repository/org/apache/hadoop/hadoop-hdds-container-service/1.1.0-SNAPSHOT/hadoop-hdds-container-service-1.1.0-SNAPSHOT.jar!/webapps/hddsDatanode}
2020-12-28 13:48:54,546 [Listener at 127.0.0.1/45143] INFO  server.AbstractConnector (AbstractConnector.java:doStop(381)) - Stopped ServerConnector@10d2411f{HTTP/1.1, (http/1.1)}{0.0.0.0:0}
2020-12-28 13:48:54,546 [Listener at 127.0.0.1/45143] INFO  server.session (HouseKeeper.java:stopScavenging(149)) - node0 Stopped scavenging
2020-12-28 13:48:54,547 [Listener at 127.0.0.1/45143] INFO  handler.ContextHandler (ContextHandler.java:doStop(1154)) - Stopped o.e.j.s.ServletContextHandler@1c66272b{static,/static,jar:file:/home/user/.m2/repository/org/apache/hadoop/hadoop-hdds-container-service/1.1.0-SNAPSHOT/hadoop-hdds-container-service-1.1.0-SNAPSHOT.jar!/webapps/static,STOPPED}
2020-12-28 13:48:54,547 [Listener at 127.0.0.1/45143] INFO  handler.ContextHandler (ContextHandler.java:doStop(1154)) - Stopped o.e.j.s.ServletContextHandler@3c9d64e4{logs,/logs,file:///github/workspace/mnt/ozone/hadoop-ozone/integration-test/target/log,STOPPED}
2020-12-28 13:48:54,641 [Datanode State Machine Thread - 0] INFO  statemachine.DatanodeStateMachine (DatanodeStateMachine.java:lambda$startDaemon$0(408)) - Ozone container server started.
2020-12-28 13:48:54,713 [Datanode State Machine Thread - 0] INFO  statemachine.DatanodeStateMachine (DatanodeStateMachine.java:lambda$startDaemon$0(408)) - Ozone container server started.
2020-12-28 13:48:54,802 [ReplicationMonitor] INFO  container.ReplicationManager (ReplicationManager.java:run(250)) - Replication Monitor Thread took 0 milliseconds for processing 4 containers.
2020-12-28 13:48:55,098 [ForkJoinPool.commonPool-worker-1] INFO  ozoneimpl.OzoneContainer (OzoneContainer.java:stop(257)) - Attempting to stop container services.
2020-12-28 13:48:55,098 [ForkJoinPool.commonPool-worker-1] INFO  server.RaftServer (RaftServerProxy.java:lambda$close$6(387)) - 27693bd8-fb4b-4214-8f6f-61df0de82a87: close
2020-12-28 13:48:55,099 [ForkJoinPool.commonPool-worker-1] INFO  server.GrpcService (GrpcService.java:closeImpl(184)) - 27693bd8-fb4b-4214-8f6f-61df0de82a87: shutdown server with port 35297 now
2020-12-28 13:48:55,100 [ForkJoinPool.commonPool-worker-1] INFO  server.GrpcService (GrpcService.java:closeImpl(193)) - 27693bd8-fb4b-4214-8f6f-61df0de82a87: shutdown server with port 35297 successfully
2020-12-28 13:48:55,100 [org.apache.ratis.util.JvmPauseMonitor$$Lambda$222/1304631346@74f1de59] INFO  util.JvmPauseMonitor (JvmPauseMonitor.java:run(109)) - JvmPauseMonitor-27693bd8-fb4b-4214-8f6f-61df0de82a87: Stopped
2020-12-28 13:48:55,103 [ForkJoinPool.commonPool-worker-1] INFO  utils.BackgroundService (BackgroundService.java:shutdown(132)) - Shutting down service BlockDeletingService
2020-12-28 13:48:55,105 [ForkJoinPool.commonPool-worker-1] INFO  statemachine.DatanodeStateMachine (DatanodeStateMachine.java:stopDaemon(461)) - Ozone container server stopped.
2020-12-28 13:48:55,114 [ForkJoinPool.commonPool-worker-1] INFO  handler.ContextHandler (ContextHandler.java:doStop(1154)) - Stopped o.e.j.w.WebAppContext@3a99aa17{hddsDatanode,/,null,STOPPED}{jar:file:/home/user/.m2/repository/org/apache/hadoop/hadoop-hdds-container-service/1.1.0-SNAPSHOT/hadoop-hdds-container-service-1.1.0-SNAPSHOT.jar!/webapps/hddsDatanode}
2020-12-28 13:48:55,114 [ForkJoinPool.commonPool-worker-1] INFO  server.AbstractConnector (AbstractConnector.java:doStop(381)) - Stopped ServerConnector@36eff8df{HTTP/1.1, (http/1.1)}{0.0.0.0:0}
2020-12-28 13:48:55,114 [ForkJoinPool.commonPool-worker-1] INFO  server.session (HouseKeeper.java:stopScavenging(149)) - node0 Stopped scavenging
2020-12-28 13:48:55,115 [ForkJoinPool.commonPool-worker-1] INFO  handler.ContextHandler (ContextHandler.java:doStop(1154)) - Stopped o.e.j.s.ServletContextHandler@6fd364a3{static,/static,jar:file:/home/user/.m2/repository/org/apache/hadoop/hadoop-hdds-container-service/1.1.0-SNAPSHOT/hadoop-hdds-container-service-1.1.0-SNAPSHOT.jar!/webapps/static,STOPPED}
2020-12-28 13:48:55,115 [ForkJoinPool.commonPool-worker-1] INFO  handler.ContextHandler (ContextHandler.java:doStop(1154)) - Stopped o.e.j.s.ServletContextHandler@46ead542{logs,/logs,file:///github/workspace/mnt/ozone/hadoop-ozone/integration-test/target/log,STOPPED}
2020-12-28 13:48:55,197 [DatanodeAdminManager-0] INFO  node.DatanodeAdminMonitorImpl (DatanodeAdminMonitorImpl.java:run(136)) - There are 3 nodes tracked for decommission and maintenance. 0 pending nodes.
2020-12-28 13:48:55,352 [Listener at 127.0.0.1/45143] INFO  ozoneimpl.OzoneContainer (OzoneContainer.java:stop(257)) - Attempting to stop container services.
2020-12-28 13:48:55,353 [Listener at 127.0.0.1/45143] INFO  server.RaftServer (RaftServerProxy.java:lambda$close$6(387)) - c5825b16-4892-462f-82e3-ba8f99a31f50: close
2020-12-28 13:48:55,353 [Listener at 127.0.0.1/45143] INFO  server.RaftServer$Division (RaftServerImpl.java:lambda$close$4(397)) - c5825b16-4892-462f-82e3-ba8f99a31f50@group-70A148EB6A12: shutdown
2020-12-28 13:48:55,353 [Listener at 127.0.0.1/45143] INFO  util.JmxRegister (JmxRegister.java:unregister(73)) - Successfully un-registered JMX Bean with object name Ratis:service=RaftServer,group=group-70A148EB6A12,id=c5825b16-4892-462f-82e3-ba8f99a31f50
2020-12-28 13:48:55,353 [Listener at 127.0.0.1/45143] INFO  impl.RoleInfo (RoleInfo.java:shutdownFollowerState(108)) - c5825b16-4892-462f-82e3-ba8f99a31f50: shutdown c5825b16-4892-462f-82e3-ba8f99a31f50@group-70A148EB6A12-FollowerState
2020-12-28 13:48:55,354 [Thread-864] INFO  impl.FollowerState (FollowerState.java:run(142)) - c5825b16-4892-462f-82e3-ba8f99a31f50@group-70A148EB6A12-FollowerState was interrupted: {}
java.lang.InterruptedException: sleep interrupted
	at java.lang.Thread.sleep(Native Method)
	at java.lang.Thread.sleep(Thread.java:340)
	at java.util.concurrent.TimeUnit.sleep(TimeUnit.java:386)
	at org.apache.ratis.util.TimeDuration.sleep(TimeDuration.java:319)
	at org.apache.ratis.util.TimeDuration.sleep(TimeDuration.java:304)
	at org.apache.ratis.server.impl.FollowerState.run(FollowerState.java:117)
2020-12-28 13:48:55,356 [Listener at 127.0.0.1/45143] INFO  impl.StateMachineUpdater (StateMachineUpdater.java:stopAndJoin(148)) - c5825b16-4892-462f-82e3-ba8f99a31f50@group-70A148EB6A12-StateMachineUpdater: set stopIndex = 23
2020-12-28 13:48:55,356 [c5825b16-4892-462f-82e3-ba8f99a31f50@group-70A148EB6A12-StateMachineUpdater] INFO  ratis.ContainerStateMachine (ContainerStateMachine.java:takeSnapshot(291)) - group-70A148EB6A12: Taking a snapshot at:(t:1, i:23) file /github/workspace/mnt/ozone/hadoop-ozone/integration-test/target/test-dir/MiniOzoneClusterImpl-bdf594c0-931e-4198-806f-06e591ff76c3/datanode-4/data/ratis/7358459d-60ce-490b-a741-70a148eb6a12/sm/snapshot.1_23
2020-12-28 13:48:55,357 [c5825b16-4892-462f-82e3-ba8f99a31f50@group-70A148EB6A12-StateMachineUpdater] INFO  ratis.ContainerStateMachine (ContainerStateMachine.java:takeSnapshot(302)) - group-70A148EB6A12: Finished taking a snapshot at:(t:1, i:23) file:/github/workspace/mnt/ozone/hadoop-ozone/integration-test/target/test-dir/MiniOzoneClusterImpl-bdf594c0-931e-4198-806f-06e591ff76c3/datanode-4/data/ratis/7358459d-60ce-490b-a741-70a148eb6a12/sm/snapshot.1_23 time:1
2020-12-28 13:48:55,357 [c5825b16-4892-462f-82e3-ba8f99a31f50@group-70A148EB6A12-StateMachineUpdater] INFO  impl.StateMachineUpdater (StateMachineUpdater.java:takeSnapshot(279)) - c5825b16-4892-462f-82e3-ba8f99a31f50@group-70A148EB6A12-StateMachineUpdater: Took a snapshot at index 23
2020-12-28 13:48:55,357 [c5825b16-4892-462f-82e3-ba8f99a31f50@group-70A148EB6A12-StateMachineUpdater] INFO  impl.StateMachineUpdater (StateMachineUpdater.java:lambda$new$0(88)) - c5825b16-4892-462f-82e3-ba8f99a31f50@group-70A148EB6A12-StateMachineUpdater: snapshotIndex: updateIncreasingly -1 -> 23
2020-12-28 13:48:55,358 [c5825b16-4892-462f-82e3-ba8f99a31f50@group-70A148EB6A12-StateMachineUpdater] INFO  metrics.RatisMetrics (RatisMetrics.java:unregister(43)) - Unregistering Metrics Registry : ratis.state_machine.c5825b16-4892-462f-82e3-ba8f99a31f50@group-70A148EB6A12
2020-12-28 13:48:55,358 [Listener at 127.0.0.1/45143] INFO  server.RaftServer$Division (ServerState.java:close(406)) - c5825b16-4892-462f-82e3-ba8f99a31f50@group-70A148EB6A12: closes. applyIndex: 23
2020-12-28 13:48:55,359 [c5825b16-4892-462f-82e3-ba8f99a31f50@group-70A148EB6A12-SegmentedRaftLogWorker] INFO  segmented.SegmentedRaftLogWorker (SegmentedRaftLogWorker.java:run(326)) - c5825b16-4892-462f-82e3-ba8f99a31f50@group-70A148EB6A12-SegmentedRaftLogWorker was interrupted, exiting. There are 0 tasks remaining in the queue.
2020-12-28 13:48:55,359 [Listener at 127.0.0.1/45143] INFO  segmented.SegmentedRaftLogWorker (SegmentedRaftLogWorker.java:close(236)) - c5825b16-4892-462f-82e3-ba8f99a31f50@group-70A148EB6A12-SegmentedRaftLogWorker close()
2020-12-28 13:48:55,359 [Listener at 127.0.0.1/45143] INFO  metrics.RatisMetrics (RatisMetrics.java:unregister(43)) - Unregistering Metrics Registry : ratis.log_worker.c5825b16-4892-462f-82e3-ba8f99a31f50@group-70A148EB6A12
2020-12-28 13:48:55,359 [Listener at 127.0.0.1/45143] INFO  metrics.RatisMetrics (RatisMetrics.java:unregister(43)) - Unregistering Metrics Registry : ratis.leader_election.c5825b16-4892-462f-82e3-ba8f99a31f50@group-70A148EB6A12
2020-12-28 13:48:55,360 [Listener at 127.0.0.1/45143] INFO  metrics.RatisMetrics (RatisMetrics.java:unregister(43)) - Unregistering Metrics Registry : ratis.server.c5825b16-4892-462f-82e3-ba8f99a31f50@group-70A148EB6A12
2020-12-28 13:48:55,360 [Listener at 127.0.0.1/45143] INFO  server.RaftServer$Division (RaftServerImpl.java:lambda$close$4(397)) - c5825b16-4892-462f-82e3-ba8f99a31f50@group-D4CE2357A7C1: shutdown
2020-12-28 13:48:55,360 [Listener at 127.0.0.1/45143] INFO  util.JmxRegister (JmxRegister.java:unregister(73)) - Successfully un-registered JMX Bean with object name Ratis:service=RaftServer,group=group-D4CE2357A7C1,id=c5825b16-4892-462f-82e3-ba8f99a31f50
2020-12-28 13:48:55,361 [Listener at 127.0.0.1/45143] INFO  impl.RoleInfo (RoleInfo.java:shutdownLeaderState(91)) - c5825b16-4892-462f-82e3-ba8f99a31f50: shutdown c5825b16-4892-462f-82e3-ba8f99a31f50@group-D4CE2357A7C1-LeaderStateImpl
2020-12-28 13:48:55,361 [Listener at 127.0.0.1/45143] INFO  impl.PendingRequests (PendingRequests.java:sendNotLeaderResponses(249)) - c5825b16-4892-462f-82e3-ba8f99a31f50@group-D4CE2357A7C1-PendingRequests: sendNotLeaderResponses
2020-12-28 13:48:55,361 [Listener at 127.0.0.1/45143] INFO  metrics.RatisMetrics (RatisMetrics.java:unregister(43)) - Unregistering Metrics Registry : ratis.log_appender.c5825b16-4892-462f-82e3-ba8f99a31f50@group-D4CE2357A7C1
2020-12-28 13:48:55,362 [Listener at 127.0.0.1/45143] INFO  metrics.RatisMetrics (RatisMetrics.java:unregister(43)) - Unregistering Metrics Registry : ratis.server.c5825b16-4892-462f-82e3-ba8f99a31f50@group-D4CE2357A7C1
2020-12-28 13:48:55,362 [c5825b16-4892-462f-82e3-ba8f99a31f50@group-D4CE2357A7C1-StateMachineUpdater] INFO  ratis.ContainerStateMachine (ContainerStateMachine.java:takeSnapshot(291)) - group-D4CE2357A7C1: Taking a snapshot at:(t:1, i:0) file /github/workspace/mnt/ozone/hadoop-ozone/integration-test/target/test-dir/MiniOzoneClusterImpl-bdf594c0-931e-4198-806f-06e591ff76c3/datanode-4/data/ratis/f347d902-3ba2-4b07-9b52-d4ce2357a7c1/sm/snapshot.1_0
2020-12-28 13:48:55,362 [Listener at 127.0.0.1/45143] INFO  impl.StateMachineUpdater (StateMachineUpdater.java:stopAndJoin(148)) - c5825b16-4892-462f-82e3-ba8f99a31f50@group-D4CE2357A7C1-StateMachineUpdater: set stopIndex = 0
2020-12-28 13:48:55,363 [c5825b16-4892-462f-82e3-ba8f99a31f50@group-D4CE2357A7C1-StateMachineUpdater] INFO  ratis.ContainerStateMachine (ContainerStateMachine.java:takeSnapshot(302)) - group-D4CE2357A7C1: Finished taking a snapshot at:(t:1, i:0) file:/github/workspace/mnt/ozone/hadoop-ozone/integration-test/target/test-dir/MiniOzoneClusterImpl-bdf594c0-931e-4198-806f-06e591ff76c3/datanode-4/data/ratis/f347d902-3ba2-4b07-9b52-d4ce2357a7c1/sm/snapshot.1_0 time:1
2020-12-28 13:48:55,363 [c5825b16-4892-462f-82e3-ba8f99a31f50@group-D4CE2357A7C1-StateMachineUpdater] INFO  impl.StateMachineUpdater (StateMachineUpdater.java:takeSnapshot(279)) - c5825b16-4892-462f-82e3-ba8f99a31f50@group-D4CE2357A7C1-StateMachineUpdater: Took a snapshot at index 0
2020-12-28 13:48:55,363 [c5825b16-4892-462f-82e3-ba8f99a31f50@group-D4CE2357A7C1-StateMachineUpdater] INFO  impl.StateMachineUpdater (StateMachineUpdater.java:lambda$new$0(88)) - c5825b16-4892-462f-82e3-ba8f99a31f50@group-D4CE2357A7C1-StateMachineUpdater: snapshotIndex: updateIncreasingly -1 -> 0
2020-12-28 13:48:55,363 [c5825b16-4892-462f-82e3-ba8f99a31f50@group-D4CE2357A7C1-StateMachineUpdater] INFO  metrics.RatisMetrics (RatisMetrics.java:unregister(43)) - Unregistering Metrics Registry : ratis.state_machine.c5825b16-4892-462f-82e3-ba8f99a31f50@group-D4CE2357A7C1
2020-12-28 13:48:55,363 [Listener at 127.0.0.1/45143] INFO  server.RaftServer$Division (ServerState.java:close(406)) - c5825b16-4892-462f-82e3-ba8f99a31f50@group-D4CE2357A7C1: closes. applyIndex: 0
2020-12-28 13:48:55,364 [c5825b16-4892-462f-82e3-ba8f99a31f50@group-D4CE2357A7C1-SegmentedRaftLogWorker] INFO  segmented.SegmentedRaftLogWorker (SegmentedRaftLogWorker.java:run(326)) - c5825b16-4892-462f-82e3-ba8f99a31f50@group-D4CE2357A7C1-SegmentedRaftLogWorker was interrupted, exiting. There are 0 tasks remaining in the queue.
2020-12-28 13:48:55,365 [Listener at 127.0.0.1/45143] INFO  segmented.SegmentedRaftLogWorker (SegmentedRaftLogWorker.java:close(236)) - c5825b16-4892-462f-82e3-ba8f99a31f50@group-D4CE2357A7C1-SegmentedRaftLogWorker close()
2020-12-28 13:48:55,369 [Listener at 127.0.0.1/45143] INFO  metrics.RatisMetrics (RatisMetrics.java:unregister(43)) - Unregistering Metrics Registry : ratis.log_worker.c5825b16-4892-462f-82e3-ba8f99a31f50@group-D4CE2357A7C1
2020-12-28 13:48:55,370 [Listener at 127.0.0.1/45143] INFO  metrics.RatisMetrics (RatisMetrics.java:unregister(43)) - Unregistering Metrics Registry : ratis.leader_election.c5825b16-4892-462f-82e3-ba8f99a31f50@group-D4CE2357A7C1
2020-12-28 13:48:55,370 [Listener at 127.0.0.1/45143] INFO  metrics.RatisMetrics (RatisMetrics.java:unregister(43)) - Unregistering Metrics Registry : ratis.server.c5825b16-4892-462f-82e3-ba8f99a31f50@group-D4CE2357A7C1
2020-12-28 13:48:55,370 [Listener at 127.0.0.1/45143] INFO  server.GrpcService (GrpcService.java:closeImpl(184)) - c5825b16-4892-462f-82e3-ba8f99a31f50: shutdown server with port 36229 now
2020-12-28 13:48:55,375 [Listener at 127.0.0.1/45143] INFO  server.GrpcService (GrpcService.java:closeImpl(193)) - c5825b16-4892-462f-82e3-ba8f99a31f50: shutdown server with port 36229 successfully
2020-12-28 13:48:55,375 [org.apache.ratis.util.JvmPauseMonitor$$Lambda$222/1304631346@cabb4d4] INFO  util.JvmPauseMonitor (JvmPauseMonitor.java:run(109)) - JvmPauseMonitor-c5825b16-4892-462f-82e3-ba8f99a31f50: Stopped
2020-12-28 13:48:55,376 [Listener at 127.0.0.1/45143] INFO  utils.BackgroundService (BackgroundService.java:shutdown(132)) - Shutting down service BlockDeletingService
2020-12-28 13:48:55,377 [Listener at 127.0.0.1/45143] INFO  statemachine.DatanodeStateMachine (DatanodeStateMachine.java:stopDaemon(461)) - Ozone container server stopped.
2020-12-28 13:48:55,387 [Listener at 127.0.0.1/45143] INFO  handler.ContextHandler (ContextHandler.java:doStop(1154)) - Stopped o.e.j.w.WebAppContext@497dc589{hddsDatanode,/,null,STOPPED}{jar:file:/home/user/.m2/repository/org/apache/hadoop/hadoop-hdds-container-service/1.1.0-SNAPSHOT/hadoop-hdds-container-service-1.1.0-SNAPSHOT.jar!/webapps/hddsDatanode}
2020-12-28 13:48:55,387 [Listener at 127.0.0.1/45143] INFO  server.AbstractConnector (AbstractConnector.java:doStop(381)) - Stopped ServerConnector@4bb44322{HTTP/1.1, (http/1.1)}{0.0.0.0:0}
2020-12-28 13:48:55,388 [Listener at 127.0.0.1/45143] INFO  server.session (HouseKeeper.java:stopScavenging(149)) - node0 Stopped scavenging
2020-12-28 13:48:55,388 [Listener at 127.0.0.1/45143] INFO  handler.ContextHandler (ContextHandler.java:doStop(1154)) - Stopped o.e.j.s.ServletContextHandler@286bd902{static,/static,jar:file:/home/user/.m2/repository/org/apache/hadoop/hadoop-hdds-container-service/1.1.0-SNAPSHOT/hadoop-hdds-container-service-1.1.0-SNAPSHOT.jar!/webapps/static,STOPPED}
2020-12-28 13:48:55,389 [Listener at 127.0.0.1/45143] INFO  handler.ContextHandler (ContextHandler.java:doStop(1154)) - Stopped o.e.j.s.ServletContextHandler@3dee7142{logs,/logs,file:///github/workspace/mnt/ozone/hadoop-ozone/integration-test/target/log,STOPPED}
2020-12-28 13:48:55,391 [Listener at 127.0.0.1/45143] INFO  ozone.MiniOzoneClusterImpl (MiniOzoneClusterImpl.java:stopSCM(477)) - Stopping the StorageContainerManager
2020-12-28 13:48:55,391 [Listener at 127.0.0.1/45143] INFO  server.StorageContainerManager (StorageContainerManager.java:stop(832)) - Stopping Replication Manager Service.
2020-12-28 13:48:55,391 [Listener at 127.0.0.1/45143] INFO  container.ReplicationManager (ReplicationManager.java:stop(227)) - Stopping Replication Monitor Thread.
2020-12-28 13:48:55,392 [Listener at 127.0.0.1/45143] INFO  server.StorageContainerManager (StorageContainerManager.java:stop(839)) - Stopping the Datanode Admin Monitor.
2020-12-28 13:48:55,392 [Listener at 127.0.0.1/45143] INFO  server.StorageContainerManager (StorageContainerManager.java:stop(846)) - Stopping Lease Manager of the command watchers
2020-12-28 13:48:55,393 [Listener at 127.0.0.1/45143] INFO  server.StorageContainerManager (StorageContainerManager.java:stop(853)) - Stopping datanode service RPC server
2020-12-28 13:48:55,393 [Listener at 127.0.0.1/45143] INFO  server.SCMDatanodeProtocolServer (SCMDatanodeProtocolServer.java:stop(369)) - Stopping the RPC server for DataNodes
2020-12-28 13:48:55,393 [Listener at 127.0.0.1/45143] INFO  ipc.Server (Server.java:stop(3359)) - Stopping server on 37861
2020-12-28 13:48:55,394 [IPC Server Responder] INFO  ipc.Server (Server.java:run(1465)) - Stopping IPC Server Responder
2020-12-28 13:48:55,395 [IPC Server listener on 0] INFO  ipc.Server (Server.java:run(1330)) - Stopping IPC Server listener on 0
2020-12-28 13:48:55,415 [SCM Heartbeat Processing Thread - 0] WARN  node.NodeStateManager (NodeStateManager.java:scheduleNextHealthCheck(688)) - Current Thread is interrupted, shutting down HB processing thread for Node Manager.
2020-12-28 13:48:55,416 [Listener at 127.0.0.1/45143] INFO  server.StorageContainerManager (StorageContainerManager.java:stop(861)) - Stopping block service RPC server
2020-12-28 13:48:55,416 [Listener at 127.0.0.1/45143] INFO  server.SCMBlockProtocolServer (SCMBlockProtocolServer.java:stop(159)) - Stopping the RPC server for Block Protocol
2020-12-28 13:48:55,416 [Listener at 127.0.0.1/45143] INFO  ipc.Server (Server.java:stop(3359)) - Stopping server on 39645
2020-12-28 13:48:55,417 [IPC Server listener on 0] INFO  ipc.Server (Server.java:run(1330)) - Stopping IPC Server listener on 0
2020-12-28 13:48:55,422 [IPC Server Responder] INFO  ipc.Server (Server.java:run(1465)) - Stopping IPC Server Responder
2020-12-28 13:48:55,422 [Listener at 127.0.0.1/45143] INFO  server.StorageContainerManager (StorageContainerManager.java:stop(868)) - Stopping the StorageContainerLocationProtocol RPC server
2020-12-28 13:48:55,422 [Listener at 127.0.0.1/45143] INFO  server.SCMClientProtocolServer (SCMClientProtocolServer.java:stop(168)) - Stopping the RPC server for Client Protocol
2020-12-28 13:48:55,422 [Listener at 127.0.0.1/45143] INFO  ipc.Server (Server.java:stop(3359)) - Stopping server on 42649
2020-12-28 13:48:55,423 [IPC Server listener on 0] INFO  ipc.Server (Server.java:run(1330)) - Stopping IPC Server listener on 0
2020-12-28 13:48:55,425 [IPC Server Responder] INFO  ipc.Server (Server.java:run(1465)) - Stopping IPC Server Responder
2020-12-28 13:48:55,425 [Listener at 127.0.0.1/45143] INFO  server.StorageContainerManager (StorageContainerManager.java:stop(875)) - Stopping Storage Container Manager HTTP server.
2020-12-28 13:48:55,426 [Listener at 127.0.0.1/45143] INFO  handler.ContextHandler (ContextHandler.java:doStop(1154)) - Stopped o.e.j.w.WebAppContext@19b019a6{scm,/,null,STOPPED}{file:/github/workspace/mnt/ozone/hadoop-ozone/integration-test/target/test-classes/webapps/scm}
2020-12-28 13:48:55,426 [Listener at 127.0.0.1/45143] INFO  server.AbstractConnector (AbstractConnector.java:doStop(381)) - Stopped ServerConnector@2c3f9229{HTTP/1.1, (http/1.1)}{0.0.0.0:0}
2020-12-28 13:48:55,426 [Listener at 127.0.0.1/45143] INFO  server.session (HouseKeeper.java:stopScavenging(149)) - node0 Stopped scavenging
2020-12-28 13:48:55,426 [Listener at 127.0.0.1/45143] INFO  handler.ContextHandler (ContextHandler.java:doStop(1154)) - Stopped o.e.j.s.ServletContextHandler@64bcd98a{static,/static,file:///github/workspace/mnt/ozone/hadoop-ozone/integration-test/target/test-classes/webapps/static,STOPPED}
2020-12-28 13:48:55,426 [Listener at 127.0.0.1/45143] INFO  handler.ContextHandler (ContextHandler.java:doStop(1154)) - Stopped o.e.j.s.ServletContextHandler@559ac87f{logs,/logs,file:///github/workspace/mnt/ozone/hadoop-ozone/integration-test/target/log,STOPPED}
2020-12-28 13:48:55,427 [Listener at 127.0.0.1/45143] INFO  server.StorageContainerManager (StorageContainerManager.java:stop(886)) - Stopping Block Manager Service.
2020-12-28 13:48:55,427 [Listener at 127.0.0.1/45143] INFO  utils.BackgroundService (BackgroundService.java:shutdown(132)) - Shutting down service SCMBlockDeletingService
2020-12-28 13:48:55,427 [Listener at 127.0.0.1/45143] INFO  utils.BackgroundService (BackgroundService.java:shutdown(132)) - Shutting down service SCMBlockDeletingService
2020-12-28 13:48:55,428 [Listener at 127.0.0.1/45143] INFO  server.StorageContainerManager (StorageContainerManager.java:stop(911)) - Stopping SCM Event Queue.
2020-12-28 13:48:55,429 [Listener at 127.0.0.1/45143] INFO  impl.MetricsSystemImpl (MetricsSystemImpl.java:stop(210)) - Stopping HddsDatanode metrics system...
2020-12-28 13:48:55,437 [Listener at 127.0.0.1/45143] INFO  impl.MetricsSystemImpl (MetricsSystemImpl.java:stop(216)) - HddsDatanode metrics system stopped.
]]></system-out>
  </testcase>
  <testcase name="testDecommissionedStateReinstatedAfterSCMRestart" classname="org.apache.hadoop.ozone.scm.node.TestDecommissionAndMaintenance" time="37.508"/>
  <testcase name="testMaintenanceEndsAutomaticallyAtTimeout" classname="org.apache.hadoop.ozone.scm.node.TestDecommissionAndMaintenance" time="58.112"/>
  <testcase name="testDecommissionedNodeCanBeRecommissioned" classname="org.apache.hadoop.ozone.scm.node.TestDecommissionAndMaintenance" time="24.232"/>
  <testcase name="testNodeWithOpenPipelineCanBeDecommissioned" classname="org.apache.hadoop.ozone.scm.node.TestDecommissionAndMaintenance" time="38.952"/>
  <testcase name="testSingleNodeWithOpenPipelineCanGotoMaintenance" classname="org.apache.hadoop.ozone.scm.node.TestDecommissionAndMaintenance" time="41.958"/>
  <testcase name="testSCMHandlesRestartForMaintenanceNode" classname="org.apache.hadoop.ozone.scm.node.TestDecommissionAndMaintenance" time="46.854"/>
  <testcase name="testStoppedDecommissionedNodeTakesSCMStateOnRestart" classname="org.apache.hadoop.ozone.scm.node.TestDecommissionAndMaintenance" time="49.362"/>
  <testcase name="testEnteringMaintenanceNodeCompletesAfterSCMRestart" classname="org.apache.hadoop.ozone.scm.node.TestDecommissionAndMaintenance" time="38.293"/>
  <testcase name="testDecommissioningNodesCompleteDecommissionOnSCMRestart" classname="org.apache.hadoop.ozone.scm.node.TestDecommissionAndMaintenance" time="39.539"/>
</testsuite>