<?xml version="1.0" encoding="UTF-8"?>
<testsuite xmlns:xsi="http://www.w3.org/2001/XMLSchema-instance" xsi:noNamespaceSchemaLocation="https://maven.apache.org/surefire/maven-surefire-plugin/xsd/surefire-test-report-3.0.xsd" version="3.0" name="org.apache.hadoop.fs.ozone.TestSnapshotDeletingService" time="120.251" tests="3" errors="0" skipped="0" failures="1">
  <properties>
    <property name="awt.toolkit" value="sun.awt.X11.XToolkit"/>
    <property name="file.encoding.pkg" value="sun.io"/>
    <property name="java.specification.version" value="1.8"/>
    <property name="sun.cpu.isalist" value=""/>
    <property name="sun.jnu.encoding" value="UTF-8"/>
    <property name="java.class.path" value="/home/runner/work/ozone/ozone/hadoop-ozone/integration-test/target/test-classes:/home/runner/work/ozone/ozone/hadoop-ozone/integration-test/target/classes:/home/runner/.m2/repository/org/apache/ozone/ozone-common/1.4.0-SNAPSHOT/ozone-common-1.4.0-SNAPSHOT.jar:/home/runner/.m2/repository/io/grpc/grpc-netty/1.51.1/grpc-netty-1.51.1.jar:/home/runner/.m2/repository/io/grpc/grpc-core/1.51.1/grpc-core-1.51.1.jar:/home/runner/.m2/repository/com/google/android/annotations/4.1.1.4/annotations-4.1.1.4.jar:/home/runner/.m2/repository/org/codehaus/mojo/animal-sniffer-annotations/1.21/animal-sniffer-annotations-1.21.jar:/home/runner/.m2/repository/com/google/errorprone/error_prone_annotations/2.2.0/error_prone_annotations-2.2.0.jar:/home/runner/.m2/repository/io/perfmark/perfmark-api/0.25.0/perfmark-api-0.25.0.jar:/home/runner/.m2/repository/io/netty/netty-codec-http2/4.1.86.Final/netty-codec-http2-4.1.86.Final.jar:/home/runner/.m2/repository/io/netty/netty-common/4.1.86.Final/netty-common-4.1.86.Final.jar:/home/runner/.m2/repository/io/netty/netty-buffer/4.1.86.Final/netty-buffer-4.1.86.Final.jar:/home/runner/.m2/repository/io/netty/netty-codec-http/4.1.86.Final/netty-codec-http-4.1.86.Final.jar:/home/runner/.m2/repository/io/netty/netty-handler-proxy/4.1.86.Final/netty-handler-proxy-4.1.86.Final.jar:/home/runner/.m2/repository/io/netty/netty-codec-socks/4.1.86.Final/netty-codec-socks-4.1.86.Final.jar:/home/runner/.m2/repository/io/netty/netty-tcnative-boringssl-static/2.0.54.Final/netty-tcnative-boringssl-static-2.0.54.Final.jar:/home/runner/.m2/repository/io/netty/netty-tcnative-classes/2.0.54.Final/netty-tcnative-classes-2.0.54.Final.jar:/home/runner/.m2/repository/io/netty/netty-tcnative-boringssl-static/2.0.54.Final/netty-tcnative-boringssl-static-2.0.54.Final-linux-x86_64.jar:/home/runner/.m2/repository/io/netty/netty-tcnative-boringssl-static/2.0.54.Final/netty-tcnative-boringssl-static-2.0.54.Final-linux-aarch_64.jar:/home/runner/.m2/repository/io/netty/netty-tcnative-boringssl-static/2.0.54.Final/netty-tcnative-boringssl-static-2.0.54.Final-osx-x86_64.jar:/home/runner/.m2/repository/io/netty/netty-tcnative-boringssl-static/2.0.54.Final/netty-tcnative-boringssl-static-2.0.54.Final-osx-aarch_64.jar:/home/runner/.m2/repository/io/netty/netty-tcnative-boringssl-static/2.0.54.Final/netty-tcnative-boringssl-static-2.0.54.Final-windows-x86_64.jar:/home/runner/.m2/repository/org/apache/commons/commons-compress/1.21/commons-compress-1.21.jar:/home/runner/.m2/repository/org/apache/ozone/hdds-common/1.4.0-SNAPSHOT/hdds-common-1.4.0-SNAPSHOT.jar:/home/runner/.m2/repository/org/apache/ozone/hdds-client/1.4.0-SNAPSHOT/hdds-client-1.4.0-SNAPSHOT.jar:/home/runner/.m2/repository/org/apache/ozone/ozone-interface-client/1.4.0-SNAPSHOT/ozone-interface-client-1.4.0-SNAPSHOT.jar:/home/runner/.m2/repository/org/apache/hadoop/hadoop-hdfs-client/3.3.6/hadoop-hdfs-client-3.3.6.jar:/home/runner/.m2/repository/com/squareup/okhttp3/okhttp/4.9.3/okhttp-4.9.3.jar:/home/runner/.m2/repository/com/squareup/okio/okio/2.8.0/okio-2.8.0.jar:/home/runner/.m2/repository/org/jetbrains/kotlin/kotlin-stdlib-common/1.6.21/kotlin-stdlib-common-1.6.21.jar:/home/runner/.m2/repository/org/apache/ozone/hdds-test-utils/1.4.0-SNAPSHOT/hdds-test-utils-1.4.0-SNAPSHOT.jar:/home/runner/.m2/repository/com/google/guava/guava/32.0.0-jre/guava-32.0.0-jre.jar:/home/runner/.m2/repository/com/google/guava/failureaccess/1.0.1/failureaccess-1.0.1.jar:/home/runner/.m2/repository/com/google/guava/listenablefuture/9999.0-empty-to-avoid-conflict-with-guava/listenablefuture-9999.0-empty-to-avoid-conflict-with-guava.jar:/home/runner/.m2/repository/com/google/code/findbugs/jsr305/3.0.0/jsr305-3.0.0.jar:/home/runner/.m2/repository/org/checkerframework/checker-qual/3.33.0/checker-qual-3.33.0.jar:/home/runner/.m2/repository/com/google/j2objc/j2objc-annotations/2.8/j2objc-annotations-2.8.jar:/home/runner/.m2/repository/commons-io/commons-io/2.11.0/commons-io-2.11.0.jar:/home/runner/.m2/repository/commons-logging/commons-logging/1.2/commons-logging-1.2.jar:/home/runner/.m2/repository/ch/qos/reload4j/reload4j/1.2.22/reload4j-1.2.22.jar:/home/runner/.m2/repository/org/slf4j/slf4j-api/1.7.36/slf4j-api-1.7.36.jar:/home/runner/.m2/repository/org/apache/ozone/hdds-server-scm/1.4.0-SNAPSHOT/hdds-server-scm-1.4.0-SNAPSHOT.jar:/home/runner/.m2/repository/org/apache/ozone/hdds-container-service/1.4.0-SNAPSHOT/hdds-container-service-1.4.0-SNAPSHOT.jar:/home/runner/.m2/repository/org/apache/ozone/hdds-hadoop-dependency-server/1.4.0-SNAPSHOT/hdds-hadoop-dependency-server-1.4.0-SNAPSHOT.jar:/home/runner/.m2/repository/org/apache/hadoop/hadoop-hdfs/3.3.6/hadoop-hdfs-3.3.6.jar:/home/runner/.m2/repository/commons-daemon/commons-daemon/1.0.13/commons-daemon-1.0.13.jar:/home/runner/.m2/repository/org/apache/ozone/hdds-server-framework/1.4.0-SNAPSHOT/hdds-server-framework-1.4.0-SNAPSHOT.jar:/home/runner/.m2/repository/io/dropwizard/metrics/metrics-core/3.2.4/metrics-core-3.2.4.jar:/home/runner/.m2/repository/org/apache/commons/commons-text/1.10.0/commons-text-1.10.0.jar:/home/runner/.m2/repository/org/bouncycastle/bcprov-jdk15on/1.67/bcprov-jdk15on-1.67.jar:/home/runner/.m2/repository/com/google/protobuf/protobuf-java/2.5.0/protobuf-java-2.5.0.jar:/home/runner/.m2/repository/org/apache/ozone/hdds-server-framework/1.4.0-SNAPSHOT/hdds-server-framework-1.4.0-SNAPSHOT-tests.jar:/home/runner/.m2/repository/org/apache/ozone/hdds-interface-server/1.4.0-SNAPSHOT/hdds-interface-server-1.4.0-SNAPSHOT.jar:/home/runner/.m2/repository/org/apache/ozone/hdds-interface-admin/1.4.0-SNAPSHOT/hdds-interface-admin-1.4.0-SNAPSHOT.jar:/home/runner/.m2/repository/org/apache/ozone/hdds-managed-rocksdb/1.4.0-SNAPSHOT/hdds-managed-rocksdb-1.4.0-SNAPSHOT.jar:/home/runner/.m2/repository/org/rocksdb/rocksdbjni/7.7.3/rocksdbjni-7.7.3.jar:/home/runner/.m2/repository/org/slf4j/slf4j-reload4j/1.7.36/slf4j-reload4j-1.7.36.jar:/home/runner/.m2/repository/org/apache/commons/commons-configuration2/2.1.1/commons-configuration2-2.1.1.jar:/home/runner/.m2/repository/commons-fileupload/commons-fileupload/1.5/commons-fileupload-1.5.jar:/home/runner/.m2/repository/org/apache/logging/log4j/log4j-core/2.17.1/log4j-core-2.17.1.jar:/home/runner/.m2/repository/com/lmax/disruptor/3.4.2/disruptor-3.4.2.jar:/home/runner/.m2/repository/org/eclipse/jetty/jetty-util/9.4.51.v20230217/jetty-util-9.4.51.v20230217.jar:/home/runner/.m2/repository/org/eclipse/jetty/jetty-server/9.4.51.v20230217/jetty-server-9.4.51.v20230217.jar:/home/runner/.m2/repository/org/eclipse/jetty/jetty-http/9.4.51.v20230217/jetty-http-9.4.51.v20230217.jar:/home/runner/.m2/repository/org/eclipse/jetty/jetty-io/9.4.51.v20230217/jetty-io-9.4.51.v20230217.jar:/home/runner/.m2/repository/org/eclipse/jetty/jetty-servlet/9.4.51.v20230217/jetty-servlet-9.4.51.v20230217.jar:/home/runner/.m2/repository/org/eclipse/jetty/jetty-security/9.4.51.v20230217/jetty-security-9.4.51.v20230217.jar:/home/runner/.m2/repository/org/eclipse/jetty/jetty-util-ajax/9.4.51.v20230217/jetty-util-ajax-9.4.51.v20230217.jar:/home/runner/.m2/repository/org/eclipse/jetty/jetty-webapp/9.4.51.v20230217/jetty-webapp-9.4.51.v20230217.jar:/home/runner/.m2/repository/org/eclipse/jetty/jetty-xml/9.4.51.v20230217/jetty-xml-9.4.51.v20230217.jar:/home/runner/.m2/repository/org/apache/ratis/ratis-server/2.5.1/ratis-server-2.5.1.jar:/home/runner/.m2/repository/org/apache/ratis/ratis-thirdparty-misc/1.0.4/ratis-thirdparty-misc-1.0.4.jar:/home/runner/.m2/repository/org/apache/ratis/ratis-proto/2.5.1/ratis-proto-2.5.1.jar:/home/runner/.m2/repository/org/apache/ratis/ratis-common/2.5.1/ratis-common-2.5.1.jar:/home/runner/.m2/repository/org/apache/ratis/ratis-client/2.5.1/ratis-client-2.5.1.jar:/home/runner/.m2/repository/org/apache/ratis/ratis-server-api/2.5.1/ratis-server-api-2.5.1.jar:/home/runner/.m2/repository/org/apache/ratis/ratis-metrics/2.5.1/ratis-metrics-2.5.1.jar:/home/runner/.m2/repository/io/prometheus/simpleclient_dropwizard/0.7.0/simpleclient_dropwizard-0.7.0.jar:/home/runner/.m2/repository/io/prometheus/simpleclient/0.7.0/simpleclient-0.7.0.jar:/home/runner/.m2/repository/io/prometheus/simpleclient_common/0.7.0/simpleclient_common-0.7.0.jar:/home/runner/.m2/repository/com/fasterxml/jackson/datatype/jackson-datatype-jsr310/2.13.4/jackson-datatype-jsr310-2.13.4.jar:/home/runner/.m2/repository/com/fasterxml/jackson/core/jackson-core/2.13.4/jackson-core-2.13.4.jar:/home/runner/.m2/repository/com/github/spotbugs/spotbugs-annotations/3.1.12/spotbugs-annotations-3.1.12.jar:/home/runner/.m2/repository/org/apache/ozone/rocksdb-checkpoint-differ/1.4.0-SNAPSHOT/rocksdb-checkpoint-differ-1.4.0-SNAPSHOT.jar:/home/runner/.m2/repository/org/awaitility/awaitility/4.2.0/awaitility-4.2.0.jar:/home/runner/.m2/repository/org/hamcrest/hamcrest/2.1/hamcrest-2.1.jar:/home/runner/.m2/repository/org/apache/ozone/ozone-manager/1.4.0-SNAPSHOT/ozone-manager-1.4.0-SNAPSHOT.jar:/home/runner/.m2/repository/org/aspectj/aspectjrt/1.9.7/aspectjrt-1.9.7.jar:/home/runner/.m2/repository/org/aspectj/aspectjweaver/1.9.7/aspectjweaver-1.9.7.jar:/home/runner/.m2/repository/org/apache/ozone/hdds-interface-client/1.4.0-SNAPSHOT/hdds-interface-client-1.4.0-SNAPSHOT.jar:/home/runner/.m2/repository/org/apache/hadoop/thirdparty/hadoop-shaded-protobuf_3_7/1.1.1/hadoop-shaded-protobuf_3_7-1.1.1.jar:/home/runner/.m2/repository/org/apache/ozone/ozone-interface-storage/1.4.0-SNAPSHOT/ozone-interface-storage-1.4.0-SNAPSHOT.jar:/home/runner/.m2/repository/org/reflections/reflections/0.9.11/reflections-0.9.11.jar:/home/runner/.m2/repository/com/sun/jersey/jersey-client/1.19/jersey-client-1.19.jar:/home/runner/.m2/repository/org/codehaus/jackson/jackson-core-asl/1.9.13/jackson-core-asl-1.9.13.jar:/home/runner/.m2/repository/org/codehaus/jackson/jackson-mapper-asl/1.9.13/jackson-mapper-asl-1.9.13.jar:/home/runner/.m2/repository/org/codehaus/jackson/jackson-jaxrs/1.9.13/jackson-jaxrs-1.9.13.jar:/home/runner/.m2/repository/org/apache/ranger/ranger-intg/2.3.0/ranger-intg-2.3.0.jar:/home/runner/.m2/repository/org/apache/ranger/ranger-plugins-common/2.3.0/ranger-plugins-common-2.3.0.jar:/home/runner/.m2/repository/commons-lang/commons-lang/2.6/commons-lang-2.6.jar:/home/runner/.m2/repository/org/apache/ranger/ranger-plugins-cred/2.3.0/ranger-plugins-cred-2.3.0.jar:/home/runner/.m2/repository/org/apache/ranger/ranger-plugins-audit/2.3.0/ranger-plugins-audit-2.3.0.jar:/home/runner/.m2/repository/org/eclipse/jetty/jetty-client/9.4.51.v20230217/jetty-client-9.4.51.v20230217.jar:/home/runner/.m2/repository/org/apache/httpcomponents/httpmime/4.5.6/httpmime-4.5.6.jar:/home/runner/.m2/repository/org/apache/httpcomponents/httpcore-nio/4.4.13/httpcore-nio-4.4.13.jar:/home/runner/.m2/repository/org/apache/httpcomponents/httpasyncclient/4.1.3/httpasyncclient-4.1.3.jar:/home/runner/.m2/repository/com/carrotsearch/hppc/0.8.0/hppc-0.8.0.jar:/home/runner/.m2/repository/org/apache/orc/orc-core/1.5.8/orc-core-1.5.8.jar:/home/runner/.m2/repository/net/java/dev/jna/jna/5.2.0/jna-5.2.0.jar:/home/runner/.m2/repository/net/java/dev/jna/jna-platform/5.2.0/jna-platform-5.2.0.jar:/home/runner/.m2/repository/com/kstruct/gethostname4j/0.0.2/gethostname4j-0.0.2.jar:/home/runner/.m2/repository/org/apache/ranger/ranger-plugin-classloader/2.3.0/ranger-plugin-classloader-2.3.0.jar:/home/runner/.m2/repository/org/apache/ozone/hdds-rocks-native/1.4.0-SNAPSHOT/hdds-rocks-native-1.4.0-SNAPSHOT.jar:/home/runner/.m2/repository/org/apache/hadoop/hadoop-minikdc/3.3.6/hadoop-minikdc-3.3.6.jar:/home/runner/.m2/repository/org/apache/kerby/kerb-simplekdc/1.0.1/kerb-simplekdc-1.0.1.jar:/home/runner/.m2/repository/org/apache/kerby/kerb-client/1.0.1/kerb-client-1.0.1.jar:/home/runner/.m2/repository/org/apache/kerby/kerby-config/1.0.1/kerby-config-1.0.1.jar:/home/runner/.m2/repository/org/apache/kerby/kerb-common/1.0.1/kerb-common-1.0.1.jar:/home/runner/.m2/repository/org/apache/kerby/kerb-crypto/1.0.1/kerb-crypto-1.0.1.jar:/home/runner/.m2/repository/org/apache/kerby/kerb-util/1.0.1/kerb-util-1.0.1.jar:/home/runner/.m2/repository/org/apache/kerby/token-provider/1.0.1/token-provider-1.0.1.jar:/home/runner/.m2/repository/org/apache/kerby/kerb-admin/1.0.1/kerb-admin-1.0.1.jar:/home/runner/.m2/repository/org/apache/kerby/kerb-server/1.0.1/kerb-server-1.0.1.jar:/home/runner/.m2/repository/org/apache/kerby/kerb-identity/1.0.1/kerb-identity-1.0.1.jar:/home/runner/.m2/repository/org/apache/kerby/kerby-xdr/1.0.1/kerby-xdr-1.0.1.jar:/home/runner/.m2/repository/org/apache/ozone/ozone-s3gateway/1.4.0-SNAPSHOT/ozone-s3gateway-1.4.0-SNAPSHOT.jar:/home/runner/.m2/repository/org/javassist/javassist/3.21.0-GA/javassist-3.21.0-GA.jar:/home/runner/.m2/repository/org/jboss/weld/servlet/weld-servlet-shaded/3.1.9.Final/weld-servlet-shaded-3.1.9.Final.jar:/home/runner/.m2/repository/org/glassfish/jersey/containers/jersey-container-servlet-core/2.34/jersey-container-servlet-core-2.34.jar:/home/runner/.m2/repository/org/glassfish/hk2/external/jakarta.inject/2.6.1/jakarta.inject-2.6.1.jar:/home/runner/.m2/repository/org/glassfish/jersey/core/jersey-common/2.34/jersey-common-2.34.jar:/home/runner/.m2/repository/jakarta/ws/rs/jakarta.ws.rs-api/2.1.6/jakarta.ws.rs-api-2.1.6.jar:/home/runner/.m2/repository/org/glassfish/jersey/ext/cdi/jersey-cdi1x/2.34/jersey-cdi1x-2.34.jar:/home/runner/.m2/repository/org/glassfish/jersey/inject/jersey-hk2/2.34/jersey-hk2-2.34.jar:/home/runner/.m2/repository/org/glassfish/hk2/hk2-locator/2.6.1/hk2-locator-2.6.1.jar:/home/runner/.m2/repository/org/glassfish/jersey/media/jersey-media-jaxb/2.34/jersey-media-jaxb-2.34.jar:/home/runner/.m2/repository/org/glassfish/hk2/osgi-resource-locator/1.0.3/osgi-resource-locator-1.0.3.jar:/home/runner/.m2/repository/org/glassfish/hk2/hk2-api/2.5.0/hk2-api-2.5.0.jar:/home/runner/.m2/repository/org/glassfish/hk2/hk2-utils/2.5.0/hk2-utils-2.5.0.jar:/home/runner/.m2/repository/org/glassfish/hk2/external/aopalliance-repackaged/2.5.0/aopalliance-repackaged-2.5.0.jar:/home/runner/.m2/repository/com/fasterxml/jackson/dataformat/jackson-dataformat-xml/2.13.4/jackson-dataformat-xml-2.13.4.jar:/home/runner/.m2/repository/org/codehaus/woodstox/stax2-api/4.2.1/stax2-api-4.2.1.jar:/home/runner/.m2/repository/com/fasterxml/woodstox/woodstox-core/5.4.0/woodstox-core-5.4.0.jar:/home/runner/.m2/repository/com/fasterxml/jackson/module/jackson-module-jaxb-annotations/2.13.4/jackson-module-jaxb-annotations-2.13.4.jar:/home/runner/.m2/repository/jakarta/xml/bind/jakarta.xml.bind-api/2.3.3/jakarta.xml.bind-api-2.3.3.jar:/home/runner/.m2/repository/jakarta/activation/jakarta.activation-api/1.2.2/jakarta.activation-api-1.2.2.jar:/home/runner/.m2/repository/javax/enterprise/cdi-api/2.0/cdi-api-2.0.jar:/home/runner/.m2/repository/javax/el/javax.el-api/3.0.0/javax.el-api-3.0.0.jar:/home/runner/.m2/repository/javax/interceptor/javax.interceptor-api/1.2/javax.interceptor-api-1.2.jar:/home/runner/.m2/repository/javax/inject/javax.inject/1/javax.inject-1.jar:/home/runner/.m2/repository/javax/xml/bind/jaxb-api/2.3.0/jaxb-api-2.3.0.jar:/home/runner/.m2/repository/org/glassfish/jaxb/jaxb-runtime/2.3.0.1/jaxb-runtime-2.3.0.1.jar:/home/runner/.m2/repository/org/glassfish/jaxb/jaxb-core/2.3.0.1/jaxb-core-2.3.0.1.jar:/home/runner/.m2/repository/org/glassfish/jaxb/txw2/2.3.0.1/txw2-2.3.0.1.jar:/home/runner/.m2/repository/com/sun/istack/istack-commons-runtime/3.0.5/istack-commons-runtime-3.0.5.jar:/home/runner/.m2/repository/org/jvnet/staxex/stax-ex/1.7.8/stax-ex-1.7.8.jar:/home/runner/.m2/repository/com/sun/xml/fastinfoset/FastInfoset/1.2.13/FastInfoset-1.2.13.jar:/home/runner/.m2/repository/javax/activation/activation/1.1.1/activation-1.1.1.jar:/home/runner/.m2/repository/io/grpc/grpc-protobuf/1.51.1/grpc-protobuf-1.51.1.jar:/home/runner/.m2/repository/com/google/api/grpc/proto-google-common-protos/2.9.0/proto-google-common-protos-2.9.0.jar:/home/runner/.m2/repository/io/grpc/grpc-protobuf-lite/1.51.1/grpc-protobuf-lite-1.51.1.jar:/home/runner/.m2/repository/io/grpc/grpc-stub/1.51.1/grpc-stub-1.51.1.jar:/home/runner/.m2/repository/io/netty/netty-transport/4.1.86.Final/netty-transport-4.1.86.Final.jar:/home/runner/.m2/repository/io/netty/netty-resolver/4.1.86.Final/netty-resolver-4.1.86.Final.jar:/home/runner/.m2/repository/org/apache/ozone/ozone-csi/1.4.0-SNAPSHOT/ozone-csi-1.4.0-SNAPSHOT.jar:/home/runner/.m2/repository/com/google/protobuf/protobuf-java-util/3.19.6/protobuf-java-util-3.19.6.jar:/home/runner/.m2/repository/com/google/code/gson/gson/2.9.0/gson-2.9.0.jar:/home/runner/.m2/repository/org/apache/ozone/hdds-config/1.4.0-SNAPSHOT/hdds-config-1.4.0-SNAPSHOT.jar:/home/runner/.m2/repository/io/netty/netty-transport-native-epoll/4.1.86.Final/netty-transport-native-epoll-4.1.86.Final-linux-x86_64.jar:/home/runner/.m2/repository/io/netty/netty-transport-classes-epoll/4.1.86.Final/netty-transport-classes-epoll-4.1.86.Final.jar:/home/runner/.m2/repository/io/netty/netty-transport-native-unix-common/4.1.86.Final/netty-transport-native-unix-common-4.1.86.Final.jar:/home/runner/.m2/repository/org/apache/ozone/ozone-recon/1.4.0-SNAPSHOT/ozone-recon-1.4.0-SNAPSHOT.jar:/home/runner/.m2/repository/org/apache/ozone/ozone-reconcodegen/1.4.0-SNAPSHOT/ozone-reconcodegen-1.4.0-SNAPSHOT.jar:/home/runner/.m2/repository/com/google/inject/guice/5.1.0/guice-5.1.0.jar:/home/runner/.m2/repository/aopalliance/aopalliance/1.0/aopalliance-1.0.jar:/home/runner/.m2/repository/com/google/inject/extensions/guice-assistedinject/5.1.0/guice-assistedinject-5.1.0.jar:/home/runner/.m2/repository/com/google/inject/extensions/guice-servlet/5.1.0/guice-servlet-5.1.0.jar:/home/runner/.m2/repository/org/glassfish/jersey/containers/jersey-container-servlet/2.34/jersey-container-servlet-2.34.jar:/home/runner/.m2/repository/org/glassfish/hk2/guice-bridge/2.5.0/guice-bridge-2.5.0.jar:/home/runner/.m2/repository/org/glassfish/jersey/core/jersey-server/2.34/jersey-server-2.34.jar:/home/runner/.m2/repository/org/glassfish/jersey/core/jersey-client/2.34/jersey-client-2.34.jar:/home/runner/.m2/repository/jakarta/annotation/jakarta.annotation-api/1.3.5/jakarta.annotation-api-1.3.5.jar:/home/runner/.m2/repository/jakarta/validation/jakarta.validation-api/2.0.2/jakarta.validation-api-2.0.2.jar:/home/runner/.m2/repository/org/glassfish/jersey/media/jersey-media-json-jackson/2.34/jersey-media-json-jackson-2.34.jar:/home/runner/.m2/repository/org/glassfish/jersey/ext/jersey-entity-filtering/2.34/jersey-entity-filtering-2.34.jar:/home/runner/.m2/repository/org/jooq/jooq/3.11.10/jooq-3.11.10.jar:/home/runner/.m2/repository/org/jooq/jooq-meta/3.11.10/jooq-meta-3.11.10.jar:/home/runner/.m2/repository/org/jooq/jooq-codegen/3.11.10/jooq-codegen-3.11.10.jar:/home/runner/.m2/repository/com/jolbox/bonecp/0.8.0.RELEASE/bonecp-0.8.0.RELEASE.jar:/home/runner/.m2/repository/org/apache/derby/derby/10.14.2.0/derby-10.14.2.0.jar:/home/runner/.m2/repository/org/xerial/sqlite-jdbc/3.41.2.2/sqlite-jdbc-3.41.2.2.jar:/home/runner/.m2/repository/org/springframework/spring-jdbc/5.3.27/spring-jdbc-5.3.27.jar:/home/runner/.m2/repository/org/springframework/spring-beans/5.3.27/spring-beans-5.3.27.jar:/home/runner/.m2/repository/org/springframework/spring-core/5.3.27/spring-core-5.3.27.jar:/home/runner/.m2/repository/org/springframework/spring-tx/5.3.27/spring-tx-5.3.27.jar:/home/runner/.m2/repository/org/apache/ozone/ozone-client/1.4.0-SNAPSHOT/ozone-client-1.4.0-SNAPSHOT.jar:/home/runner/.m2/repository/org/apache/ozone/hdds-erasurecode/1.4.0-SNAPSHOT/hdds-erasurecode-1.4.0-SNAPSHOT.jar:/home/runner/.m2/repository/org/apache/ozone/ozone-filesystem/1.4.0-SNAPSHOT/ozone-filesystem-1.4.0-SNAPSHOT.jar:/home/runner/.m2/repository/org/apache/ozone/ozone-filesystem-common/1.4.0-SNAPSHOT/ozone-filesystem-common-1.4.0-SNAPSHOT.jar:/home/runner/.m2/repository/org/apache/ozone/ozone-tools/1.4.0-SNAPSHOT/ozone-tools-1.4.0-SNAPSHOT.jar:/home/runner/.m2/repository/com/amazonaws/aws-java-sdk-core/1.12.261/aws-java-sdk-core-1.12.261.jar:/home/runner/.m2/repository/org/apache/httpcomponents/httpclient/4.5.13/httpclient-4.5.13.jar:/home/runner/.m2/repository/org/apache/httpcomponents/httpcore/4.4.13/httpcore-4.4.13.jar:/home/runner/.m2/repository/software/amazon/ion/ion-java/1.0.2/ion-java-1.0.2.jar:/home/runner/.m2/repository/com/fasterxml/jackson/dataformat/jackson-dataformat-cbor/2.13.4/jackson-dataformat-cbor-2.13.4.jar:/home/runner/.m2/repository/joda-time/joda-time/2.10.6/joda-time-2.10.6.jar:/home/runner/.m2/repository/com/amazonaws/aws-java-sdk-s3/1.12.261/aws-java-sdk-s3-1.12.261.jar:/home/runner/.m2/repository/com/amazonaws/aws-java-sdk-kms/1.12.261/aws-java-sdk-kms-1.12.261.jar:/home/runner/.m2/repository/com/amazonaws/jmespath-java/1.12.261/jmespath-java-1.12.261.jar:/home/runner/.m2/repository/org/kohsuke/metainf-services/metainf-services/1.8/metainf-services-1.8.jar:/home/runner/.m2/repository/org/apache/ozone/hdds-tools/1.4.0-SNAPSHOT/hdds-tools-1.4.0-SNAPSHOT.jar:/home/runner/.m2/repository/org/apache/ratis/ratis-tools/2.5.1/ratis-tools-2.5.1.jar:/home/runner/.m2/repository/commons-cli/commons-cli/1.2/commons-cli-1.2.jar:/home/runner/.m2/repository/org/apache/commons/commons-lang3/3.7/commons-lang3-3.7.jar:/home/runner/.m2/repository/org/apache/ozone/ozone-manager/1.4.0-SNAPSHOT/ozone-manager-1.4.0-SNAPSHOT-tests.jar:/home/runner/.m2/repository/org/apache/ozone/hdds-common/1.4.0-SNAPSHOT/hdds-common-1.4.0-SNAPSHOT-tests.jar:/home/runner/.m2/repository/org/apache/ozone/hdds-hadoop-dependency-client/1.4.0-SNAPSHOT/hdds-hadoop-dependency-client-1.4.0-SNAPSHOT.jar:/home/runner/.m2/repository/info/picocli/picocli/4.6.1/picocli-4.6.1.jar:/home/runner/.m2/repository/com/fasterxml/jackson/core/jackson-annotations/2.13.4/jackson-annotations-2.13.4.jar:/home/runner/.m2/repository/org/apache/ozone/hdds-annotation-processing/1.4.0-SNAPSHOT/hdds-annotation-processing-1.4.0-SNAPSHOT.jar:/home/runner/.m2/repository/javax/annotation/javax.annotation-api/1.2/javax.annotation-api-1.2.jar:/home/runner/.m2/repository/org/apache/ratis/ratis-netty/2.5.1/ratis-netty-2.5.1.jar:/home/runner/.m2/repository/org/apache/ratis/ratis-grpc/2.5.1/ratis-grpc-2.5.1.jar:/home/runner/.m2/repository/org/apache/logging/log4j/log4j-api/2.17.1/log4j-api-2.17.1.jar:/home/runner/.m2/repository/org/apache/commons/commons-pool2/2.6.0/commons-pool2-2.6.0.jar:/home/runner/.m2/repository/org/bouncycastle/bcpkix-jdk15on/1.67/bcpkix-jdk15on-1.67.jar:/home/runner/.m2/repository/commons-validator/commons-validator/1.6/commons-validator-1.6.jar:/home/runner/.m2/repository/commons-beanutils/commons-beanutils/1.9.4/commons-beanutils-1.9.4.jar:/home/runner/.m2/repository/commons-digester/commons-digester/1.8.1/commons-digester-1.8.1.jar:/home/runner/.m2/repository/commons-collections/commons-collections/3.2.2/commons-collections-3.2.2.jar:/home/runner/.m2/repository/io/jaegertracing/jaeger-client/1.6.0/jaeger-client-1.6.0.jar:/home/runner/.m2/repository/io/jaegertracing/jaeger-thrift/1.6.0/jaeger-thrift-1.6.0.jar:/home/runner/.m2/repository/org/apache/thrift/libthrift/0.14.1/libthrift-0.14.1.jar:/home/runner/.m2/repository/io/jaegertracing/jaeger-core/1.6.0/jaeger-core-1.6.0.jar:/home/runner/.m2/repository/io/jaegertracing/jaeger-tracerresolver/1.6.0/jaeger-tracerresolver-1.6.0.jar:/home/runner/.m2/repository/io/opentracing/contrib/opentracing-tracerresolver/0.1.8/opentracing-tracerresolver-0.1.8.jar:/home/runner/.m2/repository/org/jetbrains/kotlin/kotlin-stdlib/1.6.21/kotlin-stdlib-1.6.21.jar:/home/runner/.m2/repository/org/jetbrains/annotations/13.0/annotations-13.0.jar:/home/runner/.m2/repository/io/opentracing/opentracing-util/0.33.0/opentracing-util-0.33.0.jar:/home/runner/.m2/repository/io/opentracing/opentracing-api/0.33.0/opentracing-api-0.33.0.jar:/home/runner/.m2/repository/io/opentracing/opentracing-noop/0.33.0/opentracing-noop-0.33.0.jar:/home/runner/.m2/repository/org/yaml/snakeyaml/2.0/snakeyaml-2.0.jar:/home/runner/.m2/repository/io/grpc/grpc-api/1.51.1/grpc-api-1.51.1.jar:/home/runner/.m2/repository/io/grpc/grpc-context/1.51.1/grpc-context-1.51.1.jar:/home/runner/.m2/repository/junit/junit/4.13.1/junit-4.13.1.jar:/home/runner/.m2/repository/org/hamcrest/hamcrest-core/1.3/hamcrest-core-1.3.jar:/home/runner/.m2/repository/org/junit/jupiter/junit-jupiter-api/5.8.2/junit-jupiter-api-5.8.2.jar:/home/runner/.m2/repository/org/opentest4j/opentest4j/1.2.0/opentest4j-1.2.0.jar:/home/runner/.m2/repository/org/junit/platform/junit-platform-commons/1.8.2/junit-platform-commons-1.8.2.jar:/home/runner/.m2/repository/org/apiguardian/apiguardian-api/1.1.2/apiguardian-api-1.1.2.jar:/home/runner/.m2/repository/org/junit/jupiter/junit-jupiter-params/5.8.2/junit-jupiter-params-5.8.2.jar:/home/runner/.m2/repository/org/junit/jupiter/junit-jupiter-migrationsupport/5.8.2/junit-jupiter-migrationsupport-5.8.2.jar:/home/runner/.m2/repository/org/junit/jupiter/junit-jupiter-engine/5.8.2/junit-jupiter-engine-5.8.2.jar:/home/runner/.m2/repository/org/junit/platform/junit-platform-engine/1.8.2/junit-platform-engine-1.8.2.jar:/home/runner/.m2/repository/org/junit/vintage/junit-vintage-engine/5.8.2/junit-vintage-engine-5.8.2.jar:/home/runner/.m2/repository/org/junit/platform/junit-platform-launcher/1.8.2/junit-platform-launcher-1.8.2.jar:/home/runner/.m2/repository/org/mockito/mockito-core/3.5.9/mockito-core-3.5.9.jar:/home/runner/.m2/repository/net/bytebuddy/byte-buddy/1.10.13/byte-buddy-1.10.13.jar:/home/runner/.m2/repository/net/bytebuddy/byte-buddy-agent/1.10.13/byte-buddy-agent-1.10.13.jar:/home/runner/.m2/repository/org/objenesis/objenesis/1.0/objenesis-1.0.jar:/home/runner/.m2/repository/org/apache/hadoop/hadoop-kms/3.3.6/hadoop-kms-3.3.6.jar:/home/runner/.m2/repository/org/apache/hadoop/hadoop-auth/3.3.6/hadoop-auth-3.3.6.jar:/home/runner/.m2/repository/com/nimbusds/nimbus-jose-jwt/9.8.1/nimbus-jose-jwt-9.8.1.jar:/home/runner/.m2/repository/com/github/stephenc/jcip/jcip-annotations/1.0-1/jcip-annotations-1.0-1.jar:/home/runner/.m2/repository/org/apache/zookeeper/zookeeper/3.5.6/zookeeper-3.5.6.jar:/home/runner/.m2/repository/org/apache/zookeeper/zookeeper-jute/3.5.6/zookeeper-jute-3.5.6.jar:/home/runner/.m2/repository/org/apache/yetus/audience-annotations/0.5.0/audience-annotations-0.5.0.jar:/home/runner/.m2/repository/org/apache/curator/curator-framework/4.2.0/curator-framework-4.2.0.jar:/home/runner/.m2/repository/org/apache/hadoop/thirdparty/hadoop-shaded-guava/1.1.1/hadoop-shaded-guava-1.1.1.jar:/home/runner/.m2/repository/com/sun/jersey/jersey-core/1.19/jersey-core-1.19.jar:/home/runner/.m2/repository/javax/ws/rs/jsr311-api/1.1.1/jsr311-api-1.1.1.jar:/home/runner/.m2/repository/com/sun/jersey/jersey-server/1.19/jersey-server-1.19.jar:/home/runner/.m2/repository/javax/servlet/javax.servlet-api/3.1.0/javax.servlet-api-3.1.0.jar:/home/runner/.m2/repository/org/apache/hadoop/hadoop-common/3.3.6/hadoop-common-3.3.6.jar:/home/runner/.m2/repository/org/apache/commons/commons-math3/3.1.1/commons-math3-3.1.1.jar:/home/runner/.m2/repository/commons-net/commons-net/3.9.0/commons-net-3.9.0.jar:/home/runner/.m2/repository/com/sun/jersey/jersey-servlet/1.19/jersey-servlet-1.19.jar:/home/runner/.m2/repository/com/github/pjfanning/jersey-json/1.20/jersey-json-1.20.jar:/home/runner/.m2/repository/org/codehaus/jettison/jettison/1.1/jettison-1.1.jar:/home/runner/.m2/repository/com/sun/xml/bind/jaxb-impl/2.2.3-1/jaxb-impl-2.2.3-1.jar:/home/runner/.m2/repository/com/google/re2j/re2j/1.1/re2j-1.1.jar:/home/runner/.m2/repository/com/jcraft/jsch/0.1.54/jsch-0.1.54.jar:/home/runner/.m2/repository/org/apache/curator/curator-client/4.2.0/curator-client-4.2.0.jar:/home/runner/.m2/repository/org/apache/curator/curator-recipes/5.2.0/curator-recipes-5.2.0.jar:/home/runner/.m2/repository/org/apache/kerby/kerb-core/1.0.1/kerb-core-1.0.1.jar:/home/runner/.m2/repository/org/apache/kerby/kerby-pkix/1.0.1/kerby-pkix-1.0.1.jar:/home/runner/.m2/repository/org/apache/kerby/kerby-asn1/1.0.1/kerby-asn1-1.0.1.jar:/home/runner/.m2/repository/org/apache/kerby/kerby-util/1.0.1/kerby-util-1.0.1.jar:/home/runner/.m2/repository/dnsjava/dnsjava/2.1.7/dnsjava-2.1.7.jar:/home/runner/.m2/repository/org/xerial/snappy/snappy-java/1.1.8.2/snappy-java-1.1.8.2.jar:/home/runner/.m2/repository/com/fasterxml/jackson/core/jackson-databind/2.13.4.2/jackson-databind-2.13.4.2.jar:/home/runner/.m2/repository/org/apache/hadoop/hadoop-kms/3.3.6/hadoop-kms-3.3.6-tests.jar:/home/runner/.m2/repository/org/apache/ozone/hdds-server-scm/1.4.0-SNAPSHOT/hdds-server-scm-1.4.0-SNAPSHOT-tests.jar:/home/runner/.m2/repository/org/apache/ozone/hdds-container-service/1.4.0-SNAPSHOT/hdds-container-service-1.4.0-SNAPSHOT-tests.jar:/home/runner/.m2/repository/com/github/luben/zstd-jni/1.5.2-5/zstd-jni-1.5.2-5.jar:/home/runner/.m2/repository/commons-codec/commons-codec/1.15/commons-codec-1.15.jar:/home/runner/.m2/repository/io/netty/netty-codec/4.1.86.Final/netty-codec-4.1.86.Final.jar:/home/runner/.m2/repository/io/netty/netty-handler/4.1.86.Final/netty-handler-4.1.86.Final.jar:/home/runner/.m2/repository/org/apache/ozone/hdds-hadoop-dependency-test/1.4.0-SNAPSHOT/hdds-hadoop-dependency-test-1.4.0-SNAPSHOT.jar:/home/runner/.m2/repository/org/apache/hadoop/hadoop-common/3.3.6/hadoop-common-3.3.6-tests.jar:/home/runner/.m2/repository/org/apache/hadoop/hadoop-hdfs/3.3.6/hadoop-hdfs-3.3.6-tests.jar:/home/runner/.m2/repository/org/assertj/assertj-core/3.12.2/assertj-core-3.12.2.jar:/home/runner/.m2/repository/org/apache/hadoop/hadoop-distcp/3.3.6/hadoop-distcp-3.3.6.jar:/home/runner/.m2/repository/org/apache/hadoop/hadoop-mapreduce-client-jobclient/3.3.6/hadoop-mapreduce-client-jobclient-3.3.6.jar:/home/runner/.m2/repository/org/apache/hadoop/hadoop-mapreduce-client-common/3.3.6/hadoop-mapreduce-client-common-3.3.6.jar:/home/runner/.m2/repository/org/apache/hadoop/hadoop-yarn-common/3.3.6/hadoop-yarn-common-3.3.6.jar:/home/runner/.m2/repository/org/apache/hadoop/hadoop-yarn-api/3.3.6/hadoop-yarn-api-3.3.6.jar:/home/runner/.m2/repository/com/sun/jersey/contribs/jersey-guice/1.19/jersey-guice-1.19.jar:/home/runner/.m2/repository/com/fasterxml/jackson/jaxrs/jackson-jaxrs-json-provider/2.13.4/jackson-jaxrs-json-provider-2.13.4.jar:/home/runner/.m2/repository/com/fasterxml/jackson/jaxrs/jackson-jaxrs-base/2.13.4/jackson-jaxrs-base-2.13.4.jar:/home/runner/.m2/repository/org/apache/hadoop/hadoop-yarn-client/3.3.6/hadoop-yarn-client-3.3.6.jar:/home/runner/.m2/repository/org/eclipse/jetty/websocket/websocket-client/9.4.51.v20230217/websocket-client-9.4.51.v20230217.jar:/home/runner/.m2/repository/org/eclipse/jetty/websocket/websocket-common/9.4.51.v20230217/websocket-common-9.4.51.v20230217.jar:/home/runner/.m2/repository/org/eclipse/jetty/websocket/websocket-api/9.4.51.v20230217/websocket-api-9.4.51.v20230217.jar:/home/runner/.m2/repository/org/jline/jline/3.9.0/jline-3.9.0.jar:/home/runner/.m2/repository/org/apache/hadoop/hadoop-mapreduce-client-core/3.3.6/hadoop-mapreduce-client-core-3.3.6.jar:/home/runner/.m2/repository/org/apache/avro/avro/1.7.7/avro-1.7.7.jar:/home/runner/.m2/repository/com/thoughtworks/paranamer/paranamer/2.3/paranamer-2.3.jar:/home/runner/.m2/repository/org/apache/hadoop/hadoop-annotations/3.3.6/hadoop-annotations-3.3.6.jar:/usr/lib/jvm/temurin-8-jdk-amd64/jre/../lib/tools.jar:/home/runner/.m2/repository/io/netty/netty/3.10.6.Final/netty-3.10.6.Final.jar:/home/runner/.m2/repository/org/apache/hadoop/hadoop-distcp/3.3.6/hadoop-distcp-3.3.6-tests.jar:/home/runner/.m2/repository/org/slf4j/jul-to-slf4j/1.7.36/jul-to-slf4j-1.7.36.jar:"/>
    <property name="java.vm.vendor" value="Temurin"/>
    <property name="sun.arch.data.model" value="64"/>
    <property name="test.build.dir" value="/home/runner/work/ozone/ozone/hadoop-ozone/integration-test/target/test-dir"/>
    <property name="test.cache.data" value=""/>
    <property name="java.vendor.url" value="https://adoptium.net/"/>
    <property name="user.timezone" value="Etc/UTC"/>
    <property name="java.vm.specification.version" value="1.8"/>
    <property name="os.name" value="Linux"/>
    <property name="test.build.data" value="/home/runner/work/ozone/ozone/hadoop-ozone/integration-test/target/test-dir"/>
    <property name="sun.java.launcher" value="SUN_STANDARD"/>
    <property name="sun.boot.library.path" value="/usr/lib/jvm/temurin-8-jdk-amd64/jre/lib/amd64"/>
    <property name="sun.java.command" value="/home/runner/work/ozone/ozone/hadoop-ozone/integration-test/target/surefire/surefirebooter3624107253081335881.jar /home/runner/work/ozone/ozone/hadoop-ozone/integration-test/target/surefire 2023-07-12T21-09-53_961-jvmRun1 surefire4878813653521360477tmp surefire_403230309185442173124tmp"/>
    <property name="native.lib.tmp.dir" value="/tmp"/>
    <property name="surefire.test.class.path" value="/home/runner/work/ozone/ozone/hadoop-ozone/integration-test/target/test-classes:/home/runner/work/ozone/ozone/hadoop-ozone/integration-test/target/classes:/home/runner/.m2/repository/org/apache/ozone/ozone-common/1.4.0-SNAPSHOT/ozone-common-1.4.0-SNAPSHOT.jar:/home/runner/.m2/repository/io/grpc/grpc-netty/1.51.1/grpc-netty-1.51.1.jar:/home/runner/.m2/repository/io/grpc/grpc-core/1.51.1/grpc-core-1.51.1.jar:/home/runner/.m2/repository/com/google/android/annotations/4.1.1.4/annotations-4.1.1.4.jar:/home/runner/.m2/repository/org/codehaus/mojo/animal-sniffer-annotations/1.21/animal-sniffer-annotations-1.21.jar:/home/runner/.m2/repository/com/google/errorprone/error_prone_annotations/2.2.0/error_prone_annotations-2.2.0.jar:/home/runner/.m2/repository/io/perfmark/perfmark-api/0.25.0/perfmark-api-0.25.0.jar:/home/runner/.m2/repository/io/netty/netty-codec-http2/4.1.86.Final/netty-codec-http2-4.1.86.Final.jar:/home/runner/.m2/repository/io/netty/netty-common/4.1.86.Final/netty-common-4.1.86.Final.jar:/home/runner/.m2/repository/io/netty/netty-buffer/4.1.86.Final/netty-buffer-4.1.86.Final.jar:/home/runner/.m2/repository/io/netty/netty-codec-http/4.1.86.Final/netty-codec-http-4.1.86.Final.jar:/home/runner/.m2/repository/io/netty/netty-handler-proxy/4.1.86.Final/netty-handler-proxy-4.1.86.Final.jar:/home/runner/.m2/repository/io/netty/netty-codec-socks/4.1.86.Final/netty-codec-socks-4.1.86.Final.jar:/home/runner/.m2/repository/io/netty/netty-tcnative-boringssl-static/2.0.54.Final/netty-tcnative-boringssl-static-2.0.54.Final.jar:/home/runner/.m2/repository/io/netty/netty-tcnative-classes/2.0.54.Final/netty-tcnative-classes-2.0.54.Final.jar:/home/runner/.m2/repository/io/netty/netty-tcnative-boringssl-static/2.0.54.Final/netty-tcnative-boringssl-static-2.0.54.Final-linux-x86_64.jar:/home/runner/.m2/repository/io/netty/netty-tcnative-boringssl-static/2.0.54.Final/netty-tcnative-boringssl-static-2.0.54.Final-linux-aarch_64.jar:/home/runner/.m2/repository/io/netty/netty-tcnative-boringssl-static/2.0.54.Final/netty-tcnative-boringssl-static-2.0.54.Final-osx-x86_64.jar:/home/runner/.m2/repository/io/netty/netty-tcnative-boringssl-static/2.0.54.Final/netty-tcnative-boringssl-static-2.0.54.Final-osx-aarch_64.jar:/home/runner/.m2/repository/io/netty/netty-tcnative-boringssl-static/2.0.54.Final/netty-tcnative-boringssl-static-2.0.54.Final-windows-x86_64.jar:/home/runner/.m2/repository/org/apache/commons/commons-compress/1.21/commons-compress-1.21.jar:/home/runner/.m2/repository/org/apache/ozone/hdds-common/1.4.0-SNAPSHOT/hdds-common-1.4.0-SNAPSHOT.jar:/home/runner/.m2/repository/org/apache/ozone/hdds-client/1.4.0-SNAPSHOT/hdds-client-1.4.0-SNAPSHOT.jar:/home/runner/.m2/repository/org/apache/ozone/ozone-interface-client/1.4.0-SNAPSHOT/ozone-interface-client-1.4.0-SNAPSHOT.jar:/home/runner/.m2/repository/org/apache/hadoop/hadoop-hdfs-client/3.3.6/hadoop-hdfs-client-3.3.6.jar:/home/runner/.m2/repository/com/squareup/okhttp3/okhttp/4.9.3/okhttp-4.9.3.jar:/home/runner/.m2/repository/com/squareup/okio/okio/2.8.0/okio-2.8.0.jar:/home/runner/.m2/repository/org/jetbrains/kotlin/kotlin-stdlib-common/1.6.21/kotlin-stdlib-common-1.6.21.jar:/home/runner/.m2/repository/org/apache/ozone/hdds-test-utils/1.4.0-SNAPSHOT/hdds-test-utils-1.4.0-SNAPSHOT.jar:/home/runner/.m2/repository/com/google/guava/guava/32.0.0-jre/guava-32.0.0-jre.jar:/home/runner/.m2/repository/com/google/guava/failureaccess/1.0.1/failureaccess-1.0.1.jar:/home/runner/.m2/repository/com/google/guava/listenablefuture/9999.0-empty-to-avoid-conflict-with-guava/listenablefuture-9999.0-empty-to-avoid-conflict-with-guava.jar:/home/runner/.m2/repository/com/google/code/findbugs/jsr305/3.0.0/jsr305-3.0.0.jar:/home/runner/.m2/repository/org/checkerframework/checker-qual/3.33.0/checker-qual-3.33.0.jar:/home/runner/.m2/repository/com/google/j2objc/j2objc-annotations/2.8/j2objc-annotations-2.8.jar:/home/runner/.m2/repository/commons-io/commons-io/2.11.0/commons-io-2.11.0.jar:/home/runner/.m2/repository/commons-logging/commons-logging/1.2/commons-logging-1.2.jar:/home/runner/.m2/repository/ch/qos/reload4j/reload4j/1.2.22/reload4j-1.2.22.jar:/home/runner/.m2/repository/org/slf4j/slf4j-api/1.7.36/slf4j-api-1.7.36.jar:/home/runner/.m2/repository/org/apache/ozone/hdds-server-scm/1.4.0-SNAPSHOT/hdds-server-scm-1.4.0-SNAPSHOT.jar:/home/runner/.m2/repository/org/apache/ozone/hdds-container-service/1.4.0-SNAPSHOT/hdds-container-service-1.4.0-SNAPSHOT.jar:/home/runner/.m2/repository/org/apache/ozone/hdds-hadoop-dependency-server/1.4.0-SNAPSHOT/hdds-hadoop-dependency-server-1.4.0-SNAPSHOT.jar:/home/runner/.m2/repository/org/apache/hadoop/hadoop-hdfs/3.3.6/hadoop-hdfs-3.3.6.jar:/home/runner/.m2/repository/commons-daemon/commons-daemon/1.0.13/commons-daemon-1.0.13.jar:/home/runner/.m2/repository/org/apache/ozone/hdds-server-framework/1.4.0-SNAPSHOT/hdds-server-framework-1.4.0-SNAPSHOT.jar:/home/runner/.m2/repository/io/dropwizard/metrics/metrics-core/3.2.4/metrics-core-3.2.4.jar:/home/runner/.m2/repository/org/apache/commons/commons-text/1.10.0/commons-text-1.10.0.jar:/home/runner/.m2/repository/org/bouncycastle/bcprov-jdk15on/1.67/bcprov-jdk15on-1.67.jar:/home/runner/.m2/repository/com/google/protobuf/protobuf-java/2.5.0/protobuf-java-2.5.0.jar:/home/runner/.m2/repository/org/apache/ozone/hdds-server-framework/1.4.0-SNAPSHOT/hdds-server-framework-1.4.0-SNAPSHOT-tests.jar:/home/runner/.m2/repository/org/apache/ozone/hdds-interface-server/1.4.0-SNAPSHOT/hdds-interface-server-1.4.0-SNAPSHOT.jar:/home/runner/.m2/repository/org/apache/ozone/hdds-interface-admin/1.4.0-SNAPSHOT/hdds-interface-admin-1.4.0-SNAPSHOT.jar:/home/runner/.m2/repository/org/apache/ozone/hdds-managed-rocksdb/1.4.0-SNAPSHOT/hdds-managed-rocksdb-1.4.0-SNAPSHOT.jar:/home/runner/.m2/repository/org/rocksdb/rocksdbjni/7.7.3/rocksdbjni-7.7.3.jar:/home/runner/.m2/repository/org/slf4j/slf4j-reload4j/1.7.36/slf4j-reload4j-1.7.36.jar:/home/runner/.m2/repository/org/apache/commons/commons-configuration2/2.1.1/commons-configuration2-2.1.1.jar:/home/runner/.m2/repository/commons-fileupload/commons-fileupload/1.5/commons-fileupload-1.5.jar:/home/runner/.m2/repository/org/apache/logging/log4j/log4j-core/2.17.1/log4j-core-2.17.1.jar:/home/runner/.m2/repository/com/lmax/disruptor/3.4.2/disruptor-3.4.2.jar:/home/runner/.m2/repository/org/eclipse/jetty/jetty-util/9.4.51.v20230217/jetty-util-9.4.51.v20230217.jar:/home/runner/.m2/repository/org/eclipse/jetty/jetty-server/9.4.51.v20230217/jetty-server-9.4.51.v20230217.jar:/home/runner/.m2/repository/org/eclipse/jetty/jetty-http/9.4.51.v20230217/jetty-http-9.4.51.v20230217.jar:/home/runner/.m2/repository/org/eclipse/jetty/jetty-io/9.4.51.v20230217/jetty-io-9.4.51.v20230217.jar:/home/runner/.m2/repository/org/eclipse/jetty/jetty-servlet/9.4.51.v20230217/jetty-servlet-9.4.51.v20230217.jar:/home/runner/.m2/repository/org/eclipse/jetty/jetty-security/9.4.51.v20230217/jetty-security-9.4.51.v20230217.jar:/home/runner/.m2/repository/org/eclipse/jetty/jetty-util-ajax/9.4.51.v20230217/jetty-util-ajax-9.4.51.v20230217.jar:/home/runner/.m2/repository/org/eclipse/jetty/jetty-webapp/9.4.51.v20230217/jetty-webapp-9.4.51.v20230217.jar:/home/runner/.m2/repository/org/eclipse/jetty/jetty-xml/9.4.51.v20230217/jetty-xml-9.4.51.v20230217.jar:/home/runner/.m2/repository/org/apache/ratis/ratis-server/2.5.1/ratis-server-2.5.1.jar:/home/runner/.m2/repository/org/apache/ratis/ratis-thirdparty-misc/1.0.4/ratis-thirdparty-misc-1.0.4.jar:/home/runner/.m2/repository/org/apache/ratis/ratis-proto/2.5.1/ratis-proto-2.5.1.jar:/home/runner/.m2/repository/org/apache/ratis/ratis-common/2.5.1/ratis-common-2.5.1.jar:/home/runner/.m2/repository/org/apache/ratis/ratis-client/2.5.1/ratis-client-2.5.1.jar:/home/runner/.m2/repository/org/apache/ratis/ratis-server-api/2.5.1/ratis-server-api-2.5.1.jar:/home/runner/.m2/repository/org/apache/ratis/ratis-metrics/2.5.1/ratis-metrics-2.5.1.jar:/home/runner/.m2/repository/io/prometheus/simpleclient_dropwizard/0.7.0/simpleclient_dropwizard-0.7.0.jar:/home/runner/.m2/repository/io/prometheus/simpleclient/0.7.0/simpleclient-0.7.0.jar:/home/runner/.m2/repository/io/prometheus/simpleclient_common/0.7.0/simpleclient_common-0.7.0.jar:/home/runner/.m2/repository/com/fasterxml/jackson/datatype/jackson-datatype-jsr310/2.13.4/jackson-datatype-jsr310-2.13.4.jar:/home/runner/.m2/repository/com/fasterxml/jackson/core/jackson-core/2.13.4/jackson-core-2.13.4.jar:/home/runner/.m2/repository/com/github/spotbugs/spotbugs-annotations/3.1.12/spotbugs-annotations-3.1.12.jar:/home/runner/.m2/repository/org/apache/ozone/rocksdb-checkpoint-differ/1.4.0-SNAPSHOT/rocksdb-checkpoint-differ-1.4.0-SNAPSHOT.jar:/home/runner/.m2/repository/org/awaitility/awaitility/4.2.0/awaitility-4.2.0.jar:/home/runner/.m2/repository/org/hamcrest/hamcrest/2.1/hamcrest-2.1.jar:/home/runner/.m2/repository/org/apache/ozone/ozone-manager/1.4.0-SNAPSHOT/ozone-manager-1.4.0-SNAPSHOT.jar:/home/runner/.m2/repository/org/aspectj/aspectjrt/1.9.7/aspectjrt-1.9.7.jar:/home/runner/.m2/repository/org/aspectj/aspectjweaver/1.9.7/aspectjweaver-1.9.7.jar:/home/runner/.m2/repository/org/apache/ozone/hdds-interface-client/1.4.0-SNAPSHOT/hdds-interface-client-1.4.0-SNAPSHOT.jar:/home/runner/.m2/repository/org/apache/hadoop/thirdparty/hadoop-shaded-protobuf_3_7/1.1.1/hadoop-shaded-protobuf_3_7-1.1.1.jar:/home/runner/.m2/repository/org/apache/ozone/ozone-interface-storage/1.4.0-SNAPSHOT/ozone-interface-storage-1.4.0-SNAPSHOT.jar:/home/runner/.m2/repository/org/reflections/reflections/0.9.11/reflections-0.9.11.jar:/home/runner/.m2/repository/com/sun/jersey/jersey-client/1.19/jersey-client-1.19.jar:/home/runner/.m2/repository/org/codehaus/jackson/jackson-core-asl/1.9.13/jackson-core-asl-1.9.13.jar:/home/runner/.m2/repository/org/codehaus/jackson/jackson-mapper-asl/1.9.13/jackson-mapper-asl-1.9.13.jar:/home/runner/.m2/repository/org/codehaus/jackson/jackson-jaxrs/1.9.13/jackson-jaxrs-1.9.13.jar:/home/runner/.m2/repository/org/apache/ranger/ranger-intg/2.3.0/ranger-intg-2.3.0.jar:/home/runner/.m2/repository/org/apache/ranger/ranger-plugins-common/2.3.0/ranger-plugins-common-2.3.0.jar:/home/runner/.m2/repository/commons-lang/commons-lang/2.6/commons-lang-2.6.jar:/home/runner/.m2/repository/org/apache/ranger/ranger-plugins-cred/2.3.0/ranger-plugins-cred-2.3.0.jar:/home/runner/.m2/repository/org/apache/ranger/ranger-plugins-audit/2.3.0/ranger-plugins-audit-2.3.0.jar:/home/runner/.m2/repository/org/eclipse/jetty/jetty-client/9.4.51.v20230217/jetty-client-9.4.51.v20230217.jar:/home/runner/.m2/repository/org/apache/httpcomponents/httpmime/4.5.6/httpmime-4.5.6.jar:/home/runner/.m2/repository/org/apache/httpcomponents/httpcore-nio/4.4.13/httpcore-nio-4.4.13.jar:/home/runner/.m2/repository/org/apache/httpcomponents/httpasyncclient/4.1.3/httpasyncclient-4.1.3.jar:/home/runner/.m2/repository/com/carrotsearch/hppc/0.8.0/hppc-0.8.0.jar:/home/runner/.m2/repository/org/apache/orc/orc-core/1.5.8/orc-core-1.5.8.jar:/home/runner/.m2/repository/net/java/dev/jna/jna/5.2.0/jna-5.2.0.jar:/home/runner/.m2/repository/net/java/dev/jna/jna-platform/5.2.0/jna-platform-5.2.0.jar:/home/runner/.m2/repository/com/kstruct/gethostname4j/0.0.2/gethostname4j-0.0.2.jar:/home/runner/.m2/repository/org/apache/ranger/ranger-plugin-classloader/2.3.0/ranger-plugin-classloader-2.3.0.jar:/home/runner/.m2/repository/org/apache/ozone/hdds-rocks-native/1.4.0-SNAPSHOT/hdds-rocks-native-1.4.0-SNAPSHOT.jar:/home/runner/.m2/repository/org/apache/hadoop/hadoop-minikdc/3.3.6/hadoop-minikdc-3.3.6.jar:/home/runner/.m2/repository/org/apache/kerby/kerb-simplekdc/1.0.1/kerb-simplekdc-1.0.1.jar:/home/runner/.m2/repository/org/apache/kerby/kerb-client/1.0.1/kerb-client-1.0.1.jar:/home/runner/.m2/repository/org/apache/kerby/kerby-config/1.0.1/kerby-config-1.0.1.jar:/home/runner/.m2/repository/org/apache/kerby/kerb-common/1.0.1/kerb-common-1.0.1.jar:/home/runner/.m2/repository/org/apache/kerby/kerb-crypto/1.0.1/kerb-crypto-1.0.1.jar:/home/runner/.m2/repository/org/apache/kerby/kerb-util/1.0.1/kerb-util-1.0.1.jar:/home/runner/.m2/repository/org/apache/kerby/token-provider/1.0.1/token-provider-1.0.1.jar:/home/runner/.m2/repository/org/apache/kerby/kerb-admin/1.0.1/kerb-admin-1.0.1.jar:/home/runner/.m2/repository/org/apache/kerby/kerb-server/1.0.1/kerb-server-1.0.1.jar:/home/runner/.m2/repository/org/apache/kerby/kerb-identity/1.0.1/kerb-identity-1.0.1.jar:/home/runner/.m2/repository/org/apache/kerby/kerby-xdr/1.0.1/kerby-xdr-1.0.1.jar:/home/runner/.m2/repository/org/apache/ozone/ozone-s3gateway/1.4.0-SNAPSHOT/ozone-s3gateway-1.4.0-SNAPSHOT.jar:/home/runner/.m2/repository/org/javassist/javassist/3.21.0-GA/javassist-3.21.0-GA.jar:/home/runner/.m2/repository/org/jboss/weld/servlet/weld-servlet-shaded/3.1.9.Final/weld-servlet-shaded-3.1.9.Final.jar:/home/runner/.m2/repository/org/glassfish/jersey/containers/jersey-container-servlet-core/2.34/jersey-container-servlet-core-2.34.jar:/home/runner/.m2/repository/org/glassfish/hk2/external/jakarta.inject/2.6.1/jakarta.inject-2.6.1.jar:/home/runner/.m2/repository/org/glassfish/jersey/core/jersey-common/2.34/jersey-common-2.34.jar:/home/runner/.m2/repository/jakarta/ws/rs/jakarta.ws.rs-api/2.1.6/jakarta.ws.rs-api-2.1.6.jar:/home/runner/.m2/repository/org/glassfish/jersey/ext/cdi/jersey-cdi1x/2.34/jersey-cdi1x-2.34.jar:/home/runner/.m2/repository/org/glassfish/jersey/inject/jersey-hk2/2.34/jersey-hk2-2.34.jar:/home/runner/.m2/repository/org/glassfish/hk2/hk2-locator/2.6.1/hk2-locator-2.6.1.jar:/home/runner/.m2/repository/org/glassfish/jersey/media/jersey-media-jaxb/2.34/jersey-media-jaxb-2.34.jar:/home/runner/.m2/repository/org/glassfish/hk2/osgi-resource-locator/1.0.3/osgi-resource-locator-1.0.3.jar:/home/runner/.m2/repository/org/glassfish/hk2/hk2-api/2.5.0/hk2-api-2.5.0.jar:/home/runner/.m2/repository/org/glassfish/hk2/hk2-utils/2.5.0/hk2-utils-2.5.0.jar:/home/runner/.m2/repository/org/glassfish/hk2/external/aopalliance-repackaged/2.5.0/aopalliance-repackaged-2.5.0.jar:/home/runner/.m2/repository/com/fasterxml/jackson/dataformat/jackson-dataformat-xml/2.13.4/jackson-dataformat-xml-2.13.4.jar:/home/runner/.m2/repository/org/codehaus/woodstox/stax2-api/4.2.1/stax2-api-4.2.1.jar:/home/runner/.m2/repository/com/fasterxml/woodstox/woodstox-core/5.4.0/woodstox-core-5.4.0.jar:/home/runner/.m2/repository/com/fasterxml/jackson/module/jackson-module-jaxb-annotations/2.13.4/jackson-module-jaxb-annotations-2.13.4.jar:/home/runner/.m2/repository/jakarta/xml/bind/jakarta.xml.bind-api/2.3.3/jakarta.xml.bind-api-2.3.3.jar:/home/runner/.m2/repository/jakarta/activation/jakarta.activation-api/1.2.2/jakarta.activation-api-1.2.2.jar:/home/runner/.m2/repository/javax/enterprise/cdi-api/2.0/cdi-api-2.0.jar:/home/runner/.m2/repository/javax/el/javax.el-api/3.0.0/javax.el-api-3.0.0.jar:/home/runner/.m2/repository/javax/interceptor/javax.interceptor-api/1.2/javax.interceptor-api-1.2.jar:/home/runner/.m2/repository/javax/inject/javax.inject/1/javax.inject-1.jar:/home/runner/.m2/repository/javax/xml/bind/jaxb-api/2.3.0/jaxb-api-2.3.0.jar:/home/runner/.m2/repository/org/glassfish/jaxb/jaxb-runtime/2.3.0.1/jaxb-runtime-2.3.0.1.jar:/home/runner/.m2/repository/org/glassfish/jaxb/jaxb-core/2.3.0.1/jaxb-core-2.3.0.1.jar:/home/runner/.m2/repository/org/glassfish/jaxb/txw2/2.3.0.1/txw2-2.3.0.1.jar:/home/runner/.m2/repository/com/sun/istack/istack-commons-runtime/3.0.5/istack-commons-runtime-3.0.5.jar:/home/runner/.m2/repository/org/jvnet/staxex/stax-ex/1.7.8/stax-ex-1.7.8.jar:/home/runner/.m2/repository/com/sun/xml/fastinfoset/FastInfoset/1.2.13/FastInfoset-1.2.13.jar:/home/runner/.m2/repository/javax/activation/activation/1.1.1/activation-1.1.1.jar:/home/runner/.m2/repository/io/grpc/grpc-protobuf/1.51.1/grpc-protobuf-1.51.1.jar:/home/runner/.m2/repository/com/google/api/grpc/proto-google-common-protos/2.9.0/proto-google-common-protos-2.9.0.jar:/home/runner/.m2/repository/io/grpc/grpc-protobuf-lite/1.51.1/grpc-protobuf-lite-1.51.1.jar:/home/runner/.m2/repository/io/grpc/grpc-stub/1.51.1/grpc-stub-1.51.1.jar:/home/runner/.m2/repository/io/netty/netty-transport/4.1.86.Final/netty-transport-4.1.86.Final.jar:/home/runner/.m2/repository/io/netty/netty-resolver/4.1.86.Final/netty-resolver-4.1.86.Final.jar:/home/runner/.m2/repository/org/apache/ozone/ozone-csi/1.4.0-SNAPSHOT/ozone-csi-1.4.0-SNAPSHOT.jar:/home/runner/.m2/repository/com/google/protobuf/protobuf-java-util/3.19.6/protobuf-java-util-3.19.6.jar:/home/runner/.m2/repository/com/google/code/gson/gson/2.9.0/gson-2.9.0.jar:/home/runner/.m2/repository/org/apache/ozone/hdds-config/1.4.0-SNAPSHOT/hdds-config-1.4.0-SNAPSHOT.jar:/home/runner/.m2/repository/io/netty/netty-transport-native-epoll/4.1.86.Final/netty-transport-native-epoll-4.1.86.Final-linux-x86_64.jar:/home/runner/.m2/repository/io/netty/netty-transport-classes-epoll/4.1.86.Final/netty-transport-classes-epoll-4.1.86.Final.jar:/home/runner/.m2/repository/io/netty/netty-transport-native-unix-common/4.1.86.Final/netty-transport-native-unix-common-4.1.86.Final.jar:/home/runner/.m2/repository/org/apache/ozone/ozone-recon/1.4.0-SNAPSHOT/ozone-recon-1.4.0-SNAPSHOT.jar:/home/runner/.m2/repository/org/apache/ozone/ozone-reconcodegen/1.4.0-SNAPSHOT/ozone-reconcodegen-1.4.0-SNAPSHOT.jar:/home/runner/.m2/repository/com/google/inject/guice/5.1.0/guice-5.1.0.jar:/home/runner/.m2/repository/aopalliance/aopalliance/1.0/aopalliance-1.0.jar:/home/runner/.m2/repository/com/google/inject/extensions/guice-assistedinject/5.1.0/guice-assistedinject-5.1.0.jar:/home/runner/.m2/repository/com/google/inject/extensions/guice-servlet/5.1.0/guice-servlet-5.1.0.jar:/home/runner/.m2/repository/org/glassfish/jersey/containers/jersey-container-servlet/2.34/jersey-container-servlet-2.34.jar:/home/runner/.m2/repository/org/glassfish/hk2/guice-bridge/2.5.0/guice-bridge-2.5.0.jar:/home/runner/.m2/repository/org/glassfish/jersey/core/jersey-server/2.34/jersey-server-2.34.jar:/home/runner/.m2/repository/org/glassfish/jersey/core/jersey-client/2.34/jersey-client-2.34.jar:/home/runner/.m2/repository/jakarta/annotation/jakarta.annotation-api/1.3.5/jakarta.annotation-api-1.3.5.jar:/home/runner/.m2/repository/jakarta/validation/jakarta.validation-api/2.0.2/jakarta.validation-api-2.0.2.jar:/home/runner/.m2/repository/org/glassfish/jersey/media/jersey-media-json-jackson/2.34/jersey-media-json-jackson-2.34.jar:/home/runner/.m2/repository/org/glassfish/jersey/ext/jersey-entity-filtering/2.34/jersey-entity-filtering-2.34.jar:/home/runner/.m2/repository/org/jooq/jooq/3.11.10/jooq-3.11.10.jar:/home/runner/.m2/repository/org/jooq/jooq-meta/3.11.10/jooq-meta-3.11.10.jar:/home/runner/.m2/repository/org/jooq/jooq-codegen/3.11.10/jooq-codegen-3.11.10.jar:/home/runner/.m2/repository/com/jolbox/bonecp/0.8.0.RELEASE/bonecp-0.8.0.RELEASE.jar:/home/runner/.m2/repository/org/apache/derby/derby/10.14.2.0/derby-10.14.2.0.jar:/home/runner/.m2/repository/org/xerial/sqlite-jdbc/3.41.2.2/sqlite-jdbc-3.41.2.2.jar:/home/runner/.m2/repository/org/springframework/spring-jdbc/5.3.27/spring-jdbc-5.3.27.jar:/home/runner/.m2/repository/org/springframework/spring-beans/5.3.27/spring-beans-5.3.27.jar:/home/runner/.m2/repository/org/springframework/spring-core/5.3.27/spring-core-5.3.27.jar:/home/runner/.m2/repository/org/springframework/spring-tx/5.3.27/spring-tx-5.3.27.jar:/home/runner/.m2/repository/org/apache/ozone/ozone-client/1.4.0-SNAPSHOT/ozone-client-1.4.0-SNAPSHOT.jar:/home/runner/.m2/repository/org/apache/ozone/hdds-erasurecode/1.4.0-SNAPSHOT/hdds-erasurecode-1.4.0-SNAPSHOT.jar:/home/runner/.m2/repository/org/apache/ozone/ozone-filesystem/1.4.0-SNAPSHOT/ozone-filesystem-1.4.0-SNAPSHOT.jar:/home/runner/.m2/repository/org/apache/ozone/ozone-filesystem-common/1.4.0-SNAPSHOT/ozone-filesystem-common-1.4.0-SNAPSHOT.jar:/home/runner/.m2/repository/org/apache/ozone/ozone-tools/1.4.0-SNAPSHOT/ozone-tools-1.4.0-SNAPSHOT.jar:/home/runner/.m2/repository/com/amazonaws/aws-java-sdk-core/1.12.261/aws-java-sdk-core-1.12.261.jar:/home/runner/.m2/repository/org/apache/httpcomponents/httpclient/4.5.13/httpclient-4.5.13.jar:/home/runner/.m2/repository/org/apache/httpcomponents/httpcore/4.4.13/httpcore-4.4.13.jar:/home/runner/.m2/repository/software/amazon/ion/ion-java/1.0.2/ion-java-1.0.2.jar:/home/runner/.m2/repository/com/fasterxml/jackson/dataformat/jackson-dataformat-cbor/2.13.4/jackson-dataformat-cbor-2.13.4.jar:/home/runner/.m2/repository/joda-time/joda-time/2.10.6/joda-time-2.10.6.jar:/home/runner/.m2/repository/com/amazonaws/aws-java-sdk-s3/1.12.261/aws-java-sdk-s3-1.12.261.jar:/home/runner/.m2/repository/com/amazonaws/aws-java-sdk-kms/1.12.261/aws-java-sdk-kms-1.12.261.jar:/home/runner/.m2/repository/com/amazonaws/jmespath-java/1.12.261/jmespath-java-1.12.261.jar:/home/runner/.m2/repository/org/kohsuke/metainf-services/metainf-services/1.8/metainf-services-1.8.jar:/home/runner/.m2/repository/org/apache/ozone/hdds-tools/1.4.0-SNAPSHOT/hdds-tools-1.4.0-SNAPSHOT.jar:/home/runner/.m2/repository/org/apache/ratis/ratis-tools/2.5.1/ratis-tools-2.5.1.jar:/home/runner/.m2/repository/commons-cli/commons-cli/1.2/commons-cli-1.2.jar:/home/runner/.m2/repository/org/apache/commons/commons-lang3/3.7/commons-lang3-3.7.jar:/home/runner/.m2/repository/org/apache/ozone/ozone-manager/1.4.0-SNAPSHOT/ozone-manager-1.4.0-SNAPSHOT-tests.jar:/home/runner/.m2/repository/org/apache/ozone/hdds-common/1.4.0-SNAPSHOT/hdds-common-1.4.0-SNAPSHOT-tests.jar:/home/runner/.m2/repository/org/apache/ozone/hdds-hadoop-dependency-client/1.4.0-SNAPSHOT/hdds-hadoop-dependency-client-1.4.0-SNAPSHOT.jar:/home/runner/.m2/repository/info/picocli/picocli/4.6.1/picocli-4.6.1.jar:/home/runner/.m2/repository/com/fasterxml/jackson/core/jackson-annotations/2.13.4/jackson-annotations-2.13.4.jar:/home/runner/.m2/repository/org/apache/ozone/hdds-annotation-processing/1.4.0-SNAPSHOT/hdds-annotation-processing-1.4.0-SNAPSHOT.jar:/home/runner/.m2/repository/javax/annotation/javax.annotation-api/1.2/javax.annotation-api-1.2.jar:/home/runner/.m2/repository/org/apache/ratis/ratis-netty/2.5.1/ratis-netty-2.5.1.jar:/home/runner/.m2/repository/org/apache/ratis/ratis-grpc/2.5.1/ratis-grpc-2.5.1.jar:/home/runner/.m2/repository/org/apache/logging/log4j/log4j-api/2.17.1/log4j-api-2.17.1.jar:/home/runner/.m2/repository/org/apache/commons/commons-pool2/2.6.0/commons-pool2-2.6.0.jar:/home/runner/.m2/repository/org/bouncycastle/bcpkix-jdk15on/1.67/bcpkix-jdk15on-1.67.jar:/home/runner/.m2/repository/commons-validator/commons-validator/1.6/commons-validator-1.6.jar:/home/runner/.m2/repository/commons-beanutils/commons-beanutils/1.9.4/commons-beanutils-1.9.4.jar:/home/runner/.m2/repository/commons-digester/commons-digester/1.8.1/commons-digester-1.8.1.jar:/home/runner/.m2/repository/commons-collections/commons-collections/3.2.2/commons-collections-3.2.2.jar:/home/runner/.m2/repository/io/jaegertracing/jaeger-client/1.6.0/jaeger-client-1.6.0.jar:/home/runner/.m2/repository/io/jaegertracing/jaeger-thrift/1.6.0/jaeger-thrift-1.6.0.jar:/home/runner/.m2/repository/org/apache/thrift/libthrift/0.14.1/libthrift-0.14.1.jar:/home/runner/.m2/repository/io/jaegertracing/jaeger-core/1.6.0/jaeger-core-1.6.0.jar:/home/runner/.m2/repository/io/jaegertracing/jaeger-tracerresolver/1.6.0/jaeger-tracerresolver-1.6.0.jar:/home/runner/.m2/repository/io/opentracing/contrib/opentracing-tracerresolver/0.1.8/opentracing-tracerresolver-0.1.8.jar:/home/runner/.m2/repository/org/jetbrains/kotlin/kotlin-stdlib/1.6.21/kotlin-stdlib-1.6.21.jar:/home/runner/.m2/repository/org/jetbrains/annotations/13.0/annotations-13.0.jar:/home/runner/.m2/repository/io/opentracing/opentracing-util/0.33.0/opentracing-util-0.33.0.jar:/home/runner/.m2/repository/io/opentracing/opentracing-api/0.33.0/opentracing-api-0.33.0.jar:/home/runner/.m2/repository/io/opentracing/opentracing-noop/0.33.0/opentracing-noop-0.33.0.jar:/home/runner/.m2/repository/org/yaml/snakeyaml/2.0/snakeyaml-2.0.jar:/home/runner/.m2/repository/io/grpc/grpc-api/1.51.1/grpc-api-1.51.1.jar:/home/runner/.m2/repository/io/grpc/grpc-context/1.51.1/grpc-context-1.51.1.jar:/home/runner/.m2/repository/junit/junit/4.13.1/junit-4.13.1.jar:/home/runner/.m2/repository/org/hamcrest/hamcrest-core/1.3/hamcrest-core-1.3.jar:/home/runner/.m2/repository/org/junit/jupiter/junit-jupiter-api/5.8.2/junit-jupiter-api-5.8.2.jar:/home/runner/.m2/repository/org/opentest4j/opentest4j/1.2.0/opentest4j-1.2.0.jar:/home/runner/.m2/repository/org/junit/platform/junit-platform-commons/1.8.2/junit-platform-commons-1.8.2.jar:/home/runner/.m2/repository/org/apiguardian/apiguardian-api/1.1.2/apiguardian-api-1.1.2.jar:/home/runner/.m2/repository/org/junit/jupiter/junit-jupiter-params/5.8.2/junit-jupiter-params-5.8.2.jar:/home/runner/.m2/repository/org/junit/jupiter/junit-jupiter-migrationsupport/5.8.2/junit-jupiter-migrationsupport-5.8.2.jar:/home/runner/.m2/repository/org/junit/jupiter/junit-jupiter-engine/5.8.2/junit-jupiter-engine-5.8.2.jar:/home/runner/.m2/repository/org/junit/platform/junit-platform-engine/1.8.2/junit-platform-engine-1.8.2.jar:/home/runner/.m2/repository/org/junit/vintage/junit-vintage-engine/5.8.2/junit-vintage-engine-5.8.2.jar:/home/runner/.m2/repository/org/junit/platform/junit-platform-launcher/1.8.2/junit-platform-launcher-1.8.2.jar:/home/runner/.m2/repository/org/mockito/mockito-core/3.5.9/mockito-core-3.5.9.jar:/home/runner/.m2/repository/net/bytebuddy/byte-buddy/1.10.13/byte-buddy-1.10.13.jar:/home/runner/.m2/repository/net/bytebuddy/byte-buddy-agent/1.10.13/byte-buddy-agent-1.10.13.jar:/home/runner/.m2/repository/org/objenesis/objenesis/1.0/objenesis-1.0.jar:/home/runner/.m2/repository/org/apache/hadoop/hadoop-kms/3.3.6/hadoop-kms-3.3.6.jar:/home/runner/.m2/repository/org/apache/hadoop/hadoop-auth/3.3.6/hadoop-auth-3.3.6.jar:/home/runner/.m2/repository/com/nimbusds/nimbus-jose-jwt/9.8.1/nimbus-jose-jwt-9.8.1.jar:/home/runner/.m2/repository/com/github/stephenc/jcip/jcip-annotations/1.0-1/jcip-annotations-1.0-1.jar:/home/runner/.m2/repository/org/apache/zookeeper/zookeeper/3.5.6/zookeeper-3.5.6.jar:/home/runner/.m2/repository/org/apache/zookeeper/zookeeper-jute/3.5.6/zookeeper-jute-3.5.6.jar:/home/runner/.m2/repository/org/apache/yetus/audience-annotations/0.5.0/audience-annotations-0.5.0.jar:/home/runner/.m2/repository/org/apache/curator/curator-framework/4.2.0/curator-framework-4.2.0.jar:/home/runner/.m2/repository/org/apache/hadoop/thirdparty/hadoop-shaded-guava/1.1.1/hadoop-shaded-guava-1.1.1.jar:/home/runner/.m2/repository/com/sun/jersey/jersey-core/1.19/jersey-core-1.19.jar:/home/runner/.m2/repository/javax/ws/rs/jsr311-api/1.1.1/jsr311-api-1.1.1.jar:/home/runner/.m2/repository/com/sun/jersey/jersey-server/1.19/jersey-server-1.19.jar:/home/runner/.m2/repository/javax/servlet/javax.servlet-api/3.1.0/javax.servlet-api-3.1.0.jar:/home/runner/.m2/repository/org/apache/hadoop/hadoop-common/3.3.6/hadoop-common-3.3.6.jar:/home/runner/.m2/repository/org/apache/commons/commons-math3/3.1.1/commons-math3-3.1.1.jar:/home/runner/.m2/repository/commons-net/commons-net/3.9.0/commons-net-3.9.0.jar:/home/runner/.m2/repository/com/sun/jersey/jersey-servlet/1.19/jersey-servlet-1.19.jar:/home/runner/.m2/repository/com/github/pjfanning/jersey-json/1.20/jersey-json-1.20.jar:/home/runner/.m2/repository/org/codehaus/jettison/jettison/1.1/jettison-1.1.jar:/home/runner/.m2/repository/com/sun/xml/bind/jaxb-impl/2.2.3-1/jaxb-impl-2.2.3-1.jar:/home/runner/.m2/repository/com/google/re2j/re2j/1.1/re2j-1.1.jar:/home/runner/.m2/repository/com/jcraft/jsch/0.1.54/jsch-0.1.54.jar:/home/runner/.m2/repository/org/apache/curator/curator-client/4.2.0/curator-client-4.2.0.jar:/home/runner/.m2/repository/org/apache/curator/curator-recipes/5.2.0/curator-recipes-5.2.0.jar:/home/runner/.m2/repository/org/apache/kerby/kerb-core/1.0.1/kerb-core-1.0.1.jar:/home/runner/.m2/repository/org/apache/kerby/kerby-pkix/1.0.1/kerby-pkix-1.0.1.jar:/home/runner/.m2/repository/org/apache/kerby/kerby-asn1/1.0.1/kerby-asn1-1.0.1.jar:/home/runner/.m2/repository/org/apache/kerby/kerby-util/1.0.1/kerby-util-1.0.1.jar:/home/runner/.m2/repository/dnsjava/dnsjava/2.1.7/dnsjava-2.1.7.jar:/home/runner/.m2/repository/org/xerial/snappy/snappy-java/1.1.8.2/snappy-java-1.1.8.2.jar:/home/runner/.m2/repository/com/fasterxml/jackson/core/jackson-databind/2.13.4.2/jackson-databind-2.13.4.2.jar:/home/runner/.m2/repository/org/apache/hadoop/hadoop-kms/3.3.6/hadoop-kms-3.3.6-tests.jar:/home/runner/.m2/repository/org/apache/ozone/hdds-server-scm/1.4.0-SNAPSHOT/hdds-server-scm-1.4.0-SNAPSHOT-tests.jar:/home/runner/.m2/repository/org/apache/ozone/hdds-container-service/1.4.0-SNAPSHOT/hdds-container-service-1.4.0-SNAPSHOT-tests.jar:/home/runner/.m2/repository/com/github/luben/zstd-jni/1.5.2-5/zstd-jni-1.5.2-5.jar:/home/runner/.m2/repository/commons-codec/commons-codec/1.15/commons-codec-1.15.jar:/home/runner/.m2/repository/io/netty/netty-codec/4.1.86.Final/netty-codec-4.1.86.Final.jar:/home/runner/.m2/repository/io/netty/netty-handler/4.1.86.Final/netty-handler-4.1.86.Final.jar:/home/runner/.m2/repository/org/apache/ozone/hdds-hadoop-dependency-test/1.4.0-SNAPSHOT/hdds-hadoop-dependency-test-1.4.0-SNAPSHOT.jar:/home/runner/.m2/repository/org/apache/hadoop/hadoop-common/3.3.6/hadoop-common-3.3.6-tests.jar:/home/runner/.m2/repository/org/apache/hadoop/hadoop-hdfs/3.3.6/hadoop-hdfs-3.3.6-tests.jar:/home/runner/.m2/repository/org/assertj/assertj-core/3.12.2/assertj-core-3.12.2.jar:/home/runner/.m2/repository/org/apache/hadoop/hadoop-distcp/3.3.6/hadoop-distcp-3.3.6.jar:/home/runner/.m2/repository/org/apache/hadoop/hadoop-mapreduce-client-jobclient/3.3.6/hadoop-mapreduce-client-jobclient-3.3.6.jar:/home/runner/.m2/repository/org/apache/hadoop/hadoop-mapreduce-client-common/3.3.6/hadoop-mapreduce-client-common-3.3.6.jar:/home/runner/.m2/repository/org/apache/hadoop/hadoop-yarn-common/3.3.6/hadoop-yarn-common-3.3.6.jar:/home/runner/.m2/repository/org/apache/hadoop/hadoop-yarn-api/3.3.6/hadoop-yarn-api-3.3.6.jar:/home/runner/.m2/repository/com/sun/jersey/contribs/jersey-guice/1.19/jersey-guice-1.19.jar:/home/runner/.m2/repository/com/fasterxml/jackson/jaxrs/jackson-jaxrs-json-provider/2.13.4/jackson-jaxrs-json-provider-2.13.4.jar:/home/runner/.m2/repository/com/fasterxml/jackson/jaxrs/jackson-jaxrs-base/2.13.4/jackson-jaxrs-base-2.13.4.jar:/home/runner/.m2/repository/org/apache/hadoop/hadoop-yarn-client/3.3.6/hadoop-yarn-client-3.3.6.jar:/home/runner/.m2/repository/org/eclipse/jetty/websocket/websocket-client/9.4.51.v20230217/websocket-client-9.4.51.v20230217.jar:/home/runner/.m2/repository/org/eclipse/jetty/websocket/websocket-common/9.4.51.v20230217/websocket-common-9.4.51.v20230217.jar:/home/runner/.m2/repository/org/eclipse/jetty/websocket/websocket-api/9.4.51.v20230217/websocket-api-9.4.51.v20230217.jar:/home/runner/.m2/repository/org/jline/jline/3.9.0/jline-3.9.0.jar:/home/runner/.m2/repository/org/apache/hadoop/hadoop-mapreduce-client-core/3.3.6/hadoop-mapreduce-client-core-3.3.6.jar:/home/runner/.m2/repository/org/apache/avro/avro/1.7.7/avro-1.7.7.jar:/home/runner/.m2/repository/com/thoughtworks/paranamer/paranamer/2.3/paranamer-2.3.jar:/home/runner/.m2/repository/org/apache/hadoop/hadoop-annotations/3.3.6/hadoop-annotations-3.3.6.jar:/usr/lib/jvm/temurin-8-jdk-amd64/jre/../lib/tools.jar:/home/runner/.m2/repository/io/netty/netty/3.10.6.Final/netty-3.10.6.Final.jar:/home/runner/.m2/repository/org/apache/hadoop/hadoop-distcp/3.3.6/hadoop-distcp-3.3.6-tests.jar:/home/runner/.m2/repository/org/slf4j/jul-to-slf4j/1.7.36/jul-to-slf4j-1.7.36.jar:"/>
    <property name="sun.cpu.endian" value="little"/>
    <property name="user.home" value="/home/runner"/>
    <property name="user.language" value="en"/>
    <property name="java.specification.vendor" value="Oracle Corporation"/>
    <property name="java.home" value="/usr/lib/jvm/temurin-8-jdk-amd64/jre"/>
    <property name="java.security.krb5.conf" value="/home/runner/work/ozone/ozone/hadoop-ozone/integration-test/target/test-classes/krb5.conf"/>
    <property name="basedir" value="/home/runner/work/ozone/ozone/hadoop-ozone/integration-test"/>
    <property name="file.separator" value="/"/>
    <property name="line.separator" value="&#10;"/>
    <property name="java.vm.specification.vendor" value="Oracle Corporation"/>
    <property name="java.specification.name" value="Java Platform API Specification"/>
    <property name="java.awt.graphicsenv" value="sun.awt.X11GraphicsEnvironment"/>
    <property name="skip.installnpx" value="true"/>
    <property name="surefire.real.class.path" value="/home/runner/work/ozone/ozone/hadoop-ozone/integration-test/target/surefire/surefirebooter3624107253081335881.jar:/home/runner/.m2/repository/org/jacoco/org.jacoco.agent/0.8.5/org.jacoco.agent-0.8.5-runtime.jar"/>
    <property name="hadoop.log.dir" value="/home/runner/work/ozone/ozone/hadoop-ozone/integration-test/target/log"/>
    <property name="sun.boot.class.path" value="/usr/lib/jvm/temurin-8-jdk-amd64/jre/lib/resources.jar:/usr/lib/jvm/temurin-8-jdk-amd64/jre/lib/rt.jar:/usr/lib/jvm/temurin-8-jdk-amd64/jre/lib/sunrsasign.jar:/usr/lib/jvm/temurin-8-jdk-amd64/jre/lib/jsse.jar:/usr/lib/jvm/temurin-8-jdk-amd64/jre/lib/jce.jar:/usr/lib/jvm/temurin-8-jdk-amd64/jre/lib/charsets.jar:/usr/lib/jvm/temurin-8-jdk-amd64/jre/lib/jfr.jar:/usr/lib/jvm/temurin-8-jdk-amd64/jre/classes"/>
    <property name="sun.management.compiler" value="HotSpot 64-Bit Tiered Compilers"/>
    <property name="skip.npx" value="true"/>
    <property name="java.runtime.version" value="1.8.0_372-b07"/>
    <property name="java.net.preferIPv4Stack" value="true"/>
    <property name="user.name" value="runner"/>
    <property name="path.separator" value=":"/>
    <property name="java.security.egd" value="file:///dev/urandom"/>
    <property name="os.version" value="5.15.0-1041-azure"/>
    <property name="java.endorsed.dirs" value="/usr/lib/jvm/temurin-8-jdk-amd64/jre/lib/endorsed"/>
    <property name="java.runtime.name" value="OpenJDK Runtime Environment"/>
    <property name="file.encoding" value="UTF-8"/>
    <property name="java.vm.name" value="OpenJDK 64-Bit Server VM"/>
    <property name="test.build.webapps" value=""/>
    <property name="localRepository" value="/home/runner/.m2/repository"/>
    <property name="jetty.git.hash" value="b45c405e4544384de066f814ed42ae3dceacdd49"/>
    <property name="java.vendor.url.bug" value="https://github.com/adoptium/adoptium-support/issues"/>
    <property name="java.io.tmpdir" value="/tmp"/>
    <property name="require.test.libhadoop" value=""/>
    <property name="java.version" value="1.8.0_372"/>
    <property name="user.dir" value="/home/runner/work/ozone/ozone/hadoop-ozone/integration-test"/>
    <property name="os.arch" value="amd64"/>
    <property name="java.vm.specification.name" value="Java Virtual Machine Specification"/>
    <property name="test.build.classes" value="/home/runner/work/ozone/ozone/hadoop-ozone/integration-test/target/test-classes"/>
    <property name="java.awt.printerjob" value="sun.print.PSPrinterJob"/>
    <property name="sun.os.patch.level" value="unknown"/>
    <property name="org.apache.ratis.thirdparty.io.netty.allocator.useCacheForAllThreads" value="false"/>
    <property name="hadoop.tmp.dir" value="/home/runner/work/ozone/ozone/hadoop-ozone/integration-test/target/tmp"/>
    <property name="java.library.path" value="/usr/java/packages/lib/amd64:/usr/lib64:/lib64:/lib:/usr/lib"/>
    <property name="java.vm.info" value="mixed mode"/>
    <property name="java.vendor" value="Temurin"/>
    <property name="java.vm.version" value="25.372-b07"/>
    <property name="java.specification.maintenance.version" value="4"/>
    <property name="java.ext.dirs" value="/usr/lib/jvm/temurin-8-jdk-amd64/jre/lib/ext:/usr/java/packages/lib/ext"/>
    <property name="sun.io.unicode.encoding" value="UnicodeLittle"/>
    <property name="java.class.version" value="52.0"/>
  </properties>
  <testcase name="testSnapshotWithFSO" classname="org.apache.hadoop.fs.ozone.TestSnapshotDeletingService" time="57.504">
    <failure type="org.opentest4j.AssertionFailedError"><![CDATA[org.opentest4j.AssertionFailedError: expected: <2> but was: <1>
	at org.junit.jupiter.api.AssertionUtils.fail(AssertionUtils.java:55)
	at org.junit.jupiter.api.AssertionUtils.failNotEqual(AssertionUtils.java:62)
	at org.junit.jupiter.api.AssertEquals.assertEquals(AssertEquals.java:150)
	at org.junit.jupiter.api.AssertEquals.assertEquals(AssertEquals.java:145)
	at org.junit.jupiter.api.Assertions.assertEquals(Assertions.java:527)
	at org.apache.hadoop.fs.ozone.TestSnapshotDeletingService.testSnapshotWithFSO(TestSnapshotDeletingService.java:407)
	at sun.reflect.NativeMethodAccessorImpl.invoke0(Native Method)
	at sun.reflect.NativeMethodAccessorImpl.invoke(NativeMethodAccessorImpl.java:62)
	at sun.reflect.DelegatingMethodAccessorImpl.invoke(DelegatingMethodAccessorImpl.java:43)
	at java.lang.reflect.Method.invoke(Method.java:498)
	at org.junit.platform.commons.util.ReflectionUtils.invokeMethod(ReflectionUtils.java:725)
	at org.junit.jupiter.engine.execution.MethodInvocation.proceed(MethodInvocation.java:60)
	at org.junit.jupiter.engine.execution.InvocationInterceptorChain$ValidatingInvocation.proceed(InvocationInterceptorChain.java:131)
	at org.junit.jupiter.engine.extension.TimeoutExtension.intercept(TimeoutExtension.java:149)
	at org.junit.jupiter.engine.extension.TimeoutExtension.interceptTestableMethod(TimeoutExtension.java:140)
	at org.junit.jupiter.engine.extension.TimeoutExtension.interceptTestMethod(TimeoutExtension.java:84)
	at org.junit.jupiter.engine.execution.ExecutableInvoker$ReflectiveInterceptorCall.lambda$ofVoidMethod$0(ExecutableInvoker.java:115)
	at org.junit.jupiter.engine.execution.ExecutableInvoker.lambda$invoke$0(ExecutableInvoker.java:105)
	at org.junit.jupiter.engine.execution.InvocationInterceptorChain$InterceptedInvocation.proceed(InvocationInterceptorChain.java:106)
	at org.junit.jupiter.engine.execution.InvocationInterceptorChain.proceed(InvocationInterceptorChain.java:64)
	at org.junit.jupiter.engine.execution.InvocationInterceptorChain.chainAndInvoke(InvocationInterceptorChain.java:45)
	at org.junit.jupiter.engine.execution.InvocationInterceptorChain.invoke(InvocationInterceptorChain.java:37)
	at org.junit.jupiter.engine.execution.ExecutableInvoker.invoke(ExecutableInvoker.java:104)
	at org.junit.jupiter.engine.execution.ExecutableInvoker.invoke(ExecutableInvoker.java:98)
	at org.junit.jupiter.engine.descriptor.TestMethodTestDescriptor.lambda$invokeTestMethod$7(TestMethodTestDescriptor.java:214)
	at org.junit.platform.engine.support.hierarchical.ThrowableCollector.execute(ThrowableCollector.java:73)
	at org.junit.jupiter.engine.descriptor.TestMethodTestDescriptor.invokeTestMethod(TestMethodTestDescriptor.java:210)
	at org.junit.jupiter.engine.descriptor.TestMethodTestDescriptor.execute(TestMethodTestDescriptor.java:135)
	at org.junit.jupiter.engine.descriptor.TestMethodTestDescriptor.execute(TestMethodTestDescriptor.java:66)
	at org.junit.platform.engine.support.hierarchical.NodeTestTask.lambda$executeRecursively$6(NodeTestTask.java:151)
	at org.junit.platform.engine.support.hierarchical.ThrowableCollector.execute(ThrowableCollector.java:73)
	at org.junit.platform.engine.support.hierarchical.NodeTestTask.lambda$executeRecursively$8(NodeTestTask.java:141)
	at org.junit.platform.engine.support.hierarchical.Node.around(Node.java:137)
	at org.junit.platform.engine.support.hierarchical.NodeTestTask.lambda$executeRecursively$9(NodeTestTask.java:139)
	at org.junit.platform.engine.support.hierarchical.ThrowableCollector.execute(ThrowableCollector.java:73)
	at org.junit.platform.engine.support.hierarchical.NodeTestTask.executeRecursively(NodeTestTask.java:138)
	at org.junit.platform.engine.support.hierarchical.NodeTestTask.execute(NodeTestTask.java:95)
	at java.util.ArrayList.forEach(ArrayList.java:1259)
	at org.junit.platform.engine.support.hierarchical.SameThreadHierarchicalTestExecutorService.invokeAll(SameThreadHierarchicalTestExecutorService.java:41)
	at org.junit.platform.engine.support.hierarchical.NodeTestTask.lambda$executeRecursively$6(NodeTestTask.java:155)
	at org.junit.platform.engine.support.hierarchical.ThrowableCollector.execute(ThrowableCollector.java:73)
	at org.junit.platform.engine.support.hierarchical.NodeTestTask.lambda$executeRecursively$8(NodeTestTask.java:141)
	at org.junit.platform.engine.support.hierarchical.Node.around(Node.java:137)
	at org.junit.platform.engine.support.hierarchical.NodeTestTask.lambda$executeRecursively$9(NodeTestTask.java:139)
	at org.junit.platform.engine.support.hierarchical.ThrowableCollector.execute(ThrowableCollector.java:73)
	at org.junit.platform.engine.support.hierarchical.NodeTestTask.executeRecursively(NodeTestTask.java:138)
	at org.junit.platform.engine.support.hierarchical.NodeTestTask.execute(NodeTestTask.java:95)
	at java.util.ArrayList.forEach(ArrayList.java:1259)
	at org.junit.platform.engine.support.hierarchical.SameThreadHierarchicalTestExecutorService.invokeAll(SameThreadHierarchicalTestExecutorService.java:41)
	at org.junit.platform.engine.support.hierarchical.NodeTestTask.lambda$executeRecursively$6(NodeTestTask.java:155)
	at org.junit.platform.engine.support.hierarchical.ThrowableCollector.execute(ThrowableCollector.java:73)
	at org.junit.platform.engine.support.hierarchical.NodeTestTask.lambda$executeRecursively$8(NodeTestTask.java:141)
	at org.junit.platform.engine.support.hierarchical.Node.around(Node.java:137)
	at org.junit.platform.engine.support.hierarchical.NodeTestTask.lambda$executeRecursively$9(NodeTestTask.java:139)
	at org.junit.platform.engine.support.hierarchical.ThrowableCollector.execute(ThrowableCollector.java:73)
	at org.junit.platform.engine.support.hierarchical.NodeTestTask.executeRecursively(NodeTestTask.java:138)
	at org.junit.platform.engine.support.hierarchical.NodeTestTask.execute(NodeTestTask.java:95)
	at org.junit.platform.engine.support.hierarchical.SameThreadHierarchicalTestExecutorService.submit(SameThreadHierarchicalTestExecutorService.java:35)
	at org.junit.platform.engine.support.hierarchical.HierarchicalTestExecutor.execute(HierarchicalTestExecutor.java:57)
	at org.junit.platform.engine.support.hierarchical.HierarchicalTestEngine.execute(HierarchicalTestEngine.java:54)
	at org.junit.platform.launcher.core.EngineExecutionOrchestrator.execute(EngineExecutionOrchestrator.java:107)
	at org.junit.platform.launcher.core.EngineExecutionOrchestrator.execute(EngineExecutionOrchestrator.java:88)
	at org.junit.platform.launcher.core.EngineExecutionOrchestrator.lambda$execute$0(EngineExecutionOrchestrator.java:54)
	at org.junit.platform.launcher.core.EngineExecutionOrchestrator.withInterceptedStreams(EngineExecutionOrchestrator.java:67)
	at org.junit.platform.launcher.core.EngineExecutionOrchestrator.execute(EngineExecutionOrchestrator.java:52)
	at org.junit.platform.launcher.core.DefaultLauncher.execute(DefaultLauncher.java:114)
	at org.junit.platform.launcher.core.DefaultLauncher.execute(DefaultLauncher.java:86)
	at org.junit.platform.launcher.core.DefaultLauncherSession$DelegatingLauncher.execute(DefaultLauncherSession.java:86)
	at org.junit.platform.launcher.core.SessionPerRequestLauncher.execute(SessionPerRequestLauncher.java:53)
	at org.apache.maven.surefire.junitplatform.JUnitPlatformProvider.execute(JUnitPlatformProvider.java:188)
	at org.apache.maven.surefire.junitplatform.JUnitPlatformProvider.invokeAllTests(JUnitPlatformProvider.java:154)
	at org.apache.maven.surefire.junitplatform.JUnitPlatformProvider.invoke(JUnitPlatformProvider.java:124)
	at org.apache.maven.surefire.booter.ForkedBooter.runSuitesInProcess(ForkedBooter.java:428)
	at org.apache.maven.surefire.booter.ForkedBooter.execute(ForkedBooter.java:162)
	at org.apache.maven.surefire.booter.ForkedBooter.run(ForkedBooter.java:562)
	at org.apache.maven.surefire.booter.ForkedBooter.main(ForkedBooter.java:548)
]]></failure>
    <system-out><![CDATA[2023-07-12 21:53:11,220 [main] WARN  server.ServerUtils (ServerUtils.java:getScmDbDir(155)) - ozone.scm.db.dirs is not configured. We recommend adding this setting. Falling back to ozone.metadata.dirs instead.
2023-07-12 21:53:11,423 [main] INFO  reflections.Reflections (Reflections.java:scan(232)) - Reflections took 152 ms to scan 7 urls, producing 160 keys and 377 values 
2023-07-12 21:53:11,560 [main] WARN  server.ServerUtils (ServerUtils.java:getScmDbDir(155)) - ozone.scm.db.dirs is not configured. We recommend adding this setting. Falling back to ozone.metadata.dirs instead.
2023-07-12 21:53:11,563 [main] INFO  ha.SCMHANodeDetails (SCMHANodeDetails.java:loadSCMHAConfig(210)) - ServiceID for StorageContainerManager is null
2023-07-12 21:53:11,570 [main] WARN  ha.SCMHANodeDetails (SCMHANodeDetails.java:validateSCMHAConfig(183)) - Invalid config ozone.scm.ratis.enable. The config was not specified, but the default value true conflicts with the expected config value false. Falling back to the expected value. Current State of SCM: SCM is running in Non-HA without Ratis Ratis SCM -> Non Ratis SCM or Non HA SCM -> HA SCM is not supported
2023-07-12 21:53:11,570 [main] INFO  ha.SCMHANodeDetails (SCMHANodeDetails.java:loadSCMHAConfig(215)) - ozone.scm.default.service.id is not defined, falling back to ozone.scm.service.ids to find serviceID for StorageContainerManager if it is HA enabled cluster
2023-07-12 21:53:12,244 [main] WARN  utils.HAUtils (HAUtils.java:getMetaDir(339)) - ozone.scm.db.dirs is not configured. We recommend adding this setting. Falling back to ozone.metadata.dirs instead.
2023-07-12 21:53:12,385 [main] WARN  db.DBStoreBuilder (DBStoreBuilder.java:applyDBDefinition(166)) - ozone.scm.db.dirs is not configured. We recommend adding this setting. Falling back to ozone.metadata.dirs instead.
2023-07-12 21:53:12,589 [main] INFO  net.NodeSchemaLoader (NodeSchemaLoader.java:loadSchemaFromFile(129)) - Loading schema from [jar:file:/home/runner/.m2/repository/org/apache/ozone/hdds-common/1.4.0-SNAPSHOT/hdds-common-1.4.0-SNAPSHOT.jar!/network-topology-default.xml]
2023-07-12 21:53:12,591 [main] INFO  net.NodeSchemaLoader (NodeSchemaLoader.java:loadSchema(176)) - Loading network topology layer schema file
2023-07-12 21:53:12,629 [main] INFO  metrics.MetricRegistries (MetricRegistriesLoader.java:load(64)) - Loaded MetricRegistries class org.apache.ratis.metrics.impl.MetricRegistriesImpl
2023-07-12 21:53:12,641 [main] INFO  upgrade.AbstractLayoutVersionManager (AbstractLayoutVersionManager.java:init(83)) - Initializing Layout version manager with metadata layout = HADOOP_PRC_PORTS_IN_DATANODEDETAILS (version = 7), software layout = HADOOP_PRC_PORTS_IN_DATANODEDETAILS (version = 7)
2023-07-12 21:53:12,822 [main] INFO  ha.SequenceIdGenerator (SequenceIdGenerator.java:upgradeToSequenceId(361)) - upgrade localId to 111677748019200000
2023-07-12 21:53:12,824 [main] INFO  ha.SequenceIdGenerator (SequenceIdGenerator.java:upgradeToSequenceId(371)) - upgrade delTxnId to 0
2023-07-12 21:53:12,829 [main] INFO  ha.SequenceIdGenerator (SequenceIdGenerator.java:upgradeToSequenceId(388)) - upgrade containerId to 0
2023-07-12 21:53:12,832 [main] INFO  ha.SequenceIdGenerator (SequenceIdGenerator.java:upgradeToSequenceId(424)) - upgrade rootCertificateId to 1
2023-07-12 21:53:12,837 [main] INFO  ha.SequenceIdGenerator (SequenceIdGenerator.java:<init>(232)) - Init the HA SequenceIdGenerator.
2023-07-12 21:53:12,897 [main] WARN  server.ServerUtils (ServerUtils.java:sanitizeUserArgs(80)) - ozone.scm.stale.node.interval value = 300000 is larger than max = 100000 based on the key value of ozone.scm.heartbeat.thread.interval, reset to the max value 100000.
2023-07-12 21:53:12,898 [main] WARN  server.ServerUtils (ServerUtils.java:sanitizeUserArgs(80)) - ozone.scm.stale.node.interval value = 300000 is larger than max = 100000 based on the key value of ozone.scm.heartbeat.thread.interval, reset to the max value 100000.
2023-07-12 21:53:12,903 [main] INFO  node.SCMNodeManager (SCMNodeManager.java:<init>(157)) - Entering startup safe mode.
2023-07-12 21:53:12,920 [main] INFO  algorithms.ContainerPlacementPolicyFactory (ContainerPlacementPolicyFactory.java:getPolicyInternal(86)) - Create container placement policy of type org.apache.hadoop.hdds.scm.container.placement.algorithms.SCMContainerPlacementRackAware
2023-07-12 21:53:12,923 [main] INFO  algorithms.ContainerPlacementPolicyFactory (ContainerPlacementPolicyFactory.java:getPolicyInternal(86)) - Create container placement policy of type org.apache.hadoop.hdds.scm.container.placement.algorithms.SCMContainerPlacementRackScatter
2023-07-12 21:53:12,931 [main] INFO  pipeline.PipelineStateManagerImpl (PipelineStateManagerImpl.java:initialize(78)) - No pipeline exists in current db
2023-07-12 21:53:12,943 [main] INFO  algorithms.LeaderChoosePolicyFactory (LeaderChoosePolicyFactory.java:getPolicy(57)) - Create leader choose policy of type org.apache.hadoop.hdds.scm.pipeline.leader.choose.algorithms.MinLeaderCountChoosePolicy
2023-07-12 21:53:12,943 [main] INFO  algorithms.ContainerPlacementPolicyFactory (ContainerPlacementPolicyFactory.java:getPolicyInternal(86)) - Create container placement policy of type org.apache.hadoop.hdds.scm.container.placement.algorithms.SCMContainerPlacementRackScatter
2023-07-12 21:53:12,951 [main] INFO  ha.SCMServiceManager (SCMServiceManager.java:register(42)) - Registering service BackgroundPipelineCreator.
2023-07-12 21:53:12,951 [main] INFO  pipeline.BackgroundPipelineCreator (BackgroundPipelineCreator.java:start(124)) - Starting RatisPipelineUtilsThread.
2023-07-12 21:53:12,954 [main] INFO  BackgroundPipelineScrubber (BackgroundSCMService.java:start(68)) - Starting BackgroundPipelineScrubber Service.
2023-07-12 21:53:12,955 [main] INFO  ha.SCMServiceManager (SCMServiceManager.java:register(42)) - Registering service BackgroundPipelineScrubber.
2023-07-12 21:53:12,960 [main] INFO  ExpiredContainerReplicaOpScrubber (BackgroundSCMService.java:start(68)) - Starting ExpiredContainerReplicaOpScrubber Service.
2023-07-12 21:53:12,961 [main] INFO  ha.SCMServiceManager (SCMServiceManager.java:register(42)) - Registering service ExpiredContainerReplicaOpScrubber.
2023-07-12 21:53:12,984 [main] INFO  algorithms.PipelineChoosePolicyFactory (PipelineChoosePolicyFactory.java:createPipelineChoosePolicyFromClass(78)) - Create pipeline choose policy of type org.apache.hadoop.hdds.scm.pipeline.choose.algorithms.RandomPipelineChoosePolicy
2023-07-12 21:53:12,985 [main] INFO  algorithms.PipelineChoosePolicyFactory (PipelineChoosePolicyFactory.java:createPipelineChoosePolicyFromClass(78)) - Create pipeline choose policy of type org.apache.hadoop.hdds.scm.pipeline.choose.algorithms.RandomPipelineChoosePolicy
2023-07-12 21:53:13,007 [main] INFO  ha.SCMServiceManager (SCMServiceManager.java:register(42)) - Registering service SCMBlockDeletingService.
2023-07-12 21:53:13,058 [main] INFO  replication.ReplicationManager (ReplicationManager.java:start(286)) - Starting Replication Monitor Thread.
2023-07-12 21:53:13,066 [main] INFO  ha.SCMServiceManager (SCMServiceManager.java:register(42)) - Registering service ReplicationManager.
2023-07-12 21:53:13,069 [ReplicationMonitor] INFO  replication.ReplicationManager (ReplicationManager.java:processAll(361)) - Replication Manager is not ready to run until 3000ms after safemode exit
2023-07-12 21:53:13,076 [main] INFO  safemode.ContainerSafeModeRule (ContainerSafeModeRule.java:<init>(89)) - containers with one replica threshold count 0
2023-07-12 21:53:13,079 [main] INFO  safemode.HealthyPipelineSafeModeRule (HealthyPipelineSafeModeRule.java:initializeRule(169)) - Total pipeline count is 0, healthy pipeline threshold count is 1
2023-07-12 21:53:13,081 [main] INFO  safemode.OneReplicaPipelineSafeModeRule (OneReplicaPipelineSafeModeRule.java:initializeRule(180)) - Total pipeline count is 0, pipeline's with at least one datanode reported threshold count is 0
2023-07-12 21:53:13,123 [main] INFO  server.StorageContainerManager (StorageContainerManager.java:<init>(424)) - SCM start with adminUsers: [runner]
2023-07-12 21:53:13,409 [main] INFO  audit.AuditLogger (AuditLogger.java:refreshDebugCmdSet(126)) - Refresh DebugCmdSet for SCMAudit to [].
2023-07-12 21:53:13,437 [main] INFO  ipc.CallQueueManager (CallQueueManager.java:<init>(90)) - Using callQueue: class java.util.concurrent.LinkedBlockingQueue, queueCapacity: 2000, scheduler: class org.apache.hadoop.ipc.DefaultRpcScheduler, ipcBackoff: false.
2023-07-12 21:53:13,467 [main] INFO  ipc.Server (Server.java:<init>(1287)) - Listener at 0.0.0.0:15002
2023-07-12 21:53:13,469 [Socket Reader #1 for port 15002] INFO  ipc.Server (Server.java:run(1323)) - Starting Socket Reader #1 for port 15002
2023-07-12 21:53:13,521 [main] INFO  audit.AuditLogger (AuditLogger.java:refreshDebugCmdSet(126)) - Refresh DebugCmdSet for SCMAudit to [].
2023-07-12 21:53:13,526 [main] INFO  ipc.CallQueueManager (CallQueueManager.java:<init>(90)) - Using callQueue: class java.util.concurrent.LinkedBlockingQueue, queueCapacity: 2000, scheduler: class org.apache.hadoop.ipc.DefaultRpcScheduler, ipcBackoff: false.
2023-07-12 21:53:13,526 [main] INFO  ipc.Server (Server.java:<init>(1287)) - Listener at 0.0.0.0:15001
2023-07-12 21:53:13,527 [Socket Reader #1 for port 15001] INFO  ipc.Server (Server.java:run(1323)) - Starting Socket Reader #1 for port 15001
2023-07-12 21:53:13,553 [main] INFO  audit.AuditLogger (AuditLogger.java:refreshDebugCmdSet(126)) - Refresh DebugCmdSet for SCMAudit to [].
2023-07-12 21:53:13,563 [main] INFO  ipc.CallQueueManager (CallQueueManager.java:<init>(90)) - Using callQueue: class java.util.concurrent.LinkedBlockingQueue, queueCapacity: 2000, scheduler: class org.apache.hadoop.ipc.DefaultRpcScheduler, ipcBackoff: false.
2023-07-12 21:53:13,563 [main] INFO  ipc.Server (Server.java:<init>(1287)) - Listener at 0.0.0.0:15000
2023-07-12 21:53:13,567 [Socket Reader #1 for port 15000] INFO  ipc.Server (Server.java:run(1323)) - Starting Socket Reader #1 for port 15000
2023-07-12 21:53:13,608 [main] INFO  ha.SCMServiceManager (SCMServiceManager.java:register(42)) - Registering service ContainerBalancer.
2023-07-12 21:53:13,609 [main] INFO  server.StorageContainerManager (StorageContainerManager.java:<init>(437)) - 
Container Balancer status:
Key                            Value
Running                        false
Container Balancer Configuration values:
Key                                                Value
Threshold                                          10
Max Datanodes to Involve per Iteration(percent)    20
Max Size to Move per Iteration                     500GB
Max Size Entering Target per Iteration             26GB
Max Size Leaving Source per Iteration              26GB

2023-07-12 21:53:13,609 [main] INFO  ha.SCMContext (SCMContext.java:updateSafeModeStatus(228)) - Update SafeModeStatus from SafeModeStatus{safeModeStatus=true, preCheckPassed=false} to SafeModeStatus{safeModeStatus=true, preCheckPassed=false}.
2023-07-12 21:53:13,612 [main] INFO  server.StorageContainerManager (StorageContainerManager.java:start(1489)) - StorageContainerLocationProtocol RPC server is listening at /0.0.0.0:15000
2023-07-12 21:53:13,673 [main] WARN  impl.MetricsConfig (MetricsConfig.java:loadFirst(136)) - Cannot locate configuration: tried hadoop-metrics2-storagecontainermanager.properties,hadoop-metrics2.properties
2023-07-12 21:53:13,684 [main] INFO  impl.MetricsSystemImpl (MetricsSystemImpl.java:startTimer(378)) - Scheduled Metric snapshot period at 10 second(s).
2023-07-12 21:53:13,684 [main] INFO  impl.MetricsSystemImpl (MetricsSystemImpl.java:start(191)) - StorageContainerManager metrics system started
2023-07-12 21:53:13,917 [main] INFO  server.SCMClientProtocolServer (SCMClientProtocolServer.java:start(200)) - RPC server for Client  is listening at /0.0.0.0:15000
2023-07-12 21:53:13,918 [IPC Server Responder] INFO  ipc.Server (Server.java:run(1562)) - IPC Server Responder: starting
2023-07-12 21:53:13,919 [IPC Server listener on 15000] INFO  ipc.Server (Server.java:run(1402)) - IPC Server listener on 15000: starting
2023-07-12 21:53:13,939 [main] INFO  server.StorageContainerManager (StorageContainerManager.java:start(1502)) - ScmBlockLocationProtocol RPC server is listening at /0.0.0.0:15001
2023-07-12 21:53:13,940 [main] INFO  server.SCMBlockProtocolServer (SCMBlockProtocolServer.java:start(152)) - RPC server for Block Protocol is listening at /0.0.0.0:15001
2023-07-12 21:53:13,941 [IPC Server Responder] INFO  ipc.Server (Server.java:run(1562)) - IPC Server Responder: starting
2023-07-12 21:53:13,942 [IPC Server listener on 15001] INFO  ipc.Server (Server.java:run(1402)) - IPC Server listener on 15001: starting
2023-07-12 21:53:13,944 [main] INFO  server.SCMDatanodeProtocolServer (SCMDatanodeProtocolServer.java:start(193)) - ScmDatanodeProtocol RPC server for DataNodes is listening at /0.0.0.0:15002
2023-07-12 21:53:13,946 [IPC Server Responder] INFO  ipc.Server (Server.java:run(1562)) - IPC Server Responder: starting
2023-07-12 21:53:13,946 [IPC Server listener on 15002] INFO  ipc.Server (Server.java:run(1402)) - IPC Server listener on 15002: starting
2023-07-12 21:53:13,966 [JvmPauseMonitor0] INFO  util.JvmPauseMonitor (JvmPauseMonitor.java:run(103)) - JvmPauseMonitor-e75a6b3d-6a45-4b1f-965d-5573cc327fd9: Started
2023-07-12 21:53:13,968 [main] INFO  http.BaseHttpServer (BaseHttpServer.java:newHttpServer2BuilderForOzone(224)) - Starting Web-server for scm at: http://0.0.0.0:15003
2023-07-12 21:53:13,969 [main] INFO  http.BaseHttpServer (BaseHttpServer.java:<init>(111)) - Hadoop Security Enabled: false Ozone Security Enabled: false Ozone HTTP Security Enabled: false 
2023-07-12 21:53:13,990 [main] INFO  util.log (Log.java:initialized(170)) - Logging initialized @4247ms to org.eclipse.jetty.util.log.Slf4jLog
2023-07-12 21:53:14,070 [main] WARN  server.AuthenticationFilter (AuthenticationFilter.java:constructSecretProvider(240)) - Unable to initialize FileSignerSecretProvider, falling back to use random secrets. Reason: Could not read signature secret file: /home/runner/hadoop-http-auth-signature-secret
2023-07-12 21:53:14,076 [main] INFO  http.HttpRequestLog (HttpRequestLog.java:getRequestLog(86)) - Http request log for http.requests.scm is not defined
2023-07-12 21:53:14,081 [main] INFO  http.HttpServer2 (HttpServer2.java:addGlobalFilter(1031)) - Added global filter 'safety' (class=org.apache.hadoop.hdds.server.http.HttpServer2$QuotingInputFilter)
2023-07-12 21:53:14,083 [main] INFO  http.HttpServer2 (HttpServer2.java:addFilter(1007)) - Added filter static_user_filter (class=org.apache.hadoop.http.lib.StaticUserWebFilter$StaticUserFilter) to context scm
2023-07-12 21:53:14,083 [main] INFO  http.HttpServer2 (HttpServer2.java:addFilter(1015)) - Added filter static_user_filter (class=org.apache.hadoop.http.lib.StaticUserWebFilter$StaticUserFilter) to context static
2023-07-12 21:53:14,083 [main] INFO  http.HttpServer2 (HttpServer2.java:addFilter(1015)) - Added filter static_user_filter (class=org.apache.hadoop.http.lib.StaticUserWebFilter$StaticUserFilter) to context logs
2023-07-12 21:53:14,112 [main] INFO  http.BaseHttpServer (BaseHttpServer.java:<init>(190)) - HTTP server of scm uses base directory /home/runner/work/ozone/ozone/hadoop-ozone/integration-test/target/test-dir/MiniOzoneClusterImpl-45e85e01-d716-41a3-b7bb-c5caf1d85614/ozone-meta/webserver
2023-07-12 21:53:14,113 [main] INFO  http.HttpServer2 (HttpServer2.java:bindListener(1250)) - Jetty bound to port 15003
2023-07-12 21:53:14,115 [main] INFO  server.Server (Server.java:doStart(375)) - jetty-9.4.51.v20230217; built: 2023-02-17T08:19:37.309Z; git: b45c405e4544384de066f814ed42ae3dceacdd49; jvm 1.8.0_372-b07
2023-07-12 21:53:14,140 [main] INFO  server.session (DefaultSessionIdManager.java:doStart(334)) - DefaultSessionIdManager workerName=node0
2023-07-12 21:53:14,140 [main] INFO  server.session (DefaultSessionIdManager.java:doStart(339)) - No SessionScavenger set, using defaults
2023-07-12 21:53:14,142 [main] INFO  server.session (HouseKeeper.java:startScavenging(132)) - node0 Scavenging every 600000ms
2023-07-12 21:53:14,152 [main] INFO  handler.ContextHandler (ContextHandler.java:doStart(921)) - Started o.e.j.s.ServletContextHandler@57596d71{logs,/logs,file:///home/runner/work/ozone/ozone/hadoop-ozone/integration-test/target/log,AVAILABLE}
2023-07-12 21:53:14,153 [main] INFO  handler.ContextHandler (ContextHandler.java:doStart(921)) - Started o.e.j.s.ServletContextHandler@42e14655{static,/static,file:///home/runner/work/ozone/ozone/hadoop-ozone/integration-test/target/test-classes/webapps/static,AVAILABLE}
2023-07-12 21:53:14,189 [main] INFO  handler.ContextHandler (ContextHandler.java:doStart(921)) - Started o.e.j.w.WebAppContext@2914f916{scm,/,file:///home/runner/work/ozone/ozone/hadoop-ozone/integration-test/target/test-classes/webapps/scm/,AVAILABLE}{file:/home/runner/work/ozone/ozone/hadoop-ozone/integration-test/target/test-classes/webapps/scm}
2023-07-12 21:53:14,196 [main] INFO  server.AbstractConnector (AbstractConnector.java:doStart(333)) - Started ServerConnector@41030c21{HTTP/1.1, (http/1.1)}{0.0.0.0:15003}
2023-07-12 21:53:14,196 [main] INFO  server.Server (Server.java:doStart(415)) - Started @4453ms
2023-07-12 21:53:14,198 [main] INFO  impl.MetricsSinkAdapter (MetricsSinkAdapter.java:start(204)) - Sink prometheus started
2023-07-12 21:53:14,199 [main] INFO  impl.MetricsSystemImpl (MetricsSystemImpl.java:registerSink(305)) - Registered sink prometheus
2023-07-12 21:53:14,200 [main] INFO  http.BaseHttpServer (BaseHttpServer.java:updateConnectorAddress(344)) - HTTP server of scm listening at http://0.0.0.0:15003
2023-07-12 21:53:14,203 [main] WARN  server.ServerUtils (ServerUtils.java:getDBPath(311)) - ozone.om.db.dirs is not configured. We recommend adding this setting. Falling back to ozone.metadata.dirs instead.
2023-07-12 21:53:14,241 [main] INFO  audit.AuditLogger (AuditLogger.java:refreshDebugCmdSet(126)) - Refresh DebugCmdSet for OMAudit to [].
2023-07-12 21:53:14,310 [main] INFO  ha.OMHANodeDetails (OMHANodeDetails.java:loadOMHAConfig(115)) - ozone.om.internal.service.id is not defined, falling back to ozone.om.service.ids to find serviceID for OzoneManager if it is HA enabled cluster
2023-07-12 21:53:14,313 [main] INFO  ha.OMHANodeDetails (OMHANodeDetails.java:loadOMHAConfig(226)) - Configuration does not have ozone.om.address set. Falling back to the default OM address /127.0.0.1:15004
2023-07-12 21:53:14,313 [main] INFO  ha.OMHANodeDetails (OMHANodeDetails.java:getOMNodeDetailsForNonHA(254)) - OM Service ID is not set. Setting it to the default ID: omServiceIdDefault
2023-07-12 21:53:14,314 [main] INFO  ha.OMHANodeDetails (OMHANodeDetails.java:getOMNodeDetailsForNonHA(261)) - OM Node ID is not set. Setting it to the default ID: om1
2023-07-12 21:53:14,317 [main] WARN  server.ServerUtils (ServerUtils.java:getDBPath(311)) - ozone.om.db.dirs is not configured. We recommend adding this setting. Falling back to ozone.metadata.dirs instead.
2023-07-12 21:53:14,320 [main] INFO  upgrade.AbstractLayoutVersionManager (AbstractLayoutVersionManager.java:init(83)) - Initializing Layout version manager with metadata layout = QUOTA (version = 6), software layout = QUOTA (version = 6)
2023-07-12 21:53:14,398 [main] INFO  reflections.Reflections (Reflections.java:scan(232)) - Reflections took 74 ms to scan 2 urls, producing 186 keys and 508 values [using 2 cores]
2023-07-12 21:53:14,405 [main] INFO  upgrade.OMLayoutVersionManager (OMLayoutVersionManager.java:lambda$0(115)) - Skipping Upgrade Action MockOmUpgradeAction since it has been finalized.
2023-07-12 21:53:14,405 [main] INFO  upgrade.OMLayoutVersionManager (OMLayoutVersionManager.java:lambda$0(115)) - Skipping Upgrade Action QuotaRepairUpgradeAction since it has been finalized.
2023-07-12 21:53:14,410 [main] WARN  server.ServerUtils (ServerUtils.java:getDBPath(311)) - ozone.om.db.dirs is not configured. We recommend adding this setting. Falling back to ozone.metadata.dirs instead.
2023-07-12 21:53:14,545 [main] INFO  proxy.SCMBlockLocationFailoverProxyProvider (SCMBlockLocationFailoverProxyProvider.java:<init>(114)) - Created block location fail-over proxy with 1 nodes: [nodeId=scmNodeId,nodeAddress=/0.0.0.0:15001]
2023-07-12 21:53:14,599 [main] INFO  proxy.SCMBlockLocationFailoverProxyProvider (SCMBlockLocationFailoverProxyProvider.java:<init>(114)) - Created block location fail-over proxy with 1 nodes: [nodeId=scmNodeId,nodeAddress=/0.0.0.0:15001]
2023-07-12 21:53:14,806 [main] INFO  om.OzoneManager (OzoneManager.java:<init>(658)) - OM start with adminUsers: [runner]
2023-07-12 21:53:14,828 [main] WARN  server.ServerUtils (ServerUtils.java:getDBPath(311)) - ozone.om.db.dirs is not configured. We recommend adding this setting. Falling back to ozone.metadata.dirs instead.
2023-07-12 21:53:14,856 [main] INFO  helpers.OmKeyInfo (OmKeyInfo.java:getCodec(71)) - OmKeyInfo.getCodec ignorePipeline = true
2023-07-12 21:53:15,171 [main] INFO  om.OzoneManager (OzoneManager.java:instantiateServices(787)) - S3 Multi-Tenancy is disabled
2023-07-12 21:53:15,203 [main] INFO  om.OmSnapshotManager (OmSnapshotManager.java:<init>(175)) - Ozone filesystem snapshot feature is enabled.
2023-07-12 21:53:15,212 [main] WARN  server.ServerUtils (ServerUtils.java:getDBPath(311)) - ozone.om.snapshot.diff.db.dir is not configured. We recommend adding this setting. Falling back to ozone.metadata.dirs instead.
2023-07-12 21:53:15,263 [main] INFO  utils.NativeLibraryLoader (NativeLibraryLoader.java:loadLibrary(105)) - Loading Library: ozone_rocksdb_tools
2023-07-12 21:53:15,264 [main] INFO  snapshot.SnapshotDiffManager (SnapshotDiffManager.java:closeExecutorService(1720)) - Shutting down executorService: 'SstDumpToolExecutor'
2023-07-12 21:53:15,329 [main] INFO  om.OzoneManager (OzoneManager.java:addS3GVolumeToDB(4298)) - Created Volume s3v With Owner runner required for S3Gateway operations.
2023-07-12 21:53:15,388 [main] WARN  server.ServerUtils (ServerUtils.java:getDefaultRatisDirectory(323)) - Storage directory for Ratis is not configured. It is a good idea to map this to an SSD disk. Falling back to ozone.metadata.dirs
2023-07-12 21:53:15,389 [main] WARN  utils.OzoneManagerRatisUtils (OzoneManagerRatisUtils.java:getOMRatisSnapshotDirectory(461)) - ozone.om.ratis.snapshot.dir is not configured. Falling back to ozone.metadata.dirs config
2023-07-12 21:53:15,403 [main] WARN  server.ServerUtils (ServerUtils.java:getDefaultRatisDirectory(323)) - Storage directory for Ratis is not configured. It is a good idea to map this to an SSD disk. Falling back to ozone.metadata.dirs
2023-07-12 21:53:15,428 [main] INFO  ratis.OzoneManagerRatisServer (OzoneManagerRatisServer.java:<init>(163)) - Instantiating OM Ratis server with groupID: omServiceIdDefault and peers: localhost:15007
2023-07-12 21:53:15,437 [main] INFO  ratis.OzoneManagerStateMachine (OzoneManagerStateMachine.java:loadSnapshotInfoFromDB(670)) - LastAppliedIndex is set from TransactionInfo from OM DB as (t:0, i:~)
2023-07-12 21:53:15,506 [main] INFO  server.RaftServer (ConfUtils.java:logGet(46)) - raft.rpc.type = GRPC (default)
2023-07-12 21:53:15,517 [main] INFO  grpc.GrpcConfigKeys (ConfUtils.java:logFallback(53)) - raft.grpc.admin.host = null (fallback to raft.grpc.server.host)
2023-07-12 21:53:15,519 [main] INFO  grpc.GrpcConfigKeys (ConfUtils.java:logFallback(53)) - raft.grpc.admin.port = 15007 (fallback to raft.grpc.server.port)
2023-07-12 21:53:15,519 [main] INFO  grpc.GrpcConfigKeys (ConfUtils.java:logFallback(53)) - raft.grpc.client.host = null (fallback to raft.grpc.server.host)
2023-07-12 21:53:15,520 [main] INFO  grpc.GrpcConfigKeys (ConfUtils.java:logFallback(53)) - raft.grpc.client.port = 15007 (fallback to raft.grpc.server.port)
2023-07-12 21:53:15,520 [main] INFO  grpc.GrpcConfigKeys (ConfUtils.java:logGet(46)) - raft.grpc.server.host = null (default)
2023-07-12 21:53:15,521 [main] INFO  grpc.GrpcConfigKeys (ConfUtils.java:logGet(46)) - raft.grpc.server.port = 15007 (custom)
2023-07-12 21:53:15,522 [main] INFO  server.GrpcService (ConfUtils.java:logGet(46)) - raft.grpc.message.size.max = 33554432 (custom)
2023-07-12 21:53:15,524 [main] INFO  server.RaftServerConfigKeys (ConfUtils.java:logGet(46)) - raft.server.log.appender.buffer.byte-limit = 33554432 (custom)
2023-07-12 21:53:15,524 [main] INFO  server.GrpcService (ConfUtils.java:logGet(46)) - raft.grpc.flow.control.window = 1MB (=1048576) (default)
2023-07-12 21:53:15,527 [main] INFO  server.RaftServerConfigKeys (ConfUtils.java:logGet(46)) - raft.server.rpc.request.timeout = 3000ms (default)
2023-07-12 21:53:15,538 [main] INFO  grpc.GrpcConfigKeys (ConfUtils.java:logGet(46)) - raft.grpc.server.heartbeat.channel = true (default)
2023-07-12 21:53:15,543 [main] INFO  grpc.GrpcConfigKeys (ConfUtils.java:logGet(46)) - raft.grpc.server.async.request.thread.pool.cached = true (default)
2023-07-12 21:53:15,544 [main] INFO  grpc.GrpcConfigKeys (ConfUtils.java:logGet(46)) - raft.grpc.server.async.request.thread.pool.size = 32 (default)
2023-07-12 21:53:15,754 [main] INFO  impl.DataStreamServerImpl (ConfUtils.java:logGet(46)) - raft.datastream.type = DISABLED (default)
2023-07-12 21:53:15,757 [main] INFO  server.RaftServerConfigKeys (ConfUtils.java:logGet(46)) - raft.server.threadpool.proxy.cached = true (default)
2023-07-12 21:53:15,757 [main] INFO  server.RaftServerConfigKeys (ConfUtils.java:logGet(46)) - raft.server.threadpool.proxy.size = 0 (default)
2023-07-12 21:53:15,758 [main] INFO  server.RaftServerConfigKeys (ConfUtils.java:logGet(46)) - raft.server.rpc.slowness.timeout = 120s (custom)
2023-07-12 21:53:15,758 [main] INFO  server.RaftServerConfigKeys (ConfUtils.java:logGet(46)) - raft.server.leaderelection.leader.step-down.wait-time = 10s (default)
2023-07-12 21:53:15,759 [main] INFO  server.RaftServerConfigKeys (ConfUtils.java:logGet(46)) - raft.server.storage.dir = [/home/runner/work/ozone/ozone/hadoop-ozone/integration-test/target/test-dir/MiniOzoneClusterImpl-45e85e01-d716-41a3-b7bb-c5caf1d85614/ozone-meta/ratis] (custom)
2023-07-12 21:53:15,769 [main] INFO  server.RaftServer (RaftServerProxy.java:addNew(98)) - om1: addNew group-C5BA1605619E:[om1|rpc:localhost:15007|priority:0|startupRole:FOLLOWER] returns group-C5BA1605619E:java.util.concurrent.CompletableFuture@4d9a46fc[Not completed]
2023-07-12 21:53:15,769 [main] INFO  om.OzoneManager (OzoneManager.java:initializeRatisServer(2139)) - OzoneManager Ratis server initialized at port 15007
2023-07-12 21:53:15,772 [main] INFO  om.OzoneManager (OzoneManager.java:getRpcServer(1187)) - Creating RPC Server
2023-07-12 21:53:15,928 [om1-groupManagement] INFO  server.RaftServer$Division (RaftServerImpl.java:<init>(198)) - om1: new RaftServerImpl for group-C5BA1605619E:[om1|rpc:localhost:15007|priority:0|startupRole:FOLLOWER] with OzoneManagerStateMachine:uninitialized
2023-07-12 21:53:15,931 [om1-groupManagement] INFO  server.RaftServerConfigKeys (ConfUtils.java:logGet(46)) - raft.server.rpc.timeout.min = 1s (custom)
2023-07-12 21:53:15,932 [om1-groupManagement] INFO  server.RaftServerConfigKeys (ConfUtils.java:logGet(46)) - raft.server.rpc.timeout.max = 1200ms (custom)
2023-07-12 21:53:15,933 [om1-groupManagement] INFO  server.RaftServerConfigKeys (ConfUtils.java:logGet(46)) - raft.server.rpc.sleep.time = 25ms (default)
2023-07-12 21:53:15,933 [om1-groupManagement] INFO  server.RaftServerConfigKeys (ConfUtils.java:logGet(46)) - raft.server.rpc.slowness.timeout = 120s (custom)
2023-07-12 21:53:15,933 [om1-groupManagement] INFO  server.RaftServerConfigKeys (ConfUtils.java:logGet(46)) - raft.server.leaderelection.leader.step-down.wait-time = 10s (default)
2023-07-12 21:53:15,933 [om1-groupManagement] INFO  server.RaftServerConfigKeys (ConfUtils.java:logGet(46)) - raft.server.sleep.deviation.threshold = 300ms (default)
2023-07-12 21:53:15,945 [om1-groupManagement] INFO  server.RaftServer$Division (ServerState.java:<init>(120)) - om1@group-C5BA1605619E: ConfigurationManager, init=-1: peers:[om1|rpc:localhost:15007|priority:0|startupRole:FOLLOWER]|listeners:[], old=null, confs=<EMPTY_MAP>
2023-07-12 21:53:15,945 [om1-groupManagement] INFO  server.RaftServerConfigKeys (ConfUtils.java:logGet(46)) - raft.server.storage.dir = [/home/runner/work/ozone/ozone/hadoop-ozone/integration-test/target/test-dir/MiniOzoneClusterImpl-45e85e01-d716-41a3-b7bb-c5caf1d85614/ozone-meta/ratis] (custom)
2023-07-12 21:53:15,954 [om1-groupManagement] INFO  server.RaftServerConfigKeys (ConfUtils.java:logGet(46)) - raft.server.log.corruption.policy = EXCEPTION (default)
2023-07-12 21:53:15,955 [om1-groupManagement] INFO  server.RaftServerConfigKeys (ConfUtils.java:logGet(46)) - raft.server.storage.free-space.min = 0MB (=0) (default)
2023-07-12 21:53:15,965 [om1-groupManagement] INFO  server.RaftServerConfigKeys (ConfUtils.java:logGet(46)) - raft.server.notification.no-leader.timeout = 120s (custom)
2023-07-12 21:53:15,971 [om1-groupManagement] INFO  server.RaftServerConfigKeys (ConfUtils.java:logGet(46)) - raft.server.read.timeout = 10s (default)
2023-07-12 21:53:15,978 [om1-groupManagement] INFO  server.RaftServerConfigKeys (ConfUtils.java:logGet(46)) - raft.server.retrycache.expirytime = 300s (custom)
2023-07-12 21:53:15,979 [om1-groupManagement] INFO  server.RaftServerConfigKeys (ConfUtils.java:logGet(46)) - raft.server.retrycache.statistics.expirytime = 100μs (default)
2023-07-12 21:53:16,026 [om1-groupManagement] INFO  server.RaftServerConfigKeys (ConfUtils.java:logGet(46)) - raft.server.read.option = DEFAULT (default)
2023-07-12 21:53:16,070 [om1-groupManagement] INFO  server.RaftServerConfigKeys (ConfUtils.java:logGet(46)) - raft.server.rpc.request.timeout = 3000ms (default)
2023-07-12 21:53:16,077 [om1-groupManagement] INFO  server.RaftServerConfigKeys (ConfUtils.java:logGet(46)) - raft.server.log.appender.install.snapshot.enabled = false (custom)
2023-07-12 21:53:16,078 [om1-groupManagement] INFO  server.RaftServerConfigKeys (ConfUtils.java:logGet(46)) - raft.server.threadpool.server.cached = true (default)
2023-07-12 21:53:16,079 [om1-groupManagement] INFO  server.RaftServerConfigKeys (ConfUtils.java:logGet(46)) - raft.server.threadpool.server.size = 0 (default)
2023-07-12 21:53:16,079 [om1-groupManagement] INFO  server.RaftServerConfigKeys (ConfUtils.java:logGet(46)) - raft.server.threadpool.client.cached = true (default)
2023-07-12 21:53:16,080 [om1-groupManagement] INFO  server.RaftServerConfigKeys (ConfUtils.java:logGet(46)) - raft.server.threadpool.client.size = 0 (default)
2023-07-12 21:53:16,626 [main] INFO  reflections.Reflections (Reflections.java:scan(232)) - Reflections took 641 ms to scan 19 urls, producing 70 keys and 5533 values [using 2 cores]
2023-07-12 21:53:16,786 [main] INFO  ipc.CallQueueManager (CallQueueManager.java:<init>(90)) - Using callQueue: class java.util.concurrent.LinkedBlockingQueue, queueCapacity: 2000, scheduler: class org.apache.hadoop.ipc.DefaultRpcScheduler, ipcBackoff: false.
2023-07-12 21:53:16,786 [main] INFO  ipc.Server (Server.java:<init>(1287)) - Listener at 127.0.0.1:15004
2023-07-12 21:53:16,787 [Socket Reader #1 for port 15004] INFO  ipc.Server (Server.java:run(1323)) - Starting Socket Reader #1 for port 15004
2023-07-12 21:53:16,818 [main] INFO  impl.MetricsSystemImpl (MetricsSystemImpl.java:init(158)) - OzoneManager metrics system started (again)
2023-07-12 21:53:16,830 [main] INFO  om.OzoneManager (OzoneManager.java:start(1617)) - OzoneManager RPC server is listening at localhost/127.0.0.1:15004
2023-07-12 21:53:16,830 [main] INFO  ratis.OzoneManagerRatisServer (OzoneManagerRatisServer.java:start(558)) - Starting OzoneManagerRatisServer om1 at port 15007
2023-07-12 21:53:16,833 [om1-impl-thread1] INFO  storage.RaftStorageDirectory (RaftStorageDirectoryImpl.java:analyzeStorage(137)) - The storage directory /home/runner/work/ozone/ozone/hadoop-ozone/integration-test/target/test-dir/MiniOzoneClusterImpl-45e85e01-d716-41a3-b7bb-c5caf1d85614/ozone-meta/ratis/bf265839-605b-3f16-9796-c5ba1605619e does not exist. Creating ...
2023-07-12 21:53:16,837 [om1-impl-thread1] INFO  storage.RaftStorageDirectory (RaftStorageDirectoryImpl.java:tryLock(231)) - Lock on /home/runner/work/ozone/ozone/hadoop-ozone/integration-test/target/test-dir/MiniOzoneClusterImpl-45e85e01-d716-41a3-b7bb-c5caf1d85614/ozone-meta/ratis/bf265839-605b-3f16-9796-c5ba1605619e/in_use.lock acquired by nodename 107600@fv-az670-842
2023-07-12 21:53:16,842 [om1-impl-thread1] INFO  storage.RaftStorage (RaftStorageImpl.java:format(96)) - Storage directory /home/runner/work/ozone/ozone/hadoop-ozone/integration-test/target/test-dir/MiniOzoneClusterImpl-45e85e01-d716-41a3-b7bb-c5caf1d85614/ozone-meta/ratis/bf265839-605b-3f16-9796-c5ba1605619e has been successfully formatted.
2023-07-12 21:53:16,845 [om1-impl-thread1] INFO  server.RaftServerConfigKeys (ConfUtils.java:logGet(46)) - raft.server.log.use.memory = false (default)
2023-07-12 21:53:16,851 [om1-impl-thread1] INFO  server.RaftServerConfigKeys (ConfUtils.java:logGet(46)) - raft.server.log.purge.gap = 1000000 (custom)
2023-07-12 21:53:16,851 [om1-impl-thread1] INFO  server.RaftServerConfigKeys (ConfUtils.java:logGet(46)) - raft.server.log.appender.buffer.byte-limit = 33554432 (custom)
2023-07-12 21:53:16,852 [om1-impl-thread1] INFO  server.RaftServerConfigKeys (ConfUtils.java:logGet(46)) - raft.server.log.statemachine.data.read.timeout = 1000ms (default)
2023-07-12 21:53:16,853 [om1-impl-thread1] INFO  server.RaftServerConfigKeys (ConfUtils.java:logGet(46)) - raft.server.log.purge.preservation.log.num = 0 (default)
2023-07-12 21:53:16,855 [om1-impl-thread1] INFO  server.RaftServerConfigKeys (ConfUtils.java:logGet(46)) - raft.server.log.segment.size.max = 4194304 (custom)
2023-07-12 21:53:16,859 [om1-impl-thread1] INFO  server.RaftServerConfigKeys (ConfUtils.java:logGet(46)) - raft.server.log.segment.cache.num.max = 2 (custom)
2023-07-12 21:53:16,860 [om1-impl-thread1] INFO  server.RaftServerConfigKeys (ConfUtils.java:logGet(46)) - raft.server.log.segment.cache.size.max = 200MB (=209715200) (default)
2023-07-12 21:53:16,860 [om1-impl-thread1] INFO  server.RaftServerConfigKeys (ConfUtils.java:logGet(46)) - raft.server.log.appender.buffer.byte-limit = 33554432 (custom)
2023-07-12 21:53:16,864 [om1-impl-thread1] INFO  segmented.SegmentedRaftLogWorker (SegmentedRaftLogWorker.java:<init>(188)) - new om1@group-C5BA1605619E-SegmentedRaftLogWorker for RaftStorageImpl:Storage Directory /home/runner/work/ozone/ozone/hadoop-ozone/integration-test/target/test-dir/MiniOzoneClusterImpl-45e85e01-d716-41a3-b7bb-c5caf1d85614/ozone-meta/ratis/bf265839-605b-3f16-9796-c5ba1605619e
2023-07-12 21:53:16,864 [om1-impl-thread1] INFO  server.RaftServerConfigKeys (ConfUtils.java:logGet(46)) - raft.server.log.queue.byte-limit = 64MB (=67108864) (default)
2023-07-12 21:53:16,865 [om1-impl-thread1] INFO  server.RaftServerConfigKeys (ConfUtils.java:logGet(46)) - raft.server.log.queue.element-limit = 4096 (default)
2023-07-12 21:53:16,866 [om1-impl-thread1] INFO  server.RaftServerConfigKeys (ConfUtils.java:logGet(46)) - raft.server.log.segment.size.max = 4194304 (custom)
2023-07-12 21:53:16,866 [om1-impl-thread1] INFO  server.RaftServerConfigKeys (ConfUtils.java:logGet(46)) - raft.server.log.preallocated.size = 4194304 (custom)
2023-07-12 21:53:16,866 [om1-impl-thread1] INFO  server.RaftServerConfigKeys (ConfUtils.java:logGet(46)) - raft.server.log.force.sync.num = 128 (default)
2023-07-12 21:53:16,867 [om1-impl-thread1] INFO  server.RaftServerConfigKeys (ConfUtils.java:logGet(46)) - raft.server.log.statemachine.data.sync = true (default)
2023-07-12 21:53:16,867 [om1-impl-thread1] INFO  server.RaftServerConfigKeys (ConfUtils.java:logGet(46)) - raft.server.log.statemachine.data.sync.timeout = 10s (default)
2023-07-12 21:53:16,867 [om1-impl-thread1] INFO  server.RaftServerConfigKeys (ConfUtils.java:logGet(46)) - raft.server.log.statemachine.data.sync.timeout.retry = -1 (default)
2023-07-12 21:53:16,874 [om1-impl-thread1] INFO  server.RaftServerConfigKeys (ConfUtils.java:logGet(46)) - raft.server.log.write.buffer.size = 64KB (=65536) (default)
2023-07-12 21:53:16,875 [om1-impl-thread1] INFO  server.RaftServerConfigKeys (ConfUtils.java:logGet(46)) - raft.server.log.appender.buffer.byte-limit = 33554432 (custom)
2023-07-12 21:53:16,878 [om1-impl-thread1] INFO  server.RaftServerConfigKeys (ConfUtils.java:logGet(46)) - raft.server.log.unsafe-flush.enabled = false (default)
2023-07-12 21:53:16,878 [om1-impl-thread1] INFO  server.RaftServerConfigKeys (ConfUtils.java:logGet(46)) - raft.server.log.async-flush.enabled = false (default)
2023-07-12 21:53:16,878 [om1-impl-thread1] INFO  server.RaftServerConfigKeys (ConfUtils.java:logGet(46)) - raft.server.log.statemachine.data.caching.enabled = false (default)
2023-07-12 21:53:16,883 [om1-impl-thread1] INFO  segmented.SegmentedRaftLogWorker (SegmentedRaftLogWorker.java:lambda$new$0(135)) - om1@group-C5BA1605619E-SegmentedRaftLogWorker: flushIndex: setUnconditionally 0 -> -1
2023-07-12 21:53:16,883 [om1-impl-thread1] INFO  segmented.SegmentedRaftLogWorker (SegmentedRaftLogWorker.java:lambda$new$0(135)) - om1@group-C5BA1605619E-SegmentedRaftLogWorker: safeCacheEvictIndex: setUnconditionally 0 -> -1
2023-07-12 21:53:16,884 [om1-impl-thread1] INFO  server.RaftServer$Division (RaftServerImpl.java:start(342)) - om1@group-C5BA1605619E: start as a follower, conf=-1: peers:[om1|rpc:localhost:15007|priority:0|startupRole:FOLLOWER]|listeners:[], old=null
2023-07-12 21:53:16,889 [om1-impl-thread1] INFO  server.RaftServer$Division (RaftServerImpl.java:setRole(329)) - om1@group-C5BA1605619E: changes role from      null to FOLLOWER at term 0 for startAsFollower
2023-07-12 21:53:16,890 [om1-impl-thread1] INFO  impl.RoleInfo (RoleInfo.java:updateAndGet(139)) - om1: start om1@group-C5BA1605619E-FollowerState
2023-07-12 21:53:16,894 [om1-impl-thread1] INFO  util.JmxRegister (JmxRegister.java:tryRegister(44)) - Successfully registered JMX Bean with object name Ratis:service=RaftServer,group=group-C5BA1605619E,id=om1
2023-07-12 21:53:16,895 [om1-impl-thread1] INFO  server.RaftServerConfigKeys (ConfUtils.java:logGet(46)) - raft.server.snapshot.auto.trigger.enabled = true (custom)
2023-07-12 21:53:16,896 [om1-impl-thread1] INFO  server.RaftServerConfigKeys (ConfUtils.java:logGet(46)) - raft.server.snapshot.auto.trigger.threshold = 400000 (default)
2023-07-12 21:53:16,896 [om1-impl-thread1] INFO  server.RaftServerConfigKeys (ConfUtils.java:logGet(46)) - raft.server.snapshot.retention.file.num = -1 (default)
2023-07-12 21:53:16,897 [om1-impl-thread1] INFO  server.RaftServerConfigKeys (ConfUtils.java:logGet(46)) - raft.server.log.purge.upto.snapshot.index = true (custom)
2023-07-12 21:53:16,899 [om1@group-C5BA1605619E-FollowerState] INFO  server.RaftServerConfigKeys (ConfUtils.java:logFallback(53)) - raft.server.rpc.first-election.timeout.min = 1s (fallback to raft.server.rpc.timeout.min)
2023-07-12 21:53:16,899 [om1@group-C5BA1605619E-FollowerState] INFO  server.RaftServerConfigKeys (ConfUtils.java:logFallback(53)) - raft.server.rpc.first-election.timeout.max = 1200ms (fallback to raft.server.rpc.timeout.max)
2023-07-12 21:53:16,900 [main] INFO  server.RaftServer (RaftServerProxy.java:startImpl(400)) - om1: start RPC server
2023-07-12 21:53:16,941 [main] INFO  server.GrpcService (GrpcService.java:startImpl(302)) - om1: GrpcService started, listening on 15007
2023-07-12 21:53:16,945 [main] INFO  om.OzoneManager (OzoneManager.java:start(1633)) - Version File has different layout version (6) than OM DB (null). That is expected if this OM has never been finalized to a newer layout version.
2023-07-12 21:53:16,950 [JvmPauseMonitor1] INFO  util.JvmPauseMonitor (JvmPauseMonitor.java:run(103)) - JvmPauseMonitor-om1: Started
2023-07-12 21:53:16,974 [main] INFO  http.BaseHttpServer (BaseHttpServer.java:newHttpServer2BuilderForOzone(224)) - Starting Web-server for ozoneManager at: http://0.0.0.0:15005
2023-07-12 21:53:16,974 [main] INFO  http.BaseHttpServer (BaseHttpServer.java:<init>(111)) - Hadoop Security Enabled: false Ozone Security Enabled: false Ozone HTTP Security Enabled: false 
2023-07-12 21:53:16,977 [main] WARN  server.AuthenticationFilter (AuthenticationFilter.java:constructSecretProvider(240)) - Unable to initialize FileSignerSecretProvider, falling back to use random secrets. Reason: Could not read signature secret file: /home/runner/hadoop-http-auth-signature-secret
2023-07-12 21:53:16,981 [main] INFO  http.HttpRequestLog (HttpRequestLog.java:getRequestLog(86)) - Http request log for http.requests.ozoneManager is not defined
2023-07-12 21:53:16,982 [main] INFO  http.HttpServer2 (HttpServer2.java:addGlobalFilter(1031)) - Added global filter 'safety' (class=org.apache.hadoop.hdds.server.http.HttpServer2$QuotingInputFilter)
2023-07-12 21:53:16,983 [main] INFO  http.HttpServer2 (HttpServer2.java:addFilter(1007)) - Added filter static_user_filter (class=org.apache.hadoop.http.lib.StaticUserWebFilter$StaticUserFilter) to context ozoneManager
2023-07-12 21:53:16,984 [main] INFO  http.HttpServer2 (HttpServer2.java:addFilter(1015)) - Added filter static_user_filter (class=org.apache.hadoop.http.lib.StaticUserWebFilter$StaticUserFilter) to context logs
2023-07-12 21:53:16,984 [main] INFO  http.HttpServer2 (HttpServer2.java:addFilter(1015)) - Added filter static_user_filter (class=org.apache.hadoop.http.lib.StaticUserWebFilter$StaticUserFilter) to context static
2023-07-12 21:53:16,985 [main] INFO  http.BaseHttpServer (BaseHttpServer.java:<init>(190)) - HTTP server of ozoneManager uses base directory /home/runner/work/ozone/ozone/hadoop-ozone/integration-test/target/test-dir/MiniOzoneClusterImpl-45e85e01-d716-41a3-b7bb-c5caf1d85614/ozone-meta/webserver
2023-07-12 21:53:16,987 [main] INFO  http.HttpServer2 (HttpServer2.java:bindListener(1250)) - Jetty bound to port 15005
2023-07-12 21:53:16,987 [main] INFO  server.Server (Server.java:doStart(375)) - jetty-9.4.51.v20230217; built: 2023-02-17T08:19:37.309Z; git: b45c405e4544384de066f814ed42ae3dceacdd49; jvm 1.8.0_372-b07
2023-07-12 21:53:16,989 [main] INFO  server.session (DefaultSessionIdManager.java:doStart(334)) - DefaultSessionIdManager workerName=node0
2023-07-12 21:53:16,989 [main] INFO  server.session (DefaultSessionIdManager.java:doStart(339)) - No SessionScavenger set, using defaults
2023-07-12 21:53:16,989 [main] INFO  server.session (HouseKeeper.java:startScavenging(132)) - node0 Scavenging every 600000ms
2023-07-12 21:53:16,990 [main] INFO  handler.ContextHandler (ContextHandler.java:doStart(921)) - Started o.e.j.s.ServletContextHandler@3500af30{logs,/logs,file:///home/runner/work/ozone/ozone/hadoop-ozone/integration-test/target/log,AVAILABLE}
2023-07-12 21:53:16,991 [main] INFO  handler.ContextHandler (ContextHandler.java:doStart(921)) - Started o.e.j.s.ServletContextHandler@40383c8b{static,/static,file:///home/runner/work/ozone/ozone/hadoop-ozone/integration-test/target/test-classes/webapps/static,AVAILABLE}
2023-07-12 21:53:16,994 [main] INFO  handler.ContextHandler (ContextHandler.java:doStart(921)) - Started o.e.j.w.WebAppContext@27f3c057{ozoneManager,/,file:///home/runner/work/ozone/ozone/hadoop-ozone/integration-test/target/test-classes/webapps/ozoneManager/,AVAILABLE}{file:/home/runner/work/ozone/ozone/hadoop-ozone/integration-test/target/test-classes/webapps/ozoneManager}
2023-07-12 21:53:16,995 [main] INFO  server.AbstractConnector (AbstractConnector.java:doStart(333)) - Started ServerConnector@14c28421{HTTP/1.1, (http/1.1)}{0.0.0.0:15005}
2023-07-12 21:53:16,999 [main] INFO  server.Server (Server.java:doStart(415)) - Started @7256ms
2023-07-12 21:53:16,999 [main] WARN  impl.MetricsSystemImpl (MetricsSystemImpl.java:register(279)) - Sink prometheus already exists!
2023-07-12 21:53:17,000 [main] INFO  http.BaseHttpServer (BaseHttpServer.java:updateConnectorAddress(344)) - HTTP server of ozoneManager listening at http://0.0.0.0:15005
2023-07-12 21:53:17,001 [IPC Server Responder] INFO  ipc.Server (Server.java:run(1562)) - IPC Server Responder: starting
2023-07-12 21:53:17,001 [IPC Server listener on 15004] INFO  ipc.Server (Server.java:run(1402)) - IPC Server listener on 15004: starting
2023-07-12 21:53:17,011 [main] INFO  om.OzoneManager (OzoneManager.java:startTrashEmptier(2092)) - Trash Interval set to 0. Files deleted won't move to trash
2023-07-12 21:53:17,124 [main] WARN  impl.MetricRegistriesImpl (MetricRegistriesImpl.java:addReporterRegistration(111)) - New reporters are added after registries were created. Some metrics will be missing from the reporter. Please add reporter before adding any new registry.
2023-07-12 21:53:17,124 [main] WARN  impl.MetricRegistriesImpl (MetricRegistriesImpl.java:addReporterRegistration(111)) - New reporters are added after registries were created. Some metrics will be missing from the reporter. Please add reporter before adding any new registry.
2023-07-12 21:53:17,124 [main] INFO  impl.MetricsSystemImpl (MetricsSystemImpl.java:init(158)) - HddsDatanode metrics system started (again)
2023-07-12 21:53:17,144 [main] INFO  ozone.HddsDatanodeService (HddsDatanodeService.java:start(237)) - HddsDatanodeService host:fv-az670-842.vvj1krob40nuzn3jnzu5queufe.phxx.internal.cloudapp.net ip:10.1.0.20
2023-07-12 21:53:17,177 [main] INFO  upgrade.AbstractLayoutVersionManager (AbstractLayoutVersionManager.java:init(83)) - Initializing Layout version manager with metadata layout = HADOOP_PRC_PORTS_IN_DATANODEDETAILS (version = 7), software layout = HADOOP_PRC_PORTS_IN_DATANODEDETAILS (version = 7)
2023-07-12 21:53:17,179 [main] INFO  statemachine.DatanodeStateMachine (DatanodeStateMachine.java:getEndPointTaskThreadPoolSize(279)) - Datanode State Machine Task Thread Pool size 2
2023-07-12 21:53:17,261 [main] INFO  volume.HddsVolume (HddsVolume.java:<init>(133)) - Creating HddsVolume: /home/runner/work/ozone/ozone/hadoop-ozone/integration-test/target/test-dir/MiniOzoneClusterImpl-45e85e01-d716-41a3-b7bb-c5caf1d85614/datanode-0/data-0/containers/hdds of storage type : DISK capacity : 9223372036854775807
2023-07-12 21:53:17,263 [main] INFO  volume.MutableVolumeSet (MutableVolumeSet.java:initializeVolumeSet(175)) - Added Volume : /home/runner/work/ozone/ozone/hadoop-ozone/integration-test/target/test-dir/MiniOzoneClusterImpl-45e85e01-d716-41a3-b7bb-c5caf1d85614/datanode-0/data-0/containers/hdds to VolumeSet
2023-07-12 21:53:17,264 [main] INFO  volume.ThrottledAsyncChecker (ThrottledAsyncChecker.java:schedule(141)) - Scheduling a check for /home/runner/work/ozone/ozone/hadoop-ozone/integration-test/target/test-dir/MiniOzoneClusterImpl-45e85e01-d716-41a3-b7bb-c5caf1d85614/datanode-0/data-0/containers/hdds
2023-07-12 21:53:17,277 [main] INFO  volume.StorageVolumeChecker (StorageVolumeChecker.java:checkAllVolumes(202)) - Scheduled health check for volume /home/runner/work/ozone/ozone/hadoop-ozone/integration-test/target/test-dir/MiniOzoneClusterImpl-45e85e01-d716-41a3-b7bb-c5caf1d85614/datanode-0/data-0/containers/hdds
2023-07-12 21:53:17,284 [main] INFO  volume.MutableVolumeSet (MutableVolumeSet.java:initializeVolumeSet(175)) - Added Volume : /home/runner/work/ozone/ozone/hadoop-ozone/integration-test/target/test-dir/MiniOzoneClusterImpl-45e85e01-d716-41a3-b7bb-c5caf1d85614/datanode-0/data/ratis to VolumeSet
2023-07-12 21:53:17,284 [main] INFO  volume.ThrottledAsyncChecker (ThrottledAsyncChecker.java:schedule(141)) - Scheduling a check for /home/runner/work/ozone/ozone/hadoop-ozone/integration-test/target/test-dir/MiniOzoneClusterImpl-45e85e01-d716-41a3-b7bb-c5caf1d85614/datanode-0/data/ratis
2023-07-12 21:53:17,284 [main] INFO  volume.StorageVolumeChecker (StorageVolumeChecker.java:checkAllVolumes(202)) - Scheduled health check for volume /home/runner/work/ozone/ozone/hadoop-ozone/integration-test/target/test-dir/MiniOzoneClusterImpl-45e85e01-d716-41a3-b7bb-c5caf1d85614/datanode-0/data/ratis
2023-07-12 21:53:17,296 [Thread-139] INFO  ozoneimpl.ContainerReader (ContainerReader.java:readVolume(175)) - Finish verifying containers on volume /home/runner/work/ozone/ozone/hadoop-ozone/integration-test/target/test-dir/MiniOzoneClusterImpl-45e85e01-d716-41a3-b7bb-c5caf1d85614/datanode-0/data-0/containers/hdds
2023-07-12 21:53:17,297 [main] INFO  ozoneimpl.OzoneContainer (OzoneContainer.java:buildContainerSet(316)) - Build ContainerSet costs 0s
2023-07-12 21:53:17,342 [main] INFO  audit.AuditLogger (AuditLogger.java:refreshDebugCmdSet(126)) - Refresh DebugCmdSet for DNAudit to [].
2023-07-12 21:53:17,367 [main] INFO  server.RaftServer (ConfUtils.java:logGet(46)) - raft.rpc.type = GRPC (default)
2023-07-12 21:53:17,367 [main] INFO  grpc.GrpcConfigKeys (ConfUtils.java:logFallback(53)) - raft.grpc.admin.host = null (fallback to raft.grpc.server.host)
2023-07-12 21:53:17,368 [main] INFO  grpc.GrpcConfigKeys (ConfUtils.java:logGet(46)) - raft.grpc.admin.port = 15013 (custom)
2023-07-12 21:53:17,368 [main] INFO  grpc.GrpcConfigKeys (ConfUtils.java:logFallback(53)) - raft.grpc.client.host = null (fallback to raft.grpc.server.host)
2023-07-12 21:53:17,368 [main] INFO  grpc.GrpcConfigKeys (ConfUtils.java:logGet(46)) - raft.grpc.client.port = 15012 (custom)
2023-07-12 21:53:17,368 [main] INFO  grpc.GrpcConfigKeys (ConfUtils.java:logGet(46)) - raft.grpc.server.host = null (default)
2023-07-12 21:53:17,368 [main] INFO  grpc.GrpcConfigKeys (ConfUtils.java:logGet(46)) - raft.grpc.server.port = 15014 (custom)
2023-07-12 21:53:17,369 [main] INFO  server.GrpcService (ConfUtils.java:logGet(46)) - raft.grpc.message.size.max = 32MB (=33554432) (custom)
2023-07-12 21:53:17,369 [main] INFO  server.RaftServerConfigKeys (ConfUtils.java:logGet(46)) - raft.server.log.appender.buffer.byte-limit = 33554432 (custom)
2023-07-12 21:53:17,369 [main] INFO  server.GrpcService (ConfUtils.java:logGet(46)) - raft.grpc.flow.control.window = 5MB (=5242880) (custom)
2023-07-12 21:53:17,369 [main] INFO  server.RaftServerConfigKeys (ConfUtils.java:logGet(46)) - raft.server.rpc.request.timeout = 60s (custom)
2023-07-12 21:53:17,369 [main] INFO  grpc.GrpcConfigKeys (ConfUtils.java:logGet(46)) - raft.grpc.server.heartbeat.channel = true (default)
2023-07-12 21:53:17,369 [main] INFO  grpc.GrpcConfigKeys (ConfUtils.java:logGet(46)) - raft.grpc.server.async.request.thread.pool.cached = true (default)
2023-07-12 21:53:17,370 [main] INFO  grpc.GrpcConfigKeys (ConfUtils.java:logGet(46)) - raft.grpc.server.async.request.thread.pool.size = 32 (default)
2023-07-12 21:53:17,372 [main] INFO  impl.DataStreamServerImpl (ConfUtils.java:logGet(46)) - raft.datastream.type = NETTY (custom)
2023-07-12 21:53:17,379 [main] INFO  server.RaftServerConfigKeys (ConfUtils.java:logGet(46)) - raft.server.data-stream.async.request.thread.pool.cached = false (default)
2023-07-12 21:53:17,380 [main] INFO  server.RaftServerConfigKeys (ConfUtils.java:logGet(46)) - raft.server.data-stream.async.request.thread.pool.size = 20 (custom)
2023-07-12 21:53:17,380 [main] INFO  server.RaftServerConfigKeys (ConfUtils.java:logGet(46)) - raft.server.data-stream.async.write.thread.pool.size = 16 (default)
2023-07-12 21:53:17,381 [main] INFO  server.RaftServerConfigKeys (ConfUtils.java:logGet(46)) - raft.server.data-stream.client.pool.size = 10 (default)
2023-07-12 21:53:17,383 [main] INFO  netty.NettyConfigKeys$DataStream (ConfUtils.java:logGet(46)) - raft.netty.dataStream.server.use-epoll = false (default)
2023-07-12 21:53:17,384 [main] INFO  netty.NettyConfigKeys$DataStream (ConfUtils.java:logGet(46)) - raft.netty.dataStream.server.boss-group.size = 0 (default)
2023-07-12 21:53:17,389 [main] INFO  netty.NettyConfigKeys$DataStream (ConfUtils.java:logGet(46)) - raft.netty.dataStream.server.worker-group.size = 0 (default)
2023-07-12 21:53:17,390 [main] INFO  netty.NettyConfigKeys$DataStream (ConfUtils.java:logGet(46)) - raft.netty.dataStream.server.tls.conf = null (default)
2023-07-12 21:53:17,391 [main] INFO  netty.NettyConfigKeys$DataStream (ConfUtils.java:logGet(46)) - raft.netty.dataStream.host = null (default)
2023-07-12 21:53:17,392 [main] INFO  netty.NettyConfigKeys$DataStream (ConfUtils.java:logGet(46)) - raft.netty.dataStream.port = 15015 (custom)
2023-07-12 21:53:17,400 [main] INFO  server.RaftServerConfigKeys (ConfUtils.java:logGet(46)) - raft.server.threadpool.proxy.cached = true (default)
2023-07-12 21:53:17,400 [main] INFO  server.RaftServerConfigKeys (ConfUtils.java:logGet(46)) - raft.server.threadpool.proxy.size = 0 (default)
2023-07-12 21:53:17,400 [main] INFO  server.RaftServerConfigKeys (ConfUtils.java:logGet(46)) - raft.server.rpc.slowness.timeout = 300s (custom)
2023-07-12 21:53:17,400 [main] INFO  server.RaftServerConfigKeys (ConfUtils.java:logGet(46)) - raft.server.leaderelection.leader.step-down.wait-time = 10s (default)
2023-07-12 21:53:17,401 [main] INFO  server.RaftServerConfigKeys (ConfUtils.java:logGet(46)) - raft.server.storage.dir = [/home/runner/work/ozone/ozone/hadoop-ozone/integration-test/target/test-dir/MiniOzoneClusterImpl-45e85e01-d716-41a3-b7bb-c5caf1d85614/datanode-0/data/ratis] (custom)
2023-07-12 21:53:17,413 [d28e7615-a55a-42ee-a6c9-487437356628-NettyServerStreamRpc-bossGroup--thread1] INFO  logging.LoggingHandler (AbstractInternalLogger.java:log(148)) - [id: 0x0c772bb5] REGISTERED
2023-07-12 21:53:17,413 [d28e7615-a55a-42ee-a6c9-487437356628-NettyServerStreamRpc-bossGroup--thread1] INFO  logging.LoggingHandler (AbstractInternalLogger.java:log(148)) - [id: 0x0c772bb5] BIND: 0.0.0.0/0.0.0.0:15015
2023-07-12 21:53:17,414 [d28e7615-a55a-42ee-a6c9-487437356628-NettyServerStreamRpc-bossGroup--thread1] INFO  logging.LoggingHandler (AbstractInternalLogger.java:log(148)) - [id: 0x0c772bb5, L:/0:0:0:0:0:0:0:0:15015] ACTIVE
2023-07-12 21:53:17,419 [main] INFO  server.XceiverServerGrpc (XceiverServerGrpc.java:<init>(132)) - GrpcServer channel type EpollServerSocketChannel
2023-07-12 21:53:17,449 [main] INFO  replication.ReplicationSupervisor (ReplicationSupervisor.java:nodeStateUpdated(305)) - Node state updated to IN_SERVICE, scaling executor pool size to 10
2023-07-12 21:53:17,491 [main] INFO  http.BaseHttpServer (BaseHttpServer.java:newHttpServer2BuilderForOzone(224)) - Starting Web-server for hddsDatanode at: http://0.0.0.0:15009
2023-07-12 21:53:17,491 [main] INFO  http.BaseHttpServer (BaseHttpServer.java:<init>(111)) - Hadoop Security Enabled: false Ozone Security Enabled: false Ozone HTTP Security Enabled: false 
2023-07-12 21:53:17,493 [main] WARN  server.AuthenticationFilter (AuthenticationFilter.java:constructSecretProvider(240)) - Unable to initialize FileSignerSecretProvider, falling back to use random secrets. Reason: Could not read signature secret file: /home/runner/hadoop-http-auth-signature-secret
2023-07-12 21:53:17,493 [main] INFO  http.HttpRequestLog (HttpRequestLog.java:getRequestLog(86)) - Http request log for http.requests.hddsDatanode is not defined
2023-07-12 21:53:17,495 [main] INFO  http.HttpServer2 (HttpServer2.java:addGlobalFilter(1031)) - Added global filter 'safety' (class=org.apache.hadoop.hdds.server.http.HttpServer2$QuotingInputFilter)
2023-07-12 21:53:17,496 [main] INFO  http.HttpServer2 (HttpServer2.java:addFilter(1007)) - Added filter static_user_filter (class=org.apache.hadoop.http.lib.StaticUserWebFilter$StaticUserFilter) to context hddsDatanode
2023-07-12 21:53:17,496 [main] INFO  http.HttpServer2 (HttpServer2.java:addFilter(1015)) - Added filter static_user_filter (class=org.apache.hadoop.http.lib.StaticUserWebFilter$StaticUserFilter) to context logs
2023-07-12 21:53:17,496 [main] INFO  http.HttpServer2 (HttpServer2.java:addFilter(1015)) - Added filter static_user_filter (class=org.apache.hadoop.http.lib.StaticUserWebFilter$StaticUserFilter) to context static
2023-07-12 21:53:17,497 [main] INFO  http.BaseHttpServer (BaseHttpServer.java:<init>(190)) - HTTP server of hddsDatanode uses base directory /home/runner/work/ozone/ozone/hadoop-ozone/integration-test/target/test-dir/MiniOzoneClusterImpl-45e85e01-d716-41a3-b7bb-c5caf1d85614/datanode-0/meta/webserver
2023-07-12 21:53:17,497 [main] INFO  http.HttpServer2 (HttpServer2.java:bindListener(1250)) - Jetty bound to port 15009
2023-07-12 21:53:17,497 [main] INFO  server.Server (Server.java:doStart(375)) - jetty-9.4.51.v20230217; built: 2023-02-17T08:19:37.309Z; git: b45c405e4544384de066f814ed42ae3dceacdd49; jvm 1.8.0_372-b07
2023-07-12 21:53:17,508 [main] INFO  server.session (DefaultSessionIdManager.java:doStart(334)) - DefaultSessionIdManager workerName=node0
2023-07-12 21:53:17,508 [main] INFO  server.session (DefaultSessionIdManager.java:doStart(339)) - No SessionScavenger set, using defaults
2023-07-12 21:53:17,509 [main] INFO  server.session (HouseKeeper.java:startScavenging(132)) - node0 Scavenging every 600000ms
2023-07-12 21:53:17,510 [main] INFO  handler.ContextHandler (ContextHandler.java:doStart(921)) - Started o.e.j.s.ServletContextHandler@5d664d50{logs,/logs,file:///home/runner/work/ozone/ozone/hadoop-ozone/integration-test/target/log,AVAILABLE}
2023-07-12 21:53:17,510 [main] INFO  handler.ContextHandler (ContextHandler.java:doStart(921)) - Started o.e.j.s.ServletContextHandler@744200de{static,/static,jar:file:/home/runner/.m2/repository/org/apache/ozone/hdds-container-service/1.4.0-SNAPSHOT/hdds-container-service-1.4.0-SNAPSHOT.jar!/webapps/static,AVAILABLE}
2023-07-12 21:53:17,768 [main] INFO  handler.ContextHandler (ContextHandler.java:doStart(921)) - Started o.e.j.w.WebAppContext@5b36d706{hddsDatanode,/,file:///home/runner/work/ozone/ozone/hadoop-ozone/integration-test/target/test-dir/MiniOzoneClusterImpl-45e85e01-d716-41a3-b7bb-c5caf1d85614/datanode-0/meta/webserver/jetty-0_0_0_0-15009-hdds-container-service-1_4_0-SNAPSHOT_jar-_-any-6930332821314350607/webapp/,AVAILABLE}{jar:file:/home/runner/.m2/repository/org/apache/ozone/hdds-container-service/1.4.0-SNAPSHOT/hdds-container-service-1.4.0-SNAPSHOT.jar!/webapps/hddsDatanode}
2023-07-12 21:53:17,786 [main] INFO  server.AbstractConnector (AbstractConnector.java:doStart(333)) - Started ServerConnector@7678bf95{HTTP/1.1, (http/1.1)}{0.0.0.0:15009}
2023-07-12 21:53:17,786 [main] INFO  server.Server (Server.java:doStart(415)) - Started @8043ms
2023-07-12 21:53:17,786 [main] WARN  impl.MetricsSystemImpl (MetricsSystemImpl.java:register(279)) - Sink prometheus already exists!
2023-07-12 21:53:17,787 [main] INFO  http.BaseHttpServer (BaseHttpServer.java:updateConnectorAddress(344)) - HTTP server of hddsDatanode listening at http://0.0.0.0:15009
2023-07-12 21:53:17,790 [main] INFO  ipc.CallQueueManager (CallQueueManager.java:<init>(90)) - Using callQueue: class java.util.concurrent.LinkedBlockingQueue, queueCapacity: 100, scheduler: class org.apache.hadoop.ipc.DefaultRpcScheduler, ipcBackoff: false.
2023-07-12 21:53:17,791 [main] INFO  ipc.Server (Server.java:<init>(1287)) - Listener at 0.0.0.0:15010
2023-07-12 21:53:17,791 [Socket Reader #1 for port 15010] INFO  ipc.Server (Server.java:run(1323)) - Starting Socket Reader #1 for port 15010
2023-07-12 21:53:17,793 [main] INFO  ozone.HddsDatanodeService (HddsDatanodeService.java:start(315)) - Datanode start with admins: [runner]
2023-07-12 21:53:17,794 [main] INFO  ozone.HddsDatanodeClientProtocolServer (HddsDatanodeClientProtocolServer.java:start(72)) - RPC server for Client /0.0.0.0:15010
2023-07-12 21:53:17,794 [IPC Server Responder] INFO  ipc.Server (Server.java:run(1562)) - IPC Server Responder: starting
2023-07-12 21:53:17,798 [IPC Server listener on 15010] INFO  ipc.Server (Server.java:run(1402)) - IPC Server listener on 15010: starting
2023-07-12 21:53:17,798 [main] WARN  impl.MetricRegistriesImpl (MetricRegistriesImpl.java:addReporterRegistration(111)) - New reporters are added after registries were created. Some metrics will be missing from the reporter. Please add reporter before adding any new registry.
2023-07-12 21:53:17,798 [Datanode State Machine Daemon Thread] INFO  statemachine.DatanodeStateMachine (DatanodeStateMachine.java:lambda$startDaemon$0(531)) - Ozone container server started.
2023-07-12 21:53:17,799 [main] WARN  impl.MetricRegistriesImpl (MetricRegistriesImpl.java:addReporterRegistration(111)) - New reporters are added after registries were created. Some metrics will be missing from the reporter. Please add reporter before adding any new registry.
2023-07-12 21:53:17,801 [main] INFO  impl.MetricsSystemImpl (MetricsSystemImpl.java:init(158)) - HddsDatanode metrics system started (again)
2023-07-12 21:53:17,813 [main] INFO  ozone.HddsDatanodeService (HddsDatanodeService.java:start(237)) - HddsDatanodeService host:fv-az670-842.vvj1krob40nuzn3jnzu5queufe.phxx.internal.cloudapp.net ip:10.1.0.20
2023-07-12 21:53:17,851 [main] INFO  upgrade.AbstractLayoutVersionManager (AbstractLayoutVersionManager.java:init(83)) - Initializing Layout version manager with metadata layout = HADOOP_PRC_PORTS_IN_DATANODEDETAILS (version = 7), software layout = HADOOP_PRC_PORTS_IN_DATANODEDETAILS (version = 7)
2023-07-12 21:53:17,852 [main] INFO  statemachine.DatanodeStateMachine (DatanodeStateMachine.java:getEndPointTaskThreadPoolSize(279)) - Datanode State Machine Task Thread Pool size 2
2023-07-12 21:53:17,867 [main] INFO  volume.HddsVolume (HddsVolume.java:<init>(133)) - Creating HddsVolume: /home/runner/work/ozone/ozone/hadoop-ozone/integration-test/target/test-dir/MiniOzoneClusterImpl-45e85e01-d716-41a3-b7bb-c5caf1d85614/datanode-1/data-0/containers/hdds of storage type : DISK capacity : 9223372036854775807
2023-07-12 21:53:17,867 [main] INFO  volume.MutableVolumeSet (MutableVolumeSet.java:initializeVolumeSet(175)) - Added Volume : /home/runner/work/ozone/ozone/hadoop-ozone/integration-test/target/test-dir/MiniOzoneClusterImpl-45e85e01-d716-41a3-b7bb-c5caf1d85614/datanode-1/data-0/containers/hdds to VolumeSet
2023-07-12 21:53:17,867 [main] INFO  volume.ThrottledAsyncChecker (ThrottledAsyncChecker.java:schedule(141)) - Scheduling a check for /home/runner/work/ozone/ozone/hadoop-ozone/integration-test/target/test-dir/MiniOzoneClusterImpl-45e85e01-d716-41a3-b7bb-c5caf1d85614/datanode-1/data-0/containers/hdds
2023-07-12 21:53:17,868 [main] INFO  volume.StorageVolumeChecker (StorageVolumeChecker.java:checkAllVolumes(202)) - Scheduled health check for volume /home/runner/work/ozone/ozone/hadoop-ozone/integration-test/target/test-dir/MiniOzoneClusterImpl-45e85e01-d716-41a3-b7bb-c5caf1d85614/datanode-1/data-0/containers/hdds
2023-07-12 21:53:17,873 [main] INFO  volume.MutableVolumeSet (MutableVolumeSet.java:initializeVolumeSet(175)) - Added Volume : /home/runner/work/ozone/ozone/hadoop-ozone/integration-test/target/test-dir/MiniOzoneClusterImpl-45e85e01-d716-41a3-b7bb-c5caf1d85614/datanode-1/data/ratis to VolumeSet
2023-07-12 21:53:17,873 [main] INFO  volume.ThrottledAsyncChecker (ThrottledAsyncChecker.java:schedule(141)) - Scheduling a check for /home/runner/work/ozone/ozone/hadoop-ozone/integration-test/target/test-dir/MiniOzoneClusterImpl-45e85e01-d716-41a3-b7bb-c5caf1d85614/datanode-1/data/ratis
2023-07-12 21:53:17,877 [main] INFO  volume.StorageVolumeChecker (StorageVolumeChecker.java:checkAllVolumes(202)) - Scheduled health check for volume /home/runner/work/ozone/ozone/hadoop-ozone/integration-test/target/test-dir/MiniOzoneClusterImpl-45e85e01-d716-41a3-b7bb-c5caf1d85614/datanode-1/data/ratis
2023-07-12 21:53:17,883 [Thread-156] INFO  ozoneimpl.ContainerReader (ContainerReader.java:readVolume(175)) - Finish verifying containers on volume /home/runner/work/ozone/ozone/hadoop-ozone/integration-test/target/test-dir/MiniOzoneClusterImpl-45e85e01-d716-41a3-b7bb-c5caf1d85614/datanode-1/data-0/containers/hdds
2023-07-12 21:53:17,884 [main] INFO  ozoneimpl.OzoneContainer (OzoneContainer.java:buildContainerSet(316)) - Build ContainerSet costs 0s
2023-07-12 21:53:17,887 [main] INFO  server.RaftServer (ConfUtils.java:logGet(46)) - raft.rpc.type = GRPC (default)
2023-07-12 21:53:17,887 [main] INFO  grpc.GrpcConfigKeys (ConfUtils.java:logFallback(53)) - raft.grpc.admin.host = null (fallback to raft.grpc.server.host)
2023-07-12 21:53:17,887 [main] INFO  grpc.GrpcConfigKeys (ConfUtils.java:logGet(46)) - raft.grpc.admin.port = 15022 (custom)
2023-07-12 21:53:17,888 [main] INFO  grpc.GrpcConfigKeys (ConfUtils.java:logFallback(53)) - raft.grpc.client.host = null (fallback to raft.grpc.server.host)
2023-07-12 21:53:17,888 [main] INFO  grpc.GrpcConfigKeys (ConfUtils.java:logGet(46)) - raft.grpc.client.port = 15021 (custom)
2023-07-12 21:53:17,888 [main] INFO  grpc.GrpcConfigKeys (ConfUtils.java:logGet(46)) - raft.grpc.server.host = null (default)
2023-07-12 21:53:17,888 [main] INFO  grpc.GrpcConfigKeys (ConfUtils.java:logGet(46)) - raft.grpc.server.port = 15023 (custom)
2023-07-12 21:53:17,888 [main] INFO  server.GrpcService (ConfUtils.java:logGet(46)) - raft.grpc.message.size.max = 32MB (=33554432) (custom)
2023-07-12 21:53:17,888 [main] INFO  server.RaftServerConfigKeys (ConfUtils.java:logGet(46)) - raft.server.log.appender.buffer.byte-limit = 33554432 (custom)
2023-07-12 21:53:17,888 [main] INFO  server.GrpcService (ConfUtils.java:logGet(46)) - raft.grpc.flow.control.window = 5MB (=5242880) (custom)
2023-07-12 21:53:17,889 [main] INFO  server.RaftServerConfigKeys (ConfUtils.java:logGet(46)) - raft.server.rpc.request.timeout = 60s (custom)
2023-07-12 21:53:17,890 [main] INFO  grpc.GrpcConfigKeys (ConfUtils.java:logGet(46)) - raft.grpc.server.heartbeat.channel = true (default)
2023-07-12 21:53:17,890 [main] INFO  grpc.GrpcConfigKeys (ConfUtils.java:logGet(46)) - raft.grpc.server.async.request.thread.pool.cached = true (default)
2023-07-12 21:53:17,890 [main] INFO  grpc.GrpcConfigKeys (ConfUtils.java:logGet(46)) - raft.grpc.server.async.request.thread.pool.size = 32 (default)
2023-07-12 21:53:17,894 [main] INFO  impl.DataStreamServerImpl (ConfUtils.java:logGet(46)) - raft.datastream.type = NETTY (custom)
2023-07-12 21:53:17,896 [main] INFO  server.RaftServerConfigKeys (ConfUtils.java:logGet(46)) - raft.server.data-stream.async.request.thread.pool.cached = false (default)
2023-07-12 21:53:17,896 [main] INFO  server.RaftServerConfigKeys (ConfUtils.java:logGet(46)) - raft.server.data-stream.async.request.thread.pool.size = 20 (custom)
2023-07-12 21:53:17,896 [main] INFO  server.RaftServerConfigKeys (ConfUtils.java:logGet(46)) - raft.server.data-stream.async.write.thread.pool.size = 16 (default)
2023-07-12 21:53:17,896 [main] INFO  server.RaftServerConfigKeys (ConfUtils.java:logGet(46)) - raft.server.data-stream.client.pool.size = 10 (default)
2023-07-12 21:53:17,896 [main] INFO  netty.NettyConfigKeys$DataStream (ConfUtils.java:logGet(46)) - raft.netty.dataStream.server.use-epoll = false (default)
2023-07-12 21:53:17,898 [main] INFO  netty.NettyConfigKeys$DataStream (ConfUtils.java:logGet(46)) - raft.netty.dataStream.server.boss-group.size = 0 (default)
2023-07-12 21:53:17,898 [main] INFO  netty.NettyConfigKeys$DataStream (ConfUtils.java:logGet(46)) - raft.netty.dataStream.server.worker-group.size = 0 (default)
2023-07-12 21:53:17,899 [main] INFO  netty.NettyConfigKeys$DataStream (ConfUtils.java:logGet(46)) - raft.netty.dataStream.server.tls.conf = null (default)
2023-07-12 21:53:17,900 [main] INFO  netty.NettyConfigKeys$DataStream (ConfUtils.java:logGet(46)) - raft.netty.dataStream.host = null (default)
2023-07-12 21:53:17,900 [main] INFO  netty.NettyConfigKeys$DataStream (ConfUtils.java:logGet(46)) - raft.netty.dataStream.port = 15024 (custom)
2023-07-12 21:53:17,905 [main] INFO  server.RaftServerConfigKeys (ConfUtils.java:logGet(46)) - raft.server.threadpool.proxy.cached = true (default)
2023-07-12 21:53:17,905 [main] INFO  server.RaftServerConfigKeys (ConfUtils.java:logGet(46)) - raft.server.threadpool.proxy.size = 0 (default)
2023-07-12 21:53:17,906 [main] INFO  server.RaftServerConfigKeys (ConfUtils.java:logGet(46)) - raft.server.rpc.slowness.timeout = 300s (custom)
2023-07-12 21:53:17,906 [main] INFO  server.RaftServerConfigKeys (ConfUtils.java:logGet(46)) - raft.server.leaderelection.leader.step-down.wait-time = 10s (default)
2023-07-12 21:53:17,906 [main] INFO  server.RaftServerConfigKeys (ConfUtils.java:logGet(46)) - raft.server.storage.dir = [/home/runner/work/ozone/ozone/hadoop-ozone/integration-test/target/test-dir/MiniOzoneClusterImpl-45e85e01-d716-41a3-b7bb-c5caf1d85614/datanode-1/data/ratis] (custom)
2023-07-12 21:53:17,909 [b63666e2-1779-4ee0-a542-9862edee389f-NettyServerStreamRpc-bossGroup--thread1] INFO  logging.LoggingHandler (AbstractInternalLogger.java:log(148)) - [id: 0x3907b8eb] REGISTERED
2023-07-12 21:53:17,910 [b63666e2-1779-4ee0-a542-9862edee389f-NettyServerStreamRpc-bossGroup--thread1] INFO  logging.LoggingHandler (AbstractInternalLogger.java:log(148)) - [id: 0x3907b8eb] BIND: 0.0.0.0/0.0.0.0:15024
2023-07-12 21:53:17,910 [b63666e2-1779-4ee0-a542-9862edee389f-NettyServerStreamRpc-bossGroup--thread1] INFO  logging.LoggingHandler (AbstractInternalLogger.java:log(148)) - [id: 0x3907b8eb, L:/0:0:0:0:0:0:0:0:15024] ACTIVE
2023-07-12 21:53:17,911 [main] INFO  server.XceiverServerGrpc (XceiverServerGrpc.java:<init>(132)) - GrpcServer channel type EpollServerSocketChannel
2023-07-12 21:53:17,915 [main] INFO  replication.ReplicationSupervisor (ReplicationSupervisor.java:nodeStateUpdated(305)) - Node state updated to IN_SERVICE, scaling executor pool size to 10
2023-07-12 21:53:17,923 [main] INFO  http.BaseHttpServer (BaseHttpServer.java:newHttpServer2BuilderForOzone(224)) - Starting Web-server for hddsDatanode at: http://0.0.0.0:15018
2023-07-12 21:53:17,923 [main] INFO  http.BaseHttpServer (BaseHttpServer.java:<init>(111)) - Hadoop Security Enabled: false Ozone Security Enabled: false Ozone HTTP Security Enabled: false 
2023-07-12 21:53:17,926 [main] WARN  server.AuthenticationFilter (AuthenticationFilter.java:constructSecretProvider(240)) - Unable to initialize FileSignerSecretProvider, falling back to use random secrets. Reason: Could not read signature secret file: /home/runner/hadoop-http-auth-signature-secret
2023-07-12 21:53:17,929 [main] INFO  http.HttpRequestLog (HttpRequestLog.java:getRequestLog(86)) - Http request log for http.requests.hddsDatanode is not defined
2023-07-12 21:53:17,932 [main] INFO  http.HttpServer2 (HttpServer2.java:addGlobalFilter(1031)) - Added global filter 'safety' (class=org.apache.hadoop.hdds.server.http.HttpServer2$QuotingInputFilter)
2023-07-12 21:53:17,934 [main] INFO  http.HttpServer2 (HttpServer2.java:addFilter(1007)) - Added filter static_user_filter (class=org.apache.hadoop.http.lib.StaticUserWebFilter$StaticUserFilter) to context hddsDatanode
2023-07-12 21:53:17,934 [main] INFO  http.HttpServer2 (HttpServer2.java:addFilter(1015)) - Added filter static_user_filter (class=org.apache.hadoop.http.lib.StaticUserWebFilter$StaticUserFilter) to context static
2023-07-12 21:53:17,934 [main] INFO  http.HttpServer2 (HttpServer2.java:addFilter(1015)) - Added filter static_user_filter (class=org.apache.hadoop.http.lib.StaticUserWebFilter$StaticUserFilter) to context logs
2023-07-12 21:53:17,938 [om1@group-C5BA1605619E-FollowerState] INFO  impl.FollowerState (FollowerState.java:run(143)) - om1@group-C5BA1605619E-FollowerState: change to CANDIDATE, lastRpcElapsedTime:1048658831ns, electionTimeout:1038ms
2023-07-12 21:53:17,940 [om1@group-C5BA1605619E-FollowerState] INFO  impl.RoleInfo (RoleInfo.java:shutdownFollowerState(110)) - om1: shutdown om1@group-C5BA1605619E-FollowerState
2023-07-12 21:53:17,941 [om1@group-C5BA1605619E-FollowerState] INFO  server.RaftServer$Division (RaftServerImpl.java:setRole(329)) - om1@group-C5BA1605619E: changes role from  FOLLOWER to CANDIDATE at term 0 for changeToCandidate
2023-07-12 21:53:17,942 [main] INFO  http.BaseHttpServer (BaseHttpServer.java:<init>(190)) - HTTP server of hddsDatanode uses base directory /home/runner/work/ozone/ozone/hadoop-ozone/integration-test/target/test-dir/MiniOzoneClusterImpl-45e85e01-d716-41a3-b7bb-c5caf1d85614/datanode-1/meta/webserver
2023-07-12 21:53:17,942 [main] INFO  http.HttpServer2 (HttpServer2.java:bindListener(1250)) - Jetty bound to port 15018
2023-07-12 21:53:17,942 [main] INFO  server.Server (Server.java:doStart(375)) - jetty-9.4.51.v20230217; built: 2023-02-17T08:19:37.309Z; git: b45c405e4544384de066f814ed42ae3dceacdd49; jvm 1.8.0_372-b07
2023-07-12 21:53:17,946 [main] INFO  server.session (DefaultSessionIdManager.java:doStart(334)) - DefaultSessionIdManager workerName=node0
2023-07-12 21:53:17,946 [main] INFO  server.session (DefaultSessionIdManager.java:doStart(339)) - No SessionScavenger set, using defaults
2023-07-12 21:53:17,946 [main] INFO  server.session (HouseKeeper.java:startScavenging(132)) - node0 Scavenging every 660000ms
2023-07-12 21:53:17,947 [main] INFO  handler.ContextHandler (ContextHandler.java:doStart(921)) - Started o.e.j.s.ServletContextHandler@15b4f6b3{logs,/logs,file:///home/runner/work/ozone/ozone/hadoop-ozone/integration-test/target/log,AVAILABLE}
2023-07-12 21:53:17,948 [main] INFO  handler.ContextHandler (ContextHandler.java:doStart(921)) - Started o.e.j.s.ServletContextHandler@59c66ec5{static,/static,jar:file:/home/runner/.m2/repository/org/apache/ozone/hdds-container-service/1.4.0-SNAPSHOT/hdds-container-service-1.4.0-SNAPSHOT.jar!/webapps/static,AVAILABLE}
2023-07-12 21:53:17,954 [om1@group-C5BA1605619E-FollowerState] INFO  server.RaftServerConfigKeys (ConfUtils.java:logGet(46)) - raft.server.leaderelection.pre-vote = true (default)
2023-07-12 21:53:17,955 [om1@group-C5BA1605619E-FollowerState] INFO  impl.RoleInfo (RoleInfo.java:updateAndGet(139)) - om1: start om1@group-C5BA1605619E-LeaderElection1
2023-07-12 21:53:17,965 [Datanode State Machine Task Thread - 0] INFO  datanode.InitDatanodeState (InitDatanodeState.java:persistContainerDatanodeDetails(138)) - DatanodeDetails is persisted to /home/runner/work/ozone/ozone/hadoop-ozone/integration-test/target/test-dir/MiniOzoneClusterImpl-45e85e01-d716-41a3-b7bb-c5caf1d85614/datanode-0/meta/datanode.id
2023-07-12 21:53:17,969 [om1@group-C5BA1605619E-LeaderElection1] INFO  impl.LeaderElection (LeaderElection.java:askForVotes(321)) - om1@group-C5BA1605619E-LeaderElection1 PRE_VOTE round 0: submit vote requests at term 0 for -1: peers:[om1|rpc:localhost:15007|priority:0|startupRole:FOLLOWER]|listeners:[], old=null
2023-07-12 21:53:17,971 [om1@group-C5BA1605619E-LeaderElection1] INFO  impl.LeaderElection (LeaderElection.java:askForVotes(323)) - om1@group-C5BA1605619E-LeaderElection1 PRE_VOTE round 0: result PASSED (term=0)
2023-07-12 21:53:17,973 [om1@group-C5BA1605619E-LeaderElection1] INFO  impl.LeaderElection (LeaderElection.java:askForVotes(321)) - om1@group-C5BA1605619E-LeaderElection1 ELECTION round 0: submit vote requests at term 1 for -1: peers:[om1|rpc:localhost:15007|priority:0|startupRole:FOLLOWER]|listeners:[], old=null
2023-07-12 21:53:17,973 [om1@group-C5BA1605619E-LeaderElection1] INFO  impl.LeaderElection (LeaderElection.java:askForVotes(323)) - om1@group-C5BA1605619E-LeaderElection1 ELECTION round 0: result PASSED (term=1)
2023-07-12 21:53:17,973 [om1@group-C5BA1605619E-LeaderElection1] INFO  impl.RoleInfo (RoleInfo.java:shutdownLeaderElection(130)) - om1: shutdown om1@group-C5BA1605619E-LeaderElection1
2023-07-12 21:53:17,973 [om1@group-C5BA1605619E-LeaderElection1] INFO  server.RaftServer$Division (RaftServerImpl.java:setRole(329)) - om1@group-C5BA1605619E: changes role from CANDIDATE to LEADER at term 1 for changeToLeader
2023-07-12 21:53:17,976 [om1@group-C5BA1605619E-LeaderElection1] INFO  server.RaftServer$Division (ServerState.java:setLeader(317)) - om1@group-C5BA1605619E: change Leader from null to om1 at term 1 for becomeLeader, leader elected after 2008ms
2023-07-12 21:53:17,982 [om1@group-C5BA1605619E-LeaderElection1] INFO  server.RaftServerConfigKeys (ConfUtils.java:logGet(46)) - raft.server.staging.catchup.gap = 1000 (default)
2023-07-12 21:53:17,986 [om1@group-C5BA1605619E-LeaderElection1] INFO  server.RaftServerConfigKeys (ConfUtils.java:logGet(46)) - raft.server.write.element-limit = 4096 (default)
2023-07-12 21:53:17,986 [om1@group-C5BA1605619E-LeaderElection1] INFO  server.RaftServerConfigKeys (ConfUtils.java:logGet(46)) - raft.server.write.byte-limit = 64MB (=67108864) (default)
2023-07-12 21:53:17,989 [om1@group-C5BA1605619E-LeaderElection1] INFO  server.RaftServerConfigKeys (ConfUtils.java:logGet(46)) - raft.server.watch.timeout = 10s (default)
2023-07-12 21:53:17,989 [om1@group-C5BA1605619E-LeaderElection1] INFO  server.RaftServerConfigKeys (ConfUtils.java:logGet(46)) - raft.server.watch.timeout.denomination = 1s (default)
2023-07-12 21:53:17,990 [om1@group-C5BA1605619E-LeaderElection1] INFO  server.RaftServerConfigKeys (ConfUtils.java:logGet(46)) - raft.server.watch.element-limit = 65536 (default)
2023-07-12 21:53:17,994 [om1@group-C5BA1605619E-LeaderElection1] INFO  server.RaftServerConfigKeys (ConfUtils.java:logGet(46)) - raft.server.write.element-limit = 4096 (default)
2023-07-12 21:53:17,995 [om1@group-C5BA1605619E-LeaderElection1] INFO  server.RaftServerConfigKeys (ConfUtils.java:logGet(46)) - raft.server.write.follower.gap.ratio.max = -1.0 (default)
2023-07-12 21:53:17,996 [om1@group-C5BA1605619E-LeaderElection1] INFO  impl.RoleInfo (RoleInfo.java:updateAndGet(139)) - om1: start om1@group-C5BA1605619E-LeaderStateImpl
2023-07-12 21:53:18,017 [om1@group-C5BA1605619E-LeaderElection1] INFO  segmented.SegmentedRaftLogWorker (SegmentedRaftLogWorker.java:startLogSegment(447)) - om1@group-C5BA1605619E-SegmentedRaftLogWorker: Starting segment from index:0
2023-07-12 21:53:18,070 [om1@group-C5BA1605619E-LeaderElection1] INFO  server.RaftServer$Division (ServerState.java:setRaftConf(434)) - om1@group-C5BA1605619E: set configuration 0: peers:[om1|rpc:localhost:15007|admin:|client:|dataStream:|priority:0|startupRole:FOLLOWER]|listeners:[], old=null
2023-07-12 21:53:18,131 [om1@group-C5BA1605619E-SegmentedRaftLogWorker] INFO  segmented.SegmentedRaftLogWorker (SegmentedRaftLogWorker.java:execute(651)) - om1@group-C5BA1605619E-SegmentedRaftLogWorker: created new log segment /home/runner/work/ozone/ozone/hadoop-ozone/integration-test/target/test-dir/MiniOzoneClusterImpl-45e85e01-d716-41a3-b7bb-c5caf1d85614/ozone-meta/ratis/bf265839-605b-3f16-9796-c5ba1605619e/current/log_inprogress_0
2023-07-12 21:53:18,253 [om1@group-C5BA1605619E-StateMachineUpdater] INFO  ratis.OzoneManagerStateMachine (OzoneManagerStateMachine.java:notifyConfigurationChanged(201)) - Received Configuration change notification from Ratis. New Peer list:
[id: "om1"
address: "localhost:15007"
startupRole: FOLLOWER
]
2023-07-12 21:53:18,281 [main] INFO  handler.ContextHandler (ContextHandler.java:doStart(921)) - Started o.e.j.w.WebAppContext@1f70777b{hddsDatanode,/,file:///home/runner/work/ozone/ozone/hadoop-ozone/integration-test/target/test-dir/MiniOzoneClusterImpl-45e85e01-d716-41a3-b7bb-c5caf1d85614/datanode-1/meta/webserver/jetty-0_0_0_0-15018-hdds-container-service-1_4_0-SNAPSHOT_jar-_-any-5342409860629242747/webapp/,AVAILABLE}{jar:file:/home/runner/.m2/repository/org/apache/ozone/hdds-container-service/1.4.0-SNAPSHOT/hdds-container-service-1.4.0-SNAPSHOT.jar!/webapps/hddsDatanode}
2023-07-12 21:53:18,282 [main] INFO  server.AbstractConnector (AbstractConnector.java:doStart(333)) - Started ServerConnector@5ce0d1aa{HTTP/1.1, (http/1.1)}{0.0.0.0:15018}
2023-07-12 21:53:18,283 [main] INFO  server.Server (Server.java:doStart(415)) - Started @8540ms
2023-07-12 21:53:18,283 [main] WARN  impl.MetricsSystemImpl (MetricsSystemImpl.java:register(279)) - Sink prometheus already exists!
2023-07-12 21:53:18,283 [main] INFO  http.BaseHttpServer (BaseHttpServer.java:updateConnectorAddress(344)) - HTTP server of hddsDatanode listening at http://0.0.0.0:15018
2023-07-12 21:53:18,284 [main] INFO  ipc.CallQueueManager (CallQueueManager.java:<init>(90)) - Using callQueue: class java.util.concurrent.LinkedBlockingQueue, queueCapacity: 100, scheduler: class org.apache.hadoop.ipc.DefaultRpcScheduler, ipcBackoff: false.
2023-07-12 21:53:18,284 [main] INFO  ipc.Server (Server.java:<init>(1287)) - Listener at 0.0.0.0:15019
2023-07-12 21:53:18,284 [Socket Reader #1 for port 15019] INFO  ipc.Server (Server.java:run(1323)) - Starting Socket Reader #1 for port 15019
2023-07-12 21:53:18,286 [main] INFO  ozone.HddsDatanodeService (HddsDatanodeService.java:start(315)) - Datanode start with admins: [runner]
2023-07-12 21:53:18,289 [main] INFO  ozone.HddsDatanodeClientProtocolServer (HddsDatanodeClientProtocolServer.java:start(72)) - RPC server for Client /0.0.0.0:15019
2023-07-12 21:53:18,289 [IPC Server Responder] INFO  ipc.Server (Server.java:run(1562)) - IPC Server Responder: starting
2023-07-12 21:53:18,290 [IPC Server listener on 15019] INFO  ipc.Server (Server.java:run(1402)) - IPC Server listener on 15019: starting
2023-07-12 21:53:18,291 [main] WARN  impl.MetricRegistriesImpl (MetricRegistriesImpl.java:addReporterRegistration(111)) - New reporters are added after registries were created. Some metrics will be missing from the reporter. Please add reporter before adding any new registry.
2023-07-12 21:53:18,291 [main] WARN  impl.MetricRegistriesImpl (MetricRegistriesImpl.java:addReporterRegistration(111)) - New reporters are added after registries were created. Some metrics will be missing from the reporter. Please add reporter before adding any new registry.
2023-07-12 21:53:18,291 [main] INFO  impl.MetricsSystemImpl (MetricsSystemImpl.java:init(158)) - HddsDatanode metrics system started (again)
2023-07-12 21:53:18,297 [Datanode State Machine Daemon Thread] INFO  statemachine.DatanodeStateMachine (DatanodeStateMachine.java:lambda$startDaemon$0(531)) - Ozone container server started.
2023-07-12 21:53:18,309 [Datanode State Machine Task Thread - 0] INFO  datanode.InitDatanodeState (InitDatanodeState.java:persistContainerDatanodeDetails(138)) - DatanodeDetails is persisted to /home/runner/work/ozone/ozone/hadoop-ozone/integration-test/target/test-dir/MiniOzoneClusterImpl-45e85e01-d716-41a3-b7bb-c5caf1d85614/datanode-1/meta/datanode.id
2023-07-12 21:53:18,314 [main] INFO  ozone.HddsDatanodeService (HddsDatanodeService.java:start(237)) - HddsDatanodeService host:fv-az670-842.vvj1krob40nuzn3jnzu5queufe.phxx.internal.cloudapp.net ip:10.1.0.20
2023-07-12 21:53:18,341 [main] INFO  upgrade.AbstractLayoutVersionManager (AbstractLayoutVersionManager.java:init(83)) - Initializing Layout version manager with metadata layout = HADOOP_PRC_PORTS_IN_DATANODEDETAILS (version = 7), software layout = HADOOP_PRC_PORTS_IN_DATANODEDETAILS (version = 7)
2023-07-12 21:53:18,343 [main] INFO  statemachine.DatanodeStateMachine (DatanodeStateMachine.java:getEndPointTaskThreadPoolSize(279)) - Datanode State Machine Task Thread Pool size 2
2023-07-12 21:53:18,352 [main] INFO  volume.HddsVolume (HddsVolume.java:<init>(133)) - Creating HddsVolume: /home/runner/work/ozone/ozone/hadoop-ozone/integration-test/target/test-dir/MiniOzoneClusterImpl-45e85e01-d716-41a3-b7bb-c5caf1d85614/datanode-2/data-0/containers/hdds of storage type : DISK capacity : 9223372036854775807
2023-07-12 21:53:18,353 [main] INFO  volume.MutableVolumeSet (MutableVolumeSet.java:initializeVolumeSet(175)) - Added Volume : /home/runner/work/ozone/ozone/hadoop-ozone/integration-test/target/test-dir/MiniOzoneClusterImpl-45e85e01-d716-41a3-b7bb-c5caf1d85614/datanode-2/data-0/containers/hdds to VolumeSet
2023-07-12 21:53:18,354 [main] INFO  volume.ThrottledAsyncChecker (ThrottledAsyncChecker.java:schedule(141)) - Scheduling a check for /home/runner/work/ozone/ozone/hadoop-ozone/integration-test/target/test-dir/MiniOzoneClusterImpl-45e85e01-d716-41a3-b7bb-c5caf1d85614/datanode-2/data-0/containers/hdds
2023-07-12 21:53:18,354 [main] INFO  volume.StorageVolumeChecker (StorageVolumeChecker.java:checkAllVolumes(202)) - Scheduled health check for volume /home/runner/work/ozone/ozone/hadoop-ozone/integration-test/target/test-dir/MiniOzoneClusterImpl-45e85e01-d716-41a3-b7bb-c5caf1d85614/datanode-2/data-0/containers/hdds
2023-07-12 21:53:18,357 [main] INFO  volume.MutableVolumeSet (MutableVolumeSet.java:initializeVolumeSet(175)) - Added Volume : /home/runner/work/ozone/ozone/hadoop-ozone/integration-test/target/test-dir/MiniOzoneClusterImpl-45e85e01-d716-41a3-b7bb-c5caf1d85614/datanode-2/data/ratis to VolumeSet
2023-07-12 21:53:18,357 [main] INFO  volume.ThrottledAsyncChecker (ThrottledAsyncChecker.java:schedule(141)) - Scheduling a check for /home/runner/work/ozone/ozone/hadoop-ozone/integration-test/target/test-dir/MiniOzoneClusterImpl-45e85e01-d716-41a3-b7bb-c5caf1d85614/datanode-2/data/ratis
2023-07-12 21:53:18,361 [main] INFO  volume.StorageVolumeChecker (StorageVolumeChecker.java:checkAllVolumes(202)) - Scheduled health check for volume /home/runner/work/ozone/ozone/hadoop-ozone/integration-test/target/test-dir/MiniOzoneClusterImpl-45e85e01-d716-41a3-b7bb-c5caf1d85614/datanode-2/data/ratis
2023-07-12 21:53:18,363 [Thread-175] INFO  ozoneimpl.ContainerReader (ContainerReader.java:readVolume(175)) - Finish verifying containers on volume /home/runner/work/ozone/ozone/hadoop-ozone/integration-test/target/test-dir/MiniOzoneClusterImpl-45e85e01-d716-41a3-b7bb-c5caf1d85614/datanode-2/data-0/containers/hdds
2023-07-12 21:53:18,363 [main] INFO  ozoneimpl.OzoneContainer (OzoneContainer.java:buildContainerSet(316)) - Build ContainerSet costs 0s
2023-07-12 21:53:18,366 [main] INFO  server.RaftServer (ConfUtils.java:logGet(46)) - raft.rpc.type = GRPC (default)
2023-07-12 21:53:18,368 [main] INFO  grpc.GrpcConfigKeys (ConfUtils.java:logFallback(53)) - raft.grpc.admin.host = null (fallback to raft.grpc.server.host)
2023-07-12 21:53:18,368 [main] INFO  grpc.GrpcConfigKeys (ConfUtils.java:logGet(46)) - raft.grpc.admin.port = 15031 (custom)
2023-07-12 21:53:18,368 [main] INFO  grpc.GrpcConfigKeys (ConfUtils.java:logFallback(53)) - raft.grpc.client.host = null (fallback to raft.grpc.server.host)
2023-07-12 21:53:18,368 [main] INFO  grpc.GrpcConfigKeys (ConfUtils.java:logGet(46)) - raft.grpc.client.port = 15030 (custom)
2023-07-12 21:53:18,368 [main] INFO  grpc.GrpcConfigKeys (ConfUtils.java:logGet(46)) - raft.grpc.server.host = null (default)
2023-07-12 21:53:18,368 [main] INFO  grpc.GrpcConfigKeys (ConfUtils.java:logGet(46)) - raft.grpc.server.port = 15032 (custom)
2023-07-12 21:53:18,369 [main] INFO  server.GrpcService (ConfUtils.java:logGet(46)) - raft.grpc.message.size.max = 32MB (=33554432) (custom)
2023-07-12 21:53:18,369 [main] INFO  server.RaftServerConfigKeys (ConfUtils.java:logGet(46)) - raft.server.log.appender.buffer.byte-limit = 33554432 (custom)
2023-07-12 21:53:18,370 [main] INFO  server.GrpcService (ConfUtils.java:logGet(46)) - raft.grpc.flow.control.window = 5MB (=5242880) (custom)
2023-07-12 21:53:18,370 [main] INFO  server.RaftServerConfigKeys (ConfUtils.java:logGet(46)) - raft.server.rpc.request.timeout = 60s (custom)
2023-07-12 21:53:18,370 [main] INFO  grpc.GrpcConfigKeys (ConfUtils.java:logGet(46)) - raft.grpc.server.heartbeat.channel = true (default)
2023-07-12 21:53:18,370 [main] INFO  grpc.GrpcConfigKeys (ConfUtils.java:logGet(46)) - raft.grpc.server.async.request.thread.pool.cached = true (default)
2023-07-12 21:53:18,370 [main] INFO  grpc.GrpcConfigKeys (ConfUtils.java:logGet(46)) - raft.grpc.server.async.request.thread.pool.size = 32 (default)
2023-07-12 21:53:18,372 [main] INFO  impl.DataStreamServerImpl (ConfUtils.java:logGet(46)) - raft.datastream.type = NETTY (custom)
2023-07-12 21:53:18,376 [main] INFO  server.RaftServerConfigKeys (ConfUtils.java:logGet(46)) - raft.server.data-stream.async.request.thread.pool.cached = false (default)
2023-07-12 21:53:18,376 [main] INFO  server.RaftServerConfigKeys (ConfUtils.java:logGet(46)) - raft.server.data-stream.async.request.thread.pool.size = 20 (custom)
2023-07-12 21:53:18,376 [main] INFO  server.RaftServerConfigKeys (ConfUtils.java:logGet(46)) - raft.server.data-stream.async.write.thread.pool.size = 16 (default)
2023-07-12 21:53:18,376 [main] INFO  server.RaftServerConfigKeys (ConfUtils.java:logGet(46)) - raft.server.data-stream.client.pool.size = 10 (default)
2023-07-12 21:53:18,376 [main] INFO  netty.NettyConfigKeys$DataStream (ConfUtils.java:logGet(46)) - raft.netty.dataStream.server.use-epoll = false (default)
2023-07-12 21:53:18,377 [main] INFO  netty.NettyConfigKeys$DataStream (ConfUtils.java:logGet(46)) - raft.netty.dataStream.server.boss-group.size = 0 (default)
2023-07-12 21:53:18,377 [main] INFO  netty.NettyConfigKeys$DataStream (ConfUtils.java:logGet(46)) - raft.netty.dataStream.server.worker-group.size = 0 (default)
2023-07-12 21:53:18,377 [main] INFO  netty.NettyConfigKeys$DataStream (ConfUtils.java:logGet(46)) - raft.netty.dataStream.server.tls.conf = null (default)
2023-07-12 21:53:18,377 [main] INFO  netty.NettyConfigKeys$DataStream (ConfUtils.java:logGet(46)) - raft.netty.dataStream.host = null (default)
2023-07-12 21:53:18,378 [main] INFO  netty.NettyConfigKeys$DataStream (ConfUtils.java:logGet(46)) - raft.netty.dataStream.port = 15033 (custom)
2023-07-12 21:53:18,378 [main] INFO  server.RaftServerConfigKeys (ConfUtils.java:logGet(46)) - raft.server.threadpool.proxy.cached = true (default)
2023-07-12 21:53:18,379 [main] INFO  server.RaftServerConfigKeys (ConfUtils.java:logGet(46)) - raft.server.threadpool.proxy.size = 0 (default)
2023-07-12 21:53:18,379 [main] INFO  server.RaftServerConfigKeys (ConfUtils.java:logGet(46)) - raft.server.rpc.slowness.timeout = 300s (custom)
2023-07-12 21:53:18,379 [main] INFO  server.RaftServerConfigKeys (ConfUtils.java:logGet(46)) - raft.server.leaderelection.leader.step-down.wait-time = 10s (default)
2023-07-12 21:53:18,381 [2503d6b5-7af3-43aa-ac32-7e71e8cb8062-NettyServerStreamRpc-bossGroup--thread1] INFO  logging.LoggingHandler (AbstractInternalLogger.java:log(148)) - [id: 0xc0391576] REGISTERED
2023-07-12 21:53:18,381 [2503d6b5-7af3-43aa-ac32-7e71e8cb8062-NettyServerStreamRpc-bossGroup--thread1] INFO  logging.LoggingHandler (AbstractInternalLogger.java:log(148)) - [id: 0xc0391576] BIND: 0.0.0.0/0.0.0.0:15033
2023-07-12 21:53:18,381 [2503d6b5-7af3-43aa-ac32-7e71e8cb8062-NettyServerStreamRpc-bossGroup--thread1] INFO  logging.LoggingHandler (AbstractInternalLogger.java:log(148)) - [id: 0xc0391576, L:/0:0:0:0:0:0:0:0:15033] ACTIVE
2023-07-12 21:53:18,381 [main] INFO  server.RaftServerConfigKeys (ConfUtils.java:logGet(46)) - raft.server.storage.dir = [/home/runner/work/ozone/ozone/hadoop-ozone/integration-test/target/test-dir/MiniOzoneClusterImpl-45e85e01-d716-41a3-b7bb-c5caf1d85614/datanode-2/data/ratis] (custom)
2023-07-12 21:53:18,387 [main] INFO  server.XceiverServerGrpc (XceiverServerGrpc.java:<init>(132)) - GrpcServer channel type EpollServerSocketChannel
2023-07-12 21:53:18,393 [main] INFO  replication.ReplicationSupervisor (ReplicationSupervisor.java:nodeStateUpdated(305)) - Node state updated to IN_SERVICE, scaling executor pool size to 10
2023-07-12 21:53:18,396 [main] INFO  http.BaseHttpServer (BaseHttpServer.java:newHttpServer2BuilderForOzone(224)) - Starting Web-server for hddsDatanode at: http://0.0.0.0:15027
2023-07-12 21:53:18,397 [main] INFO  http.BaseHttpServer (BaseHttpServer.java:<init>(111)) - Hadoop Security Enabled: false Ozone Security Enabled: false Ozone HTTP Security Enabled: false 
2023-07-12 21:53:18,398 [main] WARN  server.AuthenticationFilter (AuthenticationFilter.java:constructSecretProvider(240)) - Unable to initialize FileSignerSecretProvider, falling back to use random secrets. Reason: Could not read signature secret file: /home/runner/hadoop-http-auth-signature-secret
2023-07-12 21:53:18,402 [main] INFO  http.HttpRequestLog (HttpRequestLog.java:getRequestLog(86)) - Http request log for http.requests.hddsDatanode is not defined
2023-07-12 21:53:18,404 [main] INFO  http.HttpServer2 (HttpServer2.java:addGlobalFilter(1031)) - Added global filter 'safety' (class=org.apache.hadoop.hdds.server.http.HttpServer2$QuotingInputFilter)
2023-07-12 21:53:18,404 [main] INFO  http.HttpServer2 (HttpServer2.java:addFilter(1007)) - Added filter static_user_filter (class=org.apache.hadoop.http.lib.StaticUserWebFilter$StaticUserFilter) to context hddsDatanode
2023-07-12 21:53:18,405 [main] INFO  http.HttpServer2 (HttpServer2.java:addFilter(1015)) - Added filter static_user_filter (class=org.apache.hadoop.http.lib.StaticUserWebFilter$StaticUserFilter) to context static
2023-07-12 21:53:18,405 [main] INFO  http.HttpServer2 (HttpServer2.java:addFilter(1015)) - Added filter static_user_filter (class=org.apache.hadoop.http.lib.StaticUserWebFilter$StaticUserFilter) to context logs
2023-07-12 21:53:18,406 [main] INFO  http.BaseHttpServer (BaseHttpServer.java:<init>(190)) - HTTP server of hddsDatanode uses base directory /home/runner/work/ozone/ozone/hadoop-ozone/integration-test/target/test-dir/MiniOzoneClusterImpl-45e85e01-d716-41a3-b7bb-c5caf1d85614/datanode-2/meta/webserver
2023-07-12 21:53:18,407 [main] INFO  http.HttpServer2 (HttpServer2.java:bindListener(1250)) - Jetty bound to port 15027
2023-07-12 21:53:18,407 [main] INFO  server.Server (Server.java:doStart(375)) - jetty-9.4.51.v20230217; built: 2023-02-17T08:19:37.309Z; git: b45c405e4544384de066f814ed42ae3dceacdd49; jvm 1.8.0_372-b07
2023-07-12 21:53:18,414 [main] INFO  server.session (DefaultSessionIdManager.java:doStart(334)) - DefaultSessionIdManager workerName=node0
2023-07-12 21:53:18,414 [main] INFO  server.session (DefaultSessionIdManager.java:doStart(339)) - No SessionScavenger set, using defaults
2023-07-12 21:53:18,415 [main] INFO  server.session (HouseKeeper.java:startScavenging(132)) - node0 Scavenging every 600000ms
2023-07-12 21:53:18,415 [main] INFO  handler.ContextHandler (ContextHandler.java:doStart(921)) - Started o.e.j.s.ServletContextHandler@3c3f2465{logs,/logs,file:///home/runner/work/ozone/ozone/hadoop-ozone/integration-test/target/log,AVAILABLE}
2023-07-12 21:53:18,416 [main] INFO  handler.ContextHandler (ContextHandler.java:doStart(921)) - Started o.e.j.s.ServletContextHandler@6559faf1{static,/static,jar:file:/home/runner/.m2/repository/org/apache/ozone/hdds-container-service/1.4.0-SNAPSHOT/hdds-container-service-1.4.0-SNAPSHOT.jar!/webapps/static,AVAILABLE}
2023-07-12 21:53:18,623 [main] INFO  handler.ContextHandler (ContextHandler.java:doStart(921)) - Started o.e.j.w.WebAppContext@4c897679{hddsDatanode,/,file:///home/runner/work/ozone/ozone/hadoop-ozone/integration-test/target/test-dir/MiniOzoneClusterImpl-45e85e01-d716-41a3-b7bb-c5caf1d85614/datanode-2/meta/webserver/jetty-0_0_0_0-15027-hdds-container-service-1_4_0-SNAPSHOT_jar-_-any-4720857481211121915/webapp/,AVAILABLE}{jar:file:/home/runner/.m2/repository/org/apache/ozone/hdds-container-service/1.4.0-SNAPSHOT/hdds-container-service-1.4.0-SNAPSHOT.jar!/webapps/hddsDatanode}
2023-07-12 21:53:18,624 [main] INFO  server.AbstractConnector (AbstractConnector.java:doStart(333)) - Started ServerConnector@4009d97f{HTTP/1.1, (http/1.1)}{0.0.0.0:15027}
2023-07-12 21:53:18,624 [main] INFO  server.Server (Server.java:doStart(415)) - Started @8881ms
2023-07-12 21:53:18,624 [main] WARN  impl.MetricsSystemImpl (MetricsSystemImpl.java:register(279)) - Sink prometheus already exists!
2023-07-12 21:53:18,625 [main] INFO  http.BaseHttpServer (BaseHttpServer.java:updateConnectorAddress(344)) - HTTP server of hddsDatanode listening at http://0.0.0.0:15027
2023-07-12 21:53:18,625 [main] INFO  ipc.CallQueueManager (CallQueueManager.java:<init>(90)) - Using callQueue: class java.util.concurrent.LinkedBlockingQueue, queueCapacity: 100, scheduler: class org.apache.hadoop.ipc.DefaultRpcScheduler, ipcBackoff: false.
2023-07-12 21:53:18,626 [main] INFO  ipc.Server (Server.java:<init>(1287)) - Listener at 0.0.0.0:15028
2023-07-12 21:53:18,627 [Socket Reader #1 for port 15028] INFO  ipc.Server (Server.java:run(1323)) - Starting Socket Reader #1 for port 15028
2023-07-12 21:53:18,631 [main] INFO  ozone.HddsDatanodeService (HddsDatanodeService.java:start(315)) - Datanode start with admins: [runner]
2023-07-12 21:53:18,631 [main] INFO  ozone.HddsDatanodeClientProtocolServer (HddsDatanodeClientProtocolServer.java:start(72)) - RPC server for Client /0.0.0.0:15028
2023-07-12 21:53:18,631 [IPC Server Responder] INFO  ipc.Server (Server.java:run(1562)) - IPC Server Responder: starting
2023-07-12 21:53:18,633 [Datanode State Machine Daemon Thread] INFO  statemachine.DatanodeStateMachine (DatanodeStateMachine.java:lambda$startDaemon$0(531)) - Ozone container server started.
2023-07-12 21:53:18,634 [main] INFO  ozone.MiniOzoneClusterImpl (MiniOzoneClusterImpl.java:lambda$waitForClusterToBeReady$0(224)) - Waiting for nodes to be ready. Got 0 of 3 DN Heartbeats.
2023-07-12 21:53:18,634 [main] INFO  ozone.MiniOzoneClusterImpl (MiniOzoneClusterImpl.java:lambda$waitForClusterToBeReady$0(227)) - Waiting for cluster to exit safe mode
2023-07-12 21:53:18,634 [main] INFO  ozone.MiniOzoneClusterImpl (MiniOzoneClusterImpl.java:lambda$waitForClusterToBeReady$0(229)) - SCM became leader
2023-07-12 21:53:18,634 [IPC Server listener on 15028] INFO  ipc.Server (Server.java:run(1402)) - IPC Server listener on 15028: starting
2023-07-12 21:53:18,640 [Datanode State Machine Task Thread - 0] INFO  datanode.InitDatanodeState (InitDatanodeState.java:persistContainerDatanodeDetails(138)) - DatanodeDetails is persisted to /home/runner/work/ozone/ozone/hadoop-ozone/integration-test/target/test-dir/MiniOzoneClusterImpl-45e85e01-d716-41a3-b7bb-c5caf1d85614/datanode-2/meta/datanode.id
2023-07-12 21:53:19,634 [main] INFO  ozone.MiniOzoneClusterImpl (MiniOzoneClusterImpl.java:lambda$waitForClusterToBeReady$0(224)) - Waiting for nodes to be ready. Got 0 of 3 DN Heartbeats.
2023-07-12 21:53:19,635 [main] INFO  ozone.MiniOzoneClusterImpl (MiniOzoneClusterImpl.java:lambda$waitForClusterToBeReady$0(227)) - Waiting for cluster to exit safe mode
2023-07-12 21:53:19,635 [main] INFO  ozone.MiniOzoneClusterImpl (MiniOzoneClusterImpl.java:lambda$waitForClusterToBeReady$0(229)) - SCM became leader
2023-07-12 21:53:19,936 [EndpointStateMachine task thread for /0.0.0.0:15002 - 0 ] INFO  utils.DatanodeStoreCache (DatanodeStoreCache.java:addDB(66)) - Added db /home/runner/work/ozone/ozone/hadoop-ozone/integration-test/target/test-dir/MiniOzoneClusterImpl-45e85e01-d716-41a3-b7bb-c5caf1d85614/datanode-0/data-0/containers/hdds/45e85e01-d716-41a3-b7bb-c5caf1d85614/DS-f473491f-e585-4186-a0c2-52edcb9b8f16/container.db to cache
2023-07-12 21:53:19,936 [EndpointStateMachine task thread for /0.0.0.0:15002 - 0 ] INFO  volume.HddsVolume (HddsVolume.java:createDbStore(478)) - SchemaV3 db is created and loaded at /home/runner/work/ozone/ozone/hadoop-ozone/integration-test/target/test-dir/MiniOzoneClusterImpl-45e85e01-d716-41a3-b7bb-c5caf1d85614/datanode-0/data-0/containers/hdds/45e85e01-d716-41a3-b7bb-c5caf1d85614/DS-f473491f-e585-4186-a0c2-52edcb9b8f16/container.db for volume DS-f473491f-e585-4186-a0c2-52edcb9b8f16
2023-07-12 21:53:19,939 [EndpointStateMachine task thread for /0.0.0.0:15002 - 0 ] INFO  ozoneimpl.OzoneContainer (OzoneContainer.java:start(419)) - Attempting to start container services.
2023-07-12 21:53:19,941 [EndpointStateMachine task thread for /0.0.0.0:15002 - 0 ] INFO  ozoneimpl.OzoneContainer (OzoneContainer.java:startContainerScrub(327)) - Scheduled background container scanners and the on-demand container scanner have been disabled.
2023-07-12 21:53:19,943 [EndpointStateMachine task thread for /0.0.0.0:15002 - 0 ] INFO  replication.ReplicationServer (ReplicationServer.java:start(128)) - ReplicationServer is started using port 15016
2023-07-12 21:53:19,943 [EndpointStateMachine task thread for /0.0.0.0:15002 - 0 ] INFO  ratis.XceiverServerRatis (XceiverServerRatis.java:start(517)) - Starting XceiverServerRatis d28e7615-a55a-42ee-a6c9-487437356628
2023-07-12 21:53:19,944 [EndpointStateMachine task thread for /0.0.0.0:15002 - 0 ] INFO  server.RaftServer (RaftServerProxy.java:startImpl(400)) - d28e7615-a55a-42ee-a6c9-487437356628: start RPC server
2023-07-12 21:53:19,951 [EndpointStateMachine task thread for /0.0.0.0:15002 - 0 ] INFO  server.GrpcService (GrpcService.java:startImpl(302)) - d28e7615-a55a-42ee-a6c9-487437356628: GrpcService started, listening on 15012
2023-07-12 21:53:19,952 [EndpointStateMachine task thread for /0.0.0.0:15002 - 0 ] INFO  server.GrpcService (GrpcService.java:startImpl(302)) - d28e7615-a55a-42ee-a6c9-487437356628: GrpcService started, listening on 15014
2023-07-12 21:53:19,953 [EndpointStateMachine task thread for /0.0.0.0:15002 - 0 ] INFO  server.GrpcService (GrpcService.java:startImpl(302)) - d28e7615-a55a-42ee-a6c9-487437356628: GrpcService started, listening on 15013
2023-07-12 21:53:19,954 [EndpointStateMachine task thread for /0.0.0.0:15002 - 0 ] INFO  ratis.XceiverServerRatis (XceiverServerRatis.java:getRealPort(543)) - XceiverServerRatis d28e7615-a55a-42ee-a6c9-487437356628 is started using port 15012 for RATIS
2023-07-12 21:53:19,954 [EndpointStateMachine task thread for /0.0.0.0:15002 - 0 ] INFO  ratis.XceiverServerRatis (XceiverServerRatis.java:getRealPort(543)) - XceiverServerRatis d28e7615-a55a-42ee-a6c9-487437356628 is started using port 15013 for RATIS_ADMIN
2023-07-12 21:53:19,954 [EndpointStateMachine task thread for /0.0.0.0:15002 - 0 ] INFO  ratis.XceiverServerRatis (XceiverServerRatis.java:getRealPort(543)) - XceiverServerRatis d28e7615-a55a-42ee-a6c9-487437356628 is started using port 15014 for RATIS_SERVER
2023-07-12 21:53:19,954 [EndpointStateMachine task thread for /0.0.0.0:15002 - 0 ] INFO  ratis.XceiverServerRatis (XceiverServerRatis.java:getRealPort(543)) - XceiverServerRatis d28e7615-a55a-42ee-a6c9-487437356628 is started using port 15015 for RATIS_DATASTREAM
2023-07-12 21:53:19,954 [JvmPauseMonitor2] INFO  util.JvmPauseMonitor (JvmPauseMonitor.java:run(103)) - JvmPauseMonitor-d28e7615-a55a-42ee-a6c9-487437356628: Started
2023-07-12 21:53:19,969 [BlockDeletingService#0] INFO  interfaces.ContainerDeletionChoosingPolicyTemplate (ContainerDeletionChoosingPolicyTemplate.java:chooseContainerForBlockDeletion(83)) - Chosen 0/5000 blocks from 0 candidate containers.
2023-07-12 21:53:20,338 [EndpointStateMachine task thread for /0.0.0.0:15002 - 0 ] INFO  utils.DatanodeStoreCache (DatanodeStoreCache.java:addDB(66)) - Added db /home/runner/work/ozone/ozone/hadoop-ozone/integration-test/target/test-dir/MiniOzoneClusterImpl-45e85e01-d716-41a3-b7bb-c5caf1d85614/datanode-1/data-0/containers/hdds/45e85e01-d716-41a3-b7bb-c5caf1d85614/DS-93e0b29a-3702-49a2-b4db-971f9ac91517/container.db to cache
2023-07-12 21:53:20,338 [EndpointStateMachine task thread for /0.0.0.0:15002 - 0 ] INFO  volume.HddsVolume (HddsVolume.java:createDbStore(478)) - SchemaV3 db is created and loaded at /home/runner/work/ozone/ozone/hadoop-ozone/integration-test/target/test-dir/MiniOzoneClusterImpl-45e85e01-d716-41a3-b7bb-c5caf1d85614/datanode-1/data-0/containers/hdds/45e85e01-d716-41a3-b7bb-c5caf1d85614/DS-93e0b29a-3702-49a2-b4db-971f9ac91517/container.db for volume DS-93e0b29a-3702-49a2-b4db-971f9ac91517
2023-07-12 21:53:20,340 [EndpointStateMachine task thread for /0.0.0.0:15002 - 0 ] INFO  ozoneimpl.OzoneContainer (OzoneContainer.java:start(419)) - Attempting to start container services.
2023-07-12 21:53:20,340 [EndpointStateMachine task thread for /0.0.0.0:15002 - 0 ] INFO  ozoneimpl.OzoneContainer (OzoneContainer.java:startContainerScrub(327)) - Scheduled background container scanners and the on-demand container scanner have been disabled.
2023-07-12 21:53:20,342 [EndpointStateMachine task thread for /0.0.0.0:15002 - 0 ] INFO  replication.ReplicationServer (ReplicationServer.java:start(128)) - ReplicationServer is started using port 15025
2023-07-12 21:53:20,342 [EndpointStateMachine task thread for /0.0.0.0:15002 - 0 ] INFO  ratis.XceiverServerRatis (XceiverServerRatis.java:start(517)) - Starting XceiverServerRatis b63666e2-1779-4ee0-a542-9862edee389f
2023-07-12 21:53:20,344 [EndpointStateMachine task thread for /0.0.0.0:15002 - 0 ] INFO  server.RaftServer (RaftServerProxy.java:startImpl(400)) - b63666e2-1779-4ee0-a542-9862edee389f: start RPC server
2023-07-12 21:53:20,345 [EndpointStateMachine task thread for /0.0.0.0:15002 - 0 ] INFO  server.GrpcService (GrpcService.java:startImpl(302)) - b63666e2-1779-4ee0-a542-9862edee389f: GrpcService started, listening on 15021
2023-07-12 21:53:20,346 [EndpointStateMachine task thread for /0.0.0.0:15002 - 0 ] INFO  server.GrpcService (GrpcService.java:startImpl(302)) - b63666e2-1779-4ee0-a542-9862edee389f: GrpcService started, listening on 15023
2023-07-12 21:53:20,348 [EndpointStateMachine task thread for /0.0.0.0:15002 - 0 ] INFO  server.GrpcService (GrpcService.java:startImpl(302)) - b63666e2-1779-4ee0-a542-9862edee389f: GrpcService started, listening on 15022
2023-07-12 21:53:20,348 [EndpointStateMachine task thread for /0.0.0.0:15002 - 0 ] INFO  ratis.XceiverServerRatis (XceiverServerRatis.java:getRealPort(543)) - XceiverServerRatis b63666e2-1779-4ee0-a542-9862edee389f is started using port 15021 for RATIS
2023-07-12 21:53:20,348 [JvmPauseMonitor3] INFO  util.JvmPauseMonitor (JvmPauseMonitor.java:run(103)) - JvmPauseMonitor-b63666e2-1779-4ee0-a542-9862edee389f: Started
2023-07-12 21:53:20,348 [EndpointStateMachine task thread for /0.0.0.0:15002 - 0 ] INFO  ratis.XceiverServerRatis (XceiverServerRatis.java:getRealPort(543)) - XceiverServerRatis b63666e2-1779-4ee0-a542-9862edee389f is started using port 15022 for RATIS_ADMIN
2023-07-12 21:53:20,348 [EndpointStateMachine task thread for /0.0.0.0:15002 - 0 ] INFO  ratis.XceiverServerRatis (XceiverServerRatis.java:getRealPort(543)) - XceiverServerRatis b63666e2-1779-4ee0-a542-9862edee389f is started using port 15023 for RATIS_SERVER
2023-07-12 21:53:20,349 [EndpointStateMachine task thread for /0.0.0.0:15002 - 0 ] INFO  ratis.XceiverServerRatis (XceiverServerRatis.java:getRealPort(543)) - XceiverServerRatis b63666e2-1779-4ee0-a542-9862edee389f is started using port 15024 for RATIS_DATASTREAM
2023-07-12 21:53:20,352 [BlockDeletingService#0] INFO  interfaces.ContainerDeletionChoosingPolicyTemplate (ContainerDeletionChoosingPolicyTemplate.java:chooseContainerForBlockDeletion(83)) - Chosen 0/5000 blocks from 0 candidate containers.
2023-07-12 21:53:20,635 [main] INFO  ozone.MiniOzoneClusterImpl (MiniOzoneClusterImpl.java:lambda$waitForClusterToBeReady$0(224)) - Waiting for nodes to be ready. Got 0 of 3 DN Heartbeats.
2023-07-12 21:53:20,635 [main] INFO  ozone.MiniOzoneClusterImpl (MiniOzoneClusterImpl.java:lambda$waitForClusterToBeReady$0(227)) - Waiting for cluster to exit safe mode
2023-07-12 21:53:20,635 [main] INFO  ozone.MiniOzoneClusterImpl (MiniOzoneClusterImpl.java:lambda$waitForClusterToBeReady$0(229)) - SCM became leader
2023-07-12 21:53:20,674 [EndpointStateMachine task thread for /0.0.0.0:15002 - 0 ] INFO  utils.DatanodeStoreCache (DatanodeStoreCache.java:addDB(66)) - Added db /home/runner/work/ozone/ozone/hadoop-ozone/integration-test/target/test-dir/MiniOzoneClusterImpl-45e85e01-d716-41a3-b7bb-c5caf1d85614/datanode-2/data-0/containers/hdds/45e85e01-d716-41a3-b7bb-c5caf1d85614/DS-292f7ac1-273f-4eb0-a164-ac698f73cf67/container.db to cache
2023-07-12 21:53:20,674 [EndpointStateMachine task thread for /0.0.0.0:15002 - 0 ] INFO  volume.HddsVolume (HddsVolume.java:createDbStore(478)) - SchemaV3 db is created and loaded at /home/runner/work/ozone/ozone/hadoop-ozone/integration-test/target/test-dir/MiniOzoneClusterImpl-45e85e01-d716-41a3-b7bb-c5caf1d85614/datanode-2/data-0/containers/hdds/45e85e01-d716-41a3-b7bb-c5caf1d85614/DS-292f7ac1-273f-4eb0-a164-ac698f73cf67/container.db for volume DS-292f7ac1-273f-4eb0-a164-ac698f73cf67
2023-07-12 21:53:20,675 [EndpointStateMachine task thread for /0.0.0.0:15002 - 0 ] INFO  ozoneimpl.OzoneContainer (OzoneContainer.java:start(419)) - Attempting to start container services.
2023-07-12 21:53:20,675 [EndpointStateMachine task thread for /0.0.0.0:15002 - 0 ] INFO  ozoneimpl.OzoneContainer (OzoneContainer.java:startContainerScrub(327)) - Scheduled background container scanners and the on-demand container scanner have been disabled.
2023-07-12 21:53:20,676 [EndpointStateMachine task thread for /0.0.0.0:15002 - 0 ] INFO  replication.ReplicationServer (ReplicationServer.java:start(128)) - ReplicationServer is started using port 15034
2023-07-12 21:53:20,676 [EndpointStateMachine task thread for /0.0.0.0:15002 - 0 ] INFO  ratis.XceiverServerRatis (XceiverServerRatis.java:start(517)) - Starting XceiverServerRatis 2503d6b5-7af3-43aa-ac32-7e71e8cb8062
2023-07-12 21:53:20,678 [EndpointStateMachine task thread for /0.0.0.0:15002 - 0 ] INFO  server.RaftServer (RaftServerProxy.java:startImpl(400)) - 2503d6b5-7af3-43aa-ac32-7e71e8cb8062: start RPC server
2023-07-12 21:53:20,679 [EndpointStateMachine task thread for /0.0.0.0:15002 - 0 ] INFO  server.GrpcService (GrpcService.java:startImpl(302)) - 2503d6b5-7af3-43aa-ac32-7e71e8cb8062: GrpcService started, listening on 15030
2023-07-12 21:53:20,680 [EndpointStateMachine task thread for /0.0.0.0:15002 - 0 ] INFO  server.GrpcService (GrpcService.java:startImpl(302)) - 2503d6b5-7af3-43aa-ac32-7e71e8cb8062: GrpcService started, listening on 15032
2023-07-12 21:53:20,681 [EndpointStateMachine task thread for /0.0.0.0:15002 - 0 ] INFO  server.GrpcService (GrpcService.java:startImpl(302)) - 2503d6b5-7af3-43aa-ac32-7e71e8cb8062: GrpcService started, listening on 15031
2023-07-12 21:53:20,682 [EndpointStateMachine task thread for /0.0.0.0:15002 - 0 ] INFO  ratis.XceiverServerRatis (XceiverServerRatis.java:getRealPort(543)) - XceiverServerRatis 2503d6b5-7af3-43aa-ac32-7e71e8cb8062 is started using port 15030 for RATIS
2023-07-12 21:53:20,682 [JvmPauseMonitor4] INFO  util.JvmPauseMonitor (JvmPauseMonitor.java:run(103)) - JvmPauseMonitor-2503d6b5-7af3-43aa-ac32-7e71e8cb8062: Started
2023-07-12 21:53:20,682 [EndpointStateMachine task thread for /0.0.0.0:15002 - 0 ] INFO  ratis.XceiverServerRatis (XceiverServerRatis.java:getRealPort(543)) - XceiverServerRatis 2503d6b5-7af3-43aa-ac32-7e71e8cb8062 is started using port 15031 for RATIS_ADMIN
2023-07-12 21:53:20,682 [EndpointStateMachine task thread for /0.0.0.0:15002 - 0 ] INFO  ratis.XceiverServerRatis (XceiverServerRatis.java:getRealPort(543)) - XceiverServerRatis 2503d6b5-7af3-43aa-ac32-7e71e8cb8062 is started using port 15032 for RATIS_SERVER
2023-07-12 21:53:20,682 [EndpointStateMachine task thread for /0.0.0.0:15002 - 0 ] INFO  ratis.XceiverServerRatis (XceiverServerRatis.java:getRealPort(543)) - XceiverServerRatis 2503d6b5-7af3-43aa-ac32-7e71e8cb8062 is started using port 15033 for RATIS_DATASTREAM
2023-07-12 21:53:20,685 [BlockDeletingService#0] INFO  interfaces.ContainerDeletionChoosingPolicyTemplate (ContainerDeletionChoosingPolicyTemplate.java:chooseContainerForBlockDeletion(83)) - Chosen 0/5000 blocks from 0 candidate containers.
2023-07-12 21:53:21,636 [main] INFO  ozone.MiniOzoneClusterImpl (MiniOzoneClusterImpl.java:lambda$waitForClusterToBeReady$0(224)) - Waiting for nodes to be ready. Got 0 of 3 DN Heartbeats.
2023-07-12 21:53:21,636 [main] INFO  ozone.MiniOzoneClusterImpl (MiniOzoneClusterImpl.java:lambda$waitForClusterToBeReady$0(227)) - Waiting for cluster to exit safe mode
2023-07-12 21:53:21,636 [main] INFO  ozone.MiniOzoneClusterImpl (MiniOzoneClusterImpl.java:lambda$waitForClusterToBeReady$0(229)) - SCM became leader
2023-07-12 21:53:21,846 [IPC Server handler 8 on default port 15002] INFO  net.NetworkTopologyImpl (NetworkTopologyImpl.java:add(112)) - Added a new node: /default-rack/d28e7615-a55a-42ee-a6c9-487437356628
2023-07-12 21:53:21,848 [IPC Server handler 8 on default port 15002] INFO  node.SCMNodeManager (SCMNodeManager.java:register(405)) - Registered Data node : d28e7615-a55a-42ee-a6c9-487437356628{ip: 10.1.0.20, host: fv-az670-842.vvj1krob40nuzn3jnzu5queufe.phxx.internal.cloudapp.net, ports: [HTTP=15009, CLIENT_RPC=15010, REPLICATION=15016, RATIS=15012, RATIS_ADMIN=15013, RATIS_SERVER=15014, RATIS_DATASTREAM=15015, STANDALONE=15011], networkLocation: /default-rack, certSerialId: null, persistedOpState: null, persistedOpStateExpiryEpochSec: 0}
2023-07-12 21:53:21,851 [EventQueue-NewNodeForNewNodeHandler] INFO  pipeline.BackgroundPipelineCreator (BackgroundPipelineCreator.java:notifyEventTriggered(277)) - trigger a one-shot run on RatisPipelineUtilsThread.
2023-07-12 21:53:21,852 [EventQueue-NodeRegistrationContainerReportForContainerSafeModeRule] INFO  safemode.SCMSafeModeManager (SCMSafeModeManager.java:validateSafeModeExitRules(200)) - ContainerSafeModeRule rule is successfully validated
2023-07-12 21:53:21,860 [RatisPipelineUtilsThread - 0] INFO  pipeline.RatisPipelineProvider (RatisPipelineProvider.java:lambda$create$0(206)) - Sending CreatePipelineCommand for pipeline:PipelineID=c89e3df9-7e96-42ad-8e85-95a1126c4afc to datanode:d28e7615-a55a-42ee-a6c9-487437356628
2023-07-12 21:53:21,852 [EventQueue-NodeRegistrationContainerReportForDataNodeSafeModeRule] INFO  safemode.SCMSafeModeManager (DataNodeSafeModeRule.java:process(71)) - SCM in safe mode. 1 DataNodes registered, 3 required.
2023-07-12 21:53:21,862 [EventQueue-PipelineReportForOneReplicaPipelineSafeModeRule] INFO  safemode.SCMSafeModeManager (SCMSafeModeManager.java:validateSafeModeExitRules(200)) - AtleastOneDatanodeReportedRule rule is successfully validated
2023-07-12 21:53:21,874 [RatisPipelineUtilsThread - 0] INFO  pipeline.BackgroundPipelineCreator (BackgroundPipelineCreator.java:createPipelines(233)) - Created new pipeline Pipeline[ Id: c89e3df9-7e96-42ad-8e85-95a1126c4afc, Nodes: d28e7615-a55a-42ee-a6c9-487437356628(fv-az670-842.vvj1krob40nuzn3jnzu5queufe.phxx.internal.cloudapp.net/10.1.0.20), ReplicationConfig: RATIS/ONE, State:ALLOCATED, leaderId:, CreationTimestamp2023-07-12T21:53:21.859Z[Etc/UTC]]
2023-07-12 21:53:22,306 [IPC Server handler 0 on default port 15002] INFO  net.NetworkTopologyImpl (NetworkTopologyImpl.java:add(112)) - Added a new node: /default-rack/b63666e2-1779-4ee0-a542-9862edee389f
2023-07-12 21:53:22,306 [IPC Server handler 0 on default port 15002] INFO  node.SCMNodeManager (SCMNodeManager.java:register(405)) - Registered Data node : b63666e2-1779-4ee0-a542-9862edee389f{ip: 10.1.0.20, host: fv-az670-842.vvj1krob40nuzn3jnzu5queufe.phxx.internal.cloudapp.net, ports: [HTTP=15018, CLIENT_RPC=15019, REPLICATION=15025, RATIS=15021, RATIS_ADMIN=15022, RATIS_SERVER=15023, RATIS_DATASTREAM=15024, STANDALONE=15020], networkLocation: /default-rack, certSerialId: null, persistedOpState: null, persistedOpStateExpiryEpochSec: 0}
2023-07-12 21:53:22,306 [EventQueue-NodeRegistrationContainerReportForDataNodeSafeModeRule] INFO  safemode.SCMSafeModeManager (DataNodeSafeModeRule.java:process(71)) - SCM in safe mode. 2 DataNodes registered, 3 required.
2023-07-12 21:53:22,307 [EventQueue-NewNodeForNewNodeHandler] INFO  pipeline.BackgroundPipelineCreator (BackgroundPipelineCreator.java:notifyEventTriggered(277)) - trigger a one-shot run on RatisPipelineUtilsThread.
2023-07-12 21:53:22,308 [RatisPipelineUtilsThread - 0] INFO  pipeline.RatisPipelineProvider (RatisPipelineProvider.java:lambda$create$0(206)) - Sending CreatePipelineCommand for pipeline:PipelineID=6b5e0819-c75a-4ff4-84dc-7865315563fb to datanode:b63666e2-1779-4ee0-a542-9862edee389f
2023-07-12 21:53:22,309 [RatisPipelineUtilsThread - 0] INFO  pipeline.BackgroundPipelineCreator (BackgroundPipelineCreator.java:createPipelines(233)) - Created new pipeline Pipeline[ Id: 6b5e0819-c75a-4ff4-84dc-7865315563fb, Nodes: b63666e2-1779-4ee0-a542-9862edee389f(fv-az670-842.vvj1krob40nuzn3jnzu5queufe.phxx.internal.cloudapp.net/10.1.0.20), ReplicationConfig: RATIS/ONE, State:ALLOCATED, leaderId:, CreationTimestamp2023-07-12T21:53:22.308Z[Etc/UTC]]
2023-07-12 21:53:22,637 [main] INFO  ozone.MiniOzoneClusterImpl (MiniOzoneClusterImpl.java:lambda$waitForClusterToBeReady$0(224)) - Waiting for nodes to be ready. Got 2 of 3 DN Heartbeats.
2023-07-12 21:53:22,637 [main] INFO  ozone.MiniOzoneClusterImpl (MiniOzoneClusterImpl.java:lambda$waitForClusterToBeReady$0(227)) - Waiting for cluster to exit safe mode
2023-07-12 21:53:22,637 [main] INFO  ozone.MiniOzoneClusterImpl (MiniOzoneClusterImpl.java:lambda$waitForClusterToBeReady$0(229)) - SCM became leader
2023-07-12 21:53:22,637 [IPC Server handler 4 on default port 15002] INFO  net.NetworkTopologyImpl (NetworkTopologyImpl.java:add(112)) - Added a new node: /default-rack/2503d6b5-7af3-43aa-ac32-7e71e8cb8062
2023-07-12 21:53:22,638 [IPC Server handler 4 on default port 15002] INFO  node.SCMNodeManager (SCMNodeManager.java:register(405)) - Registered Data node : 2503d6b5-7af3-43aa-ac32-7e71e8cb8062{ip: 10.1.0.20, host: fv-az670-842.vvj1krob40nuzn3jnzu5queufe.phxx.internal.cloudapp.net, ports: [HTTP=15027, CLIENT_RPC=15028, REPLICATION=15034, RATIS=15030, RATIS_ADMIN=15031, RATIS_SERVER=15032, RATIS_DATASTREAM=15033, STANDALONE=15029], networkLocation: /default-rack, certSerialId: null, persistedOpState: null, persistedOpStateExpiryEpochSec: 0}
2023-07-12 21:53:22,638 [EventQueue-NodeRegistrationContainerReportForDataNodeSafeModeRule] INFO  safemode.SCMSafeModeManager (DataNodeSafeModeRule.java:process(71)) - SCM in safe mode. 3 DataNodes registered, 3 required.
2023-07-12 21:53:22,638 [EventQueue-NewNodeForNewNodeHandler] INFO  pipeline.BackgroundPipelineCreator (BackgroundPipelineCreator.java:notifyEventTriggered(277)) - trigger a one-shot run on RatisPipelineUtilsThread.
2023-07-12 21:53:22,638 [EventQueue-NodeRegistrationContainerReportForDataNodeSafeModeRule] INFO  safemode.SCMSafeModeManager (SCMSafeModeManager.java:validateSafeModeExitRules(200)) - DataNodeSafeModeRule rule is successfully validated
2023-07-12 21:53:22,639 [EventQueue-NodeRegistrationContainerReportForDataNodeSafeModeRule] INFO  safemode.SCMSafeModeManager (SCMSafeModeManager.java:completePreCheck(229)) - All SCM safe mode pre check rules have passed
2023-07-12 21:53:22,639 [EventQueue-NodeRegistrationContainerReportForDataNodeSafeModeRule] INFO  ha.SCMContext (SCMContext.java:updateSafeModeStatus(228)) - Update SafeModeStatus from SafeModeStatus{safeModeStatus=true, preCheckPassed=false} to SafeModeStatus{safeModeStatus=true, preCheckPassed=true}.
2023-07-12 21:53:22,639 [EventQueue-NodeRegistrationContainerReportForDataNodeSafeModeRule] INFO  pipeline.BackgroundPipelineCreator (BackgroundPipelineCreator.java:notifyEventTriggered(277)) - trigger a one-shot run on RatisPipelineUtilsThread.
2023-07-12 21:53:22,639 [RatisPipelineUtilsThread - 0] INFO  pipeline.RatisPipelineProvider (RatisPipelineProvider.java:lambda$create$0(206)) - Sending CreatePipelineCommand for pipeline:PipelineID=b8894ceb-be67-4054-843a-fef36aeacd00 to datanode:2503d6b5-7af3-43aa-ac32-7e71e8cb8062
2023-07-12 21:53:22,640 [RatisPipelineUtilsThread - 0] INFO  pipeline.BackgroundPipelineCreator (BackgroundPipelineCreator.java:createPipelines(233)) - Created new pipeline Pipeline[ Id: b8894ceb-be67-4054-843a-fef36aeacd00, Nodes: 2503d6b5-7af3-43aa-ac32-7e71e8cb8062(fv-az670-842.vvj1krob40nuzn3jnzu5queufe.phxx.internal.cloudapp.net/10.1.0.20), ReplicationConfig: RATIS/ONE, State:ALLOCATED, leaderId:, CreationTimestamp2023-07-12T21:53:22.639Z[Etc/UTC]]
2023-07-12 21:53:22,643 [RatisPipelineUtilsThread - 0] INFO  pipeline.RatisPipelineProvider (RatisPipelineProvider.java:lambda$create$0(206)) - Sending CreatePipelineCommand for pipeline:PipelineID=5c35cb4c-61c9-4cfe-b839-b0e0f9104bb7 to datanode:d28e7615-a55a-42ee-a6c9-487437356628
2023-07-12 21:53:22,643 [RatisPipelineUtilsThread - 0] INFO  pipeline.RatisPipelineProvider (RatisPipelineProvider.java:lambda$create$0(206)) - Sending CreatePipelineCommand for pipeline:PipelineID=5c35cb4c-61c9-4cfe-b839-b0e0f9104bb7 to datanode:b63666e2-1779-4ee0-a542-9862edee389f
2023-07-12 21:53:22,644 [RatisPipelineUtilsThread - 0] INFO  pipeline.RatisPipelineProvider (RatisPipelineProvider.java:lambda$create$0(206)) - Sending CreatePipelineCommand for pipeline:PipelineID=5c35cb4c-61c9-4cfe-b839-b0e0f9104bb7 to datanode:2503d6b5-7af3-43aa-ac32-7e71e8cb8062
2023-07-12 21:53:22,645 [RatisPipelineUtilsThread - 0] INFO  pipeline.BackgroundPipelineCreator (BackgroundPipelineCreator.java:createPipelines(233)) - Created new pipeline Pipeline[ Id: 5c35cb4c-61c9-4cfe-b839-b0e0f9104bb7, Nodes: d28e7615-a55a-42ee-a6c9-487437356628(fv-az670-842.vvj1krob40nuzn3jnzu5queufe.phxx.internal.cloudapp.net/10.1.0.20)b63666e2-1779-4ee0-a542-9862edee389f(fv-az670-842.vvj1krob40nuzn3jnzu5queufe.phxx.internal.cloudapp.net/10.1.0.20)2503d6b5-7af3-43aa-ac32-7e71e8cb8062(fv-az670-842.vvj1krob40nuzn3jnzu5queufe.phxx.internal.cloudapp.net/10.1.0.20), ReplicationConfig: RATIS/THREE, State:ALLOCATED, leaderId:, CreationTimestamp2023-07-12T21:53:22.643Z[Etc/UTC]]
2023-07-12 21:53:22,646 [RatisPipelineUtilsThread - 0] INFO  pipeline.RatisPipelineProvider (RatisPipelineProvider.java:lambda$create$0(206)) - Sending CreatePipelineCommand for pipeline:PipelineID=7c002b24-39b5-4a73-b9a4-dfda87116952 to datanode:d28e7615-a55a-42ee-a6c9-487437356628
2023-07-12 21:53:22,646 [RatisPipelineUtilsThread - 0] INFO  pipeline.RatisPipelineProvider (RatisPipelineProvider.java:lambda$create$0(206)) - Sending CreatePipelineCommand for pipeline:PipelineID=7c002b24-39b5-4a73-b9a4-dfda87116952 to datanode:2503d6b5-7af3-43aa-ac32-7e71e8cb8062
2023-07-12 21:53:22,646 [RatisPipelineUtilsThread - 0] INFO  pipeline.RatisPipelineProvider (RatisPipelineProvider.java:lambda$create$0(206)) - Sending CreatePipelineCommand for pipeline:PipelineID=7c002b24-39b5-4a73-b9a4-dfda87116952 to datanode:b63666e2-1779-4ee0-a542-9862edee389f
2023-07-12 21:53:22,647 [RatisPipelineUtilsThread - 0] INFO  pipeline.PipelineManagerImpl (PipelineManagerImpl.java:recordMetricsForPipeline(895)) - Pipeline: PipelineID=7c002b24-39b5-4a73-b9a4-dfda87116952 contains same datanodes as previous pipelines: PipelineID=5c35cb4c-61c9-4cfe-b839-b0e0f9104bb7 nodeIds: d28e7615-a55a-42ee-a6c9-487437356628, 2503d6b5-7af3-43aa-ac32-7e71e8cb8062, b63666e2-1779-4ee0-a542-9862edee389f
2023-07-12 21:53:22,647 [RatisPipelineUtilsThread - 0] INFO  pipeline.BackgroundPipelineCreator (BackgroundPipelineCreator.java:createPipelines(233)) - Created new pipeline Pipeline[ Id: 7c002b24-39b5-4a73-b9a4-dfda87116952, Nodes: d28e7615-a55a-42ee-a6c9-487437356628(fv-az670-842.vvj1krob40nuzn3jnzu5queufe.phxx.internal.cloudapp.net/10.1.0.20)2503d6b5-7af3-43aa-ac32-7e71e8cb8062(fv-az670-842.vvj1krob40nuzn3jnzu5queufe.phxx.internal.cloudapp.net/10.1.0.20)b63666e2-1779-4ee0-a542-9862edee389f(fv-az670-842.vvj1krob40nuzn3jnzu5queufe.phxx.internal.cloudapp.net/10.1.0.20), ReplicationConfig: RATIS/THREE, State:ALLOCATED, leaderId:, CreationTimestamp2023-07-12T21:53:22.646Z[Etc/UTC]]
2023-07-12 21:53:22,648 [RatisPipelineUtilsThread - 0] WARN  pipeline.PipelinePlacementPolicy (PipelinePlacementPolicy.java:filterViableNodes(166)) - Pipeline creation failed due to no sufficient healthy datanodes. Required 3. Found 0. Excluded 3.
2023-07-12 21:53:23,637 [main] INFO  ozone.MiniOzoneClusterImpl (MiniOzoneClusterImpl.java:lambda$waitForClusterToBeReady$0(224)) - Nodes are ready. Got 3 of 3 DN Heartbeats.
2023-07-12 21:53:23,638 [main] INFO  ozone.MiniOzoneClusterImpl (MiniOzoneClusterImpl.java:lambda$waitForClusterToBeReady$0(227)) - Waiting for cluster to exit safe mode
2023-07-12 21:53:23,638 [main] INFO  ozone.MiniOzoneClusterImpl (MiniOzoneClusterImpl.java:lambda$waitForClusterToBeReady$0(229)) - SCM became leader
2023-07-12 21:53:24,638 [main] INFO  ozone.MiniOzoneClusterImpl (MiniOzoneClusterImpl.java:lambda$waitForClusterToBeReady$0(224)) - Nodes are ready. Got 3 of 3 DN Heartbeats.
2023-07-12 21:53:24,639 [main] INFO  ozone.MiniOzoneClusterImpl (MiniOzoneClusterImpl.java:lambda$waitForClusterToBeReady$0(227)) - Waiting for cluster to exit safe mode
2023-07-12 21:53:24,639 [main] INFO  ozone.MiniOzoneClusterImpl (MiniOzoneClusterImpl.java:lambda$waitForClusterToBeReady$0(229)) - SCM became leader
2023-07-12 21:53:24,846 [PipelineCommandHandlerThread-0] INFO  server.RaftServer (RaftServerProxy.java:addNew(98)) - d28e7615-a55a-42ee-a6c9-487437356628: addNew group-95A1126C4AFC:[d28e7615-a55a-42ee-a6c9-487437356628|rpc:10.1.0.20:15014|admin:10.1.0.20:15013|client:10.1.0.20:15012|dataStream:10.1.0.20:15015|priority:1|startupRole:FOLLOWER] returns group-95A1126C4AFC:java.util.concurrent.CompletableFuture@5af56d75[Not completed]
2023-07-12 21:53:24,855 [d28e7615-a55a-42ee-a6c9-487437356628-groupManagement] INFO  server.RaftServer$Division (RaftServerImpl.java:<init>(198)) - d28e7615-a55a-42ee-a6c9-487437356628: new RaftServerImpl for group-95A1126C4AFC:[d28e7615-a55a-42ee-a6c9-487437356628|rpc:10.1.0.20:15014|admin:10.1.0.20:15013|client:10.1.0.20:15012|dataStream:10.1.0.20:15015|priority:1|startupRole:FOLLOWER] with ContainerStateMachine:uninitialized
2023-07-12 21:53:24,856 [d28e7615-a55a-42ee-a6c9-487437356628-groupManagement] INFO  server.RaftServerConfigKeys (ConfUtils.java:logGet(46)) - raft.server.rpc.timeout.min = 5s (custom)
2023-07-12 21:53:24,856 [d28e7615-a55a-42ee-a6c9-487437356628-groupManagement] INFO  server.RaftServerConfigKeys (ConfUtils.java:logGet(46)) - raft.server.rpc.timeout.max = 5200ms (custom)
2023-07-12 21:53:24,856 [d28e7615-a55a-42ee-a6c9-487437356628-groupManagement] INFO  server.RaftServerConfigKeys (ConfUtils.java:logGet(46)) - raft.server.rpc.sleep.time = 25ms (default)
2023-07-12 21:53:24,856 [d28e7615-a55a-42ee-a6c9-487437356628-groupManagement] INFO  server.RaftServerConfigKeys (ConfUtils.java:logGet(46)) - raft.server.rpc.slowness.timeout = 300s (custom)
2023-07-12 21:53:24,856 [d28e7615-a55a-42ee-a6c9-487437356628-groupManagement] INFO  server.RaftServerConfigKeys (ConfUtils.java:logGet(46)) - raft.server.leaderelection.leader.step-down.wait-time = 10s (default)
2023-07-12 21:53:24,856 [d28e7615-a55a-42ee-a6c9-487437356628-groupManagement] INFO  server.RaftServerConfigKeys (ConfUtils.java:logGet(46)) - raft.server.sleep.deviation.threshold = 300ms (default)
2023-07-12 21:53:24,856 [d28e7615-a55a-42ee-a6c9-487437356628-groupManagement] INFO  server.RaftServer$Division (ServerState.java:<init>(120)) - d28e7615-a55a-42ee-a6c9-487437356628@group-95A1126C4AFC: ConfigurationManager, init=-1: peers:[d28e7615-a55a-42ee-a6c9-487437356628|rpc:10.1.0.20:15014|admin:10.1.0.20:15013|client:10.1.0.20:15012|dataStream:10.1.0.20:15015|priority:1|startupRole:FOLLOWER]|listeners:[], old=null, confs=<EMPTY_MAP>
2023-07-12 21:53:24,856 [d28e7615-a55a-42ee-a6c9-487437356628-groupManagement] INFO  server.RaftServerConfigKeys (ConfUtils.java:logGet(46)) - raft.server.storage.dir = [/home/runner/work/ozone/ozone/hadoop-ozone/integration-test/target/test-dir/MiniOzoneClusterImpl-45e85e01-d716-41a3-b7bb-c5caf1d85614/datanode-0/data/ratis] (custom)
2023-07-12 21:53:24,856 [d28e7615-a55a-42ee-a6c9-487437356628-groupManagement] INFO  server.RaftServerConfigKeys (ConfUtils.java:logGet(46)) - raft.server.log.corruption.policy = EXCEPTION (default)
2023-07-12 21:53:24,856 [d28e7615-a55a-42ee-a6c9-487437356628-groupManagement] INFO  server.RaftServerConfigKeys (ConfUtils.java:logGet(46)) - raft.server.storage.free-space.min = 0MB (=0) (default)
2023-07-12 21:53:24,856 [d28e7615-a55a-42ee-a6c9-487437356628-groupManagement] INFO  server.RaftServerConfigKeys (ConfUtils.java:logGet(46)) - raft.server.notification.no-leader.timeout = 300s (custom)
2023-07-12 21:53:24,856 [d28e7615-a55a-42ee-a6c9-487437356628-groupManagement] INFO  server.RaftServerConfigKeys (ConfUtils.java:logGet(46)) - raft.server.read.timeout = 10s (default)
2023-07-12 21:53:24,856 [d28e7615-a55a-42ee-a6c9-487437356628-groupManagement] INFO  server.RaftServerConfigKeys (ConfUtils.java:logGet(46)) - raft.server.retrycache.expirytime = 600000ms (custom)
2023-07-12 21:53:24,856 [d28e7615-a55a-42ee-a6c9-487437356628-groupManagement] INFO  server.RaftServerConfigKeys (ConfUtils.java:logGet(46)) - raft.server.retrycache.statistics.expirytime = 100μs (default)
2023-07-12 21:53:24,857 [d28e7615-a55a-42ee-a6c9-487437356628-groupManagement] INFO  server.RaftServerConfigKeys (ConfUtils.java:logGet(46)) - raft.server.read.option = DEFAULT (default)
2023-07-12 21:53:24,858 [d28e7615-a55a-42ee-a6c9-487437356628-groupManagement] INFO  server.RaftServerConfigKeys (ConfUtils.java:logGet(46)) - raft.server.rpc.request.timeout = 60s (custom)
2023-07-12 21:53:24,859 [d28e7615-a55a-42ee-a6c9-487437356628-groupManagement] INFO  server.RaftServerConfigKeys (ConfUtils.java:logGet(46)) - raft.server.log.appender.install.snapshot.enabled = false (custom)
2023-07-12 21:53:24,859 [d28e7615-a55a-42ee-a6c9-487437356628-groupManagement] INFO  server.RaftServerConfigKeys (ConfUtils.java:logGet(46)) - raft.server.threadpool.server.cached = true (default)
2023-07-12 21:53:24,859 [d28e7615-a55a-42ee-a6c9-487437356628-groupManagement] INFO  server.RaftServerConfigKeys (ConfUtils.java:logGet(46)) - raft.server.threadpool.server.size = 0 (default)
2023-07-12 21:53:24,859 [d28e7615-a55a-42ee-a6c9-487437356628-groupManagement] INFO  server.RaftServerConfigKeys (ConfUtils.java:logGet(46)) - raft.server.threadpool.client.cached = true (default)
2023-07-12 21:53:24,859 [d28e7615-a55a-42ee-a6c9-487437356628-groupManagement] INFO  server.RaftServerConfigKeys (ConfUtils.java:logGet(46)) - raft.server.threadpool.client.size = 0 (default)
2023-07-12 21:53:24,859 [d28e7615-a55a-42ee-a6c9-487437356628-groupManagement] INFO  storage.RaftStorageDirectory (RaftStorageDirectoryImpl.java:analyzeStorage(137)) - The storage directory /home/runner/work/ozone/ozone/hadoop-ozone/integration-test/target/test-dir/MiniOzoneClusterImpl-45e85e01-d716-41a3-b7bb-c5caf1d85614/datanode-0/data/ratis/c89e3df9-7e96-42ad-8e85-95a1126c4afc does not exist. Creating ...
2023-07-12 21:53:24,861 [d28e7615-a55a-42ee-a6c9-487437356628-groupManagement] INFO  storage.RaftStorageDirectory (RaftStorageDirectoryImpl.java:tryLock(231)) - Lock on /home/runner/work/ozone/ozone/hadoop-ozone/integration-test/target/test-dir/MiniOzoneClusterImpl-45e85e01-d716-41a3-b7bb-c5caf1d85614/datanode-0/data/ratis/c89e3df9-7e96-42ad-8e85-95a1126c4afc/in_use.lock acquired by nodename 107600@fv-az670-842
2023-07-12 21:53:24,862 [d28e7615-a55a-42ee-a6c9-487437356628-groupManagement] INFO  storage.RaftStorage (RaftStorageImpl.java:format(96)) - Storage directory /home/runner/work/ozone/ozone/hadoop-ozone/integration-test/target/test-dir/MiniOzoneClusterImpl-45e85e01-d716-41a3-b7bb-c5caf1d85614/datanode-0/data/ratis/c89e3df9-7e96-42ad-8e85-95a1126c4afc has been successfully formatted.
2023-07-12 21:53:24,868 [d28e7615-a55a-42ee-a6c9-487437356628-groupManagement] INFO  ratis.ContainerStateMachine (ContainerStateMachine.java:loadSnapshot(262)) - group-95A1126C4AFC: The snapshot info is null. Setting the last applied indexto:(t:0, i:~)
2023-07-12 21:53:24,868 [d28e7615-a55a-42ee-a6c9-487437356628-groupManagement] INFO  server.RaftServerConfigKeys (ConfUtils.java:logGet(46)) - raft.server.log.use.memory = false (default)
2023-07-12 21:53:24,868 [d28e7615-a55a-42ee-a6c9-487437356628-groupManagement] INFO  server.RaftServerConfigKeys (ConfUtils.java:logGet(46)) - raft.server.log.purge.gap = 1000000 (custom)
2023-07-12 21:53:24,869 [d28e7615-a55a-42ee-a6c9-487437356628-groupManagement] INFO  server.RaftServerConfigKeys (ConfUtils.java:logGet(46)) - raft.server.log.appender.buffer.byte-limit = 33554432 (custom)
2023-07-12 21:53:24,869 [d28e7615-a55a-42ee-a6c9-487437356628-groupManagement] INFO  server.RaftServerConfigKeys (ConfUtils.java:logGet(46)) - raft.server.log.statemachine.data.read.timeout = 1000ms (default)
2023-07-12 21:53:24,870 [d28e7615-a55a-42ee-a6c9-487437356628-groupManagement] INFO  server.RaftServerConfigKeys (ConfUtils.java:logGet(46)) - raft.server.log.purge.preservation.log.num = 0 (default)
2023-07-12 21:53:24,870 [d28e7615-a55a-42ee-a6c9-487437356628-groupManagement] INFO  server.RaftServerConfigKeys (ConfUtils.java:logGet(46)) - raft.server.log.segment.size.max = 1048576 (custom)
2023-07-12 21:53:24,874 [d28e7615-a55a-42ee-a6c9-487437356628-groupManagement] INFO  server.RaftServerConfigKeys (ConfUtils.java:logGet(46)) - raft.server.log.segment.cache.num.max = 2 (custom)
2023-07-12 21:53:24,874 [d28e7615-a55a-42ee-a6c9-487437356628-groupManagement] INFO  server.RaftServerConfigKeys (ConfUtils.java:logGet(46)) - raft.server.log.segment.cache.size.max = 200MB (=209715200) (default)
2023-07-12 21:53:24,874 [d28e7615-a55a-42ee-a6c9-487437356628-groupManagement] INFO  server.RaftServerConfigKeys (ConfUtils.java:logGet(46)) - raft.server.log.appender.buffer.byte-limit = 33554432 (custom)
2023-07-12 21:53:24,874 [d28e7615-a55a-42ee-a6c9-487437356628-groupManagement] INFO  segmented.SegmentedRaftLogWorker (SegmentedRaftLogWorker.java:<init>(188)) - new d28e7615-a55a-42ee-a6c9-487437356628@group-95A1126C4AFC-SegmentedRaftLogWorker for RaftStorageImpl:Storage Directory /home/runner/work/ozone/ozone/hadoop-ozone/integration-test/target/test-dir/MiniOzoneClusterImpl-45e85e01-d716-41a3-b7bb-c5caf1d85614/datanode-0/data/ratis/c89e3df9-7e96-42ad-8e85-95a1126c4afc
2023-07-12 21:53:24,874 [d28e7615-a55a-42ee-a6c9-487437356628-groupManagement] INFO  server.RaftServerConfigKeys (ConfUtils.java:logGet(46)) - raft.server.log.queue.byte-limit = 4294967296 (custom)
2023-07-12 21:53:24,874 [d28e7615-a55a-42ee-a6c9-487437356628-groupManagement] INFO  server.RaftServerConfigKeys (ConfUtils.java:logGet(46)) - raft.server.log.queue.element-limit = 1024 (custom)
2023-07-12 21:53:24,874 [d28e7615-a55a-42ee-a6c9-487437356628-groupManagement] INFO  server.RaftServerConfigKeys (ConfUtils.java:logGet(46)) - raft.server.log.segment.size.max = 1048576 (custom)
2023-07-12 21:53:24,874 [d28e7615-a55a-42ee-a6c9-487437356628-groupManagement] INFO  server.RaftServerConfigKeys (ConfUtils.java:logGet(46)) - raft.server.log.preallocated.size = 16384 (custom)
2023-07-12 21:53:24,874 [d28e7615-a55a-42ee-a6c9-487437356628-groupManagement] INFO  server.RaftServerConfigKeys (ConfUtils.java:logGet(46)) - raft.server.log.force.sync.num = 128 (default)
2023-07-12 21:53:24,874 [d28e7615-a55a-42ee-a6c9-487437356628-groupManagement] INFO  server.RaftServerConfigKeys (ConfUtils.java:logGet(46)) - raft.server.log.statemachine.data.sync = true (default)
2023-07-12 21:53:24,874 [d28e7615-a55a-42ee-a6c9-487437356628-groupManagement] INFO  server.RaftServerConfigKeys (ConfUtils.java:logGet(46)) - raft.server.log.statemachine.data.sync.timeout = 10s (default)
2023-07-12 21:53:24,874 [d28e7615-a55a-42ee-a6c9-487437356628-groupManagement] INFO  server.RaftServerConfigKeys (ConfUtils.java:logGet(46)) - raft.server.log.statemachine.data.sync.timeout.retry = -1 (default)
2023-07-12 21:53:24,877 [d28e7615-a55a-42ee-a6c9-487437356628-groupManagement] INFO  server.RaftServerConfigKeys (ConfUtils.java:logGet(46)) - raft.server.log.write.buffer.size = 1048576 (custom)
2023-07-12 21:53:24,879 [EventQueue-PipelineReportForPipelineReportHandler] INFO  pipeline.PipelineReportHandler (PipelineReportHandler.java:processPipelineReport(136)) - Opened pipeline PipelineID=c89e3df9-7e96-42ad-8e85-95a1126c4afc
2023-07-12 21:53:24,881 [d28e7615-a55a-42ee-a6c9-487437356628-groupManagement] INFO  server.RaftServerConfigKeys (ConfUtils.java:logGet(46)) - raft.server.log.appender.buffer.byte-limit = 33554432 (custom)
2023-07-12 21:53:24,884 [d28e7615-a55a-42ee-a6c9-487437356628-groupManagement] INFO  server.RaftServerConfigKeys (ConfUtils.java:logGet(46)) - raft.server.log.unsafe-flush.enabled = false (default)
2023-07-12 21:53:24,884 [d28e7615-a55a-42ee-a6c9-487437356628-groupManagement] INFO  server.RaftServerConfigKeys (ConfUtils.java:logGet(46)) - raft.server.log.async-flush.enabled = false (default)
2023-07-12 21:53:24,884 [d28e7615-a55a-42ee-a6c9-487437356628-groupManagement] INFO  server.RaftServerConfigKeys (ConfUtils.java:logGet(46)) - raft.server.log.statemachine.data.caching.enabled = true (custom)
2023-07-12 21:53:24,885 [EventQueue-OpenPipelineForHealthyPipelineSafeModeRule] INFO  safemode.SCMSafeModeManager (HealthyPipelineSafeModeRule.java:process(137)) - SCM in safe mode. Healthy pipelines reported count is 0, required healthy pipeline reported count is 1
2023-07-12 21:53:24,885 [d28e7615-a55a-42ee-a6c9-487437356628-groupManagement] INFO  segmented.SegmentedRaftLogWorker (SegmentedRaftLogWorker.java:lambda$new$0(135)) - d28e7615-a55a-42ee-a6c9-487437356628@group-95A1126C4AFC-SegmentedRaftLogWorker: flushIndex: setUnconditionally 0 -> -1
2023-07-12 21:53:24,885 [d28e7615-a55a-42ee-a6c9-487437356628-groupManagement] INFO  segmented.SegmentedRaftLogWorker (SegmentedRaftLogWorker.java:lambda$new$0(135)) - d28e7615-a55a-42ee-a6c9-487437356628@group-95A1126C4AFC-SegmentedRaftLogWorker: safeCacheEvictIndex: setUnconditionally 0 -> -1
2023-07-12 21:53:24,885 [d28e7615-a55a-42ee-a6c9-487437356628-groupManagement] INFO  server.RaftServer$Division (RaftServerImpl.java:start(342)) - d28e7615-a55a-42ee-a6c9-487437356628@group-95A1126C4AFC: start as a follower, conf=-1: peers:[d28e7615-a55a-42ee-a6c9-487437356628|rpc:10.1.0.20:15014|admin:10.1.0.20:15013|client:10.1.0.20:15012|dataStream:10.1.0.20:15015|priority:1|startupRole:FOLLOWER]|listeners:[], old=null
2023-07-12 21:53:24,885 [d28e7615-a55a-42ee-a6c9-487437356628-groupManagement] INFO  server.RaftServer$Division (RaftServerImpl.java:setRole(329)) - d28e7615-a55a-42ee-a6c9-487437356628@group-95A1126C4AFC: changes role from      null to FOLLOWER at term 0 for startAsFollower
2023-07-12 21:53:24,885 [d28e7615-a55a-42ee-a6c9-487437356628-groupManagement] INFO  impl.RoleInfo (RoleInfo.java:updateAndGet(139)) - d28e7615-a55a-42ee-a6c9-487437356628: start d28e7615-a55a-42ee-a6c9-487437356628@group-95A1126C4AFC-FollowerState
2023-07-12 21:53:24,888 [d28e7615-a55a-42ee-a6c9-487437356628-groupManagement] INFO  util.JmxRegister (JmxRegister.java:tryRegister(44)) - Successfully registered JMX Bean with object name Ratis:service=RaftServer,group=group-95A1126C4AFC,id=d28e7615-a55a-42ee-a6c9-487437356628
2023-07-12 21:53:24,893 [d28e7615-a55a-42ee-a6c9-487437356628-groupManagement] INFO  server.RaftServerConfigKeys (ConfUtils.java:logGet(46)) - raft.server.snapshot.auto.trigger.enabled = true (custom)
2023-07-12 21:53:24,893 [d28e7615-a55a-42ee-a6c9-487437356628-groupManagement] INFO  server.RaftServerConfigKeys (ConfUtils.java:logGet(46)) - raft.server.snapshot.auto.trigger.threshold = 10000 (custom)
2023-07-12 21:53:24,893 [d28e7615-a55a-42ee-a6c9-487437356628@group-95A1126C4AFC-FollowerState] INFO  server.RaftServerConfigKeys (ConfUtils.java:logFallback(53)) - raft.server.rpc.first-election.timeout.min = 5s (fallback to raft.server.rpc.timeout.min)
2023-07-12 21:53:24,893 [d28e7615-a55a-42ee-a6c9-487437356628-groupManagement] INFO  server.RaftServerConfigKeys (ConfUtils.java:logGet(46)) - raft.server.snapshot.retention.file.num = 5 (custom)
2023-07-12 21:53:24,893 [d28e7615-a55a-42ee-a6c9-487437356628@group-95A1126C4AFC-FollowerState] INFO  server.RaftServerConfigKeys (ConfUtils.java:logFallback(53)) - raft.server.rpc.first-election.timeout.max = 5200ms (fallback to raft.server.rpc.timeout.max)
2023-07-12 21:53:24,893 [d28e7615-a55a-42ee-a6c9-487437356628-groupManagement] INFO  server.RaftServerConfigKeys (ConfUtils.java:logGet(46)) - raft.server.log.purge.upto.snapshot.index = false (default)
2023-07-12 21:53:24,900 [PipelineCommandHandlerThread-0] INFO  ratis.XceiverServerRatis (XceiverServerRatis.java:addGroup(804)) - Created group PipelineID=c89e3df9-7e96-42ad-8e85-95a1126c4afc
2023-07-12 21:53:24,900 [PipelineCommandHandlerThread-0] INFO  commandhandler.CreatePipelineCommandHandler (CreatePipelineCommandHandler.java:lambda$handle$2(124)) - Created Pipeline RATIS ONE PipelineID=c89e3df9-7e96-42ad-8e85-95a1126c4afc.
2023-07-12 21:53:24,901 [PipelineCommandHandlerThread-0] INFO  server.RaftServer (RaftServerProxy.java:addNew(98)) - d28e7615-a55a-42ee-a6c9-487437356628: addNew group-B0E0F9104BB7:[d28e7615-a55a-42ee-a6c9-487437356628|rpc:10.1.0.20:15014|admin:10.1.0.20:15013|client:10.1.0.20:15012|dataStream:10.1.0.20:15015|priority:0|startupRole:FOLLOWER, b63666e2-1779-4ee0-a542-9862edee389f|rpc:10.1.0.20:15023|admin:10.1.0.20:15022|client:10.1.0.20:15021|dataStream:10.1.0.20:15024|priority:0|startupRole:FOLLOWER, 2503d6b5-7af3-43aa-ac32-7e71e8cb8062|rpc:10.1.0.20:15032|admin:10.1.0.20:15031|client:10.1.0.20:15030|dataStream:10.1.0.20:15033|priority:1|startupRole:FOLLOWER] returns group-B0E0F9104BB7:java.util.concurrent.CompletableFuture@65da9818[Not completed]
2023-07-12 21:53:24,903 [d28e7615-a55a-42ee-a6c9-487437356628-groupManagement] INFO  server.RaftServer$Division (RaftServerImpl.java:<init>(198)) - d28e7615-a55a-42ee-a6c9-487437356628: new RaftServerImpl for group-B0E0F9104BB7:[d28e7615-a55a-42ee-a6c9-487437356628|rpc:10.1.0.20:15014|admin:10.1.0.20:15013|client:10.1.0.20:15012|dataStream:10.1.0.20:15015|priority:0|startupRole:FOLLOWER, b63666e2-1779-4ee0-a542-9862edee389f|rpc:10.1.0.20:15023|admin:10.1.0.20:15022|client:10.1.0.20:15021|dataStream:10.1.0.20:15024|priority:0|startupRole:FOLLOWER, 2503d6b5-7af3-43aa-ac32-7e71e8cb8062|rpc:10.1.0.20:15032|admin:10.1.0.20:15031|client:10.1.0.20:15030|dataStream:10.1.0.20:15033|priority:1|startupRole:FOLLOWER] with ContainerStateMachine:uninitialized
2023-07-12 21:53:24,904 [d28e7615-a55a-42ee-a6c9-487437356628-groupManagement] INFO  server.RaftServerConfigKeys (ConfUtils.java:logGet(46)) - raft.server.rpc.timeout.min = 5s (custom)
2023-07-12 21:53:24,904 [d28e7615-a55a-42ee-a6c9-487437356628-groupManagement] INFO  server.RaftServerConfigKeys (ConfUtils.java:logGet(46)) - raft.server.rpc.timeout.max = 5200ms (custom)
2023-07-12 21:53:24,904 [d28e7615-a55a-42ee-a6c9-487437356628-groupManagement] INFO  server.RaftServerConfigKeys (ConfUtils.java:logGet(46)) - raft.server.rpc.sleep.time = 25ms (default)
2023-07-12 21:53:24,904 [d28e7615-a55a-42ee-a6c9-487437356628-groupManagement] INFO  server.RaftServerConfigKeys (ConfUtils.java:logGet(46)) - raft.server.rpc.slowness.timeout = 300s (custom)
2023-07-12 21:53:24,904 [d28e7615-a55a-42ee-a6c9-487437356628-groupManagement] INFO  server.RaftServerConfigKeys (ConfUtils.java:logGet(46)) - raft.server.leaderelection.leader.step-down.wait-time = 10s (default)
2023-07-12 21:53:24,904 [d28e7615-a55a-42ee-a6c9-487437356628-groupManagement] INFO  server.RaftServerConfigKeys (ConfUtils.java:logGet(46)) - raft.server.sleep.deviation.threshold = 300ms (default)
2023-07-12 21:53:24,904 [d28e7615-a55a-42ee-a6c9-487437356628-groupManagement] INFO  server.RaftServer$Division (ServerState.java:<init>(120)) - d28e7615-a55a-42ee-a6c9-487437356628@group-B0E0F9104BB7: ConfigurationManager, init=-1: peers:[d28e7615-a55a-42ee-a6c9-487437356628|rpc:10.1.0.20:15014|admin:10.1.0.20:15013|client:10.1.0.20:15012|dataStream:10.1.0.20:15015|priority:0|startupRole:FOLLOWER, b63666e2-1779-4ee0-a542-9862edee389f|rpc:10.1.0.20:15023|admin:10.1.0.20:15022|client:10.1.0.20:15021|dataStream:10.1.0.20:15024|priority:0|startupRole:FOLLOWER, 2503d6b5-7af3-43aa-ac32-7e71e8cb8062|rpc:10.1.0.20:15032|admin:10.1.0.20:15031|client:10.1.0.20:15030|dataStream:10.1.0.20:15033|priority:1|startupRole:FOLLOWER]|listeners:[], old=null, confs=<EMPTY_MAP>
2023-07-12 21:53:24,905 [d28e7615-a55a-42ee-a6c9-487437356628-groupManagement] INFO  server.RaftServerConfigKeys (ConfUtils.java:logGet(46)) - raft.server.storage.dir = [/home/runner/work/ozone/ozone/hadoop-ozone/integration-test/target/test-dir/MiniOzoneClusterImpl-45e85e01-d716-41a3-b7bb-c5caf1d85614/datanode-0/data/ratis] (custom)
2023-07-12 21:53:24,905 [d28e7615-a55a-42ee-a6c9-487437356628-groupManagement] INFO  server.RaftServerConfigKeys (ConfUtils.java:logGet(46)) - raft.server.log.corruption.policy = EXCEPTION (default)
2023-07-12 21:53:24,905 [d28e7615-a55a-42ee-a6c9-487437356628-groupManagement] INFO  server.RaftServerConfigKeys (ConfUtils.java:logGet(46)) - raft.server.storage.free-space.min = 0MB (=0) (default)
2023-07-12 21:53:24,905 [d28e7615-a55a-42ee-a6c9-487437356628-groupManagement] INFO  server.RaftServerConfigKeys (ConfUtils.java:logGet(46)) - raft.server.notification.no-leader.timeout = 300s (custom)
2023-07-12 21:53:24,905 [d28e7615-a55a-42ee-a6c9-487437356628-groupManagement] INFO  server.RaftServerConfigKeys (ConfUtils.java:logGet(46)) - raft.server.read.timeout = 10s (default)
2023-07-12 21:53:24,905 [d28e7615-a55a-42ee-a6c9-487437356628-groupManagement] INFO  server.RaftServerConfigKeys (ConfUtils.java:logGet(46)) - raft.server.retrycache.expirytime = 600000ms (custom)
2023-07-12 21:53:24,905 [d28e7615-a55a-42ee-a6c9-487437356628-groupManagement] INFO  server.RaftServerConfigKeys (ConfUtils.java:logGet(46)) - raft.server.retrycache.statistics.expirytime = 100μs (default)
2023-07-12 21:53:24,905 [d28e7615-a55a-42ee-a6c9-487437356628-groupManagement] INFO  server.RaftServerConfigKeys (ConfUtils.java:logGet(46)) - raft.server.read.option = DEFAULT (default)
2023-07-12 21:53:24,907 [d28e7615-a55a-42ee-a6c9-487437356628-groupManagement] INFO  server.RaftServerConfigKeys (ConfUtils.java:logGet(46)) - raft.server.rpc.request.timeout = 60s (custom)
2023-07-12 21:53:24,908 [d28e7615-a55a-42ee-a6c9-487437356628-groupManagement] INFO  server.RaftServerConfigKeys (ConfUtils.java:logGet(46)) - raft.server.log.appender.install.snapshot.enabled = false (custom)
2023-07-12 21:53:24,908 [d28e7615-a55a-42ee-a6c9-487437356628-groupManagement] INFO  server.RaftServerConfigKeys (ConfUtils.java:logGet(46)) - raft.server.threadpool.server.cached = true (default)
2023-07-12 21:53:24,908 [d28e7615-a55a-42ee-a6c9-487437356628-groupManagement] INFO  server.RaftServerConfigKeys (ConfUtils.java:logGet(46)) - raft.server.threadpool.server.size = 0 (default)
2023-07-12 21:53:24,908 [d28e7615-a55a-42ee-a6c9-487437356628-groupManagement] INFO  server.RaftServerConfigKeys (ConfUtils.java:logGet(46)) - raft.server.threadpool.client.cached = true (default)
2023-07-12 21:53:24,908 [d28e7615-a55a-42ee-a6c9-487437356628-groupManagement] INFO  server.RaftServerConfigKeys (ConfUtils.java:logGet(46)) - raft.server.threadpool.client.size = 0 (default)
2023-07-12 21:53:24,908 [d28e7615-a55a-42ee-a6c9-487437356628-groupManagement] INFO  storage.RaftStorageDirectory (RaftStorageDirectoryImpl.java:analyzeStorage(137)) - The storage directory /home/runner/work/ozone/ozone/hadoop-ozone/integration-test/target/test-dir/MiniOzoneClusterImpl-45e85e01-d716-41a3-b7bb-c5caf1d85614/datanode-0/data/ratis/5c35cb4c-61c9-4cfe-b839-b0e0f9104bb7 does not exist. Creating ...
2023-07-12 21:53:24,910 [d28e7615-a55a-42ee-a6c9-487437356628-groupManagement] INFO  storage.RaftStorageDirectory (RaftStorageDirectoryImpl.java:tryLock(231)) - Lock on /home/runner/work/ozone/ozone/hadoop-ozone/integration-test/target/test-dir/MiniOzoneClusterImpl-45e85e01-d716-41a3-b7bb-c5caf1d85614/datanode-0/data/ratis/5c35cb4c-61c9-4cfe-b839-b0e0f9104bb7/in_use.lock acquired by nodename 107600@fv-az670-842
2023-07-12 21:53:24,911 [d28e7615-a55a-42ee-a6c9-487437356628-groupManagement] INFO  storage.RaftStorage (RaftStorageImpl.java:format(96)) - Storage directory /home/runner/work/ozone/ozone/hadoop-ozone/integration-test/target/test-dir/MiniOzoneClusterImpl-45e85e01-d716-41a3-b7bb-c5caf1d85614/datanode-0/data/ratis/5c35cb4c-61c9-4cfe-b839-b0e0f9104bb7 has been successfully formatted.
2023-07-12 21:53:24,913 [EventQueue-OpenPipelineForHealthyPipelineSafeModeRule] INFO  safemode.SCMSafeModeManager (HealthyPipelineSafeModeRule.java:process(137)) - SCM in safe mode. Healthy pipelines reported count is 0, required healthy pipeline reported count is 1
2023-07-12 21:53:24,914 [d28e7615-a55a-42ee-a6c9-487437356628-groupManagement] INFO  ratis.ContainerStateMachine (ContainerStateMachine.java:loadSnapshot(262)) - group-B0E0F9104BB7: The snapshot info is null. Setting the last applied indexto:(t:0, i:~)
2023-07-12 21:53:24,914 [d28e7615-a55a-42ee-a6c9-487437356628-groupManagement] INFO  server.RaftServerConfigKeys (ConfUtils.java:logGet(46)) - raft.server.log.use.memory = false (default)
2023-07-12 21:53:24,914 [d28e7615-a55a-42ee-a6c9-487437356628-groupManagement] INFO  server.RaftServerConfigKeys (ConfUtils.java:logGet(46)) - raft.server.log.purge.gap = 1000000 (custom)
2023-07-12 21:53:24,915 [d28e7615-a55a-42ee-a6c9-487437356628-groupManagement] INFO  server.RaftServerConfigKeys (ConfUtils.java:logGet(46)) - raft.server.log.appender.buffer.byte-limit = 33554432 (custom)
2023-07-12 21:53:24,915 [d28e7615-a55a-42ee-a6c9-487437356628-groupManagement] INFO  server.RaftServerConfigKeys (ConfUtils.java:logGet(46)) - raft.server.log.statemachine.data.read.timeout = 1000ms (default)
2023-07-12 21:53:24,915 [d28e7615-a55a-42ee-a6c9-487437356628-groupManagement] INFO  server.RaftServerConfigKeys (ConfUtils.java:logGet(46)) - raft.server.log.purge.preservation.log.num = 0 (default)
2023-07-12 21:53:24,915 [d28e7615-a55a-42ee-a6c9-487437356628-groupManagement] INFO  server.RaftServerConfigKeys (ConfUtils.java:logGet(46)) - raft.server.log.segment.size.max = 1048576 (custom)
2023-07-12 21:53:24,915 [d28e7615-a55a-42ee-a6c9-487437356628-groupManagement] INFO  server.RaftServerConfigKeys (ConfUtils.java:logGet(46)) - raft.server.log.segment.cache.num.max = 2 (custom)
2023-07-12 21:53:24,915 [d28e7615-a55a-42ee-a6c9-487437356628-groupManagement] INFO  server.RaftServerConfigKeys (ConfUtils.java:logGet(46)) - raft.server.log.segment.cache.size.max = 200MB (=209715200) (default)
2023-07-12 21:53:24,915 [d28e7615-a55a-42ee-a6c9-487437356628-groupManagement] INFO  server.RaftServerConfigKeys (ConfUtils.java:logGet(46)) - raft.server.log.appender.buffer.byte-limit = 33554432 (custom)
2023-07-12 21:53:24,916 [d28e7615-a55a-42ee-a6c9-487437356628-groupManagement] INFO  segmented.SegmentedRaftLogWorker (SegmentedRaftLogWorker.java:<init>(188)) - new d28e7615-a55a-42ee-a6c9-487437356628@group-B0E0F9104BB7-SegmentedRaftLogWorker for RaftStorageImpl:Storage Directory /home/runner/work/ozone/ozone/hadoop-ozone/integration-test/target/test-dir/MiniOzoneClusterImpl-45e85e01-d716-41a3-b7bb-c5caf1d85614/datanode-0/data/ratis/5c35cb4c-61c9-4cfe-b839-b0e0f9104bb7
2023-07-12 21:53:24,916 [d28e7615-a55a-42ee-a6c9-487437356628-groupManagement] INFO  server.RaftServerConfigKeys (ConfUtils.java:logGet(46)) - raft.server.log.queue.byte-limit = 4294967296 (custom)
2023-07-12 21:53:24,916 [d28e7615-a55a-42ee-a6c9-487437356628-groupManagement] INFO  server.RaftServerConfigKeys (ConfUtils.java:logGet(46)) - raft.server.log.queue.element-limit = 1024 (custom)
2023-07-12 21:53:24,916 [d28e7615-a55a-42ee-a6c9-487437356628-groupManagement] INFO  server.RaftServerConfigKeys (ConfUtils.java:logGet(46)) - raft.server.log.segment.size.max = 1048576 (custom)
2023-07-12 21:53:24,916 [d28e7615-a55a-42ee-a6c9-487437356628-groupManagement] INFO  server.RaftServerConfigKeys (ConfUtils.java:logGet(46)) - raft.server.log.preallocated.size = 16384 (custom)
2023-07-12 21:53:24,916 [d28e7615-a55a-42ee-a6c9-487437356628-groupManagement] INFO  server.RaftServerConfigKeys (ConfUtils.java:logGet(46)) - raft.server.log.force.sync.num = 128 (default)
2023-07-12 21:53:24,916 [d28e7615-a55a-42ee-a6c9-487437356628-groupManagement] INFO  server.RaftServerConfigKeys (ConfUtils.java:logGet(46)) - raft.server.log.statemachine.data.sync = true (default)
2023-07-12 21:53:24,916 [d28e7615-a55a-42ee-a6c9-487437356628-groupManagement] INFO  server.RaftServerConfigKeys (ConfUtils.java:logGet(46)) - raft.server.log.statemachine.data.sync.timeout = 10s (default)
2023-07-12 21:53:24,916 [d28e7615-a55a-42ee-a6c9-487437356628-groupManagement] INFO  server.RaftServerConfigKeys (ConfUtils.java:logGet(46)) - raft.server.log.statemachine.data.sync.timeout.retry = -1 (default)
2023-07-12 21:53:24,917 [d28e7615-a55a-42ee-a6c9-487437356628-groupManagement] INFO  server.RaftServerConfigKeys (ConfUtils.java:logGet(46)) - raft.server.log.write.buffer.size = 1048576 (custom)
2023-07-12 21:53:24,918 [d28e7615-a55a-42ee-a6c9-487437356628-groupManagement] INFO  server.RaftServerConfigKeys (ConfUtils.java:logGet(46)) - raft.server.log.appender.buffer.byte-limit = 33554432 (custom)
2023-07-12 21:53:24,921 [d28e7615-a55a-42ee-a6c9-487437356628-groupManagement] INFO  server.RaftServerConfigKeys (ConfUtils.java:logGet(46)) - raft.server.log.unsafe-flush.enabled = false (default)
2023-07-12 21:53:24,921 [d28e7615-a55a-42ee-a6c9-487437356628-groupManagement] INFO  server.RaftServerConfigKeys (ConfUtils.java:logGet(46)) - raft.server.log.async-flush.enabled = false (default)
2023-07-12 21:53:24,921 [d28e7615-a55a-42ee-a6c9-487437356628-groupManagement] INFO  server.RaftServerConfigKeys (ConfUtils.java:logGet(46)) - raft.server.log.statemachine.data.caching.enabled = true (custom)
2023-07-12 21:53:24,921 [d28e7615-a55a-42ee-a6c9-487437356628-groupManagement] INFO  segmented.SegmentedRaftLogWorker (SegmentedRaftLogWorker.java:lambda$new$0(135)) - d28e7615-a55a-42ee-a6c9-487437356628@group-B0E0F9104BB7-SegmentedRaftLogWorker: flushIndex: setUnconditionally 0 -> -1
2023-07-12 21:53:24,921 [d28e7615-a55a-42ee-a6c9-487437356628-groupManagement] INFO  segmented.SegmentedRaftLogWorker (SegmentedRaftLogWorker.java:lambda$new$0(135)) - d28e7615-a55a-42ee-a6c9-487437356628@group-B0E0F9104BB7-SegmentedRaftLogWorker: safeCacheEvictIndex: setUnconditionally 0 -> -1
2023-07-12 21:53:24,921 [d28e7615-a55a-42ee-a6c9-487437356628-groupManagement] INFO  server.RaftServer$Division (RaftServerImpl.java:start(342)) - d28e7615-a55a-42ee-a6c9-487437356628@group-B0E0F9104BB7: start as a follower, conf=-1: peers:[d28e7615-a55a-42ee-a6c9-487437356628|rpc:10.1.0.20:15014|admin:10.1.0.20:15013|client:10.1.0.20:15012|dataStream:10.1.0.20:15015|priority:0|startupRole:FOLLOWER, b63666e2-1779-4ee0-a542-9862edee389f|rpc:10.1.0.20:15023|admin:10.1.0.20:15022|client:10.1.0.20:15021|dataStream:10.1.0.20:15024|priority:0|startupRole:FOLLOWER, 2503d6b5-7af3-43aa-ac32-7e71e8cb8062|rpc:10.1.0.20:15032|admin:10.1.0.20:15031|client:10.1.0.20:15030|dataStream:10.1.0.20:15033|priority:1|startupRole:FOLLOWER]|listeners:[], old=null
2023-07-12 21:53:24,921 [d28e7615-a55a-42ee-a6c9-487437356628-groupManagement] INFO  server.RaftServer$Division (RaftServerImpl.java:setRole(329)) - d28e7615-a55a-42ee-a6c9-487437356628@group-B0E0F9104BB7: changes role from      null to FOLLOWER at term 0 for startAsFollower
2023-07-12 21:53:24,922 [d28e7615-a55a-42ee-a6c9-487437356628-groupManagement] INFO  impl.RoleInfo (RoleInfo.java:updateAndGet(139)) - d28e7615-a55a-42ee-a6c9-487437356628: start d28e7615-a55a-42ee-a6c9-487437356628@group-B0E0F9104BB7-FollowerState
2023-07-12 21:53:24,924 [d28e7615-a55a-42ee-a6c9-487437356628-groupManagement] INFO  util.JmxRegister (JmxRegister.java:tryRegister(44)) - Successfully registered JMX Bean with object name Ratis:service=RaftServer,group=group-B0E0F9104BB7,id=d28e7615-a55a-42ee-a6c9-487437356628
2023-07-12 21:53:24,924 [d28e7615-a55a-42ee-a6c9-487437356628-groupManagement] INFO  server.RaftServerConfigKeys (ConfUtils.java:logGet(46)) - raft.server.snapshot.auto.trigger.enabled = true (custom)
2023-07-12 21:53:24,924 [d28e7615-a55a-42ee-a6c9-487437356628-groupManagement] INFO  server.RaftServerConfigKeys (ConfUtils.java:logGet(46)) - raft.server.snapshot.auto.trigger.threshold = 10000 (custom)
2023-07-12 21:53:24,924 [d28e7615-a55a-42ee-a6c9-487437356628-groupManagement] INFO  server.RaftServerConfigKeys (ConfUtils.java:logGet(46)) - raft.server.snapshot.retention.file.num = 5 (custom)
2023-07-12 21:53:24,924 [d28e7615-a55a-42ee-a6c9-487437356628-groupManagement] INFO  server.RaftServerConfigKeys (ConfUtils.java:logGet(46)) - raft.server.log.purge.upto.snapshot.index = false (default)
2023-07-12 21:53:24,925 [PipelineCommandHandlerThread-0] INFO  ratis.XceiverServerRatis (XceiverServerRatis.java:addGroup(804)) - Created group PipelineID=5c35cb4c-61c9-4cfe-b839-b0e0f9104bb7
2023-07-12 21:53:24,926 [d28e7615-a55a-42ee-a6c9-487437356628@group-B0E0F9104BB7-FollowerState] INFO  server.RaftServerConfigKeys (ConfUtils.java:logFallback(53)) - raft.server.rpc.first-election.timeout.min = 5s (fallback to raft.server.rpc.timeout.min)
2023-07-12 21:53:24,926 [d28e7615-a55a-42ee-a6c9-487437356628@group-B0E0F9104BB7-FollowerState] INFO  server.RaftServerConfigKeys (ConfUtils.java:logFallback(53)) - raft.server.rpc.first-election.timeout.max = 5200ms (fallback to raft.server.rpc.timeout.max)
2023-07-12 21:53:25,230 [grpc-default-executor-0] INFO  server.RaftServer (RaftServerProxy.java:addNew(98)) - b63666e2-1779-4ee0-a542-9862edee389f: addNew group-B0E0F9104BB7:[d28e7615-a55a-42ee-a6c9-487437356628|rpc:10.1.0.20:15014|admin:10.1.0.20:15013|client:10.1.0.20:15012|dataStream:10.1.0.20:15015|priority:0|startupRole:FOLLOWER, b63666e2-1779-4ee0-a542-9862edee389f|rpc:10.1.0.20:15023|admin:10.1.0.20:15022|client:10.1.0.20:15021|dataStream:10.1.0.20:15024|priority:0|startupRole:FOLLOWER, 2503d6b5-7af3-43aa-ac32-7e71e8cb8062|rpc:10.1.0.20:15032|admin:10.1.0.20:15031|client:10.1.0.20:15030|dataStream:10.1.0.20:15033|priority:1|startupRole:FOLLOWER] returns group-B0E0F9104BB7:java.util.concurrent.CompletableFuture@4bbc9322[Not completed]
2023-07-12 21:53:25,231 [b63666e2-1779-4ee0-a542-9862edee389f-groupManagement] INFO  server.RaftServer$Division (RaftServerImpl.java:<init>(198)) - b63666e2-1779-4ee0-a542-9862edee389f: new RaftServerImpl for group-B0E0F9104BB7:[d28e7615-a55a-42ee-a6c9-487437356628|rpc:10.1.0.20:15014|admin:10.1.0.20:15013|client:10.1.0.20:15012|dataStream:10.1.0.20:15015|priority:0|startupRole:FOLLOWER, b63666e2-1779-4ee0-a542-9862edee389f|rpc:10.1.0.20:15023|admin:10.1.0.20:15022|client:10.1.0.20:15021|dataStream:10.1.0.20:15024|priority:0|startupRole:FOLLOWER, 2503d6b5-7af3-43aa-ac32-7e71e8cb8062|rpc:10.1.0.20:15032|admin:10.1.0.20:15031|client:10.1.0.20:15030|dataStream:10.1.0.20:15033|priority:1|startupRole:FOLLOWER] with ContainerStateMachine:uninitialized
2023-07-12 21:53:25,232 [b63666e2-1779-4ee0-a542-9862edee389f-groupManagement] INFO  server.RaftServerConfigKeys (ConfUtils.java:logGet(46)) - raft.server.rpc.timeout.min = 5s (custom)
2023-07-12 21:53:25,232 [b63666e2-1779-4ee0-a542-9862edee389f-groupManagement] INFO  server.RaftServerConfigKeys (ConfUtils.java:logGet(46)) - raft.server.rpc.timeout.max = 5200ms (custom)
2023-07-12 21:53:25,232 [b63666e2-1779-4ee0-a542-9862edee389f-groupManagement] INFO  server.RaftServerConfigKeys (ConfUtils.java:logGet(46)) - raft.server.rpc.sleep.time = 25ms (default)
2023-07-12 21:53:25,232 [b63666e2-1779-4ee0-a542-9862edee389f-groupManagement] INFO  server.RaftServerConfigKeys (ConfUtils.java:logGet(46)) - raft.server.rpc.slowness.timeout = 300s (custom)
2023-07-12 21:53:25,232 [b63666e2-1779-4ee0-a542-9862edee389f-groupManagement] INFO  server.RaftServerConfigKeys (ConfUtils.java:logGet(46)) - raft.server.leaderelection.leader.step-down.wait-time = 10s (default)
2023-07-12 21:53:25,232 [b63666e2-1779-4ee0-a542-9862edee389f-groupManagement] INFO  server.RaftServerConfigKeys (ConfUtils.java:logGet(46)) - raft.server.sleep.deviation.threshold = 300ms (default)
2023-07-12 21:53:25,232 [b63666e2-1779-4ee0-a542-9862edee389f-groupManagement] INFO  server.RaftServer$Division (ServerState.java:<init>(120)) - b63666e2-1779-4ee0-a542-9862edee389f@group-B0E0F9104BB7: ConfigurationManager, init=-1: peers:[d28e7615-a55a-42ee-a6c9-487437356628|rpc:10.1.0.20:15014|admin:10.1.0.20:15013|client:10.1.0.20:15012|dataStream:10.1.0.20:15015|priority:0|startupRole:FOLLOWER, b63666e2-1779-4ee0-a542-9862edee389f|rpc:10.1.0.20:15023|admin:10.1.0.20:15022|client:10.1.0.20:15021|dataStream:10.1.0.20:15024|priority:0|startupRole:FOLLOWER, 2503d6b5-7af3-43aa-ac32-7e71e8cb8062|rpc:10.1.0.20:15032|admin:10.1.0.20:15031|client:10.1.0.20:15030|dataStream:10.1.0.20:15033|priority:1|startupRole:FOLLOWER]|listeners:[], old=null, confs=<EMPTY_MAP>
2023-07-12 21:53:25,232 [b63666e2-1779-4ee0-a542-9862edee389f-groupManagement] INFO  server.RaftServerConfigKeys (ConfUtils.java:logGet(46)) - raft.server.storage.dir = [/home/runner/work/ozone/ozone/hadoop-ozone/integration-test/target/test-dir/MiniOzoneClusterImpl-45e85e01-d716-41a3-b7bb-c5caf1d85614/datanode-1/data/ratis] (custom)
2023-07-12 21:53:25,232 [b63666e2-1779-4ee0-a542-9862edee389f-groupManagement] INFO  server.RaftServerConfigKeys (ConfUtils.java:logGet(46)) - raft.server.log.corruption.policy = EXCEPTION (default)
2023-07-12 21:53:25,232 [b63666e2-1779-4ee0-a542-9862edee389f-groupManagement] INFO  server.RaftServerConfigKeys (ConfUtils.java:logGet(46)) - raft.server.storage.free-space.min = 0MB (=0) (default)
2023-07-12 21:53:25,232 [b63666e2-1779-4ee0-a542-9862edee389f-groupManagement] INFO  server.RaftServerConfigKeys (ConfUtils.java:logGet(46)) - raft.server.notification.no-leader.timeout = 300s (custom)
2023-07-12 21:53:25,232 [b63666e2-1779-4ee0-a542-9862edee389f-groupManagement] INFO  server.RaftServerConfigKeys (ConfUtils.java:logGet(46)) - raft.server.read.timeout = 10s (default)
2023-07-12 21:53:25,232 [b63666e2-1779-4ee0-a542-9862edee389f-groupManagement] INFO  server.RaftServerConfigKeys (ConfUtils.java:logGet(46)) - raft.server.retrycache.expirytime = 600000ms (custom)
2023-07-12 21:53:25,233 [b63666e2-1779-4ee0-a542-9862edee389f-groupManagement] INFO  server.RaftServerConfigKeys (ConfUtils.java:logGet(46)) - raft.server.retrycache.statistics.expirytime = 100μs (default)
2023-07-12 21:53:25,233 [b63666e2-1779-4ee0-a542-9862edee389f-groupManagement] INFO  server.RaftServerConfigKeys (ConfUtils.java:logGet(46)) - raft.server.read.option = DEFAULT (default)
2023-07-12 21:53:25,234 [b63666e2-1779-4ee0-a542-9862edee389f-groupManagement] INFO  server.RaftServerConfigKeys (ConfUtils.java:logGet(46)) - raft.server.rpc.request.timeout = 60s (custom)
2023-07-12 21:53:25,234 [b63666e2-1779-4ee0-a542-9862edee389f-groupManagement] INFO  server.RaftServerConfigKeys (ConfUtils.java:logGet(46)) - raft.server.log.appender.install.snapshot.enabled = false (custom)
2023-07-12 21:53:25,234 [b63666e2-1779-4ee0-a542-9862edee389f-groupManagement] INFO  server.RaftServerConfigKeys (ConfUtils.java:logGet(46)) - raft.server.threadpool.server.cached = true (default)
2023-07-12 21:53:25,234 [b63666e2-1779-4ee0-a542-9862edee389f-groupManagement] INFO  server.RaftServerConfigKeys (ConfUtils.java:logGet(46)) - raft.server.threadpool.server.size = 0 (default)
2023-07-12 21:53:25,234 [b63666e2-1779-4ee0-a542-9862edee389f-groupManagement] INFO  server.RaftServerConfigKeys (ConfUtils.java:logGet(46)) - raft.server.threadpool.client.cached = true (default)
2023-07-12 21:53:25,234 [b63666e2-1779-4ee0-a542-9862edee389f-groupManagement] INFO  server.RaftServerConfigKeys (ConfUtils.java:logGet(46)) - raft.server.threadpool.client.size = 0 (default)
2023-07-12 21:53:25,234 [b63666e2-1779-4ee0-a542-9862edee389f-groupManagement] INFO  storage.RaftStorageDirectory (RaftStorageDirectoryImpl.java:analyzeStorage(137)) - The storage directory /home/runner/work/ozone/ozone/hadoop-ozone/integration-test/target/test-dir/MiniOzoneClusterImpl-45e85e01-d716-41a3-b7bb-c5caf1d85614/datanode-1/data/ratis/5c35cb4c-61c9-4cfe-b839-b0e0f9104bb7 does not exist. Creating ...
2023-07-12 21:53:25,236 [b63666e2-1779-4ee0-a542-9862edee389f-groupManagement] INFO  storage.RaftStorageDirectory (RaftStorageDirectoryImpl.java:tryLock(231)) - Lock on /home/runner/work/ozone/ozone/hadoop-ozone/integration-test/target/test-dir/MiniOzoneClusterImpl-45e85e01-d716-41a3-b7bb-c5caf1d85614/datanode-1/data/ratis/5c35cb4c-61c9-4cfe-b839-b0e0f9104bb7/in_use.lock acquired by nodename 107600@fv-az670-842
2023-07-12 21:53:25,238 [b63666e2-1779-4ee0-a542-9862edee389f-groupManagement] INFO  storage.RaftStorage (RaftStorageImpl.java:format(96)) - Storage directory /home/runner/work/ozone/ozone/hadoop-ozone/integration-test/target/test-dir/MiniOzoneClusterImpl-45e85e01-d716-41a3-b7bb-c5caf1d85614/datanode-1/data/ratis/5c35cb4c-61c9-4cfe-b839-b0e0f9104bb7 has been successfully formatted.
2023-07-12 21:53:25,245 [b63666e2-1779-4ee0-a542-9862edee389f-groupManagement] INFO  ratis.ContainerStateMachine (ContainerStateMachine.java:loadSnapshot(262)) - group-B0E0F9104BB7: The snapshot info is null. Setting the last applied indexto:(t:0, i:~)
2023-07-12 21:53:25,246 [b63666e2-1779-4ee0-a542-9862edee389f-groupManagement] INFO  server.RaftServerConfigKeys (ConfUtils.java:logGet(46)) - raft.server.log.use.memory = false (default)
2023-07-12 21:53:25,246 [b63666e2-1779-4ee0-a542-9862edee389f-groupManagement] INFO  server.RaftServerConfigKeys (ConfUtils.java:logGet(46)) - raft.server.log.purge.gap = 1000000 (custom)
2023-07-12 21:53:25,246 [b63666e2-1779-4ee0-a542-9862edee389f-groupManagement] INFO  server.RaftServerConfigKeys (ConfUtils.java:logGet(46)) - raft.server.log.appender.buffer.byte-limit = 33554432 (custom)
2023-07-12 21:53:25,246 [b63666e2-1779-4ee0-a542-9862edee389f-groupManagement] INFO  server.RaftServerConfigKeys (ConfUtils.java:logGet(46)) - raft.server.log.statemachine.data.read.timeout = 1000ms (default)
2023-07-12 21:53:25,249 [b63666e2-1779-4ee0-a542-9862edee389f-groupManagement] INFO  server.RaftServerConfigKeys (ConfUtils.java:logGet(46)) - raft.server.log.purge.preservation.log.num = 0 (default)
2023-07-12 21:53:25,252 [b63666e2-1779-4ee0-a542-9862edee389f-groupManagement] INFO  server.RaftServerConfigKeys (ConfUtils.java:logGet(46)) - raft.server.log.segment.size.max = 1048576 (custom)
2023-07-12 21:53:25,254 [b63666e2-1779-4ee0-a542-9862edee389f-groupManagement] INFO  server.RaftServerConfigKeys (ConfUtils.java:logGet(46)) - raft.server.log.segment.cache.num.max = 2 (custom)
2023-07-12 21:53:25,254 [b63666e2-1779-4ee0-a542-9862edee389f-groupManagement] INFO  server.RaftServerConfigKeys (ConfUtils.java:logGet(46)) - raft.server.log.segment.cache.size.max = 200MB (=209715200) (default)
2023-07-12 21:53:25,254 [b63666e2-1779-4ee0-a542-9862edee389f-groupManagement] INFO  server.RaftServerConfigKeys (ConfUtils.java:logGet(46)) - raft.server.log.appender.buffer.byte-limit = 33554432 (custom)
2023-07-12 21:53:25,257 [b63666e2-1779-4ee0-a542-9862edee389f-groupManagement] INFO  segmented.SegmentedRaftLogWorker (SegmentedRaftLogWorker.java:<init>(188)) - new b63666e2-1779-4ee0-a542-9862edee389f@group-B0E0F9104BB7-SegmentedRaftLogWorker for RaftStorageImpl:Storage Directory /home/runner/work/ozone/ozone/hadoop-ozone/integration-test/target/test-dir/MiniOzoneClusterImpl-45e85e01-d716-41a3-b7bb-c5caf1d85614/datanode-1/data/ratis/5c35cb4c-61c9-4cfe-b839-b0e0f9104bb7
2023-07-12 21:53:25,257 [b63666e2-1779-4ee0-a542-9862edee389f-groupManagement] INFO  server.RaftServerConfigKeys (ConfUtils.java:logGet(46)) - raft.server.log.queue.byte-limit = 4294967296 (custom)
2023-07-12 21:53:25,257 [b63666e2-1779-4ee0-a542-9862edee389f-groupManagement] INFO  server.RaftServerConfigKeys (ConfUtils.java:logGet(46)) - raft.server.log.queue.element-limit = 1024 (custom)
2023-07-12 21:53:25,257 [b63666e2-1779-4ee0-a542-9862edee389f-groupManagement] INFO  server.RaftServerConfigKeys (ConfUtils.java:logGet(46)) - raft.server.log.segment.size.max = 1048576 (custom)
2023-07-12 21:53:25,257 [b63666e2-1779-4ee0-a542-9862edee389f-groupManagement] INFO  server.RaftServerConfigKeys (ConfUtils.java:logGet(46)) - raft.server.log.preallocated.size = 16384 (custom)
2023-07-12 21:53:25,257 [b63666e2-1779-4ee0-a542-9862edee389f-groupManagement] INFO  server.RaftServerConfigKeys (ConfUtils.java:logGet(46)) - raft.server.log.force.sync.num = 128 (default)
2023-07-12 21:53:25,257 [b63666e2-1779-4ee0-a542-9862edee389f-groupManagement] INFO  server.RaftServerConfigKeys (ConfUtils.java:logGet(46)) - raft.server.log.statemachine.data.sync = true (default)
2023-07-12 21:53:25,257 [b63666e2-1779-4ee0-a542-9862edee389f-groupManagement] INFO  server.RaftServerConfigKeys (ConfUtils.java:logGet(46)) - raft.server.log.statemachine.data.sync.timeout = 10s (default)
2023-07-12 21:53:25,257 [b63666e2-1779-4ee0-a542-9862edee389f-groupManagement] INFO  server.RaftServerConfigKeys (ConfUtils.java:logGet(46)) - raft.server.log.statemachine.data.sync.timeout.retry = -1 (default)
2023-07-12 21:53:25,258 [b63666e2-1779-4ee0-a542-9862edee389f-groupManagement] INFO  server.RaftServerConfigKeys (ConfUtils.java:logGet(46)) - raft.server.log.write.buffer.size = 1048576 (custom)
2023-07-12 21:53:25,258 [b63666e2-1779-4ee0-a542-9862edee389f-groupManagement] INFO  server.RaftServerConfigKeys (ConfUtils.java:logGet(46)) - raft.server.log.appender.buffer.byte-limit = 33554432 (custom)
2023-07-12 21:53:25,262 [b63666e2-1779-4ee0-a542-9862edee389f-groupManagement] INFO  server.RaftServerConfigKeys (ConfUtils.java:logGet(46)) - raft.server.log.unsafe-flush.enabled = false (default)
2023-07-12 21:53:25,262 [b63666e2-1779-4ee0-a542-9862edee389f-groupManagement] INFO  server.RaftServerConfigKeys (ConfUtils.java:logGet(46)) - raft.server.log.async-flush.enabled = false (default)
2023-07-12 21:53:25,262 [b63666e2-1779-4ee0-a542-9862edee389f-groupManagement] INFO  server.RaftServerConfigKeys (ConfUtils.java:logGet(46)) - raft.server.log.statemachine.data.caching.enabled = true (custom)
2023-07-12 21:53:25,262 [b63666e2-1779-4ee0-a542-9862edee389f-groupManagement] INFO  segmented.SegmentedRaftLogWorker (SegmentedRaftLogWorker.java:lambda$new$0(135)) - b63666e2-1779-4ee0-a542-9862edee389f@group-B0E0F9104BB7-SegmentedRaftLogWorker: flushIndex: setUnconditionally 0 -> -1
2023-07-12 21:53:25,262 [b63666e2-1779-4ee0-a542-9862edee389f-groupManagement] INFO  segmented.SegmentedRaftLogWorker (SegmentedRaftLogWorker.java:lambda$new$0(135)) - b63666e2-1779-4ee0-a542-9862edee389f@group-B0E0F9104BB7-SegmentedRaftLogWorker: safeCacheEvictIndex: setUnconditionally 0 -> -1
2023-07-12 21:53:25,262 [b63666e2-1779-4ee0-a542-9862edee389f-groupManagement] INFO  server.RaftServer$Division (RaftServerImpl.java:start(342)) - b63666e2-1779-4ee0-a542-9862edee389f@group-B0E0F9104BB7: start as a follower, conf=-1: peers:[d28e7615-a55a-42ee-a6c9-487437356628|rpc:10.1.0.20:15014|admin:10.1.0.20:15013|client:10.1.0.20:15012|dataStream:10.1.0.20:15015|priority:0|startupRole:FOLLOWER, b63666e2-1779-4ee0-a542-9862edee389f|rpc:10.1.0.20:15023|admin:10.1.0.20:15022|client:10.1.0.20:15021|dataStream:10.1.0.20:15024|priority:0|startupRole:FOLLOWER, 2503d6b5-7af3-43aa-ac32-7e71e8cb8062|rpc:10.1.0.20:15032|admin:10.1.0.20:15031|client:10.1.0.20:15030|dataStream:10.1.0.20:15033|priority:1|startupRole:FOLLOWER]|listeners:[], old=null
2023-07-12 21:53:25,263 [b63666e2-1779-4ee0-a542-9862edee389f-groupManagement] INFO  server.RaftServer$Division (RaftServerImpl.java:setRole(329)) - b63666e2-1779-4ee0-a542-9862edee389f@group-B0E0F9104BB7: changes role from      null to FOLLOWER at term 0 for startAsFollower
2023-07-12 21:53:25,263 [b63666e2-1779-4ee0-a542-9862edee389f-groupManagement] INFO  impl.RoleInfo (RoleInfo.java:updateAndGet(139)) - b63666e2-1779-4ee0-a542-9862edee389f: start b63666e2-1779-4ee0-a542-9862edee389f@group-B0E0F9104BB7-FollowerState
2023-07-12 21:53:25,265 [b63666e2-1779-4ee0-a542-9862edee389f@group-B0E0F9104BB7-FollowerState] INFO  server.RaftServerConfigKeys (ConfUtils.java:logFallback(53)) - raft.server.rpc.first-election.timeout.min = 5s (fallback to raft.server.rpc.timeout.min)
2023-07-12 21:53:25,266 [b63666e2-1779-4ee0-a542-9862edee389f-groupManagement] INFO  util.JmxRegister (JmxRegister.java:tryRegister(44)) - Successfully registered JMX Bean with object name Ratis:service=RaftServer,group=group-B0E0F9104BB7,id=b63666e2-1779-4ee0-a542-9862edee389f
2023-07-12 21:53:25,269 [b63666e2-1779-4ee0-a542-9862edee389f@group-B0E0F9104BB7-FollowerState] INFO  server.RaftServerConfigKeys (ConfUtils.java:logFallback(53)) - raft.server.rpc.first-election.timeout.max = 5200ms (fallback to raft.server.rpc.timeout.max)
2023-07-12 21:53:25,270 [b63666e2-1779-4ee0-a542-9862edee389f-groupManagement] INFO  server.RaftServerConfigKeys (ConfUtils.java:logGet(46)) - raft.server.snapshot.auto.trigger.enabled = true (custom)
2023-07-12 21:53:25,270 [b63666e2-1779-4ee0-a542-9862edee389f-groupManagement] INFO  server.RaftServerConfigKeys (ConfUtils.java:logGet(46)) - raft.server.snapshot.auto.trigger.threshold = 10000 (custom)
2023-07-12 21:53:25,270 [b63666e2-1779-4ee0-a542-9862edee389f-groupManagement] INFO  server.RaftServerConfigKeys (ConfUtils.java:logGet(46)) - raft.server.snapshot.retention.file.num = 5 (custom)
2023-07-12 21:53:25,270 [b63666e2-1779-4ee0-a542-9862edee389f-groupManagement] INFO  server.RaftServerConfigKeys (ConfUtils.java:logGet(46)) - raft.server.log.purge.upto.snapshot.index = false (default)
2023-07-12 21:53:25,306 [PipelineCommandHandlerThread-0] INFO  server.RaftServer (RaftServerProxy.java:addNew(98)) - b63666e2-1779-4ee0-a542-9862edee389f: addNew group-7865315563FB:[b63666e2-1779-4ee0-a542-9862edee389f|rpc:10.1.0.20:15023|admin:10.1.0.20:15022|client:10.1.0.20:15021|dataStream:10.1.0.20:15024|priority:1|startupRole:FOLLOWER] returns group-7865315563FB:java.util.concurrent.CompletableFuture@3ecac45a[Not completed]
2023-07-12 21:53:25,307 [b63666e2-1779-4ee0-a542-9862edee389f-groupManagement] INFO  server.RaftServer$Division (RaftServerImpl.java:<init>(198)) - b63666e2-1779-4ee0-a542-9862edee389f: new RaftServerImpl for group-7865315563FB:[b63666e2-1779-4ee0-a542-9862edee389f|rpc:10.1.0.20:15023|admin:10.1.0.20:15022|client:10.1.0.20:15021|dataStream:10.1.0.20:15024|priority:1|startupRole:FOLLOWER] with ContainerStateMachine:uninitialized
2023-07-12 21:53:25,307 [b63666e2-1779-4ee0-a542-9862edee389f-groupManagement] INFO  server.RaftServerConfigKeys (ConfUtils.java:logGet(46)) - raft.server.rpc.timeout.min = 5s (custom)
2023-07-12 21:53:25,307 [b63666e2-1779-4ee0-a542-9862edee389f-groupManagement] INFO  server.RaftServerConfigKeys (ConfUtils.java:logGet(46)) - raft.server.rpc.timeout.max = 5200ms (custom)
2023-07-12 21:53:25,307 [b63666e2-1779-4ee0-a542-9862edee389f-groupManagement] INFO  server.RaftServerConfigKeys (ConfUtils.java:logGet(46)) - raft.server.rpc.sleep.time = 25ms (default)
2023-07-12 21:53:25,307 [b63666e2-1779-4ee0-a542-9862edee389f-groupManagement] INFO  server.RaftServerConfigKeys (ConfUtils.java:logGet(46)) - raft.server.rpc.slowness.timeout = 300s (custom)
2023-07-12 21:53:25,307 [b63666e2-1779-4ee0-a542-9862edee389f-groupManagement] INFO  server.RaftServerConfigKeys (ConfUtils.java:logGet(46)) - raft.server.leaderelection.leader.step-down.wait-time = 10s (default)
2023-07-12 21:53:25,307 [b63666e2-1779-4ee0-a542-9862edee389f-groupManagement] INFO  server.RaftServerConfigKeys (ConfUtils.java:logGet(46)) - raft.server.sleep.deviation.threshold = 300ms (default)
2023-07-12 21:53:25,307 [b63666e2-1779-4ee0-a542-9862edee389f-groupManagement] INFO  server.RaftServer$Division (ServerState.java:<init>(120)) - b63666e2-1779-4ee0-a542-9862edee389f@group-7865315563FB: ConfigurationManager, init=-1: peers:[b63666e2-1779-4ee0-a542-9862edee389f|rpc:10.1.0.20:15023|admin:10.1.0.20:15022|client:10.1.0.20:15021|dataStream:10.1.0.20:15024|priority:1|startupRole:FOLLOWER]|listeners:[], old=null, confs=<EMPTY_MAP>
2023-07-12 21:53:25,307 [b63666e2-1779-4ee0-a542-9862edee389f-groupManagement] INFO  server.RaftServerConfigKeys (ConfUtils.java:logGet(46)) - raft.server.storage.dir = [/home/runner/work/ozone/ozone/hadoop-ozone/integration-test/target/test-dir/MiniOzoneClusterImpl-45e85e01-d716-41a3-b7bb-c5caf1d85614/datanode-1/data/ratis] (custom)
2023-07-12 21:53:25,308 [b63666e2-1779-4ee0-a542-9862edee389f-groupManagement] INFO  server.RaftServerConfigKeys (ConfUtils.java:logGet(46)) - raft.server.log.corruption.policy = EXCEPTION (default)
2023-07-12 21:53:25,308 [b63666e2-1779-4ee0-a542-9862edee389f-groupManagement] INFO  server.RaftServerConfigKeys (ConfUtils.java:logGet(46)) - raft.server.storage.free-space.min = 0MB (=0) (default)
2023-07-12 21:53:25,308 [b63666e2-1779-4ee0-a542-9862edee389f-groupManagement] INFO  server.RaftServerConfigKeys (ConfUtils.java:logGet(46)) - raft.server.notification.no-leader.timeout = 300s (custom)
2023-07-12 21:53:25,308 [b63666e2-1779-4ee0-a542-9862edee389f-groupManagement] INFO  server.RaftServerConfigKeys (ConfUtils.java:logGet(46)) - raft.server.read.timeout = 10s (default)
2023-07-12 21:53:25,308 [b63666e2-1779-4ee0-a542-9862edee389f-groupManagement] INFO  server.RaftServerConfigKeys (ConfUtils.java:logGet(46)) - raft.server.retrycache.expirytime = 600000ms (custom)
2023-07-12 21:53:25,308 [b63666e2-1779-4ee0-a542-9862edee389f-groupManagement] INFO  server.RaftServerConfigKeys (ConfUtils.java:logGet(46)) - raft.server.retrycache.statistics.expirytime = 100μs (default)
2023-07-12 21:53:25,308 [b63666e2-1779-4ee0-a542-9862edee389f-groupManagement] INFO  server.RaftServerConfigKeys (ConfUtils.java:logGet(46)) - raft.server.read.option = DEFAULT (default)
2023-07-12 21:53:25,316 [b63666e2-1779-4ee0-a542-9862edee389f-groupManagement] INFO  server.RaftServerConfigKeys (ConfUtils.java:logGet(46)) - raft.server.rpc.request.timeout = 60s (custom)
2023-07-12 21:53:25,316 [b63666e2-1779-4ee0-a542-9862edee389f-groupManagement] INFO  server.RaftServerConfigKeys (ConfUtils.java:logGet(46)) - raft.server.log.appender.install.snapshot.enabled = false (custom)
2023-07-12 21:53:25,316 [b63666e2-1779-4ee0-a542-9862edee389f-groupManagement] INFO  server.RaftServerConfigKeys (ConfUtils.java:logGet(46)) - raft.server.threadpool.server.cached = true (default)
2023-07-12 21:53:25,316 [b63666e2-1779-4ee0-a542-9862edee389f-groupManagement] INFO  server.RaftServerConfigKeys (ConfUtils.java:logGet(46)) - raft.server.threadpool.server.size = 0 (default)
2023-07-12 21:53:25,316 [b63666e2-1779-4ee0-a542-9862edee389f-groupManagement] INFO  server.RaftServerConfigKeys (ConfUtils.java:logGet(46)) - raft.server.threadpool.client.cached = true (default)
2023-07-12 21:53:25,316 [b63666e2-1779-4ee0-a542-9862edee389f-groupManagement] INFO  server.RaftServerConfigKeys (ConfUtils.java:logGet(46)) - raft.server.threadpool.client.size = 0 (default)
2023-07-12 21:53:25,317 [b63666e2-1779-4ee0-a542-9862edee389f-groupManagement] INFO  storage.RaftStorageDirectory (RaftStorageDirectoryImpl.java:analyzeStorage(137)) - The storage directory /home/runner/work/ozone/ozone/hadoop-ozone/integration-test/target/test-dir/MiniOzoneClusterImpl-45e85e01-d716-41a3-b7bb-c5caf1d85614/datanode-1/data/ratis/6b5e0819-c75a-4ff4-84dc-7865315563fb does not exist. Creating ...
2023-07-12 21:53:25,319 [b63666e2-1779-4ee0-a542-9862edee389f-groupManagement] INFO  storage.RaftStorageDirectory (RaftStorageDirectoryImpl.java:tryLock(231)) - Lock on /home/runner/work/ozone/ozone/hadoop-ozone/integration-test/target/test-dir/MiniOzoneClusterImpl-45e85e01-d716-41a3-b7bb-c5caf1d85614/datanode-1/data/ratis/6b5e0819-c75a-4ff4-84dc-7865315563fb/in_use.lock acquired by nodename 107600@fv-az670-842
2023-07-12 21:53:25,325 [b63666e2-1779-4ee0-a542-9862edee389f-groupManagement] INFO  storage.RaftStorage (RaftStorageImpl.java:format(96)) - Storage directory /home/runner/work/ozone/ozone/hadoop-ozone/integration-test/target/test-dir/MiniOzoneClusterImpl-45e85e01-d716-41a3-b7bb-c5caf1d85614/datanode-1/data/ratis/6b5e0819-c75a-4ff4-84dc-7865315563fb has been successfully formatted.
2023-07-12 21:53:25,327 [b63666e2-1779-4ee0-a542-9862edee389f-groupManagement] INFO  ratis.ContainerStateMachine (ContainerStateMachine.java:loadSnapshot(262)) - group-7865315563FB: The snapshot info is null. Setting the last applied indexto:(t:0, i:~)
2023-07-12 21:53:25,327 [b63666e2-1779-4ee0-a542-9862edee389f-groupManagement] INFO  server.RaftServerConfigKeys (ConfUtils.java:logGet(46)) - raft.server.log.use.memory = false (default)
2023-07-12 21:53:25,327 [b63666e2-1779-4ee0-a542-9862edee389f-groupManagement] INFO  server.RaftServerConfigKeys (ConfUtils.java:logGet(46)) - raft.server.log.purge.gap = 1000000 (custom)
2023-07-12 21:53:25,327 [b63666e2-1779-4ee0-a542-9862edee389f-groupManagement] INFO  server.RaftServerConfigKeys (ConfUtils.java:logGet(46)) - raft.server.log.appender.buffer.byte-limit = 33554432 (custom)
2023-07-12 21:53:25,327 [b63666e2-1779-4ee0-a542-9862edee389f-groupManagement] INFO  server.RaftServerConfigKeys (ConfUtils.java:logGet(46)) - raft.server.log.statemachine.data.read.timeout = 1000ms (default)
2023-07-12 21:53:25,327 [b63666e2-1779-4ee0-a542-9862edee389f-groupManagement] INFO  server.RaftServerConfigKeys (ConfUtils.java:logGet(46)) - raft.server.log.purge.preservation.log.num = 0 (default)
2023-07-12 21:53:25,328 [b63666e2-1779-4ee0-a542-9862edee389f-groupManagement] INFO  server.RaftServerConfigKeys (ConfUtils.java:logGet(46)) - raft.server.log.segment.size.max = 1048576 (custom)
2023-07-12 21:53:25,328 [b63666e2-1779-4ee0-a542-9862edee389f-groupManagement] INFO  server.RaftServerConfigKeys (ConfUtils.java:logGet(46)) - raft.server.log.segment.cache.num.max = 2 (custom)
2023-07-12 21:53:25,328 [b63666e2-1779-4ee0-a542-9862edee389f-groupManagement] INFO  server.RaftServerConfigKeys (ConfUtils.java:logGet(46)) - raft.server.log.segment.cache.size.max = 200MB (=209715200) (default)
2023-07-12 21:53:25,328 [b63666e2-1779-4ee0-a542-9862edee389f-groupManagement] INFO  server.RaftServerConfigKeys (ConfUtils.java:logGet(46)) - raft.server.log.appender.buffer.byte-limit = 33554432 (custom)
2023-07-12 21:53:25,330 [b63666e2-1779-4ee0-a542-9862edee389f-groupManagement] INFO  segmented.SegmentedRaftLogWorker (SegmentedRaftLogWorker.java:<init>(188)) - new b63666e2-1779-4ee0-a542-9862edee389f@group-7865315563FB-SegmentedRaftLogWorker for RaftStorageImpl:Storage Directory /home/runner/work/ozone/ozone/hadoop-ozone/integration-test/target/test-dir/MiniOzoneClusterImpl-45e85e01-d716-41a3-b7bb-c5caf1d85614/datanode-1/data/ratis/6b5e0819-c75a-4ff4-84dc-7865315563fb
2023-07-12 21:53:25,330 [b63666e2-1779-4ee0-a542-9862edee389f-groupManagement] INFO  server.RaftServerConfigKeys (ConfUtils.java:logGet(46)) - raft.server.log.queue.byte-limit = 4294967296 (custom)
2023-07-12 21:53:25,330 [b63666e2-1779-4ee0-a542-9862edee389f-groupManagement] INFO  server.RaftServerConfigKeys (ConfUtils.java:logGet(46)) - raft.server.log.queue.element-limit = 1024 (custom)
2023-07-12 21:53:25,330 [b63666e2-1779-4ee0-a542-9862edee389f-groupManagement] INFO  server.RaftServerConfigKeys (ConfUtils.java:logGet(46)) - raft.server.log.segment.size.max = 1048576 (custom)
2023-07-12 21:53:25,330 [b63666e2-1779-4ee0-a542-9862edee389f-groupManagement] INFO  server.RaftServerConfigKeys (ConfUtils.java:logGet(46)) - raft.server.log.preallocated.size = 16384 (custom)
2023-07-12 21:53:25,330 [b63666e2-1779-4ee0-a542-9862edee389f-groupManagement] INFO  server.RaftServerConfigKeys (ConfUtils.java:logGet(46)) - raft.server.log.force.sync.num = 128 (default)
2023-07-12 21:53:25,330 [b63666e2-1779-4ee0-a542-9862edee389f-groupManagement] INFO  server.RaftServerConfigKeys (ConfUtils.java:logGet(46)) - raft.server.log.statemachine.data.sync = true (default)
2023-07-12 21:53:25,330 [b63666e2-1779-4ee0-a542-9862edee389f-groupManagement] INFO  server.RaftServerConfigKeys (ConfUtils.java:logGet(46)) - raft.server.log.statemachine.data.sync.timeout = 10s (default)
2023-07-12 21:53:25,330 [b63666e2-1779-4ee0-a542-9862edee389f-groupManagement] INFO  server.RaftServerConfigKeys (ConfUtils.java:logGet(46)) - raft.server.log.statemachine.data.sync.timeout.retry = -1 (default)
2023-07-12 21:53:25,330 [EventQueue-PipelineReportForPipelineReportHandler] INFO  pipeline.PipelineReportHandler (PipelineReportHandler.java:processPipelineReport(136)) - Opened pipeline PipelineID=6b5e0819-c75a-4ff4-84dc-7865315563fb
2023-07-12 21:53:25,331 [EventQueue-OpenPipelineForHealthyPipelineSafeModeRule] INFO  safemode.SCMSafeModeManager (HealthyPipelineSafeModeRule.java:process(137)) - SCM in safe mode. Healthy pipelines reported count is 0, required healthy pipeline reported count is 1
2023-07-12 21:53:25,331 [b63666e2-1779-4ee0-a542-9862edee389f-groupManagement] INFO  server.RaftServerConfigKeys (ConfUtils.java:logGet(46)) - raft.server.log.write.buffer.size = 1048576 (custom)
2023-07-12 21:53:25,333 [b63666e2-1779-4ee0-a542-9862edee389f-groupManagement] INFO  server.RaftServerConfigKeys (ConfUtils.java:logGet(46)) - raft.server.log.appender.buffer.byte-limit = 33554432 (custom)
2023-07-12 21:53:25,336 [b63666e2-1779-4ee0-a542-9862edee389f-groupManagement] INFO  server.RaftServerConfigKeys (ConfUtils.java:logGet(46)) - raft.server.log.unsafe-flush.enabled = false (default)
2023-07-12 21:53:25,336 [b63666e2-1779-4ee0-a542-9862edee389f-groupManagement] INFO  server.RaftServerConfigKeys (ConfUtils.java:logGet(46)) - raft.server.log.async-flush.enabled = false (default)
2023-07-12 21:53:25,336 [b63666e2-1779-4ee0-a542-9862edee389f-groupManagement] INFO  server.RaftServerConfigKeys (ConfUtils.java:logGet(46)) - raft.server.log.statemachine.data.caching.enabled = true (custom)
2023-07-12 21:53:25,336 [b63666e2-1779-4ee0-a542-9862edee389f-groupManagement] INFO  segmented.SegmentedRaftLogWorker (SegmentedRaftLogWorker.java:lambda$new$0(135)) - b63666e2-1779-4ee0-a542-9862edee389f@group-7865315563FB-SegmentedRaftLogWorker: flushIndex: setUnconditionally 0 -> -1
2023-07-12 21:53:25,336 [b63666e2-1779-4ee0-a542-9862edee389f-groupManagement] INFO  segmented.SegmentedRaftLogWorker (SegmentedRaftLogWorker.java:lambda$new$0(135)) - b63666e2-1779-4ee0-a542-9862edee389f@group-7865315563FB-SegmentedRaftLogWorker: safeCacheEvictIndex: setUnconditionally 0 -> -1
2023-07-12 21:53:25,337 [b63666e2-1779-4ee0-a542-9862edee389f-groupManagement] INFO  server.RaftServer$Division (RaftServerImpl.java:start(342)) - b63666e2-1779-4ee0-a542-9862edee389f@group-7865315563FB: start as a follower, conf=-1: peers:[b63666e2-1779-4ee0-a542-9862edee389f|rpc:10.1.0.20:15023|admin:10.1.0.20:15022|client:10.1.0.20:15021|dataStream:10.1.0.20:15024|priority:1|startupRole:FOLLOWER]|listeners:[], old=null
2023-07-12 21:53:25,337 [b63666e2-1779-4ee0-a542-9862edee389f-groupManagement] INFO  server.RaftServer$Division (RaftServerImpl.java:setRole(329)) - b63666e2-1779-4ee0-a542-9862edee389f@group-7865315563FB: changes role from      null to FOLLOWER at term 0 for startAsFollower
2023-07-12 21:53:25,337 [b63666e2-1779-4ee0-a542-9862edee389f-groupManagement] INFO  impl.RoleInfo (RoleInfo.java:updateAndGet(139)) - b63666e2-1779-4ee0-a542-9862edee389f: start b63666e2-1779-4ee0-a542-9862edee389f@group-7865315563FB-FollowerState
2023-07-12 21:53:25,337 [b63666e2-1779-4ee0-a542-9862edee389f-groupManagement] INFO  util.JmxRegister (JmxRegister.java:tryRegister(44)) - Successfully registered JMX Bean with object name Ratis:service=RaftServer,group=group-7865315563FB,id=b63666e2-1779-4ee0-a542-9862edee389f
2023-07-12 21:53:25,338 [b63666e2-1779-4ee0-a542-9862edee389f-groupManagement] INFO  server.RaftServerConfigKeys (ConfUtils.java:logGet(46)) - raft.server.snapshot.auto.trigger.enabled = true (custom)
2023-07-12 21:53:25,338 [b63666e2-1779-4ee0-a542-9862edee389f-groupManagement] INFO  server.RaftServerConfigKeys (ConfUtils.java:logGet(46)) - raft.server.snapshot.auto.trigger.threshold = 10000 (custom)
2023-07-12 21:53:25,338 [b63666e2-1779-4ee0-a542-9862edee389f-groupManagement] INFO  server.RaftServerConfigKeys (ConfUtils.java:logGet(46)) - raft.server.snapshot.retention.file.num = 5 (custom)
2023-07-12 21:53:25,338 [b63666e2-1779-4ee0-a542-9862edee389f-groupManagement] INFO  server.RaftServerConfigKeys (ConfUtils.java:logGet(46)) - raft.server.log.purge.upto.snapshot.index = false (default)
2023-07-12 21:53:25,339 [b63666e2-1779-4ee0-a542-9862edee389f@group-7865315563FB-FollowerState] INFO  server.RaftServerConfigKeys (ConfUtils.java:logFallback(53)) - raft.server.rpc.first-election.timeout.min = 5s (fallback to raft.server.rpc.timeout.min)
2023-07-12 21:53:25,339 [b63666e2-1779-4ee0-a542-9862edee389f@group-7865315563FB-FollowerState] INFO  server.RaftServerConfigKeys (ConfUtils.java:logFallback(53)) - raft.server.rpc.first-election.timeout.max = 5200ms (fallback to raft.server.rpc.timeout.max)
2023-07-12 21:53:25,343 [grpc-default-executor-0] INFO  server.RaftServer (RaftServerProxy.java:addNew(98)) - 2503d6b5-7af3-43aa-ac32-7e71e8cb8062: addNew group-B0E0F9104BB7:[d28e7615-a55a-42ee-a6c9-487437356628|rpc:10.1.0.20:15014|admin:10.1.0.20:15013|client:10.1.0.20:15012|dataStream:10.1.0.20:15015|priority:0|startupRole:FOLLOWER, b63666e2-1779-4ee0-a542-9862edee389f|rpc:10.1.0.20:15023|admin:10.1.0.20:15022|client:10.1.0.20:15021|dataStream:10.1.0.20:15024|priority:0|startupRole:FOLLOWER, 2503d6b5-7af3-43aa-ac32-7e71e8cb8062|rpc:10.1.0.20:15032|admin:10.1.0.20:15031|client:10.1.0.20:15030|dataStream:10.1.0.20:15033|priority:1|startupRole:FOLLOWER] returns group-B0E0F9104BB7:java.util.concurrent.CompletableFuture@543ff2b6[Not completed]
2023-07-12 21:53:25,343 [PipelineCommandHandlerThread-0] INFO  ratis.XceiverServerRatis (XceiverServerRatis.java:addGroup(804)) - Created group PipelineID=6b5e0819-c75a-4ff4-84dc-7865315563fb
2023-07-12 21:53:25,343 [PipelineCommandHandlerThread-0] INFO  commandhandler.CreatePipelineCommandHandler (CreatePipelineCommandHandler.java:lambda$handle$2(124)) - Created Pipeline RATIS ONE PipelineID=6b5e0819-c75a-4ff4-84dc-7865315563fb.
2023-07-12 21:53:25,343 [PipelineCommandHandlerThread-0] INFO  server.RaftServer (RaftServerProxy.java:addNew(98)) - b63666e2-1779-4ee0-a542-9862edee389f: addNew group-DFDA87116952:[d28e7615-a55a-42ee-a6c9-487437356628|rpc:10.1.0.20:15014|admin:10.1.0.20:15013|client:10.1.0.20:15012|dataStream:10.1.0.20:15015|priority:0|startupRole:FOLLOWER, b63666e2-1779-4ee0-a542-9862edee389f|rpc:10.1.0.20:15023|admin:10.1.0.20:15022|client:10.1.0.20:15021|dataStream:10.1.0.20:15024|priority:1|startupRole:FOLLOWER, 2503d6b5-7af3-43aa-ac32-7e71e8cb8062|rpc:10.1.0.20:15032|admin:10.1.0.20:15031|client:10.1.0.20:15030|dataStream:10.1.0.20:15033|priority:0|startupRole:FOLLOWER] returns group-DFDA87116952:java.util.concurrent.CompletableFuture@300d3df3[Not completed]
2023-07-12 21:53:25,345 [b63666e2-1779-4ee0-a542-9862edee389f-groupManagement] INFO  server.RaftServer$Division (RaftServerImpl.java:<init>(198)) - b63666e2-1779-4ee0-a542-9862edee389f: new RaftServerImpl for group-DFDA87116952:[d28e7615-a55a-42ee-a6c9-487437356628|rpc:10.1.0.20:15014|admin:10.1.0.20:15013|client:10.1.0.20:15012|dataStream:10.1.0.20:15015|priority:0|startupRole:FOLLOWER, b63666e2-1779-4ee0-a542-9862edee389f|rpc:10.1.0.20:15023|admin:10.1.0.20:15022|client:10.1.0.20:15021|dataStream:10.1.0.20:15024|priority:1|startupRole:FOLLOWER, 2503d6b5-7af3-43aa-ac32-7e71e8cb8062|rpc:10.1.0.20:15032|admin:10.1.0.20:15031|client:10.1.0.20:15030|dataStream:10.1.0.20:15033|priority:0|startupRole:FOLLOWER] with ContainerStateMachine:uninitialized
2023-07-12 21:53:25,346 [b63666e2-1779-4ee0-a542-9862edee389f-groupManagement] INFO  server.RaftServerConfigKeys (ConfUtils.java:logGet(46)) - raft.server.rpc.timeout.min = 5s (custom)
2023-07-12 21:53:25,346 [b63666e2-1779-4ee0-a542-9862edee389f-groupManagement] INFO  server.RaftServerConfigKeys (ConfUtils.java:logGet(46)) - raft.server.rpc.timeout.max = 5200ms (custom)
2023-07-12 21:53:25,346 [b63666e2-1779-4ee0-a542-9862edee389f-groupManagement] INFO  server.RaftServerConfigKeys (ConfUtils.java:logGet(46)) - raft.server.rpc.sleep.time = 25ms (default)
2023-07-12 21:53:25,346 [b63666e2-1779-4ee0-a542-9862edee389f-groupManagement] INFO  server.RaftServerConfigKeys (ConfUtils.java:logGet(46)) - raft.server.rpc.slowness.timeout = 300s (custom)
2023-07-12 21:53:25,346 [b63666e2-1779-4ee0-a542-9862edee389f-groupManagement] INFO  server.RaftServerConfigKeys (ConfUtils.java:logGet(46)) - raft.server.leaderelection.leader.step-down.wait-time = 10s (default)
2023-07-12 21:53:25,346 [b63666e2-1779-4ee0-a542-9862edee389f-groupManagement] INFO  server.RaftServerConfigKeys (ConfUtils.java:logGet(46)) - raft.server.sleep.deviation.threshold = 300ms (default)
2023-07-12 21:53:25,346 [2503d6b5-7af3-43aa-ac32-7e71e8cb8062-groupManagement] INFO  server.RaftServer$Division (RaftServerImpl.java:<init>(198)) - 2503d6b5-7af3-43aa-ac32-7e71e8cb8062: new RaftServerImpl for group-B0E0F9104BB7:[d28e7615-a55a-42ee-a6c9-487437356628|rpc:10.1.0.20:15014|admin:10.1.0.20:15013|client:10.1.0.20:15012|dataStream:10.1.0.20:15015|priority:0|startupRole:FOLLOWER, b63666e2-1779-4ee0-a542-9862edee389f|rpc:10.1.0.20:15023|admin:10.1.0.20:15022|client:10.1.0.20:15021|dataStream:10.1.0.20:15024|priority:0|startupRole:FOLLOWER, 2503d6b5-7af3-43aa-ac32-7e71e8cb8062|rpc:10.1.0.20:15032|admin:10.1.0.20:15031|client:10.1.0.20:15030|dataStream:10.1.0.20:15033|priority:1|startupRole:FOLLOWER] with ContainerStateMachine:uninitialized
2023-07-12 21:53:25,346 [b63666e2-1779-4ee0-a542-9862edee389f-groupManagement] INFO  server.RaftServer$Division (ServerState.java:<init>(120)) - b63666e2-1779-4ee0-a542-9862edee389f@group-DFDA87116952: ConfigurationManager, init=-1: peers:[d28e7615-a55a-42ee-a6c9-487437356628|rpc:10.1.0.20:15014|admin:10.1.0.20:15013|client:10.1.0.20:15012|dataStream:10.1.0.20:15015|priority:0|startupRole:FOLLOWER, b63666e2-1779-4ee0-a542-9862edee389f|rpc:10.1.0.20:15023|admin:10.1.0.20:15022|client:10.1.0.20:15021|dataStream:10.1.0.20:15024|priority:1|startupRole:FOLLOWER, 2503d6b5-7af3-43aa-ac32-7e71e8cb8062|rpc:10.1.0.20:15032|admin:10.1.0.20:15031|client:10.1.0.20:15030|dataStream:10.1.0.20:15033|priority:0|startupRole:FOLLOWER]|listeners:[], old=null, confs=<EMPTY_MAP>
2023-07-12 21:53:25,347 [b63666e2-1779-4ee0-a542-9862edee389f-groupManagement] INFO  server.RaftServerConfigKeys (ConfUtils.java:logGet(46)) - raft.server.storage.dir = [/home/runner/work/ozone/ozone/hadoop-ozone/integration-test/target/test-dir/MiniOzoneClusterImpl-45e85e01-d716-41a3-b7bb-c5caf1d85614/datanode-1/data/ratis] (custom)
2023-07-12 21:53:25,347 [b63666e2-1779-4ee0-a542-9862edee389f-groupManagement] INFO  server.RaftServerConfigKeys (ConfUtils.java:logGet(46)) - raft.server.log.corruption.policy = EXCEPTION (default)
2023-07-12 21:53:25,347 [b63666e2-1779-4ee0-a542-9862edee389f-groupManagement] INFO  server.RaftServerConfigKeys (ConfUtils.java:logGet(46)) - raft.server.storage.free-space.min = 0MB (=0) (default)
2023-07-12 21:53:25,347 [b63666e2-1779-4ee0-a542-9862edee389f-groupManagement] INFO  server.RaftServerConfigKeys (ConfUtils.java:logGet(46)) - raft.server.notification.no-leader.timeout = 300s (custom)
2023-07-12 21:53:25,347 [b63666e2-1779-4ee0-a542-9862edee389f-groupManagement] INFO  server.RaftServerConfigKeys (ConfUtils.java:logGet(46)) - raft.server.read.timeout = 10s (default)
2023-07-12 21:53:25,347 [b63666e2-1779-4ee0-a542-9862edee389f-groupManagement] INFO  server.RaftServerConfigKeys (ConfUtils.java:logGet(46)) - raft.server.retrycache.expirytime = 600000ms (custom)
2023-07-12 21:53:25,347 [b63666e2-1779-4ee0-a542-9862edee389f-groupManagement] INFO  server.RaftServerConfigKeys (ConfUtils.java:logGet(46)) - raft.server.retrycache.statistics.expirytime = 100μs (default)
2023-07-12 21:53:25,347 [b63666e2-1779-4ee0-a542-9862edee389f-groupManagement] INFO  server.RaftServerConfigKeys (ConfUtils.java:logGet(46)) - raft.server.read.option = DEFAULT (default)
2023-07-12 21:53:25,348 [b63666e2-1779-4ee0-a542-9862edee389f-groupManagement] INFO  server.RaftServerConfigKeys (ConfUtils.java:logGet(46)) - raft.server.rpc.request.timeout = 60s (custom)
2023-07-12 21:53:25,348 [b63666e2-1779-4ee0-a542-9862edee389f-groupManagement] INFO  server.RaftServerConfigKeys (ConfUtils.java:logGet(46)) - raft.server.log.appender.install.snapshot.enabled = false (custom)
2023-07-12 21:53:25,348 [b63666e2-1779-4ee0-a542-9862edee389f-groupManagement] INFO  server.RaftServerConfigKeys (ConfUtils.java:logGet(46)) - raft.server.threadpool.server.cached = true (default)
2023-07-12 21:53:25,348 [b63666e2-1779-4ee0-a542-9862edee389f-groupManagement] INFO  server.RaftServerConfigKeys (ConfUtils.java:logGet(46)) - raft.server.threadpool.server.size = 0 (default)
2023-07-12 21:53:25,349 [b63666e2-1779-4ee0-a542-9862edee389f-groupManagement] INFO  server.RaftServerConfigKeys (ConfUtils.java:logGet(46)) - raft.server.threadpool.client.cached = true (default)
2023-07-12 21:53:25,349 [b63666e2-1779-4ee0-a542-9862edee389f-groupManagement] INFO  server.RaftServerConfigKeys (ConfUtils.java:logGet(46)) - raft.server.threadpool.client.size = 0 (default)
2023-07-12 21:53:25,349 [b63666e2-1779-4ee0-a542-9862edee389f-groupManagement] INFO  storage.RaftStorageDirectory (RaftStorageDirectoryImpl.java:analyzeStorage(137)) - The storage directory /home/runner/work/ozone/ozone/hadoop-ozone/integration-test/target/test-dir/MiniOzoneClusterImpl-45e85e01-d716-41a3-b7bb-c5caf1d85614/datanode-1/data/ratis/7c002b24-39b5-4a73-b9a4-dfda87116952 does not exist. Creating ...
2023-07-12 21:53:25,347 [2503d6b5-7af3-43aa-ac32-7e71e8cb8062-groupManagement] INFO  server.RaftServerConfigKeys (ConfUtils.java:logGet(46)) - raft.server.rpc.timeout.min = 5s (custom)
2023-07-12 21:53:25,349 [2503d6b5-7af3-43aa-ac32-7e71e8cb8062-groupManagement] INFO  server.RaftServerConfigKeys (ConfUtils.java:logGet(46)) - raft.server.rpc.timeout.max = 5200ms (custom)
2023-07-12 21:53:25,349 [2503d6b5-7af3-43aa-ac32-7e71e8cb8062-groupManagement] INFO  server.RaftServerConfigKeys (ConfUtils.java:logGet(46)) - raft.server.rpc.sleep.time = 25ms (default)
2023-07-12 21:53:25,349 [2503d6b5-7af3-43aa-ac32-7e71e8cb8062-groupManagement] INFO  server.RaftServerConfigKeys (ConfUtils.java:logGet(46)) - raft.server.rpc.slowness.timeout = 300s (custom)
2023-07-12 21:53:25,350 [2503d6b5-7af3-43aa-ac32-7e71e8cb8062-groupManagement] INFO  server.RaftServerConfigKeys (ConfUtils.java:logGet(46)) - raft.server.leaderelection.leader.step-down.wait-time = 10s (default)
2023-07-12 21:53:25,350 [2503d6b5-7af3-43aa-ac32-7e71e8cb8062-groupManagement] INFO  server.RaftServerConfigKeys (ConfUtils.java:logGet(46)) - raft.server.sleep.deviation.threshold = 300ms (default)
2023-07-12 21:53:25,350 [2503d6b5-7af3-43aa-ac32-7e71e8cb8062-groupManagement] INFO  server.RaftServer$Division (ServerState.java:<init>(120)) - 2503d6b5-7af3-43aa-ac32-7e71e8cb8062@group-B0E0F9104BB7: ConfigurationManager, init=-1: peers:[d28e7615-a55a-42ee-a6c9-487437356628|rpc:10.1.0.20:15014|admin:10.1.0.20:15013|client:10.1.0.20:15012|dataStream:10.1.0.20:15015|priority:0|startupRole:FOLLOWER, b63666e2-1779-4ee0-a542-9862edee389f|rpc:10.1.0.20:15023|admin:10.1.0.20:15022|client:10.1.0.20:15021|dataStream:10.1.0.20:15024|priority:0|startupRole:FOLLOWER, 2503d6b5-7af3-43aa-ac32-7e71e8cb8062|rpc:10.1.0.20:15032|admin:10.1.0.20:15031|client:10.1.0.20:15030|dataStream:10.1.0.20:15033|priority:1|startupRole:FOLLOWER]|listeners:[], old=null, confs=<EMPTY_MAP>
2023-07-12 21:53:25,350 [2503d6b5-7af3-43aa-ac32-7e71e8cb8062-groupManagement] INFO  server.RaftServerConfigKeys (ConfUtils.java:logGet(46)) - raft.server.storage.dir = [/home/runner/work/ozone/ozone/hadoop-ozone/integration-test/target/test-dir/MiniOzoneClusterImpl-45e85e01-d716-41a3-b7bb-c5caf1d85614/datanode-2/data/ratis] (custom)
2023-07-12 21:53:25,350 [2503d6b5-7af3-43aa-ac32-7e71e8cb8062-groupManagement] INFO  server.RaftServerConfigKeys (ConfUtils.java:logGet(46)) - raft.server.log.corruption.policy = EXCEPTION (default)
2023-07-12 21:53:25,350 [2503d6b5-7af3-43aa-ac32-7e71e8cb8062-groupManagement] INFO  server.RaftServerConfigKeys (ConfUtils.java:logGet(46)) - raft.server.storage.free-space.min = 0MB (=0) (default)
2023-07-12 21:53:25,350 [b63666e2-1779-4ee0-a542-9862edee389f-groupManagement] INFO  storage.RaftStorageDirectory (RaftStorageDirectoryImpl.java:tryLock(231)) - Lock on /home/runner/work/ozone/ozone/hadoop-ozone/integration-test/target/test-dir/MiniOzoneClusterImpl-45e85e01-d716-41a3-b7bb-c5caf1d85614/datanode-1/data/ratis/7c002b24-39b5-4a73-b9a4-dfda87116952/in_use.lock acquired by nodename 107600@fv-az670-842
2023-07-12 21:53:25,356 [2503d6b5-7af3-43aa-ac32-7e71e8cb8062-groupManagement] INFO  server.RaftServerConfigKeys (ConfUtils.java:logGet(46)) - raft.server.notification.no-leader.timeout = 300s (custom)
2023-07-12 21:53:25,357 [2503d6b5-7af3-43aa-ac32-7e71e8cb8062-groupManagement] INFO  server.RaftServerConfigKeys (ConfUtils.java:logGet(46)) - raft.server.read.timeout = 10s (default)
2023-07-12 21:53:25,357 [2503d6b5-7af3-43aa-ac32-7e71e8cb8062-groupManagement] INFO  server.RaftServerConfigKeys (ConfUtils.java:logGet(46)) - raft.server.retrycache.expirytime = 600000ms (custom)
2023-07-12 21:53:25,357 [2503d6b5-7af3-43aa-ac32-7e71e8cb8062-groupManagement] INFO  server.RaftServerConfigKeys (ConfUtils.java:logGet(46)) - raft.server.retrycache.statistics.expirytime = 100μs (default)
2023-07-12 21:53:25,357 [2503d6b5-7af3-43aa-ac32-7e71e8cb8062-groupManagement] INFO  server.RaftServerConfigKeys (ConfUtils.java:logGet(46)) - raft.server.read.option = DEFAULT (default)
2023-07-12 21:53:25,359 [b63666e2-1779-4ee0-a542-9862edee389f-groupManagement] INFO  storage.RaftStorage (RaftStorageImpl.java:format(96)) - Storage directory /home/runner/work/ozone/ozone/hadoop-ozone/integration-test/target/test-dir/MiniOzoneClusterImpl-45e85e01-d716-41a3-b7bb-c5caf1d85614/datanode-1/data/ratis/7c002b24-39b5-4a73-b9a4-dfda87116952 has been successfully formatted.
2023-07-12 21:53:25,359 [2503d6b5-7af3-43aa-ac32-7e71e8cb8062-groupManagement] INFO  server.RaftServerConfigKeys (ConfUtils.java:logGet(46)) - raft.server.rpc.request.timeout = 60s (custom)
2023-07-12 21:53:25,359 [2503d6b5-7af3-43aa-ac32-7e71e8cb8062-groupManagement] INFO  server.RaftServerConfigKeys (ConfUtils.java:logGet(46)) - raft.server.log.appender.install.snapshot.enabled = false (custom)
2023-07-12 21:53:25,359 [2503d6b5-7af3-43aa-ac32-7e71e8cb8062-groupManagement] INFO  server.RaftServerConfigKeys (ConfUtils.java:logGet(46)) - raft.server.threadpool.server.cached = true (default)
2023-07-12 21:53:25,359 [2503d6b5-7af3-43aa-ac32-7e71e8cb8062-groupManagement] INFO  server.RaftServerConfigKeys (ConfUtils.java:logGet(46)) - raft.server.threadpool.server.size = 0 (default)
2023-07-12 21:53:25,359 [2503d6b5-7af3-43aa-ac32-7e71e8cb8062-groupManagement] INFO  server.RaftServerConfigKeys (ConfUtils.java:logGet(46)) - raft.server.threadpool.client.cached = true (default)
2023-07-12 21:53:25,359 [2503d6b5-7af3-43aa-ac32-7e71e8cb8062-groupManagement] INFO  server.RaftServerConfigKeys (ConfUtils.java:logGet(46)) - raft.server.threadpool.client.size = 0 (default)
2023-07-12 21:53:25,359 [b63666e2-1779-4ee0-a542-9862edee389f-groupManagement] INFO  ratis.ContainerStateMachine (ContainerStateMachine.java:loadSnapshot(262)) - group-DFDA87116952: The snapshot info is null. Setting the last applied indexto:(t:0, i:~)
2023-07-12 21:53:25,359 [2503d6b5-7af3-43aa-ac32-7e71e8cb8062-groupManagement] INFO  storage.RaftStorageDirectory (RaftStorageDirectoryImpl.java:analyzeStorage(137)) - The storage directory /home/runner/work/ozone/ozone/hadoop-ozone/integration-test/target/test-dir/MiniOzoneClusterImpl-45e85e01-d716-41a3-b7bb-c5caf1d85614/datanode-2/data/ratis/5c35cb4c-61c9-4cfe-b839-b0e0f9104bb7 does not exist. Creating ...
2023-07-12 21:53:25,360 [b63666e2-1779-4ee0-a542-9862edee389f-groupManagement] INFO  server.RaftServerConfigKeys (ConfUtils.java:logGet(46)) - raft.server.log.use.memory = false (default)
2023-07-12 21:53:25,360 [2503d6b5-7af3-43aa-ac32-7e71e8cb8062-groupManagement] INFO  storage.RaftStorageDirectory (RaftStorageDirectoryImpl.java:tryLock(231)) - Lock on /home/runner/work/ozone/ozone/hadoop-ozone/integration-test/target/test-dir/MiniOzoneClusterImpl-45e85e01-d716-41a3-b7bb-c5caf1d85614/datanode-2/data/ratis/5c35cb4c-61c9-4cfe-b839-b0e0f9104bb7/in_use.lock acquired by nodename 107600@fv-az670-842
2023-07-12 21:53:25,360 [b63666e2-1779-4ee0-a542-9862edee389f-groupManagement] INFO  server.RaftServerConfigKeys (ConfUtils.java:logGet(46)) - raft.server.log.purge.gap = 1000000 (custom)
2023-07-12 21:53:25,361 [b63666e2-1779-4ee0-a542-9862edee389f-groupManagement] INFO  server.RaftServerConfigKeys (ConfUtils.java:logGet(46)) - raft.server.log.appender.buffer.byte-limit = 33554432 (custom)
2023-07-12 21:53:25,361 [b63666e2-1779-4ee0-a542-9862edee389f-groupManagement] INFO  server.RaftServerConfigKeys (ConfUtils.java:logGet(46)) - raft.server.log.statemachine.data.read.timeout = 1000ms (default)
2023-07-12 21:53:25,361 [b63666e2-1779-4ee0-a542-9862edee389f-groupManagement] INFO  server.RaftServerConfigKeys (ConfUtils.java:logGet(46)) - raft.server.log.purge.preservation.log.num = 0 (default)
2023-07-12 21:53:25,361 [b63666e2-1779-4ee0-a542-9862edee389f-groupManagement] INFO  server.RaftServerConfigKeys (ConfUtils.java:logGet(46)) - raft.server.log.segment.size.max = 1048576 (custom)
2023-07-12 21:53:25,361 [b63666e2-1779-4ee0-a542-9862edee389f-groupManagement] INFO  server.RaftServerConfigKeys (ConfUtils.java:logGet(46)) - raft.server.log.segment.cache.num.max = 2 (custom)
2023-07-12 21:53:25,361 [b63666e2-1779-4ee0-a542-9862edee389f-groupManagement] INFO  server.RaftServerConfigKeys (ConfUtils.java:logGet(46)) - raft.server.log.segment.cache.size.max = 200MB (=209715200) (default)
2023-07-12 21:53:25,361 [2503d6b5-7af3-43aa-ac32-7e71e8cb8062-groupManagement] INFO  storage.RaftStorage (RaftStorageImpl.java:format(96)) - Storage directory /home/runner/work/ozone/ozone/hadoop-ozone/integration-test/target/test-dir/MiniOzoneClusterImpl-45e85e01-d716-41a3-b7bb-c5caf1d85614/datanode-2/data/ratis/5c35cb4c-61c9-4cfe-b839-b0e0f9104bb7 has been successfully formatted.
2023-07-12 21:53:25,362 [b63666e2-1779-4ee0-a542-9862edee389f-groupManagement] INFO  server.RaftServerConfigKeys (ConfUtils.java:logGet(46)) - raft.server.log.appender.buffer.byte-limit = 33554432 (custom)
2023-07-12 21:53:25,362 [EventQueue-OpenPipelineForHealthyPipelineSafeModeRule] INFO  safemode.SCMSafeModeManager (HealthyPipelineSafeModeRule.java:process(137)) - SCM in safe mode. Healthy pipelines reported count is 0, required healthy pipeline reported count is 1
2023-07-12 21:53:25,362 [b63666e2-1779-4ee0-a542-9862edee389f-groupManagement] INFO  segmented.SegmentedRaftLogWorker (SegmentedRaftLogWorker.java:<init>(188)) - new b63666e2-1779-4ee0-a542-9862edee389f@group-DFDA87116952-SegmentedRaftLogWorker for RaftStorageImpl:Storage Directory /home/runner/work/ozone/ozone/hadoop-ozone/integration-test/target/test-dir/MiniOzoneClusterImpl-45e85e01-d716-41a3-b7bb-c5caf1d85614/datanode-1/data/ratis/7c002b24-39b5-4a73-b9a4-dfda87116952
2023-07-12 21:53:25,362 [b63666e2-1779-4ee0-a542-9862edee389f-groupManagement] INFO  server.RaftServerConfigKeys (ConfUtils.java:logGet(46)) - raft.server.log.queue.byte-limit = 4294967296 (custom)
2023-07-12 21:53:25,362 [b63666e2-1779-4ee0-a542-9862edee389f-groupManagement] INFO  server.RaftServerConfigKeys (ConfUtils.java:logGet(46)) - raft.server.log.queue.element-limit = 1024 (custom)
2023-07-12 21:53:25,363 [b63666e2-1779-4ee0-a542-9862edee389f-groupManagement] INFO  server.RaftServerConfigKeys (ConfUtils.java:logGet(46)) - raft.server.log.segment.size.max = 1048576 (custom)
2023-07-12 21:53:25,363 [b63666e2-1779-4ee0-a542-9862edee389f-groupManagement] INFO  server.RaftServerConfigKeys (ConfUtils.java:logGet(46)) - raft.server.log.preallocated.size = 16384 (custom)
2023-07-12 21:53:25,363 [b63666e2-1779-4ee0-a542-9862edee389f-groupManagement] INFO  server.RaftServerConfigKeys (ConfUtils.java:logGet(46)) - raft.server.log.force.sync.num = 128 (default)
2023-07-12 21:53:25,363 [b63666e2-1779-4ee0-a542-9862edee389f-groupManagement] INFO  server.RaftServerConfigKeys (ConfUtils.java:logGet(46)) - raft.server.log.statemachine.data.sync = true (default)
2023-07-12 21:53:25,363 [b63666e2-1779-4ee0-a542-9862edee389f-groupManagement] INFO  server.RaftServerConfigKeys (ConfUtils.java:logGet(46)) - raft.server.log.statemachine.data.sync.timeout = 10s (default)
2023-07-12 21:53:25,363 [b63666e2-1779-4ee0-a542-9862edee389f-groupManagement] INFO  server.RaftServerConfigKeys (ConfUtils.java:logGet(46)) - raft.server.log.statemachine.data.sync.timeout.retry = -1 (default)
2023-07-12 21:53:25,364 [b63666e2-1779-4ee0-a542-9862edee389f-groupManagement] INFO  server.RaftServerConfigKeys (ConfUtils.java:logGet(46)) - raft.server.log.write.buffer.size = 1048576 (custom)
2023-07-12 21:53:25,365 [b63666e2-1779-4ee0-a542-9862edee389f-groupManagement] INFO  server.RaftServerConfigKeys (ConfUtils.java:logGet(46)) - raft.server.log.appender.buffer.byte-limit = 33554432 (custom)
2023-07-12 21:53:25,365 [2503d6b5-7af3-43aa-ac32-7e71e8cb8062-groupManagement] INFO  ratis.ContainerStateMachine (ContainerStateMachine.java:loadSnapshot(262)) - group-B0E0F9104BB7: The snapshot info is null. Setting the last applied indexto:(t:0, i:~)
2023-07-12 21:53:25,368 [2503d6b5-7af3-43aa-ac32-7e71e8cb8062-groupManagement] INFO  server.RaftServerConfigKeys (ConfUtils.java:logGet(46)) - raft.server.log.use.memory = false (default)
2023-07-12 21:53:25,368 [2503d6b5-7af3-43aa-ac32-7e71e8cb8062-groupManagement] INFO  server.RaftServerConfigKeys (ConfUtils.java:logGet(46)) - raft.server.log.purge.gap = 1000000 (custom)
2023-07-12 21:53:25,368 [2503d6b5-7af3-43aa-ac32-7e71e8cb8062-groupManagement] INFO  server.RaftServerConfigKeys (ConfUtils.java:logGet(46)) - raft.server.log.appender.buffer.byte-limit = 33554432 (custom)
2023-07-12 21:53:25,368 [2503d6b5-7af3-43aa-ac32-7e71e8cb8062-groupManagement] INFO  server.RaftServerConfigKeys (ConfUtils.java:logGet(46)) - raft.server.log.statemachine.data.read.timeout = 1000ms (default)
2023-07-12 21:53:25,368 [2503d6b5-7af3-43aa-ac32-7e71e8cb8062-groupManagement] INFO  server.RaftServerConfigKeys (ConfUtils.java:logGet(46)) - raft.server.log.purge.preservation.log.num = 0 (default)
2023-07-12 21:53:25,368 [2503d6b5-7af3-43aa-ac32-7e71e8cb8062-groupManagement] INFO  server.RaftServerConfigKeys (ConfUtils.java:logGet(46)) - raft.server.log.segment.size.max = 1048576 (custom)
2023-07-12 21:53:25,369 [2503d6b5-7af3-43aa-ac32-7e71e8cb8062-groupManagement] INFO  server.RaftServerConfigKeys (ConfUtils.java:logGet(46)) - raft.server.log.segment.cache.num.max = 2 (custom)
2023-07-12 21:53:25,369 [2503d6b5-7af3-43aa-ac32-7e71e8cb8062-groupManagement] INFO  server.RaftServerConfigKeys (ConfUtils.java:logGet(46)) - raft.server.log.segment.cache.size.max = 200MB (=209715200) (default)
2023-07-12 21:53:25,369 [2503d6b5-7af3-43aa-ac32-7e71e8cb8062-groupManagement] INFO  server.RaftServerConfigKeys (ConfUtils.java:logGet(46)) - raft.server.log.appender.buffer.byte-limit = 33554432 (custom)
2023-07-12 21:53:25,369 [2503d6b5-7af3-43aa-ac32-7e71e8cb8062-groupManagement] INFO  segmented.SegmentedRaftLogWorker (SegmentedRaftLogWorker.java:<init>(188)) - new 2503d6b5-7af3-43aa-ac32-7e71e8cb8062@group-B0E0F9104BB7-SegmentedRaftLogWorker for RaftStorageImpl:Storage Directory /home/runner/work/ozone/ozone/hadoop-ozone/integration-test/target/test-dir/MiniOzoneClusterImpl-45e85e01-d716-41a3-b7bb-c5caf1d85614/datanode-2/data/ratis/5c35cb4c-61c9-4cfe-b839-b0e0f9104bb7
2023-07-12 21:53:25,369 [2503d6b5-7af3-43aa-ac32-7e71e8cb8062-groupManagement] INFO  server.RaftServerConfigKeys (ConfUtils.java:logGet(46)) - raft.server.log.queue.byte-limit = 4294967296 (custom)
2023-07-12 21:53:25,369 [2503d6b5-7af3-43aa-ac32-7e71e8cb8062-groupManagement] INFO  server.RaftServerConfigKeys (ConfUtils.java:logGet(46)) - raft.server.log.queue.element-limit = 1024 (custom)
2023-07-12 21:53:25,369 [2503d6b5-7af3-43aa-ac32-7e71e8cb8062-groupManagement] INFO  server.RaftServerConfigKeys (ConfUtils.java:logGet(46)) - raft.server.log.segment.size.max = 1048576 (custom)
2023-07-12 21:53:25,369 [2503d6b5-7af3-43aa-ac32-7e71e8cb8062-groupManagement] INFO  server.RaftServerConfigKeys (ConfUtils.java:logGet(46)) - raft.server.log.preallocated.size = 16384 (custom)
2023-07-12 21:53:25,369 [2503d6b5-7af3-43aa-ac32-7e71e8cb8062-groupManagement] INFO  server.RaftServerConfigKeys (ConfUtils.java:logGet(46)) - raft.server.log.force.sync.num = 128 (default)
2023-07-12 21:53:25,369 [2503d6b5-7af3-43aa-ac32-7e71e8cb8062-groupManagement] INFO  server.RaftServerConfigKeys (ConfUtils.java:logGet(46)) - raft.server.log.statemachine.data.sync = true (default)
2023-07-12 21:53:25,369 [2503d6b5-7af3-43aa-ac32-7e71e8cb8062-groupManagement] INFO  server.RaftServerConfigKeys (ConfUtils.java:logGet(46)) - raft.server.log.statemachine.data.sync.timeout = 10s (default)
2023-07-12 21:53:25,369 [2503d6b5-7af3-43aa-ac32-7e71e8cb8062-groupManagement] INFO  server.RaftServerConfigKeys (ConfUtils.java:logGet(46)) - raft.server.log.statemachine.data.sync.timeout.retry = -1 (default)
2023-07-12 21:53:25,370 [2503d6b5-7af3-43aa-ac32-7e71e8cb8062-groupManagement] INFO  server.RaftServerConfigKeys (ConfUtils.java:logGet(46)) - raft.server.log.write.buffer.size = 1048576 (custom)
2023-07-12 21:53:25,370 [2503d6b5-7af3-43aa-ac32-7e71e8cb8062-groupManagement] INFO  server.RaftServerConfigKeys (ConfUtils.java:logGet(46)) - raft.server.log.appender.buffer.byte-limit = 33554432 (custom)
2023-07-12 21:53:25,373 [2503d6b5-7af3-43aa-ac32-7e71e8cb8062-groupManagement] INFO  server.RaftServerConfigKeys (ConfUtils.java:logGet(46)) - raft.server.log.unsafe-flush.enabled = false (default)
2023-07-12 21:53:25,373 [2503d6b5-7af3-43aa-ac32-7e71e8cb8062-groupManagement] INFO  server.RaftServerConfigKeys (ConfUtils.java:logGet(46)) - raft.server.log.async-flush.enabled = false (default)
2023-07-12 21:53:25,373 [2503d6b5-7af3-43aa-ac32-7e71e8cb8062-groupManagement] INFO  server.RaftServerConfigKeys (ConfUtils.java:logGet(46)) - raft.server.log.statemachine.data.caching.enabled = true (custom)
2023-07-12 21:53:25,373 [2503d6b5-7af3-43aa-ac32-7e71e8cb8062-groupManagement] INFO  segmented.SegmentedRaftLogWorker (SegmentedRaftLogWorker.java:lambda$new$0(135)) - 2503d6b5-7af3-43aa-ac32-7e71e8cb8062@group-B0E0F9104BB7-SegmentedRaftLogWorker: flushIndex: setUnconditionally 0 -> -1
2023-07-12 21:53:25,373 [2503d6b5-7af3-43aa-ac32-7e71e8cb8062-groupManagement] INFO  segmented.SegmentedRaftLogWorker (SegmentedRaftLogWorker.java:lambda$new$0(135)) - 2503d6b5-7af3-43aa-ac32-7e71e8cb8062@group-B0E0F9104BB7-SegmentedRaftLogWorker: safeCacheEvictIndex: setUnconditionally 0 -> -1
2023-07-12 21:53:25,374 [2503d6b5-7af3-43aa-ac32-7e71e8cb8062-groupManagement] INFO  server.RaftServer$Division (RaftServerImpl.java:start(342)) - 2503d6b5-7af3-43aa-ac32-7e71e8cb8062@group-B0E0F9104BB7: start as a follower, conf=-1: peers:[d28e7615-a55a-42ee-a6c9-487437356628|rpc:10.1.0.20:15014|admin:10.1.0.20:15013|client:10.1.0.20:15012|dataStream:10.1.0.20:15015|priority:0|startupRole:FOLLOWER, b63666e2-1779-4ee0-a542-9862edee389f|rpc:10.1.0.20:15023|admin:10.1.0.20:15022|client:10.1.0.20:15021|dataStream:10.1.0.20:15024|priority:0|startupRole:FOLLOWER, 2503d6b5-7af3-43aa-ac32-7e71e8cb8062|rpc:10.1.0.20:15032|admin:10.1.0.20:15031|client:10.1.0.20:15030|dataStream:10.1.0.20:15033|priority:1|startupRole:FOLLOWER]|listeners:[], old=null
2023-07-12 21:53:25,374 [2503d6b5-7af3-43aa-ac32-7e71e8cb8062-groupManagement] INFO  server.RaftServer$Division (RaftServerImpl.java:setRole(329)) - 2503d6b5-7af3-43aa-ac32-7e71e8cb8062@group-B0E0F9104BB7: changes role from      null to FOLLOWER at term 0 for startAsFollower
2023-07-12 21:53:25,374 [2503d6b5-7af3-43aa-ac32-7e71e8cb8062-groupManagement] INFO  impl.RoleInfo (RoleInfo.java:updateAndGet(139)) - 2503d6b5-7af3-43aa-ac32-7e71e8cb8062: start 2503d6b5-7af3-43aa-ac32-7e71e8cb8062@group-B0E0F9104BB7-FollowerState
2023-07-12 21:53:25,376 [2503d6b5-7af3-43aa-ac32-7e71e8cb8062-groupManagement] INFO  util.JmxRegister (JmxRegister.java:tryRegister(44)) - Successfully registered JMX Bean with object name Ratis:service=RaftServer,group=group-B0E0F9104BB7,id=2503d6b5-7af3-43aa-ac32-7e71e8cb8062
2023-07-12 21:53:25,376 [2503d6b5-7af3-43aa-ac32-7e71e8cb8062-groupManagement] INFO  server.RaftServerConfigKeys (ConfUtils.java:logGet(46)) - raft.server.snapshot.auto.trigger.enabled = true (custom)
2023-07-12 21:53:25,376 [2503d6b5-7af3-43aa-ac32-7e71e8cb8062-groupManagement] INFO  server.RaftServerConfigKeys (ConfUtils.java:logGet(46)) - raft.server.snapshot.auto.trigger.threshold = 10000 (custom)
2023-07-12 21:53:25,376 [2503d6b5-7af3-43aa-ac32-7e71e8cb8062-groupManagement] INFO  server.RaftServerConfigKeys (ConfUtils.java:logGet(46)) - raft.server.snapshot.retention.file.num = 5 (custom)
2023-07-12 21:53:25,376 [2503d6b5-7af3-43aa-ac32-7e71e8cb8062-groupManagement] INFO  server.RaftServerConfigKeys (ConfUtils.java:logGet(46)) - raft.server.log.purge.upto.snapshot.index = false (default)
2023-07-12 21:53:25,377 [2503d6b5-7af3-43aa-ac32-7e71e8cb8062@group-B0E0F9104BB7-FollowerState] INFO  server.RaftServerConfigKeys (ConfUtils.java:logFallback(53)) - raft.server.rpc.first-election.timeout.min = 5s (fallback to raft.server.rpc.timeout.min)
2023-07-12 21:53:25,382 [2503d6b5-7af3-43aa-ac32-7e71e8cb8062@group-B0E0F9104BB7-FollowerState] INFO  server.RaftServerConfigKeys (ConfUtils.java:logFallback(53)) - raft.server.rpc.first-election.timeout.max = 5200ms (fallback to raft.server.rpc.timeout.max)
2023-07-12 21:53:25,381 [b63666e2-1779-4ee0-a542-9862edee389f-groupManagement] INFO  server.RaftServerConfigKeys (ConfUtils.java:logGet(46)) - raft.server.log.unsafe-flush.enabled = false (default)
2023-07-12 21:53:25,382 [b63666e2-1779-4ee0-a542-9862edee389f-groupManagement] INFO  server.RaftServerConfigKeys (ConfUtils.java:logGet(46)) - raft.server.log.async-flush.enabled = false (default)
2023-07-12 21:53:25,382 [b63666e2-1779-4ee0-a542-9862edee389f-groupManagement] INFO  server.RaftServerConfigKeys (ConfUtils.java:logGet(46)) - raft.server.log.statemachine.data.caching.enabled = true (custom)
2023-07-12 21:53:25,385 [b63666e2-1779-4ee0-a542-9862edee389f-groupManagement] INFO  segmented.SegmentedRaftLogWorker (SegmentedRaftLogWorker.java:lambda$new$0(135)) - b63666e2-1779-4ee0-a542-9862edee389f@group-DFDA87116952-SegmentedRaftLogWorker: flushIndex: setUnconditionally 0 -> -1
2023-07-12 21:53:25,385 [b63666e2-1779-4ee0-a542-9862edee389f-groupManagement] INFO  segmented.SegmentedRaftLogWorker (SegmentedRaftLogWorker.java:lambda$new$0(135)) - b63666e2-1779-4ee0-a542-9862edee389f@group-DFDA87116952-SegmentedRaftLogWorker: safeCacheEvictIndex: setUnconditionally 0 -> -1
2023-07-12 21:53:25,385 [b63666e2-1779-4ee0-a542-9862edee389f-groupManagement] INFO  server.RaftServer$Division (RaftServerImpl.java:start(342)) - b63666e2-1779-4ee0-a542-9862edee389f@group-DFDA87116952: start as a follower, conf=-1: peers:[d28e7615-a55a-42ee-a6c9-487437356628|rpc:10.1.0.20:15014|admin:10.1.0.20:15013|client:10.1.0.20:15012|dataStream:10.1.0.20:15015|priority:0|startupRole:FOLLOWER, b63666e2-1779-4ee0-a542-9862edee389f|rpc:10.1.0.20:15023|admin:10.1.0.20:15022|client:10.1.0.20:15021|dataStream:10.1.0.20:15024|priority:1|startupRole:FOLLOWER, 2503d6b5-7af3-43aa-ac32-7e71e8cb8062|rpc:10.1.0.20:15032|admin:10.1.0.20:15031|client:10.1.0.20:15030|dataStream:10.1.0.20:15033|priority:0|startupRole:FOLLOWER]|listeners:[], old=null
2023-07-12 21:53:25,385 [b63666e2-1779-4ee0-a542-9862edee389f-groupManagement] INFO  server.RaftServer$Division (RaftServerImpl.java:setRole(329)) - b63666e2-1779-4ee0-a542-9862edee389f@group-DFDA87116952: changes role from      null to FOLLOWER at term 0 for startAsFollower
2023-07-12 21:53:25,385 [b63666e2-1779-4ee0-a542-9862edee389f-groupManagement] INFO  impl.RoleInfo (RoleInfo.java:updateAndGet(139)) - b63666e2-1779-4ee0-a542-9862edee389f: start b63666e2-1779-4ee0-a542-9862edee389f@group-DFDA87116952-FollowerState
2023-07-12 21:53:25,386 [b63666e2-1779-4ee0-a542-9862edee389f-groupManagement] INFO  util.JmxRegister (JmxRegister.java:tryRegister(44)) - Successfully registered JMX Bean with object name Ratis:service=RaftServer,group=group-DFDA87116952,id=b63666e2-1779-4ee0-a542-9862edee389f
2023-07-12 21:53:25,386 [b63666e2-1779-4ee0-a542-9862edee389f-groupManagement] INFO  server.RaftServerConfigKeys (ConfUtils.java:logGet(46)) - raft.server.snapshot.auto.trigger.enabled = true (custom)
2023-07-12 21:53:25,386 [b63666e2-1779-4ee0-a542-9862edee389f-groupManagement] INFO  server.RaftServerConfigKeys (ConfUtils.java:logGet(46)) - raft.server.snapshot.auto.trigger.threshold = 10000 (custom)
2023-07-12 21:53:25,386 [b63666e2-1779-4ee0-a542-9862edee389f-groupManagement] INFO  server.RaftServerConfigKeys (ConfUtils.java:logGet(46)) - raft.server.snapshot.retention.file.num = 5 (custom)
2023-07-12 21:53:25,386 [b63666e2-1779-4ee0-a542-9862edee389f-groupManagement] INFO  server.RaftServerConfigKeys (ConfUtils.java:logGet(46)) - raft.server.log.purge.upto.snapshot.index = false (default)
2023-07-12 21:53:25,387 [b63666e2-1779-4ee0-a542-9862edee389f@group-DFDA87116952-FollowerState] INFO  server.RaftServerConfigKeys (ConfUtils.java:logFallback(53)) - raft.server.rpc.first-election.timeout.min = 5s (fallback to raft.server.rpc.timeout.min)
2023-07-12 21:53:25,387 [PipelineCommandHandlerThread-0] INFO  ratis.XceiverServerRatis (XceiverServerRatis.java:addGroup(804)) - Created group PipelineID=7c002b24-39b5-4a73-b9a4-dfda87116952
2023-07-12 21:53:25,395 [b63666e2-1779-4ee0-a542-9862edee389f@group-DFDA87116952-FollowerState] INFO  server.RaftServerConfigKeys (ConfUtils.java:logFallback(53)) - raft.server.rpc.first-election.timeout.max = 5200ms (fallback to raft.server.rpc.timeout.max)
2023-07-12 21:53:25,401 [PipelineCommandHandlerThread-0] INFO  commandhandler.CreatePipelineCommandHandler (CreatePipelineCommandHandler.java:lambda$handle$2(124)) - Created Pipeline RATIS THREE PipelineID=5c35cb4c-61c9-4cfe-b839-b0e0f9104bb7.
2023-07-12 21:53:25,402 [PipelineCommandHandlerThread-0] INFO  server.RaftServer (RaftServerProxy.java:addNew(98)) - d28e7615-a55a-42ee-a6c9-487437356628: addNew group-DFDA87116952:[d28e7615-a55a-42ee-a6c9-487437356628|rpc:10.1.0.20:15014|admin:10.1.0.20:15013|client:10.1.0.20:15012|dataStream:10.1.0.20:15015|priority:0|startupRole:FOLLOWER, b63666e2-1779-4ee0-a542-9862edee389f|rpc:10.1.0.20:15023|admin:10.1.0.20:15022|client:10.1.0.20:15021|dataStream:10.1.0.20:15024|priority:1|startupRole:FOLLOWER, 2503d6b5-7af3-43aa-ac32-7e71e8cb8062|rpc:10.1.0.20:15032|admin:10.1.0.20:15031|client:10.1.0.20:15030|dataStream:10.1.0.20:15033|priority:0|startupRole:FOLLOWER] returns group-DFDA87116952:java.util.concurrent.CompletableFuture@5211ffbe[Not completed]
2023-07-12 21:53:25,405 [d28e7615-a55a-42ee-a6c9-487437356628-groupManagement] INFO  server.RaftServer$Division (RaftServerImpl.java:<init>(198)) - d28e7615-a55a-42ee-a6c9-487437356628: new RaftServerImpl for group-DFDA87116952:[d28e7615-a55a-42ee-a6c9-487437356628|rpc:10.1.0.20:15014|admin:10.1.0.20:15013|client:10.1.0.20:15012|dataStream:10.1.0.20:15015|priority:0|startupRole:FOLLOWER, b63666e2-1779-4ee0-a542-9862edee389f|rpc:10.1.0.20:15023|admin:10.1.0.20:15022|client:10.1.0.20:15021|dataStream:10.1.0.20:15024|priority:1|startupRole:FOLLOWER, 2503d6b5-7af3-43aa-ac32-7e71e8cb8062|rpc:10.1.0.20:15032|admin:10.1.0.20:15031|client:10.1.0.20:15030|dataStream:10.1.0.20:15033|priority:0|startupRole:FOLLOWER] with ContainerStateMachine:uninitialized
2023-07-12 21:53:25,405 [d28e7615-a55a-42ee-a6c9-487437356628-groupManagement] INFO  server.RaftServerConfigKeys (ConfUtils.java:logGet(46)) - raft.server.rpc.timeout.min = 5s (custom)
2023-07-12 21:53:25,405 [d28e7615-a55a-42ee-a6c9-487437356628-groupManagement] INFO  server.RaftServerConfigKeys (ConfUtils.java:logGet(46)) - raft.server.rpc.timeout.max = 5200ms (custom)
2023-07-12 21:53:25,405 [d28e7615-a55a-42ee-a6c9-487437356628-groupManagement] INFO  server.RaftServerConfigKeys (ConfUtils.java:logGet(46)) - raft.server.rpc.sleep.time = 25ms (default)
2023-07-12 21:53:25,405 [d28e7615-a55a-42ee-a6c9-487437356628-groupManagement] INFO  server.RaftServerConfigKeys (ConfUtils.java:logGet(46)) - raft.server.rpc.slowness.timeout = 300s (custom)
2023-07-12 21:53:25,405 [d28e7615-a55a-42ee-a6c9-487437356628-groupManagement] INFO  server.RaftServerConfigKeys (ConfUtils.java:logGet(46)) - raft.server.leaderelection.leader.step-down.wait-time = 10s (default)
2023-07-12 21:53:25,405 [d28e7615-a55a-42ee-a6c9-487437356628-groupManagement] INFO  server.RaftServerConfigKeys (ConfUtils.java:logGet(46)) - raft.server.sleep.deviation.threshold = 300ms (default)
2023-07-12 21:53:25,405 [d28e7615-a55a-42ee-a6c9-487437356628-groupManagement] INFO  server.RaftServer$Division (ServerState.java:<init>(120)) - d28e7615-a55a-42ee-a6c9-487437356628@group-DFDA87116952: ConfigurationManager, init=-1: peers:[d28e7615-a55a-42ee-a6c9-487437356628|rpc:10.1.0.20:15014|admin:10.1.0.20:15013|client:10.1.0.20:15012|dataStream:10.1.0.20:15015|priority:0|startupRole:FOLLOWER, b63666e2-1779-4ee0-a542-9862edee389f|rpc:10.1.0.20:15023|admin:10.1.0.20:15022|client:10.1.0.20:15021|dataStream:10.1.0.20:15024|priority:1|startupRole:FOLLOWER, 2503d6b5-7af3-43aa-ac32-7e71e8cb8062|rpc:10.1.0.20:15032|admin:10.1.0.20:15031|client:10.1.0.20:15030|dataStream:10.1.0.20:15033|priority:0|startupRole:FOLLOWER]|listeners:[], old=null, confs=<EMPTY_MAP>
2023-07-12 21:53:25,405 [d28e7615-a55a-42ee-a6c9-487437356628-groupManagement] INFO  server.RaftServerConfigKeys (ConfUtils.java:logGet(46)) - raft.server.storage.dir = [/home/runner/work/ozone/ozone/hadoop-ozone/integration-test/target/test-dir/MiniOzoneClusterImpl-45e85e01-d716-41a3-b7bb-c5caf1d85614/datanode-0/data/ratis] (custom)
2023-07-12 21:53:25,405 [d28e7615-a55a-42ee-a6c9-487437356628-groupManagement] INFO  server.RaftServerConfigKeys (ConfUtils.java:logGet(46)) - raft.server.log.corruption.policy = EXCEPTION (default)
2023-07-12 21:53:25,406 [d28e7615-a55a-42ee-a6c9-487437356628-groupManagement] INFO  server.RaftServerConfigKeys (ConfUtils.java:logGet(46)) - raft.server.storage.free-space.min = 0MB (=0) (default)
2023-07-12 21:53:25,406 [d28e7615-a55a-42ee-a6c9-487437356628-groupManagement] INFO  server.RaftServerConfigKeys (ConfUtils.java:logGet(46)) - raft.server.notification.no-leader.timeout = 300s (custom)
2023-07-12 21:53:25,406 [d28e7615-a55a-42ee-a6c9-487437356628-groupManagement] INFO  server.RaftServerConfigKeys (ConfUtils.java:logGet(46)) - raft.server.read.timeout = 10s (default)
2023-07-12 21:53:25,406 [d28e7615-a55a-42ee-a6c9-487437356628-groupManagement] INFO  server.RaftServerConfigKeys (ConfUtils.java:logGet(46)) - raft.server.retrycache.expirytime = 600000ms (custom)
2023-07-12 21:53:25,406 [d28e7615-a55a-42ee-a6c9-487437356628-groupManagement] INFO  server.RaftServerConfigKeys (ConfUtils.java:logGet(46)) - raft.server.retrycache.statistics.expirytime = 100μs (default)
2023-07-12 21:53:25,406 [d28e7615-a55a-42ee-a6c9-487437356628-groupManagement] INFO  server.RaftServerConfigKeys (ConfUtils.java:logGet(46)) - raft.server.read.option = DEFAULT (default)
2023-07-12 21:53:25,407 [d28e7615-a55a-42ee-a6c9-487437356628-groupManagement] INFO  server.RaftServerConfigKeys (ConfUtils.java:logGet(46)) - raft.server.rpc.request.timeout = 60s (custom)
2023-07-12 21:53:25,407 [d28e7615-a55a-42ee-a6c9-487437356628-groupManagement] INFO  server.RaftServerConfigKeys (ConfUtils.java:logGet(46)) - raft.server.log.appender.install.snapshot.enabled = false (custom)
2023-07-12 21:53:25,407 [d28e7615-a55a-42ee-a6c9-487437356628-groupManagement] INFO  server.RaftServerConfigKeys (ConfUtils.java:logGet(46)) - raft.server.threadpool.server.cached = true (default)
2023-07-12 21:53:25,408 [d28e7615-a55a-42ee-a6c9-487437356628-groupManagement] INFO  server.RaftServerConfigKeys (ConfUtils.java:logGet(46)) - raft.server.threadpool.server.size = 0 (default)
2023-07-12 21:53:25,408 [d28e7615-a55a-42ee-a6c9-487437356628-groupManagement] INFO  server.RaftServerConfigKeys (ConfUtils.java:logGet(46)) - raft.server.threadpool.client.cached = true (default)
2023-07-12 21:53:25,408 [d28e7615-a55a-42ee-a6c9-487437356628-groupManagement] INFO  server.RaftServerConfigKeys (ConfUtils.java:logGet(46)) - raft.server.threadpool.client.size = 0 (default)
2023-07-12 21:53:25,408 [d28e7615-a55a-42ee-a6c9-487437356628-groupManagement] INFO  storage.RaftStorageDirectory (RaftStorageDirectoryImpl.java:analyzeStorage(137)) - The storage directory /home/runner/work/ozone/ozone/hadoop-ozone/integration-test/target/test-dir/MiniOzoneClusterImpl-45e85e01-d716-41a3-b7bb-c5caf1d85614/datanode-0/data/ratis/7c002b24-39b5-4a73-b9a4-dfda87116952 does not exist. Creating ...
2023-07-12 21:53:25,411 [d28e7615-a55a-42ee-a6c9-487437356628-groupManagement] INFO  storage.RaftStorageDirectory (RaftStorageDirectoryImpl.java:tryLock(231)) - Lock on /home/runner/work/ozone/ozone/hadoop-ozone/integration-test/target/test-dir/MiniOzoneClusterImpl-45e85e01-d716-41a3-b7bb-c5caf1d85614/datanode-0/data/ratis/7c002b24-39b5-4a73-b9a4-dfda87116952/in_use.lock acquired by nodename 107600@fv-az670-842
2023-07-12 21:53:25,413 [d28e7615-a55a-42ee-a6c9-487437356628-groupManagement] INFO  storage.RaftStorage (RaftStorageImpl.java:format(96)) - Storage directory /home/runner/work/ozone/ozone/hadoop-ozone/integration-test/target/test-dir/MiniOzoneClusterImpl-45e85e01-d716-41a3-b7bb-c5caf1d85614/datanode-0/data/ratis/7c002b24-39b5-4a73-b9a4-dfda87116952 has been successfully formatted.
2023-07-12 21:53:25,414 [d28e7615-a55a-42ee-a6c9-487437356628-groupManagement] INFO  ratis.ContainerStateMachine (ContainerStateMachine.java:loadSnapshot(262)) - group-DFDA87116952: The snapshot info is null. Setting the last applied indexto:(t:0, i:~)
2023-07-12 21:53:25,415 [d28e7615-a55a-42ee-a6c9-487437356628-groupManagement] INFO  server.RaftServerConfigKeys (ConfUtils.java:logGet(46)) - raft.server.log.use.memory = false (default)
2023-07-12 21:53:25,415 [d28e7615-a55a-42ee-a6c9-487437356628-groupManagement] INFO  server.RaftServerConfigKeys (ConfUtils.java:logGet(46)) - raft.server.log.purge.gap = 1000000 (custom)
2023-07-12 21:53:25,416 [d28e7615-a55a-42ee-a6c9-487437356628-groupManagement] INFO  server.RaftServerConfigKeys (ConfUtils.java:logGet(46)) - raft.server.log.appender.buffer.byte-limit = 33554432 (custom)
2023-07-12 21:53:25,416 [d28e7615-a55a-42ee-a6c9-487437356628-groupManagement] INFO  server.RaftServerConfigKeys (ConfUtils.java:logGet(46)) - raft.server.log.statemachine.data.read.timeout = 1000ms (default)
2023-07-12 21:53:25,416 [d28e7615-a55a-42ee-a6c9-487437356628-groupManagement] INFO  server.RaftServerConfigKeys (ConfUtils.java:logGet(46)) - raft.server.log.purge.preservation.log.num = 0 (default)
2023-07-12 21:53:25,416 [d28e7615-a55a-42ee-a6c9-487437356628-groupManagement] INFO  server.RaftServerConfigKeys (ConfUtils.java:logGet(46)) - raft.server.log.segment.size.max = 1048576 (custom)
2023-07-12 21:53:25,416 [d28e7615-a55a-42ee-a6c9-487437356628-groupManagement] INFO  server.RaftServerConfigKeys (ConfUtils.java:logGet(46)) - raft.server.log.segment.cache.num.max = 2 (custom)
2023-07-12 21:53:25,416 [d28e7615-a55a-42ee-a6c9-487437356628-groupManagement] INFO  server.RaftServerConfigKeys (ConfUtils.java:logGet(46)) - raft.server.log.segment.cache.size.max = 200MB (=209715200) (default)
2023-07-12 21:53:25,416 [d28e7615-a55a-42ee-a6c9-487437356628-groupManagement] INFO  server.RaftServerConfigKeys (ConfUtils.java:logGet(46)) - raft.server.log.appender.buffer.byte-limit = 33554432 (custom)
2023-07-12 21:53:25,416 [d28e7615-a55a-42ee-a6c9-487437356628-groupManagement] INFO  segmented.SegmentedRaftLogWorker (SegmentedRaftLogWorker.java:<init>(188)) - new d28e7615-a55a-42ee-a6c9-487437356628@group-DFDA87116952-SegmentedRaftLogWorker for RaftStorageImpl:Storage Directory /home/runner/work/ozone/ozone/hadoop-ozone/integration-test/target/test-dir/MiniOzoneClusterImpl-45e85e01-d716-41a3-b7bb-c5caf1d85614/datanode-0/data/ratis/7c002b24-39b5-4a73-b9a4-dfda87116952
2023-07-12 21:53:25,416 [d28e7615-a55a-42ee-a6c9-487437356628-groupManagement] INFO  server.RaftServerConfigKeys (ConfUtils.java:logGet(46)) - raft.server.log.queue.byte-limit = 4294967296 (custom)
2023-07-12 21:53:25,416 [d28e7615-a55a-42ee-a6c9-487437356628-groupManagement] INFO  server.RaftServerConfigKeys (ConfUtils.java:logGet(46)) - raft.server.log.queue.element-limit = 1024 (custom)
2023-07-12 21:53:25,416 [d28e7615-a55a-42ee-a6c9-487437356628-groupManagement] INFO  server.RaftServerConfigKeys (ConfUtils.java:logGet(46)) - raft.server.log.segment.size.max = 1048576 (custom)
2023-07-12 21:53:25,416 [d28e7615-a55a-42ee-a6c9-487437356628-groupManagement] INFO  server.RaftServerConfigKeys (ConfUtils.java:logGet(46)) - raft.server.log.preallocated.size = 16384 (custom)
2023-07-12 21:53:25,416 [d28e7615-a55a-42ee-a6c9-487437356628-groupManagement] INFO  server.RaftServerConfigKeys (ConfUtils.java:logGet(46)) - raft.server.log.force.sync.num = 128 (default)
2023-07-12 21:53:25,417 [d28e7615-a55a-42ee-a6c9-487437356628-groupManagement] INFO  server.RaftServerConfigKeys (ConfUtils.java:logGet(46)) - raft.server.log.statemachine.data.sync = true (default)
2023-07-12 21:53:25,417 [d28e7615-a55a-42ee-a6c9-487437356628-groupManagement] INFO  server.RaftServerConfigKeys (ConfUtils.java:logGet(46)) - raft.server.log.statemachine.data.sync.timeout = 10s (default)
2023-07-12 21:53:25,417 [d28e7615-a55a-42ee-a6c9-487437356628-groupManagement] INFO  server.RaftServerConfigKeys (ConfUtils.java:logGet(46)) - raft.server.log.statemachine.data.sync.timeout.retry = -1 (default)
2023-07-12 21:53:25,417 [d28e7615-a55a-42ee-a6c9-487437356628-groupManagement] INFO  server.RaftServerConfigKeys (ConfUtils.java:logGet(46)) - raft.server.log.write.buffer.size = 1048576 (custom)
2023-07-12 21:53:25,418 [d28e7615-a55a-42ee-a6c9-487437356628-groupManagement] INFO  server.RaftServerConfigKeys (ConfUtils.java:logGet(46)) - raft.server.log.appender.buffer.byte-limit = 33554432 (custom)
2023-07-12 21:53:25,421 [d28e7615-a55a-42ee-a6c9-487437356628-groupManagement] INFO  server.RaftServerConfigKeys (ConfUtils.java:logGet(46)) - raft.server.log.unsafe-flush.enabled = false (default)
2023-07-12 21:53:25,421 [d28e7615-a55a-42ee-a6c9-487437356628-groupManagement] INFO  server.RaftServerConfigKeys (ConfUtils.java:logGet(46)) - raft.server.log.async-flush.enabled = false (default)
2023-07-12 21:53:25,421 [d28e7615-a55a-42ee-a6c9-487437356628-groupManagement] INFO  server.RaftServerConfigKeys (ConfUtils.java:logGet(46)) - raft.server.log.statemachine.data.caching.enabled = true (custom)
2023-07-12 21:53:25,422 [d28e7615-a55a-42ee-a6c9-487437356628-groupManagement] INFO  segmented.SegmentedRaftLogWorker (SegmentedRaftLogWorker.java:lambda$new$0(135)) - d28e7615-a55a-42ee-a6c9-487437356628@group-DFDA87116952-SegmentedRaftLogWorker: flushIndex: setUnconditionally 0 -> -1
2023-07-12 21:53:25,422 [d28e7615-a55a-42ee-a6c9-487437356628-groupManagement] INFO  segmented.SegmentedRaftLogWorker (SegmentedRaftLogWorker.java:lambda$new$0(135)) - d28e7615-a55a-42ee-a6c9-487437356628@group-DFDA87116952-SegmentedRaftLogWorker: safeCacheEvictIndex: setUnconditionally 0 -> -1
2023-07-12 21:53:25,422 [d28e7615-a55a-42ee-a6c9-487437356628-groupManagement] INFO  server.RaftServer$Division (RaftServerImpl.java:start(342)) - d28e7615-a55a-42ee-a6c9-487437356628@group-DFDA87116952: start as a follower, conf=-1: peers:[d28e7615-a55a-42ee-a6c9-487437356628|rpc:10.1.0.20:15014|admin:10.1.0.20:15013|client:10.1.0.20:15012|dataStream:10.1.0.20:15015|priority:0|startupRole:FOLLOWER, b63666e2-1779-4ee0-a542-9862edee389f|rpc:10.1.0.20:15023|admin:10.1.0.20:15022|client:10.1.0.20:15021|dataStream:10.1.0.20:15024|priority:1|startupRole:FOLLOWER, 2503d6b5-7af3-43aa-ac32-7e71e8cb8062|rpc:10.1.0.20:15032|admin:10.1.0.20:15031|client:10.1.0.20:15030|dataStream:10.1.0.20:15033|priority:0|startupRole:FOLLOWER]|listeners:[], old=null
2023-07-12 21:53:25,422 [d28e7615-a55a-42ee-a6c9-487437356628-groupManagement] INFO  server.RaftServer$Division (RaftServerImpl.java:setRole(329)) - d28e7615-a55a-42ee-a6c9-487437356628@group-DFDA87116952: changes role from      null to FOLLOWER at term 0 for startAsFollower
2023-07-12 21:53:25,422 [d28e7615-a55a-42ee-a6c9-487437356628-groupManagement] INFO  impl.RoleInfo (RoleInfo.java:updateAndGet(139)) - d28e7615-a55a-42ee-a6c9-487437356628: start d28e7615-a55a-42ee-a6c9-487437356628@group-DFDA87116952-FollowerState
2023-07-12 21:53:25,422 [d28e7615-a55a-42ee-a6c9-487437356628-groupManagement] INFO  util.JmxRegister (JmxRegister.java:tryRegister(44)) - Successfully registered JMX Bean with object name Ratis:service=RaftServer,group=group-DFDA87116952,id=d28e7615-a55a-42ee-a6c9-487437356628
2023-07-12 21:53:25,422 [d28e7615-a55a-42ee-a6c9-487437356628-groupManagement] INFO  server.RaftServerConfigKeys (ConfUtils.java:logGet(46)) - raft.server.snapshot.auto.trigger.enabled = true (custom)
2023-07-12 21:53:25,423 [d28e7615-a55a-42ee-a6c9-487437356628-groupManagement] INFO  server.RaftServerConfigKeys (ConfUtils.java:logGet(46)) - raft.server.snapshot.auto.trigger.threshold = 10000 (custom)
2023-07-12 21:53:25,423 [d28e7615-a55a-42ee-a6c9-487437356628-groupManagement] INFO  server.RaftServerConfigKeys (ConfUtils.java:logGet(46)) - raft.server.snapshot.retention.file.num = 5 (custom)
2023-07-12 21:53:25,423 [d28e7615-a55a-42ee-a6c9-487437356628-groupManagement] INFO  server.RaftServerConfigKeys (ConfUtils.java:logGet(46)) - raft.server.log.purge.upto.snapshot.index = false (default)
2023-07-12 21:53:25,423 [d28e7615-a55a-42ee-a6c9-487437356628@group-DFDA87116952-FollowerState] INFO  server.RaftServerConfigKeys (ConfUtils.java:logFallback(53)) - raft.server.rpc.first-election.timeout.min = 5s (fallback to raft.server.rpc.timeout.min)
2023-07-12 21:53:25,425 [EventQueue-OpenPipelineForHealthyPipelineSafeModeRule] INFO  safemode.SCMSafeModeManager (HealthyPipelineSafeModeRule.java:process(137)) - SCM in safe mode. Healthy pipelines reported count is 0, required healthy pipeline reported count is 1
2023-07-12 21:53:25,423 [PipelineCommandHandlerThread-0] INFO  ratis.XceiverServerRatis (XceiverServerRatis.java:addGroup(804)) - Created group PipelineID=7c002b24-39b5-4a73-b9a4-dfda87116952
2023-07-12 21:53:25,431 [d28e7615-a55a-42ee-a6c9-487437356628@group-DFDA87116952-FollowerState] INFO  server.RaftServerConfigKeys (ConfUtils.java:logFallback(53)) - raft.server.rpc.first-election.timeout.max = 5200ms (fallback to raft.server.rpc.timeout.max)
2023-07-12 21:53:25,446 [grpc-default-executor-0] INFO  server.RaftServer (RaftServerProxy.java:addNew(98)) - 2503d6b5-7af3-43aa-ac32-7e71e8cb8062: addNew group-DFDA87116952:[d28e7615-a55a-42ee-a6c9-487437356628|rpc:10.1.0.20:15014|admin:10.1.0.20:15013|client:10.1.0.20:15012|dataStream:10.1.0.20:15015|priority:0|startupRole:FOLLOWER, b63666e2-1779-4ee0-a542-9862edee389f|rpc:10.1.0.20:15023|admin:10.1.0.20:15022|client:10.1.0.20:15021|dataStream:10.1.0.20:15024|priority:1|startupRole:FOLLOWER, 2503d6b5-7af3-43aa-ac32-7e71e8cb8062|rpc:10.1.0.20:15032|admin:10.1.0.20:15031|client:10.1.0.20:15030|dataStream:10.1.0.20:15033|priority:0|startupRole:FOLLOWER] returns group-DFDA87116952:java.util.concurrent.CompletableFuture@3a8639d3[Not completed]
2023-07-12 21:53:25,447 [2503d6b5-7af3-43aa-ac32-7e71e8cb8062-groupManagement] INFO  server.RaftServer$Division (RaftServerImpl.java:<init>(198)) - 2503d6b5-7af3-43aa-ac32-7e71e8cb8062: new RaftServerImpl for group-DFDA87116952:[d28e7615-a55a-42ee-a6c9-487437356628|rpc:10.1.0.20:15014|admin:10.1.0.20:15013|client:10.1.0.20:15012|dataStream:10.1.0.20:15015|priority:0|startupRole:FOLLOWER, b63666e2-1779-4ee0-a542-9862edee389f|rpc:10.1.0.20:15023|admin:10.1.0.20:15022|client:10.1.0.20:15021|dataStream:10.1.0.20:15024|priority:1|startupRole:FOLLOWER, 2503d6b5-7af3-43aa-ac32-7e71e8cb8062|rpc:10.1.0.20:15032|admin:10.1.0.20:15031|client:10.1.0.20:15030|dataStream:10.1.0.20:15033|priority:0|startupRole:FOLLOWER] with ContainerStateMachine:uninitialized
2023-07-12 21:53:25,447 [2503d6b5-7af3-43aa-ac32-7e71e8cb8062-groupManagement] INFO  server.RaftServerConfigKeys (ConfUtils.java:logGet(46)) - raft.server.rpc.timeout.min = 5s (custom)
2023-07-12 21:53:25,447 [2503d6b5-7af3-43aa-ac32-7e71e8cb8062-groupManagement] INFO  server.RaftServerConfigKeys (ConfUtils.java:logGet(46)) - raft.server.rpc.timeout.max = 5200ms (custom)
2023-07-12 21:53:25,447 [2503d6b5-7af3-43aa-ac32-7e71e8cb8062-groupManagement] INFO  server.RaftServerConfigKeys (ConfUtils.java:logGet(46)) - raft.server.rpc.sleep.time = 25ms (default)
2023-07-12 21:53:25,447 [2503d6b5-7af3-43aa-ac32-7e71e8cb8062-groupManagement] INFO  server.RaftServerConfigKeys (ConfUtils.java:logGet(46)) - raft.server.rpc.slowness.timeout = 300s (custom)
2023-07-12 21:53:25,447 [2503d6b5-7af3-43aa-ac32-7e71e8cb8062-groupManagement] INFO  server.RaftServerConfigKeys (ConfUtils.java:logGet(46)) - raft.server.leaderelection.leader.step-down.wait-time = 10s (default)
2023-07-12 21:53:25,447 [2503d6b5-7af3-43aa-ac32-7e71e8cb8062-groupManagement] INFO  server.RaftServerConfigKeys (ConfUtils.java:logGet(46)) - raft.server.sleep.deviation.threshold = 300ms (default)
2023-07-12 21:53:25,447 [2503d6b5-7af3-43aa-ac32-7e71e8cb8062-groupManagement] INFO  server.RaftServer$Division (ServerState.java:<init>(120)) - 2503d6b5-7af3-43aa-ac32-7e71e8cb8062@group-DFDA87116952: ConfigurationManager, init=-1: peers:[d28e7615-a55a-42ee-a6c9-487437356628|rpc:10.1.0.20:15014|admin:10.1.0.20:15013|client:10.1.0.20:15012|dataStream:10.1.0.20:15015|priority:0|startupRole:FOLLOWER, b63666e2-1779-4ee0-a542-9862edee389f|rpc:10.1.0.20:15023|admin:10.1.0.20:15022|client:10.1.0.20:15021|dataStream:10.1.0.20:15024|priority:1|startupRole:FOLLOWER, 2503d6b5-7af3-43aa-ac32-7e71e8cb8062|rpc:10.1.0.20:15032|admin:10.1.0.20:15031|client:10.1.0.20:15030|dataStream:10.1.0.20:15033|priority:0|startupRole:FOLLOWER]|listeners:[], old=null, confs=<EMPTY_MAP>
2023-07-12 21:53:25,447 [2503d6b5-7af3-43aa-ac32-7e71e8cb8062-groupManagement] INFO  server.RaftServerConfigKeys (ConfUtils.java:logGet(46)) - raft.server.storage.dir = [/home/runner/work/ozone/ozone/hadoop-ozone/integration-test/target/test-dir/MiniOzoneClusterImpl-45e85e01-d716-41a3-b7bb-c5caf1d85614/datanode-2/data/ratis] (custom)
2023-07-12 21:53:25,447 [2503d6b5-7af3-43aa-ac32-7e71e8cb8062-groupManagement] INFO  server.RaftServerConfigKeys (ConfUtils.java:logGet(46)) - raft.server.log.corruption.policy = EXCEPTION (default)
2023-07-12 21:53:25,447 [2503d6b5-7af3-43aa-ac32-7e71e8cb8062-groupManagement] INFO  server.RaftServerConfigKeys (ConfUtils.java:logGet(46)) - raft.server.storage.free-space.min = 0MB (=0) (default)
2023-07-12 21:53:25,447 [2503d6b5-7af3-43aa-ac32-7e71e8cb8062-groupManagement] INFO  server.RaftServerConfigKeys (ConfUtils.java:logGet(46)) - raft.server.notification.no-leader.timeout = 300s (custom)
2023-07-12 21:53:25,447 [2503d6b5-7af3-43aa-ac32-7e71e8cb8062-groupManagement] INFO  server.RaftServerConfigKeys (ConfUtils.java:logGet(46)) - raft.server.read.timeout = 10s (default)
2023-07-12 21:53:25,448 [2503d6b5-7af3-43aa-ac32-7e71e8cb8062-groupManagement] INFO  server.RaftServerConfigKeys (ConfUtils.java:logGet(46)) - raft.server.retrycache.expirytime = 600000ms (custom)
2023-07-12 21:53:25,448 [2503d6b5-7af3-43aa-ac32-7e71e8cb8062-groupManagement] INFO  server.RaftServerConfigKeys (ConfUtils.java:logGet(46)) - raft.server.retrycache.statistics.expirytime = 100μs (default)
2023-07-12 21:53:25,448 [2503d6b5-7af3-43aa-ac32-7e71e8cb8062-groupManagement] INFO  server.RaftServerConfigKeys (ConfUtils.java:logGet(46)) - raft.server.read.option = DEFAULT (default)
2023-07-12 21:53:25,448 [2503d6b5-7af3-43aa-ac32-7e71e8cb8062-groupManagement] INFO  server.RaftServerConfigKeys (ConfUtils.java:logGet(46)) - raft.server.rpc.request.timeout = 60s (custom)
2023-07-12 21:53:25,448 [2503d6b5-7af3-43aa-ac32-7e71e8cb8062-groupManagement] INFO  server.RaftServerConfigKeys (ConfUtils.java:logGet(46)) - raft.server.log.appender.install.snapshot.enabled = false (custom)
2023-07-12 21:53:25,448 [2503d6b5-7af3-43aa-ac32-7e71e8cb8062-groupManagement] INFO  server.RaftServerConfigKeys (ConfUtils.java:logGet(46)) - raft.server.threadpool.server.cached = true (default)
2023-07-12 21:53:25,449 [2503d6b5-7af3-43aa-ac32-7e71e8cb8062-groupManagement] INFO  server.RaftServerConfigKeys (ConfUtils.java:logGet(46)) - raft.server.threadpool.server.size = 0 (default)
2023-07-12 21:53:25,449 [2503d6b5-7af3-43aa-ac32-7e71e8cb8062-groupManagement] INFO  server.RaftServerConfigKeys (ConfUtils.java:logGet(46)) - raft.server.threadpool.client.cached = true (default)
2023-07-12 21:53:25,449 [2503d6b5-7af3-43aa-ac32-7e71e8cb8062-groupManagement] INFO  server.RaftServerConfigKeys (ConfUtils.java:logGet(46)) - raft.server.threadpool.client.size = 0 (default)
2023-07-12 21:53:25,449 [2503d6b5-7af3-43aa-ac32-7e71e8cb8062-groupManagement] INFO  storage.RaftStorageDirectory (RaftStorageDirectoryImpl.java:analyzeStorage(137)) - The storage directory /home/runner/work/ozone/ozone/hadoop-ozone/integration-test/target/test-dir/MiniOzoneClusterImpl-45e85e01-d716-41a3-b7bb-c5caf1d85614/datanode-2/data/ratis/7c002b24-39b5-4a73-b9a4-dfda87116952 does not exist. Creating ...
2023-07-12 21:53:25,450 [2503d6b5-7af3-43aa-ac32-7e71e8cb8062-groupManagement] INFO  storage.RaftStorageDirectory (RaftStorageDirectoryImpl.java:tryLock(231)) - Lock on /home/runner/work/ozone/ozone/hadoop-ozone/integration-test/target/test-dir/MiniOzoneClusterImpl-45e85e01-d716-41a3-b7bb-c5caf1d85614/datanode-2/data/ratis/7c002b24-39b5-4a73-b9a4-dfda87116952/in_use.lock acquired by nodename 107600@fv-az670-842
2023-07-12 21:53:25,451 [2503d6b5-7af3-43aa-ac32-7e71e8cb8062-groupManagement] INFO  storage.RaftStorage (RaftStorageImpl.java:format(96)) - Storage directory /home/runner/work/ozone/ozone/hadoop-ozone/integration-test/target/test-dir/MiniOzoneClusterImpl-45e85e01-d716-41a3-b7bb-c5caf1d85614/datanode-2/data/ratis/7c002b24-39b5-4a73-b9a4-dfda87116952 has been successfully formatted.
2023-07-12 21:53:25,452 [2503d6b5-7af3-43aa-ac32-7e71e8cb8062-groupManagement] INFO  ratis.ContainerStateMachine (ContainerStateMachine.java:loadSnapshot(262)) - group-DFDA87116952: The snapshot info is null. Setting the last applied indexto:(t:0, i:~)
2023-07-12 21:53:25,452 [2503d6b5-7af3-43aa-ac32-7e71e8cb8062-groupManagement] INFO  server.RaftServerConfigKeys (ConfUtils.java:logGet(46)) - raft.server.log.use.memory = false (default)
2023-07-12 21:53:25,456 [2503d6b5-7af3-43aa-ac32-7e71e8cb8062-groupManagement] INFO  server.RaftServerConfigKeys (ConfUtils.java:logGet(46)) - raft.server.log.purge.gap = 1000000 (custom)
2023-07-12 21:53:25,456 [2503d6b5-7af3-43aa-ac32-7e71e8cb8062-groupManagement] INFO  server.RaftServerConfigKeys (ConfUtils.java:logGet(46)) - raft.server.log.appender.buffer.byte-limit = 33554432 (custom)
2023-07-12 21:53:25,456 [2503d6b5-7af3-43aa-ac32-7e71e8cb8062-groupManagement] INFO  server.RaftServerConfigKeys (ConfUtils.java:logGet(46)) - raft.server.log.statemachine.data.read.timeout = 1000ms (default)
2023-07-12 21:53:25,456 [2503d6b5-7af3-43aa-ac32-7e71e8cb8062-groupManagement] INFO  server.RaftServerConfigKeys (ConfUtils.java:logGet(46)) - raft.server.log.purge.preservation.log.num = 0 (default)
2023-07-12 21:53:25,456 [2503d6b5-7af3-43aa-ac32-7e71e8cb8062-groupManagement] INFO  server.RaftServerConfigKeys (ConfUtils.java:logGet(46)) - raft.server.log.segment.size.max = 1048576 (custom)
2023-07-12 21:53:25,457 [2503d6b5-7af3-43aa-ac32-7e71e8cb8062-groupManagement] INFO  server.RaftServerConfigKeys (ConfUtils.java:logGet(46)) - raft.server.log.segment.cache.num.max = 2 (custom)
2023-07-12 21:53:25,457 [2503d6b5-7af3-43aa-ac32-7e71e8cb8062-groupManagement] INFO  server.RaftServerConfigKeys (ConfUtils.java:logGet(46)) - raft.server.log.segment.cache.size.max = 200MB (=209715200) (default)
2023-07-12 21:53:25,457 [2503d6b5-7af3-43aa-ac32-7e71e8cb8062-groupManagement] INFO  server.RaftServerConfigKeys (ConfUtils.java:logGet(46)) - raft.server.log.appender.buffer.byte-limit = 33554432 (custom)
2023-07-12 21:53:25,457 [2503d6b5-7af3-43aa-ac32-7e71e8cb8062-groupManagement] INFO  segmented.SegmentedRaftLogWorker (SegmentedRaftLogWorker.java:<init>(188)) - new 2503d6b5-7af3-43aa-ac32-7e71e8cb8062@group-DFDA87116952-SegmentedRaftLogWorker for RaftStorageImpl:Storage Directory /home/runner/work/ozone/ozone/hadoop-ozone/integration-test/target/test-dir/MiniOzoneClusterImpl-45e85e01-d716-41a3-b7bb-c5caf1d85614/datanode-2/data/ratis/7c002b24-39b5-4a73-b9a4-dfda87116952
2023-07-12 21:53:25,457 [2503d6b5-7af3-43aa-ac32-7e71e8cb8062-groupManagement] INFO  server.RaftServerConfigKeys (ConfUtils.java:logGet(46)) - raft.server.log.queue.byte-limit = 4294967296 (custom)
2023-07-12 21:53:25,457 [2503d6b5-7af3-43aa-ac32-7e71e8cb8062-groupManagement] INFO  server.RaftServerConfigKeys (ConfUtils.java:logGet(46)) - raft.server.log.queue.element-limit = 1024 (custom)
2023-07-12 21:53:25,457 [2503d6b5-7af3-43aa-ac32-7e71e8cb8062-groupManagement] INFO  server.RaftServerConfigKeys (ConfUtils.java:logGet(46)) - raft.server.log.segment.size.max = 1048576 (custom)
2023-07-12 21:53:25,457 [2503d6b5-7af3-43aa-ac32-7e71e8cb8062-groupManagement] INFO  server.RaftServerConfigKeys (ConfUtils.java:logGet(46)) - raft.server.log.preallocated.size = 16384 (custom)
2023-07-12 21:53:25,457 [2503d6b5-7af3-43aa-ac32-7e71e8cb8062-groupManagement] INFO  server.RaftServerConfigKeys (ConfUtils.java:logGet(46)) - raft.server.log.force.sync.num = 128 (default)
2023-07-12 21:53:25,457 [2503d6b5-7af3-43aa-ac32-7e71e8cb8062-groupManagement] INFO  server.RaftServerConfigKeys (ConfUtils.java:logGet(46)) - raft.server.log.statemachine.data.sync = true (default)
2023-07-12 21:53:25,457 [2503d6b5-7af3-43aa-ac32-7e71e8cb8062-groupManagement] INFO  server.RaftServerConfigKeys (ConfUtils.java:logGet(46)) - raft.server.log.statemachine.data.sync.timeout = 10s (default)
2023-07-12 21:53:25,457 [2503d6b5-7af3-43aa-ac32-7e71e8cb8062-groupManagement] INFO  server.RaftServerConfigKeys (ConfUtils.java:logGet(46)) - raft.server.log.statemachine.data.sync.timeout.retry = -1 (default)
2023-07-12 21:53:25,458 [2503d6b5-7af3-43aa-ac32-7e71e8cb8062-groupManagement] INFO  server.RaftServerConfigKeys (ConfUtils.java:logGet(46)) - raft.server.log.write.buffer.size = 1048576 (custom)
2023-07-12 21:53:25,458 [2503d6b5-7af3-43aa-ac32-7e71e8cb8062-groupManagement] INFO  server.RaftServerConfigKeys (ConfUtils.java:logGet(46)) - raft.server.log.appender.buffer.byte-limit = 33554432 (custom)
2023-07-12 21:53:25,464 [2503d6b5-7af3-43aa-ac32-7e71e8cb8062-groupManagement] INFO  server.RaftServerConfigKeys (ConfUtils.java:logGet(46)) - raft.server.log.unsafe-flush.enabled = false (default)
2023-07-12 21:53:25,464 [2503d6b5-7af3-43aa-ac32-7e71e8cb8062-groupManagement] INFO  server.RaftServerConfigKeys (ConfUtils.java:logGet(46)) - raft.server.log.async-flush.enabled = false (default)
2023-07-12 21:53:25,464 [2503d6b5-7af3-43aa-ac32-7e71e8cb8062-groupManagement] INFO  server.RaftServerConfigKeys (ConfUtils.java:logGet(46)) - raft.server.log.statemachine.data.caching.enabled = true (custom)
2023-07-12 21:53:25,465 [2503d6b5-7af3-43aa-ac32-7e71e8cb8062-groupManagement] INFO  segmented.SegmentedRaftLogWorker (SegmentedRaftLogWorker.java:lambda$new$0(135)) - 2503d6b5-7af3-43aa-ac32-7e71e8cb8062@group-DFDA87116952-SegmentedRaftLogWorker: flushIndex: setUnconditionally 0 -> -1
2023-07-12 21:53:25,465 [2503d6b5-7af3-43aa-ac32-7e71e8cb8062-groupManagement] INFO  segmented.SegmentedRaftLogWorker (SegmentedRaftLogWorker.java:lambda$new$0(135)) - 2503d6b5-7af3-43aa-ac32-7e71e8cb8062@group-DFDA87116952-SegmentedRaftLogWorker: safeCacheEvictIndex: setUnconditionally 0 -> -1
2023-07-12 21:53:25,465 [2503d6b5-7af3-43aa-ac32-7e71e8cb8062-groupManagement] INFO  server.RaftServer$Division (RaftServerImpl.java:start(342)) - 2503d6b5-7af3-43aa-ac32-7e71e8cb8062@group-DFDA87116952: start as a follower, conf=-1: peers:[d28e7615-a55a-42ee-a6c9-487437356628|rpc:10.1.0.20:15014|admin:10.1.0.20:15013|client:10.1.0.20:15012|dataStream:10.1.0.20:15015|priority:0|startupRole:FOLLOWER, b63666e2-1779-4ee0-a542-9862edee389f|rpc:10.1.0.20:15023|admin:10.1.0.20:15022|client:10.1.0.20:15021|dataStream:10.1.0.20:15024|priority:1|startupRole:FOLLOWER, 2503d6b5-7af3-43aa-ac32-7e71e8cb8062|rpc:10.1.0.20:15032|admin:10.1.0.20:15031|client:10.1.0.20:15030|dataStream:10.1.0.20:15033|priority:0|startupRole:FOLLOWER]|listeners:[], old=null
2023-07-12 21:53:25,465 [2503d6b5-7af3-43aa-ac32-7e71e8cb8062-groupManagement] INFO  server.RaftServer$Division (RaftServerImpl.java:setRole(329)) - 2503d6b5-7af3-43aa-ac32-7e71e8cb8062@group-DFDA87116952: changes role from      null to FOLLOWER at term 0 for startAsFollower
2023-07-12 21:53:25,465 [2503d6b5-7af3-43aa-ac32-7e71e8cb8062-groupManagement] INFO  impl.RoleInfo (RoleInfo.java:updateAndGet(139)) - 2503d6b5-7af3-43aa-ac32-7e71e8cb8062: start 2503d6b5-7af3-43aa-ac32-7e71e8cb8062@group-DFDA87116952-FollowerState
2023-07-12 21:53:25,465 [2503d6b5-7af3-43aa-ac32-7e71e8cb8062-groupManagement] INFO  util.JmxRegister (JmxRegister.java:tryRegister(44)) - Successfully registered JMX Bean with object name Ratis:service=RaftServer,group=group-DFDA87116952,id=2503d6b5-7af3-43aa-ac32-7e71e8cb8062
2023-07-12 21:53:25,465 [2503d6b5-7af3-43aa-ac32-7e71e8cb8062-groupManagement] INFO  server.RaftServerConfigKeys (ConfUtils.java:logGet(46)) - raft.server.snapshot.auto.trigger.enabled = true (custom)
2023-07-12 21:53:25,466 [2503d6b5-7af3-43aa-ac32-7e71e8cb8062-groupManagement] INFO  server.RaftServerConfigKeys (ConfUtils.java:logGet(46)) - raft.server.snapshot.auto.trigger.threshold = 10000 (custom)
2023-07-12 21:53:25,466 [2503d6b5-7af3-43aa-ac32-7e71e8cb8062-groupManagement] INFO  server.RaftServerConfigKeys (ConfUtils.java:logGet(46)) - raft.server.snapshot.retention.file.num = 5 (custom)
2023-07-12 21:53:25,466 [2503d6b5-7af3-43aa-ac32-7e71e8cb8062-groupManagement] INFO  server.RaftServerConfigKeys (ConfUtils.java:logGet(46)) - raft.server.log.purge.upto.snapshot.index = false (default)
2023-07-12 21:53:25,467 [2503d6b5-7af3-43aa-ac32-7e71e8cb8062@group-DFDA87116952-FollowerState] INFO  server.RaftServerConfigKeys (ConfUtils.java:logFallback(53)) - raft.server.rpc.first-election.timeout.min = 5s (fallback to raft.server.rpc.timeout.min)
2023-07-12 21:53:25,469 [2503d6b5-7af3-43aa-ac32-7e71e8cb8062@group-DFDA87116952-FollowerState] INFO  server.RaftServerConfigKeys (ConfUtils.java:logFallback(53)) - raft.server.rpc.first-election.timeout.max = 5200ms (fallback to raft.server.rpc.timeout.max)
2023-07-12 21:53:25,547 [PipelineCommandHandlerThread-0] INFO  commandhandler.CreatePipelineCommandHandler (CreatePipelineCommandHandler.java:lambda$handle$2(124)) - Created Pipeline RATIS THREE PipelineID=7c002b24-39b5-4a73-b9a4-dfda87116952.
2023-07-12 21:53:25,553 [PipelineCommandHandlerThread-0] INFO  commandhandler.CreatePipelineCommandHandler (CreatePipelineCommandHandler.java:lambda$handle$2(124)) - Created Pipeline RATIS THREE PipelineID=7c002b24-39b5-4a73-b9a4-dfda87116952.
2023-07-12 21:53:25,635 [PipelineCommandHandlerThread-0] INFO  server.RaftServer (RaftServerProxy.java:addNew(98)) - 2503d6b5-7af3-43aa-ac32-7e71e8cb8062: addNew group-FEF36AEACD00:[2503d6b5-7af3-43aa-ac32-7e71e8cb8062|rpc:10.1.0.20:15032|admin:10.1.0.20:15031|client:10.1.0.20:15030|dataStream:10.1.0.20:15033|priority:1|startupRole:FOLLOWER] returns group-FEF36AEACD00:java.util.concurrent.CompletableFuture@58836193[Not completed]
2023-07-12 21:53:25,636 [2503d6b5-7af3-43aa-ac32-7e71e8cb8062-groupManagement] INFO  server.RaftServer$Division (RaftServerImpl.java:<init>(198)) - 2503d6b5-7af3-43aa-ac32-7e71e8cb8062: new RaftServerImpl for group-FEF36AEACD00:[2503d6b5-7af3-43aa-ac32-7e71e8cb8062|rpc:10.1.0.20:15032|admin:10.1.0.20:15031|client:10.1.0.20:15030|dataStream:10.1.0.20:15033|priority:1|startupRole:FOLLOWER] with ContainerStateMachine:uninitialized
2023-07-12 21:53:25,637 [2503d6b5-7af3-43aa-ac32-7e71e8cb8062-groupManagement] INFO  server.RaftServerConfigKeys (ConfUtils.java:logGet(46)) - raft.server.rpc.timeout.min = 5s (custom)
2023-07-12 21:53:25,637 [2503d6b5-7af3-43aa-ac32-7e71e8cb8062-groupManagement] INFO  server.RaftServerConfigKeys (ConfUtils.java:logGet(46)) - raft.server.rpc.timeout.max = 5200ms (custom)
2023-07-12 21:53:25,637 [2503d6b5-7af3-43aa-ac32-7e71e8cb8062-groupManagement] INFO  server.RaftServerConfigKeys (ConfUtils.java:logGet(46)) - raft.server.rpc.sleep.time = 25ms (default)
2023-07-12 21:53:25,637 [2503d6b5-7af3-43aa-ac32-7e71e8cb8062-groupManagement] INFO  server.RaftServerConfigKeys (ConfUtils.java:logGet(46)) - raft.server.rpc.slowness.timeout = 300s (custom)
2023-07-12 21:53:25,637 [2503d6b5-7af3-43aa-ac32-7e71e8cb8062-groupManagement] INFO  server.RaftServerConfigKeys (ConfUtils.java:logGet(46)) - raft.server.leaderelection.leader.step-down.wait-time = 10s (default)
2023-07-12 21:53:25,637 [2503d6b5-7af3-43aa-ac32-7e71e8cb8062-groupManagement] INFO  server.RaftServerConfigKeys (ConfUtils.java:logGet(46)) - raft.server.sleep.deviation.threshold = 300ms (default)
2023-07-12 21:53:25,637 [2503d6b5-7af3-43aa-ac32-7e71e8cb8062-groupManagement] INFO  server.RaftServer$Division (ServerState.java:<init>(120)) - 2503d6b5-7af3-43aa-ac32-7e71e8cb8062@group-FEF36AEACD00: ConfigurationManager, init=-1: peers:[2503d6b5-7af3-43aa-ac32-7e71e8cb8062|rpc:10.1.0.20:15032|admin:10.1.0.20:15031|client:10.1.0.20:15030|dataStream:10.1.0.20:15033|priority:1|startupRole:FOLLOWER]|listeners:[], old=null, confs=<EMPTY_MAP>
2023-07-12 21:53:25,637 [2503d6b5-7af3-43aa-ac32-7e71e8cb8062-groupManagement] INFO  server.RaftServerConfigKeys (ConfUtils.java:logGet(46)) - raft.server.storage.dir = [/home/runner/work/ozone/ozone/hadoop-ozone/integration-test/target/test-dir/MiniOzoneClusterImpl-45e85e01-d716-41a3-b7bb-c5caf1d85614/datanode-2/data/ratis] (custom)
2023-07-12 21:53:25,637 [2503d6b5-7af3-43aa-ac32-7e71e8cb8062-groupManagement] INFO  server.RaftServerConfigKeys (ConfUtils.java:logGet(46)) - raft.server.log.corruption.policy = EXCEPTION (default)
2023-07-12 21:53:25,637 [2503d6b5-7af3-43aa-ac32-7e71e8cb8062-groupManagement] INFO  server.RaftServerConfigKeys (ConfUtils.java:logGet(46)) - raft.server.storage.free-space.min = 0MB (=0) (default)
2023-07-12 21:53:25,637 [2503d6b5-7af3-43aa-ac32-7e71e8cb8062-groupManagement] INFO  server.RaftServerConfigKeys (ConfUtils.java:logGet(46)) - raft.server.notification.no-leader.timeout = 300s (custom)
2023-07-12 21:53:25,637 [2503d6b5-7af3-43aa-ac32-7e71e8cb8062-groupManagement] INFO  server.RaftServerConfigKeys (ConfUtils.java:logGet(46)) - raft.server.read.timeout = 10s (default)
2023-07-12 21:53:25,637 [2503d6b5-7af3-43aa-ac32-7e71e8cb8062-groupManagement] INFO  server.RaftServerConfigKeys (ConfUtils.java:logGet(46)) - raft.server.retrycache.expirytime = 600000ms (custom)
2023-07-12 21:53:25,637 [2503d6b5-7af3-43aa-ac32-7e71e8cb8062-groupManagement] INFO  server.RaftServerConfigKeys (ConfUtils.java:logGet(46)) - raft.server.retrycache.statistics.expirytime = 100μs (default)
2023-07-12 21:53:25,637 [2503d6b5-7af3-43aa-ac32-7e71e8cb8062-groupManagement] INFO  server.RaftServerConfigKeys (ConfUtils.java:logGet(46)) - raft.server.read.option = DEFAULT (default)
2023-07-12 21:53:25,638 [2503d6b5-7af3-43aa-ac32-7e71e8cb8062-groupManagement] INFO  server.RaftServerConfigKeys (ConfUtils.java:logGet(46)) - raft.server.rpc.request.timeout = 60s (custom)
2023-07-12 21:53:25,638 [2503d6b5-7af3-43aa-ac32-7e71e8cb8062-groupManagement] INFO  server.RaftServerConfigKeys (ConfUtils.java:logGet(46)) - raft.server.log.appender.install.snapshot.enabled = false (custom)
2023-07-12 21:53:25,638 [2503d6b5-7af3-43aa-ac32-7e71e8cb8062-groupManagement] INFO  server.RaftServerConfigKeys (ConfUtils.java:logGet(46)) - raft.server.threadpool.server.cached = true (default)
2023-07-12 21:53:25,638 [2503d6b5-7af3-43aa-ac32-7e71e8cb8062-groupManagement] INFO  server.RaftServerConfigKeys (ConfUtils.java:logGet(46)) - raft.server.threadpool.server.size = 0 (default)
2023-07-12 21:53:25,639 [2503d6b5-7af3-43aa-ac32-7e71e8cb8062-groupManagement] INFO  server.RaftServerConfigKeys (ConfUtils.java:logGet(46)) - raft.server.threadpool.client.cached = true (default)
2023-07-12 21:53:25,639 [2503d6b5-7af3-43aa-ac32-7e71e8cb8062-groupManagement] INFO  server.RaftServerConfigKeys (ConfUtils.java:logGet(46)) - raft.server.threadpool.client.size = 0 (default)
2023-07-12 21:53:25,639 [2503d6b5-7af3-43aa-ac32-7e71e8cb8062-groupManagement] INFO  storage.RaftStorageDirectory (RaftStorageDirectoryImpl.java:analyzeStorage(137)) - The storage directory /home/runner/work/ozone/ozone/hadoop-ozone/integration-test/target/test-dir/MiniOzoneClusterImpl-45e85e01-d716-41a3-b7bb-c5caf1d85614/datanode-2/data/ratis/b8894ceb-be67-4054-843a-fef36aeacd00 does not exist. Creating ...
2023-07-12 21:53:25,639 [main] INFO  ozone.MiniOzoneClusterImpl (MiniOzoneClusterImpl.java:lambda$waitForClusterToBeReady$0(224)) - Nodes are ready. Got 3 of 3 DN Heartbeats.
2023-07-12 21:53:25,639 [main] INFO  ozone.MiniOzoneClusterImpl (MiniOzoneClusterImpl.java:lambda$waitForClusterToBeReady$0(227)) - Waiting for cluster to exit safe mode
2023-07-12 21:53:25,639 [main] INFO  ozone.MiniOzoneClusterImpl (MiniOzoneClusterImpl.java:lambda$waitForClusterToBeReady$0(229)) - SCM became leader
2023-07-12 21:53:25,641 [2503d6b5-7af3-43aa-ac32-7e71e8cb8062-groupManagement] INFO  storage.RaftStorageDirectory (RaftStorageDirectoryImpl.java:tryLock(231)) - Lock on /home/runner/work/ozone/ozone/hadoop-ozone/integration-test/target/test-dir/MiniOzoneClusterImpl-45e85e01-d716-41a3-b7bb-c5caf1d85614/datanode-2/data/ratis/b8894ceb-be67-4054-843a-fef36aeacd00/in_use.lock acquired by nodename 107600@fv-az670-842
2023-07-12 21:53:25,642 [2503d6b5-7af3-43aa-ac32-7e71e8cb8062-groupManagement] INFO  storage.RaftStorage (RaftStorageImpl.java:format(96)) - Storage directory /home/runner/work/ozone/ozone/hadoop-ozone/integration-test/target/test-dir/MiniOzoneClusterImpl-45e85e01-d716-41a3-b7bb-c5caf1d85614/datanode-2/data/ratis/b8894ceb-be67-4054-843a-fef36aeacd00 has been successfully formatted.
2023-07-12 21:53:25,645 [2503d6b5-7af3-43aa-ac32-7e71e8cb8062-groupManagement] INFO  ratis.ContainerStateMachine (ContainerStateMachine.java:loadSnapshot(262)) - group-FEF36AEACD00: The snapshot info is null. Setting the last applied indexto:(t:0, i:~)
2023-07-12 21:53:25,645 [2503d6b5-7af3-43aa-ac32-7e71e8cb8062-groupManagement] INFO  server.RaftServerConfigKeys (ConfUtils.java:logGet(46)) - raft.server.log.use.memory = false (default)
2023-07-12 21:53:25,646 [2503d6b5-7af3-43aa-ac32-7e71e8cb8062-groupManagement] INFO  server.RaftServerConfigKeys (ConfUtils.java:logGet(46)) - raft.server.log.purge.gap = 1000000 (custom)
2023-07-12 21:53:25,646 [2503d6b5-7af3-43aa-ac32-7e71e8cb8062-groupManagement] INFO  server.RaftServerConfigKeys (ConfUtils.java:logGet(46)) - raft.server.log.appender.buffer.byte-limit = 33554432 (custom)
2023-07-12 21:53:25,646 [2503d6b5-7af3-43aa-ac32-7e71e8cb8062-groupManagement] INFO  server.RaftServerConfigKeys (ConfUtils.java:logGet(46)) - raft.server.log.statemachine.data.read.timeout = 1000ms (default)
2023-07-12 21:53:25,646 [2503d6b5-7af3-43aa-ac32-7e71e8cb8062-groupManagement] INFO  server.RaftServerConfigKeys (ConfUtils.java:logGet(46)) - raft.server.log.purge.preservation.log.num = 0 (default)
2023-07-12 21:53:25,646 [2503d6b5-7af3-43aa-ac32-7e71e8cb8062-groupManagement] INFO  server.RaftServerConfigKeys (ConfUtils.java:logGet(46)) - raft.server.log.segment.size.max = 1048576 (custom)
2023-07-12 21:53:25,646 [2503d6b5-7af3-43aa-ac32-7e71e8cb8062-groupManagement] INFO  server.RaftServerConfigKeys (ConfUtils.java:logGet(46)) - raft.server.log.segment.cache.num.max = 2 (custom)
2023-07-12 21:53:25,646 [2503d6b5-7af3-43aa-ac32-7e71e8cb8062-groupManagement] INFO  server.RaftServerConfigKeys (ConfUtils.java:logGet(46)) - raft.server.log.segment.cache.size.max = 200MB (=209715200) (default)
2023-07-12 21:53:25,646 [2503d6b5-7af3-43aa-ac32-7e71e8cb8062-groupManagement] INFO  server.RaftServerConfigKeys (ConfUtils.java:logGet(46)) - raft.server.log.appender.buffer.byte-limit = 33554432 (custom)
2023-07-12 21:53:25,646 [2503d6b5-7af3-43aa-ac32-7e71e8cb8062-groupManagement] INFO  segmented.SegmentedRaftLogWorker (SegmentedRaftLogWorker.java:<init>(188)) - new 2503d6b5-7af3-43aa-ac32-7e71e8cb8062@group-FEF36AEACD00-SegmentedRaftLogWorker for RaftStorageImpl:Storage Directory /home/runner/work/ozone/ozone/hadoop-ozone/integration-test/target/test-dir/MiniOzoneClusterImpl-45e85e01-d716-41a3-b7bb-c5caf1d85614/datanode-2/data/ratis/b8894ceb-be67-4054-843a-fef36aeacd00
2023-07-12 21:53:25,646 [2503d6b5-7af3-43aa-ac32-7e71e8cb8062-groupManagement] INFO  server.RaftServerConfigKeys (ConfUtils.java:logGet(46)) - raft.server.log.queue.byte-limit = 4294967296 (custom)
2023-07-12 21:53:25,647 [2503d6b5-7af3-43aa-ac32-7e71e8cb8062-groupManagement] INFO  server.RaftServerConfigKeys (ConfUtils.java:logGet(46)) - raft.server.log.queue.element-limit = 1024 (custom)
2023-07-12 21:53:25,647 [EventQueue-PipelineReportForPipelineReportHandler] INFO  pipeline.PipelineReportHandler (PipelineReportHandler.java:processPipelineReport(136)) - Opened pipeline PipelineID=b8894ceb-be67-4054-843a-fef36aeacd00
2023-07-12 21:53:25,647 [EventQueue-OpenPipelineForHealthyPipelineSafeModeRule] INFO  safemode.SCMSafeModeManager (HealthyPipelineSafeModeRule.java:process(137)) - SCM in safe mode. Healthy pipelines reported count is 0, required healthy pipeline reported count is 1
2023-07-12 21:53:25,647 [2503d6b5-7af3-43aa-ac32-7e71e8cb8062-groupManagement] INFO  server.RaftServerConfigKeys (ConfUtils.java:logGet(46)) - raft.server.log.segment.size.max = 1048576 (custom)
2023-07-12 21:53:25,649 [2503d6b5-7af3-43aa-ac32-7e71e8cb8062-groupManagement] INFO  server.RaftServerConfigKeys (ConfUtils.java:logGet(46)) - raft.server.log.preallocated.size = 16384 (custom)
2023-07-12 21:53:25,649 [2503d6b5-7af3-43aa-ac32-7e71e8cb8062-groupManagement] INFO  server.RaftServerConfigKeys (ConfUtils.java:logGet(46)) - raft.server.log.force.sync.num = 128 (default)
2023-07-12 21:53:25,649 [2503d6b5-7af3-43aa-ac32-7e71e8cb8062-groupManagement] INFO  server.RaftServerConfigKeys (ConfUtils.java:logGet(46)) - raft.server.log.statemachine.data.sync = true (default)
2023-07-12 21:53:25,649 [2503d6b5-7af3-43aa-ac32-7e71e8cb8062-groupManagement] INFO  server.RaftServerConfigKeys (ConfUtils.java:logGet(46)) - raft.server.log.statemachine.data.sync.timeout = 10s (default)
2023-07-12 21:53:25,649 [2503d6b5-7af3-43aa-ac32-7e71e8cb8062-groupManagement] INFO  server.RaftServerConfigKeys (ConfUtils.java:logGet(46)) - raft.server.log.statemachine.data.sync.timeout.retry = -1 (default)
2023-07-12 21:53:25,650 [2503d6b5-7af3-43aa-ac32-7e71e8cb8062-groupManagement] INFO  server.RaftServerConfigKeys (ConfUtils.java:logGet(46)) - raft.server.log.write.buffer.size = 1048576 (custom)
2023-07-12 21:53:25,650 [2503d6b5-7af3-43aa-ac32-7e71e8cb8062-groupManagement] INFO  server.RaftServerConfigKeys (ConfUtils.java:logGet(46)) - raft.server.log.appender.buffer.byte-limit = 33554432 (custom)
2023-07-12 21:53:25,910 [JvmPauseMonitor4] WARN  util.JvmPauseMonitor (JvmPauseMonitor.java:detectPause(124)) - JvmPauseMonitor-2503d6b5-7af3-43aa-ac32-7e71e8cb8062: Detected pause in JVM or host machine approximately 0.226s with 0.257s GC time.
GC pool 'PS MarkSweep' had collection(s): count=1 time=195ms
GC pool 'PS Scavenge' had collection(s): count=1 time=62ms
2023-07-12 21:53:25,915 [2503d6b5-7af3-43aa-ac32-7e71e8cb8062-groupManagement] INFO  server.RaftServerConfigKeys (ConfUtils.java:logGet(46)) - raft.server.log.unsafe-flush.enabled = false (default)
2023-07-12 21:53:25,915 [2503d6b5-7af3-43aa-ac32-7e71e8cb8062-groupManagement] INFO  server.RaftServerConfigKeys (ConfUtils.java:logGet(46)) - raft.server.log.async-flush.enabled = false (default)
2023-07-12 21:53:25,915 [2503d6b5-7af3-43aa-ac32-7e71e8cb8062-groupManagement] INFO  server.RaftServerConfigKeys (ConfUtils.java:logGet(46)) - raft.server.log.statemachine.data.caching.enabled = true (custom)
2023-07-12 21:53:25,915 [2503d6b5-7af3-43aa-ac32-7e71e8cb8062-groupManagement] INFO  segmented.SegmentedRaftLogWorker (SegmentedRaftLogWorker.java:lambda$new$0(135)) - 2503d6b5-7af3-43aa-ac32-7e71e8cb8062@group-FEF36AEACD00-SegmentedRaftLogWorker: flushIndex: setUnconditionally 0 -> -1
2023-07-12 21:53:25,915 [2503d6b5-7af3-43aa-ac32-7e71e8cb8062-groupManagement] INFO  segmented.SegmentedRaftLogWorker (SegmentedRaftLogWorker.java:lambda$new$0(135)) - 2503d6b5-7af3-43aa-ac32-7e71e8cb8062@group-FEF36AEACD00-SegmentedRaftLogWorker: safeCacheEvictIndex: setUnconditionally 0 -> -1
2023-07-12 21:53:25,915 [2503d6b5-7af3-43aa-ac32-7e71e8cb8062-groupManagement] INFO  server.RaftServer$Division (RaftServerImpl.java:start(342)) - 2503d6b5-7af3-43aa-ac32-7e71e8cb8062@group-FEF36AEACD00: start as a follower, conf=-1: peers:[2503d6b5-7af3-43aa-ac32-7e71e8cb8062|rpc:10.1.0.20:15032|admin:10.1.0.20:15031|client:10.1.0.20:15030|dataStream:10.1.0.20:15033|priority:1|startupRole:FOLLOWER]|listeners:[], old=null
2023-07-12 21:53:25,915 [2503d6b5-7af3-43aa-ac32-7e71e8cb8062-groupManagement] INFO  server.RaftServer$Division (RaftServerImpl.java:setRole(329)) - 2503d6b5-7af3-43aa-ac32-7e71e8cb8062@group-FEF36AEACD00: changes role from      null to FOLLOWER at term 0 for startAsFollower
2023-07-12 21:53:25,915 [2503d6b5-7af3-43aa-ac32-7e71e8cb8062-groupManagement] INFO  impl.RoleInfo (RoleInfo.java:updateAndGet(139)) - 2503d6b5-7af3-43aa-ac32-7e71e8cb8062: start 2503d6b5-7af3-43aa-ac32-7e71e8cb8062@group-FEF36AEACD00-FollowerState
2023-07-12 21:53:25,916 [2503d6b5-7af3-43aa-ac32-7e71e8cb8062-groupManagement] INFO  util.JmxRegister (JmxRegister.java:tryRegister(44)) - Successfully registered JMX Bean with object name Ratis:service=RaftServer,group=group-FEF36AEACD00,id=2503d6b5-7af3-43aa-ac32-7e71e8cb8062
2023-07-12 21:53:25,916 [2503d6b5-7af3-43aa-ac32-7e71e8cb8062-groupManagement] INFO  server.RaftServerConfigKeys (ConfUtils.java:logGet(46)) - raft.server.snapshot.auto.trigger.enabled = true (custom)
2023-07-12 21:53:25,916 [2503d6b5-7af3-43aa-ac32-7e71e8cb8062-groupManagement] INFO  server.RaftServerConfigKeys (ConfUtils.java:logGet(46)) - raft.server.snapshot.auto.trigger.threshold = 10000 (custom)
2023-07-12 21:53:25,916 [2503d6b5-7af3-43aa-ac32-7e71e8cb8062-groupManagement] INFO  server.RaftServerConfigKeys (ConfUtils.java:logGet(46)) - raft.server.snapshot.retention.file.num = 5 (custom)
2023-07-12 21:53:25,916 [2503d6b5-7af3-43aa-ac32-7e71e8cb8062-groupManagement] INFO  server.RaftServerConfigKeys (ConfUtils.java:logGet(46)) - raft.server.log.purge.upto.snapshot.index = false (default)
2023-07-12 21:53:25,917 [2503d6b5-7af3-43aa-ac32-7e71e8cb8062@group-FEF36AEACD00-FollowerState] INFO  server.RaftServerConfigKeys (ConfUtils.java:logFallback(53)) - raft.server.rpc.first-election.timeout.min = 5s (fallback to raft.server.rpc.timeout.min)
2023-07-12 21:53:25,917 [2503d6b5-7af3-43aa-ac32-7e71e8cb8062@group-FEF36AEACD00-FollowerState] INFO  server.RaftServerConfigKeys (ConfUtils.java:logFallback(53)) - raft.server.rpc.first-election.timeout.max = 5200ms (fallback to raft.server.rpc.timeout.max)
2023-07-12 21:53:25,925 [PipelineCommandHandlerThread-0] INFO  ratis.XceiverServerRatis (XceiverServerRatis.java:addGroup(804)) - Created group PipelineID=b8894ceb-be67-4054-843a-fef36aeacd00
2023-07-12 21:53:25,926 [PipelineCommandHandlerThread-0] INFO  commandhandler.CreatePipelineCommandHandler (CreatePipelineCommandHandler.java:lambda$handle$2(124)) - Created Pipeline RATIS ONE PipelineID=b8894ceb-be67-4054-843a-fef36aeacd00.
2023-07-12 21:53:26,639 [main] INFO  ozone.MiniOzoneClusterImpl (MiniOzoneClusterImpl.java:lambda$waitForClusterToBeReady$0(224)) - Nodes are ready. Got 3 of 3 DN Heartbeats.
2023-07-12 21:53:26,640 [main] INFO  ozone.MiniOzoneClusterImpl (MiniOzoneClusterImpl.java:lambda$waitForClusterToBeReady$0(227)) - Waiting for cluster to exit safe mode
2023-07-12 21:53:26,640 [main] INFO  ozone.MiniOzoneClusterImpl (MiniOzoneClusterImpl.java:lambda$waitForClusterToBeReady$0(229)) - SCM became leader
2023-07-12 21:53:27,640 [main] INFO  ozone.MiniOzoneClusterImpl (MiniOzoneClusterImpl.java:lambda$waitForClusterToBeReady$0(224)) - Nodes are ready. Got 3 of 3 DN Heartbeats.
2023-07-12 21:53:27,640 [main] INFO  ozone.MiniOzoneClusterImpl (MiniOzoneClusterImpl.java:lambda$waitForClusterToBeReady$0(227)) - Waiting for cluster to exit safe mode
2023-07-12 21:53:27,640 [main] INFO  ozone.MiniOzoneClusterImpl (MiniOzoneClusterImpl.java:lambda$waitForClusterToBeReady$0(229)) - SCM became leader
2023-07-12 21:53:28,641 [main] INFO  ozone.MiniOzoneClusterImpl (MiniOzoneClusterImpl.java:lambda$waitForClusterToBeReady$0(224)) - Nodes are ready. Got 3 of 3 DN Heartbeats.
2023-07-12 21:53:28,641 [main] INFO  ozone.MiniOzoneClusterImpl (MiniOzoneClusterImpl.java:lambda$waitForClusterToBeReady$0(227)) - Waiting for cluster to exit safe mode
2023-07-12 21:53:28,641 [main] INFO  ozone.MiniOzoneClusterImpl (MiniOzoneClusterImpl.java:lambda$waitForClusterToBeReady$0(229)) - SCM became leader
2023-07-12 21:53:29,641 [main] INFO  ozone.MiniOzoneClusterImpl (MiniOzoneClusterImpl.java:lambda$waitForClusterToBeReady$0(224)) - Nodes are ready. Got 3 of 3 DN Heartbeats.
2023-07-12 21:53:29,641 [main] INFO  ozone.MiniOzoneClusterImpl (MiniOzoneClusterImpl.java:lambda$waitForClusterToBeReady$0(227)) - Waiting for cluster to exit safe mode
2023-07-12 21:53:29,642 [main] INFO  ozone.MiniOzoneClusterImpl (MiniOzoneClusterImpl.java:lambda$waitForClusterToBeReady$0(229)) - SCM became leader
2023-07-12 21:53:29,901 [d28e7615-a55a-42ee-a6c9-487437356628@group-95A1126C4AFC-FollowerState] INFO  impl.FollowerState (FollowerState.java:run(143)) - d28e7615-a55a-42ee-a6c9-487437356628@group-95A1126C4AFC-FollowerState: change to CANDIDATE, lastRpcElapsedTime:5015144216ns, electionTimeout:5007ms
2023-07-12 21:53:29,901 [d28e7615-a55a-42ee-a6c9-487437356628@group-95A1126C4AFC-FollowerState] INFO  impl.RoleInfo (RoleInfo.java:shutdownFollowerState(110)) - d28e7615-a55a-42ee-a6c9-487437356628: shutdown d28e7615-a55a-42ee-a6c9-487437356628@group-95A1126C4AFC-FollowerState
2023-07-12 21:53:29,901 [d28e7615-a55a-42ee-a6c9-487437356628@group-95A1126C4AFC-FollowerState] INFO  server.RaftServer$Division (RaftServerImpl.java:setRole(329)) - d28e7615-a55a-42ee-a6c9-487437356628@group-95A1126C4AFC: changes role from  FOLLOWER to CANDIDATE at term 0 for changeToCandidate
2023-07-12 21:53:29,902 [d28e7615-a55a-42ee-a6c9-487437356628@group-95A1126C4AFC-FollowerState] INFO  server.RaftServerConfigKeys (ConfUtils.java:logGet(46)) - raft.server.leaderelection.pre-vote = true (default)
2023-07-12 21:53:29,902 [d28e7615-a55a-42ee-a6c9-487437356628@group-95A1126C4AFC-FollowerState] INFO  impl.RoleInfo (RoleInfo.java:updateAndGet(139)) - d28e7615-a55a-42ee-a6c9-487437356628: start d28e7615-a55a-42ee-a6c9-487437356628@group-95A1126C4AFC-LeaderElection2
2023-07-12 21:53:29,904 [d28e7615-a55a-42ee-a6c9-487437356628@group-95A1126C4AFC-LeaderElection2] INFO  impl.LeaderElection (LeaderElection.java:askForVotes(321)) - d28e7615-a55a-42ee-a6c9-487437356628@group-95A1126C4AFC-LeaderElection2 PRE_VOTE round 0: submit vote requests at term 0 for -1: peers:[d28e7615-a55a-42ee-a6c9-487437356628|rpc:10.1.0.20:15014|admin:10.1.0.20:15013|client:10.1.0.20:15012|dataStream:10.1.0.20:15015|priority:1|startupRole:FOLLOWER]|listeners:[], old=null
2023-07-12 21:53:29,904 [d28e7615-a55a-42ee-a6c9-487437356628@group-95A1126C4AFC-LeaderElection2] INFO  impl.LeaderElection (LeaderElection.java:askForVotes(323)) - d28e7615-a55a-42ee-a6c9-487437356628@group-95A1126C4AFC-LeaderElection2 PRE_VOTE round 0: result PASSED (term=0)
2023-07-12 21:53:29,906 [d28e7615-a55a-42ee-a6c9-487437356628@group-95A1126C4AFC-LeaderElection2] INFO  impl.LeaderElection (LeaderElection.java:askForVotes(321)) - d28e7615-a55a-42ee-a6c9-487437356628@group-95A1126C4AFC-LeaderElection2 ELECTION round 0: submit vote requests at term 1 for -1: peers:[d28e7615-a55a-42ee-a6c9-487437356628|rpc:10.1.0.20:15014|admin:10.1.0.20:15013|client:10.1.0.20:15012|dataStream:10.1.0.20:15015|priority:1|startupRole:FOLLOWER]|listeners:[], old=null
2023-07-12 21:53:29,906 [d28e7615-a55a-42ee-a6c9-487437356628@group-95A1126C4AFC-LeaderElection2] INFO  impl.LeaderElection (LeaderElection.java:askForVotes(323)) - d28e7615-a55a-42ee-a6c9-487437356628@group-95A1126C4AFC-LeaderElection2 ELECTION round 0: result PASSED (term=1)
2023-07-12 21:53:29,906 [d28e7615-a55a-42ee-a6c9-487437356628@group-95A1126C4AFC-LeaderElection2] INFO  impl.RoleInfo (RoleInfo.java:shutdownLeaderElection(130)) - d28e7615-a55a-42ee-a6c9-487437356628: shutdown d28e7615-a55a-42ee-a6c9-487437356628@group-95A1126C4AFC-LeaderElection2
2023-07-12 21:53:29,906 [d28e7615-a55a-42ee-a6c9-487437356628@group-95A1126C4AFC-LeaderElection2] INFO  server.RaftServer$Division (RaftServerImpl.java:setRole(329)) - d28e7615-a55a-42ee-a6c9-487437356628@group-95A1126C4AFC: changes role from CANDIDATE to LEADER at term 1 for changeToLeader
2023-07-12 21:53:29,906 [d28e7615-a55a-42ee-a6c9-487437356628@group-95A1126C4AFC-LeaderElection2] INFO  ratis.XceiverServerRatis (XceiverServerRatis.java:handleLeaderChangedNotification(902)) - Leader change notification received for group: group-95A1126C4AFC with new leaderId: d28e7615-a55a-42ee-a6c9-487437356628
2023-07-12 21:53:29,906 [d28e7615-a55a-42ee-a6c9-487437356628@group-95A1126C4AFC-LeaderElection2] INFO  server.RaftServer$Division (ServerState.java:setLeader(317)) - d28e7615-a55a-42ee-a6c9-487437356628@group-95A1126C4AFC: change Leader from null to d28e7615-a55a-42ee-a6c9-487437356628 at term 1 for becomeLeader, leader elected after 5049ms
2023-07-12 21:53:29,906 [d28e7615-a55a-42ee-a6c9-487437356628@group-95A1126C4AFC-LeaderElection2] INFO  server.RaftServerConfigKeys (ConfUtils.java:logGet(46)) - raft.server.staging.catchup.gap = 1000 (default)
2023-07-12 21:53:29,910 [EventQueue-OpenPipelineForHealthyPipelineSafeModeRule] INFO  safemode.SCMSafeModeManager (HealthyPipelineSafeModeRule.java:process(137)) - SCM in safe mode. Healthy pipelines reported count is 0, required healthy pipeline reported count is 1
2023-07-12 21:53:29,911 [d28e7615-a55a-42ee-a6c9-487437356628@group-95A1126C4AFC-LeaderElection2] INFO  server.RaftServerConfigKeys (ConfUtils.java:logGet(46)) - raft.server.write.element-limit = 1024 (custom)
2023-07-12 21:53:29,911 [d28e7615-a55a-42ee-a6c9-487437356628@group-95A1126C4AFC-LeaderElection2] INFO  server.RaftServerConfigKeys (ConfUtils.java:logGet(46)) - raft.server.write.byte-limit = 1024 M (=1073741824) (custom)
2023-07-12 21:53:29,911 [d28e7615-a55a-42ee-a6c9-487437356628@group-95A1126C4AFC-LeaderElection2] INFO  server.RaftServerConfigKeys (ConfUtils.java:logGet(46)) - raft.server.watch.timeout = 180s (custom)
2023-07-12 21:53:29,912 [d28e7615-a55a-42ee-a6c9-487437356628@group-95A1126C4AFC-LeaderElection2] INFO  server.RaftServerConfigKeys (ConfUtils.java:logGet(46)) - raft.server.watch.timeout.denomination = 1s (default)
2023-07-12 21:53:29,912 [d28e7615-a55a-42ee-a6c9-487437356628@group-95A1126C4AFC-LeaderElection2] INFO  server.RaftServerConfigKeys (ConfUtils.java:logGet(46)) - raft.server.watch.element-limit = 65536 (default)
2023-07-12 21:53:29,912 [d28e7615-a55a-42ee-a6c9-487437356628@group-95A1126C4AFC-LeaderElection2] INFO  server.RaftServerConfigKeys (ConfUtils.java:logGet(46)) - raft.server.write.element-limit = 1024 (custom)
2023-07-12 21:53:29,913 [d28e7615-a55a-42ee-a6c9-487437356628@group-95A1126C4AFC-LeaderElection2] INFO  server.RaftServerConfigKeys (ConfUtils.java:logGet(46)) - raft.server.write.follower.gap.ratio.max = -1.0 (default)
2023-07-12 21:53:29,913 [d28e7615-a55a-42ee-a6c9-487437356628@group-95A1126C4AFC-LeaderElection2] INFO  impl.RoleInfo (RoleInfo.java:updateAndGet(139)) - d28e7615-a55a-42ee-a6c9-487437356628: start d28e7615-a55a-42ee-a6c9-487437356628@group-95A1126C4AFC-LeaderStateImpl
2023-07-12 21:53:29,914 [d28e7615-a55a-42ee-a6c9-487437356628@group-95A1126C4AFC-LeaderElection2] INFO  segmented.SegmentedRaftLogWorker (SegmentedRaftLogWorker.java:startLogSegment(447)) - d28e7615-a55a-42ee-a6c9-487437356628@group-95A1126C4AFC-SegmentedRaftLogWorker: Starting segment from index:0
2023-07-12 21:53:29,916 [d28e7615-a55a-42ee-a6c9-487437356628@group-95A1126C4AFC-SegmentedRaftLogWorker] INFO  segmented.SegmentedRaftLogWorker (SegmentedRaftLogWorker.java:execute(651)) - d28e7615-a55a-42ee-a6c9-487437356628@group-95A1126C4AFC-SegmentedRaftLogWorker: created new log segment /home/runner/work/ozone/ozone/hadoop-ozone/integration-test/target/test-dir/MiniOzoneClusterImpl-45e85e01-d716-41a3-b7bb-c5caf1d85614/datanode-0/data/ratis/c89e3df9-7e96-42ad-8e85-95a1126c4afc/current/log_inprogress_0
2023-07-12 21:53:29,917 [d28e7615-a55a-42ee-a6c9-487437356628@group-95A1126C4AFC-LeaderElection2] INFO  server.RaftServer$Division (ServerState.java:setRaftConf(434)) - d28e7615-a55a-42ee-a6c9-487437356628@group-95A1126C4AFC: set configuration 0: peers:[d28e7615-a55a-42ee-a6c9-487437356628|rpc:10.1.0.20:15014|admin:10.1.0.20:15013|client:10.1.0.20:15012|dataStream:10.1.0.20:15015|priority:1|startupRole:FOLLOWER]|listeners:[], old=null
2023-07-12 21:53:29,957 [d28e7615-a55a-42ee-a6c9-487437356628@group-B0E0F9104BB7-FollowerState] INFO  impl.FollowerState (FollowerState.java:run(143)) - d28e7615-a55a-42ee-a6c9-487437356628@group-B0E0F9104BB7-FollowerState: change to CANDIDATE, lastRpcElapsedTime:5035534741ns, electionTimeout:5031ms
2023-07-12 21:53:29,958 [d28e7615-a55a-42ee-a6c9-487437356628@group-B0E0F9104BB7-FollowerState] INFO  impl.RoleInfo (RoleInfo.java:shutdownFollowerState(110)) - d28e7615-a55a-42ee-a6c9-487437356628: shutdown d28e7615-a55a-42ee-a6c9-487437356628@group-B0E0F9104BB7-FollowerState
2023-07-12 21:53:29,958 [d28e7615-a55a-42ee-a6c9-487437356628@group-B0E0F9104BB7-FollowerState] INFO  server.RaftServer$Division (RaftServerImpl.java:setRole(329)) - d28e7615-a55a-42ee-a6c9-487437356628@group-B0E0F9104BB7: changes role from  FOLLOWER to CANDIDATE at term 0 for changeToCandidate
2023-07-12 21:53:29,958 [d28e7615-a55a-42ee-a6c9-487437356628@group-B0E0F9104BB7-FollowerState] INFO  server.RaftServerConfigKeys (ConfUtils.java:logGet(46)) - raft.server.leaderelection.pre-vote = true (default)
2023-07-12 21:53:29,959 [d28e7615-a55a-42ee-a6c9-487437356628@group-B0E0F9104BB7-FollowerState] INFO  impl.RoleInfo (RoleInfo.java:updateAndGet(139)) - d28e7615-a55a-42ee-a6c9-487437356628: start d28e7615-a55a-42ee-a6c9-487437356628@group-B0E0F9104BB7-LeaderElection3
2023-07-12 21:53:29,961 [d28e7615-a55a-42ee-a6c9-487437356628@group-B0E0F9104BB7-LeaderElection3] INFO  impl.LeaderElection (LeaderElection.java:askForVotes(321)) - d28e7615-a55a-42ee-a6c9-487437356628@group-B0E0F9104BB7-LeaderElection3 PRE_VOTE round 0: submit vote requests at term 0 for -1: peers:[d28e7615-a55a-42ee-a6c9-487437356628|rpc:10.1.0.20:15014|admin:10.1.0.20:15013|client:10.1.0.20:15012|dataStream:10.1.0.20:15015|priority:0|startupRole:FOLLOWER, b63666e2-1779-4ee0-a542-9862edee389f|rpc:10.1.0.20:15023|admin:10.1.0.20:15022|client:10.1.0.20:15021|dataStream:10.1.0.20:15024|priority:0|startupRole:FOLLOWER, 2503d6b5-7af3-43aa-ac32-7e71e8cb8062|rpc:10.1.0.20:15032|admin:10.1.0.20:15031|client:10.1.0.20:15030|dataStream:10.1.0.20:15033|priority:1|startupRole:FOLLOWER]|listeners:[], old=null
2023-07-12 21:53:29,967 [d28e7615-a55a-42ee-a6c9-487437356628@group-B0E0F9104BB7-LeaderElection3] INFO  server.RaftServerConfigKeys (ConfUtils.java:logFallback(53)) - raft.server.rpc.first-election.timeout.min = 5s (fallback to raft.server.rpc.timeout.min)
2023-07-12 21:53:29,967 [d28e7615-a55a-42ee-a6c9-487437356628@group-B0E0F9104BB7-LeaderElection3] INFO  server.RaftServerConfigKeys (ConfUtils.java:logFallback(53)) - raft.server.rpc.first-election.timeout.max = 5200ms (fallback to raft.server.rpc.timeout.max)
2023-07-12 21:53:29,967 [d28e7615-a55a-42ee-a6c9-487437356628@group-B0E0F9104BB7-LeaderElection3-1] INFO  server.GrpcServerProtocolClient (GrpcServerProtocolClient.java:<init>(65)) - Build channel for b63666e2-1779-4ee0-a542-9862edee389f
2023-07-12 21:53:29,969 [d28e7615-a55a-42ee-a6c9-487437356628@group-B0E0F9104BB7-LeaderElection3-2] INFO  server.GrpcServerProtocolClient (GrpcServerProtocolClient.java:<init>(65)) - Build channel for 2503d6b5-7af3-43aa-ac32-7e71e8cb8062
2023-07-12 21:53:29,987 [grpc-default-executor-0] INFO  server.RaftServer$Division (RaftServerImpl.java:requestVote(1302)) - b63666e2-1779-4ee0-a542-9862edee389f@group-B0E0F9104BB7: receive requestVote(PRE_VOTE, d28e7615-a55a-42ee-a6c9-487437356628, group-B0E0F9104BB7, 0, (t:0, i:0))
2023-07-12 21:53:29,988 [grpc-default-executor-0] INFO  impl.VoteContext (VoteContext.java:log(49)) - b63666e2-1779-4ee0-a542-9862edee389f@group-B0E0F9104BB7-FOLLOWER: accept PRE_VOTE from d28e7615-a55a-42ee-a6c9-487437356628: our priority 0 <= candidate's priority 0
2023-07-12 21:53:30,002 [grpc-default-executor-0] INFO  server.RaftServer$Division (RaftServerImpl.java:requestVote(1335)) - b63666e2-1779-4ee0-a542-9862edee389f@group-B0E0F9104BB7 replies to PRE_VOTE vote request: d28e7615-a55a-42ee-a6c9-487437356628<-b63666e2-1779-4ee0-a542-9862edee389f#0:OK-t0. Peer's state: b63666e2-1779-4ee0-a542-9862edee389f@group-B0E0F9104BB7:t0, leader=null, voted=, raftlog=Memoized:b63666e2-1779-4ee0-a542-9862edee389f@group-B0E0F9104BB7-SegmentedRaftLog:OPENED:c-1, conf=-1: peers:[d28e7615-a55a-42ee-a6c9-487437356628|rpc:10.1.0.20:15014|admin:10.1.0.20:15013|client:10.1.0.20:15012|dataStream:10.1.0.20:15015|priority:0|startupRole:FOLLOWER, b63666e2-1779-4ee0-a542-9862edee389f|rpc:10.1.0.20:15023|admin:10.1.0.20:15022|client:10.1.0.20:15021|dataStream:10.1.0.20:15024|priority:0|startupRole:FOLLOWER, 2503d6b5-7af3-43aa-ac32-7e71e8cb8062|rpc:10.1.0.20:15032|admin:10.1.0.20:15031|client:10.1.0.20:15030|dataStream:10.1.0.20:15033|priority:1|startupRole:FOLLOWER]|listeners:[], old=null
2023-07-12 21:53:30,008 [grpc-default-executor-0] INFO  server.RaftServer$Division (RaftServerImpl.java:requestVote(1302)) - 2503d6b5-7af3-43aa-ac32-7e71e8cb8062@group-B0E0F9104BB7: receive requestVote(PRE_VOTE, d28e7615-a55a-42ee-a6c9-487437356628, group-B0E0F9104BB7, 0, (t:0, i:0))
2023-07-12 21:53:30,009 [grpc-default-executor-0] INFO  impl.VoteContext (VoteContext.java:log(49)) - 2503d6b5-7af3-43aa-ac32-7e71e8cb8062@group-B0E0F9104BB7-FOLLOWER: reject PRE_VOTE from d28e7615-a55a-42ee-a6c9-487437356628: our priority 1 > candidate's priority 0
2023-07-12 21:53:30,009 [grpc-default-executor-0] INFO  server.RaftServer$Division (RaftServerImpl.java:requestVote(1335)) - 2503d6b5-7af3-43aa-ac32-7e71e8cb8062@group-B0E0F9104BB7 replies to PRE_VOTE vote request: d28e7615-a55a-42ee-a6c9-487437356628<-2503d6b5-7af3-43aa-ac32-7e71e8cb8062#0:FAIL-t0. Peer's state: 2503d6b5-7af3-43aa-ac32-7e71e8cb8062@group-B0E0F9104BB7:t0, leader=null, voted=, raftlog=Memoized:2503d6b5-7af3-43aa-ac32-7e71e8cb8062@group-B0E0F9104BB7-SegmentedRaftLog:OPENED:c-1, conf=-1: peers:[d28e7615-a55a-42ee-a6c9-487437356628|rpc:10.1.0.20:15014|admin:10.1.0.20:15013|client:10.1.0.20:15012|dataStream:10.1.0.20:15015|priority:0|startupRole:FOLLOWER, b63666e2-1779-4ee0-a542-9862edee389f|rpc:10.1.0.20:15023|admin:10.1.0.20:15022|client:10.1.0.20:15021|dataStream:10.1.0.20:15024|priority:0|startupRole:FOLLOWER, 2503d6b5-7af3-43aa-ac32-7e71e8cb8062|rpc:10.1.0.20:15032|admin:10.1.0.20:15031|client:10.1.0.20:15030|dataStream:10.1.0.20:15033|priority:1|startupRole:FOLLOWER]|listeners:[], old=null
2023-07-12 21:53:30,011 [d28e7615-a55a-42ee-a6c9-487437356628@group-B0E0F9104BB7-LeaderElection3] INFO  impl.LeaderElection (LeaderElection.java:logAndReturn(90)) - d28e7615-a55a-42ee-a6c9-487437356628@group-B0E0F9104BB7-LeaderElection3: PRE_VOTE REJECTED received 2 response(s) and 0 exception(s):
2023-07-12 21:53:30,013 [d28e7615-a55a-42ee-a6c9-487437356628@group-B0E0F9104BB7-LeaderElection3] INFO  impl.LeaderElection (LeaderElection.java:logAndReturn(94)) -   Response 0: d28e7615-a55a-42ee-a6c9-487437356628<-b63666e2-1779-4ee0-a542-9862edee389f#0:OK-t0
2023-07-12 21:53:30,013 [d28e7615-a55a-42ee-a6c9-487437356628@group-B0E0F9104BB7-LeaderElection3] INFO  impl.LeaderElection (LeaderElection.java:logAndReturn(94)) -   Response 1: d28e7615-a55a-42ee-a6c9-487437356628<-2503d6b5-7af3-43aa-ac32-7e71e8cb8062#0:FAIL-t0
2023-07-12 21:53:30,013 [d28e7615-a55a-42ee-a6c9-487437356628@group-B0E0F9104BB7-LeaderElection3] INFO  impl.LeaderElection (LeaderElection.java:askForVotes(323)) - d28e7615-a55a-42ee-a6c9-487437356628@group-B0E0F9104BB7-LeaderElection3 PRE_VOTE round 0: result REJECTED
2023-07-12 21:53:30,014 [d28e7615-a55a-42ee-a6c9-487437356628@group-B0E0F9104BB7-LeaderElection3] INFO  server.RaftServer$Division (RaftServerImpl.java:setRole(329)) - d28e7615-a55a-42ee-a6c9-487437356628@group-B0E0F9104BB7: changes role from CANDIDATE to FOLLOWER at term 0 for REJECTED
2023-07-12 21:53:30,014 [d28e7615-a55a-42ee-a6c9-487437356628@group-B0E0F9104BB7-LeaderElection3] INFO  impl.RoleInfo (RoleInfo.java:shutdownLeaderElection(130)) - d28e7615-a55a-42ee-a6c9-487437356628: shutdown d28e7615-a55a-42ee-a6c9-487437356628@group-B0E0F9104BB7-LeaderElection3
2023-07-12 21:53:30,014 [d28e7615-a55a-42ee-a6c9-487437356628@group-B0E0F9104BB7-LeaderElection3] INFO  impl.RoleInfo (RoleInfo.java:updateAndGet(139)) - d28e7615-a55a-42ee-a6c9-487437356628: start d28e7615-a55a-42ee-a6c9-487437356628@group-B0E0F9104BB7-FollowerState
2023-07-12 21:53:30,304 [b63666e2-1779-4ee0-a542-9862edee389f@group-B0E0F9104BB7-FollowerState] INFO  server.RaftServerConfigKeys (ConfUtils.java:logFallback(53)) - raft.server.rpc.first-election.timeout.min = 5s (fallback to raft.server.rpc.timeout.min)
2023-07-12 21:53:30,305 [b63666e2-1779-4ee0-a542-9862edee389f@group-B0E0F9104BB7-FollowerState] INFO  server.RaftServerConfigKeys (ConfUtils.java:logFallback(53)) - raft.server.rpc.first-election.timeout.max = 5200ms (fallback to raft.server.rpc.timeout.max)
2023-07-12 21:53:30,443 [b63666e2-1779-4ee0-a542-9862edee389f@group-7865315563FB-FollowerState] INFO  impl.FollowerState (FollowerState.java:run(143)) - b63666e2-1779-4ee0-a542-9862edee389f@group-7865315563FB-FollowerState: change to CANDIDATE, lastRpcElapsedTime:5105681386ns, electionTimeout:5104ms
2023-07-12 21:53:30,443 [b63666e2-1779-4ee0-a542-9862edee389f@group-7865315563FB-FollowerState] INFO  impl.RoleInfo (RoleInfo.java:shutdownFollowerState(110)) - b63666e2-1779-4ee0-a542-9862edee389f: shutdown b63666e2-1779-4ee0-a542-9862edee389f@group-7865315563FB-FollowerState
2023-07-12 21:53:30,443 [b63666e2-1779-4ee0-a542-9862edee389f@group-7865315563FB-FollowerState] INFO  server.RaftServer$Division (RaftServerImpl.java:setRole(329)) - b63666e2-1779-4ee0-a542-9862edee389f@group-7865315563FB: changes role from  FOLLOWER to CANDIDATE at term 0 for changeToCandidate
2023-07-12 21:53:30,446 [b63666e2-1779-4ee0-a542-9862edee389f@group-7865315563FB-FollowerState] INFO  server.RaftServerConfigKeys (ConfUtils.java:logGet(46)) - raft.server.leaderelection.pre-vote = true (default)
2023-07-12 21:53:30,446 [b63666e2-1779-4ee0-a542-9862edee389f@group-7865315563FB-FollowerState] INFO  impl.RoleInfo (RoleInfo.java:updateAndGet(139)) - b63666e2-1779-4ee0-a542-9862edee389f: start b63666e2-1779-4ee0-a542-9862edee389f@group-7865315563FB-LeaderElection4
2023-07-12 21:53:30,454 [b63666e2-1779-4ee0-a542-9862edee389f@group-7865315563FB-LeaderElection4] INFO  impl.LeaderElection (LeaderElection.java:askForVotes(321)) - b63666e2-1779-4ee0-a542-9862edee389f@group-7865315563FB-LeaderElection4 PRE_VOTE round 0: submit vote requests at term 0 for -1: peers:[b63666e2-1779-4ee0-a542-9862edee389f|rpc:10.1.0.20:15023|admin:10.1.0.20:15022|client:10.1.0.20:15021|dataStream:10.1.0.20:15024|priority:1|startupRole:FOLLOWER]|listeners:[], old=null
2023-07-12 21:53:30,454 [b63666e2-1779-4ee0-a542-9862edee389f@group-7865315563FB-LeaderElection4] INFO  impl.LeaderElection (LeaderElection.java:askForVotes(323)) - b63666e2-1779-4ee0-a542-9862edee389f@group-7865315563FB-LeaderElection4 PRE_VOTE round 0: result PASSED (term=0)
2023-07-12 21:53:30,455 [b63666e2-1779-4ee0-a542-9862edee389f@group-7865315563FB-LeaderElection4] INFO  impl.LeaderElection (LeaderElection.java:askForVotes(321)) - b63666e2-1779-4ee0-a542-9862edee389f@group-7865315563FB-LeaderElection4 ELECTION round 0: submit vote requests at term 1 for -1: peers:[b63666e2-1779-4ee0-a542-9862edee389f|rpc:10.1.0.20:15023|admin:10.1.0.20:15022|client:10.1.0.20:15021|dataStream:10.1.0.20:15024|priority:1|startupRole:FOLLOWER]|listeners:[], old=null
2023-07-12 21:53:30,456 [b63666e2-1779-4ee0-a542-9862edee389f@group-7865315563FB-LeaderElection4] INFO  impl.LeaderElection (LeaderElection.java:askForVotes(323)) - b63666e2-1779-4ee0-a542-9862edee389f@group-7865315563FB-LeaderElection4 ELECTION round 0: result PASSED (term=1)
2023-07-12 21:53:30,456 [b63666e2-1779-4ee0-a542-9862edee389f@group-7865315563FB-LeaderElection4] INFO  impl.RoleInfo (RoleInfo.java:shutdownLeaderElection(130)) - b63666e2-1779-4ee0-a542-9862edee389f: shutdown b63666e2-1779-4ee0-a542-9862edee389f@group-7865315563FB-LeaderElection4
2023-07-12 21:53:30,456 [b63666e2-1779-4ee0-a542-9862edee389f@group-7865315563FB-LeaderElection4] INFO  server.RaftServer$Division (RaftServerImpl.java:setRole(329)) - b63666e2-1779-4ee0-a542-9862edee389f@group-7865315563FB: changes role from CANDIDATE to LEADER at term 1 for changeToLeader
2023-07-12 21:53:30,456 [b63666e2-1779-4ee0-a542-9862edee389f@group-7865315563FB-LeaderElection4] INFO  ratis.XceiverServerRatis (XceiverServerRatis.java:handleLeaderChangedNotification(902)) - Leader change notification received for group: group-7865315563FB with new leaderId: b63666e2-1779-4ee0-a542-9862edee389f
2023-07-12 21:53:30,456 [b63666e2-1779-4ee0-a542-9862edee389f@group-7865315563FB-LeaderElection4] INFO  server.RaftServer$Division (ServerState.java:setLeader(317)) - b63666e2-1779-4ee0-a542-9862edee389f@group-7865315563FB: change Leader from null to b63666e2-1779-4ee0-a542-9862edee389f at term 1 for becomeLeader, leader elected after 5147ms
2023-07-12 21:53:30,456 [b63666e2-1779-4ee0-a542-9862edee389f@group-7865315563FB-LeaderElection4] INFO  server.RaftServerConfigKeys (ConfUtils.java:logGet(46)) - raft.server.staging.catchup.gap = 1000 (default)
2023-07-12 21:53:30,462 [EventQueue-OpenPipelineForHealthyPipelineSafeModeRule] INFO  safemode.SCMSafeModeManager (HealthyPipelineSafeModeRule.java:process(137)) - SCM in safe mode. Healthy pipelines reported count is 0, required healthy pipeline reported count is 1
2023-07-12 21:53:30,462 [b63666e2-1779-4ee0-a542-9862edee389f@group-7865315563FB-LeaderElection4] INFO  server.RaftServerConfigKeys (ConfUtils.java:logGet(46)) - raft.server.write.element-limit = 1024 (custom)
2023-07-12 21:53:30,462 [b63666e2-1779-4ee0-a542-9862edee389f@group-7865315563FB-LeaderElection4] INFO  server.RaftServerConfigKeys (ConfUtils.java:logGet(46)) - raft.server.write.byte-limit = 1024 M (=1073741824) (custom)
2023-07-12 21:53:30,462 [b63666e2-1779-4ee0-a542-9862edee389f@group-7865315563FB-LeaderElection4] INFO  server.RaftServerConfigKeys (ConfUtils.java:logGet(46)) - raft.server.watch.timeout = 180s (custom)
2023-07-12 21:53:30,462 [b63666e2-1779-4ee0-a542-9862edee389f@group-7865315563FB-LeaderElection4] INFO  server.RaftServerConfigKeys (ConfUtils.java:logGet(46)) - raft.server.watch.timeout.denomination = 1s (default)
2023-07-12 21:53:30,462 [b63666e2-1779-4ee0-a542-9862edee389f@group-7865315563FB-LeaderElection4] INFO  server.RaftServerConfigKeys (ConfUtils.java:logGet(46)) - raft.server.watch.element-limit = 65536 (default)
2023-07-12 21:53:30,463 [b63666e2-1779-4ee0-a542-9862edee389f@group-7865315563FB-LeaderElection4] INFO  server.RaftServerConfigKeys (ConfUtils.java:logGet(46)) - raft.server.write.element-limit = 1024 (custom)
2023-07-12 21:53:30,463 [b63666e2-1779-4ee0-a542-9862edee389f@group-7865315563FB-LeaderElection4] INFO  server.RaftServerConfigKeys (ConfUtils.java:logGet(46)) - raft.server.write.follower.gap.ratio.max = -1.0 (default)
2023-07-12 21:53:30,463 [b63666e2-1779-4ee0-a542-9862edee389f@group-7865315563FB-LeaderElection4] INFO  impl.RoleInfo (RoleInfo.java:updateAndGet(139)) - b63666e2-1779-4ee0-a542-9862edee389f: start b63666e2-1779-4ee0-a542-9862edee389f@group-7865315563FB-LeaderStateImpl
2023-07-12 21:53:30,463 [b63666e2-1779-4ee0-a542-9862edee389f@group-7865315563FB-LeaderElection4] INFO  segmented.SegmentedRaftLogWorker (SegmentedRaftLogWorker.java:startLogSegment(447)) - b63666e2-1779-4ee0-a542-9862edee389f@group-7865315563FB-SegmentedRaftLogWorker: Starting segment from index:0
2023-07-12 21:53:30,464 [b63666e2-1779-4ee0-a542-9862edee389f@group-7865315563FB-SegmentedRaftLogWorker] INFO  segmented.SegmentedRaftLogWorker (SegmentedRaftLogWorker.java:execute(651)) - b63666e2-1779-4ee0-a542-9862edee389f@group-7865315563FB-SegmentedRaftLogWorker: created new log segment /home/runner/work/ozone/ozone/hadoop-ozone/integration-test/target/test-dir/MiniOzoneClusterImpl-45e85e01-d716-41a3-b7bb-c5caf1d85614/datanode-1/data/ratis/6b5e0819-c75a-4ff4-84dc-7865315563fb/current/log_inprogress_0
2023-07-12 21:53:30,469 [b63666e2-1779-4ee0-a542-9862edee389f@group-7865315563FB-LeaderElection4] INFO  server.RaftServer$Division (ServerState.java:setRaftConf(434)) - b63666e2-1779-4ee0-a542-9862edee389f@group-7865315563FB: set configuration 0: peers:[b63666e2-1779-4ee0-a542-9862edee389f|rpc:10.1.0.20:15023|admin:10.1.0.20:15022|client:10.1.0.20:15021|dataStream:10.1.0.20:15024|priority:1|startupRole:FOLLOWER]|listeners:[], old=null
2023-07-12 21:53:30,515 [b63666e2-1779-4ee0-a542-9862edee389f@group-DFDA87116952-FollowerState] INFO  impl.FollowerState (FollowerState.java:run(143)) - b63666e2-1779-4ee0-a542-9862edee389f@group-DFDA87116952-FollowerState: change to CANDIDATE, lastRpcElapsedTime:5129197600ns, electionTimeout:5119ms
2023-07-12 21:53:30,515 [b63666e2-1779-4ee0-a542-9862edee389f@group-DFDA87116952-FollowerState] INFO  impl.RoleInfo (RoleInfo.java:shutdownFollowerState(110)) - b63666e2-1779-4ee0-a542-9862edee389f: shutdown b63666e2-1779-4ee0-a542-9862edee389f@group-DFDA87116952-FollowerState
2023-07-12 21:53:30,515 [b63666e2-1779-4ee0-a542-9862edee389f@group-DFDA87116952-FollowerState] INFO  server.RaftServer$Division (RaftServerImpl.java:setRole(329)) - b63666e2-1779-4ee0-a542-9862edee389f@group-DFDA87116952: changes role from  FOLLOWER to CANDIDATE at term 0 for changeToCandidate
2023-07-12 21:53:30,515 [b63666e2-1779-4ee0-a542-9862edee389f@group-DFDA87116952-FollowerState] INFO  server.RaftServerConfigKeys (ConfUtils.java:logGet(46)) - raft.server.leaderelection.pre-vote = true (default)
2023-07-12 21:53:30,515 [b63666e2-1779-4ee0-a542-9862edee389f@group-DFDA87116952-FollowerState] INFO  impl.RoleInfo (RoleInfo.java:updateAndGet(139)) - b63666e2-1779-4ee0-a542-9862edee389f: start b63666e2-1779-4ee0-a542-9862edee389f@group-DFDA87116952-LeaderElection5
2023-07-12 21:53:30,517 [b63666e2-1779-4ee0-a542-9862edee389f@group-DFDA87116952-LeaderElection5] INFO  impl.LeaderElection (LeaderElection.java:askForVotes(321)) - b63666e2-1779-4ee0-a542-9862edee389f@group-DFDA87116952-LeaderElection5 PRE_VOTE round 0: submit vote requests at term 0 for -1: peers:[d28e7615-a55a-42ee-a6c9-487437356628|rpc:10.1.0.20:15014|admin:10.1.0.20:15013|client:10.1.0.20:15012|dataStream:10.1.0.20:15015|priority:0|startupRole:FOLLOWER, b63666e2-1779-4ee0-a542-9862edee389f|rpc:10.1.0.20:15023|admin:10.1.0.20:15022|client:10.1.0.20:15021|dataStream:10.1.0.20:15024|priority:1|startupRole:FOLLOWER, 2503d6b5-7af3-43aa-ac32-7e71e8cb8062|rpc:10.1.0.20:15032|admin:10.1.0.20:15031|client:10.1.0.20:15030|dataStream:10.1.0.20:15033|priority:0|startupRole:FOLLOWER]|listeners:[], old=null
2023-07-12 21:53:30,518 [b63666e2-1779-4ee0-a542-9862edee389f@group-DFDA87116952-LeaderElection5] INFO  server.RaftServerConfigKeys (ConfUtils.java:logFallback(53)) - raft.server.rpc.first-election.timeout.min = 5s (fallback to raft.server.rpc.timeout.min)
2023-07-12 21:53:30,518 [b63666e2-1779-4ee0-a542-9862edee389f@group-DFDA87116952-LeaderElection5-1] INFO  server.GrpcServerProtocolClient (GrpcServerProtocolClient.java:<init>(65)) - Build channel for d28e7615-a55a-42ee-a6c9-487437356628
2023-07-12 21:53:30,518 [b63666e2-1779-4ee0-a542-9862edee389f@group-DFDA87116952-LeaderElection5-2] INFO  server.GrpcServerProtocolClient (GrpcServerProtocolClient.java:<init>(65)) - Build channel for 2503d6b5-7af3-43aa-ac32-7e71e8cb8062
2023-07-12 21:53:30,518 [b63666e2-1779-4ee0-a542-9862edee389f@group-DFDA87116952-LeaderElection5] INFO  server.RaftServerConfigKeys (ConfUtils.java:logFallback(53)) - raft.server.rpc.first-election.timeout.max = 5200ms (fallback to raft.server.rpc.timeout.max)
2023-07-12 21:53:30,526 [2503d6b5-7af3-43aa-ac32-7e71e8cb8062@group-B0E0F9104BB7-FollowerState] INFO  impl.FollowerState (FollowerState.java:run(143)) - 2503d6b5-7af3-43aa-ac32-7e71e8cb8062@group-B0E0F9104BB7-FollowerState: change to CANDIDATE, lastRpcElapsedTime:5152087015ns, electionTimeout:5143ms
2023-07-12 21:53:30,526 [2503d6b5-7af3-43aa-ac32-7e71e8cb8062@group-B0E0F9104BB7-FollowerState] INFO  impl.RoleInfo (RoleInfo.java:shutdownFollowerState(110)) - 2503d6b5-7af3-43aa-ac32-7e71e8cb8062: shutdown 2503d6b5-7af3-43aa-ac32-7e71e8cb8062@group-B0E0F9104BB7-FollowerState
2023-07-12 21:53:30,526 [2503d6b5-7af3-43aa-ac32-7e71e8cb8062@group-B0E0F9104BB7-FollowerState] INFO  server.RaftServer$Division (RaftServerImpl.java:setRole(329)) - 2503d6b5-7af3-43aa-ac32-7e71e8cb8062@group-B0E0F9104BB7: changes role from  FOLLOWER to CANDIDATE at term 0 for changeToCandidate
2023-07-12 21:53:30,526 [2503d6b5-7af3-43aa-ac32-7e71e8cb8062@group-B0E0F9104BB7-FollowerState] INFO  server.RaftServerConfigKeys (ConfUtils.java:logGet(46)) - raft.server.leaderelection.pre-vote = true (default)
2023-07-12 21:53:30,526 [2503d6b5-7af3-43aa-ac32-7e71e8cb8062@group-B0E0F9104BB7-FollowerState] INFO  impl.RoleInfo (RoleInfo.java:updateAndGet(139)) - 2503d6b5-7af3-43aa-ac32-7e71e8cb8062: start 2503d6b5-7af3-43aa-ac32-7e71e8cb8062@group-B0E0F9104BB7-LeaderElection6
2023-07-12 21:53:30,530 [2503d6b5-7af3-43aa-ac32-7e71e8cb8062@group-B0E0F9104BB7-LeaderElection6] INFO  impl.LeaderElection (LeaderElection.java:askForVotes(321)) - 2503d6b5-7af3-43aa-ac32-7e71e8cb8062@group-B0E0F9104BB7-LeaderElection6 PRE_VOTE round 0: submit vote requests at term 0 for -1: peers:[d28e7615-a55a-42ee-a6c9-487437356628|rpc:10.1.0.20:15014|admin:10.1.0.20:15013|client:10.1.0.20:15012|dataStream:10.1.0.20:15015|priority:0|startupRole:FOLLOWER, b63666e2-1779-4ee0-a542-9862edee389f|rpc:10.1.0.20:15023|admin:10.1.0.20:15022|client:10.1.0.20:15021|dataStream:10.1.0.20:15024|priority:0|startupRole:FOLLOWER, 2503d6b5-7af3-43aa-ac32-7e71e8cb8062|rpc:10.1.0.20:15032|admin:10.1.0.20:15031|client:10.1.0.20:15030|dataStream:10.1.0.20:15033|priority:1|startupRole:FOLLOWER]|listeners:[], old=null
2023-07-12 21:53:30,537 [grpc-default-executor-0] INFO  server.RaftServer$Division (RaftServerImpl.java:requestVote(1302)) - 2503d6b5-7af3-43aa-ac32-7e71e8cb8062@group-DFDA87116952: receive requestVote(PRE_VOTE, b63666e2-1779-4ee0-a542-9862edee389f, group-DFDA87116952, 0, (t:0, i:0))
2023-07-12 21:53:30,537 [grpc-default-executor-0] INFO  impl.VoteContext (VoteContext.java:log(49)) - 2503d6b5-7af3-43aa-ac32-7e71e8cb8062@group-DFDA87116952-FOLLOWER: accept PRE_VOTE from b63666e2-1779-4ee0-a542-9862edee389f: our priority 0 <= candidate's priority 1
2023-07-12 21:53:30,537 [grpc-default-executor-0] INFO  server.RaftServer$Division (RaftServerImpl.java:requestVote(1335)) - 2503d6b5-7af3-43aa-ac32-7e71e8cb8062@group-DFDA87116952 replies to PRE_VOTE vote request: b63666e2-1779-4ee0-a542-9862edee389f<-2503d6b5-7af3-43aa-ac32-7e71e8cb8062#0:OK-t0. Peer's state: 2503d6b5-7af3-43aa-ac32-7e71e8cb8062@group-DFDA87116952:t0, leader=null, voted=, raftlog=Memoized:2503d6b5-7af3-43aa-ac32-7e71e8cb8062@group-DFDA87116952-SegmentedRaftLog:OPENED:c-1, conf=-1: peers:[d28e7615-a55a-42ee-a6c9-487437356628|rpc:10.1.0.20:15014|admin:10.1.0.20:15013|client:10.1.0.20:15012|dataStream:10.1.0.20:15015|priority:0|startupRole:FOLLOWER, b63666e2-1779-4ee0-a542-9862edee389f|rpc:10.1.0.20:15023|admin:10.1.0.20:15022|client:10.1.0.20:15021|dataStream:10.1.0.20:15024|priority:1|startupRole:FOLLOWER, 2503d6b5-7af3-43aa-ac32-7e71e8cb8062|rpc:10.1.0.20:15032|admin:10.1.0.20:15031|client:10.1.0.20:15030|dataStream:10.1.0.20:15033|priority:0|startupRole:FOLLOWER]|listeners:[], old=null
2023-07-12 21:53:30,539 [2503d6b5-7af3-43aa-ac32-7e71e8cb8062@group-B0E0F9104BB7-LeaderElection6-1] INFO  server.GrpcServerProtocolClient (GrpcServerProtocolClient.java:<init>(65)) - Build channel for d28e7615-a55a-42ee-a6c9-487437356628
2023-07-12 21:53:30,542 [b63666e2-1779-4ee0-a542-9862edee389f@group-DFDA87116952-LeaderElection5] INFO  impl.LeaderElection (LeaderElection.java:logAndReturn(90)) - b63666e2-1779-4ee0-a542-9862edee389f@group-DFDA87116952-LeaderElection5: PRE_VOTE PASSED received 1 response(s) and 0 exception(s):
2023-07-12 21:53:30,545 [b63666e2-1779-4ee0-a542-9862edee389f@group-DFDA87116952-LeaderElection5] INFO  impl.LeaderElection (LeaderElection.java:logAndReturn(94)) -   Response 0: b63666e2-1779-4ee0-a542-9862edee389f<-2503d6b5-7af3-43aa-ac32-7e71e8cb8062#0:OK-t0
2023-07-12 21:53:30,545 [b63666e2-1779-4ee0-a542-9862edee389f@group-DFDA87116952-LeaderElection5] INFO  impl.LeaderElection (LeaderElection.java:askForVotes(323)) - b63666e2-1779-4ee0-a542-9862edee389f@group-DFDA87116952-LeaderElection5 PRE_VOTE round 0: result PASSED
2023-07-12 21:53:30,545 [grpc-default-executor-0] INFO  server.RaftServer$Division (RaftServerImpl.java:requestVote(1302)) - d28e7615-a55a-42ee-a6c9-487437356628@group-DFDA87116952: receive requestVote(PRE_VOTE, b63666e2-1779-4ee0-a542-9862edee389f, group-DFDA87116952, 0, (t:0, i:0))
2023-07-12 21:53:30,546 [grpc-default-executor-0] INFO  impl.VoteContext (VoteContext.java:log(49)) - d28e7615-a55a-42ee-a6c9-487437356628@group-DFDA87116952-FOLLOWER: accept PRE_VOTE from b63666e2-1779-4ee0-a542-9862edee389f: our priority 0 <= candidate's priority 1
2023-07-12 21:53:30,541 [2503d6b5-7af3-43aa-ac32-7e71e8cb8062@group-B0E0F9104BB7-LeaderElection6-2] INFO  server.GrpcServerProtocolClient (GrpcServerProtocolClient.java:<init>(65)) - Build channel for b63666e2-1779-4ee0-a542-9862edee389f
2023-07-12 21:53:30,539 [2503d6b5-7af3-43aa-ac32-7e71e8cb8062@group-B0E0F9104BB7-LeaderElection6] INFO  server.RaftServerConfigKeys (ConfUtils.java:logFallback(53)) - raft.server.rpc.first-election.timeout.min = 5s (fallback to raft.server.rpc.timeout.min)
2023-07-12 21:53:30,546 [2503d6b5-7af3-43aa-ac32-7e71e8cb8062@group-B0E0F9104BB7-LeaderElection6] INFO  server.RaftServerConfigKeys (ConfUtils.java:logFallback(53)) - raft.server.rpc.first-election.timeout.max = 5200ms (fallback to raft.server.rpc.timeout.max)
2023-07-12 21:53:30,546 [grpc-default-executor-0] INFO  server.RaftServer$Division (RaftServerImpl.java:requestVote(1335)) - d28e7615-a55a-42ee-a6c9-487437356628@group-DFDA87116952 replies to PRE_VOTE vote request: b63666e2-1779-4ee0-a542-9862edee389f<-d28e7615-a55a-42ee-a6c9-487437356628#0:OK-t0. Peer's state: d28e7615-a55a-42ee-a6c9-487437356628@group-DFDA87116952:t0, leader=null, voted=, raftlog=Memoized:d28e7615-a55a-42ee-a6c9-487437356628@group-DFDA87116952-SegmentedRaftLog:OPENED:c-1, conf=-1: peers:[d28e7615-a55a-42ee-a6c9-487437356628|rpc:10.1.0.20:15014|admin:10.1.0.20:15013|client:10.1.0.20:15012|dataStream:10.1.0.20:15015|priority:0|startupRole:FOLLOWER, b63666e2-1779-4ee0-a542-9862edee389f|rpc:10.1.0.20:15023|admin:10.1.0.20:15022|client:10.1.0.20:15021|dataStream:10.1.0.20:15024|priority:1|startupRole:FOLLOWER, 2503d6b5-7af3-43aa-ac32-7e71e8cb8062|rpc:10.1.0.20:15032|admin:10.1.0.20:15031|client:10.1.0.20:15030|dataStream:10.1.0.20:15033|priority:0|startupRole:FOLLOWER]|listeners:[], old=null
2023-07-12 21:53:30,547 [b63666e2-1779-4ee0-a542-9862edee389f@group-DFDA87116952-LeaderElection5] INFO  impl.LeaderElection (LeaderElection.java:askForVotes(321)) - b63666e2-1779-4ee0-a542-9862edee389f@group-DFDA87116952-LeaderElection5 ELECTION round 0: submit vote requests at term 1 for -1: peers:[d28e7615-a55a-42ee-a6c9-487437356628|rpc:10.1.0.20:15014|admin:10.1.0.20:15013|client:10.1.0.20:15012|dataStream:10.1.0.20:15015|priority:0|startupRole:FOLLOWER, b63666e2-1779-4ee0-a542-9862edee389f|rpc:10.1.0.20:15023|admin:10.1.0.20:15022|client:10.1.0.20:15021|dataStream:10.1.0.20:15024|priority:1|startupRole:FOLLOWER, 2503d6b5-7af3-43aa-ac32-7e71e8cb8062|rpc:10.1.0.20:15032|admin:10.1.0.20:15031|client:10.1.0.20:15030|dataStream:10.1.0.20:15033|priority:0|startupRole:FOLLOWER]|listeners:[], old=null
2023-07-12 21:53:30,553 [b63666e2-1779-4ee0-a542-9862edee389f@group-DFDA87116952-LeaderElection5] INFO  server.RaftServerConfigKeys (ConfUtils.java:logFallback(53)) - raft.server.rpc.first-election.timeout.min = 5s (fallback to raft.server.rpc.timeout.min)
2023-07-12 21:53:30,553 [b63666e2-1779-4ee0-a542-9862edee389f@group-DFDA87116952-LeaderElection5] INFO  server.RaftServerConfigKeys (ConfUtils.java:logFallback(53)) - raft.server.rpc.first-election.timeout.max = 5200ms (fallback to raft.server.rpc.timeout.max)
2023-07-12 21:53:30,569 [grpc-default-executor-0] INFO  server.RaftServer$Division (RaftServerImpl.java:requestVote(1302)) - 2503d6b5-7af3-43aa-ac32-7e71e8cb8062@group-DFDA87116952: receive requestVote(ELECTION, b63666e2-1779-4ee0-a542-9862edee389f, group-DFDA87116952, 1, (t:0, i:0))
2023-07-12 21:53:30,571 [grpc-default-executor-0] INFO  impl.VoteContext (VoteContext.java:log(49)) - 2503d6b5-7af3-43aa-ac32-7e71e8cb8062@group-DFDA87116952-FOLLOWER: accept ELECTION from b63666e2-1779-4ee0-a542-9862edee389f: our priority 0 <= candidate's priority 1
2023-07-12 21:53:30,571 [grpc-default-executor-0] INFO  server.RaftServer$Division (RaftServerImpl.java:setRole(329)) - 2503d6b5-7af3-43aa-ac32-7e71e8cb8062@group-DFDA87116952: changes role from  FOLLOWER to FOLLOWER at term 1 for candidate:b63666e2-1779-4ee0-a542-9862edee389f
2023-07-12 21:53:30,571 [grpc-default-executor-0] INFO  impl.RoleInfo (RoleInfo.java:shutdownFollowerState(110)) - 2503d6b5-7af3-43aa-ac32-7e71e8cb8062: shutdown 2503d6b5-7af3-43aa-ac32-7e71e8cb8062@group-DFDA87116952-FollowerState
2023-07-12 21:53:30,571 [grpc-default-executor-0] INFO  impl.RoleInfo (RoleInfo.java:updateAndGet(139)) - 2503d6b5-7af3-43aa-ac32-7e71e8cb8062: start 2503d6b5-7af3-43aa-ac32-7e71e8cb8062@group-DFDA87116952-FollowerState
2023-07-12 21:53:30,571 [2503d6b5-7af3-43aa-ac32-7e71e8cb8062@group-DFDA87116952-FollowerState] INFO  impl.FollowerState (FollowerState.java:run(152)) - 2503d6b5-7af3-43aa-ac32-7e71e8cb8062@group-DFDA87116952-FollowerState was interrupted
2023-07-12 21:53:30,571 [grpc-default-executor-2] INFO  server.RaftServer$Division (RaftServerImpl.java:requestVote(1302)) - d28e7615-a55a-42ee-a6c9-487437356628@group-DFDA87116952: receive requestVote(ELECTION, b63666e2-1779-4ee0-a542-9862edee389f, group-DFDA87116952, 1, (t:0, i:0))
2023-07-12 21:53:30,576 [grpc-default-executor-1] INFO  server.RaftServer$Division (RaftServerImpl.java:requestVote(1302)) - b63666e2-1779-4ee0-a542-9862edee389f@group-B0E0F9104BB7: receive requestVote(PRE_VOTE, 2503d6b5-7af3-43aa-ac32-7e71e8cb8062, group-B0E0F9104BB7, 0, (t:0, i:0))
2023-07-12 21:53:30,575 [grpc-default-executor-0] INFO  server.RaftServer$Division (RaftServerImpl.java:requestVote(1335)) - 2503d6b5-7af3-43aa-ac32-7e71e8cb8062@group-DFDA87116952 replies to ELECTION vote request: b63666e2-1779-4ee0-a542-9862edee389f<-2503d6b5-7af3-43aa-ac32-7e71e8cb8062#0:OK-t1. Peer's state: 2503d6b5-7af3-43aa-ac32-7e71e8cb8062@group-DFDA87116952:t1, leader=null, voted=b63666e2-1779-4ee0-a542-9862edee389f, raftlog=Memoized:2503d6b5-7af3-43aa-ac32-7e71e8cb8062@group-DFDA87116952-SegmentedRaftLog:OPENED:c-1, conf=-1: peers:[d28e7615-a55a-42ee-a6c9-487437356628|rpc:10.1.0.20:15014|admin:10.1.0.20:15013|client:10.1.0.20:15012|dataStream:10.1.0.20:15015|priority:0|startupRole:FOLLOWER, b63666e2-1779-4ee0-a542-9862edee389f|rpc:10.1.0.20:15023|admin:10.1.0.20:15022|client:10.1.0.20:15021|dataStream:10.1.0.20:15024|priority:1|startupRole:FOLLOWER, 2503d6b5-7af3-43aa-ac32-7e71e8cb8062|rpc:10.1.0.20:15032|admin:10.1.0.20:15031|client:10.1.0.20:15030|dataStream:10.1.0.20:15033|priority:0|startupRole:FOLLOWER]|listeners:[], old=null
2023-07-12 21:53:30,574 [grpc-default-executor-3] INFO  server.RaftServer$Division (RaftServerImpl.java:requestVote(1302)) - d28e7615-a55a-42ee-a6c9-487437356628@group-B0E0F9104BB7: receive requestVote(PRE_VOTE, 2503d6b5-7af3-43aa-ac32-7e71e8cb8062, group-B0E0F9104BB7, 0, (t:0, i:0))
2023-07-12 21:53:30,579 [b63666e2-1779-4ee0-a542-9862edee389f@group-DFDA87116952-LeaderElection5] INFO  impl.LeaderElection (LeaderElection.java:logAndReturn(90)) - b63666e2-1779-4ee0-a542-9862edee389f@group-DFDA87116952-LeaderElection5: ELECTION PASSED received 1 response(s) and 0 exception(s):
2023-07-12 21:53:30,576 [grpc-default-executor-1] INFO  impl.VoteContext (VoteContext.java:log(49)) - b63666e2-1779-4ee0-a542-9862edee389f@group-B0E0F9104BB7-FOLLOWER: accept PRE_VOTE from 2503d6b5-7af3-43aa-ac32-7e71e8cb8062: our priority 0 <= candidate's priority 1
2023-07-12 21:53:30,579 [b63666e2-1779-4ee0-a542-9862edee389f@group-DFDA87116952-LeaderElection5] INFO  impl.LeaderElection (LeaderElection.java:logAndReturn(94)) -   Response 0: b63666e2-1779-4ee0-a542-9862edee389f<-2503d6b5-7af3-43aa-ac32-7e71e8cb8062#0:OK-t1
2023-07-12 21:53:30,579 [grpc-default-executor-1] INFO  server.RaftServer$Division (RaftServerImpl.java:requestVote(1335)) - b63666e2-1779-4ee0-a542-9862edee389f@group-B0E0F9104BB7 replies to PRE_VOTE vote request: 2503d6b5-7af3-43aa-ac32-7e71e8cb8062<-b63666e2-1779-4ee0-a542-9862edee389f#0:OK-t0. Peer's state: b63666e2-1779-4ee0-a542-9862edee389f@group-B0E0F9104BB7:t0, leader=null, voted=, raftlog=Memoized:b63666e2-1779-4ee0-a542-9862edee389f@group-B0E0F9104BB7-SegmentedRaftLog:OPENED:c-1, conf=-1: peers:[d28e7615-a55a-42ee-a6c9-487437356628|rpc:10.1.0.20:15014|admin:10.1.0.20:15013|client:10.1.0.20:15012|dataStream:10.1.0.20:15015|priority:0|startupRole:FOLLOWER, b63666e2-1779-4ee0-a542-9862edee389f|rpc:10.1.0.20:15023|admin:10.1.0.20:15022|client:10.1.0.20:15021|dataStream:10.1.0.20:15024|priority:0|startupRole:FOLLOWER, 2503d6b5-7af3-43aa-ac32-7e71e8cb8062|rpc:10.1.0.20:15032|admin:10.1.0.20:15031|client:10.1.0.20:15030|dataStream:10.1.0.20:15033|priority:1|startupRole:FOLLOWER]|listeners:[], old=null
2023-07-12 21:53:30,579 [b63666e2-1779-4ee0-a542-9862edee389f@group-DFDA87116952-LeaderElection5] INFO  impl.LeaderElection (LeaderElection.java:askForVotes(323)) - b63666e2-1779-4ee0-a542-9862edee389f@group-DFDA87116952-LeaderElection5 ELECTION round 0: result PASSED
2023-07-12 21:53:30,579 [b63666e2-1779-4ee0-a542-9862edee389f@group-DFDA87116952-LeaderElection5] INFO  impl.RoleInfo (RoleInfo.java:shutdownLeaderElection(130)) - b63666e2-1779-4ee0-a542-9862edee389f: shutdown b63666e2-1779-4ee0-a542-9862edee389f@group-DFDA87116952-LeaderElection5
2023-07-12 21:53:30,579 [b63666e2-1779-4ee0-a542-9862edee389f@group-DFDA87116952-LeaderElection5] INFO  server.RaftServer$Division (RaftServerImpl.java:setRole(329)) - b63666e2-1779-4ee0-a542-9862edee389f@group-DFDA87116952: changes role from CANDIDATE to LEADER at term 1 for changeToLeader
2023-07-12 21:53:30,580 [b63666e2-1779-4ee0-a542-9862edee389f@group-DFDA87116952-LeaderElection5] INFO  ratis.XceiverServerRatis (XceiverServerRatis.java:handleLeaderChangedNotification(902)) - Leader change notification received for group: group-DFDA87116952 with new leaderId: b63666e2-1779-4ee0-a542-9862edee389f
2023-07-12 21:53:30,580 [b63666e2-1779-4ee0-a542-9862edee389f@group-DFDA87116952-LeaderElection5] INFO  server.RaftServer$Division (ServerState.java:setLeader(317)) - b63666e2-1779-4ee0-a542-9862edee389f@group-DFDA87116952: change Leader from null to b63666e2-1779-4ee0-a542-9862edee389f at term 1 for becomeLeader, leader elected after 5232ms
2023-07-12 21:53:30,580 [b63666e2-1779-4ee0-a542-9862edee389f@group-DFDA87116952-LeaderElection5] INFO  server.RaftServerConfigKeys (ConfUtils.java:logGet(46)) - raft.server.staging.catchup.gap = 1000 (default)
2023-07-12 21:53:30,580 [b63666e2-1779-4ee0-a542-9862edee389f@group-DFDA87116952-LeaderElection5] INFO  server.RaftServerConfigKeys (ConfUtils.java:logGet(46)) - raft.server.write.element-limit = 1024 (custom)
2023-07-12 21:53:30,580 [b63666e2-1779-4ee0-a542-9862edee389f@group-DFDA87116952-LeaderElection5] INFO  server.RaftServerConfigKeys (ConfUtils.java:logGet(46)) - raft.server.write.byte-limit = 1024 M (=1073741824) (custom)
2023-07-12 21:53:30,580 [b63666e2-1779-4ee0-a542-9862edee389f@group-DFDA87116952-LeaderElection5] INFO  server.RaftServerConfigKeys (ConfUtils.java:logGet(46)) - raft.server.watch.timeout = 180s (custom)
2023-07-12 21:53:30,580 [b63666e2-1779-4ee0-a542-9862edee389f@group-DFDA87116952-LeaderElection5] INFO  server.RaftServerConfigKeys (ConfUtils.java:logGet(46)) - raft.server.watch.timeout.denomination = 1s (default)
2023-07-12 21:53:30,580 [b63666e2-1779-4ee0-a542-9862edee389f@group-DFDA87116952-LeaderElection5] INFO  server.RaftServerConfigKeys (ConfUtils.java:logGet(46)) - raft.server.watch.element-limit = 65536 (default)
2023-07-12 21:53:30,580 [b63666e2-1779-4ee0-a542-9862edee389f@group-DFDA87116952-LeaderElection5] INFO  server.RaftServerConfigKeys (ConfUtils.java:logGet(46)) - raft.server.write.element-limit = 1024 (custom)
2023-07-12 21:53:30,581 [b63666e2-1779-4ee0-a542-9862edee389f@group-DFDA87116952-LeaderElection5] INFO  server.RaftServerConfigKeys (ConfUtils.java:logGet(46)) - raft.server.write.follower.gap.ratio.max = -1.0 (default)
2023-07-12 21:53:30,579 [grpc-default-executor-2] INFO  impl.VoteContext (VoteContext.java:log(49)) - d28e7615-a55a-42ee-a6c9-487437356628@group-DFDA87116952-FOLLOWER: accept ELECTION from b63666e2-1779-4ee0-a542-9862edee389f: our priority 0 <= candidate's priority 1
2023-07-12 21:53:30,584 [grpc-default-executor-2] INFO  server.RaftServer$Division (RaftServerImpl.java:setRole(329)) - d28e7615-a55a-42ee-a6c9-487437356628@group-DFDA87116952: changes role from  FOLLOWER to FOLLOWER at term 1 for candidate:b63666e2-1779-4ee0-a542-9862edee389f
2023-07-12 21:53:30,584 [grpc-default-executor-2] INFO  impl.RoleInfo (RoleInfo.java:shutdownFollowerState(110)) - d28e7615-a55a-42ee-a6c9-487437356628: shutdown d28e7615-a55a-42ee-a6c9-487437356628@group-DFDA87116952-FollowerState
2023-07-12 21:53:30,584 [grpc-default-executor-2] INFO  impl.RoleInfo (RoleInfo.java:updateAndGet(139)) - d28e7615-a55a-42ee-a6c9-487437356628: start d28e7615-a55a-42ee-a6c9-487437356628@group-DFDA87116952-FollowerState
2023-07-12 21:53:30,579 [grpc-default-executor-3] INFO  impl.VoteContext (VoteContext.java:log(49)) - d28e7615-a55a-42ee-a6c9-487437356628@group-B0E0F9104BB7-FOLLOWER: accept PRE_VOTE from 2503d6b5-7af3-43aa-ac32-7e71e8cb8062: our priority 0 <= candidate's priority 1
2023-07-12 21:53:30,582 [2503d6b5-7af3-43aa-ac32-7e71e8cb8062@group-B0E0F9104BB7-LeaderElection6] INFO  impl.LeaderElection (LeaderElection.java:logAndReturn(90)) - 2503d6b5-7af3-43aa-ac32-7e71e8cb8062@group-B0E0F9104BB7-LeaderElection6: PRE_VOTE PASSED received 1 response(s) and 0 exception(s):
2023-07-12 21:53:30,585 [2503d6b5-7af3-43aa-ac32-7e71e8cb8062@group-B0E0F9104BB7-LeaderElection6] INFO  impl.LeaderElection (LeaderElection.java:logAndReturn(94)) -   Response 0: 2503d6b5-7af3-43aa-ac32-7e71e8cb8062<-b63666e2-1779-4ee0-a542-9862edee389f#0:OK-t0
2023-07-12 21:53:30,585 [grpc-default-executor-3] INFO  server.RaftServer$Division (RaftServerImpl.java:requestVote(1335)) - d28e7615-a55a-42ee-a6c9-487437356628@group-B0E0F9104BB7 replies to PRE_VOTE vote request: 2503d6b5-7af3-43aa-ac32-7e71e8cb8062<-d28e7615-a55a-42ee-a6c9-487437356628#0:OK-t0. Peer's state: d28e7615-a55a-42ee-a6c9-487437356628@group-B0E0F9104BB7:t0, leader=null, voted=, raftlog=Memoized:d28e7615-a55a-42ee-a6c9-487437356628@group-B0E0F9104BB7-SegmentedRaftLog:OPENED:c-1, conf=-1: peers:[d28e7615-a55a-42ee-a6c9-487437356628|rpc:10.1.0.20:15014|admin:10.1.0.20:15013|client:10.1.0.20:15012|dataStream:10.1.0.20:15015|priority:0|startupRole:FOLLOWER, b63666e2-1779-4ee0-a542-9862edee389f|rpc:10.1.0.20:15023|admin:10.1.0.20:15022|client:10.1.0.20:15021|dataStream:10.1.0.20:15024|priority:0|startupRole:FOLLOWER, 2503d6b5-7af3-43aa-ac32-7e71e8cb8062|rpc:10.1.0.20:15032|admin:10.1.0.20:15031|client:10.1.0.20:15030|dataStream:10.1.0.20:15033|priority:1|startupRole:FOLLOWER]|listeners:[], old=null
2023-07-12 21:53:30,585 [EventQueue-PipelineReportForPipelineReportHandler] INFO  pipeline.PipelineReportHandler (PipelineReportHandler.java:processPipelineReport(136)) - Opened pipeline PipelineID=7c002b24-39b5-4a73-b9a4-dfda87116952
2023-07-12 21:53:30,585 [d28e7615-a55a-42ee-a6c9-487437356628@group-DFDA87116952-FollowerState] INFO  impl.FollowerState (FollowerState.java:run(152)) - d28e7615-a55a-42ee-a6c9-487437356628@group-DFDA87116952-FollowerState was interrupted
2023-07-12 21:53:30,589 [2503d6b5-7af3-43aa-ac32-7e71e8cb8062@group-B0E0F9104BB7-LeaderElection6] INFO  impl.LeaderElection (LeaderElection.java:askForVotes(323)) - 2503d6b5-7af3-43aa-ac32-7e71e8cb8062@group-B0E0F9104BB7-LeaderElection6 PRE_VOTE round 0: result PASSED
2023-07-12 21:53:30,586 [EventQueue-OpenPipelineForHealthyPipelineSafeModeRule] INFO  safemode.SCMSafeModeManager (HealthyPipelineSafeModeRule.java:process(137)) - SCM in safe mode. Healthy pipelines reported count is 0, required healthy pipeline reported count is 1
2023-07-12 21:53:30,590 [EventQueue-OpenPipelineForHealthyPipelineSafeModeRule] INFO  safemode.SCMSafeModeManager (HealthyPipelineSafeModeRule.java:process(137)) - SCM in safe mode. Healthy pipelines reported count is 1, required healthy pipeline reported count is 1
2023-07-12 21:53:30,590 [EventQueue-OpenPipelineForHealthyPipelineSafeModeRule] INFO  safemode.SCMSafeModeManager (SCMSafeModeManager.java:validateSafeModeExitRules(200)) - HealthyPipelineSafeModeRule rule is successfully validated
2023-07-12 21:53:30,590 [EventQueue-OpenPipelineForHealthyPipelineSafeModeRule] INFO  safemode.SCMSafeModeManager (SCMSafeModeManager.java:validateSafeModeExitRules(215)) - ScmSafeModeManager, all rules are successfully validated
2023-07-12 21:53:30,591 [EventQueue-OpenPipelineForHealthyPipelineSafeModeRule] INFO  safemode.SCMSafeModeManager (SCMSafeModeManager.java:exitSafeMode(244)) - SCM exiting safe mode.
2023-07-12 21:53:30,591 [EventQueue-OpenPipelineForHealthyPipelineSafeModeRule] INFO  ha.SCMContext (SCMContext.java:updateSafeModeStatus(228)) - Update SafeModeStatus from SafeModeStatus{safeModeStatus=true, preCheckPassed=true} to SafeModeStatus{safeModeStatus=false, preCheckPassed=true}.
2023-07-12 21:53:30,591 [EventQueue-OpenPipelineForHealthyPipelineSafeModeRule] INFO  pipeline.BackgroundPipelineCreator (BackgroundPipelineCreator.java:notifyStatusChanged(255)) - Service BackgroundPipelineCreator transitions to RUNNING.
2023-07-12 21:53:30,591 [EventQueue-OpenPipelineForHealthyPipelineSafeModeRule] INFO  BackgroundPipelineScrubber (BackgroundSCMService.java:notifyStatusChanged(82)) - Service BackgroundPipelineScrubber transitions to RUNNING.
2023-07-12 21:53:30,591 [EventQueue-OpenPipelineForHealthyPipelineSafeModeRule] INFO  ExpiredContainerReplicaOpScrubber (BackgroundSCMService.java:notifyStatusChanged(82)) - Service ExpiredContainerReplicaOpScrubber transitions to RUNNING.
2023-07-12 21:53:30,591 [EventQueue-OpenPipelineForHealthyPipelineSafeModeRule] INFO  replication.ReplicationManager (ReplicationManager.java:notifyStatusChanged(1366)) - Service ReplicationManager transitions to RUNNING.
2023-07-12 21:53:30,592 [2503d6b5-7af3-43aa-ac32-7e71e8cb8062@group-B0E0F9104BB7-LeaderElection6] INFO  impl.LeaderElection (LeaderElection.java:askForVotes(321)) - 2503d6b5-7af3-43aa-ac32-7e71e8cb8062@group-B0E0F9104BB7-LeaderElection6 ELECTION round 0: submit vote requests at term 1 for -1: peers:[d28e7615-a55a-42ee-a6c9-487437356628|rpc:10.1.0.20:15014|admin:10.1.0.20:15013|client:10.1.0.20:15012|dataStream:10.1.0.20:15015|priority:0|startupRole:FOLLOWER, b63666e2-1779-4ee0-a542-9862edee389f|rpc:10.1.0.20:15023|admin:10.1.0.20:15022|client:10.1.0.20:15021|dataStream:10.1.0.20:15024|priority:0|startupRole:FOLLOWER, 2503d6b5-7af3-43aa-ac32-7e71e8cb8062|rpc:10.1.0.20:15032|admin:10.1.0.20:15031|client:10.1.0.20:15030|dataStream:10.1.0.20:15033|priority:1|startupRole:FOLLOWER]|listeners:[], old=null
2023-07-12 21:53:30,595 [EventQueue-OpenPipelineForHealthyPipelineSafeModeRule] WARN  balancer.ContainerBalancer (ContainerBalancer.java:shouldRun(134)) - Could not find persisted configuration for ContainerBalancer when checking if ContainerBalancer should run. ContainerBalancer should not run now.
2023-07-12 21:53:30,597 [grpc-default-executor-2] INFO  server.RaftServer$Division (RaftServerImpl.java:requestVote(1335)) - d28e7615-a55a-42ee-a6c9-487437356628@group-DFDA87116952 replies to ELECTION vote request: b63666e2-1779-4ee0-a542-9862edee389f<-d28e7615-a55a-42ee-a6c9-487437356628#0:OK-t1. Peer's state: d28e7615-a55a-42ee-a6c9-487437356628@group-DFDA87116952:t1, leader=null, voted=b63666e2-1779-4ee0-a542-9862edee389f, raftlog=Memoized:d28e7615-a55a-42ee-a6c9-487437356628@group-DFDA87116952-SegmentedRaftLog:OPENED:c-1, conf=-1: peers:[d28e7615-a55a-42ee-a6c9-487437356628|rpc:10.1.0.20:15014|admin:10.1.0.20:15013|client:10.1.0.20:15012|dataStream:10.1.0.20:15015|priority:0|startupRole:FOLLOWER, b63666e2-1779-4ee0-a542-9862edee389f|rpc:10.1.0.20:15023|admin:10.1.0.20:15022|client:10.1.0.20:15021|dataStream:10.1.0.20:15024|priority:1|startupRole:FOLLOWER, 2503d6b5-7af3-43aa-ac32-7e71e8cb8062|rpc:10.1.0.20:15032|admin:10.1.0.20:15031|client:10.1.0.20:15030|dataStream:10.1.0.20:15033|priority:0|startupRole:FOLLOWER]|listeners:[], old=null
2023-07-12 21:53:30,601 [grpc-default-executor-3] INFO  server.RaftServer$Division (RaftServerImpl.java:requestVote(1302)) - d28e7615-a55a-42ee-a6c9-487437356628@group-B0E0F9104BB7: receive requestVote(ELECTION, 2503d6b5-7af3-43aa-ac32-7e71e8cb8062, group-B0E0F9104BB7, 1, (t:0, i:0))
2023-07-12 21:53:30,602 [grpc-default-executor-3] INFO  impl.VoteContext (VoteContext.java:log(49)) - d28e7615-a55a-42ee-a6c9-487437356628@group-B0E0F9104BB7-FOLLOWER: accept ELECTION from 2503d6b5-7af3-43aa-ac32-7e71e8cb8062: our priority 0 <= candidate's priority 1
2023-07-12 21:53:30,602 [grpc-default-executor-3] INFO  server.RaftServer$Division (RaftServerImpl.java:setRole(329)) - d28e7615-a55a-42ee-a6c9-487437356628@group-B0E0F9104BB7: changes role from  FOLLOWER to FOLLOWER at term 1 for candidate:2503d6b5-7af3-43aa-ac32-7e71e8cb8062
2023-07-12 21:53:30,602 [grpc-default-executor-3] INFO  impl.RoleInfo (RoleInfo.java:shutdownFollowerState(110)) - d28e7615-a55a-42ee-a6c9-487437356628: shutdown d28e7615-a55a-42ee-a6c9-487437356628@group-B0E0F9104BB7-FollowerState
2023-07-12 21:53:30,602 [grpc-default-executor-3] INFO  impl.RoleInfo (RoleInfo.java:updateAndGet(139)) - d28e7615-a55a-42ee-a6c9-487437356628: start d28e7615-a55a-42ee-a6c9-487437356628@group-B0E0F9104BB7-FollowerState
2023-07-12 21:53:30,602 [d28e7615-a55a-42ee-a6c9-487437356628@group-B0E0F9104BB7-FollowerState] INFO  impl.FollowerState (FollowerState.java:run(152)) - d28e7615-a55a-42ee-a6c9-487437356628@group-B0E0F9104BB7-FollowerState was interrupted
2023-07-12 21:53:30,600 [b63666e2-1779-4ee0-a542-9862edee389f@group-DFDA87116952-LeaderElection5] INFO  server.RaftServerConfigKeys (ConfUtils.java:logGet(46)) - raft.server.log.appender.snapshot.chunk.size.max = 16MB (=16777216) (default)
2023-07-12 21:53:30,606 [b63666e2-1779-4ee0-a542-9862edee389f@group-DFDA87116952-LeaderElection5] INFO  server.RaftServerConfigKeys (ConfUtils.java:logGet(46)) - raft.server.log.appender.buffer.byte-limit = 33554432 (custom)
2023-07-12 21:53:30,606 [b63666e2-1779-4ee0-a542-9862edee389f@group-DFDA87116952-LeaderElection5] INFO  server.RaftServerConfigKeys (ConfUtils.java:logGet(46)) - raft.server.log.appender.buffer.element-limit = 1 (custom)
2023-07-12 21:53:30,608 [b63666e2-1779-4ee0-a542-9862edee389f@group-DFDA87116952-LeaderElection5] INFO  server.RaftServerConfigKeys (ConfUtils.java:logGet(46)) - raft.server.log.appender.wait-time.min = 10ms (default)
2023-07-12 21:53:30,608 [b63666e2-1779-4ee0-a542-9862edee389f@group-DFDA87116952-LeaderElection5] INFO  grpc.GrpcConfigKeys (ConfUtils.java:logGet(46)) - raft.grpc.server.leader.outstanding.appends.max = 128 (default)
2023-07-12 21:53:30,609 [b63666e2-1779-4ee0-a542-9862edee389f@group-DFDA87116952-LeaderElection5] INFO  server.RaftServerConfigKeys (ConfUtils.java:logGet(46)) - raft.server.rpc.request.timeout = 60s (custom)
2023-07-12 21:53:30,597 [2503d6b5-7af3-43aa-ac32-7e71e8cb8062@group-B0E0F9104BB7-LeaderElection6] INFO  server.RaftServerConfigKeys (ConfUtils.java:logFallback(53)) - raft.server.rpc.first-election.timeout.min = 5s (fallback to raft.server.rpc.timeout.min)
2023-07-12 21:53:30,611 [2503d6b5-7af3-43aa-ac32-7e71e8cb8062@group-B0E0F9104BB7-LeaderElection6] INFO  server.RaftServerConfigKeys (ConfUtils.java:logFallback(53)) - raft.server.rpc.first-election.timeout.max = 5200ms (fallback to raft.server.rpc.timeout.max)
2023-07-12 21:53:30,610 [grpc-default-executor-1] INFO  server.RaftServer$Division (RaftServerImpl.java:requestVote(1302)) - b63666e2-1779-4ee0-a542-9862edee389f@group-B0E0F9104BB7: receive requestVote(ELECTION, 2503d6b5-7af3-43aa-ac32-7e71e8cb8062, group-B0E0F9104BB7, 1, (t:0, i:0))
2023-07-12 21:53:30,611 [grpc-default-executor-1] INFO  impl.VoteContext (VoteContext.java:log(49)) - b63666e2-1779-4ee0-a542-9862edee389f@group-B0E0F9104BB7-FOLLOWER: accept ELECTION from 2503d6b5-7af3-43aa-ac32-7e71e8cb8062: our priority 0 <= candidate's priority 1
2023-07-12 21:53:30,611 [grpc-default-executor-1] INFO  server.RaftServer$Division (RaftServerImpl.java:setRole(329)) - b63666e2-1779-4ee0-a542-9862edee389f@group-B0E0F9104BB7: changes role from  FOLLOWER to FOLLOWER at term 1 for candidate:2503d6b5-7af3-43aa-ac32-7e71e8cb8062
2023-07-12 21:53:30,611 [grpc-default-executor-1] INFO  impl.RoleInfo (RoleInfo.java:shutdownFollowerState(110)) - b63666e2-1779-4ee0-a542-9862edee389f: shutdown b63666e2-1779-4ee0-a542-9862edee389f@group-B0E0F9104BB7-FollowerState
2023-07-12 21:53:30,611 [grpc-default-executor-1] INFO  impl.RoleInfo (RoleInfo.java:updateAndGet(139)) - b63666e2-1779-4ee0-a542-9862edee389f: start b63666e2-1779-4ee0-a542-9862edee389f@group-B0E0F9104BB7-FollowerState
2023-07-12 21:53:30,611 [b63666e2-1779-4ee0-a542-9862edee389f@group-B0E0F9104BB7-FollowerState] INFO  impl.FollowerState (FollowerState.java:run(152)) - b63666e2-1779-4ee0-a542-9862edee389f@group-B0E0F9104BB7-FollowerState was interrupted
2023-07-12 21:53:30,605 [grpc-default-executor-3] INFO  server.RaftServer$Division (RaftServerImpl.java:requestVote(1335)) - d28e7615-a55a-42ee-a6c9-487437356628@group-B0E0F9104BB7 replies to ELECTION vote request: 2503d6b5-7af3-43aa-ac32-7e71e8cb8062<-d28e7615-a55a-42ee-a6c9-487437356628#0:OK-t1. Peer's state: d28e7615-a55a-42ee-a6c9-487437356628@group-B0E0F9104BB7:t1, leader=null, voted=2503d6b5-7af3-43aa-ac32-7e71e8cb8062, raftlog=Memoized:d28e7615-a55a-42ee-a6c9-487437356628@group-B0E0F9104BB7-SegmentedRaftLog:OPENED:c-1, conf=-1: peers:[d28e7615-a55a-42ee-a6c9-487437356628|rpc:10.1.0.20:15014|admin:10.1.0.20:15013|client:10.1.0.20:15012|dataStream:10.1.0.20:15015|priority:0|startupRole:FOLLOWER, b63666e2-1779-4ee0-a542-9862edee389f|rpc:10.1.0.20:15023|admin:10.1.0.20:15022|client:10.1.0.20:15021|dataStream:10.1.0.20:15024|priority:0|startupRole:FOLLOWER, 2503d6b5-7af3-43aa-ac32-7e71e8cb8062|rpc:10.1.0.20:15032|admin:10.1.0.20:15031|client:10.1.0.20:15030|dataStream:10.1.0.20:15033|priority:1|startupRole:FOLLOWER]|listeners:[], old=null
2023-07-12 21:53:30,613 [2503d6b5-7af3-43aa-ac32-7e71e8cb8062@group-B0E0F9104BB7-LeaderElection6] INFO  impl.LeaderElection (LeaderElection.java:logAndReturn(90)) - 2503d6b5-7af3-43aa-ac32-7e71e8cb8062@group-B0E0F9104BB7-LeaderElection6: ELECTION PASSED received 1 response(s) and 0 exception(s):
2023-07-12 21:53:30,613 [2503d6b5-7af3-43aa-ac32-7e71e8cb8062@group-B0E0F9104BB7-LeaderElection6] INFO  impl.LeaderElection (LeaderElection.java:logAndReturn(94)) -   Response 0: 2503d6b5-7af3-43aa-ac32-7e71e8cb8062<-d28e7615-a55a-42ee-a6c9-487437356628#0:OK-t1
2023-07-12 21:53:30,613 [2503d6b5-7af3-43aa-ac32-7e71e8cb8062@group-B0E0F9104BB7-LeaderElection6] INFO  impl.LeaderElection (LeaderElection.java:askForVotes(323)) - 2503d6b5-7af3-43aa-ac32-7e71e8cb8062@group-B0E0F9104BB7-LeaderElection6 ELECTION round 0: result PASSED
2023-07-12 21:53:30,613 [2503d6b5-7af3-43aa-ac32-7e71e8cb8062@group-B0E0F9104BB7-LeaderElection6] INFO  impl.RoleInfo (RoleInfo.java:shutdownLeaderElection(130)) - 2503d6b5-7af3-43aa-ac32-7e71e8cb8062: shutdown 2503d6b5-7af3-43aa-ac32-7e71e8cb8062@group-B0E0F9104BB7-LeaderElection6
2023-07-12 21:53:30,613 [2503d6b5-7af3-43aa-ac32-7e71e8cb8062@group-B0E0F9104BB7-LeaderElection6] INFO  server.RaftServer$Division (RaftServerImpl.java:setRole(329)) - 2503d6b5-7af3-43aa-ac32-7e71e8cb8062@group-B0E0F9104BB7: changes role from CANDIDATE to LEADER at term 1 for changeToLeader
2023-07-12 21:53:30,613 [2503d6b5-7af3-43aa-ac32-7e71e8cb8062@group-B0E0F9104BB7-LeaderElection6] INFO  ratis.XceiverServerRatis (XceiverServerRatis.java:handleLeaderChangedNotification(902)) - Leader change notification received for group: group-B0E0F9104BB7 with new leaderId: 2503d6b5-7af3-43aa-ac32-7e71e8cb8062
2023-07-12 21:53:30,613 [2503d6b5-7af3-43aa-ac32-7e71e8cb8062@group-B0E0F9104BB7-LeaderElection6] INFO  server.RaftServer$Division (ServerState.java:setLeader(317)) - 2503d6b5-7af3-43aa-ac32-7e71e8cb8062@group-B0E0F9104BB7: change Leader from null to 2503d6b5-7af3-43aa-ac32-7e71e8cb8062 at term 1 for becomeLeader, leader elected after 5256ms
2023-07-12 21:53:30,614 [2503d6b5-7af3-43aa-ac32-7e71e8cb8062@group-B0E0F9104BB7-LeaderElection6] INFO  server.RaftServerConfigKeys (ConfUtils.java:logGet(46)) - raft.server.staging.catchup.gap = 1000 (default)
2023-07-12 21:53:30,615 [grpc-default-executor-1] INFO  server.RaftServer$Division (RaftServerImpl.java:requestVote(1335)) - b63666e2-1779-4ee0-a542-9862edee389f@group-B0E0F9104BB7 replies to ELECTION vote request: 2503d6b5-7af3-43aa-ac32-7e71e8cb8062<-b63666e2-1779-4ee0-a542-9862edee389f#0:OK-t1. Peer's state: b63666e2-1779-4ee0-a542-9862edee389f@group-B0E0F9104BB7:t1, leader=null, voted=2503d6b5-7af3-43aa-ac32-7e71e8cb8062, raftlog=Memoized:b63666e2-1779-4ee0-a542-9862edee389f@group-B0E0F9104BB7-SegmentedRaftLog:OPENED:c-1, conf=-1: peers:[d28e7615-a55a-42ee-a6c9-487437356628|rpc:10.1.0.20:15014|admin:10.1.0.20:15013|client:10.1.0.20:15012|dataStream:10.1.0.20:15015|priority:0|startupRole:FOLLOWER, b63666e2-1779-4ee0-a542-9862edee389f|rpc:10.1.0.20:15023|admin:10.1.0.20:15022|client:10.1.0.20:15021|dataStream:10.1.0.20:15024|priority:0|startupRole:FOLLOWER, 2503d6b5-7af3-43aa-ac32-7e71e8cb8062|rpc:10.1.0.20:15032|admin:10.1.0.20:15031|client:10.1.0.20:15030|dataStream:10.1.0.20:15033|priority:1|startupRole:FOLLOWER]|listeners:[], old=null
2023-07-12 21:53:30,619 [EventQueue-PipelineReportForPipelineReportHandler] INFO  pipeline.PipelineReportHandler (PipelineReportHandler.java:processPipelineReport(136)) - Opened pipeline PipelineID=5c35cb4c-61c9-4cfe-b839-b0e0f9104bb7
2023-07-12 21:53:30,615 [2503d6b5-7af3-43aa-ac32-7e71e8cb8062@group-B0E0F9104BB7-LeaderElection6] INFO  server.RaftServerConfigKeys (ConfUtils.java:logGet(46)) - raft.server.write.element-limit = 1024 (custom)
2023-07-12 21:53:30,621 [2503d6b5-7af3-43aa-ac32-7e71e8cb8062@group-B0E0F9104BB7-LeaderElection6] INFO  server.RaftServerConfigKeys (ConfUtils.java:logGet(46)) - raft.server.write.byte-limit = 1024 M (=1073741824) (custom)
2023-07-12 21:53:30,621 [2503d6b5-7af3-43aa-ac32-7e71e8cb8062@group-B0E0F9104BB7-LeaderElection6] INFO  server.RaftServerConfigKeys (ConfUtils.java:logGet(46)) - raft.server.watch.timeout = 180s (custom)
2023-07-12 21:53:30,621 [2503d6b5-7af3-43aa-ac32-7e71e8cb8062@group-B0E0F9104BB7-LeaderElection6] INFO  server.RaftServerConfigKeys (ConfUtils.java:logGet(46)) - raft.server.watch.timeout.denomination = 1s (default)
2023-07-12 21:53:30,621 [2503d6b5-7af3-43aa-ac32-7e71e8cb8062@group-B0E0F9104BB7-LeaderElection6] INFO  server.RaftServerConfigKeys (ConfUtils.java:logGet(46)) - raft.server.watch.element-limit = 65536 (default)
2023-07-12 21:53:30,621 [2503d6b5-7af3-43aa-ac32-7e71e8cb8062@group-B0E0F9104BB7-LeaderElection6] INFO  server.RaftServerConfigKeys (ConfUtils.java:logGet(46)) - raft.server.write.element-limit = 1024 (custom)
2023-07-12 21:53:30,621 [2503d6b5-7af3-43aa-ac32-7e71e8cb8062@group-B0E0F9104BB7-LeaderElection6] INFO  server.RaftServerConfigKeys (ConfUtils.java:logGet(46)) - raft.server.write.follower.gap.ratio.max = -1.0 (default)
2023-07-12 21:53:30,621 [2503d6b5-7af3-43aa-ac32-7e71e8cb8062@group-B0E0F9104BB7-LeaderElection6] INFO  server.RaftServerConfigKeys (ConfUtils.java:logGet(46)) - raft.server.log.appender.snapshot.chunk.size.max = 16MB (=16777216) (default)
2023-07-12 21:53:30,622 [2503d6b5-7af3-43aa-ac32-7e71e8cb8062@group-B0E0F9104BB7-LeaderElection6] INFO  server.RaftServerConfigKeys (ConfUtils.java:logGet(46)) - raft.server.log.appender.buffer.byte-limit = 33554432 (custom)
2023-07-12 21:53:30,622 [2503d6b5-7af3-43aa-ac32-7e71e8cb8062@group-B0E0F9104BB7-LeaderElection6] INFO  server.RaftServerConfigKeys (ConfUtils.java:logGet(46)) - raft.server.log.appender.buffer.element-limit = 1 (custom)
2023-07-12 21:53:30,622 [2503d6b5-7af3-43aa-ac32-7e71e8cb8062@group-B0E0F9104BB7-LeaderElection6] INFO  server.RaftServerConfigKeys (ConfUtils.java:logGet(46)) - raft.server.log.appender.wait-time.min = 10ms (default)
2023-07-12 21:53:30,620 [b63666e2-1779-4ee0-a542-9862edee389f@group-DFDA87116952-LeaderElection5] INFO  grpc.GrpcConfigKeys (ConfUtils.java:logGet(46)) - raft.grpc.server.install_snapshot.request.element-limit = 8 (default)
2023-07-12 21:53:30,622 [b63666e2-1779-4ee0-a542-9862edee389f@group-DFDA87116952-LeaderElection5] INFO  grpc.GrpcConfigKeys (ConfUtils.java:logGet(46)) - raft.grpc.server.install_snapshot.request.timeout = 3000ms (default)
2023-07-12 21:53:30,622 [b63666e2-1779-4ee0-a542-9862edee389f@group-DFDA87116952-LeaderElection5] INFO  server.RaftServerConfigKeys (ConfUtils.java:logGet(46)) - raft.server.log.appender.install.snapshot.enabled = false (custom)
2023-07-12 21:53:30,622 [b63666e2-1779-4ee0-a542-9862edee389f@group-DFDA87116952-LeaderElection5] INFO  grpc.GrpcConfigKeys (ConfUtils.java:logGet(46)) - raft.grpc.server.heartbeat.channel = true (default)
2023-07-12 21:53:30,622 [2503d6b5-7af3-43aa-ac32-7e71e8cb8062@group-B0E0F9104BB7-LeaderElection6] INFO  grpc.GrpcConfigKeys (ConfUtils.java:logGet(46)) - raft.grpc.server.leader.outstanding.appends.max = 128 (default)
2023-07-12 21:53:30,629 [2503d6b5-7af3-43aa-ac32-7e71e8cb8062@group-B0E0F9104BB7-LeaderElection6] INFO  server.RaftServerConfigKeys (ConfUtils.java:logGet(46)) - raft.server.rpc.request.timeout = 60s (custom)
2023-07-12 21:53:30,629 [2503d6b5-7af3-43aa-ac32-7e71e8cb8062@group-B0E0F9104BB7-LeaderElection6] INFO  grpc.GrpcConfigKeys (ConfUtils.java:logGet(46)) - raft.grpc.server.install_snapshot.request.element-limit = 8 (default)
2023-07-12 21:53:30,629 [2503d6b5-7af3-43aa-ac32-7e71e8cb8062@group-B0E0F9104BB7-LeaderElection6] INFO  grpc.GrpcConfigKeys (ConfUtils.java:logGet(46)) - raft.grpc.server.install_snapshot.request.timeout = 3000ms (default)
2023-07-12 21:53:30,630 [2503d6b5-7af3-43aa-ac32-7e71e8cb8062@group-B0E0F9104BB7-LeaderElection6] INFO  server.RaftServerConfigKeys (ConfUtils.java:logGet(46)) - raft.server.log.appender.install.snapshot.enabled = false (custom)
2023-07-12 21:53:30,630 [2503d6b5-7af3-43aa-ac32-7e71e8cb8062@group-B0E0F9104BB7-LeaderElection6] INFO  grpc.GrpcConfigKeys (ConfUtils.java:logGet(46)) - raft.grpc.server.heartbeat.channel = true (default)
2023-07-12 21:53:30,631 [2503d6b5-7af3-43aa-ac32-7e71e8cb8062@group-B0E0F9104BB7-LeaderElection6] INFO  server.RaftServerConfigKeys (ConfUtils.java:logGet(46)) - raft.server.log.appender.snapshot.chunk.size.max = 16MB (=16777216) (default)
2023-07-12 21:53:30,631 [2503d6b5-7af3-43aa-ac32-7e71e8cb8062@group-B0E0F9104BB7-LeaderElection6] INFO  server.RaftServerConfigKeys (ConfUtils.java:logGet(46)) - raft.server.log.appender.buffer.byte-limit = 33554432 (custom)
2023-07-12 21:53:30,631 [2503d6b5-7af3-43aa-ac32-7e71e8cb8062@group-B0E0F9104BB7-LeaderElection6] INFO  server.RaftServerConfigKeys (ConfUtils.java:logGet(46)) - raft.server.log.appender.buffer.element-limit = 1 (custom)
2023-07-12 21:53:30,631 [2503d6b5-7af3-43aa-ac32-7e71e8cb8062@group-B0E0F9104BB7-LeaderElection6] INFO  server.RaftServerConfigKeys (ConfUtils.java:logGet(46)) - raft.server.log.appender.wait-time.min = 10ms (default)
2023-07-12 21:53:30,631 [2503d6b5-7af3-43aa-ac32-7e71e8cb8062@group-B0E0F9104BB7-LeaderElection6] INFO  grpc.GrpcConfigKeys (ConfUtils.java:logGet(46)) - raft.grpc.server.leader.outstanding.appends.max = 128 (default)
2023-07-12 21:53:30,631 [2503d6b5-7af3-43aa-ac32-7e71e8cb8062@group-B0E0F9104BB7-LeaderElection6] INFO  server.RaftServerConfigKeys (ConfUtils.java:logGet(46)) - raft.server.rpc.request.timeout = 60s (custom)
2023-07-12 21:53:30,631 [2503d6b5-7af3-43aa-ac32-7e71e8cb8062@group-B0E0F9104BB7-LeaderElection6] INFO  grpc.GrpcConfigKeys (ConfUtils.java:logGet(46)) - raft.grpc.server.install_snapshot.request.element-limit = 8 (default)
2023-07-12 21:53:30,631 [2503d6b5-7af3-43aa-ac32-7e71e8cb8062@group-B0E0F9104BB7-LeaderElection6] INFO  grpc.GrpcConfigKeys (ConfUtils.java:logGet(46)) - raft.grpc.server.install_snapshot.request.timeout = 3000ms (default)
2023-07-12 21:53:30,631 [2503d6b5-7af3-43aa-ac32-7e71e8cb8062@group-B0E0F9104BB7-LeaderElection6] INFO  server.RaftServerConfigKeys (ConfUtils.java:logGet(46)) - raft.server.log.appender.install.snapshot.enabled = false (custom)
2023-07-12 21:53:30,631 [2503d6b5-7af3-43aa-ac32-7e71e8cb8062@group-B0E0F9104BB7-LeaderElection6] INFO  grpc.GrpcConfigKeys (ConfUtils.java:logGet(46)) - raft.grpc.server.heartbeat.channel = true (default)
2023-07-12 21:53:30,632 [2503d6b5-7af3-43aa-ac32-7e71e8cb8062@group-B0E0F9104BB7-LeaderElection6] INFO  impl.RoleInfo (RoleInfo.java:updateAndGet(139)) - 2503d6b5-7af3-43aa-ac32-7e71e8cb8062: start 2503d6b5-7af3-43aa-ac32-7e71e8cb8062@group-B0E0F9104BB7-LeaderStateImpl
2023-07-12 21:53:30,633 [b63666e2-1779-4ee0-a542-9862edee389f@group-DFDA87116952-LeaderElection5] INFO  server.RaftServerConfigKeys (ConfUtils.java:logGet(46)) - raft.server.log.appender.snapshot.chunk.size.max = 16MB (=16777216) (default)
2023-07-12 21:53:30,633 [b63666e2-1779-4ee0-a542-9862edee389f@group-DFDA87116952-LeaderElection5] INFO  server.RaftServerConfigKeys (ConfUtils.java:logGet(46)) - raft.server.log.appender.buffer.byte-limit = 33554432 (custom)
2023-07-12 21:53:30,633 [b63666e2-1779-4ee0-a542-9862edee389f@group-DFDA87116952-LeaderElection5] INFO  server.RaftServerConfigKeys (ConfUtils.java:logGet(46)) - raft.server.log.appender.buffer.element-limit = 1 (custom)
2023-07-12 21:53:30,633 [b63666e2-1779-4ee0-a542-9862edee389f@group-DFDA87116952-LeaderElection5] INFO  server.RaftServerConfigKeys (ConfUtils.java:logGet(46)) - raft.server.log.appender.wait-time.min = 10ms (default)
2023-07-12 21:53:30,633 [b63666e2-1779-4ee0-a542-9862edee389f@group-DFDA87116952-LeaderElection5] INFO  grpc.GrpcConfigKeys (ConfUtils.java:logGet(46)) - raft.grpc.server.leader.outstanding.appends.max = 128 (default)
2023-07-12 21:53:30,633 [b63666e2-1779-4ee0-a542-9862edee389f@group-DFDA87116952-LeaderElection5] INFO  server.RaftServerConfigKeys (ConfUtils.java:logGet(46)) - raft.server.rpc.request.timeout = 60s (custom)
2023-07-12 21:53:30,633 [b63666e2-1779-4ee0-a542-9862edee389f@group-DFDA87116952-LeaderElection5] INFO  grpc.GrpcConfigKeys (ConfUtils.java:logGet(46)) - raft.grpc.server.install_snapshot.request.element-limit = 8 (default)
2023-07-12 21:53:30,633 [b63666e2-1779-4ee0-a542-9862edee389f@group-DFDA87116952-LeaderElection5] INFO  grpc.GrpcConfigKeys (ConfUtils.java:logGet(46)) - raft.grpc.server.install_snapshot.request.timeout = 3000ms (default)
2023-07-12 21:53:30,633 [b63666e2-1779-4ee0-a542-9862edee389f@group-DFDA87116952-LeaderElection5] INFO  server.RaftServerConfigKeys (ConfUtils.java:logGet(46)) - raft.server.log.appender.install.snapshot.enabled = false (custom)
2023-07-12 21:53:30,633 [b63666e2-1779-4ee0-a542-9862edee389f@group-DFDA87116952-LeaderElection5] INFO  grpc.GrpcConfigKeys (ConfUtils.java:logGet(46)) - raft.grpc.server.heartbeat.channel = true (default)
2023-07-12 21:53:30,633 [b63666e2-1779-4ee0-a542-9862edee389f@group-DFDA87116952-LeaderElection5] INFO  impl.RoleInfo (RoleInfo.java:updateAndGet(139)) - b63666e2-1779-4ee0-a542-9862edee389f: start b63666e2-1779-4ee0-a542-9862edee389f@group-DFDA87116952-LeaderStateImpl
2023-07-12 21:53:30,634 [b63666e2-1779-4ee0-a542-9862edee389f@group-DFDA87116952-LeaderElection5] INFO  segmented.SegmentedRaftLogWorker (SegmentedRaftLogWorker.java:startLogSegment(447)) - b63666e2-1779-4ee0-a542-9862edee389f@group-DFDA87116952-SegmentedRaftLogWorker: Starting segment from index:0
2023-07-12 21:53:30,633 [2503d6b5-7af3-43aa-ac32-7e71e8cb8062@group-B0E0F9104BB7-LeaderElection6] INFO  segmented.SegmentedRaftLogWorker (SegmentedRaftLogWorker.java:startLogSegment(447)) - 2503d6b5-7af3-43aa-ac32-7e71e8cb8062@group-B0E0F9104BB7-SegmentedRaftLogWorker: Starting segment from index:0
2023-07-12 21:53:30,636 [2503d6b5-7af3-43aa-ac32-7e71e8cb8062@group-B0E0F9104BB7-SegmentedRaftLogWorker] INFO  segmented.SegmentedRaftLogWorker (SegmentedRaftLogWorker.java:execute(651)) - 2503d6b5-7af3-43aa-ac32-7e71e8cb8062@group-B0E0F9104BB7-SegmentedRaftLogWorker: created new log segment /home/runner/work/ozone/ozone/hadoop-ozone/integration-test/target/test-dir/MiniOzoneClusterImpl-45e85e01-d716-41a3-b7bb-c5caf1d85614/datanode-2/data/ratis/5c35cb4c-61c9-4cfe-b839-b0e0f9104bb7/current/log_inprogress_0
2023-07-12 21:53:30,637 [b63666e2-1779-4ee0-a542-9862edee389f@group-DFDA87116952-SegmentedRaftLogWorker] INFO  segmented.SegmentedRaftLogWorker (SegmentedRaftLogWorker.java:execute(651)) - b63666e2-1779-4ee0-a542-9862edee389f@group-DFDA87116952-SegmentedRaftLogWorker: created new log segment /home/runner/work/ozone/ozone/hadoop-ozone/integration-test/target/test-dir/MiniOzoneClusterImpl-45e85e01-d716-41a3-b7bb-c5caf1d85614/datanode-1/data/ratis/7c002b24-39b5-4a73-b9a4-dfda87116952/current/log_inprogress_0
2023-07-12 21:53:30,642 [main] INFO  ozone.MiniOzoneClusterImpl (MiniOzoneClusterImpl.java:lambda$waitForClusterToBeReady$0(224)) - Nodes are ready. Got 3 of 3 DN Heartbeats.
2023-07-12 21:53:30,642 [main] INFO  ozone.MiniOzoneClusterImpl (MiniOzoneClusterImpl.java:lambda$waitForClusterToBeReady$0(227)) - Cluster exits safe mode
2023-07-12 21:53:30,642 [main] INFO  ozone.MiniOzoneClusterImpl (MiniOzoneClusterImpl.java:lambda$waitForClusterToBeReady$0(229)) - SCM became leader
2023-07-12 21:53:30,659 [2503d6b5-7af3-43aa-ac32-7e71e8cb8062@group-B0E0F9104BB7-LeaderElection6] INFO  server.RaftServer$Division (ServerState.java:setRaftConf(434)) - 2503d6b5-7af3-43aa-ac32-7e71e8cb8062@group-B0E0F9104BB7: set configuration 0: peers:[d28e7615-a55a-42ee-a6c9-487437356628|rpc:10.1.0.20:15014|admin:10.1.0.20:15013|client:10.1.0.20:15012|dataStream:10.1.0.20:15015|priority:0|startupRole:FOLLOWER, b63666e2-1779-4ee0-a542-9862edee389f|rpc:10.1.0.20:15023|admin:10.1.0.20:15022|client:10.1.0.20:15021|dataStream:10.1.0.20:15024|priority:0|startupRole:FOLLOWER, 2503d6b5-7af3-43aa-ac32-7e71e8cb8062|rpc:10.1.0.20:15032|admin:10.1.0.20:15031|client:10.1.0.20:15030|dataStream:10.1.0.20:15033|priority:1|startupRole:FOLLOWER]|listeners:[], old=null
2023-07-12 21:53:30,659 [b63666e2-1779-4ee0-a542-9862edee389f@group-DFDA87116952-LeaderElection5] INFO  server.RaftServer$Division (ServerState.java:setRaftConf(434)) - b63666e2-1779-4ee0-a542-9862edee389f@group-DFDA87116952: set configuration 0: peers:[d28e7615-a55a-42ee-a6c9-487437356628|rpc:10.1.0.20:15014|admin:10.1.0.20:15013|client:10.1.0.20:15012|dataStream:10.1.0.20:15015|priority:0|startupRole:FOLLOWER, b63666e2-1779-4ee0-a542-9862edee389f|rpc:10.1.0.20:15023|admin:10.1.0.20:15022|client:10.1.0.20:15021|dataStream:10.1.0.20:15024|priority:1|startupRole:FOLLOWER, 2503d6b5-7af3-43aa-ac32-7e71e8cb8062|rpc:10.1.0.20:15032|admin:10.1.0.20:15031|client:10.1.0.20:15030|dataStream:10.1.0.20:15033|priority:0|startupRole:FOLLOWER]|listeners:[], old=null
2023-07-12 21:53:30,702 [d28e7615-a55a-42ee-a6c9-487437356628-server-thread1] INFO  ratis.XceiverServerRatis (XceiverServerRatis.java:handleLeaderChangedNotification(902)) - Leader change notification received for group: group-DFDA87116952 with new leaderId: b63666e2-1779-4ee0-a542-9862edee389f
2023-07-12 21:53:30,703 [b63666e2-1779-4ee0-a542-9862edee389f-server-thread1] INFO  ratis.XceiverServerRatis (XceiverServerRatis.java:handleLeaderChangedNotification(902)) - Leader change notification received for group: group-B0E0F9104BB7 with new leaderId: 2503d6b5-7af3-43aa-ac32-7e71e8cb8062
2023-07-12 21:53:30,713 [b63666e2-1779-4ee0-a542-9862edee389f-server-thread1] INFO  server.RaftServer$Division (ServerState.java:setLeader(317)) - b63666e2-1779-4ee0-a542-9862edee389f@group-B0E0F9104BB7: change Leader from null to 2503d6b5-7af3-43aa-ac32-7e71e8cb8062 at term 1 for appendEntries, leader elected after 5470ms
2023-07-12 21:53:30,707 [d28e7615-a55a-42ee-a6c9-487437356628-server-thread1] INFO  ratis.XceiverServerRatis (XceiverServerRatis.java:handleLeaderChangedNotification(902)) - Leader change notification received for group: group-B0E0F9104BB7 with new leaderId: 2503d6b5-7af3-43aa-ac32-7e71e8cb8062
2023-07-12 21:53:30,714 [d28e7615-a55a-42ee-a6c9-487437356628-server-thread1] INFO  server.RaftServer$Division (ServerState.java:setLeader(317)) - d28e7615-a55a-42ee-a6c9-487437356628@group-B0E0F9104BB7: change Leader from null to 2503d6b5-7af3-43aa-ac32-7e71e8cb8062 at term 1 for appendEntries, leader elected after 5802ms
2023-07-12 21:53:30,703 [d28e7615-a55a-42ee-a6c9-487437356628-server-thread1] INFO  server.RaftServer$Division (ServerState.java:setLeader(317)) - d28e7615-a55a-42ee-a6c9-487437356628@group-DFDA87116952: change Leader from null to b63666e2-1779-4ee0-a542-9862edee389f at term 1 for appendEntries, leader elected after 5296ms
2023-07-12 21:53:30,714 [2503d6b5-7af3-43aa-ac32-7e71e8cb8062-server-thread2] INFO  ratis.XceiverServerRatis (XceiverServerRatis.java:handleLeaderChangedNotification(902)) - Leader change notification received for group: group-DFDA87116952 with new leaderId: b63666e2-1779-4ee0-a542-9862edee389f
2023-07-12 21:53:30,714 [2503d6b5-7af3-43aa-ac32-7e71e8cb8062-server-thread2] INFO  server.RaftServer$Division (ServerState.java:setLeader(317)) - 2503d6b5-7af3-43aa-ac32-7e71e8cb8062@group-DFDA87116952: change Leader from null to b63666e2-1779-4ee0-a542-9862edee389f at term 1 for appendEntries, leader elected after 5266ms
2023-07-12 21:53:30,742 [2503d6b5-7af3-43aa-ac32-7e71e8cb8062-server-thread1] INFO  server.RaftServer$Division (ServerState.java:setRaftConf(434)) - 2503d6b5-7af3-43aa-ac32-7e71e8cb8062@group-DFDA87116952: set configuration 0: peers:[d28e7615-a55a-42ee-a6c9-487437356628|rpc:10.1.0.20:15014|admin:10.1.0.20:15013|client:10.1.0.20:15012|dataStream:10.1.0.20:15015|priority:0|startupRole:FOLLOWER, b63666e2-1779-4ee0-a542-9862edee389f|rpc:10.1.0.20:15023|admin:10.1.0.20:15022|client:10.1.0.20:15021|dataStream:10.1.0.20:15024|priority:1|startupRole:FOLLOWER, 2503d6b5-7af3-43aa-ac32-7e71e8cb8062|rpc:10.1.0.20:15032|admin:10.1.0.20:15031|client:10.1.0.20:15030|dataStream:10.1.0.20:15033|priority:0|startupRole:FOLLOWER]|listeners:[], old=null
2023-07-12 21:53:30,742 [2503d6b5-7af3-43aa-ac32-7e71e8cb8062-server-thread1] INFO  segmented.SegmentedRaftLogWorker (SegmentedRaftLogWorker.java:startLogSegment(447)) - 2503d6b5-7af3-43aa-ac32-7e71e8cb8062@group-DFDA87116952-SegmentedRaftLogWorker: Starting segment from index:0
2023-07-12 21:53:30,743 [b63666e2-1779-4ee0-a542-9862edee389f-server-thread1] INFO  server.RaftServer$Division (ServerState.java:setRaftConf(434)) - b63666e2-1779-4ee0-a542-9862edee389f@group-B0E0F9104BB7: set configuration 0: peers:[d28e7615-a55a-42ee-a6c9-487437356628|rpc:10.1.0.20:15014|admin:10.1.0.20:15013|client:10.1.0.20:15012|dataStream:10.1.0.20:15015|priority:0|startupRole:FOLLOWER, b63666e2-1779-4ee0-a542-9862edee389f|rpc:10.1.0.20:15023|admin:10.1.0.20:15022|client:10.1.0.20:15021|dataStream:10.1.0.20:15024|priority:0|startupRole:FOLLOWER, 2503d6b5-7af3-43aa-ac32-7e71e8cb8062|rpc:10.1.0.20:15032|admin:10.1.0.20:15031|client:10.1.0.20:15030|dataStream:10.1.0.20:15033|priority:1|startupRole:FOLLOWER]|listeners:[], old=null
2023-07-12 21:53:30,743 [d28e7615-a55a-42ee-a6c9-487437356628-server-thread1] INFO  server.RaftServer$Division (ServerState.java:setRaftConf(434)) - d28e7615-a55a-42ee-a6c9-487437356628@group-B0E0F9104BB7: set configuration 0: peers:[d28e7615-a55a-42ee-a6c9-487437356628|rpc:10.1.0.20:15014|admin:10.1.0.20:15013|client:10.1.0.20:15012|dataStream:10.1.0.20:15015|priority:0|startupRole:FOLLOWER, b63666e2-1779-4ee0-a542-9862edee389f|rpc:10.1.0.20:15023|admin:10.1.0.20:15022|client:10.1.0.20:15021|dataStream:10.1.0.20:15024|priority:0|startupRole:FOLLOWER, 2503d6b5-7af3-43aa-ac32-7e71e8cb8062|rpc:10.1.0.20:15032|admin:10.1.0.20:15031|client:10.1.0.20:15030|dataStream:10.1.0.20:15033|priority:1|startupRole:FOLLOWER]|listeners:[], old=null
2023-07-12 21:53:30,743 [d28e7615-a55a-42ee-a6c9-487437356628-server-thread1] INFO  server.RaftServer$Division (ServerState.java:setRaftConf(434)) - d28e7615-a55a-42ee-a6c9-487437356628@group-DFDA87116952: set configuration 0: peers:[d28e7615-a55a-42ee-a6c9-487437356628|rpc:10.1.0.20:15014|admin:10.1.0.20:15013|client:10.1.0.20:15012|dataStream:10.1.0.20:15015|priority:0|startupRole:FOLLOWER, b63666e2-1779-4ee0-a542-9862edee389f|rpc:10.1.0.20:15023|admin:10.1.0.20:15022|client:10.1.0.20:15021|dataStream:10.1.0.20:15024|priority:1|startupRole:FOLLOWER, 2503d6b5-7af3-43aa-ac32-7e71e8cb8062|rpc:10.1.0.20:15032|admin:10.1.0.20:15031|client:10.1.0.20:15030|dataStream:10.1.0.20:15033|priority:0|startupRole:FOLLOWER]|listeners:[], old=null
2023-07-12 21:53:30,768 [b63666e2-1779-4ee0-a542-9862edee389f-server-thread1] INFO  segmented.SegmentedRaftLogWorker (SegmentedRaftLogWorker.java:startLogSegment(447)) - b63666e2-1779-4ee0-a542-9862edee389f@group-B0E0F9104BB7-SegmentedRaftLogWorker: Starting segment from index:0
2023-07-12 21:53:30,770 [2503d6b5-7af3-43aa-ac32-7e71e8cb8062@group-DFDA87116952-SegmentedRaftLogWorker] INFO  segmented.SegmentedRaftLogWorker (SegmentedRaftLogWorker.java:execute(651)) - 2503d6b5-7af3-43aa-ac32-7e71e8cb8062@group-DFDA87116952-SegmentedRaftLogWorker: created new log segment /home/runner/work/ozone/ozone/hadoop-ozone/integration-test/target/test-dir/MiniOzoneClusterImpl-45e85e01-d716-41a3-b7bb-c5caf1d85614/datanode-2/data/ratis/7c002b24-39b5-4a73-b9a4-dfda87116952/current/log_inprogress_0
2023-07-12 21:53:30,768 [d28e7615-a55a-42ee-a6c9-487437356628-server-thread1] INFO  segmented.SegmentedRaftLogWorker (SegmentedRaftLogWorker.java:startLogSegment(447)) - d28e7615-a55a-42ee-a6c9-487437356628@group-DFDA87116952-SegmentedRaftLogWorker: Starting segment from index:0
2023-07-12 21:53:30,768 [d28e7615-a55a-42ee-a6c9-487437356628-server-thread1] INFO  segmented.SegmentedRaftLogWorker (SegmentedRaftLogWorker.java:startLogSegment(447)) - d28e7615-a55a-42ee-a6c9-487437356628@group-B0E0F9104BB7-SegmentedRaftLogWorker: Starting segment from index:0
2023-07-12 21:53:30,780 [b63666e2-1779-4ee0-a542-9862edee389f@group-B0E0F9104BB7-SegmentedRaftLogWorker] INFO  segmented.SegmentedRaftLogWorker (SegmentedRaftLogWorker.java:execute(651)) - b63666e2-1779-4ee0-a542-9862edee389f@group-B0E0F9104BB7-SegmentedRaftLogWorker: created new log segment /home/runner/work/ozone/ozone/hadoop-ozone/integration-test/target/test-dir/MiniOzoneClusterImpl-45e85e01-d716-41a3-b7bb-c5caf1d85614/datanode-1/data/ratis/5c35cb4c-61c9-4cfe-b839-b0e0f9104bb7/current/log_inprogress_0
2023-07-12 21:53:30,787 [d28e7615-a55a-42ee-a6c9-487437356628@group-B0E0F9104BB7-SegmentedRaftLogWorker] INFO  segmented.SegmentedRaftLogWorker (SegmentedRaftLogWorker.java:execute(651)) - d28e7615-a55a-42ee-a6c9-487437356628@group-B0E0F9104BB7-SegmentedRaftLogWorker: created new log segment /home/runner/work/ozone/ozone/hadoop-ozone/integration-test/target/test-dir/MiniOzoneClusterImpl-45e85e01-d716-41a3-b7bb-c5caf1d85614/datanode-0/data/ratis/5c35cb4c-61c9-4cfe-b839-b0e0f9104bb7/current/log_inprogress_0
2023-07-12 21:53:30,788 [d28e7615-a55a-42ee-a6c9-487437356628@group-DFDA87116952-SegmentedRaftLogWorker] INFO  segmented.SegmentedRaftLogWorker (SegmentedRaftLogWorker.java:execute(651)) - d28e7615-a55a-42ee-a6c9-487437356628@group-DFDA87116952-SegmentedRaftLogWorker: created new log segment /home/runner/work/ozone/ozone/hadoop-ozone/integration-test/target/test-dir/MiniOzoneClusterImpl-45e85e01-d716-41a3-b7bb-c5caf1d85614/datanode-0/data/ratis/7c002b24-39b5-4a73-b9a4-dfda87116952/current/log_inprogress_0
2023-07-12 21:53:30,979 [2503d6b5-7af3-43aa-ac32-7e71e8cb8062@group-FEF36AEACD00-FollowerState] INFO  impl.FollowerState (FollowerState.java:run(143)) - 2503d6b5-7af3-43aa-ac32-7e71e8cb8062@group-FEF36AEACD00-FollowerState: change to CANDIDATE, lastRpcElapsedTime:5063615045ns, electionTimeout:5054ms
2023-07-12 21:53:30,979 [2503d6b5-7af3-43aa-ac32-7e71e8cb8062@group-FEF36AEACD00-FollowerState] INFO  impl.RoleInfo (RoleInfo.java:shutdownFollowerState(110)) - 2503d6b5-7af3-43aa-ac32-7e71e8cb8062: shutdown 2503d6b5-7af3-43aa-ac32-7e71e8cb8062@group-FEF36AEACD00-FollowerState
2023-07-12 21:53:30,979 [2503d6b5-7af3-43aa-ac32-7e71e8cb8062@group-FEF36AEACD00-FollowerState] INFO  server.RaftServer$Division (RaftServerImpl.java:setRole(329)) - 2503d6b5-7af3-43aa-ac32-7e71e8cb8062@group-FEF36AEACD00: changes role from  FOLLOWER to CANDIDATE at term 0 for changeToCandidate
2023-07-12 21:53:30,979 [2503d6b5-7af3-43aa-ac32-7e71e8cb8062@group-FEF36AEACD00-FollowerState] INFO  server.RaftServerConfigKeys (ConfUtils.java:logGet(46)) - raft.server.leaderelection.pre-vote = true (default)
2023-07-12 21:53:30,980 [2503d6b5-7af3-43aa-ac32-7e71e8cb8062@group-FEF36AEACD00-FollowerState] INFO  impl.RoleInfo (RoleInfo.java:updateAndGet(139)) - 2503d6b5-7af3-43aa-ac32-7e71e8cb8062: start 2503d6b5-7af3-43aa-ac32-7e71e8cb8062@group-FEF36AEACD00-LeaderElection7
2023-07-12 21:53:30,983 [2503d6b5-7af3-43aa-ac32-7e71e8cb8062@group-FEF36AEACD00-LeaderElection7] INFO  impl.LeaderElection (LeaderElection.java:askForVotes(321)) - 2503d6b5-7af3-43aa-ac32-7e71e8cb8062@group-FEF36AEACD00-LeaderElection7 PRE_VOTE round 0: submit vote requests at term 0 for -1: peers:[2503d6b5-7af3-43aa-ac32-7e71e8cb8062|rpc:10.1.0.20:15032|admin:10.1.0.20:15031|client:10.1.0.20:15030|dataStream:10.1.0.20:15033|priority:1|startupRole:FOLLOWER]|listeners:[], old=null
2023-07-12 21:53:30,983 [2503d6b5-7af3-43aa-ac32-7e71e8cb8062@group-FEF36AEACD00-LeaderElection7] INFO  impl.LeaderElection (LeaderElection.java:askForVotes(323)) - 2503d6b5-7af3-43aa-ac32-7e71e8cb8062@group-FEF36AEACD00-LeaderElection7 PRE_VOTE round 0: result PASSED (term=0)
2023-07-12 21:53:30,987 [2503d6b5-7af3-43aa-ac32-7e71e8cb8062@group-FEF36AEACD00-LeaderElection7] INFO  impl.LeaderElection (LeaderElection.java:askForVotes(321)) - 2503d6b5-7af3-43aa-ac32-7e71e8cb8062@group-FEF36AEACD00-LeaderElection7 ELECTION round 0: submit vote requests at term 1 for -1: peers:[2503d6b5-7af3-43aa-ac32-7e71e8cb8062|rpc:10.1.0.20:15032|admin:10.1.0.20:15031|client:10.1.0.20:15030|dataStream:10.1.0.20:15033|priority:1|startupRole:FOLLOWER]|listeners:[], old=null
2023-07-12 21:53:30,987 [2503d6b5-7af3-43aa-ac32-7e71e8cb8062@group-FEF36AEACD00-LeaderElection7] INFO  impl.LeaderElection (LeaderElection.java:askForVotes(323)) - 2503d6b5-7af3-43aa-ac32-7e71e8cb8062@group-FEF36AEACD00-LeaderElection7 ELECTION round 0: result PASSED (term=1)
2023-07-12 21:53:30,987 [2503d6b5-7af3-43aa-ac32-7e71e8cb8062@group-FEF36AEACD00-LeaderElection7] INFO  impl.RoleInfo (RoleInfo.java:shutdownLeaderElection(130)) - 2503d6b5-7af3-43aa-ac32-7e71e8cb8062: shutdown 2503d6b5-7af3-43aa-ac32-7e71e8cb8062@group-FEF36AEACD00-LeaderElection7
2023-07-12 21:53:30,987 [2503d6b5-7af3-43aa-ac32-7e71e8cb8062@group-FEF36AEACD00-LeaderElection7] INFO  server.RaftServer$Division (RaftServerImpl.java:setRole(329)) - 2503d6b5-7af3-43aa-ac32-7e71e8cb8062@group-FEF36AEACD00: changes role from CANDIDATE to LEADER at term 1 for changeToLeader
2023-07-12 21:53:30,987 [2503d6b5-7af3-43aa-ac32-7e71e8cb8062@group-FEF36AEACD00-LeaderElection7] INFO  ratis.XceiverServerRatis (XceiverServerRatis.java:handleLeaderChangedNotification(902)) - Leader change notification received for group: group-FEF36AEACD00 with new leaderId: 2503d6b5-7af3-43aa-ac32-7e71e8cb8062
2023-07-12 21:53:30,987 [2503d6b5-7af3-43aa-ac32-7e71e8cb8062@group-FEF36AEACD00-LeaderElection7] INFO  server.RaftServer$Division (ServerState.java:setLeader(317)) - 2503d6b5-7af3-43aa-ac32-7e71e8cb8062@group-FEF36AEACD00: change Leader from null to 2503d6b5-7af3-43aa-ac32-7e71e8cb8062 at term 1 for becomeLeader, leader elected after 5349ms
2023-07-12 21:53:30,991 [2503d6b5-7af3-43aa-ac32-7e71e8cb8062@group-FEF36AEACD00-LeaderElection7] INFO  server.RaftServerConfigKeys (ConfUtils.java:logGet(46)) - raft.server.staging.catchup.gap = 1000 (default)
2023-07-12 21:53:30,993 [2503d6b5-7af3-43aa-ac32-7e71e8cb8062@group-FEF36AEACD00-LeaderElection7] INFO  server.RaftServerConfigKeys (ConfUtils.java:logGet(46)) - raft.server.write.element-limit = 1024 (custom)
2023-07-12 21:53:30,993 [2503d6b5-7af3-43aa-ac32-7e71e8cb8062@group-FEF36AEACD00-LeaderElection7] INFO  server.RaftServerConfigKeys (ConfUtils.java:logGet(46)) - raft.server.write.byte-limit = 1024 M (=1073741824) (custom)
2023-07-12 21:53:30,994 [2503d6b5-7af3-43aa-ac32-7e71e8cb8062@group-FEF36AEACD00-LeaderElection7] INFO  server.RaftServerConfigKeys (ConfUtils.java:logGet(46)) - raft.server.watch.timeout = 180s (custom)
2023-07-12 21:53:30,994 [2503d6b5-7af3-43aa-ac32-7e71e8cb8062@group-FEF36AEACD00-LeaderElection7] INFO  server.RaftServerConfigKeys (ConfUtils.java:logGet(46)) - raft.server.watch.timeout.denomination = 1s (default)
2023-07-12 21:53:30,994 [2503d6b5-7af3-43aa-ac32-7e71e8cb8062@group-FEF36AEACD00-LeaderElection7] INFO  server.RaftServerConfigKeys (ConfUtils.java:logGet(46)) - raft.server.watch.element-limit = 65536 (default)
2023-07-12 21:53:30,994 [2503d6b5-7af3-43aa-ac32-7e71e8cb8062@group-FEF36AEACD00-LeaderElection7] INFO  server.RaftServerConfigKeys (ConfUtils.java:logGet(46)) - raft.server.write.element-limit = 1024 (custom)
2023-07-12 21:53:30,994 [2503d6b5-7af3-43aa-ac32-7e71e8cb8062@group-FEF36AEACD00-LeaderElection7] INFO  server.RaftServerConfigKeys (ConfUtils.java:logGet(46)) - raft.server.write.follower.gap.ratio.max = -1.0 (default)
2023-07-12 21:53:30,995 [2503d6b5-7af3-43aa-ac32-7e71e8cb8062@group-FEF36AEACD00-LeaderElection7] INFO  impl.RoleInfo (RoleInfo.java:updateAndGet(139)) - 2503d6b5-7af3-43aa-ac32-7e71e8cb8062: start 2503d6b5-7af3-43aa-ac32-7e71e8cb8062@group-FEF36AEACD00-LeaderStateImpl
2023-07-12 21:53:30,995 [2503d6b5-7af3-43aa-ac32-7e71e8cb8062@group-FEF36AEACD00-LeaderElection7] INFO  segmented.SegmentedRaftLogWorker (SegmentedRaftLogWorker.java:startLogSegment(447)) - 2503d6b5-7af3-43aa-ac32-7e71e8cb8062@group-FEF36AEACD00-SegmentedRaftLogWorker: Starting segment from index:0
2023-07-12 21:53:31,009 [2503d6b5-7af3-43aa-ac32-7e71e8cb8062@group-FEF36AEACD00-LeaderElection7] INFO  server.RaftServer$Division (ServerState.java:setRaftConf(434)) - 2503d6b5-7af3-43aa-ac32-7e71e8cb8062@group-FEF36AEACD00: set configuration 0: peers:[2503d6b5-7af3-43aa-ac32-7e71e8cb8062|rpc:10.1.0.20:15032|admin:10.1.0.20:15031|client:10.1.0.20:15030|dataStream:10.1.0.20:15033|priority:1|startupRole:FOLLOWER]|listeners:[], old=null
2023-07-12 21:53:31,009 [2503d6b5-7af3-43aa-ac32-7e71e8cb8062@group-FEF36AEACD00-SegmentedRaftLogWorker] INFO  segmented.SegmentedRaftLogWorker (SegmentedRaftLogWorker.java:execute(651)) - 2503d6b5-7af3-43aa-ac32-7e71e8cb8062@group-FEF36AEACD00-SegmentedRaftLogWorker: created new log segment /home/runner/work/ozone/ozone/hadoop-ozone/integration-test/target/test-dir/MiniOzoneClusterImpl-45e85e01-d716-41a3-b7bb-c5caf1d85614/datanode-2/data/ratis/b8894ceb-be67-4054-843a-fef36aeacd00/current/log_inprogress_0
2023-07-12 21:53:31,232 [main] INFO  rpc.RpcClient (RpcClient.java:createVolume(460)) - Creating Volume: vol1, with user98106 as owner and space quota set to -1 bytes, counts quota set to -1
2023-07-12 21:53:31,284 [OM StateMachine ApplyTransaction Thread - 0] INFO  volume.OMVolumeCreateRequest (OMVolumeCreateRequest.java:validateAndUpdateCache(196)) - created volume:vol1 for user:user98106
2023-07-12 21:53:31,300 [main] INFO  rpc.RpcClient (RpcClient.java:createBucket(687)) - Creating Bucket: vol1/bucket1, with bucket layout LEGACY, runner as owner, Versioning false, Storage Type set to DISK and Encryption set to false, Replication Type set to server-side default replication type, Namespace Quota set to -1, Space Quota set to -1 
2023-07-12 21:53:31,316 [OM StateMachine ApplyTransaction Thread - 0] INFO  bucket.OMBucketCreateRequest (OMBucketCreateRequest.java:validateAndUpdateCache(270)) - created bucket: bucket1 of layout LEGACY in volume: vol1
2023-07-12 21:53:31,328 [main] INFO  rpc.RpcClient (RpcClient.java:createBucket(687)) - Creating Bucket: vol1/bucket2, with bucket layout FILE_SYSTEM_OPTIMIZED, runner as owner, Versioning false, Storage Type set to DISK and Encryption set to false, Replication Type set to server-side default replication type, Namespace Quota set to -1, Space Quota set to -1 
2023-07-12 21:53:31,333 [OM StateMachine ApplyTransaction Thread - 0] INFO  bucket.OMBucketCreateRequest (OMBucketCreateRequest.java:validateAndUpdateCache(270)) - created bucket: bucket2 of layout FILE_SYSTEM_OPTIMIZED in volume: vol1
2023-07-12 21:53:31,381 [IPC Server handler 0 on default port 15001] INFO  ha.SequenceIdGenerator (SequenceIdGenerator.java:getNextId(140)) - Allocate a batch for containerId, change lastId from 0 to 1000.
2023-07-12 21:53:31,389 [IPC Server handler 0 on default port 15001] WARN  ha.SequenceIdGenerator (SequenceIdGenerator.java:allocateBatch(249)) - Failed to allocate a batch for localId, expected lastId is 0, actual lastId is 111677748019200000.
2023-07-12 21:53:31,390 [IPC Server handler 0 on default port 15001] INFO  ha.SequenceIdGenerator (SequenceIdGenerator.java:getNextId(140)) - Allocate a batch for localId, change lastId from 111677748019200000 to 111677748019201000.
2023-07-12 21:53:31,474 [main] INFO  impl.MetricsSystemImpl (MetricsSystemImpl.java:init(158)) - XceiverClientMetrics metrics system started (again)
2023-07-12 21:53:31,475 [main] INFO  lib.Interns (Interns.java:removeEldestEntry(50)) - Metrics intern cache overflow at 2011 for MetricsSystem={MetricsSystem=MetricsInfoImpl{name=MetricsSystem, description=MetricsSystem}, MetricsSystem record=MetricsInfoImpl{name=MetricsSystem, description=MetricsSystem record}}
2023-07-12 21:53:31,668 [ChunkWriter-1-0] INFO  ContainerLog (ContainerLogger.java:logOpen(54)) - ID=1 | Index=0 | BCSID=0 | State=OPEN
2023-07-12 21:53:31,671 [ChunkWriter-1-0] INFO  ContainerLog (ContainerLogger.java:logOpen(54)) - ID=1 | Index=0 | BCSID=0 | State=OPEN
2023-07-12 21:53:31,672 [ChunkWriter-1-0] INFO  ContainerLog (ContainerLogger.java:logOpen(54)) - ID=1 | Index=0 | BCSID=0 | State=OPEN
2023-07-12 21:53:31,974 [ChunkWriter-2-0] INFO  ContainerLog (ContainerLogger.java:logOpen(54)) - ID=2 | Index=0 | BCSID=0 | State=OPEN
2023-07-12 21:53:31,979 [ChunkWriter-2-0] INFO  ContainerLog (ContainerLogger.java:logOpen(54)) - ID=2 | Index=0 | BCSID=0 | State=OPEN
2023-07-12 21:53:31,986 [ChunkWriter-2-0] INFO  ContainerLog (ContainerLogger.java:logOpen(54)) - ID=2 | Index=0 | BCSID=0 | State=OPEN
2023-07-12 21:53:33,273 [ChunkWriter-0-0] INFO  ContainerLog (ContainerLogger.java:logOpen(54)) - ID=3 | Index=0 | BCSID=0 | State=OPEN
2023-07-12 21:53:33,275 [ChunkWriter-0-0] INFO  ContainerLog (ContainerLogger.java:logOpen(54)) - ID=3 | Index=0 | BCSID=0 | State=OPEN
2023-07-12 21:53:33,287 [ChunkWriter-0-0] INFO  ContainerLog (ContainerLogger.java:logOpen(54)) - ID=3 | Index=0 | BCSID=0 | State=OPEN
2023-07-12 21:53:33,502 [ChunkWriter-1-0] INFO  ContainerLog (ContainerLogger.java:logOpen(54)) - ID=4 | Index=0 | BCSID=0 | State=OPEN
2023-07-12 21:53:33,509 [ChunkWriter-1-0] INFO  ContainerLog (ContainerLogger.java:logOpen(54)) - ID=4 | Index=0 | BCSID=0 | State=OPEN
2023-07-12 21:53:33,519 [ChunkWriter-1-0] INFO  ContainerLog (ContainerLogger.java:logOpen(54)) - ID=4 | Index=0 | BCSID=0 | State=OPEN
2023-07-12 21:53:52,910 [main] INFO  ozone.TestSnapshotDeletingService (TestSnapshotDeletingService.java:assertTableRowCount(565)) - directoryTable actual row count=12, expectedCount=12
2023-07-12 21:53:52,914 [main] INFO  ozone.TestSnapshotDeletingService (TestSnapshotDeletingService.java:assertTableRowCount(565)) - fileTable actual row count=24, expectedCount=24
2023-07-12 21:53:52,914 [main] INFO  ozone.TestSnapshotDeletingService (TestSnapshotDeletingService.java:assertTableRowCount(565)) - deletedDirectoryTable actual row count=0, expectedCount=0
2023-07-12 21:53:52,936 [OM StateMachine ApplyTransaction Thread - 0] INFO  snapshot.OMSnapshotCreateRequest (OMSnapshotCreateRequest.java:validateAndUpdateCache(193)) - Created snapshot: 'snap1' with snapshotId: '3001daf6-21ec-4529-b748-cb21f8b6aac2' under path 'vol1/bucket2'
2023-07-12 21:53:52,937 [main] INFO  ozone.TestSnapshotDeletingService (TestSnapshotDeletingService.java:assertTableRowCount(565)) - snapshotInfoTable actual row count=0, expectedCount=1
2023-07-12 21:53:52,974 [OMDoubleBufferFlushThread] INFO  db.RDBCheckpointManager (RDBCheckpointManager.java:createCheckpoint(89)) - Created checkpoint in rocksDB at /home/runner/work/ozone/ozone/hadoop-ozone/integration-test/target/test-dir/MiniOzoneClusterImpl-45e85e01-d716-41a3-b7bb-c5caf1d85614/ozone-meta/db.snapshots/checkpointState/om.db-3001daf6-21ec-4529-b748-cb21f8b6aac2 in 36 milliseconds
2023-07-12 21:53:52,990 [OMDoubleBufferFlushThread] INFO  db.RDBCheckpointUtils (RDBCheckpointUtils.java:waitForCheckpointDirectoryExist(59)) - Waited for 15 milliseconds for checkpoint directory /home/runner/work/ozone/ozone/hadoop-ozone/integration-test/target/test-dir/MiniOzoneClusterImpl-45e85e01-d716-41a3-b7bb-c5caf1d85614/ozone-meta/db.snapshots/checkpointState/om.db-3001daf6-21ec-4529-b748-cb21f8b6aac2 availability.
2023-07-12 21:53:52,991 [OMDoubleBufferFlushThread] INFO  om.OmSnapshotManager (OmSnapshotManager.java:createOmSnapshotCheckpoint(463)) - Created checkpoint : /home/runner/work/ozone/ozone/hadoop-ozone/integration-test/target/test-dir/MiniOzoneClusterImpl-45e85e01-d716-41a3-b7bb-c5caf1d85614/ozone-meta/db.snapshots/checkpointState/om.db-3001daf6-21ec-4529-b748-cb21f8b6aac2 for snapshot snap1
2023-07-12 21:53:52,996 [KeyDeletingService#0] INFO  snapshot.SnapshotCache (SnapshotCache.java:lambda$1(166)) - Loading snapshot. Table key: /vol1/bucket2/snap1
2023-07-12 21:53:52,999 [KeyDeletingService#0] WARN  server.ServerUtils (ServerUtils.java:getDBPath(311)) - ozone.om.db.dirs is not configured. We recommend adding this setting. Falling back to ozone.metadata.dirs instead.
2023-07-12 21:53:53,000 [KeyDeletingService#0] INFO  helpers.OmKeyInfo (OmKeyInfo.java:getCodec(71)) - OmKeyInfo.getCodec ignorePipeline = true
2023-07-12 21:53:53,058 [KeyDeletingService#0] INFO  audit.AuditLogger (AuditLogger.java:refreshDebugCmdSet(126)) - Refresh DebugCmdSet for OMAudit to [].
2023-07-12 21:53:53,938 [main] INFO  ozone.TestSnapshotDeletingService (TestSnapshotDeletingService.java:assertTableRowCount(565)) - snapshotInfoTable actual row count=1, expectedCount=1
2023-07-12 21:53:55,498 [KeyDeletingService#0] INFO  snapshot.SnapshotCache (SnapshotCache.java:lambda$1(166)) - Loading snapshot. Table key: /vol1/bucket2/snap1
2023-07-12 21:53:55,997 [KeyDeletingService#0] INFO  snapshot.SnapshotCache (SnapshotCache.java:lambda$1(166)) - Loading snapshot. Table key: /vol1/bucket2/snap1
2023-07-12 21:53:55,998 [KeyDeletingService#0] INFO  snapshot.SnapshotCache (SnapshotCache.java:lambda$1(166)) - Loading snapshot. Table key: /vol1/bucket2/snap1
2023-07-12 21:53:56,497 [KeyDeletingService#0] INFO  snapshot.SnapshotCache (SnapshotCache.java:lambda$1(166)) - Loading snapshot. Table key: /vol1/bucket2/snap1
2023-07-12 21:53:56,498 [KeyDeletingService#0] INFO  snapshot.SnapshotCache (SnapshotCache.java:lambda$1(166)) - Loading snapshot. Table key: /vol1/bucket2/snap1
2023-07-12 21:53:56,520 [main] INFO  ozone.TestSnapshotDeletingService (TestSnapshotDeletingService.java:assertTableRowCount(565)) - fileTable actual row count=24, expectedCount=24
2023-07-12 21:53:56,589 [main] INFO  ozone.TestSnapshotDeletingService (TestSnapshotDeletingService.java:assertTableRowCount(565)) - snapshotRenamedTable actual row count=4, expectedCount=4
2023-07-12 21:53:56,611 [main] INFO  ozone.TestSnapshotDeletingService (TestSnapshotDeletingService.java:assertTableRowCount(565)) - deletedTable actual row count=11, expectedCount=11
2023-07-12 21:53:56,612 [main] INFO  ozone.TestSnapshotDeletingService (TestSnapshotDeletingService.java:assertTableRowCount(565)) - deletedDirectoryTable actual row count=3, expectedCount=3
2023-07-12 21:53:56,613 [main] INFO  ozone.TestSnapshotDeletingService (TestSnapshotDeletingService.java:assertTableRowCount(565)) - directoryTable actual row count=9, expectedCount=9
2023-07-12 21:53:56,614 [main] INFO  ozone.TestSnapshotDeletingService (TestSnapshotDeletingService.java:assertTableRowCount(565)) - snapshotRenamedTable actual row count=4, expectedCount=4
2023-07-12 21:53:56,616 [OM StateMachine ApplyTransaction Thread - 0] INFO  snapshot.OMSnapshotCreateRequest (OMSnapshotCreateRequest.java:validateAndUpdateCache(193)) - Created snapshot: 'snap2' with snapshotId: '45d1f233-bb45-4964-888c-0efcd762fd66' under path 'vol1/bucket2'
2023-07-12 21:53:56,617 [main] INFO  ozone.TestSnapshotDeletingService (TestSnapshotDeletingService.java:assertTableRowCount(565)) - snapshotInfoTable actual row count=1, expectedCount=2
2023-07-12 21:53:56,653 [OMDoubleBufferFlushThread] INFO  db.RDBCheckpointManager (RDBCheckpointManager.java:createCheckpoint(89)) - Created checkpoint in rocksDB at /home/runner/work/ozone/ozone/hadoop-ozone/integration-test/target/test-dir/MiniOzoneClusterImpl-45e85e01-d716-41a3-b7bb-c5caf1d85614/ozone-meta/db.snapshots/checkpointState/om.db-45d1f233-bb45-4964-888c-0efcd762fd66 in 35 milliseconds
2023-07-12 21:53:56,654 [OMDoubleBufferFlushThread] INFO  db.RDBCheckpointUtils (RDBCheckpointUtils.java:waitForCheckpointDirectoryExist(59)) - Waited for 0 milliseconds for checkpoint directory /home/runner/work/ozone/ozone/hadoop-ozone/integration-test/target/test-dir/MiniOzoneClusterImpl-45e85e01-d716-41a3-b7bb-c5caf1d85614/ozone-meta/db.snapshots/checkpointState/om.db-45d1f233-bb45-4964-888c-0efcd762fd66 availability.
2023-07-12 21:53:56,656 [OMDoubleBufferFlushThread] WARN  om.OmSnapshotManager (OmSnapshotManager.java:findEndKeyGivenPrefix(593)) - Took 778897 ns to find endKey. Caller is deleteKeysFromDelKeyTableInSnapshotScope
2023-07-12 21:53:56,657 [OMDoubleBufferFlushThread] WARN  om.OmSnapshotManager (OmSnapshotManager.java:findEndKeyGivenPrefix(593)) - Took 130400 ns to find endKey. Caller is deleteKeysFromDelDirTableInSnapshotScope
2023-07-12 21:53:56,657 [OMDoubleBufferFlushThread] INFO  om.OmSnapshotManager (OmSnapshotManager.java:createOmSnapshotCheckpoint(463)) - Created checkpoint : /home/runner/work/ozone/ozone/hadoop-ozone/integration-test/target/test-dir/MiniOzoneClusterImpl-45e85e01-d716-41a3-b7bb-c5caf1d85614/ozone-meta/db.snapshots/checkpointState/om.db-45d1f233-bb45-4964-888c-0efcd762fd66 for snapshot snap2
2023-07-12 21:53:56,997 [KeyDeletingService#0] INFO  snapshot.SnapshotCache (SnapshotCache.java:lambda$1(166)) - Loading snapshot. Table key: /vol1/bucket2/snap2
2023-07-12 21:53:56,998 [KeyDeletingService#0] WARN  server.ServerUtils (ServerUtils.java:getDBPath(311)) - ozone.om.db.dirs is not configured. We recommend adding this setting. Falling back to ozone.metadata.dirs instead.
2023-07-12 21:53:56,998 [KeyDeletingService#0] INFO  helpers.OmKeyInfo (OmKeyInfo.java:getCodec(71)) - OmKeyInfo.getCodec ignorePipeline = true
2023-07-12 21:53:57,038 [KeyDeletingService#0] INFO  snapshot.SnapshotCache (SnapshotCache.java:lambda$1(166)) - Loading snapshot. Table key: /vol1/bucket2/snap1
2023-07-12 21:53:57,618 [main] INFO  ozone.TestSnapshotDeletingService (TestSnapshotDeletingService.java:assertTableRowCount(565)) - snapshotInfoTable actual row count=2, expectedCount=2
2023-07-12 21:53:57,618 [main] INFO  ozone.TestSnapshotDeletingService (TestSnapshotDeletingService.java:assertTableRowCount(565)) - snapshotRenamedTable actual row count=0, expectedCount=0
2023-07-12 21:53:57,618 [main] INFO  ozone.TestSnapshotDeletingService (TestSnapshotDeletingService.java:assertTableRowCount(565)) - deletedTable actual row count=0, expectedCount=0
2023-07-12 21:53:57,619 [main] INFO  ozone.TestSnapshotDeletingService (TestSnapshotDeletingService.java:assertTableRowCount(565)) - deletedDirectoryTable actual row count=0, expectedCount=0
2023-07-12 21:53:57,998 [KeyDeletingService#0] INFO  snapshot.SnapshotCache (SnapshotCache.java:lambda$1(166)) - Loading snapshot. Table key: /vol1/bucket2/snap2
2023-07-12 21:53:57,999 [KeyDeletingService#0] INFO  snapshot.SnapshotCache (SnapshotCache.java:lambda$1(166)) - Loading snapshot. Table key: /vol1/bucket2/snap2
2023-07-12 21:53:57,999 [KeyDeletingService#0] INFO  snapshot.SnapshotCache (SnapshotCache.java:lambda$1(166)) - Loading snapshot. Table key: /vol1/bucket2/snap2
2023-07-12 21:53:58,498 [KeyDeletingService#0] INFO  snapshot.SnapshotCache (SnapshotCache.java:lambda$1(166)) - Loading snapshot. Table key: /vol1/bucket2/snap2
2023-07-12 21:53:58,499 [KeyDeletingService#0] INFO  snapshot.SnapshotCache (SnapshotCache.java:lambda$1(166)) - Loading snapshot. Table key: /vol1/bucket2/snap2
2023-07-12 21:53:58,500 [KeyDeletingService#0] INFO  snapshot.SnapshotCache (SnapshotCache.java:lambda$1(166)) - Loading snapshot. Table key: /vol1/bucket2/snap2
2023-07-12 21:53:58,998 [KeyDeletingService#0] INFO  snapshot.SnapshotCache (SnapshotCache.java:lambda$1(166)) - Loading snapshot. Table key: /vol1/bucket2/snap2
2023-07-12 21:53:58,999 [KeyDeletingService#0] INFO  snapshot.SnapshotCache (SnapshotCache.java:lambda$1(166)) - Loading snapshot. Table key: /vol1/bucket2/snap2
2023-07-12 21:53:58,999 [KeyDeletingService#0] INFO  snapshot.SnapshotCache (SnapshotCache.java:lambda$1(166)) - Loading snapshot. Table key: /vol1/bucket2/snap2
2023-07-12 21:53:59,000 [KeyDeletingService#0] INFO  snapshot.SnapshotCache (SnapshotCache.java:lambda$1(166)) - Loading snapshot. Table key: /vol1/bucket2/snap2
2023-07-12 21:53:59,500 [KeyDeletingService#0] INFO  snapshot.SnapshotCache (SnapshotCache.java:lambda$1(166)) - Loading snapshot. Table key: /vol1/bucket2/snap2
2023-07-12 21:53:59,500 [KeyDeletingService#0] INFO  snapshot.SnapshotCache (SnapshotCache.java:lambda$1(166)) - Loading snapshot. Table key: /vol1/bucket2/snap2
2023-07-12 21:53:59,501 [KeyDeletingService#0] INFO  snapshot.SnapshotCache (SnapshotCache.java:lambda$1(166)) - Loading snapshot. Table key: /vol1/bucket2/snap2
2023-07-12 21:53:59,503 [KeyDeletingService#0] INFO  snapshot.SnapshotCache (SnapshotCache.java:lambda$1(166)) - Loading snapshot. Table key: /vol1/bucket2/snap2
2023-07-12 21:53:59,659 [main] INFO  ozone.TestSnapshotDeletingService (TestSnapshotDeletingService.java:assertTableRowCount(565)) - deletedTable actual row count=7, expectedCount=7
2023-07-12 21:53:59,662 [OM StateMachine ApplyTransaction Thread - 0] INFO  snapshot.OMSnapshotCreateRequest (OMSnapshotCreateRequest.java:validateAndUpdateCache(193)) - Created snapshot: 'snap3' with snapshotId: '6844cccb-abf7-4d06-bb6f-6413804148ca' under path 'vol1/bucket2'
2023-07-12 21:53:59,663 [main] INFO  ozone.TestSnapshotDeletingService (TestSnapshotDeletingService.java:assertTableRowCount(565)) - snapshotInfoTable actual row count=2, expectedCount=3
2023-07-12 21:53:59,689 [OMDoubleBufferFlushThread] INFO  db.RDBCheckpointManager (RDBCheckpointManager.java:createCheckpoint(89)) - Created checkpoint in rocksDB at /home/runner/work/ozone/ozone/hadoop-ozone/integration-test/target/test-dir/MiniOzoneClusterImpl-45e85e01-d716-41a3-b7bb-c5caf1d85614/ozone-meta/db.snapshots/checkpointState/om.db-6844cccb-abf7-4d06-bb6f-6413804148ca in 26 milliseconds
2023-07-12 21:53:59,690 [OMDoubleBufferFlushThread] INFO  db.RDBCheckpointUtils (RDBCheckpointUtils.java:waitForCheckpointDirectoryExist(59)) - Waited for 1 milliseconds for checkpoint directory /home/runner/work/ozone/ozone/hadoop-ozone/integration-test/target/test-dir/MiniOzoneClusterImpl-45e85e01-d716-41a3-b7bb-c5caf1d85614/ozone-meta/db.snapshots/checkpointState/om.db-6844cccb-abf7-4d06-bb6f-6413804148ca availability.
2023-07-12 21:53:59,691 [OMDoubleBufferFlushThread] WARN  om.OmSnapshotManager (OmSnapshotManager.java:findEndKeyGivenPrefix(593)) - Took 362499 ns to find endKey. Caller is deleteKeysFromDelKeyTableInSnapshotScope
2023-07-12 21:53:59,692 [OMDoubleBufferFlushThread] INFO  om.OmSnapshotManager (OmSnapshotManager.java:createOmSnapshotCheckpoint(463)) - Created checkpoint : /home/runner/work/ozone/ozone/hadoop-ozone/integration-test/target/test-dir/MiniOzoneClusterImpl-45e85e01-d716-41a3-b7bb-c5caf1d85614/ozone-meta/db.snapshots/checkpointState/om.db-6844cccb-abf7-4d06-bb6f-6413804148ca for snapshot snap3
2023-07-12 21:53:59,999 [KeyDeletingService#0] INFO  snapshot.SnapshotCache (SnapshotCache.java:lambda$1(166)) - Loading snapshot. Table key: /vol1/bucket2/snap3
2023-07-12 21:54:00,000 [KeyDeletingService#0] WARN  server.ServerUtils (ServerUtils.java:getDBPath(311)) - ozone.om.db.dirs is not configured. We recommend adding this setting. Falling back to ozone.metadata.dirs instead.
2023-07-12 21:54:00,000 [KeyDeletingService#0] INFO  helpers.OmKeyInfo (OmKeyInfo.java:getCodec(71)) - OmKeyInfo.getCodec ignorePipeline = true
2023-07-12 21:54:00,035 [KeyDeletingService#0] INFO  snapshot.SnapshotCache (SnapshotCache.java:lambda$1(166)) - Loading snapshot. Table key: /vol1/bucket2/snap2
2023-07-12 21:54:00,664 [main] INFO  ozone.TestSnapshotDeletingService (TestSnapshotDeletingService.java:assertTableRowCount(565)) - snapshotInfoTable actual row count=3, expectedCount=3
2023-07-12 21:54:00,664 [main] INFO  ozone.TestSnapshotDeletingService (TestSnapshotDeletingService.java:assertTableRowCount(565)) - snapshotRenamedTable actual row count=0, expectedCount=0
2023-07-12 21:54:00,664 [main] INFO  ozone.TestSnapshotDeletingService (TestSnapshotDeletingService.java:assertTableRowCount(565)) - deletedDirectoryTable actual row count=0, expectedCount=0
2023-07-12 21:54:00,665 [main] INFO  ozone.TestSnapshotDeletingService (TestSnapshotDeletingService.java:assertTableRowCount(565)) - deletedTable actual row count=0, expectedCount=0
2023-07-12 21:54:00,666 [main] INFO  ozone.TestSnapshotDeletingService (TestSnapshotDeletingService.java:assertTableRowCount(565)) - fileTable actual row count=11, expectedCount=11
2023-07-12 21:54:00,674 [OM StateMachine ApplyTransaction Thread - 0] INFO  snapshot.OMSnapshotDeleteRequest (OMSnapshotDeleteRequest.java:validateAndUpdateCache(225)) - Deleted snapshot 'snap2' under path 'vol1/bucket2'
2023-07-12 21:54:00,676 [main] INFO  ozone.TestSnapshotDeletingService (TestSnapshotDeletingService.java:assertTableRowCount(565)) - snapshotInfoTable actual row count=3, expectedCount=2
2023-07-12 21:54:00,998 [SnapshotDeletingService#0] INFO  snapshot.SnapshotCache (SnapshotCache.java:lambda$1(166)) - Loading snapshot. Table key: /vol1/bucket2/snap2
2023-07-12 21:54:01,004 [SnapshotDeletingService#0] INFO  snapshot.SnapshotCache (SnapshotCache.java:lambda$1(166)) - Loading snapshot. Table key: /vol1/bucket2/snap1
2023-07-12 21:54:01,032 [OMDoubleBufferFlushThread] INFO  snapshot.SnapshotCache (SnapshotCache.java:lambda$1(166)) - Loading snapshot. Table key: /vol1/bucket2/snap2
2023-07-12 21:54:01,043 [OM StateMachine ApplyTransaction Thread - 0] INFO  upgrade.AbstractLayoutVersionManager (AbstractLayoutVersionManager.java:init(83)) - Initializing Layout version manager with metadata layout = QUOTA (version = 6), software layout = QUOTA (version = 6)
2023-07-12 21:54:01,044 [OMDoubleBufferFlushThread] INFO  snapshot.SnapshotCache (SnapshotCache.java:lambda$1(166)) - Loading snapshot. Table key: /vol1/bucket2/snap2
2023-07-12 21:54:01,044 [OMDoubleBufferFlushThread] INFO  snapshot.SnapshotCache (SnapshotCache.java:lambda$1(166)) - Loading snapshot. Table key: /vol1/bucket2/snap3
2023-07-12 21:54:01,498 [SnapshotDeletingService#0] INFO  snapshot.SnapshotCache (SnapshotCache.java:lambda$1(166)) - Loading snapshot. Table key: /vol1/bucket2/snap2
2023-07-12 21:54:01,677 [main] INFO  ozone.TestSnapshotDeletingService (TestSnapshotDeletingService.java:assertTableRowCount(565)) - snapshotInfoTable actual row count=2, expectedCount=2
2023-07-12 21:54:01,685 [main] INFO  ozone.TestSnapshotDeletingService (TestSnapshotDeletingService.java:assertTableRowCount(565)) - deletedTable actual row count=0, expectedCount=2
2023-07-12 21:54:02,001 [KeyDeletingService#0] INFO  snapshot.SnapshotCache (SnapshotCache.java:lambda$1(166)) - Loading snapshot. Table key: /vol1/bucket2/snap3
2023-07-12 21:54:02,002 [KeyDeletingService#0] INFO  snapshot.SnapshotCache (SnapshotCache.java:lambda$1(166)) - Loading snapshot. Table key: /vol1/bucket2/snap3
2023-07-12 21:54:02,002 [KeyDeletingService#0] INFO  snapshot.SnapshotCache (SnapshotCache.java:lambda$1(166)) - Loading snapshot. Table key: /vol1/bucket2/snap3
2023-07-12 21:54:02,002 [KeyDeletingService#0] INFO  snapshot.SnapshotCache (SnapshotCache.java:lambda$1(166)) - Loading snapshot. Table key: /vol1/bucket2/snap1
2023-07-12 21:54:02,016 [IPC Server handler 0 on default port 15001] INFO  ha.SequenceIdGenerator (SequenceIdGenerator.java:getNextId(140)) - Allocate a batch for delTxnId, change lastId from 0 to 1000.
2023-07-12 21:54:02,033 [OMDoubleBufferFlushThread] INFO  snapshot.SnapshotCache (SnapshotCache.java:lambda$1(166)) - Loading snapshot. Table key: /vol1/bucket2/snap3
2023-07-12 21:54:02,501 [KeyDeletingService#0] INFO  snapshot.SnapshotCache (SnapshotCache.java:lambda$1(166)) - Loading snapshot. Table key: /vol1/bucket2/snap3
2023-07-12 21:54:02,502 [KeyDeletingService#0] INFO  snapshot.SnapshotCache (SnapshotCache.java:lambda$1(166)) - Loading snapshot. Table key: /vol1/bucket2/snap3
2023-07-12 21:54:02,686 [main] INFO  ozone.TestSnapshotDeletingService (TestSnapshotDeletingService.java:assertTableRowCount(565)) - deletedTable actual row count=2, expectedCount=2
2023-07-12 21:54:02,687 [main] INFO  ozone.TestSnapshotDeletingService (TestSnapshotDeletingService.java:assertTableRowCount(565)) - snapshotInfoTable actual row count=2, expectedCount=2
2023-07-12 21:54:02,688 [main] INFO  snapshot.SnapshotCache (SnapshotCache.java:lambda$1(166)) - Loading snapshot. Table key: /vol1/bucket2/snap3
2023-07-12 21:54:02,688 [main] INFO  ozone.TestSnapshotDeletingService (TestSnapshotDeletingService.java:assertTableRowCount(565)) - snapshotRenamedTable actual row count=4, expectedCount=4
2023-07-12 21:54:02,689 [main] INFO  ozone.TestSnapshotDeletingService (TestSnapshotDeletingService.java:assertTableRowCount(565)) - deletedDirectoryTable actual row count=3, expectedCount=3
2023-07-12 21:54:02,690 [main] INFO  ozone.TestSnapshotDeletingService (TestSnapshotDeletingService.java:assertTableRowCount(565)) - deletedTable actual row count=15, expectedCount=15
2023-07-12 21:54:02,690 [main] INFO  ozone.TestSnapshotDeletingService (TestSnapshotDeletingService.java:assertTableRowCount(565)) - snapshotRenamedTable actual row count=0, expectedCount=0
2023-07-12 21:54:02,690 [main] INFO  ozone.TestSnapshotDeletingService (TestSnapshotDeletingService.java:assertTableRowCount(565)) - deletedDirectoryTable actual row count=0, expectedCount=0
2023-07-12 21:54:02,691 [main] INFO  ozone.TestSnapshotDeletingService (TestSnapshotDeletingService.java:assertTableRowCount(565)) - deletedTable actual row count=2, expectedCount=2
2023-07-12 21:54:02,695 [OM StateMachine ApplyTransaction Thread - 0] INFO  snapshot.OMSnapshotDeleteRequest (OMSnapshotDeleteRequest.java:validateAndUpdateCache(225)) - Deleted snapshot 'snap3' under path 'vol1/bucket2'
2023-07-12 21:54:02,696 [main] INFO  ozone.TestSnapshotDeletingService (TestSnapshotDeletingService.java:assertTableRowCount(565)) - snapshotInfoTable actual row count=2, expectedCount=1
2023-07-12 21:54:02,998 [SnapshotDeletingService#0] INFO  snapshot.SnapshotCache (SnapshotCache.java:lambda$1(166)) - Loading snapshot. Table key: /vol1/bucket2/snap3
2023-07-12 21:54:02,999 [SnapshotDeletingService#0] INFO  snapshot.SnapshotCache (SnapshotCache.java:lambda$1(166)) - Loading snapshot. Table key: /vol1/bucket2/snap1
2023-07-12 21:54:03,001 [KeyDeletingService#0] INFO  snapshot.SnapshotCache (SnapshotCache.java:lambda$1(166)) - Loading snapshot. Table key: /vol1/bucket2/snap1
2023-07-12 21:54:03,002 [KeyDeletingService#0] INFO  snapshot.SnapshotCache (SnapshotCache.java:lambda$1(166)) - Loading snapshot. Table key: /vol1/bucket2/snap1
2023-07-12 21:54:03,012 [OMDoubleBufferFlushThread] INFO  snapshot.SnapshotCache (SnapshotCache.java:lambda$1(166)) - Loading snapshot. Table key: /vol1/bucket2/snap3
2023-07-12 21:54:03,015 [OM StateMachine ApplyTransaction Thread - 0] INFO  upgrade.AbstractLayoutVersionManager (AbstractLayoutVersionManager.java:init(83)) - Initializing Layout version manager with metadata layout = QUOTA (version = 6), software layout = QUOTA (version = 6)
2023-07-12 21:54:03,015 [OMDoubleBufferFlushThread] INFO  snapshot.SnapshotCache (SnapshotCache.java:lambda$1(166)) - Loading snapshot. Table key: /vol1/bucket2/snap3
2023-07-12 21:54:03,498 [KeyDeletingService#0] INFO  snapshot.SnapshotCache (SnapshotCache.java:lambda$1(166)) - Loading snapshot. Table key: /vol1/bucket2/snap1
2023-07-12 21:54:03,499 [KeyDeletingService#0] INFO  snapshot.SnapshotCache (SnapshotCache.java:lambda$1(166)) - Loading snapshot. Table key: /vol1/bucket2/snap1
2023-07-12 21:54:03,499 [KeyDeletingService#0] INFO  snapshot.SnapshotCache (SnapshotCache.java:lambda$1(166)) - Loading snapshot. Table key: /vol1/bucket2/snap1
2023-07-12 21:54:03,500 [SnapshotDeletingService#0] INFO  snapshot.SnapshotCache (SnapshotCache.java:lambda$1(166)) - Loading snapshot. Table key: /vol1/bucket2/snap3
2023-07-12 21:54:03,502 [KeyDeletingService#0] INFO  snapshot.SnapshotCache (SnapshotCache.java:lambda$1(166)) - Loading snapshot. Table key: /vol1/bucket2/snap1
2023-07-12 21:54:03,502 [KeyDeletingService#0] INFO  snapshot.SnapshotCache (SnapshotCache.java:lambda$1(166)) - Loading snapshot. Table key: /vol1/bucket2/snap1
2023-07-12 21:54:03,503 [KeyDeletingService#0] INFO  snapshot.SnapshotCache (SnapshotCache.java:lambda$1(166)) - Loading snapshot. Table key: /vol1/bucket2/snap1
2023-07-12 21:54:03,504 [KeyDeletingService#0] INFO  snapshot.SnapshotCache (SnapshotCache.java:lambda$1(166)) - Loading snapshot. Table key: /vol1/bucket2/snap1
2023-07-12 21:54:03,504 [KeyDeletingService#0] INFO  snapshot.SnapshotCache (SnapshotCache.java:lambda$1(166)) - Loading snapshot. Table key: /vol1/bucket2/snap1
2023-07-12 21:54:03,505 [KeyDeletingService#0] INFO  snapshot.SnapshotCache (SnapshotCache.java:lambda$1(166)) - Loading snapshot. Table key: /vol1/bucket2/snap1
2023-07-12 21:54:03,506 [KeyDeletingService#0] INFO  snapshot.SnapshotCache (SnapshotCache.java:lambda$1(166)) - Loading snapshot. Table key: /vol1/bucket2/snap1
2023-07-12 21:54:03,506 [KeyDeletingService#0] INFO  snapshot.SnapshotCache (SnapshotCache.java:lambda$1(166)) - Loading snapshot. Table key: /vol1/bucket2/snap1
2023-07-12 21:54:03,507 [KeyDeletingService#0] INFO  snapshot.SnapshotCache (SnapshotCache.java:lambda$1(166)) - Loading snapshot. Table key: /vol1/bucket2/snap1
2023-07-12 21:54:03,508 [KeyDeletingService#0] INFO  snapshot.SnapshotCache (SnapshotCache.java:lambda$1(166)) - Loading snapshot. Table key: /vol1/bucket2/snap1
2023-07-12 21:54:03,508 [KeyDeletingService#0] INFO  snapshot.SnapshotCache (SnapshotCache.java:lambda$1(166)) - Loading snapshot. Table key: /vol1/bucket2/snap1
2023-07-12 21:54:03,509 [KeyDeletingService#0] INFO  snapshot.SnapshotCache (SnapshotCache.java:lambda$1(166)) - Loading snapshot. Table key: /vol1/bucket2/snap1
2023-07-12 21:54:03,510 [KeyDeletingService#0] INFO  snapshot.SnapshotCache (SnapshotCache.java:lambda$1(166)) - Loading snapshot. Table key: /vol1/bucket2/snap1
2023-07-12 21:54:03,510 [KeyDeletingService#0] INFO  snapshot.SnapshotCache (SnapshotCache.java:lambda$1(166)) - Loading snapshot. Table key: /vol1/bucket2/snap1
2023-07-12 21:54:03,511 [KeyDeletingService#0] INFO  snapshot.SnapshotCache (SnapshotCache.java:lambda$1(166)) - Loading snapshot. Table key: /vol1/bucket2/snap1
2023-07-12 21:54:03,697 [main] INFO  ozone.TestSnapshotDeletingService (TestSnapshotDeletingService.java:assertTableRowCount(565)) - snapshotInfoTable actual row count=1, expectedCount=1
2023-07-12 21:54:03,697 [main] INFO  ozone.TestSnapshotDeletingService (TestSnapshotDeletingService.java:assertTableRowCount(565)) - snapshotRenamedTable actual row count=4, expectedCount=4
2023-07-12 21:54:03,698 [main] INFO  ozone.TestSnapshotDeletingService (TestSnapshotDeletingService.java:assertTableRowCount(565)) - deletedDirectoryTable actual row count=3, expectedCount=3
2023-07-12 21:54:03,698 [main] INFO  snapshot.SnapshotCache (SnapshotCache.java:lambda$1(166)) - Loading snapshot. Table key: /vol1/bucket2/snap1
2023-07-12 21:54:03,760 [main] INFO  ozone.MiniOzoneClusterImpl (MiniOzoneClusterImpl.java:shutdown(443)) - Shutting down the Mini Ozone Cluster
2023-07-12 21:54:03,760 [main] INFO  ozone.MiniOzoneClusterImpl (MiniOzoneClusterImpl.java:stop(460)) - Stopping the Mini Ozone Cluster
2023-07-12 21:54:03,760 [main] INFO  ozone.MiniOzoneClusterImpl (MiniOzoneClusterImpl.java:stopOM(551)) - Stopping the OzoneManager
2023-07-12 21:54:03,760 [main] INFO  om.OzoneManager (OzoneManager.java:stop(2198)) - om1[localhost:15004]: Stopping Ozone Manager
2023-07-12 21:54:03,760 [main] INFO  ipc.Server (Server.java:stop(3523)) - Stopping server on 15004
2023-07-12 21:54:03,774 [IPC Server Responder] INFO  ipc.Server (Server.java:run(1567)) - Stopping IPC Server Responder
2023-07-12 21:54:03,774 [IPC Server listener on 15004] INFO  ipc.Server (Server.java:run(1434)) - Stopping IPC Server listener on 15004
2023-07-12 21:54:03,777 [main] INFO  server.RaftServer (RaftServerProxy.java:lambda$close$6(416)) - om1: close
2023-07-12 21:54:03,777 [main] INFO  server.GrpcService (GrpcService.java:closeImpl(311)) - om1: shutdown server GrpcServerProtocolService now
2023-07-12 21:54:03,780 [om1-impl-thread1] INFO  server.RaftServer$Division (RaftServerImpl.java:lambda$close$4(466)) - om1@group-C5BA1605619E: shutdown
2023-07-12 21:54:03,780 [om1-impl-thread1] INFO  util.JmxRegister (JmxRegister.java:unregister(73)) - Successfully un-registered JMX Bean with object name Ratis:service=RaftServer,group=group-C5BA1605619E,id=om1
2023-07-12 21:54:03,780 [om1-impl-thread1] INFO  impl.RoleInfo (RoleInfo.java:shutdownLeaderState(93)) - om1: shutdown om1@group-C5BA1605619E-LeaderStateImpl
2023-07-12 21:54:03,781 [om1-impl-thread1] INFO  impl.PendingRequests (PendingRequests.java:sendNotLeaderResponses(289)) - om1@group-C5BA1605619E-PendingRequests: sendNotLeaderResponses
2023-07-12 21:54:03,789 [main] INFO  server.GrpcService (GrpcService.java:closeImpl(320)) - om1: shutdown server GrpcServerProtocolService successfully
2023-07-12 21:54:03,792 [om1-impl-thread1] INFO  impl.StateMachineUpdater (StateMachineUpdater.java:stopAndJoin(155)) - om1@group-C5BA1605619E-StateMachineUpdater: set stopIndex = 222
2023-07-12 21:54:03,792 [om1@group-C5BA1605619E-StateMachineUpdater] INFO  ratis.OzoneManagerStateMachine (OzoneManagerStateMachine.java:takeSnapshot(479)) - Current Snapshot Index (t:1, i:222)
2023-07-12 21:54:03,989 [Thread-734] INFO  rocksdiff.RocksDBCheckpointDiffer (RocksDBCheckpointDiffer.java:onCompactionCompleted(529)) - Skipped the compaction entry. Compaction input files: [/home/runner/work/ozone/ozone/hadoop-ozone/integration-test/target/test-dir/MiniOzoneClusterImpl-45e85e01-d716-41a3-b7bb-c5caf1d85614/ozone-meta/om.db/000082.sst, /home/runner/work/ozone/ozone/hadoop-ozone/integration-test/target/test-dir/MiniOzoneClusterImpl-45e85e01-d716-41a3-b7bb-c5caf1d85614/ozone-meta/om.db/000073.sst, /home/runner/work/ozone/ozone/hadoop-ozone/integration-test/target/test-dir/MiniOzoneClusterImpl-45e85e01-d716-41a3-b7bb-c5caf1d85614/ozone-meta/om.db/000063.sst, /home/runner/work/ozone/ozone/hadoop-ozone/integration-test/target/test-dir/MiniOzoneClusterImpl-45e85e01-d716-41a3-b7bb-c5caf1d85614/ozone-meta/om.db/000054.sst] and output files: [/home/runner/work/ozone/ozone/hadoop-ozone/integration-test/target/test-dir/MiniOzoneClusterImpl-45e85e01-d716-41a3-b7bb-c5caf1d85614/ozone-meta/om.db/000082.sst, /home/runner/work/ozone/ozone/hadoop-ozone/integration-test/target/test-dir/MiniOzoneClusterImpl-45e85e01-d716-41a3-b7bb-c5caf1d85614/ozone-meta/om.db/000073.sst, /home/runner/work/ozone/ozone/hadoop-ozone/integration-test/target/test-dir/MiniOzoneClusterImpl-45e85e01-d716-41a3-b7bb-c5caf1d85614/ozone-meta/om.db/000063.sst, /home/runner/work/ozone/ozone/hadoop-ozone/integration-test/target/test-dir/MiniOzoneClusterImpl-45e85e01-d716-41a3-b7bb-c5caf1d85614/ozone-meta/om.db/000054.sst] are same.
2023-07-12 21:54:03,994 [om1@group-C5BA1605619E-StateMachineUpdater] INFO  impl.StateMachineUpdater (StateMachineUpdater.java:takeSnapshot(291)) - om1@group-C5BA1605619E-StateMachineUpdater: Took a snapshot at index 222
2023-07-12 21:54:03,995 [om1@group-C5BA1605619E-StateMachineUpdater] INFO  impl.StateMachineUpdater (StateMachineUpdater.java:lambda$new$0(97)) - om1@group-C5BA1605619E-StateMachineUpdater: snapshotIndex: updateIncreasingly -1 -> 222
2023-07-12 21:54:03,995 [om1@group-C5BA1605619E-StateMachineUpdater] INFO  ratis.OzoneManagerStateMachine (OzoneManagerStateMachine.java:close(533)) - StateMachine has shutdown. Shutdown OzoneManager if not already shutdown.
2023-07-12 21:54:03,995 [om1@group-C5BA1605619E-StateMachineUpdater] INFO  ratis.OzoneManagerDoubleBuffer (OzoneManagerDoubleBuffer.java:stopDaemon(551)) - Stopping OMDoubleBuffer flush thread
2023-07-12 21:54:03,995 [OMDoubleBufferFlushThread] INFO  ratis.OzoneManagerDoubleBuffer (OzoneManagerDoubleBuffer.java:canFlush(638)) - OMDoubleBuffer flush thread OMDoubleBufferFlushThread is interrupted and will exit.
2023-07-12 21:54:03,997 [om1-impl-thread1] INFO  server.RaftServer$Division (ServerState.java:close(472)) - om1@group-C5BA1605619E: closes. applyIndex: 222
2023-07-12 21:54:04,969 [om1-impl-thread1] INFO  segmented.SegmentedRaftLogWorker (SegmentedRaftLogWorker.java:close(252)) - om1@group-C5BA1605619E-SegmentedRaftLogWorker close()
2023-07-12 21:54:04,970 [JvmPauseMonitor1] INFO  util.JvmPauseMonitor (JvmPauseMonitor.java:run(109)) - JvmPauseMonitor-om1: Stopped
2023-07-12 21:54:04,970 [main] INFO  ratis.OzoneManagerStateMachine (OzoneManagerStateMachine.java:close(533)) - StateMachine has shutdown. Shutdown OzoneManager if not already shutdown.
2023-07-12 21:54:04,970 [main] INFO  ratis.OzoneManagerDoubleBuffer (OzoneManagerDoubleBuffer.java:stopDaemon(560)) - OMDoubleBuffer flush thread is not running.
2023-07-12 21:54:04,971 [main] INFO  utils.BackgroundService (BackgroundService.java:shutdown(141)) - Shutting down service KeyDeletingService
2023-07-12 21:54:04,971 [main] INFO  utils.BackgroundService (BackgroundService.java:shutdown(141)) - Shutting down service KeyDeletingService
2023-07-12 21:54:04,971 [main] INFO  utils.BackgroundService (BackgroundService.java:shutdown(141)) - Shutting down service OpenKeyCleanupService
2023-07-12 21:54:04,971 [main] INFO  utils.BackgroundService (BackgroundService.java:shutdown(141)) - Shutting down service SstFilteringService
2023-07-12 21:54:04,972 [main] INFO  utils.BackgroundService (BackgroundService.java:shutdown(141)) - Shutting down service SnapshotDeletingService
2023-07-12 21:54:04,973 [main] INFO  handler.ContextHandler (ContextHandler.java:doStop(1159)) - Stopped o.e.j.w.WebAppContext@27f3c057{ozoneManager,/,null,STOPPED}{file:/home/runner/work/ozone/ozone/hadoop-ozone/integration-test/target/test-classes/webapps/ozoneManager}
2023-07-12 21:54:04,976 [main] INFO  server.AbstractConnector (AbstractConnector.java:doStop(383)) - Stopped ServerConnector@14c28421{HTTP/1.1, (http/1.1)}{0.0.0.0:15005}
2023-07-12 21:54:04,976 [main] INFO  server.session (HouseKeeper.java:stopScavenging(149)) - node0 Stopped scavenging
2023-07-12 21:54:04,976 [main] INFO  handler.ContextHandler (ContextHandler.java:doStop(1159)) - Stopped o.e.j.s.ServletContextHandler@40383c8b{static,/static,file:///home/runner/work/ozone/ozone/hadoop-ozone/integration-test/target/test-classes/webapps/static,STOPPED}
2023-07-12 21:54:04,977 [main] INFO  handler.ContextHandler (ContextHandler.java:doStop(1159)) - Stopped o.e.j.s.ServletContextHandler@3500af30{logs,/logs,file:///home/runner/work/ozone/ozone/hadoop-ozone/integration-test/target/log,STOPPED}
2023-07-12 21:54:04,983 [main] INFO  snapshot.SnapshotDiffManager (SnapshotDiffManager.java:closeExecutorService(1720)) - Shutting down executorService: 'SnapDiffExecutor'
2023-07-12 21:54:04,983 [main] INFO  snapshot.SnapshotDiffManager (SnapshotDiffManager.java:closeExecutorService(1720)) - Shutting down executorService: 'SstDumpToolExecutor'
2023-07-12 21:54:04,988 [main] INFO  utils.BackgroundService (BackgroundService.java:shutdown(141)) - Shutting down service SnapshotDiffCleanupService
2023-07-12 21:54:04,989 [main] INFO  ozone.MiniOzoneClusterImpl (MiniOzoneClusterImpl.java:stopDatanodes(528)) - Stopping the HddsDatanodes
2023-07-12 21:54:04,993 [main] INFO  ozoneimpl.OzoneContainer (OzoneContainer.java:stop(441)) - Attempting to stop container services.
2023-07-12 21:54:04,996 [main] INFO  server.RaftServer (RaftServerProxy.java:lambda$close$6(416)) - b63666e2-1779-4ee0-a542-9862edee389f: close
2023-07-12 21:54:04,996 [b63666e2-1779-4ee0-a542-9862edee389f-impl-thread1] INFO  server.RaftServer$Division (RaftServerImpl.java:lambda$close$4(466)) - b63666e2-1779-4ee0-a542-9862edee389f@group-B0E0F9104BB7: shutdown
2023-07-12 21:54:04,997 [b63666e2-1779-4ee0-a542-9862edee389f-impl-thread1] INFO  util.JmxRegister (JmxRegister.java:unregister(73)) - Successfully un-registered JMX Bean with object name Ratis:service=RaftServer,group=group-B0E0F9104BB7,id=b63666e2-1779-4ee0-a542-9862edee389f
2023-07-12 21:54:04,997 [b63666e2-1779-4ee0-a542-9862edee389f-impl-thread1] INFO  impl.RoleInfo (RoleInfo.java:shutdownFollowerState(110)) - b63666e2-1779-4ee0-a542-9862edee389f: shutdown b63666e2-1779-4ee0-a542-9862edee389f@group-B0E0F9104BB7-FollowerState
2023-07-12 21:54:04,997 [b63666e2-1779-4ee0-a542-9862edee389f-impl-thread1] INFO  impl.StateMachineUpdater (StateMachineUpdater.java:stopAndJoin(155)) - b63666e2-1779-4ee0-a542-9862edee389f@group-B0E0F9104BB7-StateMachineUpdater: set stopIndex = 1077
2023-07-12 21:54:04,998 [ForkJoinPool.commonPool-worker-1] INFO  ozoneimpl.OzoneContainer (OzoneContainer.java:stop(441)) - Attempting to stop container services.
2023-07-12 21:54:04,999 [b63666e2-1779-4ee0-a542-9862edee389f-impl-thread2] INFO  server.RaftServer$Division (RaftServerImpl.java:lambda$close$4(466)) - b63666e2-1779-4ee0-a542-9862edee389f@group-7865315563FB: shutdown
2023-07-12 21:54:04,999 [b63666e2-1779-4ee0-a542-9862edee389f-impl-thread2] INFO  util.JmxRegister (JmxRegister.java:unregister(73)) - Successfully un-registered JMX Bean with object name Ratis:service=RaftServer,group=group-7865315563FB,id=b63666e2-1779-4ee0-a542-9862edee389f
2023-07-12 21:54:04,999 [b63666e2-1779-4ee0-a542-9862edee389f-impl-thread2] INFO  impl.RoleInfo (RoleInfo.java:shutdownLeaderState(93)) - b63666e2-1779-4ee0-a542-9862edee389f: shutdown b63666e2-1779-4ee0-a542-9862edee389f@group-7865315563FB-LeaderStateImpl
2023-07-12 21:54:04,999 [main] INFO  server.GrpcService (GrpcService.java:closeImpl(311)) - b63666e2-1779-4ee0-a542-9862edee389f: shutdown server org.apache.ratis.grpc.server.GrpcClientProtocolService now
2023-07-12 21:54:05,000 [b63666e2-1779-4ee0-a542-9862edee389f-impl-thread3] INFO  server.RaftServer$Division (RaftServerImpl.java:lambda$close$4(466)) - b63666e2-1779-4ee0-a542-9862edee389f@group-DFDA87116952: shutdown
2023-07-12 21:54:05,000 [b63666e2-1779-4ee0-a542-9862edee389f-impl-thread3] INFO  util.JmxRegister (JmxRegister.java:unregister(73)) - Successfully un-registered JMX Bean with object name Ratis:service=RaftServer,group=group-DFDA87116952,id=b63666e2-1779-4ee0-a542-9862edee389f
2023-07-12 21:54:05,000 [b63666e2-1779-4ee0-a542-9862edee389f-impl-thread3] INFO  impl.RoleInfo (RoleInfo.java:shutdownLeaderState(93)) - b63666e2-1779-4ee0-a542-9862edee389f: shutdown b63666e2-1779-4ee0-a542-9862edee389f@group-DFDA87116952-LeaderStateImpl
2023-07-12 21:54:05,002 [b63666e2-1779-4ee0-a542-9862edee389f@group-B0E0F9104BB7-StateMachineUpdater] INFO  ratis.ContainerStateMachine (ContainerStateMachine.java:takeSnapshot(330)) - group-B0E0F9104BB7: Taking a snapshot at:(t:1, i:1077) file /home/runner/work/ozone/ozone/hadoop-ozone/integration-test/target/test-dir/MiniOzoneClusterImpl-45e85e01-d716-41a3-b7bb-c5caf1d85614/datanode-1/data/ratis/5c35cb4c-61c9-4cfe-b839-b0e0f9104bb7/sm/snapshot.1_1077
2023-07-12 21:54:05,005 [b63666e2-1779-4ee0-a542-9862edee389f@group-B0E0F9104BB7-FollowerState] INFO  impl.FollowerState (FollowerState.java:run(152)) - b63666e2-1779-4ee0-a542-9862edee389f@group-B0E0F9104BB7-FollowerState was interrupted
2023-07-12 21:54:05,009 [b63666e2-1779-4ee0-a542-9862edee389f@group-DFDA87116952->d28e7615-a55a-42ee-a6c9-487437356628-GrpcLogAppender-LogAppenderDaemon] WARN  server.GrpcLogAppender (GrpcLogAppender.java:mayWait(199)) - b63666e2-1779-4ee0-a542-9862edee389f@group-DFDA87116952->d28e7615-a55a-42ee-a6c9-487437356628-GrpcLogAppender: Wait interrupted by java.lang.InterruptedException
2023-07-12 21:54:04,999 [b63666e2-1779-4ee0-a542-9862edee389f-impl-thread2] INFO  impl.PendingRequests (PendingRequests.java:sendNotLeaderResponses(289)) - b63666e2-1779-4ee0-a542-9862edee389f@group-7865315563FB-PendingRequests: sendNotLeaderResponses
2023-07-12 21:54:05,011 [ForkJoinPool.commonPool-worker-1] INFO  server.RaftServer (RaftServerProxy.java:lambda$close$6(416)) - d28e7615-a55a-42ee-a6c9-487437356628: close
2023-07-12 21:54:05,011 [b63666e2-1779-4ee0-a542-9862edee389f-impl-thread2] INFO  impl.StateMachineUpdater (StateMachineUpdater.java:stopAndJoin(155)) - b63666e2-1779-4ee0-a542-9862edee389f@group-7865315563FB-StateMachineUpdater: set stopIndex = 0
2023-07-12 21:54:05,011 [d28e7615-a55a-42ee-a6c9-487437356628-impl-thread1] INFO  server.RaftServer$Division (RaftServerImpl.java:lambda$close$4(466)) - d28e7615-a55a-42ee-a6c9-487437356628@group-B0E0F9104BB7: shutdown
2023-07-12 21:54:05,011 [d28e7615-a55a-42ee-a6c9-487437356628-impl-thread1] INFO  util.JmxRegister (JmxRegister.java:unregister(73)) - Successfully un-registered JMX Bean with object name Ratis:service=RaftServer,group=group-B0E0F9104BB7,id=d28e7615-a55a-42ee-a6c9-487437356628
2023-07-12 21:54:05,011 [d28e7615-a55a-42ee-a6c9-487437356628-impl-thread1] INFO  impl.RoleInfo (RoleInfo.java:shutdownFollowerState(110)) - d28e7615-a55a-42ee-a6c9-487437356628: shutdown d28e7615-a55a-42ee-a6c9-487437356628@group-B0E0F9104BB7-FollowerState
2023-07-12 21:54:05,011 [b63666e2-1779-4ee0-a542-9862edee389f@group-7865315563FB-StateMachineUpdater] INFO  ratis.ContainerStateMachine (ContainerStateMachine.java:takeSnapshot(330)) - group-7865315563FB: Taking a snapshot at:(t:1, i:0) file /home/runner/work/ozone/ozone/hadoop-ozone/integration-test/target/test-dir/MiniOzoneClusterImpl-45e85e01-d716-41a3-b7bb-c5caf1d85614/datanode-1/data/ratis/6b5e0819-c75a-4ff4-84dc-7865315563fb/sm/snapshot.1_0
2023-07-12 21:54:05,013 [Thread-771] INFO  server.GrpcServerProtocolClient (GrpcServerProtocolClient.java:close(103)) - d28e7615-a55a-42ee-a6c9-487437356628 Close channels
2023-07-12 21:54:05,013 [Thread-773] INFO  server.GrpcServerProtocolClient (GrpcServerProtocolClient.java:close(103)) - 2503d6b5-7af3-43aa-ac32-7e71e8cb8062 Close channels
2023-07-12 21:54:05,013 [ForkJoinPool.commonPool-worker-1] INFO  server.GrpcService (GrpcService.java:closeImpl(311)) - d28e7615-a55a-42ee-a6c9-487437356628: shutdown server org.apache.ratis.grpc.server.GrpcClientProtocolService now
2023-07-12 21:54:05,009 [b63666e2-1779-4ee0-a542-9862edee389f-impl-thread3] INFO  impl.PendingRequests (PendingRequests.java:sendNotLeaderResponses(289)) - b63666e2-1779-4ee0-a542-9862edee389f@group-DFDA87116952-PendingRequests: sendNotLeaderResponses
2023-07-12 21:54:05,017 [b63666e2-1779-4ee0-a542-9862edee389f-impl-thread3] INFO  impl.StateMachineUpdater (StateMachineUpdater.java:stopAndJoin(155)) - b63666e2-1779-4ee0-a542-9862edee389f@group-DFDA87116952-StateMachineUpdater: set stopIndex = 1005
2023-07-12 21:54:05,017 [b63666e2-1779-4ee0-a542-9862edee389f@group-DFDA87116952-StateMachineUpdater] INFO  ratis.ContainerStateMachine (ContainerStateMachine.java:takeSnapshot(330)) - group-DFDA87116952: Taking a snapshot at:(t:1, i:1005) file /home/runner/work/ozone/ozone/hadoop-ozone/integration-test/target/test-dir/MiniOzoneClusterImpl-45e85e01-d716-41a3-b7bb-c5caf1d85614/datanode-1/data/ratis/7c002b24-39b5-4a73-b9a4-dfda87116952/sm/snapshot.1_1005
2023-07-12 21:54:05,018 [grpc-default-executor-3] INFO  server.GrpcServerProtocolService (GrpcServerProtocolService.java:onCompleted(155)) - d28e7615-a55a-42ee-a6c9-487437356628: Completed APPEND_ENTRIES, lastRequest: null
2023-07-12 21:54:05,019 [grpc-default-executor-3] INFO  server.GrpcServerProtocolService (GrpcServerProtocolService.java:lambda$onCompleted$5(157)) - d28e7615-a55a-42ee-a6c9-487437356628: Completed APPEND_ENTRIES, lastReply: serverReply {
  requestorId: "b63666e2-1779-4ee0-a542-9862edee389f"
  replyId: "d28e7615-a55a-42ee-a6c9-487437356628"
  raftGroupId {
    id: "|\000+$9\265Js\271\244\337\332\207\021iR"
  }
  callId: 1141
  success: true
}
term: 1
nextIndex: 1006
followerCommit: 1005
matchIndex: 18446744073709551615
isHearbeat: true

2023-07-12 21:54:05,026 [d28e7615-a55a-42ee-a6c9-487437356628-impl-thread2] INFO  server.RaftServer$Division (RaftServerImpl.java:lambda$close$4(466)) - d28e7615-a55a-42ee-a6c9-487437356628@group-95A1126C4AFC: shutdown
2023-07-12 21:54:05,026 [d28e7615-a55a-42ee-a6c9-487437356628-impl-thread2] INFO  util.JmxRegister (JmxRegister.java:unregister(73)) - Successfully un-registered JMX Bean with object name Ratis:service=RaftServer,group=group-95A1126C4AFC,id=d28e7615-a55a-42ee-a6c9-487437356628
2023-07-12 21:54:05,026 [d28e7615-a55a-42ee-a6c9-487437356628-impl-thread2] INFO  impl.RoleInfo (RoleInfo.java:shutdownLeaderState(93)) - d28e7615-a55a-42ee-a6c9-487437356628: shutdown d28e7615-a55a-42ee-a6c9-487437356628@group-95A1126C4AFC-LeaderStateImpl
2023-07-12 21:54:05,027 [d28e7615-a55a-42ee-a6c9-487437356628-impl-thread2] INFO  impl.PendingRequests (PendingRequests.java:sendNotLeaderResponses(289)) - d28e7615-a55a-42ee-a6c9-487437356628@group-95A1126C4AFC-PendingRequests: sendNotLeaderResponses
2023-07-12 21:54:05,027 [d28e7615-a55a-42ee-a6c9-487437356628-impl-thread2] INFO  impl.StateMachineUpdater (StateMachineUpdater.java:stopAndJoin(155)) - d28e7615-a55a-42ee-a6c9-487437356628@group-95A1126C4AFC-StateMachineUpdater: set stopIndex = 0
2023-07-12 21:54:05,027 [d28e7615-a55a-42ee-a6c9-487437356628@group-95A1126C4AFC-StateMachineUpdater] INFO  ratis.ContainerStateMachine (ContainerStateMachine.java:takeSnapshot(330)) - group-95A1126C4AFC: Taking a snapshot at:(t:1, i:0) file /home/runner/work/ozone/ozone/hadoop-ozone/integration-test/target/test-dir/MiniOzoneClusterImpl-45e85e01-d716-41a3-b7bb-c5caf1d85614/datanode-0/data/ratis/c89e3df9-7e96-42ad-8e85-95a1126c4afc/sm/snapshot.1_0
2023-07-12 21:54:05,028 [grpc-default-executor-9] INFO  server.GrpcLogAppender (GrpcLogAppender.java:onCompleted(428)) - b63666e2-1779-4ee0-a542-9862edee389f@group-DFDA87116952->d28e7615-a55a-42ee-a6c9-487437356628-AppendLogResponseHandler: follower responses appendEntries COMPLETED
2023-07-12 21:54:05,090 [grpc-default-executor-9] WARN  server.GrpcLogAppender (GrpcLogAppender.java:resetClient(137)) - b63666e2-1779-4ee0-a542-9862edee389f@group-DFDA87116952->d28e7615-a55a-42ee-a6c9-487437356628-GrpcLogAppender: Failed to getClient for d28e7615-a55a-42ee-a6c9-487437356628
org.apache.ratis.protocol.exceptions.AlreadyClosedException: b63666e2-1779-4ee0-a542-9862edee389f is already CLOSED
	at org.apache.ratis.util.PeerProxyMap$PeerAndProxy.getProxy(PeerProxyMap.java:61)
	at org.apache.ratis.util.PeerProxyMap.getProxy(PeerProxyMap.java:115)
	at org.apache.ratis.grpc.server.GrpcLogAppender.getClient(GrpcLogAppender.java:112)
	at org.apache.ratis.grpc.server.GrpcLogAppender.resetClient(GrpcLogAppender.java:117)
	at org.apache.ratis.grpc.server.GrpcLogAppender.access$500(GrpcLogAppender.java:56)
	at org.apache.ratis.grpc.server.GrpcLogAppender$AppendLogResponseHandler.onCompleted(GrpcLogAppender.java:429)
	at org.apache.ratis.thirdparty.io.grpc.stub.ClientCalls$StreamObserverToCallListenerAdapter.onClose(ClientCalls.java:485)
	at org.apache.ratis.thirdparty.io.grpc.internal.ClientCallImpl.closeObserver(ClientCallImpl.java:563)
	at org.apache.ratis.thirdparty.io.grpc.internal.ClientCallImpl.access$300(ClientCallImpl.java:70)
	at org.apache.ratis.thirdparty.io.grpc.internal.ClientCallImpl$ClientStreamListenerImpl$1StreamClosed.runInternal(ClientCallImpl.java:744)
	at org.apache.ratis.thirdparty.io.grpc.internal.ClientCallImpl$ClientStreamListenerImpl$1StreamClosed.runInContext(ClientCallImpl.java:723)
	at org.apache.ratis.thirdparty.io.grpc.internal.ContextRunnable.run(ContextRunnable.java:37)
	at org.apache.ratis.thirdparty.io.grpc.internal.SerializingExecutor.run(SerializingExecutor.java:133)
	at java.util.concurrent.ThreadPoolExecutor.runWorker(ThreadPoolExecutor.java:1149)
	at java.util.concurrent.ThreadPoolExecutor$Worker.run(ThreadPoolExecutor.java:624)
	at java.lang.Thread.run(Thread.java:750)
2023-07-12 21:54:05,088 [Thread-778] INFO  server.GrpcServerProtocolClient (GrpcServerProtocolClient.java:close(103)) - 2503d6b5-7af3-43aa-ac32-7e71e8cb8062 Close channels
2023-07-12 21:54:05,035 [Thread-777] INFO  server.GrpcServerProtocolClient (GrpcServerProtocolClient.java:close(103)) - b63666e2-1779-4ee0-a542-9862edee389f Close channels
2023-07-12 21:54:05,020 [grpc-default-executor-5] INFO  server.GrpcServerProtocolService (GrpcServerProtocolService.java:onCompleted(155)) - d28e7615-a55a-42ee-a6c9-487437356628: Completed APPEND_ENTRIES, lastRequest: b63666e2-1779-4ee0-a542-9862edee389f->d28e7615-a55a-42ee-a6c9-487437356628#1137-t1,previous=(t:1, i:1004),leaderCommit=1004,initializing? true,entries: size=1, first=(t:1, i:1005), METADATAENTRY(c:1004)
2023-07-12 21:54:05,017 [b63666e2-1779-4ee0-a542-9862edee389f@group-DFDA87116952->2503d6b5-7af3-43aa-ac32-7e71e8cb8062-GrpcLogAppender-LogAppenderDaemon] WARN  server.GrpcLogAppender (GrpcLogAppender.java:mayWait(199)) - b63666e2-1779-4ee0-a542-9862edee389f@group-DFDA87116952->2503d6b5-7af3-43aa-ac32-7e71e8cb8062-GrpcLogAppender: Wait interrupted by java.lang.InterruptedException
2023-07-12 21:54:05,029 [d28e7615-a55a-42ee-a6c9-487437356628@group-B0E0F9104BB7-StateMachineUpdater] INFO  ratis.ContainerStateMachine (ContainerStateMachine.java:takeSnapshot(330)) - group-B0E0F9104BB7: Taking a snapshot at:(t:1, i:1077) file /home/runner/work/ozone/ozone/hadoop-ozone/integration-test/target/test-dir/MiniOzoneClusterImpl-45e85e01-d716-41a3-b7bb-c5caf1d85614/datanode-0/data/ratis/5c35cb4c-61c9-4cfe-b839-b0e0f9104bb7/sm/snapshot.1_1077
2023-07-12 21:54:05,029 [d28e7615-a55a-42ee-a6c9-487437356628@group-B0E0F9104BB7-FollowerState] INFO  impl.FollowerState (FollowerState.java:run(152)) - d28e7615-a55a-42ee-a6c9-487437356628@group-B0E0F9104BB7-FollowerState was interrupted
2023-07-12 21:54:05,028 [d28e7615-a55a-42ee-a6c9-487437356628-impl-thread1] INFO  impl.StateMachineUpdater (StateMachineUpdater.java:stopAndJoin(155)) - d28e7615-a55a-42ee-a6c9-487437356628@group-B0E0F9104BB7-StateMachineUpdater: set stopIndex = 1077
2023-07-12 21:54:05,028 [d28e7615-a55a-42ee-a6c9-487437356628-impl-thread3] INFO  server.RaftServer$Division (RaftServerImpl.java:lambda$close$4(466)) - d28e7615-a55a-42ee-a6c9-487437356628@group-DFDA87116952: shutdown
2023-07-12 21:54:05,098 [grpc-default-executor-5] INFO  server.GrpcServerProtocolService (GrpcServerProtocolService.java:lambda$onCompleted$5(157)) - d28e7615-a55a-42ee-a6c9-487437356628: Completed APPEND_ENTRIES, lastReply: null
2023-07-12 21:54:05,102 [d28e7615-a55a-42ee-a6c9-487437356628-impl-thread3] INFO  util.JmxRegister (JmxRegister.java:unregister(73)) - Successfully un-registered JMX Bean with object name Ratis:service=RaftServer,group=group-DFDA87116952,id=d28e7615-a55a-42ee-a6c9-487437356628
2023-07-12 21:54:05,102 [d28e7615-a55a-42ee-a6c9-487437356628-impl-thread3] INFO  impl.RoleInfo (RoleInfo.java:shutdownFollowerState(110)) - d28e7615-a55a-42ee-a6c9-487437356628: shutdown d28e7615-a55a-42ee-a6c9-487437356628@group-DFDA87116952-FollowerState
2023-07-12 21:54:05,102 [d28e7615-a55a-42ee-a6c9-487437356628-impl-thread3] INFO  impl.StateMachineUpdater (StateMachineUpdater.java:stopAndJoin(155)) - d28e7615-a55a-42ee-a6c9-487437356628@group-DFDA87116952-StateMachineUpdater: set stopIndex = 1005
2023-07-12 21:54:05,102 [d28e7615-a55a-42ee-a6c9-487437356628@group-DFDA87116952-FollowerState] INFO  impl.FollowerState (FollowerState.java:run(152)) - d28e7615-a55a-42ee-a6c9-487437356628@group-DFDA87116952-FollowerState was interrupted
2023-07-12 21:54:05,102 [d28e7615-a55a-42ee-a6c9-487437356628@group-DFDA87116952-StateMachineUpdater] INFO  ratis.ContainerStateMachine (ContainerStateMachine.java:takeSnapshot(330)) - group-DFDA87116952: Taking a snapshot at:(t:1, i:1005) file /home/runner/work/ozone/ozone/hadoop-ozone/integration-test/target/test-dir/MiniOzoneClusterImpl-45e85e01-d716-41a3-b7bb-c5caf1d85614/datanode-0/data/ratis/7c002b24-39b5-4a73-b9a4-dfda87116952/sm/snapshot.1_1005
2023-07-12 21:54:05,103 [grpc-default-executor-9] INFO  server.GrpcLogAppender (GrpcLogAppender.java:onCompleted(428)) - b63666e2-1779-4ee0-a542-9862edee389f@group-DFDA87116952->d28e7615-a55a-42ee-a6c9-487437356628-AppendLogResponseHandler: follower responses appendEntries COMPLETED
2023-07-12 21:54:05,103 [grpc-default-executor-9] WARN  server.GrpcLogAppender (GrpcLogAppender.java:resetClient(137)) - b63666e2-1779-4ee0-a542-9862edee389f@group-DFDA87116952->d28e7615-a55a-42ee-a6c9-487437356628-GrpcLogAppender: Failed to getClient for d28e7615-a55a-42ee-a6c9-487437356628
org.apache.ratis.protocol.exceptions.AlreadyClosedException: b63666e2-1779-4ee0-a542-9862edee389f is already CLOSED
	at org.apache.ratis.util.PeerProxyMap$PeerAndProxy.getProxy(PeerProxyMap.java:61)
	at org.apache.ratis.util.PeerProxyMap.getProxy(PeerProxyMap.java:115)
	at org.apache.ratis.grpc.server.GrpcLogAppender.getClient(GrpcLogAppender.java:112)
	at org.apache.ratis.grpc.server.GrpcLogAppender.resetClient(GrpcLogAppender.java:117)
	at org.apache.ratis.grpc.server.GrpcLogAppender.access$500(GrpcLogAppender.java:56)
	at org.apache.ratis.grpc.server.GrpcLogAppender$AppendLogResponseHandler.onCompleted(GrpcLogAppender.java:429)
	at org.apache.ratis.thirdparty.io.grpc.stub.ClientCalls$StreamObserverToCallListenerAdapter.onClose(ClientCalls.java:485)
	at org.apache.ratis.thirdparty.io.grpc.internal.ClientCallImpl.closeObserver(ClientCallImpl.java:563)
	at org.apache.ratis.thirdparty.io.grpc.internal.ClientCallImpl.access$300(ClientCallImpl.java:70)
	at org.apache.ratis.thirdparty.io.grpc.internal.ClientCallImpl$ClientStreamListenerImpl$1StreamClosed.runInternal(ClientCallImpl.java:744)
	at org.apache.ratis.thirdparty.io.grpc.internal.ClientCallImpl$ClientStreamListenerImpl$1StreamClosed.runInContext(ClientCallImpl.java:723)
	at org.apache.ratis.thirdparty.io.grpc.internal.ContextRunnable.run(ContextRunnable.java:37)
	at org.apache.ratis.thirdparty.io.grpc.internal.SerializingExecutor.run(SerializingExecutor.java:133)
	at java.util.concurrent.ThreadPoolExecutor.runWorker(ThreadPoolExecutor.java:1149)
	at java.util.concurrent.ThreadPoolExecutor$Worker.run(ThreadPoolExecutor.java:624)
	at java.lang.Thread.run(Thread.java:750)
2023-07-12 21:54:05,107 [ForkJoinPool.commonPool-worker-1] INFO  server.GrpcService (GrpcService.java:closeImpl(320)) - d28e7615-a55a-42ee-a6c9-487437356628: shutdown server org.apache.ratis.grpc.server.GrpcClientProtocolService successfully
2023-07-12 21:54:05,107 [ForkJoinPool.commonPool-worker-1] INFO  server.GrpcService (GrpcService.java:closeImpl(311)) - d28e7615-a55a-42ee-a6c9-487437356628: shutdown server GrpcServerProtocolService now
2023-07-12 21:54:05,107 [grpc-default-executor-9] INFO  server.GrpcServerProtocolService (GrpcServerProtocolService.java:onCompleted(155)) - 2503d6b5-7af3-43aa-ac32-7e71e8cb8062: Completed APPEND_ENTRIES, lastRequest: b63666e2-1779-4ee0-a542-9862edee389f->2503d6b5-7af3-43aa-ac32-7e71e8cb8062#1129-t1,previous=(t:1, i:1004),leaderCommit=1004,initializing? true,entries: size=1, first=(t:1, i:1005), METADATAENTRY(c:1004)
2023-07-12 21:54:05,107 [grpc-default-executor-9] INFO  server.GrpcServerProtocolService (GrpcServerProtocolService.java:lambda$onCompleted$5(157)) - 2503d6b5-7af3-43aa-ac32-7e71e8cb8062: Completed APPEND_ENTRIES, lastReply: null
2023-07-12 21:54:05,110 [grpc-default-executor-5] INFO  server.GrpcLogAppender (GrpcLogAppender.java:onCompleted(428)) - b63666e2-1779-4ee0-a542-9862edee389f@group-DFDA87116952->2503d6b5-7af3-43aa-ac32-7e71e8cb8062-AppendLogResponseHandler: follower responses appendEntries COMPLETED
2023-07-12 21:54:05,110 [grpc-default-executor-5] WARN  server.GrpcLogAppender (GrpcLogAppender.java:resetClient(137)) - b63666e2-1779-4ee0-a542-9862edee389f@group-DFDA87116952->2503d6b5-7af3-43aa-ac32-7e71e8cb8062-GrpcLogAppender: Failed to getClient for 2503d6b5-7af3-43aa-ac32-7e71e8cb8062
org.apache.ratis.protocol.exceptions.AlreadyClosedException: b63666e2-1779-4ee0-a542-9862edee389f is already CLOSED
	at org.apache.ratis.util.PeerProxyMap$PeerAndProxy.getProxy(PeerProxyMap.java:61)
	at org.apache.ratis.util.PeerProxyMap.getProxy(PeerProxyMap.java:115)
	at org.apache.ratis.grpc.server.GrpcLogAppender.getClient(GrpcLogAppender.java:112)
	at org.apache.ratis.grpc.server.GrpcLogAppender.resetClient(GrpcLogAppender.java:117)
	at org.apache.ratis.grpc.server.GrpcLogAppender.access$500(GrpcLogAppender.java:56)
	at org.apache.ratis.grpc.server.GrpcLogAppender$AppendLogResponseHandler.onCompleted(GrpcLogAppender.java:429)
	at org.apache.ratis.thirdparty.io.grpc.stub.ClientCalls$StreamObserverToCallListenerAdapter.onClose(ClientCalls.java:485)
	at org.apache.ratis.thirdparty.io.grpc.internal.ClientCallImpl.closeObserver(ClientCallImpl.java:563)
	at org.apache.ratis.thirdparty.io.grpc.internal.ClientCallImpl.access$300(ClientCallImpl.java:70)
	at org.apache.ratis.thirdparty.io.grpc.internal.ClientCallImpl$ClientStreamListenerImpl$1StreamClosed.runInternal(ClientCallImpl.java:744)
	at org.apache.ratis.thirdparty.io.grpc.internal.ClientCallImpl$ClientStreamListenerImpl$1StreamClosed.runInContext(ClientCallImpl.java:723)
	at org.apache.ratis.thirdparty.io.grpc.internal.ContextRunnable.run(ContextRunnable.java:37)
	at org.apache.ratis.thirdparty.io.grpc.internal.SerializingExecutor.run(SerializingExecutor.java:133)
	at java.util.concurrent.ThreadPoolExecutor.runWorker(ThreadPoolExecutor.java:1149)
	at java.util.concurrent.ThreadPoolExecutor$Worker.run(ThreadPoolExecutor.java:624)
	at java.lang.Thread.run(Thread.java:750)
2023-07-12 21:54:05,111 [grpc-default-executor-9] INFO  server.GrpcServerProtocolService (GrpcServerProtocolService.java:onCompleted(155)) - 2503d6b5-7af3-43aa-ac32-7e71e8cb8062: Completed APPEND_ENTRIES, lastRequest: null
2023-07-12 21:54:05,112 [grpc-default-executor-9] INFO  server.GrpcServerProtocolService (GrpcServerProtocolService.java:lambda$onCompleted$5(157)) - 2503d6b5-7af3-43aa-ac32-7e71e8cb8062: Completed APPEND_ENTRIES, lastReply: serverReply {
  requestorId: "b63666e2-1779-4ee0-a542-9862edee389f"
  replyId: "2503d6b5-7af3-43aa-ac32-7e71e8cb8062"
  raftGroupId {
    id: "|\000+$9\265Js\271\244\337\332\207\021iR"
  }
  callId: 1134
  success: true
}
term: 1
nextIndex: 1006
followerCommit: 1005
matchIndex: 18446744073709551615
isHearbeat: true

2023-07-12 21:54:05,112 [ForkJoinPool.commonPool-worker-0] INFO  ozoneimpl.OzoneContainer (OzoneContainer.java:stop(441)) - Attempting to stop container services.
2023-07-12 21:54:05,113 [grpc-default-executor-5] INFO  server.GrpcLogAppender (GrpcLogAppender.java:onCompleted(428)) - b63666e2-1779-4ee0-a542-9862edee389f@group-DFDA87116952->2503d6b5-7af3-43aa-ac32-7e71e8cb8062-AppendLogResponseHandler: follower responses appendEntries COMPLETED
2023-07-12 21:54:05,132 [grpc-default-executor-5] WARN  server.GrpcLogAppender (GrpcLogAppender.java:resetClient(137)) - b63666e2-1779-4ee0-a542-9862edee389f@group-DFDA87116952->2503d6b5-7af3-43aa-ac32-7e71e8cb8062-GrpcLogAppender: Failed to getClient for 2503d6b5-7af3-43aa-ac32-7e71e8cb8062
org.apache.ratis.protocol.exceptions.AlreadyClosedException: b63666e2-1779-4ee0-a542-9862edee389f is already CLOSED
	at org.apache.ratis.util.PeerProxyMap$PeerAndProxy.getProxy(PeerProxyMap.java:61)
	at org.apache.ratis.util.PeerProxyMap.getProxy(PeerProxyMap.java:115)
	at org.apache.ratis.grpc.server.GrpcLogAppender.getClient(GrpcLogAppender.java:112)
	at org.apache.ratis.grpc.server.GrpcLogAppender.resetClient(GrpcLogAppender.java:117)
	at org.apache.ratis.grpc.server.GrpcLogAppender.access$500(GrpcLogAppender.java:56)
	at org.apache.ratis.grpc.server.GrpcLogAppender$AppendLogResponseHandler.onCompleted(GrpcLogAppender.java:429)
	at org.apache.ratis.thirdparty.io.grpc.stub.ClientCalls$StreamObserverToCallListenerAdapter.onClose(ClientCalls.java:485)
	at org.apache.ratis.thirdparty.io.grpc.internal.ClientCallImpl.closeObserver(ClientCallImpl.java:563)
	at org.apache.ratis.thirdparty.io.grpc.internal.ClientCallImpl.access$300(ClientCallImpl.java:70)
	at org.apache.ratis.thirdparty.io.grpc.internal.ClientCallImpl$ClientStreamListenerImpl$1StreamClosed.runInternal(ClientCallImpl.java:744)
	at org.apache.ratis.thirdparty.io.grpc.internal.ClientCallImpl$ClientStreamListenerImpl$1StreamClosed.runInContext(ClientCallImpl.java:723)
	at org.apache.ratis.thirdparty.io.grpc.internal.ContextRunnable.run(ContextRunnable.java:37)
	at org.apache.ratis.thirdparty.io.grpc.internal.SerializingExecutor.run(SerializingExecutor.java:133)
	at java.util.concurrent.ThreadPoolExecutor.runWorker(ThreadPoolExecutor.java:1149)
	at java.util.concurrent.ThreadPoolExecutor$Worker.run(ThreadPoolExecutor.java:624)
	at java.lang.Thread.run(Thread.java:750)
2023-07-12 21:54:05,118 [grpc-default-executor-9] WARN  server.GrpcServerProtocolService (LogUtils.java:warn(122)) - d28e7615-a55a-42ee-a6c9-487437356628: APPEND_ENTRIES onError, lastRequest: 2503d6b5-7af3-43aa-ac32-7e71e8cb8062->d28e7615-a55a-42ee-a6c9-487437356628#1177-t1,previous=(t:1, i:1076),leaderCommit=1076,initializing? true,entries: size=1, first=(t:1, i:1077), METADATAENTRY(c:1076): org.apache.ratis.thirdparty.io.grpc.StatusRuntimeException: CANCELLED: client cancelled
2023-07-12 21:54:05,117 [d28e7615-a55a-42ee-a6c9-487437356628@group-B0E0F9104BB7-StateMachineUpdater] INFO  ratis.ContainerStateMachine (ContainerStateMachine.java:takeSnapshot(341)) - group-B0E0F9104BB7: Finished taking a snapshot at:(t:1, i:1077) file:/home/runner/work/ozone/ozone/hadoop-ozone/integration-test/target/test-dir/MiniOzoneClusterImpl-45e85e01-d716-41a3-b7bb-c5caf1d85614/datanode-0/data/ratis/5c35cb4c-61c9-4cfe-b839-b0e0f9104bb7/sm/snapshot.1_1077 took: 88 ms
2023-07-12 21:54:05,117 [b63666e2-1779-4ee0-a542-9862edee389f@group-B0E0F9104BB7-StateMachineUpdater] INFO  ratis.ContainerStateMachine (ContainerStateMachine.java:takeSnapshot(341)) - group-B0E0F9104BB7: Finished taking a snapshot at:(t:1, i:1077) file:/home/runner/work/ozone/ozone/hadoop-ozone/integration-test/target/test-dir/MiniOzoneClusterImpl-45e85e01-d716-41a3-b7bb-c5caf1d85614/datanode-1/data/ratis/5c35cb4c-61c9-4cfe-b839-b0e0f9104bb7/sm/snapshot.1_1077 took: 115 ms
2023-07-12 21:54:05,117 [d28e7615-a55a-42ee-a6c9-487437356628@group-DFDA87116952-StateMachineUpdater] INFO  ratis.ContainerStateMachine (ContainerStateMachine.java:takeSnapshot(341)) - group-DFDA87116952: Finished taking a snapshot at:(t:1, i:1005) file:/home/runner/work/ozone/ozone/hadoop-ozone/integration-test/target/test-dir/MiniOzoneClusterImpl-45e85e01-d716-41a3-b7bb-c5caf1d85614/datanode-0/data/ratis/7c002b24-39b5-4a73-b9a4-dfda87116952/sm/snapshot.1_1005 took: 14 ms
2023-07-12 21:54:05,116 [b63666e2-1779-4ee0-a542-9862edee389f@group-DFDA87116952-StateMachineUpdater] INFO  ratis.ContainerStateMachine (ContainerStateMachine.java:takeSnapshot(341)) - group-DFDA87116952: Finished taking a snapshot at:(t:1, i:1005) file:/home/runner/work/ozone/ozone/hadoop-ozone/integration-test/target/test-dir/MiniOzoneClusterImpl-45e85e01-d716-41a3-b7bb-c5caf1d85614/datanode-1/data/ratis/7c002b24-39b5-4a73-b9a4-dfda87116952/sm/snapshot.1_1005 took: 99 ms
2023-07-12 21:54:05,115 [d28e7615-a55a-42ee-a6c9-487437356628@group-95A1126C4AFC-StateMachineUpdater] INFO  ratis.ContainerStateMachine (ContainerStateMachine.java:takeSnapshot(341)) - group-95A1126C4AFC: Finished taking a snapshot at:(t:1, i:0) file:/home/runner/work/ozone/ozone/hadoop-ozone/integration-test/target/test-dir/MiniOzoneClusterImpl-45e85e01-d716-41a3-b7bb-c5caf1d85614/datanode-0/data/ratis/c89e3df9-7e96-42ad-8e85-95a1126c4afc/sm/snapshot.1_0 took: 88 ms
2023-07-12 21:54:05,137 [d28e7615-a55a-42ee-a6c9-487437356628@group-95A1126C4AFC-StateMachineUpdater] INFO  impl.StateMachineUpdater (StateMachineUpdater.java:takeSnapshot(291)) - d28e7615-a55a-42ee-a6c9-487437356628@group-95A1126C4AFC-StateMachineUpdater: Took a snapshot at index 0
2023-07-12 21:54:05,137 [d28e7615-a55a-42ee-a6c9-487437356628@group-95A1126C4AFC-StateMachineUpdater] INFO  impl.StateMachineUpdater (StateMachineUpdater.java:lambda$new$0(97)) - d28e7615-a55a-42ee-a6c9-487437356628@group-95A1126C4AFC-StateMachineUpdater: snapshotIndex: updateIncreasingly -1 -> 0
2023-07-12 21:54:05,114 [b63666e2-1779-4ee0-a542-9862edee389f@group-7865315563FB-StateMachineUpdater] INFO  ratis.ContainerStateMachine (ContainerStateMachine.java:takeSnapshot(341)) - group-7865315563FB: Finished taking a snapshot at:(t:1, i:0) file:/home/runner/work/ozone/ozone/hadoop-ozone/integration-test/target/test-dir/MiniOzoneClusterImpl-45e85e01-d716-41a3-b7bb-c5caf1d85614/datanode-1/data/ratis/6b5e0819-c75a-4ff4-84dc-7865315563fb/sm/snapshot.1_0 took: 103 ms
2023-07-12 21:54:05,114 [ForkJoinPool.commonPool-worker-0] INFO  server.RaftServer (RaftServerProxy.java:lambda$close$6(416)) - 2503d6b5-7af3-43aa-ac32-7e71e8cb8062: close
2023-07-12 21:54:05,138 [b63666e2-1779-4ee0-a542-9862edee389f@group-7865315563FB-StateMachineUpdater] INFO  impl.StateMachineUpdater (StateMachineUpdater.java:takeSnapshot(291)) - b63666e2-1779-4ee0-a542-9862edee389f@group-7865315563FB-StateMachineUpdater: Took a snapshot at index 0
2023-07-12 21:54:05,138 [b63666e2-1779-4ee0-a542-9862edee389f@group-7865315563FB-StateMachineUpdater] INFO  impl.StateMachineUpdater (StateMachineUpdater.java:lambda$new$0(97)) - b63666e2-1779-4ee0-a542-9862edee389f@group-7865315563FB-StateMachineUpdater: snapshotIndex: updateIncreasingly -1 -> 0
2023-07-12 21:54:05,136 [grpc-default-executor-3] WARN  server.GrpcLogAppender (LogUtils.java:warn(122)) - 2503d6b5-7af3-43aa-ac32-7e71e8cb8062@group-B0E0F9104BB7->d28e7615-a55a-42ee-a6c9-487437356628-AppendLogResponseHandler: Failed appendEntries: org.apache.ratis.thirdparty.io.grpc.StatusRuntimeException: CANCELLED: RST_STREAM closed stream. HTTP/2 error code: CANCEL
2023-07-12 21:54:05,138 [2503d6b5-7af3-43aa-ac32-7e71e8cb8062-impl-thread1] INFO  server.RaftServer$Division (RaftServerImpl.java:lambda$close$4(466)) - 2503d6b5-7af3-43aa-ac32-7e71e8cb8062@group-B0E0F9104BB7: shutdown
2023-07-12 21:54:05,138 [2503d6b5-7af3-43aa-ac32-7e71e8cb8062-impl-thread1] INFO  util.JmxRegister (JmxRegister.java:unregister(73)) - Successfully un-registered JMX Bean with object name Ratis:service=RaftServer,group=group-B0E0F9104BB7,id=2503d6b5-7af3-43aa-ac32-7e71e8cb8062
2023-07-12 21:54:05,138 [2503d6b5-7af3-43aa-ac32-7e71e8cb8062-impl-thread1] INFO  impl.RoleInfo (RoleInfo.java:shutdownLeaderState(93)) - 2503d6b5-7af3-43aa-ac32-7e71e8cb8062: shutdown 2503d6b5-7af3-43aa-ac32-7e71e8cb8062@group-B0E0F9104BB7-LeaderStateImpl
2023-07-12 21:54:05,138 [d28e7615-a55a-42ee-a6c9-487437356628@group-B0E0F9104BB7-StateMachineUpdater] INFO  impl.StateMachineUpdater (StateMachineUpdater.java:takeSnapshot(291)) - d28e7615-a55a-42ee-a6c9-487437356628@group-B0E0F9104BB7-StateMachineUpdater: Took a snapshot at index 1077
2023-07-12 21:54:05,138 [d28e7615-a55a-42ee-a6c9-487437356628@group-B0E0F9104BB7-StateMachineUpdater] INFO  impl.StateMachineUpdater (StateMachineUpdater.java:lambda$new$0(97)) - d28e7615-a55a-42ee-a6c9-487437356628@group-B0E0F9104BB7-StateMachineUpdater: snapshotIndex: updateIncreasingly -1 -> 1077
2023-07-12 21:54:05,139 [b63666e2-1779-4ee0-a542-9862edee389f@group-DFDA87116952-StateMachineUpdater] INFO  impl.StateMachineUpdater (StateMachineUpdater.java:takeSnapshot(291)) - b63666e2-1779-4ee0-a542-9862edee389f@group-DFDA87116952-StateMachineUpdater: Took a snapshot at index 1005
2023-07-12 21:54:05,139 [b63666e2-1779-4ee0-a542-9862edee389f@group-DFDA87116952-StateMachineUpdater] INFO  impl.StateMachineUpdater (StateMachineUpdater.java:lambda$new$0(97)) - b63666e2-1779-4ee0-a542-9862edee389f@group-DFDA87116952-StateMachineUpdater: snapshotIndex: updateIncreasingly -1 -> 1005
2023-07-12 21:54:05,139 [b63666e2-1779-4ee0-a542-9862edee389f@group-B0E0F9104BB7-StateMachineUpdater] INFO  impl.StateMachineUpdater (StateMachineUpdater.java:takeSnapshot(291)) - b63666e2-1779-4ee0-a542-9862edee389f@group-B0E0F9104BB7-StateMachineUpdater: Took a snapshot at index 1077
2023-07-12 21:54:05,139 [b63666e2-1779-4ee0-a542-9862edee389f@group-B0E0F9104BB7-StateMachineUpdater] INFO  impl.StateMachineUpdater (StateMachineUpdater.java:lambda$new$0(97)) - b63666e2-1779-4ee0-a542-9862edee389f@group-B0E0F9104BB7-StateMachineUpdater: snapshotIndex: updateIncreasingly -1 -> 1077
2023-07-12 21:54:05,139 [grpc-default-executor-5] WARN  server.GrpcServerProtocolService (LogUtils.java:warn(122)) - d28e7615-a55a-42ee-a6c9-487437356628: APPEND_ENTRIES onError, lastRequest: null: org.apache.ratis.thirdparty.io.grpc.StatusRuntimeException: CANCELLED: client cancelled
2023-07-12 21:54:05,140 [main] INFO  server.GrpcService (GrpcService.java:closeImpl(320)) - b63666e2-1779-4ee0-a542-9862edee389f: shutdown server org.apache.ratis.grpc.server.GrpcClientProtocolService successfully
2023-07-12 21:54:05,140 [main] INFO  server.GrpcService (GrpcService.java:closeImpl(311)) - b63666e2-1779-4ee0-a542-9862edee389f: shutdown server GrpcServerProtocolService now
2023-07-12 21:54:05,141 [2503d6b5-7af3-43aa-ac32-7e71e8cb8062-impl-thread1] INFO  impl.PendingRequests (PendingRequests.java:sendNotLeaderResponses(289)) - 2503d6b5-7af3-43aa-ac32-7e71e8cb8062@group-B0E0F9104BB7-PendingRequests: sendNotLeaderResponses
2023-07-12 21:54:05,141 [2503d6b5-7af3-43aa-ac32-7e71e8cb8062@group-B0E0F9104BB7->b63666e2-1779-4ee0-a542-9862edee389f-GrpcLogAppender-LogAppenderDaemon] WARN  server.GrpcLogAppender (GrpcLogAppender.java:mayWait(199)) - 2503d6b5-7af3-43aa-ac32-7e71e8cb8062@group-B0E0F9104BB7->b63666e2-1779-4ee0-a542-9862edee389f-GrpcLogAppender: Wait interrupted by java.lang.InterruptedException
2023-07-12 21:54:05,141 [2503d6b5-7af3-43aa-ac32-7e71e8cb8062@group-B0E0F9104BB7->d28e7615-a55a-42ee-a6c9-487437356628-GrpcLogAppender-LogAppenderDaemon] WARN  server.GrpcLogAppender (GrpcLogAppender.java:mayWait(199)) - 2503d6b5-7af3-43aa-ac32-7e71e8cb8062@group-B0E0F9104BB7->d28e7615-a55a-42ee-a6c9-487437356628-GrpcLogAppender: Wait interrupted by java.lang.InterruptedException
2023-07-12 21:54:05,143 [d28e7615-a55a-42ee-a6c9-487437356628@group-DFDA87116952-StateMachineUpdater] INFO  impl.StateMachineUpdater (StateMachineUpdater.java:takeSnapshot(291)) - d28e7615-a55a-42ee-a6c9-487437356628@group-DFDA87116952-StateMachineUpdater: Took a snapshot at index 1005
2023-07-12 21:54:05,143 [d28e7615-a55a-42ee-a6c9-487437356628@group-DFDA87116952-StateMachineUpdater] INFO  impl.StateMachineUpdater (StateMachineUpdater.java:lambda$new$0(97)) - d28e7615-a55a-42ee-a6c9-487437356628@group-DFDA87116952-StateMachineUpdater: snapshotIndex: updateIncreasingly -1 -> 1005
2023-07-12 21:54:05,143 [2503d6b5-7af3-43aa-ac32-7e71e8cb8062-impl-thread1] INFO  impl.StateMachineUpdater (StateMachineUpdater.java:stopAndJoin(155)) - 2503d6b5-7af3-43aa-ac32-7e71e8cb8062@group-B0E0F9104BB7-StateMachineUpdater: set stopIndex = 1077
2023-07-12 21:54:05,144 [ForkJoinPool.commonPool-worker-1] INFO  server.GrpcService (GrpcService.java:closeImpl(320)) - d28e7615-a55a-42ee-a6c9-487437356628: shutdown server GrpcServerProtocolService successfully
2023-07-12 21:54:05,144 [ForkJoinPool.commonPool-worker-1] INFO  server.GrpcService (GrpcService.java:closeImpl(311)) - d28e7615-a55a-42ee-a6c9-487437356628: shutdown server org.apache.ratis.grpc.server.GrpcAdminProtocolService now
2023-07-12 21:54:05,144 [grpc-default-executor-0] WARN  server.GrpcServerProtocolService (LogUtils.java:warn(122)) - b63666e2-1779-4ee0-a542-9862edee389f: APPEND_ENTRIES onError, lastRequest: null: org.apache.ratis.thirdparty.io.grpc.StatusRuntimeException: CANCELLED: client cancelled
2023-07-12 21:54:05,144 [grpc-default-executor-9] WARN  server.GrpcServerProtocolService (LogUtils.java:warn(122)) - b63666e2-1779-4ee0-a542-9862edee389f: APPEND_ENTRIES onError, lastRequest: 2503d6b5-7af3-43aa-ac32-7e71e8cb8062->b63666e2-1779-4ee0-a542-9862edee389f#1199-t1,previous=(t:1, i:1076),leaderCommit=1076,initializing? true,entries: size=1, first=(t:1, i:1077), METADATAENTRY(c:1076): org.apache.ratis.thirdparty.io.grpc.StatusRuntimeException: CANCELLED: client cancelled
2023-07-12 21:54:05,144 [2503d6b5-7af3-43aa-ac32-7e71e8cb8062@group-B0E0F9104BB7-StateMachineUpdater] INFO  ratis.ContainerStateMachine (ContainerStateMachine.java:takeSnapshot(330)) - group-B0E0F9104BB7: Taking a snapshot at:(t:1, i:1077) file /home/runner/work/ozone/ozone/hadoop-ozone/integration-test/target/test-dir/MiniOzoneClusterImpl-45e85e01-d716-41a3-b7bb-c5caf1d85614/datanode-2/data/ratis/5c35cb4c-61c9-4cfe-b839-b0e0f9104bb7/sm/snapshot.1_1077
2023-07-12 21:54:05,145 [main] INFO  server.GrpcService (GrpcService.java:closeImpl(320)) - b63666e2-1779-4ee0-a542-9862edee389f: shutdown server GrpcServerProtocolService successfully
2023-07-12 21:54:05,145 [main] INFO  server.GrpcService (GrpcService.java:closeImpl(311)) - b63666e2-1779-4ee0-a542-9862edee389f: shutdown server org.apache.ratis.grpc.server.GrpcAdminProtocolService now
2023-07-12 21:54:05,145 [ForkJoinPool.commonPool-worker-0] INFO  server.GrpcService (GrpcService.java:closeImpl(311)) - 2503d6b5-7af3-43aa-ac32-7e71e8cb8062: shutdown server org.apache.ratis.grpc.server.GrpcClientProtocolService now
2023-07-12 21:54:05,145 [2503d6b5-7af3-43aa-ac32-7e71e8cb8062-impl-thread3] INFO  server.RaftServer$Division (RaftServerImpl.java:lambda$close$4(466)) - 2503d6b5-7af3-43aa-ac32-7e71e8cb8062@group-DFDA87116952: shutdown
2023-07-12 21:54:05,146 [2503d6b5-7af3-43aa-ac32-7e71e8cb8062@group-B0E0F9104BB7-StateMachineUpdater] INFO  ratis.ContainerStateMachine (ContainerStateMachine.java:takeSnapshot(341)) - group-B0E0F9104BB7: Finished taking a snapshot at:(t:1, i:1077) file:/home/runner/work/ozone/ozone/hadoop-ozone/integration-test/target/test-dir/MiniOzoneClusterImpl-45e85e01-d716-41a3-b7bb-c5caf1d85614/datanode-2/data/ratis/5c35cb4c-61c9-4cfe-b839-b0e0f9104bb7/sm/snapshot.1_1077 took: 2 ms
2023-07-12 21:54:05,146 [2503d6b5-7af3-43aa-ac32-7e71e8cb8062@group-B0E0F9104BB7-StateMachineUpdater] INFO  impl.StateMachineUpdater (StateMachineUpdater.java:takeSnapshot(291)) - 2503d6b5-7af3-43aa-ac32-7e71e8cb8062@group-B0E0F9104BB7-StateMachineUpdater: Took a snapshot at index 1077
2023-07-12 21:54:05,146 [2503d6b5-7af3-43aa-ac32-7e71e8cb8062@group-B0E0F9104BB7-StateMachineUpdater] INFO  impl.StateMachineUpdater (StateMachineUpdater.java:lambda$new$0(97)) - 2503d6b5-7af3-43aa-ac32-7e71e8cb8062@group-B0E0F9104BB7-StateMachineUpdater: snapshotIndex: updateIncreasingly -1 -> 1077
2023-07-12 21:54:05,146 [2503d6b5-7af3-43aa-ac32-7e71e8cb8062-impl-thread3] INFO  util.JmxRegister (JmxRegister.java:unregister(73)) - Successfully un-registered JMX Bean with object name Ratis:service=RaftServer,group=group-DFDA87116952,id=2503d6b5-7af3-43aa-ac32-7e71e8cb8062
2023-07-12 21:54:05,146 [2503d6b5-7af3-43aa-ac32-7e71e8cb8062-impl-thread3] INFO  impl.RoleInfo (RoleInfo.java:shutdownFollowerState(110)) - 2503d6b5-7af3-43aa-ac32-7e71e8cb8062: shutdown 2503d6b5-7af3-43aa-ac32-7e71e8cb8062@group-DFDA87116952-FollowerState
2023-07-12 21:54:05,147 [2503d6b5-7af3-43aa-ac32-7e71e8cb8062-impl-thread2] INFO  server.RaftServer$Division (RaftServerImpl.java:lambda$close$4(466)) - 2503d6b5-7af3-43aa-ac32-7e71e8cb8062@group-FEF36AEACD00: shutdown
2023-07-12 21:54:05,147 [2503d6b5-7af3-43aa-ac32-7e71e8cb8062-impl-thread2] INFO  util.JmxRegister (JmxRegister.java:unregister(73)) - Successfully un-registered JMX Bean with object name Ratis:service=RaftServer,group=group-FEF36AEACD00,id=2503d6b5-7af3-43aa-ac32-7e71e8cb8062
2023-07-12 21:54:05,147 [2503d6b5-7af3-43aa-ac32-7e71e8cb8062-impl-thread2] INFO  impl.RoleInfo (RoleInfo.java:shutdownLeaderState(93)) - 2503d6b5-7af3-43aa-ac32-7e71e8cb8062: shutdown 2503d6b5-7af3-43aa-ac32-7e71e8cb8062@group-FEF36AEACD00-LeaderStateImpl
2023-07-12 21:54:05,147 [2503d6b5-7af3-43aa-ac32-7e71e8cb8062-impl-thread2] INFO  impl.PendingRequests (PendingRequests.java:sendNotLeaderResponses(289)) - 2503d6b5-7af3-43aa-ac32-7e71e8cb8062@group-FEF36AEACD00-PendingRequests: sendNotLeaderResponses
2023-07-12 21:54:05,147 [2503d6b5-7af3-43aa-ac32-7e71e8cb8062-impl-thread2] INFO  impl.StateMachineUpdater (StateMachineUpdater.java:stopAndJoin(155)) - 2503d6b5-7af3-43aa-ac32-7e71e8cb8062@group-FEF36AEACD00-StateMachineUpdater: set stopIndex = 0
2023-07-12 21:54:05,147 [2503d6b5-7af3-43aa-ac32-7e71e8cb8062@group-FEF36AEACD00-StateMachineUpdater] INFO  ratis.ContainerStateMachine (ContainerStateMachine.java:takeSnapshot(330)) - group-FEF36AEACD00: Taking a snapshot at:(t:1, i:0) file /home/runner/work/ozone/ozone/hadoop-ozone/integration-test/target/test-dir/MiniOzoneClusterImpl-45e85e01-d716-41a3-b7bb-c5caf1d85614/datanode-2/data/ratis/b8894ceb-be67-4054-843a-fef36aeacd00/sm/snapshot.1_0
2023-07-12 21:54:05,150 [2503d6b5-7af3-43aa-ac32-7e71e8cb8062-impl-thread3] INFO  impl.StateMachineUpdater (StateMachineUpdater.java:stopAndJoin(155)) - 2503d6b5-7af3-43aa-ac32-7e71e8cb8062@group-DFDA87116952-StateMachineUpdater: set stopIndex = 1005
2023-07-12 21:54:05,150 [2503d6b5-7af3-43aa-ac32-7e71e8cb8062@group-DFDA87116952-FollowerState] INFO  impl.FollowerState (FollowerState.java:run(152)) - 2503d6b5-7af3-43aa-ac32-7e71e8cb8062@group-DFDA87116952-FollowerState was interrupted
2023-07-12 21:54:05,150 [2503d6b5-7af3-43aa-ac32-7e71e8cb8062@group-DFDA87116952-StateMachineUpdater] INFO  ratis.ContainerStateMachine (ContainerStateMachine.java:takeSnapshot(330)) - group-DFDA87116952: Taking a snapshot at:(t:1, i:1005) file /home/runner/work/ozone/ozone/hadoop-ozone/integration-test/target/test-dir/MiniOzoneClusterImpl-45e85e01-d716-41a3-b7bb-c5caf1d85614/datanode-2/data/ratis/7c002b24-39b5-4a73-b9a4-dfda87116952/sm/snapshot.1_1005
2023-07-12 21:54:05,150 [grpc-default-executor-8] INFO  server.GrpcLogAppender (GrpcLogAppender.java:onError(417)) - 2503d6b5-7af3-43aa-ac32-7e71e8cb8062@group-B0E0F9104BB7->b63666e2-1779-4ee0-a542-9862edee389f-GrpcLogAppender is already stopped
2023-07-12 21:54:05,151 [grpc-default-executor-9] INFO  server.GrpcLogAppender (GrpcLogAppender.java:onError(417)) - 2503d6b5-7af3-43aa-ac32-7e71e8cb8062@group-B0E0F9104BB7->d28e7615-a55a-42ee-a6c9-487437356628-GrpcLogAppender is already stopped
2023-07-12 21:54:05,151 [ForkJoinPool.commonPool-worker-1] INFO  server.GrpcService (GrpcService.java:closeImpl(320)) - d28e7615-a55a-42ee-a6c9-487437356628: shutdown server org.apache.ratis.grpc.server.GrpcAdminProtocolService successfully
2023-07-12 21:54:05,151 [d28e7615-a55a-42ee-a6c9-487437356628-NettyServerStreamRpc-bossGroup--thread1] INFO  logging.LoggingHandler (AbstractInternalLogger.java:log(148)) - [id: 0x0c772bb5, L:/0:0:0:0:0:0:0:0:15015] CLOSE
2023-07-12 21:54:05,152 [d28e7615-a55a-42ee-a6c9-487437356628-NettyServerStreamRpc-bossGroup--thread1] INFO  logging.LoggingHandler (AbstractInternalLogger.java:log(148)) - [id: 0x0c772bb5, L:/0:0:0:0:0:0:0:0:15015] INACTIVE
2023-07-12 21:54:05,152 [2503d6b5-7af3-43aa-ac32-7e71e8cb8062@group-DFDA87116952-StateMachineUpdater] INFO  ratis.ContainerStateMachine (ContainerStateMachine.java:takeSnapshot(341)) - group-DFDA87116952: Finished taking a snapshot at:(t:1, i:1005) file:/home/runner/work/ozone/ozone/hadoop-ozone/integration-test/target/test-dir/MiniOzoneClusterImpl-45e85e01-d716-41a3-b7bb-c5caf1d85614/datanode-2/data/ratis/7c002b24-39b5-4a73-b9a4-dfda87116952/sm/snapshot.1_1005 took: 2 ms
2023-07-12 21:54:05,152 [d28e7615-a55a-42ee-a6c9-487437356628-NettyServerStreamRpc-bossGroup--thread1] INFO  logging.LoggingHandler (AbstractInternalLogger.java:log(148)) - [id: 0x0c772bb5, L:/0:0:0:0:0:0:0:0:15015] UNREGISTERED
2023-07-12 21:54:05,156 [main] INFO  server.GrpcService (GrpcService.java:closeImpl(320)) - b63666e2-1779-4ee0-a542-9862edee389f: shutdown server org.apache.ratis.grpc.server.GrpcAdminProtocolService successfully
2023-07-12 21:54:05,157 [d28e7615-a55a-42ee-a6c9-487437356628-impl-thread2] INFO  server.RaftServer$Division (ServerState.java:close(472)) - d28e7615-a55a-42ee-a6c9-487437356628@group-95A1126C4AFC: closes. applyIndex: 0
2023-07-12 21:54:05,161 [b63666e2-1779-4ee0-a542-9862edee389f-impl-thread2] INFO  server.RaftServer$Division (ServerState.java:close(472)) - b63666e2-1779-4ee0-a542-9862edee389f@group-7865315563FB: closes. applyIndex: 0
2023-07-12 21:54:05,161 [2503d6b5-7af3-43aa-ac32-7e71e8cb8062@group-FEF36AEACD00-StateMachineUpdater] INFO  ratis.ContainerStateMachine (ContainerStateMachine.java:takeSnapshot(341)) - group-FEF36AEACD00: Finished taking a snapshot at:(t:1, i:0) file:/home/runner/work/ozone/ozone/hadoop-ozone/integration-test/target/test-dir/MiniOzoneClusterImpl-45e85e01-d716-41a3-b7bb-c5caf1d85614/datanode-2/data/ratis/b8894ceb-be67-4054-843a-fef36aeacd00/sm/snapshot.1_0 took: 5 ms
2023-07-12 21:54:05,161 [2503d6b5-7af3-43aa-ac32-7e71e8cb8062@group-FEF36AEACD00-StateMachineUpdater] INFO  impl.StateMachineUpdater (StateMachineUpdater.java:takeSnapshot(291)) - 2503d6b5-7af3-43aa-ac32-7e71e8cb8062@group-FEF36AEACD00-StateMachineUpdater: Took a snapshot at index 0
2023-07-12 21:54:05,161 [2503d6b5-7af3-43aa-ac32-7e71e8cb8062@group-FEF36AEACD00-StateMachineUpdater] INFO  impl.StateMachineUpdater (StateMachineUpdater.java:lambda$new$0(97)) - 2503d6b5-7af3-43aa-ac32-7e71e8cb8062@group-FEF36AEACD00-StateMachineUpdater: snapshotIndex: updateIncreasingly -1 -> 0
2023-07-12 21:54:05,162 [2503d6b5-7af3-43aa-ac32-7e71e8cb8062@group-DFDA87116952-StateMachineUpdater] INFO  impl.StateMachineUpdater (StateMachineUpdater.java:takeSnapshot(291)) - 2503d6b5-7af3-43aa-ac32-7e71e8cb8062@group-DFDA87116952-StateMachineUpdater: Took a snapshot at index 1005
2023-07-12 21:54:05,162 [2503d6b5-7af3-43aa-ac32-7e71e8cb8062@group-DFDA87116952-StateMachineUpdater] INFO  impl.StateMachineUpdater (StateMachineUpdater.java:lambda$new$0(97)) - 2503d6b5-7af3-43aa-ac32-7e71e8cb8062@group-DFDA87116952-StateMachineUpdater: snapshotIndex: updateIncreasingly -1 -> 1005
2023-07-12 21:54:05,162 [2503d6b5-7af3-43aa-ac32-7e71e8cb8062-impl-thread2] INFO  server.RaftServer$Division (ServerState.java:close(472)) - 2503d6b5-7af3-43aa-ac32-7e71e8cb8062@group-FEF36AEACD00: closes. applyIndex: 0
2023-07-12 21:54:05,162 [b63666e2-1779-4ee0-a542-9862edee389f-NettyServerStreamRpc-bossGroup--thread1] INFO  logging.LoggingHandler (AbstractInternalLogger.java:log(148)) - [id: 0x3907b8eb, L:/0:0:0:0:0:0:0:0:15024] CLOSE
2023-07-12 21:54:05,162 [b63666e2-1779-4ee0-a542-9862edee389f-NettyServerStreamRpc-bossGroup--thread1] INFO  logging.LoggingHandler (AbstractInternalLogger.java:log(148)) - [id: 0x3907b8eb, L:/0:0:0:0:0:0:0:0:15024] INACTIVE
2023-07-12 21:54:05,162 [b63666e2-1779-4ee0-a542-9862edee389f-NettyServerStreamRpc-bossGroup--thread1] INFO  logging.LoggingHandler (AbstractInternalLogger.java:log(148)) - [id: 0x3907b8eb, L:/0:0:0:0:0:0:0:0:15024] UNREGISTERED
2023-07-12 21:54:05,163 [grpc-default-executor-3] INFO  leader.FollowerInfo (FollowerInfoImpl.java:lambda$new$0(52)) - 2503d6b5-7af3-43aa-ac32-7e71e8cb8062@group-B0E0F9104BB7->d28e7615-a55a-42ee-a6c9-487437356628: decreaseNextIndex nextIndex: updateUnconditionally 1078 -> 1077
2023-07-12 21:54:05,166 [2503d6b5-7af3-43aa-ac32-7e71e8cb8062-impl-thread3] INFO  server.RaftServer$Division (ServerState.java:close(472)) - 2503d6b5-7af3-43aa-ac32-7e71e8cb8062@group-DFDA87116952: closes. applyIndex: 1005
2023-07-12 21:54:05,168 [b63666e2-1779-4ee0-a542-9862edee389f-impl-thread1] INFO  server.RaftServer$Division (ServerState.java:close(472)) - b63666e2-1779-4ee0-a542-9862edee389f@group-B0E0F9104BB7: closes. applyIndex: 1077
2023-07-12 21:54:05,168 [b63666e2-1779-4ee0-a542-9862edee389f-impl-thread3] INFO  server.RaftServer$Division (ServerState.java:close(472)) - b63666e2-1779-4ee0-a542-9862edee389f@group-DFDA87116952: closes. applyIndex: 1005
2023-07-12 21:54:05,168 [2503d6b5-7af3-43aa-ac32-7e71e8cb8062-impl-thread1] INFO  server.RaftServer$Division (ServerState.java:close(472)) - 2503d6b5-7af3-43aa-ac32-7e71e8cb8062@group-B0E0F9104BB7: closes. applyIndex: 1077
2023-07-12 21:54:05,168 [d28e7615-a55a-42ee-a6c9-487437356628-impl-thread3] INFO  server.RaftServer$Division (ServerState.java:close(472)) - d28e7615-a55a-42ee-a6c9-487437356628@group-DFDA87116952: closes. applyIndex: 1005
2023-07-12 21:54:05,184 [grpc-default-executor-9] INFO  server.GrpcLogAppender (GrpcLogAppender.java:onError(417)) - 2503d6b5-7af3-43aa-ac32-7e71e8cb8062@group-B0E0F9104BB7->b63666e2-1779-4ee0-a542-9862edee389f-GrpcLogAppender is already stopped
2023-07-12 21:54:05,185 [Thread-801] INFO  server.GrpcServerProtocolClient (GrpcServerProtocolClient.java:close(103)) - b63666e2-1779-4ee0-a542-9862edee389f Close channels
2023-07-12 21:54:05,185 [Thread-800] INFO  server.GrpcServerProtocolClient (GrpcServerProtocolClient.java:close(103)) - d28e7615-a55a-42ee-a6c9-487437356628 Close channels
2023-07-12 21:54:05,185 [ForkJoinPool.commonPool-worker-0] INFO  server.GrpcService (GrpcService.java:closeImpl(320)) - 2503d6b5-7af3-43aa-ac32-7e71e8cb8062: shutdown server org.apache.ratis.grpc.server.GrpcClientProtocolService successfully
2023-07-12 21:54:05,185 [ForkJoinPool.commonPool-worker-0] INFO  server.GrpcService (GrpcService.java:closeImpl(311)) - 2503d6b5-7af3-43aa-ac32-7e71e8cb8062: shutdown server GrpcServerProtocolService now
2023-07-12 21:54:05,186 [d28e7615-a55a-42ee-a6c9-487437356628-impl-thread1] INFO  server.RaftServer$Division (ServerState.java:close(472)) - d28e7615-a55a-42ee-a6c9-487437356628@group-B0E0F9104BB7: closes. applyIndex: 1077
2023-07-12 21:54:05,192 [ForkJoinPool.commonPool-worker-0] INFO  server.GrpcService (GrpcService.java:closeImpl(320)) - 2503d6b5-7af3-43aa-ac32-7e71e8cb8062: shutdown server GrpcServerProtocolService successfully
2023-07-12 21:54:05,193 [ForkJoinPool.commonPool-worker-0] INFO  server.GrpcService (GrpcService.java:closeImpl(311)) - 2503d6b5-7af3-43aa-ac32-7e71e8cb8062: shutdown server org.apache.ratis.grpc.server.GrpcAdminProtocolService now
2023-07-12 21:54:05,195 [ForkJoinPool.commonPool-worker-0] INFO  server.GrpcService (GrpcService.java:closeImpl(320)) - 2503d6b5-7af3-43aa-ac32-7e71e8cb8062: shutdown server org.apache.ratis.grpc.server.GrpcAdminProtocolService successfully
2023-07-12 21:54:05,195 [2503d6b5-7af3-43aa-ac32-7e71e8cb8062-NettyServerStreamRpc-bossGroup--thread1] INFO  logging.LoggingHandler (AbstractInternalLogger.java:log(148)) - [id: 0xc0391576, L:/0:0:0:0:0:0:0:0:15033] CLOSE
2023-07-12 21:54:05,195 [2503d6b5-7af3-43aa-ac32-7e71e8cb8062-NettyServerStreamRpc-bossGroup--thread1] INFO  logging.LoggingHandler (AbstractInternalLogger.java:log(148)) - [id: 0xc0391576, L:/0:0:0:0:0:0:0:0:15033] INACTIVE
2023-07-12 21:54:05,195 [2503d6b5-7af3-43aa-ac32-7e71e8cb8062-NettyServerStreamRpc-bossGroup--thread1] INFO  logging.LoggingHandler (AbstractInternalLogger.java:log(148)) - [id: 0xc0391576, L:/0:0:0:0:0:0:0:0:15033] UNREGISTERED
2023-07-12 21:54:05,465 [2503d6b5-7af3-43aa-ac32-7e71e8cb8062-impl-thread1] INFO  segmented.SegmentedRaftLogWorker (SegmentedRaftLogWorker.java:close(252)) - 2503d6b5-7af3-43aa-ac32-7e71e8cb8062@group-B0E0F9104BB7-SegmentedRaftLogWorker close()
2023-07-12 21:54:05,475 [b63666e2-1779-4ee0-a542-9862edee389f-impl-thread1] INFO  segmented.SegmentedRaftLogWorker (SegmentedRaftLogWorker.java:close(252)) - b63666e2-1779-4ee0-a542-9862edee389f@group-B0E0F9104BB7-SegmentedRaftLogWorker close()
2023-07-12 21:54:05,476 [b63666e2-1779-4ee0-a542-9862edee389f-impl-thread2] INFO  segmented.SegmentedRaftLogWorker (SegmentedRaftLogWorker.java:close(252)) - b63666e2-1779-4ee0-a542-9862edee389f@group-7865315563FB-SegmentedRaftLogWorker close()
2023-07-12 21:54:05,478 [d28e7615-a55a-42ee-a6c9-487437356628-impl-thread1] INFO  segmented.SegmentedRaftLogWorker (SegmentedRaftLogWorker.java:close(252)) - d28e7615-a55a-42ee-a6c9-487437356628@group-B0E0F9104BB7-SegmentedRaftLogWorker close()
2023-07-12 21:54:05,641 [b63666e2-1779-4ee0-a542-9862edee389f-impl-thread3] INFO  segmented.SegmentedRaftLogWorker (SegmentedRaftLogWorker.java:close(252)) - b63666e2-1779-4ee0-a542-9862edee389f@group-DFDA87116952-SegmentedRaftLogWorker close()
2023-07-12 21:54:05,642 [JvmPauseMonitor3] INFO  util.JvmPauseMonitor (JvmPauseMonitor.java:run(109)) - JvmPauseMonitor-b63666e2-1779-4ee0-a542-9862edee389f: Stopped
2023-07-12 21:54:05,653 [d28e7615-a55a-42ee-a6c9-487437356628-impl-thread3] INFO  segmented.SegmentedRaftLogWorker (SegmentedRaftLogWorker.java:close(252)) - d28e7615-a55a-42ee-a6c9-487437356628@group-DFDA87116952-SegmentedRaftLogWorker close()
2023-07-12 21:54:05,654 [2503d6b5-7af3-43aa-ac32-7e71e8cb8062-impl-thread3] INFO  segmented.SegmentedRaftLogWorker (SegmentedRaftLogWorker.java:close(252)) - 2503d6b5-7af3-43aa-ac32-7e71e8cb8062@group-DFDA87116952-SegmentedRaftLogWorker close()
2023-07-12 21:54:05,921 [d28e7615-a55a-42ee-a6c9-487437356628-impl-thread2] INFO  segmented.SegmentedRaftLogWorker (SegmentedRaftLogWorker.java:close(252)) - d28e7615-a55a-42ee-a6c9-487437356628@group-95A1126C4AFC-SegmentedRaftLogWorker close()
2023-07-12 21:54:05,922 [JvmPauseMonitor2] INFO  util.JvmPauseMonitor (JvmPauseMonitor.java:run(109)) - JvmPauseMonitor-d28e7615-a55a-42ee-a6c9-487437356628: Stopped
2023-07-12 21:54:06,028 [2503d6b5-7af3-43aa-ac32-7e71e8cb8062-impl-thread2] INFO  segmented.SegmentedRaftLogWorker (SegmentedRaftLogWorker.java:close(252)) - 2503d6b5-7af3-43aa-ac32-7e71e8cb8062@group-FEF36AEACD00-SegmentedRaftLogWorker close()
2023-07-12 21:54:06,028 [JvmPauseMonitor4] INFO  util.JvmPauseMonitor (JvmPauseMonitor.java:run(109)) - JvmPauseMonitor-2503d6b5-7af3-43aa-ac32-7e71e8cb8062: Stopped
2023-07-12 21:54:07,661 [main] INFO  utils.DatanodeStoreCache (DatanodeStoreCache.java:shutdownCache(110)) - Skip clearing cache in mini cluster mode. Entries left: [/home/runner/work/ozone/ozone/hadoop-ozone/integration-test/target/test-dir/MiniOzoneClusterImpl-45e85e01-d716-41a3-b7bb-c5caf1d85614/datanode-0/data-0/containers/hdds/45e85e01-d716-41a3-b7bb-c5caf1d85614/DS-f473491f-e585-4186-a0c2-52edcb9b8f16/container.db, /home/runner/work/ozone/ozone/hadoop-ozone/integration-test/target/test-dir/MiniOzoneClusterImpl-45e85e01-d716-41a3-b7bb-c5caf1d85614/datanode-1/data-0/containers/hdds/45e85e01-d716-41a3-b7bb-c5caf1d85614/DS-93e0b29a-3702-49a2-b4db-971f9ac91517/container.db, /home/runner/work/ozone/ozone/hadoop-ozone/integration-test/target/test-dir/MiniOzoneClusterImpl-45e85e01-d716-41a3-b7bb-c5caf1d85614/datanode-2/data-0/containers/hdds/45e85e01-d716-41a3-b7bb-c5caf1d85614/DS-292f7ac1-273f-4eb0-a164-ac698f73cf67/container.db]
2023-07-12 21:54:07,663 [main] INFO  utils.DatanodeStoreCache (DatanodeStoreCache.java:removeDB(104)) - Removed db /home/runner/work/ozone/ozone/hadoop-ozone/integration-test/target/test-dir/MiniOzoneClusterImpl-45e85e01-d716-41a3-b7bb-c5caf1d85614/datanode-1/data-0/containers/hdds/45e85e01-d716-41a3-b7bb-c5caf1d85614/DS-93e0b29a-3702-49a2-b4db-971f9ac91517/container.db from cache
2023-07-12 21:54:07,663 [main] INFO  volume.HddsVolume (HddsVolume.java:closeDbStore(509)) - SchemaV3 db is stopped at /home/runner/work/ozone/ozone/hadoop-ozone/integration-test/target/test-dir/MiniOzoneClusterImpl-45e85e01-d716-41a3-b7bb-c5caf1d85614/datanode-1/data-0/containers/hdds/45e85e01-d716-41a3-b7bb-c5caf1d85614/DS-93e0b29a-3702-49a2-b4db-971f9ac91517/container.db for volume DS-93e0b29a-3702-49a2-b4db-971f9ac91517
2023-07-12 21:54:07,664 [main] INFO  utils.BackgroundService (BackgroundService.java:shutdown(141)) - Shutting down service BlockDeletingService
2023-07-12 21:54:07,665 [main] INFO  utils.BackgroundService (BackgroundService.java:shutdown(141)) - Shutting down service StaleRecoveringContainerScrubbingService
2023-07-12 21:54:07,666 [main] INFO  statemachine.DatanodeStateMachine (DatanodeStateMachine.java:stopDaemon(613)) - Ozone container server stopped.
2023-07-12 21:54:07,675 [main] INFO  handler.ContextHandler (ContextHandler.java:doStop(1159)) - Stopped o.e.j.w.WebAppContext@1f70777b{hddsDatanode,/,null,STOPPED}{jar:file:/home/runner/.m2/repository/org/apache/ozone/hdds-container-service/1.4.0-SNAPSHOT/hdds-container-service-1.4.0-SNAPSHOT.jar!/webapps/hddsDatanode}
2023-07-12 21:54:07,676 [main] INFO  server.AbstractConnector (AbstractConnector.java:doStop(383)) - Stopped ServerConnector@5ce0d1aa{HTTP/1.1, (http/1.1)}{0.0.0.0:15018}
2023-07-12 21:54:07,676 [main] INFO  server.session (HouseKeeper.java:stopScavenging(149)) - node0 Stopped scavenging
2023-07-12 21:54:07,677 [main] INFO  handler.ContextHandler (ContextHandler.java:doStop(1159)) - Stopped o.e.j.s.ServletContextHandler@59c66ec5{static,/static,jar:file:/home/runner/.m2/repository/org/apache/ozone/hdds-container-service/1.4.0-SNAPSHOT/hdds-container-service-1.4.0-SNAPSHOT.jar!/webapps/static,STOPPED}
2023-07-12 21:54:07,677 [main] INFO  handler.ContextHandler (ContextHandler.java:doStop(1159)) - Stopped o.e.j.s.ServletContextHandler@15b4f6b3{logs,/logs,file:///home/runner/work/ozone/ozone/hadoop-ozone/integration-test/target/log,STOPPED}
2023-07-12 21:54:07,678 [main] INFO  ozone.HddsDatanodeClientProtocolServer (HddsDatanodeClientProtocolServer.java:stop(78)) - Stopping the RPC server for Client Protocol
2023-07-12 21:54:07,678 [main] INFO  ipc.Server (Server.java:stop(3523)) - Stopping server on 15019
2023-07-12 21:54:07,678 [IPC Server Responder] INFO  ipc.Server (Server.java:run(1567)) - Stopping IPC Server Responder
2023-07-12 21:54:07,680 [IPC Server listener on 15019] INFO  ipc.Server (Server.java:run(1434)) - Stopping IPC Server listener on 15019
2023-07-12 21:54:07,927 [ForkJoinPool.commonPool-worker-1] INFO  utils.DatanodeStoreCache (DatanodeStoreCache.java:shutdownCache(110)) - Skip clearing cache in mini cluster mode. Entries left: [/home/runner/work/ozone/ozone/hadoop-ozone/integration-test/target/test-dir/MiniOzoneClusterImpl-45e85e01-d716-41a3-b7bb-c5caf1d85614/datanode-0/data-0/containers/hdds/45e85e01-d716-41a3-b7bb-c5caf1d85614/DS-f473491f-e585-4186-a0c2-52edcb9b8f16/container.db, /home/runner/work/ozone/ozone/hadoop-ozone/integration-test/target/test-dir/MiniOzoneClusterImpl-45e85e01-d716-41a3-b7bb-c5caf1d85614/datanode-2/data-0/containers/hdds/45e85e01-d716-41a3-b7bb-c5caf1d85614/DS-292f7ac1-273f-4eb0-a164-ac698f73cf67/container.db]
2023-07-12 21:54:07,929 [ForkJoinPool.commonPool-worker-1] INFO  utils.DatanodeStoreCache (DatanodeStoreCache.java:removeDB(104)) - Removed db /home/runner/work/ozone/ozone/hadoop-ozone/integration-test/target/test-dir/MiniOzoneClusterImpl-45e85e01-d716-41a3-b7bb-c5caf1d85614/datanode-0/data-0/containers/hdds/45e85e01-d716-41a3-b7bb-c5caf1d85614/DS-f473491f-e585-4186-a0c2-52edcb9b8f16/container.db from cache
2023-07-12 21:54:07,929 [ForkJoinPool.commonPool-worker-1] INFO  volume.HddsVolume (HddsVolume.java:closeDbStore(509)) - SchemaV3 db is stopped at /home/runner/work/ozone/ozone/hadoop-ozone/integration-test/target/test-dir/MiniOzoneClusterImpl-45e85e01-d716-41a3-b7bb-c5caf1d85614/datanode-0/data-0/containers/hdds/45e85e01-d716-41a3-b7bb-c5caf1d85614/DS-f473491f-e585-4186-a0c2-52edcb9b8f16/container.db for volume DS-f473491f-e585-4186-a0c2-52edcb9b8f16
2023-07-12 21:54:07,930 [ForkJoinPool.commonPool-worker-1] INFO  utils.BackgroundService (BackgroundService.java:shutdown(141)) - Shutting down service BlockDeletingService
2023-07-12 21:54:07,933 [ForkJoinPool.commonPool-worker-1] INFO  utils.BackgroundService (BackgroundService.java:shutdown(141)) - Shutting down service StaleRecoveringContainerScrubbingService
2023-07-12 21:54:07,934 [ForkJoinPool.commonPool-worker-1] INFO  statemachine.DatanodeStateMachine (DatanodeStateMachine.java:stopDaemon(613)) - Ozone container server stopped.
2023-07-12 21:54:07,945 [ForkJoinPool.commonPool-worker-1] INFO  handler.ContextHandler (ContextHandler.java:doStop(1159)) - Stopped o.e.j.w.WebAppContext@5b36d706{hddsDatanode,/,null,STOPPED}{jar:file:/home/runner/.m2/repository/org/apache/ozone/hdds-container-service/1.4.0-SNAPSHOT/hdds-container-service-1.4.0-SNAPSHOT.jar!/webapps/hddsDatanode}
2023-07-12 21:54:07,945 [ForkJoinPool.commonPool-worker-1] INFO  server.AbstractConnector (AbstractConnector.java:doStop(383)) - Stopped ServerConnector@7678bf95{HTTP/1.1, (http/1.1)}{0.0.0.0:15009}
2023-07-12 21:54:07,945 [ForkJoinPool.commonPool-worker-1] INFO  server.session (HouseKeeper.java:stopScavenging(149)) - node0 Stopped scavenging
2023-07-12 21:54:07,946 [ForkJoinPool.commonPool-worker-1] INFO  handler.ContextHandler (ContextHandler.java:doStop(1159)) - Stopped o.e.j.s.ServletContextHandler@744200de{static,/static,jar:file:/home/runner/.m2/repository/org/apache/ozone/hdds-container-service/1.4.0-SNAPSHOT/hdds-container-service-1.4.0-SNAPSHOT.jar!/webapps/static,STOPPED}
2023-07-12 21:54:07,946 [ForkJoinPool.commonPool-worker-1] INFO  handler.ContextHandler (ContextHandler.java:doStop(1159)) - Stopped o.e.j.s.ServletContextHandler@5d664d50{logs,/logs,file:///home/runner/work/ozone/ozone/hadoop-ozone/integration-test/target/log,STOPPED}
2023-07-12 21:54:07,947 [ForkJoinPool.commonPool-worker-1] INFO  ozone.HddsDatanodeClientProtocolServer (HddsDatanodeClientProtocolServer.java:stop(78)) - Stopping the RPC server for Client Protocol
2023-07-12 21:54:07,948 [ForkJoinPool.commonPool-worker-1] INFO  ipc.Server (Server.java:stop(3523)) - Stopping server on 15010
2023-07-12 21:54:07,948 [IPC Server listener on 15010] INFO  ipc.Server (Server.java:run(1434)) - Stopping IPC Server listener on 15010
2023-07-12 21:54:07,949 [IPC Server Responder] INFO  ipc.Server (Server.java:run(1567)) - Stopping IPC Server Responder
2023-07-12 21:54:08,033 [ForkJoinPool.commonPool-worker-0] INFO  utils.DatanodeStoreCache (DatanodeStoreCache.java:shutdownCache(110)) - Skip clearing cache in mini cluster mode. Entries left: [/home/runner/work/ozone/ozone/hadoop-ozone/integration-test/target/test-dir/MiniOzoneClusterImpl-45e85e01-d716-41a3-b7bb-c5caf1d85614/datanode-2/data-0/containers/hdds/45e85e01-d716-41a3-b7bb-c5caf1d85614/DS-292f7ac1-273f-4eb0-a164-ac698f73cf67/container.db]
2023-07-12 21:54:08,036 [ForkJoinPool.commonPool-worker-0] INFO  utils.DatanodeStoreCache (DatanodeStoreCache.java:removeDB(104)) - Removed db /home/runner/work/ozone/ozone/hadoop-ozone/integration-test/target/test-dir/MiniOzoneClusterImpl-45e85e01-d716-41a3-b7bb-c5caf1d85614/datanode-2/data-0/containers/hdds/45e85e01-d716-41a3-b7bb-c5caf1d85614/DS-292f7ac1-273f-4eb0-a164-ac698f73cf67/container.db from cache
2023-07-12 21:54:08,036 [ForkJoinPool.commonPool-worker-0] INFO  volume.HddsVolume (HddsVolume.java:closeDbStore(509)) - SchemaV3 db is stopped at /home/runner/work/ozone/ozone/hadoop-ozone/integration-test/target/test-dir/MiniOzoneClusterImpl-45e85e01-d716-41a3-b7bb-c5caf1d85614/datanode-2/data-0/containers/hdds/45e85e01-d716-41a3-b7bb-c5caf1d85614/DS-292f7ac1-273f-4eb0-a164-ac698f73cf67/container.db for volume DS-292f7ac1-273f-4eb0-a164-ac698f73cf67
2023-07-12 21:54:08,036 [ForkJoinPool.commonPool-worker-0] INFO  utils.BackgroundService (BackgroundService.java:shutdown(141)) - Shutting down service BlockDeletingService
2023-07-12 21:54:08,036 [ForkJoinPool.commonPool-worker-0] INFO  utils.BackgroundService (BackgroundService.java:shutdown(141)) - Shutting down service StaleRecoveringContainerScrubbingService
2023-07-12 21:54:08,037 [ForkJoinPool.commonPool-worker-0] INFO  statemachine.DatanodeStateMachine (DatanodeStateMachine.java:stopDaemon(613)) - Ozone container server stopped.
2023-07-12 21:54:08,047 [ForkJoinPool.commonPool-worker-0] INFO  handler.ContextHandler (ContextHandler.java:doStop(1159)) - Stopped o.e.j.w.WebAppContext@4c897679{hddsDatanode,/,null,STOPPED}{jar:file:/home/runner/.m2/repository/org/apache/ozone/hdds-container-service/1.4.0-SNAPSHOT/hdds-container-service-1.4.0-SNAPSHOT.jar!/webapps/hddsDatanode}
2023-07-12 21:54:08,048 [ForkJoinPool.commonPool-worker-0] INFO  server.AbstractConnector (AbstractConnector.java:doStop(383)) - Stopped ServerConnector@4009d97f{HTTP/1.1, (http/1.1)}{0.0.0.0:15027}
2023-07-12 21:54:08,048 [ForkJoinPool.commonPool-worker-0] INFO  server.session (HouseKeeper.java:stopScavenging(149)) - node0 Stopped scavenging
2023-07-12 21:54:08,048 [ForkJoinPool.commonPool-worker-0] INFO  handler.ContextHandler (ContextHandler.java:doStop(1159)) - Stopped o.e.j.s.ServletContextHandler@6559faf1{static,/static,jar:file:/home/runner/.m2/repository/org/apache/ozone/hdds-container-service/1.4.0-SNAPSHOT/hdds-container-service-1.4.0-SNAPSHOT.jar!/webapps/static,STOPPED}
2023-07-12 21:54:08,050 [ForkJoinPool.commonPool-worker-0] INFO  handler.ContextHandler (ContextHandler.java:doStop(1159)) - Stopped o.e.j.s.ServletContextHandler@3c3f2465{logs,/logs,file:///home/runner/work/ozone/ozone/hadoop-ozone/integration-test/target/log,STOPPED}
2023-07-12 21:54:08,050 [ForkJoinPool.commonPool-worker-0] INFO  ozone.HddsDatanodeClientProtocolServer (HddsDatanodeClientProtocolServer.java:stop(78)) - Stopping the RPC server for Client Protocol
2023-07-12 21:54:08,050 [ForkJoinPool.commonPool-worker-0] INFO  ipc.Server (Server.java:stop(3523)) - Stopping server on 15028
2023-07-12 21:54:08,051 [IPC Server Responder] INFO  ipc.Server (Server.java:run(1567)) - Stopping IPC Server Responder
2023-07-12 21:54:08,051 [IPC Server listener on 15028] INFO  ipc.Server (Server.java:run(1434)) - Stopping IPC Server listener on 15028
2023-07-12 21:54:08,052 [main] INFO  ozone.MiniOzoneClusterImpl (MiniOzoneClusterImpl.java:stopSCM(543)) - Stopping the StorageContainerManager
2023-07-12 21:54:08,053 [main] INFO  server.StorageContainerManager (StorageContainerManager.java:stop(1590)) - Container Balancer is not running.
2023-07-12 21:54:08,053 [main] INFO  server.StorageContainerManager (StorageContainerManager.java:stopReplicationManager(1723)) - Stopping Replication Manager Service.
2023-07-12 21:54:08,053 [main] INFO  replication.ReplicationManager (ReplicationManager.java:stop(319)) - Stopping Replication Monitor Thread.
2023-07-12 21:54:08,053 [main] INFO  server.StorageContainerManager (StorageContainerManager.java:stop(1599)) - Stopping the Datanode Admin Monitor.
2023-07-12 21:54:08,053 [ReplicationMonitor] INFO  replication.ReplicationManager (ReplicationManager.java:run(917)) - Replication Monitor Thread is stopped
2023-07-12 21:54:08,053 [main] INFO  server.StorageContainerManager (StorageContainerManager.java:stop(1606)) - Stopping datanode service RPC server
2023-07-12 21:54:08,053 [main] INFO  server.SCMDatanodeProtocolServer (SCMDatanodeProtocolServer.java:stop(424)) - Stopping the RPC server for DataNodes
2023-07-12 21:54:08,053 [main] INFO  ipc.Server (Server.java:stop(3523)) - Stopping server on 15002
2023-07-12 21:54:08,054 [Over Replicated Processor] WARN  replication.UnhealthyReplicationProcessor (UnhealthyReplicationProcessor.java:run(180)) - Over Replicated Processor interrupted. Exiting...
2023-07-12 21:54:08,053 [Under Replicated Processor] WARN  replication.UnhealthyReplicationProcessor (UnhealthyReplicationProcessor.java:run(180)) - Under Replicated Processor interrupted. Exiting...
2023-07-12 21:54:08,054 [IPC Server Responder] INFO  ipc.Server (Server.java:run(1567)) - Stopping IPC Server Responder
2023-07-12 21:54:08,055 [IPC Server listener on 15002] INFO  ipc.Server (Server.java:run(1434)) - Stopping IPC Server listener on 15002
2023-07-12 21:54:08,110 [SCM Heartbeat Processing Thread - 0] WARN  node.NodeStateManager (NodeStateManager.java:scheduleNextHealthCheck(874)) - Current Thread is interrupted, shutting down HB processing thread for Node Manager.
2023-07-12 21:54:08,111 [main] INFO  server.StorageContainerManager (StorageContainerManager.java:stop(1614)) - Stopping block service RPC server
2023-07-12 21:54:08,111 [main] INFO  server.SCMBlockProtocolServer (SCMBlockProtocolServer.java:stop(161)) - Stopping the RPC server for Block Protocol
2023-07-12 21:54:08,111 [main] INFO  ipc.Server (Server.java:stop(3523)) - Stopping server on 15001
2023-07-12 21:54:08,112 [IPC Server listener on 15001] INFO  ipc.Server (Server.java:run(1434)) - Stopping IPC Server listener on 15001
2023-07-12 21:54:08,113 [IPC Server Responder] INFO  ipc.Server (Server.java:run(1567)) - Stopping IPC Server Responder
2023-07-12 21:54:08,113 [main] INFO  server.StorageContainerManager (StorageContainerManager.java:stop(1621)) - Stopping the StorageContainerLocationProtocol RPC server
2023-07-12 21:54:08,113 [main] INFO  server.SCMClientProtocolServer (SCMClientProtocolServer.java:stop(209)) - Stopping the RPC server for Client Protocol
2023-07-12 21:54:08,113 [main] INFO  ipc.Server (Server.java:stop(3523)) - Stopping server on 15000
2023-07-12 21:54:08,114 [IPC Server listener on 15000] INFO  ipc.Server (Server.java:run(1434)) - Stopping IPC Server listener on 15000
2023-07-12 21:54:08,115 [main] INFO  server.StorageContainerManager (StorageContainerManager.java:stop(1628)) - Stopping Storage Container Manager HTTP server.
2023-07-12 21:54:08,115 [IPC Server Responder] INFO  ipc.Server (Server.java:run(1567)) - Stopping IPC Server Responder
2023-07-12 21:54:08,115 [main] INFO  handler.ContextHandler (ContextHandler.java:doStop(1159)) - Stopped o.e.j.w.WebAppContext@2914f916{scm,/,null,STOPPED}{file:/home/runner/work/ozone/ozone/hadoop-ozone/integration-test/target/test-classes/webapps/scm}
2023-07-12 21:54:08,116 [main] INFO  server.AbstractConnector (AbstractConnector.java:doStop(383)) - Stopped ServerConnector@41030c21{HTTP/1.1, (http/1.1)}{0.0.0.0:15003}
2023-07-12 21:54:08,116 [main] INFO  server.session (HouseKeeper.java:stopScavenging(149)) - node0 Stopped scavenging
2023-07-12 21:54:08,117 [main] INFO  handler.ContextHandler (ContextHandler.java:doStop(1159)) - Stopped o.e.j.s.ServletContextHandler@42e14655{static,/static,file:///home/runner/work/ozone/ozone/hadoop-ozone/integration-test/target/test-classes/webapps/static,STOPPED}
2023-07-12 21:54:08,117 [main] INFO  handler.ContextHandler (ContextHandler.java:doStop(1159)) - Stopped o.e.j.s.ServletContextHandler@57596d71{logs,/logs,file:///home/runner/work/ozone/ozone/hadoop-ozone/integration-test/target/log,STOPPED}
2023-07-12 21:54:08,118 [main] INFO  server.StorageContainerManager (StorageContainerManager.java:stop(1636)) - Stopping SCM LayoutVersionManager Service.
2023-07-12 21:54:08,118 [main] INFO  server.StorageContainerManager (StorageContainerManager.java:stop(1648)) - Stopping Block Manager Service.
2023-07-12 21:54:08,118 [main] INFO  utils.BackgroundService (BackgroundService.java:shutdown(141)) - Shutting down service SCMBlockDeletingService
2023-07-12 21:54:08,118 [main] INFO  utils.BackgroundService (BackgroundService.java:shutdown(141)) - Shutting down service SCMBlockDeletingService
2023-07-12 21:54:08,118 [main] INFO  server.StorageContainerManager (StorageContainerManager.java:stop(1668)) - Stopping SCM Event Queue.
2023-07-12 21:54:08,120 [JvmPauseMonitor0] INFO  util.JvmPauseMonitor (JvmPauseMonitor.java:run(109)) - JvmPauseMonitor-e75a6b3d-6a45-4b1f-965d-5573cc327fd9: Stopped
2023-07-12 21:54:08,120 [main] INFO  server.StorageContainerManager (StorageContainerManager.java:stop(1679)) - Stopping SCM HA services.
2023-07-12 21:54:08,120 [main] INFO  pipeline.BackgroundPipelineCreator (BackgroundPipelineCreator.java:stop(149)) - Stopping RatisPipelineUtilsThread.
2023-07-12 21:54:08,121 [RatisPipelineUtilsThread - 0] WARN  pipeline.BackgroundPipelineCreator (BackgroundPipelineCreator.java:run(180)) - RatisPipelineUtilsThread is interrupted.
2023-07-12 21:54:08,121 [main] INFO  BackgroundPipelineScrubber (BackgroundSCMService.java:stop(131)) - Stopping BackgroundPipelineScrubber Service.
2023-07-12 21:54:08,121 [BackgroundPipelineScrubberThread] WARN  BackgroundPipelineScrubber (BackgroundSCMService.java:run(115)) - BackgroundPipelineScrubber is interrupted, exit
2023-07-12 21:54:08,121 [main] INFO  impl.MetricsSystemImpl (MetricsSystemImpl.java:stop(210)) - Stopping XceiverClientMetrics metrics system...
2023-07-12 21:54:08,122 [prometheus] INFO  impl.MetricsSinkAdapter (MetricsSinkAdapter.java:publishMetricsFromQueue(141)) - prometheus thread interrupted.
2023-07-12 21:54:08,123 [main] INFO  impl.MetricsSystemImpl (MetricsSystemImpl.java:stop(216)) - XceiverClientMetrics metrics system stopped.
2023-07-12 21:54:08,123 [main] WARN  pipeline.BackgroundPipelineCreator (BackgroundPipelineCreator.java:stop(145)) - RatisPipelineUtilsThread is not running, just ignore.
2023-07-12 21:54:08,123 [main] INFO  BackgroundPipelineScrubber (BackgroundSCMService.java:stop(126)) - BackgroundPipelineScrubber Service is not running, skip stop.
2023-07-12 21:54:08,124 [main] INFO  ExpiredContainerReplicaOpScrubber (BackgroundSCMService.java:stop(131)) - Stopping ExpiredContainerReplicaOpScrubber Service.
2023-07-12 21:54:08,124 [ExpiredContainerReplicaOpScrubberThread] WARN  ExpiredContainerReplicaOpScrubber (BackgroundSCMService.java:run(115)) - ExpiredContainerReplicaOpScrubber is interrupted, exit
2023-07-12 21:54:08,124 [main] INFO  utils.BackgroundService (BackgroundService.java:shutdown(141)) - Shutting down service SCMBlockDeletingService
2023-07-12 21:54:08,124 [main] INFO  replication.ReplicationManager (ReplicationManager.java:stop(329)) - Replication Monitor Thread is not running.
2023-07-12 21:54:08,124 [main] WARN  balancer.ContainerBalancer (ContainerBalancer.java:stop(326)) - Cannot stop Container Balancer because it's not running or stopping
2023-07-12 21:54:08,124 [Lease Manager-LeaseManager#LeaseMonitor] WARN  lease.LeaseManager (LeaseManager.java:run(272)) - Lease manager is interrupted. Shutting down...
java.lang.InterruptedException
	at java.util.concurrent.locks.AbstractQueuedSynchronizer.doAcquireSharedNanos(AbstractQueuedSynchronizer.java:1039)
	at java.util.concurrent.locks.AbstractQueuedSynchronizer.tryAcquireSharedNanos(AbstractQueuedSynchronizer.java:1328)
	at java.util.concurrent.Semaphore.tryAcquire(Semaphore.java:409)
	at org.apache.hadoop.ozone.lease.LeaseManager$LeaseMonitor.run(LeaseManager.java:270)
	at java.lang.Thread.run(Thread.java:750)
2023-07-12 21:54:08,124 [main] INFO  server.StorageContainerManager (StorageContainerManager.java:stop(1714)) - Stopping SCM MetadataStore.
]]></system-out>
  </testcase>
  <testcase name="testMultipleSnapshotKeyReclaim" classname="org.apache.hadoop.fs.ozone.TestSnapshotDeletingService" time="33.382">
    <system-out><![CDATA[2023-07-12 21:54:08,395 [main] WARN  server.ServerUtils (ServerUtils.java:getScmDbDir(155)) - ozone.scm.db.dirs is not configured. We recommend adding this setting. Falling back to ozone.metadata.dirs instead.
2023-07-12 21:54:08,399 [main] WARN  server.ServerUtils (ServerUtils.java:getScmDbDir(155)) - ozone.scm.db.dirs is not configured. We recommend adding this setting. Falling back to ozone.metadata.dirs instead.
2023-07-12 21:54:08,399 [main] INFO  ha.SCMHANodeDetails (SCMHANodeDetails.java:loadSCMHAConfig(210)) - ServiceID for StorageContainerManager is null
2023-07-12 21:54:08,399 [main] INFO  ha.SCMHANodeDetails (SCMHANodeDetails.java:loadSCMHAConfig(215)) - ozone.scm.default.service.id is not defined, falling back to ozone.scm.service.ids to find serviceID for StorageContainerManager if it is HA enabled cluster
2023-07-12 21:54:08,400 [main] WARN  utils.HAUtils (HAUtils.java:getMetaDir(339)) - ozone.scm.db.dirs is not configured. We recommend adding this setting. Falling back to ozone.metadata.dirs instead.
2023-07-12 21:54:08,400 [main] WARN  db.DBStoreBuilder (DBStoreBuilder.java:applyDBDefinition(166)) - ozone.scm.db.dirs is not configured. We recommend adding this setting. Falling back to ozone.metadata.dirs instead.
2023-07-12 21:54:08,496 [main] INFO  net.NodeSchemaLoader (NodeSchemaLoader.java:loadSchemaFromFile(129)) - Loading schema from [jar:file:/home/runner/.m2/repository/org/apache/ozone/hdds-common/1.4.0-SNAPSHOT/hdds-common-1.4.0-SNAPSHOT.jar!/network-topology-default.xml]
2023-07-12 21:54:08,496 [main] INFO  net.NodeSchemaLoader (NodeSchemaLoader.java:loadSchema(176)) - Loading network topology layer schema file
2023-07-12 21:54:08,499 [main] INFO  upgrade.AbstractLayoutVersionManager (AbstractLayoutVersionManager.java:init(83)) - Initializing Layout version manager with metadata layout = HADOOP_PRC_PORTS_IN_DATANODEDETAILS (version = 7), software layout = HADOOP_PRC_PORTS_IN_DATANODEDETAILS (version = 7)
2023-07-12 21:54:08,500 [main] INFO  ha.SequenceIdGenerator (SequenceIdGenerator.java:upgradeToSequenceId(361)) - upgrade localId to 111677748019200000
2023-07-12 21:54:08,501 [main] INFO  ha.SequenceIdGenerator (SequenceIdGenerator.java:upgradeToSequenceId(371)) - upgrade delTxnId to 0
2023-07-12 21:54:08,502 [main] INFO  ha.SequenceIdGenerator (SequenceIdGenerator.java:upgradeToSequenceId(388)) - upgrade containerId to 0
2023-07-12 21:54:08,503 [main] INFO  ha.SequenceIdGenerator (SequenceIdGenerator.java:upgradeToSequenceId(424)) - upgrade rootCertificateId to 1
2023-07-12 21:54:08,503 [main] INFO  ha.SequenceIdGenerator (SequenceIdGenerator.java:<init>(232)) - Init the HA SequenceIdGenerator.
2023-07-12 21:54:08,503 [main] WARN  server.ServerUtils (ServerUtils.java:sanitizeUserArgs(80)) - ozone.scm.stale.node.interval value = 300000 is larger than max = 100000 based on the key value of ozone.scm.heartbeat.thread.interval, reset to the max value 100000.
2023-07-12 21:54:08,503 [main] WARN  server.ServerUtils (ServerUtils.java:sanitizeUserArgs(80)) - ozone.scm.stale.node.interval value = 300000 is larger than max = 100000 based on the key value of ozone.scm.heartbeat.thread.interval, reset to the max value 100000.
2023-07-12 21:54:08,504 [main] INFO  node.SCMNodeManager (SCMNodeManager.java:<init>(157)) - Entering startup safe mode.
2023-07-12 21:54:08,504 [main] INFO  algorithms.ContainerPlacementPolicyFactory (ContainerPlacementPolicyFactory.java:getPolicyInternal(86)) - Create container placement policy of type org.apache.hadoop.hdds.scm.container.placement.algorithms.SCMContainerPlacementRackAware
2023-07-12 21:54:08,504 [main] INFO  algorithms.ContainerPlacementPolicyFactory (ContainerPlacementPolicyFactory.java:getPolicyInternal(86)) - Create container placement policy of type org.apache.hadoop.hdds.scm.container.placement.algorithms.SCMContainerPlacementRackScatter
2023-07-12 21:54:08,505 [main] INFO  pipeline.PipelineStateManagerImpl (PipelineStateManagerImpl.java:initialize(78)) - No pipeline exists in current db
2023-07-12 21:54:08,505 [main] INFO  algorithms.LeaderChoosePolicyFactory (LeaderChoosePolicyFactory.java:getPolicy(57)) - Create leader choose policy of type org.apache.hadoop.hdds.scm.pipeline.leader.choose.algorithms.MinLeaderCountChoosePolicy
2023-07-12 21:54:08,505 [main] INFO  algorithms.ContainerPlacementPolicyFactory (ContainerPlacementPolicyFactory.java:getPolicyInternal(86)) - Create container placement policy of type org.apache.hadoop.hdds.scm.container.placement.algorithms.SCMContainerPlacementRackScatter
2023-07-12 21:54:08,505 [main] INFO  ha.SCMServiceManager (SCMServiceManager.java:register(42)) - Registering service BackgroundPipelineCreator.
2023-07-12 21:54:08,505 [main] INFO  pipeline.BackgroundPipelineCreator (BackgroundPipelineCreator.java:start(124)) - Starting RatisPipelineUtilsThread.
2023-07-12 21:54:08,506 [main] INFO  BackgroundPipelineScrubber (BackgroundSCMService.java:start(68)) - Starting BackgroundPipelineScrubber Service.
2023-07-12 21:54:08,506 [main] INFO  ha.SCMServiceManager (SCMServiceManager.java:register(42)) - Registering service BackgroundPipelineScrubber.
2023-07-12 21:54:08,506 [main] INFO  ExpiredContainerReplicaOpScrubber (BackgroundSCMService.java:start(68)) - Starting ExpiredContainerReplicaOpScrubber Service.
2023-07-12 21:54:08,506 [main] INFO  ha.SCMServiceManager (SCMServiceManager.java:register(42)) - Registering service ExpiredContainerReplicaOpScrubber.
2023-07-12 21:54:08,507 [main] INFO  algorithms.PipelineChoosePolicyFactory (PipelineChoosePolicyFactory.java:createPipelineChoosePolicyFromClass(78)) - Create pipeline choose policy of type org.apache.hadoop.hdds.scm.pipeline.choose.algorithms.RandomPipelineChoosePolicy
2023-07-12 21:54:08,507 [main] INFO  algorithms.PipelineChoosePolicyFactory (PipelineChoosePolicyFactory.java:createPipelineChoosePolicyFromClass(78)) - Create pipeline choose policy of type org.apache.hadoop.hdds.scm.pipeline.choose.algorithms.RandomPipelineChoosePolicy
2023-07-12 21:54:08,508 [main] INFO  ha.SCMServiceManager (SCMServiceManager.java:register(42)) - Registering service SCMBlockDeletingService.
2023-07-12 21:54:08,508 [main] INFO  replication.ReplicationManager (ReplicationManager.java:start(286)) - Starting Replication Monitor Thread.
2023-07-12 21:54:08,509 [main] INFO  ha.SCMServiceManager (SCMServiceManager.java:register(42)) - Registering service ReplicationManager.
2023-07-12 21:54:08,509 [main] INFO  safemode.ContainerSafeModeRule (ContainerSafeModeRule.java:<init>(89)) - containers with one replica threshold count 0
2023-07-12 21:54:08,510 [main] INFO  safemode.HealthyPipelineSafeModeRule (HealthyPipelineSafeModeRule.java:initializeRule(169)) - Total pipeline count is 0, healthy pipeline threshold count is 1
2023-07-12 21:54:08,510 [main] INFO  safemode.OneReplicaPipelineSafeModeRule (OneReplicaPipelineSafeModeRule.java:initializeRule(180)) - Total pipeline count is 0, pipeline's with at least one datanode reported threshold count is 0
2023-07-12 21:54:08,510 [main] INFO  server.StorageContainerManager (StorageContainerManager.java:<init>(424)) - SCM start with adminUsers: [runner]
2023-07-12 21:54:08,510 [main] INFO  ipc.CallQueueManager (CallQueueManager.java:<init>(90)) - Using callQueue: class java.util.concurrent.LinkedBlockingQueue, queueCapacity: 2000, scheduler: class org.apache.hadoop.ipc.DefaultRpcScheduler, ipcBackoff: false.
2023-07-12 21:54:08,511 [main] INFO  ipc.Server (Server.java:<init>(1287)) - Listener at 0.0.0.0:15037
2023-07-12 21:54:08,511 [ReplicationMonitor] INFO  replication.ReplicationManager (ReplicationManager.java:processAll(361)) - Replication Manager is not ready to run until 3000ms after safemode exit
2023-07-12 21:54:08,512 [main] INFO  ipc.CallQueueManager (CallQueueManager.java:<init>(90)) - Using callQueue: class java.util.concurrent.LinkedBlockingQueue, queueCapacity: 2000, scheduler: class org.apache.hadoop.ipc.DefaultRpcScheduler, ipcBackoff: false.
2023-07-12 21:54:08,513 [main] INFO  ipc.Server (Server.java:<init>(1287)) - Listener at 0.0.0.0:15036
2023-07-12 21:54:08,513 [Socket Reader #1 for port 15036] INFO  ipc.Server (Server.java:run(1323)) - Starting Socket Reader #1 for port 15036
2023-07-12 21:54:08,513 [Socket Reader #1 for port 15037] INFO  ipc.Server (Server.java:run(1323)) - Starting Socket Reader #1 for port 15037
2023-07-12 21:54:08,515 [main] INFO  ipc.CallQueueManager (CallQueueManager.java:<init>(90)) - Using callQueue: class java.util.concurrent.LinkedBlockingQueue, queueCapacity: 2000, scheduler: class org.apache.hadoop.ipc.DefaultRpcScheduler, ipcBackoff: false.
2023-07-12 21:54:08,515 [main] INFO  ipc.Server (Server.java:<init>(1287)) - Listener at 0.0.0.0:15035
2023-07-12 21:54:08,517 [Socket Reader #1 for port 15035] INFO  ipc.Server (Server.java:run(1323)) - Starting Socket Reader #1 for port 15035
2023-07-12 21:54:08,521 [main] INFO  ha.SCMServiceManager (SCMServiceManager.java:register(42)) - Registering service ContainerBalancer.
2023-07-12 21:54:08,529 [main] INFO  server.StorageContainerManager (StorageContainerManager.java:<init>(437)) - 
Container Balancer status:
Key                            Value
Running                        false
Container Balancer Configuration values:
Key                                                Value
Threshold                                          10
Max Datanodes to Involve per Iteration(percent)    20
Max Size to Move per Iteration                     500GB
Max Size Entering Target per Iteration             26GB
Max Size Leaving Source per Iteration              26GB

2023-07-12 21:54:08,529 [main] INFO  ha.SCMContext (SCMContext.java:updateSafeModeStatus(228)) - Update SafeModeStatus from SafeModeStatus{safeModeStatus=true, preCheckPassed=false} to SafeModeStatus{safeModeStatus=true, preCheckPassed=false}.
2023-07-12 21:54:08,530 [main] INFO  server.StorageContainerManager (StorageContainerManager.java:start(1489)) - StorageContainerLocationProtocol RPC server is listening at /0.0.0.0:15035
2023-07-12 21:54:08,531 [main] WARN  impl.MetricsConfig (MetricsConfig.java:loadFirst(136)) - Cannot locate configuration: tried hadoop-metrics2-storagecontainermanager.properties,hadoop-metrics2.properties
2023-07-12 21:54:08,532 [main] INFO  impl.MetricsSystemImpl (MetricsSystemImpl.java:startTimer(378)) - Scheduled Metric snapshot period at 10 second(s).
2023-07-12 21:54:08,532 [main] INFO  impl.MetricsSystemImpl (MetricsSystemImpl.java:start(191)) - StorageContainerManager metrics system started
2023-07-12 21:54:08,543 [main] INFO  impl.MetricsSinkAdapter (MetricsSinkAdapter.java:start(204)) - Sink prometheus started
2023-07-12 21:54:08,544 [main] INFO  impl.MetricsSystemImpl (MetricsSystemImpl.java:registerSink(305)) - Registered sink prometheus
2023-07-12 21:54:08,561 [main] INFO  server.SCMClientProtocolServer (SCMClientProtocolServer.java:start(200)) - RPC server for Client  is listening at /0.0.0.0:15035
2023-07-12 21:54:08,562 [IPC Server Responder] INFO  ipc.Server (Server.java:run(1562)) - IPC Server Responder: starting
2023-07-12 21:54:08,564 [main] INFO  server.StorageContainerManager (StorageContainerManager.java:start(1502)) - ScmBlockLocationProtocol RPC server is listening at /0.0.0.0:15036
2023-07-12 21:54:08,562 [IPC Server listener on 15035] INFO  ipc.Server (Server.java:run(1402)) - IPC Server listener on 15035: starting
2023-07-12 21:54:08,566 [main] INFO  server.SCMBlockProtocolServer (SCMBlockProtocolServer.java:start(152)) - RPC server for Block Protocol is listening at /0.0.0.0:15036
2023-07-12 21:54:08,566 [IPC Server Responder] INFO  ipc.Server (Server.java:run(1562)) - IPC Server Responder: starting
2023-07-12 21:54:08,567 [IPC Server listener on 15036] INFO  ipc.Server (Server.java:run(1402)) - IPC Server listener on 15036: starting
2023-07-12 21:54:08,568 [main] INFO  server.SCMDatanodeProtocolServer (SCMDatanodeProtocolServer.java:start(193)) - ScmDatanodeProtocol RPC server for DataNodes is listening at /0.0.0.0:15037
2023-07-12 21:54:08,571 [IPC Server Responder] INFO  ipc.Server (Server.java:run(1562)) - IPC Server Responder: starting
2023-07-12 21:54:08,571 [IPC Server listener on 15037] INFO  ipc.Server (Server.java:run(1402)) - IPC Server listener on 15037: starting
2023-07-12 21:54:08,583 [JvmPauseMonitor5] INFO  util.JvmPauseMonitor (JvmPauseMonitor.java:run(103)) - JvmPauseMonitor-2317d9ce-937c-4920-831a-25301d5b16cc: Started
2023-07-12 21:54:08,583 [main] INFO  http.BaseHttpServer (BaseHttpServer.java:newHttpServer2BuilderForOzone(224)) - Starting Web-server for scm at: http://0.0.0.0:15038
2023-07-12 21:54:08,583 [main] INFO  http.BaseHttpServer (BaseHttpServer.java:<init>(111)) - Hadoop Security Enabled: false Ozone Security Enabled: false Ozone HTTP Security Enabled: false 
2023-07-12 21:54:08,585 [main] WARN  server.AuthenticationFilter (AuthenticationFilter.java:constructSecretProvider(240)) - Unable to initialize FileSignerSecretProvider, falling back to use random secrets. Reason: Could not read signature secret file: /home/runner/hadoop-http-auth-signature-secret
2023-07-12 21:54:08,586 [main] INFO  http.HttpRequestLog (HttpRequestLog.java:getRequestLog(86)) - Http request log for http.requests.scm is not defined
2023-07-12 21:54:08,587 [main] INFO  http.HttpServer2 (HttpServer2.java:addGlobalFilter(1031)) - Added global filter 'safety' (class=org.apache.hadoop.hdds.server.http.HttpServer2$QuotingInputFilter)
2023-07-12 21:54:08,588 [main] INFO  http.HttpServer2 (HttpServer2.java:addFilter(1007)) - Added filter static_user_filter (class=org.apache.hadoop.http.lib.StaticUserWebFilter$StaticUserFilter) to context scm
2023-07-12 21:54:08,588 [main] INFO  http.HttpServer2 (HttpServer2.java:addFilter(1015)) - Added filter static_user_filter (class=org.apache.hadoop.http.lib.StaticUserWebFilter$StaticUserFilter) to context logs
2023-07-12 21:54:08,588 [main] INFO  http.HttpServer2 (HttpServer2.java:addFilter(1015)) - Added filter static_user_filter (class=org.apache.hadoop.http.lib.StaticUserWebFilter$StaticUserFilter) to context static
2023-07-12 21:54:08,589 [main] INFO  http.BaseHttpServer (BaseHttpServer.java:<init>(190)) - HTTP server of scm uses base directory /home/runner/work/ozone/ozone/hadoop-ozone/integration-test/target/test-dir/MiniOzoneClusterImpl-56d3b7f5-b9ba-49a0-a504-54c96578f2cd/ozone-meta/webserver
2023-07-12 21:54:08,589 [main] INFO  http.HttpServer2 (HttpServer2.java:bindListener(1250)) - Jetty bound to port 15038
2023-07-12 21:54:08,589 [main] INFO  server.Server (Server.java:doStart(375)) - jetty-9.4.51.v20230217; built: 2023-02-17T08:19:37.309Z; git: b45c405e4544384de066f814ed42ae3dceacdd49; jvm 1.8.0_372-b07
2023-07-12 21:54:08,591 [main] INFO  server.session (DefaultSessionIdManager.java:doStart(334)) - DefaultSessionIdManager workerName=node0
2023-07-12 21:54:08,591 [main] INFO  server.session (DefaultSessionIdManager.java:doStart(339)) - No SessionScavenger set, using defaults
2023-07-12 21:54:08,591 [main] INFO  server.session (HouseKeeper.java:startScavenging(132)) - node0 Scavenging every 600000ms
2023-07-12 21:54:08,592 [main] INFO  handler.ContextHandler (ContextHandler.java:doStart(921)) - Started o.e.j.s.ServletContextHandler@4841bb70{logs,/logs,file:///home/runner/work/ozone/ozone/hadoop-ozone/integration-test/target/log,AVAILABLE}
2023-07-12 21:54:08,592 [main] INFO  handler.ContextHandler (ContextHandler.java:doStart(921)) - Started o.e.j.s.ServletContextHandler@26d71aeb{static,/static,file:///home/runner/work/ozone/ozone/hadoop-ozone/integration-test/target/test-classes/webapps/static,AVAILABLE}
2023-07-12 21:54:08,595 [main] INFO  handler.ContextHandler (ContextHandler.java:doStart(921)) - Started o.e.j.w.WebAppContext@ae46471{scm,/,file:///home/runner/work/ozone/ozone/hadoop-ozone/integration-test/target/test-classes/webapps/scm/,AVAILABLE}{file:/home/runner/work/ozone/ozone/hadoop-ozone/integration-test/target/test-classes/webapps/scm}
2023-07-12 21:54:08,596 [main] INFO  server.AbstractConnector (AbstractConnector.java:doStart(333)) - Started ServerConnector@4931a819{HTTP/1.1, (http/1.1)}{0.0.0.0:15038}
2023-07-12 21:54:08,596 [main] INFO  server.Server (Server.java:doStart(415)) - Started @58853ms
2023-07-12 21:54:08,597 [main] WARN  impl.MetricsSystemImpl (MetricsSystemImpl.java:register(279)) - Sink prometheus already exists!
2023-07-12 21:54:08,597 [main] INFO  http.BaseHttpServer (BaseHttpServer.java:updateConnectorAddress(344)) - HTTP server of scm listening at http://0.0.0.0:15038
2023-07-12 21:54:08,597 [main] WARN  server.ServerUtils (ServerUtils.java:getDBPath(311)) - ozone.om.db.dirs is not configured. We recommend adding this setting. Falling back to ozone.metadata.dirs instead.
2023-07-12 21:54:08,600 [main] INFO  ha.OMHANodeDetails (OMHANodeDetails.java:loadOMHAConfig(115)) - ozone.om.internal.service.id is not defined, falling back to ozone.om.service.ids to find serviceID for OzoneManager if it is HA enabled cluster
2023-07-12 21:54:08,600 [main] INFO  ha.OMHANodeDetails (OMHANodeDetails.java:loadOMHAConfig(226)) - Configuration does not have ozone.om.address set. Falling back to the default OM address /127.0.0.1:15039
2023-07-12 21:54:08,600 [main] INFO  ha.OMHANodeDetails (OMHANodeDetails.java:getOMNodeDetailsForNonHA(254)) - OM Service ID is not set. Setting it to the default ID: omServiceIdDefault
2023-07-12 21:54:08,600 [main] INFO  ha.OMHANodeDetails (OMHANodeDetails.java:getOMNodeDetailsForNonHA(261)) - OM Node ID is not set. Setting it to the default ID: om1
2023-07-12 21:54:08,601 [main] WARN  server.ServerUtils (ServerUtils.java:getDBPath(311)) - ozone.om.db.dirs is not configured. We recommend adding this setting. Falling back to ozone.metadata.dirs instead.
2023-07-12 21:54:08,602 [main] INFO  upgrade.AbstractLayoutVersionManager (AbstractLayoutVersionManager.java:init(83)) - Initializing Layout version manager with metadata layout = QUOTA (version = 6), software layout = QUOTA (version = 6)
2023-07-12 21:54:08,692 [main] INFO  reflections.Reflections (Reflections.java:scan(232)) - Reflections took 89 ms to scan 2 urls, producing 186 keys and 508 values [using 2 cores]
2023-07-12 21:54:08,693 [main] INFO  upgrade.OMLayoutVersionManager (OMLayoutVersionManager.java:lambda$0(115)) - Skipping Upgrade Action MockOmUpgradeAction since it has been finalized.
2023-07-12 21:54:08,693 [main] INFO  upgrade.OMLayoutVersionManager (OMLayoutVersionManager.java:lambda$0(115)) - Skipping Upgrade Action QuotaRepairUpgradeAction since it has been finalized.
2023-07-12 21:54:08,693 [main] WARN  server.ServerUtils (ServerUtils.java:getDBPath(311)) - ozone.om.db.dirs is not configured. We recommend adding this setting. Falling back to ozone.metadata.dirs instead.
2023-07-12 21:54:08,694 [main] INFO  proxy.SCMBlockLocationFailoverProxyProvider (SCMBlockLocationFailoverProxyProvider.java:<init>(114)) - Created block location fail-over proxy with 1 nodes: [nodeId=scmNodeId,nodeAddress=/0.0.0.0:15036]
2023-07-12 21:54:08,695 [main] INFO  proxy.SCMBlockLocationFailoverProxyProvider (SCMBlockLocationFailoverProxyProvider.java:<init>(114)) - Created block location fail-over proxy with 1 nodes: [nodeId=scmNodeId,nodeAddress=/0.0.0.0:15036]
2023-07-12 21:54:08,706 [main] INFO  om.OzoneManager (OzoneManager.java:<init>(658)) - OM start with adminUsers: [runner]
2023-07-12 21:54:08,707 [main] WARN  server.ServerUtils (ServerUtils.java:getDBPath(311)) - ozone.om.db.dirs is not configured. We recommend adding this setting. Falling back to ozone.metadata.dirs instead.
2023-07-12 21:54:08,708 [main] INFO  helpers.OmKeyInfo (OmKeyInfo.java:getCodec(71)) - OmKeyInfo.getCodec ignorePipeline = true
2023-07-12 21:54:08,893 [main] INFO  om.OzoneManager (OzoneManager.java:instantiateServices(787)) - S3 Multi-Tenancy is disabled
2023-07-12 21:54:08,893 [main] INFO  om.OmSnapshotManager (OmSnapshotManager.java:<init>(175)) - Ozone filesystem snapshot feature is enabled.
2023-07-12 21:54:08,894 [main] WARN  server.ServerUtils (ServerUtils.java:getDBPath(311)) - ozone.om.snapshot.diff.db.dir is not configured. We recommend adding this setting. Falling back to ozone.metadata.dirs instead.
2023-07-12 21:54:08,912 [main] INFO  snapshot.SnapshotDiffManager (SnapshotDiffManager.java:closeExecutorService(1720)) - Shutting down executorService: 'SstDumpToolExecutor'
2023-07-12 21:54:08,914 [main] INFO  om.OzoneManager (OzoneManager.java:addS3GVolumeToDB(4298)) - Created Volume s3v With Owner runner required for S3Gateway operations.
2023-07-12 21:54:08,914 [main] WARN  server.ServerUtils (ServerUtils.java:getDefaultRatisDirectory(323)) - Storage directory for Ratis is not configured. It is a good idea to map this to an SSD disk. Falling back to ozone.metadata.dirs
2023-07-12 21:54:08,914 [main] WARN  utils.OzoneManagerRatisUtils (OzoneManagerRatisUtils.java:getOMRatisSnapshotDirectory(461)) - ozone.om.ratis.snapshot.dir is not configured. Falling back to ozone.metadata.dirs config
2023-07-12 21:54:08,914 [main] WARN  server.ServerUtils (ServerUtils.java:getDefaultRatisDirectory(323)) - Storage directory for Ratis is not configured. It is a good idea to map this to an SSD disk. Falling back to ozone.metadata.dirs
2023-07-12 21:54:08,916 [main] INFO  ratis.OzoneManagerRatisServer (OzoneManagerRatisServer.java:<init>(163)) - Instantiating OM Ratis server with groupID: omServiceIdDefault and peers: localhost:15042
2023-07-12 21:54:08,916 [main] INFO  ratis.OzoneManagerStateMachine (OzoneManagerStateMachine.java:loadSnapshotInfoFromDB(670)) - LastAppliedIndex is set from TransactionInfo from OM DB as (t:0, i:~)
2023-07-12 21:54:08,917 [main] INFO  server.RaftServer (ConfUtils.java:logGet(46)) - raft.rpc.type = GRPC (default)
2023-07-12 21:54:08,917 [main] INFO  grpc.GrpcConfigKeys (ConfUtils.java:logFallback(53)) - raft.grpc.admin.host = null (fallback to raft.grpc.server.host)
2023-07-12 21:54:08,917 [main] INFO  grpc.GrpcConfigKeys (ConfUtils.java:logFallback(53)) - raft.grpc.admin.port = 15042 (fallback to raft.grpc.server.port)
2023-07-12 21:54:08,917 [main] INFO  grpc.GrpcConfigKeys (ConfUtils.java:logFallback(53)) - raft.grpc.client.host = null (fallback to raft.grpc.server.host)
2023-07-12 21:54:08,917 [main] INFO  grpc.GrpcConfigKeys (ConfUtils.java:logFallback(53)) - raft.grpc.client.port = 15042 (fallback to raft.grpc.server.port)
2023-07-12 21:54:08,917 [main] INFO  grpc.GrpcConfigKeys (ConfUtils.java:logGet(46)) - raft.grpc.server.host = null (default)
2023-07-12 21:54:08,918 [main] INFO  grpc.GrpcConfigKeys (ConfUtils.java:logGet(46)) - raft.grpc.server.port = 15042 (custom)
2023-07-12 21:54:08,918 [main] INFO  server.GrpcService (ConfUtils.java:logGet(46)) - raft.grpc.message.size.max = 33554432 (custom)
2023-07-12 21:54:08,918 [main] INFO  server.RaftServerConfigKeys (ConfUtils.java:logGet(46)) - raft.server.log.appender.buffer.byte-limit = 33554432 (custom)
2023-07-12 21:54:08,918 [main] INFO  server.GrpcService (ConfUtils.java:logGet(46)) - raft.grpc.flow.control.window = 1MB (=1048576) (default)
2023-07-12 21:54:08,918 [main] INFO  server.RaftServerConfigKeys (ConfUtils.java:logGet(46)) - raft.server.rpc.request.timeout = 3000ms (default)
2023-07-12 21:54:08,918 [main] INFO  grpc.GrpcConfigKeys (ConfUtils.java:logGet(46)) - raft.grpc.server.heartbeat.channel = true (default)
2023-07-12 21:54:08,918 [main] INFO  grpc.GrpcConfigKeys (ConfUtils.java:logGet(46)) - raft.grpc.server.async.request.thread.pool.cached = true (default)
2023-07-12 21:54:08,918 [main] INFO  grpc.GrpcConfigKeys (ConfUtils.java:logGet(46)) - raft.grpc.server.async.request.thread.pool.size = 32 (default)
2023-07-12 21:54:08,920 [main] INFO  impl.DataStreamServerImpl (ConfUtils.java:logGet(46)) - raft.datastream.type = DISABLED (default)
2023-07-12 21:54:08,920 [main] INFO  server.RaftServerConfigKeys (ConfUtils.java:logGet(46)) - raft.server.threadpool.proxy.cached = true (default)
2023-07-12 21:54:08,920 [main] INFO  server.RaftServerConfigKeys (ConfUtils.java:logGet(46)) - raft.server.threadpool.proxy.size = 0 (default)
2023-07-12 21:54:08,920 [main] INFO  server.RaftServerConfigKeys (ConfUtils.java:logGet(46)) - raft.server.rpc.slowness.timeout = 120s (custom)
2023-07-12 21:54:08,920 [main] INFO  server.RaftServerConfigKeys (ConfUtils.java:logGet(46)) - raft.server.leaderelection.leader.step-down.wait-time = 10s (default)
2023-07-12 21:54:08,920 [main] INFO  server.RaftServerConfigKeys (ConfUtils.java:logGet(46)) - raft.server.storage.dir = [/home/runner/work/ozone/ozone/hadoop-ozone/integration-test/target/test-dir/MiniOzoneClusterImpl-56d3b7f5-b9ba-49a0-a504-54c96578f2cd/ozone-meta/ratis] (custom)
2023-07-12 21:54:08,921 [main] INFO  server.RaftServer (RaftServerProxy.java:addNew(98)) - om1: addNew group-C5BA1605619E:[om1|rpc:localhost:15042|priority:0|startupRole:FOLLOWER] returns group-C5BA1605619E:java.util.concurrent.CompletableFuture@32d40e8d[Not completed]
2023-07-12 21:54:08,921 [main] INFO  om.OzoneManager (OzoneManager.java:initializeRatisServer(2139)) - OzoneManager Ratis server initialized at port 15042
2023-07-12 21:54:08,921 [om1-groupManagement] INFO  server.RaftServer$Division (RaftServerImpl.java:<init>(198)) - om1: new RaftServerImpl for group-C5BA1605619E:[om1|rpc:localhost:15042|priority:0|startupRole:FOLLOWER] with OzoneManagerStateMachine:uninitialized
2023-07-12 21:54:08,921 [main] INFO  om.OzoneManager (OzoneManager.java:getRpcServer(1187)) - Creating RPC Server
2023-07-12 21:54:08,921 [om1-groupManagement] INFO  server.RaftServerConfigKeys (ConfUtils.java:logGet(46)) - raft.server.rpc.timeout.min = 1s (custom)
2023-07-12 21:54:08,921 [om1-groupManagement] INFO  server.RaftServerConfigKeys (ConfUtils.java:logGet(46)) - raft.server.rpc.timeout.max = 1200ms (custom)
2023-07-12 21:54:08,922 [om1-groupManagement] INFO  server.RaftServerConfigKeys (ConfUtils.java:logGet(46)) - raft.server.rpc.sleep.time = 25ms (default)
2023-07-12 21:54:08,922 [om1-groupManagement] INFO  server.RaftServerConfigKeys (ConfUtils.java:logGet(46)) - raft.server.rpc.slowness.timeout = 120s (custom)
2023-07-12 21:54:08,922 [om1-groupManagement] INFO  server.RaftServerConfigKeys (ConfUtils.java:logGet(46)) - raft.server.leaderelection.leader.step-down.wait-time = 10s (default)
2023-07-12 21:54:08,922 [om1-groupManagement] INFO  server.RaftServerConfigKeys (ConfUtils.java:logGet(46)) - raft.server.sleep.deviation.threshold = 300ms (default)
2023-07-12 21:54:08,922 [om1-groupManagement] INFO  server.RaftServer$Division (ServerState.java:<init>(120)) - om1@group-C5BA1605619E: ConfigurationManager, init=-1: peers:[om1|rpc:localhost:15042|priority:0|startupRole:FOLLOWER]|listeners:[], old=null, confs=<EMPTY_MAP>
2023-07-12 21:54:08,922 [om1-groupManagement] INFO  server.RaftServerConfigKeys (ConfUtils.java:logGet(46)) - raft.server.storage.dir = [/home/runner/work/ozone/ozone/hadoop-ozone/integration-test/target/test-dir/MiniOzoneClusterImpl-56d3b7f5-b9ba-49a0-a504-54c96578f2cd/ozone-meta/ratis] (custom)
2023-07-12 21:54:08,922 [om1-groupManagement] INFO  server.RaftServerConfigKeys (ConfUtils.java:logGet(46)) - raft.server.log.corruption.policy = EXCEPTION (default)
2023-07-12 21:54:08,922 [om1-groupManagement] INFO  server.RaftServerConfigKeys (ConfUtils.java:logGet(46)) - raft.server.storage.free-space.min = 0MB (=0) (default)
2023-07-12 21:54:08,923 [om1-groupManagement] INFO  server.RaftServerConfigKeys (ConfUtils.java:logGet(46)) - raft.server.notification.no-leader.timeout = 120s (custom)
2023-07-12 21:54:08,923 [om1-groupManagement] INFO  server.RaftServerConfigKeys (ConfUtils.java:logGet(46)) - raft.server.read.timeout = 10s (default)
2023-07-12 21:54:08,923 [om1-groupManagement] INFO  server.RaftServerConfigKeys (ConfUtils.java:logGet(46)) - raft.server.retrycache.expirytime = 300s (custom)
2023-07-12 21:54:08,923 [om1-groupManagement] INFO  server.RaftServerConfigKeys (ConfUtils.java:logGet(46)) - raft.server.retrycache.statistics.expirytime = 100μs (default)
2023-07-12 21:54:08,923 [om1-groupManagement] INFO  server.RaftServerConfigKeys (ConfUtils.java:logGet(46)) - raft.server.read.option = DEFAULT (default)
2023-07-12 21:54:08,924 [om1-groupManagement] INFO  server.RaftServerConfigKeys (ConfUtils.java:logGet(46)) - raft.server.rpc.request.timeout = 3000ms (default)
2023-07-12 21:54:08,924 [om1-groupManagement] INFO  server.RaftServerConfigKeys (ConfUtils.java:logGet(46)) - raft.server.log.appender.install.snapshot.enabled = false (custom)
2023-07-12 21:54:08,924 [om1-groupManagement] INFO  server.RaftServerConfigKeys (ConfUtils.java:logGet(46)) - raft.server.threadpool.server.cached = true (default)
2023-07-12 21:54:08,924 [om1-groupManagement] INFO  server.RaftServerConfigKeys (ConfUtils.java:logGet(46)) - raft.server.threadpool.server.size = 0 (default)
2023-07-12 21:54:08,924 [om1-groupManagement] INFO  server.RaftServerConfigKeys (ConfUtils.java:logGet(46)) - raft.server.threadpool.client.cached = true (default)
2023-07-12 21:54:08,924 [om1-groupManagement] INFO  server.RaftServerConfigKeys (ConfUtils.java:logGet(46)) - raft.server.threadpool.client.size = 0 (default)
2023-07-12 21:54:09,350 [main] INFO  reflections.Reflections (Reflections.java:scan(232)) - Reflections took 428 ms to scan 19 urls, producing 70 keys and 5533 values [using 2 cores]
2023-07-12 21:54:09,351 [main] INFO  ipc.CallQueueManager (CallQueueManager.java:<init>(90)) - Using callQueue: class java.util.concurrent.LinkedBlockingQueue, queueCapacity: 2000, scheduler: class org.apache.hadoop.ipc.DefaultRpcScheduler, ipcBackoff: false.
2023-07-12 21:54:09,351 [main] INFO  ipc.Server (Server.java:<init>(1287)) - Listener at 127.0.0.1:15039
2023-07-12 21:54:09,357 [Socket Reader #1 for port 15039] INFO  ipc.Server (Server.java:run(1323)) - Starting Socket Reader #1 for port 15039
2023-07-12 21:54:09,390 [main] INFO  impl.MetricsSystemImpl (MetricsSystemImpl.java:init(158)) - OzoneManager metrics system started (again)
2023-07-12 21:54:09,401 [main] INFO  om.OzoneManager (OzoneManager.java:start(1617)) - OzoneManager RPC server is listening at localhost/127.0.0.1:15039
2023-07-12 21:54:09,401 [main] INFO  ratis.OzoneManagerRatisServer (OzoneManagerRatisServer.java:start(558)) - Starting OzoneManagerRatisServer om1 at port 15042
2023-07-12 21:54:09,402 [om1-impl-thread1] INFO  storage.RaftStorageDirectory (RaftStorageDirectoryImpl.java:analyzeStorage(137)) - The storage directory /home/runner/work/ozone/ozone/hadoop-ozone/integration-test/target/test-dir/MiniOzoneClusterImpl-56d3b7f5-b9ba-49a0-a504-54c96578f2cd/ozone-meta/ratis/bf265839-605b-3f16-9796-c5ba1605619e does not exist. Creating ...
2023-07-12 21:54:09,403 [om1-impl-thread1] INFO  storage.RaftStorageDirectory (RaftStorageDirectoryImpl.java:tryLock(231)) - Lock on /home/runner/work/ozone/ozone/hadoop-ozone/integration-test/target/test-dir/MiniOzoneClusterImpl-56d3b7f5-b9ba-49a0-a504-54c96578f2cd/ozone-meta/ratis/bf265839-605b-3f16-9796-c5ba1605619e/in_use.lock acquired by nodename 107600@fv-az670-842
2023-07-12 21:54:09,404 [om1-impl-thread1] INFO  storage.RaftStorage (RaftStorageImpl.java:format(96)) - Storage directory /home/runner/work/ozone/ozone/hadoop-ozone/integration-test/target/test-dir/MiniOzoneClusterImpl-56d3b7f5-b9ba-49a0-a504-54c96578f2cd/ozone-meta/ratis/bf265839-605b-3f16-9796-c5ba1605619e has been successfully formatted.
2023-07-12 21:54:09,404 [om1-impl-thread1] INFO  server.RaftServerConfigKeys (ConfUtils.java:logGet(46)) - raft.server.log.use.memory = false (default)
2023-07-12 21:54:09,404 [om1-impl-thread1] INFO  server.RaftServerConfigKeys (ConfUtils.java:logGet(46)) - raft.server.log.purge.gap = 1000000 (custom)
2023-07-12 21:54:09,404 [om1-impl-thread1] INFO  server.RaftServerConfigKeys (ConfUtils.java:logGet(46)) - raft.server.log.appender.buffer.byte-limit = 33554432 (custom)
2023-07-12 21:54:09,404 [om1-impl-thread1] INFO  server.RaftServerConfigKeys (ConfUtils.java:logGet(46)) - raft.server.log.statemachine.data.read.timeout = 1000ms (default)
2023-07-12 21:54:09,404 [om1-impl-thread1] INFO  server.RaftServerConfigKeys (ConfUtils.java:logGet(46)) - raft.server.log.purge.preservation.log.num = 0 (default)
2023-07-12 21:54:09,405 [om1-impl-thread1] INFO  server.RaftServerConfigKeys (ConfUtils.java:logGet(46)) - raft.server.log.segment.size.max = 4194304 (custom)
2023-07-12 21:54:09,405 [om1-impl-thread1] INFO  server.RaftServerConfigKeys (ConfUtils.java:logGet(46)) - raft.server.log.segment.cache.num.max = 2 (custom)
2023-07-12 21:54:09,405 [om1-impl-thread1] INFO  server.RaftServerConfigKeys (ConfUtils.java:logGet(46)) - raft.server.log.segment.cache.size.max = 200MB (=209715200) (default)
2023-07-12 21:54:09,405 [om1-impl-thread1] INFO  server.RaftServerConfigKeys (ConfUtils.java:logGet(46)) - raft.server.log.appender.buffer.byte-limit = 33554432 (custom)
2023-07-12 21:54:09,405 [om1-impl-thread1] INFO  segmented.SegmentedRaftLogWorker (SegmentedRaftLogWorker.java:<init>(188)) - new om1@group-C5BA1605619E-SegmentedRaftLogWorker for RaftStorageImpl:Storage Directory /home/runner/work/ozone/ozone/hadoop-ozone/integration-test/target/test-dir/MiniOzoneClusterImpl-56d3b7f5-b9ba-49a0-a504-54c96578f2cd/ozone-meta/ratis/bf265839-605b-3f16-9796-c5ba1605619e
2023-07-12 21:54:09,405 [om1-impl-thread1] INFO  server.RaftServerConfigKeys (ConfUtils.java:logGet(46)) - raft.server.log.queue.byte-limit = 64MB (=67108864) (default)
2023-07-12 21:54:09,405 [om1-impl-thread1] INFO  server.RaftServerConfigKeys (ConfUtils.java:logGet(46)) - raft.server.log.queue.element-limit = 4096 (default)
2023-07-12 21:54:09,405 [om1-impl-thread1] INFO  server.RaftServerConfigKeys (ConfUtils.java:logGet(46)) - raft.server.log.segment.size.max = 4194304 (custom)
2023-07-12 21:54:09,405 [om1-impl-thread1] INFO  server.RaftServerConfigKeys (ConfUtils.java:logGet(46)) - raft.server.log.preallocated.size = 4194304 (custom)
2023-07-12 21:54:09,405 [om1-impl-thread1] INFO  server.RaftServerConfigKeys (ConfUtils.java:logGet(46)) - raft.server.log.force.sync.num = 128 (default)
2023-07-12 21:54:09,405 [om1-impl-thread1] INFO  server.RaftServerConfigKeys (ConfUtils.java:logGet(46)) - raft.server.log.statemachine.data.sync = true (default)
2023-07-12 21:54:09,405 [om1-impl-thread1] INFO  server.RaftServerConfigKeys (ConfUtils.java:logGet(46)) - raft.server.log.statemachine.data.sync.timeout = 10s (default)
2023-07-12 21:54:09,405 [om1-impl-thread1] INFO  server.RaftServerConfigKeys (ConfUtils.java:logGet(46)) - raft.server.log.statemachine.data.sync.timeout.retry = -1 (default)
2023-07-12 21:54:09,406 [om1-impl-thread1] INFO  server.RaftServerConfigKeys (ConfUtils.java:logGet(46)) - raft.server.log.write.buffer.size = 64KB (=65536) (default)
2023-07-12 21:54:09,406 [om1-impl-thread1] INFO  server.RaftServerConfigKeys (ConfUtils.java:logGet(46)) - raft.server.log.appender.buffer.byte-limit = 33554432 (custom)
2023-07-12 21:54:09,408 [om1-impl-thread1] INFO  server.RaftServerConfigKeys (ConfUtils.java:logGet(46)) - raft.server.log.unsafe-flush.enabled = false (default)
2023-07-12 21:54:09,409 [om1-impl-thread1] INFO  server.RaftServerConfigKeys (ConfUtils.java:logGet(46)) - raft.server.log.async-flush.enabled = false (default)
2023-07-12 21:54:09,409 [om1-impl-thread1] INFO  server.RaftServerConfigKeys (ConfUtils.java:logGet(46)) - raft.server.log.statemachine.data.caching.enabled = false (default)
2023-07-12 21:54:09,409 [om1-impl-thread1] INFO  segmented.SegmentedRaftLogWorker (SegmentedRaftLogWorker.java:lambda$new$0(135)) - om1@group-C5BA1605619E-SegmentedRaftLogWorker: flushIndex: setUnconditionally 0 -> -1
2023-07-12 21:54:09,409 [om1-impl-thread1] INFO  segmented.SegmentedRaftLogWorker (SegmentedRaftLogWorker.java:lambda$new$0(135)) - om1@group-C5BA1605619E-SegmentedRaftLogWorker: safeCacheEvictIndex: setUnconditionally 0 -> -1
2023-07-12 21:54:09,409 [om1-impl-thread1] INFO  server.RaftServer$Division (RaftServerImpl.java:start(342)) - om1@group-C5BA1605619E: start as a follower, conf=-1: peers:[om1|rpc:localhost:15042|priority:0|startupRole:FOLLOWER]|listeners:[], old=null
2023-07-12 21:54:09,409 [om1-impl-thread1] INFO  server.RaftServer$Division (RaftServerImpl.java:setRole(329)) - om1@group-C5BA1605619E: changes role from      null to FOLLOWER at term 0 for startAsFollower
2023-07-12 21:54:09,410 [om1-impl-thread1] INFO  impl.RoleInfo (RoleInfo.java:updateAndGet(139)) - om1: start om1@group-C5BA1605619E-FollowerState
2023-07-12 21:54:09,410 [om1@group-C5BA1605619E-FollowerState] INFO  server.RaftServerConfigKeys (ConfUtils.java:logFallback(53)) - raft.server.rpc.first-election.timeout.min = 1s (fallback to raft.server.rpc.timeout.min)
2023-07-12 21:54:09,410 [om1-impl-thread1] INFO  util.JmxRegister (JmxRegister.java:tryRegister(44)) - Successfully registered JMX Bean with object name Ratis:service=RaftServer,group=group-C5BA1605619E,id=om1
2023-07-12 21:54:09,410 [om1@group-C5BA1605619E-FollowerState] INFO  server.RaftServerConfigKeys (ConfUtils.java:logFallback(53)) - raft.server.rpc.first-election.timeout.max = 1200ms (fallback to raft.server.rpc.timeout.max)
2023-07-12 21:54:09,410 [om1-impl-thread1] INFO  server.RaftServerConfigKeys (ConfUtils.java:logGet(46)) - raft.server.snapshot.auto.trigger.enabled = true (custom)
2023-07-12 21:54:09,410 [om1-impl-thread1] INFO  server.RaftServerConfigKeys (ConfUtils.java:logGet(46)) - raft.server.snapshot.auto.trigger.threshold = 400000 (default)
2023-07-12 21:54:09,410 [om1-impl-thread1] INFO  server.RaftServerConfigKeys (ConfUtils.java:logGet(46)) - raft.server.snapshot.retention.file.num = -1 (default)
2023-07-12 21:54:09,410 [om1-impl-thread1] INFO  server.RaftServerConfigKeys (ConfUtils.java:logGet(46)) - raft.server.log.purge.upto.snapshot.index = true (custom)
2023-07-12 21:54:09,410 [main] INFO  server.RaftServer (RaftServerProxy.java:startImpl(400)) - om1: start RPC server
2023-07-12 21:54:09,413 [main] INFO  server.GrpcService (GrpcService.java:startImpl(302)) - om1: GrpcService started, listening on 15042
2023-07-12 21:54:09,413 [JvmPauseMonitor6] INFO  util.JvmPauseMonitor (JvmPauseMonitor.java:run(103)) - JvmPauseMonitor-om1: Started
2023-07-12 21:54:09,413 [main] INFO  om.OzoneManager (OzoneManager.java:start(1633)) - Version File has different layout version (6) than OM DB (null). That is expected if this OM has never been finalized to a newer layout version.
2023-07-12 21:54:09,418 [main] INFO  http.BaseHttpServer (BaseHttpServer.java:newHttpServer2BuilderForOzone(224)) - Starting Web-server for ozoneManager at: http://0.0.0.0:15040
2023-07-12 21:54:09,418 [main] INFO  http.BaseHttpServer (BaseHttpServer.java:<init>(111)) - Hadoop Security Enabled: false Ozone Security Enabled: false Ozone HTTP Security Enabled: false 
2023-07-12 21:54:09,420 [main] WARN  server.AuthenticationFilter (AuthenticationFilter.java:constructSecretProvider(240)) - Unable to initialize FileSignerSecretProvider, falling back to use random secrets. Reason: Could not read signature secret file: /home/runner/hadoop-http-auth-signature-secret
2023-07-12 21:54:09,422 [main] INFO  http.HttpRequestLog (HttpRequestLog.java:getRequestLog(86)) - Http request log for http.requests.ozoneManager is not defined
2023-07-12 21:54:09,423 [main] INFO  http.HttpServer2 (HttpServer2.java:addGlobalFilter(1031)) - Added global filter 'safety' (class=org.apache.hadoop.hdds.server.http.HttpServer2$QuotingInputFilter)
2023-07-12 21:54:09,425 [main] INFO  http.HttpServer2 (HttpServer2.java:addFilter(1007)) - Added filter static_user_filter (class=org.apache.hadoop.http.lib.StaticUserWebFilter$StaticUserFilter) to context ozoneManager
2023-07-12 21:54:09,425 [main] INFO  http.HttpServer2 (HttpServer2.java:addFilter(1015)) - Added filter static_user_filter (class=org.apache.hadoop.http.lib.StaticUserWebFilter$StaticUserFilter) to context logs
2023-07-12 21:54:09,426 [main] INFO  http.HttpServer2 (HttpServer2.java:addFilter(1015)) - Added filter static_user_filter (class=org.apache.hadoop.http.lib.StaticUserWebFilter$StaticUserFilter) to context static
2023-07-12 21:54:09,426 [main] INFO  http.BaseHttpServer (BaseHttpServer.java:<init>(190)) - HTTP server of ozoneManager uses base directory /home/runner/work/ozone/ozone/hadoop-ozone/integration-test/target/test-dir/MiniOzoneClusterImpl-56d3b7f5-b9ba-49a0-a504-54c96578f2cd/ozone-meta/webserver
2023-07-12 21:54:09,426 [main] INFO  http.HttpServer2 (HttpServer2.java:bindListener(1250)) - Jetty bound to port 15040
2023-07-12 21:54:09,427 [main] INFO  server.Server (Server.java:doStart(375)) - jetty-9.4.51.v20230217; built: 2023-02-17T08:19:37.309Z; git: b45c405e4544384de066f814ed42ae3dceacdd49; jvm 1.8.0_372-b07
2023-07-12 21:54:09,437 [main] INFO  server.session (DefaultSessionIdManager.java:doStart(334)) - DefaultSessionIdManager workerName=node0
2023-07-12 21:54:09,437 [main] INFO  server.session (DefaultSessionIdManager.java:doStart(339)) - No SessionScavenger set, using defaults
2023-07-12 21:54:09,437 [main] INFO  server.session (HouseKeeper.java:startScavenging(132)) - node0 Scavenging every 600000ms
2023-07-12 21:54:09,438 [main] INFO  handler.ContextHandler (ContextHandler.java:doStart(921)) - Started o.e.j.s.ServletContextHandler@1e4e195b{logs,/logs,file:///home/runner/work/ozone/ozone/hadoop-ozone/integration-test/target/log,AVAILABLE}
2023-07-12 21:54:09,438 [main] INFO  handler.ContextHandler (ContextHandler.java:doStart(921)) - Started o.e.j.s.ServletContextHandler@7a3c1ce2{static,/static,file:///home/runner/work/ozone/ozone/hadoop-ozone/integration-test/target/test-classes/webapps/static,AVAILABLE}
2023-07-12 21:54:09,443 [main] INFO  handler.ContextHandler (ContextHandler.java:doStart(921)) - Started o.e.j.w.WebAppContext@686315d9{ozoneManager,/,file:///home/runner/work/ozone/ozone/hadoop-ozone/integration-test/target/test-classes/webapps/ozoneManager/,AVAILABLE}{file:/home/runner/work/ozone/ozone/hadoop-ozone/integration-test/target/test-classes/webapps/ozoneManager}
2023-07-12 21:54:09,448 [main] INFO  server.AbstractConnector (AbstractConnector.java:doStart(333)) - Started ServerConnector@5b066eab{HTTP/1.1, (http/1.1)}{0.0.0.0:15040}
2023-07-12 21:54:09,448 [main] INFO  server.Server (Server.java:doStart(415)) - Started @59705ms
2023-07-12 21:54:09,448 [main] WARN  impl.MetricsSystemImpl (MetricsSystemImpl.java:register(279)) - Sink prometheus already exists!
2023-07-12 21:54:09,449 [main] INFO  http.BaseHttpServer (BaseHttpServer.java:updateConnectorAddress(344)) - HTTP server of ozoneManager listening at http://0.0.0.0:15040
2023-07-12 21:54:09,451 [IPC Server Responder] INFO  ipc.Server (Server.java:run(1562)) - IPC Server Responder: starting
2023-07-12 21:54:09,451 [IPC Server listener on 15039] INFO  ipc.Server (Server.java:run(1402)) - IPC Server listener on 15039: starting
2023-07-12 21:54:09,455 [main] INFO  om.OzoneManager (OzoneManager.java:startTrashEmptier(2092)) - Trash Interval set to 0. Files deleted won't move to trash
2023-07-12 21:54:09,463 [main] WARN  impl.MetricRegistriesImpl (MetricRegistriesImpl.java:addReporterRegistration(111)) - New reporters are added after registries were created. Some metrics will be missing from the reporter. Please add reporter before adding any new registry.
2023-07-12 21:54:09,463 [main] WARN  impl.MetricRegistriesImpl (MetricRegistriesImpl.java:addReporterRegistration(111)) - New reporters are added after registries were created. Some metrics will be missing from the reporter. Please add reporter before adding any new registry.
2023-07-12 21:54:09,464 [main] INFO  impl.MetricsSystemImpl (MetricsSystemImpl.java:init(158)) - HddsDatanode metrics system started (again)
2023-07-12 21:54:09,475 [main] INFO  ozone.HddsDatanodeService (HddsDatanodeService.java:start(237)) - HddsDatanodeService host:fv-az670-842.vvj1krob40nuzn3jnzu5queufe.phxx.internal.cloudapp.net ip:10.1.0.20
2023-07-12 21:54:09,498 [main] INFO  upgrade.AbstractLayoutVersionManager (AbstractLayoutVersionManager.java:init(83)) - Initializing Layout version manager with metadata layout = HADOOP_PRC_PORTS_IN_DATANODEDETAILS (version = 7), software layout = HADOOP_PRC_PORTS_IN_DATANODEDETAILS (version = 7)
2023-07-12 21:54:09,499 [main] INFO  statemachine.DatanodeStateMachine (DatanodeStateMachine.java:getEndPointTaskThreadPoolSize(279)) - Datanode State Machine Task Thread Pool size 2
2023-07-12 21:54:09,501 [main] INFO  volume.HddsVolume (HddsVolume.java:<init>(133)) - Creating HddsVolume: /home/runner/work/ozone/ozone/hadoop-ozone/integration-test/target/test-dir/MiniOzoneClusterImpl-56d3b7f5-b9ba-49a0-a504-54c96578f2cd/datanode-0/data-0/containers/hdds of storage type : DISK capacity : 9223372036854775807
2023-07-12 21:54:09,502 [main] INFO  volume.MutableVolumeSet (MutableVolumeSet.java:initializeVolumeSet(175)) - Added Volume : /home/runner/work/ozone/ozone/hadoop-ozone/integration-test/target/test-dir/MiniOzoneClusterImpl-56d3b7f5-b9ba-49a0-a504-54c96578f2cd/datanode-0/data-0/containers/hdds to VolumeSet
2023-07-12 21:54:09,502 [main] INFO  volume.ThrottledAsyncChecker (ThrottledAsyncChecker.java:schedule(141)) - Scheduling a check for /home/runner/work/ozone/ozone/hadoop-ozone/integration-test/target/test-dir/MiniOzoneClusterImpl-56d3b7f5-b9ba-49a0-a504-54c96578f2cd/datanode-0/data-0/containers/hdds
2023-07-12 21:54:09,508 [main] INFO  volume.StorageVolumeChecker (StorageVolumeChecker.java:checkAllVolumes(202)) - Scheduled health check for volume /home/runner/work/ozone/ozone/hadoop-ozone/integration-test/target/test-dir/MiniOzoneClusterImpl-56d3b7f5-b9ba-49a0-a504-54c96578f2cd/datanode-0/data-0/containers/hdds
2023-07-12 21:54:09,510 [main] INFO  volume.MutableVolumeSet (MutableVolumeSet.java:initializeVolumeSet(175)) - Added Volume : /home/runner/work/ozone/ozone/hadoop-ozone/integration-test/target/test-dir/MiniOzoneClusterImpl-56d3b7f5-b9ba-49a0-a504-54c96578f2cd/datanode-0/data/ratis to VolumeSet
2023-07-12 21:54:09,510 [main] INFO  volume.ThrottledAsyncChecker (ThrottledAsyncChecker.java:schedule(141)) - Scheduling a check for /home/runner/work/ozone/ozone/hadoop-ozone/integration-test/target/test-dir/MiniOzoneClusterImpl-56d3b7f5-b9ba-49a0-a504-54c96578f2cd/datanode-0/data/ratis
2023-07-12 21:54:09,510 [main] INFO  volume.StorageVolumeChecker (StorageVolumeChecker.java:checkAllVolumes(202)) - Scheduled health check for volume /home/runner/work/ozone/ozone/hadoop-ozone/integration-test/target/test-dir/MiniOzoneClusterImpl-56d3b7f5-b9ba-49a0-a504-54c96578f2cd/datanode-0/data/ratis
2023-07-12 21:54:09,512 [Thread-1016] INFO  ozoneimpl.ContainerReader (ContainerReader.java:readVolume(175)) - Finish verifying containers on volume /home/runner/work/ozone/ozone/hadoop-ozone/integration-test/target/test-dir/MiniOzoneClusterImpl-56d3b7f5-b9ba-49a0-a504-54c96578f2cd/datanode-0/data-0/containers/hdds
2023-07-12 21:54:09,512 [main] INFO  ozoneimpl.OzoneContainer (OzoneContainer.java:buildContainerSet(316)) - Build ContainerSet costs 0s
2023-07-12 21:54:09,514 [main] INFO  server.RaftServer (ConfUtils.java:logGet(46)) - raft.rpc.type = GRPC (default)
2023-07-12 21:54:09,514 [main] INFO  grpc.GrpcConfigKeys (ConfUtils.java:logFallback(53)) - raft.grpc.admin.host = null (fallback to raft.grpc.server.host)
2023-07-12 21:54:09,515 [main] INFO  grpc.GrpcConfigKeys (ConfUtils.java:logGet(46)) - raft.grpc.admin.port = 15048 (custom)
2023-07-12 21:54:09,515 [main] INFO  grpc.GrpcConfigKeys (ConfUtils.java:logFallback(53)) - raft.grpc.client.host = null (fallback to raft.grpc.server.host)
2023-07-12 21:54:09,515 [main] INFO  grpc.GrpcConfigKeys (ConfUtils.java:logGet(46)) - raft.grpc.client.port = 15047 (custom)
2023-07-12 21:54:09,515 [main] INFO  grpc.GrpcConfigKeys (ConfUtils.java:logGet(46)) - raft.grpc.server.host = null (default)
2023-07-12 21:54:09,515 [main] INFO  grpc.GrpcConfigKeys (ConfUtils.java:logGet(46)) - raft.grpc.server.port = 15049 (custom)
2023-07-12 21:54:09,515 [main] INFO  server.GrpcService (ConfUtils.java:logGet(46)) - raft.grpc.message.size.max = 32MB (=33554432) (custom)
2023-07-12 21:54:09,515 [main] INFO  server.RaftServerConfigKeys (ConfUtils.java:logGet(46)) - raft.server.log.appender.buffer.byte-limit = 33554432 (custom)
2023-07-12 21:54:09,515 [main] INFO  server.GrpcService (ConfUtils.java:logGet(46)) - raft.grpc.flow.control.window = 5MB (=5242880) (custom)
2023-07-12 21:54:09,516 [main] INFO  server.RaftServerConfigKeys (ConfUtils.java:logGet(46)) - raft.server.rpc.request.timeout = 60s (custom)
2023-07-12 21:54:09,516 [main] INFO  grpc.GrpcConfigKeys (ConfUtils.java:logGet(46)) - raft.grpc.server.heartbeat.channel = true (default)
2023-07-12 21:54:09,516 [main] INFO  grpc.GrpcConfigKeys (ConfUtils.java:logGet(46)) - raft.grpc.server.async.request.thread.pool.cached = true (default)
2023-07-12 21:54:09,516 [main] INFO  grpc.GrpcConfigKeys (ConfUtils.java:logGet(46)) - raft.grpc.server.async.request.thread.pool.size = 32 (default)
2023-07-12 21:54:09,518 [main] INFO  impl.DataStreamServerImpl (ConfUtils.java:logGet(46)) - raft.datastream.type = NETTY (custom)
2023-07-12 21:54:09,518 [main] INFO  server.RaftServerConfigKeys (ConfUtils.java:logGet(46)) - raft.server.data-stream.async.request.thread.pool.cached = false (default)
2023-07-12 21:54:09,518 [main] INFO  server.RaftServerConfigKeys (ConfUtils.java:logGet(46)) - raft.server.data-stream.async.request.thread.pool.size = 20 (custom)
2023-07-12 21:54:09,519 [main] INFO  server.RaftServerConfigKeys (ConfUtils.java:logGet(46)) - raft.server.data-stream.async.write.thread.pool.size = 16 (default)
2023-07-12 21:54:09,519 [main] INFO  server.RaftServerConfigKeys (ConfUtils.java:logGet(46)) - raft.server.data-stream.client.pool.size = 10 (default)
2023-07-12 21:54:09,519 [main] INFO  netty.NettyConfigKeys$DataStream (ConfUtils.java:logGet(46)) - raft.netty.dataStream.server.use-epoll = false (default)
2023-07-12 21:54:09,519 [main] INFO  netty.NettyConfigKeys$DataStream (ConfUtils.java:logGet(46)) - raft.netty.dataStream.server.boss-group.size = 0 (default)
2023-07-12 21:54:09,519 [main] INFO  netty.NettyConfigKeys$DataStream (ConfUtils.java:logGet(46)) - raft.netty.dataStream.server.worker-group.size = 0 (default)
2023-07-12 21:54:09,520 [main] INFO  netty.NettyConfigKeys$DataStream (ConfUtils.java:logGet(46)) - raft.netty.dataStream.server.tls.conf = null (default)
2023-07-12 21:54:09,520 [main] INFO  netty.NettyConfigKeys$DataStream (ConfUtils.java:logGet(46)) - raft.netty.dataStream.host = null (default)
2023-07-12 21:54:09,520 [main] INFO  netty.NettyConfigKeys$DataStream (ConfUtils.java:logGet(46)) - raft.netty.dataStream.port = 15050 (custom)
2023-07-12 21:54:09,521 [main] INFO  server.RaftServerConfigKeys (ConfUtils.java:logGet(46)) - raft.server.threadpool.proxy.cached = true (default)
2023-07-12 21:54:09,521 [main] INFO  server.RaftServerConfigKeys (ConfUtils.java:logGet(46)) - raft.server.threadpool.proxy.size = 0 (default)
2023-07-12 21:54:09,521 [main] INFO  server.RaftServerConfigKeys (ConfUtils.java:logGet(46)) - raft.server.rpc.slowness.timeout = 300s (custom)
2023-07-12 21:54:09,521 [main] INFO  server.RaftServerConfigKeys (ConfUtils.java:logGet(46)) - raft.server.leaderelection.leader.step-down.wait-time = 10s (default)
2023-07-12 21:54:09,521 [main] INFO  server.RaftServerConfigKeys (ConfUtils.java:logGet(46)) - raft.server.storage.dir = [/home/runner/work/ozone/ozone/hadoop-ozone/integration-test/target/test-dir/MiniOzoneClusterImpl-56d3b7f5-b9ba-49a0-a504-54c96578f2cd/datanode-0/data/ratis] (custom)
2023-07-12 21:54:09,529 [fe338567-e8a2-46f7-b85c-9d0af5bd64ed-NettyServerStreamRpc-bossGroup--thread1] INFO  logging.LoggingHandler (AbstractInternalLogger.java:log(148)) - [id: 0x6a0f6ee7] REGISTERED
2023-07-12 21:54:09,529 [fe338567-e8a2-46f7-b85c-9d0af5bd64ed-NettyServerStreamRpc-bossGroup--thread1] INFO  logging.LoggingHandler (AbstractInternalLogger.java:log(148)) - [id: 0x6a0f6ee7] BIND: 0.0.0.0/0.0.0.0:15050
2023-07-12 21:54:09,529 [fe338567-e8a2-46f7-b85c-9d0af5bd64ed-NettyServerStreamRpc-bossGroup--thread1] INFO  logging.LoggingHandler (AbstractInternalLogger.java:log(148)) - [id: 0x6a0f6ee7, L:/0:0:0:0:0:0:0:0:15050] ACTIVE
2023-07-12 21:54:09,530 [main] INFO  server.XceiverServerGrpc (XceiverServerGrpc.java:<init>(132)) - GrpcServer channel type EpollServerSocketChannel
2023-07-12 21:54:09,531 [main] INFO  replication.ReplicationSupervisor (ReplicationSupervisor.java:nodeStateUpdated(305)) - Node state updated to IN_SERVICE, scaling executor pool size to 10
2023-07-12 21:54:09,534 [main] INFO  http.BaseHttpServer (BaseHttpServer.java:newHttpServer2BuilderForOzone(224)) - Starting Web-server for hddsDatanode at: http://0.0.0.0:15044
2023-07-12 21:54:09,534 [main] INFO  http.BaseHttpServer (BaseHttpServer.java:<init>(111)) - Hadoop Security Enabled: false Ozone Security Enabled: false Ozone HTTP Security Enabled: false 
2023-07-12 21:54:09,536 [main] WARN  server.AuthenticationFilter (AuthenticationFilter.java:constructSecretProvider(240)) - Unable to initialize FileSignerSecretProvider, falling back to use random secrets. Reason: Could not read signature secret file: /home/runner/hadoop-http-auth-signature-secret
2023-07-12 21:54:09,536 [main] INFO  http.HttpRequestLog (HttpRequestLog.java:getRequestLog(86)) - Http request log for http.requests.hddsDatanode is not defined
2023-07-12 21:54:09,538 [main] INFO  http.HttpServer2 (HttpServer2.java:addGlobalFilter(1031)) - Added global filter 'safety' (class=org.apache.hadoop.hdds.server.http.HttpServer2$QuotingInputFilter)
2023-07-12 21:54:09,538 [main] INFO  http.HttpServer2 (HttpServer2.java:addFilter(1007)) - Added filter static_user_filter (class=org.apache.hadoop.http.lib.StaticUserWebFilter$StaticUserFilter) to context hddsDatanode
2023-07-12 21:54:09,539 [main] INFO  http.HttpServer2 (HttpServer2.java:addFilter(1015)) - Added filter static_user_filter (class=org.apache.hadoop.http.lib.StaticUserWebFilter$StaticUserFilter) to context static
2023-07-12 21:54:09,539 [main] INFO  http.HttpServer2 (HttpServer2.java:addFilter(1015)) - Added filter static_user_filter (class=org.apache.hadoop.http.lib.StaticUserWebFilter$StaticUserFilter) to context logs
2023-07-12 21:54:09,539 [main] INFO  http.BaseHttpServer (BaseHttpServer.java:<init>(190)) - HTTP server of hddsDatanode uses base directory /home/runner/work/ozone/ozone/hadoop-ozone/integration-test/target/test-dir/MiniOzoneClusterImpl-56d3b7f5-b9ba-49a0-a504-54c96578f2cd/datanode-0/meta/webserver
2023-07-12 21:54:09,540 [main] INFO  http.HttpServer2 (HttpServer2.java:bindListener(1250)) - Jetty bound to port 15044
2023-07-12 21:54:09,540 [main] INFO  server.Server (Server.java:doStart(375)) - jetty-9.4.51.v20230217; built: 2023-02-17T08:19:37.309Z; git: b45c405e4544384de066f814ed42ae3dceacdd49; jvm 1.8.0_372-b07
2023-07-12 21:54:09,544 [main] INFO  server.session (DefaultSessionIdManager.java:doStart(334)) - DefaultSessionIdManager workerName=node0
2023-07-12 21:54:09,544 [main] INFO  server.session (DefaultSessionIdManager.java:doStart(339)) - No SessionScavenger set, using defaults
2023-07-12 21:54:09,544 [main] INFO  server.session (HouseKeeper.java:startScavenging(132)) - node0 Scavenging every 660000ms
2023-07-12 21:54:09,545 [main] INFO  handler.ContextHandler (ContextHandler.java:doStart(921)) - Started o.e.j.s.ServletContextHandler@1789e253{logs,/logs,file:///home/runner/work/ozone/ozone/hadoop-ozone/integration-test/target/log,AVAILABLE}
2023-07-12 21:54:09,545 [main] INFO  handler.ContextHandler (ContextHandler.java:doStart(921)) - Started o.e.j.s.ServletContextHandler@52039841{static,/static,jar:file:/home/runner/.m2/repository/org/apache/ozone/hdds-container-service/1.4.0-SNAPSHOT/hdds-container-service-1.4.0-SNAPSHOT.jar!/webapps/static,AVAILABLE}
2023-07-12 21:54:09,750 [main] INFO  handler.ContextHandler (ContextHandler.java:doStart(921)) - Started o.e.j.w.WebAppContext@780b1d6d{hddsDatanode,/,file:///home/runner/work/ozone/ozone/hadoop-ozone/integration-test/target/test-dir/MiniOzoneClusterImpl-56d3b7f5-b9ba-49a0-a504-54c96578f2cd/datanode-0/meta/webserver/jetty-0_0_0_0-15044-hdds-container-service-1_4_0-SNAPSHOT_jar-_-any-8642760259520400998/webapp/,AVAILABLE}{jar:file:/home/runner/.m2/repository/org/apache/ozone/hdds-container-service/1.4.0-SNAPSHOT/hdds-container-service-1.4.0-SNAPSHOT.jar!/webapps/hddsDatanode}
2023-07-12 21:54:09,751 [main] INFO  server.AbstractConnector (AbstractConnector.java:doStart(333)) - Started ServerConnector@2ac92f5d{HTTP/1.1, (http/1.1)}{0.0.0.0:15044}
2023-07-12 21:54:09,751 [main] INFO  server.Server (Server.java:doStart(415)) - Started @60008ms
2023-07-12 21:54:09,751 [main] WARN  impl.MetricsSystemImpl (MetricsSystemImpl.java:register(279)) - Sink prometheus already exists!
2023-07-12 21:54:09,752 [main] INFO  http.BaseHttpServer (BaseHttpServer.java:updateConnectorAddress(344)) - HTTP server of hddsDatanode listening at http://0.0.0.0:15044
2023-07-12 21:54:09,752 [main] INFO  ipc.CallQueueManager (CallQueueManager.java:<init>(90)) - Using callQueue: class java.util.concurrent.LinkedBlockingQueue, queueCapacity: 100, scheduler: class org.apache.hadoop.ipc.DefaultRpcScheduler, ipcBackoff: false.
2023-07-12 21:54:09,752 [main] INFO  ipc.Server (Server.java:<init>(1287)) - Listener at 0.0.0.0:15045
2023-07-12 21:54:09,753 [Socket Reader #1 for port 15045] INFO  ipc.Server (Server.java:run(1323)) - Starting Socket Reader #1 for port 15045
2023-07-12 21:54:09,759 [main] INFO  ozone.HddsDatanodeService (HddsDatanodeService.java:start(315)) - Datanode start with admins: [runner]
2023-07-12 21:54:09,759 [main] INFO  ozone.HddsDatanodeClientProtocolServer (HddsDatanodeClientProtocolServer.java:start(72)) - RPC server for Client /0.0.0.0:15045
2023-07-12 21:54:09,760 [IPC Server Responder] INFO  ipc.Server (Server.java:run(1562)) - IPC Server Responder: starting
2023-07-12 21:54:09,760 [IPC Server listener on 15045] INFO  ipc.Server (Server.java:run(1402)) - IPC Server listener on 15045: starting
2023-07-12 21:54:09,760 [main] WARN  impl.MetricRegistriesImpl (MetricRegistriesImpl.java:addReporterRegistration(111)) - New reporters are added after registries were created. Some metrics will be missing from the reporter. Please add reporter before adding any new registry.
2023-07-12 21:54:09,761 [main] WARN  impl.MetricRegistriesImpl (MetricRegistriesImpl.java:addReporterRegistration(111)) - New reporters are added after registries were created. Some metrics will be missing from the reporter. Please add reporter before adding any new registry.
2023-07-12 21:54:09,760 [Datanode State Machine Daemon Thread] INFO  statemachine.DatanodeStateMachine (DatanodeStateMachine.java:lambda$startDaemon$0(531)) - Ozone container server started.
2023-07-12 21:54:09,761 [main] INFO  impl.MetricsSystemImpl (MetricsSystemImpl.java:init(158)) - HddsDatanode metrics system started (again)
2023-07-12 21:54:09,773 [main] INFO  ozone.HddsDatanodeService (HddsDatanodeService.java:start(237)) - HddsDatanodeService host:fv-az670-842.vvj1krob40nuzn3jnzu5queufe.phxx.internal.cloudapp.net ip:10.1.0.20
2023-07-12 21:54:09,784 [Datanode State Machine Task Thread - 0] INFO  datanode.InitDatanodeState (InitDatanodeState.java:persistContainerDatanodeDetails(138)) - DatanodeDetails is persisted to /home/runner/work/ozone/ozone/hadoop-ozone/integration-test/target/test-dir/MiniOzoneClusterImpl-56d3b7f5-b9ba-49a0-a504-54c96578f2cd/datanode-0/meta/datanode.id
2023-07-12 21:54:09,795 [main] INFO  upgrade.AbstractLayoutVersionManager (AbstractLayoutVersionManager.java:init(83)) - Initializing Layout version manager with metadata layout = HADOOP_PRC_PORTS_IN_DATANODEDETAILS (version = 7), software layout = HADOOP_PRC_PORTS_IN_DATANODEDETAILS (version = 7)
2023-07-12 21:54:09,797 [main] INFO  statemachine.DatanodeStateMachine (DatanodeStateMachine.java:getEndPointTaskThreadPoolSize(279)) - Datanode State Machine Task Thread Pool size 2
2023-07-12 21:54:09,800 [main] INFO  volume.HddsVolume (HddsVolume.java:<init>(133)) - Creating HddsVolume: /home/runner/work/ozone/ozone/hadoop-ozone/integration-test/target/test-dir/MiniOzoneClusterImpl-56d3b7f5-b9ba-49a0-a504-54c96578f2cd/datanode-1/data-0/containers/hdds of storage type : DISK capacity : 9223372036854775807
2023-07-12 21:54:09,801 [main] INFO  volume.MutableVolumeSet (MutableVolumeSet.java:initializeVolumeSet(175)) - Added Volume : /home/runner/work/ozone/ozone/hadoop-ozone/integration-test/target/test-dir/MiniOzoneClusterImpl-56d3b7f5-b9ba-49a0-a504-54c96578f2cd/datanode-1/data-0/containers/hdds to VolumeSet
2023-07-12 21:54:09,801 [main] INFO  volume.ThrottledAsyncChecker (ThrottledAsyncChecker.java:schedule(141)) - Scheduling a check for /home/runner/work/ozone/ozone/hadoop-ozone/integration-test/target/test-dir/MiniOzoneClusterImpl-56d3b7f5-b9ba-49a0-a504-54c96578f2cd/datanode-1/data-0/containers/hdds
2023-07-12 21:54:09,801 [main] INFO  volume.StorageVolumeChecker (StorageVolumeChecker.java:checkAllVolumes(202)) - Scheduled health check for volume /home/runner/work/ozone/ozone/hadoop-ozone/integration-test/target/test-dir/MiniOzoneClusterImpl-56d3b7f5-b9ba-49a0-a504-54c96578f2cd/datanode-1/data-0/containers/hdds
2023-07-12 21:54:09,804 [main] INFO  volume.MutableVolumeSet (MutableVolumeSet.java:initializeVolumeSet(175)) - Added Volume : /home/runner/work/ozone/ozone/hadoop-ozone/integration-test/target/test-dir/MiniOzoneClusterImpl-56d3b7f5-b9ba-49a0-a504-54c96578f2cd/datanode-1/data/ratis to VolumeSet
2023-07-12 21:54:09,804 [main] INFO  volume.ThrottledAsyncChecker (ThrottledAsyncChecker.java:schedule(141)) - Scheduling a check for /home/runner/work/ozone/ozone/hadoop-ozone/integration-test/target/test-dir/MiniOzoneClusterImpl-56d3b7f5-b9ba-49a0-a504-54c96578f2cd/datanode-1/data/ratis
2023-07-12 21:54:09,804 [main] INFO  volume.StorageVolumeChecker (StorageVolumeChecker.java:checkAllVolumes(202)) - Scheduled health check for volume /home/runner/work/ozone/ozone/hadoop-ozone/integration-test/target/test-dir/MiniOzoneClusterImpl-56d3b7f5-b9ba-49a0-a504-54c96578f2cd/datanode-1/data/ratis
2023-07-12 21:54:09,809 [Thread-1033] INFO  ozoneimpl.ContainerReader (ContainerReader.java:readVolume(175)) - Finish verifying containers on volume /home/runner/work/ozone/ozone/hadoop-ozone/integration-test/target/test-dir/MiniOzoneClusterImpl-56d3b7f5-b9ba-49a0-a504-54c96578f2cd/datanode-1/data-0/containers/hdds
2023-07-12 21:54:09,809 [main] INFO  ozoneimpl.OzoneContainer (OzoneContainer.java:buildContainerSet(316)) - Build ContainerSet costs 0s
2023-07-12 21:54:09,811 [main] INFO  server.RaftServer (ConfUtils.java:logGet(46)) - raft.rpc.type = GRPC (default)
2023-07-12 21:54:09,811 [main] INFO  grpc.GrpcConfigKeys (ConfUtils.java:logFallback(53)) - raft.grpc.admin.host = null (fallback to raft.grpc.server.host)
2023-07-12 21:54:09,811 [main] INFO  grpc.GrpcConfigKeys (ConfUtils.java:logGet(46)) - raft.grpc.admin.port = 15057 (custom)
2023-07-12 21:54:09,811 [main] INFO  grpc.GrpcConfigKeys (ConfUtils.java:logFallback(53)) - raft.grpc.client.host = null (fallback to raft.grpc.server.host)
2023-07-12 21:54:09,812 [main] INFO  grpc.GrpcConfigKeys (ConfUtils.java:logGet(46)) - raft.grpc.client.port = 15056 (custom)
2023-07-12 21:54:09,812 [main] INFO  grpc.GrpcConfigKeys (ConfUtils.java:logGet(46)) - raft.grpc.server.host = null (default)
2023-07-12 21:54:09,812 [main] INFO  grpc.GrpcConfigKeys (ConfUtils.java:logGet(46)) - raft.grpc.server.port = 15058 (custom)
2023-07-12 21:54:09,812 [main] INFO  server.GrpcService (ConfUtils.java:logGet(46)) - raft.grpc.message.size.max = 32MB (=33554432) (custom)
2023-07-12 21:54:09,812 [main] INFO  server.RaftServerConfigKeys (ConfUtils.java:logGet(46)) - raft.server.log.appender.buffer.byte-limit = 33554432 (custom)
2023-07-12 21:54:09,812 [main] INFO  server.GrpcService (ConfUtils.java:logGet(46)) - raft.grpc.flow.control.window = 5MB (=5242880) (custom)
2023-07-12 21:54:09,812 [main] INFO  server.RaftServerConfigKeys (ConfUtils.java:logGet(46)) - raft.server.rpc.request.timeout = 60s (custom)
2023-07-12 21:54:09,815 [main] INFO  grpc.GrpcConfigKeys (ConfUtils.java:logGet(46)) - raft.grpc.server.heartbeat.channel = true (default)
2023-07-12 21:54:09,815 [main] INFO  grpc.GrpcConfigKeys (ConfUtils.java:logGet(46)) - raft.grpc.server.async.request.thread.pool.cached = true (default)
2023-07-12 21:54:09,815 [main] INFO  grpc.GrpcConfigKeys (ConfUtils.java:logGet(46)) - raft.grpc.server.async.request.thread.pool.size = 32 (default)
2023-07-12 21:54:09,819 [main] INFO  impl.DataStreamServerImpl (ConfUtils.java:logGet(46)) - raft.datastream.type = NETTY (custom)
2023-07-12 21:54:09,820 [main] INFO  server.RaftServerConfigKeys (ConfUtils.java:logGet(46)) - raft.server.data-stream.async.request.thread.pool.cached = false (default)
2023-07-12 21:54:09,820 [main] INFO  server.RaftServerConfigKeys (ConfUtils.java:logGet(46)) - raft.server.data-stream.async.request.thread.pool.size = 20 (custom)
2023-07-12 21:54:09,820 [main] INFO  server.RaftServerConfigKeys (ConfUtils.java:logGet(46)) - raft.server.data-stream.async.write.thread.pool.size = 16 (default)
2023-07-12 21:54:09,820 [main] INFO  server.RaftServerConfigKeys (ConfUtils.java:logGet(46)) - raft.server.data-stream.client.pool.size = 10 (default)
2023-07-12 21:54:09,821 [main] INFO  netty.NettyConfigKeys$DataStream (ConfUtils.java:logGet(46)) - raft.netty.dataStream.server.use-epoll = false (default)
2023-07-12 21:54:09,821 [main] INFO  netty.NettyConfigKeys$DataStream (ConfUtils.java:logGet(46)) - raft.netty.dataStream.server.boss-group.size = 0 (default)
2023-07-12 21:54:09,880 [main] INFO  netty.NettyConfigKeys$DataStream (ConfUtils.java:logGet(46)) - raft.netty.dataStream.server.worker-group.size = 0 (default)
2023-07-12 21:54:09,880 [main] INFO  netty.NettyConfigKeys$DataStream (ConfUtils.java:logGet(46)) - raft.netty.dataStream.server.tls.conf = null (default)
2023-07-12 21:54:09,880 [main] INFO  netty.NettyConfigKeys$DataStream (ConfUtils.java:logGet(46)) - raft.netty.dataStream.host = null (default)
2023-07-12 21:54:09,880 [main] INFO  netty.NettyConfigKeys$DataStream (ConfUtils.java:logGet(46)) - raft.netty.dataStream.port = 15059 (custom)
2023-07-12 21:54:09,883 [main] INFO  server.RaftServerConfigKeys (ConfUtils.java:logGet(46)) - raft.server.threadpool.proxy.cached = true (default)
2023-07-12 21:54:09,883 [main] INFO  server.RaftServerConfigKeys (ConfUtils.java:logGet(46)) - raft.server.threadpool.proxy.size = 0 (default)
2023-07-12 21:54:09,883 [main] INFO  server.RaftServerConfigKeys (ConfUtils.java:logGet(46)) - raft.server.rpc.slowness.timeout = 300s (custom)
2023-07-12 21:54:09,883 [main] INFO  server.RaftServerConfigKeys (ConfUtils.java:logGet(46)) - raft.server.leaderelection.leader.step-down.wait-time = 10s (default)
2023-07-12 21:54:09,883 [main] INFO  server.RaftServerConfigKeys (ConfUtils.java:logGet(46)) - raft.server.storage.dir = [/home/runner/work/ozone/ozone/hadoop-ozone/integration-test/target/test-dir/MiniOzoneClusterImpl-56d3b7f5-b9ba-49a0-a504-54c96578f2cd/datanode-1/data/ratis] (custom)
2023-07-12 21:54:09,889 [main] INFO  server.XceiverServerGrpc (XceiverServerGrpc.java:<init>(132)) - GrpcServer channel type EpollServerSocketChannel
2023-07-12 21:54:09,890 [main] INFO  replication.ReplicationSupervisor (ReplicationSupervisor.java:nodeStateUpdated(305)) - Node state updated to IN_SERVICE, scaling executor pool size to 10
2023-07-12 21:54:09,891 [42b4a456-befe-4bab-a9c2-24b02b86258a-NettyServerStreamRpc-bossGroup--thread1] INFO  logging.LoggingHandler (AbstractInternalLogger.java:log(148)) - [id: 0x695a1209] REGISTERED
2023-07-12 21:54:09,891 [42b4a456-befe-4bab-a9c2-24b02b86258a-NettyServerStreamRpc-bossGroup--thread1] INFO  logging.LoggingHandler (AbstractInternalLogger.java:log(148)) - [id: 0x695a1209] BIND: 0.0.0.0/0.0.0.0:15059
2023-07-12 21:54:09,892 [42b4a456-befe-4bab-a9c2-24b02b86258a-NettyServerStreamRpc-bossGroup--thread1] INFO  logging.LoggingHandler (AbstractInternalLogger.java:log(148)) - [id: 0x695a1209, L:/0:0:0:0:0:0:0:0:15059] ACTIVE
2023-07-12 21:54:09,894 [main] INFO  http.BaseHttpServer (BaseHttpServer.java:newHttpServer2BuilderForOzone(224)) - Starting Web-server for hddsDatanode at: http://0.0.0.0:15053
2023-07-12 21:54:09,894 [main] INFO  http.BaseHttpServer (BaseHttpServer.java:<init>(111)) - Hadoop Security Enabled: false Ozone Security Enabled: false Ozone HTTP Security Enabled: false 
2023-07-12 21:54:09,896 [main] WARN  server.AuthenticationFilter (AuthenticationFilter.java:constructSecretProvider(240)) - Unable to initialize FileSignerSecretProvider, falling back to use random secrets. Reason: Could not read signature secret file: /home/runner/hadoop-http-auth-signature-secret
2023-07-12 21:54:09,897 [main] INFO  http.HttpRequestLog (HttpRequestLog.java:getRequestLog(86)) - Http request log for http.requests.hddsDatanode is not defined
2023-07-12 21:54:09,899 [main] INFO  http.HttpServer2 (HttpServer2.java:addGlobalFilter(1031)) - Added global filter 'safety' (class=org.apache.hadoop.hdds.server.http.HttpServer2$QuotingInputFilter)
2023-07-12 21:54:09,900 [main] INFO  http.HttpServer2 (HttpServer2.java:addFilter(1007)) - Added filter static_user_filter (class=org.apache.hadoop.http.lib.StaticUserWebFilter$StaticUserFilter) to context hddsDatanode
2023-07-12 21:54:09,901 [main] INFO  http.HttpServer2 (HttpServer2.java:addFilter(1015)) - Added filter static_user_filter (class=org.apache.hadoop.http.lib.StaticUserWebFilter$StaticUserFilter) to context static
2023-07-12 21:54:09,901 [main] INFO  http.HttpServer2 (HttpServer2.java:addFilter(1015)) - Added filter static_user_filter (class=org.apache.hadoop.http.lib.StaticUserWebFilter$StaticUserFilter) to context logs
2023-07-12 21:54:09,902 [main] INFO  http.BaseHttpServer (BaseHttpServer.java:<init>(190)) - HTTP server of hddsDatanode uses base directory /home/runner/work/ozone/ozone/hadoop-ozone/integration-test/target/test-dir/MiniOzoneClusterImpl-56d3b7f5-b9ba-49a0-a504-54c96578f2cd/datanode-1/meta/webserver
2023-07-12 21:54:09,903 [main] INFO  http.HttpServer2 (HttpServer2.java:bindListener(1250)) - Jetty bound to port 15053
2023-07-12 21:54:09,903 [main] INFO  server.Server (Server.java:doStart(375)) - jetty-9.4.51.v20230217; built: 2023-02-17T08:19:37.309Z; git: b45c405e4544384de066f814ed42ae3dceacdd49; jvm 1.8.0_372-b07
2023-07-12 21:54:09,904 [main] INFO  server.session (DefaultSessionIdManager.java:doStart(334)) - DefaultSessionIdManager workerName=node0
2023-07-12 21:54:09,904 [main] INFO  server.session (DefaultSessionIdManager.java:doStart(339)) - No SessionScavenger set, using defaults
2023-07-12 21:54:09,904 [main] INFO  server.session (HouseKeeper.java:startScavenging(132)) - node0 Scavenging every 660000ms
2023-07-12 21:54:09,905 [main] INFO  handler.ContextHandler (ContextHandler.java:doStart(921)) - Started o.e.j.s.ServletContextHandler@2d633926{logs,/logs,file:///home/runner/work/ozone/ozone/hadoop-ozone/integration-test/target/log,AVAILABLE}
2023-07-12 21:54:09,906 [main] INFO  handler.ContextHandler (ContextHandler.java:doStart(921)) - Started o.e.j.s.ServletContextHandler@37f63be5{static,/static,jar:file:/home/runner/.m2/repository/org/apache/ozone/hdds-container-service/1.4.0-SNAPSHOT/hdds-container-service-1.4.0-SNAPSHOT.jar!/webapps/static,AVAILABLE}
2023-07-12 21:54:10,116 [main] INFO  handler.ContextHandler (ContextHandler.java:doStart(921)) - Started o.e.j.w.WebAppContext@6db1b0c{hddsDatanode,/,file:///home/runner/work/ozone/ozone/hadoop-ozone/integration-test/target/test-dir/MiniOzoneClusterImpl-56d3b7f5-b9ba-49a0-a504-54c96578f2cd/datanode-1/meta/webserver/jetty-0_0_0_0-15053-hdds-container-service-1_4_0-SNAPSHOT_jar-_-any-3001369562965409872/webapp/,AVAILABLE}{jar:file:/home/runner/.m2/repository/org/apache/ozone/hdds-container-service/1.4.0-SNAPSHOT/hdds-container-service-1.4.0-SNAPSHOT.jar!/webapps/hddsDatanode}
2023-07-12 21:54:10,117 [main] INFO  server.AbstractConnector (AbstractConnector.java:doStart(333)) - Started ServerConnector@7f469f43{HTTP/1.1, (http/1.1)}{0.0.0.0:15053}
2023-07-12 21:54:10,117 [main] INFO  server.Server (Server.java:doStart(415)) - Started @60374ms
2023-07-12 21:54:10,117 [main] WARN  impl.MetricsSystemImpl (MetricsSystemImpl.java:register(279)) - Sink prometheus already exists!
2023-07-12 21:54:10,118 [main] INFO  http.BaseHttpServer (BaseHttpServer.java:updateConnectorAddress(344)) - HTTP server of hddsDatanode listening at http://0.0.0.0:15053
2023-07-12 21:54:10,118 [main] INFO  ipc.CallQueueManager (CallQueueManager.java:<init>(90)) - Using callQueue: class java.util.concurrent.LinkedBlockingQueue, queueCapacity: 100, scheduler: class org.apache.hadoop.ipc.DefaultRpcScheduler, ipcBackoff: false.
2023-07-12 21:54:10,118 [main] INFO  ipc.Server (Server.java:<init>(1287)) - Listener at 0.0.0.0:15054
2023-07-12 21:54:10,120 [Socket Reader #1 for port 15054] INFO  ipc.Server (Server.java:run(1323)) - Starting Socket Reader #1 for port 15054
2023-07-12 21:54:10,120 [main] INFO  ozone.HddsDatanodeService (HddsDatanodeService.java:start(315)) - Datanode start with admins: [runner]
2023-07-12 21:54:10,125 [main] INFO  ozone.HddsDatanodeClientProtocolServer (HddsDatanodeClientProtocolServer.java:start(72)) - RPC server for Client /0.0.0.0:15054
2023-07-12 21:54:10,127 [IPC Server Responder] INFO  ipc.Server (Server.java:run(1562)) - IPC Server Responder: starting
2023-07-12 21:54:10,127 [IPC Server listener on 15054] INFO  ipc.Server (Server.java:run(1402)) - IPC Server listener on 15054: starting
2023-07-12 21:54:10,127 [Datanode State Machine Daemon Thread] INFO  statemachine.DatanodeStateMachine (DatanodeStateMachine.java:lambda$startDaemon$0(531)) - Ozone container server started.
2023-07-12 21:54:10,127 [main] WARN  impl.MetricRegistriesImpl (MetricRegistriesImpl.java:addReporterRegistration(111)) - New reporters are added after registries were created. Some metrics will be missing from the reporter. Please add reporter before adding any new registry.
2023-07-12 21:54:10,128 [main] WARN  impl.MetricRegistriesImpl (MetricRegistriesImpl.java:addReporterRegistration(111)) - New reporters are added after registries were created. Some metrics will be missing from the reporter. Please add reporter before adding any new registry.
2023-07-12 21:54:10,128 [main] INFO  impl.MetricsSystemImpl (MetricsSystemImpl.java:init(158)) - HddsDatanode metrics system started (again)
2023-07-12 21:54:10,140 [main] INFO  ozone.HddsDatanodeService (HddsDatanodeService.java:start(237)) - HddsDatanodeService host:fv-az670-842.vvj1krob40nuzn3jnzu5queufe.phxx.internal.cloudapp.net ip:10.1.0.20
2023-07-12 21:54:10,148 [Datanode State Machine Task Thread - 0] INFO  datanode.InitDatanodeState (InitDatanodeState.java:persistContainerDatanodeDetails(138)) - DatanodeDetails is persisted to /home/runner/work/ozone/ozone/hadoop-ozone/integration-test/target/test-dir/MiniOzoneClusterImpl-56d3b7f5-b9ba-49a0-a504-54c96578f2cd/datanode-1/meta/datanode.id
2023-07-12 21:54:10,162 [main] INFO  upgrade.AbstractLayoutVersionManager (AbstractLayoutVersionManager.java:init(83)) - Initializing Layout version manager with metadata layout = HADOOP_PRC_PORTS_IN_DATANODEDETAILS (version = 7), software layout = HADOOP_PRC_PORTS_IN_DATANODEDETAILS (version = 7)
2023-07-12 21:54:10,163 [main] INFO  statemachine.DatanodeStateMachine (DatanodeStateMachine.java:getEndPointTaskThreadPoolSize(279)) - Datanode State Machine Task Thread Pool size 2
2023-07-12 21:54:10,164 [main] INFO  volume.HddsVolume (HddsVolume.java:<init>(133)) - Creating HddsVolume: /home/runner/work/ozone/ozone/hadoop-ozone/integration-test/target/test-dir/MiniOzoneClusterImpl-56d3b7f5-b9ba-49a0-a504-54c96578f2cd/datanode-2/data-0/containers/hdds of storage type : DISK capacity : 9223372036854775807
2023-07-12 21:54:10,164 [main] INFO  volume.MutableVolumeSet (MutableVolumeSet.java:initializeVolumeSet(175)) - Added Volume : /home/runner/work/ozone/ozone/hadoop-ozone/integration-test/target/test-dir/MiniOzoneClusterImpl-56d3b7f5-b9ba-49a0-a504-54c96578f2cd/datanode-2/data-0/containers/hdds to VolumeSet
2023-07-12 21:54:10,165 [main] INFO  volume.ThrottledAsyncChecker (ThrottledAsyncChecker.java:schedule(141)) - Scheduling a check for /home/runner/work/ozone/ozone/hadoop-ozone/integration-test/target/test-dir/MiniOzoneClusterImpl-56d3b7f5-b9ba-49a0-a504-54c96578f2cd/datanode-2/data-0/containers/hdds
2023-07-12 21:54:10,165 [main] INFO  volume.StorageVolumeChecker (StorageVolumeChecker.java:checkAllVolumes(202)) - Scheduled health check for volume /home/runner/work/ozone/ozone/hadoop-ozone/integration-test/target/test-dir/MiniOzoneClusterImpl-56d3b7f5-b9ba-49a0-a504-54c96578f2cd/datanode-2/data-0/containers/hdds
2023-07-12 21:54:10,167 [main] INFO  volume.MutableVolumeSet (MutableVolumeSet.java:initializeVolumeSet(175)) - Added Volume : /home/runner/work/ozone/ozone/hadoop-ozone/integration-test/target/test-dir/MiniOzoneClusterImpl-56d3b7f5-b9ba-49a0-a504-54c96578f2cd/datanode-2/data/ratis to VolumeSet
2023-07-12 21:54:10,168 [main] INFO  volume.ThrottledAsyncChecker (ThrottledAsyncChecker.java:schedule(141)) - Scheduling a check for /home/runner/work/ozone/ozone/hadoop-ozone/integration-test/target/test-dir/MiniOzoneClusterImpl-56d3b7f5-b9ba-49a0-a504-54c96578f2cd/datanode-2/data/ratis
2023-07-12 21:54:10,168 [main] INFO  volume.StorageVolumeChecker (StorageVolumeChecker.java:checkAllVolumes(202)) - Scheduled health check for volume /home/runner/work/ozone/ozone/hadoop-ozone/integration-test/target/test-dir/MiniOzoneClusterImpl-56d3b7f5-b9ba-49a0-a504-54c96578f2cd/datanode-2/data/ratis
2023-07-12 21:54:10,173 [Thread-1050] INFO  ozoneimpl.ContainerReader (ContainerReader.java:readVolume(175)) - Finish verifying containers on volume /home/runner/work/ozone/ozone/hadoop-ozone/integration-test/target/test-dir/MiniOzoneClusterImpl-56d3b7f5-b9ba-49a0-a504-54c96578f2cd/datanode-2/data-0/containers/hdds
2023-07-12 21:54:10,173 [main] INFO  ozoneimpl.OzoneContainer (OzoneContainer.java:buildContainerSet(316)) - Build ContainerSet costs 0s
2023-07-12 21:54:10,175 [main] INFO  server.RaftServer (ConfUtils.java:logGet(46)) - raft.rpc.type = GRPC (default)
2023-07-12 21:54:10,176 [main] INFO  grpc.GrpcConfigKeys (ConfUtils.java:logFallback(53)) - raft.grpc.admin.host = null (fallback to raft.grpc.server.host)
2023-07-12 21:54:10,176 [main] INFO  grpc.GrpcConfigKeys (ConfUtils.java:logGet(46)) - raft.grpc.admin.port = 15066 (custom)
2023-07-12 21:54:10,176 [main] INFO  grpc.GrpcConfigKeys (ConfUtils.java:logFallback(53)) - raft.grpc.client.host = null (fallback to raft.grpc.server.host)
2023-07-12 21:54:10,176 [main] INFO  grpc.GrpcConfigKeys (ConfUtils.java:logGet(46)) - raft.grpc.client.port = 15065 (custom)
2023-07-12 21:54:10,176 [main] INFO  grpc.GrpcConfigKeys (ConfUtils.java:logGet(46)) - raft.grpc.server.host = null (default)
2023-07-12 21:54:10,176 [main] INFO  grpc.GrpcConfigKeys (ConfUtils.java:logGet(46)) - raft.grpc.server.port = 15067 (custom)
2023-07-12 21:54:10,177 [main] INFO  server.GrpcService (ConfUtils.java:logGet(46)) - raft.grpc.message.size.max = 32MB (=33554432) (custom)
2023-07-12 21:54:10,177 [main] INFO  server.RaftServerConfigKeys (ConfUtils.java:logGet(46)) - raft.server.log.appender.buffer.byte-limit = 33554432 (custom)
2023-07-12 21:54:10,177 [main] INFO  server.GrpcService (ConfUtils.java:logGet(46)) - raft.grpc.flow.control.window = 5MB (=5242880) (custom)
2023-07-12 21:54:10,178 [main] INFO  server.RaftServerConfigKeys (ConfUtils.java:logGet(46)) - raft.server.rpc.request.timeout = 60s (custom)
2023-07-12 21:54:10,178 [main] INFO  grpc.GrpcConfigKeys (ConfUtils.java:logGet(46)) - raft.grpc.server.heartbeat.channel = true (default)
2023-07-12 21:54:10,178 [main] INFO  grpc.GrpcConfigKeys (ConfUtils.java:logGet(46)) - raft.grpc.server.async.request.thread.pool.cached = true (default)
2023-07-12 21:54:10,178 [main] INFO  grpc.GrpcConfigKeys (ConfUtils.java:logGet(46)) - raft.grpc.server.async.request.thread.pool.size = 32 (default)
2023-07-12 21:54:10,181 [main] INFO  impl.DataStreamServerImpl (ConfUtils.java:logGet(46)) - raft.datastream.type = NETTY (custom)
2023-07-12 21:54:10,181 [main] INFO  server.RaftServerConfigKeys (ConfUtils.java:logGet(46)) - raft.server.data-stream.async.request.thread.pool.cached = false (default)
2023-07-12 21:54:10,182 [main] INFO  server.RaftServerConfigKeys (ConfUtils.java:logGet(46)) - raft.server.data-stream.async.request.thread.pool.size = 20 (custom)
2023-07-12 21:54:10,182 [main] INFO  server.RaftServerConfigKeys (ConfUtils.java:logGet(46)) - raft.server.data-stream.async.write.thread.pool.size = 16 (default)
2023-07-12 21:54:10,183 [main] INFO  server.RaftServerConfigKeys (ConfUtils.java:logGet(46)) - raft.server.data-stream.client.pool.size = 10 (default)
2023-07-12 21:54:10,183 [main] INFO  netty.NettyConfigKeys$DataStream (ConfUtils.java:logGet(46)) - raft.netty.dataStream.server.use-epoll = false (default)
2023-07-12 21:54:10,184 [main] INFO  netty.NettyConfigKeys$DataStream (ConfUtils.java:logGet(46)) - raft.netty.dataStream.server.boss-group.size = 0 (default)
2023-07-12 21:54:10,184 [main] INFO  netty.NettyConfigKeys$DataStream (ConfUtils.java:logGet(46)) - raft.netty.dataStream.server.worker-group.size = 0 (default)
2023-07-12 21:54:10,185 [main] INFO  netty.NettyConfigKeys$DataStream (ConfUtils.java:logGet(46)) - raft.netty.dataStream.server.tls.conf = null (default)
2023-07-12 21:54:10,185 [main] INFO  netty.NettyConfigKeys$DataStream (ConfUtils.java:logGet(46)) - raft.netty.dataStream.host = null (default)
2023-07-12 21:54:10,185 [main] INFO  netty.NettyConfigKeys$DataStream (ConfUtils.java:logGet(46)) - raft.netty.dataStream.port = 15068 (custom)
2023-07-12 21:54:10,186 [main] INFO  server.RaftServerConfigKeys (ConfUtils.java:logGet(46)) - raft.server.threadpool.proxy.cached = true (default)
2023-07-12 21:54:10,186 [main] INFO  server.RaftServerConfigKeys (ConfUtils.java:logGet(46)) - raft.server.threadpool.proxy.size = 0 (default)
2023-07-12 21:54:10,186 [main] INFO  server.RaftServerConfigKeys (ConfUtils.java:logGet(46)) - raft.server.rpc.slowness.timeout = 300s (custom)
2023-07-12 21:54:10,186 [main] INFO  server.RaftServerConfigKeys (ConfUtils.java:logGet(46)) - raft.server.leaderelection.leader.step-down.wait-time = 10s (default)
2023-07-12 21:54:10,186 [main] INFO  server.RaftServerConfigKeys (ConfUtils.java:logGet(46)) - raft.server.storage.dir = [/home/runner/work/ozone/ozone/hadoop-ozone/integration-test/target/test-dir/MiniOzoneClusterImpl-56d3b7f5-b9ba-49a0-a504-54c96578f2cd/datanode-2/data/ratis] (custom)
2023-07-12 21:54:10,202 [8bfbb087-a02a-4d57-b8a9-f8148fb96c2a-NettyServerStreamRpc-bossGroup--thread1] INFO  logging.LoggingHandler (AbstractInternalLogger.java:log(148)) - [id: 0xb92b8262] REGISTERED
2023-07-12 21:54:10,202 [8bfbb087-a02a-4d57-b8a9-f8148fb96c2a-NettyServerStreamRpc-bossGroup--thread1] INFO  logging.LoggingHandler (AbstractInternalLogger.java:log(148)) - [id: 0xb92b8262] BIND: 0.0.0.0/0.0.0.0:15068
2023-07-12 21:54:10,202 [8bfbb087-a02a-4d57-b8a9-f8148fb96c2a-NettyServerStreamRpc-bossGroup--thread1] INFO  logging.LoggingHandler (AbstractInternalLogger.java:log(148)) - [id: 0xb92b8262, L:/0:0:0:0:0:0:0:0:15068] ACTIVE
2023-07-12 21:54:10,203 [main] INFO  server.XceiverServerGrpc (XceiverServerGrpc.java:<init>(132)) - GrpcServer channel type EpollServerSocketChannel
2023-07-12 21:54:10,205 [main] INFO  replication.ReplicationSupervisor (ReplicationSupervisor.java:nodeStateUpdated(305)) - Node state updated to IN_SERVICE, scaling executor pool size to 10
2023-07-12 21:54:10,216 [main] INFO  http.BaseHttpServer (BaseHttpServer.java:newHttpServer2BuilderForOzone(224)) - Starting Web-server for hddsDatanode at: http://0.0.0.0:15062
2023-07-12 21:54:10,216 [main] INFO  http.BaseHttpServer (BaseHttpServer.java:<init>(111)) - Hadoop Security Enabled: false Ozone Security Enabled: false Ozone HTTP Security Enabled: false 
2023-07-12 21:54:10,217 [main] WARN  server.AuthenticationFilter (AuthenticationFilter.java:constructSecretProvider(240)) - Unable to initialize FileSignerSecretProvider, falling back to use random secrets. Reason: Could not read signature secret file: /home/runner/hadoop-http-auth-signature-secret
2023-07-12 21:54:10,222 [main] INFO  http.HttpRequestLog (HttpRequestLog.java:getRequestLog(86)) - Http request log for http.requests.hddsDatanode is not defined
2023-07-12 21:54:10,223 [main] INFO  http.HttpServer2 (HttpServer2.java:addGlobalFilter(1031)) - Added global filter 'safety' (class=org.apache.hadoop.hdds.server.http.HttpServer2$QuotingInputFilter)
2023-07-12 21:54:10,224 [main] INFO  http.HttpServer2 (HttpServer2.java:addFilter(1007)) - Added filter static_user_filter (class=org.apache.hadoop.http.lib.StaticUserWebFilter$StaticUserFilter) to context hddsDatanode
2023-07-12 21:54:10,224 [main] INFO  http.HttpServer2 (HttpServer2.java:addFilter(1015)) - Added filter static_user_filter (class=org.apache.hadoop.http.lib.StaticUserWebFilter$StaticUserFilter) to context static
2023-07-12 21:54:10,224 [main] INFO  http.HttpServer2 (HttpServer2.java:addFilter(1015)) - Added filter static_user_filter (class=org.apache.hadoop.http.lib.StaticUserWebFilter$StaticUserFilter) to context logs
2023-07-12 21:54:10,224 [main] INFO  http.BaseHttpServer (BaseHttpServer.java:<init>(190)) - HTTP server of hddsDatanode uses base directory /home/runner/work/ozone/ozone/hadoop-ozone/integration-test/target/test-dir/MiniOzoneClusterImpl-56d3b7f5-b9ba-49a0-a504-54c96578f2cd/datanode-2/meta/webserver
2023-07-12 21:54:10,225 [main] INFO  http.HttpServer2 (HttpServer2.java:bindListener(1250)) - Jetty bound to port 15062
2023-07-12 21:54:10,225 [main] INFO  server.Server (Server.java:doStart(375)) - jetty-9.4.51.v20230217; built: 2023-02-17T08:19:37.309Z; git: b45c405e4544384de066f814ed42ae3dceacdd49; jvm 1.8.0_372-b07
2023-07-12 21:54:10,226 [main] INFO  server.session (DefaultSessionIdManager.java:doStart(334)) - DefaultSessionIdManager workerName=node0
2023-07-12 21:54:10,226 [main] INFO  server.session (DefaultSessionIdManager.java:doStart(339)) - No SessionScavenger set, using defaults
2023-07-12 21:54:10,226 [main] INFO  server.session (HouseKeeper.java:startScavenging(132)) - node0 Scavenging every 660000ms
2023-07-12 21:54:10,227 [main] INFO  handler.ContextHandler (ContextHandler.java:doStart(921)) - Started o.e.j.s.ServletContextHandler@69c94bb7{logs,/logs,file:///home/runner/work/ozone/ozone/hadoop-ozone/integration-test/target/log,AVAILABLE}
2023-07-12 21:54:10,227 [main] INFO  handler.ContextHandler (ContextHandler.java:doStart(921)) - Started o.e.j.s.ServletContextHandler@364a83d{static,/static,jar:file:/home/runner/.m2/repository/org/apache/ozone/hdds-container-service/1.4.0-SNAPSHOT/hdds-container-service-1.4.0-SNAPSHOT.jar!/webapps/static,AVAILABLE}
2023-07-12 21:54:10,422 [om1@group-C5BA1605619E-FollowerState] INFO  impl.FollowerState (FollowerState.java:run(143)) - om1@group-C5BA1605619E-FollowerState: change to CANDIDATE, lastRpcElapsedTime:1012588110ns, electionTimeout:1012ms
2023-07-12 21:54:10,422 [om1@group-C5BA1605619E-FollowerState] INFO  impl.RoleInfo (RoleInfo.java:shutdownFollowerState(110)) - om1: shutdown om1@group-C5BA1605619E-FollowerState
2023-07-12 21:54:10,422 [om1@group-C5BA1605619E-FollowerState] INFO  server.RaftServer$Division (RaftServerImpl.java:setRole(329)) - om1@group-C5BA1605619E: changes role from  FOLLOWER to CANDIDATE at term 0 for changeToCandidate
2023-07-12 21:54:10,422 [om1@group-C5BA1605619E-FollowerState] INFO  server.RaftServerConfigKeys (ConfUtils.java:logGet(46)) - raft.server.leaderelection.pre-vote = true (default)
2023-07-12 21:54:10,423 [om1@group-C5BA1605619E-FollowerState] INFO  impl.RoleInfo (RoleInfo.java:updateAndGet(139)) - om1: start om1@group-C5BA1605619E-LeaderElection8
2023-07-12 21:54:10,424 [om1@group-C5BA1605619E-LeaderElection8] INFO  impl.LeaderElection (LeaderElection.java:askForVotes(321)) - om1@group-C5BA1605619E-LeaderElection8 PRE_VOTE round 0: submit vote requests at term 0 for -1: peers:[om1|rpc:localhost:15042|priority:0|startupRole:FOLLOWER]|listeners:[], old=null
2023-07-12 21:54:10,425 [om1@group-C5BA1605619E-LeaderElection8] INFO  impl.LeaderElection (LeaderElection.java:askForVotes(323)) - om1@group-C5BA1605619E-LeaderElection8 PRE_VOTE round 0: result PASSED (term=0)
2023-07-12 21:54:10,426 [om1@group-C5BA1605619E-LeaderElection8] INFO  impl.LeaderElection (LeaderElection.java:askForVotes(321)) - om1@group-C5BA1605619E-LeaderElection8 ELECTION round 0: submit vote requests at term 1 for -1: peers:[om1|rpc:localhost:15042|priority:0|startupRole:FOLLOWER]|listeners:[], old=null
2023-07-12 21:54:10,426 [om1@group-C5BA1605619E-LeaderElection8] INFO  impl.LeaderElection (LeaderElection.java:askForVotes(323)) - om1@group-C5BA1605619E-LeaderElection8 ELECTION round 0: result PASSED (term=1)
2023-07-12 21:54:10,426 [om1@group-C5BA1605619E-LeaderElection8] INFO  impl.RoleInfo (RoleInfo.java:shutdownLeaderElection(130)) - om1: shutdown om1@group-C5BA1605619E-LeaderElection8
2023-07-12 21:54:10,426 [om1@group-C5BA1605619E-LeaderElection8] INFO  server.RaftServer$Division (RaftServerImpl.java:setRole(329)) - om1@group-C5BA1605619E: changes role from CANDIDATE to LEADER at term 1 for changeToLeader
2023-07-12 21:54:10,426 [om1@group-C5BA1605619E-LeaderElection8] INFO  server.RaftServer$Division (ServerState.java:setLeader(317)) - om1@group-C5BA1605619E: change Leader from null to om1 at term 1 for becomeLeader, leader elected after 1504ms
2023-07-12 21:54:10,427 [om1@group-C5BA1605619E-LeaderElection8] INFO  server.RaftServerConfigKeys (ConfUtils.java:logGet(46)) - raft.server.staging.catchup.gap = 1000 (default)
2023-07-12 21:54:10,427 [om1@group-C5BA1605619E-LeaderElection8] INFO  server.RaftServerConfigKeys (ConfUtils.java:logGet(46)) - raft.server.write.element-limit = 4096 (default)
2023-07-12 21:54:10,427 [om1@group-C5BA1605619E-LeaderElection8] INFO  server.RaftServerConfigKeys (ConfUtils.java:logGet(46)) - raft.server.write.byte-limit = 64MB (=67108864) (default)
2023-07-12 21:54:10,427 [om1@group-C5BA1605619E-LeaderElection8] INFO  server.RaftServerConfigKeys (ConfUtils.java:logGet(46)) - raft.server.watch.timeout = 10s (default)
2023-07-12 21:54:10,427 [om1@group-C5BA1605619E-LeaderElection8] INFO  server.RaftServerConfigKeys (ConfUtils.java:logGet(46)) - raft.server.watch.timeout.denomination = 1s (default)
2023-07-12 21:54:10,427 [om1@group-C5BA1605619E-LeaderElection8] INFO  server.RaftServerConfigKeys (ConfUtils.java:logGet(46)) - raft.server.watch.element-limit = 65536 (default)
2023-07-12 21:54:10,427 [om1@group-C5BA1605619E-LeaderElection8] INFO  server.RaftServerConfigKeys (ConfUtils.java:logGet(46)) - raft.server.write.element-limit = 4096 (default)
2023-07-12 21:54:10,428 [om1@group-C5BA1605619E-LeaderElection8] INFO  server.RaftServerConfigKeys (ConfUtils.java:logGet(46)) - raft.server.write.follower.gap.ratio.max = -1.0 (default)
2023-07-12 21:54:10,428 [om1@group-C5BA1605619E-LeaderElection8] INFO  impl.RoleInfo (RoleInfo.java:updateAndGet(139)) - om1: start om1@group-C5BA1605619E-LeaderStateImpl
2023-07-12 21:54:10,428 [om1@group-C5BA1605619E-LeaderElection8] INFO  segmented.SegmentedRaftLogWorker (SegmentedRaftLogWorker.java:startLogSegment(447)) - om1@group-C5BA1605619E-SegmentedRaftLogWorker: Starting segment from index:0
2023-07-12 21:54:10,433 [om1@group-C5BA1605619E-LeaderElection8] INFO  server.RaftServer$Division (ServerState.java:setRaftConf(434)) - om1@group-C5BA1605619E: set configuration 0: peers:[om1|rpc:localhost:15042|admin:|client:|dataStream:|priority:0|startupRole:FOLLOWER]|listeners:[], old=null
2023-07-12 21:54:10,438 [main] INFO  handler.ContextHandler (ContextHandler.java:doStart(921)) - Started o.e.j.w.WebAppContext@e14c5e7{hddsDatanode,/,file:///home/runner/work/ozone/ozone/hadoop-ozone/integration-test/target/test-dir/MiniOzoneClusterImpl-56d3b7f5-b9ba-49a0-a504-54c96578f2cd/datanode-2/meta/webserver/jetty-0_0_0_0-15062-hdds-container-service-1_4_0-SNAPSHOT_jar-_-any-1146777002114650514/webapp/,AVAILABLE}{jar:file:/home/runner/.m2/repository/org/apache/ozone/hdds-container-service/1.4.0-SNAPSHOT/hdds-container-service-1.4.0-SNAPSHOT.jar!/webapps/hddsDatanode}
2023-07-12 21:54:10,439 [main] INFO  server.AbstractConnector (AbstractConnector.java:doStart(333)) - Started ServerConnector@f5e34c3{HTTP/1.1, (http/1.1)}{0.0.0.0:15062}
2023-07-12 21:54:10,439 [main] INFO  server.Server (Server.java:doStart(415)) - Started @60696ms
2023-07-12 21:54:10,439 [main] WARN  impl.MetricsSystemImpl (MetricsSystemImpl.java:register(279)) - Sink prometheus already exists!
2023-07-12 21:54:10,439 [om1@group-C5BA1605619E-SegmentedRaftLogWorker] INFO  segmented.SegmentedRaftLogWorker (SegmentedRaftLogWorker.java:execute(651)) - om1@group-C5BA1605619E-SegmentedRaftLogWorker: created new log segment /home/runner/work/ozone/ozone/hadoop-ozone/integration-test/target/test-dir/MiniOzoneClusterImpl-56d3b7f5-b9ba-49a0-a504-54c96578f2cd/ozone-meta/ratis/bf265839-605b-3f16-9796-c5ba1605619e/current/log_inprogress_0
2023-07-12 21:54:10,449 [main] INFO  http.BaseHttpServer (BaseHttpServer.java:updateConnectorAddress(344)) - HTTP server of hddsDatanode listening at http://0.0.0.0:15062
2023-07-12 21:54:10,450 [main] INFO  ipc.CallQueueManager (CallQueueManager.java:<init>(90)) - Using callQueue: class java.util.concurrent.LinkedBlockingQueue, queueCapacity: 100, scheduler: class org.apache.hadoop.ipc.DefaultRpcScheduler, ipcBackoff: false.
2023-07-12 21:54:10,450 [main] INFO  ipc.Server (Server.java:<init>(1287)) - Listener at 0.0.0.0:15063
2023-07-12 21:54:10,451 [Socket Reader #1 for port 15063] INFO  ipc.Server (Server.java:run(1323)) - Starting Socket Reader #1 for port 15063
2023-07-12 21:54:10,453 [main] INFO  ozone.HddsDatanodeService (HddsDatanodeService.java:start(315)) - Datanode start with admins: [runner]
2023-07-12 21:54:10,453 [om1@group-C5BA1605619E-StateMachineUpdater] INFO  ratis.OzoneManagerStateMachine (OzoneManagerStateMachine.java:notifyConfigurationChanged(201)) - Received Configuration change notification from Ratis. New Peer list:
[id: "om1"
address: "localhost:15042"
startupRole: FOLLOWER
]
2023-07-12 21:54:10,454 [main] INFO  ozone.HddsDatanodeClientProtocolServer (HddsDatanodeClientProtocolServer.java:start(72)) - RPC server for Client /0.0.0.0:15063
2023-07-12 21:54:10,454 [IPC Server listener on 15063] INFO  ipc.Server (Server.java:run(1402)) - IPC Server listener on 15063: starting
2023-07-12 21:54:10,454 [IPC Server Responder] INFO  ipc.Server (Server.java:run(1562)) - IPC Server Responder: starting
2023-07-12 21:54:10,458 [main] INFO  ozone.MiniOzoneClusterImpl (MiniOzoneClusterImpl.java:lambda$waitForClusterToBeReady$0(224)) - Waiting for nodes to be ready. Got 0 of 3 DN Heartbeats.
2023-07-12 21:54:10,458 [main] INFO  ozone.MiniOzoneClusterImpl (MiniOzoneClusterImpl.java:lambda$waitForClusterToBeReady$0(227)) - Waiting for cluster to exit safe mode
2023-07-12 21:54:10,458 [main] INFO  ozone.MiniOzoneClusterImpl (MiniOzoneClusterImpl.java:lambda$waitForClusterToBeReady$0(229)) - SCM became leader
2023-07-12 21:54:10,457 [Datanode State Machine Daemon Thread] INFO  statemachine.DatanodeStateMachine (DatanodeStateMachine.java:lambda$startDaemon$0(531)) - Ozone container server started.
2023-07-12 21:54:10,466 [Datanode State Machine Task Thread - 0] INFO  datanode.InitDatanodeState (InitDatanodeState.java:persistContainerDatanodeDetails(138)) - DatanodeDetails is persisted to /home/runner/work/ozone/ozone/hadoop-ozone/integration-test/target/test-dir/MiniOzoneClusterImpl-56d3b7f5-b9ba-49a0-a504-54c96578f2cd/datanode-2/meta/datanode.id
2023-07-12 21:54:11,458 [main] INFO  ozone.MiniOzoneClusterImpl (MiniOzoneClusterImpl.java:lambda$waitForClusterToBeReady$0(224)) - Waiting for nodes to be ready. Got 0 of 3 DN Heartbeats.
2023-07-12 21:54:11,458 [main] INFO  ozone.MiniOzoneClusterImpl (MiniOzoneClusterImpl.java:lambda$waitForClusterToBeReady$0(227)) - Waiting for cluster to exit safe mode
2023-07-12 21:54:11,459 [main] INFO  ozone.MiniOzoneClusterImpl (MiniOzoneClusterImpl.java:lambda$waitForClusterToBeReady$0(229)) - SCM became leader
2023-07-12 21:54:11,804 [EndpointStateMachine task thread for /0.0.0.0:15037 - 0 ] INFO  utils.DatanodeStoreCache (DatanodeStoreCache.java:addDB(66)) - Added db /home/runner/work/ozone/ozone/hadoop-ozone/integration-test/target/test-dir/MiniOzoneClusterImpl-56d3b7f5-b9ba-49a0-a504-54c96578f2cd/datanode-0/data-0/containers/hdds/56d3b7f5-b9ba-49a0-a504-54c96578f2cd/DS-2600c7bb-cdf9-4d02-8fbb-7faa18a8e479/container.db to cache
2023-07-12 21:54:11,804 [EndpointStateMachine task thread for /0.0.0.0:15037 - 0 ] INFO  volume.HddsVolume (HddsVolume.java:createDbStore(478)) - SchemaV3 db is created and loaded at /home/runner/work/ozone/ozone/hadoop-ozone/integration-test/target/test-dir/MiniOzoneClusterImpl-56d3b7f5-b9ba-49a0-a504-54c96578f2cd/datanode-0/data-0/containers/hdds/56d3b7f5-b9ba-49a0-a504-54c96578f2cd/DS-2600c7bb-cdf9-4d02-8fbb-7faa18a8e479/container.db for volume DS-2600c7bb-cdf9-4d02-8fbb-7faa18a8e479
2023-07-12 21:54:11,805 [EndpointStateMachine task thread for /0.0.0.0:15037 - 0 ] INFO  ozoneimpl.OzoneContainer (OzoneContainer.java:start(419)) - Attempting to start container services.
2023-07-12 21:54:11,805 [EndpointStateMachine task thread for /0.0.0.0:15037 - 0 ] INFO  ozoneimpl.OzoneContainer (OzoneContainer.java:startContainerScrub(327)) - Scheduled background container scanners and the on-demand container scanner have been disabled.
2023-07-12 21:54:11,808 [EndpointStateMachine task thread for /0.0.0.0:15037 - 0 ] INFO  replication.ReplicationServer (ReplicationServer.java:start(128)) - ReplicationServer is started using port 15051
2023-07-12 21:54:11,809 [EndpointStateMachine task thread for /0.0.0.0:15037 - 0 ] INFO  ratis.XceiverServerRatis (XceiverServerRatis.java:start(517)) - Starting XceiverServerRatis fe338567-e8a2-46f7-b85c-9d0af5bd64ed
2023-07-12 21:54:11,809 [EndpointStateMachine task thread for /0.0.0.0:15037 - 0 ] INFO  server.RaftServer (RaftServerProxy.java:startImpl(400)) - fe338567-e8a2-46f7-b85c-9d0af5bd64ed: start RPC server
2023-07-12 21:54:11,810 [EndpointStateMachine task thread for /0.0.0.0:15037 - 0 ] INFO  server.GrpcService (GrpcService.java:startImpl(302)) - fe338567-e8a2-46f7-b85c-9d0af5bd64ed: GrpcService started, listening on 15047
2023-07-12 21:54:11,814 [EndpointStateMachine task thread for /0.0.0.0:15037 - 0 ] INFO  server.GrpcService (GrpcService.java:startImpl(302)) - fe338567-e8a2-46f7-b85c-9d0af5bd64ed: GrpcService started, listening on 15049
2023-07-12 21:54:11,815 [EndpointStateMachine task thread for /0.0.0.0:15037 - 0 ] INFO  server.GrpcService (GrpcService.java:startImpl(302)) - fe338567-e8a2-46f7-b85c-9d0af5bd64ed: GrpcService started, listening on 15048
2023-07-12 21:54:11,815 [EndpointStateMachine task thread for /0.0.0.0:15037 - 0 ] INFO  ratis.XceiverServerRatis (XceiverServerRatis.java:getRealPort(543)) - XceiverServerRatis fe338567-e8a2-46f7-b85c-9d0af5bd64ed is started using port 15047 for RATIS
2023-07-12 21:54:11,815 [EndpointStateMachine task thread for /0.0.0.0:15037 - 0 ] INFO  ratis.XceiverServerRatis (XceiverServerRatis.java:getRealPort(543)) - XceiverServerRatis fe338567-e8a2-46f7-b85c-9d0af5bd64ed is started using port 15048 for RATIS_ADMIN
2023-07-12 21:54:11,815 [JvmPauseMonitor7] INFO  util.JvmPauseMonitor (JvmPauseMonitor.java:run(103)) - JvmPauseMonitor-fe338567-e8a2-46f7-b85c-9d0af5bd64ed: Started
2023-07-12 21:54:11,815 [EndpointStateMachine task thread for /0.0.0.0:15037 - 0 ] INFO  ratis.XceiverServerRatis (XceiverServerRatis.java:getRealPort(543)) - XceiverServerRatis fe338567-e8a2-46f7-b85c-9d0af5bd64ed is started using port 15049 for RATIS_SERVER
2023-07-12 21:54:11,815 [EndpointStateMachine task thread for /0.0.0.0:15037 - 0 ] INFO  ratis.XceiverServerRatis (XceiverServerRatis.java:getRealPort(543)) - XceiverServerRatis fe338567-e8a2-46f7-b85c-9d0af5bd64ed is started using port 15050 for RATIS_DATASTREAM
2023-07-12 21:54:11,827 [BlockDeletingService#0] INFO  interfaces.ContainerDeletionChoosingPolicyTemplate (ContainerDeletionChoosingPolicyTemplate.java:chooseContainerForBlockDeletion(83)) - Chosen 0/5000 blocks from 0 candidate containers.
2023-07-12 21:54:12,165 [EndpointStateMachine task thread for /0.0.0.0:15037 - 0 ] INFO  utils.DatanodeStoreCache (DatanodeStoreCache.java:addDB(66)) - Added db /home/runner/work/ozone/ozone/hadoop-ozone/integration-test/target/test-dir/MiniOzoneClusterImpl-56d3b7f5-b9ba-49a0-a504-54c96578f2cd/datanode-1/data-0/containers/hdds/56d3b7f5-b9ba-49a0-a504-54c96578f2cd/DS-c9b2c390-2dfc-4ffe-9df4-d68667ef7225/container.db to cache
2023-07-12 21:54:12,165 [EndpointStateMachine task thread for /0.0.0.0:15037 - 0 ] INFO  volume.HddsVolume (HddsVolume.java:createDbStore(478)) - SchemaV3 db is created and loaded at /home/runner/work/ozone/ozone/hadoop-ozone/integration-test/target/test-dir/MiniOzoneClusterImpl-56d3b7f5-b9ba-49a0-a504-54c96578f2cd/datanode-1/data-0/containers/hdds/56d3b7f5-b9ba-49a0-a504-54c96578f2cd/DS-c9b2c390-2dfc-4ffe-9df4-d68667ef7225/container.db for volume DS-c9b2c390-2dfc-4ffe-9df4-d68667ef7225
2023-07-12 21:54:12,166 [EndpointStateMachine task thread for /0.0.0.0:15037 - 0 ] INFO  ozoneimpl.OzoneContainer (OzoneContainer.java:start(419)) - Attempting to start container services.
2023-07-12 21:54:12,166 [EndpointStateMachine task thread for /0.0.0.0:15037 - 0 ] INFO  ozoneimpl.OzoneContainer (OzoneContainer.java:startContainerScrub(327)) - Scheduled background container scanners and the on-demand container scanner have been disabled.
2023-07-12 21:54:12,170 [EndpointStateMachine task thread for /0.0.0.0:15037 - 0 ] INFO  replication.ReplicationServer (ReplicationServer.java:start(128)) - ReplicationServer is started using port 15060
2023-07-12 21:54:12,170 [EndpointStateMachine task thread for /0.0.0.0:15037 - 0 ] INFO  ratis.XceiverServerRatis (XceiverServerRatis.java:start(517)) - Starting XceiverServerRatis 42b4a456-befe-4bab-a9c2-24b02b86258a
2023-07-12 21:54:12,170 [EndpointStateMachine task thread for /0.0.0.0:15037 - 0 ] INFO  server.RaftServer (RaftServerProxy.java:startImpl(400)) - 42b4a456-befe-4bab-a9c2-24b02b86258a: start RPC server
2023-07-12 21:54:12,173 [EndpointStateMachine task thread for /0.0.0.0:15037 - 0 ] INFO  server.GrpcService (GrpcService.java:startImpl(302)) - 42b4a456-befe-4bab-a9c2-24b02b86258a: GrpcService started, listening on 15056
2023-07-12 21:54:12,175 [EndpointStateMachine task thread for /0.0.0.0:15037 - 0 ] INFO  server.GrpcService (GrpcService.java:startImpl(302)) - 42b4a456-befe-4bab-a9c2-24b02b86258a: GrpcService started, listening on 15058
2023-07-12 21:54:12,177 [EndpointStateMachine task thread for /0.0.0.0:15037 - 0 ] INFO  server.GrpcService (GrpcService.java:startImpl(302)) - 42b4a456-befe-4bab-a9c2-24b02b86258a: GrpcService started, listening on 15057
2023-07-12 21:54:12,177 [EndpointStateMachine task thread for /0.0.0.0:15037 - 0 ] INFO  ratis.XceiverServerRatis (XceiverServerRatis.java:getRealPort(543)) - XceiverServerRatis 42b4a456-befe-4bab-a9c2-24b02b86258a is started using port 15056 for RATIS
2023-07-12 21:54:12,177 [EndpointStateMachine task thread for /0.0.0.0:15037 - 0 ] INFO  ratis.XceiverServerRatis (XceiverServerRatis.java:getRealPort(543)) - XceiverServerRatis 42b4a456-befe-4bab-a9c2-24b02b86258a is started using port 15057 for RATIS_ADMIN
2023-07-12 21:54:12,177 [EndpointStateMachine task thread for /0.0.0.0:15037 - 0 ] INFO  ratis.XceiverServerRatis (XceiverServerRatis.java:getRealPort(543)) - XceiverServerRatis 42b4a456-befe-4bab-a9c2-24b02b86258a is started using port 15058 for RATIS_SERVER
2023-07-12 21:54:12,177 [EndpointStateMachine task thread for /0.0.0.0:15037 - 0 ] INFO  ratis.XceiverServerRatis (XceiverServerRatis.java:getRealPort(543)) - XceiverServerRatis 42b4a456-befe-4bab-a9c2-24b02b86258a is started using port 15059 for RATIS_DATASTREAM
2023-07-12 21:54:12,177 [JvmPauseMonitor8] INFO  util.JvmPauseMonitor (JvmPauseMonitor.java:run(103)) - JvmPauseMonitor-42b4a456-befe-4bab-a9c2-24b02b86258a: Started
2023-07-12 21:54:12,191 [BlockDeletingService#0] INFO  interfaces.ContainerDeletionChoosingPolicyTemplate (ContainerDeletionChoosingPolicyTemplate.java:chooseContainerForBlockDeletion(83)) - Chosen 0/5000 blocks from 0 candidate containers.
2023-07-12 21:54:12,459 [main] INFO  ozone.MiniOzoneClusterImpl (MiniOzoneClusterImpl.java:lambda$waitForClusterToBeReady$0(224)) - Waiting for nodes to be ready. Got 0 of 3 DN Heartbeats.
2023-07-12 21:54:12,459 [main] INFO  ozone.MiniOzoneClusterImpl (MiniOzoneClusterImpl.java:lambda$waitForClusterToBeReady$0(227)) - Waiting for cluster to exit safe mode
2023-07-12 21:54:12,459 [main] INFO  ozone.MiniOzoneClusterImpl (MiniOzoneClusterImpl.java:lambda$waitForClusterToBeReady$0(229)) - SCM became leader
2023-07-12 21:54:12,496 [EndpointStateMachine task thread for /0.0.0.0:15037 - 0 ] INFO  utils.DatanodeStoreCache (DatanodeStoreCache.java:addDB(66)) - Added db /home/runner/work/ozone/ozone/hadoop-ozone/integration-test/target/test-dir/MiniOzoneClusterImpl-56d3b7f5-b9ba-49a0-a504-54c96578f2cd/datanode-2/data-0/containers/hdds/56d3b7f5-b9ba-49a0-a504-54c96578f2cd/DS-09b7df42-49cd-4f75-ab54-312809370447/container.db to cache
2023-07-12 21:54:12,496 [EndpointStateMachine task thread for /0.0.0.0:15037 - 0 ] INFO  volume.HddsVolume (HddsVolume.java:createDbStore(478)) - SchemaV3 db is created and loaded at /home/runner/work/ozone/ozone/hadoop-ozone/integration-test/target/test-dir/MiniOzoneClusterImpl-56d3b7f5-b9ba-49a0-a504-54c96578f2cd/datanode-2/data-0/containers/hdds/56d3b7f5-b9ba-49a0-a504-54c96578f2cd/DS-09b7df42-49cd-4f75-ab54-312809370447/container.db for volume DS-09b7df42-49cd-4f75-ab54-312809370447
2023-07-12 21:54:12,496 [EndpointStateMachine task thread for /0.0.0.0:15037 - 0 ] INFO  ozoneimpl.OzoneContainer (OzoneContainer.java:start(419)) - Attempting to start container services.
2023-07-12 21:54:12,496 [EndpointStateMachine task thread for /0.0.0.0:15037 - 0 ] INFO  ozoneimpl.OzoneContainer (OzoneContainer.java:startContainerScrub(327)) - Scheduled background container scanners and the on-demand container scanner have been disabled.
2023-07-12 21:54:12,507 [EndpointStateMachine task thread for /0.0.0.0:15037 - 0 ] INFO  replication.ReplicationServer (ReplicationServer.java:start(128)) - ReplicationServer is started using port 15069
2023-07-12 21:54:12,507 [EndpointStateMachine task thread for /0.0.0.0:15037 - 0 ] INFO  ratis.XceiverServerRatis (XceiverServerRatis.java:start(517)) - Starting XceiverServerRatis 8bfbb087-a02a-4d57-b8a9-f8148fb96c2a
2023-07-12 21:54:12,507 [EndpointStateMachine task thread for /0.0.0.0:15037 - 0 ] INFO  server.RaftServer (RaftServerProxy.java:startImpl(400)) - 8bfbb087-a02a-4d57-b8a9-f8148fb96c2a: start RPC server
2023-07-12 21:54:12,509 [EndpointStateMachine task thread for /0.0.0.0:15037 - 0 ] INFO  server.GrpcService (GrpcService.java:startImpl(302)) - 8bfbb087-a02a-4d57-b8a9-f8148fb96c2a: GrpcService started, listening on 15065
2023-07-12 21:54:12,510 [EndpointStateMachine task thread for /0.0.0.0:15037 - 0 ] INFO  server.GrpcService (GrpcService.java:startImpl(302)) - 8bfbb087-a02a-4d57-b8a9-f8148fb96c2a: GrpcService started, listening on 15067
2023-07-12 21:54:12,512 [EndpointStateMachine task thread for /0.0.0.0:15037 - 0 ] INFO  server.GrpcService (GrpcService.java:startImpl(302)) - 8bfbb087-a02a-4d57-b8a9-f8148fb96c2a: GrpcService started, listening on 15066
2023-07-12 21:54:12,512 [EndpointStateMachine task thread for /0.0.0.0:15037 - 0 ] INFO  ratis.XceiverServerRatis (XceiverServerRatis.java:getRealPort(543)) - XceiverServerRatis 8bfbb087-a02a-4d57-b8a9-f8148fb96c2a is started using port 15065 for RATIS
2023-07-12 21:54:12,512 [EndpointStateMachine task thread for /0.0.0.0:15037 - 0 ] INFO  ratis.XceiverServerRatis (XceiverServerRatis.java:getRealPort(543)) - XceiverServerRatis 8bfbb087-a02a-4d57-b8a9-f8148fb96c2a is started using port 15066 for RATIS_ADMIN
2023-07-12 21:54:12,512 [JvmPauseMonitor9] INFO  util.JvmPauseMonitor (JvmPauseMonitor.java:run(103)) - JvmPauseMonitor-8bfbb087-a02a-4d57-b8a9-f8148fb96c2a: Started
2023-07-12 21:54:12,512 [EndpointStateMachine task thread for /0.0.0.0:15037 - 0 ] INFO  ratis.XceiverServerRatis (XceiverServerRatis.java:getRealPort(543)) - XceiverServerRatis 8bfbb087-a02a-4d57-b8a9-f8148fb96c2a is started using port 15067 for RATIS_SERVER
2023-07-12 21:54:12,512 [EndpointStateMachine task thread for /0.0.0.0:15037 - 0 ] INFO  ratis.XceiverServerRatis (XceiverServerRatis.java:getRealPort(543)) - XceiverServerRatis 8bfbb087-a02a-4d57-b8a9-f8148fb96c2a is started using port 15068 for RATIS_DATASTREAM
2023-07-12 21:54:12,514 [BlockDeletingService#0] INFO  interfaces.ContainerDeletionChoosingPolicyTemplate (ContainerDeletionChoosingPolicyTemplate.java:chooseContainerForBlockDeletion(83)) - Chosen 0/5000 blocks from 0 candidate containers.
2023-07-12 21:54:13,459 [main] INFO  ozone.MiniOzoneClusterImpl (MiniOzoneClusterImpl.java:lambda$waitForClusterToBeReady$0(224)) - Waiting for nodes to be ready. Got 0 of 3 DN Heartbeats.
2023-07-12 21:54:13,460 [main] INFO  ozone.MiniOzoneClusterImpl (MiniOzoneClusterImpl.java:lambda$waitForClusterToBeReady$0(227)) - Waiting for cluster to exit safe mode
2023-07-12 21:54:13,460 [main] INFO  ozone.MiniOzoneClusterImpl (MiniOzoneClusterImpl.java:lambda$waitForClusterToBeReady$0(229)) - SCM became leader
2023-07-12 21:54:13,774 [IPC Server handler 0 on default port 15037] INFO  net.NetworkTopologyImpl (NetworkTopologyImpl.java:add(112)) - Added a new node: /default-rack/fe338567-e8a2-46f7-b85c-9d0af5bd64ed
2023-07-12 21:54:13,775 [IPC Server handler 0 on default port 15037] INFO  node.SCMNodeManager (SCMNodeManager.java:register(405)) - Registered Data node : fe338567-e8a2-46f7-b85c-9d0af5bd64ed{ip: 10.1.0.20, host: fv-az670-842.vvj1krob40nuzn3jnzu5queufe.phxx.internal.cloudapp.net, ports: [HTTP=15044, CLIENT_RPC=15045, REPLICATION=15051, RATIS=15047, RATIS_ADMIN=15048, RATIS_SERVER=15049, RATIS_DATASTREAM=15050, STANDALONE=15046], networkLocation: /default-rack, certSerialId: null, persistedOpState: null, persistedOpStateExpiryEpochSec: 0}
2023-07-12 21:54:13,777 [EventQueue-NewNodeForNewNodeHandler] INFO  pipeline.BackgroundPipelineCreator (BackgroundPipelineCreator.java:notifyEventTriggered(277)) - trigger a one-shot run on RatisPipelineUtilsThread.
2023-07-12 21:54:13,777 [EventQueue-NodeRegistrationContainerReportForDataNodeSafeModeRule] INFO  safemode.SCMSafeModeManager (DataNodeSafeModeRule.java:process(71)) - SCM in safe mode. 1 DataNodes registered, 3 required.
2023-07-12 21:54:13,777 [RatisPipelineUtilsThread - 0] INFO  pipeline.RatisPipelineProvider (RatisPipelineProvider.java:lambda$create$0(206)) - Sending CreatePipelineCommand for pipeline:PipelineID=3c047c08-1387-452f-9e40-a9e476fb6093 to datanode:fe338567-e8a2-46f7-b85c-9d0af5bd64ed
2023-07-12 21:54:13,777 [EventQueue-NodeRegistrationContainerReportForContainerSafeModeRule] INFO  safemode.SCMSafeModeManager (SCMSafeModeManager.java:validateSafeModeExitRules(200)) - ContainerSafeModeRule rule is successfully validated
2023-07-12 21:54:13,780 [EventQueue-PipelineReportForOneReplicaPipelineSafeModeRule] INFO  safemode.SCMSafeModeManager (SCMSafeModeManager.java:validateSafeModeExitRules(200)) - AtleastOneDatanodeReportedRule rule is successfully validated
2023-07-12 21:54:13,781 [RatisPipelineUtilsThread - 0] INFO  pipeline.BackgroundPipelineCreator (BackgroundPipelineCreator.java:createPipelines(233)) - Created new pipeline Pipeline[ Id: 3c047c08-1387-452f-9e40-a9e476fb6093, Nodes: fe338567-e8a2-46f7-b85c-9d0af5bd64ed(fv-az670-842.vvj1krob40nuzn3jnzu5queufe.phxx.internal.cloudapp.net/10.1.0.20), ReplicationConfig: RATIS/ONE, State:ALLOCATED, leaderId:, CreationTimestamp2023-07-12T21:54:13.777Z[Etc/UTC]]
2023-07-12 21:54:14,134 [IPC Server handler 1 on default port 15037] INFO  net.NetworkTopologyImpl (NetworkTopologyImpl.java:add(112)) - Added a new node: /default-rack/42b4a456-befe-4bab-a9c2-24b02b86258a
2023-07-12 21:54:14,135 [IPC Server handler 1 on default port 15037] INFO  node.SCMNodeManager (SCMNodeManager.java:register(405)) - Registered Data node : 42b4a456-befe-4bab-a9c2-24b02b86258a{ip: 10.1.0.20, host: fv-az670-842.vvj1krob40nuzn3jnzu5queufe.phxx.internal.cloudapp.net, ports: [HTTP=15053, CLIENT_RPC=15054, REPLICATION=15060, RATIS=15056, RATIS_ADMIN=15057, RATIS_SERVER=15058, RATIS_DATASTREAM=15059, STANDALONE=15055], networkLocation: /default-rack, certSerialId: null, persistedOpState: null, persistedOpStateExpiryEpochSec: 0}
2023-07-12 21:54:14,135 [EventQueue-NodeRegistrationContainerReportForDataNodeSafeModeRule] INFO  safemode.SCMSafeModeManager (DataNodeSafeModeRule.java:process(71)) - SCM in safe mode. 2 DataNodes registered, 3 required.
2023-07-12 21:54:14,135 [EventQueue-NewNodeForNewNodeHandler] INFO  pipeline.BackgroundPipelineCreator (BackgroundPipelineCreator.java:notifyEventTriggered(277)) - trigger a one-shot run on RatisPipelineUtilsThread.
2023-07-12 21:54:14,137 [RatisPipelineUtilsThread - 0] INFO  pipeline.RatisPipelineProvider (RatisPipelineProvider.java:lambda$create$0(206)) - Sending CreatePipelineCommand for pipeline:PipelineID=254dbbe4-c105-4132-aa7e-093bb777cd5c to datanode:42b4a456-befe-4bab-a9c2-24b02b86258a
2023-07-12 21:54:14,138 [RatisPipelineUtilsThread - 0] INFO  pipeline.BackgroundPipelineCreator (BackgroundPipelineCreator.java:createPipelines(233)) - Created new pipeline Pipeline[ Id: 254dbbe4-c105-4132-aa7e-093bb777cd5c, Nodes: 42b4a456-befe-4bab-a9c2-24b02b86258a(fv-az670-842.vvj1krob40nuzn3jnzu5queufe.phxx.internal.cloudapp.net/10.1.0.20), ReplicationConfig: RATIS/ONE, State:ALLOCATED, leaderId:, CreationTimestamp2023-07-12T21:54:14.137Z[Etc/UTC]]
2023-07-12 21:54:14,460 [main] INFO  ozone.MiniOzoneClusterImpl (MiniOzoneClusterImpl.java:lambda$waitForClusterToBeReady$0(224)) - Waiting for nodes to be ready. Got 2 of 3 DN Heartbeats.
2023-07-12 21:54:14,460 [main] INFO  ozone.MiniOzoneClusterImpl (MiniOzoneClusterImpl.java:lambda$waitForClusterToBeReady$0(227)) - Waiting for cluster to exit safe mode
2023-07-12 21:54:14,460 [main] INFO  ozone.MiniOzoneClusterImpl (MiniOzoneClusterImpl.java:lambda$waitForClusterToBeReady$0(229)) - SCM became leader
2023-07-12 21:54:14,465 [IPC Server handler 4 on default port 15037] INFO  net.NetworkTopologyImpl (NetworkTopologyImpl.java:add(112)) - Added a new node: /default-rack/8bfbb087-a02a-4d57-b8a9-f8148fb96c2a
2023-07-12 21:54:14,465 [IPC Server handler 4 on default port 15037] INFO  node.SCMNodeManager (SCMNodeManager.java:register(405)) - Registered Data node : 8bfbb087-a02a-4d57-b8a9-f8148fb96c2a{ip: 10.1.0.20, host: fv-az670-842.vvj1krob40nuzn3jnzu5queufe.phxx.internal.cloudapp.net, ports: [HTTP=15062, CLIENT_RPC=15063, REPLICATION=15069, RATIS=15065, RATIS_ADMIN=15066, RATIS_SERVER=15067, RATIS_DATASTREAM=15068, STANDALONE=15064], networkLocation: /default-rack, certSerialId: null, persistedOpState: null, persistedOpStateExpiryEpochSec: 0}
2023-07-12 21:54:14,465 [EventQueue-NewNodeForNewNodeHandler] INFO  pipeline.BackgroundPipelineCreator (BackgroundPipelineCreator.java:notifyEventTriggered(277)) - trigger a one-shot run on RatisPipelineUtilsThread.
2023-07-12 21:54:14,466 [EventQueue-NodeRegistrationContainerReportForDataNodeSafeModeRule] INFO  safemode.SCMSafeModeManager (DataNodeSafeModeRule.java:process(71)) - SCM in safe mode. 3 DataNodes registered, 3 required.
2023-07-12 21:54:14,467 [EventQueue-NodeRegistrationContainerReportForDataNodeSafeModeRule] INFO  safemode.SCMSafeModeManager (SCMSafeModeManager.java:validateSafeModeExitRules(200)) - DataNodeSafeModeRule rule is successfully validated
2023-07-12 21:54:14,467 [EventQueue-NodeRegistrationContainerReportForDataNodeSafeModeRule] INFO  safemode.SCMSafeModeManager (SCMSafeModeManager.java:completePreCheck(229)) - All SCM safe mode pre check rules have passed
2023-07-12 21:54:14,467 [EventQueue-NodeRegistrationContainerReportForDataNodeSafeModeRule] INFO  ha.SCMContext (SCMContext.java:updateSafeModeStatus(228)) - Update SafeModeStatus from SafeModeStatus{safeModeStatus=true, preCheckPassed=false} to SafeModeStatus{safeModeStatus=true, preCheckPassed=true}.
2023-07-12 21:54:14,467 [EventQueue-NodeRegistrationContainerReportForDataNodeSafeModeRule] INFO  pipeline.BackgroundPipelineCreator (BackgroundPipelineCreator.java:notifyEventTriggered(277)) - trigger a one-shot run on RatisPipelineUtilsThread.
2023-07-12 21:54:14,467 [RatisPipelineUtilsThread - 0] INFO  pipeline.RatisPipelineProvider (RatisPipelineProvider.java:lambda$create$0(206)) - Sending CreatePipelineCommand for pipeline:PipelineID=ac317425-5b1b-4389-a3bb-c213e9f1d19d to datanode:8bfbb087-a02a-4d57-b8a9-f8148fb96c2a
2023-07-12 21:54:14,468 [RatisPipelineUtilsThread - 0] INFO  pipeline.BackgroundPipelineCreator (BackgroundPipelineCreator.java:createPipelines(233)) - Created new pipeline Pipeline[ Id: ac317425-5b1b-4389-a3bb-c213e9f1d19d, Nodes: 8bfbb087-a02a-4d57-b8a9-f8148fb96c2a(fv-az670-842.vvj1krob40nuzn3jnzu5queufe.phxx.internal.cloudapp.net/10.1.0.20), ReplicationConfig: RATIS/ONE, State:ALLOCATED, leaderId:, CreationTimestamp2023-07-12T21:54:14.467Z[Etc/UTC]]
2023-07-12 21:54:14,468 [RatisPipelineUtilsThread - 0] INFO  pipeline.RatisPipelineProvider (RatisPipelineProvider.java:lambda$create$0(206)) - Sending CreatePipelineCommand for pipeline:PipelineID=d7a77fc1-28a5-4ff7-9e5d-6af31780527c to datanode:8bfbb087-a02a-4d57-b8a9-f8148fb96c2a
2023-07-12 21:54:14,468 [RatisPipelineUtilsThread - 0] INFO  pipeline.RatisPipelineProvider (RatisPipelineProvider.java:lambda$create$0(206)) - Sending CreatePipelineCommand for pipeline:PipelineID=d7a77fc1-28a5-4ff7-9e5d-6af31780527c to datanode:fe338567-e8a2-46f7-b85c-9d0af5bd64ed
2023-07-12 21:54:14,468 [RatisPipelineUtilsThread - 0] INFO  pipeline.RatisPipelineProvider (RatisPipelineProvider.java:lambda$create$0(206)) - Sending CreatePipelineCommand for pipeline:PipelineID=d7a77fc1-28a5-4ff7-9e5d-6af31780527c to datanode:42b4a456-befe-4bab-a9c2-24b02b86258a
2023-07-12 21:54:14,468 [RatisPipelineUtilsThread - 0] INFO  pipeline.BackgroundPipelineCreator (BackgroundPipelineCreator.java:createPipelines(233)) - Created new pipeline Pipeline[ Id: d7a77fc1-28a5-4ff7-9e5d-6af31780527c, Nodes: 8bfbb087-a02a-4d57-b8a9-f8148fb96c2a(fv-az670-842.vvj1krob40nuzn3jnzu5queufe.phxx.internal.cloudapp.net/10.1.0.20)fe338567-e8a2-46f7-b85c-9d0af5bd64ed(fv-az670-842.vvj1krob40nuzn3jnzu5queufe.phxx.internal.cloudapp.net/10.1.0.20)42b4a456-befe-4bab-a9c2-24b02b86258a(fv-az670-842.vvj1krob40nuzn3jnzu5queufe.phxx.internal.cloudapp.net/10.1.0.20), ReplicationConfig: RATIS/THREE, State:ALLOCATED, leaderId:, CreationTimestamp2023-07-12T21:54:14.468Z[Etc/UTC]]
2023-07-12 21:54:14,469 [RatisPipelineUtilsThread - 0] INFO  pipeline.RatisPipelineProvider (RatisPipelineProvider.java:lambda$create$0(206)) - Sending CreatePipelineCommand for pipeline:PipelineID=2840e35d-b6e7-49c8-aea9-4b50744322cc to datanode:8bfbb087-a02a-4d57-b8a9-f8148fb96c2a
2023-07-12 21:54:14,469 [RatisPipelineUtilsThread - 0] INFO  pipeline.RatisPipelineProvider (RatisPipelineProvider.java:lambda$create$0(206)) - Sending CreatePipelineCommand for pipeline:PipelineID=2840e35d-b6e7-49c8-aea9-4b50744322cc to datanode:fe338567-e8a2-46f7-b85c-9d0af5bd64ed
2023-07-12 21:54:14,469 [RatisPipelineUtilsThread - 0] INFO  pipeline.RatisPipelineProvider (RatisPipelineProvider.java:lambda$create$0(206)) - Sending CreatePipelineCommand for pipeline:PipelineID=2840e35d-b6e7-49c8-aea9-4b50744322cc to datanode:42b4a456-befe-4bab-a9c2-24b02b86258a
2023-07-12 21:54:14,469 [RatisPipelineUtilsThread - 0] INFO  pipeline.PipelineManagerImpl (PipelineManagerImpl.java:recordMetricsForPipeline(895)) - Pipeline: PipelineID=2840e35d-b6e7-49c8-aea9-4b50744322cc contains same datanodes as previous pipelines: PipelineID=d7a77fc1-28a5-4ff7-9e5d-6af31780527c nodeIds: 8bfbb087-a02a-4d57-b8a9-f8148fb96c2a, fe338567-e8a2-46f7-b85c-9d0af5bd64ed, 42b4a456-befe-4bab-a9c2-24b02b86258a
2023-07-12 21:54:14,469 [RatisPipelineUtilsThread - 0] INFO  pipeline.BackgroundPipelineCreator (BackgroundPipelineCreator.java:createPipelines(233)) - Created new pipeline Pipeline[ Id: 2840e35d-b6e7-49c8-aea9-4b50744322cc, Nodes: 8bfbb087-a02a-4d57-b8a9-f8148fb96c2a(fv-az670-842.vvj1krob40nuzn3jnzu5queufe.phxx.internal.cloudapp.net/10.1.0.20)fe338567-e8a2-46f7-b85c-9d0af5bd64ed(fv-az670-842.vvj1krob40nuzn3jnzu5queufe.phxx.internal.cloudapp.net/10.1.0.20)42b4a456-befe-4bab-a9c2-24b02b86258a(fv-az670-842.vvj1krob40nuzn3jnzu5queufe.phxx.internal.cloudapp.net/10.1.0.20), ReplicationConfig: RATIS/THREE, State:ALLOCATED, leaderId:, CreationTimestamp2023-07-12T21:54:14.469Z[Etc/UTC]]
2023-07-12 21:54:14,469 [RatisPipelineUtilsThread - 0] WARN  pipeline.PipelinePlacementPolicy (PipelinePlacementPolicy.java:filterViableNodes(166)) - Pipeline creation failed due to no sufficient healthy datanodes. Required 3. Found 0. Excluded 3.
2023-07-12 21:54:15,460 [main] INFO  ozone.MiniOzoneClusterImpl (MiniOzoneClusterImpl.java:lambda$waitForClusterToBeReady$0(224)) - Nodes are ready. Got 3 of 3 DN Heartbeats.
2023-07-12 21:54:15,461 [main] INFO  ozone.MiniOzoneClusterImpl (MiniOzoneClusterImpl.java:lambda$waitForClusterToBeReady$0(227)) - Waiting for cluster to exit safe mode
2023-07-12 21:54:15,461 [main] INFO  ozone.MiniOzoneClusterImpl (MiniOzoneClusterImpl.java:lambda$waitForClusterToBeReady$0(229)) - SCM became leader
2023-07-12 21:54:16,462 [main] INFO  ozone.MiniOzoneClusterImpl (MiniOzoneClusterImpl.java:lambda$waitForClusterToBeReady$0(224)) - Nodes are ready. Got 3 of 3 DN Heartbeats.
2023-07-12 21:54:16,462 [main] INFO  ozone.MiniOzoneClusterImpl (MiniOzoneClusterImpl.java:lambda$waitForClusterToBeReady$0(227)) - Waiting for cluster to exit safe mode
2023-07-12 21:54:16,462 [main] INFO  ozone.MiniOzoneClusterImpl (MiniOzoneClusterImpl.java:lambda$waitForClusterToBeReady$0(229)) - SCM became leader
2023-07-12 21:54:16,775 [PipelineCommandHandlerThread-0] INFO  server.RaftServer (RaftServerProxy.java:addNew(98)) - fe338567-e8a2-46f7-b85c-9d0af5bd64ed: addNew group-A9E476FB6093:[fe338567-e8a2-46f7-b85c-9d0af5bd64ed|rpc:10.1.0.20:15049|admin:10.1.0.20:15048|client:10.1.0.20:15047|dataStream:10.1.0.20:15050|priority:1|startupRole:FOLLOWER] returns group-A9E476FB6093:java.util.concurrent.CompletableFuture@51b354f[Not completed]
2023-07-12 21:54:16,776 [fe338567-e8a2-46f7-b85c-9d0af5bd64ed-groupManagement] INFO  server.RaftServer$Division (RaftServerImpl.java:<init>(198)) - fe338567-e8a2-46f7-b85c-9d0af5bd64ed: new RaftServerImpl for group-A9E476FB6093:[fe338567-e8a2-46f7-b85c-9d0af5bd64ed|rpc:10.1.0.20:15049|admin:10.1.0.20:15048|client:10.1.0.20:15047|dataStream:10.1.0.20:15050|priority:1|startupRole:FOLLOWER] with ContainerStateMachine:uninitialized
2023-07-12 21:54:16,776 [fe338567-e8a2-46f7-b85c-9d0af5bd64ed-groupManagement] INFO  server.RaftServerConfigKeys (ConfUtils.java:logGet(46)) - raft.server.rpc.timeout.min = 5s (custom)
2023-07-12 21:54:16,776 [fe338567-e8a2-46f7-b85c-9d0af5bd64ed-groupManagement] INFO  server.RaftServerConfigKeys (ConfUtils.java:logGet(46)) - raft.server.rpc.timeout.max = 5200ms (custom)
2023-07-12 21:54:16,776 [fe338567-e8a2-46f7-b85c-9d0af5bd64ed-groupManagement] INFO  server.RaftServerConfigKeys (ConfUtils.java:logGet(46)) - raft.server.rpc.sleep.time = 25ms (default)
2023-07-12 21:54:16,776 [fe338567-e8a2-46f7-b85c-9d0af5bd64ed-groupManagement] INFO  server.RaftServerConfigKeys (ConfUtils.java:logGet(46)) - raft.server.rpc.slowness.timeout = 300s (custom)
2023-07-12 21:54:16,776 [fe338567-e8a2-46f7-b85c-9d0af5bd64ed-groupManagement] INFO  server.RaftServerConfigKeys (ConfUtils.java:logGet(46)) - raft.server.leaderelection.leader.step-down.wait-time = 10s (default)
2023-07-12 21:54:16,776 [fe338567-e8a2-46f7-b85c-9d0af5bd64ed-groupManagement] INFO  server.RaftServerConfigKeys (ConfUtils.java:logGet(46)) - raft.server.sleep.deviation.threshold = 300ms (default)
2023-07-12 21:54:16,776 [fe338567-e8a2-46f7-b85c-9d0af5bd64ed-groupManagement] INFO  server.RaftServer$Division (ServerState.java:<init>(120)) - fe338567-e8a2-46f7-b85c-9d0af5bd64ed@group-A9E476FB6093: ConfigurationManager, init=-1: peers:[fe338567-e8a2-46f7-b85c-9d0af5bd64ed|rpc:10.1.0.20:15049|admin:10.1.0.20:15048|client:10.1.0.20:15047|dataStream:10.1.0.20:15050|priority:1|startupRole:FOLLOWER]|listeners:[], old=null, confs=<EMPTY_MAP>
2023-07-12 21:54:16,776 [fe338567-e8a2-46f7-b85c-9d0af5bd64ed-groupManagement] INFO  server.RaftServerConfigKeys (ConfUtils.java:logGet(46)) - raft.server.storage.dir = [/home/runner/work/ozone/ozone/hadoop-ozone/integration-test/target/test-dir/MiniOzoneClusterImpl-56d3b7f5-b9ba-49a0-a504-54c96578f2cd/datanode-0/data/ratis] (custom)
2023-07-12 21:54:16,777 [fe338567-e8a2-46f7-b85c-9d0af5bd64ed-groupManagement] INFO  server.RaftServerConfigKeys (ConfUtils.java:logGet(46)) - raft.server.log.corruption.policy = EXCEPTION (default)
2023-07-12 21:54:16,777 [fe338567-e8a2-46f7-b85c-9d0af5bd64ed-groupManagement] INFO  server.RaftServerConfigKeys (ConfUtils.java:logGet(46)) - raft.server.storage.free-space.min = 0MB (=0) (default)
2023-07-12 21:54:16,777 [fe338567-e8a2-46f7-b85c-9d0af5bd64ed-groupManagement] INFO  server.RaftServerConfigKeys (ConfUtils.java:logGet(46)) - raft.server.notification.no-leader.timeout = 300s (custom)
2023-07-12 21:54:16,777 [fe338567-e8a2-46f7-b85c-9d0af5bd64ed-groupManagement] INFO  server.RaftServerConfigKeys (ConfUtils.java:logGet(46)) - raft.server.read.timeout = 10s (default)
2023-07-12 21:54:16,777 [fe338567-e8a2-46f7-b85c-9d0af5bd64ed-groupManagement] INFO  server.RaftServerConfigKeys (ConfUtils.java:logGet(46)) - raft.server.retrycache.expirytime = 600000ms (custom)
2023-07-12 21:54:16,777 [fe338567-e8a2-46f7-b85c-9d0af5bd64ed-groupManagement] INFO  server.RaftServerConfigKeys (ConfUtils.java:logGet(46)) - raft.server.retrycache.statistics.expirytime = 100μs (default)
2023-07-12 21:54:16,777 [fe338567-e8a2-46f7-b85c-9d0af5bd64ed-groupManagement] INFO  server.RaftServerConfigKeys (ConfUtils.java:logGet(46)) - raft.server.read.option = DEFAULT (default)
2023-07-12 21:54:16,778 [fe338567-e8a2-46f7-b85c-9d0af5bd64ed-groupManagement] INFO  server.RaftServerConfigKeys (ConfUtils.java:logGet(46)) - raft.server.rpc.request.timeout = 60s (custom)
2023-07-12 21:54:16,778 [fe338567-e8a2-46f7-b85c-9d0af5bd64ed-groupManagement] INFO  server.RaftServerConfigKeys (ConfUtils.java:logGet(46)) - raft.server.log.appender.install.snapshot.enabled = false (custom)
2023-07-12 21:54:16,778 [fe338567-e8a2-46f7-b85c-9d0af5bd64ed-groupManagement] INFO  server.RaftServerConfigKeys (ConfUtils.java:logGet(46)) - raft.server.threadpool.server.cached = true (default)
2023-07-12 21:54:16,778 [fe338567-e8a2-46f7-b85c-9d0af5bd64ed-groupManagement] INFO  server.RaftServerConfigKeys (ConfUtils.java:logGet(46)) - raft.server.threadpool.server.size = 0 (default)
2023-07-12 21:54:16,779 [fe338567-e8a2-46f7-b85c-9d0af5bd64ed-groupManagement] INFO  server.RaftServerConfigKeys (ConfUtils.java:logGet(46)) - raft.server.threadpool.client.cached = true (default)
2023-07-12 21:54:16,779 [fe338567-e8a2-46f7-b85c-9d0af5bd64ed-groupManagement] INFO  server.RaftServerConfigKeys (ConfUtils.java:logGet(46)) - raft.server.threadpool.client.size = 0 (default)
2023-07-12 21:54:16,779 [fe338567-e8a2-46f7-b85c-9d0af5bd64ed-groupManagement] INFO  storage.RaftStorageDirectory (RaftStorageDirectoryImpl.java:analyzeStorage(137)) - The storage directory /home/runner/work/ozone/ozone/hadoop-ozone/integration-test/target/test-dir/MiniOzoneClusterImpl-56d3b7f5-b9ba-49a0-a504-54c96578f2cd/datanode-0/data/ratis/3c047c08-1387-452f-9e40-a9e476fb6093 does not exist. Creating ...
2023-07-12 21:54:16,780 [fe338567-e8a2-46f7-b85c-9d0af5bd64ed-groupManagement] INFO  storage.RaftStorageDirectory (RaftStorageDirectoryImpl.java:tryLock(231)) - Lock on /home/runner/work/ozone/ozone/hadoop-ozone/integration-test/target/test-dir/MiniOzoneClusterImpl-56d3b7f5-b9ba-49a0-a504-54c96578f2cd/datanode-0/data/ratis/3c047c08-1387-452f-9e40-a9e476fb6093/in_use.lock acquired by nodename 107600@fv-az670-842
2023-07-12 21:54:16,781 [fe338567-e8a2-46f7-b85c-9d0af5bd64ed-groupManagement] INFO  storage.RaftStorage (RaftStorageImpl.java:format(96)) - Storage directory /home/runner/work/ozone/ozone/hadoop-ozone/integration-test/target/test-dir/MiniOzoneClusterImpl-56d3b7f5-b9ba-49a0-a504-54c96578f2cd/datanode-0/data/ratis/3c047c08-1387-452f-9e40-a9e476fb6093 has been successfully formatted.
2023-07-12 21:54:16,782 [fe338567-e8a2-46f7-b85c-9d0af5bd64ed-groupManagement] INFO  ratis.ContainerStateMachine (ContainerStateMachine.java:loadSnapshot(262)) - group-A9E476FB6093: The snapshot info is null. Setting the last applied indexto:(t:0, i:~)
2023-07-12 21:54:16,782 [fe338567-e8a2-46f7-b85c-9d0af5bd64ed-groupManagement] INFO  server.RaftServerConfigKeys (ConfUtils.java:logGet(46)) - raft.server.log.use.memory = false (default)
2023-07-12 21:54:16,783 [fe338567-e8a2-46f7-b85c-9d0af5bd64ed-groupManagement] INFO  server.RaftServerConfigKeys (ConfUtils.java:logGet(46)) - raft.server.log.purge.gap = 1000000 (custom)
2023-07-12 21:54:16,783 [fe338567-e8a2-46f7-b85c-9d0af5bd64ed-groupManagement] INFO  server.RaftServerConfigKeys (ConfUtils.java:logGet(46)) - raft.server.log.appender.buffer.byte-limit = 33554432 (custom)
2023-07-12 21:54:16,784 [fe338567-e8a2-46f7-b85c-9d0af5bd64ed-groupManagement] INFO  server.RaftServerConfigKeys (ConfUtils.java:logGet(46)) - raft.server.log.statemachine.data.read.timeout = 1000ms (default)
2023-07-12 21:54:16,784 [fe338567-e8a2-46f7-b85c-9d0af5bd64ed-groupManagement] INFO  server.RaftServerConfigKeys (ConfUtils.java:logGet(46)) - raft.server.log.purge.preservation.log.num = 0 (default)
2023-07-12 21:54:16,784 [fe338567-e8a2-46f7-b85c-9d0af5bd64ed-groupManagement] INFO  server.RaftServerConfigKeys (ConfUtils.java:logGet(46)) - raft.server.log.segment.size.max = 1048576 (custom)
2023-07-12 21:54:16,784 [fe338567-e8a2-46f7-b85c-9d0af5bd64ed-groupManagement] INFO  server.RaftServerConfigKeys (ConfUtils.java:logGet(46)) - raft.server.log.segment.cache.num.max = 2 (custom)
2023-07-12 21:54:16,784 [fe338567-e8a2-46f7-b85c-9d0af5bd64ed-groupManagement] INFO  server.RaftServerConfigKeys (ConfUtils.java:logGet(46)) - raft.server.log.segment.cache.size.max = 200MB (=209715200) (default)
2023-07-12 21:54:16,784 [fe338567-e8a2-46f7-b85c-9d0af5bd64ed-groupManagement] INFO  server.RaftServerConfigKeys (ConfUtils.java:logGet(46)) - raft.server.log.appender.buffer.byte-limit = 33554432 (custom)
2023-07-12 21:54:16,784 [fe338567-e8a2-46f7-b85c-9d0af5bd64ed-groupManagement] INFO  segmented.SegmentedRaftLogWorker (SegmentedRaftLogWorker.java:<init>(188)) - new fe338567-e8a2-46f7-b85c-9d0af5bd64ed@group-A9E476FB6093-SegmentedRaftLogWorker for RaftStorageImpl:Storage Directory /home/runner/work/ozone/ozone/hadoop-ozone/integration-test/target/test-dir/MiniOzoneClusterImpl-56d3b7f5-b9ba-49a0-a504-54c96578f2cd/datanode-0/data/ratis/3c047c08-1387-452f-9e40-a9e476fb6093
2023-07-12 21:54:16,784 [fe338567-e8a2-46f7-b85c-9d0af5bd64ed-groupManagement] INFO  server.RaftServerConfigKeys (ConfUtils.java:logGet(46)) - raft.server.log.queue.byte-limit = 4294967296 (custom)
2023-07-12 21:54:16,784 [fe338567-e8a2-46f7-b85c-9d0af5bd64ed-groupManagement] INFO  server.RaftServerConfigKeys (ConfUtils.java:logGet(46)) - raft.server.log.queue.element-limit = 1024 (custom)
2023-07-12 21:54:16,784 [fe338567-e8a2-46f7-b85c-9d0af5bd64ed-groupManagement] INFO  server.RaftServerConfigKeys (ConfUtils.java:logGet(46)) - raft.server.log.segment.size.max = 1048576 (custom)
2023-07-12 21:54:16,784 [fe338567-e8a2-46f7-b85c-9d0af5bd64ed-groupManagement] INFO  server.RaftServerConfigKeys (ConfUtils.java:logGet(46)) - raft.server.log.preallocated.size = 16384 (custom)
2023-07-12 21:54:16,784 [EventQueue-PipelineReportForPipelineReportHandler] INFO  pipeline.PipelineReportHandler (PipelineReportHandler.java:processPipelineReport(136)) - Opened pipeline PipelineID=3c047c08-1387-452f-9e40-a9e476fb6093
2023-07-12 21:54:16,784 [fe338567-e8a2-46f7-b85c-9d0af5bd64ed-groupManagement] INFO  server.RaftServerConfigKeys (ConfUtils.java:logGet(46)) - raft.server.log.force.sync.num = 128 (default)
2023-07-12 21:54:16,784 [fe338567-e8a2-46f7-b85c-9d0af5bd64ed-groupManagement] INFO  server.RaftServerConfigKeys (ConfUtils.java:logGet(46)) - raft.server.log.statemachine.data.sync = true (default)
2023-07-12 21:54:16,785 [fe338567-e8a2-46f7-b85c-9d0af5bd64ed-groupManagement] INFO  server.RaftServerConfigKeys (ConfUtils.java:logGet(46)) - raft.server.log.statemachine.data.sync.timeout = 10s (default)
2023-07-12 21:54:16,785 [fe338567-e8a2-46f7-b85c-9d0af5bd64ed-groupManagement] INFO  server.RaftServerConfigKeys (ConfUtils.java:logGet(46)) - raft.server.log.statemachine.data.sync.timeout.retry = -1 (default)
2023-07-12 21:54:16,786 [fe338567-e8a2-46f7-b85c-9d0af5bd64ed-groupManagement] INFO  server.RaftServerConfigKeys (ConfUtils.java:logGet(46)) - raft.server.log.write.buffer.size = 1048576 (custom)
2023-07-12 21:54:16,786 [fe338567-e8a2-46f7-b85c-9d0af5bd64ed-groupManagement] INFO  server.RaftServerConfigKeys (ConfUtils.java:logGet(46)) - raft.server.log.appender.buffer.byte-limit = 33554432 (custom)
2023-07-12 21:54:16,789 [fe338567-e8a2-46f7-b85c-9d0af5bd64ed-groupManagement] INFO  server.RaftServerConfigKeys (ConfUtils.java:logGet(46)) - raft.server.log.unsafe-flush.enabled = false (default)
2023-07-12 21:54:16,789 [fe338567-e8a2-46f7-b85c-9d0af5bd64ed-groupManagement] INFO  server.RaftServerConfigKeys (ConfUtils.java:logGet(46)) - raft.server.log.async-flush.enabled = false (default)
2023-07-12 21:54:16,789 [fe338567-e8a2-46f7-b85c-9d0af5bd64ed-groupManagement] INFO  server.RaftServerConfigKeys (ConfUtils.java:logGet(46)) - raft.server.log.statemachine.data.caching.enabled = true (custom)
2023-07-12 21:54:16,789 [fe338567-e8a2-46f7-b85c-9d0af5bd64ed-groupManagement] INFO  segmented.SegmentedRaftLogWorker (SegmentedRaftLogWorker.java:lambda$new$0(135)) - fe338567-e8a2-46f7-b85c-9d0af5bd64ed@group-A9E476FB6093-SegmentedRaftLogWorker: flushIndex: setUnconditionally 0 -> -1
2023-07-12 21:54:16,789 [fe338567-e8a2-46f7-b85c-9d0af5bd64ed-groupManagement] INFO  segmented.SegmentedRaftLogWorker (SegmentedRaftLogWorker.java:lambda$new$0(135)) - fe338567-e8a2-46f7-b85c-9d0af5bd64ed@group-A9E476FB6093-SegmentedRaftLogWorker: safeCacheEvictIndex: setUnconditionally 0 -> -1
2023-07-12 21:54:16,790 [fe338567-e8a2-46f7-b85c-9d0af5bd64ed-groupManagement] INFO  server.RaftServer$Division (RaftServerImpl.java:start(342)) - fe338567-e8a2-46f7-b85c-9d0af5bd64ed@group-A9E476FB6093: start as a follower, conf=-1: peers:[fe338567-e8a2-46f7-b85c-9d0af5bd64ed|rpc:10.1.0.20:15049|admin:10.1.0.20:15048|client:10.1.0.20:15047|dataStream:10.1.0.20:15050|priority:1|startupRole:FOLLOWER]|listeners:[], old=null
2023-07-12 21:54:16,790 [fe338567-e8a2-46f7-b85c-9d0af5bd64ed-groupManagement] INFO  server.RaftServer$Division (RaftServerImpl.java:setRole(329)) - fe338567-e8a2-46f7-b85c-9d0af5bd64ed@group-A9E476FB6093: changes role from      null to FOLLOWER at term 0 for startAsFollower
2023-07-12 21:54:16,790 [fe338567-e8a2-46f7-b85c-9d0af5bd64ed-groupManagement] INFO  impl.RoleInfo (RoleInfo.java:updateAndGet(139)) - fe338567-e8a2-46f7-b85c-9d0af5bd64ed: start fe338567-e8a2-46f7-b85c-9d0af5bd64ed@group-A9E476FB6093-FollowerState
2023-07-12 21:54:16,793 [fe338567-e8a2-46f7-b85c-9d0af5bd64ed-groupManagement] INFO  util.JmxRegister (JmxRegister.java:tryRegister(44)) - Successfully registered JMX Bean with object name Ratis:service=RaftServer,group=group-A9E476FB6093,id=fe338567-e8a2-46f7-b85c-9d0af5bd64ed
2023-07-12 21:54:16,793 [fe338567-e8a2-46f7-b85c-9d0af5bd64ed@group-A9E476FB6093-FollowerState] INFO  server.RaftServerConfigKeys (ConfUtils.java:logFallback(53)) - raft.server.rpc.first-election.timeout.min = 5s (fallback to raft.server.rpc.timeout.min)
2023-07-12 21:54:16,794 [EventQueue-OpenPipelineForHealthyPipelineSafeModeRule] INFO  safemode.SCMSafeModeManager (HealthyPipelineSafeModeRule.java:process(137)) - SCM in safe mode. Healthy pipelines reported count is 0, required healthy pipeline reported count is 1
2023-07-12 21:54:16,793 [fe338567-e8a2-46f7-b85c-9d0af5bd64ed-groupManagement] INFO  server.RaftServerConfigKeys (ConfUtils.java:logGet(46)) - raft.server.snapshot.auto.trigger.enabled = true (custom)
2023-07-12 21:54:16,794 [fe338567-e8a2-46f7-b85c-9d0af5bd64ed@group-A9E476FB6093-FollowerState] INFO  server.RaftServerConfigKeys (ConfUtils.java:logFallback(53)) - raft.server.rpc.first-election.timeout.max = 5200ms (fallback to raft.server.rpc.timeout.max)
2023-07-12 21:54:16,794 [fe338567-e8a2-46f7-b85c-9d0af5bd64ed-groupManagement] INFO  server.RaftServerConfigKeys (ConfUtils.java:logGet(46)) - raft.server.snapshot.auto.trigger.threshold = 10000 (custom)
2023-07-12 21:54:16,794 [fe338567-e8a2-46f7-b85c-9d0af5bd64ed-groupManagement] INFO  server.RaftServerConfigKeys (ConfUtils.java:logGet(46)) - raft.server.snapshot.retention.file.num = 5 (custom)
2023-07-12 21:54:16,794 [fe338567-e8a2-46f7-b85c-9d0af5bd64ed-groupManagement] INFO  server.RaftServerConfigKeys (ConfUtils.java:logGet(46)) - raft.server.log.purge.upto.snapshot.index = false (default)
2023-07-12 21:54:16,794 [PipelineCommandHandlerThread-0] INFO  ratis.XceiverServerRatis (XceiverServerRatis.java:addGroup(804)) - Created group PipelineID=3c047c08-1387-452f-9e40-a9e476fb6093
2023-07-12 21:54:16,794 [PipelineCommandHandlerThread-0] INFO  commandhandler.CreatePipelineCommandHandler (CreatePipelineCommandHandler.java:lambda$handle$2(124)) - Created Pipeline RATIS ONE PipelineID=3c047c08-1387-452f-9e40-a9e476fb6093.
2023-07-12 21:54:16,795 [PipelineCommandHandlerThread-0] INFO  server.RaftServer (RaftServerProxy.java:addNew(98)) - fe338567-e8a2-46f7-b85c-9d0af5bd64ed: addNew group-6AF31780527C:[42b4a456-befe-4bab-a9c2-24b02b86258a|rpc:10.1.0.20:15058|admin:10.1.0.20:15057|client:10.1.0.20:15056|dataStream:10.1.0.20:15059|priority:0|startupRole:FOLLOWER, 8bfbb087-a02a-4d57-b8a9-f8148fb96c2a|rpc:10.1.0.20:15067|admin:10.1.0.20:15066|client:10.1.0.20:15065|dataStream:10.1.0.20:15068|priority:0|startupRole:FOLLOWER, fe338567-e8a2-46f7-b85c-9d0af5bd64ed|rpc:10.1.0.20:15049|admin:10.1.0.20:15048|client:10.1.0.20:15047|dataStream:10.1.0.20:15050|priority:1|startupRole:FOLLOWER] returns group-6AF31780527C:java.util.concurrent.CompletableFuture@124a134[Not completed]
2023-07-12 21:54:16,795 [fe338567-e8a2-46f7-b85c-9d0af5bd64ed-groupManagement] INFO  server.RaftServer$Division (RaftServerImpl.java:<init>(198)) - fe338567-e8a2-46f7-b85c-9d0af5bd64ed: new RaftServerImpl for group-6AF31780527C:[42b4a456-befe-4bab-a9c2-24b02b86258a|rpc:10.1.0.20:15058|admin:10.1.0.20:15057|client:10.1.0.20:15056|dataStream:10.1.0.20:15059|priority:0|startupRole:FOLLOWER, 8bfbb087-a02a-4d57-b8a9-f8148fb96c2a|rpc:10.1.0.20:15067|admin:10.1.0.20:15066|client:10.1.0.20:15065|dataStream:10.1.0.20:15068|priority:0|startupRole:FOLLOWER, fe338567-e8a2-46f7-b85c-9d0af5bd64ed|rpc:10.1.0.20:15049|admin:10.1.0.20:15048|client:10.1.0.20:15047|dataStream:10.1.0.20:15050|priority:1|startupRole:FOLLOWER] with ContainerStateMachine:uninitialized
2023-07-12 21:54:16,796 [fe338567-e8a2-46f7-b85c-9d0af5bd64ed-groupManagement] INFO  server.RaftServerConfigKeys (ConfUtils.java:logGet(46)) - raft.server.rpc.timeout.min = 5s (custom)
2023-07-12 21:54:16,796 [fe338567-e8a2-46f7-b85c-9d0af5bd64ed-groupManagement] INFO  server.RaftServerConfigKeys (ConfUtils.java:logGet(46)) - raft.server.rpc.timeout.max = 5200ms (custom)
2023-07-12 21:54:16,796 [fe338567-e8a2-46f7-b85c-9d0af5bd64ed-groupManagement] INFO  server.RaftServerConfigKeys (ConfUtils.java:logGet(46)) - raft.server.rpc.sleep.time = 25ms (default)
2023-07-12 21:54:16,796 [fe338567-e8a2-46f7-b85c-9d0af5bd64ed-groupManagement] INFO  server.RaftServerConfigKeys (ConfUtils.java:logGet(46)) - raft.server.rpc.slowness.timeout = 300s (custom)
2023-07-12 21:54:16,796 [fe338567-e8a2-46f7-b85c-9d0af5bd64ed-groupManagement] INFO  server.RaftServerConfigKeys (ConfUtils.java:logGet(46)) - raft.server.leaderelection.leader.step-down.wait-time = 10s (default)
2023-07-12 21:54:16,796 [fe338567-e8a2-46f7-b85c-9d0af5bd64ed-groupManagement] INFO  server.RaftServerConfigKeys (ConfUtils.java:logGet(46)) - raft.server.sleep.deviation.threshold = 300ms (default)
2023-07-12 21:54:16,796 [fe338567-e8a2-46f7-b85c-9d0af5bd64ed-groupManagement] INFO  server.RaftServer$Division (ServerState.java:<init>(120)) - fe338567-e8a2-46f7-b85c-9d0af5bd64ed@group-6AF31780527C: ConfigurationManager, init=-1: peers:[42b4a456-befe-4bab-a9c2-24b02b86258a|rpc:10.1.0.20:15058|admin:10.1.0.20:15057|client:10.1.0.20:15056|dataStream:10.1.0.20:15059|priority:0|startupRole:FOLLOWER, 8bfbb087-a02a-4d57-b8a9-f8148fb96c2a|rpc:10.1.0.20:15067|admin:10.1.0.20:15066|client:10.1.0.20:15065|dataStream:10.1.0.20:15068|priority:0|startupRole:FOLLOWER, fe338567-e8a2-46f7-b85c-9d0af5bd64ed|rpc:10.1.0.20:15049|admin:10.1.0.20:15048|client:10.1.0.20:15047|dataStream:10.1.0.20:15050|priority:1|startupRole:FOLLOWER]|listeners:[], old=null, confs=<EMPTY_MAP>
2023-07-12 21:54:16,796 [fe338567-e8a2-46f7-b85c-9d0af5bd64ed-groupManagement] INFO  server.RaftServerConfigKeys (ConfUtils.java:logGet(46)) - raft.server.storage.dir = [/home/runner/work/ozone/ozone/hadoop-ozone/integration-test/target/test-dir/MiniOzoneClusterImpl-56d3b7f5-b9ba-49a0-a504-54c96578f2cd/datanode-0/data/ratis] (custom)
2023-07-12 21:54:16,796 [fe338567-e8a2-46f7-b85c-9d0af5bd64ed-groupManagement] INFO  server.RaftServerConfigKeys (ConfUtils.java:logGet(46)) - raft.server.log.corruption.policy = EXCEPTION (default)
2023-07-12 21:54:16,796 [fe338567-e8a2-46f7-b85c-9d0af5bd64ed-groupManagement] INFO  server.RaftServerConfigKeys (ConfUtils.java:logGet(46)) - raft.server.storage.free-space.min = 0MB (=0) (default)
2023-07-12 21:54:16,796 [fe338567-e8a2-46f7-b85c-9d0af5bd64ed-groupManagement] INFO  server.RaftServerConfigKeys (ConfUtils.java:logGet(46)) - raft.server.notification.no-leader.timeout = 300s (custom)
2023-07-12 21:54:16,796 [fe338567-e8a2-46f7-b85c-9d0af5bd64ed-groupManagement] INFO  server.RaftServerConfigKeys (ConfUtils.java:logGet(46)) - raft.server.read.timeout = 10s (default)
2023-07-12 21:54:16,796 [fe338567-e8a2-46f7-b85c-9d0af5bd64ed-groupManagement] INFO  server.RaftServerConfigKeys (ConfUtils.java:logGet(46)) - raft.server.retrycache.expirytime = 600000ms (custom)
2023-07-12 21:54:16,796 [fe338567-e8a2-46f7-b85c-9d0af5bd64ed-groupManagement] INFO  server.RaftServerConfigKeys (ConfUtils.java:logGet(46)) - raft.server.retrycache.statistics.expirytime = 100μs (default)
2023-07-12 21:54:16,797 [fe338567-e8a2-46f7-b85c-9d0af5bd64ed-groupManagement] INFO  server.RaftServerConfigKeys (ConfUtils.java:logGet(46)) - raft.server.read.option = DEFAULT (default)
2023-07-12 21:54:16,797 [fe338567-e8a2-46f7-b85c-9d0af5bd64ed-groupManagement] INFO  server.RaftServerConfigKeys (ConfUtils.java:logGet(46)) - raft.server.rpc.request.timeout = 60s (custom)
2023-07-12 21:54:16,797 [fe338567-e8a2-46f7-b85c-9d0af5bd64ed-groupManagement] INFO  server.RaftServerConfigKeys (ConfUtils.java:logGet(46)) - raft.server.log.appender.install.snapshot.enabled = false (custom)
2023-07-12 21:54:16,797 [fe338567-e8a2-46f7-b85c-9d0af5bd64ed-groupManagement] INFO  server.RaftServerConfigKeys (ConfUtils.java:logGet(46)) - raft.server.threadpool.server.cached = true (default)
2023-07-12 21:54:16,797 [fe338567-e8a2-46f7-b85c-9d0af5bd64ed-groupManagement] INFO  server.RaftServerConfigKeys (ConfUtils.java:logGet(46)) - raft.server.threadpool.server.size = 0 (default)
2023-07-12 21:54:16,797 [fe338567-e8a2-46f7-b85c-9d0af5bd64ed-groupManagement] INFO  server.RaftServerConfigKeys (ConfUtils.java:logGet(46)) - raft.server.threadpool.client.cached = true (default)
2023-07-12 21:54:16,797 [fe338567-e8a2-46f7-b85c-9d0af5bd64ed-groupManagement] INFO  server.RaftServerConfigKeys (ConfUtils.java:logGet(46)) - raft.server.threadpool.client.size = 0 (default)
2023-07-12 21:54:16,798 [fe338567-e8a2-46f7-b85c-9d0af5bd64ed-groupManagement] INFO  storage.RaftStorageDirectory (RaftStorageDirectoryImpl.java:analyzeStorage(137)) - The storage directory /home/runner/work/ozone/ozone/hadoop-ozone/integration-test/target/test-dir/MiniOzoneClusterImpl-56d3b7f5-b9ba-49a0-a504-54c96578f2cd/datanode-0/data/ratis/d7a77fc1-28a5-4ff7-9e5d-6af31780527c does not exist. Creating ...
2023-07-12 21:54:16,799 [fe338567-e8a2-46f7-b85c-9d0af5bd64ed-groupManagement] INFO  storage.RaftStorageDirectory (RaftStorageDirectoryImpl.java:tryLock(231)) - Lock on /home/runner/work/ozone/ozone/hadoop-ozone/integration-test/target/test-dir/MiniOzoneClusterImpl-56d3b7f5-b9ba-49a0-a504-54c96578f2cd/datanode-0/data/ratis/d7a77fc1-28a5-4ff7-9e5d-6af31780527c/in_use.lock acquired by nodename 107600@fv-az670-842
2023-07-12 21:54:16,801 [fe338567-e8a2-46f7-b85c-9d0af5bd64ed-groupManagement] INFO  storage.RaftStorage (RaftStorageImpl.java:format(96)) - Storage directory /home/runner/work/ozone/ozone/hadoop-ozone/integration-test/target/test-dir/MiniOzoneClusterImpl-56d3b7f5-b9ba-49a0-a504-54c96578f2cd/datanode-0/data/ratis/d7a77fc1-28a5-4ff7-9e5d-6af31780527c has been successfully formatted.
2023-07-12 21:54:16,801 [fe338567-e8a2-46f7-b85c-9d0af5bd64ed-groupManagement] INFO  ratis.ContainerStateMachine (ContainerStateMachine.java:loadSnapshot(262)) - group-6AF31780527C: The snapshot info is null. Setting the last applied indexto:(t:0, i:~)
2023-07-12 21:54:16,801 [fe338567-e8a2-46f7-b85c-9d0af5bd64ed-groupManagement] INFO  server.RaftServerConfigKeys (ConfUtils.java:logGet(46)) - raft.server.log.use.memory = false (default)
2023-07-12 21:54:16,803 [fe338567-e8a2-46f7-b85c-9d0af5bd64ed-groupManagement] INFO  server.RaftServerConfigKeys (ConfUtils.java:logGet(46)) - raft.server.log.purge.gap = 1000000 (custom)
2023-07-12 21:54:16,803 [fe338567-e8a2-46f7-b85c-9d0af5bd64ed-groupManagement] INFO  server.RaftServerConfigKeys (ConfUtils.java:logGet(46)) - raft.server.log.appender.buffer.byte-limit = 33554432 (custom)
2023-07-12 21:54:16,803 [fe338567-e8a2-46f7-b85c-9d0af5bd64ed-groupManagement] INFO  server.RaftServerConfigKeys (ConfUtils.java:logGet(46)) - raft.server.log.statemachine.data.read.timeout = 1000ms (default)
2023-07-12 21:54:16,803 [fe338567-e8a2-46f7-b85c-9d0af5bd64ed-groupManagement] INFO  server.RaftServerConfigKeys (ConfUtils.java:logGet(46)) - raft.server.log.purge.preservation.log.num = 0 (default)
2023-07-12 21:54:16,804 [fe338567-e8a2-46f7-b85c-9d0af5bd64ed-groupManagement] INFO  server.RaftServerConfigKeys (ConfUtils.java:logGet(46)) - raft.server.log.segment.size.max = 1048576 (custom)
2023-07-12 21:54:16,804 [EventQueue-OpenPipelineForHealthyPipelineSafeModeRule] INFO  safemode.SCMSafeModeManager (HealthyPipelineSafeModeRule.java:process(137)) - SCM in safe mode. Healthy pipelines reported count is 0, required healthy pipeline reported count is 1
2023-07-12 21:54:16,804 [fe338567-e8a2-46f7-b85c-9d0af5bd64ed-groupManagement] INFO  server.RaftServerConfigKeys (ConfUtils.java:logGet(46)) - raft.server.log.segment.cache.num.max = 2 (custom)
2023-07-12 21:54:16,809 [fe338567-e8a2-46f7-b85c-9d0af5bd64ed-groupManagement] INFO  server.RaftServerConfigKeys (ConfUtils.java:logGet(46)) - raft.server.log.segment.cache.size.max = 200MB (=209715200) (default)
2023-07-12 21:54:16,809 [fe338567-e8a2-46f7-b85c-9d0af5bd64ed-groupManagement] INFO  server.RaftServerConfigKeys (ConfUtils.java:logGet(46)) - raft.server.log.appender.buffer.byte-limit = 33554432 (custom)
2023-07-12 21:54:16,809 [fe338567-e8a2-46f7-b85c-9d0af5bd64ed-groupManagement] INFO  segmented.SegmentedRaftLogWorker (SegmentedRaftLogWorker.java:<init>(188)) - new fe338567-e8a2-46f7-b85c-9d0af5bd64ed@group-6AF31780527C-SegmentedRaftLogWorker for RaftStorageImpl:Storage Directory /home/runner/work/ozone/ozone/hadoop-ozone/integration-test/target/test-dir/MiniOzoneClusterImpl-56d3b7f5-b9ba-49a0-a504-54c96578f2cd/datanode-0/data/ratis/d7a77fc1-28a5-4ff7-9e5d-6af31780527c
2023-07-12 21:54:16,809 [fe338567-e8a2-46f7-b85c-9d0af5bd64ed-groupManagement] INFO  server.RaftServerConfigKeys (ConfUtils.java:logGet(46)) - raft.server.log.queue.byte-limit = 4294967296 (custom)
2023-07-12 21:54:16,809 [fe338567-e8a2-46f7-b85c-9d0af5bd64ed-groupManagement] INFO  server.RaftServerConfigKeys (ConfUtils.java:logGet(46)) - raft.server.log.queue.element-limit = 1024 (custom)
2023-07-12 21:54:16,809 [fe338567-e8a2-46f7-b85c-9d0af5bd64ed-groupManagement] INFO  server.RaftServerConfigKeys (ConfUtils.java:logGet(46)) - raft.server.log.segment.size.max = 1048576 (custom)
2023-07-12 21:54:16,809 [fe338567-e8a2-46f7-b85c-9d0af5bd64ed-groupManagement] INFO  server.RaftServerConfigKeys (ConfUtils.java:logGet(46)) - raft.server.log.preallocated.size = 16384 (custom)
2023-07-12 21:54:16,809 [fe338567-e8a2-46f7-b85c-9d0af5bd64ed-groupManagement] INFO  server.RaftServerConfigKeys (ConfUtils.java:logGet(46)) - raft.server.log.force.sync.num = 128 (default)
2023-07-12 21:54:16,809 [fe338567-e8a2-46f7-b85c-9d0af5bd64ed-groupManagement] INFO  server.RaftServerConfigKeys (ConfUtils.java:logGet(46)) - raft.server.log.statemachine.data.sync = true (default)
2023-07-12 21:54:16,809 [fe338567-e8a2-46f7-b85c-9d0af5bd64ed-groupManagement] INFO  server.RaftServerConfigKeys (ConfUtils.java:logGet(46)) - raft.server.log.statemachine.data.sync.timeout = 10s (default)
2023-07-12 21:54:16,809 [fe338567-e8a2-46f7-b85c-9d0af5bd64ed-groupManagement] INFO  server.RaftServerConfigKeys (ConfUtils.java:logGet(46)) - raft.server.log.statemachine.data.sync.timeout.retry = -1 (default)
2023-07-12 21:54:16,809 [fe338567-e8a2-46f7-b85c-9d0af5bd64ed-groupManagement] INFO  server.RaftServerConfigKeys (ConfUtils.java:logGet(46)) - raft.server.log.write.buffer.size = 1048576 (custom)
2023-07-12 21:54:16,810 [fe338567-e8a2-46f7-b85c-9d0af5bd64ed-groupManagement] INFO  server.RaftServerConfigKeys (ConfUtils.java:logGet(46)) - raft.server.log.appender.buffer.byte-limit = 33554432 (custom)
2023-07-12 21:54:16,812 [fe338567-e8a2-46f7-b85c-9d0af5bd64ed-groupManagement] INFO  server.RaftServerConfigKeys (ConfUtils.java:logGet(46)) - raft.server.log.unsafe-flush.enabled = false (default)
2023-07-12 21:54:16,813 [fe338567-e8a2-46f7-b85c-9d0af5bd64ed-groupManagement] INFO  server.RaftServerConfigKeys (ConfUtils.java:logGet(46)) - raft.server.log.async-flush.enabled = false (default)
2023-07-12 21:54:16,813 [fe338567-e8a2-46f7-b85c-9d0af5bd64ed-groupManagement] INFO  server.RaftServerConfigKeys (ConfUtils.java:logGet(46)) - raft.server.log.statemachine.data.caching.enabled = true (custom)
2023-07-12 21:54:16,813 [fe338567-e8a2-46f7-b85c-9d0af5bd64ed-groupManagement] INFO  segmented.SegmentedRaftLogWorker (SegmentedRaftLogWorker.java:lambda$new$0(135)) - fe338567-e8a2-46f7-b85c-9d0af5bd64ed@group-6AF31780527C-SegmentedRaftLogWorker: flushIndex: setUnconditionally 0 -> -1
2023-07-12 21:54:16,813 [fe338567-e8a2-46f7-b85c-9d0af5bd64ed-groupManagement] INFO  segmented.SegmentedRaftLogWorker (SegmentedRaftLogWorker.java:lambda$new$0(135)) - fe338567-e8a2-46f7-b85c-9d0af5bd64ed@group-6AF31780527C-SegmentedRaftLogWorker: safeCacheEvictIndex: setUnconditionally 0 -> -1
2023-07-12 21:54:16,813 [fe338567-e8a2-46f7-b85c-9d0af5bd64ed-groupManagement] INFO  server.RaftServer$Division (RaftServerImpl.java:start(342)) - fe338567-e8a2-46f7-b85c-9d0af5bd64ed@group-6AF31780527C: start as a follower, conf=-1: peers:[42b4a456-befe-4bab-a9c2-24b02b86258a|rpc:10.1.0.20:15058|admin:10.1.0.20:15057|client:10.1.0.20:15056|dataStream:10.1.0.20:15059|priority:0|startupRole:FOLLOWER, 8bfbb087-a02a-4d57-b8a9-f8148fb96c2a|rpc:10.1.0.20:15067|admin:10.1.0.20:15066|client:10.1.0.20:15065|dataStream:10.1.0.20:15068|priority:0|startupRole:FOLLOWER, fe338567-e8a2-46f7-b85c-9d0af5bd64ed|rpc:10.1.0.20:15049|admin:10.1.0.20:15048|client:10.1.0.20:15047|dataStream:10.1.0.20:15050|priority:1|startupRole:FOLLOWER]|listeners:[], old=null
2023-07-12 21:54:16,813 [fe338567-e8a2-46f7-b85c-9d0af5bd64ed-groupManagement] INFO  server.RaftServer$Division (RaftServerImpl.java:setRole(329)) - fe338567-e8a2-46f7-b85c-9d0af5bd64ed@group-6AF31780527C: changes role from      null to FOLLOWER at term 0 for startAsFollower
2023-07-12 21:54:16,813 [fe338567-e8a2-46f7-b85c-9d0af5bd64ed-groupManagement] INFO  impl.RoleInfo (RoleInfo.java:updateAndGet(139)) - fe338567-e8a2-46f7-b85c-9d0af5bd64ed: start fe338567-e8a2-46f7-b85c-9d0af5bd64ed@group-6AF31780527C-FollowerState
2023-07-12 21:54:16,813 [fe338567-e8a2-46f7-b85c-9d0af5bd64ed-groupManagement] INFO  util.JmxRegister (JmxRegister.java:tryRegister(44)) - Successfully registered JMX Bean with object name Ratis:service=RaftServer,group=group-6AF31780527C,id=fe338567-e8a2-46f7-b85c-9d0af5bd64ed
2023-07-12 21:54:16,813 [fe338567-e8a2-46f7-b85c-9d0af5bd64ed@group-6AF31780527C-FollowerState] INFO  server.RaftServerConfigKeys (ConfUtils.java:logFallback(53)) - raft.server.rpc.first-election.timeout.min = 5s (fallback to raft.server.rpc.timeout.min)
2023-07-12 21:54:16,817 [fe338567-e8a2-46f7-b85c-9d0af5bd64ed@group-6AF31780527C-FollowerState] INFO  server.RaftServerConfigKeys (ConfUtils.java:logFallback(53)) - raft.server.rpc.first-election.timeout.max = 5200ms (fallback to raft.server.rpc.timeout.max)
2023-07-12 21:54:16,817 [fe338567-e8a2-46f7-b85c-9d0af5bd64ed-groupManagement] INFO  server.RaftServerConfigKeys (ConfUtils.java:logGet(46)) - raft.server.snapshot.auto.trigger.enabled = true (custom)
2023-07-12 21:54:16,817 [fe338567-e8a2-46f7-b85c-9d0af5bd64ed-groupManagement] INFO  server.RaftServerConfigKeys (ConfUtils.java:logGet(46)) - raft.server.snapshot.auto.trigger.threshold = 10000 (custom)
2023-07-12 21:54:16,817 [fe338567-e8a2-46f7-b85c-9d0af5bd64ed-groupManagement] INFO  server.RaftServerConfigKeys (ConfUtils.java:logGet(46)) - raft.server.snapshot.retention.file.num = 5 (custom)
2023-07-12 21:54:16,817 [fe338567-e8a2-46f7-b85c-9d0af5bd64ed-groupManagement] INFO  server.RaftServerConfigKeys (ConfUtils.java:logGet(46)) - raft.server.log.purge.upto.snapshot.index = false (default)
2023-07-12 21:54:16,820 [PipelineCommandHandlerThread-0] INFO  ratis.XceiverServerRatis (XceiverServerRatis.java:addGroup(804)) - Created group PipelineID=d7a77fc1-28a5-4ff7-9e5d-6af31780527c
2023-07-12 21:54:16,835 [grpc-default-executor-0] INFO  server.RaftServer (RaftServerProxy.java:addNew(98)) - 8bfbb087-a02a-4d57-b8a9-f8148fb96c2a: addNew group-6AF31780527C:[42b4a456-befe-4bab-a9c2-24b02b86258a|rpc:10.1.0.20:15058|admin:10.1.0.20:15057|client:10.1.0.20:15056|dataStream:10.1.0.20:15059|priority:0|startupRole:FOLLOWER, 8bfbb087-a02a-4d57-b8a9-f8148fb96c2a|rpc:10.1.0.20:15067|admin:10.1.0.20:15066|client:10.1.0.20:15065|dataStream:10.1.0.20:15068|priority:0|startupRole:FOLLOWER, fe338567-e8a2-46f7-b85c-9d0af5bd64ed|rpc:10.1.0.20:15049|admin:10.1.0.20:15048|client:10.1.0.20:15047|dataStream:10.1.0.20:15050|priority:1|startupRole:FOLLOWER] returns group-6AF31780527C:java.util.concurrent.CompletableFuture@1198a7a3[Not completed]
2023-07-12 21:54:16,837 [8bfbb087-a02a-4d57-b8a9-f8148fb96c2a-groupManagement] INFO  server.RaftServer$Division (RaftServerImpl.java:<init>(198)) - 8bfbb087-a02a-4d57-b8a9-f8148fb96c2a: new RaftServerImpl for group-6AF31780527C:[42b4a456-befe-4bab-a9c2-24b02b86258a|rpc:10.1.0.20:15058|admin:10.1.0.20:15057|client:10.1.0.20:15056|dataStream:10.1.0.20:15059|priority:0|startupRole:FOLLOWER, 8bfbb087-a02a-4d57-b8a9-f8148fb96c2a|rpc:10.1.0.20:15067|admin:10.1.0.20:15066|client:10.1.0.20:15065|dataStream:10.1.0.20:15068|priority:0|startupRole:FOLLOWER, fe338567-e8a2-46f7-b85c-9d0af5bd64ed|rpc:10.1.0.20:15049|admin:10.1.0.20:15048|client:10.1.0.20:15047|dataStream:10.1.0.20:15050|priority:1|startupRole:FOLLOWER] with ContainerStateMachine:uninitialized
2023-07-12 21:54:16,837 [8bfbb087-a02a-4d57-b8a9-f8148fb96c2a-groupManagement] INFO  server.RaftServerConfigKeys (ConfUtils.java:logGet(46)) - raft.server.rpc.timeout.min = 5s (custom)
2023-07-12 21:54:16,837 [8bfbb087-a02a-4d57-b8a9-f8148fb96c2a-groupManagement] INFO  server.RaftServerConfigKeys (ConfUtils.java:logGet(46)) - raft.server.rpc.timeout.max = 5200ms (custom)
2023-07-12 21:54:16,837 [8bfbb087-a02a-4d57-b8a9-f8148fb96c2a-groupManagement] INFO  server.RaftServerConfigKeys (ConfUtils.java:logGet(46)) - raft.server.rpc.sleep.time = 25ms (default)
2023-07-12 21:54:16,837 [8bfbb087-a02a-4d57-b8a9-f8148fb96c2a-groupManagement] INFO  server.RaftServerConfigKeys (ConfUtils.java:logGet(46)) - raft.server.rpc.slowness.timeout = 300s (custom)
2023-07-12 21:54:16,837 [8bfbb087-a02a-4d57-b8a9-f8148fb96c2a-groupManagement] INFO  server.RaftServerConfigKeys (ConfUtils.java:logGet(46)) - raft.server.leaderelection.leader.step-down.wait-time = 10s (default)
2023-07-12 21:54:16,837 [8bfbb087-a02a-4d57-b8a9-f8148fb96c2a-groupManagement] INFO  server.RaftServerConfigKeys (ConfUtils.java:logGet(46)) - raft.server.sleep.deviation.threshold = 300ms (default)
2023-07-12 21:54:16,837 [8bfbb087-a02a-4d57-b8a9-f8148fb96c2a-groupManagement] INFO  server.RaftServer$Division (ServerState.java:<init>(120)) - 8bfbb087-a02a-4d57-b8a9-f8148fb96c2a@group-6AF31780527C: ConfigurationManager, init=-1: peers:[42b4a456-befe-4bab-a9c2-24b02b86258a|rpc:10.1.0.20:15058|admin:10.1.0.20:15057|client:10.1.0.20:15056|dataStream:10.1.0.20:15059|priority:0|startupRole:FOLLOWER, 8bfbb087-a02a-4d57-b8a9-f8148fb96c2a|rpc:10.1.0.20:15067|admin:10.1.0.20:15066|client:10.1.0.20:15065|dataStream:10.1.0.20:15068|priority:0|startupRole:FOLLOWER, fe338567-e8a2-46f7-b85c-9d0af5bd64ed|rpc:10.1.0.20:15049|admin:10.1.0.20:15048|client:10.1.0.20:15047|dataStream:10.1.0.20:15050|priority:1|startupRole:FOLLOWER]|listeners:[], old=null, confs=<EMPTY_MAP>
2023-07-12 21:54:16,837 [8bfbb087-a02a-4d57-b8a9-f8148fb96c2a-groupManagement] INFO  server.RaftServerConfigKeys (ConfUtils.java:logGet(46)) - raft.server.storage.dir = [/home/runner/work/ozone/ozone/hadoop-ozone/integration-test/target/test-dir/MiniOzoneClusterImpl-56d3b7f5-b9ba-49a0-a504-54c96578f2cd/datanode-2/data/ratis] (custom)
2023-07-12 21:54:16,838 [8bfbb087-a02a-4d57-b8a9-f8148fb96c2a-groupManagement] INFO  server.RaftServerConfigKeys (ConfUtils.java:logGet(46)) - raft.server.log.corruption.policy = EXCEPTION (default)
2023-07-12 21:54:16,838 [8bfbb087-a02a-4d57-b8a9-f8148fb96c2a-groupManagement] INFO  server.RaftServerConfigKeys (ConfUtils.java:logGet(46)) - raft.server.storage.free-space.min = 0MB (=0) (default)
2023-07-12 21:54:16,838 [8bfbb087-a02a-4d57-b8a9-f8148fb96c2a-groupManagement] INFO  server.RaftServerConfigKeys (ConfUtils.java:logGet(46)) - raft.server.notification.no-leader.timeout = 300s (custom)
2023-07-12 21:54:16,838 [8bfbb087-a02a-4d57-b8a9-f8148fb96c2a-groupManagement] INFO  server.RaftServerConfigKeys (ConfUtils.java:logGet(46)) - raft.server.read.timeout = 10s (default)
2023-07-12 21:54:16,838 [8bfbb087-a02a-4d57-b8a9-f8148fb96c2a-groupManagement] INFO  server.RaftServerConfigKeys (ConfUtils.java:logGet(46)) - raft.server.retrycache.expirytime = 600000ms (custom)
2023-07-12 21:54:16,838 [8bfbb087-a02a-4d57-b8a9-f8148fb96c2a-groupManagement] INFO  server.RaftServerConfigKeys (ConfUtils.java:logGet(46)) - raft.server.retrycache.statistics.expirytime = 100μs (default)
2023-07-12 21:54:16,838 [8bfbb087-a02a-4d57-b8a9-f8148fb96c2a-groupManagement] INFO  server.RaftServerConfigKeys (ConfUtils.java:logGet(46)) - raft.server.read.option = DEFAULT (default)
2023-07-12 21:54:16,838 [8bfbb087-a02a-4d57-b8a9-f8148fb96c2a-groupManagement] INFO  server.RaftServerConfigKeys (ConfUtils.java:logGet(46)) - raft.server.rpc.request.timeout = 60s (custom)
2023-07-12 21:54:16,838 [8bfbb087-a02a-4d57-b8a9-f8148fb96c2a-groupManagement] INFO  server.RaftServerConfigKeys (ConfUtils.java:logGet(46)) - raft.server.log.appender.install.snapshot.enabled = false (custom)
2023-07-12 21:54:16,838 [8bfbb087-a02a-4d57-b8a9-f8148fb96c2a-groupManagement] INFO  server.RaftServerConfigKeys (ConfUtils.java:logGet(46)) - raft.server.threadpool.server.cached = true (default)
2023-07-12 21:54:16,839 [8bfbb087-a02a-4d57-b8a9-f8148fb96c2a-groupManagement] INFO  server.RaftServerConfigKeys (ConfUtils.java:logGet(46)) - raft.server.threadpool.server.size = 0 (default)
2023-07-12 21:54:16,839 [8bfbb087-a02a-4d57-b8a9-f8148fb96c2a-groupManagement] INFO  server.RaftServerConfigKeys (ConfUtils.java:logGet(46)) - raft.server.threadpool.client.cached = true (default)
2023-07-12 21:54:16,839 [8bfbb087-a02a-4d57-b8a9-f8148fb96c2a-groupManagement] INFO  server.RaftServerConfigKeys (ConfUtils.java:logGet(46)) - raft.server.threadpool.client.size = 0 (default)
2023-07-12 21:54:16,839 [8bfbb087-a02a-4d57-b8a9-f8148fb96c2a-groupManagement] INFO  storage.RaftStorageDirectory (RaftStorageDirectoryImpl.java:analyzeStorage(137)) - The storage directory /home/runner/work/ozone/ozone/hadoop-ozone/integration-test/target/test-dir/MiniOzoneClusterImpl-56d3b7f5-b9ba-49a0-a504-54c96578f2cd/datanode-2/data/ratis/d7a77fc1-28a5-4ff7-9e5d-6af31780527c does not exist. Creating ...
2023-07-12 21:54:16,840 [8bfbb087-a02a-4d57-b8a9-f8148fb96c2a-groupManagement] INFO  storage.RaftStorageDirectory (RaftStorageDirectoryImpl.java:tryLock(231)) - Lock on /home/runner/work/ozone/ozone/hadoop-ozone/integration-test/target/test-dir/MiniOzoneClusterImpl-56d3b7f5-b9ba-49a0-a504-54c96578f2cd/datanode-2/data/ratis/d7a77fc1-28a5-4ff7-9e5d-6af31780527c/in_use.lock acquired by nodename 107600@fv-az670-842
2023-07-12 21:54:16,841 [8bfbb087-a02a-4d57-b8a9-f8148fb96c2a-groupManagement] INFO  storage.RaftStorage (RaftStorageImpl.java:format(96)) - Storage directory /home/runner/work/ozone/ozone/hadoop-ozone/integration-test/target/test-dir/MiniOzoneClusterImpl-56d3b7f5-b9ba-49a0-a504-54c96578f2cd/datanode-2/data/ratis/d7a77fc1-28a5-4ff7-9e5d-6af31780527c has been successfully formatted.
2023-07-12 21:54:16,842 [8bfbb087-a02a-4d57-b8a9-f8148fb96c2a-groupManagement] INFO  ratis.ContainerStateMachine (ContainerStateMachine.java:loadSnapshot(262)) - group-6AF31780527C: The snapshot info is null. Setting the last applied indexto:(t:0, i:~)
2023-07-12 21:54:16,842 [8bfbb087-a02a-4d57-b8a9-f8148fb96c2a-groupManagement] INFO  server.RaftServerConfigKeys (ConfUtils.java:logGet(46)) - raft.server.log.use.memory = false (default)
2023-07-12 21:54:16,842 [8bfbb087-a02a-4d57-b8a9-f8148fb96c2a-groupManagement] INFO  server.RaftServerConfigKeys (ConfUtils.java:logGet(46)) - raft.server.log.purge.gap = 1000000 (custom)
2023-07-12 21:54:16,842 [8bfbb087-a02a-4d57-b8a9-f8148fb96c2a-groupManagement] INFO  server.RaftServerConfigKeys (ConfUtils.java:logGet(46)) - raft.server.log.appender.buffer.byte-limit = 33554432 (custom)
2023-07-12 21:54:16,843 [8bfbb087-a02a-4d57-b8a9-f8148fb96c2a-groupManagement] INFO  server.RaftServerConfigKeys (ConfUtils.java:logGet(46)) - raft.server.log.statemachine.data.read.timeout = 1000ms (default)
2023-07-12 21:54:16,843 [8bfbb087-a02a-4d57-b8a9-f8148fb96c2a-groupManagement] INFO  server.RaftServerConfigKeys (ConfUtils.java:logGet(46)) - raft.server.log.purge.preservation.log.num = 0 (default)
2023-07-12 21:54:16,844 [8bfbb087-a02a-4d57-b8a9-f8148fb96c2a-groupManagement] INFO  server.RaftServerConfigKeys (ConfUtils.java:logGet(46)) - raft.server.log.segment.size.max = 1048576 (custom)
2023-07-12 21:54:16,844 [8bfbb087-a02a-4d57-b8a9-f8148fb96c2a-groupManagement] INFO  server.RaftServerConfigKeys (ConfUtils.java:logGet(46)) - raft.server.log.segment.cache.num.max = 2 (custom)
2023-07-12 21:54:16,845 [8bfbb087-a02a-4d57-b8a9-f8148fb96c2a-groupManagement] INFO  server.RaftServerConfigKeys (ConfUtils.java:logGet(46)) - raft.server.log.segment.cache.size.max = 200MB (=209715200) (default)
2023-07-12 21:54:16,845 [8bfbb087-a02a-4d57-b8a9-f8148fb96c2a-groupManagement] INFO  server.RaftServerConfigKeys (ConfUtils.java:logGet(46)) - raft.server.log.appender.buffer.byte-limit = 33554432 (custom)
2023-07-12 21:54:16,845 [8bfbb087-a02a-4d57-b8a9-f8148fb96c2a-groupManagement] INFO  segmented.SegmentedRaftLogWorker (SegmentedRaftLogWorker.java:<init>(188)) - new 8bfbb087-a02a-4d57-b8a9-f8148fb96c2a@group-6AF31780527C-SegmentedRaftLogWorker for RaftStorageImpl:Storage Directory /home/runner/work/ozone/ozone/hadoop-ozone/integration-test/target/test-dir/MiniOzoneClusterImpl-56d3b7f5-b9ba-49a0-a504-54c96578f2cd/datanode-2/data/ratis/d7a77fc1-28a5-4ff7-9e5d-6af31780527c
2023-07-12 21:54:16,845 [8bfbb087-a02a-4d57-b8a9-f8148fb96c2a-groupManagement] INFO  server.RaftServerConfigKeys (ConfUtils.java:logGet(46)) - raft.server.log.queue.byte-limit = 4294967296 (custom)
2023-07-12 21:54:16,845 [8bfbb087-a02a-4d57-b8a9-f8148fb96c2a-groupManagement] INFO  server.RaftServerConfigKeys (ConfUtils.java:logGet(46)) - raft.server.log.queue.element-limit = 1024 (custom)
2023-07-12 21:54:16,846 [8bfbb087-a02a-4d57-b8a9-f8148fb96c2a-groupManagement] INFO  server.RaftServerConfigKeys (ConfUtils.java:logGet(46)) - raft.server.log.segment.size.max = 1048576 (custom)
2023-07-12 21:54:16,846 [8bfbb087-a02a-4d57-b8a9-f8148fb96c2a-groupManagement] INFO  server.RaftServerConfigKeys (ConfUtils.java:logGet(46)) - raft.server.log.preallocated.size = 16384 (custom)
2023-07-12 21:54:16,846 [8bfbb087-a02a-4d57-b8a9-f8148fb96c2a-groupManagement] INFO  server.RaftServerConfigKeys (ConfUtils.java:logGet(46)) - raft.server.log.force.sync.num = 128 (default)
2023-07-12 21:54:16,846 [8bfbb087-a02a-4d57-b8a9-f8148fb96c2a-groupManagement] INFO  server.RaftServerConfigKeys (ConfUtils.java:logGet(46)) - raft.server.log.statemachine.data.sync = true (default)
2023-07-12 21:54:16,846 [8bfbb087-a02a-4d57-b8a9-f8148fb96c2a-groupManagement] INFO  server.RaftServerConfigKeys (ConfUtils.java:logGet(46)) - raft.server.log.statemachine.data.sync.timeout = 10s (default)
2023-07-12 21:54:16,846 [8bfbb087-a02a-4d57-b8a9-f8148fb96c2a-groupManagement] INFO  server.RaftServerConfigKeys (ConfUtils.java:logGet(46)) - raft.server.log.statemachine.data.sync.timeout.retry = -1 (default)
2023-07-12 21:54:16,846 [8bfbb087-a02a-4d57-b8a9-f8148fb96c2a-groupManagement] INFO  server.RaftServerConfigKeys (ConfUtils.java:logGet(46)) - raft.server.log.write.buffer.size = 1048576 (custom)
2023-07-12 21:54:16,846 [8bfbb087-a02a-4d57-b8a9-f8148fb96c2a-groupManagement] INFO  server.RaftServerConfigKeys (ConfUtils.java:logGet(46)) - raft.server.log.appender.buffer.byte-limit = 33554432 (custom)
2023-07-12 21:54:16,849 [8bfbb087-a02a-4d57-b8a9-f8148fb96c2a-groupManagement] INFO  server.RaftServerConfigKeys (ConfUtils.java:logGet(46)) - raft.server.log.unsafe-flush.enabled = false (default)
2023-07-12 21:54:16,849 [8bfbb087-a02a-4d57-b8a9-f8148fb96c2a-groupManagement] INFO  server.RaftServerConfigKeys (ConfUtils.java:logGet(46)) - raft.server.log.async-flush.enabled = false (default)
2023-07-12 21:54:16,849 [8bfbb087-a02a-4d57-b8a9-f8148fb96c2a-groupManagement] INFO  server.RaftServerConfigKeys (ConfUtils.java:logGet(46)) - raft.server.log.statemachine.data.caching.enabled = true (custom)
2023-07-12 21:54:16,850 [8bfbb087-a02a-4d57-b8a9-f8148fb96c2a-groupManagement] INFO  segmented.SegmentedRaftLogWorker (SegmentedRaftLogWorker.java:lambda$new$0(135)) - 8bfbb087-a02a-4d57-b8a9-f8148fb96c2a@group-6AF31780527C-SegmentedRaftLogWorker: flushIndex: setUnconditionally 0 -> -1
2023-07-12 21:54:16,850 [8bfbb087-a02a-4d57-b8a9-f8148fb96c2a-groupManagement] INFO  segmented.SegmentedRaftLogWorker (SegmentedRaftLogWorker.java:lambda$new$0(135)) - 8bfbb087-a02a-4d57-b8a9-f8148fb96c2a@group-6AF31780527C-SegmentedRaftLogWorker: safeCacheEvictIndex: setUnconditionally 0 -> -1
2023-07-12 21:54:16,850 [8bfbb087-a02a-4d57-b8a9-f8148fb96c2a-groupManagement] INFO  server.RaftServer$Division (RaftServerImpl.java:start(342)) - 8bfbb087-a02a-4d57-b8a9-f8148fb96c2a@group-6AF31780527C: start as a follower, conf=-1: peers:[42b4a456-befe-4bab-a9c2-24b02b86258a|rpc:10.1.0.20:15058|admin:10.1.0.20:15057|client:10.1.0.20:15056|dataStream:10.1.0.20:15059|priority:0|startupRole:FOLLOWER, 8bfbb087-a02a-4d57-b8a9-f8148fb96c2a|rpc:10.1.0.20:15067|admin:10.1.0.20:15066|client:10.1.0.20:15065|dataStream:10.1.0.20:15068|priority:0|startupRole:FOLLOWER, fe338567-e8a2-46f7-b85c-9d0af5bd64ed|rpc:10.1.0.20:15049|admin:10.1.0.20:15048|client:10.1.0.20:15047|dataStream:10.1.0.20:15050|priority:1|startupRole:FOLLOWER]|listeners:[], old=null
2023-07-12 21:54:16,850 [8bfbb087-a02a-4d57-b8a9-f8148fb96c2a-groupManagement] INFO  server.RaftServer$Division (RaftServerImpl.java:setRole(329)) - 8bfbb087-a02a-4d57-b8a9-f8148fb96c2a@group-6AF31780527C: changes role from      null to FOLLOWER at term 0 for startAsFollower
2023-07-12 21:54:16,850 [8bfbb087-a02a-4d57-b8a9-f8148fb96c2a-groupManagement] INFO  impl.RoleInfo (RoleInfo.java:updateAndGet(139)) - 8bfbb087-a02a-4d57-b8a9-f8148fb96c2a: start 8bfbb087-a02a-4d57-b8a9-f8148fb96c2a@group-6AF31780527C-FollowerState
2023-07-12 21:54:16,850 [8bfbb087-a02a-4d57-b8a9-f8148fb96c2a-groupManagement] INFO  util.JmxRegister (JmxRegister.java:tryRegister(44)) - Successfully registered JMX Bean with object name Ratis:service=RaftServer,group=group-6AF31780527C,id=8bfbb087-a02a-4d57-b8a9-f8148fb96c2a
2023-07-12 21:54:16,850 [8bfbb087-a02a-4d57-b8a9-f8148fb96c2a@group-6AF31780527C-FollowerState] INFO  server.RaftServerConfigKeys (ConfUtils.java:logFallback(53)) - raft.server.rpc.first-election.timeout.min = 5s (fallback to raft.server.rpc.timeout.min)
2023-07-12 21:54:16,850 [8bfbb087-a02a-4d57-b8a9-f8148fb96c2a-groupManagement] INFO  server.RaftServerConfigKeys (ConfUtils.java:logGet(46)) - raft.server.snapshot.auto.trigger.enabled = true (custom)
2023-07-12 21:54:16,851 [8bfbb087-a02a-4d57-b8a9-f8148fb96c2a@group-6AF31780527C-FollowerState] INFO  server.RaftServerConfigKeys (ConfUtils.java:logFallback(53)) - raft.server.rpc.first-election.timeout.max = 5200ms (fallback to raft.server.rpc.timeout.max)
2023-07-12 21:54:16,851 [8bfbb087-a02a-4d57-b8a9-f8148fb96c2a-groupManagement] INFO  server.RaftServerConfigKeys (ConfUtils.java:logGet(46)) - raft.server.snapshot.auto.trigger.threshold = 10000 (custom)
2023-07-12 21:54:16,851 [8bfbb087-a02a-4d57-b8a9-f8148fb96c2a-groupManagement] INFO  server.RaftServerConfigKeys (ConfUtils.java:logGet(46)) - raft.server.snapshot.retention.file.num = 5 (custom)
2023-07-12 21:54:16,851 [8bfbb087-a02a-4d57-b8a9-f8148fb96c2a-groupManagement] INFO  server.RaftServerConfigKeys (ConfUtils.java:logGet(46)) - raft.server.log.purge.upto.snapshot.index = false (default)
2023-07-12 21:54:16,869 [grpc-default-executor-0] INFO  server.RaftServer (RaftServerProxy.java:addNew(98)) - 42b4a456-befe-4bab-a9c2-24b02b86258a: addNew group-6AF31780527C:[42b4a456-befe-4bab-a9c2-24b02b86258a|rpc:10.1.0.20:15058|admin:10.1.0.20:15057|client:10.1.0.20:15056|dataStream:10.1.0.20:15059|priority:0|startupRole:FOLLOWER, 8bfbb087-a02a-4d57-b8a9-f8148fb96c2a|rpc:10.1.0.20:15067|admin:10.1.0.20:15066|client:10.1.0.20:15065|dataStream:10.1.0.20:15068|priority:0|startupRole:FOLLOWER, fe338567-e8a2-46f7-b85c-9d0af5bd64ed|rpc:10.1.0.20:15049|admin:10.1.0.20:15048|client:10.1.0.20:15047|dataStream:10.1.0.20:15050|priority:1|startupRole:FOLLOWER] returns group-6AF31780527C:java.util.concurrent.CompletableFuture@6e94437[Not completed]
2023-07-12 21:54:16,872 [42b4a456-befe-4bab-a9c2-24b02b86258a-groupManagement] INFO  server.RaftServer$Division (RaftServerImpl.java:<init>(198)) - 42b4a456-befe-4bab-a9c2-24b02b86258a: new RaftServerImpl for group-6AF31780527C:[42b4a456-befe-4bab-a9c2-24b02b86258a|rpc:10.1.0.20:15058|admin:10.1.0.20:15057|client:10.1.0.20:15056|dataStream:10.1.0.20:15059|priority:0|startupRole:FOLLOWER, 8bfbb087-a02a-4d57-b8a9-f8148fb96c2a|rpc:10.1.0.20:15067|admin:10.1.0.20:15066|client:10.1.0.20:15065|dataStream:10.1.0.20:15068|priority:0|startupRole:FOLLOWER, fe338567-e8a2-46f7-b85c-9d0af5bd64ed|rpc:10.1.0.20:15049|admin:10.1.0.20:15048|client:10.1.0.20:15047|dataStream:10.1.0.20:15050|priority:1|startupRole:FOLLOWER] with ContainerStateMachine:uninitialized
2023-07-12 21:54:16,872 [42b4a456-befe-4bab-a9c2-24b02b86258a-groupManagement] INFO  server.RaftServerConfigKeys (ConfUtils.java:logGet(46)) - raft.server.rpc.timeout.min = 5s (custom)
2023-07-12 21:54:16,872 [42b4a456-befe-4bab-a9c2-24b02b86258a-groupManagement] INFO  server.RaftServerConfigKeys (ConfUtils.java:logGet(46)) - raft.server.rpc.timeout.max = 5200ms (custom)
2023-07-12 21:54:16,872 [42b4a456-befe-4bab-a9c2-24b02b86258a-groupManagement] INFO  server.RaftServerConfigKeys (ConfUtils.java:logGet(46)) - raft.server.rpc.sleep.time = 25ms (default)
2023-07-12 21:54:16,873 [42b4a456-befe-4bab-a9c2-24b02b86258a-groupManagement] INFO  server.RaftServerConfigKeys (ConfUtils.java:logGet(46)) - raft.server.rpc.slowness.timeout = 300s (custom)
2023-07-12 21:54:16,873 [42b4a456-befe-4bab-a9c2-24b02b86258a-groupManagement] INFO  server.RaftServerConfigKeys (ConfUtils.java:logGet(46)) - raft.server.leaderelection.leader.step-down.wait-time = 10s (default)
2023-07-12 21:54:16,873 [42b4a456-befe-4bab-a9c2-24b02b86258a-groupManagement] INFO  server.RaftServerConfigKeys (ConfUtils.java:logGet(46)) - raft.server.sleep.deviation.threshold = 300ms (default)
2023-07-12 21:54:16,873 [42b4a456-befe-4bab-a9c2-24b02b86258a-groupManagement] INFO  server.RaftServer$Division (ServerState.java:<init>(120)) - 42b4a456-befe-4bab-a9c2-24b02b86258a@group-6AF31780527C: ConfigurationManager, init=-1: peers:[42b4a456-befe-4bab-a9c2-24b02b86258a|rpc:10.1.0.20:15058|admin:10.1.0.20:15057|client:10.1.0.20:15056|dataStream:10.1.0.20:15059|priority:0|startupRole:FOLLOWER, 8bfbb087-a02a-4d57-b8a9-f8148fb96c2a|rpc:10.1.0.20:15067|admin:10.1.0.20:15066|client:10.1.0.20:15065|dataStream:10.1.0.20:15068|priority:0|startupRole:FOLLOWER, fe338567-e8a2-46f7-b85c-9d0af5bd64ed|rpc:10.1.0.20:15049|admin:10.1.0.20:15048|client:10.1.0.20:15047|dataStream:10.1.0.20:15050|priority:1|startupRole:FOLLOWER]|listeners:[], old=null, confs=<EMPTY_MAP>
2023-07-12 21:54:16,873 [42b4a456-befe-4bab-a9c2-24b02b86258a-groupManagement] INFO  server.RaftServerConfigKeys (ConfUtils.java:logGet(46)) - raft.server.storage.dir = [/home/runner/work/ozone/ozone/hadoop-ozone/integration-test/target/test-dir/MiniOzoneClusterImpl-56d3b7f5-b9ba-49a0-a504-54c96578f2cd/datanode-1/data/ratis] (custom)
2023-07-12 21:54:16,873 [42b4a456-befe-4bab-a9c2-24b02b86258a-groupManagement] INFO  server.RaftServerConfigKeys (ConfUtils.java:logGet(46)) - raft.server.log.corruption.policy = EXCEPTION (default)
2023-07-12 21:54:16,873 [42b4a456-befe-4bab-a9c2-24b02b86258a-groupManagement] INFO  server.RaftServerConfigKeys (ConfUtils.java:logGet(46)) - raft.server.storage.free-space.min = 0MB (=0) (default)
2023-07-12 21:54:16,873 [42b4a456-befe-4bab-a9c2-24b02b86258a-groupManagement] INFO  server.RaftServerConfigKeys (ConfUtils.java:logGet(46)) - raft.server.notification.no-leader.timeout = 300s (custom)
2023-07-12 21:54:16,873 [42b4a456-befe-4bab-a9c2-24b02b86258a-groupManagement] INFO  server.RaftServerConfigKeys (ConfUtils.java:logGet(46)) - raft.server.read.timeout = 10s (default)
2023-07-12 21:54:16,873 [42b4a456-befe-4bab-a9c2-24b02b86258a-groupManagement] INFO  server.RaftServerConfigKeys (ConfUtils.java:logGet(46)) - raft.server.retrycache.expirytime = 600000ms (custom)
2023-07-12 21:54:16,873 [42b4a456-befe-4bab-a9c2-24b02b86258a-groupManagement] INFO  server.RaftServerConfigKeys (ConfUtils.java:logGet(46)) - raft.server.retrycache.statistics.expirytime = 100μs (default)
2023-07-12 21:54:16,873 [42b4a456-befe-4bab-a9c2-24b02b86258a-groupManagement] INFO  server.RaftServerConfigKeys (ConfUtils.java:logGet(46)) - raft.server.read.option = DEFAULT (default)
2023-07-12 21:54:16,874 [42b4a456-befe-4bab-a9c2-24b02b86258a-groupManagement] INFO  server.RaftServerConfigKeys (ConfUtils.java:logGet(46)) - raft.server.rpc.request.timeout = 60s (custom)
2023-07-12 21:54:16,874 [42b4a456-befe-4bab-a9c2-24b02b86258a-groupManagement] INFO  server.RaftServerConfigKeys (ConfUtils.java:logGet(46)) - raft.server.log.appender.install.snapshot.enabled = false (custom)
2023-07-12 21:54:16,874 [42b4a456-befe-4bab-a9c2-24b02b86258a-groupManagement] INFO  server.RaftServerConfigKeys (ConfUtils.java:logGet(46)) - raft.server.threadpool.server.cached = true (default)
2023-07-12 21:54:16,874 [42b4a456-befe-4bab-a9c2-24b02b86258a-groupManagement] INFO  server.RaftServerConfigKeys (ConfUtils.java:logGet(46)) - raft.server.threadpool.server.size = 0 (default)
2023-07-12 21:54:16,874 [42b4a456-befe-4bab-a9c2-24b02b86258a-groupManagement] INFO  server.RaftServerConfigKeys (ConfUtils.java:logGet(46)) - raft.server.threadpool.client.cached = true (default)
2023-07-12 21:54:16,874 [42b4a456-befe-4bab-a9c2-24b02b86258a-groupManagement] INFO  server.RaftServerConfigKeys (ConfUtils.java:logGet(46)) - raft.server.threadpool.client.size = 0 (default)
2023-07-12 21:54:16,875 [42b4a456-befe-4bab-a9c2-24b02b86258a-groupManagement] INFO  storage.RaftStorageDirectory (RaftStorageDirectoryImpl.java:analyzeStorage(137)) - The storage directory /home/runner/work/ozone/ozone/hadoop-ozone/integration-test/target/test-dir/MiniOzoneClusterImpl-56d3b7f5-b9ba-49a0-a504-54c96578f2cd/datanode-1/data/ratis/d7a77fc1-28a5-4ff7-9e5d-6af31780527c does not exist. Creating ...
2023-07-12 21:54:16,876 [42b4a456-befe-4bab-a9c2-24b02b86258a-groupManagement] INFO  storage.RaftStorageDirectory (RaftStorageDirectoryImpl.java:tryLock(231)) - Lock on /home/runner/work/ozone/ozone/hadoop-ozone/integration-test/target/test-dir/MiniOzoneClusterImpl-56d3b7f5-b9ba-49a0-a504-54c96578f2cd/datanode-1/data/ratis/d7a77fc1-28a5-4ff7-9e5d-6af31780527c/in_use.lock acquired by nodename 107600@fv-az670-842
2023-07-12 21:54:16,877 [42b4a456-befe-4bab-a9c2-24b02b86258a-groupManagement] INFO  storage.RaftStorage (RaftStorageImpl.java:format(96)) - Storage directory /home/runner/work/ozone/ozone/hadoop-ozone/integration-test/target/test-dir/MiniOzoneClusterImpl-56d3b7f5-b9ba-49a0-a504-54c96578f2cd/datanode-1/data/ratis/d7a77fc1-28a5-4ff7-9e5d-6af31780527c has been successfully formatted.
2023-07-12 21:54:16,878 [42b4a456-befe-4bab-a9c2-24b02b86258a-groupManagement] INFO  ratis.ContainerStateMachine (ContainerStateMachine.java:loadSnapshot(262)) - group-6AF31780527C: The snapshot info is null. Setting the last applied indexto:(t:0, i:~)
2023-07-12 21:54:16,879 [42b4a456-befe-4bab-a9c2-24b02b86258a-groupManagement] INFO  server.RaftServerConfigKeys (ConfUtils.java:logGet(46)) - raft.server.log.use.memory = false (default)
2023-07-12 21:54:16,879 [42b4a456-befe-4bab-a9c2-24b02b86258a-groupManagement] INFO  server.RaftServerConfigKeys (ConfUtils.java:logGet(46)) - raft.server.log.purge.gap = 1000000 (custom)
2023-07-12 21:54:16,879 [42b4a456-befe-4bab-a9c2-24b02b86258a-groupManagement] INFO  server.RaftServerConfigKeys (ConfUtils.java:logGet(46)) - raft.server.log.appender.buffer.byte-limit = 33554432 (custom)
2023-07-12 21:54:16,879 [42b4a456-befe-4bab-a9c2-24b02b86258a-groupManagement] INFO  server.RaftServerConfigKeys (ConfUtils.java:logGet(46)) - raft.server.log.statemachine.data.read.timeout = 1000ms (default)
2023-07-12 21:54:16,879 [42b4a456-befe-4bab-a9c2-24b02b86258a-groupManagement] INFO  server.RaftServerConfigKeys (ConfUtils.java:logGet(46)) - raft.server.log.purge.preservation.log.num = 0 (default)
2023-07-12 21:54:16,880 [42b4a456-befe-4bab-a9c2-24b02b86258a-groupManagement] INFO  server.RaftServerConfigKeys (ConfUtils.java:logGet(46)) - raft.server.log.segment.size.max = 1048576 (custom)
2023-07-12 21:54:16,880 [42b4a456-befe-4bab-a9c2-24b02b86258a-groupManagement] INFO  server.RaftServerConfigKeys (ConfUtils.java:logGet(46)) - raft.server.log.segment.cache.num.max = 2 (custom)
2023-07-12 21:54:16,880 [42b4a456-befe-4bab-a9c2-24b02b86258a-groupManagement] INFO  server.RaftServerConfigKeys (ConfUtils.java:logGet(46)) - raft.server.log.segment.cache.size.max = 200MB (=209715200) (default)
2023-07-12 21:54:16,880 [42b4a456-befe-4bab-a9c2-24b02b86258a-groupManagement] INFO  server.RaftServerConfigKeys (ConfUtils.java:logGet(46)) - raft.server.log.appender.buffer.byte-limit = 33554432 (custom)
2023-07-12 21:54:16,880 [42b4a456-befe-4bab-a9c2-24b02b86258a-groupManagement] INFO  segmented.SegmentedRaftLogWorker (SegmentedRaftLogWorker.java:<init>(188)) - new 42b4a456-befe-4bab-a9c2-24b02b86258a@group-6AF31780527C-SegmentedRaftLogWorker for RaftStorageImpl:Storage Directory /home/runner/work/ozone/ozone/hadoop-ozone/integration-test/target/test-dir/MiniOzoneClusterImpl-56d3b7f5-b9ba-49a0-a504-54c96578f2cd/datanode-1/data/ratis/d7a77fc1-28a5-4ff7-9e5d-6af31780527c
2023-07-12 21:54:16,880 [42b4a456-befe-4bab-a9c2-24b02b86258a-groupManagement] INFO  server.RaftServerConfigKeys (ConfUtils.java:logGet(46)) - raft.server.log.queue.byte-limit = 4294967296 (custom)
2023-07-12 21:54:16,880 [42b4a456-befe-4bab-a9c2-24b02b86258a-groupManagement] INFO  server.RaftServerConfigKeys (ConfUtils.java:logGet(46)) - raft.server.log.queue.element-limit = 1024 (custom)
2023-07-12 21:54:16,880 [42b4a456-befe-4bab-a9c2-24b02b86258a-groupManagement] INFO  server.RaftServerConfigKeys (ConfUtils.java:logGet(46)) - raft.server.log.segment.size.max = 1048576 (custom)
2023-07-12 21:54:16,880 [42b4a456-befe-4bab-a9c2-24b02b86258a-groupManagement] INFO  server.RaftServerConfigKeys (ConfUtils.java:logGet(46)) - raft.server.log.preallocated.size = 16384 (custom)
2023-07-12 21:54:16,880 [42b4a456-befe-4bab-a9c2-24b02b86258a-groupManagement] INFO  server.RaftServerConfigKeys (ConfUtils.java:logGet(46)) - raft.server.log.force.sync.num = 128 (default)
2023-07-12 21:54:16,880 [42b4a456-befe-4bab-a9c2-24b02b86258a-groupManagement] INFO  server.RaftServerConfigKeys (ConfUtils.java:logGet(46)) - raft.server.log.statemachine.data.sync = true (default)
2023-07-12 21:54:16,880 [42b4a456-befe-4bab-a9c2-24b02b86258a-groupManagement] INFO  server.RaftServerConfigKeys (ConfUtils.java:logGet(46)) - raft.server.log.statemachine.data.sync.timeout = 10s (default)
2023-07-12 21:54:16,880 [42b4a456-befe-4bab-a9c2-24b02b86258a-groupManagement] INFO  server.RaftServerConfigKeys (ConfUtils.java:logGet(46)) - raft.server.log.statemachine.data.sync.timeout.retry = -1 (default)
2023-07-12 21:54:16,881 [42b4a456-befe-4bab-a9c2-24b02b86258a-groupManagement] INFO  server.RaftServerConfigKeys (ConfUtils.java:logGet(46)) - raft.server.log.write.buffer.size = 1048576 (custom)
2023-07-12 21:54:16,881 [42b4a456-befe-4bab-a9c2-24b02b86258a-groupManagement] INFO  server.RaftServerConfigKeys (ConfUtils.java:logGet(46)) - raft.server.log.appender.buffer.byte-limit = 33554432 (custom)
2023-07-12 21:54:16,884 [42b4a456-befe-4bab-a9c2-24b02b86258a-groupManagement] INFO  server.RaftServerConfigKeys (ConfUtils.java:logGet(46)) - raft.server.log.unsafe-flush.enabled = false (default)
2023-07-12 21:54:16,884 [42b4a456-befe-4bab-a9c2-24b02b86258a-groupManagement] INFO  server.RaftServerConfigKeys (ConfUtils.java:logGet(46)) - raft.server.log.async-flush.enabled = false (default)
2023-07-12 21:54:16,884 [42b4a456-befe-4bab-a9c2-24b02b86258a-groupManagement] INFO  server.RaftServerConfigKeys (ConfUtils.java:logGet(46)) - raft.server.log.statemachine.data.caching.enabled = true (custom)
2023-07-12 21:54:16,884 [42b4a456-befe-4bab-a9c2-24b02b86258a-groupManagement] INFO  segmented.SegmentedRaftLogWorker (SegmentedRaftLogWorker.java:lambda$new$0(135)) - 42b4a456-befe-4bab-a9c2-24b02b86258a@group-6AF31780527C-SegmentedRaftLogWorker: flushIndex: setUnconditionally 0 -> -1
2023-07-12 21:54:16,884 [42b4a456-befe-4bab-a9c2-24b02b86258a-groupManagement] INFO  segmented.SegmentedRaftLogWorker (SegmentedRaftLogWorker.java:lambda$new$0(135)) - 42b4a456-befe-4bab-a9c2-24b02b86258a@group-6AF31780527C-SegmentedRaftLogWorker: safeCacheEvictIndex: setUnconditionally 0 -> -1
2023-07-12 21:54:16,885 [42b4a456-befe-4bab-a9c2-24b02b86258a-groupManagement] INFO  server.RaftServer$Division (RaftServerImpl.java:start(342)) - 42b4a456-befe-4bab-a9c2-24b02b86258a@group-6AF31780527C: start as a follower, conf=-1: peers:[42b4a456-befe-4bab-a9c2-24b02b86258a|rpc:10.1.0.20:15058|admin:10.1.0.20:15057|client:10.1.0.20:15056|dataStream:10.1.0.20:15059|priority:0|startupRole:FOLLOWER, 8bfbb087-a02a-4d57-b8a9-f8148fb96c2a|rpc:10.1.0.20:15067|admin:10.1.0.20:15066|client:10.1.0.20:15065|dataStream:10.1.0.20:15068|priority:0|startupRole:FOLLOWER, fe338567-e8a2-46f7-b85c-9d0af5bd64ed|rpc:10.1.0.20:15049|admin:10.1.0.20:15048|client:10.1.0.20:15047|dataStream:10.1.0.20:15050|priority:1|startupRole:FOLLOWER]|listeners:[], old=null
2023-07-12 21:54:16,885 [42b4a456-befe-4bab-a9c2-24b02b86258a-groupManagement] INFO  server.RaftServer$Division (RaftServerImpl.java:setRole(329)) - 42b4a456-befe-4bab-a9c2-24b02b86258a@group-6AF31780527C: changes role from      null to FOLLOWER at term 0 for startAsFollower
2023-07-12 21:54:16,885 [42b4a456-befe-4bab-a9c2-24b02b86258a-groupManagement] INFO  impl.RoleInfo (RoleInfo.java:updateAndGet(139)) - 42b4a456-befe-4bab-a9c2-24b02b86258a: start 42b4a456-befe-4bab-a9c2-24b02b86258a@group-6AF31780527C-FollowerState
2023-07-12 21:54:16,885 [42b4a456-befe-4bab-a9c2-24b02b86258a-groupManagement] INFO  util.JmxRegister (JmxRegister.java:tryRegister(44)) - Successfully registered JMX Bean with object name Ratis:service=RaftServer,group=group-6AF31780527C,id=42b4a456-befe-4bab-a9c2-24b02b86258a
2023-07-12 21:54:16,885 [42b4a456-befe-4bab-a9c2-24b02b86258a-groupManagement] INFO  server.RaftServerConfigKeys (ConfUtils.java:logGet(46)) - raft.server.snapshot.auto.trigger.enabled = true (custom)
2023-07-12 21:54:16,885 [42b4a456-befe-4bab-a9c2-24b02b86258a-groupManagement] INFO  server.RaftServerConfigKeys (ConfUtils.java:logGet(46)) - raft.server.snapshot.auto.trigger.threshold = 10000 (custom)
2023-07-12 21:54:16,885 [42b4a456-befe-4bab-a9c2-24b02b86258a-groupManagement] INFO  server.RaftServerConfigKeys (ConfUtils.java:logGet(46)) - raft.server.snapshot.retention.file.num = 5 (custom)
2023-07-12 21:54:16,885 [42b4a456-befe-4bab-a9c2-24b02b86258a-groupManagement] INFO  server.RaftServerConfigKeys (ConfUtils.java:logGet(46)) - raft.server.log.purge.upto.snapshot.index = false (default)
2023-07-12 21:54:16,887 [42b4a456-befe-4bab-a9c2-24b02b86258a@group-6AF31780527C-FollowerState] INFO  server.RaftServerConfigKeys (ConfUtils.java:logFallback(53)) - raft.server.rpc.first-election.timeout.min = 5s (fallback to raft.server.rpc.timeout.min)
2023-07-12 21:54:16,889 [42b4a456-befe-4bab-a9c2-24b02b86258a@group-6AF31780527C-FollowerState] INFO  server.RaftServerConfigKeys (ConfUtils.java:logFallback(53)) - raft.server.rpc.first-election.timeout.max = 5200ms (fallback to raft.server.rpc.timeout.max)
2023-07-12 21:54:16,894 [PipelineCommandHandlerThread-0] INFO  commandhandler.CreatePipelineCommandHandler (CreatePipelineCommandHandler.java:lambda$handle$2(124)) - Created Pipeline RATIS THREE PipelineID=d7a77fc1-28a5-4ff7-9e5d-6af31780527c.
2023-07-12 21:54:16,894 [PipelineCommandHandlerThread-0] INFO  server.RaftServer (RaftServerProxy.java:addNew(98)) - fe338567-e8a2-46f7-b85c-9d0af5bd64ed: addNew group-4B50744322CC:[42b4a456-befe-4bab-a9c2-24b02b86258a|rpc:10.1.0.20:15058|admin:10.1.0.20:15057|client:10.1.0.20:15056|dataStream:10.1.0.20:15059|priority:1|startupRole:FOLLOWER, 8bfbb087-a02a-4d57-b8a9-f8148fb96c2a|rpc:10.1.0.20:15067|admin:10.1.0.20:15066|client:10.1.0.20:15065|dataStream:10.1.0.20:15068|priority:0|startupRole:FOLLOWER, fe338567-e8a2-46f7-b85c-9d0af5bd64ed|rpc:10.1.0.20:15049|admin:10.1.0.20:15048|client:10.1.0.20:15047|dataStream:10.1.0.20:15050|priority:0|startupRole:FOLLOWER] returns group-4B50744322CC:java.util.concurrent.CompletableFuture@3d20dd22[Not completed]
2023-07-12 21:54:16,895 [fe338567-e8a2-46f7-b85c-9d0af5bd64ed-groupManagement] INFO  server.RaftServer$Division (RaftServerImpl.java:<init>(198)) - fe338567-e8a2-46f7-b85c-9d0af5bd64ed: new RaftServerImpl for group-4B50744322CC:[42b4a456-befe-4bab-a9c2-24b02b86258a|rpc:10.1.0.20:15058|admin:10.1.0.20:15057|client:10.1.0.20:15056|dataStream:10.1.0.20:15059|priority:1|startupRole:FOLLOWER, 8bfbb087-a02a-4d57-b8a9-f8148fb96c2a|rpc:10.1.0.20:15067|admin:10.1.0.20:15066|client:10.1.0.20:15065|dataStream:10.1.0.20:15068|priority:0|startupRole:FOLLOWER, fe338567-e8a2-46f7-b85c-9d0af5bd64ed|rpc:10.1.0.20:15049|admin:10.1.0.20:15048|client:10.1.0.20:15047|dataStream:10.1.0.20:15050|priority:0|startupRole:FOLLOWER] with ContainerStateMachine:uninitialized
2023-07-12 21:54:16,895 [fe338567-e8a2-46f7-b85c-9d0af5bd64ed-groupManagement] INFO  server.RaftServerConfigKeys (ConfUtils.java:logGet(46)) - raft.server.rpc.timeout.min = 5s (custom)
2023-07-12 21:54:16,895 [fe338567-e8a2-46f7-b85c-9d0af5bd64ed-groupManagement] INFO  server.RaftServerConfigKeys (ConfUtils.java:logGet(46)) - raft.server.rpc.timeout.max = 5200ms (custom)
2023-07-12 21:54:16,895 [fe338567-e8a2-46f7-b85c-9d0af5bd64ed-groupManagement] INFO  server.RaftServerConfigKeys (ConfUtils.java:logGet(46)) - raft.server.rpc.sleep.time = 25ms (default)
2023-07-12 21:54:16,895 [fe338567-e8a2-46f7-b85c-9d0af5bd64ed-groupManagement] INFO  server.RaftServerConfigKeys (ConfUtils.java:logGet(46)) - raft.server.rpc.slowness.timeout = 300s (custom)
2023-07-12 21:54:16,895 [fe338567-e8a2-46f7-b85c-9d0af5bd64ed-groupManagement] INFO  server.RaftServerConfigKeys (ConfUtils.java:logGet(46)) - raft.server.leaderelection.leader.step-down.wait-time = 10s (default)
2023-07-12 21:54:16,895 [fe338567-e8a2-46f7-b85c-9d0af5bd64ed-groupManagement] INFO  server.RaftServerConfigKeys (ConfUtils.java:logGet(46)) - raft.server.sleep.deviation.threshold = 300ms (default)
2023-07-12 21:54:16,895 [fe338567-e8a2-46f7-b85c-9d0af5bd64ed-groupManagement] INFO  server.RaftServer$Division (ServerState.java:<init>(120)) - fe338567-e8a2-46f7-b85c-9d0af5bd64ed@group-4B50744322CC: ConfigurationManager, init=-1: peers:[42b4a456-befe-4bab-a9c2-24b02b86258a|rpc:10.1.0.20:15058|admin:10.1.0.20:15057|client:10.1.0.20:15056|dataStream:10.1.0.20:15059|priority:1|startupRole:FOLLOWER, 8bfbb087-a02a-4d57-b8a9-f8148fb96c2a|rpc:10.1.0.20:15067|admin:10.1.0.20:15066|client:10.1.0.20:15065|dataStream:10.1.0.20:15068|priority:0|startupRole:FOLLOWER, fe338567-e8a2-46f7-b85c-9d0af5bd64ed|rpc:10.1.0.20:15049|admin:10.1.0.20:15048|client:10.1.0.20:15047|dataStream:10.1.0.20:15050|priority:0|startupRole:FOLLOWER]|listeners:[], old=null, confs=<EMPTY_MAP>
2023-07-12 21:54:16,896 [fe338567-e8a2-46f7-b85c-9d0af5bd64ed-groupManagement] INFO  server.RaftServerConfigKeys (ConfUtils.java:logGet(46)) - raft.server.storage.dir = [/home/runner/work/ozone/ozone/hadoop-ozone/integration-test/target/test-dir/MiniOzoneClusterImpl-56d3b7f5-b9ba-49a0-a504-54c96578f2cd/datanode-0/data/ratis] (custom)
2023-07-12 21:54:16,896 [fe338567-e8a2-46f7-b85c-9d0af5bd64ed-groupManagement] INFO  server.RaftServerConfigKeys (ConfUtils.java:logGet(46)) - raft.server.log.corruption.policy = EXCEPTION (default)
2023-07-12 21:54:16,896 [fe338567-e8a2-46f7-b85c-9d0af5bd64ed-groupManagement] INFO  server.RaftServerConfigKeys (ConfUtils.java:logGet(46)) - raft.server.storage.free-space.min = 0MB (=0) (default)
2023-07-12 21:54:16,896 [fe338567-e8a2-46f7-b85c-9d0af5bd64ed-groupManagement] INFO  server.RaftServerConfigKeys (ConfUtils.java:logGet(46)) - raft.server.notification.no-leader.timeout = 300s (custom)
2023-07-12 21:54:16,896 [fe338567-e8a2-46f7-b85c-9d0af5bd64ed-groupManagement] INFO  server.RaftServerConfigKeys (ConfUtils.java:logGet(46)) - raft.server.read.timeout = 10s (default)
2023-07-12 21:54:16,896 [fe338567-e8a2-46f7-b85c-9d0af5bd64ed-groupManagement] INFO  server.RaftServerConfigKeys (ConfUtils.java:logGet(46)) - raft.server.retrycache.expirytime = 600000ms (custom)
2023-07-12 21:54:16,896 [fe338567-e8a2-46f7-b85c-9d0af5bd64ed-groupManagement] INFO  server.RaftServerConfigKeys (ConfUtils.java:logGet(46)) - raft.server.retrycache.statistics.expirytime = 100μs (default)
2023-07-12 21:54:16,896 [fe338567-e8a2-46f7-b85c-9d0af5bd64ed-groupManagement] INFO  server.RaftServerConfigKeys (ConfUtils.java:logGet(46)) - raft.server.read.option = DEFAULT (default)
2023-07-12 21:54:16,897 [fe338567-e8a2-46f7-b85c-9d0af5bd64ed-groupManagement] INFO  server.RaftServerConfigKeys (ConfUtils.java:logGet(46)) - raft.server.rpc.request.timeout = 60s (custom)
2023-07-12 21:54:16,897 [fe338567-e8a2-46f7-b85c-9d0af5bd64ed-groupManagement] INFO  server.RaftServerConfigKeys (ConfUtils.java:logGet(46)) - raft.server.log.appender.install.snapshot.enabled = false (custom)
2023-07-12 21:54:16,897 [fe338567-e8a2-46f7-b85c-9d0af5bd64ed-groupManagement] INFO  server.RaftServerConfigKeys (ConfUtils.java:logGet(46)) - raft.server.threadpool.server.cached = true (default)
2023-07-12 21:54:16,897 [fe338567-e8a2-46f7-b85c-9d0af5bd64ed-groupManagement] INFO  server.RaftServerConfigKeys (ConfUtils.java:logGet(46)) - raft.server.threadpool.server.size = 0 (default)
2023-07-12 21:54:16,897 [fe338567-e8a2-46f7-b85c-9d0af5bd64ed-groupManagement] INFO  server.RaftServerConfigKeys (ConfUtils.java:logGet(46)) - raft.server.threadpool.client.cached = true (default)
2023-07-12 21:54:16,897 [fe338567-e8a2-46f7-b85c-9d0af5bd64ed-groupManagement] INFO  server.RaftServerConfigKeys (ConfUtils.java:logGet(46)) - raft.server.threadpool.client.size = 0 (default)
2023-07-12 21:54:16,897 [fe338567-e8a2-46f7-b85c-9d0af5bd64ed-groupManagement] INFO  storage.RaftStorageDirectory (RaftStorageDirectoryImpl.java:analyzeStorage(137)) - The storage directory /home/runner/work/ozone/ozone/hadoop-ozone/integration-test/target/test-dir/MiniOzoneClusterImpl-56d3b7f5-b9ba-49a0-a504-54c96578f2cd/datanode-0/data/ratis/2840e35d-b6e7-49c8-aea9-4b50744322cc does not exist. Creating ...
2023-07-12 21:54:16,899 [fe338567-e8a2-46f7-b85c-9d0af5bd64ed-groupManagement] INFO  storage.RaftStorageDirectory (RaftStorageDirectoryImpl.java:tryLock(231)) - Lock on /home/runner/work/ozone/ozone/hadoop-ozone/integration-test/target/test-dir/MiniOzoneClusterImpl-56d3b7f5-b9ba-49a0-a504-54c96578f2cd/datanode-0/data/ratis/2840e35d-b6e7-49c8-aea9-4b50744322cc/in_use.lock acquired by nodename 107600@fv-az670-842
2023-07-12 21:54:16,901 [fe338567-e8a2-46f7-b85c-9d0af5bd64ed-groupManagement] INFO  storage.RaftStorage (RaftStorageImpl.java:format(96)) - Storage directory /home/runner/work/ozone/ozone/hadoop-ozone/integration-test/target/test-dir/MiniOzoneClusterImpl-56d3b7f5-b9ba-49a0-a504-54c96578f2cd/datanode-0/data/ratis/2840e35d-b6e7-49c8-aea9-4b50744322cc has been successfully formatted.
2023-07-12 21:54:16,901 [fe338567-e8a2-46f7-b85c-9d0af5bd64ed-groupManagement] INFO  ratis.ContainerStateMachine (ContainerStateMachine.java:loadSnapshot(262)) - group-4B50744322CC: The snapshot info is null. Setting the last applied indexto:(t:0, i:~)
2023-07-12 21:54:16,901 [fe338567-e8a2-46f7-b85c-9d0af5bd64ed-groupManagement] INFO  server.RaftServerConfigKeys (ConfUtils.java:logGet(46)) - raft.server.log.use.memory = false (default)
2023-07-12 21:54:16,903 [fe338567-e8a2-46f7-b85c-9d0af5bd64ed-groupManagement] INFO  server.RaftServerConfigKeys (ConfUtils.java:logGet(46)) - raft.server.log.purge.gap = 1000000 (custom)
2023-07-12 21:54:16,903 [fe338567-e8a2-46f7-b85c-9d0af5bd64ed-groupManagement] INFO  server.RaftServerConfigKeys (ConfUtils.java:logGet(46)) - raft.server.log.appender.buffer.byte-limit = 33554432 (custom)
2023-07-12 21:54:16,903 [fe338567-e8a2-46f7-b85c-9d0af5bd64ed-groupManagement] INFO  server.RaftServerConfigKeys (ConfUtils.java:logGet(46)) - raft.server.log.statemachine.data.read.timeout = 1000ms (default)
2023-07-12 21:54:16,903 [fe338567-e8a2-46f7-b85c-9d0af5bd64ed-groupManagement] INFO  server.RaftServerConfigKeys (ConfUtils.java:logGet(46)) - raft.server.log.purge.preservation.log.num = 0 (default)
2023-07-12 21:54:16,903 [fe338567-e8a2-46f7-b85c-9d0af5bd64ed-groupManagement] INFO  server.RaftServerConfigKeys (ConfUtils.java:logGet(46)) - raft.server.log.segment.size.max = 1048576 (custom)
2023-07-12 21:54:16,903 [fe338567-e8a2-46f7-b85c-9d0af5bd64ed-groupManagement] INFO  server.RaftServerConfigKeys (ConfUtils.java:logGet(46)) - raft.server.log.segment.cache.num.max = 2 (custom)
2023-07-12 21:54:16,903 [fe338567-e8a2-46f7-b85c-9d0af5bd64ed-groupManagement] INFO  server.RaftServerConfigKeys (ConfUtils.java:logGet(46)) - raft.server.log.segment.cache.size.max = 200MB (=209715200) (default)
2023-07-12 21:54:16,903 [fe338567-e8a2-46f7-b85c-9d0af5bd64ed-groupManagement] INFO  server.RaftServerConfigKeys (ConfUtils.java:logGet(46)) - raft.server.log.appender.buffer.byte-limit = 33554432 (custom)
2023-07-12 21:54:16,903 [fe338567-e8a2-46f7-b85c-9d0af5bd64ed-groupManagement] INFO  segmented.SegmentedRaftLogWorker (SegmentedRaftLogWorker.java:<init>(188)) - new fe338567-e8a2-46f7-b85c-9d0af5bd64ed@group-4B50744322CC-SegmentedRaftLogWorker for RaftStorageImpl:Storage Directory /home/runner/work/ozone/ozone/hadoop-ozone/integration-test/target/test-dir/MiniOzoneClusterImpl-56d3b7f5-b9ba-49a0-a504-54c96578f2cd/datanode-0/data/ratis/2840e35d-b6e7-49c8-aea9-4b50744322cc
2023-07-12 21:54:16,903 [fe338567-e8a2-46f7-b85c-9d0af5bd64ed-groupManagement] INFO  server.RaftServerConfigKeys (ConfUtils.java:logGet(46)) - raft.server.log.queue.byte-limit = 4294967296 (custom)
2023-07-12 21:54:16,903 [fe338567-e8a2-46f7-b85c-9d0af5bd64ed-groupManagement] INFO  server.RaftServerConfigKeys (ConfUtils.java:logGet(46)) - raft.server.log.queue.element-limit = 1024 (custom)
2023-07-12 21:54:16,904 [fe338567-e8a2-46f7-b85c-9d0af5bd64ed-groupManagement] INFO  server.RaftServerConfigKeys (ConfUtils.java:logGet(46)) - raft.server.log.segment.size.max = 1048576 (custom)
2023-07-12 21:54:16,904 [fe338567-e8a2-46f7-b85c-9d0af5bd64ed-groupManagement] INFO  server.RaftServerConfigKeys (ConfUtils.java:logGet(46)) - raft.server.log.preallocated.size = 16384 (custom)
2023-07-12 21:54:16,904 [fe338567-e8a2-46f7-b85c-9d0af5bd64ed-groupManagement] INFO  server.RaftServerConfigKeys (ConfUtils.java:logGet(46)) - raft.server.log.force.sync.num = 128 (default)
2023-07-12 21:54:16,904 [fe338567-e8a2-46f7-b85c-9d0af5bd64ed-groupManagement] INFO  server.RaftServerConfigKeys (ConfUtils.java:logGet(46)) - raft.server.log.statemachine.data.sync = true (default)
2023-07-12 21:54:16,904 [fe338567-e8a2-46f7-b85c-9d0af5bd64ed-groupManagement] INFO  server.RaftServerConfigKeys (ConfUtils.java:logGet(46)) - raft.server.log.statemachine.data.sync.timeout = 10s (default)
2023-07-12 21:54:16,904 [fe338567-e8a2-46f7-b85c-9d0af5bd64ed-groupManagement] INFO  server.RaftServerConfigKeys (ConfUtils.java:logGet(46)) - raft.server.log.statemachine.data.sync.timeout.retry = -1 (default)
2023-07-12 21:54:16,904 [EventQueue-OpenPipelineForHealthyPipelineSafeModeRule] INFO  safemode.SCMSafeModeManager (HealthyPipelineSafeModeRule.java:process(137)) - SCM in safe mode. Healthy pipelines reported count is 0, required healthy pipeline reported count is 1
2023-07-12 21:54:16,905 [fe338567-e8a2-46f7-b85c-9d0af5bd64ed-groupManagement] INFO  server.RaftServerConfigKeys (ConfUtils.java:logGet(46)) - raft.server.log.write.buffer.size = 1048576 (custom)
2023-07-12 21:54:16,905 [fe338567-e8a2-46f7-b85c-9d0af5bd64ed-groupManagement] INFO  server.RaftServerConfigKeys (ConfUtils.java:logGet(46)) - raft.server.log.appender.buffer.byte-limit = 33554432 (custom)
2023-07-12 21:54:16,908 [fe338567-e8a2-46f7-b85c-9d0af5bd64ed-groupManagement] INFO  server.RaftServerConfigKeys (ConfUtils.java:logGet(46)) - raft.server.log.unsafe-flush.enabled = false (default)
2023-07-12 21:54:16,908 [fe338567-e8a2-46f7-b85c-9d0af5bd64ed-groupManagement] INFO  server.RaftServerConfigKeys (ConfUtils.java:logGet(46)) - raft.server.log.async-flush.enabled = false (default)
2023-07-12 21:54:16,908 [fe338567-e8a2-46f7-b85c-9d0af5bd64ed-groupManagement] INFO  server.RaftServerConfigKeys (ConfUtils.java:logGet(46)) - raft.server.log.statemachine.data.caching.enabled = true (custom)
2023-07-12 21:54:16,908 [fe338567-e8a2-46f7-b85c-9d0af5bd64ed-groupManagement] INFO  segmented.SegmentedRaftLogWorker (SegmentedRaftLogWorker.java:lambda$new$0(135)) - fe338567-e8a2-46f7-b85c-9d0af5bd64ed@group-4B50744322CC-SegmentedRaftLogWorker: flushIndex: setUnconditionally 0 -> -1
2023-07-12 21:54:16,908 [fe338567-e8a2-46f7-b85c-9d0af5bd64ed-groupManagement] INFO  segmented.SegmentedRaftLogWorker (SegmentedRaftLogWorker.java:lambda$new$0(135)) - fe338567-e8a2-46f7-b85c-9d0af5bd64ed@group-4B50744322CC-SegmentedRaftLogWorker: safeCacheEvictIndex: setUnconditionally 0 -> -1
2023-07-12 21:54:16,908 [fe338567-e8a2-46f7-b85c-9d0af5bd64ed-groupManagement] INFO  server.RaftServer$Division (RaftServerImpl.java:start(342)) - fe338567-e8a2-46f7-b85c-9d0af5bd64ed@group-4B50744322CC: start as a follower, conf=-1: peers:[42b4a456-befe-4bab-a9c2-24b02b86258a|rpc:10.1.0.20:15058|admin:10.1.0.20:15057|client:10.1.0.20:15056|dataStream:10.1.0.20:15059|priority:1|startupRole:FOLLOWER, 8bfbb087-a02a-4d57-b8a9-f8148fb96c2a|rpc:10.1.0.20:15067|admin:10.1.0.20:15066|client:10.1.0.20:15065|dataStream:10.1.0.20:15068|priority:0|startupRole:FOLLOWER, fe338567-e8a2-46f7-b85c-9d0af5bd64ed|rpc:10.1.0.20:15049|admin:10.1.0.20:15048|client:10.1.0.20:15047|dataStream:10.1.0.20:15050|priority:0|startupRole:FOLLOWER]|listeners:[], old=null
2023-07-12 21:54:16,908 [fe338567-e8a2-46f7-b85c-9d0af5bd64ed-groupManagement] INFO  server.RaftServer$Division (RaftServerImpl.java:setRole(329)) - fe338567-e8a2-46f7-b85c-9d0af5bd64ed@group-4B50744322CC: changes role from      null to FOLLOWER at term 0 for startAsFollower
2023-07-12 21:54:16,908 [fe338567-e8a2-46f7-b85c-9d0af5bd64ed-groupManagement] INFO  impl.RoleInfo (RoleInfo.java:updateAndGet(139)) - fe338567-e8a2-46f7-b85c-9d0af5bd64ed: start fe338567-e8a2-46f7-b85c-9d0af5bd64ed@group-4B50744322CC-FollowerState
2023-07-12 21:54:16,909 [fe338567-e8a2-46f7-b85c-9d0af5bd64ed-groupManagement] INFO  util.JmxRegister (JmxRegister.java:tryRegister(44)) - Successfully registered JMX Bean with object name Ratis:service=RaftServer,group=group-4B50744322CC,id=fe338567-e8a2-46f7-b85c-9d0af5bd64ed
2023-07-12 21:54:16,909 [fe338567-e8a2-46f7-b85c-9d0af5bd64ed-groupManagement] INFO  server.RaftServerConfigKeys (ConfUtils.java:logGet(46)) - raft.server.snapshot.auto.trigger.enabled = true (custom)
2023-07-12 21:54:16,909 [fe338567-e8a2-46f7-b85c-9d0af5bd64ed-groupManagement] INFO  server.RaftServerConfigKeys (ConfUtils.java:logGet(46)) - raft.server.snapshot.auto.trigger.threshold = 10000 (custom)
2023-07-12 21:54:16,909 [fe338567-e8a2-46f7-b85c-9d0af5bd64ed-groupManagement] INFO  server.RaftServerConfigKeys (ConfUtils.java:logGet(46)) - raft.server.snapshot.retention.file.num = 5 (custom)
2023-07-12 21:54:16,909 [fe338567-e8a2-46f7-b85c-9d0af5bd64ed-groupManagement] INFO  server.RaftServerConfigKeys (ConfUtils.java:logGet(46)) - raft.server.log.purge.upto.snapshot.index = false (default)
2023-07-12 21:54:16,909 [fe338567-e8a2-46f7-b85c-9d0af5bd64ed@group-4B50744322CC-FollowerState] INFO  server.RaftServerConfigKeys (ConfUtils.java:logFallback(53)) - raft.server.rpc.first-election.timeout.min = 5s (fallback to raft.server.rpc.timeout.min)
2023-07-12 21:54:16,916 [fe338567-e8a2-46f7-b85c-9d0af5bd64ed@group-4B50744322CC-FollowerState] INFO  server.RaftServerConfigKeys (ConfUtils.java:logFallback(53)) - raft.server.rpc.first-election.timeout.max = 5200ms (fallback to raft.server.rpc.timeout.max)
2023-07-12 21:54:16,916 [PipelineCommandHandlerThread-0] INFO  ratis.XceiverServerRatis (XceiverServerRatis.java:addGroup(804)) - Created group PipelineID=2840e35d-b6e7-49c8-aea9-4b50744322cc
2023-07-12 21:54:16,927 [grpc-default-executor-0] INFO  server.RaftServer (RaftServerProxy.java:addNew(98)) - 8bfbb087-a02a-4d57-b8a9-f8148fb96c2a: addNew group-4B50744322CC:[42b4a456-befe-4bab-a9c2-24b02b86258a|rpc:10.1.0.20:15058|admin:10.1.0.20:15057|client:10.1.0.20:15056|dataStream:10.1.0.20:15059|priority:1|startupRole:FOLLOWER, 8bfbb087-a02a-4d57-b8a9-f8148fb96c2a|rpc:10.1.0.20:15067|admin:10.1.0.20:15066|client:10.1.0.20:15065|dataStream:10.1.0.20:15068|priority:0|startupRole:FOLLOWER, fe338567-e8a2-46f7-b85c-9d0af5bd64ed|rpc:10.1.0.20:15049|admin:10.1.0.20:15048|client:10.1.0.20:15047|dataStream:10.1.0.20:15050|priority:0|startupRole:FOLLOWER] returns group-4B50744322CC:java.util.concurrent.CompletableFuture@34390db4[Not completed]
2023-07-12 21:54:16,927 [8bfbb087-a02a-4d57-b8a9-f8148fb96c2a-groupManagement] INFO  server.RaftServer$Division (RaftServerImpl.java:<init>(198)) - 8bfbb087-a02a-4d57-b8a9-f8148fb96c2a: new RaftServerImpl for group-4B50744322CC:[42b4a456-befe-4bab-a9c2-24b02b86258a|rpc:10.1.0.20:15058|admin:10.1.0.20:15057|client:10.1.0.20:15056|dataStream:10.1.0.20:15059|priority:1|startupRole:FOLLOWER, 8bfbb087-a02a-4d57-b8a9-f8148fb96c2a|rpc:10.1.0.20:15067|admin:10.1.0.20:15066|client:10.1.0.20:15065|dataStream:10.1.0.20:15068|priority:0|startupRole:FOLLOWER, fe338567-e8a2-46f7-b85c-9d0af5bd64ed|rpc:10.1.0.20:15049|admin:10.1.0.20:15048|client:10.1.0.20:15047|dataStream:10.1.0.20:15050|priority:0|startupRole:FOLLOWER] with ContainerStateMachine:uninitialized
2023-07-12 21:54:16,928 [8bfbb087-a02a-4d57-b8a9-f8148fb96c2a-groupManagement] INFO  server.RaftServerConfigKeys (ConfUtils.java:logGet(46)) - raft.server.rpc.timeout.min = 5s (custom)
2023-07-12 21:54:16,928 [8bfbb087-a02a-4d57-b8a9-f8148fb96c2a-groupManagement] INFO  server.RaftServerConfigKeys (ConfUtils.java:logGet(46)) - raft.server.rpc.timeout.max = 5200ms (custom)
2023-07-12 21:54:16,928 [8bfbb087-a02a-4d57-b8a9-f8148fb96c2a-groupManagement] INFO  server.RaftServerConfigKeys (ConfUtils.java:logGet(46)) - raft.server.rpc.sleep.time = 25ms (default)
2023-07-12 21:54:16,928 [8bfbb087-a02a-4d57-b8a9-f8148fb96c2a-groupManagement] INFO  server.RaftServerConfigKeys (ConfUtils.java:logGet(46)) - raft.server.rpc.slowness.timeout = 300s (custom)
2023-07-12 21:54:16,928 [8bfbb087-a02a-4d57-b8a9-f8148fb96c2a-groupManagement] INFO  server.RaftServerConfigKeys (ConfUtils.java:logGet(46)) - raft.server.leaderelection.leader.step-down.wait-time = 10s (default)
2023-07-12 21:54:16,928 [8bfbb087-a02a-4d57-b8a9-f8148fb96c2a-groupManagement] INFO  server.RaftServerConfigKeys (ConfUtils.java:logGet(46)) - raft.server.sleep.deviation.threshold = 300ms (default)
2023-07-12 21:54:16,928 [8bfbb087-a02a-4d57-b8a9-f8148fb96c2a-groupManagement] INFO  server.RaftServer$Division (ServerState.java:<init>(120)) - 8bfbb087-a02a-4d57-b8a9-f8148fb96c2a@group-4B50744322CC: ConfigurationManager, init=-1: peers:[42b4a456-befe-4bab-a9c2-24b02b86258a|rpc:10.1.0.20:15058|admin:10.1.0.20:15057|client:10.1.0.20:15056|dataStream:10.1.0.20:15059|priority:1|startupRole:FOLLOWER, 8bfbb087-a02a-4d57-b8a9-f8148fb96c2a|rpc:10.1.0.20:15067|admin:10.1.0.20:15066|client:10.1.0.20:15065|dataStream:10.1.0.20:15068|priority:0|startupRole:FOLLOWER, fe338567-e8a2-46f7-b85c-9d0af5bd64ed|rpc:10.1.0.20:15049|admin:10.1.0.20:15048|client:10.1.0.20:15047|dataStream:10.1.0.20:15050|priority:0|startupRole:FOLLOWER]|listeners:[], old=null, confs=<EMPTY_MAP>
2023-07-12 21:54:16,928 [8bfbb087-a02a-4d57-b8a9-f8148fb96c2a-groupManagement] INFO  server.RaftServerConfigKeys (ConfUtils.java:logGet(46)) - raft.server.storage.dir = [/home/runner/work/ozone/ozone/hadoop-ozone/integration-test/target/test-dir/MiniOzoneClusterImpl-56d3b7f5-b9ba-49a0-a504-54c96578f2cd/datanode-2/data/ratis] (custom)
2023-07-12 21:54:16,928 [8bfbb087-a02a-4d57-b8a9-f8148fb96c2a-groupManagement] INFO  server.RaftServerConfigKeys (ConfUtils.java:logGet(46)) - raft.server.log.corruption.policy = EXCEPTION (default)
2023-07-12 21:54:16,928 [8bfbb087-a02a-4d57-b8a9-f8148fb96c2a-groupManagement] INFO  server.RaftServerConfigKeys (ConfUtils.java:logGet(46)) - raft.server.storage.free-space.min = 0MB (=0) (default)
2023-07-12 21:54:16,928 [8bfbb087-a02a-4d57-b8a9-f8148fb96c2a-groupManagement] INFO  server.RaftServerConfigKeys (ConfUtils.java:logGet(46)) - raft.server.notification.no-leader.timeout = 300s (custom)
2023-07-12 21:54:16,928 [8bfbb087-a02a-4d57-b8a9-f8148fb96c2a-groupManagement] INFO  server.RaftServerConfigKeys (ConfUtils.java:logGet(46)) - raft.server.read.timeout = 10s (default)
2023-07-12 21:54:16,928 [8bfbb087-a02a-4d57-b8a9-f8148fb96c2a-groupManagement] INFO  server.RaftServerConfigKeys (ConfUtils.java:logGet(46)) - raft.server.retrycache.expirytime = 600000ms (custom)
2023-07-12 21:54:16,928 [8bfbb087-a02a-4d57-b8a9-f8148fb96c2a-groupManagement] INFO  server.RaftServerConfigKeys (ConfUtils.java:logGet(46)) - raft.server.retrycache.statistics.expirytime = 100μs (default)
2023-07-12 21:54:16,928 [8bfbb087-a02a-4d57-b8a9-f8148fb96c2a-groupManagement] INFO  server.RaftServerConfigKeys (ConfUtils.java:logGet(46)) - raft.server.read.option = DEFAULT (default)
2023-07-12 21:54:16,930 [8bfbb087-a02a-4d57-b8a9-f8148fb96c2a-groupManagement] INFO  server.RaftServerConfigKeys (ConfUtils.java:logGet(46)) - raft.server.rpc.request.timeout = 60s (custom)
2023-07-12 21:54:16,930 [8bfbb087-a02a-4d57-b8a9-f8148fb96c2a-groupManagement] INFO  server.RaftServerConfigKeys (ConfUtils.java:logGet(46)) - raft.server.log.appender.install.snapshot.enabled = false (custom)
2023-07-12 21:54:16,931 [8bfbb087-a02a-4d57-b8a9-f8148fb96c2a-groupManagement] INFO  server.RaftServerConfigKeys (ConfUtils.java:logGet(46)) - raft.server.threadpool.server.cached = true (default)
2023-07-12 21:54:16,931 [8bfbb087-a02a-4d57-b8a9-f8148fb96c2a-groupManagement] INFO  server.RaftServerConfigKeys (ConfUtils.java:logGet(46)) - raft.server.threadpool.server.size = 0 (default)
2023-07-12 21:54:16,931 [8bfbb087-a02a-4d57-b8a9-f8148fb96c2a-groupManagement] INFO  server.RaftServerConfigKeys (ConfUtils.java:logGet(46)) - raft.server.threadpool.client.cached = true (default)
2023-07-12 21:54:16,931 [8bfbb087-a02a-4d57-b8a9-f8148fb96c2a-groupManagement] INFO  server.RaftServerConfigKeys (ConfUtils.java:logGet(46)) - raft.server.threadpool.client.size = 0 (default)
2023-07-12 21:54:16,931 [8bfbb087-a02a-4d57-b8a9-f8148fb96c2a-groupManagement] INFO  storage.RaftStorageDirectory (RaftStorageDirectoryImpl.java:analyzeStorage(137)) - The storage directory /home/runner/work/ozone/ozone/hadoop-ozone/integration-test/target/test-dir/MiniOzoneClusterImpl-56d3b7f5-b9ba-49a0-a504-54c96578f2cd/datanode-2/data/ratis/2840e35d-b6e7-49c8-aea9-4b50744322cc does not exist. Creating ...
2023-07-12 21:54:16,932 [8bfbb087-a02a-4d57-b8a9-f8148fb96c2a-groupManagement] INFO  storage.RaftStorageDirectory (RaftStorageDirectoryImpl.java:tryLock(231)) - Lock on /home/runner/work/ozone/ozone/hadoop-ozone/integration-test/target/test-dir/MiniOzoneClusterImpl-56d3b7f5-b9ba-49a0-a504-54c96578f2cd/datanode-2/data/ratis/2840e35d-b6e7-49c8-aea9-4b50744322cc/in_use.lock acquired by nodename 107600@fv-az670-842
2023-07-12 21:54:16,934 [8bfbb087-a02a-4d57-b8a9-f8148fb96c2a-groupManagement] INFO  storage.RaftStorage (RaftStorageImpl.java:format(96)) - Storage directory /home/runner/work/ozone/ozone/hadoop-ozone/integration-test/target/test-dir/MiniOzoneClusterImpl-56d3b7f5-b9ba-49a0-a504-54c96578f2cd/datanode-2/data/ratis/2840e35d-b6e7-49c8-aea9-4b50744322cc has been successfully formatted.
2023-07-12 21:54:16,934 [8bfbb087-a02a-4d57-b8a9-f8148fb96c2a-groupManagement] INFO  ratis.ContainerStateMachine (ContainerStateMachine.java:loadSnapshot(262)) - group-4B50744322CC: The snapshot info is null. Setting the last applied indexto:(t:0, i:~)
2023-07-12 21:54:16,934 [8bfbb087-a02a-4d57-b8a9-f8148fb96c2a-groupManagement] INFO  server.RaftServerConfigKeys (ConfUtils.java:logGet(46)) - raft.server.log.use.memory = false (default)
2023-07-12 21:54:16,934 [8bfbb087-a02a-4d57-b8a9-f8148fb96c2a-groupManagement] INFO  server.RaftServerConfigKeys (ConfUtils.java:logGet(46)) - raft.server.log.purge.gap = 1000000 (custom)
2023-07-12 21:54:16,934 [8bfbb087-a02a-4d57-b8a9-f8148fb96c2a-groupManagement] INFO  server.RaftServerConfigKeys (ConfUtils.java:logGet(46)) - raft.server.log.appender.buffer.byte-limit = 33554432 (custom)
2023-07-12 21:54:16,934 [8bfbb087-a02a-4d57-b8a9-f8148fb96c2a-groupManagement] INFO  server.RaftServerConfigKeys (ConfUtils.java:logGet(46)) - raft.server.log.statemachine.data.read.timeout = 1000ms (default)
2023-07-12 21:54:16,934 [8bfbb087-a02a-4d57-b8a9-f8148fb96c2a-groupManagement] INFO  server.RaftServerConfigKeys (ConfUtils.java:logGet(46)) - raft.server.log.purge.preservation.log.num = 0 (default)
2023-07-12 21:54:16,935 [8bfbb087-a02a-4d57-b8a9-f8148fb96c2a-groupManagement] INFO  server.RaftServerConfigKeys (ConfUtils.java:logGet(46)) - raft.server.log.segment.size.max = 1048576 (custom)
2023-07-12 21:54:16,935 [8bfbb087-a02a-4d57-b8a9-f8148fb96c2a-groupManagement] INFO  server.RaftServerConfigKeys (ConfUtils.java:logGet(46)) - raft.server.log.segment.cache.num.max = 2 (custom)
2023-07-12 21:54:16,935 [8bfbb087-a02a-4d57-b8a9-f8148fb96c2a-groupManagement] INFO  server.RaftServerConfigKeys (ConfUtils.java:logGet(46)) - raft.server.log.segment.cache.size.max = 200MB (=209715200) (default)
2023-07-12 21:54:16,935 [8bfbb087-a02a-4d57-b8a9-f8148fb96c2a-groupManagement] INFO  server.RaftServerConfigKeys (ConfUtils.java:logGet(46)) - raft.server.log.appender.buffer.byte-limit = 33554432 (custom)
2023-07-12 21:54:16,935 [8bfbb087-a02a-4d57-b8a9-f8148fb96c2a-groupManagement] INFO  segmented.SegmentedRaftLogWorker (SegmentedRaftLogWorker.java:<init>(188)) - new 8bfbb087-a02a-4d57-b8a9-f8148fb96c2a@group-4B50744322CC-SegmentedRaftLogWorker for RaftStorageImpl:Storage Directory /home/runner/work/ozone/ozone/hadoop-ozone/integration-test/target/test-dir/MiniOzoneClusterImpl-56d3b7f5-b9ba-49a0-a504-54c96578f2cd/datanode-2/data/ratis/2840e35d-b6e7-49c8-aea9-4b50744322cc
2023-07-12 21:54:16,935 [8bfbb087-a02a-4d57-b8a9-f8148fb96c2a-groupManagement] INFO  server.RaftServerConfigKeys (ConfUtils.java:logGet(46)) - raft.server.log.queue.byte-limit = 4294967296 (custom)
2023-07-12 21:54:16,935 [8bfbb087-a02a-4d57-b8a9-f8148fb96c2a-groupManagement] INFO  server.RaftServerConfigKeys (ConfUtils.java:logGet(46)) - raft.server.log.queue.element-limit = 1024 (custom)
2023-07-12 21:54:16,935 [8bfbb087-a02a-4d57-b8a9-f8148fb96c2a-groupManagement] INFO  server.RaftServerConfigKeys (ConfUtils.java:logGet(46)) - raft.server.log.segment.size.max = 1048576 (custom)
2023-07-12 21:54:16,935 [8bfbb087-a02a-4d57-b8a9-f8148fb96c2a-groupManagement] INFO  server.RaftServerConfigKeys (ConfUtils.java:logGet(46)) - raft.server.log.preallocated.size = 16384 (custom)
2023-07-12 21:54:16,935 [8bfbb087-a02a-4d57-b8a9-f8148fb96c2a-groupManagement] INFO  server.RaftServerConfigKeys (ConfUtils.java:logGet(46)) - raft.server.log.force.sync.num = 128 (default)
2023-07-12 21:54:16,935 [8bfbb087-a02a-4d57-b8a9-f8148fb96c2a-groupManagement] INFO  server.RaftServerConfigKeys (ConfUtils.java:logGet(46)) - raft.server.log.statemachine.data.sync = true (default)
2023-07-12 21:54:16,935 [8bfbb087-a02a-4d57-b8a9-f8148fb96c2a-groupManagement] INFO  server.RaftServerConfigKeys (ConfUtils.java:logGet(46)) - raft.server.log.statemachine.data.sync.timeout = 10s (default)
2023-07-12 21:54:16,935 [8bfbb087-a02a-4d57-b8a9-f8148fb96c2a-groupManagement] INFO  server.RaftServerConfigKeys (ConfUtils.java:logGet(46)) - raft.server.log.statemachine.data.sync.timeout.retry = -1 (default)
2023-07-12 21:54:16,936 [8bfbb087-a02a-4d57-b8a9-f8148fb96c2a-groupManagement] INFO  server.RaftServerConfigKeys (ConfUtils.java:logGet(46)) - raft.server.log.write.buffer.size = 1048576 (custom)
2023-07-12 21:54:16,936 [8bfbb087-a02a-4d57-b8a9-f8148fb96c2a-groupManagement] INFO  server.RaftServerConfigKeys (ConfUtils.java:logGet(46)) - raft.server.log.appender.buffer.byte-limit = 33554432 (custom)
2023-07-12 21:54:16,941 [8bfbb087-a02a-4d57-b8a9-f8148fb96c2a-groupManagement] INFO  server.RaftServerConfigKeys (ConfUtils.java:logGet(46)) - raft.server.log.unsafe-flush.enabled = false (default)
2023-07-12 21:54:16,941 [8bfbb087-a02a-4d57-b8a9-f8148fb96c2a-groupManagement] INFO  server.RaftServerConfigKeys (ConfUtils.java:logGet(46)) - raft.server.log.async-flush.enabled = false (default)
2023-07-12 21:54:16,941 [8bfbb087-a02a-4d57-b8a9-f8148fb96c2a-groupManagement] INFO  server.RaftServerConfigKeys (ConfUtils.java:logGet(46)) - raft.server.log.statemachine.data.caching.enabled = true (custom)
2023-07-12 21:54:16,941 [8bfbb087-a02a-4d57-b8a9-f8148fb96c2a-groupManagement] INFO  segmented.SegmentedRaftLogWorker (SegmentedRaftLogWorker.java:lambda$new$0(135)) - 8bfbb087-a02a-4d57-b8a9-f8148fb96c2a@group-4B50744322CC-SegmentedRaftLogWorker: flushIndex: setUnconditionally 0 -> -1
2023-07-12 21:54:16,941 [8bfbb087-a02a-4d57-b8a9-f8148fb96c2a-groupManagement] INFO  segmented.SegmentedRaftLogWorker (SegmentedRaftLogWorker.java:lambda$new$0(135)) - 8bfbb087-a02a-4d57-b8a9-f8148fb96c2a@group-4B50744322CC-SegmentedRaftLogWorker: safeCacheEvictIndex: setUnconditionally 0 -> -1
2023-07-12 21:54:16,942 [8bfbb087-a02a-4d57-b8a9-f8148fb96c2a-groupManagement] INFO  server.RaftServer$Division (RaftServerImpl.java:start(342)) - 8bfbb087-a02a-4d57-b8a9-f8148fb96c2a@group-4B50744322CC: start as a follower, conf=-1: peers:[42b4a456-befe-4bab-a9c2-24b02b86258a|rpc:10.1.0.20:15058|admin:10.1.0.20:15057|client:10.1.0.20:15056|dataStream:10.1.0.20:15059|priority:1|startupRole:FOLLOWER, 8bfbb087-a02a-4d57-b8a9-f8148fb96c2a|rpc:10.1.0.20:15067|admin:10.1.0.20:15066|client:10.1.0.20:15065|dataStream:10.1.0.20:15068|priority:0|startupRole:FOLLOWER, fe338567-e8a2-46f7-b85c-9d0af5bd64ed|rpc:10.1.0.20:15049|admin:10.1.0.20:15048|client:10.1.0.20:15047|dataStream:10.1.0.20:15050|priority:0|startupRole:FOLLOWER]|listeners:[], old=null
2023-07-12 21:54:16,942 [8bfbb087-a02a-4d57-b8a9-f8148fb96c2a-groupManagement] INFO  server.RaftServer$Division (RaftServerImpl.java:setRole(329)) - 8bfbb087-a02a-4d57-b8a9-f8148fb96c2a@group-4B50744322CC: changes role from      null to FOLLOWER at term 0 for startAsFollower
2023-07-12 21:54:16,942 [8bfbb087-a02a-4d57-b8a9-f8148fb96c2a-groupManagement] INFO  impl.RoleInfo (RoleInfo.java:updateAndGet(139)) - 8bfbb087-a02a-4d57-b8a9-f8148fb96c2a: start 8bfbb087-a02a-4d57-b8a9-f8148fb96c2a@group-4B50744322CC-FollowerState
2023-07-12 21:54:16,942 [8bfbb087-a02a-4d57-b8a9-f8148fb96c2a-groupManagement] INFO  util.JmxRegister (JmxRegister.java:tryRegister(44)) - Successfully registered JMX Bean with object name Ratis:service=RaftServer,group=group-4B50744322CC,id=8bfbb087-a02a-4d57-b8a9-f8148fb96c2a
2023-07-12 21:54:16,942 [8bfbb087-a02a-4d57-b8a9-f8148fb96c2a-groupManagement] INFO  server.RaftServerConfigKeys (ConfUtils.java:logGet(46)) - raft.server.snapshot.auto.trigger.enabled = true (custom)
2023-07-12 21:54:16,942 [8bfbb087-a02a-4d57-b8a9-f8148fb96c2a-groupManagement] INFO  server.RaftServerConfigKeys (ConfUtils.java:logGet(46)) - raft.server.snapshot.auto.trigger.threshold = 10000 (custom)
2023-07-12 21:54:16,942 [8bfbb087-a02a-4d57-b8a9-f8148fb96c2a-groupManagement] INFO  server.RaftServerConfigKeys (ConfUtils.java:logGet(46)) - raft.server.snapshot.retention.file.num = 5 (custom)
2023-07-12 21:54:16,942 [8bfbb087-a02a-4d57-b8a9-f8148fb96c2a-groupManagement] INFO  server.RaftServerConfigKeys (ConfUtils.java:logGet(46)) - raft.server.log.purge.upto.snapshot.index = false (default)
2023-07-12 21:54:16,943 [8bfbb087-a02a-4d57-b8a9-f8148fb96c2a@group-4B50744322CC-FollowerState] INFO  server.RaftServerConfigKeys (ConfUtils.java:logFallback(53)) - raft.server.rpc.first-election.timeout.min = 5s (fallback to raft.server.rpc.timeout.min)
2023-07-12 21:54:16,950 [8bfbb087-a02a-4d57-b8a9-f8148fb96c2a@group-4B50744322CC-FollowerState] INFO  server.RaftServerConfigKeys (ConfUtils.java:logFallback(53)) - raft.server.rpc.first-election.timeout.max = 5200ms (fallback to raft.server.rpc.timeout.max)
2023-07-12 21:54:16,971 [grpc-default-executor-0] INFO  server.RaftServer (RaftServerProxy.java:addNew(98)) - 42b4a456-befe-4bab-a9c2-24b02b86258a: addNew group-4B50744322CC:[42b4a456-befe-4bab-a9c2-24b02b86258a|rpc:10.1.0.20:15058|admin:10.1.0.20:15057|client:10.1.0.20:15056|dataStream:10.1.0.20:15059|priority:1|startupRole:FOLLOWER, 8bfbb087-a02a-4d57-b8a9-f8148fb96c2a|rpc:10.1.0.20:15067|admin:10.1.0.20:15066|client:10.1.0.20:15065|dataStream:10.1.0.20:15068|priority:0|startupRole:FOLLOWER, fe338567-e8a2-46f7-b85c-9d0af5bd64ed|rpc:10.1.0.20:15049|admin:10.1.0.20:15048|client:10.1.0.20:15047|dataStream:10.1.0.20:15050|priority:0|startupRole:FOLLOWER] returns group-4B50744322CC:java.util.concurrent.CompletableFuture@34225319[Not completed]
2023-07-12 21:54:16,972 [42b4a456-befe-4bab-a9c2-24b02b86258a-groupManagement] INFO  server.RaftServer$Division (RaftServerImpl.java:<init>(198)) - 42b4a456-befe-4bab-a9c2-24b02b86258a: new RaftServerImpl for group-4B50744322CC:[42b4a456-befe-4bab-a9c2-24b02b86258a|rpc:10.1.0.20:15058|admin:10.1.0.20:15057|client:10.1.0.20:15056|dataStream:10.1.0.20:15059|priority:1|startupRole:FOLLOWER, 8bfbb087-a02a-4d57-b8a9-f8148fb96c2a|rpc:10.1.0.20:15067|admin:10.1.0.20:15066|client:10.1.0.20:15065|dataStream:10.1.0.20:15068|priority:0|startupRole:FOLLOWER, fe338567-e8a2-46f7-b85c-9d0af5bd64ed|rpc:10.1.0.20:15049|admin:10.1.0.20:15048|client:10.1.0.20:15047|dataStream:10.1.0.20:15050|priority:0|startupRole:FOLLOWER] with ContainerStateMachine:uninitialized
2023-07-12 21:54:16,973 [42b4a456-befe-4bab-a9c2-24b02b86258a-groupManagement] INFO  server.RaftServerConfigKeys (ConfUtils.java:logGet(46)) - raft.server.rpc.timeout.min = 5s (custom)
2023-07-12 21:54:16,973 [42b4a456-befe-4bab-a9c2-24b02b86258a-groupManagement] INFO  server.RaftServerConfigKeys (ConfUtils.java:logGet(46)) - raft.server.rpc.timeout.max = 5200ms (custom)
2023-07-12 21:54:16,973 [42b4a456-befe-4bab-a9c2-24b02b86258a-groupManagement] INFO  server.RaftServerConfigKeys (ConfUtils.java:logGet(46)) - raft.server.rpc.sleep.time = 25ms (default)
2023-07-12 21:54:16,973 [42b4a456-befe-4bab-a9c2-24b02b86258a-groupManagement] INFO  server.RaftServerConfigKeys (ConfUtils.java:logGet(46)) - raft.server.rpc.slowness.timeout = 300s (custom)
2023-07-12 21:54:16,973 [42b4a456-befe-4bab-a9c2-24b02b86258a-groupManagement] INFO  server.RaftServerConfigKeys (ConfUtils.java:logGet(46)) - raft.server.leaderelection.leader.step-down.wait-time = 10s (default)
2023-07-12 21:54:16,973 [42b4a456-befe-4bab-a9c2-24b02b86258a-groupManagement] INFO  server.RaftServerConfigKeys (ConfUtils.java:logGet(46)) - raft.server.sleep.deviation.threshold = 300ms (default)
2023-07-12 21:54:16,973 [42b4a456-befe-4bab-a9c2-24b02b86258a-groupManagement] INFO  server.RaftServer$Division (ServerState.java:<init>(120)) - 42b4a456-befe-4bab-a9c2-24b02b86258a@group-4B50744322CC: ConfigurationManager, init=-1: peers:[42b4a456-befe-4bab-a9c2-24b02b86258a|rpc:10.1.0.20:15058|admin:10.1.0.20:15057|client:10.1.0.20:15056|dataStream:10.1.0.20:15059|priority:1|startupRole:FOLLOWER, 8bfbb087-a02a-4d57-b8a9-f8148fb96c2a|rpc:10.1.0.20:15067|admin:10.1.0.20:15066|client:10.1.0.20:15065|dataStream:10.1.0.20:15068|priority:0|startupRole:FOLLOWER, fe338567-e8a2-46f7-b85c-9d0af5bd64ed|rpc:10.1.0.20:15049|admin:10.1.0.20:15048|client:10.1.0.20:15047|dataStream:10.1.0.20:15050|priority:0|startupRole:FOLLOWER]|listeners:[], old=null, confs=<EMPTY_MAP>
2023-07-12 21:54:16,974 [42b4a456-befe-4bab-a9c2-24b02b86258a-groupManagement] INFO  server.RaftServerConfigKeys (ConfUtils.java:logGet(46)) - raft.server.storage.dir = [/home/runner/work/ozone/ozone/hadoop-ozone/integration-test/target/test-dir/MiniOzoneClusterImpl-56d3b7f5-b9ba-49a0-a504-54c96578f2cd/datanode-1/data/ratis] (custom)
2023-07-12 21:54:16,974 [42b4a456-befe-4bab-a9c2-24b02b86258a-groupManagement] INFO  server.RaftServerConfigKeys (ConfUtils.java:logGet(46)) - raft.server.log.corruption.policy = EXCEPTION (default)
2023-07-12 21:54:16,974 [42b4a456-befe-4bab-a9c2-24b02b86258a-groupManagement] INFO  server.RaftServerConfigKeys (ConfUtils.java:logGet(46)) - raft.server.storage.free-space.min = 0MB (=0) (default)
2023-07-12 21:54:16,974 [42b4a456-befe-4bab-a9c2-24b02b86258a-groupManagement] INFO  server.RaftServerConfigKeys (ConfUtils.java:logGet(46)) - raft.server.notification.no-leader.timeout = 300s (custom)
2023-07-12 21:54:16,974 [42b4a456-befe-4bab-a9c2-24b02b86258a-groupManagement] INFO  server.RaftServerConfigKeys (ConfUtils.java:logGet(46)) - raft.server.read.timeout = 10s (default)
2023-07-12 21:54:16,974 [42b4a456-befe-4bab-a9c2-24b02b86258a-groupManagement] INFO  server.RaftServerConfigKeys (ConfUtils.java:logGet(46)) - raft.server.retrycache.expirytime = 600000ms (custom)
2023-07-12 21:54:16,974 [42b4a456-befe-4bab-a9c2-24b02b86258a-groupManagement] INFO  server.RaftServerConfigKeys (ConfUtils.java:logGet(46)) - raft.server.retrycache.statistics.expirytime = 100μs (default)
2023-07-12 21:54:16,974 [42b4a456-befe-4bab-a9c2-24b02b86258a-groupManagement] INFO  server.RaftServerConfigKeys (ConfUtils.java:logGet(46)) - raft.server.read.option = DEFAULT (default)
2023-07-12 21:54:16,975 [42b4a456-befe-4bab-a9c2-24b02b86258a-groupManagement] INFO  server.RaftServerConfigKeys (ConfUtils.java:logGet(46)) - raft.server.rpc.request.timeout = 60s (custom)
2023-07-12 21:54:16,975 [42b4a456-befe-4bab-a9c2-24b02b86258a-groupManagement] INFO  server.RaftServerConfigKeys (ConfUtils.java:logGet(46)) - raft.server.log.appender.install.snapshot.enabled = false (custom)
2023-07-12 21:54:16,975 [42b4a456-befe-4bab-a9c2-24b02b86258a-groupManagement] INFO  server.RaftServerConfigKeys (ConfUtils.java:logGet(46)) - raft.server.threadpool.server.cached = true (default)
2023-07-12 21:54:16,975 [42b4a456-befe-4bab-a9c2-24b02b86258a-groupManagement] INFO  server.RaftServerConfigKeys (ConfUtils.java:logGet(46)) - raft.server.threadpool.server.size = 0 (default)
2023-07-12 21:54:16,975 [42b4a456-befe-4bab-a9c2-24b02b86258a-groupManagement] INFO  server.RaftServerConfigKeys (ConfUtils.java:logGet(46)) - raft.server.threadpool.client.cached = true (default)
2023-07-12 21:54:16,975 [42b4a456-befe-4bab-a9c2-24b02b86258a-groupManagement] INFO  server.RaftServerConfigKeys (ConfUtils.java:logGet(46)) - raft.server.threadpool.client.size = 0 (default)
2023-07-12 21:54:16,975 [42b4a456-befe-4bab-a9c2-24b02b86258a-groupManagement] INFO  storage.RaftStorageDirectory (RaftStorageDirectoryImpl.java:analyzeStorage(137)) - The storage directory /home/runner/work/ozone/ozone/hadoop-ozone/integration-test/target/test-dir/MiniOzoneClusterImpl-56d3b7f5-b9ba-49a0-a504-54c96578f2cd/datanode-1/data/ratis/2840e35d-b6e7-49c8-aea9-4b50744322cc does not exist. Creating ...
2023-07-12 21:54:16,976 [42b4a456-befe-4bab-a9c2-24b02b86258a-groupManagement] INFO  storage.RaftStorageDirectory (RaftStorageDirectoryImpl.java:tryLock(231)) - Lock on /home/runner/work/ozone/ozone/hadoop-ozone/integration-test/target/test-dir/MiniOzoneClusterImpl-56d3b7f5-b9ba-49a0-a504-54c96578f2cd/datanode-1/data/ratis/2840e35d-b6e7-49c8-aea9-4b50744322cc/in_use.lock acquired by nodename 107600@fv-az670-842
2023-07-12 21:54:16,979 [42b4a456-befe-4bab-a9c2-24b02b86258a-groupManagement] INFO  storage.RaftStorage (RaftStorageImpl.java:format(96)) - Storage directory /home/runner/work/ozone/ozone/hadoop-ozone/integration-test/target/test-dir/MiniOzoneClusterImpl-56d3b7f5-b9ba-49a0-a504-54c96578f2cd/datanode-1/data/ratis/2840e35d-b6e7-49c8-aea9-4b50744322cc has been successfully formatted.
2023-07-12 21:54:16,980 [42b4a456-befe-4bab-a9c2-24b02b86258a-groupManagement] INFO  ratis.ContainerStateMachine (ContainerStateMachine.java:loadSnapshot(262)) - group-4B50744322CC: The snapshot info is null. Setting the last applied indexto:(t:0, i:~)
2023-07-12 21:54:16,980 [42b4a456-befe-4bab-a9c2-24b02b86258a-groupManagement] INFO  server.RaftServerConfigKeys (ConfUtils.java:logGet(46)) - raft.server.log.use.memory = false (default)
2023-07-12 21:54:16,980 [42b4a456-befe-4bab-a9c2-24b02b86258a-groupManagement] INFO  server.RaftServerConfigKeys (ConfUtils.java:logGet(46)) - raft.server.log.purge.gap = 1000000 (custom)
2023-07-12 21:54:16,980 [42b4a456-befe-4bab-a9c2-24b02b86258a-groupManagement] INFO  server.RaftServerConfigKeys (ConfUtils.java:logGet(46)) - raft.server.log.appender.buffer.byte-limit = 33554432 (custom)
2023-07-12 21:54:16,980 [42b4a456-befe-4bab-a9c2-24b02b86258a-groupManagement] INFO  server.RaftServerConfigKeys (ConfUtils.java:logGet(46)) - raft.server.log.statemachine.data.read.timeout = 1000ms (default)
2023-07-12 21:54:16,980 [42b4a456-befe-4bab-a9c2-24b02b86258a-groupManagement] INFO  server.RaftServerConfigKeys (ConfUtils.java:logGet(46)) - raft.server.log.purge.preservation.log.num = 0 (default)
2023-07-12 21:54:16,981 [42b4a456-befe-4bab-a9c2-24b02b86258a-groupManagement] INFO  server.RaftServerConfigKeys (ConfUtils.java:logGet(46)) - raft.server.log.segment.size.max = 1048576 (custom)
2023-07-12 21:54:16,982 [42b4a456-befe-4bab-a9c2-24b02b86258a-groupManagement] INFO  server.RaftServerConfigKeys (ConfUtils.java:logGet(46)) - raft.server.log.segment.cache.num.max = 2 (custom)
2023-07-12 21:54:16,982 [42b4a456-befe-4bab-a9c2-24b02b86258a-groupManagement] INFO  server.RaftServerConfigKeys (ConfUtils.java:logGet(46)) - raft.server.log.segment.cache.size.max = 200MB (=209715200) (default)
2023-07-12 21:54:16,982 [42b4a456-befe-4bab-a9c2-24b02b86258a-groupManagement] INFO  server.RaftServerConfigKeys (ConfUtils.java:logGet(46)) - raft.server.log.appender.buffer.byte-limit = 33554432 (custom)
2023-07-12 21:54:16,982 [42b4a456-befe-4bab-a9c2-24b02b86258a-groupManagement] INFO  segmented.SegmentedRaftLogWorker (SegmentedRaftLogWorker.java:<init>(188)) - new 42b4a456-befe-4bab-a9c2-24b02b86258a@group-4B50744322CC-SegmentedRaftLogWorker for RaftStorageImpl:Storage Directory /home/runner/work/ozone/ozone/hadoop-ozone/integration-test/target/test-dir/MiniOzoneClusterImpl-56d3b7f5-b9ba-49a0-a504-54c96578f2cd/datanode-1/data/ratis/2840e35d-b6e7-49c8-aea9-4b50744322cc
2023-07-12 21:54:16,982 [42b4a456-befe-4bab-a9c2-24b02b86258a-groupManagement] INFO  server.RaftServerConfigKeys (ConfUtils.java:logGet(46)) - raft.server.log.queue.byte-limit = 4294967296 (custom)
2023-07-12 21:54:16,982 [42b4a456-befe-4bab-a9c2-24b02b86258a-groupManagement] INFO  server.RaftServerConfigKeys (ConfUtils.java:logGet(46)) - raft.server.log.queue.element-limit = 1024 (custom)
2023-07-12 21:54:16,982 [42b4a456-befe-4bab-a9c2-24b02b86258a-groupManagement] INFO  server.RaftServerConfigKeys (ConfUtils.java:logGet(46)) - raft.server.log.segment.size.max = 1048576 (custom)
2023-07-12 21:54:16,982 [42b4a456-befe-4bab-a9c2-24b02b86258a-groupManagement] INFO  server.RaftServerConfigKeys (ConfUtils.java:logGet(46)) - raft.server.log.preallocated.size = 16384 (custom)
2023-07-12 21:54:16,982 [42b4a456-befe-4bab-a9c2-24b02b86258a-groupManagement] INFO  server.RaftServerConfigKeys (ConfUtils.java:logGet(46)) - raft.server.log.force.sync.num = 128 (default)
2023-07-12 21:54:16,982 [42b4a456-befe-4bab-a9c2-24b02b86258a-groupManagement] INFO  server.RaftServerConfigKeys (ConfUtils.java:logGet(46)) - raft.server.log.statemachine.data.sync = true (default)
2023-07-12 21:54:16,982 [42b4a456-befe-4bab-a9c2-24b02b86258a-groupManagement] INFO  server.RaftServerConfigKeys (ConfUtils.java:logGet(46)) - raft.server.log.statemachine.data.sync.timeout = 10s (default)
2023-07-12 21:54:16,982 [42b4a456-befe-4bab-a9c2-24b02b86258a-groupManagement] INFO  server.RaftServerConfigKeys (ConfUtils.java:logGet(46)) - raft.server.log.statemachine.data.sync.timeout.retry = -1 (default)
2023-07-12 21:54:16,983 [42b4a456-befe-4bab-a9c2-24b02b86258a-groupManagement] INFO  server.RaftServerConfigKeys (ConfUtils.java:logGet(46)) - raft.server.log.write.buffer.size = 1048576 (custom)
2023-07-12 21:54:16,983 [42b4a456-befe-4bab-a9c2-24b02b86258a-groupManagement] INFO  server.RaftServerConfigKeys (ConfUtils.java:logGet(46)) - raft.server.log.appender.buffer.byte-limit = 33554432 (custom)
2023-07-12 21:54:16,986 [42b4a456-befe-4bab-a9c2-24b02b86258a-groupManagement] INFO  server.RaftServerConfigKeys (ConfUtils.java:logGet(46)) - raft.server.log.unsafe-flush.enabled = false (default)
2023-07-12 21:54:16,986 [42b4a456-befe-4bab-a9c2-24b02b86258a-groupManagement] INFO  server.RaftServerConfigKeys (ConfUtils.java:logGet(46)) - raft.server.log.async-flush.enabled = false (default)
2023-07-12 21:54:16,987 [42b4a456-befe-4bab-a9c2-24b02b86258a-groupManagement] INFO  server.RaftServerConfigKeys (ConfUtils.java:logGet(46)) - raft.server.log.statemachine.data.caching.enabled = true (custom)
2023-07-12 21:54:16,987 [42b4a456-befe-4bab-a9c2-24b02b86258a-groupManagement] INFO  segmented.SegmentedRaftLogWorker (SegmentedRaftLogWorker.java:lambda$new$0(135)) - 42b4a456-befe-4bab-a9c2-24b02b86258a@group-4B50744322CC-SegmentedRaftLogWorker: flushIndex: setUnconditionally 0 -> -1
2023-07-12 21:54:16,987 [42b4a456-befe-4bab-a9c2-24b02b86258a-groupManagement] INFO  segmented.SegmentedRaftLogWorker (SegmentedRaftLogWorker.java:lambda$new$0(135)) - 42b4a456-befe-4bab-a9c2-24b02b86258a@group-4B50744322CC-SegmentedRaftLogWorker: safeCacheEvictIndex: setUnconditionally 0 -> -1
2023-07-12 21:54:16,987 [42b4a456-befe-4bab-a9c2-24b02b86258a-groupManagement] INFO  server.RaftServer$Division (RaftServerImpl.java:start(342)) - 42b4a456-befe-4bab-a9c2-24b02b86258a@group-4B50744322CC: start as a follower, conf=-1: peers:[42b4a456-befe-4bab-a9c2-24b02b86258a|rpc:10.1.0.20:15058|admin:10.1.0.20:15057|client:10.1.0.20:15056|dataStream:10.1.0.20:15059|priority:1|startupRole:FOLLOWER, 8bfbb087-a02a-4d57-b8a9-f8148fb96c2a|rpc:10.1.0.20:15067|admin:10.1.0.20:15066|client:10.1.0.20:15065|dataStream:10.1.0.20:15068|priority:0|startupRole:FOLLOWER, fe338567-e8a2-46f7-b85c-9d0af5bd64ed|rpc:10.1.0.20:15049|admin:10.1.0.20:15048|client:10.1.0.20:15047|dataStream:10.1.0.20:15050|priority:0|startupRole:FOLLOWER]|listeners:[], old=null
2023-07-12 21:54:16,987 [42b4a456-befe-4bab-a9c2-24b02b86258a-groupManagement] INFO  server.RaftServer$Division (RaftServerImpl.java:setRole(329)) - 42b4a456-befe-4bab-a9c2-24b02b86258a@group-4B50744322CC: changes role from      null to FOLLOWER at term 0 for startAsFollower
2023-07-12 21:54:16,987 [42b4a456-befe-4bab-a9c2-24b02b86258a-groupManagement] INFO  impl.RoleInfo (RoleInfo.java:updateAndGet(139)) - 42b4a456-befe-4bab-a9c2-24b02b86258a: start 42b4a456-befe-4bab-a9c2-24b02b86258a@group-4B50744322CC-FollowerState
2023-07-12 21:54:16,987 [42b4a456-befe-4bab-a9c2-24b02b86258a@group-4B50744322CC-FollowerState] INFO  server.RaftServerConfigKeys (ConfUtils.java:logFallback(53)) - raft.server.rpc.first-election.timeout.min = 5s (fallback to raft.server.rpc.timeout.min)
2023-07-12 21:54:16,987 [42b4a456-befe-4bab-a9c2-24b02b86258a-groupManagement] INFO  util.JmxRegister (JmxRegister.java:tryRegister(44)) - Successfully registered JMX Bean with object name Ratis:service=RaftServer,group=group-4B50744322CC,id=42b4a456-befe-4bab-a9c2-24b02b86258a
2023-07-12 21:54:16,988 [42b4a456-befe-4bab-a9c2-24b02b86258a@group-4B50744322CC-FollowerState] INFO  server.RaftServerConfigKeys (ConfUtils.java:logFallback(53)) - raft.server.rpc.first-election.timeout.max = 5200ms (fallback to raft.server.rpc.timeout.max)
2023-07-12 21:54:16,988 [42b4a456-befe-4bab-a9c2-24b02b86258a-groupManagement] INFO  server.RaftServerConfigKeys (ConfUtils.java:logGet(46)) - raft.server.snapshot.auto.trigger.enabled = true (custom)
2023-07-12 21:54:16,988 [42b4a456-befe-4bab-a9c2-24b02b86258a-groupManagement] INFO  server.RaftServerConfigKeys (ConfUtils.java:logGet(46)) - raft.server.snapshot.auto.trigger.threshold = 10000 (custom)
2023-07-12 21:54:16,988 [42b4a456-befe-4bab-a9c2-24b02b86258a-groupManagement] INFO  server.RaftServerConfigKeys (ConfUtils.java:logGet(46)) - raft.server.snapshot.retention.file.num = 5 (custom)
2023-07-12 21:54:16,988 [42b4a456-befe-4bab-a9c2-24b02b86258a-groupManagement] INFO  server.RaftServerConfigKeys (ConfUtils.java:logGet(46)) - raft.server.log.purge.upto.snapshot.index = false (default)
2023-07-12 21:54:16,994 [PipelineCommandHandlerThread-0] INFO  commandhandler.CreatePipelineCommandHandler (CreatePipelineCommandHandler.java:lambda$handle$2(124)) - Created Pipeline RATIS THREE PipelineID=2840e35d-b6e7-49c8-aea9-4b50744322cc.
2023-07-12 21:54:17,134 [PipelineCommandHandlerThread-0] INFO  server.RaftServer (RaftServerProxy.java:addNew(98)) - 42b4a456-befe-4bab-a9c2-24b02b86258a: addNew group-093BB777CD5C:[42b4a456-befe-4bab-a9c2-24b02b86258a|rpc:10.1.0.20:15058|admin:10.1.0.20:15057|client:10.1.0.20:15056|dataStream:10.1.0.20:15059|priority:1|startupRole:FOLLOWER] returns group-093BB777CD5C:java.util.concurrent.CompletableFuture@27946df8[Not completed]
2023-07-12 21:54:17,136 [42b4a456-befe-4bab-a9c2-24b02b86258a-groupManagement] INFO  server.RaftServer$Division (RaftServerImpl.java:<init>(198)) - 42b4a456-befe-4bab-a9c2-24b02b86258a: new RaftServerImpl for group-093BB777CD5C:[42b4a456-befe-4bab-a9c2-24b02b86258a|rpc:10.1.0.20:15058|admin:10.1.0.20:15057|client:10.1.0.20:15056|dataStream:10.1.0.20:15059|priority:1|startupRole:FOLLOWER] with ContainerStateMachine:uninitialized
2023-07-12 21:54:17,136 [42b4a456-befe-4bab-a9c2-24b02b86258a-groupManagement] INFO  server.RaftServerConfigKeys (ConfUtils.java:logGet(46)) - raft.server.rpc.timeout.min = 5s (custom)
2023-07-12 21:54:17,136 [42b4a456-befe-4bab-a9c2-24b02b86258a-groupManagement] INFO  server.RaftServerConfigKeys (ConfUtils.java:logGet(46)) - raft.server.rpc.timeout.max = 5200ms (custom)
2023-07-12 21:54:17,136 [42b4a456-befe-4bab-a9c2-24b02b86258a-groupManagement] INFO  server.RaftServerConfigKeys (ConfUtils.java:logGet(46)) - raft.server.rpc.sleep.time = 25ms (default)
2023-07-12 21:54:17,136 [42b4a456-befe-4bab-a9c2-24b02b86258a-groupManagement] INFO  server.RaftServerConfigKeys (ConfUtils.java:logGet(46)) - raft.server.rpc.slowness.timeout = 300s (custom)
2023-07-12 21:54:17,136 [42b4a456-befe-4bab-a9c2-24b02b86258a-groupManagement] INFO  server.RaftServerConfigKeys (ConfUtils.java:logGet(46)) - raft.server.leaderelection.leader.step-down.wait-time = 10s (default)
2023-07-12 21:54:17,136 [42b4a456-befe-4bab-a9c2-24b02b86258a-groupManagement] INFO  server.RaftServerConfigKeys (ConfUtils.java:logGet(46)) - raft.server.sleep.deviation.threshold = 300ms (default)
2023-07-12 21:54:17,136 [42b4a456-befe-4bab-a9c2-24b02b86258a-groupManagement] INFO  server.RaftServer$Division (ServerState.java:<init>(120)) - 42b4a456-befe-4bab-a9c2-24b02b86258a@group-093BB777CD5C: ConfigurationManager, init=-1: peers:[42b4a456-befe-4bab-a9c2-24b02b86258a|rpc:10.1.0.20:15058|admin:10.1.0.20:15057|client:10.1.0.20:15056|dataStream:10.1.0.20:15059|priority:1|startupRole:FOLLOWER]|listeners:[], old=null, confs=<EMPTY_MAP>
2023-07-12 21:54:17,136 [42b4a456-befe-4bab-a9c2-24b02b86258a-groupManagement] INFO  server.RaftServerConfigKeys (ConfUtils.java:logGet(46)) - raft.server.storage.dir = [/home/runner/work/ozone/ozone/hadoop-ozone/integration-test/target/test-dir/MiniOzoneClusterImpl-56d3b7f5-b9ba-49a0-a504-54c96578f2cd/datanode-1/data/ratis] (custom)
2023-07-12 21:54:17,136 [42b4a456-befe-4bab-a9c2-24b02b86258a-groupManagement] INFO  server.RaftServerConfigKeys (ConfUtils.java:logGet(46)) - raft.server.log.corruption.policy = EXCEPTION (default)
2023-07-12 21:54:17,136 [42b4a456-befe-4bab-a9c2-24b02b86258a-groupManagement] INFO  server.RaftServerConfigKeys (ConfUtils.java:logGet(46)) - raft.server.storage.free-space.min = 0MB (=0) (default)
2023-07-12 21:54:17,136 [42b4a456-befe-4bab-a9c2-24b02b86258a-groupManagement] INFO  server.RaftServerConfigKeys (ConfUtils.java:logGet(46)) - raft.server.notification.no-leader.timeout = 300s (custom)
2023-07-12 21:54:17,137 [42b4a456-befe-4bab-a9c2-24b02b86258a-groupManagement] INFO  server.RaftServerConfigKeys (ConfUtils.java:logGet(46)) - raft.server.read.timeout = 10s (default)
2023-07-12 21:54:17,137 [42b4a456-befe-4bab-a9c2-24b02b86258a-groupManagement] INFO  server.RaftServerConfigKeys (ConfUtils.java:logGet(46)) - raft.server.retrycache.expirytime = 600000ms (custom)
2023-07-12 21:54:17,137 [42b4a456-befe-4bab-a9c2-24b02b86258a-groupManagement] INFO  server.RaftServerConfigKeys (ConfUtils.java:logGet(46)) - raft.server.retrycache.statistics.expirytime = 100μs (default)
2023-07-12 21:54:17,137 [42b4a456-befe-4bab-a9c2-24b02b86258a-groupManagement] INFO  server.RaftServerConfigKeys (ConfUtils.java:logGet(46)) - raft.server.read.option = DEFAULT (default)
2023-07-12 21:54:17,137 [42b4a456-befe-4bab-a9c2-24b02b86258a-groupManagement] INFO  server.RaftServerConfigKeys (ConfUtils.java:logGet(46)) - raft.server.rpc.request.timeout = 60s (custom)
2023-07-12 21:54:17,137 [42b4a456-befe-4bab-a9c2-24b02b86258a-groupManagement] INFO  server.RaftServerConfigKeys (ConfUtils.java:logGet(46)) - raft.server.log.appender.install.snapshot.enabled = false (custom)
2023-07-12 21:54:17,137 [42b4a456-befe-4bab-a9c2-24b02b86258a-groupManagement] INFO  server.RaftServerConfigKeys (ConfUtils.java:logGet(46)) - raft.server.threadpool.server.cached = true (default)
2023-07-12 21:54:17,137 [42b4a456-befe-4bab-a9c2-24b02b86258a-groupManagement] INFO  server.RaftServerConfigKeys (ConfUtils.java:logGet(46)) - raft.server.threadpool.server.size = 0 (default)
2023-07-12 21:54:17,137 [42b4a456-befe-4bab-a9c2-24b02b86258a-groupManagement] INFO  server.RaftServerConfigKeys (ConfUtils.java:logGet(46)) - raft.server.threadpool.client.cached = true (default)
2023-07-12 21:54:17,137 [42b4a456-befe-4bab-a9c2-24b02b86258a-groupManagement] INFO  server.RaftServerConfigKeys (ConfUtils.java:logGet(46)) - raft.server.threadpool.client.size = 0 (default)
2023-07-12 21:54:17,138 [42b4a456-befe-4bab-a9c2-24b02b86258a-groupManagement] INFO  storage.RaftStorageDirectory (RaftStorageDirectoryImpl.java:analyzeStorage(137)) - The storage directory /home/runner/work/ozone/ozone/hadoop-ozone/integration-test/target/test-dir/MiniOzoneClusterImpl-56d3b7f5-b9ba-49a0-a504-54c96578f2cd/datanode-1/data/ratis/254dbbe4-c105-4132-aa7e-093bb777cd5c does not exist. Creating ...
2023-07-12 21:54:17,139 [42b4a456-befe-4bab-a9c2-24b02b86258a-groupManagement] INFO  storage.RaftStorageDirectory (RaftStorageDirectoryImpl.java:tryLock(231)) - Lock on /home/runner/work/ozone/ozone/hadoop-ozone/integration-test/target/test-dir/MiniOzoneClusterImpl-56d3b7f5-b9ba-49a0-a504-54c96578f2cd/datanode-1/data/ratis/254dbbe4-c105-4132-aa7e-093bb777cd5c/in_use.lock acquired by nodename 107600@fv-az670-842
2023-07-12 21:54:17,141 [42b4a456-befe-4bab-a9c2-24b02b86258a-groupManagement] INFO  storage.RaftStorage (RaftStorageImpl.java:format(96)) - Storage directory /home/runner/work/ozone/ozone/hadoop-ozone/integration-test/target/test-dir/MiniOzoneClusterImpl-56d3b7f5-b9ba-49a0-a504-54c96578f2cd/datanode-1/data/ratis/254dbbe4-c105-4132-aa7e-093bb777cd5c has been successfully formatted.
2023-07-12 21:54:17,141 [42b4a456-befe-4bab-a9c2-24b02b86258a-groupManagement] INFO  ratis.ContainerStateMachine (ContainerStateMachine.java:loadSnapshot(262)) - group-093BB777CD5C: The snapshot info is null. Setting the last applied indexto:(t:0, i:~)
2023-07-12 21:54:17,141 [42b4a456-befe-4bab-a9c2-24b02b86258a-groupManagement] INFO  server.RaftServerConfigKeys (ConfUtils.java:logGet(46)) - raft.server.log.use.memory = false (default)
2023-07-12 21:54:17,141 [42b4a456-befe-4bab-a9c2-24b02b86258a-groupManagement] INFO  server.RaftServerConfigKeys (ConfUtils.java:logGet(46)) - raft.server.log.purge.gap = 1000000 (custom)
2023-07-12 21:54:17,141 [42b4a456-befe-4bab-a9c2-24b02b86258a-groupManagement] INFO  server.RaftServerConfigKeys (ConfUtils.java:logGet(46)) - raft.server.log.appender.buffer.byte-limit = 33554432 (custom)
2023-07-12 21:54:17,142 [42b4a456-befe-4bab-a9c2-24b02b86258a-groupManagement] INFO  server.RaftServerConfigKeys (ConfUtils.java:logGet(46)) - raft.server.log.statemachine.data.read.timeout = 1000ms (default)
2023-07-12 21:54:17,142 [EventQueue-PipelineReportForPipelineReportHandler] INFO  pipeline.PipelineReportHandler (PipelineReportHandler.java:processPipelineReport(136)) - Opened pipeline PipelineID=254dbbe4-c105-4132-aa7e-093bb777cd5c
2023-07-12 21:54:17,143 [EventQueue-OpenPipelineForHealthyPipelineSafeModeRule] INFO  safemode.SCMSafeModeManager (HealthyPipelineSafeModeRule.java:process(137)) - SCM in safe mode. Healthy pipelines reported count is 0, required healthy pipeline reported count is 1
2023-07-12 21:54:17,143 [42b4a456-befe-4bab-a9c2-24b02b86258a-groupManagement] INFO  server.RaftServerConfigKeys (ConfUtils.java:logGet(46)) - raft.server.log.purge.preservation.log.num = 0 (default)
2023-07-12 21:54:17,143 [42b4a456-befe-4bab-a9c2-24b02b86258a-groupManagement] INFO  server.RaftServerConfigKeys (ConfUtils.java:logGet(46)) - raft.server.log.segment.size.max = 1048576 (custom)
2023-07-12 21:54:17,144 [42b4a456-befe-4bab-a9c2-24b02b86258a-groupManagement] INFO  server.RaftServerConfigKeys (ConfUtils.java:logGet(46)) - raft.server.log.segment.cache.num.max = 2 (custom)
2023-07-12 21:54:17,144 [42b4a456-befe-4bab-a9c2-24b02b86258a-groupManagement] INFO  server.RaftServerConfigKeys (ConfUtils.java:logGet(46)) - raft.server.log.segment.cache.size.max = 200MB (=209715200) (default)
2023-07-12 21:54:17,144 [42b4a456-befe-4bab-a9c2-24b02b86258a-groupManagement] INFO  server.RaftServerConfigKeys (ConfUtils.java:logGet(46)) - raft.server.log.appender.buffer.byte-limit = 33554432 (custom)
2023-07-12 21:54:17,144 [42b4a456-befe-4bab-a9c2-24b02b86258a-groupManagement] INFO  segmented.SegmentedRaftLogWorker (SegmentedRaftLogWorker.java:<init>(188)) - new 42b4a456-befe-4bab-a9c2-24b02b86258a@group-093BB777CD5C-SegmentedRaftLogWorker for RaftStorageImpl:Storage Directory /home/runner/work/ozone/ozone/hadoop-ozone/integration-test/target/test-dir/MiniOzoneClusterImpl-56d3b7f5-b9ba-49a0-a504-54c96578f2cd/datanode-1/data/ratis/254dbbe4-c105-4132-aa7e-093bb777cd5c
2023-07-12 21:54:17,144 [42b4a456-befe-4bab-a9c2-24b02b86258a-groupManagement] INFO  server.RaftServerConfigKeys (ConfUtils.java:logGet(46)) - raft.server.log.queue.byte-limit = 4294967296 (custom)
2023-07-12 21:54:17,144 [42b4a456-befe-4bab-a9c2-24b02b86258a-groupManagement] INFO  server.RaftServerConfigKeys (ConfUtils.java:logGet(46)) - raft.server.log.queue.element-limit = 1024 (custom)
2023-07-12 21:54:17,144 [42b4a456-befe-4bab-a9c2-24b02b86258a-groupManagement] INFO  server.RaftServerConfigKeys (ConfUtils.java:logGet(46)) - raft.server.log.segment.size.max = 1048576 (custom)
2023-07-12 21:54:17,144 [42b4a456-befe-4bab-a9c2-24b02b86258a-groupManagement] INFO  server.RaftServerConfigKeys (ConfUtils.java:logGet(46)) - raft.server.log.preallocated.size = 16384 (custom)
2023-07-12 21:54:17,144 [42b4a456-befe-4bab-a9c2-24b02b86258a-groupManagement] INFO  server.RaftServerConfigKeys (ConfUtils.java:logGet(46)) - raft.server.log.force.sync.num = 128 (default)
2023-07-12 21:54:17,144 [42b4a456-befe-4bab-a9c2-24b02b86258a-groupManagement] INFO  server.RaftServerConfigKeys (ConfUtils.java:logGet(46)) - raft.server.log.statemachine.data.sync = true (default)
2023-07-12 21:54:17,144 [42b4a456-befe-4bab-a9c2-24b02b86258a-groupManagement] INFO  server.RaftServerConfigKeys (ConfUtils.java:logGet(46)) - raft.server.log.statemachine.data.sync.timeout = 10s (default)
2023-07-12 21:54:17,144 [42b4a456-befe-4bab-a9c2-24b02b86258a-groupManagement] INFO  server.RaftServerConfigKeys (ConfUtils.java:logGet(46)) - raft.server.log.statemachine.data.sync.timeout.retry = -1 (default)
2023-07-12 21:54:17,144 [42b4a456-befe-4bab-a9c2-24b02b86258a-groupManagement] INFO  server.RaftServerConfigKeys (ConfUtils.java:logGet(46)) - raft.server.log.write.buffer.size = 1048576 (custom)
2023-07-12 21:54:17,145 [42b4a456-befe-4bab-a9c2-24b02b86258a-groupManagement] INFO  server.RaftServerConfigKeys (ConfUtils.java:logGet(46)) - raft.server.log.appender.buffer.byte-limit = 33554432 (custom)
2023-07-12 21:54:17,148 [42b4a456-befe-4bab-a9c2-24b02b86258a-groupManagement] INFO  server.RaftServerConfigKeys (ConfUtils.java:logGet(46)) - raft.server.log.unsafe-flush.enabled = false (default)
2023-07-12 21:54:17,148 [42b4a456-befe-4bab-a9c2-24b02b86258a-groupManagement] INFO  server.RaftServerConfigKeys (ConfUtils.java:logGet(46)) - raft.server.log.async-flush.enabled = false (default)
2023-07-12 21:54:17,148 [42b4a456-befe-4bab-a9c2-24b02b86258a-groupManagement] INFO  server.RaftServerConfigKeys (ConfUtils.java:logGet(46)) - raft.server.log.statemachine.data.caching.enabled = true (custom)
2023-07-12 21:54:17,148 [42b4a456-befe-4bab-a9c2-24b02b86258a-groupManagement] INFO  segmented.SegmentedRaftLogWorker (SegmentedRaftLogWorker.java:lambda$new$0(135)) - 42b4a456-befe-4bab-a9c2-24b02b86258a@group-093BB777CD5C-SegmentedRaftLogWorker: flushIndex: setUnconditionally 0 -> -1
2023-07-12 21:54:17,148 [42b4a456-befe-4bab-a9c2-24b02b86258a-groupManagement] INFO  segmented.SegmentedRaftLogWorker (SegmentedRaftLogWorker.java:lambda$new$0(135)) - 42b4a456-befe-4bab-a9c2-24b02b86258a@group-093BB777CD5C-SegmentedRaftLogWorker: safeCacheEvictIndex: setUnconditionally 0 -> -1
2023-07-12 21:54:17,148 [42b4a456-befe-4bab-a9c2-24b02b86258a-groupManagement] INFO  server.RaftServer$Division (RaftServerImpl.java:start(342)) - 42b4a456-befe-4bab-a9c2-24b02b86258a@group-093BB777CD5C: start as a follower, conf=-1: peers:[42b4a456-befe-4bab-a9c2-24b02b86258a|rpc:10.1.0.20:15058|admin:10.1.0.20:15057|client:10.1.0.20:15056|dataStream:10.1.0.20:15059|priority:1|startupRole:FOLLOWER]|listeners:[], old=null
2023-07-12 21:54:17,148 [42b4a456-befe-4bab-a9c2-24b02b86258a-groupManagement] INFO  server.RaftServer$Division (RaftServerImpl.java:setRole(329)) - 42b4a456-befe-4bab-a9c2-24b02b86258a@group-093BB777CD5C: changes role from      null to FOLLOWER at term 0 for startAsFollower
2023-07-12 21:54:17,148 [42b4a456-befe-4bab-a9c2-24b02b86258a-groupManagement] INFO  impl.RoleInfo (RoleInfo.java:updateAndGet(139)) - 42b4a456-befe-4bab-a9c2-24b02b86258a: start 42b4a456-befe-4bab-a9c2-24b02b86258a@group-093BB777CD5C-FollowerState
2023-07-12 21:54:17,148 [42b4a456-befe-4bab-a9c2-24b02b86258a@group-093BB777CD5C-FollowerState] INFO  server.RaftServerConfigKeys (ConfUtils.java:logFallback(53)) - raft.server.rpc.first-election.timeout.min = 5s (fallback to raft.server.rpc.timeout.min)
2023-07-12 21:54:17,148 [42b4a456-befe-4bab-a9c2-24b02b86258a-groupManagement] INFO  util.JmxRegister (JmxRegister.java:tryRegister(44)) - Successfully registered JMX Bean with object name Ratis:service=RaftServer,group=group-093BB777CD5C,id=42b4a456-befe-4bab-a9c2-24b02b86258a
2023-07-12 21:54:17,148 [42b4a456-befe-4bab-a9c2-24b02b86258a@group-093BB777CD5C-FollowerState] INFO  server.RaftServerConfigKeys (ConfUtils.java:logFallback(53)) - raft.server.rpc.first-election.timeout.max = 5200ms (fallback to raft.server.rpc.timeout.max)
2023-07-12 21:54:17,149 [42b4a456-befe-4bab-a9c2-24b02b86258a-groupManagement] INFO  server.RaftServerConfigKeys (ConfUtils.java:logGet(46)) - raft.server.snapshot.auto.trigger.enabled = true (custom)
2023-07-12 21:54:17,149 [42b4a456-befe-4bab-a9c2-24b02b86258a-groupManagement] INFO  server.RaftServerConfigKeys (ConfUtils.java:logGet(46)) - raft.server.snapshot.auto.trigger.threshold = 10000 (custom)
2023-07-12 21:54:17,149 [42b4a456-befe-4bab-a9c2-24b02b86258a-groupManagement] INFO  server.RaftServerConfigKeys (ConfUtils.java:logGet(46)) - raft.server.snapshot.retention.file.num = 5 (custom)
2023-07-12 21:54:17,149 [42b4a456-befe-4bab-a9c2-24b02b86258a-groupManagement] INFO  server.RaftServerConfigKeys (ConfUtils.java:logGet(46)) - raft.server.log.purge.upto.snapshot.index = false (default)
2023-07-12 21:54:17,149 [PipelineCommandHandlerThread-0] INFO  ratis.XceiverServerRatis (XceiverServerRatis.java:addGroup(804)) - Created group PipelineID=254dbbe4-c105-4132-aa7e-093bb777cd5c
2023-07-12 21:54:17,149 [PipelineCommandHandlerThread-0] INFO  commandhandler.CreatePipelineCommandHandler (CreatePipelineCommandHandler.java:lambda$handle$2(124)) - Created Pipeline RATIS ONE PipelineID=254dbbe4-c105-4132-aa7e-093bb777cd5c.
2023-07-12 21:54:17,462 [main] INFO  ozone.MiniOzoneClusterImpl (MiniOzoneClusterImpl.java:lambda$waitForClusterToBeReady$0(224)) - Nodes are ready. Got 3 of 3 DN Heartbeats.
2023-07-12 21:54:17,463 [main] INFO  ozone.MiniOzoneClusterImpl (MiniOzoneClusterImpl.java:lambda$waitForClusterToBeReady$0(227)) - Waiting for cluster to exit safe mode
2023-07-12 21:54:17,463 [main] INFO  ozone.MiniOzoneClusterImpl (MiniOzoneClusterImpl.java:lambda$waitForClusterToBeReady$0(229)) - SCM became leader
2023-07-12 21:54:17,464 [PipelineCommandHandlerThread-0] INFO  server.RaftServer (RaftServerProxy.java:addNew(98)) - 8bfbb087-a02a-4d57-b8a9-f8148fb96c2a: addNew group-C213E9F1D19D:[8bfbb087-a02a-4d57-b8a9-f8148fb96c2a|rpc:10.1.0.20:15067|admin:10.1.0.20:15066|client:10.1.0.20:15065|dataStream:10.1.0.20:15068|priority:1|startupRole:FOLLOWER] returns group-C213E9F1D19D:java.util.concurrent.CompletableFuture@28a360da[Not completed]
2023-07-12 21:54:17,464 [8bfbb087-a02a-4d57-b8a9-f8148fb96c2a-groupManagement] INFO  server.RaftServer$Division (RaftServerImpl.java:<init>(198)) - 8bfbb087-a02a-4d57-b8a9-f8148fb96c2a: new RaftServerImpl for group-C213E9F1D19D:[8bfbb087-a02a-4d57-b8a9-f8148fb96c2a|rpc:10.1.0.20:15067|admin:10.1.0.20:15066|client:10.1.0.20:15065|dataStream:10.1.0.20:15068|priority:1|startupRole:FOLLOWER] with ContainerStateMachine:uninitialized
2023-07-12 21:54:17,464 [8bfbb087-a02a-4d57-b8a9-f8148fb96c2a-groupManagement] INFO  server.RaftServerConfigKeys (ConfUtils.java:logGet(46)) - raft.server.rpc.timeout.min = 5s (custom)
2023-07-12 21:54:17,464 [8bfbb087-a02a-4d57-b8a9-f8148fb96c2a-groupManagement] INFO  server.RaftServerConfigKeys (ConfUtils.java:logGet(46)) - raft.server.rpc.timeout.max = 5200ms (custom)
2023-07-12 21:54:17,464 [8bfbb087-a02a-4d57-b8a9-f8148fb96c2a-groupManagement] INFO  server.RaftServerConfigKeys (ConfUtils.java:logGet(46)) - raft.server.rpc.sleep.time = 25ms (default)
2023-07-12 21:54:17,464 [8bfbb087-a02a-4d57-b8a9-f8148fb96c2a-groupManagement] INFO  server.RaftServerConfigKeys (ConfUtils.java:logGet(46)) - raft.server.rpc.slowness.timeout = 300s (custom)
2023-07-12 21:54:17,464 [8bfbb087-a02a-4d57-b8a9-f8148fb96c2a-groupManagement] INFO  server.RaftServerConfigKeys (ConfUtils.java:logGet(46)) - raft.server.leaderelection.leader.step-down.wait-time = 10s (default)
2023-07-12 21:54:17,465 [8bfbb087-a02a-4d57-b8a9-f8148fb96c2a-groupManagement] INFO  server.RaftServerConfigKeys (ConfUtils.java:logGet(46)) - raft.server.sleep.deviation.threshold = 300ms (default)
2023-07-12 21:54:17,465 [8bfbb087-a02a-4d57-b8a9-f8148fb96c2a-groupManagement] INFO  server.RaftServer$Division (ServerState.java:<init>(120)) - 8bfbb087-a02a-4d57-b8a9-f8148fb96c2a@group-C213E9F1D19D: ConfigurationManager, init=-1: peers:[8bfbb087-a02a-4d57-b8a9-f8148fb96c2a|rpc:10.1.0.20:15067|admin:10.1.0.20:15066|client:10.1.0.20:15065|dataStream:10.1.0.20:15068|priority:1|startupRole:FOLLOWER]|listeners:[], old=null, confs=<EMPTY_MAP>
2023-07-12 21:54:17,465 [8bfbb087-a02a-4d57-b8a9-f8148fb96c2a-groupManagement] INFO  server.RaftServerConfigKeys (ConfUtils.java:logGet(46)) - raft.server.storage.dir = [/home/runner/work/ozone/ozone/hadoop-ozone/integration-test/target/test-dir/MiniOzoneClusterImpl-56d3b7f5-b9ba-49a0-a504-54c96578f2cd/datanode-2/data/ratis] (custom)
2023-07-12 21:54:17,465 [8bfbb087-a02a-4d57-b8a9-f8148fb96c2a-groupManagement] INFO  server.RaftServerConfigKeys (ConfUtils.java:logGet(46)) - raft.server.log.corruption.policy = EXCEPTION (default)
2023-07-12 21:54:17,465 [8bfbb087-a02a-4d57-b8a9-f8148fb96c2a-groupManagement] INFO  server.RaftServerConfigKeys (ConfUtils.java:logGet(46)) - raft.server.storage.free-space.min = 0MB (=0) (default)
2023-07-12 21:54:17,465 [8bfbb087-a02a-4d57-b8a9-f8148fb96c2a-groupManagement] INFO  server.RaftServerConfigKeys (ConfUtils.java:logGet(46)) - raft.server.notification.no-leader.timeout = 300s (custom)
2023-07-12 21:54:17,465 [8bfbb087-a02a-4d57-b8a9-f8148fb96c2a-groupManagement] INFO  server.RaftServerConfigKeys (ConfUtils.java:logGet(46)) - raft.server.read.timeout = 10s (default)
2023-07-12 21:54:17,465 [8bfbb087-a02a-4d57-b8a9-f8148fb96c2a-groupManagement] INFO  server.RaftServerConfigKeys (ConfUtils.java:logGet(46)) - raft.server.retrycache.expirytime = 600000ms (custom)
2023-07-12 21:54:17,465 [8bfbb087-a02a-4d57-b8a9-f8148fb96c2a-groupManagement] INFO  server.RaftServerConfigKeys (ConfUtils.java:logGet(46)) - raft.server.retrycache.statistics.expirytime = 100μs (default)
2023-07-12 21:54:17,465 [8bfbb087-a02a-4d57-b8a9-f8148fb96c2a-groupManagement] INFO  server.RaftServerConfigKeys (ConfUtils.java:logGet(46)) - raft.server.read.option = DEFAULT (default)
2023-07-12 21:54:17,466 [8bfbb087-a02a-4d57-b8a9-f8148fb96c2a-groupManagement] INFO  server.RaftServerConfigKeys (ConfUtils.java:logGet(46)) - raft.server.rpc.request.timeout = 60s (custom)
2023-07-12 21:54:17,466 [8bfbb087-a02a-4d57-b8a9-f8148fb96c2a-groupManagement] INFO  server.RaftServerConfigKeys (ConfUtils.java:logGet(46)) - raft.server.log.appender.install.snapshot.enabled = false (custom)
2023-07-12 21:54:17,466 [8bfbb087-a02a-4d57-b8a9-f8148fb96c2a-groupManagement] INFO  server.RaftServerConfigKeys (ConfUtils.java:logGet(46)) - raft.server.threadpool.server.cached = true (default)
2023-07-12 21:54:17,466 [8bfbb087-a02a-4d57-b8a9-f8148fb96c2a-groupManagement] INFO  server.RaftServerConfigKeys (ConfUtils.java:logGet(46)) - raft.server.threadpool.server.size = 0 (default)
2023-07-12 21:54:17,466 [8bfbb087-a02a-4d57-b8a9-f8148fb96c2a-groupManagement] INFO  server.RaftServerConfigKeys (ConfUtils.java:logGet(46)) - raft.server.threadpool.client.cached = true (default)
2023-07-12 21:54:17,466 [8bfbb087-a02a-4d57-b8a9-f8148fb96c2a-groupManagement] INFO  server.RaftServerConfigKeys (ConfUtils.java:logGet(46)) - raft.server.threadpool.client.size = 0 (default)
2023-07-12 21:54:17,466 [8bfbb087-a02a-4d57-b8a9-f8148fb96c2a-groupManagement] INFO  storage.RaftStorageDirectory (RaftStorageDirectoryImpl.java:analyzeStorage(137)) - The storage directory /home/runner/work/ozone/ozone/hadoop-ozone/integration-test/target/test-dir/MiniOzoneClusterImpl-56d3b7f5-b9ba-49a0-a504-54c96578f2cd/datanode-2/data/ratis/ac317425-5b1b-4389-a3bb-c213e9f1d19d does not exist. Creating ...
2023-07-12 21:54:17,468 [8bfbb087-a02a-4d57-b8a9-f8148fb96c2a-groupManagement] INFO  storage.RaftStorageDirectory (RaftStorageDirectoryImpl.java:tryLock(231)) - Lock on /home/runner/work/ozone/ozone/hadoop-ozone/integration-test/target/test-dir/MiniOzoneClusterImpl-56d3b7f5-b9ba-49a0-a504-54c96578f2cd/datanode-2/data/ratis/ac317425-5b1b-4389-a3bb-c213e9f1d19d/in_use.lock acquired by nodename 107600@fv-az670-842
2023-07-12 21:54:17,470 [8bfbb087-a02a-4d57-b8a9-f8148fb96c2a-groupManagement] INFO  storage.RaftStorage (RaftStorageImpl.java:format(96)) - Storage directory /home/runner/work/ozone/ozone/hadoop-ozone/integration-test/target/test-dir/MiniOzoneClusterImpl-56d3b7f5-b9ba-49a0-a504-54c96578f2cd/datanode-2/data/ratis/ac317425-5b1b-4389-a3bb-c213e9f1d19d has been successfully formatted.
2023-07-12 21:54:17,471 [8bfbb087-a02a-4d57-b8a9-f8148fb96c2a-groupManagement] INFO  ratis.ContainerStateMachine (ContainerStateMachine.java:loadSnapshot(262)) - group-C213E9F1D19D: The snapshot info is null. Setting the last applied indexto:(t:0, i:~)
2023-07-12 21:54:17,471 [8bfbb087-a02a-4d57-b8a9-f8148fb96c2a-groupManagement] INFO  server.RaftServerConfigKeys (ConfUtils.java:logGet(46)) - raft.server.log.use.memory = false (default)
2023-07-12 21:54:17,471 [8bfbb087-a02a-4d57-b8a9-f8148fb96c2a-groupManagement] INFO  server.RaftServerConfigKeys (ConfUtils.java:logGet(46)) - raft.server.log.purge.gap = 1000000 (custom)
2023-07-12 21:54:17,471 [8bfbb087-a02a-4d57-b8a9-f8148fb96c2a-groupManagement] INFO  server.RaftServerConfigKeys (ConfUtils.java:logGet(46)) - raft.server.log.appender.buffer.byte-limit = 33554432 (custom)
2023-07-12 21:54:17,471 [8bfbb087-a02a-4d57-b8a9-f8148fb96c2a-groupManagement] INFO  server.RaftServerConfigKeys (ConfUtils.java:logGet(46)) - raft.server.log.statemachine.data.read.timeout = 1000ms (default)
2023-07-12 21:54:17,471 [8bfbb087-a02a-4d57-b8a9-f8148fb96c2a-groupManagement] INFO  server.RaftServerConfigKeys (ConfUtils.java:logGet(46)) - raft.server.log.purge.preservation.log.num = 0 (default)
2023-07-12 21:54:17,472 [8bfbb087-a02a-4d57-b8a9-f8148fb96c2a-groupManagement] INFO  server.RaftServerConfigKeys (ConfUtils.java:logGet(46)) - raft.server.log.segment.size.max = 1048576 (custom)
2023-07-12 21:54:17,472 [8bfbb087-a02a-4d57-b8a9-f8148fb96c2a-groupManagement] INFO  server.RaftServerConfigKeys (ConfUtils.java:logGet(46)) - raft.server.log.segment.cache.num.max = 2 (custom)
2023-07-12 21:54:17,472 [EventQueue-PipelineReportForPipelineReportHandler] INFO  pipeline.PipelineReportHandler (PipelineReportHandler.java:processPipelineReport(136)) - Opened pipeline PipelineID=ac317425-5b1b-4389-a3bb-c213e9f1d19d
2023-07-12 21:54:17,472 [8bfbb087-a02a-4d57-b8a9-f8148fb96c2a-groupManagement] INFO  server.RaftServerConfigKeys (ConfUtils.java:logGet(46)) - raft.server.log.segment.cache.size.max = 200MB (=209715200) (default)
2023-07-12 21:54:17,472 [8bfbb087-a02a-4d57-b8a9-f8148fb96c2a-groupManagement] INFO  server.RaftServerConfigKeys (ConfUtils.java:logGet(46)) - raft.server.log.appender.buffer.byte-limit = 33554432 (custom)
2023-07-12 21:54:17,472 [EventQueue-OpenPipelineForHealthyPipelineSafeModeRule] INFO  safemode.SCMSafeModeManager (HealthyPipelineSafeModeRule.java:process(137)) - SCM in safe mode. Healthy pipelines reported count is 0, required healthy pipeline reported count is 1
2023-07-12 21:54:17,472 [8bfbb087-a02a-4d57-b8a9-f8148fb96c2a-groupManagement] INFO  segmented.SegmentedRaftLogWorker (SegmentedRaftLogWorker.java:<init>(188)) - new 8bfbb087-a02a-4d57-b8a9-f8148fb96c2a@group-C213E9F1D19D-SegmentedRaftLogWorker for RaftStorageImpl:Storage Directory /home/runner/work/ozone/ozone/hadoop-ozone/integration-test/target/test-dir/MiniOzoneClusterImpl-56d3b7f5-b9ba-49a0-a504-54c96578f2cd/datanode-2/data/ratis/ac317425-5b1b-4389-a3bb-c213e9f1d19d
2023-07-12 21:54:17,472 [8bfbb087-a02a-4d57-b8a9-f8148fb96c2a-groupManagement] INFO  server.RaftServerConfigKeys (ConfUtils.java:logGet(46)) - raft.server.log.queue.byte-limit = 4294967296 (custom)
2023-07-12 21:54:17,472 [8bfbb087-a02a-4d57-b8a9-f8148fb96c2a-groupManagement] INFO  server.RaftServerConfigKeys (ConfUtils.java:logGet(46)) - raft.server.log.queue.element-limit = 1024 (custom)
2023-07-12 21:54:17,472 [8bfbb087-a02a-4d57-b8a9-f8148fb96c2a-groupManagement] INFO  server.RaftServerConfigKeys (ConfUtils.java:logGet(46)) - raft.server.log.segment.size.max = 1048576 (custom)
2023-07-12 21:54:17,472 [8bfbb087-a02a-4d57-b8a9-f8148fb96c2a-groupManagement] INFO  server.RaftServerConfigKeys (ConfUtils.java:logGet(46)) - raft.server.log.preallocated.size = 16384 (custom)
2023-07-12 21:54:17,472 [8bfbb087-a02a-4d57-b8a9-f8148fb96c2a-groupManagement] INFO  server.RaftServerConfigKeys (ConfUtils.java:logGet(46)) - raft.server.log.force.sync.num = 128 (default)
2023-07-12 21:54:17,472 [8bfbb087-a02a-4d57-b8a9-f8148fb96c2a-groupManagement] INFO  server.RaftServerConfigKeys (ConfUtils.java:logGet(46)) - raft.server.log.statemachine.data.sync = true (default)
2023-07-12 21:54:17,472 [8bfbb087-a02a-4d57-b8a9-f8148fb96c2a-groupManagement] INFO  server.RaftServerConfigKeys (ConfUtils.java:logGet(46)) - raft.server.log.statemachine.data.sync.timeout = 10s (default)
2023-07-12 21:54:17,472 [8bfbb087-a02a-4d57-b8a9-f8148fb96c2a-groupManagement] INFO  server.RaftServerConfigKeys (ConfUtils.java:logGet(46)) - raft.server.log.statemachine.data.sync.timeout.retry = -1 (default)
2023-07-12 21:54:17,473 [8bfbb087-a02a-4d57-b8a9-f8148fb96c2a-groupManagement] INFO  server.RaftServerConfigKeys (ConfUtils.java:logGet(46)) - raft.server.log.write.buffer.size = 1048576 (custom)
2023-07-12 21:54:17,473 [8bfbb087-a02a-4d57-b8a9-f8148fb96c2a-groupManagement] INFO  server.RaftServerConfigKeys (ConfUtils.java:logGet(46)) - raft.server.log.appender.buffer.byte-limit = 33554432 (custom)
2023-07-12 21:54:17,476 [8bfbb087-a02a-4d57-b8a9-f8148fb96c2a-groupManagement] INFO  server.RaftServerConfigKeys (ConfUtils.java:logGet(46)) - raft.server.log.unsafe-flush.enabled = false (default)
2023-07-12 21:54:17,476 [8bfbb087-a02a-4d57-b8a9-f8148fb96c2a-groupManagement] INFO  server.RaftServerConfigKeys (ConfUtils.java:logGet(46)) - raft.server.log.async-flush.enabled = false (default)
2023-07-12 21:54:17,476 [8bfbb087-a02a-4d57-b8a9-f8148fb96c2a-groupManagement] INFO  server.RaftServerConfigKeys (ConfUtils.java:logGet(46)) - raft.server.log.statemachine.data.caching.enabled = true (custom)
2023-07-12 21:54:17,477 [8bfbb087-a02a-4d57-b8a9-f8148fb96c2a-groupManagement] INFO  segmented.SegmentedRaftLogWorker (SegmentedRaftLogWorker.java:lambda$new$0(135)) - 8bfbb087-a02a-4d57-b8a9-f8148fb96c2a@group-C213E9F1D19D-SegmentedRaftLogWorker: flushIndex: setUnconditionally 0 -> -1
2023-07-12 21:54:17,477 [8bfbb087-a02a-4d57-b8a9-f8148fb96c2a-groupManagement] INFO  segmented.SegmentedRaftLogWorker (SegmentedRaftLogWorker.java:lambda$new$0(135)) - 8bfbb087-a02a-4d57-b8a9-f8148fb96c2a@group-C213E9F1D19D-SegmentedRaftLogWorker: safeCacheEvictIndex: setUnconditionally 0 -> -1
2023-07-12 21:54:17,477 [8bfbb087-a02a-4d57-b8a9-f8148fb96c2a-groupManagement] INFO  server.RaftServer$Division (RaftServerImpl.java:start(342)) - 8bfbb087-a02a-4d57-b8a9-f8148fb96c2a@group-C213E9F1D19D: start as a follower, conf=-1: peers:[8bfbb087-a02a-4d57-b8a9-f8148fb96c2a|rpc:10.1.0.20:15067|admin:10.1.0.20:15066|client:10.1.0.20:15065|dataStream:10.1.0.20:15068|priority:1|startupRole:FOLLOWER]|listeners:[], old=null
2023-07-12 21:54:17,477 [8bfbb087-a02a-4d57-b8a9-f8148fb96c2a-groupManagement] INFO  server.RaftServer$Division (RaftServerImpl.java:setRole(329)) - 8bfbb087-a02a-4d57-b8a9-f8148fb96c2a@group-C213E9F1D19D: changes role from      null to FOLLOWER at term 0 for startAsFollower
2023-07-12 21:54:17,477 [8bfbb087-a02a-4d57-b8a9-f8148fb96c2a-groupManagement] INFO  impl.RoleInfo (RoleInfo.java:updateAndGet(139)) - 8bfbb087-a02a-4d57-b8a9-f8148fb96c2a: start 8bfbb087-a02a-4d57-b8a9-f8148fb96c2a@group-C213E9F1D19D-FollowerState
2023-07-12 21:54:17,479 [8bfbb087-a02a-4d57-b8a9-f8148fb96c2a-groupManagement] INFO  util.JmxRegister (JmxRegister.java:tryRegister(44)) - Successfully registered JMX Bean with object name Ratis:service=RaftServer,group=group-C213E9F1D19D,id=8bfbb087-a02a-4d57-b8a9-f8148fb96c2a
2023-07-12 21:54:17,479 [8bfbb087-a02a-4d57-b8a9-f8148fb96c2a-groupManagement] INFO  server.RaftServerConfigKeys (ConfUtils.java:logGet(46)) - raft.server.snapshot.auto.trigger.enabled = true (custom)
2023-07-12 21:54:17,479 [8bfbb087-a02a-4d57-b8a9-f8148fb96c2a-groupManagement] INFO  server.RaftServerConfigKeys (ConfUtils.java:logGet(46)) - raft.server.snapshot.auto.trigger.threshold = 10000 (custom)
2023-07-12 21:54:17,479 [8bfbb087-a02a-4d57-b8a9-f8148fb96c2a-groupManagement] INFO  server.RaftServerConfigKeys (ConfUtils.java:logGet(46)) - raft.server.snapshot.retention.file.num = 5 (custom)
2023-07-12 21:54:17,479 [8bfbb087-a02a-4d57-b8a9-f8148fb96c2a-groupManagement] INFO  server.RaftServerConfigKeys (ConfUtils.java:logGet(46)) - raft.server.log.purge.upto.snapshot.index = false (default)
2023-07-12 21:54:17,479 [8bfbb087-a02a-4d57-b8a9-f8148fb96c2a@group-C213E9F1D19D-FollowerState] INFO  server.RaftServerConfigKeys (ConfUtils.java:logFallback(53)) - raft.server.rpc.first-election.timeout.min = 5s (fallback to raft.server.rpc.timeout.min)
2023-07-12 21:54:17,480 [PipelineCommandHandlerThread-0] INFO  ratis.XceiverServerRatis (XceiverServerRatis.java:addGroup(804)) - Created group PipelineID=ac317425-5b1b-4389-a3bb-c213e9f1d19d
2023-07-12 21:54:17,480 [PipelineCommandHandlerThread-0] INFO  commandhandler.CreatePipelineCommandHandler (CreatePipelineCommandHandler.java:lambda$handle$2(124)) - Created Pipeline RATIS ONE PipelineID=ac317425-5b1b-4389-a3bb-c213e9f1d19d.
2023-07-12 21:54:17,480 [8bfbb087-a02a-4d57-b8a9-f8148fb96c2a@group-C213E9F1D19D-FollowerState] INFO  server.RaftServerConfigKeys (ConfUtils.java:logFallback(53)) - raft.server.rpc.first-election.timeout.max = 5200ms (fallback to raft.server.rpc.timeout.max)
2023-07-12 21:54:18,463 [main] INFO  ozone.MiniOzoneClusterImpl (MiniOzoneClusterImpl.java:lambda$waitForClusterToBeReady$0(224)) - Nodes are ready. Got 3 of 3 DN Heartbeats.
2023-07-12 21:54:18,463 [main] INFO  ozone.MiniOzoneClusterImpl (MiniOzoneClusterImpl.java:lambda$waitForClusterToBeReady$0(227)) - Waiting for cluster to exit safe mode
2023-07-12 21:54:18,463 [main] INFO  ozone.MiniOzoneClusterImpl (MiniOzoneClusterImpl.java:lambda$waitForClusterToBeReady$0(229)) - SCM became leader
2023-07-12 21:54:19,464 [main] INFO  ozone.MiniOzoneClusterImpl (MiniOzoneClusterImpl.java:lambda$waitForClusterToBeReady$0(224)) - Nodes are ready. Got 3 of 3 DN Heartbeats.
2023-07-12 21:54:19,464 [main] INFO  ozone.MiniOzoneClusterImpl (MiniOzoneClusterImpl.java:lambda$waitForClusterToBeReady$0(227)) - Waiting for cluster to exit safe mode
2023-07-12 21:54:19,464 [main] INFO  ozone.MiniOzoneClusterImpl (MiniOzoneClusterImpl.java:lambda$waitForClusterToBeReady$0(229)) - SCM became leader
2023-07-12 21:54:20,464 [main] INFO  ozone.MiniOzoneClusterImpl (MiniOzoneClusterImpl.java:lambda$waitForClusterToBeReady$0(224)) - Nodes are ready. Got 3 of 3 DN Heartbeats.
2023-07-12 21:54:20,464 [main] INFO  ozone.MiniOzoneClusterImpl (MiniOzoneClusterImpl.java:lambda$waitForClusterToBeReady$0(227)) - Waiting for cluster to exit safe mode
2023-07-12 21:54:20,464 [main] INFO  ozone.MiniOzoneClusterImpl (MiniOzoneClusterImpl.java:lambda$waitForClusterToBeReady$0(229)) - SCM became leader
2023-07-12 21:54:21,465 [main] INFO  ozone.MiniOzoneClusterImpl (MiniOzoneClusterImpl.java:lambda$waitForClusterToBeReady$0(224)) - Nodes are ready. Got 3 of 3 DN Heartbeats.
2023-07-12 21:54:21,465 [main] INFO  ozone.MiniOzoneClusterImpl (MiniOzoneClusterImpl.java:lambda$waitForClusterToBeReady$0(227)) - Waiting for cluster to exit safe mode
2023-07-12 21:54:21,465 [main] INFO  ozone.MiniOzoneClusterImpl (MiniOzoneClusterImpl.java:lambda$waitForClusterToBeReady$0(229)) - SCM became leader
2023-07-12 21:54:21,893 [8bfbb087-a02a-4d57-b8a9-f8148fb96c2a@group-6AF31780527C-FollowerState] INFO  impl.FollowerState (FollowerState.java:run(143)) - 8bfbb087-a02a-4d57-b8a9-f8148fb96c2a@group-6AF31780527C-FollowerState: change to CANDIDATE, lastRpcElapsedTime:5043264702ns, electionTimeout:5042ms
2023-07-12 21:54:21,893 [8bfbb087-a02a-4d57-b8a9-f8148fb96c2a@group-6AF31780527C-FollowerState] INFO  impl.RoleInfo (RoleInfo.java:shutdownFollowerState(110)) - 8bfbb087-a02a-4d57-b8a9-f8148fb96c2a: shutdown 8bfbb087-a02a-4d57-b8a9-f8148fb96c2a@group-6AF31780527C-FollowerState
2023-07-12 21:54:21,894 [8bfbb087-a02a-4d57-b8a9-f8148fb96c2a@group-6AF31780527C-FollowerState] INFO  server.RaftServer$Division (RaftServerImpl.java:setRole(329)) - 8bfbb087-a02a-4d57-b8a9-f8148fb96c2a@group-6AF31780527C: changes role from  FOLLOWER to CANDIDATE at term 0 for changeToCandidate
2023-07-12 21:54:21,894 [8bfbb087-a02a-4d57-b8a9-f8148fb96c2a@group-6AF31780527C-FollowerState] INFO  server.RaftServerConfigKeys (ConfUtils.java:logGet(46)) - raft.server.leaderelection.pre-vote = true (default)
2023-07-12 21:54:21,894 [8bfbb087-a02a-4d57-b8a9-f8148fb96c2a@group-6AF31780527C-FollowerState] INFO  impl.RoleInfo (RoleInfo.java:updateAndGet(139)) - 8bfbb087-a02a-4d57-b8a9-f8148fb96c2a: start 8bfbb087-a02a-4d57-b8a9-f8148fb96c2a@group-6AF31780527C-LeaderElection9
2023-07-12 21:54:21,898 [8bfbb087-a02a-4d57-b8a9-f8148fb96c2a@group-6AF31780527C-LeaderElection9] INFO  impl.LeaderElection (LeaderElection.java:askForVotes(321)) - 8bfbb087-a02a-4d57-b8a9-f8148fb96c2a@group-6AF31780527C-LeaderElection9 PRE_VOTE round 0: submit vote requests at term 0 for -1: peers:[42b4a456-befe-4bab-a9c2-24b02b86258a|rpc:10.1.0.20:15058|admin:10.1.0.20:15057|client:10.1.0.20:15056|dataStream:10.1.0.20:15059|priority:0|startupRole:FOLLOWER, 8bfbb087-a02a-4d57-b8a9-f8148fb96c2a|rpc:10.1.0.20:15067|admin:10.1.0.20:15066|client:10.1.0.20:15065|dataStream:10.1.0.20:15068|priority:0|startupRole:FOLLOWER, fe338567-e8a2-46f7-b85c-9d0af5bd64ed|rpc:10.1.0.20:15049|admin:10.1.0.20:15048|client:10.1.0.20:15047|dataStream:10.1.0.20:15050|priority:1|startupRole:FOLLOWER]|listeners:[], old=null
2023-07-12 21:54:21,898 [8bfbb087-a02a-4d57-b8a9-f8148fb96c2a@group-6AF31780527C-LeaderElection9] INFO  server.RaftServerConfigKeys (ConfUtils.java:logFallback(53)) - raft.server.rpc.first-election.timeout.min = 5s (fallback to raft.server.rpc.timeout.min)
2023-07-12 21:54:21,898 [8bfbb087-a02a-4d57-b8a9-f8148fb96c2a@group-6AF31780527C-LeaderElection9-1] INFO  server.GrpcServerProtocolClient (GrpcServerProtocolClient.java:<init>(65)) - Build channel for 42b4a456-befe-4bab-a9c2-24b02b86258a
2023-07-12 21:54:21,898 [8bfbb087-a02a-4d57-b8a9-f8148fb96c2a@group-6AF31780527C-LeaderElection9] INFO  server.RaftServerConfigKeys (ConfUtils.java:logFallback(53)) - raft.server.rpc.first-election.timeout.max = 5200ms (fallback to raft.server.rpc.timeout.max)
2023-07-12 21:54:21,899 [8bfbb087-a02a-4d57-b8a9-f8148fb96c2a@group-6AF31780527C-LeaderElection9-2] INFO  server.GrpcServerProtocolClient (GrpcServerProtocolClient.java:<init>(65)) - Build channel for fe338567-e8a2-46f7-b85c-9d0af5bd64ed
2023-07-12 21:54:21,913 [grpc-default-executor-0] INFO  server.RaftServer$Division (RaftServerImpl.java:requestVote(1302)) - 42b4a456-befe-4bab-a9c2-24b02b86258a@group-6AF31780527C: receive requestVote(PRE_VOTE, 8bfbb087-a02a-4d57-b8a9-f8148fb96c2a, group-6AF31780527C, 0, (t:0, i:0))
2023-07-12 21:54:21,913 [grpc-default-executor-0] INFO  impl.VoteContext (VoteContext.java:log(49)) - 42b4a456-befe-4bab-a9c2-24b02b86258a@group-6AF31780527C-FOLLOWER: accept PRE_VOTE from 8bfbb087-a02a-4d57-b8a9-f8148fb96c2a: our priority 0 <= candidate's priority 0
2023-07-12 21:54:21,913 [grpc-default-executor-0] INFO  server.RaftServer$Division (RaftServerImpl.java:requestVote(1335)) - 42b4a456-befe-4bab-a9c2-24b02b86258a@group-6AF31780527C replies to PRE_VOTE vote request: 8bfbb087-a02a-4d57-b8a9-f8148fb96c2a<-42b4a456-befe-4bab-a9c2-24b02b86258a#0:OK-t0. Peer's state: 42b4a456-befe-4bab-a9c2-24b02b86258a@group-6AF31780527C:t0, leader=null, voted=, raftlog=Memoized:42b4a456-befe-4bab-a9c2-24b02b86258a@group-6AF31780527C-SegmentedRaftLog:OPENED:c-1, conf=-1: peers:[42b4a456-befe-4bab-a9c2-24b02b86258a|rpc:10.1.0.20:15058|admin:10.1.0.20:15057|client:10.1.0.20:15056|dataStream:10.1.0.20:15059|priority:0|startupRole:FOLLOWER, 8bfbb087-a02a-4d57-b8a9-f8148fb96c2a|rpc:10.1.0.20:15067|admin:10.1.0.20:15066|client:10.1.0.20:15065|dataStream:10.1.0.20:15068|priority:0|startupRole:FOLLOWER, fe338567-e8a2-46f7-b85c-9d0af5bd64ed|rpc:10.1.0.20:15049|admin:10.1.0.20:15048|client:10.1.0.20:15047|dataStream:10.1.0.20:15050|priority:1|startupRole:FOLLOWER]|listeners:[], old=null
2023-07-12 21:54:21,921 [grpc-default-executor-0] INFO  server.RaftServer$Division (RaftServerImpl.java:requestVote(1302)) - fe338567-e8a2-46f7-b85c-9d0af5bd64ed@group-6AF31780527C: receive requestVote(PRE_VOTE, 8bfbb087-a02a-4d57-b8a9-f8148fb96c2a, group-6AF31780527C, 0, (t:0, i:0))
2023-07-12 21:54:21,921 [grpc-default-executor-0] INFO  impl.VoteContext (VoteContext.java:log(49)) - fe338567-e8a2-46f7-b85c-9d0af5bd64ed@group-6AF31780527C-FOLLOWER: reject PRE_VOTE from 8bfbb087-a02a-4d57-b8a9-f8148fb96c2a: our priority 1 > candidate's priority 0
2023-07-12 21:54:21,921 [grpc-default-executor-0] INFO  server.RaftServer$Division (RaftServerImpl.java:requestVote(1335)) - fe338567-e8a2-46f7-b85c-9d0af5bd64ed@group-6AF31780527C replies to PRE_VOTE vote request: 8bfbb087-a02a-4d57-b8a9-f8148fb96c2a<-fe338567-e8a2-46f7-b85c-9d0af5bd64ed#0:FAIL-t0. Peer's state: fe338567-e8a2-46f7-b85c-9d0af5bd64ed@group-6AF31780527C:t0, leader=null, voted=, raftlog=Memoized:fe338567-e8a2-46f7-b85c-9d0af5bd64ed@group-6AF31780527C-SegmentedRaftLog:OPENED:c-1, conf=-1: peers:[42b4a456-befe-4bab-a9c2-24b02b86258a|rpc:10.1.0.20:15058|admin:10.1.0.20:15057|client:10.1.0.20:15056|dataStream:10.1.0.20:15059|priority:0|startupRole:FOLLOWER, 8bfbb087-a02a-4d57-b8a9-f8148fb96c2a|rpc:10.1.0.20:15067|admin:10.1.0.20:15066|client:10.1.0.20:15065|dataStream:10.1.0.20:15068|priority:0|startupRole:FOLLOWER, fe338567-e8a2-46f7-b85c-9d0af5bd64ed|rpc:10.1.0.20:15049|admin:10.1.0.20:15048|client:10.1.0.20:15047|dataStream:10.1.0.20:15050|priority:1|startupRole:FOLLOWER]|listeners:[], old=null
2023-07-12 21:54:21,922 [8bfbb087-a02a-4d57-b8a9-f8148fb96c2a@group-6AF31780527C-LeaderElection9] INFO  impl.LeaderElection (LeaderElection.java:logAndReturn(90)) - 8bfbb087-a02a-4d57-b8a9-f8148fb96c2a@group-6AF31780527C-LeaderElection9: PRE_VOTE REJECTED received 2 response(s) and 0 exception(s):
2023-07-12 21:54:21,922 [8bfbb087-a02a-4d57-b8a9-f8148fb96c2a@group-6AF31780527C-LeaderElection9] INFO  impl.LeaderElection (LeaderElection.java:logAndReturn(94)) -   Response 0: 8bfbb087-a02a-4d57-b8a9-f8148fb96c2a<-42b4a456-befe-4bab-a9c2-24b02b86258a#0:OK-t0
2023-07-12 21:54:21,922 [8bfbb087-a02a-4d57-b8a9-f8148fb96c2a@group-6AF31780527C-LeaderElection9] INFO  impl.LeaderElection (LeaderElection.java:logAndReturn(94)) -   Response 1: 8bfbb087-a02a-4d57-b8a9-f8148fb96c2a<-fe338567-e8a2-46f7-b85c-9d0af5bd64ed#0:FAIL-t0
2023-07-12 21:54:21,923 [8bfbb087-a02a-4d57-b8a9-f8148fb96c2a@group-6AF31780527C-LeaderElection9] INFO  impl.LeaderElection (LeaderElection.java:askForVotes(323)) - 8bfbb087-a02a-4d57-b8a9-f8148fb96c2a@group-6AF31780527C-LeaderElection9 PRE_VOTE round 0: result REJECTED
2023-07-12 21:54:21,923 [8bfbb087-a02a-4d57-b8a9-f8148fb96c2a@group-6AF31780527C-LeaderElection9] INFO  server.RaftServer$Division (RaftServerImpl.java:setRole(329)) - 8bfbb087-a02a-4d57-b8a9-f8148fb96c2a@group-6AF31780527C: changes role from CANDIDATE to FOLLOWER at term 0 for REJECTED
2023-07-12 21:54:21,923 [8bfbb087-a02a-4d57-b8a9-f8148fb96c2a@group-6AF31780527C-LeaderElection9] INFO  impl.RoleInfo (RoleInfo.java:shutdownLeaderElection(130)) - 8bfbb087-a02a-4d57-b8a9-f8148fb96c2a: shutdown 8bfbb087-a02a-4d57-b8a9-f8148fb96c2a@group-6AF31780527C-LeaderElection9
2023-07-12 21:54:21,923 [8bfbb087-a02a-4d57-b8a9-f8148fb96c2a@group-6AF31780527C-LeaderElection9] INFO  impl.RoleInfo (RoleInfo.java:updateAndGet(139)) - 8bfbb087-a02a-4d57-b8a9-f8148fb96c2a: start 8bfbb087-a02a-4d57-b8a9-f8148fb96c2a@group-6AF31780527C-FollowerState
2023-07-12 21:54:21,933 [fe338567-e8a2-46f7-b85c-9d0af5bd64ed@group-A9E476FB6093-FollowerState] INFO  impl.FollowerState (FollowerState.java:run(143)) - fe338567-e8a2-46f7-b85c-9d0af5bd64ed@group-A9E476FB6093-FollowerState: change to CANDIDATE, lastRpcElapsedTime:5143021538ns, electionTimeout:5139ms
2023-07-12 21:54:21,934 [fe338567-e8a2-46f7-b85c-9d0af5bd64ed@group-A9E476FB6093-FollowerState] INFO  impl.RoleInfo (RoleInfo.java:shutdownFollowerState(110)) - fe338567-e8a2-46f7-b85c-9d0af5bd64ed: shutdown fe338567-e8a2-46f7-b85c-9d0af5bd64ed@group-A9E476FB6093-FollowerState
2023-07-12 21:54:21,934 [fe338567-e8a2-46f7-b85c-9d0af5bd64ed@group-A9E476FB6093-FollowerState] INFO  server.RaftServer$Division (RaftServerImpl.java:setRole(329)) - fe338567-e8a2-46f7-b85c-9d0af5bd64ed@group-A9E476FB6093: changes role from  FOLLOWER to CANDIDATE at term 0 for changeToCandidate
2023-07-12 21:54:21,934 [fe338567-e8a2-46f7-b85c-9d0af5bd64ed@group-A9E476FB6093-FollowerState] INFO  server.RaftServerConfigKeys (ConfUtils.java:logGet(46)) - raft.server.leaderelection.pre-vote = true (default)
2023-07-12 21:54:21,934 [fe338567-e8a2-46f7-b85c-9d0af5bd64ed@group-A9E476FB6093-FollowerState] INFO  impl.RoleInfo (RoleInfo.java:updateAndGet(139)) - fe338567-e8a2-46f7-b85c-9d0af5bd64ed: start fe338567-e8a2-46f7-b85c-9d0af5bd64ed@group-A9E476FB6093-LeaderElection10
2023-07-12 21:54:21,936 [fe338567-e8a2-46f7-b85c-9d0af5bd64ed@group-A9E476FB6093-LeaderElection10] INFO  impl.LeaderElection (LeaderElection.java:askForVotes(321)) - fe338567-e8a2-46f7-b85c-9d0af5bd64ed@group-A9E476FB6093-LeaderElection10 PRE_VOTE round 0: submit vote requests at term 0 for -1: peers:[fe338567-e8a2-46f7-b85c-9d0af5bd64ed|rpc:10.1.0.20:15049|admin:10.1.0.20:15048|client:10.1.0.20:15047|dataStream:10.1.0.20:15050|priority:1|startupRole:FOLLOWER]|listeners:[], old=null
2023-07-12 21:54:21,936 [fe338567-e8a2-46f7-b85c-9d0af5bd64ed@group-A9E476FB6093-LeaderElection10] INFO  impl.LeaderElection (LeaderElection.java:askForVotes(323)) - fe338567-e8a2-46f7-b85c-9d0af5bd64ed@group-A9E476FB6093-LeaderElection10 PRE_VOTE round 0: result PASSED (term=0)
2023-07-12 21:54:21,938 [fe338567-e8a2-46f7-b85c-9d0af5bd64ed@group-A9E476FB6093-LeaderElection10] INFO  impl.LeaderElection (LeaderElection.java:askForVotes(321)) - fe338567-e8a2-46f7-b85c-9d0af5bd64ed@group-A9E476FB6093-LeaderElection10 ELECTION round 0: submit vote requests at term 1 for -1: peers:[fe338567-e8a2-46f7-b85c-9d0af5bd64ed|rpc:10.1.0.20:15049|admin:10.1.0.20:15048|client:10.1.0.20:15047|dataStream:10.1.0.20:15050|priority:1|startupRole:FOLLOWER]|listeners:[], old=null
2023-07-12 21:54:21,938 [fe338567-e8a2-46f7-b85c-9d0af5bd64ed@group-A9E476FB6093-LeaderElection10] INFO  impl.LeaderElection (LeaderElection.java:askForVotes(323)) - fe338567-e8a2-46f7-b85c-9d0af5bd64ed@group-A9E476FB6093-LeaderElection10 ELECTION round 0: result PASSED (term=1)
2023-07-12 21:54:21,938 [fe338567-e8a2-46f7-b85c-9d0af5bd64ed@group-A9E476FB6093-LeaderElection10] INFO  impl.RoleInfo (RoleInfo.java:shutdownLeaderElection(130)) - fe338567-e8a2-46f7-b85c-9d0af5bd64ed: shutdown fe338567-e8a2-46f7-b85c-9d0af5bd64ed@group-A9E476FB6093-LeaderElection10
2023-07-12 21:54:21,938 [fe338567-e8a2-46f7-b85c-9d0af5bd64ed@group-A9E476FB6093-LeaderElection10] INFO  server.RaftServer$Division (RaftServerImpl.java:setRole(329)) - fe338567-e8a2-46f7-b85c-9d0af5bd64ed@group-A9E476FB6093: changes role from CANDIDATE to LEADER at term 1 for changeToLeader
2023-07-12 21:54:21,938 [fe338567-e8a2-46f7-b85c-9d0af5bd64ed@group-A9E476FB6093-LeaderElection10] INFO  ratis.XceiverServerRatis (XceiverServerRatis.java:handleLeaderChangedNotification(902)) - Leader change notification received for group: group-A9E476FB6093 with new leaderId: fe338567-e8a2-46f7-b85c-9d0af5bd64ed
2023-07-12 21:54:21,938 [fe338567-e8a2-46f7-b85c-9d0af5bd64ed@group-A9E476FB6093-LeaderElection10] INFO  server.RaftServer$Division (ServerState.java:setLeader(317)) - fe338567-e8a2-46f7-b85c-9d0af5bd64ed@group-A9E476FB6093: change Leader from null to fe338567-e8a2-46f7-b85c-9d0af5bd64ed at term 1 for becomeLeader, leader elected after 5160ms
2023-07-12 21:54:21,938 [fe338567-e8a2-46f7-b85c-9d0af5bd64ed@group-A9E476FB6093-LeaderElection10] INFO  server.RaftServerConfigKeys (ConfUtils.java:logGet(46)) - raft.server.staging.catchup.gap = 1000 (default)
2023-07-12 21:54:21,939 [fe338567-e8a2-46f7-b85c-9d0af5bd64ed@group-A9E476FB6093-LeaderElection10] INFO  server.RaftServerConfigKeys (ConfUtils.java:logGet(46)) - raft.server.write.element-limit = 1024 (custom)
2023-07-12 21:54:21,939 [fe338567-e8a2-46f7-b85c-9d0af5bd64ed@group-A9E476FB6093-LeaderElection10] INFO  server.RaftServerConfigKeys (ConfUtils.java:logGet(46)) - raft.server.write.byte-limit = 1024 M (=1073741824) (custom)
2023-07-12 21:54:21,939 [EventQueue-OpenPipelineForHealthyPipelineSafeModeRule] INFO  safemode.SCMSafeModeManager (HealthyPipelineSafeModeRule.java:process(137)) - SCM in safe mode. Healthy pipelines reported count is 0, required healthy pipeline reported count is 1
2023-07-12 21:54:21,940 [fe338567-e8a2-46f7-b85c-9d0af5bd64ed@group-A9E476FB6093-LeaderElection10] INFO  server.RaftServerConfigKeys (ConfUtils.java:logGet(46)) - raft.server.watch.timeout = 180s (custom)
2023-07-12 21:54:21,940 [fe338567-e8a2-46f7-b85c-9d0af5bd64ed@group-A9E476FB6093-LeaderElection10] INFO  server.RaftServerConfigKeys (ConfUtils.java:logGet(46)) - raft.server.watch.timeout.denomination = 1s (default)
2023-07-12 21:54:21,940 [fe338567-e8a2-46f7-b85c-9d0af5bd64ed@group-A9E476FB6093-LeaderElection10] INFO  server.RaftServerConfigKeys (ConfUtils.java:logGet(46)) - raft.server.watch.element-limit = 65536 (default)
2023-07-12 21:54:21,940 [fe338567-e8a2-46f7-b85c-9d0af5bd64ed@group-A9E476FB6093-LeaderElection10] INFO  server.RaftServerConfigKeys (ConfUtils.java:logGet(46)) - raft.server.write.element-limit = 1024 (custom)
2023-07-12 21:54:21,940 [fe338567-e8a2-46f7-b85c-9d0af5bd64ed@group-A9E476FB6093-LeaderElection10] INFO  server.RaftServerConfigKeys (ConfUtils.java:logGet(46)) - raft.server.write.follower.gap.ratio.max = -1.0 (default)
2023-07-12 21:54:21,940 [fe338567-e8a2-46f7-b85c-9d0af5bd64ed@group-A9E476FB6093-LeaderElection10] INFO  impl.RoleInfo (RoleInfo.java:updateAndGet(139)) - fe338567-e8a2-46f7-b85c-9d0af5bd64ed: start fe338567-e8a2-46f7-b85c-9d0af5bd64ed@group-A9E476FB6093-LeaderStateImpl
2023-07-12 21:54:21,941 [fe338567-e8a2-46f7-b85c-9d0af5bd64ed@group-A9E476FB6093-LeaderElection10] INFO  segmented.SegmentedRaftLogWorker (SegmentedRaftLogWorker.java:startLogSegment(447)) - fe338567-e8a2-46f7-b85c-9d0af5bd64ed@group-A9E476FB6093-SegmentedRaftLogWorker: Starting segment from index:0
2023-07-12 21:54:21,945 [fe338567-e8a2-46f7-b85c-9d0af5bd64ed@group-A9E476FB6093-LeaderElection10] INFO  server.RaftServer$Division (ServerState.java:setRaftConf(434)) - fe338567-e8a2-46f7-b85c-9d0af5bd64ed@group-A9E476FB6093: set configuration 0: peers:[fe338567-e8a2-46f7-b85c-9d0af5bd64ed|rpc:10.1.0.20:15049|admin:10.1.0.20:15048|client:10.1.0.20:15047|dataStream:10.1.0.20:15050|priority:1|startupRole:FOLLOWER]|listeners:[], old=null
2023-07-12 21:54:21,947 [fe338567-e8a2-46f7-b85c-9d0af5bd64ed@group-A9E476FB6093-SegmentedRaftLogWorker] INFO  segmented.SegmentedRaftLogWorker (SegmentedRaftLogWorker.java:execute(651)) - fe338567-e8a2-46f7-b85c-9d0af5bd64ed@group-A9E476FB6093-SegmentedRaftLogWorker: created new log segment /home/runner/work/ozone/ozone/hadoop-ozone/integration-test/target/test-dir/MiniOzoneClusterImpl-56d3b7f5-b9ba-49a0-a504-54c96578f2cd/datanode-0/data/ratis/3c047c08-1387-452f-9e40-a9e476fb6093/current/log_inprogress_0
2023-07-12 21:54:21,962 [8bfbb087-a02a-4d57-b8a9-f8148fb96c2a@group-4B50744322CC-FollowerState] INFO  impl.FollowerState (FollowerState.java:run(143)) - 8bfbb087-a02a-4d57-b8a9-f8148fb96c2a@group-4B50744322CC-FollowerState: change to CANDIDATE, lastRpcElapsedTime:5020802784ns, electionTimeout:5012ms
2023-07-12 21:54:21,963 [8bfbb087-a02a-4d57-b8a9-f8148fb96c2a@group-4B50744322CC-FollowerState] INFO  impl.RoleInfo (RoleInfo.java:shutdownFollowerState(110)) - 8bfbb087-a02a-4d57-b8a9-f8148fb96c2a: shutdown 8bfbb087-a02a-4d57-b8a9-f8148fb96c2a@group-4B50744322CC-FollowerState
2023-07-12 21:54:21,963 [8bfbb087-a02a-4d57-b8a9-f8148fb96c2a@group-4B50744322CC-FollowerState] INFO  server.RaftServer$Division (RaftServerImpl.java:setRole(329)) - 8bfbb087-a02a-4d57-b8a9-f8148fb96c2a@group-4B50744322CC: changes role from  FOLLOWER to CANDIDATE at term 0 for changeToCandidate
2023-07-12 21:54:21,963 [8bfbb087-a02a-4d57-b8a9-f8148fb96c2a@group-4B50744322CC-FollowerState] INFO  server.RaftServerConfigKeys (ConfUtils.java:logGet(46)) - raft.server.leaderelection.pre-vote = true (default)
2023-07-12 21:54:21,963 [8bfbb087-a02a-4d57-b8a9-f8148fb96c2a@group-4B50744322CC-FollowerState] INFO  impl.RoleInfo (RoleInfo.java:updateAndGet(139)) - 8bfbb087-a02a-4d57-b8a9-f8148fb96c2a: start 8bfbb087-a02a-4d57-b8a9-f8148fb96c2a@group-4B50744322CC-LeaderElection11
2023-07-12 21:54:21,965 [8bfbb087-a02a-4d57-b8a9-f8148fb96c2a@group-4B50744322CC-LeaderElection11] INFO  impl.LeaderElection (LeaderElection.java:askForVotes(321)) - 8bfbb087-a02a-4d57-b8a9-f8148fb96c2a@group-4B50744322CC-LeaderElection11 PRE_VOTE round 0: submit vote requests at term 0 for -1: peers:[42b4a456-befe-4bab-a9c2-24b02b86258a|rpc:10.1.0.20:15058|admin:10.1.0.20:15057|client:10.1.0.20:15056|dataStream:10.1.0.20:15059|priority:1|startupRole:FOLLOWER, 8bfbb087-a02a-4d57-b8a9-f8148fb96c2a|rpc:10.1.0.20:15067|admin:10.1.0.20:15066|client:10.1.0.20:15065|dataStream:10.1.0.20:15068|priority:0|startupRole:FOLLOWER, fe338567-e8a2-46f7-b85c-9d0af5bd64ed|rpc:10.1.0.20:15049|admin:10.1.0.20:15048|client:10.1.0.20:15047|dataStream:10.1.0.20:15050|priority:0|startupRole:FOLLOWER]|listeners:[], old=null
2023-07-12 21:54:21,966 [8bfbb087-a02a-4d57-b8a9-f8148fb96c2a@group-4B50744322CC-LeaderElection11] INFO  server.RaftServerConfigKeys (ConfUtils.java:logFallback(53)) - raft.server.rpc.first-election.timeout.min = 5s (fallback to raft.server.rpc.timeout.min)
2023-07-12 21:54:21,966 [8bfbb087-a02a-4d57-b8a9-f8148fb96c2a@group-4B50744322CC-LeaderElection11] INFO  server.RaftServerConfigKeys (ConfUtils.java:logFallback(53)) - raft.server.rpc.first-election.timeout.max = 5200ms (fallback to raft.server.rpc.timeout.max)
2023-07-12 21:54:21,970 [grpc-default-executor-0] INFO  server.RaftServer$Division (RaftServerImpl.java:requestVote(1302)) - fe338567-e8a2-46f7-b85c-9d0af5bd64ed@group-4B50744322CC: receive requestVote(PRE_VOTE, 8bfbb087-a02a-4d57-b8a9-f8148fb96c2a, group-4B50744322CC, 0, (t:0, i:0))
2023-07-12 21:54:21,971 [grpc-default-executor-0] INFO  impl.VoteContext (VoteContext.java:log(49)) - fe338567-e8a2-46f7-b85c-9d0af5bd64ed@group-4B50744322CC-FOLLOWER: accept PRE_VOTE from 8bfbb087-a02a-4d57-b8a9-f8148fb96c2a: our priority 0 <= candidate's priority 0
2023-07-12 21:54:21,971 [grpc-default-executor-0] INFO  server.RaftServer$Division (RaftServerImpl.java:requestVote(1335)) - fe338567-e8a2-46f7-b85c-9d0af5bd64ed@group-4B50744322CC replies to PRE_VOTE vote request: 8bfbb087-a02a-4d57-b8a9-f8148fb96c2a<-fe338567-e8a2-46f7-b85c-9d0af5bd64ed#0:OK-t0. Peer's state: fe338567-e8a2-46f7-b85c-9d0af5bd64ed@group-4B50744322CC:t0, leader=null, voted=, raftlog=Memoized:fe338567-e8a2-46f7-b85c-9d0af5bd64ed@group-4B50744322CC-SegmentedRaftLog:OPENED:c-1, conf=-1: peers:[42b4a456-befe-4bab-a9c2-24b02b86258a|rpc:10.1.0.20:15058|admin:10.1.0.20:15057|client:10.1.0.20:15056|dataStream:10.1.0.20:15059|priority:1|startupRole:FOLLOWER, 8bfbb087-a02a-4d57-b8a9-f8148fb96c2a|rpc:10.1.0.20:15067|admin:10.1.0.20:15066|client:10.1.0.20:15065|dataStream:10.1.0.20:15068|priority:0|startupRole:FOLLOWER, fe338567-e8a2-46f7-b85c-9d0af5bd64ed|rpc:10.1.0.20:15049|admin:10.1.0.20:15048|client:10.1.0.20:15047|dataStream:10.1.0.20:15050|priority:0|startupRole:FOLLOWER]|listeners:[], old=null
2023-07-12 21:54:21,974 [grpc-default-executor-1] INFO  server.RaftServer$Division (RaftServerImpl.java:requestVote(1302)) - 42b4a456-befe-4bab-a9c2-24b02b86258a@group-4B50744322CC: receive requestVote(PRE_VOTE, 8bfbb087-a02a-4d57-b8a9-f8148fb96c2a, group-4B50744322CC, 0, (t:0, i:0))
2023-07-12 21:54:21,974 [grpc-default-executor-1] INFO  impl.VoteContext (VoteContext.java:log(49)) - 42b4a456-befe-4bab-a9c2-24b02b86258a@group-4B50744322CC-FOLLOWER: reject PRE_VOTE from 8bfbb087-a02a-4d57-b8a9-f8148fb96c2a: our priority 1 > candidate's priority 0
2023-07-12 21:54:21,974 [grpc-default-executor-1] INFO  server.RaftServer$Division (RaftServerImpl.java:requestVote(1335)) - 42b4a456-befe-4bab-a9c2-24b02b86258a@group-4B50744322CC replies to PRE_VOTE vote request: 8bfbb087-a02a-4d57-b8a9-f8148fb96c2a<-42b4a456-befe-4bab-a9c2-24b02b86258a#0:FAIL-t0. Peer's state: 42b4a456-befe-4bab-a9c2-24b02b86258a@group-4B50744322CC:t0, leader=null, voted=, raftlog=Memoized:42b4a456-befe-4bab-a9c2-24b02b86258a@group-4B50744322CC-SegmentedRaftLog:OPENED:c-1, conf=-1: peers:[42b4a456-befe-4bab-a9c2-24b02b86258a|rpc:10.1.0.20:15058|admin:10.1.0.20:15057|client:10.1.0.20:15056|dataStream:10.1.0.20:15059|priority:1|startupRole:FOLLOWER, 8bfbb087-a02a-4d57-b8a9-f8148fb96c2a|rpc:10.1.0.20:15067|admin:10.1.0.20:15066|client:10.1.0.20:15065|dataStream:10.1.0.20:15068|priority:0|startupRole:FOLLOWER, fe338567-e8a2-46f7-b85c-9d0af5bd64ed|rpc:10.1.0.20:15049|admin:10.1.0.20:15048|client:10.1.0.20:15047|dataStream:10.1.0.20:15050|priority:0|startupRole:FOLLOWER]|listeners:[], old=null
2023-07-12 21:54:21,975 [8bfbb087-a02a-4d57-b8a9-f8148fb96c2a@group-4B50744322CC-LeaderElection11] INFO  impl.LeaderElection (LeaderElection.java:logAndReturn(90)) - 8bfbb087-a02a-4d57-b8a9-f8148fb96c2a@group-4B50744322CC-LeaderElection11: PRE_VOTE REJECTED received 2 response(s) and 0 exception(s):
2023-07-12 21:54:21,975 [8bfbb087-a02a-4d57-b8a9-f8148fb96c2a@group-4B50744322CC-LeaderElection11] INFO  impl.LeaderElection (LeaderElection.java:logAndReturn(94)) -   Response 0: 8bfbb087-a02a-4d57-b8a9-f8148fb96c2a<-42b4a456-befe-4bab-a9c2-24b02b86258a#0:FAIL-t0
2023-07-12 21:54:21,975 [8bfbb087-a02a-4d57-b8a9-f8148fb96c2a@group-4B50744322CC-LeaderElection11] INFO  impl.LeaderElection (LeaderElection.java:logAndReturn(94)) -   Response 1: 8bfbb087-a02a-4d57-b8a9-f8148fb96c2a<-fe338567-e8a2-46f7-b85c-9d0af5bd64ed#0:OK-t0
2023-07-12 21:54:21,975 [8bfbb087-a02a-4d57-b8a9-f8148fb96c2a@group-4B50744322CC-LeaderElection11] INFO  impl.LeaderElection (LeaderElection.java:askForVotes(323)) - 8bfbb087-a02a-4d57-b8a9-f8148fb96c2a@group-4B50744322CC-LeaderElection11 PRE_VOTE round 0: result REJECTED
2023-07-12 21:54:21,976 [8bfbb087-a02a-4d57-b8a9-f8148fb96c2a@group-4B50744322CC-LeaderElection11] INFO  server.RaftServer$Division (RaftServerImpl.java:setRole(329)) - 8bfbb087-a02a-4d57-b8a9-f8148fb96c2a@group-4B50744322CC: changes role from CANDIDATE to FOLLOWER at term 0 for REJECTED
2023-07-12 21:54:21,976 [8bfbb087-a02a-4d57-b8a9-f8148fb96c2a@group-4B50744322CC-LeaderElection11] INFO  impl.RoleInfo (RoleInfo.java:shutdownLeaderElection(130)) - 8bfbb087-a02a-4d57-b8a9-f8148fb96c2a: shutdown 8bfbb087-a02a-4d57-b8a9-f8148fb96c2a@group-4B50744322CC-LeaderElection11
2023-07-12 21:54:21,976 [8bfbb087-a02a-4d57-b8a9-f8148fb96c2a@group-4B50744322CC-LeaderElection11] INFO  impl.RoleInfo (RoleInfo.java:updateAndGet(139)) - 8bfbb087-a02a-4d57-b8a9-f8148fb96c2a: start 8bfbb087-a02a-4d57-b8a9-f8148fb96c2a@group-4B50744322CC-FollowerState
2023-07-12 21:54:22,014 [fe338567-e8a2-46f7-b85c-9d0af5bd64ed@group-6AF31780527C-FollowerState] INFO  impl.FollowerState (FollowerState.java:run(143)) - fe338567-e8a2-46f7-b85c-9d0af5bd64ed@group-6AF31780527C-FollowerState: change to CANDIDATE, lastRpcElapsedTime:5200463929ns, electionTimeout:5196ms
2023-07-12 21:54:22,014 [fe338567-e8a2-46f7-b85c-9d0af5bd64ed@group-6AF31780527C-FollowerState] INFO  impl.RoleInfo (RoleInfo.java:shutdownFollowerState(110)) - fe338567-e8a2-46f7-b85c-9d0af5bd64ed: shutdown fe338567-e8a2-46f7-b85c-9d0af5bd64ed@group-6AF31780527C-FollowerState
2023-07-12 21:54:22,014 [fe338567-e8a2-46f7-b85c-9d0af5bd64ed@group-6AF31780527C-FollowerState] INFO  server.RaftServer$Division (RaftServerImpl.java:setRole(329)) - fe338567-e8a2-46f7-b85c-9d0af5bd64ed@group-6AF31780527C: changes role from  FOLLOWER to CANDIDATE at term 0 for changeToCandidate
2023-07-12 21:54:22,014 [fe338567-e8a2-46f7-b85c-9d0af5bd64ed@group-6AF31780527C-FollowerState] INFO  server.RaftServerConfigKeys (ConfUtils.java:logGet(46)) - raft.server.leaderelection.pre-vote = true (default)
2023-07-12 21:54:22,014 [fe338567-e8a2-46f7-b85c-9d0af5bd64ed@group-6AF31780527C-FollowerState] INFO  impl.RoleInfo (RoleInfo.java:updateAndGet(139)) - fe338567-e8a2-46f7-b85c-9d0af5bd64ed: start fe338567-e8a2-46f7-b85c-9d0af5bd64ed@group-6AF31780527C-LeaderElection12
2023-07-12 21:54:22,016 [fe338567-e8a2-46f7-b85c-9d0af5bd64ed@group-6AF31780527C-LeaderElection12] INFO  impl.LeaderElection (LeaderElection.java:askForVotes(321)) - fe338567-e8a2-46f7-b85c-9d0af5bd64ed@group-6AF31780527C-LeaderElection12 PRE_VOTE round 0: submit vote requests at term 0 for -1: peers:[42b4a456-befe-4bab-a9c2-24b02b86258a|rpc:10.1.0.20:15058|admin:10.1.0.20:15057|client:10.1.0.20:15056|dataStream:10.1.0.20:15059|priority:0|startupRole:FOLLOWER, 8bfbb087-a02a-4d57-b8a9-f8148fb96c2a|rpc:10.1.0.20:15067|admin:10.1.0.20:15066|client:10.1.0.20:15065|dataStream:10.1.0.20:15068|priority:0|startupRole:FOLLOWER, fe338567-e8a2-46f7-b85c-9d0af5bd64ed|rpc:10.1.0.20:15049|admin:10.1.0.20:15048|client:10.1.0.20:15047|dataStream:10.1.0.20:15050|priority:1|startupRole:FOLLOWER]|listeners:[], old=null
2023-07-12 21:54:22,017 [fe338567-e8a2-46f7-b85c-9d0af5bd64ed@group-6AF31780527C-LeaderElection12-1] INFO  server.GrpcServerProtocolClient (GrpcServerProtocolClient.java:<init>(65)) - Build channel for 42b4a456-befe-4bab-a9c2-24b02b86258a
2023-07-12 21:54:22,019 [fe338567-e8a2-46f7-b85c-9d0af5bd64ed@group-6AF31780527C-LeaderElection12] INFO  server.RaftServerConfigKeys (ConfUtils.java:logFallback(53)) - raft.server.rpc.first-election.timeout.min = 5s (fallback to raft.server.rpc.timeout.min)
2023-07-12 21:54:22,020 [fe338567-e8a2-46f7-b85c-9d0af5bd64ed@group-6AF31780527C-LeaderElection12] INFO  server.RaftServerConfigKeys (ConfUtils.java:logFallback(53)) - raft.server.rpc.first-election.timeout.max = 5200ms (fallback to raft.server.rpc.timeout.max)
2023-07-12 21:54:22,020 [fe338567-e8a2-46f7-b85c-9d0af5bd64ed@group-6AF31780527C-LeaderElection12-2] INFO  server.GrpcServerProtocolClient (GrpcServerProtocolClient.java:<init>(65)) - Build channel for 8bfbb087-a02a-4d57-b8a9-f8148fb96c2a
2023-07-12 21:54:22,026 [grpc-default-executor-1] INFO  server.RaftServer$Division (RaftServerImpl.java:requestVote(1302)) - 42b4a456-befe-4bab-a9c2-24b02b86258a@group-6AF31780527C: receive requestVote(PRE_VOTE, fe338567-e8a2-46f7-b85c-9d0af5bd64ed, group-6AF31780527C, 0, (t:0, i:0))
2023-07-12 21:54:22,026 [grpc-default-executor-1] INFO  impl.VoteContext (VoteContext.java:log(49)) - 42b4a456-befe-4bab-a9c2-24b02b86258a@group-6AF31780527C-FOLLOWER: accept PRE_VOTE from fe338567-e8a2-46f7-b85c-9d0af5bd64ed: our priority 0 <= candidate's priority 1
2023-07-12 21:54:22,026 [grpc-default-executor-1] INFO  server.RaftServer$Division (RaftServerImpl.java:requestVote(1335)) - 42b4a456-befe-4bab-a9c2-24b02b86258a@group-6AF31780527C replies to PRE_VOTE vote request: fe338567-e8a2-46f7-b85c-9d0af5bd64ed<-42b4a456-befe-4bab-a9c2-24b02b86258a#0:OK-t0. Peer's state: 42b4a456-befe-4bab-a9c2-24b02b86258a@group-6AF31780527C:t0, leader=null, voted=, raftlog=Memoized:42b4a456-befe-4bab-a9c2-24b02b86258a@group-6AF31780527C-SegmentedRaftLog:OPENED:c-1, conf=-1: peers:[42b4a456-befe-4bab-a9c2-24b02b86258a|rpc:10.1.0.20:15058|admin:10.1.0.20:15057|client:10.1.0.20:15056|dataStream:10.1.0.20:15059|priority:0|startupRole:FOLLOWER, 8bfbb087-a02a-4d57-b8a9-f8148fb96c2a|rpc:10.1.0.20:15067|admin:10.1.0.20:15066|client:10.1.0.20:15065|dataStream:10.1.0.20:15068|priority:0|startupRole:FOLLOWER, fe338567-e8a2-46f7-b85c-9d0af5bd64ed|rpc:10.1.0.20:15049|admin:10.1.0.20:15048|client:10.1.0.20:15047|dataStream:10.1.0.20:15050|priority:1|startupRole:FOLLOWER]|listeners:[], old=null
2023-07-12 21:54:22,030 [42b4a456-befe-4bab-a9c2-24b02b86258a@group-6AF31780527C-FollowerState] INFO  server.RaftServerConfigKeys (ConfUtils.java:logFallback(53)) - raft.server.rpc.first-election.timeout.min = 5s (fallback to raft.server.rpc.timeout.min)
2023-07-12 21:54:22,030 [42b4a456-befe-4bab-a9c2-24b02b86258a@group-6AF31780527C-FollowerState] INFO  server.RaftServerConfigKeys (ConfUtils.java:logFallback(53)) - raft.server.rpc.first-election.timeout.max = 5200ms (fallback to raft.server.rpc.timeout.max)
2023-07-12 21:54:22,032 [fe338567-e8a2-46f7-b85c-9d0af5bd64ed@group-6AF31780527C-LeaderElection12] INFO  impl.LeaderElection (LeaderElection.java:logAndReturn(90)) - fe338567-e8a2-46f7-b85c-9d0af5bd64ed@group-6AF31780527C-LeaderElection12: PRE_VOTE PASSED received 1 response(s) and 0 exception(s):
2023-07-12 21:54:22,033 [fe338567-e8a2-46f7-b85c-9d0af5bd64ed@group-6AF31780527C-LeaderElection12] INFO  impl.LeaderElection (LeaderElection.java:logAndReturn(94)) -   Response 0: fe338567-e8a2-46f7-b85c-9d0af5bd64ed<-42b4a456-befe-4bab-a9c2-24b02b86258a#0:OK-t0
2023-07-12 21:54:22,033 [fe338567-e8a2-46f7-b85c-9d0af5bd64ed@group-6AF31780527C-LeaderElection12] INFO  impl.LeaderElection (LeaderElection.java:askForVotes(323)) - fe338567-e8a2-46f7-b85c-9d0af5bd64ed@group-6AF31780527C-LeaderElection12 PRE_VOTE round 0: result PASSED
2023-07-12 21:54:22,034 [fe338567-e8a2-46f7-b85c-9d0af5bd64ed@group-6AF31780527C-LeaderElection12] INFO  impl.LeaderElection (LeaderElection.java:askForVotes(321)) - fe338567-e8a2-46f7-b85c-9d0af5bd64ed@group-6AF31780527C-LeaderElection12 ELECTION round 0: submit vote requests at term 1 for -1: peers:[42b4a456-befe-4bab-a9c2-24b02b86258a|rpc:10.1.0.20:15058|admin:10.1.0.20:15057|client:10.1.0.20:15056|dataStream:10.1.0.20:15059|priority:0|startupRole:FOLLOWER, 8bfbb087-a02a-4d57-b8a9-f8148fb96c2a|rpc:10.1.0.20:15067|admin:10.1.0.20:15066|client:10.1.0.20:15065|dataStream:10.1.0.20:15068|priority:0|startupRole:FOLLOWER, fe338567-e8a2-46f7-b85c-9d0af5bd64ed|rpc:10.1.0.20:15049|admin:10.1.0.20:15048|client:10.1.0.20:15047|dataStream:10.1.0.20:15050|priority:1|startupRole:FOLLOWER]|listeners:[], old=null
2023-07-12 21:54:22,037 [fe338567-e8a2-46f7-b85c-9d0af5bd64ed@group-6AF31780527C-LeaderElection12] INFO  server.RaftServerConfigKeys (ConfUtils.java:logFallback(53)) - raft.server.rpc.first-election.timeout.min = 5s (fallback to raft.server.rpc.timeout.min)
2023-07-12 21:54:22,037 [fe338567-e8a2-46f7-b85c-9d0af5bd64ed@group-6AF31780527C-LeaderElection12] INFO  server.RaftServerConfigKeys (ConfUtils.java:logFallback(53)) - raft.server.rpc.first-election.timeout.max = 5200ms (fallback to raft.server.rpc.timeout.max)
2023-07-12 21:54:22,045 [grpc-default-executor-1] INFO  server.RaftServer$Division (RaftServerImpl.java:requestVote(1302)) - 42b4a456-befe-4bab-a9c2-24b02b86258a@group-6AF31780527C: receive requestVote(ELECTION, fe338567-e8a2-46f7-b85c-9d0af5bd64ed, group-6AF31780527C, 1, (t:0, i:0))
2023-07-12 21:54:22,048 [grpc-default-executor-1] INFO  impl.VoteContext (VoteContext.java:log(49)) - 42b4a456-befe-4bab-a9c2-24b02b86258a@group-6AF31780527C-FOLLOWER: accept ELECTION from fe338567-e8a2-46f7-b85c-9d0af5bd64ed: our priority 0 <= candidate's priority 1
2023-07-12 21:54:22,048 [grpc-default-executor-1] INFO  server.RaftServer$Division (RaftServerImpl.java:setRole(329)) - 42b4a456-befe-4bab-a9c2-24b02b86258a@group-6AF31780527C: changes role from  FOLLOWER to FOLLOWER at term 1 for candidate:fe338567-e8a2-46f7-b85c-9d0af5bd64ed
2023-07-12 21:54:22,048 [grpc-default-executor-1] INFO  impl.RoleInfo (RoleInfo.java:shutdownFollowerState(110)) - 42b4a456-befe-4bab-a9c2-24b02b86258a: shutdown 42b4a456-befe-4bab-a9c2-24b02b86258a@group-6AF31780527C-FollowerState
2023-07-12 21:54:22,048 [42b4a456-befe-4bab-a9c2-24b02b86258a@group-6AF31780527C-FollowerState] INFO  impl.FollowerState (FollowerState.java:run(152)) - 42b4a456-befe-4bab-a9c2-24b02b86258a@group-6AF31780527C-FollowerState was interrupted
2023-07-12 21:54:22,048 [fe338567-e8a2-46f7-b85c-9d0af5bd64ed@group-4B50744322CC-FollowerState] INFO  server.RaftServerConfigKeys (ConfUtils.java:logFallback(53)) - raft.server.rpc.first-election.timeout.min = 5s (fallback to raft.server.rpc.timeout.min)
2023-07-12 21:54:22,048 [fe338567-e8a2-46f7-b85c-9d0af5bd64ed@group-4B50744322CC-FollowerState] INFO  server.RaftServerConfigKeys (ConfUtils.java:logFallback(53)) - raft.server.rpc.first-election.timeout.max = 5200ms (fallback to raft.server.rpc.timeout.max)
2023-07-12 21:54:22,045 [grpc-default-executor-0] INFO  server.RaftServer$Division (RaftServerImpl.java:requestVote(1302)) - 8bfbb087-a02a-4d57-b8a9-f8148fb96c2a@group-6AF31780527C: receive requestVote(PRE_VOTE, fe338567-e8a2-46f7-b85c-9d0af5bd64ed, group-6AF31780527C, 0, (t:0, i:0))
2023-07-12 21:54:22,048 [grpc-default-executor-0] INFO  impl.VoteContext (VoteContext.java:log(49)) - 8bfbb087-a02a-4d57-b8a9-f8148fb96c2a@group-6AF31780527C-FOLLOWER: accept PRE_VOTE from fe338567-e8a2-46f7-b85c-9d0af5bd64ed: our priority 0 <= candidate's priority 1
2023-07-12 21:54:22,049 [grpc-default-executor-0] INFO  server.RaftServer$Division (RaftServerImpl.java:requestVote(1335)) - 8bfbb087-a02a-4d57-b8a9-f8148fb96c2a@group-6AF31780527C replies to PRE_VOTE vote request: fe338567-e8a2-46f7-b85c-9d0af5bd64ed<-8bfbb087-a02a-4d57-b8a9-f8148fb96c2a#0:OK-t0. Peer's state: 8bfbb087-a02a-4d57-b8a9-f8148fb96c2a@group-6AF31780527C:t0, leader=null, voted=, raftlog=Memoized:8bfbb087-a02a-4d57-b8a9-f8148fb96c2a@group-6AF31780527C-SegmentedRaftLog:OPENED:c-1, conf=-1: peers:[42b4a456-befe-4bab-a9c2-24b02b86258a|rpc:10.1.0.20:15058|admin:10.1.0.20:15057|client:10.1.0.20:15056|dataStream:10.1.0.20:15059|priority:0|startupRole:FOLLOWER, 8bfbb087-a02a-4d57-b8a9-f8148fb96c2a|rpc:10.1.0.20:15067|admin:10.1.0.20:15066|client:10.1.0.20:15065|dataStream:10.1.0.20:15068|priority:0|startupRole:FOLLOWER, fe338567-e8a2-46f7-b85c-9d0af5bd64ed|rpc:10.1.0.20:15049|admin:10.1.0.20:15048|client:10.1.0.20:15047|dataStream:10.1.0.20:15050|priority:1|startupRole:FOLLOWER]|listeners:[], old=null
2023-07-12 21:54:22,050 [grpc-default-executor-1] INFO  impl.RoleInfo (RoleInfo.java:updateAndGet(139)) - 42b4a456-befe-4bab-a9c2-24b02b86258a: start 42b4a456-befe-4bab-a9c2-24b02b86258a@group-6AF31780527C-FollowerState
2023-07-12 21:54:22,051 [grpc-default-executor-2] INFO  server.RaftServer$Division (RaftServerImpl.java:requestVote(1302)) - 8bfbb087-a02a-4d57-b8a9-f8148fb96c2a@group-6AF31780527C: receive requestVote(ELECTION, fe338567-e8a2-46f7-b85c-9d0af5bd64ed, group-6AF31780527C, 1, (t:0, i:0))
2023-07-12 21:54:22,052 [grpc-default-executor-2] INFO  impl.VoteContext (VoteContext.java:log(49)) - 8bfbb087-a02a-4d57-b8a9-f8148fb96c2a@group-6AF31780527C-FOLLOWER: accept ELECTION from fe338567-e8a2-46f7-b85c-9d0af5bd64ed: our priority 0 <= candidate's priority 1
2023-07-12 21:54:22,052 [grpc-default-executor-2] INFO  server.RaftServer$Division (RaftServerImpl.java:setRole(329)) - 8bfbb087-a02a-4d57-b8a9-f8148fb96c2a@group-6AF31780527C: changes role from  FOLLOWER to FOLLOWER at term 1 for candidate:fe338567-e8a2-46f7-b85c-9d0af5bd64ed
2023-07-12 21:54:22,052 [grpc-default-executor-2] INFO  impl.RoleInfo (RoleInfo.java:shutdownFollowerState(110)) - 8bfbb087-a02a-4d57-b8a9-f8148fb96c2a: shutdown 8bfbb087-a02a-4d57-b8a9-f8148fb96c2a@group-6AF31780527C-FollowerState
2023-07-12 21:54:22,052 [8bfbb087-a02a-4d57-b8a9-f8148fb96c2a@group-6AF31780527C-FollowerState] INFO  impl.FollowerState (FollowerState.java:run(152)) - 8bfbb087-a02a-4d57-b8a9-f8148fb96c2a@group-6AF31780527C-FollowerState was interrupted
2023-07-12 21:54:22,052 [grpc-default-executor-2] INFO  impl.RoleInfo (RoleInfo.java:updateAndGet(139)) - 8bfbb087-a02a-4d57-b8a9-f8148fb96c2a: start 8bfbb087-a02a-4d57-b8a9-f8148fb96c2a@group-6AF31780527C-FollowerState
2023-07-12 21:54:22,053 [grpc-default-executor-1] INFO  server.RaftServer$Division (RaftServerImpl.java:requestVote(1335)) - 42b4a456-befe-4bab-a9c2-24b02b86258a@group-6AF31780527C replies to ELECTION vote request: fe338567-e8a2-46f7-b85c-9d0af5bd64ed<-42b4a456-befe-4bab-a9c2-24b02b86258a#0:OK-t1. Peer's state: 42b4a456-befe-4bab-a9c2-24b02b86258a@group-6AF31780527C:t1, leader=null, voted=fe338567-e8a2-46f7-b85c-9d0af5bd64ed, raftlog=Memoized:42b4a456-befe-4bab-a9c2-24b02b86258a@group-6AF31780527C-SegmentedRaftLog:OPENED:c-1, conf=-1: peers:[42b4a456-befe-4bab-a9c2-24b02b86258a|rpc:10.1.0.20:15058|admin:10.1.0.20:15057|client:10.1.0.20:15056|dataStream:10.1.0.20:15059|priority:0|startupRole:FOLLOWER, 8bfbb087-a02a-4d57-b8a9-f8148fb96c2a|rpc:10.1.0.20:15067|admin:10.1.0.20:15066|client:10.1.0.20:15065|dataStream:10.1.0.20:15068|priority:0|startupRole:FOLLOWER, fe338567-e8a2-46f7-b85c-9d0af5bd64ed|rpc:10.1.0.20:15049|admin:10.1.0.20:15048|client:10.1.0.20:15047|dataStream:10.1.0.20:15050|priority:1|startupRole:FOLLOWER]|listeners:[], old=null
2023-07-12 21:54:22,053 [fe338567-e8a2-46f7-b85c-9d0af5bd64ed@group-6AF31780527C-LeaderElection12] INFO  impl.LeaderElection (LeaderElection.java:logAndReturn(90)) - fe338567-e8a2-46f7-b85c-9d0af5bd64ed@group-6AF31780527C-LeaderElection12: ELECTION PASSED received 1 response(s) and 0 exception(s):
2023-07-12 21:54:22,054 [fe338567-e8a2-46f7-b85c-9d0af5bd64ed@group-6AF31780527C-LeaderElection12] INFO  impl.LeaderElection (LeaderElection.java:logAndReturn(94)) -   Response 0: fe338567-e8a2-46f7-b85c-9d0af5bd64ed<-42b4a456-befe-4bab-a9c2-24b02b86258a#0:OK-t1
2023-07-12 21:54:22,054 [fe338567-e8a2-46f7-b85c-9d0af5bd64ed@group-6AF31780527C-LeaderElection12] INFO  impl.LeaderElection (LeaderElection.java:askForVotes(323)) - fe338567-e8a2-46f7-b85c-9d0af5bd64ed@group-6AF31780527C-LeaderElection12 ELECTION round 0: result PASSED
2023-07-12 21:54:22,054 [fe338567-e8a2-46f7-b85c-9d0af5bd64ed@group-6AF31780527C-LeaderElection12] INFO  impl.RoleInfo (RoleInfo.java:shutdownLeaderElection(130)) - fe338567-e8a2-46f7-b85c-9d0af5bd64ed: shutdown fe338567-e8a2-46f7-b85c-9d0af5bd64ed@group-6AF31780527C-LeaderElection12
2023-07-12 21:54:22,054 [fe338567-e8a2-46f7-b85c-9d0af5bd64ed@group-6AF31780527C-LeaderElection12] INFO  server.RaftServer$Division (RaftServerImpl.java:setRole(329)) - fe338567-e8a2-46f7-b85c-9d0af5bd64ed@group-6AF31780527C: changes role from CANDIDATE to LEADER at term 1 for changeToLeader
2023-07-12 21:54:22,054 [fe338567-e8a2-46f7-b85c-9d0af5bd64ed@group-6AF31780527C-LeaderElection12] INFO  ratis.XceiverServerRatis (XceiverServerRatis.java:handleLeaderChangedNotification(902)) - Leader change notification received for group: group-6AF31780527C with new leaderId: fe338567-e8a2-46f7-b85c-9d0af5bd64ed
2023-07-12 21:54:22,054 [fe338567-e8a2-46f7-b85c-9d0af5bd64ed@group-6AF31780527C-LeaderElection12] INFO  server.RaftServer$Division (ServerState.java:setLeader(317)) - fe338567-e8a2-46f7-b85c-9d0af5bd64ed@group-6AF31780527C: change Leader from null to fe338567-e8a2-46f7-b85c-9d0af5bd64ed at term 1 for becomeLeader, leader elected after 5257ms
2023-07-12 21:54:22,054 [grpc-default-executor-2] INFO  server.RaftServer$Division (RaftServerImpl.java:requestVote(1335)) - 8bfbb087-a02a-4d57-b8a9-f8148fb96c2a@group-6AF31780527C replies to ELECTION vote request: fe338567-e8a2-46f7-b85c-9d0af5bd64ed<-8bfbb087-a02a-4d57-b8a9-f8148fb96c2a#0:OK-t1. Peer's state: 8bfbb087-a02a-4d57-b8a9-f8148fb96c2a@group-6AF31780527C:t1, leader=null, voted=fe338567-e8a2-46f7-b85c-9d0af5bd64ed, raftlog=Memoized:8bfbb087-a02a-4d57-b8a9-f8148fb96c2a@group-6AF31780527C-SegmentedRaftLog:OPENED:c-1, conf=-1: peers:[42b4a456-befe-4bab-a9c2-24b02b86258a|rpc:10.1.0.20:15058|admin:10.1.0.20:15057|client:10.1.0.20:15056|dataStream:10.1.0.20:15059|priority:0|startupRole:FOLLOWER, 8bfbb087-a02a-4d57-b8a9-f8148fb96c2a|rpc:10.1.0.20:15067|admin:10.1.0.20:15066|client:10.1.0.20:15065|dataStream:10.1.0.20:15068|priority:0|startupRole:FOLLOWER, fe338567-e8a2-46f7-b85c-9d0af5bd64ed|rpc:10.1.0.20:15049|admin:10.1.0.20:15048|client:10.1.0.20:15047|dataStream:10.1.0.20:15050|priority:1|startupRole:FOLLOWER]|listeners:[], old=null
2023-07-12 21:54:22,055 [fe338567-e8a2-46f7-b85c-9d0af5bd64ed@group-6AF31780527C-LeaderElection12] INFO  server.RaftServerConfigKeys (ConfUtils.java:logGet(46)) - raft.server.staging.catchup.gap = 1000 (default)
2023-07-12 21:54:22,055 [fe338567-e8a2-46f7-b85c-9d0af5bd64ed@group-6AF31780527C-LeaderElection12] INFO  server.RaftServerConfigKeys (ConfUtils.java:logGet(46)) - raft.server.write.element-limit = 1024 (custom)
2023-07-12 21:54:22,055 [fe338567-e8a2-46f7-b85c-9d0af5bd64ed@group-6AF31780527C-LeaderElection12] INFO  server.RaftServerConfigKeys (ConfUtils.java:logGet(46)) - raft.server.write.byte-limit = 1024 M (=1073741824) (custom)
2023-07-12 21:54:22,056 [fe338567-e8a2-46f7-b85c-9d0af5bd64ed@group-6AF31780527C-LeaderElection12] INFO  server.RaftServerConfigKeys (ConfUtils.java:logGet(46)) - raft.server.watch.timeout = 180s (custom)
2023-07-12 21:54:22,056 [fe338567-e8a2-46f7-b85c-9d0af5bd64ed@group-6AF31780527C-LeaderElection12] INFO  server.RaftServerConfigKeys (ConfUtils.java:logGet(46)) - raft.server.watch.timeout.denomination = 1s (default)
2023-07-12 21:54:22,056 [fe338567-e8a2-46f7-b85c-9d0af5bd64ed@group-6AF31780527C-LeaderElection12] INFO  server.RaftServerConfigKeys (ConfUtils.java:logGet(46)) - raft.server.watch.element-limit = 65536 (default)
2023-07-12 21:54:22,056 [fe338567-e8a2-46f7-b85c-9d0af5bd64ed@group-6AF31780527C-LeaderElection12] INFO  server.RaftServerConfigKeys (ConfUtils.java:logGet(46)) - raft.server.write.element-limit = 1024 (custom)
2023-07-12 21:54:22,056 [fe338567-e8a2-46f7-b85c-9d0af5bd64ed@group-6AF31780527C-LeaderElection12] INFO  server.RaftServerConfigKeys (ConfUtils.java:logGet(46)) - raft.server.write.follower.gap.ratio.max = -1.0 (default)
2023-07-12 21:54:22,056 [fe338567-e8a2-46f7-b85c-9d0af5bd64ed@group-6AF31780527C-LeaderElection12] INFO  server.RaftServerConfigKeys (ConfUtils.java:logGet(46)) - raft.server.log.appender.snapshot.chunk.size.max = 16MB (=16777216) (default)
2023-07-12 21:54:22,056 [fe338567-e8a2-46f7-b85c-9d0af5bd64ed@group-6AF31780527C-LeaderElection12] INFO  server.RaftServerConfigKeys (ConfUtils.java:logGet(46)) - raft.server.log.appender.buffer.byte-limit = 33554432 (custom)
2023-07-12 21:54:22,056 [fe338567-e8a2-46f7-b85c-9d0af5bd64ed@group-6AF31780527C-LeaderElection12] INFO  server.RaftServerConfigKeys (ConfUtils.java:logGet(46)) - raft.server.log.appender.buffer.element-limit = 1 (custom)
2023-07-12 21:54:22,056 [fe338567-e8a2-46f7-b85c-9d0af5bd64ed@group-6AF31780527C-LeaderElection12] INFO  server.RaftServerConfigKeys (ConfUtils.java:logGet(46)) - raft.server.log.appender.wait-time.min = 10ms (default)
2023-07-12 21:54:22,056 [fe338567-e8a2-46f7-b85c-9d0af5bd64ed@group-6AF31780527C-LeaderElection12] INFO  grpc.GrpcConfigKeys (ConfUtils.java:logGet(46)) - raft.grpc.server.leader.outstanding.appends.max = 128 (default)
2023-07-12 21:54:22,056 [fe338567-e8a2-46f7-b85c-9d0af5bd64ed@group-6AF31780527C-LeaderElection12] INFO  server.RaftServerConfigKeys (ConfUtils.java:logGet(46)) - raft.server.rpc.request.timeout = 60s (custom)
2023-07-12 21:54:22,056 [fe338567-e8a2-46f7-b85c-9d0af5bd64ed@group-6AF31780527C-LeaderElection12] INFO  grpc.GrpcConfigKeys (ConfUtils.java:logGet(46)) - raft.grpc.server.install_snapshot.request.element-limit = 8 (default)
2023-07-12 21:54:22,057 [fe338567-e8a2-46f7-b85c-9d0af5bd64ed@group-6AF31780527C-LeaderElection12] INFO  grpc.GrpcConfigKeys (ConfUtils.java:logGet(46)) - raft.grpc.server.install_snapshot.request.timeout = 3000ms (default)
2023-07-12 21:54:22,057 [fe338567-e8a2-46f7-b85c-9d0af5bd64ed@group-6AF31780527C-LeaderElection12] INFO  server.RaftServerConfigKeys (ConfUtils.java:logGet(46)) - raft.server.log.appender.install.snapshot.enabled = false (custom)
2023-07-12 21:54:22,057 [fe338567-e8a2-46f7-b85c-9d0af5bd64ed@group-6AF31780527C-LeaderElection12] INFO  grpc.GrpcConfigKeys (ConfUtils.java:logGet(46)) - raft.grpc.server.heartbeat.channel = true (default)
2023-07-12 21:54:22,058 [fe338567-e8a2-46f7-b85c-9d0af5bd64ed@group-6AF31780527C-LeaderElection12] INFO  server.RaftServerConfigKeys (ConfUtils.java:logGet(46)) - raft.server.log.appender.snapshot.chunk.size.max = 16MB (=16777216) (default)
2023-07-12 21:54:22,059 [fe338567-e8a2-46f7-b85c-9d0af5bd64ed@group-6AF31780527C-LeaderElection12] INFO  server.RaftServerConfigKeys (ConfUtils.java:logGet(46)) - raft.server.log.appender.buffer.byte-limit = 33554432 (custom)
2023-07-12 21:54:22,059 [fe338567-e8a2-46f7-b85c-9d0af5bd64ed@group-6AF31780527C-LeaderElection12] INFO  server.RaftServerConfigKeys (ConfUtils.java:logGet(46)) - raft.server.log.appender.buffer.element-limit = 1 (custom)
2023-07-12 21:54:22,059 [fe338567-e8a2-46f7-b85c-9d0af5bd64ed@group-6AF31780527C-LeaderElection12] INFO  server.RaftServerConfigKeys (ConfUtils.java:logGet(46)) - raft.server.log.appender.wait-time.min = 10ms (default)
2023-07-12 21:54:22,059 [fe338567-e8a2-46f7-b85c-9d0af5bd64ed@group-6AF31780527C-LeaderElection12] INFO  grpc.GrpcConfigKeys (ConfUtils.java:logGet(46)) - raft.grpc.server.leader.outstanding.appends.max = 128 (default)
2023-07-12 21:54:22,058 [EventQueue-PipelineReportForPipelineReportHandler] INFO  pipeline.PipelineReportHandler (PipelineReportHandler.java:processPipelineReport(136)) - Opened pipeline PipelineID=d7a77fc1-28a5-4ff7-9e5d-6af31780527c
2023-07-12 21:54:22,065 [EventQueue-OpenPipelineForHealthyPipelineSafeModeRule] INFO  safemode.SCMSafeModeManager (HealthyPipelineSafeModeRule.java:process(137)) - SCM in safe mode. Healthy pipelines reported count is 1, required healthy pipeline reported count is 1
2023-07-12 21:54:22,065 [EventQueue-OpenPipelineForHealthyPipelineSafeModeRule] INFO  safemode.SCMSafeModeManager (SCMSafeModeManager.java:validateSafeModeExitRules(200)) - HealthyPipelineSafeModeRule rule is successfully validated
2023-07-12 21:54:22,065 [EventQueue-OpenPipelineForHealthyPipelineSafeModeRule] INFO  safemode.SCMSafeModeManager (SCMSafeModeManager.java:validateSafeModeExitRules(215)) - ScmSafeModeManager, all rules are successfully validated
2023-07-12 21:54:22,066 [EventQueue-OpenPipelineForHealthyPipelineSafeModeRule] INFO  safemode.SCMSafeModeManager (SCMSafeModeManager.java:exitSafeMode(244)) - SCM exiting safe mode.
2023-07-12 21:54:22,066 [EventQueue-OpenPipelineForHealthyPipelineSafeModeRule] INFO  ha.SCMContext (SCMContext.java:updateSafeModeStatus(228)) - Update SafeModeStatus from SafeModeStatus{safeModeStatus=true, preCheckPassed=true} to SafeModeStatus{safeModeStatus=false, preCheckPassed=true}.
2023-07-12 21:54:22,066 [EventQueue-OpenPipelineForHealthyPipelineSafeModeRule] INFO  pipeline.BackgroundPipelineCreator (BackgroundPipelineCreator.java:notifyStatusChanged(255)) - Service BackgroundPipelineCreator transitions to RUNNING.
2023-07-12 21:54:22,066 [EventQueue-OpenPipelineForHealthyPipelineSafeModeRule] INFO  BackgroundPipelineScrubber (BackgroundSCMService.java:notifyStatusChanged(82)) - Service BackgroundPipelineScrubber transitions to RUNNING.
2023-07-12 21:54:22,066 [EventQueue-OpenPipelineForHealthyPipelineSafeModeRule] INFO  ExpiredContainerReplicaOpScrubber (BackgroundSCMService.java:notifyStatusChanged(82)) - Service ExpiredContainerReplicaOpScrubber transitions to RUNNING.
2023-07-12 21:54:22,066 [EventQueue-OpenPipelineForHealthyPipelineSafeModeRule] INFO  replication.ReplicationManager (ReplicationManager.java:notifyStatusChanged(1366)) - Service ReplicationManager transitions to RUNNING.
2023-07-12 21:54:22,066 [EventQueue-OpenPipelineForHealthyPipelineSafeModeRule] WARN  balancer.ContainerBalancer (ContainerBalancer.java:shouldRun(134)) - Could not find persisted configuration for ContainerBalancer when checking if ContainerBalancer should run. ContainerBalancer should not run now.
2023-07-12 21:54:22,066 [fe338567-e8a2-46f7-b85c-9d0af5bd64ed@group-6AF31780527C-LeaderElection12] INFO  server.RaftServerConfigKeys (ConfUtils.java:logGet(46)) - raft.server.rpc.request.timeout = 60s (custom)
2023-07-12 21:54:22,067 [fe338567-e8a2-46f7-b85c-9d0af5bd64ed@group-6AF31780527C-LeaderElection12] INFO  grpc.GrpcConfigKeys (ConfUtils.java:logGet(46)) - raft.grpc.server.install_snapshot.request.element-limit = 8 (default)
2023-07-12 21:54:22,067 [fe338567-e8a2-46f7-b85c-9d0af5bd64ed@group-6AF31780527C-LeaderElection12] INFO  grpc.GrpcConfigKeys (ConfUtils.java:logGet(46)) - raft.grpc.server.install_snapshot.request.timeout = 3000ms (default)
2023-07-12 21:54:22,067 [fe338567-e8a2-46f7-b85c-9d0af5bd64ed@group-6AF31780527C-LeaderElection12] INFO  server.RaftServerConfigKeys (ConfUtils.java:logGet(46)) - raft.server.log.appender.install.snapshot.enabled = false (custom)
2023-07-12 21:54:22,067 [fe338567-e8a2-46f7-b85c-9d0af5bd64ed@group-6AF31780527C-LeaderElection12] INFO  grpc.GrpcConfigKeys (ConfUtils.java:logGet(46)) - raft.grpc.server.heartbeat.channel = true (default)
2023-07-12 21:54:22,067 [fe338567-e8a2-46f7-b85c-9d0af5bd64ed@group-6AF31780527C-LeaderElection12] INFO  impl.RoleInfo (RoleInfo.java:updateAndGet(139)) - fe338567-e8a2-46f7-b85c-9d0af5bd64ed: start fe338567-e8a2-46f7-b85c-9d0af5bd64ed@group-6AF31780527C-LeaderStateImpl
2023-07-12 21:54:22,067 [fe338567-e8a2-46f7-b85c-9d0af5bd64ed@group-6AF31780527C-LeaderElection12] INFO  segmented.SegmentedRaftLogWorker (SegmentedRaftLogWorker.java:startLogSegment(447)) - fe338567-e8a2-46f7-b85c-9d0af5bd64ed@group-6AF31780527C-SegmentedRaftLogWorker: Starting segment from index:0
2023-07-12 21:54:22,069 [fe338567-e8a2-46f7-b85c-9d0af5bd64ed@group-6AF31780527C-SegmentedRaftLogWorker] INFO  segmented.SegmentedRaftLogWorker (SegmentedRaftLogWorker.java:execute(651)) - fe338567-e8a2-46f7-b85c-9d0af5bd64ed@group-6AF31780527C-SegmentedRaftLogWorker: created new log segment /home/runner/work/ozone/ozone/hadoop-ozone/integration-test/target/test-dir/MiniOzoneClusterImpl-56d3b7f5-b9ba-49a0-a504-54c96578f2cd/datanode-0/data/ratis/d7a77fc1-28a5-4ff7-9e5d-6af31780527c/current/log_inprogress_0
2023-07-12 21:54:22,080 [fe338567-e8a2-46f7-b85c-9d0af5bd64ed@group-6AF31780527C-LeaderElection12] INFO  server.RaftServer$Division (ServerState.java:setRaftConf(434)) - fe338567-e8a2-46f7-b85c-9d0af5bd64ed@group-6AF31780527C: set configuration 0: peers:[42b4a456-befe-4bab-a9c2-24b02b86258a|rpc:10.1.0.20:15058|admin:10.1.0.20:15057|client:10.1.0.20:15056|dataStream:10.1.0.20:15059|priority:0|startupRole:FOLLOWER, 8bfbb087-a02a-4d57-b8a9-f8148fb96c2a|rpc:10.1.0.20:15067|admin:10.1.0.20:15066|client:10.1.0.20:15065|dataStream:10.1.0.20:15068|priority:0|startupRole:FOLLOWER, fe338567-e8a2-46f7-b85c-9d0af5bd64ed|rpc:10.1.0.20:15049|admin:10.1.0.20:15048|client:10.1.0.20:15047|dataStream:10.1.0.20:15050|priority:1|startupRole:FOLLOWER]|listeners:[], old=null
2023-07-12 21:54:22,095 [42b4a456-befe-4bab-a9c2-24b02b86258a-server-thread1] INFO  ratis.XceiverServerRatis (XceiverServerRatis.java:handleLeaderChangedNotification(902)) - Leader change notification received for group: group-6AF31780527C with new leaderId: fe338567-e8a2-46f7-b85c-9d0af5bd64ed
2023-07-12 21:54:22,095 [42b4a456-befe-4bab-a9c2-24b02b86258a-server-thread1] INFO  server.RaftServer$Division (ServerState.java:setLeader(317)) - 42b4a456-befe-4bab-a9c2-24b02b86258a@group-6AF31780527C: change Leader from null to fe338567-e8a2-46f7-b85c-9d0af5bd64ed at term 1 for appendEntries, leader elected after 5221ms
2023-07-12 21:54:22,097 [8bfbb087-a02a-4d57-b8a9-f8148fb96c2a-server-thread1] INFO  ratis.XceiverServerRatis (XceiverServerRatis.java:handleLeaderChangedNotification(902)) - Leader change notification received for group: group-6AF31780527C with new leaderId: fe338567-e8a2-46f7-b85c-9d0af5bd64ed
2023-07-12 21:54:22,101 [8bfbb087-a02a-4d57-b8a9-f8148fb96c2a-server-thread1] INFO  server.RaftServer$Division (ServerState.java:setLeader(317)) - 8bfbb087-a02a-4d57-b8a9-f8148fb96c2a@group-6AF31780527C: change Leader from null to fe338567-e8a2-46f7-b85c-9d0af5bd64ed at term 1 for appendEntries, leader elected after 5259ms
2023-07-12 21:54:22,105 [42b4a456-befe-4bab-a9c2-24b02b86258a-server-thread2] INFO  server.RaftServer$Division (ServerState.java:setRaftConf(434)) - 42b4a456-befe-4bab-a9c2-24b02b86258a@group-6AF31780527C: set configuration 0: peers:[42b4a456-befe-4bab-a9c2-24b02b86258a|rpc:10.1.0.20:15058|admin:10.1.0.20:15057|client:10.1.0.20:15056|dataStream:10.1.0.20:15059|priority:0|startupRole:FOLLOWER, 8bfbb087-a02a-4d57-b8a9-f8148fb96c2a|rpc:10.1.0.20:15067|admin:10.1.0.20:15066|client:10.1.0.20:15065|dataStream:10.1.0.20:15068|priority:0|startupRole:FOLLOWER, fe338567-e8a2-46f7-b85c-9d0af5bd64ed|rpc:10.1.0.20:15049|admin:10.1.0.20:15048|client:10.1.0.20:15047|dataStream:10.1.0.20:15050|priority:1|startupRole:FOLLOWER]|listeners:[], old=null
2023-07-12 21:54:22,105 [8bfbb087-a02a-4d57-b8a9-f8148fb96c2a-server-thread3] INFO  server.RaftServer$Division (ServerState.java:setRaftConf(434)) - 8bfbb087-a02a-4d57-b8a9-f8148fb96c2a@group-6AF31780527C: set configuration 0: peers:[42b4a456-befe-4bab-a9c2-24b02b86258a|rpc:10.1.0.20:15058|admin:10.1.0.20:15057|client:10.1.0.20:15056|dataStream:10.1.0.20:15059|priority:0|startupRole:FOLLOWER, 8bfbb087-a02a-4d57-b8a9-f8148fb96c2a|rpc:10.1.0.20:15067|admin:10.1.0.20:15066|client:10.1.0.20:15065|dataStream:10.1.0.20:15068|priority:0|startupRole:FOLLOWER, fe338567-e8a2-46f7-b85c-9d0af5bd64ed|rpc:10.1.0.20:15049|admin:10.1.0.20:15048|client:10.1.0.20:15047|dataStream:10.1.0.20:15050|priority:1|startupRole:FOLLOWER]|listeners:[], old=null
2023-07-12 21:54:22,106 [42b4a456-befe-4bab-a9c2-24b02b86258a-server-thread2] INFO  segmented.SegmentedRaftLogWorker (SegmentedRaftLogWorker.java:startLogSegment(447)) - 42b4a456-befe-4bab-a9c2-24b02b86258a@group-6AF31780527C-SegmentedRaftLogWorker: Starting segment from index:0
2023-07-12 21:54:22,110 [8bfbb087-a02a-4d57-b8a9-f8148fb96c2a-server-thread3] INFO  segmented.SegmentedRaftLogWorker (SegmentedRaftLogWorker.java:startLogSegment(447)) - 8bfbb087-a02a-4d57-b8a9-f8148fb96c2a@group-6AF31780527C-SegmentedRaftLogWorker: Starting segment from index:0
2023-07-12 21:54:22,111 [42b4a456-befe-4bab-a9c2-24b02b86258a@group-6AF31780527C-SegmentedRaftLogWorker] INFO  segmented.SegmentedRaftLogWorker (SegmentedRaftLogWorker.java:execute(651)) - 42b4a456-befe-4bab-a9c2-24b02b86258a@group-6AF31780527C-SegmentedRaftLogWorker: created new log segment /home/runner/work/ozone/ozone/hadoop-ozone/integration-test/target/test-dir/MiniOzoneClusterImpl-56d3b7f5-b9ba-49a0-a504-54c96578f2cd/datanode-1/data/ratis/d7a77fc1-28a5-4ff7-9e5d-6af31780527c/current/log_inprogress_0
2023-07-12 21:54:22,116 [8bfbb087-a02a-4d57-b8a9-f8148fb96c2a@group-6AF31780527C-SegmentedRaftLogWorker] INFO  segmented.SegmentedRaftLogWorker (SegmentedRaftLogWorker.java:execute(651)) - 8bfbb087-a02a-4d57-b8a9-f8148fb96c2a@group-6AF31780527C-SegmentedRaftLogWorker: created new log segment /home/runner/work/ozone/ozone/hadoop-ozone/integration-test/target/test-dir/MiniOzoneClusterImpl-56d3b7f5-b9ba-49a0-a504-54c96578f2cd/datanode-2/data/ratis/d7a77fc1-28a5-4ff7-9e5d-6af31780527c/current/log_inprogress_0
2023-07-12 21:54:22,158 [42b4a456-befe-4bab-a9c2-24b02b86258a@group-4B50744322CC-FollowerState] INFO  impl.FollowerState (FollowerState.java:run(143)) - 42b4a456-befe-4bab-a9c2-24b02b86258a@group-4B50744322CC-FollowerState: change to CANDIDATE, lastRpcElapsedTime:5170849437ns, electionTimeout:5169ms
2023-07-12 21:54:22,158 [42b4a456-befe-4bab-a9c2-24b02b86258a@group-4B50744322CC-FollowerState] INFO  impl.RoleInfo (RoleInfo.java:shutdownFollowerState(110)) - 42b4a456-befe-4bab-a9c2-24b02b86258a: shutdown 42b4a456-befe-4bab-a9c2-24b02b86258a@group-4B50744322CC-FollowerState
2023-07-12 21:54:22,158 [42b4a456-befe-4bab-a9c2-24b02b86258a@group-4B50744322CC-FollowerState] INFO  server.RaftServer$Division (RaftServerImpl.java:setRole(329)) - 42b4a456-befe-4bab-a9c2-24b02b86258a@group-4B50744322CC: changes role from  FOLLOWER to CANDIDATE at term 0 for changeToCandidate
2023-07-12 21:54:22,159 [42b4a456-befe-4bab-a9c2-24b02b86258a@group-4B50744322CC-FollowerState] INFO  server.RaftServerConfigKeys (ConfUtils.java:logGet(46)) - raft.server.leaderelection.pre-vote = true (default)
2023-07-12 21:54:22,159 [42b4a456-befe-4bab-a9c2-24b02b86258a@group-4B50744322CC-FollowerState] INFO  impl.RoleInfo (RoleInfo.java:updateAndGet(139)) - 42b4a456-befe-4bab-a9c2-24b02b86258a: start 42b4a456-befe-4bab-a9c2-24b02b86258a@group-4B50744322CC-LeaderElection13
2023-07-12 21:54:22,159 [42b4a456-befe-4bab-a9c2-24b02b86258a@group-4B50744322CC-LeaderElection13] INFO  impl.LeaderElection (LeaderElection.java:askForVotes(321)) - 42b4a456-befe-4bab-a9c2-24b02b86258a@group-4B50744322CC-LeaderElection13 PRE_VOTE round 0: submit vote requests at term 0 for -1: peers:[42b4a456-befe-4bab-a9c2-24b02b86258a|rpc:10.1.0.20:15058|admin:10.1.0.20:15057|client:10.1.0.20:15056|dataStream:10.1.0.20:15059|priority:1|startupRole:FOLLOWER, 8bfbb087-a02a-4d57-b8a9-f8148fb96c2a|rpc:10.1.0.20:15067|admin:10.1.0.20:15066|client:10.1.0.20:15065|dataStream:10.1.0.20:15068|priority:0|startupRole:FOLLOWER, fe338567-e8a2-46f7-b85c-9d0af5bd64ed|rpc:10.1.0.20:15049|admin:10.1.0.20:15048|client:10.1.0.20:15047|dataStream:10.1.0.20:15050|priority:0|startupRole:FOLLOWER]|listeners:[], old=null
2023-07-12 21:54:22,160 [42b4a456-befe-4bab-a9c2-24b02b86258a@group-4B50744322CC-LeaderElection13-1] INFO  server.GrpcServerProtocolClient (GrpcServerProtocolClient.java:<init>(65)) - Build channel for 8bfbb087-a02a-4d57-b8a9-f8148fb96c2a
2023-07-12 21:54:22,160 [42b4a456-befe-4bab-a9c2-24b02b86258a@group-4B50744322CC-LeaderElection13] INFO  server.RaftServerConfigKeys (ConfUtils.java:logFallback(53)) - raft.server.rpc.first-election.timeout.min = 5s (fallback to raft.server.rpc.timeout.min)
2023-07-12 21:54:22,161 [42b4a456-befe-4bab-a9c2-24b02b86258a@group-4B50744322CC-LeaderElection13] INFO  server.RaftServerConfigKeys (ConfUtils.java:logFallback(53)) - raft.server.rpc.first-election.timeout.max = 5200ms (fallback to raft.server.rpc.timeout.max)
2023-07-12 21:54:22,162 [42b4a456-befe-4bab-a9c2-24b02b86258a@group-4B50744322CC-LeaderElection13-2] INFO  server.GrpcServerProtocolClient (GrpcServerProtocolClient.java:<init>(65)) - Build channel for fe338567-e8a2-46f7-b85c-9d0af5bd64ed
2023-07-12 21:54:22,173 [grpc-default-executor-4] INFO  server.RaftServer$Division (RaftServerImpl.java:requestVote(1302)) - 8bfbb087-a02a-4d57-b8a9-f8148fb96c2a@group-4B50744322CC: receive requestVote(PRE_VOTE, 42b4a456-befe-4bab-a9c2-24b02b86258a, group-4B50744322CC, 0, (t:0, i:0))
2023-07-12 21:54:22,173 [grpc-default-executor-4] INFO  impl.VoteContext (VoteContext.java:log(49)) - 8bfbb087-a02a-4d57-b8a9-f8148fb96c2a@group-4B50744322CC-FOLLOWER: accept PRE_VOTE from 42b4a456-befe-4bab-a9c2-24b02b86258a: our priority 0 <= candidate's priority 1
2023-07-12 21:54:22,173 [grpc-default-executor-4] INFO  server.RaftServer$Division (RaftServerImpl.java:requestVote(1335)) - 8bfbb087-a02a-4d57-b8a9-f8148fb96c2a@group-4B50744322CC replies to PRE_VOTE vote request: 42b4a456-befe-4bab-a9c2-24b02b86258a<-8bfbb087-a02a-4d57-b8a9-f8148fb96c2a#0:OK-t0. Peer's state: 8bfbb087-a02a-4d57-b8a9-f8148fb96c2a@group-4B50744322CC:t0, leader=null, voted=, raftlog=Memoized:8bfbb087-a02a-4d57-b8a9-f8148fb96c2a@group-4B50744322CC-SegmentedRaftLog:OPENED:c-1, conf=-1: peers:[42b4a456-befe-4bab-a9c2-24b02b86258a|rpc:10.1.0.20:15058|admin:10.1.0.20:15057|client:10.1.0.20:15056|dataStream:10.1.0.20:15059|priority:1|startupRole:FOLLOWER, 8bfbb087-a02a-4d57-b8a9-f8148fb96c2a|rpc:10.1.0.20:15067|admin:10.1.0.20:15066|client:10.1.0.20:15065|dataStream:10.1.0.20:15068|priority:0|startupRole:FOLLOWER, fe338567-e8a2-46f7-b85c-9d0af5bd64ed|rpc:10.1.0.20:15049|admin:10.1.0.20:15048|client:10.1.0.20:15047|dataStream:10.1.0.20:15050|priority:0|startupRole:FOLLOWER]|listeners:[], old=null
2023-07-12 21:54:22,175 [grpc-default-executor-4] INFO  server.RaftServer$Division (RaftServerImpl.java:requestVote(1302)) - fe338567-e8a2-46f7-b85c-9d0af5bd64ed@group-4B50744322CC: receive requestVote(PRE_VOTE, 42b4a456-befe-4bab-a9c2-24b02b86258a, group-4B50744322CC, 0, (t:0, i:0))
2023-07-12 21:54:22,175 [grpc-default-executor-4] INFO  impl.VoteContext (VoteContext.java:log(49)) - fe338567-e8a2-46f7-b85c-9d0af5bd64ed@group-4B50744322CC-FOLLOWER: accept PRE_VOTE from 42b4a456-befe-4bab-a9c2-24b02b86258a: our priority 0 <= candidate's priority 1
2023-07-12 21:54:22,175 [grpc-default-executor-4] INFO  server.RaftServer$Division (RaftServerImpl.java:requestVote(1335)) - fe338567-e8a2-46f7-b85c-9d0af5bd64ed@group-4B50744322CC replies to PRE_VOTE vote request: 42b4a456-befe-4bab-a9c2-24b02b86258a<-fe338567-e8a2-46f7-b85c-9d0af5bd64ed#0:OK-t0. Peer's state: fe338567-e8a2-46f7-b85c-9d0af5bd64ed@group-4B50744322CC:t0, leader=null, voted=, raftlog=Memoized:fe338567-e8a2-46f7-b85c-9d0af5bd64ed@group-4B50744322CC-SegmentedRaftLog:OPENED:c-1, conf=-1: peers:[42b4a456-befe-4bab-a9c2-24b02b86258a|rpc:10.1.0.20:15058|admin:10.1.0.20:15057|client:10.1.0.20:15056|dataStream:10.1.0.20:15059|priority:1|startupRole:FOLLOWER, 8bfbb087-a02a-4d57-b8a9-f8148fb96c2a|rpc:10.1.0.20:15067|admin:10.1.0.20:15066|client:10.1.0.20:15065|dataStream:10.1.0.20:15068|priority:0|startupRole:FOLLOWER, fe338567-e8a2-46f7-b85c-9d0af5bd64ed|rpc:10.1.0.20:15049|admin:10.1.0.20:15048|client:10.1.0.20:15047|dataStream:10.1.0.20:15050|priority:0|startupRole:FOLLOWER]|listeners:[], old=null
2023-07-12 21:54:22,176 [42b4a456-befe-4bab-a9c2-24b02b86258a@group-4B50744322CC-LeaderElection13] INFO  impl.LeaderElection (LeaderElection.java:logAndReturn(90)) - 42b4a456-befe-4bab-a9c2-24b02b86258a@group-4B50744322CC-LeaderElection13: PRE_VOTE PASSED received 1 response(s) and 0 exception(s):
2023-07-12 21:54:22,176 [42b4a456-befe-4bab-a9c2-24b02b86258a@group-4B50744322CC-LeaderElection13] INFO  impl.LeaderElection (LeaderElection.java:logAndReturn(94)) -   Response 0: 42b4a456-befe-4bab-a9c2-24b02b86258a<-8bfbb087-a02a-4d57-b8a9-f8148fb96c2a#0:OK-t0
2023-07-12 21:54:22,176 [42b4a456-befe-4bab-a9c2-24b02b86258a@group-4B50744322CC-LeaderElection13] INFO  impl.LeaderElection (LeaderElection.java:askForVotes(323)) - 42b4a456-befe-4bab-a9c2-24b02b86258a@group-4B50744322CC-LeaderElection13 PRE_VOTE round 0: result PASSED
2023-07-12 21:54:22,178 [42b4a456-befe-4bab-a9c2-24b02b86258a@group-4B50744322CC-LeaderElection13] INFO  impl.LeaderElection (LeaderElection.java:askForVotes(321)) - 42b4a456-befe-4bab-a9c2-24b02b86258a@group-4B50744322CC-LeaderElection13 ELECTION round 0: submit vote requests at term 1 for -1: peers:[42b4a456-befe-4bab-a9c2-24b02b86258a|rpc:10.1.0.20:15058|admin:10.1.0.20:15057|client:10.1.0.20:15056|dataStream:10.1.0.20:15059|priority:1|startupRole:FOLLOWER, 8bfbb087-a02a-4d57-b8a9-f8148fb96c2a|rpc:10.1.0.20:15067|admin:10.1.0.20:15066|client:10.1.0.20:15065|dataStream:10.1.0.20:15068|priority:0|startupRole:FOLLOWER, fe338567-e8a2-46f7-b85c-9d0af5bd64ed|rpc:10.1.0.20:15049|admin:10.1.0.20:15048|client:10.1.0.20:15047|dataStream:10.1.0.20:15050|priority:0|startupRole:FOLLOWER]|listeners:[], old=null
2023-07-12 21:54:22,184 [grpc-default-executor-4] INFO  server.RaftServer$Division (RaftServerImpl.java:requestVote(1302)) - 8bfbb087-a02a-4d57-b8a9-f8148fb96c2a@group-4B50744322CC: receive requestVote(ELECTION, 42b4a456-befe-4bab-a9c2-24b02b86258a, group-4B50744322CC, 1, (t:0, i:0))
2023-07-12 21:54:22,186 [42b4a456-befe-4bab-a9c2-24b02b86258a@group-4B50744322CC-LeaderElection13] INFO  server.RaftServerConfigKeys (ConfUtils.java:logFallback(53)) - raft.server.rpc.first-election.timeout.min = 5s (fallback to raft.server.rpc.timeout.min)
2023-07-12 21:54:22,186 [grpc-default-executor-4] INFO  impl.VoteContext (VoteContext.java:log(49)) - 8bfbb087-a02a-4d57-b8a9-f8148fb96c2a@group-4B50744322CC-FOLLOWER: accept ELECTION from 42b4a456-befe-4bab-a9c2-24b02b86258a: our priority 0 <= candidate's priority 1
2023-07-12 21:54:22,186 [42b4a456-befe-4bab-a9c2-24b02b86258a@group-4B50744322CC-LeaderElection13] INFO  server.RaftServerConfigKeys (ConfUtils.java:logFallback(53)) - raft.server.rpc.first-election.timeout.max = 5200ms (fallback to raft.server.rpc.timeout.max)
2023-07-12 21:54:22,186 [grpc-default-executor-4] INFO  server.RaftServer$Division (RaftServerImpl.java:setRole(329)) - 8bfbb087-a02a-4d57-b8a9-f8148fb96c2a@group-4B50744322CC: changes role from  FOLLOWER to FOLLOWER at term 1 for candidate:42b4a456-befe-4bab-a9c2-24b02b86258a
2023-07-12 21:54:22,186 [grpc-default-executor-4] INFO  impl.RoleInfo (RoleInfo.java:shutdownFollowerState(110)) - 8bfbb087-a02a-4d57-b8a9-f8148fb96c2a: shutdown 8bfbb087-a02a-4d57-b8a9-f8148fb96c2a@group-4B50744322CC-FollowerState
2023-07-12 21:54:22,186 [grpc-default-executor-4] INFO  impl.RoleInfo (RoleInfo.java:updateAndGet(139)) - 8bfbb087-a02a-4d57-b8a9-f8148fb96c2a: start 8bfbb087-a02a-4d57-b8a9-f8148fb96c2a@group-4B50744322CC-FollowerState
2023-07-12 21:54:22,186 [8bfbb087-a02a-4d57-b8a9-f8148fb96c2a@group-4B50744322CC-FollowerState] INFO  impl.FollowerState (FollowerState.java:run(152)) - 8bfbb087-a02a-4d57-b8a9-f8148fb96c2a@group-4B50744322CC-FollowerState was interrupted
2023-07-12 21:54:22,188 [grpc-default-executor-4] INFO  server.RaftServer$Division (RaftServerImpl.java:requestVote(1335)) - 8bfbb087-a02a-4d57-b8a9-f8148fb96c2a@group-4B50744322CC replies to ELECTION vote request: 42b4a456-befe-4bab-a9c2-24b02b86258a<-8bfbb087-a02a-4d57-b8a9-f8148fb96c2a#0:OK-t1. Peer's state: 8bfbb087-a02a-4d57-b8a9-f8148fb96c2a@group-4B50744322CC:t1, leader=null, voted=42b4a456-befe-4bab-a9c2-24b02b86258a, raftlog=Memoized:8bfbb087-a02a-4d57-b8a9-f8148fb96c2a@group-4B50744322CC-SegmentedRaftLog:OPENED:c-1, conf=-1: peers:[42b4a456-befe-4bab-a9c2-24b02b86258a|rpc:10.1.0.20:15058|admin:10.1.0.20:15057|client:10.1.0.20:15056|dataStream:10.1.0.20:15059|priority:1|startupRole:FOLLOWER, 8bfbb087-a02a-4d57-b8a9-f8148fb96c2a|rpc:10.1.0.20:15067|admin:10.1.0.20:15066|client:10.1.0.20:15065|dataStream:10.1.0.20:15068|priority:0|startupRole:FOLLOWER, fe338567-e8a2-46f7-b85c-9d0af5bd64ed|rpc:10.1.0.20:15049|admin:10.1.0.20:15048|client:10.1.0.20:15047|dataStream:10.1.0.20:15050|priority:0|startupRole:FOLLOWER]|listeners:[], old=null
2023-07-12 21:54:22,188 [42b4a456-befe-4bab-a9c2-24b02b86258a@group-4B50744322CC-LeaderElection13] INFO  impl.LeaderElection (LeaderElection.java:logAndReturn(90)) - 42b4a456-befe-4bab-a9c2-24b02b86258a@group-4B50744322CC-LeaderElection13: ELECTION PASSED received 1 response(s) and 0 exception(s):
2023-07-12 21:54:22,188 [42b4a456-befe-4bab-a9c2-24b02b86258a@group-4B50744322CC-LeaderElection13] INFO  impl.LeaderElection (LeaderElection.java:logAndReturn(94)) -   Response 0: 42b4a456-befe-4bab-a9c2-24b02b86258a<-8bfbb087-a02a-4d57-b8a9-f8148fb96c2a#0:OK-t1
2023-07-12 21:54:22,188 [42b4a456-befe-4bab-a9c2-24b02b86258a@group-4B50744322CC-LeaderElection13] INFO  impl.LeaderElection (LeaderElection.java:askForVotes(323)) - 42b4a456-befe-4bab-a9c2-24b02b86258a@group-4B50744322CC-LeaderElection13 ELECTION round 0: result PASSED
2023-07-12 21:54:22,188 [42b4a456-befe-4bab-a9c2-24b02b86258a@group-4B50744322CC-LeaderElection13] INFO  impl.RoleInfo (RoleInfo.java:shutdownLeaderElection(130)) - 42b4a456-befe-4bab-a9c2-24b02b86258a: shutdown 42b4a456-befe-4bab-a9c2-24b02b86258a@group-4B50744322CC-LeaderElection13
2023-07-12 21:54:22,188 [42b4a456-befe-4bab-a9c2-24b02b86258a@group-4B50744322CC-LeaderElection13] INFO  server.RaftServer$Division (RaftServerImpl.java:setRole(329)) - 42b4a456-befe-4bab-a9c2-24b02b86258a@group-4B50744322CC: changes role from CANDIDATE to LEADER at term 1 for changeToLeader
2023-07-12 21:54:22,188 [42b4a456-befe-4bab-a9c2-24b02b86258a@group-4B50744322CC-LeaderElection13] INFO  ratis.XceiverServerRatis (XceiverServerRatis.java:handleLeaderChangedNotification(902)) - Leader change notification received for group: group-4B50744322CC with new leaderId: 42b4a456-befe-4bab-a9c2-24b02b86258a
2023-07-12 21:54:22,189 [42b4a456-befe-4bab-a9c2-24b02b86258a@group-4B50744322CC-LeaderElection13] INFO  server.RaftServer$Division (ServerState.java:setLeader(317)) - 42b4a456-befe-4bab-a9c2-24b02b86258a@group-4B50744322CC: change Leader from null to 42b4a456-befe-4bab-a9c2-24b02b86258a at term 1 for becomeLeader, leader elected after 5214ms
2023-07-12 21:54:22,189 [42b4a456-befe-4bab-a9c2-24b02b86258a@group-4B50744322CC-LeaderElection13] INFO  server.RaftServerConfigKeys (ConfUtils.java:logGet(46)) - raft.server.staging.catchup.gap = 1000 (default)
2023-07-12 21:54:22,189 [42b4a456-befe-4bab-a9c2-24b02b86258a@group-4B50744322CC-LeaderElection13] INFO  server.RaftServerConfigKeys (ConfUtils.java:logGet(46)) - raft.server.write.element-limit = 1024 (custom)
2023-07-12 21:54:22,189 [42b4a456-befe-4bab-a9c2-24b02b86258a@group-4B50744322CC-LeaderElection13] INFO  server.RaftServerConfigKeys (ConfUtils.java:logGet(46)) - raft.server.write.byte-limit = 1024 M (=1073741824) (custom)
2023-07-12 21:54:22,189 [42b4a456-befe-4bab-a9c2-24b02b86258a@group-4B50744322CC-LeaderElection13] INFO  server.RaftServerConfigKeys (ConfUtils.java:logGet(46)) - raft.server.watch.timeout = 180s (custom)
2023-07-12 21:54:22,189 [42b4a456-befe-4bab-a9c2-24b02b86258a@group-4B50744322CC-LeaderElection13] INFO  server.RaftServerConfigKeys (ConfUtils.java:logGet(46)) - raft.server.watch.timeout.denomination = 1s (default)
2023-07-12 21:54:22,189 [42b4a456-befe-4bab-a9c2-24b02b86258a@group-4B50744322CC-LeaderElection13] INFO  server.RaftServerConfigKeys (ConfUtils.java:logGet(46)) - raft.server.watch.element-limit = 65536 (default)
2023-07-12 21:54:22,189 [42b4a456-befe-4bab-a9c2-24b02b86258a@group-4B50744322CC-LeaderElection13] INFO  server.RaftServerConfigKeys (ConfUtils.java:logGet(46)) - raft.server.write.element-limit = 1024 (custom)
2023-07-12 21:54:22,189 [42b4a456-befe-4bab-a9c2-24b02b86258a@group-4B50744322CC-LeaderElection13] INFO  server.RaftServerConfigKeys (ConfUtils.java:logGet(46)) - raft.server.write.follower.gap.ratio.max = -1.0 (default)
2023-07-12 21:54:22,190 [42b4a456-befe-4bab-a9c2-24b02b86258a@group-4B50744322CC-LeaderElection13] INFO  server.RaftServerConfigKeys (ConfUtils.java:logGet(46)) - raft.server.log.appender.snapshot.chunk.size.max = 16MB (=16777216) (default)
2023-07-12 21:54:22,190 [42b4a456-befe-4bab-a9c2-24b02b86258a@group-4B50744322CC-LeaderElection13] INFO  server.RaftServerConfigKeys (ConfUtils.java:logGet(46)) - raft.server.log.appender.buffer.byte-limit = 33554432 (custom)
2023-07-12 21:54:22,190 [42b4a456-befe-4bab-a9c2-24b02b86258a@group-4B50744322CC-LeaderElection13] INFO  server.RaftServerConfigKeys (ConfUtils.java:logGet(46)) - raft.server.log.appender.buffer.element-limit = 1 (custom)
2023-07-12 21:54:22,190 [42b4a456-befe-4bab-a9c2-24b02b86258a@group-4B50744322CC-LeaderElection13] INFO  server.RaftServerConfigKeys (ConfUtils.java:logGet(46)) - raft.server.log.appender.wait-time.min = 10ms (default)
2023-07-12 21:54:22,190 [42b4a456-befe-4bab-a9c2-24b02b86258a@group-4B50744322CC-LeaderElection13] INFO  grpc.GrpcConfigKeys (ConfUtils.java:logGet(46)) - raft.grpc.server.leader.outstanding.appends.max = 128 (default)
2023-07-12 21:54:22,190 [42b4a456-befe-4bab-a9c2-24b02b86258a@group-4B50744322CC-LeaderElection13] INFO  server.RaftServerConfigKeys (ConfUtils.java:logGet(46)) - raft.server.rpc.request.timeout = 60s (custom)
2023-07-12 21:54:22,190 [42b4a456-befe-4bab-a9c2-24b02b86258a@group-4B50744322CC-LeaderElection13] INFO  grpc.GrpcConfigKeys (ConfUtils.java:logGet(46)) - raft.grpc.server.install_snapshot.request.element-limit = 8 (default)
2023-07-12 21:54:22,190 [42b4a456-befe-4bab-a9c2-24b02b86258a@group-4B50744322CC-LeaderElection13] INFO  grpc.GrpcConfigKeys (ConfUtils.java:logGet(46)) - raft.grpc.server.install_snapshot.request.timeout = 3000ms (default)
2023-07-12 21:54:22,190 [42b4a456-befe-4bab-a9c2-24b02b86258a@group-4B50744322CC-LeaderElection13] INFO  server.RaftServerConfigKeys (ConfUtils.java:logGet(46)) - raft.server.log.appender.install.snapshot.enabled = false (custom)
2023-07-12 21:54:22,190 [42b4a456-befe-4bab-a9c2-24b02b86258a@group-4B50744322CC-LeaderElection13] INFO  grpc.GrpcConfigKeys (ConfUtils.java:logGet(46)) - raft.grpc.server.heartbeat.channel = true (default)
2023-07-12 21:54:22,191 [42b4a456-befe-4bab-a9c2-24b02b86258a@group-093BB777CD5C-FollowerState] INFO  impl.FollowerState (FollowerState.java:run(143)) - 42b4a456-befe-4bab-a9c2-24b02b86258a@group-093BB777CD5C-FollowerState: change to CANDIDATE, lastRpcElapsedTime:5042346905ns, electionTimeout:5041ms
2023-07-12 21:54:22,191 [42b4a456-befe-4bab-a9c2-24b02b86258a@group-093BB777CD5C-FollowerState] INFO  impl.RoleInfo (RoleInfo.java:shutdownFollowerState(110)) - 42b4a456-befe-4bab-a9c2-24b02b86258a: shutdown 42b4a456-befe-4bab-a9c2-24b02b86258a@group-093BB777CD5C-FollowerState
2023-07-12 21:54:22,191 [42b4a456-befe-4bab-a9c2-24b02b86258a@group-093BB777CD5C-FollowerState] INFO  server.RaftServer$Division (RaftServerImpl.java:setRole(329)) - 42b4a456-befe-4bab-a9c2-24b02b86258a@group-093BB777CD5C: changes role from  FOLLOWER to CANDIDATE at term 0 for changeToCandidate
2023-07-12 21:54:22,193 [42b4a456-befe-4bab-a9c2-24b02b86258a@group-093BB777CD5C-FollowerState] INFO  server.RaftServerConfigKeys (ConfUtils.java:logGet(46)) - raft.server.leaderelection.pre-vote = true (default)
2023-07-12 21:54:22,193 [42b4a456-befe-4bab-a9c2-24b02b86258a@group-093BB777CD5C-FollowerState] INFO  impl.RoleInfo (RoleInfo.java:updateAndGet(139)) - 42b4a456-befe-4bab-a9c2-24b02b86258a: start 42b4a456-befe-4bab-a9c2-24b02b86258a@group-093BB777CD5C-LeaderElection14
2023-07-12 21:54:22,197 [42b4a456-befe-4bab-a9c2-24b02b86258a@group-4B50744322CC-LeaderElection13] INFO  server.RaftServerConfigKeys (ConfUtils.java:logGet(46)) - raft.server.log.appender.snapshot.chunk.size.max = 16MB (=16777216) (default)
2023-07-12 21:54:22,197 [42b4a456-befe-4bab-a9c2-24b02b86258a@group-4B50744322CC-LeaderElection13] INFO  server.RaftServerConfigKeys (ConfUtils.java:logGet(46)) - raft.server.log.appender.buffer.byte-limit = 33554432 (custom)
2023-07-12 21:54:22,197 [42b4a456-befe-4bab-a9c2-24b02b86258a@group-4B50744322CC-LeaderElection13] INFO  server.RaftServerConfigKeys (ConfUtils.java:logGet(46)) - raft.server.log.appender.buffer.element-limit = 1 (custom)
2023-07-12 21:54:22,197 [42b4a456-befe-4bab-a9c2-24b02b86258a@group-4B50744322CC-LeaderElection13] INFO  server.RaftServerConfigKeys (ConfUtils.java:logGet(46)) - raft.server.log.appender.wait-time.min = 10ms (default)
2023-07-12 21:54:22,197 [42b4a456-befe-4bab-a9c2-24b02b86258a@group-4B50744322CC-LeaderElection13] INFO  grpc.GrpcConfigKeys (ConfUtils.java:logGet(46)) - raft.grpc.server.leader.outstanding.appends.max = 128 (default)
2023-07-12 21:54:22,197 [42b4a456-befe-4bab-a9c2-24b02b86258a@group-4B50744322CC-LeaderElection13] INFO  server.RaftServerConfigKeys (ConfUtils.java:logGet(46)) - raft.server.rpc.request.timeout = 60s (custom)
2023-07-12 21:54:22,197 [42b4a456-befe-4bab-a9c2-24b02b86258a@group-4B50744322CC-LeaderElection13] INFO  grpc.GrpcConfigKeys (ConfUtils.java:logGet(46)) - raft.grpc.server.install_snapshot.request.element-limit = 8 (default)
2023-07-12 21:54:22,197 [42b4a456-befe-4bab-a9c2-24b02b86258a@group-4B50744322CC-LeaderElection13] INFO  grpc.GrpcConfigKeys (ConfUtils.java:logGet(46)) - raft.grpc.server.install_snapshot.request.timeout = 3000ms (default)
2023-07-12 21:54:22,197 [42b4a456-befe-4bab-a9c2-24b02b86258a@group-4B50744322CC-LeaderElection13] INFO  server.RaftServerConfigKeys (ConfUtils.java:logGet(46)) - raft.server.log.appender.install.snapshot.enabled = false (custom)
2023-07-12 21:54:22,197 [42b4a456-befe-4bab-a9c2-24b02b86258a@group-4B50744322CC-LeaderElection13] INFO  grpc.GrpcConfigKeys (ConfUtils.java:logGet(46)) - raft.grpc.server.heartbeat.channel = true (default)
2023-07-12 21:54:22,198 [42b4a456-befe-4bab-a9c2-24b02b86258a@group-4B50744322CC-LeaderElection13] INFO  impl.RoleInfo (RoleInfo.java:updateAndGet(139)) - 42b4a456-befe-4bab-a9c2-24b02b86258a: start 42b4a456-befe-4bab-a9c2-24b02b86258a@group-4B50744322CC-LeaderStateImpl
2023-07-12 21:54:22,198 [42b4a456-befe-4bab-a9c2-24b02b86258a@group-4B50744322CC-LeaderElection13] INFO  segmented.SegmentedRaftLogWorker (SegmentedRaftLogWorker.java:startLogSegment(447)) - 42b4a456-befe-4bab-a9c2-24b02b86258a@group-4B50744322CC-SegmentedRaftLogWorker: Starting segment from index:0
2023-07-12 21:54:22,199 [42b4a456-befe-4bab-a9c2-24b02b86258a@group-4B50744322CC-SegmentedRaftLogWorker] INFO  segmented.SegmentedRaftLogWorker (SegmentedRaftLogWorker.java:execute(651)) - 42b4a456-befe-4bab-a9c2-24b02b86258a@group-4B50744322CC-SegmentedRaftLogWorker: created new log segment /home/runner/work/ozone/ozone/hadoop-ozone/integration-test/target/test-dir/MiniOzoneClusterImpl-56d3b7f5-b9ba-49a0-a504-54c96578f2cd/datanode-1/data/ratis/2840e35d-b6e7-49c8-aea9-4b50744322cc/current/log_inprogress_0
2023-07-12 21:54:22,200 [EventQueue-PipelineReportForPipelineReportHandler] INFO  pipeline.PipelineReportHandler (PipelineReportHandler.java:processPipelineReport(136)) - Opened pipeline PipelineID=2840e35d-b6e7-49c8-aea9-4b50744322cc
2023-07-12 21:54:22,207 [42b4a456-befe-4bab-a9c2-24b02b86258a@group-093BB777CD5C-LeaderElection14] INFO  impl.LeaderElection (LeaderElection.java:askForVotes(321)) - 42b4a456-befe-4bab-a9c2-24b02b86258a@group-093BB777CD5C-LeaderElection14 PRE_VOTE round 0: submit vote requests at term 0 for -1: peers:[42b4a456-befe-4bab-a9c2-24b02b86258a|rpc:10.1.0.20:15058|admin:10.1.0.20:15057|client:10.1.0.20:15056|dataStream:10.1.0.20:15059|priority:1|startupRole:FOLLOWER]|listeners:[], old=null
2023-07-12 21:54:22,207 [42b4a456-befe-4bab-a9c2-24b02b86258a@group-093BB777CD5C-LeaderElection14] INFO  impl.LeaderElection (LeaderElection.java:askForVotes(323)) - 42b4a456-befe-4bab-a9c2-24b02b86258a@group-093BB777CD5C-LeaderElection14 PRE_VOTE round 0: result PASSED (term=0)
2023-07-12 21:54:22,207 [grpc-default-executor-4] INFO  server.RaftServer$Division (RaftServerImpl.java:requestVote(1302)) - fe338567-e8a2-46f7-b85c-9d0af5bd64ed@group-4B50744322CC: receive requestVote(ELECTION, 42b4a456-befe-4bab-a9c2-24b02b86258a, group-4B50744322CC, 1, (t:0, i:0))
2023-07-12 21:54:22,208 [grpc-default-executor-4] INFO  impl.VoteContext (VoteContext.java:log(49)) - fe338567-e8a2-46f7-b85c-9d0af5bd64ed@group-4B50744322CC-FOLLOWER: accept ELECTION from 42b4a456-befe-4bab-a9c2-24b02b86258a: our priority 0 <= candidate's priority 1
2023-07-12 21:54:22,208 [grpc-default-executor-4] INFO  server.RaftServer$Division (RaftServerImpl.java:setRole(329)) - fe338567-e8a2-46f7-b85c-9d0af5bd64ed@group-4B50744322CC: changes role from  FOLLOWER to FOLLOWER at term 1 for candidate:42b4a456-befe-4bab-a9c2-24b02b86258a
2023-07-12 21:54:22,208 [grpc-default-executor-4] INFO  impl.RoleInfo (RoleInfo.java:shutdownFollowerState(110)) - fe338567-e8a2-46f7-b85c-9d0af5bd64ed: shutdown fe338567-e8a2-46f7-b85c-9d0af5bd64ed@group-4B50744322CC-FollowerState
2023-07-12 21:54:22,208 [42b4a456-befe-4bab-a9c2-24b02b86258a@group-4B50744322CC-LeaderElection13] INFO  server.RaftServer$Division (ServerState.java:setRaftConf(434)) - 42b4a456-befe-4bab-a9c2-24b02b86258a@group-4B50744322CC: set configuration 0: peers:[42b4a456-befe-4bab-a9c2-24b02b86258a|rpc:10.1.0.20:15058|admin:10.1.0.20:15057|client:10.1.0.20:15056|dataStream:10.1.0.20:15059|priority:1|startupRole:FOLLOWER, 8bfbb087-a02a-4d57-b8a9-f8148fb96c2a|rpc:10.1.0.20:15067|admin:10.1.0.20:15066|client:10.1.0.20:15065|dataStream:10.1.0.20:15068|priority:0|startupRole:FOLLOWER, fe338567-e8a2-46f7-b85c-9d0af5bd64ed|rpc:10.1.0.20:15049|admin:10.1.0.20:15048|client:10.1.0.20:15047|dataStream:10.1.0.20:15050|priority:0|startupRole:FOLLOWER]|listeners:[], old=null
2023-07-12 21:54:22,208 [fe338567-e8a2-46f7-b85c-9d0af5bd64ed@group-4B50744322CC-FollowerState] INFO  impl.FollowerState (FollowerState.java:run(152)) - fe338567-e8a2-46f7-b85c-9d0af5bd64ed@group-4B50744322CC-FollowerState was interrupted
2023-07-12 21:54:22,209 [42b4a456-befe-4bab-a9c2-24b02b86258a@group-093BB777CD5C-LeaderElection14] INFO  impl.LeaderElection (LeaderElection.java:askForVotes(321)) - 42b4a456-befe-4bab-a9c2-24b02b86258a@group-093BB777CD5C-LeaderElection14 ELECTION round 0: submit vote requests at term 1 for -1: peers:[42b4a456-befe-4bab-a9c2-24b02b86258a|rpc:10.1.0.20:15058|admin:10.1.0.20:15057|client:10.1.0.20:15056|dataStream:10.1.0.20:15059|priority:1|startupRole:FOLLOWER]|listeners:[], old=null
2023-07-12 21:54:22,209 [42b4a456-befe-4bab-a9c2-24b02b86258a@group-093BB777CD5C-LeaderElection14] INFO  impl.LeaderElection (LeaderElection.java:askForVotes(323)) - 42b4a456-befe-4bab-a9c2-24b02b86258a@group-093BB777CD5C-LeaderElection14 ELECTION round 0: result PASSED (term=1)
2023-07-12 21:54:22,209 [42b4a456-befe-4bab-a9c2-24b02b86258a@group-093BB777CD5C-LeaderElection14] INFO  impl.RoleInfo (RoleInfo.java:shutdownLeaderElection(130)) - 42b4a456-befe-4bab-a9c2-24b02b86258a: shutdown 42b4a456-befe-4bab-a9c2-24b02b86258a@group-093BB777CD5C-LeaderElection14
2023-07-12 21:54:22,209 [42b4a456-befe-4bab-a9c2-24b02b86258a@group-093BB777CD5C-LeaderElection14] INFO  server.RaftServer$Division (RaftServerImpl.java:setRole(329)) - 42b4a456-befe-4bab-a9c2-24b02b86258a@group-093BB777CD5C: changes role from CANDIDATE to LEADER at term 1 for changeToLeader
2023-07-12 21:54:22,209 [42b4a456-befe-4bab-a9c2-24b02b86258a@group-093BB777CD5C-LeaderElection14] INFO  ratis.XceiverServerRatis (XceiverServerRatis.java:handleLeaderChangedNotification(902)) - Leader change notification received for group: group-093BB777CD5C with new leaderId: 42b4a456-befe-4bab-a9c2-24b02b86258a
2023-07-12 21:54:22,209 [42b4a456-befe-4bab-a9c2-24b02b86258a@group-093BB777CD5C-LeaderElection14] INFO  server.RaftServer$Division (ServerState.java:setLeader(317)) - 42b4a456-befe-4bab-a9c2-24b02b86258a@group-093BB777CD5C: change Leader from null to 42b4a456-befe-4bab-a9c2-24b02b86258a at term 1 for becomeLeader, leader elected after 5072ms
2023-07-12 21:54:22,209 [42b4a456-befe-4bab-a9c2-24b02b86258a@group-093BB777CD5C-LeaderElection14] INFO  server.RaftServerConfigKeys (ConfUtils.java:logGet(46)) - raft.server.staging.catchup.gap = 1000 (default)
2023-07-12 21:54:22,209 [42b4a456-befe-4bab-a9c2-24b02b86258a@group-093BB777CD5C-LeaderElection14] INFO  server.RaftServerConfigKeys (ConfUtils.java:logGet(46)) - raft.server.write.element-limit = 1024 (custom)
2023-07-12 21:54:22,210 [42b4a456-befe-4bab-a9c2-24b02b86258a@group-093BB777CD5C-LeaderElection14] INFO  server.RaftServerConfigKeys (ConfUtils.java:logGet(46)) - raft.server.write.byte-limit = 1024 M (=1073741824) (custom)
2023-07-12 21:54:22,211 [grpc-default-executor-4] INFO  impl.RoleInfo (RoleInfo.java:updateAndGet(139)) - fe338567-e8a2-46f7-b85c-9d0af5bd64ed: start fe338567-e8a2-46f7-b85c-9d0af5bd64ed@group-4B50744322CC-FollowerState
2023-07-12 21:54:22,213 [42b4a456-befe-4bab-a9c2-24b02b86258a@group-093BB777CD5C-LeaderElection14] INFO  server.RaftServerConfigKeys (ConfUtils.java:logGet(46)) - raft.server.watch.timeout = 180s (custom)
2023-07-12 21:54:22,213 [42b4a456-befe-4bab-a9c2-24b02b86258a@group-093BB777CD5C-LeaderElection14] INFO  server.RaftServerConfigKeys (ConfUtils.java:logGet(46)) - raft.server.watch.timeout.denomination = 1s (default)
2023-07-12 21:54:22,213 [42b4a456-befe-4bab-a9c2-24b02b86258a@group-093BB777CD5C-LeaderElection14] INFO  server.RaftServerConfigKeys (ConfUtils.java:logGet(46)) - raft.server.watch.element-limit = 65536 (default)
2023-07-12 21:54:22,213 [42b4a456-befe-4bab-a9c2-24b02b86258a@group-093BB777CD5C-LeaderElection14] INFO  server.RaftServerConfigKeys (ConfUtils.java:logGet(46)) - raft.server.write.element-limit = 1024 (custom)
2023-07-12 21:54:22,214 [42b4a456-befe-4bab-a9c2-24b02b86258a@group-093BB777CD5C-LeaderElection14] INFO  server.RaftServerConfigKeys (ConfUtils.java:logGet(46)) - raft.server.write.follower.gap.ratio.max = -1.0 (default)
2023-07-12 21:54:22,214 [42b4a456-befe-4bab-a9c2-24b02b86258a@group-093BB777CD5C-LeaderElection14] INFO  impl.RoleInfo (RoleInfo.java:updateAndGet(139)) - 42b4a456-befe-4bab-a9c2-24b02b86258a: start 42b4a456-befe-4bab-a9c2-24b02b86258a@group-093BB777CD5C-LeaderStateImpl
2023-07-12 21:54:22,214 [grpc-default-executor-4] INFO  server.RaftServer$Division (RaftServerImpl.java:requestVote(1335)) - fe338567-e8a2-46f7-b85c-9d0af5bd64ed@group-4B50744322CC replies to ELECTION vote request: 42b4a456-befe-4bab-a9c2-24b02b86258a<-fe338567-e8a2-46f7-b85c-9d0af5bd64ed#0:OK-t1. Peer's state: fe338567-e8a2-46f7-b85c-9d0af5bd64ed@group-4B50744322CC:t1, leader=null, voted=42b4a456-befe-4bab-a9c2-24b02b86258a, raftlog=Memoized:fe338567-e8a2-46f7-b85c-9d0af5bd64ed@group-4B50744322CC-SegmentedRaftLog:OPENED:c-1, conf=-1: peers:[42b4a456-befe-4bab-a9c2-24b02b86258a|rpc:10.1.0.20:15058|admin:10.1.0.20:15057|client:10.1.0.20:15056|dataStream:10.1.0.20:15059|priority:1|startupRole:FOLLOWER, 8bfbb087-a02a-4d57-b8a9-f8148fb96c2a|rpc:10.1.0.20:15067|admin:10.1.0.20:15066|client:10.1.0.20:15065|dataStream:10.1.0.20:15068|priority:0|startupRole:FOLLOWER, fe338567-e8a2-46f7-b85c-9d0af5bd64ed|rpc:10.1.0.20:15049|admin:10.1.0.20:15048|client:10.1.0.20:15047|dataStream:10.1.0.20:15050|priority:0|startupRole:FOLLOWER]|listeners:[], old=null
2023-07-12 21:54:22,214 [42b4a456-befe-4bab-a9c2-24b02b86258a@group-093BB777CD5C-LeaderElection14] INFO  segmented.SegmentedRaftLogWorker (SegmentedRaftLogWorker.java:startLogSegment(447)) - 42b4a456-befe-4bab-a9c2-24b02b86258a@group-093BB777CD5C-SegmentedRaftLogWorker: Starting segment from index:0
2023-07-12 21:54:22,215 [8bfbb087-a02a-4d57-b8a9-f8148fb96c2a-server-thread1] INFO  ratis.XceiverServerRatis (XceiverServerRatis.java:handleLeaderChangedNotification(902)) - Leader change notification received for group: group-4B50744322CC with new leaderId: 42b4a456-befe-4bab-a9c2-24b02b86258a
2023-07-12 21:54:22,215 [8bfbb087-a02a-4d57-b8a9-f8148fb96c2a-server-thread1] INFO  server.RaftServer$Division (ServerState.java:setLeader(317)) - 8bfbb087-a02a-4d57-b8a9-f8148fb96c2a@group-4B50744322CC: change Leader from null to 42b4a456-befe-4bab-a9c2-24b02b86258a at term 1 for appendEntries, leader elected after 5286ms
2023-07-12 21:54:22,216 [42b4a456-befe-4bab-a9c2-24b02b86258a@group-093BB777CD5C-SegmentedRaftLogWorker] INFO  segmented.SegmentedRaftLogWorker (SegmentedRaftLogWorker.java:execute(651)) - 42b4a456-befe-4bab-a9c2-24b02b86258a@group-093BB777CD5C-SegmentedRaftLogWorker: created new log segment /home/runner/work/ozone/ozone/hadoop-ozone/integration-test/target/test-dir/MiniOzoneClusterImpl-56d3b7f5-b9ba-49a0-a504-54c96578f2cd/datanode-1/data/ratis/254dbbe4-c105-4132-aa7e-093bb777cd5c/current/log_inprogress_0
2023-07-12 21:54:22,219 [42b4a456-befe-4bab-a9c2-24b02b86258a@group-093BB777CD5C-LeaderElection14] INFO  server.RaftServer$Division (ServerState.java:setRaftConf(434)) - 42b4a456-befe-4bab-a9c2-24b02b86258a@group-093BB777CD5C: set configuration 0: peers:[42b4a456-befe-4bab-a9c2-24b02b86258a|rpc:10.1.0.20:15058|admin:10.1.0.20:15057|client:10.1.0.20:15056|dataStream:10.1.0.20:15059|priority:1|startupRole:FOLLOWER]|listeners:[], old=null
2023-07-12 21:54:22,223 [8bfbb087-a02a-4d57-b8a9-f8148fb96c2a-server-thread3] INFO  server.RaftServer$Division (ServerState.java:setRaftConf(434)) - 8bfbb087-a02a-4d57-b8a9-f8148fb96c2a@group-4B50744322CC: set configuration 0: peers:[42b4a456-befe-4bab-a9c2-24b02b86258a|rpc:10.1.0.20:15058|admin:10.1.0.20:15057|client:10.1.0.20:15056|dataStream:10.1.0.20:15059|priority:1|startupRole:FOLLOWER, 8bfbb087-a02a-4d57-b8a9-f8148fb96c2a|rpc:10.1.0.20:15067|admin:10.1.0.20:15066|client:10.1.0.20:15065|dataStream:10.1.0.20:15068|priority:0|startupRole:FOLLOWER, fe338567-e8a2-46f7-b85c-9d0af5bd64ed|rpc:10.1.0.20:15049|admin:10.1.0.20:15048|client:10.1.0.20:15047|dataStream:10.1.0.20:15050|priority:0|startupRole:FOLLOWER]|listeners:[], old=null
2023-07-12 21:54:22,223 [8bfbb087-a02a-4d57-b8a9-f8148fb96c2a-server-thread3] INFO  segmented.SegmentedRaftLogWorker (SegmentedRaftLogWorker.java:startLogSegment(447)) - 8bfbb087-a02a-4d57-b8a9-f8148fb96c2a@group-4B50744322CC-SegmentedRaftLogWorker: Starting segment from index:0
2023-07-12 21:54:22,226 [8bfbb087-a02a-4d57-b8a9-f8148fb96c2a@group-4B50744322CC-SegmentedRaftLogWorker] INFO  segmented.SegmentedRaftLogWorker (SegmentedRaftLogWorker.java:execute(651)) - 8bfbb087-a02a-4d57-b8a9-f8148fb96c2a@group-4B50744322CC-SegmentedRaftLogWorker: created new log segment /home/runner/work/ozone/ozone/hadoop-ozone/integration-test/target/test-dir/MiniOzoneClusterImpl-56d3b7f5-b9ba-49a0-a504-54c96578f2cd/datanode-2/data/ratis/2840e35d-b6e7-49c8-aea9-4b50744322cc/current/log_inprogress_0
2023-07-12 21:54:22,234 [fe338567-e8a2-46f7-b85c-9d0af5bd64ed-server-thread1] INFO  ratis.XceiverServerRatis (XceiverServerRatis.java:handleLeaderChangedNotification(902)) - Leader change notification received for group: group-4B50744322CC with new leaderId: 42b4a456-befe-4bab-a9c2-24b02b86258a
2023-07-12 21:54:22,234 [fe338567-e8a2-46f7-b85c-9d0af5bd64ed-server-thread1] INFO  server.RaftServer$Division (ServerState.java:setLeader(317)) - fe338567-e8a2-46f7-b85c-9d0af5bd64ed@group-4B50744322CC: change Leader from null to 42b4a456-befe-4bab-a9c2-24b02b86258a at term 1 for appendEntries, leader elected after 5337ms
2023-07-12 21:54:22,235 [fe338567-e8a2-46f7-b85c-9d0af5bd64ed-server-thread1] INFO  server.RaftServer$Division (ServerState.java:setRaftConf(434)) - fe338567-e8a2-46f7-b85c-9d0af5bd64ed@group-4B50744322CC: set configuration 0: peers:[42b4a456-befe-4bab-a9c2-24b02b86258a|rpc:10.1.0.20:15058|admin:10.1.0.20:15057|client:10.1.0.20:15056|dataStream:10.1.0.20:15059|priority:1|startupRole:FOLLOWER, 8bfbb087-a02a-4d57-b8a9-f8148fb96c2a|rpc:10.1.0.20:15067|admin:10.1.0.20:15066|client:10.1.0.20:15065|dataStream:10.1.0.20:15068|priority:0|startupRole:FOLLOWER, fe338567-e8a2-46f7-b85c-9d0af5bd64ed|rpc:10.1.0.20:15049|admin:10.1.0.20:15048|client:10.1.0.20:15047|dataStream:10.1.0.20:15050|priority:0|startupRole:FOLLOWER]|listeners:[], old=null
2023-07-12 21:54:22,235 [fe338567-e8a2-46f7-b85c-9d0af5bd64ed-server-thread1] INFO  segmented.SegmentedRaftLogWorker (SegmentedRaftLogWorker.java:startLogSegment(447)) - fe338567-e8a2-46f7-b85c-9d0af5bd64ed@group-4B50744322CC-SegmentedRaftLogWorker: Starting segment from index:0
2023-07-12 21:54:22,237 [fe338567-e8a2-46f7-b85c-9d0af5bd64ed@group-4B50744322CC-SegmentedRaftLogWorker] INFO  segmented.SegmentedRaftLogWorker (SegmentedRaftLogWorker.java:execute(651)) - fe338567-e8a2-46f7-b85c-9d0af5bd64ed@group-4B50744322CC-SegmentedRaftLogWorker: created new log segment /home/runner/work/ozone/ozone/hadoop-ozone/integration-test/target/test-dir/MiniOzoneClusterImpl-56d3b7f5-b9ba-49a0-a504-54c96578f2cd/datanode-0/data/ratis/2840e35d-b6e7-49c8-aea9-4b50744322cc/current/log_inprogress_0
2023-07-12 21:54:22,465 [main] INFO  ozone.MiniOzoneClusterImpl (MiniOzoneClusterImpl.java:lambda$waitForClusterToBeReady$0(224)) - Nodes are ready. Got 3 of 3 DN Heartbeats.
2023-07-12 21:54:22,466 [main] INFO  ozone.MiniOzoneClusterImpl (MiniOzoneClusterImpl.java:lambda$waitForClusterToBeReady$0(227)) - Cluster exits safe mode
2023-07-12 21:54:22,466 [main] INFO  ozone.MiniOzoneClusterImpl (MiniOzoneClusterImpl.java:lambda$waitForClusterToBeReady$0(229)) - SCM became leader
2023-07-12 21:54:22,495 [main] INFO  rpc.RpcClient (RpcClient.java:createVolume(460)) - Creating Volume: vol1, with user60543 as owner and space quota set to -1 bytes, counts quota set to -1
2023-07-12 21:54:22,505 [OM StateMachine ApplyTransaction Thread - 0] INFO  volume.OMVolumeCreateRequest (OMVolumeCreateRequest.java:validateAndUpdateCache(196)) - created volume:vol1 for user:user60543
2023-07-12 21:54:22,510 [main] INFO  rpc.RpcClient (RpcClient.java:createBucket(687)) - Creating Bucket: vol1/bucket1, with bucket layout LEGACY, runner as owner, Versioning false, Storage Type set to DISK and Encryption set to false, Replication Type set to server-side default replication type, Namespace Quota set to -1, Space Quota set to -1 
2023-07-12 21:54:22,517 [OM StateMachine ApplyTransaction Thread - 0] INFO  bucket.OMBucketCreateRequest (OMBucketCreateRequest.java:validateAndUpdateCache(270)) - created bucket: bucket1 of layout LEGACY in volume: vol1
2023-07-12 21:54:22,543 [IPC Server handler 2 on default port 15036] INFO  ha.SequenceIdGenerator (SequenceIdGenerator.java:getNextId(140)) - Allocate a batch for containerId, change lastId from 0 to 1000.
2023-07-12 21:54:22,544 [IPC Server handler 2 on default port 15036] WARN  ha.SequenceIdGenerator (SequenceIdGenerator.java:allocateBatch(249)) - Failed to allocate a batch for localId, expected lastId is 0, actual lastId is 111677748019200000.
2023-07-12 21:54:22,544 [IPC Server handler 2 on default port 15036] INFO  ha.SequenceIdGenerator (SequenceIdGenerator.java:getNextId(140)) - Allocate a batch for localId, change lastId from 111677748019200000 to 111677748019201000.
2023-07-12 21:54:22,585 [ChunkWriter-1-0] INFO  ContainerLog (ContainerLogger.java:logOpen(54)) - ID=1 | Index=0 | BCSID=0 | State=OPEN
2023-07-12 21:54:22,595 [ChunkWriter-1-0] INFO  ContainerLog (ContainerLogger.java:logOpen(54)) - ID=1 | Index=0 | BCSID=0 | State=OPEN
2023-07-12 21:54:22,596 [ChunkWriter-1-0] INFO  ContainerLog (ContainerLogger.java:logOpen(54)) - ID=1 | Index=0 | BCSID=0 | State=OPEN
2023-07-12 21:54:22,675 [8bfbb087-a02a-4d57-b8a9-f8148fb96c2a@group-C213E9F1D19D-FollowerState] INFO  impl.FollowerState (FollowerState.java:run(143)) - 8bfbb087-a02a-4d57-b8a9-f8148fb96c2a@group-C213E9F1D19D-FollowerState: change to CANDIDATE, lastRpcElapsedTime:5197882338ns, electionTimeout:5195ms
2023-07-12 21:54:22,675 [8bfbb087-a02a-4d57-b8a9-f8148fb96c2a@group-C213E9F1D19D-FollowerState] INFO  impl.RoleInfo (RoleInfo.java:shutdownFollowerState(110)) - 8bfbb087-a02a-4d57-b8a9-f8148fb96c2a: shutdown 8bfbb087-a02a-4d57-b8a9-f8148fb96c2a@group-C213E9F1D19D-FollowerState
2023-07-12 21:54:22,675 [8bfbb087-a02a-4d57-b8a9-f8148fb96c2a@group-C213E9F1D19D-FollowerState] INFO  server.RaftServer$Division (RaftServerImpl.java:setRole(329)) - 8bfbb087-a02a-4d57-b8a9-f8148fb96c2a@group-C213E9F1D19D: changes role from  FOLLOWER to CANDIDATE at term 0 for changeToCandidate
2023-07-12 21:54:22,676 [8bfbb087-a02a-4d57-b8a9-f8148fb96c2a@group-C213E9F1D19D-FollowerState] INFO  server.RaftServerConfigKeys (ConfUtils.java:logGet(46)) - raft.server.leaderelection.pre-vote = true (default)
2023-07-12 21:54:22,676 [8bfbb087-a02a-4d57-b8a9-f8148fb96c2a@group-C213E9F1D19D-FollowerState] INFO  impl.RoleInfo (RoleInfo.java:updateAndGet(139)) - 8bfbb087-a02a-4d57-b8a9-f8148fb96c2a: start 8bfbb087-a02a-4d57-b8a9-f8148fb96c2a@group-C213E9F1D19D-LeaderElection15
2023-07-12 21:54:22,681 [8bfbb087-a02a-4d57-b8a9-f8148fb96c2a@group-C213E9F1D19D-LeaderElection15] INFO  impl.LeaderElection (LeaderElection.java:askForVotes(321)) - 8bfbb087-a02a-4d57-b8a9-f8148fb96c2a@group-C213E9F1D19D-LeaderElection15 PRE_VOTE round 0: submit vote requests at term 0 for -1: peers:[8bfbb087-a02a-4d57-b8a9-f8148fb96c2a|rpc:10.1.0.20:15067|admin:10.1.0.20:15066|client:10.1.0.20:15065|dataStream:10.1.0.20:15068|priority:1|startupRole:FOLLOWER]|listeners:[], old=null
2023-07-12 21:54:22,681 [8bfbb087-a02a-4d57-b8a9-f8148fb96c2a@group-C213E9F1D19D-LeaderElection15] INFO  impl.LeaderElection (LeaderElection.java:askForVotes(323)) - 8bfbb087-a02a-4d57-b8a9-f8148fb96c2a@group-C213E9F1D19D-LeaderElection15 PRE_VOTE round 0: result PASSED (term=0)
2023-07-12 21:54:22,684 [8bfbb087-a02a-4d57-b8a9-f8148fb96c2a@group-C213E9F1D19D-LeaderElection15] INFO  impl.LeaderElection (LeaderElection.java:askForVotes(321)) - 8bfbb087-a02a-4d57-b8a9-f8148fb96c2a@group-C213E9F1D19D-LeaderElection15 ELECTION round 0: submit vote requests at term 1 for -1: peers:[8bfbb087-a02a-4d57-b8a9-f8148fb96c2a|rpc:10.1.0.20:15067|admin:10.1.0.20:15066|client:10.1.0.20:15065|dataStream:10.1.0.20:15068|priority:1|startupRole:FOLLOWER]|listeners:[], old=null
2023-07-12 21:54:22,684 [8bfbb087-a02a-4d57-b8a9-f8148fb96c2a@group-C213E9F1D19D-LeaderElection15] INFO  impl.LeaderElection (LeaderElection.java:askForVotes(323)) - 8bfbb087-a02a-4d57-b8a9-f8148fb96c2a@group-C213E9F1D19D-LeaderElection15 ELECTION round 0: result PASSED (term=1)
2023-07-12 21:54:22,684 [8bfbb087-a02a-4d57-b8a9-f8148fb96c2a@group-C213E9F1D19D-LeaderElection15] INFO  impl.RoleInfo (RoleInfo.java:shutdownLeaderElection(130)) - 8bfbb087-a02a-4d57-b8a9-f8148fb96c2a: shutdown 8bfbb087-a02a-4d57-b8a9-f8148fb96c2a@group-C213E9F1D19D-LeaderElection15
2023-07-12 21:54:22,684 [8bfbb087-a02a-4d57-b8a9-f8148fb96c2a@group-C213E9F1D19D-LeaderElection15] INFO  server.RaftServer$Division (RaftServerImpl.java:setRole(329)) - 8bfbb087-a02a-4d57-b8a9-f8148fb96c2a@group-C213E9F1D19D: changes role from CANDIDATE to LEADER at term 1 for changeToLeader
2023-07-12 21:54:22,685 [8bfbb087-a02a-4d57-b8a9-f8148fb96c2a@group-C213E9F1D19D-LeaderElection15] INFO  ratis.XceiverServerRatis (XceiverServerRatis.java:handleLeaderChangedNotification(902)) - Leader change notification received for group: group-C213E9F1D19D with new leaderId: 8bfbb087-a02a-4d57-b8a9-f8148fb96c2a
2023-07-12 21:54:22,685 [8bfbb087-a02a-4d57-b8a9-f8148fb96c2a@group-C213E9F1D19D-LeaderElection15] INFO  server.RaftServer$Division (ServerState.java:setLeader(317)) - 8bfbb087-a02a-4d57-b8a9-f8148fb96c2a@group-C213E9F1D19D: change Leader from null to 8bfbb087-a02a-4d57-b8a9-f8148fb96c2a at term 1 for becomeLeader, leader elected after 5219ms
2023-07-12 21:54:22,685 [8bfbb087-a02a-4d57-b8a9-f8148fb96c2a@group-C213E9F1D19D-LeaderElection15] INFO  server.RaftServerConfigKeys (ConfUtils.java:logGet(46)) - raft.server.staging.catchup.gap = 1000 (default)
2023-07-12 21:54:22,686 [8bfbb087-a02a-4d57-b8a9-f8148fb96c2a@group-C213E9F1D19D-LeaderElection15] INFO  server.RaftServerConfigKeys (ConfUtils.java:logGet(46)) - raft.server.write.element-limit = 1024 (custom)
2023-07-12 21:54:22,686 [8bfbb087-a02a-4d57-b8a9-f8148fb96c2a@group-C213E9F1D19D-LeaderElection15] INFO  server.RaftServerConfigKeys (ConfUtils.java:logGet(46)) - raft.server.write.byte-limit = 1024 M (=1073741824) (custom)
2023-07-12 21:54:22,686 [8bfbb087-a02a-4d57-b8a9-f8148fb96c2a@group-C213E9F1D19D-LeaderElection15] INFO  server.RaftServerConfigKeys (ConfUtils.java:logGet(46)) - raft.server.watch.timeout = 180s (custom)
2023-07-12 21:54:22,686 [8bfbb087-a02a-4d57-b8a9-f8148fb96c2a@group-C213E9F1D19D-LeaderElection15] INFO  server.RaftServerConfigKeys (ConfUtils.java:logGet(46)) - raft.server.watch.timeout.denomination = 1s (default)
2023-07-12 21:54:22,686 [8bfbb087-a02a-4d57-b8a9-f8148fb96c2a@group-C213E9F1D19D-LeaderElection15] INFO  server.RaftServerConfigKeys (ConfUtils.java:logGet(46)) - raft.server.watch.element-limit = 65536 (default)
2023-07-12 21:54:22,686 [8bfbb087-a02a-4d57-b8a9-f8148fb96c2a@group-C213E9F1D19D-LeaderElection15] INFO  server.RaftServerConfigKeys (ConfUtils.java:logGet(46)) - raft.server.write.element-limit = 1024 (custom)
2023-07-12 21:54:22,686 [8bfbb087-a02a-4d57-b8a9-f8148fb96c2a@group-C213E9F1D19D-LeaderElection15] INFO  server.RaftServerConfigKeys (ConfUtils.java:logGet(46)) - raft.server.write.follower.gap.ratio.max = -1.0 (default)
2023-07-12 21:54:22,686 [8bfbb087-a02a-4d57-b8a9-f8148fb96c2a@group-C213E9F1D19D-LeaderElection15] INFO  impl.RoleInfo (RoleInfo.java:updateAndGet(139)) - 8bfbb087-a02a-4d57-b8a9-f8148fb96c2a: start 8bfbb087-a02a-4d57-b8a9-f8148fb96c2a@group-C213E9F1D19D-LeaderStateImpl
2023-07-12 21:54:22,687 [8bfbb087-a02a-4d57-b8a9-f8148fb96c2a@group-C213E9F1D19D-LeaderElection15] INFO  segmented.SegmentedRaftLogWorker (SegmentedRaftLogWorker.java:startLogSegment(447)) - 8bfbb087-a02a-4d57-b8a9-f8148fb96c2a@group-C213E9F1D19D-SegmentedRaftLogWorker: Starting segment from index:0
2023-07-12 21:54:22,689 [8bfbb087-a02a-4d57-b8a9-f8148fb96c2a@group-C213E9F1D19D-SegmentedRaftLogWorker] INFO  segmented.SegmentedRaftLogWorker (SegmentedRaftLogWorker.java:execute(651)) - 8bfbb087-a02a-4d57-b8a9-f8148fb96c2a@group-C213E9F1D19D-SegmentedRaftLogWorker: created new log segment /home/runner/work/ozone/ozone/hadoop-ozone/integration-test/target/test-dir/MiniOzoneClusterImpl-56d3b7f5-b9ba-49a0-a504-54c96578f2cd/datanode-2/data/ratis/ac317425-5b1b-4389-a3bb-c213e9f1d19d/current/log_inprogress_0
2023-07-12 21:54:22,695 [8bfbb087-a02a-4d57-b8a9-f8148fb96c2a@group-C213E9F1D19D-LeaderElection15] INFO  server.RaftServer$Division (ServerState.java:setRaftConf(434)) - 8bfbb087-a02a-4d57-b8a9-f8148fb96c2a@group-C213E9F1D19D: set configuration 0: peers:[8bfbb087-a02a-4d57-b8a9-f8148fb96c2a|rpc:10.1.0.20:15067|admin:10.1.0.20:15066|client:10.1.0.20:15065|dataStream:10.1.0.20:15068|priority:1|startupRole:FOLLOWER]|listeners:[], old=null
2023-07-12 21:54:22,796 [ChunkWriter-2-0] INFO  ContainerLog (ContainerLogger.java:logOpen(54)) - ID=2 | Index=0 | BCSID=0 | State=OPEN
2023-07-12 21:54:22,797 [ChunkWriter-2-0] INFO  ContainerLog (ContainerLogger.java:logOpen(54)) - ID=2 | Index=0 | BCSID=0 | State=OPEN
2023-07-12 21:54:22,801 [ChunkWriter-2-0] INFO  ContainerLog (ContainerLogger.java:logOpen(54)) - ID=2 | Index=0 | BCSID=0 | State=OPEN
2023-07-12 21:54:22,982 [ChunkWriter-3-0] INFO  ContainerLog (ContainerLogger.java:logOpen(54)) - ID=3 | Index=0 | BCSID=0 | State=OPEN
2023-07-12 21:54:22,999 [ChunkWriter-3-0] INFO  ContainerLog (ContainerLogger.java:logOpen(54)) - ID=3 | Index=0 | BCSID=0 | State=OPEN
2023-07-12 21:54:23,000 [ChunkWriter-3-0] INFO  ContainerLog (ContainerLogger.java:logOpen(54)) - ID=3 | Index=0 | BCSID=0 | State=OPEN
2023-07-12 21:54:23,170 [ChunkWriter-0-0] INFO  ContainerLog (ContainerLogger.java:logOpen(54)) - ID=4 | Index=0 | BCSID=0 | State=OPEN
2023-07-12 21:54:23,187 [ChunkWriter-0-0] INFO  ContainerLog (ContainerLogger.java:logOpen(54)) - ID=4 | Index=0 | BCSID=0 | State=OPEN
2023-07-12 21:54:23,187 [ChunkWriter-0-0] INFO  ContainerLog (ContainerLogger.java:logOpen(54)) - ID=4 | Index=0 | BCSID=0 | State=OPEN
2023-07-12 21:54:24,097 [main] INFO  ozone.TestSnapshotDeletingService (TestSnapshotDeletingService.java:assertTableRowCount(565)) - keyTable actual row count=2, expectedCount=2
2023-07-12 21:54:24,101 [OM StateMachine ApplyTransaction Thread - 0] INFO  snapshot.OMSnapshotCreateRequest (OMSnapshotCreateRequest.java:validateAndUpdateCache(193)) - Created snapshot: 'bucket1snap1' with snapshotId: 'd4aed1bc-d56d-49ee-b1c0-930ebce47190' under path 'vol1/bucket1'
2023-07-12 21:54:24,105 [main] INFO  ozone.TestSnapshotDeletingService (TestSnapshotDeletingService.java:assertTableRowCount(565)) - snapshotInfoTable actual row count=0, expectedCount=1
2023-07-12 21:54:24,127 [OMDoubleBufferFlushThread] INFO  db.RDBCheckpointManager (RDBCheckpointManager.java:createCheckpoint(89)) - Created checkpoint in rocksDB at /home/runner/work/ozone/ozone/hadoop-ozone/integration-test/target/test-dir/MiniOzoneClusterImpl-56d3b7f5-b9ba-49a0-a504-54c96578f2cd/ozone-meta/db.snapshots/checkpointState/om.db-d4aed1bc-d56d-49ee-b1c0-930ebce47190 in 25 milliseconds
2023-07-12 21:54:24,128 [OMDoubleBufferFlushThread] INFO  db.RDBCheckpointUtils (RDBCheckpointUtils.java:waitForCheckpointDirectoryExist(59)) - Waited for 1 milliseconds for checkpoint directory /home/runner/work/ozone/ozone/hadoop-ozone/integration-test/target/test-dir/MiniOzoneClusterImpl-56d3b7f5-b9ba-49a0-a504-54c96578f2cd/ozone-meta/db.snapshots/checkpointState/om.db-d4aed1bc-d56d-49ee-b1c0-930ebce47190 availability.
2023-07-12 21:54:24,129 [OMDoubleBufferFlushThread] INFO  om.OmSnapshotManager (OmSnapshotManager.java:createOmSnapshotCheckpoint(463)) - Created checkpoint : /home/runner/work/ozone/ozone/hadoop-ozone/integration-test/target/test-dir/MiniOzoneClusterImpl-56d3b7f5-b9ba-49a0-a504-54c96578f2cd/ozone-meta/db.snapshots/checkpointState/om.db-d4aed1bc-d56d-49ee-b1c0-930ebce47190 for snapshot bucket1snap1
2023-07-12 21:54:24,421 [KeyDeletingService#0] INFO  snapshot.SnapshotCache (SnapshotCache.java:lambda$1(166)) - Loading snapshot. Table key: /vol1/bucket1/bucket1snap1
2023-07-12 21:54:24,421 [KeyDeletingService#0] WARN  server.ServerUtils (ServerUtils.java:getDBPath(311)) - ozone.om.db.dirs is not configured. We recommend adding this setting. Falling back to ozone.metadata.dirs instead.
2023-07-12 21:54:24,421 [KeyDeletingService#0] INFO  helpers.OmKeyInfo (OmKeyInfo.java:getCodec(71)) - OmKeyInfo.getCodec ignorePipeline = true
2023-07-12 21:54:25,106 [main] INFO  ozone.TestSnapshotDeletingService (TestSnapshotDeletingService.java:assertTableRowCount(565)) - snapshotInfoTable actual row count=1, expectedCount=1
2023-07-12 21:54:25,526 [JvmPauseMonitor6] WARN  util.JvmPauseMonitor (JvmPauseMonitor.java:detectPause(124)) - JvmPauseMonitor-om1: Detected pause in JVM or host machine approximately 0.104s with 0.367s GC time.
GC pool 'PS MarkSweep' had collection(s): count=1 time=266ms
GC pool 'PS Scavenge' had collection(s): count=1 time=101ms
2023-07-12 21:54:25,528 [JvmPauseMonitor8] WARN  util.JvmPauseMonitor (JvmPauseMonitor.java:detectPause(124)) - JvmPauseMonitor-42b4a456-befe-4bab-a9c2-24b02b86258a: Detected pause in JVM or host machine approximately 0.348s with 0.367s GC time.
GC pool 'PS MarkSweep' had collection(s): count=1 time=266ms
GC pool 'PS Scavenge' had collection(s): count=1 time=101ms
2023-07-12 21:54:25,531 [JvmPauseMonitor7] WARN  util.JvmPauseMonitor (JvmPauseMonitor.java:detectPause(124)) - JvmPauseMonitor-fe338567-e8a2-46f7-b85c-9d0af5bd64ed: Detected pause in JVM or host machine approximately 0.207s with 0.367s GC time.
GC pool 'PS MarkSweep' had collection(s): count=1 time=266ms
GC pool 'PS Scavenge' had collection(s): count=1 time=101ms
2023-07-12 21:54:26,527 [KeyDeletingService#0] INFO  snapshot.SnapshotCache (SnapshotCache.java:lambda$1(166)) - Loading snapshot. Table key: /vol1/bucket1/bucket1snap1
2023-07-12 21:54:26,994 [main] INFO  ozone.TestSnapshotDeletingService (TestSnapshotDeletingService.java:assertTableRowCount(565)) - keyTable actual row count=0, expectedCount=0
2023-07-12 21:54:26,994 [main] INFO  ozone.TestSnapshotDeletingService (TestSnapshotDeletingService.java:assertTableRowCount(565)) - deletedTable actual row count=3, expectedCount=1
2023-07-12 21:54:27,027 [KeyDeletingService#0] INFO  snapshot.SnapshotCache (SnapshotCache.java:lambda$1(166)) - Loading snapshot. Table key: /vol1/bucket1/bucket1snap1
2023-07-12 21:54:27,028 [KeyDeletingService#0] INFO  snapshot.SnapshotCache (SnapshotCache.java:lambda$1(166)) - Loading snapshot. Table key: /vol1/bucket1/bucket1snap1
2023-07-12 21:54:27,028 [KeyDeletingService#0] INFO  snapshot.SnapshotCache (SnapshotCache.java:lambda$1(166)) - Loading snapshot. Table key: /vol1/bucket1/bucket1snap1
2023-07-12 21:54:27,030 [IPC Server handler 2 on default port 15036] INFO  ha.SequenceIdGenerator (SequenceIdGenerator.java:getNextId(140)) - Allocate a batch for delTxnId, change lastId from 0 to 1000.
2023-07-12 21:54:27,528 [KeyDeletingService#0] INFO  snapshot.SnapshotCache (SnapshotCache.java:lambda$1(166)) - Loading snapshot. Table key: /vol1/bucket1/bucket1snap1
2023-07-12 21:54:27,995 [main] INFO  ozone.TestSnapshotDeletingService (TestSnapshotDeletingService.java:assertTableRowCount(565)) - deletedTable actual row count=1, expectedCount=1
2023-07-12 21:54:27,999 [OM StateMachine ApplyTransaction Thread - 0] INFO  snapshot.OMSnapshotCreateRequest (OMSnapshotCreateRequest.java:validateAndUpdateCache(193)) - Created snapshot: 'bucket1snap2' with snapshotId: '67f8abde-c1fb-44f7-a8bf-36b7b09e7836' under path 'vol1/bucket1'
2023-07-12 21:54:28,000 [main] INFO  ozone.TestSnapshotDeletingService (TestSnapshotDeletingService.java:assertTableRowCount(565)) - snapshotInfoTable actual row count=1, expectedCount=2
2023-07-12 21:54:28,026 [OMDoubleBufferFlushThread] INFO  db.RDBCheckpointManager (RDBCheckpointManager.java:createCheckpoint(89)) - Created checkpoint in rocksDB at /home/runner/work/ozone/ozone/hadoop-ozone/integration-test/target/test-dir/MiniOzoneClusterImpl-56d3b7f5-b9ba-49a0-a504-54c96578f2cd/ozone-meta/db.snapshots/checkpointState/om.db-67f8abde-c1fb-44f7-a8bf-36b7b09e7836 in 25 milliseconds
2023-07-12 21:54:28,026 [OMDoubleBufferFlushThread] INFO  db.RDBCheckpointUtils (RDBCheckpointUtils.java:waitForCheckpointDirectoryExist(59)) - Waited for 0 milliseconds for checkpoint directory /home/runner/work/ozone/ozone/hadoop-ozone/integration-test/target/test-dir/MiniOzoneClusterImpl-56d3b7f5-b9ba-49a0-a504-54c96578f2cd/ozone-meta/db.snapshots/checkpointState/om.db-67f8abde-c1fb-44f7-a8bf-36b7b09e7836 availability.
2023-07-12 21:54:28,028 [OMDoubleBufferFlushThread] INFO  om.OmSnapshotManager (OmSnapshotManager.java:createOmSnapshotCheckpoint(463)) - Created checkpoint : /home/runner/work/ozone/ozone/hadoop-ozone/integration-test/target/test-dir/MiniOzoneClusterImpl-56d3b7f5-b9ba-49a0-a504-54c96578f2cd/ozone-meta/db.snapshots/checkpointState/om.db-67f8abde-c1fb-44f7-a8bf-36b7b09e7836 for snapshot bucket1snap2
2023-07-12 21:54:28,527 [KeyDeletingService#0] INFO  snapshot.SnapshotCache (SnapshotCache.java:lambda$1(166)) - Loading snapshot. Table key: /vol1/bucket1/bucket1snap2
2023-07-12 21:54:28,528 [KeyDeletingService#0] WARN  server.ServerUtils (ServerUtils.java:getDBPath(311)) - ozone.om.db.dirs is not configured. We recommend adding this setting. Falling back to ozone.metadata.dirs instead.
2023-07-12 21:54:28,528 [KeyDeletingService#0] INFO  helpers.OmKeyInfo (OmKeyInfo.java:getCodec(71)) - OmKeyInfo.getCodec ignorePipeline = true
2023-07-12 21:54:28,616 [KeyDeletingService#0] INFO  snapshot.SnapshotCache (SnapshotCache.java:lambda$1(166)) - Loading snapshot. Table key: /vol1/bucket1/bucket1snap1
2023-07-12 21:54:29,001 [main] INFO  ozone.TestSnapshotDeletingService (TestSnapshotDeletingService.java:assertTableRowCount(565)) - snapshotInfoTable actual row count=2, expectedCount=2
2023-07-12 21:54:29,001 [main] INFO  ozone.TestSnapshotDeletingService (TestSnapshotDeletingService.java:assertTableRowCount(565)) - deletedTable actual row count=0, expectedCount=0
2023-07-12 21:54:30,962 [main] INFO  ozone.TestSnapshotDeletingService (TestSnapshotDeletingService.java:assertTableRowCount(565)) - keyTable actual row count=1, expectedCount=1
2023-07-12 21:54:30,963 [main] INFO  ozone.TestSnapshotDeletingService (TestSnapshotDeletingService.java:assertTableRowCount(565)) - deletedTable actual row count=1, expectedCount=0
2023-07-12 21:54:31,028 [KeyDeletingService#0] INFO  snapshot.SnapshotCache (SnapshotCache.java:lambda$1(166)) - Loading snapshot. Table key: /vol1/bucket1/bucket1snap2
2023-07-12 21:54:31,963 [main] INFO  ozone.TestSnapshotDeletingService (TestSnapshotDeletingService.java:assertTableRowCount(565)) - deletedTable actual row count=0, expectedCount=0
2023-07-12 21:54:31,967 [OM StateMachine ApplyTransaction Thread - 0] INFO  snapshot.OMSnapshotCreateRequest (OMSnapshotCreateRequest.java:validateAndUpdateCache(193)) - Created snapshot: 'bucket1snap3' with snapshotId: 'c858bda5-a67f-4515-a6f9-574ac2e00b10' under path 'vol1/bucket1'
2023-07-12 21:54:31,968 [main] INFO  ozone.TestSnapshotDeletingService (TestSnapshotDeletingService.java:assertTableRowCount(565)) - snapshotInfoTable actual row count=2, expectedCount=3
2023-07-12 21:54:31,992 [OMDoubleBufferFlushThread] INFO  db.RDBCheckpointManager (RDBCheckpointManager.java:createCheckpoint(89)) - Created checkpoint in rocksDB at /home/runner/work/ozone/ozone/hadoop-ozone/integration-test/target/test-dir/MiniOzoneClusterImpl-56d3b7f5-b9ba-49a0-a504-54c96578f2cd/ozone-meta/db.snapshots/checkpointState/om.db-c858bda5-a67f-4515-a6f9-574ac2e00b10 in 23 milliseconds
2023-07-12 21:54:31,992 [OMDoubleBufferFlushThread] INFO  db.RDBCheckpointUtils (RDBCheckpointUtils.java:waitForCheckpointDirectoryExist(59)) - Waited for 0 milliseconds for checkpoint directory /home/runner/work/ozone/ozone/hadoop-ozone/integration-test/target/test-dir/MiniOzoneClusterImpl-56d3b7f5-b9ba-49a0-a504-54c96578f2cd/ozone-meta/db.snapshots/checkpointState/om.db-c858bda5-a67f-4515-a6f9-574ac2e00b10 availability.
2023-07-12 21:54:31,993 [OMDoubleBufferFlushThread] INFO  om.OmSnapshotManager (OmSnapshotManager.java:createOmSnapshotCheckpoint(463)) - Created checkpoint : /home/runner/work/ozone/ozone/hadoop-ozone/integration-test/target/test-dir/MiniOzoneClusterImpl-56d3b7f5-b9ba-49a0-a504-54c96578f2cd/ozone-meta/db.snapshots/checkpointState/om.db-c858bda5-a67f-4515-a6f9-574ac2e00b10 for snapshot bucket1snap3
2023-07-12 21:54:32,028 [KeyDeletingService#0] INFO  snapshot.SnapshotCache (SnapshotCache.java:lambda$1(166)) - Loading snapshot. Table key: /vol1/bucket1/bucket1snap3
2023-07-12 21:54:32,028 [KeyDeletingService#0] WARN  server.ServerUtils (ServerUtils.java:getDBPath(311)) - ozone.om.db.dirs is not configured. We recommend adding this setting. Falling back to ozone.metadata.dirs instead.
2023-07-12 21:54:32,029 [KeyDeletingService#0] INFO  helpers.OmKeyInfo (OmKeyInfo.java:getCodec(71)) - OmKeyInfo.getCodec ignorePipeline = true
2023-07-12 21:54:32,069 [KeyDeletingService#0] INFO  snapshot.SnapshotCache (SnapshotCache.java:lambda$1(166)) - Loading snapshot. Table key: /vol1/bucket1/bucket1snap2
2023-07-12 21:54:32,969 [main] INFO  ozone.TestSnapshotDeletingService (TestSnapshotDeletingService.java:assertTableRowCount(565)) - snapshotInfoTable actual row count=3, expectedCount=3
2023-07-12 21:54:32,973 [OM StateMachine ApplyTransaction Thread - 0] INFO  snapshot.OMSnapshotDeleteRequest (OMSnapshotDeleteRequest.java:validateAndUpdateCache(225)) - Deleted snapshot 'bucket1snap2' under path 'vol1/bucket1'
2023-07-12 21:54:32,975 [main] INFO  ozone.TestSnapshotDeletingService (TestSnapshotDeletingService.java:assertTableRowCount(565)) - snapshotInfoTable actual row count=3, expectedCount=2
2023-07-12 21:54:33,030 [SnapshotDeletingService#0] INFO  snapshot.SnapshotCache (SnapshotCache.java:lambda$1(166)) - Loading snapshot. Table key: /vol1/bucket1/bucket1snap2
2023-07-12 21:54:33,032 [SnapshotDeletingService#0] INFO  snapshot.SnapshotCache (SnapshotCache.java:lambda$1(166)) - Loading snapshot. Table key: /vol1/bucket1/bucket1snap1
2023-07-12 21:54:33,035 [OMDoubleBufferFlushThread] INFO  snapshot.SnapshotCache (SnapshotCache.java:lambda$1(166)) - Loading snapshot. Table key: /vol1/bucket1/bucket1snap2
2023-07-12 21:54:33,037 [OM StateMachine ApplyTransaction Thread - 0] INFO  upgrade.AbstractLayoutVersionManager (AbstractLayoutVersionManager.java:init(83)) - Initializing Layout version manager with metadata layout = QUOTA (version = 6), software layout = QUOTA (version = 6)
2023-07-12 21:54:33,038 [OMDoubleBufferFlushThread] INFO  snapshot.SnapshotCache (SnapshotCache.java:lambda$1(166)) - Loading snapshot. Table key: /vol1/bucket1/bucket1snap2
2023-07-12 21:54:33,038 [OMDoubleBufferFlushThread] INFO  snapshot.SnapshotCache (SnapshotCache.java:lambda$1(166)) - Loading snapshot. Table key: /vol1/bucket1/bucket1snap3
2023-07-12 21:54:33,530 [SnapshotDeletingService#0] INFO  snapshot.SnapshotCache (SnapshotCache.java:lambda$1(166)) - Loading snapshot. Table key: /vol1/bucket1/bucket1snap2
2023-07-12 21:54:33,976 [main] INFO  ozone.TestSnapshotDeletingService (TestSnapshotDeletingService.java:assertTableRowCount(565)) - snapshotInfoTable actual row count=2, expectedCount=2
2023-07-12 21:54:33,978 [main] INFO  rpc.RpcClient (RpcClient.java:createBucket(687)) - Creating Bucket: vol1/bucket2, with bucket layout LEGACY, runner as owner, Versioning false, Storage Type set to DISK and Encryption set to false, Replication Type set to server-side default replication type, Namespace Quota set to -1, Space Quota set to -1 
2023-07-12 21:54:33,981 [OM StateMachine ApplyTransaction Thread - 0] INFO  bucket.OMBucketCreateRequest (OMBucketCreateRequest.java:validateAndUpdateCache(270)) - created bucket: bucket2 of layout LEGACY in volume: vol1
2023-07-12 21:54:34,029 [KeyDeletingService#0] INFO  snapshot.SnapshotCache (SnapshotCache.java:lambda$1(166)) - Loading snapshot. Table key: /vol1/bucket1/bucket1snap3
2023-07-12 21:54:34,029 [KeyDeletingService#0] INFO  snapshot.SnapshotCache (SnapshotCache.java:lambda$1(166)) - Loading snapshot. Table key: /vol1/bucket1/bucket1snap1
2023-07-12 21:54:35,768 [OM StateMachine ApplyTransaction Thread - 0] INFO  snapshot.OMSnapshotCreateRequest (OMSnapshotCreateRequest.java:validateAndUpdateCache(193)) - Created snapshot: 'bucket2snap1' with snapshotId: '3ed09762-98fe-46ac-a6c6-65297ae6df2f' under path 'vol1/bucket2'
2023-07-12 21:54:35,770 [main] INFO  ozone.TestSnapshotDeletingService (TestSnapshotDeletingService.java:assertTableRowCount(565)) - snapshotInfoTable actual row count=2, expectedCount=3
2023-07-12 21:54:35,776 [Thread-1436] INFO  rocksdiff.RocksDBCheckpointDiffer (RocksDBCheckpointDiffer.java:onCompactionCompleted(529)) - Skipped the compaction entry. Compaction input files: [/home/runner/work/ozone/ozone/hadoop-ozone/integration-test/target/test-dir/MiniOzoneClusterImpl-56d3b7f5-b9ba-49a0-a504-54c96578f2cd/ozone-meta/om.db/000065.sst, /home/runner/work/ozone/ozone/hadoop-ozone/integration-test/target/test-dir/MiniOzoneClusterImpl-56d3b7f5-b9ba-49a0-a504-54c96578f2cd/ozone-meta/om.db/000058.sst, /home/runner/work/ozone/ozone/hadoop-ozone/integration-test/target/test-dir/MiniOzoneClusterImpl-56d3b7f5-b9ba-49a0-a504-54c96578f2cd/ozone-meta/om.db/000051.sst] and output files: [/home/runner/work/ozone/ozone/hadoop-ozone/integration-test/target/test-dir/MiniOzoneClusterImpl-56d3b7f5-b9ba-49a0-a504-54c96578f2cd/ozone-meta/om.db/000065.sst, /home/runner/work/ozone/ozone/hadoop-ozone/integration-test/target/test-dir/MiniOzoneClusterImpl-56d3b7f5-b9ba-49a0-a504-54c96578f2cd/ozone-meta/om.db/000058.sst, /home/runner/work/ozone/ozone/hadoop-ozone/integration-test/target/test-dir/MiniOzoneClusterImpl-56d3b7f5-b9ba-49a0-a504-54c96578f2cd/ozone-meta/om.db/000051.sst] are same.
2023-07-12 21:54:35,786 [Thread-1476] INFO  rocksdiff.RocksDBCheckpointDiffer (RocksDBCheckpointDiffer.java:onCompactionCompleted(529)) - Skipped the compaction entry. Compaction input files: [/home/runner/work/ozone/ozone/hadoop-ozone/integration-test/target/test-dir/MiniOzoneClusterImpl-56d3b7f5-b9ba-49a0-a504-54c96578f2cd/ozone-meta/om.db/000075.sst, /home/runner/work/ozone/ozone/hadoop-ozone/integration-test/target/test-dir/MiniOzoneClusterImpl-56d3b7f5-b9ba-49a0-a504-54c96578f2cd/ozone-meta/om.db/000067.sst, /home/runner/work/ozone/ozone/hadoop-ozone/integration-test/target/test-dir/MiniOzoneClusterImpl-56d3b7f5-b9ba-49a0-a504-54c96578f2cd/ozone-meta/om.db/000060.sst, /home/runner/work/ozone/ozone/hadoop-ozone/integration-test/target/test-dir/MiniOzoneClusterImpl-56d3b7f5-b9ba-49a0-a504-54c96578f2cd/ozone-meta/om.db/000053.sst] and output files: [/home/runner/work/ozone/ozone/hadoop-ozone/integration-test/target/test-dir/MiniOzoneClusterImpl-56d3b7f5-b9ba-49a0-a504-54c96578f2cd/ozone-meta/om.db/000075.sst, /home/runner/work/ozone/ozone/hadoop-ozone/integration-test/target/test-dir/MiniOzoneClusterImpl-56d3b7f5-b9ba-49a0-a504-54c96578f2cd/ozone-meta/om.db/000067.sst, /home/runner/work/ozone/ozone/hadoop-ozone/integration-test/target/test-dir/MiniOzoneClusterImpl-56d3b7f5-b9ba-49a0-a504-54c96578f2cd/ozone-meta/om.db/000060.sst, /home/runner/work/ozone/ozone/hadoop-ozone/integration-test/target/test-dir/MiniOzoneClusterImpl-56d3b7f5-b9ba-49a0-a504-54c96578f2cd/ozone-meta/om.db/000053.sst] are same.
2023-07-12 21:54:35,796 [OMDoubleBufferFlushThread] INFO  db.RDBCheckpointManager (RDBCheckpointManager.java:createCheckpoint(89)) - Created checkpoint in rocksDB at /home/runner/work/ozone/ozone/hadoop-ozone/integration-test/target/test-dir/MiniOzoneClusterImpl-56d3b7f5-b9ba-49a0-a504-54c96578f2cd/ozone-meta/db.snapshots/checkpointState/om.db-3ed09762-98fe-46ac-a6c6-65297ae6df2f in 26 milliseconds
2023-07-12 21:54:35,796 [OMDoubleBufferFlushThread] INFO  db.RDBCheckpointUtils (RDBCheckpointUtils.java:waitForCheckpointDirectoryExist(59)) - Waited for 0 milliseconds for checkpoint directory /home/runner/work/ozone/ozone/hadoop-ozone/integration-test/target/test-dir/MiniOzoneClusterImpl-56d3b7f5-b9ba-49a0-a504-54c96578f2cd/ozone-meta/db.snapshots/checkpointState/om.db-3ed09762-98fe-46ac-a6c6-65297ae6df2f availability.
2023-07-12 21:54:35,797 [OMDoubleBufferFlushThread] INFO  om.OmSnapshotManager (OmSnapshotManager.java:createOmSnapshotCheckpoint(463)) - Created checkpoint : /home/runner/work/ozone/ozone/hadoop-ozone/integration-test/target/test-dir/MiniOzoneClusterImpl-56d3b7f5-b9ba-49a0-a504-54c96578f2cd/ozone-meta/db.snapshots/checkpointState/om.db-3ed09762-98fe-46ac-a6c6-65297ae6df2f for snapshot bucket2snap1
2023-07-12 21:54:36,029 [KeyDeletingService#0] INFO  snapshot.SnapshotCache (SnapshotCache.java:lambda$1(166)) - Loading snapshot. Table key: /vol1/bucket2/bucket2snap1
2023-07-12 21:54:36,029 [KeyDeletingService#0] WARN  server.ServerUtils (ServerUtils.java:getDBPath(311)) - ozone.om.db.dirs is not configured. We recommend adding this setting. Falling back to ozone.metadata.dirs instead.
2023-07-12 21:54:36,030 [KeyDeletingService#0] INFO  helpers.OmKeyInfo (OmKeyInfo.java:getCodec(71)) - OmKeyInfo.getCodec ignorePipeline = true
2023-07-12 21:54:36,771 [main] INFO  ozone.TestSnapshotDeletingService (TestSnapshotDeletingService.java:assertTableRowCount(565)) - snapshotInfoTable actual row count=3, expectedCount=3
2023-07-12 21:54:36,779 [main] INFO  ozone.TestSnapshotDeletingService (TestSnapshotDeletingService.java:assertTableRowCount(565)) - deletedTable actual row count=2, expectedCount=2
2023-07-12 21:54:36,781 [OM StateMachine ApplyTransaction Thread - 0] INFO  snapshot.OMSnapshotDeleteRequest (OMSnapshotDeleteRequest.java:validateAndUpdateCache(225)) - Deleted snapshot 'bucket2snap1' under path 'vol1/bucket2'
2023-07-12 21:54:36,782 [main] INFO  ozone.TestSnapshotDeletingService (TestSnapshotDeletingService.java:assertTableRowCount(565)) - snapshotInfoTable actual row count=3, expectedCount=2
2023-07-12 21:54:37,029 [KeyDeletingService#0] INFO  snapshot.SnapshotCache (SnapshotCache.java:lambda$1(166)) - Loading snapshot. Table key: /vol1/bucket2/bucket2snap1
2023-07-12 21:54:37,030 [KeyDeletingService#0] INFO  snapshot.SnapshotCache (SnapshotCache.java:lambda$1(166)) - Loading snapshot. Table key: /vol1/bucket2/bucket2snap1
2023-07-12 21:54:37,033 [SnapshotDeletingService#0] INFO  snapshot.SnapshotCache (SnapshotCache.java:lambda$1(166)) - Loading snapshot. Table key: /vol1/bucket2/bucket2snap1
2023-07-12 21:54:37,783 [main] INFO  ozone.TestSnapshotDeletingService (TestSnapshotDeletingService.java:assertTableRowCount(565)) - snapshotInfoTable actual row count=2, expectedCount=2
2023-07-12 21:54:37,783 [main] INFO  ozone.TestSnapshotDeletingService (TestSnapshotDeletingService.java:assertTableRowCount(565)) - deletedTable actual row count=0, expectedCount=0
2023-07-12 21:54:37,801 [main] INFO  ozone.MiniOzoneClusterImpl (MiniOzoneClusterImpl.java:shutdown(443)) - Shutting down the Mini Ozone Cluster
2023-07-12 21:54:37,801 [main] INFO  ozone.MiniOzoneClusterImpl (MiniOzoneClusterImpl.java:stop(460)) - Stopping the Mini Ozone Cluster
2023-07-12 21:54:37,801 [main] INFO  ozone.MiniOzoneClusterImpl (MiniOzoneClusterImpl.java:stopOM(551)) - Stopping the OzoneManager
2023-07-12 21:54:37,801 [main] INFO  om.OzoneManager (OzoneManager.java:stop(2198)) - om1[localhost:15039]: Stopping Ozone Manager
2023-07-12 21:54:37,801 [main] INFO  ipc.Server (Server.java:stop(3523)) - Stopping server on 15039
2023-07-12 21:54:37,806 [IPC Server listener on 15039] INFO  ipc.Server (Server.java:run(1434)) - Stopping IPC Server listener on 15039
2023-07-12 21:54:37,806 [IPC Server Responder] INFO  ipc.Server (Server.java:run(1567)) - Stopping IPC Server Responder
2023-07-12 21:54:37,807 [main] INFO  server.RaftServer (RaftServerProxy.java:lambda$close$6(416)) - om1: close
2023-07-12 21:54:37,807 [main] INFO  server.GrpcService (GrpcService.java:closeImpl(311)) - om1: shutdown server GrpcServerProtocolService now
2023-07-12 21:54:37,807 [om1-impl-thread1] INFO  server.RaftServer$Division (RaftServerImpl.java:lambda$close$4(466)) - om1@group-C5BA1605619E: shutdown
2023-07-12 21:54:37,808 [om1-impl-thread1] INFO  util.JmxRegister (JmxRegister.java:unregister(73)) - Successfully un-registered JMX Bean with object name Ratis:service=RaftServer,group=group-C5BA1605619E,id=om1
2023-07-12 21:54:37,808 [om1-impl-thread1] INFO  impl.RoleInfo (RoleInfo.java:shutdownLeaderState(93)) - om1: shutdown om1@group-C5BA1605619E-LeaderStateImpl
2023-07-12 21:54:37,808 [om1-impl-thread1] INFO  impl.PendingRequests (PendingRequests.java:sendNotLeaderResponses(289)) - om1@group-C5BA1605619E-PendingRequests: sendNotLeaderResponses
2023-07-12 21:54:37,811 [om1-impl-thread1] INFO  impl.StateMachineUpdater (StateMachineUpdater.java:stopAndJoin(155)) - om1@group-C5BA1605619E-StateMachineUpdater: set stopIndex = 86
2023-07-12 21:54:37,811 [om1@group-C5BA1605619E-StateMachineUpdater] INFO  ratis.OzoneManagerStateMachine (OzoneManagerStateMachine.java:takeSnapshot(479)) - Current Snapshot Index (t:1, i:86)
2023-07-12 21:54:37,812 [main] INFO  server.GrpcService (GrpcService.java:closeImpl(320)) - om1: shutdown server GrpcServerProtocolService successfully
2023-07-12 21:54:37,826 [om1@group-C5BA1605619E-StateMachineUpdater] INFO  impl.StateMachineUpdater (StateMachineUpdater.java:takeSnapshot(291)) - om1@group-C5BA1605619E-StateMachineUpdater: Took a snapshot at index 86
2023-07-12 21:54:37,826 [om1@group-C5BA1605619E-StateMachineUpdater] INFO  impl.StateMachineUpdater (StateMachineUpdater.java:lambda$new$0(97)) - om1@group-C5BA1605619E-StateMachineUpdater: snapshotIndex: updateIncreasingly -1 -> 86
2023-07-12 21:54:37,826 [om1@group-C5BA1605619E-StateMachineUpdater] INFO  ratis.OzoneManagerStateMachine (OzoneManagerStateMachine.java:close(533)) - StateMachine has shutdown. Shutdown OzoneManager if not already shutdown.
2023-07-12 21:54:37,826 [om1@group-C5BA1605619E-StateMachineUpdater] INFO  ratis.OzoneManagerDoubleBuffer (OzoneManagerDoubleBuffer.java:stopDaemon(551)) - Stopping OMDoubleBuffer flush thread
2023-07-12 21:54:37,827 [OMDoubleBufferFlushThread] INFO  ratis.OzoneManagerDoubleBuffer (OzoneManagerDoubleBuffer.java:canFlush(638)) - OMDoubleBuffer flush thread OMDoubleBufferFlushThread is interrupted and will exit.
2023-07-12 21:54:37,827 [om1-impl-thread1] INFO  server.RaftServer$Division (ServerState.java:close(472)) - om1@group-C5BA1605619E: closes. applyIndex: 86
2023-07-12 21:54:38,535 [om1-impl-thread1] INFO  segmented.SegmentedRaftLogWorker (SegmentedRaftLogWorker.java:close(252)) - om1@group-C5BA1605619E-SegmentedRaftLogWorker close()
2023-07-12 21:54:38,536 [JvmPauseMonitor6] INFO  util.JvmPauseMonitor (JvmPauseMonitor.java:run(109)) - JvmPauseMonitor-om1: Stopped
2023-07-12 21:54:38,536 [main] INFO  ratis.OzoneManagerStateMachine (OzoneManagerStateMachine.java:close(533)) - StateMachine has shutdown. Shutdown OzoneManager if not already shutdown.
2023-07-12 21:54:38,537 [main] INFO  ratis.OzoneManagerDoubleBuffer (OzoneManagerDoubleBuffer.java:stopDaemon(560)) - OMDoubleBuffer flush thread is not running.
2023-07-12 21:54:38,553 [main] INFO  utils.BackgroundService (BackgroundService.java:shutdown(141)) - Shutting down service KeyDeletingService
2023-07-12 21:54:38,554 [main] INFO  utils.BackgroundService (BackgroundService.java:shutdown(141)) - Shutting down service KeyDeletingService
2023-07-12 21:54:38,554 [main] INFO  utils.BackgroundService (BackgroundService.java:shutdown(141)) - Shutting down service OpenKeyCleanupService
2023-07-12 21:54:38,554 [main] INFO  utils.BackgroundService (BackgroundService.java:shutdown(141)) - Shutting down service SstFilteringService
2023-07-12 21:54:38,554 [main] INFO  utils.BackgroundService (BackgroundService.java:shutdown(141)) - Shutting down service SnapshotDeletingService
2023-07-12 21:54:38,555 [main] INFO  handler.ContextHandler (ContextHandler.java:doStop(1159)) - Stopped o.e.j.w.WebAppContext@686315d9{ozoneManager,/,null,STOPPED}{file:/home/runner/work/ozone/ozone/hadoop-ozone/integration-test/target/test-classes/webapps/ozoneManager}
2023-07-12 21:54:38,556 [main] INFO  server.AbstractConnector (AbstractConnector.java:doStop(383)) - Stopped ServerConnector@5b066eab{HTTP/1.1, (http/1.1)}{0.0.0.0:15040}
2023-07-12 21:54:38,556 [main] INFO  server.session (HouseKeeper.java:stopScavenging(149)) - node0 Stopped scavenging
2023-07-12 21:54:38,556 [main] INFO  handler.ContextHandler (ContextHandler.java:doStop(1159)) - Stopped o.e.j.s.ServletContextHandler@7a3c1ce2{static,/static,file:///home/runner/work/ozone/ozone/hadoop-ozone/integration-test/target/test-classes/webapps/static,STOPPED}
2023-07-12 21:54:38,556 [main] INFO  handler.ContextHandler (ContextHandler.java:doStop(1159)) - Stopped o.e.j.s.ServletContextHandler@1e4e195b{logs,/logs,file:///home/runner/work/ozone/ozone/hadoop-ozone/integration-test/target/log,STOPPED}
2023-07-12 21:54:38,559 [main] INFO  snapshot.SnapshotDiffManager (SnapshotDiffManager.java:closeExecutorService(1720)) - Shutting down executorService: 'SnapDiffExecutor'
2023-07-12 21:54:38,559 [main] INFO  snapshot.SnapshotDiffManager (SnapshotDiffManager.java:closeExecutorService(1720)) - Shutting down executorService: 'SstDumpToolExecutor'
2023-07-12 21:54:38,572 [main] INFO  utils.BackgroundService (BackgroundService.java:shutdown(141)) - Shutting down service SnapshotDiffCleanupService
2023-07-12 21:54:38,573 [main] INFO  ozone.MiniOzoneClusterImpl (MiniOzoneClusterImpl.java:stopDatanodes(528)) - Stopping the HddsDatanodes
2023-07-12 21:54:38,575 [main] INFO  ozoneimpl.OzoneContainer (OzoneContainer.java:stop(441)) - Attempting to stop container services.
2023-07-12 21:54:38,576 [main] INFO  server.RaftServer (RaftServerProxy.java:lambda$close$6(416)) - 42b4a456-befe-4bab-a9c2-24b02b86258a: close
2023-07-12 21:54:38,576 [42b4a456-befe-4bab-a9c2-24b02b86258a-impl-thread1] INFO  server.RaftServer$Division (RaftServerImpl.java:lambda$close$4(466)) - 42b4a456-befe-4bab-a9c2-24b02b86258a@group-093BB777CD5C: shutdown
2023-07-12 21:54:38,576 [42b4a456-befe-4bab-a9c2-24b02b86258a-impl-thread1] INFO  util.JmxRegister (JmxRegister.java:unregister(73)) - Successfully un-registered JMX Bean with object name Ratis:service=RaftServer,group=group-093BB777CD5C,id=42b4a456-befe-4bab-a9c2-24b02b86258a
2023-07-12 21:54:38,576 [42b4a456-befe-4bab-a9c2-24b02b86258a-impl-thread1] INFO  impl.RoleInfo (RoleInfo.java:shutdownLeaderState(93)) - 42b4a456-befe-4bab-a9c2-24b02b86258a: shutdown 42b4a456-befe-4bab-a9c2-24b02b86258a@group-093BB777CD5C-LeaderStateImpl
2023-07-12 21:54:38,576 [42b4a456-befe-4bab-a9c2-24b02b86258a-impl-thread1] INFO  impl.PendingRequests (PendingRequests.java:sendNotLeaderResponses(289)) - 42b4a456-befe-4bab-a9c2-24b02b86258a@group-093BB777CD5C-PendingRequests: sendNotLeaderResponses
2023-07-12 21:54:38,577 [42b4a456-befe-4bab-a9c2-24b02b86258a-impl-thread1] INFO  impl.StateMachineUpdater (StateMachineUpdater.java:stopAndJoin(155)) - 42b4a456-befe-4bab-a9c2-24b02b86258a@group-093BB777CD5C-StateMachineUpdater: set stopIndex = 0
2023-07-12 21:54:38,577 [42b4a456-befe-4bab-a9c2-24b02b86258a@group-093BB777CD5C-StateMachineUpdater] INFO  ratis.ContainerStateMachine (ContainerStateMachine.java:takeSnapshot(330)) - group-093BB777CD5C: Taking a snapshot at:(t:1, i:0) file /home/runner/work/ozone/ozone/hadoop-ozone/integration-test/target/test-dir/MiniOzoneClusterImpl-56d3b7f5-b9ba-49a0-a504-54c96578f2cd/datanode-1/data/ratis/254dbbe4-c105-4132-aa7e-093bb777cd5c/sm/snapshot.1_0
2023-07-12 21:54:38,578 [42b4a456-befe-4bab-a9c2-24b02b86258a@group-093BB777CD5C-StateMachineUpdater] INFO  ratis.ContainerStateMachine (ContainerStateMachine.java:takeSnapshot(341)) - group-093BB777CD5C: Finished taking a snapshot at:(t:1, i:0) file:/home/runner/work/ozone/ozone/hadoop-ozone/integration-test/target/test-dir/MiniOzoneClusterImpl-56d3b7f5-b9ba-49a0-a504-54c96578f2cd/datanode-1/data/ratis/254dbbe4-c105-4132-aa7e-093bb777cd5c/sm/snapshot.1_0 took: 1 ms
2023-07-12 21:54:38,578 [42b4a456-befe-4bab-a9c2-24b02b86258a@group-093BB777CD5C-StateMachineUpdater] INFO  impl.StateMachineUpdater (StateMachineUpdater.java:takeSnapshot(291)) - 42b4a456-befe-4bab-a9c2-24b02b86258a@group-093BB777CD5C-StateMachineUpdater: Took a snapshot at index 0
2023-07-12 21:54:38,578 [42b4a456-befe-4bab-a9c2-24b02b86258a@group-093BB777CD5C-StateMachineUpdater] INFO  impl.StateMachineUpdater (StateMachineUpdater.java:lambda$new$0(97)) - 42b4a456-befe-4bab-a9c2-24b02b86258a@group-093BB777CD5C-StateMachineUpdater: snapshotIndex: updateIncreasingly -1 -> 0
2023-07-12 21:54:38,582 [42b4a456-befe-4bab-a9c2-24b02b86258a-impl-thread2] INFO  server.RaftServer$Division (RaftServerImpl.java:lambda$close$4(466)) - 42b4a456-befe-4bab-a9c2-24b02b86258a@group-4B50744322CC: shutdown
2023-07-12 21:54:38,583 [42b4a456-befe-4bab-a9c2-24b02b86258a-impl-thread2] INFO  util.JmxRegister (JmxRegister.java:unregister(73)) - Successfully un-registered JMX Bean with object name Ratis:service=RaftServer,group=group-4B50744322CC,id=42b4a456-befe-4bab-a9c2-24b02b86258a
2023-07-12 21:54:38,583 [42b4a456-befe-4bab-a9c2-24b02b86258a-impl-thread2] INFO  impl.RoleInfo (RoleInfo.java:shutdownLeaderState(93)) - 42b4a456-befe-4bab-a9c2-24b02b86258a: shutdown 42b4a456-befe-4bab-a9c2-24b02b86258a@group-4B50744322CC-LeaderStateImpl
2023-07-12 21:54:38,586 [main] INFO  server.GrpcService (GrpcService.java:closeImpl(311)) - 42b4a456-befe-4bab-a9c2-24b02b86258a: shutdown server org.apache.ratis.grpc.server.GrpcClientProtocolService now
2023-07-12 21:54:38,591 [42b4a456-befe-4bab-a9c2-24b02b86258a-impl-thread1] INFO  server.RaftServer$Division (ServerState.java:close(472)) - 42b4a456-befe-4bab-a9c2-24b02b86258a@group-093BB777CD5C: closes. applyIndex: 0
2023-07-12 21:54:38,592 [42b4a456-befe-4bab-a9c2-24b02b86258a-impl-thread3] INFO  server.RaftServer$Division (RaftServerImpl.java:lambda$close$4(466)) - 42b4a456-befe-4bab-a9c2-24b02b86258a@group-6AF31780527C: shutdown
2023-07-12 21:54:38,592 [42b4a456-befe-4bab-a9c2-24b02b86258a-impl-thread3] INFO  util.JmxRegister (JmxRegister.java:unregister(73)) - Successfully un-registered JMX Bean with object name Ratis:service=RaftServer,group=group-6AF31780527C,id=42b4a456-befe-4bab-a9c2-24b02b86258a
2023-07-12 21:54:38,592 [42b4a456-befe-4bab-a9c2-24b02b86258a-impl-thread3] INFO  impl.RoleInfo (RoleInfo.java:shutdownFollowerState(110)) - 42b4a456-befe-4bab-a9c2-24b02b86258a: shutdown 42b4a456-befe-4bab-a9c2-24b02b86258a@group-6AF31780527C-FollowerState
2023-07-12 21:54:38,601 [42b4a456-befe-4bab-a9c2-24b02b86258a-impl-thread2] INFO  impl.PendingRequests (PendingRequests.java:sendNotLeaderResponses(289)) - 42b4a456-befe-4bab-a9c2-24b02b86258a@group-4B50744322CC-PendingRequests: sendNotLeaderResponses
2023-07-12 21:54:38,602 [42b4a456-befe-4bab-a9c2-24b02b86258a-impl-thread2] INFO  impl.StateMachineUpdater (StateMachineUpdater.java:stopAndJoin(155)) - 42b4a456-befe-4bab-a9c2-24b02b86258a@group-4B50744322CC-StateMachineUpdater: set stopIndex = 180
2023-07-12 21:54:38,602 [42b4a456-befe-4bab-a9c2-24b02b86258a@group-4B50744322CC->8bfbb087-a02a-4d57-b8a9-f8148fb96c2a-GrpcLogAppender-LogAppenderDaemon] WARN  server.GrpcLogAppender (GrpcLogAppender.java:mayWait(199)) - 42b4a456-befe-4bab-a9c2-24b02b86258a@group-4B50744322CC->8bfbb087-a02a-4d57-b8a9-f8148fb96c2a-GrpcLogAppender: Wait interrupted by java.lang.InterruptedException
2023-07-12 21:54:38,602 [42b4a456-befe-4bab-a9c2-24b02b86258a@group-4B50744322CC->fe338567-e8a2-46f7-b85c-9d0af5bd64ed-GrpcLogAppender-LogAppenderDaemon] WARN  server.GrpcLogAppender (GrpcLogAppender.java:mayWait(199)) - 42b4a456-befe-4bab-a9c2-24b02b86258a@group-4B50744322CC->fe338567-e8a2-46f7-b85c-9d0af5bd64ed-GrpcLogAppender: Wait interrupted by java.lang.InterruptedException
2023-07-12 21:54:38,602 [42b4a456-befe-4bab-a9c2-24b02b86258a@group-4B50744322CC-StateMachineUpdater] INFO  ratis.ContainerStateMachine (ContainerStateMachine.java:takeSnapshot(330)) - group-4B50744322CC: Taking a snapshot at:(t:1, i:180) file /home/runner/work/ozone/ozone/hadoop-ozone/integration-test/target/test-dir/MiniOzoneClusterImpl-56d3b7f5-b9ba-49a0-a504-54c96578f2cd/datanode-1/data/ratis/2840e35d-b6e7-49c8-aea9-4b50744322cc/sm/snapshot.1_180
2023-07-12 21:54:38,603 [grpc-default-executor-2] INFO  server.GrpcServerProtocolService (GrpcServerProtocolService.java:onCompleted(155)) - 8bfbb087-a02a-4d57-b8a9-f8148fb96c2a: Completed APPEND_ENTRIES, lastRequest: 42b4a456-befe-4bab-a9c2-24b02b86258a->8bfbb087-a02a-4d57-b8a9-f8148fb96c2a#221-t1,previous=(t:1, i:179),leaderCommit=179,initializing? true,entries: size=1, first=(t:1, i:180), METADATAENTRY(c:179)
2023-07-12 21:54:38,603 [grpc-default-executor-2] INFO  server.GrpcServerProtocolService (GrpcServerProtocolService.java:lambda$onCompleted$5(157)) - 8bfbb087-a02a-4d57-b8a9-f8148fb96c2a: Completed APPEND_ENTRIES, lastReply: null
2023-07-12 21:54:38,603 [grpc-default-executor-3] INFO  server.GrpcServerProtocolService (GrpcServerProtocolService.java:onCompleted(155)) - 8bfbb087-a02a-4d57-b8a9-f8148fb96c2a: Completed APPEND_ENTRIES, lastRequest: null
2023-07-12 21:54:38,603 [grpc-default-executor-4] INFO  server.GrpcServerProtocolService (GrpcServerProtocolService.java:onCompleted(155)) - fe338567-e8a2-46f7-b85c-9d0af5bd64ed: Completed APPEND_ENTRIES, lastRequest: null
2023-07-12 21:54:38,603 [grpc-default-executor-3] INFO  server.GrpcServerProtocolService (GrpcServerProtocolService.java:lambda$onCompleted$5(157)) - 8bfbb087-a02a-4d57-b8a9-f8148fb96c2a: Completed APPEND_ENTRIES, lastReply: serverReply {
  requestorId: "42b4a456-befe-4bab-a9c2-24b02b86258a"
  replyId: "8bfbb087-a02a-4d57-b8a9-f8148fb96c2a"
  raftGroupId {
    id: "(@\343]\266\347I\310\256\251KPtC\"\314"
  }
  callId: 223
  success: true
}
term: 1
nextIndex: 181
followerCommit: 180
matchIndex: 18446744073709551615
isHearbeat: true

2023-07-12 21:54:38,603 [grpc-default-executor-4] INFO  server.GrpcServerProtocolService (GrpcServerProtocolService.java:lambda$onCompleted$5(157)) - fe338567-e8a2-46f7-b85c-9d0af5bd64ed: Completed APPEND_ENTRIES, lastReply: serverReply {
  requestorId: "42b4a456-befe-4bab-a9c2-24b02b86258a"
  replyId: "fe338567-e8a2-46f7-b85c-9d0af5bd64ed"
  raftGroupId {
    id: "(@\343]\266\347I\310\256\251KPtC\"\314"
  }
  callId: 220
  success: true
}
term: 1
nextIndex: 181
followerCommit: 180
matchIndex: 18446744073709551615
isHearbeat: true

2023-07-12 21:54:38,610 [Thread-1590] INFO  server.GrpcServerProtocolClient (GrpcServerProtocolClient.java:close(103)) - fe338567-e8a2-46f7-b85c-9d0af5bd64ed Close channels
2023-07-12 21:54:38,610 [ForkJoinPool.commonPool-worker-2] INFO  ozoneimpl.OzoneContainer (OzoneContainer.java:stop(441)) - Attempting to stop container services.
2023-07-12 21:54:38,610 [grpc-default-executor-5] INFO  server.GrpcLogAppender (GrpcLogAppender.java:onCompleted(428)) - 42b4a456-befe-4bab-a9c2-24b02b86258a@group-4B50744322CC->8bfbb087-a02a-4d57-b8a9-f8148fb96c2a-AppendLogResponseHandler: follower responses appendEntries COMPLETED
2023-07-12 21:54:38,610 [grpc-default-executor-5] WARN  server.GrpcLogAppender (GrpcLogAppender.java:resetClient(137)) - 42b4a456-befe-4bab-a9c2-24b02b86258a@group-4B50744322CC->8bfbb087-a02a-4d57-b8a9-f8148fb96c2a-GrpcLogAppender: Failed to getClient for 8bfbb087-a02a-4d57-b8a9-f8148fb96c2a
org.apache.ratis.protocol.exceptions.AlreadyClosedException: 42b4a456-befe-4bab-a9c2-24b02b86258a is already CLOSED
	at org.apache.ratis.util.PeerProxyMap$PeerAndProxy.getProxy(PeerProxyMap.java:61)
	at org.apache.ratis.util.PeerProxyMap.getProxy(PeerProxyMap.java:115)
	at org.apache.ratis.grpc.server.GrpcLogAppender.getClient(GrpcLogAppender.java:112)
	at org.apache.ratis.grpc.server.GrpcLogAppender.resetClient(GrpcLogAppender.java:117)
	at org.apache.ratis.grpc.server.GrpcLogAppender.access$500(GrpcLogAppender.java:56)
	at org.apache.ratis.grpc.server.GrpcLogAppender$AppendLogResponseHandler.onCompleted(GrpcLogAppender.java:429)
	at org.apache.ratis.thirdparty.io.grpc.stub.ClientCalls$StreamObserverToCallListenerAdapter.onClose(ClientCalls.java:485)
	at org.apache.ratis.thirdparty.io.grpc.internal.DelayedClientCall$DelayedListener$3.run(DelayedClientCall.java:471)
	at org.apache.ratis.thirdparty.io.grpc.internal.DelayedClientCall$DelayedListener.delayOrExecute(DelayedClientCall.java:435)
	at org.apache.ratis.thirdparty.io.grpc.internal.DelayedClientCall$DelayedListener.onClose(DelayedClientCall.java:468)
	at org.apache.ratis.thirdparty.io.grpc.internal.ClientCallImpl.closeObserver(ClientCallImpl.java:563)
	at org.apache.ratis.thirdparty.io.grpc.internal.ClientCallImpl.access$300(ClientCallImpl.java:70)
	at org.apache.ratis.thirdparty.io.grpc.internal.ClientCallImpl$ClientStreamListenerImpl$1StreamClosed.runInternal(ClientCallImpl.java:744)
	at org.apache.ratis.thirdparty.io.grpc.internal.ClientCallImpl$ClientStreamListenerImpl$1StreamClosed.runInContext(ClientCallImpl.java:723)
	at org.apache.ratis.thirdparty.io.grpc.internal.ContextRunnable.run(ContextRunnable.java:37)
	at org.apache.ratis.thirdparty.io.grpc.internal.SerializingExecutor.run(SerializingExecutor.java:133)
	at java.util.concurrent.ThreadPoolExecutor.runWorker(ThreadPoolExecutor.java:1149)
	at java.util.concurrent.ThreadPoolExecutor$Worker.run(ThreadPoolExecutor.java:624)
	at java.lang.Thread.run(Thread.java:750)
2023-07-12 21:54:38,610 [Thread-1589] INFO  server.GrpcServerProtocolClient (GrpcServerProtocolClient.java:close(103)) - 8bfbb087-a02a-4d57-b8a9-f8148fb96c2a Close channels
2023-07-12 21:54:38,611 [ForkJoinPool.commonPool-worker-2] INFO  server.RaftServer (RaftServerProxy.java:lambda$close$6(416)) - fe338567-e8a2-46f7-b85c-9d0af5bd64ed: close
2023-07-12 21:54:38,610 [42b4a456-befe-4bab-a9c2-24b02b86258a@group-4B50744322CC-StateMachineUpdater] INFO  ratis.ContainerStateMachine (ContainerStateMachine.java:takeSnapshot(341)) - group-4B50744322CC: Finished taking a snapshot at:(t:1, i:180) file:/home/runner/work/ozone/ozone/hadoop-ozone/integration-test/target/test-dir/MiniOzoneClusterImpl-56d3b7f5-b9ba-49a0-a504-54c96578f2cd/datanode-1/data/ratis/2840e35d-b6e7-49c8-aea9-4b50744322cc/sm/snapshot.1_180 took: 8 ms
2023-07-12 21:54:38,604 [42b4a456-befe-4bab-a9c2-24b02b86258a@group-6AF31780527C-FollowerState] INFO  impl.FollowerState (FollowerState.java:run(152)) - 42b4a456-befe-4bab-a9c2-24b02b86258a@group-6AF31780527C-FollowerState was interrupted
2023-07-12 21:54:38,604 [42b4a456-befe-4bab-a9c2-24b02b86258a-impl-thread3] INFO  impl.StateMachineUpdater (StateMachineUpdater.java:stopAndJoin(155)) - 42b4a456-befe-4bab-a9c2-24b02b86258a@group-6AF31780527C-StateMachineUpdater: set stopIndex = 396
2023-07-12 21:54:38,604 [grpc-default-executor-3] INFO  server.GrpcServerProtocolService (GrpcServerProtocolService.java:onCompleted(155)) - fe338567-e8a2-46f7-b85c-9d0af5bd64ed: Completed APPEND_ENTRIES, lastRequest: 42b4a456-befe-4bab-a9c2-24b02b86258a->fe338567-e8a2-46f7-b85c-9d0af5bd64ed#218-t1,previous=(t:1, i:179),leaderCommit=179,initializing? true,entries: size=1, first=(t:1, i:180), METADATAENTRY(c:179)
2023-07-12 21:54:38,611 [42b4a456-befe-4bab-a9c2-24b02b86258a@group-4B50744322CC-StateMachineUpdater] INFO  impl.StateMachineUpdater (StateMachineUpdater.java:takeSnapshot(291)) - 42b4a456-befe-4bab-a9c2-24b02b86258a@group-4B50744322CC-StateMachineUpdater: Took a snapshot at index 180
2023-07-12 21:54:38,611 [grpc-default-executor-3] INFO  server.GrpcServerProtocolService (GrpcServerProtocolService.java:lambda$onCompleted$5(157)) - fe338567-e8a2-46f7-b85c-9d0af5bd64ed: Completed APPEND_ENTRIES, lastReply: null
2023-07-12 21:54:38,611 [42b4a456-befe-4bab-a9c2-24b02b86258a@group-4B50744322CC-StateMachineUpdater] INFO  impl.StateMachineUpdater (StateMachineUpdater.java:lambda$new$0(97)) - 42b4a456-befe-4bab-a9c2-24b02b86258a@group-4B50744322CC-StateMachineUpdater: snapshotIndex: updateIncreasingly -1 -> 180
2023-07-12 21:54:38,604 [grpc-default-executor-0] INFO  server.GrpcLogAppender (GrpcLogAppender.java:onCompleted(428)) - 42b4a456-befe-4bab-a9c2-24b02b86258a@group-4B50744322CC->8bfbb087-a02a-4d57-b8a9-f8148fb96c2a-AppendLogResponseHandler: follower responses appendEntries COMPLETED
2023-07-12 21:54:38,611 [grpc-default-executor-0] WARN  server.GrpcLogAppender (GrpcLogAppender.java:resetClient(137)) - 42b4a456-befe-4bab-a9c2-24b02b86258a@group-4B50744322CC->8bfbb087-a02a-4d57-b8a9-f8148fb96c2a-GrpcLogAppender: Failed to getClient for 8bfbb087-a02a-4d57-b8a9-f8148fb96c2a
org.apache.ratis.protocol.exceptions.AlreadyClosedException: 42b4a456-befe-4bab-a9c2-24b02b86258a is already CLOSED
	at org.apache.ratis.util.PeerProxyMap$PeerAndProxy.getProxy(PeerProxyMap.java:61)
	at org.apache.ratis.util.PeerProxyMap.getProxy(PeerProxyMap.java:115)
	at org.apache.ratis.grpc.server.GrpcLogAppender.getClient(GrpcLogAppender.java:112)
	at org.apache.ratis.grpc.server.GrpcLogAppender.resetClient(GrpcLogAppender.java:117)
	at org.apache.ratis.grpc.server.GrpcLogAppender.access$500(GrpcLogAppender.java:56)
	at org.apache.ratis.grpc.server.GrpcLogAppender$AppendLogResponseHandler.onCompleted(GrpcLogAppender.java:429)
	at org.apache.ratis.thirdparty.io.grpc.stub.ClientCalls$StreamObserverToCallListenerAdapter.onClose(ClientCalls.java:485)
	at org.apache.ratis.thirdparty.io.grpc.internal.ClientCallImpl.closeObserver(ClientCallImpl.java:563)
	at org.apache.ratis.thirdparty.io.grpc.internal.ClientCallImpl.access$300(ClientCallImpl.java:70)
	at org.apache.ratis.thirdparty.io.grpc.internal.ClientCallImpl$ClientStreamListenerImpl$1StreamClosed.runInternal(ClientCallImpl.java:744)
	at org.apache.ratis.thirdparty.io.grpc.internal.ClientCallImpl$ClientStreamListenerImpl$1StreamClosed.runInContext(ClientCallImpl.java:723)
	at org.apache.ratis.thirdparty.io.grpc.internal.ContextRunnable.run(ContextRunnable.java:37)
	at org.apache.ratis.thirdparty.io.grpc.internal.SerializingExecutor.run(SerializingExecutor.java:133)
	at java.util.concurrent.ThreadPoolExecutor.runWorker(ThreadPoolExecutor.java:1149)
	at java.util.concurrent.ThreadPoolExecutor$Worker.run(ThreadPoolExecutor.java:624)
	at java.lang.Thread.run(Thread.java:750)
2023-07-12 21:54:38,613 [grpc-default-executor-1] INFO  server.GrpcLogAppender (GrpcLogAppender.java:onCompleted(428)) - 42b4a456-befe-4bab-a9c2-24b02b86258a@group-4B50744322CC->fe338567-e8a2-46f7-b85c-9d0af5bd64ed-AppendLogResponseHandler: follower responses appendEntries COMPLETED
2023-07-12 21:54:38,613 [grpc-default-executor-1] WARN  server.GrpcLogAppender (GrpcLogAppender.java:resetClient(137)) - 42b4a456-befe-4bab-a9c2-24b02b86258a@group-4B50744322CC->fe338567-e8a2-46f7-b85c-9d0af5bd64ed-GrpcLogAppender: Failed to getClient for fe338567-e8a2-46f7-b85c-9d0af5bd64ed
org.apache.ratis.protocol.exceptions.AlreadyClosedException: 42b4a456-befe-4bab-a9c2-24b02b86258a is already CLOSED
	at org.apache.ratis.util.PeerProxyMap$PeerAndProxy.getProxy(PeerProxyMap.java:61)
	at org.apache.ratis.util.PeerProxyMap.getProxy(PeerProxyMap.java:115)
	at org.apache.ratis.grpc.server.GrpcLogAppender.getClient(GrpcLogAppender.java:112)
	at org.apache.ratis.grpc.server.GrpcLogAppender.resetClient(GrpcLogAppender.java:117)
	at org.apache.ratis.grpc.server.GrpcLogAppender.access$500(GrpcLogAppender.java:56)
	at org.apache.ratis.grpc.server.GrpcLogAppender$AppendLogResponseHandler.onCompleted(GrpcLogAppender.java:429)
	at org.apache.ratis.thirdparty.io.grpc.stub.ClientCalls$StreamObserverToCallListenerAdapter.onClose(ClientCalls.java:485)
	at org.apache.ratis.thirdparty.io.grpc.internal.DelayedClientCall$DelayedListener$3.run(DelayedClientCall.java:471)
	at org.apache.ratis.thirdparty.io.grpc.internal.DelayedClientCall$DelayedListener.delayOrExecute(DelayedClientCall.java:435)
	at org.apache.ratis.thirdparty.io.grpc.internal.DelayedClientCall$DelayedListener.onClose(DelayedClientCall.java:468)
	at org.apache.ratis.thirdparty.io.grpc.internal.ClientCallImpl.closeObserver(ClientCallImpl.java:563)
	at org.apache.ratis.thirdparty.io.grpc.internal.ClientCallImpl.access$300(ClientCallImpl.java:70)
	at org.apache.ratis.thirdparty.io.grpc.internal.ClientCallImpl$ClientStreamListenerImpl$1StreamClosed.runInternal(ClientCallImpl.java:744)
	at org.apache.ratis.thirdparty.io.grpc.internal.ClientCallImpl$ClientStreamListenerImpl$1StreamClosed.runInContext(ClientCallImpl.java:723)
	at org.apache.ratis.thirdparty.io.grpc.internal.ContextRunnable.run(ContextRunnable.java:37)
	at org.apache.ratis.thirdparty.io.grpc.internal.SerializingExecutor.run(SerializingExecutor.java:133)
	at java.util.concurrent.ThreadPoolExecutor.runWorker(ThreadPoolExecutor.java:1149)
	at java.util.concurrent.ThreadPoolExecutor$Worker.run(ThreadPoolExecutor.java:624)
	at java.lang.Thread.run(Thread.java:750)
2023-07-12 21:54:38,614 [42b4a456-befe-4bab-a9c2-24b02b86258a@group-6AF31780527C-StateMachineUpdater] INFO  ratis.ContainerStateMachine (ContainerStateMachine.java:takeSnapshot(330)) - group-6AF31780527C: Taking a snapshot at:(t:1, i:396) file /home/runner/work/ozone/ozone/hadoop-ozone/integration-test/target/test-dir/MiniOzoneClusterImpl-56d3b7f5-b9ba-49a0-a504-54c96578f2cd/datanode-1/data/ratis/d7a77fc1-28a5-4ff7-9e5d-6af31780527c/sm/snapshot.1_396
2023-07-12 21:54:38,615 [grpc-default-executor-4] INFO  server.GrpcLogAppender (GrpcLogAppender.java:onCompleted(428)) - 42b4a456-befe-4bab-a9c2-24b02b86258a@group-4B50744322CC->fe338567-e8a2-46f7-b85c-9d0af5bd64ed-AppendLogResponseHandler: follower responses appendEntries COMPLETED
2023-07-12 21:54:38,615 [grpc-default-executor-4] WARN  server.GrpcLogAppender (GrpcLogAppender.java:resetClient(137)) - 42b4a456-befe-4bab-a9c2-24b02b86258a@group-4B50744322CC->fe338567-e8a2-46f7-b85c-9d0af5bd64ed-GrpcLogAppender: Failed to getClient for fe338567-e8a2-46f7-b85c-9d0af5bd64ed
org.apache.ratis.protocol.exceptions.AlreadyClosedException: 42b4a456-befe-4bab-a9c2-24b02b86258a is already CLOSED
	at org.apache.ratis.util.PeerProxyMap$PeerAndProxy.getProxy(PeerProxyMap.java:61)
	at org.apache.ratis.util.PeerProxyMap.getProxy(PeerProxyMap.java:115)
	at org.apache.ratis.grpc.server.GrpcLogAppender.getClient(GrpcLogAppender.java:112)
	at org.apache.ratis.grpc.server.GrpcLogAppender.resetClient(GrpcLogAppender.java:117)
	at org.apache.ratis.grpc.server.GrpcLogAppender.access$500(GrpcLogAppender.java:56)
	at org.apache.ratis.grpc.server.GrpcLogAppender$AppendLogResponseHandler.onCompleted(GrpcLogAppender.java:429)
	at org.apache.ratis.thirdparty.io.grpc.stub.ClientCalls$StreamObserverToCallListenerAdapter.onClose(ClientCalls.java:485)
	at org.apache.ratis.thirdparty.io.grpc.internal.ClientCallImpl.closeObserver(ClientCallImpl.java:563)
	at org.apache.ratis.thirdparty.io.grpc.internal.ClientCallImpl.access$300(ClientCallImpl.java:70)
	at org.apache.ratis.thirdparty.io.grpc.internal.ClientCallImpl$ClientStreamListenerImpl$1StreamClosed.runInternal(ClientCallImpl.java:744)
	at org.apache.ratis.thirdparty.io.grpc.internal.ClientCallImpl$ClientStreamListenerImpl$1StreamClosed.runInContext(ClientCallImpl.java:723)
	at org.apache.ratis.thirdparty.io.grpc.internal.ContextRunnable.run(ContextRunnable.java:37)
	at org.apache.ratis.thirdparty.io.grpc.internal.SerializingExecutor.run(SerializingExecutor.java:133)
	at java.util.concurrent.ThreadPoolExecutor.runWorker(ThreadPoolExecutor.java:1149)
	at java.util.concurrent.ThreadPoolExecutor$Worker.run(ThreadPoolExecutor.java:624)
	at java.lang.Thread.run(Thread.java:750)
2023-07-12 21:54:38,615 [42b4a456-befe-4bab-a9c2-24b02b86258a@group-6AF31780527C-StateMachineUpdater] INFO  ratis.ContainerStateMachine (ContainerStateMachine.java:takeSnapshot(341)) - group-6AF31780527C: Finished taking a snapshot at:(t:1, i:396) file:/home/runner/work/ozone/ozone/hadoop-ozone/integration-test/target/test-dir/MiniOzoneClusterImpl-56d3b7f5-b9ba-49a0-a504-54c96578f2cd/datanode-1/data/ratis/d7a77fc1-28a5-4ff7-9e5d-6af31780527c/sm/snapshot.1_396 took: 1 ms
2023-07-12 21:54:38,615 [42b4a456-befe-4bab-a9c2-24b02b86258a@group-6AF31780527C-StateMachineUpdater] INFO  impl.StateMachineUpdater (StateMachineUpdater.java:takeSnapshot(291)) - 42b4a456-befe-4bab-a9c2-24b02b86258a@group-6AF31780527C-StateMachineUpdater: Took a snapshot at index 396
2023-07-12 21:54:38,615 [42b4a456-befe-4bab-a9c2-24b02b86258a@group-6AF31780527C-StateMachineUpdater] INFO  impl.StateMachineUpdater (StateMachineUpdater.java:lambda$new$0(97)) - 42b4a456-befe-4bab-a9c2-24b02b86258a@group-6AF31780527C-StateMachineUpdater: snapshotIndex: updateIncreasingly -1 -> 396
2023-07-12 21:54:38,616 [42b4a456-befe-4bab-a9c2-24b02b86258a-impl-thread3] INFO  server.RaftServer$Division (ServerState.java:close(472)) - 42b4a456-befe-4bab-a9c2-24b02b86258a@group-6AF31780527C: closes. applyIndex: 396
2023-07-12 21:54:38,617 [fe338567-e8a2-46f7-b85c-9d0af5bd64ed-impl-thread1] INFO  server.RaftServer$Division (RaftServerImpl.java:lambda$close$4(466)) - fe338567-e8a2-46f7-b85c-9d0af5bd64ed@group-4B50744322CC: shutdown
2023-07-12 21:54:38,618 [fe338567-e8a2-46f7-b85c-9d0af5bd64ed-impl-thread1] INFO  util.JmxRegister (JmxRegister.java:unregister(73)) - Successfully un-registered JMX Bean with object name Ratis:service=RaftServer,group=group-4B50744322CC,id=fe338567-e8a2-46f7-b85c-9d0af5bd64ed
2023-07-12 21:54:38,618 [fe338567-e8a2-46f7-b85c-9d0af5bd64ed-impl-thread1] INFO  impl.RoleInfo (RoleInfo.java:shutdownFollowerState(110)) - fe338567-e8a2-46f7-b85c-9d0af5bd64ed: shutdown fe338567-e8a2-46f7-b85c-9d0af5bd64ed@group-4B50744322CC-FollowerState
2023-07-12 21:54:38,621 [fe338567-e8a2-46f7-b85c-9d0af5bd64ed-impl-thread2] INFO  server.RaftServer$Division (RaftServerImpl.java:lambda$close$4(466)) - fe338567-e8a2-46f7-b85c-9d0af5bd64ed@group-6AF31780527C: shutdown
2023-07-12 21:54:38,621 [fe338567-e8a2-46f7-b85c-9d0af5bd64ed-impl-thread2] INFO  util.JmxRegister (JmxRegister.java:unregister(73)) - Successfully un-registered JMX Bean with object name Ratis:service=RaftServer,group=group-6AF31780527C,id=fe338567-e8a2-46f7-b85c-9d0af5bd64ed
2023-07-12 21:54:38,621 [fe338567-e8a2-46f7-b85c-9d0af5bd64ed-impl-thread2] INFO  impl.RoleInfo (RoleInfo.java:shutdownLeaderState(93)) - fe338567-e8a2-46f7-b85c-9d0af5bd64ed: shutdown fe338567-e8a2-46f7-b85c-9d0af5bd64ed@group-6AF31780527C-LeaderStateImpl
2023-07-12 21:54:38,625 [ForkJoinPool.commonPool-worker-2] INFO  server.GrpcService (GrpcService.java:closeImpl(311)) - fe338567-e8a2-46f7-b85c-9d0af5bd64ed: shutdown server org.apache.ratis.grpc.server.GrpcClientProtocolService now
2023-07-12 21:54:38,625 [fe338567-e8a2-46f7-b85c-9d0af5bd64ed-impl-thread3] INFO  server.RaftServer$Division (RaftServerImpl.java:lambda$close$4(466)) - fe338567-e8a2-46f7-b85c-9d0af5bd64ed@group-A9E476FB6093: shutdown
2023-07-12 21:54:38,625 [fe338567-e8a2-46f7-b85c-9d0af5bd64ed-impl-thread3] INFO  util.JmxRegister (JmxRegister.java:unregister(73)) - Successfully un-registered JMX Bean with object name Ratis:service=RaftServer,group=group-A9E476FB6093,id=fe338567-e8a2-46f7-b85c-9d0af5bd64ed
2023-07-12 21:54:38,625 [fe338567-e8a2-46f7-b85c-9d0af5bd64ed-impl-thread3] INFO  impl.RoleInfo (RoleInfo.java:shutdownLeaderState(93)) - fe338567-e8a2-46f7-b85c-9d0af5bd64ed: shutdown fe338567-e8a2-46f7-b85c-9d0af5bd64ed@group-A9E476FB6093-LeaderStateImpl
2023-07-12 21:54:38,625 [fe338567-e8a2-46f7-b85c-9d0af5bd64ed-impl-thread3] INFO  impl.PendingRequests (PendingRequests.java:sendNotLeaderResponses(289)) - fe338567-e8a2-46f7-b85c-9d0af5bd64ed@group-A9E476FB6093-PendingRequests: sendNotLeaderResponses
2023-07-12 21:54:38,625 [fe338567-e8a2-46f7-b85c-9d0af5bd64ed@group-A9E476FB6093-StateMachineUpdater] INFO  ratis.ContainerStateMachine (ContainerStateMachine.java:takeSnapshot(330)) - group-A9E476FB6093: Taking a snapshot at:(t:1, i:0) file /home/runner/work/ozone/ozone/hadoop-ozone/integration-test/target/test-dir/MiniOzoneClusterImpl-56d3b7f5-b9ba-49a0-a504-54c96578f2cd/datanode-0/data/ratis/3c047c08-1387-452f-9e40-a9e476fb6093/sm/snapshot.1_0
2023-07-12 21:54:38,626 [fe338567-e8a2-46f7-b85c-9d0af5bd64ed-impl-thread3] INFO  impl.StateMachineUpdater (StateMachineUpdater.java:stopAndJoin(155)) - fe338567-e8a2-46f7-b85c-9d0af5bd64ed@group-A9E476FB6093-StateMachineUpdater: set stopIndex = 0
2023-07-12 21:54:38,626 [fe338567-e8a2-46f7-b85c-9d0af5bd64ed@group-A9E476FB6093-StateMachineUpdater] INFO  ratis.ContainerStateMachine (ContainerStateMachine.java:takeSnapshot(341)) - group-A9E476FB6093: Finished taking a snapshot at:(t:1, i:0) file:/home/runner/work/ozone/ozone/hadoop-ozone/integration-test/target/test-dir/MiniOzoneClusterImpl-56d3b7f5-b9ba-49a0-a504-54c96578f2cd/datanode-0/data/ratis/3c047c08-1387-452f-9e40-a9e476fb6093/sm/snapshot.1_0 took: 1 ms
2023-07-12 21:54:38,626 [fe338567-e8a2-46f7-b85c-9d0af5bd64ed@group-A9E476FB6093-StateMachineUpdater] INFO  impl.StateMachineUpdater (StateMachineUpdater.java:takeSnapshot(291)) - fe338567-e8a2-46f7-b85c-9d0af5bd64ed@group-A9E476FB6093-StateMachineUpdater: Took a snapshot at index 0
2023-07-12 21:54:38,626 [fe338567-e8a2-46f7-b85c-9d0af5bd64ed@group-A9E476FB6093-StateMachineUpdater] INFO  impl.StateMachineUpdater (StateMachineUpdater.java:lambda$new$0(97)) - fe338567-e8a2-46f7-b85c-9d0af5bd64ed@group-A9E476FB6093-StateMachineUpdater: snapshotIndex: updateIncreasingly -1 -> 0
2023-07-12 21:54:38,627 [fe338567-e8a2-46f7-b85c-9d0af5bd64ed-impl-thread3] INFO  server.RaftServer$Division (ServerState.java:close(472)) - fe338567-e8a2-46f7-b85c-9d0af5bd64ed@group-A9E476FB6093: closes. applyIndex: 0
2023-07-12 21:54:38,642 [Thread-1593] INFO  server.GrpcServerProtocolClient (GrpcServerProtocolClient.java:close(103)) - 42b4a456-befe-4bab-a9c2-24b02b86258a Close channels
2023-07-12 21:54:38,642 [main] INFO  server.GrpcService (GrpcService.java:closeImpl(320)) - 42b4a456-befe-4bab-a9c2-24b02b86258a: shutdown server org.apache.ratis.grpc.server.GrpcClientProtocolService successfully
2023-07-12 21:54:38,642 [fe338567-e8a2-46f7-b85c-9d0af5bd64ed@group-6AF31780527C->8bfbb087-a02a-4d57-b8a9-f8148fb96c2a-GrpcLogAppender-LogAppenderDaemon] WARN  server.GrpcLogAppender (GrpcLogAppender.java:mayWait(199)) - fe338567-e8a2-46f7-b85c-9d0af5bd64ed@group-6AF31780527C->8bfbb087-a02a-4d57-b8a9-f8148fb96c2a-GrpcLogAppender: Wait interrupted by java.lang.InterruptedException
2023-07-12 21:54:38,642 [main] INFO  server.GrpcService (GrpcService.java:closeImpl(311)) - 42b4a456-befe-4bab-a9c2-24b02b86258a: shutdown server GrpcServerProtocolService now
2023-07-12 21:54:38,642 [fe338567-e8a2-46f7-b85c-9d0af5bd64ed@group-6AF31780527C->42b4a456-befe-4bab-a9c2-24b02b86258a-GrpcLogAppender-LogAppenderDaemon] WARN  server.GrpcLogAppender (GrpcLogAppender.java:mayWait(199)) - fe338567-e8a2-46f7-b85c-9d0af5bd64ed@group-6AF31780527C->42b4a456-befe-4bab-a9c2-24b02b86258a-GrpcLogAppender: Wait interrupted by java.lang.InterruptedException
2023-07-12 21:54:38,642 [fe338567-e8a2-46f7-b85c-9d0af5bd64ed-impl-thread1] INFO  impl.StateMachineUpdater (StateMachineUpdater.java:stopAndJoin(155)) - fe338567-e8a2-46f7-b85c-9d0af5bd64ed@group-4B50744322CC-StateMachineUpdater: set stopIndex = 180
2023-07-12 21:54:38,642 [fe338567-e8a2-46f7-b85c-9d0af5bd64ed@group-4B50744322CC-FollowerState] INFO  impl.FollowerState (FollowerState.java:run(152)) - fe338567-e8a2-46f7-b85c-9d0af5bd64ed@group-4B50744322CC-FollowerState was interrupted
2023-07-12 21:54:38,643 [fe338567-e8a2-46f7-b85c-9d0af5bd64ed@group-4B50744322CC-StateMachineUpdater] INFO  ratis.ContainerStateMachine (ContainerStateMachine.java:takeSnapshot(330)) - group-4B50744322CC: Taking a snapshot at:(t:1, i:180) file /home/runner/work/ozone/ozone/hadoop-ozone/integration-test/target/test-dir/MiniOzoneClusterImpl-56d3b7f5-b9ba-49a0-a504-54c96578f2cd/datanode-0/data/ratis/2840e35d-b6e7-49c8-aea9-4b50744322cc/sm/snapshot.1_180
2023-07-12 21:54:38,643 [42b4a456-befe-4bab-a9c2-24b02b86258a-impl-thread2] INFO  server.RaftServer$Division (ServerState.java:close(472)) - 42b4a456-befe-4bab-a9c2-24b02b86258a@group-4B50744322CC: closes. applyIndex: 180
2023-07-12 21:54:38,642 [fe338567-e8a2-46f7-b85c-9d0af5bd64ed-impl-thread2] INFO  impl.PendingRequests (PendingRequests.java:sendNotLeaderResponses(289)) - fe338567-e8a2-46f7-b85c-9d0af5bd64ed@group-6AF31780527C-PendingRequests: sendNotLeaderResponses
2023-07-12 21:54:38,644 [fe338567-e8a2-46f7-b85c-9d0af5bd64ed-impl-thread2] INFO  impl.StateMachineUpdater (StateMachineUpdater.java:stopAndJoin(155)) - fe338567-e8a2-46f7-b85c-9d0af5bd64ed@group-6AF31780527C-StateMachineUpdater: set stopIndex = 396
2023-07-12 21:54:38,644 [fe338567-e8a2-46f7-b85c-9d0af5bd64ed@group-6AF31780527C-StateMachineUpdater] INFO  ratis.ContainerStateMachine (ContainerStateMachine.java:takeSnapshot(330)) - group-6AF31780527C: Taking a snapshot at:(t:1, i:396) file /home/runner/work/ozone/ozone/hadoop-ozone/integration-test/target/test-dir/MiniOzoneClusterImpl-56d3b7f5-b9ba-49a0-a504-54c96578f2cd/datanode-0/data/ratis/d7a77fc1-28a5-4ff7-9e5d-6af31780527c/sm/snapshot.1_396
2023-07-12 21:54:38,644 [grpc-default-executor-4] INFO  server.GrpcServerProtocolService (GrpcServerProtocolService.java:onCompleted(155)) - 42b4a456-befe-4bab-a9c2-24b02b86258a: Completed APPEND_ENTRIES, lastRequest: null
2023-07-12 21:54:38,645 [grpc-default-executor-4] INFO  server.GrpcServerProtocolService (GrpcServerProtocolService.java:lambda$onCompleted$5(157)) - 42b4a456-befe-4bab-a9c2-24b02b86258a: Completed APPEND_ENTRIES, lastReply: serverReply {
  requestorId: "fe338567-e8a2-46f7-b85c-9d0af5bd64ed"
  replyId: "42b4a456-befe-4bab-a9c2-24b02b86258a"
  raftGroupId {
    id: "\327\247\177\301(\245O\367\236]j\363\027\200R|"
  }
  callId: 435
  success: true
}
term: 1
nextIndex: 397
followerCommit: 396
matchIndex: 18446744073709551615
isHearbeat: true

2023-07-12 21:54:38,645 [grpc-default-executor-0] WARN  server.GrpcServerProtocolService (LogUtils.java:warn(122)) - 42b4a456-befe-4bab-a9c2-24b02b86258a: APPEND_ENTRIES onError, lastRequest: fe338567-e8a2-46f7-b85c-9d0af5bd64ed->42b4a456-befe-4bab-a9c2-24b02b86258a#432-t1,previous=(t:1, i:395),leaderCommit=395,initializing? true,entries: size=1, first=(t:1, i:396), METADATAENTRY(c:395): org.apache.ratis.thirdparty.io.grpc.StatusRuntimeException: CANCELLED: client cancelled
2023-07-12 21:54:38,645 [fe338567-e8a2-46f7-b85c-9d0af5bd64ed@group-6AF31780527C-StateMachineUpdater] INFO  ratis.ContainerStateMachine (ContainerStateMachine.java:takeSnapshot(341)) - group-6AF31780527C: Finished taking a snapshot at:(t:1, i:396) file:/home/runner/work/ozone/ozone/hadoop-ozone/integration-test/target/test-dir/MiniOzoneClusterImpl-56d3b7f5-b9ba-49a0-a504-54c96578f2cd/datanode-0/data/ratis/d7a77fc1-28a5-4ff7-9e5d-6af31780527c/sm/snapshot.1_396 took: 1 ms
2023-07-12 21:54:38,645 [fe338567-e8a2-46f7-b85c-9d0af5bd64ed@group-4B50744322CC-StateMachineUpdater] INFO  ratis.ContainerStateMachine (ContainerStateMachine.java:takeSnapshot(341)) - group-4B50744322CC: Finished taking a snapshot at:(t:1, i:180) file:/home/runner/work/ozone/ozone/hadoop-ozone/integration-test/target/test-dir/MiniOzoneClusterImpl-56d3b7f5-b9ba-49a0-a504-54c96578f2cd/datanode-0/data/ratis/2840e35d-b6e7-49c8-aea9-4b50744322cc/sm/snapshot.1_180 took: 3 ms
2023-07-12 21:54:38,646 [fe338567-e8a2-46f7-b85c-9d0af5bd64ed@group-6AF31780527C-StateMachineUpdater] INFO  impl.StateMachineUpdater (StateMachineUpdater.java:takeSnapshot(291)) - fe338567-e8a2-46f7-b85c-9d0af5bd64ed@group-6AF31780527C-StateMachineUpdater: Took a snapshot at index 396
2023-07-12 21:54:38,646 [fe338567-e8a2-46f7-b85c-9d0af5bd64ed@group-4B50744322CC-StateMachineUpdater] INFO  impl.StateMachineUpdater (StateMachineUpdater.java:takeSnapshot(291)) - fe338567-e8a2-46f7-b85c-9d0af5bd64ed@group-4B50744322CC-StateMachineUpdater: Took a snapshot at index 180
2023-07-12 21:54:38,646 [fe338567-e8a2-46f7-b85c-9d0af5bd64ed@group-4B50744322CC-StateMachineUpdater] INFO  impl.StateMachineUpdater (StateMachineUpdater.java:lambda$new$0(97)) - fe338567-e8a2-46f7-b85c-9d0af5bd64ed@group-4B50744322CC-StateMachineUpdater: snapshotIndex: updateIncreasingly -1 -> 180
2023-07-12 21:54:38,646 [fe338567-e8a2-46f7-b85c-9d0af5bd64ed@group-6AF31780527C-StateMachineUpdater] INFO  impl.StateMachineUpdater (StateMachineUpdater.java:lambda$new$0(97)) - fe338567-e8a2-46f7-b85c-9d0af5bd64ed@group-6AF31780527C-StateMachineUpdater: snapshotIndex: updateIncreasingly -1 -> 396
2023-07-12 21:54:38,647 [grpc-default-executor-2] INFO  server.GrpcLogAppender (GrpcLogAppender.java:onError(417)) - fe338567-e8a2-46f7-b85c-9d0af5bd64ed@group-6AF31780527C->42b4a456-befe-4bab-a9c2-24b02b86258a-GrpcLogAppender is already stopped
2023-07-12 21:54:38,647 [grpc-default-executor-3] INFO  server.GrpcLogAppender (GrpcLogAppender.java:onCompleted(428)) - fe338567-e8a2-46f7-b85c-9d0af5bd64ed@group-6AF31780527C->42b4a456-befe-4bab-a9c2-24b02b86258a-AppendLogResponseHandler: follower responses appendEntries COMPLETED
2023-07-12 21:54:38,647 [grpc-default-executor-3] WARN  server.GrpcLogAppender (GrpcLogAppender.java:resetClient(137)) - fe338567-e8a2-46f7-b85c-9d0af5bd64ed@group-6AF31780527C->42b4a456-befe-4bab-a9c2-24b02b86258a-GrpcLogAppender: Failed to getClient for 42b4a456-befe-4bab-a9c2-24b02b86258a
org.apache.ratis.protocol.exceptions.AlreadyClosedException: fe338567-e8a2-46f7-b85c-9d0af5bd64ed is already CLOSED
	at org.apache.ratis.util.PeerProxyMap$PeerAndProxy.getProxy(PeerProxyMap.java:61)
	at org.apache.ratis.util.PeerProxyMap.getProxy(PeerProxyMap.java:115)
	at org.apache.ratis.grpc.server.GrpcLogAppender.getClient(GrpcLogAppender.java:112)
	at org.apache.ratis.grpc.server.GrpcLogAppender.resetClient(GrpcLogAppender.java:117)
	at org.apache.ratis.grpc.server.GrpcLogAppender.access$500(GrpcLogAppender.java:56)
	at org.apache.ratis.grpc.server.GrpcLogAppender$AppendLogResponseHandler.onCompleted(GrpcLogAppender.java:429)
	at org.apache.ratis.thirdparty.io.grpc.stub.ClientCalls$StreamObserverToCallListenerAdapter.onClose(ClientCalls.java:485)
	at org.apache.ratis.thirdparty.io.grpc.internal.ClientCallImpl.closeObserver(ClientCallImpl.java:563)
	at org.apache.ratis.thirdparty.io.grpc.internal.ClientCallImpl.access$300(ClientCallImpl.java:70)
	at org.apache.ratis.thirdparty.io.grpc.internal.ClientCallImpl$ClientStreamListenerImpl$1StreamClosed.runInternal(ClientCallImpl.java:744)
	at org.apache.ratis.thirdparty.io.grpc.internal.ClientCallImpl$ClientStreamListenerImpl$1StreamClosed.runInContext(ClientCallImpl.java:723)
	at org.apache.ratis.thirdparty.io.grpc.internal.ContextRunnable.run(ContextRunnable.java:37)
	at org.apache.ratis.thirdparty.io.grpc.internal.SerializingExecutor.run(SerializingExecutor.java:133)
	at java.util.concurrent.ThreadPoolExecutor.runWorker(ThreadPoolExecutor.java:1149)
	at java.util.concurrent.ThreadPoolExecutor$Worker.run(ThreadPoolExecutor.java:624)
	at java.lang.Thread.run(Thread.java:750)
2023-07-12 21:54:38,647 [grpc-default-executor-2] INFO  server.GrpcServerProtocolService (GrpcServerProtocolService.java:onCompleted(155)) - 8bfbb087-a02a-4d57-b8a9-f8148fb96c2a: Completed APPEND_ENTRIES, lastRequest: null
2023-07-12 21:54:38,648 [grpc-default-executor-2] INFO  server.GrpcServerProtocolService (GrpcServerProtocolService.java:lambda$onCompleted$5(157)) - 8bfbb087-a02a-4d57-b8a9-f8148fb96c2a: Completed APPEND_ENTRIES, lastReply: serverReply {
  requestorId: "fe338567-e8a2-46f7-b85c-9d0af5bd64ed"
  replyId: "8bfbb087-a02a-4d57-b8a9-f8148fb96c2a"
  raftGroupId {
    id: "\327\247\177\301(\245O\367\236]j\363\027\200R|"
  }
  callId: 442
  success: true
}
term: 1
nextIndex: 397
followerCommit: 396
matchIndex: 18446744073709551615
isHearbeat: true

2023-07-12 21:54:38,647 [grpc-default-executor-1] INFO  server.GrpcServerProtocolService (GrpcServerProtocolService.java:onCompleted(155)) - 8bfbb087-a02a-4d57-b8a9-f8148fb96c2a: Completed APPEND_ENTRIES, lastRequest: fe338567-e8a2-46f7-b85c-9d0af5bd64ed->8bfbb087-a02a-4d57-b8a9-f8148fb96c2a#439-t1,previous=(t:1, i:395),leaderCommit=395,initializing? true,entries: size=1, first=(t:1, i:396), METADATAENTRY(c:395)
2023-07-12 21:54:38,648 [grpc-default-executor-1] INFO  server.GrpcServerProtocolService (GrpcServerProtocolService.java:lambda$onCompleted$5(157)) - 8bfbb087-a02a-4d57-b8a9-f8148fb96c2a: Completed APPEND_ENTRIES, lastReply: null
2023-07-12 21:54:38,648 [Thread-1594] INFO  server.GrpcServerProtocolClient (GrpcServerProtocolClient.java:close(103)) - 8bfbb087-a02a-4d57-b8a9-f8148fb96c2a Close channels
2023-07-12 21:54:38,652 [fe338567-e8a2-46f7-b85c-9d0af5bd64ed-impl-thread2] INFO  server.RaftServer$Division (ServerState.java:close(472)) - fe338567-e8a2-46f7-b85c-9d0af5bd64ed@group-6AF31780527C: closes. applyIndex: 396
2023-07-12 21:54:38,653 [ForkJoinPool.commonPool-worker-3] INFO  ozoneimpl.OzoneContainer (OzoneContainer.java:stop(441)) - Attempting to stop container services.
2023-07-12 21:54:38,653 [fe338567-e8a2-46f7-b85c-9d0af5bd64ed-impl-thread1] INFO  server.RaftServer$Division (ServerState.java:close(472)) - fe338567-e8a2-46f7-b85c-9d0af5bd64ed@group-4B50744322CC: closes. applyIndex: 180
2023-07-12 21:54:38,655 [ForkJoinPool.commonPool-worker-3] INFO  server.RaftServer (RaftServerProxy.java:lambda$close$6(416)) - 8bfbb087-a02a-4d57-b8a9-f8148fb96c2a: close
2023-07-12 21:54:38,655 [8bfbb087-a02a-4d57-b8a9-f8148fb96c2a-impl-thread1] INFO  server.RaftServer$Division (RaftServerImpl.java:lambda$close$4(466)) - 8bfbb087-a02a-4d57-b8a9-f8148fb96c2a@group-C213E9F1D19D: shutdown
2023-07-12 21:54:38,655 [8bfbb087-a02a-4d57-b8a9-f8148fb96c2a-impl-thread1] INFO  util.JmxRegister (JmxRegister.java:unregister(73)) - Successfully un-registered JMX Bean with object name Ratis:service=RaftServer,group=group-C213E9F1D19D,id=8bfbb087-a02a-4d57-b8a9-f8148fb96c2a
2023-07-12 21:54:38,655 [8bfbb087-a02a-4d57-b8a9-f8148fb96c2a-impl-thread1] INFO  impl.RoleInfo (RoleInfo.java:shutdownLeaderState(93)) - 8bfbb087-a02a-4d57-b8a9-f8148fb96c2a: shutdown 8bfbb087-a02a-4d57-b8a9-f8148fb96c2a@group-C213E9F1D19D-LeaderStateImpl
2023-07-12 21:54:38,655 [8bfbb087-a02a-4d57-b8a9-f8148fb96c2a-impl-thread2] INFO  server.RaftServer$Division (RaftServerImpl.java:lambda$close$4(466)) - 8bfbb087-a02a-4d57-b8a9-f8148fb96c2a@group-4B50744322CC: shutdown
2023-07-12 21:54:38,655 [8bfbb087-a02a-4d57-b8a9-f8148fb96c2a-impl-thread1] INFO  impl.PendingRequests (PendingRequests.java:sendNotLeaderResponses(289)) - 8bfbb087-a02a-4d57-b8a9-f8148fb96c2a@group-C213E9F1D19D-PendingRequests: sendNotLeaderResponses
2023-07-12 21:54:38,655 [8bfbb087-a02a-4d57-b8a9-f8148fb96c2a-impl-thread2] INFO  util.JmxRegister (JmxRegister.java:unregister(73)) - Successfully un-registered JMX Bean with object name Ratis:service=RaftServer,group=group-4B50744322CC,id=8bfbb087-a02a-4d57-b8a9-f8148fb96c2a
2023-07-12 21:54:38,655 [8bfbb087-a02a-4d57-b8a9-f8148fb96c2a-impl-thread2] INFO  impl.RoleInfo (RoleInfo.java:shutdownFollowerState(110)) - 8bfbb087-a02a-4d57-b8a9-f8148fb96c2a: shutdown 8bfbb087-a02a-4d57-b8a9-f8148fb96c2a@group-4B50744322CC-FollowerState
2023-07-12 21:54:38,655 [ForkJoinPool.commonPool-worker-3] INFO  server.GrpcService (GrpcService.java:closeImpl(311)) - 8bfbb087-a02a-4d57-b8a9-f8148fb96c2a: shutdown server org.apache.ratis.grpc.server.GrpcClientProtocolService now
2023-07-12 21:54:38,655 [8bfbb087-a02a-4d57-b8a9-f8148fb96c2a-impl-thread1] INFO  impl.StateMachineUpdater (StateMachineUpdater.java:stopAndJoin(155)) - 8bfbb087-a02a-4d57-b8a9-f8148fb96c2a@group-C213E9F1D19D-StateMachineUpdater: set stopIndex = 0
2023-07-12 21:54:38,655 [8bfbb087-a02a-4d57-b8a9-f8148fb96c2a@group-C213E9F1D19D-StateMachineUpdater] INFO  ratis.ContainerStateMachine (ContainerStateMachine.java:takeSnapshot(330)) - group-C213E9F1D19D: Taking a snapshot at:(t:1, i:0) file /home/runner/work/ozone/ozone/hadoop-ozone/integration-test/target/test-dir/MiniOzoneClusterImpl-56d3b7f5-b9ba-49a0-a504-54c96578f2cd/datanode-2/data/ratis/ac317425-5b1b-4389-a3bb-c213e9f1d19d/sm/snapshot.1_0
2023-07-12 21:54:38,656 [8bfbb087-a02a-4d57-b8a9-f8148fb96c2a-impl-thread3] INFO  server.RaftServer$Division (RaftServerImpl.java:lambda$close$4(466)) - 8bfbb087-a02a-4d57-b8a9-f8148fb96c2a@group-6AF31780527C: shutdown
2023-07-12 21:54:38,656 [8bfbb087-a02a-4d57-b8a9-f8148fb96c2a-impl-thread3] INFO  util.JmxRegister (JmxRegister.java:unregister(73)) - Successfully un-registered JMX Bean with object name Ratis:service=RaftServer,group=group-6AF31780527C,id=8bfbb087-a02a-4d57-b8a9-f8148fb96c2a
2023-07-12 21:54:38,656 [8bfbb087-a02a-4d57-b8a9-f8148fb96c2a-impl-thread3] INFO  impl.RoleInfo (RoleInfo.java:shutdownFollowerState(110)) - 8bfbb087-a02a-4d57-b8a9-f8148fb96c2a: shutdown 8bfbb087-a02a-4d57-b8a9-f8148fb96c2a@group-6AF31780527C-FollowerState
2023-07-12 21:54:38,656 [8bfbb087-a02a-4d57-b8a9-f8148fb96c2a@group-C213E9F1D19D-StateMachineUpdater] INFO  ratis.ContainerStateMachine (ContainerStateMachine.java:takeSnapshot(341)) - group-C213E9F1D19D: Finished taking a snapshot at:(t:1, i:0) file:/home/runner/work/ozone/ozone/hadoop-ozone/integration-test/target/test-dir/MiniOzoneClusterImpl-56d3b7f5-b9ba-49a0-a504-54c96578f2cd/datanode-2/data/ratis/ac317425-5b1b-4389-a3bb-c213e9f1d19d/sm/snapshot.1_0 took: 1 ms
2023-07-12 21:54:38,656 [8bfbb087-a02a-4d57-b8a9-f8148fb96c2a@group-C213E9F1D19D-StateMachineUpdater] INFO  impl.StateMachineUpdater (StateMachineUpdater.java:takeSnapshot(291)) - 8bfbb087-a02a-4d57-b8a9-f8148fb96c2a@group-C213E9F1D19D-StateMachineUpdater: Took a snapshot at index 0
2023-07-12 21:54:38,656 [8bfbb087-a02a-4d57-b8a9-f8148fb96c2a@group-C213E9F1D19D-StateMachineUpdater] INFO  impl.StateMachineUpdater (StateMachineUpdater.java:lambda$new$0(97)) - 8bfbb087-a02a-4d57-b8a9-f8148fb96c2a@group-C213E9F1D19D-StateMachineUpdater: snapshotIndex: updateIncreasingly -1 -> 0
2023-07-12 21:54:38,656 [8bfbb087-a02a-4d57-b8a9-f8148fb96c2a-impl-thread1] INFO  server.RaftServer$Division (ServerState.java:close(472)) - 8bfbb087-a02a-4d57-b8a9-f8148fb96c2a@group-C213E9F1D19D: closes. applyIndex: 0
2023-07-12 21:54:38,666 [main] INFO  server.GrpcService (GrpcService.java:closeImpl(320)) - 42b4a456-befe-4bab-a9c2-24b02b86258a: shutdown server GrpcServerProtocolService successfully
2023-07-12 21:54:38,666 [main] INFO  server.GrpcService (GrpcService.java:closeImpl(311)) - 42b4a456-befe-4bab-a9c2-24b02b86258a: shutdown server org.apache.ratis.grpc.server.GrpcAdminProtocolService now
2023-07-12 21:54:38,666 [8bfbb087-a02a-4d57-b8a9-f8148fb96c2a-impl-thread3] INFO  impl.StateMachineUpdater (StateMachineUpdater.java:stopAndJoin(155)) - 8bfbb087-a02a-4d57-b8a9-f8148fb96c2a@group-6AF31780527C-StateMachineUpdater: set stopIndex = 396
2023-07-12 21:54:38,667 [8bfbb087-a02a-4d57-b8a9-f8148fb96c2a@group-6AF31780527C-FollowerState] INFO  impl.FollowerState (FollowerState.java:run(152)) - 8bfbb087-a02a-4d57-b8a9-f8148fb96c2a@group-6AF31780527C-FollowerState was interrupted
2023-07-12 21:54:38,667 [8bfbb087-a02a-4d57-b8a9-f8148fb96c2a-impl-thread2] INFO  impl.StateMachineUpdater (StateMachineUpdater.java:stopAndJoin(155)) - 8bfbb087-a02a-4d57-b8a9-f8148fb96c2a@group-4B50744322CC-StateMachineUpdater: set stopIndex = 180
2023-07-12 21:54:38,667 [8bfbb087-a02a-4d57-b8a9-f8148fb96c2a@group-6AF31780527C-StateMachineUpdater] INFO  ratis.ContainerStateMachine (ContainerStateMachine.java:takeSnapshot(330)) - group-6AF31780527C: Taking a snapshot at:(t:1, i:396) file /home/runner/work/ozone/ozone/hadoop-ozone/integration-test/target/test-dir/MiniOzoneClusterImpl-56d3b7f5-b9ba-49a0-a504-54c96578f2cd/datanode-2/data/ratis/d7a77fc1-28a5-4ff7-9e5d-6af31780527c/sm/snapshot.1_396
2023-07-12 21:54:38,667 [8bfbb087-a02a-4d57-b8a9-f8148fb96c2a@group-4B50744322CC-FollowerState] INFO  impl.FollowerState (FollowerState.java:run(152)) - 8bfbb087-a02a-4d57-b8a9-f8148fb96c2a@group-4B50744322CC-FollowerState was interrupted
2023-07-12 21:54:38,669 [8bfbb087-a02a-4d57-b8a9-f8148fb96c2a@group-4B50744322CC-StateMachineUpdater] INFO  ratis.ContainerStateMachine (ContainerStateMachine.java:takeSnapshot(330)) - group-4B50744322CC: Taking a snapshot at:(t:1, i:180) file /home/runner/work/ozone/ozone/hadoop-ozone/integration-test/target/test-dir/MiniOzoneClusterImpl-56d3b7f5-b9ba-49a0-a504-54c96578f2cd/datanode-2/data/ratis/2840e35d-b6e7-49c8-aea9-4b50744322cc/sm/snapshot.1_180
2023-07-12 21:54:38,670 [grpc-default-executor-0] INFO  server.GrpcLogAppender (GrpcLogAppender.java:onCompleted(428)) - fe338567-e8a2-46f7-b85c-9d0af5bd64ed@group-6AF31780527C->8bfbb087-a02a-4d57-b8a9-f8148fb96c2a-AppendLogResponseHandler: follower responses appendEntries COMPLETED
2023-07-12 21:54:38,670 [Thread-1603] INFO  server.GrpcServerProtocolClient (GrpcServerProtocolClient.java:close(103)) - fe338567-e8a2-46f7-b85c-9d0af5bd64ed Close channels
2023-07-12 21:54:38,670 [grpc-default-executor-0] WARN  server.GrpcLogAppender (GrpcLogAppender.java:resetClient(137)) - fe338567-e8a2-46f7-b85c-9d0af5bd64ed@group-6AF31780527C->8bfbb087-a02a-4d57-b8a9-f8148fb96c2a-GrpcLogAppender: Failed to getClient for 8bfbb087-a02a-4d57-b8a9-f8148fb96c2a
org.apache.ratis.protocol.exceptions.AlreadyClosedException: fe338567-e8a2-46f7-b85c-9d0af5bd64ed is already CLOSED
	at org.apache.ratis.util.PeerProxyMap$PeerAndProxy.getProxy(PeerProxyMap.java:61)
	at org.apache.ratis.util.PeerProxyMap.getProxy(PeerProxyMap.java:115)
	at org.apache.ratis.grpc.server.GrpcLogAppender.getClient(GrpcLogAppender.java:112)
	at org.apache.ratis.grpc.server.GrpcLogAppender.resetClient(GrpcLogAppender.java:117)
	at org.apache.ratis.grpc.server.GrpcLogAppender.access$500(GrpcLogAppender.java:56)
	at org.apache.ratis.grpc.server.GrpcLogAppender$AppendLogResponseHandler.onCompleted(GrpcLogAppender.java:429)
	at org.apache.ratis.thirdparty.io.grpc.stub.ClientCalls$StreamObserverToCallListenerAdapter.onClose(ClientCalls.java:485)
	at org.apache.ratis.thirdparty.io.grpc.internal.DelayedClientCall$DelayedListener$3.run(DelayedClientCall.java:471)
	at org.apache.ratis.thirdparty.io.grpc.internal.DelayedClientCall$DelayedListener.delayOrExecute(DelayedClientCall.java:435)
	at org.apache.ratis.thirdparty.io.grpc.internal.DelayedClientCall$DelayedListener.onClose(DelayedClientCall.java:468)
	at org.apache.ratis.thirdparty.io.grpc.internal.ClientCallImpl.closeObserver(ClientCallImpl.java:563)
	at org.apache.ratis.thirdparty.io.grpc.internal.ClientCallImpl.access$300(ClientCallImpl.java:70)
	at org.apache.ratis.thirdparty.io.grpc.internal.ClientCallImpl$ClientStreamListenerImpl$1StreamClosed.runInternal(ClientCallImpl.java:744)
	at org.apache.ratis.thirdparty.io.grpc.internal.ClientCallImpl$ClientStreamListenerImpl$1StreamClosed.runInContext(ClientCallImpl.java:723)
	at org.apache.ratis.thirdparty.io.grpc.internal.ContextRunnable.run(ContextRunnable.java:37)
	at org.apache.ratis.thirdparty.io.grpc.internal.SerializingExecutor.run(SerializingExecutor.java:133)
	at java.util.concurrent.ThreadPoolExecutor.runWorker(ThreadPoolExecutor.java:1149)
	at java.util.concurrent.ThreadPoolExecutor$Worker.run(ThreadPoolExecutor.java:624)
	at java.lang.Thread.run(Thread.java:750)
2023-07-12 21:54:38,671 [8bfbb087-a02a-4d57-b8a9-f8148fb96c2a@group-4B50744322CC-StateMachineUpdater] INFO  ratis.ContainerStateMachine (ContainerStateMachine.java:takeSnapshot(341)) - group-4B50744322CC: Finished taking a snapshot at:(t:1, i:180) file:/home/runner/work/ozone/ozone/hadoop-ozone/integration-test/target/test-dir/MiniOzoneClusterImpl-56d3b7f5-b9ba-49a0-a504-54c96578f2cd/datanode-2/data/ratis/2840e35d-b6e7-49c8-aea9-4b50744322cc/sm/snapshot.1_180 took: 2 ms
2023-07-12 21:54:38,671 [8bfbb087-a02a-4d57-b8a9-f8148fb96c2a@group-4B50744322CC-StateMachineUpdater] INFO  impl.StateMachineUpdater (StateMachineUpdater.java:takeSnapshot(291)) - 8bfbb087-a02a-4d57-b8a9-f8148fb96c2a@group-4B50744322CC-StateMachineUpdater: Took a snapshot at index 180
2023-07-12 21:54:38,671 [8bfbb087-a02a-4d57-b8a9-f8148fb96c2a@group-4B50744322CC-StateMachineUpdater] INFO  impl.StateMachineUpdater (StateMachineUpdater.java:lambda$new$0(97)) - 8bfbb087-a02a-4d57-b8a9-f8148fb96c2a@group-4B50744322CC-StateMachineUpdater: snapshotIndex: updateIncreasingly -1 -> 180
2023-07-12 21:54:38,670 [grpc-default-executor-1] INFO  server.GrpcLogAppender (GrpcLogAppender.java:onCompleted(428)) - fe338567-e8a2-46f7-b85c-9d0af5bd64ed@group-6AF31780527C->8bfbb087-a02a-4d57-b8a9-f8148fb96c2a-AppendLogResponseHandler: follower responses appendEntries COMPLETED
2023-07-12 21:54:38,672 [grpc-default-executor-1] WARN  server.GrpcLogAppender (GrpcLogAppender.java:resetClient(137)) - fe338567-e8a2-46f7-b85c-9d0af5bd64ed@group-6AF31780527C->8bfbb087-a02a-4d57-b8a9-f8148fb96c2a-GrpcLogAppender: Failed to getClient for 8bfbb087-a02a-4d57-b8a9-f8148fb96c2a
org.apache.ratis.protocol.exceptions.AlreadyClosedException: fe338567-e8a2-46f7-b85c-9d0af5bd64ed is already CLOSED
	at org.apache.ratis.util.PeerProxyMap$PeerAndProxy.getProxy(PeerProxyMap.java:61)
	at org.apache.ratis.util.PeerProxyMap.getProxy(PeerProxyMap.java:115)
	at org.apache.ratis.grpc.server.GrpcLogAppender.getClient(GrpcLogAppender.java:112)
	at org.apache.ratis.grpc.server.GrpcLogAppender.resetClient(GrpcLogAppender.java:117)
	at org.apache.ratis.grpc.server.GrpcLogAppender.access$500(GrpcLogAppender.java:56)
	at org.apache.ratis.grpc.server.GrpcLogAppender$AppendLogResponseHandler.onCompleted(GrpcLogAppender.java:429)
	at org.apache.ratis.thirdparty.io.grpc.stub.ClientCalls$StreamObserverToCallListenerAdapter.onClose(ClientCalls.java:485)
	at org.apache.ratis.thirdparty.io.grpc.internal.ClientCallImpl.closeObserver(ClientCallImpl.java:563)
	at org.apache.ratis.thirdparty.io.grpc.internal.ClientCallImpl.access$300(ClientCallImpl.java:70)
	at org.apache.ratis.thirdparty.io.grpc.internal.ClientCallImpl$ClientStreamListenerImpl$1StreamClosed.runInternal(ClientCallImpl.java:744)
	at org.apache.ratis.thirdparty.io.grpc.internal.ClientCallImpl$ClientStreamListenerImpl$1StreamClosed.runInContext(ClientCallImpl.java:723)
	at org.apache.ratis.thirdparty.io.grpc.internal.ContextRunnable.run(ContextRunnable.java:37)
	at org.apache.ratis.thirdparty.io.grpc.internal.SerializingExecutor.run(SerializingExecutor.java:133)
	at java.util.concurrent.ThreadPoolExecutor.runWorker(ThreadPoolExecutor.java:1149)
	at java.util.concurrent.ThreadPoolExecutor$Worker.run(ThreadPoolExecutor.java:624)
	at java.lang.Thread.run(Thread.java:750)
2023-07-12 21:54:38,670 [Thread-1601] INFO  server.GrpcServerProtocolClient (GrpcServerProtocolClient.java:close(103)) - 42b4a456-befe-4bab-a9c2-24b02b86258a Close channels
2023-07-12 21:54:38,672 [8bfbb087-a02a-4d57-b8a9-f8148fb96c2a-impl-thread2] INFO  server.RaftServer$Division (ServerState.java:close(472)) - 8bfbb087-a02a-4d57-b8a9-f8148fb96c2a@group-4B50744322CC: closes. applyIndex: 180
2023-07-12 21:54:38,672 [8bfbb087-a02a-4d57-b8a9-f8148fb96c2a@group-6AF31780527C-StateMachineUpdater] INFO  ratis.ContainerStateMachine (ContainerStateMachine.java:takeSnapshot(341)) - group-6AF31780527C: Finished taking a snapshot at:(t:1, i:396) file:/home/runner/work/ozone/ozone/hadoop-ozone/integration-test/target/test-dir/MiniOzoneClusterImpl-56d3b7f5-b9ba-49a0-a504-54c96578f2cd/datanode-2/data/ratis/d7a77fc1-28a5-4ff7-9e5d-6af31780527c/sm/snapshot.1_396 took: 6 ms
2023-07-12 21:54:38,673 [8bfbb087-a02a-4d57-b8a9-f8148fb96c2a@group-6AF31780527C-StateMachineUpdater] INFO  impl.StateMachineUpdater (StateMachineUpdater.java:takeSnapshot(291)) - 8bfbb087-a02a-4d57-b8a9-f8148fb96c2a@group-6AF31780527C-StateMachineUpdater: Took a snapshot at index 396
2023-07-12 21:54:38,673 [8bfbb087-a02a-4d57-b8a9-f8148fb96c2a@group-6AF31780527C-StateMachineUpdater] INFO  impl.StateMachineUpdater (StateMachineUpdater.java:lambda$new$0(97)) - 8bfbb087-a02a-4d57-b8a9-f8148fb96c2a@group-6AF31780527C-StateMachineUpdater: snapshotIndex: updateIncreasingly -1 -> 396
2023-07-12 21:54:38,674 [ForkJoinPool.commonPool-worker-2] INFO  server.GrpcService (GrpcService.java:closeImpl(320)) - fe338567-e8a2-46f7-b85c-9d0af5bd64ed: shutdown server org.apache.ratis.grpc.server.GrpcClientProtocolService successfully
2023-07-12 21:54:38,674 [ForkJoinPool.commonPool-worker-2] INFO  server.GrpcService (GrpcService.java:closeImpl(311)) - fe338567-e8a2-46f7-b85c-9d0af5bd64ed: shutdown server GrpcServerProtocolService now
2023-07-12 21:54:38,675 [ForkJoinPool.commonPool-worker-3] INFO  server.GrpcService (GrpcService.java:closeImpl(320)) - 8bfbb087-a02a-4d57-b8a9-f8148fb96c2a: shutdown server org.apache.ratis.grpc.server.GrpcClientProtocolService successfully
2023-07-12 21:54:38,675 [ForkJoinPool.commonPool-worker-3] INFO  server.GrpcService (GrpcService.java:closeImpl(311)) - 8bfbb087-a02a-4d57-b8a9-f8148fb96c2a: shutdown server GrpcServerProtocolService now
2023-07-12 21:54:38,675 [8bfbb087-a02a-4d57-b8a9-f8148fb96c2a-impl-thread3] INFO  server.RaftServer$Division (ServerState.java:close(472)) - 8bfbb087-a02a-4d57-b8a9-f8148fb96c2a@group-6AF31780527C: closes. applyIndex: 396
2023-07-12 21:54:38,676 [main] INFO  server.GrpcService (GrpcService.java:closeImpl(320)) - 42b4a456-befe-4bab-a9c2-24b02b86258a: shutdown server org.apache.ratis.grpc.server.GrpcAdminProtocolService successfully
2023-07-12 21:54:38,677 [ForkJoinPool.commonPool-worker-2] INFO  server.GrpcService (GrpcService.java:closeImpl(320)) - fe338567-e8a2-46f7-b85c-9d0af5bd64ed: shutdown server GrpcServerProtocolService successfully
2023-07-12 21:54:38,677 [ForkJoinPool.commonPool-worker-2] INFO  server.GrpcService (GrpcService.java:closeImpl(311)) - fe338567-e8a2-46f7-b85c-9d0af5bd64ed: shutdown server org.apache.ratis.grpc.server.GrpcAdminProtocolService now
2023-07-12 21:54:38,681 [42b4a456-befe-4bab-a9c2-24b02b86258a-NettyServerStreamRpc-bossGroup--thread1] INFO  logging.LoggingHandler (AbstractInternalLogger.java:log(148)) - [id: 0x695a1209, L:/0:0:0:0:0:0:0:0:15059] CLOSE
2023-07-12 21:54:38,681 [42b4a456-befe-4bab-a9c2-24b02b86258a-NettyServerStreamRpc-bossGroup--thread1] INFO  logging.LoggingHandler (AbstractInternalLogger.java:log(148)) - [id: 0x695a1209, L:/0:0:0:0:0:0:0:0:15059] INACTIVE
2023-07-12 21:54:38,681 [42b4a456-befe-4bab-a9c2-24b02b86258a-NettyServerStreamRpc-bossGroup--thread1] INFO  logging.LoggingHandler (AbstractInternalLogger.java:log(148)) - [id: 0x695a1209, L:/0:0:0:0:0:0:0:0:15059] UNREGISTERED
2023-07-12 21:54:38,685 [ForkJoinPool.commonPool-worker-3] INFO  server.GrpcService (GrpcService.java:closeImpl(320)) - 8bfbb087-a02a-4d57-b8a9-f8148fb96c2a: shutdown server GrpcServerProtocolService successfully
2023-07-12 21:54:38,685 [ForkJoinPool.commonPool-worker-3] INFO  server.GrpcService (GrpcService.java:closeImpl(311)) - 8bfbb087-a02a-4d57-b8a9-f8148fb96c2a: shutdown server org.apache.ratis.grpc.server.GrpcAdminProtocolService now
2023-07-12 21:54:38,690 [8bfbb087-a02a-4d57-b8a9-f8148fb96c2a-impl-thread1] INFO  segmented.SegmentedRaftLogWorker (SegmentedRaftLogWorker.java:close(252)) - 8bfbb087-a02a-4d57-b8a9-f8148fb96c2a@group-C213E9F1D19D-SegmentedRaftLogWorker close()
2023-07-12 21:54:38,694 [ForkJoinPool.commonPool-worker-2] INFO  server.GrpcService (GrpcService.java:closeImpl(320)) - fe338567-e8a2-46f7-b85c-9d0af5bd64ed: shutdown server org.apache.ratis.grpc.server.GrpcAdminProtocolService successfully
2023-07-12 21:54:38,694 [fe338567-e8a2-46f7-b85c-9d0af5bd64ed-NettyServerStreamRpc-bossGroup--thread1] INFO  logging.LoggingHandler (AbstractInternalLogger.java:log(148)) - [id: 0x6a0f6ee7, L:/0:0:0:0:0:0:0:0:15050] CLOSE
2023-07-12 21:54:38,694 [fe338567-e8a2-46f7-b85c-9d0af5bd64ed-NettyServerStreamRpc-bossGroup--thread1] INFO  logging.LoggingHandler (AbstractInternalLogger.java:log(148)) - [id: 0x6a0f6ee7, L:/0:0:0:0:0:0:0:0:15050] INACTIVE
2023-07-12 21:54:38,694 [fe338567-e8a2-46f7-b85c-9d0af5bd64ed-NettyServerStreamRpc-bossGroup--thread1] INFO  logging.LoggingHandler (AbstractInternalLogger.java:log(148)) - [id: 0x6a0f6ee7, L:/0:0:0:0:0:0:0:0:15050] UNREGISTERED
2023-07-12 21:54:38,695 [ForkJoinPool.commonPool-worker-3] INFO  server.GrpcService (GrpcService.java:closeImpl(320)) - 8bfbb087-a02a-4d57-b8a9-f8148fb96c2a: shutdown server org.apache.ratis.grpc.server.GrpcAdminProtocolService successfully
2023-07-12 21:54:38,696 [8bfbb087-a02a-4d57-b8a9-f8148fb96c2a-NettyServerStreamRpc-bossGroup--thread1] INFO  logging.LoggingHandler (AbstractInternalLogger.java:log(148)) - [id: 0xb92b8262, L:/0:0:0:0:0:0:0:0:15068] CLOSE
2023-07-12 21:54:38,696 [8bfbb087-a02a-4d57-b8a9-f8148fb96c2a-NettyServerStreamRpc-bossGroup--thread1] INFO  logging.LoggingHandler (AbstractInternalLogger.java:log(148)) - [id: 0xb92b8262, L:/0:0:0:0:0:0:0:0:15068] INACTIVE
2023-07-12 21:54:38,696 [8bfbb087-a02a-4d57-b8a9-f8148fb96c2a-NettyServerStreamRpc-bossGroup--thread1] INFO  logging.LoggingHandler (AbstractInternalLogger.java:log(148)) - [id: 0xb92b8262, L:/0:0:0:0:0:0:0:0:15068] UNREGISTERED
2023-07-12 21:54:38,762 [fe338567-e8a2-46f7-b85c-9d0af5bd64ed-impl-thread2] INFO  segmented.SegmentedRaftLogWorker (SegmentedRaftLogWorker.java:close(252)) - fe338567-e8a2-46f7-b85c-9d0af5bd64ed@group-6AF31780527C-SegmentedRaftLogWorker close()
2023-07-12 21:54:38,772 [8bfbb087-a02a-4d57-b8a9-f8148fb96c2a-impl-thread3] INFO  segmented.SegmentedRaftLogWorker (SegmentedRaftLogWorker.java:close(252)) - 8bfbb087-a02a-4d57-b8a9-f8148fb96c2a@group-6AF31780527C-SegmentedRaftLogWorker close()
2023-07-12 21:54:38,773 [42b4a456-befe-4bab-a9c2-24b02b86258a-impl-thread3] INFO  segmented.SegmentedRaftLogWorker (SegmentedRaftLogWorker.java:close(252)) - 42b4a456-befe-4bab-a9c2-24b02b86258a@group-6AF31780527C-SegmentedRaftLogWorker close()
2023-07-12 21:54:38,949 [fe338567-e8a2-46f7-b85c-9d0af5bd64ed-impl-thread3] INFO  segmented.SegmentedRaftLogWorker (SegmentedRaftLogWorker.java:close(252)) - fe338567-e8a2-46f7-b85c-9d0af5bd64ed@group-A9E476FB6093-SegmentedRaftLogWorker close()
2023-07-12 21:54:39,395 [42b4a456-befe-4bab-a9c2-24b02b86258a-impl-thread2] INFO  segmented.SegmentedRaftLogWorker (SegmentedRaftLogWorker.java:close(252)) - 42b4a456-befe-4bab-a9c2-24b02b86258a@group-4B50744322CC-SegmentedRaftLogWorker close()
2023-07-12 21:54:39,404 [fe338567-e8a2-46f7-b85c-9d0af5bd64ed-impl-thread1] INFO  segmented.SegmentedRaftLogWorker (SegmentedRaftLogWorker.java:close(252)) - fe338567-e8a2-46f7-b85c-9d0af5bd64ed@group-4B50744322CC-SegmentedRaftLogWorker close()
2023-07-12 21:54:39,404 [8bfbb087-a02a-4d57-b8a9-f8148fb96c2a-impl-thread2] INFO  segmented.SegmentedRaftLogWorker (SegmentedRaftLogWorker.java:close(252)) - 8bfbb087-a02a-4d57-b8a9-f8148fb96c2a@group-4B50744322CC-SegmentedRaftLogWorker close()
2023-07-12 21:54:39,405 [JvmPauseMonitor7] INFO  util.JvmPauseMonitor (JvmPauseMonitor.java:run(109)) - JvmPauseMonitor-fe338567-e8a2-46f7-b85c-9d0af5bd64ed: Stopped
2023-07-12 21:54:39,406 [JvmPauseMonitor9] INFO  util.JvmPauseMonitor (JvmPauseMonitor.java:run(109)) - JvmPauseMonitor-8bfbb087-a02a-4d57-b8a9-f8148fb96c2a: Stopped
2023-07-12 21:54:39,530 [42b4a456-befe-4bab-a9c2-24b02b86258a-impl-thread1] INFO  segmented.SegmentedRaftLogWorker (SegmentedRaftLogWorker.java:close(252)) - 42b4a456-befe-4bab-a9c2-24b02b86258a@group-093BB777CD5C-SegmentedRaftLogWorker close()
2023-07-12 21:54:39,531 [JvmPauseMonitor8] INFO  util.JvmPauseMonitor (JvmPauseMonitor.java:run(109)) - JvmPauseMonitor-42b4a456-befe-4bab-a9c2-24b02b86258a: Stopped
2023-07-12 21:54:41,409 [ForkJoinPool.commonPool-worker-2] INFO  utils.DatanodeStoreCache (DatanodeStoreCache.java:shutdownCache(110)) - Skip clearing cache in mini cluster mode. Entries left: [/home/runner/work/ozone/ozone/hadoop-ozone/integration-test/target/test-dir/MiniOzoneClusterImpl-56d3b7f5-b9ba-49a0-a504-54c96578f2cd/datanode-0/data-0/containers/hdds/56d3b7f5-b9ba-49a0-a504-54c96578f2cd/DS-2600c7bb-cdf9-4d02-8fbb-7faa18a8e479/container.db, /home/runner/work/ozone/ozone/hadoop-ozone/integration-test/target/test-dir/MiniOzoneClusterImpl-56d3b7f5-b9ba-49a0-a504-54c96578f2cd/datanode-1/data-0/containers/hdds/56d3b7f5-b9ba-49a0-a504-54c96578f2cd/DS-c9b2c390-2dfc-4ffe-9df4-d68667ef7225/container.db, /home/runner/work/ozone/ozone/hadoop-ozone/integration-test/target/test-dir/MiniOzoneClusterImpl-56d3b7f5-b9ba-49a0-a504-54c96578f2cd/datanode-2/data-0/containers/hdds/56d3b7f5-b9ba-49a0-a504-54c96578f2cd/DS-09b7df42-49cd-4f75-ab54-312809370447/container.db]
2023-07-12 21:54:41,410 [ForkJoinPool.commonPool-worker-3] INFO  utils.DatanodeStoreCache (DatanodeStoreCache.java:shutdownCache(110)) - Skip clearing cache in mini cluster mode. Entries left: [/home/runner/work/ozone/ozone/hadoop-ozone/integration-test/target/test-dir/MiniOzoneClusterImpl-56d3b7f5-b9ba-49a0-a504-54c96578f2cd/datanode-0/data-0/containers/hdds/56d3b7f5-b9ba-49a0-a504-54c96578f2cd/DS-2600c7bb-cdf9-4d02-8fbb-7faa18a8e479/container.db, /home/runner/work/ozone/ozone/hadoop-ozone/integration-test/target/test-dir/MiniOzoneClusterImpl-56d3b7f5-b9ba-49a0-a504-54c96578f2cd/datanode-1/data-0/containers/hdds/56d3b7f5-b9ba-49a0-a504-54c96578f2cd/DS-c9b2c390-2dfc-4ffe-9df4-d68667ef7225/container.db, /home/runner/work/ozone/ozone/hadoop-ozone/integration-test/target/test-dir/MiniOzoneClusterImpl-56d3b7f5-b9ba-49a0-a504-54c96578f2cd/datanode-2/data-0/containers/hdds/56d3b7f5-b9ba-49a0-a504-54c96578f2cd/DS-09b7df42-49cd-4f75-ab54-312809370447/container.db]
2023-07-12 21:54:41,416 [ForkJoinPool.commonPool-worker-3] INFO  utils.DatanodeStoreCache (DatanodeStoreCache.java:removeDB(104)) - Removed db /home/runner/work/ozone/ozone/hadoop-ozone/integration-test/target/test-dir/MiniOzoneClusterImpl-56d3b7f5-b9ba-49a0-a504-54c96578f2cd/datanode-2/data-0/containers/hdds/56d3b7f5-b9ba-49a0-a504-54c96578f2cd/DS-09b7df42-49cd-4f75-ab54-312809370447/container.db from cache
2023-07-12 21:54:41,416 [ForkJoinPool.commonPool-worker-2] INFO  utils.DatanodeStoreCache (DatanodeStoreCache.java:removeDB(104)) - Removed db /home/runner/work/ozone/ozone/hadoop-ozone/integration-test/target/test-dir/MiniOzoneClusterImpl-56d3b7f5-b9ba-49a0-a504-54c96578f2cd/datanode-0/data-0/containers/hdds/56d3b7f5-b9ba-49a0-a504-54c96578f2cd/DS-2600c7bb-cdf9-4d02-8fbb-7faa18a8e479/container.db from cache
2023-07-12 21:54:41,416 [ForkJoinPool.commonPool-worker-2] INFO  volume.HddsVolume (HddsVolume.java:closeDbStore(509)) - SchemaV3 db is stopped at /home/runner/work/ozone/ozone/hadoop-ozone/integration-test/target/test-dir/MiniOzoneClusterImpl-56d3b7f5-b9ba-49a0-a504-54c96578f2cd/datanode-0/data-0/containers/hdds/56d3b7f5-b9ba-49a0-a504-54c96578f2cd/DS-2600c7bb-cdf9-4d02-8fbb-7faa18a8e479/container.db for volume DS-2600c7bb-cdf9-4d02-8fbb-7faa18a8e479
2023-07-12 21:54:41,416 [ForkJoinPool.commonPool-worker-3] INFO  volume.HddsVolume (HddsVolume.java:closeDbStore(509)) - SchemaV3 db is stopped at /home/runner/work/ozone/ozone/hadoop-ozone/integration-test/target/test-dir/MiniOzoneClusterImpl-56d3b7f5-b9ba-49a0-a504-54c96578f2cd/datanode-2/data-0/containers/hdds/56d3b7f5-b9ba-49a0-a504-54c96578f2cd/DS-09b7df42-49cd-4f75-ab54-312809370447/container.db for volume DS-09b7df42-49cd-4f75-ab54-312809370447
2023-07-12 21:54:41,416 [ForkJoinPool.commonPool-worker-3] INFO  utils.BackgroundService (BackgroundService.java:shutdown(141)) - Shutting down service BlockDeletingService
2023-07-12 21:54:41,416 [ForkJoinPool.commonPool-worker-2] INFO  utils.BackgroundService (BackgroundService.java:shutdown(141)) - Shutting down service BlockDeletingService
2023-07-12 21:54:41,417 [ForkJoinPool.commonPool-worker-3] INFO  utils.BackgroundService (BackgroundService.java:shutdown(141)) - Shutting down service StaleRecoveringContainerScrubbingService
2023-07-12 21:54:41,417 [ForkJoinPool.commonPool-worker-2] INFO  utils.BackgroundService (BackgroundService.java:shutdown(141)) - Shutting down service StaleRecoveringContainerScrubbingService
2023-07-12 21:54:41,419 [ForkJoinPool.commonPool-worker-3] INFO  statemachine.DatanodeStateMachine (DatanodeStateMachine.java:stopDaemon(613)) - Ozone container server stopped.
2023-07-12 21:54:41,420 [ForkJoinPool.commonPool-worker-2] INFO  statemachine.DatanodeStateMachine (DatanodeStateMachine.java:stopDaemon(613)) - Ozone container server stopped.
2023-07-12 21:54:41,433 [ForkJoinPool.commonPool-worker-3] INFO  handler.ContextHandler (ContextHandler.java:doStop(1159)) - Stopped o.e.j.w.WebAppContext@e14c5e7{hddsDatanode,/,null,STOPPED}{jar:file:/home/runner/.m2/repository/org/apache/ozone/hdds-container-service/1.4.0-SNAPSHOT/hdds-container-service-1.4.0-SNAPSHOT.jar!/webapps/hddsDatanode}
2023-07-12 21:54:41,435 [ForkJoinPool.commonPool-worker-3] INFO  server.AbstractConnector (AbstractConnector.java:doStop(383)) - Stopped ServerConnector@f5e34c3{HTTP/1.1, (http/1.1)}{0.0.0.0:15062}
2023-07-12 21:54:41,435 [ForkJoinPool.commonPool-worker-3] INFO  server.session (HouseKeeper.java:stopScavenging(149)) - node0 Stopped scavenging
2023-07-12 21:54:41,436 [ForkJoinPool.commonPool-worker-3] INFO  handler.ContextHandler (ContextHandler.java:doStop(1159)) - Stopped o.e.j.s.ServletContextHandler@364a83d{static,/static,jar:file:/home/runner/.m2/repository/org/apache/ozone/hdds-container-service/1.4.0-SNAPSHOT/hdds-container-service-1.4.0-SNAPSHOT.jar!/webapps/static,STOPPED}
2023-07-12 21:54:41,436 [ForkJoinPool.commonPool-worker-2] INFO  handler.ContextHandler (ContextHandler.java:doStop(1159)) - Stopped o.e.j.w.WebAppContext@780b1d6d{hddsDatanode,/,null,STOPPED}{jar:file:/home/runner/.m2/repository/org/apache/ozone/hdds-container-service/1.4.0-SNAPSHOT/hdds-container-service-1.4.0-SNAPSHOT.jar!/webapps/hddsDatanode}
2023-07-12 21:54:41,437 [ForkJoinPool.commonPool-worker-2] INFO  server.AbstractConnector (AbstractConnector.java:doStop(383)) - Stopped ServerConnector@2ac92f5d{HTTP/1.1, (http/1.1)}{0.0.0.0:15044}
2023-07-12 21:54:41,437 [ForkJoinPool.commonPool-worker-2] INFO  server.session (HouseKeeper.java:stopScavenging(149)) - node0 Stopped scavenging
2023-07-12 21:54:41,437 [ForkJoinPool.commonPool-worker-3] INFO  handler.ContextHandler (ContextHandler.java:doStop(1159)) - Stopped o.e.j.s.ServletContextHandler@69c94bb7{logs,/logs,file:///home/runner/work/ozone/ozone/hadoop-ozone/integration-test/target/log,STOPPED}
2023-07-12 21:54:41,437 [ForkJoinPool.commonPool-worker-2] INFO  handler.ContextHandler (ContextHandler.java:doStop(1159)) - Stopped o.e.j.s.ServletContextHandler@52039841{static,/static,jar:file:/home/runner/.m2/repository/org/apache/ozone/hdds-container-service/1.4.0-SNAPSHOT/hdds-container-service-1.4.0-SNAPSHOT.jar!/webapps/static,STOPPED}
2023-07-12 21:54:41,438 [ForkJoinPool.commonPool-worker-2] INFO  handler.ContextHandler (ContextHandler.java:doStop(1159)) - Stopped o.e.j.s.ServletContextHandler@1789e253{logs,/logs,file:///home/runner/work/ozone/ozone/hadoop-ozone/integration-test/target/log,STOPPED}
2023-07-12 21:54:41,438 [ForkJoinPool.commonPool-worker-3] INFO  ozone.HddsDatanodeClientProtocolServer (HddsDatanodeClientProtocolServer.java:stop(78)) - Stopping the RPC server for Client Protocol
2023-07-12 21:54:41,439 [ForkJoinPool.commonPool-worker-2] INFO  ozone.HddsDatanodeClientProtocolServer (HddsDatanodeClientProtocolServer.java:stop(78)) - Stopping the RPC server for Client Protocol
2023-07-12 21:54:41,439 [ForkJoinPool.commonPool-worker-3] INFO  ipc.Server (Server.java:stop(3523)) - Stopping server on 15063
2023-07-12 21:54:41,440 [IPC Server listener on 15063] INFO  ipc.Server (Server.java:run(1434)) - Stopping IPC Server listener on 15063
2023-07-12 21:54:41,440 [ForkJoinPool.commonPool-worker-2] INFO  ipc.Server (Server.java:stop(3523)) - Stopping server on 15045
2023-07-12 21:54:41,440 [IPC Server Responder] INFO  ipc.Server (Server.java:run(1567)) - Stopping IPC Server Responder
2023-07-12 21:54:41,441 [IPC Server listener on 15045] INFO  ipc.Server (Server.java:run(1434)) - Stopping IPC Server listener on 15045
2023-07-12 21:54:41,443 [IPC Server Responder] INFO  ipc.Server (Server.java:run(1567)) - Stopping IPC Server Responder
2023-07-12 21:54:41,536 [main] INFO  utils.DatanodeStoreCache (DatanodeStoreCache.java:shutdownCache(110)) - Skip clearing cache in mini cluster mode. Entries left: [/home/runner/work/ozone/ozone/hadoop-ozone/integration-test/target/test-dir/MiniOzoneClusterImpl-56d3b7f5-b9ba-49a0-a504-54c96578f2cd/datanode-1/data-0/containers/hdds/56d3b7f5-b9ba-49a0-a504-54c96578f2cd/DS-c9b2c390-2dfc-4ffe-9df4-d68667ef7225/container.db]
2023-07-12 21:54:41,537 [main] INFO  utils.DatanodeStoreCache (DatanodeStoreCache.java:removeDB(104)) - Removed db /home/runner/work/ozone/ozone/hadoop-ozone/integration-test/target/test-dir/MiniOzoneClusterImpl-56d3b7f5-b9ba-49a0-a504-54c96578f2cd/datanode-1/data-0/containers/hdds/56d3b7f5-b9ba-49a0-a504-54c96578f2cd/DS-c9b2c390-2dfc-4ffe-9df4-d68667ef7225/container.db from cache
2023-07-12 21:54:41,537 [main] INFO  volume.HddsVolume (HddsVolume.java:closeDbStore(509)) - SchemaV3 db is stopped at /home/runner/work/ozone/ozone/hadoop-ozone/integration-test/target/test-dir/MiniOzoneClusterImpl-56d3b7f5-b9ba-49a0-a504-54c96578f2cd/datanode-1/data-0/containers/hdds/56d3b7f5-b9ba-49a0-a504-54c96578f2cd/DS-c9b2c390-2dfc-4ffe-9df4-d68667ef7225/container.db for volume DS-c9b2c390-2dfc-4ffe-9df4-d68667ef7225
2023-07-12 21:54:41,537 [main] INFO  utils.BackgroundService (BackgroundService.java:shutdown(141)) - Shutting down service BlockDeletingService
2023-07-12 21:54:41,537 [main] INFO  utils.BackgroundService (BackgroundService.java:shutdown(141)) - Shutting down service StaleRecoveringContainerScrubbingService
2023-07-12 21:54:41,539 [main] INFO  statemachine.DatanodeStateMachine (DatanodeStateMachine.java:stopDaemon(613)) - Ozone container server stopped.
2023-07-12 21:54:41,548 [main] INFO  handler.ContextHandler (ContextHandler.java:doStop(1159)) - Stopped o.e.j.w.WebAppContext@6db1b0c{hddsDatanode,/,null,STOPPED}{jar:file:/home/runner/.m2/repository/org/apache/ozone/hdds-container-service/1.4.0-SNAPSHOT/hdds-container-service-1.4.0-SNAPSHOT.jar!/webapps/hddsDatanode}
2023-07-12 21:54:41,549 [main] INFO  server.AbstractConnector (AbstractConnector.java:doStop(383)) - Stopped ServerConnector@7f469f43{HTTP/1.1, (http/1.1)}{0.0.0.0:15053}
2023-07-12 21:54:41,549 [main] INFO  server.session (HouseKeeper.java:stopScavenging(149)) - node0 Stopped scavenging
2023-07-12 21:54:41,549 [main] INFO  handler.ContextHandler (ContextHandler.java:doStop(1159)) - Stopped o.e.j.s.ServletContextHandler@37f63be5{static,/static,jar:file:/home/runner/.m2/repository/org/apache/ozone/hdds-container-service/1.4.0-SNAPSHOT/hdds-container-service-1.4.0-SNAPSHOT.jar!/webapps/static,STOPPED}
2023-07-12 21:54:41,550 [main] INFO  handler.ContextHandler (ContextHandler.java:doStop(1159)) - Stopped o.e.j.s.ServletContextHandler@2d633926{logs,/logs,file:///home/runner/work/ozone/ozone/hadoop-ozone/integration-test/target/log,STOPPED}
2023-07-12 21:54:41,550 [main] INFO  ozone.HddsDatanodeClientProtocolServer (HddsDatanodeClientProtocolServer.java:stop(78)) - Stopping the RPC server for Client Protocol
2023-07-12 21:54:41,550 [main] INFO  ipc.Server (Server.java:stop(3523)) - Stopping server on 15054
2023-07-12 21:54:41,551 [IPC Server listener on 15054] INFO  ipc.Server (Server.java:run(1434)) - Stopping IPC Server listener on 15054
2023-07-12 21:54:41,554 [IPC Server Responder] INFO  ipc.Server (Server.java:run(1567)) - Stopping IPC Server Responder
2023-07-12 21:54:41,554 [main] INFO  ozone.MiniOzoneClusterImpl (MiniOzoneClusterImpl.java:stopSCM(543)) - Stopping the StorageContainerManager
2023-07-12 21:54:41,554 [main] INFO  server.StorageContainerManager (StorageContainerManager.java:stop(1590)) - Container Balancer is not running.
2023-07-12 21:54:41,555 [main] INFO  server.StorageContainerManager (StorageContainerManager.java:stopReplicationManager(1723)) - Stopping Replication Manager Service.
2023-07-12 21:54:41,555 [main] INFO  replication.ReplicationManager (ReplicationManager.java:stop(319)) - Stopping Replication Monitor Thread.
2023-07-12 21:54:41,555 [Under Replicated Processor] WARN  replication.UnhealthyReplicationProcessor (UnhealthyReplicationProcessor.java:run(180)) - Under Replicated Processor interrupted. Exiting...
2023-07-12 21:54:41,555 [main] INFO  server.StorageContainerManager (StorageContainerManager.java:stop(1599)) - Stopping the Datanode Admin Monitor.
2023-07-12 21:54:41,555 [ReplicationMonitor] INFO  replication.ReplicationManager (ReplicationManager.java:run(917)) - Replication Monitor Thread is stopped
2023-07-12 21:54:41,555 [main] INFO  server.StorageContainerManager (StorageContainerManager.java:stop(1606)) - Stopping datanode service RPC server
2023-07-12 21:54:41,555 [main] INFO  server.SCMDatanodeProtocolServer (SCMDatanodeProtocolServer.java:stop(424)) - Stopping the RPC server for DataNodes
2023-07-12 21:54:41,555 [Over Replicated Processor] WARN  replication.UnhealthyReplicationProcessor (UnhealthyReplicationProcessor.java:run(180)) - Over Replicated Processor interrupted. Exiting...
2023-07-12 21:54:41,555 [main] INFO  ipc.Server (Server.java:stop(3523)) - Stopping server on 15037
2023-07-12 21:54:41,557 [IPC Server listener on 15037] INFO  ipc.Server (Server.java:run(1434)) - Stopping IPC Server listener on 15037
2023-07-12 21:54:41,558 [IPC Server Responder] INFO  ipc.Server (Server.java:run(1567)) - Stopping IPC Server Responder
2023-07-12 21:54:41,646 [SCM Heartbeat Processing Thread - 0] WARN  node.NodeStateManager (NodeStateManager.java:scheduleNextHealthCheck(874)) - Current Thread is interrupted, shutting down HB processing thread for Node Manager.
2023-07-12 21:54:41,647 [main] INFO  server.StorageContainerManager (StorageContainerManager.java:stop(1614)) - Stopping block service RPC server
2023-07-12 21:54:41,647 [main] INFO  server.SCMBlockProtocolServer (SCMBlockProtocolServer.java:stop(161)) - Stopping the RPC server for Block Protocol
2023-07-12 21:54:41,647 [main] INFO  ipc.Server (Server.java:stop(3523)) - Stopping server on 15036
2023-07-12 21:54:41,648 [IPC Server Responder] INFO  ipc.Server (Server.java:run(1567)) - Stopping IPC Server Responder
2023-07-12 21:54:41,648 [main] INFO  server.StorageContainerManager (StorageContainerManager.java:stop(1621)) - Stopping the StorageContainerLocationProtocol RPC server
2023-07-12 21:54:41,649 [main] INFO  server.SCMClientProtocolServer (SCMClientProtocolServer.java:stop(209)) - Stopping the RPC server for Client Protocol
2023-07-12 21:54:41,649 [main] INFO  ipc.Server (Server.java:stop(3523)) - Stopping server on 15035
2023-07-12 21:54:41,649 [IPC Server listener on 15036] INFO  ipc.Server (Server.java:run(1434)) - Stopping IPC Server listener on 15036
2023-07-12 21:54:41,650 [IPC Server listener on 15035] INFO  ipc.Server (Server.java:run(1434)) - Stopping IPC Server listener on 15035
2023-07-12 21:54:41,650 [IPC Server Responder] INFO  ipc.Server (Server.java:run(1567)) - Stopping IPC Server Responder
2023-07-12 21:54:41,654 [main] INFO  server.StorageContainerManager (StorageContainerManager.java:stop(1628)) - Stopping Storage Container Manager HTTP server.
2023-07-12 21:54:41,656 [main] INFO  handler.ContextHandler (ContextHandler.java:doStop(1159)) - Stopped o.e.j.w.WebAppContext@ae46471{scm,/,null,STOPPED}{file:/home/runner/work/ozone/ozone/hadoop-ozone/integration-test/target/test-classes/webapps/scm}
2023-07-12 21:54:41,656 [main] INFO  server.AbstractConnector (AbstractConnector.java:doStop(383)) - Stopped ServerConnector@4931a819{HTTP/1.1, (http/1.1)}{0.0.0.0:15038}
2023-07-12 21:54:41,657 [main] INFO  server.session (HouseKeeper.java:stopScavenging(149)) - node0 Stopped scavenging
2023-07-12 21:54:41,657 [main] INFO  handler.ContextHandler (ContextHandler.java:doStop(1159)) - Stopped o.e.j.s.ServletContextHandler@26d71aeb{static,/static,file:///home/runner/work/ozone/ozone/hadoop-ozone/integration-test/target/test-classes/webapps/static,STOPPED}
2023-07-12 21:54:41,657 [main] INFO  handler.ContextHandler (ContextHandler.java:doStop(1159)) - Stopped o.e.j.s.ServletContextHandler@4841bb70{logs,/logs,file:///home/runner/work/ozone/ozone/hadoop-ozone/integration-test/target/log,STOPPED}
2023-07-12 21:54:41,658 [main] INFO  server.StorageContainerManager (StorageContainerManager.java:stop(1636)) - Stopping SCM LayoutVersionManager Service.
2023-07-12 21:54:41,658 [main] INFO  server.StorageContainerManager (StorageContainerManager.java:stop(1648)) - Stopping Block Manager Service.
2023-07-12 21:54:41,658 [main] INFO  utils.BackgroundService (BackgroundService.java:shutdown(141)) - Shutting down service SCMBlockDeletingService
2023-07-12 21:54:41,658 [main] INFO  utils.BackgroundService (BackgroundService.java:shutdown(141)) - Shutting down service SCMBlockDeletingService
2023-07-12 21:54:41,658 [main] INFO  server.StorageContainerManager (StorageContainerManager.java:stop(1668)) - Stopping SCM Event Queue.
2023-07-12 21:54:41,660 [JvmPauseMonitor5] INFO  util.JvmPauseMonitor (JvmPauseMonitor.java:run(109)) - JvmPauseMonitor-2317d9ce-937c-4920-831a-25301d5b16cc: Stopped
2023-07-12 21:54:41,660 [main] INFO  server.StorageContainerManager (StorageContainerManager.java:stop(1679)) - Stopping SCM HA services.
2023-07-12 21:54:41,660 [main] INFO  pipeline.BackgroundPipelineCreator (BackgroundPipelineCreator.java:stop(149)) - Stopping RatisPipelineUtilsThread.
2023-07-12 21:54:41,660 [RatisPipelineUtilsThread - 0] WARN  pipeline.BackgroundPipelineCreator (BackgroundPipelineCreator.java:run(180)) - RatisPipelineUtilsThread is interrupted.
2023-07-12 21:54:41,660 [main] INFO  BackgroundPipelineScrubber (BackgroundSCMService.java:stop(131)) - Stopping BackgroundPipelineScrubber Service.
2023-07-12 21:54:41,660 [BackgroundPipelineScrubberThread] WARN  BackgroundPipelineScrubber (BackgroundSCMService.java:run(115)) - BackgroundPipelineScrubber is interrupted, exit
2023-07-12 21:54:41,661 [main] INFO  impl.MetricsSystemImpl (MetricsSystemImpl.java:stop(210)) - Stopping HddsDatanode metrics system...
2023-07-12 21:54:41,663 [prometheus] INFO  impl.MetricsSinkAdapter (MetricsSinkAdapter.java:publishMetricsFromQueue(141)) - prometheus thread interrupted.
2023-07-12 21:54:41,669 [main] INFO  impl.MetricsSystemImpl (MetricsSystemImpl.java:stop(216)) - HddsDatanode metrics system stopped.
2023-07-12 21:54:41,669 [main] WARN  pipeline.BackgroundPipelineCreator (BackgroundPipelineCreator.java:stop(145)) - RatisPipelineUtilsThread is not running, just ignore.
2023-07-12 21:54:41,669 [main] INFO  BackgroundPipelineScrubber (BackgroundSCMService.java:stop(126)) - BackgroundPipelineScrubber Service is not running, skip stop.
2023-07-12 21:54:41,669 [main] INFO  ExpiredContainerReplicaOpScrubber (BackgroundSCMService.java:stop(131)) - Stopping ExpiredContainerReplicaOpScrubber Service.
2023-07-12 21:54:41,669 [main] INFO  utils.BackgroundService (BackgroundService.java:shutdown(141)) - Shutting down service SCMBlockDeletingService
2023-07-12 21:54:41,669 [ExpiredContainerReplicaOpScrubberThread] WARN  ExpiredContainerReplicaOpScrubber (BackgroundSCMService.java:run(115)) - ExpiredContainerReplicaOpScrubber is interrupted, exit
2023-07-12 21:54:41,669 [main] INFO  replication.ReplicationManager (ReplicationManager.java:stop(329)) - Replication Monitor Thread is not running.
2023-07-12 21:54:41,669 [main] WARN  balancer.ContainerBalancer (ContainerBalancer.java:stop(326)) - Cannot stop Container Balancer because it's not running or stopping
2023-07-12 21:54:41,670 [Lease Manager-LeaseManager#LeaseMonitor] WARN  lease.LeaseManager (LeaseManager.java:run(272)) - Lease manager is interrupted. Shutting down...
java.lang.InterruptedException
	at java.util.concurrent.locks.AbstractQueuedSynchronizer.doAcquireSharedNanos(AbstractQueuedSynchronizer.java:1039)
	at java.util.concurrent.locks.AbstractQueuedSynchronizer.tryAcquireSharedNanos(AbstractQueuedSynchronizer.java:1328)
	at java.util.concurrent.Semaphore.tryAcquire(Semaphore.java:409)
	at org.apache.hadoop.ozone.lease.LeaseManager$LeaseMonitor.run(LeaseManager.java:270)
	at java.lang.Thread.run(Thread.java:750)
2023-07-12 21:54:41,670 [main] INFO  server.StorageContainerManager (StorageContainerManager.java:stop(1714)) - Stopping SCM MetadataStore.
]]></system-out>
  </testcase>
  <testcase name="testSnapshotSplitAndMove" classname="org.apache.hadoop.fs.ozone.TestSnapshotDeletingService" time="29.278">
    <system-out><![CDATA[2023-07-12 21:54:41,780 [main] WARN  server.ServerUtils (ServerUtils.java:getScmDbDir(155)) - ozone.scm.db.dirs is not configured. We recommend adding this setting. Falling back to ozone.metadata.dirs instead.
2023-07-12 21:54:41,783 [main] WARN  server.ServerUtils (ServerUtils.java:getScmDbDir(155)) - ozone.scm.db.dirs is not configured. We recommend adding this setting. Falling back to ozone.metadata.dirs instead.
2023-07-12 21:54:41,783 [main] INFO  ha.SCMHANodeDetails (SCMHANodeDetails.java:loadSCMHAConfig(210)) - ServiceID for StorageContainerManager is null
2023-07-12 21:54:41,783 [main] INFO  ha.SCMHANodeDetails (SCMHANodeDetails.java:loadSCMHAConfig(215)) - ozone.scm.default.service.id is not defined, falling back to ozone.scm.service.ids to find serviceID for StorageContainerManager if it is HA enabled cluster
2023-07-12 21:54:41,784 [main] WARN  utils.HAUtils (HAUtils.java:getMetaDir(339)) - ozone.scm.db.dirs is not configured. We recommend adding this setting. Falling back to ozone.metadata.dirs instead.
2023-07-12 21:54:41,784 [main] WARN  db.DBStoreBuilder (DBStoreBuilder.java:applyDBDefinition(166)) - ozone.scm.db.dirs is not configured. We recommend adding this setting. Falling back to ozone.metadata.dirs instead.
2023-07-12 21:54:41,906 [main] INFO  net.NodeSchemaLoader (NodeSchemaLoader.java:loadSchemaFromFile(129)) - Loading schema from [jar:file:/home/runner/.m2/repository/org/apache/ozone/hdds-common/1.4.0-SNAPSHOT/hdds-common-1.4.0-SNAPSHOT.jar!/network-topology-default.xml]
2023-07-12 21:54:41,906 [main] INFO  net.NodeSchemaLoader (NodeSchemaLoader.java:loadSchema(176)) - Loading network topology layer schema file
2023-07-12 21:54:41,909 [main] INFO  upgrade.AbstractLayoutVersionManager (AbstractLayoutVersionManager.java:init(83)) - Initializing Layout version manager with metadata layout = HADOOP_PRC_PORTS_IN_DATANODEDETAILS (version = 7), software layout = HADOOP_PRC_PORTS_IN_DATANODEDETAILS (version = 7)
2023-07-12 21:54:41,910 [main] INFO  ha.SequenceIdGenerator (SequenceIdGenerator.java:upgradeToSequenceId(361)) - upgrade localId to 111677748019200000
2023-07-12 21:54:41,911 [main] INFO  ha.SequenceIdGenerator (SequenceIdGenerator.java:upgradeToSequenceId(371)) - upgrade delTxnId to 0
2023-07-12 21:54:41,912 [main] INFO  ha.SequenceIdGenerator (SequenceIdGenerator.java:upgradeToSequenceId(388)) - upgrade containerId to 0
2023-07-12 21:54:41,912 [main] INFO  ha.SequenceIdGenerator (SequenceIdGenerator.java:upgradeToSequenceId(424)) - upgrade rootCertificateId to 1
2023-07-12 21:54:41,913 [main] INFO  ha.SequenceIdGenerator (SequenceIdGenerator.java:<init>(232)) - Init the HA SequenceIdGenerator.
2023-07-12 21:54:41,913 [main] WARN  server.ServerUtils (ServerUtils.java:sanitizeUserArgs(80)) - ozone.scm.stale.node.interval value = 300000 is larger than max = 100000 based on the key value of ozone.scm.heartbeat.thread.interval, reset to the max value 100000.
2023-07-12 21:54:41,913 [main] WARN  server.ServerUtils (ServerUtils.java:sanitizeUserArgs(80)) - ozone.scm.stale.node.interval value = 300000 is larger than max = 100000 based on the key value of ozone.scm.heartbeat.thread.interval, reset to the max value 100000.
2023-07-12 21:54:41,913 [main] INFO  node.SCMNodeManager (SCMNodeManager.java:<init>(157)) - Entering startup safe mode.
2023-07-12 21:54:41,914 [main] INFO  algorithms.ContainerPlacementPolicyFactory (ContainerPlacementPolicyFactory.java:getPolicyInternal(86)) - Create container placement policy of type org.apache.hadoop.hdds.scm.container.placement.algorithms.SCMContainerPlacementRackAware
2023-07-12 21:54:41,914 [main] INFO  algorithms.ContainerPlacementPolicyFactory (ContainerPlacementPolicyFactory.java:getPolicyInternal(86)) - Create container placement policy of type org.apache.hadoop.hdds.scm.container.placement.algorithms.SCMContainerPlacementRackScatter
2023-07-12 21:54:41,914 [main] INFO  pipeline.PipelineStateManagerImpl (PipelineStateManagerImpl.java:initialize(78)) - No pipeline exists in current db
2023-07-12 21:54:41,914 [main] INFO  algorithms.LeaderChoosePolicyFactory (LeaderChoosePolicyFactory.java:getPolicy(57)) - Create leader choose policy of type org.apache.hadoop.hdds.scm.pipeline.leader.choose.algorithms.MinLeaderCountChoosePolicy
2023-07-12 21:54:41,914 [main] INFO  algorithms.ContainerPlacementPolicyFactory (ContainerPlacementPolicyFactory.java:getPolicyInternal(86)) - Create container placement policy of type org.apache.hadoop.hdds.scm.container.placement.algorithms.SCMContainerPlacementRackScatter
2023-07-12 21:54:41,915 [main] INFO  ha.SCMServiceManager (SCMServiceManager.java:register(42)) - Registering service BackgroundPipelineCreator.
2023-07-12 21:54:41,915 [main] INFO  pipeline.BackgroundPipelineCreator (BackgroundPipelineCreator.java:start(124)) - Starting RatisPipelineUtilsThread.
2023-07-12 21:54:41,915 [main] INFO  BackgroundPipelineScrubber (BackgroundSCMService.java:start(68)) - Starting BackgroundPipelineScrubber Service.
2023-07-12 21:54:41,915 [main] INFO  ha.SCMServiceManager (SCMServiceManager.java:register(42)) - Registering service BackgroundPipelineScrubber.
2023-07-12 21:54:41,915 [main] INFO  ExpiredContainerReplicaOpScrubber (BackgroundSCMService.java:start(68)) - Starting ExpiredContainerReplicaOpScrubber Service.
2023-07-12 21:54:41,916 [main] INFO  ha.SCMServiceManager (SCMServiceManager.java:register(42)) - Registering service ExpiredContainerReplicaOpScrubber.
2023-07-12 21:54:41,916 [main] INFO  algorithms.PipelineChoosePolicyFactory (PipelineChoosePolicyFactory.java:createPipelineChoosePolicyFromClass(78)) - Create pipeline choose policy of type org.apache.hadoop.hdds.scm.pipeline.choose.algorithms.RandomPipelineChoosePolicy
2023-07-12 21:54:41,916 [main] INFO  algorithms.PipelineChoosePolicyFactory (PipelineChoosePolicyFactory.java:createPipelineChoosePolicyFromClass(78)) - Create pipeline choose policy of type org.apache.hadoop.hdds.scm.pipeline.choose.algorithms.RandomPipelineChoosePolicy
2023-07-12 21:54:41,917 [main] INFO  ha.SCMServiceManager (SCMServiceManager.java:register(42)) - Registering service SCMBlockDeletingService.
2023-07-12 21:54:41,917 [main] INFO  replication.ReplicationManager (ReplicationManager.java:start(286)) - Starting Replication Monitor Thread.
2023-07-12 21:54:41,918 [main] INFO  ha.SCMServiceManager (SCMServiceManager.java:register(42)) - Registering service ReplicationManager.
2023-07-12 21:54:41,918 [main] INFO  safemode.ContainerSafeModeRule (ContainerSafeModeRule.java:<init>(89)) - containers with one replica threshold count 0
2023-07-12 21:54:41,918 [main] INFO  safemode.HealthyPipelineSafeModeRule (HealthyPipelineSafeModeRule.java:initializeRule(169)) - Total pipeline count is 0, healthy pipeline threshold count is 1
2023-07-12 21:54:41,919 [main] INFO  safemode.OneReplicaPipelineSafeModeRule (OneReplicaPipelineSafeModeRule.java:initializeRule(180)) - Total pipeline count is 0, pipeline's with at least one datanode reported threshold count is 0
2023-07-12 21:54:41,919 [main] INFO  server.StorageContainerManager (StorageContainerManager.java:<init>(424)) - SCM start with adminUsers: [runner]
2023-07-12 21:54:41,919 [main] INFO  ipc.CallQueueManager (CallQueueManager.java:<init>(90)) - Using callQueue: class java.util.concurrent.LinkedBlockingQueue, queueCapacity: 2000, scheduler: class org.apache.hadoop.ipc.DefaultRpcScheduler, ipcBackoff: false.
2023-07-12 21:54:41,919 [main] INFO  ipc.Server (Server.java:<init>(1287)) - Listener at 0.0.0.0:15072
2023-07-12 21:54:41,920 [Socket Reader #1 for port 15072] INFO  ipc.Server (Server.java:run(1323)) - Starting Socket Reader #1 for port 15072
2023-07-12 21:54:41,920 [ReplicationMonitor] INFO  replication.ReplicationManager (ReplicationManager.java:processAll(361)) - Replication Manager is not ready to run until 3000ms after safemode exit
2023-07-12 21:54:41,923 [main] INFO  ipc.CallQueueManager (CallQueueManager.java:<init>(90)) - Using callQueue: class java.util.concurrent.LinkedBlockingQueue, queueCapacity: 2000, scheduler: class org.apache.hadoop.ipc.DefaultRpcScheduler, ipcBackoff: false.
2023-07-12 21:54:41,923 [main] INFO  ipc.Server (Server.java:<init>(1287)) - Listener at 0.0.0.0:15071
2023-07-12 21:54:41,923 [Socket Reader #1 for port 15071] INFO  ipc.Server (Server.java:run(1323)) - Starting Socket Reader #1 for port 15071
2023-07-12 21:54:41,925 [main] INFO  ipc.CallQueueManager (CallQueueManager.java:<init>(90)) - Using callQueue: class java.util.concurrent.LinkedBlockingQueue, queueCapacity: 2000, scheduler: class org.apache.hadoop.ipc.DefaultRpcScheduler, ipcBackoff: false.
2023-07-12 21:54:41,926 [main] INFO  ipc.Server (Server.java:<init>(1287)) - Listener at 0.0.0.0:15070
2023-07-12 21:54:41,926 [Socket Reader #1 for port 15070] INFO  ipc.Server (Server.java:run(1323)) - Starting Socket Reader #1 for port 15070
2023-07-12 21:54:41,928 [main] INFO  ha.SCMServiceManager (SCMServiceManager.java:register(42)) - Registering service ContainerBalancer.
2023-07-12 21:54:41,929 [main] INFO  server.StorageContainerManager (StorageContainerManager.java:<init>(437)) - 
Container Balancer status:
Key                            Value
Running                        false
Container Balancer Configuration values:
Key                                                Value
Threshold                                          10
Max Datanodes to Involve per Iteration(percent)    20
Max Size to Move per Iteration                     500GB
Max Size Entering Target per Iteration             26GB
Max Size Leaving Source per Iteration              26GB

2023-07-12 21:54:41,929 [main] INFO  ha.SCMContext (SCMContext.java:updateSafeModeStatus(228)) - Update SafeModeStatus from SafeModeStatus{safeModeStatus=true, preCheckPassed=false} to SafeModeStatus{safeModeStatus=true, preCheckPassed=false}.
2023-07-12 21:54:41,929 [main] INFO  server.StorageContainerManager (StorageContainerManager.java:start(1489)) - StorageContainerLocationProtocol RPC server is listening at /0.0.0.0:15070
2023-07-12 21:54:41,930 [main] WARN  impl.MetricsConfig (MetricsConfig.java:loadFirst(136)) - Cannot locate configuration: tried hadoop-metrics2-storagecontainermanager.properties,hadoop-metrics2.properties
2023-07-12 21:54:41,931 [main] INFO  impl.MetricsSystemImpl (MetricsSystemImpl.java:startTimer(378)) - Scheduled Metric snapshot period at 10 second(s).
2023-07-12 21:54:41,931 [main] INFO  impl.MetricsSystemImpl (MetricsSystemImpl.java:start(191)) - StorageContainerManager metrics system started
2023-07-12 21:54:41,956 [main] INFO  impl.MetricsSinkAdapter (MetricsSinkAdapter.java:start(204)) - Sink prometheus started
2023-07-12 21:54:41,957 [main] INFO  impl.MetricsSystemImpl (MetricsSystemImpl.java:registerSink(305)) - Registered sink prometheus
2023-07-12 21:54:41,973 [main] INFO  server.SCMClientProtocolServer (SCMClientProtocolServer.java:start(200)) - RPC server for Client  is listening at /0.0.0.0:15070
2023-07-12 21:54:41,973 [IPC Server listener on 15070] INFO  ipc.Server (Server.java:run(1402)) - IPC Server listener on 15070: starting
2023-07-12 21:54:41,973 [IPC Server Responder] INFO  ipc.Server (Server.java:run(1562)) - IPC Server Responder: starting
2023-07-12 21:54:41,981 [main] INFO  server.StorageContainerManager (StorageContainerManager.java:start(1502)) - ScmBlockLocationProtocol RPC server is listening at /0.0.0.0:15071
2023-07-12 21:54:41,981 [main] INFO  server.SCMBlockProtocolServer (SCMBlockProtocolServer.java:start(152)) - RPC server for Block Protocol is listening at /0.0.0.0:15071
2023-07-12 21:54:41,982 [IPC Server Responder] INFO  ipc.Server (Server.java:run(1562)) - IPC Server Responder: starting
2023-07-12 21:54:41,982 [IPC Server listener on 15071] INFO  ipc.Server (Server.java:run(1402)) - IPC Server listener on 15071: starting
2023-07-12 21:54:41,983 [main] INFO  server.SCMDatanodeProtocolServer (SCMDatanodeProtocolServer.java:start(193)) - ScmDatanodeProtocol RPC server for DataNodes is listening at /0.0.0.0:15072
2023-07-12 21:54:41,984 [IPC Server Responder] INFO  ipc.Server (Server.java:run(1562)) - IPC Server Responder: starting
2023-07-12 21:54:41,985 [IPC Server listener on 15072] INFO  ipc.Server (Server.java:run(1402)) - IPC Server listener on 15072: starting
2023-07-12 21:54:41,991 [JvmPauseMonitor10] INFO  util.JvmPauseMonitor (JvmPauseMonitor.java:run(103)) - JvmPauseMonitor-8e7a28c2-a2b1-41f0-b08e-01e652948a07: Started
2023-07-12 21:54:41,991 [main] INFO  http.BaseHttpServer (BaseHttpServer.java:newHttpServer2BuilderForOzone(224)) - Starting Web-server for scm at: http://0.0.0.0:15073
2023-07-12 21:54:41,991 [main] INFO  http.BaseHttpServer (BaseHttpServer.java:<init>(111)) - Hadoop Security Enabled: false Ozone Security Enabled: false Ozone HTTP Security Enabled: false 
2023-07-12 21:54:41,994 [main] WARN  server.AuthenticationFilter (AuthenticationFilter.java:constructSecretProvider(240)) - Unable to initialize FileSignerSecretProvider, falling back to use random secrets. Reason: Could not read signature secret file: /home/runner/hadoop-http-auth-signature-secret
2023-07-12 21:54:41,997 [main] INFO  http.HttpRequestLog (HttpRequestLog.java:getRequestLog(86)) - Http request log for http.requests.scm is not defined
2023-07-12 21:54:41,998 [main] INFO  http.HttpServer2 (HttpServer2.java:addGlobalFilter(1031)) - Added global filter 'safety' (class=org.apache.hadoop.hdds.server.http.HttpServer2$QuotingInputFilter)
2023-07-12 21:54:41,999 [main] INFO  http.HttpServer2 (HttpServer2.java:addFilter(1007)) - Added filter static_user_filter (class=org.apache.hadoop.http.lib.StaticUserWebFilter$StaticUserFilter) to context scm
2023-07-12 21:54:41,999 [main] INFO  http.HttpServer2 (HttpServer2.java:addFilter(1015)) - Added filter static_user_filter (class=org.apache.hadoop.http.lib.StaticUserWebFilter$StaticUserFilter) to context logs
2023-07-12 21:54:41,999 [main] INFO  http.HttpServer2 (HttpServer2.java:addFilter(1015)) - Added filter static_user_filter (class=org.apache.hadoop.http.lib.StaticUserWebFilter$StaticUserFilter) to context static
2023-07-12 21:54:42,000 [main] INFO  http.BaseHttpServer (BaseHttpServer.java:<init>(190)) - HTTP server of scm uses base directory /home/runner/work/ozone/ozone/hadoop-ozone/integration-test/target/test-dir/MiniOzoneClusterImpl-cd6376e5-088e-4fb5-a36e-c0bbc8ba407a/ozone-meta/webserver
2023-07-12 21:54:42,000 [main] INFO  http.HttpServer2 (HttpServer2.java:bindListener(1250)) - Jetty bound to port 15073
2023-07-12 21:54:42,000 [main] INFO  server.Server (Server.java:doStart(375)) - jetty-9.4.51.v20230217; built: 2023-02-17T08:19:37.309Z; git: b45c405e4544384de066f814ed42ae3dceacdd49; jvm 1.8.0_372-b07
2023-07-12 21:54:42,005 [main] INFO  server.session (DefaultSessionIdManager.java:doStart(334)) - DefaultSessionIdManager workerName=node0
2023-07-12 21:54:42,005 [main] INFO  server.session (DefaultSessionIdManager.java:doStart(339)) - No SessionScavenger set, using defaults
2023-07-12 21:54:42,006 [main] INFO  server.session (HouseKeeper.java:startScavenging(132)) - node0 Scavenging every 660000ms
2023-07-12 21:54:42,006 [main] INFO  handler.ContextHandler (ContextHandler.java:doStart(921)) - Started o.e.j.s.ServletContextHandler@3601da5{logs,/logs,file:///home/runner/work/ozone/ozone/hadoop-ozone/integration-test/target/log,AVAILABLE}
2023-07-12 21:54:42,007 [main] INFO  handler.ContextHandler (ContextHandler.java:doStart(921)) - Started o.e.j.s.ServletContextHandler@e95b6ca{static,/static,file:///home/runner/work/ozone/ozone/hadoop-ozone/integration-test/target/test-classes/webapps/static,AVAILABLE}
2023-07-12 21:54:42,011 [main] INFO  handler.ContextHandler (ContextHandler.java:doStart(921)) - Started o.e.j.w.WebAppContext@3bb4cb24{scm,/,file:///home/runner/work/ozone/ozone/hadoop-ozone/integration-test/target/test-classes/webapps/scm/,AVAILABLE}{file:/home/runner/work/ozone/ozone/hadoop-ozone/integration-test/target/test-classes/webapps/scm}
2023-07-12 21:54:42,012 [main] INFO  server.AbstractConnector (AbstractConnector.java:doStart(333)) - Started ServerConnector@14157883{HTTP/1.1, (http/1.1)}{0.0.0.0:15073}
2023-07-12 21:54:42,013 [main] INFO  server.Server (Server.java:doStart(415)) - Started @92270ms
2023-07-12 21:54:42,013 [main] WARN  impl.MetricsSystemImpl (MetricsSystemImpl.java:register(279)) - Sink prometheus already exists!
2023-07-12 21:54:42,013 [main] INFO  http.BaseHttpServer (BaseHttpServer.java:updateConnectorAddress(344)) - HTTP server of scm listening at http://0.0.0.0:15073
2023-07-12 21:54:42,014 [main] WARN  server.ServerUtils (ServerUtils.java:getDBPath(311)) - ozone.om.db.dirs is not configured. We recommend adding this setting. Falling back to ozone.metadata.dirs instead.
2023-07-12 21:54:42,016 [main] INFO  ha.OMHANodeDetails (OMHANodeDetails.java:loadOMHAConfig(115)) - ozone.om.internal.service.id is not defined, falling back to ozone.om.service.ids to find serviceID for OzoneManager if it is HA enabled cluster
2023-07-12 21:54:42,016 [main] INFO  ha.OMHANodeDetails (OMHANodeDetails.java:loadOMHAConfig(226)) - Configuration does not have ozone.om.address set. Falling back to the default OM address /127.0.0.1:15074
2023-07-12 21:54:42,016 [main] INFO  ha.OMHANodeDetails (OMHANodeDetails.java:getOMNodeDetailsForNonHA(254)) - OM Service ID is not set. Setting it to the default ID: omServiceIdDefault
2023-07-12 21:54:42,016 [main] INFO  ha.OMHANodeDetails (OMHANodeDetails.java:getOMNodeDetailsForNonHA(261)) - OM Node ID is not set. Setting it to the default ID: om1
2023-07-12 21:54:42,016 [main] WARN  server.ServerUtils (ServerUtils.java:getDBPath(311)) - ozone.om.db.dirs is not configured. We recommend adding this setting. Falling back to ozone.metadata.dirs instead.
2023-07-12 21:54:42,018 [main] INFO  upgrade.AbstractLayoutVersionManager (AbstractLayoutVersionManager.java:init(83)) - Initializing Layout version manager with metadata layout = QUOTA (version = 6), software layout = QUOTA (version = 6)
2023-07-12 21:54:42,107 [main] INFO  reflections.Reflections (Reflections.java:scan(232)) - Reflections took 88 ms to scan 2 urls, producing 186 keys and 508 values [using 2 cores]
2023-07-12 21:54:42,108 [main] INFO  upgrade.OMLayoutVersionManager (OMLayoutVersionManager.java:lambda$0(115)) - Skipping Upgrade Action MockOmUpgradeAction since it has been finalized.
2023-07-12 21:54:42,108 [main] INFO  upgrade.OMLayoutVersionManager (OMLayoutVersionManager.java:lambda$0(115)) - Skipping Upgrade Action QuotaRepairUpgradeAction since it has been finalized.
2023-07-12 21:54:42,108 [main] WARN  server.ServerUtils (ServerUtils.java:getDBPath(311)) - ozone.om.db.dirs is not configured. We recommend adding this setting. Falling back to ozone.metadata.dirs instead.
2023-07-12 21:54:42,109 [main] INFO  proxy.SCMBlockLocationFailoverProxyProvider (SCMBlockLocationFailoverProxyProvider.java:<init>(114)) - Created block location fail-over proxy with 1 nodes: [nodeId=scmNodeId,nodeAddress=/0.0.0.0:15071]
2023-07-12 21:54:42,111 [main] INFO  proxy.SCMBlockLocationFailoverProxyProvider (SCMBlockLocationFailoverProxyProvider.java:<init>(114)) - Created block location fail-over proxy with 1 nodes: [nodeId=scmNodeId,nodeAddress=/0.0.0.0:15071]
2023-07-12 21:54:42,120 [main] INFO  om.OzoneManager (OzoneManager.java:<init>(658)) - OM start with adminUsers: [runner]
2023-07-12 21:54:42,121 [main] WARN  server.ServerUtils (ServerUtils.java:getDBPath(311)) - ozone.om.db.dirs is not configured. We recommend adding this setting. Falling back to ozone.metadata.dirs instead.
2023-07-12 21:54:42,122 [main] INFO  helpers.OmKeyInfo (OmKeyInfo.java:getCodec(71)) - OmKeyInfo.getCodec ignorePipeline = true
2023-07-12 21:54:42,348 [main] INFO  om.OzoneManager (OzoneManager.java:instantiateServices(787)) - S3 Multi-Tenancy is disabled
2023-07-12 21:54:42,349 [main] INFO  om.OmSnapshotManager (OmSnapshotManager.java:<init>(175)) - Ozone filesystem snapshot feature is enabled.
2023-07-12 21:54:42,349 [main] WARN  server.ServerUtils (ServerUtils.java:getDBPath(311)) - ozone.om.snapshot.diff.db.dir is not configured. We recommend adding this setting. Falling back to ozone.metadata.dirs instead.
2023-07-12 21:54:42,371 [main] INFO  snapshot.SnapshotDiffManager (SnapshotDiffManager.java:closeExecutorService(1720)) - Shutting down executorService: 'SstDumpToolExecutor'
2023-07-12 21:54:42,373 [main] INFO  om.OzoneManager (OzoneManager.java:addS3GVolumeToDB(4298)) - Created Volume s3v With Owner runner required for S3Gateway operations.
2023-07-12 21:54:42,373 [main] WARN  server.ServerUtils (ServerUtils.java:getDefaultRatisDirectory(323)) - Storage directory for Ratis is not configured. It is a good idea to map this to an SSD disk. Falling back to ozone.metadata.dirs
2023-07-12 21:54:42,373 [main] WARN  utils.OzoneManagerRatisUtils (OzoneManagerRatisUtils.java:getOMRatisSnapshotDirectory(461)) - ozone.om.ratis.snapshot.dir is not configured. Falling back to ozone.metadata.dirs config
2023-07-12 21:54:42,374 [main] WARN  server.ServerUtils (ServerUtils.java:getDefaultRatisDirectory(323)) - Storage directory for Ratis is not configured. It is a good idea to map this to an SSD disk. Falling back to ozone.metadata.dirs
2023-07-12 21:54:42,375 [main] INFO  ratis.OzoneManagerRatisServer (OzoneManagerRatisServer.java:<init>(163)) - Instantiating OM Ratis server with groupID: omServiceIdDefault and peers: localhost:15077
2023-07-12 21:54:42,375 [main] INFO  ratis.OzoneManagerStateMachine (OzoneManagerStateMachine.java:loadSnapshotInfoFromDB(670)) - LastAppliedIndex is set from TransactionInfo from OM DB as (t:0, i:~)
2023-07-12 21:54:42,376 [main] INFO  server.RaftServer (ConfUtils.java:logGet(46)) - raft.rpc.type = GRPC (default)
2023-07-12 21:54:42,376 [main] INFO  grpc.GrpcConfigKeys (ConfUtils.java:logFallback(53)) - raft.grpc.admin.host = null (fallback to raft.grpc.server.host)
2023-07-12 21:54:42,376 [main] INFO  grpc.GrpcConfigKeys (ConfUtils.java:logFallback(53)) - raft.grpc.admin.port = 15077 (fallback to raft.grpc.server.port)
2023-07-12 21:54:42,376 [main] INFO  grpc.GrpcConfigKeys (ConfUtils.java:logFallback(53)) - raft.grpc.client.host = null (fallback to raft.grpc.server.host)
2023-07-12 21:54:42,376 [main] INFO  grpc.GrpcConfigKeys (ConfUtils.java:logFallback(53)) - raft.grpc.client.port = 15077 (fallback to raft.grpc.server.port)
2023-07-12 21:54:42,376 [main] INFO  grpc.GrpcConfigKeys (ConfUtils.java:logGet(46)) - raft.grpc.server.host = null (default)
2023-07-12 21:54:42,376 [main] INFO  grpc.GrpcConfigKeys (ConfUtils.java:logGet(46)) - raft.grpc.server.port = 15077 (custom)
2023-07-12 21:54:42,376 [main] INFO  server.GrpcService (ConfUtils.java:logGet(46)) - raft.grpc.message.size.max = 33554432 (custom)
2023-07-12 21:54:42,376 [main] INFO  server.RaftServerConfigKeys (ConfUtils.java:logGet(46)) - raft.server.log.appender.buffer.byte-limit = 33554432 (custom)
2023-07-12 21:54:42,377 [main] INFO  server.GrpcService (ConfUtils.java:logGet(46)) - raft.grpc.flow.control.window = 1MB (=1048576) (default)
2023-07-12 21:54:42,377 [main] INFO  server.RaftServerConfigKeys (ConfUtils.java:logGet(46)) - raft.server.rpc.request.timeout = 3000ms (default)
2023-07-12 21:54:42,377 [main] INFO  grpc.GrpcConfigKeys (ConfUtils.java:logGet(46)) - raft.grpc.server.heartbeat.channel = true (default)
2023-07-12 21:54:42,377 [main] INFO  grpc.GrpcConfigKeys (ConfUtils.java:logGet(46)) - raft.grpc.server.async.request.thread.pool.cached = true (default)
2023-07-12 21:54:42,377 [main] INFO  grpc.GrpcConfigKeys (ConfUtils.java:logGet(46)) - raft.grpc.server.async.request.thread.pool.size = 32 (default)
2023-07-12 21:54:42,378 [main] INFO  impl.DataStreamServerImpl (ConfUtils.java:logGet(46)) - raft.datastream.type = DISABLED (default)
2023-07-12 21:54:42,378 [main] INFO  server.RaftServerConfigKeys (ConfUtils.java:logGet(46)) - raft.server.threadpool.proxy.cached = true (default)
2023-07-12 21:54:42,379 [main] INFO  server.RaftServerConfigKeys (ConfUtils.java:logGet(46)) - raft.server.threadpool.proxy.size = 0 (default)
2023-07-12 21:54:42,379 [main] INFO  server.RaftServerConfigKeys (ConfUtils.java:logGet(46)) - raft.server.rpc.slowness.timeout = 120s (custom)
2023-07-12 21:54:42,379 [main] INFO  server.RaftServerConfigKeys (ConfUtils.java:logGet(46)) - raft.server.leaderelection.leader.step-down.wait-time = 10s (default)
2023-07-12 21:54:42,379 [main] INFO  server.RaftServerConfigKeys (ConfUtils.java:logGet(46)) - raft.server.storage.dir = [/home/runner/work/ozone/ozone/hadoop-ozone/integration-test/target/test-dir/MiniOzoneClusterImpl-cd6376e5-088e-4fb5-a36e-c0bbc8ba407a/ozone-meta/ratis] (custom)
2023-07-12 21:54:42,379 [main] INFO  server.RaftServer (RaftServerProxy.java:addNew(98)) - om1: addNew group-C5BA1605619E:[om1|rpc:localhost:15077|priority:0|startupRole:FOLLOWER] returns group-C5BA1605619E:java.util.concurrent.CompletableFuture@7f77b24[Not completed]
2023-07-12 21:54:42,380 [main] INFO  om.OzoneManager (OzoneManager.java:initializeRatisServer(2139)) - OzoneManager Ratis server initialized at port 15077
2023-07-12 21:54:42,380 [main] INFO  om.OzoneManager (OzoneManager.java:getRpcServer(1187)) - Creating RPC Server
2023-07-12 21:54:42,381 [om1-groupManagement] INFO  server.RaftServer$Division (RaftServerImpl.java:<init>(198)) - om1: new RaftServerImpl for group-C5BA1605619E:[om1|rpc:localhost:15077|priority:0|startupRole:FOLLOWER] with OzoneManagerStateMachine:uninitialized
2023-07-12 21:54:42,381 [om1-groupManagement] INFO  server.RaftServerConfigKeys (ConfUtils.java:logGet(46)) - raft.server.rpc.timeout.min = 1s (custom)
2023-07-12 21:54:42,381 [om1-groupManagement] INFO  server.RaftServerConfigKeys (ConfUtils.java:logGet(46)) - raft.server.rpc.timeout.max = 1200ms (custom)
2023-07-12 21:54:42,381 [om1-groupManagement] INFO  server.RaftServerConfigKeys (ConfUtils.java:logGet(46)) - raft.server.rpc.sleep.time = 25ms (default)
2023-07-12 21:54:42,381 [om1-groupManagement] INFO  server.RaftServerConfigKeys (ConfUtils.java:logGet(46)) - raft.server.rpc.slowness.timeout = 120s (custom)
2023-07-12 21:54:42,381 [om1-groupManagement] INFO  server.RaftServerConfigKeys (ConfUtils.java:logGet(46)) - raft.server.leaderelection.leader.step-down.wait-time = 10s (default)
2023-07-12 21:54:42,381 [om1-groupManagement] INFO  server.RaftServerConfigKeys (ConfUtils.java:logGet(46)) - raft.server.sleep.deviation.threshold = 300ms (default)
2023-07-12 21:54:42,381 [om1-groupManagement] INFO  server.RaftServer$Division (ServerState.java:<init>(120)) - om1@group-C5BA1605619E: ConfigurationManager, init=-1: peers:[om1|rpc:localhost:15077|priority:0|startupRole:FOLLOWER]|listeners:[], old=null, confs=<EMPTY_MAP>
2023-07-12 21:54:42,381 [om1-groupManagement] INFO  server.RaftServerConfigKeys (ConfUtils.java:logGet(46)) - raft.server.storage.dir = [/home/runner/work/ozone/ozone/hadoop-ozone/integration-test/target/test-dir/MiniOzoneClusterImpl-cd6376e5-088e-4fb5-a36e-c0bbc8ba407a/ozone-meta/ratis] (custom)
2023-07-12 21:54:42,381 [om1-groupManagement] INFO  server.RaftServerConfigKeys (ConfUtils.java:logGet(46)) - raft.server.log.corruption.policy = EXCEPTION (default)
2023-07-12 21:54:42,381 [om1-groupManagement] INFO  server.RaftServerConfigKeys (ConfUtils.java:logGet(46)) - raft.server.storage.free-space.min = 0MB (=0) (default)
2023-07-12 21:54:42,381 [om1-groupManagement] INFO  server.RaftServerConfigKeys (ConfUtils.java:logGet(46)) - raft.server.notification.no-leader.timeout = 120s (custom)
2023-07-12 21:54:42,381 [om1-groupManagement] INFO  server.RaftServerConfigKeys (ConfUtils.java:logGet(46)) - raft.server.read.timeout = 10s (default)
2023-07-12 21:54:42,381 [om1-groupManagement] INFO  server.RaftServerConfigKeys (ConfUtils.java:logGet(46)) - raft.server.retrycache.expirytime = 300s (custom)
2023-07-12 21:54:42,381 [om1-groupManagement] INFO  server.RaftServerConfigKeys (ConfUtils.java:logGet(46)) - raft.server.retrycache.statistics.expirytime = 100μs (default)
2023-07-12 21:54:42,382 [om1-groupManagement] INFO  server.RaftServerConfigKeys (ConfUtils.java:logGet(46)) - raft.server.read.option = DEFAULT (default)
2023-07-12 21:54:42,382 [om1-groupManagement] INFO  server.RaftServerConfigKeys (ConfUtils.java:logGet(46)) - raft.server.rpc.request.timeout = 3000ms (default)
2023-07-12 21:54:42,382 [om1-groupManagement] INFO  server.RaftServerConfigKeys (ConfUtils.java:logGet(46)) - raft.server.log.appender.install.snapshot.enabled = false (custom)
2023-07-12 21:54:42,382 [om1-groupManagement] INFO  server.RaftServerConfigKeys (ConfUtils.java:logGet(46)) - raft.server.threadpool.server.cached = true (default)
2023-07-12 21:54:42,382 [om1-groupManagement] INFO  server.RaftServerConfigKeys (ConfUtils.java:logGet(46)) - raft.server.threadpool.server.size = 0 (default)
2023-07-12 21:54:42,382 [om1-groupManagement] INFO  server.RaftServerConfigKeys (ConfUtils.java:logGet(46)) - raft.server.threadpool.client.cached = true (default)
2023-07-12 21:54:42,382 [om1-groupManagement] INFO  server.RaftServerConfigKeys (ConfUtils.java:logGet(46)) - raft.server.threadpool.client.size = 0 (default)
2023-07-12 21:54:42,740 [main] INFO  reflections.Reflections (Reflections.java:scan(232)) - Reflections took 359 ms to scan 19 urls, producing 70 keys and 5533 values [using 2 cores]
2023-07-12 21:54:42,742 [main] INFO  ipc.CallQueueManager (CallQueueManager.java:<init>(90)) - Using callQueue: class java.util.concurrent.LinkedBlockingQueue, queueCapacity: 2000, scheduler: class org.apache.hadoop.ipc.DefaultRpcScheduler, ipcBackoff: false.
2023-07-12 21:54:42,742 [main] INFO  ipc.Server (Server.java:<init>(1287)) - Listener at 127.0.0.1:15074
2023-07-12 21:54:42,745 [Socket Reader #1 for port 15074] INFO  ipc.Server (Server.java:run(1323)) - Starting Socket Reader #1 for port 15074
2023-07-12 21:54:42,769 [main] INFO  impl.MetricsSystemImpl (MetricsSystemImpl.java:init(158)) - OzoneManager metrics system started (again)
2023-07-12 21:54:42,780 [main] INFO  om.OzoneManager (OzoneManager.java:start(1617)) - OzoneManager RPC server is listening at localhost/127.0.0.1:15074
2023-07-12 21:54:42,780 [main] INFO  ratis.OzoneManagerRatisServer (OzoneManagerRatisServer.java:start(558)) - Starting OzoneManagerRatisServer om1 at port 15077
2023-07-12 21:54:42,781 [om1-impl-thread1] INFO  storage.RaftStorageDirectory (RaftStorageDirectoryImpl.java:analyzeStorage(137)) - The storage directory /home/runner/work/ozone/ozone/hadoop-ozone/integration-test/target/test-dir/MiniOzoneClusterImpl-cd6376e5-088e-4fb5-a36e-c0bbc8ba407a/ozone-meta/ratis/bf265839-605b-3f16-9796-c5ba1605619e does not exist. Creating ...
2023-07-12 21:54:42,782 [om1-impl-thread1] INFO  storage.RaftStorageDirectory (RaftStorageDirectoryImpl.java:tryLock(231)) - Lock on /home/runner/work/ozone/ozone/hadoop-ozone/integration-test/target/test-dir/MiniOzoneClusterImpl-cd6376e5-088e-4fb5-a36e-c0bbc8ba407a/ozone-meta/ratis/bf265839-605b-3f16-9796-c5ba1605619e/in_use.lock acquired by nodename 107600@fv-az670-842
2023-07-12 21:54:42,783 [om1-impl-thread1] INFO  storage.RaftStorage (RaftStorageImpl.java:format(96)) - Storage directory /home/runner/work/ozone/ozone/hadoop-ozone/integration-test/target/test-dir/MiniOzoneClusterImpl-cd6376e5-088e-4fb5-a36e-c0bbc8ba407a/ozone-meta/ratis/bf265839-605b-3f16-9796-c5ba1605619e has been successfully formatted.
2023-07-12 21:54:42,783 [om1-impl-thread1] INFO  server.RaftServerConfigKeys (ConfUtils.java:logGet(46)) - raft.server.log.use.memory = false (default)
2023-07-12 21:54:42,784 [om1-impl-thread1] INFO  server.RaftServerConfigKeys (ConfUtils.java:logGet(46)) - raft.server.log.purge.gap = 1000000 (custom)
2023-07-12 21:54:42,784 [om1-impl-thread1] INFO  server.RaftServerConfigKeys (ConfUtils.java:logGet(46)) - raft.server.log.appender.buffer.byte-limit = 33554432 (custom)
2023-07-12 21:54:42,784 [om1-impl-thread1] INFO  server.RaftServerConfigKeys (ConfUtils.java:logGet(46)) - raft.server.log.statemachine.data.read.timeout = 1000ms (default)
2023-07-12 21:54:42,784 [om1-impl-thread1] INFO  server.RaftServerConfigKeys (ConfUtils.java:logGet(46)) - raft.server.log.purge.preservation.log.num = 0 (default)
2023-07-12 21:54:42,784 [om1-impl-thread1] INFO  server.RaftServerConfigKeys (ConfUtils.java:logGet(46)) - raft.server.log.segment.size.max = 4194304 (custom)
2023-07-12 21:54:42,784 [om1-impl-thread1] INFO  server.RaftServerConfigKeys (ConfUtils.java:logGet(46)) - raft.server.log.segment.cache.num.max = 2 (custom)
2023-07-12 21:54:42,784 [om1-impl-thread1] INFO  server.RaftServerConfigKeys (ConfUtils.java:logGet(46)) - raft.server.log.segment.cache.size.max = 200MB (=209715200) (default)
2023-07-12 21:54:42,784 [om1-impl-thread1] INFO  server.RaftServerConfigKeys (ConfUtils.java:logGet(46)) - raft.server.log.appender.buffer.byte-limit = 33554432 (custom)
2023-07-12 21:54:42,784 [om1-impl-thread1] INFO  segmented.SegmentedRaftLogWorker (SegmentedRaftLogWorker.java:<init>(188)) - new om1@group-C5BA1605619E-SegmentedRaftLogWorker for RaftStorageImpl:Storage Directory /home/runner/work/ozone/ozone/hadoop-ozone/integration-test/target/test-dir/MiniOzoneClusterImpl-cd6376e5-088e-4fb5-a36e-c0bbc8ba407a/ozone-meta/ratis/bf265839-605b-3f16-9796-c5ba1605619e
2023-07-12 21:54:42,784 [om1-impl-thread1] INFO  server.RaftServerConfigKeys (ConfUtils.java:logGet(46)) - raft.server.log.queue.byte-limit = 64MB (=67108864) (default)
2023-07-12 21:54:42,784 [om1-impl-thread1] INFO  server.RaftServerConfigKeys (ConfUtils.java:logGet(46)) - raft.server.log.queue.element-limit = 4096 (default)
2023-07-12 21:54:42,784 [om1-impl-thread1] INFO  server.RaftServerConfigKeys (ConfUtils.java:logGet(46)) - raft.server.log.segment.size.max = 4194304 (custom)
2023-07-12 21:54:42,784 [om1-impl-thread1] INFO  server.RaftServerConfigKeys (ConfUtils.java:logGet(46)) - raft.server.log.preallocated.size = 4194304 (custom)
2023-07-12 21:54:42,784 [om1-impl-thread1] INFO  server.RaftServerConfigKeys (ConfUtils.java:logGet(46)) - raft.server.log.force.sync.num = 128 (default)
2023-07-12 21:54:42,784 [om1-impl-thread1] INFO  server.RaftServerConfigKeys (ConfUtils.java:logGet(46)) - raft.server.log.statemachine.data.sync = true (default)
2023-07-12 21:54:42,784 [om1-impl-thread1] INFO  server.RaftServerConfigKeys (ConfUtils.java:logGet(46)) - raft.server.log.statemachine.data.sync.timeout = 10s (default)
2023-07-12 21:54:42,784 [om1-impl-thread1] INFO  server.RaftServerConfigKeys (ConfUtils.java:logGet(46)) - raft.server.log.statemachine.data.sync.timeout.retry = -1 (default)
2023-07-12 21:54:42,785 [om1-impl-thread1] INFO  server.RaftServerConfigKeys (ConfUtils.java:logGet(46)) - raft.server.log.write.buffer.size = 64KB (=65536) (default)
2023-07-12 21:54:42,785 [om1-impl-thread1] INFO  server.RaftServerConfigKeys (ConfUtils.java:logGet(46)) - raft.server.log.appender.buffer.byte-limit = 33554432 (custom)
2023-07-12 21:54:42,787 [om1-impl-thread1] INFO  server.RaftServerConfigKeys (ConfUtils.java:logGet(46)) - raft.server.log.unsafe-flush.enabled = false (default)
2023-07-12 21:54:42,788 [om1-impl-thread1] INFO  server.RaftServerConfigKeys (ConfUtils.java:logGet(46)) - raft.server.log.async-flush.enabled = false (default)
2023-07-12 21:54:42,788 [om1-impl-thread1] INFO  server.RaftServerConfigKeys (ConfUtils.java:logGet(46)) - raft.server.log.statemachine.data.caching.enabled = false (default)
2023-07-12 21:54:42,788 [om1-impl-thread1] INFO  segmented.SegmentedRaftLogWorker (SegmentedRaftLogWorker.java:lambda$new$0(135)) - om1@group-C5BA1605619E-SegmentedRaftLogWorker: flushIndex: setUnconditionally 0 -> -1
2023-07-12 21:54:42,788 [om1-impl-thread1] INFO  segmented.SegmentedRaftLogWorker (SegmentedRaftLogWorker.java:lambda$new$0(135)) - om1@group-C5BA1605619E-SegmentedRaftLogWorker: safeCacheEvictIndex: setUnconditionally 0 -> -1
2023-07-12 21:54:42,788 [om1-impl-thread1] INFO  server.RaftServer$Division (RaftServerImpl.java:start(342)) - om1@group-C5BA1605619E: start as a follower, conf=-1: peers:[om1|rpc:localhost:15077|priority:0|startupRole:FOLLOWER]|listeners:[], old=null
2023-07-12 21:54:42,788 [om1-impl-thread1] INFO  server.RaftServer$Division (RaftServerImpl.java:setRole(329)) - om1@group-C5BA1605619E: changes role from      null to FOLLOWER at term 0 for startAsFollower
2023-07-12 21:54:42,788 [om1-impl-thread1] INFO  impl.RoleInfo (RoleInfo.java:updateAndGet(139)) - om1: start om1@group-C5BA1605619E-FollowerState
2023-07-12 21:54:42,789 [om1-impl-thread1] INFO  util.JmxRegister (JmxRegister.java:tryRegister(44)) - Successfully registered JMX Bean with object name Ratis:service=RaftServer,group=group-C5BA1605619E,id=om1
2023-07-12 21:54:42,789 [om1@group-C5BA1605619E-FollowerState] INFO  server.RaftServerConfigKeys (ConfUtils.java:logFallback(53)) - raft.server.rpc.first-election.timeout.min = 1s (fallback to raft.server.rpc.timeout.min)
2023-07-12 21:54:42,789 [om1-impl-thread1] INFO  server.RaftServerConfigKeys (ConfUtils.java:logGet(46)) - raft.server.snapshot.auto.trigger.enabled = true (custom)
2023-07-12 21:54:42,789 [om1@group-C5BA1605619E-FollowerState] INFO  server.RaftServerConfigKeys (ConfUtils.java:logFallback(53)) - raft.server.rpc.first-election.timeout.max = 1200ms (fallback to raft.server.rpc.timeout.max)
2023-07-12 21:54:42,789 [om1-impl-thread1] INFO  server.RaftServerConfigKeys (ConfUtils.java:logGet(46)) - raft.server.snapshot.auto.trigger.threshold = 400000 (default)
2023-07-12 21:54:42,789 [om1-impl-thread1] INFO  server.RaftServerConfigKeys (ConfUtils.java:logGet(46)) - raft.server.snapshot.retention.file.num = -1 (default)
2023-07-12 21:54:42,789 [om1-impl-thread1] INFO  server.RaftServerConfigKeys (ConfUtils.java:logGet(46)) - raft.server.log.purge.upto.snapshot.index = true (custom)
2023-07-12 21:54:42,789 [main] INFO  server.RaftServer (RaftServerProxy.java:startImpl(400)) - om1: start RPC server
2023-07-12 21:54:42,792 [main] INFO  server.GrpcService (GrpcService.java:startImpl(302)) - om1: GrpcService started, listening on 15077
2023-07-12 21:54:42,792 [JvmPauseMonitor11] INFO  util.JvmPauseMonitor (JvmPauseMonitor.java:run(103)) - JvmPauseMonitor-om1: Started
2023-07-12 21:54:42,792 [main] INFO  om.OzoneManager (OzoneManager.java:start(1633)) - Version File has different layout version (6) than OM DB (null). That is expected if this OM has never been finalized to a newer layout version.
2023-07-12 21:54:42,795 [main] INFO  http.BaseHttpServer (BaseHttpServer.java:newHttpServer2BuilderForOzone(224)) - Starting Web-server for ozoneManager at: http://0.0.0.0:15075
2023-07-12 21:54:42,795 [main] INFO  http.BaseHttpServer (BaseHttpServer.java:<init>(111)) - Hadoop Security Enabled: false Ozone Security Enabled: false Ozone HTTP Security Enabled: false 
2023-07-12 21:54:42,796 [main] WARN  server.AuthenticationFilter (AuthenticationFilter.java:constructSecretProvider(240)) - Unable to initialize FileSignerSecretProvider, falling back to use random secrets. Reason: Could not read signature secret file: /home/runner/hadoop-http-auth-signature-secret
2023-07-12 21:54:42,797 [main] INFO  http.HttpRequestLog (HttpRequestLog.java:getRequestLog(86)) - Http request log for http.requests.ozoneManager is not defined
2023-07-12 21:54:42,798 [main] INFO  http.HttpServer2 (HttpServer2.java:addGlobalFilter(1031)) - Added global filter 'safety' (class=org.apache.hadoop.hdds.server.http.HttpServer2$QuotingInputFilter)
2023-07-12 21:54:42,799 [main] INFO  http.HttpServer2 (HttpServer2.java:addFilter(1007)) - Added filter static_user_filter (class=org.apache.hadoop.http.lib.StaticUserWebFilter$StaticUserFilter) to context ozoneManager
2023-07-12 21:54:42,799 [main] INFO  http.HttpServer2 (HttpServer2.java:addFilter(1015)) - Added filter static_user_filter (class=org.apache.hadoop.http.lib.StaticUserWebFilter$StaticUserFilter) to context static
2023-07-12 21:54:42,799 [main] INFO  http.HttpServer2 (HttpServer2.java:addFilter(1015)) - Added filter static_user_filter (class=org.apache.hadoop.http.lib.StaticUserWebFilter$StaticUserFilter) to context logs
2023-07-12 21:54:42,799 [main] INFO  http.BaseHttpServer (BaseHttpServer.java:<init>(190)) - HTTP server of ozoneManager uses base directory /home/runner/work/ozone/ozone/hadoop-ozone/integration-test/target/test-dir/MiniOzoneClusterImpl-cd6376e5-088e-4fb5-a36e-c0bbc8ba407a/ozone-meta/webserver
2023-07-12 21:54:42,800 [main] INFO  http.HttpServer2 (HttpServer2.java:bindListener(1250)) - Jetty bound to port 15075
2023-07-12 21:54:42,801 [main] INFO  server.Server (Server.java:doStart(375)) - jetty-9.4.51.v20230217; built: 2023-02-17T08:19:37.309Z; git: b45c405e4544384de066f814ed42ae3dceacdd49; jvm 1.8.0_372-b07
2023-07-12 21:54:42,802 [main] INFO  server.session (DefaultSessionIdManager.java:doStart(334)) - DefaultSessionIdManager workerName=node0
2023-07-12 21:54:42,802 [main] INFO  server.session (DefaultSessionIdManager.java:doStart(339)) - No SessionScavenger set, using defaults
2023-07-12 21:54:42,802 [main] INFO  server.session (HouseKeeper.java:startScavenging(132)) - node0 Scavenging every 660000ms
2023-07-12 21:54:42,803 [main] INFO  handler.ContextHandler (ContextHandler.java:doStart(921)) - Started o.e.j.s.ServletContextHandler@283778be{logs,/logs,file:///home/runner/work/ozone/ozone/hadoop-ozone/integration-test/target/log,AVAILABLE}
2023-07-12 21:54:42,803 [main] INFO  handler.ContextHandler (ContextHandler.java:doStart(921)) - Started o.e.j.s.ServletContextHandler@28b35a5b{static,/static,file:///home/runner/work/ozone/ozone/hadoop-ozone/integration-test/target/test-classes/webapps/static,AVAILABLE}
2023-07-12 21:54:42,806 [main] INFO  handler.ContextHandler (ContextHandler.java:doStart(921)) - Started o.e.j.w.WebAppContext@73e4e754{ozoneManager,/,file:///home/runner/work/ozone/ozone/hadoop-ozone/integration-test/target/test-classes/webapps/ozoneManager/,AVAILABLE}{file:/home/runner/work/ozone/ozone/hadoop-ozone/integration-test/target/test-classes/webapps/ozoneManager}
2023-07-12 21:54:42,807 [main] INFO  server.AbstractConnector (AbstractConnector.java:doStart(333)) - Started ServerConnector@75ad4dab{HTTP/1.1, (http/1.1)}{0.0.0.0:15075}
2023-07-12 21:54:42,807 [main] INFO  server.Server (Server.java:doStart(415)) - Started @93064ms
2023-07-12 21:54:42,807 [main] WARN  impl.MetricsSystemImpl (MetricsSystemImpl.java:register(279)) - Sink prometheus already exists!
2023-07-12 21:54:42,808 [main] INFO  http.BaseHttpServer (BaseHttpServer.java:updateConnectorAddress(344)) - HTTP server of ozoneManager listening at http://0.0.0.0:15075
2023-07-12 21:54:42,808 [IPC Server Responder] INFO  ipc.Server (Server.java:run(1562)) - IPC Server Responder: starting
2023-07-12 21:54:42,809 [IPC Server listener on 15074] INFO  ipc.Server (Server.java:run(1402)) - IPC Server listener on 15074: starting
2023-07-12 21:54:42,819 [main] INFO  om.OzoneManager (OzoneManager.java:startTrashEmptier(2092)) - Trash Interval set to 0. Files deleted won't move to trash
2023-07-12 21:54:42,835 [main] WARN  impl.MetricRegistriesImpl (MetricRegistriesImpl.java:addReporterRegistration(111)) - New reporters are added after registries were created. Some metrics will be missing from the reporter. Please add reporter before adding any new registry.
2023-07-12 21:54:42,835 [main] WARN  impl.MetricRegistriesImpl (MetricRegistriesImpl.java:addReporterRegistration(111)) - New reporters are added after registries were created. Some metrics will be missing from the reporter. Please add reporter before adding any new registry.
2023-07-12 21:54:42,835 [main] INFO  impl.MetricsSystemImpl (MetricsSystemImpl.java:init(158)) - HddsDatanode metrics system started (again)
2023-07-12 21:54:42,847 [main] INFO  ozone.HddsDatanodeService (HddsDatanodeService.java:start(237)) - HddsDatanodeService host:fv-az670-842.vvj1krob40nuzn3jnzu5queufe.phxx.internal.cloudapp.net ip:10.1.0.20
2023-07-12 21:54:42,873 [main] INFO  upgrade.AbstractLayoutVersionManager (AbstractLayoutVersionManager.java:init(83)) - Initializing Layout version manager with metadata layout = HADOOP_PRC_PORTS_IN_DATANODEDETAILS (version = 7), software layout = HADOOP_PRC_PORTS_IN_DATANODEDETAILS (version = 7)
2023-07-12 21:54:42,874 [main] INFO  statemachine.DatanodeStateMachine (DatanodeStateMachine.java:getEndPointTaskThreadPoolSize(279)) - Datanode State Machine Task Thread Pool size 2
2023-07-12 21:54:42,875 [main] INFO  volume.HddsVolume (HddsVolume.java:<init>(133)) - Creating HddsVolume: /home/runner/work/ozone/ozone/hadoop-ozone/integration-test/target/test-dir/MiniOzoneClusterImpl-cd6376e5-088e-4fb5-a36e-c0bbc8ba407a/datanode-0/data-0/containers/hdds of storage type : DISK capacity : 9223372036854775807
2023-07-12 21:54:42,875 [main] INFO  volume.MutableVolumeSet (MutableVolumeSet.java:initializeVolumeSet(175)) - Added Volume : /home/runner/work/ozone/ozone/hadoop-ozone/integration-test/target/test-dir/MiniOzoneClusterImpl-cd6376e5-088e-4fb5-a36e-c0bbc8ba407a/datanode-0/data-0/containers/hdds to VolumeSet
2023-07-12 21:54:42,875 [main] INFO  volume.ThrottledAsyncChecker (ThrottledAsyncChecker.java:schedule(141)) - Scheduling a check for /home/runner/work/ozone/ozone/hadoop-ozone/integration-test/target/test-dir/MiniOzoneClusterImpl-cd6376e5-088e-4fb5-a36e-c0bbc8ba407a/datanode-0/data-0/containers/hdds
2023-07-12 21:54:42,876 [main] INFO  volume.StorageVolumeChecker (StorageVolumeChecker.java:checkAllVolumes(202)) - Scheduled health check for volume /home/runner/work/ozone/ozone/hadoop-ozone/integration-test/target/test-dir/MiniOzoneClusterImpl-cd6376e5-088e-4fb5-a36e-c0bbc8ba407a/datanode-0/data-0/containers/hdds
2023-07-12 21:54:42,878 [main] INFO  volume.MutableVolumeSet (MutableVolumeSet.java:initializeVolumeSet(175)) - Added Volume : /home/runner/work/ozone/ozone/hadoop-ozone/integration-test/target/test-dir/MiniOzoneClusterImpl-cd6376e5-088e-4fb5-a36e-c0bbc8ba407a/datanode-0/data/ratis to VolumeSet
2023-07-12 21:54:42,879 [main] INFO  volume.ThrottledAsyncChecker (ThrottledAsyncChecker.java:schedule(141)) - Scheduling a check for /home/runner/work/ozone/ozone/hadoop-ozone/integration-test/target/test-dir/MiniOzoneClusterImpl-cd6376e5-088e-4fb5-a36e-c0bbc8ba407a/datanode-0/data/ratis
2023-07-12 21:54:42,879 [main] INFO  volume.StorageVolumeChecker (StorageVolumeChecker.java:checkAllVolumes(202)) - Scheduled health check for volume /home/runner/work/ozone/ozone/hadoop-ozone/integration-test/target/test-dir/MiniOzoneClusterImpl-cd6376e5-088e-4fb5-a36e-c0bbc8ba407a/datanode-0/data/ratis
2023-07-12 21:54:42,884 [Thread-1833] INFO  ozoneimpl.ContainerReader (ContainerReader.java:readVolume(175)) - Finish verifying containers on volume /home/runner/work/ozone/ozone/hadoop-ozone/integration-test/target/test-dir/MiniOzoneClusterImpl-cd6376e5-088e-4fb5-a36e-c0bbc8ba407a/datanode-0/data-0/containers/hdds
2023-07-12 21:54:42,884 [main] INFO  ozoneimpl.OzoneContainer (OzoneContainer.java:buildContainerSet(316)) - Build ContainerSet costs 0s
2023-07-12 21:54:42,886 [main] INFO  server.RaftServer (ConfUtils.java:logGet(46)) - raft.rpc.type = GRPC (default)
2023-07-12 21:54:42,887 [main] INFO  grpc.GrpcConfigKeys (ConfUtils.java:logFallback(53)) - raft.grpc.admin.host = null (fallback to raft.grpc.server.host)
2023-07-12 21:54:42,887 [main] INFO  grpc.GrpcConfigKeys (ConfUtils.java:logGet(46)) - raft.grpc.admin.port = 15083 (custom)
2023-07-12 21:54:42,887 [main] INFO  grpc.GrpcConfigKeys (ConfUtils.java:logFallback(53)) - raft.grpc.client.host = null (fallback to raft.grpc.server.host)
2023-07-12 21:54:42,887 [main] INFO  grpc.GrpcConfigKeys (ConfUtils.java:logGet(46)) - raft.grpc.client.port = 15082 (custom)
2023-07-12 21:54:42,887 [main] INFO  grpc.GrpcConfigKeys (ConfUtils.java:logGet(46)) - raft.grpc.server.host = null (default)
2023-07-12 21:54:42,887 [main] INFO  grpc.GrpcConfigKeys (ConfUtils.java:logGet(46)) - raft.grpc.server.port = 15084 (custom)
2023-07-12 21:54:42,887 [main] INFO  server.GrpcService (ConfUtils.java:logGet(46)) - raft.grpc.message.size.max = 32MB (=33554432) (custom)
2023-07-12 21:54:42,887 [main] INFO  server.RaftServerConfigKeys (ConfUtils.java:logGet(46)) - raft.server.log.appender.buffer.byte-limit = 33554432 (custom)
2023-07-12 21:54:42,888 [main] INFO  server.GrpcService (ConfUtils.java:logGet(46)) - raft.grpc.flow.control.window = 5MB (=5242880) (custom)
2023-07-12 21:54:42,888 [main] INFO  server.RaftServerConfigKeys (ConfUtils.java:logGet(46)) - raft.server.rpc.request.timeout = 60s (custom)
2023-07-12 21:54:42,888 [main] INFO  grpc.GrpcConfigKeys (ConfUtils.java:logGet(46)) - raft.grpc.server.heartbeat.channel = true (default)
2023-07-12 21:54:42,888 [main] INFO  grpc.GrpcConfigKeys (ConfUtils.java:logGet(46)) - raft.grpc.server.async.request.thread.pool.cached = true (default)
2023-07-12 21:54:42,888 [main] INFO  grpc.GrpcConfigKeys (ConfUtils.java:logGet(46)) - raft.grpc.server.async.request.thread.pool.size = 32 (default)
2023-07-12 21:54:42,890 [main] INFO  impl.DataStreamServerImpl (ConfUtils.java:logGet(46)) - raft.datastream.type = NETTY (custom)
2023-07-12 21:54:42,890 [main] INFO  server.RaftServerConfigKeys (ConfUtils.java:logGet(46)) - raft.server.data-stream.async.request.thread.pool.cached = false (default)
2023-07-12 21:54:42,890 [main] INFO  server.RaftServerConfigKeys (ConfUtils.java:logGet(46)) - raft.server.data-stream.async.request.thread.pool.size = 20 (custom)
2023-07-12 21:54:42,891 [main] INFO  server.RaftServerConfigKeys (ConfUtils.java:logGet(46)) - raft.server.data-stream.async.write.thread.pool.size = 16 (default)
2023-07-12 21:54:42,891 [main] INFO  server.RaftServerConfigKeys (ConfUtils.java:logGet(46)) - raft.server.data-stream.client.pool.size = 10 (default)
2023-07-12 21:54:42,891 [main] INFO  netty.NettyConfigKeys$DataStream (ConfUtils.java:logGet(46)) - raft.netty.dataStream.server.use-epoll = false (default)
2023-07-12 21:54:42,891 [main] INFO  netty.NettyConfigKeys$DataStream (ConfUtils.java:logGet(46)) - raft.netty.dataStream.server.boss-group.size = 0 (default)
2023-07-12 21:54:42,891 [main] INFO  netty.NettyConfigKeys$DataStream (ConfUtils.java:logGet(46)) - raft.netty.dataStream.server.worker-group.size = 0 (default)
2023-07-12 21:54:42,892 [main] INFO  netty.NettyConfigKeys$DataStream (ConfUtils.java:logGet(46)) - raft.netty.dataStream.server.tls.conf = null (default)
2023-07-12 21:54:42,892 [main] INFO  netty.NettyConfigKeys$DataStream (ConfUtils.java:logGet(46)) - raft.netty.dataStream.host = null (default)
2023-07-12 21:54:42,892 [main] INFO  netty.NettyConfigKeys$DataStream (ConfUtils.java:logGet(46)) - raft.netty.dataStream.port = 15085 (custom)
2023-07-12 21:54:42,892 [main] INFO  server.RaftServerConfigKeys (ConfUtils.java:logGet(46)) - raft.server.threadpool.proxy.cached = true (default)
2023-07-12 21:54:42,892 [main] INFO  server.RaftServerConfigKeys (ConfUtils.java:logGet(46)) - raft.server.threadpool.proxy.size = 0 (default)
2023-07-12 21:54:42,892 [main] INFO  server.RaftServerConfigKeys (ConfUtils.java:logGet(46)) - raft.server.rpc.slowness.timeout = 300s (custom)
2023-07-12 21:54:42,893 [main] INFO  server.RaftServerConfigKeys (ConfUtils.java:logGet(46)) - raft.server.leaderelection.leader.step-down.wait-time = 10s (default)
2023-07-12 21:54:42,893 [main] INFO  server.RaftServerConfigKeys (ConfUtils.java:logGet(46)) - raft.server.storage.dir = [/home/runner/work/ozone/ozone/hadoop-ozone/integration-test/target/test-dir/MiniOzoneClusterImpl-cd6376e5-088e-4fb5-a36e-c0bbc8ba407a/datanode-0/data/ratis] (custom)
2023-07-12 21:54:42,894 [1168ba7a-e337-4443-965f-a0107b7c0c08-NettyServerStreamRpc-bossGroup--thread1] INFO  logging.LoggingHandler (AbstractInternalLogger.java:log(148)) - [id: 0x542f62f5] REGISTERED
2023-07-12 21:54:42,894 [1168ba7a-e337-4443-965f-a0107b7c0c08-NettyServerStreamRpc-bossGroup--thread1] INFO  logging.LoggingHandler (AbstractInternalLogger.java:log(148)) - [id: 0x542f62f5] BIND: 0.0.0.0/0.0.0.0:15085
2023-07-12 21:54:42,894 [1168ba7a-e337-4443-965f-a0107b7c0c08-NettyServerStreamRpc-bossGroup--thread1] INFO  logging.LoggingHandler (AbstractInternalLogger.java:log(148)) - [id: 0x542f62f5, L:/0:0:0:0:0:0:0:0:15085] ACTIVE
2023-07-12 21:54:42,895 [main] INFO  server.XceiverServerGrpc (XceiverServerGrpc.java:<init>(132)) - GrpcServer channel type EpollServerSocketChannel
2023-07-12 21:54:42,897 [main] INFO  replication.ReplicationSupervisor (ReplicationSupervisor.java:nodeStateUpdated(305)) - Node state updated to IN_SERVICE, scaling executor pool size to 10
2023-07-12 21:54:42,899 [main] INFO  http.BaseHttpServer (BaseHttpServer.java:newHttpServer2BuilderForOzone(224)) - Starting Web-server for hddsDatanode at: http://0.0.0.0:15079
2023-07-12 21:54:42,899 [main] INFO  http.BaseHttpServer (BaseHttpServer.java:<init>(111)) - Hadoop Security Enabled: false Ozone Security Enabled: false Ozone HTTP Security Enabled: false 
2023-07-12 21:54:42,900 [main] WARN  server.AuthenticationFilter (AuthenticationFilter.java:constructSecretProvider(240)) - Unable to initialize FileSignerSecretProvider, falling back to use random secrets. Reason: Could not read signature secret file: /home/runner/hadoop-http-auth-signature-secret
2023-07-12 21:54:42,901 [main] INFO  http.HttpRequestLog (HttpRequestLog.java:getRequestLog(86)) - Http request log for http.requests.hddsDatanode is not defined
2023-07-12 21:54:42,902 [main] INFO  http.HttpServer2 (HttpServer2.java:addGlobalFilter(1031)) - Added global filter 'safety' (class=org.apache.hadoop.hdds.server.http.HttpServer2$QuotingInputFilter)
2023-07-12 21:54:42,903 [main] INFO  http.HttpServer2 (HttpServer2.java:addFilter(1007)) - Added filter static_user_filter (class=org.apache.hadoop.http.lib.StaticUserWebFilter$StaticUserFilter) to context hddsDatanode
2023-07-12 21:54:42,903 [main] INFO  http.HttpServer2 (HttpServer2.java:addFilter(1015)) - Added filter static_user_filter (class=org.apache.hadoop.http.lib.StaticUserWebFilter$StaticUserFilter) to context static
2023-07-12 21:54:42,903 [main] INFO  http.HttpServer2 (HttpServer2.java:addFilter(1015)) - Added filter static_user_filter (class=org.apache.hadoop.http.lib.StaticUserWebFilter$StaticUserFilter) to context logs
2023-07-12 21:54:42,903 [main] INFO  http.BaseHttpServer (BaseHttpServer.java:<init>(190)) - HTTP server of hddsDatanode uses base directory /home/runner/work/ozone/ozone/hadoop-ozone/integration-test/target/test-dir/MiniOzoneClusterImpl-cd6376e5-088e-4fb5-a36e-c0bbc8ba407a/datanode-0/meta/webserver
2023-07-12 21:54:42,903 [main] INFO  http.HttpServer2 (HttpServer2.java:bindListener(1250)) - Jetty bound to port 15079
2023-07-12 21:54:42,904 [main] INFO  server.Server (Server.java:doStart(375)) - jetty-9.4.51.v20230217; built: 2023-02-17T08:19:37.309Z; git: b45c405e4544384de066f814ed42ae3dceacdd49; jvm 1.8.0_372-b07
2023-07-12 21:54:42,905 [main] INFO  server.session (DefaultSessionIdManager.java:doStart(334)) - DefaultSessionIdManager workerName=node0
2023-07-12 21:54:42,905 [main] INFO  server.session (DefaultSessionIdManager.java:doStart(339)) - No SessionScavenger set, using defaults
2023-07-12 21:54:42,905 [main] INFO  server.session (HouseKeeper.java:startScavenging(132)) - node0 Scavenging every 600000ms
2023-07-12 21:54:42,905 [main] INFO  handler.ContextHandler (ContextHandler.java:doStart(921)) - Started o.e.j.s.ServletContextHandler@1a6c58b5{logs,/logs,file:///home/runner/work/ozone/ozone/hadoop-ozone/integration-test/target/log,AVAILABLE}
2023-07-12 21:54:42,906 [main] INFO  handler.ContextHandler (ContextHandler.java:doStart(921)) - Started o.e.j.s.ServletContextHandler@5f3e9919{static,/static,jar:file:/home/runner/.m2/repository/org/apache/ozone/hdds-container-service/1.4.0-SNAPSHOT/hdds-container-service-1.4.0-SNAPSHOT.jar!/webapps/static,AVAILABLE}
2023-07-12 21:54:43,111 [main] INFO  handler.ContextHandler (ContextHandler.java:doStart(921)) - Started o.e.j.w.WebAppContext@34c425fb{hddsDatanode,/,file:///home/runner/work/ozone/ozone/hadoop-ozone/integration-test/target/test-dir/MiniOzoneClusterImpl-cd6376e5-088e-4fb5-a36e-c0bbc8ba407a/datanode-0/meta/webserver/jetty-0_0_0_0-15079-hdds-container-service-1_4_0-SNAPSHOT_jar-_-any-3253427685412106004/webapp/,AVAILABLE}{jar:file:/home/runner/.m2/repository/org/apache/ozone/hdds-container-service/1.4.0-SNAPSHOT/hdds-container-service-1.4.0-SNAPSHOT.jar!/webapps/hddsDatanode}
2023-07-12 21:54:43,112 [main] INFO  server.AbstractConnector (AbstractConnector.java:doStart(333)) - Started ServerConnector@6a939fb2{HTTP/1.1, (http/1.1)}{0.0.0.0:15079}
2023-07-12 21:54:43,112 [main] INFO  server.Server (Server.java:doStart(415)) - Started @93369ms
2023-07-12 21:54:43,112 [main] WARN  impl.MetricsSystemImpl (MetricsSystemImpl.java:register(279)) - Sink prometheus already exists!
2023-07-12 21:54:43,113 [main] INFO  http.BaseHttpServer (BaseHttpServer.java:updateConnectorAddress(344)) - HTTP server of hddsDatanode listening at http://0.0.0.0:15079
2023-07-12 21:54:43,113 [main] INFO  ipc.CallQueueManager (CallQueueManager.java:<init>(90)) - Using callQueue: class java.util.concurrent.LinkedBlockingQueue, queueCapacity: 100, scheduler: class org.apache.hadoop.ipc.DefaultRpcScheduler, ipcBackoff: false.
2023-07-12 21:54:43,114 [main] INFO  ipc.Server (Server.java:<init>(1287)) - Listener at 0.0.0.0:15080
2023-07-12 21:54:43,114 [Socket Reader #1 for port 15080] INFO  ipc.Server (Server.java:run(1323)) - Starting Socket Reader #1 for port 15080
2023-07-12 21:54:43,115 [main] INFO  ozone.HddsDatanodeService (HddsDatanodeService.java:start(315)) - Datanode start with admins: [runner]
2023-07-12 21:54:43,115 [main] INFO  ozone.HddsDatanodeClientProtocolServer (HddsDatanodeClientProtocolServer.java:start(72)) - RPC server for Client /0.0.0.0:15080
2023-07-12 21:54:43,116 [IPC Server Responder] INFO  ipc.Server (Server.java:run(1562)) - IPC Server Responder: starting
2023-07-12 21:54:43,116 [Datanode State Machine Daemon Thread] INFO  statemachine.DatanodeStateMachine (DatanodeStateMachine.java:lambda$startDaemon$0(531)) - Ozone container server started.
2023-07-12 21:54:43,116 [main] WARN  impl.MetricRegistriesImpl (MetricRegistriesImpl.java:addReporterRegistration(111)) - New reporters are added after registries were created. Some metrics will be missing from the reporter. Please add reporter before adding any new registry.
2023-07-12 21:54:43,117 [main] WARN  impl.MetricRegistriesImpl (MetricRegistriesImpl.java:addReporterRegistration(111)) - New reporters are added after registries were created. Some metrics will be missing from the reporter. Please add reporter before adding any new registry.
2023-07-12 21:54:43,117 [main] INFO  impl.MetricsSystemImpl (MetricsSystemImpl.java:init(158)) - HddsDatanode metrics system started (again)
2023-07-12 21:54:43,127 [IPC Server listener on 15080] INFO  ipc.Server (Server.java:run(1402)) - IPC Server listener on 15080: starting
2023-07-12 21:54:43,130 [main] INFO  ozone.HddsDatanodeService (HddsDatanodeService.java:start(237)) - HddsDatanodeService host:fv-az670-842.vvj1krob40nuzn3jnzu5queufe.phxx.internal.cloudapp.net ip:10.1.0.20
2023-07-12 21:54:43,134 [Datanode State Machine Task Thread - 0] INFO  datanode.InitDatanodeState (InitDatanodeState.java:persistContainerDatanodeDetails(138)) - DatanodeDetails is persisted to /home/runner/work/ozone/ozone/hadoop-ozone/integration-test/target/test-dir/MiniOzoneClusterImpl-cd6376e5-088e-4fb5-a36e-c0bbc8ba407a/datanode-0/meta/datanode.id
2023-07-12 21:54:43,150 [main] INFO  upgrade.AbstractLayoutVersionManager (AbstractLayoutVersionManager.java:init(83)) - Initializing Layout version manager with metadata layout = HADOOP_PRC_PORTS_IN_DATANODEDETAILS (version = 7), software layout = HADOOP_PRC_PORTS_IN_DATANODEDETAILS (version = 7)
2023-07-12 21:54:43,151 [main] INFO  statemachine.DatanodeStateMachine (DatanodeStateMachine.java:getEndPointTaskThreadPoolSize(279)) - Datanode State Machine Task Thread Pool size 2
2023-07-12 21:54:43,152 [main] INFO  volume.HddsVolume (HddsVolume.java:<init>(133)) - Creating HddsVolume: /home/runner/work/ozone/ozone/hadoop-ozone/integration-test/target/test-dir/MiniOzoneClusterImpl-cd6376e5-088e-4fb5-a36e-c0bbc8ba407a/datanode-1/data-0/containers/hdds of storage type : DISK capacity : 9223372036854775807
2023-07-12 21:54:43,152 [main] INFO  volume.MutableVolumeSet (MutableVolumeSet.java:initializeVolumeSet(175)) - Added Volume : /home/runner/work/ozone/ozone/hadoop-ozone/integration-test/target/test-dir/MiniOzoneClusterImpl-cd6376e5-088e-4fb5-a36e-c0bbc8ba407a/datanode-1/data-0/containers/hdds to VolumeSet
2023-07-12 21:54:43,152 [main] INFO  volume.ThrottledAsyncChecker (ThrottledAsyncChecker.java:schedule(141)) - Scheduling a check for /home/runner/work/ozone/ozone/hadoop-ozone/integration-test/target/test-dir/MiniOzoneClusterImpl-cd6376e5-088e-4fb5-a36e-c0bbc8ba407a/datanode-1/data-0/containers/hdds
2023-07-12 21:54:43,153 [main] INFO  volume.StorageVolumeChecker (StorageVolumeChecker.java:checkAllVolumes(202)) - Scheduled health check for volume /home/runner/work/ozone/ozone/hadoop-ozone/integration-test/target/test-dir/MiniOzoneClusterImpl-cd6376e5-088e-4fb5-a36e-c0bbc8ba407a/datanode-1/data-0/containers/hdds
2023-07-12 21:54:43,156 [main] INFO  volume.MutableVolumeSet (MutableVolumeSet.java:initializeVolumeSet(175)) - Added Volume : /home/runner/work/ozone/ozone/hadoop-ozone/integration-test/target/test-dir/MiniOzoneClusterImpl-cd6376e5-088e-4fb5-a36e-c0bbc8ba407a/datanode-1/data/ratis to VolumeSet
2023-07-12 21:54:43,156 [main] INFO  volume.ThrottledAsyncChecker (ThrottledAsyncChecker.java:schedule(141)) - Scheduling a check for /home/runner/work/ozone/ozone/hadoop-ozone/integration-test/target/test-dir/MiniOzoneClusterImpl-cd6376e5-088e-4fb5-a36e-c0bbc8ba407a/datanode-1/data/ratis
2023-07-12 21:54:43,157 [main] INFO  volume.StorageVolumeChecker (StorageVolumeChecker.java:checkAllVolumes(202)) - Scheduled health check for volume /home/runner/work/ozone/ozone/hadoop-ozone/integration-test/target/test-dir/MiniOzoneClusterImpl-cd6376e5-088e-4fb5-a36e-c0bbc8ba407a/datanode-1/data/ratis
2023-07-12 21:54:43,159 [Thread-1850] INFO  ozoneimpl.ContainerReader (ContainerReader.java:readVolume(175)) - Finish verifying containers on volume /home/runner/work/ozone/ozone/hadoop-ozone/integration-test/target/test-dir/MiniOzoneClusterImpl-cd6376e5-088e-4fb5-a36e-c0bbc8ba407a/datanode-1/data-0/containers/hdds
2023-07-12 21:54:43,159 [main] INFO  ozoneimpl.OzoneContainer (OzoneContainer.java:buildContainerSet(316)) - Build ContainerSet costs 0s
2023-07-12 21:54:43,160 [main] INFO  server.RaftServer (ConfUtils.java:logGet(46)) - raft.rpc.type = GRPC (default)
2023-07-12 21:54:43,161 [main] INFO  grpc.GrpcConfigKeys (ConfUtils.java:logFallback(53)) - raft.grpc.admin.host = null (fallback to raft.grpc.server.host)
2023-07-12 21:54:43,161 [main] INFO  grpc.GrpcConfigKeys (ConfUtils.java:logGet(46)) - raft.grpc.admin.port = 15092 (custom)
2023-07-12 21:54:43,161 [main] INFO  grpc.GrpcConfigKeys (ConfUtils.java:logFallback(53)) - raft.grpc.client.host = null (fallback to raft.grpc.server.host)
2023-07-12 21:54:43,161 [main] INFO  grpc.GrpcConfigKeys (ConfUtils.java:logGet(46)) - raft.grpc.client.port = 15091 (custom)
2023-07-12 21:54:43,161 [main] INFO  grpc.GrpcConfigKeys (ConfUtils.java:logGet(46)) - raft.grpc.server.host = null (default)
2023-07-12 21:54:43,161 [main] INFO  grpc.GrpcConfigKeys (ConfUtils.java:logGet(46)) - raft.grpc.server.port = 15093 (custom)
2023-07-12 21:54:43,161 [main] INFO  server.GrpcService (ConfUtils.java:logGet(46)) - raft.grpc.message.size.max = 32MB (=33554432) (custom)
2023-07-12 21:54:43,162 [main] INFO  server.RaftServerConfigKeys (ConfUtils.java:logGet(46)) - raft.server.log.appender.buffer.byte-limit = 33554432 (custom)
2023-07-12 21:54:43,162 [main] INFO  server.GrpcService (ConfUtils.java:logGet(46)) - raft.grpc.flow.control.window = 5MB (=5242880) (custom)
2023-07-12 21:54:43,162 [main] INFO  server.RaftServerConfigKeys (ConfUtils.java:logGet(46)) - raft.server.rpc.request.timeout = 60s (custom)
2023-07-12 21:54:43,162 [main] INFO  grpc.GrpcConfigKeys (ConfUtils.java:logGet(46)) - raft.grpc.server.heartbeat.channel = true (default)
2023-07-12 21:54:43,162 [main] INFO  grpc.GrpcConfigKeys (ConfUtils.java:logGet(46)) - raft.grpc.server.async.request.thread.pool.cached = true (default)
2023-07-12 21:54:43,162 [main] INFO  grpc.GrpcConfigKeys (ConfUtils.java:logGet(46)) - raft.grpc.server.async.request.thread.pool.size = 32 (default)
2023-07-12 21:54:43,164 [main] INFO  impl.DataStreamServerImpl (ConfUtils.java:logGet(46)) - raft.datastream.type = NETTY (custom)
2023-07-12 21:54:43,164 [main] INFO  server.RaftServerConfigKeys (ConfUtils.java:logGet(46)) - raft.server.data-stream.async.request.thread.pool.cached = false (default)
2023-07-12 21:54:43,164 [main] INFO  server.RaftServerConfigKeys (ConfUtils.java:logGet(46)) - raft.server.data-stream.async.request.thread.pool.size = 20 (custom)
2023-07-12 21:54:43,165 [main] INFO  server.RaftServerConfigKeys (ConfUtils.java:logGet(46)) - raft.server.data-stream.async.write.thread.pool.size = 16 (default)
2023-07-12 21:54:43,165 [main] INFO  server.RaftServerConfigKeys (ConfUtils.java:logGet(46)) - raft.server.data-stream.client.pool.size = 10 (default)
2023-07-12 21:54:43,165 [main] INFO  netty.NettyConfigKeys$DataStream (ConfUtils.java:logGet(46)) - raft.netty.dataStream.server.use-epoll = false (default)
2023-07-12 21:54:43,165 [main] INFO  netty.NettyConfigKeys$DataStream (ConfUtils.java:logGet(46)) - raft.netty.dataStream.server.boss-group.size = 0 (default)
2023-07-12 21:54:43,165 [main] INFO  netty.NettyConfigKeys$DataStream (ConfUtils.java:logGet(46)) - raft.netty.dataStream.server.worker-group.size = 0 (default)
2023-07-12 21:54:43,166 [main] INFO  netty.NettyConfigKeys$DataStream (ConfUtils.java:logGet(46)) - raft.netty.dataStream.server.tls.conf = null (default)
2023-07-12 21:54:43,166 [main] INFO  netty.NettyConfigKeys$DataStream (ConfUtils.java:logGet(46)) - raft.netty.dataStream.host = null (default)
2023-07-12 21:54:43,166 [main] INFO  netty.NettyConfigKeys$DataStream (ConfUtils.java:logGet(46)) - raft.netty.dataStream.port = 15094 (custom)
2023-07-12 21:54:43,166 [main] INFO  server.RaftServerConfigKeys (ConfUtils.java:logGet(46)) - raft.server.threadpool.proxy.cached = true (default)
2023-07-12 21:54:43,166 [main] INFO  server.RaftServerConfigKeys (ConfUtils.java:logGet(46)) - raft.server.threadpool.proxy.size = 0 (default)
2023-07-12 21:54:43,166 [main] INFO  server.RaftServerConfigKeys (ConfUtils.java:logGet(46)) - raft.server.rpc.slowness.timeout = 300s (custom)
2023-07-12 21:54:43,167 [main] INFO  server.RaftServerConfigKeys (ConfUtils.java:logGet(46)) - raft.server.leaderelection.leader.step-down.wait-time = 10s (default)
2023-07-12 21:54:43,167 [main] INFO  server.RaftServerConfigKeys (ConfUtils.java:logGet(46)) - raft.server.storage.dir = [/home/runner/work/ozone/ozone/hadoop-ozone/integration-test/target/test-dir/MiniOzoneClusterImpl-cd6376e5-088e-4fb5-a36e-c0bbc8ba407a/datanode-1/data/ratis] (custom)
2023-07-12 21:54:43,169 [840e6222-e2bf-4d59-97a6-2daf7d45cde1-NettyServerStreamRpc-bossGroup--thread1] INFO  logging.LoggingHandler (AbstractInternalLogger.java:log(148)) - [id: 0xafba9c39] REGISTERED
2023-07-12 21:54:43,169 [840e6222-e2bf-4d59-97a6-2daf7d45cde1-NettyServerStreamRpc-bossGroup--thread1] INFO  logging.LoggingHandler (AbstractInternalLogger.java:log(148)) - [id: 0xafba9c39] BIND: 0.0.0.0/0.0.0.0:15094
2023-07-12 21:54:43,170 [840e6222-e2bf-4d59-97a6-2daf7d45cde1-NettyServerStreamRpc-bossGroup--thread1] INFO  logging.LoggingHandler (AbstractInternalLogger.java:log(148)) - [id: 0xafba9c39, L:/0:0:0:0:0:0:0:0:15094] ACTIVE
2023-07-12 21:54:43,171 [main] INFO  server.XceiverServerGrpc (XceiverServerGrpc.java:<init>(132)) - GrpcServer channel type EpollServerSocketChannel
2023-07-12 21:54:43,172 [main] INFO  replication.ReplicationSupervisor (ReplicationSupervisor.java:nodeStateUpdated(305)) - Node state updated to IN_SERVICE, scaling executor pool size to 10
2023-07-12 21:54:43,174 [main] INFO  http.BaseHttpServer (BaseHttpServer.java:newHttpServer2BuilderForOzone(224)) - Starting Web-server for hddsDatanode at: http://0.0.0.0:15088
2023-07-12 21:54:43,174 [main] INFO  http.BaseHttpServer (BaseHttpServer.java:<init>(111)) - Hadoop Security Enabled: false Ozone Security Enabled: false Ozone HTTP Security Enabled: false 
2023-07-12 21:54:43,175 [main] WARN  server.AuthenticationFilter (AuthenticationFilter.java:constructSecretProvider(240)) - Unable to initialize FileSignerSecretProvider, falling back to use random secrets. Reason: Could not read signature secret file: /home/runner/hadoop-http-auth-signature-secret
2023-07-12 21:54:43,175 [main] INFO  http.HttpRequestLog (HttpRequestLog.java:getRequestLog(86)) - Http request log for http.requests.hddsDatanode is not defined
2023-07-12 21:54:43,177 [main] INFO  http.HttpServer2 (HttpServer2.java:addGlobalFilter(1031)) - Added global filter 'safety' (class=org.apache.hadoop.hdds.server.http.HttpServer2$QuotingInputFilter)
2023-07-12 21:54:43,177 [main] INFO  http.HttpServer2 (HttpServer2.java:addFilter(1007)) - Added filter static_user_filter (class=org.apache.hadoop.http.lib.StaticUserWebFilter$StaticUserFilter) to context hddsDatanode
2023-07-12 21:54:43,177 [main] INFO  http.HttpServer2 (HttpServer2.java:addFilter(1015)) - Added filter static_user_filter (class=org.apache.hadoop.http.lib.StaticUserWebFilter$StaticUserFilter) to context logs
2023-07-12 21:54:43,177 [main] INFO  http.HttpServer2 (HttpServer2.java:addFilter(1015)) - Added filter static_user_filter (class=org.apache.hadoop.http.lib.StaticUserWebFilter$StaticUserFilter) to context static
2023-07-12 21:54:43,178 [main] INFO  http.BaseHttpServer (BaseHttpServer.java:<init>(190)) - HTTP server of hddsDatanode uses base directory /home/runner/work/ozone/ozone/hadoop-ozone/integration-test/target/test-dir/MiniOzoneClusterImpl-cd6376e5-088e-4fb5-a36e-c0bbc8ba407a/datanode-1/meta/webserver
2023-07-12 21:54:43,178 [main] INFO  http.HttpServer2 (HttpServer2.java:bindListener(1250)) - Jetty bound to port 15088
2023-07-12 21:54:43,178 [main] INFO  server.Server (Server.java:doStart(375)) - jetty-9.4.51.v20230217; built: 2023-02-17T08:19:37.309Z; git: b45c405e4544384de066f814ed42ae3dceacdd49; jvm 1.8.0_372-b07
2023-07-12 21:54:43,181 [main] INFO  server.session (DefaultSessionIdManager.java:doStart(334)) - DefaultSessionIdManager workerName=node0
2023-07-12 21:54:43,181 [main] INFO  server.session (DefaultSessionIdManager.java:doStart(339)) - No SessionScavenger set, using defaults
2023-07-12 21:54:43,181 [main] INFO  server.session (HouseKeeper.java:startScavenging(132)) - node0 Scavenging every 600000ms
2023-07-12 21:54:43,182 [main] INFO  handler.ContextHandler (ContextHandler.java:doStart(921)) - Started o.e.j.s.ServletContextHandler@11705780{logs,/logs,file:///home/runner/work/ozone/ozone/hadoop-ozone/integration-test/target/log,AVAILABLE}
2023-07-12 21:54:43,182 [main] INFO  handler.ContextHandler (ContextHandler.java:doStart(921)) - Started o.e.j.s.ServletContextHandler@5ed4011a{static,/static,jar:file:/home/runner/.m2/repository/org/apache/ozone/hdds-container-service/1.4.0-SNAPSHOT/hdds-container-service-1.4.0-SNAPSHOT.jar!/webapps/static,AVAILABLE}
2023-07-12 21:54:43,389 [main] INFO  handler.ContextHandler (ContextHandler.java:doStart(921)) - Started o.e.j.w.WebAppContext@287acdcd{hddsDatanode,/,file:///home/runner/work/ozone/ozone/hadoop-ozone/integration-test/target/test-dir/MiniOzoneClusterImpl-cd6376e5-088e-4fb5-a36e-c0bbc8ba407a/datanode-1/meta/webserver/jetty-0_0_0_0-15088-hdds-container-service-1_4_0-SNAPSHOT_jar-_-any-6508591575359401548/webapp/,AVAILABLE}{jar:file:/home/runner/.m2/repository/org/apache/ozone/hdds-container-service/1.4.0-SNAPSHOT/hdds-container-service-1.4.0-SNAPSHOT.jar!/webapps/hddsDatanode}
2023-07-12 21:54:43,390 [main] INFO  server.AbstractConnector (AbstractConnector.java:doStart(333)) - Started ServerConnector@39513f6d{HTTP/1.1, (http/1.1)}{0.0.0.0:15088}
2023-07-12 21:54:43,390 [main] INFO  server.Server (Server.java:doStart(415)) - Started @93647ms
2023-07-12 21:54:43,390 [main] WARN  impl.MetricsSystemImpl (MetricsSystemImpl.java:register(279)) - Sink prometheus already exists!
2023-07-12 21:54:43,391 [main] INFO  http.BaseHttpServer (BaseHttpServer.java:updateConnectorAddress(344)) - HTTP server of hddsDatanode listening at http://0.0.0.0:15088
2023-07-12 21:54:43,391 [main] INFO  ipc.CallQueueManager (CallQueueManager.java:<init>(90)) - Using callQueue: class java.util.concurrent.LinkedBlockingQueue, queueCapacity: 100, scheduler: class org.apache.hadoop.ipc.DefaultRpcScheduler, ipcBackoff: false.
2023-07-12 21:54:43,391 [main] INFO  ipc.Server (Server.java:<init>(1287)) - Listener at 0.0.0.0:15089
2023-07-12 21:54:43,393 [Socket Reader #1 for port 15089] INFO  ipc.Server (Server.java:run(1323)) - Starting Socket Reader #1 for port 15089
2023-07-12 21:54:43,399 [main] INFO  ozone.HddsDatanodeService (HddsDatanodeService.java:start(315)) - Datanode start with admins: [runner]
2023-07-12 21:54:43,399 [main] INFO  ozone.HddsDatanodeClientProtocolServer (HddsDatanodeClientProtocolServer.java:start(72)) - RPC server for Client /0.0.0.0:15089
2023-07-12 21:54:43,400 [IPC Server Responder] INFO  ipc.Server (Server.java:run(1562)) - IPC Server Responder: starting
2023-07-12 21:54:43,400 [IPC Server listener on 15089] INFO  ipc.Server (Server.java:run(1402)) - IPC Server listener on 15089: starting
2023-07-12 21:54:43,405 [Datanode State Machine Daemon Thread] INFO  statemachine.DatanodeStateMachine (DatanodeStateMachine.java:lambda$startDaemon$0(531)) - Ozone container server started.
2023-07-12 21:54:43,405 [main] WARN  impl.MetricRegistriesImpl (MetricRegistriesImpl.java:addReporterRegistration(111)) - New reporters are added after registries were created. Some metrics will be missing from the reporter. Please add reporter before adding any new registry.
2023-07-12 21:54:43,405 [main] WARN  impl.MetricRegistriesImpl (MetricRegistriesImpl.java:addReporterRegistration(111)) - New reporters are added after registries were created. Some metrics will be missing from the reporter. Please add reporter before adding any new registry.
2023-07-12 21:54:43,405 [main] INFO  impl.MetricsSystemImpl (MetricsSystemImpl.java:init(158)) - HddsDatanode metrics system started (again)
2023-07-12 21:54:43,416 [main] INFO  ozone.HddsDatanodeService (HddsDatanodeService.java:start(237)) - HddsDatanodeService host:fv-az670-842.vvj1krob40nuzn3jnzu5queufe.phxx.internal.cloudapp.net ip:10.1.0.20
2023-07-12 21:54:43,434 [Datanode State Machine Task Thread - 0] INFO  datanode.InitDatanodeState (InitDatanodeState.java:persistContainerDatanodeDetails(138)) - DatanodeDetails is persisted to /home/runner/work/ozone/ozone/hadoop-ozone/integration-test/target/test-dir/MiniOzoneClusterImpl-cd6376e5-088e-4fb5-a36e-c0bbc8ba407a/datanode-1/meta/datanode.id
2023-07-12 21:54:43,449 [main] INFO  upgrade.AbstractLayoutVersionManager (AbstractLayoutVersionManager.java:init(83)) - Initializing Layout version manager with metadata layout = HADOOP_PRC_PORTS_IN_DATANODEDETAILS (version = 7), software layout = HADOOP_PRC_PORTS_IN_DATANODEDETAILS (version = 7)
2023-07-12 21:54:43,450 [main] INFO  statemachine.DatanodeStateMachine (DatanodeStateMachine.java:getEndPointTaskThreadPoolSize(279)) - Datanode State Machine Task Thread Pool size 2
2023-07-12 21:54:43,451 [main] INFO  volume.HddsVolume (HddsVolume.java:<init>(133)) - Creating HddsVolume: /home/runner/work/ozone/ozone/hadoop-ozone/integration-test/target/test-dir/MiniOzoneClusterImpl-cd6376e5-088e-4fb5-a36e-c0bbc8ba407a/datanode-2/data-0/containers/hdds of storage type : DISK capacity : 9223372036854775807
2023-07-12 21:54:43,451 [main] INFO  volume.MutableVolumeSet (MutableVolumeSet.java:initializeVolumeSet(175)) - Added Volume : /home/runner/work/ozone/ozone/hadoop-ozone/integration-test/target/test-dir/MiniOzoneClusterImpl-cd6376e5-088e-4fb5-a36e-c0bbc8ba407a/datanode-2/data-0/containers/hdds to VolumeSet
2023-07-12 21:54:43,452 [main] INFO  volume.ThrottledAsyncChecker (ThrottledAsyncChecker.java:schedule(141)) - Scheduling a check for /home/runner/work/ozone/ozone/hadoop-ozone/integration-test/target/test-dir/MiniOzoneClusterImpl-cd6376e5-088e-4fb5-a36e-c0bbc8ba407a/datanode-2/data-0/containers/hdds
2023-07-12 21:54:43,452 [main] INFO  volume.StorageVolumeChecker (StorageVolumeChecker.java:checkAllVolumes(202)) - Scheduled health check for volume /home/runner/work/ozone/ozone/hadoop-ozone/integration-test/target/test-dir/MiniOzoneClusterImpl-cd6376e5-088e-4fb5-a36e-c0bbc8ba407a/datanode-2/data-0/containers/hdds
2023-07-12 21:54:43,455 [main] INFO  volume.MutableVolumeSet (MutableVolumeSet.java:initializeVolumeSet(175)) - Added Volume : /home/runner/work/ozone/ozone/hadoop-ozone/integration-test/target/test-dir/MiniOzoneClusterImpl-cd6376e5-088e-4fb5-a36e-c0bbc8ba407a/datanode-2/data/ratis to VolumeSet
2023-07-12 21:54:43,455 [main] INFO  volume.ThrottledAsyncChecker (ThrottledAsyncChecker.java:schedule(141)) - Scheduling a check for /home/runner/work/ozone/ozone/hadoop-ozone/integration-test/target/test-dir/MiniOzoneClusterImpl-cd6376e5-088e-4fb5-a36e-c0bbc8ba407a/datanode-2/data/ratis
2023-07-12 21:54:43,456 [main] INFO  volume.StorageVolumeChecker (StorageVolumeChecker.java:checkAllVolumes(202)) - Scheduled health check for volume /home/runner/work/ozone/ozone/hadoop-ozone/integration-test/target/test-dir/MiniOzoneClusterImpl-cd6376e5-088e-4fb5-a36e-c0bbc8ba407a/datanode-2/data/ratis
2023-07-12 21:54:43,458 [Thread-1867] INFO  ozoneimpl.ContainerReader (ContainerReader.java:readVolume(175)) - Finish verifying containers on volume /home/runner/work/ozone/ozone/hadoop-ozone/integration-test/target/test-dir/MiniOzoneClusterImpl-cd6376e5-088e-4fb5-a36e-c0bbc8ba407a/datanode-2/data-0/containers/hdds
2023-07-12 21:54:43,458 [main] INFO  ozoneimpl.OzoneContainer (OzoneContainer.java:buildContainerSet(316)) - Build ContainerSet costs 0s
2023-07-12 21:54:43,460 [main] INFO  server.RaftServer (ConfUtils.java:logGet(46)) - raft.rpc.type = GRPC (default)
2023-07-12 21:54:43,461 [main] INFO  grpc.GrpcConfigKeys (ConfUtils.java:logFallback(53)) - raft.grpc.admin.host = null (fallback to raft.grpc.server.host)
2023-07-12 21:54:43,461 [main] INFO  grpc.GrpcConfigKeys (ConfUtils.java:logGet(46)) - raft.grpc.admin.port = 15101 (custom)
2023-07-12 21:54:43,461 [main] INFO  grpc.GrpcConfigKeys (ConfUtils.java:logFallback(53)) - raft.grpc.client.host = null (fallback to raft.grpc.server.host)
2023-07-12 21:54:43,461 [main] INFO  grpc.GrpcConfigKeys (ConfUtils.java:logGet(46)) - raft.grpc.client.port = 15100 (custom)
2023-07-12 21:54:43,461 [main] INFO  grpc.GrpcConfigKeys (ConfUtils.java:logGet(46)) - raft.grpc.server.host = null (default)
2023-07-12 21:54:43,461 [main] INFO  grpc.GrpcConfigKeys (ConfUtils.java:logGet(46)) - raft.grpc.server.port = 15102 (custom)
2023-07-12 21:54:43,461 [main] INFO  server.GrpcService (ConfUtils.java:logGet(46)) - raft.grpc.message.size.max = 32MB (=33554432) (custom)
2023-07-12 21:54:43,461 [main] INFO  server.RaftServerConfigKeys (ConfUtils.java:logGet(46)) - raft.server.log.appender.buffer.byte-limit = 33554432 (custom)
2023-07-12 21:54:43,462 [main] INFO  server.GrpcService (ConfUtils.java:logGet(46)) - raft.grpc.flow.control.window = 5MB (=5242880) (custom)
2023-07-12 21:54:43,462 [main] INFO  server.RaftServerConfigKeys (ConfUtils.java:logGet(46)) - raft.server.rpc.request.timeout = 60s (custom)
2023-07-12 21:54:43,462 [main] INFO  grpc.GrpcConfigKeys (ConfUtils.java:logGet(46)) - raft.grpc.server.heartbeat.channel = true (default)
2023-07-12 21:54:43,462 [main] INFO  grpc.GrpcConfigKeys (ConfUtils.java:logGet(46)) - raft.grpc.server.async.request.thread.pool.cached = true (default)
2023-07-12 21:54:43,462 [main] INFO  grpc.GrpcConfigKeys (ConfUtils.java:logGet(46)) - raft.grpc.server.async.request.thread.pool.size = 32 (default)
2023-07-12 21:54:43,464 [main] INFO  impl.DataStreamServerImpl (ConfUtils.java:logGet(46)) - raft.datastream.type = NETTY (custom)
2023-07-12 21:54:43,464 [main] INFO  server.RaftServerConfigKeys (ConfUtils.java:logGet(46)) - raft.server.data-stream.async.request.thread.pool.cached = false (default)
2023-07-12 21:54:43,465 [main] INFO  server.RaftServerConfigKeys (ConfUtils.java:logGet(46)) - raft.server.data-stream.async.request.thread.pool.size = 20 (custom)
2023-07-12 21:54:43,465 [main] INFO  server.RaftServerConfigKeys (ConfUtils.java:logGet(46)) - raft.server.data-stream.async.write.thread.pool.size = 16 (default)
2023-07-12 21:54:43,465 [main] INFO  server.RaftServerConfigKeys (ConfUtils.java:logGet(46)) - raft.server.data-stream.client.pool.size = 10 (default)
2023-07-12 21:54:43,465 [main] INFO  netty.NettyConfigKeys$DataStream (ConfUtils.java:logGet(46)) - raft.netty.dataStream.server.use-epoll = false (default)
2023-07-12 21:54:43,465 [main] INFO  netty.NettyConfigKeys$DataStream (ConfUtils.java:logGet(46)) - raft.netty.dataStream.server.boss-group.size = 0 (default)
2023-07-12 21:54:43,466 [main] INFO  netty.NettyConfigKeys$DataStream (ConfUtils.java:logGet(46)) - raft.netty.dataStream.server.worker-group.size = 0 (default)
2023-07-12 21:54:43,466 [main] INFO  netty.NettyConfigKeys$DataStream (ConfUtils.java:logGet(46)) - raft.netty.dataStream.server.tls.conf = null (default)
2023-07-12 21:54:43,466 [main] INFO  netty.NettyConfigKeys$DataStream (ConfUtils.java:logGet(46)) - raft.netty.dataStream.host = null (default)
2023-07-12 21:54:43,466 [main] INFO  netty.NettyConfigKeys$DataStream (ConfUtils.java:logGet(46)) - raft.netty.dataStream.port = 15103 (custom)
2023-07-12 21:54:43,466 [main] INFO  server.RaftServerConfigKeys (ConfUtils.java:logGet(46)) - raft.server.threadpool.proxy.cached = true (default)
2023-07-12 21:54:43,467 [main] INFO  server.RaftServerConfigKeys (ConfUtils.java:logGet(46)) - raft.server.threadpool.proxy.size = 0 (default)
2023-07-12 21:54:43,467 [main] INFO  server.RaftServerConfigKeys (ConfUtils.java:logGet(46)) - raft.server.rpc.slowness.timeout = 300s (custom)
2023-07-12 21:54:43,467 [main] INFO  server.RaftServerConfigKeys (ConfUtils.java:logGet(46)) - raft.server.leaderelection.leader.step-down.wait-time = 10s (default)
2023-07-12 21:54:43,467 [main] INFO  server.RaftServerConfigKeys (ConfUtils.java:logGet(46)) - raft.server.storage.dir = [/home/runner/work/ozone/ozone/hadoop-ozone/integration-test/target/test-dir/MiniOzoneClusterImpl-cd6376e5-088e-4fb5-a36e-c0bbc8ba407a/datanode-2/data/ratis] (custom)
2023-07-12 21:54:43,473 [a280a4f0-76da-400d-9632-7196842d80a6-NettyServerStreamRpc-bossGroup--thread1] INFO  logging.LoggingHandler (AbstractInternalLogger.java:log(148)) - [id: 0xe10368a5] REGISTERED
2023-07-12 21:54:43,473 [a280a4f0-76da-400d-9632-7196842d80a6-NettyServerStreamRpc-bossGroup--thread1] INFO  logging.LoggingHandler (AbstractInternalLogger.java:log(148)) - [id: 0xe10368a5] BIND: 0.0.0.0/0.0.0.0:15103
2023-07-12 21:54:43,473 [a280a4f0-76da-400d-9632-7196842d80a6-NettyServerStreamRpc-bossGroup--thread1] INFO  logging.LoggingHandler (AbstractInternalLogger.java:log(148)) - [id: 0xe10368a5, L:/0:0:0:0:0:0:0:0:15103] ACTIVE
2023-07-12 21:54:43,475 [main] INFO  server.XceiverServerGrpc (XceiverServerGrpc.java:<init>(132)) - GrpcServer channel type EpollServerSocketChannel
2023-07-12 21:54:43,477 [main] INFO  replication.ReplicationSupervisor (ReplicationSupervisor.java:nodeStateUpdated(305)) - Node state updated to IN_SERVICE, scaling executor pool size to 10
2023-07-12 21:54:43,478 [main] INFO  http.BaseHttpServer (BaseHttpServer.java:newHttpServer2BuilderForOzone(224)) - Starting Web-server for hddsDatanode at: http://0.0.0.0:15097
2023-07-12 21:54:43,478 [main] INFO  http.BaseHttpServer (BaseHttpServer.java:<init>(111)) - Hadoop Security Enabled: false Ozone Security Enabled: false Ozone HTTP Security Enabled: false 
2023-07-12 21:54:43,480 [main] WARN  server.AuthenticationFilter (AuthenticationFilter.java:constructSecretProvider(240)) - Unable to initialize FileSignerSecretProvider, falling back to use random secrets. Reason: Could not read signature secret file: /home/runner/hadoop-http-auth-signature-secret
2023-07-12 21:54:43,480 [main] INFO  http.HttpRequestLog (HttpRequestLog.java:getRequestLog(86)) - Http request log for http.requests.hddsDatanode is not defined
2023-07-12 21:54:43,482 [main] INFO  http.HttpServer2 (HttpServer2.java:addGlobalFilter(1031)) - Added global filter 'safety' (class=org.apache.hadoop.hdds.server.http.HttpServer2$QuotingInputFilter)
2023-07-12 21:54:43,482 [main] INFO  http.HttpServer2 (HttpServer2.java:addFilter(1007)) - Added filter static_user_filter (class=org.apache.hadoop.http.lib.StaticUserWebFilter$StaticUserFilter) to context hddsDatanode
2023-07-12 21:54:43,482 [main] INFO  http.HttpServer2 (HttpServer2.java:addFilter(1015)) - Added filter static_user_filter (class=org.apache.hadoop.http.lib.StaticUserWebFilter$StaticUserFilter) to context logs
2023-07-12 21:54:43,482 [main] INFO  http.HttpServer2 (HttpServer2.java:addFilter(1015)) - Added filter static_user_filter (class=org.apache.hadoop.http.lib.StaticUserWebFilter$StaticUserFilter) to context static
2023-07-12 21:54:43,483 [main] INFO  http.BaseHttpServer (BaseHttpServer.java:<init>(190)) - HTTP server of hddsDatanode uses base directory /home/runner/work/ozone/ozone/hadoop-ozone/integration-test/target/test-dir/MiniOzoneClusterImpl-cd6376e5-088e-4fb5-a36e-c0bbc8ba407a/datanode-2/meta/webserver
2023-07-12 21:54:43,483 [main] INFO  http.HttpServer2 (HttpServer2.java:bindListener(1250)) - Jetty bound to port 15097
2023-07-12 21:54:43,483 [main] INFO  server.Server (Server.java:doStart(375)) - jetty-9.4.51.v20230217; built: 2023-02-17T08:19:37.309Z; git: b45c405e4544384de066f814ed42ae3dceacdd49; jvm 1.8.0_372-b07
2023-07-12 21:54:43,489 [main] INFO  server.session (DefaultSessionIdManager.java:doStart(334)) - DefaultSessionIdManager workerName=node0
2023-07-12 21:54:43,489 [main] INFO  server.session (DefaultSessionIdManager.java:doStart(339)) - No SessionScavenger set, using defaults
2023-07-12 21:54:43,489 [main] INFO  server.session (HouseKeeper.java:startScavenging(132)) - node0 Scavenging every 600000ms
2023-07-12 21:54:43,490 [main] INFO  handler.ContextHandler (ContextHandler.java:doStart(921)) - Started o.e.j.s.ServletContextHandler@3fa13e52{logs,/logs,file:///home/runner/work/ozone/ozone/hadoop-ozone/integration-test/target/log,AVAILABLE}
2023-07-12 21:54:43,490 [main] INFO  handler.ContextHandler (ContextHandler.java:doStart(921)) - Started o.e.j.s.ServletContextHandler@1449ffba{static,/static,jar:file:/home/runner/.m2/repository/org/apache/ozone/hdds-container-service/1.4.0-SNAPSHOT/hdds-container-service-1.4.0-SNAPSHOT.jar!/webapps/static,AVAILABLE}
2023-07-12 21:54:43,692 [main] INFO  handler.ContextHandler (ContextHandler.java:doStart(921)) - Started o.e.j.w.WebAppContext@75b180d0{hddsDatanode,/,file:///home/runner/work/ozone/ozone/hadoop-ozone/integration-test/target/test-dir/MiniOzoneClusterImpl-cd6376e5-088e-4fb5-a36e-c0bbc8ba407a/datanode-2/meta/webserver/jetty-0_0_0_0-15097-hdds-container-service-1_4_0-SNAPSHOT_jar-_-any-7383629234780125503/webapp/,AVAILABLE}{jar:file:/home/runner/.m2/repository/org/apache/ozone/hdds-container-service/1.4.0-SNAPSHOT/hdds-container-service-1.4.0-SNAPSHOT.jar!/webapps/hddsDatanode}
2023-07-12 21:54:43,693 [main] INFO  server.AbstractConnector (AbstractConnector.java:doStart(333)) - Started ServerConnector@57ba5be{HTTP/1.1, (http/1.1)}{0.0.0.0:15097}
2023-07-12 21:54:43,694 [main] INFO  server.Server (Server.java:doStart(415)) - Started @93951ms
2023-07-12 21:54:43,694 [main] WARN  impl.MetricsSystemImpl (MetricsSystemImpl.java:register(279)) - Sink prometheus already exists!
2023-07-12 21:54:43,695 [main] INFO  http.BaseHttpServer (BaseHttpServer.java:updateConnectorAddress(344)) - HTTP server of hddsDatanode listening at http://0.0.0.0:15097
2023-07-12 21:54:43,695 [main] INFO  ipc.CallQueueManager (CallQueueManager.java:<init>(90)) - Using callQueue: class java.util.concurrent.LinkedBlockingQueue, queueCapacity: 100, scheduler: class org.apache.hadoop.ipc.DefaultRpcScheduler, ipcBackoff: false.
2023-07-12 21:54:43,695 [main] INFO  ipc.Server (Server.java:<init>(1287)) - Listener at 0.0.0.0:15098
2023-07-12 21:54:43,696 [Socket Reader #1 for port 15098] INFO  ipc.Server (Server.java:run(1323)) - Starting Socket Reader #1 for port 15098
2023-07-12 21:54:43,698 [main] INFO  ozone.HddsDatanodeService (HddsDatanodeService.java:start(315)) - Datanode start with admins: [runner]
2023-07-12 21:54:43,698 [main] INFO  ozone.HddsDatanodeClientProtocolServer (HddsDatanodeClientProtocolServer.java:start(72)) - RPC server for Client /0.0.0.0:15098
2023-07-12 21:54:43,699 [IPC Server Responder] INFO  ipc.Server (Server.java:run(1562)) - IPC Server Responder: starting
2023-07-12 21:54:43,699 [Datanode State Machine Daemon Thread] INFO  statemachine.DatanodeStateMachine (DatanodeStateMachine.java:lambda$startDaemon$0(531)) - Ozone container server started.
2023-07-12 21:54:43,699 [main] INFO  ozone.MiniOzoneClusterImpl (MiniOzoneClusterImpl.java:lambda$waitForClusterToBeReady$0(224)) - Waiting for nodes to be ready. Got 0 of 3 DN Heartbeats.
2023-07-12 21:54:43,699 [main] INFO  ozone.MiniOzoneClusterImpl (MiniOzoneClusterImpl.java:lambda$waitForClusterToBeReady$0(227)) - Waiting for cluster to exit safe mode
2023-07-12 21:54:43,699 [main] INFO  ozone.MiniOzoneClusterImpl (MiniOzoneClusterImpl.java:lambda$waitForClusterToBeReady$0(229)) - SCM became leader
2023-07-12 21:54:43,699 [IPC Server listener on 15098] INFO  ipc.Server (Server.java:run(1402)) - IPC Server listener on 15098: starting
2023-07-12 21:54:43,704 [Datanode State Machine Task Thread - 0] INFO  datanode.InitDatanodeState (InitDatanodeState.java:persistContainerDatanodeDetails(138)) - DatanodeDetails is persisted to /home/runner/work/ozone/ozone/hadoop-ozone/integration-test/target/test-dir/MiniOzoneClusterImpl-cd6376e5-088e-4fb5-a36e-c0bbc8ba407a/datanode-2/meta/datanode.id
2023-07-12 21:54:43,843 [om1@group-C5BA1605619E-FollowerState] INFO  impl.FollowerState (FollowerState.java:run(143)) - om1@group-C5BA1605619E-FollowerState: change to CANDIDATE, lastRpcElapsedTime:1054596687ns, electionTimeout:1054ms
2023-07-12 21:54:43,843 [om1@group-C5BA1605619E-FollowerState] INFO  impl.RoleInfo (RoleInfo.java:shutdownFollowerState(110)) - om1: shutdown om1@group-C5BA1605619E-FollowerState
2023-07-12 21:54:43,843 [om1@group-C5BA1605619E-FollowerState] INFO  server.RaftServer$Division (RaftServerImpl.java:setRole(329)) - om1@group-C5BA1605619E: changes role from  FOLLOWER to CANDIDATE at term 0 for changeToCandidate
2023-07-12 21:54:43,843 [om1@group-C5BA1605619E-FollowerState] INFO  server.RaftServerConfigKeys (ConfUtils.java:logGet(46)) - raft.server.leaderelection.pre-vote = true (default)
2023-07-12 21:54:43,843 [om1@group-C5BA1605619E-FollowerState] INFO  impl.RoleInfo (RoleInfo.java:updateAndGet(139)) - om1: start om1@group-C5BA1605619E-LeaderElection16
2023-07-12 21:54:43,845 [om1@group-C5BA1605619E-LeaderElection16] INFO  impl.LeaderElection (LeaderElection.java:askForVotes(321)) - om1@group-C5BA1605619E-LeaderElection16 PRE_VOTE round 0: submit vote requests at term 0 for -1: peers:[om1|rpc:localhost:15077|priority:0|startupRole:FOLLOWER]|listeners:[], old=null
2023-07-12 21:54:43,845 [om1@group-C5BA1605619E-LeaderElection16] INFO  impl.LeaderElection (LeaderElection.java:askForVotes(323)) - om1@group-C5BA1605619E-LeaderElection16 PRE_VOTE round 0: result PASSED (term=0)
2023-07-12 21:54:43,847 [om1@group-C5BA1605619E-LeaderElection16] INFO  impl.LeaderElection (LeaderElection.java:askForVotes(321)) - om1@group-C5BA1605619E-LeaderElection16 ELECTION round 0: submit vote requests at term 1 for -1: peers:[om1|rpc:localhost:15077|priority:0|startupRole:FOLLOWER]|listeners:[], old=null
2023-07-12 21:54:43,847 [om1@group-C5BA1605619E-LeaderElection16] INFO  impl.LeaderElection (LeaderElection.java:askForVotes(323)) - om1@group-C5BA1605619E-LeaderElection16 ELECTION round 0: result PASSED (term=1)
2023-07-12 21:54:43,847 [om1@group-C5BA1605619E-LeaderElection16] INFO  impl.RoleInfo (RoleInfo.java:shutdownLeaderElection(130)) - om1: shutdown om1@group-C5BA1605619E-LeaderElection16
2023-07-12 21:54:43,847 [om1@group-C5BA1605619E-LeaderElection16] INFO  server.RaftServer$Division (RaftServerImpl.java:setRole(329)) - om1@group-C5BA1605619E: changes role from CANDIDATE to LEADER at term 1 for changeToLeader
2023-07-12 21:54:43,847 [om1@group-C5BA1605619E-LeaderElection16] INFO  server.RaftServer$Division (ServerState.java:setLeader(317)) - om1@group-C5BA1605619E: change Leader from null to om1 at term 1 for becomeLeader, leader elected after 1465ms
2023-07-12 21:54:43,847 [om1@group-C5BA1605619E-LeaderElection16] INFO  server.RaftServerConfigKeys (ConfUtils.java:logGet(46)) - raft.server.staging.catchup.gap = 1000 (default)
2023-07-12 21:54:43,847 [om1@group-C5BA1605619E-LeaderElection16] INFO  server.RaftServerConfigKeys (ConfUtils.java:logGet(46)) - raft.server.write.element-limit = 4096 (default)
2023-07-12 21:54:43,847 [om1@group-C5BA1605619E-LeaderElection16] INFO  server.RaftServerConfigKeys (ConfUtils.java:logGet(46)) - raft.server.write.byte-limit = 64MB (=67108864) (default)
2023-07-12 21:54:43,848 [om1@group-C5BA1605619E-LeaderElection16] INFO  server.RaftServerConfigKeys (ConfUtils.java:logGet(46)) - raft.server.watch.timeout = 10s (default)
2023-07-12 21:54:43,848 [om1@group-C5BA1605619E-LeaderElection16] INFO  server.RaftServerConfigKeys (ConfUtils.java:logGet(46)) - raft.server.watch.timeout.denomination = 1s (default)
2023-07-12 21:54:43,848 [om1@group-C5BA1605619E-LeaderElection16] INFO  server.RaftServerConfigKeys (ConfUtils.java:logGet(46)) - raft.server.watch.element-limit = 65536 (default)
2023-07-12 21:54:43,848 [om1@group-C5BA1605619E-LeaderElection16] INFO  server.RaftServerConfigKeys (ConfUtils.java:logGet(46)) - raft.server.write.element-limit = 4096 (default)
2023-07-12 21:54:43,848 [om1@group-C5BA1605619E-LeaderElection16] INFO  server.RaftServerConfigKeys (ConfUtils.java:logGet(46)) - raft.server.write.follower.gap.ratio.max = -1.0 (default)
2023-07-12 21:54:43,848 [om1@group-C5BA1605619E-LeaderElection16] INFO  impl.RoleInfo (RoleInfo.java:updateAndGet(139)) - om1: start om1@group-C5BA1605619E-LeaderStateImpl
2023-07-12 21:54:43,848 [om1@group-C5BA1605619E-LeaderElection16] INFO  segmented.SegmentedRaftLogWorker (SegmentedRaftLogWorker.java:startLogSegment(447)) - om1@group-C5BA1605619E-SegmentedRaftLogWorker: Starting segment from index:0
2023-07-12 21:54:43,849 [om1@group-C5BA1605619E-LeaderElection16] INFO  server.RaftServer$Division (ServerState.java:setRaftConf(434)) - om1@group-C5BA1605619E: set configuration 0: peers:[om1|rpc:localhost:15077|admin:|client:|dataStream:|priority:0|startupRole:FOLLOWER]|listeners:[], old=null
2023-07-12 21:54:43,857 [om1@group-C5BA1605619E-SegmentedRaftLogWorker] INFO  segmented.SegmentedRaftLogWorker (SegmentedRaftLogWorker.java:execute(651)) - om1@group-C5BA1605619E-SegmentedRaftLogWorker: created new log segment /home/runner/work/ozone/ozone/hadoop-ozone/integration-test/target/test-dir/MiniOzoneClusterImpl-cd6376e5-088e-4fb5-a36e-c0bbc8ba407a/ozone-meta/ratis/bf265839-605b-3f16-9796-c5ba1605619e/current/log_inprogress_0
2023-07-12 21:54:43,858 [om1@group-C5BA1605619E-StateMachineUpdater] INFO  ratis.OzoneManagerStateMachine (OzoneManagerStateMachine.java:notifyConfigurationChanged(201)) - Received Configuration change notification from Ratis. New Peer list:
[id: "om1"
address: "localhost:15077"
startupRole: FOLLOWER
]
2023-07-12 21:54:44,699 [main] INFO  ozone.MiniOzoneClusterImpl (MiniOzoneClusterImpl.java:lambda$waitForClusterToBeReady$0(224)) - Waiting for nodes to be ready. Got 0 of 3 DN Heartbeats.
2023-07-12 21:54:44,700 [main] INFO  ozone.MiniOzoneClusterImpl (MiniOzoneClusterImpl.java:lambda$waitForClusterToBeReady$0(227)) - Waiting for cluster to exit safe mode
2023-07-12 21:54:44,700 [main] INFO  ozone.MiniOzoneClusterImpl (MiniOzoneClusterImpl.java:lambda$waitForClusterToBeReady$0(229)) - SCM became leader
2023-07-12 21:54:45,158 [EndpointStateMachine task thread for /0.0.0.0:15072 - 0 ] INFO  utils.DatanodeStoreCache (DatanodeStoreCache.java:addDB(66)) - Added db /home/runner/work/ozone/ozone/hadoop-ozone/integration-test/target/test-dir/MiniOzoneClusterImpl-cd6376e5-088e-4fb5-a36e-c0bbc8ba407a/datanode-0/data-0/containers/hdds/cd6376e5-088e-4fb5-a36e-c0bbc8ba407a/DS-74569728-f1e1-42b2-88a4-f3f9800a61c0/container.db to cache
2023-07-12 21:54:45,158 [EndpointStateMachine task thread for /0.0.0.0:15072 - 0 ] INFO  volume.HddsVolume (HddsVolume.java:createDbStore(478)) - SchemaV3 db is created and loaded at /home/runner/work/ozone/ozone/hadoop-ozone/integration-test/target/test-dir/MiniOzoneClusterImpl-cd6376e5-088e-4fb5-a36e-c0bbc8ba407a/datanode-0/data-0/containers/hdds/cd6376e5-088e-4fb5-a36e-c0bbc8ba407a/DS-74569728-f1e1-42b2-88a4-f3f9800a61c0/container.db for volume DS-74569728-f1e1-42b2-88a4-f3f9800a61c0
2023-07-12 21:54:45,158 [EndpointStateMachine task thread for /0.0.0.0:15072 - 0 ] INFO  ozoneimpl.OzoneContainer (OzoneContainer.java:start(419)) - Attempting to start container services.
2023-07-12 21:54:45,159 [EndpointStateMachine task thread for /0.0.0.0:15072 - 0 ] INFO  ozoneimpl.OzoneContainer (OzoneContainer.java:startContainerScrub(327)) - Scheduled background container scanners and the on-demand container scanner have been disabled.
2023-07-12 21:54:45,161 [EndpointStateMachine task thread for /0.0.0.0:15072 - 0 ] INFO  replication.ReplicationServer (ReplicationServer.java:start(128)) - ReplicationServer is started using port 15086
2023-07-12 21:54:45,161 [EndpointStateMachine task thread for /0.0.0.0:15072 - 0 ] INFO  ratis.XceiverServerRatis (XceiverServerRatis.java:start(517)) - Starting XceiverServerRatis 1168ba7a-e337-4443-965f-a0107b7c0c08
2023-07-12 21:54:45,162 [EndpointStateMachine task thread for /0.0.0.0:15072 - 0 ] INFO  server.RaftServer (RaftServerProxy.java:startImpl(400)) - 1168ba7a-e337-4443-965f-a0107b7c0c08: start RPC server
2023-07-12 21:54:45,165 [EndpointStateMachine task thread for /0.0.0.0:15072 - 0 ] INFO  server.GrpcService (GrpcService.java:startImpl(302)) - 1168ba7a-e337-4443-965f-a0107b7c0c08: GrpcService started, listening on 15082
2023-07-12 21:54:45,166 [EndpointStateMachine task thread for /0.0.0.0:15072 - 0 ] INFO  server.GrpcService (GrpcService.java:startImpl(302)) - 1168ba7a-e337-4443-965f-a0107b7c0c08: GrpcService started, listening on 15084
2023-07-12 21:54:45,167 [EndpointStateMachine task thread for /0.0.0.0:15072 - 0 ] INFO  server.GrpcService (GrpcService.java:startImpl(302)) - 1168ba7a-e337-4443-965f-a0107b7c0c08: GrpcService started, listening on 15083
2023-07-12 21:54:45,168 [EndpointStateMachine task thread for /0.0.0.0:15072 - 0 ] INFO  ratis.XceiverServerRatis (XceiverServerRatis.java:getRealPort(543)) - XceiverServerRatis 1168ba7a-e337-4443-965f-a0107b7c0c08 is started using port 15082 for RATIS
2023-07-12 21:54:45,168 [EndpointStateMachine task thread for /0.0.0.0:15072 - 0 ] INFO  ratis.XceiverServerRatis (XceiverServerRatis.java:getRealPort(543)) - XceiverServerRatis 1168ba7a-e337-4443-965f-a0107b7c0c08 is started using port 15083 for RATIS_ADMIN
2023-07-12 21:54:45,168 [JvmPauseMonitor12] INFO  util.JvmPauseMonitor (JvmPauseMonitor.java:run(103)) - JvmPauseMonitor-1168ba7a-e337-4443-965f-a0107b7c0c08: Started
2023-07-12 21:54:45,168 [EndpointStateMachine task thread for /0.0.0.0:15072 - 0 ] INFO  ratis.XceiverServerRatis (XceiverServerRatis.java:getRealPort(543)) - XceiverServerRatis 1168ba7a-e337-4443-965f-a0107b7c0c08 is started using port 15084 for RATIS_SERVER
2023-07-12 21:54:45,168 [EndpointStateMachine task thread for /0.0.0.0:15072 - 0 ] INFO  ratis.XceiverServerRatis (XceiverServerRatis.java:getRealPort(543)) - XceiverServerRatis 1168ba7a-e337-4443-965f-a0107b7c0c08 is started using port 15085 for RATIS_DATASTREAM
2023-07-12 21:54:45,173 [BlockDeletingService#0] INFO  interfaces.ContainerDeletionChoosingPolicyTemplate (ContainerDeletionChoosingPolicyTemplate.java:chooseContainerForBlockDeletion(83)) - Chosen 0/5000 blocks from 0 candidate containers.
2023-07-12 21:54:45,457 [EndpointStateMachine task thread for /0.0.0.0:15072 - 0 ] INFO  utils.DatanodeStoreCache (DatanodeStoreCache.java:addDB(66)) - Added db /home/runner/work/ozone/ozone/hadoop-ozone/integration-test/target/test-dir/MiniOzoneClusterImpl-cd6376e5-088e-4fb5-a36e-c0bbc8ba407a/datanode-1/data-0/containers/hdds/cd6376e5-088e-4fb5-a36e-c0bbc8ba407a/DS-2d08f551-a0ad-404c-ace6-825dbe808c01/container.db to cache
2023-07-12 21:54:45,457 [EndpointStateMachine task thread for /0.0.0.0:15072 - 0 ] INFO  volume.HddsVolume (HddsVolume.java:createDbStore(478)) - SchemaV3 db is created and loaded at /home/runner/work/ozone/ozone/hadoop-ozone/integration-test/target/test-dir/MiniOzoneClusterImpl-cd6376e5-088e-4fb5-a36e-c0bbc8ba407a/datanode-1/data-0/containers/hdds/cd6376e5-088e-4fb5-a36e-c0bbc8ba407a/DS-2d08f551-a0ad-404c-ace6-825dbe808c01/container.db for volume DS-2d08f551-a0ad-404c-ace6-825dbe808c01
2023-07-12 21:54:45,458 [EndpointStateMachine task thread for /0.0.0.0:15072 - 0 ] INFO  ozoneimpl.OzoneContainer (OzoneContainer.java:start(419)) - Attempting to start container services.
2023-07-12 21:54:45,458 [EndpointStateMachine task thread for /0.0.0.0:15072 - 0 ] INFO  ozoneimpl.OzoneContainer (OzoneContainer.java:startContainerScrub(327)) - Scheduled background container scanners and the on-demand container scanner have been disabled.
2023-07-12 21:54:45,459 [EndpointStateMachine task thread for /0.0.0.0:15072 - 0 ] INFO  replication.ReplicationServer (ReplicationServer.java:start(128)) - ReplicationServer is started using port 15095
2023-07-12 21:54:45,459 [EndpointStateMachine task thread for /0.0.0.0:15072 - 0 ] INFO  ratis.XceiverServerRatis (XceiverServerRatis.java:start(517)) - Starting XceiverServerRatis 840e6222-e2bf-4d59-97a6-2daf7d45cde1
2023-07-12 21:54:45,463 [EndpointStateMachine task thread for /0.0.0.0:15072 - 0 ] INFO  server.RaftServer (RaftServerProxy.java:startImpl(400)) - 840e6222-e2bf-4d59-97a6-2daf7d45cde1: start RPC server
2023-07-12 21:54:45,464 [EndpointStateMachine task thread for /0.0.0.0:15072 - 0 ] INFO  server.GrpcService (GrpcService.java:startImpl(302)) - 840e6222-e2bf-4d59-97a6-2daf7d45cde1: GrpcService started, listening on 15091
2023-07-12 21:54:45,465 [EndpointStateMachine task thread for /0.0.0.0:15072 - 0 ] INFO  server.GrpcService (GrpcService.java:startImpl(302)) - 840e6222-e2bf-4d59-97a6-2daf7d45cde1: GrpcService started, listening on 15093
2023-07-12 21:54:45,467 [EndpointStateMachine task thread for /0.0.0.0:15072 - 0 ] INFO  server.GrpcService (GrpcService.java:startImpl(302)) - 840e6222-e2bf-4d59-97a6-2daf7d45cde1: GrpcService started, listening on 15092
2023-07-12 21:54:45,469 [EndpointStateMachine task thread for /0.0.0.0:15072 - 0 ] INFO  ratis.XceiverServerRatis (XceiverServerRatis.java:getRealPort(543)) - XceiverServerRatis 840e6222-e2bf-4d59-97a6-2daf7d45cde1 is started using port 15091 for RATIS
2023-07-12 21:54:45,469 [EndpointStateMachine task thread for /0.0.0.0:15072 - 0 ] INFO  ratis.XceiverServerRatis (XceiverServerRatis.java:getRealPort(543)) - XceiverServerRatis 840e6222-e2bf-4d59-97a6-2daf7d45cde1 is started using port 15092 for RATIS_ADMIN
2023-07-12 21:54:45,469 [EndpointStateMachine task thread for /0.0.0.0:15072 - 0 ] INFO  ratis.XceiverServerRatis (XceiverServerRatis.java:getRealPort(543)) - XceiverServerRatis 840e6222-e2bf-4d59-97a6-2daf7d45cde1 is started using port 15093 for RATIS_SERVER
2023-07-12 21:54:45,469 [EndpointStateMachine task thread for /0.0.0.0:15072 - 0 ] INFO  ratis.XceiverServerRatis (XceiverServerRatis.java:getRealPort(543)) - XceiverServerRatis 840e6222-e2bf-4d59-97a6-2daf7d45cde1 is started using port 15094 for RATIS_DATASTREAM
2023-07-12 21:54:45,469 [JvmPauseMonitor13] INFO  util.JvmPauseMonitor (JvmPauseMonitor.java:run(103)) - JvmPauseMonitor-840e6222-e2bf-4d59-97a6-2daf7d45cde1: Started
2023-07-12 21:54:45,478 [BlockDeletingService#0] INFO  interfaces.ContainerDeletionChoosingPolicyTemplate (ContainerDeletionChoosingPolicyTemplate.java:chooseContainerForBlockDeletion(83)) - Chosen 0/5000 blocks from 0 candidate containers.
2023-07-12 21:54:45,700 [main] INFO  ozone.MiniOzoneClusterImpl (MiniOzoneClusterImpl.java:lambda$waitForClusterToBeReady$0(224)) - Waiting for nodes to be ready. Got 0 of 3 DN Heartbeats.
2023-07-12 21:54:45,700 [main] INFO  ozone.MiniOzoneClusterImpl (MiniOzoneClusterImpl.java:lambda$waitForClusterToBeReady$0(227)) - Waiting for cluster to exit safe mode
2023-07-12 21:54:45,700 [main] INFO  ozone.MiniOzoneClusterImpl (MiniOzoneClusterImpl.java:lambda$waitForClusterToBeReady$0(229)) - SCM became leader
2023-07-12 21:54:45,732 [EndpointStateMachine task thread for /0.0.0.0:15072 - 0 ] INFO  utils.DatanodeStoreCache (DatanodeStoreCache.java:addDB(66)) - Added db /home/runner/work/ozone/ozone/hadoop-ozone/integration-test/target/test-dir/MiniOzoneClusterImpl-cd6376e5-088e-4fb5-a36e-c0bbc8ba407a/datanode-2/data-0/containers/hdds/cd6376e5-088e-4fb5-a36e-c0bbc8ba407a/DS-df472120-32fc-46c5-979d-8a8184d2c229/container.db to cache
2023-07-12 21:54:45,732 [EndpointStateMachine task thread for /0.0.0.0:15072 - 0 ] INFO  volume.HddsVolume (HddsVolume.java:createDbStore(478)) - SchemaV3 db is created and loaded at /home/runner/work/ozone/ozone/hadoop-ozone/integration-test/target/test-dir/MiniOzoneClusterImpl-cd6376e5-088e-4fb5-a36e-c0bbc8ba407a/datanode-2/data-0/containers/hdds/cd6376e5-088e-4fb5-a36e-c0bbc8ba407a/DS-df472120-32fc-46c5-979d-8a8184d2c229/container.db for volume DS-df472120-32fc-46c5-979d-8a8184d2c229
2023-07-12 21:54:45,732 [EndpointStateMachine task thread for /0.0.0.0:15072 - 0 ] INFO  ozoneimpl.OzoneContainer (OzoneContainer.java:start(419)) - Attempting to start container services.
2023-07-12 21:54:45,732 [EndpointStateMachine task thread for /0.0.0.0:15072 - 0 ] INFO  ozoneimpl.OzoneContainer (OzoneContainer.java:startContainerScrub(327)) - Scheduled background container scanners and the on-demand container scanner have been disabled.
2023-07-12 21:54:45,734 [EndpointStateMachine task thread for /0.0.0.0:15072 - 0 ] INFO  replication.ReplicationServer (ReplicationServer.java:start(128)) - ReplicationServer is started using port 15104
2023-07-12 21:54:45,734 [EndpointStateMachine task thread for /0.0.0.0:15072 - 0 ] INFO  ratis.XceiverServerRatis (XceiverServerRatis.java:start(517)) - Starting XceiverServerRatis a280a4f0-76da-400d-9632-7196842d80a6
2023-07-12 21:54:45,735 [EndpointStateMachine task thread for /0.0.0.0:15072 - 0 ] INFO  server.RaftServer (RaftServerProxy.java:startImpl(400)) - a280a4f0-76da-400d-9632-7196842d80a6: start RPC server
2023-07-12 21:54:45,736 [EndpointStateMachine task thread for /0.0.0.0:15072 - 0 ] INFO  server.GrpcService (GrpcService.java:startImpl(302)) - a280a4f0-76da-400d-9632-7196842d80a6: GrpcService started, listening on 15100
2023-07-12 21:54:45,737 [EndpointStateMachine task thread for /0.0.0.0:15072 - 0 ] INFO  server.GrpcService (GrpcService.java:startImpl(302)) - a280a4f0-76da-400d-9632-7196842d80a6: GrpcService started, listening on 15102
2023-07-12 21:54:45,738 [EndpointStateMachine task thread for /0.0.0.0:15072 - 0 ] INFO  server.GrpcService (GrpcService.java:startImpl(302)) - a280a4f0-76da-400d-9632-7196842d80a6: GrpcService started, listening on 15101
2023-07-12 21:54:45,738 [EndpointStateMachine task thread for /0.0.0.0:15072 - 0 ] INFO  ratis.XceiverServerRatis (XceiverServerRatis.java:getRealPort(543)) - XceiverServerRatis a280a4f0-76da-400d-9632-7196842d80a6 is started using port 15100 for RATIS
2023-07-12 21:54:45,738 [EndpointStateMachine task thread for /0.0.0.0:15072 - 0 ] INFO  ratis.XceiverServerRatis (XceiverServerRatis.java:getRealPort(543)) - XceiverServerRatis a280a4f0-76da-400d-9632-7196842d80a6 is started using port 15101 for RATIS_ADMIN
2023-07-12 21:54:45,738 [JvmPauseMonitor14] INFO  util.JvmPauseMonitor (JvmPauseMonitor.java:run(103)) - JvmPauseMonitor-a280a4f0-76da-400d-9632-7196842d80a6: Started
2023-07-12 21:54:45,738 [EndpointStateMachine task thread for /0.0.0.0:15072 - 0 ] INFO  ratis.XceiverServerRatis (XceiverServerRatis.java:getRealPort(543)) - XceiverServerRatis a280a4f0-76da-400d-9632-7196842d80a6 is started using port 15102 for RATIS_SERVER
2023-07-12 21:54:45,741 [EndpointStateMachine task thread for /0.0.0.0:15072 - 0 ] INFO  ratis.XceiverServerRatis (XceiverServerRatis.java:getRealPort(543)) - XceiverServerRatis a280a4f0-76da-400d-9632-7196842d80a6 is started using port 15103 for RATIS_DATASTREAM
2023-07-12 21:54:45,749 [BlockDeletingService#0] INFO  interfaces.ContainerDeletionChoosingPolicyTemplate (ContainerDeletionChoosingPolicyTemplate.java:chooseContainerForBlockDeletion(83)) - Chosen 0/5000 blocks from 0 candidate containers.
2023-07-12 21:54:46,701 [main] INFO  ozone.MiniOzoneClusterImpl (MiniOzoneClusterImpl.java:lambda$waitForClusterToBeReady$0(224)) - Waiting for nodes to be ready. Got 0 of 3 DN Heartbeats.
2023-07-12 21:54:46,701 [main] INFO  ozone.MiniOzoneClusterImpl (MiniOzoneClusterImpl.java:lambda$waitForClusterToBeReady$0(227)) - Waiting for cluster to exit safe mode
2023-07-12 21:54:46,701 [main] INFO  ozone.MiniOzoneClusterImpl (MiniOzoneClusterImpl.java:lambda$waitForClusterToBeReady$0(229)) - SCM became leader
2023-07-12 21:54:47,128 [IPC Server handler 2 on default port 15072] INFO  net.NetworkTopologyImpl (NetworkTopologyImpl.java:add(112)) - Added a new node: /default-rack/1168ba7a-e337-4443-965f-a0107b7c0c08
2023-07-12 21:54:47,128 [IPC Server handler 2 on default port 15072] INFO  node.SCMNodeManager (SCMNodeManager.java:register(405)) - Registered Data node : 1168ba7a-e337-4443-965f-a0107b7c0c08{ip: 10.1.0.20, host: fv-az670-842.vvj1krob40nuzn3jnzu5queufe.phxx.internal.cloudapp.net, ports: [HTTP=15079, CLIENT_RPC=15080, REPLICATION=15086, RATIS=15082, RATIS_ADMIN=15083, RATIS_SERVER=15084, RATIS_DATASTREAM=15085, STANDALONE=15081], networkLocation: /default-rack, certSerialId: null, persistedOpState: null, persistedOpStateExpiryEpochSec: 0}
2023-07-12 21:54:47,130 [EventQueue-NodeRegistrationContainerReportForDataNodeSafeModeRule] INFO  safemode.SCMSafeModeManager (DataNodeSafeModeRule.java:process(71)) - SCM in safe mode. 1 DataNodes registered, 3 required.
2023-07-12 21:54:47,130 [EventQueue-NodeRegistrationContainerReportForContainerSafeModeRule] INFO  safemode.SCMSafeModeManager (SCMSafeModeManager.java:validateSafeModeExitRules(200)) - ContainerSafeModeRule rule is successfully validated
2023-07-12 21:54:47,131 [EventQueue-PipelineReportForOneReplicaPipelineSafeModeRule] INFO  safemode.SCMSafeModeManager (SCMSafeModeManager.java:validateSafeModeExitRules(200)) - AtleastOneDatanodeReportedRule rule is successfully validated
2023-07-12 21:54:47,131 [EventQueue-NewNodeForNewNodeHandler] INFO  pipeline.BackgroundPipelineCreator (BackgroundPipelineCreator.java:notifyEventTriggered(277)) - trigger a one-shot run on RatisPipelineUtilsThread.
2023-07-12 21:54:47,132 [RatisPipelineUtilsThread - 0] INFO  pipeline.RatisPipelineProvider (RatisPipelineProvider.java:lambda$create$0(206)) - Sending CreatePipelineCommand for pipeline:PipelineID=a6d2f005-481b-44ce-ab07-b14fdf2bc333 to datanode:1168ba7a-e337-4443-965f-a0107b7c0c08
2023-07-12 21:54:47,132 [RatisPipelineUtilsThread - 0] INFO  pipeline.BackgroundPipelineCreator (BackgroundPipelineCreator.java:createPipelines(233)) - Created new pipeline Pipeline[ Id: a6d2f005-481b-44ce-ab07-b14fdf2bc333, Nodes: 1168ba7a-e337-4443-965f-a0107b7c0c08(fv-az670-842.vvj1krob40nuzn3jnzu5queufe.phxx.internal.cloudapp.net/10.1.0.20), ReplicationConfig: RATIS/ONE, State:ALLOCATED, leaderId:, CreationTimestamp2023-07-12T21:54:47.132Z[Etc/UTC]]
2023-07-12 21:54:47,424 [IPC Server handler 1 on default port 15072] INFO  net.NetworkTopologyImpl (NetworkTopologyImpl.java:add(112)) - Added a new node: /default-rack/840e6222-e2bf-4d59-97a6-2daf7d45cde1
2023-07-12 21:54:47,424 [IPC Server handler 1 on default port 15072] INFO  node.SCMNodeManager (SCMNodeManager.java:register(405)) - Registered Data node : 840e6222-e2bf-4d59-97a6-2daf7d45cde1{ip: 10.1.0.20, host: fv-az670-842.vvj1krob40nuzn3jnzu5queufe.phxx.internal.cloudapp.net, ports: [HTTP=15088, CLIENT_RPC=15089, REPLICATION=15095, RATIS=15091, RATIS_ADMIN=15092, RATIS_SERVER=15093, RATIS_DATASTREAM=15094, STANDALONE=15090], networkLocation: /default-rack, certSerialId: null, persistedOpState: null, persistedOpStateExpiryEpochSec: 0}
2023-07-12 21:54:47,425 [EventQueue-NodeRegistrationContainerReportForDataNodeSafeModeRule] INFO  safemode.SCMSafeModeManager (DataNodeSafeModeRule.java:process(71)) - SCM in safe mode. 2 DataNodes registered, 3 required.
2023-07-12 21:54:47,425 [EventQueue-NewNodeForNewNodeHandler] INFO  pipeline.BackgroundPipelineCreator (BackgroundPipelineCreator.java:notifyEventTriggered(277)) - trigger a one-shot run on RatisPipelineUtilsThread.
2023-07-12 21:54:47,425 [RatisPipelineUtilsThread - 0] INFO  pipeline.RatisPipelineProvider (RatisPipelineProvider.java:lambda$create$0(206)) - Sending CreatePipelineCommand for pipeline:PipelineID=da9b0047-dfd6-4078-a2d3-7076804db5f9 to datanode:840e6222-e2bf-4d59-97a6-2daf7d45cde1
2023-07-12 21:54:47,426 [RatisPipelineUtilsThread - 0] INFO  pipeline.BackgroundPipelineCreator (BackgroundPipelineCreator.java:createPipelines(233)) - Created new pipeline Pipeline[ Id: da9b0047-dfd6-4078-a2d3-7076804db5f9, Nodes: 840e6222-e2bf-4d59-97a6-2daf7d45cde1(fv-az670-842.vvj1krob40nuzn3jnzu5queufe.phxx.internal.cloudapp.net/10.1.0.20), ReplicationConfig: RATIS/ONE, State:ALLOCATED, leaderId:, CreationTimestamp2023-07-12T21:54:47.425Z[Etc/UTC]]
2023-07-12 21:54:47,701 [main] INFO  ozone.MiniOzoneClusterImpl (MiniOzoneClusterImpl.java:lambda$waitForClusterToBeReady$0(224)) - Waiting for nodes to be ready. Got 2 of 3 DN Heartbeats.
2023-07-12 21:54:47,701 [main] INFO  ozone.MiniOzoneClusterImpl (MiniOzoneClusterImpl.java:lambda$waitForClusterToBeReady$0(227)) - Waiting for cluster to exit safe mode
2023-07-12 21:54:47,702 [main] INFO  ozone.MiniOzoneClusterImpl (MiniOzoneClusterImpl.java:lambda$waitForClusterToBeReady$0(229)) - SCM became leader
2023-07-12 21:54:47,704 [IPC Server handler 3 on default port 15072] INFO  net.NetworkTopologyImpl (NetworkTopologyImpl.java:add(112)) - Added a new node: /default-rack/a280a4f0-76da-400d-9632-7196842d80a6
2023-07-12 21:54:47,704 [IPC Server handler 3 on default port 15072] INFO  node.SCMNodeManager (SCMNodeManager.java:register(405)) - Registered Data node : a280a4f0-76da-400d-9632-7196842d80a6{ip: 10.1.0.20, host: fv-az670-842.vvj1krob40nuzn3jnzu5queufe.phxx.internal.cloudapp.net, ports: [HTTP=15097, CLIENT_RPC=15098, REPLICATION=15104, RATIS=15100, RATIS_ADMIN=15101, RATIS_SERVER=15102, RATIS_DATASTREAM=15103, STANDALONE=15099], networkLocation: /default-rack, certSerialId: null, persistedOpState: null, persistedOpStateExpiryEpochSec: 0}
2023-07-12 21:54:47,709 [EventQueue-NodeRegistrationContainerReportForDataNodeSafeModeRule] INFO  safemode.SCMSafeModeManager (DataNodeSafeModeRule.java:process(71)) - SCM in safe mode. 3 DataNodes registered, 3 required.
2023-07-12 21:54:47,710 [EventQueue-NodeRegistrationContainerReportForDataNodeSafeModeRule] INFO  safemode.SCMSafeModeManager (SCMSafeModeManager.java:validateSafeModeExitRules(200)) - DataNodeSafeModeRule rule is successfully validated
2023-07-12 21:54:47,710 [EventQueue-NodeRegistrationContainerReportForDataNodeSafeModeRule] INFO  safemode.SCMSafeModeManager (SCMSafeModeManager.java:completePreCheck(229)) - All SCM safe mode pre check rules have passed
2023-07-12 21:54:47,710 [EventQueue-NodeRegistrationContainerReportForDataNodeSafeModeRule] INFO  ha.SCMContext (SCMContext.java:updateSafeModeStatus(228)) - Update SafeModeStatus from SafeModeStatus{safeModeStatus=true, preCheckPassed=false} to SafeModeStatus{safeModeStatus=true, preCheckPassed=true}.
2023-07-12 21:54:47,710 [EventQueue-NodeRegistrationContainerReportForDataNodeSafeModeRule] INFO  pipeline.BackgroundPipelineCreator (BackgroundPipelineCreator.java:notifyEventTriggered(277)) - trigger a one-shot run on RatisPipelineUtilsThread.
2023-07-12 21:54:47,710 [RatisPipelineUtilsThread - 0] INFO  pipeline.RatisPipelineProvider (RatisPipelineProvider.java:lambda$create$0(206)) - Sending CreatePipelineCommand for pipeline:PipelineID=06eca8d4-7287-4c63-84bc-f37944c89cf9 to datanode:a280a4f0-76da-400d-9632-7196842d80a6
2023-07-12 21:54:47,711 [RatisPipelineUtilsThread - 0] INFO  pipeline.BackgroundPipelineCreator (BackgroundPipelineCreator.java:createPipelines(233)) - Created new pipeline Pipeline[ Id: 06eca8d4-7287-4c63-84bc-f37944c89cf9, Nodes: a280a4f0-76da-400d-9632-7196842d80a6(fv-az670-842.vvj1krob40nuzn3jnzu5queufe.phxx.internal.cloudapp.net/10.1.0.20), ReplicationConfig: RATIS/ONE, State:ALLOCATED, leaderId:, CreationTimestamp2023-07-12T21:54:47.710Z[Etc/UTC]]
2023-07-12 21:54:47,711 [RatisPipelineUtilsThread - 0] INFO  pipeline.RatisPipelineProvider (RatisPipelineProvider.java:lambda$create$0(206)) - Sending CreatePipelineCommand for pipeline:PipelineID=2332d8cf-7381-4c10-ac90-56ff926b43b3 to datanode:1168ba7a-e337-4443-965f-a0107b7c0c08
2023-07-12 21:54:47,711 [RatisPipelineUtilsThread - 0] INFO  pipeline.RatisPipelineProvider (RatisPipelineProvider.java:lambda$create$0(206)) - Sending CreatePipelineCommand for pipeline:PipelineID=2332d8cf-7381-4c10-ac90-56ff926b43b3 to datanode:840e6222-e2bf-4d59-97a6-2daf7d45cde1
2023-07-12 21:54:47,711 [RatisPipelineUtilsThread - 0] INFO  pipeline.RatisPipelineProvider (RatisPipelineProvider.java:lambda$create$0(206)) - Sending CreatePipelineCommand for pipeline:PipelineID=2332d8cf-7381-4c10-ac90-56ff926b43b3 to datanode:a280a4f0-76da-400d-9632-7196842d80a6
2023-07-12 21:54:47,711 [RatisPipelineUtilsThread - 0] INFO  pipeline.BackgroundPipelineCreator (BackgroundPipelineCreator.java:createPipelines(233)) - Created new pipeline Pipeline[ Id: 2332d8cf-7381-4c10-ac90-56ff926b43b3, Nodes: 1168ba7a-e337-4443-965f-a0107b7c0c08(fv-az670-842.vvj1krob40nuzn3jnzu5queufe.phxx.internal.cloudapp.net/10.1.0.20)840e6222-e2bf-4d59-97a6-2daf7d45cde1(fv-az670-842.vvj1krob40nuzn3jnzu5queufe.phxx.internal.cloudapp.net/10.1.0.20)a280a4f0-76da-400d-9632-7196842d80a6(fv-az670-842.vvj1krob40nuzn3jnzu5queufe.phxx.internal.cloudapp.net/10.1.0.20), ReplicationConfig: RATIS/THREE, State:ALLOCATED, leaderId:, CreationTimestamp2023-07-12T21:54:47.711Z[Etc/UTC]]
2023-07-12 21:54:47,712 [EventQueue-NewNodeForNewNodeHandler] INFO  pipeline.BackgroundPipelineCreator (BackgroundPipelineCreator.java:notifyEventTriggered(277)) - trigger a one-shot run on RatisPipelineUtilsThread.
2023-07-12 21:54:47,712 [RatisPipelineUtilsThread - 0] INFO  pipeline.RatisPipelineProvider (RatisPipelineProvider.java:lambda$create$0(206)) - Sending CreatePipelineCommand for pipeline:PipelineID=921c675a-8748-4c94-a05b-478376072d79 to datanode:1168ba7a-e337-4443-965f-a0107b7c0c08
2023-07-12 21:54:47,712 [RatisPipelineUtilsThread - 0] INFO  pipeline.RatisPipelineProvider (RatisPipelineProvider.java:lambda$create$0(206)) - Sending CreatePipelineCommand for pipeline:PipelineID=921c675a-8748-4c94-a05b-478376072d79 to datanode:a280a4f0-76da-400d-9632-7196842d80a6
2023-07-12 21:54:47,712 [RatisPipelineUtilsThread - 0] INFO  pipeline.RatisPipelineProvider (RatisPipelineProvider.java:lambda$create$0(206)) - Sending CreatePipelineCommand for pipeline:PipelineID=921c675a-8748-4c94-a05b-478376072d79 to datanode:840e6222-e2bf-4d59-97a6-2daf7d45cde1
2023-07-12 21:54:47,712 [RatisPipelineUtilsThread - 0] INFO  pipeline.PipelineManagerImpl (PipelineManagerImpl.java:recordMetricsForPipeline(895)) - Pipeline: PipelineID=921c675a-8748-4c94-a05b-478376072d79 contains same datanodes as previous pipelines: PipelineID=2332d8cf-7381-4c10-ac90-56ff926b43b3 nodeIds: 1168ba7a-e337-4443-965f-a0107b7c0c08, a280a4f0-76da-400d-9632-7196842d80a6, 840e6222-e2bf-4d59-97a6-2daf7d45cde1
2023-07-12 21:54:47,712 [RatisPipelineUtilsThread - 0] INFO  pipeline.BackgroundPipelineCreator (BackgroundPipelineCreator.java:createPipelines(233)) - Created new pipeline Pipeline[ Id: 921c675a-8748-4c94-a05b-478376072d79, Nodes: 1168ba7a-e337-4443-965f-a0107b7c0c08(fv-az670-842.vvj1krob40nuzn3jnzu5queufe.phxx.internal.cloudapp.net/10.1.0.20)a280a4f0-76da-400d-9632-7196842d80a6(fv-az670-842.vvj1krob40nuzn3jnzu5queufe.phxx.internal.cloudapp.net/10.1.0.20)840e6222-e2bf-4d59-97a6-2daf7d45cde1(fv-az670-842.vvj1krob40nuzn3jnzu5queufe.phxx.internal.cloudapp.net/10.1.0.20), ReplicationConfig: RATIS/THREE, State:ALLOCATED, leaderId:, CreationTimestamp2023-07-12T21:54:47.712Z[Etc/UTC]]
2023-07-12 21:54:47,713 [RatisPipelineUtilsThread - 0] WARN  pipeline.PipelinePlacementPolicy (PipelinePlacementPolicy.java:filterViableNodes(166)) - Pipeline creation failed due to no sufficient healthy datanodes. Required 3. Found 0. Excluded 3.
2023-07-12 21:54:47,713 [RatisPipelineUtilsThread - 0] WARN  pipeline.PipelinePlacementPolicy (PipelinePlacementPolicy.java:filterViableNodes(166)) - Pipeline creation failed due to no sufficient healthy datanodes. Required 3. Found 0. Excluded 3.
2023-07-12 21:54:48,702 [main] INFO  ozone.MiniOzoneClusterImpl (MiniOzoneClusterImpl.java:lambda$waitForClusterToBeReady$0(224)) - Nodes are ready. Got 3 of 3 DN Heartbeats.
2023-07-12 21:54:48,702 [main] INFO  ozone.MiniOzoneClusterImpl (MiniOzoneClusterImpl.java:lambda$waitForClusterToBeReady$0(227)) - Waiting for cluster to exit safe mode
2023-07-12 21:54:48,702 [main] INFO  ozone.MiniOzoneClusterImpl (MiniOzoneClusterImpl.java:lambda$waitForClusterToBeReady$0(229)) - SCM became leader
2023-07-12 21:54:49,702 [main] INFO  ozone.MiniOzoneClusterImpl (MiniOzoneClusterImpl.java:lambda$waitForClusterToBeReady$0(224)) - Nodes are ready. Got 3 of 3 DN Heartbeats.
2023-07-12 21:54:49,703 [main] INFO  ozone.MiniOzoneClusterImpl (MiniOzoneClusterImpl.java:lambda$waitForClusterToBeReady$0(227)) - Waiting for cluster to exit safe mode
2023-07-12 21:54:49,703 [main] INFO  ozone.MiniOzoneClusterImpl (MiniOzoneClusterImpl.java:lambda$waitForClusterToBeReady$0(229)) - SCM became leader
2023-07-12 21:54:50,127 [PipelineCommandHandlerThread-0] INFO  server.RaftServer (RaftServerProxy.java:addNew(98)) - 1168ba7a-e337-4443-965f-a0107b7c0c08: addNew group-B14FDF2BC333:[1168ba7a-e337-4443-965f-a0107b7c0c08|rpc:10.1.0.20:15084|admin:10.1.0.20:15083|client:10.1.0.20:15082|dataStream:10.1.0.20:15085|priority:1|startupRole:FOLLOWER] returns group-B14FDF2BC333:java.util.concurrent.CompletableFuture@c820a69[Not completed]
2023-07-12 21:54:50,129 [1168ba7a-e337-4443-965f-a0107b7c0c08-groupManagement] INFO  server.RaftServer$Division (RaftServerImpl.java:<init>(198)) - 1168ba7a-e337-4443-965f-a0107b7c0c08: new RaftServerImpl for group-B14FDF2BC333:[1168ba7a-e337-4443-965f-a0107b7c0c08|rpc:10.1.0.20:15084|admin:10.1.0.20:15083|client:10.1.0.20:15082|dataStream:10.1.0.20:15085|priority:1|startupRole:FOLLOWER] with ContainerStateMachine:uninitialized
2023-07-12 21:54:50,129 [1168ba7a-e337-4443-965f-a0107b7c0c08-groupManagement] INFO  server.RaftServerConfigKeys (ConfUtils.java:logGet(46)) - raft.server.rpc.timeout.min = 5s (custom)
2023-07-12 21:54:50,129 [1168ba7a-e337-4443-965f-a0107b7c0c08-groupManagement] INFO  server.RaftServerConfigKeys (ConfUtils.java:logGet(46)) - raft.server.rpc.timeout.max = 5200ms (custom)
2023-07-12 21:54:50,129 [1168ba7a-e337-4443-965f-a0107b7c0c08-groupManagement] INFO  server.RaftServerConfigKeys (ConfUtils.java:logGet(46)) - raft.server.rpc.sleep.time = 25ms (default)
2023-07-12 21:54:50,129 [1168ba7a-e337-4443-965f-a0107b7c0c08-groupManagement] INFO  server.RaftServerConfigKeys (ConfUtils.java:logGet(46)) - raft.server.rpc.slowness.timeout = 300s (custom)
2023-07-12 21:54:50,129 [1168ba7a-e337-4443-965f-a0107b7c0c08-groupManagement] INFO  server.RaftServerConfigKeys (ConfUtils.java:logGet(46)) - raft.server.leaderelection.leader.step-down.wait-time = 10s (default)
2023-07-12 21:54:50,129 [1168ba7a-e337-4443-965f-a0107b7c0c08-groupManagement] INFO  server.RaftServerConfigKeys (ConfUtils.java:logGet(46)) - raft.server.sleep.deviation.threshold = 300ms (default)
2023-07-12 21:54:50,129 [1168ba7a-e337-4443-965f-a0107b7c0c08-groupManagement] INFO  server.RaftServer$Division (ServerState.java:<init>(120)) - 1168ba7a-e337-4443-965f-a0107b7c0c08@group-B14FDF2BC333: ConfigurationManager, init=-1: peers:[1168ba7a-e337-4443-965f-a0107b7c0c08|rpc:10.1.0.20:15084|admin:10.1.0.20:15083|client:10.1.0.20:15082|dataStream:10.1.0.20:15085|priority:1|startupRole:FOLLOWER]|listeners:[], old=null, confs=<EMPTY_MAP>
2023-07-12 21:54:50,129 [1168ba7a-e337-4443-965f-a0107b7c0c08-groupManagement] INFO  server.RaftServerConfigKeys (ConfUtils.java:logGet(46)) - raft.server.storage.dir = [/home/runner/work/ozone/ozone/hadoop-ozone/integration-test/target/test-dir/MiniOzoneClusterImpl-cd6376e5-088e-4fb5-a36e-c0bbc8ba407a/datanode-0/data/ratis] (custom)
2023-07-12 21:54:50,130 [1168ba7a-e337-4443-965f-a0107b7c0c08-groupManagement] INFO  server.RaftServerConfigKeys (ConfUtils.java:logGet(46)) - raft.server.log.corruption.policy = EXCEPTION (default)
2023-07-12 21:54:50,130 [1168ba7a-e337-4443-965f-a0107b7c0c08-groupManagement] INFO  server.RaftServerConfigKeys (ConfUtils.java:logGet(46)) - raft.server.storage.free-space.min = 0MB (=0) (default)
2023-07-12 21:54:50,130 [1168ba7a-e337-4443-965f-a0107b7c0c08-groupManagement] INFO  server.RaftServerConfigKeys (ConfUtils.java:logGet(46)) - raft.server.notification.no-leader.timeout = 300s (custom)
2023-07-12 21:54:50,130 [1168ba7a-e337-4443-965f-a0107b7c0c08-groupManagement] INFO  server.RaftServerConfigKeys (ConfUtils.java:logGet(46)) - raft.server.read.timeout = 10s (default)
2023-07-12 21:54:50,130 [1168ba7a-e337-4443-965f-a0107b7c0c08-groupManagement] INFO  server.RaftServerConfigKeys (ConfUtils.java:logGet(46)) - raft.server.retrycache.expirytime = 600000ms (custom)
2023-07-12 21:54:50,130 [1168ba7a-e337-4443-965f-a0107b7c0c08-groupManagement] INFO  server.RaftServerConfigKeys (ConfUtils.java:logGet(46)) - raft.server.retrycache.statistics.expirytime = 100μs (default)
2023-07-12 21:54:50,130 [1168ba7a-e337-4443-965f-a0107b7c0c08-groupManagement] INFO  server.RaftServerConfigKeys (ConfUtils.java:logGet(46)) - raft.server.read.option = DEFAULT (default)
2023-07-12 21:54:50,131 [1168ba7a-e337-4443-965f-a0107b7c0c08-groupManagement] INFO  server.RaftServerConfigKeys (ConfUtils.java:logGet(46)) - raft.server.rpc.request.timeout = 60s (custom)
2023-07-12 21:54:50,131 [1168ba7a-e337-4443-965f-a0107b7c0c08-groupManagement] INFO  server.RaftServerConfigKeys (ConfUtils.java:logGet(46)) - raft.server.log.appender.install.snapshot.enabled = false (custom)
2023-07-12 21:54:50,131 [1168ba7a-e337-4443-965f-a0107b7c0c08-groupManagement] INFO  server.RaftServerConfigKeys (ConfUtils.java:logGet(46)) - raft.server.threadpool.server.cached = true (default)
2023-07-12 21:54:50,131 [1168ba7a-e337-4443-965f-a0107b7c0c08-groupManagement] INFO  server.RaftServerConfigKeys (ConfUtils.java:logGet(46)) - raft.server.threadpool.server.size = 0 (default)
2023-07-12 21:54:50,131 [1168ba7a-e337-4443-965f-a0107b7c0c08-groupManagement] INFO  server.RaftServerConfigKeys (ConfUtils.java:logGet(46)) - raft.server.threadpool.client.cached = true (default)
2023-07-12 21:54:50,131 [1168ba7a-e337-4443-965f-a0107b7c0c08-groupManagement] INFO  server.RaftServerConfigKeys (ConfUtils.java:logGet(46)) - raft.server.threadpool.client.size = 0 (default)
2023-07-12 21:54:50,131 [1168ba7a-e337-4443-965f-a0107b7c0c08-groupManagement] INFO  storage.RaftStorageDirectory (RaftStorageDirectoryImpl.java:analyzeStorage(137)) - The storage directory /home/runner/work/ozone/ozone/hadoop-ozone/integration-test/target/test-dir/MiniOzoneClusterImpl-cd6376e5-088e-4fb5-a36e-c0bbc8ba407a/datanode-0/data/ratis/a6d2f005-481b-44ce-ab07-b14fdf2bc333 does not exist. Creating ...
2023-07-12 21:54:50,132 [1168ba7a-e337-4443-965f-a0107b7c0c08-groupManagement] INFO  storage.RaftStorageDirectory (RaftStorageDirectoryImpl.java:tryLock(231)) - Lock on /home/runner/work/ozone/ozone/hadoop-ozone/integration-test/target/test-dir/MiniOzoneClusterImpl-cd6376e5-088e-4fb5-a36e-c0bbc8ba407a/datanode-0/data/ratis/a6d2f005-481b-44ce-ab07-b14fdf2bc333/in_use.lock acquired by nodename 107600@fv-az670-842
2023-07-12 21:54:50,134 [1168ba7a-e337-4443-965f-a0107b7c0c08-groupManagement] INFO  storage.RaftStorage (RaftStorageImpl.java:format(96)) - Storage directory /home/runner/work/ozone/ozone/hadoop-ozone/integration-test/target/test-dir/MiniOzoneClusterImpl-cd6376e5-088e-4fb5-a36e-c0bbc8ba407a/datanode-0/data/ratis/a6d2f005-481b-44ce-ab07-b14fdf2bc333 has been successfully formatted.
2023-07-12 21:54:50,134 [1168ba7a-e337-4443-965f-a0107b7c0c08-groupManagement] INFO  ratis.ContainerStateMachine (ContainerStateMachine.java:loadSnapshot(262)) - group-B14FDF2BC333: The snapshot info is null. Setting the last applied indexto:(t:0, i:~)
2023-07-12 21:54:50,134 [1168ba7a-e337-4443-965f-a0107b7c0c08-groupManagement] INFO  server.RaftServerConfigKeys (ConfUtils.java:logGet(46)) - raft.server.log.use.memory = false (default)
2023-07-12 21:54:50,134 [1168ba7a-e337-4443-965f-a0107b7c0c08-groupManagement] INFO  server.RaftServerConfigKeys (ConfUtils.java:logGet(46)) - raft.server.log.purge.gap = 1000000 (custom)
2023-07-12 21:54:50,134 [1168ba7a-e337-4443-965f-a0107b7c0c08-groupManagement] INFO  server.RaftServerConfigKeys (ConfUtils.java:logGet(46)) - raft.server.log.appender.buffer.byte-limit = 33554432 (custom)
2023-07-12 21:54:50,135 [1168ba7a-e337-4443-965f-a0107b7c0c08-groupManagement] INFO  server.RaftServerConfigKeys (ConfUtils.java:logGet(46)) - raft.server.log.statemachine.data.read.timeout = 1000ms (default)
2023-07-12 21:54:50,135 [1168ba7a-e337-4443-965f-a0107b7c0c08-groupManagement] INFO  server.RaftServerConfigKeys (ConfUtils.java:logGet(46)) - raft.server.log.purge.preservation.log.num = 0 (default)
2023-07-12 21:54:50,135 [1168ba7a-e337-4443-965f-a0107b7c0c08-groupManagement] INFO  server.RaftServerConfigKeys (ConfUtils.java:logGet(46)) - raft.server.log.segment.size.max = 1048576 (custom)
2023-07-12 21:54:50,135 [1168ba7a-e337-4443-965f-a0107b7c0c08-groupManagement] INFO  server.RaftServerConfigKeys (ConfUtils.java:logGet(46)) - raft.server.log.segment.cache.num.max = 2 (custom)
2023-07-12 21:54:50,135 [1168ba7a-e337-4443-965f-a0107b7c0c08-groupManagement] INFO  server.RaftServerConfigKeys (ConfUtils.java:logGet(46)) - raft.server.log.segment.cache.size.max = 200MB (=209715200) (default)
2023-07-12 21:54:50,135 [1168ba7a-e337-4443-965f-a0107b7c0c08-groupManagement] INFO  server.RaftServerConfigKeys (ConfUtils.java:logGet(46)) - raft.server.log.appender.buffer.byte-limit = 33554432 (custom)
2023-07-12 21:54:50,135 [1168ba7a-e337-4443-965f-a0107b7c0c08-groupManagement] INFO  segmented.SegmentedRaftLogWorker (SegmentedRaftLogWorker.java:<init>(188)) - new 1168ba7a-e337-4443-965f-a0107b7c0c08@group-B14FDF2BC333-SegmentedRaftLogWorker for RaftStorageImpl:Storage Directory /home/runner/work/ozone/ozone/hadoop-ozone/integration-test/target/test-dir/MiniOzoneClusterImpl-cd6376e5-088e-4fb5-a36e-c0bbc8ba407a/datanode-0/data/ratis/a6d2f005-481b-44ce-ab07-b14fdf2bc333
2023-07-12 21:54:50,135 [1168ba7a-e337-4443-965f-a0107b7c0c08-groupManagement] INFO  server.RaftServerConfigKeys (ConfUtils.java:logGet(46)) - raft.server.log.queue.byte-limit = 4294967296 (custom)
2023-07-12 21:54:50,135 [1168ba7a-e337-4443-965f-a0107b7c0c08-groupManagement] INFO  server.RaftServerConfigKeys (ConfUtils.java:logGet(46)) - raft.server.log.queue.element-limit = 1024 (custom)
2023-07-12 21:54:50,135 [1168ba7a-e337-4443-965f-a0107b7c0c08-groupManagement] INFO  server.RaftServerConfigKeys (ConfUtils.java:logGet(46)) - raft.server.log.segment.size.max = 1048576 (custom)
2023-07-12 21:54:50,135 [1168ba7a-e337-4443-965f-a0107b7c0c08-groupManagement] INFO  server.RaftServerConfigKeys (ConfUtils.java:logGet(46)) - raft.server.log.preallocated.size = 16384 (custom)
2023-07-12 21:54:50,135 [1168ba7a-e337-4443-965f-a0107b7c0c08-groupManagement] INFO  server.RaftServerConfigKeys (ConfUtils.java:logGet(46)) - raft.server.log.force.sync.num = 128 (default)
2023-07-12 21:54:50,135 [1168ba7a-e337-4443-965f-a0107b7c0c08-groupManagement] INFO  server.RaftServerConfigKeys (ConfUtils.java:logGet(46)) - raft.server.log.statemachine.data.sync = true (default)
2023-07-12 21:54:50,135 [1168ba7a-e337-4443-965f-a0107b7c0c08-groupManagement] INFO  server.RaftServerConfigKeys (ConfUtils.java:logGet(46)) - raft.server.log.statemachine.data.sync.timeout = 10s (default)
2023-07-12 21:54:50,135 [1168ba7a-e337-4443-965f-a0107b7c0c08-groupManagement] INFO  server.RaftServerConfigKeys (ConfUtils.java:logGet(46)) - raft.server.log.statemachine.data.sync.timeout.retry = -1 (default)
2023-07-12 21:54:50,136 [EventQueue-PipelineReportForPipelineReportHandler] INFO  pipeline.PipelineReportHandler (PipelineReportHandler.java:processPipelineReport(136)) - Opened pipeline PipelineID=a6d2f005-481b-44ce-ab07-b14fdf2bc333
2023-07-12 21:54:50,136 [1168ba7a-e337-4443-965f-a0107b7c0c08-groupManagement] INFO  server.RaftServerConfigKeys (ConfUtils.java:logGet(46)) - raft.server.log.write.buffer.size = 1048576 (custom)
2023-07-12 21:54:50,136 [1168ba7a-e337-4443-965f-a0107b7c0c08-groupManagement] INFO  server.RaftServerConfigKeys (ConfUtils.java:logGet(46)) - raft.server.log.appender.buffer.byte-limit = 33554432 (custom)
2023-07-12 21:54:50,139 [1168ba7a-e337-4443-965f-a0107b7c0c08-groupManagement] INFO  server.RaftServerConfigKeys (ConfUtils.java:logGet(46)) - raft.server.log.unsafe-flush.enabled = false (default)
2023-07-12 21:54:50,140 [1168ba7a-e337-4443-965f-a0107b7c0c08-groupManagement] INFO  server.RaftServerConfigKeys (ConfUtils.java:logGet(46)) - raft.server.log.async-flush.enabled = false (default)
2023-07-12 21:54:50,140 [EventQueue-OpenPipelineForHealthyPipelineSafeModeRule] INFO  safemode.SCMSafeModeManager (HealthyPipelineSafeModeRule.java:process(137)) - SCM in safe mode. Healthy pipelines reported count is 0, required healthy pipeline reported count is 1
2023-07-12 21:54:50,140 [1168ba7a-e337-4443-965f-a0107b7c0c08-groupManagement] INFO  server.RaftServerConfigKeys (ConfUtils.java:logGet(46)) - raft.server.log.statemachine.data.caching.enabled = true (custom)
2023-07-12 21:54:50,140 [1168ba7a-e337-4443-965f-a0107b7c0c08-groupManagement] INFO  segmented.SegmentedRaftLogWorker (SegmentedRaftLogWorker.java:lambda$new$0(135)) - 1168ba7a-e337-4443-965f-a0107b7c0c08@group-B14FDF2BC333-SegmentedRaftLogWorker: flushIndex: setUnconditionally 0 -> -1
2023-07-12 21:54:50,140 [1168ba7a-e337-4443-965f-a0107b7c0c08-groupManagement] INFO  segmented.SegmentedRaftLogWorker (SegmentedRaftLogWorker.java:lambda$new$0(135)) - 1168ba7a-e337-4443-965f-a0107b7c0c08@group-B14FDF2BC333-SegmentedRaftLogWorker: safeCacheEvictIndex: setUnconditionally 0 -> -1
2023-07-12 21:54:50,140 [1168ba7a-e337-4443-965f-a0107b7c0c08-groupManagement] INFO  server.RaftServer$Division (RaftServerImpl.java:start(342)) - 1168ba7a-e337-4443-965f-a0107b7c0c08@group-B14FDF2BC333: start as a follower, conf=-1: peers:[1168ba7a-e337-4443-965f-a0107b7c0c08|rpc:10.1.0.20:15084|admin:10.1.0.20:15083|client:10.1.0.20:15082|dataStream:10.1.0.20:15085|priority:1|startupRole:FOLLOWER]|listeners:[], old=null
2023-07-12 21:54:50,140 [1168ba7a-e337-4443-965f-a0107b7c0c08-groupManagement] INFO  server.RaftServer$Division (RaftServerImpl.java:setRole(329)) - 1168ba7a-e337-4443-965f-a0107b7c0c08@group-B14FDF2BC333: changes role from      null to FOLLOWER at term 0 for startAsFollower
2023-07-12 21:54:50,140 [1168ba7a-e337-4443-965f-a0107b7c0c08-groupManagement] INFO  impl.RoleInfo (RoleInfo.java:updateAndGet(139)) - 1168ba7a-e337-4443-965f-a0107b7c0c08: start 1168ba7a-e337-4443-965f-a0107b7c0c08@group-B14FDF2BC333-FollowerState
2023-07-12 21:54:50,140 [1168ba7a-e337-4443-965f-a0107b7c0c08-groupManagement] INFO  util.JmxRegister (JmxRegister.java:tryRegister(44)) - Successfully registered JMX Bean with object name Ratis:service=RaftServer,group=group-B14FDF2BC333,id=1168ba7a-e337-4443-965f-a0107b7c0c08
2023-07-12 21:54:50,141 [1168ba7a-e337-4443-965f-a0107b7c0c08@group-B14FDF2BC333-FollowerState] INFO  server.RaftServerConfigKeys (ConfUtils.java:logFallback(53)) - raft.server.rpc.first-election.timeout.min = 5s (fallback to raft.server.rpc.timeout.min)
2023-07-12 21:54:50,141 [1168ba7a-e337-4443-965f-a0107b7c0c08-groupManagement] INFO  server.RaftServerConfigKeys (ConfUtils.java:logGet(46)) - raft.server.snapshot.auto.trigger.enabled = true (custom)
2023-07-12 21:54:50,141 [1168ba7a-e337-4443-965f-a0107b7c0c08@group-B14FDF2BC333-FollowerState] INFO  server.RaftServerConfigKeys (ConfUtils.java:logFallback(53)) - raft.server.rpc.first-election.timeout.max = 5200ms (fallback to raft.server.rpc.timeout.max)
2023-07-12 21:54:50,141 [1168ba7a-e337-4443-965f-a0107b7c0c08-groupManagement] INFO  server.RaftServerConfigKeys (ConfUtils.java:logGet(46)) - raft.server.snapshot.auto.trigger.threshold = 10000 (custom)
2023-07-12 21:54:50,141 [1168ba7a-e337-4443-965f-a0107b7c0c08-groupManagement] INFO  server.RaftServerConfigKeys (ConfUtils.java:logGet(46)) - raft.server.snapshot.retention.file.num = 5 (custom)
2023-07-12 21:54:50,141 [1168ba7a-e337-4443-965f-a0107b7c0c08-groupManagement] INFO  server.RaftServerConfigKeys (ConfUtils.java:logGet(46)) - raft.server.log.purge.upto.snapshot.index = false (default)
2023-07-12 21:54:50,141 [PipelineCommandHandlerThread-0] INFO  ratis.XceiverServerRatis (XceiverServerRatis.java:addGroup(804)) - Created group PipelineID=a6d2f005-481b-44ce-ab07-b14fdf2bc333
2023-07-12 21:54:50,141 [PipelineCommandHandlerThread-0] INFO  commandhandler.CreatePipelineCommandHandler (CreatePipelineCommandHandler.java:lambda$handle$2(124)) - Created Pipeline RATIS ONE PipelineID=a6d2f005-481b-44ce-ab07-b14fdf2bc333.
2023-07-12 21:54:50,141 [PipelineCommandHandlerThread-0] INFO  server.RaftServer (RaftServerProxy.java:addNew(98)) - 1168ba7a-e337-4443-965f-a0107b7c0c08: addNew group-56FF926B43B3:[840e6222-e2bf-4d59-97a6-2daf7d45cde1|rpc:10.1.0.20:15093|admin:10.1.0.20:15092|client:10.1.0.20:15091|dataStream:10.1.0.20:15094|priority:1|startupRole:FOLLOWER, 1168ba7a-e337-4443-965f-a0107b7c0c08|rpc:10.1.0.20:15084|admin:10.1.0.20:15083|client:10.1.0.20:15082|dataStream:10.1.0.20:15085|priority:0|startupRole:FOLLOWER, a280a4f0-76da-400d-9632-7196842d80a6|rpc:10.1.0.20:15102|admin:10.1.0.20:15101|client:10.1.0.20:15100|dataStream:10.1.0.20:15103|priority:0|startupRole:FOLLOWER] returns group-56FF926B43B3:java.util.concurrent.CompletableFuture@8bd9f21[Not completed]
2023-07-12 21:54:50,142 [1168ba7a-e337-4443-965f-a0107b7c0c08-groupManagement] INFO  server.RaftServer$Division (RaftServerImpl.java:<init>(198)) - 1168ba7a-e337-4443-965f-a0107b7c0c08: new RaftServerImpl for group-56FF926B43B3:[840e6222-e2bf-4d59-97a6-2daf7d45cde1|rpc:10.1.0.20:15093|admin:10.1.0.20:15092|client:10.1.0.20:15091|dataStream:10.1.0.20:15094|priority:1|startupRole:FOLLOWER, 1168ba7a-e337-4443-965f-a0107b7c0c08|rpc:10.1.0.20:15084|admin:10.1.0.20:15083|client:10.1.0.20:15082|dataStream:10.1.0.20:15085|priority:0|startupRole:FOLLOWER, a280a4f0-76da-400d-9632-7196842d80a6|rpc:10.1.0.20:15102|admin:10.1.0.20:15101|client:10.1.0.20:15100|dataStream:10.1.0.20:15103|priority:0|startupRole:FOLLOWER] with ContainerStateMachine:uninitialized
2023-07-12 21:54:50,142 [1168ba7a-e337-4443-965f-a0107b7c0c08-groupManagement] INFO  server.RaftServerConfigKeys (ConfUtils.java:logGet(46)) - raft.server.rpc.timeout.min = 5s (custom)
2023-07-12 21:54:50,142 [1168ba7a-e337-4443-965f-a0107b7c0c08-groupManagement] INFO  server.RaftServerConfigKeys (ConfUtils.java:logGet(46)) - raft.server.rpc.timeout.max = 5200ms (custom)
2023-07-12 21:54:50,142 [1168ba7a-e337-4443-965f-a0107b7c0c08-groupManagement] INFO  server.RaftServerConfigKeys (ConfUtils.java:logGet(46)) - raft.server.rpc.sleep.time = 25ms (default)
2023-07-12 21:54:50,142 [1168ba7a-e337-4443-965f-a0107b7c0c08-groupManagement] INFO  server.RaftServerConfigKeys (ConfUtils.java:logGet(46)) - raft.server.rpc.slowness.timeout = 300s (custom)
2023-07-12 21:54:50,142 [1168ba7a-e337-4443-965f-a0107b7c0c08-groupManagement] INFO  server.RaftServerConfigKeys (ConfUtils.java:logGet(46)) - raft.server.leaderelection.leader.step-down.wait-time = 10s (default)
2023-07-12 21:54:50,142 [1168ba7a-e337-4443-965f-a0107b7c0c08-groupManagement] INFO  server.RaftServerConfigKeys (ConfUtils.java:logGet(46)) - raft.server.sleep.deviation.threshold = 300ms (default)
2023-07-12 21:54:50,142 [1168ba7a-e337-4443-965f-a0107b7c0c08-groupManagement] INFO  server.RaftServer$Division (ServerState.java:<init>(120)) - 1168ba7a-e337-4443-965f-a0107b7c0c08@group-56FF926B43B3: ConfigurationManager, init=-1: peers:[840e6222-e2bf-4d59-97a6-2daf7d45cde1|rpc:10.1.0.20:15093|admin:10.1.0.20:15092|client:10.1.0.20:15091|dataStream:10.1.0.20:15094|priority:1|startupRole:FOLLOWER, 1168ba7a-e337-4443-965f-a0107b7c0c08|rpc:10.1.0.20:15084|admin:10.1.0.20:15083|client:10.1.0.20:15082|dataStream:10.1.0.20:15085|priority:0|startupRole:FOLLOWER, a280a4f0-76da-400d-9632-7196842d80a6|rpc:10.1.0.20:15102|admin:10.1.0.20:15101|client:10.1.0.20:15100|dataStream:10.1.0.20:15103|priority:0|startupRole:FOLLOWER]|listeners:[], old=null, confs=<EMPTY_MAP>
2023-07-12 21:54:50,142 [1168ba7a-e337-4443-965f-a0107b7c0c08-groupManagement] INFO  server.RaftServerConfigKeys (ConfUtils.java:logGet(46)) - raft.server.storage.dir = [/home/runner/work/ozone/ozone/hadoop-ozone/integration-test/target/test-dir/MiniOzoneClusterImpl-cd6376e5-088e-4fb5-a36e-c0bbc8ba407a/datanode-0/data/ratis] (custom)
2023-07-12 21:54:50,143 [1168ba7a-e337-4443-965f-a0107b7c0c08-groupManagement] INFO  server.RaftServerConfigKeys (ConfUtils.java:logGet(46)) - raft.server.log.corruption.policy = EXCEPTION (default)
2023-07-12 21:54:50,143 [1168ba7a-e337-4443-965f-a0107b7c0c08-groupManagement] INFO  server.RaftServerConfigKeys (ConfUtils.java:logGet(46)) - raft.server.storage.free-space.min = 0MB (=0) (default)
2023-07-12 21:54:50,143 [1168ba7a-e337-4443-965f-a0107b7c0c08-groupManagement] INFO  server.RaftServerConfigKeys (ConfUtils.java:logGet(46)) - raft.server.notification.no-leader.timeout = 300s (custom)
2023-07-12 21:54:50,143 [1168ba7a-e337-4443-965f-a0107b7c0c08-groupManagement] INFO  server.RaftServerConfigKeys (ConfUtils.java:logGet(46)) - raft.server.read.timeout = 10s (default)
2023-07-12 21:54:50,143 [1168ba7a-e337-4443-965f-a0107b7c0c08-groupManagement] INFO  server.RaftServerConfigKeys (ConfUtils.java:logGet(46)) - raft.server.retrycache.expirytime = 600000ms (custom)
2023-07-12 21:54:50,143 [1168ba7a-e337-4443-965f-a0107b7c0c08-groupManagement] INFO  server.RaftServerConfigKeys (ConfUtils.java:logGet(46)) - raft.server.retrycache.statistics.expirytime = 100μs (default)
2023-07-12 21:54:50,143 [1168ba7a-e337-4443-965f-a0107b7c0c08-groupManagement] INFO  server.RaftServerConfigKeys (ConfUtils.java:logGet(46)) - raft.server.read.option = DEFAULT (default)
2023-07-12 21:54:50,143 [1168ba7a-e337-4443-965f-a0107b7c0c08-groupManagement] INFO  server.RaftServerConfigKeys (ConfUtils.java:logGet(46)) - raft.server.rpc.request.timeout = 60s (custom)
2023-07-12 21:54:50,143 [1168ba7a-e337-4443-965f-a0107b7c0c08-groupManagement] INFO  server.RaftServerConfigKeys (ConfUtils.java:logGet(46)) - raft.server.log.appender.install.snapshot.enabled = false (custom)
2023-07-12 21:54:50,143 [1168ba7a-e337-4443-965f-a0107b7c0c08-groupManagement] INFO  server.RaftServerConfigKeys (ConfUtils.java:logGet(46)) - raft.server.threadpool.server.cached = true (default)
2023-07-12 21:54:50,143 [1168ba7a-e337-4443-965f-a0107b7c0c08-groupManagement] INFO  server.RaftServerConfigKeys (ConfUtils.java:logGet(46)) - raft.server.threadpool.server.size = 0 (default)
2023-07-12 21:54:50,143 [1168ba7a-e337-4443-965f-a0107b7c0c08-groupManagement] INFO  server.RaftServerConfigKeys (ConfUtils.java:logGet(46)) - raft.server.threadpool.client.cached = true (default)
2023-07-12 21:54:50,143 [1168ba7a-e337-4443-965f-a0107b7c0c08-groupManagement] INFO  server.RaftServerConfigKeys (ConfUtils.java:logGet(46)) - raft.server.threadpool.client.size = 0 (default)
2023-07-12 21:54:50,144 [1168ba7a-e337-4443-965f-a0107b7c0c08-groupManagement] INFO  storage.RaftStorageDirectory (RaftStorageDirectoryImpl.java:analyzeStorage(137)) - The storage directory /home/runner/work/ozone/ozone/hadoop-ozone/integration-test/target/test-dir/MiniOzoneClusterImpl-cd6376e5-088e-4fb5-a36e-c0bbc8ba407a/datanode-0/data/ratis/2332d8cf-7381-4c10-ac90-56ff926b43b3 does not exist. Creating ...
2023-07-12 21:54:50,145 [1168ba7a-e337-4443-965f-a0107b7c0c08-groupManagement] INFO  storage.RaftStorageDirectory (RaftStorageDirectoryImpl.java:tryLock(231)) - Lock on /home/runner/work/ozone/ozone/hadoop-ozone/integration-test/target/test-dir/MiniOzoneClusterImpl-cd6376e5-088e-4fb5-a36e-c0bbc8ba407a/datanode-0/data/ratis/2332d8cf-7381-4c10-ac90-56ff926b43b3/in_use.lock acquired by nodename 107600@fv-az670-842
2023-07-12 21:54:50,146 [1168ba7a-e337-4443-965f-a0107b7c0c08-groupManagement] INFO  storage.RaftStorage (RaftStorageImpl.java:format(96)) - Storage directory /home/runner/work/ozone/ozone/hadoop-ozone/integration-test/target/test-dir/MiniOzoneClusterImpl-cd6376e5-088e-4fb5-a36e-c0bbc8ba407a/datanode-0/data/ratis/2332d8cf-7381-4c10-ac90-56ff926b43b3 has been successfully formatted.
2023-07-12 21:54:50,146 [1168ba7a-e337-4443-965f-a0107b7c0c08-groupManagement] INFO  ratis.ContainerStateMachine (ContainerStateMachine.java:loadSnapshot(262)) - group-56FF926B43B3: The snapshot info is null. Setting the last applied indexto:(t:0, i:~)
2023-07-12 21:54:50,146 [1168ba7a-e337-4443-965f-a0107b7c0c08-groupManagement] INFO  server.RaftServerConfigKeys (ConfUtils.java:logGet(46)) - raft.server.log.use.memory = false (default)
2023-07-12 21:54:50,146 [1168ba7a-e337-4443-965f-a0107b7c0c08-groupManagement] INFO  server.RaftServerConfigKeys (ConfUtils.java:logGet(46)) - raft.server.log.purge.gap = 1000000 (custom)
2023-07-12 21:54:50,146 [1168ba7a-e337-4443-965f-a0107b7c0c08-groupManagement] INFO  server.RaftServerConfigKeys (ConfUtils.java:logGet(46)) - raft.server.log.appender.buffer.byte-limit = 33554432 (custom)
2023-07-12 21:54:50,146 [1168ba7a-e337-4443-965f-a0107b7c0c08-groupManagement] INFO  server.RaftServerConfigKeys (ConfUtils.java:logGet(46)) - raft.server.log.statemachine.data.read.timeout = 1000ms (default)
2023-07-12 21:54:50,146 [1168ba7a-e337-4443-965f-a0107b7c0c08-groupManagement] INFO  server.RaftServerConfigKeys (ConfUtils.java:logGet(46)) - raft.server.log.purge.preservation.log.num = 0 (default)
2023-07-12 21:54:50,147 [1168ba7a-e337-4443-965f-a0107b7c0c08-groupManagement] INFO  server.RaftServerConfigKeys (ConfUtils.java:logGet(46)) - raft.server.log.segment.size.max = 1048576 (custom)
2023-07-12 21:54:50,147 [EventQueue-OpenPipelineForHealthyPipelineSafeModeRule] INFO  safemode.SCMSafeModeManager (HealthyPipelineSafeModeRule.java:process(137)) - SCM in safe mode. Healthy pipelines reported count is 0, required healthy pipeline reported count is 1
2023-07-12 21:54:50,147 [1168ba7a-e337-4443-965f-a0107b7c0c08-groupManagement] INFO  server.RaftServerConfigKeys (ConfUtils.java:logGet(46)) - raft.server.log.segment.cache.num.max = 2 (custom)
2023-07-12 21:54:50,147 [1168ba7a-e337-4443-965f-a0107b7c0c08-groupManagement] INFO  server.RaftServerConfigKeys (ConfUtils.java:logGet(46)) - raft.server.log.segment.cache.size.max = 200MB (=209715200) (default)
2023-07-12 21:54:50,147 [1168ba7a-e337-4443-965f-a0107b7c0c08-groupManagement] INFO  server.RaftServerConfigKeys (ConfUtils.java:logGet(46)) - raft.server.log.appender.buffer.byte-limit = 33554432 (custom)
2023-07-12 21:54:50,147 [1168ba7a-e337-4443-965f-a0107b7c0c08-groupManagement] INFO  segmented.SegmentedRaftLogWorker (SegmentedRaftLogWorker.java:<init>(188)) - new 1168ba7a-e337-4443-965f-a0107b7c0c08@group-56FF926B43B3-SegmentedRaftLogWorker for RaftStorageImpl:Storage Directory /home/runner/work/ozone/ozone/hadoop-ozone/integration-test/target/test-dir/MiniOzoneClusterImpl-cd6376e5-088e-4fb5-a36e-c0bbc8ba407a/datanode-0/data/ratis/2332d8cf-7381-4c10-ac90-56ff926b43b3
2023-07-12 21:54:50,147 [1168ba7a-e337-4443-965f-a0107b7c0c08-groupManagement] INFO  server.RaftServerConfigKeys (ConfUtils.java:logGet(46)) - raft.server.log.queue.byte-limit = 4294967296 (custom)
2023-07-12 21:54:50,148 [1168ba7a-e337-4443-965f-a0107b7c0c08-groupManagement] INFO  server.RaftServerConfigKeys (ConfUtils.java:logGet(46)) - raft.server.log.queue.element-limit = 1024 (custom)
2023-07-12 21:54:50,148 [1168ba7a-e337-4443-965f-a0107b7c0c08-groupManagement] INFO  server.RaftServerConfigKeys (ConfUtils.java:logGet(46)) - raft.server.log.segment.size.max = 1048576 (custom)
2023-07-12 21:54:50,148 [1168ba7a-e337-4443-965f-a0107b7c0c08-groupManagement] INFO  server.RaftServerConfigKeys (ConfUtils.java:logGet(46)) - raft.server.log.preallocated.size = 16384 (custom)
2023-07-12 21:54:50,148 [1168ba7a-e337-4443-965f-a0107b7c0c08-groupManagement] INFO  server.RaftServerConfigKeys (ConfUtils.java:logGet(46)) - raft.server.log.force.sync.num = 128 (default)
2023-07-12 21:54:50,148 [1168ba7a-e337-4443-965f-a0107b7c0c08-groupManagement] INFO  server.RaftServerConfigKeys (ConfUtils.java:logGet(46)) - raft.server.log.statemachine.data.sync = true (default)
2023-07-12 21:54:50,148 [1168ba7a-e337-4443-965f-a0107b7c0c08-groupManagement] INFO  server.RaftServerConfigKeys (ConfUtils.java:logGet(46)) - raft.server.log.statemachine.data.sync.timeout = 10s (default)
2023-07-12 21:54:50,148 [1168ba7a-e337-4443-965f-a0107b7c0c08-groupManagement] INFO  server.RaftServerConfigKeys (ConfUtils.java:logGet(46)) - raft.server.log.statemachine.data.sync.timeout.retry = -1 (default)
2023-07-12 21:54:50,148 [1168ba7a-e337-4443-965f-a0107b7c0c08-groupManagement] INFO  server.RaftServerConfigKeys (ConfUtils.java:logGet(46)) - raft.server.log.write.buffer.size = 1048576 (custom)
2023-07-12 21:54:50,148 [1168ba7a-e337-4443-965f-a0107b7c0c08-groupManagement] INFO  server.RaftServerConfigKeys (ConfUtils.java:logGet(46)) - raft.server.log.appender.buffer.byte-limit = 33554432 (custom)
2023-07-12 21:54:50,189 [1168ba7a-e337-4443-965f-a0107b7c0c08-groupManagement] INFO  server.RaftServerConfigKeys (ConfUtils.java:logGet(46)) - raft.server.log.unsafe-flush.enabled = false (default)
2023-07-12 21:54:50,191 [1168ba7a-e337-4443-965f-a0107b7c0c08-groupManagement] INFO  server.RaftServerConfigKeys (ConfUtils.java:logGet(46)) - raft.server.log.async-flush.enabled = false (default)
2023-07-12 21:54:50,191 [1168ba7a-e337-4443-965f-a0107b7c0c08-groupManagement] INFO  server.RaftServerConfigKeys (ConfUtils.java:logGet(46)) - raft.server.log.statemachine.data.caching.enabled = true (custom)
2023-07-12 21:54:50,192 [1168ba7a-e337-4443-965f-a0107b7c0c08-groupManagement] INFO  segmented.SegmentedRaftLogWorker (SegmentedRaftLogWorker.java:lambda$new$0(135)) - 1168ba7a-e337-4443-965f-a0107b7c0c08@group-56FF926B43B3-SegmentedRaftLogWorker: flushIndex: setUnconditionally 0 -> -1
2023-07-12 21:54:50,192 [1168ba7a-e337-4443-965f-a0107b7c0c08-groupManagement] INFO  segmented.SegmentedRaftLogWorker (SegmentedRaftLogWorker.java:lambda$new$0(135)) - 1168ba7a-e337-4443-965f-a0107b7c0c08@group-56FF926B43B3-SegmentedRaftLogWorker: safeCacheEvictIndex: setUnconditionally 0 -> -1
2023-07-12 21:54:50,192 [1168ba7a-e337-4443-965f-a0107b7c0c08-groupManagement] INFO  server.RaftServer$Division (RaftServerImpl.java:start(342)) - 1168ba7a-e337-4443-965f-a0107b7c0c08@group-56FF926B43B3: start as a follower, conf=-1: peers:[840e6222-e2bf-4d59-97a6-2daf7d45cde1|rpc:10.1.0.20:15093|admin:10.1.0.20:15092|client:10.1.0.20:15091|dataStream:10.1.0.20:15094|priority:1|startupRole:FOLLOWER, 1168ba7a-e337-4443-965f-a0107b7c0c08|rpc:10.1.0.20:15084|admin:10.1.0.20:15083|client:10.1.0.20:15082|dataStream:10.1.0.20:15085|priority:0|startupRole:FOLLOWER, a280a4f0-76da-400d-9632-7196842d80a6|rpc:10.1.0.20:15102|admin:10.1.0.20:15101|client:10.1.0.20:15100|dataStream:10.1.0.20:15103|priority:0|startupRole:FOLLOWER]|listeners:[], old=null
2023-07-12 21:54:50,192 [1168ba7a-e337-4443-965f-a0107b7c0c08-groupManagement] INFO  server.RaftServer$Division (RaftServerImpl.java:setRole(329)) - 1168ba7a-e337-4443-965f-a0107b7c0c08@group-56FF926B43B3: changes role from      null to FOLLOWER at term 0 for startAsFollower
2023-07-12 21:54:50,192 [1168ba7a-e337-4443-965f-a0107b7c0c08-groupManagement] INFO  impl.RoleInfo (RoleInfo.java:updateAndGet(139)) - 1168ba7a-e337-4443-965f-a0107b7c0c08: start 1168ba7a-e337-4443-965f-a0107b7c0c08@group-56FF926B43B3-FollowerState
2023-07-12 21:54:50,194 [1168ba7a-e337-4443-965f-a0107b7c0c08-groupManagement] INFO  util.JmxRegister (JmxRegister.java:tryRegister(44)) - Successfully registered JMX Bean with object name Ratis:service=RaftServer,group=group-56FF926B43B3,id=1168ba7a-e337-4443-965f-a0107b7c0c08
2023-07-12 21:54:50,194 [1168ba7a-e337-4443-965f-a0107b7c0c08@group-56FF926B43B3-FollowerState] INFO  server.RaftServerConfigKeys (ConfUtils.java:logFallback(53)) - raft.server.rpc.first-election.timeout.min = 5s (fallback to raft.server.rpc.timeout.min)
2023-07-12 21:54:50,194 [1168ba7a-e337-4443-965f-a0107b7c0c08-groupManagement] INFO  server.RaftServerConfigKeys (ConfUtils.java:logGet(46)) - raft.server.snapshot.auto.trigger.enabled = true (custom)
2023-07-12 21:54:50,194 [1168ba7a-e337-4443-965f-a0107b7c0c08@group-56FF926B43B3-FollowerState] INFO  server.RaftServerConfigKeys (ConfUtils.java:logFallback(53)) - raft.server.rpc.first-election.timeout.max = 5200ms (fallback to raft.server.rpc.timeout.max)
2023-07-12 21:54:50,194 [1168ba7a-e337-4443-965f-a0107b7c0c08-groupManagement] INFO  server.RaftServerConfigKeys (ConfUtils.java:logGet(46)) - raft.server.snapshot.auto.trigger.threshold = 10000 (custom)
2023-07-12 21:54:50,194 [1168ba7a-e337-4443-965f-a0107b7c0c08-groupManagement] INFO  server.RaftServerConfigKeys (ConfUtils.java:logGet(46)) - raft.server.snapshot.retention.file.num = 5 (custom)
2023-07-12 21:54:50,194 [1168ba7a-e337-4443-965f-a0107b7c0c08-groupManagement] INFO  server.RaftServerConfigKeys (ConfUtils.java:logGet(46)) - raft.server.log.purge.upto.snapshot.index = false (default)
2023-07-12 21:54:50,195 [PipelineCommandHandlerThread-0] INFO  ratis.XceiverServerRatis (XceiverServerRatis.java:addGroup(804)) - Created group PipelineID=2332d8cf-7381-4c10-ac90-56ff926b43b3
2023-07-12 21:54:50,207 [grpc-default-executor-0] INFO  server.RaftServer (RaftServerProxy.java:addNew(98)) - 840e6222-e2bf-4d59-97a6-2daf7d45cde1: addNew group-56FF926B43B3:[840e6222-e2bf-4d59-97a6-2daf7d45cde1|rpc:10.1.0.20:15093|admin:10.1.0.20:15092|client:10.1.0.20:15091|dataStream:10.1.0.20:15094|priority:1|startupRole:FOLLOWER, 1168ba7a-e337-4443-965f-a0107b7c0c08|rpc:10.1.0.20:15084|admin:10.1.0.20:15083|client:10.1.0.20:15082|dataStream:10.1.0.20:15085|priority:0|startupRole:FOLLOWER, a280a4f0-76da-400d-9632-7196842d80a6|rpc:10.1.0.20:15102|admin:10.1.0.20:15101|client:10.1.0.20:15100|dataStream:10.1.0.20:15103|priority:0|startupRole:FOLLOWER] returns group-56FF926B43B3:java.util.concurrent.CompletableFuture@29f90c67[Not completed]
2023-07-12 21:54:50,207 [840e6222-e2bf-4d59-97a6-2daf7d45cde1-groupManagement] INFO  server.RaftServer$Division (RaftServerImpl.java:<init>(198)) - 840e6222-e2bf-4d59-97a6-2daf7d45cde1: new RaftServerImpl for group-56FF926B43B3:[840e6222-e2bf-4d59-97a6-2daf7d45cde1|rpc:10.1.0.20:15093|admin:10.1.0.20:15092|client:10.1.0.20:15091|dataStream:10.1.0.20:15094|priority:1|startupRole:FOLLOWER, 1168ba7a-e337-4443-965f-a0107b7c0c08|rpc:10.1.0.20:15084|admin:10.1.0.20:15083|client:10.1.0.20:15082|dataStream:10.1.0.20:15085|priority:0|startupRole:FOLLOWER, a280a4f0-76da-400d-9632-7196842d80a6|rpc:10.1.0.20:15102|admin:10.1.0.20:15101|client:10.1.0.20:15100|dataStream:10.1.0.20:15103|priority:0|startupRole:FOLLOWER] with ContainerStateMachine:uninitialized
2023-07-12 21:54:50,208 [840e6222-e2bf-4d59-97a6-2daf7d45cde1-groupManagement] INFO  server.RaftServerConfigKeys (ConfUtils.java:logGet(46)) - raft.server.rpc.timeout.min = 5s (custom)
2023-07-12 21:54:50,208 [840e6222-e2bf-4d59-97a6-2daf7d45cde1-groupManagement] INFO  server.RaftServerConfigKeys (ConfUtils.java:logGet(46)) - raft.server.rpc.timeout.max = 5200ms (custom)
2023-07-12 21:54:50,208 [840e6222-e2bf-4d59-97a6-2daf7d45cde1-groupManagement] INFO  server.RaftServerConfigKeys (ConfUtils.java:logGet(46)) - raft.server.rpc.sleep.time = 25ms (default)
2023-07-12 21:54:50,208 [840e6222-e2bf-4d59-97a6-2daf7d45cde1-groupManagement] INFO  server.RaftServerConfigKeys (ConfUtils.java:logGet(46)) - raft.server.rpc.slowness.timeout = 300s (custom)
2023-07-12 21:54:50,208 [840e6222-e2bf-4d59-97a6-2daf7d45cde1-groupManagement] INFO  server.RaftServerConfigKeys (ConfUtils.java:logGet(46)) - raft.server.leaderelection.leader.step-down.wait-time = 10s (default)
2023-07-12 21:54:50,208 [840e6222-e2bf-4d59-97a6-2daf7d45cde1-groupManagement] INFO  server.RaftServerConfigKeys (ConfUtils.java:logGet(46)) - raft.server.sleep.deviation.threshold = 300ms (default)
2023-07-12 21:54:50,208 [840e6222-e2bf-4d59-97a6-2daf7d45cde1-groupManagement] INFO  server.RaftServer$Division (ServerState.java:<init>(120)) - 840e6222-e2bf-4d59-97a6-2daf7d45cde1@group-56FF926B43B3: ConfigurationManager, init=-1: peers:[840e6222-e2bf-4d59-97a6-2daf7d45cde1|rpc:10.1.0.20:15093|admin:10.1.0.20:15092|client:10.1.0.20:15091|dataStream:10.1.0.20:15094|priority:1|startupRole:FOLLOWER, 1168ba7a-e337-4443-965f-a0107b7c0c08|rpc:10.1.0.20:15084|admin:10.1.0.20:15083|client:10.1.0.20:15082|dataStream:10.1.0.20:15085|priority:0|startupRole:FOLLOWER, a280a4f0-76da-400d-9632-7196842d80a6|rpc:10.1.0.20:15102|admin:10.1.0.20:15101|client:10.1.0.20:15100|dataStream:10.1.0.20:15103|priority:0|startupRole:FOLLOWER]|listeners:[], old=null, confs=<EMPTY_MAP>
2023-07-12 21:54:50,208 [840e6222-e2bf-4d59-97a6-2daf7d45cde1-groupManagement] INFO  server.RaftServerConfigKeys (ConfUtils.java:logGet(46)) - raft.server.storage.dir = [/home/runner/work/ozone/ozone/hadoop-ozone/integration-test/target/test-dir/MiniOzoneClusterImpl-cd6376e5-088e-4fb5-a36e-c0bbc8ba407a/datanode-1/data/ratis] (custom)
2023-07-12 21:54:50,208 [840e6222-e2bf-4d59-97a6-2daf7d45cde1-groupManagement] INFO  server.RaftServerConfigKeys (ConfUtils.java:logGet(46)) - raft.server.log.corruption.policy = EXCEPTION (default)
2023-07-12 21:54:50,208 [840e6222-e2bf-4d59-97a6-2daf7d45cde1-groupManagement] INFO  server.RaftServerConfigKeys (ConfUtils.java:logGet(46)) - raft.server.storage.free-space.min = 0MB (=0) (default)
2023-07-12 21:54:50,208 [840e6222-e2bf-4d59-97a6-2daf7d45cde1-groupManagement] INFO  server.RaftServerConfigKeys (ConfUtils.java:logGet(46)) - raft.server.notification.no-leader.timeout = 300s (custom)
2023-07-12 21:54:50,208 [840e6222-e2bf-4d59-97a6-2daf7d45cde1-groupManagement] INFO  server.RaftServerConfigKeys (ConfUtils.java:logGet(46)) - raft.server.read.timeout = 10s (default)
2023-07-12 21:54:50,208 [840e6222-e2bf-4d59-97a6-2daf7d45cde1-groupManagement] INFO  server.RaftServerConfigKeys (ConfUtils.java:logGet(46)) - raft.server.retrycache.expirytime = 600000ms (custom)
2023-07-12 21:54:50,208 [840e6222-e2bf-4d59-97a6-2daf7d45cde1-groupManagement] INFO  server.RaftServerConfigKeys (ConfUtils.java:logGet(46)) - raft.server.retrycache.statistics.expirytime = 100μs (default)
2023-07-12 21:54:50,208 [840e6222-e2bf-4d59-97a6-2daf7d45cde1-groupManagement] INFO  server.RaftServerConfigKeys (ConfUtils.java:logGet(46)) - raft.server.read.option = DEFAULT (default)
2023-07-12 21:54:50,209 [840e6222-e2bf-4d59-97a6-2daf7d45cde1-groupManagement] INFO  server.RaftServerConfigKeys (ConfUtils.java:logGet(46)) - raft.server.rpc.request.timeout = 60s (custom)
2023-07-12 21:54:50,209 [840e6222-e2bf-4d59-97a6-2daf7d45cde1-groupManagement] INFO  server.RaftServerConfigKeys (ConfUtils.java:logGet(46)) - raft.server.log.appender.install.snapshot.enabled = false (custom)
2023-07-12 21:54:50,209 [840e6222-e2bf-4d59-97a6-2daf7d45cde1-groupManagement] INFO  server.RaftServerConfigKeys (ConfUtils.java:logGet(46)) - raft.server.threadpool.server.cached = true (default)
2023-07-12 21:54:50,209 [840e6222-e2bf-4d59-97a6-2daf7d45cde1-groupManagement] INFO  server.RaftServerConfigKeys (ConfUtils.java:logGet(46)) - raft.server.threadpool.server.size = 0 (default)
2023-07-12 21:54:50,209 [840e6222-e2bf-4d59-97a6-2daf7d45cde1-groupManagement] INFO  server.RaftServerConfigKeys (ConfUtils.java:logGet(46)) - raft.server.threadpool.client.cached = true (default)
2023-07-12 21:54:50,209 [840e6222-e2bf-4d59-97a6-2daf7d45cde1-groupManagement] INFO  server.RaftServerConfigKeys (ConfUtils.java:logGet(46)) - raft.server.threadpool.client.size = 0 (default)
2023-07-12 21:54:50,210 [840e6222-e2bf-4d59-97a6-2daf7d45cde1-groupManagement] INFO  storage.RaftStorageDirectory (RaftStorageDirectoryImpl.java:analyzeStorage(137)) - The storage directory /home/runner/work/ozone/ozone/hadoop-ozone/integration-test/target/test-dir/MiniOzoneClusterImpl-cd6376e5-088e-4fb5-a36e-c0bbc8ba407a/datanode-1/data/ratis/2332d8cf-7381-4c10-ac90-56ff926b43b3 does not exist. Creating ...
2023-07-12 21:54:50,210 [840e6222-e2bf-4d59-97a6-2daf7d45cde1-groupManagement] INFO  storage.RaftStorageDirectory (RaftStorageDirectoryImpl.java:tryLock(231)) - Lock on /home/runner/work/ozone/ozone/hadoop-ozone/integration-test/target/test-dir/MiniOzoneClusterImpl-cd6376e5-088e-4fb5-a36e-c0bbc8ba407a/datanode-1/data/ratis/2332d8cf-7381-4c10-ac90-56ff926b43b3/in_use.lock acquired by nodename 107600@fv-az670-842
2023-07-12 21:54:50,212 [840e6222-e2bf-4d59-97a6-2daf7d45cde1-groupManagement] INFO  storage.RaftStorage (RaftStorageImpl.java:format(96)) - Storage directory /home/runner/work/ozone/ozone/hadoop-ozone/integration-test/target/test-dir/MiniOzoneClusterImpl-cd6376e5-088e-4fb5-a36e-c0bbc8ba407a/datanode-1/data/ratis/2332d8cf-7381-4c10-ac90-56ff926b43b3 has been successfully formatted.
2023-07-12 21:54:50,212 [840e6222-e2bf-4d59-97a6-2daf7d45cde1-groupManagement] INFO  ratis.ContainerStateMachine (ContainerStateMachine.java:loadSnapshot(262)) - group-56FF926B43B3: The snapshot info is null. Setting the last applied indexto:(t:0, i:~)
2023-07-12 21:54:50,212 [840e6222-e2bf-4d59-97a6-2daf7d45cde1-groupManagement] INFO  server.RaftServerConfigKeys (ConfUtils.java:logGet(46)) - raft.server.log.use.memory = false (default)
2023-07-12 21:54:50,212 [840e6222-e2bf-4d59-97a6-2daf7d45cde1-groupManagement] INFO  server.RaftServerConfigKeys (ConfUtils.java:logGet(46)) - raft.server.log.purge.gap = 1000000 (custom)
2023-07-12 21:54:50,212 [840e6222-e2bf-4d59-97a6-2daf7d45cde1-groupManagement] INFO  server.RaftServerConfigKeys (ConfUtils.java:logGet(46)) - raft.server.log.appender.buffer.byte-limit = 33554432 (custom)
2023-07-12 21:54:50,212 [840e6222-e2bf-4d59-97a6-2daf7d45cde1-groupManagement] INFO  server.RaftServerConfigKeys (ConfUtils.java:logGet(46)) - raft.server.log.statemachine.data.read.timeout = 1000ms (default)
2023-07-12 21:54:50,212 [840e6222-e2bf-4d59-97a6-2daf7d45cde1-groupManagement] INFO  server.RaftServerConfigKeys (ConfUtils.java:logGet(46)) - raft.server.log.purge.preservation.log.num = 0 (default)
2023-07-12 21:54:50,213 [840e6222-e2bf-4d59-97a6-2daf7d45cde1-groupManagement] INFO  server.RaftServerConfigKeys (ConfUtils.java:logGet(46)) - raft.server.log.segment.size.max = 1048576 (custom)
2023-07-12 21:54:50,215 [840e6222-e2bf-4d59-97a6-2daf7d45cde1-groupManagement] INFO  server.RaftServerConfigKeys (ConfUtils.java:logGet(46)) - raft.server.log.segment.cache.num.max = 2 (custom)
2023-07-12 21:54:50,215 [840e6222-e2bf-4d59-97a6-2daf7d45cde1-groupManagement] INFO  server.RaftServerConfigKeys (ConfUtils.java:logGet(46)) - raft.server.log.segment.cache.size.max = 200MB (=209715200) (default)
2023-07-12 21:54:50,215 [840e6222-e2bf-4d59-97a6-2daf7d45cde1-groupManagement] INFO  server.RaftServerConfigKeys (ConfUtils.java:logGet(46)) - raft.server.log.appender.buffer.byte-limit = 33554432 (custom)
2023-07-12 21:54:50,215 [840e6222-e2bf-4d59-97a6-2daf7d45cde1-groupManagement] INFO  segmented.SegmentedRaftLogWorker (SegmentedRaftLogWorker.java:<init>(188)) - new 840e6222-e2bf-4d59-97a6-2daf7d45cde1@group-56FF926B43B3-SegmentedRaftLogWorker for RaftStorageImpl:Storage Directory /home/runner/work/ozone/ozone/hadoop-ozone/integration-test/target/test-dir/MiniOzoneClusterImpl-cd6376e5-088e-4fb5-a36e-c0bbc8ba407a/datanode-1/data/ratis/2332d8cf-7381-4c10-ac90-56ff926b43b3
2023-07-12 21:54:50,215 [840e6222-e2bf-4d59-97a6-2daf7d45cde1-groupManagement] INFO  server.RaftServerConfigKeys (ConfUtils.java:logGet(46)) - raft.server.log.queue.byte-limit = 4294967296 (custom)
2023-07-12 21:54:50,215 [840e6222-e2bf-4d59-97a6-2daf7d45cde1-groupManagement] INFO  server.RaftServerConfigKeys (ConfUtils.java:logGet(46)) - raft.server.log.queue.element-limit = 1024 (custom)
2023-07-12 21:54:50,215 [840e6222-e2bf-4d59-97a6-2daf7d45cde1-groupManagement] INFO  server.RaftServerConfigKeys (ConfUtils.java:logGet(46)) - raft.server.log.segment.size.max = 1048576 (custom)
2023-07-12 21:54:50,216 [840e6222-e2bf-4d59-97a6-2daf7d45cde1-groupManagement] INFO  server.RaftServerConfigKeys (ConfUtils.java:logGet(46)) - raft.server.log.preallocated.size = 16384 (custom)
2023-07-12 21:54:50,216 [840e6222-e2bf-4d59-97a6-2daf7d45cde1-groupManagement] INFO  server.RaftServerConfigKeys (ConfUtils.java:logGet(46)) - raft.server.log.force.sync.num = 128 (default)
2023-07-12 21:54:50,216 [840e6222-e2bf-4d59-97a6-2daf7d45cde1-groupManagement] INFO  server.RaftServerConfigKeys (ConfUtils.java:logGet(46)) - raft.server.log.statemachine.data.sync = true (default)
2023-07-12 21:54:50,216 [840e6222-e2bf-4d59-97a6-2daf7d45cde1-groupManagement] INFO  server.RaftServerConfigKeys (ConfUtils.java:logGet(46)) - raft.server.log.statemachine.data.sync.timeout = 10s (default)
2023-07-12 21:54:50,216 [840e6222-e2bf-4d59-97a6-2daf7d45cde1-groupManagement] INFO  server.RaftServerConfigKeys (ConfUtils.java:logGet(46)) - raft.server.log.statemachine.data.sync.timeout.retry = -1 (default)
2023-07-12 21:54:50,223 [840e6222-e2bf-4d59-97a6-2daf7d45cde1-groupManagement] INFO  server.RaftServerConfigKeys (ConfUtils.java:logGet(46)) - raft.server.log.write.buffer.size = 1048576 (custom)
2023-07-12 21:54:50,223 [840e6222-e2bf-4d59-97a6-2daf7d45cde1-groupManagement] INFO  server.RaftServerConfigKeys (ConfUtils.java:logGet(46)) - raft.server.log.appender.buffer.byte-limit = 33554432 (custom)
2023-07-12 21:54:50,229 [840e6222-e2bf-4d59-97a6-2daf7d45cde1-groupManagement] INFO  server.RaftServerConfigKeys (ConfUtils.java:logGet(46)) - raft.server.log.unsafe-flush.enabled = false (default)
2023-07-12 21:54:50,229 [840e6222-e2bf-4d59-97a6-2daf7d45cde1-groupManagement] INFO  server.RaftServerConfigKeys (ConfUtils.java:logGet(46)) - raft.server.log.async-flush.enabled = false (default)
2023-07-12 21:54:50,229 [840e6222-e2bf-4d59-97a6-2daf7d45cde1-groupManagement] INFO  server.RaftServerConfigKeys (ConfUtils.java:logGet(46)) - raft.server.log.statemachine.data.caching.enabled = true (custom)
2023-07-12 21:54:50,229 [840e6222-e2bf-4d59-97a6-2daf7d45cde1-groupManagement] INFO  segmented.SegmentedRaftLogWorker (SegmentedRaftLogWorker.java:lambda$new$0(135)) - 840e6222-e2bf-4d59-97a6-2daf7d45cde1@group-56FF926B43B3-SegmentedRaftLogWorker: flushIndex: setUnconditionally 0 -> -1
2023-07-12 21:54:50,229 [840e6222-e2bf-4d59-97a6-2daf7d45cde1-groupManagement] INFO  segmented.SegmentedRaftLogWorker (SegmentedRaftLogWorker.java:lambda$new$0(135)) - 840e6222-e2bf-4d59-97a6-2daf7d45cde1@group-56FF926B43B3-SegmentedRaftLogWorker: safeCacheEvictIndex: setUnconditionally 0 -> -1
2023-07-12 21:54:50,229 [840e6222-e2bf-4d59-97a6-2daf7d45cde1-groupManagement] INFO  server.RaftServer$Division (RaftServerImpl.java:start(342)) - 840e6222-e2bf-4d59-97a6-2daf7d45cde1@group-56FF926B43B3: start as a follower, conf=-1: peers:[840e6222-e2bf-4d59-97a6-2daf7d45cde1|rpc:10.1.0.20:15093|admin:10.1.0.20:15092|client:10.1.0.20:15091|dataStream:10.1.0.20:15094|priority:1|startupRole:FOLLOWER, 1168ba7a-e337-4443-965f-a0107b7c0c08|rpc:10.1.0.20:15084|admin:10.1.0.20:15083|client:10.1.0.20:15082|dataStream:10.1.0.20:15085|priority:0|startupRole:FOLLOWER, a280a4f0-76da-400d-9632-7196842d80a6|rpc:10.1.0.20:15102|admin:10.1.0.20:15101|client:10.1.0.20:15100|dataStream:10.1.0.20:15103|priority:0|startupRole:FOLLOWER]|listeners:[], old=null
2023-07-12 21:54:50,229 [840e6222-e2bf-4d59-97a6-2daf7d45cde1-groupManagement] INFO  server.RaftServer$Division (RaftServerImpl.java:setRole(329)) - 840e6222-e2bf-4d59-97a6-2daf7d45cde1@group-56FF926B43B3: changes role from      null to FOLLOWER at term 0 for startAsFollower
2023-07-12 21:54:50,229 [840e6222-e2bf-4d59-97a6-2daf7d45cde1-groupManagement] INFO  impl.RoleInfo (RoleInfo.java:updateAndGet(139)) - 840e6222-e2bf-4d59-97a6-2daf7d45cde1: start 840e6222-e2bf-4d59-97a6-2daf7d45cde1@group-56FF926B43B3-FollowerState
2023-07-12 21:54:50,233 [840e6222-e2bf-4d59-97a6-2daf7d45cde1-groupManagement] INFO  util.JmxRegister (JmxRegister.java:tryRegister(44)) - Successfully registered JMX Bean with object name Ratis:service=RaftServer,group=group-56FF926B43B3,id=840e6222-e2bf-4d59-97a6-2daf7d45cde1
2023-07-12 21:54:50,233 [840e6222-e2bf-4d59-97a6-2daf7d45cde1-groupManagement] INFO  server.RaftServerConfigKeys (ConfUtils.java:logGet(46)) - raft.server.snapshot.auto.trigger.enabled = true (custom)
2023-07-12 21:54:50,233 [840e6222-e2bf-4d59-97a6-2daf7d45cde1-groupManagement] INFO  server.RaftServerConfigKeys (ConfUtils.java:logGet(46)) - raft.server.snapshot.auto.trigger.threshold = 10000 (custom)
2023-07-12 21:54:50,233 [840e6222-e2bf-4d59-97a6-2daf7d45cde1-groupManagement] INFO  server.RaftServerConfigKeys (ConfUtils.java:logGet(46)) - raft.server.snapshot.retention.file.num = 5 (custom)
2023-07-12 21:54:50,233 [840e6222-e2bf-4d59-97a6-2daf7d45cde1-groupManagement] INFO  server.RaftServerConfigKeys (ConfUtils.java:logGet(46)) - raft.server.log.purge.upto.snapshot.index = false (default)
2023-07-12 21:54:50,234 [840e6222-e2bf-4d59-97a6-2daf7d45cde1@group-56FF926B43B3-FollowerState] INFO  server.RaftServerConfigKeys (ConfUtils.java:logFallback(53)) - raft.server.rpc.first-election.timeout.min = 5s (fallback to raft.server.rpc.timeout.min)
2023-07-12 21:54:50,234 [840e6222-e2bf-4d59-97a6-2daf7d45cde1@group-56FF926B43B3-FollowerState] INFO  server.RaftServerConfigKeys (ConfUtils.java:logFallback(53)) - raft.server.rpc.first-election.timeout.max = 5200ms (fallback to raft.server.rpc.timeout.max)
2023-07-12 21:54:50,251 [grpc-default-executor-0] INFO  server.RaftServer (RaftServerProxy.java:addNew(98)) - a280a4f0-76da-400d-9632-7196842d80a6: addNew group-56FF926B43B3:[840e6222-e2bf-4d59-97a6-2daf7d45cde1|rpc:10.1.0.20:15093|admin:10.1.0.20:15092|client:10.1.0.20:15091|dataStream:10.1.0.20:15094|priority:1|startupRole:FOLLOWER, 1168ba7a-e337-4443-965f-a0107b7c0c08|rpc:10.1.0.20:15084|admin:10.1.0.20:15083|client:10.1.0.20:15082|dataStream:10.1.0.20:15085|priority:0|startupRole:FOLLOWER, a280a4f0-76da-400d-9632-7196842d80a6|rpc:10.1.0.20:15102|admin:10.1.0.20:15101|client:10.1.0.20:15100|dataStream:10.1.0.20:15103|priority:0|startupRole:FOLLOWER] returns group-56FF926B43B3:java.util.concurrent.CompletableFuture@3f7a4db0[Not completed]
2023-07-12 21:54:50,256 [a280a4f0-76da-400d-9632-7196842d80a6-groupManagement] INFO  server.RaftServer$Division (RaftServerImpl.java:<init>(198)) - a280a4f0-76da-400d-9632-7196842d80a6: new RaftServerImpl for group-56FF926B43B3:[840e6222-e2bf-4d59-97a6-2daf7d45cde1|rpc:10.1.0.20:15093|admin:10.1.0.20:15092|client:10.1.0.20:15091|dataStream:10.1.0.20:15094|priority:1|startupRole:FOLLOWER, 1168ba7a-e337-4443-965f-a0107b7c0c08|rpc:10.1.0.20:15084|admin:10.1.0.20:15083|client:10.1.0.20:15082|dataStream:10.1.0.20:15085|priority:0|startupRole:FOLLOWER, a280a4f0-76da-400d-9632-7196842d80a6|rpc:10.1.0.20:15102|admin:10.1.0.20:15101|client:10.1.0.20:15100|dataStream:10.1.0.20:15103|priority:0|startupRole:FOLLOWER] with ContainerStateMachine:uninitialized
2023-07-12 21:54:50,256 [a280a4f0-76da-400d-9632-7196842d80a6-groupManagement] INFO  server.RaftServerConfigKeys (ConfUtils.java:logGet(46)) - raft.server.rpc.timeout.min = 5s (custom)
2023-07-12 21:54:50,256 [a280a4f0-76da-400d-9632-7196842d80a6-groupManagement] INFO  server.RaftServerConfigKeys (ConfUtils.java:logGet(46)) - raft.server.rpc.timeout.max = 5200ms (custom)
2023-07-12 21:54:50,256 [a280a4f0-76da-400d-9632-7196842d80a6-groupManagement] INFO  server.RaftServerConfigKeys (ConfUtils.java:logGet(46)) - raft.server.rpc.sleep.time = 25ms (default)
2023-07-12 21:54:50,256 [a280a4f0-76da-400d-9632-7196842d80a6-groupManagement] INFO  server.RaftServerConfigKeys (ConfUtils.java:logGet(46)) - raft.server.rpc.slowness.timeout = 300s (custom)
2023-07-12 21:54:50,256 [a280a4f0-76da-400d-9632-7196842d80a6-groupManagement] INFO  server.RaftServerConfigKeys (ConfUtils.java:logGet(46)) - raft.server.leaderelection.leader.step-down.wait-time = 10s (default)
2023-07-12 21:54:50,256 [a280a4f0-76da-400d-9632-7196842d80a6-groupManagement] INFO  server.RaftServerConfigKeys (ConfUtils.java:logGet(46)) - raft.server.sleep.deviation.threshold = 300ms (default)
2023-07-12 21:54:50,256 [a280a4f0-76da-400d-9632-7196842d80a6-groupManagement] INFO  server.RaftServer$Division (ServerState.java:<init>(120)) - a280a4f0-76da-400d-9632-7196842d80a6@group-56FF926B43B3: ConfigurationManager, init=-1: peers:[840e6222-e2bf-4d59-97a6-2daf7d45cde1|rpc:10.1.0.20:15093|admin:10.1.0.20:15092|client:10.1.0.20:15091|dataStream:10.1.0.20:15094|priority:1|startupRole:FOLLOWER, 1168ba7a-e337-4443-965f-a0107b7c0c08|rpc:10.1.0.20:15084|admin:10.1.0.20:15083|client:10.1.0.20:15082|dataStream:10.1.0.20:15085|priority:0|startupRole:FOLLOWER, a280a4f0-76da-400d-9632-7196842d80a6|rpc:10.1.0.20:15102|admin:10.1.0.20:15101|client:10.1.0.20:15100|dataStream:10.1.0.20:15103|priority:0|startupRole:FOLLOWER]|listeners:[], old=null, confs=<EMPTY_MAP>
2023-07-12 21:54:50,256 [a280a4f0-76da-400d-9632-7196842d80a6-groupManagement] INFO  server.RaftServerConfigKeys (ConfUtils.java:logGet(46)) - raft.server.storage.dir = [/home/runner/work/ozone/ozone/hadoop-ozone/integration-test/target/test-dir/MiniOzoneClusterImpl-cd6376e5-088e-4fb5-a36e-c0bbc8ba407a/datanode-2/data/ratis] (custom)
2023-07-12 21:54:50,257 [a280a4f0-76da-400d-9632-7196842d80a6-groupManagement] INFO  server.RaftServerConfigKeys (ConfUtils.java:logGet(46)) - raft.server.log.corruption.policy = EXCEPTION (default)
2023-07-12 21:54:50,257 [a280a4f0-76da-400d-9632-7196842d80a6-groupManagement] INFO  server.RaftServerConfigKeys (ConfUtils.java:logGet(46)) - raft.server.storage.free-space.min = 0MB (=0) (default)
2023-07-12 21:54:50,257 [a280a4f0-76da-400d-9632-7196842d80a6-groupManagement] INFO  server.RaftServerConfigKeys (ConfUtils.java:logGet(46)) - raft.server.notification.no-leader.timeout = 300s (custom)
2023-07-12 21:54:50,257 [a280a4f0-76da-400d-9632-7196842d80a6-groupManagement] INFO  server.RaftServerConfigKeys (ConfUtils.java:logGet(46)) - raft.server.read.timeout = 10s (default)
2023-07-12 21:54:50,257 [a280a4f0-76da-400d-9632-7196842d80a6-groupManagement] INFO  server.RaftServerConfigKeys (ConfUtils.java:logGet(46)) - raft.server.retrycache.expirytime = 600000ms (custom)
2023-07-12 21:54:50,257 [a280a4f0-76da-400d-9632-7196842d80a6-groupManagement] INFO  server.RaftServerConfigKeys (ConfUtils.java:logGet(46)) - raft.server.retrycache.statistics.expirytime = 100μs (default)
2023-07-12 21:54:50,257 [a280a4f0-76da-400d-9632-7196842d80a6-groupManagement] INFO  server.RaftServerConfigKeys (ConfUtils.java:logGet(46)) - raft.server.read.option = DEFAULT (default)
2023-07-12 21:54:50,258 [a280a4f0-76da-400d-9632-7196842d80a6-groupManagement] INFO  server.RaftServerConfigKeys (ConfUtils.java:logGet(46)) - raft.server.rpc.request.timeout = 60s (custom)
2023-07-12 21:54:50,258 [a280a4f0-76da-400d-9632-7196842d80a6-groupManagement] INFO  server.RaftServerConfigKeys (ConfUtils.java:logGet(46)) - raft.server.log.appender.install.snapshot.enabled = false (custom)
2023-07-12 21:54:50,258 [a280a4f0-76da-400d-9632-7196842d80a6-groupManagement] INFO  server.RaftServerConfigKeys (ConfUtils.java:logGet(46)) - raft.server.threadpool.server.cached = true (default)
2023-07-12 21:54:50,258 [a280a4f0-76da-400d-9632-7196842d80a6-groupManagement] INFO  server.RaftServerConfigKeys (ConfUtils.java:logGet(46)) - raft.server.threadpool.server.size = 0 (default)
2023-07-12 21:54:50,258 [a280a4f0-76da-400d-9632-7196842d80a6-groupManagement] INFO  server.RaftServerConfigKeys (ConfUtils.java:logGet(46)) - raft.server.threadpool.client.cached = true (default)
2023-07-12 21:54:50,258 [a280a4f0-76da-400d-9632-7196842d80a6-groupManagement] INFO  server.RaftServerConfigKeys (ConfUtils.java:logGet(46)) - raft.server.threadpool.client.size = 0 (default)
2023-07-12 21:54:50,258 [a280a4f0-76da-400d-9632-7196842d80a6-groupManagement] INFO  storage.RaftStorageDirectory (RaftStorageDirectoryImpl.java:analyzeStorage(137)) - The storage directory /home/runner/work/ozone/ozone/hadoop-ozone/integration-test/target/test-dir/MiniOzoneClusterImpl-cd6376e5-088e-4fb5-a36e-c0bbc8ba407a/datanode-2/data/ratis/2332d8cf-7381-4c10-ac90-56ff926b43b3 does not exist. Creating ...
2023-07-12 21:54:50,260 [a280a4f0-76da-400d-9632-7196842d80a6-groupManagement] INFO  storage.RaftStorageDirectory (RaftStorageDirectoryImpl.java:tryLock(231)) - Lock on /home/runner/work/ozone/ozone/hadoop-ozone/integration-test/target/test-dir/MiniOzoneClusterImpl-cd6376e5-088e-4fb5-a36e-c0bbc8ba407a/datanode-2/data/ratis/2332d8cf-7381-4c10-ac90-56ff926b43b3/in_use.lock acquired by nodename 107600@fv-az670-842
2023-07-12 21:54:50,262 [a280a4f0-76da-400d-9632-7196842d80a6-groupManagement] INFO  storage.RaftStorage (RaftStorageImpl.java:format(96)) - Storage directory /home/runner/work/ozone/ozone/hadoop-ozone/integration-test/target/test-dir/MiniOzoneClusterImpl-cd6376e5-088e-4fb5-a36e-c0bbc8ba407a/datanode-2/data/ratis/2332d8cf-7381-4c10-ac90-56ff926b43b3 has been successfully formatted.
2023-07-12 21:54:50,263 [a280a4f0-76da-400d-9632-7196842d80a6-groupManagement] INFO  ratis.ContainerStateMachine (ContainerStateMachine.java:loadSnapshot(262)) - group-56FF926B43B3: The snapshot info is null. Setting the last applied indexto:(t:0, i:~)
2023-07-12 21:54:50,263 [a280a4f0-76da-400d-9632-7196842d80a6-groupManagement] INFO  server.RaftServerConfigKeys (ConfUtils.java:logGet(46)) - raft.server.log.use.memory = false (default)
2023-07-12 21:54:50,263 [a280a4f0-76da-400d-9632-7196842d80a6-groupManagement] INFO  server.RaftServerConfigKeys (ConfUtils.java:logGet(46)) - raft.server.log.purge.gap = 1000000 (custom)
2023-07-12 21:54:50,263 [a280a4f0-76da-400d-9632-7196842d80a6-groupManagement] INFO  server.RaftServerConfigKeys (ConfUtils.java:logGet(46)) - raft.server.log.appender.buffer.byte-limit = 33554432 (custom)
2023-07-12 21:54:50,263 [a280a4f0-76da-400d-9632-7196842d80a6-groupManagement] INFO  server.RaftServerConfigKeys (ConfUtils.java:logGet(46)) - raft.server.log.statemachine.data.read.timeout = 1000ms (default)
2023-07-12 21:54:50,263 [a280a4f0-76da-400d-9632-7196842d80a6-groupManagement] INFO  server.RaftServerConfigKeys (ConfUtils.java:logGet(46)) - raft.server.log.purge.preservation.log.num = 0 (default)
2023-07-12 21:54:50,263 [a280a4f0-76da-400d-9632-7196842d80a6-groupManagement] INFO  server.RaftServerConfigKeys (ConfUtils.java:logGet(46)) - raft.server.log.segment.size.max = 1048576 (custom)
2023-07-12 21:54:50,265 [a280a4f0-76da-400d-9632-7196842d80a6-groupManagement] INFO  server.RaftServerConfigKeys (ConfUtils.java:logGet(46)) - raft.server.log.segment.cache.num.max = 2 (custom)
2023-07-12 21:54:50,265 [a280a4f0-76da-400d-9632-7196842d80a6-groupManagement] INFO  server.RaftServerConfigKeys (ConfUtils.java:logGet(46)) - raft.server.log.segment.cache.size.max = 200MB (=209715200) (default)
2023-07-12 21:54:50,265 [a280a4f0-76da-400d-9632-7196842d80a6-groupManagement] INFO  server.RaftServerConfigKeys (ConfUtils.java:logGet(46)) - raft.server.log.appender.buffer.byte-limit = 33554432 (custom)
2023-07-12 21:54:50,265 [a280a4f0-76da-400d-9632-7196842d80a6-groupManagement] INFO  segmented.SegmentedRaftLogWorker (SegmentedRaftLogWorker.java:<init>(188)) - new a280a4f0-76da-400d-9632-7196842d80a6@group-56FF926B43B3-SegmentedRaftLogWorker for RaftStorageImpl:Storage Directory /home/runner/work/ozone/ozone/hadoop-ozone/integration-test/target/test-dir/MiniOzoneClusterImpl-cd6376e5-088e-4fb5-a36e-c0bbc8ba407a/datanode-2/data/ratis/2332d8cf-7381-4c10-ac90-56ff926b43b3
2023-07-12 21:54:50,265 [a280a4f0-76da-400d-9632-7196842d80a6-groupManagement] INFO  server.RaftServerConfigKeys (ConfUtils.java:logGet(46)) - raft.server.log.queue.byte-limit = 4294967296 (custom)
2023-07-12 21:54:50,265 [a280a4f0-76da-400d-9632-7196842d80a6-groupManagement] INFO  server.RaftServerConfigKeys (ConfUtils.java:logGet(46)) - raft.server.log.queue.element-limit = 1024 (custom)
2023-07-12 21:54:50,265 [a280a4f0-76da-400d-9632-7196842d80a6-groupManagement] INFO  server.RaftServerConfigKeys (ConfUtils.java:logGet(46)) - raft.server.log.segment.size.max = 1048576 (custom)
2023-07-12 21:54:50,265 [a280a4f0-76da-400d-9632-7196842d80a6-groupManagement] INFO  server.RaftServerConfigKeys (ConfUtils.java:logGet(46)) - raft.server.log.preallocated.size = 16384 (custom)
2023-07-12 21:54:50,265 [a280a4f0-76da-400d-9632-7196842d80a6-groupManagement] INFO  server.RaftServerConfigKeys (ConfUtils.java:logGet(46)) - raft.server.log.force.sync.num = 128 (default)
2023-07-12 21:54:50,265 [a280a4f0-76da-400d-9632-7196842d80a6-groupManagement] INFO  server.RaftServerConfigKeys (ConfUtils.java:logGet(46)) - raft.server.log.statemachine.data.sync = true (default)
2023-07-12 21:54:50,265 [a280a4f0-76da-400d-9632-7196842d80a6-groupManagement] INFO  server.RaftServerConfigKeys (ConfUtils.java:logGet(46)) - raft.server.log.statemachine.data.sync.timeout = 10s (default)
2023-07-12 21:54:50,265 [a280a4f0-76da-400d-9632-7196842d80a6-groupManagement] INFO  server.RaftServerConfigKeys (ConfUtils.java:logGet(46)) - raft.server.log.statemachine.data.sync.timeout.retry = -1 (default)
2023-07-12 21:54:50,266 [a280a4f0-76da-400d-9632-7196842d80a6-groupManagement] INFO  server.RaftServerConfigKeys (ConfUtils.java:logGet(46)) - raft.server.log.write.buffer.size = 1048576 (custom)
2023-07-12 21:54:50,268 [a280a4f0-76da-400d-9632-7196842d80a6-groupManagement] INFO  server.RaftServerConfigKeys (ConfUtils.java:logGet(46)) - raft.server.log.appender.buffer.byte-limit = 33554432 (custom)
2023-07-12 21:54:50,271 [a280a4f0-76da-400d-9632-7196842d80a6-groupManagement] INFO  server.RaftServerConfigKeys (ConfUtils.java:logGet(46)) - raft.server.log.unsafe-flush.enabled = false (default)
2023-07-12 21:54:50,271 [a280a4f0-76da-400d-9632-7196842d80a6-groupManagement] INFO  server.RaftServerConfigKeys (ConfUtils.java:logGet(46)) - raft.server.log.async-flush.enabled = false (default)
2023-07-12 21:54:50,271 [a280a4f0-76da-400d-9632-7196842d80a6-groupManagement] INFO  server.RaftServerConfigKeys (ConfUtils.java:logGet(46)) - raft.server.log.statemachine.data.caching.enabled = true (custom)
2023-07-12 21:54:50,271 [a280a4f0-76da-400d-9632-7196842d80a6-groupManagement] INFO  segmented.SegmentedRaftLogWorker (SegmentedRaftLogWorker.java:lambda$new$0(135)) - a280a4f0-76da-400d-9632-7196842d80a6@group-56FF926B43B3-SegmentedRaftLogWorker: flushIndex: setUnconditionally 0 -> -1
2023-07-12 21:54:50,271 [a280a4f0-76da-400d-9632-7196842d80a6-groupManagement] INFO  segmented.SegmentedRaftLogWorker (SegmentedRaftLogWorker.java:lambda$new$0(135)) - a280a4f0-76da-400d-9632-7196842d80a6@group-56FF926B43B3-SegmentedRaftLogWorker: safeCacheEvictIndex: setUnconditionally 0 -> -1
2023-07-12 21:54:50,272 [a280a4f0-76da-400d-9632-7196842d80a6-groupManagement] INFO  server.RaftServer$Division (RaftServerImpl.java:start(342)) - a280a4f0-76da-400d-9632-7196842d80a6@group-56FF926B43B3: start as a follower, conf=-1: peers:[840e6222-e2bf-4d59-97a6-2daf7d45cde1|rpc:10.1.0.20:15093|admin:10.1.0.20:15092|client:10.1.0.20:15091|dataStream:10.1.0.20:15094|priority:1|startupRole:FOLLOWER, 1168ba7a-e337-4443-965f-a0107b7c0c08|rpc:10.1.0.20:15084|admin:10.1.0.20:15083|client:10.1.0.20:15082|dataStream:10.1.0.20:15085|priority:0|startupRole:FOLLOWER, a280a4f0-76da-400d-9632-7196842d80a6|rpc:10.1.0.20:15102|admin:10.1.0.20:15101|client:10.1.0.20:15100|dataStream:10.1.0.20:15103|priority:0|startupRole:FOLLOWER]|listeners:[], old=null
2023-07-12 21:54:50,272 [a280a4f0-76da-400d-9632-7196842d80a6-groupManagement] INFO  server.RaftServer$Division (RaftServerImpl.java:setRole(329)) - a280a4f0-76da-400d-9632-7196842d80a6@group-56FF926B43B3: changes role from      null to FOLLOWER at term 0 for startAsFollower
2023-07-12 21:54:50,272 [a280a4f0-76da-400d-9632-7196842d80a6-groupManagement] INFO  impl.RoleInfo (RoleInfo.java:updateAndGet(139)) - a280a4f0-76da-400d-9632-7196842d80a6: start a280a4f0-76da-400d-9632-7196842d80a6@group-56FF926B43B3-FollowerState
2023-07-12 21:54:50,273 [a280a4f0-76da-400d-9632-7196842d80a6-groupManagement] INFO  util.JmxRegister (JmxRegister.java:tryRegister(44)) - Successfully registered JMX Bean with object name Ratis:service=RaftServer,group=group-56FF926B43B3,id=a280a4f0-76da-400d-9632-7196842d80a6
2023-07-12 21:54:50,273 [a280a4f0-76da-400d-9632-7196842d80a6-groupManagement] INFO  server.RaftServerConfigKeys (ConfUtils.java:logGet(46)) - raft.server.snapshot.auto.trigger.enabled = true (custom)
2023-07-12 21:54:50,273 [a280a4f0-76da-400d-9632-7196842d80a6-groupManagement] INFO  server.RaftServerConfigKeys (ConfUtils.java:logGet(46)) - raft.server.snapshot.auto.trigger.threshold = 10000 (custom)
2023-07-12 21:54:50,273 [a280a4f0-76da-400d-9632-7196842d80a6-groupManagement] INFO  server.RaftServerConfigKeys (ConfUtils.java:logGet(46)) - raft.server.snapshot.retention.file.num = 5 (custom)
2023-07-12 21:54:50,273 [a280a4f0-76da-400d-9632-7196842d80a6-groupManagement] INFO  server.RaftServerConfigKeys (ConfUtils.java:logGet(46)) - raft.server.log.purge.upto.snapshot.index = false (default)
2023-07-12 21:54:50,273 [a280a4f0-76da-400d-9632-7196842d80a6@group-56FF926B43B3-FollowerState] INFO  server.RaftServerConfigKeys (ConfUtils.java:logFallback(53)) - raft.server.rpc.first-election.timeout.min = 5s (fallback to raft.server.rpc.timeout.min)
2023-07-12 21:54:50,273 [a280a4f0-76da-400d-9632-7196842d80a6@group-56FF926B43B3-FollowerState] INFO  server.RaftServerConfigKeys (ConfUtils.java:logFallback(53)) - raft.server.rpc.first-election.timeout.max = 5200ms (fallback to raft.server.rpc.timeout.max)
2023-07-12 21:54:50,277 [PipelineCommandHandlerThread-0] INFO  commandhandler.CreatePipelineCommandHandler (CreatePipelineCommandHandler.java:lambda$handle$2(124)) - Created Pipeline RATIS THREE PipelineID=2332d8cf-7381-4c10-ac90-56ff926b43b3.
2023-07-12 21:54:50,277 [PipelineCommandHandlerThread-0] INFO  server.RaftServer (RaftServerProxy.java:addNew(98)) - 1168ba7a-e337-4443-965f-a0107b7c0c08: addNew group-478376072D79:[840e6222-e2bf-4d59-97a6-2daf7d45cde1|rpc:10.1.0.20:15093|admin:10.1.0.20:15092|client:10.1.0.20:15091|dataStream:10.1.0.20:15094|priority:0|startupRole:FOLLOWER, 1168ba7a-e337-4443-965f-a0107b7c0c08|rpc:10.1.0.20:15084|admin:10.1.0.20:15083|client:10.1.0.20:15082|dataStream:10.1.0.20:15085|priority:0|startupRole:FOLLOWER, a280a4f0-76da-400d-9632-7196842d80a6|rpc:10.1.0.20:15102|admin:10.1.0.20:15101|client:10.1.0.20:15100|dataStream:10.1.0.20:15103|priority:1|startupRole:FOLLOWER] returns group-478376072D79:java.util.concurrent.CompletableFuture@7001255a[Not completed]
2023-07-12 21:54:50,278 [1168ba7a-e337-4443-965f-a0107b7c0c08-groupManagement] INFO  server.RaftServer$Division (RaftServerImpl.java:<init>(198)) - 1168ba7a-e337-4443-965f-a0107b7c0c08: new RaftServerImpl for group-478376072D79:[840e6222-e2bf-4d59-97a6-2daf7d45cde1|rpc:10.1.0.20:15093|admin:10.1.0.20:15092|client:10.1.0.20:15091|dataStream:10.1.0.20:15094|priority:0|startupRole:FOLLOWER, 1168ba7a-e337-4443-965f-a0107b7c0c08|rpc:10.1.0.20:15084|admin:10.1.0.20:15083|client:10.1.0.20:15082|dataStream:10.1.0.20:15085|priority:0|startupRole:FOLLOWER, a280a4f0-76da-400d-9632-7196842d80a6|rpc:10.1.0.20:15102|admin:10.1.0.20:15101|client:10.1.0.20:15100|dataStream:10.1.0.20:15103|priority:1|startupRole:FOLLOWER] with ContainerStateMachine:uninitialized
2023-07-12 21:54:50,278 [1168ba7a-e337-4443-965f-a0107b7c0c08-groupManagement] INFO  server.RaftServerConfigKeys (ConfUtils.java:logGet(46)) - raft.server.rpc.timeout.min = 5s (custom)
2023-07-12 21:54:50,278 [1168ba7a-e337-4443-965f-a0107b7c0c08-groupManagement] INFO  server.RaftServerConfigKeys (ConfUtils.java:logGet(46)) - raft.server.rpc.timeout.max = 5200ms (custom)
2023-07-12 21:54:50,278 [1168ba7a-e337-4443-965f-a0107b7c0c08-groupManagement] INFO  server.RaftServerConfigKeys (ConfUtils.java:logGet(46)) - raft.server.rpc.sleep.time = 25ms (default)
2023-07-12 21:54:50,278 [1168ba7a-e337-4443-965f-a0107b7c0c08-groupManagement] INFO  server.RaftServerConfigKeys (ConfUtils.java:logGet(46)) - raft.server.rpc.slowness.timeout = 300s (custom)
2023-07-12 21:54:50,278 [1168ba7a-e337-4443-965f-a0107b7c0c08-groupManagement] INFO  server.RaftServerConfigKeys (ConfUtils.java:logGet(46)) - raft.server.leaderelection.leader.step-down.wait-time = 10s (default)
2023-07-12 21:54:50,278 [1168ba7a-e337-4443-965f-a0107b7c0c08-groupManagement] INFO  server.RaftServerConfigKeys (ConfUtils.java:logGet(46)) - raft.server.sleep.deviation.threshold = 300ms (default)
2023-07-12 21:54:50,278 [1168ba7a-e337-4443-965f-a0107b7c0c08-groupManagement] INFO  server.RaftServer$Division (ServerState.java:<init>(120)) - 1168ba7a-e337-4443-965f-a0107b7c0c08@group-478376072D79: ConfigurationManager, init=-1: peers:[840e6222-e2bf-4d59-97a6-2daf7d45cde1|rpc:10.1.0.20:15093|admin:10.1.0.20:15092|client:10.1.0.20:15091|dataStream:10.1.0.20:15094|priority:0|startupRole:FOLLOWER, 1168ba7a-e337-4443-965f-a0107b7c0c08|rpc:10.1.0.20:15084|admin:10.1.0.20:15083|client:10.1.0.20:15082|dataStream:10.1.0.20:15085|priority:0|startupRole:FOLLOWER, a280a4f0-76da-400d-9632-7196842d80a6|rpc:10.1.0.20:15102|admin:10.1.0.20:15101|client:10.1.0.20:15100|dataStream:10.1.0.20:15103|priority:1|startupRole:FOLLOWER]|listeners:[], old=null, confs=<EMPTY_MAP>
2023-07-12 21:54:50,278 [1168ba7a-e337-4443-965f-a0107b7c0c08-groupManagement] INFO  server.RaftServerConfigKeys (ConfUtils.java:logGet(46)) - raft.server.storage.dir = [/home/runner/work/ozone/ozone/hadoop-ozone/integration-test/target/test-dir/MiniOzoneClusterImpl-cd6376e5-088e-4fb5-a36e-c0bbc8ba407a/datanode-0/data/ratis] (custom)
2023-07-12 21:54:50,278 [1168ba7a-e337-4443-965f-a0107b7c0c08-groupManagement] INFO  server.RaftServerConfigKeys (ConfUtils.java:logGet(46)) - raft.server.log.corruption.policy = EXCEPTION (default)
2023-07-12 21:54:50,278 [1168ba7a-e337-4443-965f-a0107b7c0c08-groupManagement] INFO  server.RaftServerConfigKeys (ConfUtils.java:logGet(46)) - raft.server.storage.free-space.min = 0MB (=0) (default)
2023-07-12 21:54:50,279 [1168ba7a-e337-4443-965f-a0107b7c0c08-groupManagement] INFO  server.RaftServerConfigKeys (ConfUtils.java:logGet(46)) - raft.server.notification.no-leader.timeout = 300s (custom)
2023-07-12 21:54:50,279 [1168ba7a-e337-4443-965f-a0107b7c0c08-groupManagement] INFO  server.RaftServerConfigKeys (ConfUtils.java:logGet(46)) - raft.server.read.timeout = 10s (default)
2023-07-12 21:54:50,279 [1168ba7a-e337-4443-965f-a0107b7c0c08-groupManagement] INFO  server.RaftServerConfigKeys (ConfUtils.java:logGet(46)) - raft.server.retrycache.expirytime = 600000ms (custom)
2023-07-12 21:54:50,279 [1168ba7a-e337-4443-965f-a0107b7c0c08-groupManagement] INFO  server.RaftServerConfigKeys (ConfUtils.java:logGet(46)) - raft.server.retrycache.statistics.expirytime = 100μs (default)
2023-07-12 21:54:50,279 [1168ba7a-e337-4443-965f-a0107b7c0c08-groupManagement] INFO  server.RaftServerConfigKeys (ConfUtils.java:logGet(46)) - raft.server.read.option = DEFAULT (default)
2023-07-12 21:54:50,279 [1168ba7a-e337-4443-965f-a0107b7c0c08-groupManagement] INFO  server.RaftServerConfigKeys (ConfUtils.java:logGet(46)) - raft.server.rpc.request.timeout = 60s (custom)
2023-07-12 21:54:50,279 [1168ba7a-e337-4443-965f-a0107b7c0c08-groupManagement] INFO  server.RaftServerConfigKeys (ConfUtils.java:logGet(46)) - raft.server.log.appender.install.snapshot.enabled = false (custom)
2023-07-12 21:54:50,279 [1168ba7a-e337-4443-965f-a0107b7c0c08-groupManagement] INFO  server.RaftServerConfigKeys (ConfUtils.java:logGet(46)) - raft.server.threadpool.server.cached = true (default)
2023-07-12 21:54:50,279 [1168ba7a-e337-4443-965f-a0107b7c0c08-groupManagement] INFO  server.RaftServerConfigKeys (ConfUtils.java:logGet(46)) - raft.server.threadpool.server.size = 0 (default)
2023-07-12 21:54:50,279 [1168ba7a-e337-4443-965f-a0107b7c0c08-groupManagement] INFO  server.RaftServerConfigKeys (ConfUtils.java:logGet(46)) - raft.server.threadpool.client.cached = true (default)
2023-07-12 21:54:50,279 [1168ba7a-e337-4443-965f-a0107b7c0c08-groupManagement] INFO  server.RaftServerConfigKeys (ConfUtils.java:logGet(46)) - raft.server.threadpool.client.size = 0 (default)
2023-07-12 21:54:50,279 [1168ba7a-e337-4443-965f-a0107b7c0c08-groupManagement] INFO  storage.RaftStorageDirectory (RaftStorageDirectoryImpl.java:analyzeStorage(137)) - The storage directory /home/runner/work/ozone/ozone/hadoop-ozone/integration-test/target/test-dir/MiniOzoneClusterImpl-cd6376e5-088e-4fb5-a36e-c0bbc8ba407a/datanode-0/data/ratis/921c675a-8748-4c94-a05b-478376072d79 does not exist. Creating ...
2023-07-12 21:54:50,280 [1168ba7a-e337-4443-965f-a0107b7c0c08-groupManagement] INFO  storage.RaftStorageDirectory (RaftStorageDirectoryImpl.java:tryLock(231)) - Lock on /home/runner/work/ozone/ozone/hadoop-ozone/integration-test/target/test-dir/MiniOzoneClusterImpl-cd6376e5-088e-4fb5-a36e-c0bbc8ba407a/datanode-0/data/ratis/921c675a-8748-4c94-a05b-478376072d79/in_use.lock acquired by nodename 107600@fv-az670-842
2023-07-12 21:54:50,281 [1168ba7a-e337-4443-965f-a0107b7c0c08-groupManagement] INFO  storage.RaftStorage (RaftStorageImpl.java:format(96)) - Storage directory /home/runner/work/ozone/ozone/hadoop-ozone/integration-test/target/test-dir/MiniOzoneClusterImpl-cd6376e5-088e-4fb5-a36e-c0bbc8ba407a/datanode-0/data/ratis/921c675a-8748-4c94-a05b-478376072d79 has been successfully formatted.
2023-07-12 21:54:50,282 [1168ba7a-e337-4443-965f-a0107b7c0c08-groupManagement] INFO  ratis.ContainerStateMachine (ContainerStateMachine.java:loadSnapshot(262)) - group-478376072D79: The snapshot info is null. Setting the last applied indexto:(t:0, i:~)
2023-07-12 21:54:50,282 [1168ba7a-e337-4443-965f-a0107b7c0c08-groupManagement] INFO  server.RaftServerConfigKeys (ConfUtils.java:logGet(46)) - raft.server.log.use.memory = false (default)
2023-07-12 21:54:50,282 [1168ba7a-e337-4443-965f-a0107b7c0c08-groupManagement] INFO  server.RaftServerConfigKeys (ConfUtils.java:logGet(46)) - raft.server.log.purge.gap = 1000000 (custom)
2023-07-12 21:54:50,282 [1168ba7a-e337-4443-965f-a0107b7c0c08-groupManagement] INFO  server.RaftServerConfigKeys (ConfUtils.java:logGet(46)) - raft.server.log.appender.buffer.byte-limit = 33554432 (custom)
2023-07-12 21:54:50,282 [1168ba7a-e337-4443-965f-a0107b7c0c08-groupManagement] INFO  server.RaftServerConfigKeys (ConfUtils.java:logGet(46)) - raft.server.log.statemachine.data.read.timeout = 1000ms (default)
2023-07-12 21:54:50,282 [1168ba7a-e337-4443-965f-a0107b7c0c08-groupManagement] INFO  server.RaftServerConfigKeys (ConfUtils.java:logGet(46)) - raft.server.log.purge.preservation.log.num = 0 (default)
2023-07-12 21:54:50,282 [1168ba7a-e337-4443-965f-a0107b7c0c08-groupManagement] INFO  server.RaftServerConfigKeys (ConfUtils.java:logGet(46)) - raft.server.log.segment.size.max = 1048576 (custom)
2023-07-12 21:54:50,282 [1168ba7a-e337-4443-965f-a0107b7c0c08-groupManagement] INFO  server.RaftServerConfigKeys (ConfUtils.java:logGet(46)) - raft.server.log.segment.cache.num.max = 2 (custom)
2023-07-12 21:54:50,282 [1168ba7a-e337-4443-965f-a0107b7c0c08-groupManagement] INFO  server.RaftServerConfigKeys (ConfUtils.java:logGet(46)) - raft.server.log.segment.cache.size.max = 200MB (=209715200) (default)
2023-07-12 21:54:50,282 [1168ba7a-e337-4443-965f-a0107b7c0c08-groupManagement] INFO  server.RaftServerConfigKeys (ConfUtils.java:logGet(46)) - raft.server.log.appender.buffer.byte-limit = 33554432 (custom)
2023-07-12 21:54:50,282 [1168ba7a-e337-4443-965f-a0107b7c0c08-groupManagement] INFO  segmented.SegmentedRaftLogWorker (SegmentedRaftLogWorker.java:<init>(188)) - new 1168ba7a-e337-4443-965f-a0107b7c0c08@group-478376072D79-SegmentedRaftLogWorker for RaftStorageImpl:Storage Directory /home/runner/work/ozone/ozone/hadoop-ozone/integration-test/target/test-dir/MiniOzoneClusterImpl-cd6376e5-088e-4fb5-a36e-c0bbc8ba407a/datanode-0/data/ratis/921c675a-8748-4c94-a05b-478376072d79
2023-07-12 21:54:50,282 [1168ba7a-e337-4443-965f-a0107b7c0c08-groupManagement] INFO  server.RaftServerConfigKeys (ConfUtils.java:logGet(46)) - raft.server.log.queue.byte-limit = 4294967296 (custom)
2023-07-12 21:54:50,282 [1168ba7a-e337-4443-965f-a0107b7c0c08-groupManagement] INFO  server.RaftServerConfigKeys (ConfUtils.java:logGet(46)) - raft.server.log.queue.element-limit = 1024 (custom)
2023-07-12 21:54:50,282 [1168ba7a-e337-4443-965f-a0107b7c0c08-groupManagement] INFO  server.RaftServerConfigKeys (ConfUtils.java:logGet(46)) - raft.server.log.segment.size.max = 1048576 (custom)
2023-07-12 21:54:50,282 [1168ba7a-e337-4443-965f-a0107b7c0c08-groupManagement] INFO  server.RaftServerConfigKeys (ConfUtils.java:logGet(46)) - raft.server.log.preallocated.size = 16384 (custom)
2023-07-12 21:54:50,282 [1168ba7a-e337-4443-965f-a0107b7c0c08-groupManagement] INFO  server.RaftServerConfigKeys (ConfUtils.java:logGet(46)) - raft.server.log.force.sync.num = 128 (default)
2023-07-12 21:54:50,283 [1168ba7a-e337-4443-965f-a0107b7c0c08-groupManagement] INFO  server.RaftServerConfigKeys (ConfUtils.java:logGet(46)) - raft.server.log.statemachine.data.sync = true (default)
2023-07-12 21:54:50,283 [1168ba7a-e337-4443-965f-a0107b7c0c08-groupManagement] INFO  server.RaftServerConfigKeys (ConfUtils.java:logGet(46)) - raft.server.log.statemachine.data.sync.timeout = 10s (default)
2023-07-12 21:54:50,283 [1168ba7a-e337-4443-965f-a0107b7c0c08-groupManagement] INFO  server.RaftServerConfigKeys (ConfUtils.java:logGet(46)) - raft.server.log.statemachine.data.sync.timeout.retry = -1 (default)
2023-07-12 21:54:50,283 [EventQueue-OpenPipelineForHealthyPipelineSafeModeRule] INFO  safemode.SCMSafeModeManager (HealthyPipelineSafeModeRule.java:process(137)) - SCM in safe mode. Healthy pipelines reported count is 0, required healthy pipeline reported count is 1
2023-07-12 21:54:50,283 [1168ba7a-e337-4443-965f-a0107b7c0c08-groupManagement] INFO  server.RaftServerConfigKeys (ConfUtils.java:logGet(46)) - raft.server.log.write.buffer.size = 1048576 (custom)
2023-07-12 21:54:50,283 [1168ba7a-e337-4443-965f-a0107b7c0c08-groupManagement] INFO  server.RaftServerConfigKeys (ConfUtils.java:logGet(46)) - raft.server.log.appender.buffer.byte-limit = 33554432 (custom)
2023-07-12 21:54:50,286 [1168ba7a-e337-4443-965f-a0107b7c0c08-groupManagement] INFO  server.RaftServerConfigKeys (ConfUtils.java:logGet(46)) - raft.server.log.unsafe-flush.enabled = false (default)
2023-07-12 21:54:50,286 [1168ba7a-e337-4443-965f-a0107b7c0c08-groupManagement] INFO  server.RaftServerConfigKeys (ConfUtils.java:logGet(46)) - raft.server.log.async-flush.enabled = false (default)
2023-07-12 21:54:50,286 [1168ba7a-e337-4443-965f-a0107b7c0c08-groupManagement] INFO  server.RaftServerConfigKeys (ConfUtils.java:logGet(46)) - raft.server.log.statemachine.data.caching.enabled = true (custom)
2023-07-12 21:54:50,287 [1168ba7a-e337-4443-965f-a0107b7c0c08-groupManagement] INFO  segmented.SegmentedRaftLogWorker (SegmentedRaftLogWorker.java:lambda$new$0(135)) - 1168ba7a-e337-4443-965f-a0107b7c0c08@group-478376072D79-SegmentedRaftLogWorker: flushIndex: setUnconditionally 0 -> -1
2023-07-12 21:54:50,287 [1168ba7a-e337-4443-965f-a0107b7c0c08-groupManagement] INFO  segmented.SegmentedRaftLogWorker (SegmentedRaftLogWorker.java:lambda$new$0(135)) - 1168ba7a-e337-4443-965f-a0107b7c0c08@group-478376072D79-SegmentedRaftLogWorker: safeCacheEvictIndex: setUnconditionally 0 -> -1
2023-07-12 21:54:50,289 [1168ba7a-e337-4443-965f-a0107b7c0c08-groupManagement] INFO  server.RaftServer$Division (RaftServerImpl.java:start(342)) - 1168ba7a-e337-4443-965f-a0107b7c0c08@group-478376072D79: start as a follower, conf=-1: peers:[840e6222-e2bf-4d59-97a6-2daf7d45cde1|rpc:10.1.0.20:15093|admin:10.1.0.20:15092|client:10.1.0.20:15091|dataStream:10.1.0.20:15094|priority:0|startupRole:FOLLOWER, 1168ba7a-e337-4443-965f-a0107b7c0c08|rpc:10.1.0.20:15084|admin:10.1.0.20:15083|client:10.1.0.20:15082|dataStream:10.1.0.20:15085|priority:0|startupRole:FOLLOWER, a280a4f0-76da-400d-9632-7196842d80a6|rpc:10.1.0.20:15102|admin:10.1.0.20:15101|client:10.1.0.20:15100|dataStream:10.1.0.20:15103|priority:1|startupRole:FOLLOWER]|listeners:[], old=null
2023-07-12 21:54:50,289 [1168ba7a-e337-4443-965f-a0107b7c0c08-groupManagement] INFO  server.RaftServer$Division (RaftServerImpl.java:setRole(329)) - 1168ba7a-e337-4443-965f-a0107b7c0c08@group-478376072D79: changes role from      null to FOLLOWER at term 0 for startAsFollower
2023-07-12 21:54:50,289 [1168ba7a-e337-4443-965f-a0107b7c0c08-groupManagement] INFO  impl.RoleInfo (RoleInfo.java:updateAndGet(139)) - 1168ba7a-e337-4443-965f-a0107b7c0c08: start 1168ba7a-e337-4443-965f-a0107b7c0c08@group-478376072D79-FollowerState
2023-07-12 21:54:50,291 [1168ba7a-e337-4443-965f-a0107b7c0c08-groupManagement] INFO  util.JmxRegister (JmxRegister.java:tryRegister(44)) - Successfully registered JMX Bean with object name Ratis:service=RaftServer,group=group-478376072D79,id=1168ba7a-e337-4443-965f-a0107b7c0c08
2023-07-12 21:54:50,291 [1168ba7a-e337-4443-965f-a0107b7c0c08-groupManagement] INFO  server.RaftServerConfigKeys (ConfUtils.java:logGet(46)) - raft.server.snapshot.auto.trigger.enabled = true (custom)
2023-07-12 21:54:50,291 [1168ba7a-e337-4443-965f-a0107b7c0c08-groupManagement] INFO  server.RaftServerConfigKeys (ConfUtils.java:logGet(46)) - raft.server.snapshot.auto.trigger.threshold = 10000 (custom)
2023-07-12 21:54:50,291 [1168ba7a-e337-4443-965f-a0107b7c0c08-groupManagement] INFO  server.RaftServerConfigKeys (ConfUtils.java:logGet(46)) - raft.server.snapshot.retention.file.num = 5 (custom)
2023-07-12 21:54:50,291 [1168ba7a-e337-4443-965f-a0107b7c0c08-groupManagement] INFO  server.RaftServerConfigKeys (ConfUtils.java:logGet(46)) - raft.server.log.purge.upto.snapshot.index = false (default)
2023-07-12 21:54:50,291 [1168ba7a-e337-4443-965f-a0107b7c0c08@group-478376072D79-FollowerState] INFO  server.RaftServerConfigKeys (ConfUtils.java:logFallback(53)) - raft.server.rpc.first-election.timeout.min = 5s (fallback to raft.server.rpc.timeout.min)
2023-07-12 21:54:50,291 [1168ba7a-e337-4443-965f-a0107b7c0c08@group-478376072D79-FollowerState] INFO  server.RaftServerConfigKeys (ConfUtils.java:logFallback(53)) - raft.server.rpc.first-election.timeout.max = 5200ms (fallback to raft.server.rpc.timeout.max)
2023-07-12 21:54:50,291 [PipelineCommandHandlerThread-0] INFO  ratis.XceiverServerRatis (XceiverServerRatis.java:addGroup(804)) - Created group PipelineID=921c675a-8748-4c94-a05b-478376072d79
2023-07-12 21:54:50,306 [grpc-default-executor-0] INFO  server.RaftServer (RaftServerProxy.java:addNew(98)) - a280a4f0-76da-400d-9632-7196842d80a6: addNew group-478376072D79:[840e6222-e2bf-4d59-97a6-2daf7d45cde1|rpc:10.1.0.20:15093|admin:10.1.0.20:15092|client:10.1.0.20:15091|dataStream:10.1.0.20:15094|priority:0|startupRole:FOLLOWER, 1168ba7a-e337-4443-965f-a0107b7c0c08|rpc:10.1.0.20:15084|admin:10.1.0.20:15083|client:10.1.0.20:15082|dataStream:10.1.0.20:15085|priority:0|startupRole:FOLLOWER, a280a4f0-76da-400d-9632-7196842d80a6|rpc:10.1.0.20:15102|admin:10.1.0.20:15101|client:10.1.0.20:15100|dataStream:10.1.0.20:15103|priority:1|startupRole:FOLLOWER] returns group-478376072D79:java.util.concurrent.CompletableFuture@2cd7cdd9[Not completed]
2023-07-12 21:54:50,307 [a280a4f0-76da-400d-9632-7196842d80a6-groupManagement] INFO  server.RaftServer$Division (RaftServerImpl.java:<init>(198)) - a280a4f0-76da-400d-9632-7196842d80a6: new RaftServerImpl for group-478376072D79:[840e6222-e2bf-4d59-97a6-2daf7d45cde1|rpc:10.1.0.20:15093|admin:10.1.0.20:15092|client:10.1.0.20:15091|dataStream:10.1.0.20:15094|priority:0|startupRole:FOLLOWER, 1168ba7a-e337-4443-965f-a0107b7c0c08|rpc:10.1.0.20:15084|admin:10.1.0.20:15083|client:10.1.0.20:15082|dataStream:10.1.0.20:15085|priority:0|startupRole:FOLLOWER, a280a4f0-76da-400d-9632-7196842d80a6|rpc:10.1.0.20:15102|admin:10.1.0.20:15101|client:10.1.0.20:15100|dataStream:10.1.0.20:15103|priority:1|startupRole:FOLLOWER] with ContainerStateMachine:uninitialized
2023-07-12 21:54:50,307 [a280a4f0-76da-400d-9632-7196842d80a6-groupManagement] INFO  server.RaftServerConfigKeys (ConfUtils.java:logGet(46)) - raft.server.rpc.timeout.min = 5s (custom)
2023-07-12 21:54:50,307 [a280a4f0-76da-400d-9632-7196842d80a6-groupManagement] INFO  server.RaftServerConfigKeys (ConfUtils.java:logGet(46)) - raft.server.rpc.timeout.max = 5200ms (custom)
2023-07-12 21:54:50,307 [a280a4f0-76da-400d-9632-7196842d80a6-groupManagement] INFO  server.RaftServerConfigKeys (ConfUtils.java:logGet(46)) - raft.server.rpc.sleep.time = 25ms (default)
2023-07-12 21:54:50,307 [a280a4f0-76da-400d-9632-7196842d80a6-groupManagement] INFO  server.RaftServerConfigKeys (ConfUtils.java:logGet(46)) - raft.server.rpc.slowness.timeout = 300s (custom)
2023-07-12 21:54:50,307 [a280a4f0-76da-400d-9632-7196842d80a6-groupManagement] INFO  server.RaftServerConfigKeys (ConfUtils.java:logGet(46)) - raft.server.leaderelection.leader.step-down.wait-time = 10s (default)
2023-07-12 21:54:50,307 [a280a4f0-76da-400d-9632-7196842d80a6-groupManagement] INFO  server.RaftServerConfigKeys (ConfUtils.java:logGet(46)) - raft.server.sleep.deviation.threshold = 300ms (default)
2023-07-12 21:54:50,307 [a280a4f0-76da-400d-9632-7196842d80a6-groupManagement] INFO  server.RaftServer$Division (ServerState.java:<init>(120)) - a280a4f0-76da-400d-9632-7196842d80a6@group-478376072D79: ConfigurationManager, init=-1: peers:[840e6222-e2bf-4d59-97a6-2daf7d45cde1|rpc:10.1.0.20:15093|admin:10.1.0.20:15092|client:10.1.0.20:15091|dataStream:10.1.0.20:15094|priority:0|startupRole:FOLLOWER, 1168ba7a-e337-4443-965f-a0107b7c0c08|rpc:10.1.0.20:15084|admin:10.1.0.20:15083|client:10.1.0.20:15082|dataStream:10.1.0.20:15085|priority:0|startupRole:FOLLOWER, a280a4f0-76da-400d-9632-7196842d80a6|rpc:10.1.0.20:15102|admin:10.1.0.20:15101|client:10.1.0.20:15100|dataStream:10.1.0.20:15103|priority:1|startupRole:FOLLOWER]|listeners:[], old=null, confs=<EMPTY_MAP>
2023-07-12 21:54:50,308 [a280a4f0-76da-400d-9632-7196842d80a6-groupManagement] INFO  server.RaftServerConfigKeys (ConfUtils.java:logGet(46)) - raft.server.storage.dir = [/home/runner/work/ozone/ozone/hadoop-ozone/integration-test/target/test-dir/MiniOzoneClusterImpl-cd6376e5-088e-4fb5-a36e-c0bbc8ba407a/datanode-2/data/ratis] (custom)
2023-07-12 21:54:50,308 [a280a4f0-76da-400d-9632-7196842d80a6-groupManagement] INFO  server.RaftServerConfigKeys (ConfUtils.java:logGet(46)) - raft.server.log.corruption.policy = EXCEPTION (default)
2023-07-12 21:54:50,308 [a280a4f0-76da-400d-9632-7196842d80a6-groupManagement] INFO  server.RaftServerConfigKeys (ConfUtils.java:logGet(46)) - raft.server.storage.free-space.min = 0MB (=0) (default)
2023-07-12 21:54:50,308 [a280a4f0-76da-400d-9632-7196842d80a6-groupManagement] INFO  server.RaftServerConfigKeys (ConfUtils.java:logGet(46)) - raft.server.notification.no-leader.timeout = 300s (custom)
2023-07-12 21:54:50,308 [a280a4f0-76da-400d-9632-7196842d80a6-groupManagement] INFO  server.RaftServerConfigKeys (ConfUtils.java:logGet(46)) - raft.server.read.timeout = 10s (default)
2023-07-12 21:54:50,308 [a280a4f0-76da-400d-9632-7196842d80a6-groupManagement] INFO  server.RaftServerConfigKeys (ConfUtils.java:logGet(46)) - raft.server.retrycache.expirytime = 600000ms (custom)
2023-07-12 21:54:50,308 [a280a4f0-76da-400d-9632-7196842d80a6-groupManagement] INFO  server.RaftServerConfigKeys (ConfUtils.java:logGet(46)) - raft.server.retrycache.statistics.expirytime = 100μs (default)
2023-07-12 21:54:50,308 [a280a4f0-76da-400d-9632-7196842d80a6-groupManagement] INFO  server.RaftServerConfigKeys (ConfUtils.java:logGet(46)) - raft.server.read.option = DEFAULT (default)
2023-07-12 21:54:50,308 [a280a4f0-76da-400d-9632-7196842d80a6-groupManagement] INFO  server.RaftServerConfigKeys (ConfUtils.java:logGet(46)) - raft.server.rpc.request.timeout = 60s (custom)
2023-07-12 21:54:50,308 [a280a4f0-76da-400d-9632-7196842d80a6-groupManagement] INFO  server.RaftServerConfigKeys (ConfUtils.java:logGet(46)) - raft.server.log.appender.install.snapshot.enabled = false (custom)
2023-07-12 21:54:50,308 [a280a4f0-76da-400d-9632-7196842d80a6-groupManagement] INFO  server.RaftServerConfigKeys (ConfUtils.java:logGet(46)) - raft.server.threadpool.server.cached = true (default)
2023-07-12 21:54:50,308 [a280a4f0-76da-400d-9632-7196842d80a6-groupManagement] INFO  server.RaftServerConfigKeys (ConfUtils.java:logGet(46)) - raft.server.threadpool.server.size = 0 (default)
2023-07-12 21:54:50,309 [a280a4f0-76da-400d-9632-7196842d80a6-groupManagement] INFO  server.RaftServerConfigKeys (ConfUtils.java:logGet(46)) - raft.server.threadpool.client.cached = true (default)
2023-07-12 21:54:50,309 [a280a4f0-76da-400d-9632-7196842d80a6-groupManagement] INFO  server.RaftServerConfigKeys (ConfUtils.java:logGet(46)) - raft.server.threadpool.client.size = 0 (default)
2023-07-12 21:54:50,310 [a280a4f0-76da-400d-9632-7196842d80a6-groupManagement] INFO  storage.RaftStorageDirectory (RaftStorageDirectoryImpl.java:analyzeStorage(137)) - The storage directory /home/runner/work/ozone/ozone/hadoop-ozone/integration-test/target/test-dir/MiniOzoneClusterImpl-cd6376e5-088e-4fb5-a36e-c0bbc8ba407a/datanode-2/data/ratis/921c675a-8748-4c94-a05b-478376072d79 does not exist. Creating ...
2023-07-12 21:54:50,311 [a280a4f0-76da-400d-9632-7196842d80a6-groupManagement] INFO  storage.RaftStorageDirectory (RaftStorageDirectoryImpl.java:tryLock(231)) - Lock on /home/runner/work/ozone/ozone/hadoop-ozone/integration-test/target/test-dir/MiniOzoneClusterImpl-cd6376e5-088e-4fb5-a36e-c0bbc8ba407a/datanode-2/data/ratis/921c675a-8748-4c94-a05b-478376072d79/in_use.lock acquired by nodename 107600@fv-az670-842
2023-07-12 21:54:50,312 [a280a4f0-76da-400d-9632-7196842d80a6-groupManagement] INFO  storage.RaftStorage (RaftStorageImpl.java:format(96)) - Storage directory /home/runner/work/ozone/ozone/hadoop-ozone/integration-test/target/test-dir/MiniOzoneClusterImpl-cd6376e5-088e-4fb5-a36e-c0bbc8ba407a/datanode-2/data/ratis/921c675a-8748-4c94-a05b-478376072d79 has been successfully formatted.
2023-07-12 21:54:50,312 [a280a4f0-76da-400d-9632-7196842d80a6-groupManagement] INFO  ratis.ContainerStateMachine (ContainerStateMachine.java:loadSnapshot(262)) - group-478376072D79: The snapshot info is null. Setting the last applied indexto:(t:0, i:~)
2023-07-12 21:54:50,312 [a280a4f0-76da-400d-9632-7196842d80a6-groupManagement] INFO  server.RaftServerConfigKeys (ConfUtils.java:logGet(46)) - raft.server.log.use.memory = false (default)
2023-07-12 21:54:50,313 [a280a4f0-76da-400d-9632-7196842d80a6-groupManagement] INFO  server.RaftServerConfigKeys (ConfUtils.java:logGet(46)) - raft.server.log.purge.gap = 1000000 (custom)
2023-07-12 21:54:50,313 [a280a4f0-76da-400d-9632-7196842d80a6-groupManagement] INFO  server.RaftServerConfigKeys (ConfUtils.java:logGet(46)) - raft.server.log.appender.buffer.byte-limit = 33554432 (custom)
2023-07-12 21:54:50,313 [a280a4f0-76da-400d-9632-7196842d80a6-groupManagement] INFO  server.RaftServerConfigKeys (ConfUtils.java:logGet(46)) - raft.server.log.statemachine.data.read.timeout = 1000ms (default)
2023-07-12 21:54:50,313 [a280a4f0-76da-400d-9632-7196842d80a6-groupManagement] INFO  server.RaftServerConfigKeys (ConfUtils.java:logGet(46)) - raft.server.log.purge.preservation.log.num = 0 (default)
2023-07-12 21:54:50,313 [a280a4f0-76da-400d-9632-7196842d80a6-groupManagement] INFO  server.RaftServerConfigKeys (ConfUtils.java:logGet(46)) - raft.server.log.segment.size.max = 1048576 (custom)
2023-07-12 21:54:50,313 [a280a4f0-76da-400d-9632-7196842d80a6-groupManagement] INFO  server.RaftServerConfigKeys (ConfUtils.java:logGet(46)) - raft.server.log.segment.cache.num.max = 2 (custom)
2023-07-12 21:54:50,313 [a280a4f0-76da-400d-9632-7196842d80a6-groupManagement] INFO  server.RaftServerConfigKeys (ConfUtils.java:logGet(46)) - raft.server.log.segment.cache.size.max = 200MB (=209715200) (default)
2023-07-12 21:54:50,313 [a280a4f0-76da-400d-9632-7196842d80a6-groupManagement] INFO  server.RaftServerConfigKeys (ConfUtils.java:logGet(46)) - raft.server.log.appender.buffer.byte-limit = 33554432 (custom)
2023-07-12 21:54:50,313 [a280a4f0-76da-400d-9632-7196842d80a6-groupManagement] INFO  segmented.SegmentedRaftLogWorker (SegmentedRaftLogWorker.java:<init>(188)) - new a280a4f0-76da-400d-9632-7196842d80a6@group-478376072D79-SegmentedRaftLogWorker for RaftStorageImpl:Storage Directory /home/runner/work/ozone/ozone/hadoop-ozone/integration-test/target/test-dir/MiniOzoneClusterImpl-cd6376e5-088e-4fb5-a36e-c0bbc8ba407a/datanode-2/data/ratis/921c675a-8748-4c94-a05b-478376072d79
2023-07-12 21:54:50,313 [a280a4f0-76da-400d-9632-7196842d80a6-groupManagement] INFO  server.RaftServerConfigKeys (ConfUtils.java:logGet(46)) - raft.server.log.queue.byte-limit = 4294967296 (custom)
2023-07-12 21:54:50,313 [a280a4f0-76da-400d-9632-7196842d80a6-groupManagement] INFO  server.RaftServerConfigKeys (ConfUtils.java:logGet(46)) - raft.server.log.queue.element-limit = 1024 (custom)
2023-07-12 21:54:50,313 [a280a4f0-76da-400d-9632-7196842d80a6-groupManagement] INFO  server.RaftServerConfigKeys (ConfUtils.java:logGet(46)) - raft.server.log.segment.size.max = 1048576 (custom)
2023-07-12 21:54:50,313 [a280a4f0-76da-400d-9632-7196842d80a6-groupManagement] INFO  server.RaftServerConfigKeys (ConfUtils.java:logGet(46)) - raft.server.log.preallocated.size = 16384 (custom)
2023-07-12 21:54:50,313 [a280a4f0-76da-400d-9632-7196842d80a6-groupManagement] INFO  server.RaftServerConfigKeys (ConfUtils.java:logGet(46)) - raft.server.log.force.sync.num = 128 (default)
2023-07-12 21:54:50,313 [a280a4f0-76da-400d-9632-7196842d80a6-groupManagement] INFO  server.RaftServerConfigKeys (ConfUtils.java:logGet(46)) - raft.server.log.statemachine.data.sync = true (default)
2023-07-12 21:54:50,313 [a280a4f0-76da-400d-9632-7196842d80a6-groupManagement] INFO  server.RaftServerConfigKeys (ConfUtils.java:logGet(46)) - raft.server.log.statemachine.data.sync.timeout = 10s (default)
2023-07-12 21:54:50,314 [a280a4f0-76da-400d-9632-7196842d80a6-groupManagement] INFO  server.RaftServerConfigKeys (ConfUtils.java:logGet(46)) - raft.server.log.statemachine.data.sync.timeout.retry = -1 (default)
2023-07-12 21:54:50,314 [a280a4f0-76da-400d-9632-7196842d80a6-groupManagement] INFO  server.RaftServerConfigKeys (ConfUtils.java:logGet(46)) - raft.server.log.write.buffer.size = 1048576 (custom)
2023-07-12 21:54:50,314 [a280a4f0-76da-400d-9632-7196842d80a6-groupManagement] INFO  server.RaftServerConfigKeys (ConfUtils.java:logGet(46)) - raft.server.log.appender.buffer.byte-limit = 33554432 (custom)
2023-07-12 21:54:50,318 [a280a4f0-76da-400d-9632-7196842d80a6-groupManagement] INFO  server.RaftServerConfigKeys (ConfUtils.java:logGet(46)) - raft.server.log.unsafe-flush.enabled = false (default)
2023-07-12 21:54:50,318 [a280a4f0-76da-400d-9632-7196842d80a6-groupManagement] INFO  server.RaftServerConfigKeys (ConfUtils.java:logGet(46)) - raft.server.log.async-flush.enabled = false (default)
2023-07-12 21:54:50,318 [a280a4f0-76da-400d-9632-7196842d80a6-groupManagement] INFO  server.RaftServerConfigKeys (ConfUtils.java:logGet(46)) - raft.server.log.statemachine.data.caching.enabled = true (custom)
2023-07-12 21:54:50,318 [a280a4f0-76da-400d-9632-7196842d80a6-groupManagement] INFO  segmented.SegmentedRaftLogWorker (SegmentedRaftLogWorker.java:lambda$new$0(135)) - a280a4f0-76da-400d-9632-7196842d80a6@group-478376072D79-SegmentedRaftLogWorker: flushIndex: setUnconditionally 0 -> -1
2023-07-12 21:54:50,318 [a280a4f0-76da-400d-9632-7196842d80a6-groupManagement] INFO  segmented.SegmentedRaftLogWorker (SegmentedRaftLogWorker.java:lambda$new$0(135)) - a280a4f0-76da-400d-9632-7196842d80a6@group-478376072D79-SegmentedRaftLogWorker: safeCacheEvictIndex: setUnconditionally 0 -> -1
2023-07-12 21:54:50,318 [a280a4f0-76da-400d-9632-7196842d80a6-groupManagement] INFO  server.RaftServer$Division (RaftServerImpl.java:start(342)) - a280a4f0-76da-400d-9632-7196842d80a6@group-478376072D79: start as a follower, conf=-1: peers:[840e6222-e2bf-4d59-97a6-2daf7d45cde1|rpc:10.1.0.20:15093|admin:10.1.0.20:15092|client:10.1.0.20:15091|dataStream:10.1.0.20:15094|priority:0|startupRole:FOLLOWER, 1168ba7a-e337-4443-965f-a0107b7c0c08|rpc:10.1.0.20:15084|admin:10.1.0.20:15083|client:10.1.0.20:15082|dataStream:10.1.0.20:15085|priority:0|startupRole:FOLLOWER, a280a4f0-76da-400d-9632-7196842d80a6|rpc:10.1.0.20:15102|admin:10.1.0.20:15101|client:10.1.0.20:15100|dataStream:10.1.0.20:15103|priority:1|startupRole:FOLLOWER]|listeners:[], old=null
2023-07-12 21:54:50,318 [a280a4f0-76da-400d-9632-7196842d80a6-groupManagement] INFO  server.RaftServer$Division (RaftServerImpl.java:setRole(329)) - a280a4f0-76da-400d-9632-7196842d80a6@group-478376072D79: changes role from      null to FOLLOWER at term 0 for startAsFollower
2023-07-12 21:54:50,318 [a280a4f0-76da-400d-9632-7196842d80a6-groupManagement] INFO  impl.RoleInfo (RoleInfo.java:updateAndGet(139)) - a280a4f0-76da-400d-9632-7196842d80a6: start a280a4f0-76da-400d-9632-7196842d80a6@group-478376072D79-FollowerState
2023-07-12 21:54:50,319 [a280a4f0-76da-400d-9632-7196842d80a6-groupManagement] INFO  util.JmxRegister (JmxRegister.java:tryRegister(44)) - Successfully registered JMX Bean with object name Ratis:service=RaftServer,group=group-478376072D79,id=a280a4f0-76da-400d-9632-7196842d80a6
2023-07-12 21:54:50,319 [a280a4f0-76da-400d-9632-7196842d80a6-groupManagement] INFO  server.RaftServerConfigKeys (ConfUtils.java:logGet(46)) - raft.server.snapshot.auto.trigger.enabled = true (custom)
2023-07-12 21:54:50,319 [a280a4f0-76da-400d-9632-7196842d80a6-groupManagement] INFO  server.RaftServerConfigKeys (ConfUtils.java:logGet(46)) - raft.server.snapshot.auto.trigger.threshold = 10000 (custom)
2023-07-12 21:54:50,319 [a280a4f0-76da-400d-9632-7196842d80a6-groupManagement] INFO  server.RaftServerConfigKeys (ConfUtils.java:logGet(46)) - raft.server.snapshot.retention.file.num = 5 (custom)
2023-07-12 21:54:50,319 [a280a4f0-76da-400d-9632-7196842d80a6-groupManagement] INFO  server.RaftServerConfigKeys (ConfUtils.java:logGet(46)) - raft.server.log.purge.upto.snapshot.index = false (default)
2023-07-12 21:54:50,319 [a280a4f0-76da-400d-9632-7196842d80a6@group-478376072D79-FollowerState] INFO  server.RaftServerConfigKeys (ConfUtils.java:logFallback(53)) - raft.server.rpc.first-election.timeout.min = 5s (fallback to raft.server.rpc.timeout.min)
2023-07-12 21:54:50,319 [a280a4f0-76da-400d-9632-7196842d80a6@group-478376072D79-FollowerState] INFO  server.RaftServerConfigKeys (ConfUtils.java:logFallback(53)) - raft.server.rpc.first-election.timeout.max = 5200ms (fallback to raft.server.rpc.timeout.max)
2023-07-12 21:54:50,337 [grpc-default-executor-0] INFO  server.RaftServer (RaftServerProxy.java:addNew(98)) - 840e6222-e2bf-4d59-97a6-2daf7d45cde1: addNew group-478376072D79:[840e6222-e2bf-4d59-97a6-2daf7d45cde1|rpc:10.1.0.20:15093|admin:10.1.0.20:15092|client:10.1.0.20:15091|dataStream:10.1.0.20:15094|priority:0|startupRole:FOLLOWER, 1168ba7a-e337-4443-965f-a0107b7c0c08|rpc:10.1.0.20:15084|admin:10.1.0.20:15083|client:10.1.0.20:15082|dataStream:10.1.0.20:15085|priority:0|startupRole:FOLLOWER, a280a4f0-76da-400d-9632-7196842d80a6|rpc:10.1.0.20:15102|admin:10.1.0.20:15101|client:10.1.0.20:15100|dataStream:10.1.0.20:15103|priority:1|startupRole:FOLLOWER] returns group-478376072D79:java.util.concurrent.CompletableFuture@1228c478[Not completed]
2023-07-12 21:54:50,338 [840e6222-e2bf-4d59-97a6-2daf7d45cde1-groupManagement] INFO  server.RaftServer$Division (RaftServerImpl.java:<init>(198)) - 840e6222-e2bf-4d59-97a6-2daf7d45cde1: new RaftServerImpl for group-478376072D79:[840e6222-e2bf-4d59-97a6-2daf7d45cde1|rpc:10.1.0.20:15093|admin:10.1.0.20:15092|client:10.1.0.20:15091|dataStream:10.1.0.20:15094|priority:0|startupRole:FOLLOWER, 1168ba7a-e337-4443-965f-a0107b7c0c08|rpc:10.1.0.20:15084|admin:10.1.0.20:15083|client:10.1.0.20:15082|dataStream:10.1.0.20:15085|priority:0|startupRole:FOLLOWER, a280a4f0-76da-400d-9632-7196842d80a6|rpc:10.1.0.20:15102|admin:10.1.0.20:15101|client:10.1.0.20:15100|dataStream:10.1.0.20:15103|priority:1|startupRole:FOLLOWER] with ContainerStateMachine:uninitialized
2023-07-12 21:54:50,338 [840e6222-e2bf-4d59-97a6-2daf7d45cde1-groupManagement] INFO  server.RaftServerConfigKeys (ConfUtils.java:logGet(46)) - raft.server.rpc.timeout.min = 5s (custom)
2023-07-12 21:54:50,338 [840e6222-e2bf-4d59-97a6-2daf7d45cde1-groupManagement] INFO  server.RaftServerConfigKeys (ConfUtils.java:logGet(46)) - raft.server.rpc.timeout.max = 5200ms (custom)
2023-07-12 21:54:50,338 [840e6222-e2bf-4d59-97a6-2daf7d45cde1-groupManagement] INFO  server.RaftServerConfigKeys (ConfUtils.java:logGet(46)) - raft.server.rpc.sleep.time = 25ms (default)
2023-07-12 21:54:50,338 [840e6222-e2bf-4d59-97a6-2daf7d45cde1-groupManagement] INFO  server.RaftServerConfigKeys (ConfUtils.java:logGet(46)) - raft.server.rpc.slowness.timeout = 300s (custom)
2023-07-12 21:54:50,338 [840e6222-e2bf-4d59-97a6-2daf7d45cde1-groupManagement] INFO  server.RaftServerConfigKeys (ConfUtils.java:logGet(46)) - raft.server.leaderelection.leader.step-down.wait-time = 10s (default)
2023-07-12 21:54:50,338 [840e6222-e2bf-4d59-97a6-2daf7d45cde1-groupManagement] INFO  server.RaftServerConfigKeys (ConfUtils.java:logGet(46)) - raft.server.sleep.deviation.threshold = 300ms (default)
2023-07-12 21:54:50,338 [840e6222-e2bf-4d59-97a6-2daf7d45cde1-groupManagement] INFO  server.RaftServer$Division (ServerState.java:<init>(120)) - 840e6222-e2bf-4d59-97a6-2daf7d45cde1@group-478376072D79: ConfigurationManager, init=-1: peers:[840e6222-e2bf-4d59-97a6-2daf7d45cde1|rpc:10.1.0.20:15093|admin:10.1.0.20:15092|client:10.1.0.20:15091|dataStream:10.1.0.20:15094|priority:0|startupRole:FOLLOWER, 1168ba7a-e337-4443-965f-a0107b7c0c08|rpc:10.1.0.20:15084|admin:10.1.0.20:15083|client:10.1.0.20:15082|dataStream:10.1.0.20:15085|priority:0|startupRole:FOLLOWER, a280a4f0-76da-400d-9632-7196842d80a6|rpc:10.1.0.20:15102|admin:10.1.0.20:15101|client:10.1.0.20:15100|dataStream:10.1.0.20:15103|priority:1|startupRole:FOLLOWER]|listeners:[], old=null, confs=<EMPTY_MAP>
2023-07-12 21:54:50,338 [840e6222-e2bf-4d59-97a6-2daf7d45cde1-groupManagement] INFO  server.RaftServerConfigKeys (ConfUtils.java:logGet(46)) - raft.server.storage.dir = [/home/runner/work/ozone/ozone/hadoop-ozone/integration-test/target/test-dir/MiniOzoneClusterImpl-cd6376e5-088e-4fb5-a36e-c0bbc8ba407a/datanode-1/data/ratis] (custom)
2023-07-12 21:54:50,338 [840e6222-e2bf-4d59-97a6-2daf7d45cde1-groupManagement] INFO  server.RaftServerConfigKeys (ConfUtils.java:logGet(46)) - raft.server.log.corruption.policy = EXCEPTION (default)
2023-07-12 21:54:50,338 [840e6222-e2bf-4d59-97a6-2daf7d45cde1-groupManagement] INFO  server.RaftServerConfigKeys (ConfUtils.java:logGet(46)) - raft.server.storage.free-space.min = 0MB (=0) (default)
2023-07-12 21:54:50,338 [840e6222-e2bf-4d59-97a6-2daf7d45cde1-groupManagement] INFO  server.RaftServerConfigKeys (ConfUtils.java:logGet(46)) - raft.server.notification.no-leader.timeout = 300s (custom)
2023-07-12 21:54:50,339 [840e6222-e2bf-4d59-97a6-2daf7d45cde1-groupManagement] INFO  server.RaftServerConfigKeys (ConfUtils.java:logGet(46)) - raft.server.read.timeout = 10s (default)
2023-07-12 21:54:50,339 [840e6222-e2bf-4d59-97a6-2daf7d45cde1-groupManagement] INFO  server.RaftServerConfigKeys (ConfUtils.java:logGet(46)) - raft.server.retrycache.expirytime = 600000ms (custom)
2023-07-12 21:54:50,339 [840e6222-e2bf-4d59-97a6-2daf7d45cde1-groupManagement] INFO  server.RaftServerConfigKeys (ConfUtils.java:logGet(46)) - raft.server.retrycache.statistics.expirytime = 100μs (default)
2023-07-12 21:54:50,339 [840e6222-e2bf-4d59-97a6-2daf7d45cde1-groupManagement] INFO  server.RaftServerConfigKeys (ConfUtils.java:logGet(46)) - raft.server.read.option = DEFAULT (default)
2023-07-12 21:54:50,339 [840e6222-e2bf-4d59-97a6-2daf7d45cde1-groupManagement] INFO  server.RaftServerConfigKeys (ConfUtils.java:logGet(46)) - raft.server.rpc.request.timeout = 60s (custom)
2023-07-12 21:54:50,339 [840e6222-e2bf-4d59-97a6-2daf7d45cde1-groupManagement] INFO  server.RaftServerConfigKeys (ConfUtils.java:logGet(46)) - raft.server.log.appender.install.snapshot.enabled = false (custom)
2023-07-12 21:54:50,339 [840e6222-e2bf-4d59-97a6-2daf7d45cde1-groupManagement] INFO  server.RaftServerConfigKeys (ConfUtils.java:logGet(46)) - raft.server.threadpool.server.cached = true (default)
2023-07-12 21:54:50,339 [840e6222-e2bf-4d59-97a6-2daf7d45cde1-groupManagement] INFO  server.RaftServerConfigKeys (ConfUtils.java:logGet(46)) - raft.server.threadpool.server.size = 0 (default)
2023-07-12 21:54:50,339 [840e6222-e2bf-4d59-97a6-2daf7d45cde1-groupManagement] INFO  server.RaftServerConfigKeys (ConfUtils.java:logGet(46)) - raft.server.threadpool.client.cached = true (default)
2023-07-12 21:54:50,339 [840e6222-e2bf-4d59-97a6-2daf7d45cde1-groupManagement] INFO  server.RaftServerConfigKeys (ConfUtils.java:logGet(46)) - raft.server.threadpool.client.size = 0 (default)
2023-07-12 21:54:50,339 [840e6222-e2bf-4d59-97a6-2daf7d45cde1-groupManagement] INFO  storage.RaftStorageDirectory (RaftStorageDirectoryImpl.java:analyzeStorage(137)) - The storage directory /home/runner/work/ozone/ozone/hadoop-ozone/integration-test/target/test-dir/MiniOzoneClusterImpl-cd6376e5-088e-4fb5-a36e-c0bbc8ba407a/datanode-1/data/ratis/921c675a-8748-4c94-a05b-478376072d79 does not exist. Creating ...
2023-07-12 21:54:50,341 [840e6222-e2bf-4d59-97a6-2daf7d45cde1-groupManagement] INFO  storage.RaftStorageDirectory (RaftStorageDirectoryImpl.java:tryLock(231)) - Lock on /home/runner/work/ozone/ozone/hadoop-ozone/integration-test/target/test-dir/MiniOzoneClusterImpl-cd6376e5-088e-4fb5-a36e-c0bbc8ba407a/datanode-1/data/ratis/921c675a-8748-4c94-a05b-478376072d79/in_use.lock acquired by nodename 107600@fv-az670-842
2023-07-12 21:54:50,342 [840e6222-e2bf-4d59-97a6-2daf7d45cde1-groupManagement] INFO  storage.RaftStorage (RaftStorageImpl.java:format(96)) - Storage directory /home/runner/work/ozone/ozone/hadoop-ozone/integration-test/target/test-dir/MiniOzoneClusterImpl-cd6376e5-088e-4fb5-a36e-c0bbc8ba407a/datanode-1/data/ratis/921c675a-8748-4c94-a05b-478376072d79 has been successfully formatted.
2023-07-12 21:54:50,343 [840e6222-e2bf-4d59-97a6-2daf7d45cde1-groupManagement] INFO  ratis.ContainerStateMachine (ContainerStateMachine.java:loadSnapshot(262)) - group-478376072D79: The snapshot info is null. Setting the last applied indexto:(t:0, i:~)
2023-07-12 21:54:50,343 [840e6222-e2bf-4d59-97a6-2daf7d45cde1-groupManagement] INFO  server.RaftServerConfigKeys (ConfUtils.java:logGet(46)) - raft.server.log.use.memory = false (default)
2023-07-12 21:54:50,343 [840e6222-e2bf-4d59-97a6-2daf7d45cde1-groupManagement] INFO  server.RaftServerConfigKeys (ConfUtils.java:logGet(46)) - raft.server.log.purge.gap = 1000000 (custom)
2023-07-12 21:54:50,344 [840e6222-e2bf-4d59-97a6-2daf7d45cde1-groupManagement] INFO  server.RaftServerConfigKeys (ConfUtils.java:logGet(46)) - raft.server.log.appender.buffer.byte-limit = 33554432 (custom)
2023-07-12 21:54:50,344 [840e6222-e2bf-4d59-97a6-2daf7d45cde1-groupManagement] INFO  server.RaftServerConfigKeys (ConfUtils.java:logGet(46)) - raft.server.log.statemachine.data.read.timeout = 1000ms (default)
2023-07-12 21:54:50,344 [840e6222-e2bf-4d59-97a6-2daf7d45cde1-groupManagement] INFO  server.RaftServerConfigKeys (ConfUtils.java:logGet(46)) - raft.server.log.purge.preservation.log.num = 0 (default)
2023-07-12 21:54:50,344 [840e6222-e2bf-4d59-97a6-2daf7d45cde1-groupManagement] INFO  server.RaftServerConfigKeys (ConfUtils.java:logGet(46)) - raft.server.log.segment.size.max = 1048576 (custom)
2023-07-12 21:54:50,344 [840e6222-e2bf-4d59-97a6-2daf7d45cde1-groupManagement] INFO  server.RaftServerConfigKeys (ConfUtils.java:logGet(46)) - raft.server.log.segment.cache.num.max = 2 (custom)
2023-07-12 21:54:50,344 [840e6222-e2bf-4d59-97a6-2daf7d45cde1-groupManagement] INFO  server.RaftServerConfigKeys (ConfUtils.java:logGet(46)) - raft.server.log.segment.cache.size.max = 200MB (=209715200) (default)
2023-07-12 21:54:50,344 [840e6222-e2bf-4d59-97a6-2daf7d45cde1-groupManagement] INFO  server.RaftServerConfigKeys (ConfUtils.java:logGet(46)) - raft.server.log.appender.buffer.byte-limit = 33554432 (custom)
2023-07-12 21:54:50,344 [840e6222-e2bf-4d59-97a6-2daf7d45cde1-groupManagement] INFO  segmented.SegmentedRaftLogWorker (SegmentedRaftLogWorker.java:<init>(188)) - new 840e6222-e2bf-4d59-97a6-2daf7d45cde1@group-478376072D79-SegmentedRaftLogWorker for RaftStorageImpl:Storage Directory /home/runner/work/ozone/ozone/hadoop-ozone/integration-test/target/test-dir/MiniOzoneClusterImpl-cd6376e5-088e-4fb5-a36e-c0bbc8ba407a/datanode-1/data/ratis/921c675a-8748-4c94-a05b-478376072d79
2023-07-12 21:54:50,344 [840e6222-e2bf-4d59-97a6-2daf7d45cde1-groupManagement] INFO  server.RaftServerConfigKeys (ConfUtils.java:logGet(46)) - raft.server.log.queue.byte-limit = 4294967296 (custom)
2023-07-12 21:54:50,344 [840e6222-e2bf-4d59-97a6-2daf7d45cde1-groupManagement] INFO  server.RaftServerConfigKeys (ConfUtils.java:logGet(46)) - raft.server.log.queue.element-limit = 1024 (custom)
2023-07-12 21:54:50,344 [840e6222-e2bf-4d59-97a6-2daf7d45cde1-groupManagement] INFO  server.RaftServerConfigKeys (ConfUtils.java:logGet(46)) - raft.server.log.segment.size.max = 1048576 (custom)
2023-07-12 21:54:50,344 [840e6222-e2bf-4d59-97a6-2daf7d45cde1-groupManagement] INFO  server.RaftServerConfigKeys (ConfUtils.java:logGet(46)) - raft.server.log.preallocated.size = 16384 (custom)
2023-07-12 21:54:50,344 [840e6222-e2bf-4d59-97a6-2daf7d45cde1-groupManagement] INFO  server.RaftServerConfigKeys (ConfUtils.java:logGet(46)) - raft.server.log.force.sync.num = 128 (default)
2023-07-12 21:54:50,345 [840e6222-e2bf-4d59-97a6-2daf7d45cde1-groupManagement] INFO  server.RaftServerConfigKeys (ConfUtils.java:logGet(46)) - raft.server.log.statemachine.data.sync = true (default)
2023-07-12 21:54:50,345 [840e6222-e2bf-4d59-97a6-2daf7d45cde1-groupManagement] INFO  server.RaftServerConfigKeys (ConfUtils.java:logGet(46)) - raft.server.log.statemachine.data.sync.timeout = 10s (default)
2023-07-12 21:54:50,345 [840e6222-e2bf-4d59-97a6-2daf7d45cde1-groupManagement] INFO  server.RaftServerConfigKeys (ConfUtils.java:logGet(46)) - raft.server.log.statemachine.data.sync.timeout.retry = -1 (default)
2023-07-12 21:54:50,345 [840e6222-e2bf-4d59-97a6-2daf7d45cde1-groupManagement] INFO  server.RaftServerConfigKeys (ConfUtils.java:logGet(46)) - raft.server.log.write.buffer.size = 1048576 (custom)
2023-07-12 21:54:50,345 [840e6222-e2bf-4d59-97a6-2daf7d45cde1-groupManagement] INFO  server.RaftServerConfigKeys (ConfUtils.java:logGet(46)) - raft.server.log.appender.buffer.byte-limit = 33554432 (custom)
2023-07-12 21:54:50,348 [840e6222-e2bf-4d59-97a6-2daf7d45cde1-groupManagement] INFO  server.RaftServerConfigKeys (ConfUtils.java:logGet(46)) - raft.server.log.unsafe-flush.enabled = false (default)
2023-07-12 21:54:50,348 [840e6222-e2bf-4d59-97a6-2daf7d45cde1-groupManagement] INFO  server.RaftServerConfigKeys (ConfUtils.java:logGet(46)) - raft.server.log.async-flush.enabled = false (default)
2023-07-12 21:54:50,348 [840e6222-e2bf-4d59-97a6-2daf7d45cde1-groupManagement] INFO  server.RaftServerConfigKeys (ConfUtils.java:logGet(46)) - raft.server.log.statemachine.data.caching.enabled = true (custom)
2023-07-12 21:54:50,348 [840e6222-e2bf-4d59-97a6-2daf7d45cde1-groupManagement] INFO  segmented.SegmentedRaftLogWorker (SegmentedRaftLogWorker.java:lambda$new$0(135)) - 840e6222-e2bf-4d59-97a6-2daf7d45cde1@group-478376072D79-SegmentedRaftLogWorker: flushIndex: setUnconditionally 0 -> -1
2023-07-12 21:54:50,348 [840e6222-e2bf-4d59-97a6-2daf7d45cde1-groupManagement] INFO  segmented.SegmentedRaftLogWorker (SegmentedRaftLogWorker.java:lambda$new$0(135)) - 840e6222-e2bf-4d59-97a6-2daf7d45cde1@group-478376072D79-SegmentedRaftLogWorker: safeCacheEvictIndex: setUnconditionally 0 -> -1
2023-07-12 21:54:50,350 [840e6222-e2bf-4d59-97a6-2daf7d45cde1-groupManagement] INFO  server.RaftServer$Division (RaftServerImpl.java:start(342)) - 840e6222-e2bf-4d59-97a6-2daf7d45cde1@group-478376072D79: start as a follower, conf=-1: peers:[840e6222-e2bf-4d59-97a6-2daf7d45cde1|rpc:10.1.0.20:15093|admin:10.1.0.20:15092|client:10.1.0.20:15091|dataStream:10.1.0.20:15094|priority:0|startupRole:FOLLOWER, 1168ba7a-e337-4443-965f-a0107b7c0c08|rpc:10.1.0.20:15084|admin:10.1.0.20:15083|client:10.1.0.20:15082|dataStream:10.1.0.20:15085|priority:0|startupRole:FOLLOWER, a280a4f0-76da-400d-9632-7196842d80a6|rpc:10.1.0.20:15102|admin:10.1.0.20:15101|client:10.1.0.20:15100|dataStream:10.1.0.20:15103|priority:1|startupRole:FOLLOWER]|listeners:[], old=null
2023-07-12 21:54:50,350 [840e6222-e2bf-4d59-97a6-2daf7d45cde1-groupManagement] INFO  server.RaftServer$Division (RaftServerImpl.java:setRole(329)) - 840e6222-e2bf-4d59-97a6-2daf7d45cde1@group-478376072D79: changes role from      null to FOLLOWER at term 0 for startAsFollower
2023-07-12 21:54:50,350 [840e6222-e2bf-4d59-97a6-2daf7d45cde1-groupManagement] INFO  impl.RoleInfo (RoleInfo.java:updateAndGet(139)) - 840e6222-e2bf-4d59-97a6-2daf7d45cde1: start 840e6222-e2bf-4d59-97a6-2daf7d45cde1@group-478376072D79-FollowerState
2023-07-12 21:54:50,351 [840e6222-e2bf-4d59-97a6-2daf7d45cde1@group-478376072D79-FollowerState] INFO  server.RaftServerConfigKeys (ConfUtils.java:logFallback(53)) - raft.server.rpc.first-election.timeout.min = 5s (fallback to raft.server.rpc.timeout.min)
2023-07-12 21:54:50,351 [840e6222-e2bf-4d59-97a6-2daf7d45cde1-groupManagement] INFO  util.JmxRegister (JmxRegister.java:tryRegister(44)) - Successfully registered JMX Bean with object name Ratis:service=RaftServer,group=group-478376072D79,id=840e6222-e2bf-4d59-97a6-2daf7d45cde1
2023-07-12 21:54:50,351 [840e6222-e2bf-4d59-97a6-2daf7d45cde1@group-478376072D79-FollowerState] INFO  server.RaftServerConfigKeys (ConfUtils.java:logFallback(53)) - raft.server.rpc.first-election.timeout.max = 5200ms (fallback to raft.server.rpc.timeout.max)
2023-07-12 21:54:50,351 [840e6222-e2bf-4d59-97a6-2daf7d45cde1-groupManagement] INFO  server.RaftServerConfigKeys (ConfUtils.java:logGet(46)) - raft.server.snapshot.auto.trigger.enabled = true (custom)
2023-07-12 21:54:50,351 [840e6222-e2bf-4d59-97a6-2daf7d45cde1-groupManagement] INFO  server.RaftServerConfigKeys (ConfUtils.java:logGet(46)) - raft.server.snapshot.auto.trigger.threshold = 10000 (custom)
2023-07-12 21:54:50,351 [840e6222-e2bf-4d59-97a6-2daf7d45cde1-groupManagement] INFO  server.RaftServerConfigKeys (ConfUtils.java:logGet(46)) - raft.server.snapshot.retention.file.num = 5 (custom)
2023-07-12 21:54:50,351 [840e6222-e2bf-4d59-97a6-2daf7d45cde1-groupManagement] INFO  server.RaftServerConfigKeys (ConfUtils.java:logGet(46)) - raft.server.log.purge.upto.snapshot.index = false (default)
2023-07-12 21:54:50,362 [PipelineCommandHandlerThread-0] INFO  commandhandler.CreatePipelineCommandHandler (CreatePipelineCommandHandler.java:lambda$handle$2(124)) - Created Pipeline RATIS THREE PipelineID=921c675a-8748-4c94-a05b-478376072d79.
2023-07-12 21:54:50,424 [PipelineCommandHandlerThread-0] INFO  server.RaftServer (RaftServerProxy.java:addNew(98)) - 840e6222-e2bf-4d59-97a6-2daf7d45cde1: addNew group-7076804DB5F9:[840e6222-e2bf-4d59-97a6-2daf7d45cde1|rpc:10.1.0.20:15093|admin:10.1.0.20:15092|client:10.1.0.20:15091|dataStream:10.1.0.20:15094|priority:1|startupRole:FOLLOWER] returns group-7076804DB5F9:java.util.concurrent.CompletableFuture@44f3e94d[Not completed]
2023-07-12 21:54:50,424 [840e6222-e2bf-4d59-97a6-2daf7d45cde1-groupManagement] INFO  server.RaftServer$Division (RaftServerImpl.java:<init>(198)) - 840e6222-e2bf-4d59-97a6-2daf7d45cde1: new RaftServerImpl for group-7076804DB5F9:[840e6222-e2bf-4d59-97a6-2daf7d45cde1|rpc:10.1.0.20:15093|admin:10.1.0.20:15092|client:10.1.0.20:15091|dataStream:10.1.0.20:15094|priority:1|startupRole:FOLLOWER] with ContainerStateMachine:uninitialized
2023-07-12 21:54:50,424 [840e6222-e2bf-4d59-97a6-2daf7d45cde1-groupManagement] INFO  server.RaftServerConfigKeys (ConfUtils.java:logGet(46)) - raft.server.rpc.timeout.min = 5s (custom)
2023-07-12 21:54:50,425 [840e6222-e2bf-4d59-97a6-2daf7d45cde1-groupManagement] INFO  server.RaftServerConfigKeys (ConfUtils.java:logGet(46)) - raft.server.rpc.timeout.max = 5200ms (custom)
2023-07-12 21:54:50,425 [840e6222-e2bf-4d59-97a6-2daf7d45cde1-groupManagement] INFO  server.RaftServerConfigKeys (ConfUtils.java:logGet(46)) - raft.server.rpc.sleep.time = 25ms (default)
2023-07-12 21:54:50,425 [840e6222-e2bf-4d59-97a6-2daf7d45cde1-groupManagement] INFO  server.RaftServerConfigKeys (ConfUtils.java:logGet(46)) - raft.server.rpc.slowness.timeout = 300s (custom)
2023-07-12 21:54:50,425 [840e6222-e2bf-4d59-97a6-2daf7d45cde1-groupManagement] INFO  server.RaftServerConfigKeys (ConfUtils.java:logGet(46)) - raft.server.leaderelection.leader.step-down.wait-time = 10s (default)
2023-07-12 21:54:50,425 [840e6222-e2bf-4d59-97a6-2daf7d45cde1-groupManagement] INFO  server.RaftServerConfigKeys (ConfUtils.java:logGet(46)) - raft.server.sleep.deviation.threshold = 300ms (default)
2023-07-12 21:54:50,425 [840e6222-e2bf-4d59-97a6-2daf7d45cde1-groupManagement] INFO  server.RaftServer$Division (ServerState.java:<init>(120)) - 840e6222-e2bf-4d59-97a6-2daf7d45cde1@group-7076804DB5F9: ConfigurationManager, init=-1: peers:[840e6222-e2bf-4d59-97a6-2daf7d45cde1|rpc:10.1.0.20:15093|admin:10.1.0.20:15092|client:10.1.0.20:15091|dataStream:10.1.0.20:15094|priority:1|startupRole:FOLLOWER]|listeners:[], old=null, confs=<EMPTY_MAP>
2023-07-12 21:54:50,425 [840e6222-e2bf-4d59-97a6-2daf7d45cde1-groupManagement] INFO  server.RaftServerConfigKeys (ConfUtils.java:logGet(46)) - raft.server.storage.dir = [/home/runner/work/ozone/ozone/hadoop-ozone/integration-test/target/test-dir/MiniOzoneClusterImpl-cd6376e5-088e-4fb5-a36e-c0bbc8ba407a/datanode-1/data/ratis] (custom)
2023-07-12 21:54:50,425 [840e6222-e2bf-4d59-97a6-2daf7d45cde1-groupManagement] INFO  server.RaftServerConfigKeys (ConfUtils.java:logGet(46)) - raft.server.log.corruption.policy = EXCEPTION (default)
2023-07-12 21:54:50,425 [840e6222-e2bf-4d59-97a6-2daf7d45cde1-groupManagement] INFO  server.RaftServerConfigKeys (ConfUtils.java:logGet(46)) - raft.server.storage.free-space.min = 0MB (=0) (default)
2023-07-12 21:54:50,425 [840e6222-e2bf-4d59-97a6-2daf7d45cde1-groupManagement] INFO  server.RaftServerConfigKeys (ConfUtils.java:logGet(46)) - raft.server.notification.no-leader.timeout = 300s (custom)
2023-07-12 21:54:50,425 [840e6222-e2bf-4d59-97a6-2daf7d45cde1-groupManagement] INFO  server.RaftServerConfigKeys (ConfUtils.java:logGet(46)) - raft.server.read.timeout = 10s (default)
2023-07-12 21:54:50,425 [840e6222-e2bf-4d59-97a6-2daf7d45cde1-groupManagement] INFO  server.RaftServerConfigKeys (ConfUtils.java:logGet(46)) - raft.server.retrycache.expirytime = 600000ms (custom)
2023-07-12 21:54:50,425 [840e6222-e2bf-4d59-97a6-2daf7d45cde1-groupManagement] INFO  server.RaftServerConfigKeys (ConfUtils.java:logGet(46)) - raft.server.retrycache.statistics.expirytime = 100μs (default)
2023-07-12 21:54:50,425 [840e6222-e2bf-4d59-97a6-2daf7d45cde1-groupManagement] INFO  server.RaftServerConfigKeys (ConfUtils.java:logGet(46)) - raft.server.read.option = DEFAULT (default)
2023-07-12 21:54:50,426 [840e6222-e2bf-4d59-97a6-2daf7d45cde1-groupManagement] INFO  server.RaftServerConfigKeys (ConfUtils.java:logGet(46)) - raft.server.rpc.request.timeout = 60s (custom)
2023-07-12 21:54:50,426 [840e6222-e2bf-4d59-97a6-2daf7d45cde1-groupManagement] INFO  server.RaftServerConfigKeys (ConfUtils.java:logGet(46)) - raft.server.log.appender.install.snapshot.enabled = false (custom)
2023-07-12 21:54:50,426 [840e6222-e2bf-4d59-97a6-2daf7d45cde1-groupManagement] INFO  server.RaftServerConfigKeys (ConfUtils.java:logGet(46)) - raft.server.threadpool.server.cached = true (default)
2023-07-12 21:54:50,426 [840e6222-e2bf-4d59-97a6-2daf7d45cde1-groupManagement] INFO  server.RaftServerConfigKeys (ConfUtils.java:logGet(46)) - raft.server.threadpool.server.size = 0 (default)
2023-07-12 21:54:50,426 [840e6222-e2bf-4d59-97a6-2daf7d45cde1-groupManagement] INFO  server.RaftServerConfigKeys (ConfUtils.java:logGet(46)) - raft.server.threadpool.client.cached = true (default)
2023-07-12 21:54:50,426 [840e6222-e2bf-4d59-97a6-2daf7d45cde1-groupManagement] INFO  server.RaftServerConfigKeys (ConfUtils.java:logGet(46)) - raft.server.threadpool.client.size = 0 (default)
2023-07-12 21:54:50,426 [840e6222-e2bf-4d59-97a6-2daf7d45cde1-groupManagement] INFO  storage.RaftStorageDirectory (RaftStorageDirectoryImpl.java:analyzeStorage(137)) - The storage directory /home/runner/work/ozone/ozone/hadoop-ozone/integration-test/target/test-dir/MiniOzoneClusterImpl-cd6376e5-088e-4fb5-a36e-c0bbc8ba407a/datanode-1/data/ratis/da9b0047-dfd6-4078-a2d3-7076804db5f9 does not exist. Creating ...
2023-07-12 21:54:50,427 [840e6222-e2bf-4d59-97a6-2daf7d45cde1-groupManagement] INFO  storage.RaftStorageDirectory (RaftStorageDirectoryImpl.java:tryLock(231)) - Lock on /home/runner/work/ozone/ozone/hadoop-ozone/integration-test/target/test-dir/MiniOzoneClusterImpl-cd6376e5-088e-4fb5-a36e-c0bbc8ba407a/datanode-1/data/ratis/da9b0047-dfd6-4078-a2d3-7076804db5f9/in_use.lock acquired by nodename 107600@fv-az670-842
2023-07-12 21:54:50,429 [840e6222-e2bf-4d59-97a6-2daf7d45cde1-groupManagement] INFO  storage.RaftStorage (RaftStorageImpl.java:format(96)) - Storage directory /home/runner/work/ozone/ozone/hadoop-ozone/integration-test/target/test-dir/MiniOzoneClusterImpl-cd6376e5-088e-4fb5-a36e-c0bbc8ba407a/datanode-1/data/ratis/da9b0047-dfd6-4078-a2d3-7076804db5f9 has been successfully formatted.
2023-07-12 21:54:50,429 [840e6222-e2bf-4d59-97a6-2daf7d45cde1-groupManagement] INFO  ratis.ContainerStateMachine (ContainerStateMachine.java:loadSnapshot(262)) - group-7076804DB5F9: The snapshot info is null. Setting the last applied indexto:(t:0, i:~)
2023-07-12 21:54:50,429 [840e6222-e2bf-4d59-97a6-2daf7d45cde1-groupManagement] INFO  server.RaftServerConfigKeys (ConfUtils.java:logGet(46)) - raft.server.log.use.memory = false (default)
2023-07-12 21:54:50,429 [840e6222-e2bf-4d59-97a6-2daf7d45cde1-groupManagement] INFO  server.RaftServerConfigKeys (ConfUtils.java:logGet(46)) - raft.server.log.purge.gap = 1000000 (custom)
2023-07-12 21:54:50,429 [840e6222-e2bf-4d59-97a6-2daf7d45cde1-groupManagement] INFO  server.RaftServerConfigKeys (ConfUtils.java:logGet(46)) - raft.server.log.appender.buffer.byte-limit = 33554432 (custom)
2023-07-12 21:54:50,429 [840e6222-e2bf-4d59-97a6-2daf7d45cde1-groupManagement] INFO  server.RaftServerConfigKeys (ConfUtils.java:logGet(46)) - raft.server.log.statemachine.data.read.timeout = 1000ms (default)
2023-07-12 21:54:50,429 [840e6222-e2bf-4d59-97a6-2daf7d45cde1-groupManagement] INFO  server.RaftServerConfigKeys (ConfUtils.java:logGet(46)) - raft.server.log.purge.preservation.log.num = 0 (default)
2023-07-12 21:54:50,429 [840e6222-e2bf-4d59-97a6-2daf7d45cde1-groupManagement] INFO  server.RaftServerConfigKeys (ConfUtils.java:logGet(46)) - raft.server.log.segment.size.max = 1048576 (custom)
2023-07-12 21:54:50,430 [840e6222-e2bf-4d59-97a6-2daf7d45cde1-groupManagement] INFO  server.RaftServerConfigKeys (ConfUtils.java:logGet(46)) - raft.server.log.segment.cache.num.max = 2 (custom)
2023-07-12 21:54:50,430 [840e6222-e2bf-4d59-97a6-2daf7d45cde1-groupManagement] INFO  server.RaftServerConfigKeys (ConfUtils.java:logGet(46)) - raft.server.log.segment.cache.size.max = 200MB (=209715200) (default)
2023-07-12 21:54:50,431 [EventQueue-PipelineReportForPipelineReportHandler] INFO  pipeline.PipelineReportHandler (PipelineReportHandler.java:processPipelineReport(136)) - Opened pipeline PipelineID=da9b0047-dfd6-4078-a2d3-7076804db5f9
2023-07-12 21:54:50,431 [EventQueue-OpenPipelineForHealthyPipelineSafeModeRule] INFO  safemode.SCMSafeModeManager (HealthyPipelineSafeModeRule.java:process(137)) - SCM in safe mode. Healthy pipelines reported count is 0, required healthy pipeline reported count is 1
2023-07-12 21:54:50,431 [840e6222-e2bf-4d59-97a6-2daf7d45cde1-groupManagement] INFO  server.RaftServerConfigKeys (ConfUtils.java:logGet(46)) - raft.server.log.appender.buffer.byte-limit = 33554432 (custom)
2023-07-12 21:54:50,431 [840e6222-e2bf-4d59-97a6-2daf7d45cde1-groupManagement] INFO  segmented.SegmentedRaftLogWorker (SegmentedRaftLogWorker.java:<init>(188)) - new 840e6222-e2bf-4d59-97a6-2daf7d45cde1@group-7076804DB5F9-SegmentedRaftLogWorker for RaftStorageImpl:Storage Directory /home/runner/work/ozone/ozone/hadoop-ozone/integration-test/target/test-dir/MiniOzoneClusterImpl-cd6376e5-088e-4fb5-a36e-c0bbc8ba407a/datanode-1/data/ratis/da9b0047-dfd6-4078-a2d3-7076804db5f9
2023-07-12 21:54:50,431 [840e6222-e2bf-4d59-97a6-2daf7d45cde1-groupManagement] INFO  server.RaftServerConfigKeys (ConfUtils.java:logGet(46)) - raft.server.log.queue.byte-limit = 4294967296 (custom)
2023-07-12 21:54:50,431 [840e6222-e2bf-4d59-97a6-2daf7d45cde1-groupManagement] INFO  server.RaftServerConfigKeys (ConfUtils.java:logGet(46)) - raft.server.log.queue.element-limit = 1024 (custom)
2023-07-12 21:54:50,431 [840e6222-e2bf-4d59-97a6-2daf7d45cde1-groupManagement] INFO  server.RaftServerConfigKeys (ConfUtils.java:logGet(46)) - raft.server.log.segment.size.max = 1048576 (custom)
2023-07-12 21:54:50,431 [840e6222-e2bf-4d59-97a6-2daf7d45cde1-groupManagement] INFO  server.RaftServerConfigKeys (ConfUtils.java:logGet(46)) - raft.server.log.preallocated.size = 16384 (custom)
2023-07-12 21:54:50,431 [840e6222-e2bf-4d59-97a6-2daf7d45cde1-groupManagement] INFO  server.RaftServerConfigKeys (ConfUtils.java:logGet(46)) - raft.server.log.force.sync.num = 128 (default)
2023-07-12 21:54:50,431 [840e6222-e2bf-4d59-97a6-2daf7d45cde1-groupManagement] INFO  server.RaftServerConfigKeys (ConfUtils.java:logGet(46)) - raft.server.log.statemachine.data.sync = true (default)
2023-07-12 21:54:50,431 [840e6222-e2bf-4d59-97a6-2daf7d45cde1-groupManagement] INFO  server.RaftServerConfigKeys (ConfUtils.java:logGet(46)) - raft.server.log.statemachine.data.sync.timeout = 10s (default)
2023-07-12 21:54:50,431 [840e6222-e2bf-4d59-97a6-2daf7d45cde1-groupManagement] INFO  server.RaftServerConfigKeys (ConfUtils.java:logGet(46)) - raft.server.log.statemachine.data.sync.timeout.retry = -1 (default)
2023-07-12 21:54:50,432 [840e6222-e2bf-4d59-97a6-2daf7d45cde1-groupManagement] INFO  server.RaftServerConfigKeys (ConfUtils.java:logGet(46)) - raft.server.log.write.buffer.size = 1048576 (custom)
2023-07-12 21:54:50,433 [840e6222-e2bf-4d59-97a6-2daf7d45cde1-groupManagement] INFO  server.RaftServerConfigKeys (ConfUtils.java:logGet(46)) - raft.server.log.appender.buffer.byte-limit = 33554432 (custom)
2023-07-12 21:54:50,436 [840e6222-e2bf-4d59-97a6-2daf7d45cde1-groupManagement] INFO  server.RaftServerConfigKeys (ConfUtils.java:logGet(46)) - raft.server.log.unsafe-flush.enabled = false (default)
2023-07-12 21:54:50,436 [840e6222-e2bf-4d59-97a6-2daf7d45cde1-groupManagement] INFO  server.RaftServerConfigKeys (ConfUtils.java:logGet(46)) - raft.server.log.async-flush.enabled = false (default)
2023-07-12 21:54:50,436 [840e6222-e2bf-4d59-97a6-2daf7d45cde1-groupManagement] INFO  server.RaftServerConfigKeys (ConfUtils.java:logGet(46)) - raft.server.log.statemachine.data.caching.enabled = true (custom)
2023-07-12 21:54:50,436 [840e6222-e2bf-4d59-97a6-2daf7d45cde1-groupManagement] INFO  segmented.SegmentedRaftLogWorker (SegmentedRaftLogWorker.java:lambda$new$0(135)) - 840e6222-e2bf-4d59-97a6-2daf7d45cde1@group-7076804DB5F9-SegmentedRaftLogWorker: flushIndex: setUnconditionally 0 -> -1
2023-07-12 21:54:50,436 [840e6222-e2bf-4d59-97a6-2daf7d45cde1-groupManagement] INFO  segmented.SegmentedRaftLogWorker (SegmentedRaftLogWorker.java:lambda$new$0(135)) - 840e6222-e2bf-4d59-97a6-2daf7d45cde1@group-7076804DB5F9-SegmentedRaftLogWorker: safeCacheEvictIndex: setUnconditionally 0 -> -1
2023-07-12 21:54:50,436 [840e6222-e2bf-4d59-97a6-2daf7d45cde1-groupManagement] INFO  server.RaftServer$Division (RaftServerImpl.java:start(342)) - 840e6222-e2bf-4d59-97a6-2daf7d45cde1@group-7076804DB5F9: start as a follower, conf=-1: peers:[840e6222-e2bf-4d59-97a6-2daf7d45cde1|rpc:10.1.0.20:15093|admin:10.1.0.20:15092|client:10.1.0.20:15091|dataStream:10.1.0.20:15094|priority:1|startupRole:FOLLOWER]|listeners:[], old=null
2023-07-12 21:54:50,436 [840e6222-e2bf-4d59-97a6-2daf7d45cde1-groupManagement] INFO  server.RaftServer$Division (RaftServerImpl.java:setRole(329)) - 840e6222-e2bf-4d59-97a6-2daf7d45cde1@group-7076804DB5F9: changes role from      null to FOLLOWER at term 0 for startAsFollower
2023-07-12 21:54:50,436 [840e6222-e2bf-4d59-97a6-2daf7d45cde1-groupManagement] INFO  impl.RoleInfo (RoleInfo.java:updateAndGet(139)) - 840e6222-e2bf-4d59-97a6-2daf7d45cde1: start 840e6222-e2bf-4d59-97a6-2daf7d45cde1@group-7076804DB5F9-FollowerState
2023-07-12 21:54:50,437 [840e6222-e2bf-4d59-97a6-2daf7d45cde1-groupManagement] INFO  util.JmxRegister (JmxRegister.java:tryRegister(44)) - Successfully registered JMX Bean with object name Ratis:service=RaftServer,group=group-7076804DB5F9,id=840e6222-e2bf-4d59-97a6-2daf7d45cde1
2023-07-12 21:54:50,437 [840e6222-e2bf-4d59-97a6-2daf7d45cde1@group-7076804DB5F9-FollowerState] INFO  server.RaftServerConfigKeys (ConfUtils.java:logFallback(53)) - raft.server.rpc.first-election.timeout.min = 5s (fallback to raft.server.rpc.timeout.min)
2023-07-12 21:54:50,437 [840e6222-e2bf-4d59-97a6-2daf7d45cde1-groupManagement] INFO  server.RaftServerConfigKeys (ConfUtils.java:logGet(46)) - raft.server.snapshot.auto.trigger.enabled = true (custom)
2023-07-12 21:54:50,437 [840e6222-e2bf-4d59-97a6-2daf7d45cde1@group-7076804DB5F9-FollowerState] INFO  server.RaftServerConfigKeys (ConfUtils.java:logFallback(53)) - raft.server.rpc.first-election.timeout.max = 5200ms (fallback to raft.server.rpc.timeout.max)
2023-07-12 21:54:50,437 [840e6222-e2bf-4d59-97a6-2daf7d45cde1-groupManagement] INFO  server.RaftServerConfigKeys (ConfUtils.java:logGet(46)) - raft.server.snapshot.auto.trigger.threshold = 10000 (custom)
2023-07-12 21:54:50,437 [840e6222-e2bf-4d59-97a6-2daf7d45cde1-groupManagement] INFO  server.RaftServerConfigKeys (ConfUtils.java:logGet(46)) - raft.server.snapshot.retention.file.num = 5 (custom)
2023-07-12 21:54:50,437 [840e6222-e2bf-4d59-97a6-2daf7d45cde1-groupManagement] INFO  server.RaftServerConfigKeys (ConfUtils.java:logGet(46)) - raft.server.log.purge.upto.snapshot.index = false (default)
2023-07-12 21:54:50,437 [PipelineCommandHandlerThread-0] INFO  ratis.XceiverServerRatis (XceiverServerRatis.java:addGroup(804)) - Created group PipelineID=da9b0047-dfd6-4078-a2d3-7076804db5f9
2023-07-12 21:54:50,437 [PipelineCommandHandlerThread-0] INFO  commandhandler.CreatePipelineCommandHandler (CreatePipelineCommandHandler.java:lambda$handle$2(124)) - Created Pipeline RATIS ONE PipelineID=da9b0047-dfd6-4078-a2d3-7076804db5f9.
2023-07-12 21:54:50,703 [main] INFO  ozone.MiniOzoneClusterImpl (MiniOzoneClusterImpl.java:lambda$waitForClusterToBeReady$0(224)) - Nodes are ready. Got 3 of 3 DN Heartbeats.
2023-07-12 21:54:50,703 [main] INFO  ozone.MiniOzoneClusterImpl (MiniOzoneClusterImpl.java:lambda$waitForClusterToBeReady$0(227)) - Waiting for cluster to exit safe mode
2023-07-12 21:54:50,703 [main] INFO  ozone.MiniOzoneClusterImpl (MiniOzoneClusterImpl.java:lambda$waitForClusterToBeReady$0(229)) - SCM became leader
2023-07-12 21:54:50,704 [PipelineCommandHandlerThread-0] INFO  server.RaftServer (RaftServerProxy.java:addNew(98)) - a280a4f0-76da-400d-9632-7196842d80a6: addNew group-F37944C89CF9:[a280a4f0-76da-400d-9632-7196842d80a6|rpc:10.1.0.20:15102|admin:10.1.0.20:15101|client:10.1.0.20:15100|dataStream:10.1.0.20:15103|priority:1|startupRole:FOLLOWER] returns group-F37944C89CF9:java.util.concurrent.CompletableFuture@11d38270[Not completed]
2023-07-12 21:54:50,705 [a280a4f0-76da-400d-9632-7196842d80a6-groupManagement] INFO  server.RaftServer$Division (RaftServerImpl.java:<init>(198)) - a280a4f0-76da-400d-9632-7196842d80a6: new RaftServerImpl for group-F37944C89CF9:[a280a4f0-76da-400d-9632-7196842d80a6|rpc:10.1.0.20:15102|admin:10.1.0.20:15101|client:10.1.0.20:15100|dataStream:10.1.0.20:15103|priority:1|startupRole:FOLLOWER] with ContainerStateMachine:uninitialized
2023-07-12 21:54:50,705 [a280a4f0-76da-400d-9632-7196842d80a6-groupManagement] INFO  server.RaftServerConfigKeys (ConfUtils.java:logGet(46)) - raft.server.rpc.timeout.min = 5s (custom)
2023-07-12 21:54:50,705 [a280a4f0-76da-400d-9632-7196842d80a6-groupManagement] INFO  server.RaftServerConfigKeys (ConfUtils.java:logGet(46)) - raft.server.rpc.timeout.max = 5200ms (custom)
2023-07-12 21:54:50,705 [a280a4f0-76da-400d-9632-7196842d80a6-groupManagement] INFO  server.RaftServerConfigKeys (ConfUtils.java:logGet(46)) - raft.server.rpc.sleep.time = 25ms (default)
2023-07-12 21:54:50,705 [a280a4f0-76da-400d-9632-7196842d80a6-groupManagement] INFO  server.RaftServerConfigKeys (ConfUtils.java:logGet(46)) - raft.server.rpc.slowness.timeout = 300s (custom)
2023-07-12 21:54:50,705 [a280a4f0-76da-400d-9632-7196842d80a6-groupManagement] INFO  server.RaftServerConfigKeys (ConfUtils.java:logGet(46)) - raft.server.leaderelection.leader.step-down.wait-time = 10s (default)
2023-07-12 21:54:50,705 [a280a4f0-76da-400d-9632-7196842d80a6-groupManagement] INFO  server.RaftServerConfigKeys (ConfUtils.java:logGet(46)) - raft.server.sleep.deviation.threshold = 300ms (default)
2023-07-12 21:54:50,705 [a280a4f0-76da-400d-9632-7196842d80a6-groupManagement] INFO  server.RaftServer$Division (ServerState.java:<init>(120)) - a280a4f0-76da-400d-9632-7196842d80a6@group-F37944C89CF9: ConfigurationManager, init=-1: peers:[a280a4f0-76da-400d-9632-7196842d80a6|rpc:10.1.0.20:15102|admin:10.1.0.20:15101|client:10.1.0.20:15100|dataStream:10.1.0.20:15103|priority:1|startupRole:FOLLOWER]|listeners:[], old=null, confs=<EMPTY_MAP>
2023-07-12 21:54:50,705 [a280a4f0-76da-400d-9632-7196842d80a6-groupManagement] INFO  server.RaftServerConfigKeys (ConfUtils.java:logGet(46)) - raft.server.storage.dir = [/home/runner/work/ozone/ozone/hadoop-ozone/integration-test/target/test-dir/MiniOzoneClusterImpl-cd6376e5-088e-4fb5-a36e-c0bbc8ba407a/datanode-2/data/ratis] (custom)
2023-07-12 21:54:50,705 [a280a4f0-76da-400d-9632-7196842d80a6-groupManagement] INFO  server.RaftServerConfigKeys (ConfUtils.java:logGet(46)) - raft.server.log.corruption.policy = EXCEPTION (default)
2023-07-12 21:54:50,705 [a280a4f0-76da-400d-9632-7196842d80a6-groupManagement] INFO  server.RaftServerConfigKeys (ConfUtils.java:logGet(46)) - raft.server.storage.free-space.min = 0MB (=0) (default)
2023-07-12 21:54:50,705 [a280a4f0-76da-400d-9632-7196842d80a6-groupManagement] INFO  server.RaftServerConfigKeys (ConfUtils.java:logGet(46)) - raft.server.notification.no-leader.timeout = 300s (custom)
2023-07-12 21:54:50,705 [a280a4f0-76da-400d-9632-7196842d80a6-groupManagement] INFO  server.RaftServerConfigKeys (ConfUtils.java:logGet(46)) - raft.server.read.timeout = 10s (default)
2023-07-12 21:54:50,705 [a280a4f0-76da-400d-9632-7196842d80a6-groupManagement] INFO  server.RaftServerConfigKeys (ConfUtils.java:logGet(46)) - raft.server.retrycache.expirytime = 600000ms (custom)
2023-07-12 21:54:50,705 [a280a4f0-76da-400d-9632-7196842d80a6-groupManagement] INFO  server.RaftServerConfigKeys (ConfUtils.java:logGet(46)) - raft.server.retrycache.statistics.expirytime = 100μs (default)
2023-07-12 21:54:50,706 [a280a4f0-76da-400d-9632-7196842d80a6-groupManagement] INFO  server.RaftServerConfigKeys (ConfUtils.java:logGet(46)) - raft.server.read.option = DEFAULT (default)
2023-07-12 21:54:50,706 [a280a4f0-76da-400d-9632-7196842d80a6-groupManagement] INFO  server.RaftServerConfigKeys (ConfUtils.java:logGet(46)) - raft.server.rpc.request.timeout = 60s (custom)
2023-07-12 21:54:50,706 [a280a4f0-76da-400d-9632-7196842d80a6-groupManagement] INFO  server.RaftServerConfigKeys (ConfUtils.java:logGet(46)) - raft.server.log.appender.install.snapshot.enabled = false (custom)
2023-07-12 21:54:50,706 [a280a4f0-76da-400d-9632-7196842d80a6-groupManagement] INFO  server.RaftServerConfigKeys (ConfUtils.java:logGet(46)) - raft.server.threadpool.server.cached = true (default)
2023-07-12 21:54:50,706 [a280a4f0-76da-400d-9632-7196842d80a6-groupManagement] INFO  server.RaftServerConfigKeys (ConfUtils.java:logGet(46)) - raft.server.threadpool.server.size = 0 (default)
2023-07-12 21:54:50,706 [a280a4f0-76da-400d-9632-7196842d80a6-groupManagement] INFO  server.RaftServerConfigKeys (ConfUtils.java:logGet(46)) - raft.server.threadpool.client.cached = true (default)
2023-07-12 21:54:50,706 [a280a4f0-76da-400d-9632-7196842d80a6-groupManagement] INFO  server.RaftServerConfigKeys (ConfUtils.java:logGet(46)) - raft.server.threadpool.client.size = 0 (default)
2023-07-12 21:54:50,706 [a280a4f0-76da-400d-9632-7196842d80a6-groupManagement] INFO  storage.RaftStorageDirectory (RaftStorageDirectoryImpl.java:analyzeStorage(137)) - The storage directory /home/runner/work/ozone/ozone/hadoop-ozone/integration-test/target/test-dir/MiniOzoneClusterImpl-cd6376e5-088e-4fb5-a36e-c0bbc8ba407a/datanode-2/data/ratis/06eca8d4-7287-4c63-84bc-f37944c89cf9 does not exist. Creating ...
2023-07-12 21:54:50,707 [a280a4f0-76da-400d-9632-7196842d80a6-groupManagement] INFO  storage.RaftStorageDirectory (RaftStorageDirectoryImpl.java:tryLock(231)) - Lock on /home/runner/work/ozone/ozone/hadoop-ozone/integration-test/target/test-dir/MiniOzoneClusterImpl-cd6376e5-088e-4fb5-a36e-c0bbc8ba407a/datanode-2/data/ratis/06eca8d4-7287-4c63-84bc-f37944c89cf9/in_use.lock acquired by nodename 107600@fv-az670-842
2023-07-12 21:54:50,708 [a280a4f0-76da-400d-9632-7196842d80a6-groupManagement] INFO  storage.RaftStorage (RaftStorageImpl.java:format(96)) - Storage directory /home/runner/work/ozone/ozone/hadoop-ozone/integration-test/target/test-dir/MiniOzoneClusterImpl-cd6376e5-088e-4fb5-a36e-c0bbc8ba407a/datanode-2/data/ratis/06eca8d4-7287-4c63-84bc-f37944c89cf9 has been successfully formatted.
2023-07-12 21:54:50,713 [EventQueue-PipelineReportForPipelineReportHandler] INFO  pipeline.PipelineReportHandler (PipelineReportHandler.java:processPipelineReport(136)) - Opened pipeline PipelineID=06eca8d4-7287-4c63-84bc-f37944c89cf9
2023-07-12 21:54:50,713 [EventQueue-OpenPipelineForHealthyPipelineSafeModeRule] INFO  safemode.SCMSafeModeManager (HealthyPipelineSafeModeRule.java:process(137)) - SCM in safe mode. Healthy pipelines reported count is 0, required healthy pipeline reported count is 1
2023-07-12 21:54:50,713 [a280a4f0-76da-400d-9632-7196842d80a6-groupManagement] INFO  ratis.ContainerStateMachine (ContainerStateMachine.java:loadSnapshot(262)) - group-F37944C89CF9: The snapshot info is null. Setting the last applied indexto:(t:0, i:~)
2023-07-12 21:54:50,713 [a280a4f0-76da-400d-9632-7196842d80a6-groupManagement] INFO  server.RaftServerConfigKeys (ConfUtils.java:logGet(46)) - raft.server.log.use.memory = false (default)
2023-07-12 21:54:50,713 [a280a4f0-76da-400d-9632-7196842d80a6-groupManagement] INFO  server.RaftServerConfigKeys (ConfUtils.java:logGet(46)) - raft.server.log.purge.gap = 1000000 (custom)
2023-07-12 21:54:50,713 [a280a4f0-76da-400d-9632-7196842d80a6-groupManagement] INFO  server.RaftServerConfigKeys (ConfUtils.java:logGet(46)) - raft.server.log.appender.buffer.byte-limit = 33554432 (custom)
2023-07-12 21:54:50,713 [a280a4f0-76da-400d-9632-7196842d80a6-groupManagement] INFO  server.RaftServerConfigKeys (ConfUtils.java:logGet(46)) - raft.server.log.statemachine.data.read.timeout = 1000ms (default)
2023-07-12 21:54:50,713 [a280a4f0-76da-400d-9632-7196842d80a6-groupManagement] INFO  server.RaftServerConfigKeys (ConfUtils.java:logGet(46)) - raft.server.log.purge.preservation.log.num = 0 (default)
2023-07-12 21:54:50,713 [a280a4f0-76da-400d-9632-7196842d80a6-groupManagement] INFO  server.RaftServerConfigKeys (ConfUtils.java:logGet(46)) - raft.server.log.segment.size.max = 1048576 (custom)
2023-07-12 21:54:50,714 [a280a4f0-76da-400d-9632-7196842d80a6-groupManagement] INFO  server.RaftServerConfigKeys (ConfUtils.java:logGet(46)) - raft.server.log.segment.cache.num.max = 2 (custom)
2023-07-12 21:54:50,714 [a280a4f0-76da-400d-9632-7196842d80a6-groupManagement] INFO  server.RaftServerConfigKeys (ConfUtils.java:logGet(46)) - raft.server.log.segment.cache.size.max = 200MB (=209715200) (default)
2023-07-12 21:54:50,714 [a280a4f0-76da-400d-9632-7196842d80a6-groupManagement] INFO  server.RaftServerConfigKeys (ConfUtils.java:logGet(46)) - raft.server.log.appender.buffer.byte-limit = 33554432 (custom)
2023-07-12 21:54:50,714 [a280a4f0-76da-400d-9632-7196842d80a6-groupManagement] INFO  segmented.SegmentedRaftLogWorker (SegmentedRaftLogWorker.java:<init>(188)) - new a280a4f0-76da-400d-9632-7196842d80a6@group-F37944C89CF9-SegmentedRaftLogWorker for RaftStorageImpl:Storage Directory /home/runner/work/ozone/ozone/hadoop-ozone/integration-test/target/test-dir/MiniOzoneClusterImpl-cd6376e5-088e-4fb5-a36e-c0bbc8ba407a/datanode-2/data/ratis/06eca8d4-7287-4c63-84bc-f37944c89cf9
2023-07-12 21:54:50,714 [a280a4f0-76da-400d-9632-7196842d80a6-groupManagement] INFO  server.RaftServerConfigKeys (ConfUtils.java:logGet(46)) - raft.server.log.queue.byte-limit = 4294967296 (custom)
2023-07-12 21:54:50,714 [a280a4f0-76da-400d-9632-7196842d80a6-groupManagement] INFO  server.RaftServerConfigKeys (ConfUtils.java:logGet(46)) - raft.server.log.queue.element-limit = 1024 (custom)
2023-07-12 21:54:50,714 [a280a4f0-76da-400d-9632-7196842d80a6-groupManagement] INFO  server.RaftServerConfigKeys (ConfUtils.java:logGet(46)) - raft.server.log.segment.size.max = 1048576 (custom)
2023-07-12 21:54:50,714 [a280a4f0-76da-400d-9632-7196842d80a6-groupManagement] INFO  server.RaftServerConfigKeys (ConfUtils.java:logGet(46)) - raft.server.log.preallocated.size = 16384 (custom)
2023-07-12 21:54:50,714 [a280a4f0-76da-400d-9632-7196842d80a6-groupManagement] INFO  server.RaftServerConfigKeys (ConfUtils.java:logGet(46)) - raft.server.log.force.sync.num = 128 (default)
2023-07-12 21:54:50,714 [a280a4f0-76da-400d-9632-7196842d80a6-groupManagement] INFO  server.RaftServerConfigKeys (ConfUtils.java:logGet(46)) - raft.server.log.statemachine.data.sync = true (default)
2023-07-12 21:54:50,714 [a280a4f0-76da-400d-9632-7196842d80a6-groupManagement] INFO  server.RaftServerConfigKeys (ConfUtils.java:logGet(46)) - raft.server.log.statemachine.data.sync.timeout = 10s (default)
2023-07-12 21:54:50,714 [a280a4f0-76da-400d-9632-7196842d80a6-groupManagement] INFO  server.RaftServerConfigKeys (ConfUtils.java:logGet(46)) - raft.server.log.statemachine.data.sync.timeout.retry = -1 (default)
2023-07-12 21:54:50,716 [a280a4f0-76da-400d-9632-7196842d80a6-groupManagement] INFO  server.RaftServerConfigKeys (ConfUtils.java:logGet(46)) - raft.server.log.write.buffer.size = 1048576 (custom)
2023-07-12 21:54:50,716 [a280a4f0-76da-400d-9632-7196842d80a6-groupManagement] INFO  server.RaftServerConfigKeys (ConfUtils.java:logGet(46)) - raft.server.log.appender.buffer.byte-limit = 33554432 (custom)
2023-07-12 21:54:50,720 [a280a4f0-76da-400d-9632-7196842d80a6-groupManagement] INFO  server.RaftServerConfigKeys (ConfUtils.java:logGet(46)) - raft.server.log.unsafe-flush.enabled = false (default)
2023-07-12 21:54:50,720 [a280a4f0-76da-400d-9632-7196842d80a6-groupManagement] INFO  server.RaftServerConfigKeys (ConfUtils.java:logGet(46)) - raft.server.log.async-flush.enabled = false (default)
2023-07-12 21:54:50,720 [a280a4f0-76da-400d-9632-7196842d80a6-groupManagement] INFO  server.RaftServerConfigKeys (ConfUtils.java:logGet(46)) - raft.server.log.statemachine.data.caching.enabled = true (custom)
2023-07-12 21:54:50,720 [a280a4f0-76da-400d-9632-7196842d80a6-groupManagement] INFO  segmented.SegmentedRaftLogWorker (SegmentedRaftLogWorker.java:lambda$new$0(135)) - a280a4f0-76da-400d-9632-7196842d80a6@group-F37944C89CF9-SegmentedRaftLogWorker: flushIndex: setUnconditionally 0 -> -1
2023-07-12 21:54:50,720 [a280a4f0-76da-400d-9632-7196842d80a6-groupManagement] INFO  segmented.SegmentedRaftLogWorker (SegmentedRaftLogWorker.java:lambda$new$0(135)) - a280a4f0-76da-400d-9632-7196842d80a6@group-F37944C89CF9-SegmentedRaftLogWorker: safeCacheEvictIndex: setUnconditionally 0 -> -1
2023-07-12 21:54:50,720 [a280a4f0-76da-400d-9632-7196842d80a6-groupManagement] INFO  server.RaftServer$Division (RaftServerImpl.java:start(342)) - a280a4f0-76da-400d-9632-7196842d80a6@group-F37944C89CF9: start as a follower, conf=-1: peers:[a280a4f0-76da-400d-9632-7196842d80a6|rpc:10.1.0.20:15102|admin:10.1.0.20:15101|client:10.1.0.20:15100|dataStream:10.1.0.20:15103|priority:1|startupRole:FOLLOWER]|listeners:[], old=null
2023-07-12 21:54:50,720 [a280a4f0-76da-400d-9632-7196842d80a6-groupManagement] INFO  server.RaftServer$Division (RaftServerImpl.java:setRole(329)) - a280a4f0-76da-400d-9632-7196842d80a6@group-F37944C89CF9: changes role from      null to FOLLOWER at term 0 for startAsFollower
2023-07-12 21:54:50,720 [a280a4f0-76da-400d-9632-7196842d80a6-groupManagement] INFO  impl.RoleInfo (RoleInfo.java:updateAndGet(139)) - a280a4f0-76da-400d-9632-7196842d80a6: start a280a4f0-76da-400d-9632-7196842d80a6@group-F37944C89CF9-FollowerState
2023-07-12 21:54:50,720 [a280a4f0-76da-400d-9632-7196842d80a6-groupManagement] INFO  util.JmxRegister (JmxRegister.java:tryRegister(44)) - Successfully registered JMX Bean with object name Ratis:service=RaftServer,group=group-F37944C89CF9,id=a280a4f0-76da-400d-9632-7196842d80a6
2023-07-12 21:54:50,720 [a280a4f0-76da-400d-9632-7196842d80a6-groupManagement] INFO  server.RaftServerConfigKeys (ConfUtils.java:logGet(46)) - raft.server.snapshot.auto.trigger.enabled = true (custom)
2023-07-12 21:54:50,721 [a280a4f0-76da-400d-9632-7196842d80a6-groupManagement] INFO  server.RaftServerConfigKeys (ConfUtils.java:logGet(46)) - raft.server.snapshot.auto.trigger.threshold = 10000 (custom)
2023-07-12 21:54:50,721 [a280a4f0-76da-400d-9632-7196842d80a6-groupManagement] INFO  server.RaftServerConfigKeys (ConfUtils.java:logGet(46)) - raft.server.snapshot.retention.file.num = 5 (custom)
2023-07-12 21:54:50,721 [a280a4f0-76da-400d-9632-7196842d80a6-groupManagement] INFO  server.RaftServerConfigKeys (ConfUtils.java:logGet(46)) - raft.server.log.purge.upto.snapshot.index = false (default)
2023-07-12 21:54:50,721 [a280a4f0-76da-400d-9632-7196842d80a6@group-F37944C89CF9-FollowerState] INFO  server.RaftServerConfigKeys (ConfUtils.java:logFallback(53)) - raft.server.rpc.first-election.timeout.min = 5s (fallback to raft.server.rpc.timeout.min)
2023-07-12 21:54:50,721 [a280a4f0-76da-400d-9632-7196842d80a6@group-F37944C89CF9-FollowerState] INFO  server.RaftServerConfigKeys (ConfUtils.java:logFallback(53)) - raft.server.rpc.first-election.timeout.max = 5200ms (fallback to raft.server.rpc.timeout.max)
2023-07-12 21:54:50,726 [PipelineCommandHandlerThread-0] INFO  ratis.XceiverServerRatis (XceiverServerRatis.java:addGroup(804)) - Created group PipelineID=06eca8d4-7287-4c63-84bc-f37944c89cf9
2023-07-12 21:54:50,726 [PipelineCommandHandlerThread-0] INFO  commandhandler.CreatePipelineCommandHandler (CreatePipelineCommandHandler.java:lambda$handle$2(124)) - Created Pipeline RATIS ONE PipelineID=06eca8d4-7287-4c63-84bc-f37944c89cf9.
2023-07-12 21:54:51,704 [main] INFO  ozone.MiniOzoneClusterImpl (MiniOzoneClusterImpl.java:lambda$waitForClusterToBeReady$0(224)) - Nodes are ready. Got 3 of 3 DN Heartbeats.
2023-07-12 21:54:51,704 [main] INFO  ozone.MiniOzoneClusterImpl (MiniOzoneClusterImpl.java:lambda$waitForClusterToBeReady$0(227)) - Waiting for cluster to exit safe mode
2023-07-12 21:54:51,705 [main] INFO  ozone.MiniOzoneClusterImpl (MiniOzoneClusterImpl.java:lambda$waitForClusterToBeReady$0(229)) - SCM became leader
2023-07-12 21:54:52,705 [main] INFO  ozone.MiniOzoneClusterImpl (MiniOzoneClusterImpl.java:lambda$waitForClusterToBeReady$0(224)) - Nodes are ready. Got 3 of 3 DN Heartbeats.
2023-07-12 21:54:52,705 [main] INFO  ozone.MiniOzoneClusterImpl (MiniOzoneClusterImpl.java:lambda$waitForClusterToBeReady$0(227)) - Waiting for cluster to exit safe mode
2023-07-12 21:54:52,705 [main] INFO  ozone.MiniOzoneClusterImpl (MiniOzoneClusterImpl.java:lambda$waitForClusterToBeReady$0(229)) - SCM became leader
2023-07-12 21:54:53,705 [main] INFO  ozone.MiniOzoneClusterImpl (MiniOzoneClusterImpl.java:lambda$waitForClusterToBeReady$0(224)) - Nodes are ready. Got 3 of 3 DN Heartbeats.
2023-07-12 21:54:53,706 [main] INFO  ozone.MiniOzoneClusterImpl (MiniOzoneClusterImpl.java:lambda$waitForClusterToBeReady$0(227)) - Waiting for cluster to exit safe mode
2023-07-12 21:54:53,706 [main] INFO  ozone.MiniOzoneClusterImpl (MiniOzoneClusterImpl.java:lambda$waitForClusterToBeReady$0(229)) - SCM became leader
2023-07-12 21:54:54,706 [main] INFO  ozone.MiniOzoneClusterImpl (MiniOzoneClusterImpl.java:lambda$waitForClusterToBeReady$0(224)) - Nodes are ready. Got 3 of 3 DN Heartbeats.
2023-07-12 21:54:54,706 [main] INFO  ozone.MiniOzoneClusterImpl (MiniOzoneClusterImpl.java:lambda$waitForClusterToBeReady$0(227)) - Waiting for cluster to exit safe mode
2023-07-12 21:54:54,706 [main] INFO  ozone.MiniOzoneClusterImpl (MiniOzoneClusterImpl.java:lambda$waitForClusterToBeReady$0(229)) - SCM became leader
2023-07-12 21:54:55,192 [1168ba7a-e337-4443-965f-a0107b7c0c08@group-B14FDF2BC333-FollowerState] INFO  impl.FollowerState (FollowerState.java:run(143)) - 1168ba7a-e337-4443-965f-a0107b7c0c08@group-B14FDF2BC333-FollowerState: change to CANDIDATE, lastRpcElapsedTime:5051696308ns, electionTimeout:5051ms
2023-07-12 21:54:55,192 [1168ba7a-e337-4443-965f-a0107b7c0c08@group-B14FDF2BC333-FollowerState] INFO  impl.RoleInfo (RoleInfo.java:shutdownFollowerState(110)) - 1168ba7a-e337-4443-965f-a0107b7c0c08: shutdown 1168ba7a-e337-4443-965f-a0107b7c0c08@group-B14FDF2BC333-FollowerState
2023-07-12 21:54:55,192 [1168ba7a-e337-4443-965f-a0107b7c0c08@group-B14FDF2BC333-FollowerState] INFO  server.RaftServer$Division (RaftServerImpl.java:setRole(329)) - 1168ba7a-e337-4443-965f-a0107b7c0c08@group-B14FDF2BC333: changes role from  FOLLOWER to CANDIDATE at term 0 for changeToCandidate
2023-07-12 21:54:55,192 [1168ba7a-e337-4443-965f-a0107b7c0c08@group-B14FDF2BC333-FollowerState] INFO  server.RaftServerConfigKeys (ConfUtils.java:logGet(46)) - raft.server.leaderelection.pre-vote = true (default)
2023-07-12 21:54:55,192 [1168ba7a-e337-4443-965f-a0107b7c0c08@group-B14FDF2BC333-FollowerState] INFO  impl.RoleInfo (RoleInfo.java:updateAndGet(139)) - 1168ba7a-e337-4443-965f-a0107b7c0c08: start 1168ba7a-e337-4443-965f-a0107b7c0c08@group-B14FDF2BC333-LeaderElection17
2023-07-12 21:54:55,194 [1168ba7a-e337-4443-965f-a0107b7c0c08@group-B14FDF2BC333-LeaderElection17] INFO  impl.LeaderElection (LeaderElection.java:askForVotes(321)) - 1168ba7a-e337-4443-965f-a0107b7c0c08@group-B14FDF2BC333-LeaderElection17 PRE_VOTE round 0: submit vote requests at term 0 for -1: peers:[1168ba7a-e337-4443-965f-a0107b7c0c08|rpc:10.1.0.20:15084|admin:10.1.0.20:15083|client:10.1.0.20:15082|dataStream:10.1.0.20:15085|priority:1|startupRole:FOLLOWER]|listeners:[], old=null
2023-07-12 21:54:55,194 [1168ba7a-e337-4443-965f-a0107b7c0c08@group-B14FDF2BC333-LeaderElection17] INFO  impl.LeaderElection (LeaderElection.java:askForVotes(323)) - 1168ba7a-e337-4443-965f-a0107b7c0c08@group-B14FDF2BC333-LeaderElection17 PRE_VOTE round 0: result PASSED (term=0)
2023-07-12 21:54:55,195 [1168ba7a-e337-4443-965f-a0107b7c0c08@group-B14FDF2BC333-LeaderElection17] INFO  impl.LeaderElection (LeaderElection.java:askForVotes(321)) - 1168ba7a-e337-4443-965f-a0107b7c0c08@group-B14FDF2BC333-LeaderElection17 ELECTION round 0: submit vote requests at term 1 for -1: peers:[1168ba7a-e337-4443-965f-a0107b7c0c08|rpc:10.1.0.20:15084|admin:10.1.0.20:15083|client:10.1.0.20:15082|dataStream:10.1.0.20:15085|priority:1|startupRole:FOLLOWER]|listeners:[], old=null
2023-07-12 21:54:55,196 [1168ba7a-e337-4443-965f-a0107b7c0c08@group-B14FDF2BC333-LeaderElection17] INFO  impl.LeaderElection (LeaderElection.java:askForVotes(323)) - 1168ba7a-e337-4443-965f-a0107b7c0c08@group-B14FDF2BC333-LeaderElection17 ELECTION round 0: result PASSED (term=1)
2023-07-12 21:54:55,196 [1168ba7a-e337-4443-965f-a0107b7c0c08@group-B14FDF2BC333-LeaderElection17] INFO  impl.RoleInfo (RoleInfo.java:shutdownLeaderElection(130)) - 1168ba7a-e337-4443-965f-a0107b7c0c08: shutdown 1168ba7a-e337-4443-965f-a0107b7c0c08@group-B14FDF2BC333-LeaderElection17
2023-07-12 21:54:55,196 [1168ba7a-e337-4443-965f-a0107b7c0c08@group-B14FDF2BC333-LeaderElection17] INFO  server.RaftServer$Division (RaftServerImpl.java:setRole(329)) - 1168ba7a-e337-4443-965f-a0107b7c0c08@group-B14FDF2BC333: changes role from CANDIDATE to LEADER at term 1 for changeToLeader
2023-07-12 21:54:55,196 [1168ba7a-e337-4443-965f-a0107b7c0c08@group-B14FDF2BC333-LeaderElection17] INFO  ratis.XceiverServerRatis (XceiverServerRatis.java:handleLeaderChangedNotification(902)) - Leader change notification received for group: group-B14FDF2BC333 with new leaderId: 1168ba7a-e337-4443-965f-a0107b7c0c08
2023-07-12 21:54:55,196 [1168ba7a-e337-4443-965f-a0107b7c0c08@group-B14FDF2BC333-LeaderElection17] INFO  server.RaftServer$Division (ServerState.java:setLeader(317)) - 1168ba7a-e337-4443-965f-a0107b7c0c08@group-B14FDF2BC333: change Leader from null to 1168ba7a-e337-4443-965f-a0107b7c0c08 at term 1 for becomeLeader, leader elected after 5065ms
2023-07-12 21:54:55,197 [1168ba7a-e337-4443-965f-a0107b7c0c08@group-B14FDF2BC333-LeaderElection17] INFO  server.RaftServerConfigKeys (ConfUtils.java:logGet(46)) - raft.server.staging.catchup.gap = 1000 (default)
2023-07-12 21:54:55,197 [EventQueue-OpenPipelineForHealthyPipelineSafeModeRule] INFO  safemode.SCMSafeModeManager (HealthyPipelineSafeModeRule.java:process(137)) - SCM in safe mode. Healthy pipelines reported count is 0, required healthy pipeline reported count is 1
2023-07-12 21:54:55,197 [1168ba7a-e337-4443-965f-a0107b7c0c08@group-B14FDF2BC333-LeaderElection17] INFO  server.RaftServerConfigKeys (ConfUtils.java:logGet(46)) - raft.server.write.element-limit = 1024 (custom)
2023-07-12 21:54:55,197 [1168ba7a-e337-4443-965f-a0107b7c0c08@group-B14FDF2BC333-LeaderElection17] INFO  server.RaftServerConfigKeys (ConfUtils.java:logGet(46)) - raft.server.write.byte-limit = 1024 M (=1073741824) (custom)
2023-07-12 21:54:55,198 [1168ba7a-e337-4443-965f-a0107b7c0c08@group-B14FDF2BC333-LeaderElection17] INFO  server.RaftServerConfigKeys (ConfUtils.java:logGet(46)) - raft.server.watch.timeout = 180s (custom)
2023-07-12 21:54:55,198 [1168ba7a-e337-4443-965f-a0107b7c0c08@group-B14FDF2BC333-LeaderElection17] INFO  server.RaftServerConfigKeys (ConfUtils.java:logGet(46)) - raft.server.watch.timeout.denomination = 1s (default)
2023-07-12 21:54:55,198 [1168ba7a-e337-4443-965f-a0107b7c0c08@group-B14FDF2BC333-LeaderElection17] INFO  server.RaftServerConfigKeys (ConfUtils.java:logGet(46)) - raft.server.watch.element-limit = 65536 (default)
2023-07-12 21:54:55,198 [1168ba7a-e337-4443-965f-a0107b7c0c08@group-B14FDF2BC333-LeaderElection17] INFO  server.RaftServerConfigKeys (ConfUtils.java:logGet(46)) - raft.server.write.element-limit = 1024 (custom)
2023-07-12 21:54:55,198 [1168ba7a-e337-4443-965f-a0107b7c0c08@group-B14FDF2BC333-LeaderElection17] INFO  server.RaftServerConfigKeys (ConfUtils.java:logGet(46)) - raft.server.write.follower.gap.ratio.max = -1.0 (default)
2023-07-12 21:54:55,198 [1168ba7a-e337-4443-965f-a0107b7c0c08@group-B14FDF2BC333-LeaderElection17] INFO  impl.RoleInfo (RoleInfo.java:updateAndGet(139)) - 1168ba7a-e337-4443-965f-a0107b7c0c08: start 1168ba7a-e337-4443-965f-a0107b7c0c08@group-B14FDF2BC333-LeaderStateImpl
2023-07-12 21:54:55,198 [1168ba7a-e337-4443-965f-a0107b7c0c08@group-B14FDF2BC333-LeaderElection17] INFO  segmented.SegmentedRaftLogWorker (SegmentedRaftLogWorker.java:startLogSegment(447)) - 1168ba7a-e337-4443-965f-a0107b7c0c08@group-B14FDF2BC333-SegmentedRaftLogWorker: Starting segment from index:0
2023-07-12 21:54:55,201 [1168ba7a-e337-4443-965f-a0107b7c0c08@group-B14FDF2BC333-LeaderElection17] INFO  server.RaftServer$Division (ServerState.java:setRaftConf(434)) - 1168ba7a-e337-4443-965f-a0107b7c0c08@group-B14FDF2BC333: set configuration 0: peers:[1168ba7a-e337-4443-965f-a0107b7c0c08|rpc:10.1.0.20:15084|admin:10.1.0.20:15083|client:10.1.0.20:15082|dataStream:10.1.0.20:15085|priority:1|startupRole:FOLLOWER]|listeners:[], old=null
2023-07-12 21:54:55,201 [1168ba7a-e337-4443-965f-a0107b7c0c08@group-B14FDF2BC333-SegmentedRaftLogWorker] INFO  segmented.SegmentedRaftLogWorker (SegmentedRaftLogWorker.java:execute(651)) - 1168ba7a-e337-4443-965f-a0107b7c0c08@group-B14FDF2BC333-SegmentedRaftLogWorker: created new log segment /home/runner/work/ozone/ozone/hadoop-ozone/integration-test/target/test-dir/MiniOzoneClusterImpl-cd6376e5-088e-4fb5-a36e-c0bbc8ba407a/datanode-0/data/ratis/a6d2f005-481b-44ce-ab07-b14fdf2bc333/current/log_inprogress_0
2023-07-12 21:54:55,211 [1168ba7a-e337-4443-965f-a0107b7c0c08@group-56FF926B43B3-FollowerState] INFO  impl.FollowerState (FollowerState.java:run(143)) - 1168ba7a-e337-4443-965f-a0107b7c0c08@group-56FF926B43B3-FollowerState: change to CANDIDATE, lastRpcElapsedTime:5018822505ns, electionTimeout:5017ms
2023-07-12 21:54:55,211 [1168ba7a-e337-4443-965f-a0107b7c0c08@group-56FF926B43B3-FollowerState] INFO  impl.RoleInfo (RoleInfo.java:shutdownFollowerState(110)) - 1168ba7a-e337-4443-965f-a0107b7c0c08: shutdown 1168ba7a-e337-4443-965f-a0107b7c0c08@group-56FF926B43B3-FollowerState
2023-07-12 21:54:55,211 [1168ba7a-e337-4443-965f-a0107b7c0c08@group-56FF926B43B3-FollowerState] INFO  server.RaftServer$Division (RaftServerImpl.java:setRole(329)) - 1168ba7a-e337-4443-965f-a0107b7c0c08@group-56FF926B43B3: changes role from  FOLLOWER to CANDIDATE at term 0 for changeToCandidate
2023-07-12 21:54:55,211 [1168ba7a-e337-4443-965f-a0107b7c0c08@group-56FF926B43B3-FollowerState] INFO  server.RaftServerConfigKeys (ConfUtils.java:logGet(46)) - raft.server.leaderelection.pre-vote = true (default)
2023-07-12 21:54:55,211 [1168ba7a-e337-4443-965f-a0107b7c0c08@group-56FF926B43B3-FollowerState] INFO  impl.RoleInfo (RoleInfo.java:updateAndGet(139)) - 1168ba7a-e337-4443-965f-a0107b7c0c08: start 1168ba7a-e337-4443-965f-a0107b7c0c08@group-56FF926B43B3-LeaderElection18
2023-07-12 21:54:55,218 [1168ba7a-e337-4443-965f-a0107b7c0c08@group-56FF926B43B3-LeaderElection18] INFO  impl.LeaderElection (LeaderElection.java:askForVotes(321)) - 1168ba7a-e337-4443-965f-a0107b7c0c08@group-56FF926B43B3-LeaderElection18 PRE_VOTE round 0: submit vote requests at term 0 for -1: peers:[840e6222-e2bf-4d59-97a6-2daf7d45cde1|rpc:10.1.0.20:15093|admin:10.1.0.20:15092|client:10.1.0.20:15091|dataStream:10.1.0.20:15094|priority:1|startupRole:FOLLOWER, 1168ba7a-e337-4443-965f-a0107b7c0c08|rpc:10.1.0.20:15084|admin:10.1.0.20:15083|client:10.1.0.20:15082|dataStream:10.1.0.20:15085|priority:0|startupRole:FOLLOWER, a280a4f0-76da-400d-9632-7196842d80a6|rpc:10.1.0.20:15102|admin:10.1.0.20:15101|client:10.1.0.20:15100|dataStream:10.1.0.20:15103|priority:0|startupRole:FOLLOWER]|listeners:[], old=null
2023-07-12 21:54:55,218 [1168ba7a-e337-4443-965f-a0107b7c0c08@group-56FF926B43B3-LeaderElection18] INFO  server.RaftServerConfigKeys (ConfUtils.java:logFallback(53)) - raft.server.rpc.first-election.timeout.min = 5s (fallback to raft.server.rpc.timeout.min)
2023-07-12 21:54:55,218 [1168ba7a-e337-4443-965f-a0107b7c0c08@group-56FF926B43B3-LeaderElection18-1] INFO  server.GrpcServerProtocolClient (GrpcServerProtocolClient.java:<init>(65)) - Build channel for 840e6222-e2bf-4d59-97a6-2daf7d45cde1
2023-07-12 21:54:55,218 [1168ba7a-e337-4443-965f-a0107b7c0c08@group-56FF926B43B3-LeaderElection18] INFO  server.RaftServerConfigKeys (ConfUtils.java:logFallback(53)) - raft.server.rpc.first-election.timeout.max = 5200ms (fallback to raft.server.rpc.timeout.max)
2023-07-12 21:54:55,218 [1168ba7a-e337-4443-965f-a0107b7c0c08@group-56FF926B43B3-LeaderElection18-2] INFO  server.GrpcServerProtocolClient (GrpcServerProtocolClient.java:<init>(65)) - Build channel for a280a4f0-76da-400d-9632-7196842d80a6
2023-07-12 21:54:55,235 [grpc-default-executor-0] INFO  server.RaftServer$Division (RaftServerImpl.java:requestVote(1302)) - a280a4f0-76da-400d-9632-7196842d80a6@group-56FF926B43B3: receive requestVote(PRE_VOTE, 1168ba7a-e337-4443-965f-a0107b7c0c08, group-56FF926B43B3, 0, (t:0, i:0))
2023-07-12 21:54:55,235 [grpc-default-executor-0] INFO  impl.VoteContext (VoteContext.java:log(49)) - a280a4f0-76da-400d-9632-7196842d80a6@group-56FF926B43B3-FOLLOWER: accept PRE_VOTE from 1168ba7a-e337-4443-965f-a0107b7c0c08: our priority 0 <= candidate's priority 0
2023-07-12 21:54:55,235 [grpc-default-executor-0] INFO  server.RaftServer$Division (RaftServerImpl.java:requestVote(1335)) - a280a4f0-76da-400d-9632-7196842d80a6@group-56FF926B43B3 replies to PRE_VOTE vote request: 1168ba7a-e337-4443-965f-a0107b7c0c08<-a280a4f0-76da-400d-9632-7196842d80a6#0:OK-t0. Peer's state: a280a4f0-76da-400d-9632-7196842d80a6@group-56FF926B43B3:t0, leader=null, voted=, raftlog=Memoized:a280a4f0-76da-400d-9632-7196842d80a6@group-56FF926B43B3-SegmentedRaftLog:OPENED:c-1, conf=-1: peers:[840e6222-e2bf-4d59-97a6-2daf7d45cde1|rpc:10.1.0.20:15093|admin:10.1.0.20:15092|client:10.1.0.20:15091|dataStream:10.1.0.20:15094|priority:1|startupRole:FOLLOWER, 1168ba7a-e337-4443-965f-a0107b7c0c08|rpc:10.1.0.20:15084|admin:10.1.0.20:15083|client:10.1.0.20:15082|dataStream:10.1.0.20:15085|priority:0|startupRole:FOLLOWER, a280a4f0-76da-400d-9632-7196842d80a6|rpc:10.1.0.20:15102|admin:10.1.0.20:15101|client:10.1.0.20:15100|dataStream:10.1.0.20:15103|priority:0|startupRole:FOLLOWER]|listeners:[], old=null
2023-07-12 21:54:55,237 [grpc-default-executor-0] INFO  server.RaftServer$Division (RaftServerImpl.java:requestVote(1302)) - 840e6222-e2bf-4d59-97a6-2daf7d45cde1@group-56FF926B43B3: receive requestVote(PRE_VOTE, 1168ba7a-e337-4443-965f-a0107b7c0c08, group-56FF926B43B3, 0, (t:0, i:0))
2023-07-12 21:54:55,237 [grpc-default-executor-0] INFO  impl.VoteContext (VoteContext.java:log(49)) - 840e6222-e2bf-4d59-97a6-2daf7d45cde1@group-56FF926B43B3-FOLLOWER: reject PRE_VOTE from 1168ba7a-e337-4443-965f-a0107b7c0c08: our priority 1 > candidate's priority 0
2023-07-12 21:54:55,237 [grpc-default-executor-0] INFO  server.RaftServer$Division (RaftServerImpl.java:requestVote(1335)) - 840e6222-e2bf-4d59-97a6-2daf7d45cde1@group-56FF926B43B3 replies to PRE_VOTE vote request: 1168ba7a-e337-4443-965f-a0107b7c0c08<-840e6222-e2bf-4d59-97a6-2daf7d45cde1#0:FAIL-t0. Peer's state: 840e6222-e2bf-4d59-97a6-2daf7d45cde1@group-56FF926B43B3:t0, leader=null, voted=, raftlog=Memoized:840e6222-e2bf-4d59-97a6-2daf7d45cde1@group-56FF926B43B3-SegmentedRaftLog:OPENED:c-1, conf=-1: peers:[840e6222-e2bf-4d59-97a6-2daf7d45cde1|rpc:10.1.0.20:15093|admin:10.1.0.20:15092|client:10.1.0.20:15091|dataStream:10.1.0.20:15094|priority:1|startupRole:FOLLOWER, 1168ba7a-e337-4443-965f-a0107b7c0c08|rpc:10.1.0.20:15084|admin:10.1.0.20:15083|client:10.1.0.20:15082|dataStream:10.1.0.20:15085|priority:0|startupRole:FOLLOWER, a280a4f0-76da-400d-9632-7196842d80a6|rpc:10.1.0.20:15102|admin:10.1.0.20:15101|client:10.1.0.20:15100|dataStream:10.1.0.20:15103|priority:0|startupRole:FOLLOWER]|listeners:[], old=null
2023-07-12 21:54:55,239 [1168ba7a-e337-4443-965f-a0107b7c0c08@group-56FF926B43B3-LeaderElection18] INFO  impl.LeaderElection (LeaderElection.java:logAndReturn(90)) - 1168ba7a-e337-4443-965f-a0107b7c0c08@group-56FF926B43B3-LeaderElection18: PRE_VOTE REJECTED received 2 response(s) and 0 exception(s):
2023-07-12 21:54:55,239 [1168ba7a-e337-4443-965f-a0107b7c0c08@group-56FF926B43B3-LeaderElection18] INFO  impl.LeaderElection (LeaderElection.java:logAndReturn(94)) -   Response 0: 1168ba7a-e337-4443-965f-a0107b7c0c08<-840e6222-e2bf-4d59-97a6-2daf7d45cde1#0:FAIL-t0
2023-07-12 21:54:55,239 [1168ba7a-e337-4443-965f-a0107b7c0c08@group-56FF926B43B3-LeaderElection18] INFO  impl.LeaderElection (LeaderElection.java:logAndReturn(94)) -   Response 1: 1168ba7a-e337-4443-965f-a0107b7c0c08<-a280a4f0-76da-400d-9632-7196842d80a6#0:OK-t0
2023-07-12 21:54:55,239 [1168ba7a-e337-4443-965f-a0107b7c0c08@group-56FF926B43B3-LeaderElection18] INFO  impl.LeaderElection (LeaderElection.java:askForVotes(323)) - 1168ba7a-e337-4443-965f-a0107b7c0c08@group-56FF926B43B3-LeaderElection18 PRE_VOTE round 0: result REJECTED
2023-07-12 21:54:55,239 [1168ba7a-e337-4443-965f-a0107b7c0c08@group-56FF926B43B3-LeaderElection18] INFO  server.RaftServer$Division (RaftServerImpl.java:setRole(329)) - 1168ba7a-e337-4443-965f-a0107b7c0c08@group-56FF926B43B3: changes role from CANDIDATE to FOLLOWER at term 0 for REJECTED
2023-07-12 21:54:55,239 [1168ba7a-e337-4443-965f-a0107b7c0c08@group-56FF926B43B3-LeaderElection18] INFO  impl.RoleInfo (RoleInfo.java:shutdownLeaderElection(130)) - 1168ba7a-e337-4443-965f-a0107b7c0c08: shutdown 1168ba7a-e337-4443-965f-a0107b7c0c08@group-56FF926B43B3-LeaderElection18
2023-07-12 21:54:55,239 [1168ba7a-e337-4443-965f-a0107b7c0c08@group-56FF926B43B3-LeaderElection18] INFO  impl.RoleInfo (RoleInfo.java:updateAndGet(139)) - 1168ba7a-e337-4443-965f-a0107b7c0c08: start 1168ba7a-e337-4443-965f-a0107b7c0c08@group-56FF926B43B3-FollowerState
2023-07-12 21:54:55,307 [1168ba7a-e337-4443-965f-a0107b7c0c08@group-478376072D79-FollowerState] INFO  impl.FollowerState (FollowerState.java:run(143)) - 1168ba7a-e337-4443-965f-a0107b7c0c08@group-478376072D79-FollowerState: change to CANDIDATE, lastRpcElapsedTime:5018391264ns, electionTimeout:5016ms
2023-07-12 21:54:55,307 [1168ba7a-e337-4443-965f-a0107b7c0c08@group-478376072D79-FollowerState] INFO  impl.RoleInfo (RoleInfo.java:shutdownFollowerState(110)) - 1168ba7a-e337-4443-965f-a0107b7c0c08: shutdown 1168ba7a-e337-4443-965f-a0107b7c0c08@group-478376072D79-FollowerState
2023-07-12 21:54:55,307 [1168ba7a-e337-4443-965f-a0107b7c0c08@group-478376072D79-FollowerState] INFO  server.RaftServer$Division (RaftServerImpl.java:setRole(329)) - 1168ba7a-e337-4443-965f-a0107b7c0c08@group-478376072D79: changes role from  FOLLOWER to CANDIDATE at term 0 for changeToCandidate
2023-07-12 21:54:55,307 [1168ba7a-e337-4443-965f-a0107b7c0c08@group-478376072D79-FollowerState] INFO  server.RaftServerConfigKeys (ConfUtils.java:logGet(46)) - raft.server.leaderelection.pre-vote = true (default)
2023-07-12 21:54:55,308 [1168ba7a-e337-4443-965f-a0107b7c0c08@group-478376072D79-FollowerState] INFO  impl.RoleInfo (RoleInfo.java:updateAndGet(139)) - 1168ba7a-e337-4443-965f-a0107b7c0c08: start 1168ba7a-e337-4443-965f-a0107b7c0c08@group-478376072D79-LeaderElection19
2023-07-12 21:54:55,309 [1168ba7a-e337-4443-965f-a0107b7c0c08@group-478376072D79-LeaderElection19] INFO  impl.LeaderElection (LeaderElection.java:askForVotes(321)) - 1168ba7a-e337-4443-965f-a0107b7c0c08@group-478376072D79-LeaderElection19 PRE_VOTE round 0: submit vote requests at term 0 for -1: peers:[840e6222-e2bf-4d59-97a6-2daf7d45cde1|rpc:10.1.0.20:15093|admin:10.1.0.20:15092|client:10.1.0.20:15091|dataStream:10.1.0.20:15094|priority:0|startupRole:FOLLOWER, 1168ba7a-e337-4443-965f-a0107b7c0c08|rpc:10.1.0.20:15084|admin:10.1.0.20:15083|client:10.1.0.20:15082|dataStream:10.1.0.20:15085|priority:0|startupRole:FOLLOWER, a280a4f0-76da-400d-9632-7196842d80a6|rpc:10.1.0.20:15102|admin:10.1.0.20:15101|client:10.1.0.20:15100|dataStream:10.1.0.20:15103|priority:1|startupRole:FOLLOWER]|listeners:[], old=null
2023-07-12 21:54:55,309 [1168ba7a-e337-4443-965f-a0107b7c0c08@group-478376072D79-LeaderElection19] INFO  server.RaftServerConfigKeys (ConfUtils.java:logFallback(53)) - raft.server.rpc.first-election.timeout.min = 5s (fallback to raft.server.rpc.timeout.min)
2023-07-12 21:54:55,309 [1168ba7a-e337-4443-965f-a0107b7c0c08@group-478376072D79-LeaderElection19] INFO  server.RaftServerConfigKeys (ConfUtils.java:logFallback(53)) - raft.server.rpc.first-election.timeout.max = 5200ms (fallback to raft.server.rpc.timeout.max)
2023-07-12 21:54:55,319 [grpc-default-executor-0] INFO  server.RaftServer$Division (RaftServerImpl.java:requestVote(1302)) - 840e6222-e2bf-4d59-97a6-2daf7d45cde1@group-478376072D79: receive requestVote(PRE_VOTE, 1168ba7a-e337-4443-965f-a0107b7c0c08, group-478376072D79, 0, (t:0, i:0))
2023-07-12 21:54:55,319 [grpc-default-executor-0] INFO  impl.VoteContext (VoteContext.java:log(49)) - 840e6222-e2bf-4d59-97a6-2daf7d45cde1@group-478376072D79-FOLLOWER: accept PRE_VOTE from 1168ba7a-e337-4443-965f-a0107b7c0c08: our priority 0 <= candidate's priority 0
2023-07-12 21:54:55,319 [grpc-default-executor-0] INFO  server.RaftServer$Division (RaftServerImpl.java:requestVote(1335)) - 840e6222-e2bf-4d59-97a6-2daf7d45cde1@group-478376072D79 replies to PRE_VOTE vote request: 1168ba7a-e337-4443-965f-a0107b7c0c08<-840e6222-e2bf-4d59-97a6-2daf7d45cde1#0:OK-t0. Peer's state: 840e6222-e2bf-4d59-97a6-2daf7d45cde1@group-478376072D79:t0, leader=null, voted=, raftlog=Memoized:840e6222-e2bf-4d59-97a6-2daf7d45cde1@group-478376072D79-SegmentedRaftLog:OPENED:c-1, conf=-1: peers:[840e6222-e2bf-4d59-97a6-2daf7d45cde1|rpc:10.1.0.20:15093|admin:10.1.0.20:15092|client:10.1.0.20:15091|dataStream:10.1.0.20:15094|priority:0|startupRole:FOLLOWER, 1168ba7a-e337-4443-965f-a0107b7c0c08|rpc:10.1.0.20:15084|admin:10.1.0.20:15083|client:10.1.0.20:15082|dataStream:10.1.0.20:15085|priority:0|startupRole:FOLLOWER, a280a4f0-76da-400d-9632-7196842d80a6|rpc:10.1.0.20:15102|admin:10.1.0.20:15101|client:10.1.0.20:15100|dataStream:10.1.0.20:15103|priority:1|startupRole:FOLLOWER]|listeners:[], old=null
2023-07-12 21:54:55,321 [grpc-default-executor-1] INFO  server.RaftServer$Division (RaftServerImpl.java:requestVote(1302)) - a280a4f0-76da-400d-9632-7196842d80a6@group-478376072D79: receive requestVote(PRE_VOTE, 1168ba7a-e337-4443-965f-a0107b7c0c08, group-478376072D79, 0, (t:0, i:0))
2023-07-12 21:54:55,323 [grpc-default-executor-1] INFO  impl.VoteContext (VoteContext.java:log(49)) - a280a4f0-76da-400d-9632-7196842d80a6@group-478376072D79-FOLLOWER: reject PRE_VOTE from 1168ba7a-e337-4443-965f-a0107b7c0c08: our priority 1 > candidate's priority 0
2023-07-12 21:54:55,323 [grpc-default-executor-1] INFO  server.RaftServer$Division (RaftServerImpl.java:requestVote(1335)) - a280a4f0-76da-400d-9632-7196842d80a6@group-478376072D79 replies to PRE_VOTE vote request: 1168ba7a-e337-4443-965f-a0107b7c0c08<-a280a4f0-76da-400d-9632-7196842d80a6#0:FAIL-t0. Peer's state: a280a4f0-76da-400d-9632-7196842d80a6@group-478376072D79:t0, leader=null, voted=, raftlog=Memoized:a280a4f0-76da-400d-9632-7196842d80a6@group-478376072D79-SegmentedRaftLog:OPENED:c-1, conf=-1: peers:[840e6222-e2bf-4d59-97a6-2daf7d45cde1|rpc:10.1.0.20:15093|admin:10.1.0.20:15092|client:10.1.0.20:15091|dataStream:10.1.0.20:15094|priority:0|startupRole:FOLLOWER, 1168ba7a-e337-4443-965f-a0107b7c0c08|rpc:10.1.0.20:15084|admin:10.1.0.20:15083|client:10.1.0.20:15082|dataStream:10.1.0.20:15085|priority:0|startupRole:FOLLOWER, a280a4f0-76da-400d-9632-7196842d80a6|rpc:10.1.0.20:15102|admin:10.1.0.20:15101|client:10.1.0.20:15100|dataStream:10.1.0.20:15103|priority:1|startupRole:FOLLOWER]|listeners:[], old=null
2023-07-12 21:54:55,324 [1168ba7a-e337-4443-965f-a0107b7c0c08@group-478376072D79-LeaderElection19] INFO  impl.LeaderElection (LeaderElection.java:logAndReturn(90)) - 1168ba7a-e337-4443-965f-a0107b7c0c08@group-478376072D79-LeaderElection19: PRE_VOTE REJECTED received 2 response(s) and 0 exception(s):
2023-07-12 21:54:55,324 [1168ba7a-e337-4443-965f-a0107b7c0c08@group-478376072D79-LeaderElection19] INFO  impl.LeaderElection (LeaderElection.java:logAndReturn(94)) -   Response 0: 1168ba7a-e337-4443-965f-a0107b7c0c08<-840e6222-e2bf-4d59-97a6-2daf7d45cde1#0:OK-t0
2023-07-12 21:54:55,324 [1168ba7a-e337-4443-965f-a0107b7c0c08@group-478376072D79-LeaderElection19] INFO  impl.LeaderElection (LeaderElection.java:logAndReturn(94)) -   Response 1: 1168ba7a-e337-4443-965f-a0107b7c0c08<-a280a4f0-76da-400d-9632-7196842d80a6#0:FAIL-t0
2023-07-12 21:54:55,324 [1168ba7a-e337-4443-965f-a0107b7c0c08@group-478376072D79-LeaderElection19] INFO  impl.LeaderElection (LeaderElection.java:askForVotes(323)) - 1168ba7a-e337-4443-965f-a0107b7c0c08@group-478376072D79-LeaderElection19 PRE_VOTE round 0: result REJECTED
2023-07-12 21:54:55,324 [1168ba7a-e337-4443-965f-a0107b7c0c08@group-478376072D79-LeaderElection19] INFO  server.RaftServer$Division (RaftServerImpl.java:setRole(329)) - 1168ba7a-e337-4443-965f-a0107b7c0c08@group-478376072D79: changes role from CANDIDATE to FOLLOWER at term 0 for REJECTED
2023-07-12 21:54:55,324 [1168ba7a-e337-4443-965f-a0107b7c0c08@group-478376072D79-LeaderElection19] INFO  impl.RoleInfo (RoleInfo.java:shutdownLeaderElection(130)) - 1168ba7a-e337-4443-965f-a0107b7c0c08: shutdown 1168ba7a-e337-4443-965f-a0107b7c0c08@group-478376072D79-LeaderElection19
2023-07-12 21:54:55,324 [1168ba7a-e337-4443-965f-a0107b7c0c08@group-478376072D79-LeaderElection19] INFO  impl.RoleInfo (RoleInfo.java:updateAndGet(139)) - 1168ba7a-e337-4443-965f-a0107b7c0c08: start 1168ba7a-e337-4443-965f-a0107b7c0c08@group-478376072D79-FollowerState
2023-07-12 21:54:55,344 [a280a4f0-76da-400d-9632-7196842d80a6@group-56FF926B43B3-FollowerState] INFO  server.RaftServerConfigKeys (ConfUtils.java:logFallback(53)) - raft.server.rpc.first-election.timeout.min = 5s (fallback to raft.server.rpc.timeout.min)
2023-07-12 21:54:55,344 [a280a4f0-76da-400d-9632-7196842d80a6@group-56FF926B43B3-FollowerState] INFO  server.RaftServerConfigKeys (ConfUtils.java:logFallback(53)) - raft.server.rpc.first-election.timeout.max = 5200ms (fallback to raft.server.rpc.timeout.max)
2023-07-12 21:54:55,356 [840e6222-e2bf-4d59-97a6-2daf7d45cde1@group-56FF926B43B3-FollowerState] INFO  impl.FollowerState (FollowerState.java:run(143)) - 840e6222-e2bf-4d59-97a6-2daf7d45cde1@group-56FF926B43B3-FollowerState: change to CANDIDATE, lastRpcElapsedTime:5126753896ns, electionTimeout:5122ms
2023-07-12 21:54:55,356 [840e6222-e2bf-4d59-97a6-2daf7d45cde1@group-56FF926B43B3-FollowerState] INFO  impl.RoleInfo (RoleInfo.java:shutdownFollowerState(110)) - 840e6222-e2bf-4d59-97a6-2daf7d45cde1: shutdown 840e6222-e2bf-4d59-97a6-2daf7d45cde1@group-56FF926B43B3-FollowerState
2023-07-12 21:54:55,356 [840e6222-e2bf-4d59-97a6-2daf7d45cde1@group-56FF926B43B3-FollowerState] INFO  server.RaftServer$Division (RaftServerImpl.java:setRole(329)) - 840e6222-e2bf-4d59-97a6-2daf7d45cde1@group-56FF926B43B3: changes role from  FOLLOWER to CANDIDATE at term 0 for changeToCandidate
2023-07-12 21:54:55,357 [840e6222-e2bf-4d59-97a6-2daf7d45cde1@group-56FF926B43B3-FollowerState] INFO  server.RaftServerConfigKeys (ConfUtils.java:logGet(46)) - raft.server.leaderelection.pre-vote = true (default)
2023-07-12 21:54:55,357 [840e6222-e2bf-4d59-97a6-2daf7d45cde1@group-56FF926B43B3-FollowerState] INFO  impl.RoleInfo (RoleInfo.java:updateAndGet(139)) - 840e6222-e2bf-4d59-97a6-2daf7d45cde1: start 840e6222-e2bf-4d59-97a6-2daf7d45cde1@group-56FF926B43B3-LeaderElection20
2023-07-12 21:54:55,361 [840e6222-e2bf-4d59-97a6-2daf7d45cde1@group-56FF926B43B3-LeaderElection20] INFO  impl.LeaderElection (LeaderElection.java:askForVotes(321)) - 840e6222-e2bf-4d59-97a6-2daf7d45cde1@group-56FF926B43B3-LeaderElection20 PRE_VOTE round 0: submit vote requests at term 0 for -1: peers:[840e6222-e2bf-4d59-97a6-2daf7d45cde1|rpc:10.1.0.20:15093|admin:10.1.0.20:15092|client:10.1.0.20:15091|dataStream:10.1.0.20:15094|priority:1|startupRole:FOLLOWER, 1168ba7a-e337-4443-965f-a0107b7c0c08|rpc:10.1.0.20:15084|admin:10.1.0.20:15083|client:10.1.0.20:15082|dataStream:10.1.0.20:15085|priority:0|startupRole:FOLLOWER, a280a4f0-76da-400d-9632-7196842d80a6|rpc:10.1.0.20:15102|admin:10.1.0.20:15101|client:10.1.0.20:15100|dataStream:10.1.0.20:15103|priority:0|startupRole:FOLLOWER]|listeners:[], old=null
2023-07-12 21:54:55,361 [840e6222-e2bf-4d59-97a6-2daf7d45cde1@group-56FF926B43B3-LeaderElection20] INFO  server.RaftServerConfigKeys (ConfUtils.java:logFallback(53)) - raft.server.rpc.first-election.timeout.min = 5s (fallback to raft.server.rpc.timeout.min)
2023-07-12 21:54:55,361 [840e6222-e2bf-4d59-97a6-2daf7d45cde1@group-56FF926B43B3-LeaderElection20-1] INFO  server.GrpcServerProtocolClient (GrpcServerProtocolClient.java:<init>(65)) - Build channel for 1168ba7a-e337-4443-965f-a0107b7c0c08
2023-07-12 21:54:55,361 [840e6222-e2bf-4d59-97a6-2daf7d45cde1@group-56FF926B43B3-LeaderElection20-2] INFO  server.GrpcServerProtocolClient (GrpcServerProtocolClient.java:<init>(65)) - Build channel for a280a4f0-76da-400d-9632-7196842d80a6
2023-07-12 21:54:55,361 [840e6222-e2bf-4d59-97a6-2daf7d45cde1@group-56FF926B43B3-LeaderElection20] INFO  server.RaftServerConfigKeys (ConfUtils.java:logFallback(53)) - raft.server.rpc.first-election.timeout.max = 5200ms (fallback to raft.server.rpc.timeout.max)
2023-07-12 21:54:55,374 [grpc-default-executor-1] INFO  server.RaftServer$Division (RaftServerImpl.java:requestVote(1302)) - 1168ba7a-e337-4443-965f-a0107b7c0c08@group-56FF926B43B3: receive requestVote(PRE_VOTE, 840e6222-e2bf-4d59-97a6-2daf7d45cde1, group-56FF926B43B3, 0, (t:0, i:0))
2023-07-12 21:54:55,374 [grpc-default-executor-1] INFO  impl.VoteContext (VoteContext.java:log(49)) - 1168ba7a-e337-4443-965f-a0107b7c0c08@group-56FF926B43B3-FOLLOWER: accept PRE_VOTE from 840e6222-e2bf-4d59-97a6-2daf7d45cde1: our priority 0 <= candidate's priority 1
2023-07-12 21:54:55,374 [grpc-default-executor-1] INFO  server.RaftServer$Division (RaftServerImpl.java:requestVote(1335)) - 1168ba7a-e337-4443-965f-a0107b7c0c08@group-56FF926B43B3 replies to PRE_VOTE vote request: 840e6222-e2bf-4d59-97a6-2daf7d45cde1<-1168ba7a-e337-4443-965f-a0107b7c0c08#0:OK-t0. Peer's state: 1168ba7a-e337-4443-965f-a0107b7c0c08@group-56FF926B43B3:t0, leader=null, voted=, raftlog=Memoized:1168ba7a-e337-4443-965f-a0107b7c0c08@group-56FF926B43B3-SegmentedRaftLog:OPENED:c-1, conf=-1: peers:[840e6222-e2bf-4d59-97a6-2daf7d45cde1|rpc:10.1.0.20:15093|admin:10.1.0.20:15092|client:10.1.0.20:15091|dataStream:10.1.0.20:15094|priority:1|startupRole:FOLLOWER, 1168ba7a-e337-4443-965f-a0107b7c0c08|rpc:10.1.0.20:15084|admin:10.1.0.20:15083|client:10.1.0.20:15082|dataStream:10.1.0.20:15085|priority:0|startupRole:FOLLOWER, a280a4f0-76da-400d-9632-7196842d80a6|rpc:10.1.0.20:15102|admin:10.1.0.20:15101|client:10.1.0.20:15100|dataStream:10.1.0.20:15103|priority:0|startupRole:FOLLOWER]|listeners:[], old=null
2023-07-12 21:54:55,375 [a280a4f0-76da-400d-9632-7196842d80a6@group-478376072D79-FollowerState] INFO  impl.FollowerState (FollowerState.java:run(143)) - a280a4f0-76da-400d-9632-7196842d80a6@group-478376072D79-FollowerState: change to CANDIDATE, lastRpcElapsedTime:5056478013ns, electionTimeout:5055ms
2023-07-12 21:54:55,375 [a280a4f0-76da-400d-9632-7196842d80a6@group-478376072D79-FollowerState] INFO  impl.RoleInfo (RoleInfo.java:shutdownFollowerState(110)) - a280a4f0-76da-400d-9632-7196842d80a6: shutdown a280a4f0-76da-400d-9632-7196842d80a6@group-478376072D79-FollowerState
2023-07-12 21:54:55,375 [a280a4f0-76da-400d-9632-7196842d80a6@group-478376072D79-FollowerState] INFO  server.RaftServer$Division (RaftServerImpl.java:setRole(329)) - a280a4f0-76da-400d-9632-7196842d80a6@group-478376072D79: changes role from  FOLLOWER to CANDIDATE at term 0 for changeToCandidate
2023-07-12 21:54:55,375 [a280a4f0-76da-400d-9632-7196842d80a6@group-478376072D79-FollowerState] INFO  server.RaftServerConfigKeys (ConfUtils.java:logGet(46)) - raft.server.leaderelection.pre-vote = true (default)
2023-07-12 21:54:55,375 [a280a4f0-76da-400d-9632-7196842d80a6@group-478376072D79-FollowerState] INFO  impl.RoleInfo (RoleInfo.java:updateAndGet(139)) - a280a4f0-76da-400d-9632-7196842d80a6: start a280a4f0-76da-400d-9632-7196842d80a6@group-478376072D79-LeaderElection21
2023-07-12 21:54:55,377 [grpc-default-executor-0] INFO  server.RaftServer$Division (RaftServerImpl.java:requestVote(1302)) - a280a4f0-76da-400d-9632-7196842d80a6@group-56FF926B43B3: receive requestVote(PRE_VOTE, 840e6222-e2bf-4d59-97a6-2daf7d45cde1, group-56FF926B43B3, 0, (t:0, i:0))
2023-07-12 21:54:55,377 [grpc-default-executor-0] INFO  impl.VoteContext (VoteContext.java:log(49)) - a280a4f0-76da-400d-9632-7196842d80a6@group-56FF926B43B3-FOLLOWER: accept PRE_VOTE from 840e6222-e2bf-4d59-97a6-2daf7d45cde1: our priority 0 <= candidate's priority 1
2023-07-12 21:54:55,377 [grpc-default-executor-0] INFO  server.RaftServer$Division (RaftServerImpl.java:requestVote(1335)) - a280a4f0-76da-400d-9632-7196842d80a6@group-56FF926B43B3 replies to PRE_VOTE vote request: 840e6222-e2bf-4d59-97a6-2daf7d45cde1<-a280a4f0-76da-400d-9632-7196842d80a6#0:OK-t0. Peer's state: a280a4f0-76da-400d-9632-7196842d80a6@group-56FF926B43B3:t0, leader=null, voted=, raftlog=Memoized:a280a4f0-76da-400d-9632-7196842d80a6@group-56FF926B43B3-SegmentedRaftLog:OPENED:c-1, conf=-1: peers:[840e6222-e2bf-4d59-97a6-2daf7d45cde1|rpc:10.1.0.20:15093|admin:10.1.0.20:15092|client:10.1.0.20:15091|dataStream:10.1.0.20:15094|priority:1|startupRole:FOLLOWER, 1168ba7a-e337-4443-965f-a0107b7c0c08|rpc:10.1.0.20:15084|admin:10.1.0.20:15083|client:10.1.0.20:15082|dataStream:10.1.0.20:15085|priority:0|startupRole:FOLLOWER, a280a4f0-76da-400d-9632-7196842d80a6|rpc:10.1.0.20:15102|admin:10.1.0.20:15101|client:10.1.0.20:15100|dataStream:10.1.0.20:15103|priority:0|startupRole:FOLLOWER]|listeners:[], old=null
2023-07-12 21:54:55,378 [840e6222-e2bf-4d59-97a6-2daf7d45cde1@group-56FF926B43B3-LeaderElection20] INFO  impl.LeaderElection (LeaderElection.java:logAndReturn(90)) - 840e6222-e2bf-4d59-97a6-2daf7d45cde1@group-56FF926B43B3-LeaderElection20: PRE_VOTE PASSED received 1 response(s) and 0 exception(s):
2023-07-12 21:54:55,378 [840e6222-e2bf-4d59-97a6-2daf7d45cde1@group-56FF926B43B3-LeaderElection20] INFO  impl.LeaderElection (LeaderElection.java:logAndReturn(94)) -   Response 0: 840e6222-e2bf-4d59-97a6-2daf7d45cde1<-1168ba7a-e337-4443-965f-a0107b7c0c08#0:OK-t0
2023-07-12 21:54:55,378 [840e6222-e2bf-4d59-97a6-2daf7d45cde1@group-56FF926B43B3-LeaderElection20] INFO  impl.LeaderElection (LeaderElection.java:askForVotes(323)) - 840e6222-e2bf-4d59-97a6-2daf7d45cde1@group-56FF926B43B3-LeaderElection20 PRE_VOTE round 0: result PASSED
2023-07-12 21:54:55,380 [840e6222-e2bf-4d59-97a6-2daf7d45cde1@group-56FF926B43B3-LeaderElection20] INFO  impl.LeaderElection (LeaderElection.java:askForVotes(321)) - 840e6222-e2bf-4d59-97a6-2daf7d45cde1@group-56FF926B43B3-LeaderElection20 ELECTION round 0: submit vote requests at term 1 for -1: peers:[840e6222-e2bf-4d59-97a6-2daf7d45cde1|rpc:10.1.0.20:15093|admin:10.1.0.20:15092|client:10.1.0.20:15091|dataStream:10.1.0.20:15094|priority:1|startupRole:FOLLOWER, 1168ba7a-e337-4443-965f-a0107b7c0c08|rpc:10.1.0.20:15084|admin:10.1.0.20:15083|client:10.1.0.20:15082|dataStream:10.1.0.20:15085|priority:0|startupRole:FOLLOWER, a280a4f0-76da-400d-9632-7196842d80a6|rpc:10.1.0.20:15102|admin:10.1.0.20:15101|client:10.1.0.20:15100|dataStream:10.1.0.20:15103|priority:0|startupRole:FOLLOWER]|listeners:[], old=null
2023-07-12 21:54:55,380 [a280a4f0-76da-400d-9632-7196842d80a6@group-478376072D79-LeaderElection21] INFO  impl.LeaderElection (LeaderElection.java:askForVotes(321)) - a280a4f0-76da-400d-9632-7196842d80a6@group-478376072D79-LeaderElection21 PRE_VOTE round 0: submit vote requests at term 0 for -1: peers:[840e6222-e2bf-4d59-97a6-2daf7d45cde1|rpc:10.1.0.20:15093|admin:10.1.0.20:15092|client:10.1.0.20:15091|dataStream:10.1.0.20:15094|priority:0|startupRole:FOLLOWER, 1168ba7a-e337-4443-965f-a0107b7c0c08|rpc:10.1.0.20:15084|admin:10.1.0.20:15083|client:10.1.0.20:15082|dataStream:10.1.0.20:15085|priority:0|startupRole:FOLLOWER, a280a4f0-76da-400d-9632-7196842d80a6|rpc:10.1.0.20:15102|admin:10.1.0.20:15101|client:10.1.0.20:15100|dataStream:10.1.0.20:15103|priority:1|startupRole:FOLLOWER]|listeners:[], old=null
2023-07-12 21:54:55,381 [840e6222-e2bf-4d59-97a6-2daf7d45cde1@group-56FF926B43B3-LeaderElection20] INFO  server.RaftServerConfigKeys (ConfUtils.java:logFallback(53)) - raft.server.rpc.first-election.timeout.min = 5s (fallback to raft.server.rpc.timeout.min)
2023-07-12 21:54:55,381 [840e6222-e2bf-4d59-97a6-2daf7d45cde1@group-56FF926B43B3-LeaderElection20] INFO  server.RaftServerConfigKeys (ConfUtils.java:logFallback(53)) - raft.server.rpc.first-election.timeout.max = 5200ms (fallback to raft.server.rpc.timeout.max)
2023-07-12 21:54:55,384 [grpc-default-executor-0] INFO  server.RaftServer$Division (RaftServerImpl.java:requestVote(1302)) - a280a4f0-76da-400d-9632-7196842d80a6@group-56FF926B43B3: receive requestVote(ELECTION, 840e6222-e2bf-4d59-97a6-2daf7d45cde1, group-56FF926B43B3, 1, (t:0, i:0))
2023-07-12 21:54:55,384 [grpc-default-executor-0] INFO  impl.VoteContext (VoteContext.java:log(49)) - a280a4f0-76da-400d-9632-7196842d80a6@group-56FF926B43B3-FOLLOWER: accept ELECTION from 840e6222-e2bf-4d59-97a6-2daf7d45cde1: our priority 0 <= candidate's priority 1
2023-07-12 21:54:55,384 [grpc-default-executor-0] INFO  server.RaftServer$Division (RaftServerImpl.java:setRole(329)) - a280a4f0-76da-400d-9632-7196842d80a6@group-56FF926B43B3: changes role from  FOLLOWER to FOLLOWER at term 1 for candidate:840e6222-e2bf-4d59-97a6-2daf7d45cde1
2023-07-12 21:54:55,384 [grpc-default-executor-0] INFO  impl.RoleInfo (RoleInfo.java:shutdownFollowerState(110)) - a280a4f0-76da-400d-9632-7196842d80a6: shutdown a280a4f0-76da-400d-9632-7196842d80a6@group-56FF926B43B3-FollowerState
2023-07-12 21:54:55,384 [grpc-default-executor-0] INFO  impl.RoleInfo (RoleInfo.java:updateAndGet(139)) - a280a4f0-76da-400d-9632-7196842d80a6: start a280a4f0-76da-400d-9632-7196842d80a6@group-56FF926B43B3-FollowerState
2023-07-12 21:54:55,388 [a280a4f0-76da-400d-9632-7196842d80a6@group-56FF926B43B3-FollowerState] INFO  impl.FollowerState (FollowerState.java:run(152)) - a280a4f0-76da-400d-9632-7196842d80a6@group-56FF926B43B3-FollowerState was interrupted
2023-07-12 21:54:55,389 [grpc-default-executor-0] INFO  server.RaftServer$Division (RaftServerImpl.java:requestVote(1335)) - a280a4f0-76da-400d-9632-7196842d80a6@group-56FF926B43B3 replies to ELECTION vote request: 840e6222-e2bf-4d59-97a6-2daf7d45cde1<-a280a4f0-76da-400d-9632-7196842d80a6#0:OK-t1. Peer's state: a280a4f0-76da-400d-9632-7196842d80a6@group-56FF926B43B3:t1, leader=null, voted=840e6222-e2bf-4d59-97a6-2daf7d45cde1, raftlog=Memoized:a280a4f0-76da-400d-9632-7196842d80a6@group-56FF926B43B3-SegmentedRaftLog:OPENED:c-1, conf=-1: peers:[840e6222-e2bf-4d59-97a6-2daf7d45cde1|rpc:10.1.0.20:15093|admin:10.1.0.20:15092|client:10.1.0.20:15091|dataStream:10.1.0.20:15094|priority:1|startupRole:FOLLOWER, 1168ba7a-e337-4443-965f-a0107b7c0c08|rpc:10.1.0.20:15084|admin:10.1.0.20:15083|client:10.1.0.20:15082|dataStream:10.1.0.20:15085|priority:0|startupRole:FOLLOWER, a280a4f0-76da-400d-9632-7196842d80a6|rpc:10.1.0.20:15102|admin:10.1.0.20:15101|client:10.1.0.20:15100|dataStream:10.1.0.20:15103|priority:0|startupRole:FOLLOWER]|listeners:[], old=null
2023-07-12 21:54:55,390 [840e6222-e2bf-4d59-97a6-2daf7d45cde1@group-56FF926B43B3-LeaderElection20] INFO  impl.LeaderElection (LeaderElection.java:logAndReturn(90)) - 840e6222-e2bf-4d59-97a6-2daf7d45cde1@group-56FF926B43B3-LeaderElection20: ELECTION PASSED received 1 response(s) and 0 exception(s):
2023-07-12 21:54:55,390 [840e6222-e2bf-4d59-97a6-2daf7d45cde1@group-56FF926B43B3-LeaderElection20] INFO  impl.LeaderElection (LeaderElection.java:logAndReturn(94)) -   Response 0: 840e6222-e2bf-4d59-97a6-2daf7d45cde1<-a280a4f0-76da-400d-9632-7196842d80a6#0:OK-t1
2023-07-12 21:54:55,390 [840e6222-e2bf-4d59-97a6-2daf7d45cde1@group-56FF926B43B3-LeaderElection20] INFO  impl.LeaderElection (LeaderElection.java:askForVotes(323)) - 840e6222-e2bf-4d59-97a6-2daf7d45cde1@group-56FF926B43B3-LeaderElection20 ELECTION round 0: result PASSED
2023-07-12 21:54:55,390 [840e6222-e2bf-4d59-97a6-2daf7d45cde1@group-56FF926B43B3-LeaderElection20] INFO  impl.RoleInfo (RoleInfo.java:shutdownLeaderElection(130)) - 840e6222-e2bf-4d59-97a6-2daf7d45cde1: shutdown 840e6222-e2bf-4d59-97a6-2daf7d45cde1@group-56FF926B43B3-LeaderElection20
2023-07-12 21:54:55,390 [840e6222-e2bf-4d59-97a6-2daf7d45cde1@group-56FF926B43B3-LeaderElection20] INFO  server.RaftServer$Division (RaftServerImpl.java:setRole(329)) - 840e6222-e2bf-4d59-97a6-2daf7d45cde1@group-56FF926B43B3: changes role from CANDIDATE to LEADER at term 1 for changeToLeader
2023-07-12 21:54:55,390 [840e6222-e2bf-4d59-97a6-2daf7d45cde1@group-56FF926B43B3-LeaderElection20] INFO  ratis.XceiverServerRatis (XceiverServerRatis.java:handleLeaderChangedNotification(902)) - Leader change notification received for group: group-56FF926B43B3 with new leaderId: 840e6222-e2bf-4d59-97a6-2daf7d45cde1
2023-07-12 21:54:55,393 [a280a4f0-76da-400d-9632-7196842d80a6@group-478376072D79-LeaderElection21] INFO  server.RaftServerConfigKeys (ConfUtils.java:logFallback(53)) - raft.server.rpc.first-election.timeout.min = 5s (fallback to raft.server.rpc.timeout.min)
2023-07-12 21:54:55,393 [a280a4f0-76da-400d-9632-7196842d80a6@group-478376072D79-LeaderElection21] INFO  server.RaftServerConfigKeys (ConfUtils.java:logFallback(53)) - raft.server.rpc.first-election.timeout.max = 5200ms (fallback to raft.server.rpc.timeout.max)
2023-07-12 21:54:55,397 [a280a4f0-76da-400d-9632-7196842d80a6@group-478376072D79-LeaderElection21-2] INFO  server.GrpcServerProtocolClient (GrpcServerProtocolClient.java:<init>(65)) - Build channel for 1168ba7a-e337-4443-965f-a0107b7c0c08
2023-07-12 21:54:55,397 [840e6222-e2bf-4d59-97a6-2daf7d45cde1@group-56FF926B43B3-LeaderElection20] INFO  server.RaftServer$Division (ServerState.java:setLeader(317)) - 840e6222-e2bf-4d59-97a6-2daf7d45cde1@group-56FF926B43B3: change Leader from null to 840e6222-e2bf-4d59-97a6-2daf7d45cde1 at term 1 for becomeLeader, leader elected after 5181ms
2023-07-12 21:54:55,398 [a280a4f0-76da-400d-9632-7196842d80a6@group-478376072D79-LeaderElection21-1] INFO  server.GrpcServerProtocolClient (GrpcServerProtocolClient.java:<init>(65)) - Build channel for 840e6222-e2bf-4d59-97a6-2daf7d45cde1
2023-07-12 21:54:55,398 [840e6222-e2bf-4d59-97a6-2daf7d45cde1@group-56FF926B43B3-LeaderElection20] INFO  server.RaftServerConfigKeys (ConfUtils.java:logGet(46)) - raft.server.staging.catchup.gap = 1000 (default)
2023-07-12 21:54:55,397 [840e6222-e2bf-4d59-97a6-2daf7d45cde1@group-478376072D79-FollowerState] INFO  server.RaftServerConfigKeys (ConfUtils.java:logFallback(53)) - raft.server.rpc.first-election.timeout.min = 5s (fallback to raft.server.rpc.timeout.min)
2023-07-12 21:54:55,398 [840e6222-e2bf-4d59-97a6-2daf7d45cde1@group-478376072D79-FollowerState] INFO  server.RaftServerConfigKeys (ConfUtils.java:logFallback(53)) - raft.server.rpc.first-election.timeout.max = 5200ms (fallback to raft.server.rpc.timeout.max)
2023-07-12 21:54:55,397 [grpc-default-executor-1] INFO  server.RaftServer$Division (RaftServerImpl.java:requestVote(1302)) - 1168ba7a-e337-4443-965f-a0107b7c0c08@group-56FF926B43B3: receive requestVote(ELECTION, 840e6222-e2bf-4d59-97a6-2daf7d45cde1, group-56FF926B43B3, 1, (t:0, i:0))
2023-07-12 21:54:55,398 [840e6222-e2bf-4d59-97a6-2daf7d45cde1@group-56FF926B43B3-LeaderElection20] INFO  server.RaftServerConfigKeys (ConfUtils.java:logGet(46)) - raft.server.write.element-limit = 1024 (custom)
2023-07-12 21:54:55,398 [840e6222-e2bf-4d59-97a6-2daf7d45cde1@group-56FF926B43B3-LeaderElection20] INFO  server.RaftServerConfigKeys (ConfUtils.java:logGet(46)) - raft.server.write.byte-limit = 1024 M (=1073741824) (custom)
2023-07-12 21:54:55,398 [grpc-default-executor-1] INFO  impl.VoteContext (VoteContext.java:log(49)) - 1168ba7a-e337-4443-965f-a0107b7c0c08@group-56FF926B43B3-FOLLOWER: accept ELECTION from 840e6222-e2bf-4d59-97a6-2daf7d45cde1: our priority 0 <= candidate's priority 1
2023-07-12 21:54:55,398 [grpc-default-executor-1] INFO  server.RaftServer$Division (RaftServerImpl.java:setRole(329)) - 1168ba7a-e337-4443-965f-a0107b7c0c08@group-56FF926B43B3: changes role from  FOLLOWER to FOLLOWER at term 1 for candidate:840e6222-e2bf-4d59-97a6-2daf7d45cde1
2023-07-12 21:54:55,398 [grpc-default-executor-1] INFO  impl.RoleInfo (RoleInfo.java:shutdownFollowerState(110)) - 1168ba7a-e337-4443-965f-a0107b7c0c08: shutdown 1168ba7a-e337-4443-965f-a0107b7c0c08@group-56FF926B43B3-FollowerState
2023-07-12 21:54:55,398 [840e6222-e2bf-4d59-97a6-2daf7d45cde1@group-56FF926B43B3-LeaderElection20] INFO  server.RaftServerConfigKeys (ConfUtils.java:logGet(46)) - raft.server.watch.timeout = 180s (custom)
2023-07-12 21:54:55,398 [grpc-default-executor-1] INFO  impl.RoleInfo (RoleInfo.java:updateAndGet(139)) - 1168ba7a-e337-4443-965f-a0107b7c0c08: start 1168ba7a-e337-4443-965f-a0107b7c0c08@group-56FF926B43B3-FollowerState
2023-07-12 21:54:55,398 [840e6222-e2bf-4d59-97a6-2daf7d45cde1@group-56FF926B43B3-LeaderElection20] INFO  server.RaftServerConfigKeys (ConfUtils.java:logGet(46)) - raft.server.watch.timeout.denomination = 1s (default)
2023-07-12 21:54:55,398 [840e6222-e2bf-4d59-97a6-2daf7d45cde1@group-56FF926B43B3-LeaderElection20] INFO  server.RaftServerConfigKeys (ConfUtils.java:logGet(46)) - raft.server.watch.element-limit = 65536 (default)
2023-07-12 21:54:55,398 [840e6222-e2bf-4d59-97a6-2daf7d45cde1@group-56FF926B43B3-LeaderElection20] INFO  server.RaftServerConfigKeys (ConfUtils.java:logGet(46)) - raft.server.write.element-limit = 1024 (custom)
2023-07-12 21:54:55,398 [840e6222-e2bf-4d59-97a6-2daf7d45cde1@group-56FF926B43B3-LeaderElection20] INFO  server.RaftServerConfigKeys (ConfUtils.java:logGet(46)) - raft.server.write.follower.gap.ratio.max = -1.0 (default)
2023-07-12 21:54:55,399 [840e6222-e2bf-4d59-97a6-2daf7d45cde1@group-56FF926B43B3-LeaderElection20] INFO  server.RaftServerConfigKeys (ConfUtils.java:logGet(46)) - raft.server.log.appender.snapshot.chunk.size.max = 16MB (=16777216) (default)
2023-07-12 21:54:55,399 [840e6222-e2bf-4d59-97a6-2daf7d45cde1@group-56FF926B43B3-LeaderElection20] INFO  server.RaftServerConfigKeys (ConfUtils.java:logGet(46)) - raft.server.log.appender.buffer.byte-limit = 33554432 (custom)
2023-07-12 21:54:55,399 [840e6222-e2bf-4d59-97a6-2daf7d45cde1@group-56FF926B43B3-LeaderElection20] INFO  server.RaftServerConfigKeys (ConfUtils.java:logGet(46)) - raft.server.log.appender.buffer.element-limit = 1 (custom)
2023-07-12 21:54:55,401 [1168ba7a-e337-4443-965f-a0107b7c0c08@group-56FF926B43B3-FollowerState] INFO  impl.FollowerState (FollowerState.java:run(152)) - 1168ba7a-e337-4443-965f-a0107b7c0c08@group-56FF926B43B3-FollowerState was interrupted
2023-07-12 21:54:55,406 [EventQueue-OpenPipelineForHealthyPipelineSafeModeRule] INFO  safemode.SCMSafeModeManager (HealthyPipelineSafeModeRule.java:process(137)) - SCM in safe mode. Healthy pipelines reported count is 0, required healthy pipeline reported count is 1
2023-07-12 21:54:55,406 [EventQueue-PipelineReportForPipelineReportHandler] INFO  pipeline.PipelineReportHandler (PipelineReportHandler.java:processPipelineReport(136)) - Opened pipeline PipelineID=2332d8cf-7381-4c10-ac90-56ff926b43b3
2023-07-12 21:54:55,407 [EventQueue-OpenPipelineForHealthyPipelineSafeModeRule] INFO  safemode.SCMSafeModeManager (HealthyPipelineSafeModeRule.java:process(137)) - SCM in safe mode. Healthy pipelines reported count is 1, required healthy pipeline reported count is 1
2023-07-12 21:54:55,407 [EventQueue-OpenPipelineForHealthyPipelineSafeModeRule] INFO  safemode.SCMSafeModeManager (SCMSafeModeManager.java:validateSafeModeExitRules(200)) - HealthyPipelineSafeModeRule rule is successfully validated
2023-07-12 21:54:55,407 [EventQueue-OpenPipelineForHealthyPipelineSafeModeRule] INFO  safemode.SCMSafeModeManager (SCMSafeModeManager.java:validateSafeModeExitRules(215)) - ScmSafeModeManager, all rules are successfully validated
2023-07-12 21:54:55,407 [EventQueue-OpenPipelineForHealthyPipelineSafeModeRule] INFO  safemode.SCMSafeModeManager (SCMSafeModeManager.java:exitSafeMode(244)) - SCM exiting safe mode.
2023-07-12 21:54:55,407 [EventQueue-OpenPipelineForHealthyPipelineSafeModeRule] INFO  ha.SCMContext (SCMContext.java:updateSafeModeStatus(228)) - Update SafeModeStatus from SafeModeStatus{safeModeStatus=true, preCheckPassed=true} to SafeModeStatus{safeModeStatus=false, preCheckPassed=true}.
2023-07-12 21:54:55,407 [EventQueue-OpenPipelineForHealthyPipelineSafeModeRule] INFO  pipeline.BackgroundPipelineCreator (BackgroundPipelineCreator.java:notifyStatusChanged(255)) - Service BackgroundPipelineCreator transitions to RUNNING.
2023-07-12 21:54:55,407 [EventQueue-OpenPipelineForHealthyPipelineSafeModeRule] INFO  BackgroundPipelineScrubber (BackgroundSCMService.java:notifyStatusChanged(82)) - Service BackgroundPipelineScrubber transitions to RUNNING.
2023-07-12 21:54:55,407 [EventQueue-OpenPipelineForHealthyPipelineSafeModeRule] INFO  ExpiredContainerReplicaOpScrubber (BackgroundSCMService.java:notifyStatusChanged(82)) - Service ExpiredContainerReplicaOpScrubber transitions to RUNNING.
2023-07-12 21:54:55,407 [EventQueue-OpenPipelineForHealthyPipelineSafeModeRule] INFO  replication.ReplicationManager (ReplicationManager.java:notifyStatusChanged(1366)) - Service ReplicationManager transitions to RUNNING.
2023-07-12 21:54:55,407 [EventQueue-OpenPipelineForHealthyPipelineSafeModeRule] WARN  balancer.ContainerBalancer (ContainerBalancer.java:shouldRun(134)) - Could not find persisted configuration for ContainerBalancer when checking if ContainerBalancer should run. ContainerBalancer should not run now.
2023-07-12 21:54:55,408 [840e6222-e2bf-4d59-97a6-2daf7d45cde1@group-56FF926B43B3-LeaderElection20] INFO  server.RaftServerConfigKeys (ConfUtils.java:logGet(46)) - raft.server.log.appender.wait-time.min = 10ms (default)
2023-07-12 21:54:55,408 [840e6222-e2bf-4d59-97a6-2daf7d45cde1@group-56FF926B43B3-LeaderElection20] INFO  grpc.GrpcConfigKeys (ConfUtils.java:logGet(46)) - raft.grpc.server.leader.outstanding.appends.max = 128 (default)
2023-07-12 21:54:55,408 [840e6222-e2bf-4d59-97a6-2daf7d45cde1@group-56FF926B43B3-LeaderElection20] INFO  server.RaftServerConfigKeys (ConfUtils.java:logGet(46)) - raft.server.rpc.request.timeout = 60s (custom)
2023-07-12 21:54:55,408 [840e6222-e2bf-4d59-97a6-2daf7d45cde1@group-56FF926B43B3-LeaderElection20] INFO  grpc.GrpcConfigKeys (ConfUtils.java:logGet(46)) - raft.grpc.server.install_snapshot.request.element-limit = 8 (default)
2023-07-12 21:54:55,409 [840e6222-e2bf-4d59-97a6-2daf7d45cde1@group-56FF926B43B3-LeaderElection20] INFO  grpc.GrpcConfigKeys (ConfUtils.java:logGet(46)) - raft.grpc.server.install_snapshot.request.timeout = 3000ms (default)
2023-07-12 21:54:55,409 [840e6222-e2bf-4d59-97a6-2daf7d45cde1@group-56FF926B43B3-LeaderElection20] INFO  server.RaftServerConfigKeys (ConfUtils.java:logGet(46)) - raft.server.log.appender.install.snapshot.enabled = false (custom)
2023-07-12 21:54:55,409 [840e6222-e2bf-4d59-97a6-2daf7d45cde1@group-56FF926B43B3-LeaderElection20] INFO  grpc.GrpcConfigKeys (ConfUtils.java:logGet(46)) - raft.grpc.server.heartbeat.channel = true (default)
2023-07-12 21:54:55,409 [840e6222-e2bf-4d59-97a6-2daf7d45cde1@group-56FF926B43B3-LeaderElection20] INFO  server.RaftServerConfigKeys (ConfUtils.java:logGet(46)) - raft.server.log.appender.snapshot.chunk.size.max = 16MB (=16777216) (default)
2023-07-12 21:54:55,409 [840e6222-e2bf-4d59-97a6-2daf7d45cde1@group-56FF926B43B3-LeaderElection20] INFO  server.RaftServerConfigKeys (ConfUtils.java:logGet(46)) - raft.server.log.appender.buffer.byte-limit = 33554432 (custom)
2023-07-12 21:54:55,409 [840e6222-e2bf-4d59-97a6-2daf7d45cde1@group-56FF926B43B3-LeaderElection20] INFO  server.RaftServerConfigKeys (ConfUtils.java:logGet(46)) - raft.server.log.appender.buffer.element-limit = 1 (custom)
2023-07-12 21:54:55,409 [840e6222-e2bf-4d59-97a6-2daf7d45cde1@group-56FF926B43B3-LeaderElection20] INFO  server.RaftServerConfigKeys (ConfUtils.java:logGet(46)) - raft.server.log.appender.wait-time.min = 10ms (default)
2023-07-12 21:54:55,409 [840e6222-e2bf-4d59-97a6-2daf7d45cde1@group-56FF926B43B3-LeaderElection20] INFO  grpc.GrpcConfigKeys (ConfUtils.java:logGet(46)) - raft.grpc.server.leader.outstanding.appends.max = 128 (default)
2023-07-12 21:54:55,409 [840e6222-e2bf-4d59-97a6-2daf7d45cde1@group-56FF926B43B3-LeaderElection20] INFO  server.RaftServerConfigKeys (ConfUtils.java:logGet(46)) - raft.server.rpc.request.timeout = 60s (custom)
2023-07-12 21:54:55,409 [840e6222-e2bf-4d59-97a6-2daf7d45cde1@group-56FF926B43B3-LeaderElection20] INFO  grpc.GrpcConfigKeys (ConfUtils.java:logGet(46)) - raft.grpc.server.install_snapshot.request.element-limit = 8 (default)
2023-07-12 21:54:55,409 [840e6222-e2bf-4d59-97a6-2daf7d45cde1@group-56FF926B43B3-LeaderElection20] INFO  grpc.GrpcConfigKeys (ConfUtils.java:logGet(46)) - raft.grpc.server.install_snapshot.request.timeout = 3000ms (default)
2023-07-12 21:54:55,409 [840e6222-e2bf-4d59-97a6-2daf7d45cde1@group-56FF926B43B3-LeaderElection20] INFO  server.RaftServerConfigKeys (ConfUtils.java:logGet(46)) - raft.server.log.appender.install.snapshot.enabled = false (custom)
2023-07-12 21:54:55,409 [840e6222-e2bf-4d59-97a6-2daf7d45cde1@group-56FF926B43B3-LeaderElection20] INFO  grpc.GrpcConfigKeys (ConfUtils.java:logGet(46)) - raft.grpc.server.heartbeat.channel = true (default)
2023-07-12 21:54:55,410 [840e6222-e2bf-4d59-97a6-2daf7d45cde1@group-56FF926B43B3-LeaderElection20] INFO  impl.RoleInfo (RoleInfo.java:updateAndGet(139)) - 840e6222-e2bf-4d59-97a6-2daf7d45cde1: start 840e6222-e2bf-4d59-97a6-2daf7d45cde1@group-56FF926B43B3-LeaderStateImpl
2023-07-12 21:54:55,410 [840e6222-e2bf-4d59-97a6-2daf7d45cde1@group-56FF926B43B3-LeaderElection20] INFO  segmented.SegmentedRaftLogWorker (SegmentedRaftLogWorker.java:startLogSegment(447)) - 840e6222-e2bf-4d59-97a6-2daf7d45cde1@group-56FF926B43B3-SegmentedRaftLogWorker: Starting segment from index:0
2023-07-12 21:54:55,412 [840e6222-e2bf-4d59-97a6-2daf7d45cde1@group-56FF926B43B3-SegmentedRaftLogWorker] INFO  segmented.SegmentedRaftLogWorker (SegmentedRaftLogWorker.java:execute(651)) - 840e6222-e2bf-4d59-97a6-2daf7d45cde1@group-56FF926B43B3-SegmentedRaftLogWorker: created new log segment /home/runner/work/ozone/ozone/hadoop-ozone/integration-test/target/test-dir/MiniOzoneClusterImpl-cd6376e5-088e-4fb5-a36e-c0bbc8ba407a/datanode-1/data/ratis/2332d8cf-7381-4c10-ac90-56ff926b43b3/current/log_inprogress_0
2023-07-12 21:54:55,415 [grpc-default-executor-1] INFO  server.RaftServer$Division (RaftServerImpl.java:requestVote(1335)) - 1168ba7a-e337-4443-965f-a0107b7c0c08@group-56FF926B43B3 replies to ELECTION vote request: 840e6222-e2bf-4d59-97a6-2daf7d45cde1<-1168ba7a-e337-4443-965f-a0107b7c0c08#0:OK-t1. Peer's state: 1168ba7a-e337-4443-965f-a0107b7c0c08@group-56FF926B43B3:t1, leader=null, voted=840e6222-e2bf-4d59-97a6-2daf7d45cde1, raftlog=Memoized:1168ba7a-e337-4443-965f-a0107b7c0c08@group-56FF926B43B3-SegmentedRaftLog:OPENED:c-1, conf=-1: peers:[840e6222-e2bf-4d59-97a6-2daf7d45cde1|rpc:10.1.0.20:15093|admin:10.1.0.20:15092|client:10.1.0.20:15091|dataStream:10.1.0.20:15094|priority:1|startupRole:FOLLOWER, 1168ba7a-e337-4443-965f-a0107b7c0c08|rpc:10.1.0.20:15084|admin:10.1.0.20:15083|client:10.1.0.20:15082|dataStream:10.1.0.20:15085|priority:0|startupRole:FOLLOWER, a280a4f0-76da-400d-9632-7196842d80a6|rpc:10.1.0.20:15102|admin:10.1.0.20:15101|client:10.1.0.20:15100|dataStream:10.1.0.20:15103|priority:0|startupRole:FOLLOWER]|listeners:[], old=null
2023-07-12 21:54:55,420 [840e6222-e2bf-4d59-97a6-2daf7d45cde1@group-56FF926B43B3-LeaderElection20] INFO  server.RaftServer$Division (ServerState.java:setRaftConf(434)) - 840e6222-e2bf-4d59-97a6-2daf7d45cde1@group-56FF926B43B3: set configuration 0: peers:[840e6222-e2bf-4d59-97a6-2daf7d45cde1|rpc:10.1.0.20:15093|admin:10.1.0.20:15092|client:10.1.0.20:15091|dataStream:10.1.0.20:15094|priority:1|startupRole:FOLLOWER, 1168ba7a-e337-4443-965f-a0107b7c0c08|rpc:10.1.0.20:15084|admin:10.1.0.20:15083|client:10.1.0.20:15082|dataStream:10.1.0.20:15085|priority:0|startupRole:FOLLOWER, a280a4f0-76da-400d-9632-7196842d80a6|rpc:10.1.0.20:15102|admin:10.1.0.20:15101|client:10.1.0.20:15100|dataStream:10.1.0.20:15103|priority:0|startupRole:FOLLOWER]|listeners:[], old=null
2023-07-12 21:54:55,427 [a280a4f0-76da-400d-9632-7196842d80a6-server-thread1] INFO  ratis.XceiverServerRatis (XceiverServerRatis.java:handleLeaderChangedNotification(902)) - Leader change notification received for group: group-56FF926B43B3 with new leaderId: 840e6222-e2bf-4d59-97a6-2daf7d45cde1
2023-07-12 21:54:55,427 [a280a4f0-76da-400d-9632-7196842d80a6-server-thread1] INFO  server.RaftServer$Division (ServerState.java:setLeader(317)) - a280a4f0-76da-400d-9632-7196842d80a6@group-56FF926B43B3: change Leader from null to 840e6222-e2bf-4d59-97a6-2daf7d45cde1 at term 1 for appendEntries, leader elected after 5170ms
2023-07-12 21:54:55,458 [grpc-default-executor-3] INFO  server.RaftServer$Division (RaftServerImpl.java:requestVote(1302)) - 1168ba7a-e337-4443-965f-a0107b7c0c08@group-478376072D79: receive requestVote(PRE_VOTE, a280a4f0-76da-400d-9632-7196842d80a6, group-478376072D79, 0, (t:0, i:0))
2023-07-12 21:54:55,458 [1168ba7a-e337-4443-965f-a0107b7c0c08-server-thread2] INFO  ratis.XceiverServerRatis (XceiverServerRatis.java:handleLeaderChangedNotification(902)) - Leader change notification received for group: group-56FF926B43B3 with new leaderId: 840e6222-e2bf-4d59-97a6-2daf7d45cde1
2023-07-12 21:54:55,458 [grpc-default-executor-3] INFO  impl.VoteContext (VoteContext.java:log(49)) - 1168ba7a-e337-4443-965f-a0107b7c0c08@group-478376072D79-FOLLOWER: accept PRE_VOTE from a280a4f0-76da-400d-9632-7196842d80a6: our priority 0 <= candidate's priority 1
2023-07-12 21:54:55,458 [1168ba7a-e337-4443-965f-a0107b7c0c08-server-thread2] INFO  server.RaftServer$Division (ServerState.java:setLeader(317)) - 1168ba7a-e337-4443-965f-a0107b7c0c08@group-56FF926B43B3: change Leader from null to 840e6222-e2bf-4d59-97a6-2daf7d45cde1 at term 1 for appendEntries, leader elected after 5315ms
2023-07-12 21:54:55,458 [grpc-default-executor-3] INFO  server.RaftServer$Division (RaftServerImpl.java:requestVote(1335)) - 1168ba7a-e337-4443-965f-a0107b7c0c08@group-478376072D79 replies to PRE_VOTE vote request: a280a4f0-76da-400d-9632-7196842d80a6<-1168ba7a-e337-4443-965f-a0107b7c0c08#0:OK-t0. Peer's state: 1168ba7a-e337-4443-965f-a0107b7c0c08@group-478376072D79:t0, leader=null, voted=, raftlog=Memoized:1168ba7a-e337-4443-965f-a0107b7c0c08@group-478376072D79-SegmentedRaftLog:OPENED:c-1, conf=-1: peers:[840e6222-e2bf-4d59-97a6-2daf7d45cde1|rpc:10.1.0.20:15093|admin:10.1.0.20:15092|client:10.1.0.20:15091|dataStream:10.1.0.20:15094|priority:0|startupRole:FOLLOWER, 1168ba7a-e337-4443-965f-a0107b7c0c08|rpc:10.1.0.20:15084|admin:10.1.0.20:15083|client:10.1.0.20:15082|dataStream:10.1.0.20:15085|priority:0|startupRole:FOLLOWER, a280a4f0-76da-400d-9632-7196842d80a6|rpc:10.1.0.20:15102|admin:10.1.0.20:15101|client:10.1.0.20:15100|dataStream:10.1.0.20:15103|priority:1|startupRole:FOLLOWER]|listeners:[], old=null
2023-07-12 21:54:55,459 [a280a4f0-76da-400d-9632-7196842d80a6-server-thread1] INFO  server.RaftServer$Division (ServerState.java:setRaftConf(434)) - a280a4f0-76da-400d-9632-7196842d80a6@group-56FF926B43B3: set configuration 0: peers:[840e6222-e2bf-4d59-97a6-2daf7d45cde1|rpc:10.1.0.20:15093|admin:10.1.0.20:15092|client:10.1.0.20:15091|dataStream:10.1.0.20:15094|priority:1|startupRole:FOLLOWER, 1168ba7a-e337-4443-965f-a0107b7c0c08|rpc:10.1.0.20:15084|admin:10.1.0.20:15083|client:10.1.0.20:15082|dataStream:10.1.0.20:15085|priority:0|startupRole:FOLLOWER, a280a4f0-76da-400d-9632-7196842d80a6|rpc:10.1.0.20:15102|admin:10.1.0.20:15101|client:10.1.0.20:15100|dataStream:10.1.0.20:15103|priority:0|startupRole:FOLLOWER]|listeners:[], old=null
2023-07-12 21:54:55,459 [a280a4f0-76da-400d-9632-7196842d80a6-server-thread1] INFO  segmented.SegmentedRaftLogWorker (SegmentedRaftLogWorker.java:startLogSegment(447)) - a280a4f0-76da-400d-9632-7196842d80a6@group-56FF926B43B3-SegmentedRaftLogWorker: Starting segment from index:0
2023-07-12 21:54:55,460 [a280a4f0-76da-400d-9632-7196842d80a6@group-56FF926B43B3-SegmentedRaftLogWorker] INFO  segmented.SegmentedRaftLogWorker (SegmentedRaftLogWorker.java:execute(651)) - a280a4f0-76da-400d-9632-7196842d80a6@group-56FF926B43B3-SegmentedRaftLogWorker: created new log segment /home/runner/work/ozone/ozone/hadoop-ozone/integration-test/target/test-dir/MiniOzoneClusterImpl-cd6376e5-088e-4fb5-a36e-c0bbc8ba407a/datanode-2/data/ratis/2332d8cf-7381-4c10-ac90-56ff926b43b3/current/log_inprogress_0
2023-07-12 21:54:55,461 [1168ba7a-e337-4443-965f-a0107b7c0c08-server-thread1] INFO  server.RaftServer$Division (ServerState.java:setRaftConf(434)) - 1168ba7a-e337-4443-965f-a0107b7c0c08@group-56FF926B43B3: set configuration 0: peers:[840e6222-e2bf-4d59-97a6-2daf7d45cde1|rpc:10.1.0.20:15093|admin:10.1.0.20:15092|client:10.1.0.20:15091|dataStream:10.1.0.20:15094|priority:1|startupRole:FOLLOWER, 1168ba7a-e337-4443-965f-a0107b7c0c08|rpc:10.1.0.20:15084|admin:10.1.0.20:15083|client:10.1.0.20:15082|dataStream:10.1.0.20:15085|priority:0|startupRole:FOLLOWER, a280a4f0-76da-400d-9632-7196842d80a6|rpc:10.1.0.20:15102|admin:10.1.0.20:15101|client:10.1.0.20:15100|dataStream:10.1.0.20:15103|priority:0|startupRole:FOLLOWER]|listeners:[], old=null
2023-07-12 21:54:55,462 [1168ba7a-e337-4443-965f-a0107b7c0c08-server-thread1] INFO  segmented.SegmentedRaftLogWorker (SegmentedRaftLogWorker.java:startLogSegment(447)) - 1168ba7a-e337-4443-965f-a0107b7c0c08@group-56FF926B43B3-SegmentedRaftLogWorker: Starting segment from index:0
2023-07-12 21:54:55,467 [a280a4f0-76da-400d-9632-7196842d80a6@group-478376072D79-LeaderElection21] INFO  impl.LeaderElection (LeaderElection.java:logAndReturn(90)) - a280a4f0-76da-400d-9632-7196842d80a6@group-478376072D79-LeaderElection21: PRE_VOTE PASSED received 1 response(s) and 0 exception(s):
2023-07-12 21:54:55,467 [a280a4f0-76da-400d-9632-7196842d80a6@group-478376072D79-LeaderElection21] INFO  impl.LeaderElection (LeaderElection.java:logAndReturn(94)) -   Response 0: a280a4f0-76da-400d-9632-7196842d80a6<-1168ba7a-e337-4443-965f-a0107b7c0c08#0:OK-t0
2023-07-12 21:54:55,468 [a280a4f0-76da-400d-9632-7196842d80a6@group-478376072D79-LeaderElection21] INFO  impl.LeaderElection (LeaderElection.java:askForVotes(323)) - a280a4f0-76da-400d-9632-7196842d80a6@group-478376072D79-LeaderElection21 PRE_VOTE round 0: result PASSED
2023-07-12 21:54:55,468 [1168ba7a-e337-4443-965f-a0107b7c0c08@group-56FF926B43B3-SegmentedRaftLogWorker] INFO  segmented.SegmentedRaftLogWorker (SegmentedRaftLogWorker.java:execute(651)) - 1168ba7a-e337-4443-965f-a0107b7c0c08@group-56FF926B43B3-SegmentedRaftLogWorker: created new log segment /home/runner/work/ozone/ozone/hadoop-ozone/integration-test/target/test-dir/MiniOzoneClusterImpl-cd6376e5-088e-4fb5-a36e-c0bbc8ba407a/datanode-0/data/ratis/2332d8cf-7381-4c10-ac90-56ff926b43b3/current/log_inprogress_0
2023-07-12 21:54:55,468 [grpc-default-executor-3] INFO  server.RaftServer$Division (RaftServerImpl.java:requestVote(1302)) - 840e6222-e2bf-4d59-97a6-2daf7d45cde1@group-478376072D79: receive requestVote(PRE_VOTE, a280a4f0-76da-400d-9632-7196842d80a6, group-478376072D79, 0, (t:0, i:0))
2023-07-12 21:54:55,468 [grpc-default-executor-3] INFO  impl.VoteContext (VoteContext.java:log(49)) - 840e6222-e2bf-4d59-97a6-2daf7d45cde1@group-478376072D79-FOLLOWER: accept PRE_VOTE from a280a4f0-76da-400d-9632-7196842d80a6: our priority 0 <= candidate's priority 1
2023-07-12 21:54:55,469 [grpc-default-executor-3] INFO  server.RaftServer$Division (RaftServerImpl.java:requestVote(1335)) - 840e6222-e2bf-4d59-97a6-2daf7d45cde1@group-478376072D79 replies to PRE_VOTE vote request: a280a4f0-76da-400d-9632-7196842d80a6<-840e6222-e2bf-4d59-97a6-2daf7d45cde1#0:OK-t0. Peer's state: 840e6222-e2bf-4d59-97a6-2daf7d45cde1@group-478376072D79:t0, leader=null, voted=, raftlog=Memoized:840e6222-e2bf-4d59-97a6-2daf7d45cde1@group-478376072D79-SegmentedRaftLog:OPENED:c-1, conf=-1: peers:[840e6222-e2bf-4d59-97a6-2daf7d45cde1|rpc:10.1.0.20:15093|admin:10.1.0.20:15092|client:10.1.0.20:15091|dataStream:10.1.0.20:15094|priority:0|startupRole:FOLLOWER, 1168ba7a-e337-4443-965f-a0107b7c0c08|rpc:10.1.0.20:15084|admin:10.1.0.20:15083|client:10.1.0.20:15082|dataStream:10.1.0.20:15085|priority:0|startupRole:FOLLOWER, a280a4f0-76da-400d-9632-7196842d80a6|rpc:10.1.0.20:15102|admin:10.1.0.20:15101|client:10.1.0.20:15100|dataStream:10.1.0.20:15103|priority:1|startupRole:FOLLOWER]|listeners:[], old=null
2023-07-12 21:54:55,471 [a280a4f0-76da-400d-9632-7196842d80a6@group-478376072D79-LeaderElection21] INFO  impl.LeaderElection (LeaderElection.java:askForVotes(321)) - a280a4f0-76da-400d-9632-7196842d80a6@group-478376072D79-LeaderElection21 ELECTION round 0: submit vote requests at term 1 for -1: peers:[840e6222-e2bf-4d59-97a6-2daf7d45cde1|rpc:10.1.0.20:15093|admin:10.1.0.20:15092|client:10.1.0.20:15091|dataStream:10.1.0.20:15094|priority:0|startupRole:FOLLOWER, 1168ba7a-e337-4443-965f-a0107b7c0c08|rpc:10.1.0.20:15084|admin:10.1.0.20:15083|client:10.1.0.20:15082|dataStream:10.1.0.20:15085|priority:0|startupRole:FOLLOWER, a280a4f0-76da-400d-9632-7196842d80a6|rpc:10.1.0.20:15102|admin:10.1.0.20:15101|client:10.1.0.20:15100|dataStream:10.1.0.20:15103|priority:1|startupRole:FOLLOWER]|listeners:[], old=null
2023-07-12 21:54:55,474 [grpc-default-executor-1] INFO  server.RaftServer$Division (RaftServerImpl.java:requestVote(1302)) - 840e6222-e2bf-4d59-97a6-2daf7d45cde1@group-478376072D79: receive requestVote(ELECTION, a280a4f0-76da-400d-9632-7196842d80a6, group-478376072D79, 1, (t:0, i:0))
2023-07-12 21:54:55,474 [grpc-default-executor-1] INFO  impl.VoteContext (VoteContext.java:log(49)) - 840e6222-e2bf-4d59-97a6-2daf7d45cde1@group-478376072D79-FOLLOWER: accept ELECTION from a280a4f0-76da-400d-9632-7196842d80a6: our priority 0 <= candidate's priority 1
2023-07-12 21:54:55,474 [grpc-default-executor-1] INFO  server.RaftServer$Division (RaftServerImpl.java:setRole(329)) - 840e6222-e2bf-4d59-97a6-2daf7d45cde1@group-478376072D79: changes role from  FOLLOWER to FOLLOWER at term 1 for candidate:a280a4f0-76da-400d-9632-7196842d80a6
2023-07-12 21:54:55,474 [grpc-default-executor-1] INFO  impl.RoleInfo (RoleInfo.java:shutdownFollowerState(110)) - 840e6222-e2bf-4d59-97a6-2daf7d45cde1: shutdown 840e6222-e2bf-4d59-97a6-2daf7d45cde1@group-478376072D79-FollowerState
2023-07-12 21:54:55,474 [840e6222-e2bf-4d59-97a6-2daf7d45cde1@group-478376072D79-FollowerState] INFO  impl.FollowerState (FollowerState.java:run(152)) - 840e6222-e2bf-4d59-97a6-2daf7d45cde1@group-478376072D79-FollowerState was interrupted
2023-07-12 21:54:55,474 [grpc-default-executor-1] INFO  impl.RoleInfo (RoleInfo.java:updateAndGet(139)) - 840e6222-e2bf-4d59-97a6-2daf7d45cde1: start 840e6222-e2bf-4d59-97a6-2daf7d45cde1@group-478376072D79-FollowerState
2023-07-12 21:54:55,482 [a280a4f0-76da-400d-9632-7196842d80a6@group-478376072D79-LeaderElection21] INFO  server.RaftServerConfigKeys (ConfUtils.java:logFallback(53)) - raft.server.rpc.first-election.timeout.min = 5s (fallback to raft.server.rpc.timeout.min)
2023-07-12 21:54:55,483 [a280a4f0-76da-400d-9632-7196842d80a6@group-478376072D79-LeaderElection21] INFO  server.RaftServerConfigKeys (ConfUtils.java:logFallback(53)) - raft.server.rpc.first-election.timeout.max = 5200ms (fallback to raft.server.rpc.timeout.max)
2023-07-12 21:54:55,483 [grpc-default-executor-1] INFO  server.RaftServer$Division (RaftServerImpl.java:requestVote(1335)) - 840e6222-e2bf-4d59-97a6-2daf7d45cde1@group-478376072D79 replies to ELECTION vote request: a280a4f0-76da-400d-9632-7196842d80a6<-840e6222-e2bf-4d59-97a6-2daf7d45cde1#0:OK-t1. Peer's state: 840e6222-e2bf-4d59-97a6-2daf7d45cde1@group-478376072D79:t1, leader=null, voted=a280a4f0-76da-400d-9632-7196842d80a6, raftlog=Memoized:840e6222-e2bf-4d59-97a6-2daf7d45cde1@group-478376072D79-SegmentedRaftLog:OPENED:c-1, conf=-1: peers:[840e6222-e2bf-4d59-97a6-2daf7d45cde1|rpc:10.1.0.20:15093|admin:10.1.0.20:15092|client:10.1.0.20:15091|dataStream:10.1.0.20:15094|priority:0|startupRole:FOLLOWER, 1168ba7a-e337-4443-965f-a0107b7c0c08|rpc:10.1.0.20:15084|admin:10.1.0.20:15083|client:10.1.0.20:15082|dataStream:10.1.0.20:15085|priority:0|startupRole:FOLLOWER, a280a4f0-76da-400d-9632-7196842d80a6|rpc:10.1.0.20:15102|admin:10.1.0.20:15101|client:10.1.0.20:15100|dataStream:10.1.0.20:15103|priority:1|startupRole:FOLLOWER]|listeners:[], old=null
2023-07-12 21:54:55,484 [a280a4f0-76da-400d-9632-7196842d80a6@group-478376072D79-LeaderElection21] INFO  impl.LeaderElection (LeaderElection.java:logAndReturn(90)) - a280a4f0-76da-400d-9632-7196842d80a6@group-478376072D79-LeaderElection21: ELECTION PASSED received 1 response(s) and 0 exception(s):
2023-07-12 21:54:55,484 [a280a4f0-76da-400d-9632-7196842d80a6@group-478376072D79-LeaderElection21] INFO  impl.LeaderElection (LeaderElection.java:logAndReturn(94)) -   Response 0: a280a4f0-76da-400d-9632-7196842d80a6<-840e6222-e2bf-4d59-97a6-2daf7d45cde1#0:OK-t1
2023-07-12 21:54:55,484 [a280a4f0-76da-400d-9632-7196842d80a6@group-478376072D79-LeaderElection21] INFO  impl.LeaderElection (LeaderElection.java:askForVotes(323)) - a280a4f0-76da-400d-9632-7196842d80a6@group-478376072D79-LeaderElection21 ELECTION round 0: result PASSED
2023-07-12 21:54:55,484 [a280a4f0-76da-400d-9632-7196842d80a6@group-478376072D79-LeaderElection21] INFO  impl.RoleInfo (RoleInfo.java:shutdownLeaderElection(130)) - a280a4f0-76da-400d-9632-7196842d80a6: shutdown a280a4f0-76da-400d-9632-7196842d80a6@group-478376072D79-LeaderElection21
2023-07-12 21:54:55,484 [a280a4f0-76da-400d-9632-7196842d80a6@group-478376072D79-LeaderElection21] INFO  server.RaftServer$Division (RaftServerImpl.java:setRole(329)) - a280a4f0-76da-400d-9632-7196842d80a6@group-478376072D79: changes role from CANDIDATE to LEADER at term 1 for changeToLeader
2023-07-12 21:54:55,484 [a280a4f0-76da-400d-9632-7196842d80a6@group-478376072D79-LeaderElection21] INFO  ratis.XceiverServerRatis (XceiverServerRatis.java:handleLeaderChangedNotification(902)) - Leader change notification received for group: group-478376072D79 with new leaderId: a280a4f0-76da-400d-9632-7196842d80a6
2023-07-12 21:54:55,484 [a280a4f0-76da-400d-9632-7196842d80a6@group-478376072D79-LeaderElection21] INFO  server.RaftServer$Division (ServerState.java:setLeader(317)) - a280a4f0-76da-400d-9632-7196842d80a6@group-478376072D79: change Leader from null to a280a4f0-76da-400d-9632-7196842d80a6 at term 1 for becomeLeader, leader elected after 5176ms
2023-07-12 21:54:55,484 [a280a4f0-76da-400d-9632-7196842d80a6@group-478376072D79-LeaderElection21] INFO  server.RaftServerConfigKeys (ConfUtils.java:logGet(46)) - raft.server.staging.catchup.gap = 1000 (default)
2023-07-12 21:54:55,484 [a280a4f0-76da-400d-9632-7196842d80a6@group-478376072D79-LeaderElection21] INFO  server.RaftServerConfigKeys (ConfUtils.java:logGet(46)) - raft.server.write.element-limit = 1024 (custom)
2023-07-12 21:54:55,485 [a280a4f0-76da-400d-9632-7196842d80a6@group-478376072D79-LeaderElection21] INFO  server.RaftServerConfigKeys (ConfUtils.java:logGet(46)) - raft.server.write.byte-limit = 1024 M (=1073741824) (custom)
2023-07-12 21:54:55,485 [a280a4f0-76da-400d-9632-7196842d80a6@group-478376072D79-LeaderElection21] INFO  server.RaftServerConfigKeys (ConfUtils.java:logGet(46)) - raft.server.watch.timeout = 180s (custom)
2023-07-12 21:54:55,485 [a280a4f0-76da-400d-9632-7196842d80a6@group-478376072D79-LeaderElection21] INFO  server.RaftServerConfigKeys (ConfUtils.java:logGet(46)) - raft.server.watch.timeout.denomination = 1s (default)
2023-07-12 21:54:55,485 [a280a4f0-76da-400d-9632-7196842d80a6@group-478376072D79-LeaderElection21] INFO  server.RaftServerConfigKeys (ConfUtils.java:logGet(46)) - raft.server.watch.element-limit = 65536 (default)
2023-07-12 21:54:55,485 [a280a4f0-76da-400d-9632-7196842d80a6@group-478376072D79-LeaderElection21] INFO  server.RaftServerConfigKeys (ConfUtils.java:logGet(46)) - raft.server.write.element-limit = 1024 (custom)
2023-07-12 21:54:55,486 [a280a4f0-76da-400d-9632-7196842d80a6@group-478376072D79-LeaderElection21] INFO  server.RaftServerConfigKeys (ConfUtils.java:logGet(46)) - raft.server.write.follower.gap.ratio.max = -1.0 (default)
2023-07-12 21:54:55,486 [a280a4f0-76da-400d-9632-7196842d80a6@group-478376072D79-LeaderElection21] INFO  server.RaftServerConfigKeys (ConfUtils.java:logGet(46)) - raft.server.log.appender.snapshot.chunk.size.max = 16MB (=16777216) (default)
2023-07-12 21:54:55,486 [a280a4f0-76da-400d-9632-7196842d80a6@group-478376072D79-LeaderElection21] INFO  server.RaftServerConfigKeys (ConfUtils.java:logGet(46)) - raft.server.log.appender.buffer.byte-limit = 33554432 (custom)
2023-07-12 21:54:55,486 [a280a4f0-76da-400d-9632-7196842d80a6@group-478376072D79-LeaderElection21] INFO  server.RaftServerConfigKeys (ConfUtils.java:logGet(46)) - raft.server.log.appender.buffer.element-limit = 1 (custom)
2023-07-12 21:54:55,486 [a280a4f0-76da-400d-9632-7196842d80a6@group-478376072D79-LeaderElection21] INFO  server.RaftServerConfigKeys (ConfUtils.java:logGet(46)) - raft.server.log.appender.wait-time.min = 10ms (default)
2023-07-12 21:54:55,486 [a280a4f0-76da-400d-9632-7196842d80a6@group-478376072D79-LeaderElection21] INFO  grpc.GrpcConfigKeys (ConfUtils.java:logGet(46)) - raft.grpc.server.leader.outstanding.appends.max = 128 (default)
2023-07-12 21:54:55,486 [a280a4f0-76da-400d-9632-7196842d80a6@group-478376072D79-LeaderElection21] INFO  server.RaftServerConfigKeys (ConfUtils.java:logGet(46)) - raft.server.rpc.request.timeout = 60s (custom)
2023-07-12 21:54:55,486 [a280a4f0-76da-400d-9632-7196842d80a6@group-478376072D79-LeaderElection21] INFO  grpc.GrpcConfigKeys (ConfUtils.java:logGet(46)) - raft.grpc.server.install_snapshot.request.element-limit = 8 (default)
2023-07-12 21:54:55,486 [a280a4f0-76da-400d-9632-7196842d80a6@group-478376072D79-LeaderElection21] INFO  grpc.GrpcConfigKeys (ConfUtils.java:logGet(46)) - raft.grpc.server.install_snapshot.request.timeout = 3000ms (default)
2023-07-12 21:54:55,486 [a280a4f0-76da-400d-9632-7196842d80a6@group-478376072D79-LeaderElection21] INFO  server.RaftServerConfigKeys (ConfUtils.java:logGet(46)) - raft.server.log.appender.install.snapshot.enabled = false (custom)
2023-07-12 21:54:55,486 [a280a4f0-76da-400d-9632-7196842d80a6@group-478376072D79-LeaderElection21] INFO  grpc.GrpcConfigKeys (ConfUtils.java:logGet(46)) - raft.grpc.server.heartbeat.channel = true (default)
2023-07-12 21:54:55,487 [a280a4f0-76da-400d-9632-7196842d80a6@group-478376072D79-LeaderElection21] INFO  server.RaftServerConfigKeys (ConfUtils.java:logGet(46)) - raft.server.log.appender.snapshot.chunk.size.max = 16MB (=16777216) (default)
2023-07-12 21:54:55,487 [a280a4f0-76da-400d-9632-7196842d80a6@group-478376072D79-LeaderElection21] INFO  server.RaftServerConfigKeys (ConfUtils.java:logGet(46)) - raft.server.log.appender.buffer.byte-limit = 33554432 (custom)
2023-07-12 21:54:55,487 [a280a4f0-76da-400d-9632-7196842d80a6@group-478376072D79-LeaderElection21] INFO  server.RaftServerConfigKeys (ConfUtils.java:logGet(46)) - raft.server.log.appender.buffer.element-limit = 1 (custom)
2023-07-12 21:54:55,487 [a280a4f0-76da-400d-9632-7196842d80a6@group-478376072D79-LeaderElection21] INFO  server.RaftServerConfigKeys (ConfUtils.java:logGet(46)) - raft.server.log.appender.wait-time.min = 10ms (default)
2023-07-12 21:54:55,487 [a280a4f0-76da-400d-9632-7196842d80a6@group-478376072D79-LeaderElection21] INFO  grpc.GrpcConfigKeys (ConfUtils.java:logGet(46)) - raft.grpc.server.leader.outstanding.appends.max = 128 (default)
2023-07-12 21:54:55,487 [a280a4f0-76da-400d-9632-7196842d80a6@group-478376072D79-LeaderElection21] INFO  server.RaftServerConfigKeys (ConfUtils.java:logGet(46)) - raft.server.rpc.request.timeout = 60s (custom)
2023-07-12 21:54:55,487 [a280a4f0-76da-400d-9632-7196842d80a6@group-478376072D79-LeaderElection21] INFO  grpc.GrpcConfigKeys (ConfUtils.java:logGet(46)) - raft.grpc.server.install_snapshot.request.element-limit = 8 (default)
2023-07-12 21:54:55,487 [a280a4f0-76da-400d-9632-7196842d80a6@group-478376072D79-LeaderElection21] INFO  grpc.GrpcConfigKeys (ConfUtils.java:logGet(46)) - raft.grpc.server.install_snapshot.request.timeout = 3000ms (default)
2023-07-12 21:54:55,487 [a280a4f0-76da-400d-9632-7196842d80a6@group-478376072D79-LeaderElection21] INFO  server.RaftServerConfigKeys (ConfUtils.java:logGet(46)) - raft.server.log.appender.install.snapshot.enabled = false (custom)
2023-07-12 21:54:55,487 [a280a4f0-76da-400d-9632-7196842d80a6@group-478376072D79-LeaderElection21] INFO  grpc.GrpcConfigKeys (ConfUtils.java:logGet(46)) - raft.grpc.server.heartbeat.channel = true (default)
2023-07-12 21:54:55,487 [a280a4f0-76da-400d-9632-7196842d80a6@group-478376072D79-LeaderElection21] INFO  impl.RoleInfo (RoleInfo.java:updateAndGet(139)) - a280a4f0-76da-400d-9632-7196842d80a6: start a280a4f0-76da-400d-9632-7196842d80a6@group-478376072D79-LeaderStateImpl
2023-07-12 21:54:55,487 [a280a4f0-76da-400d-9632-7196842d80a6@group-478376072D79-LeaderElection21] INFO  segmented.SegmentedRaftLogWorker (SegmentedRaftLogWorker.java:startLogSegment(447)) - a280a4f0-76da-400d-9632-7196842d80a6@group-478376072D79-SegmentedRaftLogWorker: Starting segment from index:0
2023-07-12 21:54:55,488 [a280a4f0-76da-400d-9632-7196842d80a6@group-478376072D79-SegmentedRaftLogWorker] INFO  segmented.SegmentedRaftLogWorker (SegmentedRaftLogWorker.java:execute(651)) - a280a4f0-76da-400d-9632-7196842d80a6@group-478376072D79-SegmentedRaftLogWorker: created new log segment /home/runner/work/ozone/ozone/hadoop-ozone/integration-test/target/test-dir/MiniOzoneClusterImpl-cd6376e5-088e-4fb5-a36e-c0bbc8ba407a/datanode-2/data/ratis/921c675a-8748-4c94-a05b-478376072d79/current/log_inprogress_0
2023-07-12 21:54:55,488 [EventQueue-PipelineReportForPipelineReportHandler] INFO  pipeline.PipelineReportHandler (PipelineReportHandler.java:processPipelineReport(136)) - Opened pipeline PipelineID=921c675a-8748-4c94-a05b-478376072d79
2023-07-12 21:54:55,497 [grpc-default-executor-1] INFO  server.RaftServer$Division (RaftServerImpl.java:requestVote(1302)) - 1168ba7a-e337-4443-965f-a0107b7c0c08@group-478376072D79: receive requestVote(ELECTION, a280a4f0-76da-400d-9632-7196842d80a6, group-478376072D79, 1, (t:0, i:0))
2023-07-12 21:54:55,497 [grpc-default-executor-1] INFO  impl.VoteContext (VoteContext.java:log(49)) - 1168ba7a-e337-4443-965f-a0107b7c0c08@group-478376072D79-FOLLOWER: accept ELECTION from a280a4f0-76da-400d-9632-7196842d80a6: our priority 0 <= candidate's priority 1
2023-07-12 21:54:55,497 [grpc-default-executor-1] INFO  server.RaftServer$Division (RaftServerImpl.java:setRole(329)) - 1168ba7a-e337-4443-965f-a0107b7c0c08@group-478376072D79: changes role from  FOLLOWER to FOLLOWER at term 1 for candidate:a280a4f0-76da-400d-9632-7196842d80a6
2023-07-12 21:54:55,497 [grpc-default-executor-1] INFO  impl.RoleInfo (RoleInfo.java:shutdownFollowerState(110)) - 1168ba7a-e337-4443-965f-a0107b7c0c08: shutdown 1168ba7a-e337-4443-965f-a0107b7c0c08@group-478376072D79-FollowerState
2023-07-12 21:54:55,497 [grpc-default-executor-1] INFO  impl.RoleInfo (RoleInfo.java:updateAndGet(139)) - 1168ba7a-e337-4443-965f-a0107b7c0c08: start 1168ba7a-e337-4443-965f-a0107b7c0c08@group-478376072D79-FollowerState
2023-07-12 21:54:55,498 [1168ba7a-e337-4443-965f-a0107b7c0c08@group-478376072D79-FollowerState] INFO  impl.FollowerState (FollowerState.java:run(152)) - 1168ba7a-e337-4443-965f-a0107b7c0c08@group-478376072D79-FollowerState was interrupted
2023-07-12 21:54:55,498 [a280a4f0-76da-400d-9632-7196842d80a6@group-478376072D79-LeaderElection21] INFO  server.RaftServer$Division (ServerState.java:setRaftConf(434)) - a280a4f0-76da-400d-9632-7196842d80a6@group-478376072D79: set configuration 0: peers:[840e6222-e2bf-4d59-97a6-2daf7d45cde1|rpc:10.1.0.20:15093|admin:10.1.0.20:15092|client:10.1.0.20:15091|dataStream:10.1.0.20:15094|priority:0|startupRole:FOLLOWER, 1168ba7a-e337-4443-965f-a0107b7c0c08|rpc:10.1.0.20:15084|admin:10.1.0.20:15083|client:10.1.0.20:15082|dataStream:10.1.0.20:15085|priority:0|startupRole:FOLLOWER, a280a4f0-76da-400d-9632-7196842d80a6|rpc:10.1.0.20:15102|admin:10.1.0.20:15101|client:10.1.0.20:15100|dataStream:10.1.0.20:15103|priority:1|startupRole:FOLLOWER]|listeners:[], old=null
2023-07-12 21:54:55,502 [grpc-default-executor-1] INFO  server.RaftServer$Division (RaftServerImpl.java:requestVote(1335)) - 1168ba7a-e337-4443-965f-a0107b7c0c08@group-478376072D79 replies to ELECTION vote request: a280a4f0-76da-400d-9632-7196842d80a6<-1168ba7a-e337-4443-965f-a0107b7c0c08#0:OK-t1. Peer's state: 1168ba7a-e337-4443-965f-a0107b7c0c08@group-478376072D79:t1, leader=null, voted=a280a4f0-76da-400d-9632-7196842d80a6, raftlog=Memoized:1168ba7a-e337-4443-965f-a0107b7c0c08@group-478376072D79-SegmentedRaftLog:OPENED:c-1, conf=-1: peers:[840e6222-e2bf-4d59-97a6-2daf7d45cde1|rpc:10.1.0.20:15093|admin:10.1.0.20:15092|client:10.1.0.20:15091|dataStream:10.1.0.20:15094|priority:0|startupRole:FOLLOWER, 1168ba7a-e337-4443-965f-a0107b7c0c08|rpc:10.1.0.20:15084|admin:10.1.0.20:15083|client:10.1.0.20:15082|dataStream:10.1.0.20:15085|priority:0|startupRole:FOLLOWER, a280a4f0-76da-400d-9632-7196842d80a6|rpc:10.1.0.20:15102|admin:10.1.0.20:15101|client:10.1.0.20:15100|dataStream:10.1.0.20:15103|priority:1|startupRole:FOLLOWER]|listeners:[], old=null
2023-07-12 21:54:55,507 [840e6222-e2bf-4d59-97a6-2daf7d45cde1-server-thread1] INFO  ratis.XceiverServerRatis (XceiverServerRatis.java:handleLeaderChangedNotification(902)) - Leader change notification received for group: group-478376072D79 with new leaderId: a280a4f0-76da-400d-9632-7196842d80a6
2023-07-12 21:54:55,507 [840e6222-e2bf-4d59-97a6-2daf7d45cde1-server-thread1] INFO  server.RaftServer$Division (ServerState.java:setLeader(317)) - 840e6222-e2bf-4d59-97a6-2daf7d45cde1@group-478376072D79: change Leader from null to a280a4f0-76da-400d-9632-7196842d80a6 at term 1 for appendEntries, leader elected after 5168ms
2023-07-12 21:54:55,517 [1168ba7a-e337-4443-965f-a0107b7c0c08-server-thread1] INFO  ratis.XceiverServerRatis (XceiverServerRatis.java:handleLeaderChangedNotification(902)) - Leader change notification received for group: group-478376072D79 with new leaderId: a280a4f0-76da-400d-9632-7196842d80a6
2023-07-12 21:54:55,517 [1168ba7a-e337-4443-965f-a0107b7c0c08-server-thread1] INFO  server.RaftServer$Division (ServerState.java:setLeader(317)) - 1168ba7a-e337-4443-965f-a0107b7c0c08@group-478376072D79: change Leader from null to a280a4f0-76da-400d-9632-7196842d80a6 at term 1 for appendEntries, leader elected after 5238ms
2023-07-12 21:54:55,528 [840e6222-e2bf-4d59-97a6-2daf7d45cde1-server-thread2] INFO  server.RaftServer$Division (ServerState.java:setRaftConf(434)) - 840e6222-e2bf-4d59-97a6-2daf7d45cde1@group-478376072D79: set configuration 0: peers:[840e6222-e2bf-4d59-97a6-2daf7d45cde1|rpc:10.1.0.20:15093|admin:10.1.0.20:15092|client:10.1.0.20:15091|dataStream:10.1.0.20:15094|priority:0|startupRole:FOLLOWER, 1168ba7a-e337-4443-965f-a0107b7c0c08|rpc:10.1.0.20:15084|admin:10.1.0.20:15083|client:10.1.0.20:15082|dataStream:10.1.0.20:15085|priority:0|startupRole:FOLLOWER, a280a4f0-76da-400d-9632-7196842d80a6|rpc:10.1.0.20:15102|admin:10.1.0.20:15101|client:10.1.0.20:15100|dataStream:10.1.0.20:15103|priority:1|startupRole:FOLLOWER]|listeners:[], old=null
2023-07-12 21:54:55,528 [840e6222-e2bf-4d59-97a6-2daf7d45cde1-server-thread2] INFO  segmented.SegmentedRaftLogWorker (SegmentedRaftLogWorker.java:startLogSegment(447)) - 840e6222-e2bf-4d59-97a6-2daf7d45cde1@group-478376072D79-SegmentedRaftLogWorker: Starting segment from index:0
2023-07-12 21:54:55,529 [1168ba7a-e337-4443-965f-a0107b7c0c08-server-thread2] INFO  server.RaftServer$Division (ServerState.java:setRaftConf(434)) - 1168ba7a-e337-4443-965f-a0107b7c0c08@group-478376072D79: set configuration 0: peers:[840e6222-e2bf-4d59-97a6-2daf7d45cde1|rpc:10.1.0.20:15093|admin:10.1.0.20:15092|client:10.1.0.20:15091|dataStream:10.1.0.20:15094|priority:0|startupRole:FOLLOWER, 1168ba7a-e337-4443-965f-a0107b7c0c08|rpc:10.1.0.20:15084|admin:10.1.0.20:15083|client:10.1.0.20:15082|dataStream:10.1.0.20:15085|priority:0|startupRole:FOLLOWER, a280a4f0-76da-400d-9632-7196842d80a6|rpc:10.1.0.20:15102|admin:10.1.0.20:15101|client:10.1.0.20:15100|dataStream:10.1.0.20:15103|priority:1|startupRole:FOLLOWER]|listeners:[], old=null
2023-07-12 21:54:55,529 [1168ba7a-e337-4443-965f-a0107b7c0c08-server-thread2] INFO  segmented.SegmentedRaftLogWorker (SegmentedRaftLogWorker.java:startLogSegment(447)) - 1168ba7a-e337-4443-965f-a0107b7c0c08@group-478376072D79-SegmentedRaftLogWorker: Starting segment from index:0
2023-07-12 21:54:55,530 [840e6222-e2bf-4d59-97a6-2daf7d45cde1@group-478376072D79-SegmentedRaftLogWorker] INFO  segmented.SegmentedRaftLogWorker (SegmentedRaftLogWorker.java:execute(651)) - 840e6222-e2bf-4d59-97a6-2daf7d45cde1@group-478376072D79-SegmentedRaftLogWorker: created new log segment /home/runner/work/ozone/ozone/hadoop-ozone/integration-test/target/test-dir/MiniOzoneClusterImpl-cd6376e5-088e-4fb5-a36e-c0bbc8ba407a/datanode-1/data/ratis/921c675a-8748-4c94-a05b-478376072d79/current/log_inprogress_0
2023-07-12 21:54:55,530 [1168ba7a-e337-4443-965f-a0107b7c0c08@group-478376072D79-SegmentedRaftLogWorker] INFO  segmented.SegmentedRaftLogWorker (SegmentedRaftLogWorker.java:execute(651)) - 1168ba7a-e337-4443-965f-a0107b7c0c08@group-478376072D79-SegmentedRaftLogWorker: created new log segment /home/runner/work/ozone/ozone/hadoop-ozone/integration-test/target/test-dir/MiniOzoneClusterImpl-cd6376e5-088e-4fb5-a36e-c0bbc8ba407a/datanode-0/data/ratis/921c675a-8748-4c94-a05b-478376072d79/current/log_inprogress_0
2023-07-12 21:54:55,571 [840e6222-e2bf-4d59-97a6-2daf7d45cde1@group-7076804DB5F9-FollowerState] INFO  impl.FollowerState (FollowerState.java:run(143)) - 840e6222-e2bf-4d59-97a6-2daf7d45cde1@group-7076804DB5F9-FollowerState: change to CANDIDATE, lastRpcElapsedTime:5134474714ns, electionTimeout:5134ms
2023-07-12 21:54:55,571 [840e6222-e2bf-4d59-97a6-2daf7d45cde1@group-7076804DB5F9-FollowerState] INFO  impl.RoleInfo (RoleInfo.java:shutdownFollowerState(110)) - 840e6222-e2bf-4d59-97a6-2daf7d45cde1: shutdown 840e6222-e2bf-4d59-97a6-2daf7d45cde1@group-7076804DB5F9-FollowerState
2023-07-12 21:54:55,571 [840e6222-e2bf-4d59-97a6-2daf7d45cde1@group-7076804DB5F9-FollowerState] INFO  server.RaftServer$Division (RaftServerImpl.java:setRole(329)) - 840e6222-e2bf-4d59-97a6-2daf7d45cde1@group-7076804DB5F9: changes role from  FOLLOWER to CANDIDATE at term 0 for changeToCandidate
2023-07-12 21:54:55,572 [840e6222-e2bf-4d59-97a6-2daf7d45cde1@group-7076804DB5F9-FollowerState] INFO  server.RaftServerConfigKeys (ConfUtils.java:logGet(46)) - raft.server.leaderelection.pre-vote = true (default)
2023-07-12 21:54:55,572 [840e6222-e2bf-4d59-97a6-2daf7d45cde1@group-7076804DB5F9-FollowerState] INFO  impl.RoleInfo (RoleInfo.java:updateAndGet(139)) - 840e6222-e2bf-4d59-97a6-2daf7d45cde1: start 840e6222-e2bf-4d59-97a6-2daf7d45cde1@group-7076804DB5F9-LeaderElection22
2023-07-12 21:54:55,574 [840e6222-e2bf-4d59-97a6-2daf7d45cde1@group-7076804DB5F9-LeaderElection22] INFO  impl.LeaderElection (LeaderElection.java:askForVotes(321)) - 840e6222-e2bf-4d59-97a6-2daf7d45cde1@group-7076804DB5F9-LeaderElection22 PRE_VOTE round 0: submit vote requests at term 0 for -1: peers:[840e6222-e2bf-4d59-97a6-2daf7d45cde1|rpc:10.1.0.20:15093|admin:10.1.0.20:15092|client:10.1.0.20:15091|dataStream:10.1.0.20:15094|priority:1|startupRole:FOLLOWER]|listeners:[], old=null
2023-07-12 21:54:55,574 [840e6222-e2bf-4d59-97a6-2daf7d45cde1@group-7076804DB5F9-LeaderElection22] INFO  impl.LeaderElection (LeaderElection.java:askForVotes(323)) - 840e6222-e2bf-4d59-97a6-2daf7d45cde1@group-7076804DB5F9-LeaderElection22 PRE_VOTE round 0: result PASSED (term=0)
2023-07-12 21:54:55,576 [840e6222-e2bf-4d59-97a6-2daf7d45cde1@group-7076804DB5F9-LeaderElection22] INFO  impl.LeaderElection (LeaderElection.java:askForVotes(321)) - 840e6222-e2bf-4d59-97a6-2daf7d45cde1@group-7076804DB5F9-LeaderElection22 ELECTION round 0: submit vote requests at term 1 for -1: peers:[840e6222-e2bf-4d59-97a6-2daf7d45cde1|rpc:10.1.0.20:15093|admin:10.1.0.20:15092|client:10.1.0.20:15091|dataStream:10.1.0.20:15094|priority:1|startupRole:FOLLOWER]|listeners:[], old=null
2023-07-12 21:54:55,576 [840e6222-e2bf-4d59-97a6-2daf7d45cde1@group-7076804DB5F9-LeaderElection22] INFO  impl.LeaderElection (LeaderElection.java:askForVotes(323)) - 840e6222-e2bf-4d59-97a6-2daf7d45cde1@group-7076804DB5F9-LeaderElection22 ELECTION round 0: result PASSED (term=1)
2023-07-12 21:54:55,576 [840e6222-e2bf-4d59-97a6-2daf7d45cde1@group-7076804DB5F9-LeaderElection22] INFO  impl.RoleInfo (RoleInfo.java:shutdownLeaderElection(130)) - 840e6222-e2bf-4d59-97a6-2daf7d45cde1: shutdown 840e6222-e2bf-4d59-97a6-2daf7d45cde1@group-7076804DB5F9-LeaderElection22
2023-07-12 21:54:55,576 [840e6222-e2bf-4d59-97a6-2daf7d45cde1@group-7076804DB5F9-LeaderElection22] INFO  server.RaftServer$Division (RaftServerImpl.java:setRole(329)) - 840e6222-e2bf-4d59-97a6-2daf7d45cde1@group-7076804DB5F9: changes role from CANDIDATE to LEADER at term 1 for changeToLeader
2023-07-12 21:54:55,576 [840e6222-e2bf-4d59-97a6-2daf7d45cde1@group-7076804DB5F9-LeaderElection22] INFO  ratis.XceiverServerRatis (XceiverServerRatis.java:handleLeaderChangedNotification(902)) - Leader change notification received for group: group-7076804DB5F9 with new leaderId: 840e6222-e2bf-4d59-97a6-2daf7d45cde1
2023-07-12 21:54:55,577 [840e6222-e2bf-4d59-97a6-2daf7d45cde1@group-7076804DB5F9-LeaderElection22] INFO  server.RaftServer$Division (ServerState.java:setLeader(317)) - 840e6222-e2bf-4d59-97a6-2daf7d45cde1@group-7076804DB5F9: change Leader from null to 840e6222-e2bf-4d59-97a6-2daf7d45cde1 at term 1 for becomeLeader, leader elected after 5150ms
2023-07-12 21:54:55,578 [840e6222-e2bf-4d59-97a6-2daf7d45cde1@group-7076804DB5F9-LeaderElection22] INFO  server.RaftServerConfigKeys (ConfUtils.java:logGet(46)) - raft.server.staging.catchup.gap = 1000 (default)
2023-07-12 21:54:55,578 [840e6222-e2bf-4d59-97a6-2daf7d45cde1@group-7076804DB5F9-LeaderElection22] INFO  server.RaftServerConfigKeys (ConfUtils.java:logGet(46)) - raft.server.write.element-limit = 1024 (custom)
2023-07-12 21:54:55,578 [840e6222-e2bf-4d59-97a6-2daf7d45cde1@group-7076804DB5F9-LeaderElection22] INFO  server.RaftServerConfigKeys (ConfUtils.java:logGet(46)) - raft.server.write.byte-limit = 1024 M (=1073741824) (custom)
2023-07-12 21:54:55,578 [840e6222-e2bf-4d59-97a6-2daf7d45cde1@group-7076804DB5F9-LeaderElection22] INFO  server.RaftServerConfigKeys (ConfUtils.java:logGet(46)) - raft.server.watch.timeout = 180s (custom)
2023-07-12 21:54:55,578 [840e6222-e2bf-4d59-97a6-2daf7d45cde1@group-7076804DB5F9-LeaderElection22] INFO  server.RaftServerConfigKeys (ConfUtils.java:logGet(46)) - raft.server.watch.timeout.denomination = 1s (default)
2023-07-12 21:54:55,578 [840e6222-e2bf-4d59-97a6-2daf7d45cde1@group-7076804DB5F9-LeaderElection22] INFO  server.RaftServerConfigKeys (ConfUtils.java:logGet(46)) - raft.server.watch.element-limit = 65536 (default)
2023-07-12 21:54:55,578 [840e6222-e2bf-4d59-97a6-2daf7d45cde1@group-7076804DB5F9-LeaderElection22] INFO  server.RaftServerConfigKeys (ConfUtils.java:logGet(46)) - raft.server.write.element-limit = 1024 (custom)
2023-07-12 21:54:55,578 [840e6222-e2bf-4d59-97a6-2daf7d45cde1@group-7076804DB5F9-LeaderElection22] INFO  server.RaftServerConfigKeys (ConfUtils.java:logGet(46)) - raft.server.write.follower.gap.ratio.max = -1.0 (default)
2023-07-12 21:54:55,578 [840e6222-e2bf-4d59-97a6-2daf7d45cde1@group-7076804DB5F9-LeaderElection22] INFO  impl.RoleInfo (RoleInfo.java:updateAndGet(139)) - 840e6222-e2bf-4d59-97a6-2daf7d45cde1: start 840e6222-e2bf-4d59-97a6-2daf7d45cde1@group-7076804DB5F9-LeaderStateImpl
2023-07-12 21:54:55,579 [840e6222-e2bf-4d59-97a6-2daf7d45cde1@group-7076804DB5F9-LeaderElection22] INFO  segmented.SegmentedRaftLogWorker (SegmentedRaftLogWorker.java:startLogSegment(447)) - 840e6222-e2bf-4d59-97a6-2daf7d45cde1@group-7076804DB5F9-SegmentedRaftLogWorker: Starting segment from index:0
2023-07-12 21:54:55,587 [840e6222-e2bf-4d59-97a6-2daf7d45cde1@group-7076804DB5F9-SegmentedRaftLogWorker] INFO  segmented.SegmentedRaftLogWorker (SegmentedRaftLogWorker.java:execute(651)) - 840e6222-e2bf-4d59-97a6-2daf7d45cde1@group-7076804DB5F9-SegmentedRaftLogWorker: created new log segment /home/runner/work/ozone/ozone/hadoop-ozone/integration-test/target/test-dir/MiniOzoneClusterImpl-cd6376e5-088e-4fb5-a36e-c0bbc8ba407a/datanode-1/data/ratis/da9b0047-dfd6-4078-a2d3-7076804db5f9/current/log_inprogress_0
2023-07-12 21:54:55,587 [840e6222-e2bf-4d59-97a6-2daf7d45cde1@group-7076804DB5F9-LeaderElection22] INFO  server.RaftServer$Division (ServerState.java:setRaftConf(434)) - 840e6222-e2bf-4d59-97a6-2daf7d45cde1@group-7076804DB5F9: set configuration 0: peers:[840e6222-e2bf-4d59-97a6-2daf7d45cde1|rpc:10.1.0.20:15093|admin:10.1.0.20:15092|client:10.1.0.20:15091|dataStream:10.1.0.20:15094|priority:1|startupRole:FOLLOWER]|listeners:[], old=null
2023-07-12 21:54:55,706 [main] INFO  ozone.MiniOzoneClusterImpl (MiniOzoneClusterImpl.java:lambda$waitForClusterToBeReady$0(224)) - Nodes are ready. Got 3 of 3 DN Heartbeats.
2023-07-12 21:54:55,707 [main] INFO  ozone.MiniOzoneClusterImpl (MiniOzoneClusterImpl.java:lambda$waitForClusterToBeReady$0(227)) - Cluster exits safe mode
2023-07-12 21:54:55,707 [main] INFO  ozone.MiniOzoneClusterImpl (MiniOzoneClusterImpl.java:lambda$waitForClusterToBeReady$0(229)) - SCM became leader
2023-07-12 21:54:55,729 [main] INFO  rpc.RpcClient (RpcClient.java:createVolume(460)) - Creating Volume: vol1, with user38579 as owner and space quota set to -1 bytes, counts quota set to -1
2023-07-12 21:54:55,733 [OM StateMachine ApplyTransaction Thread - 0] INFO  volume.OMVolumeCreateRequest (OMVolumeCreateRequest.java:validateAndUpdateCache(196)) - created volume:vol1 for user:user38579
2023-07-12 21:54:55,743 [main] INFO  rpc.RpcClient (RpcClient.java:createBucket(687)) - Creating Bucket: vol1/bucket1, with bucket layout LEGACY, runner as owner, Versioning false, Storage Type set to DISK and Encryption set to false, Replication Type set to server-side default replication type, Namespace Quota set to -1, Space Quota set to -1 
2023-07-12 21:54:55,747 [OM StateMachine ApplyTransaction Thread - 0] INFO  bucket.OMBucketCreateRequest (OMBucketCreateRequest.java:validateAndUpdateCache(270)) - created bucket: bucket1 of layout LEGACY in volume: vol1
2023-07-12 21:54:55,765 [IPC Server handler 3 on default port 15071] INFO  ha.SequenceIdGenerator (SequenceIdGenerator.java:getNextId(140)) - Allocate a batch for containerId, change lastId from 0 to 1000.
2023-07-12 21:54:55,765 [IPC Server handler 3 on default port 15071] WARN  ha.SequenceIdGenerator (SequenceIdGenerator.java:allocateBatch(249)) - Failed to allocate a batch for localId, expected lastId is 0, actual lastId is 111677748019200000.
2023-07-12 21:54:55,766 [IPC Server handler 3 on default port 15071] INFO  ha.SequenceIdGenerator (SequenceIdGenerator.java:getNextId(140)) - Allocate a batch for localId, change lastId from 111677748019200000 to 111677748019201000.
2023-07-12 21:54:55,795 [ChunkWriter-1-0] INFO  ContainerLog (ContainerLogger.java:logOpen(54)) - ID=1 | Index=0 | BCSID=0 | State=OPEN
2023-07-12 21:54:55,804 [ChunkWriter-1-0] INFO  ContainerLog (ContainerLogger.java:logOpen(54)) - ID=1 | Index=0 | BCSID=0 | State=OPEN
2023-07-12 21:54:55,804 [ChunkWriter-1-0] INFO  ContainerLog (ContainerLogger.java:logOpen(54)) - ID=1 | Index=0 | BCSID=0 | State=OPEN
2023-07-12 21:54:55,840 [a280a4f0-76da-400d-9632-7196842d80a6@group-F37944C89CF9-FollowerState] INFO  impl.FollowerState (FollowerState.java:run(143)) - a280a4f0-76da-400d-9632-7196842d80a6@group-F37944C89CF9-FollowerState: change to CANDIDATE, lastRpcElapsedTime:5120039538ns, electionTimeout:5119ms
2023-07-12 21:54:55,840 [a280a4f0-76da-400d-9632-7196842d80a6@group-F37944C89CF9-FollowerState] INFO  impl.RoleInfo (RoleInfo.java:shutdownFollowerState(110)) - a280a4f0-76da-400d-9632-7196842d80a6: shutdown a280a4f0-76da-400d-9632-7196842d80a6@group-F37944C89CF9-FollowerState
2023-07-12 21:54:55,840 [a280a4f0-76da-400d-9632-7196842d80a6@group-F37944C89CF9-FollowerState] INFO  server.RaftServer$Division (RaftServerImpl.java:setRole(329)) - a280a4f0-76da-400d-9632-7196842d80a6@group-F37944C89CF9: changes role from  FOLLOWER to CANDIDATE at term 0 for changeToCandidate
2023-07-12 21:54:55,856 [a280a4f0-76da-400d-9632-7196842d80a6@group-F37944C89CF9-FollowerState] INFO  server.RaftServerConfigKeys (ConfUtils.java:logGet(46)) - raft.server.leaderelection.pre-vote = true (default)
2023-07-12 21:54:55,856 [a280a4f0-76da-400d-9632-7196842d80a6@group-F37944C89CF9-FollowerState] INFO  impl.RoleInfo (RoleInfo.java:updateAndGet(139)) - a280a4f0-76da-400d-9632-7196842d80a6: start a280a4f0-76da-400d-9632-7196842d80a6@group-F37944C89CF9-LeaderElection23
2023-07-12 21:54:55,871 [a280a4f0-76da-400d-9632-7196842d80a6@group-F37944C89CF9-LeaderElection23] INFO  impl.LeaderElection (LeaderElection.java:askForVotes(321)) - a280a4f0-76da-400d-9632-7196842d80a6@group-F37944C89CF9-LeaderElection23 PRE_VOTE round 0: submit vote requests at term 0 for -1: peers:[a280a4f0-76da-400d-9632-7196842d80a6|rpc:10.1.0.20:15102|admin:10.1.0.20:15101|client:10.1.0.20:15100|dataStream:10.1.0.20:15103|priority:1|startupRole:FOLLOWER]|listeners:[], old=null
2023-07-12 21:54:55,871 [a280a4f0-76da-400d-9632-7196842d80a6@group-F37944C89CF9-LeaderElection23] INFO  impl.LeaderElection (LeaderElection.java:askForVotes(323)) - a280a4f0-76da-400d-9632-7196842d80a6@group-F37944C89CF9-LeaderElection23 PRE_VOTE round 0: result PASSED (term=0)
2023-07-12 21:54:55,873 [a280a4f0-76da-400d-9632-7196842d80a6@group-F37944C89CF9-LeaderElection23] INFO  impl.LeaderElection (LeaderElection.java:askForVotes(321)) - a280a4f0-76da-400d-9632-7196842d80a6@group-F37944C89CF9-LeaderElection23 ELECTION round 0: submit vote requests at term 1 for -1: peers:[a280a4f0-76da-400d-9632-7196842d80a6|rpc:10.1.0.20:15102|admin:10.1.0.20:15101|client:10.1.0.20:15100|dataStream:10.1.0.20:15103|priority:1|startupRole:FOLLOWER]|listeners:[], old=null
2023-07-12 21:54:55,873 [a280a4f0-76da-400d-9632-7196842d80a6@group-F37944C89CF9-LeaderElection23] INFO  impl.LeaderElection (LeaderElection.java:askForVotes(323)) - a280a4f0-76da-400d-9632-7196842d80a6@group-F37944C89CF9-LeaderElection23 ELECTION round 0: result PASSED (term=1)
2023-07-12 21:54:55,874 [a280a4f0-76da-400d-9632-7196842d80a6@group-F37944C89CF9-LeaderElection23] INFO  impl.RoleInfo (RoleInfo.java:shutdownLeaderElection(130)) - a280a4f0-76da-400d-9632-7196842d80a6: shutdown a280a4f0-76da-400d-9632-7196842d80a6@group-F37944C89CF9-LeaderElection23
2023-07-12 21:54:55,874 [a280a4f0-76da-400d-9632-7196842d80a6@group-F37944C89CF9-LeaderElection23] INFO  server.RaftServer$Division (RaftServerImpl.java:setRole(329)) - a280a4f0-76da-400d-9632-7196842d80a6@group-F37944C89CF9: changes role from CANDIDATE to LEADER at term 1 for changeToLeader
2023-07-12 21:54:55,874 [a280a4f0-76da-400d-9632-7196842d80a6@group-F37944C89CF9-LeaderElection23] INFO  ratis.XceiverServerRatis (XceiverServerRatis.java:handleLeaderChangedNotification(902)) - Leader change notification received for group: group-F37944C89CF9 with new leaderId: a280a4f0-76da-400d-9632-7196842d80a6
2023-07-12 21:54:55,874 [a280a4f0-76da-400d-9632-7196842d80a6@group-F37944C89CF9-LeaderElection23] INFO  server.RaftServer$Division (ServerState.java:setLeader(317)) - a280a4f0-76da-400d-9632-7196842d80a6@group-F37944C89CF9: change Leader from null to a280a4f0-76da-400d-9632-7196842d80a6 at term 1 for becomeLeader, leader elected after 5168ms
2023-07-12 21:54:55,874 [a280a4f0-76da-400d-9632-7196842d80a6@group-F37944C89CF9-LeaderElection23] INFO  server.RaftServerConfigKeys (ConfUtils.java:logGet(46)) - raft.server.staging.catchup.gap = 1000 (default)
2023-07-12 21:54:55,874 [a280a4f0-76da-400d-9632-7196842d80a6@group-F37944C89CF9-LeaderElection23] INFO  server.RaftServerConfigKeys (ConfUtils.java:logGet(46)) - raft.server.write.element-limit = 1024 (custom)
2023-07-12 21:54:55,874 [a280a4f0-76da-400d-9632-7196842d80a6@group-F37944C89CF9-LeaderElection23] INFO  server.RaftServerConfigKeys (ConfUtils.java:logGet(46)) - raft.server.write.byte-limit = 1024 M (=1073741824) (custom)
2023-07-12 21:54:55,874 [a280a4f0-76da-400d-9632-7196842d80a6@group-F37944C89CF9-LeaderElection23] INFO  server.RaftServerConfigKeys (ConfUtils.java:logGet(46)) - raft.server.watch.timeout = 180s (custom)
2023-07-12 21:54:55,874 [a280a4f0-76da-400d-9632-7196842d80a6@group-F37944C89CF9-LeaderElection23] INFO  server.RaftServerConfigKeys (ConfUtils.java:logGet(46)) - raft.server.watch.timeout.denomination = 1s (default)
2023-07-12 21:54:55,874 [a280a4f0-76da-400d-9632-7196842d80a6@group-F37944C89CF9-LeaderElection23] INFO  server.RaftServerConfigKeys (ConfUtils.java:logGet(46)) - raft.server.watch.element-limit = 65536 (default)
2023-07-12 21:54:55,874 [a280a4f0-76da-400d-9632-7196842d80a6@group-F37944C89CF9-LeaderElection23] INFO  server.RaftServerConfigKeys (ConfUtils.java:logGet(46)) - raft.server.write.element-limit = 1024 (custom)
2023-07-12 21:54:55,874 [a280a4f0-76da-400d-9632-7196842d80a6@group-F37944C89CF9-LeaderElection23] INFO  server.RaftServerConfigKeys (ConfUtils.java:logGet(46)) - raft.server.write.follower.gap.ratio.max = -1.0 (default)
2023-07-12 21:54:55,875 [a280a4f0-76da-400d-9632-7196842d80a6@group-F37944C89CF9-LeaderElection23] INFO  impl.RoleInfo (RoleInfo.java:updateAndGet(139)) - a280a4f0-76da-400d-9632-7196842d80a6: start a280a4f0-76da-400d-9632-7196842d80a6@group-F37944C89CF9-LeaderStateImpl
2023-07-12 21:54:55,876 [a280a4f0-76da-400d-9632-7196842d80a6@group-F37944C89CF9-LeaderElection23] INFO  segmented.SegmentedRaftLogWorker (SegmentedRaftLogWorker.java:startLogSegment(447)) - a280a4f0-76da-400d-9632-7196842d80a6@group-F37944C89CF9-SegmentedRaftLogWorker: Starting segment from index:0
2023-07-12 21:54:55,877 [a280a4f0-76da-400d-9632-7196842d80a6@group-F37944C89CF9-SegmentedRaftLogWorker] INFO  segmented.SegmentedRaftLogWorker (SegmentedRaftLogWorker.java:execute(651)) - a280a4f0-76da-400d-9632-7196842d80a6@group-F37944C89CF9-SegmentedRaftLogWorker: created new log segment /home/runner/work/ozone/ozone/hadoop-ozone/integration-test/target/test-dir/MiniOzoneClusterImpl-cd6376e5-088e-4fb5-a36e-c0bbc8ba407a/datanode-2/data/ratis/06eca8d4-7287-4c63-84bc-f37944c89cf9/current/log_inprogress_0
2023-07-12 21:54:55,878 [a280a4f0-76da-400d-9632-7196842d80a6@group-F37944C89CF9-LeaderElection23] INFO  server.RaftServer$Division (ServerState.java:setRaftConf(434)) - a280a4f0-76da-400d-9632-7196842d80a6@group-F37944C89CF9: set configuration 0: peers:[a280a4f0-76da-400d-9632-7196842d80a6|rpc:10.1.0.20:15102|admin:10.1.0.20:15101|client:10.1.0.20:15100|dataStream:10.1.0.20:15103|priority:1|startupRole:FOLLOWER]|listeners:[], old=null
2023-07-12 21:54:55,979 [ChunkWriter-2-0] INFO  ContainerLog (ContainerLogger.java:logOpen(54)) - ID=2 | Index=0 | BCSID=0 | State=OPEN
2023-07-12 21:54:55,997 [ChunkWriter-2-0] INFO  ContainerLog (ContainerLogger.java:logOpen(54)) - ID=2 | Index=0 | BCSID=0 | State=OPEN
2023-07-12 21:54:55,999 [ChunkWriter-2-0] INFO  ContainerLog (ContainerLogger.java:logOpen(54)) - ID=2 | Index=0 | BCSID=0 | State=OPEN
2023-07-12 21:54:56,185 [ChunkWriter-3-0] INFO  ContainerLog (ContainerLogger.java:logOpen(54)) - ID=3 | Index=0 | BCSID=0 | State=OPEN
2023-07-12 21:54:56,189 [ChunkWriter-3-0] INFO  ContainerLog (ContainerLogger.java:logOpen(54)) - ID=3 | Index=0 | BCSID=0 | State=OPEN
2023-07-12 21:54:56,194 [ChunkWriter-3-0] INFO  ContainerLog (ContainerLogger.java:logOpen(54)) - ID=3 | Index=0 | BCSID=0 | State=OPEN
2023-07-12 21:54:56,733 [ChunkWriter-2-0] INFO  ContainerLog (ContainerLogger.java:logOpen(54)) - ID=4 | Index=0 | BCSID=0 | State=OPEN
2023-07-12 21:54:56,744 [ChunkWriter-2-0] INFO  ContainerLog (ContainerLogger.java:logOpen(54)) - ID=4 | Index=0 | BCSID=0 | State=OPEN
2023-07-12 21:54:56,744 [ChunkWriter-2-0] INFO  ContainerLog (ContainerLogger.java:logOpen(54)) - ID=4 | Index=0 | BCSID=0 | State=OPEN
2023-07-12 21:54:57,269 [main] INFO  ozone.TestSnapshotDeletingService (TestSnapshotDeletingService.java:assertTableRowCount(565)) - keyTable actual row count=2, expectedCount=2
2023-07-12 21:54:57,274 [OM StateMachine ApplyTransaction Thread - 0] INFO  snapshot.OMSnapshotCreateRequest (OMSnapshotCreateRequest.java:validateAndUpdateCache(193)) - Created snapshot: 'bucket1snap1' with snapshotId: '0ae2b4fd-3db1-4e14-bfc3-2c8b8a372f15' under path 'vol1/bucket1'
2023-07-12 21:54:57,275 [main] INFO  ozone.TestSnapshotDeletingService (TestSnapshotDeletingService.java:assertTableRowCount(565)) - snapshotInfoTable actual row count=0, expectedCount=1
2023-07-12 21:54:57,296 [OMDoubleBufferFlushThread] INFO  db.RDBCheckpointManager (RDBCheckpointManager.java:createCheckpoint(89)) - Created checkpoint in rocksDB at /home/runner/work/ozone/ozone/hadoop-ozone/integration-test/target/test-dir/MiniOzoneClusterImpl-cd6376e5-088e-4fb5-a36e-c0bbc8ba407a/ozone-meta/db.snapshots/checkpointState/om.db-0ae2b4fd-3db1-4e14-bfc3-2c8b8a372f15 in 21 milliseconds
2023-07-12 21:54:57,296 [OMDoubleBufferFlushThread] INFO  db.RDBCheckpointUtils (RDBCheckpointUtils.java:waitForCheckpointDirectoryExist(59)) - Waited for 0 milliseconds for checkpoint directory /home/runner/work/ozone/ozone/hadoop-ozone/integration-test/target/test-dir/MiniOzoneClusterImpl-cd6376e5-088e-4fb5-a36e-c0bbc8ba407a/ozone-meta/db.snapshots/checkpointState/om.db-0ae2b4fd-3db1-4e14-bfc3-2c8b8a372f15 availability.
2023-07-12 21:54:57,297 [OMDoubleBufferFlushThread] INFO  om.OmSnapshotManager (OmSnapshotManager.java:createOmSnapshotCheckpoint(463)) - Created checkpoint : /home/runner/work/ozone/ozone/hadoop-ozone/integration-test/target/test-dir/MiniOzoneClusterImpl-cd6376e5-088e-4fb5-a36e-c0bbc8ba407a/ozone-meta/db.snapshots/checkpointState/om.db-0ae2b4fd-3db1-4e14-bfc3-2c8b8a372f15 for snapshot bucket1snap1
2023-07-12 21:54:57,299 [KeyDeletingService#0] INFO  snapshot.SnapshotCache (SnapshotCache.java:lambda$1(166)) - Loading snapshot. Table key: /vol1/bucket1/bucket1snap1
2023-07-12 21:54:57,299 [KeyDeletingService#0] WARN  server.ServerUtils (ServerUtils.java:getDBPath(311)) - ozone.om.db.dirs is not configured. We recommend adding this setting. Falling back to ozone.metadata.dirs instead.
2023-07-12 21:54:57,300 [KeyDeletingService#0] INFO  helpers.OmKeyInfo (OmKeyInfo.java:getCodec(71)) - OmKeyInfo.getCodec ignorePipeline = true
2023-07-12 21:54:58,275 [main] INFO  ozone.TestSnapshotDeletingService (TestSnapshotDeletingService.java:assertTableRowCount(565)) - snapshotInfoTable actual row count=1, expectedCount=1
2023-07-12 21:54:59,297 [KeyDeletingService#0] INFO  snapshot.SnapshotCache (SnapshotCache.java:lambda$1(166)) - Loading snapshot. Table key: /vol1/bucket1/bucket1snap1
2023-07-12 21:54:59,778 [main] INFO  ozone.TestSnapshotDeletingService (TestSnapshotDeletingService.java:assertTableRowCount(565)) - keyTable actual row count=0, expectedCount=0
2023-07-12 21:54:59,779 [main] INFO  ozone.TestSnapshotDeletingService (TestSnapshotDeletingService.java:assertTableRowCount(565)) - deletedTable actual row count=3, expectedCount=1
2023-07-12 21:54:59,797 [KeyDeletingService#0] INFO  snapshot.SnapshotCache (SnapshotCache.java:lambda$1(166)) - Loading snapshot. Table key: /vol1/bucket1/bucket1snap1
2023-07-12 21:54:59,798 [KeyDeletingService#0] INFO  snapshot.SnapshotCache (SnapshotCache.java:lambda$1(166)) - Loading snapshot. Table key: /vol1/bucket1/bucket1snap1
2023-07-12 21:54:59,798 [KeyDeletingService#0] INFO  snapshot.SnapshotCache (SnapshotCache.java:lambda$1(166)) - Loading snapshot. Table key: /vol1/bucket1/bucket1snap1
2023-07-12 21:54:59,800 [IPC Server handler 2 on default port 15071] INFO  ha.SequenceIdGenerator (SequenceIdGenerator.java:getNextId(140)) - Allocate a batch for delTxnId, change lastId from 0 to 1000.
2023-07-12 21:55:00,297 [KeyDeletingService#0] INFO  snapshot.SnapshotCache (SnapshotCache.java:lambda$1(166)) - Loading snapshot. Table key: /vol1/bucket1/bucket1snap1
2023-07-12 21:55:00,779 [main] INFO  ozone.TestSnapshotDeletingService (TestSnapshotDeletingService.java:assertTableRowCount(565)) - deletedTable actual row count=1, expectedCount=1
2023-07-12 21:55:00,783 [OM StateMachine ApplyTransaction Thread - 0] INFO  snapshot.OMSnapshotCreateRequest (OMSnapshotCreateRequest.java:validateAndUpdateCache(193)) - Created snapshot: 'bucket1snap2' with snapshotId: 'fbc99ced-3bbc-4455-a405-348724c6e707' under path 'vol1/bucket1'
2023-07-12 21:55:00,784 [main] INFO  ozone.TestSnapshotDeletingService (TestSnapshotDeletingService.java:assertTableRowCount(565)) - snapshotInfoTable actual row count=1, expectedCount=2
2023-07-12 21:55:00,807 [OMDoubleBufferFlushThread] INFO  db.RDBCheckpointManager (RDBCheckpointManager.java:createCheckpoint(89)) - Created checkpoint in rocksDB at /home/runner/work/ozone/ozone/hadoop-ozone/integration-test/target/test-dir/MiniOzoneClusterImpl-cd6376e5-088e-4fb5-a36e-c0bbc8ba407a/ozone-meta/db.snapshots/checkpointState/om.db-fbc99ced-3bbc-4455-a405-348724c6e707 in 22 milliseconds
2023-07-12 21:55:00,807 [OMDoubleBufferFlushThread] INFO  db.RDBCheckpointUtils (RDBCheckpointUtils.java:waitForCheckpointDirectoryExist(59)) - Waited for 0 milliseconds for checkpoint directory /home/runner/work/ozone/ozone/hadoop-ozone/integration-test/target/test-dir/MiniOzoneClusterImpl-cd6376e5-088e-4fb5-a36e-c0bbc8ba407a/ozone-meta/db.snapshots/checkpointState/om.db-fbc99ced-3bbc-4455-a405-348724c6e707 availability.
2023-07-12 21:55:00,809 [OMDoubleBufferFlushThread] INFO  om.OmSnapshotManager (OmSnapshotManager.java:createOmSnapshotCheckpoint(463)) - Created checkpoint : /home/runner/work/ozone/ozone/hadoop-ozone/integration-test/target/test-dir/MiniOzoneClusterImpl-cd6376e5-088e-4fb5-a36e-c0bbc8ba407a/ozone-meta/db.snapshots/checkpointState/om.db-fbc99ced-3bbc-4455-a405-348724c6e707 for snapshot bucket1snap2
2023-07-12 21:55:01,297 [KeyDeletingService#0] INFO  snapshot.SnapshotCache (SnapshotCache.java:lambda$1(166)) - Loading snapshot. Table key: /vol1/bucket1/bucket1snap2
2023-07-12 21:55:01,298 [KeyDeletingService#0] WARN  server.ServerUtils (ServerUtils.java:getDBPath(311)) - ozone.om.db.dirs is not configured. We recommend adding this setting. Falling back to ozone.metadata.dirs instead.
2023-07-12 21:55:01,298 [KeyDeletingService#0] INFO  helpers.OmKeyInfo (OmKeyInfo.java:getCodec(71)) - OmKeyInfo.getCodec ignorePipeline = true
2023-07-12 21:55:01,338 [KeyDeletingService#0] INFO  snapshot.SnapshotCache (SnapshotCache.java:lambda$1(166)) - Loading snapshot. Table key: /vol1/bucket1/bucket1snap1
2023-07-12 21:55:01,784 [main] INFO  ozone.TestSnapshotDeletingService (TestSnapshotDeletingService.java:assertTableRowCount(565)) - snapshotInfoTable actual row count=2, expectedCount=2
2023-07-12 21:55:01,785 [main] INFO  ozone.TestSnapshotDeletingService (TestSnapshotDeletingService.java:assertTableRowCount(565)) - deletedTable actual row count=0, expectedCount=0
2023-07-12 21:55:03,801 [main] INFO  ozone.TestSnapshotDeletingService (TestSnapshotDeletingService.java:assertTableRowCount(565)) - keyTable actual row count=2, expectedCount=1
2023-07-12 21:55:03,802 [KeyDeletingService#0] INFO  snapshot.SnapshotCache (SnapshotCache.java:lambda$1(166)) - Loading snapshot. Table key: /vol1/bucket1/bucket1snap2
2023-07-12 21:55:04,801 [main] INFO  ozone.TestSnapshotDeletingService (TestSnapshotDeletingService.java:assertTableRowCount(565)) - keyTable actual row count=1, expectedCount=1
2023-07-12 21:55:04,802 [main] INFO  ozone.TestSnapshotDeletingService (TestSnapshotDeletingService.java:assertTableRowCount(565)) - deletedTable actual row count=0, expectedCount=0
2023-07-12 21:55:04,804 [OM StateMachine ApplyTransaction Thread - 0] INFO  snapshot.OMSnapshotCreateRequest (OMSnapshotCreateRequest.java:validateAndUpdateCache(193)) - Created snapshot: 'bucket1snap3' with snapshotId: 'c6399810-c3cb-4e77-a34c-ba78fbdbb29a' under path 'vol1/bucket1'
2023-07-12 21:55:04,806 [main] INFO  ozone.TestSnapshotDeletingService (TestSnapshotDeletingService.java:assertTableRowCount(565)) - snapshotInfoTable actual row count=2, expectedCount=3
2023-07-12 21:55:04,824 [OMDoubleBufferFlushThread] INFO  db.RDBCheckpointManager (RDBCheckpointManager.java:createCheckpoint(89)) - Created checkpoint in rocksDB at /home/runner/work/ozone/ozone/hadoop-ozone/integration-test/target/test-dir/MiniOzoneClusterImpl-cd6376e5-088e-4fb5-a36e-c0bbc8ba407a/ozone-meta/db.snapshots/checkpointState/om.db-c6399810-c3cb-4e77-a34c-ba78fbdbb29a in 17 milliseconds
2023-07-12 21:55:04,824 [OMDoubleBufferFlushThread] INFO  db.RDBCheckpointUtils (RDBCheckpointUtils.java:waitForCheckpointDirectoryExist(59)) - Waited for 0 milliseconds for checkpoint directory /home/runner/work/ozone/ozone/hadoop-ozone/integration-test/target/test-dir/MiniOzoneClusterImpl-cd6376e5-088e-4fb5-a36e-c0bbc8ba407a/ozone-meta/db.snapshots/checkpointState/om.db-c6399810-c3cb-4e77-a34c-ba78fbdbb29a availability.
2023-07-12 21:55:04,825 [OMDoubleBufferFlushThread] INFO  om.OmSnapshotManager (OmSnapshotManager.java:createOmSnapshotCheckpoint(463)) - Created checkpoint : /home/runner/work/ozone/ozone/hadoop-ozone/integration-test/target/test-dir/MiniOzoneClusterImpl-cd6376e5-088e-4fb5-a36e-c0bbc8ba407a/ozone-meta/db.snapshots/checkpointState/om.db-c6399810-c3cb-4e77-a34c-ba78fbdbb29a for snapshot bucket1snap3
2023-07-12 21:55:05,302 [KeyDeletingService#0] INFO  snapshot.SnapshotCache (SnapshotCache.java:lambda$1(166)) - Loading snapshot. Table key: /vol1/bucket1/bucket1snap3
2023-07-12 21:55:05,302 [KeyDeletingService#0] WARN  server.ServerUtils (ServerUtils.java:getDBPath(311)) - ozone.om.db.dirs is not configured. We recommend adding this setting. Falling back to ozone.metadata.dirs instead.
2023-07-12 21:55:05,303 [KeyDeletingService#0] INFO  helpers.OmKeyInfo (OmKeyInfo.java:getCodec(71)) - OmKeyInfo.getCodec ignorePipeline = true
2023-07-12 21:55:05,341 [KeyDeletingService#0] INFO  snapshot.SnapshotCache (SnapshotCache.java:lambda$1(166)) - Loading snapshot. Table key: /vol1/bucket1/bucket1snap2
2023-07-12 21:55:05,806 [main] INFO  ozone.TestSnapshotDeletingService (TestSnapshotDeletingService.java:assertTableRowCount(565)) - snapshotInfoTable actual row count=3, expectedCount=3
2023-07-12 21:55:05,809 [OM StateMachine ApplyTransaction Thread - 0] INFO  snapshot.OMSnapshotDeleteRequest (OMSnapshotDeleteRequest.java:validateAndUpdateCache(225)) - Deleted snapshot 'bucket1snap2' under path 'vol1/bucket1'
2023-07-12 21:55:05,810 [main] INFO  ozone.TestSnapshotDeletingService (TestSnapshotDeletingService.java:assertTableRowCount(565)) - snapshotInfoTable actual row count=3, expectedCount=2
2023-07-12 21:55:06,300 [SnapshotDeletingService#0] INFO  snapshot.SnapshotCache (SnapshotCache.java:lambda$1(166)) - Loading snapshot. Table key: /vol1/bucket1/bucket1snap2
2023-07-12 21:55:06,305 [SnapshotDeletingService#0] INFO  snapshot.SnapshotCache (SnapshotCache.java:lambda$1(166)) - Loading snapshot. Table key: /vol1/bucket1/bucket1snap1
2023-07-12 21:55:06,311 [OMDoubleBufferFlushThread] INFO  snapshot.SnapshotCache (SnapshotCache.java:lambda$1(166)) - Loading snapshot. Table key: /vol1/bucket1/bucket1snap2
2023-07-12 21:55:06,313 [OM StateMachine ApplyTransaction Thread - 0] INFO  upgrade.AbstractLayoutVersionManager (AbstractLayoutVersionManager.java:init(83)) - Initializing Layout version manager with metadata layout = QUOTA (version = 6), software layout = QUOTA (version = 6)
2023-07-12 21:55:06,313 [OMDoubleBufferFlushThread] INFO  snapshot.SnapshotCache (SnapshotCache.java:lambda$1(166)) - Loading snapshot. Table key: /vol1/bucket1/bucket1snap2
2023-07-12 21:55:06,313 [OMDoubleBufferFlushThread] INFO  snapshot.SnapshotCache (SnapshotCache.java:lambda$1(166)) - Loading snapshot. Table key: /vol1/bucket1/bucket1snap3
2023-07-12 21:55:06,800 [SnapshotDeletingService#0] INFO  snapshot.SnapshotCache (SnapshotCache.java:lambda$1(166)) - Loading snapshot. Table key: /vol1/bucket1/bucket1snap2
2023-07-12 21:55:06,811 [main] INFO  ozone.TestSnapshotDeletingService (TestSnapshotDeletingService.java:assertTableRowCount(565)) - snapshotInfoTable actual row count=2, expectedCount=2
2023-07-12 21:55:06,811 [main] INFO  ozone.TestSnapshotDeletingService (TestSnapshotDeletingService.java:assertTableRowCount(565)) - snapshotInfoTable actual row count=2, expectedCount=2
2023-07-12 21:55:06,812 [main] INFO  snapshot.SnapshotCache (SnapshotCache.java:lambda$1(166)) - Loading snapshot. Table key: /vol1/bucket1/bucket1snap3
2023-07-12 21:55:06,852 [main] INFO  ozone.MiniOzoneClusterImpl (MiniOzoneClusterImpl.java:shutdown(443)) - Shutting down the Mini Ozone Cluster
2023-07-12 21:55:06,852 [main] INFO  ozone.MiniOzoneClusterImpl (MiniOzoneClusterImpl.java:stop(460)) - Stopping the Mini Ozone Cluster
2023-07-12 21:55:06,852 [main] INFO  ozone.MiniOzoneClusterImpl (MiniOzoneClusterImpl.java:stopOM(551)) - Stopping the OzoneManager
2023-07-12 21:55:06,852 [main] INFO  om.OzoneManager (OzoneManager.java:stop(2198)) - om1[localhost:15074]: Stopping Ozone Manager
2023-07-12 21:55:06,853 [main] INFO  ipc.Server (Server.java:stop(3523)) - Stopping server on 15074
2023-07-12 21:55:06,860 [IPC Server listener on 15074] INFO  ipc.Server (Server.java:run(1434)) - Stopping IPC Server listener on 15074
2023-07-12 21:55:06,861 [IPC Server Responder] INFO  ipc.Server (Server.java:run(1567)) - Stopping IPC Server Responder
2023-07-12 21:55:06,862 [main] INFO  server.RaftServer (RaftServerProxy.java:lambda$close$6(416)) - om1: close
2023-07-12 21:55:06,862 [om1-impl-thread1] INFO  server.RaftServer$Division (RaftServerImpl.java:lambda$close$4(466)) - om1@group-C5BA1605619E: shutdown
2023-07-12 21:55:06,862 [om1-impl-thread1] INFO  util.JmxRegister (JmxRegister.java:unregister(73)) - Successfully un-registered JMX Bean with object name Ratis:service=RaftServer,group=group-C5BA1605619E,id=om1
2023-07-12 21:55:06,862 [om1-impl-thread1] INFO  impl.RoleInfo (RoleInfo.java:shutdownLeaderState(93)) - om1: shutdown om1@group-C5BA1605619E-LeaderStateImpl
2023-07-12 21:55:06,862 [om1-impl-thread1] INFO  impl.PendingRequests (PendingRequests.java:sendNotLeaderResponses(289)) - om1@group-C5BA1605619E-PendingRequests: sendNotLeaderResponses
2023-07-12 21:55:06,862 [main] INFO  server.GrpcService (GrpcService.java:closeImpl(311)) - om1: shutdown server GrpcServerProtocolService now
2023-07-12 21:55:06,866 [om1-impl-thread1] INFO  impl.StateMachineUpdater (StateMachineUpdater.java:stopAndJoin(155)) - om1@group-C5BA1605619E-StateMachineUpdater: set stopIndex = 60
2023-07-12 21:55:06,866 [om1@group-C5BA1605619E-StateMachineUpdater] INFO  ratis.OzoneManagerStateMachine (OzoneManagerStateMachine.java:takeSnapshot(479)) - Current Snapshot Index (t:1, i:60)
2023-07-12 21:55:06,866 [main] INFO  server.GrpcService (GrpcService.java:closeImpl(320)) - om1: shutdown server GrpcServerProtocolService successfully
2023-07-12 21:55:06,873 [om1@group-C5BA1605619E-StateMachineUpdater] INFO  impl.StateMachineUpdater (StateMachineUpdater.java:takeSnapshot(291)) - om1@group-C5BA1605619E-StateMachineUpdater: Took a snapshot at index 60
2023-07-12 21:55:06,873 [om1@group-C5BA1605619E-StateMachineUpdater] INFO  impl.StateMachineUpdater (StateMachineUpdater.java:lambda$new$0(97)) - om1@group-C5BA1605619E-StateMachineUpdater: snapshotIndex: updateIncreasingly -1 -> 60
2023-07-12 21:55:06,873 [om1@group-C5BA1605619E-StateMachineUpdater] INFO  ratis.OzoneManagerStateMachine (OzoneManagerStateMachine.java:close(533)) - StateMachine has shutdown. Shutdown OzoneManager if not already shutdown.
2023-07-12 21:55:06,873 [om1@group-C5BA1605619E-StateMachineUpdater] INFO  ratis.OzoneManagerDoubleBuffer (OzoneManagerDoubleBuffer.java:stopDaemon(551)) - Stopping OMDoubleBuffer flush thread
2023-07-12 21:55:06,873 [OMDoubleBufferFlushThread] INFO  ratis.OzoneManagerDoubleBuffer (OzoneManagerDoubleBuffer.java:canFlush(638)) - OMDoubleBuffer flush thread OMDoubleBufferFlushThread is interrupted and will exit.
2023-07-12 21:55:06,874 [om1-impl-thread1] INFO  server.RaftServer$Division (ServerState.java:close(472)) - om1@group-C5BA1605619E: closes. applyIndex: 60
2023-07-12 21:55:06,874 [Thread-2263] INFO  rocksdiff.RocksDBCheckpointDiffer (RocksDBCheckpointDiffer.java:onCompactionCompleted(529)) - Skipped the compaction entry. Compaction input files: [/home/runner/work/ozone/ozone/hadoop-ozone/integration-test/target/test-dir/MiniOzoneClusterImpl-cd6376e5-088e-4fb5-a36e-c0bbc8ba407a/ozone-meta/om.db/000073.sst, /home/runner/work/ozone/ozone/hadoop-ozone/integration-test/target/test-dir/MiniOzoneClusterImpl-cd6376e5-088e-4fb5-a36e-c0bbc8ba407a/ozone-meta/om.db/000067.sst, /home/runner/work/ozone/ozone/hadoop-ozone/integration-test/target/test-dir/MiniOzoneClusterImpl-cd6376e5-088e-4fb5-a36e-c0bbc8ba407a/ozone-meta/om.db/000060.sst, /home/runner/work/ozone/ozone/hadoop-ozone/integration-test/target/test-dir/MiniOzoneClusterImpl-cd6376e5-088e-4fb5-a36e-c0bbc8ba407a/ozone-meta/om.db/000053.sst] and output files: [/home/runner/work/ozone/ozone/hadoop-ozone/integration-test/target/test-dir/MiniOzoneClusterImpl-cd6376e5-088e-4fb5-a36e-c0bbc8ba407a/ozone-meta/om.db/000073.sst, /home/runner/work/ozone/ozone/hadoop-ozone/integration-test/target/test-dir/MiniOzoneClusterImpl-cd6376e5-088e-4fb5-a36e-c0bbc8ba407a/ozone-meta/om.db/000067.sst, /home/runner/work/ozone/ozone/hadoop-ozone/integration-test/target/test-dir/MiniOzoneClusterImpl-cd6376e5-088e-4fb5-a36e-c0bbc8ba407a/ozone-meta/om.db/000060.sst, /home/runner/work/ozone/ozone/hadoop-ozone/integration-test/target/test-dir/MiniOzoneClusterImpl-cd6376e5-088e-4fb5-a36e-c0bbc8ba407a/ozone-meta/om.db/000053.sst] are same.
2023-07-12 21:55:07,802 [om1-impl-thread1] INFO  segmented.SegmentedRaftLogWorker (SegmentedRaftLogWorker.java:close(252)) - om1@group-C5BA1605619E-SegmentedRaftLogWorker close()
2023-07-12 21:55:07,803 [JvmPauseMonitor11] INFO  util.JvmPauseMonitor (JvmPauseMonitor.java:run(109)) - JvmPauseMonitor-om1: Stopped
2023-07-12 21:55:07,803 [main] INFO  ratis.OzoneManagerStateMachine (OzoneManagerStateMachine.java:close(533)) - StateMachine has shutdown. Shutdown OzoneManager if not already shutdown.
2023-07-12 21:55:07,803 [main] INFO  ratis.OzoneManagerDoubleBuffer (OzoneManagerDoubleBuffer.java:stopDaemon(560)) - OMDoubleBuffer flush thread is not running.
2023-07-12 21:55:07,805 [main] INFO  utils.BackgroundService (BackgroundService.java:shutdown(141)) - Shutting down service KeyDeletingService
2023-07-12 21:55:07,805 [main] INFO  utils.BackgroundService (BackgroundService.java:shutdown(141)) - Shutting down service KeyDeletingService
2023-07-12 21:55:07,806 [main] INFO  utils.BackgroundService (BackgroundService.java:shutdown(141)) - Shutting down service OpenKeyCleanupService
2023-07-12 21:55:07,806 [main] INFO  utils.BackgroundService (BackgroundService.java:shutdown(141)) - Shutting down service SstFilteringService
2023-07-12 21:55:07,810 [main] INFO  utils.BackgroundService (BackgroundService.java:shutdown(141)) - Shutting down service SnapshotDeletingService
2023-07-12 21:55:07,811 [main] INFO  handler.ContextHandler (ContextHandler.java:doStop(1159)) - Stopped o.e.j.w.WebAppContext@73e4e754{ozoneManager,/,null,STOPPED}{file:/home/runner/work/ozone/ozone/hadoop-ozone/integration-test/target/test-classes/webapps/ozoneManager}
2023-07-12 21:55:07,812 [main] INFO  server.AbstractConnector (AbstractConnector.java:doStop(383)) - Stopped ServerConnector@75ad4dab{HTTP/1.1, (http/1.1)}{0.0.0.0:15075}
2023-07-12 21:55:07,812 [main] INFO  server.session (HouseKeeper.java:stopScavenging(149)) - node0 Stopped scavenging
2023-07-12 21:55:07,812 [main] INFO  handler.ContextHandler (ContextHandler.java:doStop(1159)) - Stopped o.e.j.s.ServletContextHandler@28b35a5b{static,/static,file:///home/runner/work/ozone/ozone/hadoop-ozone/integration-test/target/test-classes/webapps/static,STOPPED}
2023-07-12 21:55:07,813 [main] INFO  handler.ContextHandler (ContextHandler.java:doStop(1159)) - Stopped o.e.j.s.ServletContextHandler@283778be{logs,/logs,file:///home/runner/work/ozone/ozone/hadoop-ozone/integration-test/target/log,STOPPED}
2023-07-12 21:55:07,815 [main] INFO  snapshot.SnapshotDiffManager (SnapshotDiffManager.java:closeExecutorService(1720)) - Shutting down executorService: 'SnapDiffExecutor'
2023-07-12 21:55:07,815 [main] INFO  snapshot.SnapshotDiffManager (SnapshotDiffManager.java:closeExecutorService(1720)) - Shutting down executorService: 'SstDumpToolExecutor'
2023-07-12 21:55:07,819 [main] INFO  utils.BackgroundService (BackgroundService.java:shutdown(141)) - Shutting down service SnapshotDiffCleanupService
2023-07-12 21:55:07,822 [main] INFO  ozone.MiniOzoneClusterImpl (MiniOzoneClusterImpl.java:stopDatanodes(528)) - Stopping the HddsDatanodes
2023-07-12 21:55:07,823 [main] INFO  ozoneimpl.OzoneContainer (OzoneContainer.java:stop(441)) - Attempting to stop container services.
2023-07-12 21:55:07,824 [main] INFO  server.RaftServer (RaftServerProxy.java:lambda$close$6(416)) - 840e6222-e2bf-4d59-97a6-2daf7d45cde1: close
2023-07-12 21:55:07,826 [840e6222-e2bf-4d59-97a6-2daf7d45cde1-impl-thread1] INFO  server.RaftServer$Division (RaftServerImpl.java:lambda$close$4(466)) - 840e6222-e2bf-4d59-97a6-2daf7d45cde1@group-7076804DB5F9: shutdown
2023-07-12 21:55:07,826 [840e6222-e2bf-4d59-97a6-2daf7d45cde1-impl-thread1] INFO  util.JmxRegister (JmxRegister.java:unregister(73)) - Successfully un-registered JMX Bean with object name Ratis:service=RaftServer,group=group-7076804DB5F9,id=840e6222-e2bf-4d59-97a6-2daf7d45cde1
2023-07-12 21:55:07,826 [840e6222-e2bf-4d59-97a6-2daf7d45cde1-impl-thread1] INFO  impl.RoleInfo (RoleInfo.java:shutdownLeaderState(93)) - 840e6222-e2bf-4d59-97a6-2daf7d45cde1: shutdown 840e6222-e2bf-4d59-97a6-2daf7d45cde1@group-7076804DB5F9-LeaderStateImpl
2023-07-12 21:55:07,826 [840e6222-e2bf-4d59-97a6-2daf7d45cde1-impl-thread1] INFO  impl.PendingRequests (PendingRequests.java:sendNotLeaderResponses(289)) - 840e6222-e2bf-4d59-97a6-2daf7d45cde1@group-7076804DB5F9-PendingRequests: sendNotLeaderResponses
2023-07-12 21:55:07,826 [840e6222-e2bf-4d59-97a6-2daf7d45cde1-impl-thread1] INFO  impl.StateMachineUpdater (StateMachineUpdater.java:stopAndJoin(155)) - 840e6222-e2bf-4d59-97a6-2daf7d45cde1@group-7076804DB5F9-StateMachineUpdater: set stopIndex = 0
2023-07-12 21:55:07,826 [840e6222-e2bf-4d59-97a6-2daf7d45cde1@group-7076804DB5F9-StateMachineUpdater] INFO  ratis.ContainerStateMachine (ContainerStateMachine.java:takeSnapshot(330)) - group-7076804DB5F9: Taking a snapshot at:(t:1, i:0) file /home/runner/work/ozone/ozone/hadoop-ozone/integration-test/target/test-dir/MiniOzoneClusterImpl-cd6376e5-088e-4fb5-a36e-c0bbc8ba407a/datanode-1/data/ratis/da9b0047-dfd6-4078-a2d3-7076804db5f9/sm/snapshot.1_0
2023-07-12 21:55:07,827 [840e6222-e2bf-4d59-97a6-2daf7d45cde1-impl-thread2] INFO  server.RaftServer$Division (RaftServerImpl.java:lambda$close$4(466)) - 840e6222-e2bf-4d59-97a6-2daf7d45cde1@group-56FF926B43B3: shutdown
2023-07-12 21:55:07,827 [840e6222-e2bf-4d59-97a6-2daf7d45cde1-impl-thread2] INFO  util.JmxRegister (JmxRegister.java:unregister(73)) - Successfully un-registered JMX Bean with object name Ratis:service=RaftServer,group=group-56FF926B43B3,id=840e6222-e2bf-4d59-97a6-2daf7d45cde1
2023-07-12 21:55:07,827 [840e6222-e2bf-4d59-97a6-2daf7d45cde1-impl-thread2] INFO  impl.RoleInfo (RoleInfo.java:shutdownLeaderState(93)) - 840e6222-e2bf-4d59-97a6-2daf7d45cde1: shutdown 840e6222-e2bf-4d59-97a6-2daf7d45cde1@group-56FF926B43B3-LeaderStateImpl
2023-07-12 21:55:07,827 [main] INFO  server.GrpcService (GrpcService.java:closeImpl(311)) - 840e6222-e2bf-4d59-97a6-2daf7d45cde1: shutdown server org.apache.ratis.grpc.server.GrpcClientProtocolService now
2023-07-12 21:55:07,827 [ForkJoinPool.commonPool-worker-3] INFO  ozoneimpl.OzoneContainer (OzoneContainer.java:stop(441)) - Attempting to stop container services.
2023-07-12 21:55:07,827 [840e6222-e2bf-4d59-97a6-2daf7d45cde1-impl-thread3] INFO  server.RaftServer$Division (RaftServerImpl.java:lambda$close$4(466)) - 840e6222-e2bf-4d59-97a6-2daf7d45cde1@group-478376072D79: shutdown
2023-07-12 21:55:07,827 [840e6222-e2bf-4d59-97a6-2daf7d45cde1-impl-thread3] INFO  util.JmxRegister (JmxRegister.java:unregister(73)) - Successfully un-registered JMX Bean with object name Ratis:service=RaftServer,group=group-478376072D79,id=840e6222-e2bf-4d59-97a6-2daf7d45cde1
2023-07-12 21:55:07,827 [840e6222-e2bf-4d59-97a6-2daf7d45cde1-impl-thread3] INFO  impl.RoleInfo (RoleInfo.java:shutdownFollowerState(110)) - 840e6222-e2bf-4d59-97a6-2daf7d45cde1: shutdown 840e6222-e2bf-4d59-97a6-2daf7d45cde1@group-478376072D79-FollowerState
2023-07-12 21:55:07,827 [840e6222-e2bf-4d59-97a6-2daf7d45cde1@group-56FF926B43B3->1168ba7a-e337-4443-965f-a0107b7c0c08-GrpcLogAppender-LogAppenderDaemon] WARN  server.GrpcLogAppender (GrpcLogAppender.java:mayWait(199)) - 840e6222-e2bf-4d59-97a6-2daf7d45cde1@group-56FF926B43B3->1168ba7a-e337-4443-965f-a0107b7c0c08-GrpcLogAppender: Wait interrupted by java.lang.InterruptedException
2023-07-12 21:55:07,827 [840e6222-e2bf-4d59-97a6-2daf7d45cde1@group-56FF926B43B3->a280a4f0-76da-400d-9632-7196842d80a6-GrpcLogAppender-LogAppenderDaemon] WARN  server.GrpcLogAppender (GrpcLogAppender.java:mayWait(199)) - 840e6222-e2bf-4d59-97a6-2daf7d45cde1@group-56FF926B43B3->a280a4f0-76da-400d-9632-7196842d80a6-GrpcLogAppender: Wait interrupted by java.lang.InterruptedException
2023-07-12 21:55:07,828 [grpc-default-executor-2] INFO  server.GrpcServerProtocolService (GrpcServerProtocolService.java:onCompleted(155)) - 1168ba7a-e337-4443-965f-a0107b7c0c08: Completed APPEND_ENTRIES, lastRequest: null
2023-07-12 21:55:07,828 [grpc-default-executor-4] INFO  server.GrpcServerProtocolService (GrpcServerProtocolService.java:onCompleted(155)) - a280a4f0-76da-400d-9632-7196842d80a6: Completed APPEND_ENTRIES, lastRequest: null
2023-07-12 21:55:07,828 [grpc-default-executor-2] INFO  server.GrpcServerProtocolService (GrpcServerProtocolService.java:lambda$onCompleted$5(157)) - 1168ba7a-e337-4443-965f-a0107b7c0c08: Completed APPEND_ENTRIES, lastReply: serverReply {
  requestorId: "840e6222-e2bf-4d59-97a6-2daf7d45cde1"
  replyId: "1168ba7a-e337-4443-965f-a0107b7c0c08"
  raftGroupId {
    id: "#2\330\317s\201L\020\254\220V\377\222kC\263"
  }
  callId: 266
  success: true
}
term: 1
nextIndex: 234
followerCommit: 233
matchIndex: 18446744073709551615
isHearbeat: true

2023-07-12 21:55:07,828 [grpc-default-executor-0] INFO  server.GrpcServerProtocolService (GrpcServerProtocolService.java:onCompleted(155)) - a280a4f0-76da-400d-9632-7196842d80a6: Completed APPEND_ENTRIES, lastRequest: 840e6222-e2bf-4d59-97a6-2daf7d45cde1->a280a4f0-76da-400d-9632-7196842d80a6#258-t1,previous=(t:1, i:232),leaderCommit=232,initializing? true,entries: size=1, first=(t:1, i:233), METADATAENTRY(c:232)
2023-07-12 21:55:07,828 [grpc-default-executor-0] INFO  server.GrpcServerProtocolService (GrpcServerProtocolService.java:lambda$onCompleted$5(157)) - a280a4f0-76da-400d-9632-7196842d80a6: Completed APPEND_ENTRIES, lastReply: null
2023-07-12 21:55:07,829 [grpc-default-executor-4] INFO  server.GrpcServerProtocolService (GrpcServerProtocolService.java:lambda$onCompleted$5(157)) - a280a4f0-76da-400d-9632-7196842d80a6: Completed APPEND_ENTRIES, lastReply: serverReply {
  requestorId: "840e6222-e2bf-4d59-97a6-2daf7d45cde1"
  replyId: "a280a4f0-76da-400d-9632-7196842d80a6"
  raftGroupId {
    id: "#2\330\317s\201L\020\254\220V\377\222kC\263"
  }
  callId: 262
  success: true
}
term: 1
nextIndex: 234
followerCommit: 233
matchIndex: 18446744073709551615
isHearbeat: true

2023-07-12 21:55:07,830 [grpc-default-executor-3] INFO  server.GrpcServerProtocolService (GrpcServerProtocolService.java:onCompleted(155)) - 1168ba7a-e337-4443-965f-a0107b7c0c08: Completed APPEND_ENTRIES, lastRequest: 840e6222-e2bf-4d59-97a6-2daf7d45cde1->1168ba7a-e337-4443-965f-a0107b7c0c08#263-t1,previous=(t:1, i:232),leaderCommit=232,initializing? true,entries: size=1, first=(t:1, i:233), METADATAENTRY(c:232)
2023-07-12 21:55:07,830 [grpc-default-executor-3] INFO  server.GrpcServerProtocolService (GrpcServerProtocolService.java:lambda$onCompleted$5(157)) - 1168ba7a-e337-4443-965f-a0107b7c0c08: Completed APPEND_ENTRIES, lastReply: null
2023-07-12 21:55:07,830 [840e6222-e2bf-4d59-97a6-2daf7d45cde1-impl-thread2] INFO  impl.PendingRequests (PendingRequests.java:sendNotLeaderResponses(289)) - 840e6222-e2bf-4d59-97a6-2daf7d45cde1@group-56FF926B43B3-PendingRequests: sendNotLeaderResponses
2023-07-12 21:55:07,831 [grpc-default-executor-2] INFO  server.GrpcLogAppender (GrpcLogAppender.java:onCompleted(428)) - 840e6222-e2bf-4d59-97a6-2daf7d45cde1@group-56FF926B43B3->a280a4f0-76da-400d-9632-7196842d80a6-AppendLogResponseHandler: follower responses appendEntries COMPLETED
2023-07-12 21:55:07,832 [grpc-default-executor-3] INFO  server.GrpcLogAppender (GrpcLogAppender.java:onCompleted(428)) - 840e6222-e2bf-4d59-97a6-2daf7d45cde1@group-56FF926B43B3->a280a4f0-76da-400d-9632-7196842d80a6-AppendLogResponseHandler: follower responses appendEntries COMPLETED
2023-07-12 21:55:07,832 [840e6222-e2bf-4d59-97a6-2daf7d45cde1@group-478376072D79-FollowerState] INFO  impl.FollowerState (FollowerState.java:run(152)) - 840e6222-e2bf-4d59-97a6-2daf7d45cde1@group-478376072D79-FollowerState was interrupted
2023-07-12 21:55:07,832 [grpc-default-executor-1] INFO  server.GrpcLogAppender (GrpcLogAppender.java:onCompleted(428)) - 840e6222-e2bf-4d59-97a6-2daf7d45cde1@group-56FF926B43B3->1168ba7a-e337-4443-965f-a0107b7c0c08-AppendLogResponseHandler: follower responses appendEntries COMPLETED
2023-07-12 21:55:07,833 [grpc-default-executor-0] INFO  server.GrpcLogAppender (GrpcLogAppender.java:onCompleted(428)) - 840e6222-e2bf-4d59-97a6-2daf7d45cde1@group-56FF926B43B3->1168ba7a-e337-4443-965f-a0107b7c0c08-AppendLogResponseHandler: follower responses appendEntries COMPLETED
2023-07-12 21:55:07,836 [ForkJoinPool.commonPool-worker-3] INFO  server.RaftServer (RaftServerProxy.java:lambda$close$6(416)) - 1168ba7a-e337-4443-965f-a0107b7c0c08: close
2023-07-12 21:55:07,836 [840e6222-e2bf-4d59-97a6-2daf7d45cde1-impl-thread2] INFO  impl.StateMachineUpdater (StateMachineUpdater.java:stopAndJoin(155)) - 840e6222-e2bf-4d59-97a6-2daf7d45cde1@group-56FF926B43B3-StateMachineUpdater: set stopIndex = 233
2023-07-12 21:55:07,836 [1168ba7a-e337-4443-965f-a0107b7c0c08-impl-thread1] INFO  server.RaftServer$Division (RaftServerImpl.java:lambda$close$4(466)) - 1168ba7a-e337-4443-965f-a0107b7c0c08@group-B14FDF2BC333: shutdown
2023-07-12 21:55:07,836 [840e6222-e2bf-4d59-97a6-2daf7d45cde1@group-56FF926B43B3-StateMachineUpdater] INFO  ratis.ContainerStateMachine (ContainerStateMachine.java:takeSnapshot(330)) - group-56FF926B43B3: Taking a snapshot at:(t:1, i:233) file /home/runner/work/ozone/ozone/hadoop-ozone/integration-test/target/test-dir/MiniOzoneClusterImpl-cd6376e5-088e-4fb5-a36e-c0bbc8ba407a/datanode-1/data/ratis/2332d8cf-7381-4c10-ac90-56ff926b43b3/sm/snapshot.1_233
2023-07-12 21:55:07,836 [1168ba7a-e337-4443-965f-a0107b7c0c08-impl-thread1] INFO  util.JmxRegister (JmxRegister.java:unregister(73)) - Successfully un-registered JMX Bean with object name Ratis:service=RaftServer,group=group-B14FDF2BC333,id=1168ba7a-e337-4443-965f-a0107b7c0c08
2023-07-12 21:55:07,836 [1168ba7a-e337-4443-965f-a0107b7c0c08-impl-thread1] INFO  impl.RoleInfo (RoleInfo.java:shutdownLeaderState(93)) - 1168ba7a-e337-4443-965f-a0107b7c0c08: shutdown 1168ba7a-e337-4443-965f-a0107b7c0c08@group-B14FDF2BC333-LeaderStateImpl
2023-07-12 21:55:07,836 [1168ba7a-e337-4443-965f-a0107b7c0c08-impl-thread1] INFO  impl.PendingRequests (PendingRequests.java:sendNotLeaderResponses(289)) - 1168ba7a-e337-4443-965f-a0107b7c0c08@group-B14FDF2BC333-PendingRequests: sendNotLeaderResponses
2023-07-12 21:55:07,836 [1168ba7a-e337-4443-965f-a0107b7c0c08-impl-thread1] INFO  impl.StateMachineUpdater (StateMachineUpdater.java:stopAndJoin(155)) - 1168ba7a-e337-4443-965f-a0107b7c0c08@group-B14FDF2BC333-StateMachineUpdater: set stopIndex = 0
2023-07-12 21:55:07,836 [1168ba7a-e337-4443-965f-a0107b7c0c08@group-B14FDF2BC333-StateMachineUpdater] INFO  ratis.ContainerStateMachine (ContainerStateMachine.java:takeSnapshot(330)) - group-B14FDF2BC333: Taking a snapshot at:(t:1, i:0) file /home/runner/work/ozone/ozone/hadoop-ozone/integration-test/target/test-dir/MiniOzoneClusterImpl-cd6376e5-088e-4fb5-a36e-c0bbc8ba407a/datanode-0/data/ratis/a6d2f005-481b-44ce-ab07-b14fdf2bc333/sm/snapshot.1_0
2023-07-12 21:55:07,836 [840e6222-e2bf-4d59-97a6-2daf7d45cde1-impl-thread3] INFO  impl.StateMachineUpdater (StateMachineUpdater.java:stopAndJoin(155)) - 840e6222-e2bf-4d59-97a6-2daf7d45cde1@group-478376072D79-StateMachineUpdater: set stopIndex = 198
2023-07-12 21:55:07,837 [840e6222-e2bf-4d59-97a6-2daf7d45cde1@group-478376072D79-StateMachineUpdater] INFO  ratis.ContainerStateMachine (ContainerStateMachine.java:takeSnapshot(330)) - group-478376072D79: Taking a snapshot at:(t:1, i:198) file /home/runner/work/ozone/ozone/hadoop-ozone/integration-test/target/test-dir/MiniOzoneClusterImpl-cd6376e5-088e-4fb5-a36e-c0bbc8ba407a/datanode-1/data/ratis/921c675a-8748-4c94-a05b-478376072d79/sm/snapshot.1_198
2023-07-12 21:55:07,837 [1168ba7a-e337-4443-965f-a0107b7c0c08-impl-thread2] INFO  server.RaftServer$Division (RaftServerImpl.java:lambda$close$4(466)) - 1168ba7a-e337-4443-965f-a0107b7c0c08@group-56FF926B43B3: shutdown
2023-07-12 21:55:07,837 [1168ba7a-e337-4443-965f-a0107b7c0c08-impl-thread2] INFO  util.JmxRegister (JmxRegister.java:unregister(73)) - Successfully un-registered JMX Bean with object name Ratis:service=RaftServer,group=group-56FF926B43B3,id=1168ba7a-e337-4443-965f-a0107b7c0c08
2023-07-12 21:55:07,837 [1168ba7a-e337-4443-965f-a0107b7c0c08-impl-thread2] INFO  impl.RoleInfo (RoleInfo.java:shutdownFollowerState(110)) - 1168ba7a-e337-4443-965f-a0107b7c0c08: shutdown 1168ba7a-e337-4443-965f-a0107b7c0c08@group-56FF926B43B3-FollowerState
2023-07-12 21:55:07,831 [grpc-default-executor-2] INFO  leader.FollowerInfo (FollowerInfoImpl.java:lambda$new$0(52)) - 840e6222-e2bf-4d59-97a6-2daf7d45cde1@group-56FF926B43B3->a280a4f0-76da-400d-9632-7196842d80a6: decreaseNextIndex nextIndex: updateUnconditionally 234 -> 233
2023-07-12 21:55:07,837 [grpc-default-executor-3] INFO  leader.FollowerInfo (FollowerInfoImpl.java:lambda$new$0(52)) - 840e6222-e2bf-4d59-97a6-2daf7d45cde1@group-56FF926B43B3->a280a4f0-76da-400d-9632-7196842d80a6: decreaseNextIndex nextIndex: updateUnconditionally 233 -> 232
2023-07-12 21:55:07,832 [grpc-default-executor-1] INFO  leader.FollowerInfo (FollowerInfoImpl.java:lambda$new$0(52)) - 840e6222-e2bf-4d59-97a6-2daf7d45cde1@group-56FF926B43B3->1168ba7a-e337-4443-965f-a0107b7c0c08: decreaseNextIndex nextIndex: updateUnconditionally 234 -> 233
2023-07-12 21:55:07,837 [Thread-2268] INFO  server.GrpcServerProtocolClient (GrpcServerProtocolClient.java:close(103)) - a280a4f0-76da-400d-9632-7196842d80a6 Close channels
2023-07-12 21:55:07,837 [Thread-2267] INFO  server.GrpcServerProtocolClient (GrpcServerProtocolClient.java:close(103)) - 1168ba7a-e337-4443-965f-a0107b7c0c08 Close channels
2023-07-12 21:55:07,837 [grpc-default-executor-0] INFO  leader.FollowerInfo (FollowerInfoImpl.java:lambda$new$0(52)) - 840e6222-e2bf-4d59-97a6-2daf7d45cde1@group-56FF926B43B3->1168ba7a-e337-4443-965f-a0107b7c0c08: decreaseNextIndex nextIndex: updateUnconditionally 233 -> 232
2023-07-12 21:55:07,838 [ForkJoinPool.commonPool-worker-3] INFO  server.GrpcService (GrpcService.java:closeImpl(311)) - 1168ba7a-e337-4443-965f-a0107b7c0c08: shutdown server org.apache.ratis.grpc.server.GrpcClientProtocolService now
2023-07-12 21:55:07,839 [1168ba7a-e337-4443-965f-a0107b7c0c08-impl-thread3] INFO  server.RaftServer$Division (RaftServerImpl.java:lambda$close$4(466)) - 1168ba7a-e337-4443-965f-a0107b7c0c08@group-478376072D79: shutdown
2023-07-12 21:55:07,839 [1168ba7a-e337-4443-965f-a0107b7c0c08-impl-thread3] INFO  util.JmxRegister (JmxRegister.java:unregister(73)) - Successfully un-registered JMX Bean with object name Ratis:service=RaftServer,group=group-478376072D79,id=1168ba7a-e337-4443-965f-a0107b7c0c08
2023-07-12 21:55:07,839 [1168ba7a-e337-4443-965f-a0107b7c0c08-impl-thread3] INFO  impl.RoleInfo (RoleInfo.java:shutdownFollowerState(110)) - 1168ba7a-e337-4443-965f-a0107b7c0c08: shutdown 1168ba7a-e337-4443-965f-a0107b7c0c08@group-478376072D79-FollowerState
2023-07-12 21:55:07,839 [1168ba7a-e337-4443-965f-a0107b7c0c08-impl-thread3] INFO  impl.StateMachineUpdater (StateMachineUpdater.java:stopAndJoin(155)) - 1168ba7a-e337-4443-965f-a0107b7c0c08@group-478376072D79-StateMachineUpdater: set stopIndex = 198
2023-07-12 21:55:07,840 [1168ba7a-e337-4443-965f-a0107b7c0c08@group-478376072D79-FollowerState] INFO  impl.FollowerState (FollowerState.java:run(152)) - 1168ba7a-e337-4443-965f-a0107b7c0c08@group-478376072D79-FollowerState was interrupted
2023-07-12 21:55:07,840 [1168ba7a-e337-4443-965f-a0107b7c0c08@group-478376072D79-StateMachineUpdater] INFO  ratis.ContainerStateMachine (ContainerStateMachine.java:takeSnapshot(330)) - group-478376072D79: Taking a snapshot at:(t:1, i:198) file /home/runner/work/ozone/ozone/hadoop-ozone/integration-test/target/test-dir/MiniOzoneClusterImpl-cd6376e5-088e-4fb5-a36e-c0bbc8ba407a/datanode-0/data/ratis/921c675a-8748-4c94-a05b-478376072d79/sm/snapshot.1_198
2023-07-12 21:55:07,838 [1168ba7a-e337-4443-965f-a0107b7c0c08-impl-thread2] INFO  impl.StateMachineUpdater (StateMachineUpdater.java:stopAndJoin(155)) - 1168ba7a-e337-4443-965f-a0107b7c0c08@group-56FF926B43B3-StateMachineUpdater: set stopIndex = 233
2023-07-12 21:55:07,849 [main] INFO  server.GrpcService (GrpcService.java:closeImpl(320)) - 840e6222-e2bf-4d59-97a6-2daf7d45cde1: shutdown server org.apache.ratis.grpc.server.GrpcClientProtocolService successfully
2023-07-12 21:55:07,849 [main] INFO  server.GrpcService (GrpcService.java:closeImpl(311)) - 840e6222-e2bf-4d59-97a6-2daf7d45cde1: shutdown server GrpcServerProtocolService now
2023-07-12 21:55:07,838 [1168ba7a-e337-4443-965f-a0107b7c0c08@group-56FF926B43B3-FollowerState] INFO  impl.FollowerState (FollowerState.java:run(152)) - 1168ba7a-e337-4443-965f-a0107b7c0c08@group-56FF926B43B3-FollowerState was interrupted
2023-07-12 21:55:07,841 [Thread-2273] INFO  server.GrpcServerProtocolClient (GrpcServerProtocolClient.java:close(103)) - a280a4f0-76da-400d-9632-7196842d80a6 Close channels
2023-07-12 21:55:07,841 [Thread-2271] INFO  server.GrpcServerProtocolClient (GrpcServerProtocolClient.java:close(103)) - 840e6222-e2bf-4d59-97a6-2daf7d45cde1 Close channels
2023-07-12 21:55:07,841 [1168ba7a-e337-4443-965f-a0107b7c0c08@group-56FF926B43B3-StateMachineUpdater] INFO  ratis.ContainerStateMachine (ContainerStateMachine.java:takeSnapshot(330)) - group-56FF926B43B3: Taking a snapshot at:(t:1, i:233) file /home/runner/work/ozone/ozone/hadoop-ozone/integration-test/target/test-dir/MiniOzoneClusterImpl-cd6376e5-088e-4fb5-a36e-c0bbc8ba407a/datanode-0/data/ratis/2332d8cf-7381-4c10-ac90-56ff926b43b3/sm/snapshot.1_233
2023-07-12 21:55:07,850 [grpc-default-executor-1] WARN  server.GrpcServerProtocolService (LogUtils.java:warn(122)) - 840e6222-e2bf-4d59-97a6-2daf7d45cde1: APPEND_ENTRIES onError, lastRequest: null: org.apache.ratis.thirdparty.io.grpc.StatusRuntimeException: CANCELLED: client cancelled
2023-07-12 21:55:07,850 [grpc-default-executor-3] WARN  server.GrpcLogAppender (LogUtils.java:warn(122)) - a280a4f0-76da-400d-9632-7196842d80a6@group-478376072D79->840e6222-e2bf-4d59-97a6-2daf7d45cde1-AppendLogResponseHandler: Failed appendEntries: org.apache.ratis.thirdparty.io.grpc.StatusRuntimeException: CANCELLED: RST_STREAM closed stream. HTTP/2 error code: CANCEL
2023-07-12 21:55:07,851 [grpc-default-executor-3] INFO  leader.FollowerInfo (FollowerInfoImpl.java:lambda$new$0(52)) - a280a4f0-76da-400d-9632-7196842d80a6@group-478376072D79->840e6222-e2bf-4d59-97a6-2daf7d45cde1: decreaseNextIndex nextIndex: updateUnconditionally 199 -> 198
2023-07-12 21:55:07,851 [grpc-default-executor-2] WARN  server.GrpcServerProtocolService (LogUtils.java:warn(122)) - 840e6222-e2bf-4d59-97a6-2daf7d45cde1: APPEND_ENTRIES onError, lastRequest: a280a4f0-76da-400d-9632-7196842d80a6->840e6222-e2bf-4d59-97a6-2daf7d45cde1#220-t1,previous=(t:1, i:197),leaderCommit=197,initializing? true,entries: size=1, first=(t:1, i:198), METADATAENTRY(c:197): org.apache.ratis.thirdparty.io.grpc.StatusRuntimeException: CANCELLED: client cancelled
2023-07-12 21:55:07,851 [grpc-default-executor-3] WARN  server.GrpcLogAppender (LogUtils.java:warn(122)) - a280a4f0-76da-400d-9632-7196842d80a6@group-478376072D79->840e6222-e2bf-4d59-97a6-2daf7d45cde1-AppendLogResponseHandler: Failed appendEntries: org.apache.ratis.thirdparty.io.grpc.StatusRuntimeException: CANCELLED: RST_STREAM closed stream. HTTP/2 error code: CANCEL
2023-07-12 21:55:07,851 [grpc-default-executor-3] INFO  leader.FollowerInfo (FollowerInfoImpl.java:lambda$new$0(52)) - a280a4f0-76da-400d-9632-7196842d80a6@group-478376072D79->840e6222-e2bf-4d59-97a6-2daf7d45cde1: decreaseNextIndex nextIndex: updateUnconditionally 198 -> 197
2023-07-12 21:55:07,858 [ForkJoinPool.commonPool-worker-0] INFO  ozoneimpl.OzoneContainer (OzoneContainer.java:stop(441)) - Attempting to stop container services.
2023-07-12 21:55:07,858 [ForkJoinPool.commonPool-worker-3] INFO  server.GrpcService (GrpcService.java:closeImpl(320)) - 1168ba7a-e337-4443-965f-a0107b7c0c08: shutdown server org.apache.ratis.grpc.server.GrpcClientProtocolService successfully
2023-07-12 21:55:07,858 [ForkJoinPool.commonPool-worker-3] INFO  server.GrpcService (GrpcService.java:closeImpl(311)) - 1168ba7a-e337-4443-965f-a0107b7c0c08: shutdown server GrpcServerProtocolService now
2023-07-12 21:55:07,859 [main] INFO  server.GrpcService (GrpcService.java:closeImpl(320)) - 840e6222-e2bf-4d59-97a6-2daf7d45cde1: shutdown server GrpcServerProtocolService successfully
2023-07-12 21:55:07,859 [main] INFO  server.GrpcService (GrpcService.java:closeImpl(311)) - 840e6222-e2bf-4d59-97a6-2daf7d45cde1: shutdown server org.apache.ratis.grpc.server.GrpcAdminProtocolService now
2023-07-12 21:55:07,859 [ForkJoinPool.commonPool-worker-0] INFO  server.RaftServer (RaftServerProxy.java:lambda$close$6(416)) - a280a4f0-76da-400d-9632-7196842d80a6: close
2023-07-12 21:55:07,860 [a280a4f0-76da-400d-9632-7196842d80a6-impl-thread1] INFO  server.RaftServer$Division (RaftServerImpl.java:lambda$close$4(466)) - a280a4f0-76da-400d-9632-7196842d80a6@group-F37944C89CF9: shutdown
2023-07-12 21:55:07,860 [a280a4f0-76da-400d-9632-7196842d80a6-impl-thread1] INFO  util.JmxRegister (JmxRegister.java:unregister(73)) - Successfully un-registered JMX Bean with object name Ratis:service=RaftServer,group=group-F37944C89CF9,id=a280a4f0-76da-400d-9632-7196842d80a6
2023-07-12 21:55:07,860 [a280a4f0-76da-400d-9632-7196842d80a6-impl-thread1] INFO  impl.RoleInfo (RoleInfo.java:shutdownLeaderState(93)) - a280a4f0-76da-400d-9632-7196842d80a6: shutdown a280a4f0-76da-400d-9632-7196842d80a6@group-F37944C89CF9-LeaderStateImpl
2023-07-12 21:55:07,860 [a280a4f0-76da-400d-9632-7196842d80a6-impl-thread1] INFO  impl.PendingRequests (PendingRequests.java:sendNotLeaderResponses(289)) - a280a4f0-76da-400d-9632-7196842d80a6@group-F37944C89CF9-PendingRequests: sendNotLeaderResponses
2023-07-12 21:55:07,860 [a280a4f0-76da-400d-9632-7196842d80a6-impl-thread2] INFO  server.RaftServer$Division (RaftServerImpl.java:lambda$close$4(466)) - a280a4f0-76da-400d-9632-7196842d80a6@group-56FF926B43B3: shutdown
2023-07-12 21:55:07,860 [a280a4f0-76da-400d-9632-7196842d80a6-impl-thread2] INFO  util.JmxRegister (JmxRegister.java:unregister(73)) - Successfully un-registered JMX Bean with object name Ratis:service=RaftServer,group=group-56FF926B43B3,id=a280a4f0-76da-400d-9632-7196842d80a6
2023-07-12 21:55:07,860 [a280a4f0-76da-400d-9632-7196842d80a6-impl-thread1] INFO  impl.StateMachineUpdater (StateMachineUpdater.java:stopAndJoin(155)) - a280a4f0-76da-400d-9632-7196842d80a6@group-F37944C89CF9-StateMachineUpdater: set stopIndex = 0
2023-07-12 21:55:07,860 [ForkJoinPool.commonPool-worker-0] INFO  server.GrpcService (GrpcService.java:closeImpl(311)) - a280a4f0-76da-400d-9632-7196842d80a6: shutdown server org.apache.ratis.grpc.server.GrpcClientProtocolService now
2023-07-12 21:55:07,860 [a280a4f0-76da-400d-9632-7196842d80a6-impl-thread2] INFO  impl.RoleInfo (RoleInfo.java:shutdownFollowerState(110)) - a280a4f0-76da-400d-9632-7196842d80a6: shutdown a280a4f0-76da-400d-9632-7196842d80a6@group-56FF926B43B3-FollowerState
2023-07-12 21:55:07,863 [a280a4f0-76da-400d-9632-7196842d80a6@group-F37944C89CF9-StateMachineUpdater] INFO  ratis.ContainerStateMachine (ContainerStateMachine.java:takeSnapshot(330)) - group-F37944C89CF9: Taking a snapshot at:(t:1, i:0) file /home/runner/work/ozone/ozone/hadoop-ozone/integration-test/target/test-dir/MiniOzoneClusterImpl-cd6376e5-088e-4fb5-a36e-c0bbc8ba407a/datanode-2/data/ratis/06eca8d4-7287-4c63-84bc-f37944c89cf9/sm/snapshot.1_0
2023-07-12 21:55:07,863 [a280a4f0-76da-400d-9632-7196842d80a6@group-56FF926B43B3-FollowerState] INFO  impl.FollowerState (FollowerState.java:run(152)) - a280a4f0-76da-400d-9632-7196842d80a6@group-56FF926B43B3-FollowerState was interrupted
2023-07-12 21:55:07,863 [a280a4f0-76da-400d-9632-7196842d80a6@group-56FF926B43B3-StateMachineUpdater] INFO  ratis.ContainerStateMachine (ContainerStateMachine.java:takeSnapshot(330)) - group-56FF926B43B3: Taking a snapshot at:(t:1, i:233) file /home/runner/work/ozone/ozone/hadoop-ozone/integration-test/target/test-dir/MiniOzoneClusterImpl-cd6376e5-088e-4fb5-a36e-c0bbc8ba407a/datanode-2/data/ratis/2332d8cf-7381-4c10-ac90-56ff926b43b3/sm/snapshot.1_233
2023-07-12 21:55:07,863 [a280a4f0-76da-400d-9632-7196842d80a6-impl-thread2] INFO  impl.StateMachineUpdater (StateMachineUpdater.java:stopAndJoin(155)) - a280a4f0-76da-400d-9632-7196842d80a6@group-56FF926B43B3-StateMachineUpdater: set stopIndex = 233
2023-07-12 21:55:07,864 [a280a4f0-76da-400d-9632-7196842d80a6-impl-thread3] INFO  server.RaftServer$Division (RaftServerImpl.java:lambda$close$4(466)) - a280a4f0-76da-400d-9632-7196842d80a6@group-478376072D79: shutdown
2023-07-12 21:55:07,864 [a280a4f0-76da-400d-9632-7196842d80a6-impl-thread3] INFO  util.JmxRegister (JmxRegister.java:unregister(73)) - Successfully un-registered JMX Bean with object name Ratis:service=RaftServer,group=group-478376072D79,id=a280a4f0-76da-400d-9632-7196842d80a6
2023-07-12 21:55:07,864 [a280a4f0-76da-400d-9632-7196842d80a6-impl-thread3] INFO  impl.RoleInfo (RoleInfo.java:shutdownLeaderState(93)) - a280a4f0-76da-400d-9632-7196842d80a6: shutdown a280a4f0-76da-400d-9632-7196842d80a6@group-478376072D79-LeaderStateImpl
2023-07-12 21:55:07,864 [a280a4f0-76da-400d-9632-7196842d80a6@group-478376072D79->840e6222-e2bf-4d59-97a6-2daf7d45cde1-GrpcLogAppender-LogAppenderDaemon] WARN  server.GrpcLogAppender (GrpcLogAppender.java:mayWait(199)) - a280a4f0-76da-400d-9632-7196842d80a6@group-478376072D79->840e6222-e2bf-4d59-97a6-2daf7d45cde1-GrpcLogAppender: Wait interrupted by java.lang.InterruptedException
2023-07-12 21:55:07,864 [a280a4f0-76da-400d-9632-7196842d80a6-impl-thread3] INFO  impl.PendingRequests (PendingRequests.java:sendNotLeaderResponses(289)) - a280a4f0-76da-400d-9632-7196842d80a6@group-478376072D79-PendingRequests: sendNotLeaderResponses
2023-07-12 21:55:07,869 [a280a4f0-76da-400d-9632-7196842d80a6@group-478376072D79->1168ba7a-e337-4443-965f-a0107b7c0c08-GrpcLogAppender-LogAppenderDaemon] WARN  server.GrpcLogAppender (GrpcLogAppender.java:mayWait(199)) - a280a4f0-76da-400d-9632-7196842d80a6@group-478376072D79->1168ba7a-e337-4443-965f-a0107b7c0c08-GrpcLogAppender: Wait interrupted by java.lang.InterruptedException
2023-07-12 21:55:07,869 [a280a4f0-76da-400d-9632-7196842d80a6-impl-thread3] INFO  impl.StateMachineUpdater (StateMachineUpdater.java:stopAndJoin(155)) - a280a4f0-76da-400d-9632-7196842d80a6@group-478376072D79-StateMachineUpdater: set stopIndex = 198
2023-07-12 21:55:07,870 [grpc-default-executor-2] WARN  server.GrpcServerProtocolService (LogUtils.java:warn(122)) - 1168ba7a-e337-4443-965f-a0107b7c0c08: APPEND_ENTRIES onError, lastRequest: a280a4f0-76da-400d-9632-7196842d80a6->1168ba7a-e337-4443-965f-a0107b7c0c08#220-t1,previous=(t:1, i:197),leaderCommit=197,initializing? true,entries: size=1, first=(t:1, i:198), METADATAENTRY(c:197): org.apache.ratis.thirdparty.io.grpc.StatusRuntimeException: CANCELLED: client cancelled
2023-07-12 21:55:07,870 [a280a4f0-76da-400d-9632-7196842d80a6@group-478376072D79-StateMachineUpdater] INFO  ratis.ContainerStateMachine (ContainerStateMachine.java:takeSnapshot(330)) - group-478376072D79: Taking a snapshot at:(t:1, i:198) file /home/runner/work/ozone/ozone/hadoop-ozone/integration-test/target/test-dir/MiniOzoneClusterImpl-cd6376e5-088e-4fb5-a36e-c0bbc8ba407a/datanode-2/data/ratis/921c675a-8748-4c94-a05b-478376072d79/sm/snapshot.1_198
2023-07-12 21:55:07,873 [main] INFO  server.GrpcService (GrpcService.java:closeImpl(320)) - 840e6222-e2bf-4d59-97a6-2daf7d45cde1: shutdown server org.apache.ratis.grpc.server.GrpcAdminProtocolService successfully
2023-07-12 21:55:07,873 [840e6222-e2bf-4d59-97a6-2daf7d45cde1-NettyServerStreamRpc-bossGroup--thread1] INFO  logging.LoggingHandler (AbstractInternalLogger.java:log(148)) - [id: 0xafba9c39, L:/0:0:0:0:0:0:0:0:15094] CLOSE
2023-07-12 21:55:07,874 [840e6222-e2bf-4d59-97a6-2daf7d45cde1-NettyServerStreamRpc-bossGroup--thread1] INFO  logging.LoggingHandler (AbstractInternalLogger.java:log(148)) - [id: 0xafba9c39, L:/0:0:0:0:0:0:0:0:15094] INACTIVE
2023-07-12 21:55:07,874 [840e6222-e2bf-4d59-97a6-2daf7d45cde1-NettyServerStreamRpc-bossGroup--thread1] INFO  logging.LoggingHandler (AbstractInternalLogger.java:log(148)) - [id: 0xafba9c39, L:/0:0:0:0:0:0:0:0:15094] UNREGISTERED
2023-07-12 21:55:07,879 [grpc-default-executor-0] WARN  server.GrpcServerProtocolService (LogUtils.java:warn(122)) - 1168ba7a-e337-4443-965f-a0107b7c0c08: APPEND_ENTRIES onError, lastRequest: null: org.apache.ratis.thirdparty.io.grpc.StatusRuntimeException: CANCELLED: client cancelled
2023-07-12 21:55:07,879 [grpc-default-executor-4] INFO  server.GrpcLogAppender (GrpcLogAppender.java:onError(417)) - a280a4f0-76da-400d-9632-7196842d80a6@group-478376072D79->1168ba7a-e337-4443-965f-a0107b7c0c08-GrpcLogAppender is already stopped
2023-07-12 21:55:07,882 [grpc-default-executor-4] INFO  server.GrpcLogAppender (GrpcLogAppender.java:onError(417)) - a280a4f0-76da-400d-9632-7196842d80a6@group-478376072D79->1168ba7a-e337-4443-965f-a0107b7c0c08-GrpcLogAppender is already stopped
2023-07-12 21:55:07,882 [ForkJoinPool.commonPool-worker-3] INFO  server.GrpcService (GrpcService.java:closeImpl(320)) - 1168ba7a-e337-4443-965f-a0107b7c0c08: shutdown server GrpcServerProtocolService successfully
2023-07-12 21:55:07,882 [ForkJoinPool.commonPool-worker-3] INFO  server.GrpcService (GrpcService.java:closeImpl(311)) - 1168ba7a-e337-4443-965f-a0107b7c0c08: shutdown server org.apache.ratis.grpc.server.GrpcAdminProtocolService now
2023-07-12 21:55:07,884 [Thread-2280] INFO  server.GrpcServerProtocolClient (GrpcServerProtocolClient.java:close(103)) - 840e6222-e2bf-4d59-97a6-2daf7d45cde1 Close channels
2023-07-12 21:55:07,886 [ForkJoinPool.commonPool-worker-3] INFO  server.GrpcService (GrpcService.java:closeImpl(320)) - 1168ba7a-e337-4443-965f-a0107b7c0c08: shutdown server org.apache.ratis.grpc.server.GrpcAdminProtocolService successfully
2023-07-12 21:55:07,886 [1168ba7a-e337-4443-965f-a0107b7c0c08-NettyServerStreamRpc-bossGroup--thread1] INFO  logging.LoggingHandler (AbstractInternalLogger.java:log(148)) - [id: 0x542f62f5, L:/0:0:0:0:0:0:0:0:15085] CLOSE
2023-07-12 21:55:07,886 [1168ba7a-e337-4443-965f-a0107b7c0c08-NettyServerStreamRpc-bossGroup--thread1] INFO  logging.LoggingHandler (AbstractInternalLogger.java:log(148)) - [id: 0x542f62f5, L:/0:0:0:0:0:0:0:0:15085] INACTIVE
2023-07-12 21:55:07,886 [1168ba7a-e337-4443-965f-a0107b7c0c08-NettyServerStreamRpc-bossGroup--thread1] INFO  logging.LoggingHandler (AbstractInternalLogger.java:log(148)) - [id: 0x542f62f5, L:/0:0:0:0:0:0:0:0:15085] UNREGISTERED
2023-07-12 21:55:07,890 [Thread-2286] INFO  server.GrpcServerProtocolClient (GrpcServerProtocolClient.java:close(103)) - 1168ba7a-e337-4443-965f-a0107b7c0c08 Close channels
2023-07-12 21:55:07,893 [ForkJoinPool.commonPool-worker-0] INFO  server.GrpcService (GrpcService.java:closeImpl(320)) - a280a4f0-76da-400d-9632-7196842d80a6: shutdown server org.apache.ratis.grpc.server.GrpcClientProtocolService successfully
2023-07-12 21:55:07,893 [ForkJoinPool.commonPool-worker-0] INFO  server.GrpcService (GrpcService.java:closeImpl(311)) - a280a4f0-76da-400d-9632-7196842d80a6: shutdown server GrpcServerProtocolService now
2023-07-12 21:55:07,893 [ForkJoinPool.commonPool-worker-0] INFO  server.GrpcService (GrpcService.java:closeImpl(320)) - a280a4f0-76da-400d-9632-7196842d80a6: shutdown server GrpcServerProtocolService successfully
2023-07-12 21:55:07,893 [ForkJoinPool.commonPool-worker-0] INFO  server.GrpcService (GrpcService.java:closeImpl(311)) - a280a4f0-76da-400d-9632-7196842d80a6: shutdown server org.apache.ratis.grpc.server.GrpcAdminProtocolService now
2023-07-12 21:55:07,896 [ForkJoinPool.commonPool-worker-0] INFO  server.GrpcService (GrpcService.java:closeImpl(320)) - a280a4f0-76da-400d-9632-7196842d80a6: shutdown server org.apache.ratis.grpc.server.GrpcAdminProtocolService successfully
2023-07-12 21:55:07,898 [a280a4f0-76da-400d-9632-7196842d80a6-NettyServerStreamRpc-bossGroup--thread1] INFO  logging.LoggingHandler (AbstractInternalLogger.java:log(148)) - [id: 0xe10368a5, L:/0:0:0:0:0:0:0:0:15103] CLOSE
2023-07-12 21:55:07,898 [a280a4f0-76da-400d-9632-7196842d80a6-NettyServerStreamRpc-bossGroup--thread1] INFO  logging.LoggingHandler (AbstractInternalLogger.java:log(148)) - [id: 0xe10368a5, L:/0:0:0:0:0:0:0:0:15103] INACTIVE
2023-07-12 21:55:07,898 [a280a4f0-76da-400d-9632-7196842d80a6-NettyServerStreamRpc-bossGroup--thread1] INFO  logging.LoggingHandler (AbstractInternalLogger.java:log(148)) - [id: 0xe10368a5, L:/0:0:0:0:0:0:0:0:15103] UNREGISTERED
2023-07-12 21:55:08,016 [840e6222-e2bf-4d59-97a6-2daf7d45cde1@group-7076804DB5F9-StateMachineUpdater] INFO  ratis.ContainerStateMachine (ContainerStateMachine.java:takeSnapshot(341)) - group-7076804DB5F9: Finished taking a snapshot at:(t:1, i:0) file:/home/runner/work/ozone/ozone/hadoop-ozone/integration-test/target/test-dir/MiniOzoneClusterImpl-cd6376e5-088e-4fb5-a36e-c0bbc8ba407a/datanode-1/data/ratis/da9b0047-dfd6-4078-a2d3-7076804db5f9/sm/snapshot.1_0 took: 189 ms
2023-07-12 21:55:08,016 [a280a4f0-76da-400d-9632-7196842d80a6@group-478376072D79-StateMachineUpdater] INFO  ratis.ContainerStateMachine (ContainerStateMachine.java:takeSnapshot(341)) - group-478376072D79: Finished taking a snapshot at:(t:1, i:198) file:/home/runner/work/ozone/ozone/hadoop-ozone/integration-test/target/test-dir/MiniOzoneClusterImpl-cd6376e5-088e-4fb5-a36e-c0bbc8ba407a/datanode-2/data/ratis/921c675a-8748-4c94-a05b-478376072d79/sm/snapshot.1_198 took: 146 ms
2023-07-12 21:55:08,016 [a280a4f0-76da-400d-9632-7196842d80a6@group-478376072D79-StateMachineUpdater] INFO  impl.StateMachineUpdater (StateMachineUpdater.java:takeSnapshot(291)) - a280a4f0-76da-400d-9632-7196842d80a6@group-478376072D79-StateMachineUpdater: Took a snapshot at index 198
2023-07-12 21:55:08,016 [a280a4f0-76da-400d-9632-7196842d80a6@group-478376072D79-StateMachineUpdater] INFO  impl.StateMachineUpdater (StateMachineUpdater.java:lambda$new$0(97)) - a280a4f0-76da-400d-9632-7196842d80a6@group-478376072D79-StateMachineUpdater: snapshotIndex: updateIncreasingly -1 -> 198
2023-07-12 21:55:08,016 [840e6222-e2bf-4d59-97a6-2daf7d45cde1@group-478376072D79-StateMachineUpdater] INFO  ratis.ContainerStateMachine (ContainerStateMachine.java:takeSnapshot(341)) - group-478376072D79: Finished taking a snapshot at:(t:1, i:198) file:/home/runner/work/ozone/ozone/hadoop-ozone/integration-test/target/test-dir/MiniOzoneClusterImpl-cd6376e5-088e-4fb5-a36e-c0bbc8ba407a/datanode-1/data/ratis/921c675a-8748-4c94-a05b-478376072d79/sm/snapshot.1_198 took: 180 ms
2023-07-12 21:55:08,017 [840e6222-e2bf-4d59-97a6-2daf7d45cde1@group-478376072D79-StateMachineUpdater] INFO  impl.StateMachineUpdater (StateMachineUpdater.java:takeSnapshot(291)) - 840e6222-e2bf-4d59-97a6-2daf7d45cde1@group-478376072D79-StateMachineUpdater: Took a snapshot at index 198
2023-07-12 21:55:08,017 [840e6222-e2bf-4d59-97a6-2daf7d45cde1@group-478376072D79-StateMachineUpdater] INFO  impl.StateMachineUpdater (StateMachineUpdater.java:lambda$new$0(97)) - 840e6222-e2bf-4d59-97a6-2daf7d45cde1@group-478376072D79-StateMachineUpdater: snapshotIndex: updateIncreasingly -1 -> 198
2023-07-12 21:55:08,017 [840e6222-e2bf-4d59-97a6-2daf7d45cde1-impl-thread3] INFO  server.RaftServer$Division (ServerState.java:close(472)) - 840e6222-e2bf-4d59-97a6-2daf7d45cde1@group-478376072D79: closes. applyIndex: 198
2023-07-12 21:55:08,017 [a280a4f0-76da-400d-9632-7196842d80a6-impl-thread3] INFO  server.RaftServer$Division (ServerState.java:close(472)) - a280a4f0-76da-400d-9632-7196842d80a6@group-478376072D79: closes. applyIndex: 198
2023-07-12 21:55:08,016 [840e6222-e2bf-4d59-97a6-2daf7d45cde1@group-7076804DB5F9-StateMachineUpdater] INFO  impl.StateMachineUpdater (StateMachineUpdater.java:takeSnapshot(291)) - 840e6222-e2bf-4d59-97a6-2daf7d45cde1@group-7076804DB5F9-StateMachineUpdater: Took a snapshot at index 0
2023-07-12 21:55:08,017 [840e6222-e2bf-4d59-97a6-2daf7d45cde1@group-7076804DB5F9-StateMachineUpdater] INFO  impl.StateMachineUpdater (StateMachineUpdater.java:lambda$new$0(97)) - 840e6222-e2bf-4d59-97a6-2daf7d45cde1@group-7076804DB5F9-StateMachineUpdater: snapshotIndex: updateIncreasingly -1 -> 0
2023-07-12 21:55:08,017 [840e6222-e2bf-4d59-97a6-2daf7d45cde1-impl-thread1] INFO  server.RaftServer$Division (ServerState.java:close(472)) - 840e6222-e2bf-4d59-97a6-2daf7d45cde1@group-7076804DB5F9: closes. applyIndex: 0
2023-07-12 21:55:08,016 [840e6222-e2bf-4d59-97a6-2daf7d45cde1@group-56FF926B43B3-StateMachineUpdater] INFO  ratis.ContainerStateMachine (ContainerStateMachine.java:takeSnapshot(341)) - group-56FF926B43B3: Finished taking a snapshot at:(t:1, i:233) file:/home/runner/work/ozone/ozone/hadoop-ozone/integration-test/target/test-dir/MiniOzoneClusterImpl-cd6376e5-088e-4fb5-a36e-c0bbc8ba407a/datanode-1/data/ratis/2332d8cf-7381-4c10-ac90-56ff926b43b3/sm/snapshot.1_233 took: 180 ms
2023-07-12 21:55:08,017 [1168ba7a-e337-4443-965f-a0107b7c0c08@group-B14FDF2BC333-StateMachineUpdater] INFO  ratis.ContainerStateMachine (ContainerStateMachine.java:takeSnapshot(341)) - group-B14FDF2BC333: Finished taking a snapshot at:(t:1, i:0) file:/home/runner/work/ozone/ozone/hadoop-ozone/integration-test/target/test-dir/MiniOzoneClusterImpl-cd6376e5-088e-4fb5-a36e-c0bbc8ba407a/datanode-0/data/ratis/a6d2f005-481b-44ce-ab07-b14fdf2bc333/sm/snapshot.1_0 took: 181 ms
2023-07-12 21:55:08,017 [840e6222-e2bf-4d59-97a6-2daf7d45cde1@group-56FF926B43B3-StateMachineUpdater] INFO  impl.StateMachineUpdater (StateMachineUpdater.java:takeSnapshot(291)) - 840e6222-e2bf-4d59-97a6-2daf7d45cde1@group-56FF926B43B3-StateMachineUpdater: Took a snapshot at index 233
2023-07-12 21:55:08,017 [840e6222-e2bf-4d59-97a6-2daf7d45cde1@group-56FF926B43B3-StateMachineUpdater] INFO  impl.StateMachineUpdater (StateMachineUpdater.java:lambda$new$0(97)) - 840e6222-e2bf-4d59-97a6-2daf7d45cde1@group-56FF926B43B3-StateMachineUpdater: snapshotIndex: updateIncreasingly -1 -> 233
2023-07-12 21:55:08,017 [1168ba7a-e337-4443-965f-a0107b7c0c08@group-B14FDF2BC333-StateMachineUpdater] INFO  impl.StateMachineUpdater (StateMachineUpdater.java:takeSnapshot(291)) - 1168ba7a-e337-4443-965f-a0107b7c0c08@group-B14FDF2BC333-StateMachineUpdater: Took a snapshot at index 0
2023-07-12 21:55:08,017 [1168ba7a-e337-4443-965f-a0107b7c0c08@group-B14FDF2BC333-StateMachineUpdater] INFO  impl.StateMachineUpdater (StateMachineUpdater.java:lambda$new$0(97)) - 1168ba7a-e337-4443-965f-a0107b7c0c08@group-B14FDF2BC333-StateMachineUpdater: snapshotIndex: updateIncreasingly -1 -> 0
2023-07-12 21:55:08,018 [840e6222-e2bf-4d59-97a6-2daf7d45cde1-impl-thread2] INFO  server.RaftServer$Division (ServerState.java:close(472)) - 840e6222-e2bf-4d59-97a6-2daf7d45cde1@group-56FF926B43B3: closes. applyIndex: 233
2023-07-12 21:55:08,018 [1168ba7a-e337-4443-965f-a0107b7c0c08-impl-thread1] INFO  server.RaftServer$Division (ServerState.java:close(472)) - 1168ba7a-e337-4443-965f-a0107b7c0c08@group-B14FDF2BC333: closes. applyIndex: 0
2023-07-12 21:55:08,018 [a280a4f0-76da-400d-9632-7196842d80a6@group-F37944C89CF9-StateMachineUpdater] INFO  ratis.ContainerStateMachine (ContainerStateMachine.java:takeSnapshot(341)) - group-F37944C89CF9: Finished taking a snapshot at:(t:1, i:0) file:/home/runner/work/ozone/ozone/hadoop-ozone/integration-test/target/test-dir/MiniOzoneClusterImpl-cd6376e5-088e-4fb5-a36e-c0bbc8ba407a/datanode-2/data/ratis/06eca8d4-7287-4c63-84bc-f37944c89cf9/sm/snapshot.1_0 took: 155 ms
2023-07-12 21:55:08,018 [a280a4f0-76da-400d-9632-7196842d80a6@group-F37944C89CF9-StateMachineUpdater] INFO  impl.StateMachineUpdater (StateMachineUpdater.java:takeSnapshot(291)) - a280a4f0-76da-400d-9632-7196842d80a6@group-F37944C89CF9-StateMachineUpdater: Took a snapshot at index 0
2023-07-12 21:55:08,018 [a280a4f0-76da-400d-9632-7196842d80a6@group-F37944C89CF9-StateMachineUpdater] INFO  impl.StateMachineUpdater (StateMachineUpdater.java:lambda$new$0(97)) - a280a4f0-76da-400d-9632-7196842d80a6@group-F37944C89CF9-StateMachineUpdater: snapshotIndex: updateIncreasingly -1 -> 0
2023-07-12 21:55:08,018 [a280a4f0-76da-400d-9632-7196842d80a6-impl-thread1] INFO  server.RaftServer$Division (ServerState.java:close(472)) - a280a4f0-76da-400d-9632-7196842d80a6@group-F37944C89CF9: closes. applyIndex: 0
2023-07-12 21:55:08,018 [a280a4f0-76da-400d-9632-7196842d80a6@group-56FF926B43B3-StateMachineUpdater] INFO  ratis.ContainerStateMachine (ContainerStateMachine.java:takeSnapshot(341)) - group-56FF926B43B3: Finished taking a snapshot at:(t:1, i:233) file:/home/runner/work/ozone/ozone/hadoop-ozone/integration-test/target/test-dir/MiniOzoneClusterImpl-cd6376e5-088e-4fb5-a36e-c0bbc8ba407a/datanode-2/data/ratis/2332d8cf-7381-4c10-ac90-56ff926b43b3/sm/snapshot.1_233 took: 155 ms
2023-07-12 21:55:08,018 [a280a4f0-76da-400d-9632-7196842d80a6@group-56FF926B43B3-StateMachineUpdater] INFO  impl.StateMachineUpdater (StateMachineUpdater.java:takeSnapshot(291)) - a280a4f0-76da-400d-9632-7196842d80a6@group-56FF926B43B3-StateMachineUpdater: Took a snapshot at index 233
2023-07-12 21:55:08,019 [a280a4f0-76da-400d-9632-7196842d80a6@group-56FF926B43B3-StateMachineUpdater] INFO  impl.StateMachineUpdater (StateMachineUpdater.java:lambda$new$0(97)) - a280a4f0-76da-400d-9632-7196842d80a6@group-56FF926B43B3-StateMachineUpdater: snapshotIndex: updateIncreasingly -1 -> 233
2023-07-12 21:55:08,019 [a280a4f0-76da-400d-9632-7196842d80a6-impl-thread2] INFO  server.RaftServer$Division (ServerState.java:close(472)) - a280a4f0-76da-400d-9632-7196842d80a6@group-56FF926B43B3: closes. applyIndex: 233
2023-07-12 21:55:08,019 [1168ba7a-e337-4443-965f-a0107b7c0c08@group-478376072D79-StateMachineUpdater] INFO  ratis.ContainerStateMachine (ContainerStateMachine.java:takeSnapshot(341)) - group-478376072D79: Finished taking a snapshot at:(t:1, i:198) file:/home/runner/work/ozone/ozone/hadoop-ozone/integration-test/target/test-dir/MiniOzoneClusterImpl-cd6376e5-088e-4fb5-a36e-c0bbc8ba407a/datanode-0/data/ratis/921c675a-8748-4c94-a05b-478376072d79/sm/snapshot.1_198 took: 179 ms
2023-07-12 21:55:08,020 [1168ba7a-e337-4443-965f-a0107b7c0c08@group-478376072D79-StateMachineUpdater] INFO  impl.StateMachineUpdater (StateMachineUpdater.java:takeSnapshot(291)) - 1168ba7a-e337-4443-965f-a0107b7c0c08@group-478376072D79-StateMachineUpdater: Took a snapshot at index 198
2023-07-12 21:55:08,020 [1168ba7a-e337-4443-965f-a0107b7c0c08@group-478376072D79-StateMachineUpdater] INFO  impl.StateMachineUpdater (StateMachineUpdater.java:lambda$new$0(97)) - 1168ba7a-e337-4443-965f-a0107b7c0c08@group-478376072D79-StateMachineUpdater: snapshotIndex: updateIncreasingly -1 -> 198
2023-07-12 21:55:08,019 [1168ba7a-e337-4443-965f-a0107b7c0c08@group-56FF926B43B3-StateMachineUpdater] INFO  ratis.ContainerStateMachine (ContainerStateMachine.java:takeSnapshot(341)) - group-56FF926B43B3: Finished taking a snapshot at:(t:1, i:233) file:/home/runner/work/ozone/ozone/hadoop-ozone/integration-test/target/test-dir/MiniOzoneClusterImpl-cd6376e5-088e-4fb5-a36e-c0bbc8ba407a/datanode-0/data/ratis/2332d8cf-7381-4c10-ac90-56ff926b43b3/sm/snapshot.1_233 took: 177 ms
2023-07-12 21:55:08,020 [1168ba7a-e337-4443-965f-a0107b7c0c08-impl-thread3] INFO  server.RaftServer$Division (ServerState.java:close(472)) - 1168ba7a-e337-4443-965f-a0107b7c0c08@group-478376072D79: closes. applyIndex: 198
2023-07-12 21:55:08,020 [1168ba7a-e337-4443-965f-a0107b7c0c08@group-56FF926B43B3-StateMachineUpdater] INFO  impl.StateMachineUpdater (StateMachineUpdater.java:takeSnapshot(291)) - 1168ba7a-e337-4443-965f-a0107b7c0c08@group-56FF926B43B3-StateMachineUpdater: Took a snapshot at index 233
2023-07-12 21:55:08,020 [1168ba7a-e337-4443-965f-a0107b7c0c08@group-56FF926B43B3-StateMachineUpdater] INFO  impl.StateMachineUpdater (StateMachineUpdater.java:lambda$new$0(97)) - 1168ba7a-e337-4443-965f-a0107b7c0c08@group-56FF926B43B3-StateMachineUpdater: snapshotIndex: updateIncreasingly -1 -> 233
2023-07-12 21:55:08,020 [1168ba7a-e337-4443-965f-a0107b7c0c08-impl-thread2] INFO  server.RaftServer$Division (ServerState.java:close(472)) - 1168ba7a-e337-4443-965f-a0107b7c0c08@group-56FF926B43B3: closes. applyIndex: 233
2023-07-12 21:55:08,204 [1168ba7a-e337-4443-965f-a0107b7c0c08-impl-thread1] INFO  segmented.SegmentedRaftLogWorker (SegmentedRaftLogWorker.java:close(252)) - 1168ba7a-e337-4443-965f-a0107b7c0c08@group-B14FDF2BC333-SegmentedRaftLogWorker close()
2023-07-12 21:55:08,589 [840e6222-e2bf-4d59-97a6-2daf7d45cde1-impl-thread1] INFO  segmented.SegmentedRaftLogWorker (SegmentedRaftLogWorker.java:close(252)) - 840e6222-e2bf-4d59-97a6-2daf7d45cde1@group-7076804DB5F9-SegmentedRaftLogWorker close()
2023-07-12 21:55:08,617 [840e6222-e2bf-4d59-97a6-2daf7d45cde1-impl-thread2] INFO  segmented.SegmentedRaftLogWorker (SegmentedRaftLogWorker.java:close(252)) - 840e6222-e2bf-4d59-97a6-2daf7d45cde1@group-56FF926B43B3-SegmentedRaftLogWorker close()
2023-07-12 21:55:08,630 [1168ba7a-e337-4443-965f-a0107b7c0c08-impl-thread2] INFO  segmented.SegmentedRaftLogWorker (SegmentedRaftLogWorker.java:close(252)) - 1168ba7a-e337-4443-965f-a0107b7c0c08@group-56FF926B43B3-SegmentedRaftLogWorker close()
2023-07-12 21:55:08,630 [a280a4f0-76da-400d-9632-7196842d80a6-impl-thread2] INFO  segmented.SegmentedRaftLogWorker (SegmentedRaftLogWorker.java:close(252)) - a280a4f0-76da-400d-9632-7196842d80a6@group-56FF926B43B3-SegmentedRaftLogWorker close()
2023-07-12 21:55:08,792 [a280a4f0-76da-400d-9632-7196842d80a6-impl-thread3] INFO  segmented.SegmentedRaftLogWorker (SegmentedRaftLogWorker.java:close(252)) - a280a4f0-76da-400d-9632-7196842d80a6@group-478376072D79-SegmentedRaftLogWorker close()
2023-07-12 21:55:08,804 [1168ba7a-e337-4443-965f-a0107b7c0c08-impl-thread3] INFO  segmented.SegmentedRaftLogWorker (SegmentedRaftLogWorker.java:close(252)) - 1168ba7a-e337-4443-965f-a0107b7c0c08@group-478376072D79-SegmentedRaftLogWorker close()
2023-07-12 21:55:08,805 [JvmPauseMonitor12] INFO  util.JvmPauseMonitor (JvmPauseMonitor.java:run(109)) - JvmPauseMonitor-1168ba7a-e337-4443-965f-a0107b7c0c08: Stopped
2023-07-12 21:55:08,807 [840e6222-e2bf-4d59-97a6-2daf7d45cde1-impl-thread3] INFO  segmented.SegmentedRaftLogWorker (SegmentedRaftLogWorker.java:close(252)) - 840e6222-e2bf-4d59-97a6-2daf7d45cde1@group-478376072D79-SegmentedRaftLogWorker close()
2023-07-12 21:55:08,807 [JvmPauseMonitor13] INFO  util.JvmPauseMonitor (JvmPauseMonitor.java:run(109)) - JvmPauseMonitor-840e6222-e2bf-4d59-97a6-2daf7d45cde1: Stopped
2023-07-12 21:55:08,879 [a280a4f0-76da-400d-9632-7196842d80a6-impl-thread1] INFO  segmented.SegmentedRaftLogWorker (SegmentedRaftLogWorker.java:close(252)) - a280a4f0-76da-400d-9632-7196842d80a6@group-F37944C89CF9-SegmentedRaftLogWorker close()
2023-07-12 21:55:08,879 [JvmPauseMonitor14] INFO  util.JvmPauseMonitor (JvmPauseMonitor.java:run(109)) - JvmPauseMonitor-a280a4f0-76da-400d-9632-7196842d80a6: Stopped
2023-07-12 21:55:10,808 [ForkJoinPool.commonPool-worker-3] INFO  utils.DatanodeStoreCache (DatanodeStoreCache.java:shutdownCache(110)) - Skip clearing cache in mini cluster mode. Entries left: [/home/runner/work/ozone/ozone/hadoop-ozone/integration-test/target/test-dir/MiniOzoneClusterImpl-cd6376e5-088e-4fb5-a36e-c0bbc8ba407a/datanode-0/data-0/containers/hdds/cd6376e5-088e-4fb5-a36e-c0bbc8ba407a/DS-74569728-f1e1-42b2-88a4-f3f9800a61c0/container.db, /home/runner/work/ozone/ozone/hadoop-ozone/integration-test/target/test-dir/MiniOzoneClusterImpl-cd6376e5-088e-4fb5-a36e-c0bbc8ba407a/datanode-1/data-0/containers/hdds/cd6376e5-088e-4fb5-a36e-c0bbc8ba407a/DS-2d08f551-a0ad-404c-ace6-825dbe808c01/container.db, /home/runner/work/ozone/ozone/hadoop-ozone/integration-test/target/test-dir/MiniOzoneClusterImpl-cd6376e5-088e-4fb5-a36e-c0bbc8ba407a/datanode-2/data-0/containers/hdds/cd6376e5-088e-4fb5-a36e-c0bbc8ba407a/DS-df472120-32fc-46c5-979d-8a8184d2c229/container.db]
2023-07-12 21:55:10,810 [ForkJoinPool.commonPool-worker-3] INFO  utils.DatanodeStoreCache (DatanodeStoreCache.java:removeDB(104)) - Removed db /home/runner/work/ozone/ozone/hadoop-ozone/integration-test/target/test-dir/MiniOzoneClusterImpl-cd6376e5-088e-4fb5-a36e-c0bbc8ba407a/datanode-0/data-0/containers/hdds/cd6376e5-088e-4fb5-a36e-c0bbc8ba407a/DS-74569728-f1e1-42b2-88a4-f3f9800a61c0/container.db from cache
2023-07-12 21:55:10,810 [ForkJoinPool.commonPool-worker-3] INFO  volume.HddsVolume (HddsVolume.java:closeDbStore(509)) - SchemaV3 db is stopped at /home/runner/work/ozone/ozone/hadoop-ozone/integration-test/target/test-dir/MiniOzoneClusterImpl-cd6376e5-088e-4fb5-a36e-c0bbc8ba407a/datanode-0/data-0/containers/hdds/cd6376e5-088e-4fb5-a36e-c0bbc8ba407a/DS-74569728-f1e1-42b2-88a4-f3f9800a61c0/container.db for volume DS-74569728-f1e1-42b2-88a4-f3f9800a61c0
2023-07-12 21:55:10,811 [ForkJoinPool.commonPool-worker-3] INFO  utils.BackgroundService (BackgroundService.java:shutdown(141)) - Shutting down service BlockDeletingService
2023-07-12 21:55:10,811 [main] INFO  utils.DatanodeStoreCache (DatanodeStoreCache.java:shutdownCache(110)) - Skip clearing cache in mini cluster mode. Entries left: [/home/runner/work/ozone/ozone/hadoop-ozone/integration-test/target/test-dir/MiniOzoneClusterImpl-cd6376e5-088e-4fb5-a36e-c0bbc8ba407a/datanode-1/data-0/containers/hdds/cd6376e5-088e-4fb5-a36e-c0bbc8ba407a/DS-2d08f551-a0ad-404c-ace6-825dbe808c01/container.db, /home/runner/work/ozone/ozone/hadoop-ozone/integration-test/target/test-dir/MiniOzoneClusterImpl-cd6376e5-088e-4fb5-a36e-c0bbc8ba407a/datanode-2/data-0/containers/hdds/cd6376e5-088e-4fb5-a36e-c0bbc8ba407a/DS-df472120-32fc-46c5-979d-8a8184d2c229/container.db]
2023-07-12 21:55:10,813 [main] INFO  utils.DatanodeStoreCache (DatanodeStoreCache.java:removeDB(104)) - Removed db /home/runner/work/ozone/ozone/hadoop-ozone/integration-test/target/test-dir/MiniOzoneClusterImpl-cd6376e5-088e-4fb5-a36e-c0bbc8ba407a/datanode-1/data-0/containers/hdds/cd6376e5-088e-4fb5-a36e-c0bbc8ba407a/DS-2d08f551-a0ad-404c-ace6-825dbe808c01/container.db from cache
2023-07-12 21:55:10,813 [main] INFO  volume.HddsVolume (HddsVolume.java:closeDbStore(509)) - SchemaV3 db is stopped at /home/runner/work/ozone/ozone/hadoop-ozone/integration-test/target/test-dir/MiniOzoneClusterImpl-cd6376e5-088e-4fb5-a36e-c0bbc8ba407a/datanode-1/data-0/containers/hdds/cd6376e5-088e-4fb5-a36e-c0bbc8ba407a/DS-2d08f551-a0ad-404c-ace6-825dbe808c01/container.db for volume DS-2d08f551-a0ad-404c-ace6-825dbe808c01
2023-07-12 21:55:10,813 [main] INFO  utils.BackgroundService (BackgroundService.java:shutdown(141)) - Shutting down service BlockDeletingService
2023-07-12 21:55:10,813 [main] INFO  utils.BackgroundService (BackgroundService.java:shutdown(141)) - Shutting down service StaleRecoveringContainerScrubbingService
2023-07-12 21:55:10,814 [ForkJoinPool.commonPool-worker-3] INFO  utils.BackgroundService (BackgroundService.java:shutdown(141)) - Shutting down service StaleRecoveringContainerScrubbingService
2023-07-12 21:55:10,815 [ForkJoinPool.commonPool-worker-3] INFO  statemachine.DatanodeStateMachine (DatanodeStateMachine.java:stopDaemon(613)) - Ozone container server stopped.
2023-07-12 21:55:10,817 [main] INFO  statemachine.DatanodeStateMachine (DatanodeStateMachine.java:stopDaemon(613)) - Ozone container server stopped.
2023-07-12 21:55:10,830 [ForkJoinPool.commonPool-worker-3] INFO  handler.ContextHandler (ContextHandler.java:doStop(1159)) - Stopped o.e.j.w.WebAppContext@34c425fb{hddsDatanode,/,null,STOPPED}{jar:file:/home/runner/.m2/repository/org/apache/ozone/hdds-container-service/1.4.0-SNAPSHOT/hdds-container-service-1.4.0-SNAPSHOT.jar!/webapps/hddsDatanode}
2023-07-12 21:55:10,831 [ForkJoinPool.commonPool-worker-3] INFO  server.AbstractConnector (AbstractConnector.java:doStop(383)) - Stopped ServerConnector@6a939fb2{HTTP/1.1, (http/1.1)}{0.0.0.0:15079}
2023-07-12 21:55:10,831 [ForkJoinPool.commonPool-worker-3] INFO  server.session (HouseKeeper.java:stopScavenging(149)) - node0 Stopped scavenging
2023-07-12 21:55:10,833 [ForkJoinPool.commonPool-worker-3] INFO  handler.ContextHandler (ContextHandler.java:doStop(1159)) - Stopped o.e.j.s.ServletContextHandler@5f3e9919{static,/static,jar:file:/home/runner/.m2/repository/org/apache/ozone/hdds-container-service/1.4.0-SNAPSHOT/hdds-container-service-1.4.0-SNAPSHOT.jar!/webapps/static,STOPPED}
2023-07-12 21:55:10,833 [ForkJoinPool.commonPool-worker-3] INFO  handler.ContextHandler (ContextHandler.java:doStop(1159)) - Stopped o.e.j.s.ServletContextHandler@1a6c58b5{logs,/logs,file:///home/runner/work/ozone/ozone/hadoop-ozone/integration-test/target/log,STOPPED}
2023-07-12 21:55:10,834 [ForkJoinPool.commonPool-worker-3] INFO  ozone.HddsDatanodeClientProtocolServer (HddsDatanodeClientProtocolServer.java:stop(78)) - Stopping the RPC server for Client Protocol
2023-07-12 21:55:10,834 [ForkJoinPool.commonPool-worker-3] INFO  ipc.Server (Server.java:stop(3523)) - Stopping server on 15080
2023-07-12 21:55:10,835 [main] INFO  handler.ContextHandler (ContextHandler.java:doStop(1159)) - Stopped o.e.j.w.WebAppContext@287acdcd{hddsDatanode,/,null,STOPPED}{jar:file:/home/runner/.m2/repository/org/apache/ozone/hdds-container-service/1.4.0-SNAPSHOT/hdds-container-service-1.4.0-SNAPSHOT.jar!/webapps/hddsDatanode}
2023-07-12 21:55:10,836 [IPC Server Responder] INFO  ipc.Server (Server.java:run(1567)) - Stopping IPC Server Responder
2023-07-12 21:55:10,836 [IPC Server listener on 15080] INFO  ipc.Server (Server.java:run(1434)) - Stopping IPC Server listener on 15080
2023-07-12 21:55:10,838 [main] INFO  server.AbstractConnector (AbstractConnector.java:doStop(383)) - Stopped ServerConnector@39513f6d{HTTP/1.1, (http/1.1)}{0.0.0.0:15088}
2023-07-12 21:55:10,838 [main] INFO  server.session (HouseKeeper.java:stopScavenging(149)) - node0 Stopped scavenging
2023-07-12 21:55:10,839 [main] INFO  handler.ContextHandler (ContextHandler.java:doStop(1159)) - Stopped o.e.j.s.ServletContextHandler@5ed4011a{static,/static,jar:file:/home/runner/.m2/repository/org/apache/ozone/hdds-container-service/1.4.0-SNAPSHOT/hdds-container-service-1.4.0-SNAPSHOT.jar!/webapps/static,STOPPED}
2023-07-12 21:55:10,839 [main] INFO  handler.ContextHandler (ContextHandler.java:doStop(1159)) - Stopped o.e.j.s.ServletContextHandler@11705780{logs,/logs,file:///home/runner/work/ozone/ozone/hadoop-ozone/integration-test/target/log,STOPPED}
2023-07-12 21:55:10,839 [main] INFO  ozone.HddsDatanodeClientProtocolServer (HddsDatanodeClientProtocolServer.java:stop(78)) - Stopping the RPC server for Client Protocol
2023-07-12 21:55:10,840 [main] INFO  ipc.Server (Server.java:stop(3523)) - Stopping server on 15089
2023-07-12 21:55:10,845 [IPC Server listener on 15089] INFO  ipc.Server (Server.java:run(1434)) - Stopping IPC Server listener on 15089
2023-07-12 21:55:10,845 [IPC Server Responder] INFO  ipc.Server (Server.java:run(1567)) - Stopping IPC Server Responder
2023-07-12 21:55:10,881 [ForkJoinPool.commonPool-worker-0] INFO  utils.DatanodeStoreCache (DatanodeStoreCache.java:shutdownCache(110)) - Skip clearing cache in mini cluster mode. Entries left: [/home/runner/work/ozone/ozone/hadoop-ozone/integration-test/target/test-dir/MiniOzoneClusterImpl-cd6376e5-088e-4fb5-a36e-c0bbc8ba407a/datanode-2/data-0/containers/hdds/cd6376e5-088e-4fb5-a36e-c0bbc8ba407a/DS-df472120-32fc-46c5-979d-8a8184d2c229/container.db]
2023-07-12 21:55:10,883 [ForkJoinPool.commonPool-worker-0] INFO  utils.DatanodeStoreCache (DatanodeStoreCache.java:removeDB(104)) - Removed db /home/runner/work/ozone/ozone/hadoop-ozone/integration-test/target/test-dir/MiniOzoneClusterImpl-cd6376e5-088e-4fb5-a36e-c0bbc8ba407a/datanode-2/data-0/containers/hdds/cd6376e5-088e-4fb5-a36e-c0bbc8ba407a/DS-df472120-32fc-46c5-979d-8a8184d2c229/container.db from cache
2023-07-12 21:55:10,883 [ForkJoinPool.commonPool-worker-0] INFO  volume.HddsVolume (HddsVolume.java:closeDbStore(509)) - SchemaV3 db is stopped at /home/runner/work/ozone/ozone/hadoop-ozone/integration-test/target/test-dir/MiniOzoneClusterImpl-cd6376e5-088e-4fb5-a36e-c0bbc8ba407a/datanode-2/data-0/containers/hdds/cd6376e5-088e-4fb5-a36e-c0bbc8ba407a/DS-df472120-32fc-46c5-979d-8a8184d2c229/container.db for volume DS-df472120-32fc-46c5-979d-8a8184d2c229
2023-07-12 21:55:10,884 [ForkJoinPool.commonPool-worker-0] INFO  utils.BackgroundService (BackgroundService.java:shutdown(141)) - Shutting down service BlockDeletingService
2023-07-12 21:55:10,885 [ForkJoinPool.commonPool-worker-0] INFO  utils.BackgroundService (BackgroundService.java:shutdown(141)) - Shutting down service StaleRecoveringContainerScrubbingService
2023-07-12 21:55:10,885 [ForkJoinPool.commonPool-worker-0] INFO  statemachine.DatanodeStateMachine (DatanodeStateMachine.java:stopDaemon(613)) - Ozone container server stopped.
2023-07-12 21:55:10,897 [ForkJoinPool.commonPool-worker-0] INFO  handler.ContextHandler (ContextHandler.java:doStop(1159)) - Stopped o.e.j.w.WebAppContext@75b180d0{hddsDatanode,/,null,STOPPED}{jar:file:/home/runner/.m2/repository/org/apache/ozone/hdds-container-service/1.4.0-SNAPSHOT/hdds-container-service-1.4.0-SNAPSHOT.jar!/webapps/hddsDatanode}
2023-07-12 21:55:10,897 [ForkJoinPool.commonPool-worker-0] INFO  server.AbstractConnector (AbstractConnector.java:doStop(383)) - Stopped ServerConnector@57ba5be{HTTP/1.1, (http/1.1)}{0.0.0.0:15097}
2023-07-12 21:55:10,897 [ForkJoinPool.commonPool-worker-0] INFO  server.session (HouseKeeper.java:stopScavenging(149)) - node0 Stopped scavenging
2023-07-12 21:55:10,898 [ForkJoinPool.commonPool-worker-0] INFO  handler.ContextHandler (ContextHandler.java:doStop(1159)) - Stopped o.e.j.s.ServletContextHandler@1449ffba{static,/static,jar:file:/home/runner/.m2/repository/org/apache/ozone/hdds-container-service/1.4.0-SNAPSHOT/hdds-container-service-1.4.0-SNAPSHOT.jar!/webapps/static,STOPPED}
2023-07-12 21:55:10,898 [ForkJoinPool.commonPool-worker-0] INFO  handler.ContextHandler (ContextHandler.java:doStop(1159)) - Stopped o.e.j.s.ServletContextHandler@3fa13e52{logs,/logs,file:///home/runner/work/ozone/ozone/hadoop-ozone/integration-test/target/log,STOPPED}
2023-07-12 21:55:10,899 [ForkJoinPool.commonPool-worker-0] INFO  ozone.HddsDatanodeClientProtocolServer (HddsDatanodeClientProtocolServer.java:stop(78)) - Stopping the RPC server for Client Protocol
2023-07-12 21:55:10,899 [ForkJoinPool.commonPool-worker-0] INFO  ipc.Server (Server.java:stop(3523)) - Stopping server on 15098
2023-07-12 21:55:10,900 [IPC Server listener on 15098] INFO  ipc.Server (Server.java:run(1434)) - Stopping IPC Server listener on 15098
2023-07-12 21:55:10,900 [IPC Server Responder] INFO  ipc.Server (Server.java:run(1567)) - Stopping IPC Server Responder
2023-07-12 21:55:10,901 [main] INFO  ozone.MiniOzoneClusterImpl (MiniOzoneClusterImpl.java:stopSCM(543)) - Stopping the StorageContainerManager
2023-07-12 21:55:10,901 [main] INFO  server.StorageContainerManager (StorageContainerManager.java:stop(1590)) - Container Balancer is not running.
2023-07-12 21:55:10,902 [main] INFO  server.StorageContainerManager (StorageContainerManager.java:stopReplicationManager(1723)) - Stopping Replication Manager Service.
2023-07-12 21:55:10,902 [main] INFO  replication.ReplicationManager (ReplicationManager.java:stop(319)) - Stopping Replication Monitor Thread.
2023-07-12 21:55:10,902 [main] INFO  server.StorageContainerManager (StorageContainerManager.java:stop(1599)) - Stopping the Datanode Admin Monitor.
2023-07-12 21:55:10,902 [Over Replicated Processor] WARN  replication.UnhealthyReplicationProcessor (UnhealthyReplicationProcessor.java:run(180)) - Over Replicated Processor interrupted. Exiting...
2023-07-12 21:55:10,902 [main] INFO  server.StorageContainerManager (StorageContainerManager.java:stop(1606)) - Stopping datanode service RPC server
2023-07-12 21:55:10,902 [ReplicationMonitor] INFO  replication.ReplicationManager (ReplicationManager.java:run(917)) - Replication Monitor Thread is stopped
2023-07-12 21:55:10,902 [main] INFO  server.SCMDatanodeProtocolServer (SCMDatanodeProtocolServer.java:stop(424)) - Stopping the RPC server for DataNodes
2023-07-12 21:55:10,902 [main] INFO  ipc.Server (Server.java:stop(3523)) - Stopping server on 15072
2023-07-12 21:55:10,902 [Under Replicated Processor] WARN  replication.UnhealthyReplicationProcessor (UnhealthyReplicationProcessor.java:run(180)) - Under Replicated Processor interrupted. Exiting...
2023-07-12 21:55:10,903 [IPC Server listener on 15072] INFO  ipc.Server (Server.java:run(1434)) - Stopping IPC Server listener on 15072
2023-07-12 21:55:10,904 [IPC Server Responder] INFO  ipc.Server (Server.java:run(1567)) - Stopping IPC Server Responder
2023-07-12 21:55:10,952 [SCM Heartbeat Processing Thread - 0] WARN  node.NodeStateManager (NodeStateManager.java:scheduleNextHealthCheck(874)) - Current Thread is interrupted, shutting down HB processing thread for Node Manager.
2023-07-12 21:55:10,952 [main] INFO  server.StorageContainerManager (StorageContainerManager.java:stop(1614)) - Stopping block service RPC server
2023-07-12 21:55:10,952 [main] INFO  server.SCMBlockProtocolServer (SCMBlockProtocolServer.java:stop(161)) - Stopping the RPC server for Block Protocol
2023-07-12 21:55:10,952 [main] INFO  ipc.Server (Server.java:stop(3523)) - Stopping server on 15071
2023-07-12 21:55:10,954 [IPC Server listener on 15071] INFO  ipc.Server (Server.java:run(1434)) - Stopping IPC Server listener on 15071
2023-07-12 21:55:10,954 [IPC Server Responder] INFO  ipc.Server (Server.java:run(1567)) - Stopping IPC Server Responder
2023-07-12 21:55:10,955 [main] INFO  server.StorageContainerManager (StorageContainerManager.java:stop(1621)) - Stopping the StorageContainerLocationProtocol RPC server
2023-07-12 21:55:10,955 [main] INFO  server.SCMClientProtocolServer (SCMClientProtocolServer.java:stop(209)) - Stopping the RPC server for Client Protocol
2023-07-12 21:55:10,955 [main] INFO  ipc.Server (Server.java:stop(3523)) - Stopping server on 15070
2023-07-12 21:55:10,959 [IPC Server listener on 15070] INFO  ipc.Server (Server.java:run(1434)) - Stopping IPC Server listener on 15070
2023-07-12 21:55:10,960 [IPC Server Responder] INFO  ipc.Server (Server.java:run(1567)) - Stopping IPC Server Responder
2023-07-12 21:55:10,960 [main] INFO  server.StorageContainerManager (StorageContainerManager.java:stop(1628)) - Stopping Storage Container Manager HTTP server.
2023-07-12 21:55:10,961 [main] INFO  handler.ContextHandler (ContextHandler.java:doStop(1159)) - Stopped o.e.j.w.WebAppContext@3bb4cb24{scm,/,null,STOPPED}{file:/home/runner/work/ozone/ozone/hadoop-ozone/integration-test/target/test-classes/webapps/scm}
2023-07-12 21:55:10,961 [main] INFO  server.AbstractConnector (AbstractConnector.java:doStop(383)) - Stopped ServerConnector@14157883{HTTP/1.1, (http/1.1)}{0.0.0.0:15073}
2023-07-12 21:55:10,961 [main] INFO  server.session (HouseKeeper.java:stopScavenging(149)) - node0 Stopped scavenging
2023-07-12 21:55:10,961 [main] INFO  handler.ContextHandler (ContextHandler.java:doStop(1159)) - Stopped o.e.j.s.ServletContextHandler@e95b6ca{static,/static,file:///home/runner/work/ozone/ozone/hadoop-ozone/integration-test/target/test-classes/webapps/static,STOPPED}
2023-07-12 21:55:10,961 [main] INFO  handler.ContextHandler (ContextHandler.java:doStop(1159)) - Stopped o.e.j.s.ServletContextHandler@3601da5{logs,/logs,file:///home/runner/work/ozone/ozone/hadoop-ozone/integration-test/target/log,STOPPED}
2023-07-12 21:55:10,962 [main] INFO  server.StorageContainerManager (StorageContainerManager.java:stop(1636)) - Stopping SCM LayoutVersionManager Service.
2023-07-12 21:55:10,962 [main] INFO  server.StorageContainerManager (StorageContainerManager.java:stop(1648)) - Stopping Block Manager Service.
2023-07-12 21:55:10,962 [main] INFO  utils.BackgroundService (BackgroundService.java:shutdown(141)) - Shutting down service SCMBlockDeletingService
2023-07-12 21:55:10,962 [main] INFO  utils.BackgroundService (BackgroundService.java:shutdown(141)) - Shutting down service SCMBlockDeletingService
2023-07-12 21:55:10,962 [main] INFO  server.StorageContainerManager (StorageContainerManager.java:stop(1668)) - Stopping SCM Event Queue.
2023-07-12 21:55:10,963 [JvmPauseMonitor10] INFO  util.JvmPauseMonitor (JvmPauseMonitor.java:run(109)) - JvmPauseMonitor-8e7a28c2-a2b1-41f0-b08e-01e652948a07: Stopped
2023-07-12 21:55:10,963 [main] INFO  server.StorageContainerManager (StorageContainerManager.java:stop(1679)) - Stopping SCM HA services.
2023-07-12 21:55:10,963 [main] INFO  pipeline.BackgroundPipelineCreator (BackgroundPipelineCreator.java:stop(149)) - Stopping RatisPipelineUtilsThread.
2023-07-12 21:55:10,965 [RatisPipelineUtilsThread - 0] WARN  pipeline.BackgroundPipelineCreator (BackgroundPipelineCreator.java:run(180)) - RatisPipelineUtilsThread is interrupted.
2023-07-12 21:55:10,965 [main] INFO  BackgroundPipelineScrubber (BackgroundSCMService.java:stop(131)) - Stopping BackgroundPipelineScrubber Service.
2023-07-12 21:55:10,965 [BackgroundPipelineScrubberThread] WARN  BackgroundPipelineScrubber (BackgroundSCMService.java:run(115)) - BackgroundPipelineScrubber is interrupted, exit
2023-07-12 21:55:10,965 [main] INFO  impl.MetricsSystemImpl (MetricsSystemImpl.java:stop(210)) - Stopping HddsDatanode metrics system...
2023-07-12 21:55:10,966 [prometheus] INFO  impl.MetricsSinkAdapter (MetricsSinkAdapter.java:publishMetricsFromQueue(141)) - prometheus thread interrupted.
2023-07-12 21:55:10,967 [main] INFO  impl.MetricsSystemImpl (MetricsSystemImpl.java:stop(216)) - HddsDatanode metrics system stopped.
2023-07-12 21:55:10,967 [main] WARN  pipeline.BackgroundPipelineCreator (BackgroundPipelineCreator.java:stop(145)) - RatisPipelineUtilsThread is not running, just ignore.
2023-07-12 21:55:10,967 [main] INFO  BackgroundPipelineScrubber (BackgroundSCMService.java:stop(126)) - BackgroundPipelineScrubber Service is not running, skip stop.
2023-07-12 21:55:10,967 [main] INFO  ExpiredContainerReplicaOpScrubber (BackgroundSCMService.java:stop(131)) - Stopping ExpiredContainerReplicaOpScrubber Service.
2023-07-12 21:55:10,967 [main] INFO  utils.BackgroundService (BackgroundService.java:shutdown(141)) - Shutting down service SCMBlockDeletingService
2023-07-12 21:55:10,967 [ExpiredContainerReplicaOpScrubberThread] WARN  ExpiredContainerReplicaOpScrubber (BackgroundSCMService.java:run(115)) - ExpiredContainerReplicaOpScrubber is interrupted, exit
2023-07-12 21:55:10,967 [main] INFO  replication.ReplicationManager (ReplicationManager.java:stop(329)) - Replication Monitor Thread is not running.
2023-07-12 21:55:10,968 [main] WARN  balancer.ContainerBalancer (ContainerBalancer.java:stop(326)) - Cannot stop Container Balancer because it's not running or stopping
2023-07-12 21:55:10,968 [Lease Manager-LeaseManager#LeaseMonitor] WARN  lease.LeaseManager (LeaseManager.java:run(272)) - Lease manager is interrupted. Shutting down...
java.lang.InterruptedException
	at java.util.concurrent.locks.AbstractQueuedSynchronizer.doAcquireSharedNanos(AbstractQueuedSynchronizer.java:1039)
	at java.util.concurrent.locks.AbstractQueuedSynchronizer.tryAcquireSharedNanos(AbstractQueuedSynchronizer.java:1328)
	at java.util.concurrent.Semaphore.tryAcquire(Semaphore.java:409)
	at org.apache.hadoop.ozone.lease.LeaseManager$LeaseMonitor.run(LeaseManager.java:270)
	at java.lang.Thread.run(Thread.java:750)
2023-07-12 21:55:10,968 [main] INFO  server.StorageContainerManager (StorageContainerManager.java:stop(1714)) - Stopping SCM MetadataStore.
]]></system-out>
  </testcase>
</testsuite>